<?xml version="1.0" encoding="UTF-8" ?>
<testsuite errors="1" failures="1" hostname="travis-job-5f84d16a-12a2-4702-9d5b-8c3b84139754" name="ptolemy.actor.lib.test.junit.JUnitTclTest" skipped="0" tests="517" time="63.655" timestamp="2019-07-10T22:34:49">
  <properties>
    <property name="file.encoding.pkg" value="sun.io" />
    <property name="npm.executable" value="npm" />
    <property name="env.TRAVIS_ROOT" value="/" />
    <property name="ptII.mk.exists" value="true" />
    <property name="env.TRAVIS_APP_HOST" value="build.travis-ci.org" />
    <property name="env.rvm_bin_path" value="/home/travis/.rvm/bin" />
    <property name="java.home" value="/usr/local/lib/jvm/openjdk10" />
    <property name="env.TRAVIS_JOB_NUMBER" value="1213.8" />
    <property name="env.TRAVIS_HOME" value="/home/travis" />
    <property name="env.DISPLAY" value=":99.0" />
    <property name="env.TRAVIS_INIT" value="systemd" />
    <property name="env.SSH_TTY" value="/dev/pts/0" />
    <property name="java.net.preferIPv4Stack" value="true" />
    <property name="env.RUN_TESTS" value="true" />
    <property name="timeout.short" value="1000000" />
    <property name="junit.formatter" value="xml" />
    <property name="env.TRAVIS_SUDO" value="true" />
    <property name="env.TRAVIS_JOB_NAME" value="" />
    <property name="env.TRAVIS_STACK_NODE_ATTRIBUTES" value="/.node-attributes.yml" />
    <property name="env.LOGNAME" value="travis" />
    <property name="env.PT_TRAVIS_TEST_CORE1_XML" value="true" />
    <property name="jsdoc.home" value="node_modules/@terraswarm/jsdoc" />
    <property name="debuglevel" value="source,lines,vars" />
    <property name="checkstyle.formatter" value="xml" />
    <property name="env._system_version" value="16.04" />
    <property name="bin.vergil.makeable" value="true" />
    <property name="sun.os.patch.level" value="unknown" />
    <property name="java.vendor.url" value="http://java.oracle.com/" />
    <property name="env.TRAVIS_BUILD_WEB_URL" value="https://travis-ci.org/icyphy/ptII/builds/557022256" />
    <property name="java.version" value="10.0.2" />
    <property name="env.TZ" value="UTC" />
    <property name="env.TRAVIS_PULL_REQUEST_SHA" value="" />
    <property name="env.PT_NO_NET" value="true" />
    <property name="env.TRAVIS_SECURE_ENV_VARS" value="true" />
    <property name="env._system_type" value="Linux" />
    <property name="java.vendor.url.bug" value="http://bugreport.java.com/bugreport/" />
    <property name="npmjs-org-is-up" value="true" />
    <property name="env.LANGUAGE" value="en_US.UTF-8" />
    <property name="env.SSH_CLIENT" value="10.10.4.250 47990 22" />
    <property name="env.GEM_HOME" value="/home/travis/.rvm/gems/ruby-2.5.3" />
    <property name="env.HAS_ANTARES_THREE_LITTLE_FRONZIES_BADGE" value="true" />
    <property name="java.version.date" value="2018-07-17" />
    <property name="env.PS4" value="+" />
    <property name="ant.project.invoked-targets" value="build,test.core1.xml" />
    <property name="env.TRAVIS_PULL_REQUEST_BRANCH" value="" />
    <property name="env.TRAVIS_REPO_SLUG" value="icyphy/ptII" />
    <property name="env.XDG_DATA_DIRS" value="/usr/local/share:/usr/share:/var/lib/snapd/desktop" />
    <property name="jdk.debug" value="release" />
    <property name="env.TRAVIS_APT_PROXY" value="http://apt.cache.travis-ci.com" />
    <property name="node.in.path" value="true" />
    <property name="user.name" value="travis" />
    <property name="java.maxmemory" value="1400m" />
    <property name="env.RUBY_VERSION" value="ruby-2.5.3" />
    <property name="env.LANG" value="en_US.UTF-8" />
    <property name="sun.io.unicode.encoding" value="UnicodeLittle" />
    <property name="sun.jnu.encoding" value="UTF-8" />
    <property name="java.runtime.name" value="OpenJDK Runtime Environment" />
    <property name="usefile" value="false" />
    <property name="return.code" value="0" />
    <property name="junit.single.formatter" value="plain" />
    <property name="env.DYLD_LIBRARY_PATH" value="/home/travis/pthla/certi-tools/lib:" />
    <property name="env.DEBIAN_FRONTEND" value="noninteractive" />
    <property name="env.SSH_CONNECTION" value="10.10.4.250 47990 10.20.0.30 22" />
    <property name="env.MYSQL_UNIX_PORT" value="/var/run/mysqld/mysqld.sock" />
    <property name="env.LC_ALL" value="en_US.UTF-8" />
    <property name="env.TRAVIS_ALLOW_FAILURE" value="false" />
    <property name="env.TRAVIS_JOB_WEB_URL" value="https://travis-ci.org/icyphy/ptII/jobs/557022272" />
    <property name="java.specification.name" value="Java Platform API Specification" />
    <property name="node.works" value="true" />
    <property name="user.timezone" value="" />
    <property name="path.separator" value=":" />
    <property name="env.TRAVIS_ENABLE_INFRA_DETECTION" value="true" />
    <property name="env.PYTHON_CFLAGS" value="-g -fstack-protector --param=ssp-buffer-size=4 -Wformat -Werror=format-security" />
    <property name="timeout.long" value="4000000" />
    <property name="env.CERTI_HOME" value="/home/travis/pthla/certi-tools" />
    <property name="ant.file.ptII" value="/home/travis/build/icyphy/ptII/build.xml" />
    <property name="javadoc.packagenames" value="com.*,diva.*,lbnl.*,org.hlacerti.*,org.json.*,org.ptolemy.*,org.terraswarm.*,ptolemy.*,ptserver.*" />
    <property name="file.encoding" value="UTF-8" />
    <property name="env.TRAVIS_PULL_REQUEST_SLUG" value="" />
    <property name="ant.project.default-target" value="build" />
    <property name="env.GIT_ASKPASS" value="echo" />
    <property name="env.HOME" value="/home/travis" />
    <property name="sun.java.command" value="org.apache.tools.ant.taskdefs.optional.junit.JUnitTestRunner ptolemy.actor.lib.test.junit.JUnitTclTest skipNonTests=false filtertrace=true haltOnError=false haltOnFailure=false formatter=org.apache.tools.ant.taskdefs.optional.junit.OutErrSummaryJUnitResultFormatter showoutput=true outputtoformatters=true logfailedtests=true threadid=0 logtestlistenerevents=false formatter=org.apache.tools.ant.taskdefs.optional.junit.XMLJUnitResultFormatter,/home/travis/build/icyphy/ptII/reports/junit/TEST-ptolemy.actor.lib.test.junit.JUnitTclTest.xml crashfile=/home/travis/build/icyphy/ptII/junitvmwatcher11179390481063799106.properties propsfile=/home/travis/build/icyphy/ptII/junit8032001226588734982.properties" />
    <property name="env.COMPOSER_NO_INTERACTION" value="1" />
    <property name="env.MANPATH" value="/home/travis/.nvm/versions/node/v7.10.1/share/man:/home/travis/.rvm/rubies/ruby-2.5.3/share/man:/usr/local/cmake-3.12.4/man:/usr/local/clang-7.0.0/share/man:/usr/local/man:/usr/local/share/man:/usr/share/man:/home/travis/.rvm/man" />
    <property name="env.TRAVIS_TIMER_ID" value="07a2e57a" />
    <property name="ant.file" value="/home/travis/build/icyphy/ptII/build.xml" />
    <property name="env.TRAVIS_COMMIT_RANGE" value="443a87601cf4...a68e3460e677" />
    <property name="env._system_name" value="Ubuntu" />
    <property name="ptII.classpath.optional.property" value="/home/travis/build/icyphy/ptII/lib/bsh-2.0b4.jar:/home/travis/build/icyphy/ptII/lib/ptCal.jar:/home/travis/build/icyphy/ptII/lib/java_cup.jar:/home/travis/build/icyphy/ptII/lib/saxon8.jar:/home/travis/build/icyphy/ptII/lib/saxon8-dom.jar:/home/travis/build/icyphy/ptII/lib/chic.jar:/home/travis/build/icyphy/ptII/lib/ptcolt.jar:/home/travis/build/icyphy/ptII/vendors/misc/itext/iText.jar:/home/travis/build/icyphy/ptII/lib/g4ltl.jar:/home/travis/build/icyphy/ptII/lib/StructuralCoder.jar:/home/travis/build/icyphy/ptII/vendors/jai-1_1_2_01/lib/jai_core.jar:/home/travis/build/icyphy/ptII/vendors/jai-1_1_2_01/lib/jai_codec.jar:/home/travis/build/icyphy/ptII/lib/jcerti.jar:/home/travis/build/icyphy/ptII/lib/javax.mail.jar:/usr/share/java/openjfx/jre/lib/ext/jfxrt.jar:/usr/lib/jvm/java-8-openjdk-amd64/jre/lib/ext/jfxrt.jar:/home/travis/build/icyphy/ptII/vendors/JMF-2.1.1e/lib/jmf.jar:/home/travis/build/icyphy/ptII/lib/jna-4.0.0-variadic.jar:/home/travis/build/icyphy/ptII/vendors/misc/joystick/Joystick.jar:/home/travis/build/icyphy/ptII/lib/ptjacl.jar:/home/travis/build/icyphy/ptII/lib/jsoup-1.8.2.jar:/home/travis/build/icyphy/ptII/lib/junit-4.8.2.jar:/home/travis/build/icyphy/ptII/lib/JUnitParams-0.4.0.jar:/home/travis/build/icyphy/ptII/ptolemy/actor/lib/excel/jxl.jar:/home/travis/build/icyphy/ptII/lib/jython.jar:/home/travis/build/icyphy/ptII/lib/kieler.jar:/home/travis/build/icyphy/ptII/lib/opencv-341.jar:/home/travis/build/icyphy/ptII/lib/oscP5.jar:/home/travis/build/icyphy/ptII/lib/nrjavaserial-3.11.0.devel.jar:/home/travis/build/icyphy/ptII/vendors/j3d/lib/j3dcore.jar:/home/travis/build/icyphy/ptII/vendors/j3d/lib/j3dutils.jar:/home/travis/build/icyphy/ptII/vendors/j3d/lib/vecmath.jar:/home/travis/build/icyphy/ptII/ptolemy/distributed/jini/jar/jini-core.jar:/home/travis/build/icyphy/ptII/ptolemy/distributed/jini/jar/jini-ext.jar:/home/travis/build/icyphy/ptII/ptolemy/distributed/jini/jar/sun-util.jar:/home/travis/build/icyphy/ptII/lib/protobuf-java-2.4.1.jar:/home/travis/build/icyphy/ptII/lib/org.eclipse.paho.client.mqttv3.jar:/home/travis/build/icyphy/ptII/lib/mapss.jar:/home/travis/build/icyphy/ptII/ptolemy/actor/ptalon/antlr/antlr.jar:/home/travis/build/icyphy/ptII/lib/JRI.jar:/home/travis/build/icyphy/ptII/lib/commons-lang-2.6.jar:/home/travis/build/icyphy/ptII/lib/commons-logging-1.1.1.jar:/home/travis/build/icyphy/ptII/lib/sootclasses.jar:/home/travis/build/icyphy/ptII/ptolemy/actor/lib/database/mysql-connector-java-5.1.6-bin.jar:/home/travis/build/icyphy/ptII/vendors/misc/sphinx4/sphinx4-data-5prealpha.jar:/home/travis/build/icyphy/ptII/vendors/misc/sphinx4/sphinx4-core-5prealpha.jar:/home/travis/build/icyphy/ptII/lib/PDFRenderer.jar:/home/travis/build/icyphy/ptII/lib/svgSalamander.jar:/home/travis/build/icyphy/ptII/lib/rsyntaxtextarea-2.6.0-SNAPSHOT.jar:/home/travis/build/icyphy/ptII/lib/hazelcast-3.8.2.jar:/home/travis/build/icyphy/ptII/lib/jackson-annotations-2.9.0.jar:/home/travis/build/icyphy/ptII/lib/jackson-core-2.9.3.jar:/home/travis/build/icyphy/ptII/lib/jackson-databind-2.9.3.jar:/home/travis/build/icyphy/ptII/lib/netty-buffer-4.1.19.Final.jar:/home/travis/build/icyphy/ptII/lib/netty-codec-4.1.19.Final.jar:/home/travis/build/icyphy/ptII/lib/netty-codec-dns-4.1.19.Final.jar:/home/travis/build/icyphy/ptII/lib/netty-codec-http-4.1.19.Final.jar:/home/travis/build/icyphy/ptII/lib/netty-codec-http2-4.1.19.Final.jar:/home/travis/build/icyphy/ptII/lib/netty-common-4.1.19.Final.jar:/home/travis/build/icyphy/ptII/lib/netty-handler-4.1.19.Final.jar:/home/travis/build/icyphy/ptII/lib/netty-resolver-4.1.19.Final.jar:/home/travis/build/icyphy/ptII/lib/netty-resolver-dns-4.1.19.Final.jar:/home/travis/build/icyphy/ptII/lib/netty-transport-4.1.19.Final.jar:/home/travis/build/icyphy/ptII/lib/vertx-codegen-3.5.1.jar:/home/travis/build/icyphy/ptII/lib/vertx-core-3.5.2-SNAPSHOT.jar:/home/travis/build/icyphy/ptII/lib/vertx-hazelcast-3.5.1.jar:/home/travis/build/icyphy/ptII/lib/vertx-lang-js-3.5.1.jar:/home/travis/build/icyphy/ptII/lib/vertx-service-proxy-3.5.1.jar:/home/travis/build/icyphy/ptII/lib/vertx-web-3.5.1.jar:/home/travis/build/icyphy/ptII/lib/slf4j-api-1.7.13.jar:/home/travis/build/icyphy/ptII/lib/slf4j-simple-1.7.13.jar:/home/travis/build/icyphy/ptII/lib/webcam-capture-0.3.12.jar:/home/travis/build/icyphy/ptII/lib/bridj-0.7.0.jar:/home/travis/build/icyphy/ptII/lib/xbjlib-1.1.0.nrjavaserial.jar" />
    <property name="timeout" value="2400000" />
    <property name="test.batch" value="**/junit/*.java" />
    <property name="env._" value="/usr/bin/timeout" />
    <property name="java.io.tmpdir" value="/tmp" />
    <property name="user.language" value="en" />
    <property name="env.TRAVIS_INTERNAL_RUBY_REGEX" value="^ruby-(2\.[0-4]\.[0-9]|1\.9\.3)" />
    <property name="env.HISTCONTROL" value="ignoredups:ignorespace" />
    <property name="env.GOROOT" value="/home/travis/.gimme/versions/go1.11.1.linux.amd64" />
    <property name="line.separator" value="&#xa;" />
    <property name="target" value="10" />
    <property name="env.TRAVIS_BUILD_DIR" value="/home/travis/build/icyphy/ptII" />
    <property name="env.ANT_OPTS" value="-Xmx2048m" />
    <property name="ant.file.type" value="file" />
    <property name="ptolemy.ptII.batchMode" value="true" />
    <property name="env.HISTSIZE" value="1000" />
    <property name="env.MERB_ENV" value="test" />
    <property name="java.vm.info" value="mixed mode" />
    <property name="source" value="10" />
    <property name="java.vm.specification.name" value="Java Virtual Machine Specification" />
    <property name="env.TRAVIS_TEST_RESULT" value="0" />
    <property name="jsdoc.command" value="node_modules/@terraswarm/jsdoc/jsdoc.js" />
    <property name="npm.works" value="true" />
    <property name="cobertura.dir" value="/home/travis/build/icyphy/ptII/vendors/cobertura-2.0.3" />
    <property name="jsdoc.command.exists" value="true" />
    <property name="env.rvm_path" value="/home/travis/.rvm" />
    <property name="env.GEM_PATH" value="/home/travis/.rvm/gems/ruby-2.5.3:/home/travis/.rvm/gems/ruby-2.5.3@global" />
    <property name="env.LC_CTYPE" value="en_US.UTF-8" />
    <property name="env.TRAVIS_CMD" value="$PTII/bin/ptIITravisBuild.sh $SECONDS" />
    <property name="java.awt.printerjob" value="sun.print.PSPrinterJob" />
    <property name="env.TRAVIS_STACK_NAME" value="sardonyx" />
    <property name="env.TRAVIS_TIMER_START_TIME" value="1562797422731458650" />
    <property name="ant.version" value="Apache Ant(TM) version 1.10.1 compiled on February 2 2017" />
    <property name="ptII.reports" value="/home/travis/build/icyphy/ptII/reports" />
    <property name="env.TRAVIS_STACK_TIMESTAMP" value="2019-03-25 16:16:56 UTC" />
    <property name="ant.file.type.ptII" value="file" />
    <property name="env.RBENV_SHELL" value="bash" />
    <property name="os.name" value="Linux" />
    <property name="java.specification.vendor" value="Oracle Corporation" />
    <property name="env.rvm_version" value="1.29.7 (latest)" />
    <property name="env.TRAVIS_INFRA" value="gce" />
    <property name="env.TERM" value="xterm" />
    <property name="java.vm.name" value="OpenJDK 64-Bit Server VM" />
    <property name="env.TRAVIS_BUILD_NUMBER" value="1213" />
    <property name="env.CI" value="true" />
    <property name="java.library.path" value="/home/travis/pthla/certi-tools/lib:/usr/lib/jni:/usr/local/share/OpenCV/java/:/usr/share/OpenCV/java::/usr/java/packages/lib:/usr/lib64:/lib64:/lib:/usr/lib" />
    <property name="env.rvm_prefix" value="/home/travis" />
    <property name="env.PATH" value="/home/travis/pthla/certi-tools/share/scripts:/home/travis/.rvm/gems/ruby-2.5.3/bin:/home/travis/.rvm/gems/ruby-2.5.3@global/bin:/home/travis/.rvm/rubies/ruby-2.5.3/bin:/home/travis/.rvm/bin:/home/travis/.nvm/versions/node/v7.10.1/bin:./node_modules/.bin:/home/travis/build/icyphy/ptII/bin:/home/travis/pthla/certi-tools/bin:/usr/local/lib/jvm/openjdk10/bin:/home/travis/bin:/home/travis/.local/bin:/usr/local/lib/jvm/openjdk11/bin:/opt/pyenv/shims:/home/travis/.phpenv/shims:/home/travis/perl5/perlbrew/bin:/home/travis/gopath/bin:/home/travis/.gimme/versions/go1.11.1.linux.amd64/bin:/usr/local/maven-3.6.0/bin:/usr/local/cmake-3.12.4/bin:/usr/local/clang-7.0.0/bin:/usr/local/sbin:/usr/local/bin:/usr/sbin:/usr/bin:/sbin:/bin:/snap/bin:/home/travis/.phpenv/bin:/opt/pyenv/bin:/home/travis/.yarn/bin" />
    <property name="env.TRAVIS_OS_NAME" value="linux" />
    <property name="ant.java.version" value="9" />
    <property name="basedir" value="/home/travis/build/icyphy/ptII" />
    <property name="java.class.version" value="54.0" />
    <property name="env.SHLVL" value="3" />
    <property name="env.LD_LIBRARY_PATH" value="/home/travis/pthla/certi-tools/lib:/usr/lib/jni:/usr/local/share/OpenCV/java/:/usr/share/OpenCV/java:" />
    <property name="env.RACK_ENV" value="test" />
    <property name="ant.home" value="/home/travis/build/icyphy/ptII/ant" />
    <property name="env.NVM_DIR" value="/home/travis/.nvm" />
    <property name="env.CERTI_FOM_PATH" value="/home/travis/pthla/certi-tools/share/federations" />
    <property name="env.TRAVIS_BUILD_ID" value="557022256" />
    <property name="env.PYENV_ROOT" value="/opt/pyenv" />
    <property name="env.TRAVIS_UID" value="2000" />
    <property name="env.NVM_BIN" value="/home/travis/.nvm/versions/node/v7.10.1/bin" />
    <property name="env.TRAVIS_COMMIT" value="a68e3460e677af115e0faff60bf01bba551d671e" />
    <property name="env._system_arch" value="x86_64" />
    <property name="node.executable" value="node" />
    <property name="sun.boot.library.path" value="/usr/local/lib/jvm/openjdk10/lib" />
    <property name="sun.management.compiler" value="HotSpot 64-Bit Tiered Compilers" />
    <property name="java.awt.graphicsenv" value="sun.awt.X11GraphicsEnvironment" />
    <property name="env.GOPATH" value="/home/travis/gopath" />
    <property name="ptolemy.ptII.dir" value="/home/travis/build/icyphy/ptII" />
    <property name="env.USER" value="travis" />
    <property name="env.HISTFILESIZE" value="2000" />
    <property name="timeout.longest" value="19000000" />
    <property name="env.PERLBREW_SHELLRC_VERSION" value="0.86" />
    <property name="env.TRAVIS_STACK_FEATURES" value="basic couchdb disabled-ipv6 docker docker-compose elasticsearch firefox go-toolchain google-chrome jdk memcached mongodb mysql nodejs_interpreter perl_interpreter perlbrew phantomjs postgresql python_interpreter redis ruby_interpreter sqlite xserver" />
    <property name="env.TRAVIS_PULL_REQUEST" value="false" />
    <property name="env.PYENV_SHELL" value="bash" />
    <property name="ant.project.name" value="ptII" />
    <property name="env.ANSI_RESET" value="\033[0m" />
    <property name="java.vm.specification.version" value="10" />
    <property name="env.TRAVIS_DIST" value="xenial" />
    <property name="env.CERTI_VERSION" value="4.0.0" />
    <property name="env.CERTI_HOST" value="localhost" />
    <property name="awt.toolkit" value="sun.awt.X11.XToolkit" />
    <property name="env.MY_RUBY_HOME" value="/home/travis/.rvm/rubies/ruby-2.5.3" />
    <property name="sun.cpu.isalist" value="" />
    <property name="env.TRAVIS_TMPDIR" value="/tmp/tmp.1SQuoqD466" />
    <property name="java.vm.compressedOopsMode" value="Zero based" />
    <property name="os.version" value="4.15.0-1028-gcp" />
    <property name="user.home" value="/home/travis" />
    <property name="java.vm.vendor" value="&quot;Oracle Corporation&quot;" />
    <property name="env.TRAVIS_TAG" value="nightly" />
    <property name="env.ANSI_YELLOW" value="\033[33;1m" />
    <property name="env.TRAVIS_FILTERED" value="redirect_io" />
    <property name="env.ANSI_GREEN" value="\033[32;1m" />
    <property name="env.JAVA_HOME" value="/usr/local/lib/jvm/openjdk11" />
    <property name="javadoc.excludepackagenames" value="adm.cvs2svn.*,build.*,config.*,doc.coding.templates.*,jni.test.jni.meaningOfLife.*,jni.test.jni.testDeux.*,jni.test.jni.testTrois.*,org.terraswarm.accessor.accessors.web.node_modules.*,org.terraswarm.accessor.accessors.web.hosts.cordova.demo.*,org.terraswarm.accessor.accessors.web.hosts.cordova.plugins.*,org.terraswarm.accessor.accessors-svn.*,pt-modules.*,ptolemy.apps.agilent.*,ptolemy.apps.anytimecontrol.*,ptolemy.apps.apes.*,ptolemy.apps.charon.*,ptolemy.apps.crazyboard.*,ptolemy.apps.eclipse.*,ptolemy.apps.etherealSting.*,ptolemy.apps.fullscreen.*,ptolemy.apps.giotto.*,ptolemy.apps.ia.*,ptolemy.apps.interfaces.*,ptolemy.apps.jmf.*,ptolemy.apps.kurt.*,ptolemy.apps.kvm.*,ptolemy.apps.lego.*,ptolemy.apps.lejos.*,ptolemy.apps.midp.*,ptolemy.apps.mobileCoding.*,ptolemy.apps.pendulum.*,ptolemy.apps.rijndael.*,ptolemy.apps.robot.*,ptolemy.apps.security.*,ptolemy.apps.sobel.*,ptolemy.apps.soot.*,ptolemy.apps.throttle.*,ptolemy.apps.tini.*,ptolemy.apps.transmission.*,ptolemy.apps.vergil.*,ptolemy.apps.waba.*,ptolemy.apps.websensor.*,ptolemy.apps.webstart.*,ptolemy.apps.xsl.*,ptolemy.apps.zaurus.*,ptolemy.codegen.c.actor.lib.oldJavaFiles.*,ptolemy.codegen.dsp.lib.*,ptolemy.codegen.kernel.newInterfaces.*,ptolemy.codegen.lib.*,ptolemy.copernicus.kernel.fragment.*,ptolemy.copernicus.shallow.cg.*,ptolemy.domains.giotto.demo.Hierarchy.Hierarchy.*,ptolemy.domains.giotto.demo.Multimode.Multimode.*,ptolemy.domains.giotto.demo.Simple.Simple.*,ptolemy.domains.gr.lib.experimental.*,ptolemy.domains.gro.*,ptolemy.domains.pdf.*,ptolemy.domains.ptinyos.demo.Surge.output.*,ptolemy.moml.test.NoPackageActor.java*,ptolemy.plot.adm.*,ptolemy.plot.servlet.*,reports.*,signed.*,src.*,target.*,vendors.*,ptolemy.copernicus.applet.*,ptolemy.media.viewer.*,ptolemy.actor.corba.*,doc.doclets.*,ptolemy.apps.eclipse.awt.*,ptolemy.backtrack.*,ptolemy.backtrack.ast.*,ptolemy.cg.adapter.generic.program.procedural.c.mbed*,ptolemy.homer.*,org.ptolemy.scala.*,diva.util.java2d.svg.*,ptolemy.domains.ptinyos.*,ptolemy.actor.lib.fmi.fmipp.*,,org.terraswarm.accessor.accessors.web.node_modules.*,org.terraswarm.accessor.accessors-svn,ptolemy.apps.*,ptolemy.actor.ptalon.demo.ptinyos.SendAndReceiveCnt.output,ptolemy.actor.ptalon.demo.ptinyos.SenseToLeds.output,ptolemy.domains.ptinyos.demo.CntToLedsAndRfm.output,ptolemy.domains.ptinyos.demo.RfmToLeds.output,ptolemy.domains.ptinyos.demo.SendAndReceiveCnt.output,ptolemy.domains.ptinyos.demo.SenseToLeds.output,ptolemy.actor.lib.jjs.modules.udpSocket.*" />
    <property name="env.PTII" value="/home/travis/build/icyphy/ptII" />
    <property name="env.XDG_SESSION_ID" value="2" />
    <property name="keystore" value="ptKeystore" />
    <property name="env.TRAVIS_COMMIT_MESSAGE" value="configure.in changed." />
    <property name="junit.output.dir" value="/home/travis/build/icyphy/ptII/reports/junit" />
    <property name="npm.return.code" value="0" />
    <property name="user.dir" value="/home/travis/build/icyphy/ptII/ptolemy/actor/lib/test" />
    <property name="env.TRAVIS_NODE_VERSION" value="7" />
    <property name="env.TRAVIS_EVENT_TYPE" value="push" />
    <property name="env.MAIL" value="/var/mail/travis" />
    <property name="env.PERLBREW_ROOT" value="/home/travis/perl5/perlbrew" />
    <property name="env.PWD" value="/home/travis/build/icyphy/ptII" />
    <property name="timeout.npm" value="45000" />
    <property name="env.TRAVIS_ARCH" value="amd64" />
    <property name="sun.cpu.endian" value="little" />
    <property name="env.PAGER" value="cat" />
    <property name="env.TRAVIS_BUILD_STAGE_NAME" value="Test" />
    <property name="env.PERLBREW_HOME" value="/home/travis/.perlbrew" />
    <property name="java.vm.version" value="10.0.2+13" />
    <property name="env.RAILS_ENV" value="test" />
    <property name="java.class.path" value="/home/travis/.ptolemyII:/home/travis/.ptolemyII/*:/home/travis/build/icyphy/ptII:/home/travis/build/icyphy/ptII/lib/bsh-2.0b4.jar:/home/travis/build/icyphy/ptII/lib/ptCal.jar:/home/travis/build/icyphy/ptII/lib/java_cup.jar:/home/travis/build/icyphy/ptII/lib/saxon8.jar:/home/travis/build/icyphy/ptII/lib/saxon8-dom.jar:/home/travis/build/icyphy/ptII/lib/chic.jar:/home/travis/build/icyphy/ptII/lib/ptcolt.jar:/home/travis/build/icyphy/ptII/vendors/misc/itext/iText.jar:/home/travis/build/icyphy/ptII/lib/g4ltl.jar:/home/travis/build/icyphy/ptII/lib/StructuralCoder.jar:/home/travis/build/icyphy/ptII/vendors/jai-1_1_2_01/lib/jai_core.jar:/home/travis/build/icyphy/ptII/vendors/jai-1_1_2_01/lib/jai_codec.jar:/home/travis/build/icyphy/ptII/lib/jcerti.jar:/home/travis/build/icyphy/ptII/lib/javax.mail.jar:/usr/share/java/openjfx/jre/lib/ext/jfxrt.jar:/usr/lib/jvm/java-8-openjdk-amd64/jre/lib/ext/jfxrt.jar:/home/travis/build/icyphy/ptII/vendors/JMF-2.1.1e/lib/jmf.jar:/home/travis/build/icyphy/ptII/lib/jna-4.0.0-variadic.jar:/home/travis/build/icyphy/ptII/vendors/misc/joystick/Joystick.jar:/home/travis/build/icyphy/ptII/lib/ptjacl.jar:/home/travis/build/icyphy/ptII/lib/jsoup-1.8.2.jar:/home/travis/build/icyphy/ptII/lib/junit-4.8.2.jar:/home/travis/build/icyphy/ptII/lib/JUnitParams-0.4.0.jar:/home/travis/build/icyphy/ptII/ptolemy/actor/lib/excel/jxl.jar:/home/travis/build/icyphy/ptII/lib/jython.jar:/home/travis/build/icyphy/ptII/lib/kieler.jar:/home/travis/build/icyphy/ptII/lib/opencv-341.jar:/home/travis/build/icyphy/ptII/lib/oscP5.jar:/home/travis/build/icyphy/ptII/lib/nrjavaserial-3.11.0.devel.jar:/home/travis/build/icyphy/ptII/vendors/j3d/lib/j3dcore.jar:/home/travis/build/icyphy/ptII/vendors/j3d/lib/j3dutils.jar:/home/travis/build/icyphy/ptII/vendors/j3d/lib/vecmath.jar:/home/travis/build/icyphy/ptII/ptolemy/distributed/jini/jar/jini-core.jar:/home/travis/build/icyphy/ptII/ptolemy/distributed/jini/jar/jini-ext.jar:/home/travis/build/icyphy/ptII/ptolemy/distributed/jini/jar/sun-util.jar:/home/travis/build/icyphy/ptII/lib/protobuf-java-2.4.1.jar:/home/travis/build/icyphy/ptII/lib/org.eclipse.paho.client.mqttv3.jar:/home/travis/build/icyphy/ptII/lib/mapss.jar:/home/travis/build/icyphy/ptII/ptolemy/actor/ptalon/antlr/antlr.jar:/home/travis/build/icyphy/ptII/lib/JRI.jar:/home/travis/build/icyphy/ptII/lib/commons-lang-2.6.jar:/home/travis/build/icyphy/ptII/lib/commons-logging-1.1.1.jar:/home/travis/build/icyphy/ptII/lib/sootclasses.jar:/home/travis/build/icyphy/ptII/ptolemy/actor/lib/database/mysql-connector-java-5.1.6-bin.jar:/home/travis/build/icyphy/ptII/vendors/misc/sphinx4/sphinx4-data-5prealpha.jar:/home/travis/build/icyphy/ptII/vendors/misc/sphinx4/sphinx4-core-5prealpha.jar:/home/travis/build/icyphy/ptII/lib/PDFRenderer.jar:/home/travis/build/icyphy/ptII/lib/svgSalamander.jar:/home/travis/build/icyphy/ptII/lib/rsyntaxtextarea-2.6.0-SNAPSHOT.jar:/home/travis/build/icyphy/ptII/lib/hazelcast-3.8.2.jar:/home/travis/build/icyphy/ptII/lib/jackson-annotations-2.9.0.jar:/home/travis/build/icyphy/ptII/lib/jackson-core-2.9.3.jar:/home/travis/build/icyphy/ptII/lib/jackson-databind-2.9.3.jar:/home/travis/build/icyphy/ptII/lib/netty-buffer-4.1.19.Final.jar:/home/travis/build/icyphy/ptII/lib/netty-codec-4.1.19.Final.jar:/home/travis/build/icyphy/ptII/lib/netty-codec-dns-4.1.19.Final.jar:/home/travis/build/icyphy/ptII/lib/netty-codec-http-4.1.19.Final.jar:/home/travis/build/icyphy/ptII/lib/netty-codec-http2-4.1.19.Final.jar:/home/travis/build/icyphy/ptII/lib/netty-common-4.1.19.Final.jar:/home/travis/build/icyphy/ptII/lib/netty-handler-4.1.19.Final.jar:/home/travis/build/icyphy/ptII/lib/netty-resolver-4.1.19.Final.jar:/home/travis/build/icyphy/ptII/lib/netty-resolver-dns-4.1.19.Final.jar:/home/travis/build/icyphy/ptII/lib/netty-transport-4.1.19.Final.jar:/home/travis/build/icyphy/ptII/lib/vertx-codegen-3.5.1.jar:/home/travis/build/icyphy/ptII/lib/vertx-core-3.5.2-SNAPSHOT.jar:/home/travis/build/icyphy/ptII/lib/vertx-hazelcast-3.5.1.jar:/home/travis/build/icyphy/ptII/lib/vertx-lang-js-3.5.1.jar:/home/travis/build/icyphy/ptII/lib/vertx-service-proxy-3.5.1.jar:/home/travis/build/icyphy/ptII/lib/vertx-web-3.5.1.jar:/home/travis/build/icyphy/ptII/lib/slf4j-api-1.7.13.jar:/home/travis/build/icyphy/ptII/lib/slf4j-simple-1.7.13.jar:/home/travis/build/icyphy/ptII/lib/webcam-capture-0.3.12.jar:/home/travis/build/icyphy/ptII/lib/bridj-0.7.0.jar:/home/travis/build/icyphy/ptII/lib/xbjlib-1.1.0.nrjavaserial.jar:/home/travis/build/icyphy/ptII/ptolemy/moml/test:/home/travis/build/icyphy/ptII/ant/lib/ant-launcher.jar:/home/travis/build/icyphy/ptII/ant/lib/ant.jar:/home/travis/build/icyphy/ptII/ant/lib/ant-junit.jar:/home/travis/build/icyphy/ptII/ant/lib/ant-junit4.jar" />
    <property name="ant.library.dir" value="/home/travis/build/icyphy/ptII/ant/lib" />
    <property name="os.arch" value="amd64" />
    <property name="env.CONTINUOUS_INTEGRATION" value="true" />
    <property name="env.TRAVIS_LANGUAGE" value="node_js" />
    <property name="env.TRAVIS_STACK_LANGUAGES" value="__sardonyx__ c c++ clojure cplusplus cpp default generic go groovy java node_js php pure_java python ruby scala" />
    <property name="test.name" value="ptolemy.actor.lib.test.junit.JUnitTclTest" />
    <property name="env.APT_KEY_DONT_WARN_ON_DANGEROUS_USAGE" value="1" />
    <property name="sun.java.launcher" value="SUN_STANDARD" />
    <property name="env.PYTHON_CONFIGURE_OPTS" value="--enable-unicode=ucs4 --with-wide-unicode --enable-shared --enable-ipv6 --enable-loadable-sqlite-extensions --with-computed-gotos" />
    <property name="ant.core.lib" value="/home/travis/build/icyphy/ptII/ant/lib/ant.jar" />
    <property name="java.vm.specification.vendor" value="Oracle Corporation" />
    <property name="env.BCVTB_HOME" value="/home/travis/build/icyphy/ptII/lbnl" />
    <property name="file.separator" value="/" />
    <property name="spotbugs.home" value="/home/travis/build/icyphy/ptII/vendors/spotbugs-3.1.1" />
    <property name="java.runtime.version" value="10.0.2+13" />
    <property name="env.ANSI_CLEAR" value="\033[0K" />
    <property name="env.HAS_JOSH_K_SEAL_OF_APPROVAL" value="true" />
    <property name="env.XDG_RUNTIME_DIR" value="/run/user/2000" />
    <property name="env.TRAVIS_OSX_IMAGE" value="" />
    <property name="env.TRAVIS_JOB_ID" value="557022272" />
    <property name="env.TRAVIS_BRANCH" value="master" />
    <property name="user.country" value="US" />
    <property name="env.CERTI_HOME_TRAVIS" value="/home/travis/pthla/certi-tools" />
    <property name="env.SHELL" value="/bin/bash" />
    <property name="java.maxmemory.large" value="5000m" />
    <property name="model" value="" />
    <property name="env.CASHER_DIR" value="/home/travis/.casher" />
    <property name="env.NVM_CD_FLAGS" value="" />
    <property name="java.vendor.version" value="18.3" />
    <property name="jshint.executable" value="/home/travis/node_modules/jshint/bin/jshint" />
    <property name="env.JRUBY_OPTS" value=" --client -J-XX:+TieredCompilation -J-XX:TieredStopAtLevel=1 -J-Xss2m -Xcompile.invokedynamic=false" />
    <property name="java.vendor" value="Oracle Corporation" />
    <property name="env.TRAVIS_PRE_CHEF_BOOTSTRAP_TIME" value="2019-03-25T16:16:42" />
    <property name="env.TRAVIS_STACK_JOB_BOARD_REGISTER" value="/.job-board-register.yml" />
    <property name="env.ANSI_RED" value="\033[31;1m" />
    <property name="java.specification.version" value="10" />
    <property name="env.IRBRC" value="/home/travis/.rvm/rubies/ruby-2.5.3/.irbrc" />
    <property name="env.TRAVIS" value="true" />
    <property name="sun.arch.data.model" value="64" />
  </properties>
  <testcase classname="ptolemy.util.test.junit.TclTests" name="[0] /home/travis/build/icyphy/ptII/ptolemy/actor/lib/test/AbsoluteValue.tcl (RunTclFile)" time="0.701" />
  <testcase classname="ptolemy.util.test.junit.TclTests" name="[1] /home/travis/build/icyphy/ptII/ptolemy/actor/lib/test/AddSubtract.tcl (RunTclFile)" time="0.199" />
  <testcase classname="ptolemy.util.test.junit.TclTests" name="[2] /home/travis/build/icyphy/ptII/ptolemy/actor/lib/test/Average.tcl (RunTclFile)" time="0.074" />
  <testcase classname="ptolemy.util.test.junit.TclTests" name="[3] /home/travis/build/icyphy/ptII/ptolemy/actor/lib/test/Bernoulli.tcl (RunTclFile)" time="0.043" />
  <testcase classname="ptolemy.util.test.junit.TclTests" name="[4] /home/travis/build/icyphy/ptII/ptolemy/actor/lib/test/Clock.tcl (RunTclFile)" time="0.104" />
  <testcase classname="ptolemy.util.test.junit.TclTests" name="[5] /home/travis/build/icyphy/ptII/ptolemy/actor/lib/test/Commutator.tcl (RunTclFile)" time="0.193" />
  <testcase classname="ptolemy.util.test.junit.TclTests" name="[6] /home/travis/build/icyphy/ptII/ptolemy/actor/lib/test/Const.tcl (RunTclFile)" time="0.104" />
  <testcase classname="ptolemy.util.test.junit.TclTests" name="[7] /home/travis/build/icyphy/ptII/ptolemy/actor/lib/test/CurrentTime.tcl (RunTclFile)" time="0.021" />
  <testcase classname="ptolemy.util.test.junit.TclTests" name="[8] /home/travis/build/icyphy/ptII/ptolemy/actor/lib/test/DB.tcl (RunTclFile)" time="0.023" />
  <testcase classname="ptolemy.util.test.junit.TclTests" name="[9] /home/travis/build/icyphy/ptII/ptolemy/actor/lib/test/DiscreteRandomSource.tcl (RunTclFile)" time="0.027" />
  <testcase classname="ptolemy.util.test.junit.TclTests" name="[10] /home/travis/build/icyphy/ptII/ptolemy/actor/lib/test/Distributor.tcl (RunTclFile)" time="0.039" />
  <testcase classname="ptolemy.util.test.junit.TclTests" name="[11] /home/travis/build/icyphy/ptII/ptolemy/actor/lib/test/Exit.tcl (RunTclFile)" time="0.07" />
  <testcase classname="ptolemy.util.test.junit.TclTests" name="[12] /home/travis/build/icyphy/ptII/ptolemy/actor/lib/test/Expression.tcl (RunTclFile)" time="0.158" />
  <testcase classname="ptolemy.util.test.junit.TclTests" name="[13] /home/travis/build/icyphy/ptII/ptolemy/actor/lib/test/Gaussian.tcl (RunTclFile)" time="0.532" />
  <testcase classname="ptolemy.util.test.junit.TclTests" name="[14] /home/travis/build/icyphy/ptII/ptolemy/actor/lib/test/IIR.tcl (RunTclFile)" time="0.041" />
  <testcase classname="ptolemy.util.test.junit.TclTests" name="[15] /home/travis/build/icyphy/ptII/ptolemy/actor/lib/test/Interpolator.tcl (RunTclFile)" time="0.111" />
  <testcase classname="ptolemy.util.test.junit.TclTests" name="[16] /home/travis/build/icyphy/ptII/ptolemy/actor/lib/test/MathFunction.tcl (RunTclFile)" time="0.085" />
  <testcase classname="ptolemy.util.test.junit.TclTests" name="[17] /home/travis/build/icyphy/ptII/ptolemy/actor/lib/test/Maximum.tcl (RunTclFile)" time="0.049" />
  <testcase classname="ptolemy.util.test.junit.TclTests" name="[18] /home/travis/build/icyphy/ptII/ptolemy/actor/lib/test/Minimum.tcl (RunTclFile)" time="0.035" />
  <testcase classname="ptolemy.util.test.junit.TclTests" name="[19] /home/travis/build/icyphy/ptII/ptolemy/actor/lib/test/MultiplyDivide.tcl (RunTclFile)" time="0.044" />
  <testcase classname="ptolemy.util.test.junit.TclTests" name="[20] /home/travis/build/icyphy/ptII/ptolemy/actor/lib/test/OrderedMerge.tcl (RunTclFile)" time="0.132" />
  <testcase classname="ptolemy.util.test.junit.TclTests" name="[21] /home/travis/build/icyphy/ptII/ptolemy/actor/lib/test/Publisher.tcl (RunTclFile)" time="0.812" />
  <testcase classname="ptolemy.util.test.junit.TclTests" name="[22] /home/travis/build/icyphy/ptII/ptolemy/actor/lib/test/Pulse.tcl (RunTclFile)" time="0.048" />
  <testcase classname="ptolemy.util.test.junit.TclTests" name="[23] /home/travis/build/icyphy/ptII/ptolemy/actor/lib/test/Ramp.tcl (RunTclFile)" time="2.044" />
  <testcase classname="ptolemy.util.test.junit.TclTests" name="[24] /home/travis/build/icyphy/ptII/ptolemy/actor/lib/test/RampContinuous.tcl (RunTclFile)" time="0.019" />
  <testcase classname="ptolemy.util.test.junit.TclTests" name="[25] /home/travis/build/icyphy/ptII/ptolemy/actor/lib/test/RecordAssembler.tcl (RunTclFile)" time="0.016" />
  <testcase classname="ptolemy.util.test.junit.TclTests" name="[26] /home/travis/build/icyphy/ptII/ptolemy/actor/lib/test/RecordDisassembler.tcl (RunTclFile)" time="0.024" />
  <testcase classname="ptolemy.util.test.junit.TclTests" name="[27] /home/travis/build/icyphy/ptII/ptolemy/actor/lib/test/Scale.tcl (RunTclFile)" time="0.041" />
  <testcase classname="ptolemy.util.test.junit.TclTests" name="[28] /home/travis/build/icyphy/ptII/ptolemy/actor/lib/test/SequentialClock.tcl (RunTclFile)" time="0.014" />
  <testcase classname="ptolemy.util.test.junit.TclTests" name="[29] /home/travis/build/icyphy/ptII/ptolemy/actor/lib/test/SetVariable.tcl (RunTclFile)" time="0.024">
    <failure message="Number of failed tests is has increased. expected:&lt;0&gt; but was:&lt;1&gt;" type="junit.framework.AssertionFailedError">junit.framework.AssertionFailedError: Number of failed tests is has increased. expected:&lt;0&gt; but was:&lt;1&gt;
	at ptolemy.util.test.junit.TclTests.RunTclFile(TclTests.java:286)
	at jdk.internal.reflect.GeneratedMethodAccessor19.invoke(Unknown Source)
	at java.base/jdk.internal.reflect.DelegatingMethodAccessorImpl.invoke(DelegatingMethodAccessorImpl.java:43)
	at junitparams.internal.InvokeParameterisedMethod.evaluate(InvokeParameterisedMethod.java:102)
	at junitparams.internal.ParameterisedTestMethodRunner.runMethodInvoker(ParameterisedTestMethodRunner.java:47)
	at junitparams.internal.ParameterisedTestMethodRunner.runTestMethod(ParameterisedTestMethodRunner.java:41)
	at junitparams.internal.ParameterisedTestClassRunner.runParameterisedTest(ParameterisedTestClassRunner.java:143)
	at junitparams.JUnitParamsRunner.runChild(JUnitParamsRunner.java:237)
	at junitparams.JUnitParamsRunner.runChild(JUnitParamsRunner.java:215)
</failure>
  </testcase>
  <testcase classname="ptolemy.util.test.junit.TclTests" name="[30] /home/travis/build/icyphy/ptII/ptolemy/actor/lib/test/Sinewave.tcl (RunTclFile)" time="0.026" />
  <testcase classname="ptolemy.util.test.junit.TclTests" name="[31] /home/travis/build/icyphy/ptII/ptolemy/actor/lib/test/SubscriptionAggregator.tcl (RunTclFile)" time="2.268" />
  <testcase classname="ptolemy.util.test.junit.TclTests" name="[32] /home/travis/build/icyphy/ptII/ptolemy/actor/lib/test/Test.tcl (RunTclFile)" time="0.072" />
  <testcase classname="ptolemy.util.test.junit.TclTests" name="[33] /home/travis/build/icyphy/ptII/ptolemy/actor/lib/test/TestExceptionHandler.tcl (RunTclFile)" time="0.011" />
  <testcase classname="ptolemy.util.test.junit.TclTests" name="[34] /home/travis/build/icyphy/ptII/ptolemy/actor/lib/test/UnionDisassembler.tcl (RunTclFile)" time="0.045" />
  <testcase classname="ptolemy.util.test.junit.TclTests" name="[35] /home/travis/build/icyphy/ptII/ptolemy/actor/lib/test/VariableClock.tcl (RunTclFile)" time="0.014" />
  <testcase classname="ptolemy.util.test.junit.AutoKnownFailedTests" name="[0] /home/travis/build/icyphy/ptII/ptolemy/actor/lib/test/auto/knownFailedTests/PublisherPortToplevelSubscriber.xml (RunModel)" time="0.022" />
  <testcase classname="ptolemy.util.test.junit.AutoKnownFailedTests" name="[1] /home/travis/build/icyphy/ptII/ptolemy/actor/lib/test/auto/knownFailedTests/PublisherSubscriberPortToplevel.xml (RunModel)" time="0.02" />
  <testcase classname="ptolemy.util.test.junit.AutoKnownFailedTests" name="[2] /home/travis/build/icyphy/ptII/ptolemy/actor/lib/test/auto/knownFailedTests/PublisherSubscriptionAggregatorPort.xml (RunModel)" time="0.024" />
  <testcase classname="ptolemy.util.test.junit.AutoKnownFailedTests" name="[3] /home/travis/build/icyphy/ptII/ptolemy/actor/lib/test/auto/knownFailedTests/sizedarray3.xml (RunModel)" time="0.024" />
  <testcase classname="ptolemy.util.test.junit.AutoNameArchTests" name="[0] ThereAreNoAutoArchTests (RunModel)" time="0.005" />
  <testcase classname="ptolemy.util.test.junit.AutoTests" name="[0] /home/travis/build/icyphy/ptII/ptolemy/actor/lib/test/auto/AbsoluteValue.xml (RunModel)" time="0.09" />
  <testcase classname="ptolemy.util.test.junit.AutoTests" name="[1] /home/travis/build/icyphy/ptII/ptolemy/actor/lib/test/auto/AbsoluteValue2.xml (RunModel)" time="0.028" />
  <testcase classname="ptolemy.util.test.junit.AutoTests" name="[2] /home/travis/build/icyphy/ptII/ptolemy/actor/lib/test/auto/Accumulator.xml (RunModel)" time="0.027" />
  <testcase classname="ptolemy.util.test.junit.AutoTests" name="[3] /home/travis/build/icyphy/ptII/ptolemy/actor/lib/test/auto/Accumulator2.xml (RunModel)" time="0.018" />
  <testcase classname="ptolemy.util.test.junit.AutoTests" name="[4] /home/travis/build/icyphy/ptII/ptolemy/actor/lib/test/auto/Accumulator3.xml (RunModel)" time="0.043" />
  <testcase classname="ptolemy.util.test.junit.AutoTests" name="[5] /home/travis/build/icyphy/ptII/ptolemy/actor/lib/test/auto/ArrayAppend.xml (RunModel)" time="0.162" />
  <testcase classname="ptolemy.util.test.junit.AutoTests" name="[6] /home/travis/build/icyphy/ptII/ptolemy/actor/lib/test/auto/ArrayAppend2.xml (RunModel)" time="0.351" />
  <testcase classname="ptolemy.util.test.junit.AutoTests" name="[7] /home/travis/build/icyphy/ptII/ptolemy/actor/lib/test/auto/ArrayAppend3.xml (RunModel)" time="0.035" />
  <testcase classname="ptolemy.util.test.junit.AutoTests" name="[8] /home/travis/build/icyphy/ptII/ptolemy/actor/lib/test/auto/ArrayAppend4.xml (RunModel)" time="0.023" />
  <testcase classname="ptolemy.util.test.junit.AutoTests" name="[9] /home/travis/build/icyphy/ptII/ptolemy/actor/lib/test/auto/ArrayAppend5.xml (RunModel)" time="0.019" />
  <testcase classname="ptolemy.util.test.junit.AutoTests" name="[10] /home/travis/build/icyphy/ptII/ptolemy/actor/lib/test/auto/ArrayAppend6.xml (RunModel)" time="0.022" />
  <testcase classname="ptolemy.util.test.junit.AutoTests" name="[11] /home/travis/build/icyphy/ptII/ptolemy/actor/lib/test/auto/ArrayAppendPerformanceTest.xml (RunModel)" time="0.067" />
  <testcase classname="ptolemy.util.test.junit.AutoTests" name="[12] /home/travis/build/icyphy/ptII/ptolemy/actor/lib/test/auto/ArrayAppendWithEmptyInput.xml (RunModel)" time="0.05" />
  <testcase classname="ptolemy.util.test.junit.AutoTests" name="[13] /home/travis/build/icyphy/ptII/ptolemy/actor/lib/test/auto/ArrayAverage.xml (RunModel)" time="0.062" />
  <testcase classname="ptolemy.util.test.junit.AutoTests" name="[14] /home/travis/build/icyphy/ptII/ptolemy/actor/lib/test/auto/ArrayContains.xml (RunModel)" time="0.039" />
  <testcase classname="ptolemy.util.test.junit.AutoTests" name="[15] /home/travis/build/icyphy/ptII/ptolemy/actor/lib/test/auto/ArrayElement.xml (RunModel)" time="0.031" />
  <testcase classname="ptolemy.util.test.junit.AutoTests" name="[16] /home/travis/build/icyphy/ptII/ptolemy/actor/lib/test/auto/ArrayElementAsMatrix.xml (RunModel)" time="0.07" />
  <testcase classname="ptolemy.util.test.junit.AutoTests" name="[17] /home/travis/build/icyphy/ptII/ptolemy/actor/lib/test/auto/ArrayElementI.xml (RunModel)" time="0.028" />
  <testcase classname="ptolemy.util.test.junit.AutoTests" name="[18] /home/travis/build/icyphy/ptII/ptolemy/actor/lib/test/auto/ArrayExtract.xml (RunModel)" time="0.06" />
  <testcase classname="ptolemy.util.test.junit.AutoTests" name="[19] /home/travis/build/icyphy/ptII/ptolemy/actor/lib/test/auto/ArrayExtract2.xml (RunModel)" time="0.018" />
  <testcase classname="ptolemy.util.test.junit.AutoTests" name="[20] /home/travis/build/icyphy/ptII/ptolemy/actor/lib/test/auto/ArrayLength.xml (RunModel)" time="0.015" />
  <testcase classname="ptolemy.util.test.junit.AutoTests" name="[21] /home/travis/build/icyphy/ptII/ptolemy/actor/lib/test/auto/ArrayLevelCrossing.xml (RunModel)" time="0.027" />
  <testcase classname="ptolemy.util.test.junit.AutoTests" name="[22] /home/travis/build/icyphy/ptII/ptolemy/actor/lib/test/auto/ArrayLevelCrossing2.xml (RunModel)" time="0.121" />
  <testcase classname="ptolemy.util.test.junit.AutoTests" name="[23] /home/travis/build/icyphy/ptII/ptolemy/actor/lib/test/auto/ArrayPeakSearch.xml (RunModel)" time="0.043" />
  <testcase classname="ptolemy.util.test.junit.AutoTests" name="[24] /home/travis/build/icyphy/ptII/ptolemy/actor/lib/test/auto/ArrayPeakSearch2.xml (RunModel)" time="0.034" />
  <testcase classname="ptolemy.util.test.junit.AutoTests" name="[25] /home/travis/build/icyphy/ptII/ptolemy/actor/lib/test/auto/ArrayPeakSearch3.xml (RunModel)" time="0.028" />
  <testcase classname="ptolemy.util.test.junit.AutoTests" name="[26] /home/travis/build/icyphy/ptII/ptolemy/actor/lib/test/auto/ArrayRemoveElement.xml (RunModel)" time="0.032" />
  <testcase classname="ptolemy.util.test.junit.AutoTests" name="[27] /home/travis/build/icyphy/ptII/ptolemy/actor/lib/test/auto/ArraySort.xml (RunModel)" time="0.038" />
  <testcase classname="ptolemy.util.test.junit.AutoTests" name="[28] /home/travis/build/icyphy/ptII/ptolemy/actor/lib/test/auto/ArraySum.xml (RunModel)" time="0.018" />
  <testcase classname="ptolemy.util.test.junit.AutoTests" name="[29] /home/travis/build/icyphy/ptII/ptolemy/actor/lib/test/auto/ArrayToElements.xml (RunModel)" time="0.028" />
  <testcase classname="ptolemy.util.test.junit.AutoTests" name="[30] /home/travis/build/icyphy/ptII/ptolemy/actor/lib/test/auto/ArrayToMatrix.xml (RunModel)" time="0.086" />
  <testcase classname="ptolemy.util.test.junit.AutoTests" name="[31] /home/travis/build/icyphy/ptII/ptolemy/actor/lib/test/auto/ArrayUpdate1.xml (RunModel)" time="0.02" />
  <testcase classname="ptolemy.util.test.junit.AutoTests" name="[32] /home/travis/build/icyphy/ptII/ptolemy/actor/lib/test/auto/ArrayUpdate2.xml (RunModel)" time="0.03" />
  <testcase classname="ptolemy.util.test.junit.AutoTests" name="[33] /home/travis/build/icyphy/ptII/ptolemy/actor/lib/test/auto/ArrayUpdate3.xml (RunModel)" time="0.026" />
  <testcase classname="ptolemy.util.test.junit.AutoTests" name="[34] /home/travis/build/icyphy/ptII/ptolemy/actor/lib/test/auto/Assert1.xml (RunModel)" time="0.024" />
  <testcase classname="ptolemy.util.test.junit.AutoTests" name="[35] /home/travis/build/icyphy/ptII/ptolemy/actor/lib/test/auto/Assert2.xml (RunModel)" time="0.015" />
  <testcase classname="ptolemy.util.test.junit.AutoTests" name="[36] /home/travis/build/icyphy/ptII/ptolemy/actor/lib/test/auto/BooleanMultiplexor.xml (RunModel)" time="0.017" />
  <testcase classname="ptolemy.util.test.junit.AutoTests" name="[37] /home/travis/build/icyphy/ptII/ptolemy/actor/lib/test/auto/BooleanMultiplexor2.xml (RunModel)" time="0.026" />
  <testcase classname="ptolemy.util.test.junit.AutoTests" name="[38] /home/travis/build/icyphy/ptII/ptolemy/actor/lib/test/auto/BooleanMultiplexor3.xml (RunModel)" time="0.025" />
  <testcase classname="ptolemy.util.test.junit.AutoTests" name="[39] /home/travis/build/icyphy/ptII/ptolemy/actor/lib/test/auto/BooleanSelect.xml (RunModel)" time="0.024" />
  <testcase classname="ptolemy.util.test.junit.AutoTests" name="[40] /home/travis/build/icyphy/ptII/ptolemy/actor/lib/test/auto/BooleanSelect2.xml (RunModel)" time="0.014" />
  <testcase classname="ptolemy.util.test.junit.AutoTests" name="[41] /home/travis/build/icyphy/ptII/ptolemy/actor/lib/test/auto/BooleanSwitch.xml (RunModel)" time="0.031" />
  <testcase classname="ptolemy.util.test.junit.AutoTests" name="[42] /home/travis/build/icyphy/ptII/ptolemy/actor/lib/test/auto/BooleanSwitch2.xml (RunModel)" time="0.015" />
  <testcase classname="ptolemy.util.test.junit.AutoTests" name="[43] /home/travis/build/icyphy/ptII/ptolemy/actor/lib/test/auto/BooleanSwitchCloningBugWithClassRelationGroup.xml (RunModel)" time="0.033" />
  <testcase classname="ptolemy.util.test.junit.AutoTests" name="[44] /home/travis/build/icyphy/ptII/ptolemy/actor/lib/test/auto/BusActors.xml (RunModel)" time="0.036" />
  <testcase classname="ptolemy.util.test.junit.AutoTests" name="[45] /home/travis/build/icyphy/ptII/ptolemy/actor/lib/test/auto/ClassWrapper.xml (RunModel)" time="0.035" />
  <testcase classname="ptolemy.util.test.junit.AutoTests" name="[46] /home/travis/build/icyphy/ptII/ptolemy/actor/lib/test/auto/Clock.xml (RunModel)" time="0.012" />
  <testcase classname="ptolemy.util.test.junit.AutoTests" name="[47] /home/travis/build/icyphy/ptII/ptolemy/actor/lib/test/auto/Clock10.xml (RunModel)" time="0.018" />
  <testcase classname="ptolemy.util.test.junit.AutoTests" name="[48] /home/travis/build/icyphy/ptII/ptolemy/actor/lib/test/auto/Clock11.xml (RunModel)" time="0.02" />
  <testcase classname="ptolemy.util.test.junit.AutoTests" name="[49] /home/travis/build/icyphy/ptII/ptolemy/actor/lib/test/auto/Clock12.xml (RunModel)" time="0.021" />
  <testcase classname="ptolemy.util.test.junit.AutoTests" name="[50] /home/travis/build/icyphy/ptII/ptolemy/actor/lib/test/auto/Clock13.xml (RunModel)" time="0.033" />
  <testcase classname="ptolemy.util.test.junit.AutoTests" name="[51] /home/travis/build/icyphy/ptII/ptolemy/actor/lib/test/auto/Clock14.xml (RunModel)" time="0.029" />
  <testcase classname="ptolemy.util.test.junit.AutoTests" name="[52] /home/travis/build/icyphy/ptII/ptolemy/actor/lib/test/auto/Clock15.xml (RunModel)" time="0.017" />
  <testcase classname="ptolemy.util.test.junit.AutoTests" name="[53] /home/travis/build/icyphy/ptII/ptolemy/actor/lib/test/auto/Clock16.xml (RunModel)" time="0.101" />
  <testcase classname="ptolemy.util.test.junit.AutoTests" name="[54] /home/travis/build/icyphy/ptII/ptolemy/actor/lib/test/auto/Clock17.xml (RunModel)" time="0.077" />
  <testcase classname="ptolemy.util.test.junit.AutoTests" name="[55] /home/travis/build/icyphy/ptII/ptolemy/actor/lib/test/auto/Clock18.xml (RunModel)" time="0.056" />
  <testcase classname="ptolemy.util.test.junit.AutoTests" name="[56] /home/travis/build/icyphy/ptII/ptolemy/actor/lib/test/auto/Clock19.xml (RunModel)" time="0.054" />
  <testcase classname="ptolemy.util.test.junit.AutoTests" name="[57] /home/travis/build/icyphy/ptII/ptolemy/actor/lib/test/auto/Clock2.xml (RunModel)" time="0.016" />
  <testcase classname="ptolemy.util.test.junit.AutoTests" name="[58] /home/travis/build/icyphy/ptII/ptolemy/actor/lib/test/auto/Clock20.xml (RunModel)" time="0.025" />
  <testcase classname="ptolemy.util.test.junit.AutoTests" name="[59] /home/travis/build/icyphy/ptII/ptolemy/actor/lib/test/auto/Clock21.xml (RunModel)" time="0.017" />
  <testcase classname="ptolemy.util.test.junit.AutoTests" name="[60] /home/travis/build/icyphy/ptII/ptolemy/actor/lib/test/auto/Clock22.xml (RunModel)" time="0.018" />
  <testcase classname="ptolemy.util.test.junit.AutoTests" name="[61] /home/travis/build/icyphy/ptII/ptolemy/actor/lib/test/auto/Clock23.xml (RunModel)" time="0.02" />
  <testcase classname="ptolemy.util.test.junit.AutoTests" name="[62] /home/travis/build/icyphy/ptII/ptolemy/actor/lib/test/auto/Clock24.xml (RunModel)" time="0.02" />
  <testcase classname="ptolemy.util.test.junit.AutoTests" name="[63] /home/travis/build/icyphy/ptII/ptolemy/actor/lib/test/auto/Clock4.xml (RunModel)" time="0.013" />
  <testcase classname="ptolemy.util.test.junit.AutoTests" name="[64] /home/travis/build/icyphy/ptII/ptolemy/actor/lib/test/auto/Clock5.xml (RunModel)" time="0.013" />
  <testcase classname="ptolemy.util.test.junit.AutoTests" name="[65] /home/travis/build/icyphy/ptII/ptolemy/actor/lib/test/auto/Clock6.xml (RunModel)" time="0.017" />
  <testcase classname="ptolemy.util.test.junit.AutoTests" name="[66] /home/travis/build/icyphy/ptII/ptolemy/actor/lib/test/auto/Clock7.xml (RunModel)" time="0.011" />
  <testcase classname="ptolemy.util.test.junit.AutoTests" name="[67] /home/travis/build/icyphy/ptII/ptolemy/actor/lib/test/auto/Clock8.xml (RunModel)" time="0.018" />
  <testcase classname="ptolemy.util.test.junit.AutoTests" name="[68] /home/travis/build/icyphy/ptII/ptolemy/actor/lib/test/auto/Clock9.xml (RunModel)" time="0.017" />
  <testcase classname="ptolemy.util.test.junit.AutoTests" name="[69] /home/travis/build/icyphy/ptII/ptolemy/actor/lib/test/auto/CommDistDiscard.xml (RunModel)" time="0.02" />
  <testcase classname="ptolemy.util.test.junit.AutoTests" name="[70] /home/travis/build/icyphy/ptII/ptolemy/actor/lib/test/auto/Commutator.xml (RunModel)" time="0.014" />
  <testcase classname="ptolemy.util.test.junit.AutoTests" name="[71] /home/travis/build/icyphy/ptII/ptolemy/actor/lib/test/auto/Commutator2.xml (RunModel)" time="0.012" />
  <testcase classname="ptolemy.util.test.junit.AutoTests" name="[72] /home/travis/build/icyphy/ptII/ptolemy/actor/lib/test/auto/Commutator3.xml (RunModel)" time="0.012" />
  <testcase classname="ptolemy.util.test.junit.AutoTests" name="[73] /home/travis/build/icyphy/ptII/ptolemy/actor/lib/test/auto/Compare.xml (RunModel)" time="0.02" />
  <testcase classname="ptolemy.util.test.junit.AutoTests" name="[74] /home/travis/build/icyphy/ptII/ptolemy/actor/lib/test/auto/CompareDE.xml (RunModel)" time="0.02" />
  <testcase classname="ptolemy.util.test.junit.AutoTests" name="[75] /home/travis/build/icyphy/ptII/ptolemy/actor/lib/test/auto/ComplexDivide.xml (RunModel)" time="0.011" />
  <testcase classname="ptolemy.util.test.junit.AutoTests" name="[76] /home/travis/build/icyphy/ptII/ptolemy/actor/lib/test/auto/ComputeHistogram.xml (RunModel)" time="0.062" />
  <testcase classname="ptolemy.util.test.junit.AutoTests" name="[77] /home/travis/build/icyphy/ptII/ptolemy/actor/lib/test/auto/ConfigurationSelect.xml (RunModel)" time="0.017" />
  <testcase classname="ptolemy.util.test.junit.AutoTests" name="[78] /home/travis/build/icyphy/ptII/ptolemy/actor/lib/test/auto/ConfigurationSelect2.xml (RunModel)" time="0.012" />
  <testcase classname="ptolemy.util.test.junit.AutoTests" name="[79] /home/travis/build/icyphy/ptII/ptolemy/actor/lib/test/auto/ConfigurationSwitch.xml (RunModel)" time="0.028" />
  <testcase classname="ptolemy.util.test.junit.AutoTests" name="[80] /home/travis/build/icyphy/ptII/ptolemy/actor/lib/test/auto/ConfigurationSwitch2.xml (RunModel)" time="0.026" />
  <testcase classname="ptolemy.util.test.junit.AutoTests" name="[81] /home/travis/build/icyphy/ptII/ptolemy/actor/lib/test/auto/ConfigurationSwitchCloningBugWithClassRelationGroup.xml (RunModel)" time="0.019" />
  <testcase classname="ptolemy.util.test.junit.AutoTests" name="[82] /home/travis/build/icyphy/ptII/ptolemy/actor/lib/test/auto/ConfigurationSwitchSelectSDF.xml (RunModel)" time="0.016" />
  <testcase classname="ptolemy.util.test.junit.AutoTests" name="[83] /home/travis/build/icyphy/ptII/ptolemy/actor/lib/test/auto/ConfigurationSwitchSelectSDF2.xml (RunModel)" time="0.015" />
  <testcase classname="ptolemy.util.test.junit.AutoTests" name="[84] /home/travis/build/icyphy/ptII/ptolemy/actor/lib/test/auto/Const.xml (RunModel)" time="0.008" />
  <testcase classname="ptolemy.util.test.junit.AutoTests" name="[85] /home/travis/build/icyphy/ptII/ptolemy/actor/lib/test/auto/Const2.xml (RunModel)" time="0.011" />
  <testcase classname="ptolemy.util.test.junit.AutoTests" name="[86] /home/travis/build/icyphy/ptII/ptolemy/actor/lib/test/auto/Const3.xml (RunModel)" time="0.009" />
  <testcase classname="ptolemy.util.test.junit.AutoTests" name="[87] /home/travis/build/icyphy/ptII/ptolemy/actor/lib/test/auto/ConstantPublisherPort1.xml (RunModel)" time="0.024" />
  <testcase classname="ptolemy.util.test.junit.AutoTests" name="[88] /home/travis/build/icyphy/ptII/ptolemy/actor/lib/test/auto/ConstantPublisherPort2.xml (RunModel)" time="0.029" />
  <testcase classname="ptolemy.util.test.junit.AutoTests" name="[89] /home/travis/build/icyphy/ptII/ptolemy/actor/lib/test/auto/ConstantPublisherPort3.xml (RunModel)" time="0.026" />
  <testcase classname="ptolemy.util.test.junit.AutoTests" name="[90] /home/travis/build/icyphy/ptII/ptolemy/actor/lib/test/auto/ConstantPublisherPort4.xml (RunModel)" time="0.02" />
  <testcase classname="ptolemy.util.test.junit.AutoTests" name="[91] /home/travis/build/icyphy/ptII/ptolemy/actor/lib/test/auto/ConstantPublisherPort5.xml (RunModel)" time="0.052" />
  <testcase classname="ptolemy.util.test.junit.AutoTests" name="[92] /home/travis/build/icyphy/ptII/ptolemy/actor/lib/test/auto/ConstantPublisherPort6.xml (RunModel)" time="0.045" />
  <testcase classname="ptolemy.util.test.junit.AutoTests" name="[93] /home/travis/build/icyphy/ptII/ptolemy/actor/lib/test/auto/ConstantPublisherPort7.xml (RunModel)" time="0.038" />
  <testcase classname="ptolemy.util.test.junit.AutoTests" name="[94] /home/travis/build/icyphy/ptII/ptolemy/actor/lib/test/auto/ConstraintMonitor1.xml (RunModel)" time="0.045" />
  <testcase classname="ptolemy.util.test.junit.AutoTests" name="[95] /home/travis/build/icyphy/ptII/ptolemy/actor/lib/test/auto/ConstraintMonitor2.xml (RunModel)" time="0.016" />
  <testcase classname="ptolemy.util.test.junit.AutoTests" name="[96] /home/travis/build/icyphy/ptII/ptolemy/actor/lib/test/auto/ConstraintMonitor3.xml (RunModel)" time="0.017" />
  <testcase classname="ptolemy.util.test.junit.AutoTests" name="[97] /home/travis/build/icyphy/ptII/ptolemy/actor/lib/test/auto/ConstraintMonitor4.xml (RunModel)" time="0.018" />
  <testcase classname="ptolemy.util.test.junit.AutoTests" name="[98] /home/travis/build/icyphy/ptII/ptolemy/actor/lib/test/auto/ConstraintMonitor5.xml (RunModel)" time="0.016" />
  <testcase classname="ptolemy.util.test.junit.AutoTests" name="[99] /home/travis/build/icyphy/ptII/ptolemy/actor/lib/test/auto/ConstraintMonitor6.xml (RunModel)" time="0.016" />
  <testcase classname="ptolemy.util.test.junit.AutoTests" name="[100] /home/travis/build/icyphy/ptII/ptolemy/actor/lib/test/auto/ConstraintMonitor7.xml (RunModel)" time="0.019" />
  <testcase classname="ptolemy.util.test.junit.AutoTests" name="[101] /home/travis/build/icyphy/ptII/ptolemy/actor/lib/test/auto/ConstraintMonitor8.xml (RunModel)" time="0.024" />
  <testcase classname="ptolemy.util.test.junit.AutoTests" name="[102] /home/travis/build/icyphy/ptII/ptolemy/actor/lib/test/auto/Counter.xml (RunModel)" time="0.012" />
  <testcase classname="ptolemy.util.test.junit.AutoTests" name="[103] /home/travis/build/icyphy/ptII/ptolemy/actor/lib/test/auto/CurrentTimeSDF.xml (RunModel)" time="0.009" />
  <testcase classname="ptolemy.util.test.junit.AutoTests" name="[104] /home/travis/build/icyphy/ptII/ptolemy/actor/lib/test/auto/DB.xml (RunModel)" time="0.011" />
  <testcase classname="ptolemy.util.test.junit.AutoTests" name="[105] /home/travis/build/icyphy/ptII/ptolemy/actor/lib/test/auto/DBDE.xml (RunModel)" time="0.013" />
  <testcase classname="ptolemy.util.test.junit.AutoTests" name="[106] /home/travis/build/icyphy/ptII/ptolemy/actor/lib/test/auto/DateConstructor.xml (RunModel)" time="0.077" />
  <testcase classname="ptolemy.util.test.junit.AutoTests" name="[107] /home/travis/build/icyphy/ptII/ptolemy/actor/lib/test/auto/DelayTime.xml (RunModel)" time="0.018" />
  <testcase classname="ptolemy.util.test.junit.AutoTests" name="[108] /home/travis/build/icyphy/ptII/ptolemy/actor/lib/test/auto/Dictionary1.xml (RunModel)" time="0.018" />
  <testcase classname="ptolemy.util.test.junit.AutoTests" name="[109] /home/travis/build/icyphy/ptII/ptolemy/actor/lib/test/auto/Dictionary2.xml (RunModel)" time="0.015" />
  <testcase classname="ptolemy.util.test.junit.AutoTests" name="[110] /home/travis/build/icyphy/ptII/ptolemy/actor/lib/test/auto/Dictionary3.xml (RunModel)" time="0.014" />
  <testcase classname="ptolemy.util.test.junit.AutoTests" name="[111] /home/travis/build/icyphy/ptII/ptolemy/actor/lib/test/auto/Dictionary4.xml (RunModel)" time="0.019" />
  <testcase classname="ptolemy.util.test.junit.AutoTests" name="[112] /home/travis/build/icyphy/ptII/ptolemy/actor/lib/test/auto/Differential.xml (RunModel)" time="0.017" />
  <testcase classname="ptolemy.util.test.junit.AutoTests" name="[113] /home/travis/build/icyphy/ptII/ptolemy/actor/lib/test/auto/Director.xml (RunModel)" time="0.011" />
  <testcase classname="ptolemy.util.test.junit.AutoTests" name="[114] /home/travis/build/icyphy/ptII/ptolemy/actor/lib/test/auto/DiscreteClock.xml (RunModel)" time="0.009" />
  <testcase classname="ptolemy.util.test.junit.AutoTests" name="[115] /home/travis/build/icyphy/ptII/ptolemy/actor/lib/test/auto/DiscreteClock10.xml (RunModel)" time="0.014" />
  <testcase classname="ptolemy.util.test.junit.AutoTests" name="[116] /home/travis/build/icyphy/ptII/ptolemy/actor/lib/test/auto/DiscreteClock11.xml (RunModel)" time="0.012" />
  <testcase classname="ptolemy.util.test.junit.AutoTests" name="[117] /home/travis/build/icyphy/ptII/ptolemy/actor/lib/test/auto/DiscreteClock12.xml (RunModel)" time="0.015" />
  <testcase classname="ptolemy.util.test.junit.AutoTests" name="[118] /home/travis/build/icyphy/ptII/ptolemy/actor/lib/test/auto/DiscreteClock13.xml (RunModel)" time="0.016" />
  <testcase classname="ptolemy.util.test.junit.AutoTests" name="[119] /home/travis/build/icyphy/ptII/ptolemy/actor/lib/test/auto/DiscreteClock14.xml (RunModel)" time="0.017" />
  <testcase classname="ptolemy.util.test.junit.AutoTests" name="[120] /home/travis/build/icyphy/ptII/ptolemy/actor/lib/test/auto/DiscreteClock15.xml (RunModel)" time="0.016" />
  <testcase classname="ptolemy.util.test.junit.AutoTests" name="[121] /home/travis/build/icyphy/ptII/ptolemy/actor/lib/test/auto/DiscreteClock16.xml (RunModel)" time="0.044" />
  <testcase classname="ptolemy.util.test.junit.AutoTests" name="[122] /home/travis/build/icyphy/ptII/ptolemy/actor/lib/test/auto/DiscreteClock17.xml (RunModel)" time="0.04" />
  <testcase classname="ptolemy.util.test.junit.AutoTests" name="[123] /home/travis/build/icyphy/ptII/ptolemy/actor/lib/test/auto/DiscreteClock18.xml (RunModel)" time="0.048" />
  <testcase classname="ptolemy.util.test.junit.AutoTests" name="[124] /home/travis/build/icyphy/ptII/ptolemy/actor/lib/test/auto/DiscreteClock19.xml (RunModel)" time="0.051" />
  <testcase classname="ptolemy.util.test.junit.AutoTests" name="[125] /home/travis/build/icyphy/ptII/ptolemy/actor/lib/test/auto/DiscreteClock2.xml (RunModel)" time="0.012" />
  <testcase classname="ptolemy.util.test.junit.AutoTests" name="[126] /home/travis/build/icyphy/ptII/ptolemy/actor/lib/test/auto/DiscreteClock20.xml (RunModel)" time="0.021" />
  <testcase classname="ptolemy.util.test.junit.AutoTests" name="[127] /home/travis/build/icyphy/ptII/ptolemy/actor/lib/test/auto/DiscreteClock21.xml (RunModel)" time="0.017" />
  <testcase classname="ptolemy.util.test.junit.AutoTests" name="[128] /home/travis/build/icyphy/ptII/ptolemy/actor/lib/test/auto/DiscreteClock22.xml (RunModel)" time="0.017" />
  <testcase classname="ptolemy.util.test.junit.AutoTests" name="[129] /home/travis/build/icyphy/ptII/ptolemy/actor/lib/test/auto/DiscreteClock23.xml (RunModel)" time="0.018" />
  <testcase classname="ptolemy.util.test.junit.AutoTests" name="[130] /home/travis/build/icyphy/ptII/ptolemy/actor/lib/test/auto/DiscreteClock24.xml (RunModel)" time="0.017" />
  <testcase classname="ptolemy.util.test.junit.AutoTests" name="[131] /home/travis/build/icyphy/ptII/ptolemy/actor/lib/test/auto/DiscreteClock4.xml (RunModel)" time="0.016" />
  <testcase classname="ptolemy.util.test.junit.AutoTests" name="[132] /home/travis/build/icyphy/ptII/ptolemy/actor/lib/test/auto/DiscreteClock5.xml (RunModel)" time="0.011" />
  <testcase classname="ptolemy.util.test.junit.AutoTests" name="[133] /home/travis/build/icyphy/ptII/ptolemy/actor/lib/test/auto/DiscreteClock6.xml (RunModel)" time="0.011" />
  <testcase classname="ptolemy.util.test.junit.AutoTests" name="[134] /home/travis/build/icyphy/ptII/ptolemy/actor/lib/test/auto/DiscreteClock7.xml (RunModel)" time="0.013" />
  <testcase classname="ptolemy.util.test.junit.AutoTests" name="[135] /home/travis/build/icyphy/ptII/ptolemy/actor/lib/test/auto/DiscreteClock8.xml (RunModel)" time="0.03" />
  <testcase classname="ptolemy.util.test.junit.AutoTests" name="[136] /home/travis/build/icyphy/ptII/ptolemy/actor/lib/test/auto/DiscreteClock9.xml (RunModel)" time="0.016" />
  <testcase classname="ptolemy.util.test.junit.AutoTests" name="[137] /home/travis/build/icyphy/ptII/ptolemy/actor/lib/test/auto/DisplayArray.xml (RunModel)" time="0.009" />
  <testcase classname="ptolemy.util.test.junit.AutoTests" name="[138] /home/travis/build/icyphy/ptII/ptolemy/actor/lib/test/auto/Distributor.xml (RunModel)" time="0.009" />
  <testcase classname="ptolemy.util.test.junit.AutoTests" name="[139] /home/travis/build/icyphy/ptII/ptolemy/actor/lib/test/auto/Distributor2.xml (RunModel)" time="0.011" />
  <testcase classname="ptolemy.util.test.junit.AutoTests" name="[140] /home/travis/build/icyphy/ptII/ptolemy/actor/lib/test/auto/DownSample.xml (RunModel)" time="0.015" />
  <testcase classname="ptolemy.util.test.junit.AutoTests" name="[141] /home/travis/build/icyphy/ptII/ptolemy/actor/lib/test/auto/ElectronicUnitBase1.xml (RunModel)" time="0.059" />
  <testcase classname="ptolemy.util.test.junit.AutoTests" name="[142] /home/travis/build/icyphy/ptII/ptolemy/actor/lib/test/auto/ElementsToArray.xml (RunModel)" time="0.012" />
  <testcase classname="ptolemy.util.test.junit.AutoTests" name="[143] /home/travis/build/icyphy/ptII/ptolemy/actor/lib/test/auto/Equals.xml (RunModel)" time="0.015" />
  <testcase classname="ptolemy.util.test.junit.AutoTests" name="[144] /home/travis/build/icyphy/ptII/ptolemy/actor/lib/test/auto/Exec.xml (RunModel)" time="0.031" />
  <testcase classname="ptolemy.util.test.junit.AutoTests" name="[145] /home/travis/build/icyphy/ptII/ptolemy/actor/lib/test/auto/ExecEnvironment.xml (RunModel)" time="0.037" />
  <testcase classname="ptolemy.util.test.junit.AutoTests" name="[146] /home/travis/build/icyphy/ptII/ptolemy/actor/lib/test/auto/ExecNonZeroReturnOutput.xml (RunModel)" time="0.204" />
  <testcase classname="ptolemy.util.test.junit.AutoTests" name="[147] /home/travis/build/icyphy/ptII/ptolemy/actor/lib/test/auto/ExecRunDemos.xml (RunModel)" time="11.127">
    <error type="java.lang.reflect.InvocationTargetException">java.lang.reflect.InvocationTargetException
	at jdk.internal.reflect.GeneratedConstructorAccessor36.newInstance(Unknown Source)
	at java.base/jdk.internal.reflect.DelegatingConstructorAccessorImpl.newInstance(DelegatingConstructorAccessorImpl.java:45)
	at java.base/java.lang.reflect.Constructor.newInstance(Constructor.java:488)
	at ptolemy.util.test.junit.AutoTests.RunModel(AutoTests.java:193)
	at jdk.internal.reflect.GeneratedMethodAccessor43.invoke(Unknown Source)
	at java.base/jdk.internal.reflect.DelegatingMethodAccessorImpl.invoke(DelegatingMethodAccessorImpl.java:43)
	at junitparams.internal.InvokeParameterisedMethod.evaluate(InvokeParameterisedMethod.java:102)
Caused by: ptolemy.kernel.util.IllegalActionException: Test fails in iteration 0.
Value was: &quot;WARNING: An illegal reflective access operation has occurred\nWARNING: Illegal reflective access by io.netty.util.internal.ReflectionUtil (file:/home/travis/build/icyphy/ptII/lib/netty-common-4.1.19.Final.jar) to constructor java.nio.DirectByteBuffer(long,int)\nWARNING: Please consider reporting this to the maintainers of io.netty.util.internal.ReflectionUtil\nWARNING: Use --illegal-access=warn to enable warnings of further illegal reflective access operations\nWARNING: All illegal access operations will be denied in a future release\n&quot;. Should have been: &quot;&quot;
  in .ExecRunDemos.Test
	at ptolemy.actor.lib.Test.fire(Test.java:268)
	at ptolemy.actor.AtomicActor.iterate(AtomicActor.java:512)
	at ptolemy.actor.sched.StaticSchedulingDirector.fire(StaticSchedulingDirector.java:216)
	at ptolemy.domains.sdf.kernel.SDFDirector.fire(SDFDirector.java:500)
	at ptolemy.actor.CompositeActor.fire(CompositeActor.java:455)
	at ptolemy.actor.Manager.iterate(Manager.java:851)
	at ptolemy.actor.Manager.execute(Manager.java:369)
	at ptolemy.actor.Manager.run(Manager.java:1263)
	at ptolemy.actor.Manager$PtolemyRunThread.run(Manager.java:1915)
</error>
  </testcase>
  <testcase classname="ptolemy.util.test.junit.AutoTests" name="[148] /home/travis/build/icyphy/ptII/ptolemy/actor/lib/test/auto/ExecStop.xml (RunModel)" time="5.048" />
  <testcase classname="ptolemy.util.test.junit.AutoTests" name="[149] /home/travis/build/icyphy/ptII/ptolemy/actor/lib/test/auto/ExecutionTimeSDF.xml (RunModel)" time="6.031" />
  <testcase classname="ptolemy.util.test.junit.AutoTests" name="[150] /home/travis/build/icyphy/ptII/ptolemy/actor/lib/test/auto/Expression1.xml (RunModel)" time="0.03" />
  <testcase classname="ptolemy.util.test.junit.AutoTests" name="[151] /home/travis/build/icyphy/ptII/ptolemy/actor/lib/test/auto/Expression10.xml (RunModel)" time="0.026" />
  <testcase classname="ptolemy.util.test.junit.AutoTests" name="[152] /home/travis/build/icyphy/ptII/ptolemy/actor/lib/test/auto/Expression11.xml (RunModel)" time="0.012" />
  <testcase classname="ptolemy.util.test.junit.AutoTests" name="[153] /home/travis/build/icyphy/ptII/ptolemy/actor/lib/test/auto/Expression12.xml (RunModel)" time="0.014" />
  <testcase classname="ptolemy.util.test.junit.AutoTests" name="[154] /home/travis/build/icyphy/ptII/ptolemy/actor/lib/test/auto/Expression13.xml (RunModel)" time="0.012" />
  <testcase classname="ptolemy.util.test.junit.AutoTests" name="[155] /home/travis/build/icyphy/ptII/ptolemy/actor/lib/test/auto/Expression14.xml (RunModel)" time="0.019" />
  <testcase classname="ptolemy.util.test.junit.AutoTests" name="[156] /home/travis/build/icyphy/ptII/ptolemy/actor/lib/test/auto/Expression15.xml (RunModel)" time="0.008" />
  <testcase classname="ptolemy.util.test.junit.AutoTests" name="[157] /home/travis/build/icyphy/ptII/ptolemy/actor/lib/test/auto/Expression16.xml (RunModel)" time="0.015" />
  <testcase classname="ptolemy.util.test.junit.AutoTests" name="[158] /home/travis/build/icyphy/ptII/ptolemy/actor/lib/test/auto/Expression17.xml (RunModel)" time="0.014" />
  <testcase classname="ptolemy.util.test.junit.AutoTests" name="[159] /home/travis/build/icyphy/ptII/ptolemy/actor/lib/test/auto/Expression18.xml (RunModel)" time="0.012" />
  <testcase classname="ptolemy.util.test.junit.AutoTests" name="[160] /home/travis/build/icyphy/ptII/ptolemy/actor/lib/test/auto/Expression2.xml (RunModel)" time="0.013" />
  <testcase classname="ptolemy.util.test.junit.AutoTests" name="[161] /home/travis/build/icyphy/ptII/ptolemy/actor/lib/test/auto/Expression3.xml (RunModel)" time="0.015" />
  <testcase classname="ptolemy.util.test.junit.AutoTests" name="[162] /home/travis/build/icyphy/ptII/ptolemy/actor/lib/test/auto/Expression4.xml (RunModel)" time="0.02" />
  <testcase classname="ptolemy.util.test.junit.AutoTests" name="[163] /home/travis/build/icyphy/ptII/ptolemy/actor/lib/test/auto/Expression5.xml (RunModel)" time="0.013" />
  <testcase classname="ptolemy.util.test.junit.AutoTests" name="[164] /home/travis/build/icyphy/ptII/ptolemy/actor/lib/test/auto/Expression6.xml (RunModel)" time="0.01" />
  <testcase classname="ptolemy.util.test.junit.AutoTests" name="[165] /home/travis/build/icyphy/ptII/ptolemy/actor/lib/test/auto/Expression7.xml (RunModel)" time="0.013" />
  <testcase classname="ptolemy.util.test.junit.AutoTests" name="[166] /home/travis/build/icyphy/ptII/ptolemy/actor/lib/test/auto/Expression8.xml (RunModel)" time="0.016" />
  <testcase classname="ptolemy.util.test.junit.AutoTests" name="[167] /home/travis/build/icyphy/ptII/ptolemy/actor/lib/test/auto/Expression9.xml (RunModel)" time="0.008" />
  <testcase classname="ptolemy.util.test.junit.AutoTests" name="[168] /home/travis/build/icyphy/ptII/ptolemy/actor/lib/test/auto/ExpressionConcatenateArrayType.xml (RunModel)" time="0.03" />
  <testcase classname="ptolemy.util.test.junit.AutoTests" name="[169] /home/travis/build/icyphy/ptII/ptolemy/actor/lib/test/auto/ExpressionConcatenateArrayType2.xml (RunModel)" time="0.023" />
  <testcase classname="ptolemy.util.test.junit.AutoTests" name="[170] /home/travis/build/icyphy/ptII/ptolemy/actor/lib/test/auto/ExpressionFix.xml (RunModel)" time="0.044" />
  <testcase classname="ptolemy.util.test.junit.AutoTests" name="[171] /home/travis/build/icyphy/ptII/ptolemy/actor/lib/test/auto/ExpressionFix2.xml (RunModel)" time="0.016" />
  <testcase classname="ptolemy.util.test.junit.AutoTests" name="[172] /home/travis/build/icyphy/ptII/ptolemy/actor/lib/test/auto/ExpressionFix3.xml (RunModel)" time="0.016" />
  <testcase classname="ptolemy.util.test.junit.AutoTests" name="[173] /home/travis/build/icyphy/ptII/ptolemy/actor/lib/test/auto/FileWriter1.xml (RunModel)" time="0.01" />
  <testcase classname="ptolemy.util.test.junit.AutoTests" name="[174] /home/travis/build/icyphy/ptII/ptolemy/actor/lib/test/auto/FileWriter2.xml (RunModel)" time="0.013" />
  <testcase classname="ptolemy.util.test.junit.AutoTests" name="[175] /home/travis/build/icyphy/ptII/ptolemy/actor/lib/test/auto/FileWriter3.xml (RunModel)" time="0.013" />
  <testcase classname="ptolemy.util.test.junit.AutoTests" name="[176] /home/travis/build/icyphy/ptII/ptolemy/actor/lib/test/auto/Gaussian.xml (RunModel)" time="0.012" />
  <testcase classname="ptolemy.util.test.junit.AutoTests" name="[177] /home/travis/build/icyphy/ptII/ptolemy/actor/lib/test/auto/Gaussian1.xml (RunModel)" time="0.022" />
  <testcase classname="ptolemy.util.test.junit.AutoTests" name="[178] /home/travis/build/icyphy/ptII/ptolemy/actor/lib/test/auto/Gaussian2.xml (RunModel)" time="0.019" />
  <testcase classname="ptolemy.util.test.junit.AutoTests" name="[179] /home/travis/build/icyphy/ptII/ptolemy/actor/lib/test/auto/GradientAdaptiveLattice.xml (RunModel)" time="0.017" />
  <testcase classname="ptolemy.util.test.junit.AutoTests" name="[180] /home/travis/build/icyphy/ptII/ptolemy/actor/lib/test/auto/IIR.xml (RunModel)" time="0.01" />
  <testcase classname="ptolemy.util.test.junit.AutoTests" name="[181] /home/travis/build/icyphy/ptII/ptolemy/actor/lib/test/auto/InputOutputTransparentPorts.xml (RunModel)" time="0.021" />
  <testcase classname="ptolemy.util.test.junit.AutoTests" name="[182] /home/travis/build/icyphy/ptII/ptolemy/actor/lib/test/auto/Interpolator.xml (RunModel)" time="0.013" />
  <testcase classname="ptolemy.util.test.junit.AutoTests" name="[183] /home/travis/build/icyphy/ptII/ptolemy/actor/lib/test/auto/InterpolatorFiringLimitDE.xml (RunModel)" time="0.014" />
  <testcase classname="ptolemy.util.test.junit.AutoTests" name="[184] /home/travis/build/icyphy/ptII/ptolemy/actor/lib/test/auto/Lattice.xml (RunModel)" time="0.012" />
  <testcase classname="ptolemy.util.test.junit.AutoTests" name="[185] /home/travis/build/icyphy/ptII/ptolemy/actor/lib/test/auto/LazyAOCTestLazy.xml (RunModel)" time="0.039" />
  <testcase classname="ptolemy.util.test.junit.AutoTests" name="[186] /home/travis/build/icyphy/ptII/ptolemy/actor/lib/test/auto/LazyAOCTestNonLazy.xml (RunModel)" time="0.042" />
  <testcase classname="ptolemy.util.test.junit.AutoTests" name="[187] /home/travis/build/icyphy/ptII/ptolemy/actor/lib/test/auto/LazyInnerClass.xml (RunModel)" time="0.047" />
  <testcase classname="ptolemy.util.test.junit.AutoTests" name="[188] /home/travis/build/icyphy/ptII/ptolemy/actor/lib/test/auto/LazyPubSub.xml (RunModel)" time="0.06" />
  <testcase classname="ptolemy.util.test.junit.AutoTests" name="[189] /home/travis/build/icyphy/ptII/ptolemy/actor/lib/test/auto/LazyPubSub2.xml (RunModel)" time="0.058" />
  <testcase classname="ptolemy.util.test.junit.AutoTests" name="[190] /home/travis/build/icyphy/ptII/ptolemy/actor/lib/test/auto/LazyPubSub3.xml (RunModel)" time="0.029" />
  <testcase classname="ptolemy.util.test.junit.AutoTests" name="[191] /home/travis/build/icyphy/ptII/ptolemy/actor/lib/test/auto/LazySubClassModel.xml (RunModel)" time="0.025" />
  <testcase classname="ptolemy.util.test.junit.AutoTests" name="[192] /home/travis/build/icyphy/ptII/ptolemy/actor/lib/test/auto/LevelCrossTest1.xml (RunModel)" time="0.011" />
  <testcase classname="ptolemy.util.test.junit.AutoTests" name="[193] /home/travis/build/icyphy/ptII/ptolemy/actor/lib/test/auto/LevelCrossTest10.xml (RunModel)" time="0.016" />
  <testcase classname="ptolemy.util.test.junit.AutoTests" name="[194] /home/travis/build/icyphy/ptII/ptolemy/actor/lib/test/auto/LevelCrossTest11.xml (RunModel)" time="0.017" />
  <testcase classname="ptolemy.util.test.junit.AutoTests" name="[195] /home/travis/build/icyphy/ptII/ptolemy/actor/lib/test/auto/LevelCrossTest12.xml (RunModel)" time="0.017" />
  <testcase classname="ptolemy.util.test.junit.AutoTests" name="[196] /home/travis/build/icyphy/ptII/ptolemy/actor/lib/test/auto/LevelCrossTest13.xml (RunModel)" time="0.013" />
  <testcase classname="ptolemy.util.test.junit.AutoTests" name="[197] /home/travis/build/icyphy/ptII/ptolemy/actor/lib/test/auto/LevelCrossTest2.xml (RunModel)" time="0.013" />
  <testcase classname="ptolemy.util.test.junit.AutoTests" name="[198] /home/travis/build/icyphy/ptII/ptolemy/actor/lib/test/auto/LevelCrossTest3.xml (RunModel)" time="0.016" />
  <testcase classname="ptolemy.util.test.junit.AutoTests" name="[199] /home/travis/build/icyphy/ptII/ptolemy/actor/lib/test/auto/LevelCrossTest4.xml (RunModel)" time="0.01" />
  <testcase classname="ptolemy.util.test.junit.AutoTests" name="[200] /home/travis/build/icyphy/ptII/ptolemy/actor/lib/test/auto/LevelCrossTest5.xml (RunModel)" time="0.013" />
  <testcase classname="ptolemy.util.test.junit.AutoTests" name="[201] /home/travis/build/icyphy/ptII/ptolemy/actor/lib/test/auto/LevelCrossTest6.xml (RunModel)" time="0.014" />
  <testcase classname="ptolemy.util.test.junit.AutoTests" name="[202] /home/travis/build/icyphy/ptII/ptolemy/actor/lib/test/auto/LevelCrossTest7.xml (RunModel)" time="0.021" />
  <testcase classname="ptolemy.util.test.junit.AutoTests" name="[203] /home/travis/build/icyphy/ptII/ptolemy/actor/lib/test/auto/LevelCrossTest8.xml (RunModel)" time="0.014" />
  <testcase classname="ptolemy.util.test.junit.AutoTests" name="[204] /home/travis/build/icyphy/ptII/ptolemy/actor/lib/test/auto/LevelCrossTest9.xml (RunModel)" time="0.014" />
  <testcase classname="ptolemy.util.test.junit.AutoTests" name="[205] /home/travis/build/icyphy/ptII/ptolemy/actor/lib/test/auto/LevinsonDurbin.xml (RunModel)" time="0.009" />
  <testcase classname="ptolemy.util.test.junit.AutoTests" name="[206] /home/travis/build/icyphy/ptII/ptolemy/actor/lib/test/auto/LevinsonDurbin2.xml (RunModel)" time="0.012" />
  <testcase classname="ptolemy.util.test.junit.AutoTests" name="[207] /home/travis/build/icyphy/ptII/ptolemy/actor/lib/test/auto/LevinsonDurbin3.xml (RunModel)" time="0.011" />
  <testcase classname="ptolemy.util.test.junit.AutoTests" name="[208] /home/travis/build/icyphy/ptII/ptolemy/actor/lib/test/auto/Limiter.xml (RunModel)" time="0.043" />
  <testcase classname="ptolemy.util.test.junit.AutoTests" name="[209] /home/travis/build/icyphy/ptII/ptolemy/actor/lib/test/auto/LinearDifferenceEquationSystem.xml (RunModel)" time="0.022" />
  <testcase classname="ptolemy.util.test.junit.AutoTests" name="[210] /home/travis/build/icyphy/ptII/ptolemy/actor/lib/test/auto/LookupTable.xml (RunModel)" time="0.013" />
  <testcase classname="ptolemy.util.test.junit.AutoTests" name="[211] /home/travis/build/icyphy/ptII/ptolemy/actor/lib/test/auto/MathFunction.xml (RunModel)" time="0.032" />
  <testcase classname="ptolemy.util.test.junit.AutoTests" name="[212] /home/travis/build/icyphy/ptII/ptolemy/actor/lib/test/auto/MathFunction2.xml (RunModel)" time="0.018" />
  <testcase classname="ptolemy.util.test.junit.AutoTests" name="[213] /home/travis/build/icyphy/ptII/ptolemy/actor/lib/test/auto/MathFunction3.xml (RunModel)" time="0.024" />
  <testcase classname="ptolemy.util.test.junit.AutoTests" name="[214] /home/travis/build/icyphy/ptII/ptolemy/actor/lib/test/auto/MatrixCropBoolean.xml (RunModel)" time="0.014" />
  <testcase classname="ptolemy.util.test.junit.AutoTests" name="[215] /home/travis/build/icyphy/ptII/ptolemy/actor/lib/test/auto/MatrixCropComplex.xml (RunModel)" time="0.021" />
  <testcase classname="ptolemy.util.test.junit.AutoTests" name="[216] /home/travis/build/icyphy/ptII/ptolemy/actor/lib/test/auto/MatrixCropDouble.xml (RunModel)" time="0.016" />
  <testcase classname="ptolemy.util.test.junit.AutoTests" name="[217] /home/travis/build/icyphy/ptII/ptolemy/actor/lib/test/auto/MatrixCropFix.xml (RunModel)" time="0.018" />
  <testcase classname="ptolemy.util.test.junit.AutoTests" name="[218] /home/travis/build/icyphy/ptII/ptolemy/actor/lib/test/auto/MatrixCropInt.xml (RunModel)" time="0.017" />
  <testcase classname="ptolemy.util.test.junit.AutoTests" name="[219] /home/travis/build/icyphy/ptII/ptolemy/actor/lib/test/auto/MatrixCropLong.xml (RunModel)" time="0.009" />
  <testcase classname="ptolemy.util.test.junit.AutoTests" name="[220] /home/travis/build/icyphy/ptII/ptolemy/actor/lib/test/auto/MatrixToArray.xml (RunModel)" time="0.065" />
  <testcase classname="ptolemy.util.test.junit.AutoTests" name="[221] /home/travis/build/icyphy/ptII/ptolemy/actor/lib/test/auto/MaxIndex.xml (RunModel)" time="0.018" />
  <testcase classname="ptolemy.util.test.junit.AutoTests" name="[222] /home/travis/build/icyphy/ptII/ptolemy/actor/lib/test/auto/Maximum.xml (RunModel)" time="0.014" />
  <testcase classname="ptolemy.util.test.junit.AutoTests" name="[223] /home/travis/build/icyphy/ptII/ptolemy/actor/lib/test/auto/MaximumComplex.xml (RunModel)" time="0.015" />
  <testcase classname="ptolemy.util.test.junit.AutoTests" name="[224] /home/travis/build/icyphy/ptII/ptolemy/actor/lib/test/auto/MethodCallTest.xml (RunModel)" time="0.021" />
  <testcase classname="ptolemy.util.test.junit.AutoTests" name="[225] /home/travis/build/icyphy/ptII/ptolemy/actor/lib/test/auto/Minimum.xml (RunModel)" time="0.014" />
  <testcase classname="ptolemy.util.test.junit.AutoTests" name="[226] /home/travis/build/icyphy/ptII/ptolemy/actor/lib/test/auto/MinimumComplex.xml (RunModel)" time="0.025" />
  <testcase classname="ptolemy.util.test.junit.AutoTests" name="[227] /home/travis/build/icyphy/ptII/ptolemy/actor/lib/test/auto/MinimumMultiports.xml (RunModel)" time="0.023" />
  <testcase classname="ptolemy.util.test.junit.AutoTests" name="[228] /home/travis/build/icyphy/ptII/ptolemy/actor/lib/test/auto/ModifyDate.xml (RunModel)" time="0.043" />
  <testcase classname="ptolemy.util.test.junit.AutoTests" name="[229] /home/travis/build/icyphy/ptII/ptolemy/actor/lib/test/auto/ModifyDate2.xml (RunModel)" time="0.033" />
  <testcase classname="ptolemy.util.test.junit.AutoTests" name="[230] /home/travis/build/icyphy/ptII/ptolemy/actor/lib/test/auto/MovingAverage.xml (RunModel)" time="0.022" />
  <testcase classname="ptolemy.util.test.junit.AutoTests" name="[231] /home/travis/build/icyphy/ptII/ptolemy/actor/lib/test/auto/MovingMaximum.xml (RunModel)" time="0.012" />
  <testcase classname="ptolemy.util.test.junit.AutoTests" name="[232] /home/travis/build/icyphy/ptII/ptolemy/actor/lib/test/auto/MultipleLinksToSameRelation.xml (RunModel)" time="0.007" />
  <testcase classname="ptolemy.util.test.junit.AutoTests" name="[233] /home/travis/build/icyphy/ptII/ptolemy/actor/lib/test/auto/MultipleLinksToSameRelationDE.xml (RunModel)" time="0.008" />
  <testcase classname="ptolemy.util.test.junit.AutoTests" name="[234] /home/travis/build/icyphy/ptII/ptolemy/actor/lib/test/auto/Multiplexor.xml (RunModel)" time="0.013" />
  <testcase classname="ptolemy.util.test.junit.AutoTests" name="[235] /home/travis/build/icyphy/ptII/ptolemy/actor/lib/test/auto/Multiplexor1.xml (RunModel)" time="0.012" />
  <testcase classname="ptolemy.util.test.junit.AutoTests" name="[236] /home/travis/build/icyphy/ptII/ptolemy/actor/lib/test/auto/Multiplexor2.xml (RunModel)" time="0.017" />
  <testcase classname="ptolemy.util.test.junit.AutoTests" name="[237] /home/travis/build/icyphy/ptII/ptolemy/actor/lib/test/auto/Multiplexor3.xml (RunModel)" time="0.009" />
  <testcase classname="ptolemy.util.test.junit.AutoTests" name="[238] /home/travis/build/icyphy/ptII/ptolemy/actor/lib/test/auto/MultiplexorDE.xml (RunModel)" time="0.018" />
  <testcase classname="ptolemy.util.test.junit.AutoTests" name="[239] /home/travis/build/icyphy/ptII/ptolemy/actor/lib/test/auto/MultiportBroadcastTest.xml (RunModel)" time="0.099" />
  <testcase classname="ptolemy.util.test.junit.AutoTests" name="[240] /home/travis/build/icyphy/ptII/ptolemy/actor/lib/test/auto/MultiportOutHangDuringGetWidth.xml (RunModel)" time="0.038" />
  <testcase classname="ptolemy.util.test.junit.AutoTests" name="[241] /home/travis/build/icyphy/ptII/ptolemy/actor/lib/test/auto/NilToken.xml (RunModel)" time="0.013" />
  <testcase classname="ptolemy.util.test.junit.AutoTests" name="[242] /home/travis/build/icyphy/ptII/ptolemy/actor/lib/test/auto/NilTokenNonStrictTest.xml (RunModel)" time="0.02" />
  <testcase classname="ptolemy.util.test.junit.AutoTests" name="[243] /home/travis/build/icyphy/ptII/ptolemy/actor/lib/test/auto/NilTokenRecord.xml (RunModel)" time="0.023" />
  <testcase classname="ptolemy.util.test.junit.AutoTests" name="[244] /home/travis/build/icyphy/ptII/ptolemy/actor/lib/test/auto/NilTokenTypeTest.xml (RunModel)" time="0.033" />
  <testcase classname="ptolemy.util.test.junit.AutoTests" name="[245] /home/travis/build/icyphy/ptII/ptolemy/actor/lib/test/auto/ObjectToken1.xml (RunModel)" time="0.011" />
  <testcase classname="ptolemy.util.test.junit.AutoTests" name="[246] /home/travis/build/icyphy/ptII/ptolemy/actor/lib/test/auto/OrderedMerge.xml (RunModel)" time="0.023" />
  <testcase classname="ptolemy.util.test.junit.AutoTests" name="[247] /home/travis/build/icyphy/ptII/ptolemy/actor/lib/test/auto/OrderedRecordDisassembler.xml (RunModel)" time="0.019" />
  <testcase classname="ptolemy.util.test.junit.AutoTests" name="[248] /home/travis/build/icyphy/ptII/ptolemy/actor/lib/test/auto/OrderedRecordDisassembler2.xml (RunModel)" time="0.018" />
  <testcase classname="ptolemy.util.test.junit.AutoTests" name="[249] /home/travis/build/icyphy/ptII/ptolemy/actor/lib/test/auto/OrderedRecordUpdater.xml (RunModel)" time="0.01" />
  <testcase classname="ptolemy.util.test.junit.AutoTests" name="[250] /home/travis/build/icyphy/ptII/ptolemy/actor/lib/test/auto/OrderedRecordUpdater2.xml (RunModel)" time="0.017" />
  <testcase classname="ptolemy.util.test.junit.AutoTests" name="[251] /home/travis/build/icyphy/ptII/ptolemy/actor/lib/test/auto/PhaseUnwrap.xml (RunModel)" time="0.014" />
  <testcase classname="ptolemy.util.test.junit.AutoTests" name="[252] /home/travis/build/icyphy/ptII/ptolemy/actor/lib/test/auto/PoissonClock.xml (RunModel)" time="0.011" />
  <testcase classname="ptolemy.util.test.junit.AutoTests" name="[253] /home/travis/build/icyphy/ptII/ptolemy/actor/lib/test/auto/PoissonClock2.xml (RunModel)" time="0.008" />
  <testcase classname="ptolemy.util.test.junit.AutoTests" name="[254] /home/travis/build/icyphy/ptII/ptolemy/actor/lib/test/auto/PoissonClock3.xml (RunModel)" time="0.026" />
  <testcase classname="ptolemy.util.test.junit.AutoTests" name="[255] /home/travis/build/icyphy/ptII/ptolemy/actor/lib/test/auto/PubSubWithInitialTokens.xml (RunModel)" time="0.014" />
  <testcase classname="ptolemy.util.test.junit.AutoTests" name="[256] /home/travis/build/icyphy/ptII/ptolemy/actor/lib/test/auto/PubSubWithInitialTokens2.xml (RunModel)" time="0.013" />
  <testcase classname="ptolemy.util.test.junit.AutoTests" name="[257] /home/travis/build/icyphy/ptII/ptolemy/actor/lib/test/auto/PublisherClassNoParameter.xml (RunModel)" time="0.024" />
  <testcase classname="ptolemy.util.test.junit.AutoTests" name="[258] /home/travis/build/icyphy/ptII/ptolemy/actor/lib/test/auto/PublisherClassParameter.xml (RunModel)" time="0.023" />
  <testcase classname="ptolemy.util.test.junit.AutoTests" name="[259] /home/travis/build/icyphy/ptII/ptolemy/actor/lib/test/auto/PublisherNonStrictTest.xml (RunModel)" time="0.017" />
  <testcase classname="ptolemy.util.test.junit.AutoTests" name="[260] /home/travis/build/icyphy/ptII/ptolemy/actor/lib/test/auto/PublisherPort1.xml (RunModel)" time="0.022" />
  <testcase classname="ptolemy.util.test.junit.AutoTests" name="[261] /home/travis/build/icyphy/ptII/ptolemy/actor/lib/test/auto/PublisherPort2.xml (RunModel)" time="0.009" />
  <testcase classname="ptolemy.util.test.junit.AutoTests" name="[262] /home/travis/build/icyphy/ptII/ptolemy/actor/lib/test/auto/PublisherPort3.xml (RunModel)" time="0.012" />
  <testcase classname="ptolemy.util.test.junit.AutoTests" name="[263] /home/travis/build/icyphy/ptII/ptolemy/actor/lib/test/auto/PublisherPort4.xml (RunModel)" time="0.012" />
  <testcase classname="ptolemy.util.test.junit.AutoTests" name="[264] /home/travis/build/icyphy/ptII/ptolemy/actor/lib/test/auto/PublisherPort5.xml (RunModel)" time="0.014" />
  <testcase classname="ptolemy.util.test.junit.AutoTests" name="[265] /home/travis/build/icyphy/ptII/ptolemy/actor/lib/test/auto/PublisherPort5LookAlike.xml (RunModel)" time="0.019" />
  <testcase classname="ptolemy.util.test.junit.AutoTests" name="[266] /home/travis/build/icyphy/ptII/ptolemy/actor/lib/test/auto/PublisherPort6.xml (RunModel)" time="0.012" />
  <testcase classname="ptolemy.util.test.junit.AutoTests" name="[267] /home/travis/build/icyphy/ptII/ptolemy/actor/lib/test/auto/PublisherPort7.xml (RunModel)" time="0.014" />
  <testcase classname="ptolemy.util.test.junit.AutoTests" name="[268] /home/travis/build/icyphy/ptII/ptolemy/actor/lib/test/auto/PublisherPort8.xml (RunModel)" time="0.015" />
  <testcase classname="ptolemy.util.test.junit.AutoTests" name="[269] /home/travis/build/icyphy/ptII/ptolemy/actor/lib/test/auto/PublisherPortSubscriberChannelVariablesAOC2.xml (RunModel)" time="0.042" />
  <testcase classname="ptolemy.util.test.junit.AutoTests" name="[270] /home/travis/build/icyphy/ptII/ptolemy/actor/lib/test/auto/PublisherPortSubscriberOpaqueWidthInference.xml (RunModel)" time="0.016" />
  <testcase classname="ptolemy.util.test.junit.AutoTests" name="[271] /home/travis/build/icyphy/ptII/ptolemy/actor/lib/test/auto/PublisherPortSubscriberPortAdjacent.xml (RunModel)" time="0.016" />
  <testcase classname="ptolemy.util.test.junit.AutoTests" name="[272] /home/travis/build/icyphy/ptII/ptolemy/actor/lib/test/auto/PublisherPortSubscriberPortExpression.xml (RunModel)" time="0.018" />
  <testcase classname="ptolemy.util.test.junit.AutoTests" name="[273] /home/travis/build/icyphy/ptII/ptolemy/actor/lib/test/auto/PublisherPortSubscriberPortOpaqueD3Reverse.xml (RunModel)" time="0.043" />
  <testcase classname="ptolemy.util.test.junit.AutoTests" name="[274] /home/travis/build/icyphy/ptII/ptolemy/actor/lib/test/auto/PublisherPortSubscriberPortOpaqueWidthInference.xml (RunModel)" time="0.028" />
  <testcase classname="ptolemy.util.test.junit.AutoTests" name="[275] /home/travis/build/icyphy/ptII/ptolemy/actor/lib/test/auto/PublisherPortToplevelSubscriberPortAOC.xml (RunModel)" time="0.015" />
  <testcase classname="ptolemy.util.test.junit.AutoTests" name="[276] /home/travis/build/icyphy/ptII/ptolemy/actor/lib/test/auto/PublisherSubscriber.xml (RunModel)" time="0.015" />
  <testcase classname="ptolemy.util.test.junit.AutoTests" name="[277] /home/travis/build/icyphy/ptII/ptolemy/actor/lib/test/auto/PublisherSubscriber10.xml (RunModel)" time="0.024" />
  <testcase classname="ptolemy.util.test.junit.AutoTests" name="[278] /home/travis/build/icyphy/ptII/ptolemy/actor/lib/test/auto/PublisherSubscriber10InitialOutputs.xml (RunModel)" time="0.032" />
  <testcase classname="ptolemy.util.test.junit.AutoTests" name="[279] /home/travis/build/icyphy/ptII/ptolemy/actor/lib/test/auto/PublisherSubscriber11.xml (RunModel)" time="0.016" />
  <testcase classname="ptolemy.util.test.junit.AutoTests" name="[280] /home/travis/build/icyphy/ptII/ptolemy/actor/lib/test/auto/PublisherSubscriber12.xml (RunModel)" time="0.016" />
  <testcase classname="ptolemy.util.test.junit.AutoTests" name="[281] /home/travis/build/icyphy/ptII/ptolemy/actor/lib/test/auto/PublisherSubscriber13.xml (RunModel)" time="0.011" />
  <testcase classname="ptolemy.util.test.junit.AutoTests" name="[282] /home/travis/build/icyphy/ptII/ptolemy/actor/lib/test/auto/PublisherSubscriber14.xml (RunModel)" time="0.032" />
  <testcase classname="ptolemy.util.test.junit.AutoTests" name="[283] /home/travis/build/icyphy/ptII/ptolemy/actor/lib/test/auto/PublisherSubscriber2.xml (RunModel)" time="0.011" />
  <testcase classname="ptolemy.util.test.junit.AutoTests" name="[284] /home/travis/build/icyphy/ptII/ptolemy/actor/lib/test/auto/PublisherSubscriber3.xml (RunModel)" time="0.011" />
  <testcase classname="ptolemy.util.test.junit.AutoTests" name="[285] /home/travis/build/icyphy/ptII/ptolemy/actor/lib/test/auto/PublisherSubscriber4.xml (RunModel)" time="0.009" />
  <testcase classname="ptolemy.util.test.junit.AutoTests" name="[286] /home/travis/build/icyphy/ptII/ptolemy/actor/lib/test/auto/PublisherSubscriber5.xml (RunModel)" time="0.014" />
  <testcase classname="ptolemy.util.test.junit.AutoTests" name="[287] /home/travis/build/icyphy/ptII/ptolemy/actor/lib/test/auto/PublisherSubscriber6.xml (RunModel)" time="0.016" />
  <testcase classname="ptolemy.util.test.junit.AutoTests" name="[288] /home/travis/build/icyphy/ptII/ptolemy/actor/lib/test/auto/PublisherSubscriber7.xml (RunModel)" time="0.018" />
  <testcase classname="ptolemy.util.test.junit.AutoTests" name="[289] /home/travis/build/icyphy/ptII/ptolemy/actor/lib/test/auto/PublisherSubscriber8.xml (RunModel)" time="0.033" />
  <testcase classname="ptolemy.util.test.junit.AutoTests" name="[290] /home/travis/build/icyphy/ptII/ptolemy/actor/lib/test/auto/PublisherSubscriber9.xml (RunModel)" time="0.016" />
  <testcase classname="ptolemy.util.test.junit.AutoTests" name="[291] /home/travis/build/icyphy/ptII/ptolemy/actor/lib/test/auto/PublisherSubscriberAdjacent.xml (RunModel)" time="0.028" />
  <testcase classname="ptolemy.util.test.junit.AutoTests" name="[292] /home/travis/build/icyphy/ptII/ptolemy/actor/lib/test/auto/PublisherSubscriberChannelVariablesAOC2.xml (RunModel)" time="0.029" />
  <testcase classname="ptolemy.util.test.junit.AutoTests" name="[293] /home/travis/build/icyphy/ptII/ptolemy/actor/lib/test/auto/PublisherSubscriberD3.xml (RunModel)" time="0.012" />
  <testcase classname="ptolemy.util.test.junit.AutoTests" name="[294] /home/travis/build/icyphy/ptII/ptolemy/actor/lib/test/auto/PublisherSubscriberD3Reverse.xml (RunModel)" time="0.011" />
  <testcase classname="ptolemy.util.test.junit.AutoTests" name="[295] /home/travis/build/icyphy/ptII/ptolemy/actor/lib/test/auto/PublisherSubscriberExpression.xml (RunModel)" time="0.019" />
  <testcase classname="ptolemy.util.test.junit.AutoTests" name="[296] /home/travis/build/icyphy/ptII/ptolemy/actor/lib/test/auto/PublisherSubscriberOpaque.xml (RunModel)" time="0.015" />
  <testcase classname="ptolemy.util.test.junit.AutoTests" name="[297] /home/travis/build/icyphy/ptII/ptolemy/actor/lib/test/auto/PublisherSubscriberOpaqueD3.xml (RunModel)" time="0.021" />
  <testcase classname="ptolemy.util.test.junit.AutoTests" name="[298] /home/travis/build/icyphy/ptII/ptolemy/actor/lib/test/auto/PublisherSubscriberOpaqueD3Reverse.xml (RunModel)" time="0.02" />
  <testcase classname="ptolemy.util.test.junit.AutoTests" name="[299] /home/travis/build/icyphy/ptII/ptolemy/actor/lib/test/auto/PublisherSubscriberOpaqueWidthInference.xml (RunModel)" time="0.016" />
  <testcase classname="ptolemy.util.test.junit.AutoTests" name="[300] /home/travis/build/icyphy/ptII/ptolemy/actor/lib/test/auto/PublisherTestSubscriber.xml (RunModel)" time="0.015" />
  <testcase classname="ptolemy.util.test.junit.AutoTests" name="[301] /home/travis/build/icyphy/ptII/ptolemy/actor/lib/test/auto/PublisherToplevelSubscriberPortAOC.xml (RunModel)" time="0.01" />
  <testcase classname="ptolemy.util.test.junit.AutoTests" name="[302] /home/travis/build/icyphy/ptII/ptolemy/actor/lib/test/auto/PulseFiringLimitDE.xml (RunModel)" time="0.015" />
  <testcase classname="ptolemy.util.test.junit.AutoTests" name="[303] /home/travis/build/icyphy/ptII/ptolemy/actor/lib/test/auto/Ramp1.xml (RunModel)" time="0.008" />
  <testcase classname="ptolemy.util.test.junit.AutoTests" name="[304] /home/travis/build/icyphy/ptII/ptolemy/actor/lib/test/auto/RampFiringLimitDE.xml (RunModel)" time="0.012" />
  <testcase classname="ptolemy.util.test.junit.AutoTests" name="[305] /home/travis/build/icyphy/ptII/ptolemy/actor/lib/test/auto/RampFiringLimitSDF.xml (RunModel)" time="0.01" />
  <testcase classname="ptolemy.util.test.junit.AutoTests" name="[306] /home/travis/build/icyphy/ptII/ptolemy/actor/lib/test/auto/RandomInteger.xml (RunModel)" time="0.01" />
  <testcase classname="ptolemy.util.test.junit.AutoTests" name="[307] /home/travis/build/icyphy/ptII/ptolemy/actor/lib/test/auto/ReadFile1.xml (RunModel)" time="0.008" />
  <testcase classname="ptolemy.util.test.junit.AutoTests" name="[308] /home/travis/build/icyphy/ptII/ptolemy/actor/lib/test/auto/ReadFile2.xml (RunModel)" time="0.008" />
  <testcase classname="ptolemy.util.test.junit.AutoTests" name="[309] /home/travis/build/icyphy/ptII/ptolemy/actor/lib/test/auto/Reader.xml (RunModel)" time="0.016" />
  <testcase classname="ptolemy.util.test.junit.AutoTests" name="[310] /home/travis/build/icyphy/ptII/ptolemy/actor/lib/test/auto/RecordAssemblerDisplayNameTest.xml (RunModel)" time="3.73" />
  <testcase classname="ptolemy.util.test.junit.AutoTests" name="[311] /home/travis/build/icyphy/ptII/ptolemy/actor/lib/test/auto/RecordAssemblerTypeError.xml (RunModel)" time="0.03" />
  <testcase classname="ptolemy.util.test.junit.AutoTests" name="[312] /home/travis/build/icyphy/ptII/ptolemy/actor/lib/test/auto/RecordDisassember.xml (RunModel)" time="0.012" />
  <testcase classname="ptolemy.util.test.junit.AutoTests" name="[313] /home/travis/build/icyphy/ptII/ptolemy/actor/lib/test/auto/RecordDisassemberDisplayNameTest.xml (RunModel)" time="0.018" />
  <testcase classname="ptolemy.util.test.junit.AutoTests" name="[314] /home/travis/build/icyphy/ptII/ptolemy/actor/lib/test/auto/RecordDisassembler.xml (RunModel)" time="0.013" />
  <testcase classname="ptolemy.util.test.junit.AutoTests" name="[315] /home/travis/build/icyphy/ptII/ptolemy/actor/lib/test/auto/RecordDisassembler2.xml (RunModel)" time="0.011" />
  <testcase classname="ptolemy.util.test.junit.AutoTests" name="[316] /home/travis/build/icyphy/ptII/ptolemy/actor/lib/test/auto/RecordUpdater.xml (RunModel)" time="0.01" />
  <testcase classname="ptolemy.util.test.junit.AutoTests" name="[317] /home/travis/build/icyphy/ptII/ptolemy/actor/lib/test/auto/RecordUpdater2.xml (RunModel)" time="0.009" />
  <testcase classname="ptolemy.util.test.junit.AutoTests" name="[318] /home/travis/build/icyphy/ptII/ptolemy/actor/lib/test/auto/RecursiveLattice.xml (RunModel)" time="0.009" />
  <testcase classname="ptolemy.util.test.junit.AutoTests" name="[319] /home/travis/build/icyphy/ptII/ptolemy/actor/lib/test/auto/Router.xml (RunModel)" time="3.029" />
  <testcase classname="ptolemy.util.test.junit.AutoTests" name="[320] /home/travis/build/icyphy/ptII/ptolemy/actor/lib/test/auto/Router2.xml (RunModel)" time="3.035" />
  <testcase classname="ptolemy.util.test.junit.AutoTests" name="[321] /home/travis/build/icyphy/ptII/ptolemy/actor/lib/test/auto/RunningMaximum.xml (RunModel)" time="0.019" />
  <testcase classname="ptolemy.util.test.junit.AutoTests" name="[322] /home/travis/build/icyphy/ptII/ptolemy/actor/lib/test/auto/RunningMinimum.xml (RunModel)" time="0.021" />
  <testcase classname="ptolemy.util.test.junit.AutoTests" name="[323] /home/travis/build/icyphy/ptII/ptolemy/actor/lib/test/auto/Scale.xml (RunModel)" time="0.009" />
  <testcase classname="ptolemy.util.test.junit.AutoTests" name="[324] /home/travis/build/icyphy/ptII/ptolemy/actor/lib/test/auto/Scale2.xml (RunModel)" time="0.01" />
  <testcase classname="ptolemy.util.test.junit.AutoTests" name="[325] /home/travis/build/icyphy/ptII/ptolemy/actor/lib/test/auto/Scale3.xml (RunModel)" time="0.015" />
  <testcase classname="ptolemy.util.test.junit.AutoTests" name="[326] /home/travis/build/icyphy/ptII/ptolemy/actor/lib/test/auto/ScaleArray.xml (RunModel)" time="0.008" />
  <testcase classname="ptolemy.util.test.junit.AutoTests" name="[327] /home/travis/build/icyphy/ptII/ptolemy/actor/lib/test/auto/ScaleArray2.xml (RunModel)" time="0.009" />
  <testcase classname="ptolemy.util.test.junit.AutoTests" name="[328] /home/travis/build/icyphy/ptII/ptolemy/actor/lib/test/auto/ScaleMatrix.xml (RunModel)" time="0.255" />
  <testcase classname="ptolemy.util.test.junit.AutoTests" name="[329] /home/travis/build/icyphy/ptII/ptolemy/actor/lib/test/auto/Select.xml (RunModel)" time="0.029" />
  <testcase classname="ptolemy.util.test.junit.AutoTests" name="[330] /home/travis/build/icyphy/ptII/ptolemy/actor/lib/test/auto/Select2.xml (RunModel)" time="0.016" />
  <testcase classname="ptolemy.util.test.junit.AutoTests" name="[331] /home/travis/build/icyphy/ptII/ptolemy/actor/lib/test/auto/SequenceToArray2.xml (RunModel)" time="0.129" />
  <testcase classname="ptolemy.util.test.junit.AutoTests" name="[332] /home/travis/build/icyphy/ptII/ptolemy/actor/lib/test/auto/SequentialClock.xml (RunModel)" time="0.008" />
  <testcase classname="ptolemy.util.test.junit.AutoTests" name="[333] /home/travis/build/icyphy/ptII/ptolemy/actor/lib/test/auto/SetVariable.xml (RunModel)" time="0.011" />
  <testcase classname="ptolemy.util.test.junit.AutoTests" name="[334] /home/travis/build/icyphy/ptII/ptolemy/actor/lib/test/auto/SetVariable2.xml (RunModel)" time="0.011" />
  <testcase classname="ptolemy.util.test.junit.AutoTests" name="[335] /home/travis/build/icyphy/ptII/ptolemy/actor/lib/test/auto/SetVariable3.xml (RunModel)" time="0.016" />
  <testcase classname="ptolemy.util.test.junit.AutoTests" name="[336] /home/travis/build/icyphy/ptII/ptolemy/actor/lib/test/auto/SetVariable4.xml (RunModel)" time="0.031" />
  <testcase classname="ptolemy.util.test.junit.AutoTests" name="[337] /home/travis/build/icyphy/ptII/ptolemy/actor/lib/test/auto/SetVariable5.xml (RunModel)" time="0.042" />
  <testcase classname="ptolemy.util.test.junit.AutoTests" name="[338] /home/travis/build/icyphy/ptII/ptolemy/actor/lib/test/auto/Sinewave.xml (RunModel)" time="0.025" />
  <testcase classname="ptolemy.util.test.junit.AutoTests" name="[339] /home/travis/build/icyphy/ptII/ptolemy/actor/lib/test/auto/Sinewave2.xml (RunModel)" time="0.019" />
  <testcase classname="ptolemy.util.test.junit.AutoTests" name="[340] /home/travis/build/icyphy/ptII/ptolemy/actor/lib/test/auto/Sinewave3.xml (RunModel)" time="0.022" />
  <testcase classname="ptolemy.util.test.junit.AutoTests" name="[341] /home/travis/build/icyphy/ptII/ptolemy/actor/lib/test/auto/SingleEvent.xml (RunModel)" time="0.007" />
  <testcase classname="ptolemy.util.test.junit.AutoTests" name="[342] /home/travis/build/icyphy/ptII/ptolemy/actor/lib/test/auto/Sleep.xml (RunModel)" time="6.018" />
  <testcase classname="ptolemy.util.test.junit.AutoTests" name="[343] /home/travis/build/icyphy/ptII/ptolemy/actor/lib/test/auto/SleepMultipleFire.xml (RunModel)" time="1.016" />
  <testcase classname="ptolemy.util.test.junit.AutoTests" name="[344] /home/travis/build/icyphy/ptII/ptolemy/actor/lib/test/auto/StopDE.xml (RunModel)" time="0.013" />
  <testcase classname="ptolemy.util.test.junit.AutoTests" name="[345] /home/travis/build/icyphy/ptII/ptolemy/actor/lib/test/auto/StopSDF.xml (RunModel)" time="0.011" />
  <testcase classname="ptolemy.util.test.junit.AutoTests" name="[346] /home/travis/build/icyphy/ptII/ptolemy/actor/lib/test/auto/StringConstant.xml (RunModel)" time="0.016" />
  <testcase classname="ptolemy.util.test.junit.AutoTests" name="[347] /home/travis/build/icyphy/ptII/ptolemy/actor/lib/test/auto/SubscriberPortInitialValues1.xml (RunModel)" time="0.021" />
  <testcase classname="ptolemy.util.test.junit.AutoTests" name="[348] /home/travis/build/icyphy/ptII/ptolemy/actor/lib/test/auto/SubscriberPortInitialValues13.xml (RunModel)" time="0.032" />
  <testcase classname="ptolemy.util.test.junit.AutoTests" name="[349] /home/travis/build/icyphy/ptII/ptolemy/actor/lib/test/auto/SubscriberPortInitialValues14.xml (RunModel)" time="0.016" />
  <testcase classname="ptolemy.util.test.junit.AutoTests" name="[350] /home/travis/build/icyphy/ptII/ptolemy/actor/lib/test/auto/SubscriberPortInitialValues2.xml (RunModel)" time="0.015" />
  <testcase classname="ptolemy.util.test.junit.AutoTests" name="[351] /home/travis/build/icyphy/ptII/ptolemy/actor/lib/test/auto/SubscriberPortInitialValues3.xml (RunModel)" time="0.02" />
  <testcase classname="ptolemy.util.test.junit.AutoTests" name="[352] /home/travis/build/icyphy/ptII/ptolemy/actor/lib/test/auto/SubscriptionAggregator.xml (RunModel)" time="0.013" />
  <testcase classname="ptolemy.util.test.junit.AutoTests" name="[353] /home/travis/build/icyphy/ptII/ptolemy/actor/lib/test/auto/SubscriptionAggregator2.xml (RunModel)" time="0.011" />
  <testcase classname="ptolemy.util.test.junit.AutoTests" name="[354] /home/travis/build/icyphy/ptII/ptolemy/actor/lib/test/auto/SubscriptionAggregator3.xml (RunModel)" time="0.018" />
  <testcase classname="ptolemy.util.test.junit.AutoTests" name="[355] /home/travis/build/icyphy/ptII/ptolemy/actor/lib/test/auto/SubscriptionAggregatorMultiply.xml (RunModel)" time="0.026" />
  <testcase classname="ptolemy.util.test.junit.AutoTests" name="[356] /home/travis/build/icyphy/ptII/ptolemy/actor/lib/test/auto/SubscriptionAggregatorPortMultiply1.xml (RunModel)" time="0.014" />
  <testcase classname="ptolemy.util.test.junit.AutoTests" name="[357] /home/travis/build/icyphy/ptII/ptolemy/actor/lib/test/auto/Switch.xml (RunModel)" time="0.018" />
  <testcase classname="ptolemy.util.test.junit.AutoTests" name="[358] /home/travis/build/icyphy/ptII/ptolemy/actor/lib/test/auto/Switch2.xml (RunModel)" time="0.013" />
  <testcase classname="ptolemy.util.test.junit.AutoTests" name="[359] /home/travis/build/icyphy/ptII/ptolemy/actor/lib/test/auto/SwitchDE.xml (RunModel)" time="0.015" />
  <testcase classname="ptolemy.util.test.junit.AutoTests" name="[360] /home/travis/build/icyphy/ptII/ptolemy/actor/lib/test/auto/SynchronizerDE.xml (RunModel)" time="0.021" />
  <testcase classname="ptolemy.util.test.junit.AutoTests" name="[361] /home/travis/build/icyphy/ptII/ptolemy/actor/lib/test/auto/Test.xml (RunModel)" time="0.018" />
  <testcase classname="ptolemy.util.test.junit.AutoTests" name="[362] /home/travis/build/icyphy/ptII/ptolemy/actor/lib/test/auto/TestExceptionAttribute1.xml (RunModel)" time="0.008" />
  <testcase classname="ptolemy.util.test.junit.AutoTests" name="[363] /home/travis/build/icyphy/ptII/ptolemy/actor/lib/test/auto/TestExceptionAttribute2.xml (RunModel)" time="0.012" />
  <testcase classname="ptolemy.util.test.junit.AutoTests" name="[364] /home/travis/build/icyphy/ptII/ptolemy/actor/lib/test/auto/TestExceptionAttribute3.xml (RunModel)" time="0.006" />
  <testcase classname="ptolemy.util.test.junit.AutoTests" name="[365] /home/travis/build/icyphy/ptII/ptolemy/actor/lib/test/auto/TestExceptionAttribute4.xml (RunModel)" time="0.008" />
  <testcase classname="ptolemy.util.test.junit.AutoTests" name="[366] /home/travis/build/icyphy/ptII/ptolemy/actor/lib/test/auto/TestExceptionHandler1.xml (RunModel)" time="0.01" />
  <testcase classname="ptolemy.util.test.junit.AutoTests" name="[367] /home/travis/build/icyphy/ptII/ptolemy/actor/lib/test/auto/TestExceptionHandler2.xml (RunModel)" time="0.016" />
  <testcase classname="ptolemy.util.test.junit.AutoTests" name="[368] /home/travis/build/icyphy/ptII/ptolemy/actor/lib/test/auto/TestExceptionHandler3.xml (RunModel)" time="0.005" />
  <testcase classname="ptolemy.util.test.junit.AutoTests" name="[369] /home/travis/build/icyphy/ptII/ptolemy/actor/lib/test/auto/TestExceptionHandler4.xml (RunModel)" time="0.006" />
  <testcase classname="ptolemy.util.test.junit.AutoTests" name="[370] /home/travis/build/icyphy/ptII/ptolemy/actor/lib/test/auto/TestRequireCorrectOrder.xml (RunModel)" time="0.015" />
  <testcase classname="ptolemy.util.test.junit.AutoTests" name="[371] /home/travis/build/icyphy/ptII/ptolemy/actor/lib/test/auto/TestSimple.xml (RunModel)" time="0.006" />
  <testcase classname="ptolemy.util.test.junit.AutoTests" name="[372] /home/travis/build/icyphy/ptII/ptolemy/actor/lib/test/auto/ThrowModelError.xml (RunModel)" time="0.01" />
  <testcase classname="ptolemy.util.test.junit.AutoTests" name="[373] /home/travis/build/icyphy/ptII/ptolemy/actor/lib/test/auto/TimeDelayMicrosteps.xml (RunModel)" time="0.015" />
  <testcase classname="ptolemy.util.test.junit.AutoTests" name="[374] /home/travis/build/icyphy/ptII/ptolemy/actor/lib/test/auto/TimeDelayMicrosteps2.xml (RunModel)" time="0.016" />
  <testcase classname="ptolemy.util.test.junit.AutoTests" name="[375] /home/travis/build/icyphy/ptII/ptolemy/actor/lib/test/auto/TimeDelayMicrosteps3.xml (RunModel)" time="0.012" />
  <testcase classname="ptolemy.util.test.junit.AutoTests" name="[376] /home/travis/build/icyphy/ptII/ptolemy/actor/lib/test/auto/TimeDelayVariableMicrosteps.xml (RunModel)" time="0.013" />
  <testcase classname="ptolemy.util.test.junit.AutoTests" name="[377] /home/travis/build/icyphy/ptII/ptolemy/actor/lib/test/auto/TimeGap.xml (RunModel)" time="0.018" />
  <testcase classname="ptolemy.util.test.junit.AutoTests" name="[378] /home/travis/build/icyphy/ptII/ptolemy/actor/lib/test/auto/TimeGap2.xml (RunModel)" time="0.011" />
  <testcase classname="ptolemy.util.test.junit.AutoTests" name="[379] /home/travis/build/icyphy/ptII/ptolemy/actor/lib/test/auto/TimedSinewave.xml (RunModel)" time="0.099" />
  <testcase classname="ptolemy.util.test.junit.AutoTests" name="[380] /home/travis/build/icyphy/ptII/ptolemy/actor/lib/test/auto/TimedSinewavePhase.xml (RunModel)" time="0.027" />
  <testcase classname="ptolemy.util.test.junit.AutoTests" name="[381] /home/travis/build/icyphy/ptII/ptolemy/actor/lib/test/auto/Timer.xml (RunModel)" time="0.014" />
  <testcase classname="ptolemy.util.test.junit.AutoTests" name="[382] /home/travis/build/icyphy/ptII/ptolemy/actor/lib/test/auto/TriangularDistTestModel.xml (RunModel)" time="0.019" />
  <testcase classname="ptolemy.util.test.junit.AutoTests" name="[383] /home/travis/build/icyphy/ptII/ptolemy/actor/lib/test/auto/TrigFunction.xml (RunModel)" time="0.009" />
  <testcase classname="ptolemy.util.test.junit.AutoTests" name="[384] /home/travis/build/icyphy/ptII/ptolemy/actor/lib/test/auto/TrigFunctionDE.xml (RunModel)" time="0.012" />
  <testcase classname="ptolemy.util.test.junit.AutoTests" name="[385] /home/travis/build/icyphy/ptII/ptolemy/actor/lib/test/auto/TrigFunctionInverse.xml (RunModel)" time="0.011" />
  <testcase classname="ptolemy.util.test.junit.AutoTests" name="[386] /home/travis/build/icyphy/ptII/ptolemy/actor/lib/test/auto/TrigFunctionTan.xml (RunModel)" time="0.007" />
  <testcase classname="ptolemy.util.test.junit.AutoTests" name="[387] /home/travis/build/icyphy/ptII/ptolemy/actor/lib/test/auto/TriggeredClock.xml (RunModel)" time="0.01" />
  <testcase classname="ptolemy.util.test.junit.AutoTests" name="[388] /home/travis/build/icyphy/ptII/ptolemy/actor/lib/test/auto/URLDirectoryReader.xml (RunModel)" time="0.118" />
  <testcase classname="ptolemy.util.test.junit.AutoTests" name="[389] /home/travis/build/icyphy/ptII/ptolemy/actor/lib/test/auto/URLDirectoryReader3.xml (RunModel)" time="1.306" />
  <testcase classname="ptolemy.util.test.junit.AutoTests" name="[390] /home/travis/build/icyphy/ptII/ptolemy/actor/lib/test/auto/UnaryMathFunction.xml (RunModel)" time="0.021" />
  <testcase classname="ptolemy.util.test.junit.AutoTests" name="[391] /home/travis/build/icyphy/ptII/ptolemy/actor/lib/test/auto/Uniform.xml (RunModel)" time="0.014" />
  <testcase classname="ptolemy.util.test.junit.AutoTests" name="[392] /home/travis/build/icyphy/ptII/ptolemy/actor/lib/test/auto/UnionDisassemblerTest.xml (RunModel)" time="0.013" />
  <testcase classname="ptolemy.util.test.junit.AutoTests" name="[393] /home/travis/build/icyphy/ptII/ptolemy/actor/lib/test/auto/UtilityFunctions.xml (RunModel)" time="0.009" />
  <testcase classname="ptolemy.util.test.junit.AutoTests" name="[394] /home/travis/build/icyphy/ptII/ptolemy/actor/lib/test/auto/VariableSleep.xml (RunModel)" time="0.511" />
  <testcase classname="ptolemy.util.test.junit.AutoTests" name="[395] /home/travis/build/icyphy/ptII/ptolemy/actor/lib/test/auto/VectorAssemblerDisassemblerCT.xml (RunModel)" time="0.126" />
  <testcase classname="ptolemy.util.test.junit.AutoTests" name="[396] /home/travis/build/icyphy/ptII/ptolemy/actor/lib/test/auto/VectorAssemblerDisassemblerDE.xml (RunModel)" time="0.014" />
  <testcase classname="ptolemy.util.test.junit.AutoTests" name="[397] /home/travis/build/icyphy/ptII/ptolemy/actor/lib/test/auto/VectorAssemblerDisassemblerSDF.xml (RunModel)" time="0.013" />
  <testcase classname="ptolemy.util.test.junit.AutoTests" name="[398] /home/travis/build/icyphy/ptII/ptolemy/actor/lib/test/auto/WallClockTime.xml (RunModel)" time="1.013" />
  <testcase classname="ptolemy.util.test.junit.AutoTests" name="[399] /home/travis/build/icyphy/ptII/ptolemy/actor/lib/test/auto/WidthTestWithSubscriberPublisher.xml (RunModel)" time="0.044" />
  <testcase classname="ptolemy.util.test.junit.AutoTests" name="[400] /home/travis/build/icyphy/ptII/ptolemy/actor/lib/test/auto/WidthTestWithSubscriberPublisher2.xml (RunModel)" time="0.015" />
  <testcase classname="ptolemy.util.test.junit.AutoTests" name="[401] /home/travis/build/icyphy/ptII/ptolemy/actor/lib/test/auto/WidthTestWithSubscriberPublisher3.xml (RunModel)" time="0.013" />
  <testcase classname="ptolemy.util.test.junit.AutoTests" name="[402] /home/travis/build/icyphy/ptII/ptolemy/actor/lib/test/auto/Writer.xml (RunModel)" time="0.008" />
  <testcase classname="ptolemy.util.test.junit.AutoTests" name="[403] /home/travis/build/icyphy/ptII/ptolemy/actor/lib/test/auto/array.xml (RunModel)" time="0.009" />
  <testcase classname="ptolemy.util.test.junit.AutoTests" name="[404] /home/travis/build/icyphy/ptII/ptolemy/actor/lib/test/auto/array2.xml (RunModel)" time="0.016" />
  <testcase classname="ptolemy.util.test.junit.AutoTests" name="[405] /home/travis/build/icyphy/ptII/ptolemy/actor/lib/test/auto/arrayType.xml (RunModel)" time="0.011" />
  <testcase classname="ptolemy.util.test.junit.AutoTests" name="[406] /home/travis/build/icyphy/ptII/ptolemy/actor/lib/test/auto/arrayType10.xml (RunModel)" time="0.009" />
  <testcase classname="ptolemy.util.test.junit.AutoTests" name="[407] /home/travis/build/icyphy/ptII/ptolemy/actor/lib/test/auto/arrayType11.xml (RunModel)" time="0.008" />
  <testcase classname="ptolemy.util.test.junit.AutoTests" name="[408] /home/travis/build/icyphy/ptII/ptolemy/actor/lib/test/auto/arrayType12.xml (RunModel)" time="0.009" />
  <testcase classname="ptolemy.util.test.junit.AutoTests" name="[409] /home/travis/build/icyphy/ptII/ptolemy/actor/lib/test/auto/arrayType13.xml (RunModel)" time="0.009" />
  <testcase classname="ptolemy.util.test.junit.AutoTests" name="[410] /home/travis/build/icyphy/ptII/ptolemy/actor/lib/test/auto/arrayType14.xml (RunModel)" time="0.01" />
  <testcase classname="ptolemy.util.test.junit.AutoTests" name="[411] /home/travis/build/icyphy/ptII/ptolemy/actor/lib/test/auto/arrayType15.xml (RunModel)" time="0.013" />
  <testcase classname="ptolemy.util.test.junit.AutoTests" name="[412] /home/travis/build/icyphy/ptII/ptolemy/actor/lib/test/auto/arrayType16.xml (RunModel)" time="0.011" />
  <testcase classname="ptolemy.util.test.junit.AutoTests" name="[413] /home/travis/build/icyphy/ptII/ptolemy/actor/lib/test/auto/arrayType17.xml (RunModel)" time="0.01" />
  <testcase classname="ptolemy.util.test.junit.AutoTests" name="[414] /home/travis/build/icyphy/ptII/ptolemy/actor/lib/test/auto/arrayType18.xml (RunModel)" time="0.01" />
  <testcase classname="ptolemy.util.test.junit.AutoTests" name="[415] /home/travis/build/icyphy/ptII/ptolemy/actor/lib/test/auto/arrayType19.xml (RunModel)" time="0.009" />
  <testcase classname="ptolemy.util.test.junit.AutoTests" name="[416] /home/travis/build/icyphy/ptII/ptolemy/actor/lib/test/auto/arrayType2.xml (RunModel)" time="0.009" />
  <testcase classname="ptolemy.util.test.junit.AutoTests" name="[417] /home/travis/build/icyphy/ptII/ptolemy/actor/lib/test/auto/arrayType20.xml (RunModel)" time="0.01" />
  <testcase classname="ptolemy.util.test.junit.AutoTests" name="[418] /home/travis/build/icyphy/ptII/ptolemy/actor/lib/test/auto/arrayType21.xml (RunModel)" time="0.009" />
  <testcase classname="ptolemy.util.test.junit.AutoTests" name="[419] /home/travis/build/icyphy/ptII/ptolemy/actor/lib/test/auto/arrayType22.xml (RunModel)" time="0.009" />
  <testcase classname="ptolemy.util.test.junit.AutoTests" name="[420] /home/travis/build/icyphy/ptII/ptolemy/actor/lib/test/auto/arrayType23.xml (RunModel)" time="0.009" />
  <testcase classname="ptolemy.util.test.junit.AutoTests" name="[421] /home/travis/build/icyphy/ptII/ptolemy/actor/lib/test/auto/arrayType24.xml (RunModel)" time="0.009" />
  <testcase classname="ptolemy.util.test.junit.AutoTests" name="[422] /home/travis/build/icyphy/ptII/ptolemy/actor/lib/test/auto/arrayType25.xml (RunModel)" time="0.009" />
  <testcase classname="ptolemy.util.test.junit.AutoTests" name="[423] /home/travis/build/icyphy/ptII/ptolemy/actor/lib/test/auto/arrayType26.xml (RunModel)" time="0.009" />
  <testcase classname="ptolemy.util.test.junit.AutoTests" name="[424] /home/travis/build/icyphy/ptII/ptolemy/actor/lib/test/auto/arrayType27.xml (RunModel)" time="0.009" />
  <testcase classname="ptolemy.util.test.junit.AutoTests" name="[425] /home/travis/build/icyphy/ptII/ptolemy/actor/lib/test/auto/arrayType28.xml (RunModel)" time="0.01" />
  <testcase classname="ptolemy.util.test.junit.AutoTests" name="[426] /home/travis/build/icyphy/ptII/ptolemy/actor/lib/test/auto/arrayType3.xml (RunModel)" time="0.014" />
  <testcase classname="ptolemy.util.test.junit.AutoTests" name="[427] /home/travis/build/icyphy/ptII/ptolemy/actor/lib/test/auto/arrayType4.xml (RunModel)" time="0.009" />
  <testcase classname="ptolemy.util.test.junit.AutoTests" name="[428] /home/travis/build/icyphy/ptII/ptolemy/actor/lib/test/auto/arrayType5.xml (RunModel)" time="0.009" />
  <testcase classname="ptolemy.util.test.junit.AutoTests" name="[429] /home/travis/build/icyphy/ptII/ptolemy/actor/lib/test/auto/arrayType6.xml (RunModel)" time="0.008" />
  <testcase classname="ptolemy.util.test.junit.AutoTests" name="[430] /home/travis/build/icyphy/ptII/ptolemy/actor/lib/test/auto/arrayType7.xml (RunModel)" time="0.014" />
  <testcase classname="ptolemy.util.test.junit.AutoTests" name="[431] /home/travis/build/icyphy/ptII/ptolemy/actor/lib/test/auto/arrayType8.xml (RunModel)" time="0.01" />
  <testcase classname="ptolemy.util.test.junit.AutoTests" name="[432] /home/travis/build/icyphy/ptII/ptolemy/actor/lib/test/auto/arrayType9.xml (RunModel)" time="0.008" />
  <testcase classname="ptolemy.util.test.junit.AutoTests" name="[433] /home/travis/build/icyphy/ptII/ptolemy/actor/lib/test/auto/cast.xml (RunModel)" time="0.018" />
  <testcase classname="ptolemy.util.test.junit.AutoTests" name="[434] /home/travis/build/icyphy/ptII/ptolemy/actor/lib/test/auto/compositeMultiPort.xml (RunModel)" time="0.026" />
  <testcase classname="ptolemy.util.test.junit.AutoTests" name="[435] /home/travis/build/icyphy/ptII/ptolemy/actor/lib/test/auto/expressionCastInference.xml (RunModel)" time="0.009" />
  <testcase classname="ptolemy.util.test.junit.AutoTests" name="[436] /home/travis/build/icyphy/ptII/ptolemy/actor/lib/test/auto/expressionCastInference2.xml (RunModel)" time="0.009" />
  <testcase classname="ptolemy.util.test.junit.AutoTests" name="[437] /home/travis/build/icyphy/ptII/ptolemy/actor/lib/test/auto/expressionInference.xml (RunModel)" time="0.008" />
  <testcase classname="ptolemy.util.test.junit.AutoTests" name="[438] /home/travis/build/icyphy/ptII/ptolemy/actor/lib/test/auto/expression_bug.xml (RunModel)" time="0.008" />
  <testcase classname="ptolemy.util.test.junit.AutoTests" name="[439] /home/travis/build/icyphy/ptII/ptolemy/actor/lib/test/auto/factorial.xml (RunModel)" time="0.054" />
  <testcase classname="ptolemy.util.test.junit.AutoTests" name="[440] /home/travis/build/icyphy/ptII/ptolemy/actor/lib/test/auto/filterTest1.xml (RunModel)" time="0.015" />
  <testcase classname="ptolemy.util.test.junit.AutoTests" name="[441] /home/travis/build/icyphy/ptII/ptolemy/actor/lib/test/auto/funcApplyInConst.xml (RunModel)" time="0.006" />
  <testcase classname="ptolemy.util.test.junit.AutoTests" name="[442] /home/travis/build/icyphy/ptII/ptolemy/actor/lib/test/auto/funcApplyInExpr.xml (RunModel)" time="0.006" />
  <testcase classname="ptolemy.util.test.junit.AutoTests" name="[443] /home/travis/build/icyphy/ptII/ptolemy/actor/lib/test/auto/function.xml (RunModel)" time="0.01" />
  <testcase classname="ptolemy.util.test.junit.AutoTests" name="[444] /home/travis/build/icyphy/ptII/ptolemy/actor/lib/test/auto/function2.xml (RunModel)" time="0.009" />
  <testcase classname="ptolemy.util.test.junit.AutoTests" name="[445] /home/travis/build/icyphy/ptII/ptolemy/actor/lib/test/auto/function3.xml (RunModel)" time="0.007" />
  <testcase classname="ptolemy.util.test.junit.AutoTests" name="[446] /home/travis/build/icyphy/ptII/ptolemy/actor/lib/test/auto/functionClosureTest1.xml (RunModel)" time="0.046" />
  <testcase classname="ptolemy.util.test.junit.AutoTests" name="[447] /home/travis/build/icyphy/ptII/ptolemy/actor/lib/test/auto/functionClosureTest2.xml (RunModel)" time="0.031" />
  <testcase classname="ptolemy.util.test.junit.AutoTests" name="[448] /home/travis/build/icyphy/ptII/ptolemy/actor/lib/test/auto/functionClosureTest3.xml (RunModel)" time="0.036" />
  <testcase classname="ptolemy.util.test.junit.AutoTests" name="[449] /home/travis/build/icyphy/ptII/ptolemy/actor/lib/test/auto/functionClosureTest4.xml (RunModel)" time="0.036" />
  <testcase classname="ptolemy.util.test.junit.AutoTests" name="[450] /home/travis/build/icyphy/ptII/ptolemy/actor/lib/test/auto/functionClosureTest5.xml (RunModel)" time="0.013" />
  <testcase classname="ptolemy.util.test.junit.AutoTests" name="[451] /home/travis/build/icyphy/ptII/ptolemy/actor/lib/test/auto/functionClosureTest6.xml (RunModel)" time="0.008" />
  <testcase classname="ptolemy.util.test.junit.AutoTests" name="[452] /home/travis/build/icyphy/ptII/ptolemy/actor/lib/test/auto/functionsOnArcs.xml (RunModel)" time="0.038" />
  <testcase classname="ptolemy.util.test.junit.AutoTests" name="[453] /home/travis/build/icyphy/ptII/ptolemy/actor/lib/test/auto/functionsOnArcsHOF.xml (RunModel)" time="0.036" />
  <testcase classname="ptolemy.util.test.junit.AutoTests" name="[454] /home/travis/build/icyphy/ptII/ptolemy/actor/lib/test/auto/logic.xml (RunModel)" time="0.02" />
  <testcase classname="ptolemy.util.test.junit.AutoTests" name="[455] /home/travis/build/icyphy/ptII/ptolemy/actor/lib/test/auto/matrixType.xml (RunModel)" time="0.008" />
  <testcase classname="ptolemy.util.test.junit.AutoTests" name="[456] /home/travis/build/icyphy/ptII/ptolemy/actor/lib/test/auto/matrixType10.xml (RunModel)" time="0.008" />
  <testcase classname="ptolemy.util.test.junit.AutoTests" name="[457] /home/travis/build/icyphy/ptII/ptolemy/actor/lib/test/auto/matrixType11.xml (RunModel)" time="0.008" />
  <testcase classname="ptolemy.util.test.junit.AutoTests" name="[458] /home/travis/build/icyphy/ptII/ptolemy/actor/lib/test/auto/matrixType12.xml (RunModel)" time="0.009" />
  <testcase classname="ptolemy.util.test.junit.AutoTests" name="[459] /home/travis/build/icyphy/ptII/ptolemy/actor/lib/test/auto/matrixType13.xml (RunModel)" time="0.009" />
  <testcase classname="ptolemy.util.test.junit.AutoTests" name="[460] /home/travis/build/icyphy/ptII/ptolemy/actor/lib/test/auto/matrixType14.xml (RunModel)" time="0.01" />
  <testcase classname="ptolemy.util.test.junit.AutoTests" name="[461] /home/travis/build/icyphy/ptII/ptolemy/actor/lib/test/auto/matrixType2.xml (RunModel)" time="0.009" />
  <testcase classname="ptolemy.util.test.junit.AutoTests" name="[462] /home/travis/build/icyphy/ptII/ptolemy/actor/lib/test/auto/matrixType3.xml (RunModel)" time="0.011" />
  <testcase classname="ptolemy.util.test.junit.AutoTests" name="[463] /home/travis/build/icyphy/ptII/ptolemy/actor/lib/test/auto/matrixType4.xml (RunModel)" time="0.009" />
  <testcase classname="ptolemy.util.test.junit.AutoTests" name="[464] /home/travis/build/icyphy/ptII/ptolemy/actor/lib/test/auto/matrixType5.xml (RunModel)" time="0.008" />
  <testcase classname="ptolemy.util.test.junit.AutoTests" name="[465] /home/travis/build/icyphy/ptII/ptolemy/actor/lib/test/auto/matrixType6.xml (RunModel)" time="0.008" />
  <testcase classname="ptolemy.util.test.junit.AutoTests" name="[466] /home/travis/build/icyphy/ptII/ptolemy/actor/lib/test/auto/matrixType7.xml (RunModel)" time="0.009" />
  <testcase classname="ptolemy.util.test.junit.AutoTests" name="[467] /home/travis/build/icyphy/ptII/ptolemy/actor/lib/test/auto/matrixType8.xml (RunModel)" time="0.008" />
  <testcase classname="ptolemy.util.test.junit.AutoTests" name="[468] /home/travis/build/icyphy/ptII/ptolemy/actor/lib/test/auto/matrixType9.xml (RunModel)" time="0.008" />
  <testcase classname="ptolemy.util.test.junit.AutoTests" name="[469] /home/travis/build/icyphy/ptII/ptolemy/actor/lib/test/auto/paraFunctest.xml (RunModel)" time="0.008" />
  <testcase classname="ptolemy.util.test.junit.AutoTests" name="[470] /home/travis/build/icyphy/ptII/ptolemy/actor/lib/test/auto/paraFunctest2.xml (RunModel)" time="0.012" />
  <testcase classname="ptolemy.util.test.junit.AutoTests" name="[471] /home/travis/build/icyphy/ptII/ptolemy/actor/lib/test/auto/parameterPassing.xml (RunModel)" time="0.008" />
  <testcase classname="ptolemy.util.test.junit.AutoTests" name="[472] /home/travis/build/icyphy/ptII/ptolemy/actor/lib/test/auto/record.xml (RunModel)" time="0.01" />
  <testcase classname="ptolemy.util.test.junit.AutoTests" name="[473] /home/travis/build/icyphy/ptII/ptolemy/actor/lib/test/auto/sizedarray1.xml (RunModel)" time="0.01" />
  <testcase classname="ptolemy.util.test.junit.AutoTests" name="[474] /home/travis/build/icyphy/ptII/ptolemy/actor/lib/test/auto/sizedarray2.xml (RunModel)" time="0.012" />
  <testcase classname="ptolemy.util.test.junit.AutoTests" name="[475] /home/travis/build/icyphy/ptII/ptolemy/actor/lib/test/auto/twoPublishers.xml (RunModel)" time="0.027" />
  <system-out><![CDATA[/home/travis/build/icyphy/ptII/ptolemy/actor/lib/test/AbsoluteValue.tcl
testDefs.tcl: setting time out to 9000 seconds at Wed Jul 10 22:34:49 UTC 2019
128 ms. Memory: 120832K Free: 98304K (81%)
5 ms. Memory: 120832K Free: 96256K (80%)
5 ms. Memory: 120832K Free: 107151K (89%)
11 ms. Memory: 120832K Free: 106145K (88%)
/home/travis/build/icyphy/ptII/ptolemy/actor/lib/test/AddSubtract.tcl
16 ms. Memory: 120832K Free: 104111K (86%)
16 ms. Memory: 120832K Free: 103490K (86%)
12 ms. Memory: 120832K Free: 102871K (85%)
17 ms. Memory: 120832K Free: 102049K (84%)
77 ms. Memory: 120832K Free: 98991K (82%)
11 ms. Memory: 120832K Free: 97937K (81%)
/home/travis/build/icyphy/ptII/ptolemy/actor/lib/test/Average.tcl
13 ms. Memory: 120832K Free: 96727K (80%)
6 ms. Memory: 120832K Free: 95276K (79%)
/home/travis/build/icyphy/ptII/ptolemy/actor/lib/test/Bernoulli.tcl
12 ms. Memory: 120832K Free: 93655K (78%)
4 ms. Memory: 120832K Free: 93242K (77%)
/home/travis/build/icyphy/ptII/ptolemy/actor/lib/test/Clock.tcl
preinitializing
resolving types
initializing
executing number 1
wrapping up
idle
34 ms. Memory: 120832K Free: 90583K (75%)
Completed execution with 5 iterations
preinitializing
resolving types
initializing
executing number 1
wrapping up
idle
5 ms. Memory: 120832K Free: 89751K (74%)
Completed execution with 5 iterations
preinitializing
resolving types
initializing
executing number 1
wrapping up
idle
3 ms. Memory: 120832K Free: 89132K (74%)
Completed execution with 5 iterations
/home/travis/build/icyphy/ptII/ptolemy/actor/lib/test/Commutator.tcl
27 ms. Memory: 177152K Free: 162968K (92%)
15 ms. Memory: 177152K Free: 161944K (91%)
19 ms. Memory: 177152K Free: 156328K (88%)
/home/travis/build/icyphy/ptII/ptolemy/actor/lib/test/Const.tcl
9 ms. Memory: 177152K Free: 154774K (87%)
3 ms. Memory: 177152K Free: 154280K (87%)
6 ms. Memory: 177152K Free: 153766K (87%)
2 ms. Memory: 177152K Free: 153256K (87%)
2 ms. Memory: 177152K Free: 152232K (86%)
12 ms. Memory: 177152K Free: 150688K (85%)
5 ms. Memory: 177152K Free: 149670K (84%)
4 ms. Memory: 177152K Free: 148646K (84%)
/home/travis/build/icyphy/ptII/ptolemy/actor/lib/test/CurrentTime.tcl
preinitializing
resolving types
initializing
executing number 1
wrapping up
idle
8 ms. Memory: 177152K Free: 147112K (83%)
Completed execution with 11 iterations
/home/travis/build/icyphy/ptII/ptolemy/actor/lib/test/DB.tcl
5 ms. Memory: 177152K Free: 144550K (82%)
2 ms. Memory: 177152K Free: 144040K (81%)
2 ms. Memory: 177152K Free: 144040K (81%)
/home/travis/build/icyphy/ptII/ptolemy/actor/lib/test/DiscreteRandomSource.tcl
preinitializing
resolving types
initializing
executing number 1
wrapping up
idle
5 ms. Memory: 177152K Free: 142488K (80%)
Completed execution with 4 iterations
preinitializing
resolving types
initializing
executing number 1
wrapping up
idle
2 ms. Memory: 177152K Free: 141992K (80%)
Completed execution with 4 iterations
preinitializing
resolving types
initializing
executing number 1
wrapping up
idle
2 ms. Memory: 177152K Free: 141448K (80%)
Completed execution with 4 iterations
preinitializing
resolving types
initializing
executing number 1
wrapping up
idle
2 ms. Memory: 177152K Free: 140968K (80%)
Completed execution with 4 iterations
preinitializing
resolving types
initializing
executing number 1
wrapping up
idle
4 ms. Memory: 177152K Free: 140454K (79%)
Completed execution with 4 iterations
/home/travis/build/icyphy/ptII/ptolemy/actor/lib/test/Distributor.tcl
5 ms. Memory: 177152K Free: 138920K (78%)
5 ms. Memory: 177152K Free: 138376K (78%)
StreamChangeRequest.changeExecuted(): <deleteEntity name="rec2"/> succeeded
StreamChangeRequest.changeExecuted(): <deleteRelation name="r2"/> succeeded
StreamChangeRequest.changeExecuted(): Record firings per iteration succeeded
5 ms. Memory: 177152K Free: 135848K (77%)
/home/travis/build/icyphy/ptII/ptolemy/actor/lib/test/Exit.tcl
Exit.tcl: this will print a message about Manager.exitAfterWrapup, which can be ignored.
4 ms. Memory: 177152K Free: 132776K (75%)
/home/travis/build/icyphy/ptII/ptolemy/actor/lib/test/Expression.tcl
21 ms. Memory: 177152K Free: 129190K (73%)
25 ms. Memory: 177152K Free: 161640K (91%)
7 ms. Memory: 177152K Free: 161128K (91%)
preinitializing
resolving types
initializing
executing number 1
wrapping up
idle
6 ms. Memory: 177152K Free: 159578K (90%)
Completed execution with 6 iterations
9 ms. Memory: 177152K Free: 158538K (89%)
6 ms. Memory: 177152K Free: 158058K (89%)
10 ms. Memory: 177152K Free: 157034K (89%)
9 ms. Memory: 177152K Free: 155496K (88%)
8 ms. Memory: 177152K Free: 154458K (87%)
/home/travis/build/icyphy/ptII/ptolemy/actor/lib/test/Gaussian.tcl
12 ms. Memory: 177152K Free: 152906K (86%)
sleeping 1 seconds: .............................................................................................................................................................................................................................................................................................................................................................................................................................................................................................................................................................................................................................................................................................................................................................................................................................................................................................................................................................................................................................................................................................................................................................................................................................................................................................................................................................................................................................................................................................................................................................................................................................................................................................................................................................................................................................................................................................................................................................................................................................................................................................................................................................................................................................................................................................................................................................................................................................................................................................................................................................................................................................................................................................................................................................................................................................................................................................................................................................................................................................................................................................................................................................................................................................................................................................................................................................................................................................................................................................................................................................................................................................................................................................................................................................................................................................................................................................................................................................................................................................................................................................................................................................................................................................................................................................................................................................................................................................................................................................................................................................................................................................................................................................................................................................................................................................................................................................................................................................................................................................................................................................................................................................................................................................................................................................................................................................................................................................................................................................................................................................................................................................................................................................................................................................................................................................................................................................................................................................................................................................................................................................................................................................................................................................................................................................................................................................................................................................................................................................................................................................................................................................................................................................................................................................................................................................................................................................................................................................................................................................................................................................................................................................................................................................................................................................................................................................................................................................................................................................................................................................................................................................................................................................................................................................................................................................................................................................................................................................................................................................................................................................................................................................................................................................................................................................................................................................................................................................................................................................................................................................................................................................................................................................................................................................................................................................................................................................................................................................................................................................................................................................................................................................................................................................................................................................................................................................................................................................................................................................................................................................................................................................................................................................................................................................................................................................................................................................................................................................................................................................................................................................................................................................................................................................................................................................................................................................................................................................................................................................................................................................................................................................................................................................................................................................................................................................................................................................................................................................................................................................................................................................................................................................................................................................................................................................................................................................................................................................................................................................................................................................................................................................................................................................................................................................................................................................................................................................................................................................................................................................................................................................................................................................................................................................................................................................................................................................................................................................................................................................................................................................................................................................................................................................................................................................................................................................................................................................................................................................................................................................................................................................................................................................................................................................................................................................................................................................................................................................................................................................................................................................................................................................................................................................................................................................................................................................................................................................................................................................................................................................................................................................................................................................................................................................................................................................................................................................................................................................................................................................................................................................................................................................................................................................................................................................................................................................................................................................................................................................................................................................................................................................................................................................................................................................................................................................................................................................................................................................................................................................................................................................................................................................................................................................................................................................................................................................................................................................................................................................................................................................................................................................................................................................................................................................................................................................................................................................................................................................................................................................................................................................................................................................................................................................................................................................................................................................................................................................................................................................................................................................................................................................................................................................................................................................................................................................................................................................................................................................................................................................................................................................................................................................................................................................................................................................................................................................................................................................................................................................................................................................................................................................................................................................................................................................................................................................................................................................................................................................................................................................................................................................................................................................................................................................................................................................................................................................................................................................................................................................................................................................................................................................................................................................................................................................................................................................................................................................................................................................................................................................................................................................................................................................................................................................................................................................................................................................................................................................................................................................................................................................................................................................................................................................................................................................................................................................................................................................................................................................................................................................................................................................................................................................................................................................................................................................................................................................................................................................................................................................................................................................................................................................................................................................................................................................................................................................................................................................................................................................................................................................................................................................................................................................................................................................................................................................................................................................................................................................................................................................................................................................................................................................................................................................................................................................................................................................................................................................................................................................................................................................................................................................................................................................................................................................................................................................................................................................................................................................................................................................................................................................................................................................................................................................................................................................................................................................................................................................................................................................................................................................................................................................................................................................................................................................................................................................................................................................................................................................................................................................................................................................................................................................................................................................................................................................................................................................................................................................................................................................................................................................................................................................................................................................................................................................................................................................................................................................................................................................................................................................................................................................................................................................................................................................................................................................................................................................................................................................................................................................................................................................................................................................................................................................................................................................................................................................................................................................................................................................................................................................................................................................................................................................................................................................................................................................................................................................................................................................................................................................................................................................................................................................................................................................................................................................................................................................................................................................................................................................................................................................................................................................................................................2 ms. Memory: 177152K Free: 136704K (77%)
2 ms. Memory: 177152K Free: 135686K (77%)
1 ms. Memory: 177152K Free: 135176K (76%)
6 ms. Memory: 177152K Free: 134579K (76%)
4 ms. Memory: 177152K Free: 133632K (75%)
/home/travis/build/icyphy/ptII/ptolemy/actor/lib/test/IIR.tcl
/home/travis/build/icyphy/ptII/ptolemy/actor/lib/test/Interpolator.tcl
8 ms. Memory: 177152K Free: 130056K (73%)
2 ms. Memory: 177152K Free: 129528K (73%)
2 ms. Memory: 177152K Free: 129032K (73%)
8 ms. Memory: 177152K Free: 128518K (73%)
6 ms. Memory: 177152K Free: 127494K (72%)
4 ms. Memory: 177152K Free: 126470K (71%)
12 ms. Memory: 177152K Free: 125960K (71%)
2 ms. Memory: 177152K Free: 124936K (71%)
6 ms. Memory: 177152K Free: 123912K (70%)
3 ms. Memory: 177152K Free: 122888K (69%)
/home/travis/build/icyphy/ptII/ptolemy/actor/lib/test/MathFunction.tcl
12 ms. Memory: 177152K Free: 121320K (68%)
3 ms. Memory: 177152K Free: 119816K (68%)
1 ms. Memory: 177152K Free: 118792K (67%)
14 ms. Memory: 177152K Free: 118248K (67%)
8 ms. Memory: 177152K Free: 116744K (66%)
8 ms. Memory: 177152K Free: 114696K (65%)
/home/travis/build/icyphy/ptII/ptolemy/actor/lib/test/Maximum.tcl
4 ms. Memory: 177152K Free: 113152K (64%)
6 ms. Memory: 177152K Free: 112120K (63%)
11 ms. Memory: 177152K Free: 111624K (63%)
2 ms. Memory: 177152K Free: 111110K (63%)
/home/travis/build/icyphy/ptII/ptolemy/actor/lib/test/Minimum.tcl
11 ms. Memory: 177152K Free: 109062K (62%)
2 ms. Memory: 177152K Free: 108552K (61%)
7 ms. Memory: 177152K Free: 108024K (61%)
2 ms. Memory: 177152K Free: 107528K (61%)
/home/travis/build/icyphy/ptII/ptolemy/actor/lib/test/MultiplyDivide.tcl
11 ms. Memory: 177152K Free: 105480K (60%)
9 ms. Memory: 177152K Free: 104456K (59%)
2 ms. Memory: 177152K Free: 103928K (59%)
5 ms. Memory: 177152K Free: 103432K (58%)
4 ms. Memory: 177152K Free: 102408K (58%)
/home/travis/build/icyphy/ptII/ptolemy/actor/lib/test/OrderedMerge.tcl
Connections changed on port: inputA
Connections changed on port: inputB
Connections changed on port: output
Connections changed on port: output
Connections changed on port: output
Connections changed on port: input
.top. Preinitializing ...
Invoking preinitialize():  .top.OrderedMerge
Called preinitialize()
Invoking preinitialize():  .top.Ramp
Called preinitialize()
Invoking preinitialize():  .top.Ramp2
Called preinitialize()
Invoking preinitialize():  .top.Test
Called preinitialize()
Connections changed on port: inputA
Connections changed on port: output
Connections changed on port: inputB
Connections changed on port: output
Connections changed on port: output
Connections changed on port: input
.top. Finished preinitialize().
Called initialize().
Invoking initialize():  .top.OrderedMerge
Initializing actor: .top.OrderedMerge
Adding a thread: .top.OrderedMerge
Invoking initialize():  .top.Ramp
Initializing actor: .top.Ramp
Adding a thread: .top.Ramp
Invoking initialize():  .top.Ramp2
Initializing actor: .top.Ramp2
Adding a thread: .top.Ramp2
Invoking initialize():  .top.Test
Initializing actor: .top.Test
Adding a thread: .top.Test
Called fire().
Checking for deadlock:
-- Starting thread.
Called initialize()
Called prefire()
Called fire()
-- Starting thread.
Called initialize()
-- Starting thread.
Called initialize()
Called prefire()
Called prefire()
Called fire()
-- Starting thread.
Called fire()
Called initialize()
Called prefire()
Called fire()
There are 0 Blocked actors, 0 Stopped actors, and 4 active threads.
Waiting for actors to stop.
Called postfire()
Called prefire()
Called fire()
Called postfire()
Called prefire()
Called fire()
Called postfire()
Called prefire()
Called fire()
Checking for deadlock:
There are 3 Blocked actors, 0 Stopped actors, and 4 active threads.
Read input token from inputA with value 0.0
Waiting for actors to stop.
Next port to read input from is inputB
Called postfire()
Called prefire()
Called fire()
Read input token from inputB with value 0.0
Sent output token with value 0.0
Next port to read input from is inputA
Called postfire()
Called prefire()
Called fire()
Read input token from inputA with value 1.0
Called postfire()
Called prefire()
Called fire()
Checking for deadlock:
There are 1 Blocked actors, 0 Stopped actors, and 4 active threads.
Waiting for actors to stop.
Called postfire()
Called prefire()
Called fire()
Checking for deadlock:
-- Read input: 0.0, which is expected to match: 0.0
There are 2 Blocked actors, 0 Stopped actors, and 4 active threads.
Waiting for actors to stop.
Called prefire()
Called fire()
Checking for deadlock:
Sent output token with value 0.0
There are 2 Blocked actors, 0 Stopped actors, and 4 active threads.
Waiting for actors to stop.
Next port to read input from is inputB
Called postfire()
Called prefire()
Called fire()
Called postfire()
Called prefire()
Called fire()
Read input token from inputB with value 1.5
Checking for deadlock:
There are 2 Blocked actors, 0 Stopped actors, and 4 active threads.
Waiting for actors to stop.
-- Read input: 0.0, which is expected to match: 0.0
Sent output token with value 1.0
Called prefire()
Called fire()
Next port to read input from is inputA
Called postfire()
Called prefire()
Called fire()
-- Read input: 1.0, which is expected to match: 1.0
Called prefire()
Called fire()
Called postfire()
Called prefire()
Called fire()
Read input token from inputA with value 2.0
Sent output token with value 1.5
Next port to read input from is inputB
Called postfire()
Called prefire()
Called fire()
Read input token from inputB with value 3.0
Checking for deadlock:
There are 2 Blocked actors, 0 Stopped actors, and 4 active threads.
Waiting for actors to stop.
Checking for deadlock:
-- Read input: 1.5, which is expected to match: 1.5
There are 1 Blocked actors, 0 Stopped actors, and 4 active threads.
Called prefire()
Called fire()
Waiting for actors to stop.
Called postfire()
Called prefire()
Called fire()
Sent output token with value 2.0
Next port to read input from is inputA
Called postfire()
Called prefire()
Called fire()
Read input token from inputA with value 3.0
Checking for deadlock:
There are 2 Blocked actors, 0 Stopped actors, and 4 active threads.
Waiting for actors to stop.
Called postfire()
Called prefire()
-- Read input: 2.0, which is expected to match: 2.0
Called fire()
Called prefire()
Called fire()
Checking for deadlock:
There are 2 Blocked actors, 0 Stopped actors, and 4 active threads.
Waiting for actors to stop.
Sent output token with value 3.0
-- Read input: 3.0, which is expected to match: 3.0
Called prefire()
Next port to read input from is inputB
Called postfire()
Called fire()
Called prefire()
Called fire()
Checking for deadlock:
There are 2 Blocked actors, 0 Stopped actors, and 4 active threads.
Waiting for actors to stop.
Read input token from inputB with value 4.5
Sent output token with value 3.0
Next port to read input from is inputA
Called postfire()
Called prefire()
Called fire()
Read input token from inputA with value 4.0
Checking for deadlock:
There are 1 Blocked actors, 0 Stopped actors, and 4 active threads.
Waiting for actors to stop.
Called postfire()
Called prefire()
Called fire()
-- Read input: 3.0, which is expected to match: 3.0
Called prefire()
Called fire()
-- Read input: 4.0, which is expected to match: 4.0
Called prefire()
Called fire()
Past the end of training data. Read and discard all inputs.
Called postfire()
Called prefire()
Called fire()
Sent output token with value 4.0
Next port to read input from is inputA
Called postfire()
Called prefire()
Called fire()
Read input token from inputA with value 5.0
Sent output token with value 4.5
Next port to read input from is inputB
Called postfire()
Called prefire()
Called fire()
Read input token from inputB with value 6.0
Checking for deadlock:
There are 1 Blocked actors, 0 Stopped actors, and 4 active threads.
Waiting for actors to stop.
Called postfire()
Called prefire()
Called prefire()
Called fire()
Called fire()
Past the end of training data. Read and discard all inputs.
Called postfire()
Called prefire()
Called fire()
Checking for deadlock:
There are 3 Blocked actors, 0 Stopped actors, and 4 active threads.
Waiting for actors to stop.
Called prefire()
Called fire()
Past the end of training data. Read and discard all inputs.
Sent output token with value 5.0
Next port to read input from is inputA
Called postfire()
Called prefire()
Called fire()
Read input token from inputA with value 6.0
Sent output token with value 6.0
Next port to read input from is inputB
Called postfire()
Called prefire()
Called fire()
Read input token from inputB with value 7.5
Checking for deadlock:
There are 1 Blocked actors, 0 Stopped actors, and 4 active threads.
Waiting for actors to stop.
Called prefire()
Called fire()
Past the end of training data. Read and discard all inputs.
Called postfire()
Called postfire()
Checking for deadlock:
Called prefire()
Called prefire()
Called fire()
Called fire()
There are 1 Blocked actors, 0 Stopped actors, and 4 active threads.
Waiting for actors to stop.
Sent output token with value 6.0
Next port to read input from is inputA
Called postfire()
Called prefire()
Called fire()
Read input token from inputA with value 7.0
Checking for deadlock:
There are 2 Blocked actors, 0 Stopped actors, and 4 active threads.
Waiting for actors to stop.
Called prefire()
Called postfire()
Called prefire()
Called fire()
Called fire()
Past the end of training data. Read and discard all inputs.
Checking for deadlock:
There are 2 Blocked actors, 0 Stopped actors, and 4 active threads.
Waiting for actors to stop.
Sent output token with value 7.0
Next port to read input from is inputA
Called postfire()
Called prefire()
Called fire()
Read input token from inputA with value 8.0
Checking for deadlock:
There are 2 Blocked actors, 0 Stopped actors, and 4 active threads.
Waiting for actors to stop.
-- Thread wrapup() called.
Called wrapup()
Called prefire()
Called fire()
Past the end of training data. Read and discard all inputs.
Thread .top.Ramp is exiting.
-- Thread stopped.
Checking for deadlock:
There are 1 Blocked actors, 0 Stopped actors, and 3 active threads.
Waiting for actors to stop.
Called prefire()
Called fire()
Past the end of training data. Read and discard all inputs.
Sent output token with value 7.5
Next port to read input from is inputB
Called postfire()
Called prefire()
Called fire()
Read input token from inputB with value 9.0
Sent output token with value 8.0
Next port to read input from is inputA
Called postfire()
Called prefire()
Called fire()
Read input token from inputA with value 9.0
Checking for deadlock:
There are 1 Blocked actors, 0 Stopped actors, and 3 active threads.
Waiting for actors to stop.
Called prefire()
Called fire()
Past the end of training data. Read and discard all inputs.
Called postfire()
Called prefire()
Called fire()
Checking for deadlock:
There are 2 Blocked actors, 0 Stopped actors, and 3 active threads.
Waiting for actors to stop.
Called prefire()
Called fire()
Past the end of training data. Read and discard all inputs.
Sent output token with value 9.0
Next port to read input from is inputB
Called postfire()
Called prefire()
Called fire()
Read input token from inputB with value 10.5
Sent output token with value 9.0
Next port to read input from is inputA
Called postfire()
Called prefire()
Called fire()
Checking for deadlock:
There are 1 Blocked actors, 0 Stopped actors, and 3 active threads.
Waiting for actors to stop.
Called prefire()
Called fire()
Past the end of training data. Read and discard all inputs.
Called postfire()
Called prefire()
Called fire()
Checking for deadlock:
There are 3 Blocked actors, 0 Stopped actors, and 3 active threads.
Actors have stopped.
Checking for deadlock:
There are 3 Blocked actors, 0 Stopped actors, and 3 active threads.
Deadlock detected.
Resolving Deadlock
Checking for deadlock:
There are 3 Blocked actors, 0 Stopped actors, and 3 active threads.
Artificial Deadlock - increasing queue capacity.
increasing the capacity of receiver ptolemy.actor.TypedIOPort {.top.OrderedMerge.inputB} to 2
-- Thread wrapup() called.
Called wrapup()
Thread .top.Ramp2 is exiting.
-- Thread stopped.
Director: Called postfire().
Called postfire().
_stopRequested = false
_stopFireRequested = false
Returning from postfire(): true
Called fire().
Checking for deadlock:
There are 2 Blocked actors, 0 Stopped actors, and 2 active threads.
Actors have stopped.
Checking for deadlock:
There are 2 Blocked actors, 0 Stopped actors, and 2 active threads.
Deadlock detected.
Resolving Deadlock
Checking for deadlock:
There are 2 Blocked actors, 0 Stopped actors, and 2 active threads.
Deadlock detected: no processes blocked on write, but some are blocked on read.
Called postfire().
_stopRequested = false
_stopFireRequested = false
Returning from postfire(): false
Finished deactivating branches.
Called wrapup().
-- Thread wrapup() called.
Called wrapup()
Thread .top.Test is exiting.
-- Thread stopped.
-- Blocked Receiver call threw TerminateProcessException.
-- Thread wrapup() called.
Called wrapup()
Thread .top.OrderedMerge is exiting.
-- Thread stopped.
-- Blocked Receiver call threw TerminateProcessException.
57 ms. Memory: 177152K Free: 97288K (55%)
.top. Preinitializing ...
Invoking preinitialize():  .top.OrderedMerge
Called preinitialize()
Invoking preinitialize():  .top.Ramp
Called preinitialize()
Invoking preinitialize():  .top.Ramp2
Called preinitialize()
Invoking preinitialize():  .top.Test
Called preinitialize()
.top. Finished preinitialize().
Called initialize().
Invoking initialize():  .top.OrderedMerge
Initializing actor: .top.OrderedMerge
Adding a thread: .top.OrderedMerge
Invoking initialize():  .top.Ramp
Initializing actor: .top.Ramp
Adding a thread: .top.Ramp
Invoking initialize():  .top.Ramp2
Initializing actor: .top.Ramp2
Adding a thread: .top.Ramp2
Invoking initialize():  .top.Test
Initializing actor: .top.Test
Adding a thread: .top.Test
-- Starting thread.
Called initialize()
Called prefire()
Called fire()
-- Starting thread.
Called initialize()
Called prefire()
Called fire()
Called postfire()
Called prefire()
Called fire()
Called fire().
Checking for deadlock:
There are 2 Blocked actors, 0 Stopped actors, and 4 active threads.
Waiting for actors to stop.
-- Starting thread.
Called initialize()
Called prefire()
Called fire()
Called postfire()
Called prefire()
Called fire()
-- Starting thread.
Called initialize()
Called prefire()
Called fire()
Read input token from inputA with value 0.0
Next port to read input from is inputB
Called postfire()
Called prefire()
Called fire()
Read input token from inputB with value 0.0
Sent output token with value 0.0
Next port to read input from is inputA
Called postfire()
Called prefire()
Called fire()
Called postfire()
Called prefire()
Called fire()
Called postfire()
Called prefire()
Called fire()
Checking for deadlock:
There are 2 Blocked actors, 0 Stopped actors, and 4 active threads.
Waiting for actors to stop.
-- Read input: 0.0, which is expected to match: 0.0
Called prefire()
Called fire()
Checking for deadlock:
There are 3 Blocked actors, 0 Stopped actors, and 4 active threads.
Waiting for actors to stop.
Checking for deadlock:
There are 2 Blocked actors, 0 Stopped actors, and 4 active threads.
Waiting for actors to stop.
Called postfire()
Called prefire()
Called fire()
Checking for deadlock:
There are 3 Blocked actors, 0 Stopped actors, and 4 active threads.
Waiting for actors to stop.
Read input token from inputA with value 1.0
Checking for deadlock:
There are 2 Blocked actors, 0 Stopped actors, and 4 active threads.
Waiting for actors to stop.
-- Read input: 0.0, which is expected to match: 0.0
Called prefire()
Called fire()
Checking for deadlock:
There are 3 Blocked actors, 0 Stopped actors, and 4 active threads.
Waiting for actors to stop.
Sent output token with value 0.0
Next port to read input from is inputB
Called postfire()
Called prefire()
Called fire()
Checking for deadlock:
There are 2 Blocked actors, 0 Stopped actors, and 4 active threads.
Waiting for actors to stop.
Called postfire()
Called prefire()
Called fire()
Checking for deadlock:
There are 3 Blocked actors, 0 Stopped actors, and 4 active threads.
Waiting for actors to stop.
Read input token from inputB with value 1.5
Checking for deadlock:
There are 2 Blocked actors, 0 Stopped actors, and 4 active threads.
Waiting for actors to stop.
-- Read input: 1.0, which is expected to match: 1.0
Called prefire()
Called fire()
Checking for deadlock:
There are 3 Blocked actors, 0 Stopped actors, and 4 active threads.
Waiting for actors to stop.
Sent output token with value 1.0
Next port to read input from is inputA
Called postfire()
Called prefire()
Called fire()
Checking for deadlock:
There are 2 Blocked actors, 0 Stopped actors, and 4 active threads.
Waiting for actors to stop.
Called postfire()
Called prefire()
Called fire()
Checking for deadlock:
There are 3 Blocked actors, 0 Stopped actors, and 4 active threads.
Waiting for actors to stop.
Read input token from inputA with value 2.0
Checking for deadlock:
There are 2 Blocked actors, 0 Stopped actors, and 4 active threads.
Waiting for actors to stop.
-- Read input: 1.5, which is expected to match: 1.5
Called prefire()
Called fire()
Checking for deadlock:
There are 3 Blocked actors, 0 Stopped actors, and 4 active threads.
Waiting for actors to stop.
Sent output token with value 1.5
Next port to read input from is inputB
Called postfire()
Called prefire()
Called fire()
Checking for deadlock:
There are 2 Blocked actors, 0 Stopped actors, and 4 active threads.
Waiting for actors to stop.
Called postfire()
Called prefire()
Called fire()
Checking for deadlock:
There are 3 Blocked actors, 0 Stopped actors, and 4 active threads.
Waiting for actors to stop.
Read input token from inputB with value 3.0
Checking for deadlock:
There are 2 Blocked actors, 0 Stopped actors, and 4 active threads.
Waiting for actors to stop.
-- Read input: 2.0, which is expected to match: 2.0
Called prefire()
Called fire()
Checking for deadlock:
There are 3 Blocked actors, 0 Stopped actors, and 4 active threads.
Waiting for actors to stop.
Sent output token with value 2.0
Next port to read input from is inputA
Called postfire()
Called prefire()
Called fire()
Checking for deadlock:
There are 2 Blocked actors, 0 Stopped actors, and 4 active threads.
Waiting for actors to stop.
Called postfire()
Called prefire()
Called fire()
Checking for deadlock:
There are 3 Blocked actors, 0 Stopped actors, and 4 active threads.
Waiting for actors to stop.
Read input token from inputA with value 3.0
Checking for deadlock:
There are 2 Blocked actors, 0 Stopped actors, and 4 active threads.
Waiting for actors to stop.
-- Read input: 3.0, which is expected to match: 3.0
Called prefire()
Called fire()
Checking for deadlock:
There are 3 Blocked actors, 0 Stopped actors, and 4 active threads.
Waiting for actors to stop.
Sent output token with value 3.0
Next port to read input from is inputB
Called postfire()
Called prefire()
Called fire()
Checking for deadlock:
There are 2 Blocked actors, 0 Stopped actors, and 4 active threads.
Waiting for actors to stop.
Called postfire()
Called prefire()
Called fire()
Checking for deadlock:
There are 3 Blocked actors, 0 Stopped actors, and 4 active threads.
Waiting for actors to stop.
Read input token from inputB with value 4.5
Checking for deadlock:
There are 2 Blocked actors, 0 Stopped actors, and 4 active threads.
Waiting for actors to stop.
-- Read input: 3.0, which is expected to match: 3.0
Called prefire()
Called fire()
Checking for deadlock:
There are 3 Blocked actors, 0 Stopped actors, and 4 active threads.
Waiting for actors to stop.
Sent output token with value 3.0
Next port to read input from is inputA
Called postfire()
Called prefire()
Called fire()
Checking for deadlock:
There are 2 Blocked actors, 0 Stopped actors, and 4 active threads.
Waiting for actors to stop.
Called postfire()
Called prefire()
Called fire()
Checking for deadlock:
There are 3 Blocked actors, 0 Stopped actors, and 4 active threads.
Waiting for actors to stop.
Read input token from inputA with value 4.0
Checking for deadlock:
There are 2 Blocked actors, 0 Stopped actors, and 4 active threads.
Waiting for actors to stop.
-- Read input: 4.0, which is expected to match: 4.0
Called prefire()
Called fire()
Past the end of training data. Read and discard all inputs.
Checking for deadlock:
There are 3 Blocked actors, 0 Stopped actors, and 4 active threads.
Waiting for actors to stop.
Sent output token with value 4.0
Next port to read input from is inputA
Called postfire()
Called prefire()
Called fire()
Checking for deadlock:
There are 2 Blocked actors, 0 Stopped actors, and 4 active threads.
Waiting for actors to stop.
Called postfire()
Called prefire()
Called fire()
Checking for deadlock:
There are 3 Blocked actors, 0 Stopped actors, and 4 active threads.
Waiting for actors to stop.
Read input token from inputA with value 5.0
Checking for deadlock:
There are 2 Blocked actors, 0 Stopped actors, and 4 active threads.
Waiting for actors to stop.
Called prefire()
Called fire()
Past the end of training data. Read and discard all inputs.
Checking for deadlock:
There are 3 Blocked actors, 0 Stopped actors, and 4 active threads.
Waiting for actors to stop.
Sent output token with value 4.5
Next port to read input from is inputB
Called postfire()
Called prefire()
Called fire()
Called postfire()
Called prefire()
Called fire()
Checking for deadlock:
There are 3 Blocked actors, 0 Stopped actors, and 4 active threads.
Waiting for actors to stop.
Read input token from inputB with value 6.0
Checking for deadlock:
There are 2 Blocked actors, 0 Stopped actors, and 4 active threads.
Waiting for actors to stop.
Called prefire()
Called fire()
Past the end of training data. Read and discard all inputs.
Checking for deadlock:
There are 3 Blocked actors, 0 Stopped actors, and 4 active threads.
Waiting for actors to stop.
Sent output token with value 5.0
Next port to read input from is inputA
Called postfire()
Called prefire()
Called fire()
Called postfire()
Called prefire()
Called fire()
Checking for deadlock:
There are 3 Blocked actors, 0 Stopped actors, and 4 active threads.
Waiting for actors to stop.
Read input token from inputA with value 6.0
Checking for deadlock:
There are 2 Blocked actors, 0 Stopped actors, and 4 active threads.
Waiting for actors to stop.
Called prefire()
Called fire()
Past the end of training data. Read and discard all inputs.
Checking for deadlock:
There are 3 Blocked actors, 0 Stopped actors, and 4 active threads.
Waiting for actors to stop.
Sent output token with value 6.0
Next port to read input from is inputB
Called postfire()
Called prefire()
Called fire()
Called postfire()
Called prefire()
Called fire()
Checking for deadlock:
There are 3 Blocked actors, 0 Stopped actors, and 4 active threads.
Waiting for actors to stop.
Read input token from inputB with value 7.5
Checking for deadlock:
There are 2 Blocked actors, 0 Stopped actors, and 4 active threads.
Waiting for actors to stop.
Called prefire()
Called fire()
Past the end of training data. Read and discard all inputs.
Checking for deadlock:
There are 3 Blocked actors, 0 Stopped actors, and 4 active threads.
Waiting for actors to stop.
Sent output token with value 6.0
Next port to read input from is inputA
Called postfire()
Called prefire()
Called fire()
Called postfire()
Called prefire()
Called fire()
Checking for deadlock:
There are 3 Blocked actors, 0 Stopped actors, and 4 active threads.
Waiting for actors to stop.
Read input token from inputA with value 7.0
Called prefire()
Called fire()
Past the end of training data. Read and discard all inputs.
Checking for deadlock:
There are 3 Blocked actors, 0 Stopped actors, and 4 active threads.
Waiting for actors to stop.
Sent output token with value 7.0
Next port to read input from is inputA
Called postfire()
Called prefire()
Called fire()
-- Thread wrapup() called.
Called wrapup()
Thread .top.Ramp is exiting.
-- Thread stopped.
Checking for deadlock:
There are 2 Blocked actors, 0 Stopped actors, and 3 active threads.
Waiting for actors to stop.
Read input token from inputA with value 8.0
Checking for deadlock:
There are 1 Blocked actors, 0 Stopped actors, and 3 active threads.
Waiting for actors to stop.
Called prefire()
Called fire()
Past the end of training data. Read and discard all inputs.
Checking for deadlock:
There are 2 Blocked actors, 0 Stopped actors, and 3 active threads.
Waiting for actors to stop.
Sent output token with value 7.5
Next port to read input from is inputB
Called postfire()
Called prefire()
Called fire()
Checking for deadlock:
There are 1 Blocked actors, 0 Stopped actors, and 3 active threads.
Waiting for actors to stop.
Called postfire()
Called prefire()
Called fire()
Checking for deadlock:
There are 2 Blocked actors, 0 Stopped actors, and 3 active threads.
Waiting for actors to stop.
Read input token from inputB with value 9.0
Checking for deadlock:
There are 1 Blocked actors, 0 Stopped actors, and 3 active threads.
Waiting for actors to stop.
Called prefire()
Called fire()
Past the end of training data. Read and discard all inputs.
Checking for deadlock:
There are 2 Blocked actors, 0 Stopped actors, and 3 active threads.
Waiting for actors to stop.
Sent output token with value 8.0
Next port to read input from is inputA
Called postfire()
Called prefire()
Called fire()
Read input token from inputA with value 9.0
Called prefire()
Called fire()
Past the end of training data. Read and discard all inputs.
Checking for deadlock:
There are 2 Blocked actors, 0 Stopped actors, and 3 active threads.
Waiting for actors to stop.
Sent output token with value 9.0
Next port to read input from is inputB
Called postfire()
Called prefire()
Called fire()
Called postfire()
Called prefire()
Called fire()
Checking for deadlock:
There are 2 Blocked actors, 0 Stopped actors, and 3 active threads.
Waiting for actors to stop.
Read input token from inputB with value 10.5
Called prefire()
Called fire()
Past the end of training data. Read and discard all inputs.
Checking for deadlock:
There are 2 Blocked actors, 0 Stopped actors, and 3 active threads.
Waiting for actors to stop.
Sent output token with value 9.0
Next port to read input from is inputA
Called postfire()
Called prefire()
Called fire()
Checking for deadlock:
There are 3 Blocked actors, 0 Stopped actors, and 3 active threads.
Actors have stopped.
Checking for deadlock:
There are 3 Blocked actors, 0 Stopped actors, and 3 active threads.
Deadlock detected.
Resolving Deadlock
Checking for deadlock:
There are 3 Blocked actors, 0 Stopped actors, and 3 active threads.
Artificial Deadlock - increasing queue capacity.
increasing the capacity of receiver ptolemy.actor.TypedIOPort {.top.OrderedMerge.inputB} to 2
Director: Called postfire().
Called postfire().
_stopRequested = false
_stopFireRequested = false
Returning from postfire(): true
Called fire().
Checking for deadlock:
There are 2 Blocked actors, 0 Stopped actors, and 3 active threads.
Waiting for actors to stop.
-- Thread wrapup() called.
Called wrapup()
Thread .top.Ramp2 is exiting.
-- Thread stopped.
Checking for deadlock:
There are 2 Blocked actors, 0 Stopped actors, and 2 active threads.
Actors have stopped.
Checking for deadlock:
There are 2 Blocked actors, 0 Stopped actors, and 2 active threads.
Deadlock detected.
Resolving Deadlock
Checking for deadlock:
There are 2 Blocked actors, 0 Stopped actors, and 2 active threads.
Deadlock detected: no processes blocked on write, but some are blocked on read.
Called postfire().
_stopRequested = false
_stopFireRequested = false
Returning from postfire(): false
Finished deactivating branches.
Called wrapup().
-- Thread wrapup() called.
Called wrapup()
-- Thread wrapup() called.
Called wrapup()
Thread .top.OrderedMerge is exiting.
-- Thread stopped.
-- Blocked Receiver call threw TerminateProcessException.
Thread .top.Test is exiting.
-- Thread stopped.
-- Blocked Receiver call threw TerminateProcessException.
48 ms. Memory: 177152K Free: 95240K (54%)
/home/travis/build/icyphy/ptII/ptolemy/actor/lib/test/Publisher.tcl
21 ms. Memory: 177152K Free: 88568K (50%)
9 ms. Memory: 177152K Free: 83462K (47%)
4 ms. Memory: 177152K Free: 79880K (45%)
4 ms. Memory: 177152K Free: 78856K (45%)
4 ms. Memory: 177152K Free: 77832K (44%)
14 ms. Memory: 177152K Free: 77318K (44%)
2 ms. Memory: 177152K Free: 76294K (43%)
3 ms. Memory: 177152K Free: 75784K (43%)
22 ms. Memory: 177152K Free: 65544K (37%)
4 ms. Memory: 177152K Free: 61448K (35%)
2 ms. Memory: 177152K Free: 60934K (34%)
5 ms. Memory: 177152K Free: 158302K (89%)
14 ms. Memory: 177152K Free: 150590K (85%)
5 ms. Memory: 177152K Free: 141404K (80%)
6 ms. Memory: 177152K Free: 130140K (73%)
/home/travis/build/icyphy/ptII/ptolemy/actor/lib/test/Pulse.tcl
4 ms. Memory: 177152K Free: 93262K (53%)
1 ms. Memory: 177152K Free: 92766K (52%)
2 ms. Memory: 177152K Free: 92252K (52%)
2 ms. Memory: 177152K Free: 91742K (52%)
9 ms. Memory: 177152K Free: 91228K (51%)
6 ms. Memory: 177152K Free: 89694K (51%)
2 ms. Memory: 177152K Free: 88670K (50%)
2 ms. Memory: 177152K Free: 88142K (50%)
1 ms. Memory: 177152K Free: 87132K (49%)
/home/travis/build/icyphy/ptII/ptolemy/actor/lib/test/Ramp.tcl
2 ms. Memory: 177152K Free: 85598K (48%)
2 ms. Memory: 177152K Free: 84574K (48%)
1 ms. Memory: 177152K Free: 84054K (47%)
2 ms. Memory: 177152K Free: 83036K (47%)
3 ms. Memory: 177152K Free: 82526K (47%)
4 ms. Memory: 177152K Free: 81502K (46%)
5 ms. Memory: 227328K Free: 208822K (92%)
5 actors
5000 microseconds per iteration to create
6 ms. Memory: 227328K Free: 206246K (91%)
3 ms. Memory: 227328K Free: 205222K (90%)
2 ms. Memory: 227328K Free: 204726K (90%)
2 ms. Memory: 227328K Free: 204182K (90%)
50 actors
60000 microseconds per iteration to create
31 ms. Memory: 227328K Free: 188852K (83%)
6 ms. Memory: 227328K Free: 187828K (83%)
5 ms. Memory: 227328K Free: 186804K (82%)
5 ms. Memory: 227328K Free: 185780K (82%)
500 actors
1456000 microseconds per iteration to create
267 ms. Memory: 227328K Free: 157620K (69%)
55 ms. Memory: 227328K Free: 152500K (67%)
40 ms. Memory: 227328K Free: 147380K (65%)
39 ms. Memory: 227328K Free: 141750K (62%)
/home/travis/build/icyphy/ptII/ptolemy/actor/lib/test/RampContinuous.tcl
7 ms. Memory: 227328K Free: 140726K (62%)
/home/travis/build/icyphy/ptII/ptolemy/actor/lib/test/RecordAssembler.tcl
5 ms. Memory: 227328K Free: 139182K (61%)
3 ms. Memory: 227328K Free: 138150K (61%)
/home/travis/build/icyphy/ptII/ptolemy/actor/lib/test/RecordDisassembler.tcl
9 ms. Memory: 227328K Free: 136110K (60%)
2 ms. Memory: 227328K Free: 135606K (60%)
5 ms. Memory: 227328K Free: 134068K (59%)
/home/travis/build/icyphy/ptII/ptolemy/actor/lib/test/Scale.tcl
7 ms. Memory: 227328K Free: 132534K (58%)
1 ms. Memory: 227328K Free: 131510K (58%)
1 ms. Memory: 227328K Free: 130982K (58%)
2 ms. Memory: 227328K Free: 129972K (57%)
3 ms. Memory: 227328K Free: 129462K (57%)
/home/travis/build/icyphy/ptII/ptolemy/actor/lib/test/SequentialClock.tcl
preinitializing
resolving types
initializing
executing number 1
wrapping up
idle
2 ms. Memory: 227328K Free: 127918K (56%)
Completed execution with 5 iterations
preinitializing
resolving types
initializing
executing number 1
wrapping up
idle
1 ms. Memory: 227328K Free: 127414K (56%)
Completed execution with 5 iterations
preinitializing
resolving types
initializing
executing number 1
wrapping up
idle
1 ms. Memory: 227328K Free: 126894K (56%)
Completed execution with 5 iterations
/home/travis/build/icyphy/ptII/ptolemy/actor/lib/test/SetVariable.tcl
4 ms. Memory: 227328K Free: 124838K (55%)


==== $PTII/ptolemy/actor/lib/test/SetVariable.tcl: SetVariable-3.1 changeFailed
==== Contents of test case:

    #Uses 2.1 above
    jdkCaptureErr {
        # This test was failing if we ran Exit.tcl and then this test.
        # MessageHandler.error() now actually throws the Exception.
	catch {$setVariable changeFailed [java::null]  [java::new Exception {Test exception for SetVariable.changeFailed()}]} errMsg
    } results
    list [string range $results 0 89] "\n" $errMsg

==== Result was:
{java.lang.Exception: Test exception for SetVariable.changeFailed()
	at java.base/jdk.inter} {
} {java.lang.RuntimeException: java.lang.Exception: Test exception for SetVariable.changeFailed()}
---- Result should have been:
{java.lang.Exception: Test exception for SetVariable.changeFailed()
	at sun.reflect.NativeC} {
} {java.lang.RuntimeException: java.lang.Exception: Test exception for SetVariable.changeFailed()}
---- SetVariable-3.1 FAILED
/home/travis/build/icyphy/ptII/ptolemy/actor/lib/test/Sinewave.tcl
/home/travis/build/icyphy/ptII/ptolemy/actor/lib/test/SubscriptionAggregator.tcl
4 ms. Memory: 227328K Free: 113078K (50%)
3 ms. Memory: 227328K Free: 112564K (50%)
1 ms. Memory: 227328K Free: 112054K (49%)
0 ms. Memory: 227328K Free: 111526K (49%)
1 ms. Memory: 227328K Free: 108454K (48%)
8 ms. Memory: 227328K Free: 105910K (47%)
...............................................................1049 ms. Memory: 314368K Free: 202930K (65%)
/home/travis/build/icyphy/ptII/ptolemy/actor/lib/test/Test.tcl
 The next command will produce a warning about training mode,
   which may be ignored.
5 ms. Memory: 314368K Free: 200885K (64%)
3 ms. Memory: 314368K Free: 199853K (64%)
1 ms. Memory: 314368K Free: 199358K (63%)
1 ms. Memory: 314368K Free: 198829K (63%)
1 ms. Memory: 314368K Free: 198334K (63%)
3 ms. Memory: 314368K Free: 196796K (63%)
3 ms. Memory: 314368K Free: 195772K (62%)
 The next command will produce a warning about training mode,
   which may be ignored.
4 ms. Memory: 314368K Free: 193214K (61%)
 The next command will produce a warning about training mode,
   which may be ignored.
2 ms. Memory: 314368K Free: 192190K (61%)
1 ms. Memory: 314368K Free: 191676K (61%)
1 ms. Memory: 314368K Free: 191166K (61%)
2 ms. Memory: 314368K Free: 190645K (61%)
6 ms. Memory: 314368K Free: 189628K (60%)
3 ms. Memory: 314368K Free: 185517K (59%)
/home/travis/build/icyphy/ptII/ptolemy/actor/lib/test/TestExceptionHandler.tcl
 The next command will produce a warning about training mode,
   which may be ignored.
3 ms. Memory: 314368K Free: 184493K (59%)
1 ms. Memory: 314368K Free: 183998K (59%)
1 ms. Memory: 314368K Free: 183469K (58%)
/home/travis/build/icyphy/ptII/ptolemy/actor/lib/test/UnionDisassembler.tcl
14 ms. Memory: 314368K Free: 175806K (56%)
/home/travis/build/icyphy/ptII/ptolemy/actor/lib/test/VariableClock.tcl
preinitializing
resolving types
initializing
executing number 1
wrapping up
idle
3 ms. Memory: 314368K Free: 174237K (55%)
Completed execution with 11 iterations
preinitializing
resolving types
initializing
executing number 1
wrapping up
idle
3 ms. Memory: 314368K Free: 172734K (55%)
Completed execution with 10 iterations
07/10/19 10:34:58
Failed: 1  Total Tests: 234  ((Passed: 233, Newly Passed: 0)  Known Failed: 0) /home/travis/build/icyphy/ptII/ptolemy/actor/lib/test
----------------- testing (KnownFailure) /home/travis/build/icyphy/ptII/ptolemy/actor/lib/test/auto/knownFailedTests/PublisherPortToplevelSubscriber.xml
1 ms. Memory: 314368K Free: 169148K (54%)
Known Failure: java.lang.reflect.InvocationTargetException
----------------- testing (KnownFailure) /home/travis/build/icyphy/ptII/ptolemy/actor/lib/test/auto/knownFailedTests/PublisherSubscriberPortToplevel.xml
0 ms. Memory: 314368K Free: 165052K (53%)
Known Failure: java.lang.reflect.InvocationTargetException
----------------- testing (KnownFailure) /home/travis/build/icyphy/ptII/ptolemy/actor/lib/test/auto/knownFailedTests/PublisherSubscriptionAggregatorPort.xml
0 ms. Memory: 314368K Free: 160956K (51%)
Known Failure: java.lang.reflect.InvocationTargetException
----------------- testing (KnownFailure) /home/travis/build/icyphy/ptII/ptolemy/actor/lib/test/auto/knownFailedTests/sizedarray3.xml
6 ms. Memory: 314368K Free: 156860K (50%)
Known Failure: java.lang.reflect.InvocationTargetException
No auto/linux-amd64/*.xml tests in /home/travis/build/icyphy/ptII/ptolemy/actor/lib/test
AutoTests.java: About to close Vertx.
AutoTests.java: Vertx closed.

===========================================================================================
----------------- testing Wed Jul 10 22:34:58 UTC 2019 /home/travis/build/icyphy/ptII/ptolemy/actor/lib/test/auto/AbsoluteValue.xml
----------------- Instantiating /home/travis/build/icyphy/ptII/ptolemy/actor/lib/test/auto/AbsoluteValue.xml
3 ms. Memory: 314368K Free: 133822K (43%)
----------------- Invoking toplevel() on ptolemy.moml.MoMLSimpleApplication@7532524a
----------------- Done invoking toplevel() on ptolemy.moml.MoMLSimpleApplication@7532524a
reloadAllAccessors: .AbsoluteValue

===========================================================================================
----------------- testing Wed Jul 10 22:34:58 UTC 2019 /home/travis/build/icyphy/ptII/ptolemy/actor/lib/test/auto/AbsoluteValue2.xml
----------------- Instantiating /home/travis/build/icyphy/ptII/ptolemy/actor/lib/test/auto/AbsoluteValue2.xml
4 ms. Memory: 314368K Free: 126654K (40%)
----------------- Invoking toplevel() on ptolemy.moml.MoMLSimpleApplication@71ae6603
----------------- Done invoking toplevel() on ptolemy.moml.MoMLSimpleApplication@71ae6603
reloadAllAccessors: .AbsoluteValue2

===========================================================================================
----------------- testing Wed Jul 10 22:34:58 UTC 2019 /home/travis/build/icyphy/ptII/ptolemy/actor/lib/test/auto/Accumulator.xml
----------------- Instantiating /home/travis/build/icyphy/ptII/ptolemy/actor/lib/test/auto/Accumulator.xml
5 ms. Memory: 314368K Free: 120510K (38%)
----------------- Invoking toplevel() on ptolemy.moml.MoMLSimpleApplication@74d9b2e0
----------------- Done invoking toplevel() on ptolemy.moml.MoMLSimpleApplication@74d9b2e0
reloadAllAccessors: .Accumulator

===========================================================================================
----------------- testing Wed Jul 10 22:34:58 UTC 2019 /home/travis/build/icyphy/ptII/ptolemy/actor/lib/test/auto/Accumulator2.xml
----------------- Instantiating /home/travis/build/icyphy/ptII/ptolemy/actor/lib/test/auto/Accumulator2.xml
3 ms. Memory: 314368K Free: 115390K (37%)
----------------- Invoking toplevel() on ptolemy.moml.MoMLSimpleApplication@36306710
----------------- Done invoking toplevel() on ptolemy.moml.MoMLSimpleApplication@36306710
reloadAllAccessors: .Accumulator2

===========================================================================================
----------------- testing Wed Jul 10 22:34:58 UTC 2019 /home/travis/build/icyphy/ptII/ptolemy/actor/lib/test/auto/Accumulator3.xml
----------------- Instantiating /home/travis/build/icyphy/ptII/ptolemy/actor/lib/test/auto/Accumulator3.xml
3 ms. Memory: 314368K Free: 110780K (35%)
----------------- Invoking toplevel() on ptolemy.moml.MoMLSimpleApplication@661bfe6
----------------- Done invoking toplevel() on ptolemy.moml.MoMLSimpleApplication@661bfe6
reloadAllAccessors: .Accumulator3

===========================================================================================
----------------- testing Wed Jul 10 22:34:58 UTC 2019 /home/travis/build/icyphy/ptII/ptolemy/actor/lib/test/auto/ArrayAppend.xml
----------------- Instantiating /home/travis/build/icyphy/ptII/ptolemy/actor/lib/test/auto/ArrayAppend.xml
101 ms. Memory: 314368K Free: 266484K (85%)
----------------- Invoking toplevel() on ptolemy.moml.MoMLSimpleApplication@61f4073b
----------------- Done invoking toplevel() on ptolemy.moml.MoMLSimpleApplication@61f4073b
reloadAllAccessors: .ArrayAppend

===========================================================================================
----------------- testing Wed Jul 10 22:34:58 UTC 2019 /home/travis/build/icyphy/ptII/ptolemy/actor/lib/test/auto/ArrayAppend2.xml
----------------- Instantiating /home/travis/build/icyphy/ptII/ptolemy/actor/lib/test/auto/ArrayAppend2.xml
307 ms. Memory: 314368K Free: 200192K (64%)
----------------- Invoking toplevel() on ptolemy.moml.MoMLSimpleApplication@d66f462
----------------- Done invoking toplevel() on ptolemy.moml.MoMLSimpleApplication@d66f462
reloadAllAccessors: .ArrayAppend2

===========================================================================================
----------------- testing Wed Jul 10 22:34:59 UTC 2019 /home/travis/build/icyphy/ptII/ptolemy/actor/lib/test/auto/ArrayAppend3.xml
----------------- Instantiating /home/travis/build/icyphy/ptII/ptolemy/actor/lib/test/auto/ArrayAppend3.xml
4 ms. Memory: 314368K Free: 195582K (62%)
----------------- Invoking toplevel() on ptolemy.moml.MoMLSimpleApplication@3eb47ea
----------------- Done invoking toplevel() on ptolemy.moml.MoMLSimpleApplication@3eb47ea
reloadAllAccessors: .ArrayAppend3

===========================================================================================
----------------- testing Wed Jul 10 22:34:59 UTC 2019 /home/travis/build/icyphy/ptII/ptolemy/actor/lib/test/auto/ArrayAppend4.xml
----------------- Instantiating /home/travis/build/icyphy/ptII/ptolemy/actor/lib/test/auto/ArrayAppend4.xml
2 ms. Memory: 314368K Free: 190462K (61%)
----------------- Invoking toplevel() on ptolemy.moml.MoMLSimpleApplication@69f79dec
----------------- Done invoking toplevel() on ptolemy.moml.MoMLSimpleApplication@69f79dec
reloadAllAccessors: .ArrayAppend4

===========================================================================================
----------------- testing Wed Jul 10 22:34:59 UTC 2019 /home/travis/build/icyphy/ptII/ptolemy/actor/lib/test/auto/ArrayAppend5.xml
----------------- Instantiating /home/travis/build/icyphy/ptII/ptolemy/actor/lib/test/auto/ArrayAppend5.xml
4 ms. Memory: 314368K Free: 185856K (59%)
----------------- Invoking toplevel() on ptolemy.moml.MoMLSimpleApplication@49f5aa1f
----------------- Done invoking toplevel() on ptolemy.moml.MoMLSimpleApplication@49f5aa1f
reloadAllAccessors: .ArrayAppend5

===========================================================================================
----------------- testing Wed Jul 10 22:34:59 UTC 2019 /home/travis/build/icyphy/ptII/ptolemy/actor/lib/test/auto/ArrayAppend6.xml
----------------- Instantiating /home/travis/build/icyphy/ptII/ptolemy/actor/lib/test/auto/ArrayAppend6.xml
4 ms. Memory: 314368K Free: 180222K (57%)
----------------- Invoking toplevel() on ptolemy.moml.MoMLSimpleApplication@39b76431
----------------- Done invoking toplevel() on ptolemy.moml.MoMLSimpleApplication@39b76431
reloadAllAccessors: .ArrayAppend6

===========================================================================================
----------------- testing Wed Jul 10 22:34:59 UTC 2019 /home/travis/build/icyphy/ptII/ptolemy/actor/lib/test/auto/ArrayAppendPerformanceTest.xml
----------------- Instantiating /home/travis/build/icyphy/ptII/ptolemy/actor/lib/test/auto/ArrayAppendPerformanceTest.xml
29 ms. Memory: 314368K Free: 169472K (54%)
----------------- Invoking toplevel() on ptolemy.moml.MoMLSimpleApplication@35cb8f5
----------------- Done invoking toplevel() on ptolemy.moml.MoMLSimpleApplication@35cb8f5
reloadAllAccessors: .ArrayAppendPerformanceTest

===========================================================================================
----------------- testing Wed Jul 10 22:34:59 UTC 2019 /home/travis/build/icyphy/ptII/ptolemy/actor/lib/test/auto/ArrayAppendWithEmptyInput.xml
----------------- Instantiating /home/travis/build/icyphy/ptII/ptolemy/actor/lib/test/auto/ArrayAppendWithEmptyInput.xml
15 ms. Memory: 314368K Free: 161280K (51%)
----------------- Invoking toplevel() on ptolemy.moml.MoMLSimpleApplication@1ae8b153
----------------- Done invoking toplevel() on ptolemy.moml.MoMLSimpleApplication@1ae8b153
reloadAllAccessors: .ArrayAppendWithEmptyInput

===========================================================================================
----------------- testing Wed Jul 10 22:34:59 UTC 2019 /home/travis/build/icyphy/ptII/ptolemy/actor/lib/test/auto/ArrayAverage.xml
----------------- Instantiating /home/travis/build/icyphy/ptII/ptolemy/actor/lib/test/auto/ArrayAverage.xml
5 ms. Memory: 314368K Free: 153598K (49%)
----------------- Invoking toplevel() on ptolemy.moml.MoMLSimpleApplication@36ebae4d
----------------- Done invoking toplevel() on ptolemy.moml.MoMLSimpleApplication@36ebae4d
reloadAllAccessors: .ArrayAverage

===========================================================================================
----------------- testing Wed Jul 10 22:34:59 UTC 2019 /home/travis/build/icyphy/ptII/ptolemy/actor/lib/test/auto/ArrayContains.xml
----------------- Instantiating /home/travis/build/icyphy/ptII/ptolemy/actor/lib/test/auto/ArrayContains.xml
11 ms. Memory: 314368K Free: 147968K (47%)
----------------- Invoking toplevel() on ptolemy.moml.MoMLSimpleApplication@635f150e
----------------- Done invoking toplevel() on ptolemy.moml.MoMLSimpleApplication@635f150e
reloadAllAccessors: .ArrayContains

===========================================================================================
----------------- testing Wed Jul 10 22:34:59 UTC 2019 /home/travis/build/icyphy/ptII/ptolemy/actor/lib/test/auto/ArrayElement.xml
----------------- Instantiating /home/travis/build/icyphy/ptII/ptolemy/actor/lib/test/auto/ArrayElement.xml
3 ms. Memory: 314368K Free: 141824K (45%)
----------------- Invoking toplevel() on ptolemy.moml.MoMLSimpleApplication@73d3199b
----------------- Done invoking toplevel() on ptolemy.moml.MoMLSimpleApplication@73d3199b
reloadAllAccessors: .ArrayElement

===========================================================================================
----------------- testing Wed Jul 10 22:34:59 UTC 2019 /home/travis/build/icyphy/ptII/ptolemy/actor/lib/test/auto/ArrayElementAsMatrix.xml
----------------- Instantiating /home/travis/build/icyphy/ptII/ptolemy/actor/lib/test/auto/ArrayElementAsMatrix.xml
21 ms. Memory: 314368K Free: 132608K (42%)
----------------- Invoking toplevel() on ptolemy.moml.MoMLSimpleApplication@5f8b06bc
----------------- Done invoking toplevel() on ptolemy.moml.MoMLSimpleApplication@5f8b06bc
reloadAllAccessors: .ArrayElementAsMatrix

===========================================================================================
----------------- testing Wed Jul 10 22:34:59 UTC 2019 /home/travis/build/icyphy/ptII/ptolemy/actor/lib/test/auto/ArrayElementI.xml
----------------- Instantiating /home/travis/build/icyphy/ptII/ptolemy/actor/lib/test/auto/ArrayElementI.xml
2 ms. Memory: 314368K Free: 126959K (40%)
----------------- Invoking toplevel() on ptolemy.moml.MoMLSimpleApplication@1ad15aea
----------------- Done invoking toplevel() on ptolemy.moml.MoMLSimpleApplication@1ad15aea
reloadAllAccessors: .ArrayElementI

===========================================================================================
----------------- testing Wed Jul 10 22:34:59 UTC 2019 /home/travis/build/icyphy/ptII/ptolemy/actor/lib/test/auto/ArrayExtract.xml
----------------- Instantiating /home/travis/build/icyphy/ptII/ptolemy/actor/lib/test/auto/ArrayExtract.xml
4 ms. Memory: 314368K Free: 118782K (38%)
----------------- Invoking toplevel() on ptolemy.moml.MoMLSimpleApplication@68ed71c5
----------------- Done invoking toplevel() on ptolemy.moml.MoMLSimpleApplication@68ed71c5
reloadAllAccessors: .ArrayExtract

===========================================================================================
----------------- testing Wed Jul 10 22:34:59 UTC 2019 /home/travis/build/icyphy/ptII/ptolemy/actor/lib/test/auto/ArrayExtract2.xml
----------------- Instantiating /home/travis/build/icyphy/ptII/ptolemy/actor/lib/test/auto/ArrayExtract2.xml
3 ms. Memory: 314368K Free: 113152K (36%)
----------------- Invoking toplevel() on ptolemy.moml.MoMLSimpleApplication@2ebecf78
----------------- Done invoking toplevel() on ptolemy.moml.MoMLSimpleApplication@2ebecf78
reloadAllAccessors: .ArrayExtract2

===========================================================================================
----------------- testing Wed Jul 10 22:34:59 UTC 2019 /home/travis/build/icyphy/ptII/ptolemy/actor/lib/test/auto/ArrayLength.xml
----------------- Instantiating /home/travis/build/icyphy/ptII/ptolemy/actor/lib/test/auto/ArrayLength.xml
1 ms. Memory: 314368K Free: 109566K (35%)
----------------- Invoking toplevel() on ptolemy.moml.MoMLSimpleApplication@45784e68
----------------- Done invoking toplevel() on ptolemy.moml.MoMLSimpleApplication@45784e68
reloadAllAccessors: .ArrayLength

===========================================================================================
----------------- testing Wed Jul 10 22:34:59 UTC 2019 /home/travis/build/icyphy/ptII/ptolemy/actor/lib/test/auto/ArrayLevelCrossing.xml
----------------- Instantiating /home/travis/build/icyphy/ptII/ptolemy/actor/lib/test/auto/ArrayLevelCrossing.xml
3 ms. Memory: 314368K Free: 101374K (32%)
----------------- Invoking toplevel() on ptolemy.moml.MoMLSimpleApplication@14c49c94
----------------- Done invoking toplevel() on ptolemy.moml.MoMLSimpleApplication@14c49c94
reloadAllAccessors: .ArrayLevelCrossing

===========================================================================================
----------------- testing Wed Jul 10 22:34:59 UTC 2019 /home/travis/build/icyphy/ptII/ptolemy/actor/lib/test/auto/ArrayLevelCrossing2.xml
----------------- Instantiating /home/travis/build/icyphy/ptII/ptolemy/actor/lib/test/auto/ArrayLevelCrossing2.xml
12 ms. Memory: 314368K Free: 264192K (84%)
----------------- Invoking toplevel() on ptolemy.moml.MoMLSimpleApplication@1f2efb26
----------------- Done invoking toplevel() on ptolemy.moml.MoMLSimpleApplication@1f2efb26
reloadAllAccessors: .ArrayLevelCrossing2

===========================================================================================
----------------- testing Wed Jul 10 22:34:59 UTC 2019 /home/travis/build/icyphy/ptII/ptolemy/actor/lib/test/auto/ArrayPeakSearch.xml
----------------- Instantiating /home/travis/build/icyphy/ptII/ptolemy/actor/lib/test/auto/ArrayPeakSearch.xml
6 ms. Memory: 314368K Free: 254976K (81%)
----------------- Invoking toplevel() on ptolemy.moml.MoMLSimpleApplication@48fdabf9
----------------- Done invoking toplevel() on ptolemy.moml.MoMLSimpleApplication@48fdabf9
reloadAllAccessors: .ArrayPeakSearch

===========================================================================================
----------------- testing Wed Jul 10 22:35:00 UTC 2019 /home/travis/build/icyphy/ptII/ptolemy/actor/lib/test/auto/ArrayPeakSearch2.xml
----------------- Instantiating /home/travis/build/icyphy/ptII/ptolemy/actor/lib/test/auto/ArrayPeakSearch2.xml
4 ms. Memory: 314368K Free: 244736K (78%)
----------------- Invoking toplevel() on ptolemy.moml.MoMLSimpleApplication@2f982b93
----------------- Done invoking toplevel() on ptolemy.moml.MoMLSimpleApplication@2f982b93
reloadAllAccessors: .ArrayPeakSearch2

===========================================================================================
----------------- testing Wed Jul 10 22:35:00 UTC 2019 /home/travis/build/icyphy/ptII/ptolemy/actor/lib/test/auto/ArrayPeakSearch3.xml
----------------- Instantiating /home/travis/build/icyphy/ptII/ptolemy/actor/lib/test/auto/ArrayPeakSearch3.xml
3 ms. Memory: 314368K Free: 235520K (75%)
----------------- Invoking toplevel() on ptolemy.moml.MoMLSimpleApplication@2771117
----------------- Done invoking toplevel() on ptolemy.moml.MoMLSimpleApplication@2771117
reloadAllAccessors: .ArrayPeakSearch3

===========================================================================================
----------------- testing Wed Jul 10 22:35:00 UTC 2019 /home/travis/build/icyphy/ptII/ptolemy/actor/lib/test/auto/ArrayRemoveElement.xml
----------------- Instantiating /home/travis/build/icyphy/ptII/ptolemy/actor/lib/test/auto/ArrayRemoveElement.xml
5 ms. Memory: 314368K Free: 227838K (72%)
----------------- Invoking toplevel() on ptolemy.moml.MoMLSimpleApplication@46b0ce8f
----------------- Done invoking toplevel() on ptolemy.moml.MoMLSimpleApplication@46b0ce8f
reloadAllAccessors: .ArrayRemoveElement

===========================================================================================
----------------- testing Wed Jul 10 22:35:00 UTC 2019 /home/travis/build/icyphy/ptII/ptolemy/actor/lib/test/auto/ArraySort.xml
----------------- Instantiating /home/travis/build/icyphy/ptII/ptolemy/actor/lib/test/auto/ArraySort.xml
9 ms. Memory: 314368K Free: 218622K (70%)
----------------- Invoking toplevel() on ptolemy.moml.MoMLSimpleApplication@4089c710
----------------- Done invoking toplevel() on ptolemy.moml.MoMLSimpleApplication@4089c710
reloadAllAccessors: .ArraySort

===========================================================================================
----------------- testing Wed Jul 10 22:35:00 UTC 2019 /home/travis/build/icyphy/ptII/ptolemy/actor/lib/test/auto/ArraySum.xml
----------------- Instantiating /home/travis/build/icyphy/ptII/ptolemy/actor/lib/test/auto/ArraySum.xml
5 ms. Memory: 314368K Free: 213502K (68%)
----------------- Invoking toplevel() on ptolemy.moml.MoMLSimpleApplication@47379f24
----------------- Done invoking toplevel() on ptolemy.moml.MoMLSimpleApplication@47379f24
reloadAllAccessors: .ArraySum

===========================================================================================
----------------- testing Wed Jul 10 22:35:00 UTC 2019 /home/travis/build/icyphy/ptII/ptolemy/actor/lib/test/auto/ArrayToElements.xml
----------------- Instantiating /home/travis/build/icyphy/ptII/ptolemy/actor/lib/test/auto/ArrayToElements.xml
9 ms. Memory: 314368K Free: 207872K (66%)
----------------- Invoking toplevel() on ptolemy.moml.MoMLSimpleApplication@3d3b4a05
----------------- Done invoking toplevel() on ptolemy.moml.MoMLSimpleApplication@3d3b4a05
reloadAllAccessors: .ArrayToElements

===========================================================================================
----------------- testing Wed Jul 10 22:35:00 UTC 2019 /home/travis/build/icyphy/ptII/ptolemy/actor/lib/test/auto/ArrayToMatrix.xml
----------------- Instantiating /home/travis/build/icyphy/ptII/ptolemy/actor/lib/test/auto/ArrayToMatrix.xml
17 ms. Memory: 314368K Free: 194046K (62%)
----------------- Invoking toplevel() on ptolemy.moml.MoMLSimpleApplication@34273a17
----------------- Done invoking toplevel() on ptolemy.moml.MoMLSimpleApplication@34273a17
reloadAllAccessors: .ArrayToMatrix

===========================================================================================
----------------- testing Wed Jul 10 22:35:00 UTC 2019 /home/travis/build/icyphy/ptII/ptolemy/actor/lib/test/auto/ArrayUpdate1.xml
----------------- Instantiating /home/travis/build/icyphy/ptII/ptolemy/actor/lib/test/auto/ArrayUpdate1.xml
5 ms. Memory: 314368K Free: 188926K (60%)
----------------- Invoking toplevel() on ptolemy.moml.MoMLSimpleApplication@3a3ab6e5
----------------- Done invoking toplevel() on ptolemy.moml.MoMLSimpleApplication@3a3ab6e5
reloadAllAccessors: .ArrayUpdate1

===========================================================================================
----------------- testing Wed Jul 10 22:35:00 UTC 2019 /home/travis/build/icyphy/ptII/ptolemy/actor/lib/test/auto/ArrayUpdate2.xml
----------------- Instantiating /home/travis/build/icyphy/ptII/ptolemy/actor/lib/test/auto/ArrayUpdate2.xml
7 ms. Memory: 314368K Free: 182782K (58%)
----------------- Invoking toplevel() on ptolemy.moml.MoMLSimpleApplication@533b4dd5
----------------- Done invoking toplevel() on ptolemy.moml.MoMLSimpleApplication@533b4dd5
reloadAllAccessors: .ArrayUpdate2

===========================================================================================
----------------- testing Wed Jul 10 22:35:00 UTC 2019 /home/travis/build/icyphy/ptII/ptolemy/actor/lib/test/auto/ArrayUpdate3.xml
----------------- Instantiating /home/travis/build/icyphy/ptII/ptolemy/actor/lib/test/auto/ArrayUpdate3.xml
5 ms. Memory: 314368K Free: 177662K (57%)
----------------- Invoking toplevel() on ptolemy.moml.MoMLSimpleApplication@3ed7f345
----------------- Done invoking toplevel() on ptolemy.moml.MoMLSimpleApplication@3ed7f345
reloadAllAccessors: .ArrayUpdate3

===========================================================================================
----------------- testing Wed Jul 10 22:35:00 UTC 2019 /home/travis/build/icyphy/ptII/ptolemy/actor/lib/test/auto/Assert1.xml
----------------- Instantiating /home/travis/build/icyphy/ptII/ptolemy/actor/lib/test/auto/Assert1.xml
7 ms. Memory: 314368K Free: 173566K (55%)
----------------- Invoking toplevel() on ptolemy.moml.MoMLSimpleApplication@6fe9011c
----------------- Done invoking toplevel() on ptolemy.moml.MoMLSimpleApplication@6fe9011c
reloadAllAccessors: .Assert1

===========================================================================================
----------------- testing Wed Jul 10 22:35:00 UTC 2019 /home/travis/build/icyphy/ptII/ptolemy/actor/lib/test/auto/Assert2.xml
----------------- Instantiating /home/travis/build/icyphy/ptII/ptolemy/actor/lib/test/auto/Assert2.xml
2 ms. Memory: 314368K Free: 168446K (54%)
----------------- Invoking toplevel() on ptolemy.moml.MoMLSimpleApplication@6139bf26
----------------- Done invoking toplevel() on ptolemy.moml.MoMLSimpleApplication@6139bf26
reloadAllAccessors: .Assert2

===========================================================================================
----------------- testing Wed Jul 10 22:35:00 UTC 2019 /home/travis/build/icyphy/ptII/ptolemy/actor/lib/test/auto/BooleanMultiplexor.xml
----------------- Instantiating /home/travis/build/icyphy/ptII/ptolemy/actor/lib/test/auto/BooleanMultiplexor.xml
2 ms. Memory: 314368K Free: 163295K (52%)
----------------- Invoking toplevel() on ptolemy.moml.MoMLSimpleApplication@78a5286
----------------- Done invoking toplevel() on ptolemy.moml.MoMLSimpleApplication@78a5286
reloadAllAccessors: .BooleanMultiplexor

===========================================================================================
----------------- testing Wed Jul 10 22:35:00 UTC 2019 /home/travis/build/icyphy/ptII/ptolemy/actor/lib/test/auto/BooleanMultiplexor2.xml
----------------- Instantiating /home/travis/build/icyphy/ptII/ptolemy/actor/lib/test/auto/BooleanMultiplexor2.xml
12 ms. Memory: 314368K Free: 156672K (50%)
----------------- Invoking toplevel() on ptolemy.moml.MoMLSimpleApplication@79049fca
----------------- Done invoking toplevel() on ptolemy.moml.MoMLSimpleApplication@79049fca
reloadAllAccessors: .BooleanMultiplexor2

===========================================================================================
----------------- testing Wed Jul 10 22:35:00 UTC 2019 /home/travis/build/icyphy/ptII/ptolemy/actor/lib/test/auto/BooleanMultiplexor3.xml
----------------- Instantiating /home/travis/build/icyphy/ptII/ptolemy/actor/lib/test/auto/BooleanMultiplexor3.xml
8 ms. Memory: 314368K Free: 153086K (49%)
----------------- Invoking toplevel() on ptolemy.moml.MoMLSimpleApplication@36d23cd3
----------------- Done invoking toplevel() on ptolemy.moml.MoMLSimpleApplication@36d23cd3
reloadAllAccessors: .BooleanMultiplexor3

===========================================================================================
----------------- testing Wed Jul 10 22:35:00 UTC 2019 /home/travis/build/icyphy/ptII/ptolemy/actor/lib/test/auto/BooleanSelect.xml
----------------- Instantiating /home/travis/build/icyphy/ptII/ptolemy/actor/lib/test/auto/BooleanSelect.xml
5 ms. Memory: 314368K Free: 146927K (47%)
----------------- Invoking toplevel() on ptolemy.moml.MoMLSimpleApplication@4b2d0fb7
----------------- Done invoking toplevel() on ptolemy.moml.MoMLSimpleApplication@4b2d0fb7
reloadAllAccessors: .BooleanSelect

===========================================================================================
----------------- testing Wed Jul 10 22:35:00 UTC 2019 /home/travis/build/icyphy/ptII/ptolemy/actor/lib/test/auto/BooleanSelect2.xml
----------------- Instantiating /home/travis/build/icyphy/ptII/ptolemy/actor/lib/test/auto/BooleanSelect2.xml
1 ms. Memory: 314368K Free: 142846K (45%)
----------------- Invoking toplevel() on ptolemy.moml.MoMLSimpleApplication@577c0565
----------------- Done invoking toplevel() on ptolemy.moml.MoMLSimpleApplication@577c0565
reloadAllAccessors: .BooleanSelect2

===========================================================================================
----------------- testing Wed Jul 10 22:35:00 UTC 2019 /home/travis/build/icyphy/ptII/ptolemy/actor/lib/test/auto/BooleanSwitch.xml
----------------- Instantiating /home/travis/build/icyphy/ptII/ptolemy/actor/lib/test/auto/BooleanSwitch.xml
16 ms. Memory: 314368K Free: 136702K (43%)
----------------- Invoking toplevel() on ptolemy.moml.MoMLSimpleApplication@f32de09
----------------- Done invoking toplevel() on ptolemy.moml.MoMLSimpleApplication@f32de09
reloadAllAccessors: .BooleanSwitch

===========================================================================================
----------------- testing Wed Jul 10 22:35:00 UTC 2019 /home/travis/build/icyphy/ptII/ptolemy/actor/lib/test/auto/BooleanSwitch2.xml
----------------- Instantiating /home/travis/build/icyphy/ptII/ptolemy/actor/lib/test/auto/BooleanSwitch2.xml
3 ms. Memory: 314368K Free: 132606K (42%)
----------------- Invoking toplevel() on ptolemy.moml.MoMLSimpleApplication@f9a9aeb
----------------- Done invoking toplevel() on ptolemy.moml.MoMLSimpleApplication@f9a9aeb
reloadAllAccessors: .BooleanSwitch2

===========================================================================================
----------------- testing Wed Jul 10 22:35:00 UTC 2019 /home/travis/build/icyphy/ptII/ptolemy/actor/lib/test/auto/BooleanSwitchCloningBugWithClassRelationGroup.xml
----------------- Instantiating /home/travis/build/icyphy/ptII/ptolemy/actor/lib/test/auto/BooleanSwitchCloningBugWithClassRelationGroup.xml
4 ms. Memory: 314368K Free: 125952K (40%)
----------------- Invoking toplevel() on ptolemy.moml.MoMLSimpleApplication@17ea78fd
----------------- Done invoking toplevel() on ptolemy.moml.MoMLSimpleApplication@17ea78fd
reloadAllAccessors: .BooleanSwitchCloningBugWithClassRelationGroup

===========================================================================================
----------------- testing Wed Jul 10 22:35:00 UTC 2019 /home/travis/build/icyphy/ptII/ptolemy/actor/lib/test/auto/BusActors.xml
----------------- Instantiating /home/travis/build/icyphy/ptII/ptolemy/actor/lib/test/auto/BusActors.xml
6 ms. Memory: 314368K Free: 117760K (37%)
----------------- Invoking toplevel() on ptolemy.moml.MoMLSimpleApplication@2084fb5c
----------------- Done invoking toplevel() on ptolemy.moml.MoMLSimpleApplication@2084fb5c
reloadAllAccessors: .BusActors

===========================================================================================
----------------- testing Wed Jul 10 22:35:00 UTC 2019 /home/travis/build/icyphy/ptII/ptolemy/actor/lib/test/auto/ClassWrapper.xml
----------------- Instantiating /home/travis/build/icyphy/ptII/ptolemy/actor/lib/test/auto/ClassWrapper.xml
4 ms. Memory: 314368K Free: 113664K (36%)
----------------- Invoking toplevel() on ptolemy.moml.MoMLSimpleApplication@5f4e78ba
----------------- Done invoking toplevel() on ptolemy.moml.MoMLSimpleApplication@5f4e78ba
reloadAllAccessors: .ClassWrapper

===========================================================================================
----------------- testing Wed Jul 10 22:35:00 UTC 2019 /home/travis/build/icyphy/ptII/ptolemy/actor/lib/test/auto/Clock.xml
----------------- Instantiating /home/travis/build/icyphy/ptII/ptolemy/actor/lib/test/auto/Clock.xml
1 ms. Memory: 314368K Free: 109568K (35%)
----------------- Invoking toplevel() on ptolemy.moml.MoMLSimpleApplication@785e9252
----------------- Done invoking toplevel() on ptolemy.moml.MoMLSimpleApplication@785e9252
reloadAllAccessors: .Clock

===========================================================================================
----------------- testing Wed Jul 10 22:35:00 UTC 2019 /home/travis/build/icyphy/ptII/ptolemy/actor/lib/test/auto/Clock10.xml
----------------- Instantiating /home/travis/build/icyphy/ptII/ptolemy/actor/lib/test/auto/Clock10.xml
2 ms. Memory: 314368K Free: 103934K (33%)
----------------- Invoking toplevel() on ptolemy.moml.MoMLSimpleApplication@3cb65218
----------------- Done invoking toplevel() on ptolemy.moml.MoMLSimpleApplication@3cb65218
reloadAllAccessors: .Clock10

===========================================================================================
----------------- testing Wed Jul 10 22:35:00 UTC 2019 /home/travis/build/icyphy/ptII/ptolemy/actor/lib/test/auto/Clock11.xml
----------------- Instantiating /home/travis/build/icyphy/ptII/ptolemy/actor/lib/test/auto/Clock11.xml
9 ms. Memory: 314368K Free: 97790K (31%)
----------------- Invoking toplevel() on ptolemy.moml.MoMLSimpleApplication@7a86f352
----------------- Done invoking toplevel() on ptolemy.moml.MoMLSimpleApplication@7a86f352
reloadAllAccessors: .Clock11

===========================================================================================
----------------- testing Wed Jul 10 22:35:00 UTC 2019 /home/travis/build/icyphy/ptII/ptolemy/actor/lib/test/auto/Clock12.xml
----------------- Instantiating /home/travis/build/icyphy/ptII/ptolemy/actor/lib/test/auto/Clock12.xml
5 ms. Memory: 314368K Free: 92160K (29%)
----------------- Invoking toplevel() on ptolemy.moml.MoMLSimpleApplication@1e8853c9
----------------- Done invoking toplevel() on ptolemy.moml.MoMLSimpleApplication@1e8853c9
reloadAllAccessors: .Clock12

===========================================================================================
----------------- testing Wed Jul 10 22:35:00 UTC 2019 /home/travis/build/icyphy/ptII/ptolemy/actor/lib/test/auto/Clock13.xml
----------------- Instantiating /home/travis/build/icyphy/ptII/ptolemy/actor/lib/test/auto/Clock13.xml
7 ms. Memory: 592896K Free: 539136K (91%)
----------------- Invoking toplevel() on ptolemy.moml.MoMLSimpleApplication@77652fd6
----------------- Done invoking toplevel() on ptolemy.moml.MoMLSimpleApplication@77652fd6
reloadAllAccessors: .Clock13

===========================================================================================
----------------- testing Wed Jul 10 22:35:00 UTC 2019 /home/travis/build/icyphy/ptII/ptolemy/actor/lib/test/auto/Clock14.xml
----------------- Instantiating /home/travis/build/icyphy/ptII/ptolemy/actor/lib/test/auto/Clock14.xml
5 ms. Memory: 592896K Free: 533471K (90%)
----------------- Invoking toplevel() on ptolemy.moml.MoMLSimpleApplication@3a5a00ec
----------------- Done invoking toplevel() on ptolemy.moml.MoMLSimpleApplication@3a5a00ec
reloadAllAccessors: .Clock14

===========================================================================================
----------------- testing Wed Jul 10 22:35:00 UTC 2019 /home/travis/build/icyphy/ptII/ptolemy/actor/lib/test/auto/Clock15.xml
----------------- Instantiating /home/travis/build/icyphy/ptII/ptolemy/actor/lib/test/auto/Clock15.xml
5 ms. Memory: 592896K Free: 527327K (89%)
----------------- Invoking toplevel() on ptolemy.moml.MoMLSimpleApplication@28857f0e
----------------- Done invoking toplevel() on ptolemy.moml.MoMLSimpleApplication@28857f0e
reloadAllAccessors: .Clock15

===========================================================================================
----------------- testing Wed Jul 10 22:35:01 UTC 2019 /home/travis/build/icyphy/ptII/ptolemy/actor/lib/test/auto/Clock16.xml
----------------- Instantiating /home/travis/build/icyphy/ptII/ptolemy/actor/lib/test/auto/Clock16.xml
38 ms. Memory: 592896K Free: 512512K (86%)
----------------- Invoking toplevel() on ptolemy.moml.MoMLSimpleApplication@119db590
----------------- Done invoking toplevel() on ptolemy.moml.MoMLSimpleApplication@119db590
reloadAllAccessors: .Clock16

===========================================================================================
----------------- testing Wed Jul 10 22:35:01 UTC 2019 /home/travis/build/icyphy/ptII/ptolemy/actor/lib/test/auto/Clock17.xml
----------------- Instantiating /home/travis/build/icyphy/ptII/ptolemy/actor/lib/test/auto/Clock17.xml
26 ms. Memory: 592896K Free: 498176K (84%)
----------------- Invoking toplevel() on ptolemy.moml.MoMLSimpleApplication@339891ac
----------------- Done invoking toplevel() on ptolemy.moml.MoMLSimpleApplication@339891ac
reloadAllAccessors: .Clock17

===========================================================================================
----------------- testing Wed Jul 10 22:35:01 UTC 2019 /home/travis/build/icyphy/ptII/ptolemy/actor/lib/test/auto/Clock18.xml
----------------- Instantiating /home/travis/build/icyphy/ptII/ptolemy/actor/lib/test/auto/Clock18.xml
24 ms. Memory: 592896K Free: 484335K (82%)
----------------- Invoking toplevel() on ptolemy.moml.MoMLSimpleApplication@5d8f4248
----------------- Done invoking toplevel() on ptolemy.moml.MoMLSimpleApplication@5d8f4248
reloadAllAccessors: .Clock18

===========================================================================================
----------------- testing Wed Jul 10 22:35:01 UTC 2019 /home/travis/build/icyphy/ptII/ptolemy/actor/lib/test/auto/Clock19.xml
----------------- Instantiating /home/travis/build/icyphy/ptII/ptolemy/actor/lib/test/auto/Clock19.xml
17 ms. Memory: 592896K Free: 471552K (80%)
----------------- Invoking toplevel() on ptolemy.moml.MoMLSimpleApplication@5d4dcfb3
----------------- Done invoking toplevel() on ptolemy.moml.MoMLSimpleApplication@5d4dcfb3
reloadAllAccessors: .Clock19

===========================================================================================
----------------- testing Wed Jul 10 22:35:01 UTC 2019 /home/travis/build/icyphy/ptII/ptolemy/actor/lib/test/auto/Clock2.xml
----------------- Instantiating /home/travis/build/icyphy/ptII/ptolemy/actor/lib/test/auto/Clock2.xml
9 ms. Memory: 592896K Free: 466911K (79%)
----------------- Invoking toplevel() on ptolemy.moml.MoMLSimpleApplication@6b431537
----------------- Done invoking toplevel() on ptolemy.moml.MoMLSimpleApplication@6b431537
reloadAllAccessors: .Clock2

===========================================================================================
----------------- testing Wed Jul 10 22:35:01 UTC 2019 /home/travis/build/icyphy/ptII/ptolemy/actor/lib/test/auto/Clock20.xml
----------------- Instantiating /home/travis/build/icyphy/ptII/ptolemy/actor/lib/test/auto/Clock20.xml
10 ms. Memory: 592896K Free: 461822K (78%)
----------------- Invoking toplevel() on ptolemy.moml.MoMLSimpleApplication@528c9522
----------------- Done invoking toplevel() on ptolemy.moml.MoMLSimpleApplication@528c9522
reloadAllAccessors: .Clock20

===========================================================================================
----------------- testing Wed Jul 10 22:35:01 UTC 2019 /home/travis/build/icyphy/ptII/ptolemy/actor/lib/test/auto/Clock21.xml
----------------- Instantiating /home/travis/build/icyphy/ptII/ptolemy/actor/lib/test/auto/Clock21.xml
6 ms. Memory: 592896K Free: 456192K (77%)
----------------- Invoking toplevel() on ptolemy.moml.MoMLSimpleApplication@622fe2a
----------------- Done invoking toplevel() on ptolemy.moml.MoMLSimpleApplication@622fe2a
reloadAllAccessors: .Clock21

===========================================================================================
----------------- testing Wed Jul 10 22:35:01 UTC 2019 /home/travis/build/icyphy/ptII/ptolemy/actor/lib/test/auto/Clock22.xml
----------------- Instantiating /home/travis/build/icyphy/ptII/ptolemy/actor/lib/test/auto/Clock22.xml
6 ms. Memory: 592896K Free: 451072K (76%)
----------------- Invoking toplevel() on ptolemy.moml.MoMLSimpleApplication@63366587
----------------- Done invoking toplevel() on ptolemy.moml.MoMLSimpleApplication@63366587
reloadAllAccessors: .Clock22

===========================================================================================
----------------- testing Wed Jul 10 22:35:01 UTC 2019 /home/travis/build/icyphy/ptII/ptolemy/actor/lib/test/auto/Clock23.xml
----------------- Instantiating /home/travis/build/icyphy/ptII/ptolemy/actor/lib/test/auto/Clock23.xml
7 ms. Memory: 592896K Free: 445438K (75%)
----------------- Invoking toplevel() on ptolemy.moml.MoMLSimpleApplication@6d2e9cbd
----------------- Done invoking toplevel() on ptolemy.moml.MoMLSimpleApplication@6d2e9cbd
reloadAllAccessors: .Clock23

===========================================================================================
----------------- testing Wed Jul 10 22:35:01 UTC 2019 /home/travis/build/icyphy/ptII/ptolemy/actor/lib/test/auto/Clock24.xml
----------------- Instantiating /home/travis/build/icyphy/ptII/ptolemy/actor/lib/test/auto/Clock24.xml
5 ms. Memory: 592896K Free: 439808K (74%)
----------------- Invoking toplevel() on ptolemy.moml.MoMLSimpleApplication@6464e465
----------------- Done invoking toplevel() on ptolemy.moml.MoMLSimpleApplication@6464e465
reloadAllAccessors: .Clock24

===========================================================================================
----------------- testing Wed Jul 10 22:35:01 UTC 2019 /home/travis/build/icyphy/ptII/ptolemy/actor/lib/test/auto/Clock4.xml
----------------- Instantiating /home/travis/build/icyphy/ptII/ptolemy/actor/lib/test/auto/Clock4.xml
2 ms. Memory: 592896K Free: 435167K (73%)
----------------- Invoking toplevel() on ptolemy.moml.MoMLSimpleApplication@64f938ba
----------------- Done invoking toplevel() on ptolemy.moml.MoMLSimpleApplication@64f938ba
reloadAllAccessors: .Clock4

===========================================================================================
----------------- testing Wed Jul 10 22:35:01 UTC 2019 /home/travis/build/icyphy/ptII/ptolemy/actor/lib/test/auto/Clock5.xml
----------------- Instantiating /home/travis/build/icyphy/ptII/ptolemy/actor/lib/test/auto/Clock5.xml
2 ms. Memory: 592896K Free: 429568K (72%)
----------------- Invoking toplevel() on ptolemy.moml.MoMLSimpleApplication@5fefbc83
----------------- Done invoking toplevel() on ptolemy.moml.MoMLSimpleApplication@5fefbc83
reloadAllAccessors: .Clock5

===========================================================================================
----------------- testing Wed Jul 10 22:35:01 UTC 2019 /home/travis/build/icyphy/ptII/ptolemy/actor/lib/test/auto/Clock6.xml
----------------- Instantiating /home/travis/build/icyphy/ptII/ptolemy/actor/lib/test/auto/Clock6.xml
3 ms. Memory: 592896K Free: 425472K (72%)
----------------- Invoking toplevel() on ptolemy.moml.MoMLSimpleApplication@5565cdc
----------------- Done invoking toplevel() on ptolemy.moml.MoMLSimpleApplication@5565cdc
reloadAllAccessors: .Clock6

===========================================================================================
----------------- testing Wed Jul 10 22:35:01 UTC 2019 /home/travis/build/icyphy/ptII/ptolemy/actor/lib/test/auto/Clock7.xml
----------------- Instantiating /home/travis/build/icyphy/ptII/ptolemy/actor/lib/test/auto/Clock7.xml
2 ms. Memory: 592896K Free: 420862K (71%)
----------------- Invoking toplevel() on ptolemy.moml.MoMLSimpleApplication@127c05c8
----------------- Done invoking toplevel() on ptolemy.moml.MoMLSimpleApplication@127c05c8
reloadAllAccessors: .Clock7

===========================================================================================
----------------- testing Wed Jul 10 22:35:01 UTC 2019 /home/travis/build/icyphy/ptII/ptolemy/actor/lib/test/auto/Clock8.xml
----------------- Instantiating /home/travis/build/icyphy/ptII/ptolemy/actor/lib/test/auto/Clock8.xml
7 ms. Memory: 592896K Free: 415232K (70%)
----------------- Invoking toplevel() on ptolemy.moml.MoMLSimpleApplication@3c9d60ee
----------------- Done invoking toplevel() on ptolemy.moml.MoMLSimpleApplication@3c9d60ee
reloadAllAccessors: .Clock8

===========================================================================================
----------------- testing Wed Jul 10 22:35:01 UTC 2019 /home/travis/build/icyphy/ptII/ptolemy/actor/lib/test/auto/Clock9.xml
----------------- Instantiating /home/travis/build/icyphy/ptII/ptolemy/actor/lib/test/auto/Clock9.xml
8 ms. Memory: 592896K Free: 410112K (69%)
----------------- Invoking toplevel() on ptolemy.moml.MoMLSimpleApplication@73114070
----------------- Done invoking toplevel() on ptolemy.moml.MoMLSimpleApplication@73114070
reloadAllAccessors: .Clock9

===========================================================================================
----------------- testing Wed Jul 10 22:35:01 UTC 2019 /home/travis/build/icyphy/ptII/ptolemy/actor/lib/test/auto/CommDistDiscard.xml
----------------- Instantiating /home/travis/build/icyphy/ptII/ptolemy/actor/lib/test/auto/CommDistDiscard.xml
2 ms. Memory: 592896K Free: 404478K (68%)
----------------- Invoking toplevel() on ptolemy.moml.MoMLSimpleApplication@66161653
----------------- Done invoking toplevel() on ptolemy.moml.MoMLSimpleApplication@66161653
reloadAllAccessors: .CommDistDiscard

===========================================================================================
----------------- testing Wed Jul 10 22:35:01 UTC 2019 /home/travis/build/icyphy/ptII/ptolemy/actor/lib/test/auto/Commutator.xml
----------------- Instantiating /home/travis/build/icyphy/ptII/ptolemy/actor/lib/test/auto/Commutator.xml
2 ms. Memory: 592896K Free: 400382K (68%)
----------------- Invoking toplevel() on ptolemy.moml.MoMLSimpleApplication@768f0a35
----------------- Done invoking toplevel() on ptolemy.moml.MoMLSimpleApplication@768f0a35
reloadAllAccessors: .Commutator

===========================================================================================
----------------- testing Wed Jul 10 22:35:01 UTC 2019 /home/travis/build/icyphy/ptII/ptolemy/actor/lib/test/auto/Commutator2.xml
----------------- Instantiating /home/travis/build/icyphy/ptII/ptolemy/actor/lib/test/auto/Commutator2.xml
1 ms. Memory: 592896K Free: 395776K (67%)
----------------- Invoking toplevel() on ptolemy.moml.MoMLSimpleApplication@31fbcb74
----------------- Done invoking toplevel() on ptolemy.moml.MoMLSimpleApplication@31fbcb74
reloadAllAccessors: .Commutator2

===========================================================================================
----------------- testing Wed Jul 10 22:35:01 UTC 2019 /home/travis/build/icyphy/ptII/ptolemy/actor/lib/test/auto/Commutator3.xml
----------------- Instantiating /home/travis/build/icyphy/ptII/ptolemy/actor/lib/test/auto/Commutator3.xml
1 ms. Memory: 592896K Free: 391166K (66%)
----------------- Invoking toplevel() on ptolemy.moml.MoMLSimpleApplication@6812872f
----------------- Done invoking toplevel() on ptolemy.moml.MoMLSimpleApplication@6812872f
reloadAllAccessors: .Commutator3

===========================================================================================
----------------- testing Wed Jul 10 22:35:01 UTC 2019 /home/travis/build/icyphy/ptII/ptolemy/actor/lib/test/auto/Compare.xml
----------------- Instantiating /home/travis/build/icyphy/ptII/ptolemy/actor/lib/test/auto/Compare.xml
2 ms. Memory: 592896K Free: 385022K (65%)
----------------- Invoking toplevel() on ptolemy.moml.MoMLSimpleApplication@534f562c
----------------- Done invoking toplevel() on ptolemy.moml.MoMLSimpleApplication@534f562c
reloadAllAccessors: .Compare

===========================================================================================
----------------- testing Wed Jul 10 22:35:01 UTC 2019 /home/travis/build/icyphy/ptII/ptolemy/actor/lib/test/auto/CompareDE.xml
----------------- Instantiating /home/travis/build/icyphy/ptII/ptolemy/actor/lib/test/auto/CompareDE.xml
3 ms. Memory: 592896K Free: 377839K (64%)
----------------- Invoking toplevel() on ptolemy.moml.MoMLSimpleApplication@7eda009d
----------------- Done invoking toplevel() on ptolemy.moml.MoMLSimpleApplication@7eda009d
reloadAllAccessors: .CompareDE

===========================================================================================
----------------- testing Wed Jul 10 22:35:01 UTC 2019 /home/travis/build/icyphy/ptII/ptolemy/actor/lib/test/auto/ComplexDivide.xml
----------------- Instantiating /home/travis/build/icyphy/ptII/ptolemy/actor/lib/test/auto/ComplexDivide.xml
2 ms. Memory: 592896K Free: 374272K (63%)
----------------- Invoking toplevel() on ptolemy.moml.MoMLSimpleApplication@78df8057
----------------- Done invoking toplevel() on ptolemy.moml.MoMLSimpleApplication@78df8057
reloadAllAccessors: .ComplexDivide

===========================================================================================
----------------- testing Wed Jul 10 22:35:01 UTC 2019 /home/travis/build/icyphy/ptII/ptolemy/actor/lib/test/auto/ComputeHistogram.xml
----------------- Instantiating /home/travis/build/icyphy/ptII/ptolemy/actor/lib/test/auto/ComputeHistogram.xml
30 ms. Memory: 592896K Free: 361470K (61%)
----------------- Invoking toplevel() on ptolemy.moml.MoMLSimpleApplication@5982dcb2
----------------- Done invoking toplevel() on ptolemy.moml.MoMLSimpleApplication@5982dcb2
reloadAllAccessors: .ComputeHistogram

===========================================================================================
----------------- testing Wed Jul 10 22:35:01 UTC 2019 /home/travis/build/icyphy/ptII/ptolemy/actor/lib/test/auto/ConfigurationSelect.xml
----------------- Instantiating /home/travis/build/icyphy/ptII/ptolemy/actor/lib/test/auto/ConfigurationSelect.xml
2 ms. Memory: 592896K Free: 355840K (60%)
----------------- Invoking toplevel() on ptolemy.moml.MoMLSimpleApplication@408a927c
----------------- Done invoking toplevel() on ptolemy.moml.MoMLSimpleApplication@408a927c
reloadAllAccessors: .ConfigurationSelect

===========================================================================================
----------------- testing Wed Jul 10 22:35:01 UTC 2019 /home/travis/build/icyphy/ptII/ptolemy/actor/lib/test/auto/ConfigurationSelect2.xml
----------------- Instantiating /home/travis/build/icyphy/ptII/ptolemy/actor/lib/test/auto/ConfigurationSelect2.xml
1 ms. Memory: 592896K Free: 351744K (59%)
----------------- Invoking toplevel() on ptolemy.moml.MoMLSimpleApplication@18c74cf6
----------------- Done invoking toplevel() on ptolemy.moml.MoMLSimpleApplication@18c74cf6
reloadAllAccessors: .ConfigurationSelect2

===========================================================================================
----------------- testing Wed Jul 10 22:35:01 UTC 2019 /home/travis/build/icyphy/ptII/ptolemy/actor/lib/test/auto/ConfigurationSwitch.xml
----------------- Instantiating /home/travis/build/icyphy/ptII/ptolemy/actor/lib/test/auto/ConfigurationSwitch.xml
3 ms. Memory: 592896K Free: 346110K (58%)
----------------- Invoking toplevel() on ptolemy.moml.MoMLSimpleApplication@27082f6
----------------- Done invoking toplevel() on ptolemy.moml.MoMLSimpleApplication@27082f6
reloadAllAccessors: .ConfigurationSwitch

===========================================================================================
----------------- testing Wed Jul 10 22:35:01 UTC 2019 /home/travis/build/icyphy/ptII/ptolemy/actor/lib/test/auto/ConfigurationSwitch2.xml
----------------- Instantiating /home/travis/build/icyphy/ptII/ptolemy/actor/lib/test/auto/ConfigurationSwitch2.xml
3 ms. Memory: 592896K Free: 340990K (58%)
----------------- Invoking toplevel() on ptolemy.moml.MoMLSimpleApplication@39b06e51
----------------- Done invoking toplevel() on ptolemy.moml.MoMLSimpleApplication@39b06e51
reloadAllAccessors: .ConfigurationSwitch2

===========================================================================================
----------------- testing Wed Jul 10 22:35:01 UTC 2019 /home/travis/build/icyphy/ptII/ptolemy/actor/lib/test/auto/ConfigurationSwitchCloningBugWithClassRelationGroup.xml
----------------- Instantiating /home/travis/build/icyphy/ptII/ptolemy/actor/lib/test/auto/ConfigurationSwitchCloningBugWithClassRelationGroup.xml
1 ms. Memory: 592896K Free: 334336K (56%)
----------------- Invoking toplevel() on ptolemy.moml.MoMLSimpleApplication@7b52cb3c
----------------- Done invoking toplevel() on ptolemy.moml.MoMLSimpleApplication@7b52cb3c
reloadAllAccessors: .ConfigurationSwitchCloningBugWithClassRelationGroup

===========================================================================================
----------------- testing Wed Jul 10 22:35:01 UTC 2019 /home/travis/build/icyphy/ptII/ptolemy/actor/lib/test/auto/ConfigurationSwitchSelectSDF.xml
----------------- Instantiating /home/travis/build/icyphy/ptII/ptolemy/actor/lib/test/auto/ConfigurationSwitchSelectSDF.xml
3 ms. Memory: 592896K Free: 328702K (55%)
----------------- Invoking toplevel() on ptolemy.moml.MoMLSimpleApplication@2db2271d
----------------- Done invoking toplevel() on ptolemy.moml.MoMLSimpleApplication@2db2271d
reloadAllAccessors: .ConfigurationSwitchSelectSDF

===========================================================================================
----------------- testing Wed Jul 10 22:35:01 UTC 2019 /home/travis/build/icyphy/ptII/ptolemy/actor/lib/test/auto/ConfigurationSwitchSelectSDF2.xml
----------------- Instantiating /home/travis/build/icyphy/ptII/ptolemy/actor/lib/test/auto/ConfigurationSwitchSelectSDF2.xml
3 ms. Memory: 592896K Free: 323072K (54%)
----------------- Invoking toplevel() on ptolemy.moml.MoMLSimpleApplication@7da58bdc
----------------- Done invoking toplevel() on ptolemy.moml.MoMLSimpleApplication@7da58bdc
reloadAllAccessors: .ConfigurationSwitchSelectSDF2

===========================================================================================
----------------- testing Wed Jul 10 22:35:01 UTC 2019 /home/travis/build/icyphy/ptII/ptolemy/actor/lib/test/auto/Const.xml
----------------- Instantiating /home/travis/build/icyphy/ptII/ptolemy/actor/lib/test/auto/Const.xml
1 ms. Memory: 592896K Free: 319486K (54%)
----------------- Invoking toplevel() on ptolemy.moml.MoMLSimpleApplication@68998b59
----------------- Done invoking toplevel() on ptolemy.moml.MoMLSimpleApplication@68998b59
reloadAllAccessors: .Const

===========================================================================================
----------------- testing Wed Jul 10 22:35:01 UTC 2019 /home/travis/build/icyphy/ptII/ptolemy/actor/lib/test/auto/Const2.xml
----------------- Instantiating /home/travis/build/icyphy/ptII/ptolemy/actor/lib/test/auto/Const2.xml
1 ms. Memory: 592896K Free: 315390K (53%)
----------------- Invoking toplevel() on ptolemy.moml.MoMLSimpleApplication@104b8e7a
----------------- Done invoking toplevel() on ptolemy.moml.MoMLSimpleApplication@104b8e7a
reloadAllAccessors: .Const2

===========================================================================================
----------------- testing Wed Jul 10 22:35:02 UTC 2019 /home/travis/build/icyphy/ptII/ptolemy/actor/lib/test/auto/Const3.xml
----------------- Instantiating /home/travis/build/icyphy/ptII/ptolemy/actor/lib/test/auto/Const3.xml
1 ms. Memory: 592896K Free: 312832K (53%)
----------------- Invoking toplevel() on ptolemy.moml.MoMLSimpleApplication@75fec770
----------------- Done invoking toplevel() on ptolemy.moml.MoMLSimpleApplication@75fec770
reloadAllAccessors: .Const3

===========================================================================================
----------------- testing Wed Jul 10 22:35:02 UTC 2019 /home/travis/build/icyphy/ptII/ptolemy/actor/lib/test/auto/ConstantPublisherPort1.xml
----------------- Instantiating /home/travis/build/icyphy/ptII/ptolemy/actor/lib/test/auto/ConstantPublisherPort1.xml
8 ms. Memory: 592896K Free: 304126K (51%)
----------------- Invoking toplevel() on ptolemy.moml.MoMLSimpleApplication@1e194c36
----------------- Done invoking toplevel() on ptolemy.moml.MoMLSimpleApplication@1e194c36
reloadAllAccessors: .ConstantPublisherPort1

===========================================================================================
----------------- testing Wed Jul 10 22:35:02 UTC 2019 /home/travis/build/icyphy/ptII/ptolemy/actor/lib/test/auto/ConstantPublisherPort2.xml
----------------- Instantiating /home/travis/build/icyphy/ptII/ptolemy/actor/lib/test/auto/ConstantPublisherPort2.xml
10 ms. Memory: 592896K Free: 296448K (50%)
----------------- Invoking toplevel() on ptolemy.moml.MoMLSimpleApplication@3ee0d72c
----------------- Done invoking toplevel() on ptolemy.moml.MoMLSimpleApplication@3ee0d72c
reloadAllAccessors: .ConstantPublisherPort2

===========================================================================================
----------------- testing Wed Jul 10 22:35:02 UTC 2019 /home/travis/build/icyphy/ptII/ptolemy/actor/lib/test/auto/ConstantPublisherPort3.xml
----------------- Instantiating /home/travis/build/icyphy/ptII/ptolemy/actor/lib/test/auto/ConstantPublisherPort3.xml
8 ms. Memory: 592896K Free: 289280K (49%)
----------------- Invoking toplevel() on ptolemy.moml.MoMLSimpleApplication@5126d853
----------------- Done invoking toplevel() on ptolemy.moml.MoMLSimpleApplication@5126d853
reloadAllAccessors: .ConstantPublisherPort3

===========================================================================================
----------------- testing Wed Jul 10 22:35:02 UTC 2019 /home/travis/build/icyphy/ptII/ptolemy/actor/lib/test/auto/ConstantPublisherPort4.xml
----------------- Instantiating /home/travis/build/icyphy/ptII/ptolemy/actor/lib/test/auto/ConstantPublisherPort4.xml
3 ms. Memory: 592896K Free: 282112K (48%)
----------------- Invoking toplevel() on ptolemy.moml.MoMLSimpleApplication@61f36339
----------------- Done invoking toplevel() on ptolemy.moml.MoMLSimpleApplication@61f36339
reloadAllAccessors: .ConstantPublisherPort4

===========================================================================================
----------------- testing Wed Jul 10 22:35:02 UTC 2019 /home/travis/build/icyphy/ptII/ptolemy/actor/lib/test/auto/ConstantPublisherPort5.xml
----------------- Instantiating /home/travis/build/icyphy/ptII/ptolemy/actor/lib/test/auto/ConstantPublisherPort5.xml
33 ms. Memory: 592896K Free: 272382K (46%)
----------------- Invoking toplevel() on ptolemy.moml.MoMLSimpleApplication@56555fe0
----------------- Done invoking toplevel() on ptolemy.moml.MoMLSimpleApplication@56555fe0
reloadAllAccessors: .ConstantPublisherPort5

===========================================================================================
----------------- testing Wed Jul 10 22:35:02 UTC 2019 /home/travis/build/icyphy/ptII/ptolemy/actor/lib/test/auto/ConstantPublisherPort6.xml
----------------- Instantiating /home/travis/build/icyphy/ptII/ptolemy/actor/lib/test/auto/ConstantPublisherPort6.xml
26 ms. Memory: 592896K Free: 541941K (91%)
----------------- Invoking toplevel() on ptolemy.moml.MoMLSimpleApplication@74d02c8c
----------------- Done invoking toplevel() on ptolemy.moml.MoMLSimpleApplication@74d02c8c
reloadAllAccessors: .ConstantPublisherPort6

===========================================================================================
----------------- testing Wed Jul 10 22:35:02 UTC 2019 /home/travis/build/icyphy/ptII/ptolemy/actor/lib/test/auto/ConstantPublisherPort7.xml
----------------- Instantiating /home/travis/build/icyphy/ptII/ptolemy/actor/lib/test/auto/ConstantPublisherPort7.xml
20 ms. Memory: 592896K Free: 532211K (90%)
----------------- Invoking toplevel() on ptolemy.moml.MoMLSimpleApplication@3ddbc263
----------------- Done invoking toplevel() on ptolemy.moml.MoMLSimpleApplication@3ddbc263
reloadAllAccessors: .ConstantPublisherPort7

===========================================================================================
----------------- testing Wed Jul 10 22:35:02 UTC 2019 /home/travis/build/icyphy/ptII/ptolemy/actor/lib/test/auto/ConstraintMonitor1.xml
----------------- Instantiating /home/travis/build/icyphy/ptII/ptolemy/actor/lib/test/auto/ConstraintMonitor1.xml
5 ms. Memory: 592896K Free: 527091K (89%)
----------------- Invoking toplevel() on ptolemy.moml.MoMLSimpleApplication@3a470413
----------------- Done invoking toplevel() on ptolemy.moml.MoMLSimpleApplication@3a470413
reloadAllAccessors: .ConstraintMonitor1

===========================================================================================
----------------- testing Wed Jul 10 22:35:02 UTC 2019 /home/travis/build/icyphy/ptII/ptolemy/actor/lib/test/auto/ConstraintMonitor2.xml
----------------- Instantiating /home/travis/build/icyphy/ptII/ptolemy/actor/lib/test/auto/ConstraintMonitor2.xml
4 ms. Memory: 592896K Free: 522485K (88%)
----------------- Invoking toplevel() on ptolemy.moml.MoMLSimpleApplication@4d5684ac
----------------- Done invoking toplevel() on ptolemy.moml.MoMLSimpleApplication@4d5684ac
reloadAllAccessors: .ConstraintMonitor2

===========================================================================================
----------------- testing Wed Jul 10 22:35:02 UTC 2019 /home/travis/build/icyphy/ptII/ptolemy/actor/lib/test/auto/ConstraintMonitor3.xml
----------------- Instantiating /home/travis/build/icyphy/ptII/ptolemy/actor/lib/test/auto/ConstraintMonitor3.xml
5 ms. Memory: 592896K Free: 517875K (87%)
----------------- Invoking toplevel() on ptolemy.moml.MoMLSimpleApplication@17cb5e54
----------------- Done invoking toplevel() on ptolemy.moml.MoMLSimpleApplication@17cb5e54
reloadAllAccessors: .ConstraintMonitor3

===========================================================================================
----------------- testing Wed Jul 10 22:35:02 UTC 2019 /home/travis/build/icyphy/ptII/ptolemy/actor/lib/test/auto/ConstraintMonitor4.xml
----------------- Instantiating /home/travis/build/icyphy/ptII/ptolemy/actor/lib/test/auto/ConstraintMonitor4.xml
4 ms. Memory: 592896K Free: 512755K (86%)
----------------- Invoking toplevel() on ptolemy.moml.MoMLSimpleApplication@4c2ecb22
----------------- Done invoking toplevel() on ptolemy.moml.MoMLSimpleApplication@4c2ecb22
reloadAllAccessors: .ConstraintMonitor4

===========================================================================================
----------------- testing Wed Jul 10 22:35:02 UTC 2019 /home/travis/build/icyphy/ptII/ptolemy/actor/lib/test/auto/ConstraintMonitor5.xml
----------------- Instantiating /home/travis/build/icyphy/ptII/ptolemy/actor/lib/test/auto/ConstraintMonitor5.xml
5 ms. Memory: 592896K Free: 508149K (86%)
----------------- Invoking toplevel() on ptolemy.moml.MoMLSimpleApplication@387fd6b
----------------- Done invoking toplevel() on ptolemy.moml.MoMLSimpleApplication@387fd6b
reloadAllAccessors: .ConstraintMonitor5

===========================================================================================
----------------- testing Wed Jul 10 22:35:02 UTC 2019 /home/travis/build/icyphy/ptII/ptolemy/actor/lib/test/auto/ConstraintMonitor6.xml
----------------- Instantiating /home/travis/build/icyphy/ptII/ptolemy/actor/lib/test/auto/ConstraintMonitor6.xml
4 ms. Memory: 592896K Free: 502005K (85%)
----------------- Invoking toplevel() on ptolemy.moml.MoMLSimpleApplication@e7b0900
----------------- Done invoking toplevel() on ptolemy.moml.MoMLSimpleApplication@e7b0900
reloadAllAccessors: .ConstraintMonitor6

===========================================================================================
----------------- testing Wed Jul 10 22:35:02 UTC 2019 /home/travis/build/icyphy/ptII/ptolemy/actor/lib/test/auto/ConstraintMonitor7.xml
----------------- Instantiating /home/travis/build/icyphy/ptII/ptolemy/actor/lib/test/auto/ConstraintMonitor7.xml
3 ms. Memory: 592896K Free: 495861K (84%)
----------------- Invoking toplevel() on ptolemy.moml.MoMLSimpleApplication@6f7301c6
----------------- Done invoking toplevel() on ptolemy.moml.MoMLSimpleApplication@6f7301c6
reloadAllAccessors: .ConstraintMonitor7

===========================================================================================
----------------- testing Wed Jul 10 22:35:02 UTC 2019 /home/travis/build/icyphy/ptII/ptolemy/actor/lib/test/auto/ConstraintMonitor8.xml
----------------- Instantiating /home/travis/build/icyphy/ptII/ptolemy/actor/lib/test/auto/ConstraintMonitor8.xml
7 ms. Memory: 592896K Free: 488693K (82%)
----------------- Invoking toplevel() on ptolemy.moml.MoMLSimpleApplication@421867d8
----------------- Done invoking toplevel() on ptolemy.moml.MoMLSimpleApplication@421867d8
reloadAllAccessors: .ConstraintMonitor8

===========================================================================================
----------------- testing Wed Jul 10 22:35:02 UTC 2019 /home/travis/build/icyphy/ptII/ptolemy/actor/lib/test/auto/Counter.xml
----------------- Instantiating /home/travis/build/icyphy/ptII/ptolemy/actor/lib/test/auto/Counter.xml
2 ms. Memory: 592896K Free: 483573K (82%)
----------------- Invoking toplevel() on ptolemy.moml.MoMLSimpleApplication@596d8ed5
----------------- Done invoking toplevel() on ptolemy.moml.MoMLSimpleApplication@596d8ed5
reloadAllAccessors: .Counter

===========================================================================================
----------------- testing Wed Jul 10 22:35:02 UTC 2019 /home/travis/build/icyphy/ptII/ptolemy/actor/lib/test/auto/CurrentTimeSDF.xml
----------------- Instantiating /home/travis/build/icyphy/ptII/ptolemy/actor/lib/test/auto/CurrentTimeSDF.xml
1 ms. Memory: 592896K Free: 479477K (81%)
----------------- Invoking toplevel() on ptolemy.moml.MoMLSimpleApplication@1f5f3c3d
----------------- Done invoking toplevel() on ptolemy.moml.MoMLSimpleApplication@1f5f3c3d
reloadAllAccessors: .CurrentTimeSDF

===========================================================================================
----------------- testing Wed Jul 10 22:35:02 UTC 2019 /home/travis/build/icyphy/ptII/ptolemy/actor/lib/test/auto/DB.xml
----------------- Instantiating /home/travis/build/icyphy/ptII/ptolemy/actor/lib/test/auto/DB.xml
2 ms. Memory: 592896K Free: 474867K (80%)
----------------- Invoking toplevel() on ptolemy.moml.MoMLSimpleApplication@5f456b18
----------------- Done invoking toplevel() on ptolemy.moml.MoMLSimpleApplication@5f456b18
reloadAllAccessors: .DB

===========================================================================================
----------------- testing Wed Jul 10 22:35:02 UTC 2019 /home/travis/build/icyphy/ptII/ptolemy/actor/lib/test/auto/DBDE.xml
----------------- Instantiating /home/travis/build/icyphy/ptII/ptolemy/actor/lib/test/auto/DBDE.xml
2 ms. Memory: 592896K Free: 468717K (79%)
----------------- Invoking toplevel() on ptolemy.moml.MoMLSimpleApplication@69e3012b
----------------- Done invoking toplevel() on ptolemy.moml.MoMLSimpleApplication@69e3012b
reloadAllAccessors: .DBDE

===========================================================================================
----------------- testing Wed Jul 10 22:35:02 UTC 2019 /home/travis/build/icyphy/ptII/ptolemy/actor/lib/test/auto/DateConstructor.xml
----------------- Instantiating /home/travis/build/icyphy/ptII/ptolemy/actor/lib/test/auto/DateConstructor.xml
29 ms. Memory: 592896K Free: 450805K (76%)
----------------- Invoking toplevel() on ptolemy.moml.MoMLSimpleApplication@241e7951
----------------- Done invoking toplevel() on ptolemy.moml.MoMLSimpleApplication@241e7951
reloadAllAccessors: .DateConstructor

===========================================================================================
----------------- testing Wed Jul 10 22:35:02 UTC 2019 /home/travis/build/icyphy/ptII/ptolemy/actor/lib/test/auto/DelayTime.xml
----------------- Instantiating /home/travis/build/icyphy/ptII/ptolemy/actor/lib/test/auto/DelayTime.xml
6 ms. Memory: 592896K Free: 446195K (75%)
----------------- Invoking toplevel() on ptolemy.moml.MoMLSimpleApplication@31ffdc99
----------------- Done invoking toplevel() on ptolemy.moml.MoMLSimpleApplication@31ffdc99
reloadAllAccessors: .DelayTime

===========================================================================================
----------------- testing Wed Jul 10 22:35:02 UTC 2019 /home/travis/build/icyphy/ptII/ptolemy/actor/lib/test/auto/Dictionary1.xml
----------------- Instantiating /home/travis/build/icyphy/ptII/ptolemy/actor/lib/test/auto/Dictionary1.xml
1 ms. Memory: 592896K Free: 440565K (74%)
----------------- Invoking toplevel() on ptolemy.moml.MoMLSimpleApplication@4feaf1dd
----------------- Done invoking toplevel() on ptolemy.moml.MoMLSimpleApplication@4feaf1dd
reloadAllAccessors: .Dictionary1

===========================================================================================
----------------- testing Wed Jul 10 22:35:02 UTC 2019 /home/travis/build/icyphy/ptII/ptolemy/actor/lib/test/auto/Dictionary2.xml
----------------- Instantiating /home/travis/build/icyphy/ptII/ptolemy/actor/lib/test/auto/Dictionary2.xml
2 ms. Memory: 592896K Free: 434421K (73%)
----------------- Invoking toplevel() on ptolemy.moml.MoMLSimpleApplication@4cf43768
----------------- Done invoking toplevel() on ptolemy.moml.MoMLSimpleApplication@4cf43768
reloadAllAccessors: .Dictionary2

===========================================================================================
----------------- testing Wed Jul 10 22:35:02 UTC 2019 /home/travis/build/icyphy/ptII/ptolemy/actor/lib/test/auto/Dictionary3.xml
----------------- Instantiating /home/travis/build/icyphy/ptII/ptolemy/actor/lib/test/auto/Dictionary3.xml
2 ms. Memory: 592896K Free: 428787K (72%)
----------------- Invoking toplevel() on ptolemy.moml.MoMLSimpleApplication@1db5d537
----------------- Done invoking toplevel() on ptolemy.moml.MoMLSimpleApplication@1db5d537
reloadAllAccessors: .Dictionary3

===========================================================================================
----------------- testing Wed Jul 10 22:35:02 UTC 2019 /home/travis/build/icyphy/ptII/ptolemy/actor/lib/test/auto/Dictionary4.xml
----------------- Instantiating /home/travis/build/icyphy/ptII/ptolemy/actor/lib/test/auto/Dictionary4.xml
3 ms. Memory: 592896K Free: 422133K (71%)
----------------- Invoking toplevel() on ptolemy.moml.MoMLSimpleApplication@13f41bdb
----------------- Done invoking toplevel() on ptolemy.moml.MoMLSimpleApplication@13f41bdb
reloadAllAccessors: .Dictionary4

===========================================================================================
----------------- testing Wed Jul 10 22:35:02 UTC 2019 /home/travis/build/icyphy/ptII/ptolemy/actor/lib/test/auto/Differential.xml
----------------- Instantiating /home/travis/build/icyphy/ptII/ptolemy/actor/lib/test/auto/Differential.xml
3 ms. Memory: 592896K Free: 417523K (70%)
----------------- Invoking toplevel() on ptolemy.moml.MoMLSimpleApplication@46dfe172
----------------- Done invoking toplevel() on ptolemy.moml.MoMLSimpleApplication@46dfe172
reloadAllAccessors: .Differential

===========================================================================================
----------------- testing Wed Jul 10 22:35:02 UTC 2019 /home/travis/build/icyphy/ptII/ptolemy/actor/lib/test/auto/Director.xml
----------------- Instantiating /home/travis/build/icyphy/ptII/ptolemy/actor/lib/test/auto/Director.xml
2 ms. Memory: 592896K Free: 413941K (70%)
----------------- Invoking toplevel() on ptolemy.moml.MoMLSimpleApplication@e89e3e6
----------------- Done invoking toplevel() on ptolemy.moml.MoMLSimpleApplication@e89e3e6
reloadAllAccessors: .Director

===========================================================================================
----------------- testing Wed Jul 10 22:35:02 UTC 2019 /home/travis/build/icyphy/ptII/ptolemy/actor/lib/test/auto/DiscreteClock.xml
----------------- Instantiating /home/travis/build/icyphy/ptII/ptolemy/actor/lib/test/auto/DiscreteClock.xml
1 ms. Memory: 592896K Free: 410355K (69%)
----------------- Invoking toplevel() on ptolemy.moml.MoMLSimpleApplication@1831b443
----------------- Done invoking toplevel() on ptolemy.moml.MoMLSimpleApplication@1831b443
reloadAllAccessors: .DiscreteClock

===========================================================================================
----------------- testing Wed Jul 10 22:35:02 UTC 2019 /home/travis/build/icyphy/ptII/ptolemy/actor/lib/test/auto/DiscreteClock10.xml
----------------- Instantiating /home/travis/build/icyphy/ptII/ptolemy/actor/lib/test/auto/DiscreteClock10.xml
5 ms. Memory: 592896K Free: 404211K (68%)
----------------- Invoking toplevel() on ptolemy.moml.MoMLSimpleApplication@29b1ebf9
----------------- Done invoking toplevel() on ptolemy.moml.MoMLSimpleApplication@29b1ebf9
reloadAllAccessors: .DiscreteClock10

===========================================================================================
----------------- testing Wed Jul 10 22:35:02 UTC 2019 /home/travis/build/icyphy/ptII/ptolemy/actor/lib/test/auto/DiscreteClock11.xml
----------------- Instantiating /home/travis/build/icyphy/ptII/ptolemy/actor/lib/test/auto/DiscreteClock11.xml
2 ms. Memory: 592896K Free: 398067K (67%)
----------------- Invoking toplevel() on ptolemy.moml.MoMLSimpleApplication@73e6ea90
----------------- Done invoking toplevel() on ptolemy.moml.MoMLSimpleApplication@73e6ea90
reloadAllAccessors: .DiscreteClock11

===========================================================================================
----------------- testing Wed Jul 10 22:35:02 UTC 2019 /home/travis/build/icyphy/ptII/ptolemy/actor/lib/test/auto/DiscreteClock12.xml
----------------- Instantiating /home/travis/build/icyphy/ptII/ptolemy/actor/lib/test/auto/DiscreteClock12.xml
2 ms. Memory: 592896K Free: 391923K (66%)
----------------- Invoking toplevel() on ptolemy.moml.MoMLSimpleApplication@42cd8ed7
----------------- Done invoking toplevel() on ptolemy.moml.MoMLSimpleApplication@42cd8ed7
reloadAllAccessors: .DiscreteClock12

===========================================================================================
----------------- testing Wed Jul 10 22:35:02 UTC 2019 /home/travis/build/icyphy/ptII/ptolemy/actor/lib/test/auto/DiscreteClock13.xml
----------------- Instantiating /home/travis/build/icyphy/ptII/ptolemy/actor/lib/test/auto/DiscreteClock13.xml
6 ms. Memory: 592896K Free: 386293K (65%)
----------------- Invoking toplevel() on ptolemy.moml.MoMLSimpleApplication@aa424e8
----------------- Done invoking toplevel() on ptolemy.moml.MoMLSimpleApplication@aa424e8
reloadAllAccessors: .DiscreteClock13

===========================================================================================
----------------- testing Wed Jul 10 22:35:02 UTC 2019 /home/travis/build/icyphy/ptII/ptolemy/actor/lib/test/auto/DiscreteClock14.xml
----------------- Instantiating /home/travis/build/icyphy/ptII/ptolemy/actor/lib/test/auto/DiscreteClock14.xml
8 ms. Memory: 592896K Free: 380149K (64%)
----------------- Invoking toplevel() on ptolemy.moml.MoMLSimpleApplication@23d66ff9
----------------- Done invoking toplevel() on ptolemy.moml.MoMLSimpleApplication@23d66ff9
reloadAllAccessors: .DiscreteClock14

===========================================================================================
----------------- testing Wed Jul 10 22:35:02 UTC 2019 /home/travis/build/icyphy/ptII/ptolemy/actor/lib/test/auto/DiscreteClock15.xml
----------------- Instantiating /home/travis/build/icyphy/ptII/ptolemy/actor/lib/test/auto/DiscreteClock15.xml
6 ms. Memory: 592896K Free: 374005K (63%)
----------------- Invoking toplevel() on ptolemy.moml.MoMLSimpleApplication@66ac14d5
----------------- Done invoking toplevel() on ptolemy.moml.MoMLSimpleApplication@66ac14d5
reloadAllAccessors: .DiscreteClock15

===========================================================================================
----------------- testing Wed Jul 10 22:35:02 UTC 2019 /home/travis/build/icyphy/ptII/ptolemy/actor/lib/test/auto/DiscreteClock16.xml
----------------- Instantiating /home/travis/build/icyphy/ptII/ptolemy/actor/lib/test/auto/DiscreteClock16.xml
17 ms. Memory: 592896K Free: 360165K (61%)
----------------- Invoking toplevel() on ptolemy.moml.MoMLSimpleApplication@4d4f2973
----------------- Done invoking toplevel() on ptolemy.moml.MoMLSimpleApplication@4d4f2973
reloadAllAccessors: .DiscreteClock16

===========================================================================================
----------------- testing Wed Jul 10 22:35:03 UTC 2019 /home/travis/build/icyphy/ptII/ptolemy/actor/lib/test/auto/DiscreteClock17.xml
----------------- Instantiating /home/travis/build/icyphy/ptII/ptolemy/actor/lib/test/auto/DiscreteClock17.xml
18 ms. Memory: 592896K Free: 346867K (59%)
----------------- Invoking toplevel() on ptolemy.moml.MoMLSimpleApplication@3019f1db
----------------- Done invoking toplevel() on ptolemy.moml.MoMLSimpleApplication@3019f1db
reloadAllAccessors: .DiscreteClock17

===========================================================================================
----------------- testing Wed Jul 10 22:35:03 UTC 2019 /home/travis/build/icyphy/ptII/ptolemy/actor/lib/test/auto/DiscreteClock18.xml
----------------- Instantiating /home/travis/build/icyphy/ptII/ptolemy/actor/lib/test/auto/DiscreteClock18.xml
24 ms. Memory: 592896K Free: 333045K (56%)
----------------- Invoking toplevel() on ptolemy.moml.MoMLSimpleApplication@478f1f48
----------------- Done invoking toplevel() on ptolemy.moml.MoMLSimpleApplication@478f1f48
reloadAllAccessors: .DiscreteClock18

===========================================================================================
----------------- testing Wed Jul 10 22:35:03 UTC 2019 /home/travis/build/icyphy/ptII/ptolemy/actor/lib/test/auto/DiscreteClock19.xml
----------------- Instantiating /home/travis/build/icyphy/ptII/ptolemy/actor/lib/test/auto/DiscreteClock19.xml
20 ms. Memory: 592896K Free: 319205K (54%)
----------------- Invoking toplevel() on ptolemy.moml.MoMLSimpleApplication@62a93f0a
----------------- Done invoking toplevel() on ptolemy.moml.MoMLSimpleApplication@62a93f0a
reloadAllAccessors: .DiscreteClock19

===========================================================================================
----------------- testing Wed Jul 10 22:35:03 UTC 2019 /home/travis/build/icyphy/ptII/ptolemy/actor/lib/test/auto/DiscreteClock2.xml
----------------- Instantiating /home/travis/build/icyphy/ptII/ptolemy/actor/lib/test/auto/DiscreteClock2.xml
4 ms. Memory: 592896K Free: 314085K (53%)
----------------- Invoking toplevel() on ptolemy.moml.MoMLSimpleApplication@1c392b9e
----------------- Done invoking toplevel() on ptolemy.moml.MoMLSimpleApplication@1c392b9e
reloadAllAccessors: .DiscreteClock2

===========================================================================================
----------------- testing Wed Jul 10 22:35:03 UTC 2019 /home/travis/build/icyphy/ptII/ptolemy/actor/lib/test/auto/DiscreteClock20.xml
----------------- Instantiating /home/travis/build/icyphy/ptII/ptolemy/actor/lib/test/auto/DiscreteClock20.xml
8 ms. Memory: 592896K Free: 308979K (52%)
----------------- Invoking toplevel() on ptolemy.moml.MoMLSimpleApplication@39bcacc5
----------------- Done invoking toplevel() on ptolemy.moml.MoMLSimpleApplication@39bcacc5
reloadAllAccessors: .DiscreteClock20

===========================================================================================
----------------- testing Wed Jul 10 22:35:03 UTC 2019 /home/travis/build/icyphy/ptII/ptolemy/actor/lib/test/auto/DiscreteClock21.xml
----------------- Instantiating /home/travis/build/icyphy/ptII/ptolemy/actor/lib/test/auto/DiscreteClock21.xml
5 ms. Memory: 592896K Free: 303349K (51%)
----------------- Invoking toplevel() on ptolemy.moml.MoMLSimpleApplication@689e093
----------------- Done invoking toplevel() on ptolemy.moml.MoMLSimpleApplication@689e093
reloadAllAccessors: .DiscreteClock21

===========================================================================================
----------------- testing Wed Jul 10 22:35:03 UTC 2019 /home/travis/build/icyphy/ptII/ptolemy/actor/lib/test/auto/DiscreteClock22.xml
----------------- Instantiating /home/travis/build/icyphy/ptII/ptolemy/actor/lib/test/auto/DiscreteClock22.xml
6 ms. Memory: 592896K Free: 297715K (50%)
----------------- Invoking toplevel() on ptolemy.moml.MoMLSimpleApplication@6ad7f91
----------------- Done invoking toplevel() on ptolemy.moml.MoMLSimpleApplication@6ad7f91
reloadAllAccessors: .DiscreteClock22

===========================================================================================
----------------- testing Wed Jul 10 22:35:03 UTC 2019 /home/travis/build/icyphy/ptII/ptolemy/actor/lib/test/auto/DiscreteClock23.xml
----------------- Instantiating /home/travis/build/icyphy/ptII/ptolemy/actor/lib/test/auto/DiscreteClock23.xml
7 ms. Memory: 592896K Free: 292085K (49%)
----------------- Invoking toplevel() on ptolemy.moml.MoMLSimpleApplication@475174f2
----------------- Done invoking toplevel() on ptolemy.moml.MoMLSimpleApplication@475174f2
reloadAllAccessors: .DiscreteClock23

===========================================================================================
----------------- testing Wed Jul 10 22:35:03 UTC 2019 /home/travis/build/icyphy/ptII/ptolemy/actor/lib/test/auto/DiscreteClock24.xml
----------------- Instantiating /home/travis/build/icyphy/ptII/ptolemy/actor/lib/test/auto/DiscreteClock24.xml
3 ms. Memory: 592896K Free: 286965K (48%)
----------------- Invoking toplevel() on ptolemy.moml.MoMLSimpleApplication@525008ef
----------------- Done invoking toplevel() on ptolemy.moml.MoMLSimpleApplication@525008ef
reloadAllAccessors: .DiscreteClock24

===========================================================================================
----------------- testing Wed Jul 10 22:35:03 UTC 2019 /home/travis/build/icyphy/ptII/ptolemy/actor/lib/test/auto/DiscreteClock4.xml
----------------- Instantiating /home/travis/build/icyphy/ptII/ptolemy/actor/lib/test/auto/DiscreteClock4.xml
5 ms. Memory: 592896K Free: 281317K (47%)
----------------- Invoking toplevel() on ptolemy.moml.MoMLSimpleApplication@7d1fa44e
----------------- Done invoking toplevel() on ptolemy.moml.MoMLSimpleApplication@7d1fa44e
reloadAllAccessors: .DiscreteClock4

===========================================================================================
----------------- testing Wed Jul 10 22:35:03 UTC 2019 /home/travis/build/icyphy/ptII/ptolemy/actor/lib/test/auto/DiscreteClock5.xml
----------------- Instantiating /home/travis/build/icyphy/ptII/ptolemy/actor/lib/test/auto/DiscreteClock5.xml
2 ms. Memory: 592896K Free: 275701K (47%)
----------------- Invoking toplevel() on ptolemy.moml.MoMLSimpleApplication@302a6d5e
----------------- Done invoking toplevel() on ptolemy.moml.MoMLSimpleApplication@302a6d5e
reloadAllAccessors: .DiscreteClock5

===========================================================================================
----------------- testing Wed Jul 10 22:35:03 UTC 2019 /home/travis/build/icyphy/ptII/ptolemy/actor/lib/test/auto/DiscreteClock6.xml
----------------- Instantiating /home/travis/build/icyphy/ptII/ptolemy/actor/lib/test/auto/DiscreteClock6.xml
1 ms. Memory: 592896K Free: 271605K (46%)
----------------- Invoking toplevel() on ptolemy.moml.MoMLSimpleApplication@36da9df1
----------------- Done invoking toplevel() on ptolemy.moml.MoMLSimpleApplication@36da9df1
reloadAllAccessors: .DiscreteClock6

===========================================================================================
----------------- testing Wed Jul 10 22:35:03 UTC 2019 /home/travis/build/icyphy/ptII/ptolemy/actor/lib/test/auto/DiscreteClock7.xml
----------------- Instantiating /home/travis/build/icyphy/ptII/ptolemy/actor/lib/test/auto/DiscreteClock7.xml
1 ms. Memory: 592896K Free: 266995K (45%)
----------------- Invoking toplevel() on ptolemy.moml.MoMLSimpleApplication@27f9b797
----------------- Done invoking toplevel() on ptolemy.moml.MoMLSimpleApplication@27f9b797
reloadAllAccessors: .DiscreteClock7

===========================================================================================
----------------- testing Wed Jul 10 22:35:03 UTC 2019 /home/travis/build/icyphy/ptII/ptolemy/actor/lib/test/auto/DiscreteClock8.xml
----------------- Instantiating /home/travis/build/icyphy/ptII/ptolemy/actor/lib/test/auto/DiscreteClock8.xml
6 ms. Memory: 592896K Free: 261365K (44%)
----------------- Invoking toplevel() on ptolemy.moml.MoMLSimpleApplication@6274a965
----------------- Done invoking toplevel() on ptolemy.moml.MoMLSimpleApplication@6274a965
reloadAllAccessors: .DiscreteClock8

===========================================================================================
----------------- testing Wed Jul 10 22:35:03 UTC 2019 /home/travis/build/icyphy/ptII/ptolemy/actor/lib/test/auto/DiscreteClock9.xml
----------------- Instantiating /home/travis/build/icyphy/ptII/ptolemy/actor/lib/test/auto/DiscreteClock9.xml
5 ms. Memory: 592896K Free: 255725K (43%)
----------------- Invoking toplevel() on ptolemy.moml.MoMLSimpleApplication@54171186
----------------- Done invoking toplevel() on ptolemy.moml.MoMLSimpleApplication@54171186
reloadAllAccessors: .DiscreteClock9

===========================================================================================
----------------- testing Wed Jul 10 22:35:03 UTC 2019 /home/travis/build/icyphy/ptII/ptolemy/actor/lib/test/auto/DisplayArray.xml
----------------- Instantiating /home/travis/build/icyphy/ptII/ptolemy/actor/lib/test/auto/DisplayArray.xml
2 ms. Memory: 592896K Free: 252659K (43%)
----------------- Invoking toplevel() on ptolemy.moml.MoMLSimpleApplication@1120d413
----------------- Done invoking toplevel() on ptolemy.moml.MoMLSimpleApplication@1120d413
reloadAllAccessors: .DisplayArray

===========================================================================================
----------------- testing Wed Jul 10 22:35:03 UTC 2019 /home/travis/build/icyphy/ptII/ptolemy/actor/lib/test/auto/Distributor.xml
----------------- Instantiating /home/travis/build/icyphy/ptII/ptolemy/actor/lib/test/auto/Distributor.xml
2 ms. Memory: 592896K Free: 248053K (42%)
----------------- Invoking toplevel() on ptolemy.moml.MoMLSimpleApplication@6016de59
----------------- Done invoking toplevel() on ptolemy.moml.MoMLSimpleApplication@6016de59
reloadAllAccessors: .Distributor

===========================================================================================
----------------- testing Wed Jul 10 22:35:03 UTC 2019 /home/travis/build/icyphy/ptII/ptolemy/actor/lib/test/auto/Distributor2.xml
----------------- Instantiating /home/travis/build/icyphy/ptII/ptolemy/actor/lib/test/auto/Distributor2.xml
2 ms. Memory: 592896K Free: 242933K (41%)
----------------- Invoking toplevel() on ptolemy.moml.MoMLSimpleApplication@67990ba3
----------------- Done invoking toplevel() on ptolemy.moml.MoMLSimpleApplication@67990ba3
reloadAllAccessors: .Distributor2

===========================================================================================
----------------- testing Wed Jul 10 22:35:03 UTC 2019 /home/travis/build/icyphy/ptII/ptolemy/actor/lib/test/auto/DownSample.xml
----------------- Instantiating /home/travis/build/icyphy/ptII/ptolemy/actor/lib/test/auto/DownSample.xml
1 ms. Memory: 592896K Free: 238323K (40%)
----------------- Invoking toplevel() on ptolemy.moml.MoMLSimpleApplication@221b7dfe
----------------- Done invoking toplevel() on ptolemy.moml.MoMLSimpleApplication@221b7dfe
reloadAllAccessors: .DownSample

===========================================================================================
----------------- testing Wed Jul 10 22:35:03 UTC 2019 /home/travis/build/icyphy/ptII/ptolemy/actor/lib/test/auto/ElectronicUnitBase1.xml
----------------- Instantiating /home/travis/build/icyphy/ptII/ptolemy/actor/lib/test/auto/ElectronicUnitBase1.xml
17 ms. Memory: 592896K Free: 222963K (38%)
----------------- Invoking toplevel() on ptolemy.moml.MoMLSimpleApplication@2ad7605c
----------------- Done invoking toplevel() on ptolemy.moml.MoMLSimpleApplication@2ad7605c
reloadAllAccessors: .ElectronicUnitBase1

===========================================================================================
----------------- testing Wed Jul 10 22:35:03 UTC 2019 /home/travis/build/icyphy/ptII/ptolemy/actor/lib/test/auto/ElementsToArray.xml
----------------- Instantiating /home/travis/build/icyphy/ptII/ptolemy/actor/lib/test/auto/ElementsToArray.xml
3 ms. Memory: 592896K Free: 217843K (37%)
----------------- Invoking toplevel() on ptolemy.moml.MoMLSimpleApplication@a8bfd84
----------------- Done invoking toplevel() on ptolemy.moml.MoMLSimpleApplication@a8bfd84
reloadAllAccessors: .ElementsToArray

===========================================================================================
----------------- testing Wed Jul 10 22:35:03 UTC 2019 /home/travis/build/icyphy/ptII/ptolemy/actor/lib/test/auto/Equals.xml
----------------- Instantiating /home/travis/build/icyphy/ptII/ptolemy/actor/lib/test/auto/Equals.xml
3 ms. Memory: 592896K Free: 213237K (36%)
----------------- Invoking toplevel() on ptolemy.moml.MoMLSimpleApplication@6897c853
----------------- Done invoking toplevel() on ptolemy.moml.MoMLSimpleApplication@6897c853
reloadAllAccessors: .Equals

===========================================================================================
----------------- testing Wed Jul 10 22:35:03 UTC 2019 /home/travis/build/icyphy/ptII/ptolemy/actor/lib/test/auto/Exec.xml
----------------- Instantiating /home/travis/build/icyphy/ptII/ptolemy/actor/lib/test/auto/Exec.xml
20 ms. Memory: 592896K Free: 208115K (35%)
----------------- Invoking toplevel() on ptolemy.moml.MoMLSimpleApplication@4726351e
----------------- Done invoking toplevel() on ptolemy.moml.MoMLSimpleApplication@4726351e
reloadAllAccessors: .Exec

===========================================================================================
----------------- testing Wed Jul 10 22:35:03 UTC 2019 /home/travis/build/icyphy/ptII/ptolemy/actor/lib/test/auto/ExecEnvironment.xml
----------------- Instantiating /home/travis/build/icyphy/ptII/ptolemy/actor/lib/test/auto/ExecEnvironment.xml
21 ms. Memory: 592896K Free: 203493K (34%)
----------------- Invoking toplevel() on ptolemy.moml.MoMLSimpleApplication@792c5c1e
----------------- Done invoking toplevel() on ptolemy.moml.MoMLSimpleApplication@792c5c1e
reloadAllAccessors: .ExecEnvironment

===========================================================================================
----------------- testing Wed Jul 10 22:35:03 UTC 2019 /home/travis/build/icyphy/ptII/ptolemy/actor/lib/test/auto/ExecNonZeroReturnOutput.xml
----------------- Instantiating /home/travis/build/icyphy/ptII/ptolemy/actor/lib/test/auto/ExecNonZeroReturnOutput.xml
181 ms. Memory: 592896K Free: 192243K (32%)
----------------- Invoking toplevel() on ptolemy.moml.MoMLSimpleApplication@3d75815b
----------------- Done invoking toplevel() on ptolemy.moml.MoMLSimpleApplication@3d75815b
reloadAllAccessors: .ExecNonZeroReturnOutput

===========================================================================================
----------------- testing Wed Jul 10 22:35:03 UTC 2019 /home/travis/build/icyphy/ptII/ptolemy/actor/lib/test/auto/ExecRunDemos.xml
----------------- Instantiating /home/travis/build/icyphy/ptII/ptolemy/actor/lib/test/auto/ExecRunDemos.xml
11072 ms. Memory: 592896K Free: 525545K (89%)

===========================================================================================
----------------- testing Wed Jul 10 22:35:15 UTC 2019 /home/travis/build/icyphy/ptII/ptolemy/actor/lib/test/auto/ExecStop.xml
----------------- Instantiating /home/travis/build/icyphy/ptII/ptolemy/actor/lib/test/auto/ExecStop.xml
5018 ms. Memory: 592896K Free: 409833K (69%)
----------------- Invoking toplevel() on ptolemy.moml.MoMLSimpleApplication@23079c1e
----------------- Done invoking toplevel() on ptolemy.moml.MoMLSimpleApplication@23079c1e
reloadAllAccessors: .ExecStop

===========================================================================================
----------------- testing Wed Jul 10 22:35:20 UTC 2019 /home/travis/build/icyphy/ptII/ptolemy/actor/lib/test/auto/ExecutionTimeSDF.xml
----------------- Instantiating /home/travis/build/icyphy/ptII/ptolemy/actor/lib/test/auto/ExecutionTimeSDF.xml
Fired ExecutionTime: -1887767296
Fired ExecutionTime: 1079200000
Fired ExecutionTime: -1029367296
6005 ms. Memory: 592896K Free: 397545K (67%)
----------------- Invoking toplevel() on ptolemy.moml.MoMLSimpleApplication@458e83d3
----------------- Done invoking toplevel() on ptolemy.moml.MoMLSimpleApplication@458e83d3
reloadAllAccessors: .ExecutionTimeSDF

===========================================================================================
----------------- testing Wed Jul 10 22:35:26 UTC 2019 /home/travis/build/icyphy/ptII/ptolemy/actor/lib/test/auto/Expression1.xml
----------------- Instantiating /home/travis/build/icyphy/ptII/ptolemy/actor/lib/test/auto/Expression1.xml
6 ms. Memory: 592896K Free: 393959K (66%)
----------------- Invoking toplevel() on ptolemy.moml.MoMLSimpleApplication@7ad2a88c
----------------- Done invoking toplevel() on ptolemy.moml.MoMLSimpleApplication@7ad2a88c
reloadAllAccessors: .Expression1

===========================================================================================
----------------- testing Wed Jul 10 22:35:26 UTC 2019 /home/travis/build/icyphy/ptII/ptolemy/actor/lib/test/auto/Expression10.xml
----------------- Instantiating /home/travis/build/icyphy/ptII/ptolemy/actor/lib/test/auto/Expression10.xml
6 ms. Memory: 592896K Free: 388329K (65%)
----------------- Invoking toplevel() on ptolemy.moml.MoMLSimpleApplication@2f946ddb
----------------- Done invoking toplevel() on ptolemy.moml.MoMLSimpleApplication@2f946ddb
reloadAllAccessors: .Expression10

===========================================================================================
----------------- testing Wed Jul 10 22:35:26 UTC 2019 /home/travis/build/icyphy/ptII/ptolemy/actor/lib/test/auto/Expression11.xml
----------------- Instantiating /home/travis/build/icyphy/ptII/ptolemy/actor/lib/test/auto/Expression11.xml
2 ms. Memory: 592896K Free: 384233K (65%)
----------------- Invoking toplevel() on ptolemy.moml.MoMLSimpleApplication@3b8b6553
----------------- Done invoking toplevel() on ptolemy.moml.MoMLSimpleApplication@3b8b6553
reloadAllAccessors: .Expression11

===========================================================================================
----------------- testing Wed Jul 10 22:35:26 UTC 2019 /home/travis/build/icyphy/ptII/ptolemy/actor/lib/test/auto/Expression12.xml
----------------- Instantiating /home/travis/build/icyphy/ptII/ptolemy/actor/lib/test/auto/Expression12.xml
3 ms. Memory: 592896K Free: 378599K (64%)
----------------- Invoking toplevel() on ptolemy.moml.MoMLSimpleApplication@10b0ff14
----------------- Done invoking toplevel() on ptolemy.moml.MoMLSimpleApplication@10b0ff14
reloadAllAccessors: .Expression12

===========================================================================================
----------------- testing Wed Jul 10 22:35:26 UTC 2019 /home/travis/build/icyphy/ptII/ptolemy/actor/lib/test/auto/Expression13.xml
----------------- Instantiating /home/travis/build/icyphy/ptII/ptolemy/actor/lib/test/auto/Expression13.xml
3 ms. Memory: 592896K Free: 373479K (63%)
----------------- Invoking toplevel() on ptolemy.moml.MoMLSimpleApplication@50f849de
----------------- Done invoking toplevel() on ptolemy.moml.MoMLSimpleApplication@50f849de
reloadAllAccessors: .Expression13

===========================================================================================
----------------- testing Wed Jul 10 22:35:26 UTC 2019 /home/travis/build/icyphy/ptII/ptolemy/actor/lib/test/auto/Expression14.xml
----------------- Instantiating /home/travis/build/icyphy/ptII/ptolemy/actor/lib/test/auto/Expression14.xml
8 ms. Memory: 592896K Free: 367335K (62%)
----------------- Invoking toplevel() on ptolemy.moml.MoMLSimpleApplication@5c0126ff
----------------- Done invoking toplevel() on ptolemy.moml.MoMLSimpleApplication@5c0126ff
reloadAllAccessors: .Expression14

===========================================================================================
----------------- testing Wed Jul 10 22:35:26 UTC 2019 /home/travis/build/icyphy/ptII/ptolemy/actor/lib/test/auto/Expression15.xml
----------------- Instantiating /home/travis/build/icyphy/ptII/ptolemy/actor/lib/test/auto/Expression15.xml
1 ms. Memory: 592896K Free: 363753K (61%)
----------------- Invoking toplevel() on ptolemy.moml.MoMLSimpleApplication@7f4d30da
----------------- Done invoking toplevel() on ptolemy.moml.MoMLSimpleApplication@7f4d30da
reloadAllAccessors: .Expression15

===========================================================================================
----------------- testing Wed Jul 10 22:35:26 UTC 2019 /home/travis/build/icyphy/ptII/ptolemy/actor/lib/test/auto/Expression16.xml
----------------- Instantiating /home/travis/build/icyphy/ptII/ptolemy/actor/lib/test/auto/Expression16.xml
4 ms. Memory: 592896K Free: 359143K (61%)
----------------- Invoking toplevel() on ptolemy.moml.MoMLSimpleApplication@6d3f9c49
----------------- Done invoking toplevel() on ptolemy.moml.MoMLSimpleApplication@6d3f9c49
reloadAllAccessors: .Expression16

===========================================================================================
----------------- testing Wed Jul 10 22:35:26 UTC 2019 /home/travis/build/icyphy/ptII/ptolemy/actor/lib/test/auto/Expression17.xml
----------------- Instantiating /home/travis/build/icyphy/ptII/ptolemy/actor/lib/test/auto/Expression17.xml
3 ms. Memory: 592896K Free: 354023K (60%)
----------------- Invoking toplevel() on ptolemy.moml.MoMLSimpleApplication@7aa85713
----------------- Done invoking toplevel() on ptolemy.moml.MoMLSimpleApplication@7aa85713
reloadAllAccessors: .Expression17

===========================================================================================
----------------- testing Wed Jul 10 22:35:26 UTC 2019 /home/travis/build/icyphy/ptII/ptolemy/actor/lib/test/auto/Expression18.xml
----------------- Instantiating /home/travis/build/icyphy/ptII/ptolemy/actor/lib/test/auto/Expression18.xml
2 ms. Memory: 592896K Free: 348903K (59%)
----------------- Invoking toplevel() on ptolemy.moml.MoMLSimpleApplication@2081ea50
----------------- Done invoking toplevel() on ptolemy.moml.MoMLSimpleApplication@2081ea50
reloadAllAccessors: .Expression18

===========================================================================================
----------------- testing Wed Jul 10 22:35:26 UTC 2019 /home/travis/build/icyphy/ptII/ptolemy/actor/lib/test/auto/Expression2.xml
----------------- Instantiating /home/travis/build/icyphy/ptII/ptolemy/actor/lib/test/auto/Expression2.xml
5 ms. Memory: 592896K Free: 343783K (58%)
----------------- Invoking toplevel() on ptolemy.moml.MoMLSimpleApplication@4f41b141
----------------- Done invoking toplevel() on ptolemy.moml.MoMLSimpleApplication@4f41b141
reloadAllAccessors: .Expression2

===========================================================================================
----------------- testing Wed Jul 10 22:35:26 UTC 2019 /home/travis/build/icyphy/ptII/ptolemy/actor/lib/test/auto/Expression3.xml
----------------- Instantiating /home/travis/build/icyphy/ptII/ptolemy/actor/lib/test/auto/Expression3.xml
6 ms. Memory: 592896K Free: 339177K (57%)
----------------- Invoking toplevel() on ptolemy.moml.MoMLSimpleApplication@69a00317
----------------- Done invoking toplevel() on ptolemy.moml.MoMLSimpleApplication@69a00317
reloadAllAccessors: .Expression3

===========================================================================================
----------------- testing Wed Jul 10 22:35:26 UTC 2019 /home/travis/build/icyphy/ptII/ptolemy/actor/lib/test/auto/Expression4.xml
----------------- Instantiating /home/travis/build/icyphy/ptII/ptolemy/actor/lib/test/auto/Expression4.xml
6 ms. Memory: 592896K Free: 331495K (56%)
----------------- Invoking toplevel() on ptolemy.moml.MoMLSimpleApplication@1dd9b23f
----------------- Done invoking toplevel() on ptolemy.moml.MoMLSimpleApplication@1dd9b23f
reloadAllAccessors: .Expression4

===========================================================================================
----------------- testing Wed Jul 10 22:35:26 UTC 2019 /home/travis/build/icyphy/ptII/ptolemy/actor/lib/test/auto/Expression5.xml
----------------- Instantiating /home/travis/build/icyphy/ptII/ptolemy/actor/lib/test/auto/Expression5.xml
3 ms. Memory: 592896K Free: 326375K (55%)
----------------- Invoking toplevel() on ptolemy.moml.MoMLSimpleApplication@73dbd484
----------------- Done invoking toplevel() on ptolemy.moml.MoMLSimpleApplication@73dbd484
reloadAllAccessors: .Expression5

===========================================================================================
----------------- testing Wed Jul 10 22:35:26 UTC 2019 /home/travis/build/icyphy/ptII/ptolemy/actor/lib/test/auto/Expression6.xml
----------------- Instantiating /home/travis/build/icyphy/ptII/ptolemy/actor/lib/test/auto/Expression6.xml
2 ms. Memory: 592896K Free: 321769K (54%)
----------------- Invoking toplevel() on ptolemy.moml.MoMLSimpleApplication@60d1a4f4
----------------- Done invoking toplevel() on ptolemy.moml.MoMLSimpleApplication@60d1a4f4
reloadAllAccessors: .Expression6

===========================================================================================
----------------- testing Wed Jul 10 22:35:26 UTC 2019 /home/travis/build/icyphy/ptII/ptolemy/actor/lib/test/auto/Expression7.xml
----------------- Instantiating /home/travis/build/icyphy/ptII/ptolemy/actor/lib/test/auto/Expression7.xml
2 ms. Memory: 592896K Free: 316649K (53%)
----------------- Invoking toplevel() on ptolemy.moml.MoMLSimpleApplication@79e82a60
----------------- Done invoking toplevel() on ptolemy.moml.MoMLSimpleApplication@79e82a60
reloadAllAccessors: .Expression7

===========================================================================================
----------------- testing Wed Jul 10 22:35:26 UTC 2019 /home/travis/build/icyphy/ptII/ptolemy/actor/lib/test/auto/Expression8.xml
----------------- Instantiating /home/travis/build/icyphy/ptII/ptolemy/actor/lib/test/auto/Expression8.xml
9 ms. Memory: 592896K Free: 312039K (53%)
----------------- Invoking toplevel() on ptolemy.moml.MoMLSimpleApplication@9f3e58a
----------------- Done invoking toplevel() on ptolemy.moml.MoMLSimpleApplication@9f3e58a
reloadAllAccessors: .Expression8

===========================================================================================
----------------- testing Wed Jul 10 22:35:26 UTC 2019 /home/travis/build/icyphy/ptII/ptolemy/actor/lib/test/auto/Expression9.xml
----------------- Instantiating /home/travis/build/icyphy/ptII/ptolemy/actor/lib/test/auto/Expression9.xml
1 ms. Memory: 592896K Free: 307943K (52%)
----------------- Invoking toplevel() on ptolemy.moml.MoMLSimpleApplication@6641fc12
----------------- Done invoking toplevel() on ptolemy.moml.MoMLSimpleApplication@6641fc12
reloadAllAccessors: .Expression9

===========================================================================================
----------------- testing Wed Jul 10 22:35:26 UTC 2019 /home/travis/build/icyphy/ptII/ptolemy/actor/lib/test/auto/ExpressionConcatenateArrayType.xml
----------------- Instantiating /home/travis/build/icyphy/ptII/ptolemy/actor/lib/test/auto/ExpressionConcatenateArrayType.xml
3 ms. Memory: 592896K Free: 301289K (51%)
----------------- Invoking toplevel() on ptolemy.moml.MoMLSimpleApplication@65cb0ad2
----------------- Done invoking toplevel() on ptolemy.moml.MoMLSimpleApplication@65cb0ad2
reloadAllAccessors: .ExpressionConcatenateArrayType

===========================================================================================
----------------- testing Wed Jul 10 22:35:26 UTC 2019 /home/travis/build/icyphy/ptII/ptolemy/actor/lib/test/auto/ExpressionConcatenateArrayType2.xml
----------------- Instantiating /home/travis/build/icyphy/ptII/ptolemy/actor/lib/test/auto/ExpressionConcatenateArrayType2.xml
2 ms. Memory: 592896K Free: 295655K (50%)
----------------- Invoking toplevel() on ptolemy.moml.MoMLSimpleApplication@2e36f84
----------------- Done invoking toplevel() on ptolemy.moml.MoMLSimpleApplication@2e36f84
reloadAllAccessors: .ExpressionConcatenateArrayType2

===========================================================================================
----------------- testing Wed Jul 10 22:35:26 UTC 2019 /home/travis/build/icyphy/ptII/ptolemy/actor/lib/test/auto/ExpressionFix.xml
----------------- Instantiating /home/travis/build/icyphy/ptII/ptolemy/actor/lib/test/auto/ExpressionFix.xml
21 ms. Memory: 592896K Free: 289001K (49%)
----------------- Invoking toplevel() on ptolemy.moml.MoMLSimpleApplication@2ec77910
----------------- Done invoking toplevel() on ptolemy.moml.MoMLSimpleApplication@2ec77910
reloadAllAccessors: .ExpressionFix

===========================================================================================
----------------- testing Wed Jul 10 22:35:26 UTC 2019 /home/travis/build/icyphy/ptII/ptolemy/actor/lib/test/auto/ExpressionFix2.xml
----------------- Instantiating /home/travis/build/icyphy/ptII/ptolemy/actor/lib/test/auto/ExpressionFix2.xml
4 ms. Memory: 592896K Free: 285415K (48%)
----------------- Invoking toplevel() on ptolemy.moml.MoMLSimpleApplication@76e064e
----------------- Done invoking toplevel() on ptolemy.moml.MoMLSimpleApplication@76e064e
reloadAllAccessors: .ExpressionFix2

===========================================================================================
----------------- testing Wed Jul 10 22:35:26 UTC 2019 /home/travis/build/icyphy/ptII/ptolemy/actor/lib/test/auto/ExpressionFix3.xml
----------------- Instantiating /home/travis/build/icyphy/ptII/ptolemy/actor/lib/test/auto/ExpressionFix3.xml
3 ms. Memory: 592896K Free: 280809K (47%)
----------------- Invoking toplevel() on ptolemy.moml.MoMLSimpleApplication@64f5a67f
----------------- Done invoking toplevel() on ptolemy.moml.MoMLSimpleApplication@64f5a67f
reloadAllAccessors: .ExpressionFix3

===========================================================================================
----------------- testing Wed Jul 10 22:35:26 UTC 2019 /home/travis/build/icyphy/ptII/ptolemy/actor/lib/test/auto/FileWriter1.xml
----------------- Instantiating /home/travis/build/icyphy/ptII/ptolemy/actor/lib/test/auto/FileWriter1.xml
2 ms. Memory: 592896K Free: 276713K (47%)
----------------- Invoking toplevel() on ptolemy.moml.MoMLSimpleApplication@fbc1272
----------------- Done invoking toplevel() on ptolemy.moml.MoMLSimpleApplication@fbc1272
reloadAllAccessors: .FileWriter1

===========================================================================================
----------------- testing Wed Jul 10 22:35:26 UTC 2019 /home/travis/build/icyphy/ptII/ptolemy/actor/lib/test/auto/FileWriter2.xml
----------------- Instantiating /home/travis/build/icyphy/ptII/ptolemy/actor/lib/test/auto/FileWriter2.xml
5 ms. Memory: 592896K Free: 272103K (46%)
----------------- Invoking toplevel() on ptolemy.moml.MoMLSimpleApplication@33bc140d
----------------- Done invoking toplevel() on ptolemy.moml.MoMLSimpleApplication@33bc140d
reloadAllAccessors: .FileWriter2

===========================================================================================
----------------- testing Wed Jul 10 22:35:26 UTC 2019 /home/travis/build/icyphy/ptII/ptolemy/actor/lib/test/auto/FileWriter3.xml
----------------- Instantiating /home/travis/build/icyphy/ptII/ptolemy/actor/lib/test/auto/FileWriter3.xml
4 ms. Memory: 592896K Free: 268007K (45%)
----------------- Invoking toplevel() on ptolemy.moml.MoMLSimpleApplication@455eb651
----------------- Done invoking toplevel() on ptolemy.moml.MoMLSimpleApplication@455eb651
reloadAllAccessors: .FileWriter3

===========================================================================================
----------------- testing Wed Jul 10 22:35:26 UTC 2019 /home/travis/build/icyphy/ptII/ptolemy/actor/lib/test/auto/Gaussian.xml
----------------- Instantiating /home/travis/build/icyphy/ptII/ptolemy/actor/lib/test/auto/Gaussian.xml
2 ms. Memory: 592896K Free: 263401K (44%)
----------------- Invoking toplevel() on ptolemy.moml.MoMLSimpleApplication@384d5c1c
----------------- Done invoking toplevel() on ptolemy.moml.MoMLSimpleApplication@384d5c1c
reloadAllAccessors: .Gaussian

===========================================================================================
----------------- testing Wed Jul 10 22:35:26 UTC 2019 /home/travis/build/icyphy/ptII/ptolemy/actor/lib/test/auto/Gaussian1.xml
----------------- Instantiating /home/travis/build/icyphy/ptII/ptolemy/actor/lib/test/auto/Gaussian1.xml
3 ms. Memory: 592896K Free: 258281K (44%)
----------------- Invoking toplevel() on ptolemy.moml.MoMLSimpleApplication@386d2b04
----------------- Done invoking toplevel() on ptolemy.moml.MoMLSimpleApplication@386d2b04
reloadAllAccessors: .Gaussian1

===========================================================================================
----------------- testing Wed Jul 10 22:35:26 UTC 2019 /home/travis/build/icyphy/ptII/ptolemy/actor/lib/test/auto/Gaussian2.xml
----------------- Instantiating /home/travis/build/icyphy/ptII/ptolemy/actor/lib/test/auto/Gaussian2.xml
2 ms. Memory: 592896K Free: 252641K (43%)
----------------- Invoking toplevel() on ptolemy.moml.MoMLSimpleApplication@168bbe5b
----------------- Done invoking toplevel() on ptolemy.moml.MoMLSimpleApplication@168bbe5b
reloadAllAccessors: .Gaussian2

===========================================================================================
----------------- testing Wed Jul 10 22:35:26 UTC 2019 /home/travis/build/icyphy/ptII/ptolemy/actor/lib/test/auto/GradientAdaptiveLattice.xml
----------------- Instantiating /home/travis/build/icyphy/ptII/ptolemy/actor/lib/test/auto/GradientAdaptiveLattice.xml
2 ms. Memory: 592896K Free: 247527K (42%)
----------------- Invoking toplevel() on ptolemy.moml.MoMLSimpleApplication@54003888
----------------- Done invoking toplevel() on ptolemy.moml.MoMLSimpleApplication@54003888
reloadAllAccessors: .GradientAdaptiveLattice

===========================================================================================
----------------- testing Wed Jul 10 22:35:26 UTC 2019 /home/travis/build/icyphy/ptII/ptolemy/actor/lib/test/auto/IIR.xml
----------------- Instantiating /home/travis/build/icyphy/ptII/ptolemy/actor/lib/test/auto/IIR.xml
2 ms. Memory: 592896K Free: 242921K (41%)
----------------- Invoking toplevel() on ptolemy.moml.MoMLSimpleApplication@33a67e08
----------------- Done invoking toplevel() on ptolemy.moml.MoMLSimpleApplication@33a67e08
reloadAllAccessors: .IIR

===========================================================================================
----------------- testing Wed Jul 10 22:35:26 UTC 2019 /home/travis/build/icyphy/ptII/ptolemy/actor/lib/test/auto/InputOutputTransparentPorts.xml
----------------- Instantiating /home/travis/build/icyphy/ptII/ptolemy/actor/lib/test/auto/InputOutputTransparentPorts.xml
1 ms. Memory: 592896K Free: 235239K (40%)
----------------- Invoking toplevel() on ptolemy.moml.MoMLSimpleApplication@16b24e3a
----------------- Done invoking toplevel() on ptolemy.moml.MoMLSimpleApplication@16b24e3a
reloadAllAccessors: .InputOutputTransparentPorts

===========================================================================================
----------------- testing Wed Jul 10 22:35:26 UTC 2019 /home/travis/build/icyphy/ptII/ptolemy/actor/lib/test/auto/Interpolator.xml
----------------- Instantiating /home/travis/build/icyphy/ptII/ptolemy/actor/lib/test/auto/Interpolator.xml
3 ms. Memory: 592896K Free: 231143K (39%)
----------------- Invoking toplevel() on ptolemy.moml.MoMLSimpleApplication@11fcdade
----------------- Done invoking toplevel() on ptolemy.moml.MoMLSimpleApplication@11fcdade
reloadAllAccessors: .Interpolator

===========================================================================================
----------------- testing Wed Jul 10 22:35:26 UTC 2019 /home/travis/build/icyphy/ptII/ptolemy/actor/lib/test/auto/InterpolatorFiringLimitDE.xml
----------------- Instantiating /home/travis/build/icyphy/ptII/ptolemy/actor/lib/test/auto/InterpolatorFiringLimitDE.xml
2 ms. Memory: 592896K Free: 224999K (38%)
----------------- Invoking toplevel() on ptolemy.moml.MoMLSimpleApplication@50c7c294
----------------- Done invoking toplevel() on ptolemy.moml.MoMLSimpleApplication@50c7c294
reloadAllAccessors: .InterpolatorFiringLimitDE

===========================================================================================
----------------- testing Wed Jul 10 22:35:26 UTC 2019 /home/travis/build/icyphy/ptII/ptolemy/actor/lib/test/auto/Lattice.xml
----------------- Instantiating /home/travis/build/icyphy/ptII/ptolemy/actor/lib/test/auto/Lattice.xml
1 ms. Memory: 592896K Free: 221417K (37%)
----------------- Invoking toplevel() on ptolemy.moml.MoMLSimpleApplication@264daae4
----------------- Done invoking toplevel() on ptolemy.moml.MoMLSimpleApplication@264daae4
reloadAllAccessors: .Lattice

===========================================================================================
----------------- testing Wed Jul 10 22:35:26 UTC 2019 /home/travis/build/icyphy/ptII/ptolemy/actor/lib/test/auto/LazyAOCTestLazy.xml
----------------- Instantiating /home/travis/build/icyphy/ptII/ptolemy/actor/lib/test/auto/LazyAOCTestLazy.xml
24 ms. Memory: 592896K Free: 215273K (36%)
----------------- Invoking toplevel() on ptolemy.moml.MoMLSimpleApplication@1e790fce
----------------- Done invoking toplevel() on ptolemy.moml.MoMLSimpleApplication@1e790fce
reloadAllAccessors: .LazyAOCTestLazy

===========================================================================================
----------------- testing Wed Jul 10 22:35:26 UTC 2019 /home/travis/build/icyphy/ptII/ptolemy/actor/lib/test/auto/LazyAOCTestNonLazy.xml
----------------- Instantiating /home/travis/build/icyphy/ptII/ptolemy/actor/lib/test/auto/LazyAOCTestNonLazy.xml
2 ms. Memory: 592896K Free: 208615K (35%)
----------------- Invoking toplevel() on ptolemy.moml.MoMLSimpleApplication@1c39c364
----------------- Done invoking toplevel() on ptolemy.moml.MoMLSimpleApplication@1c39c364
reloadAllAccessors: .LazyAOCTestNonLazy

===========================================================================================
----------------- testing Wed Jul 10 22:35:26 UTC 2019 /home/travis/build/icyphy/ptII/ptolemy/actor/lib/test/auto/LazyInnerClass.xml
----------------- Instantiating /home/travis/build/icyphy/ptII/ptolemy/actor/lib/test/auto/LazyInnerClass.xml
11 ms. Memory: 592896K Free: 199913K (34%)
----------------- Invoking toplevel() on ptolemy.moml.MoMLSimpleApplication@608fee05
----------------- Done invoking toplevel() on ptolemy.moml.MoMLSimpleApplication@608fee05
reloadAllAccessors: .LazyInnerClass

===========================================================================================
----------------- testing Wed Jul 10 22:35:26 UTC 2019 /home/travis/build/icyphy/ptII/ptolemy/actor/lib/test/auto/LazyPubSub.xml
----------------- Instantiating /home/travis/build/icyphy/ptII/ptolemy/actor/lib/test/auto/LazyPubSub.xml
27 ms. Memory: 592896K Free: 542288K (91%)
----------------- Invoking toplevel() on ptolemy.moml.MoMLSimpleApplication@605b8eaf
----------------- Done invoking toplevel() on ptolemy.moml.MoMLSimpleApplication@605b8eaf
reloadAllAccessors: .LazyPubSub

===========================================================================================
----------------- testing Wed Jul 10 22:35:27 UTC 2019 /home/travis/build/icyphy/ptII/ptolemy/actor/lib/test/auto/LazyPubSub2.xml
----------------- Instantiating /home/travis/build/icyphy/ptII/ptolemy/actor/lib/test/auto/LazyPubSub2.xml
19 ms. Memory: 592896K Free: 532425K (90%)
----------------- Invoking toplevel() on ptolemy.moml.MoMLSimpleApplication@39d407c5
----------------- Done invoking toplevel() on ptolemy.moml.MoMLSimpleApplication@39d407c5
reloadAllAccessors: .LazyPubSub2

===========================================================================================
----------------- testing Wed Jul 10 22:35:27 UTC 2019 /home/travis/build/icyphy/ptII/ptolemy/actor/lib/test/auto/LazyPubSub3.xml
----------------- Instantiating /home/travis/build/icyphy/ptII/ptolemy/actor/lib/test/auto/LazyPubSub3.xml
17 ms. Memory: 592896K Free: 522185K (88%)
----------------- Invoking toplevel() on ptolemy.moml.MoMLSimpleApplication@2269ff34
----------------- Done invoking toplevel() on ptolemy.moml.MoMLSimpleApplication@2269ff34
reloadAllAccessors: .LazyPubSub3

===========================================================================================
----------------- testing Wed Jul 10 22:35:27 UTC 2019 /home/travis/build/icyphy/ptII/ptolemy/actor/lib/test/auto/LazySubClassModel.xml
----------------- Instantiating /home/travis/build/icyphy/ptII/ptolemy/actor/lib/test/auto/LazySubClassModel.xml
2 ms. Memory: 592896K Free: 512969K (87%)
----------------- Invoking toplevel() on ptolemy.moml.MoMLSimpleApplication@19541846
----------------- Done invoking toplevel() on ptolemy.moml.MoMLSimpleApplication@19541846
reloadAllAccessors: .LazySubClassModel

===========================================================================================
----------------- testing Wed Jul 10 22:35:27 UTC 2019 /home/travis/build/icyphy/ptII/ptolemy/actor/lib/test/auto/LevelCrossTest1.xml
----------------- Instantiating /home/travis/build/icyphy/ptII/ptolemy/actor/lib/test/auto/LevelCrossTest1.xml
1 ms. Memory: 592896K Free: 507339K (86%)
----------------- Invoking toplevel() on ptolemy.moml.MoMLSimpleApplication@19527106
----------------- Done invoking toplevel() on ptolemy.moml.MoMLSimpleApplication@19527106
reloadAllAccessors: .broken

===========================================================================================
----------------- testing Wed Jul 10 22:35:27 UTC 2019 /home/travis/build/icyphy/ptII/ptolemy/actor/lib/test/auto/LevelCrossTest10.xml
----------------- Instantiating /home/travis/build/icyphy/ptII/ptolemy/actor/lib/test/auto/LevelCrossTest10.xml
1 ms. Memory: 592896K Free: 500171K (84%)
----------------- Invoking toplevel() on ptolemy.moml.MoMLSimpleApplication@1b318799
----------------- Done invoking toplevel() on ptolemy.moml.MoMLSimpleApplication@1b318799
reloadAllAccessors: .LevelCrossTest10

===========================================================================================
----------------- testing Wed Jul 10 22:35:27 UTC 2019 /home/travis/build/icyphy/ptII/ptolemy/actor/lib/test/auto/LevelCrossTest11.xml
----------------- Instantiating /home/travis/build/icyphy/ptII/ptolemy/actor/lib/test/auto/LevelCrossTest11.xml
1 ms. Memory: 592896K Free: 493513K (83%)
----------------- Invoking toplevel() on ptolemy.moml.MoMLSimpleApplication@34bd99a6
----------------- Done invoking toplevel() on ptolemy.moml.MoMLSimpleApplication@34bd99a6
reloadAllAccessors: .LevelCrossTest11

===========================================================================================
----------------- testing Wed Jul 10 22:35:27 UTC 2019 /home/travis/build/icyphy/ptII/ptolemy/actor/lib/test/auto/LevelCrossTest12.xml
----------------- Instantiating /home/travis/build/icyphy/ptII/ptolemy/actor/lib/test/auto/LevelCrossTest12.xml
1 ms. Memory: 592896K Free: 486345K (82%)
----------------- Invoking toplevel() on ptolemy.moml.MoMLSimpleApplication@404346bf
----------------- Done invoking toplevel() on ptolemy.moml.MoMLSimpleApplication@404346bf
reloadAllAccessors: .LevelCrossTest12

===========================================================================================
----------------- testing Wed Jul 10 22:35:27 UTC 2019 /home/travis/build/icyphy/ptII/ptolemy/actor/lib/test/auto/LevelCrossTest13.xml
----------------- Instantiating /home/travis/build/icyphy/ptII/ptolemy/actor/lib/test/auto/LevelCrossTest13.xml
1 ms. Memory: 592896K Free: 478667K (81%)
----------------- Invoking toplevel() on ptolemy.moml.MoMLSimpleApplication@5111366f
----------------- Done invoking toplevel() on ptolemy.moml.MoMLSimpleApplication@5111366f
reloadAllAccessors: .LevelCrossTest13

===========================================================================================
----------------- testing Wed Jul 10 22:35:27 UTC 2019 /home/travis/build/icyphy/ptII/ptolemy/actor/lib/test/auto/LevelCrossTest2.xml
----------------- Instantiating /home/travis/build/icyphy/ptII/ptolemy/actor/lib/test/auto/LevelCrossTest2.xml
1 ms. Memory: 592896K Free: 473547K (80%)
----------------- Invoking toplevel() on ptolemy.moml.MoMLSimpleApplication@42583470
----------------- Done invoking toplevel() on ptolemy.moml.MoMLSimpleApplication@42583470
reloadAllAccessors: .broken

===========================================================================================
----------------- testing Wed Jul 10 22:35:27 UTC 2019 /home/travis/build/icyphy/ptII/ptolemy/actor/lib/test/auto/LevelCrossTest3.xml
----------------- Instantiating /home/travis/build/icyphy/ptII/ptolemy/actor/lib/test/auto/LevelCrossTest3.xml
1 ms. Memory: 592896K Free: 466889K (79%)
----------------- Invoking toplevel() on ptolemy.moml.MoMLSimpleApplication@21936983
----------------- Done invoking toplevel() on ptolemy.moml.MoMLSimpleApplication@21936983
reloadAllAccessors: .LevelCrossTest3

===========================================================================================
----------------- testing Wed Jul 10 22:35:27 UTC 2019 /home/travis/build/icyphy/ptII/ptolemy/actor/lib/test/auto/LevelCrossTest4.xml
----------------- Instantiating /home/travis/build/icyphy/ptII/ptolemy/actor/lib/test/auto/LevelCrossTest4.xml
2 ms. Memory: 592896K Free: 461769K (78%)
----------------- Invoking toplevel() on ptolemy.moml.MoMLSimpleApplication@2256a1f4
----------------- Done invoking toplevel() on ptolemy.moml.MoMLSimpleApplication@2256a1f4
reloadAllAccessors: .broken

===========================================================================================
----------------- testing Wed Jul 10 22:35:27 UTC 2019 /home/travis/build/icyphy/ptII/ptolemy/actor/lib/test/auto/LevelCrossTest5.xml
----------------- Instantiating /home/travis/build/icyphy/ptII/ptolemy/actor/lib/test/auto/LevelCrossTest5.xml
2 ms. Memory: 592896K Free: 455115K (77%)
----------------- Invoking toplevel() on ptolemy.moml.MoMLSimpleApplication@5d609432
----------------- Done invoking toplevel() on ptolemy.moml.MoMLSimpleApplication@5d609432
reloadAllAccessors: .LevelCrossTest5

===========================================================================================
----------------- testing Wed Jul 10 22:35:27 UTC 2019 /home/travis/build/icyphy/ptII/ptolemy/actor/lib/test/auto/LevelCrossTest6.xml
----------------- Instantiating /home/travis/build/icyphy/ptII/ptolemy/actor/lib/test/auto/LevelCrossTest6.xml
2 ms. Memory: 592896K Free: 448457K (76%)
----------------- Invoking toplevel() on ptolemy.moml.MoMLSimpleApplication@321adf52
----------------- Done invoking toplevel() on ptolemy.moml.MoMLSimpleApplication@321adf52
reloadAllAccessors: .LevelCrossTest6

===========================================================================================
----------------- testing Wed Jul 10 22:35:27 UTC 2019 /home/travis/build/icyphy/ptII/ptolemy/actor/lib/test/auto/LevelCrossTest7.xml
----------------- Instantiating /home/travis/build/icyphy/ptII/ptolemy/actor/lib/test/auto/LevelCrossTest7.xml
1 ms. Memory: 592896K Free: 440779K (74%)
----------------- Invoking toplevel() on ptolemy.moml.MoMLSimpleApplication@5d05b082
----------------- Done invoking toplevel() on ptolemy.moml.MoMLSimpleApplication@5d05b082
reloadAllAccessors: .LevelCrossTest7

===========================================================================================
----------------- testing Wed Jul 10 22:35:27 UTC 2019 /home/travis/build/icyphy/ptII/ptolemy/actor/lib/test/auto/LevelCrossTest8.xml
----------------- Instantiating /home/travis/build/icyphy/ptII/ptolemy/actor/lib/test/auto/LevelCrossTest8.xml
1 ms. Memory: 592896K Free: 433611K (73%)
----------------- Invoking toplevel() on ptolemy.moml.MoMLSimpleApplication@1902281d
----------------- Done invoking toplevel() on ptolemy.moml.MoMLSimpleApplication@1902281d
reloadAllAccessors: .LevelCrossTest8

===========================================================================================
----------------- testing Wed Jul 10 22:35:27 UTC 2019 /home/travis/build/icyphy/ptII/ptolemy/actor/lib/test/auto/LevelCrossTest9.xml
----------------- Instantiating /home/travis/build/icyphy/ptII/ptolemy/actor/lib/test/auto/LevelCrossTest9.xml
1 ms. Memory: 592896K Free: 427467K (72%)
----------------- Invoking toplevel() on ptolemy.moml.MoMLSimpleApplication@4ef962a6
----------------- Done invoking toplevel() on ptolemy.moml.MoMLSimpleApplication@4ef962a6
reloadAllAccessors: .LevelCrossTest9

===========================================================================================
----------------- testing Wed Jul 10 22:35:27 UTC 2019 /home/travis/build/icyphy/ptII/ptolemy/actor/lib/test/auto/LevinsonDurbin.xml
----------------- Instantiating /home/travis/build/icyphy/ptII/ptolemy/actor/lib/test/auto/LevinsonDurbin.xml
1 ms. Memory: 592896K Free: 423371K (71%)
----------------- Invoking toplevel() on ptolemy.moml.MoMLSimpleApplication@2c0b9040
----------------- Done invoking toplevel() on ptolemy.moml.MoMLSimpleApplication@2c0b9040
reloadAllAccessors: .LevinsonDurbin

===========================================================================================
----------------- testing Wed Jul 10 22:35:27 UTC 2019 /home/travis/build/icyphy/ptII/ptolemy/actor/lib/test/auto/LevinsonDurbin2.xml
----------------- Instantiating /home/travis/build/icyphy/ptII/ptolemy/actor/lib/test/auto/LevinsonDurbin2.xml
5 ms. Memory: 592896K Free: 419275K (71%)
----------------- Invoking toplevel() on ptolemy.moml.MoMLSimpleApplication@32940014
----------------- Done invoking toplevel() on ptolemy.moml.MoMLSimpleApplication@32940014
reloadAllAccessors: .LevinsonDurbin2

===========================================================================================
----------------- testing Wed Jul 10 22:35:27 UTC 2019 /home/travis/build/icyphy/ptII/ptolemy/actor/lib/test/auto/LevinsonDurbin3.xml
----------------- Instantiating /home/travis/build/icyphy/ptII/ptolemy/actor/lib/test/auto/LevinsonDurbin3.xml
2 ms. Memory: 592896K Free: 415179K (70%)
----------------- Invoking toplevel() on ptolemy.moml.MoMLSimpleApplication@efd9d97
----------------- Done invoking toplevel() on ptolemy.moml.MoMLSimpleApplication@efd9d97
reloadAllAccessors: .LevinsonDurbin3

===========================================================================================
----------------- testing Wed Jul 10 22:35:27 UTC 2019 /home/travis/build/icyphy/ptII/ptolemy/actor/lib/test/auto/Limiter.xml
----------------- Instantiating /home/travis/build/icyphy/ptII/ptolemy/actor/lib/test/auto/Limiter.xml
4 ms. Memory: 592896K Free: 405963K (68%)
----------------- Invoking toplevel() on ptolemy.moml.MoMLSimpleApplication@37b8764b
----------------- Done invoking toplevel() on ptolemy.moml.MoMLSimpleApplication@37b8764b
reloadAllAccessors: .Limiter

===========================================================================================
----------------- testing Wed Jul 10 22:35:27 UTC 2019 /home/travis/build/icyphy/ptII/ptolemy/actor/lib/test/auto/LinearDifferenceEquationSystem.xml
----------------- Instantiating /home/travis/build/icyphy/ptII/ptolemy/actor/lib/test/auto/LinearDifferenceEquationSystem.xml
4 ms. Memory: 592896K Free: 399305K (67%)
----------------- Invoking toplevel() on ptolemy.moml.MoMLSimpleApplication@58aea483
----------------- Done invoking toplevel() on ptolemy.moml.MoMLSimpleApplication@58aea483
reloadAllAccessors: .LinearDifferenceEquationSystem

===========================================================================================
----------------- testing Wed Jul 10 22:35:27 UTC 2019 /home/travis/build/icyphy/ptII/ptolemy/actor/lib/test/auto/LookupTable.xml
----------------- Instantiating /home/travis/build/icyphy/ptII/ptolemy/actor/lib/test/auto/LookupTable.xml
2 ms. Memory: 592896K Free: 394699K (67%)
----------------- Invoking toplevel() on ptolemy.moml.MoMLSimpleApplication@23c69664
----------------- Done invoking toplevel() on ptolemy.moml.MoMLSimpleApplication@23c69664
reloadAllAccessors: .LookupTable

===========================================================================================
----------------- testing Wed Jul 10 22:35:27 UTC 2019 /home/travis/build/icyphy/ptII/ptolemy/actor/lib/test/auto/MathFunction.xml
----------------- Instantiating /home/travis/build/icyphy/ptII/ptolemy/actor/lib/test/auto/MathFunction.xml
16 ms. Memory: 592896K Free: 386507K (65%)
----------------- Invoking toplevel() on ptolemy.moml.MoMLSimpleApplication@7b5c0b29
----------------- Done invoking toplevel() on ptolemy.moml.MoMLSimpleApplication@7b5c0b29
reloadAllAccessors: .MathFunction

===========================================================================================
----------------- testing Wed Jul 10 22:35:27 UTC 2019 /home/travis/build/icyphy/ptII/ptolemy/actor/lib/test/auto/MathFunction2.xml
----------------- Instantiating /home/travis/build/icyphy/ptII/ptolemy/actor/lib/test/auto/MathFunction2.xml
1 ms. Memory: 592896K Free: 382411K (64%)
----------------- Invoking toplevel() on ptolemy.moml.MoMLSimpleApplication@350214d3
----------------- Done invoking toplevel() on ptolemy.moml.MoMLSimpleApplication@350214d3
reloadAllAccessors: .MathFunction2

===========================================================================================
----------------- testing Wed Jul 10 22:35:27 UTC 2019 /home/travis/build/icyphy/ptII/ptolemy/actor/lib/test/auto/MathFunction3.xml
----------------- Instantiating /home/travis/build/icyphy/ptII/ptolemy/actor/lib/test/auto/MathFunction3.xml
7 ms. Memory: 592896K Free: 375243K (63%)
----------------- Invoking toplevel() on ptolemy.moml.MoMLSimpleApplication@19e301ec
----------------- Done invoking toplevel() on ptolemy.moml.MoMLSimpleApplication@19e301ec
reloadAllAccessors: .MathFunction3

===========================================================================================
----------------- testing Wed Jul 10 22:35:27 UTC 2019 /home/travis/build/icyphy/ptII/ptolemy/actor/lib/test/auto/MatrixCropBoolean.xml
----------------- Instantiating /home/travis/build/icyphy/ptII/ptolemy/actor/lib/test/auto/MatrixCropBoolean.xml
2 ms. Memory: 592896K Free: 370627K (63%)
----------------- Invoking toplevel() on ptolemy.moml.MoMLSimpleApplication@5b9e69f3
----------------- Done invoking toplevel() on ptolemy.moml.MoMLSimpleApplication@5b9e69f3
reloadAllAccessors: .MatrixCropBoolean

===========================================================================================
----------------- testing Wed Jul 10 22:35:27 UTC 2019 /home/travis/build/icyphy/ptII/ptolemy/actor/lib/test/auto/MatrixCropComplex.xml
----------------- Instantiating /home/travis/build/icyphy/ptII/ptolemy/actor/lib/test/auto/MatrixCropComplex.xml
2 ms. Memory: 592896K Free: 365483K (62%)
----------------- Invoking toplevel() on ptolemy.moml.MoMLSimpleApplication@6e81fa80
----------------- Done invoking toplevel() on ptolemy.moml.MoMLSimpleApplication@6e81fa80
reloadAllAccessors: .MatrixCropComplex

===========================================================================================
----------------- testing Wed Jul 10 22:35:27 UTC 2019 /home/travis/build/icyphy/ptII/ptolemy/actor/lib/test/auto/MatrixCropDouble.xml
----------------- Instantiating /home/travis/build/icyphy/ptII/ptolemy/actor/lib/test/auto/MatrixCropDouble.xml
6 ms. Memory: 592896K Free: 360907K (61%)
----------------- Invoking toplevel() on ptolemy.moml.MoMLSimpleApplication@f7d1dcf
----------------- Done invoking toplevel() on ptolemy.moml.MoMLSimpleApplication@f7d1dcf
reloadAllAccessors: .MatrixCropDouble

===========================================================================================
----------------- testing Wed Jul 10 22:35:27 UTC 2019 /home/travis/build/icyphy/ptII/ptolemy/actor/lib/test/auto/MatrixCropFix.xml
----------------- Instantiating /home/travis/build/icyphy/ptII/ptolemy/actor/lib/test/auto/MatrixCropFix.xml
3 ms. Memory: 592896K Free: 355787K (60%)
----------------- Invoking toplevel() on ptolemy.moml.MoMLSimpleApplication@7a8bb002
----------------- Done invoking toplevel() on ptolemy.moml.MoMLSimpleApplication@7a8bb002
reloadAllAccessors: .MatrixCropFix

===========================================================================================
----------------- testing Wed Jul 10 22:35:27 UTC 2019 /home/travis/build/icyphy/ptII/ptolemy/actor/lib/test/auto/MatrixCropInt.xml
----------------- Instantiating /home/travis/build/icyphy/ptII/ptolemy/actor/lib/test/auto/MatrixCropInt.xml
5 ms. Memory: 592896K Free: 351171K (59%)
----------------- Invoking toplevel() on ptolemy.moml.MoMLSimpleApplication@6a461f10
----------------- Done invoking toplevel() on ptolemy.moml.MoMLSimpleApplication@6a461f10
reloadAllAccessors: .MatrixCropInt

===========================================================================================
----------------- testing Wed Jul 10 22:35:27 UTC 2019 /home/travis/build/icyphy/ptII/ptolemy/actor/lib/test/auto/MatrixCropLong.xml
----------------- Instantiating /home/travis/build/icyphy/ptII/ptolemy/actor/lib/test/auto/MatrixCropLong.xml
2 ms. Memory: 592896K Free: 346043K (58%)
----------------- Invoking toplevel() on ptolemy.moml.MoMLSimpleApplication@746938d6
----------------- Done invoking toplevel() on ptolemy.moml.MoMLSimpleApplication@746938d6
reloadAllAccessors: .MatrixCropLong

===========================================================================================
----------------- testing Wed Jul 10 22:35:27 UTC 2019 /home/travis/build/icyphy/ptII/ptolemy/actor/lib/test/auto/MatrixToArray.xml
----------------- Instantiating /home/travis/build/icyphy/ptII/ptolemy/actor/lib/test/auto/MatrixToArray.xml
12 ms. Memory: 592896K Free: 331211K (56%)
----------------- Invoking toplevel() on ptolemy.moml.MoMLSimpleApplication@18ec3a77
----------------- Done invoking toplevel() on ptolemy.moml.MoMLSimpleApplication@18ec3a77
reloadAllAccessors: .MatrixToArray

===========================================================================================
----------------- testing Wed Jul 10 22:35:27 UTC 2019 /home/travis/build/icyphy/ptII/ptolemy/actor/lib/test/auto/MaxIndex.xml
----------------- Instantiating /home/travis/build/icyphy/ptII/ptolemy/actor/lib/test/auto/MaxIndex.xml
2 ms. Memory: 592896K Free: 326091K (55%)
----------------- Invoking toplevel() on ptolemy.moml.MoMLSimpleApplication@1babbc83
----------------- Done invoking toplevel() on ptolemy.moml.MoMLSimpleApplication@1babbc83
reloadAllAccessors: .MaxIndex

===========================================================================================
----------------- testing Wed Jul 10 22:35:27 UTC 2019 /home/travis/build/icyphy/ptII/ptolemy/actor/lib/test/auto/Maximum.xml
----------------- Instantiating /home/travis/build/icyphy/ptII/ptolemy/actor/lib/test/auto/Maximum.xml
3 ms. Memory: 592896K Free: 319403K (54%)
----------------- Invoking toplevel() on ptolemy.moml.MoMLSimpleApplication@7297351f
----------------- Done invoking toplevel() on ptolemy.moml.MoMLSimpleApplication@7297351f
reloadAllAccessors: .Maximum

===========================================================================================
----------------- testing Wed Jul 10 22:35:27 UTC 2019 /home/travis/build/icyphy/ptII/ptolemy/actor/lib/test/auto/MaximumComplex.xml
----------------- Instantiating /home/travis/build/icyphy/ptII/ptolemy/actor/lib/test/auto/MaximumComplex.xml
4 ms. Memory: 592896K Free: 313275K (53%)
----------------- Invoking toplevel() on ptolemy.moml.MoMLSimpleApplication@73834efb
----------------- Done invoking toplevel() on ptolemy.moml.MoMLSimpleApplication@73834efb
reloadAllAccessors: .MaximumComplex

===========================================================================================
----------------- testing Wed Jul 10 22:35:27 UTC 2019 /home/travis/build/icyphy/ptII/ptolemy/actor/lib/test/auto/MethodCallTest.xml
----------------- Instantiating /home/travis/build/icyphy/ptII/ptolemy/actor/lib/test/auto/MethodCallTest.xml
2 ms. Memory: 592896K Free: 306635K (52%)
----------------- Invoking toplevel() on ptolemy.moml.MoMLSimpleApplication@59a51016
----------------- Done invoking toplevel() on ptolemy.moml.MoMLSimpleApplication@59a51016
reloadAllAccessors: .MethodCallTest

===========================================================================================
----------------- testing Wed Jul 10 22:35:27 UTC 2019 /home/travis/build/icyphy/ptII/ptolemy/actor/lib/test/auto/Minimum.xml
----------------- Instantiating /home/travis/build/icyphy/ptII/ptolemy/actor/lib/test/auto/Minimum.xml
2 ms. Memory: 592896K Free: 299977K (51%)
----------------- Invoking toplevel() on ptolemy.moml.MoMLSimpleApplication@26d5dbc
----------------- Done invoking toplevel() on ptolemy.moml.MoMLSimpleApplication@26d5dbc
reloadAllAccessors: .Minimum

===========================================================================================
----------------- testing Wed Jul 10 22:35:27 UTC 2019 /home/travis/build/icyphy/ptII/ptolemy/actor/lib/test/auto/MinimumComplex.xml
----------------- Instantiating /home/travis/build/icyphy/ptII/ptolemy/actor/lib/test/auto/MinimumComplex.xml
3 ms. Memory: 592896K Free: 293819K (50%)
----------------- Invoking toplevel() on ptolemy.moml.MoMLSimpleApplication@21f1432f
----------------- Done invoking toplevel() on ptolemy.moml.MoMLSimpleApplication@21f1432f
reloadAllAccessors: .MinimumComplex

===========================================================================================
----------------- testing Wed Jul 10 22:35:27 UTC 2019 /home/travis/build/icyphy/ptII/ptolemy/actor/lib/test/auto/MinimumMultiports.xml
----------------- Instantiating /home/travis/build/icyphy/ptII/ptolemy/actor/lib/test/auto/MinimumMultiports.xml
4 ms. Memory: 592896K Free: 285131K (48%)
----------------- Invoking toplevel() on ptolemy.moml.MoMLSimpleApplication@365b5a8
----------------- Done invoking toplevel() on ptolemy.moml.MoMLSimpleApplication@365b5a8
reloadAllAccessors: .MinimumMultiports

===========================================================================================
----------------- testing Wed Jul 10 22:35:27 UTC 2019 /home/travis/build/icyphy/ptII/ptolemy/actor/lib/test/auto/ModifyDate.xml
----------------- Instantiating /home/travis/build/icyphy/ptII/ptolemy/actor/lib/test/auto/ModifyDate.xml
8 ms. Memory: 592896K Free: 272329K (46%)
----------------- Invoking toplevel() on ptolemy.moml.MoMLSimpleApplication@3f3546a
----------------- Done invoking toplevel() on ptolemy.moml.MoMLSimpleApplication@3f3546a
reloadAllAccessors: .ModifyDate

===========================================================================================
----------------- testing Wed Jul 10 22:35:28 UTC 2019 /home/travis/build/icyphy/ptII/ptolemy/actor/lib/test/auto/ModifyDate2.xml
----------------- Instantiating /home/travis/build/icyphy/ptII/ptolemy/actor/lib/test/auto/ModifyDate2.xml
3 ms. Memory: 592896K Free: 263627K (44%)
----------------- Invoking toplevel() on ptolemy.moml.MoMLSimpleApplication@5cc73ec4
----------------- Done invoking toplevel() on ptolemy.moml.MoMLSimpleApplication@5cc73ec4
reloadAllAccessors: .ModifyDate2

===========================================================================================
----------------- testing Wed Jul 10 22:35:28 UTC 2019 /home/travis/build/icyphy/ptII/ptolemy/actor/lib/test/auto/MovingAverage.xml
----------------- Instantiating /home/travis/build/icyphy/ptII/ptolemy/actor/lib/test/auto/MovingAverage.xml
12 ms. Memory: 592896K Free: 258507K (44%)
----------------- Invoking toplevel() on ptolemy.moml.MoMLSimpleApplication@1aa5a7be
----------------- Done invoking toplevel() on ptolemy.moml.MoMLSimpleApplication@1aa5a7be
reloadAllAccessors: .MovingAverage

===========================================================================================
----------------- testing Wed Jul 10 22:35:28 UTC 2019 /home/travis/build/icyphy/ptII/ptolemy/actor/lib/test/auto/MovingMaximum.xml
----------------- Instantiating /home/travis/build/icyphy/ptII/ptolemy/actor/lib/test/auto/MovingMaximum.xml
1 ms. Memory: 592896K Free: 253897K (43%)
----------------- Invoking toplevel() on ptolemy.moml.MoMLSimpleApplication@5350f8ed
----------------- Done invoking toplevel() on ptolemy.moml.MoMLSimpleApplication@5350f8ed
reloadAllAccessors: .MovingMaximum

===========================================================================================
----------------- testing Wed Jul 10 22:35:28 UTC 2019 /home/travis/build/icyphy/ptII/ptolemy/actor/lib/test/auto/MultipleLinksToSameRelation.xml
----------------- Instantiating /home/travis/build/icyphy/ptII/ptolemy/actor/lib/test/auto/MultipleLinksToSameRelation.xml
2 ms. Memory: 592896K Free: 249801K (42%)
----------------- Invoking toplevel() on ptolemy.moml.MoMLSimpleApplication@3b42a535
----------------- Done invoking toplevel() on ptolemy.moml.MoMLSimpleApplication@3b42a535
reloadAllAccessors: .MultipleLinksToSameRelation

===========================================================================================
----------------- testing Wed Jul 10 22:35:28 UTC 2019 /home/travis/build/icyphy/ptII/ptolemy/actor/lib/test/auto/MultipleLinksToSameRelationDE.xml
----------------- Instantiating /home/travis/build/icyphy/ptII/ptolemy/actor/lib/test/auto/MultipleLinksToSameRelationDE.xml
1 ms. Memory: 592896K Free: 245195K (41%)
----------------- Invoking toplevel() on ptolemy.moml.MoMLSimpleApplication@70531a2d
----------------- Done invoking toplevel() on ptolemy.moml.MoMLSimpleApplication@70531a2d
reloadAllAccessors: .MultipleLinksToSameRelationDE

===========================================================================================
----------------- testing Wed Jul 10 22:35:28 UTC 2019 /home/travis/build/icyphy/ptII/ptolemy/actor/lib/test/auto/Multiplexor.xml
----------------- Instantiating /home/travis/build/icyphy/ptII/ptolemy/actor/lib/test/auto/Multiplexor.xml
2 ms. Memory: 592896K Free: 239561K (40%)
----------------- Invoking toplevel() on ptolemy.moml.MoMLSimpleApplication@584472c4
----------------- Done invoking toplevel() on ptolemy.moml.MoMLSimpleApplication@584472c4
reloadAllAccessors: .Multiplexor

===========================================================================================
----------------- testing Wed Jul 10 22:35:28 UTC 2019 /home/travis/build/icyphy/ptII/ptolemy/actor/lib/test/auto/Multiplexor1.xml
----------------- Instantiating /home/travis/build/icyphy/ptII/ptolemy/actor/lib/test/auto/Multiplexor1.xml
2 ms. Memory: 592896K Free: 233931K (39%)
----------------- Invoking toplevel() on ptolemy.moml.MoMLSimpleApplication@437e466d
----------------- Done invoking toplevel() on ptolemy.moml.MoMLSimpleApplication@437e466d
reloadAllAccessors: .Multiplexor1

===========================================================================================
----------------- testing Wed Jul 10 22:35:28 UTC 2019 /home/travis/build/icyphy/ptII/ptolemy/actor/lib/test/auto/Multiplexor2.xml
----------------- Instantiating /home/travis/build/icyphy/ptII/ptolemy/actor/lib/test/auto/Multiplexor2.xml
6 ms. Memory: 592896K Free: 227273K (38%)
----------------- Invoking toplevel() on ptolemy.moml.MoMLSimpleApplication@2173f1e6
----------------- Done invoking toplevel() on ptolemy.moml.MoMLSimpleApplication@2173f1e6
reloadAllAccessors: .Multiplexor2

===========================================================================================
----------------- testing Wed Jul 10 22:35:28 UTC 2019 /home/travis/build/icyphy/ptII/ptolemy/actor/lib/test/auto/Multiplexor3.xml
----------------- Instantiating /home/travis/build/icyphy/ptII/ptolemy/actor/lib/test/auto/Multiplexor3.xml
2 ms. Memory: 592896K Free: 223177K (38%)
----------------- Invoking toplevel() on ptolemy.moml.MoMLSimpleApplication@11acf52a
----------------- Done invoking toplevel() on ptolemy.moml.MoMLSimpleApplication@11acf52a
reloadAllAccessors: .Multiplexor3

===========================================================================================
----------------- testing Wed Jul 10 22:35:28 UTC 2019 /home/travis/build/icyphy/ptII/ptolemy/actor/lib/test/auto/MultiplexorDE.xml
----------------- Instantiating /home/travis/build/icyphy/ptII/ptolemy/actor/lib/test/auto/MultiplexorDE.xml
2 ms. Memory: 592896K Free: 215499K (36%)
----------------- Invoking toplevel() on ptolemy.moml.MoMLSimpleApplication@22341d5a
----------------- Done invoking toplevel() on ptolemy.moml.MoMLSimpleApplication@22341d5a
reloadAllAccessors: .MultiplexorDE

===========================================================================================
----------------- testing Wed Jul 10 22:35:28 UTC 2019 /home/travis/build/icyphy/ptII/ptolemy/actor/lib/test/auto/MultiportBroadcastTest.xml
----------------- Instantiating /home/travis/build/icyphy/ptII/ptolemy/actor/lib/test/auto/MultiportBroadcastTest.xml
91 ms. Memory: 592896K Free: 209355K (35%)
----------------- Invoking toplevel() on ptolemy.moml.MoMLSimpleApplication@42a9e181
----------------- Done invoking toplevel() on ptolemy.moml.MoMLSimpleApplication@42a9e181
reloadAllAccessors: .MultiportBroadcastTest

===========================================================================================
----------------- testing Wed Jul 10 22:35:28 UTC 2019 /home/travis/build/icyphy/ptII/ptolemy/actor/lib/test/auto/MultiportOutHangDuringGetWidth.xml
----------------- Instantiating /home/travis/build/icyphy/ptII/ptolemy/actor/lib/test/auto/MultiportOutHangDuringGetWidth.xml
6 ms. Memory: 592896K Free: 197067K (33%)
----------------- Invoking toplevel() on ptolemy.moml.MoMLSimpleApplication@77a5d7f
----------------- Done invoking toplevel() on ptolemy.moml.MoMLSimpleApplication@77a5d7f
reloadAllAccessors: .MultiportOutHangDuringGetWidth

===========================================================================================
----------------- testing Wed Jul 10 22:35:28 UTC 2019 /home/travis/build/icyphy/ptII/ptolemy/actor/lib/test/auto/NilToken.xml
----------------- Instantiating /home/travis/build/icyphy/ptII/ptolemy/actor/lib/test/auto/NilToken.xml
1 ms. Memory: 592896K Free: 192971K (33%)
----------------- Invoking toplevel() on ptolemy.moml.MoMLSimpleApplication@37f0da0e
----------------- Done invoking toplevel() on ptolemy.moml.MoMLSimpleApplication@37f0da0e
reloadAllAccessors: .NilToken

===========================================================================================
----------------- testing Wed Jul 10 22:35:28 UTC 2019 /home/travis/build/icyphy/ptII/ptolemy/actor/lib/test/auto/NilTokenNonStrictTest.xml
----------------- Instantiating /home/travis/build/icyphy/ptII/ptolemy/actor/lib/test/auto/NilTokenNonStrictTest.xml
2 ms. Memory: 592896K Free: 540333K (91%)
----------------- Invoking toplevel() on ptolemy.moml.MoMLSimpleApplication@7f19954c
----------------- Done invoking toplevel() on ptolemy.moml.MoMLSimpleApplication@7f19954c
reloadAllAccessors: .NilTokenNonStrictTest

===========================================================================================
----------------- testing Wed Jul 10 22:35:28 UTC 2019 /home/travis/build/icyphy/ptII/ptolemy/actor/lib/test/auto/NilTokenRecord.xml
----------------- Instantiating /home/travis/build/icyphy/ptII/ptolemy/actor/lib/test/auto/NilTokenRecord.xml
5 ms. Memory: 592896K Free: 533165K (90%)
----------------- Invoking toplevel() on ptolemy.moml.MoMLSimpleApplication@fd09669
----------------- Done invoking toplevel() on ptolemy.moml.MoMLSimpleApplication@fd09669
reloadAllAccessors: .NilTokenRecord

===========================================================================================
----------------- testing Wed Jul 10 22:35:28 UTC 2019 /home/travis/build/icyphy/ptII/ptolemy/actor/lib/test/auto/NilTokenTypeTest.xml
----------------- Instantiating /home/travis/build/icyphy/ptII/ptolemy/actor/lib/test/auto/NilTokenTypeTest.xml
11 ms. Memory: 592896K Free: 523439K (88%)
----------------- Invoking toplevel() on ptolemy.moml.MoMLSimpleApplication@6be26657
----------------- Done invoking toplevel() on ptolemy.moml.MoMLSimpleApplication@6be26657
reloadAllAccessors: .NilTokenTypeTest

===========================================================================================
----------------- testing Wed Jul 10 22:35:28 UTC 2019 /home/travis/build/icyphy/ptII/ptolemy/actor/lib/test/auto/ObjectToken1.xml
----------------- Instantiating /home/travis/build/icyphy/ptII/ptolemy/actor/lib/test/auto/ObjectToken1.xml
2 ms. Memory: 592896K Free: 519343K (88%)
----------------- Invoking toplevel() on ptolemy.moml.MoMLSimpleApplication@2e02f0db
----------------- Done invoking toplevel() on ptolemy.moml.MoMLSimpleApplication@2e02f0db
reloadAllAccessors: .ObjectToken1

===========================================================================================
----------------- testing Wed Jul 10 22:35:28 UTC 2019 /home/travis/build/icyphy/ptII/ptolemy/actor/lib/test/auto/OrderedMerge.xml
----------------- Instantiating /home/travis/build/icyphy/ptII/ptolemy/actor/lib/test/auto/OrderedMerge.xml
13 ms. Memory: 592896K Free: 513709K (87%)
----------------- Invoking toplevel() on ptolemy.moml.MoMLSimpleApplication@5a4037d9
----------------- Done invoking toplevel() on ptolemy.moml.MoMLSimpleApplication@5a4037d9
reloadAllAccessors: .OrderedMerge

===========================================================================================
----------------- testing Wed Jul 10 22:35:28 UTC 2019 /home/travis/build/icyphy/ptII/ptolemy/actor/lib/test/auto/OrderedRecordDisassembler.xml
----------------- Instantiating /home/travis/build/icyphy/ptII/ptolemy/actor/lib/test/auto/OrderedRecordDisassembler.xml
3 ms. Memory: 592896K Free: 508575K (86%)
----------------- Invoking toplevel() on ptolemy.moml.MoMLSimpleApplication@55daf5c9
----------------- Done invoking toplevel() on ptolemy.moml.MoMLSimpleApplication@55daf5c9
reloadAllAccessors: .OrderedRecordDisassembler

===========================================================================================
----------------- testing Wed Jul 10 22:35:28 UTC 2019 /home/travis/build/icyphy/ptII/ptolemy/actor/lib/test/auto/OrderedRecordDisassembler2.xml
----------------- Instantiating /home/travis/build/icyphy/ptII/ptolemy/actor/lib/test/auto/OrderedRecordDisassembler2.xml
4 ms. Memory: 592896K Free: 500911K (84%)
----------------- Invoking toplevel() on ptolemy.moml.MoMLSimpleApplication@2d14553c
----------------- Done invoking toplevel() on ptolemy.moml.MoMLSimpleApplication@2d14553c
reloadAllAccessors: .OrderedRecordDisassembler2

===========================================================================================
----------------- testing Wed Jul 10 22:35:28 UTC 2019 /home/travis/build/icyphy/ptII/ptolemy/actor/lib/test/auto/OrderedRecordUpdater.xml
----------------- Instantiating /home/travis/build/icyphy/ptII/ptolemy/actor/lib/test/auto/OrderedRecordUpdater.xml
2 ms. Memory: 592896K Free: 495791K (84%)
----------------- Invoking toplevel() on ptolemy.moml.MoMLSimpleApplication@5186a77d
----------------- Done invoking toplevel() on ptolemy.moml.MoMLSimpleApplication@5186a77d
reloadAllAccessors: .RecordUpdater

===========================================================================================
----------------- testing Wed Jul 10 22:35:28 UTC 2019 /home/travis/build/icyphy/ptII/ptolemy/actor/lib/test/auto/OrderedRecordUpdater2.xml
----------------- Instantiating /home/travis/build/icyphy/ptII/ptolemy/actor/lib/test/auto/OrderedRecordUpdater2.xml
3 ms. Memory: 592896K Free: 491181K (83%)
----------------- Invoking toplevel() on ptolemy.moml.MoMLSimpleApplication@63907958
----------------- Done invoking toplevel() on ptolemy.moml.MoMLSimpleApplication@63907958
reloadAllAccessors: .RecordUpdater2

===========================================================================================
----------------- testing Wed Jul 10 22:35:28 UTC 2019 /home/travis/build/icyphy/ptII/ptolemy/actor/lib/test/auto/PhaseUnwrap.xml
----------------- Instantiating /home/travis/build/icyphy/ptII/ptolemy/actor/lib/test/auto/PhaseUnwrap.xml
1 ms. Memory: 592896K Free: 486575K (82%)
----------------- Invoking toplevel() on ptolemy.moml.MoMLSimpleApplication@af1dbc6
----------------- Done invoking toplevel() on ptolemy.moml.MoMLSimpleApplication@af1dbc6
reloadAllAccessors: .PhaseUnwrap

===========================================================================================
----------------- testing Wed Jul 10 22:35:28 UTC 2019 /home/travis/build/icyphy/ptII/ptolemy/actor/lib/test/auto/PoissonClock.xml
----------------- Instantiating /home/travis/build/icyphy/ptII/ptolemy/actor/lib/test/auto/PoissonClock.xml
1 ms. Memory: 592896K Free: 482479K (81%)
----------------- Invoking toplevel() on ptolemy.moml.MoMLSimpleApplication@336c2855
----------------- Done invoking toplevel() on ptolemy.moml.MoMLSimpleApplication@336c2855
reloadAllAccessors: .PoissonClock

===========================================================================================
----------------- testing Wed Jul 10 22:35:28 UTC 2019 /home/travis/build/icyphy/ptII/ptolemy/actor/lib/test/auto/PoissonClock2.xml
----------------- Instantiating /home/travis/build/icyphy/ptII/ptolemy/actor/lib/test/auto/PoissonClock2.xml
1 ms. Memory: 592896K Free: 477869K (81%)
----------------- Invoking toplevel() on ptolemy.moml.MoMLSimpleApplication@3772d7af
----------------- Done invoking toplevel() on ptolemy.moml.MoMLSimpleApplication@3772d7af
reloadAllAccessors: .PoissonClock2

===========================================================================================
----------------- testing Wed Jul 10 22:35:28 UTC 2019 /home/travis/build/icyphy/ptII/ptolemy/actor/lib/test/auto/PoissonClock3.xml
----------------- Instantiating /home/travis/build/icyphy/ptII/ptolemy/actor/lib/test/auto/PoissonClock3.xml
2 ms. Memory: 592896K Free: 473263K (80%)
----------------- Invoking toplevel() on ptolemy.moml.MoMLSimpleApplication@7bb7868c
----------------- Done invoking toplevel() on ptolemy.moml.MoMLSimpleApplication@7bb7868c
reloadAllAccessors: .PoissonClock3

===========================================================================================
----------------- testing Wed Jul 10 22:35:28 UTC 2019 /home/travis/build/icyphy/ptII/ptolemy/actor/lib/test/auto/PubSubWithInitialTokens.xml
----------------- Instantiating /home/travis/build/icyphy/ptII/ptolemy/actor/lib/test/auto/PubSubWithInitialTokens.xml
2 ms. Memory: 592896K Free: 467623K (79%)
----------------- Invoking toplevel() on ptolemy.moml.MoMLSimpleApplication@143834b6
----------------- Done invoking toplevel() on ptolemy.moml.MoMLSimpleApplication@143834b6
reloadAllAccessors: .PubSubWithInitialTokens

===========================================================================================
----------------- testing Wed Jul 10 22:35:28 UTC 2019 /home/travis/build/icyphy/ptII/ptolemy/actor/lib/test/auto/PubSubWithInitialTokens2.xml
----------------- Instantiating /home/travis/build/icyphy/ptII/ptolemy/actor/lib/test/auto/PubSubWithInitialTokens2.xml
2 ms. Memory: 592896K Free: 461471K (78%)
----------------- Invoking toplevel() on ptolemy.moml.MoMLSimpleApplication@3f557a73
----------------- Done invoking toplevel() on ptolemy.moml.MoMLSimpleApplication@3f557a73
reloadAllAccessors: .PubSubWithInitialTokens2

===========================================================================================
----------------- testing Wed Jul 10 22:35:28 UTC 2019 /home/travis/build/icyphy/ptII/ptolemy/actor/lib/test/auto/PublisherClassNoParameter.xml
----------------- Instantiating /home/travis/build/icyphy/ptII/ptolemy/actor/lib/test/auto/PublisherClassNoParameter.xml
2 ms. Memory: 592896K Free: 452269K (76%)
----------------- Invoking toplevel() on ptolemy.moml.MoMLSimpleApplication@35e1f409
----------------- Done invoking toplevel() on ptolemy.moml.MoMLSimpleApplication@35e1f409
reloadAllAccessors: .PublisherClassNoParameter

===========================================================================================
----------------- testing Wed Jul 10 22:35:28 UTC 2019 /home/travis/build/icyphy/ptII/ptolemy/actor/lib/test/auto/PublisherClassParameter.xml
----------------- Instantiating /home/travis/build/icyphy/ptII/ptolemy/actor/lib/test/auto/PublisherClassParameter.xml
3 ms. Memory: 592896K Free: 442015K (75%)
----------------- Invoking toplevel() on ptolemy.moml.MoMLSimpleApplication@61b2502b
----------------- Done invoking toplevel() on ptolemy.moml.MoMLSimpleApplication@61b2502b
reloadAllAccessors: .PublisherClassParameter

===========================================================================================
----------------- testing Wed Jul 10 22:35:28 UTC 2019 /home/travis/build/icyphy/ptII/ptolemy/actor/lib/test/auto/PublisherNonStrictTest.xml
----------------- Instantiating /home/travis/build/icyphy/ptII/ptolemy/actor/lib/test/auto/PublisherNonStrictTest.xml
3 ms. Memory: 592896K Free: 434351K (73%)
----------------- Invoking toplevel() on ptolemy.moml.MoMLSimpleApplication@491f4546
----------------- Done invoking toplevel() on ptolemy.moml.MoMLSimpleApplication@491f4546
reloadAllAccessors: .PublisherNonStrictTest

===========================================================================================
----------------- testing Wed Jul 10 22:35:28 UTC 2019 /home/travis/build/icyphy/ptII/ptolemy/actor/lib/test/auto/PublisherPort1.xml
----------------- Instantiating /home/travis/build/icyphy/ptII/ptolemy/actor/lib/test/auto/PublisherPort1.xml
15 ms. Memory: 592896K Free: 428686K (72%)
----------------- Invoking toplevel() on ptolemy.moml.MoMLSimpleApplication@1c496d49
----------------- Done invoking toplevel() on ptolemy.moml.MoMLSimpleApplication@1c496d49
reloadAllAccessors: .PublisherPort1

===========================================================================================
----------------- testing Wed Jul 10 22:35:28 UTC 2019 /home/travis/build/icyphy/ptII/ptolemy/actor/lib/test/auto/PublisherPort2.xml
----------------- Instantiating /home/travis/build/icyphy/ptII/ptolemy/actor/lib/test/auto/PublisherPort2.xml
2 ms. Memory: 592896K Free: 423087K (71%)
----------------- Invoking toplevel() on ptolemy.moml.MoMLSimpleApplication@2b8c6690
----------------- Done invoking toplevel() on ptolemy.moml.MoMLSimpleApplication@2b8c6690
reloadAllAccessors: .PublisherPort2

===========================================================================================
----------------- testing Wed Jul 10 22:35:28 UTC 2019 /home/travis/build/icyphy/ptII/ptolemy/actor/lib/test/auto/PublisherPort3.xml
----------------- Instantiating /home/travis/build/icyphy/ptII/ptolemy/actor/lib/test/auto/PublisherPort3.xml
3 ms. Memory: 592896K Free: 416398K (70%)
----------------- Invoking toplevel() on ptolemy.moml.MoMLSimpleApplication@4b45f19b
----------------- Done invoking toplevel() on ptolemy.moml.MoMLSimpleApplication@4b45f19b
reloadAllAccessors: .PublisherPort3

===========================================================================================
----------------- testing Wed Jul 10 22:35:28 UTC 2019 /home/travis/build/icyphy/ptII/ptolemy/actor/lib/test/auto/PublisherPort4.xml
----------------- Instantiating /home/travis/build/icyphy/ptII/ptolemy/actor/lib/test/auto/PublisherPort4.xml
2 ms. Memory: 592896K Free: 410799K (69%)
----------------- Invoking toplevel() on ptolemy.moml.MoMLSimpleApplication@1e87544e
----------------- Done invoking toplevel() on ptolemy.moml.MoMLSimpleApplication@1e87544e
reloadAllAccessors: .PublisherPort4

===========================================================================================
----------------- testing Wed Jul 10 22:35:28 UTC 2019 /home/travis/build/icyphy/ptII/ptolemy/actor/lib/test/auto/PublisherPort5.xml
----------------- Instantiating /home/travis/build/icyphy/ptII/ptolemy/actor/lib/test/auto/PublisherPort5.xml
4 ms. Memory: 592896K Free: 403117K (68%)
----------------- Invoking toplevel() on ptolemy.moml.MoMLSimpleApplication@43a2c07f
----------------- Done invoking toplevel() on ptolemy.moml.MoMLSimpleApplication@43a2c07f
reloadAllAccessors: .PublisherPort5

===========================================================================================
----------------- testing Wed Jul 10 22:35:28 UTC 2019 /home/travis/build/icyphy/ptII/ptolemy/actor/lib/test/auto/PublisherPort5LookAlike.xml
----------------- Instantiating /home/travis/build/icyphy/ptII/ptolemy/actor/lib/test/auto/PublisherPort5LookAlike.xml
7 ms. Memory: 592896K Free: 395439K (67%)
----------------- Invoking toplevel() on ptolemy.moml.MoMLSimpleApplication@73d5785c
----------------- Done invoking toplevel() on ptolemy.moml.MoMLSimpleApplication@73d5785c
reloadAllAccessors: .PublisherPort5LookAlike

===========================================================================================
----------------- testing Wed Jul 10 22:35:28 UTC 2019 /home/travis/build/icyphy/ptII/ptolemy/actor/lib/test/auto/PublisherPort6.xml
----------------- Instantiating /home/travis/build/icyphy/ptII/ptolemy/actor/lib/test/auto/PublisherPort6.xml
2 ms. Memory: 592896K Free: 388767K (66%)
----------------- Invoking toplevel() on ptolemy.moml.MoMLSimpleApplication@6f88da80
----------------- Done invoking toplevel() on ptolemy.moml.MoMLSimpleApplication@6f88da80
reloadAllAccessors: .PublisherPort6

===========================================================================================
----------------- testing Wed Jul 10 22:35:28 UTC 2019 /home/travis/build/icyphy/ptII/ptolemy/actor/lib/test/auto/PublisherPort7.xml
----------------- Instantiating /home/travis/build/icyphy/ptII/ptolemy/actor/lib/test/auto/PublisherPort7.xml
3 ms. Memory: 592896K Free: 381103K (64%)
----------------- Invoking toplevel() on ptolemy.moml.MoMLSimpleApplication@57f42545
----------------- Done invoking toplevel() on ptolemy.moml.MoMLSimpleApplication@57f42545
reloadAllAccessors: .PublisherPort7

===========================================================================================
----------------- testing Wed Jul 10 22:35:28 UTC 2019 /home/travis/build/icyphy/ptII/ptolemy/actor/lib/test/auto/PublisherPort8.xml
----------------- Instantiating /home/travis/build/icyphy/ptII/ptolemy/actor/lib/test/auto/PublisherPort8.xml
4 ms. Memory: 592896K Free: 372397K (63%)
----------------- Invoking toplevel() on ptolemy.moml.MoMLSimpleApplication@47266914
----------------- Done invoking toplevel() on ptolemy.moml.MoMLSimpleApplication@47266914
reloadAllAccessors: .PublisherPort8

===========================================================================================
----------------- testing Wed Jul 10 22:35:28 UTC 2019 /home/travis/build/icyphy/ptII/ptolemy/actor/lib/test/auto/PublisherPortSubscriberChannelVariablesAOC2.xml
----------------- Instantiating /home/travis/build/icyphy/ptII/ptolemy/actor/lib/test/auto/PublisherPortSubscriberChannelVariablesAOC2.xml
3 ms. Memory: 592896K Free: 354479K (60%)
----------------- Invoking toplevel() on ptolemy.moml.MoMLSimpleApplication@212f8d81
----------------- Done invoking toplevel() on ptolemy.moml.MoMLSimpleApplication@212f8d81
reloadAllAccessors: .PublisherPortSubscriberChannelVariablesAOC2

===========================================================================================
----------------- testing Wed Jul 10 22:35:28 UTC 2019 /home/travis/build/icyphy/ptII/ptolemy/actor/lib/test/auto/PublisherPortSubscriberOpaqueWidthInference.xml
----------------- Instantiating /home/travis/build/icyphy/ptII/ptolemy/actor/lib/test/auto/PublisherPortSubscriberOpaqueWidthInference.xml
3 ms. Memory: 592896K Free: 346287K (58%)
----------------- Invoking toplevel() on ptolemy.moml.MoMLSimpleApplication@136868c7
----------------- Done invoking toplevel() on ptolemy.moml.MoMLSimpleApplication@136868c7
reloadAllAccessors: .PublisherPortSubscriberOpaqueWidthInference

===========================================================================================
----------------- testing Wed Jul 10 22:35:28 UTC 2019 /home/travis/build/icyphy/ptII/ptolemy/actor/lib/test/auto/PublisherPortSubscriberPortAdjacent.xml
----------------- Instantiating /home/travis/build/icyphy/ptII/ptolemy/actor/lib/test/auto/PublisherPortSubscriberPortAdjacent.xml
1 ms. Memory: 592896K Free: 338095K (57%)
----------------- Invoking toplevel() on ptolemy.moml.MoMLSimpleApplication@5a280bd1
----------------- Done invoking toplevel() on ptolemy.moml.MoMLSimpleApplication@5a280bd1
reloadAllAccessors: .PublisherPortSubscriberPortAdjacent

===========================================================================================
----------------- testing Wed Jul 10 22:35:29 UTC 2019 /home/travis/build/icyphy/ptII/ptolemy/actor/lib/test/auto/PublisherPortSubscriberPortExpression.xml
----------------- Instantiating /home/travis/build/icyphy/ptII/ptolemy/actor/lib/test/auto/PublisherPortSubscriberPortExpression.xml
4 ms. Memory: 592896K Free: 330399K (56%)
----------------- Invoking toplevel() on ptolemy.moml.MoMLSimpleApplication@45f208d0
----------------- Done invoking toplevel() on ptolemy.moml.MoMLSimpleApplication@45f208d0
reloadAllAccessors: .PublisherPortSubscriberPortExpression

===========================================================================================
----------------- testing Wed Jul 10 22:35:29 UTC 2019 /home/travis/build/icyphy/ptII/ptolemy/actor/lib/test/auto/PublisherPortSubscriberPortOpaqueD3Reverse.xml
----------------- Instantiating /home/travis/build/icyphy/ptII/ptolemy/actor/lib/test/auto/PublisherPortSubscriberPortOpaqueD3Reverse.xml
11 ms. Memory: 592896K Free: 320173K (54%)
----------------- Invoking toplevel() on ptolemy.moml.MoMLSimpleApplication@3a8ba236
----------------- Done invoking toplevel() on ptolemy.moml.MoMLSimpleApplication@3a8ba236
reloadAllAccessors: .PublisherPortSubscriberPortOpaqueD3Reverse

===========================================================================================
----------------- testing Wed Jul 10 22:35:29 UTC 2019 /home/travis/build/icyphy/ptII/ptolemy/actor/lib/test/auto/PublisherPortSubscriberPortOpaqueWidthInference.xml
----------------- Instantiating /home/travis/build/icyphy/ptII/ptolemy/actor/lib/test/auto/PublisherPortSubscriberPortOpaqueWidthInference.xml
6 ms. Memory: 592896K Free: 312495K (53%)
----------------- Invoking toplevel() on ptolemy.moml.MoMLSimpleApplication@c94a5c5
----------------- Done invoking toplevel() on ptolemy.moml.MoMLSimpleApplication@c94a5c5
reloadAllAccessors: .PublisherPortSubscriberPortOpaqueWidthInference

===========================================================================================
----------------- testing Wed Jul 10 22:35:29 UTC 2019 /home/travis/build/icyphy/ptII/ptolemy/actor/lib/test/auto/PublisherPortToplevelSubscriberPortAOC.xml
----------------- Instantiating /home/travis/build/icyphy/ptII/ptolemy/actor/lib/test/auto/PublisherPortToplevelSubscriberPortAOC.xml
.PublisherPortToplevelSubscriberPortAOC.TestExceptionAttribute: initialize() was not invoked, but wrapup() was.  This is unusual, but not always a problem.  For example, exporting JNLP will do this.
2 ms. Memory: 592896K Free: 306861K (52%)
----------------- Invoking toplevel() on ptolemy.moml.MoMLSimpleApplication@7f192c7f
----------------- Done invoking toplevel() on ptolemy.moml.MoMLSimpleApplication@7f192c7f
reloadAllAccessors: .PublisherPortToplevelSubscriberPortAOC

===========================================================================================
----------------- testing Wed Jul 10 22:35:29 UTC 2019 /home/travis/build/icyphy/ptII/ptolemy/actor/lib/test/auto/PublisherSubscriber.xml
----------------- Instantiating /home/travis/build/icyphy/ptII/ptolemy/actor/lib/test/auto/PublisherSubscriber.xml
3 ms. Memory: 592896K Free: 299662K (51%)
----------------- Invoking toplevel() on ptolemy.moml.MoMLSimpleApplication@7bf727b8
----------------- Done invoking toplevel() on ptolemy.moml.MoMLSimpleApplication@7bf727b8
reloadAllAccessors: .PublisherSubscriber

===========================================================================================
----------------- testing Wed Jul 10 22:35:29 UTC 2019 /home/travis/build/icyphy/ptII/ptolemy/actor/lib/test/auto/PublisherSubscriber10.xml
----------------- Instantiating /home/travis/build/icyphy/ptII/ptolemy/actor/lib/test/auto/PublisherSubscriber10.xml
8 ms. Memory: 592896K Free: 289967K (49%)
----------------- Invoking toplevel() on ptolemy.moml.MoMLSimpleApplication@5aa668e6
----------------- Done invoking toplevel() on ptolemy.moml.MoMLSimpleApplication@5aa668e6
reloadAllAccessors: .PublisherSubscriber10

===========================================================================================
----------------- testing Wed Jul 10 22:35:29 UTC 2019 /home/travis/build/icyphy/ptII/ptolemy/actor/lib/test/auto/PublisherSubscriber10InitialOutputs.xml
----------------- Instantiating /home/travis/build/icyphy/ptII/ptolemy/actor/lib/test/auto/PublisherSubscriber10InitialOutputs.xml
16 ms. Memory: 592896K Free: 280751K (47%)
----------------- Invoking toplevel() on ptolemy.moml.MoMLSimpleApplication@1eee4b17
----------------- Done invoking toplevel() on ptolemy.moml.MoMLSimpleApplication@1eee4b17
reloadAllAccessors: .PublisherSubscriber10InitialOutputs

===========================================================================================
----------------- testing Wed Jul 10 22:35:29 UTC 2019 /home/travis/build/icyphy/ptII/ptolemy/actor/lib/test/auto/PublisherSubscriber11.xml
----------------- Instantiating /home/travis/build/icyphy/ptII/ptolemy/actor/lib/test/auto/PublisherSubscriber11.xml
4 ms. Memory: 592896K Free: 274062K (46%)
----------------- Invoking toplevel() on ptolemy.moml.MoMLSimpleApplication@5de9b147
----------------- Done invoking toplevel() on ptolemy.moml.MoMLSimpleApplication@5de9b147
reloadAllAccessors: .PublisherSubscriber11

===========================================================================================
----------------- testing Wed Jul 10 22:35:29 UTC 2019 /home/travis/build/icyphy/ptII/ptolemy/actor/lib/test/auto/PublisherSubscriber12.xml
----------------- Instantiating /home/travis/build/icyphy/ptII/ptolemy/actor/lib/test/auto/PublisherSubscriber12.xml
5 ms. Memory: 592896K Free: 267439K (45%)
----------------- Invoking toplevel() on ptolemy.moml.MoMLSimpleApplication@361de633
----------------- Done invoking toplevel() on ptolemy.moml.MoMLSimpleApplication@361de633
reloadAllAccessors: .PublisherSubscriber12

===========================================================================================
----------------- testing Wed Jul 10 22:35:29 UTC 2019 /home/travis/build/icyphy/ptII/ptolemy/actor/lib/test/auto/PublisherSubscriber13.xml
----------------- Instantiating /home/travis/build/icyphy/ptII/ptolemy/actor/lib/test/auto/PublisherSubscriber13.xml
2 ms. Memory: 592896K Free: 261791K (44%)
----------------- Invoking toplevel() on ptolemy.moml.MoMLSimpleApplication@22ccc9e5
----------------- Done invoking toplevel() on ptolemy.moml.MoMLSimpleApplication@22ccc9e5
reloadAllAccessors: .PublisherSubscriber13

===========================================================================================
----------------- testing Wed Jul 10 22:35:29 UTC 2019 /home/travis/build/icyphy/ptII/ptolemy/actor/lib/test/auto/PublisherSubscriber14.xml
----------------- Instantiating /home/travis/build/icyphy/ptII/ptolemy/actor/lib/test/auto/PublisherSubscriber14.xml
2 ms. Memory: 592896K Free: 253103K (43%)
----------------- Invoking toplevel() on ptolemy.moml.MoMLSimpleApplication@43f82ac5
----------------- Done invoking toplevel() on ptolemy.moml.MoMLSimpleApplication@43f82ac5
reloadAllAccessors: .PublisherSubscriber14

===========================================================================================
----------------- testing Wed Jul 10 22:35:29 UTC 2019 /home/travis/build/icyphy/ptII/ptolemy/actor/lib/test/auto/PublisherSubscriber2.xml
----------------- Instantiating /home/travis/build/icyphy/ptII/ptolemy/actor/lib/test/auto/PublisherSubscriber2.xml
3 ms. Memory: 592896K Free: 247455K (42%)
----------------- Invoking toplevel() on ptolemy.moml.MoMLSimpleApplication@61e05229
----------------- Done invoking toplevel() on ptolemy.moml.MoMLSimpleApplication@61e05229
reloadAllAccessors: .PublisherSubscriber2

===========================================================================================
----------------- testing Wed Jul 10 22:35:29 UTC 2019 /home/travis/build/icyphy/ptII/ptolemy/actor/lib/test/auto/PublisherSubscriber3.xml
----------------- Instantiating /home/travis/build/icyphy/ptII/ptolemy/actor/lib/test/auto/PublisherSubscriber3.xml
2 ms. Memory: 592896K Free: 241839K (41%)
----------------- Invoking toplevel() on ptolemy.moml.MoMLSimpleApplication@2c3a0f0b
----------------- Done invoking toplevel() on ptolemy.moml.MoMLSimpleApplication@2c3a0f0b
reloadAllAccessors: .PublisherSubscriber3

===========================================================================================
----------------- testing Wed Jul 10 22:35:29 UTC 2019 /home/travis/build/icyphy/ptII/ptolemy/actor/lib/test/auto/PublisherSubscriber4.xml
----------------- Instantiating /home/travis/build/icyphy/ptII/ptolemy/actor/lib/test/auto/PublisherSubscriber4.xml
2 ms. Memory: 592896K Free: 236719K (40%)
----------------- Invoking toplevel() on ptolemy.moml.MoMLSimpleApplication@42b76140
----------------- Done invoking toplevel() on ptolemy.moml.MoMLSimpleApplication@42b76140
reloadAllAccessors: .PublisherSubscriber4

===========================================================================================
----------------- testing Wed Jul 10 22:35:29 UTC 2019 /home/travis/build/icyphy/ptII/ptolemy/actor/lib/test/auto/PublisherSubscriber5.xml
----------------- Instantiating /home/travis/build/icyphy/ptII/ptolemy/actor/lib/test/auto/PublisherSubscriber5.xml
3 ms. Memory: 592896K Free: 230061K (39%)
----------------- Invoking toplevel() on ptolemy.moml.MoMLSimpleApplication@57d65d0f
----------------- Done invoking toplevel() on ptolemy.moml.MoMLSimpleApplication@57d65d0f
reloadAllAccessors: .PublisherSubscriber5

===========================================================================================
----------------- testing Wed Jul 10 22:35:29 UTC 2019 /home/travis/build/icyphy/ptII/ptolemy/actor/lib/test/auto/PublisherSubscriber6.xml
----------------- Instantiating /home/travis/build/icyphy/ptII/ptolemy/actor/lib/test/auto/PublisherSubscriber6.xml
4 ms. Memory: 592896K Free: 222887K (38%)
----------------- Invoking toplevel() on ptolemy.moml.MoMLSimpleApplication@24aa67
----------------- Done invoking toplevel() on ptolemy.moml.MoMLSimpleApplication@24aa67
reloadAllAccessors: .PublisherSubscriber6

===========================================================================================
----------------- testing Wed Jul 10 22:35:29 UTC 2019 /home/travis/build/icyphy/ptII/ptolemy/actor/lib/test/auto/PublisherSubscriber7.xml
----------------- Instantiating /home/travis/build/icyphy/ptII/ptolemy/actor/lib/test/auto/PublisherSubscriber7.xml
7 ms. Memory: 592896K Free: 216239K (36%)
----------------- Invoking toplevel() on ptolemy.moml.MoMLSimpleApplication@6d4408df
----------------- Done invoking toplevel() on ptolemy.moml.MoMLSimpleApplication@6d4408df
reloadAllAccessors: .PublisherSubscriber7

===========================================================================================
----------------- testing Wed Jul 10 22:35:29 UTC 2019 /home/travis/build/icyphy/ptII/ptolemy/actor/lib/test/auto/PublisherSubscriber8.xml
----------------- Instantiating /home/travis/build/icyphy/ptII/ptolemy/actor/lib/test/auto/PublisherSubscriber8.xml
18 ms. Memory: 592896K Free: 204461K (34%)
----------------- Invoking toplevel() on ptolemy.moml.MoMLSimpleApplication@7026e675
----------------- Done invoking toplevel() on ptolemy.moml.MoMLSimpleApplication@7026e675
reloadAllAccessors: .PublisherSubscriber8

===========================================================================================
----------------- testing Wed Jul 10 22:35:29 UTC 2019 /home/travis/build/icyphy/ptII/ptolemy/actor/lib/test/auto/PublisherSubscriber9.xml
----------------- Instantiating /home/travis/build/icyphy/ptII/ptolemy/actor/lib/test/auto/PublisherSubscriber9.xml
4 ms. Memory: 592896K Free: 197293K (33%)
----------------- Invoking toplevel() on ptolemy.moml.MoMLSimpleApplication@1cd16516
----------------- Done invoking toplevel() on ptolemy.moml.MoMLSimpleApplication@1cd16516
reloadAllAccessors: .PublisherSubscriber9

===========================================================================================
----------------- testing Wed Jul 10 22:35:29 UTC 2019 /home/travis/build/icyphy/ptII/ptolemy/actor/lib/test/auto/PublisherSubscriberAdjacent.xml
----------------- Instantiating /home/travis/build/icyphy/ptII/ptolemy/actor/lib/test/auto/PublisherSubscriberAdjacent.xml
1 ms. Memory: 592896K Free: 541268K (91%)
----------------- Invoking toplevel() on ptolemy.moml.MoMLSimpleApplication@790c16d1
----------------- Done invoking toplevel() on ptolemy.moml.MoMLSimpleApplication@790c16d1
reloadAllAccessors: .PublisherSubscriberAdjacent

===========================================================================================
----------------- testing Wed Jul 10 22:35:29 UTC 2019 /home/travis/build/icyphy/ptII/ptolemy/actor/lib/test/auto/PublisherSubscriberChannelVariablesAOC2.xml
----------------- Instantiating /home/travis/build/icyphy/ptII/ptolemy/actor/lib/test/auto/PublisherSubscriberChannelVariablesAOC2.xml
3 ms. Memory: 592896K Free: 525412K (89%)
----------------- Invoking toplevel() on ptolemy.moml.MoMLSimpleApplication@5d068ba8
----------------- Done invoking toplevel() on ptolemy.moml.MoMLSimpleApplication@5d068ba8
reloadAllAccessors: .PublisherSubscriberChannelVariablesAOC2

===========================================================================================
----------------- testing Wed Jul 10 22:35:29 UTC 2019 /home/travis/build/icyphy/ptII/ptolemy/actor/lib/test/auto/PublisherSubscriberD3.xml
----------------- Instantiating /home/travis/build/icyphy/ptII/ptolemy/actor/lib/test/auto/PublisherSubscriberD3.xml
1 ms. Memory: 592896K Free: 518244K (87%)
----------------- Invoking toplevel() on ptolemy.moml.MoMLSimpleApplication@41ecd89c
----------------- Done invoking toplevel() on ptolemy.moml.MoMLSimpleApplication@41ecd89c
reloadAllAccessors: .PublisherSubscriberD3

===========================================================================================
----------------- testing Wed Jul 10 22:35:29 UTC 2019 /home/travis/build/icyphy/ptII/ptolemy/actor/lib/test/auto/PublisherSubscriberD3Reverse.xml
----------------- Instantiating /home/travis/build/icyphy/ptII/ptolemy/actor/lib/test/auto/PublisherSubscriberD3Reverse.xml
1 ms. Memory: 592896K Free: 512100K (86%)
----------------- Invoking toplevel() on ptolemy.moml.MoMLSimpleApplication@52f8b183
----------------- Done invoking toplevel() on ptolemy.moml.MoMLSimpleApplication@52f8b183
reloadAllAccessors: .PublisherSubscriberD3Reverse

===========================================================================================
----------------- testing Wed Jul 10 22:35:29 UTC 2019 /home/travis/build/icyphy/ptII/ptolemy/actor/lib/test/auto/PublisherSubscriberExpression.xml
----------------- Instantiating /home/travis/build/icyphy/ptII/ptolemy/actor/lib/test/auto/PublisherSubscriberExpression.xml
7 ms. Memory: 592896K Free: 503908K (85%)
----------------- Invoking toplevel() on ptolemy.moml.MoMLSimpleApplication@5e8ab2c8
----------------- Done invoking toplevel() on ptolemy.moml.MoMLSimpleApplication@5e8ab2c8
reloadAllAccessors: .PublisherSubscriberExpression

===========================================================================================
----------------- testing Wed Jul 10 22:35:29 UTC 2019 /home/travis/build/icyphy/ptII/ptolemy/actor/lib/test/auto/PublisherSubscriberOpaque.xml
----------------- Instantiating /home/travis/build/icyphy/ptII/ptolemy/actor/lib/test/auto/PublisherSubscriberOpaque.xml
3 ms. Memory: 592896K Free: 495716K (84%)
----------------- Invoking toplevel() on ptolemy.moml.MoMLSimpleApplication@26b096ef
----------------- Done invoking toplevel() on ptolemy.moml.MoMLSimpleApplication@26b096ef
reloadAllAccessors: .PublisherSubscriberOpaque

===========================================================================================
----------------- testing Wed Jul 10 22:35:29 UTC 2019 /home/travis/build/icyphy/ptII/ptolemy/actor/lib/test/auto/PublisherSubscriberOpaqueD3.xml
----------------- Instantiating /home/travis/build/icyphy/ptII/ptolemy/actor/lib/test/auto/PublisherSubscriberOpaqueD3.xml
5 ms. Memory: 592896K Free: 484452K (82%)
----------------- Invoking toplevel() on ptolemy.moml.MoMLSimpleApplication@56c6ee58
----------------- Done invoking toplevel() on ptolemy.moml.MoMLSimpleApplication@56c6ee58
reloadAllAccessors: .PublisherSubscriberOpaqueD3

===========================================================================================
----------------- testing Wed Jul 10 22:35:29 UTC 2019 /home/travis/build/icyphy/ptII/ptolemy/actor/lib/test/auto/PublisherSubscriberOpaqueD3Reverse.xml
----------------- Instantiating /home/travis/build/icyphy/ptII/ptolemy/actor/lib/test/auto/PublisherSubscriberOpaqueD3Reverse.xml
8 ms. Memory: 592896K Free: 473698K (80%)
----------------- Invoking toplevel() on ptolemy.moml.MoMLSimpleApplication@25294898
----------------- Done invoking toplevel() on ptolemy.moml.MoMLSimpleApplication@25294898
reloadAllAccessors: .PublisherSubscriberOpaqueD3Reverse

===========================================================================================
----------------- testing Wed Jul 10 22:35:29 UTC 2019 /home/travis/build/icyphy/ptII/ptolemy/actor/lib/test/auto/PublisherSubscriberOpaqueWidthInference.xml
----------------- Instantiating /home/travis/build/icyphy/ptII/ptolemy/actor/lib/test/auto/PublisherSubscriberOpaqueWidthInference.xml
4 ms. Memory: 592896K Free: 465492K (79%)
----------------- Invoking toplevel() on ptolemy.moml.MoMLSimpleApplication@78a61373
----------------- Done invoking toplevel() on ptolemy.moml.MoMLSimpleApplication@78a61373
reloadAllAccessors: .PublisherSubscriberOpaqueWidthInference

===========================================================================================
----------------- testing Wed Jul 10 22:35:29 UTC 2019 /home/travis/build/icyphy/ptII/ptolemy/actor/lib/test/auto/PublisherTestSubscriber.xml
----------------- Instantiating /home/travis/build/icyphy/ptII/ptolemy/actor/lib/test/auto/PublisherTestSubscriber.xml
3 ms. Memory: 592896K Free: 457828K (77%)
----------------- Invoking toplevel() on ptolemy.moml.MoMLSimpleApplication@5b14a4d1
----------------- Done invoking toplevel() on ptolemy.moml.MoMLSimpleApplication@5b14a4d1
reloadAllAccessors: .PublisherTestSubscriber

===========================================================================================
----------------- testing Wed Jul 10 22:35:29 UTC 2019 /home/travis/build/icyphy/ptII/ptolemy/actor/lib/test/auto/PublisherToplevelSubscriberPortAOC.xml
----------------- Instantiating /home/travis/build/icyphy/ptII/ptolemy/actor/lib/test/auto/PublisherToplevelSubscriberPortAOC.xml
1 ms. Memory: 592896K Free: 451164K (76%)
----------------- Invoking toplevel() on ptolemy.moml.MoMLSimpleApplication@6a254da
----------------- Done invoking toplevel() on ptolemy.moml.MoMLSimpleApplication@6a254da
reloadAllAccessors: .PublisherToplevelSubscriberPortAOC

===========================================================================================
----------------- testing Wed Jul 10 22:35:29 UTC 2019 /home/travis/build/icyphy/ptII/ptolemy/actor/lib/test/auto/PulseFiringLimitDE.xml
----------------- Instantiating /home/travis/build/icyphy/ptII/ptolemy/actor/lib/test/auto/PulseFiringLimitDE.xml
2 ms. Memory: 592896K Free: 445026K (75%)
----------------- Invoking toplevel() on ptolemy.moml.MoMLSimpleApplication@50b5031f
----------------- Done invoking toplevel() on ptolemy.moml.MoMLSimpleApplication@50b5031f
reloadAllAccessors: .PulseFiringLimitDE

===========================================================================================
----------------- testing Wed Jul 10 22:35:29 UTC 2019 /home/travis/build/icyphy/ptII/ptolemy/actor/lib/test/auto/Ramp1.xml
----------------- Instantiating /home/travis/build/icyphy/ptII/ptolemy/actor/lib/test/auto/Ramp1.xml
2 ms. Memory: 592896K Free: 440916K (74%)
----------------- Invoking toplevel() on ptolemy.moml.MoMLSimpleApplication@269090d1
----------------- Done invoking toplevel() on ptolemy.moml.MoMLSimpleApplication@269090d1
reloadAllAccessors: .Ramp1

===========================================================================================
----------------- testing Wed Jul 10 22:35:29 UTC 2019 /home/travis/build/icyphy/ptII/ptolemy/actor/lib/test/auto/RampFiringLimitDE.xml
----------------- Instantiating /home/travis/build/icyphy/ptII/ptolemy/actor/lib/test/auto/RampFiringLimitDE.xml
2 ms. Memory: 592896K Free: 434276K (73%)
----------------- Invoking toplevel() on ptolemy.moml.MoMLSimpleApplication@6da68f45
----------------- Done invoking toplevel() on ptolemy.moml.MoMLSimpleApplication@6da68f45
reloadAllAccessors: .RampFiringLimitDE

===========================================================================================
----------------- testing Wed Jul 10 22:35:29 UTC 2019 /home/travis/build/icyphy/ptII/ptolemy/actor/lib/test/auto/RampFiringLimitSDF.xml
----------------- Instantiating /home/travis/build/icyphy/ptII/ptolemy/actor/lib/test/auto/RampFiringLimitSDF.xml
2 ms. Memory: 592896K Free: 429156K (72%)
----------------- Invoking toplevel() on ptolemy.moml.MoMLSimpleApplication@591d833
----------------- Done invoking toplevel() on ptolemy.moml.MoMLSimpleApplication@591d833
reloadAllAccessors: .RampFiringLimitSDF

===========================================================================================
----------------- testing Wed Jul 10 22:35:29 UTC 2019 /home/travis/build/icyphy/ptII/ptolemy/actor/lib/test/auto/RandomInteger.xml
----------------- Instantiating /home/travis/build/icyphy/ptII/ptolemy/actor/lib/test/auto/RandomInteger.xml
1 ms. Memory: 592896K Free: 425060K (72%)
----------------- Invoking toplevel() on ptolemy.moml.MoMLSimpleApplication@3e3b3218
----------------- Done invoking toplevel() on ptolemy.moml.MoMLSimpleApplication@3e3b3218
reloadAllAccessors: .RandomInteger

===========================================================================================
----------------- testing Wed Jul 10 22:35:29 UTC 2019 /home/travis/build/icyphy/ptII/ptolemy/actor/lib/test/auto/ReadFile1.xml
----------------- Instantiating /home/travis/build/icyphy/ptII/ptolemy/actor/lib/test/auto/ReadFile1.xml
2 ms. Memory: 592896K Free: 420436K (71%)
----------------- Invoking toplevel() on ptolemy.moml.MoMLSimpleApplication@3726ef14
----------------- Done invoking toplevel() on ptolemy.moml.MoMLSimpleApplication@3726ef14
reloadAllAccessors: .ReadFile1

===========================================================================================
----------------- testing Wed Jul 10 22:35:29 UTC 2019 /home/travis/build/icyphy/ptII/ptolemy/actor/lib/test/auto/ReadFile2.xml
----------------- Instantiating /home/travis/build/icyphy/ptII/ptolemy/actor/lib/test/auto/ReadFile2.xml
2 ms. Memory: 592896K Free: 416354K (70%)
----------------- Invoking toplevel() on ptolemy.moml.MoMLSimpleApplication@5332c9e
----------------- Done invoking toplevel() on ptolemy.moml.MoMLSimpleApplication@5332c9e
reloadAllAccessors: .ReadFile2

===========================================================================================
----------------- testing Wed Jul 10 22:35:29 UTC 2019 /home/travis/build/icyphy/ptII/ptolemy/actor/lib/test/auto/Reader.xml
----------------- Instantiating /home/travis/build/icyphy/ptII/ptolemy/actor/lib/test/auto/Reader.xml
actor.lib.Reader is obsolete, use actor.lib.io.ExpressionReader instead
3 ms. Memory: 592896K Free: 411748K (69%)
----------------- Invoking toplevel() on ptolemy.moml.MoMLSimpleApplication@4c0c1852
----------------- Done invoking toplevel() on ptolemy.moml.MoMLSimpleApplication@4c0c1852
reloadAllAccessors: .Reader

===========================================================================================
----------------- testing Wed Jul 10 22:35:29 UTC 2019 /home/travis/build/icyphy/ptII/ptolemy/actor/lib/test/auto/RecordAssemblerDisplayNameTest.xml
----------------- Instantiating /home/travis/build/icyphy/ptII/ptolemy/actor/lib/test/auto/RecordAssemblerDisplayNameTest.xml
3721 ms. Memory: 592896K Free: 299077K (50%)
----------------- Invoking toplevel() on ptolemy.moml.MoMLSimpleApplication@3cfcd1a4
----------------- Done invoking toplevel() on ptolemy.moml.MoMLSimpleApplication@3cfcd1a4
reloadAllAccessors: .RecordAssemblerDisplayNameTest

===========================================================================================
----------------- testing Wed Jul 10 22:35:33 UTC 2019 /home/travis/build/icyphy/ptII/ptolemy/actor/lib/test/auto/RecordAssemblerTypeError.xml
----------------- Instantiating /home/travis/build/icyphy/ptII/ptolemy/actor/lib/test/auto/RecordAssemblerTypeError.xml
6 ms. Memory: 592896K Free: 289347K (49%)
----------------- Invoking toplevel() on ptolemy.moml.MoMLSimpleApplication@7c41bee4
----------------- Done invoking toplevel() on ptolemy.moml.MoMLSimpleApplication@7c41bee4
reloadAllAccessors: .RecordAssemblerTypeError

===========================================================================================
----------------- testing Wed Jul 10 22:35:33 UTC 2019 /home/travis/build/icyphy/ptII/ptolemy/actor/lib/test/auto/RecordDisassember.xml
----------------- Instantiating /home/travis/build/icyphy/ptII/ptolemy/actor/lib/test/auto/RecordDisassember.xml
4 ms. Memory: 592896K Free: 284741K (48%)
----------------- Invoking toplevel() on ptolemy.moml.MoMLSimpleApplication@575858a7
----------------- Done invoking toplevel() on ptolemy.moml.MoMLSimpleApplication@575858a7
reloadAllAccessors: .RecordDisassember

===========================================================================================
----------------- testing Wed Jul 10 22:35:33 UTC 2019 /home/travis/build/icyphy/ptII/ptolemy/actor/lib/test/auto/RecordDisassemberDisplayNameTest.xml
----------------- Instantiating /home/travis/build/icyphy/ptII/ptolemy/actor/lib/test/auto/RecordDisassemberDisplayNameTest.xml
5 ms. Memory: 592896K Free: 276549K (47%)
----------------- Invoking toplevel() on ptolemy.moml.MoMLSimpleApplication@49de635e
----------------- Done invoking toplevel() on ptolemy.moml.MoMLSimpleApplication@49de635e
reloadAllAccessors: .RecordDisassemberDisplayNameTest

===========================================================================================
----------------- testing Wed Jul 10 22:35:33 UTC 2019 /home/travis/build/icyphy/ptII/ptolemy/actor/lib/test/auto/RecordDisassembler.xml
----------------- Instantiating /home/travis/build/icyphy/ptII/ptolemy/actor/lib/test/auto/RecordDisassembler.xml
3 ms. Memory: 592896K Free: 271429K (46%)
----------------- Invoking toplevel() on ptolemy.moml.MoMLSimpleApplication@45230aab
----------------- Done invoking toplevel() on ptolemy.moml.MoMLSimpleApplication@45230aab
reloadAllAccessors: .RecordDisassembler

===========================================================================================
----------------- testing Wed Jul 10 22:35:33 UTC 2019 /home/travis/build/icyphy/ptII/ptolemy/actor/lib/test/auto/RecordDisassembler2.xml
----------------- Instantiating /home/travis/build/icyphy/ptII/ptolemy/actor/lib/test/auto/RecordDisassembler2.xml
2 ms. Memory: 592896K Free: 266309K (45%)
----------------- Invoking toplevel() on ptolemy.moml.MoMLSimpleApplication@7b22ff9
----------------- Done invoking toplevel() on ptolemy.moml.MoMLSimpleApplication@7b22ff9
reloadAllAccessors: .RecordDisassembler2

===========================================================================================
----------------- testing Wed Jul 10 22:35:33 UTC 2019 /home/travis/build/icyphy/ptII/ptolemy/actor/lib/test/auto/RecordUpdater.xml
----------------- Instantiating /home/travis/build/icyphy/ptII/ptolemy/actor/lib/test/auto/RecordUpdater.xml
2 ms. Memory: 592896K Free: 261189K (44%)
----------------- Invoking toplevel() on ptolemy.moml.MoMLSimpleApplication@39be6bf3
----------------- Done invoking toplevel() on ptolemy.moml.MoMLSimpleApplication@39be6bf3
reloadAllAccessors: .RecordUpdater

===========================================================================================
----------------- testing Wed Jul 10 22:35:33 UTC 2019 /home/travis/build/icyphy/ptII/ptolemy/actor/lib/test/auto/RecordUpdater2.xml
----------------- Instantiating /home/travis/build/icyphy/ptII/ptolemy/actor/lib/test/auto/RecordUpdater2.xml
2 ms. Memory: 592896K Free: 256579K (43%)
----------------- Invoking toplevel() on ptolemy.moml.MoMLSimpleApplication@2f7e2cd
----------------- Done invoking toplevel() on ptolemy.moml.MoMLSimpleApplication@2f7e2cd
reloadAllAccessors: .RecordUpdater2

===========================================================================================
----------------- testing Wed Jul 10 22:35:33 UTC 2019 /home/travis/build/icyphy/ptII/ptolemy/actor/lib/test/auto/RecursiveLattice.xml
----------------- Instantiating /home/travis/build/icyphy/ptII/ptolemy/actor/lib/test/auto/RecursiveLattice.xml
1 ms. Memory: 592896K Free: 251973K (42%)
----------------- Invoking toplevel() on ptolemy.moml.MoMLSimpleApplication@1c653cf1
----------------- Done invoking toplevel() on ptolemy.moml.MoMLSimpleApplication@1c653cf1
reloadAllAccessors: .RecursiveLattice

===========================================================================================
----------------- testing Wed Jul 10 22:35:33 UTC 2019 /home/travis/build/icyphy/ptII/ptolemy/actor/lib/test/auto/Router.xml
----------------- Instantiating /home/travis/build/icyphy/ptII/ptolemy/actor/lib/test/auto/Router.xml
3005 ms. Memory: 592896K Free: 240709K (41%)
----------------- Invoking toplevel() on ptolemy.moml.MoMLSimpleApplication@111cc5fb
----------------- Done invoking toplevel() on ptolemy.moml.MoMLSimpleApplication@111cc5fb
reloadAllAccessors: .Router

===========================================================================================
----------------- testing Wed Jul 10 22:35:36 UTC 2019 /home/travis/build/icyphy/ptII/ptolemy/actor/lib/test/auto/Router2.xml
----------------- Instantiating /home/travis/build/icyphy/ptII/ptolemy/actor/lib/test/auto/Router2.xml
3003 ms. Memory: 592896K Free: 231493K (39%)
----------------- Invoking toplevel() on ptolemy.moml.MoMLSimpleApplication@41ce12b5
----------------- Done invoking toplevel() on ptolemy.moml.MoMLSimpleApplication@41ce12b5
reloadAllAccessors: .Router2

===========================================================================================
----------------- testing Wed Jul 10 22:35:39 UTC 2019 /home/travis/build/icyphy/ptII/ptolemy/actor/lib/test/auto/RunningMaximum.xml
----------------- Instantiating /home/travis/build/icyphy/ptII/ptolemy/actor/lib/test/auto/RunningMaximum.xml
3 ms. Memory: 592896K Free: 226883K (38%)
----------------- Invoking toplevel() on ptolemy.moml.MoMLSimpleApplication@7169ed7
----------------- Done invoking toplevel() on ptolemy.moml.MoMLSimpleApplication@7169ed7
reloadAllAccessors: .RunningMaximum

===========================================================================================
----------------- testing Wed Jul 10 22:35:39 UTC 2019 /home/travis/build/icyphy/ptII/ptolemy/actor/lib/test/auto/RunningMinimum.xml
----------------- Instantiating /home/travis/build/icyphy/ptII/ptolemy/actor/lib/test/auto/RunningMinimum.xml
9 ms. Memory: 592896K Free: 221763K (37%)
----------------- Invoking toplevel() on ptolemy.moml.MoMLSimpleApplication@3897e1c9
----------------- Done invoking toplevel() on ptolemy.moml.MoMLSimpleApplication@3897e1c9
reloadAllAccessors: .RunningMinimum

===========================================================================================
----------------- testing Wed Jul 10 22:35:39 UTC 2019 /home/travis/build/icyphy/ptII/ptolemy/actor/lib/test/auto/Scale.xml
----------------- Instantiating /home/travis/build/icyphy/ptII/ptolemy/actor/lib/test/auto/Scale.xml
1 ms. Memory: 592896K Free: 217157K (37%)
----------------- Invoking toplevel() on ptolemy.moml.MoMLSimpleApplication@4f3048f8
----------------- Done invoking toplevel() on ptolemy.moml.MoMLSimpleApplication@4f3048f8
reloadAllAccessors: .Scale

===========================================================================================
----------------- testing Wed Jul 10 22:35:39 UTC 2019 /home/travis/build/icyphy/ptII/ptolemy/actor/lib/test/auto/Scale2.xml
----------------- Instantiating /home/travis/build/icyphy/ptII/ptolemy/actor/lib/test/auto/Scale2.xml
1 ms. Memory: 592896K Free: 212547K (36%)
----------------- Invoking toplevel() on ptolemy.moml.MoMLSimpleApplication@152c86a1
----------------- Done invoking toplevel() on ptolemy.moml.MoMLSimpleApplication@152c86a1
reloadAllAccessors: .Scale2

===========================================================================================
----------------- testing Wed Jul 10 22:35:39 UTC 2019 /home/travis/build/icyphy/ptII/ptolemy/actor/lib/test/auto/Scale3.xml
----------------- Instantiating /home/travis/build/icyphy/ptII/ptolemy/actor/lib/test/auto/Scale3.xml
3 ms. Memory: 592896K Free: 205893K (35%)
----------------- Invoking toplevel() on ptolemy.moml.MoMLSimpleApplication@62e0348d
----------------- Done invoking toplevel() on ptolemy.moml.MoMLSimpleApplication@62e0348d
reloadAllAccessors: .Scale3

===========================================================================================
----------------- testing Wed Jul 10 22:35:39 UTC 2019 /home/travis/build/icyphy/ptII/ptolemy/actor/lib/test/auto/ScaleArray.xml
----------------- Instantiating /home/travis/build/icyphy/ptII/ptolemy/actor/lib/test/auto/ScaleArray.xml
2 ms. Memory: 592896K Free: 201283K (34%)
----------------- Invoking toplevel() on ptolemy.moml.MoMLSimpleApplication@125f47d4
----------------- Done invoking toplevel() on ptolemy.moml.MoMLSimpleApplication@125f47d4
reloadAllAccessors: .ScaleArray

===========================================================================================
----------------- testing Wed Jul 10 22:35:39 UTC 2019 /home/travis/build/icyphy/ptII/ptolemy/actor/lib/test/auto/ScaleArray2.xml
----------------- Instantiating /home/travis/build/icyphy/ptII/ptolemy/actor/lib/test/auto/ScaleArray2.xml
1 ms. Memory: 592896K Free: 196677K (33%)
----------------- Invoking toplevel() on ptolemy.moml.MoMLSimpleApplication@22d8a081
----------------- Done invoking toplevel() on ptolemy.moml.MoMLSimpleApplication@22d8a081
reloadAllAccessors: .ScaleArray2

===========================================================================================
----------------- testing Wed Jul 10 22:35:39 UTC 2019 /home/travis/build/icyphy/ptII/ptolemy/actor/lib/test/auto/ScaleMatrix.xml
----------------- Instantiating /home/travis/build/icyphy/ptII/ptolemy/actor/lib/test/auto/ScaleMatrix.xml
248 ms. Memory: 592896K Free: 533766K (90%)
----------------- Invoking toplevel() on ptolemy.moml.MoMLSimpleApplication@676a523
----------------- Done invoking toplevel() on ptolemy.moml.MoMLSimpleApplication@676a523
reloadAllAccessors: .ScaleMatrix

===========================================================================================
----------------- testing Wed Jul 10 22:35:40 UTC 2019 /home/travis/build/icyphy/ptII/ptolemy/actor/lib/test/auto/Select.xml
----------------- Instantiating /home/travis/build/icyphy/ptII/ptolemy/actor/lib/test/auto/Select.xml
2 ms. Memory: 592896K Free: 526885K (89%)
----------------- Invoking toplevel() on ptolemy.moml.MoMLSimpleApplication@c05fb4
----------------- Done invoking toplevel() on ptolemy.moml.MoMLSimpleApplication@c05fb4
reloadAllAccessors: .Select

===========================================================================================
----------------- testing Wed Jul 10 22:35:40 UTC 2019 /home/travis/build/icyphy/ptII/ptolemy/actor/lib/test/auto/Select2.xml
----------------- Instantiating /home/travis/build/icyphy/ptII/ptolemy/actor/lib/test/auto/Select2.xml
1 ms. Memory: 592896K Free: 522309K (88%)
----------------- Invoking toplevel() on ptolemy.moml.MoMLSimpleApplication@663df5be
----------------- Done invoking toplevel() on ptolemy.moml.MoMLSimpleApplication@663df5be
reloadAllAccessors: .Select2

===========================================================================================
----------------- testing Wed Jul 10 22:35:40 UTC 2019 /home/travis/build/icyphy/ptII/ptolemy/actor/lib/test/auto/SequenceToArray2.xml
----------------- Instantiating /home/travis/build/icyphy/ptII/ptolemy/actor/lib/test/auto/SequenceToArray2.xml
93 ms. Memory: 592896K Free: 498757K (84%)
----------------- Invoking toplevel() on ptolemy.moml.MoMLSimpleApplication@585f3484
----------------- Done invoking toplevel() on ptolemy.moml.MoMLSimpleApplication@585f3484
reloadAllAccessors: .SequenceToArray2

===========================================================================================
----------------- testing Wed Jul 10 22:35:40 UTC 2019 /home/travis/build/icyphy/ptII/ptolemy/actor/lib/test/auto/SequentialClock.xml
----------------- Instantiating /home/travis/build/icyphy/ptII/ptolemy/actor/lib/test/auto/SequentialClock.xml
1 ms. Memory: 592896K Free: 494661K (83%)
----------------- Invoking toplevel() on ptolemy.moml.MoMLSimpleApplication@29fa7547
----------------- Done invoking toplevel() on ptolemy.moml.MoMLSimpleApplication@29fa7547
reloadAllAccessors: .SequentialClock

===========================================================================================
----------------- testing Wed Jul 10 22:35:40 UTC 2019 /home/travis/build/icyphy/ptII/ptolemy/actor/lib/test/auto/SetVariable.xml
----------------- Instantiating /home/travis/build/icyphy/ptII/ptolemy/actor/lib/test/auto/SetVariable.xml
4 ms. Memory: 592896K Free: 490051K (83%)
----------------- Invoking toplevel() on ptolemy.moml.MoMLSimpleApplication@3ce73a7e
----------------- Done invoking toplevel() on ptolemy.moml.MoMLSimpleApplication@3ce73a7e
reloadAllAccessors: .SetVariable

===========================================================================================
----------------- testing Wed Jul 10 22:35:40 UTC 2019 /home/travis/build/icyphy/ptII/ptolemy/actor/lib/test/auto/SetVariable2.xml
----------------- Instantiating /home/travis/build/icyphy/ptII/ptolemy/actor/lib/test/auto/SetVariable2.xml
3 ms. Memory: 592896K Free: 484931K (82%)
----------------- Invoking toplevel() on ptolemy.moml.MoMLSimpleApplication@43574b5e
----------------- Done invoking toplevel() on ptolemy.moml.MoMLSimpleApplication@43574b5e
reloadAllAccessors: .SetVariable2

===========================================================================================
----------------- testing Wed Jul 10 22:35:40 UTC 2019 /home/travis/build/icyphy/ptII/ptolemy/actor/lib/test/auto/SetVariable3.xml
----------------- Instantiating /home/travis/build/icyphy/ptII/ptolemy/actor/lib/test/auto/SetVariable3.xml
9 ms. Memory: 592896K Free: 479811K (81%)
----------------- Invoking toplevel() on ptolemy.moml.MoMLSimpleApplication@3fc9b5a1
----------------- Done invoking toplevel() on ptolemy.moml.MoMLSimpleApplication@3fc9b5a1
reloadAllAccessors: .SetVariable3

===========================================================================================
----------------- testing Wed Jul 10 22:35:40 UTC 2019 /home/travis/build/icyphy/ptII/ptolemy/actor/lib/test/auto/SetVariable4.xml
----------------- Instantiating /home/travis/build/icyphy/ptII/ptolemy/actor/lib/test/auto/SetVariable4.xml
20 ms. Memory: 592896K Free: 470083K (79%)
----------------- Invoking toplevel() on ptolemy.moml.MoMLSimpleApplication@2fdd0a6
----------------- Done invoking toplevel() on ptolemy.moml.MoMLSimpleApplication@2fdd0a6
reloadAllAccessors: .SetVariable4

===========================================================================================
----------------- testing Wed Jul 10 22:35:40 UTC 2019 /home/travis/build/icyphy/ptII/ptolemy/actor/lib/test/auto/SetVariable5.xml
----------------- Instantiating /home/travis/build/icyphy/ptII/ptolemy/actor/lib/test/auto/SetVariable5.xml
18 ms. Memory: 592896K Free: 460869K (78%)
----------------- Invoking toplevel() on ptolemy.moml.MoMLSimpleApplication@1c40fe0e
----------------- Done invoking toplevel() on ptolemy.moml.MoMLSimpleApplication@1c40fe0e
reloadAllAccessors: .SetVariable5

===========================================================================================
----------------- testing Wed Jul 10 22:35:40 UTC 2019 /home/travis/build/icyphy/ptII/ptolemy/actor/lib/test/auto/Sinewave.xml
----------------- Instantiating /home/travis/build/icyphy/ptII/ptolemy/actor/lib/test/auto/Sinewave.xml
4 ms. Memory: 592896K Free: 450629K (76%)
----------------- Invoking toplevel() on ptolemy.moml.MoMLSimpleApplication@3e8bc8bb
----------------- Done invoking toplevel() on ptolemy.moml.MoMLSimpleApplication@3e8bc8bb
reloadAllAccessors: .Sinewave

===========================================================================================
----------------- testing Wed Jul 10 22:35:40 UTC 2019 /home/travis/build/icyphy/ptII/ptolemy/actor/lib/test/auto/Sinewave2.xml
----------------- Instantiating /home/travis/build/icyphy/ptII/ptolemy/actor/lib/test/auto/Sinewave2.xml
9 ms. Memory: 592896K Free: 442437K (75%)
----------------- Invoking toplevel() on ptolemy.moml.MoMLSimpleApplication@77347927
----------------- Done invoking toplevel() on ptolemy.moml.MoMLSimpleApplication@77347927
reloadAllAccessors: .Sinewave2

===========================================================================================
----------------- testing Wed Jul 10 22:35:40 UTC 2019 /home/travis/build/icyphy/ptII/ptolemy/actor/lib/test/auto/Sinewave3.xml
----------------- Instantiating /home/travis/build/icyphy/ptII/ptolemy/actor/lib/test/auto/Sinewave3.xml
9 ms. Memory: 592896K Free: 433221K (73%)
----------------- Invoking toplevel() on ptolemy.moml.MoMLSimpleApplication@62622cc7
----------------- Done invoking toplevel() on ptolemy.moml.MoMLSimpleApplication@62622cc7
reloadAllAccessors: .Sinewave3

===========================================================================================
----------------- testing Wed Jul 10 22:35:40 UTC 2019 /home/travis/build/icyphy/ptII/ptolemy/actor/lib/test/auto/SingleEvent.xml
----------------- Instantiating /home/travis/build/icyphy/ptII/ptolemy/actor/lib/test/auto/SingleEvent.xml
1 ms. Memory: 592896K Free: 429125K (72%)
----------------- Invoking toplevel() on ptolemy.moml.MoMLSimpleApplication@1f86b605
----------------- Done invoking toplevel() on ptolemy.moml.MoMLSimpleApplication@1f86b605
reloadAllAccessors: .SingleEvent

===========================================================================================
----------------- testing Wed Jul 10 22:35:40 UTC 2019 /home/travis/build/icyphy/ptII/ptolemy/actor/lib/test/auto/Sleep.xml
----------------- Instantiating /home/travis/build/icyphy/ptII/ptolemy/actor/lib/test/auto/Sleep.xml
6004 ms. Memory: 592896K Free: 423491K (71%)
----------------- Invoking toplevel() on ptolemy.moml.MoMLSimpleApplication@77a9818e
----------------- Done invoking toplevel() on ptolemy.moml.MoMLSimpleApplication@77a9818e
reloadAllAccessors: .Sleep

===========================================================================================
----------------- testing Wed Jul 10 22:35:46 UTC 2019 /home/travis/build/icyphy/ptII/ptolemy/actor/lib/test/auto/SleepMultipleFire.xml
----------------- Instantiating /home/travis/build/icyphy/ptII/ptolemy/actor/lib/test/auto/SleepMultipleFire.xml
1006 ms. Memory: 592896K Free: 417861K (70%)
----------------- Invoking toplevel() on ptolemy.moml.MoMLSimpleApplication@14f66827
----------------- Done invoking toplevel() on ptolemy.moml.MoMLSimpleApplication@14f66827
reloadAllAccessors: .SleepMultipleFire

===========================================================================================
----------------- testing Wed Jul 10 22:35:47 UTC 2019 /home/travis/build/icyphy/ptII/ptolemy/actor/lib/test/auto/StopDE.xml
----------------- Instantiating /home/travis/build/icyphy/ptII/ptolemy/actor/lib/test/auto/StopDE.xml
3 ms. Memory: 592896K Free: 411717K (69%)
----------------- Invoking toplevel() on ptolemy.moml.MoMLSimpleApplication@1662ac04
----------------- Done invoking toplevel() on ptolemy.moml.MoMLSimpleApplication@1662ac04
reloadAllAccessors: .StopDE

===========================================================================================
----------------- testing Wed Jul 10 22:35:47 UTC 2019 /home/travis/build/icyphy/ptII/ptolemy/actor/lib/test/auto/StopSDF.xml
----------------- Instantiating /home/travis/build/icyphy/ptII/ptolemy/actor/lib/test/auto/StopSDF.xml
4 ms. Memory: 592896K Free: 406597K (69%)
----------------- Invoking toplevel() on ptolemy.moml.MoMLSimpleApplication@2f460979
----------------- Done invoking toplevel() on ptolemy.moml.MoMLSimpleApplication@2f460979
reloadAllAccessors: .StopSDF

===========================================================================================
----------------- testing Wed Jul 10 22:35:47 UTC 2019 /home/travis/build/icyphy/ptII/ptolemy/actor/lib/test/auto/StringConstant.xml
----------------- Instantiating /home/travis/build/icyphy/ptII/ptolemy/actor/lib/test/auto/StringConstant.xml
10 ms. Memory: 592896K Free: 402501K (68%)
----------------- Invoking toplevel() on ptolemy.moml.MoMLSimpleApplication@48647dc0
----------------- Done invoking toplevel() on ptolemy.moml.MoMLSimpleApplication@48647dc0
reloadAllAccessors: .StringConstant

===========================================================================================
----------------- testing Wed Jul 10 22:35:47 UTC 2019 /home/travis/build/icyphy/ptII/ptolemy/actor/lib/test/auto/SubscriberPortInitialValues1.xml
----------------- Instantiating /home/travis/build/icyphy/ptII/ptolemy/actor/lib/test/auto/SubscriberPortInitialValues1.xml
8 ms. Memory: 592896K Free: 393285K (66%)
----------------- Invoking toplevel() on ptolemy.moml.MoMLSimpleApplication@3805a54d
----------------- Done invoking toplevel() on ptolemy.moml.MoMLSimpleApplication@3805a54d
reloadAllAccessors: .SubscriberPortInitialValues1

===========================================================================================
----------------- testing Wed Jul 10 22:35:47 UTC 2019 /home/travis/build/icyphy/ptII/ptolemy/actor/lib/test/auto/SubscriberPortInitialValues13.xml
----------------- Instantiating /home/travis/build/icyphy/ptII/ptolemy/actor/lib/test/auto/SubscriberPortInitialValues13.xml
12 ms. Memory: 592896K Free: 380483K (64%)
----------------- Invoking toplevel() on ptolemy.moml.MoMLSimpleApplication@2be958
----------------- Done invoking toplevel() on ptolemy.moml.MoMLSimpleApplication@2be958
reloadAllAccessors: .SubscriberPortInitialValues13

===========================================================================================
----------------- testing Wed Jul 10 22:35:47 UTC 2019 /home/travis/build/icyphy/ptII/ptolemy/actor/lib/test/auto/SubscriberPortInitialValues14.xml
----------------- Instantiating /home/travis/build/icyphy/ptII/ptolemy/actor/lib/test/auto/SubscriberPortInitialValues14.xml
6 ms. Memory: 592896K Free: 372805K (63%)
----------------- Invoking toplevel() on ptolemy.moml.MoMLSimpleApplication@781ccfdb
----------------- Done invoking toplevel() on ptolemy.moml.MoMLSimpleApplication@781ccfdb
reloadAllAccessors: .SubscriberPortInitialValues14

===========================================================================================
----------------- testing Wed Jul 10 22:35:47 UTC 2019 /home/travis/build/icyphy/ptII/ptolemy/actor/lib/test/auto/SubscriberPortInitialValues2.xml
----------------- Instantiating /home/travis/build/icyphy/ptII/ptolemy/actor/lib/test/auto/SubscriberPortInitialValues2.xml
4 ms. Memory: 592896K Free: 364613K (61%)
----------------- Invoking toplevel() on ptolemy.moml.MoMLSimpleApplication@3fdde2c9
----------------- Done invoking toplevel() on ptolemy.moml.MoMLSimpleApplication@3fdde2c9
reloadAllAccessors: .SubscriberPortInitialValues2

===========================================================================================
----------------- testing Wed Jul 10 22:35:47 UTC 2019 /home/travis/build/icyphy/ptII/ptolemy/actor/lib/test/auto/SubscriberPortInitialValues3.xml
----------------- Instantiating /home/travis/build/icyphy/ptII/ptolemy/actor/lib/test/auto/SubscriberPortInitialValues3.xml
4 ms. Memory: 592896K Free: 353859K (60%)
----------------- Invoking toplevel() on ptolemy.moml.MoMLSimpleApplication@52e7b584
----------------- Done invoking toplevel() on ptolemy.moml.MoMLSimpleApplication@52e7b584
reloadAllAccessors: .SubscriberPortInitialValues3

===========================================================================================
----------------- testing Wed Jul 10 22:35:47 UTC 2019 /home/travis/build/icyphy/ptII/ptolemy/actor/lib/test/auto/SubscriptionAggregator.xml
----------------- Instantiating /home/travis/build/icyphy/ptII/ptolemy/actor/lib/test/auto/SubscriptionAggregator.xml
3 ms. Memory: 592896K Free: 347205K (59%)
----------------- Invoking toplevel() on ptolemy.moml.MoMLSimpleApplication@46f55625
----------------- Done invoking toplevel() on ptolemy.moml.MoMLSimpleApplication@46f55625
reloadAllAccessors: .SubscriptionAggregator

===========================================================================================
----------------- testing Wed Jul 10 22:35:47 UTC 2019 /home/travis/build/icyphy/ptII/ptolemy/actor/lib/test/auto/SubscriptionAggregator2.xml
----------------- Instantiating /home/travis/build/icyphy/ptII/ptolemy/actor/lib/test/auto/SubscriptionAggregator2.xml
2 ms. Memory: 592896K Free: 340037K (57%)
----------------- Invoking toplevel() on ptolemy.moml.MoMLSimpleApplication@4f31a6d5
----------------- Done invoking toplevel() on ptolemy.moml.MoMLSimpleApplication@4f31a6d5
reloadAllAccessors: .SubscriptionAggregator2

===========================================================================================
----------------- testing Wed Jul 10 22:35:47 UTC 2019 /home/travis/build/icyphy/ptII/ptolemy/actor/lib/test/auto/SubscriptionAggregator3.xml
----------------- Instantiating /home/travis/build/icyphy/ptII/ptolemy/actor/lib/test/auto/SubscriptionAggregator3.xml
4 ms. Memory: 592896K Free: 331301K (56%)
----------------- Invoking toplevel() on ptolemy.moml.MoMLSimpleApplication@2b9c2437
----------------- Done invoking toplevel() on ptolemy.moml.MoMLSimpleApplication@2b9c2437
reloadAllAccessors: .SubscriptionAggregator3

===========================================================================================
----------------- testing Wed Jul 10 22:35:47 UTC 2019 /home/travis/build/icyphy/ptII/ptolemy/actor/lib/test/auto/SubscriptionAggregatorMultiply.xml
----------------- Instantiating /home/travis/build/icyphy/ptII/ptolemy/actor/lib/test/auto/SubscriptionAggregatorMultiply.xml
14 ms. Memory: 592896K Free: 322109K (54%)
----------------- Invoking toplevel() on ptolemy.moml.MoMLSimpleApplication@7ac8c49f
----------------- Done invoking toplevel() on ptolemy.moml.MoMLSimpleApplication@7ac8c49f
reloadAllAccessors: .SubscriptionAggregatorMultiply

===========================================================================================
----------------- testing Wed Jul 10 22:35:47 UTC 2019 /home/travis/build/icyphy/ptII/ptolemy/actor/lib/test/auto/SubscriptionAggregatorPortMultiply1.xml
----------------- Instantiating /home/travis/build/icyphy/ptII/ptolemy/actor/lib/test/auto/SubscriptionAggregatorPortMultiply1.xml
4 ms. Memory: 592896K Free: 313923K (53%)
----------------- Invoking toplevel() on ptolemy.moml.MoMLSimpleApplication@3cc58fc5
----------------- Done invoking toplevel() on ptolemy.moml.MoMLSimpleApplication@3cc58fc5
reloadAllAccessors: .SubscriptionAggregatorPortMultiply1

===========================================================================================
----------------- testing Wed Jul 10 22:35:47 UTC 2019 /home/travis/build/icyphy/ptII/ptolemy/actor/lib/test/auto/Switch.xml
----------------- Instantiating /home/travis/build/icyphy/ptII/ptolemy/actor/lib/test/auto/Switch.xml
8 ms. Memory: 592896K Free: 305221K (51%)
----------------- Invoking toplevel() on ptolemy.moml.MoMLSimpleApplication@6d548827
----------------- Done invoking toplevel() on ptolemy.moml.MoMLSimpleApplication@6d548827
reloadAllAccessors: .Switch

===========================================================================================
----------------- testing Wed Jul 10 22:35:47 UTC 2019 /home/travis/build/icyphy/ptII/ptolemy/actor/lib/test/auto/Switch2.xml
----------------- Instantiating /home/travis/build/icyphy/ptII/ptolemy/actor/lib/test/auto/Switch2.xml
1 ms. Memory: 592896K Free: 300611K (51%)
----------------- Invoking toplevel() on ptolemy.moml.MoMLSimpleApplication@46982f0
----------------- Done invoking toplevel() on ptolemy.moml.MoMLSimpleApplication@46982f0
reloadAllAccessors: .Switch2

===========================================================================================
----------------- testing Wed Jul 10 22:35:47 UTC 2019 /home/travis/build/icyphy/ptII/ptolemy/actor/lib/test/auto/SwitchDE.xml
----------------- Instantiating /home/travis/build/icyphy/ptII/ptolemy/actor/lib/test/auto/SwitchDE.xml
3 ms. Memory: 592896K Free: 294437K (50%)
----------------- Invoking toplevel() on ptolemy.moml.MoMLSimpleApplication@6a55e3df
----------------- Done invoking toplevel() on ptolemy.moml.MoMLSimpleApplication@6a55e3df
reloadAllAccessors: .SwitchDE

===========================================================================================
----------------- testing Wed Jul 10 22:35:47 UTC 2019 /home/travis/build/icyphy/ptII/ptolemy/actor/lib/test/auto/SynchronizerDE.xml
----------------- Instantiating /home/travis/build/icyphy/ptII/ptolemy/actor/lib/test/auto/SynchronizerDE.xml
7 ms. Memory: 592896K Free: 285765K (48%)
----------------- Invoking toplevel() on ptolemy.moml.MoMLSimpleApplication@2915399c
----------------- Done invoking toplevel() on ptolemy.moml.MoMLSimpleApplication@2915399c
reloadAllAccessors: .SynchronizerDE

===========================================================================================
----------------- testing Wed Jul 10 22:35:47 UTC 2019 /home/travis/build/icyphy/ptII/ptolemy/actor/lib/test/auto/Test.xml
----------------- Instantiating /home/travis/build/icyphy/ptII/ptolemy/actor/lib/test/auto/Test.xml
11 ms. Memory: 592896K Free: 280645K (47%)
----------------- Invoking toplevel() on ptolemy.moml.MoMLSimpleApplication@27882780
----------------- Done invoking toplevel() on ptolemy.moml.MoMLSimpleApplication@27882780
reloadAllAccessors: .Test

===========================================================================================
----------------- testing Wed Jul 10 22:35:48 UTC 2019 /home/travis/build/icyphy/ptII/ptolemy/actor/lib/test/auto/TestExceptionAttribute1.xml
----------------- Instantiating /home/travis/build/icyphy/ptII/ptolemy/actor/lib/test/auto/TestExceptionAttribute1.xml
2 ms. Memory: 592896K Free: 277059K (47%)
----------------- Invoking toplevel() on ptolemy.moml.MoMLSimpleApplication@97607b7
----------------- Done invoking toplevel() on ptolemy.moml.MoMLSimpleApplication@97607b7
reloadAllAccessors: .TestExceptionAttribute1

===========================================================================================
----------------- testing Wed Jul 10 22:35:48 UTC 2019 /home/travis/build/icyphy/ptII/ptolemy/actor/lib/test/auto/TestExceptionAttribute2.xml
----------------- Instantiating /home/travis/build/icyphy/ptII/ptolemy/actor/lib/test/auto/TestExceptionAttribute2.xml
2 ms. Memory: 592896K Free: 272963K (46%)
----------------- Invoking toplevel() on ptolemy.moml.MoMLSimpleApplication@4609b6eb
----------------- Done invoking toplevel() on ptolemy.moml.MoMLSimpleApplication@4609b6eb
reloadAllAccessors: .TestExceptionAttribute2

===========================================================================================
----------------- testing Wed Jul 10 22:35:48 UTC 2019 /home/travis/build/icyphy/ptII/ptolemy/actor/lib/test/auto/TestExceptionAttribute3.xml
----------------- Instantiating /home/travis/build/icyphy/ptII/ptolemy/actor/lib/test/auto/TestExceptionAttribute3.xml
.TestExceptionAttribute3.TestExceptionAttribute: initialize() was not invoked, but wrapup() was.  This is unusual, but not always a problem.  For example, exporting JNLP will do this.
1 ms. Memory: 592896K Free: 269381K (45%)
----------------- Invoking toplevel() on ptolemy.moml.MoMLSimpleApplication@6fb25038
----------------- Done invoking toplevel() on ptolemy.moml.MoMLSimpleApplication@6fb25038
reloadAllAccessors: .TestExceptionAttribute3

===========================================================================================
----------------- testing Wed Jul 10 22:35:48 UTC 2019 /home/travis/build/icyphy/ptII/ptolemy/actor/lib/test/auto/TestExceptionAttribute4.xml
----------------- Instantiating /home/travis/build/icyphy/ptII/ptolemy/actor/lib/test/auto/TestExceptionAttribute4.xml
.TestExceptionAttribute4.TestExceptionAttribute: initialize() was not invoked, but wrapup() was.  This is unusual, but not always a problem.  For example, exporting JNLP will do this.
.TestExceptionAttribute4.TestExceptionAttribute2: initialize() was not invoked, but wrapup() was.  This is unusual, but not always a problem.  For example, exporting JNLP will do this.
1 ms. Memory: 592896K Free: 265285K (45%)
----------------- Invoking toplevel() on ptolemy.moml.MoMLSimpleApplication@2806967a
----------------- Done invoking toplevel() on ptolemy.moml.MoMLSimpleApplication@2806967a
reloadAllAccessors: .TestExceptionAttribute4

===========================================================================================
----------------- testing Wed Jul 10 22:35:48 UTC 2019 /home/travis/build/icyphy/ptII/ptolemy/actor/lib/test/auto/TestExceptionHandler1.xml
----------------- Instantiating /home/travis/build/icyphy/ptII/ptolemy/actor/lib/test/auto/TestExceptionHandler1.xml
1 ms. Memory: 592896K Free: 261189K (44%)
----------------- Invoking toplevel() on ptolemy.moml.MoMLSimpleApplication@2fa84c23
----------------- Done invoking toplevel() on ptolemy.moml.MoMLSimpleApplication@2fa84c23
reloadAllAccessors: .TestExceptionHandler1

===========================================================================================
----------------- testing Wed Jul 10 22:35:48 UTC 2019 /home/travis/build/icyphy/ptII/ptolemy/actor/lib/test/auto/TestExceptionHandler2.xml
----------------- Instantiating /home/travis/build/icyphy/ptII/ptolemy/actor/lib/test/auto/TestExceptionHandler2.xml
2 ms. Memory: 592896K Free: 257603K (43%)
----------------- Invoking toplevel() on ptolemy.moml.MoMLSimpleApplication@37c23f6a
----------------- Done invoking toplevel() on ptolemy.moml.MoMLSimpleApplication@37c23f6a
reloadAllAccessors: .TestExceptionHandler2

===========================================================================================
----------------- testing Wed Jul 10 22:35:48 UTC 2019 /home/travis/build/icyphy/ptII/ptolemy/actor/lib/test/auto/TestExceptionHandler3.xml
----------------- Instantiating /home/travis/build/icyphy/ptII/ptolemy/actor/lib/test/auto/TestExceptionHandler3.xml
1 ms. Memory: 592896K Free: 254021K (43%)
----------------- Invoking toplevel() on ptolemy.moml.MoMLSimpleApplication@75e3c49c
----------------- Done invoking toplevel() on ptolemy.moml.MoMLSimpleApplication@75e3c49c
reloadAllAccessors: .TestExceptionHandler3

===========================================================================================
----------------- testing Wed Jul 10 22:35:48 UTC 2019 /home/travis/build/icyphy/ptII/ptolemy/actor/lib/test/auto/TestExceptionHandler4.xml
----------------- Instantiating /home/travis/build/icyphy/ptII/ptolemy/actor/lib/test/auto/TestExceptionHandler4.xml
1 ms. Memory: 592896K Free: 249411K (42%)
----------------- Invoking toplevel() on ptolemy.moml.MoMLSimpleApplication@5b7bdd4c
----------------- Done invoking toplevel() on ptolemy.moml.MoMLSimpleApplication@5b7bdd4c
reloadAllAccessors: .TestExceptionHandler4

===========================================================================================
----------------- testing Wed Jul 10 22:35:48 UTC 2019 /home/travis/build/icyphy/ptII/ptolemy/actor/lib/test/auto/TestRequireCorrectOrder.xml
----------------- Instantiating /home/travis/build/icyphy/ptII/ptolemy/actor/lib/test/auto/TestRequireCorrectOrder.xml
6 ms. Memory: 592896K Free: 244261K (41%)
----------------- Invoking toplevel() on ptolemy.moml.MoMLSimpleApplication@798d065d
----------------- Done invoking toplevel() on ptolemy.moml.MoMLSimpleApplication@798d065d
reloadAllAccessors: .TestRequireCorrectOrder

===========================================================================================
----------------- testing Wed Jul 10 22:35:48 UTC 2019 /home/travis/build/icyphy/ptII/ptolemy/actor/lib/test/auto/TestSimple.xml
----------------- Instantiating /home/travis/build/icyphy/ptII/ptolemy/actor/lib/test/auto/TestSimple.xml
1 ms. Memory: 592896K Free: 239685K (40%)
----------------- Invoking toplevel() on ptolemy.moml.MoMLSimpleApplication@782eba87
----------------- Done invoking toplevel() on ptolemy.moml.MoMLSimpleApplication@782eba87
reloadAllAccessors: .TestSimple

===========================================================================================
----------------- testing Wed Jul 10 22:35:48 UTC 2019 /home/travis/build/icyphy/ptII/ptolemy/actor/lib/test/auto/ThrowModelError.xml
----------------- Instantiating /home/travis/build/icyphy/ptII/ptolemy/actor/lib/test/auto/ThrowModelError.xml
2 ms. Memory: 592896K Free: 235075K (40%)
----------------- Invoking toplevel() on ptolemy.moml.MoMLSimpleApplication@4c0ccb9
----------------- Done invoking toplevel() on ptolemy.moml.MoMLSimpleApplication@4c0ccb9
reloadAllAccessors: .ThrowModelError

===========================================================================================
----------------- testing Wed Jul 10 22:35:48 UTC 2019 /home/travis/build/icyphy/ptII/ptolemy/actor/lib/test/auto/TimeDelayMicrosteps.xml
----------------- Instantiating /home/travis/build/icyphy/ptII/ptolemy/actor/lib/test/auto/TimeDelayMicrosteps.xml
4 ms. Memory: 592896K Free: 228917K (39%)
----------------- Invoking toplevel() on ptolemy.moml.MoMLSimpleApplication@5f92f415
----------------- Done invoking toplevel() on ptolemy.moml.MoMLSimpleApplication@5f92f415
reloadAllAccessors: .TimeDelayMicrosteps

===========================================================================================
----------------- testing Wed Jul 10 22:35:48 UTC 2019 /home/travis/build/icyphy/ptII/ptolemy/actor/lib/test/auto/TimeDelayMicrosteps2.xml
----------------- Instantiating /home/travis/build/icyphy/ptII/ptolemy/actor/lib/test/auto/TimeDelayMicrosteps2.xml
3 ms. Memory: 592896K Free: 221253K (37%)
----------------- Invoking toplevel() on ptolemy.moml.MoMLSimpleApplication@28bc7731
----------------- Done invoking toplevel() on ptolemy.moml.MoMLSimpleApplication@28bc7731
reloadAllAccessors: .TimeDelayMicrosteps2

===========================================================================================
----------------- testing Wed Jul 10 22:35:48 UTC 2019 /home/travis/build/icyphy/ptII/ptolemy/actor/lib/test/auto/TimeDelayMicrosteps3.xml
----------------- Instantiating /home/travis/build/icyphy/ptII/ptolemy/actor/lib/test/auto/TimeDelayMicrosteps3.xml
2 ms. Memory: 592896K Free: 214581K (36%)
----------------- Invoking toplevel() on ptolemy.moml.MoMLSimpleApplication@2a5a3536
----------------- Done invoking toplevel() on ptolemy.moml.MoMLSimpleApplication@2a5a3536
reloadAllAccessors: .TimeDelayMicrosteps3

===========================================================================================
----------------- testing Wed Jul 10 22:35:48 UTC 2019 /home/travis/build/icyphy/ptII/ptolemy/actor/lib/test/auto/TimeDelayVariableMicrosteps.xml
----------------- Instantiating /home/travis/build/icyphy/ptII/ptolemy/actor/lib/test/auto/TimeDelayVariableMicrosteps.xml
3 ms. Memory: 592896K Free: 206917K (35%)
----------------- Invoking toplevel() on ptolemy.moml.MoMLSimpleApplication@381c97af
----------------- Done invoking toplevel() on ptolemy.moml.MoMLSimpleApplication@381c97af
reloadAllAccessors: .TimeDelayVariableMicrosteps

===========================================================================================
----------------- testing Wed Jul 10 22:35:48 UTC 2019 /home/travis/build/icyphy/ptII/ptolemy/actor/lib/test/auto/TimeGap.xml
----------------- Instantiating /home/travis/build/icyphy/ptII/ptolemy/actor/lib/test/auto/TimeGap.xml
3 ms. Memory: 592896K Free: 201269K (34%)
----------------- Invoking toplevel() on ptolemy.moml.MoMLSimpleApplication@626032b4
----------------- Done invoking toplevel() on ptolemy.moml.MoMLSimpleApplication@626032b4
reloadAllAccessors: .TimeGap

===========================================================================================
----------------- testing Wed Jul 10 22:35:48 UTC 2019 /home/travis/build/icyphy/ptII/ptolemy/actor/lib/test/auto/TimeGap2.xml
----------------- Instantiating /home/travis/build/icyphy/ptII/ptolemy/actor/lib/test/auto/TimeGap2.xml
1 ms. Memory: 592896K Free: 195653K (33%)
----------------- Invoking toplevel() on ptolemy.moml.MoMLSimpleApplication@2dcba76d
----------------- Done invoking toplevel() on ptolemy.moml.MoMLSimpleApplication@2dcba76d
reloadAllAccessors: .TimeGap2

===========================================================================================
----------------- testing Wed Jul 10 22:35:48 UTC 2019 /home/travis/build/icyphy/ptII/ptolemy/actor/lib/test/auto/TimedSinewave.xml
----------------- Instantiating /home/travis/build/icyphy/ptII/ptolemy/actor/lib/test/auto/TimedSinewave.xml
36 ms. Memory: 592896K Free: 533504K (90%)
----------------- Invoking toplevel() on ptolemy.moml.MoMLSimpleApplication@736ab2fa
----------------- Done invoking toplevel() on ptolemy.moml.MoMLSimpleApplication@736ab2fa
reloadAllAccessors: .TimedSinewave

===========================================================================================
----------------- testing Wed Jul 10 22:35:48 UTC 2019 /home/travis/build/icyphy/ptII/ptolemy/actor/lib/test/auto/TimedSinewavePhase.xml
----------------- Instantiating /home/travis/build/icyphy/ptII/ptolemy/actor/lib/test/auto/TimedSinewavePhase.xml
11 ms. Memory: 592896K Free: 523264K (88%)
----------------- Invoking toplevel() on ptolemy.moml.MoMLSimpleApplication@3f79358d
----------------- Done invoking toplevel() on ptolemy.moml.MoMLSimpleApplication@3f79358d
reloadAllAccessors: .TimedSinewavePhase

===========================================================================================
----------------- testing Wed Jul 10 22:35:48 UTC 2019 /home/travis/build/icyphy/ptII/ptolemy/actor/lib/test/auto/Timer.xml
----------------- Instantiating /home/travis/build/icyphy/ptII/ptolemy/actor/lib/test/auto/Timer.xml
2 ms. Memory: 592896K Free: 517615K (87%)
----------------- Invoking toplevel() on ptolemy.moml.MoMLSimpleApplication@75833c45
----------------- Done invoking toplevel() on ptolemy.moml.MoMLSimpleApplication@75833c45
reloadAllAccessors: .Timer

===========================================================================================
----------------- testing Wed Jul 10 22:35:48 UTC 2019 /home/travis/build/icyphy/ptII/ptolemy/actor/lib/test/auto/TriangularDistTestModel.xml
----------------- Instantiating /home/travis/build/icyphy/ptII/ptolemy/actor/lib/test/auto/TriangularDistTestModel.xml
2 ms. Memory: 592896K Free: 511455K (86%)
----------------- Invoking toplevel() on ptolemy.moml.MoMLSimpleApplication@2f4e3d8
----------------- Done invoking toplevel() on ptolemy.moml.MoMLSimpleApplication@2f4e3d8
reloadAllAccessors: .TriangularDistTestModel

===========================================================================================
----------------- testing Wed Jul 10 22:35:48 UTC 2019 /home/travis/build/icyphy/ptII/ptolemy/actor/lib/test/auto/TrigFunction.xml
----------------- Instantiating /home/travis/build/icyphy/ptII/ptolemy/actor/lib/test/auto/TrigFunction.xml
1 ms. Memory: 592896K Free: 506880K (85%)
----------------- Invoking toplevel() on ptolemy.moml.MoMLSimpleApplication@3b192947
----------------- Done invoking toplevel() on ptolemy.moml.MoMLSimpleApplication@3b192947
reloadAllAccessors: .TrigFunction

===========================================================================================
----------------- testing Wed Jul 10 22:35:48 UTC 2019 /home/travis/build/icyphy/ptII/ptolemy/actor/lib/test/auto/TrigFunctionDE.xml
----------------- Instantiating /home/travis/build/icyphy/ptII/ptolemy/actor/lib/test/auto/TrigFunctionDE.xml
3 ms. Memory: 592896K Free: 500736K (84%)
----------------- Invoking toplevel() on ptolemy.moml.MoMLSimpleApplication@494d07b9
----------------- Done invoking toplevel() on ptolemy.moml.MoMLSimpleApplication@494d07b9
reloadAllAccessors: .TrigFunctionDE

===========================================================================================
----------------- testing Wed Jul 10 22:35:48 UTC 2019 /home/travis/build/icyphy/ptII/ptolemy/actor/lib/test/auto/TrigFunctionInverse.xml
----------------- Instantiating /home/travis/build/icyphy/ptII/ptolemy/actor/lib/test/auto/TrigFunctionInverse.xml
3 ms. Memory: 592896K Free: 495616K (84%)
----------------- Invoking toplevel() on ptolemy.moml.MoMLSimpleApplication@2a9491b5
----------------- Done invoking toplevel() on ptolemy.moml.MoMLSimpleApplication@2a9491b5
reloadAllAccessors: .TrigFunctionInverse

===========================================================================================
----------------- testing Wed Jul 10 22:35:48 UTC 2019 /home/travis/build/icyphy/ptII/ptolemy/actor/lib/test/auto/TrigFunctionTan.xml
----------------- Instantiating /home/travis/build/icyphy/ptII/ptolemy/actor/lib/test/auto/TrigFunctionTan.xml
2 ms. Memory: 592896K Free: 491520K (83%)
----------------- Invoking toplevel() on ptolemy.moml.MoMLSimpleApplication@20109c1d
----------------- Done invoking toplevel() on ptolemy.moml.MoMLSimpleApplication@20109c1d
reloadAllAccessors: .TrigFunctionTan

===========================================================================================
----------------- testing Wed Jul 10 22:35:48 UTC 2019 /home/travis/build/icyphy/ptII/ptolemy/actor/lib/test/auto/TriggeredClock.xml
----------------- Instantiating /home/travis/build/icyphy/ptII/ptolemy/actor/lib/test/auto/TriggeredClock.xml
2 ms. Memory: 592896K Free: 486383K (82%)
----------------- Invoking toplevel() on ptolemy.moml.MoMLSimpleApplication@7743f432
----------------- Done invoking toplevel() on ptolemy.moml.MoMLSimpleApplication@7743f432
reloadAllAccessors: .TriggeredClock

===========================================================================================
----------------- testing Wed Jul 10 22:35:48 UTC 2019 /home/travis/build/icyphy/ptII/ptolemy/actor/lib/test/auto/URLDirectoryReader.xml
----------------- Instantiating /home/travis/build/icyphy/ptII/ptolemy/actor/lib/test/auto/URLDirectoryReader.xml
32 ms. Memory: 592896K Free: 477694K (81%)
----------------- Invoking toplevel() on ptolemy.moml.MoMLSimpleApplication@3c68709c
----------------- Done invoking toplevel() on ptolemy.moml.MoMLSimpleApplication@3c68709c
reloadAllAccessors: .URLDirectoryReader

===========================================================================================
----------------- testing Wed Jul 10 22:35:48 UTC 2019 /home/travis/build/icyphy/ptII/ptolemy/actor/lib/test/auto/URLDirectoryReader3.xml
----------------- Instantiating /home/travis/build/icyphy/ptII/ptolemy/actor/lib/test/auto/URLDirectoryReader3.xml
1073 ms. Memory: 592896K Free: 537317K (91%)
----------------- Invoking toplevel() on ptolemy.moml.MoMLSimpleApplication@1b7f82ef
----------------- Done invoking toplevel() on ptolemy.moml.MoMLSimpleApplication@1b7f82ef
reloadAllAccessors: .URLDirectoryReader3

===========================================================================================
----------------- testing Wed Jul 10 22:35:49 UTC 2019 /home/travis/build/icyphy/ptII/ptolemy/actor/lib/test/auto/UnaryMathFunction.xml
----------------- Instantiating /home/travis/build/icyphy/ptII/ptolemy/actor/lib/test/auto/UnaryMathFunction.xml
2 ms. Memory: 592896K Free: 529125K (89%)
----------------- Invoking toplevel() on ptolemy.moml.MoMLSimpleApplication@5d45cbb1
----------------- Done invoking toplevel() on ptolemy.moml.MoMLSimpleApplication@5d45cbb1
reloadAllAccessors: .UnaryMathFunction

===========================================================================================
----------------- testing Wed Jul 10 22:35:49 UTC 2019 /home/travis/build/icyphy/ptII/ptolemy/actor/lib/test/auto/Uniform.xml
----------------- Instantiating /home/travis/build/icyphy/ptII/ptolemy/actor/lib/test/auto/Uniform.xml
4 ms. Memory: 592896K Free: 524509K (88%)
----------------- Invoking toplevel() on ptolemy.moml.MoMLSimpleApplication@5a27ed08
----------------- Done invoking toplevel() on ptolemy.moml.MoMLSimpleApplication@5a27ed08
reloadAllAccessors: .Uniform

===========================================================================================
----------------- testing Wed Jul 10 22:35:49 UTC 2019 /home/travis/build/icyphy/ptII/ptolemy/actor/lib/test/auto/UnionDisassemblerTest.xml
----------------- Instantiating /home/travis/build/icyphy/ptII/ptolemy/actor/lib/test/auto/UnionDisassemblerTest.xml
12 ms. Memory: 592896K Free: 520389K (88%)
----------------- Invoking toplevel() on ptolemy.moml.MoMLSimpleApplication@740e2440
----------------- Done invoking toplevel() on ptolemy.moml.MoMLSimpleApplication@740e2440
reloadAllAccessors: .UnionDisassemblerTest

===========================================================================================
----------------- testing Wed Jul 10 22:35:50 UTC 2019 /home/travis/build/icyphy/ptII/ptolemy/actor/lib/test/auto/UtilityFunctions.xml
----------------- Instantiating /home/travis/build/icyphy/ptII/ptolemy/actor/lib/test/auto/UtilityFunctions.xml
2 ms. Memory: 592896K Free: 516323K (87%)
----------------- Invoking toplevel() on ptolemy.moml.MoMLSimpleApplication@1bc94f92
----------------- Done invoking toplevel() on ptolemy.moml.MoMLSimpleApplication@1bc94f92
reloadAllAccessors: .UtilityFunctions

===========================================================================================
----------------- testing Wed Jul 10 22:35:50 UTC 2019 /home/travis/build/icyphy/ptII/ptolemy/actor/lib/test/auto/VariableSleep.xml
----------------- Instantiating /home/travis/build/icyphy/ptII/ptolemy/actor/lib/test/auto/VariableSleep.xml
504 ms. Memory: 592896K Free: 510693K (86%)
----------------- Invoking toplevel() on ptolemy.moml.MoMLSimpleApplication@3ac25ded
----------------- Done invoking toplevel() on ptolemy.moml.MoMLSimpleApplication@3ac25ded
reloadAllAccessors: .VariableSleep

===========================================================================================
----------------- testing Wed Jul 10 22:35:50 UTC 2019 /home/travis/build/icyphy/ptII/ptolemy/actor/lib/test/auto/VectorAssemblerDisassemblerCT.xml
----------------- Instantiating /home/travis/build/icyphy/ptII/ptolemy/actor/lib/test/auto/VectorAssemblerDisassemblerCT.xml
80 ms. Memory: 592896K Free: 490723K (83%)
----------------- Invoking toplevel() on ptolemy.moml.MoMLSimpleApplication@1a89cd83
----------------- Done invoking toplevel() on ptolemy.moml.MoMLSimpleApplication@1a89cd83
reloadAllAccessors: .VectorAssemblerDisassemblerCT

===========================================================================================
----------------- testing Wed Jul 10 22:35:50 UTC 2019 /home/travis/build/icyphy/ptII/ptolemy/actor/lib/test/auto/VectorAssemblerDisassemblerDE.xml
----------------- Instantiating /home/travis/build/icyphy/ptII/ptolemy/actor/lib/test/auto/VectorAssemblerDisassemblerDE.xml
3 ms. Memory: 592896K Free: 483045K (81%)
----------------- Invoking toplevel() on ptolemy.moml.MoMLSimpleApplication@6f04b93
----------------- Done invoking toplevel() on ptolemy.moml.MoMLSimpleApplication@6f04b93
reloadAllAccessors: .VectorAssemblerDisassemblerDE

===========================================================================================
----------------- testing Wed Jul 10 22:35:50 UTC 2019 /home/travis/build/icyphy/ptII/ptolemy/actor/lib/test/auto/VectorAssemblerDisassemblerSDF.xml
----------------- Instantiating /home/travis/build/icyphy/ptII/ptolemy/actor/lib/test/auto/VectorAssemblerDisassemblerSDF.xml
2 ms. Memory: 592896K Free: 476901K (80%)
----------------- Invoking toplevel() on ptolemy.moml.MoMLSimpleApplication@22830982
----------------- Done invoking toplevel() on ptolemy.moml.MoMLSimpleApplication@22830982
reloadAllAccessors: .VectorAssemblerDisassemblerSDF

===========================================================================================
----------------- testing Wed Jul 10 22:35:50 UTC 2019 /home/travis/build/icyphy/ptII/ptolemy/actor/lib/test/auto/WallClockTime.xml
----------------- Instantiating /home/travis/build/icyphy/ptII/ptolemy/actor/lib/test/auto/WallClockTime.xml
1005 ms. Memory: 592896K Free: 471781K (80%)
----------------- Invoking toplevel() on ptolemy.moml.MoMLSimpleApplication@2bed9b76
----------------- Done invoking toplevel() on ptolemy.moml.MoMLSimpleApplication@2bed9b76
reloadAllAccessors: .WallClockTime

===========================================================================================
----------------- testing Wed Jul 10 22:35:51 UTC 2019 /home/travis/build/icyphy/ptII/ptolemy/actor/lib/test/auto/WidthTestWithSubscriberPublisher.xml
----------------- Instantiating /home/travis/build/icyphy/ptII/ptolemy/actor/lib/test/auto/WidthTestWithSubscriberPublisher.xml
7 ms. Memory: 592896K Free: 453349K (76%)
----------------- Invoking toplevel() on ptolemy.moml.MoMLSimpleApplication@4c724f21
----------------- Done invoking toplevel() on ptolemy.moml.MoMLSimpleApplication@4c724f21
reloadAllAccessors: .WidthTestWithSubscriberPublisher

===========================================================================================
----------------- testing Wed Jul 10 22:35:51 UTC 2019 /home/travis/build/icyphy/ptII/ptolemy/actor/lib/test/auto/WidthTestWithSubscriberPublisher2.xml
----------------- Instantiating /home/travis/build/icyphy/ptII/ptolemy/actor/lib/test/auto/WidthTestWithSubscriberPublisher2.xml
2 ms. Memory: 592896K Free: 446691K (75%)
----------------- Invoking toplevel() on ptolemy.moml.MoMLSimpleApplication@75ac472b
----------------- Done invoking toplevel() on ptolemy.moml.MoMLSimpleApplication@75ac472b
reloadAllAccessors: .WidthTestWithSubscriberPublisher2

===========================================================================================
----------------- testing Wed Jul 10 22:35:51 UTC 2019 /home/travis/build/icyphy/ptII/ptolemy/actor/lib/test/auto/WidthTestWithSubscriberPublisher3.xml
----------------- Instantiating /home/travis/build/icyphy/ptII/ptolemy/actor/lib/test/auto/WidthTestWithSubscriberPublisher3.xml
2 ms. Memory: 592896K Free: 440547K (74%)
----------------- Invoking toplevel() on ptolemy.moml.MoMLSimpleApplication@63a3ba2
----------------- Done invoking toplevel() on ptolemy.moml.MoMLSimpleApplication@63a3ba2
reloadAllAccessors: .WidthTestWithSubscriberPublisher3

===========================================================================================
----------------- testing Wed Jul 10 22:35:51 UTC 2019 /home/travis/build/icyphy/ptII/ptolemy/actor/lib/test/auto/Writer.xml
----------------- Instantiating /home/travis/build/icyphy/ptII/ptolemy/actor/lib/test/auto/Writer.xml
0
1
2
3
4
1 ms. Memory: 592896K Free: 436451K (74%)
----------------- Invoking toplevel() on ptolemy.moml.MoMLSimpleApplication@40a0a214
----------------- Done invoking toplevel() on ptolemy.moml.MoMLSimpleApplication@40a0a214
reloadAllAccessors: .Writer

===========================================================================================
----------------- testing Wed Jul 10 22:35:51 UTC 2019 /home/travis/build/icyphy/ptII/ptolemy/actor/lib/test/auto/array.xml
----------------- Instantiating /home/travis/build/icyphy/ptII/ptolemy/actor/lib/test/auto/array.xml
2 ms. Memory: 592896K Free: 431331K (73%)
----------------- Invoking toplevel() on ptolemy.moml.MoMLSimpleApplication@3d327dda
----------------- Done invoking toplevel() on ptolemy.moml.MoMLSimpleApplication@3d327dda
reloadAllAccessors: .array

===========================================================================================
----------------- testing Wed Jul 10 22:35:51 UTC 2019 /home/travis/build/icyphy/ptII/ptolemy/actor/lib/test/auto/array2.xml
----------------- Instantiating /home/travis/build/icyphy/ptII/ptolemy/actor/lib/test/auto/array2.xml
8 ms. Memory: 592896K Free: 426197K (72%)
----------------- Invoking toplevel() on ptolemy.moml.MoMLSimpleApplication@1edfd52d
----------------- Done invoking toplevel() on ptolemy.moml.MoMLSimpleApplication@1edfd52d
reloadAllAccessors: .array2

===========================================================================================
----------------- testing Wed Jul 10 22:35:51 UTC 2019 /home/travis/build/icyphy/ptII/ptolemy/actor/lib/test/auto/arrayType.xml
----------------- Instantiating /home/travis/build/icyphy/ptII/ptolemy/actor/lib/test/auto/arrayType.xml
2 ms. Memory: 592896K Free: 420581K (71%)
----------------- Invoking toplevel() on ptolemy.moml.MoMLSimpleApplication@5b37d44f
----------------- Done invoking toplevel() on ptolemy.moml.MoMLSimpleApplication@5b37d44f
reloadAllAccessors: .arrayType

===========================================================================================
----------------- testing Wed Jul 10 22:35:51 UTC 2019 /home/travis/build/icyphy/ptII/ptolemy/actor/lib/test/auto/arrayType10.xml
----------------- Instantiating /home/travis/build/icyphy/ptII/ptolemy/actor/lib/test/auto/arrayType10.xml
2 ms. Memory: 592896K Free: 415971K (70%)
----------------- Invoking toplevel() on ptolemy.moml.MoMLSimpleApplication@695ca1a0
----------------- Done invoking toplevel() on ptolemy.moml.MoMLSimpleApplication@695ca1a0
reloadAllAccessors: .arrayType10

===========================================================================================
----------------- testing Wed Jul 10 22:35:51 UTC 2019 /home/travis/build/icyphy/ptII/ptolemy/actor/lib/test/auto/arrayType11.xml
----------------- Instantiating /home/travis/build/icyphy/ptII/ptolemy/actor/lib/test/auto/arrayType11.xml
2 ms. Memory: 592896K Free: 410851K (69%)
----------------- Invoking toplevel() on ptolemy.moml.MoMLSimpleApplication@6abb9d02
----------------- Done invoking toplevel() on ptolemy.moml.MoMLSimpleApplication@6abb9d02
reloadAllAccessors: .arrayType11

===========================================================================================
----------------- testing Wed Jul 10 22:35:51 UTC 2019 /home/travis/build/icyphy/ptII/ptolemy/actor/lib/test/auto/arrayType12.xml
----------------- Instantiating /home/travis/build/icyphy/ptII/ptolemy/actor/lib/test/auto/arrayType12.xml
1 ms. Memory: 592896K Free: 406245K (69%)
----------------- Invoking toplevel() on ptolemy.moml.MoMLSimpleApplication@3689b248
----------------- Done invoking toplevel() on ptolemy.moml.MoMLSimpleApplication@3689b248
reloadAllAccessors: .arrayType12

===========================================================================================
----------------- testing Wed Jul 10 22:35:51 UTC 2019 /home/travis/build/icyphy/ptII/ptolemy/actor/lib/test/auto/arrayType13.xml
----------------- Instantiating /home/travis/build/icyphy/ptII/ptolemy/actor/lib/test/auto/arrayType13.xml
2 ms. Memory: 592896K Free: 400611K (68%)
----------------- Invoking toplevel() on ptolemy.moml.MoMLSimpleApplication@5b88a128
----------------- Done invoking toplevel() on ptolemy.moml.MoMLSimpleApplication@5b88a128
reloadAllAccessors: .arrayType13

===========================================================================================
----------------- testing Wed Jul 10 22:35:51 UTC 2019 /home/travis/build/icyphy/ptII/ptolemy/actor/lib/test/auto/arrayType14.xml
----------------- Instantiating /home/travis/build/icyphy/ptII/ptolemy/actor/lib/test/auto/arrayType14.xml
2 ms. Memory: 592896K Free: 395491K (67%)
----------------- Invoking toplevel() on ptolemy.moml.MoMLSimpleApplication@d1eb5bb
----------------- Done invoking toplevel() on ptolemy.moml.MoMLSimpleApplication@d1eb5bb
reloadAllAccessors: .arrayType14

===========================================================================================
----------------- testing Wed Jul 10 22:35:51 UTC 2019 /home/travis/build/icyphy/ptII/ptolemy/actor/lib/test/auto/arrayType15.xml
----------------- Instantiating /home/travis/build/icyphy/ptII/ptolemy/actor/lib/test/auto/arrayType15.xml
5 ms. Memory: 592896K Free: 389861K (66%)
----------------- Invoking toplevel() on ptolemy.moml.MoMLSimpleApplication@32cb8c79
----------------- Done invoking toplevel() on ptolemy.moml.MoMLSimpleApplication@32cb8c79
reloadAllAccessors: .arrayType15

===========================================================================================
----------------- testing Wed Jul 10 22:35:51 UTC 2019 /home/travis/build/icyphy/ptII/ptolemy/actor/lib/test/auto/arrayType16.xml
----------------- Instantiating /home/travis/build/icyphy/ptII/ptolemy/actor/lib/test/auto/arrayType16.xml
1 ms. Memory: 592896K Free: 384741K (65%)
----------------- Invoking toplevel() on ptolemy.moml.MoMLSimpleApplication@787b1c33
----------------- Done invoking toplevel() on ptolemy.moml.MoMLSimpleApplication@787b1c33
reloadAllAccessors: .arrayType16

===========================================================================================
----------------- testing Wed Jul 10 22:35:51 UTC 2019 /home/travis/build/icyphy/ptII/ptolemy/actor/lib/test/auto/arrayType17.xml
----------------- Instantiating /home/travis/build/icyphy/ptII/ptolemy/actor/lib/test/auto/arrayType17.xml
2 ms. Memory: 592896K Free: 379107K (64%)
----------------- Invoking toplevel() on ptolemy.moml.MoMLSimpleApplication@6c759046
----------------- Done invoking toplevel() on ptolemy.moml.MoMLSimpleApplication@6c759046
reloadAllAccessors: .arrayType17

===========================================================================================
----------------- testing Wed Jul 10 22:35:51 UTC 2019 /home/travis/build/icyphy/ptII/ptolemy/actor/lib/test/auto/arrayType18.xml
----------------- Instantiating /home/travis/build/icyphy/ptII/ptolemy/actor/lib/test/auto/arrayType18.xml
3 ms. Memory: 592896K Free: 374501K (63%)
----------------- Invoking toplevel() on ptolemy.moml.MoMLSimpleApplication@6c29cc9b
----------------- Done invoking toplevel() on ptolemy.moml.MoMLSimpleApplication@6c29cc9b
reloadAllAccessors: .arrayType18

===========================================================================================
----------------- testing Wed Jul 10 22:35:52 UTC 2019 /home/travis/build/icyphy/ptII/ptolemy/actor/lib/test/auto/arrayType19.xml
----------------- Instantiating /home/travis/build/icyphy/ptII/ptolemy/actor/lib/test/auto/arrayType19.xml
2 ms. Memory: 592896K Free: 369381K (62%)
----------------- Invoking toplevel() on ptolemy.moml.MoMLSimpleApplication@6fe4c33c
----------------- Done invoking toplevel() on ptolemy.moml.MoMLSimpleApplication@6fe4c33c
reloadAllAccessors: .arrayType19

===========================================================================================
----------------- testing Wed Jul 10 22:35:52 UTC 2019 /home/travis/build/icyphy/ptII/ptolemy/actor/lib/test/auto/arrayType2.xml
----------------- Instantiating /home/travis/build/icyphy/ptII/ptolemy/actor/lib/test/auto/arrayType2.xml
2 ms. Memory: 592896K Free: 364261K (61%)
----------------- Invoking toplevel() on ptolemy.moml.MoMLSimpleApplication@2d16a221
----------------- Done invoking toplevel() on ptolemy.moml.MoMLSimpleApplication@2d16a221
reloadAllAccessors: .arrayType2

===========================================================================================
----------------- testing Wed Jul 10 22:35:52 UTC 2019 /home/travis/build/icyphy/ptII/ptolemy/actor/lib/test/auto/arrayType20.xml
----------------- Instantiating /home/travis/build/icyphy/ptII/ptolemy/actor/lib/test/auto/arrayType20.xml
1 ms. Memory: 592896K Free: 359141K (61%)
----------------- Invoking toplevel() on ptolemy.moml.MoMLSimpleApplication@5f166b09
----------------- Done invoking toplevel() on ptolemy.moml.MoMLSimpleApplication@5f166b09
reloadAllAccessors: .arrayType20

===========================================================================================
----------------- testing Wed Jul 10 22:35:52 UTC 2019 /home/travis/build/icyphy/ptII/ptolemy/actor/lib/test/auto/arrayType21.xml
----------------- Instantiating /home/travis/build/icyphy/ptII/ptolemy/actor/lib/test/auto/arrayType21.xml
1 ms. Memory: 592896K Free: 354531K (60%)
----------------- Invoking toplevel() on ptolemy.moml.MoMLSimpleApplication@693e8211
----------------- Done invoking toplevel() on ptolemy.moml.MoMLSimpleApplication@693e8211
reloadAllAccessors: .arrayType21

===========================================================================================
----------------- testing Wed Jul 10 22:35:52 UTC 2019 /home/travis/build/icyphy/ptII/ptolemy/actor/lib/test/auto/arrayType22.xml
----------------- Instantiating /home/travis/build/icyphy/ptII/ptolemy/actor/lib/test/auto/arrayType22.xml
2 ms. Memory: 592896K Free: 349411K (59%)
----------------- Invoking toplevel() on ptolemy.moml.MoMLSimpleApplication@60002b6a
----------------- Done invoking toplevel() on ptolemy.moml.MoMLSimpleApplication@60002b6a
reloadAllAccessors: .arrayType22

===========================================================================================
----------------- testing Wed Jul 10 22:35:52 UTC 2019 /home/travis/build/icyphy/ptII/ptolemy/actor/lib/test/auto/arrayType23.xml
----------------- Instantiating /home/travis/build/icyphy/ptII/ptolemy/actor/lib/test/auto/arrayType23.xml
2 ms. Memory: 592896K Free: 344805K (58%)
----------------- Invoking toplevel() on ptolemy.moml.MoMLSimpleApplication@34386b54
----------------- Done invoking toplevel() on ptolemy.moml.MoMLSimpleApplication@34386b54
reloadAllAccessors: .arrayType23

===========================================================================================
----------------- testing Wed Jul 10 22:35:52 UTC 2019 /home/travis/build/icyphy/ptII/ptolemy/actor/lib/test/auto/arrayType24.xml
----------------- Instantiating /home/travis/build/icyphy/ptII/ptolemy/actor/lib/test/auto/arrayType24.xml
1 ms. Memory: 592896K Free: 339685K (57%)
----------------- Invoking toplevel() on ptolemy.moml.MoMLSimpleApplication@9c21d90
----------------- Done invoking toplevel() on ptolemy.moml.MoMLSimpleApplication@9c21d90
reloadAllAccessors: .arrayType24

===========================================================================================
----------------- testing Wed Jul 10 22:35:52 UTC 2019 /home/travis/build/icyphy/ptII/ptolemy/actor/lib/test/auto/arrayType25.xml
----------------- Instantiating /home/travis/build/icyphy/ptII/ptolemy/actor/lib/test/auto/arrayType25.xml
1 ms. Memory: 592896K Free: 334565K (56%)
----------------- Invoking toplevel() on ptolemy.moml.MoMLSimpleApplication@1c6d1010
----------------- Done invoking toplevel() on ptolemy.moml.MoMLSimpleApplication@1c6d1010
reloadAllAccessors: .arrayType25

===========================================================================================
----------------- testing Wed Jul 10 22:35:52 UTC 2019 /home/travis/build/icyphy/ptII/ptolemy/actor/lib/test/auto/arrayType26.xml
----------------- Instantiating /home/travis/build/icyphy/ptII/ptolemy/actor/lib/test/auto/arrayType26.xml
2 ms. Memory: 592896K Free: 328931K (55%)
----------------- Invoking toplevel() on ptolemy.moml.MoMLSimpleApplication@78282afd
----------------- Done invoking toplevel() on ptolemy.moml.MoMLSimpleApplication@78282afd
reloadAllAccessors: .arrayType26

===========================================================================================
----------------- testing Wed Jul 10 22:35:52 UTC 2019 /home/travis/build/icyphy/ptII/ptolemy/actor/lib/test/auto/arrayType27.xml
----------------- Instantiating /home/travis/build/icyphy/ptII/ptolemy/actor/lib/test/auto/arrayType27.xml
2 ms. Memory: 592896K Free: 323811K (55%)
----------------- Invoking toplevel() on ptolemy.moml.MoMLSimpleApplication@3a68f5e
----------------- Done invoking toplevel() on ptolemy.moml.MoMLSimpleApplication@3a68f5e
reloadAllAccessors: .arrayType27

===========================================================================================
----------------- testing Wed Jul 10 22:35:52 UTC 2019 /home/travis/build/icyphy/ptII/ptolemy/actor/lib/test/auto/arrayType28.xml
----------------- Instantiating /home/travis/build/icyphy/ptII/ptolemy/actor/lib/test/auto/arrayType28.xml
2 ms. Memory: 592896K Free: 318181K (54%)
----------------- Invoking toplevel() on ptolemy.moml.MoMLSimpleApplication@4e06e790
----------------- Done invoking toplevel() on ptolemy.moml.MoMLSimpleApplication@4e06e790
reloadAllAccessors: .arrayType28

===========================================================================================
----------------- testing Wed Jul 10 22:35:52 UTC 2019 /home/travis/build/icyphy/ptII/ptolemy/actor/lib/test/auto/arrayType3.xml
----------------- Instantiating /home/travis/build/icyphy/ptII/ptolemy/actor/lib/test/auto/arrayType3.xml
6 ms. Memory: 592896K Free: 313061K (53%)
----------------- Invoking toplevel() on ptolemy.moml.MoMLSimpleApplication@51222b2f
----------------- Done invoking toplevel() on ptolemy.moml.MoMLSimpleApplication@51222b2f
reloadAllAccessors: .arrayType3

===========================================================================================
----------------- testing Wed Jul 10 22:35:52 UTC 2019 /home/travis/build/icyphy/ptII/ptolemy/actor/lib/test/auto/arrayType4.xml
----------------- Instantiating /home/travis/build/icyphy/ptII/ptolemy/actor/lib/test/auto/arrayType4.xml
1 ms. Memory: 592896K Free: 307427K (52%)
----------------- Invoking toplevel() on ptolemy.moml.MoMLSimpleApplication@4525f301
----------------- Done invoking toplevel() on ptolemy.moml.MoMLSimpleApplication@4525f301
reloadAllAccessors: .arrayType4

===========================================================================================
----------------- testing Wed Jul 10 22:35:52 UTC 2019 /home/travis/build/icyphy/ptII/ptolemy/actor/lib/test/auto/arrayType5.xml
----------------- Instantiating /home/travis/build/icyphy/ptII/ptolemy/actor/lib/test/auto/arrayType5.xml
1 ms. Memory: 592896K Free: 302307K (51%)
----------------- Invoking toplevel() on ptolemy.moml.MoMLSimpleApplication@d463cf8
----------------- Done invoking toplevel() on ptolemy.moml.MoMLSimpleApplication@d463cf8
reloadAllAccessors: .arrayType5

===========================================================================================
----------------- testing Wed Jul 10 22:35:52 UTC 2019 /home/travis/build/icyphy/ptII/ptolemy/actor/lib/test/auto/arrayType6.xml
----------------- Instantiating /home/travis/build/icyphy/ptII/ptolemy/actor/lib/test/auto/arrayType6.xml
2 ms. Memory: 592896K Free: 297187K (50%)
----------------- Invoking toplevel() on ptolemy.moml.MoMLSimpleApplication@16387e69
----------------- Done invoking toplevel() on ptolemy.moml.MoMLSimpleApplication@16387e69
reloadAllAccessors: .arrayType6

===========================================================================================
----------------- testing Wed Jul 10 22:35:52 UTC 2019 /home/travis/build/icyphy/ptII/ptolemy/actor/lib/test/auto/arrayType7.xml
----------------- Instantiating /home/travis/build/icyphy/ptII/ptolemy/actor/lib/test/auto/arrayType7.xml
7 ms. Memory: 592896K Free: 292067K (49%)
----------------- Invoking toplevel() on ptolemy.moml.MoMLSimpleApplication@46f6e2a7
----------------- Done invoking toplevel() on ptolemy.moml.MoMLSimpleApplication@46f6e2a7
reloadAllAccessors: .arrayType7

===========================================================================================
----------------- testing Wed Jul 10 22:35:52 UTC 2019 /home/travis/build/icyphy/ptII/ptolemy/actor/lib/test/auto/arrayType8.xml
----------------- Instantiating /home/travis/build/icyphy/ptII/ptolemy/actor/lib/test/auto/arrayType8.xml
2 ms. Memory: 592896K Free: 287461K (48%)
----------------- Invoking toplevel() on ptolemy.moml.MoMLSimpleApplication@2b307130
----------------- Done invoking toplevel() on ptolemy.moml.MoMLSimpleApplication@2b307130
reloadAllAccessors: .arrayType8

===========================================================================================
----------------- testing Wed Jul 10 22:35:52 UTC 2019 /home/travis/build/icyphy/ptII/ptolemy/actor/lib/test/auto/arrayType9.xml
----------------- Instantiating /home/travis/build/icyphy/ptII/ptolemy/actor/lib/test/auto/arrayType9.xml
1 ms. Memory: 592896K Free: 282341K (48%)
----------------- Invoking toplevel() on ptolemy.moml.MoMLSimpleApplication@2ac9a8e6
----------------- Done invoking toplevel() on ptolemy.moml.MoMLSimpleApplication@2ac9a8e6
reloadAllAccessors: .arrayType9

===========================================================================================
----------------- testing Wed Jul 10 22:35:52 UTC 2019 /home/travis/build/icyphy/ptII/ptolemy/actor/lib/test/auto/cast.xml
----------------- Instantiating /home/travis/build/icyphy/ptII/ptolemy/actor/lib/test/auto/cast.xml
10 ms. Memory: 592896K Free: 277731K (47%)
----------------- Invoking toplevel() on ptolemy.moml.MoMLSimpleApplication@2358fb6a
----------------- Done invoking toplevel() on ptolemy.moml.MoMLSimpleApplication@2358fb6a
reloadAllAccessors: .cast

===========================================================================================
----------------- testing Wed Jul 10 22:35:52 UTC 2019 /home/travis/build/icyphy/ptII/ptolemy/actor/lib/test/auto/compositeMultiPort.xml
----------------- Instantiating /home/travis/build/icyphy/ptII/ptolemy/actor/lib/test/auto/compositeMultiPort.xml
5 ms. Memory: 592896K Free: 268509K (45%)
----------------- Invoking toplevel() on ptolemy.moml.MoMLSimpleApplication@6af077b
----------------- Done invoking toplevel() on ptolemy.moml.MoMLSimpleApplication@6af077b
reloadAllAccessors: .compositeMultiPort

===========================================================================================
----------------- testing Wed Jul 10 22:35:52 UTC 2019 /home/travis/build/icyphy/ptII/ptolemy/actor/lib/test/auto/expressionCastInference.xml
----------------- Instantiating /home/travis/build/icyphy/ptII/ptolemy/actor/lib/test/auto/expressionCastInference.xml
2 ms. Memory: 592896K Free: 263909K (45%)
----------------- Invoking toplevel() on ptolemy.moml.MoMLSimpleApplication@30fb833f
----------------- Done invoking toplevel() on ptolemy.moml.MoMLSimpleApplication@30fb833f
reloadAllAccessors: .expressionCastInference

===========================================================================================
----------------- testing Wed Jul 10 22:35:52 UTC 2019 /home/travis/build/icyphy/ptII/ptolemy/actor/lib/test/auto/expressionCastInference2.xml
----------------- Instantiating /home/travis/build/icyphy/ptII/ptolemy/actor/lib/test/auto/expressionCastInference2.xml
2 ms. Memory: 592896K Free: 258789K (44%)
----------------- Invoking toplevel() on ptolemy.moml.MoMLSimpleApplication@2a1a5f2a
----------------- Done invoking toplevel() on ptolemy.moml.MoMLSimpleApplication@2a1a5f2a
reloadAllAccessors: .expressionCastInference2

===========================================================================================
----------------- testing Wed Jul 10 22:35:52 UTC 2019 /home/travis/build/icyphy/ptII/ptolemy/actor/lib/test/auto/expressionInference.xml
----------------- Instantiating /home/travis/build/icyphy/ptII/ptolemy/actor/lib/test/auto/expressionInference.xml
1 ms. Memory: 592896K Free: 254693K (43%)
----------------- Invoking toplevel() on ptolemy.moml.MoMLSimpleApplication@7650233f
----------------- Done invoking toplevel() on ptolemy.moml.MoMLSimpleApplication@7650233f
reloadAllAccessors: .expressionInference

===========================================================================================
----------------- testing Wed Jul 10 22:35:52 UTC 2019 /home/travis/build/icyphy/ptII/ptolemy/actor/lib/test/auto/expression_bug.xml
----------------- Instantiating /home/travis/build/icyphy/ptII/ptolemy/actor/lib/test/auto/expression_bug.xml
2 ms. Memory: 592896K Free: 250083K (42%)
----------------- Invoking toplevel() on ptolemy.moml.MoMLSimpleApplication@7bcfb1b1
----------------- Done invoking toplevel() on ptolemy.moml.MoMLSimpleApplication@7bcfb1b1
reloadAllAccessors: .expression_bug

===========================================================================================
----------------- testing Wed Jul 10 22:35:52 UTC 2019 /home/travis/build/icyphy/ptII/ptolemy/actor/lib/test/auto/factorial.xml
----------------- Instantiating /home/travis/build/icyphy/ptII/ptolemy/actor/lib/test/auto/factorial.xml
33 ms. Memory: 592896K Free: 241381K (41%)
----------------- Invoking toplevel() on ptolemy.moml.MoMLSimpleApplication@3affd001
----------------- Done invoking toplevel() on ptolemy.moml.MoMLSimpleApplication@3affd001
reloadAllAccessors: .factorial

===========================================================================================
----------------- testing Wed Jul 10 22:35:52 UTC 2019 /home/travis/build/icyphy/ptII/ptolemy/actor/lib/test/auto/filterTest1.xml
----------------- Instantiating /home/travis/build/icyphy/ptII/ptolemy/actor/lib/test/auto/filterTest1.xml
5 ms. Memory: 592896K Free: 235733K (40%)
----------------- Invoking toplevel() on ptolemy.moml.MoMLSimpleApplication@191e87c6
----------------- Done invoking toplevel() on ptolemy.moml.MoMLSimpleApplication@191e87c6
reloadAllAccessors: .filterTest1

===========================================================================================
----------------- testing Wed Jul 10 22:35:52 UTC 2019 /home/travis/build/icyphy/ptII/ptolemy/actor/lib/test/auto/funcApplyInConst.xml
----------------- Instantiating /home/travis/build/icyphy/ptII/ptolemy/actor/lib/test/auto/funcApplyInConst.xml
1 ms. Memory: 592896K Free: 231651K (39%)
----------------- Invoking toplevel() on ptolemy.moml.MoMLSimpleApplication@42c563e7
----------------- Done invoking toplevel() on ptolemy.moml.MoMLSimpleApplication@42c563e7
reloadAllAccessors: .funcApplyInConst

===========================================================================================
----------------- testing Wed Jul 10 22:35:52 UTC 2019 /home/travis/build/icyphy/ptII/ptolemy/actor/lib/test/auto/funcApplyInExpr.xml
----------------- Instantiating /home/travis/build/icyphy/ptII/ptolemy/actor/lib/test/auto/funcApplyInExpr.xml
1 ms. Memory: 592896K Free: 228069K (38%)
----------------- Invoking toplevel() on ptolemy.moml.MoMLSimpleApplication@71796137
----------------- Done invoking toplevel() on ptolemy.moml.MoMLSimpleApplication@71796137
reloadAllAccessors: .funcApplyInExpr

===========================================================================================
----------------- testing Wed Jul 10 22:35:52 UTC 2019 /home/travis/build/icyphy/ptII/ptolemy/actor/lib/test/auto/function.xml
----------------- Instantiating /home/travis/build/icyphy/ptII/ptolemy/actor/lib/test/auto/function.xml
1 ms. Memory: 592896K Free: 222949K (38%)
----------------- Invoking toplevel() on ptolemy.moml.MoMLSimpleApplication@323defd
----------------- Done invoking toplevel() on ptolemy.moml.MoMLSimpleApplication@323defd
reloadAllAccessors: .function

===========================================================================================
----------------- testing Wed Jul 10 22:35:52 UTC 2019 /home/travis/build/icyphy/ptII/ptolemy/actor/lib/test/auto/function2.xml
----------------- Instantiating /home/travis/build/icyphy/ptII/ptolemy/actor/lib/test/auto/function2.xml
2 ms. Memory: 592896K Free: 217829K (37%)
----------------- Invoking toplevel() on ptolemy.moml.MoMLSimpleApplication@72f18a92
----------------- Done invoking toplevel() on ptolemy.moml.MoMLSimpleApplication@72f18a92
reloadAllAccessors: .function2

===========================================================================================
----------------- testing Wed Jul 10 22:35:52 UTC 2019 /home/travis/build/icyphy/ptII/ptolemy/actor/lib/test/auto/function3.xml
----------------- Instantiating /home/travis/build/icyphy/ptII/ptolemy/actor/lib/test/auto/function3.xml
1 ms. Memory: 592896K Free: 214243K (36%)
----------------- Invoking toplevel() on ptolemy.moml.MoMLSimpleApplication@370977e8
----------------- Done invoking toplevel() on ptolemy.moml.MoMLSimpleApplication@370977e8
reloadAllAccessors: .function3

===========================================================================================
----------------- testing Wed Jul 10 22:35:52 UTC 2019 /home/travis/build/icyphy/ptII/ptolemy/actor/lib/test/auto/functionClosureTest1.xml
----------------- Instantiating /home/travis/build/icyphy/ptII/ptolemy/actor/lib/test/auto/functionClosureTest1.xml
2 ms. Memory: 592896K Free: 537722K (91%)
----------------- Invoking toplevel() on ptolemy.moml.MoMLSimpleApplication@c0ca797
----------------- Done invoking toplevel() on ptolemy.moml.MoMLSimpleApplication@c0ca797
reloadAllAccessors: .functionClosureTest1

===========================================================================================
----------------- testing Wed Jul 10 22:35:52 UTC 2019 /home/travis/build/icyphy/ptII/ptolemy/actor/lib/test/auto/functionClosureTest2.xml
----------------- Instantiating /home/travis/build/icyphy/ptII/ptolemy/actor/lib/test/auto/functionClosureTest2.xml
2 ms. Memory: 592896K Free: 533626K (90%)
----------------- Invoking toplevel() on ptolemy.moml.MoMLSimpleApplication@22d868d5
----------------- Done invoking toplevel() on ptolemy.moml.MoMLSimpleApplication@22d868d5
reloadAllAccessors: .functionClosureTest2

===========================================================================================
----------------- testing Wed Jul 10 22:35:52 UTC 2019 /home/travis/build/icyphy/ptII/ptolemy/actor/lib/test/auto/functionClosureTest3.xml
----------------- Instantiating /home/travis/build/icyphy/ptII/ptolemy/actor/lib/test/auto/functionClosureTest3.xml
5 ms. Memory: 592896K Free: 527962K (89%)
----------------- Invoking toplevel() on ptolemy.moml.MoMLSimpleApplication@2180c22c
----------------- Done invoking toplevel() on ptolemy.moml.MoMLSimpleApplication@2180c22c
reloadAllAccessors: .functionClosureTest3

===========================================================================================
----------------- testing Wed Jul 10 22:35:52 UTC 2019 /home/travis/build/icyphy/ptII/ptolemy/actor/lib/test/auto/functionClosureTest4.xml
----------------- Instantiating /home/travis/build/icyphy/ptII/ptolemy/actor/lib/test/auto/functionClosureTest4.xml
5 ms. Memory: 592896K Free: 521848K (88%)
----------------- Invoking toplevel() on ptolemy.moml.MoMLSimpleApplication@5325b976
----------------- Done invoking toplevel() on ptolemy.moml.MoMLSimpleApplication@5325b976
reloadAllAccessors: .functionClosureTest4

===========================================================================================
----------------- testing Wed Jul 10 22:35:52 UTC 2019 /home/travis/build/icyphy/ptII/ptolemy/actor/lib/test/auto/functionClosureTest5.xml
----------------- Instantiating /home/travis/build/icyphy/ptII/ptolemy/actor/lib/test/auto/functionClosureTest5.xml
5 ms. Memory: 592896K Free: 516218K (87%)
----------------- Invoking toplevel() on ptolemy.moml.MoMLSimpleApplication@173f823
----------------- Done invoking toplevel() on ptolemy.moml.MoMLSimpleApplication@173f823
reloadAllAccessors: .functionClosureTest5

===========================================================================================
----------------- testing Wed Jul 10 22:35:52 UTC 2019 /home/travis/build/icyphy/ptII/ptolemy/actor/lib/test/auto/functionClosureTest6.xml
----------------- Instantiating /home/travis/build/icyphy/ptII/ptolemy/actor/lib/test/auto/functionClosureTest6.xml
1 ms. Memory: 592896K Free: 511098K (86%)
----------------- Invoking toplevel() on ptolemy.moml.MoMLSimpleApplication@2598063b
----------------- Done invoking toplevel() on ptolemy.moml.MoMLSimpleApplication@2598063b
reloadAllAccessors: .functionClosureTest6

===========================================================================================
----------------- testing Wed Jul 10 22:35:52 UTC 2019 /home/travis/build/icyphy/ptII/ptolemy/actor/lib/test/auto/functionsOnArcs.xml
----------------- Instantiating /home/travis/build/icyphy/ptII/ptolemy/actor/lib/test/auto/functionsOnArcs.xml
29 ms. Memory: 592896K Free: 505978K (85%)
----------------- Invoking toplevel() on ptolemy.moml.MoMLSimpleApplication@5faf8e72
----------------- Done invoking toplevel() on ptolemy.moml.MoMLSimpleApplication@5faf8e72
reloadAllAccessors: .functionsOnArcs

===========================================================================================
----------------- testing Wed Jul 10 22:35:52 UTC 2019 /home/travis/build/icyphy/ptII/ptolemy/actor/lib/test/auto/functionsOnArcsHOF.xml
----------------- Instantiating /home/travis/build/icyphy/ptII/ptolemy/actor/lib/test/auto/functionsOnArcsHOF.xml
5 ms. Memory: 592896K Free: 499834K (84%)
----------------- Invoking toplevel() on ptolemy.moml.MoMLSimpleApplication@4edaacf7
----------------- Done invoking toplevel() on ptolemy.moml.MoMLSimpleApplication@4edaacf7
reloadAllAccessors: .functionsOnArcsHOF

===========================================================================================
----------------- testing Wed Jul 10 22:35:52 UTC 2019 /home/travis/build/icyphy/ptII/ptolemy/actor/lib/test/auto/logic.xml
----------------- Instantiating /home/travis/build/icyphy/ptII/ptolemy/actor/lib/test/auto/logic.xml
2 ms. Memory: 592896K Free: 492666K (83%)
----------------- Invoking toplevel() on ptolemy.moml.MoMLSimpleApplication@633551d7
----------------- Done invoking toplevel() on ptolemy.moml.MoMLSimpleApplication@633551d7
reloadAllAccessors: .logic

===========================================================================================
----------------- testing Wed Jul 10 22:35:52 UTC 2019 /home/travis/build/icyphy/ptII/ptolemy/actor/lib/test/auto/matrixType.xml
----------------- Instantiating /home/travis/build/icyphy/ptII/ptolemy/actor/lib/test/auto/matrixType.xml
2 ms. Memory: 592896K Free: 487032K (82%)
----------------- Invoking toplevel() on ptolemy.moml.MoMLSimpleApplication@7754cc55
----------------- Done invoking toplevel() on ptolemy.moml.MoMLSimpleApplication@7754cc55
reloadAllAccessors: .matrixType

===========================================================================================
----------------- testing Wed Jul 10 22:35:52 UTC 2019 /home/travis/build/icyphy/ptII/ptolemy/actor/lib/test/auto/matrixType10.xml
----------------- Instantiating /home/travis/build/icyphy/ptII/ptolemy/actor/lib/test/auto/matrixType10.xml
2 ms. Memory: 592896K Free: 481912K (81%)
----------------- Invoking toplevel() on ptolemy.moml.MoMLSimpleApplication@3e3881e9
----------------- Done invoking toplevel() on ptolemy.moml.MoMLSimpleApplication@3e3881e9
reloadAllAccessors: .matrixType10

===========================================================================================
----------------- testing Wed Jul 10 22:35:52 UTC 2019 /home/travis/build/icyphy/ptII/ptolemy/actor/lib/test/auto/matrixType11.xml
----------------- Instantiating /home/travis/build/icyphy/ptII/ptolemy/actor/lib/test/auto/matrixType11.xml
2 ms. Memory: 592896K Free: 477306K (81%)
----------------- Invoking toplevel() on ptolemy.moml.MoMLSimpleApplication@6bb54bb5
----------------- Done invoking toplevel() on ptolemy.moml.MoMLSimpleApplication@6bb54bb5
reloadAllAccessors: .matrixType11

===========================================================================================
----------------- testing Wed Jul 10 22:35:52 UTC 2019 /home/travis/build/icyphy/ptII/ptolemy/actor/lib/test/auto/matrixType12.xml
----------------- Instantiating /home/travis/build/icyphy/ptII/ptolemy/actor/lib/test/auto/matrixType12.xml
1 ms. Memory: 592896K Free: 472184K (80%)
----------------- Invoking toplevel() on ptolemy.moml.MoMLSimpleApplication@478869b
----------------- Done invoking toplevel() on ptolemy.moml.MoMLSimpleApplication@478869b
reloadAllAccessors: .matrixType12

===========================================================================================
----------------- testing Wed Jul 10 22:35:52 UTC 2019 /home/travis/build/icyphy/ptII/ptolemy/actor/lib/test/auto/matrixType13.xml
----------------- Instantiating /home/travis/build/icyphy/ptII/ptolemy/actor/lib/test/auto/matrixType13.xml
2 ms. Memory: 592896K Free: 467576K (79%)
----------------- Invoking toplevel() on ptolemy.moml.MoMLSimpleApplication@23eef595
----------------- Done invoking toplevel() on ptolemy.moml.MoMLSimpleApplication@23eef595
reloadAllAccessors: .matrixType13

===========================================================================================
----------------- testing Wed Jul 10 22:35:52 UTC 2019 /home/travis/build/icyphy/ptII/ptolemy/actor/lib/test/auto/matrixType14.xml
----------------- Instantiating /home/travis/build/icyphy/ptII/ptolemy/actor/lib/test/auto/matrixType14.xml
1 ms. Memory: 592896K Free: 462456K (78%)
----------------- Invoking toplevel() on ptolemy.moml.MoMLSimpleApplication@6efb707b
----------------- Done invoking toplevel() on ptolemy.moml.MoMLSimpleApplication@6efb707b
reloadAllAccessors: .matrixType14

===========================================================================================
----------------- testing Wed Jul 10 22:35:52 UTC 2019 /home/travis/build/icyphy/ptII/ptolemy/actor/lib/test/auto/matrixType2.xml
----------------- Instantiating /home/travis/build/icyphy/ptII/ptolemy/actor/lib/test/auto/matrixType2.xml
1 ms. Memory: 592896K Free: 457336K (77%)
----------------- Invoking toplevel() on ptolemy.moml.MoMLSimpleApplication@28e991a
----------------- Done invoking toplevel() on ptolemy.moml.MoMLSimpleApplication@28e991a
reloadAllAccessors: .matrixType2

===========================================================================================
----------------- testing Wed Jul 10 22:35:52 UTC 2019 /home/travis/build/icyphy/ptII/ptolemy/actor/lib/test/auto/matrixType3.xml
----------------- Instantiating /home/travis/build/icyphy/ptII/ptolemy/actor/lib/test/auto/matrixType3.xml
3 ms. Memory: 592896K Free: 452730K (76%)
----------------- Invoking toplevel() on ptolemy.moml.MoMLSimpleApplication@5d9f2056
----------------- Done invoking toplevel() on ptolemy.moml.MoMLSimpleApplication@5d9f2056
reloadAllAccessors: .matrixType3

===========================================================================================
----------------- testing Wed Jul 10 22:35:52 UTC 2019 /home/travis/build/icyphy/ptII/ptolemy/actor/lib/test/auto/matrixType4.xml
----------------- Instantiating /home/travis/build/icyphy/ptII/ptolemy/actor/lib/test/auto/matrixType4.xml
1 ms. Memory: 592896K Free: 447610K (75%)
----------------- Invoking toplevel() on ptolemy.moml.MoMLSimpleApplication@c25e287
----------------- Done invoking toplevel() on ptolemy.moml.MoMLSimpleApplication@c25e287
reloadAllAccessors: .matrixType4

===========================================================================================
----------------- testing Wed Jul 10 22:35:52 UTC 2019 /home/travis/build/icyphy/ptII/ptolemy/actor/lib/test/auto/matrixType5.xml
----------------- Instantiating /home/travis/build/icyphy/ptII/ptolemy/actor/lib/test/auto/matrixType5.xml
1 ms. Memory: 592896K Free: 442490K (75%)
----------------- Invoking toplevel() on ptolemy.moml.MoMLSimpleApplication@5047fde3
----------------- Done invoking toplevel() on ptolemy.moml.MoMLSimpleApplication@5047fde3
reloadAllAccessors: .matrixType5

===========================================================================================
----------------- testing Wed Jul 10 22:35:52 UTC 2019 /home/travis/build/icyphy/ptII/ptolemy/actor/lib/test/auto/matrixType6.xml
----------------- Instantiating /home/travis/build/icyphy/ptII/ptolemy/actor/lib/test/auto/matrixType6.xml
2 ms. Memory: 592896K Free: 437880K (74%)
----------------- Invoking toplevel() on ptolemy.moml.MoMLSimpleApplication@6422b03e
----------------- Done invoking toplevel() on ptolemy.moml.MoMLSimpleApplication@6422b03e
reloadAllAccessors: .matrixType6

===========================================================================================
----------------- testing Wed Jul 10 22:35:52 UTC 2019 /home/travis/build/icyphy/ptII/ptolemy/actor/lib/test/auto/matrixType7.xml
----------------- Instantiating /home/travis/build/icyphy/ptII/ptolemy/actor/lib/test/auto/matrixType7.xml
2 ms. Memory: 592896K Free: 432760K (73%)
----------------- Invoking toplevel() on ptolemy.moml.MoMLSimpleApplication@1212de75
----------------- Done invoking toplevel() on ptolemy.moml.MoMLSimpleApplication@1212de75
reloadAllAccessors: .matrixType7

===========================================================================================
----------------- testing Wed Jul 10 22:35:52 UTC 2019 /home/travis/build/icyphy/ptII/ptolemy/actor/lib/test/auto/matrixType8.xml
----------------- Instantiating /home/travis/build/icyphy/ptII/ptolemy/actor/lib/test/auto/matrixType8.xml
1 ms. Memory: 592896K Free: 427640K (72%)
----------------- Invoking toplevel() on ptolemy.moml.MoMLSimpleApplication@13042036
----------------- Done invoking toplevel() on ptolemy.moml.MoMLSimpleApplication@13042036
reloadAllAccessors: .matrixType8

===========================================================================================
----------------- testing Wed Jul 10 22:35:52 UTC 2019 /home/travis/build/icyphy/ptII/ptolemy/actor/lib/test/auto/matrixType9.xml
----------------- Instantiating /home/travis/build/icyphy/ptII/ptolemy/actor/lib/test/auto/matrixType9.xml
1 ms. Memory: 592896K Free: 423034K (71%)
----------------- Invoking toplevel() on ptolemy.moml.MoMLSimpleApplication@23eac38d
----------------- Done invoking toplevel() on ptolemy.moml.MoMLSimpleApplication@23eac38d
reloadAllAccessors: .matrixType9

===========================================================================================
----------------- testing Wed Jul 10 22:35:52 UTC 2019 /home/travis/build/icyphy/ptII/ptolemy/actor/lib/test/auto/paraFunctest.xml
----------------- Instantiating /home/travis/build/icyphy/ptII/ptolemy/actor/lib/test/auto/paraFunctest.xml
1 ms. Memory: 592896K Free: 418938K (71%)
----------------- Invoking toplevel() on ptolemy.moml.MoMLSimpleApplication@35f9920
----------------- Done invoking toplevel() on ptolemy.moml.MoMLSimpleApplication@35f9920
reloadAllAccessors: .paraFunctest

===========================================================================================
----------------- testing Wed Jul 10 22:35:53 UTC 2019 /home/travis/build/icyphy/ptII/ptolemy/actor/lib/test/auto/paraFunctest2.xml
----------------- Instantiating /home/travis/build/icyphy/ptII/ptolemy/actor/lib/test/auto/paraFunctest2.xml
1 ms. Memory: 592896K Free: 414328K (70%)
----------------- Invoking toplevel() on ptolemy.moml.MoMLSimpleApplication@46880c70
----------------- Done invoking toplevel() on ptolemy.moml.MoMLSimpleApplication@46880c70
reloadAllAccessors: .paraFunctest2

===========================================================================================
----------------- testing Wed Jul 10 22:35:53 UTC 2019 /home/travis/build/icyphy/ptII/ptolemy/actor/lib/test/auto/parameterPassing.xml
----------------- Instantiating /home/travis/build/icyphy/ptII/ptolemy/actor/lib/test/auto/parameterPassing.xml
1 ms. Memory: 592896K Free: 410232K (69%)
----------------- Invoking toplevel() on ptolemy.moml.MoMLSimpleApplication@6f0c04cd
----------------- Done invoking toplevel() on ptolemy.moml.MoMLSimpleApplication@6f0c04cd
reloadAllAccessors: .parameterPassing

===========================================================================================
----------------- testing Wed Jul 10 22:35:53 UTC 2019 /home/travis/build/icyphy/ptII/ptolemy/actor/lib/test/auto/record.xml
----------------- Instantiating /home/travis/build/icyphy/ptII/ptolemy/actor/lib/test/auto/record.xml
3 ms. Memory: 592896K Free: 405112K (68%)
----------------- Invoking toplevel() on ptolemy.moml.MoMLSimpleApplication@3654821c
----------------- Done invoking toplevel() on ptolemy.moml.MoMLSimpleApplication@3654821c
reloadAllAccessors: .record

===========================================================================================
----------------- testing Wed Jul 10 22:35:53 UTC 2019 /home/travis/build/icyphy/ptII/ptolemy/actor/lib/test/auto/sizedarray1.xml
----------------- Instantiating /home/travis/build/icyphy/ptII/ptolemy/actor/lib/test/auto/sizedarray1.xml
2 ms. Memory: 592896K Free: 399482K (67%)
----------------- Invoking toplevel() on ptolemy.moml.MoMLSimpleApplication@50b95310
----------------- Done invoking toplevel() on ptolemy.moml.MoMLSimpleApplication@50b95310
reloadAllAccessors: .sizedarray1

===========================================================================================
----------------- testing Wed Jul 10 22:35:53 UTC 2019 /home/travis/build/icyphy/ptII/ptolemy/actor/lib/test/auto/sizedarray2.xml
----------------- Instantiating /home/travis/build/icyphy/ptII/ptolemy/actor/lib/test/auto/sizedarray2.xml
3 ms. Memory: 592896K Free: 393848K (66%)
----------------- Invoking toplevel() on ptolemy.moml.MoMLSimpleApplication@77e05b3a
----------------- Done invoking toplevel() on ptolemy.moml.MoMLSimpleApplication@77e05b3a
reloadAllAccessors: .sizedarray2

===========================================================================================
----------------- testing Wed Jul 10 22:35:53 UTC 2019 /home/travis/build/icyphy/ptII/ptolemy/actor/lib/test/auto/twoPublishers.xml
----------------- Instantiating /home/travis/build/icyphy/ptII/ptolemy/actor/lib/test/auto/twoPublishers.xml
6 ms. Memory: 592896K Free: 383098K (65%)
----------------- Invoking toplevel() on ptolemy.moml.MoMLSimpleApplication@16d01a1b
----------------- Done invoking toplevel() on ptolemy.moml.MoMLSimpleApplication@16d01a1b
reloadAllAccessors: .twoPublishers
AutoTests.java: About to close Vertx.
AutoTests.java: Vertx closed.
]]></system-out>
  <system-err><![CDATA[java.lang.RuntimeException: Execution failed
	at ptolemy.moml.MoMLSimpleApplication$UnloadThread.run(MoMLSimpleApplication.java:402)
Caused by: java.lang.RuntimeException: StringUtilities.exit() was called. Normally, we would exit here because Manager.exitAfterWrapup() was called.  However, because the ptolemy.ptII.exitAfterWrapup property is set, we throw this exception instead.
	at ptolemy.util.StringUtilities.exit(StringUtilities.java:363)
	at ptolemy.actor.Manager.wrapup(Manager.java:1531)
	at ptolemy.actor.Manager.execute(Manager.java:407)
	at ptolemy.actor.Manager.run(Manager.java:1263)
	at ptolemy.actor.Manager$PtolemyRunThread.run(Manager.java:1915)
Warning: '.top.test' is in training mode, set the trainingMode parameter to false before checking in
Warning: '.top.test' is in training mode, set the trainingMode parameter to false before checking in
Warning: '.top.test' is in training mode, set the trainingMode parameter to false before checking in
Warning: '.BooleanSwitch_RegressionTest_WrongTrainingValues.Test' is in training mode, set the trainingMode parameter to false before checking in
Warning: '.BooleanSwitch_RegressionTest_WrongTrainingValues.Test2' is in training mode, set the trainingMode parameter to false before checking in
Warning: '.BooleanSwitch_RegressionTest_WrongTrainingValues.Test2' The test produced 0 tokens.
Warning: '.top.testExceptionHandler' is in training mode, set the trainingMode parameter to false before checking in
java.lang.RuntimeException: Execution failed
	at ptolemy.moml.MoMLSimpleApplication$UnloadThread.run(MoMLSimpleApplication.java:402)
Caused by: ptolemy.kernel.util.IllegalActionException: PublisherPorts cannot be used at the top level, use a Publisher actor instead.
  in .PublisherPortToplevelSubscriber.PublisherPort
	at ptolemy.actor.PublisherPort.preinitialize(PublisherPort.java:403)
	at ptolemy.actor.CompositeActor.preinitialize(CompositeActor.java:1769)
	at ptolemy.actor.Manager.preinitializeAndResolveTypes(Manager.java:1040)
	at ptolemy.actor.Manager.initialize(Manager.java:710)
	at ptolemy.actor.Manager.execute(Manager.java:356)
	at ptolemy.actor.Manager.run(Manager.java:1263)
	at ptolemy.actor.Manager$PtolemyRunThread.run(Manager.java:1915)
java.lang.reflect.InvocationTargetException
	at java.base/jdk.internal.reflect.NativeConstructorAccessorImpl.newInstance0(Native Method)
	at java.base/jdk.internal.reflect.NativeConstructorAccessorImpl.newInstance(NativeConstructorAccessorImpl.java:62)
	at java.base/jdk.internal.reflect.DelegatingConstructorAccessorImpl.newInstance(DelegatingConstructorAccessorImpl.java:45)
	at java.base/java.lang.reflect.Constructor.newInstance(Constructor.java:488)
	at ptolemy.util.test.junit.AutoKnownFailedTests.RunModel(AutoKnownFailedTests.java:105)
	at java.base/jdk.internal.reflect.NativeMethodAccessorImpl.invoke0(Native Method)
	at java.base/jdk.internal.reflect.NativeMethodAccessorImpl.invoke(NativeMethodAccessorImpl.java:62)
	at java.base/jdk.internal.reflect.DelegatingMethodAccessorImpl.invoke(DelegatingMethodAccessorImpl.java:43)
	at java.base/java.lang.reflect.Method.invoke(Method.java:564)
	at org.junit.runners.model.FrameworkMethod$1.runReflectiveCall(FrameworkMethod.java:44)
	at org.junit.internal.runners.model.ReflectiveCallable.run(ReflectiveCallable.java:15)
	at org.junit.runners.model.FrameworkMethod.invokeExplosively(FrameworkMethod.java:41)
	at junitparams.internal.InvokeParameterisedMethod.evaluate(InvokeParameterisedMethod.java:102)
	at org.junit.internal.runners.statements.FailOnTimeout$1.run(FailOnTimeout.java:28)
Caused by: ptolemy.kernel.util.IllegalActionException: PublisherPorts cannot be used at the top level, use a Publisher actor instead.
  in .PublisherPortToplevelSubscriber.PublisherPort
	at ptolemy.actor.PublisherPort.preinitialize(PublisherPort.java:403)
	at ptolemy.actor.CompositeActor.preinitialize(CompositeActor.java:1769)
	at ptolemy.actor.Manager.preinitializeAndResolveTypes(Manager.java:1040)
	at ptolemy.actor.Manager.initialize(Manager.java:710)
	at ptolemy.actor.Manager.execute(Manager.java:356)
	at ptolemy.actor.Manager.run(Manager.java:1263)
	at ptolemy.actor.Manager$PtolemyRunThread.run(Manager.java:1915)
java.lang.RuntimeException: Execution failed
	at ptolemy.moml.MoMLSimpleApplication$UnloadThread.run(MoMLSimpleApplication.java:402)
Caused by: ptolemy.kernel.util.IllegalActionException: SubscriberPorts cannot be used at the top level, use a Subscriber actor instead.
  in .PublisherSubscriberPortToplevel.SubscriberPort
	at ptolemy.actor.SubscriberPort.preinitialize(SubscriberPort.java:328)
	at ptolemy.actor.CompositeActor.preinitialize(CompositeActor.java:1769)
	at ptolemy.actor.Manager.preinitializeAndResolveTypes(Manager.java:1040)
	at ptolemy.actor.Manager.initialize(Manager.java:710)
	at ptolemy.actor.Manager.execute(Manager.java:356)
	at ptolemy.actor.Manager.run(Manager.java:1263)
	at ptolemy.actor.Manager$PtolemyRunThread.run(Manager.java:1915)
java.lang.reflect.InvocationTargetException
	at java.base/jdk.internal.reflect.NativeConstructorAccessorImpl.newInstance0(Native Method)
	at java.base/jdk.internal.reflect.NativeConstructorAccessorImpl.newInstance(NativeConstructorAccessorImpl.java:62)
	at java.base/jdk.internal.reflect.DelegatingConstructorAccessorImpl.newInstance(DelegatingConstructorAccessorImpl.java:45)
	at java.base/java.lang.reflect.Constructor.newInstance(Constructor.java:488)
	at ptolemy.util.test.junit.AutoKnownFailedTests.RunModel(AutoKnownFailedTests.java:105)
	at java.base/jdk.internal.reflect.NativeMethodAccessorImpl.invoke0(Native Method)
	at java.base/jdk.internal.reflect.NativeMethodAccessorImpl.invoke(NativeMethodAccessorImpl.java:62)
	at java.base/jdk.internal.reflect.DelegatingMethodAccessorImpl.invoke(DelegatingMethodAccessorImpl.java:43)
	at java.base/java.lang.reflect.Method.invoke(Method.java:564)
	at org.junit.runners.model.FrameworkMethod$1.runReflectiveCall(FrameworkMethod.java:44)
	at org.junit.internal.runners.model.ReflectiveCallable.run(ReflectiveCallable.java:15)
	at org.junit.runners.model.FrameworkMethod.invokeExplosively(FrameworkMethod.java:41)
	at junitparams.internal.InvokeParameterisedMethod.evaluate(InvokeParameterisedMethod.java:102)
	at org.junit.internal.runners.statements.FailOnTimeout$1.run(FailOnTimeout.java:28)
Caused by: ptolemy.kernel.util.IllegalActionException: SubscriberPorts cannot be used at the top level, use a Subscriber actor instead.
  in .PublisherSubscriberPortToplevel.SubscriberPort
	at ptolemy.actor.SubscriberPort.preinitialize(SubscriberPort.java:328)
	at ptolemy.actor.CompositeActor.preinitialize(CompositeActor.java:1769)
	at ptolemy.actor.Manager.preinitializeAndResolveTypes(Manager.java:1040)
	at ptolemy.actor.Manager.initialize(Manager.java:710)
	at ptolemy.actor.Manager.execute(Manager.java:356)
	at ptolemy.actor.Manager.run(Manager.java:1263)
	at ptolemy.actor.Manager$PtolemyRunThread.run(Manager.java:1915)
java.lang.RuntimeException: Execution failed
	at ptolemy.moml.MoMLSimpleApplication$UnloadThread.run(MoMLSimpleApplication.java:402)
Caused by: ptolemy.kernel.util.IllegalActionException: SubscriptionAggregatorPorts cannot be used at the top level, use a SubscriptionAggregator actor instead.
  in .PublisherSubscriptionAggregatorPort.SubscriptionAggregatorPort
	at ptolemy.actor.SubscriptionAggregatorPort.preinitialize(SubscriptionAggregatorPort.java:353)
	at ptolemy.actor.CompositeActor.preinitialize(CompositeActor.java:1769)
	at ptolemy.actor.Manager.preinitializeAndResolveTypes(Manager.java:1040)
	at ptolemy.actor.Manager.initialize(Manager.java:710)
	at ptolemy.actor.Manager.execute(Manager.java:356)
	at ptolemy.actor.Manager.run(Manager.java:1263)
	at ptolemy.actor.Manager$PtolemyRunThread.run(Manager.java:1915)
java.lang.reflect.InvocationTargetException
	at java.base/jdk.internal.reflect.NativeConstructorAccessorImpl.newInstance0(Native Method)
	at java.base/jdk.internal.reflect.NativeConstructorAccessorImpl.newInstance(NativeConstructorAccessorImpl.java:62)
	at java.base/jdk.internal.reflect.DelegatingConstructorAccessorImpl.newInstance(DelegatingConstructorAccessorImpl.java:45)
	at java.base/java.lang.reflect.Constructor.newInstance(Constructor.java:488)
	at ptolemy.util.test.junit.AutoKnownFailedTests.RunModel(AutoKnownFailedTests.java:105)
	at java.base/jdk.internal.reflect.NativeMethodAccessorImpl.invoke0(Native Method)
	at java.base/jdk.internal.reflect.NativeMethodAccessorImpl.invoke(NativeMethodAccessorImpl.java:62)
	at java.base/jdk.internal.reflect.DelegatingMethodAccessorImpl.invoke(DelegatingMethodAccessorImpl.java:43)
	at java.base/java.lang.reflect.Method.invoke(Method.java:564)
	at org.junit.runners.model.FrameworkMethod$1.runReflectiveCall(FrameworkMethod.java:44)
	at org.junit.internal.runners.model.ReflectiveCallable.run(ReflectiveCallable.java:15)
	at org.junit.runners.model.FrameworkMethod.invokeExplosively(FrameworkMethod.java:41)
	at junitparams.internal.InvokeParameterisedMethod.evaluate(InvokeParameterisedMethod.java:102)
	at org.junit.internal.runners.statements.FailOnTimeout$1.run(FailOnTimeout.java:28)
Caused by: ptolemy.kernel.util.IllegalActionException: SubscriptionAggregatorPorts cannot be used at the top level, use a SubscriptionAggregator actor instead.
  in .PublisherSubscriptionAggregatorPort.SubscriptionAggregatorPort
	at ptolemy.actor.SubscriptionAggregatorPort.preinitialize(SubscriptionAggregatorPort.java:353)
	at ptolemy.actor.CompositeActor.preinitialize(CompositeActor.java:1769)
	at ptolemy.actor.Manager.preinitializeAndResolveTypes(Manager.java:1040)
	at ptolemy.actor.Manager.initialize(Manager.java:710)
	at ptolemy.actor.Manager.execute(Manager.java:356)
	at ptolemy.actor.Manager.run(Manager.java:1263)
	at ptolemy.actor.Manager$PtolemyRunThread.run(Manager.java:1915)
java.lang.RuntimeException: Execution failed
	at ptolemy.moml.MoMLSimpleApplication$UnloadThread.run(MoMLSimpleApplication.java:402)
Caused by: ptolemy.kernel.util.IllegalActionException: TypeTest actor has no training data.
  in .sizedarray3.TypeTest
	at ptolemy.actor.lib.TypeTest.initialize(TypeTest.java:250)
	at ptolemy.actor.Director.initialize(Director.java:938)
	at ptolemy.actor.Director.initialize(Director.java:907)
	at ptolemy.actor.sched.StaticSchedulingDirector.initialize(StaticSchedulingDirector.java:159)
	at ptolemy.domains.sdf.kernel.SDFDirector.initialize(SDFDirector.java:544)
	at ptolemy.actor.CompositeActor.initialize(CompositeActor.java:935)
	at ptolemy.actor.Manager.initialize(Manager.java:724)
	at ptolemy.actor.Manager.execute(Manager.java:356)
	at ptolemy.actor.Manager.run(Manager.java:1263)
	at ptolemy.actor.Manager$PtolemyRunThread.run(Manager.java:1915)
java.lang.reflect.InvocationTargetException
	at java.base/jdk.internal.reflect.NativeConstructorAccessorImpl.newInstance0(Native Method)
	at java.base/jdk.internal.reflect.NativeConstructorAccessorImpl.newInstance(NativeConstructorAccessorImpl.java:62)
	at java.base/jdk.internal.reflect.DelegatingConstructorAccessorImpl.newInstance(DelegatingConstructorAccessorImpl.java:45)
	at java.base/java.lang.reflect.Constructor.newInstance(Constructor.java:488)
	at ptolemy.util.test.junit.AutoKnownFailedTests.RunModel(AutoKnownFailedTests.java:105)
	at java.base/jdk.internal.reflect.NativeMethodAccessorImpl.invoke0(Native Method)
	at java.base/jdk.internal.reflect.NativeMethodAccessorImpl.invoke(NativeMethodAccessorImpl.java:62)
	at java.base/jdk.internal.reflect.DelegatingMethodAccessorImpl.invoke(DelegatingMethodAccessorImpl.java:43)
	at java.base/java.lang.reflect.Method.invoke(Method.java:564)
	at org.junit.runners.model.FrameworkMethod$1.runReflectiveCall(FrameworkMethod.java:44)
	at org.junit.internal.runners.model.ReflectiveCallable.run(ReflectiveCallable.java:15)
	at org.junit.runners.model.FrameworkMethod.invokeExplosively(FrameworkMethod.java:41)
	at junitparams.internal.InvokeParameterisedMethod.evaluate(InvokeParameterisedMethod.java:102)
	at org.junit.internal.runners.statements.FailOnTimeout$1.run(FailOnTimeout.java:28)
Caused by: ptolemy.kernel.util.IllegalActionException: TypeTest actor has no training data.
  in .sizedarray3.TypeTest
	at ptolemy.actor.lib.TypeTest.initialize(TypeTest.java:250)
	at ptolemy.actor.Director.initialize(Director.java:938)
	at ptolemy.actor.Director.initialize(Director.java:907)
	at ptolemy.actor.sched.StaticSchedulingDirector.initialize(StaticSchedulingDirector.java:159)
	at ptolemy.domains.sdf.kernel.SDFDirector.initialize(SDFDirector.java:544)
	at ptolemy.actor.CompositeActor.initialize(CompositeActor.java:935)
	at ptolemy.actor.Manager.initialize(Manager.java:724)
	at ptolemy.actor.Manager.execute(Manager.java:356)
	at ptolemy.actor.Manager.run(Manager.java:1263)
	at ptolemy.actor.Manager$PtolemyRunThread.run(Manager.java:1915)
java.lang.RuntimeException: Execution failed
	at ptolemy.moml.MoMLSimpleApplication$UnloadThread.run(MoMLSimpleApplication.java:402)
Caused by: ptolemy.kernel.util.IllegalActionException: Test fails in iteration 0.
Value was: "WARNING: An illegal reflective access operation has occurred\nWARNING: Illegal reflective access by io.netty.util.internal.ReflectionUtil (file:/home/travis/build/icyphy/ptII/lib/netty-common-4.1.19.Final.jar) to constructor java.nio.DirectByteBuffer(long,int)\nWARNING: Please consider reporting this to the maintainers of io.netty.util.internal.ReflectionUtil\nWARNING: Use --illegal-access=warn to enable warnings of further illegal reflective access operations\nWARNING: All illegal access operations will be denied in a future release\n". Should have been: ""
  in .ExecRunDemos.Test
	at ptolemy.actor.lib.Test.fire(Test.java:268)
	at ptolemy.actor.AtomicActor.iterate(AtomicActor.java:512)
	at ptolemy.actor.sched.StaticSchedulingDirector.fire(StaticSchedulingDirector.java:216)
	at ptolemy.domains.sdf.kernel.SDFDirector.fire(SDFDirector.java:500)
	at ptolemy.actor.CompositeActor.fire(CompositeActor.java:455)
	at ptolemy.actor.Manager.iterate(Manager.java:851)
	at ptolemy.actor.Manager.execute(Manager.java:369)
	at ptolemy.actor.Manager.run(Manager.java:1263)
	at ptolemy.actor.Manager$PtolemyRunThread.run(Manager.java:1915)
]]></system-err>
</testsuite>
