<?xml version="1.0" encoding="UTF-8" ?>
<testsuite errors="0" failures="0" hostname="travis-job-1ebc5a7b-a2dd-42c4-94ca-a8514430f6bf" name="ptolemy.actor.lib.io.test.junit.JUnitTclTest" skipped="0" tests="32" time="4.231" timestamp="2021-08-23T21:14:27">
  <properties>
    <property name="npm.executable" value="npm" />
    <property name="env.TRAVIS_ROOT" value="/" />
    <property name="ptII.mk.exists" value="true" />
    <property name="env.TRAVIS_APP_HOST" value="build.travis-ci.com" />
    <property name="env.rvm_bin_path" value="/home/travis/.rvm/bin" />
    <property name="java.home" value="/usr/local/lib/jvm/openjdk11" />
    <property name="env.TRAVIS_JOB_NUMBER" value="1834.8" />
    <property name="env.TRAVIS_HOME" value="/home/travis" />
    <property name="env.DISPLAY" value=":99.0" />
    <property name="env.TRAVIS_INIT" value="systemd" />
    <property name="env.SSH_TTY" value="/dev/pts/0" />
    <property name="java.net.preferIPv4Stack" value="true" />
    <property name="env.RUN_TESTS" value="true" />
    <property name="timeout.short" value="1000000" />
    <property name="junit.formatter" value="xml" />
    <property name="env.TRAVIS_SUDO" value="true" />
    <property name="env.TRAVIS_JOB_NAME" value="" />
    <property name="env.TRAVIS_STACK_NODE_ATTRIBUTES" value="/.node-attributes.yml" />
    <property name="env.LOGNAME" value="travis" />
    <property name="env.PT_TRAVIS_TEST_CORE1_XML" value="true" />
    <property name="jsdoc.home" value="node_modules/@terraswarm/jsdoc" />
    <property name="debuglevel" value="source,lines,vars" />
    <property name="checkstyle.formatter" value="xml" />
    <property name="bin.vergil.makeable" value="true" />
    <property name="sun.os.patch.level" value="unknown" />
    <property name="java.vendor.url" value="http://java.oracle.com/" />
    <property name="env.TRAVIS_BUILD_WEB_URL" value="https://app.travis-ci.com/icyphy/ptII/builds/236032578" />
    <property name="java.version" value="11.0.2" />
    <property name="env.TZ" value="UTC" />
    <property name="env.TRAVIS_PULL_REQUEST_SHA" value="" />
    <property name="env.PT_NO_NET" value="true" />
    <property name="env.TRAVIS_SECURE_ENV_VARS" value="true" />
    <property name="java.vendor.url.bug" value="http://bugreport.java.com/bugreport/" />
    <property name="npmjs-org-is-up" value="true" />
    <property name="env.LANGUAGE" value="en_US.UTF-8" />
    <property name="env.SSH_CLIENT" value="10.16.1.16 57920 22" />
    <property name="env.GEM_HOME" value="/home/travis/.rvm/gems/ruby-2.5.3" />
    <property name="env.HAS_ANTARES_THREE_LITTLE_FRONZIES_BADGE" value="true" />
    <property name="java.version.date" value="2019-01-15" />
    <property name="env.PS4" value="+" />
    <property name="ant.project.invoked-targets" value="build,test.core1.xml" />
    <property name="env.TRAVIS_PULL_REQUEST_BRANCH" value="" />
    <property name="env.TRAVIS_REPO_SLUG" value="icyphy/ptII" />
    <property name="env.XDG_DATA_DIRS" value="/usr/local/share:/usr/share:/var/lib/snapd/desktop" />
    <property name="jdk.debug" value="release" />
    <property name="env.TRAVIS_APT_PROXY" value="http://build-cache.travisci.net" />
    <property name="env.TRAVIS_CPU_ARCH" value="amd64" />
    <property name="node.in.path" value="true" />
    <property name="user.name" value="travis" />
    <property name="java.maxmemory" value="1400m" />
    <property name="env.RUBY_VERSION" value="ruby-2.5.3" />
    <property name="env.LANG" value="en_US.UTF-8" />
    <property name="sun.io.unicode.encoding" value="UnicodeLittle" />
    <property name="sun.jnu.encoding" value="UTF-8" />
    <property name="java.runtime.name" value="OpenJDK Runtime Environment" />
    <property name="usefile" value="false" />
    <property name="return.code" value="0" />
    <property name="junit.single.formatter" value="plain" />
    <property name="env.DYLD_LIBRARY_PATH" value="/home/travis/pthla/certi-tools/lib:" />
    <property name="env.DEBIAN_FRONTEND" value="noninteractive" />
    <property name="env.SSH_CONNECTION" value="10.16.1.16 57920 10.30.0.107 22" />
    <property name="env.MYSQL_UNIX_PORT" value="/var/run/mysqld/mysqld.sock" />
    <property name="env.LC_ALL" value="en_US.UTF-8" />
    <property name="env.TRAVIS_ALLOW_FAILURE" value="" />
    <property name="env.TRAVIS_JOB_WEB_URL" value="https://app.travis-ci.com/icyphy/ptII/jobs/533322361" />
    <property name="java.specification.name" value="Java Platform API Specification" />
    <property name="node.works" value="true" />
    <property name="user.timezone" value="" />
    <property name="path.separator" value=":" />
    <property name="env.TRAVIS_ENABLE_INFRA_DETECTION" value="true" />
    <property name="env.PYTHON_CFLAGS" value="-g -fstack-protector --param=ssp-buffer-size=4 -Wformat -Werror=format-security" />
    <property name="timeout.long" value="4000000" />
    <property name="env.CERTI_HOME" value="/home/travis/pthla/certi-tools" />
    <property name="ant.file.ptII" value="/home/travis/build/icyphy/ptII/build.xml" />
    <property name="javadoc.packagenames" value="com.*,diva.*,lbnl.*,org.hlacerti.*,org.json.*,org.ptolemy.*,org.terraswarm.*,ptolemy.*,ptserver.*" />
    <property name="file.encoding" value="UTF-8" />
    <property name="env.TRAVIS_PULL_REQUEST_SLUG" value="" />
    <property name="ant.project.default-target" value="build" />
    <property name="env.GIT_ASKPASS" value="echo" />
    <property name="env.HOME" value="/home/travis" />
    <property name="sun.java.command" value="org.apache.tools.ant.taskdefs.optional.junit.JUnitTestRunner ptolemy.actor.lib.io.test.junit.JUnitTclTest skipNonTests=false filtertrace=true haltOnError=false haltOnFailure=false formatter=org.apache.tools.ant.taskdefs.optional.junit.OutErrSummaryJUnitResultFormatter showoutput=true outputtoformatters=true logfailedtests=true threadid=0 logtestlistenerevents=false formatter=org.apache.tools.ant.taskdefs.optional.junit.XMLJUnitResultFormatter,/home/travis/build/icyphy/ptII/reports/junit/TEST-ptolemy.actor.lib.io.test.junit.JUnitTclTest.xml crashfile=/home/travis/build/icyphy/ptII/junitvmwatcher14953074184549829511.properties propsfile=/home/travis/build/icyphy/ptII/junit2508057596901763992.properties" />
    <property name="env.COMPOSER_NO_INTERACTION" value="1" />
    <property name="env.MANPATH" value="/home/travis/.nvm/versions/node/v7.10.1/share/man:/home/travis/.rvm/rubies/ruby-2.5.3/share/man:/usr/local/cmake-3.12.4/man:/usr/local/clang-7.0.0/share/man:/usr/local/man:/usr/local/share/man:/usr/share/man:/home/travis/.rvm/man" />
    <property name="env.TRAVIS_TIMER_ID" value="00239328" />
    <property name="ant.file" value="/home/travis/build/icyphy/ptII/build.xml" />
    <property name="env.TRAVIS_COMMIT_RANGE" value="" />
    <property name="ptII.classpath.optional.property" value="/home/travis/build/icyphy/ptII/lib/bsh-2.0b4.jar:/home/travis/build/icyphy/ptII/lib/ptCal.jar:/home/travis/build/icyphy/ptII/lib/java_cup.jar:/home/travis/build/icyphy/ptII/lib/saxon8.jar:/home/travis/build/icyphy/ptII/lib/saxon8-dom.jar:/home/travis/build/icyphy/ptII/lib/chic.jar:/home/travis/build/icyphy/ptII/lib/ptcolt.jar:/home/travis/build/icyphy/ptII/vendors/misc/itext/iText.jar:/home/travis/build/icyphy/ptII/lib/g4ltl.jar:/home/travis/build/icyphy/ptII/lib/StructuralCoder.jar:/home/travis/build/icyphy/ptII/lib/jcerti.jar:/home/travis/build/icyphy/ptII/lib/javax.mail.jar:/home/travis/build/icyphy/ptII/vendors/JMF-2.1.1e/lib/jmf.jar:/home/travis/build/icyphy/ptII/lib/jna-4.0.0-variadic.jar:/home/travis/build/icyphy/ptII/vendors/misc/joystick/Joystick.jar:/home/travis/build/icyphy/ptII/lib/ptjacl.jar:/home/travis/build/icyphy/ptII/lib/jsoup-1.8.2.jar:/home/travis/build/icyphy/ptII/lib/junit-4.8.2.jar:/home/travis/build/icyphy/ptII/lib/JUnitParams-0.4.0.jar:/home/travis/build/icyphy/ptII/ptolemy/actor/lib/excel/jxl.jar:/home/travis/build/icyphy/ptII/lib/jython.jar:/home/travis/build/icyphy/ptII/lib/kieler.jar:/home/travis/build/icyphy/ptII/vendors/opencv/share/OpenCV/java/opencv-341.jar:/home/travis/build/icyphy/ptII/lib/oscP5.jar:/home/travis/build/icyphy/ptII/lib/nrjavaserial-3.11.0.devel.jar:/home/travis/build/icyphy/ptII/vendors/j3d/lib/Linux/j3dcore.jar:/home/travis/build/icyphy/ptII/vendors/j3d/lib/Linux/j3dutils.jar:/home/travis/build/icyphy/ptII/vendors/j3d/lib/Linux/vecmath.jar:/home/travis/build/icyphy/ptII/vendors/jogl/lib/Linux/gluegen-rt-natives-linux-amd64.jar:/home/travis/build/icyphy/ptII/vendors/jogl/lib/Linux/gluegen-rt.jar:/home/travis/build/icyphy/ptII/vendors/jogl/lib/Linux/jogl-all-natives-linux-amd64.jar:/home/travis/build/icyphy/ptII/vendors/jogl/lib/Linux/jogl-all.jar:/home/travis/build/icyphy/ptII/ptolemy/distributed/jini/jar/jini-core.jar:/home/travis/build/icyphy/ptII/ptolemy/distributed/jini/jar/jini-ext.jar:/home/travis/build/icyphy/ptII/ptolemy/distributed/jini/jar/sun-util.jar:/home/travis/build/icyphy/ptII/lib/protobuf-java-2.4.1.jar:/home/travis/build/icyphy/ptII/lib/org.eclipse.paho.client.mqttv3.jar:/home/travis/build/icyphy/ptII/lib/mapss.jar:/home/travis/build/icyphy/ptII/ptolemy/actor/ptalon/antlr/antlr.jar:/home/travis/build/icyphy/ptII/lib/JRI.jar:/home/travis/build/icyphy/ptII/lib/commons-lang-2.6.jar:/home/travis/build/icyphy/ptII/lib/commons-logging-1.1.1.jar:/home/travis/build/icyphy/ptII/lib/sootclasses.jar:/home/travis/build/icyphy/ptII/ptolemy/actor/lib/database/mysql-connector-java-5.1.6-bin.jar:/home/travis/build/icyphy/ptII/vendors/misc/sphinx4/sphinx4-data-5prealpha.jar:/home/travis/build/icyphy/ptII/vendors/misc/sphinx4/sphinx4-core-5prealpha.jar:/home/travis/build/icyphy/ptII/lib/PDFRenderer.jar:/home/travis/build/icyphy/ptII/lib/svgSalamander.jar:/home/travis/build/icyphy/ptII/lib/rsyntaxtextarea-2.6.0-SNAPSHOT.jar:/home/travis/build/icyphy/ptII/lib/hazelcast-3.8.2.jar:/home/travis/build/icyphy/ptII/lib/jackson-annotations-2.9.0.jar:/home/travis/build/icyphy/ptII/lib/jackson-core-2.9.3.jar:/home/travis/build/icyphy/ptII/lib/jackson-databind-2.9.3.jar:/home/travis/build/icyphy/ptII/lib/netty-buffer-4.1.19.Final.jar:/home/travis/build/icyphy/ptII/lib/netty-codec-4.1.19.Final.jar:/home/travis/build/icyphy/ptII/lib/netty-codec-dns-4.1.19.Final.jar:/home/travis/build/icyphy/ptII/lib/netty-codec-http-4.1.19.Final.jar:/home/travis/build/icyphy/ptII/lib/netty-codec-http2-4.1.19.Final.jar:/home/travis/build/icyphy/ptII/lib/netty-common-4.1.19.Final.jar:/home/travis/build/icyphy/ptII/lib/netty-handler-4.1.19.Final.jar:/home/travis/build/icyphy/ptII/lib/netty-resolver-4.1.19.Final.jar:/home/travis/build/icyphy/ptII/lib/netty-resolver-dns-4.1.19.Final.jar:/home/travis/build/icyphy/ptII/lib/netty-transport-4.1.19.Final.jar:/home/travis/build/icyphy/ptII/lib/vertx-codegen-3.5.1.jar:/home/travis/build/icyphy/ptII/lib/vertx-core-3.5.2-SNAPSHOT.jar:/home/travis/build/icyphy/ptII/lib/vertx-hazelcast-3.5.1.jar:/home/travis/build/icyphy/ptII/lib/vertx-lang-js-3.5.1.jar:/home/travis/build/icyphy/ptII/lib/vertx-service-proxy-3.5.1.jar:/home/travis/build/icyphy/ptII/lib/vertx-web-3.5.1.jar:/home/travis/build/icyphy/ptII/lib/slf4j-api-1.7.13.jar:/home/travis/build/icyphy/ptII/lib/slf4j-simple-1.7.13.jar:/home/travis/build/icyphy/ptII/lib/webcam-capture-0.3.12.jar:/home/travis/build/icyphy/ptII/lib/bridj-0.7.0.jar:/home/travis/build/icyphy/ptII/lib/xbjlib-1.1.0.nrjavaserial.jar" />
    <property name="timeout" value="2400000" />
    <property name="test.batch" value="**/junit/*.java" />
    <property name="env._" value="/usr/bin/timeout" />
    <property name="java.io.tmpdir" value="/tmp" />
    <property name="user.language" value="en" />
    <property name="env.TRAVIS_INTERNAL_RUBY_REGEX" value="^ruby-(2\.[0-4]\.[0-9]|1\.9\.3)" />
    <property name="env.HISTCONTROL" value="ignoredups:ignorespace" />
    <property name="env.GOROOT" value="/home/travis/.gimme/versions/go1.11.1.linux.amd64" />
    <property name="line.separator" value="&#xa;" />
    <property name="target" value="11" />
    <property name="env.TRAVIS_BUILD_DIR" value="/home/travis/build/icyphy/ptII" />
    <property name="env.ANT_OPTS" value="-Xmx2048m" />
    <property name="ant.file.type" value="file" />
    <property name="ptolemy.ptII.batchMode" value="true" />
    <property name="env.HISTSIZE" value="1000" />
    <property name="env.MERB_ENV" value="test" />
    <property name="java.vm.info" value="mixed mode" />
    <property name="source" value="11" />
    <property name="java.vm.specification.name" value="Java Virtual Machine Specification" />
    <property name="env.TRAVIS_TEST_RESULT" value="0" />
    <property name="jsdoc.command" value="node_modules/@terraswarm/jsdoc/jsdoc.js" />
    <property name="npm.works" value="true" />
    <property name="cobertura.dir" value="/home/travis/build/icyphy/ptII/vendors/cobertura-2.0.3" />
    <property name="jsdoc.command.exists" value="true" />
    <property name="env.rvm_path" value="/home/travis/.rvm" />
    <property name="env.GEM_PATH" value="/home/travis/.rvm/gems/ruby-2.5.3:/home/travis/.rvm/gems/ruby-2.5.3@global" />
    <property name="env.LC_CTYPE" value="en_US.UTF-8" />
    <property name="env.TRAVIS_CMD" value="$PTII/bin/ptIITravisBuild.sh $SECONDS" />
    <property name="java.awt.printerjob" value="sun.print.PSPrinterJob" />
    <property name="env.TRAVIS_STACK_NAME" value="sardonyx" />
    <property name="env.TRAVIS_TIMER_START_TIME" value="1629752824279479607" />
    <property name="ant.version" value="Apache Ant(TM) version 1.10.1 compiled on February 2 2017" />
    <property name="ptII.reports" value="/home/travis/build/icyphy/ptII/reports" />
    <property name="env.TRAVIS_STACK_TIMESTAMP" value="2020-06-24 13:13:18 UTC" />
    <property name="ant.file.type.ptII" value="file" />
    <property name="env.RBENV_SHELL" value="bash" />
    <property name="os.name" value="Linux" />
    <property name="java.specification.vendor" value="Oracle Corporation" />
    <property name="env.rvm_version" value="1.29.10 (latest)" />
    <property name="env.TRAVIS_INFRA" value="unknown" />
    <property name="env.TERM" value="xterm" />
    <property name="java.vm.name" value="OpenJDK 64-Bit Server VM" />
    <property name="env.TRAVIS_BUILD_NUMBER" value="1834" />
    <property name="env.CI" value="true" />
    <property name="java.library.path" value="/home/travis/pthla/certi-tools/lib:/usr/lib/jni:/usr/local/share/OpenCV/java/:/usr/share/OpenCV/java::/usr/java/packages/lib:/usr/lib64:/lib64:/lib:/usr/lib" />
    <property name="jdk.module.path" value="/home/travis/build/icyphy/ptII/vendors/javafx/javafx-sdk-11.0.2/lib:" />
    <property name="env.rvm_prefix" value="/home/travis" />
    <property name="env.PATH" value="/home/travis/pthla/certi-tools/share/scripts:/home/travis/.rvm/gems/ruby-2.5.3/bin:/home/travis/.rvm/gems/ruby-2.5.3@global/bin:/home/travis/.rvm/rubies/ruby-2.5.3/bin:/home/travis/.rvm/bin:./node_modules/.bin:/home/travis/build/icyphy/ptII/bin:/home/travis/pthla/certi-tools/bin:/home/travis/bin:/home/travis/.local/bin:/usr/local/lib/jvm/openjdk11/bin:/opt/pyenv/shims:/home/travis/.phpenv/shims:/home/travis/perl5/perlbrew/bin:/home/travis/.nvm/versions/node/v7.10.1/bin:/home/travis/gopath/bin:/home/travis/.gimme/versions/go1.11.1.linux.amd64/bin:/usr/local/maven-3.6.3/bin:/usr/local/cmake-3.12.4/bin:/usr/local/clang-7.0.0/bin:/usr/local/sbin:/usr/local/bin:/usr/sbin:/usr/bin:/sbin:/bin:/snap/bin:/home/travis/.phpenv/bin:/opt/pyenv/bin:/home/travis/.yarn/bin" />
    <property name="env.TRAVIS_OS_NAME" value="linux" />
    <property name="ant.java.version" value="9" />
    <property name="basedir" value="/home/travis/build/icyphy/ptII" />
    <property name="java.class.version" value="55.0" />
    <property name="env.SHLVL" value="3" />
    <property name="env.LD_LIBRARY_PATH" value="/home/travis/pthla/certi-tools/lib:/usr/lib/jni:/usr/local/share/OpenCV/java/:/usr/share/OpenCV/java:" />
    <property name="env.RACK_ENV" value="test" />
    <property name="ant.home" value="/home/travis/build/icyphy/ptII/ant" />
    <property name="env.NVM_DIR" value="/home/travis/.nvm" />
    <property name="env.CERTI_FOM_PATH" value="/home/travis/pthla/certi-tools/share/federations" />
    <property name="env.TRAVIS_BUILD_ID" value="236032578" />
    <property name="env.PYENV_ROOT" value="/opt/pyenv" />
    <property name="env.TRAVIS_UID" value="2000" />
    <property name="prism.verbose" value="true" />
    <property name="env.NVM_BIN" value="/home/travis/.nvm/versions/node/v7.10.1/bin" />
    <property name="env.TRAVIS_COMMIT" value="7175903f512f8eebc88bd510cc39ad6e5faece21" />
    <property name="node.executable" value="node" />
    <property name="sun.boot.library.path" value="/usr/local/lib/jvm/openjdk11/lib" />
    <property name="sun.management.compiler" value="HotSpot 64-Bit Tiered Compilers" />
    <property name="java.awt.graphicsenv" value="sun.awt.X11GraphicsEnvironment" />
    <property name="env.GOPATH" value="/home/travis/gopath" />
    <property name="ptolemy.ptII.dir" value="/home/travis/build/icyphy/ptII" />
    <property name="env.USER" value="travis" />
    <property name="env.HISTFILESIZE" value="2000" />
    <property name="env.NVM_INC" value="/home/travis/.nvm/versions/node/v7.10.1/include/node" />
    <property name="timeout.longest" value="19000000" />
    <property name="env.PERLBREW_SHELLRC_VERSION" value="0.88" />
    <property name="env.TRAVIS_STACK_FEATURES" value="basic couchdb disabled-ipv6 docker docker-compose elasticsearch firefox go-toolchain google-chrome jdk memcached mongodb mysql nodejs_interpreter perl_interpreter perlbrew phantomjs postgresql python_interpreter redis ruby_interpreter sqlite xserver" />
    <property name="env.TRAVIS_PULL_REQUEST" value="false" />
    <property name="env.PYENV_SHELL" value="bash" />
    <property name="ant.project.name" value="ptII" />
    <property name="env.ANSI_RESET" value="\033[0m" />
    <property name="java.vm.specification.version" value="11" />
    <property name="env.TRAVIS_DIST" value="xenial" />
    <property name="env.CERTI_VERSION" value="4.0.0" />
    <property name="env.CERTI_HOST" value="localhost" />
    <property name="awt.toolkit" value="sun.awt.X11.XToolkit" />
    <property name="env.MY_RUBY_HOME" value="/home/travis/.rvm/rubies/ruby-2.5.3" />
    <property name="sun.cpu.isalist" value="" />
    <property name="env.TRAVIS_TMPDIR" value="/tmp/tmp.1LZx0J8Gni" />
    <property name="java.vm.compressedOopsMode" value="Zero based" />
    <property name="os.version" value="4.15.0-1077-gcp" />
    <property name="user.home" value="/home/travis" />
    <property name="java.vm.vendor" value="Oracle Corporation" />
    <property name="env.TRAVIS_TAG" value="nightly" />
    <property name="env.ANSI_YELLOW" value="\033[33;1m" />
    <property name="env.TRAVIS_FILTERED" value="redirect_io" />
    <property name="env.ANSI_GREEN" value="\033[32;1m" />
    <property name="env.JAVA_HOME" value="/usr/local/lib/jvm/openjdk11" />
    <property name="javadoc.excludepackagenames" value="adm.cvs2svn.*,build.*,config.*,doc.coding.templates.*,jni.test.jni.meaningOfLife.*,jni.test.jni.testDeux.*,jni.test.jni.testTrois.*,org.terraswarm.accessor.accessors.web.node_modules.*,org.terraswarm.accessor.accessors.web.hosts.cordova.demo.*,org.terraswarm.accessor.accessors.web.hosts.cordova.plugins.*,org.terraswarm.accessor.accessors-svn.*,pt-modules.*,ptolemy.apps.agilent.*,ptolemy.apps.anytimecontrol.*,ptolemy.apps.apes.*,ptolemy.apps.charon.*,ptolemy.apps.crazyboard.*,ptolemy.apps.eclipse.*,ptolemy.apps.etherealSting.*,ptolemy.apps.fullscreen.*,ptolemy.apps.giotto.*,ptolemy.apps.ia.*,ptolemy.apps.interfaces.*,ptolemy.apps.jmf.*,ptolemy.apps.kurt.*,ptolemy.apps.kvm.*,ptolemy.apps.lego.*,ptolemy.apps.lejos.*,ptolemy.apps.midp.*,ptolemy.apps.mobileCoding.*,ptolemy.apps.pendulum.*,ptolemy.apps.rijndael.*,ptolemy.apps.robot.*,ptolemy.apps.security.*,ptolemy.apps.sobel.*,ptolemy.apps.soot.*,ptolemy.apps.throttle.*,ptolemy.apps.tini.*,ptolemy.apps.transmission.*,ptolemy.apps.vergil.*,ptolemy.apps.waba.*,ptolemy.apps.websensor.*,ptolemy.apps.webstart.*,ptolemy.apps.xsl.*,ptolemy.apps.zaurus.*,ptolemy.codegen.c.actor.lib.oldJavaFiles.*,ptolemy.codegen.dsp.lib.*,ptolemy.codegen.kernel.newInterfaces.*,ptolemy.codegen.lib.*,ptolemy.copernicus.kernel.fragment.*,ptolemy.copernicus.shallow.cg.*,ptolemy.domains.giotto.demo.Hierarchy.Hierarchy.*,ptolemy.domains.giotto.demo.Multimode.Multimode.*,ptolemy.domains.giotto.demo.Simple.Simple.*,ptolemy.domains.gr.lib.experimental.*,ptolemy.domains.gro.*,ptolemy.domains.pdf.*,ptolemy.domains.ptinyos.demo.Surge.output.*,ptolemy.moml.test.NoPackageActor.java*,ptolemy.plot.adm.*,ptolemy.plot.servlet.*,reports.*,signed.*,src.*,target.*,vendors.*,ptolemy.copernicus.applet.*,ptolemy.media.viewer.*,ptolemy.actor.corba.*,doc.doclets.*,ptolemy.apps.eclipse.awt.*,ptolemy.backtrack.*,ptolemy.backtrack.ast.*,ptolemy.cg.adapter.generic.program.procedural.c.mbed*,ptolemy.homer.*,ptolemy.actor.lib.jai.*,org.ptolemy.scala.*,diva.util.java2d.svg.*,ptolemy.domains.ptinyos.*,ptolemy.actor.lib.fmi.fmipp.*,,org.terraswarm.accessor.accessors.web.node_modules.*,org.terraswarm.accessor.accessors-svn,ptolemy.apps.*,ptolemy.actor.ptalon.demo.ptinyos.SendAndReceiveCnt.output,ptolemy.actor.ptalon.demo.ptinyos.SenseToLeds.output,ptolemy.domains.ptinyos.demo.CntToLedsAndRfm.output,ptolemy.domains.ptinyos.demo.RfmToLeds.output,ptolemy.domains.ptinyos.demo.SendAndReceiveCnt.output,ptolemy.domains.ptinyos.demo.SenseToLeds.output,ptolemy.actor.lib.jjs.modules.udpSocket.*" />
    <property name="env.PTII" value="/home/travis/build/icyphy/ptII" />
    <property name="env.XDG_SESSION_ID" value="2" />
    <property name="keystore" value="ptKeystore" />
    <property name="env.TRAVIS_COMMIT_MESSAGE" value="Bump jsoup from 1.7.3 to 1.14.2&#xa;&#xa;Bumps [jsoup](https://github.com/jhy/jsoup) from 1.7.3 to 1.14.2.&#xa;- [Release notes](https://github.com/jhy/jsoup/releases)&#xa;- [Changelog](https://github.com/jhy/jsoup/blob/master/CHANGES)&#xa;- [Commits](https://github.com/jhy/jsoup/compare/jsoup-1.7.3...jsoup-1.14.2)&#xa;&#xa;---&#xa;updated-dependencies:&#xa;- dependency-name: org.jsoup:jsoup&#xa;  dependency-type: direct:production&#xa;...&#xa;&#xa;Signed-off-by: dependabot[bot] &lt;support@github.com&gt;" />
    <property name="junit.output.dir" value="/home/travis/build/icyphy/ptII/reports/junit" />
    <property name="npm.return.code" value="0" />
    <property name="user.dir" value="/home/travis/build/icyphy/ptII/ptolemy/actor/lib/io/test" />
    <property name="env.TRAVIS_NODE_VERSION" value="7" />
    <property name="env.TRAVIS_EVENT_TYPE" value="push" />
    <property name="env.MAIL" value="/var/mail/travis" />
    <property name="env.PERLBREW_ROOT" value="/home/travis/perl5/perlbrew" />
    <property name="env.PWD" value="/home/travis/build/icyphy/ptII" />
    <property name="timeout.npm" value="45000" />
    <property name="env.TRAVIS_ARCH" value="amd64" />
    <property name="sun.cpu.endian" value="little" />
    <property name="env.PAGER" value="cat" />
    <property name="env.TRAVIS_BUILD_STAGE_NAME" value="test" />
    <property name="env.PERLBREW_HOME" value="/home/travis/.perlbrew" />
    <property name="java.vm.version" value="11.0.2+9" />
    <property name="env.RAILS_ENV" value="test" />
    <property name="java.class.path" value="/home/travis/.ptolemyII:/home/travis/.ptolemyII/*:/home/travis/build/icyphy/ptII:/home/travis/build/icyphy/ptII/lib/bsh-2.0b4.jar:/home/travis/build/icyphy/ptII/lib/ptCal.jar:/home/travis/build/icyphy/ptII/lib/java_cup.jar:/home/travis/build/icyphy/ptII/lib/saxon8.jar:/home/travis/build/icyphy/ptII/lib/saxon8-dom.jar:/home/travis/build/icyphy/ptII/lib/chic.jar:/home/travis/build/icyphy/ptII/lib/ptcolt.jar:/home/travis/build/icyphy/ptII/vendors/misc/itext/iText.jar:/home/travis/build/icyphy/ptII/lib/g4ltl.jar:/home/travis/build/icyphy/ptII/lib/StructuralCoder.jar:/home/travis/build/icyphy/ptII/lib/jcerti.jar:/home/travis/build/icyphy/ptII/lib/javax.mail.jar:/home/travis/build/icyphy/ptII/vendors/JMF-2.1.1e/lib/jmf.jar:/home/travis/build/icyphy/ptII/lib/jna-4.0.0-variadic.jar:/home/travis/build/icyphy/ptII/vendors/misc/joystick/Joystick.jar:/home/travis/build/icyphy/ptII/lib/ptjacl.jar:/home/travis/build/icyphy/ptII/lib/jsoup-1.8.2.jar:/home/travis/build/icyphy/ptII/lib/junit-4.8.2.jar:/home/travis/build/icyphy/ptII/lib/JUnitParams-0.4.0.jar:/home/travis/build/icyphy/ptII/ptolemy/actor/lib/excel/jxl.jar:/home/travis/build/icyphy/ptII/lib/jython.jar:/home/travis/build/icyphy/ptII/lib/kieler.jar:/home/travis/build/icyphy/ptII/vendors/opencv/share/OpenCV/java/opencv-341.jar:/home/travis/build/icyphy/ptII/lib/oscP5.jar:/home/travis/build/icyphy/ptII/lib/nrjavaserial-3.11.0.devel.jar:/home/travis/build/icyphy/ptII/vendors/j3d/lib/Linux/j3dcore.jar:/home/travis/build/icyphy/ptII/vendors/j3d/lib/Linux/j3dutils.jar:/home/travis/build/icyphy/ptII/vendors/j3d/lib/Linux/vecmath.jar:/home/travis/build/icyphy/ptII/vendors/jogl/lib/Linux/gluegen-rt-natives-linux-amd64.jar:/home/travis/build/icyphy/ptII/vendors/jogl/lib/Linux/gluegen-rt.jar:/home/travis/build/icyphy/ptII/vendors/jogl/lib/Linux/jogl-all-natives-linux-amd64.jar:/home/travis/build/icyphy/ptII/vendors/jogl/lib/Linux/jogl-all.jar:/home/travis/build/icyphy/ptII/ptolemy/distributed/jini/jar/jini-core.jar:/home/travis/build/icyphy/ptII/ptolemy/distributed/jini/jar/jini-ext.jar:/home/travis/build/icyphy/ptII/ptolemy/distributed/jini/jar/sun-util.jar:/home/travis/build/icyphy/ptII/lib/protobuf-java-2.4.1.jar:/home/travis/build/icyphy/ptII/lib/org.eclipse.paho.client.mqttv3.jar:/home/travis/build/icyphy/ptII/lib/mapss.jar:/home/travis/build/icyphy/ptII/ptolemy/actor/ptalon/antlr/antlr.jar:/home/travis/build/icyphy/ptII/lib/JRI.jar:/home/travis/build/icyphy/ptII/lib/commons-lang-2.6.jar:/home/travis/build/icyphy/ptII/lib/commons-logging-1.1.1.jar:/home/travis/build/icyphy/ptII/lib/sootclasses.jar:/home/travis/build/icyphy/ptII/ptolemy/actor/lib/database/mysql-connector-java-5.1.6-bin.jar:/home/travis/build/icyphy/ptII/vendors/misc/sphinx4/sphinx4-data-5prealpha.jar:/home/travis/build/icyphy/ptII/vendors/misc/sphinx4/sphinx4-core-5prealpha.jar:/home/travis/build/icyphy/ptII/lib/PDFRenderer.jar:/home/travis/build/icyphy/ptII/lib/svgSalamander.jar:/home/travis/build/icyphy/ptII/lib/rsyntaxtextarea-2.6.0-SNAPSHOT.jar:/home/travis/build/icyphy/ptII/lib/hazelcast-3.8.2.jar:/home/travis/build/icyphy/ptII/lib/jackson-annotations-2.9.0.jar:/home/travis/build/icyphy/ptII/lib/jackson-core-2.9.3.jar:/home/travis/build/icyphy/ptII/lib/jackson-databind-2.9.3.jar:/home/travis/build/icyphy/ptII/lib/netty-buffer-4.1.19.Final.jar:/home/travis/build/icyphy/ptII/lib/netty-codec-4.1.19.Final.jar:/home/travis/build/icyphy/ptII/lib/netty-codec-dns-4.1.19.Final.jar:/home/travis/build/icyphy/ptII/lib/netty-codec-http-4.1.19.Final.jar:/home/travis/build/icyphy/ptII/lib/netty-codec-http2-4.1.19.Final.jar:/home/travis/build/icyphy/ptII/lib/netty-common-4.1.19.Final.jar:/home/travis/build/icyphy/ptII/lib/netty-handler-4.1.19.Final.jar:/home/travis/build/icyphy/ptII/lib/netty-resolver-4.1.19.Final.jar:/home/travis/build/icyphy/ptII/lib/netty-resolver-dns-4.1.19.Final.jar:/home/travis/build/icyphy/ptII/lib/netty-transport-4.1.19.Final.jar:/home/travis/build/icyphy/ptII/lib/vertx-codegen-3.5.1.jar:/home/travis/build/icyphy/ptII/lib/vertx-core-3.5.2-SNAPSHOT.jar:/home/travis/build/icyphy/ptII/lib/vertx-hazelcast-3.5.1.jar:/home/travis/build/icyphy/ptII/lib/vertx-lang-js-3.5.1.jar:/home/travis/build/icyphy/ptII/lib/vertx-service-proxy-3.5.1.jar:/home/travis/build/icyphy/ptII/lib/vertx-web-3.5.1.jar:/home/travis/build/icyphy/ptII/lib/slf4j-api-1.7.13.jar:/home/travis/build/icyphy/ptII/lib/slf4j-simple-1.7.13.jar:/home/travis/build/icyphy/ptII/lib/webcam-capture-0.3.12.jar:/home/travis/build/icyphy/ptII/lib/bridj-0.7.0.jar:/home/travis/build/icyphy/ptII/lib/xbjlib-1.1.0.nrjavaserial.jar:/home/travis/build/icyphy/ptII/ptolemy/moml/test:/home/travis/build/icyphy/ptII/ant/lib/ant-launcher.jar:/home/travis/build/icyphy/ptII/ant/lib/ant.jar:/home/travis/build/icyphy/ptII/ant/lib/ant-junit.jar:/home/travis/build/icyphy/ptII/ant/lib/ant-junit4.jar" />
    <property name="ant.library.dir" value="/home/travis/build/icyphy/ptII/ant/lib" />
    <property name="os.arch" value="amd64" />
    <property name="env.CONTINUOUS_INTEGRATION" value="true" />
    <property name="env.TRAVIS_LANGUAGE" value="node_js" />
    <property name="env.TRAVIS_STACK_LANGUAGES" value="__sardonyx__ c c++ clojure cplusplus cpp default generic go groovy java node_js php pure_java python ruby scala" />
    <property name="test.name" value="ptolemy.actor.lib.test.junit.JUnitTclTest" />
    <property name="env.APT_KEY_DONT_WARN_ON_DANGEROUS_USAGE" value="1" />
    <property name="sun.java.launcher" value="SUN_STANDARD" />
    <property name="env.PYTHON_CONFIGURE_OPTS" value="--enable-unicode=ucs4 --with-wide-unicode --enable-shared --enable-ipv6 --enable-loadable-sqlite-extensions --with-computed-gotos" />
    <property name="ant.core.lib" value="/home/travis/build/icyphy/ptII/ant/lib/ant.jar" />
    <property name="java.vm.specification.vendor" value="Oracle Corporation" />
    <property name="env.BCVTB_HOME" value="/home/travis/build/icyphy/ptII/lbnl" />
    <property name="file.separator" value="/" />
    <property name="spotbugs.home" value="/home/travis/build/icyphy/ptII/vendors/spotbugs-3.1.1" />
    <property name="java.runtime.version" value="11.0.2+9" />
    <property name="env.ANSI_CLEAR" value="\033[0K" />
    <property name="javafx.verbose" value="true" />
    <property name="env.HAS_JOSH_K_SEAL_OF_APPROVAL" value="true" />
    <property name="env.XDG_RUNTIME_DIR" value="/run/user/2000" />
    <property name="env.TRAVIS_OSX_IMAGE" value="" />
    <property name="env.TRAVIS_JOB_ID" value="533322361" />
    <property name="env.TRAVIS_BRANCH" value="dependabot/maven/org.jsoup-jsoup-1.14.2" />
    <property name="user.country" value="US" />
    <property name="env.CERTI_HOME_TRAVIS" value="/home/travis/pthla/certi-tools" />
    <property name="env.SHELL" value="/bin/bash" />
    <property name="java.maxmemory.large" value="3200m" />
    <property name="model" value="" />
    <property name="env.CASHER_DIR" value="/home/travis/.casher" />
    <property name="env.NVM_CD_FLAGS" value="" />
    <property name="java.vendor.version" value="18.9" />
    <property name="jshint.executable" value="/home/travis/node_modules/jshint/bin/jshint" />
    <property name="env.JRUBY_OPTS" value=" --client -J-XX:+TieredCompilation -J-XX:TieredStopAtLevel=1 -J-Xss2m -Xcompile.invokedynamic=false" />
    <property name="java.vendor" value="Oracle Corporation" />
    <property name="env.TRAVIS_PRE_CHEF_BOOTSTRAP_TIME" value="2020-06-24T13:13:03" />
    <property name="env.TRAVIS_STACK_JOB_BOARD_REGISTER" value="/.job-board-register.yml" />
    <property name="env.ANSI_RED" value="\033[31;1m" />
    <property name="java.specification.version" value="11" />
    <property name="env.IRBRC" value="/home/travis/.rvm/rubies/ruby-2.5.3/.irbrc" />
    <property name="env.TRAVIS" value="true" />
    <property name="sun.arch.data.model" value="64" />
  </properties>
  <testcase classname="ptolemy.util.test.junit.TclTests" name="[0] /home/travis/build/icyphy/ptII/ptolemy/actor/lib/io/test/DirectoryListing.tcl (RunTclFile)" time="0.576" />
  <testcase classname="ptolemy.util.test.junit.AutoKnownFailedTests" name="[0] ThereAreNoKnowFailedTests (RunModel)" time="0.001" />
  <testcase classname="ptolemy.util.test.junit.AutoNameArchTests" name="[0] ThereAreNoAutoArchTests (RunModel)" time="0.002" />
  <testcase classname="ptolemy.util.test.junit.AutoTests" name="[0] /home/travis/build/icyphy/ptII/ptolemy/actor/lib/io/test/auto/CSVWriter.xml (RunModel)" time="0.115" />
  <testcase classname="ptolemy.util.test.junit.AutoTests" name="[1] /home/travis/build/icyphy/ptII/ptolemy/actor/lib/io/test/auto/CSVWriterOrdered.xml (RunModel)" time="0.15" />
  <testcase classname="ptolemy.util.test.junit.AutoTests" name="[2] /home/travis/build/icyphy/ptII/ptolemy/actor/lib/io/test/auto/CSVWriterOrderedTestReader.xml (RunModel)" time="0.091" />
  <testcase classname="ptolemy.util.test.junit.AutoTests" name="[3] /home/travis/build/icyphy/ptII/ptolemy/actor/lib/io/test/auto/DirectoryListing.xml (RunModel)" time="0.07" />
  <testcase classname="ptolemy.util.test.junit.AutoTests" name="[4] /home/travis/build/icyphy/ptII/ptolemy/actor/lib/io/test/auto/DirectoryListingEmptyPattern.xml (RunModel)" time="0.075" />
  <testcase classname="ptolemy.util.test.junit.AutoTests" name="[5] /home/travis/build/icyphy/ptII/ptolemy/actor/lib/io/test/auto/DirectoryListingJar.xml (RunModel)" time="0.068" />
  <testcase classname="ptolemy.util.test.junit.AutoTests" name="[6] /home/travis/build/icyphy/ptII/ptolemy/actor/lib/io/test/auto/DirectoryListingRecursive.xml (RunModel)" time="0.056" />
  <testcase classname="ptolemy.util.test.junit.AutoTests" name="[7] /home/travis/build/icyphy/ptII/ptolemy/actor/lib/io/test/auto/DirectoryListingRelative.xml (RunModel)" time="0.058" />
  <testcase classname="ptolemy.util.test.junit.AutoTests" name="[8] /home/travis/build/icyphy/ptII/ptolemy/actor/lib/io/test/auto/DirectoryListingURL.xml (RunModel)" time="1.186" />
  <testcase classname="ptolemy.util.test.junit.AutoTests" name="[9] /home/travis/build/icyphy/ptII/ptolemy/actor/lib/io/test/auto/DirectoryListingURLPattern.xml (RunModel)" time="0.523" />
  <testcase classname="ptolemy.util.test.junit.AutoTests" name="[10] /home/travis/build/icyphy/ptII/ptolemy/actor/lib/io/test/auto/FileReader.xml (RunModel)" time="0.046" />
  <testcase classname="ptolemy.util.test.junit.AutoTests" name="[11] /home/travis/build/icyphy/ptII/ptolemy/actor/lib/io/test/auto/ReadCSV1.xml (RunModel)" time="0.034" />
  <testcase classname="ptolemy.util.test.junit.AutoTests" name="[12] /home/travis/build/icyphy/ptII/ptolemy/actor/lib/io/test/auto/ReadCSV2.xml (RunModel)" time="0.045" />
  <testcase classname="ptolemy.util.test.junit.AutoTests" name="[13] /home/travis/build/icyphy/ptII/ptolemy/actor/lib/io/test/auto/ReadCSV3.xml (RunModel)" time="0.018" />
  <testcase classname="ptolemy.util.test.junit.AutoTests" name="[14] /home/travis/build/icyphy/ptII/ptolemy/actor/lib/io/test/auto/ReadCSV4.xml (RunModel)" time="0.033" />
  <testcase classname="ptolemy.util.test.junit.AutoTests" name="[15] /home/travis/build/icyphy/ptII/ptolemy/actor/lib/io/test/auto/ReadCSV5.xml (RunModel)" time="0.033" />
  <testcase classname="ptolemy.util.test.junit.AutoTests" name="[16] /home/travis/build/icyphy/ptII/ptolemy/actor/lib/io/test/auto/ReadCSV6.xml (RunModel)" time="0.027" />
  <testcase classname="ptolemy.util.test.junit.AutoTests" name="[17] /home/travis/build/icyphy/ptII/ptolemy/actor/lib/io/test/auto/ReadCSV7.xml (RunModel)" time="0.05" />
  <testcase classname="ptolemy.util.test.junit.AutoTests" name="[18] /home/travis/build/icyphy/ptII/ptolemy/actor/lib/io/test/auto/ReadCSV8.xml (RunModel)" time="0.038" />
  <testcase classname="ptolemy.util.test.junit.AutoTests" name="[19] /home/travis/build/icyphy/ptII/ptolemy/actor/lib/io/test/auto/ReadCSVInSDF.xml (RunModel)" time="0.042" />
  <testcase classname="ptolemy.util.test.junit.AutoTests" name="[20] /home/travis/build/icyphy/ptII/ptolemy/actor/lib/io/test/auto/ReadCSVInSDFinSDF.xml (RunModel)" time="0.057" />
  <testcase classname="ptolemy.util.test.junit.AutoTests" name="[21] /home/travis/build/icyphy/ptII/ptolemy/actor/lib/io/test/auto/ReadFileOver.xml (RunModel)" time="0.142" />
  <testcase classname="ptolemy.util.test.junit.AutoTests" name="[22] /home/travis/build/icyphy/ptII/ptolemy/actor/lib/io/test/auto/ReadLineInClasspath.xml (RunModel)" time="0.043" />
  <testcase classname="ptolemy.util.test.junit.AutoTests" name="[23] /home/travis/build/icyphy/ptII/ptolemy/actor/lib/io/test/auto/ReadLineInDE.xml (RunModel)" time="0.034" />
  <testcase classname="ptolemy.util.test.junit.AutoTests" name="[24] /home/travis/build/icyphy/ptII/ptolemy/actor/lib/io/test/auto/ReadLineInPTII.xml (RunModel)" time="0.013" />
  <testcase classname="ptolemy.util.test.junit.AutoTests" name="[25] /home/travis/build/icyphy/ptII/ptolemy/actor/lib/io/test/auto/ReadLineInSDF.xml (RunModel)" time="0.016" />
  <testcase classname="ptolemy.util.test.junit.AutoTests" name="[26] /home/travis/build/icyphy/ptII/ptolemy/actor/lib/io/test/auto/ReadLineInSameDirectory.xml (RunModel)" time="0.036" />
  <testcase classname="ptolemy.util.test.junit.AutoTests" name="[27] /home/travis/build/icyphy/ptII/ptolemy/actor/lib/io/test/auto/ReadLineInSubDirectory.xml (RunModel)" time="0.026" />
  <testcase classname="ptolemy.util.test.junit.AutoTests" name="[28] /home/travis/build/icyphy/ptII/ptolemy/actor/lib/io/test/auto/WriteIPAddressToStdout.xml (RunModel)" time="0.023" />
  <system-out><![CDATA[/home/travis/build/icyphy/ptII/ptolemy/actor/lib/io/test/DirectoryListing.tcl
testDefs.tcl: setting time out to 9000 seconds at Mon Aug 23 21:14:27 UTC 2021
100 ms. Memory: 129024K Free: 90056K (70%)
6 ms. Memory: 129024K Free: 88008K (68%)
08/23/21 09:14:28
Failed: 0  Total Tests: 2  ((Passed: 2, Newly Passed: 0)  Known Failed: 0) /home/travis/build/icyphy/ptII/ptolemy/actor/lib/io/test
No auto/knownFailedTests/*.xml tests in /home/travis/build/icyphy/ptII/ptolemy/actor/lib/io/test
No auto/linux-amd64/*.xml tests in /home/travis/build/icyphy/ptII/ptolemy/actor/lib/io/test
AutoTests.java: About to close Vertx.
AutoTests.java: Vertx closed.

===========================================================================================
----------------- testing Mon Aug 23 21:14:28 UTC 2021 /home/travis/build/icyphy/ptII/ptolemy/actor/lib/io/test/auto/CSVWriter.xml
----------------- Instantiating /home/travis/build/icyphy/ptII/ptolemy/actor/lib/io/test/auto/CSVWriter.xml
a,b
0,"a"
1,"ab"
2,"abb"
3,"abbb"
4,"abbbb"
31 ms. Memory: 129024K Free: 106990K (83%)
----------------- Invoking toplevel() on ptolemy.moml.MoMLSimpleApplication@660958ef
----------------- Done invoking toplevel() on ptolemy.moml.MoMLSimpleApplication@660958ef
reloadAllAccessors: .CSVWriter

===========================================================================================
----------------- testing Mon Aug 23 21:14:28 UTC 2021 /home/travis/build/icyphy/ptII/ptolemy/actor/lib/io/test/auto/CSVWriterOrdered.xml
----------------- Instantiating /home/travis/build/icyphy/ptII/ptolemy/actor/lib/io/test/auto/CSVWriterOrdered.xml
43 ms. Memory: 129024K Free: 101161K (78%)
----------------- Invoking toplevel() on ptolemy.moml.MoMLSimpleApplication@1a3df8dd
----------------- Done invoking toplevel() on ptolemy.moml.MoMLSimpleApplication@1a3df8dd
reloadAllAccessors: .CSVWriterOrdered

===========================================================================================
----------------- testing Mon Aug 23 21:14:28 UTC 2021 /home/travis/build/icyphy/ptII/ptolemy/actor/lib/io/test/auto/CSVWriterOrderedTestReader.xml
----------------- Instantiating /home/travis/build/icyphy/ptII/ptolemy/actor/lib/io/test/auto/CSVWriterOrderedTestReader.xml
14 ms. Memory: 129024K Free: 111336K (86%)
----------------- Invoking toplevel() on ptolemy.moml.MoMLSimpleApplication@1210e061
----------------- Done invoking toplevel() on ptolemy.moml.MoMLSimpleApplication@1210e061
reloadAllAccessors: .CSVWriterOrderedTestReader

===========================================================================================
----------------- testing Mon Aug 23 21:14:29 UTC 2021 /home/travis/build/icyphy/ptII/ptolemy/actor/lib/io/test/auto/DirectoryListing.xml
----------------- Instantiating /home/travis/build/icyphy/ptII/ptolemy/actor/lib/io/test/auto/DirectoryListing.xml
19 ms. Memory: 129024K Free: 106697K (83%)
----------------- Invoking toplevel() on ptolemy.moml.MoMLSimpleApplication@3b32bf10
----------------- Done invoking toplevel() on ptolemy.moml.MoMLSimpleApplication@3b32bf10
reloadAllAccessors: .DirectoryListing

===========================================================================================
----------------- testing Mon Aug 23 21:14:29 UTC 2021 /home/travis/build/icyphy/ptII/ptolemy/actor/lib/io/test/auto/DirectoryListingEmptyPattern.xml
----------------- Instantiating /home/travis/build/icyphy/ptII/ptolemy/actor/lib/io/test/auto/DirectoryListingEmptyPattern.xml
36 ms. Memory: 129024K Free: 101625K (79%)
----------------- Invoking toplevel() on ptolemy.moml.MoMLSimpleApplication@3e1b38b3
----------------- Done invoking toplevel() on ptolemy.moml.MoMLSimpleApplication@3e1b38b3
reloadAllAccessors: .DirectoryListingEmptyPattern

===========================================================================================
----------------- testing Mon Aug 23 21:14:29 UTC 2021 /home/travis/build/icyphy/ptII/ptolemy/actor/lib/io/test/auto/DirectoryListingJar.xml
----------------- Instantiating /home/travis/build/icyphy/ptII/ptolemy/actor/lib/io/test/auto/DirectoryListingJar.xml
16 ms. Memory: 129024K Free: 98330K (76%)
----------------- Invoking toplevel() on ptolemy.moml.MoMLSimpleApplication@6de63365
----------------- Done invoking toplevel() on ptolemy.moml.MoMLSimpleApplication@6de63365
reloadAllAccessors: .DirectoryListingJar

===========================================================================================
----------------- testing Mon Aug 23 21:14:29 UTC 2021 /home/travis/build/icyphy/ptII/ptolemy/actor/lib/io/test/auto/DirectoryListingRecursive.xml
----------------- Instantiating /home/travis/build/icyphy/ptII/ptolemy/actor/lib/io/test/auto/DirectoryListingRecursive.xml
7 ms. Memory: 129024K Free: 93936K (73%)
----------------- Invoking toplevel() on ptolemy.moml.MoMLSimpleApplication@7a1cb47d
----------------- Done invoking toplevel() on ptolemy.moml.MoMLSimpleApplication@7a1cb47d
reloadAllAccessors: .DirectoryListingRecursive

===========================================================================================
----------------- testing Mon Aug 23 21:14:29 UTC 2021 /home/travis/build/icyphy/ptII/ptolemy/actor/lib/io/test/auto/DirectoryListingRelative.xml
----------------- Instantiating /home/travis/build/icyphy/ptII/ptolemy/actor/lib/io/test/auto/DirectoryListingRelative.xml
11 ms. Memory: 129024K Free: 90138K (70%)
----------------- Invoking toplevel() on ptolemy.moml.MoMLSimpleApplication@276a9866
----------------- Done invoking toplevel() on ptolemy.moml.MoMLSimpleApplication@276a9866
reloadAllAccessors: .DirectoryListingRelative

===========================================================================================
----------------- testing Mon Aug 23 21:14:29 UTC 2021 /home/travis/build/icyphy/ptII/ptolemy/actor/lib/io/test/auto/DirectoryListingURL.xml
----------------- Instantiating /home/travis/build/icyphy/ptII/ptolemy/actor/lib/io/test/auto/DirectoryListingURL.xml
1144 ms. Memory: 129024K Free: 108169K (84%)
----------------- Invoking toplevel() on ptolemy.moml.MoMLSimpleApplication@1b3f6c98
----------------- Done invoking toplevel() on ptolemy.moml.MoMLSimpleApplication@1b3f6c98
reloadAllAccessors: .DirectoryListingURL

===========================================================================================
----------------- testing Mon Aug 23 21:14:30 UTC 2021 /home/travis/build/icyphy/ptII/ptolemy/actor/lib/io/test/auto/DirectoryListingURLPattern.xml
----------------- Instantiating /home/travis/build/icyphy/ptII/ptolemy/actor/lib/io/test/auto/DirectoryListingURLPattern.xml
465 ms. Memory: 129024K Free: 102132K (79%)
----------------- Invoking toplevel() on ptolemy.moml.MoMLSimpleApplication@4ab72bdb
----------------- Done invoking toplevel() on ptolemy.moml.MoMLSimpleApplication@4ab72bdb
reloadAllAccessors: .DirectoryListingURLPattern

===========================================================================================
----------------- testing Mon Aug 23 21:14:31 UTC 2021 /home/travis/build/icyphy/ptII/ptolemy/actor/lib/io/test/auto/FileReader.xml
----------------- Instantiating /home/travis/build/icyphy/ptII/ptolemy/actor/lib/io/test/auto/FileReader.xml
7 ms. Memory: 129024K Free: 98583K (76%)
----------------- Invoking toplevel() on ptolemy.moml.MoMLSimpleApplication@6c833d3f
----------------- Done invoking toplevel() on ptolemy.moml.MoMLSimpleApplication@6c833d3f
reloadAllAccessors: .FileReader

===========================================================================================
----------------- testing Mon Aug 23 21:14:31 UTC 2021 /home/travis/build/icyphy/ptII/ptolemy/actor/lib/io/test/auto/ReadCSV1.xml
----------------- Instantiating /home/travis/build/icyphy/ptII/ptolemy/actor/lib/io/test/auto/ReadCSV1.xml
12 ms. Memory: 129024K Free: 95201K (74%)
----------------- Invoking toplevel() on ptolemy.moml.MoMLSimpleApplication@22f5da38
----------------- Done invoking toplevel() on ptolemy.moml.MoMLSimpleApplication@22f5da38
reloadAllAccessors: .ReadCSV1

===========================================================================================
----------------- testing Mon Aug 23 21:14:31 UTC 2021 /home/travis/build/icyphy/ptII/ptolemy/actor/lib/io/test/auto/ReadCSV2.xml
----------------- Instantiating /home/travis/build/icyphy/ptII/ptolemy/actor/lib/io/test/auto/ReadCSV2.xml
6 ms. Memory: 129024K Free: 92431K (72%)
----------------- Invoking toplevel() on ptolemy.moml.MoMLSimpleApplication@233f8823
----------------- Done invoking toplevel() on ptolemy.moml.MoMLSimpleApplication@233f8823
reloadAllAccessors: .ReadCSV2

===========================================================================================
----------------- testing Mon Aug 23 21:14:31 UTC 2021 /home/travis/build/icyphy/ptII/ptolemy/actor/lib/io/test/auto/ReadCSV3.xml
----------------- Instantiating /home/travis/build/icyphy/ptII/ptolemy/actor/lib/io/test/auto/ReadCSV3.xml
4 ms. Memory: 129024K Free: 89562K (69%)
----------------- Invoking toplevel() on ptolemy.moml.MoMLSimpleApplication@3fd52cb1
----------------- Done invoking toplevel() on ptolemy.moml.MoMLSimpleApplication@3fd52cb1
reloadAllAccessors: .ReadCSV3

===========================================================================================
----------------- testing Mon Aug 23 21:14:31 UTC 2021 /home/travis/build/icyphy/ptII/ptolemy/actor/lib/io/test/auto/ReadCSV4.xml
----------------- Instantiating /home/travis/build/icyphy/ptII/ptolemy/actor/lib/io/test/auto/ReadCSV4.xml
11 ms. Memory: 129024K Free: 86774K (67%)
----------------- Invoking toplevel() on ptolemy.moml.MoMLSimpleApplication@26ace3c7
----------------- Done invoking toplevel() on ptolemy.moml.MoMLSimpleApplication@26ace3c7
reloadAllAccessors: .ReadCSV4

===========================================================================================
----------------- testing Mon Aug 23 21:14:31 UTC 2021 /home/travis/build/icyphy/ptII/ptolemy/actor/lib/io/test/auto/ReadCSV5.xml
----------------- Instantiating /home/travis/build/icyphy/ptII/ptolemy/actor/lib/io/test/auto/ReadCSV5.xml
4 ms. Memory: 129024K Free: 83434K (65%)
----------------- Invoking toplevel() on ptolemy.moml.MoMLSimpleApplication@f3e3b7d
----------------- Done invoking toplevel() on ptolemy.moml.MoMLSimpleApplication@f3e3b7d
reloadAllAccessors: .ReadCSV5

===========================================================================================
----------------- testing Mon Aug 23 21:14:31 UTC 2021 /home/travis/build/icyphy/ptII/ptolemy/actor/lib/io/test/auto/ReadCSV6.xml
----------------- Instantiating /home/travis/build/icyphy/ptII/ptolemy/actor/lib/io/test/auto/ReadCSV6.xml
8 ms. Memory: 129024K Free: 80622K (62%)
----------------- Invoking toplevel() on ptolemy.moml.MoMLSimpleApplication@14d9e0a
----------------- Done invoking toplevel() on ptolemy.moml.MoMLSimpleApplication@14d9e0a
reloadAllAccessors: .ReadCSV6

===========================================================================================
----------------- testing Mon Aug 23 21:14:31 UTC 2021 /home/travis/build/icyphy/ptII/ptolemy/actor/lib/io/test/auto/ReadCSV7.xml
----------------- Instantiating /home/travis/build/icyphy/ptII/ptolemy/actor/lib/io/test/auto/ReadCSV7.xml
11 ms. Memory: 129024K Free: 77314K (60%)
----------------- Invoking toplevel() on ptolemy.moml.MoMLSimpleApplication@526c5b2f
----------------- Done invoking toplevel() on ptolemy.moml.MoMLSimpleApplication@526c5b2f
reloadAllAccessors: .ReadCSV7

===========================================================================================
----------------- testing Mon Aug 23 21:14:31 UTC 2021 /home/travis/build/icyphy/ptII/ptolemy/actor/lib/io/test/auto/ReadCSV8.xml
----------------- Instantiating /home/travis/build/icyphy/ptII/ptolemy/actor/lib/io/test/auto/ReadCSV8.xml
11 ms. Memory: 129024K Free: 73957K (57%)
----------------- Invoking toplevel() on ptolemy.moml.MoMLSimpleApplication@4121adc5
----------------- Done invoking toplevel() on ptolemy.moml.MoMLSimpleApplication@4121adc5
reloadAllAccessors: .ReadCSV8

===========================================================================================
----------------- testing Mon Aug 23 21:14:31 UTC 2021 /home/travis/build/icyphy/ptII/ptolemy/actor/lib/io/test/auto/ReadCSVInSDF.xml
----------------- Instantiating /home/travis/build/icyphy/ptII/ptolemy/actor/lib/io/test/auto/ReadCSVInSDF.xml
5 ms. Memory: 129024K Free: 70412K (55%)
----------------- Invoking toplevel() on ptolemy.moml.MoMLSimpleApplication@274a523b
----------------- Done invoking toplevel() on ptolemy.moml.MoMLSimpleApplication@274a523b
reloadAllAccessors: .ReadCSVInSDF

===========================================================================================
----------------- testing Mon Aug 23 21:14:31 UTC 2021 /home/travis/build/icyphy/ptII/ptolemy/actor/lib/io/test/auto/ReadCSVInSDFinSDF.xml
----------------- Instantiating /home/travis/build/icyphy/ptII/ptolemy/actor/lib/io/test/auto/ReadCSVInSDFinSDF.xml
5 ms. Memory: 129024K Free: 65994K (51%)
----------------- Invoking toplevel() on ptolemy.moml.MoMLSimpleApplication@40ad58d1
----------------- Done invoking toplevel() on ptolemy.moml.MoMLSimpleApplication@40ad58d1
reloadAllAccessors: .ReadCSVInSDFinSDF

===========================================================================================
----------------- testing Mon Aug 23 21:14:31 UTC 2021 /home/travis/build/icyphy/ptII/ptolemy/actor/lib/io/test/auto/ReadFileOver.xml
----------------- Instantiating /home/travis/build/icyphy/ptII/ptolemy/actor/lib/io/test/auto/ReadFileOver.xml
This
is
a
test
text
data
file.
This
is
a
test
text
data
file.
73 ms. Memory: 129024K Free: 102726K (80%)
----------------- Invoking toplevel() on ptolemy.moml.MoMLSimpleApplication@2dcf790f
----------------- Done invoking toplevel() on ptolemy.moml.MoMLSimpleApplication@2dcf790f
reloadAllAccessors: .ReadFileOver

===========================================================================================
----------------- testing Mon Aug 23 21:14:31 UTC 2021 /home/travis/build/icyphy/ptII/ptolemy/actor/lib/io/test/auto/ReadLineInClasspath.xml
----------------- Instantiating /home/travis/build/icyphy/ptII/ptolemy/actor/lib/io/test/auto/ReadLineInClasspath.xml
Below is the copyright agreement for the Ptolemy II system.

Copyright (c) 1995-2021 The Regents of the University of California.
All rights reserved.

Permission is hereby granted, without written agreement and without
license or royalty fees, to use, copy, modify, and distribute this
software and its documentation for any purpose, provided that the above
copyright notice and the following two paragraphs appear in all copies
of this software.

IN NO EVENT SHALL THE UNIVERSITY OF CALIFORNIA BE LIABLE TO ANY PARTY
FOR DIRECT, INDIRECT, SPECIAL, INCIDENTAL, OR CONSEQUENTIAL DAMAGES
ARISING OUT OF THE USE OF THIS SOFTWARE AND ITS DOCUMENTATION, EVEN IF
THE UNIVERSITY OF CALIFORNIA HAS BEEN ADVISED OF THE POSSIBILITY OF
SUCH DAMAGE.

THE UNIVERSITY OF CALIFORNIA SPECIFICALLY DISCLAIMS ANY WARRANTIES,
INCLUDING, BUT NOT LIMITED TO, THE IMPLIED WARRANTIES OF
MERCHANTABILITY AND FITNESS FOR A PARTICULAR PURPOSE. THE SOFTWARE
PROVIDED HEREUNDER IS ON AN "AS IS" BASIS, AND THE UNIVERSITY OF
CALIFORNIA HAS NO OBLIGATION TO PROVIDE MAINTENANCE, SUPPORT, UPDATES,
ENHANCEMENTS, OR MODIFICATIONS.

Ptolemy II includes the work of others, to see those copyrights, follow
the copyright link on the splash page or see copyright.htm.
5 ms. Memory: 129024K Free: 99981K (77%)
----------------- Invoking toplevel() on ptolemy.moml.MoMLSimpleApplication@6b328879
----------------- Done invoking toplevel() on ptolemy.moml.MoMLSimpleApplication@6b328879
reloadAllAccessors: .ReadLineInClasspath

===========================================================================================
----------------- testing Mon Aug 23 21:14:31 UTC 2021 /home/travis/build/icyphy/ptII/ptolemy/actor/lib/io/test/auto/ReadLineInDE.xml
----------------- Instantiating /home/travis/build/icyphy/ptII/ptolemy/actor/lib/io/test/auto/ReadLineInDE.xml
This
is
a
test
text
data
file.
12 ms. Memory: 129024K Free: 96319K (75%)
----------------- Invoking toplevel() on ptolemy.moml.MoMLSimpleApplication@11820d20
----------------- Done invoking toplevel() on ptolemy.moml.MoMLSimpleApplication@11820d20
reloadAllAccessors: .ReadLineInDE

===========================================================================================
----------------- testing Mon Aug 23 21:14:31 UTC 2021 /home/travis/build/icyphy/ptII/ptolemy/actor/lib/io/test/auto/ReadLineInPTII.xml
----------------- Instantiating /home/travis/build/icyphy/ptII/ptolemy/actor/lib/io/test/auto/ReadLineInPTII.xml
Below is the copyright agreement for the Ptolemy II system.

Copyright (c) 1995-2021 The Regents of the University of California.
All rights reserved.

Permission is hereby granted, without written agreement and without
license or royalty fees, to use, copy, modify, and distribute this
software and its documentation for any purpose, provided that the above
copyright notice and the following two paragraphs appear in all copies
of this software.

IN NO EVENT SHALL THE UNIVERSITY OF CALIFORNIA BE LIABLE TO ANY PARTY
FOR DIRECT, INDIRECT, SPECIAL, INCIDENTAL, OR CONSEQUENTIAL DAMAGES
ARISING OUT OF THE USE OF THIS SOFTWARE AND ITS DOCUMENTATION, EVEN IF
THE UNIVERSITY OF CALIFORNIA HAS BEEN ADVISED OF THE POSSIBILITY OF
SUCH DAMAGE.

THE UNIVERSITY OF CALIFORNIA SPECIFICALLY DISCLAIMS ANY WARRANTIES,
INCLUDING, BUT NOT LIMITED TO, THE IMPLIED WARRANTIES OF
MERCHANTABILITY AND FITNESS FOR A PARTICULAR PURPOSE. THE SOFTWARE
PROVIDED HEREUNDER IS ON AN "AS IS" BASIS, AND THE UNIVERSITY OF
CALIFORNIA HAS NO OBLIGATION TO PROVIDE MAINTENANCE, SUPPORT, UPDATES,
ENHANCEMENTS, OR MODIFICATIONS.

Ptolemy II includes the work of others, to see those copyrights, follow
the copyright link on the splash page or see copyright.htm.
4 ms. Memory: 129024K Free: 93837K (73%)
----------------- Invoking toplevel() on ptolemy.moml.MoMLSimpleApplication@5f77bd34
----------------- Done invoking toplevel() on ptolemy.moml.MoMLSimpleApplication@5f77bd34
reloadAllAccessors: .ReadLineInPTII

===========================================================================================
----------------- testing Mon Aug 23 21:14:31 UTC 2021 /home/travis/build/icyphy/ptII/ptolemy/actor/lib/io/test/auto/ReadLineInSDF.xml
----------------- Instantiating /home/travis/build/icyphy/ptII/ptolemy/actor/lib/io/test/auto/ReadLineInSDF.xml
3 ms. Memory: 129024K Free: 91054K (71%)
----------------- Invoking toplevel() on ptolemy.moml.MoMLSimpleApplication@a74f1f9
----------------- Done invoking toplevel() on ptolemy.moml.MoMLSimpleApplication@a74f1f9
reloadAllAccessors: .ReadLineInSDF

===========================================================================================
----------------- testing Mon Aug 23 21:14:31 UTC 2021 /home/travis/build/icyphy/ptII/ptolemy/actor/lib/io/test/auto/ReadLineInSameDirectory.xml
----------------- Instantiating /home/travis/build/icyphy/ptII/ptolemy/actor/lib/io/test/auto/ReadLineInSameDirectory.xml
<?xml version="1.0" standalone="no"?>
<!DOCTYPE entity PUBLIC "-//UC Berkeley//DTD MoML 1//EN"
    "http://ptolemy.eecs.berkeley.edu/xml/dtd/MoML_1.dtd">
<entity name="ReadLineInSameDirectory" class="ptolemy.actor.TypedCompositeActor">
    <property name="_createdBy" class="ptolemy.kernel.attributes.VersionAttribute" value="9.1.devel">
    </property>
    <property name="SDF Director" class="ptolemy.domains.sdf.kernel.SDFDirector">
        <property name="iterations" class="ptolemy.data.expr.Parameter" value="0">
        </property>
        <property name="vectorizationFactor" class="ptolemy.data.expr.Parameter" value="1">
        </property>
        <property name="_location" class="ptolemy.kernel.util.Location" value="75.0, 40.0">
        </property>
    </property>
    <property name="_windowProperties" class="ptolemy.actor.gui.WindowPropertiesAttribute" value="{bounds={55, 173, 834, 634}, maximized=false}">
    </property>
    <property name="_vergilSize" class="ptolemy.actor.gui.SizeAttribute" value="[600, 524]">
    </property>
    <property name="_vergilZoomFactor" class="ptolemy.data.expr.ExpertParameter" value="1.0">
    </property>
    <property name="_vergilCenter" class="ptolemy.data.expr.ExpertParameter" value="{312.0, 263.89453125}">
    </property>
    <entity name="LineReader" class="ptolemy.actor.lib.io.LineReader">
        <property name="fileOrURL" class="ptolemy.actor.parameters.FilePortParameter" value="ReadLineInSameDirectory.xml">
        </property>
        <doc>Read one line at a time from a text file and output as a string</doc>
        <property name="_location" class="ptolemy.kernel.util.Location" value="100.0, 140.0">
        </property>
    </entity>
    <entity name="LineWriter" class="ptolemy.actor.lib.io.LineWriter">
        <property name="fileName" class="ptolemy.actor.parameters.FilePortParameter" value="System.out">
        </property>
        <doc>Write the value of a string token, one per line, to a text file.</doc>
        <property name="_location" class="ptolemy.kernel.util.Location" value="240.0, 135.0">
        </property>
    </entity>
    <relation name="relation" class="ptolemy.actor.TypedIORelation">
        <property name="width" class="ptolemy.data.expr.Parameter" value="1">
        </property>
    </relation>
    <link port="LineReader.output" relation="relation"/>
    <link port="LineWriter.input" relation="relation"/>
</entity>
11 ms. Memory: 129024K Free: 88129K (68%)
----------------- Invoking toplevel() on ptolemy.moml.MoMLSimpleApplication@2576828d
----------------- Done invoking toplevel() on ptolemy.moml.MoMLSimpleApplication@2576828d
reloadAllAccessors: .ReadLineInSameDirectory

===========================================================================================
----------------- testing Mon Aug 23 21:14:31 UTC 2021 /home/travis/build/icyphy/ptII/ptolemy/actor/lib/io/test/auto/ReadLineInSubDirectory.xml
----------------- Instantiating /home/travis/build/icyphy/ptII/ptolemy/actor/lib/io/test/auto/ReadLineInSubDirectory.xml
This
is
a
test
text
data
file.
2 ms. Memory: 129024K Free: 85934K (67%)
----------------- Invoking toplevel() on ptolemy.moml.MoMLSimpleApplication@13dae157
----------------- Done invoking toplevel() on ptolemy.moml.MoMLSimpleApplication@13dae157
reloadAllAccessors: .ReadLineInSubDirectory

===========================================================================================
----------------- testing Mon Aug 23 21:14:31 UTC 2021 /home/travis/build/icyphy/ptII/ptolemy/actor/lib/io/test/auto/WriteIPAddressToStdout.xml
----------------- Instantiating /home/travis/build/icyphy/ptII/ptolemy/actor/lib/io/test/auto/WriteIPAddressToStdout.xml
127.0.0.1
5 ms. Memory: 129024K Free: 83290K (65%)
----------------- Invoking toplevel() on ptolemy.moml.MoMLSimpleApplication@24ce00ce
----------------- Done invoking toplevel() on ptolemy.moml.MoMLSimpleApplication@24ce00ce
reloadAllAccessors: .WriteIPAddressToStdout
AutoTests.java: About to close Vertx.
AutoTests.java: Vertx closed.
]]></system-out>
  <system-err><![CDATA[]]></system-err>
</testsuite>
