<?xml version="1.0" encoding="UTF-8" ?>
<testsuite errors="0" failures="0" hostname="travis-job-f4921776-5566-4584-b879-b242ce008dbb" name="ptolemy.domains.de.test.junit.JUnitTclTest" skipped="0" tests="101" time="126.053" timestamp="2019-02-28T03:41:06">
  <properties>
    <property name="npm.executable" value="npm" />
    <property name="file.encoding.pkg" value="sun.io" />
    <property name="env.TRAVIS_ROOT" value="/" />
    <property name="ptII.mk.exists" value="true" />
    <property name="env.TRAVIS_APP_HOST" value="build.travis-ci.org" />
    <property name="env.rvm_bin_path" value="/home/travis/.rvm/bin" />
    <property name="java.home" value="/usr/lib/jvm/java-8-oracle/jre" />
    <property name="env.TRAVIS_JOB_NUMBER" value="1024.9" />
    <property name="env.TRAVIS_HOME" value="/home/travis" />
    <property name="env.DISPLAY" value=":99.0" />
    <property name="java.net.preferIPv4Stack" value="true" />
    <property name="env.TRAVIS_INIT" value="upstart" />
    <property name="env.SSH_TTY" value="/dev/pts/0" />
    <property name="env.RUN_TESTS" value="true" />
    <property name="timeout.short" value="1000000" />
    <property name="env.TRAVIS_JOB_NAME" value="" />
    <property name="env.TRAVIS_STACK_NODE_ATTRIBUTES" value="/.node-attributes.yml" />
    <property name="junit.formatter" value="xml" />
    <property name="java.endorsed.dirs" value="/usr/lib/jvm/java-8-oracle/jre/lib/endorsed" />
    <property name="env.TRAVIS_SUDO" value="true" />
    <property name="env.LOGNAME" value="travis" />
    <property name="jsdoc.home" value="node_modules/@terraswarm/jsdoc" />
    <property name="debuglevel" value="source,lines,vars" />
    <property name="checkstyle.formatter" value="xml" />
    <property name="bin.vergil.makeable" value="true" />
    <property name="env._system_version" value="14.04" />
    <property name="sun.os.patch.level" value="unknown" />
    <property name="java.vendor.url" value="http://java.oracle.com/" />
    <property name="env.TRAVIS_BUILD_WEB_URL" value="https://travis-ci.org/icyphy/ptII/builds/499608276" />
    <property name="java.version" value="1.8.0_151" />
    <property name="env.TZ" value="UTC" />
    <property name="env.PT_NO_NET" value="true" />
    <property name="env.TRAVIS_PULL_REQUEST_SHA" value="" />
    <property name="env.TRAVIS_SECURE_ENV_VARS" value="true" />
    <property name="env._system_type" value="Linux" />
    <property name="java.vendor.url.bug" value="http://bugreport.sun.com/bugreport/" />
    <property name="env.SSH_CLIENT" value="10.10.4.64 48506 22" />
    <property name="npmjs-org-is-up" value="true" />
    <property name="env.GEM_HOME" value="/home/travis/.rvm/gems/ruby-2.4.1" />
    <property name="env.HAS_ANTARES_THREE_LITTLE_FRONZIES_BADGE" value="true" />
    <property name="env.PS4" value="+" />
    <property name="ant.project.invoked-targets" value="build,test.core2.xml" />
    <property name="env.TRAVIS_PULL_REQUEST_BRANCH" value="" />
    <property name="env.TRAVIS_REPO_SLUG" value="icyphy/ptII" />
    <property name="env.TRAVIS_APT_PROXY" value="http://build-cache.travisci.net" />
    <property name="node.in.path" value="true" />
    <property name="java.maxmemory" value="1400m" />
    <property name="env.RUBY_VERSION" value="ruby-2.4.1" />
    <property name="user.name" value="travis" />
    <property name="env.LANG" value="en_US.UTF-8" />
    <property name="sun.io.unicode.encoding" value="UnicodeLittle" />
    <property name="sun.jnu.encoding" value="UTF-8" />
    <property name="java.runtime.name" value="Java(TM) SE Runtime Environment" />
    <property name="usefile" value="false" />
    <property name="return.code" value="0" />
    <property name="junit.single.formatter" value="plain" />
    <property name="env.DYLD_LIBRARY_PATH" value="/home/travis/pthla/certi-tools/lib:" />
    <property name="env.DEBIAN_FRONTEND" value="noninteractive" />
    <property name="env.SSH_CONNECTION" value="10.10.4.64 48506 10.20.3.112 22" />
    <property name="env.MYSQL_UNIX_PORT" value="/var/run/mysqld/mysqld.sock" />
    <property name="env.TRAVIS_ALLOW_FAILURE" value="false" />
    <property name="env.LC_ALL" value="en_US.UTF-8" />
    <property name="env.TRAVIS_JOB_WEB_URL" value="https://travis-ci.org/icyphy/ptII/jobs/499608285" />
    <property name="java.specification.name" value="Java Platform API Specification" />
    <property name="node.works" value="true" />
    <property name="user.timezone" value="" />
    <property name="path.separator" value=":" />
    <property name="env.TRAVIS_ENABLE_INFRA_DETECTION" value="true" />
    <property name="env.PYTHON_CFLAGS" value="-g -fstack-protector --param=ssp-buffer-size=4 -Wformat -Werror=format-security" />
    <property name="timeout.long" value="4000000" />
    <property name="env.CERTI_HOME" value="/home/travis/pthla/certi-tools" />
    <property name="file.encoding" value="UTF-8" />
    <property name="ant.file.ptII" value="/home/travis/build/icyphy/ptII/build.xml" />
    <property name="javadoc.packagenames" value="com.*,diva.*,lbnl.*,org.hlacerti.*,org.json.*,org.ptolemy.*,org.terraswarm.*,ptolemy.*,ptserver.*" />
    <property name="env.TRAVIS_PULL_REQUEST_SLUG" value="" />
    <property name="ant.project.default-target" value="build" />
    <property name="env.GIT_ASKPASS" value="echo" />
    <property name="env.HOME" value="/home/travis" />
    <property name="sun.java.command" value="org.apache.tools.ant.taskdefs.optional.junit.JUnitTestRunner ptolemy.domains.de.test.junit.JUnitTclTest skipNonTests=false filtertrace=true haltOnError=false haltOnFailure=false formatter=org.apache.tools.ant.taskdefs.optional.junit.OutErrSummaryJUnitResultFormatter showoutput=true outputtoformatters=true logfailedtests=true threadid=0 logtestlistenerevents=false formatter=org.apache.tools.ant.taskdefs.optional.junit.XMLJUnitResultFormatter,/home/travis/build/icyphy/ptII/reports/junit/TEST-ptolemy.domains.de.test.junit.JUnitTclTest.xml crashfile=/home/travis/build/icyphy/ptII/junitvmwatcher6464636079315499604.properties propsfile=/home/travis/build/icyphy/ptII/junit1534708383210017438.properties" />
    <property name="env.MANPATH" value="/home/travis/.nvm/versions/node/v7.10.1/share/man:/home/travis/.kiex/elixirs/elixir-1.4.5/man:/home/travis/.rvm/rubies/ruby-2.4.1/share/man:/usr/local/man:/usr/local/cmake-3.9.2/man:/usr/local/clang-5.0.0/share/man:/usr/local/share/man:/usr/share/man:/home/travis/.rvm/man" />
    <property name="env.COMPOSER_NO_INTERACTION" value="1" />
    <property name="env.JDK_SWITCHER_DEFAULT" value="oraclejdk8" />
    <property name="env.TRAVIS_TIMER_ID" value="18aad0c0" />
    <property name="ant.file" value="/home/travis/build/icyphy/ptII/build.xml" />
    <property name="env.TRAVIS_COMMIT_RANGE" value="3b6362568b1e3a1bb803cf461e968ee49a58b967...dc92d4485abcbb8660693330aea28a18c9d6f23a" />
    <property name="env._system_name" value="Ubuntu" />
    <property name="timeout" value="2400000" />
    <property name="ptII.classpath.optional.property" value="/home/travis/build/icyphy/ptII/lib/bsh-2.0b4.jar:/home/travis/build/icyphy/ptII/lib/ptCal.jar:/home/travis/build/icyphy/ptII/lib/java_cup.jar:/home/travis/build/icyphy/ptII/lib/saxon8.jar:/home/travis/build/icyphy/ptII/lib/saxon8-dom.jar:/home/travis/build/icyphy/ptII/lib/chic.jar:/home/travis/build/icyphy/ptII/lib/ptcolt.jar:/usr/lib/jvm/java-8-oracle/lib/tools.jar:/home/travis/build/icyphy/ptII/vendors/misc/itext/iText.jar:/home/travis/build/icyphy/ptII/lib/g4ltl.jar:/home/travis/build/icyphy/ptII/lib/StructuralCoder.jar:/home/travis/build/icyphy/ptII/vendors/jai-1_1_2_01/lib/jai_core.jar:/home/travis/build/icyphy/ptII/vendors/jai-1_1_2_01/lib/jai_codec.jar:/home/travis/build/icyphy/ptII/lib/jcerti.jar:/home/travis/build/icyphy/ptII/lib/javax.mail.jar:/home/travis/build/icyphy/ptII/vendors/JMF-2.1.1e/lib/jmf.jar:/home/travis/build/icyphy/ptII/lib/jna-4.0.0-variadic.jar:/home/travis/build/icyphy/ptII/vendors/misc/joystick/Joystick.jar:/home/travis/build/icyphy/ptII/lib/ptjacl.jar:/home/travis/build/icyphy/ptII/lib/jsoup-1.8.2.jar:/home/travis/build/icyphy/ptII/lib/junit-4.8.2.jar:/home/travis/build/icyphy/ptII/lib/JUnitParams-0.4.0.jar:/home/travis/build/icyphy/ptII/ptolemy/actor/lib/excel/jxl.jar:/home/travis/build/icyphy/ptII/lib/jython.jar:/home/travis/build/icyphy/ptII/lib/kieler.jar:/home/travis/build/icyphy/ptII/vendors/opencv/share/OpenCV/java/opencv-341.jar:/home/travis/build/icyphy/ptII/lib/oscP5.jar:/home/travis/build/icyphy/ptII/lib/nrjavaserial-3.11.0.devel.jar:/home/travis/build/icyphy/ptII/vendors/j3d/lib/j3dcore.jar:/home/travis/build/icyphy/ptII/vendors/j3d/lib/j3dutils.jar:/home/travis/build/icyphy/ptII/vendors/j3d/lib/vecmath.jar:/home/travis/build/icyphy/ptII/ptolemy/distributed/jini/jar/jini-core.jar:/home/travis/build/icyphy/ptII/ptolemy/distributed/jini/jar/jini-ext.jar:/home/travis/build/icyphy/ptII/ptolemy/distributed/jini/jar/sun-util.jar:/home/travis/build/icyphy/ptII/lib/protobuf-java-2.4.1.jar:/home/travis/build/icyphy/ptII/lib/org.eclipse.paho.client.mqttv3.jar:/home/travis/build/icyphy/ptII/lib/mapss.jar:/home/travis/build/icyphy/ptII/ptolemy/actor/ptalon/antlr/antlr.jar:/home/travis/build/icyphy/ptII/lib/JRI.jar:/home/travis/build/icyphy/ptII/lib/commons-lang-2.6.jar:/home/travis/build/icyphy/ptII/lib/commons-logging-1.1.1.jar:/home/travis/build/icyphy/ptII/lib/sootclasses.jar:/home/travis/build/icyphy/ptII/ptolemy/actor/lib/database/mysql-connector-java-5.1.6-bin.jar:/home/travis/build/icyphy/ptII/vendors/misc/sphinx4/sphinx4-data-5prealpha.jar:/home/travis/build/icyphy/ptII/vendors/misc/sphinx4/sphinx4-core-5prealpha.jar:/home/travis/build/icyphy/ptII/lib/PDFRenderer.jar:/home/travis/build/icyphy/ptII/lib/svgSalamander.jar:/home/travis/build/icyphy/ptII/lib/rsyntaxtextarea-2.6.0-SNAPSHOT.jar:/home/travis/build/icyphy/ptII/lib/hazelcast-3.8.2.jar:/home/travis/build/icyphy/ptII/lib/jackson-annotations-2.9.0.jar:/home/travis/build/icyphy/ptII/lib/jackson-core-2.9.3.jar:/home/travis/build/icyphy/ptII/lib/jackson-databind-2.9.3.jar:/home/travis/build/icyphy/ptII/lib/netty-buffer-4.1.19.Final.jar:/home/travis/build/icyphy/ptII/lib/netty-codec-4.1.19.Final.jar:/home/travis/build/icyphy/ptII/lib/netty-codec-dns-4.1.19.Final.jar:/home/travis/build/icyphy/ptII/lib/netty-codec-http-4.1.19.Final.jar:/home/travis/build/icyphy/ptII/lib/netty-codec-http2-4.1.19.Final.jar:/home/travis/build/icyphy/ptII/lib/netty-common-4.1.19.Final.jar:/home/travis/build/icyphy/ptII/lib/netty-handler-4.1.19.Final.jar:/home/travis/build/icyphy/ptII/lib/netty-resolver-4.1.19.Final.jar:/home/travis/build/icyphy/ptII/lib/netty-resolver-dns-4.1.19.Final.jar:/home/travis/build/icyphy/ptII/lib/netty-transport-4.1.19.Final.jar:/home/travis/build/icyphy/ptII/lib/vertx-codegen-3.5.1.jar:/home/travis/build/icyphy/ptII/lib/vertx-core-3.5.2-SNAPSHOT.jar:/home/travis/build/icyphy/ptII/lib/vertx-hazelcast-3.5.1.jar:/home/travis/build/icyphy/ptII/lib/vertx-lang-js-3.5.1.jar:/home/travis/build/icyphy/ptII/lib/vertx-service-proxy-3.5.1.jar:/home/travis/build/icyphy/ptII/lib/vertx-web-3.5.1.jar:/home/travis/build/icyphy/ptII/lib/slf4j-api-1.7.13.jar:/home/travis/build/icyphy/ptII/lib/slf4j-simple-1.7.13.jar:/home/travis/build/icyphy/ptII/lib/webcam-capture-0.3.12.jar:/home/travis/build/icyphy/ptII/lib/bridj-0.7.0.jar:/home/travis/build/icyphy/ptII/lib/xbjlib-1.1.0.nrjavaserial.jar" />
    <property name="test.batch" value="**/junit/*.java" />
    <property name="env._" value="/usr/bin/timeout" />
    <property name="java.io.tmpdir" value="/tmp" />
    <property name="env.TRAVIS_INTERNAL_RUBY_REGEX" value="^ruby-(2\.[0-4]\.[0-9]|1\.9\.3)" />
    <property name="user.language" value="en" />
    <property name="env.HISTCONTROL" value="ignoredups:ignorespace" />
    <property name="env.GOROOT" value="/home/travis/.gimme/versions/go1.7.4.linux.amd64" />
    <property name="line.separator" value="&#xa;" />
    <property name="target" value="1.8" />
    <property name="env.TRAVIS_BUILD_DIR" value="/home/travis/build/icyphy/ptII" />
    <property name="env.ANT_OPTS" value="-Xmx2048m" />
    <property name="ant.file.type" value="file" />
    <property name="ptolemy.ptII.batchMode" value="true" />
    <property name="env.HISTSIZE" value="1000" />
    <property name="env.MERB_ENV" value="test" />
    <property name="java.vm.info" value="mixed mode" />
    <property name="source" value="1.8" />
    <property name="java.vm.specification.name" value="Java Virtual Machine Specification" />
    <property name="env.TRAVIS_TEST_RESULT" value="0" />
    <property name="jsdoc.command" value="node_modules/@terraswarm/jsdoc/jsdoc.js" />
    <property name="npm.works" value="true" />
    <property name="cobertura.dir" value="/home/travis/build/icyphy/ptII/vendors/cobertura-2.0.3" />
    <property name="env.rvm_path" value="/home/travis/.rvm" />
    <property name="env.GEM_PATH" value="/home/travis/.rvm/gems/ruby-2.4.1:/home/travis/.rvm/gems/ruby-2.4.1@global" />
    <property name="env.LC_CTYPE" value="en_US.UTF-8" />
    <property name="java.awt.printerjob" value="sun.print.PSPrinterJob" />
    <property name="env.TRAVIS_CMD" value="$PTII/bin/ptIITravisBuild.sh $SECONDS" />
    <property name="env.TRAVIS_STACK_NAME" value="garnet" />
    <property name="env.TRAVIS_TIMER_START_TIME" value="1551324751338536126" />
    <property name="ant.version" value="Apache Ant(TM) version 1.10.1 compiled on February 2 2017" />
    <property name="ptII.reports" value="/home/travis/build/icyphy/ptII/reports" />
    <property name="env.TRAVIS_STACK_TIMESTAMP" value="2017-12-05 19:33:09 UTC" />
    <property name="ant.file.type.ptII" value="file" />
    <property name="env.RBENV_SHELL" value="bash" />
    <property name="os.name" value="Linux" />
    <property name="java.specification.vendor" value="Oracle Corporation" />
    <property name="env.rvm_version" value="1.29.3 (latest)" />
    <property name="env.TRAVIS_INFRA" value="gce" />
    <property name="env.TERM" value="xterm" />
    <property name="java.vm.name" value="Java HotSpot(TM) 64-Bit Server VM" />
    <property name="env.TRAVIS_BUILD_NUMBER" value="1024" />
    <property name="env.CI" value="true" />
    <property name="java.library.path" value="/home/travis/pthla/certi-tools/lib:/usr/lib/jni:/usr/local/share/OpenCV/java/:/usr/share/OpenCV/java::/usr/java/packages/lib/amd64:/usr/lib64:/lib64:/lib:/usr/lib" />
    <property name="env.rvm_prefix" value="/home/travis" />
    <property name="env.PATH" value="/home/travis/pthla/certi-tools/share/scripts:/home/travis/.rvm/gems/ruby-2.4.1/bin:/home/travis/.rvm/gems/ruby-2.4.1@global/bin:/home/travis/.rvm/rubies/ruby-2.4.1/bin:/home/travis/.rvm/bin:/home/travis/.nvm/versions/node/v7.10.1/bin:./node_modules/.bin:/home/travis/build/icyphy/ptII/bin:/home/travis/pthla/certi-tools/bin:/home/travis/bin:/home/travis/.local/bin:/opt/pyenv/shims:/home/travis/.phpenv/shims:/home/travis/perl5/perlbrew/bin:/home/travis/.kiex/elixirs/elixir-1.4.5/bin:/home/travis/.kiex/bin:/home/travis/gopath/bin:/home/travis/.gimme/versions/go1.7.4.linux.amd64/bin:/usr/local/phantomjs/bin:/usr/local/phantomjs:/usr/local/neo4j-3.2.7/bin:/usr/local/maven-3.5.2/bin:/usr/local/cmake-3.9.2/bin:/usr/local/clang-5.0.0/bin:/usr/local/sbin:/usr/local/bin:/usr/sbin:/usr/bin:/sbin:/bin:/home/travis/.phpenv/bin:/opt/pyenv/bin:/home/travis/.yarn/bin" />
    <property name="env.TRAVIS_OS_NAME" value="linux" />
    <property name="ant.java.version" value="1.8" />
    <property name="basedir" value="/home/travis/build/icyphy/ptII" />
    <property name="java.class.version" value="52.0" />
    <property name="env.SHLVL" value="3" />
    <property name="env.LD_LIBRARY_PATH" value="/home/travis/pthla/certi-tools/lib:/usr/lib/jni:/usr/local/share/OpenCV/java/:/usr/share/OpenCV/java:" />
    <property name="env.RACK_ENV" value="test" />
    <property name="ant.home" value="/home/travis/build/icyphy/ptII/ant" />
    <property name="env.PERLBREW_BASHRC_VERSION" value="0.80" />
    <property name="env.NVM_DIR" value="/home/travis/.nvm" />
    <property name="env.TRAVIS_BUILD_ID" value="499608276" />
    <property name="env.CERTI_FOM_PATH" value="/home/travis/pthla/certi-tools/share/federations" />
    <property name="env.PYENV_ROOT" value="/opt/pyenv" />
    <property name="env.TRAVIS_UID" value="2000" />
    <property name="env.rvm_pretty_print_flag" value="auto" />
    <property name="env.NVM_BIN" value="/home/travis/.nvm/versions/node/v7.10.1/bin" />
    <property name="env.TRAVIS_COMMIT" value="dc92d4485abcbb8660693330aea28a18c9d6f23a" />
    <property name="env._system_arch" value="x86_64" />
    <property name="node.executable" value="node" />
    <property name="sun.boot.library.path" value="/usr/lib/jvm/java-8-oracle/jre/lib/amd64" />
    <property name="sun.management.compiler" value="HotSpot 64-Bit Tiered Compilers" />
    <property name="env.GOPATH" value="/home/travis/gopath" />
    <property name="java.awt.graphicsenv" value="sun.awt.X11GraphicsEnvironment" />
    <property name="ptolemy.ptII.dir" value="/home/travis/build/icyphy/ptII" />
    <property name="env.USER" value="travis" />
    <property name="env.HISTFILESIZE" value="2000" />
    <property name="timeout.longest" value="19000000" />
    <property name="env.TRAVIS_STACK_FEATURES" value="basic cassandra chromium couchdb disabled-ipv6 docker docker-compose elasticsearch firefox go-toolchain google-chrome jdk memcached mongodb mysql neo4j nodejs_interpreter perl_interpreter perlbrew phantomjs postgresql python_interpreter rabbitmq redis riak ruby_interpreter sqlite xserver" />
    <property name="env.TRAVIS_PULL_REQUEST" value="false" />
    <property name="env.PYENV_SHELL" value="bash" />
    <property name="ant.project.name" value="ptII" />
    <property name="java.vm.specification.version" value="1.8" />
    <property name="env.ANSI_RESET" value="\033[0m" />
    <property name="env.TRAVIS_DIST" value="trusty" />
    <property name="env.CERTI_VERSION" value="4.0.0" />
    <property name="env.NLSPATH" value="/usr/dt/lib/nls/msg/%L/%N.cat" />
    <property name="awt.toolkit" value="sun.awt.X11.XToolkit" />
    <property name="env.CERTI_HOST" value="localhost" />
    <property name="env.MY_RUBY_HOME" value="/home/travis/.rvm/rubies/ruby-2.4.1" />
    <property name="sun.cpu.isalist" value="" />
    <property name="env.TRAVIS_TMPDIR" value="/tmp/tmp.pOjlYaxjA8" />
    <property name="java.ext.dirs" value="/usr/lib/jvm/java-8-oracle/jre/lib/ext:/usr/java/packages/lib/ext" />
    <property name="os.version" value="4.4.0-101-generic" />
    <property name="user.home" value="/home/travis" />
    <property name="env.MIX_ARCHIVES" value="/home/travis/.kiex/mix/elixir-1.4.5" />
    <property name="java.vm.vendor" value="Oracle Corporation" />
    <property name="env.TRAVIS_TAG" value="nightly" />
    <property name="env.ANSI_YELLOW" value="\033[33;1m" />
    <property name="env.TRAVIS_FILTERED" value="redirect_io" />
    <property name="env.ANSI_GREEN" value="\033[32;1m" />
    <property name="env.JAVA_HOME" value="/usr/lib/jvm/java-8-oracle" />
    <property name="env.PTII" value="/home/travis/build/icyphy/ptII" />
    <property name="javadoc.excludepackagenames" value="adm.cvs2svn.*,build.*,config.*,doc.coding.templates.*,jni.test.jni.meaningOfLife.*,jni.test.jni.testDeux.*,jni.test.jni.testTrois.*,org.terraswarm.accessor.accessors.web.node_modules.*,org.terraswarm.accessor.accessors.web.hosts.cordova.demo.*,org.terraswarm.accessor.accessors.web.hosts.cordova.plugins.*,org.terraswarm.accessor.accessors-svn.*,pt-modules.*,ptolemy.apps.agilent.*,ptolemy.apps.anytimecontrol.*,ptolemy.apps.apes.*,ptolemy.apps.charon.*,ptolemy.apps.crazyboard.*,ptolemy.apps.eclipse.*,ptolemy.apps.etherealSting.*,ptolemy.apps.fullscreen.*,ptolemy.apps.giotto.*,ptolemy.apps.ia.*,ptolemy.apps.interfaces.*,ptolemy.apps.jmf.*,ptolemy.apps.kurt.*,ptolemy.apps.kvm.*,ptolemy.apps.lego.*,ptolemy.apps.lejos.*,ptolemy.apps.midp.*,ptolemy.apps.mobileCoding.*,ptolemy.apps.pendulum.*,ptolemy.apps.rijndael.*,ptolemy.apps.robot.*,ptolemy.apps.security.*,ptolemy.apps.sobel.*,ptolemy.apps.soot.*,ptolemy.apps.throttle.*,ptolemy.apps.tini.*,ptolemy.apps.transmission.*,ptolemy.apps.vergil.*,ptolemy.apps.waba.*,ptolemy.apps.websensor.*,ptolemy.apps.webstart.*,ptolemy.apps.xsl.*,ptolemy.apps.zaurus.*,ptolemy.codegen.c.actor.lib.oldJavaFiles.*,ptolemy.codegen.dsp.lib.*,ptolemy.codegen.kernel.newInterfaces.*,ptolemy.codegen.lib.*,ptolemy.copernicus.kernel.fragment.*,ptolemy.copernicus.shallow.cg.*,ptolemy.domains.giotto.demo.Hierarchy.Hierarchy.*,ptolemy.domains.giotto.demo.Multimode.Multimode.*,ptolemy.domains.giotto.demo.Simple.Simple.*,ptolemy.domains.gr.lib.experimental.*,ptolemy.domains.gro.*,ptolemy.domains.pdf.*,ptolemy.domains.ptinyos.demo.Surge.output.*,ptolemy.moml.test.NoPackageActor.java*,ptolemy.plot.adm.*,ptolemy.plot.servlet.*,reports.*,signed.*,src.*,target.*,vendors.*,ptolemy.apps.eclipse.awt.*,ptolemy.backtrack.*,ptolemy.backtrack.ast.*,ptolemy.cg.adapter.generic.program.procedural.c.mbed*,ptolemy.homer.*,org.ptolemy.scala.*,diva.util.java2d.svg.*,ptolemy.domains.ptinyos.*,ptolemy.actor.lib.fmi.fmipp.*,,org.terraswarm.accessor.accessors.web.node_modules.*,org.terraswarm.accessor.accessors-svn,ptolemy.apps.*,ptolemy.actor.ptalon.demo.ptinyos.SendAndReceiveCnt.output,ptolemy.actor.ptalon.demo.ptinyos.SenseToLeds.output,ptolemy.domains.ptinyos.demo.CntToLedsAndRfm.output,ptolemy.domains.ptinyos.demo.RfmToLeds.output,ptolemy.domains.ptinyos.demo.SendAndReceiveCnt.output,ptolemy.domains.ptinyos.demo.SenseToLeds.output,ptolemy.actor.lib.jjs.modules.udpSocket.*" />
    <property name="env.TRAVIS_COMMIT_MESSAGE" value="Desk assignment" />
    <property name="keystore" value="ptKeystore" />
    <property name="env.XDG_SESSION_ID" value="2" />
    <property name="junit.output.dir" value="/home/travis/build/icyphy/ptII/reports/junit" />
    <property name="npm.return.code" value="0" />
    <property name="user.dir" value="/home/travis/build/icyphy/ptII/ptolemy/domains/de/test" />
    <property name="env.TRAVIS_NODE_VERSION" value="7" />
    <property name="env.XFILESEARCHPATH" value="/usr/dt/app-defaults/%L/Dt" />
    <property name="env.TRAVIS_EVENT_TYPE" value="cron" />
    <property name="env.MAIL" value="/var/mail/travis" />
    <property name="env.PWD" value="/home/travis/build/icyphy/ptII" />
    <property name="env.PERLBREW_ROOT" value="/home/travis/perl5/perlbrew" />
    <property name="timeout.npm" value="45000" />
    <property name="env.PT_TRAVIS_TEST_CORE2_XML" value="true" />
    <property name="env.TRAVIS_ARCH" value="amd64" />
    <property name="env.PAGER" value="cat" />
    <property name="sun.cpu.endian" value="little" />
    <property name="env.TRAVIS_BUILD_STAGE_NAME" value="Test" />
    <property name="env.PERLBREW_HOME" value="/home/travis/.perlbrew" />
    <property name="env.RAILS_ENV" value="test" />
    <property name="java.vm.version" value="25.151-b12" />
    <property name="java.class.path" value="/home/travis/build/icyphy/ptII:/home/travis/build/icyphy/ptII/lib/bsh-2.0b4.jar:/home/travis/build/icyphy/ptII/lib/ptCal.jar:/home/travis/build/icyphy/ptII/lib/java_cup.jar:/home/travis/build/icyphy/ptII/lib/saxon8.jar:/home/travis/build/icyphy/ptII/lib/saxon8-dom.jar:/home/travis/build/icyphy/ptII/lib/chic.jar:/home/travis/build/icyphy/ptII/lib/ptcolt.jar:/usr/lib/jvm/java-8-oracle/lib/tools.jar:/home/travis/build/icyphy/ptII/vendors/misc/itext/iText.jar:/home/travis/build/icyphy/ptII/lib/g4ltl.jar:/home/travis/build/icyphy/ptII/lib/StructuralCoder.jar:/home/travis/build/icyphy/ptII/vendors/jai-1_1_2_01/lib/jai_core.jar:/home/travis/build/icyphy/ptII/vendors/jai-1_1_2_01/lib/jai_codec.jar:/home/travis/build/icyphy/ptII/lib/jcerti.jar:/home/travis/build/icyphy/ptII/lib/javax.mail.jar:/home/travis/build/icyphy/ptII/vendors/JMF-2.1.1e/lib/jmf.jar:/home/travis/build/icyphy/ptII/lib/jna-4.0.0-variadic.jar:/home/travis/build/icyphy/ptII/vendors/misc/joystick/Joystick.jar:/home/travis/build/icyphy/ptII/lib/ptjacl.jar:/home/travis/build/icyphy/ptII/lib/jsoup-1.8.2.jar:/home/travis/build/icyphy/ptII/lib/junit-4.8.2.jar:/home/travis/build/icyphy/ptII/lib/JUnitParams-0.4.0.jar:/home/travis/build/icyphy/ptII/ptolemy/actor/lib/excel/jxl.jar:/home/travis/build/icyphy/ptII/lib/jython.jar:/home/travis/build/icyphy/ptII/lib/kieler.jar:/home/travis/build/icyphy/ptII/vendors/opencv/share/OpenCV/java/opencv-341.jar:/home/travis/build/icyphy/ptII/lib/oscP5.jar:/home/travis/build/icyphy/ptII/lib/nrjavaserial-3.11.0.devel.jar:/home/travis/build/icyphy/ptII/vendors/j3d/lib/j3dcore.jar:/home/travis/build/icyphy/ptII/vendors/j3d/lib/j3dutils.jar:/home/travis/build/icyphy/ptII/vendors/j3d/lib/vecmath.jar:/home/travis/build/icyphy/ptII/ptolemy/distributed/jini/jar/jini-core.jar:/home/travis/build/icyphy/ptII/ptolemy/distributed/jini/jar/jini-ext.jar:/home/travis/build/icyphy/ptII/ptolemy/distributed/jini/jar/sun-util.jar:/home/travis/build/icyphy/ptII/lib/protobuf-java-2.4.1.jar:/home/travis/build/icyphy/ptII/lib/org.eclipse.paho.client.mqttv3.jar:/home/travis/build/icyphy/ptII/lib/mapss.jar:/home/travis/build/icyphy/ptII/ptolemy/actor/ptalon/antlr/antlr.jar:/home/travis/build/icyphy/ptII/lib/JRI.jar:/home/travis/build/icyphy/ptII/lib/commons-lang-2.6.jar:/home/travis/build/icyphy/ptII/lib/commons-logging-1.1.1.jar:/home/travis/build/icyphy/ptII/lib/sootclasses.jar:/home/travis/build/icyphy/ptII/ptolemy/actor/lib/database/mysql-connector-java-5.1.6-bin.jar:/home/travis/build/icyphy/ptII/vendors/misc/sphinx4/sphinx4-data-5prealpha.jar:/home/travis/build/icyphy/ptII/vendors/misc/sphinx4/sphinx4-core-5prealpha.jar:/home/travis/build/icyphy/ptII/lib/PDFRenderer.jar:/home/travis/build/icyphy/ptII/lib/svgSalamander.jar:/home/travis/build/icyphy/ptII/lib/rsyntaxtextarea-2.6.0-SNAPSHOT.jar:/home/travis/build/icyphy/ptII/lib/hazelcast-3.8.2.jar:/home/travis/build/icyphy/ptII/lib/jackson-annotations-2.9.0.jar:/home/travis/build/icyphy/ptII/lib/jackson-core-2.9.3.jar:/home/travis/build/icyphy/ptII/lib/jackson-databind-2.9.3.jar:/home/travis/build/icyphy/ptII/lib/netty-buffer-4.1.19.Final.jar:/home/travis/build/icyphy/ptII/lib/netty-codec-4.1.19.Final.jar:/home/travis/build/icyphy/ptII/lib/netty-codec-dns-4.1.19.Final.jar:/home/travis/build/icyphy/ptII/lib/netty-codec-http-4.1.19.Final.jar:/home/travis/build/icyphy/ptII/lib/netty-codec-http2-4.1.19.Final.jar:/home/travis/build/icyphy/ptII/lib/netty-common-4.1.19.Final.jar:/home/travis/build/icyphy/ptII/lib/netty-handler-4.1.19.Final.jar:/home/travis/build/icyphy/ptII/lib/netty-resolver-4.1.19.Final.jar:/home/travis/build/icyphy/ptII/lib/netty-resolver-dns-4.1.19.Final.jar:/home/travis/build/icyphy/ptII/lib/netty-transport-4.1.19.Final.jar:/home/travis/build/icyphy/ptII/lib/vertx-codegen-3.5.1.jar:/home/travis/build/icyphy/ptII/lib/vertx-core-3.5.2-SNAPSHOT.jar:/home/travis/build/icyphy/ptII/lib/vertx-hazelcast-3.5.1.jar:/home/travis/build/icyphy/ptII/lib/vertx-lang-js-3.5.1.jar:/home/travis/build/icyphy/ptII/lib/vertx-service-proxy-3.5.1.jar:/home/travis/build/icyphy/ptII/lib/vertx-web-3.5.1.jar:/home/travis/build/icyphy/ptII/lib/slf4j-api-1.7.13.jar:/home/travis/build/icyphy/ptII/lib/slf4j-simple-1.7.13.jar:/home/travis/build/icyphy/ptII/lib/webcam-capture-0.3.12.jar:/home/travis/build/icyphy/ptII/lib/bridj-0.7.0.jar:/home/travis/build/icyphy/ptII/lib/xbjlib-1.1.0.nrjavaserial.jar:/home/travis/build/icyphy/ptII/ptolemy/moml/test:/home/travis/build/icyphy/ptII/ant/lib/ant-launcher.jar:/home/travis/build/icyphy/ptII/ant/lib/ant.jar:/home/travis/build/icyphy/ptII/ant/lib/ant-junit.jar:/home/travis/build/icyphy/ptII/ant/lib/ant-junit4.jar" />
    <property name="ant.library.dir" value="/home/travis/build/icyphy/ptII/ant/lib" />
    <property name="os.arch" value="amd64" />
    <property name="env.TRAVIS_LANGUAGE" value="node_js" />
    <property name="env.CONTINUOUS_INTEGRATION" value="true" />
    <property name="env.TRAVIS_STACK_LANGUAGES" value="__garnet__ c c++ clojure cplusplus cpp default go groovy java node_js php pure_java python ruby scala" />
    <property name="test.name" value="ptolemy.actor.lib.test.junit.JUnitTclTest" />
    <property name="sun.java.launcher" value="SUN_STANDARD" />
    <property name="env.PYTHON_CONFIGURE_OPTS" value="--enable-unicode=ucs4 --with-wide-unicode --enable-shared --enable-ipv6 --enable-loadable-sqlite-extensions --with-computed-gotos" />
    <property name="ant.core.lib" value="/home/travis/build/icyphy/ptII/ant/lib/ant.jar" />
    <property name="java.vm.specification.vendor" value="Oracle Corporation" />
    <property name="env.BCVTB_HOME" value="/home/travis/build/icyphy/ptII/lbnl" />
    <property name="file.separator" value="/" />
    <property name="spotbugs.home" value="/home/travis/build/icyphy/ptII/vendors/spotbugs-3.1.1" />
    <property name="java.runtime.version" value="1.8.0_151-b12" />
    <property name="sun.boot.class.path" value="/usr/lib/jvm/java-8-oracle/jre/lib/resources.jar:/usr/lib/jvm/java-8-oracle/jre/lib/rt.jar:/usr/lib/jvm/java-8-oracle/jre/lib/sunrsasign.jar:/usr/lib/jvm/java-8-oracle/jre/lib/jsse.jar:/usr/lib/jvm/java-8-oracle/jre/lib/jce.jar:/usr/lib/jvm/java-8-oracle/jre/lib/charsets.jar:/usr/lib/jvm/java-8-oracle/jre/lib/jfr.jar:/usr/lib/jvm/java-8-oracle/jre/classes" />
    <property name="env.ANSI_CLEAR" value="\033[0K" />
    <property name="env.HAS_JOSH_K_SEAL_OF_APPROVAL" value="true" />
    <property name="env.XDG_RUNTIME_DIR" value="/run/user/2000" />
    <property name="env.TRAVIS_OSX_IMAGE" value="" />
    <property name="env.TRAVIS_BRANCH" value="master" />
    <property name="env.TRAVIS_JOB_ID" value="499608285" />
    <property name="user.country" value="US" />
    <property name="env.CERTI_HOME_TRAVIS" value="/home/travis/pthla/certi-tools" />
    <property name="env.SHELL" value="/bin/bash" />
    <property name="java.maxmemory.large" value="5000m" />
    <property name="model" value="" />
    <property name="env.CASHER_DIR" value="/home/travis/.casher" />
    <property name="env.NVM_CD_FLAGS" value="" />
    <property name="jshint.executable" value="/home/travis/node_modules/jshint/bin/jshint" />
    <property name="java.vendor" value="Oracle Corporation" />
    <property name="env.JRUBY_OPTS" value=" --client -J-XX:+TieredCompilation -J-XX:TieredStopAtLevel=1 -J-Xss2m -Xcompile.invokedynamic=false" />
    <property name="env.TRAVIS_PRE_CHEF_BOOTSTRAP_TIME" value="2017-12-05T19:32:55" />
    <property name="env.TRAVIS_STACK_JOB_BOARD_REGISTER" value="/.job-board-register.yml" />
    <property name="env.ELIXIR_VERSION" value="1.4.5" />
    <property name="env.ANSI_RED" value="\033[31;1m" />
    <property name="java.specification.version" value="1.8" />
    <property name="env.TRAVIS" value="true" />
    <property name="env.IRBRC" value="/home/travis/.rvm/rubies/ruby-2.4.1/.irbrc" />
    <property name="sun.arch.data.model" value="64" />
  </properties>
  <testcase classname="ptolemy.util.test.junit.TclTests" name="[0] /home/travis/build/icyphy/ptII/ptolemy/domains/de/test/DependencyLoop.tcl (RunTclFile)" time="0.719" />
  <testcase classname="ptolemy.util.test.junit.TclTests" name="[1] /home/travis/build/icyphy/ptII/ptolemy/domains/de/test/RunDETestsAsQSS.tcl (RunTclFile)" time="86.415" />
  <testcase classname="ptolemy.util.test.junit.AutoKnownFailedTests" name="[0] /home/travis/build/icyphy/ptII/ptolemy/domains/de/test/auto/knownFailedTests/DESDFClockTest.xml (RunModel)" time="2.042" />
  <testcase classname="ptolemy.util.test.junit.AutoKnownFailedTests" name="[1] /home/travis/build/icyphy/ptII/ptolemy/domains/de/test/auto/knownFailedTests/DirectFeedback.xml (RunModel)" time="0.014" />
  <testcase classname="ptolemy.util.test.junit.AutoKnownFailedTests" name="[2] /home/travis/build/icyphy/ptII/ptolemy/domains/de/test/auto/knownFailedTests/FSMSource.xml (RunModel)" time="0.016" />
  <testcase classname="ptolemy.util.test.junit.AutoKnownFailedTests" name="[3] /home/travis/build/icyphy/ptII/ptolemy/domains/de/test/auto/knownFailedTests/HierarchicalModel.xml (RunModel)" time="0.034" />
  <testcase classname="ptolemy.util.test.junit.AutoKnownFailedTests" name="[4] /home/travis/build/icyphy/ptII/ptolemy/domains/de/test/auto/knownFailedTests/dependencyLoop.xml (RunModel)" time="0.033" />
  <testcase classname="ptolemy.util.test.junit.AutoKnownFailedTests" name="[5] /home/travis/build/icyphy/ptII/ptolemy/domains/de/test/auto/knownFailedTests/dependencyLoop2.xml (RunModel)" time="0.04" />
  <testcase classname="ptolemy.util.test.junit.AutoNameArchTests" name="[0] ThereAreNoAutoArchTests (RunModel)" time="0.0" />
  <testcase classname="ptolemy.util.test.junit.AutoTests" name="[0] /home/travis/build/icyphy/ptII/ptolemy/domains/de/test/auto/ActorDepthCalculation_actorWithoutPorts.xml (RunModel)" time="0.015" />
  <testcase classname="ptolemy.util.test.junit.AutoTests" name="[1] /home/travis/build/icyphy/ptII/ptolemy/domains/de/test/auto/AssemblyLine.xml (RunModel)" time="0.014" />
  <testcase classname="ptolemy.util.test.junit.AutoTests" name="[2] /home/travis/build/icyphy/ptII/ptolemy/domains/de/test/auto/CQBug1.xml (RunModel)" time="0.006" />
  <testcase classname="ptolemy.util.test.junit.AutoTests" name="[3] /home/travis/build/icyphy/ptII/ptolemy/domains/de/test/auto/CancelFireAt.xml (RunModel)" time="0.005" />
  <testcase classname="ptolemy.util.test.junit.AutoTests" name="[4] /home/travis/build/icyphy/ptII/ptolemy/domains/de/test/auto/CausalityAndComposabilityAnalysis.xml (RunModel)" time="0.009" />
  <testcase classname="ptolemy.util.test.junit.AutoTests" name="[5] /home/travis/build/icyphy/ptII/ptolemy/domains/de/test/auto/CausalityInterface1.xml (RunModel)" time="0.011" />
  <testcase classname="ptolemy.util.test.junit.AutoTests" name="[6] /home/travis/build/icyphy/ptII/ptolemy/domains/de/test/auto/CausalityInterface15.xml (RunModel)" time="0.012" />
  <testcase classname="ptolemy.util.test.junit.AutoTests" name="[7] /home/travis/build/icyphy/ptII/ptolemy/domains/de/test/auto/CausalityInterface2.xml (RunModel)" time="0.009" />
  <testcase classname="ptolemy.util.test.junit.AutoTests" name="[8] /home/travis/build/icyphy/ptII/ptolemy/domains/de/test/auto/CausalityInterface3.xml (RunModel)" time="0.01" />
  <testcase classname="ptolemy.util.test.junit.AutoTests" name="[9] /home/travis/build/icyphy/ptII/ptolemy/domains/de/test/auto/ClockDrift.xml (RunModel)" time="0.032" />
  <testcase classname="ptolemy.util.test.junit.AutoTests" name="[10] /home/travis/build/icyphy/ptII/ptolemy/domains/de/test/auto/ClockDriftAndValueChange.xml (RunModel)" time="0.028" />
  <testcase classname="ptolemy.util.test.junit.AutoTests" name="[11] /home/travis/build/icyphy/ptII/ptolemy/domains/de/test/auto/ClockDriftChange.xml (RunModel)" time="0.025" />
  <testcase classname="ptolemy.util.test.junit.AutoTests" name="[12] /home/travis/build/icyphy/ptII/ptolemy/domains/de/test/auto/ComposableCausalityAnalysis.xml (RunModel)" time="0.017" />
  <testcase classname="ptolemy.util.test.junit.AutoTests" name="[13] /home/travis/build/icyphy/ptII/ptolemy/domains/de/test/auto/DEFixedPointLimitation.xml (RunModel)" time="0.008" />
  <testcase classname="ptolemy.util.test.junit.AutoTests" name="[14] /home/travis/build/icyphy/ptII/ptolemy/domains/de/test/auto/DEScheduleTest.xml (RunModel)" time="0.009" />
  <testcase classname="ptolemy.util.test.junit.AutoTests" name="[15] /home/travis/build/icyphy/ptII/ptolemy/domains/de/test/auto/DEinDEwithStartTimes.xml (RunModel)" time="0.01" />
  <testcase classname="ptolemy.util.test.junit.AutoTests" name="[16] /home/travis/build/icyphy/ptII/ptolemy/domains/de/test/auto/DEinDEwithStartTimes2.xml (RunModel)" time="0.011" />
  <testcase classname="ptolemy.util.test.junit.AutoTests" name="[17] /home/travis/build/icyphy/ptII/ptolemy/domains/de/test/auto/DateDemo.xml (RunModel)" time="0.023" />
  <testcase classname="ptolemy.util.test.junit.AutoTests" name="[18] /home/travis/build/icyphy/ptII/ptolemy/domains/de/test/auto/DateToEvent.xml (RunModel)" time="2.033" />
  <testcase classname="ptolemy.util.test.junit.AutoTests" name="[19] /home/travis/build/icyphy/ptII/ptolemy/domains/de/test/auto/DepthTest1.xml (RunModel)" time="0.006" />
  <testcase classname="ptolemy.util.test.junit.AutoTests" name="[20] /home/travis/build/icyphy/ptII/ptolemy/domains/de/test/auto/DepthTest2.xml (RunModel)" time="0.014" />
  <testcase classname="ptolemy.util.test.junit.AutoTests" name="[21] /home/travis/build/icyphy/ptII/ptolemy/domains/de/test/auto/DepthTest3.xml (RunModel)" time="0.006" />
  <testcase classname="ptolemy.util.test.junit.AutoTests" name="[22] /home/travis/build/icyphy/ptII/ptolemy/domains/de/test/auto/DepthTest4.xml (RunModel)" time="0.01" />
  <testcase classname="ptolemy.util.test.junit.AutoTests" name="[23] /home/travis/build/icyphy/ptII/ptolemy/domains/de/test/auto/DepthTest5.xml (RunModel)" time="0.011" />
  <testcase classname="ptolemy.util.test.junit.AutoTests" name="[24] /home/travis/build/icyphy/ptII/ptolemy/domains/de/test/auto/DepthTest6.xml (RunModel)" time="0.011" />
  <testcase classname="ptolemy.util.test.junit.AutoTests" name="[25] /home/travis/build/icyphy/ptII/ptolemy/domains/de/test/auto/DepthTest7.xml (RunModel)" time="0.009" />
  <testcase classname="ptolemy.util.test.junit.AutoTests" name="[26] /home/travis/build/icyphy/ptII/ptolemy/domains/de/test/auto/EventToDate.xml (RunModel)" time="3.028" />
  <testcase classname="ptolemy.util.test.junit.AutoTests" name="[27] /home/travis/build/icyphy/ptII/ptolemy/domains/de/test/auto/FSM1.xml (RunModel)" time="0.026" />
  <testcase classname="ptolemy.util.test.junit.AutoTests" name="[28] /home/travis/build/icyphy/ptII/ptolemy/domains/de/test/auto/FSM7.xml (RunModel)" time="0.025" />
  <testcase classname="ptolemy.util.test.junit.AutoTests" name="[29] /home/travis/build/icyphy/ptII/ptolemy/domains/de/test/auto/Inspection.xml (RunModel)" time="0.033" />
  <testcase classname="ptolemy.util.test.junit.AutoTests" name="[30] /home/travis/build/icyphy/ptII/ptolemy/domains/de/test/auto/Iteration.xml (RunModel)" time="0.016" />
  <testcase classname="ptolemy.util.test.junit.AutoTests" name="[31] /home/travis/build/icyphy/ptII/ptolemy/domains/de/test/auto/LineFault.xml (RunModel)" time="0.393" />
  <testcase classname="ptolemy.util.test.junit.AutoTests" name="[32] /home/travis/build/icyphy/ptII/ptolemy/domains/de/test/auto/MergeModel1Add.xml (RunModel)" time="0.025" />
  <testcase classname="ptolemy.util.test.junit.AutoTests" name="[33] /home/travis/build/icyphy/ptII/ptolemy/domains/de/test/auto/MergeModel2Add.xml (RunModel)" time="0.03" />
  <testcase classname="ptolemy.util.test.junit.AutoTests" name="[34] /home/travis/build/icyphy/ptII/ptolemy/domains/de/test/auto/MergeModel3Add.xml (RunModel)" time="0.037" />
  <testcase classname="ptolemy.util.test.junit.AutoTests" name="[35] /home/travis/build/icyphy/ptII/ptolemy/domains/de/test/auto/MergeWithoutDiscard.xml (RunModel)" time="0.011" />
  <testcase classname="ptolemy.util.test.junit.AutoTests" name="[36] /home/travis/build/icyphy/ptII/ptolemy/domains/de/test/auto/Modal1.xml (RunModel)" time="0.022" />
  <testcase classname="ptolemy.util.test.junit.AutoTests" name="[37] /home/travis/build/icyphy/ptII/ptolemy/domains/de/test/auto/Modal2.xml (RunModel)" time="0.022" />
  <testcase classname="ptolemy.util.test.junit.AutoTests" name="[38] /home/travis/build/icyphy/ptII/ptolemy/domains/de/test/auto/Modal3.xml (RunModel)" time="0.025" />
  <testcase classname="ptolemy.util.test.junit.AutoTests" name="[39] /home/travis/build/icyphy/ptII/ptolemy/domains/de/test/auto/Modal4.xml (RunModel)" time="0.023" />
  <testcase classname="ptolemy.util.test.junit.AutoTests" name="[40] /home/travis/build/icyphy/ptII/ptolemy/domains/de/test/auto/Modal5.xml (RunModel)" time="0.024" />
  <testcase classname="ptolemy.util.test.junit.AutoTests" name="[41] /home/travis/build/icyphy/ptII/ptolemy/domains/de/test/auto/Modal6.xml (RunModel)" time="0.02" />
  <testcase classname="ptolemy.util.test.junit.AutoTests" name="[42] /home/travis/build/icyphy/ptII/ptolemy/domains/de/test/auto/Modal7.xml (RunModel)" time="0.021" />
  <testcase classname="ptolemy.util.test.junit.AutoTests" name="[43] /home/travis/build/icyphy/ptII/ptolemy/domains/de/test/auto/ModalModel.xml (RunModel)" time="0.109" />
  <testcase classname="ptolemy.util.test.junit.AutoTests" name="[44] /home/travis/build/icyphy/ptII/ptolemy/domains/de/test/auto/ModalSource.xml (RunModel)" time="0.013" />
  <testcase classname="ptolemy.util.test.junit.AutoTests" name="[45] /home/travis/build/icyphy/ptII/ptolemy/domains/de/test/auto/NonInterruptibleTimerZeroDelay.xml (RunModel)" time="0.006" />
  <testcase classname="ptolemy.util.test.junit.AutoTests" name="[46] /home/travis/build/icyphy/ptII/ptolemy/domains/de/test/auto/OpenQueueingNetwork.xml (RunModel)" time="1.624" />
  <testcase classname="ptolemy.util.test.junit.AutoTests" name="[47] /home/travis/build/icyphy/ptII/ptolemy/domains/de/test/auto/OpenQueuingNetwork.xml (RunModel)" time="0.261" />
  <testcase classname="ptolemy.util.test.junit.AutoTests" name="[48] /home/travis/build/icyphy/ptII/ptolemy/domains/de/test/auto/PeriodicSampler.xml (RunModel)" time="0.008" />
  <testcase classname="ptolemy.util.test.junit.AutoTests" name="[49] /home/travis/build/icyphy/ptII/ptolemy/domains/de/test/auto/PersistentIO.xml (RunModel)" time="0.018" />
  <testcase classname="ptolemy.util.test.junit.AutoTests" name="[50] /home/travis/build/icyphy/ptII/ptolemy/domains/de/test/auto/PortParameterResetOnInitialize.xml (RunModel)" time="0.011" />
  <testcase classname="ptolemy.util.test.junit.AutoTests" name="[51] /home/travis/build/icyphy/ptII/ptolemy/domains/de/test/auto/PortParameterUpdates.xml (RunModel)" time="0.015" />
  <testcase classname="ptolemy.util.test.junit.AutoTests" name="[52] /home/travis/build/icyphy/ptII/ptolemy/domains/de/test/auto/QueueAndServer.xml (RunModel)" time="0.029" />
  <testcase classname="ptolemy.util.test.junit.AutoTests" name="[53] /home/travis/build/icyphy/ptII/ptolemy/domains/de/test/auto/Records.xml (RunModel)" time="0.016" />
  <testcase classname="ptolemy.util.test.junit.AutoTests" name="[54] /home/travis/build/icyphy/ptII/ptolemy/domains/de/test/auto/ResetTransitionWithStartTime1.xml (RunModel)" time="0.021" />
  <testcase classname="ptolemy.util.test.junit.AutoTests" name="[55] /home/travis/build/icyphy/ptII/ptolemy/domains/de/test/auto/ResetTransitionWithStartTime2.xml (RunModel)" time="0.015" />
  <testcase classname="ptolemy.util.test.junit.AutoTests" name="[56] /home/travis/build/icyphy/ptII/ptolemy/domains/de/test/auto/ResetTransitionWithStartTime3.xml (RunModel)" time="0.019" />
  <testcase classname="ptolemy.util.test.junit.AutoTests" name="[57] /home/travis/build/icyphy/ptII/ptolemy/domains/de/test/auto/ResetTransitionWithStartTime4.xml (RunModel)" time="0.019" />
  <testcase classname="ptolemy.util.test.junit.AutoTests" name="[58] /home/travis/build/icyphy/ptII/ptolemy/domains/de/test/auto/ResettableTimer1.xml (RunModel)" time="0.008" />
  <testcase classname="ptolemy.util.test.junit.AutoTests" name="[59] /home/travis/build/icyphy/ptII/ptolemy/domains/de/test/auto/ResettableTimer2.xml (RunModel)" time="0.008" />
  <testcase classname="ptolemy.util.test.junit.AutoTests" name="[60] /home/travis/build/icyphy/ptII/ptolemy/domains/de/test/auto/ResettableTimer3.xml (RunModel)" time="0.007" />
  <testcase classname="ptolemy.util.test.junit.AutoTests" name="[61] /home/travis/build/icyphy/ptII/ptolemy/domains/de/test/auto/ResettableTimer4.xml (RunModel)" time="0.01" />
  <testcase classname="ptolemy.util.test.junit.AutoTests" name="[62] /home/travis/build/icyphy/ptII/ptolemy/domains/de/test/auto/ResettableTimer5.xml (RunModel)" time="0.009" />
  <testcase classname="ptolemy.util.test.junit.AutoTests" name="[63] /home/travis/build/icyphy/ptII/ptolemy/domains/de/test/auto/ResettableTimer6.xml (RunModel)" time="0.015" />
  <testcase classname="ptolemy.util.test.junit.AutoTests" name="[64] /home/travis/build/icyphy/ptII/ptolemy/domains/de/test/auto/ServerZeroDelay.xml (RunModel)" time="0.013" />
  <testcase classname="ptolemy.util.test.junit.AutoTests" name="[65] /home/travis/build/icyphy/ptII/ptolemy/domains/de/test/auto/SmartSender.xml (RunModel)" time="3.009" />
  <testcase classname="ptolemy.util.test.junit.AutoTests" name="[66] /home/travis/build/icyphy/ptII/ptolemy/domains/de/test/auto/ThreadedComposite.xml (RunModel)" time="0.405" />
  <testcase classname="ptolemy.util.test.junit.AutoTests" name="[67] /home/travis/build/icyphy/ptII/ptolemy/domains/de/test/auto/Time.xml (RunModel)" time="0.436" />
  <testcase classname="ptolemy.util.test.junit.AutoTests" name="[68] /home/travis/build/icyphy/ptII/ptolemy/domains/de/test/auto/TimeDelayZeroDelay.xml (RunModel)" time="0.009" />
  <testcase classname="ptolemy.util.test.junit.AutoTests" name="[69] /home/travis/build/icyphy/ptII/ptolemy/domains/de/test/auto/TimerZeroDelay.xml (RunModel)" time="0.007" />
  <testcase classname="ptolemy.util.test.junit.AutoTests" name="[70] /home/travis/build/icyphy/ptII/ptolemy/domains/de/test/auto/TimingParadox.xml (RunModel)" time="0.35" />
  <testcase classname="ptolemy.util.test.junit.AutoTests" name="[71] /home/travis/build/icyphy/ptII/ptolemy/domains/de/test/auto/TransferInputs.xml (RunModel)" time="0.017" />
  <testcase classname="ptolemy.util.test.junit.AutoTests" name="[72] /home/travis/build/icyphy/ptII/ptolemy/domains/de/test/auto/TransferOutputs2.xml (RunModel)" time="0.02" />
  <testcase classname="ptolemy.util.test.junit.AutoTests" name="[73] /home/travis/build/icyphy/ptII/ptolemy/domains/de/test/auto/Trilateration.xml (RunModel)" time="11.557" />
  <testcase classname="ptolemy.util.test.junit.AutoTests" name="[74] /home/travis/build/icyphy/ptII/ptolemy/domains/de/test/auto/TwoSigmaDelta.xml (RunModel)" time="2.08" />
  <testcase classname="ptolemy.util.test.junit.AutoTests" name="[75] /home/travis/build/icyphy/ptII/ptolemy/domains/de/test/auto/VariableDelay.xml (RunModel)" time="0.01" />
  <testcase classname="ptolemy.util.test.junit.AutoTests" name="[76] /home/travis/build/icyphy/ptII/ptolemy/domains/de/test/auto/VariableDelay2.xml (RunModel)" time="0.01" />
  <testcase classname="ptolemy.util.test.junit.AutoTests" name="[77] /home/travis/build/icyphy/ptII/ptolemy/domains/de/test/auto/VariableDelayZeroDelay.xml (RunModel)" time="0.011" />
  <testcase classname="ptolemy.util.test.junit.AutoTests" name="[78] /home/travis/build/icyphy/ptII/ptolemy/domains/de/test/auto/VariableDelayZeroDelay2.xml (RunModel)" time="0.008" />
  <testcase classname="ptolemy.util.test.junit.AutoTests" name="[79] /home/travis/build/icyphy/ptII/ptolemy/domains/de/test/auto/deInCt.xml (RunModel)" time="0.016" />
  <testcase classname="ptolemy.util.test.junit.AutoTests" name="[80] /home/travis/build/icyphy/ptII/ptolemy/domains/de/test/auto/deInCt2.xml (RunModel)" time="0.011" />
  <testcase classname="ptolemy.util.test.junit.AutoTests" name="[81] /home/travis/build/icyphy/ptII/ptolemy/domains/de/test/auto/dynamicCausalityInterface1.xml (RunModel)" time="0.016" />
  <testcase classname="ptolemy.util.test.junit.AutoTests" name="[82] /home/travis/build/icyphy/ptII/ptolemy/domains/de/test/auto/fsm_de_test.xml (RunModel)" time="0.02" />
  <testcase classname="ptolemy.util.test.junit.AutoTests" name="[83] /home/travis/build/icyphy/ptII/ptolemy/domains/de/test/auto/functionDependencyReconstruction.xml (RunModel)" time="0.029" />
  <testcase classname="ptolemy.util.test.junit.AutoTests" name="[84] /home/travis/build/icyphy/ptII/ptolemy/domains/de/test/auto/multirate.xml (RunModel)" time="0.013" />
  <testcase classname="ptolemy.util.test.junit.AutoTests" name="[85] /home/travis/build/icyphy/ptII/ptolemy/domains/de/test/auto/multirate2.xml (RunModel)" time="0.013" />
  <testcase classname="ptolemy.util.test.junit.AutoTests" name="[86] /home/travis/build/icyphy/ptII/ptolemy/domains/de/test/auto/realtime.xml (RunModel)" time="10.008" />
  <testcase classname="ptolemy.util.test.junit.AutoTests" name="[87] /home/travis/build/icyphy/ptII/ptolemy/domains/de/test/auto/relationGroup.xml (RunModel)" time="0.01" />
  <testcase classname="ptolemy.util.test.junit.AutoTests" name="[88] /home/travis/build/icyphy/ptII/ptolemy/domains/de/test/auto/relationGroup2.xml (RunModel)" time="0.006" />
  <testcase classname="ptolemy.util.test.junit.AutoTests" name="[89] /home/travis/build/icyphy/ptII/ptolemy/domains/de/test/auto/sortWithOpaquePorts.xml (RunModel)" time="0.007" />
  <testcase classname="ptolemy.util.test.junit.AutoTests" name="[90] /home/travis/build/icyphy/ptII/ptolemy/domains/de/test/auto/transferInputsandOutputs.xml (RunModel)" time="0.019" />
  <testcase classname="ptolemy.util.test.junit.AutoTests" name="[91] /home/travis/build/icyphy/ptII/ptolemy/domains/de/test/auto/triggerType.xml (RunModel)" time="0.01" />
  <system-out><![CDATA[/home/travis/build/icyphy/ptII/ptolemy/domains/de/test/DependencyLoop.tcl
testDefs.tcl: setting time out to 9000 seconds at Thu Feb 28 03:41:06 UTC 2019
14 ms. Memory: 116224K Free: 97447K (84%)
29 ms. Memory: 146944K Free: 142416K (97%)
/home/travis/build/icyphy/ptII/ptolemy/domains/de/test/RunDETestsAsQSS.tcl
Run the DE tests using ptolemy.domains.qss.test.QSSDirectorTest, which extends QSSDirector and prints a message in the constructors.
------------------ testing $PTII/ptolemy/domains/de/test/auto/knownFailedTests/dependencyLoop.xml (Known Failure) 
6 ms. Memory: 146944K Free: 136937K (93%)


==== $PTIIhome/travis/build/icyphy/ptII/ptolemy/domains/de/test/../../../../: Auto Automatic test in file $PTII/ptolemy/domains/de/test/auto/knownFailedTests/dependencyLoop.xml
==== Contents of test case:

	    # FIXME: we should use $relativeFilename here, but it
	    # might have backslashes under Windows, which causes no end
	    # of trouble.
	    createAndExecute $file
	    list {}
	
.... Test generated KNOWN error:
    while executing
ptolemy.kernel.util.IllegalActionException: Found a zero delay loop containing .dependencyLoop.original
  in .dependencyLoop and .dependencyLoop.original
	at ptolemy.actor.util.CausalityInterfaceForComposites._computeOutputPortDepth(CausalityInterfaceForComposites.java:759)
	at ptolemy.actor.util.CausalityInterfaceForComposites._computeInputDepth(CausalityInterfaceForComposites.java:696)
	at ptolemy.actor.util.CausalityInterfaceForComposites._computeOutputPortDepth(CausalityInterfaceForComposites.java:765)
	at ptolemy.actor.util.CausalityInterfaceForComposites._computeInputDepth(CausalityInterfaceForComposites.java:696)
	at ptolemy.actor.util.CausalityInterfaceForComposites._computeOutputPortDepth(CausalityInterfaceForComposites.java:765)
	at ptolemy.actor.util.CausalityInterfaceForComposites._computeInputDepth(CausalityInterfaceForComposites.java:696)
	at ptolemy.actor.util.CausalityInterfaceForComposites._computeActorDepth(CausalityInterfaceForComposites.java:532)
	at ptolemy.actor.util.CausalityInterfaceForComposites.checkForCycles(CausalityInterfaceForComposites.java:96)
	at ptolemy.domains.de.kernel.DEDirector.preinitialize(DEDirector.java:1338)
	at ptolemy.actor.CompositeActor.preinitialize(CompositeActor.java:1828)
	at ptolemy.actor.Manager.preinitializeAndResolveTypes(Manager.java:1040)
	at ptolemy.actor.Manager.initialize(Manager.java:710)
	at ptolemy.actor.Manager.execute(Manager.java:356)
	at ptolemy.actor.Manager.run(Manager.java:1263)
	at ptolemy.actor.Manager$PtolemyRunThread.run(Manager.java:1915)

    while executing
ptolemy.kernel.util.IllegalActionException: Found a zero delay loop containing .dependencyLoop.original
  in .dependencyLoop and .dependencyLoop.original
    while executing
"java::new ptolemy.moml.MoMLSimpleApplication $file
"
    (procedure "createAndExecute" line 2)
    invoked from within
"createAndExecute $file"
    ("uplevel" body line 5)
    invoked from within
"uplevel $contents_of_test"
------------------ testing $PTII/ptolemy/domains/de/test/auto/knownFailedTests/DESDFClockTest.xml (Known Failure) 
2064 ms. Memory: 146944K Free: 121335K (83%)


==== $PTIIhome/travis/build/icyphy/ptII/ptolemy/domains/de/test/../../../../: Auto Automatic test in file $PTII/ptolemy/domains/de/test/auto/knownFailedTests/DESDFClockTest.xml
==== Contents of test case:

	    # FIXME: we should use $relativeFilename here, but it
	    # might have backslashes under Windows, which causes no end
	    # of trouble.
	    createAndExecute $file
	    list {}
	
.... Test generated KNOWN error:
    while executing
ptolemy.kernel.util.IllegalActionException: Actor is not ready to fire.  Perhaps UpSample.prefire() returned false? Try debugging the actor by selecting "Listen to Actor".  Also, for SDF check moml for tokenConsumptionRate on input.
  in .DESDFClockTest.Play Bell.Copy1:SDF Director and .DESDFClockTest.Play Bell.UpSample
	at ptolemy.actor.sched.StaticSchedulingDirector.fire(StaticSchedulingDirector.java:227)
	at ptolemy.domains.sdf.kernel.SDFDirector.fire(SDFDirector.java:500)
	at ptolemy.actor.CompositeActor.fire(CompositeActor.java:455)
	at ptolemy.domains.de.kernel.DEDirector._fire(DEDirector.java:1949)
	at ptolemy.domains.de.kernel.DEDirector.fire(DEDirector.java:502)
	at ptolemy.actor.CompositeActor.fire(CompositeActor.java:455)
	at ptolemy.actor.Manager.iterate(Manager.java:851)
	at ptolemy.actor.Manager.execute(Manager.java:369)
	at ptolemy.actor.Manager.run(Manager.java:1263)
	at ptolemy.actor.Manager$PtolemyRunThread.run(Manager.java:1915)

    while executing
ptolemy.kernel.util.IllegalActionException: Actor is not ready to fire.  Perhaps UpSample.prefire() returned false? Try debugging the actor by selecting "Listen to Actor".  Also, for SDF check moml for tokenConsumptionRate on input.
  in .DESDFClockTest.Play Bell.Copy1:SDF Director and .DESDFClockTest.Play Bell.UpSample
    while executing
"java::new ptolemy.moml.MoMLSimpleApplication $file
"
    (procedure "createAndExecute" line 2)
    invoked from within
"createAndExecute $file"
    ("uplevel" body line 5)
    invoked from within
"uplevel $contents_of_test"
------------------ testing $PTII/ptolemy/domains/de/test/auto/knownFailedTests/FSMSource.xml (Known Failure) 
22 ms. Memory: 146944K Free: 112419K (77%)
!!!! Auto was marked as failing, but now passes
------------------ testing $PTII/ptolemy/domains/de/test/auto/knownFailedTests/dependencyLoop2.xml (Known Failure) 
5 ms. Memory: 146944K Free: 110536K (75%)


==== $PTIIhome/travis/build/icyphy/ptII/ptolemy/domains/de/test/../../../../: Auto Automatic test in file $PTII/ptolemy/domains/de/test/auto/knownFailedTests/dependencyLoop2.xml
==== Contents of test case:

	    # FIXME: we should use $relativeFilename here, but it
	    # might have backslashes under Windows, which causes no end
	    # of trouble.
	    createAndExecute $file
	    list {}
	
.... Test generated KNOWN error:
    while executing
ptolemy.kernel.util.IllegalActionException: Found a zero delay loop containing .dependencyLoop2.original
  in .dependencyLoop2 and .dependencyLoop2.original
	at ptolemy.actor.util.CausalityInterfaceForComposites._computeOutputPortDepth(CausalityInterfaceForComposites.java:759)
	at ptolemy.actor.util.CausalityInterfaceForComposites._computeInputDepth(CausalityInterfaceForComposites.java:696)
	at ptolemy.actor.util.CausalityInterfaceForComposites._computeOutputPortDepth(CausalityInterfaceForComposites.java:765)
	at ptolemy.actor.util.CausalityInterfaceForComposites._computeInputDepth(CausalityInterfaceForComposites.java:696)
	at ptolemy.actor.util.CausalityInterfaceForComposites._computeOutputPortDepth(CausalityInterfaceForComposites.java:765)
	at ptolemy.actor.util.CausalityInterfaceForComposites._computeInputDepth(CausalityInterfaceForComposites.java:696)
	at ptolemy.actor.util.CausalityInterfaceForComposites._computeActorDepth(CausalityInterfaceForComposites.java:532)
	at ptolemy.actor.util.CausalityInterfaceForComposites.checkForCycles(CausalityInterfaceForComposites.java:96)
	at ptolemy.domains.de.kernel.DEDirector.preinitialize(DEDirector.java:1338)
	at ptolemy.actor.CompositeActor.preinitialize(CompositeActor.java:1828)
	at ptolemy.actor.Manager.preinitializeAndResolveTypes(Manager.java:1040)
	at ptolemy.actor.Manager.initialize(Manager.java:710)
	at ptolemy.actor.Manager.execute(Manager.java:356)
	at ptolemy.actor.Manager.run(Manager.java:1263)
	at ptolemy.actor.Manager$PtolemyRunThread.run(Manager.java:1915)

    while executing
ptolemy.kernel.util.IllegalActionException: Found a zero delay loop containing .dependencyLoop2.original
  in .dependencyLoop2 and .dependencyLoop2.original
    while executing
"java::new ptolemy.moml.MoMLSimpleApplication $file
"
    (procedure "createAndExecute" line 2)
    invoked from within
"createAndExecute $file"
    ("uplevel" body line 5)
    invoked from within
"uplevel $contents_of_test"
------------------ testing $PTII/ptolemy/domains/de/test/auto/knownFailedTests/HierarchicalModel.xml (Known Failure) 
5 ms. Memory: 146944K Free: 90306K (61%)


==== $PTIIhome/travis/build/icyphy/ptII/ptolemy/domains/de/test/../../../../: Auto Automatic test in file $PTII/ptolemy/domains/de/test/auto/knownFailedTests/HierarchicalModel.xml
==== Contents of test case:

	    # FIXME: we should use $relativeFilename here, but it
	    # might have backslashes under Windows, which causes no end
	    # of trouble.
	    createAndExecute $file
	    list {}
	
.... Test generated KNOWN error:
    while executing
ptolemy.kernel.util.IllegalActionException: Found a zero delay loop containing .HierarchicalModel.A
  in .HierarchicalModel and .HierarchicalModel.A
	at ptolemy.actor.util.CausalityInterfaceForComposites._computeOutputPortDepth(CausalityInterfaceForComposites.java:759)
	at ptolemy.actor.util.CausalityInterfaceForComposites._computeInputDepth(CausalityInterfaceForComposites.java:696)
	at ptolemy.actor.util.CausalityInterfaceForComposites._computeOutputPortDepth(CausalityInterfaceForComposites.java:765)
	at ptolemy.actor.util.CausalityInterfaceForComposites._computeInputDepth(CausalityInterfaceForComposites.java:696)
	at ptolemy.actor.util.CausalityInterfaceForComposites._computeOutputPortDepth(CausalityInterfaceForComposites.java:765)
	at ptolemy.actor.util.CausalityInterfaceForComposites._computeInputDepth(CausalityInterfaceForComposites.java:696)
	at ptolemy.actor.util.CausalityInterfaceForComposites._computeActorDepth(CausalityInterfaceForComposites.java:532)
	at ptolemy.actor.util.CausalityInterfaceForComposites.checkForCycles(CausalityInterfaceForComposites.java:96)
	at ptolemy.domains.de.kernel.DEDirector.preinitialize(DEDirector.java:1338)
	at ptolemy.actor.CompositeActor.preinitialize(CompositeActor.java:1828)
	at ptolemy.actor.Manager.preinitializeAndResolveTypes(Manager.java:1040)
	at ptolemy.actor.Manager.initialize(Manager.java:710)
	at ptolemy.actor.Manager.execute(Manager.java:356)
	at ptolemy.actor.Manager.run(Manager.java:1263)
	at ptolemy.actor.Manager$PtolemyRunThread.run(Manager.java:1915)

    while executing
ptolemy.kernel.util.IllegalActionException: Found a zero delay loop containing .HierarchicalModel.A
  in .HierarchicalModel and .HierarchicalModel.A
    while executing
"java::new ptolemy.moml.MoMLSimpleApplication $file
"
    (procedure "createAndExecute" line 2)
    invoked from within
"createAndExecute $file"
    ("uplevel" body line 5)
    invoked from within
"uplevel $contents_of_test"
------------------ testing $PTII/ptolemy/domains/de/test/auto/knownFailedTests/DirectFeedback.xml (Known Failure) 
4 ms. Memory: 146944K Free: 86186K (59%)


==== $PTIIhome/travis/build/icyphy/ptII/ptolemy/domains/de/test/../../../../: Auto Automatic test in file $PTII/ptolemy/domains/de/test/auto/knownFailedTests/DirectFeedback.xml
==== Contents of test case:

	    # FIXME: we should use $relativeFilename here, but it
	    # might have backslashes under Windows, which causes no end
	    # of trouble.
	    createAndExecute $file
	    list {}
	
.... Test generated KNOWN error:
    while executing
ptolemy.kernel.util.IllegalActionException: Test fails in iteration 1.
Value was: 1.0. Should have been: 2.0
  in .DirectFeedback.Test
	at ptolemy.actor.lib.Test.fire(Test.java:268)
	at ptolemy.domains.de.kernel.DEDirector._fire(DEDirector.java:1949)
	at ptolemy.domains.de.kernel.DEDirector.fire(DEDirector.java:502)
	at ptolemy.actor.CompositeActor.fire(CompositeActor.java:455)
	at ptolemy.actor.Manager.iterate(Manager.java:851)
	at ptolemy.actor.Manager.execute(Manager.java:369)
	at ptolemy.actor.Manager.run(Manager.java:1263)
	at ptolemy.actor.Manager$PtolemyRunThread.run(Manager.java:1915)

    while executing
ptolemy.kernel.util.IllegalActionException: Test fails in iteration 1.
Value was: 1.0. Should have been: 2.0
  in .DirectFeedback.Test
    while executing
"java::new ptolemy.moml.MoMLSimpleApplication $file
"
    (procedure "createAndExecute" line 2)
    invoked from within
"createAndExecute $file"
    ("uplevel" body line 5)
    invoked from within
"uplevel $contents_of_test"
------------------ testing $PTII/ptolemy/domains/de/test/auto/ActorDepthCalculation_actorWithoutPorts.xml
auto.tcl: Setting watchdog for 200 seconds at Thu Feb 28 03:41:09 UTC 2019
9 ms. Memory: 146944K Free: 138672K (94%)
ptolemy.util.test.WatchDog.cancel(): canceling Thu Feb 28 03:41:09 UTC 2019
auto.tcl: Setting watchdog for 200 seconds at Thu Feb 28 03:41:09 UTC 2019
3 ms. Memory: 146944K Free: 137648K (94%)
ptolemy.util.test.WatchDog.cancel(): canceling Thu Feb 28 03:41:09 UTC 2019
------------------ testing $PTII/ptolemy/domains/de/test/auto/AssemblyLine.xml
auto.tcl: Setting watchdog for 200 seconds at Thu Feb 28 03:41:10 UTC 2019
27 ms. Memory: 208384K Free: 186228K (89%)
ptolemy.util.test.WatchDog.cancel(): canceling Thu Feb 28 03:41:10 UTC 2019
auto.tcl: Setting watchdog for 200 seconds at Thu Feb 28 03:41:10 UTC 2019
7 ms. Memory: 208384K Free: 186228K (89%)
ptolemy.util.test.WatchDog.cancel(): canceling Thu Feb 28 03:41:10 UTC 2019
------------------ testing $PTII/ptolemy/domains/de/test/auto/CQBug1.xml
auto.tcl: Setting watchdog for 200 seconds at Thu Feb 28 03:41:10 UTC 2019
4 ms. Memory: 208384K Free: 197886K (95%)
ptolemy.util.test.WatchDog.cancel(): canceling Thu Feb 28 03:41:10 UTC 2019
auto.tcl: Setting watchdog for 200 seconds at Thu Feb 28 03:41:10 UTC 2019
2 ms. Memory: 208384K Free: 197886K (95%)
ptolemy.util.test.WatchDog.cancel(): canceling Thu Feb 28 03:41:10 UTC 2019
------------------ testing $PTII/ptolemy/domains/de/test/auto/CancelFireAt.xml
auto.tcl: Setting watchdog for 200 seconds at Thu Feb 28 03:41:10 UTC 2019
4 ms. Memory: 208384K Free: 201556K (97%)
ptolemy.util.test.WatchDog.cancel(): canceling Thu Feb 28 03:41:10 UTC 2019
auto.tcl: Setting watchdog for 200 seconds at Thu Feb 28 03:41:10 UTC 2019
10 ms. Memory: 208384K Free: 199491K (96%)
ptolemy.util.test.WatchDog.cancel(): canceling Thu Feb 28 03:41:10 UTC 2019
------------------ testing $PTII/ptolemy/domains/de/test/auto/CausalityAndComposabilityAnalysis.xml
auto.tcl: Setting watchdog for 200 seconds at Thu Feb 28 03:41:10 UTC 2019
8 ms. Memory: 208384K Free: 198567K (95%)
ptolemy.util.test.WatchDog.cancel(): canceling Thu Feb 28 03:41:10 UTC 2019
auto.tcl: Setting watchdog for 200 seconds at Thu Feb 28 03:41:10 UTC 2019
5 ms. Memory: 208384K Free: 196501K (94%)
ptolemy.util.test.WatchDog.cancel(): canceling Thu Feb 28 03:41:10 UTC 2019
------------------ testing $PTII/ptolemy/domains/de/test/auto/CausalityInterface1.xml
auto.tcl: Setting watchdog for 200 seconds at Thu Feb 28 03:41:10 UTC 2019
8 ms. Memory: 208384K Free: 196469K (94%)
ptolemy.util.test.WatchDog.cancel(): canceling Thu Feb 28 03:41:10 UTC 2019
auto.tcl: Setting watchdog for 200 seconds at Thu Feb 28 03:41:10 UTC 2019
4 ms. Memory: 208384K Free: 196469K (94%)
ptolemy.util.test.WatchDog.cancel(): canceling Thu Feb 28 03:41:10 UTC 2019
------------------ testing $PTII/ptolemy/domains/de/test/auto/CausalityInterface15.xml
auto.tcl: Setting watchdog for 200 seconds at Thu Feb 28 03:41:10 UTC 2019
8 ms. Memory: 208384K Free: 196414K (94%)
ptolemy.util.test.WatchDog.cancel(): canceling Thu Feb 28 03:41:10 UTC 2019
auto.tcl: Setting watchdog for 200 seconds at Thu Feb 28 03:41:10 UTC 2019
4 ms. Memory: 208384K Free: 196414K (94%)
ptolemy.util.test.WatchDog.cancel(): canceling Thu Feb 28 03:41:10 UTC 2019
------------------ testing $PTII/ptolemy/domains/de/test/auto/CausalityInterface2.xml
auto.tcl: Setting watchdog for 200 seconds at Thu Feb 28 03:41:10 UTC 2019
9 ms. Memory: 208384K Free: 196446K (94%)
ptolemy.util.test.WatchDog.cancel(): canceling Thu Feb 28 03:41:10 UTC 2019
auto.tcl: Setting watchdog for 200 seconds at Thu Feb 28 03:41:10 UTC 2019
3 ms. Memory: 208384K Free: 196446K (94%)
ptolemy.util.test.WatchDog.cancel(): canceling Thu Feb 28 03:41:10 UTC 2019
------------------ testing $PTII/ptolemy/domains/de/test/auto/CausalityInterface3.xml
auto.tcl: Setting watchdog for 200 seconds at Thu Feb 28 03:41:10 UTC 2019
3 ms. Memory: 208384K Free: 196442K (94%)
ptolemy.util.test.WatchDog.cancel(): canceling Thu Feb 28 03:41:10 UTC 2019
auto.tcl: Setting watchdog for 200 seconds at Thu Feb 28 03:41:10 UTC 2019
7 ms. Memory: 208384K Free: 196442K (94%)
ptolemy.util.test.WatchDog.cancel(): canceling Thu Feb 28 03:41:10 UTC 2019
------------------ testing $PTII/ptolemy/domains/de/test/auto/ClockDrift.xml
auto.tcl: Setting watchdog for 200 seconds at Thu Feb 28 03:41:10 UTC 2019
95 ms. Memory: 208384K Free: 187802K (90%)
ptolemy.util.test.WatchDog.cancel(): canceling Thu Feb 28 03:41:11 UTC 2019
auto.tcl: Setting watchdog for 200 seconds at Thu Feb 28 03:41:11 UTC 2019
39 ms. Memory: 208384K Free: 185737K (89%)
ptolemy.util.test.WatchDog.cancel(): canceling Thu Feb 28 03:41:11 UTC 2019
------------------ testing $PTII/ptolemy/domains/de/test/auto/ClockDriftAndValueChange.xml
auto.tcl: Setting watchdog for 200 seconds at Thu Feb 28 03:41:11 UTC 2019
52 ms. Memory: 208384K Free: 189699K (91%)
ptolemy.util.test.WatchDog.cancel(): canceling Thu Feb 28 03:41:11 UTC 2019
auto.tcl: Setting watchdog for 200 seconds at Thu Feb 28 03:41:11 UTC 2019
30 ms. Memory: 208384K Free: 185600K (89%)
ptolemy.util.test.WatchDog.cancel(): canceling Thu Feb 28 03:41:11 UTC 2019
------------------ testing $PTII/ptolemy/domains/de/test/auto/ClockDriftChange.xml
auto.tcl: Setting watchdog for 200 seconds at Thu Feb 28 03:41:11 UTC 2019
39 ms. Memory: 208384K Free: 190904K (92%)
ptolemy.util.test.WatchDog.cancel(): canceling Thu Feb 28 03:41:11 UTC 2019
auto.tcl: Setting watchdog for 200 seconds at Thu Feb 28 03:41:11 UTC 2019
19 ms. Memory: 208384K Free: 188854K (91%)
ptolemy.util.test.WatchDog.cancel(): canceling Thu Feb 28 03:41:11 UTC 2019
------------------ testing $PTII/ptolemy/domains/de/test/auto/ComposableCausalityAnalysis.xml
auto.tcl: Setting watchdog for 200 seconds at Thu Feb 28 03:41:11 UTC 2019
3 ms. Memory: 208384K Free: 196301K (94%)
ptolemy.util.test.WatchDog.cancel(): canceling Thu Feb 28 03:41:11 UTC 2019
auto.tcl: Setting watchdog for 200 seconds at Thu Feb 28 03:41:11 UTC 2019
2 ms. Memory: 208384K Free: 194251K (93%)
ptolemy.util.test.WatchDog.cancel(): canceling Thu Feb 28 03:41:11 UTC 2019
------------------ testing $PTII/ptolemy/domains/de/test/auto/DEFixedPointLimitation.xml
auto.tcl: Setting watchdog for 200 seconds at Thu Feb 28 03:41:11 UTC 2019
3 ms. Memory: 208384K Free: 198228K (95%)
ptolemy.util.test.WatchDog.cancel(): canceling Thu Feb 28 03:41:11 UTC 2019
auto.tcl: Setting watchdog for 200 seconds at Thu Feb 28 03:41:11 UTC 2019
5 ms. Memory: 208384K Free: 196179K (94%)
ptolemy.util.test.WatchDog.cancel(): canceling Thu Feb 28 03:41:11 UTC 2019
------------------ testing $PTII/ptolemy/domains/de/test/auto/DEScheduleTest.xml
auto.tcl: Setting watchdog for 200 seconds at Thu Feb 28 03:41:11 UTC 2019
7 ms. Memory: 208384K Free: 198278K (95%)
ptolemy.util.test.WatchDog.cancel(): canceling Thu Feb 28 03:41:11 UTC 2019
auto.tcl: Setting watchdog for 200 seconds at Thu Feb 28 03:41:11 UTC 2019
5 ms. Memory: 208384K Free: 196229K (94%)
ptolemy.util.test.WatchDog.cancel(): canceling Thu Feb 28 03:41:11 UTC 2019
------------------ testing $PTII/ptolemy/domains/de/test/auto/DEinDEwithStartTimes.xml
auto.tcl: Setting watchdog for 200 seconds at Thu Feb 28 03:41:11 UTC 2019
3 ms. Memory: 208384K Free: 196175K (94%)
ptolemy.util.test.WatchDog.cancel(): canceling Thu Feb 28 03:41:11 UTC 2019
auto.tcl: Setting watchdog for 200 seconds at Thu Feb 28 03:41:11 UTC 2019
3 ms. Memory: 208384K Free: 196175K (94%)
ptolemy.util.test.WatchDog.cancel(): canceling Thu Feb 28 03:41:11 UTC 2019
------------------ testing $PTII/ptolemy/domains/de/test/auto/DEinDEwithStartTimes2.xml
auto.tcl: Setting watchdog for 200 seconds at Thu Feb 28 03:41:11 UTC 2019
6 ms. Memory: 208384K Free: 196680K (94%)
ptolemy.util.test.WatchDog.cancel(): canceling Thu Feb 28 03:41:11 UTC 2019
auto.tcl: Setting watchdog for 200 seconds at Thu Feb 28 03:41:11 UTC 2019
4 ms. Memory: 208384K Free: 194096K (93%)
ptolemy.util.test.WatchDog.cancel(): canceling Thu Feb 28 03:41:11 UTC 2019
------------------ testing $PTII/ptolemy/domains/de/test/auto/DateDemo.xml
auto.tcl: Setting watchdog for 200 seconds at Thu Feb 28 03:41:11 UTC 2019
9 ms. Memory: 208384K Free: 188741K (91%)
ptolemy.util.test.WatchDog.cancel(): canceling Thu Feb 28 03:41:11 UTC 2019
auto.tcl: Setting watchdog for 200 seconds at Thu Feb 28 03:41:11 UTC 2019
9 ms. Memory: 208384K Free: 186692K (90%)
ptolemy.util.test.WatchDog.cancel(): canceling Thu Feb 28 03:41:11 UTC 2019
------------------ testing $PTII/ptolemy/domains/de/test/auto/DateToEvent.xml
auto.tcl: Setting watchdog for 200 seconds at Thu Feb 28 03:41:11 UTC 2019
2010 ms. Memory: 208384K Free: 183570K (88%)
ptolemy.util.test.WatchDog.cancel(): canceling Thu Feb 28 03:41:14 UTC 2019
auto.tcl: Setting watchdog for 200 seconds at Thu Feb 28 03:41:14 UTC 2019
2005 ms. Memory: 208384K Free: 183570K (88%)
ptolemy.util.test.WatchDog.cancel(): canceling Thu Feb 28 03:41:16 UTC 2019
------------------ testing $PTII/ptolemy/domains/de/test/auto/DepthTest1.xml
auto.tcl: Setting watchdog for 200 seconds at Thu Feb 28 03:41:16 UTC 2019
6 ms. Memory: 208384K Free: 198325K (95%)
ptolemy.util.test.WatchDog.cancel(): canceling Thu Feb 28 03:41:16 UTC 2019
auto.tcl: Setting watchdog for 200 seconds at Thu Feb 28 03:41:16 UTC 2019
3 ms. Memory: 208384K Free: 198325K (95%)
ptolemy.util.test.WatchDog.cancel(): canceling Thu Feb 28 03:41:16 UTC 2019
------------------ testing $PTII/ptolemy/domains/de/test/auto/DepthTest2.xml
auto.tcl: Setting watchdog for 200 seconds at Thu Feb 28 03:41:16 UTC 2019
3 ms. Memory: 208384K Free: 194133K (93%)
ptolemy.util.test.WatchDog.cancel(): canceling Thu Feb 28 03:41:16 UTC 2019
auto.tcl: Setting watchdog for 200 seconds at Thu Feb 28 03:41:16 UTC 2019
5 ms. Memory: 208384K Free: 194133K (93%)
ptolemy.util.test.WatchDog.cancel(): canceling Thu Feb 28 03:41:16 UTC 2019
------------------ testing $PTII/ptolemy/domains/de/test/auto/DepthTest3.xml
auto.tcl: Setting watchdog for 200 seconds at Thu Feb 28 03:41:16 UTC 2019
2 ms. Memory: 208384K Free: 198140K (95%)
ptolemy.util.test.WatchDog.cancel(): canceling Thu Feb 28 03:41:16 UTC 2019
auto.tcl: Setting watchdog for 200 seconds at Thu Feb 28 03:41:16 UTC 2019
1 ms. Memory: 208384K Free: 198140K (95%)
ptolemy.util.test.WatchDog.cancel(): canceling Thu Feb 28 03:41:16 UTC 2019
------------------ testing $PTII/ptolemy/domains/de/test/auto/DepthTest4.xml
auto.tcl: Setting watchdog for 200 seconds at Thu Feb 28 03:41:16 UTC 2019
3 ms. Memory: 208384K Free: 196147K (94%)
ptolemy.util.test.WatchDog.cancel(): canceling Thu Feb 28 03:41:16 UTC 2019
auto.tcl: Setting watchdog for 200 seconds at Thu Feb 28 03:41:16 UTC 2019
2 ms. Memory: 208384K Free: 196147K (94%)
ptolemy.util.test.WatchDog.cancel(): canceling Thu Feb 28 03:41:16 UTC 2019
------------------ testing $PTII/ptolemy/domains/de/test/auto/DepthTest5.xml
auto.tcl: Setting watchdog for 200 seconds at Thu Feb 28 03:41:16 UTC 2019
3 ms. Memory: 208384K Free: 196110K (94%)
ptolemy.util.test.WatchDog.cancel(): canceling Thu Feb 28 03:41:16 UTC 2019
auto.tcl: Setting watchdog for 200 seconds at Thu Feb 28 03:41:16 UTC 2019
3 ms. Memory: 208384K Free: 196110K (94%)
ptolemy.util.test.WatchDog.cancel(): canceling Thu Feb 28 03:41:16 UTC 2019
------------------ testing $PTII/ptolemy/domains/de/test/auto/DepthTest6.xml
auto.tcl: Setting watchdog for 200 seconds at Thu Feb 28 03:41:16 UTC 2019
6 ms. Memory: 208384K Free: 196621K (94%)
ptolemy.util.test.WatchDog.cancel(): canceling Thu Feb 28 03:41:16 UTC 2019
auto.tcl: Setting watchdog for 200 seconds at Thu Feb 28 03:41:16 UTC 2019
2 ms. Memory: 208384K Free: 196621K (94%)
ptolemy.util.test.WatchDog.cancel(): canceling Thu Feb 28 03:41:16 UTC 2019
------------------ testing $PTII/ptolemy/domains/de/test/auto/DepthTest7.xml
auto.tcl: Setting watchdog for 200 seconds at Thu Feb 28 03:41:16 UTC 2019
3 ms. Memory: 208384K Free: 196051K (94%)
ptolemy.util.test.WatchDog.cancel(): canceling Thu Feb 28 03:41:16 UTC 2019
auto.tcl: Setting watchdog for 200 seconds at Thu Feb 28 03:41:16 UTC 2019
2 ms. Memory: 208384K Free: 196051K (94%)
ptolemy.util.test.WatchDog.cancel(): canceling Thu Feb 28 03:41:16 UTC 2019
------------------ testing $PTII/ptolemy/domains/de/test/auto/EventToDate.xml
auto.tcl: Setting watchdog for 200 seconds at Thu Feb 28 03:41:16 UTC 2019
3005 ms. Memory: 208384K Free: 185402K (89%)
ptolemy.util.test.WatchDog.cancel(): canceling Thu Feb 28 03:41:19 UTC 2019
auto.tcl: Setting watchdog for 200 seconds at Thu Feb 28 03:41:19 UTC 2019
3005 ms. Memory: 208384K Free: 183337K (88%)
ptolemy.util.test.WatchDog.cancel(): canceling Thu Feb 28 03:41:22 UTC 2019
------------------ testing $PTII/ptolemy/domains/de/test/auto/FSM1.xml
auto.tcl: Setting watchdog for 200 seconds at Thu Feb 28 03:41:22 UTC 2019
29 ms. Memory: 208384K Free: 189196K (91%)
ptolemy.util.test.WatchDog.cancel(): canceling Thu Feb 28 03:41:22 UTC 2019
auto.tcl: Setting watchdog for 200 seconds at Thu Feb 28 03:41:22 UTC 2019
17 ms. Memory: 208384K Free: 185082K (89%)
ptolemy.util.test.WatchDog.cancel(): canceling Thu Feb 28 03:41:22 UTC 2019
------------------ testing $PTII/ptolemy/domains/de/test/auto/FSM7.xml
auto.tcl: Setting watchdog for 200 seconds at Thu Feb 28 03:41:22 UTC 2019
12 ms. Memory: 208384K Free: 189392K (91%)
ptolemy.util.test.WatchDog.cancel(): canceling Thu Feb 28 03:41:22 UTC 2019
auto.tcl: Setting watchdog for 200 seconds at Thu Feb 28 03:41:22 UTC 2019
12 ms. Memory: 208384K Free: 185278K (89%)
ptolemy.util.test.WatchDog.cancel(): canceling Thu Feb 28 03:41:22 UTC 2019
------------------ testing $PTII/ptolemy/domains/de/test/auto/Inspection.xml
auto.tcl: Setting watchdog for 200 seconds at Thu Feb 28 03:41:22 UTC 2019
38 ms. Memory: 208384K Free: 189077K (91%)
ptolemy.util.test.WatchDog.cancel(): canceling Thu Feb 28 03:41:22 UTC 2019
auto.tcl: Setting watchdog for 200 seconds at Thu Feb 28 03:41:22 UTC 2019
27 ms. Memory: 208384K Free: 186492K (89%)
ptolemy.util.test.WatchDog.cancel(): canceling Thu Feb 28 03:41:23 UTC 2019
------------------ testing $PTII/ptolemy/domains/de/test/auto/Iteration.xml
auto.tcl: Setting watchdog for 200 seconds at Thu Feb 28 03:41:23 UTC 2019
8 ms. Memory: 208384K Free: 195874K (94%)
ptolemy.util.test.WatchDog.cancel(): canceling Thu Feb 28 03:41:23 UTC 2019
auto.tcl: Setting watchdog for 200 seconds at Thu Feb 28 03:41:23 UTC 2019
7 ms. Memory: 208384K Free: 193809K (93%)
ptolemy.util.test.WatchDog.cancel(): canceling Thu Feb 28 03:41:23 UTC 2019
------------------ testing $PTII/ptolemy/domains/de/test/auto/LineFault.xml
auto.tcl: Setting watchdog for 200 seconds at Thu Feb 28 03:41:23 UTC 2019
746 ms. Memory: 208384K Free: 199720K (96%)
ptolemy.util.test.WatchDog.cancel(): canceling Thu Feb 28 03:41:24 UTC 2019
auto.tcl: Setting watchdog for 200 seconds at Thu Feb 28 03:41:24 UTC 2019
556 ms. Memory: 208384K Free: 141998K (68%)
ptolemy.util.test.WatchDog.cancel(): canceling Thu Feb 28 03:41:24 UTC 2019
------------------ testing $PTII/ptolemy/domains/de/test/auto/MergeModel1Add.xml
auto.tcl: Setting watchdog for 200 seconds at Thu Feb 28 03:41:24 UTC 2019
20 ms. Memory: 331264K Free: 300497K (91%)
ptolemy.util.test.WatchDog.cancel(): canceling Thu Feb 28 03:41:24 UTC 2019
auto.tcl: Setting watchdog for 200 seconds at Thu Feb 28 03:41:24 UTC 2019
13 ms. Memory: 331264K Free: 300497K (91%)
ptolemy.util.test.WatchDog.cancel(): canceling Thu Feb 28 03:41:24 UTC 2019
------------------ testing $PTII/ptolemy/domains/de/test/auto/MergeModel2Add.xml
auto.tcl: Setting watchdog for 200 seconds at Thu Feb 28 03:41:24 UTC 2019
10 ms. Memory: 331264K Free: 305435K (92%)
ptolemy.util.test.WatchDog.cancel(): canceling Thu Feb 28 03:41:25 UTC 2019
auto.tcl: Setting watchdog for 200 seconds at Thu Feb 28 03:41:25 UTC 2019
11 ms. Memory: 331264K Free: 301836K (91%)
ptolemy.util.test.WatchDog.cancel(): canceling Thu Feb 28 03:41:25 UTC 2019
------------------ testing $PTII/ptolemy/domains/de/test/auto/MergeModel3Add.xml
auto.tcl: Setting watchdog for 200 seconds at Thu Feb 28 03:41:25 UTC 2019
12 ms. Memory: 331264K Free: 305429K (92%)
ptolemy.util.test.WatchDog.cancel(): canceling Thu Feb 28 03:41:25 UTC 2019
auto.tcl: Setting watchdog for 200 seconds at Thu Feb 28 03:41:25 UTC 2019
11 ms. Memory: 331264K Free: 301830K (91%)
ptolemy.util.test.WatchDog.cancel(): canceling Thu Feb 28 03:41:25 UTC 2019
------------------ testing $PTII/ptolemy/domains/de/test/auto/MergeWithoutDiscard.xml
auto.tcl: Setting watchdog for 200 seconds at Thu Feb 28 03:41:25 UTC 2019
2 ms. Memory: 331264K Free: 316481K (96%)
ptolemy.util.test.WatchDog.cancel(): canceling Thu Feb 28 03:41:25 UTC 2019
auto.tcl: Setting watchdog for 200 seconds at Thu Feb 28 03:41:25 UTC 2019
1 ms. Memory: 331264K Free: 316481K (96%)
ptolemy.util.test.WatchDog.cancel(): canceling Thu Feb 28 03:41:25 UTC 2019
------------------ testing $PTII/ptolemy/domains/de/test/auto/Modal1.xml
auto.tcl: Setting watchdog for 200 seconds at Thu Feb 28 03:41:25 UTC 2019
17 ms. Memory: 331264K Free: 310031K (94%)
ptolemy.util.test.WatchDog.cancel(): canceling Thu Feb 28 03:41:25 UTC 2019
auto.tcl: Setting watchdog for 200 seconds at Thu Feb 28 03:41:25 UTC 2019
20 ms. Memory: 331264K Free: 306432K (93%)
ptolemy.util.test.WatchDog.cancel(): canceling Thu Feb 28 03:41:25 UTC 2019
------------------ testing $PTII/ptolemy/domains/de/test/auto/Modal2.xml
auto.tcl: Setting watchdog for 200 seconds at Thu Feb 28 03:41:25 UTC 2019
20 ms. Memory: 331264K Free: 309904K (94%)
ptolemy.util.test.WatchDog.cancel(): canceling Thu Feb 28 03:41:25 UTC 2019
auto.tcl: Setting watchdog for 200 seconds at Thu Feb 28 03:41:25 UTC 2019
15 ms. Memory: 331264K Free: 301390K (91%)
ptolemy.util.test.WatchDog.cancel(): canceling Thu Feb 28 03:41:25 UTC 2019
------------------ testing $PTII/ptolemy/domains/de/test/auto/Modal3.xml
auto.tcl: Setting watchdog for 200 seconds at Thu Feb 28 03:41:25 UTC 2019
19 ms. Memory: 331264K Free: 310609K (94%)
ptolemy.util.test.WatchDog.cancel(): canceling Thu Feb 28 03:41:25 UTC 2019
auto.tcl: Setting watchdog for 200 seconds at Thu Feb 28 03:41:25 UTC 2019
16 ms. Memory: 331264K Free: 306335K (92%)
ptolemy.util.test.WatchDog.cancel(): canceling Thu Feb 28 03:41:25 UTC 2019
------------------ testing $PTII/ptolemy/domains/de/test/auto/Modal4.xml
auto.tcl: Setting watchdog for 200 seconds at Thu Feb 28 03:41:25 UTC 2019
24 ms. Memory: 331264K Free: 309940K (94%)
ptolemy.util.test.WatchDog.cancel(): canceling Thu Feb 28 03:41:25 UTC 2019
auto.tcl: Setting watchdog for 200 seconds at Thu Feb 28 03:41:25 UTC 2019
19 ms. Memory: 331264K Free: 306341K (92%)
ptolemy.util.test.WatchDog.cancel(): canceling Thu Feb 28 03:41:25 UTC 2019
------------------ testing $PTII/ptolemy/domains/de/test/auto/Modal5.xml
auto.tcl: Setting watchdog for 200 seconds at Thu Feb 28 03:41:25 UTC 2019
14 ms. Memory: 331264K Free: 309919K (94%)
ptolemy.util.test.WatchDog.cancel(): canceling Thu Feb 28 03:41:25 UTC 2019
auto.tcl: Setting watchdog for 200 seconds at Thu Feb 28 03:41:25 UTC 2019
12 ms. Memory: 331264K Free: 306328K (92%)
ptolemy.util.test.WatchDog.cancel(): canceling Thu Feb 28 03:41:25 UTC 2019
------------------ testing $PTII/ptolemy/domains/de/test/auto/Modal6.xml
auto.tcl: Setting watchdog for 200 seconds at Thu Feb 28 03:41:25 UTC 2019
11 ms. Memory: 331264K Free: 309916K (94%)
ptolemy.util.test.WatchDog.cancel(): canceling Thu Feb 28 03:41:25 UTC 2019
auto.tcl: Setting watchdog for 200 seconds at Thu Feb 28 03:41:25 UTC 2019
12 ms. Memory: 331264K Free: 306325K (92%)
ptolemy.util.test.WatchDog.cancel(): canceling Thu Feb 28 03:41:25 UTC 2019
------------------ testing $PTII/ptolemy/domains/de/test/auto/Modal7.xml
auto.tcl: Setting watchdog for 200 seconds at Thu Feb 28 03:41:25 UTC 2019
14 ms. Memory: 331264K Free: 306310K (92%)
ptolemy.util.test.WatchDog.cancel(): canceling Thu Feb 28 03:41:26 UTC 2019
auto.tcl: Setting watchdog for 200 seconds at Thu Feb 28 03:41:26 UTC 2019
11 ms. Memory: 331264K Free: 302727K (91%)
ptolemy.util.test.WatchDog.cancel(): canceling Thu Feb 28 03:41:26 UTC 2019
------------------ testing $PTII/ptolemy/domains/de/test/auto/ModalModel.xml
auto.tcl: Setting watchdog for 200 seconds at Thu Feb 28 03:41:26 UTC 2019
163 ms. Memory: 331264K Free: 247293K (75%)
ptolemy.util.test.WatchDog.cancel(): canceling Thu Feb 28 03:41:26 UTC 2019
auto.tcl: Setting watchdog for 200 seconds at Thu Feb 28 03:41:26 UTC 2019
165 ms. Memory: 331264K Free: 189877K (57%)
ptolemy.util.test.WatchDog.cancel(): canceling Thu Feb 28 03:41:26 UTC 2019
------------------ testing $PTII/ptolemy/domains/de/test/auto/ModalSource.xml
auto.tcl: Setting watchdog for 200 seconds at Thu Feb 28 03:41:26 UTC 2019
14 ms. Memory: 331264K Free: 316220K (95%)
ptolemy.util.test.WatchDog.cancel(): canceling Thu Feb 28 03:41:26 UTC 2019
auto.tcl: Setting watchdog for 200 seconds at Thu Feb 28 03:41:26 UTC 2019
6 ms. Memory: 331264K Free: 312925K (94%)
ptolemy.util.test.WatchDog.cancel(): canceling Thu Feb 28 03:41:26 UTC 2019
------------------ testing $PTII/ptolemy/domains/de/test/auto/NonInterruptibleTimerZeroDelay.xml
auto.tcl: Setting watchdog for 200 seconds at Thu Feb 28 03:41:26 UTC 2019
4 ms. Memory: 331264K Free: 320606K (97%)
ptolemy.util.test.WatchDog.cancel(): canceling Thu Feb 28 03:41:26 UTC 2019
auto.tcl: Setting watchdog for 200 seconds at Thu Feb 28 03:41:26 UTC 2019
2 ms. Memory: 331264K Free: 317311K (96%)
ptolemy.util.test.WatchDog.cancel(): canceling Thu Feb 28 03:41:26 UTC 2019
------------------ testing $PTII/ptolemy/domains/de/test/auto/OpenQueueingNetwork.xml
auto.tcl: Setting watchdog for 200 seconds at Thu Feb 28 03:41:26 UTC 2019
2687 ms. Memory: 573952K Free: 411996K (72%)
ptolemy.util.test.WatchDog.cancel(): canceling Thu Feb 28 03:41:29 UTC 2019
auto.tcl: Setting watchdog for 200 seconds at Thu Feb 28 03:41:29 UTC 2019
2392 ms. Memory: 550912K Free: 298599K (54%)
ptolemy.util.test.WatchDog.cancel(): canceling Thu Feb 28 03:41:31 UTC 2019
------------------ testing $PTII/ptolemy/domains/de/test/auto/OpenQueuingNetwork.xml
auto.tcl: Setting watchdog for 200 seconds at Thu Feb 28 03:41:31 UTC 2019
245 ms. Memory: 549888K Free: 444217K (81%)
ptolemy.util.test.WatchDog.cancel(): canceling Thu Feb 28 03:41:32 UTC 2019
auto.tcl: Setting watchdog for 200 seconds at Thu Feb 28 03:41:32 UTC 2019
248 ms. Memory: 549888K Free: 384804K (70%)
ptolemy.util.test.WatchDog.cancel(): canceling Thu Feb 28 03:41:32 UTC 2019
------------------ testing $PTII/ptolemy/domains/de/test/auto/PeriodicSampler.xml
auto.tcl: Setting watchdog for 200 seconds at Thu Feb 28 03:41:32 UTC 2019
3 ms. Memory: 551936K Free: 535120K (97%)
ptolemy.util.test.WatchDog.cancel(): canceling Thu Feb 28 03:41:32 UTC 2019
auto.tcl: Setting watchdog for 200 seconds at Thu Feb 28 03:41:32 UTC 2019
1 ms. Memory: 551936K Free: 535120K (97%)
ptolemy.util.test.WatchDog.cancel(): canceling Thu Feb 28 03:41:32 UTC 2019
------------------ testing $PTII/ptolemy/domains/de/test/auto/PersistentIO.xml
auto.tcl: Setting watchdog for 200 seconds at Thu Feb 28 03:41:32 UTC 2019
5 ms. Memory: 549376K Free: 521878K (95%)
ptolemy.util.test.WatchDog.cancel(): canceling Thu Feb 28 03:41:32 UTC 2019
auto.tcl: Setting watchdog for 200 seconds at Thu Feb 28 03:41:32 UTC 2019
4 ms. Memory: 549376K Free: 521878K (95%)
ptolemy.util.test.WatchDog.cancel(): canceling Thu Feb 28 03:41:32 UTC 2019
------------------ testing $PTII/ptolemy/domains/de/test/auto/PortParameterResetOnInitialize.xml
auto.tcl: Setting watchdog for 200 seconds at Thu Feb 28 03:41:32 UTC 2019
8 ms. Memory: 551424K Free: 530389K (96%)
ptolemy.util.test.WatchDog.cancel(): canceling Thu Feb 28 03:41:32 UTC 2019
auto.tcl: Setting watchdog for 200 seconds at Thu Feb 28 03:41:32 UTC 2019
2 ms. Memory: 551424K Free: 530389K (96%)
ptolemy.util.test.WatchDog.cancel(): canceling Thu Feb 28 03:41:32 UTC 2019
------------------ testing $PTII/ptolemy/domains/de/test/auto/PortParameterUpdates.xml
auto.tcl: Setting watchdog for 200 seconds at Thu Feb 28 03:41:32 UTC 2019
4 ms. Memory: 549376K Free: 532610K (97%)
ptolemy.util.test.WatchDog.cancel(): canceling Thu Feb 28 03:41:32 UTC 2019
auto.tcl: Setting watchdog for 200 seconds at Thu Feb 28 03:41:32 UTC 2019
4 ms. Memory: 549376K Free: 532610K (97%)
ptolemy.util.test.WatchDog.cancel(): canceling Thu Feb 28 03:41:32 UTC 2019
------------------ testing $PTII/ptolemy/domains/de/test/auto/QueueAndServer.xml
auto.tcl: Setting watchdog for 200 seconds at Thu Feb 28 03:41:32 UTC 2019
7 ms. Memory: 551424K Free: 534622K (97%)
ptolemy.util.test.WatchDog.cancel(): canceling Thu Feb 28 03:41:32 UTC 2019
auto.tcl: Setting watchdog for 200 seconds at Thu Feb 28 03:41:32 UTC 2019
6 ms. Memory: 551424K Free: 528012K (96%)
ptolemy.util.test.WatchDog.cancel(): canceling Thu Feb 28 03:41:32 UTC 2019
------------------ testing $PTII/ptolemy/domains/de/test/auto/Records.xml
auto.tcl: Setting watchdog for 200 seconds at Thu Feb 28 03:41:32 UTC 2019
7 ms. Memory: 549376K Free: 532515K (97%)
ptolemy.util.test.WatchDog.cancel(): canceling Thu Feb 28 03:41:32 UTC 2019
auto.tcl: Setting watchdog for 200 seconds at Thu Feb 28 03:41:32 UTC 2019
2 ms. Memory: 549376K Free: 532515K (97%)
ptolemy.util.test.WatchDog.cancel(): canceling Thu Feb 28 03:41:32 UTC 2019
------------------ testing $PTII/ptolemy/domains/de/test/auto/ResetTransitionWithStartTime1.xml
auto.tcl: Setting watchdog for 200 seconds at Thu Feb 28 03:41:32 UTC 2019
6 ms. Memory: 551424K Free: 535131K (97%)
ptolemy.util.test.WatchDog.cancel(): canceling Thu Feb 28 03:41:32 UTC 2019
auto.tcl: Setting watchdog for 200 seconds at Thu Feb 28 03:41:32 UTC 2019
5 ms. Memory: 551424K Free: 527970K (96%)
ptolemy.util.test.WatchDog.cancel(): canceling Thu Feb 28 03:41:33 UTC 2019
------------------ testing $PTII/ptolemy/domains/de/test/auto/ResetTransitionWithStartTime2.xml
auto.tcl: Setting watchdog for 200 seconds at Thu Feb 28 03:41:33 UTC 2019
4 ms. Memory: 549376K Free: 532531K (97%)
ptolemy.util.test.WatchDog.cancel(): canceling Thu Feb 28 03:41:33 UTC 2019
auto.tcl: Setting watchdog for 200 seconds at Thu Feb 28 03:41:33 UTC 2019
5 ms. Memory: 549376K Free: 525914K (96%)
ptolemy.util.test.WatchDog.cancel(): canceling Thu Feb 28 03:41:33 UTC 2019
------------------ testing $PTII/ptolemy/domains/de/test/auto/ResetTransitionWithStartTime3.xml
auto.tcl: Setting watchdog for 200 seconds at Thu Feb 28 03:41:33 UTC 2019
4 ms. Memory: 550912K Free: 534066K (97%)
ptolemy.util.test.WatchDog.cancel(): canceling Thu Feb 28 03:41:33 UTC 2019
auto.tcl: Setting watchdog for 200 seconds at Thu Feb 28 03:41:33 UTC 2019
5 ms. Memory: 550912K Free: 527449K (96%)
ptolemy.util.test.WatchDog.cancel(): canceling Thu Feb 28 03:41:33 UTC 2019
------------------ testing $PTII/ptolemy/domains/de/test/auto/ResetTransitionWithStartTime4.xml
auto.tcl: Setting watchdog for 200 seconds at Thu Feb 28 03:41:33 UTC 2019
5 ms. Memory: 549376K Free: 532529K (97%)
ptolemy.util.test.WatchDog.cancel(): canceling Thu Feb 28 03:41:33 UTC 2019
auto.tcl: Setting watchdog for 200 seconds at Thu Feb 28 03:41:33 UTC 2019
3 ms. Memory: 549376K Free: 525912K (96%)
ptolemy.util.test.WatchDog.cancel(): canceling Thu Feb 28 03:41:33 UTC 2019
------------------ testing $PTII/ptolemy/domains/de/test/auto/ResettableTimer1.xml
auto.tcl: Setting watchdog for 200 seconds at Thu Feb 28 03:41:33 UTC 2019
4 ms. Memory: 550912K Free: 534060K (97%)
ptolemy.util.test.WatchDog.cancel(): canceling Thu Feb 28 03:41:33 UTC 2019
auto.tcl: Setting watchdog for 200 seconds at Thu Feb 28 03:41:33 UTC 2019
2 ms. Memory: 550912K Free: 534060K (97%)
ptolemy.util.test.WatchDog.cancel(): canceling Thu Feb 28 03:41:33 UTC 2019
------------------ testing $PTII/ptolemy/domains/de/test/auto/ResettableTimer2.xml
auto.tcl: Setting watchdog for 200 seconds at Thu Feb 28 03:41:33 UTC 2019
2 ms. Memory: 549376K Free: 533125K (97%)
ptolemy.util.test.WatchDog.cancel(): canceling Thu Feb 28 03:41:33 UTC 2019
auto.tcl: Setting watchdog for 200 seconds at Thu Feb 28 03:41:33 UTC 2019
2 ms. Memory: 549376K Free: 533125K (97%)
ptolemy.util.test.WatchDog.cancel(): canceling Thu Feb 28 03:41:33 UTC 2019
------------------ testing $PTII/ptolemy/domains/de/test/auto/ResettableTimer3.xml
auto.tcl: Setting watchdog for 200 seconds at Thu Feb 28 03:41:33 UTC 2019
2 ms. Memory: 550912K Free: 534118K (97%)
ptolemy.util.test.WatchDog.cancel(): canceling Thu Feb 28 03:41:33 UTC 2019
auto.tcl: Setting watchdog for 200 seconds at Thu Feb 28 03:41:33 UTC 2019
1 ms. Memory: 550912K Free: 534118K (97%)
ptolemy.util.test.WatchDog.cancel(): canceling Thu Feb 28 03:41:33 UTC 2019
------------------ testing $PTII/ptolemy/domains/de/test/auto/ResettableTimer4.xml
auto.tcl: Setting watchdog for 200 seconds at Thu Feb 28 03:41:33 UTC 2019
1 ms. Memory: 549376K Free: 533138K (97%)
ptolemy.util.test.WatchDog.cancel(): canceling Thu Feb 28 03:41:33 UTC 2019
auto.tcl: Setting watchdog for 200 seconds at Thu Feb 28 03:41:33 UTC 2019
1 ms. Memory: 549376K Free: 533138K (97%)
ptolemy.util.test.WatchDog.cancel(): canceling Thu Feb 28 03:41:33 UTC 2019
------------------ testing $PTII/ptolemy/domains/de/test/auto/ResettableTimer5.xml
auto.tcl: Setting watchdog for 200 seconds at Thu Feb 28 03:41:33 UTC 2019
2 ms. Memory: 550400K Free: 529480K (96%)
ptolemy.util.test.WatchDog.cancel(): canceling Thu Feb 28 03:41:33 UTC 2019
auto.tcl: Setting watchdog for 200 seconds at Thu Feb 28 03:41:33 UTC 2019
1 ms. Memory: 550400K Free: 529480K (96%)
ptolemy.util.test.WatchDog.cancel(): canceling Thu Feb 28 03:41:33 UTC 2019
------------------ testing $PTII/ptolemy/domains/de/test/auto/ResettableTimer6.xml
auto.tcl: Setting watchdog for 200 seconds at Thu Feb 28 03:41:33 UTC 2019
2 ms. Memory: 549376K Free: 527862K (96%)
ptolemy.util.test.WatchDog.cancel(): canceling Thu Feb 28 03:41:33 UTC 2019
auto.tcl: Setting watchdog for 200 seconds at Thu Feb 28 03:41:33 UTC 2019
2 ms. Memory: 549376K Free: 527862K (96%)
ptolemy.util.test.WatchDog.cancel(): canceling Thu Feb 28 03:41:33 UTC 2019
------------------ testing $PTII/ptolemy/domains/de/test/auto/ServerZeroDelay.xml
auto.tcl: Setting watchdog for 200 seconds at Thu Feb 28 03:41:33 UTC 2019
3 ms. Memory: 550400K Free: 534100K (97%)
ptolemy.util.test.WatchDog.cancel(): canceling Thu Feb 28 03:41:33 UTC 2019
auto.tcl: Setting watchdog for 200 seconds at Thu Feb 28 03:41:33 UTC 2019
2 ms. Memory: 550400K Free: 534100K (97%)
ptolemy.util.test.WatchDog.cancel(): canceling Thu Feb 28 03:41:33 UTC 2019
------------------ testing $PTII/ptolemy/domains/de/test/auto/SmartSender.xml
auto.tcl: Setting watchdog for 200 seconds at Thu Feb 28 03:41:33 UTC 2019
3002 ms. Memory: 549376K Free: 528392K (96%)
ptolemy.util.test.WatchDog.cancel(): canceling Thu Feb 28 03:41:36 UTC 2019
auto.tcl: Setting watchdog for 200 seconds at Thu Feb 28 03:41:36 UTC 2019
3001 ms. Memory: 549376K Free: 528392K (96%)
ptolemy.util.test.WatchDog.cancel(): canceling Thu Feb 28 03:41:39 UTC 2019
------------------ testing $PTII/ptolemy/domains/de/test/auto/ThreadedComposite.xml
auto.tcl: Setting watchdog for 200 seconds at Thu Feb 28 03:41:39 UTC 2019
279 ms. Memory: 550400K Free: 512925K (93%)
ptolemy.util.test.WatchDog.cancel(): canceling Thu Feb 28 03:41:40 UTC 2019
auto.tcl: Setting watchdog for 200 seconds at Thu Feb 28 03:41:40 UTC 2019
230 ms. Memory: 550400K Free: 487605K (89%)
ptolemy.util.test.WatchDog.cancel(): canceling Thu Feb 28 03:41:40 UTC 2019
------------------ testing $PTII/ptolemy/domains/de/test/auto/Time.xml
auto.tcl: Setting watchdog for 200 seconds at Thu Feb 28 03:41:40 UTC 2019
491 ms. Memory: 549376K Free: 480776K (88%)
ptolemy.util.test.WatchDog.cancel(): canceling Thu Feb 28 03:41:40 UTC 2019
auto.tcl: Setting watchdog for 200 seconds at Thu Feb 28 03:41:40 UTC 2019
495 ms. Memory: 549376K Free: 427965K (78%)
ptolemy.util.test.WatchDog.cancel(): canceling Thu Feb 28 03:41:41 UTC 2019
------------------ testing $PTII/ptolemy/domains/de/test/auto/TimeDelayZeroDelay.xml
auto.tcl: Setting watchdog for 200 seconds at Thu Feb 28 03:41:41 UTC 2019
2 ms. Memory: 550400K Free: 533475K (97%)
ptolemy.util.test.WatchDog.cancel(): canceling Thu Feb 28 03:41:41 UTC 2019
auto.tcl: Setting watchdog for 200 seconds at Thu Feb 28 03:41:41 UTC 2019
2 ms. Memory: 550400K Free: 533475K (97%)
ptolemy.util.test.WatchDog.cancel(): canceling Thu Feb 28 03:41:41 UTC 2019
------------------ testing $PTII/ptolemy/domains/de/test/auto/TimerZeroDelay.xml
auto.tcl: Setting watchdog for 200 seconds at Thu Feb 28 03:41:41 UTC 2019
4 ms. Memory: 549376K Free: 533037K (97%)
ptolemy.util.test.WatchDog.cancel(): canceling Thu Feb 28 03:41:41 UTC 2019
auto.tcl: Setting watchdog for 200 seconds at Thu Feb 28 03:41:41 UTC 2019
2 ms. Memory: 549376K Free: 533037K (97%)
ptolemy.util.test.WatchDog.cancel(): canceling Thu Feb 28 03:41:41 UTC 2019
------------------ testing $PTII/ptolemy/domains/de/test/auto/TimingParadox.xml
auto.tcl: Setting watchdog for 200 seconds at Thu Feb 28 03:41:41 UTC 2019
347 ms. Memory: 549888K Free: 467217K (85%)
ptolemy.util.test.WatchDog.cancel(): canceling Thu Feb 28 03:41:42 UTC 2019
auto.tcl: Setting watchdog for 200 seconds at Thu Feb 28 03:41:42 UTC 2019
331 ms. Memory: 549888K Free: 434210K (79%)
ptolemy.util.test.WatchDog.cancel(): canceling Thu Feb 28 03:41:42 UTC 2019
------------------ testing $PTII/ptolemy/domains/de/test/auto/TransferInputs.xml
auto.tcl: Setting watchdog for 200 seconds at Thu Feb 28 03:41:42 UTC 2019
1 ms. Memory: 549888K Free: 532509K (97%)
ptolemy.util.test.WatchDog.cancel(): canceling Thu Feb 28 03:41:42 UTC 2019
auto.tcl: Setting watchdog for 200 seconds at Thu Feb 28 03:41:42 UTC 2019
2 ms. Memory: 549888K Free: 532509K (97%)
ptolemy.util.test.WatchDog.cancel(): canceling Thu Feb 28 03:41:42 UTC 2019
------------------ testing $PTII/ptolemy/domains/de/test/auto/TransferOutputs2.xml
auto.tcl: Setting watchdog for 200 seconds at Thu Feb 28 03:41:42 UTC 2019
3 ms. Memory: 549376K Free: 521817K (95%)
ptolemy.util.test.WatchDog.cancel(): canceling Thu Feb 28 03:41:42 UTC 2019
auto.tcl: Setting watchdog for 200 seconds at Thu Feb 28 03:41:42 UTC 2019
3 ms. Memory: 549376K Free: 521817K (95%)
ptolemy.util.test.WatchDog.cancel(): canceling Thu Feb 28 03:41:42 UTC 2019
------------------ testing $PTII/ptolemy/domains/de/test/auto/Trilateration.xml
auto.tcl: Setting watchdog for 200 seconds at Thu Feb 28 03:41:42 UTC 2019
13433 ms. Memory: 766976K Free: 247883K (32%)
ptolemy.util.test.WatchDog.cancel(): canceling Thu Feb 28 03:41:56 UTC 2019
auto.tcl: Setting watchdog for 200 seconds at Thu Feb 28 03:41:56 UTC 2019
10465 ms. Memory: 646144K Free: 100137K (15%)
ptolemy.util.test.WatchDog.cancel(): canceling Thu Feb 28 03:42:07 UTC 2019
------------------ testing $PTII/ptolemy/domains/de/test/auto/TwoSigmaDelta.xml
auto.tcl: Setting watchdog for 200 seconds at Thu Feb 28 03:42:07 UTC 2019
2655 ms. Memory: 649728K Free: 352083K (54%)
ptolemy.util.test.WatchDog.cancel(): canceling Thu Feb 28 03:42:10 UTC 2019
auto.tcl: Setting watchdog for 200 seconds at Thu Feb 28 03:42:10 UTC 2019
2079 ms. Memory: 649728K Free: 113935K (18%)
ptolemy.util.test.WatchDog.cancel(): canceling Thu Feb 28 03:42:12 UTC 2019
------------------ testing $PTII/ptolemy/domains/de/test/auto/VariableDelay.xml
auto.tcl: Setting watchdog for 200 seconds at Thu Feb 28 03:42:12 UTC 2019
7 ms. Memory: 646656K Free: 626774K (97%)
ptolemy.util.test.WatchDog.cancel(): canceling Thu Feb 28 03:42:12 UTC 2019
auto.tcl: Setting watchdog for 200 seconds at Thu Feb 28 03:42:12 UTC 2019
2 ms. Memory: 646656K Free: 626774K (97%)
ptolemy.util.test.WatchDog.cancel(): canceling Thu Feb 28 03:42:12 UTC 2019
------------------ testing $PTII/ptolemy/domains/de/test/auto/VariableDelay2.xml
auto.tcl: Setting watchdog for 200 seconds at Thu Feb 28 03:42:12 UTC 2019
8 ms. Memory: 646144K Free: 626751K (97%)
ptolemy.util.test.WatchDog.cancel(): canceling Thu Feb 28 03:42:12 UTC 2019
auto.tcl: Setting watchdog for 200 seconds at Thu Feb 28 03:42:12 UTC 2019
1 ms. Memory: 646144K Free: 626751K (97%)
ptolemy.util.test.WatchDog.cancel(): canceling Thu Feb 28 03:42:12 UTC 2019
------------------ testing $PTII/ptolemy/domains/de/test/auto/VariableDelayZeroDelay.xml
auto.tcl: Setting watchdog for 200 seconds at Thu Feb 28 03:42:12 UTC 2019
2 ms. Memory: 646144K Free: 621103K (96%)
ptolemy.util.test.WatchDog.cancel(): canceling Thu Feb 28 03:42:12 UTC 2019
auto.tcl: Setting watchdog for 200 seconds at Thu Feb 28 03:42:12 UTC 2019
1 ms. Memory: 646144K Free: 621103K (96%)
ptolemy.util.test.WatchDog.cancel(): canceling Thu Feb 28 03:42:12 UTC 2019
------------------ testing $PTII/ptolemy/domains/de/test/auto/VariableDelayZeroDelay2.xml
auto.tcl: Setting watchdog for 200 seconds at Thu Feb 28 03:42:12 UTC 2019
4 ms. Memory: 649216K Free: 624172K (96%)
ptolemy.util.test.WatchDog.cancel(): canceling Thu Feb 28 03:42:12 UTC 2019
auto.tcl: Setting watchdog for 200 seconds at Thu Feb 28 03:42:12 UTC 2019
2 ms. Memory: 649216K Free: 624172K (96%)
ptolemy.util.test.WatchDog.cancel(): canceling Thu Feb 28 03:42:12 UTC 2019
------------------ testing $PTII/ptolemy/domains/de/test/auto/deInCt.xml
auto.tcl: Setting watchdog for 200 seconds at Thu Feb 28 03:42:12 UTC 2019
0
1
1
0
0
0
1
1
1
0
0
0
1
1
1
1
0
0
0
1
1
1
0
0
0
1
1
1
1
0
0
0
0
1
1
1
1
0
0
0
1
1
1
1
0
0
0
0
11 ms. Memory: 646144K Free: 621097K (96%)
ptolemy.util.test.WatchDog.cancel(): canceling Thu Feb 28 03:42:12 UTC 2019
auto.tcl: Setting watchdog for 200 seconds at Thu Feb 28 03:42:12 UTC 2019
0
1
1
1
1
1
1
1
0
0
0
0
1
1
1
1
0
0
0
1
1
1
0
0
0
1
1
1
1
8 ms. Memory: 646144K Free: 621097K (96%)
ptolemy.util.test.WatchDog.cancel(): canceling Thu Feb 28 03:42:12 UTC 2019
------------------ testing $PTII/ptolemy/domains/de/test/auto/deInCt2.xml
auto.tcl: Setting watchdog for 200 seconds at Thu Feb 28 03:42:12 UTC 2019
0
1
1
1
0
0
1
1
1
0
0
1
1
1
0
0
1
1
1
0
0
1
1
1
0
0
1
1
1
0
0
1
1
1
0
0
1
1
1
0
0
0
8 ms. Memory: 648704K Free: 623657K (96%)
ptolemy.util.test.WatchDog.cancel(): canceling Thu Feb 28 03:42:12 UTC 2019
auto.tcl: Setting watchdog for 200 seconds at Thu Feb 28 03:42:12 UTC 2019
0
1
1
1
0
0
1
1
1
0
0
1
1
1
0
0
1
1
1
0
0
1
1
1
0
0
1
1
1
0
0
1
1
1
0
0
1
1
1
0
0
0
9 ms. Memory: 648704K Free: 623657K (96%)
ptolemy.util.test.WatchDog.cancel(): canceling Thu Feb 28 03:42:12 UTC 2019
------------------ testing $PTII/ptolemy/domains/de/test/auto/dynamicCausalityInterface1.xml
auto.tcl: Setting watchdog for 200 seconds at Thu Feb 28 03:42:12 UTC 2019
1 ms. Memory: 646144K Free: 612451K (95%)
ptolemy.util.test.WatchDog.cancel(): canceling Thu Feb 28 03:42:12 UTC 2019
auto.tcl: Setting watchdog for 200 seconds at Thu Feb 28 03:42:12 UTC 2019
1 ms. Memory: 646144K Free: 612451K (95%)
ptolemy.util.test.WatchDog.cancel(): canceling Thu Feb 28 03:42:12 UTC 2019
------------------ testing $PTII/ptolemy/domains/de/test/auto/fsm_de_test.xml
auto.tcl: Setting watchdog for 200 seconds at Thu Feb 28 03:42:12 UTC 2019
6 ms. Memory: 648192K Free: 623033K (96%)
ptolemy.util.test.WatchDog.cancel(): canceling Thu Feb 28 03:42:12 UTC 2019
auto.tcl: Setting watchdog for 200 seconds at Thu Feb 28 03:42:12 UTC 2019
4 ms. Memory: 648192K Free: 614402K (95%)
ptolemy.util.test.WatchDog.cancel(): canceling Thu Feb 28 03:42:12 UTC 2019
------------------ testing $PTII/ptolemy/domains/de/test/auto/functionDependencyReconstruction.xml
auto.tcl: Setting watchdog for 200 seconds at Thu Feb 28 03:42:12 UTC 2019
3 ms. Memory: 646144K Free: 601057K (93%)
ptolemy.util.test.WatchDog.cancel(): canceling Thu Feb 28 03:42:12 UTC 2019
auto.tcl: Setting watchdog for 200 seconds at Thu Feb 28 03:42:12 UTC 2019
2 ms. Memory: 646144K Free: 601057K (93%)
ptolemy.util.test.WatchDog.cancel(): canceling Thu Feb 28 03:42:12 UTC 2019
------------------ testing $PTII/ptolemy/domains/de/test/auto/multirate.xml
auto.tcl: Setting watchdog for 200 seconds at Thu Feb 28 03:42:12 UTC 2019
3 ms. Memory: 648192K Free: 622900K (96%)
ptolemy.util.test.WatchDog.cancel(): canceling Thu Feb 28 03:42:13 UTC 2019
auto.tcl: Setting watchdog for 200 seconds at Thu Feb 28 03:42:13 UTC 2019
3 ms. Memory: 648192K Free: 622900K (96%)
ptolemy.util.test.WatchDog.cancel(): canceling Thu Feb 28 03:42:13 UTC 2019
------------------ testing $PTII/ptolemy/domains/de/test/auto/multirate2.xml
auto.tcl: Setting watchdog for 200 seconds at Thu Feb 28 03:42:13 UTC 2019
2 ms. Memory: 646144K Free: 621040K (96%)
ptolemy.util.test.WatchDog.cancel(): canceling Thu Feb 28 03:42:13 UTC 2019
auto.tcl: Setting watchdog for 200 seconds at Thu Feb 28 03:42:13 UTC 2019
3 ms. Memory: 646144K Free: 621040K (96%)
ptolemy.util.test.WatchDog.cancel(): canceling Thu Feb 28 03:42:13 UTC 2019
------------------ testing $PTII/ptolemy/domains/de/test/auto/realtime.xml
auto.tcl: Setting watchdog for 200 seconds at Thu Feb 28 03:42:13 UTC 2019
10001 ms. Memory: 647680K Free: 622499K (96%)
ptolemy.util.test.WatchDog.cancel(): canceling Thu Feb 28 03:42:23 UTC 2019
auto.tcl: Setting watchdog for 200 seconds at Thu Feb 28 03:42:23 UTC 2019
10002 ms. Memory: 647680K Free: 622499K (96%)
ptolemy.util.test.WatchDog.cancel(): canceling Thu Feb 28 03:42:33 UTC 2019
------------------ testing $PTII/ptolemy/domains/de/test/auto/relationGroup.xml
auto.tcl: Setting watchdog for 200 seconds at Thu Feb 28 03:42:33 UTC 2019
1 ms. Memory: 646144K Free: 621064K (96%)
ptolemy.util.test.WatchDog.cancel(): canceling Thu Feb 28 03:42:33 UTC 2019
auto.tcl: Setting watchdog for 200 seconds at Thu Feb 28 03:42:33 UTC 2019
1 ms. Memory: 646144K Free: 621064K (96%)
ptolemy.util.test.WatchDog.cancel(): canceling Thu Feb 28 03:42:33 UTC 2019
------------------ testing $PTII/ptolemy/domains/de/test/auto/relationGroup2.xml
auto.tcl: Setting watchdog for 200 seconds at Thu Feb 28 03:42:33 UTC 2019
1 ms. Memory: 647680K Free: 622627K (96%)
ptolemy.util.test.WatchDog.cancel(): canceling Thu Feb 28 03:42:33 UTC 2019
auto.tcl: Setting watchdog for 200 seconds at Thu Feb 28 03:42:33 UTC 2019
2 ms. Memory: 647680K Free: 622627K (96%)
ptolemy.util.test.WatchDog.cancel(): canceling Thu Feb 28 03:42:33 UTC 2019
------------------ testing $PTII/ptolemy/domains/de/test/auto/sortWithOpaquePorts.xml
auto.tcl: Setting watchdog for 200 seconds at Thu Feb 28 03:42:33 UTC 2019
2 ms. Memory: 646144K Free: 621091K (96%)
ptolemy.util.test.WatchDog.cancel(): canceling Thu Feb 28 03:42:33 UTC 2019
auto.tcl: Setting watchdog for 200 seconds at Thu Feb 28 03:42:33 UTC 2019
1 ms. Memory: 646144K Free: 621091K (96%)
ptolemy.util.test.WatchDog.cancel(): canceling Thu Feb 28 03:42:33 UTC 2019
------------------ testing $PTII/ptolemy/domains/de/test/auto/transferInputsandOutputs.xml
auto.tcl: Setting watchdog for 200 seconds at Thu Feb 28 03:42:33 UTC 2019
2 ms. Memory: 647168K Free: 622102K (96%)
ptolemy.util.test.WatchDog.cancel(): canceling Thu Feb 28 03:42:33 UTC 2019
auto.tcl: Setting watchdog for 200 seconds at Thu Feb 28 03:42:33 UTC 2019
2 ms. Memory: 647168K Free: 622102K (96%)
ptolemy.util.test.WatchDog.cancel(): canceling Thu Feb 28 03:42:33 UTC 2019
------------------ testing $PTII/ptolemy/domains/de/test/auto/triggerType.xml
auto.tcl: Setting watchdog for 200 seconds at Thu Feb 28 03:42:33 UTC 2019
1 ms. Memory: 646144K Free: 621029K (96%)
ptolemy.util.test.WatchDog.cancel(): canceling Thu Feb 28 03:42:33 UTC 2019
auto.tcl: Setting watchdog for 200 seconds at Thu Feb 28 03:42:33 UTC 2019
2 ms. Memory: 646144K Free: 621029K (96%)
ptolemy.util.test.WatchDog.cancel(): canceling Thu Feb 28 03:42:33 UTC 2019
02/28/19 03:42:33
Failed: 0  Total Tests: 192  ((Passed: 187, Newly Passed: 1)  Known Failed: 5) /home/travis/build/icyphy/ptII/ptolemy/domains/de/test
02/28/19 03:42:33
Failed: 0  Total Tests: 192  ((Passed: 187, Newly Passed: 1)  Known Failed: 5) /home/travis/build/icyphy/ptII/ptolemy/domains/de/test
----------------- testing (KnownFailure) /home/travis/build/icyphy/ptII/ptolemy/domains/de/test/auto/knownFailedTests/DESDFClockTest.xml
2017 ms. Memory: 647168K Free: 610735K (94%)
Known Failure: java.lang.reflect.InvocationTargetException
----------------- testing (KnownFailure) /home/travis/build/icyphy/ptII/ptolemy/domains/de/test/auto/knownFailedTests/DirectFeedback.xml
1 ms. Memory: 647168K Free: 565556K (87%)
Known Failure: java.lang.reflect.InvocationTargetException
----------------- testing (KnownFailure) /home/travis/build/icyphy/ptII/ptolemy/domains/de/test/auto/knownFailedTests/FSMSource.xml
5 ms. Memory: 647168K Free: 520377K (80%)
----------------- testing (KnownFailure) /home/travis/build/icyphy/ptII/ptolemy/domains/de/test/auto/knownFailedTests/HierarchicalModel.xml
2 ms. Memory: 647168K Free: 486477K (75%)
Known Failure: java.lang.reflect.InvocationTargetException
----------------- testing (KnownFailure) /home/travis/build/icyphy/ptII/ptolemy/domains/de/test/auto/knownFailedTests/dependencyLoop.xml
2 ms. Memory: 647168K Free: 429987K (66%)
Known Failure: java.lang.reflect.InvocationTargetException
----------------- testing (KnownFailure) /home/travis/build/icyphy/ptII/ptolemy/domains/de/test/auto/knownFailedTests/dependencyLoop2.xml
3 ms. Memory: 647168K Free: 373505K (58%)
Known Failure: java.lang.reflect.InvocationTargetException
No auto/linux-amd64/*.xml tests in /home/travis/build/icyphy/ptII/ptolemy/domains/de/test
AutoTests.java: About to close Vertx.
AutoTests.java: Vertx closed.

===========================================================================================
----------------- testing Thu Feb 28 03:42:35 UTC 2019 /home/travis/build/icyphy/ptII/ptolemy/domains/de/test/auto/ActorDepthCalculation_actorWithoutPorts.xml
----------------- Instantiating /home/travis/build/icyphy/ptII/ptolemy/domains/de/test/auto/ActorDepthCalculation_actorWithoutPorts.xml
1 ms. Memory: 647168K Free: 317031K (49%)
----------------- Invoking toplevel() on ptolemy.moml.MoMLSimpleApplication@468547c0
----------------- Done invoking toplevel() on ptolemy.moml.MoMLSimpleApplication@468547c0
reloadAllAccessors: .ActorDepthCalculation_actorWithoutPorts

===========================================================================================
----------------- testing Thu Feb 28 03:42:35 UTC 2019 /home/travis/build/icyphy/ptII/ptolemy/domains/de/test/auto/AssemblyLine.xml
----------------- Instantiating /home/travis/build/icyphy/ptII/ptolemy/domains/de/test/auto/AssemblyLine.xml
2 ms. Memory: 647168K Free: 294441K (45%)
----------------- Invoking toplevel() on ptolemy.moml.MoMLSimpleApplication@40dad9bb
----------------- Done invoking toplevel() on ptolemy.moml.MoMLSimpleApplication@40dad9bb
reloadAllAccessors: .AssemblyLine

===========================================================================================
----------------- testing Thu Feb 28 03:42:35 UTC 2019 /home/travis/build/icyphy/ptII/ptolemy/domains/de/test/auto/CQBug1.xml
----------------- Instantiating /home/travis/build/icyphy/ptII/ptolemy/domains/de/test/auto/CQBug1.xml
1 ms. Memory: 647168K Free: 271852K (42%)
----------------- Invoking toplevel() on ptolemy.moml.MoMLSimpleApplication@3fd3c567
----------------- Done invoking toplevel() on ptolemy.moml.MoMLSimpleApplication@3fd3c567
reloadAllAccessors: .CQBug1

===========================================================================================
----------------- testing Thu Feb 28 03:42:35 UTC 2019 /home/travis/build/icyphy/ptII/ptolemy/domains/de/test/auto/CancelFireAt.xml
----------------- Instantiating /home/travis/build/icyphy/ptII/ptolemy/domains/de/test/auto/CancelFireAt.xml
0 ms. Memory: 647168K Free: 249263K (39%)
----------------- Invoking toplevel() on ptolemy.moml.MoMLSimpleApplication@1a45b39b
----------------- Done invoking toplevel() on ptolemy.moml.MoMLSimpleApplication@1a45b39b
reloadAllAccessors: .CancelFireAt

===========================================================================================
----------------- testing Thu Feb 28 03:42:35 UTC 2019 /home/travis/build/icyphy/ptII/ptolemy/domains/de/test/auto/CausalityAndComposabilityAnalysis.xml
----------------- Instantiating /home/travis/build/icyphy/ptII/ptolemy/domains/de/test/auto/CausalityAndComposabilityAnalysis.xml
2 ms. Memory: 647168K Free: 226673K (35%)
----------------- Invoking toplevel() on ptolemy.moml.MoMLSimpleApplication@4c0efba5
----------------- Done invoking toplevel() on ptolemy.moml.MoMLSimpleApplication@4c0efba5
reloadAllAccessors: .CausalityAndComposabilityAnalysis

===========================================================================================
----------------- testing Thu Feb 28 03:42:35 UTC 2019 /home/travis/build/icyphy/ptII/ptolemy/domains/de/test/auto/CausalityInterface1.xml
----------------- Instantiating /home/travis/build/icyphy/ptII/ptolemy/domains/de/test/auto/CausalityInterface1.xml
4 ms. Memory: 647168K Free: 204084K (32%)
----------------- Invoking toplevel() on ptolemy.moml.MoMLSimpleApplication@3d3ef02a
----------------- Done invoking toplevel() on ptolemy.moml.MoMLSimpleApplication@3d3ef02a
reloadAllAccessors: .CausalityInterface1

===========================================================================================
----------------- testing Thu Feb 28 03:42:35 UTC 2019 /home/travis/build/icyphy/ptII/ptolemy/domains/de/test/auto/CausalityInterface15.xml
----------------- Instantiating /home/travis/build/icyphy/ptII/ptolemy/domains/de/test/auto/CausalityInterface15.xml
2 ms. Memory: 647168K Free: 181494K (28%)
----------------- Invoking toplevel() on ptolemy.moml.MoMLSimpleApplication@4b5cbcee
----------------- Done invoking toplevel() on ptolemy.moml.MoMLSimpleApplication@4b5cbcee
reloadAllAccessors: .CausalityInterface15

===========================================================================================
----------------- testing Thu Feb 28 03:42:35 UTC 2019 /home/travis/build/icyphy/ptII/ptolemy/domains/de/test/auto/CausalityInterface2.xml
----------------- Instantiating /home/travis/build/icyphy/ptII/ptolemy/domains/de/test/auto/CausalityInterface2.xml
1 ms. Memory: 647168K Free: 158905K (25%)
----------------- Invoking toplevel() on ptolemy.moml.MoMLSimpleApplication@70dbec05
----------------- Done invoking toplevel() on ptolemy.moml.MoMLSimpleApplication@70dbec05
reloadAllAccessors: .CausalityInterface2

===========================================================================================
----------------- testing Thu Feb 28 03:42:35 UTC 2019 /home/travis/build/icyphy/ptII/ptolemy/domains/de/test/auto/CausalityInterface3.xml
----------------- Instantiating /home/travis/build/icyphy/ptII/ptolemy/domains/de/test/auto/CausalityInterface3.xml
1 ms. Memory: 647168K Free: 136315K (21%)
----------------- Invoking toplevel() on ptolemy.moml.MoMLSimpleApplication@5fcffc50
----------------- Done invoking toplevel() on ptolemy.moml.MoMLSimpleApplication@5fcffc50
reloadAllAccessors: .CausalityInterface3

===========================================================================================
----------------- testing Thu Feb 28 03:42:35 UTC 2019 /home/travis/build/icyphy/ptII/ptolemy/domains/de/test/auto/ClockDrift.xml
----------------- Instantiating /home/travis/build/icyphy/ptII/ptolemy/domains/de/test/auto/ClockDrift.xml
12 ms. Memory: 647168K Free: 113726K (18%)
----------------- Invoking toplevel() on ptolemy.moml.MoMLSimpleApplication@224fad04
----------------- Done invoking toplevel() on ptolemy.moml.MoMLSimpleApplication@224fad04
reloadAllAccessors: .ClockDrift

===========================================================================================
----------------- testing Thu Feb 28 03:42:35 UTC 2019 /home/travis/build/icyphy/ptII/ptolemy/domains/de/test/auto/ClockDriftAndValueChange.xml
----------------- Instantiating /home/travis/build/icyphy/ptII/ptolemy/domains/de/test/auto/ClockDriftAndValueChange.xml
10 ms. Memory: 647168K Free: 91136K (14%)
----------------- Invoking toplevel() on ptolemy.moml.MoMLSimpleApplication@5f7d439d
----------------- Done invoking toplevel() on ptolemy.moml.MoMLSimpleApplication@5f7d439d
reloadAllAccessors: .ClockDriftAndValueChange

===========================================================================================
----------------- testing Thu Feb 28 03:42:35 UTC 2019 /home/travis/build/icyphy/ptII/ptolemy/domains/de/test/auto/ClockDriftChange.xml
----------------- Instantiating /home/travis/build/icyphy/ptII/ptolemy/domains/de/test/auto/ClockDriftChange.xml
10 ms. Memory: 647168K Free: 77288K (12%)
----------------- Invoking toplevel() on ptolemy.moml.MoMLSimpleApplication@33ad0f1c
----------------- Done invoking toplevel() on ptolemy.moml.MoMLSimpleApplication@33ad0f1c
reloadAllAccessors: .ClockDriftChange

===========================================================================================
----------------- testing Thu Feb 28 03:42:35 UTC 2019 /home/travis/build/icyphy/ptII/ptolemy/domains/de/test/auto/ComposableCausalityAnalysis.xml
----------------- Instantiating /home/travis/build/icyphy/ptII/ptolemy/domains/de/test/auto/ComposableCausalityAnalysis.xml
1 ms. Memory: 619520K Free: 592587K (96%)
----------------- Invoking toplevel() on ptolemy.moml.MoMLSimpleApplication@25e50a41
----------------- Done invoking toplevel() on ptolemy.moml.MoMLSimpleApplication@25e50a41
reloadAllAccessors: .ComposableCausalityAnalysis

===========================================================================================
----------------- testing Thu Feb 28 03:42:35 UTC 2019 /home/travis/build/icyphy/ptII/ptolemy/domains/de/test/auto/DEFixedPointLimitation.xml
----------------- Instantiating /home/travis/build/icyphy/ptII/ptolemy/domains/de/test/auto/DEFixedPointLimitation.xml
0 ms. Memory: 619520K Free: 565721K (91%)
----------------- Invoking toplevel() on ptolemy.moml.MoMLSimpleApplication@71e7e68e
----------------- Done invoking toplevel() on ptolemy.moml.MoMLSimpleApplication@71e7e68e
reloadAllAccessors: .DEFixedPointLimitation

===========================================================================================
----------------- testing Thu Feb 28 03:42:35 UTC 2019 /home/travis/build/icyphy/ptII/ptolemy/domains/de/test/auto/DEScheduleTest.xml
----------------- Instantiating /home/travis/build/icyphy/ptII/ptolemy/domains/de/test/auto/DEScheduleTest.xml
1 ms. Memory: 619520K Free: 544197K (88%)
----------------- Invoking toplevel() on ptolemy.moml.MoMLSimpleApplication@5358e401
----------------- Done invoking toplevel() on ptolemy.moml.MoMLSimpleApplication@5358e401
reloadAllAccessors: .DEScheduleTest

===========================================================================================
----------------- testing Thu Feb 28 03:42:35 UTC 2019 /home/travis/build/icyphy/ptII/ptolemy/domains/de/test/auto/DEinDEwithStartTimes.xml
----------------- Instantiating /home/travis/build/icyphy/ptII/ptolemy/domains/de/test/auto/DEinDEwithStartTimes.xml
1 ms. Memory: 619520K Free: 522672K (84%)
----------------- Invoking toplevel() on ptolemy.moml.MoMLSimpleApplication@61bd62f3
----------------- Done invoking toplevel() on ptolemy.moml.MoMLSimpleApplication@61bd62f3
reloadAllAccessors: .DEinDEwithStartTimes

===========================================================================================
----------------- testing Thu Feb 28 03:42:35 UTC 2019 /home/travis/build/icyphy/ptII/ptolemy/domains/de/test/auto/DEinDEwithStartTimes2.xml
----------------- Instantiating /home/travis/build/icyphy/ptII/ptolemy/domains/de/test/auto/DEinDEwithStartTimes2.xml
2 ms. Memory: 619520K Free: 501100K (81%)
----------------- Invoking toplevel() on ptolemy.moml.MoMLSimpleApplication@222d715
----------------- Done invoking toplevel() on ptolemy.moml.MoMLSimpleApplication@222d715
reloadAllAccessors: .DEinDEwithStartTimes2

===========================================================================================
----------------- testing Thu Feb 28 03:42:35 UTC 2019 /home/travis/build/icyphy/ptII/ptolemy/domains/de/test/auto/DateDemo.xml
----------------- Instantiating /home/travis/build/icyphy/ptII/ptolemy/domains/de/test/auto/DateDemo.xml
4 ms. Memory: 619520K Free: 479576K (77%)
----------------- Invoking toplevel() on ptolemy.moml.MoMLSimpleApplication@73351961
----------------- Done invoking toplevel() on ptolemy.moml.MoMLSimpleApplication@73351961
reloadAllAccessors: .DateDemo

===========================================================================================
----------------- testing Thu Feb 28 03:42:35 UTC 2019 /home/travis/build/icyphy/ptII/ptolemy/domains/de/test/auto/DateToEvent.xml
----------------- Instantiating /home/travis/build/icyphy/ptII/ptolemy/domains/de/test/auto/DateToEvent.xml
2004 ms. Memory: 619520K Free: 447281K (72%)
----------------- Invoking toplevel() on ptolemy.moml.MoMLSimpleApplication@499c87db
----------------- Done invoking toplevel() on ptolemy.moml.MoMLSimpleApplication@499c87db
reloadAllAccessors: .DateToEvent

===========================================================================================
----------------- testing Thu Feb 28 03:42:37 UTC 2019 /home/travis/build/icyphy/ptII/ptolemy/domains/de/test/auto/DepthTest1.xml
----------------- Instantiating /home/travis/build/icyphy/ptII/ptolemy/domains/de/test/auto/DepthTest1.xml
1 ms. Memory: 619520K Free: 425757K (69%)
----------------- Invoking toplevel() on ptolemy.moml.MoMLSimpleApplication@3a0adc27
----------------- Done invoking toplevel() on ptolemy.moml.MoMLSimpleApplication@3a0adc27
reloadAllAccessors: .DepthTest1

===========================================================================================
----------------- testing Thu Feb 28 03:42:37 UTC 2019 /home/travis/build/icyphy/ptII/ptolemy/domains/de/test/auto/DepthTest2.xml
----------------- Instantiating /home/travis/build/icyphy/ptII/ptolemy/domains/de/test/auto/DepthTest2.xml
2 ms. Memory: 619520K Free: 404232K (65%)
----------------- Invoking toplevel() on ptolemy.moml.MoMLSimpleApplication@4ebf9416
----------------- Done invoking toplevel() on ptolemy.moml.MoMLSimpleApplication@4ebf9416
reloadAllAccessors: .DepthTest2

===========================================================================================
----------------- testing Thu Feb 28 03:42:37 UTC 2019 /home/travis/build/icyphy/ptII/ptolemy/domains/de/test/auto/DepthTest3.xml
----------------- Instantiating /home/travis/build/icyphy/ptII/ptolemy/domains/de/test/auto/DepthTest3.xml
1 ms. Memory: 619520K Free: 382708K (62%)
----------------- Invoking toplevel() on ptolemy.moml.MoMLSimpleApplication@36e37501
----------------- Done invoking toplevel() on ptolemy.moml.MoMLSimpleApplication@36e37501
reloadAllAccessors: .DepthTest3

===========================================================================================
----------------- testing Thu Feb 28 03:42:37 UTC 2019 /home/travis/build/icyphy/ptII/ptolemy/domains/de/test/auto/DepthTest4.xml
----------------- Instantiating /home/travis/build/icyphy/ptII/ptolemy/domains/de/test/auto/DepthTest4.xml
2 ms. Memory: 619520K Free: 361183K (58%)
----------------- Invoking toplevel() on ptolemy.moml.MoMLSimpleApplication@53e6403c
----------------- Done invoking toplevel() on ptolemy.moml.MoMLSimpleApplication@53e6403c
reloadAllAccessors: .DepthTest4

===========================================================================================
----------------- testing Thu Feb 28 03:42:38 UTC 2019 /home/travis/build/icyphy/ptII/ptolemy/domains/de/test/auto/DepthTest5.xml
----------------- Instantiating /home/travis/build/icyphy/ptII/ptolemy/domains/de/test/auto/DepthTest5.xml
1 ms. Memory: 619520K Free: 339659K (55%)
----------------- Invoking toplevel() on ptolemy.moml.MoMLSimpleApplication@5eca7d4e
----------------- Done invoking toplevel() on ptolemy.moml.MoMLSimpleApplication@5eca7d4e
reloadAllAccessors: .DepthTest5

===========================================================================================
----------------- testing Thu Feb 28 03:42:38 UTC 2019 /home/travis/build/icyphy/ptII/ptolemy/domains/de/test/auto/DepthTest6.xml
----------------- Instantiating /home/travis/build/icyphy/ptII/ptolemy/domains/de/test/auto/DepthTest6.xml
2 ms. Memory: 619520K Free: 312793K (50%)
----------------- Invoking toplevel() on ptolemy.moml.MoMLSimpleApplication@5cd9af29
----------------- Done invoking toplevel() on ptolemy.moml.MoMLSimpleApplication@5cd9af29
reloadAllAccessors: .DepthTest6

===========================================================================================
----------------- testing Thu Feb 28 03:42:38 UTC 2019 /home/travis/build/icyphy/ptII/ptolemy/domains/de/test/auto/DepthTest7.xml
----------------- Instantiating /home/travis/build/icyphy/ptII/ptolemy/domains/de/test/auto/DepthTest7.xml
2 ms. Memory: 619520K Free: 291268K (47%)
----------------- Invoking toplevel() on ptolemy.moml.MoMLSimpleApplication@b267e07
----------------- Done invoking toplevel() on ptolemy.moml.MoMLSimpleApplication@b267e07
reloadAllAccessors: .DepthTest7

===========================================================================================
----------------- testing Thu Feb 28 03:42:38 UTC 2019 /home/travis/build/icyphy/ptII/ptolemy/domains/de/test/auto/EventToDate.xml
----------------- Instantiating /home/travis/build/icyphy/ptII/ptolemy/domains/de/test/auto/EventToDate.xml
3004 ms. Memory: 619520K Free: 258966K (42%)
----------------- Invoking toplevel() on ptolemy.moml.MoMLSimpleApplication@6d13df6
----------------- Done invoking toplevel() on ptolemy.moml.MoMLSimpleApplication@6d13df6
reloadAllAccessors: .EventToDate

===========================================================================================
----------------- testing Thu Feb 28 03:42:41 UTC 2019 /home/travis/build/icyphy/ptII/ptolemy/domains/de/test/auto/FSM1.xml
----------------- Instantiating /home/travis/build/icyphy/ptII/ptolemy/domains/de/test/auto/FSM1.xml
8 ms. Memory: 619520K Free: 237441K (38%)
----------------- Invoking toplevel() on ptolemy.moml.MoMLSimpleApplication@27928658
----------------- Done invoking toplevel() on ptolemy.moml.MoMLSimpleApplication@27928658
reloadAllAccessors: .FSM1

===========================================================================================
----------------- testing Thu Feb 28 03:42:41 UTC 2019 /home/travis/build/icyphy/ptII/ptolemy/domains/de/test/auto/FSM7.xml
----------------- Instantiating /home/travis/build/icyphy/ptII/ptolemy/domains/de/test/auto/FSM7.xml
8 ms. Memory: 619520K Free: 215917K (35%)
----------------- Invoking toplevel() on ptolemy.moml.MoMLSimpleApplication@2c7fd350
----------------- Done invoking toplevel() on ptolemy.moml.MoMLSimpleApplication@2c7fd350
reloadAllAccessors: .FSM7

===========================================================================================
----------------- testing Thu Feb 28 03:42:41 UTC 2019 /home/travis/build/icyphy/ptII/ptolemy/domains/de/test/auto/Inspection.xml
----------------- Instantiating /home/travis/build/icyphy/ptII/ptolemy/domains/de/test/auto/Inspection.xml
11 ms. Memory: 619520K Free: 183614K (30%)
----------------- Invoking toplevel() on ptolemy.moml.MoMLSimpleApplication@365ff9cc
----------------- Done invoking toplevel() on ptolemy.moml.MoMLSimpleApplication@365ff9cc
reloadAllAccessors: .Inspection

===========================================================================================
----------------- testing Thu Feb 28 03:42:41 UTC 2019 /home/travis/build/icyphy/ptII/ptolemy/domains/de/test/auto/Iteration.xml
----------------- Instantiating /home/travis/build/icyphy/ptII/ptolemy/domains/de/test/auto/Iteration.xml
4 ms. Memory: 619520K Free: 162089K (26%)
----------------- Invoking toplevel() on ptolemy.moml.MoMLSimpleApplication@53bd7978
----------------- Done invoking toplevel() on ptolemy.moml.MoMLSimpleApplication@53bd7978
reloadAllAccessors: .Iteration

===========================================================================================
----------------- testing Thu Feb 28 03:42:41 UTC 2019 /home/travis/build/icyphy/ptII/ptolemy/domains/de/test/auto/LineFault.xml
----------------- Instantiating /home/travis/build/icyphy/ptII/ptolemy/domains/de/test/auto/LineFault.xml
298 ms. Memory: 595456K Free: 556109K (93%)
----------------- Invoking toplevel() on ptolemy.moml.MoMLSimpleApplication@2e10003e
----------------- Done invoking toplevel() on ptolemy.moml.MoMLSimpleApplication@2e10003e
reloadAllAccessors: .LineFault

===========================================================================================
----------------- testing Thu Feb 28 03:42:41 UTC 2019 /home/travis/build/icyphy/ptII/ptolemy/domains/de/test/auto/MergeModel1Add.xml
----------------- Instantiating /home/travis/build/icyphy/ptII/ptolemy/domains/de/test/auto/MergeModel1Add.xml
4 ms. Memory: 595456K Free: 521392K (88%)
----------------- Invoking toplevel() on ptolemy.moml.MoMLSimpleApplication@426bc659
----------------- Done invoking toplevel() on ptolemy.moml.MoMLSimpleApplication@426bc659
reloadAllAccessors: .MergeModel1Add

===========================================================================================
----------------- testing Thu Feb 28 03:42:41 UTC 2019 /home/travis/build/icyphy/ptII/ptolemy/domains/de/test/auto/MergeModel2Add.xml
----------------- Instantiating /home/travis/build/icyphy/ptII/ptolemy/domains/de/test/auto/MergeModel2Add.xml
6 ms. Memory: 595456K Free: 495717K (83%)
----------------- Invoking toplevel() on ptolemy.moml.MoMLSimpleApplication@2cbd6133
----------------- Done invoking toplevel() on ptolemy.moml.MoMLSimpleApplication@2cbd6133
reloadAllAccessors: .MergeModel2Add

===========================================================================================
----------------- testing Thu Feb 28 03:42:41 UTC 2019 /home/travis/build/icyphy/ptII/ptolemy/domains/de/test/auto/MergeModel3Add.xml
----------------- Instantiating /home/travis/build/icyphy/ptII/ptolemy/domains/de/test/auto/MergeModel3Add.xml
6 ms. Memory: 595456K Free: 470033K (79%)
----------------- Invoking toplevel() on ptolemy.moml.MoMLSimpleApplication@4fd47641
----------------- Done invoking toplevel() on ptolemy.moml.MoMLSimpleApplication@4fd47641
reloadAllAccessors: .MergeModel3Add

===========================================================================================
----------------- testing Thu Feb 28 03:42:41 UTC 2019 /home/travis/build/icyphy/ptII/ptolemy/domains/de/test/auto/MergeWithoutDiscard.xml
----------------- Instantiating /home/travis/build/icyphy/ptII/ptolemy/domains/de/test/auto/MergeWithoutDiscard.xml
1 ms. Memory: 595456K Free: 459773K (77%)
----------------- Invoking toplevel() on ptolemy.moml.MoMLSimpleApplication@77706d51
----------------- Done invoking toplevel() on ptolemy.moml.MoMLSimpleApplication@77706d51
reloadAllAccessors: .MergeWithoutDiscard

===========================================================================================
----------------- testing Thu Feb 28 03:42:41 UTC 2019 /home/travis/build/icyphy/ptII/ptolemy/domains/de/test/auto/Modal1.xml
----------------- Instantiating /home/travis/build/icyphy/ptII/ptolemy/domains/de/test/auto/Modal1.xml
5 ms. Memory: 595456K Free: 444374K (75%)
----------------- Invoking toplevel() on ptolemy.moml.MoMLSimpleApplication@112d22f
----------------- Done invoking toplevel() on ptolemy.moml.MoMLSimpleApplication@112d22f
reloadAllAccessors: .Modal1

===========================================================================================
----------------- testing Thu Feb 28 03:42:41 UTC 2019 /home/travis/build/icyphy/ptII/ptolemy/domains/de/test/auto/Modal2.xml
----------------- Instantiating /home/travis/build/icyphy/ptII/ptolemy/domains/de/test/auto/Modal2.xml
6 ms. Memory: 595456K Free: 428975K (72%)
----------------- Invoking toplevel() on ptolemy.moml.MoMLSimpleApplication@4866443
----------------- Done invoking toplevel() on ptolemy.moml.MoMLSimpleApplication@4866443
reloadAllAccessors: .Modal2

===========================================================================================
----------------- testing Thu Feb 28 03:42:41 UTC 2019 /home/travis/build/icyphy/ptII/ptolemy/domains/de/test/auto/Modal3.xml
----------------- Instantiating /home/travis/build/icyphy/ptII/ptolemy/domains/de/test/auto/Modal3.xml
5 ms. Memory: 595456K Free: 410178K (69%)
----------------- Invoking toplevel() on ptolemy.moml.MoMLSimpleApplication@68dedda
----------------- Done invoking toplevel() on ptolemy.moml.MoMLSimpleApplication@68dedda
reloadAllAccessors: .Modal3

===========================================================================================
----------------- testing Thu Feb 28 03:42:41 UTC 2019 /home/travis/build/icyphy/ptII/ptolemy/domains/de/test/auto/Modal4.xml
----------------- Instantiating /home/travis/build/icyphy/ptII/ptolemy/domains/de/test/auto/Modal4.xml
7 ms. Memory: 595456K Free: 394772K (66%)
----------------- Invoking toplevel() on ptolemy.moml.MoMLSimpleApplication@3cb4f8b3
----------------- Done invoking toplevel() on ptolemy.moml.MoMLSimpleApplication@3cb4f8b3
reloadAllAccessors: .Modal4

===========================================================================================
----------------- testing Thu Feb 28 03:42:41 UTC 2019 /home/travis/build/icyphy/ptII/ptolemy/domains/de/test/auto/Modal5.xml
----------------- Instantiating /home/travis/build/icyphy/ptII/ptolemy/domains/de/test/auto/Modal5.xml
8 ms. Memory: 595456K Free: 379373K (64%)
----------------- Invoking toplevel() on ptolemy.moml.MoMLSimpleApplication@17aea13a
----------------- Done invoking toplevel() on ptolemy.moml.MoMLSimpleApplication@17aea13a
reloadAllAccessors: .Modal5

===========================================================================================
----------------- testing Thu Feb 28 03:42:41 UTC 2019 /home/travis/build/icyphy/ptII/ptolemy/domains/de/test/auto/Modal6.xml
----------------- Instantiating /home/travis/build/icyphy/ptII/ptolemy/domains/de/test/auto/Modal6.xml
7 ms. Memory: 595456K Free: 363966K (61%)
----------------- Invoking toplevel() on ptolemy.moml.MoMLSimpleApplication@456e432f
----------------- Done invoking toplevel() on ptolemy.moml.MoMLSimpleApplication@456e432f
reloadAllAccessors: .Modal6

===========================================================================================
----------------- testing Thu Feb 28 03:42:41 UTC 2019 /home/travis/build/icyphy/ptII/ptolemy/domains/de/test/auto/Modal7.xml
----------------- Instantiating /home/travis/build/icyphy/ptII/ptolemy/domains/de/test/auto/Modal7.xml
5 ms. Memory: 595456K Free: 343421K (58%)
----------------- Invoking toplevel() on ptolemy.moml.MoMLSimpleApplication@3967d76e
----------------- Done invoking toplevel() on ptolemy.moml.MoMLSimpleApplication@3967d76e
reloadAllAccessors: .Modal7

===========================================================================================
----------------- testing Thu Feb 28 03:42:41 UTC 2019 /home/travis/build/icyphy/ptII/ptolemy/domains/de/test/auto/ModalModel.xml
----------------- Instantiating /home/travis/build/icyphy/ptII/ptolemy/domains/de/test/auto/ModalModel.xml
79 ms. Memory: 595456K Free: 271438K (46%)
----------------- Invoking toplevel() on ptolemy.moml.MoMLSimpleApplication@9d16353
----------------- Done invoking toplevel() on ptolemy.moml.MoMLSimpleApplication@9d16353
reloadAllAccessors: .ModalModel

===========================================================================================
----------------- testing Thu Feb 28 03:42:41 UTC 2019 /home/travis/build/icyphy/ptII/ptolemy/domains/de/test/auto/ModalSource.xml
----------------- Instantiating /home/travis/build/icyphy/ptII/ptolemy/domains/de/test/auto/ModalSource.xml
3 ms. Memory: 595456K Free: 256031K (43%)
----------------- Invoking toplevel() on ptolemy.moml.MoMLSimpleApplication@f4750c4
----------------- Done invoking toplevel() on ptolemy.moml.MoMLSimpleApplication@f4750c4
reloadAllAccessors: .ModalSource

===========================================================================================
----------------- testing Thu Feb 28 03:42:41 UTC 2019 /home/travis/build/icyphy/ptII/ptolemy/domains/de/test/auto/NonInterruptibleTimerZeroDelay.xml
----------------- Instantiating /home/travis/build/icyphy/ptII/ptolemy/domains/de/test/auto/NonInterruptibleTimerZeroDelay.xml
1 ms. Memory: 595456K Free: 242380K (41%)
----------------- Invoking toplevel() on ptolemy.moml.MoMLSimpleApplication@44fde03
----------------- Done invoking toplevel() on ptolemy.moml.MoMLSimpleApplication@44fde03
reloadAllAccessors: .NonInterruptibleTimerZeroDelay

===========================================================================================
----------------- testing Thu Feb 28 03:42:41 UTC 2019 /home/travis/build/icyphy/ptII/ptolemy/domains/de/test/auto/OpenQueueingNetwork.xml
----------------- Instantiating /home/travis/build/icyphy/ptII/ptolemy/domains/de/test/auto/OpenQueueingNetwork.xml
1571 ms. Memory: 571392K Free: 120482K (21%)
----------------- Invoking toplevel() on ptolemy.moml.MoMLSimpleApplication@770a2d8f
----------------- Done invoking toplevel() on ptolemy.moml.MoMLSimpleApplication@770a2d8f
reloadAllAccessors: .OpenQueueingNetwork

===========================================================================================
----------------- testing Thu Feb 28 03:42:43 UTC 2019 /home/travis/build/icyphy/ptII/ptolemy/domains/de/test/auto/OpenQueuingNetwork.xml
----------------- Instantiating /home/travis/build/icyphy/ptII/ptolemy/domains/de/test/auto/OpenQueuingNetwork.xml
219 ms. Memory: 548352K Free: 495219K (90%)
----------------- Invoking toplevel() on ptolemy.moml.MoMLSimpleApplication@1e7b9b0f
----------------- Done invoking toplevel() on ptolemy.moml.MoMLSimpleApplication@1e7b9b0f
reloadAllAccessors: .OpenQueuingNetwork

===========================================================================================
----------------- testing Thu Feb 28 03:42:43 UTC 2019 /home/travis/build/icyphy/ptII/ptolemy/domains/de/test/auto/PeriodicSampler.xml
----------------- Instantiating /home/travis/build/icyphy/ptII/ptolemy/domains/de/test/auto/PeriodicSampler.xml
2 ms. Memory: 548352K Free: 485879K (89%)
----------------- Invoking toplevel() on ptolemy.moml.MoMLSimpleApplication@3768d051
----------------- Done invoking toplevel() on ptolemy.moml.MoMLSimpleApplication@3768d051
reloadAllAccessors: .PeriodicSampler

===========================================================================================
----------------- testing Thu Feb 28 03:42:43 UTC 2019 /home/travis/build/icyphy/ptII/ptolemy/domains/de/test/auto/PersistentIO.xml
----------------- Instantiating /home/travis/build/icyphy/ptII/ptolemy/domains/de/test/auto/PersistentIO.xml
3 ms. Memory: 548352K Free: 473432K (86%)
----------------- Invoking toplevel() on ptolemy.moml.MoMLSimpleApplication@1a0aa18c
----------------- Done invoking toplevel() on ptolemy.moml.MoMLSimpleApplication@1a0aa18c
reloadAllAccessors: .PersistentIO

===========================================================================================
----------------- testing Thu Feb 28 03:42:43 UTC 2019 /home/travis/build/icyphy/ptII/ptolemy/domains/de/test/auto/PortParameterResetOnInitialize.xml
----------------- Instantiating /home/travis/build/icyphy/ptII/ptolemy/domains/de/test/auto/PortParameterResetOnInitialize.xml
1 ms. Memory: 548352K Free: 462738K (84%)
----------------- Invoking toplevel() on ptolemy.moml.MoMLSimpleApplication@5a10cd12
----------------- Done invoking toplevel() on ptolemy.moml.MoMLSimpleApplication@5a10cd12
reloadAllAccessors: .PortParameterResetOnInitialize

===========================================================================================
----------------- testing Thu Feb 28 03:42:43 UTC 2019 /home/travis/build/icyphy/ptII/ptolemy/domains/de/test/auto/PortParameterUpdates.xml
----------------- Instantiating /home/travis/build/icyphy/ptII/ptolemy/domains/de/test/auto/PortParameterUpdates.xml
4 ms. Memory: 548352K Free: 453394K (83%)
----------------- Invoking toplevel() on ptolemy.moml.MoMLSimpleApplication@51e8f435
----------------- Done invoking toplevel() on ptolemy.moml.MoMLSimpleApplication@51e8f435
reloadAllAccessors: .PortParameterUpdates

===========================================================================================
----------------- testing Thu Feb 28 03:42:43 UTC 2019 /home/travis/build/icyphy/ptII/ptolemy/domains/de/test/auto/QueueAndServer.xml
----------------- Instantiating /home/travis/build/icyphy/ptII/ptolemy/domains/de/test/auto/QueueAndServer.xml
6 ms. Memory: 548352K Free: 444038K (81%)
----------------- Invoking toplevel() on ptolemy.moml.MoMLSimpleApplication@5b3a4d9a
----------------- Done invoking toplevel() on ptolemy.moml.MoMLSimpleApplication@5b3a4d9a
reloadAllAccessors: .QueueAndServer

===========================================================================================
----------------- testing Thu Feb 28 03:42:43 UTC 2019 /home/travis/build/icyphy/ptII/ptolemy/domains/de/test/auto/Records.xml
----------------- Instantiating /home/travis/build/icyphy/ptII/ptolemy/domains/de/test/auto/Records.xml
5 ms. Memory: 548352K Free: 433352K (79%)
----------------- Invoking toplevel() on ptolemy.moml.MoMLSimpleApplication@4271ca33
----------------- Done invoking toplevel() on ptolemy.moml.MoMLSimpleApplication@4271ca33
reloadAllAccessors: .Records

===========================================================================================
----------------- testing Thu Feb 28 03:42:43 UTC 2019 /home/travis/build/icyphy/ptII/ptolemy/domains/de/test/auto/ResetTransitionWithStartTime1.xml
----------------- Instantiating /home/travis/build/icyphy/ptII/ptolemy/domains/de/test/auto/ResetTransitionWithStartTime1.xml
5 ms. Memory: 548352K Free: 424023K (77%)
----------------- Invoking toplevel() on ptolemy.moml.MoMLSimpleApplication@3f791c15
----------------- Done invoking toplevel() on ptolemy.moml.MoMLSimpleApplication@3f791c15
reloadAllAccessors: .ResetTransitionWithStartTime1

===========================================================================================
----------------- testing Thu Feb 28 03:42:43 UTC 2019 /home/travis/build/icyphy/ptII/ptolemy/domains/de/test/auto/ResetTransitionWithStartTime2.xml
----------------- Instantiating /home/travis/build/icyphy/ptII/ptolemy/domains/de/test/auto/ResetTransitionWithStartTime2.xml
4 ms. Memory: 548352K Free: 413330K (75%)
----------------- Invoking toplevel() on ptolemy.moml.MoMLSimpleApplication@23e56209
----------------- Done invoking toplevel() on ptolemy.moml.MoMLSimpleApplication@23e56209
reloadAllAccessors: .ResetTransitionWithStartTime2

===========================================================================================
----------------- testing Thu Feb 28 03:42:44 UTC 2019 /home/travis/build/icyphy/ptII/ptolemy/domains/de/test/auto/ResetTransitionWithStartTime3.xml
----------------- Instantiating /home/travis/build/icyphy/ptII/ptolemy/domains/de/test/auto/ResetTransitionWithStartTime3.xml
4 ms. Memory: 548352K Free: 403985K (74%)
----------------- Invoking toplevel() on ptolemy.moml.MoMLSimpleApplication@6e0062fc
----------------- Done invoking toplevel() on ptolemy.moml.MoMLSimpleApplication@6e0062fc
reloadAllAccessors: .ResetTransitionWithStartTime3

===========================================================================================
----------------- testing Thu Feb 28 03:42:44 UTC 2019 /home/travis/build/icyphy/ptII/ptolemy/domains/de/test/auto/ResetTransitionWithStartTime4.xml
----------------- Instantiating /home/travis/build/icyphy/ptII/ptolemy/domains/de/test/auto/ResetTransitionWithStartTime4.xml
3 ms. Memory: 548352K Free: 394640K (72%)
----------------- Invoking toplevel() on ptolemy.moml.MoMLSimpleApplication@6cfd97d8
----------------- Done invoking toplevel() on ptolemy.moml.MoMLSimpleApplication@6cfd97d8
reloadAllAccessors: .ResetTransitionWithStartTime4

===========================================================================================
----------------- testing Thu Feb 28 03:42:44 UTC 2019 /home/travis/build/icyphy/ptII/ptolemy/domains/de/test/auto/ResettableTimer1.xml
----------------- Instantiating /home/travis/build/icyphy/ptII/ptolemy/domains/de/test/auto/ResettableTimer1.xml
1 ms. Memory: 548352K Free: 387072K (71%)
----------------- Invoking toplevel() on ptolemy.moml.MoMLSimpleApplication@74b477fb
----------------- Done invoking toplevel() on ptolemy.moml.MoMLSimpleApplication@74b477fb
reloadAllAccessors: .ResettableTimer1

===========================================================================================
----------------- testing Thu Feb 28 03:42:44 UTC 2019 /home/travis/build/icyphy/ptII/ptolemy/domains/de/test/auto/ResettableTimer2.xml
----------------- Instantiating /home/travis/build/icyphy/ptII/ptolemy/domains/de/test/auto/ResettableTimer2.xml
1 ms. Memory: 548352K Free: 380853K (69%)
----------------- Invoking toplevel() on ptolemy.moml.MoMLSimpleApplication@726b8a99
----------------- Done invoking toplevel() on ptolemy.moml.MoMLSimpleApplication@726b8a99
reloadAllAccessors: .ResettableTimer2

===========================================================================================
----------------- testing Thu Feb 28 03:42:44 UTC 2019 /home/travis/build/icyphy/ptII/ptolemy/domains/de/test/auto/ResettableTimer3.xml
----------------- Instantiating /home/travis/build/icyphy/ptII/ptolemy/domains/de/test/auto/ResettableTimer3.xml
1 ms. Memory: 548352K Free: 374634K (68%)
----------------- Invoking toplevel() on ptolemy.moml.MoMLSimpleApplication@5823a97c
----------------- Done invoking toplevel() on ptolemy.moml.MoMLSimpleApplication@5823a97c
reloadAllAccessors: .ResettableTimer3

===========================================================================================
----------------- testing Thu Feb 28 03:42:44 UTC 2019 /home/travis/build/icyphy/ptII/ptolemy/domains/de/test/auto/ResettableTimer4.xml
----------------- Instantiating /home/travis/build/icyphy/ptII/ptolemy/domains/de/test/auto/ResettableTimer4.xml
1 ms. Memory: 548352K Free: 367066K (67%)
----------------- Invoking toplevel() on ptolemy.moml.MoMLSimpleApplication@230e1ea5
----------------- Done invoking toplevel() on ptolemy.moml.MoMLSimpleApplication@230e1ea5
reloadAllAccessors: .ResettableTimer4

===========================================================================================
----------------- testing Thu Feb 28 03:42:44 UTC 2019 /home/travis/build/icyphy/ptII/ptolemy/domains/de/test/auto/ResettableTimer5.xml
----------------- Instantiating /home/travis/build/icyphy/ptII/ptolemy/domains/de/test/auto/ResettableTimer5.xml
1 ms. Memory: 548352K Free: 357721K (65%)
----------------- Invoking toplevel() on ptolemy.moml.MoMLSimpleApplication@5bdb9d5d
----------------- Done invoking toplevel() on ptolemy.moml.MoMLSimpleApplication@5bdb9d5d
reloadAllAccessors: .ResettableTimer5

===========================================================================================
----------------- testing Thu Feb 28 03:42:44 UTC 2019 /home/travis/build/icyphy/ptII/ptolemy/domains/de/test/auto/ResettableTimer6.xml
----------------- Instantiating /home/travis/build/icyphy/ptII/ptolemy/domains/de/test/auto/ResettableTimer6.xml
4 ms. Memory: 548352K Free: 347027K (63%)
----------------- Invoking toplevel() on ptolemy.moml.MoMLSimpleApplication@50a2e0f7
----------------- Done invoking toplevel() on ptolemy.moml.MoMLSimpleApplication@50a2e0f7
reloadAllAccessors: .ResettableTimer6

===========================================================================================
----------------- testing Thu Feb 28 03:42:44 UTC 2019 /home/travis/build/icyphy/ptII/ptolemy/domains/de/test/auto/ServerZeroDelay.xml
----------------- Instantiating /home/travis/build/icyphy/ptII/ptolemy/domains/de/test/auto/ServerZeroDelay.xml
3 ms. Memory: 548352K Free: 340808K (62%)
----------------- Invoking toplevel() on ptolemy.moml.MoMLSimpleApplication@5955b1fd
----------------- Done invoking toplevel() on ptolemy.moml.MoMLSimpleApplication@5955b1fd
reloadAllAccessors: .ServerZeroDelay

===========================================================================================
----------------- testing Thu Feb 28 03:42:44 UTC 2019 /home/travis/build/icyphy/ptII/ptolemy/domains/de/test/auto/SmartSender.xml
----------------- Instantiating /home/travis/build/icyphy/ptII/ptolemy/domains/de/test/auto/SmartSender.xml
3000 ms. Memory: 548352K Free: 331464K (60%)
----------------- Invoking toplevel() on ptolemy.moml.MoMLSimpleApplication@65d86918
----------------- Done invoking toplevel() on ptolemy.moml.MoMLSimpleApplication@65d86918
reloadAllAccessors: .SmartSender

===========================================================================================
----------------- testing Thu Feb 28 03:42:47 UTC 2019 /home/travis/build/icyphy/ptII/ptolemy/domains/de/test/auto/ThreadedComposite.xml
----------------- Instantiating /home/travis/build/icyphy/ptII/ptolemy/domains/de/test/auto/ThreadedComposite.xml
379 ms. Memory: 548352K Free: 283439K (52%)
----------------- Invoking toplevel() on ptolemy.moml.MoMLSimpleApplication@b9a1b72
----------------- Done invoking toplevel() on ptolemy.moml.MoMLSimpleApplication@b9a1b72
reloadAllAccessors: .ThreadedComposite

===========================================================================================
----------------- testing Thu Feb 28 03:42:47 UTC 2019 /home/travis/build/icyphy/ptII/ptolemy/domains/de/test/auto/Time.xml
----------------- Instantiating /home/travis/build/icyphy/ptII/ptolemy/domains/de/test/auto/Time.xml
429 ms. Memory: 548352K Free: 227466K (41%)
----------------- Invoking toplevel() on ptolemy.moml.MoMLSimpleApplication@3b0544f5
----------------- Done invoking toplevel() on ptolemy.moml.MoMLSimpleApplication@3b0544f5
reloadAllAccessors: .Time

===========================================================================================
----------------- testing Thu Feb 28 03:42:47 UTC 2019 /home/travis/build/icyphy/ptII/ptolemy/domains/de/test/auto/TimeDelayZeroDelay.xml
----------------- Instantiating /home/travis/build/icyphy/ptII/ptolemy/domains/de/test/auto/TimeDelayZeroDelay.xml
2 ms. Memory: 548352K Free: 219898K (40%)
----------------- Invoking toplevel() on ptolemy.moml.MoMLSimpleApplication@5eac537b
----------------- Done invoking toplevel() on ptolemy.moml.MoMLSimpleApplication@5eac537b
reloadAllAccessors: .TimeDelayZeroDelay

===========================================================================================
----------------- testing Thu Feb 28 03:42:48 UTC 2019 /home/travis/build/icyphy/ptII/ptolemy/domains/de/test/auto/TimerZeroDelay.xml
----------------- Instantiating /home/travis/build/icyphy/ptII/ptolemy/domains/de/test/auto/TimerZeroDelay.xml
2 ms. Memory: 548352K Free: 213679K (39%)
----------------- Invoking toplevel() on ptolemy.moml.MoMLSimpleApplication@5819e672
----------------- Done invoking toplevel() on ptolemy.moml.MoMLSimpleApplication@5819e672
reloadAllAccessors: .TimerZeroDelay

===========================================================================================
----------------- testing Thu Feb 28 03:42:48 UTC 2019 /home/travis/build/icyphy/ptII/ptolemy/domains/de/test/auto/TimingParadox.xml
----------------- Instantiating /home/travis/build/icyphy/ptII/ptolemy/domains/de/test/auto/TimingParadox.xml
294 ms. Memory: 548352K Free: 145228K (26%)
----------------- Invoking toplevel() on ptolemy.moml.MoMLSimpleApplication@51c751e6
----------------- Done invoking toplevel() on ptolemy.moml.MoMLSimpleApplication@51c751e6
reloadAllAccessors: .TimingParadox

===========================================================================================
----------------- testing Thu Feb 28 03:42:48 UTC 2019 /home/travis/build/icyphy/ptII/ptolemy/domains/de/test/auto/TransferInputs.xml
----------------- Instantiating /home/travis/build/icyphy/ptII/ptolemy/domains/de/test/auto/TransferInputs.xml
2 ms. Memory: 548352K Free: 134550K (25%)
----------------- Invoking toplevel() on ptolemy.moml.MoMLSimpleApplication@63b01377
----------------- Done invoking toplevel() on ptolemy.moml.MoMLSimpleApplication@63b01377
reloadAllAccessors: .TransferInputs

===========================================================================================
----------------- testing Thu Feb 28 03:42:48 UTC 2019 /home/travis/build/icyphy/ptII/ptolemy/domains/de/test/auto/TransferOutputs2.xml
----------------- Instantiating /home/travis/build/icyphy/ptII/ptolemy/domains/de/test/auto/TransferOutputs2.xml
3 ms. Memory: 548352K Free: 122088K (22%)
----------------- Invoking toplevel() on ptolemy.moml.MoMLSimpleApplication@740525e8
----------------- Done invoking toplevel() on ptolemy.moml.MoMLSimpleApplication@740525e8
reloadAllAccessors: .TransferOutputs2

===========================================================================================
----------------- testing Thu Feb 28 03:42:48 UTC 2019 /home/travis/build/icyphy/ptII/ptolemy/domains/de/test/auto/Trilateration.xml
----------------- Instantiating /home/travis/build/icyphy/ptII/ptolemy/domains/de/test/auto/Trilateration.xml
10875 ms. Memory: 408576K Free: 294292K (72%)
----------------- Invoking toplevel() on ptolemy.moml.MoMLSimpleApplication@6bb9239a
----------------- Done invoking toplevel() on ptolemy.moml.MoMLSimpleApplication@6bb9239a
reloadAllAccessors: .Trilateration

===========================================================================================
----------------- testing Thu Feb 28 03:42:59 UTC 2019 /home/travis/build/icyphy/ptII/ptolemy/domains/de/test/auto/TwoSigmaDelta.xml
----------------- Instantiating /home/travis/build/icyphy/ptII/ptolemy/domains/de/test/auto/TwoSigmaDelta.xml
2029 ms. Memory: 388608K Free: 309679K (80%)
----------------- Invoking toplevel() on ptolemy.moml.MoMLSimpleApplication@4fac564c
----------------- Done invoking toplevel() on ptolemy.moml.MoMLSimpleApplication@4fac564c
reloadAllAccessors: .TwoSigmaDelta

===========================================================================================
----------------- testing Thu Feb 28 03:43:02 UTC 2019 /home/travis/build/icyphy/ptII/ptolemy/domains/de/test/auto/VariableDelay.xml
----------------- Instantiating /home/travis/build/icyphy/ptII/ptolemy/domains/de/test/auto/VariableDelay.xml
2 ms. Memory: 388608K Free: 296439K (76%)
----------------- Invoking toplevel() on ptolemy.moml.MoMLSimpleApplication@17c75bfb
----------------- Done invoking toplevel() on ptolemy.moml.MoMLSimpleApplication@17c75bfb
reloadAllAccessors: .VariableDelay

===========================================================================================
----------------- testing Thu Feb 28 03:43:02 UTC 2019 /home/travis/build/icyphy/ptII/ptolemy/domains/de/test/auto/VariableDelay2.xml
----------------- Instantiating /home/travis/build/icyphy/ptII/ptolemy/domains/de/test/auto/VariableDelay2.xml
1 ms. Memory: 388608K Free: 286806K (74%)
----------------- Invoking toplevel() on ptolemy.moml.MoMLSimpleApplication@78728d11
----------------- Done invoking toplevel() on ptolemy.moml.MoMLSimpleApplication@78728d11
reloadAllAccessors: .VariableDelay2

===========================================================================================
----------------- testing Thu Feb 28 03:43:02 UTC 2019 /home/travis/build/icyphy/ptII/ptolemy/domains/de/test/auto/VariableDelayZeroDelay.xml
----------------- Instantiating /home/travis/build/icyphy/ptII/ptolemy/domains/de/test/auto/VariableDelayZeroDelay.xml
4 ms. Memory: 388608K Free: 280255K (72%)
----------------- Invoking toplevel() on ptolemy.moml.MoMLSimpleApplication@77355
----------------- Done invoking toplevel() on ptolemy.moml.MoMLSimpleApplication@77355
reloadAllAccessors: .VariableDelayZeroDelay

===========================================================================================
----------------- testing Thu Feb 28 03:43:02 UTC 2019 /home/travis/build/icyphy/ptII/ptolemy/domains/de/test/auto/VariableDelayZeroDelay2.xml
----------------- Instantiating /home/travis/build/icyphy/ptII/ptolemy/domains/de/test/auto/VariableDelayZeroDelay2.xml
1 ms. Memory: 388608K Free: 273288K (70%)
----------------- Invoking toplevel() on ptolemy.moml.MoMLSimpleApplication@1bea9b3f
----------------- Done invoking toplevel() on ptolemy.moml.MoMLSimpleApplication@1bea9b3f
reloadAllAccessors: .VariableDelayZeroDelay2

===========================================================================================
----------------- testing Thu Feb 28 03:43:02 UTC 2019 /home/travis/build/icyphy/ptII/ptolemy/domains/de/test/auto/deInCt.xml
----------------- Instantiating /home/travis/build/icyphy/ptII/ptolemy/domains/de/test/auto/deInCt.xml
0
1
1
1
0
0
0
0
1
1
1
0
0
0
1
1
1
0
0
0
0
0
1
1
1
0
0
0
1
1
1
0
0
0
0
0
4 ms. Memory: 388608K Free: 263663K (68%)
----------------- Invoking toplevel() on ptolemy.moml.MoMLSimpleApplication@5fd84aec
----------------- Done invoking toplevel() on ptolemy.moml.MoMLSimpleApplication@5fd84aec
reloadAllAccessors: .deInCt

===========================================================================================
----------------- testing Thu Feb 28 03:43:02 UTC 2019 /home/travis/build/icyphy/ptII/ptolemy/domains/de/test/auto/deInCt2.xml
----------------- Instantiating /home/travis/build/icyphy/ptII/ptolemy/domains/de/test/auto/deInCt2.xml
0
1
1
1
0
0
1
1
1
0
0
1
1
1
0
0
1
1
1
0
0
1
1
1
0
0
1
1
1
0
0
1
1
1
0
0
1
1
1
0
0
0
3 ms. Memory: 388608K Free: 254037K (65%)
----------------- Invoking toplevel() on ptolemy.moml.MoMLSimpleApplication@e0cde56
----------------- Done invoking toplevel() on ptolemy.moml.MoMLSimpleApplication@e0cde56
reloadAllAccessors: .deInCt2

===========================================================================================
----------------- testing Thu Feb 28 03:43:02 UTC 2019 /home/travis/build/icyphy/ptII/ptolemy/domains/de/test/auto/dynamicCausalityInterface1.xml
----------------- Instantiating /home/travis/build/icyphy/ptII/ptolemy/domains/de/test/auto/dynamicCausalityInterface1.xml
0 ms. Memory: 388608K Free: 240920K (62%)
----------------- Invoking toplevel() on ptolemy.moml.MoMLSimpleApplication@48a8e2b5
----------------- Done invoking toplevel() on ptolemy.moml.MoMLSimpleApplication@48a8e2b5
reloadAllAccessors: .dynamicCausalityInterface1

===========================================================================================
----------------- testing Thu Feb 28 03:43:02 UTC 2019 /home/travis/build/icyphy/ptII/ptolemy/domains/de/test/auto/fsm_de_test.xml
----------------- Instantiating /home/travis/build/icyphy/ptII/ptolemy/domains/de/test/auto/fsm_de_test.xml
4 ms. Memory: 388608K Free: 228228K (59%)
----------------- Invoking toplevel() on ptolemy.moml.MoMLSimpleApplication@6e18f819
----------------- Done invoking toplevel() on ptolemy.moml.MoMLSimpleApplication@6e18f819
reloadAllAccessors: .fsm_de_test

===========================================================================================
----------------- testing Thu Feb 28 03:43:02 UTC 2019 /home/travis/build/icyphy/ptII/ptolemy/domains/de/test/auto/functionDependencyReconstruction.xml
----------------- Instantiating /home/travis/build/icyphy/ptII/ptolemy/domains/de/test/auto/functionDependencyReconstruction.xml
1 ms. Memory: 388608K Free: 209386K (54%)
----------------- Invoking toplevel() on ptolemy.moml.MoMLSimpleApplication@386618
----------------- Done invoking toplevel() on ptolemy.moml.MoMLSimpleApplication@386618
reloadAllAccessors: .functionDependencyReconstruction

===========================================================================================
----------------- testing Thu Feb 28 03:43:02 UTC 2019 /home/travis/build/icyphy/ptII/ptolemy/domains/de/test/auto/multirate.xml
----------------- Instantiating /home/travis/build/icyphy/ptII/ptolemy/domains/de/test/auto/multirate.xml
2 ms. Memory: 388608K Free: 199352K (51%)
----------------- Invoking toplevel() on ptolemy.moml.MoMLSimpleApplication@323c22b8
----------------- Done invoking toplevel() on ptolemy.moml.MoMLSimpleApplication@323c22b8
reloadAllAccessors: .multirate

===========================================================================================
----------------- testing Thu Feb 28 03:43:02 UTC 2019 /home/travis/build/icyphy/ptII/ptolemy/domains/de/test/auto/multirate2.xml
----------------- Instantiating /home/travis/build/icyphy/ptII/ptolemy/domains/de/test/auto/multirate2.xml
2 ms. Memory: 388608K Free: 189718K (49%)
----------------- Invoking toplevel() on ptolemy.moml.MoMLSimpleApplication@7d33ecbf
----------------- Done invoking toplevel() on ptolemy.moml.MoMLSimpleApplication@7d33ecbf
reloadAllAccessors: .multirate2

===========================================================================================
----------------- testing Thu Feb 28 03:43:02 UTC 2019 /home/travis/build/icyphy/ptII/ptolemy/domains/de/test/auto/realtime.xml
----------------- Instantiating /home/travis/build/icyphy/ptII/ptolemy/domains/de/test/auto/realtime.xml
10001 ms. Memory: 388608K Free: 180101K (46%)
----------------- Invoking toplevel() on ptolemy.moml.MoMLSimpleApplication@3b65e8ef
----------------- Done invoking toplevel() on ptolemy.moml.MoMLSimpleApplication@3b65e8ef
reloadAllAccessors: .realtime

===========================================================================================
----------------- testing Thu Feb 28 03:43:12 UTC 2019 /home/travis/build/icyphy/ptII/ptolemy/domains/de/test/auto/relationGroup.xml
----------------- Instantiating /home/travis/build/icyphy/ptII/ptolemy/domains/de/test/auto/relationGroup.xml
1 ms. Memory: 388608K Free: 173133K (45%)
----------------- Invoking toplevel() on ptolemy.moml.MoMLSimpleApplication@19f5d332
----------------- Done invoking toplevel() on ptolemy.moml.MoMLSimpleApplication@19f5d332
reloadAllAccessors: .relationGroup

===========================================================================================
----------------- testing Thu Feb 28 03:43:12 UTC 2019 /home/travis/build/icyphy/ptII/ptolemy/domains/de/test/auto/relationGroup2.xml
----------------- Instantiating /home/travis/build/icyphy/ptII/ptolemy/domains/de/test/auto/relationGroup2.xml
0 ms. Memory: 388608K Free: 166583K (43%)
----------------- Invoking toplevel() on ptolemy.moml.MoMLSimpleApplication@14793ee7
----------------- Done invoking toplevel() on ptolemy.moml.MoMLSimpleApplication@14793ee7
reloadAllAccessors: .relationGroup2

===========================================================================================
----------------- testing Thu Feb 28 03:43:12 UTC 2019 /home/travis/build/icyphy/ptII/ptolemy/domains/de/test/auto/sortWithOpaquePorts.xml
----------------- Instantiating /home/travis/build/icyphy/ptII/ptolemy/domains/de/test/auto/sortWithOpaquePorts.xml
1 ms. Memory: 388608K Free: 156958K (40%)
----------------- Invoking toplevel() on ptolemy.moml.MoMLSimpleApplication@129f6f9
----------------- Done invoking toplevel() on ptolemy.moml.MoMLSimpleApplication@129f6f9
reloadAllAccessors: .sortWithOpaquePorts

===========================================================================================
----------------- testing Thu Feb 28 03:43:12 UTC 2019 /home/travis/build/icyphy/ptII/ptolemy/domains/de/test/auto/transferInputsandOutputs.xml
----------------- Instantiating /home/travis/build/icyphy/ptII/ptolemy/domains/de/test/auto/transferInputsandOutputs.xml
2 ms. Memory: 388608K Free: 146908K (38%)
----------------- Invoking toplevel() on ptolemy.moml.MoMLSimpleApplication@55c6a528
----------------- Done invoking toplevel() on ptolemy.moml.MoMLSimpleApplication@55c6a528
reloadAllAccessors: .transferInputsandOutputs

===========================================================================================
----------------- testing Thu Feb 28 03:43:12 UTC 2019 /home/travis/build/icyphy/ptII/ptolemy/domains/de/test/auto/triggerType.xml
----------------- Instantiating /home/travis/build/icyphy/ptII/ptolemy/domains/de/test/auto/triggerType.xml
3 ms. Memory: 388608K Free: 140357K (36%)
----------------- Invoking toplevel() on ptolemy.moml.MoMLSimpleApplication@ad918a
----------------- Done invoking toplevel() on ptolemy.moml.MoMLSimpleApplication@ad918a
reloadAllAccessors: .triggerType
AutoTests.java: About to close Vertx.
AutoTests.java: Vertx closed.
]]></system-out>
  <system-err><![CDATA[java.lang.RuntimeException: Execution failed
	at ptolemy.moml.MoMLSimpleApplication$UnloadThread.run(MoMLSimpleApplication.java:402)
Caused by: ptolemy.kernel.util.IllegalActionException: Found a zero delay loop containing .dependencyLoop.original
  in .dependencyLoop and .dependencyLoop.original
	at ptolemy.actor.util.CausalityInterfaceForComposites._computeOutputPortDepth(CausalityInterfaceForComposites.java:759)
	at ptolemy.actor.util.CausalityInterfaceForComposites._computeInputDepth(CausalityInterfaceForComposites.java:696)
	at ptolemy.actor.util.CausalityInterfaceForComposites._computeOutputPortDepth(CausalityInterfaceForComposites.java:765)
	at ptolemy.actor.util.CausalityInterfaceForComposites._computeInputDepth(CausalityInterfaceForComposites.java:696)
	at ptolemy.actor.util.CausalityInterfaceForComposites._computeOutputPortDepth(CausalityInterfaceForComposites.java:765)
	at ptolemy.actor.util.CausalityInterfaceForComposites._computeInputDepth(CausalityInterfaceForComposites.java:696)
	at ptolemy.actor.util.CausalityInterfaceForComposites._computeActorDepth(CausalityInterfaceForComposites.java:532)
	at ptolemy.actor.util.CausalityInterfaceForComposites.checkForCycles(CausalityInterfaceForComposites.java:96)
	at ptolemy.domains.de.kernel.DEDirector.preinitialize(DEDirector.java:1338)
	at ptolemy.actor.CompositeActor.preinitialize(CompositeActor.java:1828)
	at ptolemy.actor.Manager.preinitializeAndResolveTypes(Manager.java:1040)
	at ptolemy.actor.Manager.initialize(Manager.java:710)
	at ptolemy.actor.Manager.execute(Manager.java:356)
	at ptolemy.actor.Manager.run(Manager.java:1263)
	at ptolemy.actor.Manager$PtolemyRunThread.run(Manager.java:1915)
java.lang.RuntimeException: Execution failed
	at ptolemy.moml.MoMLSimpleApplication$UnloadThread.run(MoMLSimpleApplication.java:402)
Caused by: ptolemy.kernel.util.IllegalActionException: Found a zero delay loop containing .dependencyLoop2.original
  in .dependencyLoop2 and .dependencyLoop2.original
	at ptolemy.actor.util.CausalityInterfaceForComposites._computeOutputPortDepth(CausalityInterfaceForComposites.java:759)
	at ptolemy.actor.util.CausalityInterfaceForComposites._computeInputDepth(CausalityInterfaceForComposites.java:696)
	at ptolemy.actor.util.CausalityInterfaceForComposites._computeOutputPortDepth(CausalityInterfaceForComposites.java:765)
	at ptolemy.actor.util.CausalityInterfaceForComposites._computeInputDepth(CausalityInterfaceForComposites.java:696)
	at ptolemy.actor.util.CausalityInterfaceForComposites._computeOutputPortDepth(CausalityInterfaceForComposites.java:765)
	at ptolemy.actor.util.CausalityInterfaceForComposites._computeInputDepth(CausalityInterfaceForComposites.java:696)
	at ptolemy.actor.util.CausalityInterfaceForComposites._computeActorDepth(CausalityInterfaceForComposites.java:532)
	at ptolemy.actor.util.CausalityInterfaceForComposites.checkForCycles(CausalityInterfaceForComposites.java:96)
	at ptolemy.domains.de.kernel.DEDirector.preinitialize(DEDirector.java:1338)
	at ptolemy.actor.CompositeActor.preinitialize(CompositeActor.java:1828)
	at ptolemy.actor.Manager.preinitializeAndResolveTypes(Manager.java:1040)
	at ptolemy.actor.Manager.initialize(Manager.java:710)
	at ptolemy.actor.Manager.execute(Manager.java:356)
	at ptolemy.actor.Manager.run(Manager.java:1263)
	at ptolemy.actor.Manager$PtolemyRunThread.run(Manager.java:1915)
java.lang.RuntimeException: Execution failed
	at ptolemy.moml.MoMLSimpleApplication$UnloadThread.run(MoMLSimpleApplication.java:402)
Caused by: ptolemy.kernel.util.IllegalActionException: Found a zero delay loop containing .dependencyLoop.original
  in .dependencyLoop and .dependencyLoop.original
	at ptolemy.actor.util.CausalityInterfaceForComposites._computeOutputPortDepth(CausalityInterfaceForComposites.java:759)
	at ptolemy.actor.util.CausalityInterfaceForComposites._computeInputDepth(CausalityInterfaceForComposites.java:696)
	at ptolemy.actor.util.CausalityInterfaceForComposites._computeOutputPortDepth(CausalityInterfaceForComposites.java:765)
	at ptolemy.actor.util.CausalityInterfaceForComposites._computeInputDepth(CausalityInterfaceForComposites.java:696)
	at ptolemy.actor.util.CausalityInterfaceForComposites._computeOutputPortDepth(CausalityInterfaceForComposites.java:765)
	at ptolemy.actor.util.CausalityInterfaceForComposites._computeInputDepth(CausalityInterfaceForComposites.java:696)
	at ptolemy.actor.util.CausalityInterfaceForComposites._computeActorDepth(CausalityInterfaceForComposites.java:532)
	at ptolemy.actor.util.CausalityInterfaceForComposites.checkForCycles(CausalityInterfaceForComposites.java:96)
	at ptolemy.domains.de.kernel.DEDirector.preinitialize(DEDirector.java:1338)
	at ptolemy.actor.CompositeActor.preinitialize(CompositeActor.java:1828)
	at ptolemy.actor.Manager.preinitializeAndResolveTypes(Manager.java:1040)
	at ptolemy.actor.Manager.initialize(Manager.java:710)
	at ptolemy.actor.Manager.execute(Manager.java:356)
	at ptolemy.actor.Manager.run(Manager.java:1263)
	at ptolemy.actor.Manager$PtolemyRunThread.run(Manager.java:1915)
java.lang.RuntimeException: Execution failed
	at ptolemy.moml.MoMLSimpleApplication$UnloadThread.run(MoMLSimpleApplication.java:402)
Caused by: ptolemy.kernel.util.IllegalActionException: Actor is not ready to fire.  Perhaps UpSample.prefire() returned false? Try debugging the actor by selecting "Listen to Actor".  Also, for SDF check moml for tokenConsumptionRate on input.
  in .DESDFClockTest.Play Bell.Copy1:SDF Director and .DESDFClockTest.Play Bell.UpSample
	at ptolemy.actor.sched.StaticSchedulingDirector.fire(StaticSchedulingDirector.java:227)
	at ptolemy.domains.sdf.kernel.SDFDirector.fire(SDFDirector.java:500)
	at ptolemy.actor.CompositeActor.fire(CompositeActor.java:455)
	at ptolemy.domains.de.kernel.DEDirector._fire(DEDirector.java:1949)
	at ptolemy.domains.de.kernel.DEDirector.fire(DEDirector.java:502)
	at ptolemy.actor.CompositeActor.fire(CompositeActor.java:455)
	at ptolemy.actor.Manager.iterate(Manager.java:851)
	at ptolemy.actor.Manager.execute(Manager.java:369)
	at ptolemy.actor.Manager.run(Manager.java:1263)
	at ptolemy.actor.Manager$PtolemyRunThread.run(Manager.java:1915)
java.lang.RuntimeException: Execution failed
	at ptolemy.moml.MoMLSimpleApplication$UnloadThread.run(MoMLSimpleApplication.java:402)
Caused by: ptolemy.kernel.util.IllegalActionException: Found a zero delay loop containing .dependencyLoop2.original
  in .dependencyLoop2 and .dependencyLoop2.original
	at ptolemy.actor.util.CausalityInterfaceForComposites._computeOutputPortDepth(CausalityInterfaceForComposites.java:759)
	at ptolemy.actor.util.CausalityInterfaceForComposites._computeInputDepth(CausalityInterfaceForComposites.java:696)
	at ptolemy.actor.util.CausalityInterfaceForComposites._computeOutputPortDepth(CausalityInterfaceForComposites.java:765)
	at ptolemy.actor.util.CausalityInterfaceForComposites._computeInputDepth(CausalityInterfaceForComposites.java:696)
	at ptolemy.actor.util.CausalityInterfaceForComposites._computeOutputPortDepth(CausalityInterfaceForComposites.java:765)
	at ptolemy.actor.util.CausalityInterfaceForComposites._computeInputDepth(CausalityInterfaceForComposites.java:696)
	at ptolemy.actor.util.CausalityInterfaceForComposites._computeActorDepth(CausalityInterfaceForComposites.java:532)
	at ptolemy.actor.util.CausalityInterfaceForComposites.checkForCycles(CausalityInterfaceForComposites.java:96)
	at ptolemy.domains.de.kernel.DEDirector.preinitialize(DEDirector.java:1338)
	at ptolemy.actor.CompositeActor.preinitialize(CompositeActor.java:1828)
	at ptolemy.actor.Manager.preinitializeAndResolveTypes(Manager.java:1040)
	at ptolemy.actor.Manager.initialize(Manager.java:710)
	at ptolemy.actor.Manager.execute(Manager.java:356)
	at ptolemy.actor.Manager.run(Manager.java:1263)
	at ptolemy.actor.Manager$PtolemyRunThread.run(Manager.java:1915)
java.lang.RuntimeException: Execution failed
	at ptolemy.moml.MoMLSimpleApplication$UnloadThread.run(MoMLSimpleApplication.java:402)
Caused by: ptolemy.kernel.util.IllegalActionException: Found a zero delay loop containing .HierarchicalModel.A
  in .HierarchicalModel and .HierarchicalModel.A
	at ptolemy.actor.util.CausalityInterfaceForComposites._computeOutputPortDepth(CausalityInterfaceForComposites.java:759)
	at ptolemy.actor.util.CausalityInterfaceForComposites._computeInputDepth(CausalityInterfaceForComposites.java:696)
	at ptolemy.actor.util.CausalityInterfaceForComposites._computeOutputPortDepth(CausalityInterfaceForComposites.java:765)
	at ptolemy.actor.util.CausalityInterfaceForComposites._computeInputDepth(CausalityInterfaceForComposites.java:696)
	at ptolemy.actor.util.CausalityInterfaceForComposites._computeOutputPortDepth(CausalityInterfaceForComposites.java:765)
	at ptolemy.actor.util.CausalityInterfaceForComposites._computeInputDepth(CausalityInterfaceForComposites.java:696)
	at ptolemy.actor.util.CausalityInterfaceForComposites._computeActorDepth(CausalityInterfaceForComposites.java:532)
	at ptolemy.actor.util.CausalityInterfaceForComposites.checkForCycles(CausalityInterfaceForComposites.java:96)
	at ptolemy.domains.de.kernel.DEDirector.preinitialize(DEDirector.java:1338)
	at ptolemy.actor.CompositeActor.preinitialize(CompositeActor.java:1828)
	at ptolemy.actor.Manager.preinitializeAndResolveTypes(Manager.java:1040)
	at ptolemy.actor.Manager.initialize(Manager.java:710)
	at ptolemy.actor.Manager.execute(Manager.java:356)
	at ptolemy.actor.Manager.run(Manager.java:1263)
	at ptolemy.actor.Manager$PtolemyRunThread.run(Manager.java:1915)
java.lang.RuntimeException: Execution failed
	at ptolemy.moml.MoMLSimpleApplication$UnloadThread.run(MoMLSimpleApplication.java:402)
Caused by: ptolemy.kernel.util.IllegalActionException: Test fails in iteration 1.
Value was: 1.0. Should have been: 2.0
  in .DirectFeedback.Test
	at ptolemy.actor.lib.Test.fire(Test.java:268)
	at ptolemy.domains.de.kernel.DEDirector._fire(DEDirector.java:1949)
	at ptolemy.domains.de.kernel.DEDirector.fire(DEDirector.java:502)
	at ptolemy.actor.CompositeActor.fire(CompositeActor.java:455)
	at ptolemy.actor.Manager.iterate(Manager.java:851)
	at ptolemy.actor.Manager.execute(Manager.java:369)
	at ptolemy.actor.Manager.run(Manager.java:1263)
	at ptolemy.actor.Manager$PtolemyRunThread.run(Manager.java:1915)
java.lang.RuntimeException: Execution failed
	at ptolemy.moml.MoMLSimpleApplication$UnloadThread.run(MoMLSimpleApplication.java:402)
Caused by: ptolemy.kernel.util.IllegalActionException: Actor is not ready to fire.  Perhaps UpSample.prefire() returned false? Try debugging the actor by selecting "Listen to Actor".  Also, for SDF check moml for tokenConsumptionRate on input.
  in .DESDFClockTest.Play Bell.Copy1:SDF Director and .DESDFClockTest.Play Bell.UpSample
	at ptolemy.actor.sched.StaticSchedulingDirector.fire(StaticSchedulingDirector.java:227)
	at ptolemy.domains.sdf.kernel.SDFDirector.fire(SDFDirector.java:500)
	at ptolemy.actor.CompositeActor.fire(CompositeActor.java:455)
	at ptolemy.domains.de.kernel.DEDirector._fire(DEDirector.java:1949)
	at ptolemy.domains.de.kernel.DEDirector.fire(DEDirector.java:502)
	at ptolemy.actor.CompositeActor.fire(CompositeActor.java:455)
	at ptolemy.actor.Manager.iterate(Manager.java:851)
	at ptolemy.actor.Manager.execute(Manager.java:369)
	at ptolemy.actor.Manager.run(Manager.java:1263)
	at ptolemy.actor.Manager$PtolemyRunThread.run(Manager.java:1915)
java.lang.reflect.InvocationTargetException
	at sun.reflect.NativeConstructorAccessorImpl.newInstance0(Native Method)
	at sun.reflect.NativeConstructorAccessorImpl.newInstance(NativeConstructorAccessorImpl.java:62)
	at sun.reflect.DelegatingConstructorAccessorImpl.newInstance(DelegatingConstructorAccessorImpl.java:45)
	at java.lang.reflect.Constructor.newInstance(Constructor.java:423)
	at ptolemy.util.test.junit.AutoKnownFailedTests.RunModel(AutoKnownFailedTests.java:105)
	at sun.reflect.NativeMethodAccessorImpl.invoke0(Native Method)
	at sun.reflect.NativeMethodAccessorImpl.invoke(NativeMethodAccessorImpl.java:62)
	at sun.reflect.DelegatingMethodAccessorImpl.invoke(DelegatingMethodAccessorImpl.java:43)
	at java.lang.reflect.Method.invoke(Method.java:498)
	at org.junit.runners.model.FrameworkMethod$1.runReflectiveCall(FrameworkMethod.java:44)
	at org.junit.internal.runners.model.ReflectiveCallable.run(ReflectiveCallable.java:15)
	at org.junit.runners.model.FrameworkMethod.invokeExplosively(FrameworkMethod.java:41)
	at junitparams.internal.InvokeParameterisedMethod.evaluate(InvokeParameterisedMethod.java:102)
	at org.junit.internal.runners.statements.FailOnTimeout$1.run(FailOnTimeout.java:28)
Caused by: ptolemy.kernel.util.IllegalActionException: Actor is not ready to fire.  Perhaps UpSample.prefire() returned false? Try debugging the actor by selecting "Listen to Actor".  Also, for SDF check moml for tokenConsumptionRate on input.
  in .DESDFClockTest.Play Bell.Copy1:SDF Director and .DESDFClockTest.Play Bell.UpSample
	at ptolemy.actor.sched.StaticSchedulingDirector.fire(StaticSchedulingDirector.java:227)
	at ptolemy.domains.sdf.kernel.SDFDirector.fire(SDFDirector.java:500)
	at ptolemy.actor.CompositeActor.fire(CompositeActor.java:455)
	at ptolemy.domains.de.kernel.DEDirector._fire(DEDirector.java:1949)
	at ptolemy.domains.de.kernel.DEDirector.fire(DEDirector.java:502)
	at ptolemy.actor.CompositeActor.fire(CompositeActor.java:455)
	at ptolemy.actor.Manager.iterate(Manager.java:851)
	at ptolemy.actor.Manager.execute(Manager.java:369)
	at ptolemy.actor.Manager.run(Manager.java:1263)
	at ptolemy.actor.Manager$PtolemyRunThread.run(Manager.java:1915)
java.lang.RuntimeException: Execution failed
	at ptolemy.moml.MoMLSimpleApplication$UnloadThread.run(MoMLSimpleApplication.java:402)
Caused by: ptolemy.kernel.util.IllegalActionException: Test fails in iteration 1.
Value was: 1.0. Should have been: 2.0
  in .DirectFeedback.Test
	at ptolemy.actor.lib.Test.fire(Test.java:268)
	at ptolemy.domains.de.kernel.DEDirector._fire(DEDirector.java:1949)
	at ptolemy.domains.de.kernel.DEDirector.fire(DEDirector.java:502)
	at ptolemy.actor.CompositeActor.fire(CompositeActor.java:455)
	at ptolemy.actor.Manager.iterate(Manager.java:851)
	at ptolemy.actor.Manager.execute(Manager.java:369)
	at ptolemy.actor.Manager.run(Manager.java:1263)
	at ptolemy.actor.Manager$PtolemyRunThread.run(Manager.java:1915)
java.lang.reflect.InvocationTargetException
	at sun.reflect.NativeConstructorAccessorImpl.newInstance0(Native Method)
	at sun.reflect.NativeConstructorAccessorImpl.newInstance(NativeConstructorAccessorImpl.java:62)
	at sun.reflect.DelegatingConstructorAccessorImpl.newInstance(DelegatingConstructorAccessorImpl.java:45)
	at java.lang.reflect.Constructor.newInstance(Constructor.java:423)
	at ptolemy.util.test.junit.AutoKnownFailedTests.RunModel(AutoKnownFailedTests.java:105)
	at sun.reflect.NativeMethodAccessorImpl.invoke0(Native Method)
	at sun.reflect.NativeMethodAccessorImpl.invoke(NativeMethodAccessorImpl.java:62)
	at sun.reflect.DelegatingMethodAccessorImpl.invoke(DelegatingMethodAccessorImpl.java:43)
	at java.lang.reflect.Method.invoke(Method.java:498)
	at org.junit.runners.model.FrameworkMethod$1.runReflectiveCall(FrameworkMethod.java:44)
	at org.junit.internal.runners.model.ReflectiveCallable.run(ReflectiveCallable.java:15)
	at org.junit.runners.model.FrameworkMethod.invokeExplosively(FrameworkMethod.java:41)
	at junitparams.internal.InvokeParameterisedMethod.evaluate(InvokeParameterisedMethod.java:102)
	at org.junit.internal.runners.statements.FailOnTimeout$1.run(FailOnTimeout.java:28)
Caused by: ptolemy.kernel.util.IllegalActionException: Test fails in iteration 1.
Value was: 1.0. Should have been: 2.0
  in .DirectFeedback.Test
	at ptolemy.actor.lib.Test.fire(Test.java:268)
	at ptolemy.domains.de.kernel.DEDirector._fire(DEDirector.java:1949)
	at ptolemy.domains.de.kernel.DEDirector.fire(DEDirector.java:502)
	at ptolemy.actor.CompositeActor.fire(CompositeActor.java:455)
	at ptolemy.actor.Manager.iterate(Manager.java:851)
	at ptolemy.actor.Manager.execute(Manager.java:369)
	at ptolemy.actor.Manager.run(Manager.java:1263)
	at ptolemy.actor.Manager$PtolemyRunThread.run(Manager.java:1915)
java.lang.RuntimeException: Execution failed
	at ptolemy.moml.MoMLSimpleApplication$UnloadThread.run(MoMLSimpleApplication.java:402)
Caused by: ptolemy.kernel.util.IllegalActionException: Found a zero delay loop containing .HierarchicalModel.A
  in .HierarchicalModel and .HierarchicalModel.A
	at ptolemy.actor.util.CausalityInterfaceForComposites._computeOutputPortDepth(CausalityInterfaceForComposites.java:759)
	at ptolemy.actor.util.CausalityInterfaceForComposites._computeInputDepth(CausalityInterfaceForComposites.java:696)
	at ptolemy.actor.util.CausalityInterfaceForComposites._computeOutputPortDepth(CausalityInterfaceForComposites.java:765)
	at ptolemy.actor.util.CausalityInterfaceForComposites._computeInputDepth(CausalityInterfaceForComposites.java:696)
	at ptolemy.actor.util.CausalityInterfaceForComposites._computeOutputPortDepth(CausalityInterfaceForComposites.java:765)
	at ptolemy.actor.util.CausalityInterfaceForComposites._computeInputDepth(CausalityInterfaceForComposites.java:696)
	at ptolemy.actor.util.CausalityInterfaceForComposites._computeActorDepth(CausalityInterfaceForComposites.java:532)
	at ptolemy.actor.util.CausalityInterfaceForComposites.checkForCycles(CausalityInterfaceForComposites.java:96)
	at ptolemy.domains.de.kernel.DEDirector.preinitialize(DEDirector.java:1338)
	at ptolemy.actor.CompositeActor.preinitialize(CompositeActor.java:1828)
	at ptolemy.actor.Manager.preinitializeAndResolveTypes(Manager.java:1040)
	at ptolemy.actor.Manager.initialize(Manager.java:710)
	at ptolemy.actor.Manager.execute(Manager.java:356)
	at ptolemy.actor.Manager.run(Manager.java:1263)
	at ptolemy.actor.Manager$PtolemyRunThread.run(Manager.java:1915)
java.lang.reflect.InvocationTargetException
	at sun.reflect.NativeConstructorAccessorImpl.newInstance0(Native Method)
	at sun.reflect.NativeConstructorAccessorImpl.newInstance(NativeConstructorAccessorImpl.java:62)
	at sun.reflect.DelegatingConstructorAccessorImpl.newInstance(DelegatingConstructorAccessorImpl.java:45)
	at java.lang.reflect.Constructor.newInstance(Constructor.java:423)
	at ptolemy.util.test.junit.AutoKnownFailedTests.RunModel(AutoKnownFailedTests.java:105)
	at sun.reflect.NativeMethodAccessorImpl.invoke0(Native Method)
	at sun.reflect.NativeMethodAccessorImpl.invoke(NativeMethodAccessorImpl.java:62)
	at sun.reflect.DelegatingMethodAccessorImpl.invoke(DelegatingMethodAccessorImpl.java:43)
	at java.lang.reflect.Method.invoke(Method.java:498)
	at org.junit.runners.model.FrameworkMethod$1.runReflectiveCall(FrameworkMethod.java:44)
	at org.junit.internal.runners.model.ReflectiveCallable.run(ReflectiveCallable.java:15)
	at org.junit.runners.model.FrameworkMethod.invokeExplosively(FrameworkMethod.java:41)
	at junitparams.internal.InvokeParameterisedMethod.evaluate(InvokeParameterisedMethod.java:102)
	at org.junit.internal.runners.statements.FailOnTimeout$1.run(FailOnTimeout.java:28)
Caused by: ptolemy.kernel.util.IllegalActionException: Found a zero delay loop containing .HierarchicalModel.A
  in .HierarchicalModel and .HierarchicalModel.A
	at ptolemy.actor.util.CausalityInterfaceForComposites._computeOutputPortDepth(CausalityInterfaceForComposites.java:759)
	at ptolemy.actor.util.CausalityInterfaceForComposites._computeInputDepth(CausalityInterfaceForComposites.java:696)
	at ptolemy.actor.util.CausalityInterfaceForComposites._computeOutputPortDepth(CausalityInterfaceForComposites.java:765)
	at ptolemy.actor.util.CausalityInterfaceForComposites._computeInputDepth(CausalityInterfaceForComposites.java:696)
	at ptolemy.actor.util.CausalityInterfaceForComposites._computeOutputPortDepth(CausalityInterfaceForComposites.java:765)
	at ptolemy.actor.util.CausalityInterfaceForComposites._computeInputDepth(CausalityInterfaceForComposites.java:696)
	at ptolemy.actor.util.CausalityInterfaceForComposites._computeActorDepth(CausalityInterfaceForComposites.java:532)
	at ptolemy.actor.util.CausalityInterfaceForComposites.checkForCycles(CausalityInterfaceForComposites.java:96)
	at ptolemy.domains.de.kernel.DEDirector.preinitialize(DEDirector.java:1338)
	at ptolemy.actor.CompositeActor.preinitialize(CompositeActor.java:1828)
	at ptolemy.actor.Manager.preinitializeAndResolveTypes(Manager.java:1040)
	at ptolemy.actor.Manager.initialize(Manager.java:710)
	at ptolemy.actor.Manager.execute(Manager.java:356)
	at ptolemy.actor.Manager.run(Manager.java:1263)
	at ptolemy.actor.Manager$PtolemyRunThread.run(Manager.java:1915)
java.lang.RuntimeException: Execution failed
	at ptolemy.moml.MoMLSimpleApplication$UnloadThread.run(MoMLSimpleApplication.java:402)
Caused by: ptolemy.kernel.util.IllegalActionException: Found a zero delay loop containing .dependencyLoop.original
  in .dependencyLoop and .dependencyLoop.original
	at ptolemy.actor.util.CausalityInterfaceForComposites._computeOutputPortDepth(CausalityInterfaceForComposites.java:759)
	at ptolemy.actor.util.CausalityInterfaceForComposites._computeInputDepth(CausalityInterfaceForComposites.java:696)
	at ptolemy.actor.util.CausalityInterfaceForComposites._computeOutputPortDepth(CausalityInterfaceForComposites.java:765)
	at ptolemy.actor.util.CausalityInterfaceForComposites._computeInputDepth(CausalityInterfaceForComposites.java:696)
	at ptolemy.actor.util.CausalityInterfaceForComposites._computeOutputPortDepth(CausalityInterfaceForComposites.java:765)
	at ptolemy.actor.util.CausalityInterfaceForComposites._computeInputDepth(CausalityInterfaceForComposites.java:696)
	at ptolemy.actor.util.CausalityInterfaceForComposites._computeActorDepth(CausalityInterfaceForComposites.java:532)
	at ptolemy.actor.util.CausalityInterfaceForComposites.checkForCycles(CausalityInterfaceForComposites.java:96)
	at ptolemy.domains.de.kernel.DEDirector.preinitialize(DEDirector.java:1338)
	at ptolemy.actor.CompositeActor.preinitialize(CompositeActor.java:1828)
	at ptolemy.actor.Manager.preinitializeAndResolveTypes(Manager.java:1040)
	at ptolemy.actor.Manager.initialize(Manager.java:710)
	at ptolemy.actor.Manager.execute(Manager.java:356)
	at ptolemy.actor.Manager.run(Manager.java:1263)
	at ptolemy.actor.Manager$PtolemyRunThread.run(Manager.java:1915)
java.lang.reflect.InvocationTargetException
	at sun.reflect.NativeConstructorAccessorImpl.newInstance0(Native Method)
	at sun.reflect.NativeConstructorAccessorImpl.newInstance(NativeConstructorAccessorImpl.java:62)
	at sun.reflect.DelegatingConstructorAccessorImpl.newInstance(DelegatingConstructorAccessorImpl.java:45)
	at java.lang.reflect.Constructor.newInstance(Constructor.java:423)
	at ptolemy.util.test.junit.AutoKnownFailedTests.RunModel(AutoKnownFailedTests.java:105)
	at sun.reflect.NativeMethodAccessorImpl.invoke0(Native Method)
	at sun.reflect.NativeMethodAccessorImpl.invoke(NativeMethodAccessorImpl.java:62)
	at sun.reflect.DelegatingMethodAccessorImpl.invoke(DelegatingMethodAccessorImpl.java:43)
	at java.lang.reflect.Method.invoke(Method.java:498)
	at org.junit.runners.model.FrameworkMethod$1.runReflectiveCall(FrameworkMethod.java:44)
	at org.junit.internal.runners.model.ReflectiveCallable.run(ReflectiveCallable.java:15)
	at org.junit.runners.model.FrameworkMethod.invokeExplosively(FrameworkMethod.java:41)
	at junitparams.internal.InvokeParameterisedMethod.evaluate(InvokeParameterisedMethod.java:102)
	at org.junit.internal.runners.statements.FailOnTimeout$1.run(FailOnTimeout.java:28)
Caused by: ptolemy.kernel.util.IllegalActionException: Found a zero delay loop containing .dependencyLoop.original
  in .dependencyLoop and .dependencyLoop.original
	at ptolemy.actor.util.CausalityInterfaceForComposites._computeOutputPortDepth(CausalityInterfaceForComposites.java:759)
	at ptolemy.actor.util.CausalityInterfaceForComposites._computeInputDepth(CausalityInterfaceForComposites.java:696)
	at ptolemy.actor.util.CausalityInterfaceForComposites._computeOutputPortDepth(CausalityInterfaceForComposites.java:765)
	at ptolemy.actor.util.CausalityInterfaceForComposites._computeInputDepth(CausalityInterfaceForComposites.java:696)
	at ptolemy.actor.util.CausalityInterfaceForComposites._computeOutputPortDepth(CausalityInterfaceForComposites.java:765)
	at ptolemy.actor.util.CausalityInterfaceForComposites._computeInputDepth(CausalityInterfaceForComposites.java:696)
	at ptolemy.actor.util.CausalityInterfaceForComposites._computeActorDepth(CausalityInterfaceForComposites.java:532)
	at ptolemy.actor.util.CausalityInterfaceForComposites.checkForCycles(CausalityInterfaceForComposites.java:96)
	at ptolemy.domains.de.kernel.DEDirector.preinitialize(DEDirector.java:1338)
	at ptolemy.actor.CompositeActor.preinitialize(CompositeActor.java:1828)
	at ptolemy.actor.Manager.preinitializeAndResolveTypes(Manager.java:1040)
	at ptolemy.actor.Manager.initialize(Manager.java:710)
	at ptolemy.actor.Manager.execute(Manager.java:356)
	at ptolemy.actor.Manager.run(Manager.java:1263)
	at ptolemy.actor.Manager$PtolemyRunThread.run(Manager.java:1915)
java.lang.RuntimeException: Execution failed
	at ptolemy.moml.MoMLSimpleApplication$UnloadThread.run(MoMLSimpleApplication.java:402)
Caused by: ptolemy.kernel.util.IllegalActionException: Found a zero delay loop containing .dependencyLoop2.original
  in .dependencyLoop2 and .dependencyLoop2.original
	at ptolemy.actor.util.CausalityInterfaceForComposites._computeOutputPortDepth(CausalityInterfaceForComposites.java:759)
	at ptolemy.actor.util.CausalityInterfaceForComposites._computeInputDepth(CausalityInterfaceForComposites.java:696)
	at ptolemy.actor.util.CausalityInterfaceForComposites._computeOutputPortDepth(CausalityInterfaceForComposites.java:765)
	at ptolemy.actor.util.CausalityInterfaceForComposites._computeInputDepth(CausalityInterfaceForComposites.java:696)
	at ptolemy.actor.util.CausalityInterfaceForComposites._computeOutputPortDepth(CausalityInterfaceForComposites.java:765)
	at ptolemy.actor.util.CausalityInterfaceForComposites._computeInputDepth(CausalityInterfaceForComposites.java:696)
	at ptolemy.actor.util.CausalityInterfaceForComposites._computeActorDepth(CausalityInterfaceForComposites.java:532)
	at ptolemy.actor.util.CausalityInterfaceForComposites.checkForCycles(CausalityInterfaceForComposites.java:96)
	at ptolemy.domains.de.kernel.DEDirector.preinitialize(DEDirector.java:1338)
	at ptolemy.actor.CompositeActor.preinitialize(CompositeActor.java:1828)
	at ptolemy.actor.Manager.preinitializeAndResolveTypes(Manager.java:1040)
	at ptolemy.actor.Manager.initialize(Manager.java:710)
	at ptolemy.actor.Manager.execute(Manager.java:356)
	at ptolemy.actor.Manager.run(Manager.java:1263)
	at ptolemy.actor.Manager$PtolemyRunThread.run(Manager.java:1915)
java.lang.reflect.InvocationTargetException
	at sun.reflect.NativeConstructorAccessorImpl.newInstance0(Native Method)
	at sun.reflect.NativeConstructorAccessorImpl.newInstance(NativeConstructorAccessorImpl.java:62)
	at sun.reflect.DelegatingConstructorAccessorImpl.newInstance(DelegatingConstructorAccessorImpl.java:45)
	at java.lang.reflect.Constructor.newInstance(Constructor.java:423)
	at ptolemy.util.test.junit.AutoKnownFailedTests.RunModel(AutoKnownFailedTests.java:105)
	at sun.reflect.NativeMethodAccessorImpl.invoke0(Native Method)
	at sun.reflect.NativeMethodAccessorImpl.invoke(NativeMethodAccessorImpl.java:62)
	at sun.reflect.DelegatingMethodAccessorImpl.invoke(DelegatingMethodAccessorImpl.java:43)
	at java.lang.reflect.Method.invoke(Method.java:498)
	at org.junit.runners.model.FrameworkMethod$1.runReflectiveCall(FrameworkMethod.java:44)
	at org.junit.internal.runners.model.ReflectiveCallable.run(ReflectiveCallable.java:15)
	at org.junit.runners.model.FrameworkMethod.invokeExplosively(FrameworkMethod.java:41)
	at junitparams.internal.InvokeParameterisedMethod.evaluate(InvokeParameterisedMethod.java:102)
	at org.junit.internal.runners.statements.FailOnTimeout$1.run(FailOnTimeout.java:28)
Caused by: ptolemy.kernel.util.IllegalActionException: Found a zero delay loop containing .dependencyLoop2.original
  in .dependencyLoop2 and .dependencyLoop2.original
	at ptolemy.actor.util.CausalityInterfaceForComposites._computeOutputPortDepth(CausalityInterfaceForComposites.java:759)
	at ptolemy.actor.util.CausalityInterfaceForComposites._computeInputDepth(CausalityInterfaceForComposites.java:696)
	at ptolemy.actor.util.CausalityInterfaceForComposites._computeOutputPortDepth(CausalityInterfaceForComposites.java:765)
	at ptolemy.actor.util.CausalityInterfaceForComposites._computeInputDepth(CausalityInterfaceForComposites.java:696)
	at ptolemy.actor.util.CausalityInterfaceForComposites._computeOutputPortDepth(CausalityInterfaceForComposites.java:765)
	at ptolemy.actor.util.CausalityInterfaceForComposites._computeInputDepth(CausalityInterfaceForComposites.java:696)
	at ptolemy.actor.util.CausalityInterfaceForComposites._computeActorDepth(CausalityInterfaceForComposites.java:532)
	at ptolemy.actor.util.CausalityInterfaceForComposites.checkForCycles(CausalityInterfaceForComposites.java:96)
	at ptolemy.domains.de.kernel.DEDirector.preinitialize(DEDirector.java:1338)
	at ptolemy.actor.CompositeActor.preinitialize(CompositeActor.java:1828)
	at ptolemy.actor.Manager.preinitializeAndResolveTypes(Manager.java:1040)
	at ptolemy.actor.Manager.initialize(Manager.java:710)
	at ptolemy.actor.Manager.execute(Manager.java:356)
	at ptolemy.actor.Manager.run(Manager.java:1263)
	at ptolemy.actor.Manager$PtolemyRunThread.run(Manager.java:1915)
]]></system-err>
</testsuite>
