<?xml version="1.0" encoding="UTF-8" ?>
<testsuite errors="0" failures="0" hostname="travis-job-8d04e758-8633-47f0-b1cd-9c4b80d5f377" name="ptolemy.actor.lib.test.junit.JUnitTclTest" skipped="0" tests="517" time="62.089" timestamp="2018-09-12T02:06:15">
  <properties>
    <property name="npm.executable" value="npm" />
    <property name="file.encoding.pkg" value="sun.io" />
    <property name="env.TRAVIS_ROOT" value="/" />
    <property name="ptII.mk.exists" value="true" />
    <property name="env.TRAVIS_APP_HOST" value="build.travis-ci.org" />
    <property name="env.rvm_bin_path" value="/home/travis/.rvm/bin" />
    <property name="java.home" value="/usr/lib/jvm/java-8-oracle/jre" />
    <property name="env.TRAVIS_JOB_NUMBER" value="728.8" />
    <property name="env.TRAVIS_HOME" value="/home/travis" />
    <property name="env.DISPLAY" value=":99.0" />
    <property name="java.net.preferIPv4Stack" value="true" />
    <property name="env.TRAVIS_INIT" value="upstart" />
    <property name="env.SSH_TTY" value="/dev/pts/0" />
    <property name="env.RUN_TESTS" value="false" />
    <property name="timeout.short" value="1000000" />
    <property name="env.TRAVIS_STACK_NODE_ATTRIBUTES" value="/.node-attributes.yml" />
    <property name="junit.formatter" value="xml" />
    <property name="java.endorsed.dirs" value="/usr/lib/jvm/java-8-oracle/jre/lib/endorsed" />
    <property name="env.TRAVIS_SUDO" value="true" />
    <property name="env.LOGNAME" value="travis" />
    <property name="env.PT_TRAVIS_TEST_CORE1_XML" value="true" />
    <property name="jsdoc.home" value="node_modules/@terraswarm/jsdoc" />
    <property name="debuglevel" value="source,lines,vars" />
    <property name="checkstyle.formatter" value="xml" />
    <property name="bin.vergil.makeable" value="true" />
    <property name="env._system_version" value="14.04" />
    <property name="sun.os.patch.level" value="unknown" />
    <property name="java.vendor.url" value="http://java.oracle.com/" />
    <property name="java.version" value="1.8.0_151" />
    <property name="env.TZ" value="UTC" />
    <property name="env.PT_NO_NET" value="true" />
    <property name="env.TRAVIS_PULL_REQUEST_SHA" value="" />
    <property name="env.TRAVIS_SECURE_ENV_VARS" value="true" />
    <property name="env._system_type" value="Linux" />
    <property name="java.vendor.url.bug" value="http://bugreport.sun.com/bugreport/" />
    <property name="env.SSH_CLIENT" value="10.10.16.2 48198 22" />
    <property name="npmjs-org-is-up" value="true" />
    <property name="env.GEM_HOME" value="/home/travis/.rvm/gems/ruby-2.4.1" />
    <property name="env.HAS_ANTARES_THREE_LITTLE_FRONZIES_BADGE" value="true" />
    <property name="env.PS4" value="+" />
    <property name="ant.project.invoked-targets" value="build,test.core1.xml" />
    <property name="env.TRAVIS_PULL_REQUEST_BRANCH" value="" />
    <property name="env.TRAVIS_REPO_SLUG" value="icyphy/ptII" />
    <property name="node.in.path" value="true" />
    <property name="java.maxmemory" value="1400m" />
    <property name="env.RUBY_VERSION" value="ruby-2.4.1" />
    <property name="user.name" value="travis" />
    <property name="env.LANG" value="en_US.UTF-8" />
    <property name="sun.io.unicode.encoding" value="UnicodeLittle" />
    <property name="sun.jnu.encoding" value="UTF-8" />
    <property name="java.runtime.name" value="Java(TM) SE Runtime Environment" />
    <property name="usefile" value="false" />
    <property name="return.code" value="0" />
    <property name="junit.single.formatter" value="plain" />
    <property name="env.DYLD_LIBRARY_PATH" value="/home/travis/pthla/certi-tools/lib:" />
    <property name="env.DEBIAN_FRONTEND" value="noninteractive" />
    <property name="env.SSH_CONNECTION" value="10.10.16.2 48198 10.20.0.3 22" />
    <property name="env.MYSQL_UNIX_PORT" value="/var/run/mysqld/mysqld.sock" />
    <property name="env.TRAVIS_ALLOW_FAILURE" value="false" />
    <property name="env.LC_ALL" value="en_US.UTF-8" />
    <property name="java.specification.name" value="Java Platform API Specification" />
    <property name="node.works" value="true" />
    <property name="user.timezone" value="" />
    <property name="path.separator" value=":" />
    <property name="env.TRAVIS_ENABLE_INFRA_DETECTION" value="true" />
    <property name="env.PYTHON_CFLAGS" value="-g -fstack-protector --param=ssp-buffer-size=4 -Wformat -Werror=format-security" />
    <property name="timeout.long" value="4000000" />
    <property name="env.CERTI_HOME" value="/home/travis/pthla/certi-tools" />
    <property name="file.encoding" value="UTF-8" />
    <property name="ant.file.ptII" value="/home/travis/build/icyphy/ptII/build.xml" />
    <property name="javadoc.packagenames" value="com.*,diva.*,lbnl.*,org.hlacerti.*,org.json.*,org.ptolemy.*,org.terraswarm.*,ptolemy.*,ptserver.*" />
    <property name="env.TRAVIS_PULL_REQUEST_SLUG" value="" />
    <property name="ant.project.default-target" value="build" />
    <property name="env.GIT_ASKPASS" value="echo" />
    <property name="env.HOME" value="/home/travis" />
    <property name="sun.java.command" value="org.apache.tools.ant.taskdefs.optional.junit.JUnitTestRunner ptolemy.actor.lib.test.junit.JUnitTclTest skipNonTests=false filtertrace=true haltOnError=false haltOnFailure=false formatter=org.apache.tools.ant.taskdefs.optional.junit.OutErrSummaryJUnitResultFormatter showoutput=true outputtoformatters=true logfailedtests=true threadid=0 logtestlistenerevents=false formatter=org.apache.tools.ant.taskdefs.optional.junit.XMLJUnitResultFormatter,/home/travis/build/icyphy/ptII/reports/junit/TEST-ptolemy.actor.lib.test.junit.JUnitTclTest.xml crashfile=/home/travis/build/icyphy/ptII/junitvmwatcher7889026490509191236.properties propsfile=/home/travis/build/icyphy/ptII/junit5572245235334714021.properties" />
    <property name="env.MANPATH" value="/home/travis/.nvm/versions/node/v7.10.1/share/man:/home/travis/.kiex/elixirs/elixir-1.4.5/man:/home/travis/.rvm/rubies/ruby-2.4.1/share/man:/usr/local/man:/usr/local/cmake-3.9.2/man:/usr/local/clang-5.0.0/share/man:/usr/local/share/man:/usr/share/man:/home/travis/.rvm/man" />
    <property name="env.COMPOSER_NO_INTERACTION" value="1" />
    <property name="env.JDK_SWITCHER_DEFAULT" value="oraclejdk8" />
    <property name="env.TRAVIS_TIMER_ID" value="042fd59e" />
    <property name="ant.file" value="/home/travis/build/icyphy/ptII/build.xml" />
    <property name="env.TRAVIS_COMMIT_RANGE" value="9da343c703909fe8415e5a5bb764195d8f59efd9...174d25ae00a8222af5053fded25af12a98e456d7" />
    <property name="env._system_name" value="Ubuntu" />
    <property name="timeout" value="2400000" />
    <property name="ptII.classpath.optional.property" value="/home/travis/build/icyphy/ptII/lib/bsh-2.0b4.jar:/home/travis/build/icyphy/ptII/lib/ptCal.jar:/home/travis/build/icyphy/ptII/lib/java_cup.jar:/home/travis/build/icyphy/ptII/lib/saxon8.jar:/home/travis/build/icyphy/ptII/lib/saxon8-dom.jar:/home/travis/build/icyphy/ptII/lib/chic.jar:/home/travis/build/icyphy/ptII/lib/ptcolt.jar:/usr/lib/jvm/java-8-oracle/lib/tools.jar:/usr/lib/eclipse/plugins/org.eclipse.jdt.core_3.8.2.dist.jar:/usr/lib/eclipse/plugins/org.eclipse.core.runtime_3.8.0.dist.jar:/usr/lib/eclipse/plugins/org.eclipse.osgi_3.8.1.dist.jar:/usr/lib/eclipse/plugins/org.eclipse.core.resources_3.8.1.dist.jar:/usr/lib/eclipse/plugins/org.eclipse.equinox.common_3.6.100.dist.jar:/usr/lib/eclipse/plugins/org.eclipse.core.jobs_3.5.200.dist.jar:/usr/lib/eclipse/plugins/org.eclipse.core.contenttype_3.4.200.dist.jar:/usr/lib/eclipse/plugins/org.eclipse.equinox.preferences_3.5.0.dist.jar:/usr/lib/eclipse/plugins/org.eclipse.text_3.5.200.dist.jar:/usr/lib/eclipse/plugins/org.eclipse.ui.workbench_3.8.1.dist.jar:/usr/lib/eclipse/plugins/org.eclipse.jface_3.8.0.dist.jar:/usr/lib/eclipse/plugins/org.eclipse.swt_3.8.2.jar:/usr/lib/eclipse/plugins/org.eclipse.jface.text_3.8.1.dist.jar:/usr/lib/eclipse/plugins/org.eclipse.ui.workbench.texteditor_3.8.0.dist.jar:/usr/lib/eclipse/plugins/org.eclipse.ui.editors_3.8.0.dist.jar:/usr/lib/eclipse/plugins/org.eclipse.core.commands_3.6.1.dist.jar:/usr/lib/eclipse/plugins/org.eclipse.equinox.registry_3.5.200.dist.jar:/usr/lib/eclipse/plugins/org.eclipse.ui.console_3.5.100.dist.jar:/usr/lib/eclipse/plugins/org.eclipse.ui.forms_3.5.200.dist.jar:/usr/lib/eclipse/plugins/org.eclipse.ui.ide_3.8.1.dist.jar:/home/travis/build/icyphy/ptII/vendors/oracle/dbxml.jar:/home/travis/build/icyphy/ptII/vendors/oracle/db.jar:/home/travis/build/icyphy/ptII/vendors/misc/itext/iText.jar:/home/travis/build/icyphy/ptII/lib/g4ltl.jar:/home/travis/build/icyphy/ptII/lib/StructuralCoder.jar:/home/travis/build/icyphy/ptII/lib/org-openide-util.jar:/home/travis/build/icyphy/ptII/lib/org-openide-util-lookup.jar:/home/travis/build/icyphy/ptII/lib/org-netbeans-api-visual.jar:/home/travis/build/icyphy/ptII/vendors/jai-1_1_2_01/lib/jai_core.jar:/home/travis/build/icyphy/ptII/vendors/jai-1_1_2_01/lib/jai_codec.jar:/home/travis/build/icyphy/ptII/lib/jcerti.jar:/home/travis/build/icyphy/ptII/lib/smack.jar:/home/travis/build/icyphy/ptII/lib/smackx.jar:/home/travis/build/icyphy/ptII/lib/jetty-all-8.1.5-v20120716.jar:/home/travis/build/icyphy/ptII/lib/javax.servlet-api-3.0.1.jar:/home/travis/build/icyphy/ptII/lib/javax.mail.jar:/home/travis/build/icyphy/ptII/vendors/JMF-2.1.1e/lib/jmf.jar:/home/travis/build/icyphy/ptII/lib/jna-4.0.0-variadic.jar:/home/travis/build/icyphy/ptII/vendors/misc/joystick/Joystick.jar:/home/travis/build/icyphy/ptII/lib/ptjacl.jar:/home/travis/build/icyphy/ptII/lib/jsoup-1.8.2.jar:/home/travis/build/icyphy/ptII/lib/junit-4.8.2.jar:/home/travis/build/icyphy/ptII/lib/JUnitParams-0.4.0.jar:/home/travis/build/icyphy/ptII/ptolemy/actor/lib/excel/jxl.jar:/home/travis/build/icyphy/ptII/lib/jython.jar:/home/travis/build/icyphy/ptII/lib/kieler.jar:/home/travis/build/icyphy/ptII/vendors/opencv/share/OpenCV/java/opencv-341.jar:/home/travis/build/icyphy/ptII/lib/oscP5.jar:/home/travis/build/icyphy/ptII/lib/nrjavaserial-3.11.0.devel.jar:/home/travis/build/icyphy/ptII/vendors/j3d/lib/j3dcore.jar:/home/travis/build/icyphy/ptII/vendors/j3d/lib/j3dutils.jar:/home/travis/build/icyphy/ptII/vendors/j3d/lib/vecmath.jar:/home/travis/build/icyphy/ptII/ptolemy/distributed/jini/jar/jini-core.jar:/home/travis/build/icyphy/ptII/ptolemy/distributed/jini/jar/jini-ext.jar:/home/travis/build/icyphy/ptII/ptolemy/distributed/jini/jar/sun-util.jar:/home/travis/build/icyphy/ptII/lib/protobuf-java-2.4.1.jar:/home/travis/build/icyphy/ptII/lib/org.eclipse.paho.client.mqttv3.jar:/home/travis/build/icyphy/ptII/ptserver/lib/hessian-4.0.7.jar:/home/travis/build/icyphy/ptII/ptserver/lib/wmqtt.jar:/home/travis/build/icyphy/ptII/lib/mapss.jar:/home/travis/build/icyphy/ptII/ptolemy/actor/ptalon/antlr/antlr.jar:/home/travis/build/icyphy/ptII/lib/JRI.jar:/home/travis/build/icyphy/ptII/lib/commons-lang-2.6.jar:/home/travis/build/icyphy/ptII/lib/commons-logging-1.1.1.jar:/home/travis/build/icyphy/ptII/lib/sootclasses.jar:/home/travis/build/icyphy/ptII/ptolemy/actor/lib/database/mysql-connector-java-5.1.6-bin.jar:/home/travis/build/icyphy/ptII/vendors/misc/sphinx4/sphinx4-data-5prealpha.jar:/home/travis/build/icyphy/ptII/vendors/misc/sphinx4/sphinx4-core-5prealpha.jar:/home/travis/build/icyphy/ptII/lib/PDFRenderer.jar:/home/travis/build/icyphy/ptII/lib/svgSalamander.jar:/home/travis/build/icyphy/ptII/lib/rsyntaxtextarea-2.6.0-SNAPSHOT.jar:/home/travis/build/icyphy/ptII/lib/hazelcast-3.8.2.jar:/home/travis/build/icyphy/ptII/lib/jackson-annotations-2.9.0.jar:/home/travis/build/icyphy/ptII/lib/jackson-core-2.9.3.jar:/home/travis/build/icyphy/ptII/lib/jackson-databind-2.9.3.jar:/home/travis/build/icyphy/ptII/lib/netty-buffer-4.1.19.Final.jar:/home/travis/build/icyphy/ptII/lib/netty-codec-4.1.19.Final.jar:/home/travis/build/icyphy/ptII/lib/netty-codec-dns-4.1.19.Final.jar:/home/travis/build/icyphy/ptII/lib/netty-codec-http-4.1.19.Final.jar:/home/travis/build/icyphy/ptII/lib/netty-codec-http2-4.1.19.Final.jar:/home/travis/build/icyphy/ptII/lib/netty-common-4.1.19.Final.jar:/home/travis/build/icyphy/ptII/lib/netty-handler-4.1.19.Final.jar:/home/travis/build/icyphy/ptII/lib/netty-resolver-4.1.19.Final.jar:/home/travis/build/icyphy/ptII/lib/netty-resolver-dns-4.1.19.Final.jar:/home/travis/build/icyphy/ptII/lib/netty-transport-4.1.19.Final.jar:/home/travis/build/icyphy/ptII/lib/vertx-codegen-3.5.1.jar:/home/travis/build/icyphy/ptII/lib/vertx-core-3.5.2-SNAPSHOT.jar:/home/travis/build/icyphy/ptII/lib/vertx-hazelcast-3.5.1.jar:/home/travis/build/icyphy/ptII/lib/vertx-lang-js-3.5.1.jar:/home/travis/build/icyphy/ptII/lib/vertx-service-proxy-3.5.1.jar:/home/travis/build/icyphy/ptII/lib/vertx-web-3.5.1.jar:/home/travis/build/icyphy/ptII/lib/slf4j-api-1.7.13.jar:/home/travis/build/icyphy/ptII/lib/slf4j-simple-1.7.13.jar:/home/travis/build/icyphy/ptII/lib/webcam-capture-0.3.12.jar:/home/travis/build/icyphy/ptII/lib/bridj-0.7.0.jar:/home/travis/build/icyphy/ptII/lib/xbjlib-1.1.0.nrjavaserial.jar" />
    <property name="test.batch" value="**/junit/*.java" />
    <property name="env._" value="/usr/bin/timeout" />
    <property name="java.io.tmpdir" value="/tmp" />
    <property name="env.TRAVIS_INTERNAL_RUBY_REGEX" value="^ruby-(2\.[0-2]\.[0-9]|1\.9\.3)" />
    <property name="user.language" value="en" />
    <property name="env.HISTCONTROL" value="ignoredups:ignorespace" />
    <property name="env.GOROOT" value="/home/travis/.gimme/versions/go1.7.4.linux.amd64" />
    <property name="line.separator" value="&#xa;" />
    <property name="target" value="1.8" />
    <property name="env.TRAVIS_BUILD_DIR" value="/home/travis/build/icyphy/ptII" />
    <property name="env.ANT_OPTS" value="-Xmx2048m" />
    <property name="ant.file.type" value="file" />
    <property name="ptolemy.ptII.batchMode" value="true" />
    <property name="env.HISTSIZE" value="1000" />
    <property name="env.MERB_ENV" value="test" />
    <property name="java.vm.info" value="mixed mode" />
    <property name="source" value="1.8" />
    <property name="java.vm.specification.name" value="Java Virtual Machine Specification" />
    <property name="env.TRAVIS_TEST_RESULT" value="0" />
    <property name="jsdoc.command" value="node_modules/@terraswarm/jsdoc/jsdoc.js" />
    <property name="npm.works" value="true" />
    <property name="cobertura.dir" value="/home/travis/build/icyphy/ptII/vendors/cobertura-2.0.3" />
    <property name="env.rvm_path" value="/home/travis/.rvm" />
    <property name="env.GEM_PATH" value="/home/travis/.rvm/gems/ruby-2.4.1:/home/travis/.rvm/gems/ruby-2.4.1@global" />
    <property name="env.LC_CTYPE" value="en_US.UTF-8" />
    <property name="java.awt.printerjob" value="sun.print.PSPrinterJob" />
    <property name="env.TRAVIS_CMD" value="$PTII/bin/ptIITravisBuild.sh $SECONDS" />
    <property name="env.TRAVIS_STACK_NAME" value="garnet" />
    <property name="env.TRAVIS_TIMER_START_TIME" value="1536717582481291144" />
    <property name="ant.version" value="Apache Ant(TM) version 1.10.1 compiled on February 2 2017" />
    <property name="ptII.reports" value="/home/travis/build/icyphy/ptII/reports" />
    <property name="env.TRAVIS_STACK_TIMESTAMP" value="2017-12-05 19:33:09 UTC" />
    <property name="ant.file.type.ptII" value="file" />
    <property name="env.RBENV_SHELL" value="bash" />
    <property name="os.name" value="Linux" />
    <property name="java.specification.vendor" value="Oracle Corporation" />
    <property name="env.rvm_version" value="1.29.3 (latest)" />
    <property name="env.TRAVIS_INFRA" value="gce" />
    <property name="env.TERM" value="xterm" />
    <property name="java.vm.name" value="Java HotSpot(TM) 64-Bit Server VM" />
    <property name="env.TRAVIS_BUILD_NUMBER" value="728" />
    <property name="env.CI" value="true" />
    <property name="java.library.path" value="/home/travis/pthla/certi-tools/lib:/usr/lib/jni:/usr/local/share/OpenCV/java/:/usr/share/OpenCV/java::/usr/java/packages/lib/amd64:/usr/lib64:/lib64:/lib:/usr/lib" />
    <property name="env.rvm_prefix" value="/home/travis" />
    <property name="env.PATH" value="/home/travis/pthla/certi-tools/share/scripts:/home/travis/.rvm/gems/ruby-2.4.1/bin:/home/travis/.rvm/gems/ruby-2.4.1@global/bin:/home/travis/.rvm/rubies/ruby-2.4.1/bin:/home/travis/.rvm/bin:/home/travis/.nvm/versions/node/v7.10.1/bin:./node_modules/.bin:/home/travis/build/icyphy/ptII/bin:/home/travis/pthla/certi-tools/bin:/home/travis/bin:/home/travis/.local/bin:/opt/pyenv/shims:/home/travis/.phpenv/shims:/home/travis/perl5/perlbrew/bin:/home/travis/.kiex/elixirs/elixir-1.4.5/bin:/home/travis/.kiex/bin:/home/travis/gopath/bin:/home/travis/.gimme/versions/go1.7.4.linux.amd64/bin:/usr/local/phantomjs/bin:/usr/local/phantomjs:/usr/local/neo4j-3.2.7/bin:/usr/local/maven-3.5.2/bin:/usr/local/cmake-3.9.2/bin:/usr/local/clang-5.0.0/bin:/usr/local/sbin:/usr/local/bin:/usr/sbin:/usr/bin:/sbin:/bin:/home/travis/.phpenv/bin:/opt/pyenv/bin:/home/travis/.yarn/bin" />
    <property name="env.TRAVIS_OS_NAME" value="linux" />
    <property name="ant.java.version" value="1.8" />
    <property name="basedir" value="/home/travis/build/icyphy/ptII" />
    <property name="java.class.version" value="52.0" />
    <property name="env.SHLVL" value="3" />
    <property name="env.LD_LIBRARY_PATH" value="/home/travis/pthla/certi-tools/lib:/usr/lib/jni:/usr/local/share/OpenCV/java/:/usr/share/OpenCV/java:" />
    <property name="env.RACK_ENV" value="test" />
    <property name="ant.home" value="/home/travis/build/icyphy/ptII/ant" />
    <property name="env.NVM_DIR" value="/home/travis/.nvm" />
    <property name="env.PERLBREW_BASHRC_VERSION" value="0.80" />
    <property name="env.CERTI_FOM_PATH" value="/home/travis/pthla/certi-tools/share/federations" />
    <property name="env.TRAVIS_BUILD_ID" value="427483629" />
    <property name="env.PYENV_ROOT" value="/opt/pyenv" />
    <property name="env.TRAVIS_UID" value="2000" />
    <property name="env.rvm_pretty_print_flag" value="auto" />
    <property name="env.NVM_BIN" value="/home/travis/.nvm/versions/node/v7.10.1/bin" />
    <property name="env.TRAVIS_COMMIT" value="174d25ae00a8222af5053fded25af12a98e456d7" />
    <property name="env._system_arch" value="x86_64" />
    <property name="node.executable" value="node" />
    <property name="sun.boot.library.path" value="/usr/lib/jvm/java-8-oracle/jre/lib/amd64" />
    <property name="sun.management.compiler" value="HotSpot 64-Bit Tiered Compilers" />
    <property name="env.GOPATH" value="/home/travis/gopath" />
    <property name="java.awt.graphicsenv" value="sun.awt.X11GraphicsEnvironment" />
    <property name="ptolemy.ptII.dir" value="/home/travis/build/icyphy/ptII" />
    <property name="env.USER" value="travis" />
    <property name="env.HISTFILESIZE" value="2000" />
    <property name="timeout.longest" value="19000000" />
    <property name="env.TRAVIS_STACK_FEATURES" value="basic cassandra chromium couchdb disabled-ipv6 docker docker-compose elasticsearch firefox go-toolchain google-chrome jdk memcached mongodb mysql neo4j nodejs_interpreter perl_interpreter perlbrew phantomjs postgresql python_interpreter rabbitmq redis riak ruby_interpreter sqlite xserver" />
    <property name="env.TRAVIS_PULL_REQUEST" value="false" />
    <property name="env.PYENV_SHELL" value="bash" />
    <property name="ant.project.name" value="ptII" />
    <property name="env.ANSI_RESET" value="\033[0m" />
    <property name="java.vm.specification.version" value="1.8" />
    <property name="env.TRAVIS_DIST" value="trusty" />
    <property name="env.CERTI_VERSION" value="4.0.0" />
    <property name="env.NLSPATH" value="/usr/dt/lib/nls/msg/%L/%N.cat" />
    <property name="env.CERTI_HOST" value="localhost" />
    <property name="awt.toolkit" value="sun.awt.X11.XToolkit" />
    <property name="env.MY_RUBY_HOME" value="/home/travis/.rvm/rubies/ruby-2.4.1" />
    <property name="sun.cpu.isalist" value="" />
    <property name="env.TRAVIS_TMPDIR" value="/tmp/tmp.TBXZdGTWc6" />
    <property name="java.ext.dirs" value="/usr/lib/jvm/java-8-oracle/jre/lib/ext:/usr/java/packages/lib/ext" />
    <property name="os.version" value="4.4.0-101-generic" />
    <property name="user.home" value="/home/travis" />
    <property name="env.MIX_ARCHIVES" value="/home/travis/.kiex/mix/elixir-1.4.5" />
    <property name="java.vm.vendor" value="Oracle Corporation" />
    <property name="env.TRAVIS_TAG" value="nightly" />
    <property name="env.ANSI_YELLOW" value="\033[33;1m" />
    <property name="env.TRAVIS_FILTERED" value="redirect_io" />
    <property name="env.ANSI_GREEN" value="\033[32;1m" />
    <property name="env.PTII" value="/home/travis/build/icyphy/ptII" />
    <property name="env.JAVA_HOME" value="/usr/lib/jvm/java-8-oracle" />
    <property name="javadoc.excludepackagenames" value="adm.cvs2svn.*,build.*,config.*,doc.coding.templates.*,jni.test.jni.meaningOfLife.*,jni.test.jni.testDeux.*,jni.test.jni.testTrois.*,org.terraswarm.accessor.accessors.web.node_modules.*,org.terraswarm.accessor.accessors.web.hosts.cordova.demo.*,org.terraswarm.accessor.accessors.web.hosts.cordova.plugins.*,org.terraswarm.accessor.accessors-svn.*,pt-modules.*,ptolemy.apps.agilent.*,ptolemy.apps.anytimecontrol.*,ptolemy.apps.apes.*,ptolemy.apps.charon.*,ptolemy.apps.crazyboard.*,ptolemy.apps.eclipse.*,ptolemy.apps.etherealSting.*,ptolemy.apps.fullscreen.*,ptolemy.apps.giotto.*,ptolemy.apps.ia.*,ptolemy.apps.interfaces.*,ptolemy.apps.jmf.*,ptolemy.apps.kurt.*,ptolemy.apps.kvm.*,ptolemy.apps.lego.*,ptolemy.apps.lejos.*,ptolemy.apps.midp.*,ptolemy.apps.mobileCoding.*,ptolemy.apps.pendulum.*,ptolemy.apps.rijndael.*,ptolemy.apps.robot.*,ptolemy.apps.security.*,ptolemy.apps.sobel.*,ptolemy.apps.soot.*,ptolemy.apps.throttle.*,ptolemy.apps.tini.*,ptolemy.apps.transmission.*,ptolemy.apps.vergil.*,ptolemy.apps.waba.*,ptolemy.apps.websensor.*,ptolemy.apps.webstart.*,ptolemy.apps.xsl.*,ptolemy.apps.zaurus.*,ptolemy.backtrack.eclipse.plugin.*,ptolemy.backtrack.test.*,ptolemy.codegen.c.actor.lib.oldJavaFiles.*,ptolemy.codegen.dsp.lib.*,ptolemy.codegen.kernel.newInterfaces.*,ptolemy.codegen.lib.*,ptolemy.copernicus.kernel.fragment.*,ptolemy.copernicus.shallow.cg.*,ptolemy.domains.giotto.demo.Hierarchy.Hierarchy.*,ptolemy.domains.giotto.demo.Multimode.Multimode.*,ptolemy.domains.giotto.demo.Simple.Simple.*,ptolemy.domains.gr.lib.experimental.*,ptolemy.domains.gro.*,ptolemy.domains.pdf.*,ptolemy.domains.ptinyos.demo.Surge.output.*,ptolemy.moml.test.NoPackageActor.java*,ptolemy.plot.adm.*,ptolemy.plot.servlet.*,reports.*,signed.*,src.*,target.*,vendors.*,ptolemy.cg.adapter.generic.program.procedural.c.mbed*,ptolemy.actor.lib.fmi.fmus.omc*,ptolemy.domains.openmodelica*,ptdb.kernel.bl.save.test.*,ptdb.kernel.bl.load.test.*,ptdb.kernel.bl.search.test.*,ptdb.kernel.bl.migration.test.*,ptdb.kernel.database.test.*,ptdb.test.*,ptdb.gui.test.*,org.ptolemy.scala.*,diva.util.java2d.svg.*,ptolemy.domains.ptinyos.*,ptolemy.actor.lib.fmi.fmipp.*,,org.terraswarm.accessor.accessors.web.node_modules.*,org.terraswarm.accessor.accessors-svn,ptolemy.apps.*,ptolemy.actor.ptalon.demo.ptinyos.SendAndReceiveCnt.output,ptolemy.actor.ptalon.demo.ptinyos.SenseToLeds.output,ptolemy.domains.ptinyos.demo.CntToLedsAndRfm.output,ptolemy.domains.ptinyos.demo.RfmToLeds.output,ptolemy.domains.ptinyos.demo.SendAndReceiveCnt.output,ptolemy.domains.ptinyos.demo.SenseToLeds.output,ptolemy.actor.lib.jjs.modules.udpSocket.*" />
    <property name="env.TRAVIS_COMMIT_MESSAGE" value="Merge branch &apos;master&apos; of https://github.com/icyphy/ptII" />
    <property name="keystore" value="ptKeystore" />
    <property name="env.XDG_SESSION_ID" value="2" />
    <property name="junit.output.dir" value="/home/travis/build/icyphy/ptII/reports/junit" />
    <property name="npm.return.code" value="0" />
    <property name="user.dir" value="/home/travis/build/icyphy/ptII/ptolemy/actor/lib/test" />
    <property name="env.TRAVIS_NODE_VERSION" value="7" />
    <property name="env.XFILESEARCHPATH" value="/usr/dt/app-defaults/%L/Dt" />
    <property name="env.TRAVIS_EVENT_TYPE" value="cron" />
    <property name="env.MAIL" value="/var/mail/travis" />
    <property name="env.PWD" value="/home/travis/build/icyphy/ptII" />
    <property name="env.PERLBREW_ROOT" value="/home/travis/perl5/perlbrew" />
    <property name="timeout.npm" value="45000" />
    <property name="env.TRAVIS_ARCH" value="amd64" />
    <property name="env.PAGER" value="cat" />
    <property name="sun.cpu.endian" value="little" />
    <property name="env.TRAVIS_BUILD_STAGE_NAME" value="Test" />
    <property name="env.PERLBREW_HOME" value="/home/travis/.perlbrew" />
    <property name="java.vm.version" value="25.151-b12" />
    <property name="env.RAILS_ENV" value="test" />
    <property name="java.class.path" value="/home/travis/.ptolemyII:/home/travis/.ptolemyII/*:/home/travis/build/icyphy/ptII:/home/travis/build/icyphy/ptII/lib/bsh-2.0b4.jar:/home/travis/build/icyphy/ptII/lib/ptCal.jar:/home/travis/build/icyphy/ptII/lib/java_cup.jar:/home/travis/build/icyphy/ptII/lib/saxon8.jar:/home/travis/build/icyphy/ptII/lib/saxon8-dom.jar:/home/travis/build/icyphy/ptII/lib/chic.jar:/home/travis/build/icyphy/ptII/lib/ptcolt.jar:/usr/lib/jvm/java-8-oracle/lib/tools.jar:/usr/lib/eclipse/plugins/org.eclipse.jdt.core_3.8.2.dist.jar:/usr/lib/eclipse/plugins/org.eclipse.core.runtime_3.8.0.dist.jar:/usr/lib/eclipse/plugins/org.eclipse.osgi_3.8.1.dist.jar:/usr/lib/eclipse/plugins/org.eclipse.core.resources_3.8.1.dist.jar:/usr/lib/eclipse/plugins/org.eclipse.equinox.common_3.6.100.dist.jar:/usr/lib/eclipse/plugins/org.eclipse.core.jobs_3.5.200.dist.jar:/usr/lib/eclipse/plugins/org.eclipse.core.contenttype_3.4.200.dist.jar:/usr/lib/eclipse/plugins/org.eclipse.equinox.preferences_3.5.0.dist.jar:/usr/lib/eclipse/plugins/org.eclipse.text_3.5.200.dist.jar:/usr/lib/eclipse/plugins/org.eclipse.ui.workbench_3.8.1.dist.jar:/usr/lib/eclipse/plugins/org.eclipse.jface_3.8.0.dist.jar:/usr/lib/eclipse/plugins/org.eclipse.swt_3.8.2.jar:/usr/lib/eclipse/plugins/org.eclipse.jface.text_3.8.1.dist.jar:/usr/lib/eclipse/plugins/org.eclipse.ui.workbench.texteditor_3.8.0.dist.jar:/usr/lib/eclipse/plugins/org.eclipse.ui.editors_3.8.0.dist.jar:/usr/lib/eclipse/plugins/org.eclipse.core.commands_3.6.1.dist.jar:/usr/lib/eclipse/plugins/org.eclipse.equinox.registry_3.5.200.dist.jar:/usr/lib/eclipse/plugins/org.eclipse.ui.console_3.5.100.dist.jar:/usr/lib/eclipse/plugins/org.eclipse.ui.forms_3.5.200.dist.jar:/usr/lib/eclipse/plugins/org.eclipse.ui.ide_3.8.1.dist.jar:/home/travis/build/icyphy/ptII/vendors/oracle/dbxml.jar:/home/travis/build/icyphy/ptII/vendors/oracle/db.jar:/home/travis/build/icyphy/ptII/vendors/misc/itext/iText.jar:/home/travis/build/icyphy/ptII/lib/g4ltl.jar:/home/travis/build/icyphy/ptII/lib/StructuralCoder.jar:/home/travis/build/icyphy/ptII/lib/org-openide-util.jar:/home/travis/build/icyphy/ptII/lib/org-openide-util-lookup.jar:/home/travis/build/icyphy/ptII/lib/org-netbeans-api-visual.jar:/home/travis/build/icyphy/ptII/vendors/jai-1_1_2_01/lib/jai_core.jar:/home/travis/build/icyphy/ptII/vendors/jai-1_1_2_01/lib/jai_codec.jar:/home/travis/build/icyphy/ptII/lib/jcerti.jar:/home/travis/build/icyphy/ptII/lib/smack.jar:/home/travis/build/icyphy/ptII/lib/smackx.jar:/home/travis/build/icyphy/ptII/lib/jetty-all-8.1.5-v20120716.jar:/home/travis/build/icyphy/ptII/lib/javax.servlet-api-3.0.1.jar:/home/travis/build/icyphy/ptII/lib/javax.mail.jar:/home/travis/build/icyphy/ptII/vendors/JMF-2.1.1e/lib/jmf.jar:/home/travis/build/icyphy/ptII/lib/jna-4.0.0-variadic.jar:/home/travis/build/icyphy/ptII/vendors/misc/joystick/Joystick.jar:/home/travis/build/icyphy/ptII/lib/ptjacl.jar:/home/travis/build/icyphy/ptII/lib/jsoup-1.8.2.jar:/home/travis/build/icyphy/ptII/lib/junit-4.8.2.jar:/home/travis/build/icyphy/ptII/lib/JUnitParams-0.4.0.jar:/home/travis/build/icyphy/ptII/ptolemy/actor/lib/excel/jxl.jar:/home/travis/build/icyphy/ptII/lib/jython.jar:/home/travis/build/icyphy/ptII/lib/kieler.jar:/home/travis/build/icyphy/ptII/vendors/opencv/share/OpenCV/java/opencv-341.jar:/home/travis/build/icyphy/ptII/lib/oscP5.jar:/home/travis/build/icyphy/ptII/lib/nrjavaserial-3.11.0.devel.jar:/home/travis/build/icyphy/ptII/vendors/j3d/lib/j3dcore.jar:/home/travis/build/icyphy/ptII/vendors/j3d/lib/j3dutils.jar:/home/travis/build/icyphy/ptII/vendors/j3d/lib/vecmath.jar:/home/travis/build/icyphy/ptII/ptolemy/distributed/jini/jar/jini-core.jar:/home/travis/build/icyphy/ptII/ptolemy/distributed/jini/jar/jini-ext.jar:/home/travis/build/icyphy/ptII/ptolemy/distributed/jini/jar/sun-util.jar:/home/travis/build/icyphy/ptII/lib/protobuf-java-2.4.1.jar:/home/travis/build/icyphy/ptII/lib/org.eclipse.paho.client.mqttv3.jar:/home/travis/build/icyphy/ptII/ptserver/lib/hessian-4.0.7.jar:/home/travis/build/icyphy/ptII/ptserver/lib/wmqtt.jar:/home/travis/build/icyphy/ptII/lib/mapss.jar:/home/travis/build/icyphy/ptII/ptolemy/actor/ptalon/antlr/antlr.jar:/home/travis/build/icyphy/ptII/lib/JRI.jar:/home/travis/build/icyphy/ptII/lib/commons-lang-2.6.jar:/home/travis/build/icyphy/ptII/lib/commons-logging-1.1.1.jar:/home/travis/build/icyphy/ptII/lib/sootclasses.jar:/home/travis/build/icyphy/ptII/ptolemy/actor/lib/database/mysql-connector-java-5.1.6-bin.jar:/home/travis/build/icyphy/ptII/vendors/misc/sphinx4/sphinx4-data-5prealpha.jar:/home/travis/build/icyphy/ptII/vendors/misc/sphinx4/sphinx4-core-5prealpha.jar:/home/travis/build/icyphy/ptII/lib/PDFRenderer.jar:/home/travis/build/icyphy/ptII/lib/svgSalamander.jar:/home/travis/build/icyphy/ptII/lib/rsyntaxtextarea-2.6.0-SNAPSHOT.jar:/home/travis/build/icyphy/ptII/lib/hazelcast-3.8.2.jar:/home/travis/build/icyphy/ptII/lib/jackson-annotations-2.9.0.jar:/home/travis/build/icyphy/ptII/lib/jackson-core-2.9.3.jar:/home/travis/build/icyphy/ptII/lib/jackson-databind-2.9.3.jar:/home/travis/build/icyphy/ptII/lib/netty-buffer-4.1.19.Final.jar:/home/travis/build/icyphy/ptII/lib/netty-codec-4.1.19.Final.jar:/home/travis/build/icyphy/ptII/lib/netty-codec-dns-4.1.19.Final.jar:/home/travis/build/icyphy/ptII/lib/netty-codec-http-4.1.19.Final.jar:/home/travis/build/icyphy/ptII/lib/netty-codec-http2-4.1.19.Final.jar:/home/travis/build/icyphy/ptII/lib/netty-common-4.1.19.Final.jar:/home/travis/build/icyphy/ptII/lib/netty-handler-4.1.19.Final.jar:/home/travis/build/icyphy/ptII/lib/netty-resolver-4.1.19.Final.jar:/home/travis/build/icyphy/ptII/lib/netty-resolver-dns-4.1.19.Final.jar:/home/travis/build/icyphy/ptII/lib/netty-transport-4.1.19.Final.jar:/home/travis/build/icyphy/ptII/lib/vertx-codegen-3.5.1.jar:/home/travis/build/icyphy/ptII/lib/vertx-core-3.5.2-SNAPSHOT.jar:/home/travis/build/icyphy/ptII/lib/vertx-hazelcast-3.5.1.jar:/home/travis/build/icyphy/ptII/lib/vertx-lang-js-3.5.1.jar:/home/travis/build/icyphy/ptII/lib/vertx-service-proxy-3.5.1.jar:/home/travis/build/icyphy/ptII/lib/vertx-web-3.5.1.jar:/home/travis/build/icyphy/ptII/lib/slf4j-api-1.7.13.jar:/home/travis/build/icyphy/ptII/lib/slf4j-simple-1.7.13.jar:/home/travis/build/icyphy/ptII/lib/webcam-capture-0.3.12.jar:/home/travis/build/icyphy/ptII/lib/bridj-0.7.0.jar:/home/travis/build/icyphy/ptII/lib/xbjlib-1.1.0.nrjavaserial.jar:/home/travis/build/icyphy/ptII/ptolemy/moml/test:/home/travis/build/icyphy/ptII/ant/lib/ant-launcher.jar:/home/travis/build/icyphy/ptII/ant/lib/ant.jar:/home/travis/build/icyphy/ptII/ant/lib/ant-junit.jar:/home/travis/build/icyphy/ptII/ant/lib/ant-junit4.jar" />
    <property name="ant.library.dir" value="/home/travis/build/icyphy/ptII/ant/lib" />
    <property name="os.arch" value="amd64" />
    <property name="env.TRAVIS_LANGUAGE" value="node_js" />
    <property name="env.CONTINUOUS_INTEGRATION" value="true" />
    <property name="env.TRAVIS_STACK_LANGUAGES" value="__garnet__ c c++ clojure cplusplus cpp default go groovy java node_js php pure_java python ruby scala" />
    <property name="test.name" value="ptolemy.actor.lib.test.junit.JUnitTclTest" />
    <property name="sun.java.launcher" value="SUN_STANDARD" />
    <property name="env.PYTHON_CONFIGURE_OPTS" value="--enable-unicode=ucs4 --with-wide-unicode --enable-shared --enable-ipv6 --enable-loadable-sqlite-extensions --with-computed-gotos" />
    <property name="ant.core.lib" value="/home/travis/build/icyphy/ptII/ant/lib/ant.jar" />
    <property name="java.vm.specification.vendor" value="Oracle Corporation" />
    <property name="env.BCVTB_HOME" value="/home/travis/build/icyphy/ptII/lbnl" />
    <property name="file.separator" value="/" />
    <property name="java.runtime.version" value="1.8.0_151-b12" />
    <property name="spotbugs.home" value="/home/travis/build/icyphy/ptII/vendors/spotbugs-3.1.1" />
    <property name="sun.boot.class.path" value="/usr/lib/jvm/java-8-oracle/jre/lib/resources.jar:/usr/lib/jvm/java-8-oracle/jre/lib/rt.jar:/usr/lib/jvm/java-8-oracle/jre/lib/sunrsasign.jar:/usr/lib/jvm/java-8-oracle/jre/lib/jsse.jar:/usr/lib/jvm/java-8-oracle/jre/lib/jce.jar:/usr/lib/jvm/java-8-oracle/jre/lib/charsets.jar:/usr/lib/jvm/java-8-oracle/jre/lib/jfr.jar:/usr/lib/jvm/java-8-oracle/jre/classes" />
    <property name="env.ANSI_CLEAR" value="\033[0K" />
    <property name="env.HAS_JOSH_K_SEAL_OF_APPROVAL" value="true" />
    <property name="env.TRAVIS_OSX_IMAGE" value="" />
    <property name="env.XDG_RUNTIME_DIR" value="/run/user/2000" />
    <property name="env.TRAVIS_JOB_ID" value="427483637" />
    <property name="env.TRAVIS_BRANCH" value="master" />
    <property name="user.country" value="US" />
    <property name="env.CERTI_HOME_TRAVIS" value="/home/travis/pthla/certi-tools" />
    <property name="env.SHELL" value="/bin/bash" />
    <property name="model" value="" />
    <property name="java.maxmemory.large" value="5000m" />
    <property name="env.CASHER_DIR" value="/home/travis/.casher" />
    <property name="env.NVM_CD_FLAGS" value="" />
    <property name="jshint.executable" value="/home/travis/node_modules/jshint/bin/jshint" />
    <property name="env.JRUBY_OPTS" value=" --client -J-XX:+TieredCompilation -J-XX:TieredStopAtLevel=1 -J-Xss2m -Xcompile.invokedynamic=false" />
    <property name="java.vendor" value="Oracle Corporation" />
    <property name="env.TRAVIS_PRE_CHEF_BOOTSTRAP_TIME" value="2017-12-05T19:32:55" />
    <property name="env.TRAVIS_STACK_JOB_BOARD_REGISTER" value="/.job-board-register.yml" />
    <property name="env.ELIXIR_VERSION" value="1.4.5" />
    <property name="env.ANSI_RED" value="\033[31;1m" />
    <property name="java.specification.version" value="1.8" />
    <property name="env.TRAVIS" value="true" />
    <property name="env.IRBRC" value="/home/travis/.rvm/rubies/ruby-2.4.1/.irbrc" />
    <property name="sun.arch.data.model" value="64" />
  </properties>
  <testcase classname="ptolemy.util.test.junit.TclTests" name="[0] /home/travis/build/icyphy/ptII/ptolemy/actor/lib/test/AbsoluteValue.tcl (RunTclFile)" time="0.487" />
  <testcase classname="ptolemy.util.test.junit.TclTests" name="[1] /home/travis/build/icyphy/ptII/ptolemy/actor/lib/test/AddSubtract.tcl (RunTclFile)" time="0.101" />
  <testcase classname="ptolemy.util.test.junit.TclTests" name="[2] /home/travis/build/icyphy/ptII/ptolemy/actor/lib/test/Average.tcl (RunTclFile)" time="0.073" />
  <testcase classname="ptolemy.util.test.junit.TclTests" name="[3] /home/travis/build/icyphy/ptII/ptolemy/actor/lib/test/Bernoulli.tcl (RunTclFile)" time="0.043" />
  <testcase classname="ptolemy.util.test.junit.TclTests" name="[4] /home/travis/build/icyphy/ptII/ptolemy/actor/lib/test/Clock.tcl (RunTclFile)" time="0.07" />
  <testcase classname="ptolemy.util.test.junit.TclTests" name="[5] /home/travis/build/icyphy/ptII/ptolemy/actor/lib/test/Commutator.tcl (RunTclFile)" time="0.126" />
  <testcase classname="ptolemy.util.test.junit.TclTests" name="[6] /home/travis/build/icyphy/ptII/ptolemy/actor/lib/test/Const.tcl (RunTclFile)" time="0.147" />
  <testcase classname="ptolemy.util.test.junit.TclTests" name="[7] /home/travis/build/icyphy/ptII/ptolemy/actor/lib/test/CurrentTime.tcl (RunTclFile)" time="0.032" />
  <testcase classname="ptolemy.util.test.junit.TclTests" name="[8] /home/travis/build/icyphy/ptII/ptolemy/actor/lib/test/DB.tcl (RunTclFile)" time="0.035" />
  <testcase classname="ptolemy.util.test.junit.TclTests" name="[9] /home/travis/build/icyphy/ptII/ptolemy/actor/lib/test/DiscreteRandomSource.tcl (RunTclFile)" time="0.042" />
  <testcase classname="ptolemy.util.test.junit.TclTests" name="[10] /home/travis/build/icyphy/ptII/ptolemy/actor/lib/test/Distributor.tcl (RunTclFile)" time="0.038" />
  <testcase classname="ptolemy.util.test.junit.TclTests" name="[11] /home/travis/build/icyphy/ptII/ptolemy/actor/lib/test/Exit.tcl (RunTclFile)" time="0.041" />
  <testcase classname="ptolemy.util.test.junit.TclTests" name="[12] /home/travis/build/icyphy/ptII/ptolemy/actor/lib/test/Expression.tcl (RunTclFile)" time="0.107" />
  <testcase classname="ptolemy.util.test.junit.TclTests" name="[13] /home/travis/build/icyphy/ptII/ptolemy/actor/lib/test/Gaussian.tcl (RunTclFile)" time="0.154" />
  <testcase classname="ptolemy.util.test.junit.TclTests" name="[14] /home/travis/build/icyphy/ptII/ptolemy/actor/lib/test/IIR.tcl (RunTclFile)" time="0.041" />
  <testcase classname="ptolemy.util.test.junit.TclTests" name="[15] /home/travis/build/icyphy/ptII/ptolemy/actor/lib/test/Interpolator.tcl (RunTclFile)" time="0.118" />
  <testcase classname="ptolemy.util.test.junit.TclTests" name="[16] /home/travis/build/icyphy/ptII/ptolemy/actor/lib/test/MathFunction.tcl (RunTclFile)" time="0.098" />
  <testcase classname="ptolemy.util.test.junit.TclTests" name="[17] /home/travis/build/icyphy/ptII/ptolemy/actor/lib/test/Maximum.tcl (RunTclFile)" time="0.039" />
  <testcase classname="ptolemy.util.test.junit.TclTests" name="[18] /home/travis/build/icyphy/ptII/ptolemy/actor/lib/test/Minimum.tcl (RunTclFile)" time="0.035" />
  <testcase classname="ptolemy.util.test.junit.TclTests" name="[19] /home/travis/build/icyphy/ptII/ptolemy/actor/lib/test/MultiplyDivide.tcl (RunTclFile)" time="0.038" />
  <testcase classname="ptolemy.util.test.junit.TclTests" name="[20] /home/travis/build/icyphy/ptII/ptolemy/actor/lib/test/OrderedMerge.tcl (RunTclFile)" time="0.084" />
  <testcase classname="ptolemy.util.test.junit.TclTests" name="[21] /home/travis/build/icyphy/ptII/ptolemy/actor/lib/test/Publisher.tcl (RunTclFile)" time="0.565" />
  <testcase classname="ptolemy.util.test.junit.TclTests" name="[22] /home/travis/build/icyphy/ptII/ptolemy/actor/lib/test/Pulse.tcl (RunTclFile)" time="0.072" />
  <testcase classname="ptolemy.util.test.junit.TclTests" name="[23] /home/travis/build/icyphy/ptII/ptolemy/actor/lib/test/Ramp.tcl (RunTclFile)" time="2.23" />
  <testcase classname="ptolemy.util.test.junit.TclTests" name="[24] /home/travis/build/icyphy/ptII/ptolemy/actor/lib/test/RampContinuous.tcl (RunTclFile)" time="0.017" />
  <testcase classname="ptolemy.util.test.junit.TclTests" name="[25] /home/travis/build/icyphy/ptII/ptolemy/actor/lib/test/RecordAssembler.tcl (RunTclFile)" time="0.015" />
  <testcase classname="ptolemy.util.test.junit.TclTests" name="[26] /home/travis/build/icyphy/ptII/ptolemy/actor/lib/test/RecordDisassembler.tcl (RunTclFile)" time="0.041" />
  <testcase classname="ptolemy.util.test.junit.TclTests" name="[27] /home/travis/build/icyphy/ptII/ptolemy/actor/lib/test/Scale.tcl (RunTclFile)" time="0.053" />
  <testcase classname="ptolemy.util.test.junit.TclTests" name="[28] /home/travis/build/icyphy/ptII/ptolemy/actor/lib/test/SequentialClock.tcl (RunTclFile)" time="0.016" />
  <testcase classname="ptolemy.util.test.junit.TclTests" name="[29] /home/travis/build/icyphy/ptII/ptolemy/actor/lib/test/SetVariable.tcl (RunTclFile)" time="0.014" />
  <testcase classname="ptolemy.util.test.junit.TclTests" name="[30] /home/travis/build/icyphy/ptII/ptolemy/actor/lib/test/Sinewave.tcl (RunTclFile)" time="0.058" />
  <testcase classname="ptolemy.util.test.junit.TclTests" name="[31] /home/travis/build/icyphy/ptII/ptolemy/actor/lib/test/SubscriptionAggregator.tcl (RunTclFile)" time="2.086" />
  <testcase classname="ptolemy.util.test.junit.TclTests" name="[32] /home/travis/build/icyphy/ptII/ptolemy/actor/lib/test/Test.tcl (RunTclFile)" time="0.109" />
  <testcase classname="ptolemy.util.test.junit.TclTests" name="[33] /home/travis/build/icyphy/ptII/ptolemy/actor/lib/test/TestExceptionHandler.tcl (RunTclFile)" time="0.012" />
  <testcase classname="ptolemy.util.test.junit.TclTests" name="[34] /home/travis/build/icyphy/ptII/ptolemy/actor/lib/test/UnionDisassembler.tcl (RunTclFile)" time="0.067" />
  <testcase classname="ptolemy.util.test.junit.TclTests" name="[35] /home/travis/build/icyphy/ptII/ptolemy/actor/lib/test/VariableClock.tcl (RunTclFile)" time="0.017" />
  <testcase classname="ptolemy.util.test.junit.AutoKnownFailedTests" name="[0] /home/travis/build/icyphy/ptII/ptolemy/actor/lib/test/auto/knownFailedTests/PublisherPortToplevelSubscriber.xml (RunModel)" time="0.011" />
  <testcase classname="ptolemy.util.test.junit.AutoKnownFailedTests" name="[1] /home/travis/build/icyphy/ptII/ptolemy/actor/lib/test/auto/knownFailedTests/PublisherSubscriberPortToplevel.xml (RunModel)" time="0.011" />
  <testcase classname="ptolemy.util.test.junit.AutoKnownFailedTests" name="[2] /home/travis/build/icyphy/ptII/ptolemy/actor/lib/test/auto/knownFailedTests/PublisherSubscriptionAggregatorPort.xml (RunModel)" time="0.013" />
  <testcase classname="ptolemy.util.test.junit.AutoKnownFailedTests" name="[3] /home/travis/build/icyphy/ptII/ptolemy/actor/lib/test/auto/knownFailedTests/sizedarray3.xml (RunModel)" time="0.021" />
  <testcase classname="ptolemy.util.test.junit.AutoNameArchTests" name="[0] ThereAreNoAutoArchTests (RunModel)" time="0.002" />
  <testcase classname="ptolemy.util.test.junit.AutoTests" name="[0] /home/travis/build/icyphy/ptII/ptolemy/actor/lib/test/auto/AbsoluteValue.xml (RunModel)" time="0.062" />
  <testcase classname="ptolemy.util.test.junit.AutoTests" name="[1] /home/travis/build/icyphy/ptII/ptolemy/actor/lib/test/auto/AbsoluteValue2.xml (RunModel)" time="0.051" />
  <testcase classname="ptolemy.util.test.junit.AutoTests" name="[2] /home/travis/build/icyphy/ptII/ptolemy/actor/lib/test/auto/Accumulator.xml (RunModel)" time="0.034" />
  <testcase classname="ptolemy.util.test.junit.AutoTests" name="[3] /home/travis/build/icyphy/ptII/ptolemy/actor/lib/test/auto/Accumulator2.xml (RunModel)" time="0.025" />
  <testcase classname="ptolemy.util.test.junit.AutoTests" name="[4] /home/travis/build/icyphy/ptII/ptolemy/actor/lib/test/auto/Accumulator3.xml (RunModel)" time="0.045" />
  <testcase classname="ptolemy.util.test.junit.AutoTests" name="[5] /home/travis/build/icyphy/ptII/ptolemy/actor/lib/test/auto/ArrayAppend.xml (RunModel)" time="0.078" />
  <testcase classname="ptolemy.util.test.junit.AutoTests" name="[6] /home/travis/build/icyphy/ptII/ptolemy/actor/lib/test/auto/ArrayAppend2.xml (RunModel)" time="0.551" />
  <testcase classname="ptolemy.util.test.junit.AutoTests" name="[7] /home/travis/build/icyphy/ptII/ptolemy/actor/lib/test/auto/ArrayAppend3.xml (RunModel)" time="0.038" />
  <testcase classname="ptolemy.util.test.junit.AutoTests" name="[8] /home/travis/build/icyphy/ptII/ptolemy/actor/lib/test/auto/ArrayAppend4.xml (RunModel)" time="0.036" />
  <testcase classname="ptolemy.util.test.junit.AutoTests" name="[9] /home/travis/build/icyphy/ptII/ptolemy/actor/lib/test/auto/ArrayAppend5.xml (RunModel)" time="0.071" />
  <testcase classname="ptolemy.util.test.junit.AutoTests" name="[10] /home/travis/build/icyphy/ptII/ptolemy/actor/lib/test/auto/ArrayAppend6.xml (RunModel)" time="0.027" />
  <testcase classname="ptolemy.util.test.junit.AutoTests" name="[11] /home/travis/build/icyphy/ptII/ptolemy/actor/lib/test/auto/ArrayAppendPerformanceTest.xml (RunModel)" time="0.06" />
  <testcase classname="ptolemy.util.test.junit.AutoTests" name="[12] /home/travis/build/icyphy/ptII/ptolemy/actor/lib/test/auto/ArrayAppendWithEmptyInput.xml (RunModel)" time="0.039" />
  <testcase classname="ptolemy.util.test.junit.AutoTests" name="[13] /home/travis/build/icyphy/ptII/ptolemy/actor/lib/test/auto/ArrayAverage.xml (RunModel)" time="0.04" />
  <testcase classname="ptolemy.util.test.junit.AutoTests" name="[14] /home/travis/build/icyphy/ptII/ptolemy/actor/lib/test/auto/ArrayContains.xml (RunModel)" time="0.028" />
  <testcase classname="ptolemy.util.test.junit.AutoTests" name="[15] /home/travis/build/icyphy/ptII/ptolemy/actor/lib/test/auto/ArrayElement.xml (RunModel)" time="0.039" />
  <testcase classname="ptolemy.util.test.junit.AutoTests" name="[16] /home/travis/build/icyphy/ptII/ptolemy/actor/lib/test/auto/ArrayElementAsMatrix.xml (RunModel)" time="0.061" />
  <testcase classname="ptolemy.util.test.junit.AutoTests" name="[17] /home/travis/build/icyphy/ptII/ptolemy/actor/lib/test/auto/ArrayElementI.xml (RunModel)" time="0.028" />
  <testcase classname="ptolemy.util.test.junit.AutoTests" name="[18] /home/travis/build/icyphy/ptII/ptolemy/actor/lib/test/auto/ArrayExtract.xml (RunModel)" time="0.03" />
  <testcase classname="ptolemy.util.test.junit.AutoTests" name="[19] /home/travis/build/icyphy/ptII/ptolemy/actor/lib/test/auto/ArrayExtract2.xml (RunModel)" time="0.022" />
  <testcase classname="ptolemy.util.test.junit.AutoTests" name="[20] /home/travis/build/icyphy/ptII/ptolemy/actor/lib/test/auto/ArrayLength.xml (RunModel)" time="0.032" />
  <testcase classname="ptolemy.util.test.junit.AutoTests" name="[21] /home/travis/build/icyphy/ptII/ptolemy/actor/lib/test/auto/ArrayLevelCrossing.xml (RunModel)" time="0.031" />
  <testcase classname="ptolemy.util.test.junit.AutoTests" name="[22] /home/travis/build/icyphy/ptII/ptolemy/actor/lib/test/auto/ArrayLevelCrossing2.xml (RunModel)" time="0.026" />
  <testcase classname="ptolemy.util.test.junit.AutoTests" name="[23] /home/travis/build/icyphy/ptII/ptolemy/actor/lib/test/auto/ArrayPeakSearch.xml (RunModel)" time="0.056" />
  <testcase classname="ptolemy.util.test.junit.AutoTests" name="[24] /home/travis/build/icyphy/ptII/ptolemy/actor/lib/test/auto/ArrayPeakSearch2.xml (RunModel)" time="0.045" />
  <testcase classname="ptolemy.util.test.junit.AutoTests" name="[25] /home/travis/build/icyphy/ptII/ptolemy/actor/lib/test/auto/ArrayPeakSearch3.xml (RunModel)" time="0.042" />
  <testcase classname="ptolemy.util.test.junit.AutoTests" name="[26] /home/travis/build/icyphy/ptII/ptolemy/actor/lib/test/auto/ArrayRemoveElement.xml (RunModel)" time="0.032" />
  <testcase classname="ptolemy.util.test.junit.AutoTests" name="[27] /home/travis/build/icyphy/ptII/ptolemy/actor/lib/test/auto/ArraySort.xml (RunModel)" time="0.043" />
  <testcase classname="ptolemy.util.test.junit.AutoTests" name="[28] /home/travis/build/icyphy/ptII/ptolemy/actor/lib/test/auto/ArraySum.xml (RunModel)" time="0.02" />
  <testcase classname="ptolemy.util.test.junit.AutoTests" name="[29] /home/travis/build/icyphy/ptII/ptolemy/actor/lib/test/auto/ArrayToElements.xml (RunModel)" time="0.027" />
  <testcase classname="ptolemy.util.test.junit.AutoTests" name="[30] /home/travis/build/icyphy/ptII/ptolemy/actor/lib/test/auto/ArrayToMatrix.xml (RunModel)" time="0.073" />
  <testcase classname="ptolemy.util.test.junit.AutoTests" name="[31] /home/travis/build/icyphy/ptII/ptolemy/actor/lib/test/auto/ArrayUpdate1.xml (RunModel)" time="0.016" />
  <testcase classname="ptolemy.util.test.junit.AutoTests" name="[32] /home/travis/build/icyphy/ptII/ptolemy/actor/lib/test/auto/ArrayUpdate2.xml (RunModel)" time="0.022" />
  <testcase classname="ptolemy.util.test.junit.AutoTests" name="[33] /home/travis/build/icyphy/ptII/ptolemy/actor/lib/test/auto/ArrayUpdate3.xml (RunModel)" time="0.013" />
  <testcase classname="ptolemy.util.test.junit.AutoTests" name="[34] /home/travis/build/icyphy/ptII/ptolemy/actor/lib/test/auto/Assert1.xml (RunModel)" time="0.023" />
  <testcase classname="ptolemy.util.test.junit.AutoTests" name="[35] /home/travis/build/icyphy/ptII/ptolemy/actor/lib/test/auto/Assert2.xml (RunModel)" time="0.022" />
  <testcase classname="ptolemy.util.test.junit.AutoTests" name="[36] /home/travis/build/icyphy/ptII/ptolemy/actor/lib/test/auto/BooleanMultiplexor.xml (RunModel)" time="0.023" />
  <testcase classname="ptolemy.util.test.junit.AutoTests" name="[37] /home/travis/build/icyphy/ptII/ptolemy/actor/lib/test/auto/BooleanMultiplexor2.xml (RunModel)" time="0.03" />
  <testcase classname="ptolemy.util.test.junit.AutoTests" name="[38] /home/travis/build/icyphy/ptII/ptolemy/actor/lib/test/auto/BooleanMultiplexor3.xml (RunModel)" time="0.011" />
  <testcase classname="ptolemy.util.test.junit.AutoTests" name="[39] /home/travis/build/icyphy/ptII/ptolemy/actor/lib/test/auto/BooleanSelect.xml (RunModel)" time="0.027" />
  <testcase classname="ptolemy.util.test.junit.AutoTests" name="[40] /home/travis/build/icyphy/ptII/ptolemy/actor/lib/test/auto/BooleanSelect2.xml (RunModel)" time="0.043" />
  <testcase classname="ptolemy.util.test.junit.AutoTests" name="[41] /home/travis/build/icyphy/ptII/ptolemy/actor/lib/test/auto/BooleanSwitch.xml (RunModel)" time="0.022" />
  <testcase classname="ptolemy.util.test.junit.AutoTests" name="[42] /home/travis/build/icyphy/ptII/ptolemy/actor/lib/test/auto/BooleanSwitch2.xml (RunModel)" time="0.015" />
  <testcase classname="ptolemy.util.test.junit.AutoTests" name="[43] /home/travis/build/icyphy/ptII/ptolemy/actor/lib/test/auto/BooleanSwitchCloningBugWithClassRelationGroup.xml (RunModel)" time="0.028" />
  <testcase classname="ptolemy.util.test.junit.AutoTests" name="[44] /home/travis/build/icyphy/ptII/ptolemy/actor/lib/test/auto/BusActors.xml (RunModel)" time="0.028" />
  <testcase classname="ptolemy.util.test.junit.AutoTests" name="[45] /home/travis/build/icyphy/ptII/ptolemy/actor/lib/test/auto/ClassWrapper.xml (RunModel)" time="0.011" />
  <testcase classname="ptolemy.util.test.junit.AutoTests" name="[46] /home/travis/build/icyphy/ptII/ptolemy/actor/lib/test/auto/Clock.xml (RunModel)" time="0.009" />
  <testcase classname="ptolemy.util.test.junit.AutoTests" name="[47] /home/travis/build/icyphy/ptII/ptolemy/actor/lib/test/auto/Clock10.xml (RunModel)" time="0.014" />
  <testcase classname="ptolemy.util.test.junit.AutoTests" name="[48] /home/travis/build/icyphy/ptII/ptolemy/actor/lib/test/auto/Clock11.xml (RunModel)" time="0.013" />
  <testcase classname="ptolemy.util.test.junit.AutoTests" name="[49] /home/travis/build/icyphy/ptII/ptolemy/actor/lib/test/auto/Clock12.xml (RunModel)" time="0.013" />
  <testcase classname="ptolemy.util.test.junit.AutoTests" name="[50] /home/travis/build/icyphy/ptII/ptolemy/actor/lib/test/auto/Clock13.xml (RunModel)" time="0.017" />
  <testcase classname="ptolemy.util.test.junit.AutoTests" name="[51] /home/travis/build/icyphy/ptII/ptolemy/actor/lib/test/auto/Clock14.xml (RunModel)" time="0.018" />
  <testcase classname="ptolemy.util.test.junit.AutoTests" name="[52] /home/travis/build/icyphy/ptII/ptolemy/actor/lib/test/auto/Clock15.xml (RunModel)" time="0.014" />
  <testcase classname="ptolemy.util.test.junit.AutoTests" name="[53] /home/travis/build/icyphy/ptII/ptolemy/actor/lib/test/auto/Clock16.xml (RunModel)" time="0.078" />
  <testcase classname="ptolemy.util.test.junit.AutoTests" name="[54] /home/travis/build/icyphy/ptII/ptolemy/actor/lib/test/auto/Clock17.xml (RunModel)" time="0.039" />
  <testcase classname="ptolemy.util.test.junit.AutoTests" name="[55] /home/travis/build/icyphy/ptII/ptolemy/actor/lib/test/auto/Clock18.xml (RunModel)" time="0.061" />
  <testcase classname="ptolemy.util.test.junit.AutoTests" name="[56] /home/travis/build/icyphy/ptII/ptolemy/actor/lib/test/auto/Clock19.xml (RunModel)" time="0.046" />
  <testcase classname="ptolemy.util.test.junit.AutoTests" name="[57] /home/travis/build/icyphy/ptII/ptolemy/actor/lib/test/auto/Clock2.xml (RunModel)" time="0.014" />
  <testcase classname="ptolemy.util.test.junit.AutoTests" name="[58] /home/travis/build/icyphy/ptII/ptolemy/actor/lib/test/auto/Clock20.xml (RunModel)" time="0.021" />
  <testcase classname="ptolemy.util.test.junit.AutoTests" name="[59] /home/travis/build/icyphy/ptII/ptolemy/actor/lib/test/auto/Clock21.xml (RunModel)" time="0.012" />
  <testcase classname="ptolemy.util.test.junit.AutoTests" name="[60] /home/travis/build/icyphy/ptII/ptolemy/actor/lib/test/auto/Clock22.xml (RunModel)" time="0.012" />
  <testcase classname="ptolemy.util.test.junit.AutoTests" name="[61] /home/travis/build/icyphy/ptII/ptolemy/actor/lib/test/auto/Clock23.xml (RunModel)" time="0.019" />
  <testcase classname="ptolemy.util.test.junit.AutoTests" name="[62] /home/travis/build/icyphy/ptII/ptolemy/actor/lib/test/auto/Clock24.xml (RunModel)" time="0.021" />
  <testcase classname="ptolemy.util.test.junit.AutoTests" name="[63] /home/travis/build/icyphy/ptII/ptolemy/actor/lib/test/auto/Clock4.xml (RunModel)" time="0.014" />
  <testcase classname="ptolemy.util.test.junit.AutoTests" name="[64] /home/travis/build/icyphy/ptII/ptolemy/actor/lib/test/auto/Clock5.xml (RunModel)" time="0.014" />
  <testcase classname="ptolemy.util.test.junit.AutoTests" name="[65] /home/travis/build/icyphy/ptII/ptolemy/actor/lib/test/auto/Clock6.xml (RunModel)" time="0.01" />
  <testcase classname="ptolemy.util.test.junit.AutoTests" name="[66] /home/travis/build/icyphy/ptII/ptolemy/actor/lib/test/auto/Clock7.xml (RunModel)" time="0.011" />
  <testcase classname="ptolemy.util.test.junit.AutoTests" name="[67] /home/travis/build/icyphy/ptII/ptolemy/actor/lib/test/auto/Clock8.xml (RunModel)" time="0.018" />
  <testcase classname="ptolemy.util.test.junit.AutoTests" name="[68] /home/travis/build/icyphy/ptII/ptolemy/actor/lib/test/auto/Clock9.xml (RunModel)" time="0.016" />
  <testcase classname="ptolemy.util.test.junit.AutoTests" name="[69] /home/travis/build/icyphy/ptII/ptolemy/actor/lib/test/auto/CommDistDiscard.xml (RunModel)" time="0.021" />
  <testcase classname="ptolemy.util.test.junit.AutoTests" name="[70] /home/travis/build/icyphy/ptII/ptolemy/actor/lib/test/auto/Commutator.xml (RunModel)" time="0.013" />
  <testcase classname="ptolemy.util.test.junit.AutoTests" name="[71] /home/travis/build/icyphy/ptII/ptolemy/actor/lib/test/auto/Commutator2.xml (RunModel)" time="0.013" />
  <testcase classname="ptolemy.util.test.junit.AutoTests" name="[72] /home/travis/build/icyphy/ptII/ptolemy/actor/lib/test/auto/Commutator3.xml (RunModel)" time="0.013" />
  <testcase classname="ptolemy.util.test.junit.AutoTests" name="[73] /home/travis/build/icyphy/ptII/ptolemy/actor/lib/test/auto/Compare.xml (RunModel)" time="0.021" />
  <testcase classname="ptolemy.util.test.junit.AutoTests" name="[74] /home/travis/build/icyphy/ptII/ptolemy/actor/lib/test/auto/CompareDE.xml (RunModel)" time="0.02" />
  <testcase classname="ptolemy.util.test.junit.AutoTests" name="[75] /home/travis/build/icyphy/ptII/ptolemy/actor/lib/test/auto/ComplexDivide.xml (RunModel)" time="0.01" />
  <testcase classname="ptolemy.util.test.junit.AutoTests" name="[76] /home/travis/build/icyphy/ptII/ptolemy/actor/lib/test/auto/ComputeHistogram.xml (RunModel)" time="0.077" />
  <testcase classname="ptolemy.util.test.junit.AutoTests" name="[77] /home/travis/build/icyphy/ptII/ptolemy/actor/lib/test/auto/ConfigurationSelect.xml (RunModel)" time="0.021" />
  <testcase classname="ptolemy.util.test.junit.AutoTests" name="[78] /home/travis/build/icyphy/ptII/ptolemy/actor/lib/test/auto/ConfigurationSelect2.xml (RunModel)" time="0.018" />
  <testcase classname="ptolemy.util.test.junit.AutoTests" name="[79] /home/travis/build/icyphy/ptII/ptolemy/actor/lib/test/auto/ConfigurationSwitch.xml (RunModel)" time="0.022" />
  <testcase classname="ptolemy.util.test.junit.AutoTests" name="[80] /home/travis/build/icyphy/ptII/ptolemy/actor/lib/test/auto/ConfigurationSwitch2.xml (RunModel)" time="0.02" />
  <testcase classname="ptolemy.util.test.junit.AutoTests" name="[81] /home/travis/build/icyphy/ptII/ptolemy/actor/lib/test/auto/ConfigurationSwitchCloningBugWithClassRelationGroup.xml (RunModel)" time="0.024" />
  <testcase classname="ptolemy.util.test.junit.AutoTests" name="[82] /home/travis/build/icyphy/ptII/ptolemy/actor/lib/test/auto/ConfigurationSwitchSelectSDF.xml (RunModel)" time="0.02" />
  <testcase classname="ptolemy.util.test.junit.AutoTests" name="[83] /home/travis/build/icyphy/ptII/ptolemy/actor/lib/test/auto/ConfigurationSwitchSelectSDF2.xml (RunModel)" time="0.015" />
  <testcase classname="ptolemy.util.test.junit.AutoTests" name="[84] /home/travis/build/icyphy/ptII/ptolemy/actor/lib/test/auto/Const.xml (RunModel)" time="0.009" />
  <testcase classname="ptolemy.util.test.junit.AutoTests" name="[85] /home/travis/build/icyphy/ptII/ptolemy/actor/lib/test/auto/Const2.xml (RunModel)" time="0.013" />
  <testcase classname="ptolemy.util.test.junit.AutoTests" name="[86] /home/travis/build/icyphy/ptII/ptolemy/actor/lib/test/auto/Const3.xml (RunModel)" time="0.007" />
  <testcase classname="ptolemy.util.test.junit.AutoTests" name="[87] /home/travis/build/icyphy/ptII/ptolemy/actor/lib/test/auto/ConstantPublisherPort1.xml (RunModel)" time="0.029" />
  <testcase classname="ptolemy.util.test.junit.AutoTests" name="[88] /home/travis/build/icyphy/ptII/ptolemy/actor/lib/test/auto/ConstantPublisherPort2.xml (RunModel)" time="0.034" />
  <testcase classname="ptolemy.util.test.junit.AutoTests" name="[89] /home/travis/build/icyphy/ptII/ptolemy/actor/lib/test/auto/ConstantPublisherPort3.xml (RunModel)" time="0.025" />
  <testcase classname="ptolemy.util.test.junit.AutoTests" name="[90] /home/travis/build/icyphy/ptII/ptolemy/actor/lib/test/auto/ConstantPublisherPort4.xml (RunModel)" time="0.022" />
  <testcase classname="ptolemy.util.test.junit.AutoTests" name="[91] /home/travis/build/icyphy/ptII/ptolemy/actor/lib/test/auto/ConstantPublisherPort5.xml (RunModel)" time="0.037" />
  <testcase classname="ptolemy.util.test.junit.AutoTests" name="[92] /home/travis/build/icyphy/ptII/ptolemy/actor/lib/test/auto/ConstantPublisherPort6.xml (RunModel)" time="0.039" />
  <testcase classname="ptolemy.util.test.junit.AutoTests" name="[93] /home/travis/build/icyphy/ptII/ptolemy/actor/lib/test/auto/ConstantPublisherPort7.xml (RunModel)" time="0.035" />
  <testcase classname="ptolemy.util.test.junit.AutoTests" name="[94] /home/travis/build/icyphy/ptII/ptolemy/actor/lib/test/auto/ConstraintMonitor1.xml (RunModel)" time="0.033" />
  <testcase classname="ptolemy.util.test.junit.AutoTests" name="[95] /home/travis/build/icyphy/ptII/ptolemy/actor/lib/test/auto/ConstraintMonitor2.xml (RunModel)" time="0.012" />
  <testcase classname="ptolemy.util.test.junit.AutoTests" name="[96] /home/travis/build/icyphy/ptII/ptolemy/actor/lib/test/auto/ConstraintMonitor3.xml (RunModel)" time="0.02" />
  <testcase classname="ptolemy.util.test.junit.AutoTests" name="[97] /home/travis/build/icyphy/ptII/ptolemy/actor/lib/test/auto/ConstraintMonitor4.xml (RunModel)" time="0.012" />
  <testcase classname="ptolemy.util.test.junit.AutoTests" name="[98] /home/travis/build/icyphy/ptII/ptolemy/actor/lib/test/auto/ConstraintMonitor5.xml (RunModel)" time="0.013" />
  <testcase classname="ptolemy.util.test.junit.AutoTests" name="[99] /home/travis/build/icyphy/ptII/ptolemy/actor/lib/test/auto/ConstraintMonitor6.xml (RunModel)" time="0.02" />
  <testcase classname="ptolemy.util.test.junit.AutoTests" name="[100] /home/travis/build/icyphy/ptII/ptolemy/actor/lib/test/auto/ConstraintMonitor7.xml (RunModel)" time="0.018" />
  <testcase classname="ptolemy.util.test.junit.AutoTests" name="[101] /home/travis/build/icyphy/ptII/ptolemy/actor/lib/test/auto/ConstraintMonitor8.xml (RunModel)" time="0.019" />
  <testcase classname="ptolemy.util.test.junit.AutoTests" name="[102] /home/travis/build/icyphy/ptII/ptolemy/actor/lib/test/auto/Counter.xml (RunModel)" time="0.013" />
  <testcase classname="ptolemy.util.test.junit.AutoTests" name="[103] /home/travis/build/icyphy/ptII/ptolemy/actor/lib/test/auto/CurrentTimeSDF.xml (RunModel)" time="0.011" />
  <testcase classname="ptolemy.util.test.junit.AutoTests" name="[104] /home/travis/build/icyphy/ptII/ptolemy/actor/lib/test/auto/DB.xml (RunModel)" time="0.014" />
  <testcase classname="ptolemy.util.test.junit.AutoTests" name="[105] /home/travis/build/icyphy/ptII/ptolemy/actor/lib/test/auto/DBDE.xml (RunModel)" time="0.015" />
  <testcase classname="ptolemy.util.test.junit.AutoTests" name="[106] /home/travis/build/icyphy/ptII/ptolemy/actor/lib/test/auto/DateConstructor.xml (RunModel)" time="0.044" />
  <testcase classname="ptolemy.util.test.junit.AutoTests" name="[107] /home/travis/build/icyphy/ptII/ptolemy/actor/lib/test/auto/DelayTime.xml (RunModel)" time="0.015" />
  <testcase classname="ptolemy.util.test.junit.AutoTests" name="[108] /home/travis/build/icyphy/ptII/ptolemy/actor/lib/test/auto/Dictionary1.xml (RunModel)" time="0.019" />
  <testcase classname="ptolemy.util.test.junit.AutoTests" name="[109] /home/travis/build/icyphy/ptII/ptolemy/actor/lib/test/auto/Dictionary2.xml (RunModel)" time="0.018" />
  <testcase classname="ptolemy.util.test.junit.AutoTests" name="[110] /home/travis/build/icyphy/ptII/ptolemy/actor/lib/test/auto/Dictionary3.xml (RunModel)" time="0.012" />
  <testcase classname="ptolemy.util.test.junit.AutoTests" name="[111] /home/travis/build/icyphy/ptII/ptolemy/actor/lib/test/auto/Dictionary4.xml (RunModel)" time="0.017" />
  <testcase classname="ptolemy.util.test.junit.AutoTests" name="[112] /home/travis/build/icyphy/ptII/ptolemy/actor/lib/test/auto/Differential.xml (RunModel)" time="0.011" />
  <testcase classname="ptolemy.util.test.junit.AutoTests" name="[113] /home/travis/build/icyphy/ptII/ptolemy/actor/lib/test/auto/Director.xml (RunModel)" time="0.01" />
  <testcase classname="ptolemy.util.test.junit.AutoTests" name="[114] /home/travis/build/icyphy/ptII/ptolemy/actor/lib/test/auto/DiscreteClock.xml (RunModel)" time="0.009" />
  <testcase classname="ptolemy.util.test.junit.AutoTests" name="[115] /home/travis/build/icyphy/ptII/ptolemy/actor/lib/test/auto/DiscreteClock10.xml (RunModel)" time="0.012" />
  <testcase classname="ptolemy.util.test.junit.AutoTests" name="[116] /home/travis/build/icyphy/ptII/ptolemy/actor/lib/test/auto/DiscreteClock11.xml (RunModel)" time="0.012" />
  <testcase classname="ptolemy.util.test.junit.AutoTests" name="[117] /home/travis/build/icyphy/ptII/ptolemy/actor/lib/test/auto/DiscreteClock12.xml (RunModel)" time="0.011" />
  <testcase classname="ptolemy.util.test.junit.AutoTests" name="[118] /home/travis/build/icyphy/ptII/ptolemy/actor/lib/test/auto/DiscreteClock13.xml (RunModel)" time="0.017" />
  <testcase classname="ptolemy.util.test.junit.AutoTests" name="[119] /home/travis/build/icyphy/ptII/ptolemy/actor/lib/test/auto/DiscreteClock14.xml (RunModel)" time="0.016" />
  <testcase classname="ptolemy.util.test.junit.AutoTests" name="[120] /home/travis/build/icyphy/ptII/ptolemy/actor/lib/test/auto/DiscreteClock15.xml (RunModel)" time="0.016" />
  <testcase classname="ptolemy.util.test.junit.AutoTests" name="[121] /home/travis/build/icyphy/ptII/ptolemy/actor/lib/test/auto/DiscreteClock16.xml (RunModel)" time="0.04" />
  <testcase classname="ptolemy.util.test.junit.AutoTests" name="[122] /home/travis/build/icyphy/ptII/ptolemy/actor/lib/test/auto/DiscreteClock17.xml (RunModel)" time="0.041" />
  <testcase classname="ptolemy.util.test.junit.AutoTests" name="[123] /home/travis/build/icyphy/ptII/ptolemy/actor/lib/test/auto/DiscreteClock18.xml (RunModel)" time="0.036" />
  <testcase classname="ptolemy.util.test.junit.AutoTests" name="[124] /home/travis/build/icyphy/ptII/ptolemy/actor/lib/test/auto/DiscreteClock19.xml (RunModel)" time="0.039" />
  <testcase classname="ptolemy.util.test.junit.AutoTests" name="[125] /home/travis/build/icyphy/ptII/ptolemy/actor/lib/test/auto/DiscreteClock2.xml (RunModel)" time="0.013" />
  <testcase classname="ptolemy.util.test.junit.AutoTests" name="[126] /home/travis/build/icyphy/ptII/ptolemy/actor/lib/test/auto/DiscreteClock20.xml (RunModel)" time="0.019" />
  <testcase classname="ptolemy.util.test.junit.AutoTests" name="[127] /home/travis/build/icyphy/ptII/ptolemy/actor/lib/test/auto/DiscreteClock21.xml (RunModel)" time="0.031" />
  <testcase classname="ptolemy.util.test.junit.AutoTests" name="[128] /home/travis/build/icyphy/ptII/ptolemy/actor/lib/test/auto/DiscreteClock22.xml (RunModel)" time="0.022" />
  <testcase classname="ptolemy.util.test.junit.AutoTests" name="[129] /home/travis/build/icyphy/ptII/ptolemy/actor/lib/test/auto/DiscreteClock23.xml (RunModel)" time="0.029" />
  <testcase classname="ptolemy.util.test.junit.AutoTests" name="[130] /home/travis/build/icyphy/ptII/ptolemy/actor/lib/test/auto/DiscreteClock24.xml (RunModel)" time="0.653" />
  <testcase classname="ptolemy.util.test.junit.AutoTests" name="[131] /home/travis/build/icyphy/ptII/ptolemy/actor/lib/test/auto/DiscreteClock4.xml (RunModel)" time="0.013" />
  <testcase classname="ptolemy.util.test.junit.AutoTests" name="[132] /home/travis/build/icyphy/ptII/ptolemy/actor/lib/test/auto/DiscreteClock5.xml (RunModel)" time="0.011" />
  <testcase classname="ptolemy.util.test.junit.AutoTests" name="[133] /home/travis/build/icyphy/ptII/ptolemy/actor/lib/test/auto/DiscreteClock6.xml (RunModel)" time="0.007" />
  <testcase classname="ptolemy.util.test.junit.AutoTests" name="[134] /home/travis/build/icyphy/ptII/ptolemy/actor/lib/test/auto/DiscreteClock7.xml (RunModel)" time="0.012" />
  <testcase classname="ptolemy.util.test.junit.AutoTests" name="[135] /home/travis/build/icyphy/ptII/ptolemy/actor/lib/test/auto/DiscreteClock8.xml (RunModel)" time="0.011" />
  <testcase classname="ptolemy.util.test.junit.AutoTests" name="[136] /home/travis/build/icyphy/ptII/ptolemy/actor/lib/test/auto/DiscreteClock9.xml (RunModel)" time="0.015" />
  <testcase classname="ptolemy.util.test.junit.AutoTests" name="[137] /home/travis/build/icyphy/ptII/ptolemy/actor/lib/test/auto/DisplayArray.xml (RunModel)" time="0.02" />
  <testcase classname="ptolemy.util.test.junit.AutoTests" name="[138] /home/travis/build/icyphy/ptII/ptolemy/actor/lib/test/auto/Distributor.xml (RunModel)" time="0.009" />
  <testcase classname="ptolemy.util.test.junit.AutoTests" name="[139] /home/travis/build/icyphy/ptII/ptolemy/actor/lib/test/auto/Distributor2.xml (RunModel)" time="0.011" />
  <testcase classname="ptolemy.util.test.junit.AutoTests" name="[140] /home/travis/build/icyphy/ptII/ptolemy/actor/lib/test/auto/DownSample.xml (RunModel)" time="0.012" />
  <testcase classname="ptolemy.util.test.junit.AutoTests" name="[141] /home/travis/build/icyphy/ptII/ptolemy/actor/lib/test/auto/ElectronicUnitBase1.xml (RunModel)" time="0.086" />
  <testcase classname="ptolemy.util.test.junit.AutoTests" name="[142] /home/travis/build/icyphy/ptII/ptolemy/actor/lib/test/auto/ElementsToArray.xml (RunModel)" time="0.01" />
  <testcase classname="ptolemy.util.test.junit.AutoTests" name="[143] /home/travis/build/icyphy/ptII/ptolemy/actor/lib/test/auto/Equals.xml (RunModel)" time="0.014" />
  <testcase classname="ptolemy.util.test.junit.AutoTests" name="[144] /home/travis/build/icyphy/ptII/ptolemy/actor/lib/test/auto/Exec.xml (RunModel)" time="0.016" />
  <testcase classname="ptolemy.util.test.junit.AutoTests" name="[145] /home/travis/build/icyphy/ptII/ptolemy/actor/lib/test/auto/ExecEnvironment.xml (RunModel)" time="0.051" />
  <testcase classname="ptolemy.util.test.junit.AutoTests" name="[146] /home/travis/build/icyphy/ptII/ptolemy/actor/lib/test/auto/ExecNonZeroReturnOutput.xml (RunModel)" time="0.148" />
  <testcase classname="ptolemy.util.test.junit.AutoTests" name="[147] /home/travis/build/icyphy/ptII/ptolemy/actor/lib/test/auto/ExecRunDemos.xml (RunModel)" time="9.727" />
  <testcase classname="ptolemy.util.test.junit.AutoTests" name="[148] /home/travis/build/icyphy/ptII/ptolemy/actor/lib/test/auto/ExecStop.xml (RunModel)" time="5.044" />
  <testcase classname="ptolemy.util.test.junit.AutoTests" name="[149] /home/travis/build/icyphy/ptII/ptolemy/actor/lib/test/auto/ExecutionTimeSDF.xml (RunModel)" time="6.03" />
  <testcase classname="ptolemy.util.test.junit.AutoTests" name="[150] /home/travis/build/icyphy/ptII/ptolemy/actor/lib/test/auto/Expression1.xml (RunModel)" time="0.009" />
  <testcase classname="ptolemy.util.test.junit.AutoTests" name="[151] /home/travis/build/icyphy/ptII/ptolemy/actor/lib/test/auto/Expression10.xml (RunModel)" time="0.015" />
  <testcase classname="ptolemy.util.test.junit.AutoTests" name="[152] /home/travis/build/icyphy/ptII/ptolemy/actor/lib/test/auto/Expression11.xml (RunModel)" time="0.013" />
  <testcase classname="ptolemy.util.test.junit.AutoTests" name="[153] /home/travis/build/icyphy/ptII/ptolemy/actor/lib/test/auto/Expression12.xml (RunModel)" time="0.014" />
  <testcase classname="ptolemy.util.test.junit.AutoTests" name="[154] /home/travis/build/icyphy/ptII/ptolemy/actor/lib/test/auto/Expression13.xml (RunModel)" time="0.013" />
  <testcase classname="ptolemy.util.test.junit.AutoTests" name="[155] /home/travis/build/icyphy/ptII/ptolemy/actor/lib/test/auto/Expression14.xml (RunModel)" time="0.016" />
  <testcase classname="ptolemy.util.test.junit.AutoTests" name="[156] /home/travis/build/icyphy/ptII/ptolemy/actor/lib/test/auto/Expression15.xml (RunModel)" time="0.009" />
  <testcase classname="ptolemy.util.test.junit.AutoTests" name="[157] /home/travis/build/icyphy/ptII/ptolemy/actor/lib/test/auto/Expression16.xml (RunModel)" time="0.012" />
  <testcase classname="ptolemy.util.test.junit.AutoTests" name="[158] /home/travis/build/icyphy/ptII/ptolemy/actor/lib/test/auto/Expression17.xml (RunModel)" time="0.013" />
  <testcase classname="ptolemy.util.test.junit.AutoTests" name="[159] /home/travis/build/icyphy/ptII/ptolemy/actor/lib/test/auto/Expression18.xml (RunModel)" time="0.015" />
  <testcase classname="ptolemy.util.test.junit.AutoTests" name="[160] /home/travis/build/icyphy/ptII/ptolemy/actor/lib/test/auto/Expression2.xml (RunModel)" time="0.014" />
  <testcase classname="ptolemy.util.test.junit.AutoTests" name="[161] /home/travis/build/icyphy/ptII/ptolemy/actor/lib/test/auto/Expression3.xml (RunModel)" time="0.012" />
  <testcase classname="ptolemy.util.test.junit.AutoTests" name="[162] /home/travis/build/icyphy/ptII/ptolemy/actor/lib/test/auto/Expression4.xml (RunModel)" time="0.02" />
  <testcase classname="ptolemy.util.test.junit.AutoTests" name="[163] /home/travis/build/icyphy/ptII/ptolemy/actor/lib/test/auto/Expression5.xml (RunModel)" time="0.014" />
  <testcase classname="ptolemy.util.test.junit.AutoTests" name="[164] /home/travis/build/icyphy/ptII/ptolemy/actor/lib/test/auto/Expression6.xml (RunModel)" time="0.012" />
  <testcase classname="ptolemy.util.test.junit.AutoTests" name="[165] /home/travis/build/icyphy/ptII/ptolemy/actor/lib/test/auto/Expression7.xml (RunModel)" time="0.013" />
  <testcase classname="ptolemy.util.test.junit.AutoTests" name="[166] /home/travis/build/icyphy/ptII/ptolemy/actor/lib/test/auto/Expression8.xml (RunModel)" time="0.013" />
  <testcase classname="ptolemy.util.test.junit.AutoTests" name="[167] /home/travis/build/icyphy/ptII/ptolemy/actor/lib/test/auto/Expression9.xml (RunModel)" time="0.01" />
  <testcase classname="ptolemy.util.test.junit.AutoTests" name="[168] /home/travis/build/icyphy/ptII/ptolemy/actor/lib/test/auto/ExpressionConcatenateArrayType.xml (RunModel)" time="0.037" />
  <testcase classname="ptolemy.util.test.junit.AutoTests" name="[169] /home/travis/build/icyphy/ptII/ptolemy/actor/lib/test/auto/ExpressionConcatenateArrayType2.xml (RunModel)" time="0.024" />
  <testcase classname="ptolemy.util.test.junit.AutoTests" name="[170] /home/travis/build/icyphy/ptII/ptolemy/actor/lib/test/auto/ExpressionFix.xml (RunModel)" time="0.026" />
  <testcase classname="ptolemy.util.test.junit.AutoTests" name="[171] /home/travis/build/icyphy/ptII/ptolemy/actor/lib/test/auto/ExpressionFix2.xml (RunModel)" time="0.009" />
  <testcase classname="ptolemy.util.test.junit.AutoTests" name="[172] /home/travis/build/icyphy/ptII/ptolemy/actor/lib/test/auto/ExpressionFix3.xml (RunModel)" time="0.01" />
  <testcase classname="ptolemy.util.test.junit.AutoTests" name="[173] /home/travis/build/icyphy/ptII/ptolemy/actor/lib/test/auto/FileWriter1.xml (RunModel)" time="0.009" />
  <testcase classname="ptolemy.util.test.junit.AutoTests" name="[174] /home/travis/build/icyphy/ptII/ptolemy/actor/lib/test/auto/FileWriter2.xml (RunModel)" time="0.01" />
  <testcase classname="ptolemy.util.test.junit.AutoTests" name="[175] /home/travis/build/icyphy/ptII/ptolemy/actor/lib/test/auto/FileWriter3.xml (RunModel)" time="0.01" />
  <testcase classname="ptolemy.util.test.junit.AutoTests" name="[176] /home/travis/build/icyphy/ptII/ptolemy/actor/lib/test/auto/Gaussian.xml (RunModel)" time="0.012" />
  <testcase classname="ptolemy.util.test.junit.AutoTests" name="[177] /home/travis/build/icyphy/ptII/ptolemy/actor/lib/test/auto/Gaussian1.xml (RunModel)" time="0.013" />
  <testcase classname="ptolemy.util.test.junit.AutoTests" name="[178] /home/travis/build/icyphy/ptII/ptolemy/actor/lib/test/auto/Gaussian2.xml (RunModel)" time="0.015" />
  <testcase classname="ptolemy.util.test.junit.AutoTests" name="[179] /home/travis/build/icyphy/ptII/ptolemy/actor/lib/test/auto/GradientAdaptiveLattice.xml (RunModel)" time="0.017" />
  <testcase classname="ptolemy.util.test.junit.AutoTests" name="[180] /home/travis/build/icyphy/ptII/ptolemy/actor/lib/test/auto/IIR.xml (RunModel)" time="0.01" />
  <testcase classname="ptolemy.util.test.junit.AutoTests" name="[181] /home/travis/build/icyphy/ptII/ptolemy/actor/lib/test/auto/InputOutputTransparentPorts.xml (RunModel)" time="0.02" />
  <testcase classname="ptolemy.util.test.junit.AutoTests" name="[182] /home/travis/build/icyphy/ptII/ptolemy/actor/lib/test/auto/Interpolator.xml (RunModel)" time="0.01" />
  <testcase classname="ptolemy.util.test.junit.AutoTests" name="[183] /home/travis/build/icyphy/ptII/ptolemy/actor/lib/test/auto/InterpolatorFiringLimitDE.xml (RunModel)" time="0.013" />
  <testcase classname="ptolemy.util.test.junit.AutoTests" name="[184] /home/travis/build/icyphy/ptII/ptolemy/actor/lib/test/auto/Lattice.xml (RunModel)" time="0.008" />
  <testcase classname="ptolemy.util.test.junit.AutoTests" name="[185] /home/travis/build/icyphy/ptII/ptolemy/actor/lib/test/auto/LazyAOCTestLazy.xml (RunModel)" time="0.021" />
  <testcase classname="ptolemy.util.test.junit.AutoTests" name="[186] /home/travis/build/icyphy/ptII/ptolemy/actor/lib/test/auto/LazyAOCTestNonLazy.xml (RunModel)" time="0.049" />
  <testcase classname="ptolemy.util.test.junit.AutoTests" name="[187] /home/travis/build/icyphy/ptII/ptolemy/actor/lib/test/auto/LazyInnerClass.xml (RunModel)" time="0.052" />
  <testcase classname="ptolemy.util.test.junit.AutoTests" name="[188] /home/travis/build/icyphy/ptII/ptolemy/actor/lib/test/auto/LazyPubSub.xml (RunModel)" time="0.072" />
  <testcase classname="ptolemy.util.test.junit.AutoTests" name="[189] /home/travis/build/icyphy/ptII/ptolemy/actor/lib/test/auto/LazyPubSub2.xml (RunModel)" time="0.052" />
  <testcase classname="ptolemy.util.test.junit.AutoTests" name="[190] /home/travis/build/icyphy/ptII/ptolemy/actor/lib/test/auto/LazyPubSub3.xml (RunModel)" time="0.032" />
  <testcase classname="ptolemy.util.test.junit.AutoTests" name="[191] /home/travis/build/icyphy/ptII/ptolemy/actor/lib/test/auto/LazySubClassModel.xml (RunModel)" time="0.028" />
  <testcase classname="ptolemy.util.test.junit.AutoTests" name="[192] /home/travis/build/icyphy/ptII/ptolemy/actor/lib/test/auto/LevelCrossTest1.xml (RunModel)" time="0.015" />
  <testcase classname="ptolemy.util.test.junit.AutoTests" name="[193] /home/travis/build/icyphy/ptII/ptolemy/actor/lib/test/auto/LevelCrossTest10.xml (RunModel)" time="0.023" />
  <testcase classname="ptolemy.util.test.junit.AutoTests" name="[194] /home/travis/build/icyphy/ptII/ptolemy/actor/lib/test/auto/LevelCrossTest11.xml (RunModel)" time="0.015" />
  <testcase classname="ptolemy.util.test.junit.AutoTests" name="[195] /home/travis/build/icyphy/ptII/ptolemy/actor/lib/test/auto/LevelCrossTest12.xml (RunModel)" time="0.021" />
  <testcase classname="ptolemy.util.test.junit.AutoTests" name="[196] /home/travis/build/icyphy/ptII/ptolemy/actor/lib/test/auto/LevelCrossTest13.xml (RunModel)" time="0.016" />
  <testcase classname="ptolemy.util.test.junit.AutoTests" name="[197] /home/travis/build/icyphy/ptII/ptolemy/actor/lib/test/auto/LevelCrossTest2.xml (RunModel)" time="0.011" />
  <testcase classname="ptolemy.util.test.junit.AutoTests" name="[198] /home/travis/build/icyphy/ptII/ptolemy/actor/lib/test/auto/LevelCrossTest3.xml (RunModel)" time="0.015" />
  <testcase classname="ptolemy.util.test.junit.AutoTests" name="[199] /home/travis/build/icyphy/ptII/ptolemy/actor/lib/test/auto/LevelCrossTest4.xml (RunModel)" time="0.013" />
  <testcase classname="ptolemy.util.test.junit.AutoTests" name="[200] /home/travis/build/icyphy/ptII/ptolemy/actor/lib/test/auto/LevelCrossTest5.xml (RunModel)" time="0.016" />
  <testcase classname="ptolemy.util.test.junit.AutoTests" name="[201] /home/travis/build/icyphy/ptII/ptolemy/actor/lib/test/auto/LevelCrossTest6.xml (RunModel)" time="0.015" />
  <testcase classname="ptolemy.util.test.junit.AutoTests" name="[202] /home/travis/build/icyphy/ptII/ptolemy/actor/lib/test/auto/LevelCrossTest7.xml (RunModel)" time="0.024" />
  <testcase classname="ptolemy.util.test.junit.AutoTests" name="[203] /home/travis/build/icyphy/ptII/ptolemy/actor/lib/test/auto/LevelCrossTest8.xml (RunModel)" time="0.016" />
  <testcase classname="ptolemy.util.test.junit.AutoTests" name="[204] /home/travis/build/icyphy/ptII/ptolemy/actor/lib/test/auto/LevelCrossTest9.xml (RunModel)" time="0.017" />
  <testcase classname="ptolemy.util.test.junit.AutoTests" name="[205] /home/travis/build/icyphy/ptII/ptolemy/actor/lib/test/auto/LevinsonDurbin.xml (RunModel)" time="0.014" />
  <testcase classname="ptolemy.util.test.junit.AutoTests" name="[206] /home/travis/build/icyphy/ptII/ptolemy/actor/lib/test/auto/LevinsonDurbin2.xml (RunModel)" time="0.01" />
  <testcase classname="ptolemy.util.test.junit.AutoTests" name="[207] /home/travis/build/icyphy/ptII/ptolemy/actor/lib/test/auto/LevinsonDurbin3.xml (RunModel)" time="0.017" />
  <testcase classname="ptolemy.util.test.junit.AutoTests" name="[208] /home/travis/build/icyphy/ptII/ptolemy/actor/lib/test/auto/Limiter.xml (RunModel)" time="0.041" />
  <testcase classname="ptolemy.util.test.junit.AutoTests" name="[209] /home/travis/build/icyphy/ptII/ptolemy/actor/lib/test/auto/LinearDifferenceEquationSystem.xml (RunModel)" time="0.026" />
  <testcase classname="ptolemy.util.test.junit.AutoTests" name="[210] /home/travis/build/icyphy/ptII/ptolemy/actor/lib/test/auto/LookupTable.xml (RunModel)" time="0.01" />
  <testcase classname="ptolemy.util.test.junit.AutoTests" name="[211] /home/travis/build/icyphy/ptII/ptolemy/actor/lib/test/auto/MathFunction.xml (RunModel)" time="0.027" />
  <testcase classname="ptolemy.util.test.junit.AutoTests" name="[212] /home/travis/build/icyphy/ptII/ptolemy/actor/lib/test/auto/MathFunction2.xml (RunModel)" time="0.013" />
  <testcase classname="ptolemy.util.test.junit.AutoTests" name="[213] /home/travis/build/icyphy/ptII/ptolemy/actor/lib/test/auto/MathFunction3.xml (RunModel)" time="0.018" />
  <testcase classname="ptolemy.util.test.junit.AutoTests" name="[214] /home/travis/build/icyphy/ptII/ptolemy/actor/lib/test/auto/MatrixCropBoolean.xml (RunModel)" time="0.02" />
  <testcase classname="ptolemy.util.test.junit.AutoTests" name="[215] /home/travis/build/icyphy/ptII/ptolemy/actor/lib/test/auto/MatrixCropComplex.xml (RunModel)" time="0.015" />
  <testcase classname="ptolemy.util.test.junit.AutoTests" name="[216] /home/travis/build/icyphy/ptII/ptolemy/actor/lib/test/auto/MatrixCropDouble.xml (RunModel)" time="0.011" />
  <testcase classname="ptolemy.util.test.junit.AutoTests" name="[217] /home/travis/build/icyphy/ptII/ptolemy/actor/lib/test/auto/MatrixCropFix.xml (RunModel)" time="0.013" />
  <testcase classname="ptolemy.util.test.junit.AutoTests" name="[218] /home/travis/build/icyphy/ptII/ptolemy/actor/lib/test/auto/MatrixCropInt.xml (RunModel)" time="0.009" />
  <testcase classname="ptolemy.util.test.junit.AutoTests" name="[219] /home/travis/build/icyphy/ptII/ptolemy/actor/lib/test/auto/MatrixCropLong.xml (RunModel)" time="0.011" />
  <testcase classname="ptolemy.util.test.junit.AutoTests" name="[220] /home/travis/build/icyphy/ptII/ptolemy/actor/lib/test/auto/MatrixToArray.xml (RunModel)" time="0.051" />
  <testcase classname="ptolemy.util.test.junit.AutoTests" name="[221] /home/travis/build/icyphy/ptII/ptolemy/actor/lib/test/auto/MaxIndex.xml (RunModel)" time="0.012" />
  <testcase classname="ptolemy.util.test.junit.AutoTests" name="[222] /home/travis/build/icyphy/ptII/ptolemy/actor/lib/test/auto/Maximum.xml (RunModel)" time="0.015" />
  <testcase classname="ptolemy.util.test.junit.AutoTests" name="[223] /home/travis/build/icyphy/ptII/ptolemy/actor/lib/test/auto/MaximumComplex.xml (RunModel)" time="0.014" />
  <testcase classname="ptolemy.util.test.junit.AutoTests" name="[224] /home/travis/build/icyphy/ptII/ptolemy/actor/lib/test/auto/MethodCallTest.xml (RunModel)" time="0.021" />
  <testcase classname="ptolemy.util.test.junit.AutoTests" name="[225] /home/travis/build/icyphy/ptII/ptolemy/actor/lib/test/auto/Minimum.xml (RunModel)" time="0.014" />
  <testcase classname="ptolemy.util.test.junit.AutoTests" name="[226] /home/travis/build/icyphy/ptII/ptolemy/actor/lib/test/auto/MinimumComplex.xml (RunModel)" time="0.015" />
  <testcase classname="ptolemy.util.test.junit.AutoTests" name="[227] /home/travis/build/icyphy/ptII/ptolemy/actor/lib/test/auto/MinimumMultiports.xml (RunModel)" time="0.021" />
  <testcase classname="ptolemy.util.test.junit.AutoTests" name="[228] /home/travis/build/icyphy/ptII/ptolemy/actor/lib/test/auto/ModifyDate.xml (RunModel)" time="0.041" />
  <testcase classname="ptolemy.util.test.junit.AutoTests" name="[229] /home/travis/build/icyphy/ptII/ptolemy/actor/lib/test/auto/ModifyDate2.xml (RunModel)" time="0.033" />
  <testcase classname="ptolemy.util.test.junit.AutoTests" name="[230] /home/travis/build/icyphy/ptII/ptolemy/actor/lib/test/auto/MovingAverage.xml (RunModel)" time="0.013" />
  <testcase classname="ptolemy.util.test.junit.AutoTests" name="[231] /home/travis/build/icyphy/ptII/ptolemy/actor/lib/test/auto/MovingMaximum.xml (RunModel)" time="0.011" />
  <testcase classname="ptolemy.util.test.junit.AutoTests" name="[232] /home/travis/build/icyphy/ptII/ptolemy/actor/lib/test/auto/MultipleLinksToSameRelation.xml (RunModel)" time="0.014" />
  <testcase classname="ptolemy.util.test.junit.AutoTests" name="[233] /home/travis/build/icyphy/ptII/ptolemy/actor/lib/test/auto/MultipleLinksToSameRelationDE.xml (RunModel)" time="0.008" />
  <testcase classname="ptolemy.util.test.junit.AutoTests" name="[234] /home/travis/build/icyphy/ptII/ptolemy/actor/lib/test/auto/Multiplexor.xml (RunModel)" time="0.011" />
  <testcase classname="ptolemy.util.test.junit.AutoTests" name="[235] /home/travis/build/icyphy/ptII/ptolemy/actor/lib/test/auto/Multiplexor1.xml (RunModel)" time="0.011" />
  <testcase classname="ptolemy.util.test.junit.AutoTests" name="[236] /home/travis/build/icyphy/ptII/ptolemy/actor/lib/test/auto/Multiplexor2.xml (RunModel)" time="0.014" />
  <testcase classname="ptolemy.util.test.junit.AutoTests" name="[237] /home/travis/build/icyphy/ptII/ptolemy/actor/lib/test/auto/Multiplexor3.xml (RunModel)" time="0.009" />
  <testcase classname="ptolemy.util.test.junit.AutoTests" name="[238] /home/travis/build/icyphy/ptII/ptolemy/actor/lib/test/auto/MultiplexorDE.xml (RunModel)" time="0.017" />
  <testcase classname="ptolemy.util.test.junit.AutoTests" name="[239] /home/travis/build/icyphy/ptII/ptolemy/actor/lib/test/auto/MultiportBroadcastTest.xml (RunModel)" time="0.063" />
  <testcase classname="ptolemy.util.test.junit.AutoTests" name="[240] /home/travis/build/icyphy/ptII/ptolemy/actor/lib/test/auto/MultiportOutHangDuringGetWidth.xml (RunModel)" time="0.031" />
  <testcase classname="ptolemy.util.test.junit.AutoTests" name="[241] /home/travis/build/icyphy/ptII/ptolemy/actor/lib/test/auto/NilToken.xml (RunModel)" time="0.008" />
  <testcase classname="ptolemy.util.test.junit.AutoTests" name="[242] /home/travis/build/icyphy/ptII/ptolemy/actor/lib/test/auto/NilTokenNonStrictTest.xml (RunModel)" time="0.01" />
  <testcase classname="ptolemy.util.test.junit.AutoTests" name="[243] /home/travis/build/icyphy/ptII/ptolemy/actor/lib/test/auto/NilTokenRecord.xml (RunModel)" time="0.019" />
  <testcase classname="ptolemy.util.test.junit.AutoTests" name="[244] /home/travis/build/icyphy/ptII/ptolemy/actor/lib/test/auto/NilTokenTypeTest.xml (RunModel)" time="0.027" />
  <testcase classname="ptolemy.util.test.junit.AutoTests" name="[245] /home/travis/build/icyphy/ptII/ptolemy/actor/lib/test/auto/ObjectToken1.xml (RunModel)" time="0.009" />
  <testcase classname="ptolemy.util.test.junit.AutoTests" name="[246] /home/travis/build/icyphy/ptII/ptolemy/actor/lib/test/auto/OrderedMerge.xml (RunModel)" time="0.011" />
  <testcase classname="ptolemy.util.test.junit.AutoTests" name="[247] /home/travis/build/icyphy/ptII/ptolemy/actor/lib/test/auto/OrderedRecordDisassembler.xml (RunModel)" time="0.014" />
  <testcase classname="ptolemy.util.test.junit.AutoTests" name="[248] /home/travis/build/icyphy/ptII/ptolemy/actor/lib/test/auto/OrderedRecordDisassembler2.xml (RunModel)" time="0.016" />
  <testcase classname="ptolemy.util.test.junit.AutoTests" name="[249] /home/travis/build/icyphy/ptII/ptolemy/actor/lib/test/auto/OrderedRecordUpdater.xml (RunModel)" time="0.01" />
  <testcase classname="ptolemy.util.test.junit.AutoTests" name="[250] /home/travis/build/icyphy/ptII/ptolemy/actor/lib/test/auto/OrderedRecordUpdater2.xml (RunModel)" time="0.01" />
  <testcase classname="ptolemy.util.test.junit.AutoTests" name="[251] /home/travis/build/icyphy/ptII/ptolemy/actor/lib/test/auto/PhaseUnwrap.xml (RunModel)" time="0.012" />
  <testcase classname="ptolemy.util.test.junit.AutoTests" name="[252] /home/travis/build/icyphy/ptII/ptolemy/actor/lib/test/auto/PoissonClock.xml (RunModel)" time="0.01" />
  <testcase classname="ptolemy.util.test.junit.AutoTests" name="[253] /home/travis/build/icyphy/ptII/ptolemy/actor/lib/test/auto/PoissonClock2.xml (RunModel)" time="0.009" />
  <testcase classname="ptolemy.util.test.junit.AutoTests" name="[254] /home/travis/build/icyphy/ptII/ptolemy/actor/lib/test/auto/PoissonClock3.xml (RunModel)" time="0.01" />
  <testcase classname="ptolemy.util.test.junit.AutoTests" name="[255] /home/travis/build/icyphy/ptII/ptolemy/actor/lib/test/auto/PubSubWithInitialTokens.xml (RunModel)" time="0.012" />
  <testcase classname="ptolemy.util.test.junit.AutoTests" name="[256] /home/travis/build/icyphy/ptII/ptolemy/actor/lib/test/auto/PubSubWithInitialTokens2.xml (RunModel)" time="0.012" />
  <testcase classname="ptolemy.util.test.junit.AutoTests" name="[257] /home/travis/build/icyphy/ptII/ptolemy/actor/lib/test/auto/PublisherClassNoParameter.xml (RunModel)" time="0.022" />
  <testcase classname="ptolemy.util.test.junit.AutoTests" name="[258] /home/travis/build/icyphy/ptII/ptolemy/actor/lib/test/auto/PublisherClassParameter.xml (RunModel)" time="0.024" />
  <testcase classname="ptolemy.util.test.junit.AutoTests" name="[259] /home/travis/build/icyphy/ptII/ptolemy/actor/lib/test/auto/PublisherNonStrictTest.xml (RunModel)" time="0.017" />
  <testcase classname="ptolemy.util.test.junit.AutoTests" name="[260] /home/travis/build/icyphy/ptII/ptolemy/actor/lib/test/auto/PublisherPort1.xml (RunModel)" time="0.011" />
  <testcase classname="ptolemy.util.test.junit.AutoTests" name="[261] /home/travis/build/icyphy/ptII/ptolemy/actor/lib/test/auto/PublisherPort2.xml (RunModel)" time="0.009" />
  <testcase classname="ptolemy.util.test.junit.AutoTests" name="[262] /home/travis/build/icyphy/ptII/ptolemy/actor/lib/test/auto/PublisherPort3.xml (RunModel)" time="0.014" />
  <testcase classname="ptolemy.util.test.junit.AutoTests" name="[263] /home/travis/build/icyphy/ptII/ptolemy/actor/lib/test/auto/PublisherPort4.xml (RunModel)" time="0.011" />
  <testcase classname="ptolemy.util.test.junit.AutoTests" name="[264] /home/travis/build/icyphy/ptII/ptolemy/actor/lib/test/auto/PublisherPort5.xml (RunModel)" time="0.014" />
  <testcase classname="ptolemy.util.test.junit.AutoTests" name="[265] /home/travis/build/icyphy/ptII/ptolemy/actor/lib/test/auto/PublisherPort5LookAlike.xml (RunModel)" time="0.019" />
  <testcase classname="ptolemy.util.test.junit.AutoTests" name="[266] /home/travis/build/icyphy/ptII/ptolemy/actor/lib/test/auto/PublisherPort6.xml (RunModel)" time="0.012" />
  <testcase classname="ptolemy.util.test.junit.AutoTests" name="[267] /home/travis/build/icyphy/ptII/ptolemy/actor/lib/test/auto/PublisherPort7.xml (RunModel)" time="0.015" />
  <testcase classname="ptolemy.util.test.junit.AutoTests" name="[268] /home/travis/build/icyphy/ptII/ptolemy/actor/lib/test/auto/PublisherPort8.xml (RunModel)" time="0.016" />
  <testcase classname="ptolemy.util.test.junit.AutoTests" name="[269] /home/travis/build/icyphy/ptII/ptolemy/actor/lib/test/auto/PublisherPortSubscriberChannelVariablesAOC2.xml (RunModel)" time="0.033" />
  <testcase classname="ptolemy.util.test.junit.AutoTests" name="[270] /home/travis/build/icyphy/ptII/ptolemy/actor/lib/test/auto/PublisherPortSubscriberOpaqueWidthInference.xml (RunModel)" time="0.015" />
  <testcase classname="ptolemy.util.test.junit.AutoTests" name="[271] /home/travis/build/icyphy/ptII/ptolemy/actor/lib/test/auto/PublisherPortSubscriberPortAdjacent.xml (RunModel)" time="0.021" />
  <testcase classname="ptolemy.util.test.junit.AutoTests" name="[272] /home/travis/build/icyphy/ptII/ptolemy/actor/lib/test/auto/PublisherPortSubscriberPortExpression.xml (RunModel)" time="0.019" />
  <testcase classname="ptolemy.util.test.junit.AutoTests" name="[273] /home/travis/build/icyphy/ptII/ptolemy/actor/lib/test/auto/PublisherPortSubscriberPortOpaqueD3Reverse.xml (RunModel)" time="0.022" />
  <testcase classname="ptolemy.util.test.junit.AutoTests" name="[274] /home/travis/build/icyphy/ptII/ptolemy/actor/lib/test/auto/PublisherPortSubscriberPortOpaqueWidthInference.xml (RunModel)" time="0.018" />
  <testcase classname="ptolemy.util.test.junit.AutoTests" name="[275] /home/travis/build/icyphy/ptII/ptolemy/actor/lib/test/auto/PublisherPortToplevelSubscriberPortAOC.xml (RunModel)" time="0.01" />
  <testcase classname="ptolemy.util.test.junit.AutoTests" name="[276] /home/travis/build/icyphy/ptII/ptolemy/actor/lib/test/auto/PublisherSubscriber.xml (RunModel)" time="0.014" />
  <testcase classname="ptolemy.util.test.junit.AutoTests" name="[277] /home/travis/build/icyphy/ptII/ptolemy/actor/lib/test/auto/PublisherSubscriber10.xml (RunModel)" time="0.021" />
  <testcase classname="ptolemy.util.test.junit.AutoTests" name="[278] /home/travis/build/icyphy/ptII/ptolemy/actor/lib/test/auto/PublisherSubscriber10InitialOutputs.xml (RunModel)" time="0.02" />
  <testcase classname="ptolemy.util.test.junit.AutoTests" name="[279] /home/travis/build/icyphy/ptII/ptolemy/actor/lib/test/auto/PublisherSubscriber11.xml (RunModel)" time="0.014" />
  <testcase classname="ptolemy.util.test.junit.AutoTests" name="[280] /home/travis/build/icyphy/ptII/ptolemy/actor/lib/test/auto/PublisherSubscriber12.xml (RunModel)" time="0.012" />
  <testcase classname="ptolemy.util.test.junit.AutoTests" name="[281] /home/travis/build/icyphy/ptII/ptolemy/actor/lib/test/auto/PublisherSubscriber13.xml (RunModel)" time="0.011" />
  <testcase classname="ptolemy.util.test.junit.AutoTests" name="[282] /home/travis/build/icyphy/ptII/ptolemy/actor/lib/test/auto/PublisherSubscriber14.xml (RunModel)" time="0.018" />
  <testcase classname="ptolemy.util.test.junit.AutoTests" name="[283] /home/travis/build/icyphy/ptII/ptolemy/actor/lib/test/auto/PublisherSubscriber2.xml (RunModel)" time="0.01" />
  <testcase classname="ptolemy.util.test.junit.AutoTests" name="[284] /home/travis/build/icyphy/ptII/ptolemy/actor/lib/test/auto/PublisherSubscriber3.xml (RunModel)" time="0.011" />
  <testcase classname="ptolemy.util.test.junit.AutoTests" name="[285] /home/travis/build/icyphy/ptII/ptolemy/actor/lib/test/auto/PublisherSubscriber4.xml (RunModel)" time="0.01" />
  <testcase classname="ptolemy.util.test.junit.AutoTests" name="[286] /home/travis/build/icyphy/ptII/ptolemy/actor/lib/test/auto/PublisherSubscriber5.xml (RunModel)" time="0.013" />
  <testcase classname="ptolemy.util.test.junit.AutoTests" name="[287] /home/travis/build/icyphy/ptII/ptolemy/actor/lib/test/auto/PublisherSubscriber6.xml (RunModel)" time="0.013" />
  <testcase classname="ptolemy.util.test.junit.AutoTests" name="[288] /home/travis/build/icyphy/ptII/ptolemy/actor/lib/test/auto/PublisherSubscriber7.xml (RunModel)" time="0.014" />
  <testcase classname="ptolemy.util.test.junit.AutoTests" name="[289] /home/travis/build/icyphy/ptII/ptolemy/actor/lib/test/auto/PublisherSubscriber8.xml (RunModel)" time="0.034" />
  <testcase classname="ptolemy.util.test.junit.AutoTests" name="[290] /home/travis/build/icyphy/ptII/ptolemy/actor/lib/test/auto/PublisherSubscriber9.xml (RunModel)" time="0.023" />
  <testcase classname="ptolemy.util.test.junit.AutoTests" name="[291] /home/travis/build/icyphy/ptII/ptolemy/actor/lib/test/auto/PublisherSubscriberAdjacent.xml (RunModel)" time="0.029" />
  <testcase classname="ptolemy.util.test.junit.AutoTests" name="[292] /home/travis/build/icyphy/ptII/ptolemy/actor/lib/test/auto/PublisherSubscriberChannelVariablesAOC2.xml (RunModel)" time="0.031" />
  <testcase classname="ptolemy.util.test.junit.AutoTests" name="[293] /home/travis/build/icyphy/ptII/ptolemy/actor/lib/test/auto/PublisherSubscriberD3.xml (RunModel)" time="0.016" />
  <testcase classname="ptolemy.util.test.junit.AutoTests" name="[294] /home/travis/build/icyphy/ptII/ptolemy/actor/lib/test/auto/PublisherSubscriberD3Reverse.xml (RunModel)" time="0.012" />
  <testcase classname="ptolemy.util.test.junit.AutoTests" name="[295] /home/travis/build/icyphy/ptII/ptolemy/actor/lib/test/auto/PublisherSubscriberExpression.xml (RunModel)" time="0.019" />
  <testcase classname="ptolemy.util.test.junit.AutoTests" name="[296] /home/travis/build/icyphy/ptII/ptolemy/actor/lib/test/auto/PublisherSubscriberOpaque.xml (RunModel)" time="0.016" />
  <testcase classname="ptolemy.util.test.junit.AutoTests" name="[297] /home/travis/build/icyphy/ptII/ptolemy/actor/lib/test/auto/PublisherSubscriberOpaqueD3.xml (RunModel)" time="0.023" />
  <testcase classname="ptolemy.util.test.junit.AutoTests" name="[298] /home/travis/build/icyphy/ptII/ptolemy/actor/lib/test/auto/PublisherSubscriberOpaqueD3Reverse.xml (RunModel)" time="0.022" />
  <testcase classname="ptolemy.util.test.junit.AutoTests" name="[299] /home/travis/build/icyphy/ptII/ptolemy/actor/lib/test/auto/PublisherSubscriberOpaqueWidthInference.xml (RunModel)" time="0.018" />
  <testcase classname="ptolemy.util.test.junit.AutoTests" name="[300] /home/travis/build/icyphy/ptII/ptolemy/actor/lib/test/auto/PublisherTestSubscriber.xml (RunModel)" time="0.015" />
  <testcase classname="ptolemy.util.test.junit.AutoTests" name="[301] /home/travis/build/icyphy/ptII/ptolemy/actor/lib/test/auto/PublisherToplevelSubscriberPortAOC.xml (RunModel)" time="0.01" />
  <testcase classname="ptolemy.util.test.junit.AutoTests" name="[302] /home/travis/build/icyphy/ptII/ptolemy/actor/lib/test/auto/PulseFiringLimitDE.xml (RunModel)" time="0.019" />
  <testcase classname="ptolemy.util.test.junit.AutoTests" name="[303] /home/travis/build/icyphy/ptII/ptolemy/actor/lib/test/auto/Ramp1.xml (RunModel)" time="0.007" />
  <testcase classname="ptolemy.util.test.junit.AutoTests" name="[304] /home/travis/build/icyphy/ptII/ptolemy/actor/lib/test/auto/RampFiringLimitDE.xml (RunModel)" time="0.011" />
  <testcase classname="ptolemy.util.test.junit.AutoTests" name="[305] /home/travis/build/icyphy/ptII/ptolemy/actor/lib/test/auto/RampFiringLimitSDF.xml (RunModel)" time="0.012" />
  <testcase classname="ptolemy.util.test.junit.AutoTests" name="[306] /home/travis/build/icyphy/ptII/ptolemy/actor/lib/test/auto/RandomInteger.xml (RunModel)" time="0.013" />
  <testcase classname="ptolemy.util.test.junit.AutoTests" name="[307] /home/travis/build/icyphy/ptII/ptolemy/actor/lib/test/auto/ReadFile1.xml (RunModel)" time="0.008" />
  <testcase classname="ptolemy.util.test.junit.AutoTests" name="[308] /home/travis/build/icyphy/ptII/ptolemy/actor/lib/test/auto/ReadFile2.xml (RunModel)" time="0.007" />
  <testcase classname="ptolemy.util.test.junit.AutoTests" name="[309] /home/travis/build/icyphy/ptII/ptolemy/actor/lib/test/auto/Reader.xml (RunModel)" time="0.013" />
  <testcase classname="ptolemy.util.test.junit.AutoTests" name="[310] /home/travis/build/icyphy/ptII/ptolemy/actor/lib/test/auto/RecordAssemblerDisplayNameTest.xml (RunModel)" time="3.628" />
  <testcase classname="ptolemy.util.test.junit.AutoTests" name="[311] /home/travis/build/icyphy/ptII/ptolemy/actor/lib/test/auto/RecordAssemblerTypeError.xml (RunModel)" time="0.034" />
  <testcase classname="ptolemy.util.test.junit.AutoTests" name="[312] /home/travis/build/icyphy/ptII/ptolemy/actor/lib/test/auto/RecordDisassember.xml (RunModel)" time="0.012" />
  <testcase classname="ptolemy.util.test.junit.AutoTests" name="[313] /home/travis/build/icyphy/ptII/ptolemy/actor/lib/test/auto/RecordDisassemberDisplayNameTest.xml (RunModel)" time="0.019" />
  <testcase classname="ptolemy.util.test.junit.AutoTests" name="[314] /home/travis/build/icyphy/ptII/ptolemy/actor/lib/test/auto/RecordDisassembler.xml (RunModel)" time="0.009" />
  <testcase classname="ptolemy.util.test.junit.AutoTests" name="[315] /home/travis/build/icyphy/ptII/ptolemy/actor/lib/test/auto/RecordDisassembler2.xml (RunModel)" time="0.011" />
  <testcase classname="ptolemy.util.test.junit.AutoTests" name="[316] /home/travis/build/icyphy/ptII/ptolemy/actor/lib/test/auto/RecordUpdater.xml (RunModel)" time="0.009" />
  <testcase classname="ptolemy.util.test.junit.AutoTests" name="[317] /home/travis/build/icyphy/ptII/ptolemy/actor/lib/test/auto/RecordUpdater2.xml (RunModel)" time="0.009" />
  <testcase classname="ptolemy.util.test.junit.AutoTests" name="[318] /home/travis/build/icyphy/ptII/ptolemy/actor/lib/test/auto/RecursiveLattice.xml (RunModel)" time="0.008" />
  <testcase classname="ptolemy.util.test.junit.AutoTests" name="[319] /home/travis/build/icyphy/ptII/ptolemy/actor/lib/test/auto/Router.xml (RunModel)" time="3.022" />
  <testcase classname="ptolemy.util.test.junit.AutoTests" name="[320] /home/travis/build/icyphy/ptII/ptolemy/actor/lib/test/auto/Router2.xml (RunModel)" time="3.021" />
  <testcase classname="ptolemy.util.test.junit.AutoTests" name="[321] /home/travis/build/icyphy/ptII/ptolemy/actor/lib/test/auto/RunningMaximum.xml (RunModel)" time="0.011" />
  <testcase classname="ptolemy.util.test.junit.AutoTests" name="[322] /home/travis/build/icyphy/ptII/ptolemy/actor/lib/test/auto/RunningMinimum.xml (RunModel)" time="0.011" />
  <testcase classname="ptolemy.util.test.junit.AutoTests" name="[323] /home/travis/build/icyphy/ptII/ptolemy/actor/lib/test/auto/Scale.xml (RunModel)" time="0.007" />
  <testcase classname="ptolemy.util.test.junit.AutoTests" name="[324] /home/travis/build/icyphy/ptII/ptolemy/actor/lib/test/auto/Scale2.xml (RunModel)" time="0.01" />
  <testcase classname="ptolemy.util.test.junit.AutoTests" name="[325] /home/travis/build/icyphy/ptII/ptolemy/actor/lib/test/auto/Scale3.xml (RunModel)" time="0.015" />
  <testcase classname="ptolemy.util.test.junit.AutoTests" name="[326] /home/travis/build/icyphy/ptII/ptolemy/actor/lib/test/auto/ScaleArray.xml (RunModel)" time="0.008" />
  <testcase classname="ptolemy.util.test.junit.AutoTests" name="[327] /home/travis/build/icyphy/ptII/ptolemy/actor/lib/test/auto/ScaleArray2.xml (RunModel)" time="0.008" />
  <testcase classname="ptolemy.util.test.junit.AutoTests" name="[328] /home/travis/build/icyphy/ptII/ptolemy/actor/lib/test/auto/ScaleMatrix.xml (RunModel)" time="0.127" />
  <testcase classname="ptolemy.util.test.junit.AutoTests" name="[329] /home/travis/build/icyphy/ptII/ptolemy/actor/lib/test/auto/Select.xml (RunModel)" time="0.014" />
  <testcase classname="ptolemy.util.test.junit.AutoTests" name="[330] /home/travis/build/icyphy/ptII/ptolemy/actor/lib/test/auto/Select2.xml (RunModel)" time="0.009" />
  <testcase classname="ptolemy.util.test.junit.AutoTests" name="[331] /home/travis/build/icyphy/ptII/ptolemy/actor/lib/test/auto/SequenceToArray2.xml (RunModel)" time="0.121" />
  <testcase classname="ptolemy.util.test.junit.AutoTests" name="[332] /home/travis/build/icyphy/ptII/ptolemy/actor/lib/test/auto/SequentialClock.xml (RunModel)" time="0.011" />
  <testcase classname="ptolemy.util.test.junit.AutoTests" name="[333] /home/travis/build/icyphy/ptII/ptolemy/actor/lib/test/auto/SetVariable.xml (RunModel)" time="0.01" />
  <testcase classname="ptolemy.util.test.junit.AutoTests" name="[334] /home/travis/build/icyphy/ptII/ptolemy/actor/lib/test/auto/SetVariable2.xml (RunModel)" time="0.012" />
  <testcase classname="ptolemy.util.test.junit.AutoTests" name="[335] /home/travis/build/icyphy/ptII/ptolemy/actor/lib/test/auto/SetVariable3.xml (RunModel)" time="0.016" />
  <testcase classname="ptolemy.util.test.junit.AutoTests" name="[336] /home/travis/build/icyphy/ptII/ptolemy/actor/lib/test/auto/SetVariable4.xml (RunModel)" time="0.032" />
  <testcase classname="ptolemy.util.test.junit.AutoTests" name="[337] /home/travis/build/icyphy/ptII/ptolemy/actor/lib/test/auto/SetVariable5.xml (RunModel)" time="0.029" />
  <testcase classname="ptolemy.util.test.junit.AutoTests" name="[338] /home/travis/build/icyphy/ptII/ptolemy/actor/lib/test/auto/Sinewave.xml (RunModel)" time="0.026" />
  <testcase classname="ptolemy.util.test.junit.AutoTests" name="[339] /home/travis/build/icyphy/ptII/ptolemy/actor/lib/test/auto/Sinewave2.xml (RunModel)" time="0.015" />
  <testcase classname="ptolemy.util.test.junit.AutoTests" name="[340] /home/travis/build/icyphy/ptII/ptolemy/actor/lib/test/auto/Sinewave3.xml (RunModel)" time="0.017" />
  <testcase classname="ptolemy.util.test.junit.AutoTests" name="[341] /home/travis/build/icyphy/ptII/ptolemy/actor/lib/test/auto/SingleEvent.xml (RunModel)" time="0.007" />
  <testcase classname="ptolemy.util.test.junit.AutoTests" name="[342] /home/travis/build/icyphy/ptII/ptolemy/actor/lib/test/auto/Sleep.xml (RunModel)" time="6.013" />
  <testcase classname="ptolemy.util.test.junit.AutoTests" name="[343] /home/travis/build/icyphy/ptII/ptolemy/actor/lib/test/auto/SleepMultipleFire.xml (RunModel)" time="1.018" />
  <testcase classname="ptolemy.util.test.junit.AutoTests" name="[344] /home/travis/build/icyphy/ptII/ptolemy/actor/lib/test/auto/StopDE.xml (RunModel)" time="0.012" />
  <testcase classname="ptolemy.util.test.junit.AutoTests" name="[345] /home/travis/build/icyphy/ptII/ptolemy/actor/lib/test/auto/StopSDF.xml (RunModel)" time="0.011" />
  <testcase classname="ptolemy.util.test.junit.AutoTests" name="[346] /home/travis/build/icyphy/ptII/ptolemy/actor/lib/test/auto/StringConstant.xml (RunModel)" time="0.014" />
  <testcase classname="ptolemy.util.test.junit.AutoTests" name="[347] /home/travis/build/icyphy/ptII/ptolemy/actor/lib/test/auto/SubscriberPortInitialValues1.xml (RunModel)" time="0.011" />
  <testcase classname="ptolemy.util.test.junit.AutoTests" name="[348] /home/travis/build/icyphy/ptII/ptolemy/actor/lib/test/auto/SubscriberPortInitialValues13.xml (RunModel)" time="0.03" />
  <testcase classname="ptolemy.util.test.junit.AutoTests" name="[349] /home/travis/build/icyphy/ptII/ptolemy/actor/lib/test/auto/SubscriberPortInitialValues14.xml (RunModel)" time="0.014" />
  <testcase classname="ptolemy.util.test.junit.AutoTests" name="[350] /home/travis/build/icyphy/ptII/ptolemy/actor/lib/test/auto/SubscriberPortInitialValues2.xml (RunModel)" time="0.015" />
  <testcase classname="ptolemy.util.test.junit.AutoTests" name="[351] /home/travis/build/icyphy/ptII/ptolemy/actor/lib/test/auto/SubscriberPortInitialValues3.xml (RunModel)" time="0.022" />
  <testcase classname="ptolemy.util.test.junit.AutoTests" name="[352] /home/travis/build/icyphy/ptII/ptolemy/actor/lib/test/auto/SubscriptionAggregator.xml (RunModel)" time="0.012" />
  <testcase classname="ptolemy.util.test.junit.AutoTests" name="[353] /home/travis/build/icyphy/ptII/ptolemy/actor/lib/test/auto/SubscriptionAggregator2.xml (RunModel)" time="0.012" />
  <testcase classname="ptolemy.util.test.junit.AutoTests" name="[354] /home/travis/build/icyphy/ptII/ptolemy/actor/lib/test/auto/SubscriptionAggregator3.xml (RunModel)" time="0.016" />
  <testcase classname="ptolemy.util.test.junit.AutoTests" name="[355] /home/travis/build/icyphy/ptII/ptolemy/actor/lib/test/auto/SubscriptionAggregatorMultiply.xml (RunModel)" time="0.019" />
  <testcase classname="ptolemy.util.test.junit.AutoTests" name="[356] /home/travis/build/icyphy/ptII/ptolemy/actor/lib/test/auto/SubscriptionAggregatorPortMultiply1.xml (RunModel)" time="0.014" />
  <testcase classname="ptolemy.util.test.junit.AutoTests" name="[357] /home/travis/build/icyphy/ptII/ptolemy/actor/lib/test/auto/Switch.xml (RunModel)" time="0.018" />
  <testcase classname="ptolemy.util.test.junit.AutoTests" name="[358] /home/travis/build/icyphy/ptII/ptolemy/actor/lib/test/auto/Switch2.xml (RunModel)" time="0.01" />
  <testcase classname="ptolemy.util.test.junit.AutoTests" name="[359] /home/travis/build/icyphy/ptII/ptolemy/actor/lib/test/auto/SwitchDE.xml (RunModel)" time="0.02" />
  <testcase classname="ptolemy.util.test.junit.AutoTests" name="[360] /home/travis/build/icyphy/ptII/ptolemy/actor/lib/test/auto/SynchronizerDE.xml (RunModel)" time="0.035" />
  <testcase classname="ptolemy.util.test.junit.AutoTests" name="[361] /home/travis/build/icyphy/ptII/ptolemy/actor/lib/test/auto/Test.xml (RunModel)" time="0.016" />
  <testcase classname="ptolemy.util.test.junit.AutoTests" name="[362] /home/travis/build/icyphy/ptII/ptolemy/actor/lib/test/auto/TestExceptionAttribute1.xml (RunModel)" time="0.011" />
  <testcase classname="ptolemy.util.test.junit.AutoTests" name="[363] /home/travis/build/icyphy/ptII/ptolemy/actor/lib/test/auto/TestExceptionAttribute2.xml (RunModel)" time="0.008" />
  <testcase classname="ptolemy.util.test.junit.AutoTests" name="[364] /home/travis/build/icyphy/ptII/ptolemy/actor/lib/test/auto/TestExceptionAttribute3.xml (RunModel)" time="0.006" />
  <testcase classname="ptolemy.util.test.junit.AutoTests" name="[365] /home/travis/build/icyphy/ptII/ptolemy/actor/lib/test/auto/TestExceptionAttribute4.xml (RunModel)" time="0.018" />
  <testcase classname="ptolemy.util.test.junit.AutoTests" name="[366] /home/travis/build/icyphy/ptII/ptolemy/actor/lib/test/auto/TestExceptionHandler1.xml (RunModel)" time="0.006" />
  <testcase classname="ptolemy.util.test.junit.AutoTests" name="[367] /home/travis/build/icyphy/ptII/ptolemy/actor/lib/test/auto/TestExceptionHandler2.xml (RunModel)" time="0.007" />
  <testcase classname="ptolemy.util.test.junit.AutoTests" name="[368] /home/travis/build/icyphy/ptII/ptolemy/actor/lib/test/auto/TestExceptionHandler3.xml (RunModel)" time="0.015" />
  <testcase classname="ptolemy.util.test.junit.AutoTests" name="[369] /home/travis/build/icyphy/ptII/ptolemy/actor/lib/test/auto/TestExceptionHandler4.xml (RunModel)" time="0.007" />
  <testcase classname="ptolemy.util.test.junit.AutoTests" name="[370] /home/travis/build/icyphy/ptII/ptolemy/actor/lib/test/auto/TestRequireCorrectOrder.xml (RunModel)" time="0.012" />
  <testcase classname="ptolemy.util.test.junit.AutoTests" name="[371] /home/travis/build/icyphy/ptII/ptolemy/actor/lib/test/auto/TestSimple.xml (RunModel)" time="0.006" />
  <testcase classname="ptolemy.util.test.junit.AutoTests" name="[372] /home/travis/build/icyphy/ptII/ptolemy/actor/lib/test/auto/ThrowModelError.xml (RunModel)" time="0.01" />
  <testcase classname="ptolemy.util.test.junit.AutoTests" name="[373] /home/travis/build/icyphy/ptII/ptolemy/actor/lib/test/auto/TimeDelayMicrosteps.xml (RunModel)" time="0.013" />
  <testcase classname="ptolemy.util.test.junit.AutoTests" name="[374] /home/travis/build/icyphy/ptII/ptolemy/actor/lib/test/auto/TimeDelayMicrosteps2.xml (RunModel)" time="0.015" />
  <testcase classname="ptolemy.util.test.junit.AutoTests" name="[375] /home/travis/build/icyphy/ptII/ptolemy/actor/lib/test/auto/TimeDelayMicrosteps3.xml (RunModel)" time="0.013" />
  <testcase classname="ptolemy.util.test.junit.AutoTests" name="[376] /home/travis/build/icyphy/ptII/ptolemy/actor/lib/test/auto/TimeDelayVariableMicrosteps.xml (RunModel)" time="0.013" />
  <testcase classname="ptolemy.util.test.junit.AutoTests" name="[377] /home/travis/build/icyphy/ptII/ptolemy/actor/lib/test/auto/TimeGap.xml (RunModel)" time="0.013" />
  <testcase classname="ptolemy.util.test.junit.AutoTests" name="[378] /home/travis/build/icyphy/ptII/ptolemy/actor/lib/test/auto/TimeGap2.xml (RunModel)" time="0.014" />
  <testcase classname="ptolemy.util.test.junit.AutoTests" name="[379] /home/travis/build/icyphy/ptII/ptolemy/actor/lib/test/auto/TimedSinewave.xml (RunModel)" time="0.044" />
  <testcase classname="ptolemy.util.test.junit.AutoTests" name="[380] /home/travis/build/icyphy/ptII/ptolemy/actor/lib/test/auto/TimedSinewavePhase.xml (RunModel)" time="0.023" />
  <testcase classname="ptolemy.util.test.junit.AutoTests" name="[381] /home/travis/build/icyphy/ptII/ptolemy/actor/lib/test/auto/Timer.xml (RunModel)" time="0.011" />
  <testcase classname="ptolemy.util.test.junit.AutoTests" name="[382] /home/travis/build/icyphy/ptII/ptolemy/actor/lib/test/auto/TriangularDistTestModel.xml (RunModel)" time="0.015" />
  <testcase classname="ptolemy.util.test.junit.AutoTests" name="[383] /home/travis/build/icyphy/ptII/ptolemy/actor/lib/test/auto/TrigFunction.xml (RunModel)" time="0.008" />
  <testcase classname="ptolemy.util.test.junit.AutoTests" name="[384] /home/travis/build/icyphy/ptII/ptolemy/actor/lib/test/auto/TrigFunctionDE.xml (RunModel)" time="0.012" />
  <testcase classname="ptolemy.util.test.junit.AutoTests" name="[385] /home/travis/build/icyphy/ptII/ptolemy/actor/lib/test/auto/TrigFunctionInverse.xml (RunModel)" time="0.01" />
  <testcase classname="ptolemy.util.test.junit.AutoTests" name="[386] /home/travis/build/icyphy/ptII/ptolemy/actor/lib/test/auto/TrigFunctionTan.xml (RunModel)" time="0.007" />
  <testcase classname="ptolemy.util.test.junit.AutoTests" name="[387] /home/travis/build/icyphy/ptII/ptolemy/actor/lib/test/auto/TriggeredClock.xml (RunModel)" time="0.008" />
  <testcase classname="ptolemy.util.test.junit.AutoTests" name="[388] /home/travis/build/icyphy/ptII/ptolemy/actor/lib/test/auto/URLDirectoryReader.xml (RunModel)" time="0.089" />
  <testcase classname="ptolemy.util.test.junit.AutoTests" name="[389] /home/travis/build/icyphy/ptII/ptolemy/actor/lib/test/auto/URLDirectoryReader3.xml (RunModel)" time="2.049" />
  <testcase classname="ptolemy.util.test.junit.AutoTests" name="[390] /home/travis/build/icyphy/ptII/ptolemy/actor/lib/test/auto/UnaryMathFunction.xml (RunModel)" time="0.055" />
  <testcase classname="ptolemy.util.test.junit.AutoTests" name="[391] /home/travis/build/icyphy/ptII/ptolemy/actor/lib/test/auto/Uniform.xml (RunModel)" time="0.041" />
  <testcase classname="ptolemy.util.test.junit.AutoTests" name="[392] /home/travis/build/icyphy/ptII/ptolemy/actor/lib/test/auto/UnionDisassemblerTest.xml (RunModel)" time="0.028" />
  <testcase classname="ptolemy.util.test.junit.AutoTests" name="[393] /home/travis/build/icyphy/ptII/ptolemy/actor/lib/test/auto/UtilityFunctions.xml (RunModel)" time="0.027" />
  <testcase classname="ptolemy.util.test.junit.AutoTests" name="[394] /home/travis/build/icyphy/ptII/ptolemy/actor/lib/test/auto/VariableSleep.xml (RunModel)" time="0.542" />
  <testcase classname="ptolemy.util.test.junit.AutoTests" name="[395] /home/travis/build/icyphy/ptII/ptolemy/actor/lib/test/auto/VectorAssemblerDisassemblerCT.xml (RunModel)" time="0.132" />
  <testcase classname="ptolemy.util.test.junit.AutoTests" name="[396] /home/travis/build/icyphy/ptII/ptolemy/actor/lib/test/auto/VectorAssemblerDisassemblerDE.xml (RunModel)" time="0.018" />
  <testcase classname="ptolemy.util.test.junit.AutoTests" name="[397] /home/travis/build/icyphy/ptII/ptolemy/actor/lib/test/auto/VectorAssemblerDisassemblerSDF.xml (RunModel)" time="0.015" />
  <testcase classname="ptolemy.util.test.junit.AutoTests" name="[398] /home/travis/build/icyphy/ptII/ptolemy/actor/lib/test/auto/WallClockTime.xml (RunModel)" time="1.017" />
  <testcase classname="ptolemy.util.test.junit.AutoTests" name="[399] /home/travis/build/icyphy/ptII/ptolemy/actor/lib/test/auto/WidthTestWithSubscriberPublisher.xml (RunModel)" time="0.064" />
  <testcase classname="ptolemy.util.test.junit.AutoTests" name="[400] /home/travis/build/icyphy/ptII/ptolemy/actor/lib/test/auto/WidthTestWithSubscriberPublisher2.xml (RunModel)" time="0.014" />
  <testcase classname="ptolemy.util.test.junit.AutoTests" name="[401] /home/travis/build/icyphy/ptII/ptolemy/actor/lib/test/auto/WidthTestWithSubscriberPublisher3.xml (RunModel)" time="0.011" />
  <testcase classname="ptolemy.util.test.junit.AutoTests" name="[402] /home/travis/build/icyphy/ptII/ptolemy/actor/lib/test/auto/Writer.xml (RunModel)" time="0.008" />
  <testcase classname="ptolemy.util.test.junit.AutoTests" name="[403] /home/travis/build/icyphy/ptII/ptolemy/actor/lib/test/auto/array.xml (RunModel)" time="0.009" />
  <testcase classname="ptolemy.util.test.junit.AutoTests" name="[404] /home/travis/build/icyphy/ptII/ptolemy/actor/lib/test/auto/array2.xml (RunModel)" time="0.015" />
  <testcase classname="ptolemy.util.test.junit.AutoTests" name="[405] /home/travis/build/icyphy/ptII/ptolemy/actor/lib/test/auto/arrayType.xml (RunModel)" time="0.009" />
  <testcase classname="ptolemy.util.test.junit.AutoTests" name="[406] /home/travis/build/icyphy/ptII/ptolemy/actor/lib/test/auto/arrayType10.xml (RunModel)" time="0.008" />
  <testcase classname="ptolemy.util.test.junit.AutoTests" name="[407] /home/travis/build/icyphy/ptII/ptolemy/actor/lib/test/auto/arrayType11.xml (RunModel)" time="0.009" />
  <testcase classname="ptolemy.util.test.junit.AutoTests" name="[408] /home/travis/build/icyphy/ptII/ptolemy/actor/lib/test/auto/arrayType12.xml (RunModel)" time="0.009" />
  <testcase classname="ptolemy.util.test.junit.AutoTests" name="[409] /home/travis/build/icyphy/ptII/ptolemy/actor/lib/test/auto/arrayType13.xml (RunModel)" time="0.01" />
  <testcase classname="ptolemy.util.test.junit.AutoTests" name="[410] /home/travis/build/icyphy/ptII/ptolemy/actor/lib/test/auto/arrayType14.xml (RunModel)" time="0.009" />
  <testcase classname="ptolemy.util.test.junit.AutoTests" name="[411] /home/travis/build/icyphy/ptII/ptolemy/actor/lib/test/auto/arrayType15.xml (RunModel)" time="0.01" />
  <testcase classname="ptolemy.util.test.junit.AutoTests" name="[412] /home/travis/build/icyphy/ptII/ptolemy/actor/lib/test/auto/arrayType16.xml (RunModel)" time="0.009" />
  <testcase classname="ptolemy.util.test.junit.AutoTests" name="[413] /home/travis/build/icyphy/ptII/ptolemy/actor/lib/test/auto/arrayType17.xml (RunModel)" time="0.009" />
  <testcase classname="ptolemy.util.test.junit.AutoTests" name="[414] /home/travis/build/icyphy/ptII/ptolemy/actor/lib/test/auto/arrayType18.xml (RunModel)" time="0.009" />
  <testcase classname="ptolemy.util.test.junit.AutoTests" name="[415] /home/travis/build/icyphy/ptII/ptolemy/actor/lib/test/auto/arrayType19.xml (RunModel)" time="0.008" />
  <testcase classname="ptolemy.util.test.junit.AutoTests" name="[416] /home/travis/build/icyphy/ptII/ptolemy/actor/lib/test/auto/arrayType2.xml (RunModel)" time="0.009" />
  <testcase classname="ptolemy.util.test.junit.AutoTests" name="[417] /home/travis/build/icyphy/ptII/ptolemy/actor/lib/test/auto/arrayType20.xml (RunModel)" time="0.009" />
  <testcase classname="ptolemy.util.test.junit.AutoTests" name="[418] /home/travis/build/icyphy/ptII/ptolemy/actor/lib/test/auto/arrayType21.xml (RunModel)" time="0.01" />
  <testcase classname="ptolemy.util.test.junit.AutoTests" name="[419] /home/travis/build/icyphy/ptII/ptolemy/actor/lib/test/auto/arrayType22.xml (RunModel)" time="0.009" />
  <testcase classname="ptolemy.util.test.junit.AutoTests" name="[420] /home/travis/build/icyphy/ptII/ptolemy/actor/lib/test/auto/arrayType23.xml (RunModel)" time="0.008" />
  <testcase classname="ptolemy.util.test.junit.AutoTests" name="[421] /home/travis/build/icyphy/ptII/ptolemy/actor/lib/test/auto/arrayType24.xml (RunModel)" time="0.009" />
  <testcase classname="ptolemy.util.test.junit.AutoTests" name="[422] /home/travis/build/icyphy/ptII/ptolemy/actor/lib/test/auto/arrayType25.xml (RunModel)" time="0.01" />
  <testcase classname="ptolemy.util.test.junit.AutoTests" name="[423] /home/travis/build/icyphy/ptII/ptolemy/actor/lib/test/auto/arrayType26.xml (RunModel)" time="0.011" />
  <testcase classname="ptolemy.util.test.junit.AutoTests" name="[424] /home/travis/build/icyphy/ptII/ptolemy/actor/lib/test/auto/arrayType27.xml (RunModel)" time="0.01" />
  <testcase classname="ptolemy.util.test.junit.AutoTests" name="[425] /home/travis/build/icyphy/ptII/ptolemy/actor/lib/test/auto/arrayType28.xml (RunModel)" time="0.012" />
  <testcase classname="ptolemy.util.test.junit.AutoTests" name="[426] /home/travis/build/icyphy/ptII/ptolemy/actor/lib/test/auto/arrayType3.xml (RunModel)" time="0.011" />
  <testcase classname="ptolemy.util.test.junit.AutoTests" name="[427] /home/travis/build/icyphy/ptII/ptolemy/actor/lib/test/auto/arrayType4.xml (RunModel)" time="0.011" />
  <testcase classname="ptolemy.util.test.junit.AutoTests" name="[428] /home/travis/build/icyphy/ptII/ptolemy/actor/lib/test/auto/arrayType5.xml (RunModel)" time="0.011" />
  <testcase classname="ptolemy.util.test.junit.AutoTests" name="[429] /home/travis/build/icyphy/ptII/ptolemy/actor/lib/test/auto/arrayType6.xml (RunModel)" time="0.014" />
  <testcase classname="ptolemy.util.test.junit.AutoTests" name="[430] /home/travis/build/icyphy/ptII/ptolemy/actor/lib/test/auto/arrayType7.xml (RunModel)" time="0.01" />
  <testcase classname="ptolemy.util.test.junit.AutoTests" name="[431] /home/travis/build/icyphy/ptII/ptolemy/actor/lib/test/auto/arrayType8.xml (RunModel)" time="0.009" />
  <testcase classname="ptolemy.util.test.junit.AutoTests" name="[432] /home/travis/build/icyphy/ptII/ptolemy/actor/lib/test/auto/arrayType9.xml (RunModel)" time="0.012" />
  <testcase classname="ptolemy.util.test.junit.AutoTests" name="[433] /home/travis/build/icyphy/ptII/ptolemy/actor/lib/test/auto/cast.xml (RunModel)" time="0.009" />
  <testcase classname="ptolemy.util.test.junit.AutoTests" name="[434] /home/travis/build/icyphy/ptII/ptolemy/actor/lib/test/auto/compositeMultiPort.xml (RunModel)" time="0.028" />
  <testcase classname="ptolemy.util.test.junit.AutoTests" name="[435] /home/travis/build/icyphy/ptII/ptolemy/actor/lib/test/auto/expressionCastInference.xml (RunModel)" time="0.009" />
  <testcase classname="ptolemy.util.test.junit.AutoTests" name="[436] /home/travis/build/icyphy/ptII/ptolemy/actor/lib/test/auto/expressionCastInference2.xml (RunModel)" time="0.013" />
  <testcase classname="ptolemy.util.test.junit.AutoTests" name="[437] /home/travis/build/icyphy/ptII/ptolemy/actor/lib/test/auto/expressionInference.xml (RunModel)" time="0.007" />
  <testcase classname="ptolemy.util.test.junit.AutoTests" name="[438] /home/travis/build/icyphy/ptII/ptolemy/actor/lib/test/auto/expression_bug.xml (RunModel)" time="0.008" />
  <testcase classname="ptolemy.util.test.junit.AutoTests" name="[439] /home/travis/build/icyphy/ptII/ptolemy/actor/lib/test/auto/factorial.xml (RunModel)" time="0.061" />
  <testcase classname="ptolemy.util.test.junit.AutoTests" name="[440] /home/travis/build/icyphy/ptII/ptolemy/actor/lib/test/auto/filterTest1.xml (RunModel)" time="0.016" />
  <testcase classname="ptolemy.util.test.junit.AutoTests" name="[441] /home/travis/build/icyphy/ptII/ptolemy/actor/lib/test/auto/funcApplyInConst.xml (RunModel)" time="0.006" />
  <testcase classname="ptolemy.util.test.junit.AutoTests" name="[442] /home/travis/build/icyphy/ptII/ptolemy/actor/lib/test/auto/funcApplyInExpr.xml (RunModel)" time="0.005" />
  <testcase classname="ptolemy.util.test.junit.AutoTests" name="[443] /home/travis/build/icyphy/ptII/ptolemy/actor/lib/test/auto/function.xml (RunModel)" time="0.011" />
  <testcase classname="ptolemy.util.test.junit.AutoTests" name="[444] /home/travis/build/icyphy/ptII/ptolemy/actor/lib/test/auto/function2.xml (RunModel)" time="0.011" />
  <testcase classname="ptolemy.util.test.junit.AutoTests" name="[445] /home/travis/build/icyphy/ptII/ptolemy/actor/lib/test/auto/function3.xml (RunModel)" time="0.007" />
  <testcase classname="ptolemy.util.test.junit.AutoTests" name="[446] /home/travis/build/icyphy/ptII/ptolemy/actor/lib/test/auto/functionClosureTest1.xml (RunModel)" time="0.012" />
  <testcase classname="ptolemy.util.test.junit.AutoTests" name="[447] /home/travis/build/icyphy/ptII/ptolemy/actor/lib/test/auto/functionClosureTest2.xml (RunModel)" time="0.007" />
  <testcase classname="ptolemy.util.test.junit.AutoTests" name="[448] /home/travis/build/icyphy/ptII/ptolemy/actor/lib/test/auto/functionClosureTest3.xml (RunModel)" time="0.01" />
  <testcase classname="ptolemy.util.test.junit.AutoTests" name="[449] /home/travis/build/icyphy/ptII/ptolemy/actor/lib/test/auto/functionClosureTest4.xml (RunModel)" time="0.019" />
  <testcase classname="ptolemy.util.test.junit.AutoTests" name="[450] /home/travis/build/icyphy/ptII/ptolemy/actor/lib/test/auto/functionClosureTest5.xml (RunModel)" time="0.011" />
  <testcase classname="ptolemy.util.test.junit.AutoTests" name="[451] /home/travis/build/icyphy/ptII/ptolemy/actor/lib/test/auto/functionClosureTest6.xml (RunModel)" time="0.012" />
  <testcase classname="ptolemy.util.test.junit.AutoTests" name="[452] /home/travis/build/icyphy/ptII/ptolemy/actor/lib/test/auto/functionsOnArcs.xml (RunModel)" time="0.01" />
  <testcase classname="ptolemy.util.test.junit.AutoTests" name="[453] /home/travis/build/icyphy/ptII/ptolemy/actor/lib/test/auto/functionsOnArcsHOF.xml (RunModel)" time="0.01" />
  <testcase classname="ptolemy.util.test.junit.AutoTests" name="[454] /home/travis/build/icyphy/ptII/ptolemy/actor/lib/test/auto/logic.xml (RunModel)" time="0.018" />
  <testcase classname="ptolemy.util.test.junit.AutoTests" name="[455] /home/travis/build/icyphy/ptII/ptolemy/actor/lib/test/auto/matrixType.xml (RunModel)" time="0.01" />
  <testcase classname="ptolemy.util.test.junit.AutoTests" name="[456] /home/travis/build/icyphy/ptII/ptolemy/actor/lib/test/auto/matrixType10.xml (RunModel)" time="0.009" />
  <testcase classname="ptolemy.util.test.junit.AutoTests" name="[457] /home/travis/build/icyphy/ptII/ptolemy/actor/lib/test/auto/matrixType11.xml (RunModel)" time="0.009" />
  <testcase classname="ptolemy.util.test.junit.AutoTests" name="[458] /home/travis/build/icyphy/ptII/ptolemy/actor/lib/test/auto/matrixType12.xml (RunModel)" time="0.012" />
  <testcase classname="ptolemy.util.test.junit.AutoTests" name="[459] /home/travis/build/icyphy/ptII/ptolemy/actor/lib/test/auto/matrixType13.xml (RunModel)" time="0.009" />
  <testcase classname="ptolemy.util.test.junit.AutoTests" name="[460] /home/travis/build/icyphy/ptII/ptolemy/actor/lib/test/auto/matrixType14.xml (RunModel)" time="0.01" />
  <testcase classname="ptolemy.util.test.junit.AutoTests" name="[461] /home/travis/build/icyphy/ptII/ptolemy/actor/lib/test/auto/matrixType2.xml (RunModel)" time="0.01" />
  <testcase classname="ptolemy.util.test.junit.AutoTests" name="[462] /home/travis/build/icyphy/ptII/ptolemy/actor/lib/test/auto/matrixType3.xml (RunModel)" time="0.011" />
  <testcase classname="ptolemy.util.test.junit.AutoTests" name="[463] /home/travis/build/icyphy/ptII/ptolemy/actor/lib/test/auto/matrixType4.xml (RunModel)" time="0.008" />
  <testcase classname="ptolemy.util.test.junit.AutoTests" name="[464] /home/travis/build/icyphy/ptII/ptolemy/actor/lib/test/auto/matrixType5.xml (RunModel)" time="0.009" />
  <testcase classname="ptolemy.util.test.junit.AutoTests" name="[465] /home/travis/build/icyphy/ptII/ptolemy/actor/lib/test/auto/matrixType6.xml (RunModel)" time="0.009" />
  <testcase classname="ptolemy.util.test.junit.AutoTests" name="[466] /home/travis/build/icyphy/ptII/ptolemy/actor/lib/test/auto/matrixType7.xml (RunModel)" time="0.009" />
  <testcase classname="ptolemy.util.test.junit.AutoTests" name="[467] /home/travis/build/icyphy/ptII/ptolemy/actor/lib/test/auto/matrixType8.xml (RunModel)" time="0.009" />
  <testcase classname="ptolemy.util.test.junit.AutoTests" name="[468] /home/travis/build/icyphy/ptII/ptolemy/actor/lib/test/auto/matrixType9.xml (RunModel)" time="0.008" />
  <testcase classname="ptolemy.util.test.junit.AutoTests" name="[469] /home/travis/build/icyphy/ptII/ptolemy/actor/lib/test/auto/paraFunctest.xml (RunModel)" time="0.008" />
  <testcase classname="ptolemy.util.test.junit.AutoTests" name="[470] /home/travis/build/icyphy/ptII/ptolemy/actor/lib/test/auto/paraFunctest2.xml (RunModel)" time="0.007" />
  <testcase classname="ptolemy.util.test.junit.AutoTests" name="[471] /home/travis/build/icyphy/ptII/ptolemy/actor/lib/test/auto/parameterPassing.xml (RunModel)" time="0.009" />
  <testcase classname="ptolemy.util.test.junit.AutoTests" name="[472] /home/travis/build/icyphy/ptII/ptolemy/actor/lib/test/auto/record.xml (RunModel)" time="0.01" />
  <testcase classname="ptolemy.util.test.junit.AutoTests" name="[473] /home/travis/build/icyphy/ptII/ptolemy/actor/lib/test/auto/sizedarray1.xml (RunModel)" time="0.009" />
  <testcase classname="ptolemy.util.test.junit.AutoTests" name="[474] /home/travis/build/icyphy/ptII/ptolemy/actor/lib/test/auto/sizedarray2.xml (RunModel)" time="0.01" />
  <testcase classname="ptolemy.util.test.junit.AutoTests" name="[475] /home/travis/build/icyphy/ptII/ptolemy/actor/lib/test/auto/twoPublishers.xml (RunModel)" time="0.02" />
  <system-out><![CDATA[/home/travis/build/icyphy/ptII/ptolemy/actor/lib/test/AbsoluteValue.tcl
testDefs.tcl: setting time out to 9000 seconds at Wed Sep 12 02:06:15 UTC 2018
78 ms. Memory: 116224K Free: 106763K (92%)
4 ms. Memory: 116224K Free: 105549K (91%)
4 ms. Memory: 116224K Free: 104954K (90%)
4 ms. Memory: 116224K Free: 103764K (89%)
/home/travis/build/icyphy/ptII/ptolemy/actor/lib/test/AddSubtract.tcl
13 ms. Memory: 116224K Free: 101963K (88%)
5 ms. Memory: 116224K Free: 100749K (87%)
5 ms. Memory: 116224K Free: 100154K (86%)
8 ms. Memory: 116224K Free: 99559K (86%)
5 ms. Memory: 116224K Free: 98948K (85%)
14 ms. Memory: 116224K Free: 97750K (84%)
/home/travis/build/icyphy/ptII/ptolemy/actor/lib/test/Average.tcl
18 ms. Memory: 116224K Free: 96520K (83%)
11 ms. Memory: 116224K Free: 94718K (81%)
/home/travis/build/icyphy/ptII/ptolemy/actor/lib/test/Bernoulli.tcl
4 ms. Memory: 116224K Free: 93512K (80%)
2 ms. Memory: 116224K Free: 92901K (80%)
/home/travis/build/icyphy/ptII/ptolemy/actor/lib/test/Clock.tcl
preinitializing
resolving types
initializing
executing number 1
wrapping up
idle
11 ms. Memory: 116224K Free: 90489K (78%)
Completed execution with 5 iterations
preinitializing
resolving types
initializing
executing number 1
wrapping up
idle
7 ms. Memory: 116224K Free: 89887K (77%)
Completed execution with 5 iterations
preinitializing
resolving types
initializing
executing number 1
wrapping up
idle
3 ms. Memory: 116224K Free: 89284K (77%)
Completed execution with 5 iterations
/home/travis/build/icyphy/ptII/ptolemy/actor/lib/test/Commutator.tcl
6 ms. Memory: 116224K Free: 87483K (75%)
6 ms. Memory: 116224K Free: 86285K (74%)
15 ms. Memory: 116224K Free: 81325K (70%)
/home/travis/build/icyphy/ptII/ptolemy/actor/lib/test/Const.tcl
3 ms. Memory: 116224K Free: 109492K (94%)
4 ms. Memory: 116224K Free: 108877K (94%)
11 ms. Memory: 116224K Free: 108262K (93%)
2 ms. Memory: 116224K Free: 107663K (93%)
2 ms. Memory: 116224K Free: 107048K (92%)
25 ms. Memory: 116224K Free: 105252K (91%)
4 ms. Memory: 116224K Free: 104613K (90%)
7 ms. Memory: 116224K Free: 103403K (89%)
/home/travis/build/icyphy/ptII/ptolemy/actor/lib/test/CurrentTime.tcl
preinitializing
resolving types
initializing
executing number 1
wrapping up
idle
16 ms. Memory: 116224K Free: 101598K (87%)
Completed execution with 11 iterations
/home/travis/build/icyphy/ptII/ptolemy/actor/lib/test/DB.tcl
4 ms. Memory: 116224K Free: 99801K (86%)
6 ms. Memory: 116224K Free: 99202K (85%)
8 ms. Memory: 116224K Free: 98587K (85%)
/home/travis/build/icyphy/ptII/ptolemy/actor/lib/test/DiscreteRandomSource.tcl
preinitializing
resolving types
initializing
executing number 1
wrapping up
idle
8 ms. Memory: 116224K Free: 97381K (84%)
Completed execution with 4 iterations
preinitializing
resolving types
initializing
executing number 1
wrapping up
idle
11 ms. Memory: 116224K Free: 96766K (83%)
Completed execution with 4 iterations
preinitializing
resolving types
initializing
executing number 1
wrapping up
idle
3 ms. Memory: 116224K Free: 96151K (83%)
Completed execution with 4 iterations
preinitializing
resolving types
initializing
executing number 1
wrapping up
idle
3 ms. Memory: 116224K Free: 95552K (82%)
Completed execution with 4 iterations
preinitializing
resolving types
initializing
executing number 1
wrapping up
idle
3 ms. Memory: 116224K Free: 95552K (82%)
Completed execution with 4 iterations
/home/travis/build/icyphy/ptII/ptolemy/actor/lib/test/Distributor.tcl
4 ms. Memory: 116224K Free: 93755K (81%)
3 ms. Memory: 116224K Free: 93148K (80%)
StreamChangeRequest.changeExecuted(): <deleteEntity name="rec2"/> succeeded
StreamChangeRequest.changeExecuted(): <deleteRelation name="r2"/> succeeded
StreamChangeRequest.changeExecuted(): Record firings per iteration succeeded
6 ms. Memory: 116224K Free: 90729K (78%)
/home/travis/build/icyphy/ptII/ptolemy/actor/lib/test/Exit.tcl
Exit.tcl: this will print a message about Manager.exitAfterWrapup, which can be ignored.
4 ms. Memory: 116224K Free: 87063K (75%)
/home/travis/build/icyphy/ptII/ptolemy/actor/lib/test/Expression.tcl
5 ms. Memory: 116224K Free: 84612K (73%)
3 ms. Memory: 116224K Free: 83997K (72%)
3 ms. Memory: 116224K Free: 83374K (72%)
preinitializing
resolving types
initializing
executing number 1
wrapping up
idle
6 ms. Memory: 116224K Free: 81545K (70%)
Completed execution with 6 iterations
14 ms. Memory: 116224K Free: 110748K (95%)
3 ms. Memory: 116224K Free: 110143K (95%)
14 ms. Memory: 116224K Free: 108834K (94%)
3 ms. Memory: 116224K Free: 107632K (93%)
8 ms. Memory: 116224K Free: 106422K (92%)
/home/travis/build/icyphy/ptII/ptolemy/actor/lib/test/Gaussian.tcl
11 ms. Memory: 116224K Free: 104622K (90%)
sleeping 1 seconds: ..........................................................................................................................................................................................................................................................................................................................................................................................................................................................................................................................................................................................................................................................................................................................................................................................................................................................................................................................................................................................................................................................................................................................................................................................................................................................................................................................................................................................................................................................................................................................................................................................................................................................................................................................................................................................................................................................................................................................................................................................................................................................................................6 ms. Memory: 116224K Free: 95195K (82%)
3 ms. Memory: 116224K Free: 94574K (81%)
2 ms. Memory: 116224K Free: 93953K (81%)
2 ms. Memory: 116224K Free: 93332K (80%)
7 ms. Memory: 116224K Free: 92743K (80%)
/home/travis/build/icyphy/ptII/ptolemy/actor/lib/test/IIR.tcl
/home/travis/build/icyphy/ptII/ptolemy/actor/lib/test/Interpolator.tcl
4 ms. Memory: 116224K Free: 88618K (76%)
10 ms. Memory: 116224K Free: 88029K (76%)
2 ms. Memory: 116224K Free: 88029K (76%)
2 ms. Memory: 116224K Free: 87440K (75%)
8 ms. Memory: 116224K Free: 86230K (74%)
9 ms. Memory: 116224K Free: 85641K (74%)
2 ms. Memory: 116224K Free: 84462K (73%)
3 ms. Memory: 116224K Free: 83873K (72%)
10 ms. Memory: 116224K Free: 82695K (71%)
2 ms. Memory: 116224K Free: 82106K (71%)
/home/travis/build/icyphy/ptII/ptolemy/actor/lib/test/MathFunction.tcl
21 ms. Memory: 146944K Free: 140342K (96%)
3 ms. Memory: 146944K Free: 138977K (95%)
2 ms. Memory: 146944K Free: 137781K (94%)
2 ms. Memory: 146944K Free: 137781K (94%)
3 ms. Memory: 146944K Free: 135389K (92%)
16 ms. Memory: 146944K Free: 134193K (91%)
/home/travis/build/icyphy/ptII/ptolemy/actor/lib/test/Maximum.tcl
6 ms. Memory: 146944K Free: 131801K (90%)
7 ms. Memory: 146944K Free: 131801K (90%)
6 ms. Memory: 146944K Free: 130604K (89%)
2 ms. Memory: 146944K Free: 130604K (89%)
/home/travis/build/icyphy/ptII/ptolemy/actor/lib/test/Minimum.tcl
8 ms. Memory: 146944K Free: 128212K (87%)
6 ms. Memory: 146944K Free: 127016K (86%)
3 ms. Memory: 146944K Free: 127016K (86%)
3 ms. Memory: 146944K Free: 125820K (86%)
/home/travis/build/icyphy/ptII/ptolemy/actor/lib/test/MultiplyDivide.tcl
8 ms. Memory: 146944K Free: 124624K (85%)
7 ms. Memory: 146944K Free: 123428K (84%)
3 ms. Memory: 146944K Free: 122232K (83%)
4 ms. Memory: 146944K Free: 122232K (83%)
3 ms. Memory: 146944K Free: 121036K (82%)
/home/travis/build/icyphy/ptII/ptolemy/actor/lib/test/OrderedMerge.tcl
Connections changed on port: inputA
Connections changed on port: inputB
Connections changed on port: output
Connections changed on port: output
Connections changed on port: output
Connections changed on port: input
.top. Preinitializing ...
Invoking preinitialize():  .top.OrderedMerge
Called preinitialize()
Invoking preinitialize():  .top.Ramp
Called preinitialize()
Invoking preinitialize():  .top.Ramp2
Called preinitialize()
Invoking preinitialize():  .top.Test
Called preinitialize()
Connections changed on port: inputA
Connections changed on port: output
Connections changed on port: inputB
Connections changed on port: output
Connections changed on port: output
Connections changed on port: input
.top. Finished preinitialize().
Called initialize().
Invoking initialize():  .top.OrderedMerge
Initializing actor: .top.OrderedMerge
Adding a thread: .top.OrderedMerge
Invoking initialize():  .top.Ramp
Initializing actor: .top.Ramp
Adding a thread: .top.Ramp
Invoking initialize():  .top.Ramp2
Initializing actor: .top.Ramp2
Adding a thread: .top.Ramp2
Invoking initialize():  .top.Test
Initializing actor: .top.Test
Adding a thread: .top.Test
-- Starting thread.
-- Starting thread.
Called initialize()
Called initialize()
Called prefire()
-- Starting thread.
Called initialize()
Called fire()
Called prefire()
Called fire()
-- Starting thread.
Called fire().
Checking for deadlock:
There are 1 Blocked actors, 0 Stopped actors, and 4 active threads.
Waiting for actors to stop.
Called prefire()
Called fire()
Called postfire()
Called postfire()
Called prefire()
Called prefire()
Called fire()
Called fire()
Called initialize()
Checking for deadlock:
There are 3 Blocked actors, 0 Stopped actors, and 4 active threads.
Waiting for actors to stop.
Called prefire()
Called fire()
Checking for deadlock:
There are 2 Blocked actors, 0 Stopped actors, and 4 active threads.
Waiting for actors to stop.
Called postfire()
Called prefire()
Called fire()
Checking for deadlock:
There are 3 Blocked actors, 0 Stopped actors, and 4 active threads.
Waiting for actors to stop.
Read input token from inputA with value 0.0
Next port to read input from is inputB
Called postfire()
Called prefire()
Called fire()
Read input token from inputB with value 0.0
Called postfire()
Called prefire()
Called fire()
Sent output token with value 0.0
Checking for deadlock:
There are 2 Blocked actors, 0 Stopped actors, and 4 active threads.
Waiting for actors to stop.
-- Read input: 0.0, which is expected to match: 0.0
Called prefire()
Called fire()
Checking for deadlock:
There are 3 Blocked actors, 0 Stopped actors, and 4 active threads.
Waiting for actors to stop.
Next port to read input from is inputA
Called postfire()
Called prefire()
Called fire()
Called postfire()
Called prefire()
Called fire()
Checking for deadlock:
There are 3 Blocked actors, 0 Stopped actors, and 4 active threads.
Waiting for actors to stop.
Read input token from inputA with value 1.0
Checking for deadlock:
There are 2 Blocked actors, 0 Stopped actors, and 4 active threads.
-- Read input: 0.0, which is expected to match: 0.0
Waiting for actors to stop.
Called prefire()
Called fire()
Sent output token with value 0.0
Checking for deadlock:
There are 3 Blocked actors, 0 Stopped actors, and 4 active threads.
Waiting for actors to stop.
Next port to read input from is inputB
Called postfire()
Called prefire()
Called fire()
Checking for deadlock:
There are 2 Blocked actors, 0 Stopped actors, and 4 active threads.
Waiting for actors to stop.
Read input token from inputB with value 1.5
Sent output token with value 1.0
Next port to read input from is inputA
Called postfire()
Called prefire()
Called fire()
Read input token from inputA with value 2.0
Called postfire()
-- Read input: 1.0, which is expected to match: 1.0
Called prefire()
Called fire()
Called prefire()
Called fire()
Checking for deadlock:
There are 2 Blocked actors, 0 Stopped actors, and 4 active threads.
Waiting for actors to stop.
Called postfire()
Called prefire()
Called fire()
Checking for deadlock:
There are 3 Blocked actors, 0 Stopped actors, and 4 active threads.
Waiting for actors to stop.
Checking for deadlock:
There are 2 Blocked actors, 0 Stopped actors, and 4 active threads.
Waiting for actors to stop.
-- Read input: 1.5, which is expected to match: 1.5
Sent output token with value 1.5
Called prefire()
Called fire()
Next port to read input from is inputB
Called postfire()
Called prefire()
Checking for deadlock:
There are 3 Blocked actors, 0 Stopped actors, and 4 active threads.
Waiting for actors to stop.
Called fire()
Checking for deadlock:
There are 2 Blocked actors, 0 Stopped actors, and 4 active threads.
Waiting for actors to stop.
Read input token from inputB with value 3.0
Called postfire()
Called prefire()
Called fire()
Checking for deadlock:
There are 3 Blocked actors, 0 Stopped actors, and 4 active threads.
Waiting for actors to stop.
Checking for deadlock:
There are 2 Blocked actors, 0 Stopped actors, and 4 active threads.
Sent output token with value 2.0
Waiting for actors to stop.
-- Read input: 2.0, which is expected to match: 2.0
Next port to read input from is inputA
Called postfire()
Called prefire()
Called prefire()
Called fire()
Called fire()
Checking for deadlock:
There are 3 Blocked actors, 0 Stopped actors, and 4 active threads.
Waiting for actors to stop.
Checking for deadlock:
There are 2 Blocked actors, 0 Stopped actors, and 4 active threads.
Waiting for actors to stop.
Called postfire()
Called prefire()
Called fire()
Checking for deadlock:
There are 3 Blocked actors, 0 Stopped actors, and 4 active threads.
Waiting for actors to stop.
Read input token from inputA with value 3.0
Checking for deadlock:
There are 2 Blocked actors, 0 Stopped actors, and 4 active threads.
Waiting for actors to stop.
Sent output token with value 3.0
Next port to read input from is inputB
Called postfire()
Called prefire()
Called fire()
Read input token from inputB with value 4.5
-- Read input: 3.0, which is expected to match: 3.0
Called postfire()
Checking for deadlock:
Called prefire()
Called fire()
Called prefire()
Called fire()
There are 1 Blocked actors, 0 Stopped actors, and 4 active threads.
Waiting for actors to stop.
Checking for deadlock:
There are 2 Blocked actors, 0 Stopped actors, and 4 active threads.
Waiting for actors to stop.
-- Read input: 3.0, which is expected to match: 3.0
Called prefire()
Called fire()
Checking for deadlock:
There are 3 Blocked actors, 0 Stopped actors, and 4 active threads.
Waiting for actors to stop.
Sent output token with value 3.0
Next port to read input from is inputA
Called postfire()
Called prefire()
Called fire()
Checking for deadlock:
There are 2 Blocked actors, 0 Stopped actors, and 4 active threads.
Waiting for actors to stop.
Read input token from inputA with value 4.0
Called postfire()
Called prefire()
Called fire()
-- Read input: 4.0, which is expected to match: 4.0
Checking for deadlock:
There are 2 Blocked actors, 0 Stopped actors, and 4 active threads.
Waiting for actors to stop.
Called prefire()
Called fire()
Past the end of training data. Read and discard all inputs.
Checking for deadlock:
There are 3 Blocked actors, 0 Stopped actors, and 4 active threads.
Waiting for actors to stop.
Sent output token with value 4.0
Next port to read input from is inputA
Called postfire()
Called prefire()
Called fire()
Called postfire()
Read input token from inputA with value 5.0
Checking for deadlock:
There are 2 Blocked actors, 0 Stopped actors, and 4 active threads.
Waiting for actors to stop.
Called prefire()
Called fire()
Checking for deadlock:
There are 2 Blocked actors, 0 Stopped actors, and 4 active threads.
Waiting for actors to stop.
Called prefire()
Called fire()
Past the end of training data. Read and discard all inputs.
Checking for deadlock:
There are 3 Blocked actors, 0 Stopped actors, and 4 active threads.
Waiting for actors to stop.
Sent output token with value 4.5
Next port to read input from is inputB
Called postfire()
Called prefire()
Called fire()
Checking for deadlock:
Read input token from inputB with value 6.0
There are 2 Blocked actors, 0 Stopped actors, and 4 active threads.
Waiting for actors to stop.
Called postfire()
Called prefire()
Called fire()
Checking for deadlock:
There are 2 Blocked actors, 0 Stopped actors, and 4 active threads.
Waiting for actors to stop.
Called prefire()
Called fire()
Past the end of training data. Read and discard all inputs.
Checking for deadlock:
Sent output token with value 5.0
There are 3 Blocked actors, 0 Stopped actors, and 4 active threads.
Waiting for actors to stop.
Next port to read input from is inputA
Called postfire()
Called prefire()
Called fire()
Checking for deadlock:
There are 2 Blocked actors, 0 Stopped actors, and 4 active threads.
Waiting for actors to stop.
Read input token from inputA with value 6.0
Called postfire()
Called prefire()
Called fire()
Called prefire()
Called fire()
Checking for deadlock:
There are 2 Blocked actors, 0 Stopped actors, and 4 active threads.
Past the end of training data. Read and discard all inputs.
Waiting for actors to stop.
Checking for deadlock:
There are 3 Blocked actors, 0 Stopped actors, and 4 active threads.
Waiting for actors to stop.
Sent output token with value 6.0
Next port to read input from is inputB
Called postfire()
Called prefire()
Called fire()
Checking for deadlock:
Read input token from inputB with value 7.5
There are 2 Blocked actors, 0 Stopped actors, and 4 active threads.
Waiting for actors to stop.
Checking for deadlock:
There are 1 Blocked actors, 0 Stopped actors, and 4 active threads.
Called prefire()
Called fire()
Waiting for actors to stop.
Past the end of training data. Read and discard all inputs.
Called postfire()
Called prefire()
Called fire()
Checking for deadlock:
Sent output token with value 6.0
There are 3 Blocked actors, 0 Stopped actors, and 4 active threads.
Waiting for actors to stop.
Next port to read input from is inputA
Called postfire()
Called prefire()
Called fire()
Checking for deadlock:
There are 2 Blocked actors, 0 Stopped actors, and 4 active threads.
Read input token from inputA with value 7.0
Waiting for actors to stop.
Checking for deadlock:
There are 1 Blocked actors, 0 Stopped actors, and 4 active threads.
Waiting for actors to stop.
Called prefire()
Called fire()
Past the end of training data. Read and discard all inputs.
Called postfire()
Called prefire()
Called fire()
Sent output token with value 7.0
Checking for deadlock:
Next port to read input from is inputA
There are 3 Blocked actors, 0 Stopped actors, and 4 active threads.
Waiting for actors to stop.
Called postfire()
Called prefire()
Called fire()
Checking for deadlock:
There are 2 Blocked actors, 0 Stopped actors, and 4 active threads.
Waiting for actors to stop.
Read input token from inputA with value 8.0
-- Thread wrapup() called.
Called wrapup()
Sent output token with value 7.5
Thread .top.Ramp is exiting.
-- Thread stopped.
Next port to read input from is inputB
Called postfire()
Called prefire()
Called fire()
Read input token from inputB with value 9.0
Checking for deadlock:
There are 1 Blocked actors, 0 Stopped actors, and 3 active threads.
Waiting for actors to stop.
Called prefire()
Called fire()
Past the end of training data. Read and discard all inputs.
Checking for deadlock:
There are 1 Blocked actors, 0 Stopped actors, and 3 active threads.
Waiting for actors to stop.
Called postfire()
Called prefire()
Called fire()
Checking for deadlock:
There are 2 Blocked actors, 0 Stopped actors, and 3 active threads.
Waiting for actors to stop.
Checking for deadlock:
There are 1 Blocked actors, 0 Stopped actors, and 3 active threads.
Waiting for actors to stop.
Called prefire()
Called fire()
Past the end of training data. Read and discard all inputs.
Checking for deadlock:
There are 2 Blocked actors, 0 Stopped actors, and 3 active threads.
Waiting for actors to stop.
Sent output token with value 8.0
Next port to read input from is inputA
Called postfire()
Called prefire()
Called fire()
Read input token from inputA with value 9.0
Checking for deadlock:
There are 1 Blocked actors, 0 Stopped actors, and 3 active threads.
Waiting for actors to stop.
Called prefire()
Called fire()
Past the end of training data. Read and discard all inputs.
Sent output token with value 9.0
Checking for deadlock:
There are 2 Blocked actors, 0 Stopped actors, and 3 active threads.
Waiting for actors to stop.
Next port to read input from is inputB
Called postfire()
Called prefire()
Called fire()
Checking for deadlock:
There are 1 Blocked actors, 0 Stopped actors, and 3 active threads.
Waiting for actors to stop.
Read input token from inputB with value 10.5
Called postfire()
Called prefire()
Called fire()
Checking for deadlock:
There are 2 Blocked actors, 0 Stopped actors, and 3 active threads.
Waiting for actors to stop.
Checking for deadlock:
There are 1 Blocked actors, 0 Stopped actors, and 3 active threads.
Waiting for actors to stop.
Sent output token with value 9.0
Called prefire()
Called fire()
Past the end of training data. Read and discard all inputs.
Checking for deadlock:
There are 2 Blocked actors, 0 Stopped actors, and 3 active threads.
Waiting for actors to stop.
Next port to read input from is inputA
Called postfire()
Called prefire()
Called fire()
Checking for deadlock:
There are 3 Blocked actors, 0 Stopped actors, and 3 active threads.
Actors have stopped.
Checking for deadlock:
There are 3 Blocked actors, 0 Stopped actors, and 3 active threads.
Deadlock detected.
Resolving Deadlock
Checking for deadlock:
There are 3 Blocked actors, 0 Stopped actors, and 3 active threads.
Artificial Deadlock - increasing queue capacity.
increasing the capacity of receiver ptolemy.actor.TypedIOPort {.top.OrderedMerge.inputB} to 2
Director: Called postfire().
-- Thread wrapup() called.
Called wrapup()
Called postfire().
_stopRequested = false
_stopFireRequested = false
Returning from postfire(): true
Thread .top.Ramp2 is exiting.
-- Thread stopped.
Called fire().
Checking for deadlock:
There are 2 Blocked actors, 0 Stopped actors, and 2 active threads.
Actors have stopped.
Checking for deadlock:
There are 2 Blocked actors, 0 Stopped actors, and 2 active threads.
Deadlock detected.
Resolving Deadlock
Checking for deadlock:
There are 2 Blocked actors, 0 Stopped actors, and 2 active threads.
Deadlock detected: no processes blocked on write, but some are blocked on read.
Called postfire().
_stopRequested = false
_stopFireRequested = false
Returning from postfire(): false
Finished deactivating branches.
Called wrapup().
-- Thread wrapup() called.
-- Thread wrapup() called.
Called wrapup()
Thread .top.Test is exiting.
-- Thread stopped.
-- Blocked Receiver call threw TerminateProcessException.
Called wrapup()
Thread .top.OrderedMerge is exiting.
-- Thread stopped.
-- Blocked Receiver call threw TerminateProcessException.
41 ms. Memory: 146944K Free: 116187K (79%)
.top. Preinitializing ...
Invoking preinitialize():  .top.OrderedMerge
Called preinitialize()
Invoking preinitialize():  .top.Ramp
Called preinitialize()
Invoking preinitialize():  .top.Ramp2
Called preinitialize()
Invoking preinitialize():  .top.Test
Called preinitialize()
.top. Finished preinitialize().
Called initialize().
Invoking initialize():  .top.OrderedMerge
Initializing actor: .top.OrderedMerge
Adding a thread: .top.OrderedMerge
Invoking initialize():  .top.Ramp
Initializing actor: .top.Ramp
Adding a thread: .top.Ramp
Invoking initialize():  .top.Ramp2
Initializing actor: .top.Ramp2
Adding a thread: .top.Ramp2
Invoking initialize():  .top.Test
Initializing actor: .top.Test
Adding a thread: .top.Test
-- Starting thread.
Called initialize()
Called prefire()
Called fire()
-- Starting thread.
Called initialize()
Called prefire()
Called fire()
Called postfire()
Called prefire()
Called fire()
-- Starting thread.
Called initialize()
Called prefire()
Called fire()
Called postfire()
Called prefire()
Called fire()
Called fire().
Checking for deadlock:
There are 3 Blocked actors, 0 Stopped actors, and 4 active threads.
Waiting for actors to stop.
-- Starting thread.
Called initialize()
Called prefire()
Called fire()
Checking for deadlock:
There are 2 Blocked actors, 0 Stopped actors, and 4 active threads.
Waiting for actors to stop.
Called postfire()
Called prefire()
Called fire()
Checking for deadlock:
There are 3 Blocked actors, 0 Stopped actors, and 4 active threads.
Waiting for actors to stop.
Read input token from inputA with value 0.0
Next port to read input from is inputB
Called postfire()
Called prefire()
Called fire()
Checking for deadlock:
There are 2 Blocked actors, 0 Stopped actors, and 4 active threads.
Waiting for actors to stop.
Called postfire()
Called prefire()
Called fire()
Checking for deadlock:
There are 3 Blocked actors, 0 Stopped actors, and 4 active threads.
Waiting for actors to stop.
Read input token from inputB with value 0.0
Checking for deadlock:
There are 2 Blocked actors, 0 Stopped actors, and 4 active threads.
Waiting for actors to stop.
-- Read input: 0.0, which is expected to match: 0.0
Called prefire()
Called fire()
Checking for deadlock:
There are 3 Blocked actors, 0 Stopped actors, and 4 active threads.
Waiting for actors to stop.
Sent output token with value 0.0
Next port to read input from is inputA
Called postfire()
Called prefire()
Called fire()
Checking for deadlock:
There are 2 Blocked actors, 0 Stopped actors, and 4 active threads.
Waiting for actors to stop.
Called postfire()
Called prefire()
Called fire()
Checking for deadlock:
There are 3 Blocked actors, 0 Stopped actors, and 4 active threads.
Waiting for actors to stop.
Read input token from inputA with value 1.0
Checking for deadlock:
There are 2 Blocked actors, 0 Stopped actors, and 4 active threads.
Waiting for actors to stop.
-- Read input: 0.0, which is expected to match: 0.0
Called prefire()
Called fire()
Checking for deadlock:
There are 3 Blocked actors, 0 Stopped actors, and 4 active threads.
Waiting for actors to stop.
Sent output token with value 0.0
Next port to read input from is inputB
Called postfire()
Called prefire()
Called fire()
Checking for deadlock:
There are 2 Blocked actors, 0 Stopped actors, and 4 active threads.
Waiting for actors to stop.
Called postfire()
Called prefire()
Called fire()
Checking for deadlock:
There are 3 Blocked actors, 0 Stopped actors, and 4 active threads.
Waiting for actors to stop.
Read input token from inputB with value 1.5
Checking for deadlock:
There are 2 Blocked actors, 0 Stopped actors, and 4 active threads.
Waiting for actors to stop.
-- Read input: 1.0, which is expected to match: 1.0
Called prefire()
Called fire()
Checking for deadlock:
There are 3 Blocked actors, 0 Stopped actors, and 4 active threads.
Waiting for actors to stop.
Sent output token with value 1.0
Next port to read input from is inputA
Called postfire()
Called prefire()
Called fire()
Called postfire()
Called prefire()
Called fire()
Checking for deadlock:
There are 3 Blocked actors, 0 Stopped actors, and 4 active threads.
Waiting for actors to stop.
Read input token from inputA with value 2.0
-- Read input: 1.5, which is expected to match: 1.5
Called prefire()
Called fire()
Checking for deadlock:
There are 3 Blocked actors, 0 Stopped actors, and 4 active threads.
Waiting for actors to stop.
Sent output token with value 1.5
Next port to read input from is inputB
Called postfire()
Called prefire()
Called fire()
Checking for deadlock:
There are 2 Blocked actors, 0 Stopped actors, and 4 active threads.
Waiting for actors to stop.
Called postfire()
Called prefire()
Called fire()
Checking for deadlock:
There are 3 Blocked actors, 0 Stopped actors, and 4 active threads.
Waiting for actors to stop.
Read input token from inputB with value 3.0
Checking for deadlock:
There are 2 Blocked actors, 0 Stopped actors, and 4 active threads.
Waiting for actors to stop.
-- Read input: 2.0, which is expected to match: 2.0
Called prefire()
Called fire()
Checking for deadlock:
There are 3 Blocked actors, 0 Stopped actors, and 4 active threads.
Waiting for actors to stop.
Sent output token with value 2.0
Next port to read input from is inputA
Called postfire()
Called prefire()
Called fire()
Called postfire()
Called prefire()
Called fire()
Checking for deadlock:
There are 3 Blocked actors, 0 Stopped actors, and 4 active threads.
Waiting for actors to stop.
Read input token from inputA with value 3.0
-- Read input: 3.0, which is expected to match: 3.0
Called prefire()
Called fire()
Checking for deadlock:
There are 3 Blocked actors, 0 Stopped actors, and 4 active threads.
Waiting for actors to stop.
Sent output token with value 3.0
Next port to read input from is inputB
Called postfire()
Called prefire()
Called fire()
Checking for deadlock:
There are 2 Blocked actors, 0 Stopped actors, and 4 active threads.
Waiting for actors to stop.
Called postfire()
Called prefire()
Called fire()
Checking for deadlock:
There are 3 Blocked actors, 0 Stopped actors, and 4 active threads.
Waiting for actors to stop.
Read input token from inputB with value 4.5
Checking for deadlock:
There are 2 Blocked actors, 0 Stopped actors, and 4 active threads.
Waiting for actors to stop.
-- Read input: 3.0, which is expected to match: 3.0
Called prefire()
Called fire()
Checking for deadlock:
There are 3 Blocked actors, 0 Stopped actors, and 4 active threads.
Waiting for actors to stop.
Sent output token with value 3.0
Next port to read input from is inputA
Called postfire()
Called prefire()
Called fire()
Called postfire()
Called prefire()
Called fire()
Checking for deadlock:
There are 3 Blocked actors, 0 Stopped actors, and 4 active threads.
Waiting for actors to stop.
Read input token from inputA with value 4.0
-- Read input: 4.0, which is expected to match: 4.0
Called prefire()
Called fire()
Past the end of training data. Read and discard all inputs.
Checking for deadlock:
There are 3 Blocked actors, 0 Stopped actors, and 4 active threads.
Waiting for actors to stop.
Sent output token with value 4.0
Next port to read input from is inputA
Called postfire()
Called prefire()
Called fire()
Called postfire()
Called prefire()
Called fire()
Checking for deadlock:
There are 3 Blocked actors, 0 Stopped actors, and 4 active threads.
Waiting for actors to stop.
Read input token from inputA with value 5.0
Called prefire()
Called fire()
Past the end of training data. Read and discard all inputs.
Checking for deadlock:
There are 3 Blocked actors, 0 Stopped actors, and 4 active threads.
Waiting for actors to stop.
Sent output token with value 4.5
Next port to read input from is inputB
Called postfire()
Called prefire()
Called fire()
Checking for deadlock:
There are 2 Blocked actors, 0 Stopped actors, and 4 active threads.
Waiting for actors to stop.
Called postfire()
Called prefire()
Called fire()
Checking for deadlock:
There are 3 Blocked actors, 0 Stopped actors, and 4 active threads.
Waiting for actors to stop.
Read input token from inputB with value 6.0
Checking for deadlock:
There are 2 Blocked actors, 0 Stopped actors, and 4 active threads.
Waiting for actors to stop.
Called prefire()
Called fire()
Past the end of training data. Read and discard all inputs.
Checking for deadlock:
There are 3 Blocked actors, 0 Stopped actors, and 4 active threads.
Waiting for actors to stop.
Sent output token with value 5.0
Next port to read input from is inputA
Called postfire()
Called prefire()
Called fire()
Called postfire()
Called prefire()
Called fire()
Checking for deadlock:
There are 3 Blocked actors, 0 Stopped actors, and 4 active threads.
Waiting for actors to stop.
Read input token from inputA with value 6.0
Called prefire()
Called fire()
Past the end of training data. Read and discard all inputs.
Checking for deadlock:
There are 3 Blocked actors, 0 Stopped actors, and 4 active threads.
Waiting for actors to stop.
Sent output token with value 6.0
Next port to read input from is inputB
Called postfire()
Called prefire()
Called fire()
Checking for deadlock:
There are 2 Blocked actors, 0 Stopped actors, and 4 active threads.
Waiting for actors to stop.
Called postfire()
Called prefire()
Called fire()
Checking for deadlock:
There are 3 Blocked actors, 0 Stopped actors, and 4 active threads.
Waiting for actors to stop.
Read input token from inputB with value 7.5
Checking for deadlock:
There are 2 Blocked actors, 0 Stopped actors, and 4 active threads.
Waiting for actors to stop.
Called prefire()
Called fire()
Past the end of training data. Read and discard all inputs.
Checking for deadlock:
There are 3 Blocked actors, 0 Stopped actors, and 4 active threads.
Waiting for actors to stop.
Sent output token with value 6.0
Next port to read input from is inputA
Called postfire()
Called prefire()
Called fire()
Called postfire()
Called prefire()
Called fire()
Checking for deadlock:
There are 3 Blocked actors, 0 Stopped actors, and 4 active threads.
Waiting for actors to stop.
Read input token from inputA with value 7.0
Called prefire()
Called fire()
Past the end of training data. Read and discard all inputs.
Checking for deadlock:
There are 3 Blocked actors, 0 Stopped actors, and 4 active threads.
Waiting for actors to stop.
Sent output token with value 7.0
Next port to read input from is inputA
Called postfire()
Called prefire()
Called fire()
-- Thread wrapup() called.
Called wrapup()
Thread .top.Ramp is exiting.
-- Thread stopped.
Checking for deadlock:
There are 2 Blocked actors, 0 Stopped actors, and 3 active threads.
Waiting for actors to stop.
Read input token from inputA with value 8.0
Called prefire()
Called fire()
Past the end of training data. Read and discard all inputs.
Checking for deadlock:
There are 2 Blocked actors, 0 Stopped actors, and 3 active threads.
Waiting for actors to stop.
Sent output token with value 7.5
Next port to read input from is inputB
Called postfire()
Called prefire()
Called fire()
Checking for deadlock:
There are 1 Blocked actors, 0 Stopped actors, and 3 active threads.
Waiting for actors to stop.
Called postfire()
Called prefire()
Called fire()
Checking for deadlock:
There are 2 Blocked actors, 0 Stopped actors, and 3 active threads.
Waiting for actors to stop.
Read input token from inputB with value 9.0
Checking for deadlock:
There are 1 Blocked actors, 0 Stopped actors, and 3 active threads.
Waiting for actors to stop.
Called prefire()
Called fire()
Past the end of training data. Read and discard all inputs.
Checking for deadlock:
There are 2 Blocked actors, 0 Stopped actors, and 3 active threads.
Waiting for actors to stop.
Sent output token with value 8.0
Next port to read input from is inputA
Called postfire()
Called prefire()
Called fire()
Read input token from inputA with value 9.0
Checking for deadlock:
There are 1 Blocked actors, 0 Stopped actors, and 3 active threads.
Waiting for actors to stop.
Called prefire()
Called fire()
Past the end of training data. Read and discard all inputs.
Checking for deadlock:
There are 2 Blocked actors, 0 Stopped actors, and 3 active threads.
Waiting for actors to stop.
Sent output token with value 9.0
Next port to read input from is inputB
Called postfire()
Called prefire()
Called fire()
Checking for deadlock:
There are 1 Blocked actors, 0 Stopped actors, and 3 active threads.
Waiting for actors to stop.
Called postfire()
Called prefire()
Called fire()
Checking for deadlock:
There are 2 Blocked actors, 0 Stopped actors, and 3 active threads.
Waiting for actors to stop.
Read input token from inputB with value 10.5
Checking for deadlock:
There are 1 Blocked actors, 0 Stopped actors, and 3 active threads.
Waiting for actors to stop.
Called prefire()
Called fire()
Past the end of training data. Read and discard all inputs.
Checking for deadlock:
There are 2 Blocked actors, 0 Stopped actors, and 3 active threads.
Waiting for actors to stop.
Sent output token with value 9.0
Next port to read input from is inputA
Called postfire()
Called prefire()
Called fire()
Checking for deadlock:
There are 3 Blocked actors, 0 Stopped actors, and 3 active threads.
Actors have stopped.
Checking for deadlock:
There are 3 Blocked actors, 0 Stopped actors, and 3 active threads.
Deadlock detected.
Resolving Deadlock
Checking for deadlock:
There are 3 Blocked actors, 0 Stopped actors, and 3 active threads.
Artificial Deadlock - increasing queue capacity.
increasing the capacity of receiver ptolemy.actor.TypedIOPort {.top.OrderedMerge.inputB} to 2
Director: Called postfire().
Called postfire().
_stopRequested = false
_stopFireRequested = false
Returning from postfire(): true
Called fire().
Checking for deadlock:
There are 2 Blocked actors, 0 Stopped actors, and 3 active threads.
Waiting for actors to stop.
-- Thread wrapup() called.
Called wrapup()
Thread .top.Ramp2 is exiting.
-- Thread stopped.
Checking for deadlock:
There are 2 Blocked actors, 0 Stopped actors, and 2 active threads.
Actors have stopped.
Checking for deadlock:
There are 2 Blocked actors, 0 Stopped actors, and 2 active threads.
Deadlock detected.
Resolving Deadlock
Checking for deadlock:
There are 2 Blocked actors, 0 Stopped actors, and 2 active threads.
Deadlock detected: no processes blocked on write, but some are blocked on read.
Called postfire().
_stopRequested = false
_stopFireRequested = false
Returning from postfire(): false
Finished deactivating branches.
Called wrapup().
-- Thread wrapup() called.
Called wrapup()
Thread .top.Test is exiting.
-- Thread stopped.
-- Blocked Receiver call threw TerminateProcessException.
-- Thread wrapup() called.
Called wrapup()
Thread .top.OrderedMerge is exiting.
14 ms. Memory: 146944K Free: 113729K (77%)
/home/travis/build/icyphy/ptII/ptolemy/actor/lib/test/Publisher.tcl
-- Thread stopped.
-- Blocked Receiver call threw TerminateProcessException.
11 ms. Memory: 146944K Free: 106537K (73%)
8 ms. Memory: 146944K Free: 101753K (69%)
3 ms. Memory: 146944K Free: 96969K (66%)
4 ms. Memory: 146944K Free: 96969K (66%)
3 ms. Memory: 146944K Free: 95773K (65%)
4 ms. Memory: 146944K Free: 94577K (64%)
3 ms. Memory: 146944K Free: 94577K (64%)
4 ms. Memory: 146944K Free: 93381K (64%)
1 ms. Memory: 146944K Free: 83813K (57%)
4 ms. Memory: 146944K Free: 80225K (55%)
23 ms. Memory: 146944K Free: 139355K (95%)
1 ms. Memory: 146944K Free: 136995K (93%)
7 ms. Memory: 146944K Free: 128738K (88%)
6 ms. Memory: 146944K Free: 119192K (81%)
6 ms. Memory: 146944K Free: 107396K (73%)
/home/travis/build/icyphy/ptII/ptolemy/actor/lib/test/Pulse.tcl
2 ms. Memory: 209920K Free: 188329K (90%)
2 ms. Memory: 209920K Free: 185941K (89%)
1 ms. Memory: 209920K Free: 185941K (89%)
2 ms. Memory: 209920K Free: 185941K (89%)
2 ms. Memory: 209920K Free: 185941K (89%)
2 ms. Memory: 209920K Free: 183552K (87%)
3 ms. Memory: 209920K Free: 183552K (87%)
2 ms. Memory: 209920K Free: 183552K (87%)
1 ms. Memory: 209920K Free: 181163K (86%)
/home/travis/build/icyphy/ptII/ptolemy/actor/lib/test/Ramp.tcl
5 ms. Memory: 209920K Free: 181020K (86%)
2 ms. Memory: 209920K Free: 178631K (85%)
2 ms. Memory: 209920K Free: 178631K (85%)
2 ms. Memory: 209920K Free: 178631K (85%)
3 ms. Memory: 209920K Free: 176234K (84%)
4 ms. Memory: 209920K Free: 176234K (84%)
4 ms. Memory: 209920K Free: 173846K (83%)
5 actors
5000 microseconds per iteration to create
8 ms. Memory: 209920K Free: 171441K (82%)
2 ms. Memory: 209920K Free: 171441K (82%)
2 ms. Memory: 209920K Free: 171441K (82%)
2 ms. Memory: 209920K Free: 171441K (82%)
50 actors
29000 microseconds per iteration to create
31 ms. Memory: 209920K Free: 154679K (74%)
6 ms. Memory: 209920K Free: 154679K (74%)
6 ms. Memory: 209920K Free: 152291K (73%)
6 ms. Memory: 209920K Free: 152291K (73%)
500 actors
1626000 microseconds per iteration to create
329 ms. Memory: 209920K Free: 99696K (47%)
53 ms. Memory: 209920K Free: 94874K (45%)
39 ms. Memory: 209920K Free: 87625K (42%)
38 ms. Memory: 209920K Free: 82789K (39%)
/home/travis/build/icyphy/ptII/ptolemy/actor/lib/test/RampContinuous.tcl
7 ms. Memory: 209920K Free: 80378K (38%)
/home/travis/build/icyphy/ptII/ptolemy/actor/lib/test/RecordAssembler.tcl
5 ms. Memory: 209920K Free: 80378K (38%)
3 ms. Memory: 209920K Free: 77951K (37%)
/home/travis/build/icyphy/ptII/ptolemy/actor/lib/test/RecordDisassembler.tcl
4 ms. Memory: 209920K Free: 77951K (37%)
2 ms. Memory: 209920K Free: 76329K (36%)
26 ms. Memory: 334336K Free: 317052K (95%)
/home/travis/build/icyphy/ptII/ptolemy/actor/lib/test/Scale.tcl
8 ms. Memory: 334336K Free: 317052K (95%)
9 ms. Memory: 334336K Free: 317052K (95%)
1 ms. Memory: 334336K Free: 317052K (95%)
12 ms. Memory: 334336K Free: 317052K (95%)
3 ms. Memory: 334336K Free: 312198K (93%)
/home/travis/build/icyphy/ptII/ptolemy/actor/lib/test/SequentialClock.tcl
preinitializing
resolving types
initializing
executing number 1
wrapping up
idle
4 ms. Memory: 334336K Free: 312198K (93%)
Completed execution with 5 iterations
preinitializing
resolving types
initializing
executing number 1
wrapping up
idle
1 ms. Memory: 334336K Free: 312198K (93%)
Completed execution with 5 iterations
preinitializing
resolving types
initializing
executing number 1
wrapping up
idle
2 ms. Memory: 334336K Free: 312198K (93%)
Completed execution with 5 iterations
/home/travis/build/icyphy/ptII/ptolemy/actor/lib/test/SetVariable.tcl
4 ms. Memory: 334336K Free: 312198K (93%)
/home/travis/build/icyphy/ptII/ptolemy/actor/lib/test/Sinewave.tcl
/home/travis/build/icyphy/ptII/ptolemy/actor/lib/test/SubscriptionAggregator.tcl
5 ms. Memory: 334336K Free: 297642K (89%)
3 ms. Memory: 334336K Free: 297642K (89%)
0 ms. Memory: 334336K Free: 292788K (88%)
0 ms. Memory: 334336K Free: 292788K (88%)
2 ms. Memory: 334336K Free: 292788K (88%)
4 ms. Memory: 334336K Free: 287949K (86%)
...............................................................869 ms. Memory: 480768K Free: 387202K (81%)
/home/travis/build/icyphy/ptII/ptolemy/actor/lib/test/Test.tcl
 The next command will produce a warning about training mode,
   which may be ignored.
4 ms. Memory: 480768K Free: 387202K (81%)
2 ms. Memory: 480768K Free: 387202K (81%)
1 ms. Memory: 480768K Free: 379471K (79%)
2 ms. Memory: 480768K Free: 379471K (79%)
2 ms. Memory: 480768K Free: 379471K (79%)
2 ms. Memory: 480768K Free: 379471K (79%)
5 ms. Memory: 480768K Free: 379471K (79%)
 The next command will produce a warning about training mode,
   which may be ignored.
7 ms. Memory: 480768K Free: 379471K (79%)
 The next command will produce a warning about training mode,
   which may be ignored.
3 ms. Memory: 480768K Free: 371740K (77%)
1 ms. Memory: 480768K Free: 371740K (77%)
1 ms. Memory: 480768K Free: 371740K (77%)
3 ms. Memory: 480768K Free: 371740K (77%)
4 ms. Memory: 480768K Free: 371740K (77%)
3 ms. Memory: 480768K Free: 371740K (77%)
/home/travis/build/icyphy/ptII/ptolemy/actor/lib/test/TestExceptionHandler.tcl
 The next command will produce a warning about training mode,
   which may be ignored.
2 ms. Memory: 480768K Free: 364010K (76%)
1 ms. Memory: 480768K Free: 364010K (76%)
1 ms. Memory: 480768K Free: 364010K (76%)
/home/travis/build/icyphy/ptII/ptolemy/actor/lib/test/UnionDisassembler.tcl
25 ms. Memory: 480768K Free: 356279K (74%)
/home/travis/build/icyphy/ptII/ptolemy/actor/lib/test/VariableClock.tcl
preinitializing
resolving types
initializing
executing number 1
wrapping up
idle
3 ms. Memory: 480768K Free: 356279K (74%)
Completed execution with 11 iterations
preinitializing
resolving types
initializing
executing number 1
wrapping up
idle
4 ms. Memory: 480768K Free: 356279K (74%)
Completed execution with 10 iterations
09/12/18 02:06:22
Failed: 0  Total Tests: 234  ((Passed: 234, Newly Passed: 0)  Known Failed: 0) /home/travis/build/icyphy/ptII/ptolemy/actor/lib/test
----------------- testing (KnownFailure) /home/travis/build/icyphy/ptII/ptolemy/actor/lib/test/auto/knownFailedTests/PublisherPortToplevelSubscriber.xml
1 ms. Memory: 480768K Free: 348517K (72%)
Known Failure: java.lang.reflect.InvocationTargetException
----------------- testing (KnownFailure) /home/travis/build/icyphy/ptII/ptolemy/actor/lib/test/auto/knownFailedTests/PublisherSubscriberPortToplevel.xml
1 ms. Memory: 480768K Free: 332993K (69%)
Known Failure: java.lang.reflect.InvocationTargetException
----------------- testing (KnownFailure) /home/travis/build/icyphy/ptII/ptolemy/actor/lib/test/auto/knownFailedTests/PublisherSubscriptionAggregatorPort.xml
1 ms. Memory: 480768K Free: 317469K (66%)
Known Failure: java.lang.reflect.InvocationTargetException
----------------- testing (KnownFailure) /home/travis/build/icyphy/ptII/ptolemy/actor/lib/test/auto/knownFailedTests/sizedarray3.xml
4 ms. Memory: 480768K Free: 301945K (63%)
Known Failure: java.lang.reflect.InvocationTargetException
No auto/linux-amd64/*.xml tests in /home/travis/build/icyphy/ptII/ptolemy/actor/lib/test
AutoTests.java: About to close Vertx.
AutoTests.java: Vertx closed.

===========================================================================================
----------------- testing Wed Sep 12 02:06:23 UTC 2018 /home/travis/build/icyphy/ptII/ptolemy/actor/lib/test/auto/AbsoluteValue.xml
----------------- Instantiating /home/travis/build/icyphy/ptII/ptolemy/actor/lib/test/auto/AbsoluteValue.xml
11 ms. Memory: 480768K Free: 224514K (47%)
----------------- Invoking toplevel() on ptolemy.moml.MoMLSimpleApplication@5bed80b7
----------------- Done invoking toplevel() on ptolemy.moml.MoMLSimpleApplication@5bed80b7
reloadAllAccessors: .AbsoluteValue

===========================================================================================
----------------- testing Wed Sep 12 02:06:23 UTC 2018 /home/travis/build/icyphy/ptII/ptolemy/actor/lib/test/auto/AbsoluteValue2.xml
----------------- Instantiating /home/travis/build/icyphy/ptII/ptolemy/actor/lib/test/auto/AbsoluteValue2.xml
4 ms. Memory: 480768K Free: 212855K (44%)
----------------- Invoking toplevel() on ptolemy.moml.MoMLSimpleApplication@120c52a7
----------------- Done invoking toplevel() on ptolemy.moml.MoMLSimpleApplication@120c52a7
reloadAllAccessors: .AbsoluteValue2

===========================================================================================
----------------- testing Wed Sep 12 02:06:23 UTC 2018 /home/travis/build/icyphy/ptII/ptolemy/actor/lib/test/auto/Accumulator.xml
----------------- Instantiating /home/travis/build/icyphy/ptII/ptolemy/actor/lib/test/auto/Accumulator.xml
10 ms. Memory: 480768K Free: 201212K (42%)
----------------- Invoking toplevel() on ptolemy.moml.MoMLSimpleApplication@35d7d88f
----------------- Done invoking toplevel() on ptolemy.moml.MoMLSimpleApplication@35d7d88f
reloadAllAccessors: .Accumulator

===========================================================================================
----------------- testing Wed Sep 12 02:06:23 UTC 2018 /home/travis/build/icyphy/ptII/ptolemy/actor/lib/test/auto/Accumulator2.xml
----------------- Instantiating /home/travis/build/icyphy/ptII/ptolemy/actor/lib/test/auto/Accumulator2.xml
8 ms. Memory: 480768K Free: 193450K (40%)
----------------- Invoking toplevel() on ptolemy.moml.MoMLSimpleApplication@121c158b
----------------- Done invoking toplevel() on ptolemy.moml.MoMLSimpleApplication@121c158b
reloadAllAccessors: .Accumulator2

===========================================================================================
----------------- testing Wed Sep 12 02:06:23 UTC 2018 /home/travis/build/icyphy/ptII/ptolemy/actor/lib/test/auto/Accumulator3.xml
----------------- Instantiating /home/travis/build/icyphy/ptII/ptolemy/actor/lib/test/auto/Accumulator3.xml
3 ms. Memory: 480768K Free: 177973K (37%)
----------------- Invoking toplevel() on ptolemy.moml.MoMLSimpleApplication@351ed26a
----------------- Done invoking toplevel() on ptolemy.moml.MoMLSimpleApplication@351ed26a
reloadAllAccessors: .Accumulator3

===========================================================================================
----------------- testing Wed Sep 12 02:06:23 UTC 2018 /home/travis/build/icyphy/ptII/ptolemy/actor/lib/test/auto/ArrayAppend.xml
----------------- Instantiating /home/travis/build/icyphy/ptII/ptolemy/actor/lib/test/auto/ArrayAppend.xml
10 ms. Memory: 480768K Free: 166323K (35%)
----------------- Invoking toplevel() on ptolemy.moml.MoMLSimpleApplication@2040cb30
----------------- Done invoking toplevel() on ptolemy.moml.MoMLSimpleApplication@2040cb30
reloadAllAccessors: .ArrayAppend

===========================================================================================
----------------- testing Wed Sep 12 02:06:23 UTC 2018 /home/travis/build/icyphy/ptII/ptolemy/actor/lib/test/auto/ArrayAppend2.xml
----------------- Instantiating /home/travis/build/icyphy/ptII/ptolemy/actor/lib/test/auto/ArrayAppend2.xml
485 ms. Memory: 480768K Free: 80941K (17%)
----------------- Invoking toplevel() on ptolemy.moml.MoMLSimpleApplication@45d095d4
----------------- Done invoking toplevel() on ptolemy.moml.MoMLSimpleApplication@45d095d4
reloadAllAccessors: .ArrayAppend2

===========================================================================================
----------------- testing Wed Sep 12 02:06:24 UTC 2018 /home/travis/build/icyphy/ptII/ptolemy/actor/lib/test/auto/ArrayAppend3.xml
----------------- Instantiating /home/travis/build/icyphy/ptII/ptolemy/actor/lib/test/auto/ArrayAppend3.xml
5 ms. Memory: 480768K Free: 65465K (14%)
----------------- Invoking toplevel() on ptolemy.moml.MoMLSimpleApplication@59415eee
----------------- Done invoking toplevel() on ptolemy.moml.MoMLSimpleApplication@59415eee
reloadAllAccessors: .ArrayAppend3

===========================================================================================
----------------- testing Wed Sep 12 02:06:24 UTC 2018 /home/travis/build/icyphy/ptII/ptolemy/actor/lib/test/auto/ArrayAppend4.xml
----------------- Instantiating /home/travis/build/icyphy/ptII/ptolemy/actor/lib/test/auto/ArrayAppend4.xml
5 ms. Memory: 480768K Free: 60904K (13%)
----------------- Invoking toplevel() on ptolemy.moml.MoMLSimpleApplication@264c86e4
----------------- Done invoking toplevel() on ptolemy.moml.MoMLSimpleApplication@264c86e4
reloadAllAccessors: .ArrayAppend4

===========================================================================================
----------------- testing Wed Sep 12 02:06:24 UTC 2018 /home/travis/build/icyphy/ptII/ptolemy/actor/lib/test/auto/ArrayAppend5.xml
----------------- Instantiating /home/travis/build/icyphy/ptII/ptolemy/actor/lib/test/auto/ArrayAppend5.xml
2 ms. Memory: 485376K Free: 433816K (89%)
----------------- Invoking toplevel() on ptolemy.moml.MoMLSimpleApplication@31e36687
----------------- Done invoking toplevel() on ptolemy.moml.MoMLSimpleApplication@31e36687
reloadAllAccessors: .ArrayAppend5

===========================================================================================
----------------- testing Wed Sep 12 02:06:24 UTC 2018 /home/travis/build/icyphy/ptII/ptolemy/actor/lib/test/auto/ArrayAppend6.xml
----------------- Instantiating /home/travis/build/icyphy/ptII/ptolemy/actor/lib/test/auto/ArrayAppend6.xml
8 ms. Memory: 485376K Free: 420122K (87%)
----------------- Invoking toplevel() on ptolemy.moml.MoMLSimpleApplication@343613c8
----------------- Done invoking toplevel() on ptolemy.moml.MoMLSimpleApplication@343613c8
reloadAllAccessors: .ArrayAppend6

===========================================================================================
----------------- testing Wed Sep 12 02:06:24 UTC 2018 /home/travis/build/icyphy/ptII/ptolemy/actor/lib/test/auto/ArrayAppendPerformanceTest.xml
----------------- Instantiating /home/travis/build/icyphy/ptII/ptolemy/actor/lib/test/auto/ArrayAppendPerformanceTest.xml
26 ms. Memory: 485376K Free: 404590K (83%)
----------------- Invoking toplevel() on ptolemy.moml.MoMLSimpleApplication@5ba4cfcc
----------------- Done invoking toplevel() on ptolemy.moml.MoMLSimpleApplication@5ba4cfcc
reloadAllAccessors: .ArrayAppendPerformanceTest

===========================================================================================
----------------- testing Wed Sep 12 02:06:24 UTC 2018 /home/travis/build/icyphy/ptII/ptolemy/actor/lib/test/auto/ArrayAppendWithEmptyInput.xml
----------------- Instantiating /home/travis/build/icyphy/ptII/ptolemy/actor/lib/test/auto/ArrayAppendWithEmptyInput.xml
14 ms. Memory: 485376K Free: 386954K (80%)
----------------- Invoking toplevel() on ptolemy.moml.MoMLSimpleApplication@30c4c550
----------------- Done invoking toplevel() on ptolemy.moml.MoMLSimpleApplication@30c4c550
reloadAllAccessors: .ArrayAppendWithEmptyInput

===========================================================================================
----------------- testing Wed Sep 12 02:06:24 UTC 2018 /home/travis/build/icyphy/ptII/ptolemy/actor/lib/test/auto/ArrayAverage.xml
----------------- Instantiating /home/travis/build/icyphy/ptII/ptolemy/actor/lib/test/auto/ArrayAverage.xml
5 ms. Memory: 485376K Free: 375295K (77%)
----------------- Invoking toplevel() on ptolemy.moml.MoMLSimpleApplication@6980087f
----------------- Done invoking toplevel() on ptolemy.moml.MoMLSimpleApplication@6980087f
reloadAllAccessors: .ArrayAverage

===========================================================================================
----------------- testing Wed Sep 12 02:06:24 UTC 2018 /home/travis/build/icyphy/ptII/ptolemy/actor/lib/test/auto/ArrayContains.xml
----------------- Instantiating /home/travis/build/icyphy/ptII/ptolemy/actor/lib/test/auto/ArrayContains.xml
2 ms. Memory: 485376K Free: 367533K (76%)
----------------- Invoking toplevel() on ptolemy.moml.MoMLSimpleApplication@36ef47f4
----------------- Done invoking toplevel() on ptolemy.moml.MoMLSimpleApplication@36ef47f4
reloadAllAccessors: .ArrayContains

===========================================================================================
----------------- testing Wed Sep 12 02:06:24 UTC 2018 /home/travis/build/icyphy/ptII/ptolemy/actor/lib/test/auto/ArrayElement.xml
----------------- Instantiating /home/travis/build/icyphy/ptII/ptolemy/actor/lib/test/auto/ArrayElement.xml
9 ms. Memory: 485376K Free: 353838K (73%)
----------------- Invoking toplevel() on ptolemy.moml.MoMLSimpleApplication@7434fd7c
----------------- Done invoking toplevel() on ptolemy.moml.MoMLSimpleApplication@7434fd7c
reloadAllAccessors: .ArrayElement

===========================================================================================
----------------- testing Wed Sep 12 02:06:24 UTC 2018 /home/travis/build/icyphy/ptII/ptolemy/actor/lib/test/auto/ArrayElementAsMatrix.xml
----------------- Instantiating /home/travis/build/icyphy/ptII/ptolemy/actor/lib/test/auto/ArrayElementAsMatrix.xml
15 ms. Memory: 485376K Free: 342179K (70%)
----------------- Invoking toplevel() on ptolemy.moml.MoMLSimpleApplication@2b8a87cb
----------------- Done invoking toplevel() on ptolemy.moml.MoMLSimpleApplication@2b8a87cb
reloadAllAccessors: .ArrayElementAsMatrix

===========================================================================================
----------------- testing Wed Sep 12 02:06:24 UTC 2018 /home/travis/build/icyphy/ptII/ptolemy/actor/lib/test/auto/ArrayElementI.xml
----------------- Instantiating /home/travis/build/icyphy/ptII/ptolemy/actor/lib/test/auto/ArrayElementI.xml
3 ms. Memory: 485376K Free: 334417K (69%)
----------------- Invoking toplevel() on ptolemy.moml.MoMLSimpleApplication@701aa65a
----------------- Done invoking toplevel() on ptolemy.moml.MoMLSimpleApplication@701aa65a
reloadAllAccessors: .ArrayElementI

===========================================================================================
----------------- testing Wed Sep 12 02:06:24 UTC 2018 /home/travis/build/icyphy/ptII/ptolemy/actor/lib/test/auto/ArrayExtract.xml
----------------- Instantiating /home/travis/build/icyphy/ptII/ptolemy/actor/lib/test/auto/ArrayExtract.xml
4 ms. Memory: 485376K Free: 316833K (65%)
----------------- Invoking toplevel() on ptolemy.moml.MoMLSimpleApplication@64021e5a
----------------- Done invoking toplevel() on ptolemy.moml.MoMLSimpleApplication@64021e5a
reloadAllAccessors: .ArrayExtract

===========================================================================================
----------------- testing Wed Sep 12 02:06:24 UTC 2018 /home/travis/build/icyphy/ptII/ptolemy/actor/lib/test/auto/ArrayExtract2.xml
----------------- Instantiating /home/travis/build/icyphy/ptII/ptolemy/actor/lib/test/auto/ArrayExtract2.xml
4 ms. Memory: 485376K Free: 309071K (64%)
----------------- Invoking toplevel() on ptolemy.moml.MoMLSimpleApplication@bfab1f2
----------------- Done invoking toplevel() on ptolemy.moml.MoMLSimpleApplication@bfab1f2
reloadAllAccessors: .ArrayExtract2

===========================================================================================
----------------- testing Wed Sep 12 02:06:24 UTC 2018 /home/travis/build/icyphy/ptII/ptolemy/actor/lib/test/auto/ArrayLength.xml
----------------- Instantiating /home/travis/build/icyphy/ptII/ptolemy/actor/lib/test/auto/ArrayLength.xml
2 ms. Memory: 485376K Free: 295377K (61%)
----------------- Invoking toplevel() on ptolemy.moml.MoMLSimpleApplication@c73a51c
----------------- Done invoking toplevel() on ptolemy.moml.MoMLSimpleApplication@c73a51c
reloadAllAccessors: .ArrayLength

===========================================================================================
----------------- testing Wed Sep 12 02:06:24 UTC 2018 /home/travis/build/icyphy/ptII/ptolemy/actor/lib/test/auto/ArrayLevelCrossing.xml
----------------- Instantiating /home/travis/build/icyphy/ptII/ptolemy/actor/lib/test/auto/ArrayLevelCrossing.xml
4 ms. Memory: 485376K Free: 279837K (58%)
----------------- Invoking toplevel() on ptolemy.moml.MoMLSimpleApplication@260cd14c
----------------- Done invoking toplevel() on ptolemy.moml.MoMLSimpleApplication@260cd14c
reloadAllAccessors: .ArrayLevelCrossing

===========================================================================================
----------------- testing Wed Sep 12 02:06:24 UTC 2018 /home/travis/build/icyphy/ptII/ptolemy/actor/lib/test/auto/ArrayLevelCrossing2.xml
----------------- Instantiating /home/travis/build/icyphy/ptII/ptolemy/actor/lib/test/auto/ArrayLevelCrossing2.xml
3 ms. Memory: 485376K Free: 268194K (55%)
----------------- Invoking toplevel() on ptolemy.moml.MoMLSimpleApplication@75127165
----------------- Done invoking toplevel() on ptolemy.moml.MoMLSimpleApplication@75127165
reloadAllAccessors: .ArrayLevelCrossing2

===========================================================================================
----------------- testing Wed Sep 12 02:06:24 UTC 2018 /home/travis/build/icyphy/ptII/ptolemy/actor/lib/test/auto/ArrayPeakSearch.xml
----------------- Instantiating /home/travis/build/icyphy/ptII/ptolemy/actor/lib/test/auto/ArrayPeakSearch.xml
8 ms. Memory: 485376K Free: 250602K (52%)
----------------- Invoking toplevel() on ptolemy.moml.MoMLSimpleApplication@d73974e
----------------- Done invoking toplevel() on ptolemy.moml.MoMLSimpleApplication@d73974e
reloadAllAccessors: .ArrayPeakSearch

===========================================================================================
----------------- testing Wed Sep 12 02:06:25 UTC 2018 /home/travis/build/icyphy/ptII/ptolemy/actor/lib/test/auto/ArrayPeakSearch2.xml
----------------- Instantiating /home/travis/build/icyphy/ptII/ptolemy/actor/lib/test/auto/ArrayPeakSearch2.xml
7 ms. Memory: 485376K Free: 235062K (48%)
----------------- Invoking toplevel() on ptolemy.moml.MoMLSimpleApplication@71dc84cc
----------------- Done invoking toplevel() on ptolemy.moml.MoMLSimpleApplication@71dc84cc
reloadAllAccessors: .ArrayPeakSearch2

===========================================================================================
----------------- testing Wed Sep 12 02:06:25 UTC 2018 /home/travis/build/icyphy/ptII/ptolemy/actor/lib/test/auto/ArrayPeakSearch3.xml
----------------- Instantiating /home/travis/build/icyphy/ptII/ptolemy/actor/lib/test/auto/ArrayPeakSearch3.xml
6 ms. Memory: 485376K Free: 223411K (46%)
----------------- Invoking toplevel() on ptolemy.moml.MoMLSimpleApplication@ab9bf33
----------------- Done invoking toplevel() on ptolemy.moml.MoMLSimpleApplication@ab9bf33
reloadAllAccessors: .ArrayPeakSearch3

===========================================================================================
----------------- testing Wed Sep 12 02:06:25 UTC 2018 /home/travis/build/icyphy/ptII/ptolemy/actor/lib/test/auto/ArrayRemoveElement.xml
----------------- Instantiating /home/travis/build/icyphy/ptII/ptolemy/actor/lib/test/auto/ArrayRemoveElement.xml
8 ms. Memory: 485376K Free: 205820K (42%)
----------------- Invoking toplevel() on ptolemy.moml.MoMLSimpleApplication@693fd41
----------------- Done invoking toplevel() on ptolemy.moml.MoMLSimpleApplication@693fd41
reloadAllAccessors: .ArrayRemoveElement

===========================================================================================
----------------- testing Wed Sep 12 02:06:25 UTC 2018 /home/travis/build/icyphy/ptII/ptolemy/actor/lib/test/auto/ArraySort.xml
----------------- Instantiating /home/travis/build/icyphy/ptII/ptolemy/actor/lib/test/auto/ArraySort.xml
4 ms. Memory: 485376K Free: 194177K (40%)
----------------- Invoking toplevel() on ptolemy.moml.MoMLSimpleApplication@4fbc871e
----------------- Done invoking toplevel() on ptolemy.moml.MoMLSimpleApplication@4fbc871e
reloadAllAccessors: .ArraySort

===========================================================================================
----------------- testing Wed Sep 12 02:06:25 UTC 2018 /home/travis/build/icyphy/ptII/ptolemy/actor/lib/test/auto/ArraySum.xml
----------------- Instantiating /home/travis/build/icyphy/ptII/ptolemy/actor/lib/test/auto/ArraySum.xml
2 ms. Memory: 485376K Free: 180482K (37%)
----------------- Invoking toplevel() on ptolemy.moml.MoMLSimpleApplication@7f33f4f2
----------------- Done invoking toplevel() on ptolemy.moml.MoMLSimpleApplication@7f33f4f2
reloadAllAccessors: .ArraySum

===========================================================================================
----------------- testing Wed Sep 12 02:06:25 UTC 2018 /home/travis/build/icyphy/ptII/ptolemy/actor/lib/test/auto/ArrayToElements.xml
----------------- Instantiating /home/travis/build/icyphy/ptII/ptolemy/actor/lib/test/auto/ArrayToElements.xml
9 ms. Memory: 485376K Free: 172720K (36%)
----------------- Invoking toplevel() on ptolemy.moml.MoMLSimpleApplication@1038a063
----------------- Done invoking toplevel() on ptolemy.moml.MoMLSimpleApplication@1038a063
reloadAllAccessors: .ArrayToElements

===========================================================================================
----------------- testing Wed Sep 12 02:06:25 UTC 2018 /home/travis/build/icyphy/ptII/ptolemy/actor/lib/test/auto/ArrayToMatrix.xml
----------------- Instantiating /home/travis/build/icyphy/ptII/ptolemy/actor/lib/test/auto/ArrayToMatrix.xml
9 ms. Memory: 485376K Free: 153283K (32%)
----------------- Invoking toplevel() on ptolemy.moml.MoMLSimpleApplication@352cff32
----------------- Done invoking toplevel() on ptolemy.moml.MoMLSimpleApplication@352cff32
reloadAllAccessors: .ArrayToMatrix

===========================================================================================
----------------- testing Wed Sep 12 02:06:25 UTC 2018 /home/travis/build/icyphy/ptII/ptolemy/actor/lib/test/auto/ArrayUpdate1.xml
----------------- Instantiating /home/travis/build/icyphy/ptII/ptolemy/actor/lib/test/auto/ArrayUpdate1.xml
2 ms. Memory: 485376K Free: 139588K (29%)
----------------- Invoking toplevel() on ptolemy.moml.MoMLSimpleApplication@65de6262
----------------- Done invoking toplevel() on ptolemy.moml.MoMLSimpleApplication@65de6262
reloadAllAccessors: .ArrayUpdate1

===========================================================================================
----------------- testing Wed Sep 12 02:06:25 UTC 2018 /home/travis/build/icyphy/ptII/ptolemy/actor/lib/test/auto/ArrayUpdate2.xml
----------------- Instantiating /home/travis/build/icyphy/ptII/ptolemy/actor/lib/test/auto/ArrayUpdate2.xml
5 ms. Memory: 485376K Free: 131826K (27%)
----------------- Invoking toplevel() on ptolemy.moml.MoMLSimpleApplication@52d8063d
----------------- Done invoking toplevel() on ptolemy.moml.MoMLSimpleApplication@52d8063d
reloadAllAccessors: .ArrayUpdate2

===========================================================================================
----------------- testing Wed Sep 12 02:06:25 UTC 2018 /home/travis/build/icyphy/ptII/ptolemy/actor/lib/test/auto/ArrayUpdate3.xml
----------------- Instantiating /home/travis/build/icyphy/ptII/ptolemy/actor/lib/test/auto/ArrayUpdate3.xml
2 ms. Memory: 485376K Free: 124064K (26%)
----------------- Invoking toplevel() on ptolemy.moml.MoMLSimpleApplication@3579d43d
----------------- Done invoking toplevel() on ptolemy.moml.MoMLSimpleApplication@3579d43d
reloadAllAccessors: .ArrayUpdate3

===========================================================================================
----------------- testing Wed Sep 12 02:06:25 UTC 2018 /home/travis/build/icyphy/ptII/ptolemy/actor/lib/test/auto/Assert1.xml
----------------- Instantiating /home/travis/build/icyphy/ptII/ptolemy/actor/lib/test/auto/Assert1.xml
3 ms. Memory: 485376K Free: 110370K (23%)
----------------- Invoking toplevel() on ptolemy.moml.MoMLSimpleApplication@45956c4f
----------------- Done invoking toplevel() on ptolemy.moml.MoMLSimpleApplication@45956c4f
reloadAllAccessors: .Assert1

===========================================================================================
----------------- testing Wed Sep 12 02:06:25 UTC 2018 /home/travis/build/icyphy/ptII/ptolemy/actor/lib/test/auto/Assert2.xml
----------------- Instantiating /home/travis/build/icyphy/ptII/ptolemy/actor/lib/test/auto/Assert2.xml
8 ms. Memory: 485376K Free: 102608K (21%)
----------------- Invoking toplevel() on ptolemy.moml.MoMLSimpleApplication@1774b7a7
----------------- Done invoking toplevel() on ptolemy.moml.MoMLSimpleApplication@1774b7a7
reloadAllAccessors: .Assert2

===========================================================================================
----------------- testing Wed Sep 12 02:06:25 UTC 2018 /home/travis/build/icyphy/ptII/ptolemy/actor/lib/test/auto/BooleanMultiplexor.xml
----------------- Instantiating /home/travis/build/icyphy/ptII/ptolemy/actor/lib/test/auto/BooleanMultiplexor.xml
3 ms. Memory: 485376K Free: 88913K (18%)
----------------- Invoking toplevel() on ptolemy.moml.MoMLSimpleApplication@261470e3
----------------- Done invoking toplevel() on ptolemy.moml.MoMLSimpleApplication@261470e3
reloadAllAccessors: .BooleanMultiplexor

===========================================================================================
----------------- testing Wed Sep 12 02:06:25 UTC 2018 /home/travis/build/icyphy/ptII/ptolemy/actor/lib/test/auto/BooleanMultiplexor2.xml
----------------- Instantiating /home/travis/build/icyphy/ptII/ptolemy/actor/lib/test/auto/BooleanMultiplexor2.xml
14 ms. Memory: 485376K Free: 77254K (16%)
----------------- Invoking toplevel() on ptolemy.moml.MoMLSimpleApplication@2383d5df
----------------- Done invoking toplevel() on ptolemy.moml.MoMLSimpleApplication@2383d5df
reloadAllAccessors: .BooleanMultiplexor2

===========================================================================================
----------------- testing Wed Sep 12 02:06:25 UTC 2018 /home/travis/build/icyphy/ptII/ptolemy/actor/lib/test/auto/BooleanMultiplexor3.xml
----------------- Instantiating /home/travis/build/icyphy/ptII/ptolemy/actor/lib/test/auto/BooleanMultiplexor3.xml
2 ms. Memory: 485376K Free: 69492K (14%)
----------------- Invoking toplevel() on ptolemy.moml.MoMLSimpleApplication@2de3eb51
----------------- Done invoking toplevel() on ptolemy.moml.MoMLSimpleApplication@2de3eb51
reloadAllAccessors: .BooleanMultiplexor3

===========================================================================================
----------------- testing Wed Sep 12 02:06:25 UTC 2018 /home/travis/build/icyphy/ptII/ptolemy/actor/lib/test/auto/BooleanSelect.xml
----------------- Instantiating /home/travis/build/icyphy/ptII/ptolemy/actor/lib/test/auto/BooleanSelect.xml
8 ms. Memory: 485376K Free: 57363K (12%)
----------------- Invoking toplevel() on ptolemy.moml.MoMLSimpleApplication@1db5ecd7
----------------- Done invoking toplevel() on ptolemy.moml.MoMLSimpleApplication@1db5ecd7
reloadAllAccessors: .BooleanSelect

===========================================================================================
----------------- testing Wed Sep 12 02:06:25 UTC 2018 /home/travis/build/icyphy/ptII/ptolemy/actor/lib/test/auto/BooleanSelect2.xml
----------------- Instantiating /home/travis/build/icyphy/ptII/ptolemy/actor/lib/test/auto/BooleanSelect2.xml
1 ms. Memory: 717824K Free: 669118K (93%)
----------------- Invoking toplevel() on ptolemy.moml.MoMLSimpleApplication@33ed35c7
----------------- Done invoking toplevel() on ptolemy.moml.MoMLSimpleApplication@33ed35c7
reloadAllAccessors: .BooleanSelect2

===========================================================================================
----------------- testing Wed Sep 12 02:06:25 UTC 2018 /home/travis/build/icyphy/ptII/ptolemy/actor/lib/test/auto/BooleanSwitch.xml
----------------- Instantiating /home/travis/build/icyphy/ptII/ptolemy/actor/lib/test/auto/BooleanSwitch.xml
5 ms. Memory: 717824K Free: 653837K (91%)
----------------- Invoking toplevel() on ptolemy.moml.MoMLSimpleApplication@233f7d24
----------------- Done invoking toplevel() on ptolemy.moml.MoMLSimpleApplication@233f7d24
reloadAllAccessors: .BooleanSwitch

===========================================================================================
----------------- testing Wed Sep 12 02:06:25 UTC 2018 /home/travis/build/icyphy/ptII/ptolemy/actor/lib/test/auto/BooleanSwitch2.xml
----------------- Instantiating /home/travis/build/icyphy/ptII/ptolemy/actor/lib/test/auto/BooleanSwitch2.xml
1 ms. Memory: 717824K Free: 645563K (90%)
----------------- Invoking toplevel() on ptolemy.moml.MoMLSimpleApplication@d017d81
----------------- Done invoking toplevel() on ptolemy.moml.MoMLSimpleApplication@d017d81
reloadAllAccessors: .BooleanSwitch2

===========================================================================================
----------------- testing Wed Sep 12 02:06:25 UTC 2018 /home/travis/build/icyphy/ptII/ptolemy/actor/lib/test/auto/BooleanSwitchCloningBugWithClassRelationGroup.xml
----------------- Instantiating /home/travis/build/icyphy/ptII/ptolemy/actor/lib/test/auto/BooleanSwitchCloningBugWithClassRelationGroup.xml
3 ms. Memory: 717824K Free: 633136K (88%)
----------------- Invoking toplevel() on ptolemy.moml.MoMLSimpleApplication@74b5e3a3
----------------- Done invoking toplevel() on ptolemy.moml.MoMLSimpleApplication@74b5e3a3
reloadAllAccessors: .BooleanSwitchCloningBugWithClassRelationGroup

===========================================================================================
----------------- testing Wed Sep 12 02:06:25 UTC 2018 /home/travis/build/icyphy/ptII/ptolemy/actor/lib/test/auto/BusActors.xml
----------------- Instantiating /home/travis/build/icyphy/ptII/ptolemy/actor/lib/test/auto/BusActors.xml
3 ms. Memory: 717824K Free: 613773K (86%)
----------------- Invoking toplevel() on ptolemy.moml.MoMLSimpleApplication@37a158dc
----------------- Done invoking toplevel() on ptolemy.moml.MoMLSimpleApplication@37a158dc
reloadAllAccessors: .BusActors

===========================================================================================
----------------- testing Wed Sep 12 02:06:25 UTC 2018 /home/travis/build/icyphy/ptII/ptolemy/actor/lib/test/auto/ClassWrapper.xml
----------------- Instantiating /home/travis/build/icyphy/ptII/ptolemy/actor/lib/test/auto/ClassWrapper.xml
2 ms. Memory: 717824K Free: 605499K (84%)
----------------- Invoking toplevel() on ptolemy.moml.MoMLSimpleApplication@5232f32b
----------------- Done invoking toplevel() on ptolemy.moml.MoMLSimpleApplication@5232f32b
reloadAllAccessors: .ClassWrapper

===========================================================================================
----------------- testing Wed Sep 12 02:06:25 UTC 2018 /home/travis/build/icyphy/ptII/ptolemy/actor/lib/test/auto/Clock.xml
----------------- Instantiating /home/travis/build/icyphy/ptII/ptolemy/actor/lib/test/auto/Clock.xml
2 ms. Memory: 717824K Free: 597225K (83%)
----------------- Invoking toplevel() on ptolemy.moml.MoMLSimpleApplication@5fe20b31
----------------- Done invoking toplevel() on ptolemy.moml.MoMLSimpleApplication@5fe20b31
reloadAllAccessors: .Clock

===========================================================================================
----------------- testing Wed Sep 12 02:06:25 UTC 2018 /home/travis/build/icyphy/ptII/ptolemy/actor/lib/test/auto/Clock10.xml
----------------- Instantiating /home/travis/build/icyphy/ptII/ptolemy/actor/lib/test/auto/Clock10.xml
3 ms. Memory: 717824K Free: 581999K (81%)
----------------- Invoking toplevel() on ptolemy.moml.MoMLSimpleApplication@78ca587a
----------------- Done invoking toplevel() on ptolemy.moml.MoMLSimpleApplication@78ca587a
reloadAllAccessors: .Clock10

===========================================================================================
----------------- testing Wed Sep 12 02:06:25 UTC 2018 /home/travis/build/icyphy/ptII/ptolemy/actor/lib/test/auto/Clock11.xml
----------------- Instantiating /home/travis/build/icyphy/ptII/ptolemy/actor/lib/test/auto/Clock11.xml
3 ms. Memory: 717824K Free: 573726K (80%)
----------------- Invoking toplevel() on ptolemy.moml.MoMLSimpleApplication@2170138a
----------------- Done invoking toplevel() on ptolemy.moml.MoMLSimpleApplication@2170138a
reloadAllAccessors: .Clock11

===========================================================================================
----------------- testing Wed Sep 12 02:06:25 UTC 2018 /home/travis/build/icyphy/ptII/ptolemy/actor/lib/test/auto/Clock12.xml
----------------- Instantiating /home/travis/build/icyphy/ptII/ptolemy/actor/lib/test/auto/Clock12.xml
2 ms. Memory: 717824K Free: 565452K (79%)
----------------- Invoking toplevel() on ptolemy.moml.MoMLSimpleApplication@6de5313e
----------------- Done invoking toplevel() on ptolemy.moml.MoMLSimpleApplication@6de5313e
reloadAllAccessors: .Clock12

===========================================================================================
----------------- testing Wed Sep 12 02:06:25 UTC 2018 /home/travis/build/icyphy/ptII/ptolemy/actor/lib/test/auto/Clock13.xml
----------------- Instantiating /home/travis/build/icyphy/ptII/ptolemy/actor/lib/test/auto/Clock13.xml
7 ms. Memory: 717824K Free: 550226K (77%)
----------------- Invoking toplevel() on ptolemy.moml.MoMLSimpleApplication@43c23171
----------------- Done invoking toplevel() on ptolemy.moml.MoMLSimpleApplication@43c23171
reloadAllAccessors: .Clock13

===========================================================================================
----------------- testing Wed Sep 12 02:06:25 UTC 2018 /home/travis/build/icyphy/ptII/ptolemy/actor/lib/test/auto/Clock14.xml
----------------- Instantiating /home/travis/build/icyphy/ptII/ptolemy/actor/lib/test/auto/Clock14.xml
6 ms. Memory: 717824K Free: 541952K (75%)
----------------- Invoking toplevel() on ptolemy.moml.MoMLSimpleApplication@6240314f
----------------- Done invoking toplevel() on ptolemy.moml.MoMLSimpleApplication@6240314f
reloadAllAccessors: .Clock14

===========================================================================================
----------------- testing Wed Sep 12 02:06:25 UTC 2018 /home/travis/build/icyphy/ptII/ptolemy/actor/lib/test/auto/Clock15.xml
----------------- Instantiating /home/travis/build/icyphy/ptII/ptolemy/actor/lib/test/auto/Clock15.xml
3 ms. Memory: 717824K Free: 533678K (74%)
----------------- Invoking toplevel() on ptolemy.moml.MoMLSimpleApplication@7687cd45
----------------- Done invoking toplevel() on ptolemy.moml.MoMLSimpleApplication@7687cd45
reloadAllAccessors: .Clock15

===========================================================================================
----------------- testing Wed Sep 12 02:06:25 UTC 2018 /home/travis/build/icyphy/ptII/ptolemy/actor/lib/test/auto/Clock16.xml
----------------- Instantiating /home/travis/build/icyphy/ptII/ptolemy/actor/lib/test/auto/Clock16.xml
19 ms. Memory: 717824K Free: 510162K (71%)
----------------- Invoking toplevel() on ptolemy.moml.MoMLSimpleApplication@1b48c478
----------------- Done invoking toplevel() on ptolemy.moml.MoMLSimpleApplication@1b48c478
reloadAllAccessors: .Clock16

===========================================================================================
----------------- testing Wed Sep 12 02:06:26 UTC 2018 /home/travis/build/icyphy/ptII/ptolemy/actor/lib/test/auto/Clock17.xml
----------------- Instantiating /home/travis/build/icyphy/ptII/ptolemy/actor/lib/test/auto/Clock17.xml
11 ms. Memory: 717824K Free: 493606K (69%)
----------------- Invoking toplevel() on ptolemy.moml.MoMLSimpleApplication@26ea19b6
----------------- Done invoking toplevel() on ptolemy.moml.MoMLSimpleApplication@26ea19b6
reloadAllAccessors: .Clock17

===========================================================================================
----------------- testing Wed Sep 12 02:06:26 UTC 2018 /home/travis/build/icyphy/ptII/ptolemy/actor/lib/test/auto/Clock18.xml
----------------- Instantiating /home/travis/build/icyphy/ptII/ptolemy/actor/lib/test/auto/Clock18.xml
31 ms. Memory: 717824K Free: 477042K (66%)
----------------- Invoking toplevel() on ptolemy.moml.MoMLSimpleApplication@7267cbcd
----------------- Done invoking toplevel() on ptolemy.moml.MoMLSimpleApplication@7267cbcd
reloadAllAccessors: .Clock18

===========================================================================================
----------------- testing Wed Sep 12 02:06:26 UTC 2018 /home/travis/build/icyphy/ptII/ptolemy/actor/lib/test/auto/Clock19.xml
----------------- Instantiating /home/travis/build/icyphy/ptII/ptolemy/actor/lib/test/auto/Clock19.xml
16 ms. Memory: 717824K Free: 453510K (63%)
----------------- Invoking toplevel() on ptolemy.moml.MoMLSimpleApplication@22d276
----------------- Done invoking toplevel() on ptolemy.moml.MoMLSimpleApplication@22d276
reloadAllAccessors: .Clock19

===========================================================================================
----------------- testing Wed Sep 12 02:06:26 UTC 2018 /home/travis/build/icyphy/ptII/ptolemy/actor/lib/test/auto/Clock2.xml
----------------- Instantiating /home/travis/build/icyphy/ptII/ptolemy/actor/lib/test/auto/Clock2.xml
6 ms. Memory: 717824K Free: 445236K (62%)
----------------- Invoking toplevel() on ptolemy.moml.MoMLSimpleApplication@4ef4082c
----------------- Done invoking toplevel() on ptolemy.moml.MoMLSimpleApplication@4ef4082c
reloadAllAccessors: .Clock2

===========================================================================================
----------------- testing Wed Sep 12 02:06:26 UTC 2018 /home/travis/build/icyphy/ptII/ptolemy/actor/lib/test/auto/Clock20.xml
----------------- Instantiating /home/travis/build/icyphy/ptII/ptolemy/actor/lib/test/auto/Clock20.xml
8 ms. Memory: 717824K Free: 436962K (61%)
----------------- Invoking toplevel() on ptolemy.moml.MoMLSimpleApplication@2927093f
----------------- Done invoking toplevel() on ptolemy.moml.MoMLSimpleApplication@2927093f
reloadAllAccessors: .Clock20

===========================================================================================
----------------- testing Wed Sep 12 02:06:26 UTC 2018 /home/travis/build/icyphy/ptII/ptolemy/actor/lib/test/auto/Clock21.xml
----------------- Instantiating /home/travis/build/icyphy/ptII/ptolemy/actor/lib/test/auto/Clock21.xml
3 ms. Memory: 717824K Free: 421736K (59%)
----------------- Invoking toplevel() on ptolemy.moml.MoMLSimpleApplication@17b374b5
----------------- Done invoking toplevel() on ptolemy.moml.MoMLSimpleApplication@17b374b5
reloadAllAccessors: .Clock21

===========================================================================================
----------------- testing Wed Sep 12 02:06:26 UTC 2018 /home/travis/build/icyphy/ptII/ptolemy/actor/lib/test/auto/Clock22.xml
----------------- Instantiating /home/travis/build/icyphy/ptII/ptolemy/actor/lib/test/auto/Clock22.xml
1 ms. Memory: 717824K Free: 413462K (58%)
----------------- Invoking toplevel() on ptolemy.moml.MoMLSimpleApplication@44cc2ee4
----------------- Done invoking toplevel() on ptolemy.moml.MoMLSimpleApplication@44cc2ee4
reloadAllAccessors: .Clock22

===========================================================================================
----------------- testing Wed Sep 12 02:06:26 UTC 2018 /home/travis/build/icyphy/ptII/ptolemy/actor/lib/test/auto/Clock23.xml
----------------- Instantiating /home/travis/build/icyphy/ptII/ptolemy/actor/lib/test/auto/Clock23.xml
9 ms. Memory: 717824K Free: 405188K (56%)
----------------- Invoking toplevel() on ptolemy.moml.MoMLSimpleApplication@efaf97a
----------------- Done invoking toplevel() on ptolemy.moml.MoMLSimpleApplication@efaf97a
reloadAllAccessors: .Clock23

===========================================================================================
----------------- testing Wed Sep 12 02:06:26 UTC 2018 /home/travis/build/icyphy/ptII/ptolemy/actor/lib/test/auto/Clock24.xml
----------------- Instantiating /home/travis/build/icyphy/ptII/ptolemy/actor/lib/test/auto/Clock24.xml
6 ms. Memory: 717824K Free: 389962K (54%)
----------------- Invoking toplevel() on ptolemy.moml.MoMLSimpleApplication@5a0defe3
----------------- Done invoking toplevel() on ptolemy.moml.MoMLSimpleApplication@5a0defe3
reloadAllAccessors: .Clock24

===========================================================================================
----------------- testing Wed Sep 12 02:06:26 UTC 2018 /home/travis/build/icyphy/ptII/ptolemy/actor/lib/test/auto/Clock4.xml
----------------- Instantiating /home/travis/build/icyphy/ptII/ptolemy/actor/lib/test/auto/Clock4.xml
1 ms. Memory: 717824K Free: 381688K (53%)
----------------- Invoking toplevel() on ptolemy.moml.MoMLSimpleApplication@66a29dda
----------------- Done invoking toplevel() on ptolemy.moml.MoMLSimpleApplication@66a29dda
reloadAllAccessors: .Clock4

===========================================================================================
----------------- testing Wed Sep 12 02:06:26 UTC 2018 /home/travis/build/icyphy/ptII/ptolemy/actor/lib/test/auto/Clock5.xml
----------------- Instantiating /home/travis/build/icyphy/ptII/ptolemy/actor/lib/test/auto/Clock5.xml
4 ms. Memory: 717824K Free: 373414K (52%)
----------------- Invoking toplevel() on ptolemy.moml.MoMLSimpleApplication@217e488f
----------------- Done invoking toplevel() on ptolemy.moml.MoMLSimpleApplication@217e488f
reloadAllAccessors: .Clock5

===========================================================================================
----------------- testing Wed Sep 12 02:06:26 UTC 2018 /home/travis/build/icyphy/ptII/ptolemy/actor/lib/test/auto/Clock6.xml
----------------- Instantiating /home/travis/build/icyphy/ptII/ptolemy/actor/lib/test/auto/Clock6.xml
1 ms. Memory: 717824K Free: 358188K (50%)
----------------- Invoking toplevel() on ptolemy.moml.MoMLSimpleApplication@298f7685
----------------- Done invoking toplevel() on ptolemy.moml.MoMLSimpleApplication@298f7685
reloadAllAccessors: .Clock6

===========================================================================================
----------------- testing Wed Sep 12 02:06:26 UTC 2018 /home/travis/build/icyphy/ptII/ptolemy/actor/lib/test/auto/Clock7.xml
----------------- Instantiating /home/travis/build/icyphy/ptII/ptolemy/actor/lib/test/auto/Clock7.xml
3 ms. Memory: 717824K Free: 349914K (49%)
----------------- Invoking toplevel() on ptolemy.moml.MoMLSimpleApplication@298db458
----------------- Done invoking toplevel() on ptolemy.moml.MoMLSimpleApplication@298db458
reloadAllAccessors: .Clock7

===========================================================================================
----------------- testing Wed Sep 12 02:06:26 UTC 2018 /home/travis/build/icyphy/ptII/ptolemy/actor/lib/test/auto/Clock8.xml
----------------- Instantiating /home/travis/build/icyphy/ptII/ptolemy/actor/lib/test/auto/Clock8.xml
8 ms. Memory: 717824K Free: 341640K (48%)
----------------- Invoking toplevel() on ptolemy.moml.MoMLSimpleApplication@536f2ffc
----------------- Done invoking toplevel() on ptolemy.moml.MoMLSimpleApplication@536f2ffc
reloadAllAccessors: .Clock8

===========================================================================================
----------------- testing Wed Sep 12 02:06:26 UTC 2018 /home/travis/build/icyphy/ptII/ptolemy/actor/lib/test/auto/Clock9.xml
----------------- Instantiating /home/travis/build/icyphy/ptII/ptolemy/actor/lib/test/auto/Clock9.xml
2 ms. Memory: 717824K Free: 326414K (45%)
----------------- Invoking toplevel() on ptolemy.moml.MoMLSimpleApplication@7b055cdf
----------------- Done invoking toplevel() on ptolemy.moml.MoMLSimpleApplication@7b055cdf
reloadAllAccessors: .Clock9

===========================================================================================
----------------- testing Wed Sep 12 02:06:26 UTC 2018 /home/travis/build/icyphy/ptII/ptolemy/actor/lib/test/auto/CommDistDiscard.xml
----------------- Instantiating /home/travis/build/icyphy/ptII/ptolemy/actor/lib/test/auto/CommDistDiscard.xml
3 ms. Memory: 717824K Free: 318140K (44%)
----------------- Invoking toplevel() on ptolemy.moml.MoMLSimpleApplication@3f66601a
----------------- Done invoking toplevel() on ptolemy.moml.MoMLSimpleApplication@3f66601a
reloadAllAccessors: .CommDistDiscard

===========================================================================================
----------------- testing Wed Sep 12 02:06:26 UTC 2018 /home/travis/build/icyphy/ptII/ptolemy/actor/lib/test/auto/Commutator.xml
----------------- Instantiating /home/travis/build/icyphy/ptII/ptolemy/actor/lib/test/auto/Commutator.xml
2 ms. Memory: 717824K Free: 309867K (43%)
----------------- Invoking toplevel() on ptolemy.moml.MoMLSimpleApplication@3e5aa2de
----------------- Done invoking toplevel() on ptolemy.moml.MoMLSimpleApplication@3e5aa2de
reloadAllAccessors: .Commutator

===========================================================================================
----------------- testing Wed Sep 12 02:06:26 UTC 2018 /home/travis/build/icyphy/ptII/ptolemy/actor/lib/test/auto/Commutator2.xml
----------------- Instantiating /home/travis/build/icyphy/ptII/ptolemy/actor/lib/test/auto/Commutator2.xml
2 ms. Memory: 717824K Free: 294641K (41%)
----------------- Invoking toplevel() on ptolemy.moml.MoMLSimpleApplication@470a2b19
----------------- Done invoking toplevel() on ptolemy.moml.MoMLSimpleApplication@470a2b19
reloadAllAccessors: .Commutator2

===========================================================================================
----------------- testing Wed Sep 12 02:06:26 UTC 2018 /home/travis/build/icyphy/ptII/ptolemy/actor/lib/test/auto/Commutator3.xml
----------------- Instantiating /home/travis/build/icyphy/ptII/ptolemy/actor/lib/test/auto/Commutator3.xml
2 ms. Memory: 717824K Free: 286367K (40%)
----------------- Invoking toplevel() on ptolemy.moml.MoMLSimpleApplication@5e5c4eef
----------------- Done invoking toplevel() on ptolemy.moml.MoMLSimpleApplication@5e5c4eef
reloadAllAccessors: .Commutator3

===========================================================================================
----------------- testing Wed Sep 12 02:06:26 UTC 2018 /home/travis/build/icyphy/ptII/ptolemy/actor/lib/test/auto/Compare.xml
----------------- Instantiating /home/travis/build/icyphy/ptII/ptolemy/actor/lib/test/auto/Compare.xml
3 ms. Memory: 717824K Free: 273956K (38%)
----------------- Invoking toplevel() on ptolemy.moml.MoMLSimpleApplication@3e2b9697
----------------- Done invoking toplevel() on ptolemy.moml.MoMLSimpleApplication@3e2b9697
reloadAllAccessors: .Compare

===========================================================================================
----------------- testing Wed Sep 12 02:06:26 UTC 2018 /home/travis/build/icyphy/ptII/ptolemy/actor/lib/test/auto/CompareDE.xml
----------------- Instantiating /home/travis/build/icyphy/ptII/ptolemy/actor/lib/test/auto/CompareDE.xml
6 ms. Memory: 717824K Free: 261537K (36%)
----------------- Invoking toplevel() on ptolemy.moml.MoMLSimpleApplication@734abb3c
----------------- Done invoking toplevel() on ptolemy.moml.MoMLSimpleApplication@734abb3c
reloadAllAccessors: .CompareDE

===========================================================================================
----------------- testing Wed Sep 12 02:06:26 UTC 2018 /home/travis/build/icyphy/ptII/ptolemy/actor/lib/test/auto/ComplexDivide.xml
----------------- Instantiating /home/travis/build/icyphy/ptII/ptolemy/actor/lib/test/auto/ComplexDivide.xml
2 ms. Memory: 717824K Free: 246311K (34%)
----------------- Invoking toplevel() on ptolemy.moml.MoMLSimpleApplication@5dd4cd7
----------------- Done invoking toplevel() on ptolemy.moml.MoMLSimpleApplication@5dd4cd7
reloadAllAccessors: .ComplexDivide

===========================================================================================
----------------- testing Wed Sep 12 02:06:26 UTC 2018 /home/travis/build/icyphy/ptII/ptolemy/actor/lib/test/auto/ComputeHistogram.xml
----------------- Instantiating /home/travis/build/icyphy/ptII/ptolemy/actor/lib/test/auto/ComputeHistogram.xml
39 ms. Memory: 717824K Free: 229731K (32%)
----------------- Invoking toplevel() on ptolemy.moml.MoMLSimpleApplication@ddf5e1a
----------------- Done invoking toplevel() on ptolemy.moml.MoMLSimpleApplication@ddf5e1a
reloadAllAccessors: .ComputeHistogram

===========================================================================================
----------------- testing Wed Sep 12 02:06:26 UTC 2018 /home/travis/build/icyphy/ptII/ptolemy/actor/lib/test/auto/ConfigurationSelect.xml
----------------- Instantiating /home/travis/build/icyphy/ptII/ptolemy/actor/lib/test/auto/ConfigurationSelect.xml
7 ms. Memory: 717824K Free: 221457K (31%)
----------------- Invoking toplevel() on ptolemy.moml.MoMLSimpleApplication@32f67532
----------------- Done invoking toplevel() on ptolemy.moml.MoMLSimpleApplication@32f67532
reloadAllAccessors: .ConfigurationSelect

===========================================================================================
----------------- testing Wed Sep 12 02:06:26 UTC 2018 /home/travis/build/icyphy/ptII/ptolemy/actor/lib/test/auto/ConfigurationSelect2.xml
----------------- Instantiating /home/travis/build/icyphy/ptII/ptolemy/actor/lib/test/auto/ConfigurationSelect2.xml
2 ms. Memory: 717824K Free: 206231K (29%)
----------------- Invoking toplevel() on ptolemy.moml.MoMLSimpleApplication@2d5d8b9
----------------- Done invoking toplevel() on ptolemy.moml.MoMLSimpleApplication@2d5d8b9
reloadAllAccessors: .ConfigurationSelect2

===========================================================================================
----------------- testing Wed Sep 12 02:06:26 UTC 2018 /home/travis/build/icyphy/ptII/ptolemy/actor/lib/test/auto/ConfigurationSwitch.xml
----------------- Instantiating /home/travis/build/icyphy/ptII/ptolemy/actor/lib/test/auto/ConfigurationSwitch.xml
2 ms. Memory: 717824K Free: 197957K (28%)
----------------- Invoking toplevel() on ptolemy.moml.MoMLSimpleApplication@5dab92e1
----------------- Done invoking toplevel() on ptolemy.moml.MoMLSimpleApplication@5dab92e1
reloadAllAccessors: .ConfigurationSwitch

===========================================================================================
----------------- testing Wed Sep 12 02:06:26 UTC 2018 /home/travis/build/icyphy/ptII/ptolemy/actor/lib/test/auto/ConfigurationSwitch2.xml
----------------- Instantiating /home/travis/build/icyphy/ptII/ptolemy/actor/lib/test/auto/ConfigurationSwitch2.xml
3 ms. Memory: 717824K Free: 189684K (26%)
----------------- Invoking toplevel() on ptolemy.moml.MoMLSimpleApplication@3ab957c3
----------------- Done invoking toplevel() on ptolemy.moml.MoMLSimpleApplication@3ab957c3
reloadAllAccessors: .ConfigurationSwitch2

===========================================================================================
----------------- testing Wed Sep 12 02:06:26 UTC 2018 /home/travis/build/icyphy/ptII/ptolemy/actor/lib/test/auto/ConfigurationSwitchCloningBugWithClassRelationGroup.xml
----------------- Instantiating /home/travis/build/icyphy/ptII/ptolemy/actor/lib/test/auto/ConfigurationSwitchCloningBugWithClassRelationGroup.xml
1 ms. Memory: 717824K Free: 170313K (24%)
----------------- Invoking toplevel() on ptolemy.moml.MoMLSimpleApplication@4803bafe
----------------- Done invoking toplevel() on ptolemy.moml.MoMLSimpleApplication@4803bafe
reloadAllAccessors: .ConfigurationSwitchCloningBugWithClassRelationGroup

===========================================================================================
----------------- testing Wed Sep 12 02:06:26 UTC 2018 /home/travis/build/icyphy/ptII/ptolemy/actor/lib/test/auto/ConfigurationSwitchSelectSDF.xml
----------------- Instantiating /home/travis/build/icyphy/ptII/ptolemy/actor/lib/test/auto/ConfigurationSwitchSelectSDF.xml
2 ms. Memory: 717824K Free: 162039K (23%)
----------------- Invoking toplevel() on ptolemy.moml.MoMLSimpleApplication@59bbba1c
----------------- Done invoking toplevel() on ptolemy.moml.MoMLSimpleApplication@59bbba1c
reloadAllAccessors: .ConfigurationSwitchSelectSDF

===========================================================================================
----------------- testing Wed Sep 12 02:06:26 UTC 2018 /home/travis/build/icyphy/ptII/ptolemy/actor/lib/test/auto/ConfigurationSwitchSelectSDF2.xml
----------------- Instantiating /home/travis/build/icyphy/ptII/ptolemy/actor/lib/test/auto/ConfigurationSwitchSelectSDF2.xml
2 ms. Memory: 717824K Free: 153765K (21%)
----------------- Invoking toplevel() on ptolemy.moml.MoMLSimpleApplication@d7491e9
----------------- Done invoking toplevel() on ptolemy.moml.MoMLSimpleApplication@d7491e9
reloadAllAccessors: .ConfigurationSwitchSelectSDF2

===========================================================================================
----------------- testing Wed Sep 12 02:06:26 UTC 2018 /home/travis/build/icyphy/ptII/ptolemy/actor/lib/test/auto/Const.xml
----------------- Instantiating /home/travis/build/icyphy/ptII/ptolemy/actor/lib/test/auto/Const.xml
2 ms. Memory: 717824K Free: 138539K (19%)
----------------- Invoking toplevel() on ptolemy.moml.MoMLSimpleApplication@3d5eef2e
----------------- Done invoking toplevel() on ptolemy.moml.MoMLSimpleApplication@3d5eef2e
reloadAllAccessors: .Const

===========================================================================================
----------------- testing Wed Sep 12 02:06:26 UTC 2018 /home/travis/build/icyphy/ptII/ptolemy/actor/lib/test/auto/Const2.xml
----------------- Instantiating /home/travis/build/icyphy/ptII/ptolemy/actor/lib/test/auto/Const2.xml
2 ms. Memory: 717824K Free: 130265K (18%)
----------------- Invoking toplevel() on ptolemy.moml.MoMLSimpleApplication@a7c8732
----------------- Done invoking toplevel() on ptolemy.moml.MoMLSimpleApplication@a7c8732
reloadAllAccessors: .Const2

===========================================================================================
----------------- testing Wed Sep 12 02:06:26 UTC 2018 /home/travis/build/icyphy/ptII/ptolemy/actor/lib/test/auto/Const3.xml
----------------- Instantiating /home/travis/build/icyphy/ptII/ptolemy/actor/lib/test/auto/Const3.xml
2 ms. Memory: 717824K Free: 121991K (17%)
----------------- Invoking toplevel() on ptolemy.moml.MoMLSimpleApplication@2efda97d
----------------- Done invoking toplevel() on ptolemy.moml.MoMLSimpleApplication@2efda97d
reloadAllAccessors: .Const3

===========================================================================================
----------------- testing Wed Sep 12 02:06:26 UTC 2018 /home/travis/build/icyphy/ptII/ptolemy/actor/lib/test/auto/ConstantPublisherPort1.xml
----------------- Instantiating /home/travis/build/icyphy/ptII/ptolemy/actor/lib/test/auto/ConstantPublisherPort1.xml
9 ms. Memory: 717824K Free: 102612K (14%)
----------------- Invoking toplevel() on ptolemy.moml.MoMLSimpleApplication@51f15faf
----------------- Done invoking toplevel() on ptolemy.moml.MoMLSimpleApplication@51f15faf
reloadAllAccessors: .ConstantPublisherPort1

===========================================================================================
----------------- testing Wed Sep 12 02:06:27 UTC 2018 /home/travis/build/icyphy/ptII/ptolemy/actor/lib/test/auto/ConstantPublisherPort2.xml
----------------- Instantiating /home/travis/build/icyphy/ptII/ptolemy/actor/lib/test/auto/ConstantPublisherPort2.xml
14 ms. Memory: 717824K Free: 90194K (13%)
----------------- Invoking toplevel() on ptolemy.moml.MoMLSimpleApplication@1f148761
----------------- Done invoking toplevel() on ptolemy.moml.MoMLSimpleApplication@1f148761
reloadAllAccessors: .ConstantPublisherPort2

===========================================================================================
----------------- testing Wed Sep 12 02:06:27 UTC 2018 /home/travis/build/icyphy/ptII/ptolemy/actor/lib/test/auto/ConstantPublisherPort3.xml
----------------- Instantiating /home/travis/build/icyphy/ptII/ptolemy/actor/lib/test/auto/ConstantPublisherPort3.xml
7 ms. Memory: 717824K Free: 77775K (11%)
----------------- Invoking toplevel() on ptolemy.moml.MoMLSimpleApplication@11257f8e
----------------- Done invoking toplevel() on ptolemy.moml.MoMLSimpleApplication@11257f8e
reloadAllAccessors: .ConstantPublisherPort3

===========================================================================================
----------------- testing Wed Sep 12 02:06:27 UTC 2018 /home/travis/build/icyphy/ptII/ptolemy/actor/lib/test/auto/ConstantPublisherPort4.xml
----------------- Instantiating /home/travis/build/icyphy/ptII/ptolemy/actor/lib/test/auto/ConstantPublisherPort4.xml
4 ms. Memory: 717824K Free: 58916K (8%)
----------------- Invoking toplevel() on ptolemy.moml.MoMLSimpleApplication@38151952
----------------- Done invoking toplevel() on ptolemy.moml.MoMLSimpleApplication@38151952
reloadAllAccessors: .ConstantPublisherPort4

===========================================================================================
----------------- testing Wed Sep 12 02:06:27 UTC 2018 /home/travis/build/icyphy/ptII/ptolemy/actor/lib/test/auto/ConstantPublisherPort5.xml
----------------- Instantiating /home/travis/build/icyphy/ptII/ptolemy/actor/lib/test/auto/ConstantPublisherPort5.xml
17 ms. Memory: 718336K Free: 652622K (91%)
----------------- Invoking toplevel() on ptolemy.moml.MoMLSimpleApplication@47814f76
----------------- Done invoking toplevel() on ptolemy.moml.MoMLSimpleApplication@47814f76
reloadAllAccessors: .ConstantPublisherPort5

===========================================================================================
----------------- testing Wed Sep 12 02:06:27 UTC 2018 /home/travis/build/icyphy/ptII/ptolemy/actor/lib/test/auto/ConstantPublisherPort6.xml
----------------- Instantiating /home/travis/build/icyphy/ptII/ptolemy/actor/lib/test/auto/ConstantPublisherPort6.xml
17 ms. Memory: 718336K Free: 616275K (86%)
----------------- Invoking toplevel() on ptolemy.moml.MoMLSimpleApplication@23da1882
----------------- Done invoking toplevel() on ptolemy.moml.MoMLSimpleApplication@23da1882
reloadAllAccessors: .ConstantPublisherPort6

===========================================================================================
----------------- testing Wed Sep 12 02:06:27 UTC 2018 /home/travis/build/icyphy/ptII/ptolemy/actor/lib/test/auto/ConstantPublisherPort7.xml
----------------- Instantiating /home/travis/build/icyphy/ptII/ptolemy/actor/lib/test/auto/ConstantPublisherPort7.xml
16 ms. Memory: 718336K Free: 585248K (81%)
----------------- Invoking toplevel() on ptolemy.moml.MoMLSimpleApplication@3a068922
----------------- Done invoking toplevel() on ptolemy.moml.MoMLSimpleApplication@3a068922
reloadAllAccessors: .ConstantPublisherPort7

===========================================================================================
----------------- testing Wed Sep 12 02:06:27 UTC 2018 /home/travis/build/icyphy/ptII/ptolemy/actor/lib/test/auto/ConstraintMonitor1.xml
----------------- Instantiating /home/travis/build/icyphy/ptII/ptolemy/actor/lib/test/auto/ConstraintMonitor1.xml
2 ms. Memory: 718336K Free: 567518K (79%)
----------------- Invoking toplevel() on ptolemy.moml.MoMLSimpleApplication@4f886739
----------------- Done invoking toplevel() on ptolemy.moml.MoMLSimpleApplication@4f886739
reloadAllAccessors: .ConstraintMonitor1

===========================================================================================
----------------- testing Wed Sep 12 02:06:27 UTC 2018 /home/travis/build/icyphy/ptII/ptolemy/actor/lib/test/auto/ConstraintMonitor2.xml
----------------- Instantiating /home/travis/build/icyphy/ptII/ptolemy/actor/lib/test/auto/ConstraintMonitor2.xml
3 ms. Memory: 718336K Free: 555107K (77%)
----------------- Invoking toplevel() on ptolemy.moml.MoMLSimpleApplication@38a033da
----------------- Done invoking toplevel() on ptolemy.moml.MoMLSimpleApplication@38a033da
reloadAllAccessors: .ConstraintMonitor2

===========================================================================================
----------------- testing Wed Sep 12 02:06:27 UTC 2018 /home/travis/build/icyphy/ptII/ptolemy/actor/lib/test/auto/ConstraintMonitor3.xml
----------------- Instantiating /home/travis/build/icyphy/ptII/ptolemy/actor/lib/test/auto/ConstraintMonitor3.xml
3 ms. Memory: 718336K Free: 537377K (75%)
----------------- Invoking toplevel() on ptolemy.moml.MoMLSimpleApplication@3475f123
----------------- Done invoking toplevel() on ptolemy.moml.MoMLSimpleApplication@3475f123
reloadAllAccessors: .ConstraintMonitor3

===========================================================================================
----------------- testing Wed Sep 12 02:06:27 UTC 2018 /home/travis/build/icyphy/ptII/ptolemy/actor/lib/test/auto/ConstraintMonitor4.xml
----------------- Instantiating /home/travis/build/icyphy/ptII/ptolemy/actor/lib/test/auto/ConstraintMonitor4.xml
3 ms. Memory: 718336K Free: 524966K (73%)
----------------- Invoking toplevel() on ptolemy.moml.MoMLSimpleApplication@601dfd36
----------------- Done invoking toplevel() on ptolemy.moml.MoMLSimpleApplication@601dfd36
reloadAllAccessors: .ConstraintMonitor4

===========================================================================================
----------------- testing Wed Sep 12 02:06:27 UTC 2018 /home/travis/build/icyphy/ptII/ptolemy/actor/lib/test/auto/ConstraintMonitor5.xml
----------------- Instantiating /home/travis/build/icyphy/ptII/ptolemy/actor/lib/test/auto/ConstraintMonitor5.xml
3 ms. Memory: 718336K Free: 512555K (71%)
----------------- Invoking toplevel() on ptolemy.moml.MoMLSimpleApplication@7edf1e5f
----------------- Done invoking toplevel() on ptolemy.moml.MoMLSimpleApplication@7edf1e5f
reloadAllAccessors: .ConstraintMonitor5

===========================================================================================
----------------- testing Wed Sep 12 02:06:27 UTC 2018 /home/travis/build/icyphy/ptII/ptolemy/actor/lib/test/auto/ConstraintMonitor6.xml
----------------- Instantiating /home/travis/build/icyphy/ptII/ptolemy/actor/lib/test/auto/ConstraintMonitor6.xml
2 ms. Memory: 718336K Free: 494825K (69%)
----------------- Invoking toplevel() on ptolemy.moml.MoMLSimpleApplication@4ca2181
----------------- Done invoking toplevel() on ptolemy.moml.MoMLSimpleApplication@4ca2181
reloadAllAccessors: .ConstraintMonitor6

===========================================================================================
----------------- testing Wed Sep 12 02:06:27 UTC 2018 /home/travis/build/icyphy/ptII/ptolemy/actor/lib/test/auto/ConstraintMonitor7.xml
----------------- Instantiating /home/travis/build/icyphy/ptII/ptolemy/actor/lib/test/auto/ConstraintMonitor7.xml
2 ms. Memory: 718336K Free: 482414K (67%)
----------------- Invoking toplevel() on ptolemy.moml.MoMLSimpleApplication@e29579f
----------------- Done invoking toplevel() on ptolemy.moml.MoMLSimpleApplication@e29579f
reloadAllAccessors: .ConstraintMonitor7

===========================================================================================
----------------- testing Wed Sep 12 02:06:27 UTC 2018 /home/travis/build/icyphy/ptII/ptolemy/actor/lib/test/auto/ConstraintMonitor8.xml
----------------- Instantiating /home/travis/build/icyphy/ptII/ptolemy/actor/lib/test/auto/ConstraintMonitor8.xml
8 ms. Memory: 718336K Free: 464684K (65%)
----------------- Invoking toplevel() on ptolemy.moml.MoMLSimpleApplication@58fdb8cd
----------------- Done invoking toplevel() on ptolemy.moml.MoMLSimpleApplication@58fdb8cd
reloadAllAccessors: .ConstraintMonitor8

===========================================================================================
----------------- testing Wed Sep 12 02:06:27 UTC 2018 /home/travis/build/icyphy/ptII/ptolemy/actor/lib/test/auto/Counter.xml
----------------- Instantiating /home/travis/build/icyphy/ptII/ptolemy/actor/lib/test/auto/Counter.xml
2 ms. Memory: 718336K Free: 452273K (63%)
----------------- Invoking toplevel() on ptolemy.moml.MoMLSimpleApplication@2df33b6c
----------------- Done invoking toplevel() on ptolemy.moml.MoMLSimpleApplication@2df33b6c
reloadAllAccessors: .Counter

===========================================================================================
----------------- testing Wed Sep 12 02:06:27 UTC 2018 /home/travis/build/icyphy/ptII/ptolemy/actor/lib/test/auto/CurrentTimeSDF.xml
----------------- Instantiating /home/travis/build/icyphy/ptII/ptolemy/actor/lib/test/auto/CurrentTimeSDF.xml
2 ms. Memory: 718336K Free: 434543K (60%)
----------------- Invoking toplevel() on ptolemy.moml.MoMLSimpleApplication@3f903d8e
----------------- Done invoking toplevel() on ptolemy.moml.MoMLSimpleApplication@3f903d8e
reloadAllAccessors: .CurrentTimeSDF

===========================================================================================
----------------- testing Wed Sep 12 02:06:27 UTC 2018 /home/travis/build/icyphy/ptII/ptolemy/actor/lib/test/auto/DB.xml
----------------- Instantiating /home/travis/build/icyphy/ptII/ptolemy/actor/lib/test/auto/DB.xml
2 ms. Memory: 718336K Free: 422132K (59%)
----------------- Invoking toplevel() on ptolemy.moml.MoMLSimpleApplication@43ad32d9
----------------- Done invoking toplevel() on ptolemy.moml.MoMLSimpleApplication@43ad32d9
reloadAllAccessors: .DB

===========================================================================================
----------------- testing Wed Sep 12 02:06:27 UTC 2018 /home/travis/build/icyphy/ptII/ptolemy/actor/lib/test/auto/DBDE.xml
----------------- Instantiating /home/travis/build/icyphy/ptII/ptolemy/actor/lib/test/auto/DBDE.xml
3 ms. Memory: 718336K Free: 409721K (57%)
----------------- Invoking toplevel() on ptolemy.moml.MoMLSimpleApplication@12477b43
----------------- Done invoking toplevel() on ptolemy.moml.MoMLSimpleApplication@12477b43
reloadAllAccessors: .DBDE

===========================================================================================
----------------- testing Wed Sep 12 02:06:27 UTC 2018 /home/travis/build/icyphy/ptII/ptolemy/actor/lib/test/auto/DateConstructor.xml
----------------- Instantiating /home/travis/build/icyphy/ptII/ptolemy/actor/lib/test/auto/DateConstructor.xml
12 ms. Memory: 718336K Free: 379556K (53%)
----------------- Invoking toplevel() on ptolemy.moml.MoMLSimpleApplication@ca4c2fd
----------------- Done invoking toplevel() on ptolemy.moml.MoMLSimpleApplication@ca4c2fd
reloadAllAccessors: .DateConstructor

===========================================================================================
----------------- testing Wed Sep 12 02:06:27 UTC 2018 /home/travis/build/icyphy/ptII/ptolemy/actor/lib/test/auto/DelayTime.xml
----------------- Instantiating /home/travis/build/icyphy/ptII/ptolemy/actor/lib/test/auto/DelayTime.xml
3 ms. Memory: 718336K Free: 367145K (51%)
----------------- Invoking toplevel() on ptolemy.moml.MoMLSimpleApplication@1631adda
----------------- Done invoking toplevel() on ptolemy.moml.MoMLSimpleApplication@1631adda
reloadAllAccessors: .DelayTime

===========================================================================================
----------------- testing Wed Sep 12 02:06:27 UTC 2018 /home/travis/build/icyphy/ptII/ptolemy/actor/lib/test/auto/Dictionary1.xml
----------------- Instantiating /home/travis/build/icyphy/ptII/ptolemy/actor/lib/test/auto/Dictionary1.xml
3 ms. Memory: 718336K Free: 349415K (49%)
----------------- Invoking toplevel() on ptolemy.moml.MoMLSimpleApplication@236d7cb
----------------- Done invoking toplevel() on ptolemy.moml.MoMLSimpleApplication@236d7cb
reloadAllAccessors: .Dictionary1

===========================================================================================
----------------- testing Wed Sep 12 02:06:27 UTC 2018 /home/travis/build/icyphy/ptII/ptolemy/actor/lib/test/auto/Dictionary2.xml
----------------- Instantiating /home/travis/build/icyphy/ptII/ptolemy/actor/lib/test/auto/Dictionary2.xml
2 ms. Memory: 718336K Free: 337004K (47%)
----------------- Invoking toplevel() on ptolemy.moml.MoMLSimpleApplication@43f746de
----------------- Done invoking toplevel() on ptolemy.moml.MoMLSimpleApplication@43f746de
reloadAllAccessors: .Dictionary2

===========================================================================================
----------------- testing Wed Sep 12 02:06:27 UTC 2018 /home/travis/build/icyphy/ptII/ptolemy/actor/lib/test/auto/Dictionary3.xml
----------------- Instantiating /home/travis/build/icyphy/ptII/ptolemy/actor/lib/test/auto/Dictionary3.xml
2 ms. Memory: 718336K Free: 324594K (45%)
----------------- Invoking toplevel() on ptolemy.moml.MoMLSimpleApplication@1929303f
----------------- Done invoking toplevel() on ptolemy.moml.MoMLSimpleApplication@1929303f
reloadAllAccessors: .Dictionary3

===========================================================================================
----------------- testing Wed Sep 12 02:06:27 UTC 2018 /home/travis/build/icyphy/ptII/ptolemy/actor/lib/test/auto/Dictionary4.xml
----------------- Instantiating /home/travis/build/icyphy/ptII/ptolemy/actor/lib/test/auto/Dictionary4.xml
2 ms. Memory: 718336K Free: 306864K (43%)
----------------- Invoking toplevel() on ptolemy.moml.MoMLSimpleApplication@5411f3c3
----------------- Done invoking toplevel() on ptolemy.moml.MoMLSimpleApplication@5411f3c3
reloadAllAccessors: .Dictionary4

===========================================================================================
----------------- testing Wed Sep 12 02:06:27 UTC 2018 /home/travis/build/icyphy/ptII/ptolemy/actor/lib/test/auto/Differential.xml
----------------- Instantiating /home/travis/build/icyphy/ptII/ptolemy/actor/lib/test/auto/Differential.xml
1 ms. Memory: 718336K Free: 294453K (41%)
----------------- Invoking toplevel() on ptolemy.moml.MoMLSimpleApplication@3b9dabc0
----------------- Done invoking toplevel() on ptolemy.moml.MoMLSimpleApplication@3b9dabc0
reloadAllAccessors: .Differential

===========================================================================================
----------------- testing Wed Sep 12 02:06:27 UTC 2018 /home/travis/build/icyphy/ptII/ptolemy/actor/lib/test/auto/Director.xml
----------------- Instantiating /home/travis/build/icyphy/ptII/ptolemy/actor/lib/test/auto/Director.xml
2 ms. Memory: 718336K Free: 276722K (39%)
----------------- Invoking toplevel() on ptolemy.moml.MoMLSimpleApplication@4ebf0f2
----------------- Done invoking toplevel() on ptolemy.moml.MoMLSimpleApplication@4ebf0f2
reloadAllAccessors: .Director

===========================================================================================
----------------- testing Wed Sep 12 02:06:27 UTC 2018 /home/travis/build/icyphy/ptII/ptolemy/actor/lib/test/auto/DiscreteClock.xml
----------------- Instantiating /home/travis/build/icyphy/ptII/ptolemy/actor/lib/test/auto/DiscreteClock.xml
1 ms. Memory: 718336K Free: 264312K (37%)
----------------- Invoking toplevel() on ptolemy.moml.MoMLSimpleApplication@715fa038
----------------- Done invoking toplevel() on ptolemy.moml.MoMLSimpleApplication@715fa038
reloadAllAccessors: .DiscreteClock

===========================================================================================
----------------- testing Wed Sep 12 02:06:27 UTC 2018 /home/travis/build/icyphy/ptII/ptolemy/actor/lib/test/auto/DiscreteClock10.xml
----------------- Instantiating /home/travis/build/icyphy/ptII/ptolemy/actor/lib/test/auto/DiscreteClock10.xml
2 ms. Memory: 718336K Free: 246582K (34%)
----------------- Invoking toplevel() on ptolemy.moml.MoMLSimpleApplication@2af1682a
----------------- Done invoking toplevel() on ptolemy.moml.MoMLSimpleApplication@2af1682a
reloadAllAccessors: .DiscreteClock10

===========================================================================================
----------------- testing Wed Sep 12 02:06:27 UTC 2018 /home/travis/build/icyphy/ptII/ptolemy/actor/lib/test/auto/DiscreteClock11.xml
----------------- Instantiating /home/travis/build/icyphy/ptII/ptolemy/actor/lib/test/auto/DiscreteClock11.xml
2 ms. Memory: 718336K Free: 234171K (33%)
----------------- Invoking toplevel() on ptolemy.moml.MoMLSimpleApplication@5de9c42b
----------------- Done invoking toplevel() on ptolemy.moml.MoMLSimpleApplication@5de9c42b
reloadAllAccessors: .DiscreteClock11

===========================================================================================
----------------- testing Wed Sep 12 02:06:27 UTC 2018 /home/travis/build/icyphy/ptII/ptolemy/actor/lib/test/auto/DiscreteClock12.xml
----------------- Instantiating /home/travis/build/icyphy/ptII/ptolemy/actor/lib/test/auto/DiscreteClock12.xml
2 ms. Memory: 718336K Free: 221760K (31%)
----------------- Invoking toplevel() on ptolemy.moml.MoMLSimpleApplication@4b6debdd
----------------- Done invoking toplevel() on ptolemy.moml.MoMLSimpleApplication@4b6debdd
reloadAllAccessors: .DiscreteClock12

===========================================================================================
----------------- testing Wed Sep 12 02:06:27 UTC 2018 /home/travis/build/icyphy/ptII/ptolemy/actor/lib/test/auto/DiscreteClock13.xml
----------------- Instantiating /home/travis/build/icyphy/ptII/ptolemy/actor/lib/test/auto/DiscreteClock13.xml
7 ms. Memory: 718336K Free: 204030K (28%)
----------------- Invoking toplevel() on ptolemy.moml.MoMLSimpleApplication@43b8b188
----------------- Done invoking toplevel() on ptolemy.moml.MoMLSimpleApplication@43b8b188
reloadAllAccessors: .DiscreteClock13

===========================================================================================
----------------- testing Wed Sep 12 02:06:27 UTC 2018 /home/travis/build/icyphy/ptII/ptolemy/actor/lib/test/auto/DiscreteClock14.xml
----------------- Instantiating /home/travis/build/icyphy/ptII/ptolemy/actor/lib/test/auto/DiscreteClock14.xml
6 ms. Memory: 718336K Free: 191619K (27%)
----------------- Invoking toplevel() on ptolemy.moml.MoMLSimpleApplication@bd45ad5
----------------- Done invoking toplevel() on ptolemy.moml.MoMLSimpleApplication@bd45ad5
reloadAllAccessors: .DiscreteClock14

===========================================================================================
----------------- testing Wed Sep 12 02:06:27 UTC 2018 /home/travis/build/icyphy/ptII/ptolemy/actor/lib/test/auto/DiscreteClock15.xml
----------------- Instantiating /home/travis/build/icyphy/ptII/ptolemy/actor/lib/test/auto/DiscreteClock15.xml
7 ms. Memory: 718336K Free: 173889K (24%)
----------------- Invoking toplevel() on ptolemy.moml.MoMLSimpleApplication@432f5bb3
----------------- Done invoking toplevel() on ptolemy.moml.MoMLSimpleApplication@432f5bb3
reloadAllAccessors: .DiscreteClock15

===========================================================================================
----------------- testing Wed Sep 12 02:06:27 UTC 2018 /home/travis/build/icyphy/ptII/ptolemy/actor/lib/test/auto/DiscreteClock16.xml
----------------- Instantiating /home/travis/build/icyphy/ptII/ptolemy/actor/lib/test/auto/DiscreteClock16.xml
14 ms. Memory: 718336K Free: 155264K (22%)
----------------- Invoking toplevel() on ptolemy.moml.MoMLSimpleApplication@129b69a5
----------------- Done invoking toplevel() on ptolemy.moml.MoMLSimpleApplication@129b69a5
reloadAllAccessors: .DiscreteClock16

===========================================================================================
----------------- testing Wed Sep 12 02:06:27 UTC 2018 /home/travis/build/icyphy/ptII/ptolemy/actor/lib/test/auto/DiscreteClock17.xml
----------------- Instantiating /home/travis/build/icyphy/ptII/ptolemy/actor/lib/test/auto/DiscreteClock17.xml
16 ms. Memory: 718336K Free: 136632K (19%)
----------------- Invoking toplevel() on ptolemy.moml.MoMLSimpleApplication@2f7ee9c6
----------------- Done invoking toplevel() on ptolemy.moml.MoMLSimpleApplication@2f7ee9c6
reloadAllAccessors: .DiscreteClock17

===========================================================================================
----------------- testing Wed Sep 12 02:06:27 UTC 2018 /home/travis/build/icyphy/ptII/ptolemy/actor/lib/test/auto/DiscreteClock18.xml
----------------- Instantiating /home/travis/build/icyphy/ptII/ptolemy/actor/lib/test/auto/DiscreteClock18.xml
13 ms. Memory: 718336K Free: 112697K (16%)
----------------- Invoking toplevel() on ptolemy.moml.MoMLSimpleApplication@5b9ddd93
----------------- Done invoking toplevel() on ptolemy.moml.MoMLSimpleApplication@5b9ddd93
reloadAllAccessors: .DiscreteClock18

===========================================================================================
----------------- testing Wed Sep 12 02:06:27 UTC 2018 /home/travis/build/icyphy/ptII/ptolemy/actor/lib/test/auto/DiscreteClock19.xml
----------------- Instantiating /home/travis/build/icyphy/ptII/ptolemy/actor/lib/test/auto/DiscreteClock19.xml
13 ms. Memory: 718336K Free: 94072K (13%)
----------------- Invoking toplevel() on ptolemy.moml.MoMLSimpleApplication@3e635f0
----------------- Done invoking toplevel() on ptolemy.moml.MoMLSimpleApplication@3e635f0
reloadAllAccessors: .DiscreteClock19

===========================================================================================
----------------- testing Wed Sep 12 02:06:28 UTC 2018 /home/travis/build/icyphy/ptII/ptolemy/actor/lib/test/auto/DiscreteClock2.xml
----------------- Instantiating /home/travis/build/icyphy/ptII/ptolemy/actor/lib/test/auto/DiscreteClock2.xml
6 ms. Memory: 718336K Free: 76342K (11%)
----------------- Invoking toplevel() on ptolemy.moml.MoMLSimpleApplication@74cd3c93
----------------- Done invoking toplevel() on ptolemy.moml.MoMLSimpleApplication@74cd3c93
reloadAllAccessors: .DiscreteClock2

===========================================================================================
----------------- testing Wed Sep 12 02:06:28 UTC 2018 /home/travis/build/icyphy/ptII/ptolemy/actor/lib/test/auto/DiscreteClock20.xml
----------------- Instantiating /home/travis/build/icyphy/ptII/ptolemy/actor/lib/test/auto/DiscreteClock20.xml
7 ms. Memory: 718336K Free: 63931K (9%)
----------------- Invoking toplevel() on ptolemy.moml.MoMLSimpleApplication@17bd2c8c
----------------- Done invoking toplevel() on ptolemy.moml.MoMLSimpleApplication@17bd2c8c
reloadAllAccessors: .DiscreteClock20

===========================================================================================
----------------- testing Wed Sep 12 02:06:28 UTC 2018 /home/travis/build/icyphy/ptII/ptolemy/actor/lib/test/auto/DiscreteClock21.xml
----------------- Instantiating /home/travis/build/icyphy/ptII/ptolemy/actor/lib/test/auto/DiscreteClock21.xml
7 ms. Memory: 1091584K Free: 1026090K (94%)
----------------- Invoking toplevel() on ptolemy.moml.MoMLSimpleApplication@3161ea7b
----------------- Done invoking toplevel() on ptolemy.moml.MoMLSimpleApplication@3161ea7b
reloadAllAccessors: .DiscreteClock21

===========================================================================================
----------------- testing Wed Sep 12 02:06:28 UTC 2018 /home/travis/build/icyphy/ptII/ptolemy/actor/lib/test/auto/DiscreteClock22.xml
----------------- Instantiating /home/travis/build/icyphy/ptII/ptolemy/actor/lib/test/auto/DiscreteClock22.xml
12 ms. Memory: 1091584K Free: 999716K (92%)
----------------- Invoking toplevel() on ptolemy.moml.MoMLSimpleApplication@1bb13fa8
----------------- Done invoking toplevel() on ptolemy.moml.MoMLSimpleApplication@1bb13fa8
reloadAllAccessors: .DiscreteClock22

===========================================================================================
----------------- testing Wed Sep 12 02:06:28 UTC 2018 /home/travis/build/icyphy/ptII/ptolemy/actor/lib/test/auto/DiscreteClock23.xml
----------------- Instantiating /home/travis/build/icyphy/ptII/ptolemy/actor/lib/test/auto/DiscreteClock23.xml
12 ms. Memory: 1091584K Free: 979850K (90%)
----------------- Invoking toplevel() on ptolemy.moml.MoMLSimpleApplication@4c24c4d9
----------------- Done invoking toplevel() on ptolemy.moml.MoMLSimpleApplication@4c24c4d9
reloadAllAccessors: .DiscreteClock23

===========================================================================================
----------------- testing Wed Sep 12 02:06:28 UTC 2018 /home/travis/build/icyphy/ptII/ptolemy/actor/lib/test/auto/DiscreteClock24.xml
----------------- Instantiating /home/travis/build/icyphy/ptII/ptolemy/actor/lib/test/auto/DiscreteClock24.xml
6 ms. Memory: 1108992K Free: 1052213K (95%)
----------------- Invoking toplevel() on ptolemy.moml.MoMLSimpleApplication@1ba55022
----------------- Done invoking toplevel() on ptolemy.moml.MoMLSimpleApplication@1ba55022
reloadAllAccessors: .DiscreteClock24

===========================================================================================
----------------- testing Wed Sep 12 02:06:28 UTC 2018 /home/travis/build/icyphy/ptII/ptolemy/actor/lib/test/auto/DiscreteClock4.xml
----------------- Instantiating /home/travis/build/icyphy/ptII/ptolemy/actor/lib/test/auto/DiscreteClock4.xml
1 ms. Memory: 1108992K Free: 1032497K (93%)
----------------- Invoking toplevel() on ptolemy.moml.MoMLSimpleApplication@1b964df5
----------------- Done invoking toplevel() on ptolemy.moml.MoMLSimpleApplication@1b964df5
reloadAllAccessors: .DiscreteClock4

===========================================================================================
----------------- testing Wed Sep 12 02:06:28 UTC 2018 /home/travis/build/icyphy/ptII/ptolemy/actor/lib/test/auto/DiscreteClock5.xml
----------------- Instantiating /home/travis/build/icyphy/ptII/ptolemy/actor/lib/test/auto/DiscreteClock5.xml
1 ms. Memory: 1108992K Free: 1019254K (92%)
----------------- Invoking toplevel() on ptolemy.moml.MoMLSimpleApplication@1c176a91
----------------- Done invoking toplevel() on ptolemy.moml.MoMLSimpleApplication@1c176a91
reloadAllAccessors: .DiscreteClock5

===========================================================================================
----------------- testing Wed Sep 12 02:06:28 UTC 2018 /home/travis/build/icyphy/ptII/ptolemy/actor/lib/test/auto/DiscreteClock6.xml
----------------- Instantiating /home/travis/build/icyphy/ptII/ptolemy/actor/lib/test/auto/DiscreteClock6.xml
1 ms. Memory: 1108992K Free: 999538K (90%)
----------------- Invoking toplevel() on ptolemy.moml.MoMLSimpleApplication@7dd74fad
----------------- Done invoking toplevel() on ptolemy.moml.MoMLSimpleApplication@7dd74fad
reloadAllAccessors: .DiscreteClock6

===========================================================================================
----------------- testing Wed Sep 12 02:06:28 UTC 2018 /home/travis/build/icyphy/ptII/ptolemy/actor/lib/test/auto/DiscreteClock7.xml
----------------- Instantiating /home/travis/build/icyphy/ptII/ptolemy/actor/lib/test/auto/DiscreteClock7.xml
1 ms. Memory: 1108992K Free: 986294K (89%)
----------------- Invoking toplevel() on ptolemy.moml.MoMLSimpleApplication@2bdc9abd
----------------- Done invoking toplevel() on ptolemy.moml.MoMLSimpleApplication@2bdc9abd
reloadAllAccessors: .DiscreteClock7

===========================================================================================
----------------- testing Wed Sep 12 02:06:28 UTC 2018 /home/travis/build/icyphy/ptII/ptolemy/actor/lib/test/auto/DiscreteClock8.xml
----------------- Instantiating /home/travis/build/icyphy/ptII/ptolemy/actor/lib/test/auto/DiscreteClock8.xml
2 ms. Memory: 1108992K Free: 973051K (88%)
----------------- Invoking toplevel() on ptolemy.moml.MoMLSimpleApplication@4cf95f51
----------------- Done invoking toplevel() on ptolemy.moml.MoMLSimpleApplication@4cf95f51
reloadAllAccessors: .DiscreteClock8

===========================================================================================
----------------- testing Wed Sep 12 02:06:28 UTC 2018 /home/travis/build/icyphy/ptII/ptolemy/actor/lib/test/auto/DiscreteClock9.xml
----------------- Instantiating /home/travis/build/icyphy/ptII/ptolemy/actor/lib/test/auto/DiscreteClock9.xml
1 ms. Memory: 1108992K Free: 953335K (86%)
----------------- Invoking toplevel() on ptolemy.moml.MoMLSimpleApplication@1d2c0ba7
----------------- Done invoking toplevel() on ptolemy.moml.MoMLSimpleApplication@1d2c0ba7
reloadAllAccessors: .DiscreteClock9

===========================================================================================
----------------- testing Wed Sep 12 02:06:28 UTC 2018 /home/travis/build/icyphy/ptII/ptolemy/actor/lib/test/auto/DisplayArray.xml
----------------- Instantiating /home/travis/build/icyphy/ptII/ptolemy/actor/lib/test/auto/DisplayArray.xml
3 ms. Memory: 1108992K Free: 940054K (85%)
----------------- Invoking toplevel() on ptolemy.moml.MoMLSimpleApplication@782bb49e
----------------- Done invoking toplevel() on ptolemy.moml.MoMLSimpleApplication@782bb49e
reloadAllAccessors: .DisplayArray

===========================================================================================
----------------- testing Wed Sep 12 02:06:28 UTC 2018 /home/travis/build/icyphy/ptII/ptolemy/actor/lib/test/auto/Distributor.xml
----------------- Instantiating /home/travis/build/icyphy/ptII/ptolemy/actor/lib/test/auto/Distributor.xml
1 ms. Memory: 1108992K Free: 926811K (84%)
----------------- Invoking toplevel() on ptolemy.moml.MoMLSimpleApplication@37d150f4
----------------- Done invoking toplevel() on ptolemy.moml.MoMLSimpleApplication@37d150f4
reloadAllAccessors: .Distributor

===========================================================================================
----------------- testing Wed Sep 12 02:06:28 UTC 2018 /home/travis/build/icyphy/ptII/ptolemy/actor/lib/test/auto/Distributor2.xml
----------------- Instantiating /home/travis/build/icyphy/ptII/ptolemy/actor/lib/test/auto/Distributor2.xml
2 ms. Memory: 1108992K Free: 907095K (82%)
----------------- Invoking toplevel() on ptolemy.moml.MoMLSimpleApplication@7aa329f4
----------------- Done invoking toplevel() on ptolemy.moml.MoMLSimpleApplication@7aa329f4
reloadAllAccessors: .Distributor2

===========================================================================================
----------------- testing Wed Sep 12 02:06:28 UTC 2018 /home/travis/build/icyphy/ptII/ptolemy/actor/lib/test/auto/DownSample.xml
----------------- Instantiating /home/travis/build/icyphy/ptII/ptolemy/actor/lib/test/auto/DownSample.xml
1 ms. Memory: 1108992K Free: 893852K (81%)
----------------- Invoking toplevel() on ptolemy.moml.MoMLSimpleApplication@7e9370ef
----------------- Done invoking toplevel() on ptolemy.moml.MoMLSimpleApplication@7e9370ef
reloadAllAccessors: .DownSample

===========================================================================================
----------------- testing Wed Sep 12 02:06:28 UTC 2018 /home/travis/build/icyphy/ptII/ptolemy/actor/lib/test/auto/ElectronicUnitBase1.xml
----------------- Instantiating /home/travis/build/icyphy/ptII/ptolemy/actor/lib/test/auto/ElectronicUnitBase1.xml
15 ms. Memory: 1108992K Free: 867356K (78%)
----------------- Invoking toplevel() on ptolemy.moml.MoMLSimpleApplication@13a04d9e
----------------- Done invoking toplevel() on ptolemy.moml.MoMLSimpleApplication@13a04d9e
reloadAllAccessors: .ElectronicUnitBase1

===========================================================================================
----------------- testing Wed Sep 12 02:06:29 UTC 2018 /home/travis/build/icyphy/ptII/ptolemy/actor/lib/test/auto/ElementsToArray.xml
----------------- Instantiating /home/travis/build/icyphy/ptII/ptolemy/actor/lib/test/auto/ElementsToArray.xml
2 ms. Memory: 1108992K Free: 847641K (76%)
----------------- Invoking toplevel() on ptolemy.moml.MoMLSimpleApplication@5516643b
----------------- Done invoking toplevel() on ptolemy.moml.MoMLSimpleApplication@5516643b
reloadAllAccessors: .ElementsToArray

===========================================================================================
----------------- testing Wed Sep 12 02:06:29 UTC 2018 /home/travis/build/icyphy/ptII/ptolemy/actor/lib/test/auto/Equals.xml
----------------- Instantiating /home/travis/build/icyphy/ptII/ptolemy/actor/lib/test/auto/Equals.xml
3 ms. Memory: 1108992K Free: 834397K (75%)
----------------- Invoking toplevel() on ptolemy.moml.MoMLSimpleApplication@5dff76f0
----------------- Done invoking toplevel() on ptolemy.moml.MoMLSimpleApplication@5dff76f0
reloadAllAccessors: .Equals

===========================================================================================
----------------- testing Wed Sep 12 02:06:29 UTC 2018 /home/travis/build/icyphy/ptII/ptolemy/actor/lib/test/auto/Exec.xml
----------------- Instantiating /home/travis/build/icyphy/ptII/ptolemy/actor/lib/test/auto/Exec.xml
7 ms. Memory: 1108992K Free: 804598K (73%)
----------------- Invoking toplevel() on ptolemy.moml.MoMLSimpleApplication@5bd8d2e
----------------- Done invoking toplevel() on ptolemy.moml.MoMLSimpleApplication@5bd8d2e
reloadAllAccessors: .Exec

===========================================================================================
----------------- testing Wed Sep 12 02:06:29 UTC 2018 /home/travis/build/icyphy/ptII/ptolemy/actor/lib/test/auto/ExecEnvironment.xml
----------------- Instantiating /home/travis/build/icyphy/ptII/ptolemy/actor/lib/test/auto/ExecEnvironment.xml
36 ms. Memory: 1108992K Free: 765017K (69%)
----------------- Invoking toplevel() on ptolemy.moml.MoMLSimpleApplication@612d3a6f
----------------- Done invoking toplevel() on ptolemy.moml.MoMLSimpleApplication@612d3a6f
reloadAllAccessors: .ExecEnvironment

===========================================================================================
----------------- testing Wed Sep 12 02:06:29 UTC 2018 /home/travis/build/icyphy/ptII/ptolemy/actor/lib/test/auto/ExecNonZeroReturnOutput.xml
----------------- Instantiating /home/travis/build/icyphy/ptII/ptolemy/actor/lib/test/auto/ExecNonZeroReturnOutput.xml
126 ms. Memory: 1108992K Free: 665688K (60%)
----------------- Invoking toplevel() on ptolemy.moml.MoMLSimpleApplication@7060a74c
----------------- Done invoking toplevel() on ptolemy.moml.MoMLSimpleApplication@7060a74c
reloadAllAccessors: .ExecNonZeroReturnOutput

===========================================================================================
----------------- testing Wed Sep 12 02:06:29 UTC 2018 /home/travis/build/icyphy/ptII/ptolemy/actor/lib/test/auto/ExecRunDemos.xml
----------------- Instantiating /home/travis/build/icyphy/ptII/ptolemy/actor/lib/test/auto/ExecRunDemos.xml
Finished: 61 ms. Memory: 116224K Free: 100103K (86%)

Finished: 48 ms. Memory: 116224K Free: 96393K (83%)

Finished: 49 ms. Memory: 116224K Free: 96933K (83%)

Finished: 42 ms. Memory: 116224K Free: 98219K (85%)

Finished: 39 ms. Memory: 116224K Free: 99505K (86%)

9682 ms. Memory: 1108992K Free: 572959K (52%)
----------------- Invoking toplevel() on ptolemy.moml.MoMLSimpleApplication@22311c42
----------------- Done invoking toplevel() on ptolemy.moml.MoMLSimpleApplication@22311c42
reloadAllAccessors: .ExecRunDemos

===========================================================================================
----------------- testing Wed Sep 12 02:06:39 UTC 2018 /home/travis/build/icyphy/ptII/ptolemy/actor/lib/test/auto/ExecStop.xml
----------------- Instantiating /home/travis/build/icyphy/ptII/ptolemy/actor/lib/test/auto/ExecStop.xml
5018 ms. Memory: 1108992K Free: 387696K (35%)
----------------- Invoking toplevel() on ptolemy.moml.MoMLSimpleApplication@78b8799c
----------------- Done invoking toplevel() on ptolemy.moml.MoMLSimpleApplication@78b8799c
reloadAllAccessors: .ExecStop

===========================================================================================
----------------- testing Wed Sep 12 02:06:44 UTC 2018 /home/travis/build/icyphy/ptII/ptolemy/actor/lib/test/auto/ExecutionTimeSDF.xml
----------------- Instantiating /home/travis/build/icyphy/ptII/ptolemy/actor/lib/test/auto/ExecutionTimeSDF.xml
Fired ExecutionTime: -1200167296
Fired ExecutionTime: 866400000
Fired ExecutionTime: -1161367296
6007 ms. Memory: 1108992K Free: 367830K (33%)
----------------- Invoking toplevel() on ptolemy.moml.MoMLSimpleApplication@1f6852ce
----------------- Done invoking toplevel() on ptolemy.moml.MoMLSimpleApplication@1f6852ce
reloadAllAccessors: .ExecutionTimeSDF

===========================================================================================
----------------- testing Wed Sep 12 02:06:50 UTC 2018 /home/travis/build/icyphy/ptII/ptolemy/actor/lib/test/auto/Expression1.xml
----------------- Instantiating /home/travis/build/icyphy/ptII/ptolemy/actor/lib/test/auto/Expression1.xml
3 ms. Memory: 1108992K Free: 354586K (32%)
----------------- Invoking toplevel() on ptolemy.moml.MoMLSimpleApplication@7abc7ee3
----------------- Done invoking toplevel() on ptolemy.moml.MoMLSimpleApplication@7abc7ee3
reloadAllAccessors: .Expression1

===========================================================================================
----------------- testing Wed Sep 12 02:06:50 UTC 2018 /home/travis/build/icyphy/ptII/ptolemy/actor/lib/test/auto/Expression10.xml
----------------- Instantiating /home/travis/build/icyphy/ptII/ptolemy/actor/lib/test/auto/Expression10.xml
5 ms. Memory: 1108992K Free: 334871K (30%)
----------------- Invoking toplevel() on ptolemy.moml.MoMLSimpleApplication@5ccfbadd
----------------- Done invoking toplevel() on ptolemy.moml.MoMLSimpleApplication@5ccfbadd
reloadAllAccessors: .Expression10

===========================================================================================
----------------- testing Wed Sep 12 02:06:50 UTC 2018 /home/travis/build/icyphy/ptII/ptolemy/actor/lib/test/auto/Expression11.xml
----------------- Instantiating /home/travis/build/icyphy/ptII/ptolemy/actor/lib/test/auto/Expression11.xml
3 ms. Memory: 1108992K Free: 321627K (29%)
----------------- Invoking toplevel() on ptolemy.moml.MoMLSimpleApplication@4a020acd
----------------- Done invoking toplevel() on ptolemy.moml.MoMLSimpleApplication@4a020acd
reloadAllAccessors: .Expression11

===========================================================================================
----------------- testing Wed Sep 12 02:06:50 UTC 2018 /home/travis/build/icyphy/ptII/ptolemy/actor/lib/test/auto/Expression12.xml
----------------- Instantiating /home/travis/build/icyphy/ptII/ptolemy/actor/lib/test/auto/Expression12.xml
3 ms. Memory: 1108992K Free: 308383K (28%)
----------------- Invoking toplevel() on ptolemy.moml.MoMLSimpleApplication@13e8cd57
----------------- Done invoking toplevel() on ptolemy.moml.MoMLSimpleApplication@13e8cd57
reloadAllAccessors: .Expression12

===========================================================================================
----------------- testing Wed Sep 12 02:06:50 UTC 2018 /home/travis/build/icyphy/ptII/ptolemy/actor/lib/test/auto/Expression13.xml
----------------- Instantiating /home/travis/build/icyphy/ptII/ptolemy/actor/lib/test/auto/Expression13.xml
3 ms. Memory: 1108992K Free: 288668K (26%)
----------------- Invoking toplevel() on ptolemy.moml.MoMLSimpleApplication@1b639f75
----------------- Done invoking toplevel() on ptolemy.moml.MoMLSimpleApplication@1b639f75
reloadAllAccessors: .Expression13

===========================================================================================
----------------- testing Wed Sep 12 02:06:50 UTC 2018 /home/travis/build/icyphy/ptII/ptolemy/actor/lib/test/auto/Expression14.xml
----------------- Instantiating /home/travis/build/icyphy/ptII/ptolemy/actor/lib/test/auto/Expression14.xml
4 ms. Memory: 1108992K Free: 275424K (25%)
----------------- Invoking toplevel() on ptolemy.moml.MoMLSimpleApplication@6f553acf
----------------- Done invoking toplevel() on ptolemy.moml.MoMLSimpleApplication@6f553acf
reloadAllAccessors: .Expression14

===========================================================================================
----------------- testing Wed Sep 12 02:06:50 UTC 2018 /home/travis/build/icyphy/ptII/ptolemy/actor/lib/test/auto/Expression15.xml
----------------- Instantiating /home/travis/build/icyphy/ptII/ptolemy/actor/lib/test/auto/Expression15.xml
1 ms. Memory: 1108992K Free: 255709K (23%)
----------------- Invoking toplevel() on ptolemy.moml.MoMLSimpleApplication@386c0bfa
----------------- Done invoking toplevel() on ptolemy.moml.MoMLSimpleApplication@386c0bfa
reloadAllAccessors: .Expression15

===========================================================================================
----------------- testing Wed Sep 12 02:06:50 UTC 2018 /home/travis/build/icyphy/ptII/ptolemy/actor/lib/test/auto/Expression16.xml
----------------- Instantiating /home/travis/build/icyphy/ptII/ptolemy/actor/lib/test/auto/Expression16.xml
3 ms. Memory: 1108992K Free: 242465K (22%)
----------------- Invoking toplevel() on ptolemy.moml.MoMLSimpleApplication@49fc6e88
----------------- Done invoking toplevel() on ptolemy.moml.MoMLSimpleApplication@49fc6e88
reloadAllAccessors: .Expression16

===========================================================================================
----------------- testing Wed Sep 12 02:06:50 UTC 2018 /home/travis/build/icyphy/ptII/ptolemy/actor/lib/test/auto/Expression17.xml
----------------- Instantiating /home/travis/build/icyphy/ptII/ptolemy/actor/lib/test/auto/Expression17.xml
2 ms. Memory: 1108992K Free: 229221K (21%)
----------------- Invoking toplevel() on ptolemy.moml.MoMLSimpleApplication@11f93ec8
----------------- Done invoking toplevel() on ptolemy.moml.MoMLSimpleApplication@11f93ec8
reloadAllAccessors: .Expression17

===========================================================================================
----------------- testing Wed Sep 12 02:06:50 UTC 2018 /home/travis/build/icyphy/ptII/ptolemy/actor/lib/test/auto/Expression18.xml
----------------- Instantiating /home/travis/build/icyphy/ptII/ptolemy/actor/lib/test/auto/Expression18.xml
1 ms. Memory: 1108992K Free: 209506K (19%)
----------------- Invoking toplevel() on ptolemy.moml.MoMLSimpleApplication@e74775d
----------------- Done invoking toplevel() on ptolemy.moml.MoMLSimpleApplication@e74775d
reloadAllAccessors: .Expression18

===========================================================================================
----------------- testing Wed Sep 12 02:06:50 UTC 2018 /home/travis/build/icyphy/ptII/ptolemy/actor/lib/test/auto/Expression2.xml
----------------- Instantiating /home/travis/build/icyphy/ptII/ptolemy/actor/lib/test/auto/Expression2.xml
3 ms. Memory: 1108992K Free: 196262K (18%)
----------------- Invoking toplevel() on ptolemy.moml.MoMLSimpleApplication@2c2f063a
----------------- Done invoking toplevel() on ptolemy.moml.MoMLSimpleApplication@2c2f063a
reloadAllAccessors: .Expression2

===========================================================================================
----------------- testing Wed Sep 12 02:06:50 UTC 2018 /home/travis/build/icyphy/ptII/ptolemy/actor/lib/test/auto/Expression3.xml
----------------- Instantiating /home/travis/build/icyphy/ptII/ptolemy/actor/lib/test/auto/Expression3.xml
3 ms. Memory: 1108992K Free: 183018K (17%)
----------------- Invoking toplevel() on ptolemy.moml.MoMLSimpleApplication@36ab9d9c
----------------- Done invoking toplevel() on ptolemy.moml.MoMLSimpleApplication@36ab9d9c
reloadAllAccessors: .Expression3

===========================================================================================
----------------- testing Wed Sep 12 02:06:50 UTC 2018 /home/travis/build/icyphy/ptII/ptolemy/actor/lib/test/auto/Expression4.xml
----------------- Instantiating /home/travis/build/icyphy/ptII/ptolemy/actor/lib/test/auto/Expression4.xml
3 ms. Memory: 1108992K Free: 163303K (15%)
----------------- Invoking toplevel() on ptolemy.moml.MoMLSimpleApplication@e8773cd
----------------- Done invoking toplevel() on ptolemy.moml.MoMLSimpleApplication@e8773cd
reloadAllAccessors: .Expression4

===========================================================================================
----------------- testing Wed Sep 12 02:06:50 UTC 2018 /home/travis/build/icyphy/ptII/ptolemy/actor/lib/test/auto/Expression5.xml
----------------- Instantiating /home/travis/build/icyphy/ptII/ptolemy/actor/lib/test/auto/Expression5.xml
3 ms. Memory: 1108992K Free: 150059K (14%)
----------------- Invoking toplevel() on ptolemy.moml.MoMLSimpleApplication@7654f78
----------------- Done invoking toplevel() on ptolemy.moml.MoMLSimpleApplication@7654f78
reloadAllAccessors: .Expression5

===========================================================================================
----------------- testing Wed Sep 12 02:06:50 UTC 2018 /home/travis/build/icyphy/ptII/ptolemy/actor/lib/test/auto/Expression6.xml
----------------- Instantiating /home/travis/build/icyphy/ptII/ptolemy/actor/lib/test/auto/Expression6.xml
2 ms. Memory: 1108992K Free: 136815K (12%)
----------------- Invoking toplevel() on ptolemy.moml.MoMLSimpleApplication@254e867
----------------- Done invoking toplevel() on ptolemy.moml.MoMLSimpleApplication@254e867
reloadAllAccessors: .Expression6

===========================================================================================
----------------- testing Wed Sep 12 02:06:50 UTC 2018 /home/travis/build/icyphy/ptII/ptolemy/actor/lib/test/auto/Expression7.xml
----------------- Instantiating /home/travis/build/icyphy/ptII/ptolemy/actor/lib/test/auto/Expression7.xml
3 ms. Memory: 1108992K Free: 117100K (11%)
----------------- Invoking toplevel() on ptolemy.moml.MoMLSimpleApplication@1190c4a0
----------------- Done invoking toplevel() on ptolemy.moml.MoMLSimpleApplication@1190c4a0
reloadAllAccessors: .Expression7

===========================================================================================
----------------- testing Wed Sep 12 02:06:50 UTC 2018 /home/travis/build/icyphy/ptII/ptolemy/actor/lib/test/auto/Expression8.xml
----------------- Instantiating /home/travis/build/icyphy/ptII/ptolemy/actor/lib/test/auto/Expression8.xml
3 ms. Memory: 1108992K Free: 103856K (9%)
----------------- Invoking toplevel() on ptolemy.moml.MoMLSimpleApplication@50ffb42d
----------------- Done invoking toplevel() on ptolemy.moml.MoMLSimpleApplication@50ffb42d
reloadAllAccessors: .Expression8

===========================================================================================
----------------- testing Wed Sep 12 02:06:50 UTC 2018 /home/travis/build/icyphy/ptII/ptolemy/actor/lib/test/auto/Expression9.xml
----------------- Instantiating /home/travis/build/icyphy/ptII/ptolemy/actor/lib/test/auto/Expression9.xml
1 ms. Memory: 1108992K Free: 90613K (8%)
----------------- Invoking toplevel() on ptolemy.moml.MoMLSimpleApplication@a4b77d9
----------------- Done invoking toplevel() on ptolemy.moml.MoMLSimpleApplication@a4b77d9
reloadAllAccessors: .Expression9

===========================================================================================
----------------- testing Wed Sep 12 02:06:50 UTC 2018 /home/travis/build/icyphy/ptII/ptolemy/actor/lib/test/auto/ExpressionConcatenateArrayType.xml
----------------- Instantiating /home/travis/build/icyphy/ptII/ptolemy/actor/lib/test/auto/ExpressionConcatenateArrayType.xml
3 ms. Memory: 1254400K Free: 1204906K (96%)
----------------- Invoking toplevel() on ptolemy.moml.MoMLSimpleApplication@1428ba6b
----------------- Done invoking toplevel() on ptolemy.moml.MoMLSimpleApplication@1428ba6b
reloadAllAccessors: .ExpressionConcatenateArrayType

===========================================================================================
----------------- testing Wed Sep 12 02:06:50 UTC 2018 /home/travis/build/icyphy/ptII/ptolemy/actor/lib/test/auto/ExpressionConcatenateArrayType2.xml
----------------- Instantiating /home/travis/build/icyphy/ptII/ptolemy/actor/lib/test/auto/ExpressionConcatenateArrayType2.xml
2 ms. Memory: 1254400K Free: 1183928K (94%)
----------------- Invoking toplevel() on ptolemy.moml.MoMLSimpleApplication@244b58b3
----------------- Done invoking toplevel() on ptolemy.moml.MoMLSimpleApplication@244b58b3
reloadAllAccessors: .ExpressionConcatenateArrayType2

===========================================================================================
----------------- testing Wed Sep 12 02:06:50 UTC 2018 /home/travis/build/icyphy/ptII/ptolemy/actor/lib/test/auto/ExpressionFix.xml
----------------- Instantiating /home/travis/build/icyphy/ptII/ptolemy/actor/lib/test/auto/ExpressionFix.xml
8 ms. Memory: 1254400K Free: 1168527K (93%)
----------------- Invoking toplevel() on ptolemy.moml.MoMLSimpleApplication@534aa10
----------------- Done invoking toplevel() on ptolemy.moml.MoMLSimpleApplication@534aa10
reloadAllAccessors: .ExpressionFix

===========================================================================================
----------------- testing Wed Sep 12 02:06:50 UTC 2018 /home/travis/build/icyphy/ptII/ptolemy/actor/lib/test/auto/ExpressionFix2.xml
----------------- Instantiating /home/travis/build/icyphy/ptII/ptolemy/actor/lib/test/auto/ExpressionFix2.xml
2 ms. Memory: 1254400K Free: 1147522K (91%)
----------------- Invoking toplevel() on ptolemy.moml.MoMLSimpleApplication@23b52995
----------------- Done invoking toplevel() on ptolemy.moml.MoMLSimpleApplication@23b52995
reloadAllAccessors: .ExpressionFix2

===========================================================================================
----------------- testing Wed Sep 12 02:06:50 UTC 2018 /home/travis/build/icyphy/ptII/ptolemy/actor/lib/test/auto/ExpressionFix3.xml
----------------- Instantiating /home/travis/build/icyphy/ptII/ptolemy/actor/lib/test/auto/ExpressionFix3.xml
2 ms. Memory: 1254400K Free: 1132121K (90%)
----------------- Invoking toplevel() on ptolemy.moml.MoMLSimpleApplication@33799dd8
----------------- Done invoking toplevel() on ptolemy.moml.MoMLSimpleApplication@33799dd8
reloadAllAccessors: .ExpressionFix3

===========================================================================================
----------------- testing Wed Sep 12 02:06:50 UTC 2018 /home/travis/build/icyphy/ptII/ptolemy/actor/lib/test/auto/FileWriter1.xml
----------------- Instantiating /home/travis/build/icyphy/ptII/ptolemy/actor/lib/test/auto/FileWriter1.xml
2 ms. Memory: 1254400K Free: 1111143K (89%)
----------------- Invoking toplevel() on ptolemy.moml.MoMLSimpleApplication@41edab1a
----------------- Done invoking toplevel() on ptolemy.moml.MoMLSimpleApplication@41edab1a
reloadAllAccessors: .FileWriter1

===========================================================================================
----------------- testing Wed Sep 12 02:06:50 UTC 2018 /home/travis/build/icyphy/ptII/ptolemy/actor/lib/test/auto/FileWriter2.xml
----------------- Instantiating /home/travis/build/icyphy/ptII/ptolemy/actor/lib/test/auto/FileWriter2.xml
2 ms. Memory: 1254400K Free: 1095742K (87%)
----------------- Invoking toplevel() on ptolemy.moml.MoMLSimpleApplication@6cb4fe3d
----------------- Done invoking toplevel() on ptolemy.moml.MoMLSimpleApplication@6cb4fe3d
reloadAllAccessors: .FileWriter2

===========================================================================================
----------------- testing Wed Sep 12 02:06:50 UTC 2018 /home/travis/build/icyphy/ptII/ptolemy/actor/lib/test/auto/FileWriter3.xml
----------------- Instantiating /home/travis/build/icyphy/ptII/ptolemy/actor/lib/test/auto/FileWriter3.xml
2 ms. Memory: 1254400K Free: 1080341K (86%)
----------------- Invoking toplevel() on ptolemy.moml.MoMLSimpleApplication@1117666f
----------------- Done invoking toplevel() on ptolemy.moml.MoMLSimpleApplication@1117666f
reloadAllAccessors: .FileWriter3

===========================================================================================
----------------- testing Wed Sep 12 02:06:50 UTC 2018 /home/travis/build/icyphy/ptII/ptolemy/actor/lib/test/auto/Gaussian.xml
----------------- Instantiating /home/travis/build/icyphy/ptII/ptolemy/actor/lib/test/auto/Gaussian.xml
1 ms. Memory: 1254400K Free: 1059364K (84%)
----------------- Invoking toplevel() on ptolemy.moml.MoMLSimpleApplication@2581d1ce
----------------- Done invoking toplevel() on ptolemy.moml.MoMLSimpleApplication@2581d1ce
reloadAllAccessors: .Gaussian

===========================================================================================
----------------- testing Wed Sep 12 02:06:50 UTC 2018 /home/travis/build/icyphy/ptII/ptolemy/actor/lib/test/auto/Gaussian1.xml
----------------- Instantiating /home/travis/build/icyphy/ptII/ptolemy/actor/lib/test/auto/Gaussian1.xml
2 ms. Memory: 1254400K Free: 1043963K (83%)
----------------- Invoking toplevel() on ptolemy.moml.MoMLSimpleApplication@5718192d
----------------- Done invoking toplevel() on ptolemy.moml.MoMLSimpleApplication@5718192d
reloadAllAccessors: .Gaussian1

===========================================================================================
----------------- testing Wed Sep 12 02:06:50 UTC 2018 /home/travis/build/icyphy/ptII/ptolemy/actor/lib/test/auto/Gaussian2.xml
----------------- Instantiating /home/travis/build/icyphy/ptII/ptolemy/actor/lib/test/auto/Gaussian2.xml
2 ms. Memory: 1254400K Free: 1022985K (82%)
----------------- Invoking toplevel() on ptolemy.moml.MoMLSimpleApplication@41ae953
----------------- Done invoking toplevel() on ptolemy.moml.MoMLSimpleApplication@41ae953
reloadAllAccessors: .Gaussian2

===========================================================================================
----------------- testing Wed Sep 12 02:06:50 UTC 2018 /home/travis/build/icyphy/ptII/ptolemy/actor/lib/test/auto/GradientAdaptiveLattice.xml
----------------- Instantiating /home/travis/build/icyphy/ptII/ptolemy/actor/lib/test/auto/GradientAdaptiveLattice.xml
2 ms. Memory: 1254400K Free: 1007584K (80%)
----------------- Invoking toplevel() on ptolemy.moml.MoMLSimpleApplication@724710f8
----------------- Done invoking toplevel() on ptolemy.moml.MoMLSimpleApplication@724710f8
reloadAllAccessors: .GradientAdaptiveLattice

===========================================================================================
----------------- testing Wed Sep 12 02:06:50 UTC 2018 /home/travis/build/icyphy/ptII/ptolemy/actor/lib/test/auto/IIR.xml
----------------- Instantiating /home/travis/build/icyphy/ptII/ptolemy/actor/lib/test/auto/IIR.xml
2 ms. Memory: 1254400K Free: 992183K (79%)
----------------- Invoking toplevel() on ptolemy.moml.MoMLSimpleApplication@781bea0e
----------------- Done invoking toplevel() on ptolemy.moml.MoMLSimpleApplication@781bea0e
reloadAllAccessors: .IIR

===========================================================================================
----------------- testing Wed Sep 12 02:06:50 UTC 2018 /home/travis/build/icyphy/ptII/ptolemy/actor/lib/test/auto/InputOutputTransparentPorts.xml
----------------- Instantiating /home/travis/build/icyphy/ptII/ptolemy/actor/lib/test/auto/InputOutputTransparentPorts.xml
2 ms. Memory: 1254400K Free: 971205K (77%)
----------------- Invoking toplevel() on ptolemy.moml.MoMLSimpleApplication@5ebfe71
----------------- Done invoking toplevel() on ptolemy.moml.MoMLSimpleApplication@5ebfe71
reloadAllAccessors: .InputOutputTransparentPorts

===========================================================================================
----------------- testing Wed Sep 12 02:06:50 UTC 2018 /home/travis/build/icyphy/ptII/ptolemy/actor/lib/test/auto/Interpolator.xml
----------------- Instantiating /home/travis/build/icyphy/ptII/ptolemy/actor/lib/test/auto/Interpolator.xml
3 ms. Memory: 1254400K Free: 955804K (76%)
----------------- Invoking toplevel() on ptolemy.moml.MoMLSimpleApplication@6169949
----------------- Done invoking toplevel() on ptolemy.moml.MoMLSimpleApplication@6169949
reloadAllAccessors: .Interpolator

===========================================================================================
----------------- testing Wed Sep 12 02:06:50 UTC 2018 /home/travis/build/icyphy/ptII/ptolemy/actor/lib/test/auto/InterpolatorFiringLimitDE.xml
----------------- Instantiating /home/travis/build/icyphy/ptII/ptolemy/actor/lib/test/auto/InterpolatorFiringLimitDE.xml
2 ms. Memory: 1254400K Free: 934826K (75%)
----------------- Invoking toplevel() on ptolemy.moml.MoMLSimpleApplication@1f2f0268
----------------- Done invoking toplevel() on ptolemy.moml.MoMLSimpleApplication@1f2f0268
reloadAllAccessors: .InterpolatorFiringLimitDE

===========================================================================================
----------------- testing Wed Sep 12 02:06:50 UTC 2018 /home/travis/build/icyphy/ptII/ptolemy/actor/lib/test/auto/Lattice.xml
----------------- Instantiating /home/travis/build/icyphy/ptII/ptolemy/actor/lib/test/auto/Lattice.xml
1 ms. Memory: 1254400K Free: 919425K (73%)
----------------- Invoking toplevel() on ptolemy.moml.MoMLSimpleApplication@2496da45
----------------- Done invoking toplevel() on ptolemy.moml.MoMLSimpleApplication@2496da45
reloadAllAccessors: .Lattice

===========================================================================================
----------------- testing Wed Sep 12 02:06:50 UTC 2018 /home/travis/build/icyphy/ptII/ptolemy/actor/lib/test/auto/LazyAOCTestLazy.xml
----------------- Instantiating /home/travis/build/icyphy/ptII/ptolemy/actor/lib/test/auto/LazyAOCTestLazy.xml
6 ms. Memory: 1254400K Free: 904024K (72%)
----------------- Invoking toplevel() on ptolemy.moml.MoMLSimpleApplication@52d4be86
----------------- Done invoking toplevel() on ptolemy.moml.MoMLSimpleApplication@52d4be86
reloadAllAccessors: .LazyAOCTestLazy

===========================================================================================
----------------- testing Wed Sep 12 02:06:50 UTC 2018 /home/travis/build/icyphy/ptII/ptolemy/actor/lib/test/auto/LazyAOCTestNonLazy.xml
----------------- Instantiating /home/travis/build/icyphy/ptII/ptolemy/actor/lib/test/auto/LazyAOCTestNonLazy.xml
2 ms. Memory: 1254400K Free: 883047K (70%)
----------------- Invoking toplevel() on ptolemy.moml.MoMLSimpleApplication@31bee854
----------------- Done invoking toplevel() on ptolemy.moml.MoMLSimpleApplication@31bee854
reloadAllAccessors: .LazyAOCTestNonLazy

===========================================================================================
----------------- testing Wed Sep 12 02:06:50 UTC 2018 /home/travis/build/icyphy/ptII/ptolemy/actor/lib/test/auto/LazyInnerClass.xml
----------------- Instantiating /home/travis/build/icyphy/ptII/ptolemy/actor/lib/test/auto/LazyInnerClass.xml
25 ms. Memory: 1254400K Free: 867646K (69%)
----------------- Invoking toplevel() on ptolemy.moml.MoMLSimpleApplication@5b35b3b9
----------------- Done invoking toplevel() on ptolemy.moml.MoMLSimpleApplication@5b35b3b9
reloadAllAccessors: .LazyInnerClass

===========================================================================================
----------------- testing Wed Sep 12 02:06:50 UTC 2018 /home/travis/build/icyphy/ptII/ptolemy/actor/lib/test/auto/LazyPubSub.xml
----------------- Instantiating /home/travis/build/icyphy/ptII/ptolemy/actor/lib/test/auto/LazyPubSub.xml
25 ms. Memory: 1254400K Free: 846668K (67%)
----------------- Invoking toplevel() on ptolemy.moml.MoMLSimpleApplication@7ab8f5ff
----------------- Done invoking toplevel() on ptolemy.moml.MoMLSimpleApplication@7ab8f5ff
reloadAllAccessors: .LazyPubSub

===========================================================================================
----------------- testing Wed Sep 12 02:06:51 UTC 2018 /home/travis/build/icyphy/ptII/ptolemy/actor/lib/test/auto/LazyPubSub2.xml
----------------- Instantiating /home/travis/build/icyphy/ptII/ptolemy/actor/lib/test/auto/LazyPubSub2.xml
16 ms. Memory: 1254400K Free: 831267K (66%)
----------------- Invoking toplevel() on ptolemy.moml.MoMLSimpleApplication@2c6b22b4
----------------- Done invoking toplevel() on ptolemy.moml.MoMLSimpleApplication@2c6b22b4
reloadAllAccessors: .LazyPubSub2

===========================================================================================
----------------- testing Wed Sep 12 02:06:51 UTC 2018 /home/travis/build/icyphy/ptII/ptolemy/actor/lib/test/auto/LazyPubSub3.xml
----------------- Instantiating /home/travis/build/icyphy/ptII/ptolemy/actor/lib/test/auto/LazyPubSub3.xml
11 ms. Memory: 1254400K Free: 810290K (65%)
----------------- Invoking toplevel() on ptolemy.moml.MoMLSimpleApplication@2a07ab0d
----------------- Done invoking toplevel() on ptolemy.moml.MoMLSimpleApplication@2a07ab0d
reloadAllAccessors: .LazyPubSub3

===========================================================================================
----------------- testing Wed Sep 12 02:06:51 UTC 2018 /home/travis/build/icyphy/ptII/ptolemy/actor/lib/test/auto/LazySubClassModel.xml
----------------- Instantiating /home/travis/build/icyphy/ptII/ptolemy/actor/lib/test/auto/LazySubClassModel.xml
3 ms. Memory: 1254400K Free: 794889K (63%)
----------------- Invoking toplevel() on ptolemy.moml.MoMLSimpleApplication@3e4ac0fb
----------------- Done invoking toplevel() on ptolemy.moml.MoMLSimpleApplication@3e4ac0fb
reloadAllAccessors: .LazySubClassModel

===========================================================================================
----------------- testing Wed Sep 12 02:06:51 UTC 2018 /home/travis/build/icyphy/ptII/ptolemy/actor/lib/test/auto/LevelCrossTest1.xml
----------------- Instantiating /home/travis/build/icyphy/ptII/ptolemy/actor/lib/test/auto/LevelCrossTest1.xml
1 ms. Memory: 1254400K Free: 779488K (62%)
----------------- Invoking toplevel() on ptolemy.moml.MoMLSimpleApplication@4d5323be
----------------- Done invoking toplevel() on ptolemy.moml.MoMLSimpleApplication@4d5323be
reloadAllAccessors: .broken

===========================================================================================
----------------- testing Wed Sep 12 02:06:51 UTC 2018 /home/travis/build/icyphy/ptII/ptolemy/actor/lib/test/auto/LevelCrossTest10.xml
----------------- Instantiating /home/travis/build/icyphy/ptII/ptolemy/actor/lib/test/auto/LevelCrossTest10.xml
1 ms. Memory: 1254400K Free: 758510K (60%)
----------------- Invoking toplevel() on ptolemy.moml.MoMLSimpleApplication@7c7347ee
----------------- Done invoking toplevel() on ptolemy.moml.MoMLSimpleApplication@7c7347ee
reloadAllAccessors: .LevelCrossTest10

===========================================================================================
----------------- testing Wed Sep 12 02:06:51 UTC 2018 /home/travis/build/icyphy/ptII/ptolemy/actor/lib/test/auto/LevelCrossTest11.xml
----------------- Instantiating /home/travis/build/icyphy/ptII/ptolemy/actor/lib/test/auto/LevelCrossTest11.xml
1 ms. Memory: 1254400K Free: 743109K (59%)
----------------- Invoking toplevel() on ptolemy.moml.MoMLSimpleApplication@20a71695
----------------- Done invoking toplevel() on ptolemy.moml.MoMLSimpleApplication@20a71695
reloadAllAccessors: .LevelCrossTest11

===========================================================================================
----------------- testing Wed Sep 12 02:06:51 UTC 2018 /home/travis/build/icyphy/ptII/ptolemy/actor/lib/test/auto/LevelCrossTest12.xml
----------------- Instantiating /home/travis/build/icyphy/ptII/ptolemy/actor/lib/test/auto/LevelCrossTest12.xml
1 ms. Memory: 1254400K Free: 722132K (58%)
----------------- Invoking toplevel() on ptolemy.moml.MoMLSimpleApplication@4699e4ab
----------------- Done invoking toplevel() on ptolemy.moml.MoMLSimpleApplication@4699e4ab
reloadAllAccessors: .LevelCrossTest12

===========================================================================================
----------------- testing Wed Sep 12 02:06:51 UTC 2018 /home/travis/build/icyphy/ptII/ptolemy/actor/lib/test/auto/LevelCrossTest13.xml
----------------- Instantiating /home/travis/build/icyphy/ptII/ptolemy/actor/lib/test/auto/LevelCrossTest13.xml
1 ms. Memory: 1254400K Free: 706731K (56%)
----------------- Invoking toplevel() on ptolemy.moml.MoMLSimpleApplication@4ec331d6
----------------- Done invoking toplevel() on ptolemy.moml.MoMLSimpleApplication@4ec331d6
reloadAllAccessors: .LevelCrossTest13

===========================================================================================
----------------- testing Wed Sep 12 02:06:51 UTC 2018 /home/travis/build/icyphy/ptII/ptolemy/actor/lib/test/auto/LevelCrossTest2.xml
----------------- Instantiating /home/travis/build/icyphy/ptII/ptolemy/actor/lib/test/auto/LevelCrossTest2.xml
1 ms. Memory: 1254400K Free: 691330K (55%)
----------------- Invoking toplevel() on ptolemy.moml.MoMLSimpleApplication@36eeb661
----------------- Done invoking toplevel() on ptolemy.moml.MoMLSimpleApplication@36eeb661
reloadAllAccessors: .broken

===========================================================================================
----------------- testing Wed Sep 12 02:06:51 UTC 2018 /home/travis/build/icyphy/ptII/ptolemy/actor/lib/test/auto/LevelCrossTest3.xml
----------------- Instantiating /home/travis/build/icyphy/ptII/ptolemy/actor/lib/test/auto/LevelCrossTest3.xml
1 ms. Memory: 1254400K Free: 670352K (53%)
----------------- Invoking toplevel() on ptolemy.moml.MoMLSimpleApplication@7e49f33e
----------------- Done invoking toplevel() on ptolemy.moml.MoMLSimpleApplication@7e49f33e
reloadAllAccessors: .LevelCrossTest3

===========================================================================================
----------------- testing Wed Sep 12 02:06:51 UTC 2018 /home/travis/build/icyphy/ptII/ptolemy/actor/lib/test/auto/LevelCrossTest4.xml
----------------- Instantiating /home/travis/build/icyphy/ptII/ptolemy/actor/lib/test/auto/LevelCrossTest4.xml
2 ms. Memory: 1254400K Free: 654951K (52%)
----------------- Invoking toplevel() on ptolemy.moml.MoMLSimpleApplication@713822a
----------------- Done invoking toplevel() on ptolemy.moml.MoMLSimpleApplication@713822a
reloadAllAccessors: .broken

===========================================================================================
----------------- testing Wed Sep 12 02:06:51 UTC 2018 /home/travis/build/icyphy/ptII/ptolemy/actor/lib/test/auto/LevelCrossTest5.xml
----------------- Instantiating /home/travis/build/icyphy/ptII/ptolemy/actor/lib/test/auto/LevelCrossTest5.xml
4 ms. Memory: 1254400K Free: 633974K (51%)
----------------- Invoking toplevel() on ptolemy.moml.MoMLSimpleApplication@26773e50
----------------- Done invoking toplevel() on ptolemy.moml.MoMLSimpleApplication@26773e50
reloadAllAccessors: .LevelCrossTest5

===========================================================================================
----------------- testing Wed Sep 12 02:06:51 UTC 2018 /home/travis/build/icyphy/ptII/ptolemy/actor/lib/test/auto/LevelCrossTest6.xml
----------------- Instantiating /home/travis/build/icyphy/ptII/ptolemy/actor/lib/test/auto/LevelCrossTest6.xml
1 ms. Memory: 1254400K Free: 618573K (49%)
----------------- Invoking toplevel() on ptolemy.moml.MoMLSimpleApplication@1776bafc
----------------- Done invoking toplevel() on ptolemy.moml.MoMLSimpleApplication@1776bafc
reloadAllAccessors: .LevelCrossTest6

===========================================================================================
----------------- testing Wed Sep 12 02:06:51 UTC 2018 /home/travis/build/icyphy/ptII/ptolemy/actor/lib/test/auto/LevelCrossTest7.xml
----------------- Instantiating /home/travis/build/icyphy/ptII/ptolemy/actor/lib/test/auto/LevelCrossTest7.xml
1 ms. Memory: 1254400K Free: 603172K (48%)
----------------- Invoking toplevel() on ptolemy.moml.MoMLSimpleApplication@639f4da8
----------------- Done invoking toplevel() on ptolemy.moml.MoMLSimpleApplication@639f4da8
reloadAllAccessors: .LevelCrossTest7

===========================================================================================
----------------- testing Wed Sep 12 02:06:51 UTC 2018 /home/travis/build/icyphy/ptII/ptolemy/actor/lib/test/auto/LevelCrossTest8.xml
----------------- Instantiating /home/travis/build/icyphy/ptII/ptolemy/actor/lib/test/auto/LevelCrossTest8.xml
1 ms. Memory: 1254400K Free: 582194K (46%)
----------------- Invoking toplevel() on ptolemy.moml.MoMLSimpleApplication@17e8847d
----------------- Done invoking toplevel() on ptolemy.moml.MoMLSimpleApplication@17e8847d
reloadAllAccessors: .LevelCrossTest8

===========================================================================================
----------------- testing Wed Sep 12 02:06:51 UTC 2018 /home/travis/build/icyphy/ptII/ptolemy/actor/lib/test/auto/LevelCrossTest9.xml
----------------- Instantiating /home/travis/build/icyphy/ptII/ptolemy/actor/lib/test/auto/LevelCrossTest9.xml
2 ms. Memory: 1254400K Free: 566793K (45%)
----------------- Invoking toplevel() on ptolemy.moml.MoMLSimpleApplication@232b8611
----------------- Done invoking toplevel() on ptolemy.moml.MoMLSimpleApplication@232b8611
reloadAllAccessors: .LevelCrossTest9

===========================================================================================
----------------- testing Wed Sep 12 02:06:51 UTC 2018 /home/travis/build/icyphy/ptII/ptolemy/actor/lib/test/auto/LevinsonDurbin.xml
----------------- Instantiating /home/travis/build/icyphy/ptII/ptolemy/actor/lib/test/auto/LevinsonDurbin.xml
6 ms. Memory: 1254400K Free: 545815K (44%)
----------------- Invoking toplevel() on ptolemy.moml.MoMLSimpleApplication@6f8b0eea
----------------- Done invoking toplevel() on ptolemy.moml.MoMLSimpleApplication@6f8b0eea
reloadAllAccessors: .LevinsonDurbin

===========================================================================================
----------------- testing Wed Sep 12 02:06:51 UTC 2018 /home/travis/build/icyphy/ptII/ptolemy/actor/lib/test/auto/LevinsonDurbin2.xml
----------------- Instantiating /home/travis/build/icyphy/ptII/ptolemy/actor/lib/test/auto/LevinsonDurbin2.xml
1 ms. Memory: 1254400K Free: 530414K (42%)
----------------- Invoking toplevel() on ptolemy.moml.MoMLSimpleApplication@16add9eb
----------------- Done invoking toplevel() on ptolemy.moml.MoMLSimpleApplication@16add9eb
reloadAllAccessors: .LevinsonDurbin2

===========================================================================================
----------------- testing Wed Sep 12 02:06:51 UTC 2018 /home/travis/build/icyphy/ptII/ptolemy/actor/lib/test/auto/LevinsonDurbin3.xml
----------------- Instantiating /home/travis/build/icyphy/ptII/ptolemy/actor/lib/test/auto/LevinsonDurbin3.xml
9 ms. Memory: 1254400K Free: 509437K (41%)
----------------- Invoking toplevel() on ptolemy.moml.MoMLSimpleApplication@22553448
----------------- Done invoking toplevel() on ptolemy.moml.MoMLSimpleApplication@22553448
reloadAllAccessors: .LevinsonDurbin3

===========================================================================================
----------------- testing Wed Sep 12 02:06:51 UTC 2018 /home/travis/build/icyphy/ptII/ptolemy/actor/lib/test/auto/Limiter.xml
----------------- Instantiating /home/travis/build/icyphy/ptII/ptolemy/actor/lib/test/auto/Limiter.xml
6 ms. Memory: 1254400K Free: 494036K (39%)
----------------- Invoking toplevel() on ptolemy.moml.MoMLSimpleApplication@12fbd4ec
----------------- Done invoking toplevel() on ptolemy.moml.MoMLSimpleApplication@12fbd4ec
reloadAllAccessors: .Limiter

===========================================================================================
----------------- testing Wed Sep 12 02:06:51 UTC 2018 /home/travis/build/icyphy/ptII/ptolemy/actor/lib/test/auto/LinearDifferenceEquationSystem.xml
----------------- Instantiating /home/travis/build/icyphy/ptII/ptolemy/actor/lib/test/auto/LinearDifferenceEquationSystem.xml
3 ms. Memory: 1254400K Free: 478635K (38%)
----------------- Invoking toplevel() on ptolemy.moml.MoMLSimpleApplication@7fd4ca2e
----------------- Done invoking toplevel() on ptolemy.moml.MoMLSimpleApplication@7fd4ca2e
reloadAllAccessors: .LinearDifferenceEquationSystem

===========================================================================================
----------------- testing Wed Sep 12 02:06:51 UTC 2018 /home/travis/build/icyphy/ptII/ptolemy/actor/lib/test/auto/LookupTable.xml
----------------- Instantiating /home/travis/build/icyphy/ptII/ptolemy/actor/lib/test/auto/LookupTable.xml
1 ms. Memory: 1254400K Free: 457657K (36%)
----------------- Invoking toplevel() on ptolemy.moml.MoMLSimpleApplication@5e1d498f
----------------- Done invoking toplevel() on ptolemy.moml.MoMLSimpleApplication@5e1d498f
reloadAllAccessors: .LookupTable

===========================================================================================
----------------- testing Wed Sep 12 02:06:51 UTC 2018 /home/travis/build/icyphy/ptII/ptolemy/actor/lib/test/auto/MathFunction.xml
----------------- Instantiating /home/travis/build/icyphy/ptII/ptolemy/actor/lib/test/auto/MathFunction.xml
6 ms. Memory: 1254400K Free: 442256K (35%)
----------------- Invoking toplevel() on ptolemy.moml.MoMLSimpleApplication@794cf12b
----------------- Done invoking toplevel() on ptolemy.moml.MoMLSimpleApplication@794cf12b
reloadAllAccessors: .MathFunction

===========================================================================================
----------------- testing Wed Sep 12 02:06:51 UTC 2018 /home/travis/build/icyphy/ptII/ptolemy/actor/lib/test/auto/MathFunction2.xml
----------------- Instantiating /home/travis/build/icyphy/ptII/ptolemy/actor/lib/test/auto/MathFunction2.xml
1 ms. Memory: 1254400K Free: 421278K (34%)
----------------- Invoking toplevel() on ptolemy.moml.MoMLSimpleApplication@754c0cc1
----------------- Done invoking toplevel() on ptolemy.moml.MoMLSimpleApplication@754c0cc1
reloadAllAccessors: .MathFunction2

===========================================================================================
----------------- testing Wed Sep 12 02:06:51 UTC 2018 /home/travis/build/icyphy/ptII/ptolemy/actor/lib/test/auto/MathFunction3.xml
----------------- Instantiating /home/travis/build/icyphy/ptII/ptolemy/actor/lib/test/auto/MathFunction3.xml
2 ms. Memory: 1254400K Free: 405877K (32%)
----------------- Invoking toplevel() on ptolemy.moml.MoMLSimpleApplication@6b3bc21b
----------------- Done invoking toplevel() on ptolemy.moml.MoMLSimpleApplication@6b3bc21b
reloadAllAccessors: .MathFunction3

===========================================================================================
----------------- testing Wed Sep 12 02:06:51 UTC 2018 /home/travis/build/icyphy/ptII/ptolemy/actor/lib/test/auto/MatrixCropBoolean.xml
----------------- Instantiating /home/travis/build/icyphy/ptII/ptolemy/actor/lib/test/auto/MatrixCropBoolean.xml
8 ms. Memory: 1254400K Free: 390476K (31%)
----------------- Invoking toplevel() on ptolemy.moml.MoMLSimpleApplication@44356459
----------------- Done invoking toplevel() on ptolemy.moml.MoMLSimpleApplication@44356459
reloadAllAccessors: .MatrixCropBoolean

===========================================================================================
----------------- testing Wed Sep 12 02:06:51 UTC 2018 /home/travis/build/icyphy/ptII/ptolemy/actor/lib/test/auto/MatrixCropComplex.xml
----------------- Instantiating /home/travis/build/icyphy/ptII/ptolemy/actor/lib/test/auto/MatrixCropComplex.xml
2 ms. Memory: 1254400K Free: 369498K (29%)
----------------- Invoking toplevel() on ptolemy.moml.MoMLSimpleApplication@7b4d4195
----------------- Done invoking toplevel() on ptolemy.moml.MoMLSimpleApplication@7b4d4195
reloadAllAccessors: .MatrixCropComplex

===========================================================================================
----------------- testing Wed Sep 12 02:06:51 UTC 2018 /home/travis/build/icyphy/ptII/ptolemy/actor/lib/test/auto/MatrixCropDouble.xml
----------------- Instantiating /home/travis/build/icyphy/ptII/ptolemy/actor/lib/test/auto/MatrixCropDouble.xml
2 ms. Memory: 1254400K Free: 354097K (28%)
----------------- Invoking toplevel() on ptolemy.moml.MoMLSimpleApplication@31c3101f
----------------- Done invoking toplevel() on ptolemy.moml.MoMLSimpleApplication@31c3101f
reloadAllAccessors: .MatrixCropDouble

===========================================================================================
----------------- testing Wed Sep 12 02:06:51 UTC 2018 /home/travis/build/icyphy/ptII/ptolemy/actor/lib/test/auto/MatrixCropFix.xml
----------------- Instantiating /home/travis/build/icyphy/ptII/ptolemy/actor/lib/test/auto/MatrixCropFix.xml
2 ms. Memory: 1254400K Free: 333119K (27%)
----------------- Invoking toplevel() on ptolemy.moml.MoMLSimpleApplication@5d4c73b5
----------------- Done invoking toplevel() on ptolemy.moml.MoMLSimpleApplication@5d4c73b5
reloadAllAccessors: .MatrixCropFix

===========================================================================================
----------------- testing Wed Sep 12 02:06:51 UTC 2018 /home/travis/build/icyphy/ptII/ptolemy/actor/lib/test/auto/MatrixCropInt.xml
----------------- Instantiating /home/travis/build/icyphy/ptII/ptolemy/actor/lib/test/auto/MatrixCropInt.xml
2 ms. Memory: 1254400K Free: 317718K (25%)
----------------- Invoking toplevel() on ptolemy.moml.MoMLSimpleApplication@1cfc5616
----------------- Done invoking toplevel() on ptolemy.moml.MoMLSimpleApplication@1cfc5616
reloadAllAccessors: .MatrixCropInt

===========================================================================================
----------------- testing Wed Sep 12 02:06:51 UTC 2018 /home/travis/build/icyphy/ptII/ptolemy/actor/lib/test/auto/MatrixCropLong.xml
----------------- Instantiating /home/travis/build/icyphy/ptII/ptolemy/actor/lib/test/auto/MatrixCropLong.xml
3 ms. Memory: 1254400K Free: 296741K (24%)
----------------- Invoking toplevel() on ptolemy.moml.MoMLSimpleApplication@6cd0a1e2
----------------- Done invoking toplevel() on ptolemy.moml.MoMLSimpleApplication@6cd0a1e2
reloadAllAccessors: .MatrixCropLong

===========================================================================================
----------------- testing Wed Sep 12 02:06:51 UTC 2018 /home/travis/build/icyphy/ptII/ptolemy/actor/lib/test/auto/MatrixToArray.xml
----------------- Instantiating /home/travis/build/icyphy/ptII/ptolemy/actor/lib/test/auto/MatrixToArray.xml
5 ms. Memory: 1254400K Free: 273631K (22%)
----------------- Invoking toplevel() on ptolemy.moml.MoMLSimpleApplication@2472d115
----------------- Done invoking toplevel() on ptolemy.moml.MoMLSimpleApplication@2472d115
reloadAllAccessors: .MatrixToArray

===========================================================================================
----------------- testing Wed Sep 12 02:06:51 UTC 2018 /home/travis/build/icyphy/ptII/ptolemy/actor/lib/test/auto/MaxIndex.xml
----------------- Instantiating /home/travis/build/icyphy/ptII/ptolemy/actor/lib/test/auto/MaxIndex.xml
2 ms. Memory: 1254400K Free: 258230K (21%)
----------------- Invoking toplevel() on ptolemy.moml.MoMLSimpleApplication@36242192
----------------- Done invoking toplevel() on ptolemy.moml.MoMLSimpleApplication@36242192
reloadAllAccessors: .MaxIndex

===========================================================================================
----------------- testing Wed Sep 12 02:06:51 UTC 2018 /home/travis/build/icyphy/ptII/ptolemy/actor/lib/test/auto/Maximum.xml
----------------- Instantiating /home/travis/build/icyphy/ptII/ptolemy/actor/lib/test/auto/Maximum.xml
2 ms. Memory: 1254400K Free: 237252K (19%)
----------------- Invoking toplevel() on ptolemy.moml.MoMLSimpleApplication@6f4ffe67
----------------- Done invoking toplevel() on ptolemy.moml.MoMLSimpleApplication@6f4ffe67
reloadAllAccessors: .Maximum

===========================================================================================
----------------- testing Wed Sep 12 02:06:51 UTC 2018 /home/travis/build/icyphy/ptII/ptolemy/actor/lib/test/auto/MaximumComplex.xml
----------------- Instantiating /home/travis/build/icyphy/ptII/ptolemy/actor/lib/test/auto/MaximumComplex.xml
3 ms. Memory: 1254400K Free: 221852K (18%)
----------------- Invoking toplevel() on ptolemy.moml.MoMLSimpleApplication@297df5e1
----------------- Done invoking toplevel() on ptolemy.moml.MoMLSimpleApplication@297df5e1
reloadAllAccessors: .MaximumComplex

===========================================================================================
----------------- testing Wed Sep 12 02:06:51 UTC 2018 /home/travis/build/icyphy/ptII/ptolemy/actor/lib/test/auto/MethodCallTest.xml
----------------- Instantiating /home/travis/build/icyphy/ptII/ptolemy/actor/lib/test/auto/MethodCallTest.xml
3 ms. Memory: 1254400K Free: 200874K (16%)
----------------- Invoking toplevel() on ptolemy.moml.MoMLSimpleApplication@5ec39a2
----------------- Done invoking toplevel() on ptolemy.moml.MoMLSimpleApplication@5ec39a2
reloadAllAccessors: .MethodCallTest

===========================================================================================
----------------- testing Wed Sep 12 02:06:51 UTC 2018 /home/travis/build/icyphy/ptII/ptolemy/actor/lib/test/auto/Minimum.xml
----------------- Instantiating /home/travis/build/icyphy/ptII/ptolemy/actor/lib/test/auto/Minimum.xml
3 ms. Memory: 1254400K Free: 185473K (15%)
----------------- Invoking toplevel() on ptolemy.moml.MoMLSimpleApplication@267d6cb8
----------------- Done invoking toplevel() on ptolemy.moml.MoMLSimpleApplication@267d6cb8
reloadAllAccessors: .Minimum

===========================================================================================
----------------- testing Wed Sep 12 02:06:51 UTC 2018 /home/travis/build/icyphy/ptII/ptolemy/actor/lib/test/auto/MinimumComplex.xml
----------------- Instantiating /home/travis/build/icyphy/ptII/ptolemy/actor/lib/test/auto/MinimumComplex.xml
3 ms. Memory: 1254400K Free: 164495K (13%)
----------------- Invoking toplevel() on ptolemy.moml.MoMLSimpleApplication@27a29d6a
----------------- Done invoking toplevel() on ptolemy.moml.MoMLSimpleApplication@27a29d6a
reloadAllAccessors: .MinimumComplex

===========================================================================================
----------------- testing Wed Sep 12 02:06:51 UTC 2018 /home/travis/build/icyphy/ptII/ptolemy/actor/lib/test/auto/MinimumMultiports.xml
----------------- Instantiating /home/travis/build/icyphy/ptII/ptolemy/actor/lib/test/auto/MinimumMultiports.xml
4 ms. Memory: 1254400K Free: 149094K (12%)
----------------- Invoking toplevel() on ptolemy.moml.MoMLSimpleApplication@3f9536cd
----------------- Done invoking toplevel() on ptolemy.moml.MoMLSimpleApplication@3f9536cd
reloadAllAccessors: .MinimumMultiports

===========================================================================================
----------------- testing Wed Sep 12 02:06:51 UTC 2018 /home/travis/build/icyphy/ptII/ptolemy/actor/lib/test/auto/ModifyDate.xml
----------------- Instantiating /home/travis/build/icyphy/ptII/ptolemy/actor/lib/test/auto/ModifyDate.xml
5 ms. Memory: 1254400K Free: 125985K (10%)
----------------- Invoking toplevel() on ptolemy.moml.MoMLSimpleApplication@4a2867fc
----------------- Done invoking toplevel() on ptolemy.moml.MoMLSimpleApplication@4a2867fc
reloadAllAccessors: .ModifyDate

===========================================================================================
----------------- testing Wed Sep 12 02:06:51 UTC 2018 /home/travis/build/icyphy/ptII/ptolemy/actor/lib/test/auto/ModifyDate2.xml
----------------- Instantiating /home/travis/build/icyphy/ptII/ptolemy/actor/lib/test/auto/ModifyDate2.xml
2 ms. Memory: 1254400K Free: 97290K (8%)
----------------- Invoking toplevel() on ptolemy.moml.MoMLSimpleApplication@6e2e14e6
----------------- Done invoking toplevel() on ptolemy.moml.MoMLSimpleApplication@6e2e14e6
reloadAllAccessors: .ModifyDate2

===========================================================================================
----------------- testing Wed Sep 12 02:06:52 UTC 2018 /home/travis/build/icyphy/ptII/ptolemy/actor/lib/test/auto/MovingAverage.xml
----------------- Instantiating /home/travis/build/icyphy/ptII/ptolemy/actor/lib/test/auto/MovingAverage.xml
2 ms. Memory: 1254400K Free: 81889K (7%)
----------------- Invoking toplevel() on ptolemy.moml.MoMLSimpleApplication@1dfceec5
----------------- Done invoking toplevel() on ptolemy.moml.MoMLSimpleApplication@1dfceec5
reloadAllAccessors: .MovingAverage

===========================================================================================
----------------- testing Wed Sep 12 02:06:52 UTC 2018 /home/travis/build/icyphy/ptII/ptolemy/actor/lib/test/auto/MovingMaximum.xml
----------------- Instantiating /home/travis/build/icyphy/ptII/ptolemy/actor/lib/test/auto/MovingMaximum.xml
2 ms. Memory: 1254400K Free: 61479K (5%)
----------------- Invoking toplevel() on ptolemy.moml.MoMLSimpleApplication@7cef5c5a
----------------- Done invoking toplevel() on ptolemy.moml.MoMLSimpleApplication@7cef5c5a
reloadAllAccessors: .MovingMaximum

===========================================================================================
----------------- testing Wed Sep 12 02:06:52 UTC 2018 /home/travis/build/icyphy/ptII/ptolemy/actor/lib/test/auto/MultipleLinksToSameRelation.xml
----------------- Instantiating /home/travis/build/icyphy/ptII/ptolemy/actor/lib/test/auto/MultipleLinksToSameRelation.xml
1 ms. Memory: 1376768K Free: 1325867K (96%)
----------------- Invoking toplevel() on ptolemy.moml.MoMLSimpleApplication@39f697b2
----------------- Done invoking toplevel() on ptolemy.moml.MoMLSimpleApplication@39f697b2
reloadAllAccessors: .MultipleLinksToSameRelation

===========================================================================================
----------------- testing Wed Sep 12 02:06:52 UTC 2018 /home/travis/build/icyphy/ptII/ptolemy/actor/lib/test/auto/MultipleLinksToSameRelationDE.xml
----------------- Instantiating /home/travis/build/icyphy/ptII/ptolemy/actor/lib/test/auto/MultipleLinksToSameRelationDE.xml
2 ms. Memory: 1376768K Free: 1303948K (95%)
----------------- Invoking toplevel() on ptolemy.moml.MoMLSimpleApplication@386684e1
----------------- Done invoking toplevel() on ptolemy.moml.MoMLSimpleApplication@386684e1
reloadAllAccessors: .MultipleLinksToSameRelationDE

===========================================================================================
----------------- testing Wed Sep 12 02:06:52 UTC 2018 /home/travis/build/icyphy/ptII/ptolemy/actor/lib/test/auto/Multiplexor.xml
----------------- Instantiating /home/travis/build/icyphy/ptII/ptolemy/actor/lib/test/auto/Multiplexor.xml
2 ms. Memory: 1376768K Free: 1287127K (93%)
----------------- Invoking toplevel() on ptolemy.moml.MoMLSimpleApplication@2d70e805
----------------- Done invoking toplevel() on ptolemy.moml.MoMLSimpleApplication@2d70e805
reloadAllAccessors: .Multiplexor

===========================================================================================
----------------- testing Wed Sep 12 02:06:52 UTC 2018 /home/travis/build/icyphy/ptII/ptolemy/actor/lib/test/auto/Multiplexor1.xml
----------------- Instantiating /home/travis/build/icyphy/ptII/ptolemy/actor/lib/test/auto/Multiplexor1.xml
2 ms. Memory: 1376768K Free: 1265228K (92%)
----------------- Invoking toplevel() on ptolemy.moml.MoMLSimpleApplication@5adb1ed
----------------- Done invoking toplevel() on ptolemy.moml.MoMLSimpleApplication@5adb1ed
reloadAllAccessors: .Multiplexor1

===========================================================================================
----------------- testing Wed Sep 12 02:06:52 UTC 2018 /home/travis/build/icyphy/ptII/ptolemy/actor/lib/test/auto/Multiplexor2.xml
----------------- Instantiating /home/travis/build/icyphy/ptII/ptolemy/actor/lib/test/auto/Multiplexor2.xml
2 ms. Memory: 1376768K Free: 1248408K (91%)
----------------- Invoking toplevel() on ptolemy.moml.MoMLSimpleApplication@5fb5d378
----------------- Done invoking toplevel() on ptolemy.moml.MoMLSimpleApplication@5fb5d378
reloadAllAccessors: .Multiplexor2

===========================================================================================
----------------- testing Wed Sep 12 02:06:52 UTC 2018 /home/travis/build/icyphy/ptII/ptolemy/actor/lib/test/auto/Multiplexor3.xml
----------------- Instantiating /home/travis/build/icyphy/ptII/ptolemy/actor/lib/test/auto/Multiplexor3.xml
2 ms. Memory: 1376768K Free: 1226509K (89%)
----------------- Invoking toplevel() on ptolemy.moml.MoMLSimpleApplication@15746c51
----------------- Done invoking toplevel() on ptolemy.moml.MoMLSimpleApplication@15746c51
reloadAllAccessors: .Multiplexor3

===========================================================================================
----------------- testing Wed Sep 12 02:06:52 UTC 2018 /home/travis/build/icyphy/ptII/ptolemy/actor/lib/test/auto/MultiplexorDE.xml
----------------- Instantiating /home/travis/build/icyphy/ptII/ptolemy/actor/lib/test/auto/MultiplexorDE.xml
2 ms. Memory: 1376768K Free: 1209688K (88%)
----------------- Invoking toplevel() on ptolemy.moml.MoMLSimpleApplication@63d9f941
----------------- Done invoking toplevel() on ptolemy.moml.MoMLSimpleApplication@63d9f941
reloadAllAccessors: .MultiplexorDE

===========================================================================================
----------------- testing Wed Sep 12 02:06:52 UTC 2018 /home/travis/build/icyphy/ptII/ptolemy/actor/lib/test/auto/MultiportBroadcastTest.xml
----------------- Instantiating /home/travis/build/icyphy/ptII/ptolemy/actor/lib/test/auto/MultiportBroadcastTest.xml
54 ms. Memory: 1376768K Free: 1187789K (86%)
----------------- Invoking toplevel() on ptolemy.moml.MoMLSimpleApplication@5b0d2871
----------------- Done invoking toplevel() on ptolemy.moml.MoMLSimpleApplication@5b0d2871
reloadAllAccessors: .MultiportBroadcastTest

===========================================================================================
----------------- testing Wed Sep 12 02:06:52 UTC 2018 /home/travis/build/icyphy/ptII/ptolemy/actor/lib/test/auto/MultiportOutHangDuringGetWidth.xml
----------------- Instantiating /home/travis/build/icyphy/ptII/ptolemy/actor/lib/test/auto/MultiportOutHangDuringGetWidth.xml
4 ms. Memory: 1376768K Free: 1162541K (84%)
----------------- Invoking toplevel() on ptolemy.moml.MoMLSimpleApplication@5de041f4
----------------- Done invoking toplevel() on ptolemy.moml.MoMLSimpleApplication@5de041f4
reloadAllAccessors: .MultiportOutHangDuringGetWidth

===========================================================================================
----------------- testing Wed Sep 12 02:06:52 UTC 2018 /home/travis/build/icyphy/ptII/ptolemy/actor/lib/test/auto/NilToken.xml
----------------- Instantiating /home/travis/build/icyphy/ptII/ptolemy/actor/lib/test/auto/NilToken.xml
1 ms. Memory: 1376768K Free: 1140643K (83%)
----------------- Invoking toplevel() on ptolemy.moml.MoMLSimpleApplication@641104ba
----------------- Done invoking toplevel() on ptolemy.moml.MoMLSimpleApplication@641104ba
reloadAllAccessors: .NilToken

===========================================================================================
----------------- testing Wed Sep 12 02:06:52 UTC 2018 /home/travis/build/icyphy/ptII/ptolemy/actor/lib/test/auto/NilTokenNonStrictTest.xml
----------------- Instantiating /home/travis/build/icyphy/ptII/ptolemy/actor/lib/test/auto/NilTokenNonStrictTest.xml
2 ms. Memory: 1376768K Free: 1123822K (82%)
----------------- Invoking toplevel() on ptolemy.moml.MoMLSimpleApplication@6c36aed2
----------------- Done invoking toplevel() on ptolemy.moml.MoMLSimpleApplication@6c36aed2
reloadAllAccessors: .NilTokenNonStrictTest

===========================================================================================
----------------- testing Wed Sep 12 02:06:52 UTC 2018 /home/travis/build/icyphy/ptII/ptolemy/actor/lib/test/auto/NilTokenRecord.xml
----------------- Instantiating /home/travis/build/icyphy/ptII/ptolemy/actor/lib/test/auto/NilTokenRecord.xml
5 ms. Memory: 1376768K Free: 1101923K (80%)
----------------- Invoking toplevel() on ptolemy.moml.MoMLSimpleApplication@cf16b0d
----------------- Done invoking toplevel() on ptolemy.moml.MoMLSimpleApplication@cf16b0d
reloadAllAccessors: .NilTokenRecord

===========================================================================================
----------------- testing Wed Sep 12 02:06:52 UTC 2018 /home/travis/build/icyphy/ptII/ptolemy/actor/lib/test/auto/NilTokenTypeTest.xml
----------------- Instantiating /home/travis/build/icyphy/ptII/ptolemy/actor/lib/test/auto/NilTokenTypeTest.xml
3 ms. Memory: 1376768K Free: 1076675K (78%)
----------------- Invoking toplevel() on ptolemy.moml.MoMLSimpleApplication@2a09e7f1
----------------- Done invoking toplevel() on ptolemy.moml.MoMLSimpleApplication@2a09e7f1
reloadAllAccessors: .NilTokenTypeTest

===========================================================================================
----------------- testing Wed Sep 12 02:06:52 UTC 2018 /home/travis/build/icyphy/ptII/ptolemy/actor/lib/test/auto/ObjectToken1.xml
----------------- Instantiating /home/travis/build/icyphy/ptII/ptolemy/actor/lib/test/auto/ObjectToken1.xml
2 ms. Memory: 1376768K Free: 1054777K (77%)
----------------- Invoking toplevel() on ptolemy.moml.MoMLSimpleApplication@5b454e03
----------------- Done invoking toplevel() on ptolemy.moml.MoMLSimpleApplication@5b454e03
reloadAllAccessors: .ObjectToken1

===========================================================================================
----------------- testing Wed Sep 12 02:06:52 UTC 2018 /home/travis/build/icyphy/ptII/ptolemy/actor/lib/test/auto/OrderedMerge.xml
----------------- Instantiating /home/travis/build/icyphy/ptII/ptolemy/actor/lib/test/auto/OrderedMerge.xml
5 ms. Memory: 1376768K Free: 1004314K (73%)
----------------- Invoking toplevel() on ptolemy.moml.MoMLSimpleApplication@5409d0dd
----------------- Done invoking toplevel() on ptolemy.moml.MoMLSimpleApplication@5409d0dd
reloadAllAccessors: .OrderedMerge

===========================================================================================
----------------- testing Wed Sep 12 02:06:52 UTC 2018 /home/travis/build/icyphy/ptII/ptolemy/actor/lib/test/auto/OrderedRecordDisassembler.xml
----------------- Instantiating /home/travis/build/icyphy/ptII/ptolemy/actor/lib/test/auto/OrderedRecordDisassembler.xml
3 ms. Memory: 1376768K Free: 987493K (72%)
----------------- Invoking toplevel() on ptolemy.moml.MoMLSimpleApplication@6f569fb2
----------------- Done invoking toplevel() on ptolemy.moml.MoMLSimpleApplication@6f569fb2
reloadAllAccessors: .OrderedRecordDisassembler

===========================================================================================
----------------- testing Wed Sep 12 02:06:52 UTC 2018 /home/travis/build/icyphy/ptII/ptolemy/actor/lib/test/auto/OrderedRecordDisassembler2.xml
----------------- Instantiating /home/travis/build/icyphy/ptII/ptolemy/actor/lib/test/auto/OrderedRecordDisassembler2.xml
3 ms. Memory: 1376768K Free: 965594K (70%)
----------------- Invoking toplevel() on ptolemy.moml.MoMLSimpleApplication@49ec309c
----------------- Done invoking toplevel() on ptolemy.moml.MoMLSimpleApplication@49ec309c
reloadAllAccessors: .OrderedRecordDisassembler2

===========================================================================================
----------------- testing Wed Sep 12 02:06:52 UTC 2018 /home/travis/build/icyphy/ptII/ptolemy/actor/lib/test/auto/OrderedRecordUpdater.xml
----------------- Instantiating /home/travis/build/icyphy/ptII/ptolemy/actor/lib/test/auto/OrderedRecordUpdater.xml
2 ms. Memory: 1376768K Free: 948773K (69%)
----------------- Invoking toplevel() on ptolemy.moml.MoMLSimpleApplication@aa0eca7
----------------- Done invoking toplevel() on ptolemy.moml.MoMLSimpleApplication@aa0eca7
reloadAllAccessors: .RecordUpdater

===========================================================================================
----------------- testing Wed Sep 12 02:06:52 UTC 2018 /home/travis/build/icyphy/ptII/ptolemy/actor/lib/test/auto/OrderedRecordUpdater2.xml
----------------- Instantiating /home/travis/build/icyphy/ptII/ptolemy/actor/lib/test/auto/OrderedRecordUpdater2.xml
1 ms. Memory: 1376768K Free: 926874K (67%)
----------------- Invoking toplevel() on ptolemy.moml.MoMLSimpleApplication@36893246
----------------- Done invoking toplevel() on ptolemy.moml.MoMLSimpleApplication@36893246
reloadAllAccessors: .RecordUpdater2

===========================================================================================
----------------- testing Wed Sep 12 02:06:52 UTC 2018 /home/travis/build/icyphy/ptII/ptolemy/actor/lib/test/auto/PhaseUnwrap.xml
----------------- Instantiating /home/travis/build/icyphy/ptII/ptolemy/actor/lib/test/auto/PhaseUnwrap.xml
2 ms. Memory: 1376768K Free: 910053K (66%)
----------------- Invoking toplevel() on ptolemy.moml.MoMLSimpleApplication@57e48dcf
----------------- Done invoking toplevel() on ptolemy.moml.MoMLSimpleApplication@57e48dcf
reloadAllAccessors: .PhaseUnwrap

===========================================================================================
----------------- testing Wed Sep 12 02:06:52 UTC 2018 /home/travis/build/icyphy/ptII/ptolemy/actor/lib/test/auto/PoissonClock.xml
----------------- Instantiating /home/travis/build/icyphy/ptII/ptolemy/actor/lib/test/auto/PoissonClock.xml
2 ms. Memory: 1376768K Free: 888154K (65%)
----------------- Invoking toplevel() on ptolemy.moml.MoMLSimpleApplication@38afe805
----------------- Done invoking toplevel() on ptolemy.moml.MoMLSimpleApplication@38afe805
reloadAllAccessors: .PoissonClock

===========================================================================================
----------------- testing Wed Sep 12 02:06:52 UTC 2018 /home/travis/build/icyphy/ptII/ptolemy/actor/lib/test/auto/PoissonClock2.xml
----------------- Instantiating /home/travis/build/icyphy/ptII/ptolemy/actor/lib/test/auto/PoissonClock2.xml
2 ms. Memory: 1376768K Free: 871333K (63%)
----------------- Invoking toplevel() on ptolemy.moml.MoMLSimpleApplication@56ad8290
----------------- Done invoking toplevel() on ptolemy.moml.MoMLSimpleApplication@56ad8290
reloadAllAccessors: .PoissonClock2

===========================================================================================
----------------- testing Wed Sep 12 02:06:52 UTC 2018 /home/travis/build/icyphy/ptII/ptolemy/actor/lib/test/auto/PoissonClock3.xml
----------------- Instantiating /home/travis/build/icyphy/ptII/ptolemy/actor/lib/test/auto/PoissonClock3.xml
1 ms. Memory: 1376768K Free: 849434K (62%)
----------------- Invoking toplevel() on ptolemy.moml.MoMLSimpleApplication@3510dcc1
----------------- Done invoking toplevel() on ptolemy.moml.MoMLSimpleApplication@3510dcc1
reloadAllAccessors: .PoissonClock3

===========================================================================================
----------------- testing Wed Sep 12 02:06:52 UTC 2018 /home/travis/build/icyphy/ptII/ptolemy/actor/lib/test/auto/PubSubWithInitialTokens.xml
----------------- Instantiating /home/travis/build/icyphy/ptII/ptolemy/actor/lib/test/auto/PubSubWithInitialTokens.xml
2 ms. Memory: 1376768K Free: 832613K (60%)
----------------- Invoking toplevel() on ptolemy.moml.MoMLSimpleApplication@46733296
----------------- Done invoking toplevel() on ptolemy.moml.MoMLSimpleApplication@46733296
reloadAllAccessors: .PubSubWithInitialTokens

===========================================================================================
----------------- testing Wed Sep 12 02:06:52 UTC 2018 /home/travis/build/icyphy/ptII/ptolemy/actor/lib/test/auto/PubSubWithInitialTokens2.xml
----------------- Instantiating /home/travis/build/icyphy/ptII/ptolemy/actor/lib/test/auto/PubSubWithInitialTokens2.xml
2 ms. Memory: 1376768K Free: 810714K (59%)
----------------- Invoking toplevel() on ptolemy.moml.MoMLSimpleApplication@2c8bc5ec
----------------- Done invoking toplevel() on ptolemy.moml.MoMLSimpleApplication@2c8bc5ec
reloadAllAccessors: .PubSubWithInitialTokens2

===========================================================================================
----------------- testing Wed Sep 12 02:06:52 UTC 2018 /home/travis/build/icyphy/ptII/ptolemy/actor/lib/test/auto/PublisherClassNoParameter.xml
----------------- Instantiating /home/travis/build/icyphy/ptII/ptolemy/actor/lib/test/auto/PublisherClassNoParameter.xml
2 ms. Memory: 1376768K Free: 793893K (58%)
----------------- Invoking toplevel() on ptolemy.moml.MoMLSimpleApplication@6202cec3
----------------- Done invoking toplevel() on ptolemy.moml.MoMLSimpleApplication@6202cec3
reloadAllAccessors: .PublisherClassNoParameter

===========================================================================================
----------------- testing Wed Sep 12 02:06:52 UTC 2018 /home/travis/build/icyphy/ptII/ptolemy/actor/lib/test/auto/PublisherClassParameter.xml
----------------- Instantiating /home/travis/build/icyphy/ptII/ptolemy/actor/lib/test/auto/PublisherClassParameter.xml
3 ms. Memory: 1376768K Free: 763568K (55%)
----------------- Invoking toplevel() on ptolemy.moml.MoMLSimpleApplication@3e541469
----------------- Done invoking toplevel() on ptolemy.moml.MoMLSimpleApplication@3e541469
reloadAllAccessors: .PublisherClassParameter

===========================================================================================
----------------- testing Wed Sep 12 02:06:52 UTC 2018 /home/travis/build/icyphy/ptII/ptolemy/actor/lib/test/auto/PublisherNonStrictTest.xml
----------------- Instantiating /home/travis/build/icyphy/ptII/ptolemy/actor/lib/test/auto/PublisherNonStrictTest.xml
3 ms. Memory: 1376768K Free: 746747K (54%)
----------------- Invoking toplevel() on ptolemy.moml.MoMLSimpleApplication@4a8d4b0
----------------- Done invoking toplevel() on ptolemy.moml.MoMLSimpleApplication@4a8d4b0
reloadAllAccessors: .PublisherNonStrictTest

===========================================================================================
----------------- testing Wed Sep 12 02:06:52 UTC 2018 /home/travis/build/icyphy/ptII/ptolemy/actor/lib/test/auto/PublisherPort1.xml
----------------- Instantiating /home/travis/build/icyphy/ptII/ptolemy/actor/lib/test/auto/PublisherPort1.xml
2 ms. Memory: 1376768K Free: 724848K (53%)
----------------- Invoking toplevel() on ptolemy.moml.MoMLSimpleApplication@49b679f0
----------------- Done invoking toplevel() on ptolemy.moml.MoMLSimpleApplication@49b679f0
reloadAllAccessors: .PublisherPort1

===========================================================================================
----------------- testing Wed Sep 12 02:06:52 UTC 2018 /home/travis/build/icyphy/ptII/ptolemy/actor/lib/test/auto/PublisherPort2.xml
----------------- Instantiating /home/travis/build/icyphy/ptII/ptolemy/actor/lib/test/auto/PublisherPort2.xml
2 ms. Memory: 1376768K Free: 708027K (51%)
----------------- Invoking toplevel() on ptolemy.moml.MoMLSimpleApplication@20de921f
----------------- Done invoking toplevel() on ptolemy.moml.MoMLSimpleApplication@20de921f
reloadAllAccessors: .PublisherPort2

===========================================================================================
----------------- testing Wed Sep 12 02:06:52 UTC 2018 /home/travis/build/icyphy/ptII/ptolemy/actor/lib/test/auto/PublisherPort3.xml
----------------- Instantiating /home/travis/build/icyphy/ptII/ptolemy/actor/lib/test/auto/PublisherPort3.xml
3 ms. Memory: 1376768K Free: 686128K (50%)
----------------- Invoking toplevel() on ptolemy.moml.MoMLSimpleApplication@5d619336
----------------- Done invoking toplevel() on ptolemy.moml.MoMLSimpleApplication@5d619336
reloadAllAccessors: .PublisherPort3

===========================================================================================
----------------- testing Wed Sep 12 02:06:52 UTC 2018 /home/travis/build/icyphy/ptII/ptolemy/actor/lib/test/auto/PublisherPort4.xml
----------------- Instantiating /home/travis/build/icyphy/ptII/ptolemy/actor/lib/test/auto/PublisherPort4.xml
2 ms. Memory: 1376768K Free: 669307K (49%)
----------------- Invoking toplevel() on ptolemy.moml.MoMLSimpleApplication@61ff8016
----------------- Done invoking toplevel() on ptolemy.moml.MoMLSimpleApplication@61ff8016
reloadAllAccessors: .PublisherPort4

===========================================================================================
----------------- testing Wed Sep 12 02:06:52 UTC 2018 /home/travis/build/icyphy/ptII/ptolemy/actor/lib/test/auto/PublisherPort5.xml
----------------- Instantiating /home/travis/build/icyphy/ptII/ptolemy/actor/lib/test/auto/PublisherPort5.xml
3 ms. Memory: 1376768K Free: 652486K (47%)
----------------- Invoking toplevel() on ptolemy.moml.MoMLSimpleApplication@327973c0
----------------- Done invoking toplevel() on ptolemy.moml.MoMLSimpleApplication@327973c0
reloadAllAccessors: .PublisherPort5

===========================================================================================
----------------- testing Wed Sep 12 02:06:52 UTC 2018 /home/travis/build/icyphy/ptII/ptolemy/actor/lib/test/auto/PublisherPort5LookAlike.xml
----------------- Instantiating /home/travis/build/icyphy/ptII/ptolemy/actor/lib/test/auto/PublisherPort5LookAlike.xml
6 ms. Memory: 1376768K Free: 630587K (46%)
----------------- Invoking toplevel() on ptolemy.moml.MoMLSimpleApplication@46462978
----------------- Done invoking toplevel() on ptolemy.moml.MoMLSimpleApplication@46462978
reloadAllAccessors: .PublisherPort5LookAlike

===========================================================================================
----------------- testing Wed Sep 12 02:06:52 UTC 2018 /home/travis/build/icyphy/ptII/ptolemy/actor/lib/test/auto/PublisherPort6.xml
----------------- Instantiating /home/travis/build/icyphy/ptII/ptolemy/actor/lib/test/auto/PublisherPort6.xml
2 ms. Memory: 1376768K Free: 613766K (45%)
----------------- Invoking toplevel() on ptolemy.moml.MoMLSimpleApplication@10dac484
----------------- Done invoking toplevel() on ptolemy.moml.MoMLSimpleApplication@10dac484
reloadAllAccessors: .PublisherPort6

===========================================================================================
----------------- testing Wed Sep 12 02:06:52 UTC 2018 /home/travis/build/icyphy/ptII/ptolemy/actor/lib/test/auto/PublisherPort7.xml
----------------- Instantiating /home/travis/build/icyphy/ptII/ptolemy/actor/lib/test/auto/PublisherPort7.xml
3 ms. Memory: 1376768K Free: 591867K (43%)
----------------- Invoking toplevel() on ptolemy.moml.MoMLSimpleApplication@2b01b9e2
----------------- Done invoking toplevel() on ptolemy.moml.MoMLSimpleApplication@2b01b9e2
reloadAllAccessors: .PublisherPort7

===========================================================================================
----------------- testing Wed Sep 12 02:06:52 UTC 2018 /home/travis/build/icyphy/ptII/ptolemy/actor/lib/test/auto/PublisherPort8.xml
----------------- Instantiating /home/travis/build/icyphy/ptII/ptolemy/actor/lib/test/auto/PublisherPort8.xml
4 ms. Memory: 1376768K Free: 575047K (42%)
----------------- Invoking toplevel() on ptolemy.moml.MoMLSimpleApplication@345ce4ff
----------------- Done invoking toplevel() on ptolemy.moml.MoMLSimpleApplication@345ce4ff
reloadAllAccessors: .PublisherPort8

===========================================================================================
----------------- testing Wed Sep 12 02:06:52 UTC 2018 /home/travis/build/icyphy/ptII/ptolemy/actor/lib/test/auto/PublisherPortSubscriberChannelVariablesAOC2.xml
----------------- Instantiating /home/travis/build/icyphy/ptII/ptolemy/actor/lib/test/auto/PublisherPortSubscriberChannelVariablesAOC2.xml
2 ms. Memory: 1376768K Free: 544721K (40%)
----------------- Invoking toplevel() on ptolemy.moml.MoMLSimpleApplication@2f1ceec0
----------------- Done invoking toplevel() on ptolemy.moml.MoMLSimpleApplication@2f1ceec0
reloadAllAccessors: .PublisherPortSubscriberChannelVariablesAOC2

===========================================================================================
----------------- testing Wed Sep 12 02:06:52 UTC 2018 /home/travis/build/icyphy/ptII/ptolemy/actor/lib/test/auto/PublisherPortSubscriberOpaqueWidthInference.xml
----------------- Instantiating /home/travis/build/icyphy/ptII/ptolemy/actor/lib/test/auto/PublisherPortSubscriberOpaqueWidthInference.xml
4 ms. Memory: 1376768K Free: 527900K (38%)
----------------- Invoking toplevel() on ptolemy.moml.MoMLSimpleApplication@2885e46c
----------------- Done invoking toplevel() on ptolemy.moml.MoMLSimpleApplication@2885e46c
reloadAllAccessors: .PublisherPortSubscriberOpaqueWidthInference

===========================================================================================
----------------- testing Wed Sep 12 02:06:52 UTC 2018 /home/travis/build/icyphy/ptII/ptolemy/actor/lib/test/auto/PublisherPortSubscriberPortAdjacent.xml
----------------- Instantiating /home/travis/build/icyphy/ptII/ptolemy/actor/lib/test/auto/PublisherPortSubscriberPortAdjacent.xml
2 ms. Memory: 1376768K Free: 506001K (37%)
----------------- Invoking toplevel() on ptolemy.moml.MoMLSimpleApplication@2c20c0d
----------------- Done invoking toplevel() on ptolemy.moml.MoMLSimpleApplication@2c20c0d
reloadAllAccessors: .PublisherPortSubscriberPortAdjacent

===========================================================================================
----------------- testing Wed Sep 12 02:06:52 UTC 2018 /home/travis/build/icyphy/ptII/ptolemy/actor/lib/test/auto/PublisherPortSubscriberPortExpression.xml
----------------- Instantiating /home/travis/build/icyphy/ptII/ptolemy/actor/lib/test/auto/PublisherPortSubscriberPortExpression.xml
4 ms. Memory: 1376768K Free: 489180K (36%)
----------------- Invoking toplevel() on ptolemy.moml.MoMLSimpleApplication@73151601
----------------- Done invoking toplevel() on ptolemy.moml.MoMLSimpleApplication@73151601
reloadAllAccessors: .PublisherPortSubscriberPortExpression

===========================================================================================
----------------- testing Wed Sep 12 02:06:52 UTC 2018 /home/travis/build/icyphy/ptII/ptolemy/actor/lib/test/auto/PublisherPortSubscriberPortOpaqueD3Reverse.xml
----------------- Instantiating /home/travis/build/icyphy/ptII/ptolemy/actor/lib/test/auto/PublisherPortSubscriberPortOpaqueD3Reverse.xml
6 ms. Memory: 1376768K Free: 467282K (34%)
----------------- Invoking toplevel() on ptolemy.moml.MoMLSimpleApplication@656735bb
----------------- Done invoking toplevel() on ptolemy.moml.MoMLSimpleApplication@656735bb
reloadAllAccessors: .PublisherPortSubscriberPortOpaqueD3Reverse

===========================================================================================
----------------- testing Wed Sep 12 02:06:52 UTC 2018 /home/travis/build/icyphy/ptII/ptolemy/actor/lib/test/auto/PublisherPortSubscriberPortOpaqueWidthInference.xml
----------------- Instantiating /home/travis/build/icyphy/ptII/ptolemy/actor/lib/test/auto/PublisherPortSubscriberPortOpaqueWidthInference.xml
4 ms. Memory: 1376768K Free: 450461K (33%)
----------------- Invoking toplevel() on ptolemy.moml.MoMLSimpleApplication@8cab5a0
----------------- Done invoking toplevel() on ptolemy.moml.MoMLSimpleApplication@8cab5a0
reloadAllAccessors: .PublisherPortSubscriberPortOpaqueWidthInference

===========================================================================================
----------------- testing Wed Sep 12 02:06:52 UTC 2018 /home/travis/build/icyphy/ptII/ptolemy/actor/lib/test/auto/PublisherPortToplevelSubscriberPortAOC.xml
----------------- Instantiating /home/travis/build/icyphy/ptII/ptolemy/actor/lib/test/auto/PublisherPortToplevelSubscriberPortAOC.xml
.PublisherPortToplevelSubscriberPortAOC.TestExceptionAttribute: initialize() was not invoked, but wrapup() was.  This is unusual, but not always a problem.  For example, exporting JNLP will do this.
0 ms. Memory: 1376768K Free: 428562K (31%)
----------------- Invoking toplevel() on ptolemy.moml.MoMLSimpleApplication@4a911e59
----------------- Done invoking toplevel() on ptolemy.moml.MoMLSimpleApplication@4a911e59
reloadAllAccessors: .PublisherPortToplevelSubscriberPortAOC

===========================================================================================
----------------- testing Wed Sep 12 02:06:52 UTC 2018 /home/travis/build/icyphy/ptII/ptolemy/actor/lib/test/auto/PublisherSubscriber.xml
----------------- Instantiating /home/travis/build/icyphy/ptII/ptolemy/actor/lib/test/auto/PublisherSubscriber.xml
3 ms. Memory: 1376768K Free: 411741K (30%)
----------------- Invoking toplevel() on ptolemy.moml.MoMLSimpleApplication@492b2f33
----------------- Done invoking toplevel() on ptolemy.moml.MoMLSimpleApplication@492b2f33
reloadAllAccessors: .PublisherSubscriber

===========================================================================================
----------------- testing Wed Sep 12 02:06:52 UTC 2018 /home/travis/build/icyphy/ptII/ptolemy/actor/lib/test/auto/PublisherSubscriber10.xml
----------------- Instantiating /home/travis/build/icyphy/ptII/ptolemy/actor/lib/test/auto/PublisherSubscriber10.xml
5 ms. Memory: 1376768K Free: 389842K (28%)
----------------- Invoking toplevel() on ptolemy.moml.MoMLSimpleApplication@50ad3b32
----------------- Done invoking toplevel() on ptolemy.moml.MoMLSimpleApplication@50ad3b32
reloadAllAccessors: .PublisherSubscriber10

===========================================================================================
----------------- testing Wed Sep 12 02:06:53 UTC 2018 /home/travis/build/icyphy/ptII/ptolemy/actor/lib/test/auto/PublisherSubscriber10InitialOutputs.xml
----------------- Instantiating /home/travis/build/icyphy/ptII/ptolemy/actor/lib/test/auto/PublisherSubscriber10InitialOutputs.xml
5 ms. Memory: 1376768K Free: 373021K (27%)
----------------- Invoking toplevel() on ptolemy.moml.MoMLSimpleApplication@1655900a
----------------- Done invoking toplevel() on ptolemy.moml.MoMLSimpleApplication@1655900a
reloadAllAccessors: .PublisherSubscriber10InitialOutputs

===========================================================================================
----------------- testing Wed Sep 12 02:06:53 UTC 2018 /home/travis/build/icyphy/ptII/ptolemy/actor/lib/test/auto/PublisherSubscriber11.xml
----------------- Instantiating /home/travis/build/icyphy/ptII/ptolemy/actor/lib/test/auto/PublisherSubscriber11.xml
2 ms. Memory: 1376768K Free: 351122K (26%)
----------------- Invoking toplevel() on ptolemy.moml.MoMLSimpleApplication@1462355a
----------------- Done invoking toplevel() on ptolemy.moml.MoMLSimpleApplication@1462355a
reloadAllAccessors: .PublisherSubscriber11

===========================================================================================
----------------- testing Wed Sep 12 02:06:53 UTC 2018 /home/travis/build/icyphy/ptII/ptolemy/actor/lib/test/auto/PublisherSubscriber12.xml
----------------- Instantiating /home/travis/build/icyphy/ptII/ptolemy/actor/lib/test/auto/PublisherSubscriber12.xml
3 ms. Memory: 1376768K Free: 334301K (24%)
----------------- Invoking toplevel() on ptolemy.moml.MoMLSimpleApplication@3545f60f
----------------- Done invoking toplevel() on ptolemy.moml.MoMLSimpleApplication@3545f60f
reloadAllAccessors: .PublisherSubscriber12

===========================================================================================
----------------- testing Wed Sep 12 02:06:53 UTC 2018 /home/travis/build/icyphy/ptII/ptolemy/actor/lib/test/auto/PublisherSubscriber13.xml
----------------- Instantiating /home/travis/build/icyphy/ptII/ptolemy/actor/lib/test/auto/PublisherSubscriber13.xml
2 ms. Memory: 1376768K Free: 312402K (23%)
----------------- Invoking toplevel() on ptolemy.moml.MoMLSimpleApplication@5f297d02
----------------- Done invoking toplevel() on ptolemy.moml.MoMLSimpleApplication@5f297d02
reloadAllAccessors: .PublisherSubscriber13

===========================================================================================
----------------- testing Wed Sep 12 02:06:53 UTC 2018 /home/travis/build/icyphy/ptII/ptolemy/actor/lib/test/auto/PublisherSubscriber14.xml
----------------- Instantiating /home/travis/build/icyphy/ptII/ptolemy/actor/lib/test/auto/PublisherSubscriber14.xml
2 ms. Memory: 1376768K Free: 295581K (21%)
----------------- Invoking toplevel() on ptolemy.moml.MoMLSimpleApplication@1d6584f9
----------------- Done invoking toplevel() on ptolemy.moml.MoMLSimpleApplication@1d6584f9
reloadAllAccessors: .PublisherSubscriber14

===========================================================================================
----------------- testing Wed Sep 12 02:06:53 UTC 2018 /home/travis/build/icyphy/ptII/ptolemy/actor/lib/test/auto/PublisherSubscriber2.xml
----------------- Instantiating /home/travis/build/icyphy/ptII/ptolemy/actor/lib/test/auto/PublisherSubscriber2.xml
2 ms. Memory: 1376768K Free: 273682K (20%)
----------------- Invoking toplevel() on ptolemy.moml.MoMLSimpleApplication@32bd3e16
----------------- Done invoking toplevel() on ptolemy.moml.MoMLSimpleApplication@32bd3e16
reloadAllAccessors: .PublisherSubscriber2

===========================================================================================
----------------- testing Wed Sep 12 02:06:53 UTC 2018 /home/travis/build/icyphy/ptII/ptolemy/actor/lib/test/auto/PublisherSubscriber3.xml
----------------- Instantiating /home/travis/build/icyphy/ptII/ptolemy/actor/lib/test/auto/PublisherSubscriber3.xml
2 ms. Memory: 1376768K Free: 256862K (19%)
----------------- Invoking toplevel() on ptolemy.moml.MoMLSimpleApplication@46e7b4e7
----------------- Done invoking toplevel() on ptolemy.moml.MoMLSimpleApplication@46e7b4e7
reloadAllAccessors: .PublisherSubscriber3

===========================================================================================
----------------- testing Wed Sep 12 02:06:53 UTC 2018 /home/travis/build/icyphy/ptII/ptolemy/actor/lib/test/auto/PublisherSubscriber4.xml
----------------- Instantiating /home/travis/build/icyphy/ptII/ptolemy/actor/lib/test/auto/PublisherSubscriber4.xml
2 ms. Memory: 1376768K Free: 240041K (17%)
----------------- Invoking toplevel() on ptolemy.moml.MoMLSimpleApplication@66ea7974
----------------- Done invoking toplevel() on ptolemy.moml.MoMLSimpleApplication@66ea7974
reloadAllAccessors: .PublisherSubscriber4

===========================================================================================
----------------- testing Wed Sep 12 02:06:53 UTC 2018 /home/travis/build/icyphy/ptII/ptolemy/actor/lib/test/auto/PublisherSubscriber5.xml
----------------- Instantiating /home/travis/build/icyphy/ptII/ptolemy/actor/lib/test/auto/PublisherSubscriber5.xml
2 ms. Memory: 1376768K Free: 218142K (16%)
----------------- Invoking toplevel() on ptolemy.moml.MoMLSimpleApplication@6cad31f
----------------- Done invoking toplevel() on ptolemy.moml.MoMLSimpleApplication@6cad31f
reloadAllAccessors: .PublisherSubscriber5

===========================================================================================
----------------- testing Wed Sep 12 02:06:53 UTC 2018 /home/travis/build/icyphy/ptII/ptolemy/actor/lib/test/auto/PublisherSubscriber6.xml
----------------- Instantiating /home/travis/build/icyphy/ptII/ptolemy/actor/lib/test/auto/PublisherSubscriber6.xml
3 ms. Memory: 1376768K Free: 201321K (15%)
----------------- Invoking toplevel() on ptolemy.moml.MoMLSimpleApplication@7d68e76b
----------------- Done invoking toplevel() on ptolemy.moml.MoMLSimpleApplication@7d68e76b
reloadAllAccessors: .PublisherSubscriber6

===========================================================================================
----------------- testing Wed Sep 12 02:06:53 UTC 2018 /home/travis/build/icyphy/ptII/ptolemy/actor/lib/test/auto/PublisherSubscriber7.xml
----------------- Instantiating /home/travis/build/icyphy/ptII/ptolemy/actor/lib/test/auto/PublisherSubscriber7.xml
3 ms. Memory: 1376768K Free: 179422K (13%)
----------------- Invoking toplevel() on ptolemy.moml.MoMLSimpleApplication@7a7256b3
----------------- Done invoking toplevel() on ptolemy.moml.MoMLSimpleApplication@7a7256b3
reloadAllAccessors: .PublisherSubscriber7

===========================================================================================
----------------- testing Wed Sep 12 02:06:53 UTC 2018 /home/travis/build/icyphy/ptII/ptolemy/actor/lib/test/auto/PublisherSubscriber8.xml
----------------- Instantiating /home/travis/build/icyphy/ptII/ptolemy/actor/lib/test/auto/PublisherSubscriber8.xml
18 ms. Memory: 1376768K Free: 78496K (6%)
----------------- Invoking toplevel() on ptolemy.moml.MoMLSimpleApplication@78fc110e
----------------- Done invoking toplevel() on ptolemy.moml.MoMLSimpleApplication@78fc110e
reloadAllAccessors: .PublisherSubscriber8

===========================================================================================
----------------- testing Wed Sep 12 02:06:53 UTC 2018 /home/travis/build/icyphy/ptII/ptolemy/actor/lib/test/auto/PublisherSubscriber9.xml
----------------- Instantiating /home/travis/build/icyphy/ptII/ptolemy/actor/lib/test/auto/PublisherSubscriber9.xml
3 ms. Memory: 1465344K Free: 1403818K (96%)
----------------- Invoking toplevel() on ptolemy.moml.MoMLSimpleApplication@3237d616
----------------- Done invoking toplevel() on ptolemy.moml.MoMLSimpleApplication@3237d616
reloadAllAccessors: .PublisherSubscriber9

===========================================================================================
----------------- testing Wed Sep 12 02:06:53 UTC 2018 /home/travis/build/icyphy/ptII/ptolemy/actor/lib/test/auto/PublisherSubscriberAdjacent.xml
----------------- Instantiating /home/travis/build/icyphy/ptII/ptolemy/actor/lib/test/auto/PublisherSubscriberAdjacent.xml
2 ms. Memory: 1465344K Free: 1385618K (95%)
----------------- Invoking toplevel() on ptolemy.moml.MoMLSimpleApplication@2bc77ce7
----------------- Done invoking toplevel() on ptolemy.moml.MoMLSimpleApplication@2bc77ce7
reloadAllAccessors: .PublisherSubscriberAdjacent

===========================================================================================
----------------- testing Wed Sep 12 02:06:53 UTC 2018 /home/travis/build/icyphy/ptII/ptolemy/actor/lib/test/auto/PublisherSubscriberChannelVariablesAOC2.xml
----------------- Instantiating /home/travis/build/icyphy/ptII/ptolemy/actor/lib/test/auto/PublisherSubscriberChannelVariablesAOC2.xml
3 ms. Memory: 1465344K Free: 1353619K (92%)
----------------- Invoking toplevel() on ptolemy.moml.MoMLSimpleApplication@696b780e
----------------- Done invoking toplevel() on ptolemy.moml.MoMLSimpleApplication@696b780e
reloadAllAccessors: .PublisherSubscriberChannelVariablesAOC2

===========================================================================================
----------------- testing Wed Sep 12 02:06:53 UTC 2018 /home/travis/build/icyphy/ptII/ptolemy/actor/lib/test/auto/PublisherSubscriberD3.xml
----------------- Instantiating /home/travis/build/icyphy/ptII/ptolemy/actor/lib/test/auto/PublisherSubscriberD3.xml
1 ms. Memory: 1465344K Free: 1335419K (91%)
----------------- Invoking toplevel() on ptolemy.moml.MoMLSimpleApplication@440fccaa
----------------- Done invoking toplevel() on ptolemy.moml.MoMLSimpleApplication@440fccaa
reloadAllAccessors: .PublisherSubscriberD3

===========================================================================================
----------------- testing Wed Sep 12 02:06:53 UTC 2018 /home/travis/build/icyphy/ptII/ptolemy/actor/lib/test/auto/PublisherSubscriberD3Reverse.xml
----------------- Instantiating /home/travis/build/icyphy/ptII/ptolemy/actor/lib/test/auto/PublisherSubscriberD3Reverse.xml
2 ms. Memory: 1465344K Free: 1312536K (90%)
----------------- Invoking toplevel() on ptolemy.moml.MoMLSimpleApplication@597794f0
----------------- Done invoking toplevel() on ptolemy.moml.MoMLSimpleApplication@597794f0
reloadAllAccessors: .PublisherSubscriberD3Reverse

===========================================================================================
----------------- testing Wed Sep 12 02:06:53 UTC 2018 /home/travis/build/icyphy/ptII/ptolemy/actor/lib/test/auto/PublisherSubscriberExpression.xml
----------------- Instantiating /home/travis/build/icyphy/ptII/ptolemy/actor/lib/test/auto/PublisherSubscriberExpression.xml
5 ms. Memory: 1465344K Free: 1294337K (88%)
----------------- Invoking toplevel() on ptolemy.moml.MoMLSimpleApplication@4bed9211
----------------- Done invoking toplevel() on ptolemy.moml.MoMLSimpleApplication@4bed9211
reloadAllAccessors: .PublisherSubscriberExpression

===========================================================================================
----------------- testing Wed Sep 12 02:06:53 UTC 2018 /home/travis/build/icyphy/ptII/ptolemy/actor/lib/test/auto/PublisherSubscriberOpaque.xml
----------------- Instantiating /home/travis/build/icyphy/ptII/ptolemy/actor/lib/test/auto/PublisherSubscriberOpaque.xml
3 ms. Memory: 1465344K Free: 1271453K (87%)
----------------- Invoking toplevel() on ptolemy.moml.MoMLSimpleApplication@32aaf6d3
----------------- Done invoking toplevel() on ptolemy.moml.MoMLSimpleApplication@32aaf6d3
reloadAllAccessors: .PublisherSubscriberOpaque

===========================================================================================
----------------- testing Wed Sep 12 02:06:53 UTC 2018 /home/travis/build/icyphy/ptII/ptolemy/actor/lib/test/auto/PublisherSubscriberOpaqueD3.xml
----------------- Instantiating /home/travis/build/icyphy/ptII/ptolemy/actor/lib/test/auto/PublisherSubscriberOpaqueD3.xml
5 ms. Memory: 1465344K Free: 1253254K (86%)
----------------- Invoking toplevel() on ptolemy.moml.MoMLSimpleApplication@1ccb8dac
----------------- Done invoking toplevel() on ptolemy.moml.MoMLSimpleApplication@1ccb8dac
reloadAllAccessors: .PublisherSubscriberOpaqueD3

===========================================================================================
----------------- testing Wed Sep 12 02:06:53 UTC 2018 /home/travis/build/icyphy/ptII/ptolemy/actor/lib/test/auto/PublisherSubscriberOpaqueD3Reverse.xml
----------------- Instantiating /home/travis/build/icyphy/ptII/ptolemy/actor/lib/test/auto/PublisherSubscriberOpaqueD3Reverse.xml
6 ms. Memory: 1465344K Free: 1230371K (84%)
----------------- Invoking toplevel() on ptolemy.moml.MoMLSimpleApplication@326272fb
----------------- Done invoking toplevel() on ptolemy.moml.MoMLSimpleApplication@326272fb
reloadAllAccessors: .PublisherSubscriberOpaqueD3Reverse

===========================================================================================
----------------- testing Wed Sep 12 02:06:53 UTC 2018 /home/travis/build/icyphy/ptII/ptolemy/actor/lib/test/auto/PublisherSubscriberOpaqueWidthInference.xml
----------------- Instantiating /home/travis/build/icyphy/ptII/ptolemy/actor/lib/test/auto/PublisherSubscriberOpaqueWidthInference.xml
5 ms. Memory: 1465344K Free: 1212171K (83%)
----------------- Invoking toplevel() on ptolemy.moml.MoMLSimpleApplication@7bd0e5f0
----------------- Done invoking toplevel() on ptolemy.moml.MoMLSimpleApplication@7bd0e5f0
reloadAllAccessors: .PublisherSubscriberOpaqueWidthInference

===========================================================================================
----------------- testing Wed Sep 12 02:06:53 UTC 2018 /home/travis/build/icyphy/ptII/ptolemy/actor/lib/test/auto/PublisherTestSubscriber.xml
----------------- Instantiating /home/travis/build/icyphy/ptII/ptolemy/actor/lib/test/auto/PublisherTestSubscriber.xml
3 ms. Memory: 1465344K Free: 1189288K (81%)
----------------- Invoking toplevel() on ptolemy.moml.MoMLSimpleApplication@6cab493c
----------------- Done invoking toplevel() on ptolemy.moml.MoMLSimpleApplication@6cab493c
reloadAllAccessors: .PublisherTestSubscriber

===========================================================================================
----------------- testing Wed Sep 12 02:06:53 UTC 2018 /home/travis/build/icyphy/ptII/ptolemy/actor/lib/test/auto/PublisherToplevelSubscriberPortAOC.xml
----------------- Instantiating /home/travis/build/icyphy/ptII/ptolemy/actor/lib/test/auto/PublisherToplevelSubscriberPortAOC.xml
2 ms. Memory: 1465344K Free: 1171088K (80%)
----------------- Invoking toplevel() on ptolemy.moml.MoMLSimpleApplication@3cf52b6c
----------------- Done invoking toplevel() on ptolemy.moml.MoMLSimpleApplication@3cf52b6c
reloadAllAccessors: .PublisherToplevelSubscriberPortAOC

===========================================================================================
----------------- testing Wed Sep 12 02:06:53 UTC 2018 /home/travis/build/icyphy/ptII/ptolemy/actor/lib/test/auto/PulseFiringLimitDE.xml
----------------- Instantiating /home/travis/build/icyphy/ptII/ptolemy/actor/lib/test/auto/PulseFiringLimitDE.xml
2 ms. Memory: 1465344K Free: 1148205K (78%)
----------------- Invoking toplevel() on ptolemy.moml.MoMLSimpleApplication@7d657ab0
----------------- Done invoking toplevel() on ptolemy.moml.MoMLSimpleApplication@7d657ab0
reloadAllAccessors: .PulseFiringLimitDE

===========================================================================================
----------------- testing Wed Sep 12 02:06:53 UTC 2018 /home/travis/build/icyphy/ptII/ptolemy/actor/lib/test/auto/Ramp1.xml
----------------- Instantiating /home/travis/build/icyphy/ptII/ptolemy/actor/lib/test/auto/Ramp1.xml
1 ms. Memory: 1465344K Free: 1130005K (77%)
----------------- Invoking toplevel() on ptolemy.moml.MoMLSimpleApplication@1ca3d6be
----------------- Done invoking toplevel() on ptolemy.moml.MoMLSimpleApplication@1ca3d6be
reloadAllAccessors: .Ramp1

===========================================================================================
----------------- testing Wed Sep 12 02:06:53 UTC 2018 /home/travis/build/icyphy/ptII/ptolemy/actor/lib/test/auto/RampFiringLimitDE.xml
----------------- Instantiating /home/travis/build/icyphy/ptII/ptolemy/actor/lib/test/auto/RampFiringLimitDE.xml
3 ms. Memory: 1465344K Free: 1107123K (76%)
----------------- Invoking toplevel() on ptolemy.moml.MoMLSimpleApplication@14a88199
----------------- Done invoking toplevel() on ptolemy.moml.MoMLSimpleApplication@14a88199
reloadAllAccessors: .RampFiringLimitDE

===========================================================================================
----------------- testing Wed Sep 12 02:06:53 UTC 2018 /home/travis/build/icyphy/ptII/ptolemy/actor/lib/test/auto/RampFiringLimitSDF.xml
----------------- Instantiating /home/travis/build/icyphy/ptII/ptolemy/actor/lib/test/auto/RampFiringLimitSDF.xml
1 ms. Memory: 1465344K Free: 1088923K (74%)
----------------- Invoking toplevel() on ptolemy.moml.MoMLSimpleApplication@495c698e
----------------- Done invoking toplevel() on ptolemy.moml.MoMLSimpleApplication@495c698e
reloadAllAccessors: .RampFiringLimitSDF

===========================================================================================
----------------- testing Wed Sep 12 02:06:53 UTC 2018 /home/travis/build/icyphy/ptII/ptolemy/actor/lib/test/auto/RandomInteger.xml
----------------- Instantiating /home/travis/build/icyphy/ptII/ptolemy/actor/lib/test/auto/RandomInteger.xml
1 ms. Memory: 1465344K Free: 1066040K (73%)
----------------- Invoking toplevel() on ptolemy.moml.MoMLSimpleApplication@17d666cc
----------------- Done invoking toplevel() on ptolemy.moml.MoMLSimpleApplication@17d666cc
reloadAllAccessors: .RandomInteger

===========================================================================================
----------------- testing Wed Sep 12 02:06:53 UTC 2018 /home/travis/build/icyphy/ptII/ptolemy/actor/lib/test/auto/ReadFile1.xml
----------------- Instantiating /home/travis/build/icyphy/ptII/ptolemy/actor/lib/test/auto/ReadFile1.xml
2 ms. Memory: 1465344K Free: 1047840K (72%)
----------------- Invoking toplevel() on ptolemy.moml.MoMLSimpleApplication@10e2d33a
----------------- Done invoking toplevel() on ptolemy.moml.MoMLSimpleApplication@10e2d33a
reloadAllAccessors: .ReadFile1

===========================================================================================
----------------- testing Wed Sep 12 02:06:53 UTC 2018 /home/travis/build/icyphy/ptII/ptolemy/actor/lib/test/auto/ReadFile2.xml
----------------- Instantiating /home/travis/build/icyphy/ptII/ptolemy/actor/lib/test/auto/ReadFile2.xml
1 ms. Memory: 1465344K Free: 1024957K (70%)
----------------- Invoking toplevel() on ptolemy.moml.MoMLSimpleApplication@1b6c004
----------------- Done invoking toplevel() on ptolemy.moml.MoMLSimpleApplication@1b6c004
reloadAllAccessors: .ReadFile2

===========================================================================================
----------------- testing Wed Sep 12 02:06:53 UTC 2018 /home/travis/build/icyphy/ptII/ptolemy/actor/lib/test/auto/Reader.xml
----------------- Instantiating /home/travis/build/icyphy/ptII/ptolemy/actor/lib/test/auto/Reader.xml
actor.lib.Reader is obsolete, use actor.lib.io.ExpressionReader instead
5 ms. Memory: 1465344K Free: 1006757K (69%)
----------------- Invoking toplevel() on ptolemy.moml.MoMLSimpleApplication@6e8398b5
----------------- Done invoking toplevel() on ptolemy.moml.MoMLSimpleApplication@6e8398b5
reloadAllAccessors: .Reader

===========================================================================================
----------------- testing Wed Sep 12 02:06:53 UTC 2018 /home/travis/build/icyphy/ptII/ptolemy/actor/lib/test/auto/RecordAssemblerDisplayNameTest.xml
----------------- Instantiating /home/travis/build/icyphy/ptII/ptolemy/actor/lib/test/auto/RecordAssemblerDisplayNameTest.xml
3618 ms. Memory: 1560576K Free: 1197710K (77%)
----------------- Invoking toplevel() on ptolemy.moml.MoMLSimpleApplication@7febf683
----------------- Done invoking toplevel() on ptolemy.moml.MoMLSimpleApplication@7febf683
reloadAllAccessors: .RecordAssemblerDisplayNameTest

===========================================================================================
----------------- testing Wed Sep 12 02:06:57 UTC 2018 /home/travis/build/icyphy/ptII/ptolemy/actor/lib/test/auto/RecordAssemblerTypeError.xml
----------------- Instantiating /home/travis/build/icyphy/ptII/ptolemy/actor/lib/test/auto/RecordAssemblerTypeError.xml
4 ms. Memory: 1560576K Free: 1167323K (75%)
----------------- Invoking toplevel() on ptolemy.moml.MoMLSimpleApplication@cc7e14d
----------------- Done invoking toplevel() on ptolemy.moml.MoMLSimpleApplication@cc7e14d
reloadAllAccessors: .RecordAssemblerTypeError

===========================================================================================
----------------- testing Wed Sep 12 02:06:57 UTC 2018 /home/travis/build/icyphy/ptII/ptolemy/actor/lib/test/auto/RecordDisassember.xml
----------------- Instantiating /home/travis/build/icyphy/ptII/ptolemy/actor/lib/test/auto/RecordDisassember.xml
3 ms. Memory: 1560576K Free: 1149114K (74%)
----------------- Invoking toplevel() on ptolemy.moml.MoMLSimpleApplication@65b593ab
----------------- Done invoking toplevel() on ptolemy.moml.MoMLSimpleApplication@65b593ab
reloadAllAccessors: .RecordDisassember

===========================================================================================
----------------- testing Wed Sep 12 02:06:57 UTC 2018 /home/travis/build/icyphy/ptII/ptolemy/actor/lib/test/auto/RecordDisassemberDisplayNameTest.xml
----------------- Instantiating /home/travis/build/icyphy/ptII/ptolemy/actor/lib/test/auto/RecordDisassemberDisplayNameTest.xml
4 ms. Memory: 1560576K Free: 1130905K (72%)
----------------- Invoking toplevel() on ptolemy.moml.MoMLSimpleApplication@261f4c5c
----------------- Done invoking toplevel() on ptolemy.moml.MoMLSimpleApplication@261f4c5c
reloadAllAccessors: .RecordDisassemberDisplayNameTest

===========================================================================================
----------------- testing Wed Sep 12 02:06:57 UTC 2018 /home/travis/build/icyphy/ptII/ptolemy/actor/lib/test/auto/RecordDisassembler.xml
----------------- Instantiating /home/travis/build/icyphy/ptII/ptolemy/actor/lib/test/auto/RecordDisassembler.xml
3 ms. Memory: 1560576K Free: 1116302K (72%)
----------------- Invoking toplevel() on ptolemy.moml.MoMLSimpleApplication@20162bd9
----------------- Done invoking toplevel() on ptolemy.moml.MoMLSimpleApplication@20162bd9
reloadAllAccessors: .RecordDisassembler

===========================================================================================
----------------- testing Wed Sep 12 02:06:57 UTC 2018 /home/travis/build/icyphy/ptII/ptolemy/actor/lib/test/auto/RecordDisassembler2.xml
----------------- Instantiating /home/travis/build/icyphy/ptII/ptolemy/actor/lib/test/auto/RecordDisassembler2.xml
2 ms. Memory: 1560576K Free: 1098093K (70%)
----------------- Invoking toplevel() on ptolemy.moml.MoMLSimpleApplication@1a720ca6
----------------- Done invoking toplevel() on ptolemy.moml.MoMLSimpleApplication@1a720ca6
reloadAllAccessors: .RecordDisassembler2

===========================================================================================
----------------- testing Wed Sep 12 02:06:57 UTC 2018 /home/travis/build/icyphy/ptII/ptolemy/actor/lib/test/auto/RecordUpdater.xml
----------------- Instantiating /home/travis/build/icyphy/ptII/ptolemy/actor/lib/test/auto/RecordUpdater.xml
1 ms. Memory: 1560576K Free: 1079884K (69%)
----------------- Invoking toplevel() on ptolemy.moml.MoMLSimpleApplication@4859afaf
----------------- Done invoking toplevel() on ptolemy.moml.MoMLSimpleApplication@4859afaf
reloadAllAccessors: .RecordUpdater

===========================================================================================
----------------- testing Wed Sep 12 02:06:57 UTC 2018 /home/travis/build/icyphy/ptII/ptolemy/actor/lib/test/auto/RecordUpdater2.xml
----------------- Instantiating /home/travis/build/icyphy/ptII/ptolemy/actor/lib/test/auto/RecordUpdater2.xml
2 ms. Memory: 1560576K Free: 1065282K (68%)
----------------- Invoking toplevel() on ptolemy.moml.MoMLSimpleApplication@18e14d6d
----------------- Done invoking toplevel() on ptolemy.moml.MoMLSimpleApplication@18e14d6d
reloadAllAccessors: .RecordUpdater2

===========================================================================================
----------------- testing Wed Sep 12 02:06:57 UTC 2018 /home/travis/build/icyphy/ptII/ptolemy/actor/lib/test/auto/RecursiveLattice.xml
----------------- Instantiating /home/travis/build/icyphy/ptII/ptolemy/actor/lib/test/auto/RecursiveLattice.xml
1 ms. Memory: 1560576K Free: 1047072K (67%)
----------------- Invoking toplevel() on ptolemy.moml.MoMLSimpleApplication@650831da
----------------- Done invoking toplevel() on ptolemy.moml.MoMLSimpleApplication@650831da
reloadAllAccessors: .RecursiveLattice

===========================================================================================
----------------- testing Wed Sep 12 02:06:57 UTC 2018 /home/travis/build/icyphy/ptII/ptolemy/actor/lib/test/auto/Router.xml
----------------- Instantiating /home/travis/build/icyphy/ptII/ptolemy/actor/lib/test/auto/Router.xml
3003 ms. Memory: 1560576K Free: 1028863K (66%)
----------------- Invoking toplevel() on ptolemy.moml.MoMLSimpleApplication@217463e3
----------------- Done invoking toplevel() on ptolemy.moml.MoMLSimpleApplication@217463e3
reloadAllAccessors: .Router

===========================================================================================
----------------- testing Wed Sep 12 02:07:00 UTC 2018 /home/travis/build/icyphy/ptII/ptolemy/actor/lib/test/auto/Router2.xml
----------------- Instantiating /home/travis/build/icyphy/ptII/ptolemy/actor/lib/test/auto/Router2.xml
3003 ms. Memory: 1560576K Free: 1014261K (65%)
----------------- Invoking toplevel() on ptolemy.moml.MoMLSimpleApplication@564a7c89
----------------- Done invoking toplevel() on ptolemy.moml.MoMLSimpleApplication@564a7c89
reloadAllAccessors: .Router2

===========================================================================================
----------------- testing Wed Sep 12 02:07:03 UTC 2018 /home/travis/build/icyphy/ptII/ptolemy/actor/lib/test/auto/RunningMaximum.xml
----------------- Instantiating /home/travis/build/icyphy/ptII/ptolemy/actor/lib/test/auto/RunningMaximum.xml
2 ms. Memory: 1560576K Free: 996052K (64%)
----------------- Invoking toplevel() on ptolemy.moml.MoMLSimpleApplication@76159b62
----------------- Done invoking toplevel() on ptolemy.moml.MoMLSimpleApplication@76159b62
reloadAllAccessors: .RunningMaximum

===========================================================================================
----------------- testing Wed Sep 12 02:07:03 UTC 2018 /home/travis/build/icyphy/ptII/ptolemy/actor/lib/test/auto/RunningMinimum.xml
----------------- Instantiating /home/travis/build/icyphy/ptII/ptolemy/actor/lib/test/auto/RunningMinimum.xml
3 ms. Memory: 1560576K Free: 977842K (63%)
----------------- Invoking toplevel() on ptolemy.moml.MoMLSimpleApplication@1da29525
----------------- Done invoking toplevel() on ptolemy.moml.MoMLSimpleApplication@1da29525
reloadAllAccessors: .RunningMinimum

===========================================================================================
----------------- testing Wed Sep 12 02:07:03 UTC 2018 /home/travis/build/icyphy/ptII/ptolemy/actor/lib/test/auto/Scale.xml
----------------- Instantiating /home/travis/build/icyphy/ptII/ptolemy/actor/lib/test/auto/Scale.xml
1 ms. Memory: 1560576K Free: 963240K (62%)
----------------- Invoking toplevel() on ptolemy.moml.MoMLSimpleApplication@7cecbd2f
----------------- Done invoking toplevel() on ptolemy.moml.MoMLSimpleApplication@7cecbd2f
reloadAllAccessors: .Scale

===========================================================================================
----------------- testing Wed Sep 12 02:07:03 UTC 2018 /home/travis/build/icyphy/ptII/ptolemy/actor/lib/test/auto/Scale2.xml
----------------- Instantiating /home/travis/build/icyphy/ptII/ptolemy/actor/lib/test/auto/Scale2.xml
1 ms. Memory: 1560576K Free: 945031K (61%)
----------------- Invoking toplevel() on ptolemy.moml.MoMLSimpleApplication@4920bdc2
----------------- Done invoking toplevel() on ptolemy.moml.MoMLSimpleApplication@4920bdc2
reloadAllAccessors: .Scale2

===========================================================================================
----------------- testing Wed Sep 12 02:07:03 UTC 2018 /home/travis/build/icyphy/ptII/ptolemy/actor/lib/test/auto/Scale3.xml
----------------- Instantiating /home/travis/build/icyphy/ptII/ptolemy/actor/lib/test/auto/Scale3.xml
3 ms. Memory: 1560576K Free: 926821K (59%)
----------------- Invoking toplevel() on ptolemy.moml.MoMLSimpleApplication@222516d
----------------- Done invoking toplevel() on ptolemy.moml.MoMLSimpleApplication@222516d
reloadAllAccessors: .Scale3

===========================================================================================
----------------- testing Wed Sep 12 02:07:03 UTC 2018 /home/travis/build/icyphy/ptII/ptolemy/actor/lib/test/auto/ScaleArray.xml
----------------- Instantiating /home/travis/build/icyphy/ptII/ptolemy/actor/lib/test/auto/ScaleArray.xml
1 ms. Memory: 1560576K Free: 912219K (58%)
----------------- Invoking toplevel() on ptolemy.moml.MoMLSimpleApplication@3a343946
----------------- Done invoking toplevel() on ptolemy.moml.MoMLSimpleApplication@3a343946
reloadAllAccessors: .ScaleArray

===========================================================================================
----------------- testing Wed Sep 12 02:07:03 UTC 2018 /home/travis/build/icyphy/ptII/ptolemy/actor/lib/test/auto/ScaleArray2.xml
----------------- Instantiating /home/travis/build/icyphy/ptII/ptolemy/actor/lib/test/auto/ScaleArray2.xml
1 ms. Memory: 1560576K Free: 894010K (57%)
----------------- Invoking toplevel() on ptolemy.moml.MoMLSimpleApplication@46e3b5df
----------------- Done invoking toplevel() on ptolemy.moml.MoMLSimpleApplication@46e3b5df
reloadAllAccessors: .ScaleArray2

===========================================================================================
----------------- testing Wed Sep 12 02:07:03 UTC 2018 /home/travis/build/icyphy/ptII/ptolemy/actor/lib/test/auto/ScaleMatrix.xml
----------------- Instantiating /home/travis/build/icyphy/ptII/ptolemy/actor/lib/test/auto/ScaleMatrix.xml
120 ms. Memory: 1560576K Free: 868499K (56%)
----------------- Invoking toplevel() on ptolemy.moml.MoMLSimpleApplication@31e1d94b
----------------- Done invoking toplevel() on ptolemy.moml.MoMLSimpleApplication@31e1d94b
reloadAllAccessors: .ScaleMatrix

===========================================================================================
----------------- testing Wed Sep 12 02:07:03 UTC 2018 /home/travis/build/icyphy/ptII/ptolemy/actor/lib/test/auto/Select.xml
----------------- Instantiating /home/travis/build/icyphy/ptII/ptolemy/actor/lib/test/auto/Select.xml
2 ms. Memory: 1560576K Free: 850290K (54%)
----------------- Invoking toplevel() on ptolemy.moml.MoMLSimpleApplication@141134e9
----------------- Done invoking toplevel() on ptolemy.moml.MoMLSimpleApplication@141134e9
reloadAllAccessors: .Select

===========================================================================================
----------------- testing Wed Sep 12 02:07:03 UTC 2018 /home/travis/build/icyphy/ptII/ptolemy/actor/lib/test/auto/Select2.xml
----------------- Instantiating /home/travis/build/icyphy/ptII/ptolemy/actor/lib/test/auto/Select2.xml
1 ms. Memory: 1560576K Free: 835688K (54%)
----------------- Invoking toplevel() on ptolemy.moml.MoMLSimpleApplication@263f1cc4
----------------- Done invoking toplevel() on ptolemy.moml.MoMLSimpleApplication@263f1cc4
reloadAllAccessors: .Select2

===========================================================================================
----------------- testing Wed Sep 12 02:07:03 UTC 2018 /home/travis/build/icyphy/ptII/ptolemy/actor/lib/test/auto/SequenceToArray2.xml
----------------- Instantiating /home/travis/build/icyphy/ptII/ptolemy/actor/lib/test/auto/SequenceToArray2.xml
84 ms. Memory: 1560576K Free: 744451K (48%)
----------------- Invoking toplevel() on ptolemy.moml.MoMLSimpleApplication@7b32eb68
----------------- Done invoking toplevel() on ptolemy.moml.MoMLSimpleApplication@7b32eb68
reloadAllAccessors: .SequenceToArray2

===========================================================================================
----------------- testing Wed Sep 12 02:07:03 UTC 2018 /home/travis/build/icyphy/ptII/ptolemy/actor/lib/test/auto/SequentialClock.xml
----------------- Instantiating /home/travis/build/icyphy/ptII/ptolemy/actor/lib/test/auto/SequentialClock.xml
2 ms. Memory: 1560576K Free: 726242K (47%)
----------------- Invoking toplevel() on ptolemy.moml.MoMLSimpleApplication@1453c5a8
----------------- Done invoking toplevel() on ptolemy.moml.MoMLSimpleApplication@1453c5a8
reloadAllAccessors: .SequentialClock

===========================================================================================
----------------- testing Wed Sep 12 02:07:03 UTC 2018 /home/travis/build/icyphy/ptII/ptolemy/actor/lib/test/auto/SetVariable.xml
----------------- Instantiating /home/travis/build/icyphy/ptII/ptolemy/actor/lib/test/auto/SetVariable.xml
3 ms. Memory: 1560576K Free: 711640K (46%)
----------------- Invoking toplevel() on ptolemy.moml.MoMLSimpleApplication@188a89ad
----------------- Done invoking toplevel() on ptolemy.moml.MoMLSimpleApplication@188a89ad
reloadAllAccessors: .SetVariable

===========================================================================================
----------------- testing Wed Sep 12 02:07:03 UTC 2018 /home/travis/build/icyphy/ptII/ptolemy/actor/lib/test/auto/SetVariable2.xml
----------------- Instantiating /home/travis/build/icyphy/ptII/ptolemy/actor/lib/test/auto/SetVariable2.xml
3 ms. Memory: 1560576K Free: 693431K (44%)
----------------- Invoking toplevel() on ptolemy.moml.MoMLSimpleApplication@196c5421
----------------- Done invoking toplevel() on ptolemy.moml.MoMLSimpleApplication@196c5421
reloadAllAccessors: .SetVariable2

===========================================================================================
----------------- testing Wed Sep 12 02:07:04 UTC 2018 /home/travis/build/icyphy/ptII/ptolemy/actor/lib/test/auto/SetVariable3.xml
----------------- Instantiating /home/travis/build/icyphy/ptII/ptolemy/actor/lib/test/auto/SetVariable3.xml
4 ms. Memory: 1560576K Free: 675222K (43%)
----------------- Invoking toplevel() on ptolemy.moml.MoMLSimpleApplication@385b19bc
----------------- Done invoking toplevel() on ptolemy.moml.MoMLSimpleApplication@385b19bc
reloadAllAccessors: .SetVariable3

===========================================================================================
----------------- testing Wed Sep 12 02:07:04 UTC 2018 /home/travis/build/icyphy/ptII/ptolemy/actor/lib/test/auto/SetVariable4.xml
----------------- Instantiating /home/travis/build/icyphy/ptII/ptolemy/actor/lib/test/auto/SetVariable4.xml
18 ms. Memory: 1560576K Free: 609512K (39%)
----------------- Invoking toplevel() on ptolemy.moml.MoMLSimpleApplication@41c5be9a
----------------- Done invoking toplevel() on ptolemy.moml.MoMLSimpleApplication@41c5be9a
reloadAllAccessors: .SetVariable4

===========================================================================================
----------------- testing Wed Sep 12 02:07:04 UTC 2018 /home/travis/build/icyphy/ptII/ptolemy/actor/lib/test/auto/SetVariable5.xml
----------------- Instantiating /home/travis/build/icyphy/ptII/ptolemy/actor/lib/test/auto/SetVariable5.xml
8 ms. Memory: 1560576K Free: 591303K (38%)
----------------- Invoking toplevel() on ptolemy.moml.MoMLSimpleApplication@651ad470
----------------- Done invoking toplevel() on ptolemy.moml.MoMLSimpleApplication@651ad470
reloadAllAccessors: .SetVariable5

===========================================================================================
----------------- testing Wed Sep 12 02:07:04 UTC 2018 /home/travis/build/icyphy/ptII/ptolemy/actor/lib/test/auto/Sinewave.xml
----------------- Instantiating /home/travis/build/icyphy/ptII/ptolemy/actor/lib/test/auto/Sinewave.xml
5 ms. Memory: 1560576K Free: 565776K (36%)
----------------- Invoking toplevel() on ptolemy.moml.MoMLSimpleApplication@4c89490a
----------------- Done invoking toplevel() on ptolemy.moml.MoMLSimpleApplication@4c89490a
reloadAllAccessors: .Sinewave

===========================================================================================
----------------- testing Wed Sep 12 02:07:04 UTC 2018 /home/travis/build/icyphy/ptII/ptolemy/actor/lib/test/auto/Sinewave2.xml
----------------- Instantiating /home/travis/build/icyphy/ptII/ptolemy/actor/lib/test/auto/Sinewave2.xml
4 ms. Memory: 1560576K Free: 551174K (35%)
----------------- Invoking toplevel() on ptolemy.moml.MoMLSimpleApplication@468669fc
----------------- Done invoking toplevel() on ptolemy.moml.MoMLSimpleApplication@468669fc
reloadAllAccessors: .Sinewave2

===========================================================================================
----------------- testing Wed Sep 12 02:07:04 UTC 2018 /home/travis/build/icyphy/ptII/ptolemy/actor/lib/test/auto/Sinewave3.xml
----------------- Instantiating /home/travis/build/icyphy/ptII/ptolemy/actor/lib/test/auto/Sinewave3.xml
6 ms. Memory: 1560576K Free: 532964K (34%)
----------------- Invoking toplevel() on ptolemy.moml.MoMLSimpleApplication@4ec0abd2
----------------- Done invoking toplevel() on ptolemy.moml.MoMLSimpleApplication@4ec0abd2
reloadAllAccessors: .Sinewave3

===========================================================================================
----------------- testing Wed Sep 12 02:07:04 UTC 2018 /home/travis/build/icyphy/ptII/ptolemy/actor/lib/test/auto/SingleEvent.xml
----------------- Instantiating /home/travis/build/icyphy/ptII/ptolemy/actor/lib/test/auto/SingleEvent.xml
1 ms. Memory: 1560576K Free: 514755K (33%)
----------------- Invoking toplevel() on ptolemy.moml.MoMLSimpleApplication@57f9ba3e
----------------- Done invoking toplevel() on ptolemy.moml.MoMLSimpleApplication@57f9ba3e
reloadAllAccessors: .SingleEvent

===========================================================================================
----------------- testing Wed Sep 12 02:07:04 UTC 2018 /home/travis/build/icyphy/ptII/ptolemy/actor/lib/test/auto/Sleep.xml
----------------- Instantiating /home/travis/build/icyphy/ptII/ptolemy/actor/lib/test/auto/Sleep.xml
6003 ms. Memory: 1560576K Free: 496546K (32%)
----------------- Invoking toplevel() on ptolemy.moml.MoMLSimpleApplication@5c722230
----------------- Done invoking toplevel() on ptolemy.moml.MoMLSimpleApplication@5c722230
reloadAllAccessors: .Sleep

===========================================================================================
----------------- testing Wed Sep 12 02:07:10 UTC 2018 /home/travis/build/icyphy/ptII/ptolemy/actor/lib/test/auto/SleepMultipleFire.xml
----------------- Instantiating /home/travis/build/icyphy/ptII/ptolemy/actor/lib/test/auto/SleepMultipleFire.xml
1006 ms. Memory: 1560576K Free: 481944K (31%)
----------------- Invoking toplevel() on ptolemy.moml.MoMLSimpleApplication@44a0476d
----------------- Done invoking toplevel() on ptolemy.moml.MoMLSimpleApplication@44a0476d
reloadAllAccessors: .SleepMultipleFire

===========================================================================================
----------------- testing Wed Sep 12 02:07:11 UTC 2018 /home/travis/build/icyphy/ptII/ptolemy/actor/lib/test/auto/StopDE.xml
----------------- Instantiating /home/travis/build/icyphy/ptII/ptolemy/actor/lib/test/auto/StopDE.xml
2 ms. Memory: 1560576K Free: 463735K (30%)
----------------- Invoking toplevel() on ptolemy.moml.MoMLSimpleApplication@3c40b138
----------------- Done invoking toplevel() on ptolemy.moml.MoMLSimpleApplication@3c40b138
reloadAllAccessors: .StopDE

===========================================================================================
----------------- testing Wed Sep 12 02:07:11 UTC 2018 /home/travis/build/icyphy/ptII/ptolemy/actor/lib/test/auto/StopSDF.xml
----------------- Instantiating /home/travis/build/icyphy/ptII/ptolemy/actor/lib/test/auto/StopSDF.xml
2 ms. Memory: 1560576K Free: 445525K (29%)
----------------- Invoking toplevel() on ptolemy.moml.MoMLSimpleApplication@b24cceb
----------------- Done invoking toplevel() on ptolemy.moml.MoMLSimpleApplication@b24cceb
reloadAllAccessors: .StopSDF

===========================================================================================
----------------- testing Wed Sep 12 02:07:11 UTC 2018 /home/travis/build/icyphy/ptII/ptolemy/actor/lib/test/auto/StringConstant.xml
----------------- Instantiating /home/travis/build/icyphy/ptII/ptolemy/actor/lib/test/auto/StringConstant.xml
2 ms. Memory: 1560576K Free: 430923K (28%)
----------------- Invoking toplevel() on ptolemy.moml.MoMLSimpleApplication@47d0b5ed
----------------- Done invoking toplevel() on ptolemy.moml.MoMLSimpleApplication@47d0b5ed
reloadAllAccessors: .StringConstant

===========================================================================================
----------------- testing Wed Sep 12 02:07:11 UTC 2018 /home/travis/build/icyphy/ptII/ptolemy/actor/lib/test/auto/SubscriberPortInitialValues1.xml
----------------- Instantiating /home/travis/build/icyphy/ptII/ptolemy/actor/lib/test/auto/SubscriberPortInitialValues1.xml
3 ms. Memory: 1560576K Free: 412714K (26%)
----------------- Invoking toplevel() on ptolemy.moml.MoMLSimpleApplication@749c5e46
----------------- Done invoking toplevel() on ptolemy.moml.MoMLSimpleApplication@749c5e46
reloadAllAccessors: .SubscriberPortInitialValues1

===========================================================================================
----------------- testing Wed Sep 12 02:07:11 UTC 2018 /home/travis/build/icyphy/ptII/ptolemy/actor/lib/test/auto/SubscriberPortInitialValues13.xml
----------------- Instantiating /home/travis/build/icyphy/ptII/ptolemy/actor/lib/test/auto/SubscriberPortInitialValues13.xml
6 ms. Memory: 1560576K Free: 387188K (25%)
----------------- Invoking toplevel() on ptolemy.moml.MoMLSimpleApplication@13c3d600
----------------- Done invoking toplevel() on ptolemy.moml.MoMLSimpleApplication@13c3d600
reloadAllAccessors: .SubscriberPortInitialValues13

===========================================================================================
----------------- testing Wed Sep 12 02:07:11 UTC 2018 /home/travis/build/icyphy/ptII/ptolemy/actor/lib/test/auto/SubscriberPortInitialValues14.xml
----------------- Instantiating /home/travis/build/icyphy/ptII/ptolemy/actor/lib/test/auto/SubscriberPortInitialValues14.xml
4 ms. Memory: 1560576K Free: 372586K (24%)
----------------- Invoking toplevel() on ptolemy.moml.MoMLSimpleApplication@7568ec7b
----------------- Done invoking toplevel() on ptolemy.moml.MoMLSimpleApplication@7568ec7b
reloadAllAccessors: .SubscriberPortInitialValues14

===========================================================================================
----------------- testing Wed Sep 12 02:07:11 UTC 2018 /home/travis/build/icyphy/ptII/ptolemy/actor/lib/test/auto/SubscriberPortInitialValues2.xml
----------------- Instantiating /home/travis/build/icyphy/ptII/ptolemy/actor/lib/test/auto/SubscriberPortInitialValues2.xml
3 ms. Memory: 1560576K Free: 354377K (23%)
----------------- Invoking toplevel() on ptolemy.moml.MoMLSimpleApplication@4b527210
----------------- Done invoking toplevel() on ptolemy.moml.MoMLSimpleApplication@4b527210
reloadAllAccessors: .SubscriberPortInitialValues2

===========================================================================================
----------------- testing Wed Sep 12 02:07:11 UTC 2018 /home/travis/build/icyphy/ptII/ptolemy/actor/lib/test/auto/SubscriberPortInitialValues3.xml
----------------- Instantiating /home/travis/build/icyphy/ptII/ptolemy/actor/lib/test/auto/SubscriberPortInitialValues3.xml
4 ms. Memory: 1560576K Free: 328866K (21%)
----------------- Invoking toplevel() on ptolemy.moml.MoMLSimpleApplication@1330f045
----------------- Done invoking toplevel() on ptolemy.moml.MoMLSimpleApplication@1330f045
reloadAllAccessors: .SubscriberPortInitialValues3

===========================================================================================
----------------- testing Wed Sep 12 02:07:11 UTC 2018 /home/travis/build/icyphy/ptII/ptolemy/actor/lib/test/auto/SubscriptionAggregator.xml
----------------- Instantiating /home/travis/build/icyphy/ptII/ptolemy/actor/lib/test/auto/SubscriptionAggregator.xml
2 ms. Memory: 1560576K Free: 314263K (20%)
----------------- Invoking toplevel() on ptolemy.moml.MoMLSimpleApplication@4798973c
----------------- Done invoking toplevel() on ptolemy.moml.MoMLSimpleApplication@4798973c
reloadAllAccessors: .SubscriptionAggregator

===========================================================================================
----------------- testing Wed Sep 12 02:07:11 UTC 2018 /home/travis/build/icyphy/ptII/ptolemy/actor/lib/test/auto/SubscriptionAggregator2.xml
----------------- Instantiating /home/travis/build/icyphy/ptII/ptolemy/actor/lib/test/auto/SubscriptionAggregator2.xml
2 ms. Memory: 1560576K Free: 296054K (19%)
----------------- Invoking toplevel() on ptolemy.moml.MoMLSimpleApplication@77d434fb
----------------- Done invoking toplevel() on ptolemy.moml.MoMLSimpleApplication@77d434fb
reloadAllAccessors: .SubscriptionAggregator2

===========================================================================================
----------------- testing Wed Sep 12 02:07:11 UTC 2018 /home/travis/build/icyphy/ptII/ptolemy/actor/lib/test/auto/SubscriptionAggregator3.xml
----------------- Instantiating /home/travis/build/icyphy/ptII/ptolemy/actor/lib/test/auto/SubscriptionAggregator3.xml
3 ms. Memory: 1560576K Free: 277845K (18%)
----------------- Invoking toplevel() on ptolemy.moml.MoMLSimpleApplication@3936bb55
----------------- Done invoking toplevel() on ptolemy.moml.MoMLSimpleApplication@3936bb55
reloadAllAccessors: .SubscriptionAggregator3

===========================================================================================
----------------- testing Wed Sep 12 02:07:11 UTC 2018 /home/travis/build/icyphy/ptII/ptolemy/actor/lib/test/auto/SubscriptionAggregatorMultiply.xml
----------------- Instantiating /home/travis/build/icyphy/ptII/ptolemy/actor/lib/test/auto/SubscriptionAggregatorMultiply.xml
6 ms. Memory: 1560576K Free: 259636K (17%)
----------------- Invoking toplevel() on ptolemy.moml.MoMLSimpleApplication@64271f4
----------------- Done invoking toplevel() on ptolemy.moml.MoMLSimpleApplication@64271f4
reloadAllAccessors: .SubscriptionAggregatorMultiply

===========================================================================================
----------------- testing Wed Sep 12 02:07:11 UTC 2018 /home/travis/build/icyphy/ptII/ptolemy/actor/lib/test/auto/SubscriptionAggregatorPortMultiply1.xml
----------------- Instantiating /home/travis/build/icyphy/ptII/ptolemy/actor/lib/test/auto/SubscriptionAggregatorPortMultiply1.xml
3 ms. Memory: 1560576K Free: 245033K (16%)
----------------- Invoking toplevel() on ptolemy.moml.MoMLSimpleApplication@214c6d5e
----------------- Done invoking toplevel() on ptolemy.moml.MoMLSimpleApplication@214c6d5e
reloadAllAccessors: .SubscriptionAggregatorPortMultiply1

===========================================================================================
----------------- testing Wed Sep 12 02:07:11 UTC 2018 /home/travis/build/icyphy/ptII/ptolemy/actor/lib/test/auto/Switch.xml
----------------- Instantiating /home/travis/build/icyphy/ptII/ptolemy/actor/lib/test/auto/Switch.xml
7 ms. Memory: 1560576K Free: 183018K (12%)
----------------- Invoking toplevel() on ptolemy.moml.MoMLSimpleApplication@469933ae
----------------- Done invoking toplevel() on ptolemy.moml.MoMLSimpleApplication@469933ae
reloadAllAccessors: .Switch

===========================================================================================
----------------- testing Wed Sep 12 02:07:11 UTC 2018 /home/travis/build/icyphy/ptII/ptolemy/actor/lib/test/auto/Switch2.xml
----------------- Instantiating /home/travis/build/icyphy/ptII/ptolemy/actor/lib/test/auto/Switch2.xml
1 ms. Memory: 1560576K Free: 164808K (11%)
----------------- Invoking toplevel() on ptolemy.moml.MoMLSimpleApplication@49f68c95
----------------- Done invoking toplevel() on ptolemy.moml.MoMLSimpleApplication@49f68c95
reloadAllAccessors: .Switch2

===========================================================================================
----------------- testing Wed Sep 12 02:07:11 UTC 2018 /home/travis/build/icyphy/ptII/ptolemy/actor/lib/test/auto/SwitchDE.xml
----------------- Instantiating /home/travis/build/icyphy/ptII/ptolemy/actor/lib/test/auto/SwitchDE.xml
8 ms. Memory: 1560576K Free: 150206K (10%)
----------------- Invoking toplevel() on ptolemy.moml.MoMLSimpleApplication@6f8da3b4
----------------- Done invoking toplevel() on ptolemy.moml.MoMLSimpleApplication@6f8da3b4
reloadAllAccessors: .SwitchDE

===========================================================================================
----------------- testing Wed Sep 12 02:07:11 UTC 2018 /home/travis/build/icyphy/ptII/ptolemy/actor/lib/test/auto/SynchronizerDE.xml
----------------- Instantiating /home/travis/build/icyphy/ptII/ptolemy/actor/lib/test/auto/SynchronizerDE.xml
7 ms. Memory: 1560576K Free: 131997K (8%)
----------------- Invoking toplevel() on ptolemy.moml.MoMLSimpleApplication@16ca2318
----------------- Done invoking toplevel() on ptolemy.moml.MoMLSimpleApplication@16ca2318
reloadAllAccessors: .SynchronizerDE

===========================================================================================
----------------- testing Wed Sep 12 02:07:11 UTC 2018 /home/travis/build/icyphy/ptII/ptolemy/actor/lib/test/auto/Test.xml
----------------- Instantiating /home/travis/build/icyphy/ptII/ptolemy/actor/lib/test/auto/Test.xml
7 ms. Memory: 1560576K Free: 113788K (7%)
----------------- Invoking toplevel() on ptolemy.moml.MoMLSimpleApplication@58e5b55f
----------------- Done invoking toplevel() on ptolemy.moml.MoMLSimpleApplication@58e5b55f
reloadAllAccessors: .Test

===========================================================================================
----------------- testing Wed Sep 12 02:07:11 UTC 2018 /home/travis/build/icyphy/ptII/ptolemy/actor/lib/test/auto/TestExceptionAttribute1.xml
----------------- Instantiating /home/travis/build/icyphy/ptII/ptolemy/actor/lib/test/auto/TestExceptionAttribute1.xml
1 ms. Memory: 1560576K Free: 99186K (6%)
----------------- Invoking toplevel() on ptolemy.moml.MoMLSimpleApplication@5c109312
----------------- Done invoking toplevel() on ptolemy.moml.MoMLSimpleApplication@5c109312
reloadAllAccessors: .TestExceptionAttribute1

===========================================================================================
----------------- testing Wed Sep 12 02:07:11 UTC 2018 /home/travis/build/icyphy/ptII/ptolemy/actor/lib/test/auto/TestExceptionAttribute2.xml
----------------- Instantiating /home/travis/build/icyphy/ptII/ptolemy/actor/lib/test/auto/TestExceptionAttribute2.xml
1 ms. Memory: 1560576K Free: 80976K (5%)
----------------- Invoking toplevel() on ptolemy.moml.MoMLSimpleApplication@6e339fe1
----------------- Done invoking toplevel() on ptolemy.moml.MoMLSimpleApplication@6e339fe1
reloadAllAccessors: .TestExceptionAttribute2

===========================================================================================
----------------- testing Wed Sep 12 02:07:11 UTC 2018 /home/travis/build/icyphy/ptII/ptolemy/actor/lib/test/auto/TestExceptionAttribute3.xml
----------------- Instantiating /home/travis/build/icyphy/ptII/ptolemy/actor/lib/test/auto/TestExceptionAttribute3.xml
.TestExceptionAttribute3.TestExceptionAttribute: initialize() was not invoked, but wrapup() was.  This is unusual, but not always a problem.  For example, exporting JNLP will do this.
1 ms. Memory: 1560576K Free: 62767K (4%)
----------------- Invoking toplevel() on ptolemy.moml.MoMLSimpleApplication@1070ae66
----------------- Done invoking toplevel() on ptolemy.moml.MoMLSimpleApplication@1070ae66
reloadAllAccessors: .TestExceptionAttribute3

===========================================================================================
----------------- testing Wed Sep 12 02:07:11 UTC 2018 /home/travis/build/icyphy/ptII/ptolemy/actor/lib/test/auto/TestExceptionAttribute4.xml
----------------- Instantiating /home/travis/build/icyphy/ptII/ptolemy/actor/lib/test/auto/TestExceptionAttribute4.xml
.TestExceptionAttribute4.TestExceptionAttribute: initialize() was not invoked, but wrapup() was.  This is unusual, but not always a problem.  For example, exporting JNLP will do this.
.TestExceptionAttribute4.TestExceptionAttribute2: initialize() was not invoked, but wrapup() was.  This is unusual, but not always a problem.  For example, exporting JNLP will do this.
0 ms. Memory: 1642496K Free: 1589061K (97%)
----------------- Invoking toplevel() on ptolemy.moml.MoMLSimpleApplication@1971c474
----------------- Done invoking toplevel() on ptolemy.moml.MoMLSimpleApplication@1971c474
reloadAllAccessors: .TestExceptionAttribute4

===========================================================================================
----------------- testing Wed Sep 12 02:07:11 UTC 2018 /home/travis/build/icyphy/ptII/ptolemy/actor/lib/test/auto/TestExceptionHandler1.xml
----------------- Instantiating /home/travis/build/icyphy/ptII/ptolemy/actor/lib/test/auto/TestExceptionHandler1.xml
0 ms. Memory: 1642496K Free: 1565027K (95%)
----------------- Invoking toplevel() on ptolemy.moml.MoMLSimpleApplication@4503c8fc
----------------- Done invoking toplevel() on ptolemy.moml.MoMLSimpleApplication@4503c8fc
reloadAllAccessors: .TestExceptionHandler1

===========================================================================================
----------------- testing Wed Sep 12 02:07:11 UTC 2018 /home/travis/build/icyphy/ptII/ptolemy/actor/lib/test/auto/TestExceptionHandler2.xml
----------------- Instantiating /home/travis/build/icyphy/ptII/ptolemy/actor/lib/test/auto/TestExceptionHandler2.xml
1 ms. Memory: 1642496K Free: 1540993K (94%)
----------------- Invoking toplevel() on ptolemy.moml.MoMLSimpleApplication@6308c88a
----------------- Done invoking toplevel() on ptolemy.moml.MoMLSimpleApplication@6308c88a
reloadAllAccessors: .TestExceptionHandler2

===========================================================================================
----------------- testing Wed Sep 12 02:07:11 UTC 2018 /home/travis/build/icyphy/ptII/ptolemy/actor/lib/test/auto/TestExceptionHandler3.xml
----------------- Instantiating /home/travis/build/icyphy/ptII/ptolemy/actor/lib/test/auto/TestExceptionHandler3.xml
0 ms. Memory: 1642496K Free: 1516960K (92%)
----------------- Invoking toplevel() on ptolemy.moml.MoMLSimpleApplication@48b9c2b
----------------- Done invoking toplevel() on ptolemy.moml.MoMLSimpleApplication@48b9c2b
reloadAllAccessors: .TestExceptionHandler3

===========================================================================================
----------------- testing Wed Sep 12 02:07:11 UTC 2018 /home/travis/build/icyphy/ptII/ptolemy/actor/lib/test/auto/TestExceptionHandler4.xml
----------------- Instantiating /home/travis/build/icyphy/ptII/ptolemy/actor/lib/test/auto/TestExceptionHandler4.xml
0 ms. Memory: 1642496K Free: 1496405K (91%)
----------------- Invoking toplevel() on ptolemy.moml.MoMLSimpleApplication@6c8ab58b
----------------- Done invoking toplevel() on ptolemy.moml.MoMLSimpleApplication@6c8ab58b
reloadAllAccessors: .TestExceptionHandler4

===========================================================================================
----------------- testing Wed Sep 12 02:07:11 UTC 2018 /home/travis/build/icyphy/ptII/ptolemy/actor/lib/test/auto/TestRequireCorrectOrder.xml
----------------- Instantiating /home/travis/build/icyphy/ptII/ptolemy/actor/lib/test/auto/TestRequireCorrectOrder.xml
3 ms. Memory: 1642496K Free: 1472370K (90%)
----------------- Invoking toplevel() on ptolemy.moml.MoMLSimpleApplication@379ca5a9
----------------- Done invoking toplevel() on ptolemy.moml.MoMLSimpleApplication@379ca5a9
reloadAllAccessors: .TestRequireCorrectOrder

===========================================================================================
----------------- testing Wed Sep 12 02:07:11 UTC 2018 /home/travis/build/icyphy/ptII/ptolemy/actor/lib/test/auto/TestSimple.xml
----------------- Instantiating /home/travis/build/icyphy/ptII/ptolemy/actor/lib/test/auto/TestSimple.xml
1 ms. Memory: 1642496K Free: 1448336K (88%)
----------------- Invoking toplevel() on ptolemy.moml.MoMLSimpleApplication@7d90fc56
----------------- Done invoking toplevel() on ptolemy.moml.MoMLSimpleApplication@7d90fc56
reloadAllAccessors: .TestSimple

===========================================================================================
----------------- testing Wed Sep 12 02:07:11 UTC 2018 /home/travis/build/icyphy/ptII/ptolemy/actor/lib/test/auto/ThrowModelError.xml
----------------- Instantiating /home/travis/build/icyphy/ptII/ptolemy/actor/lib/test/auto/ThrowModelError.xml
1 ms. Memory: 1642496K Free: 1424302K (87%)
----------------- Invoking toplevel() on ptolemy.moml.MoMLSimpleApplication@47cdbdcf
----------------- Done invoking toplevel() on ptolemy.moml.MoMLSimpleApplication@47cdbdcf
reloadAllAccessors: .ThrowModelError

===========================================================================================
----------------- testing Wed Sep 12 02:07:11 UTC 2018 /home/travis/build/icyphy/ptII/ptolemy/actor/lib/test/auto/TimeDelayMicrosteps.xml
----------------- Instantiating /home/travis/build/icyphy/ptII/ptolemy/actor/lib/test/auto/TimeDelayMicrosteps.xml
3 ms. Memory: 1642496K Free: 1403747K (85%)
----------------- Invoking toplevel() on ptolemy.moml.MoMLSimpleApplication@36296255
----------------- Done invoking toplevel() on ptolemy.moml.MoMLSimpleApplication@36296255
reloadAllAccessors: .TimeDelayMicrosteps

===========================================================================================
----------------- testing Wed Sep 12 02:07:11 UTC 2018 /home/travis/build/icyphy/ptII/ptolemy/actor/lib/test/auto/TimeDelayMicrosteps2.xml
----------------- Instantiating /home/travis/build/icyphy/ptII/ptolemy/actor/lib/test/auto/TimeDelayMicrosteps2.xml
3 ms. Memory: 1642496K Free: 1379713K (84%)
----------------- Invoking toplevel() on ptolemy.moml.MoMLSimpleApplication@2178a2bd
----------------- Done invoking toplevel() on ptolemy.moml.MoMLSimpleApplication@2178a2bd
reloadAllAccessors: .TimeDelayMicrosteps2

===========================================================================================
----------------- testing Wed Sep 12 02:07:11 UTC 2018 /home/travis/build/icyphy/ptII/ptolemy/actor/lib/test/auto/TimeDelayMicrosteps3.xml
----------------- Instantiating /home/travis/build/icyphy/ptII/ptolemy/actor/lib/test/auto/TimeDelayMicrosteps3.xml
2 ms. Memory: 1642496K Free: 1355680K (83%)
----------------- Invoking toplevel() on ptolemy.moml.MoMLSimpleApplication@3b608f20
----------------- Done invoking toplevel() on ptolemy.moml.MoMLSimpleApplication@3b608f20
reloadAllAccessors: .TimeDelayMicrosteps3

===========================================================================================
----------------- testing Wed Sep 12 02:07:11 UTC 2018 /home/travis/build/icyphy/ptII/ptolemy/actor/lib/test/auto/TimeDelayVariableMicrosteps.xml
----------------- Instantiating /home/travis/build/icyphy/ptII/ptolemy/actor/lib/test/auto/TimeDelayVariableMicrosteps.xml
2 ms. Memory: 1642496K Free: 1335124K (81%)
----------------- Invoking toplevel() on ptolemy.moml.MoMLSimpleApplication@5f084ac9
----------------- Done invoking toplevel() on ptolemy.moml.MoMLSimpleApplication@5f084ac9
reloadAllAccessors: .TimeDelayVariableMicrosteps

===========================================================================================
----------------- testing Wed Sep 12 02:07:11 UTC 2018 /home/travis/build/icyphy/ptII/ptolemy/actor/lib/test/auto/TimeGap.xml
----------------- Instantiating /home/travis/build/icyphy/ptII/ptolemy/actor/lib/test/auto/TimeGap.xml
3 ms. Memory: 1642496K Free: 1311090K (80%)
----------------- Invoking toplevel() on ptolemy.moml.MoMLSimpleApplication@22efd608
----------------- Done invoking toplevel() on ptolemy.moml.MoMLSimpleApplication@22efd608
reloadAllAccessors: .TimeGap

===========================================================================================
----------------- testing Wed Sep 12 02:07:11 UTC 2018 /home/travis/build/icyphy/ptII/ptolemy/actor/lib/test/auto/TimeGap2.xml
----------------- Instantiating /home/travis/build/icyphy/ptII/ptolemy/actor/lib/test/auto/TimeGap2.xml
2 ms. Memory: 1642496K Free: 1287056K (78%)
----------------- Invoking toplevel() on ptolemy.moml.MoMLSimpleApplication@3d1025
----------------- Done invoking toplevel() on ptolemy.moml.MoMLSimpleApplication@3d1025
reloadAllAccessors: .TimeGap2

===========================================================================================
----------------- testing Wed Sep 12 02:07:11 UTC 2018 /home/travis/build/icyphy/ptII/ptolemy/actor/lib/test/auto/TimedSinewave.xml
----------------- Instantiating /home/travis/build/icyphy/ptII/ptolemy/actor/lib/test/auto/TimedSinewave.xml
13 ms. Memory: 1642496K Free: 1252745K (76%)
----------------- Invoking toplevel() on ptolemy.moml.MoMLSimpleApplication@44fb48c
----------------- Done invoking toplevel() on ptolemy.moml.MoMLSimpleApplication@44fb48c
reloadAllAccessors: .TimedSinewave

===========================================================================================
----------------- testing Wed Sep 12 02:07:11 UTC 2018 /home/travis/build/icyphy/ptII/ptolemy/actor/lib/test/auto/TimedSinewavePhase.xml
----------------- Instantiating /home/travis/build/icyphy/ptII/ptolemy/actor/lib/test/auto/TimedSinewavePhase.xml
9 ms. Memory: 1642496K Free: 1232190K (75%)
----------------- Invoking toplevel() on ptolemy.moml.MoMLSimpleApplication@75819dc3
----------------- Done invoking toplevel() on ptolemy.moml.MoMLSimpleApplication@75819dc3
reloadAllAccessors: .TimedSinewavePhase

===========================================================================================
----------------- testing Wed Sep 12 02:07:11 UTC 2018 /home/travis/build/icyphy/ptII/ptolemy/actor/lib/test/auto/Timer.xml
----------------- Instantiating /home/travis/build/icyphy/ptII/ptolemy/actor/lib/test/auto/Timer.xml
2 ms. Memory: 1642496K Free: 1208156K (74%)
----------------- Invoking toplevel() on ptolemy.moml.MoMLSimpleApplication@55e2136a
----------------- Done invoking toplevel() on ptolemy.moml.MoMLSimpleApplication@55e2136a
reloadAllAccessors: .Timer

===========================================================================================
----------------- testing Wed Sep 12 02:07:11 UTC 2018 /home/travis/build/icyphy/ptII/ptolemy/actor/lib/test/auto/TriangularDistTestModel.xml
----------------- Instantiating /home/travis/build/icyphy/ptII/ptolemy/actor/lib/test/auto/TriangularDistTestModel.xml
2 ms. Memory: 1642496K Free: 1184115K (72%)
----------------- Invoking toplevel() on ptolemy.moml.MoMLSimpleApplication@7281df19
----------------- Done invoking toplevel() on ptolemy.moml.MoMLSimpleApplication@7281df19
reloadAllAccessors: .TriangularDistTestModel

===========================================================================================
----------------- testing Wed Sep 12 02:07:12 UTC 2018 /home/travis/build/icyphy/ptII/ptolemy/actor/lib/test/auto/TrigFunction.xml
----------------- Instantiating /home/travis/build/icyphy/ptII/ptolemy/actor/lib/test/auto/TrigFunction.xml
2 ms. Memory: 1642496K Free: 1163560K (71%)
----------------- Invoking toplevel() on ptolemy.moml.MoMLSimpleApplication@3f06c1d2
----------------- Done invoking toplevel() on ptolemy.moml.MoMLSimpleApplication@3f06c1d2
reloadAllAccessors: .TrigFunction

===========================================================================================
----------------- testing Wed Sep 12 02:07:12 UTC 2018 /home/travis/build/icyphy/ptII/ptolemy/actor/lib/test/auto/TrigFunctionDE.xml
----------------- Instantiating /home/travis/build/icyphy/ptII/ptolemy/actor/lib/test/auto/TrigFunctionDE.xml
2 ms. Memory: 1642496K Free: 1139526K (69%)
----------------- Invoking toplevel() on ptolemy.moml.MoMLSimpleApplication@3be2e2c0
----------------- Done invoking toplevel() on ptolemy.moml.MoMLSimpleApplication@3be2e2c0
reloadAllAccessors: .TrigFunctionDE

===========================================================================================
----------------- testing Wed Sep 12 02:07:12 UTC 2018 /home/travis/build/icyphy/ptII/ptolemy/actor/lib/test/auto/TrigFunctionInverse.xml
----------------- Instantiating /home/travis/build/icyphy/ptII/ptolemy/actor/lib/test/auto/TrigFunctionInverse.xml
2 ms. Memory: 1642496K Free: 1115492K (68%)
----------------- Invoking toplevel() on ptolemy.moml.MoMLSimpleApplication@59c84f2c
----------------- Done invoking toplevel() on ptolemy.moml.MoMLSimpleApplication@59c84f2c
reloadAllAccessors: .TrigFunctionInverse

===========================================================================================
----------------- testing Wed Sep 12 02:07:12 UTC 2018 /home/travis/build/icyphy/ptII/ptolemy/actor/lib/test/auto/TrigFunctionTan.xml
----------------- Instantiating /home/travis/build/icyphy/ptII/ptolemy/actor/lib/test/auto/TrigFunctionTan.xml
2 ms. Memory: 1642496K Free: 1091458K (66%)
----------------- Invoking toplevel() on ptolemy.moml.MoMLSimpleApplication@229b5d16
----------------- Done invoking toplevel() on ptolemy.moml.MoMLSimpleApplication@229b5d16
reloadAllAccessors: .TrigFunctionTan

===========================================================================================
----------------- testing Wed Sep 12 02:07:12 UTC 2018 /home/travis/build/icyphy/ptII/ptolemy/actor/lib/test/auto/TriggeredClock.xml
----------------- Instantiating /home/travis/build/icyphy/ptII/ptolemy/actor/lib/test/auto/TriggeredClock.xml
1 ms. Memory: 1642496K Free: 1070903K (65%)
----------------- Invoking toplevel() on ptolemy.moml.MoMLSimpleApplication@27de9fae
----------------- Done invoking toplevel() on ptolemy.moml.MoMLSimpleApplication@27de9fae
reloadAllAccessors: .TriggeredClock

===========================================================================================
----------------- testing Wed Sep 12 02:07:12 UTC 2018 /home/travis/build/icyphy/ptII/ptolemy/actor/lib/test/auto/URLDirectoryReader.xml
----------------- Instantiating /home/travis/build/icyphy/ptII/ptolemy/actor/lib/test/auto/URLDirectoryReader.xml
25 ms. Memory: 1642496K Free: 1046869K (64%)
----------------- Invoking toplevel() on ptolemy.moml.MoMLSimpleApplication@3ed9bbc4
----------------- Done invoking toplevel() on ptolemy.moml.MoMLSimpleApplication@3ed9bbc4
reloadAllAccessors: .URLDirectoryReader

===========================================================================================
----------------- testing Wed Sep 12 02:07:12 UTC 2018 /home/travis/build/icyphy/ptII/ptolemy/actor/lib/test/auto/URLDirectoryReader3.xml
----------------- Instantiating /home/travis/build/icyphy/ptII/ptolemy/actor/lib/test/auto/URLDirectoryReader3.xml
1204 ms. Memory: 1642496K Free: 981701K (60%)
----------------- Invoking toplevel() on ptolemy.moml.MoMLSimpleApplication@5aa47e1d
----------------- Done invoking toplevel() on ptolemy.moml.MoMLSimpleApplication@5aa47e1d
reloadAllAccessors: .URLDirectoryReader3

===========================================================================================
----------------- testing Wed Sep 12 02:07:14 UTC 2018 /home/travis/build/icyphy/ptII/ptolemy/actor/lib/test/auto/UnaryMathFunction.xml
----------------- Instantiating /home/travis/build/icyphy/ptII/ptolemy/actor/lib/test/auto/UnaryMathFunction.xml
2 ms. Memory: 1642496K Free: 957667K (58%)
----------------- Invoking toplevel() on ptolemy.moml.MoMLSimpleApplication@32a431f2
----------------- Done invoking toplevel() on ptolemy.moml.MoMLSimpleApplication@32a431f2
reloadAllAccessors: .UnaryMathFunction

===========================================================================================
----------------- testing Wed Sep 12 02:07:14 UTC 2018 /home/travis/build/icyphy/ptII/ptolemy/actor/lib/test/auto/Uniform.xml
----------------- Instantiating /home/travis/build/icyphy/ptII/ptolemy/actor/lib/test/auto/Uniform.xml
1 ms. Memory: 1642496K Free: 937112K (57%)
----------------- Invoking toplevel() on ptolemy.moml.MoMLSimpleApplication@788cfedd
----------------- Done invoking toplevel() on ptolemy.moml.MoMLSimpleApplication@788cfedd
reloadAllAccessors: .Uniform

===========================================================================================
----------------- testing Wed Sep 12 02:07:14 UTC 2018 /home/travis/build/icyphy/ptII/ptolemy/actor/lib/test/auto/UnionDisassemblerTest.xml
----------------- Instantiating /home/travis/build/icyphy/ptII/ptolemy/actor/lib/test/auto/UnionDisassemblerTest.xml
11 ms. Memory: 1642496K Free: 913078K (56%)
----------------- Invoking toplevel() on ptolemy.moml.MoMLSimpleApplication@4c8bdc0b
----------------- Done invoking toplevel() on ptolemy.moml.MoMLSimpleApplication@4c8bdc0b
reloadAllAccessors: .UnionDisassemblerTest

===========================================================================================
----------------- testing Wed Sep 12 02:07:14 UTC 2018 /home/travis/build/icyphy/ptII/ptolemy/actor/lib/test/auto/UtilityFunctions.xml
----------------- Instantiating /home/travis/build/icyphy/ptII/ptolemy/actor/lib/test/auto/UtilityFunctions.xml
9 ms. Memory: 1642496K Free: 889044K (54%)
----------------- Invoking toplevel() on ptolemy.moml.MoMLSimpleApplication@3d0edd21
----------------- Done invoking toplevel() on ptolemy.moml.MoMLSimpleApplication@3d0edd21
reloadAllAccessors: .UtilityFunctions

===========================================================================================
----------------- testing Wed Sep 12 02:07:14 UTC 2018 /home/travis/build/icyphy/ptII/ptolemy/actor/lib/test/auto/VariableSleep.xml
----------------- Instantiating /home/travis/build/icyphy/ptII/ptolemy/actor/lib/test/auto/VariableSleep.xml
510 ms. Memory: 1642496K Free: 868489K (53%)
----------------- Invoking toplevel() on ptolemy.moml.MoMLSimpleApplication@254c937b
----------------- Done invoking toplevel() on ptolemy.moml.MoMLSimpleApplication@254c937b
reloadAllAccessors: .VariableSleep

===========================================================================================
----------------- testing Wed Sep 12 02:07:14 UTC 2018 /home/travis/build/icyphy/ptII/ptolemy/actor/lib/test/auto/VectorAssemblerDisassemblerCT.xml
----------------- Instantiating /home/travis/build/icyphy/ptII/ptolemy/actor/lib/test/auto/VectorAssemblerDisassemblerCT.xml
78 ms. Memory: 1642496K Free: 834155K (51%)
----------------- Invoking toplevel() on ptolemy.moml.MoMLSimpleApplication@58c8d2e0
----------------- Done invoking toplevel() on ptolemy.moml.MoMLSimpleApplication@58c8d2e0
reloadAllAccessors: .VectorAssemblerDisassemblerCT

===========================================================================================
----------------- testing Wed Sep 12 02:07:15 UTC 2018 /home/travis/build/icyphy/ptII/ptolemy/actor/lib/test/auto/VectorAssemblerDisassemblerDE.xml
----------------- Instantiating /home/travis/build/icyphy/ptII/ptolemy/actor/lib/test/auto/VectorAssemblerDisassemblerDE.xml
2 ms. Memory: 1642496K Free: 810121K (49%)
----------------- Invoking toplevel() on ptolemy.moml.MoMLSimpleApplication@2f4e8603
----------------- Done invoking toplevel() on ptolemy.moml.MoMLSimpleApplication@2f4e8603
reloadAllAccessors: .VectorAssemblerDisassemblerDE

===========================================================================================
----------------- testing Wed Sep 12 02:07:15 UTC 2018 /home/travis/build/icyphy/ptII/ptolemy/actor/lib/test/auto/VectorAssemblerDisassemblerSDF.xml
----------------- Instantiating /home/travis/build/icyphy/ptII/ptolemy/actor/lib/test/auto/VectorAssemblerDisassemblerSDF.xml
2 ms. Memory: 1642496K Free: 786087K (48%)
----------------- Invoking toplevel() on ptolemy.moml.MoMLSimpleApplication@43dc0034
----------------- Done invoking toplevel() on ptolemy.moml.MoMLSimpleApplication@43dc0034
reloadAllAccessors: .VectorAssemblerDisassemblerSDF

===========================================================================================
----------------- testing Wed Sep 12 02:07:15 UTC 2018 /home/travis/build/icyphy/ptII/ptolemy/actor/lib/test/auto/WallClockTime.xml
----------------- Instantiating /home/travis/build/icyphy/ptII/ptolemy/actor/lib/test/auto/WallClockTime.xml
1005 ms. Memory: 1642496K Free: 765532K (47%)
----------------- Invoking toplevel() on ptolemy.moml.MoMLSimpleApplication@3a63a38e
----------------- Done invoking toplevel() on ptolemy.moml.MoMLSimpleApplication@3a63a38e
reloadAllAccessors: .WallClockTime

===========================================================================================
----------------- testing Wed Sep 12 02:07:16 UTC 2018 /home/travis/build/icyphy/ptII/ptolemy/actor/lib/test/auto/WidthTestWithSubscriberPublisher.xml
----------------- Instantiating /home/travis/build/icyphy/ptII/ptolemy/actor/lib/test/auto/WidthTestWithSubscriberPublisher.xml
7 ms. Memory: 1642496K Free: 731205K (45%)
----------------- Invoking toplevel() on ptolemy.moml.MoMLSimpleApplication@61d2fe4c
----------------- Done invoking toplevel() on ptolemy.moml.MoMLSimpleApplication@61d2fe4c
reloadAllAccessors: .WidthTestWithSubscriberPublisher

===========================================================================================
----------------- testing Wed Sep 12 02:07:16 UTC 2018 /home/travis/build/icyphy/ptII/ptolemy/actor/lib/test/auto/WidthTestWithSubscriberPublisher2.xml
----------------- Instantiating /home/travis/build/icyphy/ptII/ptolemy/actor/lib/test/auto/WidthTestWithSubscriberPublisher2.xml
2 ms. Memory: 1642496K Free: 707171K (43%)
----------------- Invoking toplevel() on ptolemy.moml.MoMLSimpleApplication@612dd4a9
----------------- Done invoking toplevel() on ptolemy.moml.MoMLSimpleApplication@612dd4a9
reloadAllAccessors: .WidthTestWithSubscriberPublisher2

===========================================================================================
----------------- testing Wed Sep 12 02:07:16 UTC 2018 /home/travis/build/icyphy/ptII/ptolemy/actor/lib/test/auto/WidthTestWithSubscriberPublisher3.xml
----------------- Instantiating /home/travis/build/icyphy/ptII/ptolemy/actor/lib/test/auto/WidthTestWithSubscriberPublisher3.xml
2 ms. Memory: 1642496K Free: 683137K (42%)
----------------- Invoking toplevel() on ptolemy.moml.MoMLSimpleApplication@33beb086
----------------- Done invoking toplevel() on ptolemy.moml.MoMLSimpleApplication@33beb086
reloadAllAccessors: .WidthTestWithSubscriberPublisher3

===========================================================================================
----------------- testing Wed Sep 12 02:07:16 UTC 2018 /home/travis/build/icyphy/ptII/ptolemy/actor/lib/test/auto/Writer.xml
----------------- Instantiating /home/travis/build/icyphy/ptII/ptolemy/actor/lib/test/auto/Writer.xml
0
1
2
3
4
2 ms. Memory: 1642496K Free: 662582K (40%)
----------------- Invoking toplevel() on ptolemy.moml.MoMLSimpleApplication@3c949ad5
----------------- Done invoking toplevel() on ptolemy.moml.MoMLSimpleApplication@3c949ad5
reloadAllAccessors: .Writer

===========================================================================================
----------------- testing Wed Sep 12 02:07:16 UTC 2018 /home/travis/build/icyphy/ptII/ptolemy/actor/lib/test/auto/array.xml
----------------- Instantiating /home/travis/build/icyphy/ptII/ptolemy/actor/lib/test/auto/array.xml
1 ms. Memory: 1642496K Free: 638548K (39%)
----------------- Invoking toplevel() on ptolemy.moml.MoMLSimpleApplication@79a630bc
----------------- Done invoking toplevel() on ptolemy.moml.MoMLSimpleApplication@79a630bc
reloadAllAccessors: .array

===========================================================================================
----------------- testing Wed Sep 12 02:07:16 UTC 2018 /home/travis/build/icyphy/ptII/ptolemy/actor/lib/test/auto/array2.xml
----------------- Instantiating /home/travis/build/icyphy/ptII/ptolemy/actor/lib/test/auto/array2.xml
5 ms. Memory: 1642496K Free: 614514K (37%)
----------------- Invoking toplevel() on ptolemy.moml.MoMLSimpleApplication@1b69ac4a
----------------- Done invoking toplevel() on ptolemy.moml.MoMLSimpleApplication@1b69ac4a
reloadAllAccessors: .array2

===========================================================================================
----------------- testing Wed Sep 12 02:07:16 UTC 2018 /home/travis/build/icyphy/ptII/ptolemy/actor/lib/test/auto/arrayType.xml
----------------- Instantiating /home/travis/build/icyphy/ptII/ptolemy/actor/lib/test/auto/arrayType.xml
1 ms. Memory: 1642496K Free: 593959K (36%)
----------------- Invoking toplevel() on ptolemy.moml.MoMLSimpleApplication@7f9f7133
----------------- Done invoking toplevel() on ptolemy.moml.MoMLSimpleApplication@7f9f7133
reloadAllAccessors: .arrayType

===========================================================================================
----------------- testing Wed Sep 12 02:07:16 UTC 2018 /home/travis/build/icyphy/ptII/ptolemy/actor/lib/test/auto/arrayType10.xml
----------------- Instantiating /home/travis/build/icyphy/ptII/ptolemy/actor/lib/test/auto/arrayType10.xml
1 ms. Memory: 1642496K Free: 569925K (35%)
----------------- Invoking toplevel() on ptolemy.moml.MoMLSimpleApplication@47eab6fa
----------------- Done invoking toplevel() on ptolemy.moml.MoMLSimpleApplication@47eab6fa
reloadAllAccessors: .arrayType10

===========================================================================================
----------------- testing Wed Sep 12 02:07:16 UTC 2018 /home/travis/build/icyphy/ptII/ptolemy/actor/lib/test/auto/arrayType11.xml
----------------- Instantiating /home/travis/build/icyphy/ptII/ptolemy/actor/lib/test/auto/arrayType11.xml
2 ms. Memory: 1642496K Free: 545891K (33%)
----------------- Invoking toplevel() on ptolemy.moml.MoMLSimpleApplication@1659de56
----------------- Done invoking toplevel() on ptolemy.moml.MoMLSimpleApplication@1659de56
reloadAllAccessors: .arrayType11

===========================================================================================
----------------- testing Wed Sep 12 02:07:16 UTC 2018 /home/travis/build/icyphy/ptII/ptolemy/actor/lib/test/auto/arrayType12.xml
----------------- Instantiating /home/travis/build/icyphy/ptII/ptolemy/actor/lib/test/auto/arrayType12.xml
1 ms. Memory: 1642496K Free: 521857K (32%)
----------------- Invoking toplevel() on ptolemy.moml.MoMLSimpleApplication@5acf082
----------------- Done invoking toplevel() on ptolemy.moml.MoMLSimpleApplication@5acf082
reloadAllAccessors: .arrayType12

===========================================================================================
----------------- testing Wed Sep 12 02:07:16 UTC 2018 /home/travis/build/icyphy/ptII/ptolemy/actor/lib/test/auto/arrayType13.xml
----------------- Instantiating /home/travis/build/icyphy/ptII/ptolemy/actor/lib/test/auto/arrayType13.xml
1 ms. Memory: 1642496K Free: 501302K (31%)
----------------- Invoking toplevel() on ptolemy.moml.MoMLSimpleApplication@2eee9b42
----------------- Done invoking toplevel() on ptolemy.moml.MoMLSimpleApplication@2eee9b42
reloadAllAccessors: .arrayType13

===========================================================================================
----------------- testing Wed Sep 12 02:07:16 UTC 2018 /home/travis/build/icyphy/ptII/ptolemy/actor/lib/test/auto/arrayType14.xml
----------------- Instantiating /home/travis/build/icyphy/ptII/ptolemy/actor/lib/test/auto/arrayType14.xml
2 ms. Memory: 1642496K Free: 477268K (29%)
----------------- Invoking toplevel() on ptolemy.moml.MoMLSimpleApplication@67c963f
----------------- Done invoking toplevel() on ptolemy.moml.MoMLSimpleApplication@67c963f
reloadAllAccessors: .arrayType14

===========================================================================================
----------------- testing Wed Sep 12 02:07:16 UTC 2018 /home/travis/build/icyphy/ptII/ptolemy/actor/lib/test/auto/arrayType15.xml
----------------- Instantiating /home/travis/build/icyphy/ptII/ptolemy/actor/lib/test/auto/arrayType15.xml
2 ms. Memory: 1642496K Free: 453234K (28%)
----------------- Invoking toplevel() on ptolemy.moml.MoMLSimpleApplication@58423dd7
----------------- Done invoking toplevel() on ptolemy.moml.MoMLSimpleApplication@58423dd7
reloadAllAccessors: .arrayType15

===========================================================================================
----------------- testing Wed Sep 12 02:07:16 UTC 2018 /home/travis/build/icyphy/ptII/ptolemy/actor/lib/test/auto/arrayType16.xml
----------------- Instantiating /home/travis/build/icyphy/ptII/ptolemy/actor/lib/test/auto/arrayType16.xml
2 ms. Memory: 1642496K Free: 429200K (26%)
----------------- Invoking toplevel() on ptolemy.moml.MoMLSimpleApplication@7f1e6723
----------------- Done invoking toplevel() on ptolemy.moml.MoMLSimpleApplication@7f1e6723
reloadAllAccessors: .arrayType16

===========================================================================================
----------------- testing Wed Sep 12 02:07:16 UTC 2018 /home/travis/build/icyphy/ptII/ptolemy/actor/lib/test/auto/arrayType17.xml
----------------- Instantiating /home/travis/build/icyphy/ptII/ptolemy/actor/lib/test/auto/arrayType17.xml
1 ms. Memory: 1642496K Free: 408645K (25%)
----------------- Invoking toplevel() on ptolemy.moml.MoMLSimpleApplication@4089529f
----------------- Done invoking toplevel() on ptolemy.moml.MoMLSimpleApplication@4089529f
reloadAllAccessors: .arrayType17

===========================================================================================
----------------- testing Wed Sep 12 02:07:16 UTC 2018 /home/travis/build/icyphy/ptII/ptolemy/actor/lib/test/auto/arrayType18.xml
----------------- Instantiating /home/travis/build/icyphy/ptII/ptolemy/actor/lib/test/auto/arrayType18.xml
1 ms. Memory: 1642496K Free: 384611K (23%)
----------------- Invoking toplevel() on ptolemy.moml.MoMLSimpleApplication@57bb918c
----------------- Done invoking toplevel() on ptolemy.moml.MoMLSimpleApplication@57bb918c
reloadAllAccessors: .arrayType18

===========================================================================================
----------------- testing Wed Sep 12 02:07:16 UTC 2018 /home/travis/build/icyphy/ptII/ptolemy/actor/lib/test/auto/arrayType19.xml
----------------- Instantiating /home/travis/build/icyphy/ptII/ptolemy/actor/lib/test/auto/arrayType19.xml
1 ms. Memory: 1642496K Free: 360577K (22%)
----------------- Invoking toplevel() on ptolemy.moml.MoMLSimpleApplication@37d825
----------------- Done invoking toplevel() on ptolemy.moml.MoMLSimpleApplication@37d825
reloadAllAccessors: .arrayType19

===========================================================================================
----------------- testing Wed Sep 12 02:07:16 UTC 2018 /home/travis/build/icyphy/ptII/ptolemy/actor/lib/test/auto/arrayType2.xml
----------------- Instantiating /home/travis/build/icyphy/ptII/ptolemy/actor/lib/test/auto/arrayType2.xml
2 ms. Memory: 1642496K Free: 336543K (20%)
----------------- Invoking toplevel() on ptolemy.moml.MoMLSimpleApplication@dbd44b7
----------------- Done invoking toplevel() on ptolemy.moml.MoMLSimpleApplication@dbd44b7
reloadAllAccessors: .arrayType2

===========================================================================================
----------------- testing Wed Sep 12 02:07:16 UTC 2018 /home/travis/build/icyphy/ptII/ptolemy/actor/lib/test/auto/arrayType20.xml
----------------- Instantiating /home/travis/build/icyphy/ptII/ptolemy/actor/lib/test/auto/arrayType20.xml
2 ms. Memory: 1642496K Free: 315988K (19%)
----------------- Invoking toplevel() on ptolemy.moml.MoMLSimpleApplication@25be6a51
----------------- Done invoking toplevel() on ptolemy.moml.MoMLSimpleApplication@25be6a51
reloadAllAccessors: .arrayType20

===========================================================================================
----------------- testing Wed Sep 12 02:07:16 UTC 2018 /home/travis/build/icyphy/ptII/ptolemy/actor/lib/test/auto/arrayType21.xml
----------------- Instantiating /home/travis/build/icyphy/ptII/ptolemy/actor/lib/test/auto/arrayType21.xml
1 ms. Memory: 1642496K Free: 291954K (18%)
----------------- Invoking toplevel() on ptolemy.moml.MoMLSimpleApplication@1e14bf5
----------------- Done invoking toplevel() on ptolemy.moml.MoMLSimpleApplication@1e14bf5
reloadAllAccessors: .arrayType21

===========================================================================================
----------------- testing Wed Sep 12 02:07:16 UTC 2018 /home/travis/build/icyphy/ptII/ptolemy/actor/lib/test/auto/arrayType22.xml
----------------- Instantiating /home/travis/build/icyphy/ptII/ptolemy/actor/lib/test/auto/arrayType22.xml
1 ms. Memory: 1642496K Free: 267920K (16%)
----------------- Invoking toplevel() on ptolemy.moml.MoMLSimpleApplication@38fc75f9
----------------- Done invoking toplevel() on ptolemy.moml.MoMLSimpleApplication@38fc75f9
reloadAllAccessors: .arrayType22

===========================================================================================
----------------- testing Wed Sep 12 02:07:16 UTC 2018 /home/travis/build/icyphy/ptII/ptolemy/actor/lib/test/auto/arrayType23.xml
----------------- Instantiating /home/travis/build/icyphy/ptII/ptolemy/actor/lib/test/auto/arrayType23.xml
1 ms. Memory: 1642496K Free: 247365K (15%)
----------------- Invoking toplevel() on ptolemy.moml.MoMLSimpleApplication@55c34b9f
----------------- Done invoking toplevel() on ptolemy.moml.MoMLSimpleApplication@55c34b9f
reloadAllAccessors: .arrayType23

===========================================================================================
----------------- testing Wed Sep 12 02:07:16 UTC 2018 /home/travis/build/icyphy/ptII/ptolemy/actor/lib/test/auto/arrayType24.xml
----------------- Instantiating /home/travis/build/icyphy/ptII/ptolemy/actor/lib/test/auto/arrayType24.xml
2 ms. Memory: 1642496K Free: 223331K (14%)
----------------- Invoking toplevel() on ptolemy.moml.MoMLSimpleApplication@ebd1420
----------------- Done invoking toplevel() on ptolemy.moml.MoMLSimpleApplication@ebd1420
reloadAllAccessors: .arrayType24

===========================================================================================
----------------- testing Wed Sep 12 02:07:16 UTC 2018 /home/travis/build/icyphy/ptII/ptolemy/actor/lib/test/auto/arrayType25.xml
----------------- Instantiating /home/travis/build/icyphy/ptII/ptolemy/actor/lib/test/auto/arrayType25.xml
1 ms. Memory: 1642496K Free: 199297K (12%)
----------------- Invoking toplevel() on ptolemy.moml.MoMLSimpleApplication@70a6ca54
----------------- Done invoking toplevel() on ptolemy.moml.MoMLSimpleApplication@70a6ca54
reloadAllAccessors: .arrayType25

===========================================================================================
----------------- testing Wed Sep 12 02:07:16 UTC 2018 /home/travis/build/icyphy/ptII/ptolemy/actor/lib/test/auto/arrayType26.xml
----------------- Instantiating /home/travis/build/icyphy/ptII/ptolemy/actor/lib/test/auto/arrayType26.xml
2 ms. Memory: 1642496K Free: 175263K (11%)
----------------- Invoking toplevel() on ptolemy.moml.MoMLSimpleApplication@4acf6851
----------------- Done invoking toplevel() on ptolemy.moml.MoMLSimpleApplication@4acf6851
reloadAllAccessors: .arrayType26

===========================================================================================
----------------- testing Wed Sep 12 02:07:16 UTC 2018 /home/travis/build/icyphy/ptII/ptolemy/actor/lib/test/auto/arrayType27.xml
----------------- Instantiating /home/travis/build/icyphy/ptII/ptolemy/actor/lib/test/auto/arrayType27.xml
2 ms. Memory: 1642496K Free: 154708K (9%)
----------------- Invoking toplevel() on ptolemy.moml.MoMLSimpleApplication@5b09049d
----------------- Done invoking toplevel() on ptolemy.moml.MoMLSimpleApplication@5b09049d
reloadAllAccessors: .arrayType27

===========================================================================================
----------------- testing Wed Sep 12 02:07:16 UTC 2018 /home/travis/build/icyphy/ptII/ptolemy/actor/lib/test/auto/arrayType28.xml
----------------- Instantiating /home/travis/build/icyphy/ptII/ptolemy/actor/lib/test/auto/arrayType28.xml
3 ms. Memory: 1642496K Free: 130674K (8%)
----------------- Invoking toplevel() on ptolemy.moml.MoMLSimpleApplication@10473c9f
----------------- Done invoking toplevel() on ptolemy.moml.MoMLSimpleApplication@10473c9f
reloadAllAccessors: .arrayType28

===========================================================================================
----------------- testing Wed Sep 12 02:07:16 UTC 2018 /home/travis/build/icyphy/ptII/ptolemy/actor/lib/test/auto/arrayType3.xml
----------------- Instantiating /home/travis/build/icyphy/ptII/ptolemy/actor/lib/test/auto/arrayType3.xml
2 ms. Memory: 1642496K Free: 106640K (6%)
----------------- Invoking toplevel() on ptolemy.moml.MoMLSimpleApplication@70cd323a
----------------- Done invoking toplevel() on ptolemy.moml.MoMLSimpleApplication@70cd323a
reloadAllAccessors: .arrayType3

===========================================================================================
----------------- testing Wed Sep 12 02:07:16 UTC 2018 /home/travis/build/icyphy/ptII/ptolemy/actor/lib/test/auto/arrayType4.xml
----------------- Instantiating /home/travis/build/icyphy/ptII/ptolemy/actor/lib/test/auto/arrayType4.xml
2 ms. Memory: 1642496K Free: 82606K (5%)
----------------- Invoking toplevel() on ptolemy.moml.MoMLSimpleApplication@65a42ba8
----------------- Done invoking toplevel() on ptolemy.moml.MoMLSimpleApplication@65a42ba8
reloadAllAccessors: .arrayType4

===========================================================================================
----------------- testing Wed Sep 12 02:07:16 UTC 2018 /home/travis/build/icyphy/ptII/ptolemy/actor/lib/test/auto/arrayType5.xml
----------------- Instantiating /home/travis/build/icyphy/ptII/ptolemy/actor/lib/test/auto/arrayType5.xml
2 ms. Memory: 1642496K Free: 62051K (4%)
----------------- Invoking toplevel() on ptolemy.moml.MoMLSimpleApplication@57fbbe90
----------------- Done invoking toplevel() on ptolemy.moml.MoMLSimpleApplication@57fbbe90
reloadAllAccessors: .arrayType5

===========================================================================================
----------------- testing Wed Sep 12 02:07:16 UTC 2018 /home/travis/build/icyphy/ptII/ptolemy/actor/lib/test/auto/arrayType6.xml
----------------- Instantiating /home/travis/build/icyphy/ptII/ptolemy/actor/lib/test/auto/arrayType6.xml
2 ms. Memory: 1662464K Free: 1584869K (95%)
----------------- Invoking toplevel() on ptolemy.moml.MoMLSimpleApplication@68820da7
----------------- Done invoking toplevel() on ptolemy.moml.MoMLSimpleApplication@68820da7
reloadAllAccessors: .arrayType6

===========================================================================================
----------------- testing Wed Sep 12 02:07:16 UTC 2018 /home/travis/build/icyphy/ptII/ptolemy/actor/lib/test/auto/arrayType7.xml
----------------- Instantiating /home/travis/build/icyphy/ptII/ptolemy/actor/lib/test/auto/arrayType7.xml
2 ms. Memory: 1662464K Free: 1560776K (94%)
----------------- Invoking toplevel() on ptolemy.moml.MoMLSimpleApplication@3ac13590
----------------- Done invoking toplevel() on ptolemy.moml.MoMLSimpleApplication@3ac13590
reloadAllAccessors: .arrayType7

===========================================================================================
----------------- testing Wed Sep 12 02:07:16 UTC 2018 /home/travis/build/icyphy/ptII/ptolemy/actor/lib/test/auto/arrayType8.xml
----------------- Instantiating /home/travis/build/icyphy/ptII/ptolemy/actor/lib/test/auto/arrayType8.xml
1 ms. Memory: 1662464K Free: 1540107K (93%)
----------------- Invoking toplevel() on ptolemy.moml.MoMLSimpleApplication@2416b0de
----------------- Done invoking toplevel() on ptolemy.moml.MoMLSimpleApplication@2416b0de
reloadAllAccessors: .arrayType8

===========================================================================================
----------------- testing Wed Sep 12 02:07:16 UTC 2018 /home/travis/build/icyphy/ptII/ptolemy/actor/lib/test/auto/arrayType9.xml
----------------- Instantiating /home/travis/build/icyphy/ptII/ptolemy/actor/lib/test/auto/arrayType9.xml
1 ms. Memory: 1662464K Free: 1516014K (91%)
----------------- Invoking toplevel() on ptolemy.moml.MoMLSimpleApplication@3f363c3f
----------------- Done invoking toplevel() on ptolemy.moml.MoMLSimpleApplication@3f363c3f
reloadAllAccessors: .arrayType9

===========================================================================================
----------------- testing Wed Sep 12 02:07:16 UTC 2018 /home/travis/build/icyphy/ptII/ptolemy/actor/lib/test/auto/cast.xml
----------------- Instantiating /home/travis/build/icyphy/ptII/ptolemy/actor/lib/test/auto/cast.xml
2 ms. Memory: 1662464K Free: 1491921K (90%)
----------------- Invoking toplevel() on ptolemy.moml.MoMLSimpleApplication@2b5f517b
----------------- Done invoking toplevel() on ptolemy.moml.MoMLSimpleApplication@2b5f517b
reloadAllAccessors: .cast

===========================================================================================
----------------- testing Wed Sep 12 02:07:16 UTC 2018 /home/travis/build/icyphy/ptII/ptolemy/actor/lib/test/auto/compositeMultiPort.xml
----------------- Instantiating /home/travis/build/icyphy/ptII/ptolemy/actor/lib/test/auto/compositeMultiPort.xml
7 ms. Memory: 1662464K Free: 1467828K (88%)
----------------- Invoking toplevel() on ptolemy.moml.MoMLSimpleApplication@48e5451c
----------------- Done invoking toplevel() on ptolemy.moml.MoMLSimpleApplication@48e5451c
reloadAllAccessors: .compositeMultiPort

===========================================================================================
----------------- testing Wed Sep 12 02:07:16 UTC 2018 /home/travis/build/icyphy/ptII/ptolemy/actor/lib/test/auto/expressionCastInference.xml
----------------- Instantiating /home/travis/build/icyphy/ptII/ptolemy/actor/lib/test/auto/expressionCastInference.xml
3 ms. Memory: 1662464K Free: 1447164K (87%)
----------------- Invoking toplevel() on ptolemy.moml.MoMLSimpleApplication@4e479084
----------------- Done invoking toplevel() on ptolemy.moml.MoMLSimpleApplication@4e479084
reloadAllAccessors: .expressionCastInference

===========================================================================================
----------------- testing Wed Sep 12 02:07:16 UTC 2018 /home/travis/build/icyphy/ptII/ptolemy/actor/lib/test/auto/expressionCastInference2.xml
----------------- Instantiating /home/travis/build/icyphy/ptII/ptolemy/actor/lib/test/auto/expressionCastInference2.xml
1 ms. Memory: 1662464K Free: 1423071K (86%)
----------------- Invoking toplevel() on ptolemy.moml.MoMLSimpleApplication@235372ea
----------------- Done invoking toplevel() on ptolemy.moml.MoMLSimpleApplication@235372ea
reloadAllAccessors: .expressionCastInference2

===========================================================================================
----------------- testing Wed Sep 12 02:07:16 UTC 2018 /home/travis/build/icyphy/ptII/ptolemy/actor/lib/test/auto/expressionInference.xml
----------------- Instantiating /home/travis/build/icyphy/ptII/ptolemy/actor/lib/test/auto/expressionInference.xml
1 ms. Memory: 1662464K Free: 1398978K (84%)
----------------- Invoking toplevel() on ptolemy.moml.MoMLSimpleApplication@7524bd81
----------------- Done invoking toplevel() on ptolemy.moml.MoMLSimpleApplication@7524bd81
reloadAllAccessors: .expressionInference

===========================================================================================
----------------- testing Wed Sep 12 02:07:16 UTC 2018 /home/travis/build/icyphy/ptII/ptolemy/actor/lib/test/auto/expression_bug.xml
----------------- Instantiating /home/travis/build/icyphy/ptII/ptolemy/actor/lib/test/auto/expression_bug.xml
1 ms. Memory: 1662464K Free: 1374885K (83%)
----------------- Invoking toplevel() on ptolemy.moml.MoMLSimpleApplication@442c4995
----------------- Done invoking toplevel() on ptolemy.moml.MoMLSimpleApplication@442c4995
reloadAllAccessors: .expression_bug

===========================================================================================
----------------- testing Wed Sep 12 02:07:16 UTC 2018 /home/travis/build/icyphy/ptII/ptolemy/actor/lib/test/auto/factorial.xml
----------------- Instantiating /home/travis/build/icyphy/ptII/ptolemy/actor/lib/test/auto/factorial.xml
46 ms. Memory: 1662464K Free: 1350792K (81%)
----------------- Invoking toplevel() on ptolemy.moml.MoMLSimpleApplication@85b764e
----------------- Done invoking toplevel() on ptolemy.moml.MoMLSimpleApplication@85b764e
reloadAllAccessors: .factorial

===========================================================================================
----------------- testing Wed Sep 12 02:07:16 UTC 2018 /home/travis/build/icyphy/ptII/ptolemy/actor/lib/test/auto/filterTest1.xml
----------------- Instantiating /home/travis/build/icyphy/ptII/ptolemy/actor/lib/test/auto/filterTest1.xml
3 ms. Memory: 1662464K Free: 1330128K (80%)
----------------- Invoking toplevel() on ptolemy.moml.MoMLSimpleApplication@5cc9dc1
----------------- Done invoking toplevel() on ptolemy.moml.MoMLSimpleApplication@5cc9dc1
reloadAllAccessors: .filterTest1

===========================================================================================
----------------- testing Wed Sep 12 02:07:16 UTC 2018 /home/travis/build/icyphy/ptII/ptolemy/actor/lib/test/auto/funcApplyInConst.xml
----------------- Instantiating /home/travis/build/icyphy/ptII/ptolemy/actor/lib/test/auto/funcApplyInConst.xml
1 ms. Memory: 1662464K Free: 1306035K (79%)
----------------- Invoking toplevel() on ptolemy.moml.MoMLSimpleApplication@55c7051b
----------------- Done invoking toplevel() on ptolemy.moml.MoMLSimpleApplication@55c7051b
reloadAllAccessors: .funcApplyInConst

===========================================================================================
----------------- testing Wed Sep 12 02:07:16 UTC 2018 /home/travis/build/icyphy/ptII/ptolemy/actor/lib/test/auto/funcApplyInExpr.xml
----------------- Instantiating /home/travis/build/icyphy/ptII/ptolemy/actor/lib/test/auto/funcApplyInExpr.xml
1 ms. Memory: 1662464K Free: 1281942K (77%)
----------------- Invoking toplevel() on ptolemy.moml.MoMLSimpleApplication@657ed9f8
----------------- Done invoking toplevel() on ptolemy.moml.MoMLSimpleApplication@657ed9f8
reloadAllAccessors: .funcApplyInExpr

===========================================================================================
----------------- testing Wed Sep 12 02:07:16 UTC 2018 /home/travis/build/icyphy/ptII/ptolemy/actor/lib/test/auto/function.xml
----------------- Instantiating /home/travis/build/icyphy/ptII/ptolemy/actor/lib/test/auto/function.xml
2 ms. Memory: 1662464K Free: 1257849K (76%)
----------------- Invoking toplevel() on ptolemy.moml.MoMLSimpleApplication@6aa2b044
----------------- Done invoking toplevel() on ptolemy.moml.MoMLSimpleApplication@6aa2b044
reloadAllAccessors: .function

===========================================================================================
----------------- testing Wed Sep 12 02:07:16 UTC 2018 /home/travis/build/icyphy/ptII/ptolemy/actor/lib/test/auto/function2.xml
----------------- Instantiating /home/travis/build/icyphy/ptII/ptolemy/actor/lib/test/auto/function2.xml
2 ms. Memory: 1662464K Free: 1237185K (74%)
----------------- Invoking toplevel() on ptolemy.moml.MoMLSimpleApplication@571b14f
----------------- Done invoking toplevel() on ptolemy.moml.MoMLSimpleApplication@571b14f
reloadAllAccessors: .function2

===========================================================================================
----------------- testing Wed Sep 12 02:07:16 UTC 2018 /home/travis/build/icyphy/ptII/ptolemy/actor/lib/test/auto/function3.xml
----------------- Instantiating /home/travis/build/icyphy/ptII/ptolemy/actor/lib/test/auto/function3.xml
2 ms. Memory: 1662464K Free: 1213092K (73%)
----------------- Invoking toplevel() on ptolemy.moml.MoMLSimpleApplication@5f0158b0
----------------- Done invoking toplevel() on ptolemy.moml.MoMLSimpleApplication@5f0158b0
reloadAllAccessors: .function3

===========================================================================================
----------------- testing Wed Sep 12 02:07:16 UTC 2018 /home/travis/build/icyphy/ptII/ptolemy/actor/lib/test/auto/functionClosureTest1.xml
----------------- Instantiating /home/travis/build/icyphy/ptII/ptolemy/actor/lib/test/auto/functionClosureTest1.xml
2 ms. Memory: 1662464K Free: 1188999K (72%)
----------------- Invoking toplevel() on ptolemy.moml.MoMLSimpleApplication@2b3279eb
----------------- Done invoking toplevel() on ptolemy.moml.MoMLSimpleApplication@2b3279eb
reloadAllAccessors: .functionClosureTest1

===========================================================================================
----------------- testing Wed Sep 12 02:07:17 UTC 2018 /home/travis/build/icyphy/ptII/ptolemy/actor/lib/test/auto/functionClosureTest2.xml
----------------- Instantiating /home/travis/build/icyphy/ptII/ptolemy/actor/lib/test/auto/functionClosureTest2.xml
1 ms. Memory: 1662464K Free: 1164906K (70%)
----------------- Invoking toplevel() on ptolemy.moml.MoMLSimpleApplication@2e45ed69
----------------- Done invoking toplevel() on ptolemy.moml.MoMLSimpleApplication@2e45ed69
reloadAllAccessors: .functionClosureTest2

===========================================================================================
----------------- testing Wed Sep 12 02:07:17 UTC 2018 /home/travis/build/icyphy/ptII/ptolemy/actor/lib/test/auto/functionClosureTest3.xml
----------------- Instantiating /home/travis/build/icyphy/ptII/ptolemy/actor/lib/test/auto/functionClosureTest3.xml
2 ms. Memory: 1662464K Free: 1144241K (69%)
----------------- Invoking toplevel() on ptolemy.moml.MoMLSimpleApplication@4de3ff61
----------------- Done invoking toplevel() on ptolemy.moml.MoMLSimpleApplication@4de3ff61
reloadAllAccessors: .functionClosureTest3

===========================================================================================
----------------- testing Wed Sep 12 02:07:17 UTC 2018 /home/travis/build/icyphy/ptII/ptolemy/actor/lib/test/auto/functionClosureTest4.xml
----------------- Instantiating /home/travis/build/icyphy/ptII/ptolemy/actor/lib/test/auto/functionClosureTest4.xml
3 ms. Memory: 1662464K Free: 1120148K (67%)
----------------- Invoking toplevel() on ptolemy.moml.MoMLSimpleApplication@2de3e3b8
----------------- Done invoking toplevel() on ptolemy.moml.MoMLSimpleApplication@2de3e3b8
reloadAllAccessors: .functionClosureTest4

===========================================================================================
----------------- testing Wed Sep 12 02:07:17 UTC 2018 /home/travis/build/icyphy/ptII/ptolemy/actor/lib/test/auto/functionClosureTest5.xml
----------------- Instantiating /home/travis/build/icyphy/ptII/ptolemy/actor/lib/test/auto/functionClosureTest5.xml
4 ms. Memory: 1662464K Free: 1096055K (66%)
----------------- Invoking toplevel() on ptolemy.moml.MoMLSimpleApplication@619dbe48
----------------- Done invoking toplevel() on ptolemy.moml.MoMLSimpleApplication@619dbe48
reloadAllAccessors: .functionClosureTest5

===========================================================================================
----------------- testing Wed Sep 12 02:07:17 UTC 2018 /home/travis/build/icyphy/ptII/ptolemy/actor/lib/test/auto/functionClosureTest6.xml
----------------- Instantiating /home/travis/build/icyphy/ptII/ptolemy/actor/lib/test/auto/functionClosureTest6.xml
3 ms. Memory: 1662464K Free: 1071962K (64%)
----------------- Invoking toplevel() on ptolemy.moml.MoMLSimpleApplication@41dc2442
----------------- Done invoking toplevel() on ptolemy.moml.MoMLSimpleApplication@41dc2442
reloadAllAccessors: .functionClosureTest6

===========================================================================================
----------------- testing Wed Sep 12 02:07:17 UTC 2018 /home/travis/build/icyphy/ptII/ptolemy/actor/lib/test/auto/functionsOnArcs.xml
----------------- Instantiating /home/travis/build/icyphy/ptII/ptolemy/actor/lib/test/auto/functionsOnArcs.xml
2 ms. Memory: 1662464K Free: 1051298K (63%)
----------------- Invoking toplevel() on ptolemy.moml.MoMLSimpleApplication@686dc607
----------------- Done invoking toplevel() on ptolemy.moml.MoMLSimpleApplication@686dc607
reloadAllAccessors: .functionsOnArcs

===========================================================================================
----------------- testing Wed Sep 12 02:07:17 UTC 2018 /home/travis/build/icyphy/ptII/ptolemy/actor/lib/test/auto/functionsOnArcsHOF.xml
----------------- Instantiating /home/travis/build/icyphy/ptII/ptolemy/actor/lib/test/auto/functionsOnArcsHOF.xml
2 ms. Memory: 1662464K Free: 1027205K (62%)
----------------- Invoking toplevel() on ptolemy.moml.MoMLSimpleApplication@6083c0bf
----------------- Done invoking toplevel() on ptolemy.moml.MoMLSimpleApplication@6083c0bf
reloadAllAccessors: .functionsOnArcsHOF

===========================================================================================
----------------- testing Wed Sep 12 02:07:17 UTC 2018 /home/travis/build/icyphy/ptII/ptolemy/actor/lib/test/auto/logic.xml
----------------- Instantiating /home/travis/build/icyphy/ptII/ptolemy/actor/lib/test/auto/logic.xml
1 ms. Memory: 1662464K Free: 1003112K (60%)
----------------- Invoking toplevel() on ptolemy.moml.MoMLSimpleApplication@7c78d773
----------------- Done invoking toplevel() on ptolemy.moml.MoMLSimpleApplication@7c78d773
reloadAllAccessors: .logic

===========================================================================================
----------------- testing Wed Sep 12 02:07:17 UTC 2018 /home/travis/build/icyphy/ptII/ptolemy/actor/lib/test/auto/matrixType.xml
----------------- Instantiating /home/travis/build/icyphy/ptII/ptolemy/actor/lib/test/auto/matrixType.xml
1 ms. Memory: 1662464K Free: 979019K (59%)
----------------- Invoking toplevel() on ptolemy.moml.MoMLSimpleApplication@3423d83
----------------- Done invoking toplevel() on ptolemy.moml.MoMLSimpleApplication@3423d83
reloadAllAccessors: .matrixType

===========================================================================================
----------------- testing Wed Sep 12 02:07:17 UTC 2018 /home/travis/build/icyphy/ptII/ptolemy/actor/lib/test/auto/matrixType10.xml
----------------- Instantiating /home/travis/build/icyphy/ptII/ptolemy/actor/lib/test/auto/matrixType10.xml
2 ms. Memory: 1662464K Free: 958354K (58%)
----------------- Invoking toplevel() on ptolemy.moml.MoMLSimpleApplication@743ae91d
----------------- Done invoking toplevel() on ptolemy.moml.MoMLSimpleApplication@743ae91d
reloadAllAccessors: .matrixType10

===========================================================================================
----------------- testing Wed Sep 12 02:07:17 UTC 2018 /home/travis/build/icyphy/ptII/ptolemy/actor/lib/test/auto/matrixType11.xml
----------------- Instantiating /home/travis/build/icyphy/ptII/ptolemy/actor/lib/test/auto/matrixType11.xml
1 ms. Memory: 1662464K Free: 934261K (56%)
----------------- Invoking toplevel() on ptolemy.moml.MoMLSimpleApplication@fd930d8
----------------- Done invoking toplevel() on ptolemy.moml.MoMLSimpleApplication@fd930d8
reloadAllAccessors: .matrixType11

===========================================================================================
----------------- testing Wed Sep 12 02:07:17 UTC 2018 /home/travis/build/icyphy/ptII/ptolemy/actor/lib/test/auto/matrixType12.xml
----------------- Instantiating /home/travis/build/icyphy/ptII/ptolemy/actor/lib/test/auto/matrixType12.xml
1 ms. Memory: 1662464K Free: 910168K (55%)
----------------- Invoking toplevel() on ptolemy.moml.MoMLSimpleApplication@16c96a93
----------------- Done invoking toplevel() on ptolemy.moml.MoMLSimpleApplication@16c96a93
reloadAllAccessors: .matrixType12

===========================================================================================
----------------- testing Wed Sep 12 02:07:17 UTC 2018 /home/travis/build/icyphy/ptII/ptolemy/actor/lib/test/auto/matrixType13.xml
----------------- Instantiating /home/travis/build/icyphy/ptII/ptolemy/actor/lib/test/auto/matrixType13.xml
2 ms. Memory: 1662464K Free: 886075K (53%)
----------------- Invoking toplevel() on ptolemy.moml.MoMLSimpleApplication@13ef8a3f
----------------- Done invoking toplevel() on ptolemy.moml.MoMLSimpleApplication@13ef8a3f
reloadAllAccessors: .matrixType13

===========================================================================================
----------------- testing Wed Sep 12 02:07:17 UTC 2018 /home/travis/build/icyphy/ptII/ptolemy/actor/lib/test/auto/matrixType14.xml
----------------- Instantiating /home/travis/build/icyphy/ptII/ptolemy/actor/lib/test/auto/matrixType14.xml
1 ms. Memory: 1662464K Free: 865411K (52%)
----------------- Invoking toplevel() on ptolemy.moml.MoMLSimpleApplication@5cfad715
----------------- Done invoking toplevel() on ptolemy.moml.MoMLSimpleApplication@5cfad715
reloadAllAccessors: .matrixType14

===========================================================================================
----------------- testing Wed Sep 12 02:07:17 UTC 2018 /home/travis/build/icyphy/ptII/ptolemy/actor/lib/test/auto/matrixType2.xml
----------------- Instantiating /home/travis/build/icyphy/ptII/ptolemy/actor/lib/test/auto/matrixType2.xml
1 ms. Memory: 1662464K Free: 841318K (51%)
----------------- Invoking toplevel() on ptolemy.moml.MoMLSimpleApplication@13225f5d
----------------- Done invoking toplevel() on ptolemy.moml.MoMLSimpleApplication@13225f5d
reloadAllAccessors: .matrixType2

===========================================================================================
----------------- testing Wed Sep 12 02:07:17 UTC 2018 /home/travis/build/icyphy/ptII/ptolemy/actor/lib/test/auto/matrixType3.xml
----------------- Instantiating /home/travis/build/icyphy/ptII/ptolemy/actor/lib/test/auto/matrixType3.xml
4 ms. Memory: 1662464K Free: 817225K (49%)
----------------- Invoking toplevel() on ptolemy.moml.MoMLSimpleApplication@3b14cbf8
----------------- Done invoking toplevel() on ptolemy.moml.MoMLSimpleApplication@3b14cbf8
reloadAllAccessors: .matrixType3

===========================================================================================
----------------- testing Wed Sep 12 02:07:17 UTC 2018 /home/travis/build/icyphy/ptII/ptolemy/actor/lib/test/auto/matrixType4.xml
----------------- Instantiating /home/travis/build/icyphy/ptII/ptolemy/actor/lib/test/auto/matrixType4.xml
1 ms. Memory: 1662464K Free: 793132K (48%)
----------------- Invoking toplevel() on ptolemy.moml.MoMLSimpleApplication@5666626c
----------------- Done invoking toplevel() on ptolemy.moml.MoMLSimpleApplication@5666626c
reloadAllAccessors: .matrixType4

===========================================================================================
----------------- testing Wed Sep 12 02:07:17 UTC 2018 /home/travis/build/icyphy/ptII/ptolemy/actor/lib/test/auto/matrixType5.xml
----------------- Instantiating /home/travis/build/icyphy/ptII/ptolemy/actor/lib/test/auto/matrixType5.xml
1 ms. Memory: 1662464K Free: 772468K (46%)
----------------- Invoking toplevel() on ptolemy.moml.MoMLSimpleApplication@5ab6c27f
----------------- Done invoking toplevel() on ptolemy.moml.MoMLSimpleApplication@5ab6c27f
reloadAllAccessors: .matrixType5

===========================================================================================
----------------- testing Wed Sep 12 02:07:17 UTC 2018 /home/travis/build/icyphy/ptII/ptolemy/actor/lib/test/auto/matrixType6.xml
----------------- Instantiating /home/travis/build/icyphy/ptII/ptolemy/actor/lib/test/auto/matrixType6.xml
1 ms. Memory: 1662464K Free: 748375K (45%)
----------------- Invoking toplevel() on ptolemy.moml.MoMLSimpleApplication@5aeedefe
----------------- Done invoking toplevel() on ptolemy.moml.MoMLSimpleApplication@5aeedefe
reloadAllAccessors: .matrixType6

===========================================================================================
----------------- testing Wed Sep 12 02:07:17 UTC 2018 /home/travis/build/icyphy/ptII/ptolemy/actor/lib/test/auto/matrixType7.xml
----------------- Instantiating /home/travis/build/icyphy/ptII/ptolemy/actor/lib/test/auto/matrixType7.xml
1 ms. Memory: 1662464K Free: 724282K (44%)
----------------- Invoking toplevel() on ptolemy.moml.MoMLSimpleApplication@662d460c
----------------- Done invoking toplevel() on ptolemy.moml.MoMLSimpleApplication@662d460c
reloadAllAccessors: .matrixType7

===========================================================================================
----------------- testing Wed Sep 12 02:07:17 UTC 2018 /home/travis/build/icyphy/ptII/ptolemy/actor/lib/test/auto/matrixType8.xml
----------------- Instantiating /home/travis/build/icyphy/ptII/ptolemy/actor/lib/test/auto/matrixType8.xml
1 ms. Memory: 1662464K Free: 700189K (42%)
----------------- Invoking toplevel() on ptolemy.moml.MoMLSimpleApplication@79a6e9f4
----------------- Done invoking toplevel() on ptolemy.moml.MoMLSimpleApplication@79a6e9f4
reloadAllAccessors: .matrixType8

===========================================================================================
----------------- testing Wed Sep 12 02:07:17 UTC 2018 /home/travis/build/icyphy/ptII/ptolemy/actor/lib/test/auto/matrixType9.xml
----------------- Instantiating /home/travis/build/icyphy/ptII/ptolemy/actor/lib/test/auto/matrixType9.xml
1 ms. Memory: 1662464K Free: 676096K (41%)
----------------- Invoking toplevel() on ptolemy.moml.MoMLSimpleApplication@7081ab3
----------------- Done invoking toplevel() on ptolemy.moml.MoMLSimpleApplication@7081ab3
reloadAllAccessors: .matrixType9

===========================================================================================
----------------- testing Wed Sep 12 02:07:17 UTC 2018 /home/travis/build/icyphy/ptII/ptolemy/actor/lib/test/auto/paraFunctest.xml
----------------- Instantiating /home/travis/build/icyphy/ptII/ptolemy/actor/lib/test/auto/paraFunctest.xml
2 ms. Memory: 1662464K Free: 655432K (39%)
----------------- Invoking toplevel() on ptolemy.moml.MoMLSimpleApplication@2abfd105
----------------- Done invoking toplevel() on ptolemy.moml.MoMLSimpleApplication@2abfd105
reloadAllAccessors: .paraFunctest

===========================================================================================
----------------- testing Wed Sep 12 02:07:17 UTC 2018 /home/travis/build/icyphy/ptII/ptolemy/actor/lib/test/auto/paraFunctest2.xml
----------------- Instantiating /home/travis/build/icyphy/ptII/ptolemy/actor/lib/test/auto/paraFunctest2.xml
1 ms. Memory: 1662464K Free: 631339K (38%)
----------------- Invoking toplevel() on ptolemy.moml.MoMLSimpleApplication@2e9d99b
----------------- Done invoking toplevel() on ptolemy.moml.MoMLSimpleApplication@2e9d99b
reloadAllAccessors: .paraFunctest2

===========================================================================================
----------------- testing Wed Sep 12 02:07:17 UTC 2018 /home/travis/build/icyphy/ptII/ptolemy/actor/lib/test/auto/parameterPassing.xml
----------------- Instantiating /home/travis/build/icyphy/ptII/ptolemy/actor/lib/test/auto/parameterPassing.xml
1 ms. Memory: 1662464K Free: 607246K (37%)
----------------- Invoking toplevel() on ptolemy.moml.MoMLSimpleApplication@54cc4ee9
----------------- Done invoking toplevel() on ptolemy.moml.MoMLSimpleApplication@54cc4ee9
reloadAllAccessors: .parameterPassing

===========================================================================================
----------------- testing Wed Sep 12 02:07:17 UTC 2018 /home/travis/build/icyphy/ptII/ptolemy/actor/lib/test/auto/record.xml
----------------- Instantiating /home/travis/build/icyphy/ptII/ptolemy/actor/lib/test/auto/record.xml
2 ms. Memory: 1662464K Free: 583153K (35%)
----------------- Invoking toplevel() on ptolemy.moml.MoMLSimpleApplication@286d1015
----------------- Done invoking toplevel() on ptolemy.moml.MoMLSimpleApplication@286d1015
reloadAllAccessors: .record

===========================================================================================
----------------- testing Wed Sep 12 02:07:17 UTC 2018 /home/travis/build/icyphy/ptII/ptolemy/actor/lib/test/auto/sizedarray1.xml
----------------- Instantiating /home/travis/build/icyphy/ptII/ptolemy/actor/lib/test/auto/sizedarray1.xml
1 ms. Memory: 1662464K Free: 562489K (34%)
----------------- Invoking toplevel() on ptolemy.moml.MoMLSimpleApplication@d6acd04
----------------- Done invoking toplevel() on ptolemy.moml.MoMLSimpleApplication@d6acd04
reloadAllAccessors: .sizedarray1

===========================================================================================
----------------- testing Wed Sep 12 02:07:17 UTC 2018 /home/travis/build/icyphy/ptII/ptolemy/actor/lib/test/auto/sizedarray2.xml
----------------- Instantiating /home/travis/build/icyphy/ptII/ptolemy/actor/lib/test/auto/sizedarray2.xml
2 ms. Memory: 1662464K Free: 538395K (32%)
----------------- Invoking toplevel() on ptolemy.moml.MoMLSimpleApplication@49883ddf
----------------- Done invoking toplevel() on ptolemy.moml.MoMLSimpleApplication@49883ddf
reloadAllAccessors: .sizedarray2

===========================================================================================
----------------- testing Wed Sep 12 02:07:17 UTC 2018 /home/travis/build/icyphy/ptII/ptolemy/actor/lib/test/auto/twoPublishers.xml
----------------- Instantiating /home/travis/build/icyphy/ptII/ptolemy/actor/lib/test/auto/twoPublishers.xml
2 ms. Memory: 1662464K Free: 514302K (31%)
----------------- Invoking toplevel() on ptolemy.moml.MoMLSimpleApplication@6c0eb081
----------------- Done invoking toplevel() on ptolemy.moml.MoMLSimpleApplication@6c0eb081
reloadAllAccessors: .twoPublishers
AutoTests.java: About to close Vertx.
AutoTests.java: Vertx closed.
]]></system-out>
  <system-err><![CDATA[java.lang.RuntimeException: Execution failed
	at ptolemy.moml.MoMLSimpleApplication$UnloadThread.run(MoMLSimpleApplication.java:402)
Caused by: java.lang.RuntimeException: Normally, we would exit here because Manager.exitAfterWrapup() was called.  However, because the ptolemy.ptII.exitAfterWrapup property is set, we throw this exception instead.
	at ptolemy.util.StringUtilities.exit(StringUtilities.java:363)
	at ptolemy.actor.Manager.wrapup(Manager.java:1531)
	at ptolemy.actor.Manager.execute(Manager.java:407)
	at ptolemy.actor.Manager.run(Manager.java:1263)
	at ptolemy.actor.Manager$PtolemyRunThread.run(Manager.java:1915)
Warning: '.top.test' is in training mode, set the trainingMode parameter to false before checking in
Warning: '.top.test' is in training mode, set the trainingMode parameter to false before checking in
Warning: '.top.test' is in training mode, set the trainingMode parameter to false before checking in
Warning: '.BooleanSwitch_RegressionTest_WrongTrainingValues.Test' is in training mode, set the trainingMode parameter to false before checking in
Warning: '.BooleanSwitch_RegressionTest_WrongTrainingValues.Test2' is in training mode, set the trainingMode parameter to false before checking in
Warning: '.BooleanSwitch_RegressionTest_WrongTrainingValues.Test2' The test produced 0 tokens.
Warning: '.top.testExceptionHandler' is in training mode, set the trainingMode parameter to false before checking in
java.lang.RuntimeException: Execution failed
	at ptolemy.moml.MoMLSimpleApplication$UnloadThread.run(MoMLSimpleApplication.java:402)
Caused by: ptolemy.kernel.util.IllegalActionException: PublisherPorts cannot be used at the top level, use a Publisher actor instead.
  in .PublisherPortToplevelSubscriber.PublisherPort
	at ptolemy.actor.PublisherPort.preinitialize(PublisherPort.java:403)
	at ptolemy.actor.CompositeActor.preinitialize(CompositeActor.java:1769)
	at ptolemy.actor.Manager.preinitializeAndResolveTypes(Manager.java:1040)
	at ptolemy.actor.Manager.initialize(Manager.java:710)
	at ptolemy.actor.Manager.execute(Manager.java:356)
	at ptolemy.actor.Manager.run(Manager.java:1263)
	at ptolemy.actor.Manager$PtolemyRunThread.run(Manager.java:1915)
java.lang.reflect.InvocationTargetException
	at sun.reflect.NativeConstructorAccessorImpl.newInstance0(Native Method)
	at sun.reflect.NativeConstructorAccessorImpl.newInstance(NativeConstructorAccessorImpl.java:62)
	at sun.reflect.DelegatingConstructorAccessorImpl.newInstance(DelegatingConstructorAccessorImpl.java:45)
	at java.lang.reflect.Constructor.newInstance(Constructor.java:423)
	at ptolemy.util.test.junit.AutoKnownFailedTests.RunModel(AutoKnownFailedTests.java:107)
	at sun.reflect.NativeMethodAccessorImpl.invoke0(Native Method)
	at sun.reflect.NativeMethodAccessorImpl.invoke(NativeMethodAccessorImpl.java:62)
	at sun.reflect.DelegatingMethodAccessorImpl.invoke(DelegatingMethodAccessorImpl.java:43)
	at java.lang.reflect.Method.invoke(Method.java:498)
	at org.junit.runners.model.FrameworkMethod$1.runReflectiveCall(FrameworkMethod.java:44)
	at org.junit.internal.runners.model.ReflectiveCallable.run(ReflectiveCallable.java:15)
	at org.junit.runners.model.FrameworkMethod.invokeExplosively(FrameworkMethod.java:41)
	at junitparams.internal.InvokeParameterisedMethod.evaluate(InvokeParameterisedMethod.java:102)
	at org.junit.internal.runners.statements.FailOnTimeout$1.run(FailOnTimeout.java:28)
Caused by: ptolemy.kernel.util.IllegalActionException: PublisherPorts cannot be used at the top level, use a Publisher actor instead.
  in .PublisherPortToplevelSubscriber.PublisherPort
	at ptolemy.actor.PublisherPort.preinitialize(PublisherPort.java:403)
	at ptolemy.actor.CompositeActor.preinitialize(CompositeActor.java:1769)
	at ptolemy.actor.Manager.preinitializeAndResolveTypes(Manager.java:1040)
	at ptolemy.actor.Manager.initialize(Manager.java:710)
	at ptolemy.actor.Manager.execute(Manager.java:356)
	at ptolemy.actor.Manager.run(Manager.java:1263)
	at ptolemy.actor.Manager$PtolemyRunThread.run(Manager.java:1915)
java.lang.RuntimeException: Execution failed
	at ptolemy.moml.MoMLSimpleApplication$UnloadThread.run(MoMLSimpleApplication.java:402)
Caused by: ptolemy.kernel.util.IllegalActionException: SubscriberPorts cannot be used at the top level, use a Subscriber actor instead.
  in .PublisherSubscriberPortToplevel.SubscriberPort
	at ptolemy.actor.SubscriberPort.preinitialize(SubscriberPort.java:328)
	at ptolemy.actor.CompositeActor.preinitialize(CompositeActor.java:1769)
	at ptolemy.actor.Manager.preinitializeAndResolveTypes(Manager.java:1040)
	at ptolemy.actor.Manager.initialize(Manager.java:710)
	at ptolemy.actor.Manager.execute(Manager.java:356)
	at ptolemy.actor.Manager.run(Manager.java:1263)
	at ptolemy.actor.Manager$PtolemyRunThread.run(Manager.java:1915)
java.lang.reflect.InvocationTargetException
	at sun.reflect.NativeConstructorAccessorImpl.newInstance0(Native Method)
	at sun.reflect.NativeConstructorAccessorImpl.newInstance(NativeConstructorAccessorImpl.java:62)
	at sun.reflect.DelegatingConstructorAccessorImpl.newInstance(DelegatingConstructorAccessorImpl.java:45)
	at java.lang.reflect.Constructor.newInstance(Constructor.java:423)
	at ptolemy.util.test.junit.AutoKnownFailedTests.RunModel(AutoKnownFailedTests.java:107)
	at sun.reflect.NativeMethodAccessorImpl.invoke0(Native Method)
	at sun.reflect.NativeMethodAccessorImpl.invoke(NativeMethodAccessorImpl.java:62)
	at sun.reflect.DelegatingMethodAccessorImpl.invoke(DelegatingMethodAccessorImpl.java:43)
	at java.lang.reflect.Method.invoke(Method.java:498)
	at org.junit.runners.model.FrameworkMethod$1.runReflectiveCall(FrameworkMethod.java:44)
	at org.junit.internal.runners.model.ReflectiveCallable.run(ReflectiveCallable.java:15)
	at org.junit.runners.model.FrameworkMethod.invokeExplosively(FrameworkMethod.java:41)
	at junitparams.internal.InvokeParameterisedMethod.evaluate(InvokeParameterisedMethod.java:102)
	at org.junit.internal.runners.statements.FailOnTimeout$1.run(FailOnTimeout.java:28)
Caused by: ptolemy.kernel.util.IllegalActionException: SubscriberPorts cannot be used at the top level, use a Subscriber actor instead.
  in .PublisherSubscriberPortToplevel.SubscriberPort
	at ptolemy.actor.SubscriberPort.preinitialize(SubscriberPort.java:328)
	at ptolemy.actor.CompositeActor.preinitialize(CompositeActor.java:1769)
	at ptolemy.actor.Manager.preinitializeAndResolveTypes(Manager.java:1040)
	at ptolemy.actor.Manager.initialize(Manager.java:710)
	at ptolemy.actor.Manager.execute(Manager.java:356)
	at ptolemy.actor.Manager.run(Manager.java:1263)
	at ptolemy.actor.Manager$PtolemyRunThread.run(Manager.java:1915)
java.lang.RuntimeException: Execution failed
	at ptolemy.moml.MoMLSimpleApplication$UnloadThread.run(MoMLSimpleApplication.java:402)
Caused by: ptolemy.kernel.util.IllegalActionException: SubscriptionAggregatorPorts cannot be used at the top level, use a SubscriptionAggregator actor instead.
  in .PublisherSubscriptionAggregatorPort.SubscriptionAggregatorPort
	at ptolemy.actor.SubscriptionAggregatorPort.preinitialize(SubscriptionAggregatorPort.java:353)
	at ptolemy.actor.CompositeActor.preinitialize(CompositeActor.java:1769)
	at ptolemy.actor.Manager.preinitializeAndResolveTypes(Manager.java:1040)
	at ptolemy.actor.Manager.initialize(Manager.java:710)
	at ptolemy.actor.Manager.execute(Manager.java:356)
	at ptolemy.actor.Manager.run(Manager.java:1263)
	at ptolemy.actor.Manager$PtolemyRunThread.run(Manager.java:1915)
java.lang.reflect.InvocationTargetException
	at sun.reflect.NativeConstructorAccessorImpl.newInstance0(Native Method)
	at sun.reflect.NativeConstructorAccessorImpl.newInstance(NativeConstructorAccessorImpl.java:62)
	at sun.reflect.DelegatingConstructorAccessorImpl.newInstance(DelegatingConstructorAccessorImpl.java:45)
	at java.lang.reflect.Constructor.newInstance(Constructor.java:423)
	at ptolemy.util.test.junit.AutoKnownFailedTests.RunModel(AutoKnownFailedTests.java:107)
	at sun.reflect.NativeMethodAccessorImpl.invoke0(Native Method)
	at sun.reflect.NativeMethodAccessorImpl.invoke(NativeMethodAccessorImpl.java:62)
	at sun.reflect.DelegatingMethodAccessorImpl.invoke(DelegatingMethodAccessorImpl.java:43)
	at java.lang.reflect.Method.invoke(Method.java:498)
	at org.junit.runners.model.FrameworkMethod$1.runReflectiveCall(FrameworkMethod.java:44)
	at org.junit.internal.runners.model.ReflectiveCallable.run(ReflectiveCallable.java:15)
	at org.junit.runners.model.FrameworkMethod.invokeExplosively(FrameworkMethod.java:41)
	at junitparams.internal.InvokeParameterisedMethod.evaluate(InvokeParameterisedMethod.java:102)
	at org.junit.internal.runners.statements.FailOnTimeout$1.run(FailOnTimeout.java:28)
Caused by: ptolemy.kernel.util.IllegalActionException: SubscriptionAggregatorPorts cannot be used at the top level, use a SubscriptionAggregator actor instead.
  in .PublisherSubscriptionAggregatorPort.SubscriptionAggregatorPort
	at ptolemy.actor.SubscriptionAggregatorPort.preinitialize(SubscriptionAggregatorPort.java:353)
	at ptolemy.actor.CompositeActor.preinitialize(CompositeActor.java:1769)
	at ptolemy.actor.Manager.preinitializeAndResolveTypes(Manager.java:1040)
	at ptolemy.actor.Manager.initialize(Manager.java:710)
	at ptolemy.actor.Manager.execute(Manager.java:356)
	at ptolemy.actor.Manager.run(Manager.java:1263)
	at ptolemy.actor.Manager$PtolemyRunThread.run(Manager.java:1915)
java.lang.RuntimeException: Execution failed
	at ptolemy.moml.MoMLSimpleApplication$UnloadThread.run(MoMLSimpleApplication.java:402)
Caused by: ptolemy.kernel.util.IllegalActionException: TypeTest actor has no training data.
  in .sizedarray3.TypeTest
	at ptolemy.actor.lib.TypeTest.initialize(TypeTest.java:250)
	at ptolemy.actor.Director.initialize(Director.java:938)
	at ptolemy.actor.Director.initialize(Director.java:907)
	at ptolemy.actor.sched.StaticSchedulingDirector.initialize(StaticSchedulingDirector.java:159)
	at ptolemy.domains.sdf.kernel.SDFDirector.initialize(SDFDirector.java:544)
	at ptolemy.actor.CompositeActor.initialize(CompositeActor.java:935)
	at ptolemy.actor.Manager.initialize(Manager.java:724)
	at ptolemy.actor.Manager.execute(Manager.java:356)
	at ptolemy.actor.Manager.run(Manager.java:1263)
	at ptolemy.actor.Manager$PtolemyRunThread.run(Manager.java:1915)
java.lang.reflect.InvocationTargetException
	at sun.reflect.NativeConstructorAccessorImpl.newInstance0(Native Method)
	at sun.reflect.NativeConstructorAccessorImpl.newInstance(NativeConstructorAccessorImpl.java:62)
	at sun.reflect.DelegatingConstructorAccessorImpl.newInstance(DelegatingConstructorAccessorImpl.java:45)
	at java.lang.reflect.Constructor.newInstance(Constructor.java:423)
	at ptolemy.util.test.junit.AutoKnownFailedTests.RunModel(AutoKnownFailedTests.java:107)
	at sun.reflect.NativeMethodAccessorImpl.invoke0(Native Method)
	at sun.reflect.NativeMethodAccessorImpl.invoke(NativeMethodAccessorImpl.java:62)
	at sun.reflect.DelegatingMethodAccessorImpl.invoke(DelegatingMethodAccessorImpl.java:43)
	at java.lang.reflect.Method.invoke(Method.java:498)
	at org.junit.runners.model.FrameworkMethod$1.runReflectiveCall(FrameworkMethod.java:44)
	at org.junit.internal.runners.model.ReflectiveCallable.run(ReflectiveCallable.java:15)
	at org.junit.runners.model.FrameworkMethod.invokeExplosively(FrameworkMethod.java:41)
	at junitparams.internal.InvokeParameterisedMethod.evaluate(InvokeParameterisedMethod.java:102)
	at org.junit.internal.runners.statements.FailOnTimeout$1.run(FailOnTimeout.java:28)
Caused by: ptolemy.kernel.util.IllegalActionException: TypeTest actor has no training data.
  in .sizedarray3.TypeTest
	at ptolemy.actor.lib.TypeTest.initialize(TypeTest.java:250)
	at ptolemy.actor.Director.initialize(Director.java:938)
	at ptolemy.actor.Director.initialize(Director.java:907)
	at ptolemy.actor.sched.StaticSchedulingDirector.initialize(StaticSchedulingDirector.java:159)
	at ptolemy.domains.sdf.kernel.SDFDirector.initialize(SDFDirector.java:544)
	at ptolemy.actor.CompositeActor.initialize(CompositeActor.java:935)
	at ptolemy.actor.Manager.initialize(Manager.java:724)
	at ptolemy.actor.Manager.execute(Manager.java:356)
	at ptolemy.actor.Manager.run(Manager.java:1263)
	at ptolemy.actor.Manager$PtolemyRunThread.run(Manager.java:1915)
]]></system-err>
</testsuite>
