<?xml version="1.0" encoding="UTF-8" ?>
<testsuite errors="0" failures="0" hostname="travis-job-6f78be49-bea1-41f5-8e53-ceb27f4e3749" name="ptolemy.actor.lib.test.junit.JUnitTclTest" skipped="0" tests="517" time="58.339" timestamp="2021-10-06T02:06:05">
  <properties>
    <property name="npm.executable" value="npm" />
    <property name="env.TRAVIS_ROOT" value="/" />
    <property name="ptII.mk.exists" value="true" />
    <property name="env.TRAVIS_APP_HOST" value="build.travis-ci.com" />
    <property name="env.rvm_bin_path" value="/home/travis/.rvm/bin" />
    <property name="java.home" value="/usr/local/lib/jvm/openjdk11" />
    <property name="env.TRAVIS_JOB_NUMBER" value="1840.8" />
    <property name="env.TRAVIS_HOME" value="/home/travis" />
    <property name="env.DISPLAY" value=":99.0" />
    <property name="env.TRAVIS_INIT" value="systemd" />
    <property name="env.SSH_TTY" value="/dev/pts/0" />
    <property name="java.net.preferIPv4Stack" value="true" />
    <property name="env.RUN_TESTS" value="true" />
    <property name="timeout.short" value="1000000" />
    <property name="junit.formatter" value="xml" />
    <property name="env.TRAVIS_SUDO" value="true" />
    <property name="env.TRAVIS_JOB_NAME" value="" />
    <property name="env.TRAVIS_STACK_NODE_ATTRIBUTES" value="/.node-attributes.yml" />
    <property name="env.LOGNAME" value="travis" />
    <property name="env.PT_TRAVIS_TEST_CORE1_XML" value="true" />
    <property name="jsdoc.home" value="node_modules/@terraswarm/jsdoc" />
    <property name="debuglevel" value="source,lines,vars" />
    <property name="checkstyle.formatter" value="xml" />
    <property name="bin.vergil.makeable" value="true" />
    <property name="sun.os.patch.level" value="unknown" />
    <property name="java.vendor.url" value="http://java.oracle.com/" />
    <property name="env.TRAVIS_BUILD_WEB_URL" value="https://app.travis-ci.com/icyphy/ptII/builds/239203417" />
    <property name="java.version" value="11.0.2" />
    <property name="env.TZ" value="UTC" />
    <property name="env.TRAVIS_PULL_REQUEST_SHA" value="" />
    <property name="env.PT_NO_NET" value="true" />
    <property name="env.TRAVIS_SECURE_ENV_VARS" value="true" />
    <property name="java.vendor.url.bug" value="http://bugreport.java.com/bugreport/" />
    <property name="npmjs-org-is-up" value="true" />
    <property name="env.LANGUAGE" value="en_US.UTF-8" />
    <property name="env.SSH_CLIENT" value="10.16.1.12 60452 22" />
    <property name="env.GEM_HOME" value="/home/travis/.rvm/gems/ruby-2.5.3" />
    <property name="env.HAS_ANTARES_THREE_LITTLE_FRONZIES_BADGE" value="true" />
    <property name="java.version.date" value="2019-01-15" />
    <property name="env.PS4" value="+" />
    <property name="ant.project.invoked-targets" value="build,test.core1.xml" />
    <property name="env.TRAVIS_PULL_REQUEST_BRANCH" value="" />
    <property name="env.TRAVIS_REPO_SLUG" value="icyphy/ptII" />
    <property name="env.XDG_DATA_DIRS" value="/usr/local/share:/usr/share:/var/lib/snapd/desktop" />
    <property name="jdk.debug" value="release" />
    <property name="env.TRAVIS_APT_PROXY" value="http://build-cache.travisci.net" />
    <property name="env.TRAVIS_CPU_ARCH" value="amd64" />
    <property name="node.in.path" value="true" />
    <property name="user.name" value="travis" />
    <property name="java.maxmemory" value="1400m" />
    <property name="env.RUBY_VERSION" value="ruby-2.5.3" />
    <property name="env.LANG" value="en_US.UTF-8" />
    <property name="sun.io.unicode.encoding" value="UnicodeLittle" />
    <property name="sun.jnu.encoding" value="UTF-8" />
    <property name="java.runtime.name" value="OpenJDK Runtime Environment" />
    <property name="usefile" value="false" />
    <property name="return.code" value="0" />
    <property name="junit.single.formatter" value="plain" />
    <property name="env.DYLD_LIBRARY_PATH" value="/home/travis/pthla/certi-tools/lib:" />
    <property name="env.DEBIAN_FRONTEND" value="noninteractive" />
    <property name="env.SSH_CONNECTION" value="10.16.1.12 60452 10.30.0.64 22" />
    <property name="env.MYSQL_UNIX_PORT" value="/var/run/mysqld/mysqld.sock" />
    <property name="env.LC_ALL" value="en_US.UTF-8" />
    <property name="env.TRAVIS_ALLOW_FAILURE" value="" />
    <property name="env.TRAVIS_JOB_WEB_URL" value="https://app.travis-ci.com/icyphy/ptII/jobs/541569400" />
    <property name="java.specification.name" value="Java Platform API Specification" />
    <property name="node.works" value="true" />
    <property name="user.timezone" value="" />
    <property name="path.separator" value=":" />
    <property name="env.TRAVIS_ENABLE_INFRA_DETECTION" value="true" />
    <property name="env.PYTHON_CFLAGS" value="-g -fstack-protector --param=ssp-buffer-size=4 -Wformat -Werror=format-security" />
    <property name="timeout.long" value="4000000" />
    <property name="env.CERTI_HOME" value="/home/travis/pthla/certi-tools" />
    <property name="ant.file.ptII" value="/home/travis/build/icyphy/ptII/build.xml" />
    <property name="javadoc.packagenames" value="com.*,diva.*,lbnl.*,org.hlacerti.*,org.json.*,org.ptolemy.*,org.terraswarm.*,ptolemy.*,ptserver.*" />
    <property name="file.encoding" value="UTF-8" />
    <property name="env.TRAVIS_PULL_REQUEST_SLUG" value="" />
    <property name="ant.project.default-target" value="build" />
    <property name="env.GIT_ASKPASS" value="echo" />
    <property name="env.HOME" value="/home/travis" />
    <property name="sun.java.command" value="org.apache.tools.ant.taskdefs.optional.junit.JUnitTestRunner ptolemy.actor.lib.test.junit.JUnitTclTest skipNonTests=false filtertrace=true haltOnError=false haltOnFailure=false formatter=org.apache.tools.ant.taskdefs.optional.junit.OutErrSummaryJUnitResultFormatter showoutput=true outputtoformatters=true logfailedtests=true threadid=0 logtestlistenerevents=false formatter=org.apache.tools.ant.taskdefs.optional.junit.XMLJUnitResultFormatter,/home/travis/build/icyphy/ptII/reports/junit/TEST-ptolemy.actor.lib.test.junit.JUnitTclTest.xml crashfile=/home/travis/build/icyphy/ptII/junitvmwatcher708055772423025548.properties propsfile=/home/travis/build/icyphy/ptII/junit12083592536176256786.properties" />
    <property name="env.COMPOSER_NO_INTERACTION" value="1" />
    <property name="env.MANPATH" value="/home/travis/.nvm/versions/node/v7.10.1/share/man:/home/travis/.rvm/rubies/ruby-2.5.3/share/man:/usr/local/cmake-3.12.4/man:/usr/local/clang-7.0.0/share/man:/usr/local/man:/usr/local/share/man:/usr/share/man:/home/travis/.rvm/man" />
    <property name="env.TRAVIS_TIMER_ID" value="144eb8f7" />
    <property name="ant.file" value="/home/travis/build/icyphy/ptII/build.xml" />
    <property name="env.TRAVIS_COMMIT_RANGE" value="e653f988ec0e1257fe395e15d42f9e399c48a113...fe20e32e200865ff85d123ca3da0243e860033cb" />
    <property name="ptII.classpath.optional.property" value="/home/travis/build/icyphy/ptII/lib/asm-all-5.2.jar:/home/travis/build/icyphy/ptII/lib/nashorn-core-15.3.jar:/home/travis/build/icyphy/ptII/lib/bsh-2.0b4.jar:/home/travis/build/icyphy/ptII/lib/ptCal.jar:/home/travis/build/icyphy/ptII/lib/java_cup.jar:/home/travis/build/icyphy/ptII/lib/saxon8.jar:/home/travis/build/icyphy/ptII/lib/saxon8-dom.jar:/home/travis/build/icyphy/ptII/lib/chic.jar:/home/travis/build/icyphy/ptII/lib/ptcolt.jar:/home/travis/build/icyphy/ptII/vendors/misc/itext/iText.jar:/home/travis/build/icyphy/ptII/lib/g4ltl.jar:/home/travis/build/icyphy/ptII/lib/StructuralCoder.jar:/home/travis/build/icyphy/ptII/lib/jcerti.jar:/home/travis/build/icyphy/ptII/lib/javax.mail.jar:/home/travis/build/icyphy/ptII/vendors/JMF-2.1.1e/lib/jmf.jar:/home/travis/build/icyphy/ptII/lib/jna-4.0.0-variadic.jar:/home/travis/build/icyphy/ptII/vendors/misc/joystick/Joystick.jar:/home/travis/build/icyphy/ptII/lib/ptjacl.jar:/home/travis/build/icyphy/ptII/lib/jsoup-1.14.2.jar:/home/travis/build/icyphy/ptII/lib/junit-4.8.2.jar:/home/travis/build/icyphy/ptII/lib/JUnitParams-0.4.0.jar:/home/travis/build/icyphy/ptII/ptolemy/actor/lib/excel/jxl.jar:/home/travis/build/icyphy/ptII/lib/jython.jar:/home/travis/build/icyphy/ptII/lib/kieler.jar:/home/travis/build/icyphy/ptII/vendors/opencv/share/OpenCV/java/opencv-341.jar:/home/travis/build/icyphy/ptII/lib/oscP5.jar:/home/travis/build/icyphy/ptII/lib/nrjavaserial-3.11.0.devel.jar:/home/travis/build/icyphy/ptII/vendors/j3d/lib/Linux/j3dcore.jar:/home/travis/build/icyphy/ptII/vendors/j3d/lib/Linux/j3dutils.jar:/home/travis/build/icyphy/ptII/vendors/j3d/lib/Linux/vecmath.jar:/home/travis/build/icyphy/ptII/vendors/jogl/lib/Linux/gluegen-rt-natives-linux-amd64.jar:/home/travis/build/icyphy/ptII/vendors/jogl/lib/Linux/gluegen-rt.jar:/home/travis/build/icyphy/ptII/vendors/jogl/lib/Linux/jogl-all-natives-linux-amd64.jar:/home/travis/build/icyphy/ptII/vendors/jogl/lib/Linux/jogl-all.jar:/home/travis/build/icyphy/ptII/ptolemy/distributed/jini/jar/jini-core.jar:/home/travis/build/icyphy/ptII/ptolemy/distributed/jini/jar/jini-ext.jar:/home/travis/build/icyphy/ptII/ptolemy/distributed/jini/jar/sun-util.jar:/home/travis/build/icyphy/ptII/lib/protobuf-java-2.4.1.jar:/home/travis/build/icyphy/ptII/lib/org.eclipse.paho.client.mqttv3.jar:/home/travis/build/icyphy/ptII/lib/mapss.jar:/home/travis/build/icyphy/ptII/ptolemy/actor/ptalon/antlr/antlr.jar:/home/travis/build/icyphy/ptII/lib/JRI.jar:/home/travis/build/icyphy/ptII/lib/commons-lang-2.6.jar:/home/travis/build/icyphy/ptII/lib/commons-logging-1.1.1.jar:/home/travis/build/icyphy/ptII/lib/sootclasses.jar:/home/travis/build/icyphy/ptII/ptolemy/actor/lib/database/mysql-connector-java-8.0.26.jar:/home/travis/build/icyphy/ptII/vendors/misc/sphinx4/sphinx4-data-5prealpha.jar:/home/travis/build/icyphy/ptII/vendors/misc/sphinx4/sphinx4-core-5prealpha.jar:/home/travis/build/icyphy/ptII/lib/PDFRenderer.jar:/home/travis/build/icyphy/ptII/lib/svgSalamander.jar:/home/travis/build/icyphy/ptII/lib/rsyntaxtextarea-2.6.0-SNAPSHOT.jar:/home/travis/build/icyphy/ptII/lib/hazelcast-3.8.2.jar:/home/travis/build/icyphy/ptII/lib/jackson-annotations-2.9.0.jar:/home/travis/build/icyphy/ptII/lib/jackson-core-2.9.3.jar:/home/travis/build/icyphy/ptII/lib/jackson-databind-2.9.3.jar:/home/travis/build/icyphy/ptII/lib/netty-buffer-4.1.19.Final.jar:/home/travis/build/icyphy/ptII/lib/netty-codec-4.1.19.Final.jar:/home/travis/build/icyphy/ptII/lib/netty-codec-dns-4.1.19.Final.jar:/home/travis/build/icyphy/ptII/lib/netty-codec-http-4.1.19.Final.jar:/home/travis/build/icyphy/ptII/lib/netty-codec-http2-4.1.19.Final.jar:/home/travis/build/icyphy/ptII/lib/netty-common-4.1.19.Final.jar:/home/travis/build/icyphy/ptII/lib/netty-handler-4.1.19.Final.jar:/home/travis/build/icyphy/ptII/lib/netty-resolver-4.1.19.Final.jar:/home/travis/build/icyphy/ptII/lib/netty-resolver-dns-4.1.19.Final.jar:/home/travis/build/icyphy/ptII/lib/netty-transport-4.1.19.Final.jar:/home/travis/build/icyphy/ptII/lib/vertx-codegen-3.5.1.jar:/home/travis/build/icyphy/ptII/lib/vertx-core-3.5.2-SNAPSHOT.jar:/home/travis/build/icyphy/ptII/lib/vertx-hazelcast-3.5.1.jar:/home/travis/build/icyphy/ptII/lib/vertx-lang-js-3.5.1.jar:/home/travis/build/icyphy/ptII/lib/vertx-service-proxy-3.5.1.jar:/home/travis/build/icyphy/ptII/lib/vertx-web-3.5.1.jar:/home/travis/build/icyphy/ptII/lib/slf4j-api-1.7.13.jar:/home/travis/build/icyphy/ptII/lib/slf4j-simple-1.7.13.jar:/home/travis/build/icyphy/ptII/lib/webcam-capture-0.3.12.jar:/home/travis/build/icyphy/ptII/lib/bridj-0.7.0.jar:/home/travis/build/icyphy/ptII/lib/xbjlib-1.1.0.nrjavaserial.jar" />
    <property name="timeout" value="2400000" />
    <property name="test.batch" value="**/junit/*.java" />
    <property name="env._" value="/usr/bin/timeout" />
    <property name="java.io.tmpdir" value="/tmp" />
    <property name="user.language" value="en" />
    <property name="env.TRAVIS_INTERNAL_RUBY_REGEX" value="^ruby-(2\.[0-4]\.[0-9]|1\.9\.3)" />
    <property name="env.HISTCONTROL" value="ignoredups:ignorespace" />
    <property name="env.GOROOT" value="/home/travis/.gimme/versions/go1.11.1.linux.amd64" />
    <property name="line.separator" value="&#xa;" />
    <property name="target" value="11" />
    <property name="env.TRAVIS_BUILD_DIR" value="/home/travis/build/icyphy/ptII" />
    <property name="env.ANT_OPTS" value="-Xmx2048m" />
    <property name="ant.file.type" value="file" />
    <property name="ptolemy.ptII.batchMode" value="true" />
    <property name="env.HISTSIZE" value="1000" />
    <property name="env.MERB_ENV" value="test" />
    <property name="java.vm.info" value="mixed mode" />
    <property name="source" value="11" />
    <property name="java.vm.specification.name" value="Java Virtual Machine Specification" />
    <property name="env.TRAVIS_TEST_RESULT" value="0" />
    <property name="jsdoc.command" value="node_modules/@terraswarm/jsdoc/jsdoc.js" />
    <property name="npm.works" value="true" />
    <property name="cobertura.dir" value="/home/travis/build/icyphy/ptII/vendors/cobertura-2.0.3" />
    <property name="jsdoc.command.exists" value="true" />
    <property name="env.rvm_path" value="/home/travis/.rvm" />
    <property name="env.GEM_PATH" value="/home/travis/.rvm/gems/ruby-2.5.3:/home/travis/.rvm/gems/ruby-2.5.3@global" />
    <property name="env.LC_CTYPE" value="en_US.UTF-8" />
    <property name="env.TRAVIS_CMD" value="$PTII/bin/ptIITravisBuild.sh $SECONDS" />
    <property name="java.awt.printerjob" value="sun.print.PSPrinterJob" />
    <property name="env.TRAVIS_STACK_NAME" value="sardonyx" />
    <property name="env.TRAVIS_TIMER_START_TIME" value="1633485618596855098" />
    <property name="ant.version" value="Apache Ant(TM) version 1.10.1 compiled on February 2 2017" />
    <property name="ptII.reports" value="/home/travis/build/icyphy/ptII/reports" />
    <property name="env.TRAVIS_STACK_TIMESTAMP" value="2020-06-24 13:13:18 UTC" />
    <property name="ant.file.type.ptII" value="file" />
    <property name="env.RBENV_SHELL" value="bash" />
    <property name="os.name" value="Linux" />
    <property name="java.specification.vendor" value="Oracle Corporation" />
    <property name="env.rvm_version" value="1.29.10 (latest)" />
    <property name="env.TRAVIS_INFRA" value="unknown" />
    <property name="env.TERM" value="xterm" />
    <property name="java.vm.name" value="OpenJDK 64-Bit Server VM" />
    <property name="env.TRAVIS_BUILD_NUMBER" value="1840" />
    <property name="env.CI" value="true" />
    <property name="java.library.path" value="/home/travis/pthla/certi-tools/lib:/usr/lib/jni:/usr/local/share/OpenCV/java/:/usr/share/OpenCV/java::/usr/java/packages/lib:/usr/lib64:/lib64:/lib:/usr/lib" />
    <property name="jdk.module.path" value="/home/travis/build/icyphy/ptII/vendors/javafx/javafx-sdk-11.0.2/lib:" />
    <property name="env.rvm_prefix" value="/home/travis" />
    <property name="env.PATH" value="/home/travis/pthla/certi-tools/share/scripts:/home/travis/.rvm/gems/ruby-2.5.3/bin:/home/travis/.rvm/gems/ruby-2.5.3@global/bin:/home/travis/.rvm/rubies/ruby-2.5.3/bin:/home/travis/.rvm/bin:./node_modules/.bin:/home/travis/build/icyphy/ptII/bin:/home/travis/pthla/certi-tools/bin:/home/travis/bin:/home/travis/.local/bin:/usr/local/lib/jvm/openjdk11/bin:/opt/pyenv/shims:/home/travis/.phpenv/shims:/home/travis/perl5/perlbrew/bin:/home/travis/.nvm/versions/node/v7.10.1/bin:/home/travis/gopath/bin:/home/travis/.gimme/versions/go1.11.1.linux.amd64/bin:/usr/local/maven-3.6.3/bin:/usr/local/cmake-3.12.4/bin:/usr/local/clang-7.0.0/bin:/usr/local/sbin:/usr/local/bin:/usr/sbin:/usr/bin:/sbin:/bin:/snap/bin:/home/travis/.phpenv/bin:/opt/pyenv/bin:/home/travis/.yarn/bin" />
    <property name="env.TRAVIS_OS_NAME" value="linux" />
    <property name="ant.java.version" value="9" />
    <property name="basedir" value="/home/travis/build/icyphy/ptII" />
    <property name="java.class.version" value="55.0" />
    <property name="env.SHLVL" value="3" />
    <property name="env.LD_LIBRARY_PATH" value="/home/travis/pthla/certi-tools/lib:/usr/lib/jni:/usr/local/share/OpenCV/java/:/usr/share/OpenCV/java:" />
    <property name="env.RACK_ENV" value="test" />
    <property name="ant.home" value="/home/travis/build/icyphy/ptII/ant" />
    <property name="env.NVM_DIR" value="/home/travis/.nvm" />
    <property name="env.CERTI_FOM_PATH" value="/home/travis/pthla/certi-tools/share/federations" />
    <property name="env.TRAVIS_BUILD_ID" value="239203417" />
    <property name="env.PYENV_ROOT" value="/opt/pyenv" />
    <property name="env.TRAVIS_UID" value="2000" />
    <property name="prism.verbose" value="true" />
    <property name="env.NVM_BIN" value="/home/travis/.nvm/versions/node/v7.10.1/bin" />
    <property name="env.TRAVIS_COMMIT" value="fe20e32e200865ff85d123ca3da0243e860033cb" />
    <property name="node.executable" value="node" />
    <property name="sun.boot.library.path" value="/usr/local/lib/jvm/openjdk11/lib" />
    <property name="sun.management.compiler" value="HotSpot 64-Bit Tiered Compilers" />
    <property name="java.awt.graphicsenv" value="sun.awt.X11GraphicsEnvironment" />
    <property name="env.GOPATH" value="/home/travis/gopath" />
    <property name="ptolemy.ptII.dir" value="/home/travis/build/icyphy/ptII" />
    <property name="env.USER" value="travis" />
    <property name="env.HISTFILESIZE" value="2000" />
    <property name="env.NVM_INC" value="/home/travis/.nvm/versions/node/v7.10.1/include/node" />
    <property name="timeout.longest" value="19000000" />
    <property name="env.PERLBREW_SHELLRC_VERSION" value="0.88" />
    <property name="env.TRAVIS_STACK_FEATURES" value="basic couchdb disabled-ipv6 docker docker-compose elasticsearch firefox go-toolchain google-chrome jdk memcached mongodb mysql nodejs_interpreter perl_interpreter perlbrew phantomjs postgresql python_interpreter redis ruby_interpreter sqlite xserver" />
    <property name="env.TRAVIS_PULL_REQUEST" value="false" />
    <property name="env.PYENV_SHELL" value="bash" />
    <property name="ant.project.name" value="ptII" />
    <property name="env.ANSI_RESET" value="\033[0m" />
    <property name="java.vm.specification.version" value="11" />
    <property name="env.TRAVIS_DIST" value="xenial" />
    <property name="env.CERTI_VERSION" value="4.0.0" />
    <property name="env.CERTI_HOST" value="localhost" />
    <property name="awt.toolkit" value="sun.awt.X11.XToolkit" />
    <property name="env.MY_RUBY_HOME" value="/home/travis/.rvm/rubies/ruby-2.5.3" />
    <property name="sun.cpu.isalist" value="" />
    <property name="env.TRAVIS_TMPDIR" value="/tmp/tmp.VaKALOm0Vc" />
    <property name="java.vm.compressedOopsMode" value="Zero based" />
    <property name="os.version" value="4.15.0-1077-gcp" />
    <property name="user.home" value="/home/travis" />
    <property name="java.vm.vendor" value="Oracle Corporation" />
    <property name="env.TRAVIS_TAG" value="nightly" />
    <property name="env.ANSI_YELLOW" value="\033[33;1m" />
    <property name="env.TRAVIS_FILTERED" value="redirect_io" />
    <property name="env.ANSI_GREEN" value="\033[32;1m" />
    <property name="env.JAVA_HOME" value="/usr/local/lib/jvm/openjdk11" />
    <property name="javadoc.excludepackagenames" value="adm.cvs2svn.*,build.*,config.*,doc.coding.templates.*,jni.test.jni.meaningOfLife.*,jni.test.jni.testDeux.*,jni.test.jni.testTrois.*,org.terraswarm.accessor.accessors.web.node_modules.*,org.terraswarm.accessor.accessors.web.hosts.cordova.demo.*,org.terraswarm.accessor.accessors.web.hosts.cordova.plugins.*,org.terraswarm.accessor.accessors-svn.*,pt-modules.*,ptolemy.apps.agilent.*,ptolemy.apps.anytimecontrol.*,ptolemy.apps.apes.*,ptolemy.apps.charon.*,ptolemy.apps.crazyboard.*,ptolemy.apps.eclipse.*,ptolemy.apps.etherealSting.*,ptolemy.apps.fullscreen.*,ptolemy.apps.giotto.*,ptolemy.apps.ia.*,ptolemy.apps.interfaces.*,ptolemy.apps.jmf.*,ptolemy.apps.kurt.*,ptolemy.apps.kvm.*,ptolemy.apps.lego.*,ptolemy.apps.lejos.*,ptolemy.apps.midp.*,ptolemy.apps.mobileCoding.*,ptolemy.apps.pendulum.*,ptolemy.apps.rijndael.*,ptolemy.apps.robot.*,ptolemy.apps.security.*,ptolemy.apps.sobel.*,ptolemy.apps.soot.*,ptolemy.apps.throttle.*,ptolemy.apps.tini.*,ptolemy.apps.transmission.*,ptolemy.apps.vergil.*,ptolemy.apps.waba.*,ptolemy.apps.websensor.*,ptolemy.apps.webstart.*,ptolemy.apps.xsl.*,ptolemy.apps.zaurus.*,ptolemy.codegen.c.actor.lib.oldJavaFiles.*,ptolemy.codegen.dsp.lib.*,ptolemy.codegen.kernel.newInterfaces.*,ptolemy.codegen.lib.*,ptolemy.copernicus.kernel.fragment.*,ptolemy.copernicus.shallow.cg.*,ptolemy.domains.giotto.demo.Hierarchy.Hierarchy.*,ptolemy.domains.giotto.demo.Multimode.Multimode.*,ptolemy.domains.giotto.demo.Simple.Simple.*,ptolemy.domains.gr.lib.experimental.*,ptolemy.domains.gro.*,ptolemy.domains.pdf.*,ptolemy.domains.ptinyos.demo.Surge.output.*,ptolemy.moml.test.NoPackageActor.java*,ptolemy.plot.adm.*,ptolemy.plot.servlet.*,reports.*,signed.*,src.*,target.*,vendors.*,ptolemy.copernicus.applet.*,ptolemy.media.viewer.*,ptolemy.actor.corba.*,doc.doclets.*,ptolemy.apps.eclipse.awt.*,ptolemy.backtrack.*,ptolemy.backtrack.ast.*,ptolemy.cg.adapter.generic.program.procedural.c.mbed*,ptolemy.homer.*,ptolemy.actor.lib.jai.*,org.ptolemy.scala.*,diva.util.java2d.svg.*,ptolemy.domains.ptinyos.*,ptolemy.actor.lib.fmi.fmipp.*,,org.terraswarm.accessor.accessors.web.node_modules.*,org.terraswarm.accessor.accessors-svn,ptolemy.apps.*,ptolemy.actor.ptalon.demo.ptinyos.SendAndReceiveCnt.output,ptolemy.actor.ptalon.demo.ptinyos.SenseToLeds.output,ptolemy.domains.ptinyos.demo.CntToLedsAndRfm.output,ptolemy.domains.ptinyos.demo.RfmToLeds.output,ptolemy.domains.ptinyos.demo.SendAndReceiveCnt.output,ptolemy.domains.ptinyos.demo.SenseToLeds.output,ptolemy.actor.lib.jjs.modules.udpSocket.*" />
    <property name="env.PTII" value="/home/travis/build/icyphy/ptII" />
    <property name="env.XDG_SESSION_ID" value="2" />
    <property name="keystore" value="ptKeystore" />
    <property name="env.TRAVIS_COMMIT_MESSAGE" value="Updated location of database from swarmnuc2008 to wessel" />
    <property name="junit.output.dir" value="/home/travis/build/icyphy/ptII/reports/junit" />
    <property name="npm.return.code" value="0" />
    <property name="user.dir" value="/home/travis/build/icyphy/ptII/ptolemy/actor/lib/test" />
    <property name="env.TRAVIS_NODE_VERSION" value="7" />
    <property name="env.TRAVIS_EVENT_TYPE" value="cron" />
    <property name="env.MAIL" value="/var/mail/travis" />
    <property name="env.PERLBREW_ROOT" value="/home/travis/perl5/perlbrew" />
    <property name="env.PWD" value="/home/travis/build/icyphy/ptII" />
    <property name="timeout.npm" value="45000" />
    <property name="env.TRAVIS_ARCH" value="amd64" />
    <property name="sun.cpu.endian" value="little" />
    <property name="env.PAGER" value="cat" />
    <property name="env.TRAVIS_BUILD_STAGE_NAME" value="test" />
    <property name="env.PERLBREW_HOME" value="/home/travis/.perlbrew" />
    <property name="java.vm.version" value="11.0.2+9" />
    <property name="env.RAILS_ENV" value="test" />
    <property name="java.class.path" value="/home/travis/.ptolemyII:/home/travis/.ptolemyII/*:/home/travis/build/icyphy/ptII:/home/travis/build/icyphy/ptII/lib/asm-all-5.2.jar:/home/travis/build/icyphy/ptII/lib/nashorn-core-15.3.jar:/home/travis/build/icyphy/ptII/lib/bsh-2.0b4.jar:/home/travis/build/icyphy/ptII/lib/ptCal.jar:/home/travis/build/icyphy/ptII/lib/java_cup.jar:/home/travis/build/icyphy/ptII/lib/saxon8.jar:/home/travis/build/icyphy/ptII/lib/saxon8-dom.jar:/home/travis/build/icyphy/ptII/lib/chic.jar:/home/travis/build/icyphy/ptII/lib/ptcolt.jar:/home/travis/build/icyphy/ptII/vendors/misc/itext/iText.jar:/home/travis/build/icyphy/ptII/lib/g4ltl.jar:/home/travis/build/icyphy/ptII/lib/StructuralCoder.jar:/home/travis/build/icyphy/ptII/lib/jcerti.jar:/home/travis/build/icyphy/ptII/lib/javax.mail.jar:/home/travis/build/icyphy/ptII/vendors/JMF-2.1.1e/lib/jmf.jar:/home/travis/build/icyphy/ptII/lib/jna-4.0.0-variadic.jar:/home/travis/build/icyphy/ptII/vendors/misc/joystick/Joystick.jar:/home/travis/build/icyphy/ptII/lib/ptjacl.jar:/home/travis/build/icyphy/ptII/lib/jsoup-1.14.2.jar:/home/travis/build/icyphy/ptII/lib/junit-4.8.2.jar:/home/travis/build/icyphy/ptII/lib/JUnitParams-0.4.0.jar:/home/travis/build/icyphy/ptII/ptolemy/actor/lib/excel/jxl.jar:/home/travis/build/icyphy/ptII/lib/jython.jar:/home/travis/build/icyphy/ptII/lib/kieler.jar:/home/travis/build/icyphy/ptII/vendors/opencv/share/OpenCV/java/opencv-341.jar:/home/travis/build/icyphy/ptII/lib/oscP5.jar:/home/travis/build/icyphy/ptII/lib/nrjavaserial-3.11.0.devel.jar:/home/travis/build/icyphy/ptII/vendors/j3d/lib/Linux/j3dcore.jar:/home/travis/build/icyphy/ptII/vendors/j3d/lib/Linux/j3dutils.jar:/home/travis/build/icyphy/ptII/vendors/j3d/lib/Linux/vecmath.jar:/home/travis/build/icyphy/ptII/vendors/jogl/lib/Linux/gluegen-rt-natives-linux-amd64.jar:/home/travis/build/icyphy/ptII/vendors/jogl/lib/Linux/gluegen-rt.jar:/home/travis/build/icyphy/ptII/vendors/jogl/lib/Linux/jogl-all-natives-linux-amd64.jar:/home/travis/build/icyphy/ptII/vendors/jogl/lib/Linux/jogl-all.jar:/home/travis/build/icyphy/ptII/ptolemy/distributed/jini/jar/jini-core.jar:/home/travis/build/icyphy/ptII/ptolemy/distributed/jini/jar/jini-ext.jar:/home/travis/build/icyphy/ptII/ptolemy/distributed/jini/jar/sun-util.jar:/home/travis/build/icyphy/ptII/lib/protobuf-java-2.4.1.jar:/home/travis/build/icyphy/ptII/lib/org.eclipse.paho.client.mqttv3.jar:/home/travis/build/icyphy/ptII/lib/mapss.jar:/home/travis/build/icyphy/ptII/ptolemy/actor/ptalon/antlr/antlr.jar:/home/travis/build/icyphy/ptII/lib/JRI.jar:/home/travis/build/icyphy/ptII/lib/commons-lang-2.6.jar:/home/travis/build/icyphy/ptII/lib/commons-logging-1.1.1.jar:/home/travis/build/icyphy/ptII/lib/sootclasses.jar:/home/travis/build/icyphy/ptII/ptolemy/actor/lib/database/mysql-connector-java-8.0.26.jar:/home/travis/build/icyphy/ptII/vendors/misc/sphinx4/sphinx4-data-5prealpha.jar:/home/travis/build/icyphy/ptII/vendors/misc/sphinx4/sphinx4-core-5prealpha.jar:/home/travis/build/icyphy/ptII/lib/PDFRenderer.jar:/home/travis/build/icyphy/ptII/lib/svgSalamander.jar:/home/travis/build/icyphy/ptII/lib/rsyntaxtextarea-2.6.0-SNAPSHOT.jar:/home/travis/build/icyphy/ptII/lib/hazelcast-3.8.2.jar:/home/travis/build/icyphy/ptII/lib/jackson-annotations-2.9.0.jar:/home/travis/build/icyphy/ptII/lib/jackson-core-2.9.3.jar:/home/travis/build/icyphy/ptII/lib/jackson-databind-2.9.3.jar:/home/travis/build/icyphy/ptII/lib/netty-buffer-4.1.19.Final.jar:/home/travis/build/icyphy/ptII/lib/netty-codec-4.1.19.Final.jar:/home/travis/build/icyphy/ptII/lib/netty-codec-dns-4.1.19.Final.jar:/home/travis/build/icyphy/ptII/lib/netty-codec-http-4.1.19.Final.jar:/home/travis/build/icyphy/ptII/lib/netty-codec-http2-4.1.19.Final.jar:/home/travis/build/icyphy/ptII/lib/netty-common-4.1.19.Final.jar:/home/travis/build/icyphy/ptII/lib/netty-handler-4.1.19.Final.jar:/home/travis/build/icyphy/ptII/lib/netty-resolver-4.1.19.Final.jar:/home/travis/build/icyphy/ptII/lib/netty-resolver-dns-4.1.19.Final.jar:/home/travis/build/icyphy/ptII/lib/netty-transport-4.1.19.Final.jar:/home/travis/build/icyphy/ptII/lib/vertx-codegen-3.5.1.jar:/home/travis/build/icyphy/ptII/lib/vertx-core-3.5.2-SNAPSHOT.jar:/home/travis/build/icyphy/ptII/lib/vertx-hazelcast-3.5.1.jar:/home/travis/build/icyphy/ptII/lib/vertx-lang-js-3.5.1.jar:/home/travis/build/icyphy/ptII/lib/vertx-service-proxy-3.5.1.jar:/home/travis/build/icyphy/ptII/lib/vertx-web-3.5.1.jar:/home/travis/build/icyphy/ptII/lib/slf4j-api-1.7.13.jar:/home/travis/build/icyphy/ptII/lib/slf4j-simple-1.7.13.jar:/home/travis/build/icyphy/ptII/lib/webcam-capture-0.3.12.jar:/home/travis/build/icyphy/ptII/lib/bridj-0.7.0.jar:/home/travis/build/icyphy/ptII/lib/xbjlib-1.1.0.nrjavaserial.jar:/home/travis/build/icyphy/ptII/ptolemy/moml/test:/home/travis/build/icyphy/ptII/ant/lib/ant-launcher.jar:/home/travis/build/icyphy/ptII/ant/lib/ant.jar:/home/travis/build/icyphy/ptII/ant/lib/ant-junit.jar:/home/travis/build/icyphy/ptII/ant/lib/ant-junit4.jar" />
    <property name="ant.library.dir" value="/home/travis/build/icyphy/ptII/ant/lib" />
    <property name="os.arch" value="amd64" />
    <property name="env.CONTINUOUS_INTEGRATION" value="true" />
    <property name="env.TRAVIS_LANGUAGE" value="node_js" />
    <property name="env.TRAVIS_STACK_LANGUAGES" value="__sardonyx__ c c++ clojure cplusplus cpp default generic go groovy java node_js php pure_java python ruby scala" />
    <property name="test.name" value="ptolemy.actor.lib.test.junit.JUnitTclTest" />
    <property name="env.APT_KEY_DONT_WARN_ON_DANGEROUS_USAGE" value="1" />
    <property name="sun.java.launcher" value="SUN_STANDARD" />
    <property name="env.PYTHON_CONFIGURE_OPTS" value="--enable-unicode=ucs4 --with-wide-unicode --enable-shared --enable-ipv6 --enable-loadable-sqlite-extensions --with-computed-gotos" />
    <property name="ant.core.lib" value="/home/travis/build/icyphy/ptII/ant/lib/ant.jar" />
    <property name="java.vm.specification.vendor" value="Oracle Corporation" />
    <property name="env.BCVTB_HOME" value="/home/travis/build/icyphy/ptII/lbnl" />
    <property name="file.separator" value="/" />
    <property name="spotbugs.home" value="/home/travis/build/icyphy/ptII/vendors/spotbugs-3.1.1" />
    <property name="java.runtime.version" value="11.0.2+9" />
    <property name="env.ANSI_CLEAR" value="\033[0K" />
    <property name="javafx.verbose" value="true" />
    <property name="env.HAS_JOSH_K_SEAL_OF_APPROVAL" value="true" />
    <property name="env.XDG_RUNTIME_DIR" value="/run/user/2000" />
    <property name="env.TRAVIS_OSX_IMAGE" value="" />
    <property name="env.TRAVIS_JOB_ID" value="541569400" />
    <property name="env.TRAVIS_BRANCH" value="master" />
    <property name="user.country" value="US" />
    <property name="env.CERTI_HOME_TRAVIS" value="/home/travis/pthla/certi-tools" />
    <property name="env.SHELL" value="/bin/bash" />
    <property name="java.maxmemory.large" value="3200m" />
    <property name="model" value="" />
    <property name="env.CASHER_DIR" value="/home/travis/.casher" />
    <property name="env.NVM_CD_FLAGS" value="" />
    <property name="java.vendor.version" value="18.9" />
    <property name="jshint.executable" value="/home/travis/node_modules/jshint/bin/jshint" />
    <property name="env.JRUBY_OPTS" value=" --client -J-XX:+TieredCompilation -J-XX:TieredStopAtLevel=1 -J-Xss2m -Xcompile.invokedynamic=false" />
    <property name="java.vendor" value="Oracle Corporation" />
    <property name="env.TRAVIS_PRE_CHEF_BOOTSTRAP_TIME" value="2020-06-24T13:13:03" />
    <property name="env.TRAVIS_STACK_JOB_BOARD_REGISTER" value="/.job-board-register.yml" />
    <property name="env.ANSI_RED" value="\033[31;1m" />
    <property name="java.specification.version" value="11" />
    <property name="env.IRBRC" value="/home/travis/.rvm/rubies/ruby-2.5.3/.irbrc" />
    <property name="env.TRAVIS" value="true" />
    <property name="sun.arch.data.model" value="64" />
  </properties>
  <testcase classname="ptolemy.util.test.junit.TclTests" name="[0] /home/travis/build/icyphy/ptII/ptolemy/actor/lib/test/AbsoluteValue.tcl (RunTclFile)" time="0.546" />
  <testcase classname="ptolemy.util.test.junit.TclTests" name="[1] /home/travis/build/icyphy/ptII/ptolemy/actor/lib/test/AddSubtract.tcl (RunTclFile)" time="0.176" />
  <testcase classname="ptolemy.util.test.junit.TclTests" name="[2] /home/travis/build/icyphy/ptII/ptolemy/actor/lib/test/Average.tcl (RunTclFile)" time="0.06" />
  <testcase classname="ptolemy.util.test.junit.TclTests" name="[3] /home/travis/build/icyphy/ptII/ptolemy/actor/lib/test/Bernoulli.tcl (RunTclFile)" time="0.029" />
  <testcase classname="ptolemy.util.test.junit.TclTests" name="[4] /home/travis/build/icyphy/ptII/ptolemy/actor/lib/test/Clock.tcl (RunTclFile)" time="0.099" />
  <testcase classname="ptolemy.util.test.junit.TclTests" name="[5] /home/travis/build/icyphy/ptII/ptolemy/actor/lib/test/Commutator.tcl (RunTclFile)" time="0.147" />
  <testcase classname="ptolemy.util.test.junit.TclTests" name="[6] /home/travis/build/icyphy/ptII/ptolemy/actor/lib/test/Const.tcl (RunTclFile)" time="0.114" />
  <testcase classname="ptolemy.util.test.junit.TclTests" name="[7] /home/travis/build/icyphy/ptII/ptolemy/actor/lib/test/CurrentTime.tcl (RunTclFile)" time="0.035" />
  <testcase classname="ptolemy.util.test.junit.TclTests" name="[8] /home/travis/build/icyphy/ptII/ptolemy/actor/lib/test/DB.tcl (RunTclFile)" time="0.022" />
  <testcase classname="ptolemy.util.test.junit.TclTests" name="[9] /home/travis/build/icyphy/ptII/ptolemy/actor/lib/test/DiscreteRandomSource.tcl (RunTclFile)" time="0.021" />
  <testcase classname="ptolemy.util.test.junit.TclTests" name="[10] /home/travis/build/icyphy/ptII/ptolemy/actor/lib/test/Distributor.tcl (RunTclFile)" time="0.072" />
  <testcase classname="ptolemy.util.test.junit.TclTests" name="[11] /home/travis/build/icyphy/ptII/ptolemy/actor/lib/test/Exit.tcl (RunTclFile)" time="0.096" />
  <testcase classname="ptolemy.util.test.junit.TclTests" name="[12] /home/travis/build/icyphy/ptII/ptolemy/actor/lib/test/Expression.tcl (RunTclFile)" time="0.058" />
  <testcase classname="ptolemy.util.test.junit.TclTests" name="[13] /home/travis/build/icyphy/ptII/ptolemy/actor/lib/test/Gaussian.tcl (RunTclFile)" time="0.48" />
  <testcase classname="ptolemy.util.test.junit.TclTests" name="[14] /home/travis/build/icyphy/ptII/ptolemy/actor/lib/test/IIR.tcl (RunTclFile)" time="0.031" />
  <testcase classname="ptolemy.util.test.junit.TclTests" name="[15] /home/travis/build/icyphy/ptII/ptolemy/actor/lib/test/Interpolator.tcl (RunTclFile)" time="0.09" />
  <testcase classname="ptolemy.util.test.junit.TclTests" name="[16] /home/travis/build/icyphy/ptII/ptolemy/actor/lib/test/MathFunction.tcl (RunTclFile)" time="0.072" />
  <testcase classname="ptolemy.util.test.junit.TclTests" name="[17] /home/travis/build/icyphy/ptII/ptolemy/actor/lib/test/Maximum.tcl (RunTclFile)" time="0.031" />
  <testcase classname="ptolemy.util.test.junit.TclTests" name="[18] /home/travis/build/icyphy/ptII/ptolemy/actor/lib/test/Minimum.tcl (RunTclFile)" time="0.028" />
  <testcase classname="ptolemy.util.test.junit.TclTests" name="[19] /home/travis/build/icyphy/ptII/ptolemy/actor/lib/test/MultiplyDivide.tcl (RunTclFile)" time="0.033" />
  <testcase classname="ptolemy.util.test.junit.TclTests" name="[20] /home/travis/build/icyphy/ptII/ptolemy/actor/lib/test/OrderedMerge.tcl (RunTclFile)" time="0.082" />
  <testcase classname="ptolemy.util.test.junit.TclTests" name="[21] /home/travis/build/icyphy/ptII/ptolemy/actor/lib/test/Publisher.tcl (RunTclFile)" time="0.775" />
  <testcase classname="ptolemy.util.test.junit.TclTests" name="[22] /home/travis/build/icyphy/ptII/ptolemy/actor/lib/test/Pulse.tcl (RunTclFile)" time="0.058" />
  <testcase classname="ptolemy.util.test.junit.TclTests" name="[23] /home/travis/build/icyphy/ptII/ptolemy/actor/lib/test/Ramp.tcl (RunTclFile)" time="1.839" />
  <testcase classname="ptolemy.util.test.junit.TclTests" name="[24] /home/travis/build/icyphy/ptII/ptolemy/actor/lib/test/RampContinuous.tcl (RunTclFile)" time="0.035" />
  <testcase classname="ptolemy.util.test.junit.TclTests" name="[25] /home/travis/build/icyphy/ptII/ptolemy/actor/lib/test/RecordAssembler.tcl (RunTclFile)" time="0.016" />
  <testcase classname="ptolemy.util.test.junit.TclTests" name="[26] /home/travis/build/icyphy/ptII/ptolemy/actor/lib/test/RecordDisassembler.tcl (RunTclFile)" time="0.03" />
  <testcase classname="ptolemy.util.test.junit.TclTests" name="[27] /home/travis/build/icyphy/ptII/ptolemy/actor/lib/test/Scale.tcl (RunTclFile)" time="0.028" />
  <testcase classname="ptolemy.util.test.junit.TclTests" name="[28] /home/travis/build/icyphy/ptII/ptolemy/actor/lib/test/SequentialClock.tcl (RunTclFile)" time="0.013" />
  <testcase classname="ptolemy.util.test.junit.TclTests" name="[29] /home/travis/build/icyphy/ptII/ptolemy/actor/lib/test/SetVariable.tcl (RunTclFile)" time="0.009" />
  <testcase classname="ptolemy.util.test.junit.TclTests" name="[30] /home/travis/build/icyphy/ptII/ptolemy/actor/lib/test/Sinewave.tcl (RunTclFile)" time="0.046" />
  <testcase classname="ptolemy.util.test.junit.TclTests" name="[31] /home/travis/build/icyphy/ptII/ptolemy/actor/lib/test/SubscriptionAggregator.tcl (RunTclFile)" time="1.901" />
  <testcase classname="ptolemy.util.test.junit.TclTests" name="[32] /home/travis/build/icyphy/ptII/ptolemy/actor/lib/test/Test.tcl (RunTclFile)" time="0.123" />
  <testcase classname="ptolemy.util.test.junit.TclTests" name="[33] /home/travis/build/icyphy/ptII/ptolemy/actor/lib/test/TestExceptionHandler.tcl (RunTclFile)" time="0.009" />
  <testcase classname="ptolemy.util.test.junit.TclTests" name="[34] /home/travis/build/icyphy/ptII/ptolemy/actor/lib/test/UnionDisassembler.tcl (RunTclFile)" time="0.041" />
  <testcase classname="ptolemy.util.test.junit.TclTests" name="[35] /home/travis/build/icyphy/ptII/ptolemy/actor/lib/test/VariableClock.tcl (RunTclFile)" time="0.013" />
  <testcase classname="ptolemy.util.test.junit.AutoKnownFailedTests" name="[0] /home/travis/build/icyphy/ptII/ptolemy/actor/lib/test/auto/knownFailedTests/PublisherPortToplevelSubscriber.xml (RunModel)" time="0.02" />
  <testcase classname="ptolemy.util.test.junit.AutoKnownFailedTests" name="[1] /home/travis/build/icyphy/ptII/ptolemy/actor/lib/test/auto/knownFailedTests/PublisherSubscriberPortToplevel.xml (RunModel)" time="0.016" />
  <testcase classname="ptolemy.util.test.junit.AutoKnownFailedTests" name="[2] /home/travis/build/icyphy/ptII/ptolemy/actor/lib/test/auto/knownFailedTests/PublisherSubscriptionAggregatorPort.xml (RunModel)" time="0.017" />
  <testcase classname="ptolemy.util.test.junit.AutoKnownFailedTests" name="[3] /home/travis/build/icyphy/ptII/ptolemy/actor/lib/test/auto/knownFailedTests/sizedarray3.xml (RunModel)" time="0.02" />
  <testcase classname="ptolemy.util.test.junit.AutoNameArchTests" name="[0] ThereAreNoAutoArchTests (RunModel)" time="0.004" />
  <testcase classname="ptolemy.util.test.junit.AutoTests" name="[0] /home/travis/build/icyphy/ptII/ptolemy/actor/lib/test/auto/AbsoluteValue.xml (RunModel)" time="0.114" />
  <testcase classname="ptolemy.util.test.junit.AutoTests" name="[1] /home/travis/build/icyphy/ptII/ptolemy/actor/lib/test/auto/AbsoluteValue2.xml (RunModel)" time="0.026" />
  <testcase classname="ptolemy.util.test.junit.AutoTests" name="[2] /home/travis/build/icyphy/ptII/ptolemy/actor/lib/test/auto/Accumulator.xml (RunModel)" time="0.025" />
  <testcase classname="ptolemy.util.test.junit.AutoTests" name="[3] /home/travis/build/icyphy/ptII/ptolemy/actor/lib/test/auto/Accumulator2.xml (RunModel)" time="0.049" />
  <testcase classname="ptolemy.util.test.junit.AutoTests" name="[4] /home/travis/build/icyphy/ptII/ptolemy/actor/lib/test/auto/Accumulator3.xml (RunModel)" time="0.034" />
  <testcase classname="ptolemy.util.test.junit.AutoTests" name="[5] /home/travis/build/icyphy/ptII/ptolemy/actor/lib/test/auto/ArrayAppend.xml (RunModel)" time="0.053" />
  <testcase classname="ptolemy.util.test.junit.AutoTests" name="[6] /home/travis/build/icyphy/ptII/ptolemy/actor/lib/test/auto/ArrayAppend2.xml (RunModel)" time="0.364" />
  <testcase classname="ptolemy.util.test.junit.AutoTests" name="[7] /home/travis/build/icyphy/ptII/ptolemy/actor/lib/test/auto/ArrayAppend3.xml (RunModel)" time="0.036" />
  <testcase classname="ptolemy.util.test.junit.AutoTests" name="[8] /home/travis/build/icyphy/ptII/ptolemy/actor/lib/test/auto/ArrayAppend4.xml (RunModel)" time="0.02" />
  <testcase classname="ptolemy.util.test.junit.AutoTests" name="[9] /home/travis/build/icyphy/ptII/ptolemy/actor/lib/test/auto/ArrayAppend5.xml (RunModel)" time="0.019" />
  <testcase classname="ptolemy.util.test.junit.AutoTests" name="[10] /home/travis/build/icyphy/ptII/ptolemy/actor/lib/test/auto/ArrayAppend6.xml (RunModel)" time="0.022" />
  <testcase classname="ptolemy.util.test.junit.AutoTests" name="[11] /home/travis/build/icyphy/ptII/ptolemy/actor/lib/test/auto/ArrayAppendPerformanceTest.xml (RunModel)" time="0.048" />
  <testcase classname="ptolemy.util.test.junit.AutoTests" name="[12] /home/travis/build/icyphy/ptII/ptolemy/actor/lib/test/auto/ArrayAppendWithEmptyInput.xml (RunModel)" time="0.048" />
  <testcase classname="ptolemy.util.test.junit.AutoTests" name="[13] /home/travis/build/icyphy/ptII/ptolemy/actor/lib/test/auto/ArrayAverage.xml (RunModel)" time="0.035" />
  <testcase classname="ptolemy.util.test.junit.AutoTests" name="[14] /home/travis/build/icyphy/ptII/ptolemy/actor/lib/test/auto/ArrayContains.xml (RunModel)" time="0.03" />
  <testcase classname="ptolemy.util.test.junit.AutoTests" name="[15] /home/travis/build/icyphy/ptII/ptolemy/actor/lib/test/auto/ArrayElement.xml (RunModel)" time="0.024" />
  <testcase classname="ptolemy.util.test.junit.AutoTests" name="[16] /home/travis/build/icyphy/ptII/ptolemy/actor/lib/test/auto/ArrayElementAsMatrix.xml (RunModel)" time="0.048" />
  <testcase classname="ptolemy.util.test.junit.AutoTests" name="[17] /home/travis/build/icyphy/ptII/ptolemy/actor/lib/test/auto/ArrayElementI.xml (RunModel)" time="0.017" />
  <testcase classname="ptolemy.util.test.junit.AutoTests" name="[18] /home/travis/build/icyphy/ptII/ptolemy/actor/lib/test/auto/ArrayExtract.xml (RunModel)" time="0.033" />
  <testcase classname="ptolemy.util.test.junit.AutoTests" name="[19] /home/travis/build/icyphy/ptII/ptolemy/actor/lib/test/auto/ArrayExtract2.xml (RunModel)" time="0.012" />
  <testcase classname="ptolemy.util.test.junit.AutoTests" name="[20] /home/travis/build/icyphy/ptII/ptolemy/actor/lib/test/auto/ArrayLength.xml (RunModel)" time="0.011" />
  <testcase classname="ptolemy.util.test.junit.AutoTests" name="[21] /home/travis/build/icyphy/ptII/ptolemy/actor/lib/test/auto/ArrayLevelCrossing.xml (RunModel)" time="0.023" />
  <testcase classname="ptolemy.util.test.junit.AutoTests" name="[22] /home/travis/build/icyphy/ptII/ptolemy/actor/lib/test/auto/ArrayLevelCrossing2.xml (RunModel)" time="0.019" />
  <testcase classname="ptolemy.util.test.junit.AutoTests" name="[23] /home/travis/build/icyphy/ptII/ptolemy/actor/lib/test/auto/ArrayPeakSearch.xml (RunModel)" time="0.035" />
  <testcase classname="ptolemy.util.test.junit.AutoTests" name="[24] /home/travis/build/icyphy/ptII/ptolemy/actor/lib/test/auto/ArrayPeakSearch2.xml (RunModel)" time="0.028" />
  <testcase classname="ptolemy.util.test.junit.AutoTests" name="[25] /home/travis/build/icyphy/ptII/ptolemy/actor/lib/test/auto/ArrayPeakSearch3.xml (RunModel)" time="0.025" />
  <testcase classname="ptolemy.util.test.junit.AutoTests" name="[26] /home/travis/build/icyphy/ptII/ptolemy/actor/lib/test/auto/ArrayRemoveElement.xml (RunModel)" time="0.023" />
  <testcase classname="ptolemy.util.test.junit.AutoTests" name="[27] /home/travis/build/icyphy/ptII/ptolemy/actor/lib/test/auto/ArraySort.xml (RunModel)" time="0.026" />
  <testcase classname="ptolemy.util.test.junit.AutoTests" name="[28] /home/travis/build/icyphy/ptII/ptolemy/actor/lib/test/auto/ArraySum.xml (RunModel)" time="0.015" />
  <testcase classname="ptolemy.util.test.junit.AutoTests" name="[29] /home/travis/build/icyphy/ptII/ptolemy/actor/lib/test/auto/ArrayToElements.xml (RunModel)" time="0.018" />
  <testcase classname="ptolemy.util.test.junit.AutoTests" name="[30] /home/travis/build/icyphy/ptII/ptolemy/actor/lib/test/auto/ArrayToMatrix.xml (RunModel)" time="0.043" />
  <testcase classname="ptolemy.util.test.junit.AutoTests" name="[31] /home/travis/build/icyphy/ptII/ptolemy/actor/lib/test/auto/ArrayUpdate1.xml (RunModel)" time="0.014" />
  <testcase classname="ptolemy.util.test.junit.AutoTests" name="[32] /home/travis/build/icyphy/ptII/ptolemy/actor/lib/test/auto/ArrayUpdate2.xml (RunModel)" time="0.016" />
  <testcase classname="ptolemy.util.test.junit.AutoTests" name="[33] /home/travis/build/icyphy/ptII/ptolemy/actor/lib/test/auto/ArrayUpdate3.xml (RunModel)" time="0.01" />
  <testcase classname="ptolemy.util.test.junit.AutoTests" name="[34] /home/travis/build/icyphy/ptII/ptolemy/actor/lib/test/auto/Assert1.xml (RunModel)" time="0.016" />
  <testcase classname="ptolemy.util.test.junit.AutoTests" name="[35] /home/travis/build/icyphy/ptII/ptolemy/actor/lib/test/auto/Assert2.xml (RunModel)" time="0.008" />
  <testcase classname="ptolemy.util.test.junit.AutoTests" name="[36] /home/travis/build/icyphy/ptII/ptolemy/actor/lib/test/auto/BooleanMultiplexor.xml (RunModel)" time="0.013" />
  <testcase classname="ptolemy.util.test.junit.AutoTests" name="[37] /home/travis/build/icyphy/ptII/ptolemy/actor/lib/test/auto/BooleanMultiplexor2.xml (RunModel)" time="0.013" />
  <testcase classname="ptolemy.util.test.junit.AutoTests" name="[38] /home/travis/build/icyphy/ptII/ptolemy/actor/lib/test/auto/BooleanMultiplexor3.xml (RunModel)" time="0.014" />
  <testcase classname="ptolemy.util.test.junit.AutoTests" name="[39] /home/travis/build/icyphy/ptII/ptolemy/actor/lib/test/auto/BooleanSelect.xml (RunModel)" time="0.024" />
  <testcase classname="ptolemy.util.test.junit.AutoTests" name="[40] /home/travis/build/icyphy/ptII/ptolemy/actor/lib/test/auto/BooleanSelect2.xml (RunModel)" time="0.014" />
  <testcase classname="ptolemy.util.test.junit.AutoTests" name="[41] /home/travis/build/icyphy/ptII/ptolemy/actor/lib/test/auto/BooleanSwitch.xml (RunModel)" time="0.018" />
  <testcase classname="ptolemy.util.test.junit.AutoTests" name="[42] /home/travis/build/icyphy/ptII/ptolemy/actor/lib/test/auto/BooleanSwitch2.xml (RunModel)" time="0.014" />
  <testcase classname="ptolemy.util.test.junit.AutoTests" name="[43] /home/travis/build/icyphy/ptII/ptolemy/actor/lib/test/auto/BooleanSwitchCloningBugWithClassRelationGroup.xml (RunModel)" time="0.036" />
  <testcase classname="ptolemy.util.test.junit.AutoTests" name="[44] /home/travis/build/icyphy/ptII/ptolemy/actor/lib/test/auto/BusActors.xml (RunModel)" time="0.035" />
  <testcase classname="ptolemy.util.test.junit.AutoTests" name="[45] /home/travis/build/icyphy/ptII/ptolemy/actor/lib/test/auto/ClassWrapper.xml (RunModel)" time="0.016" />
  <testcase classname="ptolemy.util.test.junit.AutoTests" name="[46] /home/travis/build/icyphy/ptII/ptolemy/actor/lib/test/auto/Clock.xml (RunModel)" time="0.009" />
  <testcase classname="ptolemy.util.test.junit.AutoTests" name="[47] /home/travis/build/icyphy/ptII/ptolemy/actor/lib/test/auto/Clock10.xml (RunModel)" time="0.019" />
  <testcase classname="ptolemy.util.test.junit.AutoTests" name="[48] /home/travis/build/icyphy/ptII/ptolemy/actor/lib/test/auto/Clock11.xml (RunModel)" time="0.028" />
  <testcase classname="ptolemy.util.test.junit.AutoTests" name="[49] /home/travis/build/icyphy/ptII/ptolemy/actor/lib/test/auto/Clock12.xml (RunModel)" time="0.013" />
  <testcase classname="ptolemy.util.test.junit.AutoTests" name="[50] /home/travis/build/icyphy/ptII/ptolemy/actor/lib/test/auto/Clock13.xml (RunModel)" time="0.012" />
  <testcase classname="ptolemy.util.test.junit.AutoTests" name="[51] /home/travis/build/icyphy/ptII/ptolemy/actor/lib/test/auto/Clock14.xml (RunModel)" time="0.012" />
  <testcase classname="ptolemy.util.test.junit.AutoTests" name="[52] /home/travis/build/icyphy/ptII/ptolemy/actor/lib/test/auto/Clock15.xml (RunModel)" time="0.012" />
  <testcase classname="ptolemy.util.test.junit.AutoTests" name="[53] /home/travis/build/icyphy/ptII/ptolemy/actor/lib/test/auto/Clock16.xml (RunModel)" time="0.07" />
  <testcase classname="ptolemy.util.test.junit.AutoTests" name="[54] /home/travis/build/icyphy/ptII/ptolemy/actor/lib/test/auto/Clock17.xml (RunModel)" time="0.034" />
  <testcase classname="ptolemy.util.test.junit.AutoTests" name="[55] /home/travis/build/icyphy/ptII/ptolemy/actor/lib/test/auto/Clock18.xml (RunModel)" time="0.045" />
  <testcase classname="ptolemy.util.test.junit.AutoTests" name="[56] /home/travis/build/icyphy/ptII/ptolemy/actor/lib/test/auto/Clock19.xml (RunModel)" time="0.037" />
  <testcase classname="ptolemy.util.test.junit.AutoTests" name="[57] /home/travis/build/icyphy/ptII/ptolemy/actor/lib/test/auto/Clock2.xml (RunModel)" time="0.013" />
  <testcase classname="ptolemy.util.test.junit.AutoTests" name="[58] /home/travis/build/icyphy/ptII/ptolemy/actor/lib/test/auto/Clock20.xml (RunModel)" time="0.02" />
  <testcase classname="ptolemy.util.test.junit.AutoTests" name="[59] /home/travis/build/icyphy/ptII/ptolemy/actor/lib/test/auto/Clock21.xml (RunModel)" time="0.01" />
  <testcase classname="ptolemy.util.test.junit.AutoTests" name="[60] /home/travis/build/icyphy/ptII/ptolemy/actor/lib/test/auto/Clock22.xml (RunModel)" time="0.01" />
  <testcase classname="ptolemy.util.test.junit.AutoTests" name="[61] /home/travis/build/icyphy/ptII/ptolemy/actor/lib/test/auto/Clock23.xml (RunModel)" time="0.014" />
  <testcase classname="ptolemy.util.test.junit.AutoTests" name="[62] /home/travis/build/icyphy/ptII/ptolemy/actor/lib/test/auto/Clock24.xml (RunModel)" time="0.013" />
  <testcase classname="ptolemy.util.test.junit.AutoTests" name="[63] /home/travis/build/icyphy/ptII/ptolemy/actor/lib/test/auto/Clock4.xml (RunModel)" time="0.015" />
  <testcase classname="ptolemy.util.test.junit.AutoTests" name="[64] /home/travis/build/icyphy/ptII/ptolemy/actor/lib/test/auto/Clock5.xml (RunModel)" time="0.008" />
  <testcase classname="ptolemy.util.test.junit.AutoTests" name="[65] /home/travis/build/icyphy/ptII/ptolemy/actor/lib/test/auto/Clock6.xml (RunModel)" time="0.014" />
  <testcase classname="ptolemy.util.test.junit.AutoTests" name="[66] /home/travis/build/icyphy/ptII/ptolemy/actor/lib/test/auto/Clock7.xml (RunModel)" time="0.007" />
  <testcase classname="ptolemy.util.test.junit.AutoTests" name="[67] /home/travis/build/icyphy/ptII/ptolemy/actor/lib/test/auto/Clock8.xml (RunModel)" time="0.012" />
  <testcase classname="ptolemy.util.test.junit.AutoTests" name="[68] /home/travis/build/icyphy/ptII/ptolemy/actor/lib/test/auto/Clock9.xml (RunModel)" time="0.01" />
  <testcase classname="ptolemy.util.test.junit.AutoTests" name="[69] /home/travis/build/icyphy/ptII/ptolemy/actor/lib/test/auto/CommDistDiscard.xml (RunModel)" time="0.014" />
  <testcase classname="ptolemy.util.test.junit.AutoTests" name="[70] /home/travis/build/icyphy/ptII/ptolemy/actor/lib/test/auto/Commutator.xml (RunModel)" time="0.012" />
  <testcase classname="ptolemy.util.test.junit.AutoTests" name="[71] /home/travis/build/icyphy/ptII/ptolemy/actor/lib/test/auto/Commutator2.xml (RunModel)" time="0.015" />
  <testcase classname="ptolemy.util.test.junit.AutoTests" name="[72] /home/travis/build/icyphy/ptII/ptolemy/actor/lib/test/auto/Commutator3.xml (RunModel)" time="0.01" />
  <testcase classname="ptolemy.util.test.junit.AutoTests" name="[73] /home/travis/build/icyphy/ptII/ptolemy/actor/lib/test/auto/Compare.xml (RunModel)" time="0.016" />
  <testcase classname="ptolemy.util.test.junit.AutoTests" name="[74] /home/travis/build/icyphy/ptII/ptolemy/actor/lib/test/auto/CompareDE.xml (RunModel)" time="0.016" />
  <testcase classname="ptolemy.util.test.junit.AutoTests" name="[75] /home/travis/build/icyphy/ptII/ptolemy/actor/lib/test/auto/ComplexDivide.xml (RunModel)" time="0.01" />
  <testcase classname="ptolemy.util.test.junit.AutoTests" name="[76] /home/travis/build/icyphy/ptII/ptolemy/actor/lib/test/auto/ComputeHistogram.xml (RunModel)" time="0.071" />
  <testcase classname="ptolemy.util.test.junit.AutoTests" name="[77] /home/travis/build/icyphy/ptII/ptolemy/actor/lib/test/auto/ConfigurationSelect.xml (RunModel)" time="0.021" />
  <testcase classname="ptolemy.util.test.junit.AutoTests" name="[78] /home/travis/build/icyphy/ptII/ptolemy/actor/lib/test/auto/ConfigurationSelect2.xml (RunModel)" time="0.014" />
  <testcase classname="ptolemy.util.test.junit.AutoTests" name="[79] /home/travis/build/icyphy/ptII/ptolemy/actor/lib/test/auto/ConfigurationSwitch.xml (RunModel)" time="0.027" />
  <testcase classname="ptolemy.util.test.junit.AutoTests" name="[80] /home/travis/build/icyphy/ptII/ptolemy/actor/lib/test/auto/ConfigurationSwitch2.xml (RunModel)" time="0.023" />
  <testcase classname="ptolemy.util.test.junit.AutoTests" name="[81] /home/travis/build/icyphy/ptII/ptolemy/actor/lib/test/auto/ConfigurationSwitchCloningBugWithClassRelationGroup.xml (RunModel)" time="0.019" />
  <testcase classname="ptolemy.util.test.junit.AutoTests" name="[82] /home/travis/build/icyphy/ptII/ptolemy/actor/lib/test/auto/ConfigurationSwitchSelectSDF.xml (RunModel)" time="0.016" />
  <testcase classname="ptolemy.util.test.junit.AutoTests" name="[83] /home/travis/build/icyphy/ptII/ptolemy/actor/lib/test/auto/ConfigurationSwitchSelectSDF2.xml (RunModel)" time="0.015" />
  <testcase classname="ptolemy.util.test.junit.AutoTests" name="[84] /home/travis/build/icyphy/ptII/ptolemy/actor/lib/test/auto/Const.xml (RunModel)" time="0.006" />
  <testcase classname="ptolemy.util.test.junit.AutoTests" name="[85] /home/travis/build/icyphy/ptII/ptolemy/actor/lib/test/auto/Const2.xml (RunModel)" time="0.009" />
  <testcase classname="ptolemy.util.test.junit.AutoTests" name="[86] /home/travis/build/icyphy/ptII/ptolemy/actor/lib/test/auto/Const3.xml (RunModel)" time="0.007" />
  <testcase classname="ptolemy.util.test.junit.AutoTests" name="[87] /home/travis/build/icyphy/ptII/ptolemy/actor/lib/test/auto/ConstantPublisherPort1.xml (RunModel)" time="0.022" />
  <testcase classname="ptolemy.util.test.junit.AutoTests" name="[88] /home/travis/build/icyphy/ptII/ptolemy/actor/lib/test/auto/ConstantPublisherPort2.xml (RunModel)" time="0.034" />
  <testcase classname="ptolemy.util.test.junit.AutoTests" name="[89] /home/travis/build/icyphy/ptII/ptolemy/actor/lib/test/auto/ConstantPublisherPort3.xml (RunModel)" time="0.02" />
  <testcase classname="ptolemy.util.test.junit.AutoTests" name="[90] /home/travis/build/icyphy/ptII/ptolemy/actor/lib/test/auto/ConstantPublisherPort4.xml (RunModel)" time="0.02" />
  <testcase classname="ptolemy.util.test.junit.AutoTests" name="[91] /home/travis/build/icyphy/ptII/ptolemy/actor/lib/test/auto/ConstantPublisherPort5.xml (RunModel)" time="0.039" />
  <testcase classname="ptolemy.util.test.junit.AutoTests" name="[92] /home/travis/build/icyphy/ptII/ptolemy/actor/lib/test/auto/ConstantPublisherPort6.xml (RunModel)" time="0.032" />
  <testcase classname="ptolemy.util.test.junit.AutoTests" name="[93] /home/travis/build/icyphy/ptII/ptolemy/actor/lib/test/auto/ConstantPublisherPort7.xml (RunModel)" time="0.032" />
  <testcase classname="ptolemy.util.test.junit.AutoTests" name="[94] /home/travis/build/icyphy/ptII/ptolemy/actor/lib/test/auto/ConstraintMonitor1.xml (RunModel)" time="0.032" />
  <testcase classname="ptolemy.util.test.junit.AutoTests" name="[95] /home/travis/build/icyphy/ptII/ptolemy/actor/lib/test/auto/ConstraintMonitor2.xml (RunModel)" time="0.013" />
  <testcase classname="ptolemy.util.test.junit.AutoTests" name="[96] /home/travis/build/icyphy/ptII/ptolemy/actor/lib/test/auto/ConstraintMonitor3.xml (RunModel)" time="0.013" />
  <testcase classname="ptolemy.util.test.junit.AutoTests" name="[97] /home/travis/build/icyphy/ptII/ptolemy/actor/lib/test/auto/ConstraintMonitor4.xml (RunModel)" time="0.011" />
  <testcase classname="ptolemy.util.test.junit.AutoTests" name="[98] /home/travis/build/icyphy/ptII/ptolemy/actor/lib/test/auto/ConstraintMonitor5.xml (RunModel)" time="0.011" />
  <testcase classname="ptolemy.util.test.junit.AutoTests" name="[99] /home/travis/build/icyphy/ptII/ptolemy/actor/lib/test/auto/ConstraintMonitor6.xml (RunModel)" time="0.013" />
  <testcase classname="ptolemy.util.test.junit.AutoTests" name="[100] /home/travis/build/icyphy/ptII/ptolemy/actor/lib/test/auto/ConstraintMonitor7.xml (RunModel)" time="0.018" />
  <testcase classname="ptolemy.util.test.junit.AutoTests" name="[101] /home/travis/build/icyphy/ptII/ptolemy/actor/lib/test/auto/ConstraintMonitor8.xml (RunModel)" time="0.015" />
  <testcase classname="ptolemy.util.test.junit.AutoTests" name="[102] /home/travis/build/icyphy/ptII/ptolemy/actor/lib/test/auto/Counter.xml (RunModel)" time="0.012" />
  <testcase classname="ptolemy.util.test.junit.AutoTests" name="[103] /home/travis/build/icyphy/ptII/ptolemy/actor/lib/test/auto/CurrentTimeSDF.xml (RunModel)" time="0.007" />
  <testcase classname="ptolemy.util.test.junit.AutoTests" name="[104] /home/travis/build/icyphy/ptII/ptolemy/actor/lib/test/auto/DB.xml (RunModel)" time="0.01" />
  <testcase classname="ptolemy.util.test.junit.AutoTests" name="[105] /home/travis/build/icyphy/ptII/ptolemy/actor/lib/test/auto/DBDE.xml (RunModel)" time="0.011" />
  <testcase classname="ptolemy.util.test.junit.AutoTests" name="[106] /home/travis/build/icyphy/ptII/ptolemy/actor/lib/test/auto/DateConstructor.xml (RunModel)" time="0.07" />
  <testcase classname="ptolemy.util.test.junit.AutoTests" name="[107] /home/travis/build/icyphy/ptII/ptolemy/actor/lib/test/auto/DelayTime.xml (RunModel)" time="0.015" />
  <testcase classname="ptolemy.util.test.junit.AutoTests" name="[108] /home/travis/build/icyphy/ptII/ptolemy/actor/lib/test/auto/Dictionary1.xml (RunModel)" time="0.017" />
  <testcase classname="ptolemy.util.test.junit.AutoTests" name="[109] /home/travis/build/icyphy/ptII/ptolemy/actor/lib/test/auto/Dictionary2.xml (RunModel)" time="0.016" />
  <testcase classname="ptolemy.util.test.junit.AutoTests" name="[110] /home/travis/build/icyphy/ptII/ptolemy/actor/lib/test/auto/Dictionary3.xml (RunModel)" time="0.012" />
  <testcase classname="ptolemy.util.test.junit.AutoTests" name="[111] /home/travis/build/icyphy/ptII/ptolemy/actor/lib/test/auto/Dictionary4.xml (RunModel)" time="0.017" />
  <testcase classname="ptolemy.util.test.junit.AutoTests" name="[112] /home/travis/build/icyphy/ptII/ptolemy/actor/lib/test/auto/Differential.xml (RunModel)" time="0.019" />
  <testcase classname="ptolemy.util.test.junit.AutoTests" name="[113] /home/travis/build/icyphy/ptII/ptolemy/actor/lib/test/auto/Director.xml (RunModel)" time="0.009" />
  <testcase classname="ptolemy.util.test.junit.AutoTests" name="[114] /home/travis/build/icyphy/ptII/ptolemy/actor/lib/test/auto/DiscreteClock.xml (RunModel)" time="0.007" />
  <testcase classname="ptolemy.util.test.junit.AutoTests" name="[115] /home/travis/build/icyphy/ptII/ptolemy/actor/lib/test/auto/DiscreteClock10.xml (RunModel)" time="0.011" />
  <testcase classname="ptolemy.util.test.junit.AutoTests" name="[116] /home/travis/build/icyphy/ptII/ptolemy/actor/lib/test/auto/DiscreteClock11.xml (RunModel)" time="0.01" />
  <testcase classname="ptolemy.util.test.junit.AutoTests" name="[117] /home/travis/build/icyphy/ptII/ptolemy/actor/lib/test/auto/DiscreteClock12.xml (RunModel)" time="0.009" />
  <testcase classname="ptolemy.util.test.junit.AutoTests" name="[118] /home/travis/build/icyphy/ptII/ptolemy/actor/lib/test/auto/DiscreteClock13.xml (RunModel)" time="0.011" />
  <testcase classname="ptolemy.util.test.junit.AutoTests" name="[119] /home/travis/build/icyphy/ptII/ptolemy/actor/lib/test/auto/DiscreteClock14.xml (RunModel)" time="0.011" />
  <testcase classname="ptolemy.util.test.junit.AutoTests" name="[120] /home/travis/build/icyphy/ptII/ptolemy/actor/lib/test/auto/DiscreteClock15.xml (RunModel)" time="0.014" />
  <testcase classname="ptolemy.util.test.junit.AutoTests" name="[121] /home/travis/build/icyphy/ptII/ptolemy/actor/lib/test/auto/DiscreteClock16.xml (RunModel)" time="0.036" />
  <testcase classname="ptolemy.util.test.junit.AutoTests" name="[122] /home/travis/build/icyphy/ptII/ptolemy/actor/lib/test/auto/DiscreteClock17.xml (RunModel)" time="0.031" />
  <testcase classname="ptolemy.util.test.junit.AutoTests" name="[123] /home/travis/build/icyphy/ptII/ptolemy/actor/lib/test/auto/DiscreteClock18.xml (RunModel)" time="0.033" />
  <testcase classname="ptolemy.util.test.junit.AutoTests" name="[124] /home/travis/build/icyphy/ptII/ptolemy/actor/lib/test/auto/DiscreteClock19.xml (RunModel)" time="0.029" />
  <testcase classname="ptolemy.util.test.junit.AutoTests" name="[125] /home/travis/build/icyphy/ptII/ptolemy/actor/lib/test/auto/DiscreteClock2.xml (RunModel)" time="0.008" />
  <testcase classname="ptolemy.util.test.junit.AutoTests" name="[126] /home/travis/build/icyphy/ptII/ptolemy/actor/lib/test/auto/DiscreteClock20.xml (RunModel)" time="0.013" />
  <testcase classname="ptolemy.util.test.junit.AutoTests" name="[127] /home/travis/build/icyphy/ptII/ptolemy/actor/lib/test/auto/DiscreteClock21.xml (RunModel)" time="0.011" />
  <testcase classname="ptolemy.util.test.junit.AutoTests" name="[128] /home/travis/build/icyphy/ptII/ptolemy/actor/lib/test/auto/DiscreteClock22.xml (RunModel)" time="0.011" />
  <testcase classname="ptolemy.util.test.junit.AutoTests" name="[129] /home/travis/build/icyphy/ptII/ptolemy/actor/lib/test/auto/DiscreteClock23.xml (RunModel)" time="0.018" />
  <testcase classname="ptolemy.util.test.junit.AutoTests" name="[130] /home/travis/build/icyphy/ptII/ptolemy/actor/lib/test/auto/DiscreteClock24.xml (RunModel)" time="0.017" />
  <testcase classname="ptolemy.util.test.junit.AutoTests" name="[131] /home/travis/build/icyphy/ptII/ptolemy/actor/lib/test/auto/DiscreteClock4.xml (RunModel)" time="0.011" />
  <testcase classname="ptolemy.util.test.junit.AutoTests" name="[132] /home/travis/build/icyphy/ptII/ptolemy/actor/lib/test/auto/DiscreteClock5.xml (RunModel)" time="0.008" />
  <testcase classname="ptolemy.util.test.junit.AutoTests" name="[133] /home/travis/build/icyphy/ptII/ptolemy/actor/lib/test/auto/DiscreteClock6.xml (RunModel)" time="0.006" />
  <testcase classname="ptolemy.util.test.junit.AutoTests" name="[134] /home/travis/build/icyphy/ptII/ptolemy/actor/lib/test/auto/DiscreteClock7.xml (RunModel)" time="0.009" />
  <testcase classname="ptolemy.util.test.junit.AutoTests" name="[135] /home/travis/build/icyphy/ptII/ptolemy/actor/lib/test/auto/DiscreteClock8.xml (RunModel)" time="0.018" />
  <testcase classname="ptolemy.util.test.junit.AutoTests" name="[136] /home/travis/build/icyphy/ptII/ptolemy/actor/lib/test/auto/DiscreteClock9.xml (RunModel)" time="0.011" />
  <testcase classname="ptolemy.util.test.junit.AutoTests" name="[137] /home/travis/build/icyphy/ptII/ptolemy/actor/lib/test/auto/DisplayArray.xml (RunModel)" time="0.009" />
  <testcase classname="ptolemy.util.test.junit.AutoTests" name="[138] /home/travis/build/icyphy/ptII/ptolemy/actor/lib/test/auto/Distributor.xml (RunModel)" time="0.007" />
  <testcase classname="ptolemy.util.test.junit.AutoTests" name="[139] /home/travis/build/icyphy/ptII/ptolemy/actor/lib/test/auto/Distributor2.xml (RunModel)" time="0.008" />
  <testcase classname="ptolemy.util.test.junit.AutoTests" name="[140] /home/travis/build/icyphy/ptII/ptolemy/actor/lib/test/auto/DownSample.xml (RunModel)" time="0.009" />
  <testcase classname="ptolemy.util.test.junit.AutoTests" name="[141] /home/travis/build/icyphy/ptII/ptolemy/actor/lib/test/auto/ElectronicUnitBase1.xml (RunModel)" time="0.08" />
  <testcase classname="ptolemy.util.test.junit.AutoTests" name="[142] /home/travis/build/icyphy/ptII/ptolemy/actor/lib/test/auto/ElementsToArray.xml (RunModel)" time="0.008" />
  <testcase classname="ptolemy.util.test.junit.AutoTests" name="[143] /home/travis/build/icyphy/ptII/ptolemy/actor/lib/test/auto/Equals.xml (RunModel)" time="0.012" />
  <testcase classname="ptolemy.util.test.junit.AutoTests" name="[144] /home/travis/build/icyphy/ptII/ptolemy/actor/lib/test/auto/Exec.xml (RunModel)" time="0.02" />
  <testcase classname="ptolemy.util.test.junit.AutoTests" name="[145] /home/travis/build/icyphy/ptII/ptolemy/actor/lib/test/auto/ExecEnvironment.xml (RunModel)" time="0.032" />
  <testcase classname="ptolemy.util.test.junit.AutoTests" name="[146] /home/travis/build/icyphy/ptII/ptolemy/actor/lib/test/auto/ExecNonZeroReturnOutput.xml (RunModel)" time="0.171" />
  <testcase classname="ptolemy.util.test.junit.AutoTests" name="[147] /home/travis/build/icyphy/ptII/ptolemy/actor/lib/test/auto/ExecRunDemos.xml (RunModel)" time="10.001" />
  <testcase classname="ptolemy.util.test.junit.AutoTests" name="[148] /home/travis/build/icyphy/ptII/ptolemy/actor/lib/test/auto/ExecStop.xml (RunModel)" time="5.043" />
  <testcase classname="ptolemy.util.test.junit.AutoTests" name="[149] /home/travis/build/icyphy/ptII/ptolemy/actor/lib/test/auto/ExecutionTimeSDF.xml (RunModel)" time="6.031" />
  <testcase classname="ptolemy.util.test.junit.AutoTests" name="[150] /home/travis/build/icyphy/ptII/ptolemy/actor/lib/test/auto/Expression1.xml (RunModel)" time="0.028" />
  <testcase classname="ptolemy.util.test.junit.AutoTests" name="[151] /home/travis/build/icyphy/ptII/ptolemy/actor/lib/test/auto/Expression10.xml (RunModel)" time="0.022" />
  <testcase classname="ptolemy.util.test.junit.AutoTests" name="[152] /home/travis/build/icyphy/ptII/ptolemy/actor/lib/test/auto/Expression11.xml (RunModel)" time="0.01" />
  <testcase classname="ptolemy.util.test.junit.AutoTests" name="[153] /home/travis/build/icyphy/ptII/ptolemy/actor/lib/test/auto/Expression12.xml (RunModel)" time="0.013" />
  <testcase classname="ptolemy.util.test.junit.AutoTests" name="[154] /home/travis/build/icyphy/ptII/ptolemy/actor/lib/test/auto/Expression13.xml (RunModel)" time="0.009" />
  <testcase classname="ptolemy.util.test.junit.AutoTests" name="[155] /home/travis/build/icyphy/ptII/ptolemy/actor/lib/test/auto/Expression14.xml (RunModel)" time="0.016" />
  <testcase classname="ptolemy.util.test.junit.AutoTests" name="[156] /home/travis/build/icyphy/ptII/ptolemy/actor/lib/test/auto/Expression15.xml (RunModel)" time="0.006" />
  <testcase classname="ptolemy.util.test.junit.AutoTests" name="[157] /home/travis/build/icyphy/ptII/ptolemy/actor/lib/test/auto/Expression16.xml (RunModel)" time="0.011" />
  <testcase classname="ptolemy.util.test.junit.AutoTests" name="[158] /home/travis/build/icyphy/ptII/ptolemy/actor/lib/test/auto/Expression17.xml (RunModel)" time="0.009" />
  <testcase classname="ptolemy.util.test.junit.AutoTests" name="[159] /home/travis/build/icyphy/ptII/ptolemy/actor/lib/test/auto/Expression18.xml (RunModel)" time="0.01" />
  <testcase classname="ptolemy.util.test.junit.AutoTests" name="[160] /home/travis/build/icyphy/ptII/ptolemy/actor/lib/test/auto/Expression2.xml (RunModel)" time="0.008" />
  <testcase classname="ptolemy.util.test.junit.AutoTests" name="[161] /home/travis/build/icyphy/ptII/ptolemy/actor/lib/test/auto/Expression3.xml (RunModel)" time="0.012" />
  <testcase classname="ptolemy.util.test.junit.AutoTests" name="[162] /home/travis/build/icyphy/ptII/ptolemy/actor/lib/test/auto/Expression4.xml (RunModel)" time="0.014" />
  <testcase classname="ptolemy.util.test.junit.AutoTests" name="[163] /home/travis/build/icyphy/ptII/ptolemy/actor/lib/test/auto/Expression5.xml (RunModel)" time="0.011" />
  <testcase classname="ptolemy.util.test.junit.AutoTests" name="[164] /home/travis/build/icyphy/ptII/ptolemy/actor/lib/test/auto/Expression6.xml (RunModel)" time="0.007" />
  <testcase classname="ptolemy.util.test.junit.AutoTests" name="[165] /home/travis/build/icyphy/ptII/ptolemy/actor/lib/test/auto/Expression7.xml (RunModel)" time="0.009" />
  <testcase classname="ptolemy.util.test.junit.AutoTests" name="[166] /home/travis/build/icyphy/ptII/ptolemy/actor/lib/test/auto/Expression8.xml (RunModel)" time="0.012" />
  <testcase classname="ptolemy.util.test.junit.AutoTests" name="[167] /home/travis/build/icyphy/ptII/ptolemy/actor/lib/test/auto/Expression9.xml (RunModel)" time="0.007" />
  <testcase classname="ptolemy.util.test.junit.AutoTests" name="[168] /home/travis/build/icyphy/ptII/ptolemy/actor/lib/test/auto/ExpressionConcatenateArrayType.xml (RunModel)" time="0.024" />
  <testcase classname="ptolemy.util.test.junit.AutoTests" name="[169] /home/travis/build/icyphy/ptII/ptolemy/actor/lib/test/auto/ExpressionConcatenateArrayType2.xml (RunModel)" time="0.022" />
  <testcase classname="ptolemy.util.test.junit.AutoTests" name="[170] /home/travis/build/icyphy/ptII/ptolemy/actor/lib/test/auto/ExpressionFix.xml (RunModel)" time="0.041" />
  <testcase classname="ptolemy.util.test.junit.AutoTests" name="[171] /home/travis/build/icyphy/ptII/ptolemy/actor/lib/test/auto/ExpressionFix2.xml (RunModel)" time="0.016" />
  <testcase classname="ptolemy.util.test.junit.AutoTests" name="[172] /home/travis/build/icyphy/ptII/ptolemy/actor/lib/test/auto/ExpressionFix3.xml (RunModel)" time="0.011" />
  <testcase classname="ptolemy.util.test.junit.AutoTests" name="[173] /home/travis/build/icyphy/ptII/ptolemy/actor/lib/test/auto/FileWriter1.xml (RunModel)" time="0.009" />
  <testcase classname="ptolemy.util.test.junit.AutoTests" name="[174] /home/travis/build/icyphy/ptII/ptolemy/actor/lib/test/auto/FileWriter2.xml (RunModel)" time="0.009" />
  <testcase classname="ptolemy.util.test.junit.AutoTests" name="[175] /home/travis/build/icyphy/ptII/ptolemy/actor/lib/test/auto/FileWriter3.xml (RunModel)" time="0.011" />
  <testcase classname="ptolemy.util.test.junit.AutoTests" name="[176] /home/travis/build/icyphy/ptII/ptolemy/actor/lib/test/auto/Gaussian.xml (RunModel)" time="0.01" />
  <testcase classname="ptolemy.util.test.junit.AutoTests" name="[177] /home/travis/build/icyphy/ptII/ptolemy/actor/lib/test/auto/Gaussian1.xml (RunModel)" time="0.02" />
  <testcase classname="ptolemy.util.test.junit.AutoTests" name="[178] /home/travis/build/icyphy/ptII/ptolemy/actor/lib/test/auto/Gaussian2.xml (RunModel)" time="0.021" />
  <testcase classname="ptolemy.util.test.junit.AutoTests" name="[179] /home/travis/build/icyphy/ptII/ptolemy/actor/lib/test/auto/GradientAdaptiveLattice.xml (RunModel)" time="0.014" />
  <testcase classname="ptolemy.util.test.junit.AutoTests" name="[180] /home/travis/build/icyphy/ptII/ptolemy/actor/lib/test/auto/IIR.xml (RunModel)" time="0.009" />
  <testcase classname="ptolemy.util.test.junit.AutoTests" name="[181] /home/travis/build/icyphy/ptII/ptolemy/actor/lib/test/auto/InputOutputTransparentPorts.xml (RunModel)" time="0.018" />
  <testcase classname="ptolemy.util.test.junit.AutoTests" name="[182] /home/travis/build/icyphy/ptII/ptolemy/actor/lib/test/auto/Interpolator.xml (RunModel)" time="0.011" />
  <testcase classname="ptolemy.util.test.junit.AutoTests" name="[183] /home/travis/build/icyphy/ptII/ptolemy/actor/lib/test/auto/InterpolatorFiringLimitDE.xml (RunModel)" time="0.011" />
  <testcase classname="ptolemy.util.test.junit.AutoTests" name="[184] /home/travis/build/icyphy/ptII/ptolemy/actor/lib/test/auto/Lattice.xml (RunModel)" time="0.007" />
  <testcase classname="ptolemy.util.test.junit.AutoTests" name="[185] /home/travis/build/icyphy/ptII/ptolemy/actor/lib/test/auto/LazyAOCTestLazy.xml (RunModel)" time="0.019" />
  <testcase classname="ptolemy.util.test.junit.AutoTests" name="[186] /home/travis/build/icyphy/ptII/ptolemy/actor/lib/test/auto/LazyAOCTestNonLazy.xml (RunModel)" time="0.049" />
  <testcase classname="ptolemy.util.test.junit.AutoTests" name="[187] /home/travis/build/icyphy/ptII/ptolemy/actor/lib/test/auto/LazyInnerClass.xml (RunModel)" time="0.033" />
  <testcase classname="ptolemy.util.test.junit.AutoTests" name="[188] /home/travis/build/icyphy/ptII/ptolemy/actor/lib/test/auto/LazyPubSub.xml (RunModel)" time="0.051" />
  <testcase classname="ptolemy.util.test.junit.AutoTests" name="[189] /home/travis/build/icyphy/ptII/ptolemy/actor/lib/test/auto/LazyPubSub2.xml (RunModel)" time="0.048" />
  <testcase classname="ptolemy.util.test.junit.AutoTests" name="[190] /home/travis/build/icyphy/ptII/ptolemy/actor/lib/test/auto/LazyPubSub3.xml (RunModel)" time="0.023" />
  <testcase classname="ptolemy.util.test.junit.AutoTests" name="[191] /home/travis/build/icyphy/ptII/ptolemy/actor/lib/test/auto/LazySubClassModel.xml (RunModel)" time="0.02" />
  <testcase classname="ptolemy.util.test.junit.AutoTests" name="[192] /home/travis/build/icyphy/ptII/ptolemy/actor/lib/test/auto/LevelCrossTest1.xml (RunModel)" time="0.009" />
  <testcase classname="ptolemy.util.test.junit.AutoTests" name="[193] /home/travis/build/icyphy/ptII/ptolemy/actor/lib/test/auto/LevelCrossTest10.xml (RunModel)" time="0.013" />
  <testcase classname="ptolemy.util.test.junit.AutoTests" name="[194] /home/travis/build/icyphy/ptII/ptolemy/actor/lib/test/auto/LevelCrossTest11.xml (RunModel)" time="0.014" />
  <testcase classname="ptolemy.util.test.junit.AutoTests" name="[195] /home/travis/build/icyphy/ptII/ptolemy/actor/lib/test/auto/LevelCrossTest12.xml (RunModel)" time="0.014" />
  <testcase classname="ptolemy.util.test.junit.AutoTests" name="[196] /home/travis/build/icyphy/ptII/ptolemy/actor/lib/test/auto/LevelCrossTest13.xml (RunModel)" time="0.021" />
  <testcase classname="ptolemy.util.test.junit.AutoTests" name="[197] /home/travis/build/icyphy/ptII/ptolemy/actor/lib/test/auto/LevelCrossTest2.xml (RunModel)" time="0.012" />
  <testcase classname="ptolemy.util.test.junit.AutoTests" name="[198] /home/travis/build/icyphy/ptII/ptolemy/actor/lib/test/auto/LevelCrossTest3.xml (RunModel)" time="0.009" />
  <testcase classname="ptolemy.util.test.junit.AutoTests" name="[199] /home/travis/build/icyphy/ptII/ptolemy/actor/lib/test/auto/LevelCrossTest4.xml (RunModel)" time="0.008" />
  <testcase classname="ptolemy.util.test.junit.AutoTests" name="[200] /home/travis/build/icyphy/ptII/ptolemy/actor/lib/test/auto/LevelCrossTest5.xml (RunModel)" time="0.014" />
  <testcase classname="ptolemy.util.test.junit.AutoTests" name="[201] /home/travis/build/icyphy/ptII/ptolemy/actor/lib/test/auto/LevelCrossTest6.xml (RunModel)" time="0.01" />
  <testcase classname="ptolemy.util.test.junit.AutoTests" name="[202] /home/travis/build/icyphy/ptII/ptolemy/actor/lib/test/auto/LevelCrossTest7.xml (RunModel)" time="0.018" />
  <testcase classname="ptolemy.util.test.junit.AutoTests" name="[203] /home/travis/build/icyphy/ptII/ptolemy/actor/lib/test/auto/LevelCrossTest8.xml (RunModel)" time="0.012" />
  <testcase classname="ptolemy.util.test.junit.AutoTests" name="[204] /home/travis/build/icyphy/ptII/ptolemy/actor/lib/test/auto/LevelCrossTest9.xml (RunModel)" time="0.012" />
  <testcase classname="ptolemy.util.test.junit.AutoTests" name="[205] /home/travis/build/icyphy/ptII/ptolemy/actor/lib/test/auto/LevinsonDurbin.xml (RunModel)" time="0.008" />
  <testcase classname="ptolemy.util.test.junit.AutoTests" name="[206] /home/travis/build/icyphy/ptII/ptolemy/actor/lib/test/auto/LevinsonDurbin2.xml (RunModel)" time="0.007" />
  <testcase classname="ptolemy.util.test.junit.AutoTests" name="[207] /home/travis/build/icyphy/ptII/ptolemy/actor/lib/test/auto/LevinsonDurbin3.xml (RunModel)" time="0.009" />
  <testcase classname="ptolemy.util.test.junit.AutoTests" name="[208] /home/travis/build/icyphy/ptII/ptolemy/actor/lib/test/auto/Limiter.xml (RunModel)" time="0.038" />
  <testcase classname="ptolemy.util.test.junit.AutoTests" name="[209] /home/travis/build/icyphy/ptII/ptolemy/actor/lib/test/auto/LinearDifferenceEquationSystem.xml (RunModel)" time="0.022" />
  <testcase classname="ptolemy.util.test.junit.AutoTests" name="[210] /home/travis/build/icyphy/ptII/ptolemy/actor/lib/test/auto/LookupTable.xml (RunModel)" time="0.009" />
  <testcase classname="ptolemy.util.test.junit.AutoTests" name="[211] /home/travis/build/icyphy/ptII/ptolemy/actor/lib/test/auto/MathFunction.xml (RunModel)" time="0.018" />
  <testcase classname="ptolemy.util.test.junit.AutoTests" name="[212] /home/travis/build/icyphy/ptII/ptolemy/actor/lib/test/auto/MathFunction2.xml (RunModel)" time="0.009" />
  <testcase classname="ptolemy.util.test.junit.AutoTests" name="[213] /home/travis/build/icyphy/ptII/ptolemy/actor/lib/test/auto/MathFunction3.xml (RunModel)" time="0.021" />
  <testcase classname="ptolemy.util.test.junit.AutoTests" name="[214] /home/travis/build/icyphy/ptII/ptolemy/actor/lib/test/auto/MatrixCropBoolean.xml (RunModel)" time="0.011" />
  <testcase classname="ptolemy.util.test.junit.AutoTests" name="[215] /home/travis/build/icyphy/ptII/ptolemy/actor/lib/test/auto/MatrixCropComplex.xml (RunModel)" time="0.008" />
  <testcase classname="ptolemy.util.test.junit.AutoTests" name="[216] /home/travis/build/icyphy/ptII/ptolemy/actor/lib/test/auto/MatrixCropDouble.xml (RunModel)" time="0.008" />
  <testcase classname="ptolemy.util.test.junit.AutoTests" name="[217] /home/travis/build/icyphy/ptII/ptolemy/actor/lib/test/auto/MatrixCropFix.xml (RunModel)" time="0.008" />
  <testcase classname="ptolemy.util.test.junit.AutoTests" name="[218] /home/travis/build/icyphy/ptII/ptolemy/actor/lib/test/auto/MatrixCropInt.xml (RunModel)" time="0.008" />
  <testcase classname="ptolemy.util.test.junit.AutoTests" name="[219] /home/travis/build/icyphy/ptII/ptolemy/actor/lib/test/auto/MatrixCropLong.xml (RunModel)" time="0.008" />
  <testcase classname="ptolemy.util.test.junit.AutoTests" name="[220] /home/travis/build/icyphy/ptII/ptolemy/actor/lib/test/auto/MatrixToArray.xml (RunModel)" time="0.05" />
  <testcase classname="ptolemy.util.test.junit.AutoTests" name="[221] /home/travis/build/icyphy/ptII/ptolemy/actor/lib/test/auto/MaxIndex.xml (RunModel)" time="0.016" />
  <testcase classname="ptolemy.util.test.junit.AutoTests" name="[222] /home/travis/build/icyphy/ptII/ptolemy/actor/lib/test/auto/Maximum.xml (RunModel)" time="0.01" />
  <testcase classname="ptolemy.util.test.junit.AutoTests" name="[223] /home/travis/build/icyphy/ptII/ptolemy/actor/lib/test/auto/MaximumComplex.xml (RunModel)" time="0.011" />
  <testcase classname="ptolemy.util.test.junit.AutoTests" name="[224] /home/travis/build/icyphy/ptII/ptolemy/actor/lib/test/auto/MethodCallTest.xml (RunModel)" time="0.019" />
  <testcase classname="ptolemy.util.test.junit.AutoTests" name="[225] /home/travis/build/icyphy/ptII/ptolemy/actor/lib/test/auto/Minimum.xml (RunModel)" time="0.011" />
  <testcase classname="ptolemy.util.test.junit.AutoTests" name="[226] /home/travis/build/icyphy/ptII/ptolemy/actor/lib/test/auto/MinimumComplex.xml (RunModel)" time="0.021" />
  <testcase classname="ptolemy.util.test.junit.AutoTests" name="[227] /home/travis/build/icyphy/ptII/ptolemy/actor/lib/test/auto/MinimumMultiports.xml (RunModel)" time="0.014" />
  <testcase classname="ptolemy.util.test.junit.AutoTests" name="[228] /home/travis/build/icyphy/ptII/ptolemy/actor/lib/test/auto/ModifyDate.xml (RunModel)" time="0.043" />
  <testcase classname="ptolemy.util.test.junit.AutoTests" name="[229] /home/travis/build/icyphy/ptII/ptolemy/actor/lib/test/auto/ModifyDate2.xml (RunModel)" time="0.022" />
  <testcase classname="ptolemy.util.test.junit.AutoTests" name="[230] /home/travis/build/icyphy/ptII/ptolemy/actor/lib/test/auto/MovingAverage.xml (RunModel)" time="0.008" />
  <testcase classname="ptolemy.util.test.junit.AutoTests" name="[231] /home/travis/build/icyphy/ptII/ptolemy/actor/lib/test/auto/MovingMaximum.xml (RunModel)" time="0.009" />
  <testcase classname="ptolemy.util.test.junit.AutoTests" name="[232] /home/travis/build/icyphy/ptII/ptolemy/actor/lib/test/auto/MultipleLinksToSameRelation.xml (RunModel)" time="0.008" />
  <testcase classname="ptolemy.util.test.junit.AutoTests" name="[233] /home/travis/build/icyphy/ptII/ptolemy/actor/lib/test/auto/MultipleLinksToSameRelationDE.xml (RunModel)" time="0.013" />
  <testcase classname="ptolemy.util.test.junit.AutoTests" name="[234] /home/travis/build/icyphy/ptII/ptolemy/actor/lib/test/auto/Multiplexor.xml (RunModel)" time="0.011" />
  <testcase classname="ptolemy.util.test.junit.AutoTests" name="[235] /home/travis/build/icyphy/ptII/ptolemy/actor/lib/test/auto/Multiplexor1.xml (RunModel)" time="0.009" />
  <testcase classname="ptolemy.util.test.junit.AutoTests" name="[236] /home/travis/build/icyphy/ptII/ptolemy/actor/lib/test/auto/Multiplexor2.xml (RunModel)" time="0.017" />
  <testcase classname="ptolemy.util.test.junit.AutoTests" name="[237] /home/travis/build/icyphy/ptII/ptolemy/actor/lib/test/auto/Multiplexor3.xml (RunModel)" time="0.008" />
  <testcase classname="ptolemy.util.test.junit.AutoTests" name="[238] /home/travis/build/icyphy/ptII/ptolemy/actor/lib/test/auto/MultiplexorDE.xml (RunModel)" time="0.014" />
  <testcase classname="ptolemy.util.test.junit.AutoTests" name="[239] /home/travis/build/icyphy/ptII/ptolemy/actor/lib/test/auto/MultiportBroadcastTest.xml (RunModel)" time="0.079" />
  <testcase classname="ptolemy.util.test.junit.AutoTests" name="[240] /home/travis/build/icyphy/ptII/ptolemy/actor/lib/test/auto/MultiportOutHangDuringGetWidth.xml (RunModel)" time="0.025" />
  <testcase classname="ptolemy.util.test.junit.AutoTests" name="[241] /home/travis/build/icyphy/ptII/ptolemy/actor/lib/test/auto/NilToken.xml (RunModel)" time="0.009" />
  <testcase classname="ptolemy.util.test.junit.AutoTests" name="[242] /home/travis/build/icyphy/ptII/ptolemy/actor/lib/test/auto/NilTokenNonStrictTest.xml (RunModel)" time="0.008" />
  <testcase classname="ptolemy.util.test.junit.AutoTests" name="[243] /home/travis/build/icyphy/ptII/ptolemy/actor/lib/test/auto/NilTokenRecord.xml (RunModel)" time="0.018" />
  <testcase classname="ptolemy.util.test.junit.AutoTests" name="[244] /home/travis/build/icyphy/ptII/ptolemy/actor/lib/test/auto/NilTokenTypeTest.xml (RunModel)" time="0.03" />
  <testcase classname="ptolemy.util.test.junit.AutoTests" name="[245] /home/travis/build/icyphy/ptII/ptolemy/actor/lib/test/auto/ObjectToken1.xml (RunModel)" time="0.007" />
  <testcase classname="ptolemy.util.test.junit.AutoTests" name="[246] /home/travis/build/icyphy/ptII/ptolemy/actor/lib/test/auto/OrderedMerge.xml (RunModel)" time="0.013" />
  <testcase classname="ptolemy.util.test.junit.AutoTests" name="[247] /home/travis/build/icyphy/ptII/ptolemy/actor/lib/test/auto/OrderedRecordDisassembler.xml (RunModel)" time="0.017" />
  <testcase classname="ptolemy.util.test.junit.AutoTests" name="[248] /home/travis/build/icyphy/ptII/ptolemy/actor/lib/test/auto/OrderedRecordDisassembler2.xml (RunModel)" time="0.015" />
  <testcase classname="ptolemy.util.test.junit.AutoTests" name="[249] /home/travis/build/icyphy/ptII/ptolemy/actor/lib/test/auto/OrderedRecordUpdater.xml (RunModel)" time="0.009" />
  <testcase classname="ptolemy.util.test.junit.AutoTests" name="[250] /home/travis/build/icyphy/ptII/ptolemy/actor/lib/test/auto/OrderedRecordUpdater2.xml (RunModel)" time="0.015" />
  <testcase classname="ptolemy.util.test.junit.AutoTests" name="[251] /home/travis/build/icyphy/ptII/ptolemy/actor/lib/test/auto/PhaseUnwrap.xml (RunModel)" time="0.01" />
  <testcase classname="ptolemy.util.test.junit.AutoTests" name="[252] /home/travis/build/icyphy/ptII/ptolemy/actor/lib/test/auto/PoissonClock.xml (RunModel)" time="0.008" />
  <testcase classname="ptolemy.util.test.junit.AutoTests" name="[253] /home/travis/build/icyphy/ptII/ptolemy/actor/lib/test/auto/PoissonClock2.xml (RunModel)" time="0.006" />
  <testcase classname="ptolemy.util.test.junit.AutoTests" name="[254] /home/travis/build/icyphy/ptII/ptolemy/actor/lib/test/auto/PoissonClock3.xml (RunModel)" time="0.021" />
  <testcase classname="ptolemy.util.test.junit.AutoTests" name="[255] /home/travis/build/icyphy/ptII/ptolemy/actor/lib/test/auto/PubSubWithInitialTokens.xml (RunModel)" time="0.021" />
  <testcase classname="ptolemy.util.test.junit.AutoTests" name="[256] /home/travis/build/icyphy/ptII/ptolemy/actor/lib/test/auto/PubSubWithInitialTokens2.xml (RunModel)" time="0.008" />
  <testcase classname="ptolemy.util.test.junit.AutoTests" name="[257] /home/travis/build/icyphy/ptII/ptolemy/actor/lib/test/auto/PublisherClassNoParameter.xml (RunModel)" time="0.02" />
  <testcase classname="ptolemy.util.test.junit.AutoTests" name="[258] /home/travis/build/icyphy/ptII/ptolemy/actor/lib/test/auto/PublisherClassParameter.xml (RunModel)" time="0.016" />
  <testcase classname="ptolemy.util.test.junit.AutoTests" name="[259] /home/travis/build/icyphy/ptII/ptolemy/actor/lib/test/auto/PublisherNonStrictTest.xml (RunModel)" time="0.011" />
  <testcase classname="ptolemy.util.test.junit.AutoTests" name="[260] /home/travis/build/icyphy/ptII/ptolemy/actor/lib/test/auto/PublisherPort1.xml (RunModel)" time="0.008" />
  <testcase classname="ptolemy.util.test.junit.AutoTests" name="[261] /home/travis/build/icyphy/ptII/ptolemy/actor/lib/test/auto/PublisherPort2.xml (RunModel)" time="0.006" />
  <testcase classname="ptolemy.util.test.junit.AutoTests" name="[262] /home/travis/build/icyphy/ptII/ptolemy/actor/lib/test/auto/PublisherPort3.xml (RunModel)" time="0.016" />
  <testcase classname="ptolemy.util.test.junit.AutoTests" name="[263] /home/travis/build/icyphy/ptII/ptolemy/actor/lib/test/auto/PublisherPort4.xml (RunModel)" time="0.018" />
  <testcase classname="ptolemy.util.test.junit.AutoTests" name="[264] /home/travis/build/icyphy/ptII/ptolemy/actor/lib/test/auto/PublisherPort5.xml (RunModel)" time="0.011" />
  <testcase classname="ptolemy.util.test.junit.AutoTests" name="[265] /home/travis/build/icyphy/ptII/ptolemy/actor/lib/test/auto/PublisherPort5LookAlike.xml (RunModel)" time="0.014" />
  <testcase classname="ptolemy.util.test.junit.AutoTests" name="[266] /home/travis/build/icyphy/ptII/ptolemy/actor/lib/test/auto/PublisherPort6.xml (RunModel)" time="0.009" />
  <testcase classname="ptolemy.util.test.junit.AutoTests" name="[267] /home/travis/build/icyphy/ptII/ptolemy/actor/lib/test/auto/PublisherPort7.xml (RunModel)" time="0.012" />
  <testcase classname="ptolemy.util.test.junit.AutoTests" name="[268] /home/travis/build/icyphy/ptII/ptolemy/actor/lib/test/auto/PublisherPort8.xml (RunModel)" time="0.013" />
  <testcase classname="ptolemy.util.test.junit.AutoTests" name="[269] /home/travis/build/icyphy/ptII/ptolemy/actor/lib/test/auto/PublisherPortSubscriberChannelVariablesAOC2.xml (RunModel)" time="0.036" />
  <testcase classname="ptolemy.util.test.junit.AutoTests" name="[270] /home/travis/build/icyphy/ptII/ptolemy/actor/lib/test/auto/PublisherPortSubscriberOpaqueWidthInference.xml (RunModel)" time="0.012" />
  <testcase classname="ptolemy.util.test.junit.AutoTests" name="[271] /home/travis/build/icyphy/ptII/ptolemy/actor/lib/test/auto/PublisherPortSubscriberPortAdjacent.xml (RunModel)" time="0.015" />
  <testcase classname="ptolemy.util.test.junit.AutoTests" name="[272] /home/travis/build/icyphy/ptII/ptolemy/actor/lib/test/auto/PublisherPortSubscriberPortExpression.xml (RunModel)" time="0.013" />
  <testcase classname="ptolemy.util.test.junit.AutoTests" name="[273] /home/travis/build/icyphy/ptII/ptolemy/actor/lib/test/auto/PublisherPortSubscriberPortOpaqueD3Reverse.xml (RunModel)" time="0.031" />
  <testcase classname="ptolemy.util.test.junit.AutoTests" name="[274] /home/travis/build/icyphy/ptII/ptolemy/actor/lib/test/auto/PublisherPortSubscriberPortOpaqueWidthInference.xml (RunModel)" time="0.011" />
  <testcase classname="ptolemy.util.test.junit.AutoTests" name="[275] /home/travis/build/icyphy/ptII/ptolemy/actor/lib/test/auto/PublisherPortToplevelSubscriberPortAOC.xml (RunModel)" time="0.009" />
  <testcase classname="ptolemy.util.test.junit.AutoTests" name="[276] /home/travis/build/icyphy/ptII/ptolemy/actor/lib/test/auto/PublisherSubscriber.xml (RunModel)" time="0.009" />
  <testcase classname="ptolemy.util.test.junit.AutoTests" name="[277] /home/travis/build/icyphy/ptII/ptolemy/actor/lib/test/auto/PublisherSubscriber10.xml (RunModel)" time="0.017" />
  <testcase classname="ptolemy.util.test.junit.AutoTests" name="[278] /home/travis/build/icyphy/ptII/ptolemy/actor/lib/test/auto/PublisherSubscriber10InitialOutputs.xml (RunModel)" time="0.022" />
  <testcase classname="ptolemy.util.test.junit.AutoTests" name="[279] /home/travis/build/icyphy/ptII/ptolemy/actor/lib/test/auto/PublisherSubscriber11.xml (RunModel)" time="0.011" />
  <testcase classname="ptolemy.util.test.junit.AutoTests" name="[280] /home/travis/build/icyphy/ptII/ptolemy/actor/lib/test/auto/PublisherSubscriber12.xml (RunModel)" time="0.017" />
  <testcase classname="ptolemy.util.test.junit.AutoTests" name="[281] /home/travis/build/icyphy/ptII/ptolemy/actor/lib/test/auto/PublisherSubscriber13.xml (RunModel)" time="0.01" />
  <testcase classname="ptolemy.util.test.junit.AutoTests" name="[282] /home/travis/build/icyphy/ptII/ptolemy/actor/lib/test/auto/PublisherSubscriber14.xml (RunModel)" time="0.016" />
  <testcase classname="ptolemy.util.test.junit.AutoTests" name="[283] /home/travis/build/icyphy/ptII/ptolemy/actor/lib/test/auto/PublisherSubscriber2.xml (RunModel)" time="0.008" />
  <testcase classname="ptolemy.util.test.junit.AutoTests" name="[284] /home/travis/build/icyphy/ptII/ptolemy/actor/lib/test/auto/PublisherSubscriber3.xml (RunModel)" time="0.007" />
  <testcase classname="ptolemy.util.test.junit.AutoTests" name="[285] /home/travis/build/icyphy/ptII/ptolemy/actor/lib/test/auto/PublisherSubscriber4.xml (RunModel)" time="0.006" />
  <testcase classname="ptolemy.util.test.junit.AutoTests" name="[286] /home/travis/build/icyphy/ptII/ptolemy/actor/lib/test/auto/PublisherSubscriber5.xml (RunModel)" time="0.02" />
  <testcase classname="ptolemy.util.test.junit.AutoTests" name="[287] /home/travis/build/icyphy/ptII/ptolemy/actor/lib/test/auto/PublisherSubscriber6.xml (RunModel)" time="0.011" />
  <testcase classname="ptolemy.util.test.junit.AutoTests" name="[288] /home/travis/build/icyphy/ptII/ptolemy/actor/lib/test/auto/PublisherSubscriber7.xml (RunModel)" time="0.014" />
  <testcase classname="ptolemy.util.test.junit.AutoTests" name="[289] /home/travis/build/icyphy/ptII/ptolemy/actor/lib/test/auto/PublisherSubscriber8.xml (RunModel)" time="0.035" />
  <testcase classname="ptolemy.util.test.junit.AutoTests" name="[290] /home/travis/build/icyphy/ptII/ptolemy/actor/lib/test/auto/PublisherSubscriber9.xml (RunModel)" time="0.015" />
  <testcase classname="ptolemy.util.test.junit.AutoTests" name="[291] /home/travis/build/icyphy/ptII/ptolemy/actor/lib/test/auto/PublisherSubscriberAdjacent.xml (RunModel)" time="0.012" />
  <testcase classname="ptolemy.util.test.junit.AutoTests" name="[292] /home/travis/build/icyphy/ptII/ptolemy/actor/lib/test/auto/PublisherSubscriberChannelVariablesAOC2.xml (RunModel)" time="0.021" />
  <testcase classname="ptolemy.util.test.junit.AutoTests" name="[293] /home/travis/build/icyphy/ptII/ptolemy/actor/lib/test/auto/PublisherSubscriberD3.xml (RunModel)" time="0.01" />
  <testcase classname="ptolemy.util.test.junit.AutoTests" name="[294] /home/travis/build/icyphy/ptII/ptolemy/actor/lib/test/auto/PublisherSubscriberD3Reverse.xml (RunModel)" time="0.009" />
  <testcase classname="ptolemy.util.test.junit.AutoTests" name="[295] /home/travis/build/icyphy/ptII/ptolemy/actor/lib/test/auto/PublisherSubscriberExpression.xml (RunModel)" time="0.014" />
  <testcase classname="ptolemy.util.test.junit.AutoTests" name="[296] /home/travis/build/icyphy/ptII/ptolemy/actor/lib/test/auto/PublisherSubscriberOpaque.xml (RunModel)" time="0.013" />
  <testcase classname="ptolemy.util.test.junit.AutoTests" name="[297] /home/travis/build/icyphy/ptII/ptolemy/actor/lib/test/auto/PublisherSubscriberOpaqueD3.xml (RunModel)" time="0.018" />
  <testcase classname="ptolemy.util.test.junit.AutoTests" name="[298] /home/travis/build/icyphy/ptII/ptolemy/actor/lib/test/auto/PublisherSubscriberOpaqueD3Reverse.xml (RunModel)" time="0.017" />
  <testcase classname="ptolemy.util.test.junit.AutoTests" name="[299] /home/travis/build/icyphy/ptII/ptolemy/actor/lib/test/auto/PublisherSubscriberOpaqueWidthInference.xml (RunModel)" time="0.014" />
  <testcase classname="ptolemy.util.test.junit.AutoTests" name="[300] /home/travis/build/icyphy/ptII/ptolemy/actor/lib/test/auto/PublisherTestSubscriber.xml (RunModel)" time="0.014" />
  <testcase classname="ptolemy.util.test.junit.AutoTests" name="[301] /home/travis/build/icyphy/ptII/ptolemy/actor/lib/test/auto/PublisherToplevelSubscriberPortAOC.xml (RunModel)" time="0.008" />
  <testcase classname="ptolemy.util.test.junit.AutoTests" name="[302] /home/travis/build/icyphy/ptII/ptolemy/actor/lib/test/auto/PulseFiringLimitDE.xml (RunModel)" time="0.013" />
  <testcase classname="ptolemy.util.test.junit.AutoTests" name="[303] /home/travis/build/icyphy/ptII/ptolemy/actor/lib/test/auto/Ramp1.xml (RunModel)" time="0.013" />
  <testcase classname="ptolemy.util.test.junit.AutoTests" name="[304] /home/travis/build/icyphy/ptII/ptolemy/actor/lib/test/auto/RampFiringLimitDE.xml (RunModel)" time="0.01" />
  <testcase classname="ptolemy.util.test.junit.AutoTests" name="[305] /home/travis/build/icyphy/ptII/ptolemy/actor/lib/test/auto/RampFiringLimitSDF.xml (RunModel)" time="0.007" />
  <testcase classname="ptolemy.util.test.junit.AutoTests" name="[306] /home/travis/build/icyphy/ptII/ptolemy/actor/lib/test/auto/RandomInteger.xml (RunModel)" time="0.006" />
  <testcase classname="ptolemy.util.test.junit.AutoTests" name="[307] /home/travis/build/icyphy/ptII/ptolemy/actor/lib/test/auto/ReadFile1.xml (RunModel)" time="0.006" />
  <testcase classname="ptolemy.util.test.junit.AutoTests" name="[308] /home/travis/build/icyphy/ptII/ptolemy/actor/lib/test/auto/ReadFile2.xml (RunModel)" time="0.005" />
  <testcase classname="ptolemy.util.test.junit.AutoTests" name="[309] /home/travis/build/icyphy/ptII/ptolemy/actor/lib/test/auto/Reader.xml (RunModel)" time="0.009" />
  <testcase classname="ptolemy.util.test.junit.AutoTests" name="[310] /home/travis/build/icyphy/ptII/ptolemy/actor/lib/test/auto/RecordAssemblerDisplayNameTest.xml (RunModel)" time="3.061" />
  <testcase classname="ptolemy.util.test.junit.AutoTests" name="[311] /home/travis/build/icyphy/ptII/ptolemy/actor/lib/test/auto/RecordAssemblerTypeError.xml (RunModel)" time="0.034" />
  <testcase classname="ptolemy.util.test.junit.AutoTests" name="[312] /home/travis/build/icyphy/ptII/ptolemy/actor/lib/test/auto/RecordDisassember.xml (RunModel)" time="0.009" />
  <testcase classname="ptolemy.util.test.junit.AutoTests" name="[313] /home/travis/build/icyphy/ptII/ptolemy/actor/lib/test/auto/RecordDisassemberDisplayNameTest.xml (RunModel)" time="0.017" />
  <testcase classname="ptolemy.util.test.junit.AutoTests" name="[314] /home/travis/build/icyphy/ptII/ptolemy/actor/lib/test/auto/RecordDisassembler.xml (RunModel)" time="0.009" />
  <testcase classname="ptolemy.util.test.junit.AutoTests" name="[315] /home/travis/build/icyphy/ptII/ptolemy/actor/lib/test/auto/RecordDisassembler2.xml (RunModel)" time="0.008" />
  <testcase classname="ptolemy.util.test.junit.AutoTests" name="[316] /home/travis/build/icyphy/ptII/ptolemy/actor/lib/test/auto/RecordUpdater.xml (RunModel)" time="0.007" />
  <testcase classname="ptolemy.util.test.junit.AutoTests" name="[317] /home/travis/build/icyphy/ptII/ptolemy/actor/lib/test/auto/RecordUpdater2.xml (RunModel)" time="0.006" />
  <testcase classname="ptolemy.util.test.junit.AutoTests" name="[318] /home/travis/build/icyphy/ptII/ptolemy/actor/lib/test/auto/RecursiveLattice.xml (RunModel)" time="0.006" />
  <testcase classname="ptolemy.util.test.junit.AutoTests" name="[319] /home/travis/build/icyphy/ptII/ptolemy/actor/lib/test/auto/Router.xml (RunModel)" time="3.021" />
  <testcase classname="ptolemy.util.test.junit.AutoTests" name="[320] /home/travis/build/icyphy/ptII/ptolemy/actor/lib/test/auto/Router2.xml (RunModel)" time="3.027" />
  <testcase classname="ptolemy.util.test.junit.AutoTests" name="[321] /home/travis/build/icyphy/ptII/ptolemy/actor/lib/test/auto/RunningMaximum.xml (RunModel)" time="0.015" />
  <testcase classname="ptolemy.util.test.junit.AutoTests" name="[322] /home/travis/build/icyphy/ptII/ptolemy/actor/lib/test/auto/RunningMinimum.xml (RunModel)" time="0.022" />
  <testcase classname="ptolemy.util.test.junit.AutoTests" name="[323] /home/travis/build/icyphy/ptII/ptolemy/actor/lib/test/auto/Scale.xml (RunModel)" time="0.007" />
  <testcase classname="ptolemy.util.test.junit.AutoTests" name="[324] /home/travis/build/icyphy/ptII/ptolemy/actor/lib/test/auto/Scale2.xml (RunModel)" time="0.007" />
  <testcase classname="ptolemy.util.test.junit.AutoTests" name="[325] /home/travis/build/icyphy/ptII/ptolemy/actor/lib/test/auto/Scale3.xml (RunModel)" time="0.01" />
  <testcase classname="ptolemy.util.test.junit.AutoTests" name="[326] /home/travis/build/icyphy/ptII/ptolemy/actor/lib/test/auto/ScaleArray.xml (RunModel)" time="0.005" />
  <testcase classname="ptolemy.util.test.junit.AutoTests" name="[327] /home/travis/build/icyphy/ptII/ptolemy/actor/lib/test/auto/ScaleArray2.xml (RunModel)" time="0.006" />
  <testcase classname="ptolemy.util.test.junit.AutoTests" name="[328] /home/travis/build/icyphy/ptII/ptolemy/actor/lib/test/auto/ScaleMatrix.xml (RunModel)" time="0.133" />
  <testcase classname="ptolemy.util.test.junit.AutoTests" name="[329] /home/travis/build/icyphy/ptII/ptolemy/actor/lib/test/auto/Select.xml (RunModel)" time="0.02" />
  <testcase classname="ptolemy.util.test.junit.AutoTests" name="[330] /home/travis/build/icyphy/ptII/ptolemy/actor/lib/test/auto/Select2.xml (RunModel)" time="0.007" />
  <testcase classname="ptolemy.util.test.junit.AutoTests" name="[331] /home/travis/build/icyphy/ptII/ptolemy/actor/lib/test/auto/SequenceToArray2.xml (RunModel)" time="0.107" />
  <testcase classname="ptolemy.util.test.junit.AutoTests" name="[332] /home/travis/build/icyphy/ptII/ptolemy/actor/lib/test/auto/SequentialClock.xml (RunModel)" time="0.012" />
  <testcase classname="ptolemy.util.test.junit.AutoTests" name="[333] /home/travis/build/icyphy/ptII/ptolemy/actor/lib/test/auto/SetVariable.xml (RunModel)" time="0.009" />
  <testcase classname="ptolemy.util.test.junit.AutoTests" name="[334] /home/travis/build/icyphy/ptII/ptolemy/actor/lib/test/auto/SetVariable2.xml (RunModel)" time="0.008" />
  <testcase classname="ptolemy.util.test.junit.AutoTests" name="[335] /home/travis/build/icyphy/ptII/ptolemy/actor/lib/test/auto/SetVariable3.xml (RunModel)" time="0.013" />
  <testcase classname="ptolemy.util.test.junit.AutoTests" name="[336] /home/travis/build/icyphy/ptII/ptolemy/actor/lib/test/auto/SetVariable4.xml (RunModel)" time="0.021" />
  <testcase classname="ptolemy.util.test.junit.AutoTests" name="[337] /home/travis/build/icyphy/ptII/ptolemy/actor/lib/test/auto/SetVariable5.xml (RunModel)" time="0.033" />
  <testcase classname="ptolemy.util.test.junit.AutoTests" name="[338] /home/travis/build/icyphy/ptII/ptolemy/actor/lib/test/auto/Sinewave.xml (RunModel)" time="0.019" />
  <testcase classname="ptolemy.util.test.junit.AutoTests" name="[339] /home/travis/build/icyphy/ptII/ptolemy/actor/lib/test/auto/Sinewave2.xml (RunModel)" time="0.031" />
  <testcase classname="ptolemy.util.test.junit.AutoTests" name="[340] /home/travis/build/icyphy/ptII/ptolemy/actor/lib/test/auto/Sinewave3.xml (RunModel)" time="0.015" />
  <testcase classname="ptolemy.util.test.junit.AutoTests" name="[341] /home/travis/build/icyphy/ptII/ptolemy/actor/lib/test/auto/SingleEvent.xml (RunModel)" time="0.005" />
  <testcase classname="ptolemy.util.test.junit.AutoTests" name="[342] /home/travis/build/icyphy/ptII/ptolemy/actor/lib/test/auto/Sleep.xml (RunModel)" time="6.017" />
  <testcase classname="ptolemy.util.test.junit.AutoTests" name="[343] /home/travis/build/icyphy/ptII/ptolemy/actor/lib/test/auto/SleepMultipleFire.xml (RunModel)" time="1.016" />
  <testcase classname="ptolemy.util.test.junit.AutoTests" name="[344] /home/travis/build/icyphy/ptII/ptolemy/actor/lib/test/auto/StopDE.xml (RunModel)" time="0.013" />
  <testcase classname="ptolemy.util.test.junit.AutoTests" name="[345] /home/travis/build/icyphy/ptII/ptolemy/actor/lib/test/auto/StopSDF.xml (RunModel)" time="0.01" />
  <testcase classname="ptolemy.util.test.junit.AutoTests" name="[346] /home/travis/build/icyphy/ptII/ptolemy/actor/lib/test/auto/StringConstant.xml (RunModel)" time="0.014" />
  <testcase classname="ptolemy.util.test.junit.AutoTests" name="[347] /home/travis/build/icyphy/ptII/ptolemy/actor/lib/test/auto/SubscriberPortInitialValues1.xml (RunModel)" time="0.018" />
  <testcase classname="ptolemy.util.test.junit.AutoTests" name="[348] /home/travis/build/icyphy/ptII/ptolemy/actor/lib/test/auto/SubscriberPortInitialValues13.xml (RunModel)" time="0.026" />
  <testcase classname="ptolemy.util.test.junit.AutoTests" name="[349] /home/travis/build/icyphy/ptII/ptolemy/actor/lib/test/auto/SubscriberPortInitialValues14.xml (RunModel)" time="0.012" />
  <testcase classname="ptolemy.util.test.junit.AutoTests" name="[350] /home/travis/build/icyphy/ptII/ptolemy/actor/lib/test/auto/SubscriberPortInitialValues2.xml (RunModel)" time="0.012" />
  <testcase classname="ptolemy.util.test.junit.AutoTests" name="[351] /home/travis/build/icyphy/ptII/ptolemy/actor/lib/test/auto/SubscriberPortInitialValues3.xml (RunModel)" time="0.016" />
  <testcase classname="ptolemy.util.test.junit.AutoTests" name="[352] /home/travis/build/icyphy/ptII/ptolemy/actor/lib/test/auto/SubscriptionAggregator.xml (RunModel)" time="0.008" />
  <testcase classname="ptolemy.util.test.junit.AutoTests" name="[353] /home/travis/build/icyphy/ptII/ptolemy/actor/lib/test/auto/SubscriptionAggregator2.xml (RunModel)" time="0.015" />
  <testcase classname="ptolemy.util.test.junit.AutoTests" name="[354] /home/travis/build/icyphy/ptII/ptolemy/actor/lib/test/auto/SubscriptionAggregator3.xml (RunModel)" time="0.014" />
  <testcase classname="ptolemy.util.test.junit.AutoTests" name="[355] /home/travis/build/icyphy/ptII/ptolemy/actor/lib/test/auto/SubscriptionAggregatorMultiply.xml (RunModel)" time="0.02" />
  <testcase classname="ptolemy.util.test.junit.AutoTests" name="[356] /home/travis/build/icyphy/ptII/ptolemy/actor/lib/test/auto/SubscriptionAggregatorPortMultiply1.xml (RunModel)" time="0.011" />
  <testcase classname="ptolemy.util.test.junit.AutoTests" name="[357] /home/travis/build/icyphy/ptII/ptolemy/actor/lib/test/auto/Switch.xml (RunModel)" time="0.016" />
  <testcase classname="ptolemy.util.test.junit.AutoTests" name="[358] /home/travis/build/icyphy/ptII/ptolemy/actor/lib/test/auto/Switch2.xml (RunModel)" time="0.008" />
  <testcase classname="ptolemy.util.test.junit.AutoTests" name="[359] /home/travis/build/icyphy/ptII/ptolemy/actor/lib/test/auto/SwitchDE.xml (RunModel)" time="0.014" />
  <testcase classname="ptolemy.util.test.junit.AutoTests" name="[360] /home/travis/build/icyphy/ptII/ptolemy/actor/lib/test/auto/SynchronizerDE.xml (RunModel)" time="0.02" />
  <testcase classname="ptolemy.util.test.junit.AutoTests" name="[361] /home/travis/build/icyphy/ptII/ptolemy/actor/lib/test/auto/Test.xml (RunModel)" time="0.014" />
  <testcase classname="ptolemy.util.test.junit.AutoTests" name="[362] /home/travis/build/icyphy/ptII/ptolemy/actor/lib/test/auto/TestExceptionAttribute1.xml (RunModel)" time="0.005" />
  <testcase classname="ptolemy.util.test.junit.AutoTests" name="[363] /home/travis/build/icyphy/ptII/ptolemy/actor/lib/test/auto/TestExceptionAttribute2.xml (RunModel)" time="0.005" />
  <testcase classname="ptolemy.util.test.junit.AutoTests" name="[364] /home/travis/build/icyphy/ptII/ptolemy/actor/lib/test/auto/TestExceptionAttribute3.xml (RunModel)" time="0.008" />
  <testcase classname="ptolemy.util.test.junit.AutoTests" name="[365] /home/travis/build/icyphy/ptII/ptolemy/actor/lib/test/auto/TestExceptionAttribute4.xml (RunModel)" time="0.006" />
  <testcase classname="ptolemy.util.test.junit.AutoTests" name="[366] /home/travis/build/icyphy/ptII/ptolemy/actor/lib/test/auto/TestExceptionHandler1.xml (RunModel)" time="0.006" />
  <testcase classname="ptolemy.util.test.junit.AutoTests" name="[367] /home/travis/build/icyphy/ptII/ptolemy/actor/lib/test/auto/TestExceptionHandler2.xml (RunModel)" time="0.01" />
  <testcase classname="ptolemy.util.test.junit.AutoTests" name="[368] /home/travis/build/icyphy/ptII/ptolemy/actor/lib/test/auto/TestExceptionHandler3.xml (RunModel)" time="0.004" />
  <testcase classname="ptolemy.util.test.junit.AutoTests" name="[369] /home/travis/build/icyphy/ptII/ptolemy/actor/lib/test/auto/TestExceptionHandler4.xml (RunModel)" time="0.005" />
  <testcase classname="ptolemy.util.test.junit.AutoTests" name="[370] /home/travis/build/icyphy/ptII/ptolemy/actor/lib/test/auto/TestRequireCorrectOrder.xml (RunModel)" time="0.011" />
  <testcase classname="ptolemy.util.test.junit.AutoTests" name="[371] /home/travis/build/icyphy/ptII/ptolemy/actor/lib/test/auto/TestSimple.xml (RunModel)" time="0.005" />
  <testcase classname="ptolemy.util.test.junit.AutoTests" name="[372] /home/travis/build/icyphy/ptII/ptolemy/actor/lib/test/auto/ThrowModelError.xml (RunModel)" time="0.008" />
  <testcase classname="ptolemy.util.test.junit.AutoTests" name="[373] /home/travis/build/icyphy/ptII/ptolemy/actor/lib/test/auto/TimeDelayMicrosteps.xml (RunModel)" time="0.011" />
  <testcase classname="ptolemy.util.test.junit.AutoTests" name="[374] /home/travis/build/icyphy/ptII/ptolemy/actor/lib/test/auto/TimeDelayMicrosteps2.xml (RunModel)" time="0.012" />
  <testcase classname="ptolemy.util.test.junit.AutoTests" name="[375] /home/travis/build/icyphy/ptII/ptolemy/actor/lib/test/auto/TimeDelayMicrosteps3.xml (RunModel)" time="0.011" />
  <testcase classname="ptolemy.util.test.junit.AutoTests" name="[376] /home/travis/build/icyphy/ptII/ptolemy/actor/lib/test/auto/TimeDelayVariableMicrosteps.xml (RunModel)" time="0.009" />
  <testcase classname="ptolemy.util.test.junit.AutoTests" name="[377] /home/travis/build/icyphy/ptII/ptolemy/actor/lib/test/auto/TimeGap.xml (RunModel)" time="0.012" />
  <testcase classname="ptolemy.util.test.junit.AutoTests" name="[378] /home/travis/build/icyphy/ptII/ptolemy/actor/lib/test/auto/TimeGap2.xml (RunModel)" time="0.008" />
  <testcase classname="ptolemy.util.test.junit.AutoTests" name="[379] /home/travis/build/icyphy/ptII/ptolemy/actor/lib/test/auto/TimedSinewave.xml (RunModel)" time="0.045" />
  <testcase classname="ptolemy.util.test.junit.AutoTests" name="[380] /home/travis/build/icyphy/ptII/ptolemy/actor/lib/test/auto/TimedSinewavePhase.xml (RunModel)" time="0.044" />
  <testcase classname="ptolemy.util.test.junit.AutoTests" name="[381] /home/travis/build/icyphy/ptII/ptolemy/actor/lib/test/auto/Timer.xml (RunModel)" time="0.013" />
  <testcase classname="ptolemy.util.test.junit.AutoTests" name="[382] /home/travis/build/icyphy/ptII/ptolemy/actor/lib/test/auto/TriangularDistTestModel.xml (RunModel)" time="0.017" />
  <testcase classname="ptolemy.util.test.junit.AutoTests" name="[383] /home/travis/build/icyphy/ptII/ptolemy/actor/lib/test/auto/TrigFunction.xml (RunModel)" time="0.007" />
  <testcase classname="ptolemy.util.test.junit.AutoTests" name="[384] /home/travis/build/icyphy/ptII/ptolemy/actor/lib/test/auto/TrigFunctionDE.xml (RunModel)" time="0.009" />
  <testcase classname="ptolemy.util.test.junit.AutoTests" name="[385] /home/travis/build/icyphy/ptII/ptolemy/actor/lib/test/auto/TrigFunctionInverse.xml (RunModel)" time="0.008" />
  <testcase classname="ptolemy.util.test.junit.AutoTests" name="[386] /home/travis/build/icyphy/ptII/ptolemy/actor/lib/test/auto/TrigFunctionTan.xml (RunModel)" time="0.005" />
  <testcase classname="ptolemy.util.test.junit.AutoTests" name="[387] /home/travis/build/icyphy/ptII/ptolemy/actor/lib/test/auto/TriggeredClock.xml (RunModel)" time="0.007" />
  <testcase classname="ptolemy.util.test.junit.AutoTests" name="[388] /home/travis/build/icyphy/ptII/ptolemy/actor/lib/test/auto/URLDirectoryReader.xml (RunModel)" time="0.09" />
  <testcase classname="ptolemy.util.test.junit.AutoTests" name="[389] /home/travis/build/icyphy/ptII/ptolemy/actor/lib/test/auto/URLDirectoryReader3.xml (RunModel)" time="1.75" />
  <testcase classname="ptolemy.util.test.junit.AutoTests" name="[390] /home/travis/build/icyphy/ptII/ptolemy/actor/lib/test/auto/UnaryMathFunction.xml (RunModel)" time="0.028" />
  <testcase classname="ptolemy.util.test.junit.AutoTests" name="[391] /home/travis/build/icyphy/ptII/ptolemy/actor/lib/test/auto/Uniform.xml (RunModel)" time="0.012" />
  <testcase classname="ptolemy.util.test.junit.AutoTests" name="[392] /home/travis/build/icyphy/ptII/ptolemy/actor/lib/test/auto/UnionDisassemblerTest.xml (RunModel)" time="0.009" />
  <testcase classname="ptolemy.util.test.junit.AutoTests" name="[393] /home/travis/build/icyphy/ptII/ptolemy/actor/lib/test/auto/UtilityFunctions.xml (RunModel)" time="0.006" />
  <testcase classname="ptolemy.util.test.junit.AutoTests" name="[394] /home/travis/build/icyphy/ptII/ptolemy/actor/lib/test/auto/VariableSleep.xml (RunModel)" time="0.509" />
  <testcase classname="ptolemy.util.test.junit.AutoTests" name="[395] /home/travis/build/icyphy/ptII/ptolemy/actor/lib/test/auto/VectorAssemblerDisassemblerCT.xml (RunModel)" time="0.1" />
  <testcase classname="ptolemy.util.test.junit.AutoTests" name="[396] /home/travis/build/icyphy/ptII/ptolemy/actor/lib/test/auto/VectorAssemblerDisassemblerDE.xml (RunModel)" time="0.011" />
  <testcase classname="ptolemy.util.test.junit.AutoTests" name="[397] /home/travis/build/icyphy/ptII/ptolemy/actor/lib/test/auto/VectorAssemblerDisassemblerSDF.xml (RunModel)" time="0.009" />
  <testcase classname="ptolemy.util.test.junit.AutoTests" name="[398] /home/travis/build/icyphy/ptII/ptolemy/actor/lib/test/auto/WallClockTime.xml (RunModel)" time="1.01" />
  <testcase classname="ptolemy.util.test.junit.AutoTests" name="[399] /home/travis/build/icyphy/ptII/ptolemy/actor/lib/test/auto/WidthTestWithSubscriberPublisher.xml (RunModel)" time="0.038" />
  <testcase classname="ptolemy.util.test.junit.AutoTests" name="[400] /home/travis/build/icyphy/ptII/ptolemy/actor/lib/test/auto/WidthTestWithSubscriberPublisher2.xml (RunModel)" time="0.01" />
  <testcase classname="ptolemy.util.test.junit.AutoTests" name="[401] /home/travis/build/icyphy/ptII/ptolemy/actor/lib/test/auto/WidthTestWithSubscriberPublisher3.xml (RunModel)" time="0.009" />
  <testcase classname="ptolemy.util.test.junit.AutoTests" name="[402] /home/travis/build/icyphy/ptII/ptolemy/actor/lib/test/auto/Writer.xml (RunModel)" time="0.006" />
  <testcase classname="ptolemy.util.test.junit.AutoTests" name="[403] /home/travis/build/icyphy/ptII/ptolemy/actor/lib/test/auto/array.xml (RunModel)" time="0.02" />
  <testcase classname="ptolemy.util.test.junit.AutoTests" name="[404] /home/travis/build/icyphy/ptII/ptolemy/actor/lib/test/auto/array2.xml (RunModel)" time="0.01" />
  <testcase classname="ptolemy.util.test.junit.AutoTests" name="[405] /home/travis/build/icyphy/ptII/ptolemy/actor/lib/test/auto/arrayType.xml (RunModel)" time="0.007" />
  <testcase classname="ptolemy.util.test.junit.AutoTests" name="[406] /home/travis/build/icyphy/ptII/ptolemy/actor/lib/test/auto/arrayType10.xml (RunModel)" time="0.006" />
  <testcase classname="ptolemy.util.test.junit.AutoTests" name="[407] /home/travis/build/icyphy/ptII/ptolemy/actor/lib/test/auto/arrayType11.xml (RunModel)" time="0.006" />
  <testcase classname="ptolemy.util.test.junit.AutoTests" name="[408] /home/travis/build/icyphy/ptII/ptolemy/actor/lib/test/auto/arrayType12.xml (RunModel)" time="0.006" />
  <testcase classname="ptolemy.util.test.junit.AutoTests" name="[409] /home/travis/build/icyphy/ptII/ptolemy/actor/lib/test/auto/arrayType13.xml (RunModel)" time="0.006" />
  <testcase classname="ptolemy.util.test.junit.AutoTests" name="[410] /home/travis/build/icyphy/ptII/ptolemy/actor/lib/test/auto/arrayType14.xml (RunModel)" time="0.007" />
  <testcase classname="ptolemy.util.test.junit.AutoTests" name="[411] /home/travis/build/icyphy/ptII/ptolemy/actor/lib/test/auto/arrayType15.xml (RunModel)" time="0.007" />
  <testcase classname="ptolemy.util.test.junit.AutoTests" name="[412] /home/travis/build/icyphy/ptII/ptolemy/actor/lib/test/auto/arrayType16.xml (RunModel)" time="0.006" />
  <testcase classname="ptolemy.util.test.junit.AutoTests" name="[413] /home/travis/build/icyphy/ptII/ptolemy/actor/lib/test/auto/arrayType17.xml (RunModel)" time="0.006" />
  <testcase classname="ptolemy.util.test.junit.AutoTests" name="[414] /home/travis/build/icyphy/ptII/ptolemy/actor/lib/test/auto/arrayType18.xml (RunModel)" time="0.006" />
  <testcase classname="ptolemy.util.test.junit.AutoTests" name="[415] /home/travis/build/icyphy/ptII/ptolemy/actor/lib/test/auto/arrayType19.xml (RunModel)" time="0.006" />
  <testcase classname="ptolemy.util.test.junit.AutoTests" name="[416] /home/travis/build/icyphy/ptII/ptolemy/actor/lib/test/auto/arrayType2.xml (RunModel)" time="0.006" />
  <testcase classname="ptolemy.util.test.junit.AutoTests" name="[417] /home/travis/build/icyphy/ptII/ptolemy/actor/lib/test/auto/arrayType20.xml (RunModel)" time="0.006" />
  <testcase classname="ptolemy.util.test.junit.AutoTests" name="[418] /home/travis/build/icyphy/ptII/ptolemy/actor/lib/test/auto/arrayType21.xml (RunModel)" time="0.006" />
  <testcase classname="ptolemy.util.test.junit.AutoTests" name="[419] /home/travis/build/icyphy/ptII/ptolemy/actor/lib/test/auto/arrayType22.xml (RunModel)" time="0.006" />
  <testcase classname="ptolemy.util.test.junit.AutoTests" name="[420] /home/travis/build/icyphy/ptII/ptolemy/actor/lib/test/auto/arrayType23.xml (RunModel)" time="0.007" />
  <testcase classname="ptolemy.util.test.junit.AutoTests" name="[421] /home/travis/build/icyphy/ptII/ptolemy/actor/lib/test/auto/arrayType24.xml (RunModel)" time="0.006" />
  <testcase classname="ptolemy.util.test.junit.AutoTests" name="[422] /home/travis/build/icyphy/ptII/ptolemy/actor/lib/test/auto/arrayType25.xml (RunModel)" time="0.006" />
  <testcase classname="ptolemy.util.test.junit.AutoTests" name="[423] /home/travis/build/icyphy/ptII/ptolemy/actor/lib/test/auto/arrayType26.xml (RunModel)" time="0.007" />
  <testcase classname="ptolemy.util.test.junit.AutoTests" name="[424] /home/travis/build/icyphy/ptII/ptolemy/actor/lib/test/auto/arrayType27.xml (RunModel)" time="0.007" />
  <testcase classname="ptolemy.util.test.junit.AutoTests" name="[425] /home/travis/build/icyphy/ptII/ptolemy/actor/lib/test/auto/arrayType28.xml (RunModel)" time="0.014" />
  <testcase classname="ptolemy.util.test.junit.AutoTests" name="[426] /home/travis/build/icyphy/ptII/ptolemy/actor/lib/test/auto/arrayType3.xml (RunModel)" time="0.007" />
  <testcase classname="ptolemy.util.test.junit.AutoTests" name="[427] /home/travis/build/icyphy/ptII/ptolemy/actor/lib/test/auto/arrayType4.xml (RunModel)" time="0.016" />
  <testcase classname="ptolemy.util.test.junit.AutoTests" name="[428] /home/travis/build/icyphy/ptII/ptolemy/actor/lib/test/auto/arrayType5.xml (RunModel)" time="0.009" />
  <testcase classname="ptolemy.util.test.junit.AutoTests" name="[429] /home/travis/build/icyphy/ptII/ptolemy/actor/lib/test/auto/arrayType6.xml (RunModel)" time="0.005" />
  <testcase classname="ptolemy.util.test.junit.AutoTests" name="[430] /home/travis/build/icyphy/ptII/ptolemy/actor/lib/test/auto/arrayType7.xml (RunModel)" time="0.006" />
  <testcase classname="ptolemy.util.test.junit.AutoTests" name="[431] /home/travis/build/icyphy/ptII/ptolemy/actor/lib/test/auto/arrayType8.xml (RunModel)" time="0.011" />
  <testcase classname="ptolemy.util.test.junit.AutoTests" name="[432] /home/travis/build/icyphy/ptII/ptolemy/actor/lib/test/auto/arrayType9.xml (RunModel)" time="0.006" />
  <testcase classname="ptolemy.util.test.junit.AutoTests" name="[433] /home/travis/build/icyphy/ptII/ptolemy/actor/lib/test/auto/cast.xml (RunModel)" time="0.013" />
  <testcase classname="ptolemy.util.test.junit.AutoTests" name="[434] /home/travis/build/icyphy/ptII/ptolemy/actor/lib/test/auto/compositeMultiPort.xml (RunModel)" time="0.022" />
  <testcase classname="ptolemy.util.test.junit.AutoTests" name="[435] /home/travis/build/icyphy/ptII/ptolemy/actor/lib/test/auto/expressionCastInference.xml (RunModel)" time="0.019" />
  <testcase classname="ptolemy.util.test.junit.AutoTests" name="[436] /home/travis/build/icyphy/ptII/ptolemy/actor/lib/test/auto/expressionCastInference2.xml (RunModel)" time="0.036" />
  <testcase classname="ptolemy.util.test.junit.AutoTests" name="[437] /home/travis/build/icyphy/ptII/ptolemy/actor/lib/test/auto/expressionInference.xml (RunModel)" time="0.044" />
  <testcase classname="ptolemy.util.test.junit.AutoTests" name="[438] /home/travis/build/icyphy/ptII/ptolemy/actor/lib/test/auto/expression_bug.xml (RunModel)" time="0.031" />
  <testcase classname="ptolemy.util.test.junit.AutoTests" name="[439] /home/travis/build/icyphy/ptII/ptolemy/actor/lib/test/auto/factorial.xml (RunModel)" time="0.077" />
  <testcase classname="ptolemy.util.test.junit.AutoTests" name="[440] /home/travis/build/icyphy/ptII/ptolemy/actor/lib/test/auto/filterTest1.xml (RunModel)" time="0.011" />
  <testcase classname="ptolemy.util.test.junit.AutoTests" name="[441] /home/travis/build/icyphy/ptII/ptolemy/actor/lib/test/auto/funcApplyInConst.xml (RunModel)" time="0.007" />
  <testcase classname="ptolemy.util.test.junit.AutoTests" name="[442] /home/travis/build/icyphy/ptII/ptolemy/actor/lib/test/auto/funcApplyInExpr.xml (RunModel)" time="0.004" />
  <testcase classname="ptolemy.util.test.junit.AutoTests" name="[443] /home/travis/build/icyphy/ptII/ptolemy/actor/lib/test/auto/function.xml (RunModel)" time="0.006" />
  <testcase classname="ptolemy.util.test.junit.AutoTests" name="[444] /home/travis/build/icyphy/ptII/ptolemy/actor/lib/test/auto/function2.xml (RunModel)" time="0.006" />
  <testcase classname="ptolemy.util.test.junit.AutoTests" name="[445] /home/travis/build/icyphy/ptII/ptolemy/actor/lib/test/auto/function3.xml (RunModel)" time="0.005" />
  <testcase classname="ptolemy.util.test.junit.AutoTests" name="[446] /home/travis/build/icyphy/ptII/ptolemy/actor/lib/test/auto/functionClosureTest1.xml (RunModel)" time="0.007" />
  <testcase classname="ptolemy.util.test.junit.AutoTests" name="[447] /home/travis/build/icyphy/ptII/ptolemy/actor/lib/test/auto/functionClosureTest2.xml (RunModel)" time="0.007" />
  <testcase classname="ptolemy.util.test.junit.AutoTests" name="[448] /home/travis/build/icyphy/ptII/ptolemy/actor/lib/test/auto/functionClosureTest3.xml (RunModel)" time="0.007" />
  <testcase classname="ptolemy.util.test.junit.AutoTests" name="[449] /home/travis/build/icyphy/ptII/ptolemy/actor/lib/test/auto/functionClosureTest4.xml (RunModel)" time="0.012" />
  <testcase classname="ptolemy.util.test.junit.AutoTests" name="[450] /home/travis/build/icyphy/ptII/ptolemy/actor/lib/test/auto/functionClosureTest5.xml (RunModel)" time="0.009" />
  <testcase classname="ptolemy.util.test.junit.AutoTests" name="[451] /home/travis/build/icyphy/ptII/ptolemy/actor/lib/test/auto/functionClosureTest6.xml (RunModel)" time="0.005" />
  <testcase classname="ptolemy.util.test.junit.AutoTests" name="[452] /home/travis/build/icyphy/ptII/ptolemy/actor/lib/test/auto/functionsOnArcs.xml (RunModel)" time="0.007" />
  <testcase classname="ptolemy.util.test.junit.AutoTests" name="[453] /home/travis/build/icyphy/ptII/ptolemy/actor/lib/test/auto/functionsOnArcsHOF.xml (RunModel)" time="0.009" />
  <testcase classname="ptolemy.util.test.junit.AutoTests" name="[454] /home/travis/build/icyphy/ptII/ptolemy/actor/lib/test/auto/logic.xml (RunModel)" time="0.013" />
  <testcase classname="ptolemy.util.test.junit.AutoTests" name="[455] /home/travis/build/icyphy/ptII/ptolemy/actor/lib/test/auto/matrixType.xml (RunModel)" time="0.005" />
  <testcase classname="ptolemy.util.test.junit.AutoTests" name="[456] /home/travis/build/icyphy/ptII/ptolemy/actor/lib/test/auto/matrixType10.xml (RunModel)" time="0.006" />
  <testcase classname="ptolemy.util.test.junit.AutoTests" name="[457] /home/travis/build/icyphy/ptII/ptolemy/actor/lib/test/auto/matrixType11.xml (RunModel)" time="0.006" />
  <testcase classname="ptolemy.util.test.junit.AutoTests" name="[458] /home/travis/build/icyphy/ptII/ptolemy/actor/lib/test/auto/matrixType12.xml (RunModel)" time="0.007" />
  <testcase classname="ptolemy.util.test.junit.AutoTests" name="[459] /home/travis/build/icyphy/ptII/ptolemy/actor/lib/test/auto/matrixType13.xml (RunModel)" time="0.005" />
  <testcase classname="ptolemy.util.test.junit.AutoTests" name="[460] /home/travis/build/icyphy/ptII/ptolemy/actor/lib/test/auto/matrixType14.xml (RunModel)" time="0.007" />
  <testcase classname="ptolemy.util.test.junit.AutoTests" name="[461] /home/travis/build/icyphy/ptII/ptolemy/actor/lib/test/auto/matrixType2.xml (RunModel)" time="0.006" />
  <testcase classname="ptolemy.util.test.junit.AutoTests" name="[462] /home/travis/build/icyphy/ptII/ptolemy/actor/lib/test/auto/matrixType3.xml (RunModel)" time="0.008" />
  <testcase classname="ptolemy.util.test.junit.AutoTests" name="[463] /home/travis/build/icyphy/ptII/ptolemy/actor/lib/test/auto/matrixType4.xml (RunModel)" time="0.005" />
  <testcase classname="ptolemy.util.test.junit.AutoTests" name="[464] /home/travis/build/icyphy/ptII/ptolemy/actor/lib/test/auto/matrixType5.xml (RunModel)" time="0.005" />
  <testcase classname="ptolemy.util.test.junit.AutoTests" name="[465] /home/travis/build/icyphy/ptII/ptolemy/actor/lib/test/auto/matrixType6.xml (RunModel)" time="0.006" />
  <testcase classname="ptolemy.util.test.junit.AutoTests" name="[466] /home/travis/build/icyphy/ptII/ptolemy/actor/lib/test/auto/matrixType7.xml (RunModel)" time="0.006" />
  <testcase classname="ptolemy.util.test.junit.AutoTests" name="[467] /home/travis/build/icyphy/ptII/ptolemy/actor/lib/test/auto/matrixType8.xml (RunModel)" time="0.006" />
  <testcase classname="ptolemy.util.test.junit.AutoTests" name="[468] /home/travis/build/icyphy/ptII/ptolemy/actor/lib/test/auto/matrixType9.xml (RunModel)" time="0.005" />
  <testcase classname="ptolemy.util.test.junit.AutoTests" name="[469] /home/travis/build/icyphy/ptII/ptolemy/actor/lib/test/auto/paraFunctest.xml (RunModel)" time="0.006" />
  <testcase classname="ptolemy.util.test.junit.AutoTests" name="[470] /home/travis/build/icyphy/ptII/ptolemy/actor/lib/test/auto/paraFunctest2.xml (RunModel)" time="0.006" />
  <testcase classname="ptolemy.util.test.junit.AutoTests" name="[471] /home/travis/build/icyphy/ptII/ptolemy/actor/lib/test/auto/parameterPassing.xml (RunModel)" time="0.008" />
  <testcase classname="ptolemy.util.test.junit.AutoTests" name="[472] /home/travis/build/icyphy/ptII/ptolemy/actor/lib/test/auto/record.xml (RunModel)" time="0.007" />
  <testcase classname="ptolemy.util.test.junit.AutoTests" name="[473] /home/travis/build/icyphy/ptII/ptolemy/actor/lib/test/auto/sizedarray1.xml (RunModel)" time="0.006" />
  <testcase classname="ptolemy.util.test.junit.AutoTests" name="[474] /home/travis/build/icyphy/ptII/ptolemy/actor/lib/test/auto/sizedarray2.xml (RunModel)" time="0.006" />
  <testcase classname="ptolemy.util.test.junit.AutoTests" name="[475] /home/travis/build/icyphy/ptII/ptolemy/actor/lib/test/auto/twoPublishers.xml (RunModel)" time="0.019" />
  <system-out><![CDATA[/home/travis/build/icyphy/ptII/ptolemy/actor/lib/test/AbsoluteValue.tcl
testDefs.tcl: setting time out to 9000 seconds at Wed Oct 06 02:06:06 UTC 2021
89 ms. Memory: 129024K Free: 92583K (72%)
10 ms. Memory: 129024K Free: 90535K (70%)
9 ms. Memory: 129024K Free: 90031K (70%)
4 ms. Memory: 129024K Free: 89007K (69%)
/home/travis/build/icyphy/ptII/ptolemy/actor/lib/test/AddSubtract.tcl
15 ms. Memory: 129024K Free: 86959K (67%)
14 ms. Memory: 129024K Free: 86439K (67%)
10 ms. Memory: 129024K Free: 85407K (66%)
13 ms. Memory: 129024K Free: 84911K (66%)
58 ms. Memory: 129024K Free: 81839K (63%)
9 ms. Memory: 129024K Free: 81311K (63%)
/home/travis/build/icyphy/ptII/ptolemy/actor/lib/test/Average.tcl
10 ms. Memory: 129024K Free: 79791K (62%)
10 ms. Memory: 129024K Free: 78247K (61%)
/home/travis/build/icyphy/ptII/ptolemy/actor/lib/test/Bernoulli.tcl
3 ms. Memory: 129024K Free: 76719K (59%)
7 ms. Memory: 129024K Free: 76205K (59%)
/home/travis/build/icyphy/ptII/ptolemy/actor/lib/test/Clock.tcl
preinitializing
resolving types
initializing
executing number 1
wrapping up
idle
32 ms. Memory: 129024K Free: 73647K (57%)
Completed execution with 5 iterations
preinitializing
resolving types
initializing
executing number 1
wrapping up
idle
6 ms. Memory: 129024K Free: 72623K (56%)
Completed execution with 5 iterations
preinitializing
resolving types
initializing
executing number 1
wrapping up
idle
7 ms. Memory: 129024K Free: 72095K (56%)
Completed execution with 5 iterations
/home/travis/build/icyphy/ptII/ptolemy/actor/lib/test/Commutator.tcl
13 ms. Memory: 129024K Free: 70055K (54%)
7 ms. Memory: 129024K Free: 69037K (54%)
11 ms. Memory: 129024K Free: 63407K (49%)
/home/travis/build/icyphy/ptII/ptolemy/actor/lib/test/Const.tcl
4 ms. Memory: 129024K Free: 61855K (48%)
6 ms. Memory: 129024K Free: 61359K (48%)
3 ms. Memory: 129024K Free: 60845K (47%)
6 ms. Memory: 129024K Free: 60335K (47%)
1 ms. Memory: 129024K Free: 59821K (46%)
13 ms. Memory: 129024K Free: 58287K (45%)
15 ms. Memory: 129024K Free: 57263K (44%)
8 ms. Memory: 129024K Free: 56239K (44%)
/home/travis/build/icyphy/ptII/ptolemy/actor/lib/test/CurrentTime.tcl
preinitializing
resolving types
initializing
executing number 1
wrapping up
idle
7 ms. Memory: 129024K Free: 54191K (42%)
Completed execution with 11 iterations
/home/travis/build/icyphy/ptII/ptolemy/actor/lib/test/DB.tcl
3 ms. Memory: 129024K Free: 52639K (41%)
1 ms. Memory: 129024K Free: 52143K (40%)
2 ms. Memory: 129024K Free: 51629K (40%)
/home/travis/build/icyphy/ptII/ptolemy/actor/lib/test/DiscreteRandomSource.tcl
preinitializing
resolving types
initializing
executing number 1
wrapping up
idle
3 ms. Memory: 129024K Free: 50095K (39%)
Completed execution with 4 iterations
preinitializing
resolving types
initializing
executing number 1
wrapping up
idle
2 ms. Memory: 129024K Free: 49551K (38%)
Completed execution with 4 iterations
preinitializing
resolving types
initializing
executing number 1
wrapping up
idle
2 ms. Memory: 129024K Free: 49071K (38%)
Completed execution with 4 iterations
preinitializing
resolving types
initializing
executing number 1
wrapping up
idle
2 ms. Memory: 129024K Free: 48557K (38%)
Completed execution with 4 iterations
preinitializing
resolving types
initializing
executing number 1
wrapping up
idle
3 ms. Memory: 129024K Free: 48047K (37%)
Completed execution with 4 iterations
/home/travis/build/icyphy/ptII/ptolemy/actor/lib/test/Distributor.tcl
8 ms. Memory: 129024K Free: 112942K (88%)
8 ms. Memory: 129024K Free: 112383K (87%)
StreamChangeRequest.changeExecuted(): <deleteEntity name="rec2"/> succeeded
StreamChangeRequest.changeExecuted(): <deleteRelation name="r2"/> succeeded
StreamChangeRequest.changeExecuted(): Record firings per iteration succeeded
11 ms. Memory: 129024K Free: 109840K (85%)
/home/travis/build/icyphy/ptII/ptolemy/actor/lib/test/Exit.tcl
Exit.tcl: this will print a message about Manager.exitAfterWrapup, which can be ignored.
7 ms. Memory: 129024K Free: 106906K (83%)
/home/travis/build/icyphy/ptII/ptolemy/actor/lib/test/Expression.tcl
12 ms. Memory: 129024K Free: 103726K (80%)
2 ms. Memory: 129024K Free: 102702K (80%)
2 ms. Memory: 129024K Free: 102238K (79%)
preinitializing
resolving types
initializing
executing number 1
wrapping up
idle
4 ms. Memory: 129024K Free: 100640K (78%)
Completed execution with 6 iterations
3 ms. Memory: 129024K Free: 99622K (77%)
2 ms. Memory: 129024K Free: 99119K (77%)
4 ms. Memory: 129024K Free: 97552K (76%)
3 ms. Memory: 129024K Free: 96558K (75%)
3 ms. Memory: 129024K Free: 95520K (74%)
/home/travis/build/icyphy/ptII/ptolemy/actor/lib/test/Gaussian.tcl
3 ms. Memory: 129024K Free: 93486K (72%)
sleeping 1 seconds: ................................................................................................................................................................................................................................................................................................................................................................................................................................................................................................................................................................................................................................................................................................................................................................................................................................................................................................................................................................................................................................................................................................................................................................................................................................................................................................................................................................................................................................................................................................................................................................................................................................................................................................................................................................................................................................................................................................................................................................................................................................................................................................................................................................................................................................................................................................................................................................................................................................................................................................................................................................................................................................................................................................................................................................................................................................................................................................................................................................................................................................................................................................................................................................................................................................................................................................................................................................................................................................................................................................................................................................................................................................................................................................................................................................................................................................................................................................................................................................................................................................................................................................................................................................................................................................................................................................................................................................................................................................................................................................................................................................................................................................................................................................................................................................................................................................................................................................................................................................................................................................................................................................................................................................................................................................................................................................................................................................................................................................................................................................................................................................................................................................................................................................................................................................................................................................................................................................................................................................................................................................................................................................................................................................................................................................................................................................................................................................................................................................................................................................................................................................................................................................................................................................................................................................................................................................................................................................................................................................................................................................................................................................................................................................................................................................................................................................................................................................................................................................................................................................................................................................................................................................................................................................................................................................................................................................................................................................................................................................................................................................................................................................................................................................................................................................................................................................................................................................................................................................................................................................................................................................................................................................................................................................................................................................................................................................................................................................................................................................................................................................................................................................................................................................................................................................................................................................................................................................................................................................................................................................................................................................................................................................................................................................................................................................................................................................................................................................................................................................................................................................................................................................................................................................................................................................................................................................................................................................................................................................................................................................................................................................................................................................................................................................................................................................................................................................................................................................................................................................................................................................................................................................................................................................................................................................................................................................................................................................................................................................................................................................................................................................................................................................................................................................................................................................................................................................................................................................................................................................................................................................................................................................................................................................................................................................................................................................................................................................................................................................................................................................................................................................................................................................................................................................................................................................................................................................................................................................................................................................................................................................................................................................................................................................................................................................................................................................................................................................................................................................................................................................................................................................................................................................................................................................................................................................................................................................................................................................................................................................................................................................................................................................................................................................................................................................................................................................................................................................................................................................................................................................................................................................................................................................................................................................................................................................................................................................................................................................................................................................................................................................................................................................................................................................................................................................................................................................................................................................................................................................................................................................................................................................................................................................................................................................................................................................................................................................................................................................................................................................................................................................................................................................................................................................................................................................................................................................................................................................................................................................................................................................................................................................................................................................................................................................................................................................................................................................................................................................................................................................................................................................................................................................................................................................................................................................................................................................................................................................................................................................................................................................................................................................................................................................................................................................................................................................................................................................................................................................................................................................................................................................................................................................................................................................................................................................................................................................................................................................................................................................................................................................................................................................................................................................................................................................................................................................................................................................................................................................................................................................................................................................................................................................................................................................................................................................................................................................................................................................................................................................................................................................................................................................................................................................................................................................................................................................................................................................................................................................................................................................................................................................................................................................................................................................................................................................................................................................................................................................................................................................................................................................................................................................................................................................................................................................................................................................................................................................................................................................................................................................................................................................................................................................................................................................................................................................................................................................................................................................................................................................................................................................................................................................................................................................................................................................................................................................................................................................................................................................................................................................................................................................................................................................................................................................................................................................................................................................................................................................................................................................................................................................................................................................................................................................................................................................................................................................................................................................................................................................................................................................................................................................................................................................................................................................................................................................................................................................................................................................................................................................................................................................................................................................................................................................................................................................................................................................................................................................................................................................................................................................................................................................................................................................................................................................................................................................................................................................................................................................................................................................................................................................................................................................................................................................................................................................................................................................................................................................................................................................................................................................................................................................................................................................................................................................................................................................................................................................................................................................................................................................................................3 ms. Memory: 129024K Free: 92790K (72%)
2 ms. Memory: 129024K Free: 91796K (71%)
2 ms. Memory: 129024K Free: 91286K (71%)
6 ms. Memory: 129024K Free: 90587K (70%)
3 ms. Memory: 129024K Free: 90246K (70%)
/home/travis/build/icyphy/ptII/ptolemy/actor/lib/test/IIR.tcl
/home/travis/build/icyphy/ptII/ptolemy/actor/lib/test/Interpolator.tcl
3 ms. Memory: 129024K Free: 86166K (67%)
3 ms. Memory: 129024K Free: 85622K (66%)
7 ms. Memory: 129024K Free: 85142K (66%)
1 ms. Memory: 129024K Free: 84622K (66%)
2 ms. Memory: 129024K Free: 83590K (65%)
4 ms. Memory: 129024K Free: 83094K (64%)
1 ms. Memory: 129024K Free: 82070K (64%)
5 ms. Memory: 129024K Free: 81046K (63%)
1 ms. Memory: 129024K Free: 80022K (62%)
2 ms. Memory: 129024K Free: 79508K (62%)
/home/travis/build/icyphy/ptII/ptolemy/actor/lib/test/MathFunction.tcl
5 ms. Memory: 129024K Free: 76436K (59%)
2 ms. Memory: 129024K Free: 75382K (58%)
1 ms. Memory: 129024K Free: 74388K (58%)
2 ms. Memory: 129024K Free: 73878K (57%)
3 ms. Memory: 129024K Free: 72334K (56%)
6 ms. Memory: 129024K Free: 70278K (54%)
/home/travis/build/icyphy/ptII/ptolemy/actor/lib/test/Maximum.tcl
4 ms. Memory: 129024K Free: 68758K (53%)
5 ms. Memory: 129024K Free: 67734K (52%)
4 ms. Memory: 129024K Free: 67190K (52%)
3 ms. Memory: 129024K Free: 66710K (52%)
/home/travis/build/icyphy/ptII/ptolemy/actor/lib/test/Minimum.tcl
5 ms. Memory: 129024K Free: 64662K (50%)
3 ms. Memory: 129024K Free: 64118K (50%)
2 ms. Memory: 129024K Free: 63638K (49%)
5 ms. Memory: 129024K Free: 63118K (49%)
/home/travis/build/icyphy/ptII/ptolemy/actor/lib/test/MultiplyDivide.tcl
9 ms. Memory: 129024K Free: 61076K (47%)
8 ms. Memory: 129024K Free: 60038K (47%)
2 ms. Memory: 129024K Free: 59542K (46%)
2 ms. Memory: 129024K Free: 59014K (46%)
2 ms. Memory: 129024K Free: 57990K (45%)
/home/travis/build/icyphy/ptII/ptolemy/actor/lib/test/OrderedMerge.tcl
Connections changed on port: inputA
Connections changed on port: inputB
Connections changed on port: output
Connections changed on port: output
Connections changed on port: output
Connections changed on port: input
.top. Preinitializing ...
Invoking preinitialize():  .top.OrderedMerge
Called preinitialize()
Invoking preinitialize():  .top.Ramp
Called preinitialize()
Invoking preinitialize():  .top.Ramp2
Called preinitialize()
Invoking preinitialize():  .top.Test
Called preinitialize()
Connections changed on port: inputA
Connections changed on port: output
Connections changed on port: inputB
Connections changed on port: output
Connections changed on port: output
Connections changed on port: input
.top. Finished preinitialize().
Called initialize().
Invoking initialize():  .top.OrderedMerge
Initializing actor: .top.OrderedMerge
Adding a thread: .top.OrderedMerge
Invoking initialize():  .top.Ramp
Initializing actor: .top.Ramp
Adding a thread: .top.Ramp
Invoking initialize():  .top.Ramp2
Initializing actor: .top.Ramp2
Adding a thread: .top.Ramp2
Invoking initialize():  .top.Test
Initializing actor: .top.Test
Adding a thread: .top.Test
Called fire().
Checking for deadlock:
-- Starting thread.
Called initialize()
Called prefire()
Called fire()
-- Starting thread.
Called initialize()
There are 0 Blocked actors, 0 Stopped actors, and 4 active threads.
Waiting for actors to stop.
-- Starting thread.
Called initialize()
Called prefire()
Called prefire()
Called fire()
Called fire()
-- Starting thread.
Called initialize()
Called prefire()
Called fire()
Called postfire()
Called prefire()
Called fire()
Called postfire()
Called prefire()
Called fire()
Read input token from inputA with value 0.0
Next port to read input from is inputB
Called postfire()
Called prefire()
Called fire()
Checking for deadlock:
There are 1 Blocked actors, 0 Stopped actors, and 4 active threads.
Waiting for actors to stop.
Called postfire()
Called prefire()
Called fire()
Called postfire()
Called prefire()
Called fire()
Read input token from inputB with value 0.0
Sent output token with value 0.0
Next port to read input from is inputA
Called postfire()
Called prefire()
Called fire()
Read input token from inputA with value 1.0
Checking for deadlock:
There are 2 Blocked actors, 0 Stopped actors, and 4 active threads.
Waiting for actors to stop.
-- Read input: 0.0, which is expected to match: 0.0
Called prefire()
Called fire()
Called postfire()
Called prefire()
Called fire()
Checking for deadlock:
There are 3 Blocked actors, 0 Stopped actors, and 4 active threads.
Waiting for actors to stop.
-- Read input: 0.0, which is expected to match: 0.0
Called prefire()
Called fire()
Sent output token with value 0.0
Next port to read input from is inputB
Called postfire()
Called prefire()
Called fire()
Read input token from inputB with value 1.5
Sent output token with value 1.0
Next port to read input from is inputA
Called postfire()
Called prefire()
Called fire()
Read input token from inputA with value 2.0
Checking for deadlock:
There are 1 Blocked actors, 0 Stopped actors, and 4 active threads.
Waiting for actors to stop.
Called postfire()
Called prefire()
Called fire()
-- Read input: 1.0, which is expected to match: 1.0
Called prefire()
Called fire()
Called postfire()
Called prefire()
Called fire()
Checking for deadlock:
There are 3 Blocked actors, 0 Stopped actors, and 4 active threads.
Waiting for actors to stop.
-- Read input: 1.5, which is expected to match: 1.5
Called prefire()
Called fire()
Checking for deadlock:
There are 3 Blocked actors, 0 Stopped actors, and 4 active threads.
Waiting for actors to stop.
Sent output token with value 1.5
Next port to read input from is inputB
Called postfire()
Called prefire()
Called fire()
Called postfire()
Called prefire()
Called fire()
Checking for deadlock:
There are 3 Blocked actors, 0 Stopped actors, and 4 active threads.
Waiting for actors to stop.
Read input token from inputB with value 3.0
-- Read input: 2.0, which is expected to match: 2.0
Called prefire()
Called fire()
Checking for deadlock:
There are 3 Blocked actors, 0 Stopped actors, and 4 active threads.
Waiting for actors to stop.
Sent output token with value 2.0
Next port to read input from is inputA
Called postfire()
Called prefire()
Called fire()
Checking for deadlock:
There are 2 Blocked actors, 0 Stopped actors, and 4 active threads.
Waiting for actors to stop.
Called postfire()
Called prefire()
Called fire()
Checking for deadlock:
There are 3 Blocked actors, 0 Stopped actors, and 4 active threads.
Waiting for actors to stop.
Read input token from inputA with value 3.0
Checking for deadlock:
There are 2 Blocked actors, 0 Stopped actors, and 4 active threads.
Waiting for actors to stop.
-- Read input: 3.0, which is expected to match: 3.0
Called prefire()
Called fire()
Checking for deadlock:
There are 3 Blocked actors, 0 Stopped actors, and 4 active threads.
Waiting for actors to stop.
Sent output token with value 3.0
Next port to read input from is inputB
Called postfire()
Called prefire()
Called fire()
Called postfire()
Called prefire()
Called fire()
Checking for deadlock:
There are 3 Blocked actors, 0 Stopped actors, and 4 active threads.
Waiting for actors to stop.
Read input token from inputB with value 4.5
-- Read input: 3.0, which is expected to match: 3.0
Called prefire()
Called fire()
Checking for deadlock:
There are 3 Blocked actors, 0 Stopped actors, and 4 active threads.
Waiting for actors to stop.
Sent output token with value 3.0
Next port to read input from is inputA
Called postfire()
Called prefire()
Called fire()
Checking for deadlock:
There are 2 Blocked actors, 0 Stopped actors, and 4 active threads.
Waiting for actors to stop.
Called postfire()
Called prefire()
Called fire()
Checking for deadlock:
There are 3 Blocked actors, 0 Stopped actors, and 4 active threads.
Waiting for actors to stop.
Read input token from inputA with value 4.0
Checking for deadlock:
There are 2 Blocked actors, 0 Stopped actors, and 4 active threads.
Waiting for actors to stop.
-- Read input: 4.0, which is expected to match: 4.0
Called prefire()
Called fire()
Past the end of training data. Read and discard all inputs.
Checking for deadlock:
There are 3 Blocked actors, 0 Stopped actors, and 4 active threads.
Waiting for actors to stop.
Sent output token with value 4.0
Next port to read input from is inputA
Called postfire()
Called prefire()
Called fire()
Checking for deadlock:
There are 2 Blocked actors, 0 Stopped actors, and 4 active threads.
Waiting for actors to stop.
Called postfire()
Called prefire()
Called fire()
Checking for deadlock:
There are 3 Blocked actors, 0 Stopped actors, and 4 active threads.
Waiting for actors to stop.
Read input token from inputA with value 5.0
Checking for deadlock:
There are 2 Blocked actors, 0 Stopped actors, and 4 active threads.
Waiting for actors to stop.
Called prefire()
Called fire()
Past the end of training data. Read and discard all inputs.
Checking for deadlock:
There are 3 Blocked actors, 0 Stopped actors, and 4 active threads.
Waiting for actors to stop.
Sent output token with value 4.5
Next port to read input from is inputB
Called postfire()
Called prefire()
Called fire()
Called postfire()
Called prefire()
Called fire()
Checking for deadlock:
There are 3 Blocked actors, 0 Stopped actors, and 4 active threads.
Waiting for actors to stop.
Read input token from inputB with value 6.0
Called prefire()
Called fire()
Past the end of training data. Read and discard all inputs.
Checking for deadlock:
There are 3 Blocked actors, 0 Stopped actors, and 4 active threads.
Waiting for actors to stop.
Sent output token with value 5.0
Next port to read input from is inputA
Called postfire()
Called prefire()
Called fire()
Checking for deadlock:
There are 2 Blocked actors, 0 Stopped actors, and 4 active threads.
Waiting for actors to stop.
Called postfire()
Called prefire()
Called fire()
Checking for deadlock:
There are 3 Blocked actors, 0 Stopped actors, and 4 active threads.
Waiting for actors to stop.
Read input token from inputA with value 6.0
Checking for deadlock:
There are 2 Blocked actors, 0 Stopped actors, and 4 active threads.
Waiting for actors to stop.
Called prefire()
Called fire()
Past the end of training data. Read and discard all inputs.
Checking for deadlock:
There are 3 Blocked actors, 0 Stopped actors, and 4 active threads.
Waiting for actors to stop.
Sent output token with value 6.0
Next port to read input from is inputB
Called postfire()
Called prefire()
Called fire()
Called postfire()
Called prefire()
Called fire()
Checking for deadlock:
There are 3 Blocked actors, 0 Stopped actors, and 4 active threads.
Waiting for actors to stop.
Read input token from inputB with value 7.5
Called prefire()
Called fire()
Past the end of training data. Read and discard all inputs.
Checking for deadlock:
There are 3 Blocked actors, 0 Stopped actors, and 4 active threads.
Waiting for actors to stop.
Sent output token with value 6.0
Next port to read input from is inputA
Called postfire()
Called prefire()
Called fire()
Checking for deadlock:
There are 2 Blocked actors, 0 Stopped actors, and 4 active threads.
Waiting for actors to stop.
Called postfire()
Called prefire()
Called fire()
Checking for deadlock:
There are 3 Blocked actors, 0 Stopped actors, and 4 active threads.
Waiting for actors to stop.
Read input token from inputA with value 7.0
Checking for deadlock:
There are 2 Blocked actors, 0 Stopped actors, and 4 active threads.
Waiting for actors to stop.
Called prefire()
Called fire()
Past the end of training data. Read and discard all inputs.
Checking for deadlock:
There are 3 Blocked actors, 0 Stopped actors, and 4 active threads.
Waiting for actors to stop.
Sent output token with value 7.0
Next port to read input from is inputA
Called postfire()
Called prefire()
Called fire()
Checking for deadlock:
There are 2 Blocked actors, 0 Stopped actors, and 4 active threads.
Waiting for actors to stop.
-- Thread wrapup() called.
Called wrapup()
Thread .top.Ramp is exiting.
-- Thread stopped.
Checking for deadlock:
There are 2 Blocked actors, 0 Stopped actors, and 3 active threads.
Waiting for actors to stop.
Read input token from inputA with value 8.0
Called prefire()
Called fire()
Past the end of training data. Read and discard all inputs.
Checking for deadlock:
There are 2 Blocked actors, 0 Stopped actors, and 3 active threads.
Waiting for actors to stop.
Sent output token with value 7.5
Next port to read input from is inputB
Called postfire()
Called prefire()
Called fire()
Checking for deadlock:
There are 1 Blocked actors, 0 Stopped actors, and 3 active threads.
Waiting for actors to stop.
Called postfire()
Called prefire()
Called fire()
Checking for deadlock:
There are 2 Blocked actors, 0 Stopped actors, and 3 active threads.
Waiting for actors to stop.
Read input token from inputB with value 9.0
Checking for deadlock:
There are 1 Blocked actors, 0 Stopped actors, and 3 active threads.
Waiting for actors to stop.
Called prefire()
Called fire()
Past the end of training data. Read and discard all inputs.
Checking for deadlock:
There are 2 Blocked actors, 0 Stopped actors, and 3 active threads.
Waiting for actors to stop.
Sent output token with value 8.0
Next port to read input from is inputA
Called postfire()
Called prefire()
Called fire()
Read input token from inputA with value 9.0
Called prefire()
Called fire()
Past the end of training data. Read and discard all inputs.
Checking for deadlock:
There are 2 Blocked actors, 0 Stopped actors, and 3 active threads.
Waiting for actors to stop.
Sent output token with value 9.0
Next port to read input from is inputB
Called postfire()
Called prefire()
Called fire()
Called postfire()
Called prefire()
Called fire()
Checking for deadlock:
There are 2 Blocked actors, 0 Stopped actors, and 3 active threads.
Waiting for actors to stop.
Read input token from inputB with value 10.5
Called prefire()
Called fire()
Past the end of training data. Read and discard all inputs.
Checking for deadlock:
There are 2 Blocked actors, 0 Stopped actors, and 3 active threads.
Waiting for actors to stop.
Sent output token with value 9.0
Next port to read input from is inputA
Called postfire()
Called prefire()
Called fire()
Checking for deadlock:
There are 3 Blocked actors, 0 Stopped actors, and 3 active threads.
Actors have stopped.
Checking for deadlock:
There are 3 Blocked actors, 0 Stopped actors, and 3 active threads.
Deadlock detected.
Resolving Deadlock
Checking for deadlock:
There are 3 Blocked actors, 0 Stopped actors, and 3 active threads.
Artificial Deadlock - increasing queue capacity.
increasing the capacity of receiver ptolemy.actor.TypedIOPort {.top.OrderedMerge.inputB} to 2
Director: Called postfire().
Called postfire().
_stopRequested = false
_stopFireRequested = false
Returning from postfire(): true
Called fire().
Checking for deadlock:
There are 2 Blocked actors, 0 Stopped actors, and 3 active threads.
Waiting for actors to stop.
-- Thread wrapup() called.
Called wrapup()
Thread .top.Ramp2 is exiting.
-- Thread stopped.
Checking for deadlock:
There are 2 Blocked actors, 0 Stopped actors, and 2 active threads.
Actors have stopped.
Checking for deadlock:
There are 2 Blocked actors, 0 Stopped actors, and 2 active threads.
Deadlock detected.
Resolving Deadlock
Checking for deadlock:
There are 2 Blocked actors, 0 Stopped actors, and 2 active threads.
Deadlock detected: no processes blocked on write, but some are blocked on read.
Called postfire().
_stopRequested = false
_stopFireRequested = false
Returning from postfire(): false
Finished deactivating branches.
Called wrapup().
-- Thread wrapup() called.
Called wrapup()
Thread .top.OrderedMerge is exiting.
-- Thread stopped.
-- Blocked Receiver call threw TerminateProcessException.
-- Thread wrapup() called.
Called wrapup()
Thread .top.Test is exiting.
-- Thread stopped.
-- Blocked Receiver call threw TerminateProcessException.
50 ms. Memory: 129024K Free: 108504K (84%)
.top. Preinitializing ...
Invoking preinitialize():  .top.OrderedMerge
Called preinitialize()
Invoking preinitialize():  .top.Ramp
Called preinitialize()
Invoking preinitialize():  .top.Ramp2
Called preinitialize()
Invoking preinitialize():  .top.Test
Called preinitialize()
.top. Finished preinitialize().
Called initialize().
Invoking initialize():  .top.OrderedMerge
Initializing actor: .top.OrderedMerge
Adding a thread: .top.OrderedMerge
Invoking initialize():  .top.Ramp
Initializing actor: .top.Ramp
Adding a thread: .top.Ramp
Invoking initialize():  .top.Ramp2
Initializing actor: .top.Ramp2
Adding a thread: .top.Ramp2
Invoking initialize():  .top.Test
Initializing actor: .top.Test
Adding a thread: .top.Test
-- Starting thread.
Called initialize()
Called prefire()
Called fire()
Called postfire()
Called prefire()
Called fire()
Called fire().
Checking for deadlock:
There are 1 Blocked actors, 0 Stopped actors, and 4 active threads.
Waiting for actors to stop.
-- Starting thread.
Called initialize()
Called prefire()
Called fire()
Checking for deadlock:
There are 2 Blocked actors, 0 Stopped actors, and 4 active threads.
Waiting for actors to stop.
-- Starting thread.
Called initialize()
Called prefire()
Called fire()
Called postfire()
Called prefire()
Called fire()
Checking for deadlock:
There are 3 Blocked actors, 0 Stopped actors, and 4 active threads.
Waiting for actors to stop.
-- Starting thread.
Called initialize()
Called prefire()
Called fire()
Read input token from inputA with value 0.0
Next port to read input from is inputB
Called postfire()
Called prefire()
Called fire()
Read input token from inputB with value 0.0
Sent output token with value 0.0
Next port to read input from is inputA
Called postfire()
Called prefire()
Called fire()
Checking for deadlock:
There are 1 Blocked actors, 0 Stopped actors, and 4 active threads.
Waiting for actors to stop.
Called postfire()
Called prefire()
Called fire()
Checking for deadlock:
There are 2 Blocked actors, 0 Stopped actors, and 4 active threads.
Waiting for actors to stop.
-- Read input: 0.0, which is expected to match: 0.0
Called prefire()
Called fire()
Called postfire()
Called prefire()
Called fire()
Checking for deadlock:
There are 3 Blocked actors, 0 Stopped actors, and 4 active threads.
Waiting for actors to stop.
Read input token from inputA with value 1.0
Sent output token with value 0.0
Next port to read input from is inputB
Called postfire()
Called prefire()
Called fire()
Read input token from inputB with value 1.5
-- Read input: 0.0, which is expected to match: 0.0
Called prefire()
Called fire()
Called postfire()
Called prefire()
Called fire()
Checking for deadlock:
There are 2 Blocked actors, 0 Stopped actors, and 4 active threads.
Waiting for actors to stop.
Called postfire()
Called prefire()
Called fire()
Checking for deadlock:
There are 3 Blocked actors, 0 Stopped actors, and 4 active threads.
Waiting for actors to stop.
Sent output token with value 1.0
Next port to read input from is inputA
Called postfire()
Called prefire()
Called fire()
Read input token from inputA with value 2.0
-- Read input: 1.0, which is expected to match: 1.0
Called prefire()
Called fire()
Checking for deadlock:
There are 2 Blocked actors, 0 Stopped actors, and 4 active threads.
Waiting for actors to stop.
Called postfire()
Called prefire()
Called fire()
Checking for deadlock:
There are 3 Blocked actors, 0 Stopped actors, and 4 active threads.
Waiting for actors to stop.
Sent output token with value 1.5
Next port to read input from is inputB
Called postfire()
Called prefire()
Called fire()
Read input token from inputB with value 3.0
-- Read input: 1.5, which is expected to match: 1.5
Called prefire()
Called fire()
Called postfire()
Called prefire()
Called fire()
Checking for deadlock:
There are 3 Blocked actors, 0 Stopped actors, and 4 active threads.
Waiting for actors to stop.
Checking for deadlock:
There are 2 Blocked actors, 0 Stopped actors, and 4 active threads.
Waiting for actors to stop.
-- Read input: 2.0, which is expected to match: 2.0
Called prefire()
Called fire()
Checking for deadlock:
There are 3 Blocked actors, 0 Stopped actors, and 4 active threads.
Waiting for actors to stop.
Sent output token with value 2.0
Next port to read input from is inputA
Called postfire()
Called prefire()
Called fire()
Checking for deadlock:
There are 2 Blocked actors, 0 Stopped actors, and 4 active threads.
Waiting for actors to stop.
Called postfire()
Called prefire()
Called fire()
Checking for deadlock:
There are 3 Blocked actors, 0 Stopped actors, and 4 active threads.
Waiting for actors to stop.
Read input token from inputA with value 3.0
Sent output token with value 3.0
Next port to read input from is inputB
Called postfire()
Called prefire()
Called fire()
Read input token from inputB with value 4.5
Checking for deadlock:
There are 2 Blocked actors, 0 Stopped actors, and 4 active threads.
Waiting for actors to stop.
Called postfire()
Called prefire()
Called fire()
Checking for deadlock:
There are 3 Blocked actors, 0 Stopped actors, and 4 active threads.
Waiting for actors to stop.
-- Read input: 3.0, which is expected to match: 3.0
Called prefire()
Called fire()
Checking for deadlock:
There are 3 Blocked actors, 0 Stopped actors, and 4 active threads.
Waiting for actors to stop.
-- Read input: 3.0, which is expected to match: 3.0
Called prefire()
Called fire()
Checking for deadlock:
There are 3 Blocked actors, 0 Stopped actors, and 4 active threads.
Waiting for actors to stop.
Sent output token with value 3.0
Next port to read input from is inputA
Called postfire()
Called prefire()
Called fire()
Checking for deadlock:
There are 2 Blocked actors, 0 Stopped actors, and 4 active threads.
Waiting for actors to stop.
Called postfire()
Called prefire()
Called fire()
Checking for deadlock:
There are 3 Blocked actors, 0 Stopped actors, and 4 active threads.
Waiting for actors to stop.
Read input token from inputA with value 4.0
Sent output token with value 4.0
Next port to read input from is inputA
Called postfire()
Called prefire()
Called fire()
Read input token from inputA with value 5.0
Checking for deadlock:
There are 2 Blocked actors, 0 Stopped actors, and 4 active threads.
Waiting for actors to stop.
-- Read input: 4.0, which is expected to match: 4.0
Called prefire()
Called fire()
Past the end of training data. Read and discard all inputs.
Called postfire()
Called prefire()
Called fire()
Checking for deadlock:
There are 3 Blocked actors, 0 Stopped actors, and 4 active threads.
Waiting for actors to stop.
Sent output token with value 4.5
Next port to read input from is inputB
Called postfire()
Called prefire()
Called fire()
Read input token from inputB with value 6.0
Checking for deadlock:
There are 2 Blocked actors, 0 Stopped actors, and 4 active threads.
Waiting for actors to stop.
Called postfire()
Called prefire()
Called fire()
Checking for deadlock:
There are 3 Blocked actors, 0 Stopped actors, and 4 active threads.
Waiting for actors to stop.
Called prefire()
Called fire()
Past the end of training data. Read and discard all inputs.
Checking for deadlock:
There are 3 Blocked actors, 0 Stopped actors, and 4 active threads.
Waiting for actors to stop.
Called prefire()
Called fire()
Past the end of training data. Read and discard all inputs.
Checking for deadlock:
There are 3 Blocked actors, 0 Stopped actors, and 4 active threads.
Waiting for actors to stop.
Sent output token with value 5.0
Next port to read input from is inputA
Called postfire()
Called prefire()
Called fire()
Checking for deadlock:
There are 2 Blocked actors, 0 Stopped actors, and 4 active threads.
Waiting for actors to stop.
Called postfire()
Called prefire()
Called fire()
Checking for deadlock:
There are 3 Blocked actors, 0 Stopped actors, and 4 active threads.
Waiting for actors to stop.
Read input token from inputA with value 6.0
Sent output token with value 6.0
Next port to read input from is inputB
Called postfire()
Called prefire()
Called fire()
Read input token from inputB with value 7.5
Checking for deadlock:
There are 2 Blocked actors, 0 Stopped actors, and 4 active threads.
Waiting for actors to stop.
Called postfire()
Called prefire()
Called fire()
Checking for deadlock:
There are 3 Blocked actors, 0 Stopped actors, and 4 active threads.
Waiting for actors to stop.
Called prefire()
Called fire()
Past the end of training data. Read and discard all inputs.
Checking for deadlock:
There are 3 Blocked actors, 0 Stopped actors, and 4 active threads.
Waiting for actors to stop.
Called prefire()
Called fire()
Past the end of training data. Read and discard all inputs.
Checking for deadlock:
There are 3 Blocked actors, 0 Stopped actors, and 4 active threads.
Waiting for actors to stop.
Sent output token with value 6.0
Next port to read input from is inputA
Called postfire()
Called prefire()
Called fire()
Checking for deadlock:
There are 2 Blocked actors, 0 Stopped actors, and 4 active threads.
Waiting for actors to stop.
Called postfire()
Called prefire()
Called fire()
Checking for deadlock:
There are 3 Blocked actors, 0 Stopped actors, and 4 active threads.
Waiting for actors to stop.
Read input token from inputA with value 7.0
Sent output token with value 7.0
Next port to read input from is inputA
Called postfire()
Called prefire()
Called fire()
Read input token from inputA with value 8.0
Checking for deadlock:
There are 2 Blocked actors, 0 Stopped actors, and 4 active threads.
Waiting for actors to stop.
Called prefire()
Called fire()
Past the end of training data. Read and discard all inputs.
-- Thread wrapup() called.
Called wrapup()
Thread .top.Ramp is exiting.
-- Thread stopped.
Checking for deadlock:
There are 2 Blocked actors, 0 Stopped actors, and 3 active threads.
Waiting for actors to stop.
Checking for deadlock:
There are 1 Blocked actors, 0 Stopped actors, and 3 active threads.
Waiting for actors to stop.
Called prefire()
Called fire()
Past the end of training data. Read and discard all inputs.
Checking for deadlock:
There are 2 Blocked actors, 0 Stopped actors, and 3 active threads.
Waiting for actors to stop.
Sent output token with value 7.5
Next port to read input from is inputB
Called postfire()
Called prefire()
Called fire()
Called postfire()
Called prefire()
Called fire()
Checking for deadlock:
There are 2 Blocked actors, 0 Stopped actors, and 3 active threads.
Waiting for actors to stop.
Read input token from inputB with value 9.0
Checking for deadlock:
There are 1 Blocked actors, 0 Stopped actors, and 3 active threads.
Waiting for actors to stop.
Called prefire()
Called fire()
Past the end of training data. Read and discard all inputs.
Checking for deadlock:
There are 2 Blocked actors, 0 Stopped actors, and 3 active threads.
Waiting for actors to stop.
Sent output token with value 8.0
Next port to read input from is inputA
Called postfire()
Called prefire()
Called fire()
Read input token from inputA with value 9.0
Checking for deadlock:
There are 1 Blocked actors, 0 Stopped actors, and 3 active threads.
Waiting for actors to stop.
Called prefire()
Called fire()
Past the end of training data. Read and discard all inputs.
Checking for deadlock:
There are 2 Blocked actors, 0 Stopped actors, and 3 active threads.
Waiting for actors to stop.
Sent output token with value 9.0
Next port to read input from is inputB
Called postfire()
Called prefire()
Called fire()
Called postfire()
Called prefire()
Called fire()
Checking for deadlock:
There are 2 Blocked actors, 0 Stopped actors, and 3 active threads.
Waiting for actors to stop.
Read input token from inputB with value 10.5
Checking for deadlock:
There are 1 Blocked actors, 0 Stopped actors, and 3 active threads.
Waiting for actors to stop.
Called prefire()
Called fire()
Past the end of training data. Read and discard all inputs.
Checking for deadlock:
There are 2 Blocked actors, 0 Stopped actors, and 3 active threads.
Waiting for actors to stop.
Sent output token with value 9.0
Next port to read input from is inputA
Called postfire()
Called prefire()
Called fire()
Checking for deadlock:
There are 3 Blocked actors, 0 Stopped actors, and 3 active threads.
Actors have stopped.
Checking for deadlock:
There are 3 Blocked actors, 0 Stopped actors, and 3 active threads.
Deadlock detected.
Resolving Deadlock
Checking for deadlock:
There are 3 Blocked actors, 0 Stopped actors, and 3 active threads.
Artificial Deadlock - increasing queue capacity.
increasing the capacity of receiver ptolemy.actor.TypedIOPort {.top.OrderedMerge.inputB} to 2
Director: Called postfire().
Called postfire().
_stopRequested = false
_stopFireRequested = false
Returning from postfire(): true
Called fire().
Checking for deadlock:
There are 2 Blocked actors, 0 Stopped actors, and 3 active threads.
Waiting for actors to stop.
-- Thread wrapup() called.
Called wrapup()
Thread .top.Ramp2 is exiting.
-- Thread stopped.
Checking for deadlock:
There are 2 Blocked actors, 0 Stopped actors, and 2 active threads.
Actors have stopped.
Checking for deadlock:
There are 2 Blocked actors, 0 Stopped actors, and 2 active threads.
Deadlock detected.
Resolving Deadlock
Checking for deadlock:
There are 2 Blocked actors, 0 Stopped actors, and 2 active threads.
Deadlock detected: no processes blocked on write, but some are blocked on read.
Called postfire().
_stopRequested = false
_stopFireRequested = false
Returning from postfire(): false
Finished deactivating branches.
Called wrapup().
-- Thread wrapup() called.
Called wrapup()
-- Thread wrapup() called.
Called wrapup()
Thread .top.Test is exiting.
-- Thread stopped.
-- Blocked Receiver call threw TerminateProcessException.
Thread .top.OrderedMerge is exiting.
-- Thread stopped.
-- Blocked Receiver call threw TerminateProcessException.
14 ms. Memory: 129024K Free: 106456K (83%)
/home/travis/build/icyphy/ptII/ptolemy/actor/lib/test/Publisher.tcl
15 ms. Memory: 129024K Free: 99802K (77%)
9 ms. Memory: 129024K Free: 94682K (73%)
5 ms. Memory: 129024K Free: 91066K (71%)
4 ms. Memory: 129024K Free: 90072K (70%)
5 ms. Memory: 129024K Free: 89042K (69%)
12 ms. Memory: 129024K Free: 88024K (68%)
2 ms. Memory: 129024K Free: 87514K (68%)
2 ms. Memory: 129024K Free: 86490K (67%)
19 ms. Memory: 155648K Free: 131009K (84%)
5 ms. Memory: 155648K Free: 127408K (82%)
3 ms. Memory: 155648K Free: 126913K (82%)
3 ms. Memory: 155648K Free: 124351K (80%)
12 ms. Memory: 155648K Free: 116673K (75%)
5 ms. Memory: 155648K Free: 107457K (69%)
6 ms. Memory: 155648K Free: 96688K (62%)
/home/travis/build/icyphy/ptII/ptolemy/actor/lib/test/Pulse.tcl
3 ms. Memory: 155648K Free: 129047K (83%)
8 ms. Memory: 155648K Free: 128519K (83%)
1 ms. Memory: 155648K Free: 128023K (82%)
1 ms. Memory: 155648K Free: 127509K (82%)
0 ms. Memory: 155648K Free: 126999K (82%)
6 ms. Memory: 155648K Free: 125461K (81%)
4 ms. Memory: 155648K Free: 124949K (80%)
2 ms. Memory: 155648K Free: 123927K (80%)
4 ms. Memory: 155648K Free: 123413K (79%)
/home/travis/build/icyphy/ptII/ptolemy/actor/lib/test/Ramp.tcl
2 ms. Memory: 155648K Free: 121351K (78%)
3 ms. Memory: 155648K Free: 120341K (77%)
2 ms. Memory: 155648K Free: 119831K (77%)
1 ms. Memory: 155648K Free: 118807K (76%)
4 ms. Memory: 155648K Free: 118293K (76%)
5 ms. Memory: 155648K Free: 117255K (75%)
3 ms. Memory: 155648K Free: 116245K (75%)
5 actors
4000 microseconds per iteration to create
4 ms. Memory: 155648K Free: 113687K (73%)
2 ms. Memory: 155648K Free: 113167K (73%)
2 ms. Memory: 155648K Free: 112663K (72%)
1 ms. Memory: 155648K Free: 112149K (72%)
50 actors
27000 microseconds per iteration to create
24 ms. Memory: 155648K Free: 96279K (62%)
10 ms. Memory: 155648K Free: 95255K (61%)
10 ms. Memory: 155648K Free: 94231K (61%)
4 ms. Memory: 155648K Free: 93207K (60%)
500 actors
1421000 microseconds per iteration to create
193 ms. Memory: 155648K Free: 73064K (47%)
30 ms. Memory: 155648K Free: 67434K (43%)
29 ms. Memory: 155648K Free: 62314K (40%)
27 ms. Memory: 155648K Free: 57194K (37%)
/home/travis/build/icyphy/ptII/ptolemy/actor/lib/test/RampContinuous.tcl
27 ms. Memory: 187392K Free: 163842K (87%)
/home/travis/build/icyphy/ptII/ptolemy/actor/lib/test/RecordAssembler.tcl
4 ms. Memory: 187392K Free: 162356K (87%)
4 ms. Memory: 187392K Free: 161332K (86%)
/home/travis/build/icyphy/ptII/ptolemy/actor/lib/test/RecordDisassembler.tcl
8 ms. Memory: 187392K Free: 159284K (85%)
3 ms. Memory: 187392K Free: 158770K (85%)
7 ms. Memory: 187392K Free: 157731K (84%)
/home/travis/build/icyphy/ptII/ptolemy/actor/lib/test/Scale.tcl
2 ms. Memory: 187392K Free: 155683K (83%)
2 ms. Memory: 187392K Free: 155188K (83%)
1 ms. Memory: 187392K Free: 154164K (82%)
2 ms. Memory: 187392K Free: 153140K (82%)
5 ms. Memory: 187392K Free: 152611K (81%)
/home/travis/build/icyphy/ptII/ptolemy/actor/lib/test/SequentialClock.tcl
preinitializing
resolving types
initializing
executing number 1
wrapping up
idle
3 ms. Memory: 187392K Free: 151092K (81%)
Completed execution with 5 iterations
preinitializing
resolving types
initializing
executing number 1
wrapping up
idle
2 ms. Memory: 187392K Free: 150563K (80%)
Completed execution with 5 iterations
preinitializing
resolving types
initializing
executing number 1
wrapping up
idle
2 ms. Memory: 187392K Free: 150068K (80%)
Completed execution with 5 iterations
/home/travis/build/icyphy/ptII/ptolemy/actor/lib/test/SetVariable.tcl
4 ms. Memory: 187392K Free: 148530K (79%)
/home/travis/build/icyphy/ptII/ptolemy/actor/lib/test/Sinewave.tcl
/home/travis/build/icyphy/ptII/ptolemy/actor/lib/test/SubscriptionAggregator.tcl
4 ms. Memory: 187392K Free: 137259K (73%)
1 ms. Memory: 187392K Free: 136242K (73%)
0 ms. Memory: 187392K Free: 136242K (73%)
0 ms. Memory: 187392K Free: 135732K (72%)
2 ms. Memory: 187392K Free: 132115K (71%)
7 ms. Memory: 187392K Free: 129588K (69%)
...............................................................767 ms. Memory: 266240K Free: 82347K (31%)
/home/travis/build/icyphy/ptII/ptolemy/actor/lib/test/Test.tcl
 The next command will produce a warning about training mode,
   which may be ignored.
4 ms. Memory: 266240K Free: 80299K (30%)
48 ms. Memory: 266240K Free: 220067K (83%)
1 ms. Memory: 266240K Free: 219019K (82%)
1 ms. Memory: 266240K Free: 218539K (82%)
2 ms. Memory: 266240K Free: 218025K (82%)
2 ms. Memory: 266240K Free: 216987K (82%)
3 ms. Memory: 266240K Free: 215467K (81%)
 The next command will produce a warning about training mode,
   which may be ignored.
3 ms. Memory: 266240K Free: 213419K (80%)
 The next command will produce a warning about training mode,
   which may be ignored.
2 ms. Memory: 266240K Free: 211867K (80%)
1 ms. Memory: 266240K Free: 211371K (79%)
1 ms. Memory: 266240K Free: 210857K (79%)
1 ms. Memory: 266240K Free: 210347K (79%)
5 ms. Memory: 266240K Free: 209323K (79%)
2 ms. Memory: 266240K Free: 205723K (77%)
/home/travis/build/icyphy/ptII/ptolemy/actor/lib/test/TestExceptionHandler.tcl
 The next command will produce a warning about training mode,
   which may be ignored.
2 ms. Memory: 266240K Free: 204203K (77%)
1 ms. Memory: 266240K Free: 203675K (77%)
0 ms. Memory: 266240K Free: 203179K (76%)
/home/travis/build/icyphy/ptII/ptolemy/actor/lib/test/UnionDisassembler.tcl
13 ms. Memory: 266240K Free: 196011K (74%)
/home/travis/build/icyphy/ptII/ptolemy/actor/lib/test/VariableClock.tcl
preinitializing
resolving types
initializing
executing number 1
wrapping up
idle
2 ms. Memory: 266240K Free: 193963K (73%)
Completed execution with 11 iterations
preinitializing
resolving types
initializing
executing number 1
wrapping up
idle
3 ms. Memory: 266240K Free: 192939K (72%)
Completed execution with 10 iterations
10/06/21 02:06:13
Failed: 0  Total Tests: 233  ((Passed: 233, Newly Passed: 0)  Known Failed: 0) /home/travis/build/icyphy/ptII/ptolemy/actor/lib/test
----------------- testing (KnownFailure) /home/travis/build/icyphy/ptII/ptolemy/actor/lib/test/auto/knownFailedTests/PublisherPortToplevelSubscriber.xml
0 ms. Memory: 266240K Free: 189353K (71%)
Known Failure: java.lang.reflect.InvocationTargetException
----------------- testing (KnownFailure) /home/travis/build/icyphy/ptII/ptolemy/actor/lib/test/auto/knownFailedTests/PublisherSubscriberPortToplevel.xml
0 ms. Memory: 266240K Free: 185257K (70%)
Known Failure: java.lang.reflect.InvocationTargetException
----------------- testing (KnownFailure) /home/travis/build/icyphy/ptII/ptolemy/actor/lib/test/auto/knownFailedTests/PublisherSubscriptionAggregatorPort.xml
0 ms. Memory: 266240K Free: 181161K (68%)
Known Failure: java.lang.reflect.InvocationTargetException
----------------- testing (KnownFailure) /home/travis/build/icyphy/ptII/ptolemy/actor/lib/test/auto/knownFailedTests/sizedarray3.xml
3 ms. Memory: 266240K Free: 176555K (66%)
Known Failure: java.lang.reflect.InvocationTargetException
No auto/linux-amd64/*.xml tests in /home/travis/build/icyphy/ptII/ptolemy/actor/lib/test
AutoTests.java: About to close Vertx.
AutoTests.java: Vertx closed.

===========================================================================================
----------------- testing Wed Oct 06 02:06:13 UTC 2021 /home/travis/build/icyphy/ptII/ptolemy/actor/lib/test/auto/AbsoluteValue.xml
----------------- Instantiating /home/travis/build/icyphy/ptII/ptolemy/actor/lib/test/auto/AbsoluteValue.xml
13 ms. Memory: 266240K Free: 153513K (58%)
----------------- Invoking toplevel() on ptolemy.moml.MoMLSimpleApplication@6646b9e6
----------------- Done invoking toplevel() on ptolemy.moml.MoMLSimpleApplication@6646b9e6
reloadAllAccessors: .AbsoluteValue

===========================================================================================
----------------- testing Wed Oct 06 02:06:13 UTC 2021 /home/travis/build/icyphy/ptII/ptolemy/actor/lib/test/auto/AbsoluteValue2.xml
----------------- Instantiating /home/travis/build/icyphy/ptII/ptolemy/actor/lib/test/auto/AbsoluteValue2.xml
5 ms. Memory: 266240K Free: 146859K (55%)
----------------- Invoking toplevel() on ptolemy.moml.MoMLSimpleApplication@f1a08cb
----------------- Done invoking toplevel() on ptolemy.moml.MoMLSimpleApplication@f1a08cb
reloadAllAccessors: .AbsoluteValue2

===========================================================================================
----------------- testing Wed Oct 06 02:06:13 UTC 2021 /home/travis/build/icyphy/ptII/ptolemy/actor/lib/test/auto/Accumulator.xml
----------------- Instantiating /home/travis/build/icyphy/ptII/ptolemy/actor/lib/test/auto/Accumulator.xml
5 ms. Memory: 266240K Free: 140201K (53%)
----------------- Invoking toplevel() on ptolemy.moml.MoMLSimpleApplication@731d7bfd
----------------- Done invoking toplevel() on ptolemy.moml.MoMLSimpleApplication@731d7bfd
reloadAllAccessors: .Accumulator

===========================================================================================
----------------- testing Wed Oct 06 02:06:13 UTC 2021 /home/travis/build/icyphy/ptII/ptolemy/actor/lib/test/auto/Accumulator2.xml
----------------- Instantiating /home/travis/build/icyphy/ptII/ptolemy/actor/lib/test/auto/Accumulator2.xml
3 ms. Memory: 266240K Free: 135081K (51%)
----------------- Invoking toplevel() on ptolemy.moml.MoMLSimpleApplication@25576c29
----------------- Done invoking toplevel() on ptolemy.moml.MoMLSimpleApplication@25576c29
reloadAllAccessors: .Accumulator2

===========================================================================================
----------------- testing Wed Oct 06 02:06:13 UTC 2021 /home/travis/build/icyphy/ptII/ptolemy/actor/lib/test/auto/Accumulator3.xml
----------------- Instantiating /home/travis/build/icyphy/ptII/ptolemy/actor/lib/test/auto/Accumulator3.xml
2 ms. Memory: 266240K Free: 130475K (49%)
----------------- Invoking toplevel() on ptolemy.moml.MoMLSimpleApplication@716159e3
----------------- Done invoking toplevel() on ptolemy.moml.MoMLSimpleApplication@716159e3
reloadAllAccessors: .Accumulator3

===========================================================================================
----------------- testing Wed Oct 06 02:06:14 UTC 2021 /home/travis/build/icyphy/ptII/ptolemy/actor/lib/test/auto/ArrayAppend.xml
----------------- Instantiating /home/travis/build/icyphy/ptII/ptolemy/actor/lib/test/auto/ArrayAppend.xml
4 ms. Memory: 266240K Free: 124827K (47%)
----------------- Invoking toplevel() on ptolemy.moml.MoMLSimpleApplication@6c995e9d
----------------- Done invoking toplevel() on ptolemy.moml.MoMLSimpleApplication@6c995e9d
reloadAllAccessors: .ArrayAppend

===========================================================================================
----------------- testing Wed Oct 06 02:06:14 UTC 2021 /home/travis/build/icyphy/ptII/ptolemy/actor/lib/test/auto/ArrayAppend2.xml
----------------- Instantiating /home/travis/build/icyphy/ptII/ptolemy/actor/lib/test/auto/ArrayAppend2.xml
347 ms. Memory: 266240K Free: 180569K (68%)
----------------- Invoking toplevel() on ptolemy.moml.MoMLSimpleApplication@738ab2bd
----------------- Done invoking toplevel() on ptolemy.moml.MoMLSimpleApplication@738ab2bd
reloadAllAccessors: .ArrayAppend2

===========================================================================================
----------------- testing Wed Oct 06 02:06:14 UTC 2021 /home/travis/build/icyphy/ptII/ptolemy/actor/lib/test/auto/ArrayAppend3.xml
----------------- Instantiating /home/travis/build/icyphy/ptII/ptolemy/actor/lib/test/auto/ArrayAppend3.xml
5 ms. Memory: 266240K Free: 174425K (66%)
----------------- Invoking toplevel() on ptolemy.moml.MoMLSimpleApplication@60ca874b
----------------- Done invoking toplevel() on ptolemy.moml.MoMLSimpleApplication@60ca874b
reloadAllAccessors: .ArrayAppend3

===========================================================================================
----------------- testing Wed Oct 06 02:06:14 UTC 2021 /home/travis/build/icyphy/ptII/ptolemy/actor/lib/test/auto/ArrayAppend4.xml
----------------- Instantiating /home/travis/build/icyphy/ptII/ptolemy/actor/lib/test/auto/ArrayAppend4.xml
1 ms. Memory: 266240K Free: 169305K (64%)
----------------- Invoking toplevel() on ptolemy.moml.MoMLSimpleApplication@715421be
----------------- Done invoking toplevel() on ptolemy.moml.MoMLSimpleApplication@715421be
reloadAllAccessors: .ArrayAppend4

===========================================================================================
----------------- testing Wed Oct 06 02:06:14 UTC 2021 /home/travis/build/icyphy/ptII/ptolemy/actor/lib/test/auto/ArrayAppend5.xml
----------------- Instantiating /home/travis/build/icyphy/ptII/ptolemy/actor/lib/test/auto/ArrayAppend5.xml
3 ms. Memory: 266240K Free: 164185K (62%)
----------------- Invoking toplevel() on ptolemy.moml.MoMLSimpleApplication@36ae3275
----------------- Done invoking toplevel() on ptolemy.moml.MoMLSimpleApplication@36ae3275
reloadAllAccessors: .ArrayAppend5

===========================================================================================
----------------- testing Wed Oct 06 02:06:14 UTC 2021 /home/travis/build/icyphy/ptII/ptolemy/actor/lib/test/auto/ArrayAppend6.xml
----------------- Instantiating /home/travis/build/icyphy/ptII/ptolemy/actor/lib/test/auto/ArrayAppend6.xml
2 ms. Memory: 266240K Free: 158555K (60%)
----------------- Invoking toplevel() on ptolemy.moml.MoMLSimpleApplication@29228941
----------------- Done invoking toplevel() on ptolemy.moml.MoMLSimpleApplication@29228941
reloadAllAccessors: .ArrayAppend6

===========================================================================================
----------------- testing Wed Oct 06 02:06:14 UTC 2021 /home/travis/build/icyphy/ptII/ptolemy/actor/lib/test/auto/ArrayAppendPerformanceTest.xml
----------------- Instantiating /home/travis/build/icyphy/ptII/ptolemy/actor/lib/test/auto/ArrayAppendPerformanceTest.xml
27 ms. Memory: 266240K Free: 147801K (56%)
----------------- Invoking toplevel() on ptolemy.moml.MoMLSimpleApplication@5f44e444
----------------- Done invoking toplevel() on ptolemy.moml.MoMLSimpleApplication@5f44e444
reloadAllAccessors: .ArrayAppendPerformanceTest

===========================================================================================
----------------- testing Wed Oct 06 02:06:14 UTC 2021 /home/travis/build/icyphy/ptII/ptolemy/actor/lib/test/auto/ArrayAppendWithEmptyInput.xml
----------------- Instantiating /home/travis/build/icyphy/ptII/ptolemy/actor/lib/test/auto/ArrayAppendWithEmptyInput.xml
15 ms. Memory: 266240K Free: 139609K (52%)
----------------- Invoking toplevel() on ptolemy.moml.MoMLSimpleApplication@4b30a2b1
----------------- Done invoking toplevel() on ptolemy.moml.MoMLSimpleApplication@4b30a2b1
reloadAllAccessors: .ArrayAppendWithEmptyInput

===========================================================================================
----------------- testing Wed Oct 06 02:06:14 UTC 2021 /home/travis/build/icyphy/ptII/ptolemy/actor/lib/test/auto/ArrayAverage.xml
----------------- Instantiating /home/travis/build/icyphy/ptII/ptolemy/actor/lib/test/auto/ArrayAverage.xml
8 ms. Memory: 266240K Free: 131931K (50%)
----------------- Invoking toplevel() on ptolemy.moml.MoMLSimpleApplication@7387ccd2
----------------- Done invoking toplevel() on ptolemy.moml.MoMLSimpleApplication@7387ccd2
reloadAllAccessors: .ArrayAverage

===========================================================================================
----------------- testing Wed Oct 06 02:06:14 UTC 2021 /home/travis/build/icyphy/ptII/ptolemy/actor/lib/test/auto/ArrayContains.xml
----------------- Instantiating /home/travis/build/icyphy/ptII/ptolemy/actor/lib/test/auto/ArrayContains.xml
13 ms. Memory: 266240K Free: 125787K (47%)
----------------- Invoking toplevel() on ptolemy.moml.MoMLSimpleApplication@5e38df24
----------------- Done invoking toplevel() on ptolemy.moml.MoMLSimpleApplication@5e38df24
reloadAllAccessors: .ArrayContains

===========================================================================================
----------------- testing Wed Oct 06 02:06:14 UTC 2021 /home/travis/build/icyphy/ptII/ptolemy/actor/lib/test/auto/ArrayElement.xml
----------------- Instantiating /home/travis/build/icyphy/ptII/ptolemy/actor/lib/test/auto/ArrayElement.xml
7 ms. Memory: 266240K Free: 120153K (45%)
----------------- Invoking toplevel() on ptolemy.moml.MoMLSimpleApplication@34331569
----------------- Done invoking toplevel() on ptolemy.moml.MoMLSimpleApplication@34331569
reloadAllAccessors: .ArrayElement

===========================================================================================
----------------- testing Wed Oct 06 02:06:14 UTC 2021 /home/travis/build/icyphy/ptII/ptolemy/actor/lib/test/auto/ArrayElementAsMatrix.xml
----------------- Instantiating /home/travis/build/icyphy/ptII/ptolemy/actor/lib/test/auto/ArrayElementAsMatrix.xml
14 ms. Memory: 266240K Free: 110427K (41%)
----------------- Invoking toplevel() on ptolemy.moml.MoMLSimpleApplication@3b039dbc
----------------- Done invoking toplevel() on ptolemy.moml.MoMLSimpleApplication@3b039dbc
reloadAllAccessors: .ArrayElementAsMatrix

===========================================================================================
----------------- testing Wed Oct 06 02:06:14 UTC 2021 /home/travis/build/icyphy/ptII/ptolemy/actor/lib/test/auto/ArrayElementI.xml
----------------- Instantiating /home/travis/build/icyphy/ptII/ptolemy/actor/lib/test/auto/ArrayElementI.xml
2 ms. Memory: 266240K Free: 104793K (39%)
----------------- Invoking toplevel() on ptolemy.moml.MoMLSimpleApplication@625574ed
----------------- Done invoking toplevel() on ptolemy.moml.MoMLSimpleApplication@625574ed
reloadAllAccessors: .ArrayElementI

===========================================================================================
----------------- testing Wed Oct 06 02:06:14 UTC 2021 /home/travis/build/icyphy/ptII/ptolemy/actor/lib/test/auto/ArrayExtract.xml
----------------- Instantiating /home/travis/build/icyphy/ptII/ptolemy/actor/lib/test/auto/ArrayExtract.xml
9 ms. Memory: 266240K Free: 96601K (36%)
----------------- Invoking toplevel() on ptolemy.moml.MoMLSimpleApplication@7f931567
----------------- Done invoking toplevel() on ptolemy.moml.MoMLSimpleApplication@7f931567
reloadAllAccessors: .ArrayExtract

===========================================================================================
----------------- testing Wed Oct 06 02:06:14 UTC 2021 /home/travis/build/icyphy/ptII/ptolemy/actor/lib/test/auto/ArrayExtract2.xml
----------------- Instantiating /home/travis/build/icyphy/ptII/ptolemy/actor/lib/test/auto/ArrayExtract2.xml
2 ms. Memory: 266240K Free: 90971K (34%)
----------------- Invoking toplevel() on ptolemy.moml.MoMLSimpleApplication@499ff737
----------------- Done invoking toplevel() on ptolemy.moml.MoMLSimpleApplication@499ff737
reloadAllAccessors: .ArrayExtract2

===========================================================================================
----------------- testing Wed Oct 06 02:06:14 UTC 2021 /home/travis/build/icyphy/ptII/ptolemy/actor/lib/test/auto/ArrayLength.xml
----------------- Instantiating /home/travis/build/icyphy/ptII/ptolemy/actor/lib/test/auto/ArrayLength.xml
1 ms. Memory: 266240K Free: 87385K (33%)
----------------- Invoking toplevel() on ptolemy.moml.MoMLSimpleApplication@1f80eb2c
----------------- Done invoking toplevel() on ptolemy.moml.MoMLSimpleApplication@1f80eb2c
reloadAllAccessors: .ArrayLength

===========================================================================================
----------------- testing Wed Oct 06 02:06:14 UTC 2021 /home/travis/build/icyphy/ptII/ptolemy/actor/lib/test/auto/ArrayLevelCrossing.xml
----------------- Instantiating /home/travis/build/icyphy/ptII/ptolemy/actor/lib/test/auto/ArrayLevelCrossing.xml
3 ms. Memory: 266240K Free: 79193K (30%)
----------------- Invoking toplevel() on ptolemy.moml.MoMLSimpleApplication@63a55ed6
----------------- Done invoking toplevel() on ptolemy.moml.MoMLSimpleApplication@63a55ed6
reloadAllAccessors: .ArrayLevelCrossing

===========================================================================================
----------------- testing Wed Oct 06 02:06:14 UTC 2021 /home/travis/build/icyphy/ptII/ptolemy/actor/lib/test/auto/ArrayLevelCrossing2.xml
----------------- Instantiating /home/travis/build/icyphy/ptII/ptolemy/actor/lib/test/auto/ArrayLevelCrossing2.xml
2 ms. Memory: 266240K Free: 72539K (27%)
----------------- Invoking toplevel() on ptolemy.moml.MoMLSimpleApplication@5cfa3003
----------------- Done invoking toplevel() on ptolemy.moml.MoMLSimpleApplication@5cfa3003
reloadAllAccessors: .ArrayLevelCrossing2

===========================================================================================
----------------- testing Wed Oct 06 02:06:14 UTC 2021 /home/travis/build/icyphy/ptII/ptolemy/actor/lib/test/auto/ArrayPeakSearch.xml
----------------- Instantiating /home/travis/build/icyphy/ptII/ptolemy/actor/lib/test/auto/ArrayPeakSearch.xml
8 ms. Memory: 266240K Free: 216923K (81%)
----------------- Invoking toplevel() on ptolemy.moml.MoMLSimpleApplication@161ddf44
----------------- Done invoking toplevel() on ptolemy.moml.MoMLSimpleApplication@161ddf44
reloadAllAccessors: .ArrayPeakSearch

===========================================================================================
----------------- testing Wed Oct 06 02:06:15 UTC 2021 /home/travis/build/icyphy/ptII/ptolemy/actor/lib/test/auto/ArrayPeakSearch2.xml
----------------- Instantiating /home/travis/build/icyphy/ptII/ptolemy/actor/lib/test/auto/ArrayPeakSearch2.xml
4 ms. Memory: 266240K Free: 205659K (77%)
----------------- Invoking toplevel() on ptolemy.moml.MoMLSimpleApplication@38c378ba
----------------- Done invoking toplevel() on ptolemy.moml.MoMLSimpleApplication@38c378ba
reloadAllAccessors: .ArrayPeakSearch2

===========================================================================================
----------------- testing Wed Oct 06 02:06:15 UTC 2021 /home/travis/build/icyphy/ptII/ptolemy/actor/lib/test/auto/ArrayPeakSearch3.xml
----------------- Instantiating /home/travis/build/icyphy/ptII/ptolemy/actor/lib/test/auto/ArrayPeakSearch3.xml
3 ms. Memory: 266240K Free: 196953K (74%)
----------------- Invoking toplevel() on ptolemy.moml.MoMLSimpleApplication@80d6669
----------------- Done invoking toplevel() on ptolemy.moml.MoMLSimpleApplication@80d6669
reloadAllAccessors: .ArrayPeakSearch3

===========================================================================================
----------------- testing Wed Oct 06 02:06:15 UTC 2021 /home/travis/build/icyphy/ptII/ptolemy/actor/lib/test/auto/ArrayRemoveElement.xml
----------------- Instantiating /home/travis/build/icyphy/ptII/ptolemy/actor/lib/test/auto/ArrayRemoveElement.xml
2 ms. Memory: 266240K Free: 188761K (71%)
----------------- Invoking toplevel() on ptolemy.moml.MoMLSimpleApplication@654325f3
----------------- Done invoking toplevel() on ptolemy.moml.MoMLSimpleApplication@654325f3
reloadAllAccessors: .ArrayRemoveElement

===========================================================================================
----------------- testing Wed Oct 06 02:06:15 UTC 2021 /home/travis/build/icyphy/ptII/ptolemy/actor/lib/test/auto/ArraySort.xml
----------------- Instantiating /home/travis/build/icyphy/ptII/ptolemy/actor/lib/test/auto/ArraySort.xml
5 ms. Memory: 266240K Free: 180059K (68%)
----------------- Invoking toplevel() on ptolemy.moml.MoMLSimpleApplication@f6a5d0a
----------------- Done invoking toplevel() on ptolemy.moml.MoMLSimpleApplication@f6a5d0a
reloadAllAccessors: .ArraySort

===========================================================================================
----------------- testing Wed Oct 06 02:06:15 UTC 2021 /home/travis/build/icyphy/ptII/ptolemy/actor/lib/test/auto/ArraySum.xml
----------------- Instantiating /home/travis/build/icyphy/ptII/ptolemy/actor/lib/test/auto/ArraySum.xml
4 ms. Memory: 266240K Free: 174425K (66%)
----------------- Invoking toplevel() on ptolemy.moml.MoMLSimpleApplication@3940c9ec
----------------- Done invoking toplevel() on ptolemy.moml.MoMLSimpleApplication@3940c9ec
reloadAllAccessors: .ArraySum

===========================================================================================
----------------- testing Wed Oct 06 02:06:15 UTC 2021 /home/travis/build/icyphy/ptII/ptolemy/actor/lib/test/auto/ArrayToElements.xml
----------------- Instantiating /home/travis/build/icyphy/ptII/ptolemy/actor/lib/test/auto/ArrayToElements.xml
5 ms. Memory: 266240K Free: 169305K (64%)
----------------- Invoking toplevel() on ptolemy.moml.MoMLSimpleApplication@2f29d4cf
----------------- Done invoking toplevel() on ptolemy.moml.MoMLSimpleApplication@2f29d4cf
reloadAllAccessors: .ArrayToElements

===========================================================================================
----------------- testing Wed Oct 06 02:06:15 UTC 2021 /home/travis/build/icyphy/ptII/ptolemy/actor/lib/test/auto/ArrayToMatrix.xml
----------------- Instantiating /home/travis/build/icyphy/ptII/ptolemy/actor/lib/test/auto/ArrayToMatrix.xml
8 ms. Memory: 266240K Free: 154969K (58%)
----------------- Invoking toplevel() on ptolemy.moml.MoMLSimpleApplication@10cb96cd
----------------- Done invoking toplevel() on ptolemy.moml.MoMLSimpleApplication@10cb96cd
reloadAllAccessors: .ArrayToMatrix

===========================================================================================
----------------- testing Wed Oct 06 02:06:15 UTC 2021 /home/travis/build/icyphy/ptII/ptolemy/actor/lib/test/auto/ArrayUpdate1.xml
----------------- Instantiating /home/travis/build/icyphy/ptII/ptolemy/actor/lib/test/auto/ArrayUpdate1.xml
3 ms. Memory: 266240K Free: 149849K (56%)
----------------- Invoking toplevel() on ptolemy.moml.MoMLSimpleApplication@50092662
----------------- Done invoking toplevel() on ptolemy.moml.MoMLSimpleApplication@50092662
reloadAllAccessors: .ArrayUpdate1

===========================================================================================
----------------- testing Wed Oct 06 02:06:15 UTC 2021 /home/travis/build/icyphy/ptII/ptolemy/actor/lib/test/auto/ArrayUpdate2.xml
----------------- Instantiating /home/travis/build/icyphy/ptII/ptolemy/actor/lib/test/auto/ArrayUpdate2.xml
5 ms. Memory: 266240K Free: 143705K (54%)
----------------- Invoking toplevel() on ptolemy.moml.MoMLSimpleApplication@419e45de
----------------- Done invoking toplevel() on ptolemy.moml.MoMLSimpleApplication@419e45de
reloadAllAccessors: .ArrayUpdate2

===========================================================================================
----------------- testing Wed Oct 06 02:06:15 UTC 2021 /home/travis/build/icyphy/ptII/ptolemy/actor/lib/test/auto/ArrayUpdate3.xml
----------------- Instantiating /home/travis/build/icyphy/ptII/ptolemy/actor/lib/test/auto/ArrayUpdate3.xml
3 ms. Memory: 266240K Free: 138585K (52%)
----------------- Invoking toplevel() on ptolemy.moml.MoMLSimpleApplication@6e531f93
----------------- Done invoking toplevel() on ptolemy.moml.MoMLSimpleApplication@6e531f93
reloadAllAccessors: .ArrayUpdate3

===========================================================================================
----------------- testing Wed Oct 06 02:06:15 UTC 2021 /home/travis/build/icyphy/ptII/ptolemy/actor/lib/test/auto/Assert1.xml
----------------- Instantiating /home/travis/build/icyphy/ptII/ptolemy/actor/lib/test/auto/Assert1.xml
4 ms. Memory: 266240K Free: 134489K (51%)
----------------- Invoking toplevel() on ptolemy.moml.MoMLSimpleApplication@3b2be95a
----------------- Done invoking toplevel() on ptolemy.moml.MoMLSimpleApplication@3b2be95a
reloadAllAccessors: .Assert1

===========================================================================================
----------------- testing Wed Oct 06 02:06:15 UTC 2021 /home/travis/build/icyphy/ptII/ptolemy/actor/lib/test/auto/Assert2.xml
----------------- Instantiating /home/travis/build/icyphy/ptII/ptolemy/actor/lib/test/auto/Assert2.xml
1 ms. Memory: 266240K Free: 129369K (49%)
----------------- Invoking toplevel() on ptolemy.moml.MoMLSimpleApplication@3103ab32
----------------- Done invoking toplevel() on ptolemy.moml.MoMLSimpleApplication@3103ab32
reloadAllAccessors: .Assert2

===========================================================================================
----------------- testing Wed Oct 06 02:06:15 UTC 2021 /home/travis/build/icyphy/ptII/ptolemy/actor/lib/test/auto/BooleanMultiplexor.xml
----------------- Instantiating /home/travis/build/icyphy/ptII/ptolemy/actor/lib/test/auto/BooleanMultiplexor.xml
2 ms. Memory: 266240K Free: 124242K (47%)
----------------- Invoking toplevel() on ptolemy.moml.MoMLSimpleApplication@78717dbf
----------------- Done invoking toplevel() on ptolemy.moml.MoMLSimpleApplication@78717dbf
reloadAllAccessors: .BooleanMultiplexor

===========================================================================================
----------------- testing Wed Oct 06 02:06:15 UTC 2021 /home/travis/build/icyphy/ptII/ptolemy/actor/lib/test/auto/BooleanMultiplexor2.xml
----------------- Instantiating /home/travis/build/icyphy/ptII/ptolemy/actor/lib/test/auto/BooleanMultiplexor2.xml
3 ms. Memory: 266240K Free: 117595K (44%)
----------------- Invoking toplevel() on ptolemy.moml.MoMLSimpleApplication@72c49299
----------------- Done invoking toplevel() on ptolemy.moml.MoMLSimpleApplication@72c49299
reloadAllAccessors: .BooleanMultiplexor2

===========================================================================================
----------------- testing Wed Oct 06 02:06:15 UTC 2021 /home/travis/build/icyphy/ptII/ptolemy/actor/lib/test/auto/BooleanMultiplexor3.xml
----------------- Instantiating /home/travis/build/icyphy/ptII/ptolemy/actor/lib/test/auto/BooleanMultiplexor3.xml
1 ms. Memory: 266240K Free: 114009K (43%)
----------------- Invoking toplevel() on ptolemy.moml.MoMLSimpleApplication@137b69c8
----------------- Done invoking toplevel() on ptolemy.moml.MoMLSimpleApplication@137b69c8
reloadAllAccessors: .BooleanMultiplexor3

===========================================================================================
----------------- testing Wed Oct 06 02:06:15 UTC 2021 /home/travis/build/icyphy/ptII/ptolemy/actor/lib/test/auto/BooleanSelect.xml
----------------- Instantiating /home/travis/build/icyphy/ptII/ptolemy/actor/lib/test/auto/BooleanSelect.xml
8 ms. Memory: 266240K Free: 107834K (41%)
----------------- Invoking toplevel() on ptolemy.moml.MoMLSimpleApplication@27e83c40
----------------- Done invoking toplevel() on ptolemy.moml.MoMLSimpleApplication@27e83c40
reloadAllAccessors: .BooleanSelect

===========================================================================================
----------------- testing Wed Oct 06 02:06:15 UTC 2021 /home/travis/build/icyphy/ptII/ptolemy/actor/lib/test/auto/BooleanSelect2.xml
----------------- Instantiating /home/travis/build/icyphy/ptII/ptolemy/actor/lib/test/auto/BooleanSelect2.xml
1 ms. Memory: 266240K Free: 103259K (39%)
----------------- Invoking toplevel() on ptolemy.moml.MoMLSimpleApplication@4f12bb6e
----------------- Done invoking toplevel() on ptolemy.moml.MoMLSimpleApplication@4f12bb6e
reloadAllAccessors: .BooleanSelect2

===========================================================================================
----------------- testing Wed Oct 06 02:06:15 UTC 2021 /home/travis/build/icyphy/ptII/ptolemy/actor/lib/test/auto/BooleanSwitch.xml
----------------- Instantiating /home/travis/build/icyphy/ptII/ptolemy/actor/lib/test/auto/BooleanSwitch.xml
5 ms. Memory: 266240K Free: 97115K (36%)
----------------- Invoking toplevel() on ptolemy.moml.MoMLSimpleApplication@528ea48b
----------------- Done invoking toplevel() on ptolemy.moml.MoMLSimpleApplication@528ea48b
reloadAllAccessors: .BooleanSwitch

===========================================================================================
----------------- testing Wed Oct 06 02:06:15 UTC 2021 /home/travis/build/icyphy/ptII/ptolemy/actor/lib/test/auto/BooleanSwitch2.xml
----------------- Instantiating /home/travis/build/icyphy/ptII/ptolemy/actor/lib/test/auto/BooleanSwitch2.xml
2 ms. Memory: 266240K Free: 92505K (35%)
----------------- Invoking toplevel() on ptolemy.moml.MoMLSimpleApplication@165f2b58
----------------- Done invoking toplevel() on ptolemy.moml.MoMLSimpleApplication@165f2b58
reloadAllAccessors: .BooleanSwitch2

===========================================================================================
----------------- testing Wed Oct 06 02:06:15 UTC 2021 /home/travis/build/icyphy/ptII/ptolemy/actor/lib/test/auto/BooleanSwitchCloningBugWithClassRelationGroup.xml
----------------- Instantiating /home/travis/build/icyphy/ptII/ptolemy/actor/lib/test/auto/BooleanSwitchCloningBugWithClassRelationGroup.xml
3 ms. Memory: 266240K Free: 86361K (32%)
----------------- Invoking toplevel() on ptolemy.moml.MoMLSimpleApplication@5e3f5851
----------------- Done invoking toplevel() on ptolemy.moml.MoMLSimpleApplication@5e3f5851
reloadAllAccessors: .BooleanSwitchCloningBugWithClassRelationGroup

===========================================================================================
----------------- testing Wed Oct 06 02:06:15 UTC 2021 /home/travis/build/icyphy/ptII/ptolemy/actor/lib/test/auto/BusActors.xml
----------------- Instantiating /home/travis/build/icyphy/ptII/ptolemy/actor/lib/test/auto/BusActors.xml
6 ms. Memory: 266240K Free: 78169K (29%)
----------------- Invoking toplevel() on ptolemy.moml.MoMLSimpleApplication@5881ca3f
----------------- Done invoking toplevel() on ptolemy.moml.MoMLSimpleApplication@5881ca3f
reloadAllAccessors: .BusActors

===========================================================================================
----------------- testing Wed Oct 06 02:06:15 UTC 2021 /home/travis/build/icyphy/ptII/ptolemy/actor/lib/test/auto/ClassWrapper.xml
----------------- Instantiating /home/travis/build/icyphy/ptII/ptolemy/actor/lib/test/auto/ClassWrapper.xml
2 ms. Memory: 266240K Free: 74073K (28%)
----------------- Invoking toplevel() on ptolemy.moml.MoMLSimpleApplication@277c9657
----------------- Done invoking toplevel() on ptolemy.moml.MoMLSimpleApplication@277c9657
reloadAllAccessors: .ClassWrapper

===========================================================================================
----------------- testing Wed Oct 06 02:06:15 UTC 2021 /home/travis/build/icyphy/ptII/ptolemy/actor/lib/test/auto/Clock.xml
----------------- Instantiating /home/travis/build/icyphy/ptII/ptolemy/actor/lib/test/auto/Clock.xml
1 ms. Memory: 266240K Free: 69977K (26%)
----------------- Invoking toplevel() on ptolemy.moml.MoMLSimpleApplication@76ea1560
----------------- Done invoking toplevel() on ptolemy.moml.MoMLSimpleApplication@76ea1560
reloadAllAccessors: .Clock

===========================================================================================
----------------- testing Wed Oct 06 02:06:15 UTC 2021 /home/travis/build/icyphy/ptII/ptolemy/actor/lib/test/auto/Clock10.xml
----------------- Instantiating /home/travis/build/icyphy/ptII/ptolemy/actor/lib/test/auto/Clock10.xml
3 ms. Memory: 266240K Free: 64347K (24%)
----------------- Invoking toplevel() on ptolemy.moml.MoMLSimpleApplication@458ff7e3
----------------- Done invoking toplevel() on ptolemy.moml.MoMLSimpleApplication@458ff7e3
reloadAllAccessors: .Clock10

===========================================================================================
----------------- testing Wed Oct 06 02:06:15 UTC 2021 /home/travis/build/icyphy/ptII/ptolemy/actor/lib/test/auto/Clock11.xml
----------------- Instantiating /home/travis/build/icyphy/ptII/ptolemy/actor/lib/test/auto/Clock11.xml
5 ms. Memory: 266240K Free: 215296K (81%)
----------------- Invoking toplevel() on ptolemy.moml.MoMLSimpleApplication@46ac74b5
----------------- Done invoking toplevel() on ptolemy.moml.MoMLSimpleApplication@46ac74b5
reloadAllAccessors: .Clock11

===========================================================================================
----------------- testing Wed Oct 06 02:06:15 UTC 2021 /home/travis/build/icyphy/ptII/ptolemy/actor/lib/test/auto/Clock12.xml
----------------- Instantiating /home/travis/build/icyphy/ptII/ptolemy/actor/lib/test/auto/Clock12.xml
3 ms. Memory: 266240K Free: 209154K (79%)
----------------- Invoking toplevel() on ptolemy.moml.MoMLSimpleApplication@7cc2c447
----------------- Done invoking toplevel() on ptolemy.moml.MoMLSimpleApplication@7cc2c447
reloadAllAccessors: .Clock12

===========================================================================================
----------------- testing Wed Oct 06 02:06:15 UTC 2021 /home/travis/build/icyphy/ptII/ptolemy/actor/lib/test/auto/Clock13.xml
----------------- Instantiating /home/travis/build/icyphy/ptII/ptolemy/actor/lib/test/auto/Clock13.xml
5 ms. Memory: 266240K Free: 203010K (76%)
----------------- Invoking toplevel() on ptolemy.moml.MoMLSimpleApplication@63dc8d1c
----------------- Done invoking toplevel() on ptolemy.moml.MoMLSimpleApplication@63dc8d1c
reloadAllAccessors: .Clock13

===========================================================================================
----------------- testing Wed Oct 06 02:06:15 UTC 2021 /home/travis/build/icyphy/ptII/ptolemy/actor/lib/test/auto/Clock14.xml
----------------- Instantiating /home/travis/build/icyphy/ptII/ptolemy/actor/lib/test/auto/Clock14.xml
4 ms. Memory: 266240K Free: 197370K (74%)
----------------- Invoking toplevel() on ptolemy.moml.MoMLSimpleApplication@51550dd6
----------------- Done invoking toplevel() on ptolemy.moml.MoMLSimpleApplication@51550dd6
reloadAllAccessors: .Clock14

===========================================================================================
----------------- testing Wed Oct 06 02:06:15 UTC 2021 /home/travis/build/icyphy/ptII/ptolemy/actor/lib/test/auto/Clock15.xml
----------------- Instantiating /home/travis/build/icyphy/ptII/ptolemy/actor/lib/test/auto/Clock15.xml
4 ms. Memory: 266240K Free: 191218K (72%)
----------------- Invoking toplevel() on ptolemy.moml.MoMLSimpleApplication@2f812384
----------------- Done invoking toplevel() on ptolemy.moml.MoMLSimpleApplication@2f812384
reloadAllAccessors: .Clock15

===========================================================================================
----------------- testing Wed Oct 06 02:06:15 UTC 2021 /home/travis/build/icyphy/ptII/ptolemy/actor/lib/test/auto/Clock16.xml
----------------- Instantiating /home/travis/build/icyphy/ptII/ptolemy/actor/lib/test/auto/Clock16.xml
26 ms. Memory: 266240K Free: 175872K (66%)
----------------- Invoking toplevel() on ptolemy.moml.MoMLSimpleApplication@72a4e2c7
----------------- Done invoking toplevel() on ptolemy.moml.MoMLSimpleApplication@72a4e2c7
reloadAllAccessors: .Clock16

===========================================================================================
----------------- testing Wed Oct 06 02:06:15 UTC 2021 /home/travis/build/icyphy/ptII/ptolemy/actor/lib/test/auto/Clock17.xml
----------------- Instantiating /home/travis/build/icyphy/ptII/ptolemy/actor/lib/test/auto/Clock17.xml
14 ms. Memory: 266240K Free: 161522K (61%)
----------------- Invoking toplevel() on ptolemy.moml.MoMLSimpleApplication@74ed0248
----------------- Done invoking toplevel() on ptolemy.moml.MoMLSimpleApplication@74ed0248
reloadAllAccessors: .Clock17

===========================================================================================
----------------- testing Wed Oct 06 02:06:15 UTC 2021 /home/travis/build/icyphy/ptII/ptolemy/actor/lib/test/auto/Clock18.xml
----------------- Instantiating /home/travis/build/icyphy/ptII/ptolemy/actor/lib/test/auto/Clock18.xml
19 ms. Memory: 266240K Free: 148738K (56%)
----------------- Invoking toplevel() on ptolemy.moml.MoMLSimpleApplication@7f1684e4
----------------- Done invoking toplevel() on ptolemy.moml.MoMLSimpleApplication@7f1684e4
reloadAllAccessors: .Clock18

===========================================================================================
----------------- testing Wed Oct 06 02:06:15 UTC 2021 /home/travis/build/icyphy/ptII/ptolemy/actor/lib/test/auto/Clock19.xml
----------------- Instantiating /home/travis/build/icyphy/ptII/ptolemy/actor/lib/test/auto/Clock19.xml
15 ms. Memory: 266240K Free: 135426K (51%)
----------------- Invoking toplevel() on ptolemy.moml.MoMLSimpleApplication@1e243946
----------------- Done invoking toplevel() on ptolemy.moml.MoMLSimpleApplication@1e243946
reloadAllAccessors: .Clock19

===========================================================================================
----------------- testing Wed Oct 06 02:06:15 UTC 2021 /home/travis/build/icyphy/ptII/ptolemy/actor/lib/test/auto/Clock2.xml
----------------- Instantiating /home/travis/build/icyphy/ptII/ptolemy/actor/lib/test/auto/Clock2.xml
8 ms. Memory: 266240K Free: 130306K (49%)
----------------- Invoking toplevel() on ptolemy.moml.MoMLSimpleApplication@1a8c232d
----------------- Done invoking toplevel() on ptolemy.moml.MoMLSimpleApplication@1a8c232d
reloadAllAccessors: .Clock2

===========================================================================================
----------------- testing Wed Oct 06 02:06:15 UTC 2021 /home/travis/build/icyphy/ptII/ptolemy/actor/lib/test/auto/Clock20.xml
----------------- Instantiating /home/travis/build/icyphy/ptII/ptolemy/actor/lib/test/auto/Clock20.xml
7 ms. Memory: 266240K Free: 125186K (47%)
----------------- Invoking toplevel() on ptolemy.moml.MoMLSimpleApplication@1b68072b
----------------- Done invoking toplevel() on ptolemy.moml.MoMLSimpleApplication@1b68072b
reloadAllAccessors: .Clock20

===========================================================================================
----------------- testing Wed Oct 06 02:06:15 UTC 2021 /home/travis/build/icyphy/ptII/ptolemy/actor/lib/test/auto/Clock21.xml
----------------- Instantiating /home/travis/build/icyphy/ptII/ptolemy/actor/lib/test/auto/Clock21.xml
2 ms. Memory: 266240K Free: 119552K (45%)
----------------- Invoking toplevel() on ptolemy.moml.MoMLSimpleApplication@71bb82f4
----------------- Done invoking toplevel() on ptolemy.moml.MoMLSimpleApplication@71bb82f4
reloadAllAccessors: .Clock21

===========================================================================================
----------------- testing Wed Oct 06 02:06:15 UTC 2021 /home/travis/build/icyphy/ptII/ptolemy/actor/lib/test/auto/Clock22.xml
----------------- Instantiating /home/travis/build/icyphy/ptII/ptolemy/actor/lib/test/auto/Clock22.xml
1 ms. Memory: 266240K Free: 114432K (43%)
----------------- Invoking toplevel() on ptolemy.moml.MoMLSimpleApplication@87fa52
----------------- Done invoking toplevel() on ptolemy.moml.MoMLSimpleApplication@87fa52
reloadAllAccessors: .Clock22

===========================================================================================
----------------- testing Wed Oct 06 02:06:15 UTC 2021 /home/travis/build/icyphy/ptII/ptolemy/actor/lib/test/auto/Clock23.xml
----------------- Instantiating /home/travis/build/icyphy/ptII/ptolemy/actor/lib/test/auto/Clock23.xml
4 ms. Memory: 266240K Free: 108802K (41%)
----------------- Invoking toplevel() on ptolemy.moml.MoMLSimpleApplication@928076d
----------------- Done invoking toplevel() on ptolemy.moml.MoMLSimpleApplication@928076d
reloadAllAccessors: .Clock23

===========================================================================================
----------------- testing Wed Oct 06 02:06:16 UTC 2021 /home/travis/build/icyphy/ptII/ptolemy/actor/lib/test/auto/Clock24.xml
----------------- Instantiating /home/travis/build/icyphy/ptII/ptolemy/actor/lib/test/auto/Clock24.xml
4 ms. Memory: 266240K Free: 103682K (39%)
----------------- Invoking toplevel() on ptolemy.moml.MoMLSimpleApplication@2652c8a0
----------------- Done invoking toplevel() on ptolemy.moml.MoMLSimpleApplication@2652c8a0
reloadAllAccessors: .Clock24

===========================================================================================
----------------- testing Wed Oct 06 02:06:16 UTC 2021 /home/travis/build/icyphy/ptII/ptolemy/actor/lib/test/auto/Clock4.xml
----------------- Instantiating /home/travis/build/icyphy/ptII/ptolemy/actor/lib/test/auto/Clock4.xml
1 ms. Memory: 266240K Free: 98562K (37%)
----------------- Invoking toplevel() on ptolemy.moml.MoMLSimpleApplication@2598e9d0
----------------- Done invoking toplevel() on ptolemy.moml.MoMLSimpleApplication@2598e9d0
reloadAllAccessors: .Clock4

===========================================================================================
----------------- testing Wed Oct 06 02:06:16 UTC 2021 /home/travis/build/icyphy/ptII/ptolemy/actor/lib/test/auto/Clock5.xml
----------------- Instantiating /home/travis/build/icyphy/ptII/ptolemy/actor/lib/test/auto/Clock5.xml
1 ms. Memory: 266240K Free: 92914K (35%)
----------------- Invoking toplevel() on ptolemy.moml.MoMLSimpleApplication@51c28266
----------------- Done invoking toplevel() on ptolemy.moml.MoMLSimpleApplication@51c28266
reloadAllAccessors: .Clock5

===========================================================================================
----------------- testing Wed Oct 06 02:06:16 UTC 2021 /home/travis/build/icyphy/ptII/ptolemy/actor/lib/test/auto/Clock6.xml
----------------- Instantiating /home/travis/build/icyphy/ptII/ptolemy/actor/lib/test/auto/Clock6.xml
2 ms. Memory: 266240K Free: 88832K (33%)
----------------- Invoking toplevel() on ptolemy.moml.MoMLSimpleApplication@508b1505
----------------- Done invoking toplevel() on ptolemy.moml.MoMLSimpleApplication@508b1505
reloadAllAccessors: .Clock6

===========================================================================================
----------------- testing Wed Oct 06 02:06:16 UTC 2021 /home/travis/build/icyphy/ptII/ptolemy/actor/lib/test/auto/Clock7.xml
----------------- Instantiating /home/travis/build/icyphy/ptII/ptolemy/actor/lib/test/auto/Clock7.xml
2 ms. Memory: 266240K Free: 83712K (31%)
----------------- Invoking toplevel() on ptolemy.moml.MoMLSimpleApplication@5c0f17e9
----------------- Done invoking toplevel() on ptolemy.moml.MoMLSimpleApplication@5c0f17e9
reloadAllAccessors: .Clock7

===========================================================================================
----------------- testing Wed Oct 06 02:06:16 UTC 2021 /home/travis/build/icyphy/ptII/ptolemy/actor/lib/test/auto/Clock8.xml
----------------- Instantiating /home/travis/build/icyphy/ptII/ptolemy/actor/lib/test/auto/Clock8.xml
2 ms. Memory: 266240K Free: 78578K (30%)
----------------- Invoking toplevel() on ptolemy.moml.MoMLSimpleApplication@2f7fcad5
----------------- Done invoking toplevel() on ptolemy.moml.MoMLSimpleApplication@2f7fcad5
reloadAllAccessors: .Clock8

===========================================================================================
----------------- testing Wed Oct 06 02:06:16 UTC 2021 /home/travis/build/icyphy/ptII/ptolemy/actor/lib/test/auto/Clock9.xml
----------------- Instantiating /home/travis/build/icyphy/ptII/ptolemy/actor/lib/test/auto/Clock9.xml
4 ms. Memory: 266240K Free: 72962K (27%)
----------------- Invoking toplevel() on ptolemy.moml.MoMLSimpleApplication@33b8b2bc
----------------- Done invoking toplevel() on ptolemy.moml.MoMLSimpleApplication@33b8b2bc
reloadAllAccessors: .Clock9

===========================================================================================
----------------- testing Wed Oct 06 02:06:16 UTC 2021 /home/travis/build/icyphy/ptII/ptolemy/actor/lib/test/auto/CommDistDiscard.xml
----------------- Instantiating /home/travis/build/icyphy/ptII/ptolemy/actor/lib/test/auto/CommDistDiscard.xml
2 ms. Memory: 266240K Free: 67328K (25%)
----------------- Invoking toplevel() on ptolemy.moml.MoMLSimpleApplication@6ed55201
----------------- Done invoking toplevel() on ptolemy.moml.MoMLSimpleApplication@6ed55201
reloadAllAccessors: .CommDistDiscard

===========================================================================================
----------------- testing Wed Oct 06 02:06:16 UTC 2021 /home/travis/build/icyphy/ptII/ptolemy/actor/lib/test/auto/Commutator.xml
----------------- Instantiating /home/travis/build/icyphy/ptII/ptolemy/actor/lib/test/auto/Commutator.xml
1 ms. Memory: 266240K Free: 63232K (24%)
----------------- Invoking toplevel() on ptolemy.moml.MoMLSimpleApplication@406c7f95
----------------- Done invoking toplevel() on ptolemy.moml.MoMLSimpleApplication@406c7f95
reloadAllAccessors: .Commutator

===========================================================================================
----------------- testing Wed Oct 06 02:06:16 UTC 2021 /home/travis/build/icyphy/ptII/ptolemy/actor/lib/test/auto/Commutator2.xml
----------------- Instantiating /home/travis/build/icyphy/ptII/ptolemy/actor/lib/test/auto/Commutator2.xml
2 ms. Memory: 439296K Free: 388455K (88%)
----------------- Invoking toplevel() on ptolemy.moml.MoMLSimpleApplication@3bfd9608
----------------- Done invoking toplevel() on ptolemy.moml.MoMLSimpleApplication@3bfd9608
reloadAllAccessors: .Commutator2

===========================================================================================
----------------- testing Wed Oct 06 02:06:16 UTC 2021 /home/travis/build/icyphy/ptII/ptolemy/actor/lib/test/auto/Commutator3.xml
----------------- Instantiating /home/travis/build/icyphy/ptII/ptolemy/actor/lib/test/auto/Commutator3.xml
2 ms. Memory: 439296K Free: 383845K (87%)
----------------- Invoking toplevel() on ptolemy.moml.MoMLSimpleApplication@19c14be3
----------------- Done invoking toplevel() on ptolemy.moml.MoMLSimpleApplication@19c14be3
reloadAllAccessors: .Commutator3

===========================================================================================
----------------- testing Wed Oct 06 02:06:16 UTC 2021 /home/travis/build/icyphy/ptII/ptolemy/actor/lib/test/auto/Compare.xml
----------------- Instantiating /home/travis/build/icyphy/ptII/ptolemy/actor/lib/test/auto/Compare.xml
1 ms. Memory: 439296K Free: 377191K (86%)
----------------- Invoking toplevel() on ptolemy.moml.MoMLSimpleApplication@50fc170b
----------------- Done invoking toplevel() on ptolemy.moml.MoMLSimpleApplication@50fc170b
reloadAllAccessors: .Compare

===========================================================================================
----------------- testing Wed Oct 06 02:06:16 UTC 2021 /home/travis/build/icyphy/ptII/ptolemy/actor/lib/test/auto/CompareDE.xml
----------------- Instantiating /home/travis/build/icyphy/ptII/ptolemy/actor/lib/test/auto/CompareDE.xml
3 ms. Memory: 439296K Free: 370519K (84%)
----------------- Invoking toplevel() on ptolemy.moml.MoMLSimpleApplication@60bb1f4f
----------------- Done invoking toplevel() on ptolemy.moml.MoMLSimpleApplication@60bb1f4f
reloadAllAccessors: .CompareDE

===========================================================================================
----------------- testing Wed Oct 06 02:06:16 UTC 2021 /home/travis/build/icyphy/ptII/ptolemy/actor/lib/test/auto/ComplexDivide.xml
----------------- Instantiating /home/travis/build/icyphy/ptII/ptolemy/actor/lib/test/auto/ComplexDivide.xml
1 ms. Memory: 439296K Free: 366437K (83%)
----------------- Invoking toplevel() on ptolemy.moml.MoMLSimpleApplication@69d78ff1
----------------- Done invoking toplevel() on ptolemy.moml.MoMLSimpleApplication@69d78ff1
reloadAllAccessors: .ComplexDivide

===========================================================================================
----------------- testing Wed Oct 06 02:06:16 UTC 2021 /home/travis/build/icyphy/ptII/ptolemy/actor/lib/test/auto/ComputeHistogram.xml
----------------- Instantiating /home/travis/build/icyphy/ptII/ptolemy/actor/lib/test/auto/ComputeHistogram.xml
34 ms. Memory: 439296K Free: 353639K (81%)
----------------- Invoking toplevel() on ptolemy.moml.MoMLSimpleApplication@504ca894
----------------- Done invoking toplevel() on ptolemy.moml.MoMLSimpleApplication@504ca894
reloadAllAccessors: .ComputeHistogram

===========================================================================================
----------------- testing Wed Oct 06 02:06:16 UTC 2021 /home/travis/build/icyphy/ptII/ptolemy/actor/lib/test/auto/ConfigurationSelect.xml
----------------- Instantiating /home/travis/build/icyphy/ptII/ptolemy/actor/lib/test/auto/ConfigurationSelect.xml
9 ms. Memory: 439296K Free: 348519K (79%)
----------------- Invoking toplevel() on ptolemy.moml.MoMLSimpleApplication@1179cf5e
----------------- Done invoking toplevel() on ptolemy.moml.MoMLSimpleApplication@1179cf5e
reloadAllAccessors: .ConfigurationSelect

===========================================================================================
----------------- testing Wed Oct 06 02:06:16 UTC 2021 /home/travis/build/icyphy/ptII/ptolemy/actor/lib/test/auto/ConfigurationSelect2.xml
----------------- Instantiating /home/travis/build/icyphy/ptII/ptolemy/actor/lib/test/auto/ConfigurationSelect2.xml
2 ms. Memory: 439296K Free: 343909K (78%)
----------------- Invoking toplevel() on ptolemy.moml.MoMLSimpleApplication@7a3a50f5
----------------- Done invoking toplevel() on ptolemy.moml.MoMLSimpleApplication@7a3a50f5
reloadAllAccessors: .ConfigurationSelect2

===========================================================================================
----------------- testing Wed Oct 06 02:06:16 UTC 2021 /home/travis/build/icyphy/ptII/ptolemy/actor/lib/test/auto/ConfigurationSwitch.xml
----------------- Instantiating /home/travis/build/icyphy/ptII/ptolemy/actor/lib/test/auto/ConfigurationSwitch.xml
2 ms. Memory: 439296K Free: 338789K (77%)
----------------- Invoking toplevel() on ptolemy.moml.MoMLSimpleApplication@6f948bc3
----------------- Done invoking toplevel() on ptolemy.moml.MoMLSimpleApplication@6f948bc3
reloadAllAccessors: .ConfigurationSwitch

===========================================================================================
----------------- testing Wed Oct 06 02:06:16 UTC 2021 /home/travis/build/icyphy/ptII/ptolemy/actor/lib/test/auto/ConfigurationSwitch2.xml
----------------- Instantiating /home/travis/build/icyphy/ptII/ptolemy/actor/lib/test/auto/ConfigurationSwitch2.xml
4 ms. Memory: 439296K Free: 333159K (76%)
----------------- Invoking toplevel() on ptolemy.moml.MoMLSimpleApplication@13e0d1f8
----------------- Done invoking toplevel() on ptolemy.moml.MoMLSimpleApplication@13e0d1f8
reloadAllAccessors: .ConfigurationSwitch2

===========================================================================================
----------------- testing Wed Oct 06 02:06:16 UTC 2021 /home/travis/build/icyphy/ptII/ptolemy/actor/lib/test/auto/ConfigurationSwitchCloningBugWithClassRelationGroup.xml
----------------- Instantiating /home/travis/build/icyphy/ptII/ptolemy/actor/lib/test/auto/ConfigurationSwitchCloningBugWithClassRelationGroup.xml
1 ms. Memory: 439296K Free: 326501K (74%)
----------------- Invoking toplevel() on ptolemy.moml.MoMLSimpleApplication@30283f53
----------------- Done invoking toplevel() on ptolemy.moml.MoMLSimpleApplication@30283f53
reloadAllAccessors: .ConfigurationSwitchCloningBugWithClassRelationGroup

===========================================================================================
----------------- testing Wed Oct 06 02:06:16 UTC 2021 /home/travis/build/icyphy/ptII/ptolemy/actor/lib/test/auto/ConfigurationSwitchSelectSDF.xml
----------------- Instantiating /home/travis/build/icyphy/ptII/ptolemy/actor/lib/test/auto/ConfigurationSwitchSelectSDF.xml
3 ms. Memory: 439296K Free: 321381K (73%)
----------------- Invoking toplevel() on ptolemy.moml.MoMLSimpleApplication@561b85b9
----------------- Done invoking toplevel() on ptolemy.moml.MoMLSimpleApplication@561b85b9
reloadAllAccessors: .ConfigurationSwitchSelectSDF

===========================================================================================
----------------- testing Wed Oct 06 02:06:16 UTC 2021 /home/travis/build/icyphy/ptII/ptolemy/actor/lib/test/auto/ConfigurationSwitchSelectSDF2.xml
----------------- Instantiating /home/travis/build/icyphy/ptII/ptolemy/actor/lib/test/auto/ConfigurationSwitchSelectSDF2.xml
2 ms. Memory: 439296K Free: 315237K (72%)
----------------- Invoking toplevel() on ptolemy.moml.MoMLSimpleApplication@27c74daa
----------------- Done invoking toplevel() on ptolemy.moml.MoMLSimpleApplication@27c74daa
reloadAllAccessors: .ConfigurationSwitchSelectSDF2

===========================================================================================
----------------- testing Wed Oct 06 02:06:16 UTC 2021 /home/travis/build/icyphy/ptII/ptolemy/actor/lib/test/auto/Const.xml
----------------- Instantiating /home/travis/build/icyphy/ptII/ptolemy/actor/lib/test/auto/Const.xml
1 ms. Memory: 439296K Free: 311655K (71%)
----------------- Invoking toplevel() on ptolemy.moml.MoMLSimpleApplication@f057cb
----------------- Done invoking toplevel() on ptolemy.moml.MoMLSimpleApplication@f057cb
reloadAllAccessors: .Const

===========================================================================================
----------------- testing Wed Oct 06 02:06:16 UTC 2021 /home/travis/build/icyphy/ptII/ptolemy/actor/lib/test/auto/Const2.xml
----------------- Instantiating /home/travis/build/icyphy/ptII/ptolemy/actor/lib/test/auto/Const2.xml
2 ms. Memory: 439296K Free: 308069K (70%)
----------------- Invoking toplevel() on ptolemy.moml.MoMLSimpleApplication@759665e5
----------------- Done invoking toplevel() on ptolemy.moml.MoMLSimpleApplication@759665e5
reloadAllAccessors: .Const2

===========================================================================================
----------------- testing Wed Oct 06 02:06:16 UTC 2021 /home/travis/build/icyphy/ptII/ptolemy/actor/lib/test/auto/Const3.xml
----------------- Instantiating /home/travis/build/icyphy/ptII/ptolemy/actor/lib/test/auto/Const3.xml
1 ms. Memory: 439296K Free: 304997K (69%)
----------------- Invoking toplevel() on ptolemy.moml.MoMLSimpleApplication@3c790ae1
----------------- Done invoking toplevel() on ptolemy.moml.MoMLSimpleApplication@3c790ae1
reloadAllAccessors: .Const3

===========================================================================================
----------------- testing Wed Oct 06 02:06:16 UTC 2021 /home/travis/build/icyphy/ptII/ptolemy/actor/lib/test/auto/ConstantPublisherPort1.xml
----------------- Instantiating /home/travis/build/icyphy/ptII/ptolemy/actor/lib/test/auto/ConstantPublisherPort1.xml
8 ms. Memory: 439296K Free: 295781K (67%)
----------------- Invoking toplevel() on ptolemy.moml.MoMLSimpleApplication@163d3a45
----------------- Done invoking toplevel() on ptolemy.moml.MoMLSimpleApplication@163d3a45
reloadAllAccessors: .ConstantPublisherPort1

===========================================================================================
----------------- testing Wed Oct 06 02:06:16 UTC 2021 /home/travis/build/icyphy/ptII/ptolemy/actor/lib/test/auto/ConstantPublisherPort2.xml
----------------- Instantiating /home/travis/build/icyphy/ptII/ptolemy/actor/lib/test/auto/ConstantPublisherPort2.xml
11 ms. Memory: 439296K Free: 288613K (66%)
----------------- Invoking toplevel() on ptolemy.moml.MoMLSimpleApplication@1b500b2
----------------- Done invoking toplevel() on ptolemy.moml.MoMLSimpleApplication@1b500b2
reloadAllAccessors: .ConstantPublisherPort2

===========================================================================================
----------------- testing Wed Oct 06 02:06:16 UTC 2021 /home/travis/build/icyphy/ptII/ptolemy/actor/lib/test/auto/ConstantPublisherPort3.xml
----------------- Instantiating /home/travis/build/icyphy/ptII/ptolemy/actor/lib/test/auto/ConstantPublisherPort3.xml
6 ms. Memory: 439296K Free: 280935K (64%)
----------------- Invoking toplevel() on ptolemy.moml.MoMLSimpleApplication@6dfab238
----------------- Done invoking toplevel() on ptolemy.moml.MoMLSimpleApplication@6dfab238
reloadAllAccessors: .ConstantPublisherPort3

===========================================================================================
----------------- testing Wed Oct 06 02:06:16 UTC 2021 /home/travis/build/icyphy/ptII/ptolemy/actor/lib/test/auto/ConstantPublisherPort4.xml
----------------- Instantiating /home/travis/build/icyphy/ptII/ptolemy/actor/lib/test/auto/ConstantPublisherPort4.xml
4 ms. Memory: 439296K Free: 274263K (62%)
----------------- Invoking toplevel() on ptolemy.moml.MoMLSimpleApplication@69c65ba9
----------------- Done invoking toplevel() on ptolemy.moml.MoMLSimpleApplication@69c65ba9
reloadAllAccessors: .ConstantPublisherPort4

===========================================================================================
----------------- testing Wed Oct 06 02:06:16 UTC 2021 /home/travis/build/icyphy/ptII/ptolemy/actor/lib/test/auto/ConstantPublisherPort5.xml
----------------- Instantiating /home/travis/build/icyphy/ptII/ptolemy/actor/lib/test/auto/ConstantPublisherPort5.xml
25 ms. Memory: 439296K Free: 264037K (60%)
----------------- Invoking toplevel() on ptolemy.moml.MoMLSimpleApplication@3c8c35c
----------------- Done invoking toplevel() on ptolemy.moml.MoMLSimpleApplication@3c8c35c
reloadAllAccessors: .ConstantPublisherPort5

===========================================================================================
----------------- testing Wed Oct 06 02:06:16 UTC 2021 /home/travis/build/icyphy/ptII/ptolemy/actor/lib/test/auto/ConstantPublisherPort6.xml
----------------- Instantiating /home/travis/build/icyphy/ptII/ptolemy/actor/lib/test/auto/ConstantPublisherPort6.xml
16 ms. Memory: 439296K Free: 254821K (58%)
----------------- Invoking toplevel() on ptolemy.moml.MoMLSimpleApplication@677cf626
----------------- Done invoking toplevel() on ptolemy.moml.MoMLSimpleApplication@677cf626
reloadAllAccessors: .ConstantPublisherPort6

===========================================================================================
----------------- testing Wed Oct 06 02:06:16 UTC 2021 /home/travis/build/icyphy/ptII/ptolemy/actor/lib/test/auto/ConstantPublisherPort7.xml
----------------- Instantiating /home/travis/build/icyphy/ptII/ptolemy/actor/lib/test/auto/ConstantPublisherPort7.xml
17 ms. Memory: 439296K Free: 245605K (56%)
----------------- Invoking toplevel() on ptolemy.moml.MoMLSimpleApplication@221f56b2
----------------- Done invoking toplevel() on ptolemy.moml.MoMLSimpleApplication@221f56b2
reloadAllAccessors: .ConstantPublisherPort7

===========================================================================================
----------------- testing Wed Oct 06 02:06:16 UTC 2021 /home/travis/build/icyphy/ptII/ptolemy/actor/lib/test/auto/ConstraintMonitor1.xml
----------------- Instantiating /home/travis/build/icyphy/ptII/ptolemy/actor/lib/test/auto/ConstraintMonitor1.xml
2 ms. Memory: 439296K Free: 240485K (55%)
----------------- Invoking toplevel() on ptolemy.moml.MoMLSimpleApplication@2dd703c9
----------------- Done invoking toplevel() on ptolemy.moml.MoMLSimpleApplication@2dd703c9
reloadAllAccessors: .ConstraintMonitor1

===========================================================================================
----------------- testing Wed Oct 06 02:06:16 UTC 2021 /home/travis/build/icyphy/ptII/ptolemy/actor/lib/test/auto/ConstraintMonitor2.xml
----------------- Instantiating /home/travis/build/icyphy/ptII/ptolemy/actor/lib/test/auto/ConstraintMonitor2.xml
2 ms. Memory: 439296K Free: 235879K (54%)
----------------- Invoking toplevel() on ptolemy.moml.MoMLSimpleApplication@675dbadc
----------------- Done invoking toplevel() on ptolemy.moml.MoMLSimpleApplication@675dbadc
reloadAllAccessors: .ConstraintMonitor2

===========================================================================================
----------------- testing Wed Oct 06 02:06:16 UTC 2021 /home/travis/build/icyphy/ptII/ptolemy/actor/lib/test/auto/ConstraintMonitor3.xml
----------------- Instantiating /home/travis/build/icyphy/ptII/ptolemy/actor/lib/test/auto/ConstraintMonitor3.xml
2 ms. Memory: 439296K Free: 231783K (53%)
----------------- Invoking toplevel() on ptolemy.moml.MoMLSimpleApplication@2191c421
----------------- Done invoking toplevel() on ptolemy.moml.MoMLSimpleApplication@2191c421
reloadAllAccessors: .ConstraintMonitor3

===========================================================================================
----------------- testing Wed Oct 06 02:06:16 UTC 2021 /home/travis/build/icyphy/ptII/ptolemy/actor/lib/test/auto/ConstraintMonitor4.xml
----------------- Instantiating /home/travis/build/icyphy/ptII/ptolemy/actor/lib/test/auto/ConstraintMonitor4.xml
2 ms. Memory: 439296K Free: 226663K (52%)
----------------- Invoking toplevel() on ptolemy.moml.MoMLSimpleApplication@7e659062
----------------- Done invoking toplevel() on ptolemy.moml.MoMLSimpleApplication@7e659062
reloadAllAccessors: .ConstraintMonitor4

===========================================================================================
----------------- testing Wed Oct 06 02:06:16 UTC 2021 /home/travis/build/icyphy/ptII/ptolemy/actor/lib/test/auto/ConstraintMonitor5.xml
----------------- Instantiating /home/travis/build/icyphy/ptII/ptolemy/actor/lib/test/auto/ConstraintMonitor5.xml
2 ms. Memory: 439296K Free: 221029K (50%)
----------------- Invoking toplevel() on ptolemy.moml.MoMLSimpleApplication@af38131
----------------- Done invoking toplevel() on ptolemy.moml.MoMLSimpleApplication@af38131
reloadAllAccessors: .ConstraintMonitor5

===========================================================================================
----------------- testing Wed Oct 06 02:06:16 UTC 2021 /home/travis/build/icyphy/ptII/ptolemy/actor/lib/test/auto/ConstraintMonitor6.xml
----------------- Instantiating /home/travis/build/icyphy/ptII/ptolemy/actor/lib/test/auto/ConstraintMonitor6.xml
5 ms. Memory: 439296K Free: 214871K (49%)
----------------- Invoking toplevel() on ptolemy.moml.MoMLSimpleApplication@6ea9fcc0
----------------- Done invoking toplevel() on ptolemy.moml.MoMLSimpleApplication@6ea9fcc0
reloadAllAccessors: .ConstraintMonitor6

===========================================================================================
----------------- testing Wed Oct 06 02:06:16 UTC 2021 /home/travis/build/icyphy/ptII/ptolemy/actor/lib/test/auto/ConstraintMonitor7.xml
----------------- Instantiating /home/travis/build/icyphy/ptII/ptolemy/actor/lib/test/auto/ConstraintMonitor7.xml
3 ms. Memory: 439296K Free: 208231K (47%)
----------------- Invoking toplevel() on ptolemy.moml.MoMLSimpleApplication@318df48f
----------------- Done invoking toplevel() on ptolemy.moml.MoMLSimpleApplication@318df48f
reloadAllAccessors: .ConstraintMonitor7

===========================================================================================
----------------- testing Wed Oct 06 02:06:16 UTC 2021 /home/travis/build/icyphy/ptII/ptolemy/actor/lib/test/auto/ConstraintMonitor8.xml
----------------- Instantiating /home/travis/build/icyphy/ptII/ptolemy/actor/lib/test/auto/ConstraintMonitor8.xml
3 ms. Memory: 439296K Free: 201063K (46%)
----------------- Invoking toplevel() on ptolemy.moml.MoMLSimpleApplication@4112b283
----------------- Done invoking toplevel() on ptolemy.moml.MoMLSimpleApplication@4112b283
reloadAllAccessors: .ConstraintMonitor8

===========================================================================================
----------------- testing Wed Oct 06 02:06:16 UTC 2021 /home/travis/build/icyphy/ptII/ptolemy/actor/lib/test/auto/Counter.xml
----------------- Instantiating /home/travis/build/icyphy/ptII/ptolemy/actor/lib/test/auto/Counter.xml
2 ms. Memory: 439296K Free: 195429K (44%)
----------------- Invoking toplevel() on ptolemy.moml.MoMLSimpleApplication@301ae922
----------------- Done invoking toplevel() on ptolemy.moml.MoMLSimpleApplication@301ae922
reloadAllAccessors: .Counter

===========================================================================================
----------------- testing Wed Oct 06 02:06:16 UTC 2021 /home/travis/build/icyphy/ptII/ptolemy/actor/lib/test/auto/CurrentTimeSDF.xml
----------------- Instantiating /home/travis/build/icyphy/ptII/ptolemy/actor/lib/test/auto/CurrentTimeSDF.xml
2 ms. Memory: 439296K Free: 191333K (44%)
----------------- Invoking toplevel() on ptolemy.moml.MoMLSimpleApplication@2b81bcd7
----------------- Done invoking toplevel() on ptolemy.moml.MoMLSimpleApplication@2b81bcd7
reloadAllAccessors: .CurrentTimeSDF

===========================================================================================
----------------- testing Wed Oct 06 02:06:16 UTC 2021 /home/travis/build/icyphy/ptII/ptolemy/actor/lib/test/auto/DB.xml
----------------- Instantiating /home/travis/build/icyphy/ptII/ptolemy/actor/lib/test/auto/DB.xml
2 ms. Memory: 439296K Free: 186727K (43%)
----------------- Invoking toplevel() on ptolemy.moml.MoMLSimpleApplication@2c3c4aa8
----------------- Done invoking toplevel() on ptolemy.moml.MoMLSimpleApplication@2c3c4aa8
reloadAllAccessors: .DB

===========================================================================================
----------------- testing Wed Oct 06 02:06:16 UTC 2021 /home/travis/build/icyphy/ptII/ptolemy/actor/lib/test/auto/DBDE.xml
----------------- Instantiating /home/travis/build/icyphy/ptII/ptolemy/actor/lib/test/auto/DBDE.xml
1 ms. Memory: 439296K Free: 180583K (41%)
----------------- Invoking toplevel() on ptolemy.moml.MoMLSimpleApplication@689d880a
----------------- Done invoking toplevel() on ptolemy.moml.MoMLSimpleApplication@689d880a
reloadAllAccessors: .DBDE

===========================================================================================
----------------- testing Wed Oct 06 02:06:16 UTC 2021 /home/travis/build/icyphy/ptII/ptolemy/actor/lib/test/auto/DateConstructor.xml
----------------- Instantiating /home/travis/build/icyphy/ptII/ptolemy/actor/lib/test/auto/DateConstructor.xml
30 ms. Memory: 439296K Free: 162661K (37%)
----------------- Invoking toplevel() on ptolemy.moml.MoMLSimpleApplication@3a145b66
----------------- Done invoking toplevel() on ptolemy.moml.MoMLSimpleApplication@3a145b66
reloadAllAccessors: .DateConstructor

===========================================================================================
----------------- testing Wed Oct 06 02:06:17 UTC 2021 /home/travis/build/icyphy/ptII/ptolemy/actor/lib/test/auto/DelayTime.xml
----------------- Instantiating /home/travis/build/icyphy/ptII/ptolemy/actor/lib/test/auto/DelayTime.xml
5 ms. Memory: 439296K Free: 158055K (36%)
----------------- Invoking toplevel() on ptolemy.moml.MoMLSimpleApplication@c609995
----------------- Done invoking toplevel() on ptolemy.moml.MoMLSimpleApplication@c609995
reloadAllAccessors: .DelayTime

===========================================================================================
----------------- testing Wed Oct 06 02:06:17 UTC 2021 /home/travis/build/icyphy/ptII/ptolemy/actor/lib/test/auto/Dictionary1.xml
----------------- Instantiating /home/travis/build/icyphy/ptII/ptolemy/actor/lib/test/auto/Dictionary1.xml
1 ms. Memory: 439296K Free: 152421K (35%)
----------------- Invoking toplevel() on ptolemy.moml.MoMLSimpleApplication@8b0ae75
----------------- Done invoking toplevel() on ptolemy.moml.MoMLSimpleApplication@8b0ae75
reloadAllAccessors: .Dictionary1

===========================================================================================
----------------- testing Wed Oct 06 02:06:17 UTC 2021 /home/travis/build/icyphy/ptII/ptolemy/actor/lib/test/auto/Dictionary2.xml
----------------- Instantiating /home/travis/build/icyphy/ptII/ptolemy/actor/lib/test/auto/Dictionary2.xml
3 ms. Memory: 439296K Free: 146791K (33%)
----------------- Invoking toplevel() on ptolemy.moml.MoMLSimpleApplication@6977581e
----------------- Done invoking toplevel() on ptolemy.moml.MoMLSimpleApplication@6977581e
reloadAllAccessors: .Dictionary2

===========================================================================================
----------------- testing Wed Oct 06 02:06:17 UTC 2021 /home/travis/build/icyphy/ptII/ptolemy/actor/lib/test/auto/Dictionary3.xml
----------------- Instantiating /home/travis/build/icyphy/ptII/ptolemy/actor/lib/test/auto/Dictionary3.xml
1 ms. Memory: 439296K Free: 141671K (32%)
----------------- Invoking toplevel() on ptolemy.moml.MoMLSimpleApplication@7947f449
----------------- Done invoking toplevel() on ptolemy.moml.MoMLSimpleApplication@7947f449
reloadAllAccessors: .Dictionary3

===========================================================================================
----------------- testing Wed Oct 06 02:06:17 UTC 2021 /home/travis/build/icyphy/ptII/ptolemy/actor/lib/test/auto/Dictionary4.xml
----------------- Instantiating /home/travis/build/icyphy/ptII/ptolemy/actor/lib/test/auto/Dictionary4.xml
3 ms. Memory: 439296K Free: 134503K (31%)
----------------- Invoking toplevel() on ptolemy.moml.MoMLSimpleApplication@1a4d6c71
----------------- Done invoking toplevel() on ptolemy.moml.MoMLSimpleApplication@1a4d6c71
reloadAllAccessors: .Dictionary4

===========================================================================================
----------------- testing Wed Oct 06 02:06:17 UTC 2021 /home/travis/build/icyphy/ptII/ptolemy/actor/lib/test/auto/Differential.xml
----------------- Instantiating /home/travis/build/icyphy/ptII/ptolemy/actor/lib/test/auto/Differential.xml
2 ms. Memory: 439296K Free: 389465K (89%)
----------------- Invoking toplevel() on ptolemy.moml.MoMLSimpleApplication@22ce5219
----------------- Done invoking toplevel() on ptolemy.moml.MoMLSimpleApplication@22ce5219
reloadAllAccessors: .Differential

===========================================================================================
----------------- testing Wed Oct 06 02:06:17 UTC 2021 /home/travis/build/icyphy/ptII/ptolemy/actor/lib/test/auto/Director.xml
----------------- Instantiating /home/travis/build/icyphy/ptII/ptolemy/actor/lib/test/auto/Director.xml
3 ms. Memory: 439296K Free: 385883K (88%)
----------------- Invoking toplevel() on ptolemy.moml.MoMLSimpleApplication@4b3638b8
----------------- Done invoking toplevel() on ptolemy.moml.MoMLSimpleApplication@4b3638b8
reloadAllAccessors: .Director

===========================================================================================
----------------- testing Wed Oct 06 02:06:17 UTC 2021 /home/travis/build/icyphy/ptII/ptolemy/actor/lib/test/auto/DiscreteClock.xml
----------------- Instantiating /home/travis/build/icyphy/ptII/ptolemy/actor/lib/test/auto/DiscreteClock.xml
1 ms. Memory: 439296K Free: 381787K (87%)
----------------- Invoking toplevel() on ptolemy.moml.MoMLSimpleApplication@76bd9d3f
----------------- Done invoking toplevel() on ptolemy.moml.MoMLSimpleApplication@76bd9d3f
reloadAllAccessors: .DiscreteClock

===========================================================================================
----------------- testing Wed Oct 06 02:06:17 UTC 2021 /home/travis/build/icyphy/ptII/ptolemy/actor/lib/test/auto/DiscreteClock10.xml
----------------- Instantiating /home/travis/build/icyphy/ptII/ptolemy/actor/lib/test/auto/DiscreteClock10.xml
3 ms. Memory: 439296K Free: 375643K (86%)
----------------- Invoking toplevel() on ptolemy.moml.MoMLSimpleApplication@890bd76
----------------- Done invoking toplevel() on ptolemy.moml.MoMLSimpleApplication@890bd76
reloadAllAccessors: .DiscreteClock10

===========================================================================================
----------------- testing Wed Oct 06 02:06:17 UTC 2021 /home/travis/build/icyphy/ptII/ptolemy/actor/lib/test/auto/DiscreteClock11.xml
----------------- Instantiating /home/travis/build/icyphy/ptII/ptolemy/actor/lib/test/auto/DiscreteClock11.xml
2 ms. Memory: 439296K Free: 370009K (84%)
----------------- Invoking toplevel() on ptolemy.moml.MoMLSimpleApplication@848e9aa
----------------- Done invoking toplevel() on ptolemy.moml.MoMLSimpleApplication@848e9aa
reloadAllAccessors: .DiscreteClock11

===========================================================================================
----------------- testing Wed Oct 06 02:06:17 UTC 2021 /home/travis/build/icyphy/ptII/ptolemy/actor/lib/test/auto/DiscreteClock12.xml
----------------- Instantiating /home/travis/build/icyphy/ptII/ptolemy/actor/lib/test/auto/DiscreteClock12.xml
2 ms. Memory: 439296K Free: 363865K (83%)
----------------- Invoking toplevel() on ptolemy.moml.MoMLSimpleApplication@162452b2
----------------- Done invoking toplevel() on ptolemy.moml.MoMLSimpleApplication@162452b2
reloadAllAccessors: .DiscreteClock12

===========================================================================================
----------------- testing Wed Oct 06 02:06:17 UTC 2021 /home/travis/build/icyphy/ptII/ptolemy/actor/lib/test/auto/DiscreteClock13.xml
----------------- Instantiating /home/travis/build/icyphy/ptII/ptolemy/actor/lib/test/auto/DiscreteClock13.xml
2 ms. Memory: 439296K Free: 357690K (81%)
----------------- Invoking toplevel() on ptolemy.moml.MoMLSimpleApplication@11085319
----------------- Done invoking toplevel() on ptolemy.moml.MoMLSimpleApplication@11085319
reloadAllAccessors: .DiscreteClock13

===========================================================================================
----------------- testing Wed Oct 06 02:06:17 UTC 2021 /home/travis/build/icyphy/ptII/ptolemy/actor/lib/test/auto/DiscreteClock14.xml
----------------- Instantiating /home/travis/build/icyphy/ptII/ptolemy/actor/lib/test/auto/DiscreteClock14.xml
2 ms. Memory: 439296K Free: 351544K (80%)
----------------- Invoking toplevel() on ptolemy.moml.MoMLSimpleApplication@65671751
----------------- Done invoking toplevel() on ptolemy.moml.MoMLSimpleApplication@65671751
reloadAllAccessors: .DiscreteClock14

===========================================================================================
----------------- testing Wed Oct 06 02:06:17 UTC 2021 /home/travis/build/icyphy/ptII/ptolemy/actor/lib/test/auto/DiscreteClock15.xml
----------------- Instantiating /home/travis/build/icyphy/ptII/ptolemy/actor/lib/test/auto/DiscreteClock15.xml
2 ms. Memory: 439296K Free: 345947K (79%)
----------------- Invoking toplevel() on ptolemy.moml.MoMLSimpleApplication@50f9f27b
----------------- Done invoking toplevel() on ptolemy.moml.MoMLSimpleApplication@50f9f27b
reloadAllAccessors: .DiscreteClock15

===========================================================================================
----------------- testing Wed Oct 06 02:06:17 UTC 2021 /home/travis/build/icyphy/ptII/ptolemy/actor/lib/test/auto/DiscreteClock16.xml
----------------- Instantiating /home/travis/build/icyphy/ptII/ptolemy/actor/lib/test/auto/DiscreteClock16.xml
10 ms. Memory: 439296K Free: 332121K (76%)
----------------- Invoking toplevel() on ptolemy.moml.MoMLSimpleApplication@32473918
----------------- Done invoking toplevel() on ptolemy.moml.MoMLSimpleApplication@32473918
reloadAllAccessors: .DiscreteClock16

===========================================================================================
----------------- testing Wed Oct 06 02:06:17 UTC 2021 /home/travis/build/icyphy/ptII/ptolemy/actor/lib/test/auto/DiscreteClock17.xml
----------------- Instantiating /home/travis/build/icyphy/ptII/ptolemy/actor/lib/test/auto/DiscreteClock17.xml
13 ms. Memory: 439296K Free: 317275K (72%)
----------------- Invoking toplevel() on ptolemy.moml.MoMLSimpleApplication@70153521
----------------- Done invoking toplevel() on ptolemy.moml.MoMLSimpleApplication@70153521
reloadAllAccessors: .DiscreteClock17

===========================================================================================
----------------- testing Wed Oct 06 02:06:17 UTC 2021 /home/travis/build/icyphy/ptII/ptolemy/actor/lib/test/auto/DiscreteClock18.xml
----------------- Instantiating /home/travis/build/icyphy/ptII/ptolemy/actor/lib/test/auto/DiscreteClock18.xml
13 ms. Memory: 439296K Free: 303434K (69%)
----------------- Invoking toplevel() on ptolemy.moml.MoMLSimpleApplication@4cd0ccd2
----------------- Done invoking toplevel() on ptolemy.moml.MoMLSimpleApplication@4cd0ccd2
reloadAllAccessors: .DiscreteClock18

===========================================================================================
----------------- testing Wed Oct 06 02:06:17 UTC 2021 /home/travis/build/icyphy/ptII/ptolemy/actor/lib/test/auto/DiscreteClock19.xml
----------------- Instantiating /home/travis/build/icyphy/ptII/ptolemy/actor/lib/test/auto/DiscreteClock19.xml
9 ms. Memory: 439296K Free: 290122K (66%)
----------------- Invoking toplevel() on ptolemy.moml.MoMLSimpleApplication@217dce7a
----------------- Done invoking toplevel() on ptolemy.moml.MoMLSimpleApplication@217dce7a
reloadAllAccessors: .DiscreteClock19

===========================================================================================
----------------- testing Wed Oct 06 02:06:17 UTC 2021 /home/travis/build/icyphy/ptII/ptolemy/actor/lib/test/auto/DiscreteClock2.xml
----------------- Instantiating /home/travis/build/icyphy/ptII/ptolemy/actor/lib/test/auto/DiscreteClock2.xml
2 ms. Memory: 439296K Free: 285010K (65%)
----------------- Invoking toplevel() on ptolemy.moml.MoMLSimpleApplication@1c324257
----------------- Done invoking toplevel() on ptolemy.moml.MoMLSimpleApplication@1c324257
reloadAllAccessors: .DiscreteClock2

===========================================================================================
----------------- testing Wed Oct 06 02:06:17 UTC 2021 /home/travis/build/icyphy/ptII/ptolemy/actor/lib/test/auto/DiscreteClock20.xml
----------------- Instantiating /home/travis/build/icyphy/ptII/ptolemy/actor/lib/test/auto/DiscreteClock20.xml
7 ms. Memory: 439296K Free: 279387K (64%)
----------------- Invoking toplevel() on ptolemy.moml.MoMLSimpleApplication@41091b42
----------------- Done invoking toplevel() on ptolemy.moml.MoMLSimpleApplication@41091b42
reloadAllAccessors: .DiscreteClock20

===========================================================================================
----------------- testing Wed Oct 06 02:06:17 UTC 2021 /home/travis/build/icyphy/ptII/ptolemy/actor/lib/test/auto/DiscreteClock21.xml
----------------- Instantiating /home/travis/build/icyphy/ptII/ptolemy/actor/lib/test/auto/DiscreteClock21.xml
4 ms. Memory: 439296K Free: 273753K (62%)
----------------- Invoking toplevel() on ptolemy.moml.MoMLSimpleApplication@6a11aac3
----------------- Done invoking toplevel() on ptolemy.moml.MoMLSimpleApplication@6a11aac3
reloadAllAccessors: .DiscreteClock21

===========================================================================================
----------------- testing Wed Oct 06 02:06:17 UTC 2021 /home/travis/build/icyphy/ptII/ptolemy/actor/lib/test/auto/DiscreteClock22.xml
----------------- Instantiating /home/travis/build/icyphy/ptII/ptolemy/actor/lib/test/auto/DiscreteClock22.xml
2 ms. Memory: 439296K Free: 268123K (61%)
----------------- Invoking toplevel() on ptolemy.moml.MoMLSimpleApplication@4358c06d
----------------- Done invoking toplevel() on ptolemy.moml.MoMLSimpleApplication@4358c06d
reloadAllAccessors: .DiscreteClock22

===========================================================================================
----------------- testing Wed Oct 06 02:06:17 UTC 2021 /home/travis/build/icyphy/ptII/ptolemy/actor/lib/test/auto/DiscreteClock23.xml
----------------- Instantiating /home/travis/build/icyphy/ptII/ptolemy/actor/lib/test/auto/DiscreteClock23.xml
9 ms. Memory: 439296K Free: 263003K (60%)
----------------- Invoking toplevel() on ptolemy.moml.MoMLSimpleApplication@10266526
----------------- Done invoking toplevel() on ptolemy.moml.MoMLSimpleApplication@10266526
reloadAllAccessors: .DiscreteClock23

===========================================================================================
----------------- testing Wed Oct 06 02:06:17 UTC 2021 /home/travis/build/icyphy/ptII/ptolemy/actor/lib/test/auto/DiscreteClock24.xml
----------------- Instantiating /home/travis/build/icyphy/ptII/ptolemy/actor/lib/test/auto/DiscreteClock24.xml
11 ms. Memory: 439296K Free: 257369K (59%)
----------------- Invoking toplevel() on ptolemy.moml.MoMLSimpleApplication@40c664af
----------------- Done invoking toplevel() on ptolemy.moml.MoMLSimpleApplication@40c664af
reloadAllAccessors: .DiscreteClock24

===========================================================================================
----------------- testing Wed Oct 06 02:06:17 UTC 2021 /home/travis/build/icyphy/ptII/ptolemy/actor/lib/test/auto/DiscreteClock4.xml
----------------- Instantiating /home/travis/build/icyphy/ptII/ptolemy/actor/lib/test/auto/DiscreteClock4.xml
3 ms. Memory: 439296K Free: 251739K (57%)
----------------- Invoking toplevel() on ptolemy.moml.MoMLSimpleApplication@eac9a2d
----------------- Done invoking toplevel() on ptolemy.moml.MoMLSimpleApplication@eac9a2d
reloadAllAccessors: .DiscreteClock4

===========================================================================================
----------------- testing Wed Oct 06 02:06:17 UTC 2021 /home/travis/build/icyphy/ptII/ptolemy/actor/lib/test/auto/DiscreteClock5.xml
----------------- Instantiating /home/travis/build/icyphy/ptII/ptolemy/actor/lib/test/auto/DiscreteClock5.xml
1 ms. Memory: 439296K Free: 246105K (56%)
----------------- Invoking toplevel() on ptolemy.moml.MoMLSimpleApplication@64f8bb17
----------------- Done invoking toplevel() on ptolemy.moml.MoMLSimpleApplication@64f8bb17
reloadAllAccessors: .DiscreteClock5

===========================================================================================
----------------- testing Wed Oct 06 02:06:17 UTC 2021 /home/travis/build/icyphy/ptII/ptolemy/actor/lib/test/auto/DiscreteClock6.xml
----------------- Instantiating /home/travis/build/icyphy/ptII/ptolemy/actor/lib/test/auto/DiscreteClock6.xml
1 ms. Memory: 439296K Free: 242009K (55%)
----------------- Invoking toplevel() on ptolemy.moml.MoMLSimpleApplication@1acc2e05
----------------- Done invoking toplevel() on ptolemy.moml.MoMLSimpleApplication@1acc2e05
reloadAllAccessors: .DiscreteClock6

===========================================================================================
----------------- testing Wed Oct 06 02:06:17 UTC 2021 /home/travis/build/icyphy/ptII/ptolemy/actor/lib/test/auto/DiscreteClock7.xml
----------------- Instantiating /home/travis/build/icyphy/ptII/ptolemy/actor/lib/test/auto/DiscreteClock7.xml
1 ms. Memory: 439296K Free: 236889K (54%)
----------------- Invoking toplevel() on ptolemy.moml.MoMLSimpleApplication@18a8b7fe
----------------- Done invoking toplevel() on ptolemy.moml.MoMLSimpleApplication@18a8b7fe
reloadAllAccessors: .DiscreteClock7

===========================================================================================
----------------- testing Wed Oct 06 02:06:17 UTC 2021 /home/travis/build/icyphy/ptII/ptolemy/actor/lib/test/auto/DiscreteClock8.xml
----------------- Instantiating /home/travis/build/icyphy/ptII/ptolemy/actor/lib/test/auto/DiscreteClock8.xml
4 ms. Memory: 439296K Free: 230730K (53%)
----------------- Invoking toplevel() on ptolemy.moml.MoMLSimpleApplication@5da6d4aa
----------------- Done invoking toplevel() on ptolemy.moml.MoMLSimpleApplication@5da6d4aa
reloadAllAccessors: .DiscreteClock8

===========================================================================================
----------------- testing Wed Oct 06 02:06:17 UTC 2021 /home/travis/build/icyphy/ptII/ptolemy/actor/lib/test/auto/DiscreteClock9.xml
----------------- Instantiating /home/travis/build/icyphy/ptII/ptolemy/actor/lib/test/auto/DiscreteClock9.xml
4 ms. Memory: 439296K Free: 224586K (51%)
----------------- Invoking toplevel() on ptolemy.moml.MoMLSimpleApplication@146759b1
----------------- Done invoking toplevel() on ptolemy.moml.MoMLSimpleApplication@146759b1
reloadAllAccessors: .DiscreteClock9

===========================================================================================
----------------- testing Wed Oct 06 02:06:17 UTC 2021 /home/travis/build/icyphy/ptII/ptolemy/actor/lib/test/auto/DisplayArray.xml
----------------- Instantiating /home/travis/build/icyphy/ptII/ptolemy/actor/lib/test/auto/DisplayArray.xml
1 ms. Memory: 439296K Free: 221019K (50%)
----------------- Invoking toplevel() on ptolemy.moml.MoMLSimpleApplication@57653810
----------------- Done invoking toplevel() on ptolemy.moml.MoMLSimpleApplication@57653810
reloadAllAccessors: .DisplayArray

===========================================================================================
----------------- testing Wed Oct 06 02:06:17 UTC 2021 /home/travis/build/icyphy/ptII/ptolemy/actor/lib/test/auto/Distributor.xml
----------------- Instantiating /home/travis/build/icyphy/ptII/ptolemy/actor/lib/test/auto/Distributor.xml
1 ms. Memory: 439296K Free: 216409K (49%)
----------------- Invoking toplevel() on ptolemy.moml.MoMLSimpleApplication@4c2ac00d
----------------- Done invoking toplevel() on ptolemy.moml.MoMLSimpleApplication@4c2ac00d
reloadAllAccessors: .Distributor

===========================================================================================
----------------- testing Wed Oct 06 02:06:17 UTC 2021 /home/travis/build/icyphy/ptII/ptolemy/actor/lib/test/auto/Distributor2.xml
----------------- Instantiating /home/travis/build/icyphy/ptII/ptolemy/actor/lib/test/auto/Distributor2.xml
1 ms. Memory: 439296K Free: 211289K (48%)
----------------- Invoking toplevel() on ptolemy.moml.MoMLSimpleApplication@47d6f3ae
----------------- Done invoking toplevel() on ptolemy.moml.MoMLSimpleApplication@47d6f3ae
reloadAllAccessors: .Distributor2

===========================================================================================
----------------- testing Wed Oct 06 02:06:17 UTC 2021 /home/travis/build/icyphy/ptII/ptolemy/actor/lib/test/auto/DownSample.xml
----------------- Instantiating /home/travis/build/icyphy/ptII/ptolemy/actor/lib/test/auto/DownSample.xml
1 ms. Memory: 439296K Free: 206683K (47%)
----------------- Invoking toplevel() on ptolemy.moml.MoMLSimpleApplication@108a57bc
----------------- Done invoking toplevel() on ptolemy.moml.MoMLSimpleApplication@108a57bc
reloadAllAccessors: .DownSample

===========================================================================================
----------------- testing Wed Oct 06 02:06:17 UTC 2021 /home/travis/build/icyphy/ptII/ptolemy/actor/lib/test/auto/ElectronicUnitBase1.xml
----------------- Instantiating /home/travis/build/icyphy/ptII/ptolemy/actor/lib/test/auto/ElectronicUnitBase1.xml
15 ms. Memory: 439296K Free: 190299K (43%)
----------------- Invoking toplevel() on ptolemy.moml.MoMLSimpleApplication@599b7a40
----------------- Done invoking toplevel() on ptolemy.moml.MoMLSimpleApplication@599b7a40
reloadAllAccessors: .ElectronicUnitBase1

===========================================================================================
----------------- testing Wed Oct 06 02:06:17 UTC 2021 /home/travis/build/icyphy/ptII/ptolemy/actor/lib/test/auto/ElementsToArray.xml
----------------- Instantiating /home/travis/build/icyphy/ptII/ptolemy/actor/lib/test/auto/ElementsToArray.xml
2 ms. Memory: 439296K Free: 185179K (42%)
----------------- Invoking toplevel() on ptolemy.moml.MoMLSimpleApplication@6484c7d4
----------------- Done invoking toplevel() on ptolemy.moml.MoMLSimpleApplication@6484c7d4
reloadAllAccessors: .ElementsToArray

===========================================================================================
----------------- testing Wed Oct 06 02:06:17 UTC 2021 /home/travis/build/icyphy/ptII/ptolemy/actor/lib/test/auto/Equals.xml
----------------- Instantiating /home/travis/build/icyphy/ptII/ptolemy/actor/lib/test/auto/Equals.xml
1 ms. Memory: 439296K Free: 181083K (41%)
----------------- Invoking toplevel() on ptolemy.moml.MoMLSimpleApplication@1bcd55e6
----------------- Done invoking toplevel() on ptolemy.moml.MoMLSimpleApplication@1bcd55e6
reloadAllAccessors: .Equals

===========================================================================================
----------------- testing Wed Oct 06 02:06:17 UTC 2021 /home/travis/build/icyphy/ptII/ptolemy/actor/lib/test/auto/Exec.xml
----------------- Instantiating /home/travis/build/icyphy/ptII/ptolemy/actor/lib/test/auto/Exec.xml
12 ms. Memory: 439296K Free: 175449K (40%)
----------------- Invoking toplevel() on ptolemy.moml.MoMLSimpleApplication@1f4fbae3
----------------- Done invoking toplevel() on ptolemy.moml.MoMLSimpleApplication@1f4fbae3
reloadAllAccessors: .Exec

===========================================================================================
----------------- testing Wed Oct 06 02:06:17 UTC 2021 /home/travis/build/icyphy/ptII/ptolemy/actor/lib/test/auto/ExecEnvironment.xml
----------------- Instantiating /home/travis/build/icyphy/ptII/ptolemy/actor/lib/test/auto/ExecEnvironment.xml
20 ms. Memory: 439296K Free: 170314K (39%)
----------------- Invoking toplevel() on ptolemy.moml.MoMLSimpleApplication@a1c9afb
----------------- Done invoking toplevel() on ptolemy.moml.MoMLSimpleApplication@a1c9afb
reloadAllAccessors: .ExecEnvironment

===========================================================================================
----------------- testing Wed Oct 06 02:06:17 UTC 2021 /home/travis/build/icyphy/ptII/ptolemy/actor/lib/test/auto/ExecNonZeroReturnOutput.xml
----------------- Instantiating /home/travis/build/icyphy/ptII/ptolemy/actor/lib/test/auto/ExecNonZeroReturnOutput.xml
151 ms. Memory: 439296K Free: 158555K (36%)
----------------- Invoking toplevel() on ptolemy.moml.MoMLSimpleApplication@3b9895d3
----------------- Done invoking toplevel() on ptolemy.moml.MoMLSimpleApplication@3b9895d3
reloadAllAccessors: .ExecNonZeroReturnOutput

===========================================================================================
----------------- testing Wed Oct 06 02:06:17 UTC 2021 /home/travis/build/icyphy/ptII/ptolemy/actor/lib/test/auto/ExecRunDemos.xml
----------------- Instantiating /home/travis/build/icyphy/ptII/ptolemy/actor/lib/test/auto/ExecRunDemos.xml
Finished: 70 ms. Memory: 129024K Free: 111679K (87%)

Finished: 43 ms. Memory: 129024K Free: 108708K (84%)

Finished: 98 ms. Memory: 129024K Free: 109001K (84%)

Finished: 69 ms. Memory: 129024K Free: 110728K (86%)

Finished: 55 ms. Memory: 129024K Free: 111313K (86%)

9962 ms. Memory: 439296K Free: 137049K (31%)
----------------- Invoking toplevel() on ptolemy.moml.MoMLSimpleApplication@4f4583f
----------------- Done invoking toplevel() on ptolemy.moml.MoMLSimpleApplication@4f4583f
reloadAllAccessors: .ExecRunDemos

===========================================================================================
----------------- testing Wed Oct 06 02:06:27 UTC 2021 /home/travis/build/icyphy/ptII/ptolemy/actor/lib/test/auto/ExecStop.xml
----------------- Instantiating /home/travis/build/icyphy/ptII/ptolemy/actor/lib/test/auto/ExecStop.xml
5025 ms. Memory: 439296K Free: 252476K (57%)
----------------- Invoking toplevel() on ptolemy.moml.MoMLSimpleApplication@5cd8bdbd
----------------- Done invoking toplevel() on ptolemy.moml.MoMLSimpleApplication@5cd8bdbd
reloadAllAccessors: .ExecStop

===========================================================================================
----------------- testing Wed Oct 06 02:06:33 UTC 2021 /home/travis/build/icyphy/ptII/ptolemy/actor/lib/test/auto/ExecutionTimeSDF.xml
----------------- Instantiating /home/travis/build/icyphy/ptII/ptolemy/actor/lib/test/auto/ExecutionTimeSDF.xml
Fired ExecutionTime: -740967296
Fired ExecutionTime: 1351200000
Fired ExecutionTime: -165367296
6005 ms. Memory: 439296K Free: 239662K (55%)
----------------- Invoking toplevel() on ptolemy.moml.MoMLSimpleApplication@ac28e2
----------------- Done invoking toplevel() on ptolemy.moml.MoMLSimpleApplication@ac28e2
reloadAllAccessors: .ExecutionTimeSDF

===========================================================================================
----------------- testing Wed Oct 06 02:06:39 UTC 2021 /home/travis/build/icyphy/ptII/ptolemy/actor/lib/test/auto/Expression1.xml
----------------- Instantiating /home/travis/build/icyphy/ptII/ptolemy/actor/lib/test/auto/Expression1.xml
2 ms. Memory: 439296K Free: 236604K (54%)
----------------- Invoking toplevel() on ptolemy.moml.MoMLSimpleApplication@789bf62f
----------------- Done invoking toplevel() on ptolemy.moml.MoMLSimpleApplication@789bf62f
reloadAllAccessors: .Expression1

===========================================================================================
----------------- testing Wed Oct 06 02:06:39 UTC 2021 /home/travis/build/icyphy/ptII/ptolemy/actor/lib/test/auto/Expression10.xml
----------------- Instantiating /home/travis/build/icyphy/ptII/ptolemy/actor/lib/test/auto/Expression10.xml
4 ms. Memory: 439296K Free: 230974K (53%)
----------------- Invoking toplevel() on ptolemy.moml.MoMLSimpleApplication@2333045
----------------- Done invoking toplevel() on ptolemy.moml.MoMLSimpleApplication@2333045
reloadAllAccessors: .Expression10

===========================================================================================
----------------- testing Wed Oct 06 02:06:39 UTC 2021 /home/travis/build/icyphy/ptII/ptolemy/actor/lib/test/auto/Expression11.xml
----------------- Instantiating /home/travis/build/icyphy/ptII/ptolemy/actor/lib/test/auto/Expression11.xml
2 ms. Memory: 439296K Free: 226878K (52%)
----------------- Invoking toplevel() on ptolemy.moml.MoMLSimpleApplication@4071c9e2
----------------- Done invoking toplevel() on ptolemy.moml.MoMLSimpleApplication@4071c9e2
reloadAllAccessors: .Expression11

===========================================================================================
----------------- testing Wed Oct 06 02:06:39 UTC 2021 /home/travis/build/icyphy/ptII/ptolemy/actor/lib/test/auto/Expression12.xml
----------------- Instantiating /home/travis/build/icyphy/ptII/ptolemy/actor/lib/test/auto/Expression12.xml
3 ms. Memory: 439296K Free: 221244K (50%)
----------------- Invoking toplevel() on ptolemy.moml.MoMLSimpleApplication@33991376
----------------- Done invoking toplevel() on ptolemy.moml.MoMLSimpleApplication@33991376
reloadAllAccessors: .Expression12

===========================================================================================
----------------- testing Wed Oct 06 02:06:39 UTC 2021 /home/travis/build/icyphy/ptII/ptolemy/actor/lib/test/auto/Expression13.xml
----------------- Instantiating /home/travis/build/icyphy/ptII/ptolemy/actor/lib/test/auto/Expression13.xml
3 ms. Memory: 439296K Free: 216638K (49%)
----------------- Invoking toplevel() on ptolemy.moml.MoMLSimpleApplication@655a6ed4
----------------- Done invoking toplevel() on ptolemy.moml.MoMLSimpleApplication@655a6ed4
reloadAllAccessors: .Expression13

===========================================================================================
----------------- testing Wed Oct 06 02:06:39 UTC 2021 /home/travis/build/icyphy/ptII/ptolemy/actor/lib/test/auto/Expression14.xml
----------------- Instantiating /home/travis/build/icyphy/ptII/ptolemy/actor/lib/test/auto/Expression14.xml
7 ms. Memory: 439296K Free: 210494K (48%)
----------------- Invoking toplevel() on ptolemy.moml.MoMLSimpleApplication@60f4b7f7
----------------- Done invoking toplevel() on ptolemy.moml.MoMLSimpleApplication@60f4b7f7
reloadAllAccessors: .Expression14

===========================================================================================
----------------- testing Wed Oct 06 02:06:39 UTC 2021 /home/travis/build/icyphy/ptII/ptolemy/actor/lib/test/auto/Expression15.xml
----------------- Instantiating /home/travis/build/icyphy/ptII/ptolemy/actor/lib/test/auto/Expression15.xml
2 ms. Memory: 439296K Free: 206398K (47%)
----------------- Invoking toplevel() on ptolemy.moml.MoMLSimpleApplication@6254e864
----------------- Done invoking toplevel() on ptolemy.moml.MoMLSimpleApplication@6254e864
reloadAllAccessors: .Expression15

===========================================================================================
----------------- testing Wed Oct 06 02:06:39 UTC 2021 /home/travis/build/icyphy/ptII/ptolemy/actor/lib/test/auto/Expression16.xml
----------------- Instantiating /home/travis/build/icyphy/ptII/ptolemy/actor/lib/test/auto/Expression16.xml
2 ms. Memory: 439296K Free: 201788K (46%)
----------------- Invoking toplevel() on ptolemy.moml.MoMLSimpleApplication@6316c4a5
----------------- Done invoking toplevel() on ptolemy.moml.MoMLSimpleApplication@6316c4a5
reloadAllAccessors: .Expression16

===========================================================================================
----------------- testing Wed Oct 06 02:06:39 UTC 2021 /home/travis/build/icyphy/ptII/ptolemy/actor/lib/test/auto/Expression17.xml
----------------- Instantiating /home/travis/build/icyphy/ptII/ptolemy/actor/lib/test/auto/Expression17.xml
2 ms. Memory: 439296K Free: 196668K (45%)
----------------- Invoking toplevel() on ptolemy.moml.MoMLSimpleApplication@5aecff05
----------------- Done invoking toplevel() on ptolemy.moml.MoMLSimpleApplication@5aecff05
reloadAllAccessors: .Expression17

===========================================================================================
----------------- testing Wed Oct 06 02:06:39 UTC 2021 /home/travis/build/icyphy/ptII/ptolemy/actor/lib/test/auto/Expression18.xml
----------------- Instantiating /home/travis/build/icyphy/ptII/ptolemy/actor/lib/test/auto/Expression18.xml
2 ms. Memory: 439296K Free: 191548K (44%)
----------------- Invoking toplevel() on ptolemy.moml.MoMLSimpleApplication@168ab119
----------------- Done invoking toplevel() on ptolemy.moml.MoMLSimpleApplication@168ab119
reloadAllAccessors: .Expression18

===========================================================================================
----------------- testing Wed Oct 06 02:06:39 UTC 2021 /home/travis/build/icyphy/ptII/ptolemy/actor/lib/test/auto/Expression2.xml
----------------- Instantiating /home/travis/build/icyphy/ptII/ptolemy/actor/lib/test/auto/Expression2.xml
2 ms. Memory: 439296K Free: 186428K (42%)
----------------- Invoking toplevel() on ptolemy.moml.MoMLSimpleApplication@33593cb4
----------------- Done invoking toplevel() on ptolemy.moml.MoMLSimpleApplication@33593cb4
reloadAllAccessors: .Expression2

===========================================================================================
----------------- testing Wed Oct 06 02:06:39 UTC 2021 /home/travis/build/icyphy/ptII/ptolemy/actor/lib/test/auto/Expression3.xml
----------------- Instantiating /home/travis/build/icyphy/ptII/ptolemy/actor/lib/test/auto/Expression3.xml
5 ms. Memory: 439296K Free: 181822K (41%)
----------------- Invoking toplevel() on ptolemy.moml.MoMLSimpleApplication@79c2cb8d
----------------- Done invoking toplevel() on ptolemy.moml.MoMLSimpleApplication@79c2cb8d
reloadAllAccessors: .Expression3

===========================================================================================
----------------- testing Wed Oct 06 02:06:39 UTC 2021 /home/travis/build/icyphy/ptII/ptolemy/actor/lib/test/auto/Expression4.xml
----------------- Instantiating /home/travis/build/icyphy/ptII/ptolemy/actor/lib/test/auto/Expression4.xml
4 ms. Memory: 439296K Free: 174140K (40%)
----------------- Invoking toplevel() on ptolemy.moml.MoMLSimpleApplication@14112d38
----------------- Done invoking toplevel() on ptolemy.moml.MoMLSimpleApplication@14112d38
reloadAllAccessors: .Expression4

===========================================================================================
----------------- testing Wed Oct 06 02:06:39 UTC 2021 /home/travis/build/icyphy/ptII/ptolemy/actor/lib/test/auto/Expression5.xml
----------------- Instantiating /home/travis/build/icyphy/ptII/ptolemy/actor/lib/test/auto/Expression5.xml
4 ms. Memory: 439296K Free: 169020K (38%)
----------------- Invoking toplevel() on ptolemy.moml.MoMLSimpleApplication@79b18eae
----------------- Done invoking toplevel() on ptolemy.moml.MoMLSimpleApplication@79b18eae
reloadAllAccessors: .Expression5

===========================================================================================
----------------- testing Wed Oct 06 02:06:39 UTC 2021 /home/travis/build/icyphy/ptII/ptolemy/actor/lib/test/auto/Expression6.xml
----------------- Instantiating /home/travis/build/icyphy/ptII/ptolemy/actor/lib/test/auto/Expression6.xml
1 ms. Memory: 439296K Free: 164924K (38%)
----------------- Invoking toplevel() on ptolemy.moml.MoMLSimpleApplication@27749e4e
----------------- Done invoking toplevel() on ptolemy.moml.MoMLSimpleApplication@27749e4e
reloadAllAccessors: .Expression6

===========================================================================================
----------------- testing Wed Oct 06 02:06:39 UTC 2021 /home/travis/build/icyphy/ptII/ptolemy/actor/lib/test/auto/Expression7.xml
----------------- Instantiating /home/travis/build/icyphy/ptII/ptolemy/actor/lib/test/auto/Expression7.xml
2 ms. Memory: 439296K Free: 159804K (36%)
----------------- Invoking toplevel() on ptolemy.moml.MoMLSimpleApplication@48dc4b59
----------------- Done invoking toplevel() on ptolemy.moml.MoMLSimpleApplication@48dc4b59
reloadAllAccessors: .Expression7

===========================================================================================
----------------- testing Wed Oct 06 02:06:39 UTC 2021 /home/travis/build/icyphy/ptII/ptolemy/actor/lib/test/auto/Expression8.xml
----------------- Instantiating /home/travis/build/icyphy/ptII/ptolemy/actor/lib/test/auto/Expression8.xml
7 ms. Memory: 439296K Free: 155198K (35%)
----------------- Invoking toplevel() on ptolemy.moml.MoMLSimpleApplication@3fa5ba2d
----------------- Done invoking toplevel() on ptolemy.moml.MoMLSimpleApplication@3fa5ba2d
reloadAllAccessors: .Expression8

===========================================================================================
----------------- testing Wed Oct 06 02:06:39 UTC 2021 /home/travis/build/icyphy/ptII/ptolemy/actor/lib/test/auto/Expression9.xml
----------------- Instantiating /home/travis/build/icyphy/ptII/ptolemy/actor/lib/test/auto/Expression9.xml
1 ms. Memory: 439296K Free: 151102K (34%)
----------------- Invoking toplevel() on ptolemy.moml.MoMLSimpleApplication@771c28f7
----------------- Done invoking toplevel() on ptolemy.moml.MoMLSimpleApplication@771c28f7
reloadAllAccessors: .Expression9

===========================================================================================
----------------- testing Wed Oct 06 02:06:39 UTC 2021 /home/travis/build/icyphy/ptII/ptolemy/actor/lib/test/auto/ExpressionConcatenateArrayType.xml
----------------- Instantiating /home/travis/build/icyphy/ptII/ptolemy/actor/lib/test/auto/ExpressionConcatenateArrayType.xml
2 ms. Memory: 439296K Free: 144444K (33%)
----------------- Invoking toplevel() on ptolemy.moml.MoMLSimpleApplication@34e3f6d7
----------------- Done invoking toplevel() on ptolemy.moml.MoMLSimpleApplication@34e3f6d7
reloadAllAccessors: .ExpressionConcatenateArrayType

===========================================================================================
----------------- testing Wed Oct 06 02:06:39 UTC 2021 /home/travis/build/icyphy/ptII/ptolemy/actor/lib/test/auto/ExpressionConcatenateArrayType2.xml
----------------- Instantiating /home/travis/build/icyphy/ptII/ptolemy/actor/lib/test/auto/ExpressionConcatenateArrayType2.xml
2 ms. Memory: 439296K Free: 139324K (32%)
----------------- Invoking toplevel() on ptolemy.moml.MoMLSimpleApplication@57685ee9
----------------- Done invoking toplevel() on ptolemy.moml.MoMLSimpleApplication@57685ee9
reloadAllAccessors: .ExpressionConcatenateArrayType2

===========================================================================================
----------------- testing Wed Oct 06 02:06:39 UTC 2021 /home/travis/build/icyphy/ptII/ptolemy/actor/lib/test/auto/ExpressionFix.xml
----------------- Instantiating /home/travis/build/icyphy/ptII/ptolemy/actor/lib/test/auto/ExpressionFix.xml
19 ms. Memory: 439296K Free: 132670K (30%)
----------------- Invoking toplevel() on ptolemy.moml.MoMLSimpleApplication@69235005
----------------- Done invoking toplevel() on ptolemy.moml.MoMLSimpleApplication@69235005
reloadAllAccessors: .ExpressionFix

===========================================================================================
----------------- testing Wed Oct 06 02:06:39 UTC 2021 /home/travis/build/icyphy/ptII/ptolemy/actor/lib/test/auto/ExpressionFix2.xml
----------------- Instantiating /home/travis/build/icyphy/ptII/ptolemy/actor/lib/test/auto/ExpressionFix2.xml
3 ms. Memory: 439296K Free: 387868K (88%)
----------------- Invoking toplevel() on ptolemy.moml.MoMLSimpleApplication@3595d57a
----------------- Done invoking toplevel() on ptolemy.moml.MoMLSimpleApplication@3595d57a
reloadAllAccessors: .ExpressionFix2

===========================================================================================
----------------- testing Wed Oct 06 02:06:39 UTC 2021 /home/travis/build/icyphy/ptII/ptolemy/actor/lib/test/auto/ExpressionFix3.xml
----------------- Instantiating /home/travis/build/icyphy/ptII/ptolemy/actor/lib/test/auto/ExpressionFix3.xml
1 ms. Memory: 439296K Free: 383262K (87%)
----------------- Invoking toplevel() on ptolemy.moml.MoMLSimpleApplication@7296496c
----------------- Done invoking toplevel() on ptolemy.moml.MoMLSimpleApplication@7296496c
reloadAllAccessors: .ExpressionFix3

===========================================================================================
----------------- testing Wed Oct 06 02:06:39 UTC 2021 /home/travis/build/icyphy/ptII/ptolemy/actor/lib/test/auto/FileWriter1.xml
----------------- Instantiating /home/travis/build/icyphy/ptII/ptolemy/actor/lib/test/auto/FileWriter1.xml
4 ms. Memory: 439296K Free: 379166K (86%)
----------------- Invoking toplevel() on ptolemy.moml.MoMLSimpleApplication@76219ee8
----------------- Done invoking toplevel() on ptolemy.moml.MoMLSimpleApplication@76219ee8
reloadAllAccessors: .FileWriter1

===========================================================================================
----------------- testing Wed Oct 06 02:06:39 UTC 2021 /home/travis/build/icyphy/ptII/ptolemy/actor/lib/test/auto/FileWriter2.xml
----------------- Instantiating /home/travis/build/icyphy/ptII/ptolemy/actor/lib/test/auto/FileWriter2.xml
2 ms. Memory: 439296K Free: 375070K (85%)
----------------- Invoking toplevel() on ptolemy.moml.MoMLSimpleApplication@74afc06d
----------------- Done invoking toplevel() on ptolemy.moml.MoMLSimpleApplication@74afc06d
reloadAllAccessors: .FileWriter2

===========================================================================================
----------------- testing Wed Oct 06 02:06:39 UTC 2021 /home/travis/build/icyphy/ptII/ptolemy/actor/lib/test/auto/FileWriter3.xml
----------------- Instantiating /home/travis/build/icyphy/ptII/ptolemy/actor/lib/test/auto/FileWriter3.xml
3 ms. Memory: 439296K Free: 370974K (84%)
----------------- Invoking toplevel() on ptolemy.moml.MoMLSimpleApplication@6f680b67
----------------- Done invoking toplevel() on ptolemy.moml.MoMLSimpleApplication@6f680b67
reloadAllAccessors: .FileWriter3

===========================================================================================
----------------- testing Wed Oct 06 02:06:39 UTC 2021 /home/travis/build/icyphy/ptII/ptolemy/actor/lib/test/auto/Gaussian.xml
----------------- Instantiating /home/travis/build/icyphy/ptII/ptolemy/actor/lib/test/auto/Gaussian.xml
3 ms. Memory: 439296K Free: 366364K (83%)
----------------- Invoking toplevel() on ptolemy.moml.MoMLSimpleApplication@31b2d34b
----------------- Done invoking toplevel() on ptolemy.moml.MoMLSimpleApplication@31b2d34b
reloadAllAccessors: .Gaussian

===========================================================================================
----------------- testing Wed Oct 06 02:06:39 UTC 2021 /home/travis/build/icyphy/ptII/ptolemy/actor/lib/test/auto/Gaussian1.xml
----------------- Instantiating /home/travis/build/icyphy/ptII/ptolemy/actor/lib/test/auto/Gaussian1.xml
8 ms. Memory: 439296K Free: 361758K (82%)
----------------- Invoking toplevel() on ptolemy.moml.MoMLSimpleApplication@356f739
----------------- Done invoking toplevel() on ptolemy.moml.MoMLSimpleApplication@356f739
reloadAllAccessors: .Gaussian1

===========================================================================================
----------------- testing Wed Oct 06 02:06:39 UTC 2021 /home/travis/build/icyphy/ptII/ptolemy/actor/lib/test/auto/Gaussian2.xml
----------------- Instantiating /home/travis/build/icyphy/ptII/ptolemy/actor/lib/test/auto/Gaussian2.xml
3 ms. Memory: 439296K Free: 356110K (81%)
----------------- Invoking toplevel() on ptolemy.moml.MoMLSimpleApplication@797c56af
----------------- Done invoking toplevel() on ptolemy.moml.MoMLSimpleApplication@797c56af
reloadAllAccessors: .Gaussian2

===========================================================================================
----------------- testing Wed Oct 06 02:06:39 UTC 2021 /home/travis/build/icyphy/ptII/ptolemy/actor/lib/test/auto/GradientAdaptiveLattice.xml
----------------- Instantiating /home/travis/build/icyphy/ptII/ptolemy/actor/lib/test/auto/GradientAdaptiveLattice.xml
2 ms. Memory: 439296K Free: 351518K (80%)
----------------- Invoking toplevel() on ptolemy.moml.MoMLSimpleApplication@1abd6a69
----------------- Done invoking toplevel() on ptolemy.moml.MoMLSimpleApplication@1abd6a69
reloadAllAccessors: .GradientAdaptiveLattice

===========================================================================================
----------------- testing Wed Oct 06 02:06:39 UTC 2021 /home/travis/build/icyphy/ptII/ptolemy/actor/lib/test/auto/IIR.xml
----------------- Instantiating /home/travis/build/icyphy/ptII/ptolemy/actor/lib/test/auto/IIR.xml
1 ms. Memory: 439296K Free: 346908K (79%)
----------------- Invoking toplevel() on ptolemy.moml.MoMLSimpleApplication@477ae302
----------------- Done invoking toplevel() on ptolemy.moml.MoMLSimpleApplication@477ae302
reloadAllAccessors: .IIR

===========================================================================================
----------------- testing Wed Oct 06 02:06:39 UTC 2021 /home/travis/build/icyphy/ptII/ptolemy/actor/lib/test/auto/InputOutputTransparentPorts.xml
----------------- Instantiating /home/travis/build/icyphy/ptII/ptolemy/actor/lib/test/auto/InputOutputTransparentPorts.xml
2 ms. Memory: 439296K Free: 339740K (77%)
----------------- Invoking toplevel() on ptolemy.moml.MoMLSimpleApplication@5d0574d8
----------------- Done invoking toplevel() on ptolemy.moml.MoMLSimpleApplication@5d0574d8
reloadAllAccessors: .InputOutputTransparentPorts

===========================================================================================
----------------- testing Wed Oct 06 02:06:39 UTC 2021 /home/travis/build/icyphy/ptII/ptolemy/actor/lib/test/auto/Interpolator.xml
----------------- Instantiating /home/travis/build/icyphy/ptII/ptolemy/actor/lib/test/auto/Interpolator.xml
3 ms. Memory: 439296K Free: 335644K (76%)
----------------- Invoking toplevel() on ptolemy.moml.MoMLSimpleApplication@26690c90
----------------- Done invoking toplevel() on ptolemy.moml.MoMLSimpleApplication@26690c90
reloadAllAccessors: .Interpolator

===========================================================================================
----------------- testing Wed Oct 06 02:06:39 UTC 2021 /home/travis/build/icyphy/ptII/ptolemy/actor/lib/test/auto/InterpolatorFiringLimitDE.xml
----------------- Instantiating /home/travis/build/icyphy/ptII/ptolemy/actor/lib/test/auto/InterpolatorFiringLimitDE.xml
2 ms. Memory: 439296K Free: 329500K (75%)
----------------- Invoking toplevel() on ptolemy.moml.MoMLSimpleApplication@ddd1cc0
----------------- Done invoking toplevel() on ptolemy.moml.MoMLSimpleApplication@ddd1cc0
reloadAllAccessors: .InterpolatorFiringLimitDE

===========================================================================================
----------------- testing Wed Oct 06 02:06:39 UTC 2021 /home/travis/build/icyphy/ptII/ptolemy/actor/lib/test/auto/Lattice.xml
----------------- Instantiating /home/travis/build/icyphy/ptII/ptolemy/actor/lib/test/auto/Lattice.xml
1 ms. Memory: 439296K Free: 325404K (74%)
----------------- Invoking toplevel() on ptolemy.moml.MoMLSimpleApplication@7c2cbc03
----------------- Done invoking toplevel() on ptolemy.moml.MoMLSimpleApplication@7c2cbc03
reloadAllAccessors: .Lattice

===========================================================================================
----------------- testing Wed Oct 06 02:06:39 UTC 2021 /home/travis/build/icyphy/ptII/ptolemy/actor/lib/test/auto/LazyAOCTestLazy.xml
----------------- Instantiating /home/travis/build/icyphy/ptII/ptolemy/actor/lib/test/auto/LazyAOCTestLazy.xml
7 ms. Memory: 439296K Free: 319774K (73%)
----------------- Invoking toplevel() on ptolemy.moml.MoMLSimpleApplication@264ac5c
----------------- Done invoking toplevel() on ptolemy.moml.MoMLSimpleApplication@264ac5c
reloadAllAccessors: .LazyAOCTestLazy

===========================================================================================
----------------- testing Wed Oct 06 02:06:39 UTC 2021 /home/travis/build/icyphy/ptII/ptolemy/actor/lib/test/auto/LazyAOCTestNonLazy.xml
----------------- Instantiating /home/travis/build/icyphy/ptII/ptolemy/actor/lib/test/auto/LazyAOCTestNonLazy.xml
2 ms. Memory: 439296K Free: 313116K (71%)
----------------- Invoking toplevel() on ptolemy.moml.MoMLSimpleApplication@3a0db23b
----------------- Done invoking toplevel() on ptolemy.moml.MoMLSimpleApplication@3a0db23b
reloadAllAccessors: .LazyAOCTestNonLazy

===========================================================================================
----------------- testing Wed Oct 06 02:06:39 UTC 2021 /home/travis/build/icyphy/ptII/ptolemy/actor/lib/test/auto/LazyInnerClass.xml
----------------- Instantiating /home/travis/build/icyphy/ptII/ptolemy/actor/lib/test/auto/LazyInnerClass.xml
13 ms. Memory: 439296K Free: 304414K (69%)
----------------- Invoking toplevel() on ptolemy.moml.MoMLSimpleApplication@a2511e0
----------------- Done invoking toplevel() on ptolemy.moml.MoMLSimpleApplication@a2511e0
reloadAllAccessors: .LazyInnerClass

===========================================================================================
----------------- testing Wed Oct 06 02:06:39 UTC 2021 /home/travis/build/icyphy/ptII/ptolemy/actor/lib/test/auto/LazyPubSub.xml
----------------- Instantiating /home/travis/build/icyphy/ptII/ptolemy/actor/lib/test/auto/LazyPubSub.xml
19 ms. Memory: 439296K Free: 294684K (67%)
----------------- Invoking toplevel() on ptolemy.moml.MoMLSimpleApplication@1792a74
----------------- Done invoking toplevel() on ptolemy.moml.MoMLSimpleApplication@1792a74
reloadAllAccessors: .LazyPubSub

===========================================================================================
----------------- testing Wed Oct 06 02:06:39 UTC 2021 /home/travis/build/icyphy/ptII/ptolemy/actor/lib/test/auto/LazyPubSub2.xml
----------------- Instantiating /home/travis/build/icyphy/ptII/ptolemy/actor/lib/test/auto/LazyPubSub2.xml
16 ms. Memory: 439296K Free: 284958K (65%)
----------------- Invoking toplevel() on ptolemy.moml.MoMLSimpleApplication@478c4d4b
----------------- Done invoking toplevel() on ptolemy.moml.MoMLSimpleApplication@478c4d4b
reloadAllAccessors: .LazyPubSub2

===========================================================================================
----------------- testing Wed Oct 06 02:06:39 UTC 2021 /home/travis/build/icyphy/ptII/ptolemy/actor/lib/test/auto/LazyPubSub3.xml
----------------- Instantiating /home/travis/build/icyphy/ptII/ptolemy/actor/lib/test/auto/LazyPubSub3.xml
11 ms. Memory: 439296K Free: 274718K (63%)
----------------- Invoking toplevel() on ptolemy.moml.MoMLSimpleApplication@9974290
----------------- Done invoking toplevel() on ptolemy.moml.MoMLSimpleApplication@9974290
reloadAllAccessors: .LazyPubSub3

===========================================================================================
----------------- testing Wed Oct 06 02:06:39 UTC 2021 /home/travis/build/icyphy/ptII/ptolemy/actor/lib/test/auto/LazySubClassModel.xml
----------------- Instantiating /home/travis/build/icyphy/ptII/ptolemy/actor/lib/test/auto/LazySubClassModel.xml
2 ms. Memory: 439296K Free: 265502K (60%)
----------------- Invoking toplevel() on ptolemy.moml.MoMLSimpleApplication@60f55c01
----------------- Done invoking toplevel() on ptolemy.moml.MoMLSimpleApplication@60f55c01
reloadAllAccessors: .LazySubClassModel

===========================================================================================
----------------- testing Wed Oct 06 02:06:39 UTC 2021 /home/travis/build/icyphy/ptII/ptolemy/actor/lib/test/auto/LevelCrossTest1.xml
----------------- Instantiating /home/travis/build/icyphy/ptII/ptolemy/actor/lib/test/auto/LevelCrossTest1.xml
1 ms. Memory: 439296K Free: 259868K (59%)
----------------- Invoking toplevel() on ptolemy.moml.MoMLSimpleApplication@52fe2114
----------------- Done invoking toplevel() on ptolemy.moml.MoMLSimpleApplication@52fe2114
reloadAllAccessors: .broken

===========================================================================================
----------------- testing Wed Oct 06 02:06:39 UTC 2021 /home/travis/build/icyphy/ptII/ptolemy/actor/lib/test/auto/LevelCrossTest10.xml
----------------- Instantiating /home/travis/build/icyphy/ptII/ptolemy/actor/lib/test/auto/LevelCrossTest10.xml
1 ms. Memory: 439296K Free: 252700K (58%)
----------------- Invoking toplevel() on ptolemy.moml.MoMLSimpleApplication@3ed07ef5
----------------- Done invoking toplevel() on ptolemy.moml.MoMLSimpleApplication@3ed07ef5
reloadAllAccessors: .LevelCrossTest10

===========================================================================================
----------------- testing Wed Oct 06 02:06:39 UTC 2021 /home/travis/build/icyphy/ptII/ptolemy/actor/lib/test/auto/LevelCrossTest11.xml
----------------- Instantiating /home/travis/build/icyphy/ptII/ptolemy/actor/lib/test/auto/LevelCrossTest11.xml
0 ms. Memory: 439296K Free: 246556K (56%)
----------------- Invoking toplevel() on ptolemy.moml.MoMLSimpleApplication@4d011752
----------------- Done invoking toplevel() on ptolemy.moml.MoMLSimpleApplication@4d011752
reloadAllAccessors: .LevelCrossTest11

===========================================================================================
----------------- testing Wed Oct 06 02:06:39 UTC 2021 /home/travis/build/icyphy/ptII/ptolemy/actor/lib/test/auto/LevelCrossTest12.xml
----------------- Instantiating /home/travis/build/icyphy/ptII/ptolemy/actor/lib/test/auto/LevelCrossTest12.xml
1 ms. Memory: 439296K Free: 239388K (54%)
----------------- Invoking toplevel() on ptolemy.moml.MoMLSimpleApplication@5a3d59e5
----------------- Done invoking toplevel() on ptolemy.moml.MoMLSimpleApplication@5a3d59e5
reloadAllAccessors: .LevelCrossTest12

===========================================================================================
----------------- testing Wed Oct 06 02:06:39 UTC 2021 /home/travis/build/icyphy/ptII/ptolemy/actor/lib/test/auto/LevelCrossTest13.xml
----------------- Instantiating /home/travis/build/icyphy/ptII/ptolemy/actor/lib/test/auto/LevelCrossTest13.xml
10 ms. Memory: 439296K Free: 231710K (53%)
----------------- Invoking toplevel() on ptolemy.moml.MoMLSimpleApplication@749a3183
----------------- Done invoking toplevel() on ptolemy.moml.MoMLSimpleApplication@749a3183
reloadAllAccessors: .LevelCrossTest13

===========================================================================================
----------------- testing Wed Oct 06 02:06:40 UTC 2021 /home/travis/build/icyphy/ptII/ptolemy/actor/lib/test/auto/LevelCrossTest2.xml
----------------- Instantiating /home/travis/build/icyphy/ptII/ptolemy/actor/lib/test/auto/LevelCrossTest2.xml
1 ms. Memory: 439296K Free: 226590K (52%)
----------------- Invoking toplevel() on ptolemy.moml.MoMLSimpleApplication@257802b1
----------------- Done invoking toplevel() on ptolemy.moml.MoMLSimpleApplication@257802b1
reloadAllAccessors: .broken

===========================================================================================
----------------- testing Wed Oct 06 02:06:40 UTC 2021 /home/travis/build/icyphy/ptII/ptolemy/actor/lib/test/auto/LevelCrossTest3.xml
----------------- Instantiating /home/travis/build/icyphy/ptII/ptolemy/actor/lib/test/auto/LevelCrossTest3.xml
1 ms. Memory: 439296K Free: 220446K (50%)
----------------- Invoking toplevel() on ptolemy.moml.MoMLSimpleApplication@c278e77
----------------- Done invoking toplevel() on ptolemy.moml.MoMLSimpleApplication@c278e77
reloadAllAccessors: .LevelCrossTest3

===========================================================================================
----------------- testing Wed Oct 06 02:06:40 UTC 2021 /home/travis/build/icyphy/ptII/ptolemy/actor/lib/test/auto/LevelCrossTest4.xml
----------------- Instantiating /home/travis/build/icyphy/ptII/ptolemy/actor/lib/test/auto/LevelCrossTest4.xml
1 ms. Memory: 439296K Free: 214812K (49%)
----------------- Invoking toplevel() on ptolemy.moml.MoMLSimpleApplication@755dab3b
----------------- Done invoking toplevel() on ptolemy.moml.MoMLSimpleApplication@755dab3b
reloadAllAccessors: .broken

===========================================================================================
----------------- testing Wed Oct 06 02:06:40 UTC 2021 /home/travis/build/icyphy/ptII/ptolemy/actor/lib/test/auto/LevelCrossTest5.xml
----------------- Instantiating /home/travis/build/icyphy/ptII/ptolemy/actor/lib/test/auto/LevelCrossTest5.xml
3 ms. Memory: 439296K Free: 208158K (47%)
----------------- Invoking toplevel() on ptolemy.moml.MoMLSimpleApplication@2787f191
----------------- Done invoking toplevel() on ptolemy.moml.MoMLSimpleApplication@2787f191
reloadAllAccessors: .LevelCrossTest5

===========================================================================================
----------------- testing Wed Oct 06 02:06:40 UTC 2021 /home/travis/build/icyphy/ptII/ptolemy/actor/lib/test/auto/LevelCrossTest6.xml
----------------- Instantiating /home/travis/build/icyphy/ptII/ptolemy/actor/lib/test/auto/LevelCrossTest6.xml
1 ms. Memory: 439296K Free: 201500K (46%)
----------------- Invoking toplevel() on ptolemy.moml.MoMLSimpleApplication@7e8c8803
----------------- Done invoking toplevel() on ptolemy.moml.MoMLSimpleApplication@7e8c8803
reloadAllAccessors: .LevelCrossTest6

===========================================================================================
----------------- testing Wed Oct 06 02:06:40 UTC 2021 /home/travis/build/icyphy/ptII/ptolemy/actor/lib/test/auto/LevelCrossTest7.xml
----------------- Instantiating /home/travis/build/icyphy/ptII/ptolemy/actor/lib/test/auto/LevelCrossTest7.xml
1 ms. Memory: 439296K Free: 193308K (44%)
----------------- Invoking toplevel() on ptolemy.moml.MoMLSimpleApplication@1c3f890f
----------------- Done invoking toplevel() on ptolemy.moml.MoMLSimpleApplication@1c3f890f
reloadAllAccessors: .LevelCrossTest7

===========================================================================================
----------------- testing Wed Oct 06 02:06:40 UTC 2021 /home/travis/build/icyphy/ptII/ptolemy/actor/lib/test/auto/LevelCrossTest8.xml
----------------- Instantiating /home/travis/build/icyphy/ptII/ptolemy/actor/lib/test/auto/LevelCrossTest8.xml
1 ms. Memory: 439296K Free: 186654K (42%)
----------------- Invoking toplevel() on ptolemy.moml.MoMLSimpleApplication@2a3f32c9
----------------- Done invoking toplevel() on ptolemy.moml.MoMLSimpleApplication@2a3f32c9
reloadAllAccessors: .LevelCrossTest8

===========================================================================================
----------------- testing Wed Oct 06 02:06:40 UTC 2021 /home/travis/build/icyphy/ptII/ptolemy/actor/lib/test/auto/LevelCrossTest9.xml
----------------- Instantiating /home/travis/build/icyphy/ptII/ptolemy/actor/lib/test/auto/LevelCrossTest9.xml
1 ms. Memory: 439296K Free: 178972K (41%)
----------------- Invoking toplevel() on ptolemy.moml.MoMLSimpleApplication@16562987
----------------- Done invoking toplevel() on ptolemy.moml.MoMLSimpleApplication@16562987
reloadAllAccessors: .LevelCrossTest9

===========================================================================================
----------------- testing Wed Oct 06 02:06:40 UTC 2021 /home/travis/build/icyphy/ptII/ptolemy/actor/lib/test/auto/LevinsonDurbin.xml
----------------- Instantiating /home/travis/build/icyphy/ptII/ptolemy/actor/lib/test/auto/LevinsonDurbin.xml
1 ms. Memory: 439296K Free: 174876K (40%)
----------------- Invoking toplevel() on ptolemy.moml.MoMLSimpleApplication@27c9c343
----------------- Done invoking toplevel() on ptolemy.moml.MoMLSimpleApplication@27c9c343
reloadAllAccessors: .LevinsonDurbin

===========================================================================================
----------------- testing Wed Oct 06 02:06:40 UTC 2021 /home/travis/build/icyphy/ptII/ptolemy/actor/lib/test/auto/LevinsonDurbin2.xml
----------------- Instantiating /home/travis/build/icyphy/ptII/ptolemy/actor/lib/test/auto/LevinsonDurbin2.xml
1 ms. Memory: 439296K Free: 170780K (39%)
----------------- Invoking toplevel() on ptolemy.moml.MoMLSimpleApplication@5910792d
----------------- Done invoking toplevel() on ptolemy.moml.MoMLSimpleApplication@5910792d
reloadAllAccessors: .LevinsonDurbin2

===========================================================================================
----------------- testing Wed Oct 06 02:06:40 UTC 2021 /home/travis/build/icyphy/ptII/ptolemy/actor/lib/test/auto/LevinsonDurbin3.xml
----------------- Instantiating /home/travis/build/icyphy/ptII/ptolemy/actor/lib/test/auto/LevinsonDurbin3.xml
2 ms. Memory: 439296K Free: 167198K (38%)
----------------- Invoking toplevel() on ptolemy.moml.MoMLSimpleApplication@6e902ebe
----------------- Done invoking toplevel() on ptolemy.moml.MoMLSimpleApplication@6e902ebe
reloadAllAccessors: .LevinsonDurbin3

===========================================================================================
----------------- testing Wed Oct 06 02:06:40 UTC 2021 /home/travis/build/icyphy/ptII/ptolemy/actor/lib/test/auto/Limiter.xml
----------------- Instantiating /home/travis/build/icyphy/ptII/ptolemy/actor/lib/test/auto/Limiter.xml
10 ms. Memory: 439296K Free: 157982K (36%)
----------------- Invoking toplevel() on ptolemy.moml.MoMLSimpleApplication@4d54dd7f
----------------- Done invoking toplevel() on ptolemy.moml.MoMLSimpleApplication@4d54dd7f
reloadAllAccessors: .Limiter

===========================================================================================
----------------- testing Wed Oct 06 02:06:40 UTC 2021 /home/travis/build/icyphy/ptII/ptolemy/actor/lib/test/auto/LinearDifferenceEquationSystem.xml
----------------- Instantiating /home/travis/build/icyphy/ptII/ptolemy/actor/lib/test/auto/LinearDifferenceEquationSystem.xml
6 ms. Memory: 439296K Free: 150814K (34%)
----------------- Invoking toplevel() on ptolemy.moml.MoMLSimpleApplication@5d82d124
----------------- Done invoking toplevel() on ptolemy.moml.MoMLSimpleApplication@5d82d124
reloadAllAccessors: .LinearDifferenceEquationSystem

===========================================================================================
----------------- testing Wed Oct 06 02:06:40 UTC 2021 /home/travis/build/icyphy/ptII/ptolemy/actor/lib/test/auto/LookupTable.xml
----------------- Instantiating /home/travis/build/icyphy/ptII/ptolemy/actor/lib/test/auto/LookupTable.xml
1 ms. Memory: 439296K Free: 146718K (33%)
----------------- Invoking toplevel() on ptolemy.moml.MoMLSimpleApplication@4c00433c
----------------- Done invoking toplevel() on ptolemy.moml.MoMLSimpleApplication@4c00433c
reloadAllAccessors: .LookupTable

===========================================================================================
----------------- testing Wed Oct 06 02:06:40 UTC 2021 /home/travis/build/icyphy/ptII/ptolemy/actor/lib/test/auto/MathFunction.xml
----------------- Instantiating /home/travis/build/icyphy/ptII/ptolemy/actor/lib/test/auto/MathFunction.xml
4 ms. Memory: 439296K Free: 138526K (32%)
----------------- Invoking toplevel() on ptolemy.moml.MoMLSimpleApplication@4ecc8102
----------------- Done invoking toplevel() on ptolemy.moml.MoMLSimpleApplication@4ecc8102
reloadAllAccessors: .MathFunction

===========================================================================================
----------------- testing Wed Oct 06 02:06:40 UTC 2021 /home/travis/build/icyphy/ptII/ptolemy/actor/lib/test/auto/MathFunction2.xml
----------------- Instantiating /home/travis/build/icyphy/ptII/ptolemy/actor/lib/test/auto/MathFunction2.xml
1 ms. Memory: 439296K Free: 134430K (31%)
----------------- Invoking toplevel() on ptolemy.moml.MoMLSimpleApplication@5f20474b
----------------- Done invoking toplevel() on ptolemy.moml.MoMLSimpleApplication@5f20474b
reloadAllAccessors: .MathFunction2

===========================================================================================
----------------- testing Wed Oct 06 02:06:40 UTC 2021 /home/travis/build/icyphy/ptII/ptolemy/actor/lib/test/auto/MathFunction3.xml
----------------- Instantiating /home/travis/build/icyphy/ptII/ptolemy/actor/lib/test/auto/MathFunction3.xml
3 ms. Memory: 439296K Free: 386512K (88%)
----------------- Invoking toplevel() on ptolemy.moml.MoMLSimpleApplication@6e42005
----------------- Done invoking toplevel() on ptolemy.moml.MoMLSimpleApplication@6e42005
reloadAllAccessors: .MathFunction3

===========================================================================================
----------------- testing Wed Oct 06 02:06:40 UTC 2021 /home/travis/build/icyphy/ptII/ptolemy/actor/lib/test/auto/MatrixCropBoolean.xml
----------------- Instantiating /home/travis/build/icyphy/ptII/ptolemy/actor/lib/test/auto/MatrixCropBoolean.xml
1 ms. Memory: 439296K Free: 381376K (87%)
----------------- Invoking toplevel() on ptolemy.moml.MoMLSimpleApplication@6133e82
----------------- Done invoking toplevel() on ptolemy.moml.MoMLSimpleApplication@6133e82
reloadAllAccessors: .MatrixCropBoolean

===========================================================================================
----------------- testing Wed Oct 06 02:06:40 UTC 2021 /home/travis/build/icyphy/ptII/ptolemy/actor/lib/test/auto/MatrixCropComplex.xml
----------------- Instantiating /home/travis/build/icyphy/ptII/ptolemy/actor/lib/test/auto/MatrixCropComplex.xml
2 ms. Memory: 439296K Free: 376256K (86%)
----------------- Invoking toplevel() on ptolemy.moml.MoMLSimpleApplication@b3192a2
----------------- Done invoking toplevel() on ptolemy.moml.MoMLSimpleApplication@b3192a2
reloadAllAccessors: .MatrixCropComplex

===========================================================================================
----------------- testing Wed Oct 06 02:06:40 UTC 2021 /home/travis/build/icyphy/ptII/ptolemy/actor/lib/test/auto/MatrixCropDouble.xml
----------------- Instantiating /home/travis/build/icyphy/ptII/ptolemy/actor/lib/test/auto/MatrixCropDouble.xml
2 ms. Memory: 439296K Free: 371160K (84%)
----------------- Invoking toplevel() on ptolemy.moml.MoMLSimpleApplication@24120ffb
----------------- Done invoking toplevel() on ptolemy.moml.MoMLSimpleApplication@24120ffb
reloadAllAccessors: .MatrixCropDouble

===========================================================================================
----------------- testing Wed Oct 06 02:06:40 UTC 2021 /home/travis/build/icyphy/ptII/ptolemy/actor/lib/test/auto/MatrixCropFix.xml
----------------- Instantiating /home/travis/build/icyphy/ptII/ptolemy/actor/lib/test/auto/MatrixCropFix.xml
1 ms. Memory: 439296K Free: 366016K (83%)
----------------- Invoking toplevel() on ptolemy.moml.MoMLSimpleApplication@58d6a115
----------------- Done invoking toplevel() on ptolemy.moml.MoMLSimpleApplication@58d6a115
reloadAllAccessors: .MatrixCropFix

===========================================================================================
----------------- testing Wed Oct 06 02:06:40 UTC 2021 /home/travis/build/icyphy/ptII/ptolemy/actor/lib/test/auto/MatrixCropInt.xml
----------------- Instantiating /home/travis/build/icyphy/ptII/ptolemy/actor/lib/test/auto/MatrixCropInt.xml
2 ms. Memory: 439296K Free: 361440K (82%)
----------------- Invoking toplevel() on ptolemy.moml.MoMLSimpleApplication@519be309
----------------- Done invoking toplevel() on ptolemy.moml.MoMLSimpleApplication@519be309
reloadAllAccessors: .MatrixCropInt

===========================================================================================
----------------- testing Wed Oct 06 02:06:40 UTC 2021 /home/travis/build/icyphy/ptII/ptolemy/actor/lib/test/auto/MatrixCropLong.xml
----------------- Instantiating /home/travis/build/icyphy/ptII/ptolemy/actor/lib/test/auto/MatrixCropLong.xml
1 ms. Memory: 439296K Free: 356320K (81%)
----------------- Invoking toplevel() on ptolemy.moml.MoMLSimpleApplication@67aaabd6
----------------- Done invoking toplevel() on ptolemy.moml.MoMLSimpleApplication@67aaabd6
reloadAllAccessors: .MatrixCropLong

===========================================================================================
----------------- testing Wed Oct 06 02:06:40 UTC 2021 /home/travis/build/icyphy/ptII/ptolemy/actor/lib/test/auto/MatrixToArray.xml
----------------- Instantiating /home/travis/build/icyphy/ptII/ptolemy/actor/lib/test/auto/MatrixToArray.xml
9 ms. Memory: 439296K Free: 340960K (78%)
----------------- Invoking toplevel() on ptolemy.moml.MoMLSimpleApplication@96e5699
----------------- Done invoking toplevel() on ptolemy.moml.MoMLSimpleApplication@96e5699
reloadAllAccessors: .MatrixToArray

===========================================================================================
----------------- testing Wed Oct 06 02:06:40 UTC 2021 /home/travis/build/icyphy/ptII/ptolemy/actor/lib/test/auto/MaxIndex.xml
----------------- Instantiating /home/travis/build/icyphy/ptII/ptolemy/actor/lib/test/auto/MaxIndex.xml
2 ms. Memory: 439296K Free: 335840K (76%)
----------------- Invoking toplevel() on ptolemy.moml.MoMLSimpleApplication@4102c6c6
----------------- Done invoking toplevel() on ptolemy.moml.MoMLSimpleApplication@4102c6c6
reloadAllAccessors: .MaxIndex

===========================================================================================
----------------- testing Wed Oct 06 02:06:40 UTC 2021 /home/travis/build/icyphy/ptII/ptolemy/actor/lib/test/auto/Maximum.xml
----------------- Instantiating /home/travis/build/icyphy/ptII/ptolemy/actor/lib/test/auto/Maximum.xml
1 ms. Memory: 439296K Free: 329696K (75%)
----------------- Invoking toplevel() on ptolemy.moml.MoMLSimpleApplication@7205ed16
----------------- Done invoking toplevel() on ptolemy.moml.MoMLSimpleApplication@7205ed16
reloadAllAccessors: .Maximum

===========================================================================================
----------------- testing Wed Oct 06 02:06:40 UTC 2021 /home/travis/build/icyphy/ptII/ptolemy/actor/lib/test/auto/MaximumComplex.xml
----------------- Instantiating /home/travis/build/icyphy/ptII/ptolemy/actor/lib/test/auto/MaximumComplex.xml
3 ms. Memory: 439296K Free: 323552K (74%)
----------------- Invoking toplevel() on ptolemy.moml.MoMLSimpleApplication@7ce8cc36
----------------- Done invoking toplevel() on ptolemy.moml.MoMLSimpleApplication@7ce8cc36
reloadAllAccessors: .MaximumComplex

===========================================================================================
----------------- testing Wed Oct 06 02:06:40 UTC 2021 /home/travis/build/icyphy/ptII/ptolemy/actor/lib/test/auto/MethodCallTest.xml
----------------- Instantiating /home/travis/build/icyphy/ptII/ptolemy/actor/lib/test/auto/MethodCallTest.xml
2 ms. Memory: 439296K Free: 316894K (72%)
----------------- Invoking toplevel() on ptolemy.moml.MoMLSimpleApplication@290d8b21
----------------- Done invoking toplevel() on ptolemy.moml.MoMLSimpleApplication@290d8b21
reloadAllAccessors: .MethodCallTest

===========================================================================================
----------------- testing Wed Oct 06 02:06:40 UTC 2021 /home/travis/build/icyphy/ptII/ptolemy/actor/lib/test/auto/Minimum.xml
----------------- Instantiating /home/travis/build/icyphy/ptII/ptolemy/actor/lib/test/auto/Minimum.xml
2 ms. Memory: 439296K Free: 310240K (71%)
----------------- Invoking toplevel() on ptolemy.moml.MoMLSimpleApplication@1a13d20c
----------------- Done invoking toplevel() on ptolemy.moml.MoMLSimpleApplication@1a13d20c
reloadAllAccessors: .Minimum

===========================================================================================
----------------- testing Wed Oct 06 02:06:40 UTC 2021 /home/travis/build/icyphy/ptII/ptolemy/actor/lib/test/auto/MinimumComplex.xml
----------------- Instantiating /home/travis/build/icyphy/ptII/ptolemy/actor/lib/test/auto/MinimumComplex.xml
2 ms. Memory: 439296K Free: 304592K (69%)
----------------- Invoking toplevel() on ptolemy.moml.MoMLSimpleApplication@25c55a8b
----------------- Done invoking toplevel() on ptolemy.moml.MoMLSimpleApplication@25c55a8b
reloadAllAccessors: .MinimumComplex

===========================================================================================
----------------- testing Wed Oct 06 02:06:40 UTC 2021 /home/travis/build/icyphy/ptII/ptolemy/actor/lib/test/auto/MinimumMultiports.xml
----------------- Instantiating /home/travis/build/icyphy/ptII/ptolemy/actor/lib/test/auto/MinimumMultiports.xml
3 ms. Memory: 439296K Free: 295904K (67%)
----------------- Invoking toplevel() on ptolemy.moml.MoMLSimpleApplication@f57fc6c
----------------- Done invoking toplevel() on ptolemy.moml.MoMLSimpleApplication@f57fc6c
reloadAllAccessors: .MinimumMultiports

===========================================================================================
----------------- testing Wed Oct 06 02:06:40 UTC 2021 /home/travis/build/icyphy/ptII/ptolemy/actor/lib/test/auto/ModifyDate.xml
----------------- Instantiating /home/travis/build/icyphy/ptII/ptolemy/actor/lib/test/auto/ModifyDate.xml
7 ms. Memory: 439296K Free: 283102K (64%)
----------------- Invoking toplevel() on ptolemy.moml.MoMLSimpleApplication@50f060ba
----------------- Done invoking toplevel() on ptolemy.moml.MoMLSimpleApplication@50f060ba
reloadAllAccessors: .ModifyDate

===========================================================================================
----------------- testing Wed Oct 06 02:06:40 UTC 2021 /home/travis/build/icyphy/ptII/ptolemy/actor/lib/test/auto/ModifyDate2.xml
----------------- Instantiating /home/travis/build/icyphy/ptII/ptolemy/actor/lib/test/auto/ModifyDate2.xml
2 ms. Memory: 439296K Free: 274400K (62%)
----------------- Invoking toplevel() on ptolemy.moml.MoMLSimpleApplication@473e36f5
----------------- Done invoking toplevel() on ptolemy.moml.MoMLSimpleApplication@473e36f5
reloadAllAccessors: .ModifyDate2

===========================================================================================
----------------- testing Wed Oct 06 02:06:40 UTC 2021 /home/travis/build/icyphy/ptII/ptolemy/actor/lib/test/auto/MovingAverage.xml
----------------- Instantiating /home/travis/build/icyphy/ptII/ptolemy/actor/lib/test/auto/MovingAverage.xml
2 ms. Memory: 439296K Free: 269790K (61%)
----------------- Invoking toplevel() on ptolemy.moml.MoMLSimpleApplication@725998a7
----------------- Done invoking toplevel() on ptolemy.moml.MoMLSimpleApplication@725998a7
reloadAllAccessors: .MovingAverage

===========================================================================================
----------------- testing Wed Oct 06 02:06:40 UTC 2021 /home/travis/build/icyphy/ptII/ptolemy/actor/lib/test/auto/MovingMaximum.xml
----------------- Instantiating /home/travis/build/icyphy/ptII/ptolemy/actor/lib/test/auto/MovingMaximum.xml
1 ms. Memory: 439296K Free: 265184K (60%)
----------------- Invoking toplevel() on ptolemy.moml.MoMLSimpleApplication@54ebeb58
----------------- Done invoking toplevel() on ptolemy.moml.MoMLSimpleApplication@54ebeb58
reloadAllAccessors: .MovingMaximum

===========================================================================================
----------------- testing Wed Oct 06 02:06:40 UTC 2021 /home/travis/build/icyphy/ptII/ptolemy/actor/lib/test/auto/MultipleLinksToSameRelation.xml
----------------- Instantiating /home/travis/build/icyphy/ptII/ptolemy/actor/lib/test/auto/MultipleLinksToSameRelation.xml
4 ms. Memory: 439296K Free: 261088K (59%)
----------------- Invoking toplevel() on ptolemy.moml.MoMLSimpleApplication@1ec264c1
----------------- Done invoking toplevel() on ptolemy.moml.MoMLSimpleApplication@1ec264c1
reloadAllAccessors: .MultipleLinksToSameRelation

===========================================================================================
----------------- testing Wed Oct 06 02:06:40 UTC 2021 /home/travis/build/icyphy/ptII/ptolemy/actor/lib/test/auto/MultipleLinksToSameRelationDE.xml
----------------- Instantiating /home/travis/build/icyphy/ptII/ptolemy/actor/lib/test/auto/MultipleLinksToSameRelationDE.xml
8 ms. Memory: 439296K Free: 256464K (58%)
----------------- Invoking toplevel() on ptolemy.moml.MoMLSimpleApplication@6ed55817
----------------- Done invoking toplevel() on ptolemy.moml.MoMLSimpleApplication@6ed55817
reloadAllAccessors: .MultipleLinksToSameRelationDE

===========================================================================================
----------------- testing Wed Oct 06 02:06:40 UTC 2021 /home/travis/build/icyphy/ptII/ptolemy/actor/lib/test/auto/Multiplexor.xml
----------------- Instantiating /home/travis/build/icyphy/ptII/ptolemy/actor/lib/test/auto/Multiplexor.xml
2 ms. Memory: 439296K Free: 250848K (57%)
----------------- Invoking toplevel() on ptolemy.moml.MoMLSimpleApplication@7576741a
----------------- Done invoking toplevel() on ptolemy.moml.MoMLSimpleApplication@7576741a
reloadAllAccessors: .Multiplexor

===========================================================================================
----------------- testing Wed Oct 06 02:06:40 UTC 2021 /home/travis/build/icyphy/ptII/ptolemy/actor/lib/test/auto/Multiplexor1.xml
----------------- Instantiating /home/travis/build/icyphy/ptII/ptolemy/actor/lib/test/auto/Multiplexor1.xml
2 ms. Memory: 439296K Free: 245184K (56%)
----------------- Invoking toplevel() on ptolemy.moml.MoMLSimpleApplication@27546cf6
----------------- Done invoking toplevel() on ptolemy.moml.MoMLSimpleApplication@27546cf6
reloadAllAccessors: .Multiplexor1

===========================================================================================
----------------- testing Wed Oct 06 02:06:40 UTC 2021 /home/travis/build/icyphy/ptII/ptolemy/actor/lib/test/auto/Multiplexor2.xml
----------------- Instantiating /home/travis/build/icyphy/ptII/ptolemy/actor/lib/test/auto/Multiplexor2.xml
5 ms. Memory: 439296K Free: 238560K (54%)
----------------- Invoking toplevel() on ptolemy.moml.MoMLSimpleApplication@605e21c3
----------------- Done invoking toplevel() on ptolemy.moml.MoMLSimpleApplication@605e21c3
reloadAllAccessors: .Multiplexor2

===========================================================================================
----------------- testing Wed Oct 06 02:06:40 UTC 2021 /home/travis/build/icyphy/ptII/ptolemy/actor/lib/test/auto/Multiplexor3.xml
----------------- Instantiating /home/travis/build/icyphy/ptII/ptolemy/actor/lib/test/auto/Multiplexor3.xml
2 ms. Memory: 439296K Free: 234464K (53%)
----------------- Invoking toplevel() on ptolemy.moml.MoMLSimpleApplication@3b8715af
----------------- Done invoking toplevel() on ptolemy.moml.MoMLSimpleApplication@3b8715af
reloadAllAccessors: .Multiplexor3

===========================================================================================
----------------- testing Wed Oct 06 02:06:40 UTC 2021 /home/travis/build/icyphy/ptII/ptolemy/actor/lib/test/auto/MultiplexorDE.xml
----------------- Instantiating /home/travis/build/icyphy/ptII/ptolemy/actor/lib/test/auto/MultiplexorDE.xml
2 ms. Memory: 439296K Free: 226776K (52%)
----------------- Invoking toplevel() on ptolemy.moml.MoMLSimpleApplication@67a6d57f
----------------- Done invoking toplevel() on ptolemy.moml.MoMLSimpleApplication@67a6d57f
reloadAllAccessors: .MultiplexorDE

===========================================================================================
----------------- testing Wed Oct 06 02:06:40 UTC 2021 /home/travis/build/icyphy/ptII/ptolemy/actor/lib/test/auto/MultiportBroadcastTest.xml
----------------- Instantiating /home/travis/build/icyphy/ptII/ptolemy/actor/lib/test/auto/MultiportBroadcastTest.xml
71 ms. Memory: 439296K Free: 220128K (50%)
----------------- Invoking toplevel() on ptolemy.moml.MoMLSimpleApplication@72993f3
----------------- Done invoking toplevel() on ptolemy.moml.MoMLSimpleApplication@72993f3
reloadAllAccessors: .MultiportBroadcastTest

===========================================================================================
----------------- testing Wed Oct 06 02:06:40 UTC 2021 /home/travis/build/icyphy/ptII/ptolemy/actor/lib/test/auto/MultiportOutHangDuringGetWidth.xml
----------------- Instantiating /home/travis/build/icyphy/ptII/ptolemy/actor/lib/test/auto/MultiportOutHangDuringGetWidth.xml
5 ms. Memory: 439296K Free: 208320K (47%)
----------------- Invoking toplevel() on ptolemy.moml.MoMLSimpleApplication@34866af0
----------------- Done invoking toplevel() on ptolemy.moml.MoMLSimpleApplication@34866af0
reloadAllAccessors: .MultiportOutHangDuringGetWidth

===========================================================================================
----------------- testing Wed Oct 06 02:06:40 UTC 2021 /home/travis/build/icyphy/ptII/ptolemy/actor/lib/test/auto/NilToken.xml
----------------- Instantiating /home/travis/build/icyphy/ptII/ptolemy/actor/lib/test/auto/NilToken.xml
1 ms. Memory: 439296K Free: 204254K (46%)
----------------- Invoking toplevel() on ptolemy.moml.MoMLSimpleApplication@74b8c0dd
----------------- Done invoking toplevel() on ptolemy.moml.MoMLSimpleApplication@74b8c0dd
reloadAllAccessors: .NilToken

===========================================================================================
----------------- testing Wed Oct 06 02:06:40 UTC 2021 /home/travis/build/icyphy/ptII/ptolemy/actor/lib/test/auto/NilTokenNonStrictTest.xml
----------------- Instantiating /home/travis/build/icyphy/ptII/ptolemy/actor/lib/test/auto/NilTokenNonStrictTest.xml
2 ms. Memory: 439296K Free: 199134K (45%)
----------------- Invoking toplevel() on ptolemy.moml.MoMLSimpleApplication@5eb6cd06
----------------- Done invoking toplevel() on ptolemy.moml.MoMLSimpleApplication@5eb6cd06
reloadAllAccessors: .NilTokenNonStrictTest

===========================================================================================
----------------- testing Wed Oct 06 02:06:40 UTC 2021 /home/travis/build/icyphy/ptII/ptolemy/actor/lib/test/auto/NilTokenRecord.xml
----------------- Instantiating /home/travis/build/icyphy/ptII/ptolemy/actor/lib/test/auto/NilTokenRecord.xml
5 ms. Memory: 439296K Free: 192480K (44%)
----------------- Invoking toplevel() on ptolemy.moml.MoMLSimpleApplication@3b62be11
----------------- Done invoking toplevel() on ptolemy.moml.MoMLSimpleApplication@3b62be11
reloadAllAccessors: .NilTokenRecord

===========================================================================================
----------------- testing Wed Oct 06 02:06:40 UTC 2021 /home/travis/build/icyphy/ptII/ptolemy/actor/lib/test/auto/NilTokenTypeTest.xml
----------------- Instantiating /home/travis/build/icyphy/ptII/ptolemy/actor/lib/test/auto/NilTokenTypeTest.xml
8 ms. Memory: 439296K Free: 182750K (42%)
----------------- Invoking toplevel() on ptolemy.moml.MoMLSimpleApplication@5a6eb52d
----------------- Done invoking toplevel() on ptolemy.moml.MoMLSimpleApplication@5a6eb52d
reloadAllAccessors: .NilTokenTypeTest

===========================================================================================
----------------- testing Wed Oct 06 02:06:40 UTC 2021 /home/travis/build/icyphy/ptII/ptolemy/actor/lib/test/auto/ObjectToken1.xml
----------------- Instantiating /home/travis/build/icyphy/ptII/ptolemy/actor/lib/test/auto/ObjectToken1.xml
3 ms. Memory: 439296K Free: 178654K (41%)
----------------- Invoking toplevel() on ptolemy.moml.MoMLSimpleApplication@2edebb2e
----------------- Done invoking toplevel() on ptolemy.moml.MoMLSimpleApplication@2edebb2e
reloadAllAccessors: .ObjectToken1

===========================================================================================
----------------- testing Wed Oct 06 02:06:40 UTC 2021 /home/travis/build/icyphy/ptII/ptolemy/actor/lib/test/auto/OrderedMerge.xml
----------------- Instantiating /home/travis/build/icyphy/ptII/ptolemy/actor/lib/test/auto/OrderedMerge.xml
7 ms. Memory: 439296K Free: 173534K (40%)
----------------- Invoking toplevel() on ptolemy.moml.MoMLSimpleApplication@18c2649c
----------------- Done invoking toplevel() on ptolemy.moml.MoMLSimpleApplication@18c2649c
reloadAllAccessors: .OrderedMerge

===========================================================================================
----------------- testing Wed Oct 06 02:06:40 UTC 2021 /home/travis/build/icyphy/ptII/ptolemy/actor/lib/test/auto/OrderedRecordDisassembler.xml
----------------- Instantiating /home/travis/build/icyphy/ptII/ptolemy/actor/lib/test/auto/OrderedRecordDisassembler.xml
3 ms. Memory: 439296K Free: 168384K (38%)
----------------- Invoking toplevel() on ptolemy.moml.MoMLSimpleApplication@698b5e65
----------------- Done invoking toplevel() on ptolemy.moml.MoMLSimpleApplication@698b5e65
reloadAllAccessors: .OrderedRecordDisassembler

===========================================================================================
----------------- testing Wed Oct 06 02:06:40 UTC 2021 /home/travis/build/icyphy/ptII/ptolemy/actor/lib/test/auto/OrderedRecordDisassembler2.xml
----------------- Instantiating /home/travis/build/icyphy/ptII/ptolemy/actor/lib/test/auto/OrderedRecordDisassembler2.xml
4 ms. Memory: 439296K Free: 160736K (37%)
----------------- Invoking toplevel() on ptolemy.moml.MoMLSimpleApplication@3d93f1af
----------------- Done invoking toplevel() on ptolemy.moml.MoMLSimpleApplication@3d93f1af
reloadAllAccessors: .OrderedRecordDisassembler2

===========================================================================================
----------------- testing Wed Oct 06 02:06:40 UTC 2021 /home/travis/build/icyphy/ptII/ptolemy/actor/lib/test/auto/OrderedRecordUpdater.xml
----------------- Instantiating /home/travis/build/icyphy/ptII/ptolemy/actor/lib/test/auto/OrderedRecordUpdater.xml
1 ms. Memory: 439296K Free: 156126K (36%)
----------------- Invoking toplevel() on ptolemy.moml.MoMLSimpleApplication@93aa7d4
----------------- Done invoking toplevel() on ptolemy.moml.MoMLSimpleApplication@93aa7d4
reloadAllAccessors: .RecordUpdater

===========================================================================================
----------------- testing Wed Oct 06 02:06:41 UTC 2021 /home/travis/build/icyphy/ptII/ptolemy/actor/lib/test/auto/OrderedRecordUpdater2.xml
----------------- Instantiating /home/travis/build/icyphy/ptII/ptolemy/actor/lib/test/auto/OrderedRecordUpdater2.xml
3 ms. Memory: 439296K Free: 151006K (34%)
----------------- Invoking toplevel() on ptolemy.moml.MoMLSimpleApplication@6cc2a7b2
----------------- Done invoking toplevel() on ptolemy.moml.MoMLSimpleApplication@6cc2a7b2
reloadAllAccessors: .RecordUpdater2

===========================================================================================
----------------- testing Wed Oct 06 02:06:41 UTC 2021 /home/travis/build/icyphy/ptII/ptolemy/actor/lib/test/auto/PhaseUnwrap.xml
----------------- Instantiating /home/travis/build/icyphy/ptII/ptolemy/actor/lib/test/auto/PhaseUnwrap.xml
1 ms. Memory: 439296K Free: 146400K (33%)
----------------- Invoking toplevel() on ptolemy.moml.MoMLSimpleApplication@6520b0d3
----------------- Done invoking toplevel() on ptolemy.moml.MoMLSimpleApplication@6520b0d3
reloadAllAccessors: .PhaseUnwrap

===========================================================================================
----------------- testing Wed Oct 06 02:06:41 UTC 2021 /home/travis/build/icyphy/ptII/ptolemy/actor/lib/test/auto/PoissonClock.xml
----------------- Instantiating /home/travis/build/icyphy/ptII/ptolemy/actor/lib/test/auto/PoissonClock.xml
1 ms. Memory: 439296K Free: 142814K (33%)
----------------- Invoking toplevel() on ptolemy.moml.MoMLSimpleApplication@2b7f3e89
----------------- Done invoking toplevel() on ptolemy.moml.MoMLSimpleApplication@2b7f3e89
reloadAllAccessors: .PoissonClock

===========================================================================================
----------------- testing Wed Oct 06 02:06:41 UTC 2021 /home/travis/build/icyphy/ptII/ptolemy/actor/lib/test/auto/PoissonClock2.xml
----------------- Instantiating /home/travis/build/icyphy/ptII/ptolemy/actor/lib/test/auto/PoissonClock2.xml
1 ms. Memory: 439296K Free: 138208K (31%)
----------------- Invoking toplevel() on ptolemy.moml.MoMLSimpleApplication@7139bbb8
----------------- Done invoking toplevel() on ptolemy.moml.MoMLSimpleApplication@7139bbb8
reloadAllAccessors: .PoissonClock2

===========================================================================================
----------------- testing Wed Oct 06 02:06:41 UTC 2021 /home/travis/build/icyphy/ptII/ptolemy/actor/lib/test/auto/PoissonClock3.xml
----------------- Instantiating /home/travis/build/icyphy/ptII/ptolemy/actor/lib/test/auto/PoissonClock3.xml
1 ms. Memory: 439296K Free: 133598K (30%)
----------------- Invoking toplevel() on ptolemy.moml.MoMLSimpleApplication@434290a0
----------------- Done invoking toplevel() on ptolemy.moml.MoMLSimpleApplication@434290a0
reloadAllAccessors: .PoissonClock3

===========================================================================================
----------------- testing Wed Oct 06 02:06:41 UTC 2021 /home/travis/build/icyphy/ptII/ptolemy/actor/lib/test/auto/PubSubWithInitialTokens.xml
----------------- Instantiating /home/travis/build/icyphy/ptII/ptolemy/actor/lib/test/auto/PubSubWithInitialTokens.xml
2 ms. Memory: 439296K Free: 387007K (88%)
----------------- Invoking toplevel() on ptolemy.moml.MoMLSimpleApplication@566238f6
----------------- Done invoking toplevel() on ptolemy.moml.MoMLSimpleApplication@566238f6
reloadAllAccessors: .PubSubWithInitialTokens

===========================================================================================
----------------- testing Wed Oct 06 02:06:41 UTC 2021 /home/travis/build/icyphy/ptII/ptolemy/actor/lib/test/auto/PubSubWithInitialTokens2.xml
----------------- Instantiating /home/travis/build/icyphy/ptII/ptolemy/actor/lib/test/auto/PubSubWithInitialTokens2.xml
1 ms. Memory: 439296K Free: 380863K (87%)
----------------- Invoking toplevel() on ptolemy.moml.MoMLSimpleApplication@7c96c4b8
----------------- Done invoking toplevel() on ptolemy.moml.MoMLSimpleApplication@7c96c4b8
reloadAllAccessors: .PubSubWithInitialTokens2

===========================================================================================
----------------- testing Wed Oct 06 02:06:41 UTC 2021 /home/travis/build/icyphy/ptII/ptolemy/actor/lib/test/auto/PublisherClassNoParameter.xml
----------------- Instantiating /home/travis/build/icyphy/ptII/ptolemy/actor/lib/test/auto/PublisherClassNoParameter.xml
1 ms. Memory: 439296K Free: 371119K (84%)
----------------- Invoking toplevel() on ptolemy.moml.MoMLSimpleApplication@3bce443c
----------------- Done invoking toplevel() on ptolemy.moml.MoMLSimpleApplication@3bce443c
reloadAllAccessors: .PublisherClassNoParameter

===========================================================================================
----------------- testing Wed Oct 06 02:06:41 UTC 2021 /home/travis/build/icyphy/ptII/ptolemy/actor/lib/test/auto/PublisherClassParameter.xml
----------------- Instantiating /home/travis/build/icyphy/ptII/ptolemy/actor/lib/test/auto/PublisherClassParameter.xml
1 ms. Memory: 439296K Free: 360893K (82%)
----------------- Invoking toplevel() on ptolemy.moml.MoMLSimpleApplication@2b9bdfc
----------------- Done invoking toplevel() on ptolemy.moml.MoMLSimpleApplication@2b9bdfc
reloadAllAccessors: .PublisherClassParameter

===========================================================================================
----------------- testing Wed Oct 06 02:06:41 UTC 2021 /home/travis/build/icyphy/ptII/ptolemy/actor/lib/test/auto/PublisherNonStrictTest.xml
----------------- Instantiating /home/travis/build/icyphy/ptII/ptolemy/actor/lib/test/auto/PublisherNonStrictTest.xml
2 ms. Memory: 439296K Free: 353215K (80%)
----------------- Invoking toplevel() on ptolemy.moml.MoMLSimpleApplication@2b9a6fb0
----------------- Done invoking toplevel() on ptolemy.moml.MoMLSimpleApplication@2b9a6fb0
reloadAllAccessors: .PublisherNonStrictTest

===========================================================================================
----------------- testing Wed Oct 06 02:06:41 UTC 2021 /home/travis/build/icyphy/ptII/ptolemy/actor/lib/test/auto/PublisherPort1.xml
----------------- Instantiating /home/travis/build/icyphy/ptII/ptolemy/actor/lib/test/auto/PublisherPort1.xml
1 ms. Memory: 439296K Free: 347567K (79%)
----------------- Invoking toplevel() on ptolemy.moml.MoMLSimpleApplication@60da781e
----------------- Done invoking toplevel() on ptolemy.moml.MoMLSimpleApplication@60da781e
reloadAllAccessors: .PublisherPort1

===========================================================================================
----------------- testing Wed Oct 06 02:06:41 UTC 2021 /home/travis/build/icyphy/ptII/ptolemy/actor/lib/test/auto/PublisherPort2.xml
----------------- Instantiating /home/travis/build/icyphy/ptII/ptolemy/actor/lib/test/auto/PublisherPort2.xml
1 ms. Memory: 439296K Free: 342461K (78%)
----------------- Invoking toplevel() on ptolemy.moml.MoMLSimpleApplication@5e651634
----------------- Done invoking toplevel() on ptolemy.moml.MoMLSimpleApplication@5e651634
reloadAllAccessors: .PublisherPort2

===========================================================================================
----------------- testing Wed Oct 06 02:06:41 UTC 2021 /home/travis/build/icyphy/ptII/ptolemy/actor/lib/test/auto/PublisherPort3.xml
----------------- Instantiating /home/travis/build/icyphy/ptII/ptolemy/actor/lib/test/auto/PublisherPort3.xml
10 ms. Memory: 439296K Free: 335807K (76%)
----------------- Invoking toplevel() on ptolemy.moml.MoMLSimpleApplication@48e15409
----------------- Done invoking toplevel() on ptolemy.moml.MoMLSimpleApplication@48e15409
reloadAllAccessors: .PublisherPort3

===========================================================================================
----------------- testing Wed Oct 06 02:06:41 UTC 2021 /home/travis/build/icyphy/ptII/ptolemy/actor/lib/test/auto/PublisherPort4.xml
----------------- Instantiating /home/travis/build/icyphy/ptII/ptolemy/actor/lib/test/auto/PublisherPort4.xml
1 ms. Memory: 439296K Free: 330687K (75%)
----------------- Invoking toplevel() on ptolemy.moml.MoMLSimpleApplication@56ad702b
----------------- Done invoking toplevel() on ptolemy.moml.MoMLSimpleApplication@56ad702b
reloadAllAccessors: .PublisherPort4

===========================================================================================
----------------- testing Wed Oct 06 02:06:41 UTC 2021 /home/travis/build/icyphy/ptII/ptolemy/actor/lib/test/auto/PublisherPort5.xml
----------------- Instantiating /home/travis/build/icyphy/ptII/ptolemy/actor/lib/test/auto/PublisherPort5.xml
2 ms. Memory: 439296K Free: 323005K (74%)
----------------- Invoking toplevel() on ptolemy.moml.MoMLSimpleApplication@31ecb99
----------------- Done invoking toplevel() on ptolemy.moml.MoMLSimpleApplication@31ecb99
reloadAllAccessors: .PublisherPort5

===========================================================================================
----------------- testing Wed Oct 06 02:06:41 UTC 2021 /home/travis/build/icyphy/ptII/ptolemy/actor/lib/test/auto/PublisherPort5LookAlike.xml
----------------- Instantiating /home/travis/build/icyphy/ptII/ptolemy/actor/lib/test/auto/PublisherPort5LookAlike.xml
6 ms. Memory: 439296K Free: 315327K (72%)
----------------- Invoking toplevel() on ptolemy.moml.MoMLSimpleApplication@3da8c4f
----------------- Done invoking toplevel() on ptolemy.moml.MoMLSimpleApplication@3da8c4f
reloadAllAccessors: .PublisherPort5LookAlike

===========================================================================================
----------------- testing Wed Oct 06 02:06:41 UTC 2021 /home/travis/build/icyphy/ptII/ptolemy/actor/lib/test/auto/PublisherPort6.xml
----------------- Instantiating /home/travis/build/icyphy/ptII/ptolemy/actor/lib/test/auto/PublisherPort6.xml
2 ms. Memory: 439296K Free: 308669K (70%)
----------------- Invoking toplevel() on ptolemy.moml.MoMLSimpleApplication@7acc3325
----------------- Done invoking toplevel() on ptolemy.moml.MoMLSimpleApplication@7acc3325
reloadAllAccessors: .PublisherPort6

===========================================================================================
----------------- testing Wed Oct 06 02:06:41 UTC 2021 /home/travis/build/icyphy/ptII/ptolemy/actor/lib/test/auto/PublisherPort7.xml
----------------- Instantiating /home/travis/build/icyphy/ptII/ptolemy/actor/lib/test/auto/PublisherPort7.xml
3 ms. Memory: 439296K Free: 300991K (69%)
----------------- Invoking toplevel() on ptolemy.moml.MoMLSimpleApplication@7b0b18d0
----------------- Done invoking toplevel() on ptolemy.moml.MoMLSimpleApplication@7b0b18d0
reloadAllAccessors: .PublisherPort7

===========================================================================================
----------------- testing Wed Oct 06 02:06:41 UTC 2021 /home/travis/build/icyphy/ptII/ptolemy/actor/lib/test/auto/PublisherPort8.xml
----------------- Instantiating /home/travis/build/icyphy/ptII/ptolemy/actor/lib/test/auto/PublisherPort8.xml
4 ms. Memory: 439296K Free: 292285K (67%)
----------------- Invoking toplevel() on ptolemy.moml.MoMLSimpleApplication@b7664bd
----------------- Done invoking toplevel() on ptolemy.moml.MoMLSimpleApplication@b7664bd
reloadAllAccessors: .PublisherPort8

===========================================================================================
----------------- testing Wed Oct 06 02:06:41 UTC 2021 /home/travis/build/icyphy/ptII/ptolemy/actor/lib/test/auto/PublisherPortSubscriberChannelVariablesAOC2.xml
----------------- Instantiating /home/travis/build/icyphy/ptII/ptolemy/actor/lib/test/auto/PublisherPortSubscriberChannelVariablesAOC2.xml
3 ms. Memory: 439296K Free: 274367K (62%)
----------------- Invoking toplevel() on ptolemy.moml.MoMLSimpleApplication@10411c1b
----------------- Done invoking toplevel() on ptolemy.moml.MoMLSimpleApplication@10411c1b
reloadAllAccessors: .PublisherPortSubscriberChannelVariablesAOC2

===========================================================================================
----------------- testing Wed Oct 06 02:06:41 UTC 2021 /home/travis/build/icyphy/ptII/ptolemy/actor/lib/test/auto/PublisherPortSubscriberOpaqueWidthInference.xml
----------------- Instantiating /home/travis/build/icyphy/ptII/ptolemy/actor/lib/test/auto/PublisherPortSubscriberOpaqueWidthInference.xml
3 ms. Memory: 439296K Free: 266175K (61%)
----------------- Invoking toplevel() on ptolemy.moml.MoMLSimpleApplication@4f6bd552
----------------- Done invoking toplevel() on ptolemy.moml.MoMLSimpleApplication@4f6bd552
reloadAllAccessors: .PublisherPortSubscriberOpaqueWidthInference

===========================================================================================
----------------- testing Wed Oct 06 02:06:41 UTC 2021 /home/travis/build/icyphy/ptII/ptolemy/actor/lib/test/auto/PublisherPortSubscriberPortAdjacent.xml
----------------- Instantiating /home/travis/build/icyphy/ptII/ptolemy/actor/lib/test/auto/PublisherPortSubscriberPortAdjacent.xml
1 ms. Memory: 439296K Free: 258493K (59%)
----------------- Invoking toplevel() on ptolemy.moml.MoMLSimpleApplication@6d60d6a1
----------------- Done invoking toplevel() on ptolemy.moml.MoMLSimpleApplication@6d60d6a1
reloadAllAccessors: .PublisherPortSubscriberPortAdjacent

===========================================================================================
----------------- testing Wed Oct 06 02:06:41 UTC 2021 /home/travis/build/icyphy/ptII/ptolemy/actor/lib/test/auto/PublisherPortSubscriberPortExpression.xml
----------------- Instantiating /home/travis/build/icyphy/ptII/ptolemy/actor/lib/test/auto/PublisherPortSubscriberPortExpression.xml
3 ms. Memory: 439296K Free: 250815K (57%)
----------------- Invoking toplevel() on ptolemy.moml.MoMLSimpleApplication@1a163bf9
----------------- Done invoking toplevel() on ptolemy.moml.MoMLSimpleApplication@1a163bf9
reloadAllAccessors: .PublisherPortSubscriberPortExpression

===========================================================================================
----------------- testing Wed Oct 06 02:06:41 UTC 2021 /home/travis/build/icyphy/ptII/ptolemy/actor/lib/test/auto/PublisherPortSubscriberPortOpaqueD3Reverse.xml
----------------- Instantiating /home/travis/build/icyphy/ptII/ptolemy/actor/lib/test/auto/PublisherPortSubscriberPortOpaqueD3Reverse.xml
5 ms. Memory: 439296K Free: 240575K (55%)
----------------- Invoking toplevel() on ptolemy.moml.MoMLSimpleApplication@530ed8c5
----------------- Done invoking toplevel() on ptolemy.moml.MoMLSimpleApplication@530ed8c5
reloadAllAccessors: .PublisherPortSubscriberPortOpaqueD3Reverse

===========================================================================================
----------------- testing Wed Oct 06 02:06:41 UTC 2021 /home/travis/build/icyphy/ptII/ptolemy/actor/lib/test/auto/PublisherPortSubscriberPortOpaqueWidthInference.xml
----------------- Instantiating /home/travis/build/icyphy/ptII/ptolemy/actor/lib/test/auto/PublisherPortSubscriberPortOpaqueWidthInference.xml
3 ms. Memory: 439296K Free: 232383K (53%)
----------------- Invoking toplevel() on ptolemy.moml.MoMLSimpleApplication@5bbe43cb
----------------- Done invoking toplevel() on ptolemy.moml.MoMLSimpleApplication@5bbe43cb
reloadAllAccessors: .PublisherPortSubscriberPortOpaqueWidthInference

===========================================================================================
----------------- testing Wed Oct 06 02:06:41 UTC 2021 /home/travis/build/icyphy/ptII/ptolemy/actor/lib/test/auto/PublisherPortToplevelSubscriberPortAOC.xml
----------------- Instantiating /home/travis/build/icyphy/ptII/ptolemy/actor/lib/test/auto/PublisherPortToplevelSubscriberPortAOC.xml
.PublisherPortToplevelSubscriberPortAOC.TestExceptionAttribute: initialize() was not invoked, but wrapup() was.  This is unusual, but not always a problem.  For example, exporting JNLP will do this.
0 ms. Memory: 439296K Free: 226749K (52%)
----------------- Invoking toplevel() on ptolemy.moml.MoMLSimpleApplication@1d44e3e7
----------------- Done invoking toplevel() on ptolemy.moml.MoMLSimpleApplication@1d44e3e7
reloadAllAccessors: .PublisherPortToplevelSubscriberPortAOC

===========================================================================================
----------------- testing Wed Oct 06 02:06:41 UTC 2021 /home/travis/build/icyphy/ptII/ptolemy/actor/lib/test/auto/PublisherSubscriber.xml
----------------- Instantiating /home/travis/build/icyphy/ptII/ptolemy/actor/lib/test/auto/PublisherSubscriber.xml
2 ms. Memory: 439296K Free: 219551K (50%)
----------------- Invoking toplevel() on ptolemy.moml.MoMLSimpleApplication@1440ccaa
----------------- Done invoking toplevel() on ptolemy.moml.MoMLSimpleApplication@1440ccaa
reloadAllAccessors: .PublisherSubscriber

===========================================================================================
----------------- testing Wed Oct 06 02:06:41 UTC 2021 /home/travis/build/icyphy/ptII/ptolemy/actor/lib/test/auto/PublisherSubscriber10.xml
----------------- Instantiating /home/travis/build/icyphy/ptII/ptolemy/actor/lib/test/auto/PublisherSubscriber10.xml
4 ms. Memory: 439296K Free: 209855K (48%)
----------------- Invoking toplevel() on ptolemy.moml.MoMLSimpleApplication@799312b4
----------------- Done invoking toplevel() on ptolemy.moml.MoMLSimpleApplication@799312b4
reloadAllAccessors: .PublisherSubscriber10

===========================================================================================
----------------- testing Wed Oct 06 02:06:41 UTC 2021 /home/travis/build/icyphy/ptII/ptolemy/actor/lib/test/auto/PublisherSubscriber10InitialOutputs.xml
----------------- Instantiating /home/travis/build/icyphy/ptII/ptolemy/actor/lib/test/auto/PublisherSubscriber10InitialOutputs.xml
12 ms. Memory: 439296K Free: 200639K (46%)
----------------- Invoking toplevel() on ptolemy.moml.MoMLSimpleApplication@5024fac2
----------------- Done invoking toplevel() on ptolemy.moml.MoMLSimpleApplication@5024fac2
reloadAllAccessors: .PublisherSubscriber10InitialOutputs

===========================================================================================
----------------- testing Wed Oct 06 02:06:41 UTC 2021 /home/travis/build/icyphy/ptII/ptolemy/actor/lib/test/auto/PublisherSubscriber11.xml
----------------- Instantiating /home/travis/build/icyphy/ptII/ptolemy/actor/lib/test/auto/PublisherSubscriber11.xml
2 ms. Memory: 439296K Free: 194495K (44%)
----------------- Invoking toplevel() on ptolemy.moml.MoMLSimpleApplication@418b9281
----------------- Done invoking toplevel() on ptolemy.moml.MoMLSimpleApplication@418b9281
reloadAllAccessors: .PublisherSubscriber11

===========================================================================================
----------------- testing Wed Oct 06 02:06:41 UTC 2021 /home/travis/build/icyphy/ptII/ptolemy/actor/lib/test/auto/PublisherSubscriber12.xml
----------------- Instantiating /home/travis/build/icyphy/ptII/ptolemy/actor/lib/test/auto/PublisherSubscriber12.xml
4 ms. Memory: 439296K Free: 187327K (43%)
----------------- Invoking toplevel() on ptolemy.moml.MoMLSimpleApplication@2b7304c2
----------------- Done invoking toplevel() on ptolemy.moml.MoMLSimpleApplication@2b7304c2
reloadAllAccessors: .PublisherSubscriber12

===========================================================================================
----------------- testing Wed Oct 06 02:06:41 UTC 2021 /home/travis/build/icyphy/ptII/ptolemy/actor/lib/test/auto/PublisherSubscriber13.xml
----------------- Instantiating /home/travis/build/icyphy/ptII/ptolemy/actor/lib/test/auto/PublisherSubscriber13.xml
2 ms. Memory: 439296K Free: 182207K (41%)
----------------- Invoking toplevel() on ptolemy.moml.MoMLSimpleApplication@6e00fd15
----------------- Done invoking toplevel() on ptolemy.moml.MoMLSimpleApplication@6e00fd15
reloadAllAccessors: .PublisherSubscriber13

===========================================================================================
----------------- testing Wed Oct 06 02:06:41 UTC 2021 /home/travis/build/icyphy/ptII/ptolemy/actor/lib/test/auto/PublisherSubscriber14.xml
----------------- Instantiating /home/travis/build/icyphy/ptII/ptolemy/actor/lib/test/auto/PublisherSubscriber14.xml
1 ms. Memory: 439296K Free: 173487K (39%)
----------------- Invoking toplevel() on ptolemy.moml.MoMLSimpleApplication@11bf9260
----------------- Done invoking toplevel() on ptolemy.moml.MoMLSimpleApplication@11bf9260
reloadAllAccessors: .PublisherSubscriber14

===========================================================================================
----------------- testing Wed Oct 06 02:06:41 UTC 2021 /home/travis/build/icyphy/ptII/ptolemy/actor/lib/test/auto/PublisherSubscriber2.xml
----------------- Instantiating /home/travis/build/icyphy/ptII/ptolemy/actor/lib/test/auto/PublisherSubscriber2.xml
2 ms. Memory: 439296K Free: 167871K (38%)
----------------- Invoking toplevel() on ptolemy.moml.MoMLSimpleApplication@56d2b5d4
----------------- Done invoking toplevel() on ptolemy.moml.MoMLSimpleApplication@56d2b5d4
reloadAllAccessors: .PublisherSubscriber2

===========================================================================================
----------------- testing Wed Oct 06 02:06:41 UTC 2021 /home/travis/build/icyphy/ptII/ptolemy/actor/lib/test/auto/PublisherSubscriber3.xml
----------------- Instantiating /home/travis/build/icyphy/ptII/ptolemy/actor/lib/test/auto/PublisherSubscriber3.xml
1 ms. Memory: 439296K Free: 162207K (37%)
----------------- Invoking toplevel() on ptolemy.moml.MoMLSimpleApplication@6a411f2d
----------------- Done invoking toplevel() on ptolemy.moml.MoMLSimpleApplication@6a411f2d
reloadAllAccessors: .PublisherSubscriber3

===========================================================================================
----------------- testing Wed Oct 06 02:06:41 UTC 2021 /home/travis/build/icyphy/ptII/ptolemy/actor/lib/test/auto/PublisherSubscriber4.xml
----------------- Instantiating /home/travis/build/icyphy/ptII/ptolemy/actor/lib/test/auto/PublisherSubscriber4.xml
1 ms. Memory: 439296K Free: 156607K (36%)
----------------- Invoking toplevel() on ptolemy.moml.MoMLSimpleApplication@339d2060
----------------- Done invoking toplevel() on ptolemy.moml.MoMLSimpleApplication@339d2060
reloadAllAccessors: .PublisherSubscriber4

===========================================================================================
----------------- testing Wed Oct 06 02:06:41 UTC 2021 /home/travis/build/icyphy/ptII/ptolemy/actor/lib/test/auto/PublisherSubscriber5.xml
----------------- Instantiating /home/travis/build/icyphy/ptII/ptolemy/actor/lib/test/auto/PublisherSubscriber5.xml
2 ms. Memory: 439296K Free: 149935K (34%)
----------------- Invoking toplevel() on ptolemy.moml.MoMLSimpleApplication@4d3956bc
----------------- Done invoking toplevel() on ptolemy.moml.MoMLSimpleApplication@4d3956bc
reloadAllAccessors: .PublisherSubscriber5

===========================================================================================
----------------- testing Wed Oct 06 02:06:41 UTC 2021 /home/travis/build/icyphy/ptII/ptolemy/actor/lib/test/auto/PublisherSubscriber6.xml
----------------- Instantiating /home/travis/build/icyphy/ptII/ptolemy/actor/lib/test/auto/PublisherSubscriber6.xml
3 ms. Memory: 439296K Free: 143295K (33%)
----------------- Invoking toplevel() on ptolemy.moml.MoMLSimpleApplication@23ed91fd
----------------- Done invoking toplevel() on ptolemy.moml.MoMLSimpleApplication@23ed91fd
reloadAllAccessors: .PublisherSubscriber6

===========================================================================================
----------------- testing Wed Oct 06 02:06:41 UTC 2021 /home/travis/build/icyphy/ptII/ptolemy/actor/lib/test/auto/PublisherSubscriber7.xml
----------------- Instantiating /home/travis/build/icyphy/ptII/ptolemy/actor/lib/test/auto/PublisherSubscriber7.xml
6 ms. Memory: 439296K Free: 136637K (31%)
----------------- Invoking toplevel() on ptolemy.moml.MoMLSimpleApplication@2e0b2007
----------------- Done invoking toplevel() on ptolemy.moml.MoMLSimpleApplication@2e0b2007
reloadAllAccessors: .PublisherSubscriber7

===========================================================================================
----------------- testing Wed Oct 06 02:06:41 UTC 2021 /home/travis/build/icyphy/ptII/ptolemy/actor/lib/test/auto/PublisherSubscriber8.xml
----------------- Instantiating /home/travis/build/icyphy/ptII/ptolemy/actor/lib/test/auto/PublisherSubscriber8.xml
16 ms. Memory: 439296K Free: 383499K (87%)
----------------- Invoking toplevel() on ptolemy.moml.MoMLSimpleApplication@6a2c320c
----------------- Done invoking toplevel() on ptolemy.moml.MoMLSimpleApplication@6a2c320c
reloadAllAccessors: .PublisherSubscriber8

===========================================================================================
----------------- testing Wed Oct 06 02:06:41 UTC 2021 /home/travis/build/icyphy/ptII/ptolemy/actor/lib/test/auto/PublisherSubscriber9.xml
----------------- Instantiating /home/travis/build/icyphy/ptII/ptolemy/actor/lib/test/auto/PublisherSubscriber9.xml
2 ms. Memory: 439296K Free: 376331K (86%)
----------------- Invoking toplevel() on ptolemy.moml.MoMLSimpleApplication@232e8d68
----------------- Done invoking toplevel() on ptolemy.moml.MoMLSimpleApplication@232e8d68
reloadAllAccessors: .PublisherSubscriber9

===========================================================================================
----------------- testing Wed Oct 06 02:06:41 UTC 2021 /home/travis/build/icyphy/ptII/ptolemy/actor/lib/test/auto/PublisherSubscriberAdjacent.xml
----------------- Instantiating /home/travis/build/icyphy/ptII/ptolemy/actor/lib/test/auto/PublisherSubscriberAdjacent.xml
2 ms. Memory: 439296K Free: 368139K (84%)
----------------- Invoking toplevel() on ptolemy.moml.MoMLSimpleApplication@63c3829f
----------------- Done invoking toplevel() on ptolemy.moml.MoMLSimpleApplication@63c3829f
reloadAllAccessors: .PublisherSubscriberAdjacent

===========================================================================================
----------------- testing Wed Oct 06 02:06:41 UTC 2021 /home/travis/build/icyphy/ptII/ptolemy/actor/lib/test/auto/PublisherSubscriberChannelVariablesAOC2.xml
----------------- Instantiating /home/travis/build/icyphy/ptII/ptolemy/actor/lib/test/auto/PublisherSubscriberChannelVariablesAOC2.xml
2 ms. Memory: 439296K Free: 353803K (81%)
----------------- Invoking toplevel() on ptolemy.moml.MoMLSimpleApplication@68576f63
----------------- Done invoking toplevel() on ptolemy.moml.MoMLSimpleApplication@68576f63
reloadAllAccessors: .PublisherSubscriberChannelVariablesAOC2

===========================================================================================
----------------- testing Wed Oct 06 02:06:41 UTC 2021 /home/travis/build/icyphy/ptII/ptolemy/actor/lib/test/auto/PublisherSubscriberD3.xml
----------------- Instantiating /home/travis/build/icyphy/ptII/ptolemy/actor/lib/test/auto/PublisherSubscriberD3.xml
2 ms. Memory: 439296K Free: 346635K (79%)
----------------- Invoking toplevel() on ptolemy.moml.MoMLSimpleApplication@76723c1
----------------- Done invoking toplevel() on ptolemy.moml.MoMLSimpleApplication@76723c1
reloadAllAccessors: .PublisherSubscriberD3

===========================================================================================
----------------- testing Wed Oct 06 02:06:41 UTC 2021 /home/travis/build/icyphy/ptII/ptolemy/actor/lib/test/auto/PublisherSubscriberD3Reverse.xml
----------------- Instantiating /home/travis/build/icyphy/ptII/ptolemy/actor/lib/test/auto/PublisherSubscriberD3Reverse.xml
2 ms. Memory: 439296K Free: 340491K (78%)
----------------- Invoking toplevel() on ptolemy.moml.MoMLSimpleApplication@725446f2
----------------- Done invoking toplevel() on ptolemy.moml.MoMLSimpleApplication@725446f2
reloadAllAccessors: .PublisherSubscriberD3Reverse

===========================================================================================
----------------- testing Wed Oct 06 02:06:41 UTC 2021 /home/travis/build/icyphy/ptII/ptolemy/actor/lib/test/auto/PublisherSubscriberExpression.xml
----------------- Instantiating /home/travis/build/icyphy/ptII/ptolemy/actor/lib/test/auto/PublisherSubscriberExpression.xml
3 ms. Memory: 439296K Free: 332299K (76%)
----------------- Invoking toplevel() on ptolemy.moml.MoMLSimpleApplication@365a0f04
----------------- Done invoking toplevel() on ptolemy.moml.MoMLSimpleApplication@365a0f04
reloadAllAccessors: .PublisherSubscriberExpression

===========================================================================================
----------------- testing Wed Oct 06 02:06:41 UTC 2021 /home/travis/build/icyphy/ptII/ptolemy/actor/lib/test/auto/PublisherSubscriberOpaque.xml
----------------- Instantiating /home/travis/build/icyphy/ptII/ptolemy/actor/lib/test/auto/PublisherSubscriberOpaque.xml
4 ms. Memory: 439296K Free: 324107K (74%)
----------------- Invoking toplevel() on ptolemy.moml.MoMLSimpleApplication@6f4f5d80
----------------- Done invoking toplevel() on ptolemy.moml.MoMLSimpleApplication@6f4f5d80
reloadAllAccessors: .PublisherSubscriberOpaque

===========================================================================================
----------------- testing Wed Oct 06 02:06:41 UTC 2021 /home/travis/build/icyphy/ptII/ptolemy/actor/lib/test/auto/PublisherSubscriberOpaqueD3.xml
----------------- Instantiating /home/travis/build/icyphy/ptII/ptolemy/actor/lib/test/auto/PublisherSubscriberOpaqueD3.xml
5 ms. Memory: 439296K Free: 312843K (71%)
----------------- Invoking toplevel() on ptolemy.moml.MoMLSimpleApplication@18e800d6
----------------- Done invoking toplevel() on ptolemy.moml.MoMLSimpleApplication@18e800d6
reloadAllAccessors: .PublisherSubscriberOpaqueD3

===========================================================================================
----------------- testing Wed Oct 06 02:06:41 UTC 2021 /home/travis/build/icyphy/ptII/ptolemy/actor/lib/test/auto/PublisherSubscriberOpaqueD3Reverse.xml
----------------- Instantiating /home/travis/build/icyphy/ptII/ptolemy/actor/lib/test/auto/PublisherSubscriberOpaqueD3Reverse.xml
6 ms. Memory: 439296K Free: 302089K (69%)
----------------- Invoking toplevel() on ptolemy.moml.MoMLSimpleApplication@92b68cb
----------------- Done invoking toplevel() on ptolemy.moml.MoMLSimpleApplication@92b68cb
reloadAllAccessors: .PublisherSubscriberOpaqueD3Reverse

===========================================================================================
----------------- testing Wed Oct 06 02:06:41 UTC 2021 /home/travis/build/icyphy/ptII/ptolemy/actor/lib/test/auto/PublisherSubscriberOpaqueWidthInference.xml
----------------- Instantiating /home/travis/build/icyphy/ptII/ptolemy/actor/lib/test/auto/PublisherSubscriberOpaqueWidthInference.xml
3 ms. Memory: 439296K Free: 293882K (67%)
----------------- Invoking toplevel() on ptolemy.moml.MoMLSimpleApplication@542faa72
----------------- Done invoking toplevel() on ptolemy.moml.MoMLSimpleApplication@542faa72
reloadAllAccessors: .PublisherSubscriberOpaqueWidthInference

===========================================================================================
----------------- testing Wed Oct 06 02:06:41 UTC 2021 /home/travis/build/icyphy/ptII/ptolemy/actor/lib/test/auto/PublisherTestSubscriber.xml
----------------- Instantiating /home/travis/build/icyphy/ptII/ptolemy/actor/lib/test/auto/PublisherTestSubscriber.xml
3 ms. Memory: 439296K Free: 286219K (65%)
----------------- Invoking toplevel() on ptolemy.moml.MoMLSimpleApplication@311bad6a
----------------- Done invoking toplevel() on ptolemy.moml.MoMLSimpleApplication@311bad6a
reloadAllAccessors: .PublisherTestSubscriber

===========================================================================================
----------------- testing Wed Oct 06 02:06:41 UTC 2021 /home/travis/build/icyphy/ptII/ptolemy/actor/lib/test/auto/PublisherToplevelSubscriberPortAOC.xml
----------------- Instantiating /home/travis/build/icyphy/ptII/ptolemy/actor/lib/test/auto/PublisherToplevelSubscriberPortAOC.xml
2 ms. Memory: 439296K Free: 279530K (64%)
----------------- Invoking toplevel() on ptolemy.moml.MoMLSimpleApplication@42c7670e
----------------- Done invoking toplevel() on ptolemy.moml.MoMLSimpleApplication@42c7670e
reloadAllAccessors: .PublisherToplevelSubscriberPortAOC

===========================================================================================
----------------- testing Wed Oct 06 02:06:41 UTC 2021 /home/travis/build/icyphy/ptII/ptolemy/actor/lib/test/auto/PulseFiringLimitDE.xml
----------------- Instantiating /home/travis/build/icyphy/ptII/ptolemy/actor/lib/test/auto/PulseFiringLimitDE.xml
1 ms. Memory: 439296K Free: 273417K (62%)
----------------- Invoking toplevel() on ptolemy.moml.MoMLSimpleApplication@6669c02d
----------------- Done invoking toplevel() on ptolemy.moml.MoMLSimpleApplication@6669c02d
reloadAllAccessors: .PulseFiringLimitDE

===========================================================================================
----------------- testing Wed Oct 06 02:06:41 UTC 2021 /home/travis/build/icyphy/ptII/ptolemy/actor/lib/test/auto/Ramp1.xml
----------------- Instantiating /home/travis/build/icyphy/ptII/ptolemy/actor/lib/test/auto/Ramp1.xml
1 ms. Memory: 439296K Free: 269314K (61%)
----------------- Invoking toplevel() on ptolemy.moml.MoMLSimpleApplication@35855142
----------------- Done invoking toplevel() on ptolemy.moml.MoMLSimpleApplication@35855142
reloadAllAccessors: .Ramp1

===========================================================================================
----------------- testing Wed Oct 06 02:06:41 UTC 2021 /home/travis/build/icyphy/ptII/ptolemy/actor/lib/test/auto/RampFiringLimitDE.xml
----------------- Instantiating /home/travis/build/icyphy/ptII/ptolemy/actor/lib/test/auto/RampFiringLimitDE.xml
3 ms. Memory: 439296K Free: 263162K (60%)
----------------- Invoking toplevel() on ptolemy.moml.MoMLSimpleApplication@2b6b10a1
----------------- Done invoking toplevel() on ptolemy.moml.MoMLSimpleApplication@2b6b10a1
reloadAllAccessors: .RampFiringLimitDE

===========================================================================================
----------------- testing Wed Oct 06 02:06:41 UTC 2021 /home/travis/build/icyphy/ptII/ptolemy/actor/lib/test/auto/RampFiringLimitSDF.xml
----------------- Instantiating /home/travis/build/icyphy/ptII/ptolemy/actor/lib/test/auto/RampFiringLimitSDF.xml
1 ms. Memory: 439296K Free: 258026K (59%)
----------------- Invoking toplevel() on ptolemy.moml.MoMLSimpleApplication@66c822bc
----------------- Done invoking toplevel() on ptolemy.moml.MoMLSimpleApplication@66c822bc
reloadAllAccessors: .RampFiringLimitSDF

===========================================================================================
----------------- testing Wed Oct 06 02:06:41 UTC 2021 /home/travis/build/icyphy/ptII/ptolemy/actor/lib/test/auto/RandomInteger.xml
----------------- Instantiating /home/travis/build/icyphy/ptII/ptolemy/actor/lib/test/auto/RandomInteger.xml
1 ms. Memory: 439296K Free: 253961K (58%)
----------------- Invoking toplevel() on ptolemy.moml.MoMLSimpleApplication@4a638577
----------------- Done invoking toplevel() on ptolemy.moml.MoMLSimpleApplication@4a638577
reloadAllAccessors: .RandomInteger

===========================================================================================
----------------- testing Wed Oct 06 02:06:41 UTC 2021 /home/travis/build/icyphy/ptII/ptolemy/actor/lib/test/auto/ReadFile1.xml
----------------- Instantiating /home/travis/build/icyphy/ptII/ptolemy/actor/lib/test/auto/ReadFile1.xml
1 ms. Memory: 439296K Free: 249355K (57%)
----------------- Invoking toplevel() on ptolemy.moml.MoMLSimpleApplication@75a1eba
----------------- Done invoking toplevel() on ptolemy.moml.MoMLSimpleApplication@75a1eba
reloadAllAccessors: .ReadFile1

===========================================================================================
----------------- testing Wed Oct 06 02:06:41 UTC 2021 /home/travis/build/icyphy/ptII/ptolemy/actor/lib/test/auto/ReadFile2.xml
----------------- Instantiating /home/travis/build/icyphy/ptII/ptolemy/actor/lib/test/auto/ReadFile2.xml
1 ms. Memory: 439296K Free: 245259K (56%)
----------------- Invoking toplevel() on ptolemy.moml.MoMLSimpleApplication@384ce430
----------------- Done invoking toplevel() on ptolemy.moml.MoMLSimpleApplication@384ce430
reloadAllAccessors: .ReadFile2

===========================================================================================
----------------- testing Wed Oct 06 02:06:41 UTC 2021 /home/travis/build/icyphy/ptII/ptolemy/actor/lib/test/auto/Reader.xml
----------------- Instantiating /home/travis/build/icyphy/ptII/ptolemy/actor/lib/test/auto/Reader.xml
actor.lib.Reader is obsolete, use actor.lib.io.ExpressionReader instead
3 ms. Memory: 439296K Free: 241163K (55%)
----------------- Invoking toplevel() on ptolemy.moml.MoMLSimpleApplication@12068fc6
----------------- Done invoking toplevel() on ptolemy.moml.MoMLSimpleApplication@12068fc6
reloadAllAccessors: .Reader

===========================================================================================
----------------- testing Wed Oct 06 02:06:41 UTC 2021 /home/travis/build/icyphy/ptII/ptolemy/actor/lib/test/auto/RecordAssemblerDisplayNameTest.xml
----------------- Instantiating /home/travis/build/icyphy/ptII/ptolemy/actor/lib/test/auto/RecordAssemblerDisplayNameTest.xml
3053 ms. Memory: 439296K Free: 336731K (77%)
----------------- Invoking toplevel() on ptolemy.moml.MoMLSimpleApplication@77326e06
----------------- Done invoking toplevel() on ptolemy.moml.MoMLSimpleApplication@77326e06
reloadAllAccessors: .RecordAssemblerDisplayNameTest

===========================================================================================
----------------- testing Wed Oct 06 02:06:45 UTC 2021 /home/travis/build/icyphy/ptII/ptolemy/actor/lib/test/auto/RecordAssemblerTypeError.xml
----------------- Instantiating /home/travis/build/icyphy/ptII/ptolemy/actor/lib/test/auto/RecordAssemblerTypeError.xml
15 ms. Memory: 439296K Free: 327001K (74%)
----------------- Invoking toplevel() on ptolemy.moml.MoMLSimpleApplication@fd23ac2
----------------- Done invoking toplevel() on ptolemy.moml.MoMLSimpleApplication@fd23ac2
reloadAllAccessors: .RecordAssemblerTypeError

===========================================================================================
----------------- testing Wed Oct 06 02:06:45 UTC 2021 /home/travis/build/icyphy/ptII/ptolemy/actor/lib/test/auto/RecordDisassember.xml
----------------- Instantiating /home/travis/build/icyphy/ptII/ptolemy/actor/lib/test/auto/RecordDisassember.xml
3 ms. Memory: 439296K Free: 322395K (73%)
----------------- Invoking toplevel() on ptolemy.moml.MoMLSimpleApplication@6420cc5e
----------------- Done invoking toplevel() on ptolemy.moml.MoMLSimpleApplication@6420cc5e
reloadAllAccessors: .RecordDisassember

===========================================================================================
----------------- testing Wed Oct 06 02:06:45 UTC 2021 /home/travis/build/icyphy/ptII/ptolemy/actor/lib/test/auto/RecordDisassemberDisplayNameTest.xml
----------------- Instantiating /home/travis/build/icyphy/ptII/ptolemy/actor/lib/test/auto/RecordDisassemberDisplayNameTest.xml
5 ms. Memory: 439296K Free: 314203K (72%)
----------------- Invoking toplevel() on ptolemy.moml.MoMLSimpleApplication@649cc46
----------------- Done invoking toplevel() on ptolemy.moml.MoMLSimpleApplication@649cc46
reloadAllAccessors: .RecordDisassemberDisplayNameTest

===========================================================================================
----------------- testing Wed Oct 06 02:06:45 UTC 2021 /home/travis/build/icyphy/ptII/ptolemy/actor/lib/test/auto/RecordDisassembler.xml
----------------- Instantiating /home/travis/build/icyphy/ptII/ptolemy/actor/lib/test/auto/RecordDisassembler.xml
2 ms. Memory: 439296K Free: 309083K (70%)
----------------- Invoking toplevel() on ptolemy.moml.MoMLSimpleApplication@1a4c201d
----------------- Done invoking toplevel() on ptolemy.moml.MoMLSimpleApplication@1a4c201d
reloadAllAccessors: .RecordDisassembler

===========================================================================================
----------------- testing Wed Oct 06 02:06:45 UTC 2021 /home/travis/build/icyphy/ptII/ptolemy/actor/lib/test/auto/RecordDisassembler2.xml
----------------- Instantiating /home/travis/build/icyphy/ptII/ptolemy/actor/lib/test/auto/RecordDisassembler2.xml
2 ms. Memory: 439296K Free: 303963K (69%)
----------------- Invoking toplevel() on ptolemy.moml.MoMLSimpleApplication@b84086c
----------------- Done invoking toplevel() on ptolemy.moml.MoMLSimpleApplication@b84086c
reloadAllAccessors: .RecordDisassembler2

===========================================================================================
----------------- testing Wed Oct 06 02:06:45 UTC 2021 /home/travis/build/icyphy/ptII/ptolemy/actor/lib/test/auto/RecordUpdater.xml
----------------- Instantiating /home/travis/build/icyphy/ptII/ptolemy/actor/lib/test/auto/RecordUpdater.xml
2 ms. Memory: 439296K Free: 299353K (68%)
----------------- Invoking toplevel() on ptolemy.moml.MoMLSimpleApplication@3aeea053
----------------- Done invoking toplevel() on ptolemy.moml.MoMLSimpleApplication@3aeea053
reloadAllAccessors: .RecordUpdater

===========================================================================================
----------------- testing Wed Oct 06 02:06:45 UTC 2021 /home/travis/build/icyphy/ptII/ptolemy/actor/lib/test/auto/RecordUpdater2.xml
----------------- Instantiating /home/travis/build/icyphy/ptII/ptolemy/actor/lib/test/auto/RecordUpdater2.xml
1 ms. Memory: 439296K Free: 294233K (67%)
----------------- Invoking toplevel() on ptolemy.moml.MoMLSimpleApplication@6413caf6
----------------- Done invoking toplevel() on ptolemy.moml.MoMLSimpleApplication@6413caf6
reloadAllAccessors: .RecordUpdater2

===========================================================================================
----------------- testing Wed Oct 06 02:06:45 UTC 2021 /home/travis/build/icyphy/ptII/ptolemy/actor/lib/test/auto/RecursiveLattice.xml
----------------- Instantiating /home/travis/build/icyphy/ptII/ptolemy/actor/lib/test/auto/RecursiveLattice.xml
1 ms. Memory: 439296K Free: 290137K (66%)
----------------- Invoking toplevel() on ptolemy.moml.MoMLSimpleApplication@62ccc821
----------------- Done invoking toplevel() on ptolemy.moml.MoMLSimpleApplication@62ccc821
reloadAllAccessors: .RecursiveLattice

===========================================================================================
----------------- testing Wed Oct 06 02:06:45 UTC 2021 /home/travis/build/icyphy/ptII/ptolemy/actor/lib/test/auto/Router.xml
----------------- Instantiating /home/travis/build/icyphy/ptII/ptolemy/actor/lib/test/auto/Router.xml
3004 ms. Memory: 439296K Free: 279897K (64%)
----------------- Invoking toplevel() on ptolemy.moml.MoMLSimpleApplication@4a32b1ec
----------------- Done invoking toplevel() on ptolemy.moml.MoMLSimpleApplication@4a32b1ec
reloadAllAccessors: .Router

===========================================================================================
----------------- testing Wed Oct 06 02:06:48 UTC 2021 /home/travis/build/icyphy/ptII/ptolemy/actor/lib/test/auto/Router2.xml
----------------- Instantiating /home/travis/build/icyphy/ptII/ptolemy/actor/lib/test/auto/Router2.xml
3004 ms. Memory: 439296K Free: 268633K (61%)
----------------- Invoking toplevel() on ptolemy.moml.MoMLSimpleApplication@51ed6527
----------------- Done invoking toplevel() on ptolemy.moml.MoMLSimpleApplication@51ed6527
reloadAllAccessors: .Router2

===========================================================================================
----------------- testing Wed Oct 06 02:06:51 UTC 2021 /home/travis/build/icyphy/ptII/ptolemy/actor/lib/test/auto/RunningMaximum.xml
----------------- Instantiating /home/travis/build/icyphy/ptII/ptolemy/actor/lib/test/auto/RunningMaximum.xml
2 ms. Memory: 439296K Free: 264027K (60%)
----------------- Invoking toplevel() on ptolemy.moml.MoMLSimpleApplication@35aefcd4
----------------- Done invoking toplevel() on ptolemy.moml.MoMLSimpleApplication@35aefcd4
reloadAllAccessors: .RunningMaximum

===========================================================================================
----------------- testing Wed Oct 06 02:06:51 UTC 2021 /home/travis/build/icyphy/ptII/ptolemy/actor/lib/test/auto/RunningMinimum.xml
----------------- Instantiating /home/travis/build/icyphy/ptII/ptolemy/actor/lib/test/auto/RunningMinimum.xml
7 ms. Memory: 439296K Free: 259417K (59%)
----------------- Invoking toplevel() on ptolemy.moml.MoMLSimpleApplication@5f1f5c3d
----------------- Done invoking toplevel() on ptolemy.moml.MoMLSimpleApplication@5f1f5c3d
reloadAllAccessors: .RunningMinimum

===========================================================================================
----------------- testing Wed Oct 06 02:06:51 UTC 2021 /home/travis/build/icyphy/ptII/ptolemy/actor/lib/test/auto/Scale.xml
----------------- Instantiating /home/travis/build/icyphy/ptII/ptolemy/actor/lib/test/auto/Scale.xml
1 ms. Memory: 439296K Free: 254811K (58%)
----------------- Invoking toplevel() on ptolemy.moml.MoMLSimpleApplication@78638014
----------------- Done invoking toplevel() on ptolemy.moml.MoMLSimpleApplication@78638014
reloadAllAccessors: .Scale

===========================================================================================
----------------- testing Wed Oct 06 02:06:51 UTC 2021 /home/travis/build/icyphy/ptII/ptolemy/actor/lib/test/auto/Scale2.xml
----------------- Instantiating /home/travis/build/icyphy/ptII/ptolemy/actor/lib/test/auto/Scale2.xml
1 ms. Memory: 439296K Free: 250201K (57%)
----------------- Invoking toplevel() on ptolemy.moml.MoMLSimpleApplication@6db1f0e5
----------------- Done invoking toplevel() on ptolemy.moml.MoMLSimpleApplication@6db1f0e5
reloadAllAccessors: .Scale2

===========================================================================================
----------------- testing Wed Oct 06 02:06:51 UTC 2021 /home/travis/build/icyphy/ptII/ptolemy/actor/lib/test/auto/Scale3.xml
----------------- Instantiating /home/travis/build/icyphy/ptII/ptolemy/actor/lib/test/auto/Scale3.xml
2 ms. Memory: 439296K Free: 243547K (55%)
----------------- Invoking toplevel() on ptolemy.moml.MoMLSimpleApplication@1c762a9c
----------------- Done invoking toplevel() on ptolemy.moml.MoMLSimpleApplication@1c762a9c
reloadAllAccessors: .Scale3

===========================================================================================
----------------- testing Wed Oct 06 02:06:51 UTC 2021 /home/travis/build/icyphy/ptII/ptolemy/actor/lib/test/auto/ScaleArray.xml
----------------- Instantiating /home/travis/build/icyphy/ptII/ptolemy/actor/lib/test/auto/ScaleArray.xml
1 ms. Memory: 439296K Free: 238937K (54%)
----------------- Invoking toplevel() on ptolemy.moml.MoMLSimpleApplication@81a93c8
----------------- Done invoking toplevel() on ptolemy.moml.MoMLSimpleApplication@81a93c8
reloadAllAccessors: .ScaleArray

===========================================================================================
----------------- testing Wed Oct 06 02:06:51 UTC 2021 /home/travis/build/icyphy/ptII/ptolemy/actor/lib/test/auto/ScaleArray2.xml
----------------- Instantiating /home/travis/build/icyphy/ptII/ptolemy/actor/lib/test/auto/ScaleArray2.xml
0 ms. Memory: 439296K Free: 234331K (53%)
----------------- Invoking toplevel() on ptolemy.moml.MoMLSimpleApplication@70e73c41
----------------- Done invoking toplevel() on ptolemy.moml.MoMLSimpleApplication@70e73c41
reloadAllAccessors: .ScaleArray2

===========================================================================================
----------------- testing Wed Oct 06 02:06:51 UTC 2021 /home/travis/build/icyphy/ptII/ptolemy/actor/lib/test/auto/ScaleMatrix.xml
----------------- Instantiating /home/travis/build/icyphy/ptII/ptolemy/actor/lib/test/auto/ScaleMatrix.xml
128 ms. Memory: 439296K Free: 221529K (50%)
----------------- Invoking toplevel() on ptolemy.moml.MoMLSimpleApplication@8415e1b
----------------- Done invoking toplevel() on ptolemy.moml.MoMLSimpleApplication@8415e1b
reloadAllAccessors: .ScaleMatrix

===========================================================================================
----------------- testing Wed Oct 06 02:06:51 UTC 2021 /home/travis/build/icyphy/ptII/ptolemy/actor/lib/test/auto/Select.xml
----------------- Instantiating /home/travis/build/icyphy/ptII/ptolemy/actor/lib/test/auto/Select.xml
2 ms. Memory: 439296K Free: 214875K (49%)
----------------- Invoking toplevel() on ptolemy.moml.MoMLSimpleApplication@30c22bc9
----------------- Done invoking toplevel() on ptolemy.moml.MoMLSimpleApplication@30c22bc9
reloadAllAccessors: .Select

===========================================================================================
----------------- testing Wed Oct 06 02:06:51 UTC 2021 /home/travis/build/icyphy/ptII/ptolemy/actor/lib/test/auto/Select2.xml
----------------- Instantiating /home/travis/build/icyphy/ptII/ptolemy/actor/lib/test/auto/Select2.xml
1 ms. Memory: 439296K Free: 210265K (48%)
----------------- Invoking toplevel() on ptolemy.moml.MoMLSimpleApplication@38bcc2be
----------------- Done invoking toplevel() on ptolemy.moml.MoMLSimpleApplication@38bcc2be
reloadAllAccessors: .Select2

===========================================================================================
----------------- testing Wed Oct 06 02:06:51 UTC 2021 /home/travis/build/icyphy/ptII/ptolemy/actor/lib/test/auto/SequenceToArray2.xml
----------------- Instantiating /home/travis/build/icyphy/ptII/ptolemy/actor/lib/test/auto/SequenceToArray2.xml
77 ms. Memory: 439296K Free: 186203K (42%)
----------------- Invoking toplevel() on ptolemy.moml.MoMLSimpleApplication@2f451097
----------------- Done invoking toplevel() on ptolemy.moml.MoMLSimpleApplication@2f451097
reloadAllAccessors: .SequenceToArray2

===========================================================================================
----------------- testing Wed Oct 06 02:06:51 UTC 2021 /home/travis/build/icyphy/ptII/ptolemy/actor/lib/test/auto/SequentialClock.xml
----------------- Instantiating /home/travis/build/icyphy/ptII/ptolemy/actor/lib/test/auto/SequentialClock.xml
1 ms. Memory: 439296K Free: 182107K (41%)
----------------- Invoking toplevel() on ptolemy.moml.MoMLSimpleApplication@1414d2fa
----------------- Done invoking toplevel() on ptolemy.moml.MoMLSimpleApplication@1414d2fa
reloadAllAccessors: .SequentialClock

===========================================================================================
----------------- testing Wed Oct 06 02:06:51 UTC 2021 /home/travis/build/icyphy/ptII/ptolemy/actor/lib/test/auto/SetVariable.xml
----------------- Instantiating /home/travis/build/icyphy/ptII/ptolemy/actor/lib/test/auto/SetVariable.xml
2 ms. Memory: 439296K Free: 177497K (40%)
----------------- Invoking toplevel() on ptolemy.moml.MoMLSimpleApplication@4c481934
----------------- Done invoking toplevel() on ptolemy.moml.MoMLSimpleApplication@4c481934
reloadAllAccessors: .SetVariable

===========================================================================================
----------------- testing Wed Oct 06 02:06:51 UTC 2021 /home/travis/build/icyphy/ptII/ptolemy/actor/lib/test/auto/SetVariable2.xml
----------------- Instantiating /home/travis/build/icyphy/ptII/ptolemy/actor/lib/test/auto/SetVariable2.xml
2 ms. Memory: 439296K Free: 172377K (39%)
----------------- Invoking toplevel() on ptolemy.moml.MoMLSimpleApplication@7bd81897
----------------- Done invoking toplevel() on ptolemy.moml.MoMLSimpleApplication@7bd81897
reloadAllAccessors: .SetVariable2

===========================================================================================
----------------- testing Wed Oct 06 02:06:51 UTC 2021 /home/travis/build/icyphy/ptII/ptolemy/actor/lib/test/auto/SetVariable3.xml
----------------- Instantiating /home/travis/build/icyphy/ptII/ptolemy/actor/lib/test/auto/SetVariable3.xml
7 ms. Memory: 439296K Free: 167257K (38%)
----------------- Invoking toplevel() on ptolemy.moml.MoMLSimpleApplication@2a08a2b2
----------------- Done invoking toplevel() on ptolemy.moml.MoMLSimpleApplication@2a08a2b2
reloadAllAccessors: .SetVariable3

===========================================================================================
----------------- testing Wed Oct 06 02:06:51 UTC 2021 /home/travis/build/icyphy/ptII/ptolemy/actor/lib/test/auto/SetVariable4.xml
----------------- Instantiating /home/travis/build/icyphy/ptII/ptolemy/actor/lib/test/auto/SetVariable4.xml
13 ms. Memory: 439296K Free: 157531K (36%)
----------------- Invoking toplevel() on ptolemy.moml.MoMLSimpleApplication@2bcc4b98
----------------- Done invoking toplevel() on ptolemy.moml.MoMLSimpleApplication@2bcc4b98
reloadAllAccessors: .SetVariable4

===========================================================================================
----------------- testing Wed Oct 06 02:06:51 UTC 2021 /home/travis/build/icyphy/ptII/ptolemy/actor/lib/test/auto/SetVariable5.xml
----------------- Instantiating /home/travis/build/icyphy/ptII/ptolemy/actor/lib/test/auto/SetVariable5.xml
16 ms. Memory: 439296K Free: 148315K (34%)
----------------- Invoking toplevel() on ptolemy.moml.MoMLSimpleApplication@744e7a7d
----------------- Done invoking toplevel() on ptolemy.moml.MoMLSimpleApplication@744e7a7d
reloadAllAccessors: .SetVariable5

===========================================================================================
----------------- testing Wed Oct 06 02:06:51 UTC 2021 /home/travis/build/icyphy/ptII/ptolemy/actor/lib/test/auto/Sinewave.xml
----------------- Instantiating /home/travis/build/icyphy/ptII/ptolemy/actor/lib/test/auto/Sinewave.xml
3 ms. Memory: 439296K Free: 137561K (31%)
----------------- Invoking toplevel() on ptolemy.moml.MoMLSimpleApplication@ef59fa8
----------------- Done invoking toplevel() on ptolemy.moml.MoMLSimpleApplication@ef59fa8
reloadAllAccessors: .Sinewave

===========================================================================================
----------------- testing Wed Oct 06 02:06:51 UTC 2021 /home/travis/build/icyphy/ptII/ptolemy/actor/lib/test/auto/Sinewave2.xml
----------------- Instantiating /home/travis/build/icyphy/ptII/ptolemy/actor/lib/test/auto/Sinewave2.xml
23 ms. Memory: 439296K Free: 387841K (88%)
----------------- Invoking toplevel() on ptolemy.moml.MoMLSimpleApplication@611bab70
----------------- Done invoking toplevel() on ptolemy.moml.MoMLSimpleApplication@611bab70
reloadAllAccessors: .Sinewave2

===========================================================================================
----------------- testing Wed Oct 06 02:06:51 UTC 2021 /home/travis/build/icyphy/ptII/ptolemy/actor/lib/test/auto/Sinewave3.xml
----------------- Instantiating /home/travis/build/icyphy/ptII/ptolemy/actor/lib/test/auto/Sinewave3.xml
5 ms. Memory: 439296K Free: 378910K (86%)
----------------- Invoking toplevel() on ptolemy.moml.MoMLSimpleApplication@29afb528
----------------- Done invoking toplevel() on ptolemy.moml.MoMLSimpleApplication@29afb528
reloadAllAccessors: .Sinewave3

===========================================================================================
----------------- testing Wed Oct 06 02:06:51 UTC 2021 /home/travis/build/icyphy/ptII/ptolemy/actor/lib/test/auto/SingleEvent.xml
----------------- Instantiating /home/travis/build/icyphy/ptII/ptolemy/actor/lib/test/auto/SingleEvent.xml
1 ms. Memory: 439296K Free: 374814K (85%)
----------------- Invoking toplevel() on ptolemy.moml.MoMLSimpleApplication@61c8f901
----------------- Done invoking toplevel() on ptolemy.moml.MoMLSimpleApplication@61c8f901
reloadAllAccessors: .SingleEvent

===========================================================================================
----------------- testing Wed Oct 06 02:06:51 UTC 2021 /home/travis/build/icyphy/ptII/ptolemy/actor/lib/test/auto/Sleep.xml
----------------- Instantiating /home/travis/build/icyphy/ptII/ptolemy/actor/lib/test/auto/Sleep.xml
6002 ms. Memory: 439296K Free: 369150K (84%)
----------------- Invoking toplevel() on ptolemy.moml.MoMLSimpleApplication@faff2d8
----------------- Done invoking toplevel() on ptolemy.moml.MoMLSimpleApplication@faff2d8
reloadAllAccessors: .Sleep

===========================================================================================
----------------- testing Wed Oct 06 02:06:57 UTC 2021 /home/travis/build/icyphy/ptII/ptolemy/actor/lib/test/auto/SleepMultipleFire.xml
----------------- Instantiating /home/travis/build/icyphy/ptII/ptolemy/actor/lib/test/auto/SleepMultipleFire.xml
1004 ms. Memory: 439296K Free: 363550K (83%)
----------------- Invoking toplevel() on ptolemy.moml.MoMLSimpleApplication@79ea46f3
----------------- Done invoking toplevel() on ptolemy.moml.MoMLSimpleApplication@79ea46f3
reloadAllAccessors: .SleepMultipleFire

===========================================================================================
----------------- testing Wed Oct 06 02:06:58 UTC 2021 /home/travis/build/icyphy/ptII/ptolemy/actor/lib/test/auto/StopDE.xml
----------------- Instantiating /home/travis/build/icyphy/ptII/ptolemy/actor/lib/test/auto/StopDE.xml
2 ms. Memory: 439296K Free: 357916K (81%)
----------------- Invoking toplevel() on ptolemy.moml.MoMLSimpleApplication@54727497
----------------- Done invoking toplevel() on ptolemy.moml.MoMLSimpleApplication@54727497
reloadAllAccessors: .StopDE

===========================================================================================
----------------- testing Wed Oct 06 02:06:58 UTC 2021 /home/travis/build/icyphy/ptII/ptolemy/actor/lib/test/auto/StopSDF.xml
----------------- Instantiating /home/travis/build/icyphy/ptII/ptolemy/actor/lib/test/auto/StopSDF.xml
3 ms. Memory: 439296K Free: 352796K (80%)
----------------- Invoking toplevel() on ptolemy.moml.MoMLSimpleApplication@6523df92
----------------- Done invoking toplevel() on ptolemy.moml.MoMLSimpleApplication@6523df92
reloadAllAccessors: .StopSDF

===========================================================================================
----------------- testing Wed Oct 06 02:06:58 UTC 2021 /home/travis/build/icyphy/ptII/ptolemy/actor/lib/test/auto/StringConstant.xml
----------------- Instantiating /home/travis/build/icyphy/ptII/ptolemy/actor/lib/test/auto/StringConstant.xml
8 ms. Memory: 439296K Free: 348188K (79%)
----------------- Invoking toplevel() on ptolemy.moml.MoMLSimpleApplication@41a43bc8
----------------- Done invoking toplevel() on ptolemy.moml.MoMLSimpleApplication@41a43bc8
reloadAllAccessors: .StringConstant

===========================================================================================
----------------- testing Wed Oct 06 02:06:58 UTC 2021 /home/travis/build/icyphy/ptII/ptolemy/actor/lib/test/auto/SubscriberPortInitialValues1.xml
----------------- Instantiating /home/travis/build/icyphy/ptII/ptolemy/actor/lib/test/auto/SubscriberPortInitialValues1.xml
8 ms. Memory: 439296K Free: 339484K (77%)
----------------- Invoking toplevel() on ptolemy.moml.MoMLSimpleApplication@3354c774
----------------- Done invoking toplevel() on ptolemy.moml.MoMLSimpleApplication@3354c774
reloadAllAccessors: .SubscriberPortInitialValues1

===========================================================================================
----------------- testing Wed Oct 06 02:06:58 UTC 2021 /home/travis/build/icyphy/ptII/ptolemy/actor/lib/test/auto/SubscriberPortInitialValues13.xml
----------------- Instantiating /home/travis/build/icyphy/ptII/ptolemy/actor/lib/test/auto/SubscriberPortInitialValues13.xml
4 ms. Memory: 439296K Free: 326172K (74%)
----------------- Invoking toplevel() on ptolemy.moml.MoMLSimpleApplication@4d0b4547
----------------- Done invoking toplevel() on ptolemy.moml.MoMLSimpleApplication@4d0b4547
reloadAllAccessors: .SubscriberPortInitialValues13

===========================================================================================
----------------- testing Wed Oct 06 02:06:58 UTC 2021 /home/travis/build/icyphy/ptII/ptolemy/actor/lib/test/auto/SubscriberPortInitialValues14.xml
----------------- Instantiating /home/travis/build/icyphy/ptII/ptolemy/actor/lib/test/auto/SubscriberPortInitialValues14.xml
3 ms. Memory: 439296K Free: 318494K (73%)
----------------- Invoking toplevel() on ptolemy.moml.MoMLSimpleApplication@32c3f1d7
----------------- Done invoking toplevel() on ptolemy.moml.MoMLSimpleApplication@32c3f1d7
reloadAllAccessors: .SubscriberPortInitialValues14

===========================================================================================
----------------- testing Wed Oct 06 02:06:58 UTC 2021 /home/travis/build/icyphy/ptII/ptolemy/actor/lib/test/auto/SubscriberPortInitialValues2.xml
----------------- Instantiating /home/travis/build/icyphy/ptII/ptolemy/actor/lib/test/auto/SubscriberPortInitialValues2.xml
4 ms. Memory: 439296K Free: 310812K (71%)
----------------- Invoking toplevel() on ptolemy.moml.MoMLSimpleApplication@4492add
----------------- Done invoking toplevel() on ptolemy.moml.MoMLSimpleApplication@4492add
reloadAllAccessors: .SubscriberPortInitialValues2

===========================================================================================
----------------- testing Wed Oct 06 02:06:58 UTC 2021 /home/travis/build/icyphy/ptII/ptolemy/actor/lib/test/auto/SubscriberPortInitialValues3.xml
----------------- Instantiating /home/travis/build/icyphy/ptII/ptolemy/actor/lib/test/auto/SubscriberPortInitialValues3.xml
4 ms. Memory: 439296K Free: 300062K (68%)
----------------- Invoking toplevel() on ptolemy.moml.MoMLSimpleApplication@6d83a4ec
----------------- Done invoking toplevel() on ptolemy.moml.MoMLSimpleApplication@6d83a4ec
reloadAllAccessors: .SubscriberPortInitialValues3

===========================================================================================
----------------- testing Wed Oct 06 02:06:58 UTC 2021 /home/travis/build/icyphy/ptII/ptolemy/actor/lib/test/auto/SubscriptionAggregator.xml
----------------- Instantiating /home/travis/build/icyphy/ptII/ptolemy/actor/lib/test/auto/SubscriptionAggregator.xml
2 ms. Memory: 439296K Free: 292894K (67%)
----------------- Invoking toplevel() on ptolemy.moml.MoMLSimpleApplication@19a061d2
----------------- Done invoking toplevel() on ptolemy.moml.MoMLSimpleApplication@19a061d2
reloadAllAccessors: .SubscriptionAggregator

===========================================================================================
----------------- testing Wed Oct 06 02:06:59 UTC 2021 /home/travis/build/icyphy/ptII/ptolemy/actor/lib/test/auto/SubscriptionAggregator2.xml
----------------- Instantiating /home/travis/build/icyphy/ptII/ptolemy/actor/lib/test/auto/SubscriptionAggregator2.xml
9 ms. Memory: 439296K Free: 286222K (65%)
----------------- Invoking toplevel() on ptolemy.moml.MoMLSimpleApplication@633f3074
----------------- Done invoking toplevel() on ptolemy.moml.MoMLSimpleApplication@633f3074
reloadAllAccessors: .SubscriptionAggregator2

===========================================================================================
----------------- testing Wed Oct 06 02:06:59 UTC 2021 /home/travis/build/icyphy/ptII/ptolemy/actor/lib/test/auto/SubscriptionAggregator3.xml
----------------- Instantiating /home/travis/build/icyphy/ptII/ptolemy/actor/lib/test/auto/SubscriptionAggregator3.xml
2 ms. Memory: 439296K Free: 277534K (63%)
----------------- Invoking toplevel() on ptolemy.moml.MoMLSimpleApplication@23975e76
----------------- Done invoking toplevel() on ptolemy.moml.MoMLSimpleApplication@23975e76
reloadAllAccessors: .SubscriptionAggregator3

===========================================================================================
----------------- testing Wed Oct 06 02:06:59 UTC 2021 /home/travis/build/icyphy/ptII/ptolemy/actor/lib/test/auto/SubscriptionAggregatorMultiply.xml
----------------- Instantiating /home/travis/build/icyphy/ptII/ptolemy/actor/lib/test/auto/SubscriptionAggregatorMultiply.xml
11 ms. Memory: 439296K Free: 268822K (61%)
----------------- Invoking toplevel() on ptolemy.moml.MoMLSimpleApplication@4637b904
----------------- Done invoking toplevel() on ptolemy.moml.MoMLSimpleApplication@4637b904
reloadAllAccessors: .SubscriptionAggregatorMultiply

===========================================================================================
----------------- testing Wed Oct 06 02:06:59 UTC 2021 /home/travis/build/icyphy/ptII/ptolemy/actor/lib/test/auto/SubscriptionAggregatorPortMultiply1.xml
----------------- Instantiating /home/travis/build/icyphy/ptII/ptolemy/actor/lib/test/auto/SubscriptionAggregatorPortMultiply1.xml
4 ms. Memory: 439296K Free: 260636K (59%)
----------------- Invoking toplevel() on ptolemy.moml.MoMLSimpleApplication@4dd8869b
----------------- Done invoking toplevel() on ptolemy.moml.MoMLSimpleApplication@4dd8869b
reloadAllAccessors: .SubscriptionAggregatorPortMultiply1

===========================================================================================
----------------- testing Wed Oct 06 02:06:59 UTC 2021 /home/travis/build/icyphy/ptII/ptolemy/actor/lib/test/auto/Switch.xml
----------------- Instantiating /home/travis/build/icyphy/ptII/ptolemy/actor/lib/test/auto/Switch.xml
8 ms. Memory: 439296K Free: 252444K (57%)
----------------- Invoking toplevel() on ptolemy.moml.MoMLSimpleApplication@f207034
----------------- Done invoking toplevel() on ptolemy.moml.MoMLSimpleApplication@f207034
reloadAllAccessors: .Switch

===========================================================================================
----------------- testing Wed Oct 06 02:06:59 UTC 2021 /home/travis/build/icyphy/ptII/ptolemy/actor/lib/test/auto/Switch2.xml
----------------- Instantiating /home/travis/build/icyphy/ptII/ptolemy/actor/lib/test/auto/Switch2.xml
1 ms. Memory: 439296K Free: 247838K (56%)
----------------- Invoking toplevel() on ptolemy.moml.MoMLSimpleApplication@4b275993
----------------- Done invoking toplevel() on ptolemy.moml.MoMLSimpleApplication@4b275993
reloadAllAccessors: .Switch2

===========================================================================================
----------------- testing Wed Oct 06 02:06:59 UTC 2021 /home/travis/build/icyphy/ptII/ptolemy/actor/lib/test/auto/SwitchDE.xml
----------------- Instantiating /home/travis/build/icyphy/ptII/ptolemy/actor/lib/test/auto/SwitchDE.xml
2 ms. Memory: 439296K Free: 241694K (55%)
----------------- Invoking toplevel() on ptolemy.moml.MoMLSimpleApplication@52737d1c
----------------- Done invoking toplevel() on ptolemy.moml.MoMLSimpleApplication@52737d1c
reloadAllAccessors: .SwitchDE

===========================================================================================
----------------- testing Wed Oct 06 02:06:59 UTC 2021 /home/travis/build/icyphy/ptII/ptolemy/actor/lib/test/auto/SynchronizerDE.xml
----------------- Instantiating /home/travis/build/icyphy/ptII/ptolemy/actor/lib/test/auto/SynchronizerDE.xml
7 ms. Memory: 439296K Free: 233502K (53%)
----------------- Invoking toplevel() on ptolemy.moml.MoMLSimpleApplication@5791aca2
----------------- Done invoking toplevel() on ptolemy.moml.MoMLSimpleApplication@5791aca2
reloadAllAccessors: .SynchronizerDE

===========================================================================================
----------------- testing Wed Oct 06 02:06:59 UTC 2021 /home/travis/build/icyphy/ptII/ptolemy/actor/lib/test/auto/Test.xml
----------------- Instantiating /home/travis/build/icyphy/ptII/ptolemy/actor/lib/test/auto/Test.xml
8 ms. Memory: 439296K Free: 228382K (52%)
----------------- Invoking toplevel() on ptolemy.moml.MoMLSimpleApplication@16ec7a0e
----------------- Done invoking toplevel() on ptolemy.moml.MoMLSimpleApplication@16ec7a0e
reloadAllAccessors: .Test

===========================================================================================
----------------- testing Wed Oct 06 02:06:59 UTC 2021 /home/travis/build/icyphy/ptII/ptolemy/actor/lib/test/auto/TestExceptionAttribute1.xml
----------------- Instantiating /home/travis/build/icyphy/ptII/ptolemy/actor/lib/test/auto/TestExceptionAttribute1.xml
1 ms. Memory: 439296K Free: 224796K (51%)
----------------- Invoking toplevel() on ptolemy.moml.MoMLSimpleApplication@5a4f42e6
----------------- Done invoking toplevel() on ptolemy.moml.MoMLSimpleApplication@5a4f42e6
reloadAllAccessors: .TestExceptionAttribute1

===========================================================================================
----------------- testing Wed Oct 06 02:06:59 UTC 2021 /home/travis/build/icyphy/ptII/ptolemy/actor/lib/test/auto/TestExceptionAttribute2.xml
----------------- Instantiating /home/travis/build/icyphy/ptII/ptolemy/actor/lib/test/auto/TestExceptionAttribute2.xml
1 ms. Memory: 439296K Free: 221214K (50%)
----------------- Invoking toplevel() on ptolemy.moml.MoMLSimpleApplication@2c09ab78
----------------- Done invoking toplevel() on ptolemy.moml.MoMLSimpleApplication@2c09ab78
reloadAllAccessors: .TestExceptionAttribute2

===========================================================================================
----------------- testing Wed Oct 06 02:06:59 UTC 2021 /home/travis/build/icyphy/ptII/ptolemy/actor/lib/test/auto/TestExceptionAttribute3.xml
----------------- Instantiating /home/travis/build/icyphy/ptII/ptolemy/actor/lib/test/auto/TestExceptionAttribute3.xml
.TestExceptionAttribute3.TestExceptionAttribute: initialize() was not invoked, but wrapup() was.  This is unusual, but not always a problem.  For example, exporting JNLP will do this.
1 ms. Memory: 439296K Free: 217118K (49%)
----------------- Invoking toplevel() on ptolemy.moml.MoMLSimpleApplication@545d3ae7
----------------- Done invoking toplevel() on ptolemy.moml.MoMLSimpleApplication@545d3ae7
reloadAllAccessors: .TestExceptionAttribute3

===========================================================================================
----------------- testing Wed Oct 06 02:06:59 UTC 2021 /home/travis/build/icyphy/ptII/ptolemy/actor/lib/test/auto/TestExceptionAttribute4.xml
----------------- Instantiating /home/travis/build/icyphy/ptII/ptolemy/actor/lib/test/auto/TestExceptionAttribute4.xml
.TestExceptionAttribute4.TestExceptionAttribute: initialize() was not invoked, but wrapup() was.  This is unusual, but not always a problem.  For example, exporting JNLP will do this.
.TestExceptionAttribute4.TestExceptionAttribute2: initialize() was not invoked, but wrapup() was.  This is unusual, but not always a problem.  For example, exporting JNLP will do this.
0 ms. Memory: 439296K Free: 213022K (48%)
----------------- Invoking toplevel() on ptolemy.moml.MoMLSimpleApplication@6f651282
----------------- Done invoking toplevel() on ptolemy.moml.MoMLSimpleApplication@6f651282
reloadAllAccessors: .TestExceptionAttribute4

===========================================================================================
----------------- testing Wed Oct 06 02:06:59 UTC 2021 /home/travis/build/icyphy/ptII/ptolemy/actor/lib/test/auto/TestExceptionHandler1.xml
----------------- Instantiating /home/travis/build/icyphy/ptII/ptolemy/actor/lib/test/auto/TestExceptionHandler1.xml
1 ms. Memory: 439296K Free: 209436K (48%)
----------------- Invoking toplevel() on ptolemy.moml.MoMLSimpleApplication@257a8b48
----------------- Done invoking toplevel() on ptolemy.moml.MoMLSimpleApplication@257a8b48
reloadAllAccessors: .TestExceptionHandler1

===========================================================================================
----------------- testing Wed Oct 06 02:06:59 UTC 2021 /home/travis/build/icyphy/ptII/ptolemy/actor/lib/test/auto/TestExceptionHandler2.xml
----------------- Instantiating /home/travis/build/icyphy/ptII/ptolemy/actor/lib/test/auto/TestExceptionHandler2.xml
1 ms. Memory: 439296K Free: 205854K (47%)
----------------- Invoking toplevel() on ptolemy.moml.MoMLSimpleApplication@66f9ba43
----------------- Done invoking toplevel() on ptolemy.moml.MoMLSimpleApplication@66f9ba43
reloadAllAccessors: .TestExceptionHandler2

===========================================================================================
----------------- testing Wed Oct 06 02:06:59 UTC 2021 /home/travis/build/icyphy/ptII/ptolemy/actor/lib/test/auto/TestExceptionHandler3.xml
----------------- Instantiating /home/travis/build/icyphy/ptII/ptolemy/actor/lib/test/auto/TestExceptionHandler3.xml
1 ms. Memory: 439296K Free: 202268K (46%)
----------------- Invoking toplevel() on ptolemy.moml.MoMLSimpleApplication@18f88830
----------------- Done invoking toplevel() on ptolemy.moml.MoMLSimpleApplication@18f88830
reloadAllAccessors: .TestExceptionHandler3

===========================================================================================
----------------- testing Wed Oct 06 02:06:59 UTC 2021 /home/travis/build/icyphy/ptII/ptolemy/actor/lib/test/auto/TestExceptionHandler4.xml
----------------- Instantiating /home/travis/build/icyphy/ptII/ptolemy/actor/lib/test/auto/TestExceptionHandler4.xml
0 ms. Memory: 439296K Free: 198172K (45%)
----------------- Invoking toplevel() on ptolemy.moml.MoMLSimpleApplication@51917fe4
----------------- Done invoking toplevel() on ptolemy.moml.MoMLSimpleApplication@51917fe4
reloadAllAccessors: .TestExceptionHandler4

===========================================================================================
----------------- testing Wed Oct 06 02:06:59 UTC 2021 /home/travis/build/icyphy/ptII/ptolemy/actor/lib/test/auto/TestRequireCorrectOrder.xml
----------------- Instantiating /home/travis/build/icyphy/ptII/ptolemy/actor/lib/test/auto/TestRequireCorrectOrder.xml
5 ms. Memory: 439296K Free: 193046K (44%)
----------------- Invoking toplevel() on ptolemy.moml.MoMLSimpleApplication@3b0fa0f3
----------------- Done invoking toplevel() on ptolemy.moml.MoMLSimpleApplication@3b0fa0f3
reloadAllAccessors: .TestRequireCorrectOrder

===========================================================================================
----------------- testing Wed Oct 06 02:06:59 UTC 2021 /home/travis/build/icyphy/ptII/ptolemy/actor/lib/test/auto/TestSimple.xml
----------------- Instantiating /home/travis/build/icyphy/ptII/ptolemy/actor/lib/test/auto/TestSimple.xml
1 ms. Memory: 439296K Free: 188446K (43%)
----------------- Invoking toplevel() on ptolemy.moml.MoMLSimpleApplication@12d90c91
----------------- Done invoking toplevel() on ptolemy.moml.MoMLSimpleApplication@12d90c91
reloadAllAccessors: .TestSimple

===========================================================================================
----------------- testing Wed Oct 06 02:06:59 UTC 2021 /home/travis/build/icyphy/ptII/ptolemy/actor/lib/test/auto/ThrowModelError.xml
----------------- Instantiating /home/travis/build/icyphy/ptII/ptolemy/actor/lib/test/auto/ThrowModelError.xml
1 ms. Memory: 439296K Free: 183836K (42%)
----------------- Invoking toplevel() on ptolemy.moml.MoMLSimpleApplication@34d00f07
----------------- Done invoking toplevel() on ptolemy.moml.MoMLSimpleApplication@34d00f07
reloadAllAccessors: .ThrowModelError

===========================================================================================
----------------- testing Wed Oct 06 02:06:59 UTC 2021 /home/travis/build/icyphy/ptII/ptolemy/actor/lib/test/auto/TimeDelayMicrosteps.xml
----------------- Instantiating /home/travis/build/icyphy/ptII/ptolemy/actor/lib/test/auto/TimeDelayMicrosteps.xml
2 ms. Memory: 439296K Free: 177182K (40%)
----------------- Invoking toplevel() on ptolemy.moml.MoMLSimpleApplication@f289da2
----------------- Done invoking toplevel() on ptolemy.moml.MoMLSimpleApplication@f289da2
reloadAllAccessors: .TimeDelayMicrosteps

===========================================================================================
----------------- testing Wed Oct 06 02:06:59 UTC 2021 /home/travis/build/icyphy/ptII/ptolemy/actor/lib/test/auto/TimeDelayMicrosteps2.xml
----------------- Instantiating /home/travis/build/icyphy/ptII/ptolemy/actor/lib/test/auto/TimeDelayMicrosteps2.xml
4 ms. Memory: 439296K Free: 170014K (39%)
----------------- Invoking toplevel() on ptolemy.moml.MoMLSimpleApplication@406b6bdb
----------------- Done invoking toplevel() on ptolemy.moml.MoMLSimpleApplication@406b6bdb
reloadAllAccessors: .TimeDelayMicrosteps2

===========================================================================================
----------------- testing Wed Oct 06 02:06:59 UTC 2021 /home/travis/build/icyphy/ptII/ptolemy/actor/lib/test/auto/TimeDelayMicrosteps3.xml
----------------- Instantiating /home/travis/build/icyphy/ptII/ptolemy/actor/lib/test/auto/TimeDelayMicrosteps3.xml
3 ms. Memory: 439296K Free: 162846K (37%)
----------------- Invoking toplevel() on ptolemy.moml.MoMLSimpleApplication@28665e3f
----------------- Done invoking toplevel() on ptolemy.moml.MoMLSimpleApplication@28665e3f
reloadAllAccessors: .TimeDelayMicrosteps3

===========================================================================================
----------------- testing Wed Oct 06 02:06:59 UTC 2021 /home/travis/build/icyphy/ptII/ptolemy/actor/lib/test/auto/TimeDelayVariableMicrosteps.xml
----------------- Instantiating /home/travis/build/icyphy/ptII/ptolemy/actor/lib/test/auto/TimeDelayVariableMicrosteps.xml
2 ms. Memory: 439296K Free: 156702K (36%)
----------------- Invoking toplevel() on ptolemy.moml.MoMLSimpleApplication@414dcb8e
----------------- Done invoking toplevel() on ptolemy.moml.MoMLSimpleApplication@414dcb8e
reloadAllAccessors: .TimeDelayVariableMicrosteps

===========================================================================================
----------------- testing Wed Oct 06 02:06:59 UTC 2021 /home/travis/build/icyphy/ptII/ptolemy/actor/lib/test/auto/TimeGap.xml
----------------- Instantiating /home/travis/build/icyphy/ptII/ptolemy/actor/lib/test/auto/TimeGap.xml
2 ms. Memory: 439296K Free: 150558K (34%)
----------------- Invoking toplevel() on ptolemy.moml.MoMLSimpleApplication@3338889c
----------------- Done invoking toplevel() on ptolemy.moml.MoMLSimpleApplication@3338889c
reloadAllAccessors: .TimeGap

===========================================================================================
----------------- testing Wed Oct 06 02:06:59 UTC 2021 /home/travis/build/icyphy/ptII/ptolemy/actor/lib/test/auto/TimeGap2.xml
----------------- Instantiating /home/travis/build/icyphy/ptII/ptolemy/actor/lib/test/auto/TimeGap2.xml
1 ms. Memory: 439296K Free: 144894K (33%)
----------------- Invoking toplevel() on ptolemy.moml.MoMLSimpleApplication@28bffdd7
----------------- Done invoking toplevel() on ptolemy.moml.MoMLSimpleApplication@28bffdd7
reloadAllAccessors: .TimeGap2

===========================================================================================
----------------- testing Wed Oct 06 02:06:59 UTC 2021 /home/travis/build/icyphy/ptII/ptolemy/actor/lib/test/auto/TimedSinewave.xml
----------------- Instantiating /home/travis/build/icyphy/ptII/ptolemy/actor/lib/test/auto/TimedSinewave.xml
15 ms. Memory: 439296K Free: 130588K (30%)
----------------- Invoking toplevel() on ptolemy.moml.MoMLSimpleApplication@441fb0b3
----------------- Done invoking toplevel() on ptolemy.moml.MoMLSimpleApplication@441fb0b3
reloadAllAccessors: .TimedSinewave

===========================================================================================
----------------- testing Wed Oct 06 02:06:59 UTC 2021 /home/travis/build/icyphy/ptII/ptolemy/actor/lib/test/auto/TimedSinewavePhase.xml
----------------- Instantiating /home/travis/build/icyphy/ptII/ptolemy/actor/lib/test/auto/TimedSinewavePhase.xml
8 ms. Memory: 439296K Free: 376671K (86%)
----------------- Invoking toplevel() on ptolemy.moml.MoMLSimpleApplication@41f17868
----------------- Done invoking toplevel() on ptolemy.moml.MoMLSimpleApplication@41f17868
reloadAllAccessors: .TimedSinewavePhase

===========================================================================================
----------------- testing Wed Oct 06 02:06:59 UTC 2021 /home/travis/build/icyphy/ptII/ptolemy/actor/lib/test/auto/Timer.xml
----------------- Instantiating /home/travis/build/icyphy/ptII/ptolemy/actor/lib/test/auto/Timer.xml
2 ms. Memory: 439296K Free: 370527K (84%)
----------------- Invoking toplevel() on ptolemy.moml.MoMLSimpleApplication@75b55e7a
----------------- Done invoking toplevel() on ptolemy.moml.MoMLSimpleApplication@75b55e7a
reloadAllAccessors: .Timer

===========================================================================================
----------------- testing Wed Oct 06 02:06:59 UTC 2021 /home/travis/build/icyphy/ptII/ptolemy/actor/lib/test/auto/TriangularDistTestModel.xml
----------------- Instantiating /home/travis/build/icyphy/ptII/ptolemy/actor/lib/test/auto/TriangularDistTestModel.xml
2 ms. Memory: 439296K Free: 364879K (83%)
----------------- Invoking toplevel() on ptolemy.moml.MoMLSimpleApplication@152a0a9d
----------------- Done invoking toplevel() on ptolemy.moml.MoMLSimpleApplication@152a0a9d
reloadAllAccessors: .TriangularDistTestModel

===========================================================================================
----------------- testing Wed Oct 06 02:06:59 UTC 2021 /home/travis/build/icyphy/ptII/ptolemy/actor/lib/test/auto/TrigFunction.xml
----------------- Instantiating /home/travis/build/icyphy/ptII/ptolemy/actor/lib/test/auto/TrigFunction.xml
1 ms. Memory: 439296K Free: 359773K (82%)
----------------- Invoking toplevel() on ptolemy.moml.MoMLSimpleApplication@11e7c340
----------------- Done invoking toplevel() on ptolemy.moml.MoMLSimpleApplication@11e7c340
reloadAllAccessors: .TrigFunction

===========================================================================================
----------------- testing Wed Oct 06 02:06:59 UTC 2021 /home/travis/build/icyphy/ptII/ptolemy/actor/lib/test/auto/TrigFunctionDE.xml
----------------- Instantiating /home/travis/build/icyphy/ptII/ptolemy/actor/lib/test/auto/TrigFunctionDE.xml
2 ms. Memory: 439296K Free: 354143K (81%)
----------------- Invoking toplevel() on ptolemy.moml.MoMLSimpleApplication@4e338f84
----------------- Done invoking toplevel() on ptolemy.moml.MoMLSimpleApplication@4e338f84
reloadAllAccessors: .TrigFunctionDE

===========================================================================================
----------------- testing Wed Oct 06 02:06:59 UTC 2021 /home/travis/build/icyphy/ptII/ptolemy/actor/lib/test/auto/TrigFunctionInverse.xml
----------------- Instantiating /home/travis/build/icyphy/ptII/ptolemy/actor/lib/test/auto/TrigFunctionInverse.xml
2 ms. Memory: 439296K Free: 349023K (79%)
----------------- Invoking toplevel() on ptolemy.moml.MoMLSimpleApplication@1784c68
----------------- Done invoking toplevel() on ptolemy.moml.MoMLSimpleApplication@1784c68
reloadAllAccessors: .TrigFunctionInverse

===========================================================================================
----------------- testing Wed Oct 06 02:06:59 UTC 2021 /home/travis/build/icyphy/ptII/ptolemy/actor/lib/test/auto/TrigFunctionTan.xml
----------------- Instantiating /home/travis/build/icyphy/ptII/ptolemy/actor/lib/test/auto/TrigFunctionTan.xml
2 ms. Memory: 439296K Free: 344927K (79%)
----------------- Invoking toplevel() on ptolemy.moml.MoMLSimpleApplication@1db42cee
----------------- Done invoking toplevel() on ptolemy.moml.MoMLSimpleApplication@1db42cee
reloadAllAccessors: .TrigFunctionTan

===========================================================================================
----------------- testing Wed Oct 06 02:06:59 UTC 2021 /home/travis/build/icyphy/ptII/ptolemy/actor/lib/test/auto/TriggeredClock.xml
----------------- Instantiating /home/travis/build/icyphy/ptII/ptolemy/actor/lib/test/auto/TriggeredClock.xml
1 ms. Memory: 439296K Free: 339807K (77%)
----------------- Invoking toplevel() on ptolemy.moml.MoMLSimpleApplication@176325e8
----------------- Done invoking toplevel() on ptolemy.moml.MoMLSimpleApplication@176325e8
reloadAllAccessors: .TriggeredClock

===========================================================================================
----------------- testing Wed Oct 06 02:06:59 UTC 2021 /home/travis/build/icyphy/ptII/ptolemy/actor/lib/test/auto/URLDirectoryReader.xml
----------------- Instantiating /home/travis/build/icyphy/ptII/ptolemy/actor/lib/test/auto/URLDirectoryReader.xml
27 ms. Memory: 439296K Free: 329567K (75%)
----------------- Invoking toplevel() on ptolemy.moml.MoMLSimpleApplication@cbe9b2
----------------- Done invoking toplevel() on ptolemy.moml.MoMLSimpleApplication@cbe9b2
reloadAllAccessors: .URLDirectoryReader

===========================================================================================
----------------- testing Wed Oct 06 02:06:59 UTC 2021 /home/travis/build/icyphy/ptII/ptolemy/actor/lib/test/auto/URLDirectoryReader3.xml
----------------- Instantiating /home/travis/build/icyphy/ptII/ptolemy/actor/lib/test/auto/URLDirectoryReader3.xml
1268 ms. Memory: 439296K Free: 380562K (87%)
----------------- Invoking toplevel() on ptolemy.moml.MoMLSimpleApplication@45434de9
----------------- Done invoking toplevel() on ptolemy.moml.MoMLSimpleApplication@45434de9
reloadAllAccessors: .URLDirectoryReader3

===========================================================================================
----------------- testing Wed Oct 06 02:07:01 UTC 2021 /home/travis/build/icyphy/ptII/ptolemy/actor/lib/test/auto/UnaryMathFunction.xml
----------------- Instantiating /home/travis/build/icyphy/ptII/ptolemy/actor/lib/test/auto/UnaryMathFunction.xml
2 ms. Memory: 439296K Free: 372372K (85%)
----------------- Invoking toplevel() on ptolemy.moml.MoMLSimpleApplication@5c7799be
----------------- Done invoking toplevel() on ptolemy.moml.MoMLSimpleApplication@5c7799be
reloadAllAccessors: .UnaryMathFunction

===========================================================================================
----------------- testing Wed Oct 06 02:07:01 UTC 2021 /home/travis/build/icyphy/ptII/ptolemy/actor/lib/test/auto/Uniform.xml
----------------- Instantiating /home/travis/build/icyphy/ptII/ptolemy/actor/lib/test/auto/Uniform.xml
4 ms. Memory: 439296K Free: 367252K (84%)
----------------- Invoking toplevel() on ptolemy.moml.MoMLSimpleApplication@55d4a648
----------------- Done invoking toplevel() on ptolemy.moml.MoMLSimpleApplication@55d4a648
reloadAllAccessors: .Uniform

===========================================================================================
----------------- testing Wed Oct 06 02:07:01 UTC 2021 /home/travis/build/icyphy/ptII/ptolemy/actor/lib/test/auto/UnionDisassemblerTest.xml
----------------- Instantiating /home/travis/build/icyphy/ptII/ptolemy/actor/lib/test/auto/UnionDisassemblerTest.xml
8 ms. Memory: 439296K Free: 363660K (83%)
----------------- Invoking toplevel() on ptolemy.moml.MoMLSimpleApplication@ca10522
----------------- Done invoking toplevel() on ptolemy.moml.MoMLSimpleApplication@ca10522
reloadAllAccessors: .UnionDisassemblerTest

===========================================================================================
----------------- testing Wed Oct 06 02:07:01 UTC 2021 /home/travis/build/icyphy/ptII/ptolemy/actor/lib/test/auto/UtilityFunctions.xml
----------------- Instantiating /home/travis/build/icyphy/ptII/ptolemy/actor/lib/test/auto/UtilityFunctions.xml
1 ms. Memory: 439296K Free: 359570K (82%)
----------------- Invoking toplevel() on ptolemy.moml.MoMLSimpleApplication@496d1f00
----------------- Done invoking toplevel() on ptolemy.moml.MoMLSimpleApplication@496d1f00
reloadAllAccessors: .UtilityFunctions

===========================================================================================
----------------- testing Wed Oct 06 02:07:01 UTC 2021 /home/travis/build/icyphy/ptII/ptolemy/actor/lib/test/auto/VariableSleep.xml
----------------- Instantiating /home/travis/build/icyphy/ptII/ptolemy/actor/lib/test/auto/VariableSleep.xml
502 ms. Memory: 439296K Free: 354450K (81%)
----------------- Invoking toplevel() on ptolemy.moml.MoMLSimpleApplication@6ece3326
----------------- Done invoking toplevel() on ptolemy.moml.MoMLSimpleApplication@6ece3326
reloadAllAccessors: .VariableSleep

===========================================================================================
----------------- testing Wed Oct 06 02:07:01 UTC 2021 /home/travis/build/icyphy/ptII/ptolemy/actor/lib/test/auto/VectorAssemblerDisassemblerCT.xml
----------------- Instantiating /home/travis/build/icyphy/ptII/ptolemy/actor/lib/test/auto/VectorAssemblerDisassemblerCT.xml
66 ms. Memory: 439296K Free: 334484K (76%)
----------------- Invoking toplevel() on ptolemy.moml.MoMLSimpleApplication@2ab31693
----------------- Done invoking toplevel() on ptolemy.moml.MoMLSimpleApplication@2ab31693
reloadAllAccessors: .VectorAssemblerDisassemblerCT

===========================================================================================
----------------- testing Wed Oct 06 02:07:02 UTC 2021 /home/travis/build/icyphy/ptII/ptolemy/actor/lib/test/auto/VectorAssemblerDisassemblerDE.xml
----------------- Instantiating /home/travis/build/icyphy/ptII/ptolemy/actor/lib/test/auto/VectorAssemblerDisassemblerDE.xml
2 ms. Memory: 439296K Free: 326802K (74%)
----------------- Invoking toplevel() on ptolemy.moml.MoMLSimpleApplication@1ab0eafe
----------------- Done invoking toplevel() on ptolemy.moml.MoMLSimpleApplication@1ab0eafe
reloadAllAccessors: .VectorAssemblerDisassemblerDE

===========================================================================================
----------------- testing Wed Oct 06 02:07:02 UTC 2021 /home/travis/build/icyphy/ptII/ptolemy/actor/lib/test/auto/VectorAssemblerDisassemblerSDF.xml
----------------- Instantiating /home/travis/build/icyphy/ptII/ptolemy/actor/lib/test/auto/VectorAssemblerDisassemblerSDF.xml
2 ms. Memory: 439296K Free: 320148K (73%)
----------------- Invoking toplevel() on ptolemy.moml.MoMLSimpleApplication@2e2ac668
----------------- Done invoking toplevel() on ptolemy.moml.MoMLSimpleApplication@2e2ac668
reloadAllAccessors: .VectorAssemblerDisassemblerSDF

===========================================================================================
----------------- testing Wed Oct 06 02:07:02 UTC 2021 /home/travis/build/icyphy/ptII/ptolemy/actor/lib/test/auto/WallClockTime.xml
----------------- Instantiating /home/travis/build/icyphy/ptII/ptolemy/actor/lib/test/auto/WallClockTime.xml
1004 ms. Memory: 439296K Free: 315028K (72%)
----------------- Invoking toplevel() on ptolemy.moml.MoMLSimpleApplication@1c42b88a
----------------- Done invoking toplevel() on ptolemy.moml.MoMLSimpleApplication@1c42b88a
reloadAllAccessors: .WallClockTime

===========================================================================================
----------------- testing Wed Oct 06 02:07:03 UTC 2021 /home/travis/build/icyphy/ptII/ptolemy/actor/lib/test/auto/WidthTestWithSubscriberPublisher.xml
----------------- Instantiating /home/travis/build/icyphy/ptII/ptolemy/actor/lib/test/auto/WidthTestWithSubscriberPublisher.xml
12 ms. Memory: 439296K Free: 296596K (68%)
----------------- Invoking toplevel() on ptolemy.moml.MoMLSimpleApplication@750b3197
----------------- Done invoking toplevel() on ptolemy.moml.MoMLSimpleApplication@750b3197
reloadAllAccessors: .WidthTestWithSubscriberPublisher

===========================================================================================
----------------- testing Wed Oct 06 02:07:03 UTC 2021 /home/travis/build/icyphy/ptII/ptolemy/actor/lib/test/auto/WidthTestWithSubscriberPublisher2.xml
----------------- Instantiating /home/travis/build/icyphy/ptII/ptolemy/actor/lib/test/auto/WidthTestWithSubscriberPublisher2.xml
2 ms. Memory: 439296K Free: 289938K (66%)
----------------- Invoking toplevel() on ptolemy.moml.MoMLSimpleApplication@682aaf1d
----------------- Done invoking toplevel() on ptolemy.moml.MoMLSimpleApplication@682aaf1d
reloadAllAccessors: .WidthTestWithSubscriberPublisher2

===========================================================================================
----------------- testing Wed Oct 06 02:07:03 UTC 2021 /home/travis/build/icyphy/ptII/ptolemy/actor/lib/test/auto/WidthTestWithSubscriberPublisher3.xml
----------------- Instantiating /home/travis/build/icyphy/ptII/ptolemy/actor/lib/test/auto/WidthTestWithSubscriberPublisher3.xml
1 ms. Memory: 439296K Free: 284308K (65%)
----------------- Invoking toplevel() on ptolemy.moml.MoMLSimpleApplication@4c858d94
----------------- Done invoking toplevel() on ptolemy.moml.MoMLSimpleApplication@4c858d94
reloadAllAccessors: .WidthTestWithSubscriberPublisher3

===========================================================================================
----------------- testing Wed Oct 06 02:07:03 UTC 2021 /home/travis/build/icyphy/ptII/ptolemy/actor/lib/test/auto/Writer.xml
----------------- Instantiating /home/travis/build/icyphy/ptII/ptolemy/actor/lib/test/auto/Writer.xml
0
1
2
3
4
1 ms. Memory: 439296K Free: 279668K (64%)
----------------- Invoking toplevel() on ptolemy.moml.MoMLSimpleApplication@40bd94e0
----------------- Done invoking toplevel() on ptolemy.moml.MoMLSimpleApplication@40bd94e0
reloadAllAccessors: .Writer

===========================================================================================
----------------- testing Wed Oct 06 02:07:03 UTC 2021 /home/travis/build/icyphy/ptII/ptolemy/actor/lib/test/auto/array.xml
----------------- Instantiating /home/travis/build/icyphy/ptII/ptolemy/actor/lib/test/auto/array.xml
2 ms. Memory: 439296K Free: 275092K (63%)
----------------- Invoking toplevel() on ptolemy.moml.MoMLSimpleApplication@1fca85c3
----------------- Done invoking toplevel() on ptolemy.moml.MoMLSimpleApplication@1fca85c3
reloadAllAccessors: .array

===========================================================================================
----------------- testing Wed Oct 06 02:07:03 UTC 2021 /home/travis/build/icyphy/ptII/ptolemy/actor/lib/test/auto/array2.xml
----------------- Instantiating /home/travis/build/icyphy/ptII/ptolemy/actor/lib/test/auto/array2.xml
2 ms. Memory: 439296K Free: 270476K (62%)
----------------- Invoking toplevel() on ptolemy.moml.MoMLSimpleApplication@d263234
----------------- Done invoking toplevel() on ptolemy.moml.MoMLSimpleApplication@d263234
reloadAllAccessors: .array2

===========================================================================================
----------------- testing Wed Oct 06 02:07:03 UTC 2021 /home/travis/build/icyphy/ptII/ptolemy/actor/lib/test/auto/arrayType.xml
----------------- Instantiating /home/travis/build/icyphy/ptII/ptolemy/actor/lib/test/auto/arrayType.xml
2 ms. Memory: 439296K Free: 265362K (60%)
----------------- Invoking toplevel() on ptolemy.moml.MoMLSimpleApplication@4b19a879
----------------- Done invoking toplevel() on ptolemy.moml.MoMLSimpleApplication@4b19a879
reloadAllAccessors: .arrayType

===========================================================================================
----------------- testing Wed Oct 06 02:07:03 UTC 2021 /home/travis/build/icyphy/ptII/ptolemy/actor/lib/test/auto/arrayType10.xml
----------------- Instantiating /home/travis/build/icyphy/ptII/ptolemy/actor/lib/test/auto/arrayType10.xml
1 ms. Memory: 439296K Free: 260756K (59%)
----------------- Invoking toplevel() on ptolemy.moml.MoMLSimpleApplication@426206b7
----------------- Done invoking toplevel() on ptolemy.moml.MoMLSimpleApplication@426206b7
reloadAllAccessors: .arrayType10

===========================================================================================
----------------- testing Wed Oct 06 02:07:03 UTC 2021 /home/travis/build/icyphy/ptII/ptolemy/actor/lib/test/auto/arrayType11.xml
----------------- Instantiating /home/travis/build/icyphy/ptII/ptolemy/actor/lib/test/auto/arrayType11.xml
1 ms. Memory: 439296K Free: 255636K (58%)
----------------- Invoking toplevel() on ptolemy.moml.MoMLSimpleApplication@23a292ee
----------------- Done invoking toplevel() on ptolemy.moml.MoMLSimpleApplication@23a292ee
reloadAllAccessors: .arrayType11

===========================================================================================
----------------- testing Wed Oct 06 02:07:03 UTC 2021 /home/travis/build/icyphy/ptII/ptolemy/actor/lib/test/auto/arrayType12.xml
----------------- Instantiating /home/travis/build/icyphy/ptII/ptolemy/actor/lib/test/auto/arrayType12.xml
1 ms. Memory: 439296K Free: 250516K (57%)
----------------- Invoking toplevel() on ptolemy.moml.MoMLSimpleApplication@3e39f605
----------------- Done invoking toplevel() on ptolemy.moml.MoMLSimpleApplication@3e39f605
reloadAllAccessors: .arrayType12

===========================================================================================
----------------- testing Wed Oct 06 02:07:03 UTC 2021 /home/travis/build/icyphy/ptII/ptolemy/actor/lib/test/auto/arrayType13.xml
----------------- Instantiating /home/travis/build/icyphy/ptII/ptolemy/actor/lib/test/auto/arrayType13.xml
2 ms. Memory: 439296K Free: 245396K (56%)
----------------- Invoking toplevel() on ptolemy.moml.MoMLSimpleApplication@54a868f2
----------------- Done invoking toplevel() on ptolemy.moml.MoMLSimpleApplication@54a868f2
reloadAllAccessors: .arrayType13

===========================================================================================
----------------- testing Wed Oct 06 02:07:03 UTC 2021 /home/travis/build/icyphy/ptII/ptolemy/actor/lib/test/auto/arrayType14.xml
----------------- Instantiating /home/travis/build/icyphy/ptII/ptolemy/actor/lib/test/auto/arrayType14.xml
1 ms. Memory: 439296K Free: 240276K (55%)
----------------- Invoking toplevel() on ptolemy.moml.MoMLSimpleApplication@228fcd64
----------------- Done invoking toplevel() on ptolemy.moml.MoMLSimpleApplication@228fcd64
reloadAllAccessors: .arrayType14

===========================================================================================
----------------- testing Wed Oct 06 02:07:03 UTC 2021 /home/travis/build/icyphy/ptII/ptolemy/actor/lib/test/auto/arrayType15.xml
----------------- Instantiating /home/travis/build/icyphy/ptII/ptolemy/actor/lib/test/auto/arrayType15.xml
2 ms. Memory: 439296K Free: 235156K (54%)
----------------- Invoking toplevel() on ptolemy.moml.MoMLSimpleApplication@4e998d4b
----------------- Done invoking toplevel() on ptolemy.moml.MoMLSimpleApplication@4e998d4b
reloadAllAccessors: .arrayType15

===========================================================================================
----------------- testing Wed Oct 06 02:07:03 UTC 2021 /home/travis/build/icyphy/ptII/ptolemy/actor/lib/test/auto/arrayType16.xml
----------------- Instantiating /home/travis/build/icyphy/ptII/ptolemy/actor/lib/test/auto/arrayType16.xml
1 ms. Memory: 439296K Free: 229522K (52%)
----------------- Invoking toplevel() on ptolemy.moml.MoMLSimpleApplication@7f6b9945
----------------- Done invoking toplevel() on ptolemy.moml.MoMLSimpleApplication@7f6b9945
reloadAllAccessors: .arrayType16

===========================================================================================
----------------- testing Wed Oct 06 02:07:03 UTC 2021 /home/travis/build/icyphy/ptII/ptolemy/actor/lib/test/auto/arrayType17.xml
----------------- Instantiating /home/travis/build/icyphy/ptII/ptolemy/actor/lib/test/auto/arrayType17.xml
1 ms. Memory: 439296K Free: 224402K (51%)
----------------- Invoking toplevel() on ptolemy.moml.MoMLSimpleApplication@142005f7
----------------- Done invoking toplevel() on ptolemy.moml.MoMLSimpleApplication@142005f7
reloadAllAccessors: .arrayType17

===========================================================================================
----------------- testing Wed Oct 06 02:07:03 UTC 2021 /home/travis/build/icyphy/ptII/ptolemy/actor/lib/test/auto/arrayType18.xml
----------------- Instantiating /home/travis/build/icyphy/ptII/ptolemy/actor/lib/test/auto/arrayType18.xml
1 ms. Memory: 439296K Free: 219796K (50%)
----------------- Invoking toplevel() on ptolemy.moml.MoMLSimpleApplication@4d98903f
----------------- Done invoking toplevel() on ptolemy.moml.MoMLSimpleApplication@4d98903f
reloadAllAccessors: .arrayType18

===========================================================================================
----------------- testing Wed Oct 06 02:07:03 UTC 2021 /home/travis/build/icyphy/ptII/ptolemy/actor/lib/test/auto/arrayType19.xml
----------------- Instantiating /home/travis/build/icyphy/ptII/ptolemy/actor/lib/test/auto/arrayType19.xml
2 ms. Memory: 439296K Free: 215186K (49%)
----------------- Invoking toplevel() on ptolemy.moml.MoMLSimpleApplication@51bef986
----------------- Done invoking toplevel() on ptolemy.moml.MoMLSimpleApplication@51bef986
reloadAllAccessors: .arrayType19

===========================================================================================
----------------- testing Wed Oct 06 02:07:03 UTC 2021 /home/travis/build/icyphy/ptII/ptolemy/actor/lib/test/auto/arrayType2.xml
----------------- Instantiating /home/travis/build/icyphy/ptII/ptolemy/actor/lib/test/auto/arrayType2.xml
2 ms. Memory: 439296K Free: 210066K (48%)
----------------- Invoking toplevel() on ptolemy.moml.MoMLSimpleApplication@24dcc74c
----------------- Done invoking toplevel() on ptolemy.moml.MoMLSimpleApplication@24dcc74c
reloadAllAccessors: .arrayType2

===========================================================================================
----------------- testing Wed Oct 06 02:07:03 UTC 2021 /home/travis/build/icyphy/ptII/ptolemy/actor/lib/test/auto/arrayType20.xml
----------------- Instantiating /home/travis/build/icyphy/ptII/ptolemy/actor/lib/test/auto/arrayType20.xml
1 ms. Memory: 439296K Free: 204436K (47%)
----------------- Invoking toplevel() on ptolemy.moml.MoMLSimpleApplication@5345fc78
----------------- Done invoking toplevel() on ptolemy.moml.MoMLSimpleApplication@5345fc78
reloadAllAccessors: .arrayType20

===========================================================================================
----------------- testing Wed Oct 06 02:07:03 UTC 2021 /home/travis/build/icyphy/ptII/ptolemy/actor/lib/test/auto/arrayType21.xml
----------------- Instantiating /home/travis/build/icyphy/ptII/ptolemy/actor/lib/test/auto/arrayType21.xml
1 ms. Memory: 439296K Free: 199826K (45%)
----------------- Invoking toplevel() on ptolemy.moml.MoMLSimpleApplication@65543584
----------------- Done invoking toplevel() on ptolemy.moml.MoMLSimpleApplication@65543584
reloadAllAccessors: .arrayType21

===========================================================================================
----------------- testing Wed Oct 06 02:07:03 UTC 2021 /home/travis/build/icyphy/ptII/ptolemy/actor/lib/test/auto/arrayType22.xml
----------------- Instantiating /home/travis/build/icyphy/ptII/ptolemy/actor/lib/test/auto/arrayType22.xml
1 ms. Memory: 439296K Free: 195220K (44%)
----------------- Invoking toplevel() on ptolemy.moml.MoMLSimpleApplication@4b407718
----------------- Done invoking toplevel() on ptolemy.moml.MoMLSimpleApplication@4b407718
reloadAllAccessors: .arrayType22

===========================================================================================
----------------- testing Wed Oct 06 02:07:03 UTC 2021 /home/travis/build/icyphy/ptII/ptolemy/actor/lib/test/auto/arrayType23.xml
----------------- Instantiating /home/travis/build/icyphy/ptII/ptolemy/actor/lib/test/auto/arrayType23.xml
1 ms. Memory: 439296K Free: 190610K (43%)
----------------- Invoking toplevel() on ptolemy.moml.MoMLSimpleApplication@38582920
----------------- Done invoking toplevel() on ptolemy.moml.MoMLSimpleApplication@38582920
reloadAllAccessors: .arrayType23

===========================================================================================
----------------- testing Wed Oct 06 02:07:03 UTC 2021 /home/travis/build/icyphy/ptII/ptolemy/actor/lib/test/auto/arrayType24.xml
----------------- Instantiating /home/travis/build/icyphy/ptII/ptolemy/actor/lib/test/auto/arrayType24.xml
1 ms. Memory: 439296K Free: 185490K (42%)
----------------- Invoking toplevel() on ptolemy.moml.MoMLSimpleApplication@69d2d9de
----------------- Done invoking toplevel() on ptolemy.moml.MoMLSimpleApplication@69d2d9de
reloadAllAccessors: .arrayType24

===========================================================================================
----------------- testing Wed Oct 06 02:07:03 UTC 2021 /home/travis/build/icyphy/ptII/ptolemy/actor/lib/test/auto/arrayType25.xml
----------------- Instantiating /home/travis/build/icyphy/ptII/ptolemy/actor/lib/test/auto/arrayType25.xml
1 ms. Memory: 439296K Free: 180370K (41%)
----------------- Invoking toplevel() on ptolemy.moml.MoMLSimpleApplication@5ff4e35c
----------------- Done invoking toplevel() on ptolemy.moml.MoMLSimpleApplication@5ff4e35c
reloadAllAccessors: .arrayType25

===========================================================================================
----------------- testing Wed Oct 06 02:07:03 UTC 2021 /home/travis/build/icyphy/ptII/ptolemy/actor/lib/test/auto/arrayType26.xml
----------------- Instantiating /home/travis/build/icyphy/ptII/ptolemy/actor/lib/test/auto/arrayType26.xml
1 ms. Memory: 439296K Free: 175250K (40%)
----------------- Invoking toplevel() on ptolemy.moml.MoMLSimpleApplication@2fb1e79f
----------------- Done invoking toplevel() on ptolemy.moml.MoMLSimpleApplication@2fb1e79f
reloadAllAccessors: .arrayType26

===========================================================================================
----------------- testing Wed Oct 06 02:07:03 UTC 2021 /home/travis/build/icyphy/ptII/ptolemy/actor/lib/test/auto/arrayType27.xml
----------------- Instantiating /home/travis/build/icyphy/ptII/ptolemy/actor/lib/test/auto/arrayType27.xml
1 ms. Memory: 439296K Free: 170130K (39%)
----------------- Invoking toplevel() on ptolemy.moml.MoMLSimpleApplication@7c33da60
----------------- Done invoking toplevel() on ptolemy.moml.MoMLSimpleApplication@7c33da60
reloadAllAccessors: .arrayType27

===========================================================================================
----------------- testing Wed Oct 06 02:07:03 UTC 2021 /home/travis/build/icyphy/ptII/ptolemy/actor/lib/test/auto/arrayType28.xml
----------------- Instantiating /home/travis/build/icyphy/ptII/ptolemy/actor/lib/test/auto/arrayType28.xml
4 ms. Memory: 439296K Free: 164500K (37%)
----------------- Invoking toplevel() on ptolemy.moml.MoMLSimpleApplication@4c7aa3a5
----------------- Done invoking toplevel() on ptolemy.moml.MoMLSimpleApplication@4c7aa3a5
reloadAllAccessors: .arrayType28

===========================================================================================
----------------- testing Wed Oct 06 02:07:03 UTC 2021 /home/travis/build/icyphy/ptII/ptolemy/actor/lib/test/auto/arrayType3.xml
----------------- Instantiating /home/travis/build/icyphy/ptII/ptolemy/actor/lib/test/auto/arrayType3.xml
1 ms. Memory: 439296K Free: 159380K (36%)
----------------- Invoking toplevel() on ptolemy.moml.MoMLSimpleApplication@29a07b5d
----------------- Done invoking toplevel() on ptolemy.moml.MoMLSimpleApplication@29a07b5d
reloadAllAccessors: .arrayType3

===========================================================================================
----------------- testing Wed Oct 06 02:07:03 UTC 2021 /home/travis/build/icyphy/ptII/ptolemy/actor/lib/test/auto/arrayType4.xml
----------------- Instantiating /home/travis/build/icyphy/ptII/ptolemy/actor/lib/test/auto/arrayType4.xml
3 ms. Memory: 439296K Free: 154260K (35%)
----------------- Invoking toplevel() on ptolemy.moml.MoMLSimpleApplication@45f7cf7c
----------------- Done invoking toplevel() on ptolemy.moml.MoMLSimpleApplication@45f7cf7c
reloadAllAccessors: .arrayType4

===========================================================================================
----------------- testing Wed Oct 06 02:07:03 UTC 2021 /home/travis/build/icyphy/ptII/ptolemy/actor/lib/test/auto/arrayType5.xml
----------------- Instantiating /home/travis/build/icyphy/ptII/ptolemy/actor/lib/test/auto/arrayType5.xml
3 ms. Memory: 439296K Free: 149140K (34%)
----------------- Invoking toplevel() on ptolemy.moml.MoMLSimpleApplication@46da171a
----------------- Done invoking toplevel() on ptolemy.moml.MoMLSimpleApplication@46da171a
reloadAllAccessors: .arrayType5

===========================================================================================
----------------- testing Wed Oct 06 02:07:03 UTC 2021 /home/travis/build/icyphy/ptII/ptolemy/actor/lib/test/auto/arrayType6.xml
----------------- Instantiating /home/travis/build/icyphy/ptII/ptolemy/actor/lib/test/auto/arrayType6.xml
1 ms. Memory: 439296K Free: 144020K (33%)
----------------- Invoking toplevel() on ptolemy.moml.MoMLSimpleApplication@6b2411ba
----------------- Done invoking toplevel() on ptolemy.moml.MoMLSimpleApplication@6b2411ba
reloadAllAccessors: .arrayType6

===========================================================================================
----------------- testing Wed Oct 06 02:07:03 UTC 2021 /home/travis/build/icyphy/ptII/ptolemy/actor/lib/test/auto/arrayType7.xml
----------------- Instantiating /home/travis/build/icyphy/ptII/ptolemy/actor/lib/test/auto/arrayType7.xml
1 ms. Memory: 439296K Free: 139410K (32%)
----------------- Invoking toplevel() on ptolemy.moml.MoMLSimpleApplication@30354b07
----------------- Done invoking toplevel() on ptolemy.moml.MoMLSimpleApplication@30354b07
reloadAllAccessors: .arrayType7

===========================================================================================
----------------- testing Wed Oct 06 02:07:03 UTC 2021 /home/travis/build/icyphy/ptII/ptolemy/actor/lib/test/auto/arrayType8.xml
----------------- Instantiating /home/travis/build/icyphy/ptII/ptolemy/actor/lib/test/auto/arrayType8.xml
5 ms. Memory: 439296K Free: 134804K (31%)
----------------- Invoking toplevel() on ptolemy.moml.MoMLSimpleApplication@626dd0c
----------------- Done invoking toplevel() on ptolemy.moml.MoMLSimpleApplication@626dd0c
reloadAllAccessors: .arrayType8

===========================================================================================
----------------- testing Wed Oct 06 02:07:03 UTC 2021 /home/travis/build/icyphy/ptII/ptolemy/actor/lib/test/auto/arrayType9.xml
----------------- Instantiating /home/travis/build/icyphy/ptII/ptolemy/actor/lib/test/auto/arrayType9.xml
1 ms. Memory: 439296K Free: 130194K (30%)
----------------- Invoking toplevel() on ptolemy.moml.MoMLSimpleApplication@16c25ea5
----------------- Done invoking toplevel() on ptolemy.moml.MoMLSimpleApplication@16c25ea5
reloadAllAccessors: .arrayType9

===========================================================================================
----------------- testing Wed Oct 06 02:07:03 UTC 2021 /home/travis/build/icyphy/ptII/ptolemy/actor/lib/test/auto/cast.xml
----------------- Instantiating /home/travis/build/icyphy/ptII/ptolemy/actor/lib/test/auto/cast.xml
1 ms. Memory: 439296K Free: 382065K (87%)
----------------- Invoking toplevel() on ptolemy.moml.MoMLSimpleApplication@3e33dbd5
----------------- Done invoking toplevel() on ptolemy.moml.MoMLSimpleApplication@3e33dbd5
reloadAllAccessors: .cast

===========================================================================================
----------------- testing Wed Oct 06 02:07:03 UTC 2021 /home/travis/build/icyphy/ptII/ptolemy/actor/lib/test/auto/compositeMultiPort.xml
----------------- Instantiating /home/travis/build/icyphy/ptII/ptolemy/actor/lib/test/auto/compositeMultiPort.xml
3 ms. Memory: 439296K Free: 373345K (85%)
----------------- Invoking toplevel() on ptolemy.moml.MoMLSimpleApplication@5f008019
----------------- Done invoking toplevel() on ptolemy.moml.MoMLSimpleApplication@5f008019
reloadAllAccessors: .compositeMultiPort

===========================================================================================
----------------- testing Wed Oct 06 02:07:03 UTC 2021 /home/travis/build/icyphy/ptII/ptolemy/actor/lib/test/auto/expressionCastInference.xml
----------------- Instantiating /home/travis/build/icyphy/ptII/ptolemy/actor/lib/test/auto/expressionCastInference.xml
2 ms. Memory: 439296K Free: 368753K (84%)
----------------- Invoking toplevel() on ptolemy.moml.MoMLSimpleApplication@1fb772d9
----------------- Done invoking toplevel() on ptolemy.moml.MoMLSimpleApplication@1fb772d9
reloadAllAccessors: .expressionCastInference

===========================================================================================
----------------- testing Wed Oct 06 02:07:03 UTC 2021 /home/travis/build/icyphy/ptII/ptolemy/actor/lib/test/auto/expressionCastInference2.xml
----------------- Instantiating /home/travis/build/icyphy/ptII/ptolemy/actor/lib/test/auto/expressionCastInference2.xml
2 ms. Memory: 439296K Free: 364143K (83%)
----------------- Invoking toplevel() on ptolemy.moml.MoMLSimpleApplication@580fe432
----------------- Done invoking toplevel() on ptolemy.moml.MoMLSimpleApplication@580fe432
reloadAllAccessors: .expressionCastInference2

===========================================================================================
----------------- testing Wed Oct 06 02:07:03 UTC 2021 /home/travis/build/icyphy/ptII/ptolemy/actor/lib/test/auto/expressionInference.xml
----------------- Instantiating /home/travis/build/icyphy/ptII/ptolemy/actor/lib/test/auto/expressionInference.xml
1 ms. Memory: 439296K Free: 359537K (82%)
----------------- Invoking toplevel() on ptolemy.moml.MoMLSimpleApplication@6ffe6090
----------------- Done invoking toplevel() on ptolemy.moml.MoMLSimpleApplication@6ffe6090
reloadAllAccessors: .expressionInference

===========================================================================================
----------------- testing Wed Oct 06 02:07:03 UTC 2021 /home/travis/build/icyphy/ptII/ptolemy/actor/lib/test/auto/expression_bug.xml
----------------- Instantiating /home/travis/build/icyphy/ptII/ptolemy/actor/lib/test/auto/expression_bug.xml
1 ms. Memory: 439296K Free: 355441K (81%)
----------------- Invoking toplevel() on ptolemy.moml.MoMLSimpleApplication@8524f74
----------------- Done invoking toplevel() on ptolemy.moml.MoMLSimpleApplication@8524f74
reloadAllAccessors: .expression_bug

===========================================================================================
----------------- testing Wed Oct 06 02:07:03 UTC 2021 /home/travis/build/icyphy/ptII/ptolemy/actor/lib/test/auto/factorial.xml
----------------- Instantiating /home/travis/build/icyphy/ptII/ptolemy/actor/lib/test/auto/factorial.xml
42 ms. Memory: 439296K Free: 346735K (79%)
----------------- Invoking toplevel() on ptolemy.moml.MoMLSimpleApplication@597fec41
----------------- Done invoking toplevel() on ptolemy.moml.MoMLSimpleApplication@597fec41
reloadAllAccessors: .factorial

===========================================================================================
----------------- testing Wed Oct 06 02:07:03 UTC 2021 /home/travis/build/icyphy/ptII/ptolemy/actor/lib/test/auto/filterTest1.xml
----------------- Instantiating /home/travis/build/icyphy/ptII/ptolemy/actor/lib/test/auto/filterTest1.xml
3 ms. Memory: 439296K Free: 340577K (78%)
----------------- Invoking toplevel() on ptolemy.moml.MoMLSimpleApplication@3fbb7b53
----------------- Done invoking toplevel() on ptolemy.moml.MoMLSimpleApplication@3fbb7b53
reloadAllAccessors: .filterTest1

===========================================================================================
----------------- testing Wed Oct 06 02:07:03 UTC 2021 /home/travis/build/icyphy/ptII/ptolemy/actor/lib/test/auto/funcApplyInConst.xml
----------------- Instantiating /home/travis/build/icyphy/ptII/ptolemy/actor/lib/test/auto/funcApplyInConst.xml
0 ms. Memory: 439296K Free: 337009K (77%)
----------------- Invoking toplevel() on ptolemy.moml.MoMLSimpleApplication@26bc7b2c
----------------- Done invoking toplevel() on ptolemy.moml.MoMLSimpleApplication@26bc7b2c
reloadAllAccessors: .funcApplyInConst

===========================================================================================
----------------- testing Wed Oct 06 02:07:03 UTC 2021 /home/travis/build/icyphy/ptII/ptolemy/actor/lib/test/auto/funcApplyInExpr.xml
----------------- Instantiating /home/travis/build/icyphy/ptII/ptolemy/actor/lib/test/auto/funcApplyInExpr.xml
1 ms. Memory: 439296K Free: 333423K (76%)
----------------- Invoking toplevel() on ptolemy.moml.MoMLSimpleApplication@11fa2a8a
----------------- Done invoking toplevel() on ptolemy.moml.MoMLSimpleApplication@11fa2a8a
reloadAllAccessors: .funcApplyInExpr

===========================================================================================
----------------- testing Wed Oct 06 02:07:03 UTC 2021 /home/travis/build/icyphy/ptII/ptolemy/actor/lib/test/auto/function.xml
----------------- Instantiating /home/travis/build/icyphy/ptII/ptolemy/actor/lib/test/auto/function.xml
1 ms. Memory: 439296K Free: 328817K (75%)
----------------- Invoking toplevel() on ptolemy.moml.MoMLSimpleApplication@515573c
----------------- Done invoking toplevel() on ptolemy.moml.MoMLSimpleApplication@515573c
reloadAllAccessors: .function

===========================================================================================
----------------- testing Wed Oct 06 02:07:03 UTC 2021 /home/travis/build/icyphy/ptII/ptolemy/actor/lib/test/auto/function2.xml
----------------- Instantiating /home/travis/build/icyphy/ptII/ptolemy/actor/lib/test/auto/function2.xml
2 ms. Memory: 439296K Free: 323697K (74%)
----------------- Invoking toplevel() on ptolemy.moml.MoMLSimpleApplication@672f6b51
----------------- Done invoking toplevel() on ptolemy.moml.MoMLSimpleApplication@672f6b51
reloadAllAccessors: .function2

===========================================================================================
----------------- testing Wed Oct 06 02:07:03 UTC 2021 /home/travis/build/icyphy/ptII/ptolemy/actor/lib/test/auto/function3.xml
----------------- Instantiating /home/travis/build/icyphy/ptII/ptolemy/actor/lib/test/auto/function3.xml
1 ms. Memory: 439296K Free: 320111K (73%)
----------------- Invoking toplevel() on ptolemy.moml.MoMLSimpleApplication@4886c184
----------------- Done invoking toplevel() on ptolemy.moml.MoMLSimpleApplication@4886c184
reloadAllAccessors: .function3

===========================================================================================
----------------- testing Wed Oct 06 02:07:03 UTC 2021 /home/travis/build/icyphy/ptII/ptolemy/actor/lib/test/auto/functionClosureTest1.xml
----------------- Instantiating /home/travis/build/icyphy/ptII/ptolemy/actor/lib/test/auto/functionClosureTest1.xml
2 ms. Memory: 439296K Free: 314481K (72%)
----------------- Invoking toplevel() on ptolemy.moml.MoMLSimpleApplication@3438a179
----------------- Done invoking toplevel() on ptolemy.moml.MoMLSimpleApplication@3438a179
reloadAllAccessors: .functionClosureTest1

===========================================================================================
----------------- testing Wed Oct 06 02:07:03 UTC 2021 /home/travis/build/icyphy/ptII/ptolemy/actor/lib/test/auto/functionClosureTest2.xml
----------------- Instantiating /home/travis/build/icyphy/ptII/ptolemy/actor/lib/test/auto/functionClosureTest2.xml
1 ms. Memory: 439296K Free: 310385K (71%)
----------------- Invoking toplevel() on ptolemy.moml.MoMLSimpleApplication@5e0676d8
----------------- Done invoking toplevel() on ptolemy.moml.MoMLSimpleApplication@5e0676d8
reloadAllAccessors: .functionClosureTest2

===========================================================================================
----------------- testing Wed Oct 06 02:07:03 UTC 2021 /home/travis/build/icyphy/ptII/ptolemy/actor/lib/test/auto/functionClosureTest3.xml
----------------- Instantiating /home/travis/build/icyphy/ptII/ptolemy/actor/lib/test/auto/functionClosureTest3.xml
1 ms. Memory: 439296K Free: 305265K (69%)
----------------- Invoking toplevel() on ptolemy.moml.MoMLSimpleApplication@477cda44
----------------- Done invoking toplevel() on ptolemy.moml.MoMLSimpleApplication@477cda44
reloadAllAccessors: .functionClosureTest3

===========================================================================================
----------------- testing Wed Oct 06 02:07:03 UTC 2021 /home/travis/build/icyphy/ptII/ptolemy/actor/lib/test/auto/functionClosureTest4.xml
----------------- Instantiating /home/travis/build/icyphy/ptII/ptolemy/actor/lib/test/auto/functionClosureTest4.xml
3 ms. Memory: 439296K Free: 299121K (68%)
----------------- Invoking toplevel() on ptolemy.moml.MoMLSimpleApplication@1ffc6837
----------------- Done invoking toplevel() on ptolemy.moml.MoMLSimpleApplication@1ffc6837
reloadAllAccessors: .functionClosureTest4

===========================================================================================
----------------- testing Wed Oct 06 02:07:03 UTC 2021 /home/travis/build/icyphy/ptII/ptolemy/actor/lib/test/auto/functionClosureTest5.xml
----------------- Instantiating /home/travis/build/icyphy/ptII/ptolemy/actor/lib/test/auto/functionClosureTest5.xml
3 ms. Memory: 439296K Free: 293473K (67%)
----------------- Invoking toplevel() on ptolemy.moml.MoMLSimpleApplication@3880062b
----------------- Done invoking toplevel() on ptolemy.moml.MoMLSimpleApplication@3880062b
reloadAllAccessors: .functionClosureTest5

===========================================================================================
----------------- testing Wed Oct 06 02:07:03 UTC 2021 /home/travis/build/icyphy/ptII/ptolemy/actor/lib/test/auto/functionClosureTest6.xml
----------------- Instantiating /home/travis/build/icyphy/ptII/ptolemy/actor/lib/test/auto/functionClosureTest6.xml
1 ms. Memory: 439296K Free: 288881K (66%)
----------------- Invoking toplevel() on ptolemy.moml.MoMLSimpleApplication@2bdddd08
----------------- Done invoking toplevel() on ptolemy.moml.MoMLSimpleApplication@2bdddd08
reloadAllAccessors: .functionClosureTest6

===========================================================================================
----------------- testing Wed Oct 06 02:07:03 UTC 2021 /home/travis/build/icyphy/ptII/ptolemy/actor/lib/test/auto/functionsOnArcs.xml
----------------- Instantiating /home/travis/build/icyphy/ptII/ptolemy/actor/lib/test/auto/functionsOnArcs.xml
1 ms. Memory: 439296K Free: 283761K (65%)
----------------- Invoking toplevel() on ptolemy.moml.MoMLSimpleApplication@2ba66c59
----------------- Done invoking toplevel() on ptolemy.moml.MoMLSimpleApplication@2ba66c59
reloadAllAccessors: .functionsOnArcs

===========================================================================================
----------------- testing Wed Oct 06 02:07:03 UTC 2021 /home/travis/build/icyphy/ptII/ptolemy/actor/lib/test/auto/functionsOnArcsHOF.xml
----------------- Instantiating /home/travis/build/icyphy/ptII/ptolemy/actor/lib/test/auto/functionsOnArcsHOF.xml
3 ms. Memory: 439296K Free: 277617K (63%)
----------------- Invoking toplevel() on ptolemy.moml.MoMLSimpleApplication@55799ff9
----------------- Done invoking toplevel() on ptolemy.moml.MoMLSimpleApplication@55799ff9
reloadAllAccessors: .functionsOnArcsHOF

===========================================================================================
----------------- testing Wed Oct 06 02:07:03 UTC 2021 /home/travis/build/icyphy/ptII/ptolemy/actor/lib/test/auto/logic.xml
----------------- Instantiating /home/travis/build/icyphy/ptII/ptolemy/actor/lib/test/auto/logic.xml
2 ms. Memory: 439296K Free: 270449K (62%)
----------------- Invoking toplevel() on ptolemy.moml.MoMLSimpleApplication@4e387e43
----------------- Done invoking toplevel() on ptolemy.moml.MoMLSimpleApplication@4e387e43
reloadAllAccessors: .logic

===========================================================================================
----------------- testing Wed Oct 06 02:07:04 UTC 2021 /home/travis/build/icyphy/ptII/ptolemy/actor/lib/test/auto/matrixType.xml
----------------- Instantiating /home/travis/build/icyphy/ptII/ptolemy/actor/lib/test/auto/matrixType.xml
1 ms. Memory: 439296K Free: 265839K (61%)
----------------- Invoking toplevel() on ptolemy.moml.MoMLSimpleApplication@3c556eba
----------------- Done invoking toplevel() on ptolemy.moml.MoMLSimpleApplication@3c556eba
reloadAllAccessors: .matrixType

===========================================================================================
----------------- testing Wed Oct 06 02:07:04 UTC 2021 /home/travis/build/icyphy/ptII/ptolemy/actor/lib/test/auto/matrixType10.xml
----------------- Instantiating /home/travis/build/icyphy/ptII/ptolemy/actor/lib/test/auto/matrixType10.xml
2 ms. Memory: 439296K Free: 260719K (59%)
----------------- Invoking toplevel() on ptolemy.moml.MoMLSimpleApplication@7000a596
----------------- Done invoking toplevel() on ptolemy.moml.MoMLSimpleApplication@7000a596
reloadAllAccessors: .matrixType10

===========================================================================================
----------------- testing Wed Oct 06 02:07:04 UTC 2021 /home/travis/build/icyphy/ptII/ptolemy/actor/lib/test/auto/matrixType11.xml
----------------- Instantiating /home/travis/build/icyphy/ptII/ptolemy/actor/lib/test/auto/matrixType11.xml
1 ms. Memory: 439296K Free: 256113K (58%)
----------------- Invoking toplevel() on ptolemy.moml.MoMLSimpleApplication@503c574e
----------------- Done invoking toplevel() on ptolemy.moml.MoMLSimpleApplication@503c574e
reloadAllAccessors: .matrixType11

===========================================================================================
----------------- testing Wed Oct 06 02:07:04 UTC 2021 /home/travis/build/icyphy/ptII/ptolemy/actor/lib/test/auto/matrixType12.xml
----------------- Instantiating /home/travis/build/icyphy/ptII/ptolemy/actor/lib/test/auto/matrixType12.xml
1 ms. Memory: 439296K Free: 251503K (57%)
----------------- Invoking toplevel() on ptolemy.moml.MoMLSimpleApplication@92c1eff
----------------- Done invoking toplevel() on ptolemy.moml.MoMLSimpleApplication@92c1eff
reloadAllAccessors: .matrixType12

===========================================================================================
----------------- testing Wed Oct 06 02:07:04 UTC 2021 /home/travis/build/icyphy/ptII/ptolemy/actor/lib/test/auto/matrixType13.xml
----------------- Instantiating /home/travis/build/icyphy/ptII/ptolemy/actor/lib/test/auto/matrixType13.xml
1 ms. Memory: 439296K Free: 246383K (56%)
----------------- Invoking toplevel() on ptolemy.moml.MoMLSimpleApplication@5421fff8
----------------- Done invoking toplevel() on ptolemy.moml.MoMLSimpleApplication@5421fff8
reloadAllAccessors: .matrixType13

===========================================================================================
----------------- testing Wed Oct 06 02:07:04 UTC 2021 /home/travis/build/icyphy/ptII/ptolemy/actor/lib/test/auto/matrixType14.xml
----------------- Instantiating /home/travis/build/icyphy/ptII/ptolemy/actor/lib/test/auto/matrixType14.xml
1 ms. Memory: 439296K Free: 241263K (55%)
----------------- Invoking toplevel() on ptolemy.moml.MoMLSimpleApplication@771d7f39
----------------- Done invoking toplevel() on ptolemy.moml.MoMLSimpleApplication@771d7f39
reloadAllAccessors: .matrixType14

===========================================================================================
----------------- testing Wed Oct 06 02:07:04 UTC 2021 /home/travis/build/icyphy/ptII/ptolemy/actor/lib/test/auto/matrixType2.xml
----------------- Instantiating /home/travis/build/icyphy/ptII/ptolemy/actor/lib/test/auto/matrixType2.xml
1 ms. Memory: 439296K Free: 236143K (54%)
----------------- Invoking toplevel() on ptolemy.moml.MoMLSimpleApplication@645fbc6e
----------------- Done invoking toplevel() on ptolemy.moml.MoMLSimpleApplication@645fbc6e
reloadAllAccessors: .matrixType2

===========================================================================================
----------------- testing Wed Oct 06 02:07:04 UTC 2021 /home/travis/build/icyphy/ptII/ptolemy/actor/lib/test/auto/matrixType3.xml
----------------- Instantiating /home/travis/build/icyphy/ptII/ptolemy/actor/lib/test/auto/matrixType3.xml
2 ms. Memory: 439296K Free: 231023K (53%)
----------------- Invoking toplevel() on ptolemy.moml.MoMLSimpleApplication@75fe3dab
----------------- Done invoking toplevel() on ptolemy.moml.MoMLSimpleApplication@75fe3dab
reloadAllAccessors: .matrixType3

===========================================================================================
----------------- testing Wed Oct 06 02:07:04 UTC 2021 /home/travis/build/icyphy/ptII/ptolemy/actor/lib/test/auto/matrixType4.xml
----------------- Instantiating /home/travis/build/icyphy/ptII/ptolemy/actor/lib/test/auto/matrixType4.xml
1 ms. Memory: 439296K Free: 226417K (52%)
----------------- Invoking toplevel() on ptolemy.moml.MoMLSimpleApplication@516b83e3
----------------- Done invoking toplevel() on ptolemy.moml.MoMLSimpleApplication@516b83e3
reloadAllAccessors: .matrixType4

===========================================================================================
----------------- testing Wed Oct 06 02:07:04 UTC 2021 /home/travis/build/icyphy/ptII/ptolemy/actor/lib/test/auto/matrixType5.xml
----------------- Instantiating /home/travis/build/icyphy/ptII/ptolemy/actor/lib/test/auto/matrixType5.xml
1 ms. Memory: 439296K Free: 221807K (50%)
----------------- Invoking toplevel() on ptolemy.moml.MoMLSimpleApplication@6b7f7ba1
----------------- Done invoking toplevel() on ptolemy.moml.MoMLSimpleApplication@6b7f7ba1
reloadAllAccessors: .matrixType5

===========================================================================================
----------------- testing Wed Oct 06 02:07:04 UTC 2021 /home/travis/build/icyphy/ptII/ptolemy/actor/lib/test/auto/matrixType6.xml
----------------- Instantiating /home/travis/build/icyphy/ptII/ptolemy/actor/lib/test/auto/matrixType6.xml
0 ms. Memory: 439296K Free: 216687K (49%)
----------------- Invoking toplevel() on ptolemy.moml.MoMLSimpleApplication@71b6cc39
----------------- Done invoking toplevel() on ptolemy.moml.MoMLSimpleApplication@71b6cc39
reloadAllAccessors: .matrixType6

===========================================================================================
----------------- testing Wed Oct 06 02:07:04 UTC 2021 /home/travis/build/icyphy/ptII/ptolemy/actor/lib/test/auto/matrixType7.xml
----------------- Instantiating /home/travis/build/icyphy/ptII/ptolemy/actor/lib/test/auto/matrixType7.xml
1 ms. Memory: 439296K Free: 212081K (48%)
----------------- Invoking toplevel() on ptolemy.moml.MoMLSimpleApplication@40ec7dba
----------------- Done invoking toplevel() on ptolemy.moml.MoMLSimpleApplication@40ec7dba
reloadAllAccessors: .matrixType7

===========================================================================================
----------------- testing Wed Oct 06 02:07:04 UTC 2021 /home/travis/build/icyphy/ptII/ptolemy/actor/lib/test/auto/matrixType8.xml
----------------- Instantiating /home/travis/build/icyphy/ptII/ptolemy/actor/lib/test/auto/matrixType8.xml
1 ms. Memory: 439296K Free: 207471K (47%)
----------------- Invoking toplevel() on ptolemy.moml.MoMLSimpleApplication@38fd1798
----------------- Done invoking toplevel() on ptolemy.moml.MoMLSimpleApplication@38fd1798
reloadAllAccessors: .matrixType8

===========================================================================================
----------------- testing Wed Oct 06 02:07:04 UTC 2021 /home/travis/build/icyphy/ptII/ptolemy/actor/lib/test/auto/matrixType9.xml
----------------- Instantiating /home/travis/build/icyphy/ptII/ptolemy/actor/lib/test/auto/matrixType9.xml
1 ms. Memory: 439296K Free: 202351K (46%)
----------------- Invoking toplevel() on ptolemy.moml.MoMLSimpleApplication@2010e8d
----------------- Done invoking toplevel() on ptolemy.moml.MoMLSimpleApplication@2010e8d
reloadAllAccessors: .matrixType9

===========================================================================================
----------------- testing Wed Oct 06 02:07:04 UTC 2021 /home/travis/build/icyphy/ptII/ptolemy/actor/lib/test/auto/paraFunctest.xml
----------------- Instantiating /home/travis/build/icyphy/ptII/ptolemy/actor/lib/test/auto/paraFunctest.xml
2 ms. Memory: 439296K Free: 198769K (45%)
----------------- Invoking toplevel() on ptolemy.moml.MoMLSimpleApplication@fb0db1c
----------------- Done invoking toplevel() on ptolemy.moml.MoMLSimpleApplication@fb0db1c
reloadAllAccessors: .paraFunctest

===========================================================================================
----------------- testing Wed Oct 06 02:07:04 UTC 2021 /home/travis/build/icyphy/ptII/ptolemy/actor/lib/test/auto/paraFunctest2.xml
----------------- Instantiating /home/travis/build/icyphy/ptII/ptolemy/actor/lib/test/auto/paraFunctest2.xml
1 ms. Memory: 439296K Free: 194159K (44%)
----------------- Invoking toplevel() on ptolemy.moml.MoMLSimpleApplication@474128e
----------------- Done invoking toplevel() on ptolemy.moml.MoMLSimpleApplication@474128e
reloadAllAccessors: .paraFunctest2

===========================================================================================
----------------- testing Wed Oct 06 02:07:04 UTC 2021 /home/travis/build/icyphy/ptII/ptolemy/actor/lib/test/auto/parameterPassing.xml
----------------- Instantiating /home/travis/build/icyphy/ptII/ptolemy/actor/lib/test/auto/parameterPassing.xml
1 ms. Memory: 439296K Free: 189553K (43%)
----------------- Invoking toplevel() on ptolemy.moml.MoMLSimpleApplication@5265d386
----------------- Done invoking toplevel() on ptolemy.moml.MoMLSimpleApplication@5265d386
reloadAllAccessors: .parameterPassing

===========================================================================================
----------------- testing Wed Oct 06 02:07:04 UTC 2021 /home/travis/build/icyphy/ptII/ptolemy/actor/lib/test/auto/record.xml
----------------- Instantiating /home/travis/build/icyphy/ptII/ptolemy/actor/lib/test/auto/record.xml
1 ms. Memory: 439296K Free: 184943K (42%)
----------------- Invoking toplevel() on ptolemy.moml.MoMLSimpleApplication@12463bcb
----------------- Done invoking toplevel() on ptolemy.moml.MoMLSimpleApplication@12463bcb
reloadAllAccessors: .record

===========================================================================================
----------------- testing Wed Oct 06 02:07:04 UTC 2021 /home/travis/build/icyphy/ptII/ptolemy/actor/lib/test/auto/sizedarray1.xml
----------------- Instantiating /home/travis/build/icyphy/ptII/ptolemy/actor/lib/test/auto/sizedarray1.xml
1 ms. Memory: 439296K Free: 179313K (41%)
----------------- Invoking toplevel() on ptolemy.moml.MoMLSimpleApplication@73613b0a
----------------- Done invoking toplevel() on ptolemy.moml.MoMLSimpleApplication@73613b0a
reloadAllAccessors: .sizedarray1

===========================================================================================
----------------- testing Wed Oct 06 02:07:04 UTC 2021 /home/travis/build/icyphy/ptII/ptolemy/actor/lib/test/auto/sizedarray2.xml
----------------- Instantiating /home/travis/build/icyphy/ptII/ptolemy/actor/lib/test/auto/sizedarray2.xml
2 ms. Memory: 439296K Free: 174193K (40%)
----------------- Invoking toplevel() on ptolemy.moml.MoMLSimpleApplication@784ccc59
----------------- Done invoking toplevel() on ptolemy.moml.MoMLSimpleApplication@784ccc59
reloadAllAccessors: .sizedarray2

===========================================================================================
----------------- testing Wed Oct 06 02:07:04 UTC 2021 /home/travis/build/icyphy/ptII/ptolemy/actor/lib/test/auto/twoPublishers.xml
----------------- Instantiating /home/travis/build/icyphy/ptII/ptolemy/actor/lib/test/auto/twoPublishers.xml
4 ms. Memory: 439296K Free: 163953K (37%)
----------------- Invoking toplevel() on ptolemy.moml.MoMLSimpleApplication@164f0ad5
----------------- Done invoking toplevel() on ptolemy.moml.MoMLSimpleApplication@164f0ad5
reloadAllAccessors: .twoPublishers
AutoTests.java: About to close Vertx.
AutoTests.java: Vertx closed.
]]></system-out>
  <system-err><![CDATA[java.lang.RuntimeException: Execution failed
	at ptolemy.moml.MoMLSimpleApplication$UnloadThread.run(MoMLSimpleApplication.java:402)
Caused by: java.lang.RuntimeException: StringUtilities.exit() was called. Normally, we would exit here because Manager.exitAfterWrapup() was called.  However, because the ptolemy.ptII.exitAfterWrapup property is set, we throw this exception instead.
	at ptolemy.util.StringUtilities.exit(StringUtilities.java:365)
	at ptolemy.actor.Manager.wrapup(Manager.java:1549)
	at ptolemy.actor.Manager.execute(Manager.java:407)
	at ptolemy.actor.Manager.run(Manager.java:1263)
	at ptolemy.actor.Manager$PtolemyRunThread.run(Manager.java:1933)
Warning: '.top.test' is in training mode, set the trainingMode parameter to false before checking in
Warning: '.top.test' is in training mode, set the trainingMode parameter to false before checking in
Warning: '.top.test' is in training mode, set the trainingMode parameter to false before checking in
Warning: '.BooleanSwitch_RegressionTest_WrongTrainingValues.Test' is in training mode, set the trainingMode parameter to false before checking in
Warning: '.BooleanSwitch_RegressionTest_WrongTrainingValues.Test2' is in training mode, set the trainingMode parameter to false before checking in
Warning: '.BooleanSwitch_RegressionTest_WrongTrainingValues.Test2' The test produced 0 tokens.
Warning: '.top.testExceptionHandler' is in training mode, set the trainingMode parameter to false before checking in
java.lang.RuntimeException: Execution failed
	at ptolemy.moml.MoMLSimpleApplication$UnloadThread.run(MoMLSimpleApplication.java:402)
Caused by: ptolemy.kernel.util.IllegalActionException: PublisherPorts cannot be used at the top level, use a Publisher actor instead.
  in .PublisherPortToplevelSubscriber.PublisherPort
	at ptolemy.actor.PublisherPort.preinitialize(PublisherPort.java:403)
	at ptolemy.actor.CompositeActor.preinitialize(CompositeActor.java:1769)
	at ptolemy.actor.Manager.preinitializeAndResolveTypes(Manager.java:1040)
	at ptolemy.actor.Manager.initialize(Manager.java:710)
	at ptolemy.actor.Manager.execute(Manager.java:356)
	at ptolemy.actor.Manager.run(Manager.java:1263)
	at ptolemy.actor.Manager$PtolemyRunThread.run(Manager.java:1933)
java.lang.reflect.InvocationTargetException
	at java.base/jdk.internal.reflect.NativeConstructorAccessorImpl.newInstance0(Native Method)
	at java.base/jdk.internal.reflect.NativeConstructorAccessorImpl.newInstance(NativeConstructorAccessorImpl.java:62)
	at java.base/jdk.internal.reflect.DelegatingConstructorAccessorImpl.newInstance(DelegatingConstructorAccessorImpl.java:45)
	at java.base/java.lang.reflect.Constructor.newInstance(Constructor.java:490)
	at ptolemy.util.test.junit.AutoKnownFailedTests.RunModel(AutoKnownFailedTests.java:105)
	at java.base/jdk.internal.reflect.NativeMethodAccessorImpl.invoke0(Native Method)
	at java.base/jdk.internal.reflect.NativeMethodAccessorImpl.invoke(NativeMethodAccessorImpl.java:62)
	at java.base/jdk.internal.reflect.DelegatingMethodAccessorImpl.invoke(DelegatingMethodAccessorImpl.java:43)
	at java.base/java.lang.reflect.Method.invoke(Method.java:566)
	at org.junit.runners.model.FrameworkMethod$1.runReflectiveCall(FrameworkMethod.java:44)
	at org.junit.internal.runners.model.ReflectiveCallable.run(ReflectiveCallable.java:15)
	at org.junit.runners.model.FrameworkMethod.invokeExplosively(FrameworkMethod.java:41)
	at junitparams.internal.InvokeParameterisedMethod.evaluate(InvokeParameterisedMethod.java:102)
	at org.junit.internal.runners.statements.FailOnTimeout$1.run(FailOnTimeout.java:28)
Caused by: ptolemy.kernel.util.IllegalActionException: PublisherPorts cannot be used at the top level, use a Publisher actor instead.
  in .PublisherPortToplevelSubscriber.PublisherPort
	at ptolemy.actor.PublisherPort.preinitialize(PublisherPort.java:403)
	at ptolemy.actor.CompositeActor.preinitialize(CompositeActor.java:1769)
	at ptolemy.actor.Manager.preinitializeAndResolveTypes(Manager.java:1040)
	at ptolemy.actor.Manager.initialize(Manager.java:710)
	at ptolemy.actor.Manager.execute(Manager.java:356)
	at ptolemy.actor.Manager.run(Manager.java:1263)
	at ptolemy.actor.Manager$PtolemyRunThread.run(Manager.java:1933)
java.lang.RuntimeException: Execution failed
	at ptolemy.moml.MoMLSimpleApplication$UnloadThread.run(MoMLSimpleApplication.java:402)
Caused by: ptolemy.kernel.util.IllegalActionException: SubscriberPorts cannot be used at the top level, use a Subscriber actor instead.
  in .PublisherSubscriberPortToplevel.SubscriberPort
	at ptolemy.actor.SubscriberPort.preinitialize(SubscriberPort.java:328)
	at ptolemy.actor.CompositeActor.preinitialize(CompositeActor.java:1769)
	at ptolemy.actor.Manager.preinitializeAndResolveTypes(Manager.java:1040)
	at ptolemy.actor.Manager.initialize(Manager.java:710)
	at ptolemy.actor.Manager.execute(Manager.java:356)
	at ptolemy.actor.Manager.run(Manager.java:1263)
	at ptolemy.actor.Manager$PtolemyRunThread.run(Manager.java:1933)
java.lang.reflect.InvocationTargetException
	at java.base/jdk.internal.reflect.NativeConstructorAccessorImpl.newInstance0(Native Method)
	at java.base/jdk.internal.reflect.NativeConstructorAccessorImpl.newInstance(NativeConstructorAccessorImpl.java:62)
	at java.base/jdk.internal.reflect.DelegatingConstructorAccessorImpl.newInstance(DelegatingConstructorAccessorImpl.java:45)
	at java.base/java.lang.reflect.Constructor.newInstance(Constructor.java:490)
	at ptolemy.util.test.junit.AutoKnownFailedTests.RunModel(AutoKnownFailedTests.java:105)
	at java.base/jdk.internal.reflect.NativeMethodAccessorImpl.invoke0(Native Method)
	at java.base/jdk.internal.reflect.NativeMethodAccessorImpl.invoke(NativeMethodAccessorImpl.java:62)
	at java.base/jdk.internal.reflect.DelegatingMethodAccessorImpl.invoke(DelegatingMethodAccessorImpl.java:43)
	at java.base/java.lang.reflect.Method.invoke(Method.java:566)
	at org.junit.runners.model.FrameworkMethod$1.runReflectiveCall(FrameworkMethod.java:44)
	at org.junit.internal.runners.model.ReflectiveCallable.run(ReflectiveCallable.java:15)
	at org.junit.runners.model.FrameworkMethod.invokeExplosively(FrameworkMethod.java:41)
	at junitparams.internal.InvokeParameterisedMethod.evaluate(InvokeParameterisedMethod.java:102)
	at org.junit.internal.runners.statements.FailOnTimeout$1.run(FailOnTimeout.java:28)
Caused by: ptolemy.kernel.util.IllegalActionException: SubscriberPorts cannot be used at the top level, use a Subscriber actor instead.
  in .PublisherSubscriberPortToplevel.SubscriberPort
	at ptolemy.actor.SubscriberPort.preinitialize(SubscriberPort.java:328)
	at ptolemy.actor.CompositeActor.preinitialize(CompositeActor.java:1769)
	at ptolemy.actor.Manager.preinitializeAndResolveTypes(Manager.java:1040)
	at ptolemy.actor.Manager.initialize(Manager.java:710)
	at ptolemy.actor.Manager.execute(Manager.java:356)
	at ptolemy.actor.Manager.run(Manager.java:1263)
	at ptolemy.actor.Manager$PtolemyRunThread.run(Manager.java:1933)
java.lang.RuntimeException: Execution failed
	at ptolemy.moml.MoMLSimpleApplication$UnloadThread.run(MoMLSimpleApplication.java:402)
Caused by: ptolemy.kernel.util.IllegalActionException: SubscriptionAggregatorPorts cannot be used at the top level, use a SubscriptionAggregator actor instead.
  in .PublisherSubscriptionAggregatorPort.SubscriptionAggregatorPort
	at ptolemy.actor.SubscriptionAggregatorPort.preinitialize(SubscriptionAggregatorPort.java:353)
	at ptolemy.actor.CompositeActor.preinitialize(CompositeActor.java:1769)
	at ptolemy.actor.Manager.preinitializeAndResolveTypes(Manager.java:1040)
	at ptolemy.actor.Manager.initialize(Manager.java:710)
	at ptolemy.actor.Manager.execute(Manager.java:356)
	at ptolemy.actor.Manager.run(Manager.java:1263)
	at ptolemy.actor.Manager$PtolemyRunThread.run(Manager.java:1933)
java.lang.reflect.InvocationTargetException
	at java.base/jdk.internal.reflect.NativeConstructorAccessorImpl.newInstance0(Native Method)
	at java.base/jdk.internal.reflect.NativeConstructorAccessorImpl.newInstance(NativeConstructorAccessorImpl.java:62)
	at java.base/jdk.internal.reflect.DelegatingConstructorAccessorImpl.newInstance(DelegatingConstructorAccessorImpl.java:45)
	at java.base/java.lang.reflect.Constructor.newInstance(Constructor.java:490)
	at ptolemy.util.test.junit.AutoKnownFailedTests.RunModel(AutoKnownFailedTests.java:105)
	at java.base/jdk.internal.reflect.NativeMethodAccessorImpl.invoke0(Native Method)
	at java.base/jdk.internal.reflect.NativeMethodAccessorImpl.invoke(NativeMethodAccessorImpl.java:62)
	at java.base/jdk.internal.reflect.DelegatingMethodAccessorImpl.invoke(DelegatingMethodAccessorImpl.java:43)
	at java.base/java.lang.reflect.Method.invoke(Method.java:566)
	at org.junit.runners.model.FrameworkMethod$1.runReflectiveCall(FrameworkMethod.java:44)
	at org.junit.internal.runners.model.ReflectiveCallable.run(ReflectiveCallable.java:15)
	at org.junit.runners.model.FrameworkMethod.invokeExplosively(FrameworkMethod.java:41)
	at junitparams.internal.InvokeParameterisedMethod.evaluate(InvokeParameterisedMethod.java:102)
	at org.junit.internal.runners.statements.FailOnTimeout$1.run(FailOnTimeout.java:28)
Caused by: ptolemy.kernel.util.IllegalActionException: SubscriptionAggregatorPorts cannot be used at the top level, use a SubscriptionAggregator actor instead.
  in .PublisherSubscriptionAggregatorPort.SubscriptionAggregatorPort
	at ptolemy.actor.SubscriptionAggregatorPort.preinitialize(SubscriptionAggregatorPort.java:353)
	at ptolemy.actor.CompositeActor.preinitialize(CompositeActor.java:1769)
	at ptolemy.actor.Manager.preinitializeAndResolveTypes(Manager.java:1040)
	at ptolemy.actor.Manager.initialize(Manager.java:710)
	at ptolemy.actor.Manager.execute(Manager.java:356)
	at ptolemy.actor.Manager.run(Manager.java:1263)
	at ptolemy.actor.Manager$PtolemyRunThread.run(Manager.java:1933)
java.lang.RuntimeException: Execution failed
	at ptolemy.moml.MoMLSimpleApplication$UnloadThread.run(MoMLSimpleApplication.java:402)
Caused by: ptolemy.kernel.util.IllegalActionException: TypeTest actor has no training data.
  in .sizedarray3.TypeTest
	at ptolemy.actor.lib.TypeTest.initialize(TypeTest.java:250)
	at ptolemy.actor.Director.initialize(Director.java:938)
	at ptolemy.actor.Director.initialize(Director.java:907)
	at ptolemy.actor.sched.StaticSchedulingDirector.initialize(StaticSchedulingDirector.java:159)
	at ptolemy.domains.sdf.kernel.SDFDirector.initialize(SDFDirector.java:544)
	at ptolemy.actor.CompositeActor.initialize(CompositeActor.java:935)
	at ptolemy.actor.Manager.initialize(Manager.java:724)
	at ptolemy.actor.Manager.execute(Manager.java:356)
	at ptolemy.actor.Manager.run(Manager.java:1263)
	at ptolemy.actor.Manager$PtolemyRunThread.run(Manager.java:1933)
java.lang.reflect.InvocationTargetException
	at java.base/jdk.internal.reflect.NativeConstructorAccessorImpl.newInstance0(Native Method)
	at java.base/jdk.internal.reflect.NativeConstructorAccessorImpl.newInstance(NativeConstructorAccessorImpl.java:62)
	at java.base/jdk.internal.reflect.DelegatingConstructorAccessorImpl.newInstance(DelegatingConstructorAccessorImpl.java:45)
	at java.base/java.lang.reflect.Constructor.newInstance(Constructor.java:490)
	at ptolemy.util.test.junit.AutoKnownFailedTests.RunModel(AutoKnownFailedTests.java:105)
	at java.base/jdk.internal.reflect.NativeMethodAccessorImpl.invoke0(Native Method)
	at java.base/jdk.internal.reflect.NativeMethodAccessorImpl.invoke(NativeMethodAccessorImpl.java:62)
	at java.base/jdk.internal.reflect.DelegatingMethodAccessorImpl.invoke(DelegatingMethodAccessorImpl.java:43)
	at java.base/java.lang.reflect.Method.invoke(Method.java:566)
	at org.junit.runners.model.FrameworkMethod$1.runReflectiveCall(FrameworkMethod.java:44)
	at org.junit.internal.runners.model.ReflectiveCallable.run(ReflectiveCallable.java:15)
	at org.junit.runners.model.FrameworkMethod.invokeExplosively(FrameworkMethod.java:41)
	at junitparams.internal.InvokeParameterisedMethod.evaluate(InvokeParameterisedMethod.java:102)
	at org.junit.internal.runners.statements.FailOnTimeout$1.run(FailOnTimeout.java:28)
Caused by: ptolemy.kernel.util.IllegalActionException: TypeTest actor has no training data.
  in .sizedarray3.TypeTest
	at ptolemy.actor.lib.TypeTest.initialize(TypeTest.java:250)
	at ptolemy.actor.Director.initialize(Director.java:938)
	at ptolemy.actor.Director.initialize(Director.java:907)
	at ptolemy.actor.sched.StaticSchedulingDirector.initialize(StaticSchedulingDirector.java:159)
	at ptolemy.domains.sdf.kernel.SDFDirector.initialize(SDFDirector.java:544)
	at ptolemy.actor.CompositeActor.initialize(CompositeActor.java:935)
	at ptolemy.actor.Manager.initialize(Manager.java:724)
	at ptolemy.actor.Manager.execute(Manager.java:356)
	at ptolemy.actor.Manager.run(Manager.java:1263)
	at ptolemy.actor.Manager$PtolemyRunThread.run(Manager.java:1933)
]]></system-err>
</testsuite>
