<?xml version="1.0" encoding="UTF-8" ?>
<testsuite errors="0" failures="0" hostname="travis-job-341509dd-1fb5-44d7-89c8-049da04e40c5" name="ptolemy.actor.lib.test.junit.JUnitTclTest" skipped="0" tests="517" time="58.535" timestamp="2019-02-17T03:30:56">
  <properties>
    <property name="npm.executable" value="npm" />
    <property name="file.encoding.pkg" value="sun.io" />
    <property name="env.TRAVIS_ROOT" value="/" />
    <property name="ptII.mk.exists" value="true" />
    <property name="env.TRAVIS_APP_HOST" value="build.travis-ci.org" />
    <property name="env.rvm_bin_path" value="/home/travis/.rvm/bin" />
    <property name="java.home" value="/usr/lib/jvm/java-8-oracle/jre" />
    <property name="env.TRAVIS_JOB_NUMBER" value="1005.8" />
    <property name="env.TRAVIS_HOME" value="/home/travis" />
    <property name="env.DISPLAY" value=":99.0" />
    <property name="java.net.preferIPv4Stack" value="true" />
    <property name="env.TRAVIS_INIT" value="upstart" />
    <property name="env.SSH_TTY" value="/dev/pts/0" />
    <property name="env.RUN_TESTS" value="true" />
    <property name="timeout.short" value="1000000" />
    <property name="env.TRAVIS_JOB_NAME" value="" />
    <property name="env.TRAVIS_STACK_NODE_ATTRIBUTES" value="/.node-attributes.yml" />
    <property name="junit.formatter" value="xml" />
    <property name="java.endorsed.dirs" value="/usr/lib/jvm/java-8-oracle/jre/lib/endorsed" />
    <property name="env.TRAVIS_SUDO" value="true" />
    <property name="env.LOGNAME" value="travis" />
    <property name="env.PT_TRAVIS_TEST_CORE1_XML" value="true" />
    <property name="jsdoc.home" value="node_modules/@terraswarm/jsdoc" />
    <property name="debuglevel" value="source,lines,vars" />
    <property name="checkstyle.formatter" value="xml" />
    <property name="bin.vergil.makeable" value="true" />
    <property name="env._system_version" value="14.04" />
    <property name="sun.os.patch.level" value="unknown" />
    <property name="java.vendor.url" value="http://java.oracle.com/" />
    <property name="env.TRAVIS_BUILD_WEB_URL" value="https://travis-ci.org/icyphy/ptII/builds/494390326" />
    <property name="java.version" value="1.8.0_151" />
    <property name="env.TZ" value="UTC" />
    <property name="env.PT_NO_NET" value="true" />
    <property name="env.TRAVIS_PULL_REQUEST_SHA" value="" />
    <property name="env.TRAVIS_SECURE_ENV_VARS" value="true" />
    <property name="env._system_type" value="Linux" />
    <property name="java.vendor.url.bug" value="http://bugreport.sun.com/bugreport/" />
    <property name="env.SSH_CLIENT" value="10.10.19.219 39962 22" />
    <property name="npmjs-org-is-up" value="true" />
    <property name="env.GEM_HOME" value="/home/travis/.rvm/gems/ruby-2.4.1" />
    <property name="env.HAS_ANTARES_THREE_LITTLE_FRONZIES_BADGE" value="true" />
    <property name="env.PS4" value="+" />
    <property name="ant.project.invoked-targets" value="build,test.core1.xml" />
    <property name="env.TRAVIS_PULL_REQUEST_BRANCH" value="" />
    <property name="env.TRAVIS_REPO_SLUG" value="icyphy/ptII" />
    <property name="env.TRAVIS_APT_PROXY" value="http://build-cache.travisci.net" />
    <property name="node.in.path" value="true" />
    <property name="java.maxmemory" value="1400m" />
    <property name="env.RUBY_VERSION" value="ruby-2.4.1" />
    <property name="user.name" value="travis" />
    <property name="env.LANG" value="en_US.UTF-8" />
    <property name="sun.io.unicode.encoding" value="UnicodeLittle" />
    <property name="sun.jnu.encoding" value="UTF-8" />
    <property name="java.runtime.name" value="Java(TM) SE Runtime Environment" />
    <property name="usefile" value="false" />
    <property name="return.code" value="0" />
    <property name="junit.single.formatter" value="plain" />
    <property name="env.DYLD_LIBRARY_PATH" value="/home/travis/pthla/certi-tools/lib:" />
    <property name="env.DEBIAN_FRONTEND" value="noninteractive" />
    <property name="env.SSH_CONNECTION" value="10.10.19.219 39962 10.20.0.35 22" />
    <property name="env.MYSQL_UNIX_PORT" value="/var/run/mysqld/mysqld.sock" />
    <property name="env.TRAVIS_ALLOW_FAILURE" value="false" />
    <property name="env.LC_ALL" value="en_US.UTF-8" />
    <property name="env.TRAVIS_JOB_WEB_URL" value="https://travis-ci.org/icyphy/ptII/jobs/494390334" />
    <property name="java.specification.name" value="Java Platform API Specification" />
    <property name="node.works" value="true" />
    <property name="user.timezone" value="" />
    <property name="path.separator" value=":" />
    <property name="env.TRAVIS_ENABLE_INFRA_DETECTION" value="true" />
    <property name="env.PYTHON_CFLAGS" value="-g -fstack-protector --param=ssp-buffer-size=4 -Wformat -Werror=format-security" />
    <property name="timeout.long" value="4000000" />
    <property name="env.CERTI_HOME" value="/home/travis/pthla/certi-tools" />
    <property name="file.encoding" value="UTF-8" />
    <property name="ant.file.ptII" value="/home/travis/build/icyphy/ptII/build.xml" />
    <property name="javadoc.packagenames" value="com.*,diva.*,lbnl.*,org.hlacerti.*,org.json.*,org.ptolemy.*,org.terraswarm.*,ptolemy.*,ptserver.*" />
    <property name="env.TRAVIS_PULL_REQUEST_SLUG" value="" />
    <property name="ant.project.default-target" value="build" />
    <property name="env.GIT_ASKPASS" value="echo" />
    <property name="env.HOME" value="/home/travis" />
    <property name="sun.java.command" value="org.apache.tools.ant.taskdefs.optional.junit.JUnitTestRunner ptolemy.actor.lib.test.junit.JUnitTclTest skipNonTests=false filtertrace=true haltOnError=false haltOnFailure=false formatter=org.apache.tools.ant.taskdefs.optional.junit.OutErrSummaryJUnitResultFormatter showoutput=true outputtoformatters=true logfailedtests=true threadid=0 logtestlistenerevents=false formatter=org.apache.tools.ant.taskdefs.optional.junit.XMLJUnitResultFormatter,/home/travis/build/icyphy/ptII/reports/junit/TEST-ptolemy.actor.lib.test.junit.JUnitTclTest.xml crashfile=/home/travis/build/icyphy/ptII/junitvmwatcher6753409692993786672.properties propsfile=/home/travis/build/icyphy/ptII/junit4007752616580779199.properties" />
    <property name="env.MANPATH" value="/home/travis/.nvm/versions/node/v7.10.1/share/man:/home/travis/.kiex/elixirs/elixir-1.4.5/man:/home/travis/.rvm/rubies/ruby-2.4.1/share/man:/usr/local/man:/usr/local/cmake-3.9.2/man:/usr/local/clang-5.0.0/share/man:/usr/local/share/man:/usr/share/man:/home/travis/.rvm/man" />
    <property name="env.COMPOSER_NO_INTERACTION" value="1" />
    <property name="env.JDK_SWITCHER_DEFAULT" value="oraclejdk8" />
    <property name="env.TRAVIS_TIMER_ID" value="27a9856d" />
    <property name="ant.file" value="/home/travis/build/icyphy/ptII/build.xml" />
    <property name="env.TRAVIS_COMMIT_RANGE" value="87c33eef15349444ce743bd8bceaa387bfdd3b1d...0e2f04a14549c9890de2b35e2e07ac857c7de90b" />
    <property name="env._system_name" value="Ubuntu" />
    <property name="timeout" value="2400000" />
    <property name="ptII.classpath.optional.property" value="/home/travis/build/icyphy/ptII/lib/bsh-2.0b4.jar:/home/travis/build/icyphy/ptII/lib/ptCal.jar:/home/travis/build/icyphy/ptII/lib/java_cup.jar:/home/travis/build/icyphy/ptII/lib/saxon8.jar:/home/travis/build/icyphy/ptII/lib/saxon8-dom.jar:/home/travis/build/icyphy/ptII/lib/chic.jar:/home/travis/build/icyphy/ptII/lib/ptcolt.jar:/usr/lib/jvm/java-8-oracle/lib/tools.jar:/home/travis/build/icyphy/ptII/vendors/misc/itext/iText.jar:/home/travis/build/icyphy/ptII/lib/g4ltl.jar:/home/travis/build/icyphy/ptII/lib/StructuralCoder.jar:/home/travis/build/icyphy/ptII/vendors/jai-1_1_2_01/lib/jai_core.jar:/home/travis/build/icyphy/ptII/vendors/jai-1_1_2_01/lib/jai_codec.jar:/home/travis/build/icyphy/ptII/lib/jcerti.jar:/home/travis/build/icyphy/ptII/lib/javax.mail.jar:/home/travis/build/icyphy/ptII/vendors/JMF-2.1.1e/lib/jmf.jar:/home/travis/build/icyphy/ptII/lib/jna-4.0.0-variadic.jar:/home/travis/build/icyphy/ptII/vendors/misc/joystick/Joystick.jar:/home/travis/build/icyphy/ptII/lib/ptjacl.jar:/home/travis/build/icyphy/ptII/lib/jsoup-1.8.2.jar:/home/travis/build/icyphy/ptII/lib/junit-4.8.2.jar:/home/travis/build/icyphy/ptII/lib/JUnitParams-0.4.0.jar:/home/travis/build/icyphy/ptII/ptolemy/actor/lib/excel/jxl.jar:/home/travis/build/icyphy/ptII/lib/jython.jar:/home/travis/build/icyphy/ptII/lib/kieler.jar:/home/travis/build/icyphy/ptII/vendors/opencv/share/OpenCV/java/opencv-341.jar:/home/travis/build/icyphy/ptII/lib/oscP5.jar:/home/travis/build/icyphy/ptII/lib/nrjavaserial-3.11.0.devel.jar:/home/travis/build/icyphy/ptII/vendors/j3d/lib/j3dcore.jar:/home/travis/build/icyphy/ptII/vendors/j3d/lib/j3dutils.jar:/home/travis/build/icyphy/ptII/vendors/j3d/lib/vecmath.jar:/home/travis/build/icyphy/ptII/ptolemy/distributed/jini/jar/jini-core.jar:/home/travis/build/icyphy/ptII/ptolemy/distributed/jini/jar/jini-ext.jar:/home/travis/build/icyphy/ptII/ptolemy/distributed/jini/jar/sun-util.jar:/home/travis/build/icyphy/ptII/lib/protobuf-java-2.4.1.jar:/home/travis/build/icyphy/ptII/lib/org.eclipse.paho.client.mqttv3.jar:/home/travis/build/icyphy/ptII/lib/mapss.jar:/home/travis/build/icyphy/ptII/ptolemy/actor/ptalon/antlr/antlr.jar:/home/travis/build/icyphy/ptII/lib/JRI.jar:/home/travis/build/icyphy/ptII/lib/commons-lang-2.6.jar:/home/travis/build/icyphy/ptII/lib/commons-logging-1.1.1.jar:/home/travis/build/icyphy/ptII/lib/sootclasses.jar:/home/travis/build/icyphy/ptII/ptolemy/actor/lib/database/mysql-connector-java-5.1.6-bin.jar:/home/travis/build/icyphy/ptII/vendors/misc/sphinx4/sphinx4-data-5prealpha.jar:/home/travis/build/icyphy/ptII/vendors/misc/sphinx4/sphinx4-core-5prealpha.jar:/home/travis/build/icyphy/ptII/lib/PDFRenderer.jar:/home/travis/build/icyphy/ptII/lib/svgSalamander.jar:/home/travis/build/icyphy/ptII/lib/rsyntaxtextarea-2.6.0-SNAPSHOT.jar:/home/travis/build/icyphy/ptII/lib/hazelcast-3.8.2.jar:/home/travis/build/icyphy/ptII/lib/jackson-annotations-2.9.0.jar:/home/travis/build/icyphy/ptII/lib/jackson-core-2.9.3.jar:/home/travis/build/icyphy/ptII/lib/jackson-databind-2.9.3.jar:/home/travis/build/icyphy/ptII/lib/netty-buffer-4.1.19.Final.jar:/home/travis/build/icyphy/ptII/lib/netty-codec-4.1.19.Final.jar:/home/travis/build/icyphy/ptII/lib/netty-codec-dns-4.1.19.Final.jar:/home/travis/build/icyphy/ptII/lib/netty-codec-http-4.1.19.Final.jar:/home/travis/build/icyphy/ptII/lib/netty-codec-http2-4.1.19.Final.jar:/home/travis/build/icyphy/ptII/lib/netty-common-4.1.19.Final.jar:/home/travis/build/icyphy/ptII/lib/netty-handler-4.1.19.Final.jar:/home/travis/build/icyphy/ptII/lib/netty-resolver-4.1.19.Final.jar:/home/travis/build/icyphy/ptII/lib/netty-resolver-dns-4.1.19.Final.jar:/home/travis/build/icyphy/ptII/lib/netty-transport-4.1.19.Final.jar:/home/travis/build/icyphy/ptII/lib/vertx-codegen-3.5.1.jar:/home/travis/build/icyphy/ptII/lib/vertx-core-3.5.2-SNAPSHOT.jar:/home/travis/build/icyphy/ptII/lib/vertx-hazelcast-3.5.1.jar:/home/travis/build/icyphy/ptII/lib/vertx-lang-js-3.5.1.jar:/home/travis/build/icyphy/ptII/lib/vertx-service-proxy-3.5.1.jar:/home/travis/build/icyphy/ptII/lib/vertx-web-3.5.1.jar:/home/travis/build/icyphy/ptII/lib/slf4j-api-1.7.13.jar:/home/travis/build/icyphy/ptII/lib/slf4j-simple-1.7.13.jar:/home/travis/build/icyphy/ptII/lib/webcam-capture-0.3.12.jar:/home/travis/build/icyphy/ptII/lib/bridj-0.7.0.jar:/home/travis/build/icyphy/ptII/lib/xbjlib-1.1.0.nrjavaserial.jar" />
    <property name="test.batch" value="**/junit/*.java" />
    <property name="env._" value="/usr/bin/timeout" />
    <property name="java.io.tmpdir" value="/tmp" />
    <property name="env.TRAVIS_INTERNAL_RUBY_REGEX" value="^ruby-(2\.[0-4]\.[0-9]|1\.9\.3)" />
    <property name="user.language" value="en" />
    <property name="env.HISTCONTROL" value="ignoredups:ignorespace" />
    <property name="env.GOROOT" value="/home/travis/.gimme/versions/go1.7.4.linux.amd64" />
    <property name="line.separator" value="&#xa;" />
    <property name="target" value="1.8" />
    <property name="env.TRAVIS_BUILD_DIR" value="/home/travis/build/icyphy/ptII" />
    <property name="env.ANT_OPTS" value="-Xmx2048m" />
    <property name="ant.file.type" value="file" />
    <property name="ptolemy.ptII.batchMode" value="true" />
    <property name="env.HISTSIZE" value="1000" />
    <property name="env.MERB_ENV" value="test" />
    <property name="java.vm.info" value="mixed mode" />
    <property name="source" value="1.8" />
    <property name="java.vm.specification.name" value="Java Virtual Machine Specification" />
    <property name="env.TRAVIS_TEST_RESULT" value="0" />
    <property name="jsdoc.command" value="node_modules/@terraswarm/jsdoc/jsdoc.js" />
    <property name="npm.works" value="true" />
    <property name="cobertura.dir" value="/home/travis/build/icyphy/ptII/vendors/cobertura-2.0.3" />
    <property name="env.rvm_path" value="/home/travis/.rvm" />
    <property name="env.GEM_PATH" value="/home/travis/.rvm/gems/ruby-2.4.1:/home/travis/.rvm/gems/ruby-2.4.1@global" />
    <property name="env.LC_CTYPE" value="en_US.UTF-8" />
    <property name="java.awt.printerjob" value="sun.print.PSPrinterJob" />
    <property name="env.TRAVIS_CMD" value="$PTII/bin/ptIITravisBuild.sh $SECONDS" />
    <property name="env.TRAVIS_STACK_NAME" value="garnet" />
    <property name="env.TRAVIS_TIMER_START_TIME" value="1550373896557510402" />
    <property name="ant.version" value="Apache Ant(TM) version 1.10.1 compiled on February 2 2017" />
    <property name="ptII.reports" value="/home/travis/build/icyphy/ptII/reports" />
    <property name="env.TRAVIS_STACK_TIMESTAMP" value="2017-12-05 19:33:09 UTC" />
    <property name="ant.file.type.ptII" value="file" />
    <property name="env.RBENV_SHELL" value="bash" />
    <property name="os.name" value="Linux" />
    <property name="java.specification.vendor" value="Oracle Corporation" />
    <property name="env.rvm_version" value="1.29.3 (latest)" />
    <property name="env.TRAVIS_INFRA" value="gce" />
    <property name="env.TERM" value="xterm" />
    <property name="java.vm.name" value="Java HotSpot(TM) 64-Bit Server VM" />
    <property name="env.TRAVIS_BUILD_NUMBER" value="1005" />
    <property name="env.CI" value="true" />
    <property name="java.library.path" value="/home/travis/pthla/certi-tools/lib:/usr/lib/jni:/usr/local/share/OpenCV/java/:/usr/share/OpenCV/java::/usr/java/packages/lib/amd64:/usr/lib64:/lib64:/lib:/usr/lib" />
    <property name="env.rvm_prefix" value="/home/travis" />
    <property name="env.PATH" value="/home/travis/pthla/certi-tools/share/scripts:/home/travis/.rvm/gems/ruby-2.4.1/bin:/home/travis/.rvm/gems/ruby-2.4.1@global/bin:/home/travis/.rvm/rubies/ruby-2.4.1/bin:/home/travis/.rvm/bin:/home/travis/.nvm/versions/node/v7.10.1/bin:./node_modules/.bin:/home/travis/build/icyphy/ptII/bin:/home/travis/pthla/certi-tools/bin:/home/travis/bin:/home/travis/.local/bin:/opt/pyenv/shims:/home/travis/.phpenv/shims:/home/travis/perl5/perlbrew/bin:/home/travis/.kiex/elixirs/elixir-1.4.5/bin:/home/travis/.kiex/bin:/home/travis/gopath/bin:/home/travis/.gimme/versions/go1.7.4.linux.amd64/bin:/usr/local/phantomjs/bin:/usr/local/phantomjs:/usr/local/neo4j-3.2.7/bin:/usr/local/maven-3.5.2/bin:/usr/local/cmake-3.9.2/bin:/usr/local/clang-5.0.0/bin:/usr/local/sbin:/usr/local/bin:/usr/sbin:/usr/bin:/sbin:/bin:/home/travis/.phpenv/bin:/opt/pyenv/bin:/home/travis/.yarn/bin" />
    <property name="env.TRAVIS_OS_NAME" value="linux" />
    <property name="ant.java.version" value="1.8" />
    <property name="basedir" value="/home/travis/build/icyphy/ptII" />
    <property name="java.class.version" value="52.0" />
    <property name="env.SHLVL" value="3" />
    <property name="env.LD_LIBRARY_PATH" value="/home/travis/pthla/certi-tools/lib:/usr/lib/jni:/usr/local/share/OpenCV/java/:/usr/share/OpenCV/java:" />
    <property name="env.RACK_ENV" value="test" />
    <property name="ant.home" value="/home/travis/build/icyphy/ptII/ant" />
    <property name="env.PERLBREW_BASHRC_VERSION" value="0.80" />
    <property name="env.NVM_DIR" value="/home/travis/.nvm" />
    <property name="env.TRAVIS_BUILD_ID" value="494390326" />
    <property name="env.CERTI_FOM_PATH" value="/home/travis/pthla/certi-tools/share/federations" />
    <property name="env.PYENV_ROOT" value="/opt/pyenv" />
    <property name="env.TRAVIS_UID" value="2000" />
    <property name="env.rvm_pretty_print_flag" value="auto" />
    <property name="env.NVM_BIN" value="/home/travis/.nvm/versions/node/v7.10.1/bin" />
    <property name="env.TRAVIS_COMMIT" value="0e2f04a14549c9890de2b35e2e07ac857c7de90b" />
    <property name="env._system_arch" value="x86_64" />
    <property name="node.executable" value="node" />
    <property name="sun.boot.library.path" value="/usr/lib/jvm/java-8-oracle/jre/lib/amd64" />
    <property name="sun.management.compiler" value="HotSpot 64-Bit Tiered Compilers" />
    <property name="env.GOPATH" value="/home/travis/gopath" />
    <property name="java.awt.graphicsenv" value="sun.awt.X11GraphicsEnvironment" />
    <property name="ptolemy.ptII.dir" value="/home/travis/build/icyphy/ptII" />
    <property name="env.USER" value="travis" />
    <property name="env.HISTFILESIZE" value="2000" />
    <property name="timeout.longest" value="19000000" />
    <property name="env.TRAVIS_STACK_FEATURES" value="basic cassandra chromium couchdb disabled-ipv6 docker docker-compose elasticsearch firefox go-toolchain google-chrome jdk memcached mongodb mysql neo4j nodejs_interpreter perl_interpreter perlbrew phantomjs postgresql python_interpreter rabbitmq redis riak ruby_interpreter sqlite xserver" />
    <property name="env.TRAVIS_PULL_REQUEST" value="false" />
    <property name="env.PYENV_SHELL" value="bash" />
    <property name="ant.project.name" value="ptII" />
    <property name="java.vm.specification.version" value="1.8" />
    <property name="env.ANSI_RESET" value="\033[0m" />
    <property name="env.TRAVIS_DIST" value="trusty" />
    <property name="env.CERTI_VERSION" value="4.0.0" />
    <property name="env.NLSPATH" value="/usr/dt/lib/nls/msg/%L/%N.cat" />
    <property name="awt.toolkit" value="sun.awt.X11.XToolkit" />
    <property name="env.CERTI_HOST" value="localhost" />
    <property name="env.MY_RUBY_HOME" value="/home/travis/.rvm/rubies/ruby-2.4.1" />
    <property name="sun.cpu.isalist" value="" />
    <property name="env.TRAVIS_TMPDIR" value="/tmp/tmp.ovescx2UTD" />
    <property name="java.ext.dirs" value="/usr/lib/jvm/java-8-oracle/jre/lib/ext:/usr/java/packages/lib/ext" />
    <property name="os.version" value="4.4.0-101-generic" />
    <property name="user.home" value="/home/travis" />
    <property name="env.MIX_ARCHIVES" value="/home/travis/.kiex/mix/elixir-1.4.5" />
    <property name="java.vm.vendor" value="Oracle Corporation" />
    <property name="env.TRAVIS_TAG" value="nightly" />
    <property name="env.ANSI_YELLOW" value="\033[33;1m" />
    <property name="env.TRAVIS_FILTERED" value="redirect_io" />
    <property name="env.ANSI_GREEN" value="\033[32;1m" />
    <property name="env.JAVA_HOME" value="/usr/lib/jvm/java-8-oracle" />
    <property name="env.PTII" value="/home/travis/build/icyphy/ptII" />
    <property name="javadoc.excludepackagenames" value="adm.cvs2svn.*,build.*,config.*,doc.coding.templates.*,jni.test.jni.meaningOfLife.*,jni.test.jni.testDeux.*,jni.test.jni.testTrois.*,org.terraswarm.accessor.accessors.web.node_modules.*,org.terraswarm.accessor.accessors.web.hosts.cordova.demo.*,org.terraswarm.accessor.accessors.web.hosts.cordova.plugins.*,org.terraswarm.accessor.accessors-svn.*,pt-modules.*,ptolemy.apps.agilent.*,ptolemy.apps.anytimecontrol.*,ptolemy.apps.apes.*,ptolemy.apps.charon.*,ptolemy.apps.crazyboard.*,ptolemy.apps.eclipse.*,ptolemy.apps.etherealSting.*,ptolemy.apps.fullscreen.*,ptolemy.apps.giotto.*,ptolemy.apps.ia.*,ptolemy.apps.interfaces.*,ptolemy.apps.jmf.*,ptolemy.apps.kurt.*,ptolemy.apps.kvm.*,ptolemy.apps.lego.*,ptolemy.apps.lejos.*,ptolemy.apps.midp.*,ptolemy.apps.mobileCoding.*,ptolemy.apps.pendulum.*,ptolemy.apps.rijndael.*,ptolemy.apps.robot.*,ptolemy.apps.security.*,ptolemy.apps.sobel.*,ptolemy.apps.soot.*,ptolemy.apps.throttle.*,ptolemy.apps.tini.*,ptolemy.apps.transmission.*,ptolemy.apps.vergil.*,ptolemy.apps.waba.*,ptolemy.apps.websensor.*,ptolemy.apps.webstart.*,ptolemy.apps.xsl.*,ptolemy.apps.zaurus.*,ptolemy.codegen.c.actor.lib.oldJavaFiles.*,ptolemy.codegen.dsp.lib.*,ptolemy.codegen.kernel.newInterfaces.*,ptolemy.codegen.lib.*,ptolemy.copernicus.kernel.fragment.*,ptolemy.copernicus.shallow.cg.*,ptolemy.domains.giotto.demo.Hierarchy.Hierarchy.*,ptolemy.domains.giotto.demo.Multimode.Multimode.*,ptolemy.domains.giotto.demo.Simple.Simple.*,ptolemy.domains.gr.lib.experimental.*,ptolemy.domains.gro.*,ptolemy.domains.pdf.*,ptolemy.domains.ptinyos.demo.Surge.output.*,ptolemy.moml.test.NoPackageActor.java*,ptolemy.plot.adm.*,ptolemy.plot.servlet.*,reports.*,signed.*,src.*,target.*,vendors.*,ptolemy.apps.eclipse.awt.*,ptolemy.backtrack.*,ptolemy.backtrack.ast.*,ptolemy.cg.adapter.generic.program.procedural.c.mbed*,ptolemy.homer.*,org.ptolemy.scala.*,diva.util.java2d.svg.*,ptolemy.domains.ptinyos.*,ptolemy.actor.lib.fmi.fmipp.*,,org.terraswarm.accessor.accessors.web.node_modules.*,org.terraswarm.accessor.accessors-svn,ptolemy.apps.*,ptolemy.actor.ptalon.demo.ptinyos.SendAndReceiveCnt.output,ptolemy.actor.ptalon.demo.ptinyos.SenseToLeds.output,ptolemy.domains.ptinyos.demo.CntToLedsAndRfm.output,ptolemy.domains.ptinyos.demo.RfmToLeds.output,ptolemy.domains.ptinyos.demo.SendAndReceiveCnt.output,ptolemy.domains.ptinyos.demo.SenseToLeds.output,ptolemy.actor.lib.jjs.modules.udpSocket.*" />
    <property name="env.TRAVIS_COMMIT_MESSAGE" value="Minor tuning of docs and code" />
    <property name="keystore" value="ptKeystore" />
    <property name="env.XDG_SESSION_ID" value="2" />
    <property name="junit.output.dir" value="/home/travis/build/icyphy/ptII/reports/junit" />
    <property name="npm.return.code" value="0" />
    <property name="user.dir" value="/home/travis/build/icyphy/ptII/ptolemy/actor/lib/test" />
    <property name="env.TRAVIS_NODE_VERSION" value="7" />
    <property name="env.XFILESEARCHPATH" value="/usr/dt/app-defaults/%L/Dt" />
    <property name="env.TRAVIS_EVENT_TYPE" value="cron" />
    <property name="env.MAIL" value="/var/mail/travis" />
    <property name="env.PWD" value="/home/travis/build/icyphy/ptII" />
    <property name="env.PERLBREW_ROOT" value="/home/travis/perl5/perlbrew" />
    <property name="timeout.npm" value="45000" />
    <property name="env.TRAVIS_ARCH" value="amd64" />
    <property name="env.PAGER" value="cat" />
    <property name="sun.cpu.endian" value="little" />
    <property name="env.TRAVIS_BUILD_STAGE_NAME" value="Test" />
    <property name="env.PERLBREW_HOME" value="/home/travis/.perlbrew" />
    <property name="env.RAILS_ENV" value="test" />
    <property name="java.vm.version" value="25.151-b12" />
    <property name="java.class.path" value="/home/travis/.ptolemyII:/home/travis/.ptolemyII/*:/home/travis/build/icyphy/ptII:/home/travis/build/icyphy/ptII/lib/bsh-2.0b4.jar:/home/travis/build/icyphy/ptII/lib/ptCal.jar:/home/travis/build/icyphy/ptII/lib/java_cup.jar:/home/travis/build/icyphy/ptII/lib/saxon8.jar:/home/travis/build/icyphy/ptII/lib/saxon8-dom.jar:/home/travis/build/icyphy/ptII/lib/chic.jar:/home/travis/build/icyphy/ptII/lib/ptcolt.jar:/usr/lib/jvm/java-8-oracle/lib/tools.jar:/home/travis/build/icyphy/ptII/vendors/misc/itext/iText.jar:/home/travis/build/icyphy/ptII/lib/g4ltl.jar:/home/travis/build/icyphy/ptII/lib/StructuralCoder.jar:/home/travis/build/icyphy/ptII/vendors/jai-1_1_2_01/lib/jai_core.jar:/home/travis/build/icyphy/ptII/vendors/jai-1_1_2_01/lib/jai_codec.jar:/home/travis/build/icyphy/ptII/lib/jcerti.jar:/home/travis/build/icyphy/ptII/lib/javax.mail.jar:/home/travis/build/icyphy/ptII/vendors/JMF-2.1.1e/lib/jmf.jar:/home/travis/build/icyphy/ptII/lib/jna-4.0.0-variadic.jar:/home/travis/build/icyphy/ptII/vendors/misc/joystick/Joystick.jar:/home/travis/build/icyphy/ptII/lib/ptjacl.jar:/home/travis/build/icyphy/ptII/lib/jsoup-1.8.2.jar:/home/travis/build/icyphy/ptII/lib/junit-4.8.2.jar:/home/travis/build/icyphy/ptII/lib/JUnitParams-0.4.0.jar:/home/travis/build/icyphy/ptII/ptolemy/actor/lib/excel/jxl.jar:/home/travis/build/icyphy/ptII/lib/jython.jar:/home/travis/build/icyphy/ptII/lib/kieler.jar:/home/travis/build/icyphy/ptII/vendors/opencv/share/OpenCV/java/opencv-341.jar:/home/travis/build/icyphy/ptII/lib/oscP5.jar:/home/travis/build/icyphy/ptII/lib/nrjavaserial-3.11.0.devel.jar:/home/travis/build/icyphy/ptII/vendors/j3d/lib/j3dcore.jar:/home/travis/build/icyphy/ptII/vendors/j3d/lib/j3dutils.jar:/home/travis/build/icyphy/ptII/vendors/j3d/lib/vecmath.jar:/home/travis/build/icyphy/ptII/ptolemy/distributed/jini/jar/jini-core.jar:/home/travis/build/icyphy/ptII/ptolemy/distributed/jini/jar/jini-ext.jar:/home/travis/build/icyphy/ptII/ptolemy/distributed/jini/jar/sun-util.jar:/home/travis/build/icyphy/ptII/lib/protobuf-java-2.4.1.jar:/home/travis/build/icyphy/ptII/lib/org.eclipse.paho.client.mqttv3.jar:/home/travis/build/icyphy/ptII/lib/mapss.jar:/home/travis/build/icyphy/ptII/ptolemy/actor/ptalon/antlr/antlr.jar:/home/travis/build/icyphy/ptII/lib/JRI.jar:/home/travis/build/icyphy/ptII/lib/commons-lang-2.6.jar:/home/travis/build/icyphy/ptII/lib/commons-logging-1.1.1.jar:/home/travis/build/icyphy/ptII/lib/sootclasses.jar:/home/travis/build/icyphy/ptII/ptolemy/actor/lib/database/mysql-connector-java-5.1.6-bin.jar:/home/travis/build/icyphy/ptII/vendors/misc/sphinx4/sphinx4-data-5prealpha.jar:/home/travis/build/icyphy/ptII/vendors/misc/sphinx4/sphinx4-core-5prealpha.jar:/home/travis/build/icyphy/ptII/lib/PDFRenderer.jar:/home/travis/build/icyphy/ptII/lib/svgSalamander.jar:/home/travis/build/icyphy/ptII/lib/rsyntaxtextarea-2.6.0-SNAPSHOT.jar:/home/travis/build/icyphy/ptII/lib/hazelcast-3.8.2.jar:/home/travis/build/icyphy/ptII/lib/jackson-annotations-2.9.0.jar:/home/travis/build/icyphy/ptII/lib/jackson-core-2.9.3.jar:/home/travis/build/icyphy/ptII/lib/jackson-databind-2.9.3.jar:/home/travis/build/icyphy/ptII/lib/netty-buffer-4.1.19.Final.jar:/home/travis/build/icyphy/ptII/lib/netty-codec-4.1.19.Final.jar:/home/travis/build/icyphy/ptII/lib/netty-codec-dns-4.1.19.Final.jar:/home/travis/build/icyphy/ptII/lib/netty-codec-http-4.1.19.Final.jar:/home/travis/build/icyphy/ptII/lib/netty-codec-http2-4.1.19.Final.jar:/home/travis/build/icyphy/ptII/lib/netty-common-4.1.19.Final.jar:/home/travis/build/icyphy/ptII/lib/netty-handler-4.1.19.Final.jar:/home/travis/build/icyphy/ptII/lib/netty-resolver-4.1.19.Final.jar:/home/travis/build/icyphy/ptII/lib/netty-resolver-dns-4.1.19.Final.jar:/home/travis/build/icyphy/ptII/lib/netty-transport-4.1.19.Final.jar:/home/travis/build/icyphy/ptII/lib/vertx-codegen-3.5.1.jar:/home/travis/build/icyphy/ptII/lib/vertx-core-3.5.2-SNAPSHOT.jar:/home/travis/build/icyphy/ptII/lib/vertx-hazelcast-3.5.1.jar:/home/travis/build/icyphy/ptII/lib/vertx-lang-js-3.5.1.jar:/home/travis/build/icyphy/ptII/lib/vertx-service-proxy-3.5.1.jar:/home/travis/build/icyphy/ptII/lib/vertx-web-3.5.1.jar:/home/travis/build/icyphy/ptII/lib/slf4j-api-1.7.13.jar:/home/travis/build/icyphy/ptII/lib/slf4j-simple-1.7.13.jar:/home/travis/build/icyphy/ptII/lib/webcam-capture-0.3.12.jar:/home/travis/build/icyphy/ptII/lib/bridj-0.7.0.jar:/home/travis/build/icyphy/ptII/lib/xbjlib-1.1.0.nrjavaserial.jar:/home/travis/build/icyphy/ptII/ptolemy/moml/test:/home/travis/build/icyphy/ptII/ant/lib/ant-launcher.jar:/home/travis/build/icyphy/ptII/ant/lib/ant.jar:/home/travis/build/icyphy/ptII/ant/lib/ant-junit.jar:/home/travis/build/icyphy/ptII/ant/lib/ant-junit4.jar" />
    <property name="ant.library.dir" value="/home/travis/build/icyphy/ptII/ant/lib" />
    <property name="os.arch" value="amd64" />
    <property name="env.TRAVIS_LANGUAGE" value="node_js" />
    <property name="env.CONTINUOUS_INTEGRATION" value="true" />
    <property name="env.TRAVIS_STACK_LANGUAGES" value="__garnet__ c c++ clojure cplusplus cpp default go groovy java node_js php pure_java python ruby scala" />
    <property name="test.name" value="ptolemy.actor.lib.test.junit.JUnitTclTest" />
    <property name="sun.java.launcher" value="SUN_STANDARD" />
    <property name="env.PYTHON_CONFIGURE_OPTS" value="--enable-unicode=ucs4 --with-wide-unicode --enable-shared --enable-ipv6 --enable-loadable-sqlite-extensions --with-computed-gotos" />
    <property name="ant.core.lib" value="/home/travis/build/icyphy/ptII/ant/lib/ant.jar" />
    <property name="java.vm.specification.vendor" value="Oracle Corporation" />
    <property name="env.BCVTB_HOME" value="/home/travis/build/icyphy/ptII/lbnl" />
    <property name="file.separator" value="/" />
    <property name="spotbugs.home" value="/home/travis/build/icyphy/ptII/vendors/spotbugs-3.1.1" />
    <property name="java.runtime.version" value="1.8.0_151-b12" />
    <property name="sun.boot.class.path" value="/usr/lib/jvm/java-8-oracle/jre/lib/resources.jar:/usr/lib/jvm/java-8-oracle/jre/lib/rt.jar:/usr/lib/jvm/java-8-oracle/jre/lib/sunrsasign.jar:/usr/lib/jvm/java-8-oracle/jre/lib/jsse.jar:/usr/lib/jvm/java-8-oracle/jre/lib/jce.jar:/usr/lib/jvm/java-8-oracle/jre/lib/charsets.jar:/usr/lib/jvm/java-8-oracle/jre/lib/jfr.jar:/usr/lib/jvm/java-8-oracle/jre/classes" />
    <property name="env.ANSI_CLEAR" value="\033[0K" />
    <property name="env.HAS_JOSH_K_SEAL_OF_APPROVAL" value="true" />
    <property name="env.XDG_RUNTIME_DIR" value="/run/user/2000" />
    <property name="env.TRAVIS_OSX_IMAGE" value="" />
    <property name="env.TRAVIS_BRANCH" value="master" />
    <property name="env.TRAVIS_JOB_ID" value="494390334" />
    <property name="user.country" value="US" />
    <property name="env.CERTI_HOME_TRAVIS" value="/home/travis/pthla/certi-tools" />
    <property name="env.SHELL" value="/bin/bash" />
    <property name="java.maxmemory.large" value="5000m" />
    <property name="model" value="" />
    <property name="env.CASHER_DIR" value="/home/travis/.casher" />
    <property name="env.NVM_CD_FLAGS" value="" />
    <property name="jshint.executable" value="/home/travis/node_modules/jshint/bin/jshint" />
    <property name="java.vendor" value="Oracle Corporation" />
    <property name="env.JRUBY_OPTS" value=" --client -J-XX:+TieredCompilation -J-XX:TieredStopAtLevel=1 -J-Xss2m -Xcompile.invokedynamic=false" />
    <property name="env.TRAVIS_PRE_CHEF_BOOTSTRAP_TIME" value="2017-12-05T19:32:55" />
    <property name="env.TRAVIS_STACK_JOB_BOARD_REGISTER" value="/.job-board-register.yml" />
    <property name="env.ELIXIR_VERSION" value="1.4.5" />
    <property name="env.ANSI_RED" value="\033[31;1m" />
    <property name="java.specification.version" value="1.8" />
    <property name="env.TRAVIS" value="true" />
    <property name="env.IRBRC" value="/home/travis/.rvm/rubies/ruby-2.4.1/.irbrc" />
    <property name="sun.arch.data.model" value="64" />
  </properties>
  <testcase classname="ptolemy.util.test.junit.TclTests" name="[0] /home/travis/build/icyphy/ptII/ptolemy/actor/lib/test/AbsoluteValue.tcl (RunTclFile)" time="0.474" />
  <testcase classname="ptolemy.util.test.junit.TclTests" name="[1] /home/travis/build/icyphy/ptII/ptolemy/actor/lib/test/AddSubtract.tcl (RunTclFile)" time="0.064" />
  <testcase classname="ptolemy.util.test.junit.TclTests" name="[2] /home/travis/build/icyphy/ptII/ptolemy/actor/lib/test/Average.tcl (RunTclFile)" time="0.058" />
  <testcase classname="ptolemy.util.test.junit.TclTests" name="[3] /home/travis/build/icyphy/ptII/ptolemy/actor/lib/test/Bernoulli.tcl (RunTclFile)" time="0.025" />
  <testcase classname="ptolemy.util.test.junit.TclTests" name="[4] /home/travis/build/icyphy/ptII/ptolemy/actor/lib/test/Clock.tcl (RunTclFile)" time="0.102" />
  <testcase classname="ptolemy.util.test.junit.TclTests" name="[5] /home/travis/build/icyphy/ptII/ptolemy/actor/lib/test/Commutator.tcl (RunTclFile)" time="0.136" />
  <testcase classname="ptolemy.util.test.junit.TclTests" name="[6] /home/travis/build/icyphy/ptII/ptolemy/actor/lib/test/Const.tcl (RunTclFile)" time="0.091" />
  <testcase classname="ptolemy.util.test.junit.TclTests" name="[7] /home/travis/build/icyphy/ptII/ptolemy/actor/lib/test/CurrentTime.tcl (RunTclFile)" time="0.028" />
  <testcase classname="ptolemy.util.test.junit.TclTests" name="[8] /home/travis/build/icyphy/ptII/ptolemy/actor/lib/test/DB.tcl (RunTclFile)" time="0.043" />
  <testcase classname="ptolemy.util.test.junit.TclTests" name="[9] /home/travis/build/icyphy/ptII/ptolemy/actor/lib/test/DiscreteRandomSource.tcl (RunTclFile)" time="0.038" />
  <testcase classname="ptolemy.util.test.junit.TclTests" name="[10] /home/travis/build/icyphy/ptII/ptolemy/actor/lib/test/Distributor.tcl (RunTclFile)" time="0.051" />
  <testcase classname="ptolemy.util.test.junit.TclTests" name="[11] /home/travis/build/icyphy/ptII/ptolemy/actor/lib/test/Exit.tcl (RunTclFile)" time="0.052" />
  <testcase classname="ptolemy.util.test.junit.TclTests" name="[12] /home/travis/build/icyphy/ptII/ptolemy/actor/lib/test/Expression.tcl (RunTclFile)" time="0.098" />
  <testcase classname="ptolemy.util.test.junit.TclTests" name="[13] /home/travis/build/icyphy/ptII/ptolemy/actor/lib/test/Gaussian.tcl (RunTclFile)" time="0.386" />
  <testcase classname="ptolemy.util.test.junit.TclTests" name="[14] /home/travis/build/icyphy/ptII/ptolemy/actor/lib/test/IIR.tcl (RunTclFile)" time="0.025" />
  <testcase classname="ptolemy.util.test.junit.TclTests" name="[15] /home/travis/build/icyphy/ptII/ptolemy/actor/lib/test/Interpolator.tcl (RunTclFile)" time="0.115" />
  <testcase classname="ptolemy.util.test.junit.TclTests" name="[16] /home/travis/build/icyphy/ptII/ptolemy/actor/lib/test/MathFunction.tcl (RunTclFile)" time="0.065" />
  <testcase classname="ptolemy.util.test.junit.TclTests" name="[17] /home/travis/build/icyphy/ptII/ptolemy/actor/lib/test/Maximum.tcl (RunTclFile)" time="0.034" />
  <testcase classname="ptolemy.util.test.junit.TclTests" name="[18] /home/travis/build/icyphy/ptII/ptolemy/actor/lib/test/Minimum.tcl (RunTclFile)" time="0.033" />
  <testcase classname="ptolemy.util.test.junit.TclTests" name="[19] /home/travis/build/icyphy/ptII/ptolemy/actor/lib/test/MultiplyDivide.tcl (RunTclFile)" time="0.044" />
  <testcase classname="ptolemy.util.test.junit.TclTests" name="[20] /home/travis/build/icyphy/ptII/ptolemy/actor/lib/test/OrderedMerge.tcl (RunTclFile)" time="0.053" />
  <testcase classname="ptolemy.util.test.junit.TclTests" name="[21] /home/travis/build/icyphy/ptII/ptolemy/actor/lib/test/Publisher.tcl (RunTclFile)" time="0.678" />
  <testcase classname="ptolemy.util.test.junit.TclTests" name="[22] /home/travis/build/icyphy/ptII/ptolemy/actor/lib/test/Pulse.tcl (RunTclFile)" time="0.06" />
  <testcase classname="ptolemy.util.test.junit.TclTests" name="[23] /home/travis/build/icyphy/ptII/ptolemy/actor/lib/test/Ramp.tcl (RunTclFile)" time="1.702" />
  <testcase classname="ptolemy.util.test.junit.TclTests" name="[24] /home/travis/build/icyphy/ptII/ptolemy/actor/lib/test/RampContinuous.tcl (RunTclFile)" time="0.017" />
  <testcase classname="ptolemy.util.test.junit.TclTests" name="[25] /home/travis/build/icyphy/ptII/ptolemy/actor/lib/test/RecordAssembler.tcl (RunTclFile)" time="0.022" />
  <testcase classname="ptolemy.util.test.junit.TclTests" name="[26] /home/travis/build/icyphy/ptII/ptolemy/actor/lib/test/RecordDisassembler.tcl (RunTclFile)" time="0.024" />
  <testcase classname="ptolemy.util.test.junit.TclTests" name="[27] /home/travis/build/icyphy/ptII/ptolemy/actor/lib/test/Scale.tcl (RunTclFile)" time="0.028" />
  <testcase classname="ptolemy.util.test.junit.TclTests" name="[28] /home/travis/build/icyphy/ptII/ptolemy/actor/lib/test/SequentialClock.tcl (RunTclFile)" time="0.015" />
  <testcase classname="ptolemy.util.test.junit.TclTests" name="[29] /home/travis/build/icyphy/ptII/ptolemy/actor/lib/test/SetVariable.tcl (RunTclFile)" time="0.014" />
  <testcase classname="ptolemy.util.test.junit.TclTests" name="[30] /home/travis/build/icyphy/ptII/ptolemy/actor/lib/test/Sinewave.tcl (RunTclFile)" time="0.049" />
  <testcase classname="ptolemy.util.test.junit.TclTests" name="[31] /home/travis/build/icyphy/ptII/ptolemy/actor/lib/test/SubscriptionAggregator.tcl (RunTclFile)" time="1.98" />
  <testcase classname="ptolemy.util.test.junit.TclTests" name="[32] /home/travis/build/icyphy/ptII/ptolemy/actor/lib/test/Test.tcl (RunTclFile)" time="0.105" />
  <testcase classname="ptolemy.util.test.junit.TclTests" name="[33] /home/travis/build/icyphy/ptII/ptolemy/actor/lib/test/TestExceptionHandler.tcl (RunTclFile)" time="0.012" />
  <testcase classname="ptolemy.util.test.junit.TclTests" name="[34] /home/travis/build/icyphy/ptII/ptolemy/actor/lib/test/UnionDisassembler.tcl (RunTclFile)" time="0.063" />
  <testcase classname="ptolemy.util.test.junit.TclTests" name="[35] /home/travis/build/icyphy/ptII/ptolemy/actor/lib/test/VariableClock.tcl (RunTclFile)" time="0.017" />
  <testcase classname="ptolemy.util.test.junit.AutoKnownFailedTests" name="[0] /home/travis/build/icyphy/ptII/ptolemy/actor/lib/test/auto/knownFailedTests/PublisherPortToplevelSubscriber.xml (RunModel)" time="0.017" />
  <testcase classname="ptolemy.util.test.junit.AutoKnownFailedTests" name="[1] /home/travis/build/icyphy/ptII/ptolemy/actor/lib/test/auto/knownFailedTests/PublisherSubscriberPortToplevel.xml (RunModel)" time="0.028" />
  <testcase classname="ptolemy.util.test.junit.AutoKnownFailedTests" name="[2] /home/travis/build/icyphy/ptII/ptolemy/actor/lib/test/auto/knownFailedTests/PublisherSubscriptionAggregatorPort.xml (RunModel)" time="0.02" />
  <testcase classname="ptolemy.util.test.junit.AutoKnownFailedTests" name="[3] /home/travis/build/icyphy/ptII/ptolemy/actor/lib/test/auto/knownFailedTests/sizedarray3.xml (RunModel)" time="0.018" />
  <testcase classname="ptolemy.util.test.junit.AutoNameArchTests" name="[0] ThereAreNoAutoArchTests (RunModel)" time="0.001" />
  <testcase classname="ptolemy.util.test.junit.AutoTests" name="[0] /home/travis/build/icyphy/ptII/ptolemy/actor/lib/test/auto/AbsoluteValue.xml (RunModel)" time="0.114" />
  <testcase classname="ptolemy.util.test.junit.AutoTests" name="[1] /home/travis/build/icyphy/ptII/ptolemy/actor/lib/test/auto/AbsoluteValue2.xml (RunModel)" time="0.071" />
  <testcase classname="ptolemy.util.test.junit.AutoTests" name="[2] /home/travis/build/icyphy/ptII/ptolemy/actor/lib/test/auto/Accumulator.xml (RunModel)" time="0.07" />
  <testcase classname="ptolemy.util.test.junit.AutoTests" name="[3] /home/travis/build/icyphy/ptII/ptolemy/actor/lib/test/auto/Accumulator2.xml (RunModel)" time="0.132" />
  <testcase classname="ptolemy.util.test.junit.AutoTests" name="[4] /home/travis/build/icyphy/ptII/ptolemy/actor/lib/test/auto/Accumulator3.xml (RunModel)" time="0.034" />
  <testcase classname="ptolemy.util.test.junit.AutoTests" name="[5] /home/travis/build/icyphy/ptII/ptolemy/actor/lib/test/auto/ArrayAppend.xml (RunModel)" time="0.05" />
  <testcase classname="ptolemy.util.test.junit.AutoTests" name="[6] /home/travis/build/icyphy/ptII/ptolemy/actor/lib/test/auto/ArrayAppend2.xml (RunModel)" time="0.501" />
  <testcase classname="ptolemy.util.test.junit.AutoTests" name="[7] /home/travis/build/icyphy/ptII/ptolemy/actor/lib/test/auto/ArrayAppend3.xml (RunModel)" time="0.027" />
  <testcase classname="ptolemy.util.test.junit.AutoTests" name="[8] /home/travis/build/icyphy/ptII/ptolemy/actor/lib/test/auto/ArrayAppend4.xml (RunModel)" time="0.046" />
  <testcase classname="ptolemy.util.test.junit.AutoTests" name="[9] /home/travis/build/icyphy/ptII/ptolemy/actor/lib/test/auto/ArrayAppend5.xml (RunModel)" time="0.034" />
  <testcase classname="ptolemy.util.test.junit.AutoTests" name="[10] /home/travis/build/icyphy/ptII/ptolemy/actor/lib/test/auto/ArrayAppend6.xml (RunModel)" time="0.026" />
  <testcase classname="ptolemy.util.test.junit.AutoTests" name="[11] /home/travis/build/icyphy/ptII/ptolemy/actor/lib/test/auto/ArrayAppendPerformanceTest.xml (RunModel)" time="0.049" />
  <testcase classname="ptolemy.util.test.junit.AutoTests" name="[12] /home/travis/build/icyphy/ptII/ptolemy/actor/lib/test/auto/ArrayAppendWithEmptyInput.xml (RunModel)" time="0.058" />
  <testcase classname="ptolemy.util.test.junit.AutoTests" name="[13] /home/travis/build/icyphy/ptII/ptolemy/actor/lib/test/auto/ArrayAverage.xml (RunModel)" time="0.031" />
  <testcase classname="ptolemy.util.test.junit.AutoTests" name="[14] /home/travis/build/icyphy/ptII/ptolemy/actor/lib/test/auto/ArrayContains.xml (RunModel)" time="0.023" />
  <testcase classname="ptolemy.util.test.junit.AutoTests" name="[15] /home/travis/build/icyphy/ptII/ptolemy/actor/lib/test/auto/ArrayElement.xml (RunModel)" time="0.02" />
  <testcase classname="ptolemy.util.test.junit.AutoTests" name="[16] /home/travis/build/icyphy/ptII/ptolemy/actor/lib/test/auto/ArrayElementAsMatrix.xml (RunModel)" time="0.076" />
  <testcase classname="ptolemy.util.test.junit.AutoTests" name="[17] /home/travis/build/icyphy/ptII/ptolemy/actor/lib/test/auto/ArrayElementI.xml (RunModel)" time="0.014" />
  <testcase classname="ptolemy.util.test.junit.AutoTests" name="[18] /home/travis/build/icyphy/ptII/ptolemy/actor/lib/test/auto/ArrayExtract.xml (RunModel)" time="0.029" />
  <testcase classname="ptolemy.util.test.junit.AutoTests" name="[19] /home/travis/build/icyphy/ptII/ptolemy/actor/lib/test/auto/ArrayExtract2.xml (RunModel)" time="0.019" />
  <testcase classname="ptolemy.util.test.junit.AutoTests" name="[20] /home/travis/build/icyphy/ptII/ptolemy/actor/lib/test/auto/ArrayLength.xml (RunModel)" time="0.027" />
  <testcase classname="ptolemy.util.test.junit.AutoTests" name="[21] /home/travis/build/icyphy/ptII/ptolemy/actor/lib/test/auto/ArrayLevelCrossing.xml (RunModel)" time="0.028" />
  <testcase classname="ptolemy.util.test.junit.AutoTests" name="[22] /home/travis/build/icyphy/ptII/ptolemy/actor/lib/test/auto/ArrayLevelCrossing2.xml (RunModel)" time="0.026" />
  <testcase classname="ptolemy.util.test.junit.AutoTests" name="[23] /home/travis/build/icyphy/ptII/ptolemy/actor/lib/test/auto/ArrayPeakSearch.xml (RunModel)" time="0.052" />
  <testcase classname="ptolemy.util.test.junit.AutoTests" name="[24] /home/travis/build/icyphy/ptII/ptolemy/actor/lib/test/auto/ArrayPeakSearch2.xml (RunModel)" time="0.053" />
  <testcase classname="ptolemy.util.test.junit.AutoTests" name="[25] /home/travis/build/icyphy/ptII/ptolemy/actor/lib/test/auto/ArrayPeakSearch3.xml (RunModel)" time="0.034" />
  <testcase classname="ptolemy.util.test.junit.AutoTests" name="[26] /home/travis/build/icyphy/ptII/ptolemy/actor/lib/test/auto/ArrayRemoveElement.xml (RunModel)" time="0.028" />
  <testcase classname="ptolemy.util.test.junit.AutoTests" name="[27] /home/travis/build/icyphy/ptII/ptolemy/actor/lib/test/auto/ArraySort.xml (RunModel)" time="0.04" />
  <testcase classname="ptolemy.util.test.junit.AutoTests" name="[28] /home/travis/build/icyphy/ptII/ptolemy/actor/lib/test/auto/ArraySum.xml (RunModel)" time="0.019" />
  <testcase classname="ptolemy.util.test.junit.AutoTests" name="[29] /home/travis/build/icyphy/ptII/ptolemy/actor/lib/test/auto/ArrayToElements.xml (RunModel)" time="0.032" />
  <testcase classname="ptolemy.util.test.junit.AutoTests" name="[30] /home/travis/build/icyphy/ptII/ptolemy/actor/lib/test/auto/ArrayToMatrix.xml (RunModel)" time="0.053" />
  <testcase classname="ptolemy.util.test.junit.AutoTests" name="[31] /home/travis/build/icyphy/ptII/ptolemy/actor/lib/test/auto/ArrayUpdate1.xml (RunModel)" time="0.021" />
  <testcase classname="ptolemy.util.test.junit.AutoTests" name="[32] /home/travis/build/icyphy/ptII/ptolemy/actor/lib/test/auto/ArrayUpdate2.xml (RunModel)" time="0.02" />
  <testcase classname="ptolemy.util.test.junit.AutoTests" name="[33] /home/travis/build/icyphy/ptII/ptolemy/actor/lib/test/auto/ArrayUpdate3.xml (RunModel)" time="0.017" />
  <testcase classname="ptolemy.util.test.junit.AutoTests" name="[34] /home/travis/build/icyphy/ptII/ptolemy/actor/lib/test/auto/Assert1.xml (RunModel)" time="0.026" />
  <testcase classname="ptolemy.util.test.junit.AutoTests" name="[35] /home/travis/build/icyphy/ptII/ptolemy/actor/lib/test/auto/Assert2.xml (RunModel)" time="0.017" />
  <testcase classname="ptolemy.util.test.junit.AutoTests" name="[36] /home/travis/build/icyphy/ptII/ptolemy/actor/lib/test/auto/BooleanMultiplexor.xml (RunModel)" time="0.016" />
  <testcase classname="ptolemy.util.test.junit.AutoTests" name="[37] /home/travis/build/icyphy/ptII/ptolemy/actor/lib/test/auto/BooleanMultiplexor2.xml (RunModel)" time="0.015" />
  <testcase classname="ptolemy.util.test.junit.AutoTests" name="[38] /home/travis/build/icyphy/ptII/ptolemy/actor/lib/test/auto/BooleanMultiplexor3.xml (RunModel)" time="0.065" />
  <testcase classname="ptolemy.util.test.junit.AutoTests" name="[39] /home/travis/build/icyphy/ptII/ptolemy/actor/lib/test/auto/BooleanSelect.xml (RunModel)" time="0.022" />
  <testcase classname="ptolemy.util.test.junit.AutoTests" name="[40] /home/travis/build/icyphy/ptII/ptolemy/actor/lib/test/auto/BooleanSelect2.xml (RunModel)" time="0.015" />
  <testcase classname="ptolemy.util.test.junit.AutoTests" name="[41] /home/travis/build/icyphy/ptII/ptolemy/actor/lib/test/auto/BooleanSwitch.xml (RunModel)" time="0.02" />
  <testcase classname="ptolemy.util.test.junit.AutoTests" name="[42] /home/travis/build/icyphy/ptII/ptolemy/actor/lib/test/auto/BooleanSwitch2.xml (RunModel)" time="0.012" />
  <testcase classname="ptolemy.util.test.junit.AutoTests" name="[43] /home/travis/build/icyphy/ptII/ptolemy/actor/lib/test/auto/BooleanSwitchCloningBugWithClassRelationGroup.xml (RunModel)" time="0.022" />
  <testcase classname="ptolemy.util.test.junit.AutoTests" name="[44] /home/travis/build/icyphy/ptII/ptolemy/actor/lib/test/auto/BusActors.xml (RunModel)" time="0.046" />
  <testcase classname="ptolemy.util.test.junit.AutoTests" name="[45] /home/travis/build/icyphy/ptII/ptolemy/actor/lib/test/auto/ClassWrapper.xml (RunModel)" time="0.016" />
  <testcase classname="ptolemy.util.test.junit.AutoTests" name="[46] /home/travis/build/icyphy/ptII/ptolemy/actor/lib/test/auto/Clock.xml (RunModel)" time="0.019" />
  <testcase classname="ptolemy.util.test.junit.AutoTests" name="[47] /home/travis/build/icyphy/ptII/ptolemy/actor/lib/test/auto/Clock10.xml (RunModel)" time="0.015" />
  <testcase classname="ptolemy.util.test.junit.AutoTests" name="[48] /home/travis/build/icyphy/ptII/ptolemy/actor/lib/test/auto/Clock11.xml (RunModel)" time="0.013" />
  <testcase classname="ptolemy.util.test.junit.AutoTests" name="[49] /home/travis/build/icyphy/ptII/ptolemy/actor/lib/test/auto/Clock12.xml (RunModel)" time="0.024" />
  <testcase classname="ptolemy.util.test.junit.AutoTests" name="[50] /home/travis/build/icyphy/ptII/ptolemy/actor/lib/test/auto/Clock13.xml (RunModel)" time="0.018" />
  <testcase classname="ptolemy.util.test.junit.AutoTests" name="[51] /home/travis/build/icyphy/ptII/ptolemy/actor/lib/test/auto/Clock14.xml (RunModel)" time="0.017" />
  <testcase classname="ptolemy.util.test.junit.AutoTests" name="[52] /home/travis/build/icyphy/ptII/ptolemy/actor/lib/test/auto/Clock15.xml (RunModel)" time="0.017" />
  <testcase classname="ptolemy.util.test.junit.AutoTests" name="[53] /home/travis/build/icyphy/ptII/ptolemy/actor/lib/test/auto/Clock16.xml (RunModel)" time="0.092" />
  <testcase classname="ptolemy.util.test.junit.AutoTests" name="[54] /home/travis/build/icyphy/ptII/ptolemy/actor/lib/test/auto/Clock17.xml (RunModel)" time="0.049" />
  <testcase classname="ptolemy.util.test.junit.AutoTests" name="[55] /home/travis/build/icyphy/ptII/ptolemy/actor/lib/test/auto/Clock18.xml (RunModel)" time="0.063" />
  <testcase classname="ptolemy.util.test.junit.AutoTests" name="[56] /home/travis/build/icyphy/ptII/ptolemy/actor/lib/test/auto/Clock19.xml (RunModel)" time="0.046" />
  <testcase classname="ptolemy.util.test.junit.AutoTests" name="[57] /home/travis/build/icyphy/ptII/ptolemy/actor/lib/test/auto/Clock2.xml (RunModel)" time="0.017" />
  <testcase classname="ptolemy.util.test.junit.AutoTests" name="[58] /home/travis/build/icyphy/ptII/ptolemy/actor/lib/test/auto/Clock20.xml (RunModel)" time="0.024" />
  <testcase classname="ptolemy.util.test.junit.AutoTests" name="[59] /home/travis/build/icyphy/ptII/ptolemy/actor/lib/test/auto/Clock21.xml (RunModel)" time="0.017" />
  <testcase classname="ptolemy.util.test.junit.AutoTests" name="[60] /home/travis/build/icyphy/ptII/ptolemy/actor/lib/test/auto/Clock22.xml (RunModel)" time="0.02" />
  <testcase classname="ptolemy.util.test.junit.AutoTests" name="[61] /home/travis/build/icyphy/ptII/ptolemy/actor/lib/test/auto/Clock23.xml (RunModel)" time="0.016" />
  <testcase classname="ptolemy.util.test.junit.AutoTests" name="[62] /home/travis/build/icyphy/ptII/ptolemy/actor/lib/test/auto/Clock24.xml (RunModel)" time="0.018" />
  <testcase classname="ptolemy.util.test.junit.AutoTests" name="[63] /home/travis/build/icyphy/ptII/ptolemy/actor/lib/test/auto/Clock4.xml (RunModel)" time="0.016" />
  <testcase classname="ptolemy.util.test.junit.AutoTests" name="[64] /home/travis/build/icyphy/ptII/ptolemy/actor/lib/test/auto/Clock5.xml (RunModel)" time="0.011" />
  <testcase classname="ptolemy.util.test.junit.AutoTests" name="[65] /home/travis/build/icyphy/ptII/ptolemy/actor/lib/test/auto/Clock6.xml (RunModel)" time="0.008" />
  <testcase classname="ptolemy.util.test.junit.AutoTests" name="[66] /home/travis/build/icyphy/ptII/ptolemy/actor/lib/test/auto/Clock7.xml (RunModel)" time="0.013" />
  <testcase classname="ptolemy.util.test.junit.AutoTests" name="[67] /home/travis/build/icyphy/ptII/ptolemy/actor/lib/test/auto/Clock8.xml (RunModel)" time="0.012" />
  <testcase classname="ptolemy.util.test.junit.AutoTests" name="[68] /home/travis/build/icyphy/ptII/ptolemy/actor/lib/test/auto/Clock9.xml (RunModel)" time="0.015" />
  <testcase classname="ptolemy.util.test.junit.AutoTests" name="[69] /home/travis/build/icyphy/ptII/ptolemy/actor/lib/test/auto/CommDistDiscard.xml (RunModel)" time="0.017" />
  <testcase classname="ptolemy.util.test.junit.AutoTests" name="[70] /home/travis/build/icyphy/ptII/ptolemy/actor/lib/test/auto/Commutator.xml (RunModel)" time="0.012" />
  <testcase classname="ptolemy.util.test.junit.AutoTests" name="[71] /home/travis/build/icyphy/ptII/ptolemy/actor/lib/test/auto/Commutator2.xml (RunModel)" time="0.01" />
  <testcase classname="ptolemy.util.test.junit.AutoTests" name="[72] /home/travis/build/icyphy/ptII/ptolemy/actor/lib/test/auto/Commutator3.xml (RunModel)" time="0.011" />
  <testcase classname="ptolemy.util.test.junit.AutoTests" name="[73] /home/travis/build/icyphy/ptII/ptolemy/actor/lib/test/auto/Compare.xml (RunModel)" time="0.019" />
  <testcase classname="ptolemy.util.test.junit.AutoTests" name="[74] /home/travis/build/icyphy/ptII/ptolemy/actor/lib/test/auto/CompareDE.xml (RunModel)" time="0.021" />
  <testcase classname="ptolemy.util.test.junit.AutoTests" name="[75] /home/travis/build/icyphy/ptII/ptolemy/actor/lib/test/auto/ComplexDivide.xml (RunModel)" time="0.009" />
  <testcase classname="ptolemy.util.test.junit.AutoTests" name="[76] /home/travis/build/icyphy/ptII/ptolemy/actor/lib/test/auto/ComputeHistogram.xml (RunModel)" time="0.054" />
  <testcase classname="ptolemy.util.test.junit.AutoTests" name="[77] /home/travis/build/icyphy/ptII/ptolemy/actor/lib/test/auto/ConfigurationSelect.xml (RunModel)" time="0.015" />
  <testcase classname="ptolemy.util.test.junit.AutoTests" name="[78] /home/travis/build/icyphy/ptII/ptolemy/actor/lib/test/auto/ConfigurationSelect2.xml (RunModel)" time="0.016" />
  <testcase classname="ptolemy.util.test.junit.AutoTests" name="[79] /home/travis/build/icyphy/ptII/ptolemy/actor/lib/test/auto/ConfigurationSwitch.xml (RunModel)" time="0.029" />
  <testcase classname="ptolemy.util.test.junit.AutoTests" name="[80] /home/travis/build/icyphy/ptII/ptolemy/actor/lib/test/auto/ConfigurationSwitch2.xml (RunModel)" time="0.021" />
  <testcase classname="ptolemy.util.test.junit.AutoTests" name="[81] /home/travis/build/icyphy/ptII/ptolemy/actor/lib/test/auto/ConfigurationSwitchCloningBugWithClassRelationGroup.xml (RunModel)" time="0.028" />
  <testcase classname="ptolemy.util.test.junit.AutoTests" name="[82] /home/travis/build/icyphy/ptII/ptolemy/actor/lib/test/auto/ConfigurationSwitchSelectSDF.xml (RunModel)" time="0.018" />
  <testcase classname="ptolemy.util.test.junit.AutoTests" name="[83] /home/travis/build/icyphy/ptII/ptolemy/actor/lib/test/auto/ConfigurationSwitchSelectSDF2.xml (RunModel)" time="0.018" />
  <testcase classname="ptolemy.util.test.junit.AutoTests" name="[84] /home/travis/build/icyphy/ptII/ptolemy/actor/lib/test/auto/Const.xml (RunModel)" time="0.008" />
  <testcase classname="ptolemy.util.test.junit.AutoTests" name="[85] /home/travis/build/icyphy/ptII/ptolemy/actor/lib/test/auto/Const2.xml (RunModel)" time="0.012" />
  <testcase classname="ptolemy.util.test.junit.AutoTests" name="[86] /home/travis/build/icyphy/ptII/ptolemy/actor/lib/test/auto/Const3.xml (RunModel)" time="0.01" />
  <testcase classname="ptolemy.util.test.junit.AutoTests" name="[87] /home/travis/build/icyphy/ptII/ptolemy/actor/lib/test/auto/ConstantPublisherPort1.xml (RunModel)" time="0.035" />
  <testcase classname="ptolemy.util.test.junit.AutoTests" name="[88] /home/travis/build/icyphy/ptII/ptolemy/actor/lib/test/auto/ConstantPublisherPort2.xml (RunModel)" time="0.027" />
  <testcase classname="ptolemy.util.test.junit.AutoTests" name="[89] /home/travis/build/icyphy/ptII/ptolemy/actor/lib/test/auto/ConstantPublisherPort3.xml (RunModel)" time="0.027" />
  <testcase classname="ptolemy.util.test.junit.AutoTests" name="[90] /home/travis/build/icyphy/ptII/ptolemy/actor/lib/test/auto/ConstantPublisherPort4.xml (RunModel)" time="0.023" />
  <testcase classname="ptolemy.util.test.junit.AutoTests" name="[91] /home/travis/build/icyphy/ptII/ptolemy/actor/lib/test/auto/ConstantPublisherPort5.xml (RunModel)" time="0.04" />
  <testcase classname="ptolemy.util.test.junit.AutoTests" name="[92] /home/travis/build/icyphy/ptII/ptolemy/actor/lib/test/auto/ConstantPublisherPort6.xml (RunModel)" time="0.035" />
  <testcase classname="ptolemy.util.test.junit.AutoTests" name="[93] /home/travis/build/icyphy/ptII/ptolemy/actor/lib/test/auto/ConstantPublisherPort7.xml (RunModel)" time="0.065" />
  <testcase classname="ptolemy.util.test.junit.AutoTests" name="[94] /home/travis/build/icyphy/ptII/ptolemy/actor/lib/test/auto/ConstraintMonitor1.xml (RunModel)" time="0.028" />
  <testcase classname="ptolemy.util.test.junit.AutoTests" name="[95] /home/travis/build/icyphy/ptII/ptolemy/actor/lib/test/auto/ConstraintMonitor2.xml (RunModel)" time="0.011" />
  <testcase classname="ptolemy.util.test.junit.AutoTests" name="[96] /home/travis/build/icyphy/ptII/ptolemy/actor/lib/test/auto/ConstraintMonitor3.xml (RunModel)" time="0.017" />
  <testcase classname="ptolemy.util.test.junit.AutoTests" name="[97] /home/travis/build/icyphy/ptII/ptolemy/actor/lib/test/auto/ConstraintMonitor4.xml (RunModel)" time="0.02" />
  <testcase classname="ptolemy.util.test.junit.AutoTests" name="[98] /home/travis/build/icyphy/ptII/ptolemy/actor/lib/test/auto/ConstraintMonitor5.xml (RunModel)" time="0.014" />
  <testcase classname="ptolemy.util.test.junit.AutoTests" name="[99] /home/travis/build/icyphy/ptII/ptolemy/actor/lib/test/auto/ConstraintMonitor6.xml (RunModel)" time="0.012" />
  <testcase classname="ptolemy.util.test.junit.AutoTests" name="[100] /home/travis/build/icyphy/ptII/ptolemy/actor/lib/test/auto/ConstraintMonitor7.xml (RunModel)" time="0.019" />
  <testcase classname="ptolemy.util.test.junit.AutoTests" name="[101] /home/travis/build/icyphy/ptII/ptolemy/actor/lib/test/auto/ConstraintMonitor8.xml (RunModel)" time="0.017" />
  <testcase classname="ptolemy.util.test.junit.AutoTests" name="[102] /home/travis/build/icyphy/ptII/ptolemy/actor/lib/test/auto/Counter.xml (RunModel)" time="0.011" />
  <testcase classname="ptolemy.util.test.junit.AutoTests" name="[103] /home/travis/build/icyphy/ptII/ptolemy/actor/lib/test/auto/CurrentTimeSDF.xml (RunModel)" time="0.009" />
  <testcase classname="ptolemy.util.test.junit.AutoTests" name="[104] /home/travis/build/icyphy/ptII/ptolemy/actor/lib/test/auto/DB.xml (RunModel)" time="0.012" />
  <testcase classname="ptolemy.util.test.junit.AutoTests" name="[105] /home/travis/build/icyphy/ptII/ptolemy/actor/lib/test/auto/DBDE.xml (RunModel)" time="0.014" />
  <testcase classname="ptolemy.util.test.junit.AutoTests" name="[106] /home/travis/build/icyphy/ptII/ptolemy/actor/lib/test/auto/DateConstructor.xml (RunModel)" time="0.06" />
  <testcase classname="ptolemy.util.test.junit.AutoTests" name="[107] /home/travis/build/icyphy/ptII/ptolemy/actor/lib/test/auto/DelayTime.xml (RunModel)" time="0.015" />
  <testcase classname="ptolemy.util.test.junit.AutoTests" name="[108] /home/travis/build/icyphy/ptII/ptolemy/actor/lib/test/auto/Dictionary1.xml (RunModel)" time="0.014" />
  <testcase classname="ptolemy.util.test.junit.AutoTests" name="[109] /home/travis/build/icyphy/ptII/ptolemy/actor/lib/test/auto/Dictionary2.xml (RunModel)" time="0.013" />
  <testcase classname="ptolemy.util.test.junit.AutoTests" name="[110] /home/travis/build/icyphy/ptII/ptolemy/actor/lib/test/auto/Dictionary3.xml (RunModel)" time="0.013" />
  <testcase classname="ptolemy.util.test.junit.AutoTests" name="[111] /home/travis/build/icyphy/ptII/ptolemy/actor/lib/test/auto/Dictionary4.xml (RunModel)" time="0.019" />
  <testcase classname="ptolemy.util.test.junit.AutoTests" name="[112] /home/travis/build/icyphy/ptII/ptolemy/actor/lib/test/auto/Differential.xml (RunModel)" time="0.011" />
  <testcase classname="ptolemy.util.test.junit.AutoTests" name="[113] /home/travis/build/icyphy/ptII/ptolemy/actor/lib/test/auto/Director.xml (RunModel)" time="0.01" />
  <testcase classname="ptolemy.util.test.junit.AutoTests" name="[114] /home/travis/build/icyphy/ptII/ptolemy/actor/lib/test/auto/DiscreteClock.xml (RunModel)" time="0.007" />
  <testcase classname="ptolemy.util.test.junit.AutoTests" name="[115] /home/travis/build/icyphy/ptII/ptolemy/actor/lib/test/auto/DiscreteClock10.xml (RunModel)" time="0.013" />
  <testcase classname="ptolemy.util.test.junit.AutoTests" name="[116] /home/travis/build/icyphy/ptII/ptolemy/actor/lib/test/auto/DiscreteClock11.xml (RunModel)" time="0.012" />
  <testcase classname="ptolemy.util.test.junit.AutoTests" name="[117] /home/travis/build/icyphy/ptII/ptolemy/actor/lib/test/auto/DiscreteClock12.xml (RunModel)" time="0.013" />
  <testcase classname="ptolemy.util.test.junit.AutoTests" name="[118] /home/travis/build/icyphy/ptII/ptolemy/actor/lib/test/auto/DiscreteClock13.xml (RunModel)" time="0.015" />
  <testcase classname="ptolemy.util.test.junit.AutoTests" name="[119] /home/travis/build/icyphy/ptII/ptolemy/actor/lib/test/auto/DiscreteClock14.xml (RunModel)" time="0.015" />
  <testcase classname="ptolemy.util.test.junit.AutoTests" name="[120] /home/travis/build/icyphy/ptII/ptolemy/actor/lib/test/auto/DiscreteClock15.xml (RunModel)" time="0.017" />
  <testcase classname="ptolemy.util.test.junit.AutoTests" name="[121] /home/travis/build/icyphy/ptII/ptolemy/actor/lib/test/auto/DiscreteClock16.xml (RunModel)" time="0.042" />
  <testcase classname="ptolemy.util.test.junit.AutoTests" name="[122] /home/travis/build/icyphy/ptII/ptolemy/actor/lib/test/auto/DiscreteClock17.xml (RunModel)" time="0.038" />
  <testcase classname="ptolemy.util.test.junit.AutoTests" name="[123] /home/travis/build/icyphy/ptII/ptolemy/actor/lib/test/auto/DiscreteClock18.xml (RunModel)" time="0.042" />
  <testcase classname="ptolemy.util.test.junit.AutoTests" name="[124] /home/travis/build/icyphy/ptII/ptolemy/actor/lib/test/auto/DiscreteClock19.xml (RunModel)" time="0.034" />
  <testcase classname="ptolemy.util.test.junit.AutoTests" name="[125] /home/travis/build/icyphy/ptII/ptolemy/actor/lib/test/auto/DiscreteClock2.xml (RunModel)" time="0.012" />
  <testcase classname="ptolemy.util.test.junit.AutoTests" name="[126] /home/travis/build/icyphy/ptII/ptolemy/actor/lib/test/auto/DiscreteClock20.xml (RunModel)" time="0.015" />
  <testcase classname="ptolemy.util.test.junit.AutoTests" name="[127] /home/travis/build/icyphy/ptII/ptolemy/actor/lib/test/auto/DiscreteClock21.xml (RunModel)" time="0.015" />
  <testcase classname="ptolemy.util.test.junit.AutoTests" name="[128] /home/travis/build/icyphy/ptII/ptolemy/actor/lib/test/auto/DiscreteClock22.xml (RunModel)" time="0.014" />
  <testcase classname="ptolemy.util.test.junit.AutoTests" name="[129] /home/travis/build/icyphy/ptII/ptolemy/actor/lib/test/auto/DiscreteClock23.xml (RunModel)" time="0.014" />
  <testcase classname="ptolemy.util.test.junit.AutoTests" name="[130] /home/travis/build/icyphy/ptII/ptolemy/actor/lib/test/auto/DiscreteClock24.xml (RunModel)" time="0.482" />
  <testcase classname="ptolemy.util.test.junit.AutoTests" name="[131] /home/travis/build/icyphy/ptII/ptolemy/actor/lib/test/auto/DiscreteClock4.xml (RunModel)" time="0.011" />
  <testcase classname="ptolemy.util.test.junit.AutoTests" name="[132] /home/travis/build/icyphy/ptII/ptolemy/actor/lib/test/auto/DiscreteClock5.xml (RunModel)" time="0.008" />
  <testcase classname="ptolemy.util.test.junit.AutoTests" name="[133] /home/travis/build/icyphy/ptII/ptolemy/actor/lib/test/auto/DiscreteClock6.xml (RunModel)" time="0.007" />
  <testcase classname="ptolemy.util.test.junit.AutoTests" name="[134] /home/travis/build/icyphy/ptII/ptolemy/actor/lib/test/auto/DiscreteClock7.xml (RunModel)" time="0.01" />
  <testcase classname="ptolemy.util.test.junit.AutoTests" name="[135] /home/travis/build/icyphy/ptII/ptolemy/actor/lib/test/auto/DiscreteClock8.xml (RunModel)" time="0.014" />
  <testcase classname="ptolemy.util.test.junit.AutoTests" name="[136] /home/travis/build/icyphy/ptII/ptolemy/actor/lib/test/auto/DiscreteClock9.xml (RunModel)" time="0.013" />
  <testcase classname="ptolemy.util.test.junit.AutoTests" name="[137] /home/travis/build/icyphy/ptII/ptolemy/actor/lib/test/auto/DisplayArray.xml (RunModel)" time="0.024" />
  <testcase classname="ptolemy.util.test.junit.AutoTests" name="[138] /home/travis/build/icyphy/ptII/ptolemy/actor/lib/test/auto/Distributor.xml (RunModel)" time="0.008" />
  <testcase classname="ptolemy.util.test.junit.AutoTests" name="[139] /home/travis/build/icyphy/ptII/ptolemy/actor/lib/test/auto/Distributor2.xml (RunModel)" time="0.011" />
  <testcase classname="ptolemy.util.test.junit.AutoTests" name="[140] /home/travis/build/icyphy/ptII/ptolemy/actor/lib/test/auto/DownSample.xml (RunModel)" time="0.012" />
  <testcase classname="ptolemy.util.test.junit.AutoTests" name="[141] /home/travis/build/icyphy/ptII/ptolemy/actor/lib/test/auto/ElectronicUnitBase1.xml (RunModel)" time="0.085" />
  <testcase classname="ptolemy.util.test.junit.AutoTests" name="[142] /home/travis/build/icyphy/ptII/ptolemy/actor/lib/test/auto/ElementsToArray.xml (RunModel)" time="0.024" />
  <testcase classname="ptolemy.util.test.junit.AutoTests" name="[143] /home/travis/build/icyphy/ptII/ptolemy/actor/lib/test/auto/Equals.xml (RunModel)" time="0.009" />
  <testcase classname="ptolemy.util.test.junit.AutoTests" name="[144] /home/travis/build/icyphy/ptII/ptolemy/actor/lib/test/auto/Exec.xml (RunModel)" time="0.014" />
  <testcase classname="ptolemy.util.test.junit.AutoTests" name="[145] /home/travis/build/icyphy/ptII/ptolemy/actor/lib/test/auto/ExecEnvironment.xml (RunModel)" time="0.033" />
  <testcase classname="ptolemy.util.test.junit.AutoTests" name="[146] /home/travis/build/icyphy/ptII/ptolemy/actor/lib/test/auto/ExecNonZeroReturnOutput.xml (RunModel)" time="0.139" />
  <testcase classname="ptolemy.util.test.junit.AutoTests" name="[147] /home/travis/build/icyphy/ptII/ptolemy/actor/lib/test/auto/ExecRunDemos.xml (RunModel)" time="8.913" />
  <testcase classname="ptolemy.util.test.junit.AutoTests" name="[148] /home/travis/build/icyphy/ptII/ptolemy/actor/lib/test/auto/ExecStop.xml (RunModel)" time="5.025" />
  <testcase classname="ptolemy.util.test.junit.AutoTests" name="[149] /home/travis/build/icyphy/ptII/ptolemy/actor/lib/test/auto/ExecutionTimeSDF.xml (RunModel)" time="6.034" />
  <testcase classname="ptolemy.util.test.junit.AutoTests" name="[150] /home/travis/build/icyphy/ptII/ptolemy/actor/lib/test/auto/Expression1.xml (RunModel)" time="0.006" />
  <testcase classname="ptolemy.util.test.junit.AutoTests" name="[151] /home/travis/build/icyphy/ptII/ptolemy/actor/lib/test/auto/Expression10.xml (RunModel)" time="0.02" />
  <testcase classname="ptolemy.util.test.junit.AutoTests" name="[152] /home/travis/build/icyphy/ptII/ptolemy/actor/lib/test/auto/Expression11.xml (RunModel)" time="0.016" />
  <testcase classname="ptolemy.util.test.junit.AutoTests" name="[153] /home/travis/build/icyphy/ptII/ptolemy/actor/lib/test/auto/Expression12.xml (RunModel)" time="0.015" />
  <testcase classname="ptolemy.util.test.junit.AutoTests" name="[154] /home/travis/build/icyphy/ptII/ptolemy/actor/lib/test/auto/Expression13.xml (RunModel)" time="0.013" />
  <testcase classname="ptolemy.util.test.junit.AutoTests" name="[155] /home/travis/build/icyphy/ptII/ptolemy/actor/lib/test/auto/Expression14.xml (RunModel)" time="0.02" />
  <testcase classname="ptolemy.util.test.junit.AutoTests" name="[156] /home/travis/build/icyphy/ptII/ptolemy/actor/lib/test/auto/Expression15.xml (RunModel)" time="0.007" />
  <testcase classname="ptolemy.util.test.junit.AutoTests" name="[157] /home/travis/build/icyphy/ptII/ptolemy/actor/lib/test/auto/Expression16.xml (RunModel)" time="0.011" />
  <testcase classname="ptolemy.util.test.junit.AutoTests" name="[158] /home/travis/build/icyphy/ptII/ptolemy/actor/lib/test/auto/Expression17.xml (RunModel)" time="0.013" />
  <testcase classname="ptolemy.util.test.junit.AutoTests" name="[159] /home/travis/build/icyphy/ptII/ptolemy/actor/lib/test/auto/Expression18.xml (RunModel)" time="0.014" />
  <testcase classname="ptolemy.util.test.junit.AutoTests" name="[160] /home/travis/build/icyphy/ptII/ptolemy/actor/lib/test/auto/Expression2.xml (RunModel)" time="0.016" />
  <testcase classname="ptolemy.util.test.junit.AutoTests" name="[161] /home/travis/build/icyphy/ptII/ptolemy/actor/lib/test/auto/Expression3.xml (RunModel)" time="0.015" />
  <testcase classname="ptolemy.util.test.junit.AutoTests" name="[162] /home/travis/build/icyphy/ptII/ptolemy/actor/lib/test/auto/Expression4.xml (RunModel)" time="0.018" />
  <testcase classname="ptolemy.util.test.junit.AutoTests" name="[163] /home/travis/build/icyphy/ptII/ptolemy/actor/lib/test/auto/Expression5.xml (RunModel)" time="0.017" />
  <testcase classname="ptolemy.util.test.junit.AutoTests" name="[164] /home/travis/build/icyphy/ptII/ptolemy/actor/lib/test/auto/Expression6.xml (RunModel)" time="0.011" />
  <testcase classname="ptolemy.util.test.junit.AutoTests" name="[165] /home/travis/build/icyphy/ptII/ptolemy/actor/lib/test/auto/Expression7.xml (RunModel)" time="0.013" />
  <testcase classname="ptolemy.util.test.junit.AutoTests" name="[166] /home/travis/build/icyphy/ptII/ptolemy/actor/lib/test/auto/Expression8.xml (RunModel)" time="0.018" />
  <testcase classname="ptolemy.util.test.junit.AutoTests" name="[167] /home/travis/build/icyphy/ptII/ptolemy/actor/lib/test/auto/Expression9.xml (RunModel)" time="0.013" />
  <testcase classname="ptolemy.util.test.junit.AutoTests" name="[168] /home/travis/build/icyphy/ptII/ptolemy/actor/lib/test/auto/ExpressionConcatenateArrayType.xml (RunModel)" time="0.024" />
  <testcase classname="ptolemy.util.test.junit.AutoTests" name="[169] /home/travis/build/icyphy/ptII/ptolemy/actor/lib/test/auto/ExpressionConcatenateArrayType2.xml (RunModel)" time="0.021" />
  <testcase classname="ptolemy.util.test.junit.AutoTests" name="[170] /home/travis/build/icyphy/ptII/ptolemy/actor/lib/test/auto/ExpressionFix.xml (RunModel)" time="0.044" />
  <testcase classname="ptolemy.util.test.junit.AutoTests" name="[171] /home/travis/build/icyphy/ptII/ptolemy/actor/lib/test/auto/ExpressionFix2.xml (RunModel)" time="0.013" />
  <testcase classname="ptolemy.util.test.junit.AutoTests" name="[172] /home/travis/build/icyphy/ptII/ptolemy/actor/lib/test/auto/ExpressionFix3.xml (RunModel)" time="0.02" />
  <testcase classname="ptolemy.util.test.junit.AutoTests" name="[173] /home/travis/build/icyphy/ptII/ptolemy/actor/lib/test/auto/FileWriter1.xml (RunModel)" time="0.011" />
  <testcase classname="ptolemy.util.test.junit.AutoTests" name="[174] /home/travis/build/icyphy/ptII/ptolemy/actor/lib/test/auto/FileWriter2.xml (RunModel)" time="0.014" />
  <testcase classname="ptolemy.util.test.junit.AutoTests" name="[175] /home/travis/build/icyphy/ptII/ptolemy/actor/lib/test/auto/FileWriter3.xml (RunModel)" time="0.01" />
  <testcase classname="ptolemy.util.test.junit.AutoTests" name="[176] /home/travis/build/icyphy/ptII/ptolemy/actor/lib/test/auto/Gaussian.xml (RunModel)" time="0.01" />
  <testcase classname="ptolemy.util.test.junit.AutoTests" name="[177] /home/travis/build/icyphy/ptII/ptolemy/actor/lib/test/auto/Gaussian1.xml (RunModel)" time="0.015" />
  <testcase classname="ptolemy.util.test.junit.AutoTests" name="[178] /home/travis/build/icyphy/ptII/ptolemy/actor/lib/test/auto/Gaussian2.xml (RunModel)" time="0.014" />
  <testcase classname="ptolemy.util.test.junit.AutoTests" name="[179] /home/travis/build/icyphy/ptII/ptolemy/actor/lib/test/auto/GradientAdaptiveLattice.xml (RunModel)" time="0.014" />
  <testcase classname="ptolemy.util.test.junit.AutoTests" name="[180] /home/travis/build/icyphy/ptII/ptolemy/actor/lib/test/auto/IIR.xml (RunModel)" time="0.01" />
  <testcase classname="ptolemy.util.test.junit.AutoTests" name="[181] /home/travis/build/icyphy/ptII/ptolemy/actor/lib/test/auto/InputOutputTransparentPorts.xml (RunModel)" time="0.019" />
  <testcase classname="ptolemy.util.test.junit.AutoTests" name="[182] /home/travis/build/icyphy/ptII/ptolemy/actor/lib/test/auto/Interpolator.xml (RunModel)" time="0.011" />
  <testcase classname="ptolemy.util.test.junit.AutoTests" name="[183] /home/travis/build/icyphy/ptII/ptolemy/actor/lib/test/auto/InterpolatorFiringLimitDE.xml (RunModel)" time="0.014" />
  <testcase classname="ptolemy.util.test.junit.AutoTests" name="[184] /home/travis/build/icyphy/ptII/ptolemy/actor/lib/test/auto/Lattice.xml (RunModel)" time="0.009" />
  <testcase classname="ptolemy.util.test.junit.AutoTests" name="[185] /home/travis/build/icyphy/ptII/ptolemy/actor/lib/test/auto/LazyAOCTestLazy.xml (RunModel)" time="0.023" />
  <testcase classname="ptolemy.util.test.junit.AutoTests" name="[186] /home/travis/build/icyphy/ptII/ptolemy/actor/lib/test/auto/LazyAOCTestNonLazy.xml (RunModel)" time="0.045" />
  <testcase classname="ptolemy.util.test.junit.AutoTests" name="[187] /home/travis/build/icyphy/ptII/ptolemy/actor/lib/test/auto/LazyInnerClass.xml (RunModel)" time="0.054" />
  <testcase classname="ptolemy.util.test.junit.AutoTests" name="[188] /home/travis/build/icyphy/ptII/ptolemy/actor/lib/test/auto/LazyPubSub.xml (RunModel)" time="0.054" />
  <testcase classname="ptolemy.util.test.junit.AutoTests" name="[189] /home/travis/build/icyphy/ptII/ptolemy/actor/lib/test/auto/LazyPubSub2.xml (RunModel)" time="0.053" />
  <testcase classname="ptolemy.util.test.junit.AutoTests" name="[190] /home/travis/build/icyphy/ptII/ptolemy/actor/lib/test/auto/LazyPubSub3.xml (RunModel)" time="0.031" />
  <testcase classname="ptolemy.util.test.junit.AutoTests" name="[191] /home/travis/build/icyphy/ptII/ptolemy/actor/lib/test/auto/LazySubClassModel.xml (RunModel)" time="0.02" />
  <testcase classname="ptolemy.util.test.junit.AutoTests" name="[192] /home/travis/build/icyphy/ptII/ptolemy/actor/lib/test/auto/LevelCrossTest1.xml (RunModel)" time="0.009" />
  <testcase classname="ptolemy.util.test.junit.AutoTests" name="[193] /home/travis/build/icyphy/ptII/ptolemy/actor/lib/test/auto/LevelCrossTest10.xml (RunModel)" time="0.011" />
  <testcase classname="ptolemy.util.test.junit.AutoTests" name="[194] /home/travis/build/icyphy/ptII/ptolemy/actor/lib/test/auto/LevelCrossTest11.xml (RunModel)" time="0.011" />
  <testcase classname="ptolemy.util.test.junit.AutoTests" name="[195] /home/travis/build/icyphy/ptII/ptolemy/actor/lib/test/auto/LevelCrossTest12.xml (RunModel)" time="0.01" />
  <testcase classname="ptolemy.util.test.junit.AutoTests" name="[196] /home/travis/build/icyphy/ptII/ptolemy/actor/lib/test/auto/LevelCrossTest13.xml (RunModel)" time="0.011" />
  <testcase classname="ptolemy.util.test.junit.AutoTests" name="[197] /home/travis/build/icyphy/ptII/ptolemy/actor/lib/test/auto/LevelCrossTest2.xml (RunModel)" time="0.009" />
  <testcase classname="ptolemy.util.test.junit.AutoTests" name="[198] /home/travis/build/icyphy/ptII/ptolemy/actor/lib/test/auto/LevelCrossTest3.xml (RunModel)" time="0.01" />
  <testcase classname="ptolemy.util.test.junit.AutoTests" name="[199] /home/travis/build/icyphy/ptII/ptolemy/actor/lib/test/auto/LevelCrossTest4.xml (RunModel)" time="0.008" />
  <testcase classname="ptolemy.util.test.junit.AutoTests" name="[200] /home/travis/build/icyphy/ptII/ptolemy/actor/lib/test/auto/LevelCrossTest5.xml (RunModel)" time="0.011" />
  <testcase classname="ptolemy.util.test.junit.AutoTests" name="[201] /home/travis/build/icyphy/ptII/ptolemy/actor/lib/test/auto/LevelCrossTest6.xml (RunModel)" time="0.011" />
  <testcase classname="ptolemy.util.test.junit.AutoTests" name="[202] /home/travis/build/icyphy/ptII/ptolemy/actor/lib/test/auto/LevelCrossTest7.xml (RunModel)" time="0.022" />
  <testcase classname="ptolemy.util.test.junit.AutoTests" name="[203] /home/travis/build/icyphy/ptII/ptolemy/actor/lib/test/auto/LevelCrossTest8.xml (RunModel)" time="0.016" />
  <testcase classname="ptolemy.util.test.junit.AutoTests" name="[204] /home/travis/build/icyphy/ptII/ptolemy/actor/lib/test/auto/LevelCrossTest9.xml (RunModel)" time="0.012" />
  <testcase classname="ptolemy.util.test.junit.AutoTests" name="[205] /home/travis/build/icyphy/ptII/ptolemy/actor/lib/test/auto/LevinsonDurbin.xml (RunModel)" time="0.008" />
  <testcase classname="ptolemy.util.test.junit.AutoTests" name="[206] /home/travis/build/icyphy/ptII/ptolemy/actor/lib/test/auto/LevinsonDurbin2.xml (RunModel)" time="0.007" />
  <testcase classname="ptolemy.util.test.junit.AutoTests" name="[207] /home/travis/build/icyphy/ptII/ptolemy/actor/lib/test/auto/LevinsonDurbin3.xml (RunModel)" time="0.007" />
  <testcase classname="ptolemy.util.test.junit.AutoTests" name="[208] /home/travis/build/icyphy/ptII/ptolemy/actor/lib/test/auto/Limiter.xml (RunModel)" time="0.03" />
  <testcase classname="ptolemy.util.test.junit.AutoTests" name="[209] /home/travis/build/icyphy/ptII/ptolemy/actor/lib/test/auto/LinearDifferenceEquationSystem.xml (RunModel)" time="0.019" />
  <testcase classname="ptolemy.util.test.junit.AutoTests" name="[210] /home/travis/build/icyphy/ptII/ptolemy/actor/lib/test/auto/LookupTable.xml (RunModel)" time="0.009" />
  <testcase classname="ptolemy.util.test.junit.AutoTests" name="[211] /home/travis/build/icyphy/ptII/ptolemy/actor/lib/test/auto/MathFunction.xml (RunModel)" time="0.019" />
  <testcase classname="ptolemy.util.test.junit.AutoTests" name="[212] /home/travis/build/icyphy/ptII/ptolemy/actor/lib/test/auto/MathFunction2.xml (RunModel)" time="0.009" />
  <testcase classname="ptolemy.util.test.junit.AutoTests" name="[213] /home/travis/build/icyphy/ptII/ptolemy/actor/lib/test/auto/MathFunction3.xml (RunModel)" time="0.015" />
  <testcase classname="ptolemy.util.test.junit.AutoTests" name="[214] /home/travis/build/icyphy/ptII/ptolemy/actor/lib/test/auto/MatrixCropBoolean.xml (RunModel)" time="0.009" />
  <testcase classname="ptolemy.util.test.junit.AutoTests" name="[215] /home/travis/build/icyphy/ptII/ptolemy/actor/lib/test/auto/MatrixCropComplex.xml (RunModel)" time="0.008" />
  <testcase classname="ptolemy.util.test.junit.AutoTests" name="[216] /home/travis/build/icyphy/ptII/ptolemy/actor/lib/test/auto/MatrixCropDouble.xml (RunModel)" time="0.008" />
  <testcase classname="ptolemy.util.test.junit.AutoTests" name="[217] /home/travis/build/icyphy/ptII/ptolemy/actor/lib/test/auto/MatrixCropFix.xml (RunModel)" time="0.009" />
  <testcase classname="ptolemy.util.test.junit.AutoTests" name="[218] /home/travis/build/icyphy/ptII/ptolemy/actor/lib/test/auto/MatrixCropInt.xml (RunModel)" time="0.008" />
  <testcase classname="ptolemy.util.test.junit.AutoTests" name="[219] /home/travis/build/icyphy/ptII/ptolemy/actor/lib/test/auto/MatrixCropLong.xml (RunModel)" time="0.008" />
  <testcase classname="ptolemy.util.test.junit.AutoTests" name="[220] /home/travis/build/icyphy/ptII/ptolemy/actor/lib/test/auto/MatrixToArray.xml (RunModel)" time="0.055" />
  <testcase classname="ptolemy.util.test.junit.AutoTests" name="[221] /home/travis/build/icyphy/ptII/ptolemy/actor/lib/test/auto/MaxIndex.xml (RunModel)" time="0.013" />
  <testcase classname="ptolemy.util.test.junit.AutoTests" name="[222] /home/travis/build/icyphy/ptII/ptolemy/actor/lib/test/auto/Maximum.xml (RunModel)" time="0.015" />
  <testcase classname="ptolemy.util.test.junit.AutoTests" name="[223] /home/travis/build/icyphy/ptII/ptolemy/actor/lib/test/auto/MaximumComplex.xml (RunModel)" time="0.013" />
  <testcase classname="ptolemy.util.test.junit.AutoTests" name="[224] /home/travis/build/icyphy/ptII/ptolemy/actor/lib/test/auto/MethodCallTest.xml (RunModel)" time="0.016" />
  <testcase classname="ptolemy.util.test.junit.AutoTests" name="[225] /home/travis/build/icyphy/ptII/ptolemy/actor/lib/test/auto/Minimum.xml (RunModel)" time="0.011" />
  <testcase classname="ptolemy.util.test.junit.AutoTests" name="[226] /home/travis/build/icyphy/ptII/ptolemy/actor/lib/test/auto/MinimumComplex.xml (RunModel)" time="0.011" />
  <testcase classname="ptolemy.util.test.junit.AutoTests" name="[227] /home/travis/build/icyphy/ptII/ptolemy/actor/lib/test/auto/MinimumMultiports.xml (RunModel)" time="0.016" />
  <testcase classname="ptolemy.util.test.junit.AutoTests" name="[228] /home/travis/build/icyphy/ptII/ptolemy/actor/lib/test/auto/ModifyDate.xml (RunModel)" time="0.032" />
  <testcase classname="ptolemy.util.test.junit.AutoTests" name="[229] /home/travis/build/icyphy/ptII/ptolemy/actor/lib/test/auto/ModifyDate2.xml (RunModel)" time="0.024" />
  <testcase classname="ptolemy.util.test.junit.AutoTests" name="[230] /home/travis/build/icyphy/ptII/ptolemy/actor/lib/test/auto/MovingAverage.xml (RunModel)" time="0.01" />
  <testcase classname="ptolemy.util.test.junit.AutoTests" name="[231] /home/travis/build/icyphy/ptII/ptolemy/actor/lib/test/auto/MovingMaximum.xml (RunModel)" time="0.008" />
  <testcase classname="ptolemy.util.test.junit.AutoTests" name="[232] /home/travis/build/icyphy/ptII/ptolemy/actor/lib/test/auto/MultipleLinksToSameRelation.xml (RunModel)" time="0.006" />
  <testcase classname="ptolemy.util.test.junit.AutoTests" name="[233] /home/travis/build/icyphy/ptII/ptolemy/actor/lib/test/auto/MultipleLinksToSameRelationDE.xml (RunModel)" time="0.008" />
  <testcase classname="ptolemy.util.test.junit.AutoTests" name="[234] /home/travis/build/icyphy/ptII/ptolemy/actor/lib/test/auto/Multiplexor.xml (RunModel)" time="0.009" />
  <testcase classname="ptolemy.util.test.junit.AutoTests" name="[235] /home/travis/build/icyphy/ptII/ptolemy/actor/lib/test/auto/Multiplexor1.xml (RunModel)" time="0.01" />
  <testcase classname="ptolemy.util.test.junit.AutoTests" name="[236] /home/travis/build/icyphy/ptII/ptolemy/actor/lib/test/auto/Multiplexor2.xml (RunModel)" time="0.01" />
  <testcase classname="ptolemy.util.test.junit.AutoTests" name="[237] /home/travis/build/icyphy/ptII/ptolemy/actor/lib/test/auto/Multiplexor3.xml (RunModel)" time="0.006" />
  <testcase classname="ptolemy.util.test.junit.AutoTests" name="[238] /home/travis/build/icyphy/ptII/ptolemy/actor/lib/test/auto/MultiplexorDE.xml (RunModel)" time="0.014" />
  <testcase classname="ptolemy.util.test.junit.AutoTests" name="[239] /home/travis/build/icyphy/ptII/ptolemy/actor/lib/test/auto/MultiportBroadcastTest.xml (RunModel)" time="0.08" />
  <testcase classname="ptolemy.util.test.junit.AutoTests" name="[240] /home/travis/build/icyphy/ptII/ptolemy/actor/lib/test/auto/MultiportOutHangDuringGetWidth.xml (RunModel)" time="0.025" />
  <testcase classname="ptolemy.util.test.junit.AutoTests" name="[241] /home/travis/build/icyphy/ptII/ptolemy/actor/lib/test/auto/NilToken.xml (RunModel)" time="0.006" />
  <testcase classname="ptolemy.util.test.junit.AutoTests" name="[242] /home/travis/build/icyphy/ptII/ptolemy/actor/lib/test/auto/NilTokenNonStrictTest.xml (RunModel)" time="0.009" />
  <testcase classname="ptolemy.util.test.junit.AutoTests" name="[243] /home/travis/build/icyphy/ptII/ptolemy/actor/lib/test/auto/NilTokenRecord.xml (RunModel)" time="0.017" />
  <testcase classname="ptolemy.util.test.junit.AutoTests" name="[244] /home/travis/build/icyphy/ptII/ptolemy/actor/lib/test/auto/NilTokenTypeTest.xml (RunModel)" time="0.027" />
  <testcase classname="ptolemy.util.test.junit.AutoTests" name="[245] /home/travis/build/icyphy/ptII/ptolemy/actor/lib/test/auto/ObjectToken1.xml (RunModel)" time="0.007" />
  <testcase classname="ptolemy.util.test.junit.AutoTests" name="[246] /home/travis/build/icyphy/ptII/ptolemy/actor/lib/test/auto/OrderedMerge.xml (RunModel)" time="0.011" />
  <testcase classname="ptolemy.util.test.junit.AutoTests" name="[247] /home/travis/build/icyphy/ptII/ptolemy/actor/lib/test/auto/OrderedRecordDisassembler.xml (RunModel)" time="0.015" />
  <testcase classname="ptolemy.util.test.junit.AutoTests" name="[248] /home/travis/build/icyphy/ptII/ptolemy/actor/lib/test/auto/OrderedRecordDisassembler2.xml (RunModel)" time="0.015" />
  <testcase classname="ptolemy.util.test.junit.AutoTests" name="[249] /home/travis/build/icyphy/ptII/ptolemy/actor/lib/test/auto/OrderedRecordUpdater.xml (RunModel)" time="0.009" />
  <testcase classname="ptolemy.util.test.junit.AutoTests" name="[250] /home/travis/build/icyphy/ptII/ptolemy/actor/lib/test/auto/OrderedRecordUpdater2.xml (RunModel)" time="0.008" />
  <testcase classname="ptolemy.util.test.junit.AutoTests" name="[251] /home/travis/build/icyphy/ptII/ptolemy/actor/lib/test/auto/PhaseUnwrap.xml (RunModel)" time="0.01" />
  <testcase classname="ptolemy.util.test.junit.AutoTests" name="[252] /home/travis/build/icyphy/ptII/ptolemy/actor/lib/test/auto/PoissonClock.xml (RunModel)" time="0.008" />
  <testcase classname="ptolemy.util.test.junit.AutoTests" name="[253] /home/travis/build/icyphy/ptII/ptolemy/actor/lib/test/auto/PoissonClock2.xml (RunModel)" time="0.007" />
  <testcase classname="ptolemy.util.test.junit.AutoTests" name="[254] /home/travis/build/icyphy/ptII/ptolemy/actor/lib/test/auto/PoissonClock3.xml (RunModel)" time="0.008" />
  <testcase classname="ptolemy.util.test.junit.AutoTests" name="[255] /home/travis/build/icyphy/ptII/ptolemy/actor/lib/test/auto/PubSubWithInitialTokens.xml (RunModel)" time="0.01" />
  <testcase classname="ptolemy.util.test.junit.AutoTests" name="[256] /home/travis/build/icyphy/ptII/ptolemy/actor/lib/test/auto/PubSubWithInitialTokens2.xml (RunModel)" time="0.01" />
  <testcase classname="ptolemy.util.test.junit.AutoTests" name="[257] /home/travis/build/icyphy/ptII/ptolemy/actor/lib/test/auto/PublisherClassNoParameter.xml (RunModel)" time="0.018" />
  <testcase classname="ptolemy.util.test.junit.AutoTests" name="[258] /home/travis/build/icyphy/ptII/ptolemy/actor/lib/test/auto/PublisherClassParameter.xml (RunModel)" time="0.018" />
  <testcase classname="ptolemy.util.test.junit.AutoTests" name="[259] /home/travis/build/icyphy/ptII/ptolemy/actor/lib/test/auto/PublisherNonStrictTest.xml (RunModel)" time="0.014" />
  <testcase classname="ptolemy.util.test.junit.AutoTests" name="[260] /home/travis/build/icyphy/ptII/ptolemy/actor/lib/test/auto/PublisherPort1.xml (RunModel)" time="0.009" />
  <testcase classname="ptolemy.util.test.junit.AutoTests" name="[261] /home/travis/build/icyphy/ptII/ptolemy/actor/lib/test/auto/PublisherPort2.xml (RunModel)" time="0.008" />
  <testcase classname="ptolemy.util.test.junit.AutoTests" name="[262] /home/travis/build/icyphy/ptII/ptolemy/actor/lib/test/auto/PublisherPort3.xml (RunModel)" time="0.01" />
  <testcase classname="ptolemy.util.test.junit.AutoTests" name="[263] /home/travis/build/icyphy/ptII/ptolemy/actor/lib/test/auto/PublisherPort4.xml (RunModel)" time="0.014" />
  <testcase classname="ptolemy.util.test.junit.AutoTests" name="[264] /home/travis/build/icyphy/ptII/ptolemy/actor/lib/test/auto/PublisherPort5.xml (RunModel)" time="0.014" />
  <testcase classname="ptolemy.util.test.junit.AutoTests" name="[265] /home/travis/build/icyphy/ptII/ptolemy/actor/lib/test/auto/PublisherPort5LookAlike.xml (RunModel)" time="0.013" />
  <testcase classname="ptolemy.util.test.junit.AutoTests" name="[266] /home/travis/build/icyphy/ptII/ptolemy/actor/lib/test/auto/PublisherPort6.xml (RunModel)" time="0.011" />
  <testcase classname="ptolemy.util.test.junit.AutoTests" name="[267] /home/travis/build/icyphy/ptII/ptolemy/actor/lib/test/auto/PublisherPort7.xml (RunModel)" time="0.013" />
  <testcase classname="ptolemy.util.test.junit.AutoTests" name="[268] /home/travis/build/icyphy/ptII/ptolemy/actor/lib/test/auto/PublisherPort8.xml (RunModel)" time="0.024" />
  <testcase classname="ptolemy.util.test.junit.AutoTests" name="[269] /home/travis/build/icyphy/ptII/ptolemy/actor/lib/test/auto/PublisherPortSubscriberChannelVariablesAOC2.xml (RunModel)" time="0.026" />
  <testcase classname="ptolemy.util.test.junit.AutoTests" name="[270] /home/travis/build/icyphy/ptII/ptolemy/actor/lib/test/auto/PublisherPortSubscriberOpaqueWidthInference.xml (RunModel)" time="0.013" />
  <testcase classname="ptolemy.util.test.junit.AutoTests" name="[271] /home/travis/build/icyphy/ptII/ptolemy/actor/lib/test/auto/PublisherPortSubscriberPortAdjacent.xml (RunModel)" time="0.013" />
  <testcase classname="ptolemy.util.test.junit.AutoTests" name="[272] /home/travis/build/icyphy/ptII/ptolemy/actor/lib/test/auto/PublisherPortSubscriberPortExpression.xml (RunModel)" time="0.014" />
  <testcase classname="ptolemy.util.test.junit.AutoTests" name="[273] /home/travis/build/icyphy/ptII/ptolemy/actor/lib/test/auto/PublisherPortSubscriberPortOpaqueD3Reverse.xml (RunModel)" time="0.017" />
  <testcase classname="ptolemy.util.test.junit.AutoTests" name="[274] /home/travis/build/icyphy/ptII/ptolemy/actor/lib/test/auto/PublisherPortSubscriberPortOpaqueWidthInference.xml (RunModel)" time="0.014" />
  <testcase classname="ptolemy.util.test.junit.AutoTests" name="[275] /home/travis/build/icyphy/ptII/ptolemy/actor/lib/test/auto/PublisherPortToplevelSubscriberPortAOC.xml (RunModel)" time="0.008" />
  <testcase classname="ptolemy.util.test.junit.AutoTests" name="[276] /home/travis/build/icyphy/ptII/ptolemy/actor/lib/test/auto/PublisherSubscriber.xml (RunModel)" time="0.012" />
  <testcase classname="ptolemy.util.test.junit.AutoTests" name="[277] /home/travis/build/icyphy/ptII/ptolemy/actor/lib/test/auto/PublisherSubscriber10.xml (RunModel)" time="0.017" />
  <testcase classname="ptolemy.util.test.junit.AutoTests" name="[278] /home/travis/build/icyphy/ptII/ptolemy/actor/lib/test/auto/PublisherSubscriber10InitialOutputs.xml (RunModel)" time="0.017" />
  <testcase classname="ptolemy.util.test.junit.AutoTests" name="[279] /home/travis/build/icyphy/ptII/ptolemy/actor/lib/test/auto/PublisherSubscriber11.xml (RunModel)" time="0.01" />
  <testcase classname="ptolemy.util.test.junit.AutoTests" name="[280] /home/travis/build/icyphy/ptII/ptolemy/actor/lib/test/auto/PublisherSubscriber12.xml (RunModel)" time="0.01" />
  <testcase classname="ptolemy.util.test.junit.AutoTests" name="[281] /home/travis/build/icyphy/ptII/ptolemy/actor/lib/test/auto/PublisherSubscriber13.xml (RunModel)" time="0.009" />
  <testcase classname="ptolemy.util.test.junit.AutoTests" name="[282] /home/travis/build/icyphy/ptII/ptolemy/actor/lib/test/auto/PublisherSubscriber14.xml (RunModel)" time="0.017" />
  <testcase classname="ptolemy.util.test.junit.AutoTests" name="[283] /home/travis/build/icyphy/ptII/ptolemy/actor/lib/test/auto/PublisherSubscriber2.xml (RunModel)" time="0.012" />
  <testcase classname="ptolemy.util.test.junit.AutoTests" name="[284] /home/travis/build/icyphy/ptII/ptolemy/actor/lib/test/auto/PublisherSubscriber3.xml (RunModel)" time="0.008" />
  <testcase classname="ptolemy.util.test.junit.AutoTests" name="[285] /home/travis/build/icyphy/ptII/ptolemy/actor/lib/test/auto/PublisherSubscriber4.xml (RunModel)" time="0.009" />
  <testcase classname="ptolemy.util.test.junit.AutoTests" name="[286] /home/travis/build/icyphy/ptII/ptolemy/actor/lib/test/auto/PublisherSubscriber5.xml (RunModel)" time="0.011" />
  <testcase classname="ptolemy.util.test.junit.AutoTests" name="[287] /home/travis/build/icyphy/ptII/ptolemy/actor/lib/test/auto/PublisherSubscriber6.xml (RunModel)" time="0.012" />
  <testcase classname="ptolemy.util.test.junit.AutoTests" name="[288] /home/travis/build/icyphy/ptII/ptolemy/actor/lib/test/auto/PublisherSubscriber7.xml (RunModel)" time="0.012" />
  <testcase classname="ptolemy.util.test.junit.AutoTests" name="[289] /home/travis/build/icyphy/ptII/ptolemy/actor/lib/test/auto/PublisherSubscriber8.xml (RunModel)" time="0.025" />
  <testcase classname="ptolemy.util.test.junit.AutoTests" name="[290] /home/travis/build/icyphy/ptII/ptolemy/actor/lib/test/auto/PublisherSubscriber9.xml (RunModel)" time="0.022" />
  <testcase classname="ptolemy.util.test.junit.AutoTests" name="[291] /home/travis/build/icyphy/ptII/ptolemy/actor/lib/test/auto/PublisherSubscriberAdjacent.xml (RunModel)" time="0.013" />
  <testcase classname="ptolemy.util.test.junit.AutoTests" name="[292] /home/travis/build/icyphy/ptII/ptolemy/actor/lib/test/auto/PublisherSubscriberChannelVariablesAOC2.xml (RunModel)" time="0.025" />
  <testcase classname="ptolemy.util.test.junit.AutoTests" name="[293] /home/travis/build/icyphy/ptII/ptolemy/actor/lib/test/auto/PublisherSubscriberD3.xml (RunModel)" time="0.011" />
  <testcase classname="ptolemy.util.test.junit.AutoTests" name="[294] /home/travis/build/icyphy/ptII/ptolemy/actor/lib/test/auto/PublisherSubscriberD3Reverse.xml (RunModel)" time="0.011" />
  <testcase classname="ptolemy.util.test.junit.AutoTests" name="[295] /home/travis/build/icyphy/ptII/ptolemy/actor/lib/test/auto/PublisherSubscriberExpression.xml (RunModel)" time="0.015" />
  <testcase classname="ptolemy.util.test.junit.AutoTests" name="[296] /home/travis/build/icyphy/ptII/ptolemy/actor/lib/test/auto/PublisherSubscriberOpaque.xml (RunModel)" time="0.013" />
  <testcase classname="ptolemy.util.test.junit.AutoTests" name="[297] /home/travis/build/icyphy/ptII/ptolemy/actor/lib/test/auto/PublisherSubscriberOpaqueD3.xml (RunModel)" time="0.02" />
  <testcase classname="ptolemy.util.test.junit.AutoTests" name="[298] /home/travis/build/icyphy/ptII/ptolemy/actor/lib/test/auto/PublisherSubscriberOpaqueD3Reverse.xml (RunModel)" time="0.017" />
  <testcase classname="ptolemy.util.test.junit.AutoTests" name="[299] /home/travis/build/icyphy/ptII/ptolemy/actor/lib/test/auto/PublisherSubscriberOpaqueWidthInference.xml (RunModel)" time="0.014" />
  <testcase classname="ptolemy.util.test.junit.AutoTests" name="[300] /home/travis/build/icyphy/ptII/ptolemy/actor/lib/test/auto/PublisherTestSubscriber.xml (RunModel)" time="0.016" />
  <testcase classname="ptolemy.util.test.junit.AutoTests" name="[301] /home/travis/build/icyphy/ptII/ptolemy/actor/lib/test/auto/PublisherToplevelSubscriberPortAOC.xml (RunModel)" time="0.009" />
  <testcase classname="ptolemy.util.test.junit.AutoTests" name="[302] /home/travis/build/icyphy/ptII/ptolemy/actor/lib/test/auto/PulseFiringLimitDE.xml (RunModel)" time="0.012" />
  <testcase classname="ptolemy.util.test.junit.AutoTests" name="[303] /home/travis/build/icyphy/ptII/ptolemy/actor/lib/test/auto/Ramp1.xml (RunModel)" time="0.006" />
  <testcase classname="ptolemy.util.test.junit.AutoTests" name="[304] /home/travis/build/icyphy/ptII/ptolemy/actor/lib/test/auto/RampFiringLimitDE.xml (RunModel)" time="0.009" />
  <testcase classname="ptolemy.util.test.junit.AutoTests" name="[305] /home/travis/build/icyphy/ptII/ptolemy/actor/lib/test/auto/RampFiringLimitSDF.xml (RunModel)" time="0.01" />
  <testcase classname="ptolemy.util.test.junit.AutoTests" name="[306] /home/travis/build/icyphy/ptII/ptolemy/actor/lib/test/auto/RandomInteger.xml (RunModel)" time="0.008" />
  <testcase classname="ptolemy.util.test.junit.AutoTests" name="[307] /home/travis/build/icyphy/ptII/ptolemy/actor/lib/test/auto/ReadFile1.xml (RunModel)" time="0.007" />
  <testcase classname="ptolemy.util.test.junit.AutoTests" name="[308] /home/travis/build/icyphy/ptII/ptolemy/actor/lib/test/auto/ReadFile2.xml (RunModel)" time="0.007" />
  <testcase classname="ptolemy.util.test.junit.AutoTests" name="[309] /home/travis/build/icyphy/ptII/ptolemy/actor/lib/test/auto/Reader.xml (RunModel)" time="0.008" />
  <testcase classname="ptolemy.util.test.junit.AutoTests" name="[310] /home/travis/build/icyphy/ptII/ptolemy/actor/lib/test/auto/RecordAssemblerDisplayNameTest.xml (RunModel)" time="3.149" />
  <testcase classname="ptolemy.util.test.junit.AutoTests" name="[311] /home/travis/build/icyphy/ptII/ptolemy/actor/lib/test/auto/RecordAssemblerTypeError.xml (RunModel)" time="0.029" />
  <testcase classname="ptolemy.util.test.junit.AutoTests" name="[312] /home/travis/build/icyphy/ptII/ptolemy/actor/lib/test/auto/RecordDisassember.xml (RunModel)" time="0.011" />
  <testcase classname="ptolemy.util.test.junit.AutoTests" name="[313] /home/travis/build/icyphy/ptII/ptolemy/actor/lib/test/auto/RecordDisassemberDisplayNameTest.xml (RunModel)" time="0.017" />
  <testcase classname="ptolemy.util.test.junit.AutoTests" name="[314] /home/travis/build/icyphy/ptII/ptolemy/actor/lib/test/auto/RecordDisassembler.xml (RunModel)" time="0.008" />
  <testcase classname="ptolemy.util.test.junit.AutoTests" name="[315] /home/travis/build/icyphy/ptII/ptolemy/actor/lib/test/auto/RecordDisassembler2.xml (RunModel)" time="0.01" />
  <testcase classname="ptolemy.util.test.junit.AutoTests" name="[316] /home/travis/build/icyphy/ptII/ptolemy/actor/lib/test/auto/RecordUpdater.xml (RunModel)" time="0.008" />
  <testcase classname="ptolemy.util.test.junit.AutoTests" name="[317] /home/travis/build/icyphy/ptII/ptolemy/actor/lib/test/auto/RecordUpdater2.xml (RunModel)" time="0.009" />
  <testcase classname="ptolemy.util.test.junit.AutoTests" name="[318] /home/travis/build/icyphy/ptII/ptolemy/actor/lib/test/auto/RecursiveLattice.xml (RunModel)" time="0.008" />
  <testcase classname="ptolemy.util.test.junit.AutoTests" name="[319] /home/travis/build/icyphy/ptII/ptolemy/actor/lib/test/auto/Router.xml (RunModel)" time="3.024" />
  <testcase classname="ptolemy.util.test.junit.AutoTests" name="[320] /home/travis/build/icyphy/ptII/ptolemy/actor/lib/test/auto/Router2.xml (RunModel)" time="3.021" />
  <testcase classname="ptolemy.util.test.junit.AutoTests" name="[321] /home/travis/build/icyphy/ptII/ptolemy/actor/lib/test/auto/RunningMaximum.xml (RunModel)" time="0.01" />
  <testcase classname="ptolemy.util.test.junit.AutoTests" name="[322] /home/travis/build/icyphy/ptII/ptolemy/actor/lib/test/auto/RunningMinimum.xml (RunModel)" time="0.014" />
  <testcase classname="ptolemy.util.test.junit.AutoTests" name="[323] /home/travis/build/icyphy/ptII/ptolemy/actor/lib/test/auto/Scale.xml (RunModel)" time="0.007" />
  <testcase classname="ptolemy.util.test.junit.AutoTests" name="[324] /home/travis/build/icyphy/ptII/ptolemy/actor/lib/test/auto/Scale2.xml (RunModel)" time="0.01" />
  <testcase classname="ptolemy.util.test.junit.AutoTests" name="[325] /home/travis/build/icyphy/ptII/ptolemy/actor/lib/test/auto/Scale3.xml (RunModel)" time="0.013" />
  <testcase classname="ptolemy.util.test.junit.AutoTests" name="[326] /home/travis/build/icyphy/ptII/ptolemy/actor/lib/test/auto/ScaleArray.xml (RunModel)" time="0.007" />
  <testcase classname="ptolemy.util.test.junit.AutoTests" name="[327] /home/travis/build/icyphy/ptII/ptolemy/actor/lib/test/auto/ScaleArray2.xml (RunModel)" time="0.007" />
  <testcase classname="ptolemy.util.test.junit.AutoTests" name="[328] /home/travis/build/icyphy/ptII/ptolemy/actor/lib/test/auto/ScaleMatrix.xml (RunModel)" time="0.146" />
  <testcase classname="ptolemy.util.test.junit.AutoTests" name="[329] /home/travis/build/icyphy/ptII/ptolemy/actor/lib/test/auto/Select.xml (RunModel)" time="0.013" />
  <testcase classname="ptolemy.util.test.junit.AutoTests" name="[330] /home/travis/build/icyphy/ptII/ptolemy/actor/lib/test/auto/Select2.xml (RunModel)" time="0.008" />
  <testcase classname="ptolemy.util.test.junit.AutoTests" name="[331] /home/travis/build/icyphy/ptII/ptolemy/actor/lib/test/auto/SequenceToArray2.xml (RunModel)" time="0.133" />
  <testcase classname="ptolemy.util.test.junit.AutoTests" name="[332] /home/travis/build/icyphy/ptII/ptolemy/actor/lib/test/auto/SequentialClock.xml (RunModel)" time="0.008" />
  <testcase classname="ptolemy.util.test.junit.AutoTests" name="[333] /home/travis/build/icyphy/ptII/ptolemy/actor/lib/test/auto/SetVariable.xml (RunModel)" time="0.012" />
  <testcase classname="ptolemy.util.test.junit.AutoTests" name="[334] /home/travis/build/icyphy/ptII/ptolemy/actor/lib/test/auto/SetVariable2.xml (RunModel)" time="0.009" />
  <testcase classname="ptolemy.util.test.junit.AutoTests" name="[335] /home/travis/build/icyphy/ptII/ptolemy/actor/lib/test/auto/SetVariable3.xml (RunModel)" time="0.015" />
  <testcase classname="ptolemy.util.test.junit.AutoTests" name="[336] /home/travis/build/icyphy/ptII/ptolemy/actor/lib/test/auto/SetVariable4.xml (RunModel)" time="0.021" />
  <testcase classname="ptolemy.util.test.junit.AutoTests" name="[337] /home/travis/build/icyphy/ptII/ptolemy/actor/lib/test/auto/SetVariable5.xml (RunModel)" time="0.033" />
  <testcase classname="ptolemy.util.test.junit.AutoTests" name="[338] /home/travis/build/icyphy/ptII/ptolemy/actor/lib/test/auto/Sinewave.xml (RunModel)" time="0.026" />
  <testcase classname="ptolemy.util.test.junit.AutoTests" name="[339] /home/travis/build/icyphy/ptII/ptolemy/actor/lib/test/auto/Sinewave2.xml (RunModel)" time="0.018" />
  <testcase classname="ptolemy.util.test.junit.AutoTests" name="[340] /home/travis/build/icyphy/ptII/ptolemy/actor/lib/test/auto/Sinewave3.xml (RunModel)" time="0.019" />
  <testcase classname="ptolemy.util.test.junit.AutoTests" name="[341] /home/travis/build/icyphy/ptII/ptolemy/actor/lib/test/auto/SingleEvent.xml (RunModel)" time="0.005" />
  <testcase classname="ptolemy.util.test.junit.AutoTests" name="[342] /home/travis/build/icyphy/ptII/ptolemy/actor/lib/test/auto/Sleep.xml (RunModel)" time="6.014" />
  <testcase classname="ptolemy.util.test.junit.AutoTests" name="[343] /home/travis/build/icyphy/ptII/ptolemy/actor/lib/test/auto/SleepMultipleFire.xml (RunModel)" time="1.015" />
  <testcase classname="ptolemy.util.test.junit.AutoTests" name="[344] /home/travis/build/icyphy/ptII/ptolemy/actor/lib/test/auto/StopDE.xml (RunModel)" time="0.012" />
  <testcase classname="ptolemy.util.test.junit.AutoTests" name="[345] /home/travis/build/icyphy/ptII/ptolemy/actor/lib/test/auto/StopSDF.xml (RunModel)" time="0.01" />
  <testcase classname="ptolemy.util.test.junit.AutoTests" name="[346] /home/travis/build/icyphy/ptII/ptolemy/actor/lib/test/auto/StringConstant.xml (RunModel)" time="0.007" />
  <testcase classname="ptolemy.util.test.junit.AutoTests" name="[347] /home/travis/build/icyphy/ptII/ptolemy/actor/lib/test/auto/SubscriberPortInitialValues1.xml (RunModel)" time="0.016" />
  <testcase classname="ptolemy.util.test.junit.AutoTests" name="[348] /home/travis/build/icyphy/ptII/ptolemy/actor/lib/test/auto/SubscriberPortInitialValues13.xml (RunModel)" time="0.025" />
  <testcase classname="ptolemy.util.test.junit.AutoTests" name="[349] /home/travis/build/icyphy/ptII/ptolemy/actor/lib/test/auto/SubscriberPortInitialValues14.xml (RunModel)" time="0.015" />
  <testcase classname="ptolemy.util.test.junit.AutoTests" name="[350] /home/travis/build/icyphy/ptII/ptolemy/actor/lib/test/auto/SubscriberPortInitialValues2.xml (RunModel)" time="0.013" />
  <testcase classname="ptolemy.util.test.junit.AutoTests" name="[351] /home/travis/build/icyphy/ptII/ptolemy/actor/lib/test/auto/SubscriberPortInitialValues3.xml (RunModel)" time="0.016" />
  <testcase classname="ptolemy.util.test.junit.AutoTests" name="[352] /home/travis/build/icyphy/ptII/ptolemy/actor/lib/test/auto/SubscriptionAggregator.xml (RunModel)" time="0.01" />
  <testcase classname="ptolemy.util.test.junit.AutoTests" name="[353] /home/travis/build/icyphy/ptII/ptolemy/actor/lib/test/auto/SubscriptionAggregator2.xml (RunModel)" time="0.009" />
  <testcase classname="ptolemy.util.test.junit.AutoTests" name="[354] /home/travis/build/icyphy/ptII/ptolemy/actor/lib/test/auto/SubscriptionAggregator3.xml (RunModel)" time="0.014" />
  <testcase classname="ptolemy.util.test.junit.AutoTests" name="[355] /home/travis/build/icyphy/ptII/ptolemy/actor/lib/test/auto/SubscriptionAggregatorMultiply.xml (RunModel)" time="0.013" />
  <testcase classname="ptolemy.util.test.junit.AutoTests" name="[356] /home/travis/build/icyphy/ptII/ptolemy/actor/lib/test/auto/SubscriptionAggregatorPortMultiply1.xml (RunModel)" time="0.012" />
  <testcase classname="ptolemy.util.test.junit.AutoTests" name="[357] /home/travis/build/icyphy/ptII/ptolemy/actor/lib/test/auto/Switch.xml (RunModel)" time="0.012" />
  <testcase classname="ptolemy.util.test.junit.AutoTests" name="[358] /home/travis/build/icyphy/ptII/ptolemy/actor/lib/test/auto/Switch2.xml (RunModel)" time="0.011" />
  <testcase classname="ptolemy.util.test.junit.AutoTests" name="[359] /home/travis/build/icyphy/ptII/ptolemy/actor/lib/test/auto/SwitchDE.xml (RunModel)" time="0.012" />
  <testcase classname="ptolemy.util.test.junit.AutoTests" name="[360] /home/travis/build/icyphy/ptII/ptolemy/actor/lib/test/auto/SynchronizerDE.xml (RunModel)" time="0.016" />
  <testcase classname="ptolemy.util.test.junit.AutoTests" name="[361] /home/travis/build/icyphy/ptII/ptolemy/actor/lib/test/auto/Test.xml (RunModel)" time="0.008" />
  <testcase classname="ptolemy.util.test.junit.AutoTests" name="[362] /home/travis/build/icyphy/ptII/ptolemy/actor/lib/test/auto/TestExceptionAttribute1.xml (RunModel)" time="0.009" />
  <testcase classname="ptolemy.util.test.junit.AutoTests" name="[363] /home/travis/build/icyphy/ptII/ptolemy/actor/lib/test/auto/TestExceptionAttribute2.xml (RunModel)" time="0.007" />
  <testcase classname="ptolemy.util.test.junit.AutoTests" name="[364] /home/travis/build/icyphy/ptII/ptolemy/actor/lib/test/auto/TestExceptionAttribute3.xml (RunModel)" time="0.005" />
  <testcase classname="ptolemy.util.test.junit.AutoTests" name="[365] /home/travis/build/icyphy/ptII/ptolemy/actor/lib/test/auto/TestExceptionAttribute4.xml (RunModel)" time="0.006" />
  <testcase classname="ptolemy.util.test.junit.AutoTests" name="[366] /home/travis/build/icyphy/ptII/ptolemy/actor/lib/test/auto/TestExceptionHandler1.xml (RunModel)" time="0.005" />
  <testcase classname="ptolemy.util.test.junit.AutoTests" name="[367] /home/travis/build/icyphy/ptII/ptolemy/actor/lib/test/auto/TestExceptionHandler2.xml (RunModel)" time="0.006" />
  <testcase classname="ptolemy.util.test.junit.AutoTests" name="[368] /home/travis/build/icyphy/ptII/ptolemy/actor/lib/test/auto/TestExceptionHandler3.xml (RunModel)" time="0.013" />
  <testcase classname="ptolemy.util.test.junit.AutoTests" name="[369] /home/travis/build/icyphy/ptII/ptolemy/actor/lib/test/auto/TestExceptionHandler4.xml (RunModel)" time="0.006" />
  <testcase classname="ptolemy.util.test.junit.AutoTests" name="[370] /home/travis/build/icyphy/ptII/ptolemy/actor/lib/test/auto/TestRequireCorrectOrder.xml (RunModel)" time="0.01" />
  <testcase classname="ptolemy.util.test.junit.AutoTests" name="[371] /home/travis/build/icyphy/ptII/ptolemy/actor/lib/test/auto/TestSimple.xml (RunModel)" time="0.01" />
  <testcase classname="ptolemy.util.test.junit.AutoTests" name="[372] /home/travis/build/icyphy/ptII/ptolemy/actor/lib/test/auto/ThrowModelError.xml (RunModel)" time="0.01" />
  <testcase classname="ptolemy.util.test.junit.AutoTests" name="[373] /home/travis/build/icyphy/ptII/ptolemy/actor/lib/test/auto/TimeDelayMicrosteps.xml (RunModel)" time="0.012" />
  <testcase classname="ptolemy.util.test.junit.AutoTests" name="[374] /home/travis/build/icyphy/ptII/ptolemy/actor/lib/test/auto/TimeDelayMicrosteps2.xml (RunModel)" time="0.015" />
  <testcase classname="ptolemy.util.test.junit.AutoTests" name="[375] /home/travis/build/icyphy/ptII/ptolemy/actor/lib/test/auto/TimeDelayMicrosteps3.xml (RunModel)" time="0.011" />
  <testcase classname="ptolemy.util.test.junit.AutoTests" name="[376] /home/travis/build/icyphy/ptII/ptolemy/actor/lib/test/auto/TimeDelayVariableMicrosteps.xml (RunModel)" time="0.01" />
  <testcase classname="ptolemy.util.test.junit.AutoTests" name="[377] /home/travis/build/icyphy/ptII/ptolemy/actor/lib/test/auto/TimeGap.xml (RunModel)" time="0.015" />
  <testcase classname="ptolemy.util.test.junit.AutoTests" name="[378] /home/travis/build/icyphy/ptII/ptolemy/actor/lib/test/auto/TimeGap2.xml (RunModel)" time="0.012" />
  <testcase classname="ptolemy.util.test.junit.AutoTests" name="[379] /home/travis/build/icyphy/ptII/ptolemy/actor/lib/test/auto/TimedSinewave.xml (RunModel)" time="0.057" />
  <testcase classname="ptolemy.util.test.junit.AutoTests" name="[380] /home/travis/build/icyphy/ptII/ptolemy/actor/lib/test/auto/TimedSinewavePhase.xml (RunModel)" time="0.027" />
  <testcase classname="ptolemy.util.test.junit.AutoTests" name="[381] /home/travis/build/icyphy/ptII/ptolemy/actor/lib/test/auto/Timer.xml (RunModel)" time="0.01" />
  <testcase classname="ptolemy.util.test.junit.AutoTests" name="[382] /home/travis/build/icyphy/ptII/ptolemy/actor/lib/test/auto/TriangularDistTestModel.xml (RunModel)" time="0.018" />
  <testcase classname="ptolemy.util.test.junit.AutoTests" name="[383] /home/travis/build/icyphy/ptII/ptolemy/actor/lib/test/auto/TrigFunction.xml (RunModel)" time="0.008" />
  <testcase classname="ptolemy.util.test.junit.AutoTests" name="[384] /home/travis/build/icyphy/ptII/ptolemy/actor/lib/test/auto/TrigFunctionDE.xml (RunModel)" time="0.01" />
  <testcase classname="ptolemy.util.test.junit.AutoTests" name="[385] /home/travis/build/icyphy/ptII/ptolemy/actor/lib/test/auto/TrigFunctionInverse.xml (RunModel)" time="0.008" />
  <testcase classname="ptolemy.util.test.junit.AutoTests" name="[386] /home/travis/build/icyphy/ptII/ptolemy/actor/lib/test/auto/TrigFunctionTan.xml (RunModel)" time="0.006" />
  <testcase classname="ptolemy.util.test.junit.AutoTests" name="[387] /home/travis/build/icyphy/ptII/ptolemy/actor/lib/test/auto/TriggeredClock.xml (RunModel)" time="0.008" />
  <testcase classname="ptolemy.util.test.junit.AutoTests" name="[388] /home/travis/build/icyphy/ptII/ptolemy/actor/lib/test/auto/URLDirectoryReader.xml (RunModel)" time="0.093" />
  <testcase classname="ptolemy.util.test.junit.AutoTests" name="[389] /home/travis/build/icyphy/ptII/ptolemy/actor/lib/test/auto/URLDirectoryReader3.xml (RunModel)" time="1.269" />
  <testcase classname="ptolemy.util.test.junit.AutoTests" name="[390] /home/travis/build/icyphy/ptII/ptolemy/actor/lib/test/auto/UnaryMathFunction.xml (RunModel)" time="0.025" />
  <testcase classname="ptolemy.util.test.junit.AutoTests" name="[391] /home/travis/build/icyphy/ptII/ptolemy/actor/lib/test/auto/Uniform.xml (RunModel)" time="0.01" />
  <testcase classname="ptolemy.util.test.junit.AutoTests" name="[392] /home/travis/build/icyphy/ptII/ptolemy/actor/lib/test/auto/UnionDisassemblerTest.xml (RunModel)" time="0.006" />
  <testcase classname="ptolemy.util.test.junit.AutoTests" name="[393] /home/travis/build/icyphy/ptII/ptolemy/actor/lib/test/auto/UtilityFunctions.xml (RunModel)" time="0.006" />
  <testcase classname="ptolemy.util.test.junit.AutoTests" name="[394] /home/travis/build/icyphy/ptII/ptolemy/actor/lib/test/auto/VariableSleep.xml (RunModel)" time="0.511" />
  <testcase classname="ptolemy.util.test.junit.AutoTests" name="[395] /home/travis/build/icyphy/ptII/ptolemy/actor/lib/test/auto/VectorAssemblerDisassemblerCT.xml (RunModel)" time="0.125" />
  <testcase classname="ptolemy.util.test.junit.AutoTests" name="[396] /home/travis/build/icyphy/ptII/ptolemy/actor/lib/test/auto/VectorAssemblerDisassemblerDE.xml (RunModel)" time="0.011" />
  <testcase classname="ptolemy.util.test.junit.AutoTests" name="[397] /home/travis/build/icyphy/ptII/ptolemy/actor/lib/test/auto/VectorAssemblerDisassemblerSDF.xml (RunModel)" time="0.011" />
  <testcase classname="ptolemy.util.test.junit.AutoTests" name="[398] /home/travis/build/icyphy/ptII/ptolemy/actor/lib/test/auto/WallClockTime.xml (RunModel)" time="1.012" />
  <testcase classname="ptolemy.util.test.junit.AutoTests" name="[399] /home/travis/build/icyphy/ptII/ptolemy/actor/lib/test/auto/WidthTestWithSubscriberPublisher.xml (RunModel)" time="0.079" />
  <testcase classname="ptolemy.util.test.junit.AutoTests" name="[400] /home/travis/build/icyphy/ptII/ptolemy/actor/lib/test/auto/WidthTestWithSubscriberPublisher2.xml (RunModel)" time="0.015" />
  <testcase classname="ptolemy.util.test.junit.AutoTests" name="[401] /home/travis/build/icyphy/ptII/ptolemy/actor/lib/test/auto/WidthTestWithSubscriberPublisher3.xml (RunModel)" time="0.025" />
  <testcase classname="ptolemy.util.test.junit.AutoTests" name="[402] /home/travis/build/icyphy/ptII/ptolemy/actor/lib/test/auto/Writer.xml (RunModel)" time="0.007" />
  <testcase classname="ptolemy.util.test.junit.AutoTests" name="[403] /home/travis/build/icyphy/ptII/ptolemy/actor/lib/test/auto/array.xml (RunModel)" time="0.009" />
  <testcase classname="ptolemy.util.test.junit.AutoTests" name="[404] /home/travis/build/icyphy/ptII/ptolemy/actor/lib/test/auto/array2.xml (RunModel)" time="0.019" />
  <testcase classname="ptolemy.util.test.junit.AutoTests" name="[405] /home/travis/build/icyphy/ptII/ptolemy/actor/lib/test/auto/arrayType.xml (RunModel)" time="0.01" />
  <testcase classname="ptolemy.util.test.junit.AutoTests" name="[406] /home/travis/build/icyphy/ptII/ptolemy/actor/lib/test/auto/arrayType10.xml (RunModel)" time="0.009" />
  <testcase classname="ptolemy.util.test.junit.AutoTests" name="[407] /home/travis/build/icyphy/ptII/ptolemy/actor/lib/test/auto/arrayType11.xml (RunModel)" time="0.006" />
  <testcase classname="ptolemy.util.test.junit.AutoTests" name="[408] /home/travis/build/icyphy/ptII/ptolemy/actor/lib/test/auto/arrayType12.xml (RunModel)" time="0.011" />
  <testcase classname="ptolemy.util.test.junit.AutoTests" name="[409] /home/travis/build/icyphy/ptII/ptolemy/actor/lib/test/auto/arrayType13.xml (RunModel)" time="0.008" />
  <testcase classname="ptolemy.util.test.junit.AutoTests" name="[410] /home/travis/build/icyphy/ptII/ptolemy/actor/lib/test/auto/arrayType14.xml (RunModel)" time="0.009" />
  <testcase classname="ptolemy.util.test.junit.AutoTests" name="[411] /home/travis/build/icyphy/ptII/ptolemy/actor/lib/test/auto/arrayType15.xml (RunModel)" time="0.012" />
  <testcase classname="ptolemy.util.test.junit.AutoTests" name="[412] /home/travis/build/icyphy/ptII/ptolemy/actor/lib/test/auto/arrayType16.xml (RunModel)" time="0.009" />
  <testcase classname="ptolemy.util.test.junit.AutoTests" name="[413] /home/travis/build/icyphy/ptII/ptolemy/actor/lib/test/auto/arrayType17.xml (RunModel)" time="0.009" />
  <testcase classname="ptolemy.util.test.junit.AutoTests" name="[414] /home/travis/build/icyphy/ptII/ptolemy/actor/lib/test/auto/arrayType18.xml (RunModel)" time="0.008" />
  <testcase classname="ptolemy.util.test.junit.AutoTests" name="[415] /home/travis/build/icyphy/ptII/ptolemy/actor/lib/test/auto/arrayType19.xml (RunModel)" time="0.009" />
  <testcase classname="ptolemy.util.test.junit.AutoTests" name="[416] /home/travis/build/icyphy/ptII/ptolemy/actor/lib/test/auto/arrayType2.xml (RunModel)" time="0.011" />
  <testcase classname="ptolemy.util.test.junit.AutoTests" name="[417] /home/travis/build/icyphy/ptII/ptolemy/actor/lib/test/auto/arrayType20.xml (RunModel)" time="0.009" />
  <testcase classname="ptolemy.util.test.junit.AutoTests" name="[418] /home/travis/build/icyphy/ptII/ptolemy/actor/lib/test/auto/arrayType21.xml (RunModel)" time="0.007" />
  <testcase classname="ptolemy.util.test.junit.AutoTests" name="[419] /home/travis/build/icyphy/ptII/ptolemy/actor/lib/test/auto/arrayType22.xml (RunModel)" time="0.007" />
  <testcase classname="ptolemy.util.test.junit.AutoTests" name="[420] /home/travis/build/icyphy/ptII/ptolemy/actor/lib/test/auto/arrayType23.xml (RunModel)" time="0.007" />
  <testcase classname="ptolemy.util.test.junit.AutoTests" name="[421] /home/travis/build/icyphy/ptII/ptolemy/actor/lib/test/auto/arrayType24.xml (RunModel)" time="0.009" />
  <testcase classname="ptolemy.util.test.junit.AutoTests" name="[422] /home/travis/build/icyphy/ptII/ptolemy/actor/lib/test/auto/arrayType25.xml (RunModel)" time="0.01" />
  <testcase classname="ptolemy.util.test.junit.AutoTests" name="[423] /home/travis/build/icyphy/ptII/ptolemy/actor/lib/test/auto/arrayType26.xml (RunModel)" time="0.009" />
  <testcase classname="ptolemy.util.test.junit.AutoTests" name="[424] /home/travis/build/icyphy/ptII/ptolemy/actor/lib/test/auto/arrayType27.xml (RunModel)" time="0.01" />
  <testcase classname="ptolemy.util.test.junit.AutoTests" name="[425] /home/travis/build/icyphy/ptII/ptolemy/actor/lib/test/auto/arrayType28.xml (RunModel)" time="0.01" />
  <testcase classname="ptolemy.util.test.junit.AutoTests" name="[426] /home/travis/build/icyphy/ptII/ptolemy/actor/lib/test/auto/arrayType3.xml (RunModel)" time="0.013" />
  <testcase classname="ptolemy.util.test.junit.AutoTests" name="[427] /home/travis/build/icyphy/ptII/ptolemy/actor/lib/test/auto/arrayType4.xml (RunModel)" time="0.01" />
  <testcase classname="ptolemy.util.test.junit.AutoTests" name="[428] /home/travis/build/icyphy/ptII/ptolemy/actor/lib/test/auto/arrayType5.xml (RunModel)" time="0.011" />
  <testcase classname="ptolemy.util.test.junit.AutoTests" name="[429] /home/travis/build/icyphy/ptII/ptolemy/actor/lib/test/auto/arrayType6.xml (RunModel)" time="0.01" />
  <testcase classname="ptolemy.util.test.junit.AutoTests" name="[430] /home/travis/build/icyphy/ptII/ptolemy/actor/lib/test/auto/arrayType7.xml (RunModel)" time="0.014" />
  <testcase classname="ptolemy.util.test.junit.AutoTests" name="[431] /home/travis/build/icyphy/ptII/ptolemy/actor/lib/test/auto/arrayType8.xml (RunModel)" time="0.017" />
  <testcase classname="ptolemy.util.test.junit.AutoTests" name="[432] /home/travis/build/icyphy/ptII/ptolemy/actor/lib/test/auto/arrayType9.xml (RunModel)" time="0.008" />
  <testcase classname="ptolemy.util.test.junit.AutoTests" name="[433] /home/travis/build/icyphy/ptII/ptolemy/actor/lib/test/auto/cast.xml (RunModel)" time="0.009" />
  <testcase classname="ptolemy.util.test.junit.AutoTests" name="[434] /home/travis/build/icyphy/ptII/ptolemy/actor/lib/test/auto/compositeMultiPort.xml (RunModel)" time="0.017" />
  <testcase classname="ptolemy.util.test.junit.AutoTests" name="[435] /home/travis/build/icyphy/ptII/ptolemy/actor/lib/test/auto/expressionCastInference.xml (RunModel)" time="0.008" />
  <testcase classname="ptolemy.util.test.junit.AutoTests" name="[436] /home/travis/build/icyphy/ptII/ptolemy/actor/lib/test/auto/expressionCastInference2.xml (RunModel)" time="0.008" />
  <testcase classname="ptolemy.util.test.junit.AutoTests" name="[437] /home/travis/build/icyphy/ptII/ptolemy/actor/lib/test/auto/expressionInference.xml (RunModel)" time="0.007" />
  <testcase classname="ptolemy.util.test.junit.AutoTests" name="[438] /home/travis/build/icyphy/ptII/ptolemy/actor/lib/test/auto/expression_bug.xml (RunModel)" time="0.008" />
  <testcase classname="ptolemy.util.test.junit.AutoTests" name="[439] /home/travis/build/icyphy/ptII/ptolemy/actor/lib/test/auto/factorial.xml (RunModel)" time="0.039" />
  <testcase classname="ptolemy.util.test.junit.AutoTests" name="[440] /home/travis/build/icyphy/ptII/ptolemy/actor/lib/test/auto/filterTest1.xml (RunModel)" time="0.012" />
  <testcase classname="ptolemy.util.test.junit.AutoTests" name="[441] /home/travis/build/icyphy/ptII/ptolemy/actor/lib/test/auto/funcApplyInConst.xml (RunModel)" time="0.006" />
  <testcase classname="ptolemy.util.test.junit.AutoTests" name="[442] /home/travis/build/icyphy/ptII/ptolemy/actor/lib/test/auto/funcApplyInExpr.xml (RunModel)" time="0.006" />
  <testcase classname="ptolemy.util.test.junit.AutoTests" name="[443] /home/travis/build/icyphy/ptII/ptolemy/actor/lib/test/auto/function.xml (RunModel)" time="0.008" />
  <testcase classname="ptolemy.util.test.junit.AutoTests" name="[444] /home/travis/build/icyphy/ptII/ptolemy/actor/lib/test/auto/function2.xml (RunModel)" time="0.009" />
  <testcase classname="ptolemy.util.test.junit.AutoTests" name="[445] /home/travis/build/icyphy/ptII/ptolemy/actor/lib/test/auto/function3.xml (RunModel)" time="0.007" />
  <testcase classname="ptolemy.util.test.junit.AutoTests" name="[446] /home/travis/build/icyphy/ptII/ptolemy/actor/lib/test/auto/functionClosureTest1.xml (RunModel)" time="0.01" />
  <testcase classname="ptolemy.util.test.junit.AutoTests" name="[447] /home/travis/build/icyphy/ptII/ptolemy/actor/lib/test/auto/functionClosureTest2.xml (RunModel)" time="0.007" />
  <testcase classname="ptolemy.util.test.junit.AutoTests" name="[448] /home/travis/build/icyphy/ptII/ptolemy/actor/lib/test/auto/functionClosureTest3.xml (RunModel)" time="0.009" />
  <testcase classname="ptolemy.util.test.junit.AutoTests" name="[449] /home/travis/build/icyphy/ptII/ptolemy/actor/lib/test/auto/functionClosureTest4.xml (RunModel)" time="0.012" />
  <testcase classname="ptolemy.util.test.junit.AutoTests" name="[450] /home/travis/build/icyphy/ptII/ptolemy/actor/lib/test/auto/functionClosureTest5.xml (RunModel)" time="0.011" />
  <testcase classname="ptolemy.util.test.junit.AutoTests" name="[451] /home/travis/build/icyphy/ptII/ptolemy/actor/lib/test/auto/functionClosureTest6.xml (RunModel)" time="0.008" />
  <testcase classname="ptolemy.util.test.junit.AutoTests" name="[452] /home/travis/build/icyphy/ptII/ptolemy/actor/lib/test/auto/functionsOnArcs.xml (RunModel)" time="0.009" />
  <testcase classname="ptolemy.util.test.junit.AutoTests" name="[453] /home/travis/build/icyphy/ptII/ptolemy/actor/lib/test/auto/functionsOnArcsHOF.xml (RunModel)" time="0.013" />
  <testcase classname="ptolemy.util.test.junit.AutoTests" name="[454] /home/travis/build/icyphy/ptII/ptolemy/actor/lib/test/auto/logic.xml (RunModel)" time="0.017" />
  <testcase classname="ptolemy.util.test.junit.AutoTests" name="[455] /home/travis/build/icyphy/ptII/ptolemy/actor/lib/test/auto/matrixType.xml (RunModel)" time="0.009" />
  <testcase classname="ptolemy.util.test.junit.AutoTests" name="[456] /home/travis/build/icyphy/ptII/ptolemy/actor/lib/test/auto/matrixType10.xml (RunModel)" time="0.008" />
  <testcase classname="ptolemy.util.test.junit.AutoTests" name="[457] /home/travis/build/icyphy/ptII/ptolemy/actor/lib/test/auto/matrixType11.xml (RunModel)" time="0.008" />
  <testcase classname="ptolemy.util.test.junit.AutoTests" name="[458] /home/travis/build/icyphy/ptII/ptolemy/actor/lib/test/auto/matrixType12.xml (RunModel)" time="0.008" />
  <testcase classname="ptolemy.util.test.junit.AutoTests" name="[459] /home/travis/build/icyphy/ptII/ptolemy/actor/lib/test/auto/matrixType13.xml (RunModel)" time="0.008" />
  <testcase classname="ptolemy.util.test.junit.AutoTests" name="[460] /home/travis/build/icyphy/ptII/ptolemy/actor/lib/test/auto/matrixType14.xml (RunModel)" time="0.01" />
  <testcase classname="ptolemy.util.test.junit.AutoTests" name="[461] /home/travis/build/icyphy/ptII/ptolemy/actor/lib/test/auto/matrixType2.xml (RunModel)" time="0.009" />
  <testcase classname="ptolemy.util.test.junit.AutoTests" name="[462] /home/travis/build/icyphy/ptII/ptolemy/actor/lib/test/auto/matrixType3.xml (RunModel)" time="0.008" />
  <testcase classname="ptolemy.util.test.junit.AutoTests" name="[463] /home/travis/build/icyphy/ptII/ptolemy/actor/lib/test/auto/matrixType4.xml (RunModel)" time="0.008" />
  <testcase classname="ptolemy.util.test.junit.AutoTests" name="[464] /home/travis/build/icyphy/ptII/ptolemy/actor/lib/test/auto/matrixType5.xml (RunModel)" time="0.008" />
  <testcase classname="ptolemy.util.test.junit.AutoTests" name="[465] /home/travis/build/icyphy/ptII/ptolemy/actor/lib/test/auto/matrixType6.xml (RunModel)" time="0.008" />
  <testcase classname="ptolemy.util.test.junit.AutoTests" name="[466] /home/travis/build/icyphy/ptII/ptolemy/actor/lib/test/auto/matrixType7.xml (RunModel)" time="0.008" />
  <testcase classname="ptolemy.util.test.junit.AutoTests" name="[467] /home/travis/build/icyphy/ptII/ptolemy/actor/lib/test/auto/matrixType8.xml (RunModel)" time="0.01" />
  <testcase classname="ptolemy.util.test.junit.AutoTests" name="[468] /home/travis/build/icyphy/ptII/ptolemy/actor/lib/test/auto/matrixType9.xml (RunModel)" time="0.008" />
  <testcase classname="ptolemy.util.test.junit.AutoTests" name="[469] /home/travis/build/icyphy/ptII/ptolemy/actor/lib/test/auto/paraFunctest.xml (RunModel)" time="0.007" />
  <testcase classname="ptolemy.util.test.junit.AutoTests" name="[470] /home/travis/build/icyphy/ptII/ptolemy/actor/lib/test/auto/paraFunctest2.xml (RunModel)" time="0.007" />
  <testcase classname="ptolemy.util.test.junit.AutoTests" name="[471] /home/travis/build/icyphy/ptII/ptolemy/actor/lib/test/auto/parameterPassing.xml (RunModel)" time="0.008" />
  <testcase classname="ptolemy.util.test.junit.AutoTests" name="[472] /home/travis/build/icyphy/ptII/ptolemy/actor/lib/test/auto/record.xml (RunModel)" time="0.009" />
  <testcase classname="ptolemy.util.test.junit.AutoTests" name="[473] /home/travis/build/icyphy/ptII/ptolemy/actor/lib/test/auto/sizedarray1.xml (RunModel)" time="0.009" />
  <testcase classname="ptolemy.util.test.junit.AutoTests" name="[474] /home/travis/build/icyphy/ptII/ptolemy/actor/lib/test/auto/sizedarray2.xml (RunModel)" time="0.008" />
  <testcase classname="ptolemy.util.test.junit.AutoTests" name="[475] /home/travis/build/icyphy/ptII/ptolemy/actor/lib/test/auto/twoPublishers.xml (RunModel)" time="0.025" />
  <system-out><![CDATA[/home/travis/build/icyphy/ptII/ptolemy/actor/lib/test/AbsoluteValue.tcl
testDefs.tcl: setting time out to 9000 seconds at Sun Feb 17 03:30:56 UTC 2019
79 ms. Memory: 116224K Free: 109670K (94%)
4 ms. Memory: 116224K Free: 108476K (93%)
4 ms. Memory: 116224K Free: 107886K (93%)
4 ms. Memory: 116224K Free: 106706K (92%)
/home/travis/build/icyphy/ptII/ptolemy/actor/lib/test/AddSubtract.tcl
8 ms. Memory: 116224K Free: 104906K (90%)
13 ms. Memory: 116224K Free: 104276K (90%)
5 ms. Memory: 116224K Free: 103098K (89%)
6 ms. Memory: 116224K Free: 102493K (88%)
4 ms. Memory: 116224K Free: 101903K (88%)
4 ms. Memory: 116224K Free: 100716K (87%)
/home/travis/build/icyphy/ptII/ptolemy/actor/lib/test/Average.tcl
18 ms. Memory: 116224K Free: 99530K (86%)
4 ms. Memory: 116224K Free: 97722K (84%)
/home/travis/build/icyphy/ptII/ptolemy/actor/lib/test/Bernoulli.tcl
4 ms. Memory: 116224K Free: 96519K (83%)
1 ms. Memory: 116224K Free: 95914K (83%)
/home/travis/build/icyphy/ptII/ptolemy/actor/lib/test/Clock.tcl
preinitializing
resolving types
initializing
executing number 1
wrapping up
idle
21 ms. Memory: 116224K Free: 93508K (80%)
Completed execution with 5 iterations
preinitializing
resolving types
initializing
executing number 1
wrapping up
idle
2 ms. Memory: 116224K Free: 92903K (80%)
Completed execution with 5 iterations
preinitializing
resolving types
initializing
executing number 1
wrapping up
idle
2 ms. Memory: 116224K Free: 92298K (79%)
Completed execution with 5 iterations
/home/travis/build/icyphy/ptII/ptolemy/actor/lib/test/Commutator.tcl
5 ms. Memory: 116224K Free: 90497K (78%)
16 ms. Memory: 116224K Free: 89302K (77%)
11 ms. Memory: 116224K Free: 84948K (73%)
/home/travis/build/icyphy/ptII/ptolemy/actor/lib/test/Const.tcl
3 ms. Memory: 116224K Free: 82559K (71%)
2 ms. Memory: 116224K Free: 82559K (71%)
2 ms. Memory: 116224K Free: 81969K (71%)
2 ms. Memory: 116224K Free: 81380K (70%)
15 ms. Memory: 146944K Free: 140013K (95%)
11 ms. Memory: 146944K Free: 138816K (94%)
3 ms. Memory: 146944K Free: 137620K (94%)
3 ms. Memory: 146944K Free: 136408K (93%)
/home/travis/build/icyphy/ptII/ptolemy/actor/lib/test/CurrentTime.tcl
preinitializing
resolving types
initializing
executing number 1
wrapping up
idle
12 ms. Memory: 146944K Free: 135196K (92%)
Completed execution with 11 iterations
/home/travis/build/icyphy/ptII/ptolemy/actor/lib/test/DB.tcl
12 ms. Memory: 146944K Free: 131567K (90%)
2 ms. Memory: 146944K Free: 131567K (90%)
1 ms. Memory: 146944K Free: 130370K (89%)
/home/travis/build/icyphy/ptII/ptolemy/actor/lib/test/DiscreteRandomSource.tcl
preinitializing
resolving types
initializing
executing number 1
wrapping up
idle
8 ms. Memory: 146944K Free: 129158K (88%)
Completed execution with 4 iterations
preinitializing
resolving types
initializing
executing number 1
wrapping up
idle
6 ms. Memory: 146944K Free: 129158K (88%)
Completed execution with 4 iterations
preinitializing
resolving types
initializing
executing number 1
wrapping up
idle
3 ms. Memory: 146944K Free: 127954K (87%)
Completed execution with 4 iterations
preinitializing
resolving types
initializing
executing number 1
wrapping up
idle
2 ms. Memory: 146944K Free: 127954K (87%)
Completed execution with 4 iterations
preinitializing
resolving types
initializing
executing number 1
wrapping up
idle
3 ms. Memory: 146944K Free: 127954K (87%)
Completed execution with 4 iterations
/home/travis/build/icyphy/ptII/ptolemy/actor/lib/test/Distributor.tcl
7 ms. Memory: 146944K Free: 125545K (85%)
9 ms. Memory: 146944K Free: 125545K (85%)
StreamChangeRequest.changeExecuted(): <deleteEntity name="rec2"/> succeeded
StreamChangeRequest.changeExecuted(): <deleteRelation name="r2"/> succeeded
StreamChangeRequest.changeExecuted(): Record firings per iteration succeeded
5 ms. Memory: 146944K Free: 123137K (84%)
/home/travis/build/icyphy/ptII/ptolemy/actor/lib/test/Exit.tcl
Exit.tcl: this will print a message about Manager.exitAfterWrapup, which can be ignored.
4 ms. Memory: 146944K Free: 118934K (81%)
/home/travis/build/icyphy/ptII/ptolemy/actor/lib/test/Expression.tcl
4 ms. Memory: 146944K Free: 116509K (79%)
3 ms. Memory: 146944K Free: 115312K (78%)
2 ms. Memory: 146944K Free: 115312K (78%)
preinitializing
resolving types
initializing
executing number 1
wrapping up
idle
9 ms. Memory: 146944K Free: 114116K (78%)
Completed execution with 6 iterations
2 ms. Memory: 146944K Free: 112920K (77%)
3 ms. Memory: 146944K Free: 111724K (76%)
11 ms. Memory: 146944K Free: 110528K (75%)
3 ms. Memory: 146944K Free: 109331K (74%)
3 ms. Memory: 146944K Free: 108135K (74%)
/home/travis/build/icyphy/ptII/ptolemy/actor/lib/test/Gaussian.tcl
9 ms. Memory: 146944K Free: 106939K (73%)
sleeping 1 seconds: .........................................................................................................................................................................................................................................................................................................................................................................................................................................................................................................................................................................................................................................................................................................................................................................................................................................................................................................................................................................................................................................................................................................................................................................................................................................................................................................................................................................................................................................................................................................................................................................................................................................................................................................................................................................................................................................................................................................................................................................................................................................................................................................................................................................................................................................................................................................................................................................................................................................................................................................................................................................................................................................................................................................................................................................................................................................................................................................................................................................................................................................................................................................................................................................................................................................................................................................................................................................................................................................................................................................................................................................................................................................................................................................................................................................................................................................................................................................................................................................................................................................................................................................................................................................................................................................................................................................................................................................................................................................................................................................................................................................................................................................................................................................................................................................................................................................................................................................................................................................................................................................................................................................................................................................................................................................................................................................................................................................................................................................................................................................................................................................................................................................................................................................................................................................................................................................................................................................................................................................................................................................................................................................................................................................................................................................................................................................................................................................................................................................................................................................................................................................................................................................................................................................................................................................................................................................................................................................................................................................................................................................................................................................................................................................................................................................................................................................................................................................................................................................................................................................................................................................................................................................................................................................................................................................................................................................................................................................................................................................................................................................................................................................................................................................................................................................................................................................................................................................................................................................................................................................................................................................................................................................................................................................................................................................................................................................................................................................................................................................................................................................................................................................................................................................................................................................................................................................................................................................................................................................................................................................................................................................................................................................................................................................................................................................................................................................................................................................................................................................................................................................................................................................................................................................................................................................................................................................................................................................................................................................................................................................................................................................................................................................................................................................................................................................................................................................................................................................................................................................................................................................................................................................................................................................................................................................................................................................................................................................................................................................................................................................................................................................................................................................................................................................................................................................................................................................................................................................................................................................................................................................................................................................................................................................................................................................................................................................................................................................................................................................................................................................................................................................................................................................................................................................................................................................................................................................................................................................................................................................................................................................................................................................................................................................................................................................................................................................................................................................................................................................................................................................................................................................................................................................................................................................................................................................................................................................................................................................................................................................................................................................................................................................................................................................................................................................................................................................................................................................................................................................................................................................................................................................................................................................................................................................................................................................................................................................................................................................................................................................................................................................................................................................................................................................................................................................................................................................................................................................................................................................................................................................................................................................................................................................................................................................................................................................................................................................................................................................................................................................................................................................................................................................................................................................................................................................................................................................................................................................................................................................................................................................................................................................................................................................................................................................................................................................................................................................................................................................................................................................................................................................................................................................................................................................................................................................................................................................................................................................................................................................................................................................................................................................................................................................................................................................................................................................................................................................................................................................................................................................................................................................................................................................................................................................................................................................................................................................................................................................................................................................................................................................................................................................................................................................................................................................5 ms. Memory: 146944K Free: 90333K (61%)
2 ms. Memory: 146944K Free: 89159K (61%)
2 ms. Memory: 146944K Free: 89159K (61%)
6 ms. Memory: 146944K Free: 87725K (60%)
8 ms. Memory: 146944K Free: 87725K (60%)
/home/travis/build/icyphy/ptII/ptolemy/actor/lib/test/IIR.tcl
/home/travis/build/icyphy/ptII/ptolemy/actor/lib/test/Interpolator.tcl
4 ms. Memory: 146944K Free: 82997K (56%)
2 ms. Memory: 146944K Free: 82997K (56%)
4 ms. Memory: 146944K Free: 81823K (56%)
2 ms. Memory: 146944K Free: 81823K (56%)
2 ms. Memory: 146944K Free: 80649K (55%)
9 ms. Memory: 146944K Free: 80555K (55%)
2 ms. Memory: 208384K Free: 200771K (96%)
2 ms. Memory: 208384K Free: 200433K (96%)
1 ms. Memory: 208384K Free: 198050K (95%)
5 ms. Memory: 208384K Free: 198050K (95%)
/home/travis/build/icyphy/ptII/ptolemy/actor/lib/test/MathFunction.tcl
4 ms. Memory: 208384K Free: 195668K (94%)
2 ms. Memory: 208384K Free: 195668K (94%)
6 ms. Memory: 208384K Free: 193286K (93%)
1 ms. Memory: 208384K Free: 193286K (93%)
7 ms. Memory: 208384K Free: 190904K (92%)
5 ms. Memory: 208384K Free: 190904K (92%)
/home/travis/build/icyphy/ptII/ptolemy/actor/lib/test/Maximum.tcl
4 ms. Memory: 208384K Free: 188521K (90%)
8 ms. Memory: 208384K Free: 186139K (89%)
1 ms. Memory: 208384K Free: 186139K (89%)
3 ms. Memory: 208384K Free: 186139K (89%)
/home/travis/build/icyphy/ptII/ptolemy/actor/lib/test/Minimum.tcl
7 ms. Memory: 208384K Free: 183757K (88%)
5 ms. Memory: 208384K Free: 183757K (88%)
2 ms. Memory: 208384K Free: 183757K (88%)
4 ms. Memory: 208384K Free: 181374K (87%)
/home/travis/build/icyphy/ptII/ptolemy/actor/lib/test/MultiplyDivide.tcl
9 ms. Memory: 208384K Free: 178992K (86%)
8 ms. Memory: 208384K Free: 178992K (86%)
4 ms. Memory: 208384K Free: 178992K (86%)
5 ms. Memory: 208384K Free: 178992K (86%)
5 ms. Memory: 208384K Free: 176610K (85%)
/home/travis/build/icyphy/ptII/ptolemy/actor/lib/test/OrderedMerge.tcl
Connections changed on port: inputA
Connections changed on port: inputB
Connections changed on port: output
Connections changed on port: output
Connections changed on port: output
Connections changed on port: input
.top. Preinitializing ...
Invoking preinitialize():  .top.OrderedMerge
Called preinitialize()
Invoking preinitialize():  .top.Ramp
Called preinitialize()
Invoking preinitialize():  .top.Ramp2
Called preinitialize()
Invoking preinitialize():  .top.Test
Called preinitialize()
Connections changed on port: inputA
Connections changed on port: output
Connections changed on port: inputB
Connections changed on port: output
Connections changed on port: output
Connections changed on port: input
.top. Finished preinitialize().
Called initialize().
Invoking initialize():  .top.OrderedMerge
Initializing actor: .top.OrderedMerge
Adding a thread: .top.OrderedMerge
Invoking initialize():  .top.Ramp
Initializing actor: .top.Ramp
Adding a thread: .top.Ramp
Invoking initialize():  .top.Ramp2
Initializing actor: .top.Ramp2
Adding a thread: .top.Ramp2
Invoking initialize():  .top.Test
Initializing actor: .top.Test
Adding a thread: .top.Test
-- Starting thread.
Called initialize()
Called prefire()
Called fire()
-- Starting thread.
Called initialize()
Called prefire()
Called fire()
Called postfire()
Called prefire()
Called fire()
-- Starting thread.
Called initialize()
Called prefire()
Called fire()
Called postfire()
Called prefire()
Called fire()
Called fire().
Checking for deadlock:
There are 3 Blocked actors, 0 Stopped actors, and 4 active threads.
Waiting for actors to stop.
-- Starting thread.
Called initialize()
Called prefire()
Called fire()
Checking for deadlock:
There are 2 Blocked actors, 0 Stopped actors, and 4 active threads.
Waiting for actors to stop.
Called postfire()
Called prefire()
Called fire()
Checking for deadlock:
There are 3 Blocked actors, 0 Stopped actors, and 4 active threads.
Waiting for actors to stop.
Read input token from inputA with value 0.0
Next port to read input from is inputB
Called postfire()
Called prefire()
Called fire()
Checking for deadlock:
There are 2 Blocked actors, 0 Stopped actors, and 4 active threads.
Waiting for actors to stop.
Called postfire()
Called prefire()
Called fire()
Checking for deadlock:
There are 3 Blocked actors, 0 Stopped actors, and 4 active threads.
Waiting for actors to stop.
Read input token from inputB with value 0.0
Checking for deadlock:
There are 2 Blocked actors, 0 Stopped actors, and 4 active threads.
Waiting for actors to stop.
-- Read input: 0.0, which is expected to match: 0.0
Called prefire()
Called fire()
Checking for deadlock:
There are 3 Blocked actors, 0 Stopped actors, and 4 active threads.
Waiting for actors to stop.
Sent output token with value 0.0
Next port to read input from is inputA
Called postfire()
Called prefire()
Called fire()
Checking for deadlock:
There are 2 Blocked actors, 0 Stopped actors, and 4 active threads.
Waiting for actors to stop.
Called postfire()
Called prefire()
Called fire()
Checking for deadlock:
There are 3 Blocked actors, 0 Stopped actors, and 4 active threads.
Waiting for actors to stop.
Read input token from inputA with value 1.0
Checking for deadlock:
There are 2 Blocked actors, 0 Stopped actors, and 4 active threads.
Waiting for actors to stop.
-- Read input: 0.0, which is expected to match: 0.0
Called prefire()
Called fire()
Checking for deadlock:
There are 3 Blocked actors, 0 Stopped actors, and 4 active threads.
Waiting for actors to stop.
Sent output token with value 0.0
Next port to read input from is inputB
Called postfire()
Called prefire()
Called fire()
Checking for deadlock:
There are 2 Blocked actors, 0 Stopped actors, and 4 active threads.
Waiting for actors to stop.
Called postfire()
Called prefire()
Called fire()
Checking for deadlock:
There are 3 Blocked actors, 0 Stopped actors, and 4 active threads.
Waiting for actors to stop.
Read input token from inputB with value 1.5
Checking for deadlock:
There are 2 Blocked actors, 0 Stopped actors, and 4 active threads.
Waiting for actors to stop.
-- Read input: 1.0, which is expected to match: 1.0
Called prefire()
Called fire()
Checking for deadlock:
There are 3 Blocked actors, 0 Stopped actors, and 4 active threads.
Waiting for actors to stop.
Sent output token with value 1.0
Next port to read input from is inputA
Called postfire()
Called prefire()
Called fire()
Checking for deadlock:
There are 2 Blocked actors, 0 Stopped actors, and 4 active threads.
Waiting for actors to stop.
Called postfire()
Called prefire()
Called fire()
Checking for deadlock:
There are 3 Blocked actors, 0 Stopped actors, and 4 active threads.
Waiting for actors to stop.
Read input token from inputA with value 2.0
Checking for deadlock:
There are 2 Blocked actors, 0 Stopped actors, and 4 active threads.
Waiting for actors to stop.
-- Read input: 1.5, which is expected to match: 1.5
Called prefire()
Called fire()
Checking for deadlock:
There are 3 Blocked actors, 0 Stopped actors, and 4 active threads.
Waiting for actors to stop.
Sent output token with value 1.5
Next port to read input from is inputB
Called postfire()
Called prefire()
Called fire()
Checking for deadlock:
There are 2 Blocked actors, 0 Stopped actors, and 4 active threads.
Waiting for actors to stop.
Called postfire()
Called prefire()
Called fire()
Checking for deadlock:
There are 3 Blocked actors, 0 Stopped actors, and 4 active threads.
Waiting for actors to stop.
Read input token from inputB with value 3.0
Checking for deadlock:
There are 2 Blocked actors, 0 Stopped actors, and 4 active threads.
Waiting for actors to stop.
-- Read input: 2.0, which is expected to match: 2.0
Called prefire()
Called fire()
Checking for deadlock:
There are 3 Blocked actors, 0 Stopped actors, and 4 active threads.
Waiting for actors to stop.
Sent output token with value 2.0
Next port to read input from is inputA
Called postfire()
Called prefire()
Called fire()
Checking for deadlock:
There are 2 Blocked actors, 0 Stopped actors, and 4 active threads.
Waiting for actors to stop.
Called postfire()
Called prefire()
Called fire()
Checking for deadlock:
There are 3 Blocked actors, 0 Stopped actors, and 4 active threads.
Waiting for actors to stop.
Read input token from inputA with value 3.0
Checking for deadlock:
There are 2 Blocked actors, 0 Stopped actors, and 4 active threads.
Waiting for actors to stop.
-- Read input: 3.0, which is expected to match: 3.0
Called prefire()
Called fire()
Checking for deadlock:
There are 3 Blocked actors, 0 Stopped actors, and 4 active threads.
Waiting for actors to stop.
Sent output token with value 3.0
Next port to read input from is inputB
Called postfire()
Called prefire()
Called fire()
Checking for deadlock:
There are 2 Blocked actors, 0 Stopped actors, and 4 active threads.
Waiting for actors to stop.
Called postfire()
Called prefire()
Called fire()
Checking for deadlock:
There are 3 Blocked actors, 0 Stopped actors, and 4 active threads.
Waiting for actors to stop.
Read input token from inputB with value 4.5
Checking for deadlock:
There are 2 Blocked actors, 0 Stopped actors, and 4 active threads.
Waiting for actors to stop.
-- Read input: 3.0, which is expected to match: 3.0
Called prefire()
Called fire()
Checking for deadlock:
There are 3 Blocked actors, 0 Stopped actors, and 4 active threads.
Waiting for actors to stop.
Sent output token with value 3.0
Next port to read input from is inputA
Called postfire()
Called prefire()
Called fire()
Checking for deadlock:
There are 2 Blocked actors, 0 Stopped actors, and 4 active threads.
Waiting for actors to stop.
Called postfire()
Called prefire()
Called fire()
Checking for deadlock:
There are 3 Blocked actors, 0 Stopped actors, and 4 active threads.
Waiting for actors to stop.
Read input token from inputA with value 4.0
Checking for deadlock:
There are 2 Blocked actors, 0 Stopped actors, and 4 active threads.
Waiting for actors to stop.
-- Read input: 4.0, which is expected to match: 4.0
Called prefire()
Called fire()
Past the end of training data. Read and discard all inputs.
Checking for deadlock:
There are 3 Blocked actors, 0 Stopped actors, and 4 active threads.
Waiting for actors to stop.
Sent output token with value 4.0
Next port to read input from is inputA
Called postfire()
Called prefire()
Called fire()
Checking for deadlock:
There are 2 Blocked actors, 0 Stopped actors, and 4 active threads.
Waiting for actors to stop.
Called postfire()
Called prefire()
Called fire()
Checking for deadlock:
There are 3 Blocked actors, 0 Stopped actors, and 4 active threads.
Waiting for actors to stop.
Read input token from inputA with value 5.0
Checking for deadlock:
There are 2 Blocked actors, 0 Stopped actors, and 4 active threads.
Waiting for actors to stop.
Called prefire()
Called fire()
Past the end of training data. Read and discard all inputs.
Checking for deadlock:
There are 3 Blocked actors, 0 Stopped actors, and 4 active threads.
Waiting for actors to stop.
Sent output token with value 4.5
Next port to read input from is inputB
Called postfire()
Called prefire()
Called fire()
Checking for deadlock:
There are 2 Blocked actors, 0 Stopped actors, and 4 active threads.
Waiting for actors to stop.
Called postfire()
Called prefire()
Called fire()
Checking for deadlock:
There are 3 Blocked actors, 0 Stopped actors, and 4 active threads.
Waiting for actors to stop.
Read input token from inputB with value 6.0
Checking for deadlock:
There are 2 Blocked actors, 0 Stopped actors, and 4 active threads.
Waiting for actors to stop.
Called prefire()
Called fire()
Past the end of training data. Read and discard all inputs.
Checking for deadlock:
There are 3 Blocked actors, 0 Stopped actors, and 4 active threads.
Waiting for actors to stop.
Sent output token with value 5.0
Next port to read input from is inputA
Called postfire()
Called prefire()
Called fire()
Checking for deadlock:
There are 2 Blocked actors, 0 Stopped actors, and 4 active threads.
Waiting for actors to stop.
Called postfire()
Called prefire()
Called fire()
Checking for deadlock:
There are 3 Blocked actors, 0 Stopped actors, and 4 active threads.
Waiting for actors to stop.
Read input token from inputA with value 6.0
Checking for deadlock:
There are 2 Blocked actors, 0 Stopped actors, and 4 active threads.
Waiting for actors to stop.
Called prefire()
Called fire()
Past the end of training data. Read and discard all inputs.
Checking for deadlock:
There are 3 Blocked actors, 0 Stopped actors, and 4 active threads.
Waiting for actors to stop.
Sent output token with value 6.0
Next port to read input from is inputB
Called postfire()
Called prefire()
Called fire()
Checking for deadlock:
There are 2 Blocked actors, 0 Stopped actors, and 4 active threads.
Waiting for actors to stop.
Called postfire()
Called prefire()
Called fire()
Checking for deadlock:
There are 3 Blocked actors, 0 Stopped actors, and 4 active threads.
Waiting for actors to stop.
Read input token from inputB with value 7.5
Checking for deadlock:
There are 2 Blocked actors, 0 Stopped actors, and 4 active threads.
Waiting for actors to stop.
Called prefire()
Called fire()
Past the end of training data. Read and discard all inputs.
Checking for deadlock:
There are 3 Blocked actors, 0 Stopped actors, and 4 active threads.
Waiting for actors to stop.
Sent output token with value 6.0
Next port to read input from is inputA
Called postfire()
Called prefire()
Called fire()
Checking for deadlock:
There are 2 Blocked actors, 0 Stopped actors, and 4 active threads.
Waiting for actors to stop.
Called postfire()
Called prefire()
Called fire()
Checking for deadlock:
There are 3 Blocked actors, 0 Stopped actors, and 4 active threads.
Waiting for actors to stop.
Read input token from inputA with value 7.0
Checking for deadlock:
There are 2 Blocked actors, 0 Stopped actors, and 4 active threads.
Waiting for actors to stop.
Called prefire()
Called fire()
Past the end of training data. Read and discard all inputs.
Checking for deadlock:
There are 3 Blocked actors, 0 Stopped actors, and 4 active threads.
Waiting for actors to stop.
Sent output token with value 7.0
Next port to read input from is inputA
Called postfire()
Called prefire()
Called fire()
Checking for deadlock:
There are 2 Blocked actors, 0 Stopped actors, and 4 active threads.
Waiting for actors to stop.
-- Thread wrapup() called.
Called wrapup()
Thread .top.Ramp is exiting.
-- Thread stopped.
Checking for deadlock:
There are 2 Blocked actors, 0 Stopped actors, and 3 active threads.
Waiting for actors to stop.
Read input token from inputA with value 8.0
Checking for deadlock:
There are 1 Blocked actors, 0 Stopped actors, and 3 active threads.
Waiting for actors to stop.
Called prefire()
Called fire()
Past the end of training data. Read and discard all inputs.
Checking for deadlock:
There are 2 Blocked actors, 0 Stopped actors, and 3 active threads.
Waiting for actors to stop.
Sent output token with value 7.5
Next port to read input from is inputB
Called postfire()
Called prefire()
Called fire()
Checking for deadlock:
There are 1 Blocked actors, 0 Stopped actors, and 3 active threads.
Waiting for actors to stop.
Called postfire()
Called prefire()
Called fire()
Checking for deadlock:
There are 2 Blocked actors, 0 Stopped actors, and 3 active threads.
Waiting for actors to stop.
Read input token from inputB with value 9.0
Checking for deadlock:
There are 1 Blocked actors, 0 Stopped actors, and 3 active threads.
Waiting for actors to stop.
Called prefire()
Called fire()
Past the end of training data. Read and discard all inputs.
Checking for deadlock:
There are 2 Blocked actors, 0 Stopped actors, and 3 active threads.
Waiting for actors to stop.
Sent output token with value 8.0
Next port to read input from is inputA
Called postfire()
Called prefire()
Called fire()
Read input token from inputA with value 9.0
Checking for deadlock:
There are 1 Blocked actors, 0 Stopped actors, and 3 active threads.
Waiting for actors to stop.
Called prefire()
Called fire()
Past the end of training data. Read and discard all inputs.
Checking for deadlock:
There are 2 Blocked actors, 0 Stopped actors, and 3 active threads.
Waiting for actors to stop.
Sent output token with value 9.0
Next port to read input from is inputB
Called postfire()
Called prefire()
Called fire()
Checking for deadlock:
There are 1 Blocked actors, 0 Stopped actors, and 3 active threads.
Waiting for actors to stop.
Called postfire()
Called prefire()
Called fire()
Checking for deadlock:
There are 2 Blocked actors, 0 Stopped actors, and 3 active threads.
Waiting for actors to stop.
Read input token from inputB with value 10.5
Checking for deadlock:
There are 1 Blocked actors, 0 Stopped actors, and 3 active threads.
Waiting for actors to stop.
Called prefire()
Called fire()
Past the end of training data. Read and discard all inputs.
Checking for deadlock:
There are 2 Blocked actors, 0 Stopped actors, and 3 active threads.
Waiting for actors to stop.
Sent output token with value 9.0
Next port to read input from is inputA
Called postfire()
Called prefire()
Called fire()
Checking for deadlock:
There are 3 Blocked actors, 0 Stopped actors, and 3 active threads.
Actors have stopped.
Checking for deadlock:
There are 3 Blocked actors, 0 Stopped actors, and 3 active threads.
Deadlock detected.
Resolving Deadlock
Checking for deadlock:
There are 3 Blocked actors, 0 Stopped actors, and 3 active threads.
Artificial Deadlock - increasing queue capacity.
increasing the capacity of receiver ptolemy.actor.TypedIOPort {.top.OrderedMerge.inputB} to 2
Director: Called postfire().
Called postfire().
_stopRequested = false
_stopFireRequested = false
Returning from postfire(): true
Called fire().
Checking for deadlock:
There are 2 Blocked actors, 0 Stopped actors, and 3 active threads.
Waiting for actors to stop.
-- Thread wrapup() called.
Called wrapup()
Thread .top.Ramp2 is exiting.
-- Thread stopped.
Checking for deadlock:
There are 2 Blocked actors, 0 Stopped actors, and 2 active threads.
Actors have stopped.
Checking for deadlock:
There are 2 Blocked actors, 0 Stopped actors, and 2 active threads.
Deadlock detected.
Resolving Deadlock
Checking for deadlock:
There are 2 Blocked actors, 0 Stopped actors, and 2 active threads.
Deadlock detected: no processes blocked on write, but some are blocked on read.
Called postfire().
_stopRequested = false
_stopFireRequested = false
Returning from postfire(): false
Finished deactivating branches.
Called wrapup().
-- Thread wrapup() called.
Called wrapup()
Thread .top.OrderedMerge is exiting.
-- Thread wrapup() called.
Called wrapup()
Thread .top.Test is exiting.
-- Thread stopped.
-- Blocked Receiver call threw TerminateProcessException.
20 ms. Memory: 208384K Free: 169312K (81%)
.top. Preinitializing ...
Invoking preinitialize():  .top.OrderedMerge
Called preinitialize()
Invoking preinitialize():  .top.Ramp
Called preinitialize()
Invoking preinitialize():  .top.Ramp2
Called preinitialize()
Invoking preinitialize():  .top.Test
Called preinitialize()
.top. Finished preinitialize().
Called initialize().
Invoking initialize():  .top.OrderedMerge
Initializing actor: .top.OrderedMerge
Adding a thread: .top.OrderedMerge
Invoking initialize():  .top.Ramp
Initializing actor: .top.Ramp
Adding a thread: .top.Ramp
Invoking initialize():  .top.Ramp2
Initializing actor: .top.Ramp2
Adding a thread: .top.Ramp2
Invoking initialize():  .top.Test
Initializing actor: .top.Test
Adding a thread: .top.Test
-- Thread stopped.
-- Blocked Receiver call threw TerminateProcessException.
-- Starting thread.
Called initialize()
Called prefire()
Called fire()
-- Starting thread.
Called initialize()
Called prefire()
Called fire()
Called postfire()
Called prefire()
Called fire()
-- Starting thread.
Called initialize()
Called prefire()
Called fire()
Called postfire()
Called prefire()
Called fire()
Called fire().
Checking for deadlock:
There are 3 Blocked actors, 0 Stopped actors, and 4 active threads.
Waiting for actors to stop.
-- Starting thread.
Called initialize()
Called prefire()
Called fire()
Checking for deadlock:
There are 2 Blocked actors, 0 Stopped actors, and 4 active threads.
Waiting for actors to stop.
Called postfire()
Called prefire()
Called fire()
Checking for deadlock:
There are 3 Blocked actors, 0 Stopped actors, and 4 active threads.
Waiting for actors to stop.
Read input token from inputA with value 0.0
Next port to read input from is inputB
Called postfire()
Called prefire()
Called fire()
Checking for deadlock:
There are 2 Blocked actors, 0 Stopped actors, and 4 active threads.
Waiting for actors to stop.
Called postfire()
Called prefire()
Called fire()
Checking for deadlock:
There are 3 Blocked actors, 0 Stopped actors, and 4 active threads.
Waiting for actors to stop.
Read input token from inputB with value 0.0
Checking for deadlock:
There are 2 Blocked actors, 0 Stopped actors, and 4 active threads.
Waiting for actors to stop.
-- Read input: 0.0, which is expected to match: 0.0
Called prefire()
Called fire()
Checking for deadlock:
There are 3 Blocked actors, 0 Stopped actors, and 4 active threads.
Waiting for actors to stop.
Sent output token with value 0.0
Next port to read input from is inputA
Called postfire()
Called prefire()
Called fire()
Checking for deadlock:
There are 2 Blocked actors, 0 Stopped actors, and 4 active threads.
Waiting for actors to stop.
Called postfire()
Called prefire()
Called fire()
Checking for deadlock:
There are 3 Blocked actors, 0 Stopped actors, and 4 active threads.
Waiting for actors to stop.
Read input token from inputA with value 1.0
Checking for deadlock:
There are 2 Blocked actors, 0 Stopped actors, and 4 active threads.
Waiting for actors to stop.
-- Read input: 0.0, which is expected to match: 0.0
Called prefire()
Called fire()
Checking for deadlock:
There are 3 Blocked actors, 0 Stopped actors, and 4 active threads.
Waiting for actors to stop.
Sent output token with value 0.0
Next port to read input from is inputB
Called postfire()
Called prefire()
Called fire()
Checking for deadlock:
There are 2 Blocked actors, 0 Stopped actors, and 4 active threads.
Waiting for actors to stop.
Called postfire()
Called prefire()
Called fire()
Checking for deadlock:
There are 3 Blocked actors, 0 Stopped actors, and 4 active threads.
Waiting for actors to stop.
Read input token from inputB with value 1.5
Checking for deadlock:
There are 2 Blocked actors, 0 Stopped actors, and 4 active threads.
Waiting for actors to stop.
-- Read input: 1.0, which is expected to match: 1.0
Called prefire()
Called fire()
Checking for deadlock:
There are 3 Blocked actors, 0 Stopped actors, and 4 active threads.
Waiting for actors to stop.
Sent output token with value 1.0
Next port to read input from is inputA
Called postfire()
Called prefire()
Called fire()
Checking for deadlock:
There are 2 Blocked actors, 0 Stopped actors, and 4 active threads.
Waiting for actors to stop.
Called postfire()
Called prefire()
Called fire()
Checking for deadlock:
There are 3 Blocked actors, 0 Stopped actors, and 4 active threads.
Waiting for actors to stop.
Read input token from inputA with value 2.0
Checking for deadlock:
There are 2 Blocked actors, 0 Stopped actors, and 4 active threads.
Waiting for actors to stop.
-- Read input: 1.5, which is expected to match: 1.5
Called prefire()
Called fire()
Checking for deadlock:
There are 3 Blocked actors, 0 Stopped actors, and 4 active threads.
Waiting for actors to stop.
Sent output token with value 1.5
Next port to read input from is inputB
Called postfire()
Called prefire()
Called fire()
Checking for deadlock:
There are 2 Blocked actors, 0 Stopped actors, and 4 active threads.
Waiting for actors to stop.
Called postfire()
Called prefire()
Called fire()
Checking for deadlock:
There are 3 Blocked actors, 0 Stopped actors, and 4 active threads.
Waiting for actors to stop.
Read input token from inputB with value 3.0
Checking for deadlock:
There are 2 Blocked actors, 0 Stopped actors, and 4 active threads.
Waiting for actors to stop.
-- Read input: 2.0, which is expected to match: 2.0
Called prefire()
Called fire()
Checking for deadlock:
There are 3 Blocked actors, 0 Stopped actors, and 4 active threads.
Waiting for actors to stop.
Sent output token with value 2.0
Next port to read input from is inputA
Called postfire()
Called prefire()
Called fire()
Checking for deadlock:
There are 2 Blocked actors, 0 Stopped actors, and 4 active threads.
Waiting for actors to stop.
Called postfire()
Called prefire()
Called fire()
Checking for deadlock:
There are 3 Blocked actors, 0 Stopped actors, and 4 active threads.
Waiting for actors to stop.
Read input token from inputA with value 3.0
Checking for deadlock:
There are 2 Blocked actors, 0 Stopped actors, and 4 active threads.
Waiting for actors to stop.
-- Read input: 3.0, which is expected to match: 3.0
Called prefire()
Called fire()
Checking for deadlock:
There are 3 Blocked actors, 0 Stopped actors, and 4 active threads.
Waiting for actors to stop.
Sent output token with value 3.0
Next port to read input from is inputB
Called postfire()
Called prefire()
Called fire()
Checking for deadlock:
There are 2 Blocked actors, 0 Stopped actors, and 4 active threads.
Waiting for actors to stop.
Called postfire()
Called prefire()
Called fire()
Checking for deadlock:
There are 3 Blocked actors, 0 Stopped actors, and 4 active threads.
Waiting for actors to stop.
Read input token from inputB with value 4.5
Checking for deadlock:
There are 2 Blocked actors, 0 Stopped actors, and 4 active threads.
Waiting for actors to stop.
-- Read input: 3.0, which is expected to match: 3.0
Called prefire()
Called fire()
Checking for deadlock:
There are 3 Blocked actors, 0 Stopped actors, and 4 active threads.
Waiting for actors to stop.
Sent output token with value 3.0
Next port to read input from is inputA
Called postfire()
Called prefire()
Called fire()
Checking for deadlock:
There are 2 Blocked actors, 0 Stopped actors, and 4 active threads.
Waiting for actors to stop.
Called postfire()
Called prefire()
Called fire()
Checking for deadlock:
There are 3 Blocked actors, 0 Stopped actors, and 4 active threads.
Waiting for actors to stop.
Read input token from inputA with value 4.0
Checking for deadlock:
There are 2 Blocked actors, 0 Stopped actors, and 4 active threads.
Waiting for actors to stop.
-- Read input: 4.0, which is expected to match: 4.0
Called prefire()
Called fire()
Past the end of training data. Read and discard all inputs.
Checking for deadlock:
There are 3 Blocked actors, 0 Stopped actors, and 4 active threads.
Waiting for actors to stop.
Sent output token with value 4.0
Next port to read input from is inputA
Called postfire()
Called prefire()
Called fire()
Checking for deadlock:
There are 2 Blocked actors, 0 Stopped actors, and 4 active threads.
Waiting for actors to stop.
Called postfire()
Called prefire()
Called fire()
Checking for deadlock:
There are 3 Blocked actors, 0 Stopped actors, and 4 active threads.
Waiting for actors to stop.
Read input token from inputA with value 5.0
Checking for deadlock:
There are 2 Blocked actors, 0 Stopped actors, and 4 active threads.
Waiting for actors to stop.
Called prefire()
Called fire()
Past the end of training data. Read and discard all inputs.
Checking for deadlock:
There are 3 Blocked actors, 0 Stopped actors, and 4 active threads.
Waiting for actors to stop.
Sent output token with value 4.5
Next port to read input from is inputB
Called postfire()
Called prefire()
Called fire()
Checking for deadlock:
There are 2 Blocked actors, 0 Stopped actors, and 4 active threads.
Waiting for actors to stop.
Called postfire()
Called prefire()
Called fire()
Checking for deadlock:
There are 3 Blocked actors, 0 Stopped actors, and 4 active threads.
Waiting for actors to stop.
Read input token from inputB with value 6.0
Checking for deadlock:
There are 2 Blocked actors, 0 Stopped actors, and 4 active threads.
Waiting for actors to stop.
Called prefire()
Called fire()
Past the end of training data. Read and discard all inputs.
Checking for deadlock:
There are 3 Blocked actors, 0 Stopped actors, and 4 active threads.
Waiting for actors to stop.
Sent output token with value 5.0
Next port to read input from is inputA
Called postfire()
Called prefire()
Called fire()
Checking for deadlock:
There are 2 Blocked actors, 0 Stopped actors, and 4 active threads.
Waiting for actors to stop.
Called postfire()
Called prefire()
Called fire()
Checking for deadlock:
There are 3 Blocked actors, 0 Stopped actors, and 4 active threads.
Waiting for actors to stop.
Read input token from inputA with value 6.0
Checking for deadlock:
There are 2 Blocked actors, 0 Stopped actors, and 4 active threads.
Waiting for actors to stop.
Called prefire()
Called fire()
Past the end of training data. Read and discard all inputs.
Checking for deadlock:
There are 3 Blocked actors, 0 Stopped actors, and 4 active threads.
Waiting for actors to stop.
Sent output token with value 6.0
Next port to read input from is inputB
Called postfire()
Called prefire()
Called fire()
Checking for deadlock:
There are 2 Blocked actors, 0 Stopped actors, and 4 active threads.
Waiting for actors to stop.
Called postfire()
Called prefire()
Called fire()
Checking for deadlock:
There are 3 Blocked actors, 0 Stopped actors, and 4 active threads.
Waiting for actors to stop.
Read input token from inputB with value 7.5
Checking for deadlock:
There are 2 Blocked actors, 0 Stopped actors, and 4 active threads.
Waiting for actors to stop.
Called prefire()
Called fire()
Past the end of training data. Read and discard all inputs.
Checking for deadlock:
There are 3 Blocked actors, 0 Stopped actors, and 4 active threads.
Waiting for actors to stop.
Sent output token with value 6.0
Next port to read input from is inputA
Called postfire()
Called prefire()
Called fire()
Checking for deadlock:
There are 2 Blocked actors, 0 Stopped actors, and 4 active threads.
Waiting for actors to stop.
Called postfire()
Called prefire()
Called fire()
Checking for deadlock:
There are 3 Blocked actors, 0 Stopped actors, and 4 active threads.
Waiting for actors to stop.
Read input token from inputA with value 7.0
Checking for deadlock:
There are 2 Blocked actors, 0 Stopped actors, and 4 active threads.
Waiting for actors to stop.
Called prefire()
Called fire()
Past the end of training data. Read and discard all inputs.
Checking for deadlock:
There are 3 Blocked actors, 0 Stopped actors, and 4 active threads.
Waiting for actors to stop.
Sent output token with value 7.0
Next port to read input from is inputA
Called postfire()
Called prefire()
Called fire()
Checking for deadlock:
There are 2 Blocked actors, 0 Stopped actors, and 4 active threads.
Waiting for actors to stop.
-- Thread wrapup() called.
Called wrapup()
Thread .top.Ramp is exiting.
Checking for deadlock:
There are 2 Blocked actors, 0 Stopped actors, and 3 active threads.
Waiting for actors to stop.
-- Thread stopped.
Read input token from inputA with value 8.0
Checking for deadlock:
There are 1 Blocked actors, 0 Stopped actors, and 3 active threads.
Waiting for actors to stop.
Called prefire()
Called fire()
Past the end of training data. Read and discard all inputs.
Checking for deadlock:
There are 2 Blocked actors, 0 Stopped actors, and 3 active threads.
Waiting for actors to stop.
Sent output token with value 7.5
Next port to read input from is inputB
Called postfire()
Called prefire()
Called fire()
Checking for deadlock:
There are 1 Blocked actors, 0 Stopped actors, and 3 active threads.
Waiting for actors to stop.
Called postfire()
Called prefire()
Called fire()
Checking for deadlock:
There are 2 Blocked actors, 0 Stopped actors, and 3 active threads.
Waiting for actors to stop.
Read input token from inputB with value 9.0
Checking for deadlock:
There are 1 Blocked actors, 0 Stopped actors, and 3 active threads.
Waiting for actors to stop.
Called prefire()
Called fire()
Past the end of training data. Read and discard all inputs.
Checking for deadlock:
There are 2 Blocked actors, 0 Stopped actors, and 3 active threads.
Waiting for actors to stop.
Sent output token with value 8.0
Next port to read input from is inputA
Called postfire()
Called prefire()
Called fire()
Read input token from inputA with value 9.0
Checking for deadlock:
There are 1 Blocked actors, 0 Stopped actors, and 3 active threads.
Waiting for actors to stop.
Called prefire()
Called fire()
Past the end of training data. Read and discard all inputs.
Checking for deadlock:
There are 2 Blocked actors, 0 Stopped actors, and 3 active threads.
Waiting for actors to stop.
Sent output token with value 9.0
Next port to read input from is inputB
Called postfire()
Called prefire()
Called fire()
Checking for deadlock:
There are 1 Blocked actors, 0 Stopped actors, and 3 active threads.
Waiting for actors to stop.
Called postfire()
Called prefire()
Called fire()
Checking for deadlock:
There are 2 Blocked actors, 0 Stopped actors, and 3 active threads.
Waiting for actors to stop.
Read input token from inputB with value 10.5
Checking for deadlock:
There are 1 Blocked actors, 0 Stopped actors, and 3 active threads.
Waiting for actors to stop.
Called prefire()
Called fire()
Past the end of training data. Read and discard all inputs.
Checking for deadlock:
There are 2 Blocked actors, 0 Stopped actors, and 3 active threads.
Waiting for actors to stop.
Sent output token with value 9.0
Next port to read input from is inputA
Called postfire()
Called prefire()
Called fire()
Checking for deadlock:
There are 3 Blocked actors, 0 Stopped actors, and 3 active threads.
Actors have stopped.
Checking for deadlock:
There are 3 Blocked actors, 0 Stopped actors, and 3 active threads.
Deadlock detected.
Resolving Deadlock
Checking for deadlock:
There are 3 Blocked actors, 0 Stopped actors, and 3 active threads.
Artificial Deadlock - increasing queue capacity.
increasing the capacity of receiver ptolemy.actor.TypedIOPort {.top.OrderedMerge.inputB} to 2
Director: Called postfire().
Called postfire().
_stopRequested = false
_stopFireRequested = false
Returning from postfire(): true
Called fire().
Checking for deadlock:
There are 2 Blocked actors, 0 Stopped actors, and 3 active threads.
Waiting for actors to stop.
-- Thread wrapup() called.
Called wrapup()
Thread .top.Ramp2 is exiting.
-- Thread stopped.
Checking for deadlock:
There are 2 Blocked actors, 0 Stopped actors, and 2 active threads.
Actors have stopped.
Checking for deadlock:
There are 2 Blocked actors, 0 Stopped actors, and 2 active threads.
Deadlock detected.
Resolving Deadlock
Checking for deadlock:
There are 2 Blocked actors, 0 Stopped actors, and 2 active threads.
Deadlock detected: no processes blocked on write, but some are blocked on read.
Called postfire().
_stopRequested = false
_stopFireRequested = false
Returning from postfire(): false
Finished deactivating branches.
Called wrapup().
-- Thread wrapup() called.
Called wrapup()
Thread .top.Test is exiting.
-- Thread stopped.
-- Blocked Receiver call threw TerminateProcessException.
-- Thread wrapup() called.
Called wrapup()
Thread .top.OrderedMerge is exiting.
10 ms. Memory: 208384K Free: 164397K (79%)
/home/travis/build/icyphy/ptII/ptolemy/actor/lib/test/Publisher.tcl
-- Thread stopped.
-- Blocked Receiver call threw TerminateProcessException.
17 ms. Memory: 208384K Free: 157250K (75%)
12 ms. Memory: 208384K Free: 152485K (73%)
3 ms. Memory: 208384K Free: 150103K (72%)
6 ms. Memory: 208384K Free: 147704K (71%)
2 ms. Memory: 208384K Free: 147704K (71%)
2 ms. Memory: 208384K Free: 145322K (70%)
3 ms. Memory: 208384K Free: 145322K (70%)
6 ms. Memory: 208384K Free: 145322K (70%)
2 ms. Memory: 208384K Free: 135793K (65%)
3 ms. Memory: 208384K Free: 131028K (63%)
6 ms. Memory: 208384K Free: 131028K (63%)
1 ms. Memory: 208384K Free: 128646K (62%)
6 ms. Memory: 208384K Free: 121499K (58%)
5 ms. Memory: 208384K Free: 111970K (54%)
8 ms. Memory: 208384K Free: 100059K (48%)
/home/travis/build/icyphy/ptII/ptolemy/actor/lib/test/Pulse.tcl
6 ms. Memory: 208384K Free: 180114K (86%)
6 ms. Memory: 208384K Free: 180114K (86%)
1 ms. Memory: 208384K Free: 177762K (85%)
1 ms. Memory: 208384K Free: 177762K (85%)
7 ms. Memory: 208384K Free: 177762K (85%)
2 ms. Memory: 208384K Free: 177762K (85%)
7 ms. Memory: 208384K Free: 175409K (84%)
4 ms. Memory: 208384K Free: 175409K (84%)
3 ms. Memory: 208384K Free: 173056K (83%)
/home/travis/build/icyphy/ptII/ptolemy/actor/lib/test/Ramp.tcl
6 ms. Memory: 208384K Free: 173056K (83%)
5 ms. Memory: 208384K Free: 170703K (82%)
2 ms. Memory: 208384K Free: 170703K (82%)
2 ms. Memory: 208384K Free: 170703K (82%)
4 ms. Memory: 208384K Free: 168350K (81%)
6 ms. Memory: 208384K Free: 168350K (81%)
3 ms. Memory: 208384K Free: 165998K (80%)
5 actors
6000 microseconds per iteration to create
6 ms. Memory: 208384K Free: 163645K (79%)
1 ms. Memory: 208384K Free: 163645K (79%)
2 ms. Memory: 208384K Free: 163645K (79%)
1 ms. Memory: 208384K Free: 163645K (79%)
50 actors
34000 microseconds per iteration to create
32 ms. Memory: 208384K Free: 147176K (71%)
5 ms. Memory: 208384K Free: 147176K (71%)
4 ms. Memory: 208384K Free: 144823K (69%)
4 ms. Memory: 208384K Free: 144823K (69%)
500 actors
1227000 microseconds per iteration to create
215 ms. Memory: 331776K Free: 211569K (64%)
35 ms. Memory: 331776K Free: 206820K (62%)
37 ms. Memory: 331776K Free: 202071K (61%)
37 ms. Memory: 331776K Free: 197322K (59%)
/home/travis/build/icyphy/ptII/ptolemy/actor/lib/test/RampContinuous.tcl
5 ms. Memory: 331776K Free: 197322K (59%)
/home/travis/build/icyphy/ptII/ptolemy/actor/lib/test/RecordAssembler.tcl
5 ms. Memory: 331776K Free: 192573K (58%)
4 ms. Memory: 331776K Free: 192573K (58%)
/home/travis/build/icyphy/ptII/ptolemy/actor/lib/test/RecordDisassembler.tcl
6 ms. Memory: 331776K Free: 192573K (58%)
3 ms. Memory: 331776K Free: 192573K (58%)
3 ms. Memory: 331776K Free: 187824K (57%)
/home/travis/build/icyphy/ptII/ptolemy/actor/lib/test/Scale.tcl
2 ms. Memory: 331776K Free: 187824K (57%)
2 ms. Memory: 331776K Free: 187824K (57%)
1 ms. Memory: 331776K Free: 187824K (57%)
2 ms. Memory: 331776K Free: 183059K (55%)
3 ms. Memory: 331776K Free: 183059K (55%)
/home/travis/build/icyphy/ptII/ptolemy/actor/lib/test/SequentialClock.tcl
preinitializing
resolving types
initializing
executing number 1
wrapping up
idle
3 ms. Memory: 331776K Free: 183059K (55%)
Completed execution with 5 iterations
preinitializing
resolving types
initializing
executing number 1
wrapping up
idle
1 ms. Memory: 331776K Free: 183059K (55%)
Completed execution with 5 iterations
preinitializing
resolving types
initializing
executing number 1
wrapping up
idle
1 ms. Memory: 331776K Free: 183059K (55%)
Completed execution with 5 iterations
/home/travis/build/icyphy/ptII/ptolemy/actor/lib/test/SetVariable.tcl
4 ms. Memory: 331776K Free: 178294K (54%)
/home/travis/build/icyphy/ptII/ptolemy/actor/lib/test/Sinewave.tcl
/home/travis/build/icyphy/ptII/ptolemy/actor/lib/test/SubscriptionAggregator.tcl
12 ms. Memory: 331776K Free: 168796K (51%)
3 ms. Memory: 331776K Free: 164046K (49%)
1 ms. Memory: 331776K Free: 164046K (49%)
0 ms. Memory: 331776K Free: 164046K (49%)
1 ms. Memory: 331776K Free: 159281K (48%)
6 ms. Memory: 331776K Free: 159281K (48%)
...............................................................930 ms. Memory: 579072K Free: 288749K (50%)
/home/travis/build/icyphy/ptII/ptolemy/actor/lib/test/Test.tcl
 The next command will produce a warning about training mode,
   which may be ignored.
4 ms. Memory: 579072K Free: 279152K (48%)
3 ms. Memory: 579072K Free: 279152K (48%)
2 ms. Memory: 579072K Free: 279152K (48%)
2 ms. Memory: 579072K Free: 279152K (48%)
2 ms. Memory: 579072K Free: 279152K (48%)
3 ms. Memory: 579072K Free: 279152K (48%)
3 ms. Memory: 579072K Free: 279152K (48%)
 The next command will produce a warning about training mode,
   which may be ignored.
7 ms. Memory: 579072K Free: 279152K (48%)
 The next command will produce a warning about training mode,
   which may be ignored.
3 ms. Memory: 579072K Free: 269562K (47%)
1 ms. Memory: 579072K Free: 269562K (47%)
1 ms. Memory: 579072K Free: 269562K (47%)
3 ms. Memory: 579072K Free: 269562K (47%)
4 ms. Memory: 579072K Free: 269562K (47%)
5 ms. Memory: 579072K Free: 269562K (47%)
/home/travis/build/icyphy/ptII/ptolemy/actor/lib/test/TestExceptionHandler.tcl
 The next command will produce a warning about training mode,
   which may be ignored.
2 ms. Memory: 579072K Free: 269562K (47%)
1 ms. Memory: 579072K Free: 269562K (47%)
1 ms. Memory: 579072K Free: 269562K (47%)
/home/travis/build/icyphy/ptII/ptolemy/actor/lib/test/UnionDisassembler.tcl
23 ms. Memory: 579072K Free: 259981K (45%)
/home/travis/build/icyphy/ptII/ptolemy/actor/lib/test/VariableClock.tcl
preinitializing
resolving types
initializing
executing number 1
wrapping up
idle
3 ms. Memory: 579072K Free: 259981K (45%)
Completed execution with 11 iterations
preinitializing
resolving types
initializing
executing number 1
wrapping up
idle
4 ms. Memory: 579072K Free: 250384K (43%)
Completed execution with 10 iterations
02/17/19 03:31:03
Failed: 0  Total Tests: 234  ((Passed: 234, Newly Passed: 0)  Known Failed: 0) /home/travis/build/icyphy/ptII/ptolemy/actor/lib/test
----------------- testing (KnownFailure) /home/travis/build/icyphy/ptII/ptolemy/actor/lib/test/auto/knownFailedTests/PublisherPortToplevelSubscriber.xml
2 ms. Memory: 579072K Free: 240656K (42%)
Known Failure: java.lang.reflect.InvocationTargetException
----------------- testing (KnownFailure) /home/travis/build/icyphy/ptII/ptolemy/actor/lib/test/auto/knownFailedTests/PublisherSubscriberPortToplevel.xml
1 ms. Memory: 579072K Free: 221199K (38%)
Known Failure: java.lang.reflect.InvocationTargetException
----------------- testing (KnownFailure) /home/travis/build/icyphy/ptII/ptolemy/actor/lib/test/auto/knownFailedTests/PublisherSubscriptionAggregatorPort.xml
3 ms. Memory: 579072K Free: 201743K (35%)
Known Failure: java.lang.reflect.InvocationTargetException
----------------- testing (KnownFailure) /home/travis/build/icyphy/ptII/ptolemy/actor/lib/test/auto/knownFailedTests/sizedarray3.xml
5 ms. Memory: 579072K Free: 182287K (31%)
Known Failure: java.lang.reflect.InvocationTargetException
No auto/linux-amd64/*.xml tests in /home/travis/build/icyphy/ptII/ptolemy/actor/lib/test
AutoTests.java: About to close Vertx.
AutoTests.java: Vertx closed.

===========================================================================================
----------------- testing Sun Feb 17 03:31:03 UTC 2019 /home/travis/build/icyphy/ptII/ptolemy/actor/lib/test/auto/AbsoluteValue.xml
----------------- Instantiating /home/travis/build/icyphy/ptII/ptolemy/actor/lib/test/auto/AbsoluteValue.xml
10 ms. Memory: 579072K Free: 104755K (18%)
----------------- Invoking toplevel() on ptolemy.moml.MoMLSimpleApplication@ed455de
----------------- Done invoking toplevel() on ptolemy.moml.MoMLSimpleApplication@ed455de
reloadAllAccessors: .AbsoluteValue

===========================================================================================
----------------- testing Sun Feb 17 03:31:03 UTC 2019 /home/travis/build/icyphy/ptII/ptolemy/actor/lib/test/auto/AbsoluteValue2.xml
----------------- Instantiating /home/travis/build/icyphy/ptII/ptolemy/actor/lib/test/auto/AbsoluteValue2.xml
6 ms. Memory: 579072K Free: 90147K (16%)
----------------- Invoking toplevel() on ptolemy.moml.MoMLSimpleApplication@6ed7ff8f
----------------- Done invoking toplevel() on ptolemy.moml.MoMLSimpleApplication@6ed7ff8f
reloadAllAccessors: .AbsoluteValue2

===========================================================================================
----------------- testing Sun Feb 17 03:31:03 UTC 2019 /home/travis/build/icyphy/ptII/ptolemy/actor/lib/test/auto/Accumulator.xml
----------------- Instantiating /home/travis/build/icyphy/ptII/ptolemy/actor/lib/test/auto/Accumulator.xml
17 ms. Memory: 579072K Free: 80419K (14%)
----------------- Invoking toplevel() on ptolemy.moml.MoMLSimpleApplication@3ecda589
----------------- Done invoking toplevel() on ptolemy.moml.MoMLSimpleApplication@3ecda589
reloadAllAccessors: .Accumulator

===========================================================================================
----------------- testing Sun Feb 17 03:31:04 UTC 2019 /home/travis/build/icyphy/ptII/ptolemy/actor/lib/test/auto/Accumulator2.xml
----------------- Instantiating /home/travis/build/icyphy/ptII/ptolemy/actor/lib/test/auto/Accumulator2.xml
7 ms. Memory: 581120K Free: 528966K (91%)
----------------- Invoking toplevel() on ptolemy.moml.MoMLSimpleApplication@2aaa896e
----------------- Done invoking toplevel() on ptolemy.moml.MoMLSimpleApplication@2aaa896e
reloadAllAccessors: .Accumulator2

===========================================================================================
----------------- testing Sun Feb 17 03:31:04 UTC 2019 /home/travis/build/icyphy/ptII/ptolemy/actor/lib/test/auto/Accumulator3.xml
----------------- Instantiating /home/travis/build/icyphy/ptII/ptolemy/actor/lib/test/auto/Accumulator3.xml
2 ms. Memory: 581120K Free: 513817K (88%)
----------------- Invoking toplevel() on ptolemy.moml.MoMLSimpleApplication@4366a5bc
----------------- Done invoking toplevel() on ptolemy.moml.MoMLSimpleApplication@4366a5bc
reloadAllAccessors: .Accumulator3

===========================================================================================
----------------- testing Sun Feb 17 03:31:04 UTC 2019 /home/travis/build/icyphy/ptII/ptolemy/actor/lib/test/auto/ArrayAppend.xml
----------------- Instantiating /home/travis/build/icyphy/ptII/ptolemy/actor/lib/test/auto/ArrayAppend.xml
7 ms. Memory: 581120K Free: 504072K (87%)
----------------- Invoking toplevel() on ptolemy.moml.MoMLSimpleApplication@6aed2f4
----------------- Done invoking toplevel() on ptolemy.moml.MoMLSimpleApplication@6aed2f4
reloadAllAccessors: .ArrayAppend

===========================================================================================
----------------- testing Sun Feb 17 03:31:04 UTC 2019 /home/travis/build/icyphy/ptII/ptolemy/actor/lib/test/auto/ArrayAppend2.xml
----------------- Instantiating /home/travis/build/icyphy/ptII/ptolemy/actor/lib/test/auto/ArrayAppend2.xml
475 ms. Memory: 581120K Free: 416520K (72%)
----------------- Invoking toplevel() on ptolemy.moml.MoMLSimpleApplication@2e596a4c
----------------- Done invoking toplevel() on ptolemy.moml.MoMLSimpleApplication@2e596a4c
reloadAllAccessors: .ArrayAppend2

===========================================================================================
----------------- testing Sun Feb 17 03:31:04 UTC 2019 /home/travis/build/icyphy/ptII/ptolemy/actor/lib/test/auto/ArrayAppend3.xml
----------------- Instantiating /home/travis/build/icyphy/ptII/ptolemy/actor/lib/test/auto/ArrayAppend3.xml
5 ms. Memory: 581120K Free: 401525K (69%)
----------------- Invoking toplevel() on ptolemy.moml.MoMLSimpleApplication@46911abf
----------------- Done invoking toplevel() on ptolemy.moml.MoMLSimpleApplication@46911abf
reloadAllAccessors: .ArrayAppend3

===========================================================================================
----------------- testing Sun Feb 17 03:31:04 UTC 2019 /home/travis/build/icyphy/ptII/ptolemy/actor/lib/test/auto/ArrayAppend4.xml
----------------- Instantiating /home/travis/build/icyphy/ptII/ptolemy/actor/lib/test/auto/ArrayAppend4.xml
2 ms. Memory: 581120K Free: 395040K (68%)
----------------- Invoking toplevel() on ptolemy.moml.MoMLSimpleApplication@3a6ef74c
----------------- Done invoking toplevel() on ptolemy.moml.MoMLSimpleApplication@3a6ef74c
reloadAllAccessors: .ArrayAppend4

===========================================================================================
----------------- testing Sun Feb 17 03:31:04 UTC 2019 /home/travis/build/icyphy/ptII/ptolemy/actor/lib/test/auto/ArrayAppend5.xml
----------------- Instantiating /home/travis/build/icyphy/ptII/ptolemy/actor/lib/test/auto/ArrayAppend5.xml
2 ms. Memory: 581120K Free: 388554K (67%)
----------------- Invoking toplevel() on ptolemy.moml.MoMLSimpleApplication@34bbdeb0
----------------- Done invoking toplevel() on ptolemy.moml.MoMLSimpleApplication@34bbdeb0
reloadAllAccessors: .ArrayAppend5

===========================================================================================
----------------- testing Sun Feb 17 03:31:04 UTC 2019 /home/travis/build/icyphy/ptII/ptolemy/actor/lib/test/auto/ArrayAppend6.xml
----------------- Instantiating /home/travis/build/icyphy/ptII/ptolemy/actor/lib/test/auto/ArrayAppend6.xml
2 ms. Memory: 581120K Free: 382069K (66%)
----------------- Invoking toplevel() on ptolemy.moml.MoMLSimpleApplication@137f6e8d
----------------- Done invoking toplevel() on ptolemy.moml.MoMLSimpleApplication@137f6e8d
reloadAllAccessors: .ArrayAppend6

===========================================================================================
----------------- testing Sun Feb 17 03:31:04 UTC 2019 /home/travis/build/icyphy/ptII/ptolemy/actor/lib/test/auto/ArrayAppendPerformanceTest.xml
----------------- Instantiating /home/travis/build/icyphy/ptII/ptolemy/actor/lib/test/auto/ArrayAppendPerformanceTest.xml
23 ms. Memory: 581120K Free: 360572K (62%)
----------------- Invoking toplevel() on ptolemy.moml.MoMLSimpleApplication@4c1fb5e9
----------------- Done invoking toplevel() on ptolemy.moml.MoMLSimpleApplication@4c1fb5e9
reloadAllAccessors: .ArrayAppendPerformanceTest

===========================================================================================
----------------- testing Sun Feb 17 03:31:04 UTC 2019 /home/travis/build/icyphy/ptII/ptolemy/actor/lib/test/auto/ArrayAppendWithEmptyInput.xml
----------------- Instantiating /home/travis/build/icyphy/ptII/ptolemy/actor/lib/test/auto/ArrayAppendWithEmptyInput.xml
9 ms. Memory: 581120K Free: 350828K (60%)
----------------- Invoking toplevel() on ptolemy.moml.MoMLSimpleApplication@1a636d1b
----------------- Done invoking toplevel() on ptolemy.moml.MoMLSimpleApplication@1a636d1b
reloadAllAccessors: .ArrayAppendWithEmptyInput

===========================================================================================
----------------- testing Sun Feb 17 03:31:04 UTC 2019 /home/travis/build/icyphy/ptII/ptolemy/actor/lib/test/auto/ArrayAverage.xml
----------------- Instantiating /home/travis/build/icyphy/ptII/ptolemy/actor/lib/test/auto/ArrayAverage.xml
5 ms. Memory: 581120K Free: 341084K (59%)
----------------- Invoking toplevel() on ptolemy.moml.MoMLSimpleApplication@75f76bca
----------------- Done invoking toplevel() on ptolemy.moml.MoMLSimpleApplication@75f76bca
reloadAllAccessors: .ArrayAverage

===========================================================================================
----------------- testing Sun Feb 17 03:31:04 UTC 2019 /home/travis/build/icyphy/ptII/ptolemy/actor/lib/test/auto/ArrayContains.xml
----------------- Instantiating /home/travis/build/icyphy/ptII/ptolemy/actor/lib/test/auto/ArrayContains.xml
3 ms. Memory: 581120K Free: 331340K (57%)
----------------- Invoking toplevel() on ptolemy.moml.MoMLSimpleApplication@345b72e2
----------------- Done invoking toplevel() on ptolemy.moml.MoMLSimpleApplication@345b72e2
reloadAllAccessors: .ArrayContains

===========================================================================================
----------------- testing Sun Feb 17 03:31:05 UTC 2019 /home/travis/build/icyphy/ptII/ptolemy/actor/lib/test/auto/ArrayElement.xml
----------------- Instantiating /home/travis/build/icyphy/ptII/ptolemy/actor/lib/test/auto/ArrayElement.xml
3 ms. Memory: 581120K Free: 316346K (54%)
----------------- Invoking toplevel() on ptolemy.moml.MoMLSimpleApplication@62a57bc8
----------------- Done invoking toplevel() on ptolemy.moml.MoMLSimpleApplication@62a57bc8
reloadAllAccessors: .ArrayElement

===========================================================================================
----------------- testing Sun Feb 17 03:31:05 UTC 2019 /home/travis/build/icyphy/ptII/ptolemy/actor/lib/test/auto/ArrayElementAsMatrix.xml
----------------- Instantiating /home/travis/build/icyphy/ptII/ptolemy/actor/lib/test/auto/ArrayElementAsMatrix.xml
15 ms. Memory: 581120K Free: 306610K (53%)
----------------- Invoking toplevel() on ptolemy.moml.MoMLSimpleApplication@7036a27f
----------------- Done invoking toplevel() on ptolemy.moml.MoMLSimpleApplication@7036a27f
reloadAllAccessors: .ArrayElementAsMatrix

===========================================================================================
----------------- testing Sun Feb 17 03:31:05 UTC 2019 /home/travis/build/icyphy/ptII/ptolemy/actor/lib/test/auto/ArrayElementI.xml
----------------- Instantiating /home/travis/build/icyphy/ptII/ptolemy/actor/lib/test/auto/ArrayElementI.xml
3 ms. Memory: 581120K Free: 300124K (52%)
----------------- Invoking toplevel() on ptolemy.moml.MoMLSimpleApplication@22017561
----------------- Done invoking toplevel() on ptolemy.moml.MoMLSimpleApplication@22017561
reloadAllAccessors: .ArrayElementI

===========================================================================================
----------------- testing Sun Feb 17 03:31:05 UTC 2019 /home/travis/build/icyphy/ptII/ptolemy/actor/lib/test/auto/ArrayExtract.xml
----------------- Instantiating /home/travis/build/icyphy/ptII/ptolemy/actor/lib/test/auto/ArrayExtract.xml
9 ms. Memory: 581120K Free: 290380K (50%)
----------------- Invoking toplevel() on ptolemy.moml.MoMLSimpleApplication@556b6368
----------------- Done invoking toplevel() on ptolemy.moml.MoMLSimpleApplication@556b6368
reloadAllAccessors: .ArrayExtract

===========================================================================================
----------------- testing Sun Feb 17 03:31:05 UTC 2019 /home/travis/build/icyphy/ptII/ptolemy/actor/lib/test/auto/ArrayExtract2.xml
----------------- Instantiating /home/travis/build/icyphy/ptII/ptolemy/actor/lib/test/auto/ArrayExtract2.xml
2 ms. Memory: 581120K Free: 275386K (47%)
----------------- Invoking toplevel() on ptolemy.moml.MoMLSimpleApplication@35ae1562
----------------- Done invoking toplevel() on ptolemy.moml.MoMLSimpleApplication@35ae1562
reloadAllAccessors: .ArrayExtract2

===========================================================================================
----------------- testing Sun Feb 17 03:31:05 UTC 2019 /home/travis/build/icyphy/ptII/ptolemy/actor/lib/test/auto/ArrayLength.xml
----------------- Instantiating /home/travis/build/icyphy/ptII/ptolemy/actor/lib/test/auto/ArrayLength.xml
3 ms. Memory: 581120K Free: 268900K (46%)
----------------- Invoking toplevel() on ptolemy.moml.MoMLSimpleApplication@23ff48b
----------------- Done invoking toplevel() on ptolemy.moml.MoMLSimpleApplication@23ff48b
reloadAllAccessors: .ArrayLength

===========================================================================================
----------------- testing Sun Feb 17 03:31:05 UTC 2019 /home/travis/build/icyphy/ptII/ptolemy/actor/lib/test/auto/ArrayLevelCrossing.xml
----------------- Instantiating /home/travis/build/icyphy/ptII/ptolemy/actor/lib/test/auto/ArrayLevelCrossing.xml
2 ms. Memory: 581120K Free: 259156K (45%)
----------------- Invoking toplevel() on ptolemy.moml.MoMLSimpleApplication@778dec7e
----------------- Done invoking toplevel() on ptolemy.moml.MoMLSimpleApplication@778dec7e
reloadAllAccessors: .ArrayLevelCrossing

===========================================================================================
----------------- testing Sun Feb 17 03:31:05 UTC 2019 /home/travis/build/icyphy/ptII/ptolemy/actor/lib/test/auto/ArrayLevelCrossing2.xml
----------------- Instantiating /home/travis/build/icyphy/ptII/ptolemy/actor/lib/test/auto/ArrayLevelCrossing2.xml
3 ms. Memory: 581120K Free: 249412K (43%)
----------------- Invoking toplevel() on ptolemy.moml.MoMLSimpleApplication@541ddf51
----------------- Done invoking toplevel() on ptolemy.moml.MoMLSimpleApplication@541ddf51
reloadAllAccessors: .ArrayLevelCrossing2

===========================================================================================
----------------- testing Sun Feb 17 03:31:05 UTC 2019 /home/travis/build/icyphy/ptII/ptolemy/actor/lib/test/auto/ArrayPeakSearch.xml
----------------- Instantiating /home/travis/build/icyphy/ptII/ptolemy/actor/lib/test/auto/ArrayPeakSearch.xml
4 ms. Memory: 581120K Free: 227916K (39%)
----------------- Invoking toplevel() on ptolemy.moml.MoMLSimpleApplication@64973c66
----------------- Done invoking toplevel() on ptolemy.moml.MoMLSimpleApplication@64973c66
reloadAllAccessors: .ArrayPeakSearch

===========================================================================================
----------------- testing Sun Feb 17 03:31:05 UTC 2019 /home/travis/build/icyphy/ptII/ptolemy/actor/lib/test/auto/ArrayPeakSearch2.xml
----------------- Instantiating /home/travis/build/icyphy/ptII/ptolemy/actor/lib/test/auto/ArrayPeakSearch2.xml
11 ms. Memory: 581120K Free: 214930K (37%)
----------------- Invoking toplevel() on ptolemy.moml.MoMLSimpleApplication@79dbaaab
----------------- Done invoking toplevel() on ptolemy.moml.MoMLSimpleApplication@79dbaaab
reloadAllAccessors: .ArrayPeakSearch2

===========================================================================================
----------------- testing Sun Feb 17 03:31:05 UTC 2019 /home/travis/build/icyphy/ptII/ptolemy/actor/lib/test/auto/ArrayPeakSearch3.xml
----------------- Instantiating /home/travis/build/icyphy/ptII/ptolemy/actor/lib/test/auto/ArrayPeakSearch3.xml
4 ms. Memory: 581120K Free: 201927K (35%)
----------------- Invoking toplevel() on ptolemy.moml.MoMLSimpleApplication@62916eb5
----------------- Done invoking toplevel() on ptolemy.moml.MoMLSimpleApplication@62916eb5
reloadAllAccessors: .ArrayPeakSearch3

===========================================================================================
----------------- testing Sun Feb 17 03:31:05 UTC 2019 /home/travis/build/icyphy/ptII/ptolemy/actor/lib/test/auto/ArrayRemoveElement.xml
----------------- Instantiating /home/travis/build/icyphy/ptII/ptolemy/actor/lib/test/auto/ArrayRemoveElement.xml
2 ms. Memory: 581120K Free: 192183K (33%)
----------------- Invoking toplevel() on ptolemy.moml.MoMLSimpleApplication@24c7a690
----------------- Done invoking toplevel() on ptolemy.moml.MoMLSimpleApplication@24c7a690
reloadAllAccessors: .ArrayRemoveElement

===========================================================================================
----------------- testing Sun Feb 17 03:31:05 UTC 2019 /home/travis/build/icyphy/ptII/ptolemy/actor/lib/test/auto/ArraySort.xml
----------------- Instantiating /home/travis/build/icyphy/ptII/ptolemy/actor/lib/test/auto/ArraySort.xml
4 ms. Memory: 581120K Free: 170687K (29%)
----------------- Invoking toplevel() on ptolemy.moml.MoMLSimpleApplication@39eb35ab
----------------- Done invoking toplevel() on ptolemy.moml.MoMLSimpleApplication@39eb35ab
reloadAllAccessors: .ArraySort

===========================================================================================
----------------- testing Sun Feb 17 03:31:05 UTC 2019 /home/travis/build/icyphy/ptII/ptolemy/actor/lib/test/auto/ArraySum.xml
----------------- Instantiating /home/travis/build/icyphy/ptII/ptolemy/actor/lib/test/auto/ArraySum.xml
3 ms. Memory: 581120K Free: 164201K (28%)
----------------- Invoking toplevel() on ptolemy.moml.MoMLSimpleApplication@4d559591
----------------- Done invoking toplevel() on ptolemy.moml.MoMLSimpleApplication@4d559591
reloadAllAccessors: .ArraySum

===========================================================================================
----------------- testing Sun Feb 17 03:31:05 UTC 2019 /home/travis/build/icyphy/ptII/ptolemy/actor/lib/test/auto/ArrayToElements.xml
----------------- Instantiating /home/travis/build/icyphy/ptII/ptolemy/actor/lib/test/auto/ArrayToElements.xml
9 ms. Memory: 581120K Free: 154473K (27%)
----------------- Invoking toplevel() on ptolemy.moml.MoMLSimpleApplication@48a3f5cb
----------------- Done invoking toplevel() on ptolemy.moml.MoMLSimpleApplication@48a3f5cb
reloadAllAccessors: .ArrayToElements

===========================================================================================
----------------- testing Sun Feb 17 03:31:05 UTC 2019 /home/travis/build/icyphy/ptII/ptolemy/actor/lib/test/auto/ArrayToMatrix.xml
----------------- Instantiating /home/travis/build/icyphy/ptII/ptolemy/actor/lib/test/auto/ArrayToMatrix.xml
5 ms. Memory: 581120K Free: 138244K (24%)
----------------- Invoking toplevel() on ptolemy.moml.MoMLSimpleApplication@2024ef3d
----------------- Done invoking toplevel() on ptolemy.moml.MoMLSimpleApplication@2024ef3d
reloadAllAccessors: .ArrayToMatrix

===========================================================================================
----------------- testing Sun Feb 17 03:31:05 UTC 2019 /home/travis/build/icyphy/ptII/ptolemy/actor/lib/test/auto/ArrayUpdate1.xml
----------------- Instantiating /home/travis/build/icyphy/ptII/ptolemy/actor/lib/test/auto/ArrayUpdate1.xml
5 ms. Memory: 581120K Free: 123249K (21%)
----------------- Invoking toplevel() on ptolemy.moml.MoMLSimpleApplication@6da31fcb
----------------- Done invoking toplevel() on ptolemy.moml.MoMLSimpleApplication@6da31fcb
reloadAllAccessors: .ArrayUpdate1

===========================================================================================
----------------- testing Sun Feb 17 03:31:05 UTC 2019 /home/travis/build/icyphy/ptII/ptolemy/actor/lib/test/auto/ArrayUpdate2.xml
----------------- Instantiating /home/travis/build/icyphy/ptII/ptolemy/actor/lib/test/auto/ArrayUpdate2.xml
6 ms. Memory: 581120K Free: 113505K (20%)
----------------- Invoking toplevel() on ptolemy.moml.MoMLSimpleApplication@2847b749
----------------- Done invoking toplevel() on ptolemy.moml.MoMLSimpleApplication@2847b749
reloadAllAccessors: .ArrayUpdate2

===========================================================================================
----------------- testing Sun Feb 17 03:31:05 UTC 2019 /home/travis/build/icyphy/ptII/ptolemy/actor/lib/test/auto/ArrayUpdate3.xml
----------------- Instantiating /home/travis/build/icyphy/ptII/ptolemy/actor/lib/test/auto/ArrayUpdate3.xml
2 ms. Memory: 581120K Free: 107020K (18%)
----------------- Invoking toplevel() on ptolemy.moml.MoMLSimpleApplication@102a4b90
----------------- Done invoking toplevel() on ptolemy.moml.MoMLSimpleApplication@102a4b90
reloadAllAccessors: .ArrayUpdate3

===========================================================================================
----------------- testing Sun Feb 17 03:31:05 UTC 2019 /home/travis/build/icyphy/ptII/ptolemy/actor/lib/test/auto/Assert1.xml
----------------- Instantiating /home/travis/build/icyphy/ptII/ptolemy/actor/lib/test/auto/Assert1.xml
3 ms. Memory: 581120K Free: 92025K (16%)
----------------- Invoking toplevel() on ptolemy.moml.MoMLSimpleApplication@192fbd5
----------------- Done invoking toplevel() on ptolemy.moml.MoMLSimpleApplication@192fbd5
reloadAllAccessors: .Assert1

===========================================================================================
----------------- testing Sun Feb 17 03:31:05 UTC 2019 /home/travis/build/icyphy/ptII/ptolemy/actor/lib/test/auto/Assert2.xml
----------------- Instantiating /home/travis/build/icyphy/ptII/ptolemy/actor/lib/test/auto/Assert2.xml
6 ms. Memory: 581120K Free: 85540K (15%)
----------------- Invoking toplevel() on ptolemy.moml.MoMLSimpleApplication@5285ade7
----------------- Done invoking toplevel() on ptolemy.moml.MoMLSimpleApplication@5285ade7
reloadAllAccessors: .Assert2

===========================================================================================
----------------- testing Sun Feb 17 03:31:05 UTC 2019 /home/travis/build/icyphy/ptII/ptolemy/actor/lib/test/auto/BooleanMultiplexor.xml
----------------- Instantiating /home/travis/build/icyphy/ptII/ptolemy/actor/lib/test/auto/BooleanMultiplexor.xml
2 ms. Memory: 581120K Free: 79055K (14%)
----------------- Invoking toplevel() on ptolemy.moml.MoMLSimpleApplication@235d4a9
----------------- Done invoking toplevel() on ptolemy.moml.MoMLSimpleApplication@235d4a9
reloadAllAccessors: .BooleanMultiplexor

===========================================================================================
----------------- testing Sun Feb 17 03:31:05 UTC 2019 /home/travis/build/icyphy/ptII/ptolemy/actor/lib/test/auto/BooleanMultiplexor2.xml
----------------- Instantiating /home/travis/build/icyphy/ptII/ptolemy/actor/lib/test/auto/BooleanMultiplexor2.xml
4 ms. Memory: 581120K Free: 66084K (11%)
----------------- Invoking toplevel() on ptolemy.moml.MoMLSimpleApplication@6ae36c89
----------------- Done invoking toplevel() on ptolemy.moml.MoMLSimpleApplication@6ae36c89
reloadAllAccessors: .BooleanMultiplexor2

===========================================================================================
----------------- testing Sun Feb 17 03:31:05 UTC 2019 /home/travis/build/icyphy/ptII/ptolemy/actor/lib/test/auto/BooleanMultiplexor3.xml
----------------- Instantiating /home/travis/build/icyphy/ptII/ptolemy/actor/lib/test/auto/BooleanMultiplexor3.xml
15 ms. Memory: 879104K Free: 830898K (95%)
----------------- Invoking toplevel() on ptolemy.moml.MoMLSimpleApplication@773bae5e
----------------- Done invoking toplevel() on ptolemy.moml.MoMLSimpleApplication@773bae5e
reloadAllAccessors: .BooleanMultiplexor3

===========================================================================================
----------------- testing Sun Feb 17 03:31:05 UTC 2019 /home/travis/build/icyphy/ptII/ptolemy/actor/lib/test/auto/BooleanSelect.xml
----------------- Instantiating /home/travis/build/icyphy/ptII/ptolemy/actor/lib/test/auto/BooleanSelect.xml
7 ms. Memory: 879104K Free: 810804K (92%)
----------------- Invoking toplevel() on ptolemy.moml.MoMLSimpleApplication@51e8cebd
----------------- Done invoking toplevel() on ptolemy.moml.MoMLSimpleApplication@51e8cebd
reloadAllAccessors: .BooleanSelect

===========================================================================================
----------------- testing Sun Feb 17 03:31:05 UTC 2019 /home/travis/build/icyphy/ptII/ptolemy/actor/lib/test/auto/BooleanSelect2.xml
----------------- Instantiating /home/travis/build/icyphy/ptII/ptolemy/actor/lib/test/auto/BooleanSelect2.xml
1 ms. Memory: 879104K Free: 800427K (91%)
----------------- Invoking toplevel() on ptolemy.moml.MoMLSimpleApplication@20817c93
----------------- Done invoking toplevel() on ptolemy.moml.MoMLSimpleApplication@20817c93
reloadAllAccessors: .BooleanSelect2

===========================================================================================
----------------- testing Sun Feb 17 03:31:05 UTC 2019 /home/travis/build/icyphy/ptII/ptolemy/actor/lib/test/auto/BooleanSwitch.xml
----------------- Instantiating /home/travis/build/icyphy/ptII/ptolemy/actor/lib/test/auto/BooleanSwitch.xml
2 ms. Memory: 879104K Free: 790051K (90%)
----------------- Invoking toplevel() on ptolemy.moml.MoMLSimpleApplication@544f7ece
----------------- Done invoking toplevel() on ptolemy.moml.MoMLSimpleApplication@544f7ece
reloadAllAccessors: .BooleanSwitch

===========================================================================================
----------------- testing Sun Feb 17 03:31:05 UTC 2019 /home/travis/build/icyphy/ptII/ptolemy/actor/lib/test/auto/BooleanSwitch2.xml
----------------- Instantiating /home/travis/build/icyphy/ptII/ptolemy/actor/lib/test/auto/BooleanSwitch2.xml
2 ms. Memory: 879104K Free: 779674K (89%)
----------------- Invoking toplevel() on ptolemy.moml.MoMLSimpleApplication@51e91f25
----------------- Done invoking toplevel() on ptolemy.moml.MoMLSimpleApplication@51e91f25
reloadAllAccessors: .BooleanSwitch2

===========================================================================================
----------------- testing Sun Feb 17 03:31:06 UTC 2019 /home/travis/build/icyphy/ptII/ptolemy/actor/lib/test/auto/BooleanSwitchCloningBugWithClassRelationGroup.xml
----------------- Instantiating /home/travis/build/icyphy/ptII/ptolemy/actor/lib/test/auto/BooleanSwitchCloningBugWithClassRelationGroup.xml
3 ms. Memory: 879104K Free: 759580K (86%)
----------------- Invoking toplevel() on ptolemy.moml.MoMLSimpleApplication@6703b9b2
----------------- Done invoking toplevel() on ptolemy.moml.MoMLSimpleApplication@6703b9b2
reloadAllAccessors: .BooleanSwitchCloningBugWithClassRelationGroup

===========================================================================================
----------------- testing Sun Feb 17 03:31:06 UTC 2019 /home/travis/build/icyphy/ptII/ptolemy/actor/lib/test/auto/BusActors.xml
----------------- Instantiating /home/travis/build/icyphy/ptII/ptolemy/actor/lib/test/auto/BusActors.xml
4 ms. Memory: 879104K Free: 743999K (85%)
----------------- Invoking toplevel() on ptolemy.moml.MoMLSimpleApplication@d764631
----------------- Done invoking toplevel() on ptolemy.moml.MoMLSimpleApplication@d764631
reloadAllAccessors: .BusActors

===========================================================================================
----------------- testing Sun Feb 17 03:31:06 UTC 2019 /home/travis/build/icyphy/ptII/ptolemy/actor/lib/test/auto/ClassWrapper.xml
----------------- Instantiating /home/travis/build/icyphy/ptII/ptolemy/actor/lib/test/auto/ClassWrapper.xml
3 ms. Memory: 879104K Free: 733622K (83%)
----------------- Invoking toplevel() on ptolemy.moml.MoMLSimpleApplication@fe51eed
----------------- Done invoking toplevel() on ptolemy.moml.MoMLSimpleApplication@fe51eed
reloadAllAccessors: .ClassWrapper

===========================================================================================
----------------- testing Sun Feb 17 03:31:06 UTC 2019 /home/travis/build/icyphy/ptII/ptolemy/actor/lib/test/auto/Clock.xml
----------------- Instantiating /home/travis/build/icyphy/ptII/ptolemy/actor/lib/test/auto/Clock.xml
3 ms. Memory: 879104K Free: 723245K (82%)
----------------- Invoking toplevel() on ptolemy.moml.MoMLSimpleApplication@2a755ac3
----------------- Done invoking toplevel() on ptolemy.moml.MoMLSimpleApplication@2a755ac3
reloadAllAccessors: .Clock

===========================================================================================
----------------- testing Sun Feb 17 03:31:06 UTC 2019 /home/travis/build/icyphy/ptII/ptolemy/actor/lib/test/auto/Clock10.xml
----------------- Instantiating /home/travis/build/icyphy/ptII/ptolemy/actor/lib/test/auto/Clock10.xml
3 ms. Memory: 879104K Free: 703151K (80%)
----------------- Invoking toplevel() on ptolemy.moml.MoMLSimpleApplication@455bfa33
----------------- Done invoking toplevel() on ptolemy.moml.MoMLSimpleApplication@455bfa33
reloadAllAccessors: .Clock10

===========================================================================================
----------------- testing Sun Feb 17 03:31:06 UTC 2019 /home/travis/build/icyphy/ptII/ptolemy/actor/lib/test/auto/Clock11.xml
----------------- Instantiating /home/travis/build/icyphy/ptII/ptolemy/actor/lib/test/auto/Clock11.xml
2 ms. Memory: 879104K Free: 692774K (79%)
----------------- Invoking toplevel() on ptolemy.moml.MoMLSimpleApplication@3bae59c6
----------------- Done invoking toplevel() on ptolemy.moml.MoMLSimpleApplication@3bae59c6
reloadAllAccessors: .Clock11

===========================================================================================
----------------- testing Sun Feb 17 03:31:06 UTC 2019 /home/travis/build/icyphy/ptII/ptolemy/actor/lib/test/auto/Clock12.xml
----------------- Instantiating /home/travis/build/icyphy/ptII/ptolemy/actor/lib/test/auto/Clock12.xml
5 ms. Memory: 879104K Free: 682398K (78%)
----------------- Invoking toplevel() on ptolemy.moml.MoMLSimpleApplication@69d06774
----------------- Done invoking toplevel() on ptolemy.moml.MoMLSimpleApplication@69d06774
reloadAllAccessors: .Clock12

===========================================================================================
----------------- testing Sun Feb 17 03:31:06 UTC 2019 /home/travis/build/icyphy/ptII/ptolemy/actor/lib/test/auto/Clock13.xml
----------------- Instantiating /home/travis/build/icyphy/ptII/ptolemy/actor/lib/test/auto/Clock13.xml
2 ms. Memory: 879104K Free: 672021K (76%)
----------------- Invoking toplevel() on ptolemy.moml.MoMLSimpleApplication@1e9f282
----------------- Done invoking toplevel() on ptolemy.moml.MoMLSimpleApplication@1e9f282
reloadAllAccessors: .Clock13

===========================================================================================
----------------- testing Sun Feb 17 03:31:06 UTC 2019 /home/travis/build/icyphy/ptII/ptolemy/actor/lib/test/auto/Clock14.xml
----------------- Instantiating /home/travis/build/icyphy/ptII/ptolemy/actor/lib/test/auto/Clock14.xml
3 ms. Memory: 879104K Free: 661645K (75%)
----------------- Invoking toplevel() on ptolemy.moml.MoMLSimpleApplication@5be772d3
----------------- Done invoking toplevel() on ptolemy.moml.MoMLSimpleApplication@5be772d3
reloadAllAccessors: .Clock14

===========================================================================================
----------------- testing Sun Feb 17 03:31:06 UTC 2019 /home/travis/build/icyphy/ptII/ptolemy/actor/lib/test/auto/Clock15.xml
----------------- Instantiating /home/travis/build/icyphy/ptII/ptolemy/actor/lib/test/auto/Clock15.xml
7 ms. Memory: 879104K Free: 641550K (73%)
----------------- Invoking toplevel() on ptolemy.moml.MoMLSimpleApplication@36257e3a
----------------- Done invoking toplevel() on ptolemy.moml.MoMLSimpleApplication@36257e3a
reloadAllAccessors: .Clock15

===========================================================================================
----------------- testing Sun Feb 17 03:31:06 UTC 2019 /home/travis/build/icyphy/ptII/ptolemy/actor/lib/test/auto/Clock16.xml
----------------- Instantiating /home/travis/build/icyphy/ptII/ptolemy/actor/lib/test/auto/Clock16.xml
32 ms. Memory: 879104K Free: 625969K (71%)
----------------- Invoking toplevel() on ptolemy.moml.MoMLSimpleApplication@7b18eaa8
----------------- Done invoking toplevel() on ptolemy.moml.MoMLSimpleApplication@7b18eaa8
reloadAllAccessors: .Clock16

===========================================================================================
----------------- testing Sun Feb 17 03:31:06 UTC 2019 /home/travis/build/icyphy/ptII/ptolemy/actor/lib/test/auto/Clock17.xml
----------------- Instantiating /home/travis/build/icyphy/ptII/ptolemy/actor/lib/test/auto/Clock17.xml
16 ms. Memory: 879104K Free: 610388K (69%)
----------------- Invoking toplevel() on ptolemy.moml.MoMLSimpleApplication@2db5c05f
----------------- Done invoking toplevel() on ptolemy.moml.MoMLSimpleApplication@2db5c05f
reloadAllAccessors: .Clock17

===========================================================================================
----------------- testing Sun Feb 17 03:31:06 UTC 2019 /home/travis/build/icyphy/ptII/ptolemy/actor/lib/test/auto/Clock18.xml
----------------- Instantiating /home/travis/build/icyphy/ptII/ptolemy/actor/lib/test/auto/Clock18.xml
22 ms. Memory: 879104K Free: 594808K (68%)
----------------- Invoking toplevel() on ptolemy.moml.MoMLSimpleApplication@2724dc2a
----------------- Done invoking toplevel() on ptolemy.moml.MoMLSimpleApplication@2724dc2a
reloadAllAccessors: .Clock18

===========================================================================================
----------------- testing Sun Feb 17 03:31:06 UTC 2019 /home/travis/build/icyphy/ptII/ptolemy/actor/lib/test/auto/Clock19.xml
----------------- Instantiating /home/travis/build/icyphy/ptII/ptolemy/actor/lib/test/auto/Clock19.xml
19 ms. Memory: 879104K Free: 569509K (65%)
----------------- Invoking toplevel() on ptolemy.moml.MoMLSimpleApplication@fb8de76
----------------- Done invoking toplevel() on ptolemy.moml.MoMLSimpleApplication@fb8de76
reloadAllAccessors: .Clock19

===========================================================================================
----------------- testing Sun Feb 17 03:31:06 UTC 2019 /home/travis/build/icyphy/ptII/ptolemy/actor/lib/test/auto/Clock2.xml
----------------- Instantiating /home/travis/build/icyphy/ptII/ptolemy/actor/lib/test/auto/Clock2.xml
9 ms. Memory: 879104K Free: 559132K (64%)
----------------- Invoking toplevel() on ptolemy.moml.MoMLSimpleApplication@3d8f7d66
----------------- Done invoking toplevel() on ptolemy.moml.MoMLSimpleApplication@3d8f7d66
reloadAllAccessors: .Clock2

===========================================================================================
----------------- testing Sun Feb 17 03:31:06 UTC 2019 /home/travis/build/icyphy/ptII/ptolemy/actor/lib/test/auto/Clock20.xml
----------------- Instantiating /home/travis/build/icyphy/ptII/ptolemy/actor/lib/test/auto/Clock20.xml
8 ms. Memory: 879104K Free: 548755K (62%)
----------------- Invoking toplevel() on ptolemy.moml.MoMLSimpleApplication@636d642
----------------- Done invoking toplevel() on ptolemy.moml.MoMLSimpleApplication@636d642
reloadAllAccessors: .Clock20

===========================================================================================
----------------- testing Sun Feb 17 03:31:06 UTC 2019 /home/travis/build/icyphy/ptII/ptolemy/actor/lib/test/auto/Clock21.xml
----------------- Instantiating /home/travis/build/icyphy/ptII/ptolemy/actor/lib/test/auto/Clock21.xml
3 ms. Memory: 879104K Free: 538379K (61%)
----------------- Invoking toplevel() on ptolemy.moml.MoMLSimpleApplication@7a0ac32c
----------------- Done invoking toplevel() on ptolemy.moml.MoMLSimpleApplication@7a0ac32c
reloadAllAccessors: .Clock21

===========================================================================================
----------------- testing Sun Feb 17 03:31:06 UTC 2019 /home/travis/build/icyphy/ptII/ptolemy/actor/lib/test/auto/Clock22.xml
----------------- Instantiating /home/travis/build/icyphy/ptII/ptolemy/actor/lib/test/auto/Clock22.xml
9 ms. Memory: 879104K Free: 518284K (59%)
----------------- Invoking toplevel() on ptolemy.moml.MoMLSimpleApplication@4d4d5b2f
----------------- Done invoking toplevel() on ptolemy.moml.MoMLSimpleApplication@4d4d5b2f
reloadAllAccessors: .Clock22

===========================================================================================
----------------- testing Sun Feb 17 03:31:06 UTC 2019 /home/travis/build/icyphy/ptII/ptolemy/actor/lib/test/auto/Clock23.xml
----------------- Instantiating /home/travis/build/icyphy/ptII/ptolemy/actor/lib/test/auto/Clock23.xml
4 ms. Memory: 879104K Free: 507908K (58%)
----------------- Invoking toplevel() on ptolemy.moml.MoMLSimpleApplication@76109d19
----------------- Done invoking toplevel() on ptolemy.moml.MoMLSimpleApplication@76109d19
reloadAllAccessors: .Clock23

===========================================================================================
----------------- testing Sun Feb 17 03:31:06 UTC 2019 /home/travis/build/icyphy/ptII/ptolemy/actor/lib/test/auto/Clock24.xml
----------------- Instantiating /home/travis/build/icyphy/ptII/ptolemy/actor/lib/test/auto/Clock24.xml
7 ms. Memory: 879104K Free: 497531K (57%)
----------------- Invoking toplevel() on ptolemy.moml.MoMLSimpleApplication@4dd9b264
----------------- Done invoking toplevel() on ptolemy.moml.MoMLSimpleApplication@4dd9b264
reloadAllAccessors: .Clock24

===========================================================================================
----------------- testing Sun Feb 17 03:31:06 UTC 2019 /home/travis/build/icyphy/ptII/ptolemy/actor/lib/test/auto/Clock4.xml
----------------- Instantiating /home/travis/build/icyphy/ptII/ptolemy/actor/lib/test/auto/Clock4.xml
5 ms. Memory: 879104K Free: 487155K (55%)
----------------- Invoking toplevel() on ptolemy.moml.MoMLSimpleApplication@5a92b406
----------------- Done invoking toplevel() on ptolemy.moml.MoMLSimpleApplication@5a92b406
reloadAllAccessors: .Clock4

===========================================================================================
----------------- testing Sun Feb 17 03:31:06 UTC 2019 /home/travis/build/icyphy/ptII/ptolemy/actor/lib/test/auto/Clock5.xml
----------------- Instantiating /home/travis/build/icyphy/ptII/ptolemy/actor/lib/test/auto/Clock5.xml
2 ms. Memory: 879104K Free: 476778K (54%)
----------------- Invoking toplevel() on ptolemy.moml.MoMLSimpleApplication@4d480013
----------------- Done invoking toplevel() on ptolemy.moml.MoMLSimpleApplication@4d480013
reloadAllAccessors: .Clock5

===========================================================================================
----------------- testing Sun Feb 17 03:31:06 UTC 2019 /home/travis/build/icyphy/ptII/ptolemy/actor/lib/test/auto/Clock6.xml
----------------- Instantiating /home/travis/build/icyphy/ptII/ptolemy/actor/lib/test/auto/Clock6.xml
2 ms. Memory: 879104K Free: 456684K (52%)
----------------- Invoking toplevel() on ptolemy.moml.MoMLSimpleApplication@3be45072
----------------- Done invoking toplevel() on ptolemy.moml.MoMLSimpleApplication@3be45072
reloadAllAccessors: .Clock6

===========================================================================================
----------------- testing Sun Feb 17 03:31:06 UTC 2019 /home/travis/build/icyphy/ptII/ptolemy/actor/lib/test/auto/Clock7.xml
----------------- Instantiating /home/travis/build/icyphy/ptII/ptolemy/actor/lib/test/auto/Clock7.xml
3 ms. Memory: 879104K Free: 446307K (51%)
----------------- Invoking toplevel() on ptolemy.moml.MoMLSimpleApplication@20c523fe
----------------- Done invoking toplevel() on ptolemy.moml.MoMLSimpleApplication@20c523fe
reloadAllAccessors: .Clock7

===========================================================================================
----------------- testing Sun Feb 17 03:31:06 UTC 2019 /home/travis/build/icyphy/ptII/ptolemy/actor/lib/test/auto/Clock8.xml
----------------- Instantiating /home/travis/build/icyphy/ptII/ptolemy/actor/lib/test/auto/Clock8.xml
1 ms. Memory: 879104K Free: 435930K (50%)
----------------- Invoking toplevel() on ptolemy.moml.MoMLSimpleApplication@1717c3c9
----------------- Done invoking toplevel() on ptolemy.moml.MoMLSimpleApplication@1717c3c9
reloadAllAccessors: .Clock8

===========================================================================================
----------------- testing Sun Feb 17 03:31:06 UTC 2019 /home/travis/build/icyphy/ptII/ptolemy/actor/lib/test/auto/Clock9.xml
----------------- Instantiating /home/travis/build/icyphy/ptII/ptolemy/actor/lib/test/auto/Clock9.xml
6 ms. Memory: 879104K Free: 425554K (48%)
----------------- Invoking toplevel() on ptolemy.moml.MoMLSimpleApplication@2029a3f6
----------------- Done invoking toplevel() on ptolemy.moml.MoMLSimpleApplication@2029a3f6
reloadAllAccessors: .Clock9

===========================================================================================
----------------- testing Sun Feb 17 03:31:06 UTC 2019 /home/travis/build/icyphy/ptII/ptolemy/actor/lib/test/auto/CommDistDiscard.xml
----------------- Instantiating /home/travis/build/icyphy/ptII/ptolemy/actor/lib/test/auto/CommDistDiscard.xml
1 ms. Memory: 879104K Free: 405459K (46%)
----------------- Invoking toplevel() on ptolemy.moml.MoMLSimpleApplication@6d61761b
----------------- Done invoking toplevel() on ptolemy.moml.MoMLSimpleApplication@6d61761b
reloadAllAccessors: .CommDistDiscard

===========================================================================================
----------------- testing Sun Feb 17 03:31:06 UTC 2019 /home/travis/build/icyphy/ptII/ptolemy/actor/lib/test/auto/Commutator.xml
----------------- Instantiating /home/travis/build/icyphy/ptII/ptolemy/actor/lib/test/auto/Commutator.xml
2 ms. Memory: 879104K Free: 395083K (45%)
----------------- Invoking toplevel() on ptolemy.moml.MoMLSimpleApplication@6e1f3694
----------------- Done invoking toplevel() on ptolemy.moml.MoMLSimpleApplication@6e1f3694
reloadAllAccessors: .Commutator

===========================================================================================
----------------- testing Sun Feb 17 03:31:06 UTC 2019 /home/travis/build/icyphy/ptII/ptolemy/actor/lib/test/auto/Commutator2.xml
----------------- Instantiating /home/travis/build/icyphy/ptII/ptolemy/actor/lib/test/auto/Commutator2.xml
1 ms. Memory: 879104K Free: 384706K (44%)
----------------- Invoking toplevel() on ptolemy.moml.MoMLSimpleApplication@2d1acf8a
----------------- Done invoking toplevel() on ptolemy.moml.MoMLSimpleApplication@2d1acf8a
reloadAllAccessors: .Commutator2

===========================================================================================
----------------- testing Sun Feb 17 03:31:06 UTC 2019 /home/travis/build/icyphy/ptII/ptolemy/actor/lib/test/auto/Commutator3.xml
----------------- Instantiating /home/travis/build/icyphy/ptII/ptolemy/actor/lib/test/auto/Commutator3.xml
2 ms. Memory: 879104K Free: 374330K (43%)
----------------- Invoking toplevel() on ptolemy.moml.MoMLSimpleApplication@2d83b861
----------------- Done invoking toplevel() on ptolemy.moml.MoMLSimpleApplication@2d83b861
reloadAllAccessors: .Commutator3

===========================================================================================
----------------- testing Sun Feb 17 03:31:06 UTC 2019 /home/travis/build/icyphy/ptII/ptolemy/actor/lib/test/auto/Compare.xml
----------------- Instantiating /home/travis/build/icyphy/ptII/ptolemy/actor/lib/test/auto/Compare.xml
2 ms. Memory: 879104K Free: 354235K (40%)
----------------- Invoking toplevel() on ptolemy.moml.MoMLSimpleApplication@1b8151b5
----------------- Done invoking toplevel() on ptolemy.moml.MoMLSimpleApplication@1b8151b5
reloadAllAccessors: .Compare

===========================================================================================
----------------- testing Sun Feb 17 03:31:06 UTC 2019 /home/travis/build/icyphy/ptII/ptolemy/actor/lib/test/auto/CompareDE.xml
----------------- Instantiating /home/travis/build/icyphy/ptII/ptolemy/actor/lib/test/auto/CompareDE.xml
3 ms. Memory: 879104K Free: 343858K (39%)
----------------- Invoking toplevel() on ptolemy.moml.MoMLSimpleApplication@739f244e
----------------- Done invoking toplevel() on ptolemy.moml.MoMLSimpleApplication@739f244e
reloadAllAccessors: .CompareDE

===========================================================================================
----------------- testing Sun Feb 17 03:31:06 UTC 2019 /home/travis/build/icyphy/ptII/ptolemy/actor/lib/test/auto/ComplexDivide.xml
----------------- Instantiating /home/travis/build/icyphy/ptII/ptolemy/actor/lib/test/auto/ComplexDivide.xml
2 ms. Memory: 879104K Free: 333482K (38%)
----------------- Invoking toplevel() on ptolemy.moml.MoMLSimpleApplication@3dbf8e36
----------------- Done invoking toplevel() on ptolemy.moml.MoMLSimpleApplication@3dbf8e36
reloadAllAccessors: .ComplexDivide

===========================================================================================
----------------- testing Sun Feb 17 03:31:06 UTC 2019 /home/travis/build/icyphy/ptII/ptolemy/actor/lib/test/auto/ComputeHistogram.xml
----------------- Instantiating /home/travis/build/icyphy/ptII/ptolemy/actor/lib/test/auto/ComputeHistogram.xml
27 ms. Memory: 879104K Free: 317909K (36%)
----------------- Invoking toplevel() on ptolemy.moml.MoMLSimpleApplication@57b46a09
----------------- Done invoking toplevel() on ptolemy.moml.MoMLSimpleApplication@57b46a09
reloadAllAccessors: .ComputeHistogram

===========================================================================================
----------------- testing Sun Feb 17 03:31:06 UTC 2019 /home/travis/build/icyphy/ptII/ptolemy/actor/lib/test/auto/ConfigurationSelect.xml
----------------- Instantiating /home/travis/build/icyphy/ptII/ptolemy/actor/lib/test/auto/ConfigurationSelect.xml
3 ms. Memory: 879104K Free: 297814K (34%)
----------------- Invoking toplevel() on ptolemy.moml.MoMLSimpleApplication@5739d81f
----------------- Done invoking toplevel() on ptolemy.moml.MoMLSimpleApplication@5739d81f
reloadAllAccessors: .ConfigurationSelect

===========================================================================================
----------------- testing Sun Feb 17 03:31:07 UTC 2019 /home/travis/build/icyphy/ptII/ptolemy/actor/lib/test/auto/ConfigurationSelect2.xml
----------------- Instantiating /home/travis/build/icyphy/ptII/ptolemy/actor/lib/test/auto/ConfigurationSelect2.xml
2 ms. Memory: 879104K Free: 287438K (33%)
----------------- Invoking toplevel() on ptolemy.moml.MoMLSimpleApplication@793d165b
----------------- Done invoking toplevel() on ptolemy.moml.MoMLSimpleApplication@793d165b
reloadAllAccessors: .ConfigurationSelect2

===========================================================================================
----------------- testing Sun Feb 17 03:31:07 UTC 2019 /home/travis/build/icyphy/ptII/ptolemy/actor/lib/test/auto/ConfigurationSwitch.xml
----------------- Instantiating /home/travis/build/icyphy/ptII/ptolemy/actor/lib/test/auto/ConfigurationSwitch.xml
6 ms. Memory: 879104K Free: 277061K (32%)
----------------- Invoking toplevel() on ptolemy.moml.MoMLSimpleApplication@47a7a096
----------------- Done invoking toplevel() on ptolemy.moml.MoMLSimpleApplication@47a7a096
reloadAllAccessors: .ConfigurationSwitch

===========================================================================================
----------------- testing Sun Feb 17 03:31:07 UTC 2019 /home/travis/build/icyphy/ptII/ptolemy/actor/lib/test/auto/ConfigurationSwitch2.xml
----------------- Instantiating /home/travis/build/icyphy/ptII/ptolemy/actor/lib/test/auto/ConfigurationSwitch2.xml
3 ms. Memory: 879104K Free: 266685K (30%)
----------------- Invoking toplevel() on ptolemy.moml.MoMLSimpleApplication@44dbb36d
----------------- Done invoking toplevel() on ptolemy.moml.MoMLSimpleApplication@44dbb36d
reloadAllAccessors: .ConfigurationSwitch2

===========================================================================================
----------------- testing Sun Feb 17 03:31:07 UTC 2019 /home/travis/build/icyphy/ptII/ptolemy/actor/lib/test/auto/ConfigurationSwitchCloningBugWithClassRelationGroup.xml
----------------- Instantiating /home/travis/build/icyphy/ptII/ptolemy/actor/lib/test/auto/ConfigurationSwitchCloningBugWithClassRelationGroup.xml
1 ms. Memory: 879104K Free: 256308K (29%)
----------------- Invoking toplevel() on ptolemy.moml.MoMLSimpleApplication@fb88bbc
----------------- Done invoking toplevel() on ptolemy.moml.MoMLSimpleApplication@fb88bbc
reloadAllAccessors: .ConfigurationSwitchCloningBugWithClassRelationGroup

===========================================================================================
----------------- testing Sun Feb 17 03:31:07 UTC 2019 /home/travis/build/icyphy/ptII/ptolemy/actor/lib/test/auto/ConfigurationSwitchSelectSDF.xml
----------------- Instantiating /home/travis/build/icyphy/ptII/ptolemy/actor/lib/test/auto/ConfigurationSwitchSelectSDF.xml
2 ms. Memory: 879104K Free: 236213K (27%)
----------------- Invoking toplevel() on ptolemy.moml.MoMLSimpleApplication@3b09b395
----------------- Done invoking toplevel() on ptolemy.moml.MoMLSimpleApplication@3b09b395
reloadAllAccessors: .ConfigurationSwitchSelectSDF

===========================================================================================
----------------- testing Sun Feb 17 03:31:07 UTC 2019 /home/travis/build/icyphy/ptII/ptolemy/actor/lib/test/auto/ConfigurationSwitchSelectSDF2.xml
----------------- Instantiating /home/travis/build/icyphy/ptII/ptolemy/actor/lib/test/auto/ConfigurationSwitchSelectSDF2.xml
2 ms. Memory: 879104K Free: 225837K (26%)
----------------- Invoking toplevel() on ptolemy.moml.MoMLSimpleApplication@3dcc9457
----------------- Done invoking toplevel() on ptolemy.moml.MoMLSimpleApplication@3dcc9457
reloadAllAccessors: .ConfigurationSwitchSelectSDF2

===========================================================================================
----------------- testing Sun Feb 17 03:31:07 UTC 2019 /home/travis/build/icyphy/ptII/ptolemy/actor/lib/test/auto/Const.xml
----------------- Instantiating /home/travis/build/icyphy/ptII/ptolemy/actor/lib/test/auto/Const.xml
1 ms. Memory: 879104K Free: 215460K (25%)
----------------- Invoking toplevel() on ptolemy.moml.MoMLSimpleApplication@453dcaff
----------------- Done invoking toplevel() on ptolemy.moml.MoMLSimpleApplication@453dcaff
reloadAllAccessors: .Const

===========================================================================================
----------------- testing Sun Feb 17 03:31:07 UTC 2019 /home/travis/build/icyphy/ptII/ptolemy/actor/lib/test/auto/Const2.xml
----------------- Instantiating /home/travis/build/icyphy/ptII/ptolemy/actor/lib/test/auto/Const2.xml
2 ms. Memory: 879104K Free: 205083K (23%)
----------------- Invoking toplevel() on ptolemy.moml.MoMLSimpleApplication@12c949f9
----------------- Done invoking toplevel() on ptolemy.moml.MoMLSimpleApplication@12c949f9
reloadAllAccessors: .Const2

===========================================================================================
----------------- testing Sun Feb 17 03:31:07 UTC 2019 /home/travis/build/icyphy/ptII/ptolemy/actor/lib/test/auto/Const3.xml
----------------- Instantiating /home/travis/build/icyphy/ptII/ptolemy/actor/lib/test/auto/Const3.xml
2 ms. Memory: 879104K Free: 184989K (21%)
----------------- Invoking toplevel() on ptolemy.moml.MoMLSimpleApplication@10b192cc
----------------- Done invoking toplevel() on ptolemy.moml.MoMLSimpleApplication@10b192cc
reloadAllAccessors: .Const3

===========================================================================================
----------------- testing Sun Feb 17 03:31:07 UTC 2019 /home/travis/build/icyphy/ptII/ptolemy/actor/lib/test/auto/ConstantPublisherPort1.xml
----------------- Instantiating /home/travis/build/icyphy/ptII/ptolemy/actor/lib/test/auto/ConstantPublisherPort1.xml
8 ms. Memory: 879104K Free: 169408K (19%)
----------------- Invoking toplevel() on ptolemy.moml.MoMLSimpleApplication@4803bafe
----------------- Done invoking toplevel() on ptolemy.moml.MoMLSimpleApplication@4803bafe
reloadAllAccessors: .ConstantPublisherPort1

===========================================================================================
----------------- testing Sun Feb 17 03:31:07 UTC 2019 /home/travis/build/icyphy/ptII/ptolemy/actor/lib/test/auto/ConstantPublisherPort2.xml
----------------- Instantiating /home/travis/build/icyphy/ptII/ptolemy/actor/lib/test/auto/ConstantPublisherPort2.xml
8 ms. Memory: 879104K Free: 159032K (18%)
----------------- Invoking toplevel() on ptolemy.moml.MoMLSimpleApplication@371f338a
----------------- Done invoking toplevel() on ptolemy.moml.MoMLSimpleApplication@371f338a
reloadAllAccessors: .ConstantPublisherPort2

===========================================================================================
----------------- testing Sun Feb 17 03:31:07 UTC 2019 /home/travis/build/icyphy/ptII/ptolemy/actor/lib/test/auto/ConstantPublisherPort3.xml
----------------- Instantiating /home/travis/build/icyphy/ptII/ptolemy/actor/lib/test/auto/ConstantPublisherPort3.xml
5 ms. Memory: 879104K Free: 148655K (17%)
----------------- Invoking toplevel() on ptolemy.moml.MoMLSimpleApplication@1e0c0b88
----------------- Done invoking toplevel() on ptolemy.moml.MoMLSimpleApplication@1e0c0b88
reloadAllAccessors: .ConstantPublisherPort3

===========================================================================================
----------------- testing Sun Feb 17 03:31:07 UTC 2019 /home/travis/build/icyphy/ptII/ptolemy/actor/lib/test/auto/ConstantPublisherPort4.xml
----------------- Instantiating /home/travis/build/icyphy/ptII/ptolemy/actor/lib/test/auto/ConstantPublisherPort4.xml
4 ms. Memory: 879104K Free: 128560K (15%)
----------------- Invoking toplevel() on ptolemy.moml.MoMLSimpleApplication@6d51fb94
----------------- Done invoking toplevel() on ptolemy.moml.MoMLSimpleApplication@6d51fb94
reloadAllAccessors: .ConstantPublisherPort4

===========================================================================================
----------------- testing Sun Feb 17 03:31:07 UTC 2019 /home/travis/build/icyphy/ptII/ptolemy/actor/lib/test/auto/ConstantPublisherPort5.xml
----------------- Instantiating /home/travis/build/icyphy/ptII/ptolemy/actor/lib/test/auto/ConstantPublisherPort5.xml
25 ms. Memory: 879104K Free: 102603K (12%)
----------------- Invoking toplevel() on ptolemy.moml.MoMLSimpleApplication@24f231e2
----------------- Done invoking toplevel() on ptolemy.moml.MoMLSimpleApplication@24f231e2
reloadAllAccessors: .ConstantPublisherPort5

===========================================================================================
----------------- testing Sun Feb 17 03:31:07 UTC 2019 /home/travis/build/icyphy/ptII/ptolemy/actor/lib/test/auto/ConstantPublisherPort6.xml
----------------- Instantiating /home/travis/build/icyphy/ptII/ptolemy/actor/lib/test/auto/ConstantPublisherPort6.xml
21 ms. Memory: 879104K Free: 76661K (9%)
----------------- Invoking toplevel() on ptolemy.moml.MoMLSimpleApplication@7b3d896a
----------------- Done invoking toplevel() on ptolemy.moml.MoMLSimpleApplication@7b3d896a
reloadAllAccessors: .ConstantPublisherPort6

===========================================================================================
----------------- testing Sun Feb 17 03:31:07 UTC 2019 /home/travis/build/icyphy/ptII/ptolemy/actor/lib/test/auto/ConstantPublisherPort7.xml
----------------- Instantiating /home/travis/build/icyphy/ptII/ptolemy/actor/lib/test/auto/ConstantPublisherPort7.xml
36 ms. Memory: 880128K Free: 826418K (94%)
----------------- Invoking toplevel() on ptolemy.moml.MoMLSimpleApplication@11ec85b4
----------------- Done invoking toplevel() on ptolemy.moml.MoMLSimpleApplication@11ec85b4
reloadAllAccessors: .ConstantPublisherPort7

===========================================================================================
----------------- testing Sun Feb 17 03:31:07 UTC 2019 /home/travis/build/icyphy/ptII/ptolemy/actor/lib/test/auto/ConstraintMonitor1.xml
----------------- Instantiating /home/travis/build/icyphy/ptII/ptolemy/actor/lib/test/auto/ConstraintMonitor1.xml
1 ms. Memory: 880128K Free: 808906K (92%)
----------------- Invoking toplevel() on ptolemy.moml.MoMLSimpleApplication@2f06194b
----------------- Done invoking toplevel() on ptolemy.moml.MoMLSimpleApplication@2f06194b
reloadAllAccessors: .ConstraintMonitor1

===========================================================================================
----------------- testing Sun Feb 17 03:31:07 UTC 2019 /home/travis/build/icyphy/ptII/ptolemy/actor/lib/test/auto/ConstraintMonitor2.xml
----------------- Instantiating /home/travis/build/icyphy/ptII/ptolemy/actor/lib/test/auto/ConstraintMonitor2.xml
3 ms. Memory: 880128K Free: 801123K (91%)
----------------- Invoking toplevel() on ptolemy.moml.MoMLSimpleApplication@785deb80
----------------- Done invoking toplevel() on ptolemy.moml.MoMLSimpleApplication@785deb80
reloadAllAccessors: .ConstraintMonitor2

===========================================================================================
----------------- testing Sun Feb 17 03:31:07 UTC 2019 /home/travis/build/icyphy/ptII/ptolemy/actor/lib/test/auto/ConstraintMonitor3.xml
----------------- Instantiating /home/travis/build/icyphy/ptII/ptolemy/actor/lib/test/auto/ConstraintMonitor3.xml
5 ms. Memory: 880128K Free: 793341K (90%)
----------------- Invoking toplevel() on ptolemy.moml.MoMLSimpleApplication@c4ce6a4
----------------- Done invoking toplevel() on ptolemy.moml.MoMLSimpleApplication@c4ce6a4
reloadAllAccessors: .ConstraintMonitor3

===========================================================================================
----------------- testing Sun Feb 17 03:31:07 UTC 2019 /home/travis/build/icyphy/ptII/ptolemy/actor/lib/test/auto/ConstraintMonitor4.xml
----------------- Instantiating /home/travis/build/icyphy/ptII/ptolemy/actor/lib/test/auto/ConstraintMonitor4.xml
6 ms. Memory: 880128K Free: 778423K (88%)
----------------- Invoking toplevel() on ptolemy.moml.MoMLSimpleApplication@6b8ce5e6
----------------- Done invoking toplevel() on ptolemy.moml.MoMLSimpleApplication@6b8ce5e6
reloadAllAccessors: .ConstraintMonitor4

===========================================================================================
----------------- testing Sun Feb 17 03:31:07 UTC 2019 /home/travis/build/icyphy/ptII/ptolemy/actor/lib/test/auto/ConstraintMonitor5.xml
----------------- Instantiating /home/travis/build/icyphy/ptII/ptolemy/actor/lib/test/auto/ConstraintMonitor5.xml
5 ms. Memory: 880128K Free: 770640K (88%)
----------------- Invoking toplevel() on ptolemy.moml.MoMLSimpleApplication@e506537
----------------- Done invoking toplevel() on ptolemy.moml.MoMLSimpleApplication@e506537
reloadAllAccessors: .ConstraintMonitor5

===========================================================================================
----------------- testing Sun Feb 17 03:31:07 UTC 2019 /home/travis/build/icyphy/ptII/ptolemy/actor/lib/test/auto/ConstraintMonitor6.xml
----------------- Instantiating /home/travis/build/icyphy/ptII/ptolemy/actor/lib/test/auto/ConstraintMonitor6.xml
2 ms. Memory: 880128K Free: 762858K (87%)
----------------- Invoking toplevel() on ptolemy.moml.MoMLSimpleApplication@2d172d77
----------------- Done invoking toplevel() on ptolemy.moml.MoMLSimpleApplication@2d172d77
reloadAllAccessors: .ConstraintMonitor6

===========================================================================================
----------------- testing Sun Feb 17 03:31:07 UTC 2019 /home/travis/build/icyphy/ptII/ptolemy/actor/lib/test/auto/ConstraintMonitor7.xml
----------------- Instantiating /home/travis/build/icyphy/ptII/ptolemy/actor/lib/test/auto/ConstraintMonitor7.xml
6 ms. Memory: 880128K Free: 743935K (85%)
----------------- Invoking toplevel() on ptolemy.moml.MoMLSimpleApplication@4defa00b
----------------- Done invoking toplevel() on ptolemy.moml.MoMLSimpleApplication@4defa00b
reloadAllAccessors: .ConstraintMonitor7

===========================================================================================
----------------- testing Sun Feb 17 03:31:07 UTC 2019 /home/travis/build/icyphy/ptII/ptolemy/actor/lib/test/auto/ConstraintMonitor8.xml
----------------- Instantiating /home/travis/build/icyphy/ptII/ptolemy/actor/lib/test/auto/ConstraintMonitor8.xml
7 ms. Memory: 880128K Free: 732261K (83%)
----------------- Invoking toplevel() on ptolemy.moml.MoMLSimpleApplication@493cb26
----------------- Done invoking toplevel() on ptolemy.moml.MoMLSimpleApplication@493cb26
reloadAllAccessors: .ConstraintMonitor8

===========================================================================================
----------------- testing Sun Feb 17 03:31:07 UTC 2019 /home/travis/build/icyphy/ptII/ptolemy/actor/lib/test/auto/Counter.xml
----------------- Instantiating /home/travis/build/icyphy/ptII/ptolemy/actor/lib/test/auto/Counter.xml
2 ms. Memory: 880128K Free: 724479K (82%)
----------------- Invoking toplevel() on ptolemy.moml.MoMLSimpleApplication@40409c08
----------------- Done invoking toplevel() on ptolemy.moml.MoMLSimpleApplication@40409c08
reloadAllAccessors: .Counter

===========================================================================================
----------------- testing Sun Feb 17 03:31:07 UTC 2019 /home/travis/build/icyphy/ptII/ptolemy/actor/lib/test/auto/CurrentTimeSDF.xml
----------------- Instantiating /home/travis/build/icyphy/ptII/ptolemy/actor/lib/test/auto/CurrentTimeSDF.xml
1 ms. Memory: 880128K Free: 709560K (81%)
----------------- Invoking toplevel() on ptolemy.moml.MoMLSimpleApplication@386cddf9
----------------- Done invoking toplevel() on ptolemy.moml.MoMLSimpleApplication@386cddf9
reloadAllAccessors: .CurrentTimeSDF

===========================================================================================
----------------- testing Sun Feb 17 03:31:07 UTC 2019 /home/travis/build/icyphy/ptII/ptolemy/actor/lib/test/auto/DB.xml
----------------- Instantiating /home/travis/build/icyphy/ptII/ptolemy/actor/lib/test/auto/DB.xml
2 ms. Memory: 880128K Free: 701778K (80%)
----------------- Invoking toplevel() on ptolemy.moml.MoMLSimpleApplication@323ad0a2
----------------- Done invoking toplevel() on ptolemy.moml.MoMLSimpleApplication@323ad0a2
reloadAllAccessors: .DB

===========================================================================================
----------------- testing Sun Feb 17 03:31:07 UTC 2019 /home/travis/build/icyphy/ptII/ptolemy/actor/lib/test/auto/DBDE.xml
----------------- Instantiating /home/travis/build/icyphy/ptII/ptolemy/actor/lib/test/auto/DBDE.xml
3 ms. Memory: 880128K Free: 693995K (79%)
----------------- Invoking toplevel() on ptolemy.moml.MoMLSimpleApplication@3c9f4d46
----------------- Done invoking toplevel() on ptolemy.moml.MoMLSimpleApplication@3c9f4d46
reloadAllAccessors: .DBDE

===========================================================================================
----------------- testing Sun Feb 17 03:31:07 UTC 2019 /home/travis/build/icyphy/ptII/ptolemy/actor/lib/test/auto/DateConstructor.xml
----------------- Instantiating /home/travis/build/icyphy/ptII/ptolemy/actor/lib/test/auto/DateConstructor.xml
15 ms. Memory: 880128K Free: 667355K (76%)
----------------- Invoking toplevel() on ptolemy.moml.MoMLSimpleApplication@4179c36b
----------------- Done invoking toplevel() on ptolemy.moml.MoMLSimpleApplication@4179c36b
reloadAllAccessors: .DateConstructor

===========================================================================================
----------------- testing Sun Feb 17 03:31:07 UTC 2019 /home/travis/build/icyphy/ptII/ptolemy/actor/lib/test/auto/DelayTime.xml
----------------- Instantiating /home/travis/build/icyphy/ptII/ptolemy/actor/lib/test/auto/DelayTime.xml
3 ms. Memory: 880128K Free: 659573K (75%)
----------------- Invoking toplevel() on ptolemy.moml.MoMLSimpleApplication@50454a36
----------------- Done invoking toplevel() on ptolemy.moml.MoMLSimpleApplication@50454a36
reloadAllAccessors: .DelayTime

===========================================================================================
----------------- testing Sun Feb 17 03:31:07 UTC 2019 /home/travis/build/icyphy/ptII/ptolemy/actor/lib/test/auto/Dictionary1.xml
----------------- Instantiating /home/travis/build/icyphy/ptII/ptolemy/actor/lib/test/auto/Dictionary1.xml
2 ms. Memory: 880128K Free: 651790K (74%)
----------------- Invoking toplevel() on ptolemy.moml.MoMLSimpleApplication@14a611d9
----------------- Done invoking toplevel() on ptolemy.moml.MoMLSimpleApplication@14a611d9
reloadAllAccessors: .Dictionary1

===========================================================================================
----------------- testing Sun Feb 17 03:31:07 UTC 2019 /home/travis/build/icyphy/ptII/ptolemy/actor/lib/test/auto/Dictionary2.xml
----------------- Instantiating /home/travis/build/icyphy/ptII/ptolemy/actor/lib/test/auto/Dictionary2.xml
3 ms. Memory: 880128K Free: 636872K (72%)
----------------- Invoking toplevel() on ptolemy.moml.MoMLSimpleApplication@1abba274
----------------- Done invoking toplevel() on ptolemy.moml.MoMLSimpleApplication@1abba274
reloadAllAccessors: .Dictionary2

===========================================================================================
----------------- testing Sun Feb 17 03:31:07 UTC 2019 /home/travis/build/icyphy/ptII/ptolemy/actor/lib/test/auto/Dictionary3.xml
----------------- Instantiating /home/travis/build/icyphy/ptII/ptolemy/actor/lib/test/auto/Dictionary3.xml
1 ms. Memory: 880128K Free: 629089K (71%)
----------------- Invoking toplevel() on ptolemy.moml.MoMLSimpleApplication@91e5aa7
----------------- Done invoking toplevel() on ptolemy.moml.MoMLSimpleApplication@91e5aa7
reloadAllAccessors: .Dictionary3

===========================================================================================
----------------- testing Sun Feb 17 03:31:07 UTC 2019 /home/travis/build/icyphy/ptII/ptolemy/actor/lib/test/auto/Dictionary4.xml
----------------- Instantiating /home/travis/build/icyphy/ptII/ptolemy/actor/lib/test/auto/Dictionary4.xml
3 ms. Memory: 880128K Free: 617400K (70%)
----------------- Invoking toplevel() on ptolemy.moml.MoMLSimpleApplication@7487e1da
----------------- Done invoking toplevel() on ptolemy.moml.MoMLSimpleApplication@7487e1da
reloadAllAccessors: .Dictionary4

===========================================================================================
----------------- testing Sun Feb 17 03:31:07 UTC 2019 /home/travis/build/icyphy/ptII/ptolemy/actor/lib/test/auto/Differential.xml
----------------- Instantiating /home/travis/build/icyphy/ptII/ptolemy/actor/lib/test/auto/Differential.xml
2 ms. Memory: 880128K Free: 602481K (68%)
----------------- Invoking toplevel() on ptolemy.moml.MoMLSimpleApplication@4d76180
----------------- Done invoking toplevel() on ptolemy.moml.MoMLSimpleApplication@4d76180
reloadAllAccessors: .Differential

===========================================================================================
----------------- testing Sun Feb 17 03:31:07 UTC 2019 /home/travis/build/icyphy/ptII/ptolemy/actor/lib/test/auto/Director.xml
----------------- Instantiating /home/travis/build/icyphy/ptII/ptolemy/actor/lib/test/auto/Director.xml
3 ms. Memory: 880128K Free: 594699K (68%)
----------------- Invoking toplevel() on ptolemy.moml.MoMLSimpleApplication@7c8fa7c3
----------------- Done invoking toplevel() on ptolemy.moml.MoMLSimpleApplication@7c8fa7c3
reloadAllAccessors: .Director

===========================================================================================
----------------- testing Sun Feb 17 03:31:07 UTC 2019 /home/travis/build/icyphy/ptII/ptolemy/actor/lib/test/auto/DiscreteClock.xml
----------------- Instantiating /home/travis/build/icyphy/ptII/ptolemy/actor/lib/test/auto/DiscreteClock.xml
1 ms. Memory: 880128K Free: 586916K (67%)
----------------- Invoking toplevel() on ptolemy.moml.MoMLSimpleApplication@4324a4d7
----------------- Done invoking toplevel() on ptolemy.moml.MoMLSimpleApplication@4324a4d7
reloadAllAccessors: .DiscreteClock

===========================================================================================
----------------- testing Sun Feb 17 03:31:07 UTC 2019 /home/travis/build/icyphy/ptII/ptolemy/actor/lib/test/auto/DiscreteClock10.xml
----------------- Instantiating /home/travis/build/icyphy/ptII/ptolemy/actor/lib/test/auto/DiscreteClock10.xml
4 ms. Memory: 880128K Free: 571998K (65%)
----------------- Invoking toplevel() on ptolemy.moml.MoMLSimpleApplication@921ddbc
----------------- Done invoking toplevel() on ptolemy.moml.MoMLSimpleApplication@921ddbc
reloadAllAccessors: .DiscreteClock10

===========================================================================================
----------------- testing Sun Feb 17 03:31:07 UTC 2019 /home/travis/build/icyphy/ptII/ptolemy/actor/lib/test/auto/DiscreteClock11.xml
----------------- Instantiating /home/travis/build/icyphy/ptII/ptolemy/actor/lib/test/auto/DiscreteClock11.xml
1 ms. Memory: 880128K Free: 564216K (64%)
----------------- Invoking toplevel() on ptolemy.moml.MoMLSimpleApplication@7b30ea00
----------------- Done invoking toplevel() on ptolemy.moml.MoMLSimpleApplication@7b30ea00
reloadAllAccessors: .DiscreteClock11

===========================================================================================
----------------- testing Sun Feb 17 03:31:07 UTC 2019 /home/travis/build/icyphy/ptII/ptolemy/actor/lib/test/auto/DiscreteClock12.xml
----------------- Instantiating /home/travis/build/icyphy/ptII/ptolemy/actor/lib/test/auto/DiscreteClock12.xml
3 ms. Memory: 880128K Free: 556433K (63%)
----------------- Invoking toplevel() on ptolemy.moml.MoMLSimpleApplication@743d1d5d
----------------- Done invoking toplevel() on ptolemy.moml.MoMLSimpleApplication@743d1d5d
reloadAllAccessors: .DiscreteClock12

===========================================================================================
----------------- testing Sun Feb 17 03:31:08 UTC 2019 /home/travis/build/icyphy/ptII/ptolemy/actor/lib/test/auto/DiscreteClock13.xml
----------------- Instantiating /home/travis/build/icyphy/ptII/ptolemy/actor/lib/test/auto/DiscreteClock13.xml
7 ms. Memory: 880128K Free: 541515K (62%)
----------------- Invoking toplevel() on ptolemy.moml.MoMLSimpleApplication@71adb2c7
----------------- Done invoking toplevel() on ptolemy.moml.MoMLSimpleApplication@71adb2c7
reloadAllAccessors: .DiscreteClock13

===========================================================================================
----------------- testing Sun Feb 17 03:31:08 UTC 2019 /home/travis/build/icyphy/ptII/ptolemy/actor/lib/test/auto/DiscreteClock14.xml
----------------- Instantiating /home/travis/build/icyphy/ptII/ptolemy/actor/lib/test/auto/DiscreteClock14.xml
7 ms. Memory: 880128K Free: 533733K (61%)
----------------- Invoking toplevel() on ptolemy.moml.MoMLSimpleApplication@57dc7024
----------------- Done invoking toplevel() on ptolemy.moml.MoMLSimpleApplication@57dc7024
reloadAllAccessors: .DiscreteClock14

===========================================================================================
----------------- testing Sun Feb 17 03:31:08 UTC 2019 /home/travis/build/icyphy/ptII/ptolemy/actor/lib/test/auto/DiscreteClock15.xml
----------------- Instantiating /home/travis/build/icyphy/ptII/ptolemy/actor/lib/test/auto/DiscreteClock15.xml
7 ms. Memory: 880128K Free: 525950K (60%)
----------------- Invoking toplevel() on ptolemy.moml.MoMLSimpleApplication@7a5ebabd
----------------- Done invoking toplevel() on ptolemy.moml.MoMLSimpleApplication@7a5ebabd
reloadAllAccessors: .DiscreteClock15

===========================================================================================
----------------- testing Sun Feb 17 03:31:08 UTC 2019 /home/travis/build/icyphy/ptII/ptolemy/actor/lib/test/auto/DiscreteClock16.xml
----------------- Instantiating /home/travis/build/icyphy/ptII/ptolemy/actor/lib/test/auto/DiscreteClock16.xml
18 ms. Memory: 880128K Free: 503225K (57%)
----------------- Invoking toplevel() on ptolemy.moml.MoMLSimpleApplication@11dc70a8
----------------- Done invoking toplevel() on ptolemy.moml.MoMLSimpleApplication@11dc70a8
reloadAllAccessors: .DiscreteClock16

===========================================================================================
----------------- testing Sun Feb 17 03:31:08 UTC 2019 /home/travis/build/icyphy/ptII/ptolemy/actor/lib/test/auto/DiscreteClock17.xml
----------------- Instantiating /home/travis/build/icyphy/ptII/ptolemy/actor/lib/test/auto/DiscreteClock17.xml
17 ms. Memory: 880128K Free: 487645K (55%)
----------------- Invoking toplevel() on ptolemy.moml.MoMLSimpleApplication@1d3390a3
----------------- Done invoking toplevel() on ptolemy.moml.MoMLSimpleApplication@1d3390a3
reloadAllAccessors: .DiscreteClock17

===========================================================================================
----------------- testing Sun Feb 17 03:31:08 UTC 2019 /home/travis/build/icyphy/ptII/ptolemy/actor/lib/test/auto/DiscreteClock18.xml
----------------- Instantiating /home/travis/build/icyphy/ptII/ptolemy/actor/lib/test/auto/DiscreteClock18.xml
22 ms. Memory: 880128K Free: 472064K (54%)
----------------- Invoking toplevel() on ptolemy.moml.MoMLSimpleApplication@4d2ff974
----------------- Done invoking toplevel() on ptolemy.moml.MoMLSimpleApplication@4d2ff974
reloadAllAccessors: .DiscreteClock18

===========================================================================================
----------------- testing Sun Feb 17 03:31:08 UTC 2019 /home/travis/build/icyphy/ptII/ptolemy/actor/lib/test/auto/DiscreteClock19.xml
----------------- Instantiating /home/travis/build/icyphy/ptII/ptolemy/actor/lib/test/auto/DiscreteClock19.xml
10 ms. Memory: 880128K Free: 449331K (51%)
----------------- Invoking toplevel() on ptolemy.moml.MoMLSimpleApplication@13f0a5cb
----------------- Done invoking toplevel() on ptolemy.moml.MoMLSimpleApplication@13f0a5cb
reloadAllAccessors: .DiscreteClock19

===========================================================================================
----------------- testing Sun Feb 17 03:31:08 UTC 2019 /home/travis/build/icyphy/ptII/ptolemy/actor/lib/test/auto/DiscreteClock2.xml
----------------- Instantiating /home/travis/build/icyphy/ptII/ptolemy/actor/lib/test/auto/DiscreteClock2.xml
5 ms. Memory: 880128K Free: 441548K (50%)
----------------- Invoking toplevel() on ptolemy.moml.MoMLSimpleApplication@4229e11b
----------------- Done invoking toplevel() on ptolemy.moml.MoMLSimpleApplication@4229e11b
reloadAllAccessors: .DiscreteClock2

===========================================================================================
----------------- testing Sun Feb 17 03:31:08 UTC 2019 /home/travis/build/icyphy/ptII/ptolemy/actor/lib/test/auto/DiscreteClock20.xml
----------------- Instantiating /home/travis/build/icyphy/ptII/ptolemy/actor/lib/test/auto/DiscreteClock20.xml
7 ms. Memory: 880128K Free: 433766K (49%)
----------------- Invoking toplevel() on ptolemy.moml.MoMLSimpleApplication@e218133
----------------- Done invoking toplevel() on ptolemy.moml.MoMLSimpleApplication@e218133
reloadAllAccessors: .DiscreteClock20

===========================================================================================
----------------- testing Sun Feb 17 03:31:08 UTC 2019 /home/travis/build/icyphy/ptII/ptolemy/actor/lib/test/auto/DiscreteClock21.xml
----------------- Instantiating /home/travis/build/icyphy/ptII/ptolemy/actor/lib/test/auto/DiscreteClock21.xml
6 ms. Memory: 880128K Free: 418848K (48%)
----------------- Invoking toplevel() on ptolemy.moml.MoMLSimpleApplication@27e98481
----------------- Done invoking toplevel() on ptolemy.moml.MoMLSimpleApplication@27e98481
reloadAllAccessors: .DiscreteClock21

===========================================================================================
----------------- testing Sun Feb 17 03:31:08 UTC 2019 /home/travis/build/icyphy/ptII/ptolemy/actor/lib/test/auto/DiscreteClock22.xml
----------------- Instantiating /home/travis/build/icyphy/ptII/ptolemy/actor/lib/test/auto/DiscreteClock22.xml
6 ms. Memory: 880128K Free: 411065K (47%)
----------------- Invoking toplevel() on ptolemy.moml.MoMLSimpleApplication@25fdac54
----------------- Done invoking toplevel() on ptolemy.moml.MoMLSimpleApplication@25fdac54
reloadAllAccessors: .DiscreteClock22

===========================================================================================
----------------- testing Sun Feb 17 03:31:08 UTC 2019 /home/travis/build/icyphy/ptII/ptolemy/actor/lib/test/auto/DiscreteClock23.xml
----------------- Instantiating /home/travis/build/icyphy/ptII/ptolemy/actor/lib/test/auto/DiscreteClock23.xml
6 ms. Memory: 880128K Free: 403283K (46%)
----------------- Invoking toplevel() on ptolemy.moml.MoMLSimpleApplication@447f62e0
----------------- Done invoking toplevel() on ptolemy.moml.MoMLSimpleApplication@447f62e0
reloadAllAccessors: .DiscreteClock23

===========================================================================================
----------------- testing Sun Feb 17 03:31:08 UTC 2019 /home/travis/build/icyphy/ptII/ptolemy/actor/lib/test/auto/DiscreteClock24.xml
----------------- Instantiating /home/travis/build/icyphy/ptII/ptolemy/actor/lib/test/auto/DiscreteClock24.xml
6 ms. Memory: 1364480K Free: 1310043K (96%)
----------------- Invoking toplevel() on ptolemy.moml.MoMLSimpleApplication@33d6925a
----------------- Done invoking toplevel() on ptolemy.moml.MoMLSimpleApplication@33d6925a
reloadAllAccessors: .DiscreteClock24

===========================================================================================
----------------- testing Sun Feb 17 03:31:08 UTC 2019 /home/travis/build/icyphy/ptII/ptolemy/actor/lib/test/auto/DiscreteClock4.xml
----------------- Instantiating /home/travis/build/icyphy/ptII/ptolemy/actor/lib/test/auto/DiscreteClock4.xml
3 ms. Memory: 1364480K Free: 1288354K (94%)
----------------- Invoking toplevel() on ptolemy.moml.MoMLSimpleApplication@3713fe56
----------------- Done invoking toplevel() on ptolemy.moml.MoMLSimpleApplication@3713fe56
reloadAllAccessors: .DiscreteClock4

===========================================================================================
----------------- testing Sun Feb 17 03:31:08 UTC 2019 /home/travis/build/icyphy/ptII/ptolemy/actor/lib/test/auto/DiscreteClock5.xml
----------------- Instantiating /home/travis/build/icyphy/ptII/ptolemy/actor/lib/test/auto/DiscreteClock5.xml
1 ms. Memory: 1364480K Free: 1275902K (94%)
----------------- Invoking toplevel() on ptolemy.moml.MoMLSimpleApplication@37d6f2a9
----------------- Done invoking toplevel() on ptolemy.moml.MoMLSimpleApplication@37d6f2a9
reloadAllAccessors: .DiscreteClock5

===========================================================================================
----------------- testing Sun Feb 17 03:31:08 UTC 2019 /home/travis/build/icyphy/ptII/ptolemy/actor/lib/test/auto/DiscreteClock6.xml
----------------- Instantiating /home/travis/build/icyphy/ptII/ptolemy/actor/lib/test/auto/DiscreteClock6.xml
1 ms. Memory: 1364480K Free: 1263450K (93%)
----------------- Invoking toplevel() on ptolemy.moml.MoMLSimpleApplication@4757f87b
----------------- Done invoking toplevel() on ptolemy.moml.MoMLSimpleApplication@4757f87b
reloadAllAccessors: .DiscreteClock6

===========================================================================================
----------------- testing Sun Feb 17 03:31:08 UTC 2019 /home/travis/build/icyphy/ptII/ptolemy/actor/lib/test/auto/DiscreteClock7.xml
----------------- Instantiating /home/travis/build/icyphy/ptII/ptolemy/actor/lib/test/auto/DiscreteClock7.xml
1 ms. Memory: 1364480K Free: 1241761K (91%)
----------------- Invoking toplevel() on ptolemy.moml.MoMLSimpleApplication@78e2b42c
----------------- Done invoking toplevel() on ptolemy.moml.MoMLSimpleApplication@78e2b42c
reloadAllAccessors: .DiscreteClock7

===========================================================================================
----------------- testing Sun Feb 17 03:31:08 UTC 2019 /home/travis/build/icyphy/ptII/ptolemy/actor/lib/test/auto/DiscreteClock8.xml
----------------- Instantiating /home/travis/build/icyphy/ptII/ptolemy/actor/lib/test/auto/DiscreteClock8.xml
6 ms. Memory: 1364480K Free: 1229309K (90%)
----------------- Invoking toplevel() on ptolemy.moml.MoMLSimpleApplication@ea813ed
----------------- Done invoking toplevel() on ptolemy.moml.MoMLSimpleApplication@ea813ed
reloadAllAccessors: .DiscreteClock8

===========================================================================================
----------------- testing Sun Feb 17 03:31:08 UTC 2019 /home/travis/build/icyphy/ptII/ptolemy/actor/lib/test/auto/DiscreteClock9.xml
----------------- Instantiating /home/travis/build/icyphy/ptII/ptolemy/actor/lib/test/auto/DiscreteClock9.xml
6 ms. Memory: 1364480K Free: 1216857K (89%)
----------------- Invoking toplevel() on ptolemy.moml.MoMLSimpleApplication@3af01f81
----------------- Done invoking toplevel() on ptolemy.moml.MoMLSimpleApplication@3af01f81
reloadAllAccessors: .DiscreteClock9

===========================================================================================
----------------- testing Sun Feb 17 03:31:08 UTC 2019 /home/travis/build/icyphy/ptII/ptolemy/actor/lib/test/auto/DisplayArray.xml
----------------- Instantiating /home/travis/build/icyphy/ptII/ptolemy/actor/lib/test/auto/DisplayArray.xml
1 ms. Memory: 1364480K Free: 1204296K (88%)
----------------- Invoking toplevel() on ptolemy.moml.MoMLSimpleApplication@abb017d
----------------- Done invoking toplevel() on ptolemy.moml.MoMLSimpleApplication@abb017d
reloadAllAccessors: .DisplayArray

===========================================================================================
----------------- testing Sun Feb 17 03:31:08 UTC 2019 /home/travis/build/icyphy/ptII/ptolemy/actor/lib/test/auto/Distributor.xml
----------------- Instantiating /home/travis/build/icyphy/ptII/ptolemy/actor/lib/test/auto/Distributor.xml
1 ms. Memory: 1364480K Free: 1182607K (87%)
----------------- Invoking toplevel() on ptolemy.moml.MoMLSimpleApplication@c57853d
----------------- Done invoking toplevel() on ptolemy.moml.MoMLSimpleApplication@c57853d
reloadAllAccessors: .Distributor

===========================================================================================
----------------- testing Sun Feb 17 03:31:08 UTC 2019 /home/travis/build/icyphy/ptII/ptolemy/actor/lib/test/auto/Distributor2.xml
----------------- Instantiating /home/travis/build/icyphy/ptII/ptolemy/actor/lib/test/auto/Distributor2.xml
1 ms. Memory: 1364480K Free: 1170155K (86%)
----------------- Invoking toplevel() on ptolemy.moml.MoMLSimpleApplication@2bc1b8a4
----------------- Done invoking toplevel() on ptolemy.moml.MoMLSimpleApplication@2bc1b8a4
reloadAllAccessors: .Distributor2

===========================================================================================
----------------- testing Sun Feb 17 03:31:08 UTC 2019 /home/travis/build/icyphy/ptII/ptolemy/actor/lib/test/auto/DownSample.xml
----------------- Instantiating /home/travis/build/icyphy/ptII/ptolemy/actor/lib/test/auto/DownSample.xml
1 ms. Memory: 1364480K Free: 1157703K (85%)
----------------- Invoking toplevel() on ptolemy.moml.MoMLSimpleApplication@58629b38
----------------- Done invoking toplevel() on ptolemy.moml.MoMLSimpleApplication@58629b38
reloadAllAccessors: .DownSample

===========================================================================================
----------------- testing Sun Feb 17 03:31:09 UTC 2019 /home/travis/build/icyphy/ptII/ptolemy/actor/lib/test/auto/ElectronicUnitBase1.xml
----------------- Instantiating /home/travis/build/icyphy/ptII/ptolemy/actor/lib/test/auto/ElectronicUnitBase1.xml
27 ms. Memory: 1364480K Free: 1132783K (83%)
----------------- Invoking toplevel() on ptolemy.moml.MoMLSimpleApplication@69cefad2
----------------- Done invoking toplevel() on ptolemy.moml.MoMLSimpleApplication@69cefad2
reloadAllAccessors: .ElectronicUnitBase1

===========================================================================================
----------------- testing Sun Feb 17 03:31:09 UTC 2019 /home/travis/build/icyphy/ptII/ptolemy/actor/lib/test/auto/ElementsToArray.xml
----------------- Instantiating /home/travis/build/icyphy/ptII/ptolemy/actor/lib/test/auto/ElementsToArray.xml
5 ms. Memory: 1364480K Free: 1111094K (81%)
----------------- Invoking toplevel() on ptolemy.moml.MoMLSimpleApplication@67d48428
----------------- Done invoking toplevel() on ptolemy.moml.MoMLSimpleApplication@67d48428
reloadAllAccessors: .ElementsToArray

===========================================================================================
----------------- testing Sun Feb 17 03:31:09 UTC 2019 /home/travis/build/icyphy/ptII/ptolemy/actor/lib/test/auto/Equals.xml
----------------- Instantiating /home/travis/build/icyphy/ptII/ptolemy/actor/lib/test/auto/Equals.xml
1 ms. Memory: 1364480K Free: 1098642K (81%)
----------------- Invoking toplevel() on ptolemy.moml.MoMLSimpleApplication@192ca05f
----------------- Done invoking toplevel() on ptolemy.moml.MoMLSimpleApplication@192ca05f
reloadAllAccessors: .Equals

===========================================================================================
----------------- testing Sun Feb 17 03:31:09 UTC 2019 /home/travis/build/icyphy/ptII/ptolemy/actor/lib/test/auto/Exec.xml
----------------- Instantiating /home/travis/build/icyphy/ptII/ptolemy/actor/lib/test/auto/Exec.xml
7 ms. Memory: 1364480K Free: 1073738K (79%)
----------------- Invoking toplevel() on ptolemy.moml.MoMLSimpleApplication@4a8949f7
----------------- Done invoking toplevel() on ptolemy.moml.MoMLSimpleApplication@4a8949f7
reloadAllAccessors: .Exec

===========================================================================================
----------------- testing Sun Feb 17 03:31:09 UTC 2019 /home/travis/build/icyphy/ptII/ptolemy/actor/lib/test/auto/ExecEnvironment.xml
----------------- Instantiating /home/travis/build/icyphy/ptII/ptolemy/actor/lib/test/auto/ExecEnvironment.xml
25 ms. Memory: 1364480K Free: 1055060K (77%)
----------------- Invoking toplevel() on ptolemy.moml.MoMLSimpleApplication@bc99373
----------------- Done invoking toplevel() on ptolemy.moml.MoMLSimpleApplication@bc99373
reloadAllAccessors: .ExecEnvironment

===========================================================================================
----------------- testing Sun Feb 17 03:31:09 UTC 2019 /home/travis/build/icyphy/ptII/ptolemy/actor/lib/test/auto/ExecNonZeroReturnOutput.xml
----------------- Instantiating /home/travis/build/icyphy/ptII/ptolemy/actor/lib/test/auto/ExecNonZeroReturnOutput.xml
124 ms. Memory: 1364480K Free: 952434K (70%)
----------------- Invoking toplevel() on ptolemy.moml.MoMLSimpleApplication@53f36c5d
----------------- Done invoking toplevel() on ptolemy.moml.MoMLSimpleApplication@53f36c5d
reloadAllAccessors: .ExecNonZeroReturnOutput

===========================================================================================
----------------- testing Sun Feb 17 03:31:09 UTC 2019 /home/travis/build/icyphy/ptII/ptolemy/actor/lib/test/auto/ExecRunDemos.xml
----------------- Instantiating /home/travis/build/icyphy/ptII/ptolemy/actor/lib/test/auto/ExecRunDemos.xml
Finished: 35 ms. Memory: 116224K Free: 100560K (87%)

Finished: 33 ms. Memory: 116224K Free: 97676K (84%)

Finished: 40 ms. Memory: 116224K Free: 97644K (84%)

Finished: 37 ms. Memory: 116224K Free: 99544K (86%)

Finished: 49 ms. Memory: 116224K Free: 100658K (87%)

8878 ms. Memory: 1364480K Free: 857141K (63%)
----------------- Invoking toplevel() on ptolemy.moml.MoMLSimpleApplication@7a9b4d21
----------------- Done invoking toplevel() on ptolemy.moml.MoMLSimpleApplication@7a9b4d21
reloadAllAccessors: .ExecRunDemos

===========================================================================================
----------------- testing Sun Feb 17 03:31:18 UTC 2019 /home/travis/build/icyphy/ptII/ptolemy/actor/lib/test/auto/ExecStop.xml
----------------- Instantiating /home/travis/build/icyphy/ptII/ptolemy/actor/lib/test/auto/ExecStop.xml
5014 ms. Memory: 1364480K Free: 689040K (50%)
----------------- Invoking toplevel() on ptolemy.moml.MoMLSimpleApplication@608f19f2
----------------- Done invoking toplevel() on ptolemy.moml.MoMLSimpleApplication@608f19f2
reloadAllAccessors: .ExecStop

===========================================================================================
----------------- testing Sun Feb 17 03:31:23 UTC 2019 /home/travis/build/icyphy/ptII/ptolemy/actor/lib/test/auto/ExecutionTimeSDF.xml
----------------- Instantiating /home/travis/build/icyphy/ptII/ptolemy/actor/lib/test/auto/ExecutionTimeSDF.xml
Fired ExecutionTime: -678167296
Fired ExecutionTime: 951600000
Fired ExecutionTime: -819367296
6008 ms. Memory: 1364480K Free: 670346K (49%)
----------------- Invoking toplevel() on ptolemy.moml.MoMLSimpleApplication@66f7e63e
----------------- Done invoking toplevel() on ptolemy.moml.MoMLSimpleApplication@66f7e63e
reloadAllAccessors: .ExecutionTimeSDF

===========================================================================================
----------------- testing Sun Feb 17 03:31:29 UTC 2019 /home/travis/build/icyphy/ptII/ptolemy/actor/lib/test/auto/Expression1.xml
----------------- Instantiating /home/travis/build/icyphy/ptII/ptolemy/actor/lib/test/auto/Expression1.xml
1 ms. Memory: 1364480K Free: 648657K (48%)
----------------- Invoking toplevel() on ptolemy.moml.MoMLSimpleApplication@81cb40a
----------------- Done invoking toplevel() on ptolemy.moml.MoMLSimpleApplication@81cb40a
reloadAllAccessors: .Expression1

===========================================================================================
----------------- testing Sun Feb 17 03:31:29 UTC 2019 /home/travis/build/icyphy/ptII/ptolemy/actor/lib/test/auto/Expression10.xml
----------------- Instantiating /home/travis/build/icyphy/ptII/ptolemy/actor/lib/test/auto/Expression10.xml
7 ms. Memory: 1364480K Free: 636205K (47%)
----------------- Invoking toplevel() on ptolemy.moml.MoMLSimpleApplication@10c32dba
----------------- Done invoking toplevel() on ptolemy.moml.MoMLSimpleApplication@10c32dba
reloadAllAccessors: .Expression10

===========================================================================================
----------------- testing Sun Feb 17 03:31:29 UTC 2019 /home/travis/build/icyphy/ptII/ptolemy/actor/lib/test/auto/Expression11.xml
----------------- Instantiating /home/travis/build/icyphy/ptII/ptolemy/actor/lib/test/auto/Expression11.xml
2 ms. Memory: 1364480K Free: 623753K (46%)
----------------- Invoking toplevel() on ptolemy.moml.MoMLSimpleApplication@53b580c2
----------------- Done invoking toplevel() on ptolemy.moml.MoMLSimpleApplication@53b580c2
reloadAllAccessors: .Expression11

===========================================================================================
----------------- testing Sun Feb 17 03:31:29 UTC 2019 /home/travis/build/icyphy/ptII/ptolemy/actor/lib/test/auto/Expression12.xml
----------------- Instantiating /home/travis/build/icyphy/ptII/ptolemy/actor/lib/test/auto/Expression12.xml
5 ms. Memory: 1364480K Free: 611301K (45%)
----------------- Invoking toplevel() on ptolemy.moml.MoMLSimpleApplication@63612abc
----------------- Done invoking toplevel() on ptolemy.moml.MoMLSimpleApplication@63612abc
reloadAllAccessors: .Expression12

===========================================================================================
----------------- testing Sun Feb 17 03:31:29 UTC 2019 /home/travis/build/icyphy/ptII/ptolemy/actor/lib/test/auto/Expression13.xml
----------------- Instantiating /home/travis/build/icyphy/ptII/ptolemy/actor/lib/test/auto/Expression13.xml
3 ms. Memory: 1364480K Free: 589612K (43%)
----------------- Invoking toplevel() on ptolemy.moml.MoMLSimpleApplication@4735ea4a
----------------- Done invoking toplevel() on ptolemy.moml.MoMLSimpleApplication@4735ea4a
reloadAllAccessors: .Expression13

===========================================================================================
----------------- testing Sun Feb 17 03:31:29 UTC 2019 /home/travis/build/icyphy/ptII/ptolemy/actor/lib/test/auto/Expression14.xml
----------------- Instantiating /home/travis/build/icyphy/ptII/ptolemy/actor/lib/test/auto/Expression14.xml
7 ms. Memory: 1364480K Free: 577161K (42%)
----------------- Invoking toplevel() on ptolemy.moml.MoMLSimpleApplication@4610ef81
----------------- Done invoking toplevel() on ptolemy.moml.MoMLSimpleApplication@4610ef81
reloadAllAccessors: .Expression14

===========================================================================================
----------------- testing Sun Feb 17 03:31:29 UTC 2019 /home/travis/build/icyphy/ptII/ptolemy/actor/lib/test/auto/Expression15.xml
----------------- Instantiating /home/travis/build/icyphy/ptII/ptolemy/actor/lib/test/auto/Expression15.xml
1 ms. Memory: 1364480K Free: 564709K (41%)
----------------- Invoking toplevel() on ptolemy.moml.MoMLSimpleApplication@77d24f3d
----------------- Done invoking toplevel() on ptolemy.moml.MoMLSimpleApplication@77d24f3d
reloadAllAccessors: .Expression15

===========================================================================================
----------------- testing Sun Feb 17 03:31:29 UTC 2019 /home/travis/build/icyphy/ptII/ptolemy/actor/lib/test/auto/Expression16.xml
----------------- Instantiating /home/travis/build/icyphy/ptII/ptolemy/actor/lib/test/auto/Expression16.xml
4 ms. Memory: 1364480K Free: 552257K (40%)
----------------- Invoking toplevel() on ptolemy.moml.MoMLSimpleApplication@3f5c9f3c
----------------- Done invoking toplevel() on ptolemy.moml.MoMLSimpleApplication@3f5c9f3c
reloadAllAccessors: .Expression16

===========================================================================================
----------------- testing Sun Feb 17 03:31:29 UTC 2019 /home/travis/build/icyphy/ptII/ptolemy/actor/lib/test/auto/Expression17.xml
----------------- Instantiating /home/travis/build/icyphy/ptII/ptolemy/actor/lib/test/auto/Expression17.xml
5 ms. Memory: 1364480K Free: 530568K (39%)
----------------- Invoking toplevel() on ptolemy.moml.MoMLSimpleApplication@4a299858
----------------- Done invoking toplevel() on ptolemy.moml.MoMLSimpleApplication@4a299858
reloadAllAccessors: .Expression17

===========================================================================================
----------------- testing Sun Feb 17 03:31:29 UTC 2019 /home/travis/build/icyphy/ptII/ptolemy/actor/lib/test/auto/Expression18.xml
----------------- Instantiating /home/travis/build/icyphy/ptII/ptolemy/actor/lib/test/auto/Expression18.xml
2 ms. Memory: 1364480K Free: 518116K (38%)
----------------- Invoking toplevel() on ptolemy.moml.MoMLSimpleApplication@1223920b
----------------- Done invoking toplevel() on ptolemy.moml.MoMLSimpleApplication@1223920b
reloadAllAccessors: .Expression18

===========================================================================================
----------------- testing Sun Feb 17 03:31:29 UTC 2019 /home/travis/build/icyphy/ptII/ptolemy/actor/lib/test/auto/Expression2.xml
----------------- Instantiating /home/travis/build/icyphy/ptII/ptolemy/actor/lib/test/auto/Expression2.xml
3 ms. Memory: 1364480K Free: 505664K (37%)
----------------- Invoking toplevel() on ptolemy.moml.MoMLSimpleApplication@6acbf2e7
----------------- Done invoking toplevel() on ptolemy.moml.MoMLSimpleApplication@6acbf2e7
reloadAllAccessors: .Expression2

===========================================================================================
----------------- testing Sun Feb 17 03:31:29 UTC 2019 /home/travis/build/icyphy/ptII/ptolemy/actor/lib/test/auto/Expression3.xml
----------------- Instantiating /home/travis/build/icyphy/ptII/ptolemy/actor/lib/test/auto/Expression3.xml
8 ms. Memory: 1364480K Free: 493212K (36%)
----------------- Invoking toplevel() on ptolemy.moml.MoMLSimpleApplication@225313da
----------------- Done invoking toplevel() on ptolemy.moml.MoMLSimpleApplication@225313da
reloadAllAccessors: .Expression3

===========================================================================================
----------------- testing Sun Feb 17 03:31:29 UTC 2019 /home/travis/build/icyphy/ptII/ptolemy/actor/lib/test/auto/Expression4.xml
----------------- Instantiating /home/travis/build/icyphy/ptII/ptolemy/actor/lib/test/auto/Expression4.xml
3 ms. Memory: 1364480K Free: 471523K (35%)
----------------- Invoking toplevel() on ptolemy.moml.MoMLSimpleApplication@13767261
----------------- Done invoking toplevel() on ptolemy.moml.MoMLSimpleApplication@13767261
reloadAllAccessors: .Expression4

===========================================================================================
----------------- testing Sun Feb 17 03:31:29 UTC 2019 /home/travis/build/icyphy/ptII/ptolemy/actor/lib/test/auto/Expression5.xml
----------------- Instantiating /home/travis/build/icyphy/ptII/ptolemy/actor/lib/test/auto/Expression5.xml
7 ms. Memory: 1364480K Free: 459071K (34%)
----------------- Invoking toplevel() on ptolemy.moml.MoMLSimpleApplication@318cbafe
----------------- Done invoking toplevel() on ptolemy.moml.MoMLSimpleApplication@318cbafe
reloadAllAccessors: .Expression5

===========================================================================================
----------------- testing Sun Feb 17 03:31:29 UTC 2019 /home/travis/build/icyphy/ptII/ptolemy/actor/lib/test/auto/Expression6.xml
----------------- Instantiating /home/travis/build/icyphy/ptII/ptolemy/actor/lib/test/auto/Expression6.xml
4 ms. Memory: 1364480K Free: 446619K (33%)
----------------- Invoking toplevel() on ptolemy.moml.MoMLSimpleApplication@368c5485
----------------- Done invoking toplevel() on ptolemy.moml.MoMLSimpleApplication@368c5485
reloadAllAccessors: .Expression6

===========================================================================================
----------------- testing Sun Feb 17 03:31:29 UTC 2019 /home/travis/build/icyphy/ptII/ptolemy/actor/lib/test/auto/Expression7.xml
----------------- Instantiating /home/travis/build/icyphy/ptII/ptolemy/actor/lib/test/auto/Expression7.xml
2 ms. Memory: 1364480K Free: 434167K (32%)
----------------- Invoking toplevel() on ptolemy.moml.MoMLSimpleApplication@78f012cc
----------------- Done invoking toplevel() on ptolemy.moml.MoMLSimpleApplication@78f012cc
reloadAllAccessors: .Expression7

===========================================================================================
----------------- testing Sun Feb 17 03:31:29 UTC 2019 /home/travis/build/icyphy/ptII/ptolemy/actor/lib/test/auto/Expression8.xml
----------------- Instantiating /home/travis/build/icyphy/ptII/ptolemy/actor/lib/test/auto/Expression8.xml
9 ms. Memory: 1364480K Free: 412478K (30%)
----------------- Invoking toplevel() on ptolemy.moml.MoMLSimpleApplication@13dbc995
----------------- Done invoking toplevel() on ptolemy.moml.MoMLSimpleApplication@13dbc995
reloadAllAccessors: .Expression8

===========================================================================================
----------------- testing Sun Feb 17 03:31:29 UTC 2019 /home/travis/build/icyphy/ptII/ptolemy/actor/lib/test/auto/Expression9.xml
----------------- Instantiating /home/travis/build/icyphy/ptII/ptolemy/actor/lib/test/auto/Expression9.xml
1 ms. Memory: 1364480K Free: 400026K (29%)
----------------- Invoking toplevel() on ptolemy.moml.MoMLSimpleApplication@36a3e8a
----------------- Done invoking toplevel() on ptolemy.moml.MoMLSimpleApplication@36a3e8a
reloadAllAccessors: .Expression9

===========================================================================================
----------------- testing Sun Feb 17 03:31:29 UTC 2019 /home/travis/build/icyphy/ptII/ptolemy/actor/lib/test/auto/ExpressionConcatenateArrayType.xml
----------------- Instantiating /home/travis/build/icyphy/ptII/ptolemy/actor/lib/test/auto/ExpressionConcatenateArrayType.xml
2 ms. Memory: 1364480K Free: 387574K (28%)
----------------- Invoking toplevel() on ptolemy.moml.MoMLSimpleApplication@23260c1
----------------- Done invoking toplevel() on ptolemy.moml.MoMLSimpleApplication@23260c1
reloadAllAccessors: .ExpressionConcatenateArrayType

===========================================================================================
----------------- testing Sun Feb 17 03:31:29 UTC 2019 /home/travis/build/icyphy/ptII/ptolemy/actor/lib/test/auto/ExpressionConcatenateArrayType2.xml
----------------- Instantiating /home/travis/build/icyphy/ptII/ptolemy/actor/lib/test/auto/ExpressionConcatenateArrayType2.xml
2 ms. Memory: 1364480K Free: 375122K (27%)
----------------- Invoking toplevel() on ptolemy.moml.MoMLSimpleApplication@5de7bb39
----------------- Done invoking toplevel() on ptolemy.moml.MoMLSimpleApplication@5de7bb39
reloadAllAccessors: .ExpressionConcatenateArrayType2

===========================================================================================
----------------- testing Sun Feb 17 03:31:29 UTC 2019 /home/travis/build/icyphy/ptII/ptolemy/actor/lib/test/auto/ExpressionFix.xml
----------------- Instantiating /home/travis/build/icyphy/ptII/ptolemy/actor/lib/test/auto/ExpressionFix.xml
22 ms. Memory: 1364480K Free: 362670K (27%)
----------------- Invoking toplevel() on ptolemy.moml.MoMLSimpleApplication@67fdbe68
----------------- Done invoking toplevel() on ptolemy.moml.MoMLSimpleApplication@67fdbe68
reloadAllAccessors: .ExpressionFix

===========================================================================================
----------------- testing Sun Feb 17 03:31:29 UTC 2019 /home/travis/build/icyphy/ptII/ptolemy/actor/lib/test/auto/ExpressionFix2.xml
----------------- Instantiating /home/travis/build/icyphy/ptII/ptolemy/actor/lib/test/auto/ExpressionFix2.xml
4 ms. Memory: 1364480K Free: 340981K (25%)
----------------- Invoking toplevel() on ptolemy.moml.MoMLSimpleApplication@21353e67
----------------- Done invoking toplevel() on ptolemy.moml.MoMLSimpleApplication@21353e67
reloadAllAccessors: .ExpressionFix2

===========================================================================================
----------------- testing Sun Feb 17 03:31:29 UTC 2019 /home/travis/build/icyphy/ptII/ptolemy/actor/lib/test/auto/ExpressionFix3.xml
----------------- Instantiating /home/travis/build/icyphy/ptII/ptolemy/actor/lib/test/auto/ExpressionFix3.xml
9 ms. Memory: 1364480K Free: 328529K (24%)
----------------- Invoking toplevel() on ptolemy.moml.MoMLSimpleApplication@3da55bc4
----------------- Done invoking toplevel() on ptolemy.moml.MoMLSimpleApplication@3da55bc4
reloadAllAccessors: .ExpressionFix3

===========================================================================================
----------------- testing Sun Feb 17 03:31:29 UTC 2019 /home/travis/build/icyphy/ptII/ptolemy/actor/lib/test/auto/FileWriter1.xml
----------------- Instantiating /home/travis/build/icyphy/ptII/ptolemy/actor/lib/test/auto/FileWriter1.xml
3 ms. Memory: 1364480K Free: 316077K (23%)
----------------- Invoking toplevel() on ptolemy.moml.MoMLSimpleApplication@198d3583
----------------- Done invoking toplevel() on ptolemy.moml.MoMLSimpleApplication@198d3583
reloadAllAccessors: .FileWriter1

===========================================================================================
----------------- testing Sun Feb 17 03:31:29 UTC 2019 /home/travis/build/icyphy/ptII/ptolemy/actor/lib/test/auto/FileWriter2.xml
----------------- Instantiating /home/travis/build/icyphy/ptII/ptolemy/actor/lib/test/auto/FileWriter2.xml
3 ms. Memory: 1364480K Free: 303626K (22%)
----------------- Invoking toplevel() on ptolemy.moml.MoMLSimpleApplication@3f847203
----------------- Done invoking toplevel() on ptolemy.moml.MoMLSimpleApplication@3f847203
reloadAllAccessors: .FileWriter2

===========================================================================================
----------------- testing Sun Feb 17 03:31:29 UTC 2019 /home/travis/build/icyphy/ptII/ptolemy/actor/lib/test/auto/FileWriter3.xml
----------------- Instantiating /home/travis/build/icyphy/ptII/ptolemy/actor/lib/test/auto/FileWriter3.xml
2 ms. Memory: 1364480K Free: 281936K (21%)
----------------- Invoking toplevel() on ptolemy.moml.MoMLSimpleApplication@3dfa24d3
----------------- Done invoking toplevel() on ptolemy.moml.MoMLSimpleApplication@3dfa24d3
reloadAllAccessors: .FileWriter3

===========================================================================================
----------------- testing Sun Feb 17 03:31:29 UTC 2019 /home/travis/build/icyphy/ptII/ptolemy/actor/lib/test/auto/Gaussian.xml
----------------- Instantiating /home/travis/build/icyphy/ptII/ptolemy/actor/lib/test/auto/Gaussian.xml
3 ms. Memory: 1364480K Free: 269484K (20%)
----------------- Invoking toplevel() on ptolemy.moml.MoMLSimpleApplication@d7cc831
----------------- Done invoking toplevel() on ptolemy.moml.MoMLSimpleApplication@d7cc831
reloadAllAccessors: .Gaussian

===========================================================================================
----------------- testing Sun Feb 17 03:31:29 UTC 2019 /home/travis/build/icyphy/ptII/ptolemy/actor/lib/test/auto/Gaussian1.xml
----------------- Instantiating /home/travis/build/icyphy/ptII/ptolemy/actor/lib/test/auto/Gaussian1.xml
4 ms. Memory: 1364480K Free: 257033K (19%)
----------------- Invoking toplevel() on ptolemy.moml.MoMLSimpleApplication@2c5bdc0e
----------------- Done invoking toplevel() on ptolemy.moml.MoMLSimpleApplication@2c5bdc0e
reloadAllAccessors: .Gaussian1

===========================================================================================
----------------- testing Sun Feb 17 03:31:29 UTC 2019 /home/travis/build/icyphy/ptII/ptolemy/actor/lib/test/auto/Gaussian2.xml
----------------- Instantiating /home/travis/build/icyphy/ptII/ptolemy/actor/lib/test/auto/Gaussian2.xml
2 ms. Memory: 1364480K Free: 244581K (18%)
----------------- Invoking toplevel() on ptolemy.moml.MoMLSimpleApplication@2e6732a6
----------------- Done invoking toplevel() on ptolemy.moml.MoMLSimpleApplication@2e6732a6
reloadAllAccessors: .Gaussian2

===========================================================================================
----------------- testing Sun Feb 17 03:31:29 UTC 2019 /home/travis/build/icyphy/ptII/ptolemy/actor/lib/test/auto/GradientAdaptiveLattice.xml
----------------- Instantiating /home/travis/build/icyphy/ptII/ptolemy/actor/lib/test/auto/GradientAdaptiveLattice.xml
3 ms. Memory: 1364480K Free: 222892K (16%)
----------------- Invoking toplevel() on ptolemy.moml.MoMLSimpleApplication@6dc1d87a
----------------- Done invoking toplevel() on ptolemy.moml.MoMLSimpleApplication@6dc1d87a
reloadAllAccessors: .GradientAdaptiveLattice

===========================================================================================
----------------- testing Sun Feb 17 03:31:29 UTC 2019 /home/travis/build/icyphy/ptII/ptolemy/actor/lib/test/auto/IIR.xml
----------------- Instantiating /home/travis/build/icyphy/ptII/ptolemy/actor/lib/test/auto/IIR.xml
1 ms. Memory: 1364480K Free: 210440K (15%)
----------------- Invoking toplevel() on ptolemy.moml.MoMLSimpleApplication@4ed2e05f
----------------- Done invoking toplevel() on ptolemy.moml.MoMLSimpleApplication@4ed2e05f
reloadAllAccessors: .IIR

===========================================================================================
----------------- testing Sun Feb 17 03:31:29 UTC 2019 /home/travis/build/icyphy/ptII/ptolemy/actor/lib/test/auto/InputOutputTransparentPorts.xml
----------------- Instantiating /home/travis/build/icyphy/ptII/ptolemy/actor/lib/test/auto/InputOutputTransparentPorts.xml
2 ms. Memory: 1364480K Free: 197988K (15%)
----------------- Invoking toplevel() on ptolemy.moml.MoMLSimpleApplication@461d532f
----------------- Done invoking toplevel() on ptolemy.moml.MoMLSimpleApplication@461d532f
reloadAllAccessors: .InputOutputTransparentPorts

===========================================================================================
----------------- testing Sun Feb 17 03:31:29 UTC 2019 /home/travis/build/icyphy/ptII/ptolemy/actor/lib/test/auto/Interpolator.xml
----------------- Instantiating /home/travis/build/icyphy/ptII/ptolemy/actor/lib/test/auto/Interpolator.xml
4 ms. Memory: 1364480K Free: 185536K (14%)
----------------- Invoking toplevel() on ptolemy.moml.MoMLSimpleApplication@26817f94
----------------- Done invoking toplevel() on ptolemy.moml.MoMLSimpleApplication@26817f94
reloadAllAccessors: .Interpolator

===========================================================================================
----------------- testing Sun Feb 17 03:31:29 UTC 2019 /home/travis/build/icyphy/ptII/ptolemy/actor/lib/test/auto/InterpolatorFiringLimitDE.xml
----------------- Instantiating /home/travis/build/icyphy/ptII/ptolemy/actor/lib/test/auto/InterpolatorFiringLimitDE.xml
3 ms. Memory: 1364480K Free: 163847K (12%)
----------------- Invoking toplevel() on ptolemy.moml.MoMLSimpleApplication@1feeb03a
----------------- Done invoking toplevel() on ptolemy.moml.MoMLSimpleApplication@1feeb03a
reloadAllAccessors: .InterpolatorFiringLimitDE

===========================================================================================
----------------- testing Sun Feb 17 03:31:30 UTC 2019 /home/travis/build/icyphy/ptII/ptolemy/actor/lib/test/auto/Lattice.xml
----------------- Instantiating /home/travis/build/icyphy/ptII/ptolemy/actor/lib/test/auto/Lattice.xml
2 ms. Memory: 1364480K Free: 151395K (11%)
----------------- Invoking toplevel() on ptolemy.moml.MoMLSimpleApplication@665f9102
----------------- Done invoking toplevel() on ptolemy.moml.MoMLSimpleApplication@665f9102
reloadAllAccessors: .Lattice

===========================================================================================
----------------- testing Sun Feb 17 03:31:30 UTC 2019 /home/travis/build/icyphy/ptII/ptolemy/actor/lib/test/auto/LazyAOCTestLazy.xml
----------------- Instantiating /home/travis/build/icyphy/ptII/ptolemy/actor/lib/test/auto/LazyAOCTestLazy.xml
9 ms. Memory: 1364480K Free: 138943K (10%)
----------------- Invoking toplevel() on ptolemy.moml.MoMLSimpleApplication@2f830ae1
----------------- Done invoking toplevel() on ptolemy.moml.MoMLSimpleApplication@2f830ae1
reloadAllAccessors: .LazyAOCTestLazy

===========================================================================================
----------------- testing Sun Feb 17 03:31:30 UTC 2019 /home/travis/build/icyphy/ptII/ptolemy/actor/lib/test/auto/LazyAOCTestNonLazy.xml
----------------- Instantiating /home/travis/build/icyphy/ptII/ptolemy/actor/lib/test/auto/LazyAOCTestNonLazy.xml
9 ms. Memory: 1364480K Free: 126491K (9%)
----------------- Invoking toplevel() on ptolemy.moml.MoMLSimpleApplication@cf5dd96
----------------- Done invoking toplevel() on ptolemy.moml.MoMLSimpleApplication@cf5dd96
reloadAllAccessors: .LazyAOCTestNonLazy

===========================================================================================
----------------- testing Sun Feb 17 03:31:30 UTC 2019 /home/travis/build/icyphy/ptII/ptolemy/actor/lib/test/auto/LazyInnerClass.xml
----------------- Instantiating /home/travis/build/icyphy/ptII/ptolemy/actor/lib/test/auto/LazyInnerClass.xml
28 ms. Memory: 1364480K Free: 104802K (8%)
----------------- Invoking toplevel() on ptolemy.moml.MoMLSimpleApplication@461ac5d1
----------------- Done invoking toplevel() on ptolemy.moml.MoMLSimpleApplication@461ac5d1
reloadAllAccessors: .LazyInnerClass

===========================================================================================
----------------- testing Sun Feb 17 03:31:30 UTC 2019 /home/travis/build/icyphy/ptII/ptolemy/actor/lib/test/auto/LazyPubSub.xml
----------------- Instantiating /home/travis/build/icyphy/ptII/ptolemy/actor/lib/test/auto/LazyPubSub.xml
15 ms. Memory: 1364480K Free: 92350K (7%)
----------------- Invoking toplevel() on ptolemy.moml.MoMLSimpleApplication@b1f0e0d
----------------- Done invoking toplevel() on ptolemy.moml.MoMLSimpleApplication@b1f0e0d
reloadAllAccessors: .LazyPubSub

===========================================================================================
----------------- testing Sun Feb 17 03:31:30 UTC 2019 /home/travis/build/icyphy/ptII/ptolemy/actor/lib/test/auto/LazyPubSub2.xml
----------------- Instantiating /home/travis/build/icyphy/ptII/ptolemy/actor/lib/test/auto/LazyPubSub2.xml
17 ms. Memory: 1364480K Free: 82291K (6%)
----------------- Invoking toplevel() on ptolemy.moml.MoMLSimpleApplication@42f1ce5a
----------------- Done invoking toplevel() on ptolemy.moml.MoMLSimpleApplication@42f1ce5a
reloadAllAccessors: .LazyPubSub2

===========================================================================================
----------------- testing Sun Feb 17 03:31:30 UTC 2019 /home/travis/build/icyphy/ptII/ptolemy/actor/lib/test/auto/LazyPubSub3.xml
----------------- Instantiating /home/travis/build/icyphy/ptII/ptolemy/actor/lib/test/auto/LazyPubSub3.xml
13 ms. Memory: 1364480K Free: 1313492K (96%)
----------------- Invoking toplevel() on ptolemy.moml.MoMLSimpleApplication@762c0b3c
----------------- Done invoking toplevel() on ptolemy.moml.MoMLSimpleApplication@762c0b3c
reloadAllAccessors: .LazyPubSub3

===========================================================================================
----------------- testing Sun Feb 17 03:31:30 UTC 2019 /home/travis/build/icyphy/ptII/ptolemy/actor/lib/test/auto/LazySubClassModel.xml
----------------- Instantiating /home/travis/build/icyphy/ptII/ptolemy/actor/lib/test/auto/LazySubClassModel.xml
1 ms. Memory: 1364480K Free: 1287904K (94%)
----------------- Invoking toplevel() on ptolemy.moml.MoMLSimpleApplication@184a980d
----------------- Done invoking toplevel() on ptolemy.moml.MoMLSimpleApplication@184a980d
reloadAllAccessors: .LazySubClassModel

===========================================================================================
----------------- testing Sun Feb 17 03:31:30 UTC 2019 /home/travis/build/icyphy/ptII/ptolemy/actor/lib/test/auto/LevelCrossTest1.xml
----------------- Instantiating /home/travis/build/icyphy/ptII/ptolemy/actor/lib/test/auto/LevelCrossTest1.xml
1 ms. Memory: 1364480K Free: 1275452K (93%)
----------------- Invoking toplevel() on ptolemy.moml.MoMLSimpleApplication@6204540c
----------------- Done invoking toplevel() on ptolemy.moml.MoMLSimpleApplication@6204540c
reloadAllAccessors: .broken

===========================================================================================
----------------- testing Sun Feb 17 03:31:30 UTC 2019 /home/travis/build/icyphy/ptII/ptolemy/actor/lib/test/auto/LevelCrossTest10.xml
----------------- Instantiating /home/travis/build/icyphy/ptII/ptolemy/actor/lib/test/auto/LevelCrossTest10.xml
1 ms. Memory: 1364480K Free: 1263001K (93%)
----------------- Invoking toplevel() on ptolemy.moml.MoMLSimpleApplication@5907d81d
----------------- Done invoking toplevel() on ptolemy.moml.MoMLSimpleApplication@5907d81d
reloadAllAccessors: .LevelCrossTest10

===========================================================================================
----------------- testing Sun Feb 17 03:31:30 UTC 2019 /home/travis/build/icyphy/ptII/ptolemy/actor/lib/test/auto/LevelCrossTest11.xml
----------------- Instantiating /home/travis/build/icyphy/ptII/ptolemy/actor/lib/test/auto/LevelCrossTest11.xml
1 ms. Memory: 1364480K Free: 1243639K (91%)
----------------- Invoking toplevel() on ptolemy.moml.MoMLSimpleApplication@12e66f26
----------------- Done invoking toplevel() on ptolemy.moml.MoMLSimpleApplication@12e66f26
reloadAllAccessors: .LevelCrossTest11

===========================================================================================
----------------- testing Sun Feb 17 03:31:30 UTC 2019 /home/travis/build/icyphy/ptII/ptolemy/actor/lib/test/auto/LevelCrossTest12.xml
----------------- Instantiating /home/travis/build/icyphy/ptII/ptolemy/actor/lib/test/auto/LevelCrossTest12.xml
1 ms. Memory: 1364480K Free: 1231187K (90%)
----------------- Invoking toplevel() on ptolemy.moml.MoMLSimpleApplication@175b96bd
----------------- Done invoking toplevel() on ptolemy.moml.MoMLSimpleApplication@175b96bd
reloadAllAccessors: .LevelCrossTest12

===========================================================================================
----------------- testing Sun Feb 17 03:31:30 UTC 2019 /home/travis/build/icyphy/ptII/ptolemy/actor/lib/test/auto/LevelCrossTest13.xml
----------------- Instantiating /home/travis/build/icyphy/ptII/ptolemy/actor/lib/test/auto/LevelCrossTest13.xml
1 ms. Memory: 1364480K Free: 1211826K (89%)
----------------- Invoking toplevel() on ptolemy.moml.MoMLSimpleApplication@4c0e2d4d
----------------- Done invoking toplevel() on ptolemy.moml.MoMLSimpleApplication@4c0e2d4d
reloadAllAccessors: .LevelCrossTest13

===========================================================================================
----------------- testing Sun Feb 17 03:31:30 UTC 2019 /home/travis/build/icyphy/ptII/ptolemy/actor/lib/test/auto/LevelCrossTest2.xml
----------------- Instantiating /home/travis/build/icyphy/ptII/ptolemy/actor/lib/test/auto/LevelCrossTest2.xml
1 ms. Memory: 1364480K Free: 1199374K (88%)
----------------- Invoking toplevel() on ptolemy.moml.MoMLSimpleApplication@45b83a52
----------------- Done invoking toplevel() on ptolemy.moml.MoMLSimpleApplication@45b83a52
reloadAllAccessors: .broken

===========================================================================================
----------------- testing Sun Feb 17 03:31:30 UTC 2019 /home/travis/build/icyphy/ptII/ptolemy/actor/lib/test/auto/LevelCrossTest3.xml
----------------- Instantiating /home/travis/build/icyphy/ptII/ptolemy/actor/lib/test/auto/LevelCrossTest3.xml
1 ms. Memory: 1364480K Free: 1186922K (87%)
----------------- Invoking toplevel() on ptolemy.moml.MoMLSimpleApplication@736939be
----------------- Done invoking toplevel() on ptolemy.moml.MoMLSimpleApplication@736939be
reloadAllAccessors: .LevelCrossTest3

===========================================================================================
----------------- testing Sun Feb 17 03:31:30 UTC 2019 /home/travis/build/icyphy/ptII/ptolemy/actor/lib/test/auto/LevelCrossTest4.xml
----------------- Instantiating /home/travis/build/icyphy/ptII/ptolemy/actor/lib/test/auto/LevelCrossTest4.xml
1 ms. Memory: 1364480K Free: 1167561K (86%)
----------------- Invoking toplevel() on ptolemy.moml.MoMLSimpleApplication@5b285bae
----------------- Done invoking toplevel() on ptolemy.moml.MoMLSimpleApplication@5b285bae
reloadAllAccessors: .broken

===========================================================================================
----------------- testing Sun Feb 17 03:31:30 UTC 2019 /home/travis/build/icyphy/ptII/ptolemy/actor/lib/test/auto/LevelCrossTest5.xml
----------------- Instantiating /home/travis/build/icyphy/ptII/ptolemy/actor/lib/test/auto/LevelCrossTest5.xml
1 ms. Memory: 1364480K Free: 1155109K (85%)
----------------- Invoking toplevel() on ptolemy.moml.MoMLSimpleApplication@450833b7
----------------- Done invoking toplevel() on ptolemy.moml.MoMLSimpleApplication@450833b7
reloadAllAccessors: .LevelCrossTest5

===========================================================================================
----------------- testing Sun Feb 17 03:31:30 UTC 2019 /home/travis/build/icyphy/ptII/ptolemy/actor/lib/test/auto/LevelCrossTest6.xml
----------------- Instantiating /home/travis/build/icyphy/ptII/ptolemy/actor/lib/test/auto/LevelCrossTest6.xml
2 ms. Memory: 1364480K Free: 1142657K (84%)
----------------- Invoking toplevel() on ptolemy.moml.MoMLSimpleApplication@6782ec9a
----------------- Done invoking toplevel() on ptolemy.moml.MoMLSimpleApplication@6782ec9a
reloadAllAccessors: .LevelCrossTest6

===========================================================================================
----------------- testing Sun Feb 17 03:31:30 UTC 2019 /home/travis/build/icyphy/ptII/ptolemy/actor/lib/test/auto/LevelCrossTest7.xml
----------------- Instantiating /home/travis/build/icyphy/ptII/ptolemy/actor/lib/test/auto/LevelCrossTest7.xml
4 ms. Memory: 1364480K Free: 1123295K (82%)
----------------- Invoking toplevel() on ptolemy.moml.MoMLSimpleApplication@4d928b43
----------------- Done invoking toplevel() on ptolemy.moml.MoMLSimpleApplication@4d928b43
reloadAllAccessors: .LevelCrossTest7

===========================================================================================
----------------- testing Sun Feb 17 03:31:30 UTC 2019 /home/travis/build/icyphy/ptII/ptolemy/actor/lib/test/auto/LevelCrossTest8.xml
----------------- Instantiating /home/travis/build/icyphy/ptII/ptolemy/actor/lib/test/auto/LevelCrossTest8.xml
1 ms. Memory: 1364480K Free: 1110843K (81%)
----------------- Invoking toplevel() on ptolemy.moml.MoMLSimpleApplication@5f2d2f62
----------------- Done invoking toplevel() on ptolemy.moml.MoMLSimpleApplication@5f2d2f62
reloadAllAccessors: .LevelCrossTest8

===========================================================================================
----------------- testing Sun Feb 17 03:31:30 UTC 2019 /home/travis/build/icyphy/ptII/ptolemy/actor/lib/test/auto/LevelCrossTest9.xml
----------------- Instantiating /home/travis/build/icyphy/ptII/ptolemy/actor/lib/test/auto/LevelCrossTest9.xml
1 ms. Memory: 1364480K Free: 1098392K (80%)
----------------- Invoking toplevel() on ptolemy.moml.MoMLSimpleApplication@7f3ab6fe
----------------- Done invoking toplevel() on ptolemy.moml.MoMLSimpleApplication@7f3ab6fe
reloadAllAccessors: .LevelCrossTest9

===========================================================================================
----------------- testing Sun Feb 17 03:31:30 UTC 2019 /home/travis/build/icyphy/ptII/ptolemy/actor/lib/test/auto/LevinsonDurbin.xml
----------------- Instantiating /home/travis/build/icyphy/ptII/ptolemy/actor/lib/test/auto/LevinsonDurbin.xml
1 ms. Memory: 1364480K Free: 1079030K (79%)
----------------- Invoking toplevel() on ptolemy.moml.MoMLSimpleApplication@72cab562
----------------- Done invoking toplevel() on ptolemy.moml.MoMLSimpleApplication@72cab562
reloadAllAccessors: .LevinsonDurbin

===========================================================================================
----------------- testing Sun Feb 17 03:31:30 UTC 2019 /home/travis/build/icyphy/ptII/ptolemy/actor/lib/test/auto/LevinsonDurbin2.xml
----------------- Instantiating /home/travis/build/icyphy/ptII/ptolemy/actor/lib/test/auto/LevinsonDurbin2.xml
1 ms. Memory: 1364480K Free: 1066578K (78%)
----------------- Invoking toplevel() on ptolemy.moml.MoMLSimpleApplication@66e03779
----------------- Done invoking toplevel() on ptolemy.moml.MoMLSimpleApplication@66e03779
reloadAllAccessors: .LevinsonDurbin2

===========================================================================================
----------------- testing Sun Feb 17 03:31:30 UTC 2019 /home/travis/build/icyphy/ptII/ptolemy/actor/lib/test/auto/LevinsonDurbin3.xml
----------------- Instantiating /home/travis/build/icyphy/ptII/ptolemy/actor/lib/test/auto/LevinsonDurbin3.xml
1 ms. Memory: 1364480K Free: 1054126K (77%)
----------------- Invoking toplevel() on ptolemy.moml.MoMLSimpleApplication@76b1d6db
----------------- Done invoking toplevel() on ptolemy.moml.MoMLSimpleApplication@76b1d6db
reloadAllAccessors: .LevinsonDurbin3

===========================================================================================
----------------- testing Sun Feb 17 03:31:30 UTC 2019 /home/travis/build/icyphy/ptII/ptolemy/actor/lib/test/auto/Limiter.xml
----------------- Instantiating /home/travis/build/icyphy/ptII/ptolemy/actor/lib/test/auto/Limiter.xml
3 ms. Memory: 1364480K Free: 1034765K (76%)
----------------- Invoking toplevel() on ptolemy.moml.MoMLSimpleApplication@3eeba4e
----------------- Done invoking toplevel() on ptolemy.moml.MoMLSimpleApplication@3eeba4e
reloadAllAccessors: .Limiter

===========================================================================================
----------------- testing Sun Feb 17 03:31:30 UTC 2019 /home/travis/build/icyphy/ptII/ptolemy/actor/lib/test/auto/LinearDifferenceEquationSystem.xml
----------------- Instantiating /home/travis/build/icyphy/ptII/ptolemy/actor/lib/test/auto/LinearDifferenceEquationSystem.xml
3 ms. Memory: 1364480K Free: 1022313K (75%)
----------------- Invoking toplevel() on ptolemy.moml.MoMLSimpleApplication@57a9dc77
----------------- Done invoking toplevel() on ptolemy.moml.MoMLSimpleApplication@57a9dc77
reloadAllAccessors: .LinearDifferenceEquationSystem

===========================================================================================
----------------- testing Sun Feb 17 03:31:30 UTC 2019 /home/travis/build/icyphy/ptII/ptolemy/actor/lib/test/auto/LookupTable.xml
----------------- Instantiating /home/travis/build/icyphy/ptII/ptolemy/actor/lib/test/auto/LookupTable.xml
1 ms. Memory: 1364480K Free: 1009861K (74%)
----------------- Invoking toplevel() on ptolemy.moml.MoMLSimpleApplication@44560818
----------------- Done invoking toplevel() on ptolemy.moml.MoMLSimpleApplication@44560818
reloadAllAccessors: .LookupTable

===========================================================================================
----------------- testing Sun Feb 17 03:31:30 UTC 2019 /home/travis/build/icyphy/ptII/ptolemy/actor/lib/test/auto/MathFunction.xml
----------------- Instantiating /home/travis/build/icyphy/ptII/ptolemy/actor/lib/test/auto/MathFunction.xml
2 ms. Memory: 1364480K Free: 990500K (73%)
----------------- Invoking toplevel() on ptolemy.moml.MoMLSimpleApplication@7196b3f4
----------------- Done invoking toplevel() on ptolemy.moml.MoMLSimpleApplication@7196b3f4
reloadAllAccessors: .MathFunction

===========================================================================================
----------------- testing Sun Feb 17 03:31:30 UTC 2019 /home/travis/build/icyphy/ptII/ptolemy/actor/lib/test/auto/MathFunction2.xml
----------------- Instantiating /home/travis/build/icyphy/ptII/ptolemy/actor/lib/test/auto/MathFunction2.xml
1 ms. Memory: 1364480K Free: 978048K (72%)
----------------- Invoking toplevel() on ptolemy.moml.MoMLSimpleApplication@4b35a693
----------------- Done invoking toplevel() on ptolemy.moml.MoMLSimpleApplication@4b35a693
reloadAllAccessors: .MathFunction2

===========================================================================================
----------------- testing Sun Feb 17 03:31:30 UTC 2019 /home/travis/build/icyphy/ptII/ptolemy/actor/lib/test/auto/MathFunction3.xml
----------------- Instantiating /home/travis/build/icyphy/ptII/ptolemy/actor/lib/test/auto/MathFunction3.xml
2 ms. Memory: 1364480K Free: 965596K (71%)
----------------- Invoking toplevel() on ptolemy.moml.MoMLSimpleApplication@3b0bfa54
----------------- Done invoking toplevel() on ptolemy.moml.MoMLSimpleApplication@3b0bfa54
reloadAllAccessors: .MathFunction3

===========================================================================================
----------------- testing Sun Feb 17 03:31:30 UTC 2019 /home/travis/build/icyphy/ptII/ptolemy/actor/lib/test/auto/MatrixCropBoolean.xml
----------------- Instantiating /home/travis/build/icyphy/ptII/ptolemy/actor/lib/test/auto/MatrixCropBoolean.xml
2 ms. Memory: 1364480K Free: 946235K (69%)
----------------- Invoking toplevel() on ptolemy.moml.MoMLSimpleApplication@60dae00f
----------------- Done invoking toplevel() on ptolemy.moml.MoMLSimpleApplication@60dae00f
reloadAllAccessors: .MatrixCropBoolean

===========================================================================================
----------------- testing Sun Feb 17 03:31:30 UTC 2019 /home/travis/build/icyphy/ptII/ptolemy/actor/lib/test/auto/MatrixCropComplex.xml
----------------- Instantiating /home/travis/build/icyphy/ptII/ptolemy/actor/lib/test/auto/MatrixCropComplex.xml
2 ms. Memory: 1364480K Free: 933783K (68%)
----------------- Invoking toplevel() on ptolemy.moml.MoMLSimpleApplication@7b761019
----------------- Done invoking toplevel() on ptolemy.moml.MoMLSimpleApplication@7b761019
reloadAllAccessors: .MatrixCropComplex

===========================================================================================
----------------- testing Sun Feb 17 03:31:30 UTC 2019 /home/travis/build/icyphy/ptII/ptolemy/actor/lib/test/auto/MatrixCropDouble.xml
----------------- Instantiating /home/travis/build/icyphy/ptII/ptolemy/actor/lib/test/auto/MatrixCropDouble.xml
2 ms. Memory: 1364480K Free: 921331K (68%)
----------------- Invoking toplevel() on ptolemy.moml.MoMLSimpleApplication@454964b8
----------------- Done invoking toplevel() on ptolemy.moml.MoMLSimpleApplication@454964b8
reloadAllAccessors: .MatrixCropDouble

===========================================================================================
----------------- testing Sun Feb 17 03:31:30 UTC 2019 /home/travis/build/icyphy/ptII/ptolemy/actor/lib/test/auto/MatrixCropFix.xml
----------------- Instantiating /home/travis/build/icyphy/ptII/ptolemy/actor/lib/test/auto/MatrixCropFix.xml
1 ms. Memory: 1364480K Free: 901970K (66%)
----------------- Invoking toplevel() on ptolemy.moml.MoMLSimpleApplication@412445b9
----------------- Done invoking toplevel() on ptolemy.moml.MoMLSimpleApplication@412445b9
reloadAllAccessors: .MatrixCropFix

===========================================================================================
----------------- testing Sun Feb 17 03:31:30 UTC 2019 /home/travis/build/icyphy/ptII/ptolemy/actor/lib/test/auto/MatrixCropInt.xml
----------------- Instantiating /home/travis/build/icyphy/ptII/ptolemy/actor/lib/test/auto/MatrixCropInt.xml
2 ms. Memory: 1364480K Free: 889518K (65%)
----------------- Invoking toplevel() on ptolemy.moml.MoMLSimpleApplication@36cf1455
----------------- Done invoking toplevel() on ptolemy.moml.MoMLSimpleApplication@36cf1455
reloadAllAccessors: .MatrixCropInt

===========================================================================================
----------------- testing Sun Feb 17 03:31:30 UTC 2019 /home/travis/build/icyphy/ptII/ptolemy/actor/lib/test/auto/MatrixCropLong.xml
----------------- Instantiating /home/travis/build/icyphy/ptII/ptolemy/actor/lib/test/auto/MatrixCropLong.xml
1 ms. Memory: 1364480K Free: 877066K (64%)
----------------- Invoking toplevel() on ptolemy.moml.MoMLSimpleApplication@2fc38d34
----------------- Done invoking toplevel() on ptolemy.moml.MoMLSimpleApplication@2fc38d34
reloadAllAccessors: .MatrixCropLong

===========================================================================================
----------------- testing Sun Feb 17 03:31:30 UTC 2019 /home/travis/build/icyphy/ptII/ptolemy/actor/lib/test/auto/MatrixToArray.xml
----------------- Instantiating /home/travis/build/icyphy/ptII/ptolemy/actor/lib/test/auto/MatrixToArray.xml
9 ms. Memory: 1364480K Free: 845221K (62%)
----------------- Invoking toplevel() on ptolemy.moml.MoMLSimpleApplication@2f5e740a
----------------- Done invoking toplevel() on ptolemy.moml.MoMLSimpleApplication@2f5e740a
reloadAllAccessors: .MatrixToArray

===========================================================================================
----------------- testing Sun Feb 17 03:31:30 UTC 2019 /home/travis/build/icyphy/ptII/ptolemy/actor/lib/test/auto/MaxIndex.xml
----------------- Instantiating /home/travis/build/icyphy/ptII/ptolemy/actor/lib/test/auto/MaxIndex.xml
2 ms. Memory: 1364480K Free: 832769K (61%)
----------------- Invoking toplevel() on ptolemy.moml.MoMLSimpleApplication@33c23ff4
----------------- Done invoking toplevel() on ptolemy.moml.MoMLSimpleApplication@33c23ff4
reloadAllAccessors: .MaxIndex

===========================================================================================
----------------- testing Sun Feb 17 03:31:30 UTC 2019 /home/travis/build/icyphy/ptII/ptolemy/actor/lib/test/auto/Maximum.xml
----------------- Instantiating /home/travis/build/icyphy/ptII/ptolemy/actor/lib/test/auto/Maximum.xml
6 ms. Memory: 1364480K Free: 820318K (60%)
----------------- Invoking toplevel() on ptolemy.moml.MoMLSimpleApplication@570eafd7
----------------- Done invoking toplevel() on ptolemy.moml.MoMLSimpleApplication@570eafd7
reloadAllAccessors: .Maximum

===========================================================================================
----------------- testing Sun Feb 17 03:31:30 UTC 2019 /home/travis/build/icyphy/ptII/ptolemy/actor/lib/test/auto/MaximumComplex.xml
----------------- Instantiating /home/travis/build/icyphy/ptII/ptolemy/actor/lib/test/auto/MaximumComplex.xml
4 ms. Memory: 1364480K Free: 800956K (59%)
----------------- Invoking toplevel() on ptolemy.moml.MoMLSimpleApplication@73a15957
----------------- Done invoking toplevel() on ptolemy.moml.MoMLSimpleApplication@73a15957
reloadAllAccessors: .MaximumComplex

===========================================================================================
----------------- testing Sun Feb 17 03:31:30 UTC 2019 /home/travis/build/icyphy/ptII/ptolemy/actor/lib/test/auto/MethodCallTest.xml
----------------- Instantiating /home/travis/build/icyphy/ptII/ptolemy/actor/lib/test/auto/MethodCallTest.xml
1 ms. Memory: 1364480K Free: 788505K (58%)
----------------- Invoking toplevel() on ptolemy.moml.MoMLSimpleApplication@45195242
----------------- Done invoking toplevel() on ptolemy.moml.MoMLSimpleApplication@45195242
reloadAllAccessors: .MethodCallTest

===========================================================================================
----------------- testing Sun Feb 17 03:31:30 UTC 2019 /home/travis/build/icyphy/ptII/ptolemy/actor/lib/test/auto/Minimum.xml
----------------- Instantiating /home/travis/build/icyphy/ptII/ptolemy/actor/lib/test/auto/Minimum.xml
3 ms. Memory: 1364480K Free: 776053K (57%)
----------------- Invoking toplevel() on ptolemy.moml.MoMLSimpleApplication@4581ebc2
----------------- Done invoking toplevel() on ptolemy.moml.MoMLSimpleApplication@4581ebc2
reloadAllAccessors: .Minimum

===========================================================================================
----------------- testing Sun Feb 17 03:31:30 UTC 2019 /home/travis/build/icyphy/ptII/ptolemy/actor/lib/test/auto/MinimumComplex.xml
----------------- Instantiating /home/travis/build/icyphy/ptII/ptolemy/actor/lib/test/auto/MinimumComplex.xml
2 ms. Memory: 1364480K Free: 756691K (55%)
----------------- Invoking toplevel() on ptolemy.moml.MoMLSimpleApplication@254b93ee
----------------- Done invoking toplevel() on ptolemy.moml.MoMLSimpleApplication@254b93ee
reloadAllAccessors: .MinimumComplex

===========================================================================================
----------------- testing Sun Feb 17 03:31:30 UTC 2019 /home/travis/build/icyphy/ptII/ptolemy/actor/lib/test/auto/MinimumMultiports.xml
----------------- Instantiating /home/travis/build/icyphy/ptII/ptolemy/actor/lib/test/auto/MinimumMultiports.xml
3 ms. Memory: 1364480K Free: 744239K (55%)
----------------- Invoking toplevel() on ptolemy.moml.MoMLSimpleApplication@13798edf
----------------- Done invoking toplevel() on ptolemy.moml.MoMLSimpleApplication@13798edf
reloadAllAccessors: .MinimumMultiports

===========================================================================================
----------------- testing Sun Feb 17 03:31:31 UTC 2019 /home/travis/build/icyphy/ptII/ptolemy/actor/lib/test/auto/ModifyDate.xml
----------------- Instantiating /home/travis/build/icyphy/ptII/ptolemy/actor/lib/test/auto/ModifyDate.xml
4 ms. Memory: 1364480K Free: 725561K (53%)
----------------- Invoking toplevel() on ptolemy.moml.MoMLSimpleApplication@6ffc4dbf
----------------- Done invoking toplevel() on ptolemy.moml.MoMLSimpleApplication@6ffc4dbf
reloadAllAccessors: .ModifyDate

===========================================================================================
----------------- testing Sun Feb 17 03:31:31 UTC 2019 /home/travis/build/icyphy/ptII/ptolemy/actor/lib/test/auto/ModifyDate2.xml
----------------- Instantiating /home/travis/build/icyphy/ptII/ptolemy/actor/lib/test/auto/ModifyDate2.xml
2 ms. Memory: 1364480K Free: 699974K (51%)
----------------- Invoking toplevel() on ptolemy.moml.MoMLSimpleApplication@1c24e1c5
----------------- Done invoking toplevel() on ptolemy.moml.MoMLSimpleApplication@1c24e1c5
reloadAllAccessors: .ModifyDate2

===========================================================================================
----------------- testing Sun Feb 17 03:31:31 UTC 2019 /home/travis/build/icyphy/ptII/ptolemy/actor/lib/test/auto/MovingAverage.xml
----------------- Instantiating /home/travis/build/icyphy/ptII/ptolemy/actor/lib/test/auto/MovingAverage.xml
1 ms. Memory: 1364480K Free: 687522K (50%)
----------------- Invoking toplevel() on ptolemy.moml.MoMLSimpleApplication@68697b65
----------------- Done invoking toplevel() on ptolemy.moml.MoMLSimpleApplication@68697b65
reloadAllAccessors: .MovingAverage

===========================================================================================
----------------- testing Sun Feb 17 03:31:31 UTC 2019 /home/travis/build/icyphy/ptII/ptolemy/actor/lib/test/auto/MovingMaximum.xml
----------------- Instantiating /home/travis/build/icyphy/ptII/ptolemy/actor/lib/test/auto/MovingMaximum.xml
2 ms. Memory: 1364480K Free: 675070K (49%)
----------------- Invoking toplevel() on ptolemy.moml.MoMLSimpleApplication@26260c53
----------------- Done invoking toplevel() on ptolemy.moml.MoMLSimpleApplication@26260c53
reloadAllAccessors: .MovingMaximum

===========================================================================================
----------------- testing Sun Feb 17 03:31:31 UTC 2019 /home/travis/build/icyphy/ptII/ptolemy/actor/lib/test/auto/MultipleLinksToSameRelation.xml
----------------- Instantiating /home/travis/build/icyphy/ptII/ptolemy/actor/lib/test/auto/MultipleLinksToSameRelation.xml
2 ms. Memory: 1364480K Free: 655708K (48%)
----------------- Invoking toplevel() on ptolemy.moml.MoMLSimpleApplication@280999f8
----------------- Done invoking toplevel() on ptolemy.moml.MoMLSimpleApplication@280999f8
reloadAllAccessors: .MultipleLinksToSameRelation

===========================================================================================
----------------- testing Sun Feb 17 03:31:31 UTC 2019 /home/travis/build/icyphy/ptII/ptolemy/actor/lib/test/auto/MultipleLinksToSameRelationDE.xml
----------------- Instantiating /home/travis/build/icyphy/ptII/ptolemy/actor/lib/test/auto/MultipleLinksToSameRelationDE.xml
1 ms. Memory: 1364480K Free: 643257K (47%)
----------------- Invoking toplevel() on ptolemy.moml.MoMLSimpleApplication@5446f163
----------------- Done invoking toplevel() on ptolemy.moml.MoMLSimpleApplication@5446f163
reloadAllAccessors: .MultipleLinksToSameRelationDE

===========================================================================================
----------------- testing Sun Feb 17 03:31:31 UTC 2019 /home/travis/build/icyphy/ptII/ptolemy/actor/lib/test/auto/Multiplexor.xml
----------------- Instantiating /home/travis/build/icyphy/ptII/ptolemy/actor/lib/test/auto/Multiplexor.xml
1 ms. Memory: 1364480K Free: 630805K (46%)
----------------- Invoking toplevel() on ptolemy.moml.MoMLSimpleApplication@47201513
----------------- Done invoking toplevel() on ptolemy.moml.MoMLSimpleApplication@47201513
reloadAllAccessors: .Multiplexor

===========================================================================================
----------------- testing Sun Feb 17 03:31:31 UTC 2019 /home/travis/build/icyphy/ptII/ptolemy/actor/lib/test/auto/Multiplexor1.xml
----------------- Instantiating /home/travis/build/icyphy/ptII/ptolemy/actor/lib/test/auto/Multiplexor1.xml
2 ms. Memory: 1364480K Free: 611444K (45%)
----------------- Invoking toplevel() on ptolemy.moml.MoMLSimpleApplication@79585c71
----------------- Done invoking toplevel() on ptolemy.moml.MoMLSimpleApplication@79585c71
reloadAllAccessors: .Multiplexor1

===========================================================================================
----------------- testing Sun Feb 17 03:31:31 UTC 2019 /home/travis/build/icyphy/ptII/ptolemy/actor/lib/test/auto/Multiplexor2.xml
----------------- Instantiating /home/travis/build/icyphy/ptII/ptolemy/actor/lib/test/auto/Multiplexor2.xml
2 ms. Memory: 1364480K Free: 598992K (44%)
----------------- Invoking toplevel() on ptolemy.moml.MoMLSimpleApplication@5f270591
----------------- Done invoking toplevel() on ptolemy.moml.MoMLSimpleApplication@5f270591
reloadAllAccessors: .Multiplexor2

===========================================================================================
----------------- testing Sun Feb 17 03:31:31 UTC 2019 /home/travis/build/icyphy/ptII/ptolemy/actor/lib/test/auto/Multiplexor3.xml
----------------- Instantiating /home/travis/build/icyphy/ptII/ptolemy/actor/lib/test/auto/Multiplexor3.xml
1 ms. Memory: 1364480K Free: 586540K (43%)
----------------- Invoking toplevel() on ptolemy.moml.MoMLSimpleApplication@71879b2d
----------------- Done invoking toplevel() on ptolemy.moml.MoMLSimpleApplication@71879b2d
reloadAllAccessors: .Multiplexor3

===========================================================================================
----------------- testing Sun Feb 17 03:31:31 UTC 2019 /home/travis/build/icyphy/ptII/ptolemy/actor/lib/test/auto/MultiplexorDE.xml
----------------- Instantiating /home/travis/build/icyphy/ptII/ptolemy/actor/lib/test/auto/MultiplexorDE.xml
2 ms. Memory: 1364480K Free: 567179K (42%)
----------------- Invoking toplevel() on ptolemy.moml.MoMLSimpleApplication@35c90978
----------------- Done invoking toplevel() on ptolemy.moml.MoMLSimpleApplication@35c90978
reloadAllAccessors: .MultiplexorDE

===========================================================================================
----------------- testing Sun Feb 17 03:31:31 UTC 2019 /home/travis/build/icyphy/ptII/ptolemy/actor/lib/test/auto/MultiportBroadcastTest.xml
----------------- Instantiating /home/travis/build/icyphy/ptII/ptolemy/actor/lib/test/auto/MultiportBroadcastTest.xml
72 ms. Memory: 1364480K Free: 554727K (41%)
----------------- Invoking toplevel() on ptolemy.moml.MoMLSimpleApplication@67d66ca2
----------------- Done invoking toplevel() on ptolemy.moml.MoMLSimpleApplication@67d66ca2
reloadAllAccessors: .MultiportBroadcastTest

===========================================================================================
----------------- testing Sun Feb 17 03:31:31 UTC 2019 /home/travis/build/icyphy/ptII/ptolemy/actor/lib/test/auto/MultiportOutHangDuringGetWidth.xml
----------------- Instantiating /home/travis/build/icyphy/ptII/ptolemy/actor/lib/test/auto/MultiportOutHangDuringGetWidth.xml
3 ms. Memory: 1364480K Free: 536049K (39%)
----------------- Invoking toplevel() on ptolemy.moml.MoMLSimpleApplication@2ffacd0c
----------------- Done invoking toplevel() on ptolemy.moml.MoMLSimpleApplication@2ffacd0c
reloadAllAccessors: .MultiportOutHangDuringGetWidth

===========================================================================================
----------------- testing Sun Feb 17 03:31:31 UTC 2019 /home/travis/build/icyphy/ptII/ptolemy/actor/lib/test/auto/NilToken.xml
----------------- Instantiating /home/travis/build/icyphy/ptII/ptolemy/actor/lib/test/auto/NilToken.xml
1 ms. Memory: 1364480K Free: 516688K (38%)
----------------- Invoking toplevel() on ptolemy.moml.MoMLSimpleApplication@2f3b46c1
----------------- Done invoking toplevel() on ptolemy.moml.MoMLSimpleApplication@2f3b46c1
reloadAllAccessors: .NilToken

===========================================================================================
----------------- testing Sun Feb 17 03:31:31 UTC 2019 /home/travis/build/icyphy/ptII/ptolemy/actor/lib/test/auto/NilTokenNonStrictTest.xml
----------------- Instantiating /home/travis/build/icyphy/ptII/ptolemy/actor/lib/test/auto/NilTokenNonStrictTest.xml
2 ms. Memory: 1364480K Free: 504236K (37%)
----------------- Invoking toplevel() on ptolemy.moml.MoMLSimpleApplication@6fbfa467
----------------- Done invoking toplevel() on ptolemy.moml.MoMLSimpleApplication@6fbfa467
reloadAllAccessors: .NilTokenNonStrictTest

===========================================================================================
----------------- testing Sun Feb 17 03:31:31 UTC 2019 /home/travis/build/icyphy/ptII/ptolemy/actor/lib/test/auto/NilTokenRecord.xml
----------------- Instantiating /home/travis/build/icyphy/ptII/ptolemy/actor/lib/test/auto/NilTokenRecord.xml
4 ms. Memory: 1364480K Free: 491784K (36%)
----------------- Invoking toplevel() on ptolemy.moml.MoMLSimpleApplication@428f5743
----------------- Done invoking toplevel() on ptolemy.moml.MoMLSimpleApplication@428f5743
reloadAllAccessors: .NilTokenRecord

===========================================================================================
----------------- testing Sun Feb 17 03:31:31 UTC 2019 /home/travis/build/icyphy/ptII/ptolemy/actor/lib/test/auto/NilTokenTypeTest.xml
----------------- Instantiating /home/travis/build/icyphy/ptII/ptolemy/actor/lib/test/auto/NilTokenTypeTest.xml
7 ms. Memory: 1364480K Free: 466189K (34%)
----------------- Invoking toplevel() on ptolemy.moml.MoMLSimpleApplication@8e2b0bf
----------------- Done invoking toplevel() on ptolemy.moml.MoMLSimpleApplication@8e2b0bf
reloadAllAccessors: .NilTokenTypeTest

===========================================================================================
----------------- testing Sun Feb 17 03:31:31 UTC 2019 /home/travis/build/icyphy/ptII/ptolemy/actor/lib/test/auto/ObjectToken1.xml
----------------- Instantiating /home/travis/build/icyphy/ptII/ptolemy/actor/lib/test/auto/ObjectToken1.xml
2 ms. Memory: 1364480K Free: 453737K (33%)
----------------- Invoking toplevel() on ptolemy.moml.MoMLSimpleApplication@582501ab
----------------- Done invoking toplevel() on ptolemy.moml.MoMLSimpleApplication@582501ab
reloadAllAccessors: .ObjectToken1

===========================================================================================
----------------- testing Sun Feb 17 03:31:31 UTC 2019 /home/travis/build/icyphy/ptII/ptolemy/actor/lib/test/auto/OrderedMerge.xml
----------------- Instantiating /home/travis/build/icyphy/ptII/ptolemy/actor/lib/test/auto/OrderedMerge.xml
5 ms. Memory: 1364480K Free: 416381K (31%)
----------------- Invoking toplevel() on ptolemy.moml.MoMLSimpleApplication@41bdc9ad
----------------- Done invoking toplevel() on ptolemy.moml.MoMLSimpleApplication@41bdc9ad
reloadAllAccessors: .OrderedMerge

===========================================================================================
----------------- testing Sun Feb 17 03:31:31 UTC 2019 /home/travis/build/icyphy/ptII/ptolemy/actor/lib/test/auto/OrderedRecordDisassembler.xml
----------------- Instantiating /home/travis/build/icyphy/ptII/ptolemy/actor/lib/test/auto/OrderedRecordDisassembler.xml
3 ms. Memory: 1364480K Free: 397020K (29%)
----------------- Invoking toplevel() on ptolemy.moml.MoMLSimpleApplication@4f8bf4bd
----------------- Done invoking toplevel() on ptolemy.moml.MoMLSimpleApplication@4f8bf4bd
reloadAllAccessors: .OrderedRecordDisassembler

===========================================================================================
----------------- testing Sun Feb 17 03:31:31 UTC 2019 /home/travis/build/icyphy/ptII/ptolemy/actor/lib/test/auto/OrderedRecordDisassembler2.xml
----------------- Instantiating /home/travis/build/icyphy/ptII/ptolemy/actor/lib/test/auto/OrderedRecordDisassembler2.xml
4 ms. Memory: 1364480K Free: 384568K (28%)
----------------- Invoking toplevel() on ptolemy.moml.MoMLSimpleApplication@2d789f37
----------------- Done invoking toplevel() on ptolemy.moml.MoMLSimpleApplication@2d789f37
reloadAllAccessors: .OrderedRecordDisassembler2

===========================================================================================
----------------- testing Sun Feb 17 03:31:31 UTC 2019 /home/travis/build/icyphy/ptII/ptolemy/actor/lib/test/auto/OrderedRecordUpdater.xml
----------------- Instantiating /home/travis/build/icyphy/ptII/ptolemy/actor/lib/test/auto/OrderedRecordUpdater.xml
1 ms. Memory: 1364480K Free: 372116K (27%)
----------------- Invoking toplevel() on ptolemy.moml.MoMLSimpleApplication@30d52b66
----------------- Done invoking toplevel() on ptolemy.moml.MoMLSimpleApplication@30d52b66
reloadAllAccessors: .RecordUpdater

===========================================================================================
----------------- testing Sun Feb 17 03:31:31 UTC 2019 /home/travis/build/icyphy/ptII/ptolemy/actor/lib/test/auto/OrderedRecordUpdater2.xml
----------------- Instantiating /home/travis/build/icyphy/ptII/ptolemy/actor/lib/test/auto/OrderedRecordUpdater2.xml
2 ms. Memory: 1364480K Free: 352755K (26%)
----------------- Invoking toplevel() on ptolemy.moml.MoMLSimpleApplication@721850cc
----------------- Done invoking toplevel() on ptolemy.moml.MoMLSimpleApplication@721850cc
reloadAllAccessors: .RecordUpdater2

===========================================================================================
----------------- testing Sun Feb 17 03:31:31 UTC 2019 /home/travis/build/icyphy/ptII/ptolemy/actor/lib/test/auto/PhaseUnwrap.xml
----------------- Instantiating /home/travis/build/icyphy/ptII/ptolemy/actor/lib/test/auto/PhaseUnwrap.xml
1 ms. Memory: 1364480K Free: 340303K (25%)
----------------- Invoking toplevel() on ptolemy.moml.MoMLSimpleApplication@562c387a
----------------- Done invoking toplevel() on ptolemy.moml.MoMLSimpleApplication@562c387a
reloadAllAccessors: .PhaseUnwrap

===========================================================================================
----------------- testing Sun Feb 17 03:31:31 UTC 2019 /home/travis/build/icyphy/ptII/ptolemy/actor/lib/test/auto/PoissonClock.xml
----------------- Instantiating /home/travis/build/icyphy/ptII/ptolemy/actor/lib/test/auto/PoissonClock.xml
2 ms. Memory: 1364480K Free: 320942K (24%)
----------------- Invoking toplevel() on ptolemy.moml.MoMLSimpleApplication@47af7279
----------------- Done invoking toplevel() on ptolemy.moml.MoMLSimpleApplication@47af7279
reloadAllAccessors: .PoissonClock

===========================================================================================
----------------- testing Sun Feb 17 03:31:31 UTC 2019 /home/travis/build/icyphy/ptII/ptolemy/actor/lib/test/auto/PoissonClock2.xml
----------------- Instantiating /home/travis/build/icyphy/ptII/ptolemy/actor/lib/test/auto/PoissonClock2.xml
1 ms. Memory: 1364480K Free: 308490K (23%)
----------------- Invoking toplevel() on ptolemy.moml.MoMLSimpleApplication@327a5baf
----------------- Done invoking toplevel() on ptolemy.moml.MoMLSimpleApplication@327a5baf
reloadAllAccessors: .PoissonClock2

===========================================================================================
----------------- testing Sun Feb 17 03:31:31 UTC 2019 /home/travis/build/icyphy/ptII/ptolemy/actor/lib/test/auto/PoissonClock3.xml
----------------- Instantiating /home/travis/build/icyphy/ptII/ptolemy/actor/lib/test/auto/PoissonClock3.xml
1 ms. Memory: 1364480K Free: 296039K (22%)
----------------- Invoking toplevel() on ptolemy.moml.MoMLSimpleApplication@7b02816e
----------------- Done invoking toplevel() on ptolemy.moml.MoMLSimpleApplication@7b02816e
reloadAllAccessors: .PoissonClock3

===========================================================================================
----------------- testing Sun Feb 17 03:31:31 UTC 2019 /home/travis/build/icyphy/ptII/ptolemy/actor/lib/test/auto/PubSubWithInitialTokens.xml
----------------- Instantiating /home/travis/build/icyphy/ptII/ptolemy/actor/lib/test/auto/PubSubWithInitialTokens.xml
2 ms. Memory: 1364480K Free: 276677K (20%)
----------------- Invoking toplevel() on ptolemy.moml.MoMLSimpleApplication@31499ab5
----------------- Done invoking toplevel() on ptolemy.moml.MoMLSimpleApplication@31499ab5
reloadAllAccessors: .PubSubWithInitialTokens

===========================================================================================
----------------- testing Sun Feb 17 03:31:31 UTC 2019 /home/travis/build/icyphy/ptII/ptolemy/actor/lib/test/auto/PubSubWithInitialTokens2.xml
----------------- Instantiating /home/travis/build/icyphy/ptII/ptolemy/actor/lib/test/auto/PubSubWithInitialTokens2.xml
3 ms. Memory: 1364480K Free: 264225K (19%)
----------------- Invoking toplevel() on ptolemy.moml.MoMLSimpleApplication@54ea1412
----------------- Done invoking toplevel() on ptolemy.moml.MoMLSimpleApplication@54ea1412
reloadAllAccessors: .PubSubWithInitialTokens2

===========================================================================================
----------------- testing Sun Feb 17 03:31:31 UTC 2019 /home/travis/build/icyphy/ptII/ptolemy/actor/lib/test/auto/PublisherClassNoParameter.xml
----------------- Instantiating /home/travis/build/icyphy/ptII/ptolemy/actor/lib/test/auto/PublisherClassNoParameter.xml
2 ms. Memory: 1364480K Free: 245532K (18%)
----------------- Invoking toplevel() on ptolemy.moml.MoMLSimpleApplication@6aa5ff4e
----------------- Done invoking toplevel() on ptolemy.moml.MoMLSimpleApplication@6aa5ff4e
reloadAllAccessors: .PublisherClassNoParameter

===========================================================================================
----------------- testing Sun Feb 17 03:31:31 UTC 2019 /home/travis/build/icyphy/ptII/ptolemy/actor/lib/test/auto/PublisherClassParameter.xml
----------------- Instantiating /home/travis/build/icyphy/ptII/ptolemy/actor/lib/test/auto/PublisherClassParameter.xml
2 ms. Memory: 1364480K Free: 219928K (16%)
----------------- Invoking toplevel() on ptolemy.moml.MoMLSimpleApplication@4437f744
----------------- Done invoking toplevel() on ptolemy.moml.MoMLSimpleApplication@4437f744
reloadAllAccessors: .PublisherClassParameter

===========================================================================================
----------------- testing Sun Feb 17 03:31:31 UTC 2019 /home/travis/build/icyphy/ptII/ptolemy/actor/lib/test/auto/PublisherNonStrictTest.xml
----------------- Instantiating /home/travis/build/icyphy/ptII/ptolemy/actor/lib/test/auto/PublisherNonStrictTest.xml
3 ms. Memory: 1364480K Free: 207477K (15%)
----------------- Invoking toplevel() on ptolemy.moml.MoMLSimpleApplication@6aa87303
----------------- Done invoking toplevel() on ptolemy.moml.MoMLSimpleApplication@6aa87303
reloadAllAccessors: .PublisherNonStrictTest

===========================================================================================
----------------- testing Sun Feb 17 03:31:31 UTC 2019 /home/travis/build/icyphy/ptII/ptolemy/actor/lib/test/auto/PublisherPort1.xml
----------------- Instantiating /home/travis/build/icyphy/ptII/ptolemy/actor/lib/test/auto/PublisherPort1.xml
2 ms. Memory: 1364480K Free: 195025K (14%)
----------------- Invoking toplevel() on ptolemy.moml.MoMLSimpleApplication@566f2812
----------------- Done invoking toplevel() on ptolemy.moml.MoMLSimpleApplication@566f2812
reloadAllAccessors: .PublisherPort1

===========================================================================================
----------------- testing Sun Feb 17 03:31:31 UTC 2019 /home/travis/build/icyphy/ptII/ptolemy/actor/lib/test/auto/PublisherPort2.xml
----------------- Instantiating /home/travis/build/icyphy/ptII/ptolemy/actor/lib/test/auto/PublisherPort2.xml
2 ms. Memory: 1364480K Free: 175664K (13%)
----------------- Invoking toplevel() on ptolemy.moml.MoMLSimpleApplication@24c7837f
----------------- Done invoking toplevel() on ptolemy.moml.MoMLSimpleApplication@24c7837f
reloadAllAccessors: .PublisherPort2

===========================================================================================
----------------- testing Sun Feb 17 03:31:31 UTC 2019 /home/travis/build/icyphy/ptII/ptolemy/actor/lib/test/auto/PublisherPort3.xml
----------------- Instantiating /home/travis/build/icyphy/ptII/ptolemy/actor/lib/test/auto/PublisherPort3.xml
3 ms. Memory: 1364480K Free: 163212K (12%)
----------------- Invoking toplevel() on ptolemy.moml.MoMLSimpleApplication@54c3d40c
----------------- Done invoking toplevel() on ptolemy.moml.MoMLSimpleApplication@54c3d40c
reloadAllAccessors: .PublisherPort3

===========================================================================================
----------------- testing Sun Feb 17 03:31:31 UTC 2019 /home/travis/build/icyphy/ptII/ptolemy/actor/lib/test/auto/PublisherPort4.xml
----------------- Instantiating /home/travis/build/icyphy/ptII/ptolemy/actor/lib/test/auto/PublisherPort4.xml
2 ms. Memory: 1364480K Free: 150760K (11%)
----------------- Invoking toplevel() on ptolemy.moml.MoMLSimpleApplication@e46282d
----------------- Done invoking toplevel() on ptolemy.moml.MoMLSimpleApplication@e46282d
reloadAllAccessors: .PublisherPort4

===========================================================================================
----------------- testing Sun Feb 17 03:31:31 UTC 2019 /home/travis/build/icyphy/ptII/ptolemy/actor/lib/test/auto/PublisherPort5.xml
----------------- Instantiating /home/travis/build/icyphy/ptII/ptolemy/actor/lib/test/auto/PublisherPort5.xml
2 ms. Memory: 1364480K Free: 131398K (10%)
----------------- Invoking toplevel() on ptolemy.moml.MoMLSimpleApplication@7a3e5800
----------------- Done invoking toplevel() on ptolemy.moml.MoMLSimpleApplication@7a3e5800
reloadAllAccessors: .PublisherPort5

===========================================================================================
----------------- testing Sun Feb 17 03:31:31 UTC 2019 /home/travis/build/icyphy/ptII/ptolemy/actor/lib/test/auto/PublisherPort5LookAlike.xml
----------------- Instantiating /home/travis/build/icyphy/ptII/ptolemy/actor/lib/test/auto/PublisherPort5LookAlike.xml
3 ms. Memory: 1364480K Free: 118947K (9%)
----------------- Invoking toplevel() on ptolemy.moml.MoMLSimpleApplication@55a4e686
----------------- Done invoking toplevel() on ptolemy.moml.MoMLSimpleApplication@55a4e686
reloadAllAccessors: .PublisherPort5LookAlike

===========================================================================================
----------------- testing Sun Feb 17 03:31:31 UTC 2019 /home/travis/build/icyphy/ptII/ptolemy/actor/lib/test/auto/PublisherPort6.xml
----------------- Instantiating /home/travis/build/icyphy/ptII/ptolemy/actor/lib/test/auto/PublisherPort6.xml
2 ms. Memory: 1364480K Free: 106495K (8%)
----------------- Invoking toplevel() on ptolemy.moml.MoMLSimpleApplication@734d3999
----------------- Done invoking toplevel() on ptolemy.moml.MoMLSimpleApplication@734d3999
reloadAllAccessors: .PublisherPort6

===========================================================================================
----------------- testing Sun Feb 17 03:31:31 UTC 2019 /home/travis/build/icyphy/ptII/ptolemy/actor/lib/test/auto/PublisherPort7.xml
----------------- Instantiating /home/travis/build/icyphy/ptII/ptolemy/actor/lib/test/auto/PublisherPort7.xml
3 ms. Memory: 1364480K Free: 87133K (6%)
----------------- Invoking toplevel() on ptolemy.moml.MoMLSimpleApplication@563833f5
----------------- Done invoking toplevel() on ptolemy.moml.MoMLSimpleApplication@563833f5
reloadAllAccessors: .PublisherPort7

===========================================================================================
----------------- testing Sun Feb 17 03:31:31 UTC 2019 /home/travis/build/icyphy/ptII/ptolemy/actor/lib/test/auto/PublisherPort8.xml
----------------- Instantiating /home/travis/build/icyphy/ptII/ptolemy/actor/lib/test/auto/PublisherPort8.xml
14 ms. Memory: 1546240K Free: 1503782K (97%)
----------------- Invoking toplevel() on ptolemy.moml.MoMLSimpleApplication@7c4f2853
----------------- Done invoking toplevel() on ptolemy.moml.MoMLSimpleApplication@7c4f2853
reloadAllAccessors: .PublisherPort8

===========================================================================================
----------------- testing Sun Feb 17 03:31:31 UTC 2019 /home/travis/build/icyphy/ptII/ptolemy/actor/lib/test/auto/PublisherPortSubscriberChannelVariablesAOC2.xml
----------------- Instantiating /home/travis/build/icyphy/ptII/ptolemy/actor/lib/test/auto/PublisherPortSubscriberChannelVariablesAOC2.xml
2 ms. Memory: 1546240K Free: 1464475K (95%)
----------------- Invoking toplevel() on ptolemy.moml.MoMLSimpleApplication@724c5d82
----------------- Done invoking toplevel() on ptolemy.moml.MoMLSimpleApplication@724c5d82
reloadAllAccessors: .PublisherPortSubscriberChannelVariablesAOC2

===========================================================================================
----------------- testing Sun Feb 17 03:31:31 UTC 2019 /home/travis/build/icyphy/ptII/ptolemy/actor/lib/test/auto/PublisherPortSubscriberOpaqueWidthInference.xml
----------------- Instantiating /home/travis/build/icyphy/ptII/ptolemy/actor/lib/test/auto/PublisherPortSubscriberOpaqueWidthInference.xml
3 ms. Memory: 1546240K Free: 1450011K (94%)
----------------- Invoking toplevel() on ptolemy.moml.MoMLSimpleApplication@57fe9409
----------------- Done invoking toplevel() on ptolemy.moml.MoMLSimpleApplication@57fe9409
reloadAllAccessors: .PublisherPortSubscriberOpaqueWidthInference

===========================================================================================
----------------- testing Sun Feb 17 03:31:31 UTC 2019 /home/travis/build/icyphy/ptII/ptolemy/actor/lib/test/auto/PublisherPortSubscriberPortAdjacent.xml
----------------- Instantiating /home/travis/build/icyphy/ptII/ptolemy/actor/lib/test/auto/PublisherPortSubscriberPortAdjacent.xml
2 ms. Memory: 1546240K Free: 1428799K (92%)
----------------- Invoking toplevel() on ptolemy.moml.MoMLSimpleApplication@184f478e
----------------- Done invoking toplevel() on ptolemy.moml.MoMLSimpleApplication@184f478e
reloadAllAccessors: .PublisherPortSubscriberPortAdjacent

===========================================================================================
----------------- testing Sun Feb 17 03:31:31 UTC 2019 /home/travis/build/icyphy/ptII/ptolemy/actor/lib/test/auto/PublisherPortSubscriberPortExpression.xml
----------------- Instantiating /home/travis/build/icyphy/ptII/ptolemy/actor/lib/test/auto/PublisherPortSubscriberPortExpression.xml
3 ms. Memory: 1546240K Free: 1414335K (91%)
----------------- Invoking toplevel() on ptolemy.moml.MoMLSimpleApplication@5ed37269
----------------- Done invoking toplevel() on ptolemy.moml.MoMLSimpleApplication@5ed37269
reloadAllAccessors: .PublisherPortSubscriberPortExpression

===========================================================================================
----------------- testing Sun Feb 17 03:31:31 UTC 2019 /home/travis/build/icyphy/ptII/ptolemy/actor/lib/test/auto/PublisherPortSubscriberPortOpaqueD3Reverse.xml
----------------- Instantiating /home/travis/build/icyphy/ptII/ptolemy/actor/lib/test/auto/PublisherPortSubscriberPortOpaqueD3Reverse.xml
5 ms. Memory: 1546240K Free: 1399871K (91%)
----------------- Invoking toplevel() on ptolemy.moml.MoMLSimpleApplication@7c603603
----------------- Done invoking toplevel() on ptolemy.moml.MoMLSimpleApplication@7c603603
reloadAllAccessors: .PublisherPortSubscriberPortOpaqueD3Reverse

===========================================================================================
----------------- testing Sun Feb 17 03:31:31 UTC 2019 /home/travis/build/icyphy/ptII/ptolemy/actor/lib/test/auto/PublisherPortSubscriberPortOpaqueWidthInference.xml
----------------- Instantiating /home/travis/build/icyphy/ptII/ptolemy/actor/lib/test/auto/PublisherPortSubscriberPortOpaqueWidthInference.xml
3 ms. Memory: 1546240K Free: 1378659K (89%)
----------------- Invoking toplevel() on ptolemy.moml.MoMLSimpleApplication@4aeb33f4
----------------- Done invoking toplevel() on ptolemy.moml.MoMLSimpleApplication@4aeb33f4
reloadAllAccessors: .PublisherPortSubscriberPortOpaqueWidthInference

===========================================================================================
----------------- testing Sun Feb 17 03:31:31 UTC 2019 /home/travis/build/icyphy/ptII/ptolemy/actor/lib/test/auto/PublisherPortToplevelSubscriberPortAOC.xml
----------------- Instantiating /home/travis/build/icyphy/ptII/ptolemy/actor/lib/test/auto/PublisherPortToplevelSubscriberPortAOC.xml
.PublisherPortToplevelSubscriberPortAOC.TestExceptionAttribute: initialize() was not invoked, but wrapup() was.  This is unusual, but not always a problem.  For example, exporting JNLP will do this.
0 ms. Memory: 1546240K Free: 1364195K (88%)
----------------- Invoking toplevel() on ptolemy.moml.MoMLSimpleApplication@69e20669
----------------- Done invoking toplevel() on ptolemy.moml.MoMLSimpleApplication@69e20669
reloadAllAccessors: .PublisherPortToplevelSubscriberPortAOC

===========================================================================================
----------------- testing Sun Feb 17 03:31:31 UTC 2019 /home/travis/build/icyphy/ptII/ptolemy/actor/lib/test/auto/PublisherSubscriber.xml
----------------- Instantiating /home/travis/build/icyphy/ptII/ptolemy/actor/lib/test/auto/PublisherSubscriber.xml
3 ms. Memory: 1546240K Free: 1349731K (87%)
----------------- Invoking toplevel() on ptolemy.moml.MoMLSimpleApplication@16fcea75
----------------- Done invoking toplevel() on ptolemy.moml.MoMLSimpleApplication@16fcea75
reloadAllAccessors: .PublisherSubscriber

===========================================================================================
----------------- testing Sun Feb 17 03:31:31 UTC 2019 /home/travis/build/icyphy/ptII/ptolemy/actor/lib/test/auto/PublisherSubscriber10.xml
----------------- Instantiating /home/travis/build/icyphy/ptII/ptolemy/actor/lib/test/auto/PublisherSubscriber10.xml
5 ms. Memory: 1546240K Free: 1328520K (86%)
----------------- Invoking toplevel() on ptolemy.moml.MoMLSimpleApplication@7a9654c3
----------------- Done invoking toplevel() on ptolemy.moml.MoMLSimpleApplication@7a9654c3
reloadAllAccessors: .PublisherSubscriber10

===========================================================================================
----------------- testing Sun Feb 17 03:31:31 UTC 2019 /home/travis/build/icyphy/ptII/ptolemy/actor/lib/test/auto/PublisherSubscriber10InitialOutputs.xml
----------------- Instantiating /home/travis/build/icyphy/ptII/ptolemy/actor/lib/test/auto/PublisherSubscriber10InitialOutputs.xml
4 ms. Memory: 1546240K Free: 1314002K (85%)
----------------- Invoking toplevel() on ptolemy.moml.MoMLSimpleApplication@3db5e675
----------------- Done invoking toplevel() on ptolemy.moml.MoMLSimpleApplication@3db5e675
reloadAllAccessors: .PublisherSubscriber10InitialOutputs

===========================================================================================
----------------- testing Sun Feb 17 03:31:31 UTC 2019 /home/travis/build/icyphy/ptII/ptolemy/actor/lib/test/auto/PublisherSubscriber11.xml
----------------- Instantiating /home/travis/build/icyphy/ptII/ptolemy/actor/lib/test/auto/PublisherSubscriber11.xml
2 ms. Memory: 1546240K Free: 1299538K (84%)
----------------- Invoking toplevel() on ptolemy.moml.MoMLSimpleApplication@51245095
----------------- Done invoking toplevel() on ptolemy.moml.MoMLSimpleApplication@51245095
reloadAllAccessors: .PublisherSubscriber11

===========================================================================================
----------------- testing Sun Feb 17 03:31:32 UTC 2019 /home/travis/build/icyphy/ptII/ptolemy/actor/lib/test/auto/PublisherSubscriber12.xml
----------------- Instantiating /home/travis/build/icyphy/ptII/ptolemy/actor/lib/test/auto/PublisherSubscriber12.xml
2 ms. Memory: 1546240K Free: 1278326K (83%)
----------------- Invoking toplevel() on ptolemy.moml.MoMLSimpleApplication@639661b1
----------------- Done invoking toplevel() on ptolemy.moml.MoMLSimpleApplication@639661b1
reloadAllAccessors: .PublisherSubscriber12

===========================================================================================
----------------- testing Sun Feb 17 03:31:32 UTC 2019 /home/travis/build/icyphy/ptII/ptolemy/actor/lib/test/auto/PublisherSubscriber13.xml
----------------- Instantiating /home/travis/build/icyphy/ptII/ptolemy/actor/lib/test/auto/PublisherSubscriber13.xml
2 ms. Memory: 1546240K Free: 1263862K (82%)
----------------- Invoking toplevel() on ptolemy.moml.MoMLSimpleApplication@3c5b49ed
----------------- Done invoking toplevel() on ptolemy.moml.MoMLSimpleApplication@3c5b49ed
reloadAllAccessors: .PublisherSubscriber13

===========================================================================================
----------------- testing Sun Feb 17 03:31:32 UTC 2019 /home/travis/build/icyphy/ptII/ptolemy/actor/lib/test/auto/PublisherSubscriber14.xml
----------------- Instantiating /home/travis/build/icyphy/ptII/ptolemy/actor/lib/test/auto/PublisherSubscriber14.xml
2 ms. Memory: 1546240K Free: 1242650K (80%)
----------------- Invoking toplevel() on ptolemy.moml.MoMLSimpleApplication@39cb64f0
----------------- Done invoking toplevel() on ptolemy.moml.MoMLSimpleApplication@39cb64f0
reloadAllAccessors: .PublisherSubscriber14

===========================================================================================
----------------- testing Sun Feb 17 03:31:32 UTC 2019 /home/travis/build/icyphy/ptII/ptolemy/actor/lib/test/auto/PublisherSubscriber2.xml
----------------- Instantiating /home/travis/build/icyphy/ptII/ptolemy/actor/lib/test/auto/PublisherSubscriber2.xml
1 ms. Memory: 1546240K Free: 1228186K (79%)
----------------- Invoking toplevel() on ptolemy.moml.MoMLSimpleApplication@618b3543
----------------- Done invoking toplevel() on ptolemy.moml.MoMLSimpleApplication@618b3543
reloadAllAccessors: .PublisherSubscriber2

===========================================================================================
----------------- testing Sun Feb 17 03:31:32 UTC 2019 /home/travis/build/icyphy/ptII/ptolemy/actor/lib/test/auto/PublisherSubscriber3.xml
----------------- Instantiating /home/travis/build/icyphy/ptII/ptolemy/actor/lib/test/auto/PublisherSubscriber3.xml
2 ms. Memory: 1546240K Free: 1213722K (78%)
----------------- Invoking toplevel() on ptolemy.moml.MoMLSimpleApplication@166b9e83
----------------- Done invoking toplevel() on ptolemy.moml.MoMLSimpleApplication@166b9e83
reloadAllAccessors: .PublisherSubscriber3

===========================================================================================
----------------- testing Sun Feb 17 03:31:32 UTC 2019 /home/travis/build/icyphy/ptII/ptolemy/actor/lib/test/auto/PublisherSubscriber4.xml
----------------- Instantiating /home/travis/build/icyphy/ptII/ptolemy/actor/lib/test/auto/PublisherSubscriber4.xml
1 ms. Memory: 1546240K Free: 1192510K (77%)
----------------- Invoking toplevel() on ptolemy.moml.MoMLSimpleApplication@46240e43
----------------- Done invoking toplevel() on ptolemy.moml.MoMLSimpleApplication@46240e43
reloadAllAccessors: .PublisherSubscriber4

===========================================================================================
----------------- testing Sun Feb 17 03:31:32 UTC 2019 /home/travis/build/icyphy/ptII/ptolemy/actor/lib/test/auto/PublisherSubscriber5.xml
----------------- Instantiating /home/travis/build/icyphy/ptII/ptolemy/actor/lib/test/auto/PublisherSubscriber5.xml
1 ms. Memory: 1546240K Free: 1178046K (76%)
----------------- Invoking toplevel() on ptolemy.moml.MoMLSimpleApplication@3a0392e5
----------------- Done invoking toplevel() on ptolemy.moml.MoMLSimpleApplication@3a0392e5
reloadAllAccessors: .PublisherSubscriber5

===========================================================================================
----------------- testing Sun Feb 17 03:31:32 UTC 2019 /home/travis/build/icyphy/ptII/ptolemy/actor/lib/test/auto/PublisherSubscriber6.xml
----------------- Instantiating /home/travis/build/icyphy/ptII/ptolemy/actor/lib/test/auto/PublisherSubscriber6.xml
2 ms. Memory: 1546240K Free: 1163582K (75%)
----------------- Invoking toplevel() on ptolemy.moml.MoMLSimpleApplication@1462355a
----------------- Done invoking toplevel() on ptolemy.moml.MoMLSimpleApplication@1462355a
reloadAllAccessors: .PublisherSubscriber6

===========================================================================================
----------------- testing Sun Feb 17 03:31:32 UTC 2019 /home/travis/build/icyphy/ptII/ptolemy/actor/lib/test/auto/PublisherSubscriber7.xml
----------------- Instantiating /home/travis/build/icyphy/ptII/ptolemy/actor/lib/test/auto/PublisherSubscriber7.xml
2 ms. Memory: 1546240K Free: 1142371K (74%)
----------------- Invoking toplevel() on ptolemy.moml.MoMLSimpleApplication@194b41d8
----------------- Done invoking toplevel() on ptolemy.moml.MoMLSimpleApplication@194b41d8
reloadAllAccessors: .PublisherSubscriber7

===========================================================================================
----------------- testing Sun Feb 17 03:31:32 UTC 2019 /home/travis/build/icyphy/ptII/ptolemy/actor/lib/test/auto/PublisherSubscriber8.xml
----------------- Instantiating /home/travis/build/icyphy/ptII/ptolemy/actor/lib/test/auto/PublisherSubscriber8.xml
11 ms. Memory: 1546240K Free: 1055586K (68%)
----------------- Invoking toplevel() on ptolemy.moml.MoMLSimpleApplication@3fb5d12b
----------------- Done invoking toplevel() on ptolemy.moml.MoMLSimpleApplication@3fb5d12b
reloadAllAccessors: .PublisherSubscriber8

===========================================================================================
----------------- testing Sun Feb 17 03:31:32 UTC 2019 /home/travis/build/icyphy/ptII/ptolemy/actor/lib/test/auto/PublisherSubscriber9.xml
----------------- Instantiating /home/travis/build/icyphy/ptII/ptolemy/actor/lib/test/auto/PublisherSubscriber9.xml
2 ms. Memory: 1546240K Free: 1041122K (67%)
----------------- Invoking toplevel() on ptolemy.moml.MoMLSimpleApplication@766d62ff
----------------- Done invoking toplevel() on ptolemy.moml.MoMLSimpleApplication@766d62ff
reloadAllAccessors: .PublisherSubscriber9

===========================================================================================
----------------- testing Sun Feb 17 03:31:32 UTC 2019 /home/travis/build/icyphy/ptII/ptolemy/actor/lib/test/auto/PublisherSubscriberAdjacent.xml
----------------- Instantiating /home/travis/build/icyphy/ptII/ptolemy/actor/lib/test/auto/PublisherSubscriberAdjacent.xml
1 ms. Memory: 1546240K Free: 1019910K (66%)
----------------- Invoking toplevel() on ptolemy.moml.MoMLSimpleApplication@22b32e93
----------------- Done invoking toplevel() on ptolemy.moml.MoMLSimpleApplication@22b32e93
reloadAllAccessors: .PublisherSubscriberAdjacent

===========================================================================================
----------------- testing Sun Feb 17 03:31:32 UTC 2019 /home/travis/build/icyphy/ptII/ptolemy/actor/lib/test/auto/PublisherSubscriberChannelVariablesAOC2.xml
----------------- Instantiating /home/travis/build/icyphy/ptII/ptolemy/actor/lib/test/auto/PublisherSubscriberChannelVariablesAOC2.xml
2 ms. Memory: 1546240K Free: 998198K (65%)
----------------- Invoking toplevel() on ptolemy.moml.MoMLSimpleApplication@5b19e357
----------------- Done invoking toplevel() on ptolemy.moml.MoMLSimpleApplication@5b19e357
reloadAllAccessors: .PublisherSubscriberChannelVariablesAOC2

===========================================================================================
----------------- testing Sun Feb 17 03:31:32 UTC 2019 /home/travis/build/icyphy/ptII/ptolemy/actor/lib/test/auto/PublisherSubscriberD3.xml
----------------- Instantiating /home/travis/build/icyphy/ptII/ptolemy/actor/lib/test/auto/PublisherSubscriberD3.xml
1 ms. Memory: 1546240K Free: 983734K (64%)
----------------- Invoking toplevel() on ptolemy.moml.MoMLSimpleApplication@31df3004
----------------- Done invoking toplevel() on ptolemy.moml.MoMLSimpleApplication@31df3004
reloadAllAccessors: .PublisherSubscriberD3

===========================================================================================
----------------- testing Sun Feb 17 03:31:32 UTC 2019 /home/travis/build/icyphy/ptII/ptolemy/actor/lib/test/auto/PublisherSubscriberD3Reverse.xml
----------------- Instantiating /home/travis/build/icyphy/ptII/ptolemy/actor/lib/test/auto/PublisherSubscriberD3Reverse.xml
1 ms. Memory: 1546240K Free: 962522K (62%)
----------------- Invoking toplevel() on ptolemy.moml.MoMLSimpleApplication@5e8b319d
----------------- Done invoking toplevel() on ptolemy.moml.MoMLSimpleApplication@5e8b319d
reloadAllAccessors: .PublisherSubscriberD3Reverse

===========================================================================================
----------------- testing Sun Feb 17 03:31:32 UTC 2019 /home/travis/build/icyphy/ptII/ptolemy/actor/lib/test/auto/PublisherSubscriberExpression.xml
----------------- Instantiating /home/travis/build/icyphy/ptII/ptolemy/actor/lib/test/auto/PublisherSubscriberExpression.xml
3 ms. Memory: 1546240K Free: 948058K (61%)
----------------- Invoking toplevel() on ptolemy.moml.MoMLSimpleApplication@441a9208
----------------- Done invoking toplevel() on ptolemy.moml.MoMLSimpleApplication@441a9208
reloadAllAccessors: .PublisherSubscriberExpression

===========================================================================================
----------------- testing Sun Feb 17 03:31:32 UTC 2019 /home/travis/build/icyphy/ptII/ptolemy/actor/lib/test/auto/PublisherSubscriberOpaque.xml
----------------- Instantiating /home/travis/build/icyphy/ptII/ptolemy/actor/lib/test/auto/PublisherSubscriberOpaque.xml
3 ms. Memory: 1546240K Free: 926846K (60%)
----------------- Invoking toplevel() on ptolemy.moml.MoMLSimpleApplication@52aa1405
----------------- Done invoking toplevel() on ptolemy.moml.MoMLSimpleApplication@52aa1405
reloadAllAccessors: .PublisherSubscriberOpaque

===========================================================================================
----------------- testing Sun Feb 17 03:31:32 UTC 2019 /home/travis/build/icyphy/ptII/ptolemy/actor/lib/test/auto/PublisherSubscriberOpaqueD3.xml
----------------- Instantiating /home/travis/build/icyphy/ptII/ptolemy/actor/lib/test/auto/PublisherSubscriberOpaqueD3.xml
5 ms. Memory: 1546240K Free: 905134K (59%)
----------------- Invoking toplevel() on ptolemy.moml.MoMLSimpleApplication@495c5be0
----------------- Done invoking toplevel() on ptolemy.moml.MoMLSimpleApplication@495c5be0
reloadAllAccessors: .PublisherSubscriberOpaqueD3

===========================================================================================
----------------- testing Sun Feb 17 03:31:32 UTC 2019 /home/travis/build/icyphy/ptII/ptolemy/actor/lib/test/auto/PublisherSubscriberOpaqueD3Reverse.xml
----------------- Instantiating /home/travis/build/icyphy/ptII/ptolemy/actor/lib/test/auto/PublisherSubscriberOpaqueD3Reverse.xml
5 ms. Memory: 1546240K Free: 890670K (58%)
----------------- Invoking toplevel() on ptolemy.moml.MoMLSimpleApplication@4f200a72
----------------- Done invoking toplevel() on ptolemy.moml.MoMLSimpleApplication@4f200a72
reloadAllAccessors: .PublisherSubscriberOpaqueD3Reverse

===========================================================================================
----------------- testing Sun Feb 17 03:31:32 UTC 2019 /home/travis/build/icyphy/ptII/ptolemy/actor/lib/test/auto/PublisherSubscriberOpaqueWidthInference.xml
----------------- Instantiating /home/travis/build/icyphy/ptII/ptolemy/actor/lib/test/auto/PublisherSubscriberOpaqueWidthInference.xml
3 ms. Memory: 1546240K Free: 869459K (56%)
----------------- Invoking toplevel() on ptolemy.moml.MoMLSimpleApplication@28da2b54
----------------- Done invoking toplevel() on ptolemy.moml.MoMLSimpleApplication@28da2b54
reloadAllAccessors: .PublisherSubscriberOpaqueWidthInference

===========================================================================================
----------------- testing Sun Feb 17 03:31:32 UTC 2019 /home/travis/build/icyphy/ptII/ptolemy/actor/lib/test/auto/PublisherTestSubscriber.xml
----------------- Instantiating /home/travis/build/icyphy/ptII/ptolemy/actor/lib/test/auto/PublisherTestSubscriber.xml
6 ms. Memory: 1546240K Free: 854995K (55%)
----------------- Invoking toplevel() on ptolemy.moml.MoMLSimpleApplication@5774dea1
----------------- Done invoking toplevel() on ptolemy.moml.MoMLSimpleApplication@5774dea1
reloadAllAccessors: .PublisherTestSubscriber

===========================================================================================
----------------- testing Sun Feb 17 03:31:32 UTC 2019 /home/travis/build/icyphy/ptII/ptolemy/actor/lib/test/auto/PublisherToplevelSubscriberPortAOC.xml
----------------- Instantiating /home/travis/build/icyphy/ptII/ptolemy/actor/lib/test/auto/PublisherToplevelSubscriberPortAOC.xml
1 ms. Memory: 1546240K Free: 840531K (54%)
----------------- Invoking toplevel() on ptolemy.moml.MoMLSimpleApplication@eada257
----------------- Done invoking toplevel() on ptolemy.moml.MoMLSimpleApplication@eada257
reloadAllAccessors: .PublisherToplevelSubscriberPortAOC

===========================================================================================
----------------- testing Sun Feb 17 03:31:32 UTC 2019 /home/travis/build/icyphy/ptII/ptolemy/actor/lib/test/auto/PulseFiringLimitDE.xml
----------------- Instantiating /home/travis/build/icyphy/ptII/ptolemy/actor/lib/test/auto/PulseFiringLimitDE.xml
2 ms. Memory: 1546240K Free: 819319K (53%)
----------------- Invoking toplevel() on ptolemy.moml.MoMLSimpleApplication@192296ac
----------------- Done invoking toplevel() on ptolemy.moml.MoMLSimpleApplication@192296ac
reloadAllAccessors: .PulseFiringLimitDE

===========================================================================================
----------------- testing Sun Feb 17 03:31:32 UTC 2019 /home/travis/build/icyphy/ptII/ptolemy/actor/lib/test/auto/Ramp1.xml
----------------- Instantiating /home/travis/build/icyphy/ptII/ptolemy/actor/lib/test/auto/Ramp1.xml
1 ms. Memory: 1546240K Free: 804855K (52%)
----------------- Invoking toplevel() on ptolemy.moml.MoMLSimpleApplication@4c8e66dd
----------------- Done invoking toplevel() on ptolemy.moml.MoMLSimpleApplication@4c8e66dd
reloadAllAccessors: .Ramp1

===========================================================================================
----------------- testing Sun Feb 17 03:31:32 UTC 2019 /home/travis/build/icyphy/ptII/ptolemy/actor/lib/test/auto/RampFiringLimitDE.xml
----------------- Instantiating /home/travis/build/icyphy/ptII/ptolemy/actor/lib/test/auto/RampFiringLimitDE.xml
2 ms. Memory: 1546240K Free: 790391K (51%)
----------------- Invoking toplevel() on ptolemy.moml.MoMLSimpleApplication@f72f54d
----------------- Done invoking toplevel() on ptolemy.moml.MoMLSimpleApplication@f72f54d
reloadAllAccessors: .RampFiringLimitDE

===========================================================================================
----------------- testing Sun Feb 17 03:31:32 UTC 2019 /home/travis/build/icyphy/ptII/ptolemy/actor/lib/test/auto/RampFiringLimitSDF.xml
----------------- Instantiating /home/travis/build/icyphy/ptII/ptolemy/actor/lib/test/auto/RampFiringLimitSDF.xml
2 ms. Memory: 1546240K Free: 769179K (50%)
----------------- Invoking toplevel() on ptolemy.moml.MoMLSimpleApplication@6e04fdff
----------------- Done invoking toplevel() on ptolemy.moml.MoMLSimpleApplication@6e04fdff
reloadAllAccessors: .RampFiringLimitSDF

===========================================================================================
----------------- testing Sun Feb 17 03:31:32 UTC 2019 /home/travis/build/icyphy/ptII/ptolemy/actor/lib/test/auto/RandomInteger.xml
----------------- Instantiating /home/travis/build/icyphy/ptII/ptolemy/actor/lib/test/auto/RandomInteger.xml
1 ms. Memory: 1546240K Free: 754715K (49%)
----------------- Invoking toplevel() on ptolemy.moml.MoMLSimpleApplication@2f00be8e
----------------- Done invoking toplevel() on ptolemy.moml.MoMLSimpleApplication@2f00be8e
reloadAllAccessors: .RandomInteger

===========================================================================================
----------------- testing Sun Feb 17 03:31:32 UTC 2019 /home/travis/build/icyphy/ptII/ptolemy/actor/lib/test/auto/ReadFile1.xml
----------------- Instantiating /home/travis/build/icyphy/ptII/ptolemy/actor/lib/test/auto/ReadFile1.xml
1 ms. Memory: 1546240K Free: 733504K (47%)
----------------- Invoking toplevel() on ptolemy.moml.MoMLSimpleApplication@282f1791
----------------- Done invoking toplevel() on ptolemy.moml.MoMLSimpleApplication@282f1791
reloadAllAccessors: .ReadFile1

===========================================================================================
----------------- testing Sun Feb 17 03:31:32 UTC 2019 /home/travis/build/icyphy/ptII/ptolemy/actor/lib/test/auto/ReadFile2.xml
----------------- Instantiating /home/travis/build/icyphy/ptII/ptolemy/actor/lib/test/auto/ReadFile2.xml
0 ms. Memory: 1546240K Free: 719040K (47%)
----------------- Invoking toplevel() on ptolemy.moml.MoMLSimpleApplication@1d089f62
----------------- Done invoking toplevel() on ptolemy.moml.MoMLSimpleApplication@1d089f62
reloadAllAccessors: .ReadFile2

===========================================================================================
----------------- testing Sun Feb 17 03:31:32 UTC 2019 /home/travis/build/icyphy/ptII/ptolemy/actor/lib/test/auto/Reader.xml
----------------- Instantiating /home/travis/build/icyphy/ptII/ptolemy/actor/lib/test/auto/Reader.xml
actor.lib.Reader is obsolete, use actor.lib.io.ExpressionReader instead
2 ms. Memory: 1546240K Free: 704576K (46%)
----------------- Invoking toplevel() on ptolemy.moml.MoMLSimpleApplication@67f3eb2b
----------------- Done invoking toplevel() on ptolemy.moml.MoMLSimpleApplication@67f3eb2b
reloadAllAccessors: .Reader

===========================================================================================
----------------- testing Sun Feb 17 03:31:32 UTC 2019 /home/travis/build/icyphy/ptII/ptolemy/actor/lib/test/auto/RecordAssemblerDisplayNameTest.xml
----------------- Instantiating /home/travis/build/icyphy/ptII/ptolemy/actor/lib/test/auto/RecordAssemblerDisplayNameTest.xml
3139 ms. Memory: 1581056K Free: 904746K (57%)
----------------- Invoking toplevel() on ptolemy.moml.MoMLSimpleApplication@7317dadb
----------------- Done invoking toplevel() on ptolemy.moml.MoMLSimpleApplication@7317dadb
reloadAllAccessors: .RecordAssemblerDisplayNameTest

===========================================================================================
----------------- testing Sun Feb 17 03:31:35 UTC 2019 /home/travis/build/icyphy/ptII/ptolemy/actor/lib/test/auto/RecordAssemblerTypeError.xml
----------------- Instantiating /home/travis/build/icyphy/ptII/ptolemy/actor/lib/test/auto/RecordAssemblerTypeError.xml
5 ms. Memory: 1581056K Free: 873928K (55%)
----------------- Invoking toplevel() on ptolemy.moml.MoMLSimpleApplication@729b6dd3
----------------- Done invoking toplevel() on ptolemy.moml.MoMLSimpleApplication@729b6dd3
reloadAllAccessors: .RecordAssemblerTypeError

===========================================================================================
----------------- testing Sun Feb 17 03:31:35 UTC 2019 /home/travis/build/icyphy/ptII/ptolemy/actor/lib/test/auto/RecordDisassember.xml
----------------- Instantiating /home/travis/build/icyphy/ptII/ptolemy/actor/lib/test/auto/RecordDisassember.xml
2 ms. Memory: 1581056K Free: 859305K (54%)
----------------- Invoking toplevel() on ptolemy.moml.MoMLSimpleApplication@5663ef00
----------------- Done invoking toplevel() on ptolemy.moml.MoMLSimpleApplication@5663ef00
reloadAllAccessors: .RecordDisassember

===========================================================================================
----------------- testing Sun Feb 17 03:31:35 UTC 2019 /home/travis/build/icyphy/ptII/ptolemy/actor/lib/test/auto/RecordDisassemberDisplayNameTest.xml
----------------- Instantiating /home/travis/build/icyphy/ptII/ptolemy/actor/lib/test/auto/RecordDisassemberDisplayNameTest.xml
4 ms. Memory: 1581056K Free: 839505K (53%)
----------------- Invoking toplevel() on ptolemy.moml.MoMLSimpleApplication@537592bd
----------------- Done invoking toplevel() on ptolemy.moml.MoMLSimpleApplication@537592bd
reloadAllAccessors: .RecordDisassemberDisplayNameTest

===========================================================================================
----------------- testing Sun Feb 17 03:31:35 UTC 2019 /home/travis/build/icyphy/ptII/ptolemy/actor/lib/test/auto/RecordDisassembler.xml
----------------- Instantiating /home/travis/build/icyphy/ptII/ptolemy/actor/lib/test/auto/RecordDisassembler.xml
2 ms. Memory: 1581056K Free: 824883K (52%)
----------------- Invoking toplevel() on ptolemy.moml.MoMLSimpleApplication@47760c92
----------------- Done invoking toplevel() on ptolemy.moml.MoMLSimpleApplication@47760c92
reloadAllAccessors: .RecordDisassembler

===========================================================================================
----------------- testing Sun Feb 17 03:31:35 UTC 2019 /home/travis/build/icyphy/ptII/ptolemy/actor/lib/test/auto/RecordDisassembler2.xml
----------------- Instantiating /home/travis/build/icyphy/ptII/ptolemy/actor/lib/test/auto/RecordDisassembler2.xml
2 ms. Memory: 1581056K Free: 805083K (51%)
----------------- Invoking toplevel() on ptolemy.moml.MoMLSimpleApplication@a996bcb
----------------- Done invoking toplevel() on ptolemy.moml.MoMLSimpleApplication@a996bcb
reloadAllAccessors: .RecordDisassembler2

===========================================================================================
----------------- testing Sun Feb 17 03:31:35 UTC 2019 /home/travis/build/icyphy/ptII/ptolemy/actor/lib/test/auto/RecordUpdater.xml
----------------- Instantiating /home/travis/build/icyphy/ptII/ptolemy/actor/lib/test/auto/RecordUpdater.xml
2 ms. Memory: 1581056K Free: 790460K (50%)
----------------- Invoking toplevel() on ptolemy.moml.MoMLSimpleApplication@4f0ceb80
----------------- Done invoking toplevel() on ptolemy.moml.MoMLSimpleApplication@4f0ceb80
reloadAllAccessors: .RecordUpdater

===========================================================================================
----------------- testing Sun Feb 17 03:31:35 UTC 2019 /home/travis/build/icyphy/ptII/ptolemy/actor/lib/test/auto/RecordUpdater2.xml
----------------- Instantiating /home/travis/build/icyphy/ptII/ptolemy/actor/lib/test/auto/RecordUpdater2.xml
1 ms. Memory: 1581056K Free: 770660K (49%)
----------------- Invoking toplevel() on ptolemy.moml.MoMLSimpleApplication@579f6237
----------------- Done invoking toplevel() on ptolemy.moml.MoMLSimpleApplication@579f6237
reloadAllAccessors: .RecordUpdater2

===========================================================================================
----------------- testing Sun Feb 17 03:31:35 UTC 2019 /home/travis/build/icyphy/ptII/ptolemy/actor/lib/test/auto/RecursiveLattice.xml
----------------- Instantiating /home/travis/build/icyphy/ptII/ptolemy/actor/lib/test/auto/RecursiveLattice.xml
1 ms. Memory: 1581056K Free: 756037K (48%)
----------------- Invoking toplevel() on ptolemy.moml.MoMLSimpleApplication@2cebde16
----------------- Done invoking toplevel() on ptolemy.moml.MoMLSimpleApplication@2cebde16
reloadAllAccessors: .RecursiveLattice

===========================================================================================
----------------- testing Sun Feb 17 03:31:35 UTC 2019 /home/travis/build/icyphy/ptII/ptolemy/actor/lib/test/auto/Router.xml
----------------- Instantiating /home/travis/build/icyphy/ptII/ptolemy/actor/lib/test/auto/Router.xml
3004 ms. Memory: 1581056K Free: 736237K (47%)
----------------- Invoking toplevel() on ptolemy.moml.MoMLSimpleApplication@4796ff94
----------------- Done invoking toplevel() on ptolemy.moml.MoMLSimpleApplication@4796ff94
reloadAllAccessors: .Router

===========================================================================================
----------------- testing Sun Feb 17 03:31:38 UTC 2019 /home/travis/build/icyphy/ptII/ptolemy/actor/lib/test/auto/Router2.xml
----------------- Instantiating /home/travis/build/icyphy/ptII/ptolemy/actor/lib/test/auto/Router2.xml
3003 ms. Memory: 1581056K Free: 721615K (46%)
----------------- Invoking toplevel() on ptolemy.moml.MoMLSimpleApplication@1b19f642
----------------- Done invoking toplevel() on ptolemy.moml.MoMLSimpleApplication@1b19f642
reloadAllAccessors: .Router2

===========================================================================================
----------------- testing Sun Feb 17 03:31:41 UTC 2019 /home/travis/build/icyphy/ptII/ptolemy/actor/lib/test/auto/RunningMaximum.xml
----------------- Instantiating /home/travis/build/icyphy/ptII/ptolemy/actor/lib/test/auto/RunningMaximum.xml
2 ms. Memory: 1581056K Free: 701815K (44%)
----------------- Invoking toplevel() on ptolemy.moml.MoMLSimpleApplication@4325cdfd
----------------- Done invoking toplevel() on ptolemy.moml.MoMLSimpleApplication@4325cdfd
reloadAllAccessors: .RunningMaximum

===========================================================================================
----------------- testing Sun Feb 17 03:31:41 UTC 2019 /home/travis/build/icyphy/ptII/ptolemy/actor/lib/test/auto/RunningMinimum.xml
----------------- Instantiating /home/travis/build/icyphy/ptII/ptolemy/actor/lib/test/auto/RunningMinimum.xml
2 ms. Memory: 1581056K Free: 687192K (43%)
----------------- Invoking toplevel() on ptolemy.moml.MoMLSimpleApplication@47d8a142
----------------- Done invoking toplevel() on ptolemy.moml.MoMLSimpleApplication@47d8a142
reloadAllAccessors: .RunningMinimum

===========================================================================================
----------------- testing Sun Feb 17 03:31:41 UTC 2019 /home/travis/build/icyphy/ptII/ptolemy/actor/lib/test/auto/Scale.xml
----------------- Instantiating /home/travis/build/icyphy/ptII/ptolemy/actor/lib/test/auto/Scale.xml
1 ms. Memory: 1581056K Free: 667392K (42%)
----------------- Invoking toplevel() on ptolemy.moml.MoMLSimpleApplication@7d7d3610
----------------- Done invoking toplevel() on ptolemy.moml.MoMLSimpleApplication@7d7d3610
reloadAllAccessors: .Scale

===========================================================================================
----------------- testing Sun Feb 17 03:31:41 UTC 2019 /home/travis/build/icyphy/ptII/ptolemy/actor/lib/test/auto/Scale2.xml
----------------- Instantiating /home/travis/build/icyphy/ptII/ptolemy/actor/lib/test/auto/Scale2.xml
1 ms. Memory: 1581056K Free: 652769K (41%)
----------------- Invoking toplevel() on ptolemy.moml.MoMLSimpleApplication@71d30937
----------------- Done invoking toplevel() on ptolemy.moml.MoMLSimpleApplication@71d30937
reloadAllAccessors: .Scale2

===========================================================================================
----------------- testing Sun Feb 17 03:31:41 UTC 2019 /home/travis/build/icyphy/ptII/ptolemy/actor/lib/test/auto/Scale3.xml
----------------- Instantiating /home/travis/build/icyphy/ptII/ptolemy/actor/lib/test/auto/Scale3.xml
3 ms. Memory: 1581056K Free: 632969K (40%)
----------------- Invoking toplevel() on ptolemy.moml.MoMLSimpleApplication@64946629
----------------- Done invoking toplevel() on ptolemy.moml.MoMLSimpleApplication@64946629
reloadAllAccessors: .Scale3

===========================================================================================
----------------- testing Sun Feb 17 03:31:41 UTC 2019 /home/travis/build/icyphy/ptII/ptolemy/actor/lib/test/auto/ScaleArray.xml
----------------- Instantiating /home/travis/build/icyphy/ptII/ptolemy/actor/lib/test/auto/ScaleArray.xml
2 ms. Memory: 1581056K Free: 618347K (39%)
----------------- Invoking toplevel() on ptolemy.moml.MoMLSimpleApplication@3247fcf7
----------------- Done invoking toplevel() on ptolemy.moml.MoMLSimpleApplication@3247fcf7
reloadAllAccessors: .ScaleArray

===========================================================================================
----------------- testing Sun Feb 17 03:31:41 UTC 2019 /home/travis/build/icyphy/ptII/ptolemy/actor/lib/test/auto/ScaleArray2.xml
----------------- Instantiating /home/travis/build/icyphy/ptII/ptolemy/actor/lib/test/auto/ScaleArray2.xml
1 ms. Memory: 1581056K Free: 598546K (38%)
----------------- Invoking toplevel() on ptolemy.moml.MoMLSimpleApplication@56751ee
----------------- Done invoking toplevel() on ptolemy.moml.MoMLSimpleApplication@56751ee
reloadAllAccessors: .ScaleArray2

===========================================================================================
----------------- testing Sun Feb 17 03:31:41 UTC 2019 /home/travis/build/icyphy/ptII/ptolemy/actor/lib/test/auto/ScaleMatrix.xml
----------------- Instantiating /home/travis/build/icyphy/ptII/ptolemy/actor/lib/test/auto/ScaleMatrix.xml
139 ms. Memory: 1581056K Free: 576612K (36%)
----------------- Invoking toplevel() on ptolemy.moml.MoMLSimpleApplication@3d55167d
----------------- Done invoking toplevel() on ptolemy.moml.MoMLSimpleApplication@3d55167d
reloadAllAccessors: .ScaleMatrix

===========================================================================================
----------------- testing Sun Feb 17 03:31:42 UTC 2019 /home/travis/build/icyphy/ptII/ptolemy/actor/lib/test/auto/Select.xml
----------------- Instantiating /home/travis/build/icyphy/ptII/ptolemy/actor/lib/test/auto/Select.xml
2 ms. Memory: 1581056K Free: 556813K (35%)
----------------- Invoking toplevel() on ptolemy.moml.MoMLSimpleApplication@21cf115b
----------------- Done invoking toplevel() on ptolemy.moml.MoMLSimpleApplication@21cf115b
reloadAllAccessors: .Select

===========================================================================================
----------------- testing Sun Feb 17 03:31:42 UTC 2019 /home/travis/build/icyphy/ptII/ptolemy/actor/lib/test/auto/Select2.xml
----------------- Instantiating /home/travis/build/icyphy/ptII/ptolemy/actor/lib/test/auto/Select2.xml
1 ms. Memory: 1581056K Free: 542190K (34%)
----------------- Invoking toplevel() on ptolemy.moml.MoMLSimpleApplication@6e7e0a5a
----------------- Done invoking toplevel() on ptolemy.moml.MoMLSimpleApplication@6e7e0a5a
reloadAllAccessors: .Select2

===========================================================================================
----------------- testing Sun Feb 17 03:31:42 UTC 2019 /home/travis/build/icyphy/ptII/ptolemy/actor/lib/test/auto/SequenceToArray2.xml
----------------- Instantiating /home/travis/build/icyphy/ptII/ptolemy/actor/lib/test/auto/SequenceToArray2.xml
98 ms. Memory: 1581056K Free: 449260K (28%)
----------------- Invoking toplevel() on ptolemy.moml.MoMLSimpleApplication@56c22105
----------------- Done invoking toplevel() on ptolemy.moml.MoMLSimpleApplication@56c22105
reloadAllAccessors: .SequenceToArray2

===========================================================================================
----------------- testing Sun Feb 17 03:31:42 UTC 2019 /home/travis/build/icyphy/ptII/ptolemy/actor/lib/test/auto/SequentialClock.xml
----------------- Instantiating /home/travis/build/icyphy/ptII/ptolemy/actor/lib/test/auto/SequentialClock.xml
1 ms. Memory: 1581056K Free: 434637K (27%)
----------------- Invoking toplevel() on ptolemy.moml.MoMLSimpleApplication@6d333c39
----------------- Done invoking toplevel() on ptolemy.moml.MoMLSimpleApplication@6d333c39
reloadAllAccessors: .SequentialClock

===========================================================================================
----------------- testing Sun Feb 17 03:31:42 UTC 2019 /home/travis/build/icyphy/ptII/ptolemy/actor/lib/test/auto/SetVariable.xml
----------------- Instantiating /home/travis/build/icyphy/ptII/ptolemy/actor/lib/test/auto/SetVariable.xml
2 ms. Memory: 1581056K Free: 420015K (27%)
----------------- Invoking toplevel() on ptolemy.moml.MoMLSimpleApplication@419434bc
----------------- Done invoking toplevel() on ptolemy.moml.MoMLSimpleApplication@419434bc
reloadAllAccessors: .SetVariable

===========================================================================================
----------------- testing Sun Feb 17 03:31:42 UTC 2019 /home/travis/build/icyphy/ptII/ptolemy/actor/lib/test/auto/SetVariable2.xml
----------------- Instantiating /home/travis/build/icyphy/ptII/ptolemy/actor/lib/test/auto/SetVariable2.xml
2 ms. Memory: 1581056K Free: 400215K (25%)
----------------- Invoking toplevel() on ptolemy.moml.MoMLSimpleApplication@53e46c4
----------------- Done invoking toplevel() on ptolemy.moml.MoMLSimpleApplication@53e46c4
reloadAllAccessors: .SetVariable2

===========================================================================================
----------------- testing Sun Feb 17 03:31:42 UTC 2019 /home/travis/build/icyphy/ptII/ptolemy/actor/lib/test/auto/SetVariable3.xml
----------------- Instantiating /home/travis/build/icyphy/ptII/ptolemy/actor/lib/test/auto/SetVariable3.xml
8 ms. Memory: 1581056K Free: 385592K (24%)
----------------- Invoking toplevel() on ptolemy.moml.MoMLSimpleApplication@9c5df46
----------------- Done invoking toplevel() on ptolemy.moml.MoMLSimpleApplication@9c5df46
reloadAllAccessors: .SetVariable3

===========================================================================================
----------------- testing Sun Feb 17 03:31:42 UTC 2019 /home/travis/build/icyphy/ptII/ptolemy/actor/lib/test/auto/SetVariable4.xml
----------------- Instantiating /home/travis/build/icyphy/ptII/ptolemy/actor/lib/test/auto/SetVariable4.xml
11 ms. Memory: 1581056K Free: 314612K (20%)
----------------- Invoking toplevel() on ptolemy.moml.MoMLSimpleApplication@a282bce
----------------- Done invoking toplevel() on ptolemy.moml.MoMLSimpleApplication@a282bce
reloadAllAccessors: .SetVariable4

===========================================================================================
----------------- testing Sun Feb 17 03:31:42 UTC 2019 /home/travis/build/icyphy/ptII/ptolemy/actor/lib/test/auto/SetVariable5.xml
----------------- Instantiating /home/travis/build/icyphy/ptII/ptolemy/actor/lib/test/auto/SetVariable5.xml
18 ms. Memory: 1581056K Free: 299990K (19%)
----------------- Invoking toplevel() on ptolemy.moml.MoMLSimpleApplication@9df4cc
----------------- Done invoking toplevel() on ptolemy.moml.MoMLSimpleApplication@9df4cc
reloadAllAccessors: .SetVariable5

===========================================================================================
----------------- testing Sun Feb 17 03:31:42 UTC 2019 /home/travis/build/icyphy/ptII/ptolemy/actor/lib/test/auto/Sinewave.xml
----------------- Instantiating /home/travis/build/icyphy/ptII/ptolemy/actor/lib/test/auto/Sinewave.xml
6 ms. Memory: 1581056K Free: 272862K (17%)
----------------- Invoking toplevel() on ptolemy.moml.MoMLSimpleApplication@6c19a59c
----------------- Done invoking toplevel() on ptolemy.moml.MoMLSimpleApplication@6c19a59c
reloadAllAccessors: .Sinewave

===========================================================================================
----------------- testing Sun Feb 17 03:31:42 UTC 2019 /home/travis/build/icyphy/ptII/ptolemy/actor/lib/test/auto/Sinewave2.xml
----------------- Instantiating /home/travis/build/icyphy/ptII/ptolemy/actor/lib/test/auto/Sinewave2.xml
8 ms. Memory: 1581056K Free: 258239K (16%)
----------------- Invoking toplevel() on ptolemy.moml.MoMLSimpleApplication@f2da284
----------------- Done invoking toplevel() on ptolemy.moml.MoMLSimpleApplication@f2da284
reloadAllAccessors: .Sinewave2

===========================================================================================
----------------- testing Sun Feb 17 03:31:42 UTC 2019 /home/travis/build/icyphy/ptII/ptolemy/actor/lib/test/auto/Sinewave3.xml
----------------- Instantiating /home/travis/build/icyphy/ptII/ptolemy/actor/lib/test/auto/Sinewave3.xml
8 ms. Memory: 1581056K Free: 238440K (15%)
----------------- Invoking toplevel() on ptolemy.moml.MoMLSimpleApplication@5d01844b
----------------- Done invoking toplevel() on ptolemy.moml.MoMLSimpleApplication@5d01844b
reloadAllAccessors: .Sinewave3

===========================================================================================
----------------- testing Sun Feb 17 03:31:42 UTC 2019 /home/travis/build/icyphy/ptII/ptolemy/actor/lib/test/auto/SingleEvent.xml
----------------- Instantiating /home/travis/build/icyphy/ptII/ptolemy/actor/lib/test/auto/SingleEvent.xml
1 ms. Memory: 1581056K Free: 223817K (14%)
----------------- Invoking toplevel() on ptolemy.moml.MoMLSimpleApplication@50559913
----------------- Done invoking toplevel() on ptolemy.moml.MoMLSimpleApplication@50559913
reloadAllAccessors: .SingleEvent

===========================================================================================
----------------- testing Sun Feb 17 03:31:42 UTC 2019 /home/travis/build/icyphy/ptII/ptolemy/actor/lib/test/auto/Sleep.xml
----------------- Instantiating /home/travis/build/icyphy/ptII/ptolemy/actor/lib/test/auto/Sleep.xml
6004 ms. Memory: 1581056K Free: 204017K (13%)
----------------- Invoking toplevel() on ptolemy.moml.MoMLSimpleApplication@ce9910b
----------------- Done invoking toplevel() on ptolemy.moml.MoMLSimpleApplication@ce9910b
reloadAllAccessors: .Sleep

===========================================================================================
----------------- testing Sun Feb 17 03:31:48 UTC 2019 /home/travis/build/icyphy/ptII/ptolemy/actor/lib/test/auto/SleepMultipleFire.xml
----------------- Instantiating /home/travis/build/icyphy/ptII/ptolemy/actor/lib/test/auto/SleepMultipleFire.xml
1005 ms. Memory: 1581056K Free: 189394K (12%)
----------------- Invoking toplevel() on ptolemy.moml.MoMLSimpleApplication@28f1863f
----------------- Done invoking toplevel() on ptolemy.moml.MoMLSimpleApplication@28f1863f
reloadAllAccessors: .SleepMultipleFire

===========================================================================================
----------------- testing Sun Feb 17 03:31:49 UTC 2019 /home/travis/build/icyphy/ptII/ptolemy/actor/lib/test/auto/StopDE.xml
----------------- Instantiating /home/travis/build/icyphy/ptII/ptolemy/actor/lib/test/auto/StopDE.xml
2 ms. Memory: 1581056K Free: 169595K (11%)
----------------- Invoking toplevel() on ptolemy.moml.MoMLSimpleApplication@6d3e8b15
----------------- Done invoking toplevel() on ptolemy.moml.MoMLSimpleApplication@6d3e8b15
reloadAllAccessors: .StopDE

===========================================================================================
----------------- testing Sun Feb 17 03:31:49 UTC 2019 /home/travis/build/icyphy/ptII/ptolemy/actor/lib/test/auto/StopSDF.xml
----------------- Instantiating /home/travis/build/icyphy/ptII/ptolemy/actor/lib/test/auto/StopSDF.xml
2 ms. Memory: 1581056K Free: 154972K (10%)
----------------- Invoking toplevel() on ptolemy.moml.MoMLSimpleApplication@37908ce1
----------------- Done invoking toplevel() on ptolemy.moml.MoMLSimpleApplication@37908ce1
reloadAllAccessors: .StopSDF

===========================================================================================
----------------- testing Sun Feb 17 03:31:49 UTC 2019 /home/travis/build/icyphy/ptII/ptolemy/actor/lib/test/auto/StringConstant.xml
----------------- Instantiating /home/travis/build/icyphy/ptII/ptolemy/actor/lib/test/auto/StringConstant.xml
1 ms. Memory: 1581056K Free: 135172K (9%)
----------------- Invoking toplevel() on ptolemy.moml.MoMLSimpleApplication@6236df9b
----------------- Done invoking toplevel() on ptolemy.moml.MoMLSimpleApplication@6236df9b
reloadAllAccessors: .StringConstant

===========================================================================================
----------------- testing Sun Feb 17 03:31:49 UTC 2019 /home/travis/build/icyphy/ptII/ptolemy/actor/lib/test/auto/SubscriberPortInitialValues1.xml
----------------- Instantiating /home/travis/build/icyphy/ptII/ptolemy/actor/lib/test/auto/SubscriberPortInitialValues1.xml
5 ms. Memory: 1581056K Free: 120549K (8%)
----------------- Invoking toplevel() on ptolemy.moml.MoMLSimpleApplication@7f1e9cd2
----------------- Done invoking toplevel() on ptolemy.moml.MoMLSimpleApplication@7f1e9cd2
reloadAllAccessors: .SubscriberPortInitialValues1

===========================================================================================
----------------- testing Sun Feb 17 03:31:49 UTC 2019 /home/travis/build/icyphy/ptII/ptolemy/actor/lib/test/auto/SubscriberPortInitialValues13.xml
----------------- Instantiating /home/travis/build/icyphy/ptII/ptolemy/actor/lib/test/auto/SubscriberPortInitialValues13.xml
4 ms. Memory: 1581056K Free: 93422K (6%)
----------------- Invoking toplevel() on ptolemy.moml.MoMLSimpleApplication@1ac20dfa
----------------- Done invoking toplevel() on ptolemy.moml.MoMLSimpleApplication@1ac20dfa
reloadAllAccessors: .SubscriberPortInitialValues13

===========================================================================================
----------------- testing Sun Feb 17 03:31:49 UTC 2019 /home/travis/build/icyphy/ptII/ptolemy/actor/lib/test/auto/SubscriberPortInitialValues14.xml
----------------- Instantiating /home/travis/build/icyphy/ptII/ptolemy/actor/lib/test/auto/SubscriberPortInitialValues14.xml
4 ms. Memory: 1581056K Free: 79951K (5%)
----------------- Invoking toplevel() on ptolemy.moml.MoMLSimpleApplication@202f6f6b
----------------- Done invoking toplevel() on ptolemy.moml.MoMLSimpleApplication@202f6f6b
reloadAllAccessors: .SubscriberPortInitialValues14

===========================================================================================
----------------- testing Sun Feb 17 03:31:49 UTC 2019 /home/travis/build/icyphy/ptII/ptolemy/actor/lib/test/auto/SubscriberPortInitialValues2.xml
----------------- Instantiating /home/travis/build/icyphy/ptII/ptolemy/actor/lib/test/auto/SubscriberPortInitialValues2.xml
4 ms. Memory: 1720832K Free: 1660896K (97%)
----------------- Invoking toplevel() on ptolemy.moml.MoMLSimpleApplication@1733067b
----------------- Done invoking toplevel() on ptolemy.moml.MoMLSimpleApplication@1733067b
reloadAllAccessors: .SubscriberPortInitialValues2

===========================================================================================
----------------- testing Sun Feb 17 03:31:49 UTC 2019 /home/travis/build/icyphy/ptII/ptolemy/actor/lib/test/auto/SubscriberPortInitialValues3.xml
----------------- Instantiating /home/travis/build/icyphy/ptII/ptolemy/actor/lib/test/auto/SubscriberPortInitialValues3.xml
4 ms. Memory: 1720832K Free: 1644692K (96%)
----------------- Invoking toplevel() on ptolemy.moml.MoMLSimpleApplication@546cb1c1
----------------- Done invoking toplevel() on ptolemy.moml.MoMLSimpleApplication@546cb1c1
reloadAllAccessors: .SubscriberPortInitialValues3

===========================================================================================
----------------- testing Sun Feb 17 03:31:49 UTC 2019 /home/travis/build/icyphy/ptII/ptolemy/actor/lib/test/auto/SubscriptionAggregator.xml
----------------- Instantiating /home/travis/build/icyphy/ptII/ptolemy/actor/lib/test/auto/SubscriptionAggregator.xml
2 ms. Memory: 1720832K Free: 1623987K (94%)
----------------- Invoking toplevel() on ptolemy.moml.MoMLSimpleApplication@3991f846
----------------- Done invoking toplevel() on ptolemy.moml.MoMLSimpleApplication@3991f846
reloadAllAccessors: .SubscriptionAggregator

===========================================================================================
----------------- testing Sun Feb 17 03:31:49 UTC 2019 /home/travis/build/icyphy/ptII/ptolemy/actor/lib/test/auto/SubscriptionAggregator2.xml
----------------- Instantiating /home/travis/build/icyphy/ptII/ptolemy/actor/lib/test/auto/SubscriptionAggregator2.xml
2 ms. Memory: 1720832K Free: 1607782K (93%)
----------------- Invoking toplevel() on ptolemy.moml.MoMLSimpleApplication@d49cea7
----------------- Done invoking toplevel() on ptolemy.moml.MoMLSimpleApplication@d49cea7
reloadAllAccessors: .SubscriptionAggregator2

===========================================================================================
----------------- testing Sun Feb 17 03:31:49 UTC 2019 /home/travis/build/icyphy/ptII/ptolemy/actor/lib/test/auto/SubscriptionAggregator3.xml
----------------- Instantiating /home/travis/build/icyphy/ptII/ptolemy/actor/lib/test/auto/SubscriptionAggregator3.xml
2 ms. Memory: 1720832K Free: 1587078K (92%)
----------------- Invoking toplevel() on ptolemy.moml.MoMLSimpleApplication@61fe1aaa
----------------- Done invoking toplevel() on ptolemy.moml.MoMLSimpleApplication@61fe1aaa
reloadAllAccessors: .SubscriptionAggregator3

===========================================================================================
----------------- testing Sun Feb 17 03:31:49 UTC 2019 /home/travis/build/icyphy/ptII/ptolemy/actor/lib/test/auto/SubscriptionAggregatorMultiply.xml
----------------- Instantiating /home/travis/build/icyphy/ptII/ptolemy/actor/lib/test/auto/SubscriptionAggregatorMultiply.xml
3 ms. Memory: 1720832K Free: 1566373K (91%)
----------------- Invoking toplevel() on ptolemy.moml.MoMLSimpleApplication@5ab56d87
----------------- Done invoking toplevel() on ptolemy.moml.MoMLSimpleApplication@5ab56d87
reloadAllAccessors: .SubscriptionAggregatorMultiply

===========================================================================================
----------------- testing Sun Feb 17 03:31:49 UTC 2019 /home/travis/build/icyphy/ptII/ptolemy/actor/lib/test/auto/SubscriptionAggregatorPortMultiply1.xml
----------------- Instantiating /home/travis/build/icyphy/ptII/ptolemy/actor/lib/test/auto/SubscriptionAggregatorPortMultiply1.xml
3 ms. Memory: 1720832K Free: 1550168K (90%)
----------------- Invoking toplevel() on ptolemy.moml.MoMLSimpleApplication@115a89f7
----------------- Done invoking toplevel() on ptolemy.moml.MoMLSimpleApplication@115a89f7
reloadAllAccessors: .SubscriptionAggregatorPortMultiply1

===========================================================================================
----------------- testing Sun Feb 17 03:31:49 UTC 2019 /home/travis/build/icyphy/ptII/ptolemy/actor/lib/test/auto/Switch.xml
----------------- Instantiating /home/travis/build/icyphy/ptII/ptolemy/actor/lib/test/auto/Switch.xml
3 ms. Memory: 1720832K Free: 1480824K (86%)
----------------- Invoking toplevel() on ptolemy.moml.MoMLSimpleApplication@48f57c02
----------------- Done invoking toplevel() on ptolemy.moml.MoMLSimpleApplication@48f57c02
reloadAllAccessors: .Switch

===========================================================================================
----------------- testing Sun Feb 17 03:31:49 UTC 2019 /home/travis/build/icyphy/ptII/ptolemy/actor/lib/test/auto/Switch2.xml
----------------- Instantiating /home/travis/build/icyphy/ptII/ptolemy/actor/lib/test/auto/Switch2.xml
0 ms. Memory: 1720832K Free: 1464619K (85%)
----------------- Invoking toplevel() on ptolemy.moml.MoMLSimpleApplication@55760cc
----------------- Done invoking toplevel() on ptolemy.moml.MoMLSimpleApplication@55760cc
reloadAllAccessors: .Switch2

===========================================================================================
----------------- testing Sun Feb 17 03:31:49 UTC 2019 /home/travis/build/icyphy/ptII/ptolemy/actor/lib/test/auto/SwitchDE.xml
----------------- Instantiating /home/travis/build/icyphy/ptII/ptolemy/actor/lib/test/auto/SwitchDE.xml
1 ms. Memory: 1720832K Free: 1443914K (84%)
----------------- Invoking toplevel() on ptolemy.moml.MoMLSimpleApplication@1950d85b
----------------- Done invoking toplevel() on ptolemy.moml.MoMLSimpleApplication@1950d85b
reloadAllAccessors: .SwitchDE

===========================================================================================
----------------- testing Sun Feb 17 03:31:49 UTC 2019 /home/travis/build/icyphy/ptII/ptolemy/actor/lib/test/auto/SynchronizerDE.xml
----------------- Instantiating /home/travis/build/icyphy/ptII/ptolemy/actor/lib/test/auto/SynchronizerDE.xml
3 ms. Memory: 1720832K Free: 1427709K (83%)
----------------- Invoking toplevel() on ptolemy.moml.MoMLSimpleApplication@25d1f331
----------------- Done invoking toplevel() on ptolemy.moml.MoMLSimpleApplication@25d1f331
reloadAllAccessors: .SynchronizerDE

===========================================================================================
----------------- testing Sun Feb 17 03:31:49 UTC 2019 /home/travis/build/icyphy/ptII/ptolemy/actor/lib/test/auto/Test.xml
----------------- Instantiating /home/travis/build/icyphy/ptII/ptolemy/actor/lib/test/auto/Test.xml
2 ms. Memory: 1720832K Free: 1407004K (82%)
----------------- Invoking toplevel() on ptolemy.moml.MoMLSimpleApplication@12d0c776
----------------- Done invoking toplevel() on ptolemy.moml.MoMLSimpleApplication@12d0c776
reloadAllAccessors: .Test

===========================================================================================
----------------- testing Sun Feb 17 03:31:49 UTC 2019 /home/travis/build/icyphy/ptII/ptolemy/actor/lib/test/auto/TestExceptionAttribute1.xml
----------------- Instantiating /home/travis/build/icyphy/ptII/ptolemy/actor/lib/test/auto/TestExceptionAttribute1.xml
4 ms. Memory: 1720832K Free: 1390799K (81%)
----------------- Invoking toplevel() on ptolemy.moml.MoMLSimpleApplication@484a489b
----------------- Done invoking toplevel() on ptolemy.moml.MoMLSimpleApplication@484a489b
reloadAllAccessors: .TestExceptionAttribute1

===========================================================================================
----------------- testing Sun Feb 17 03:31:49 UTC 2019 /home/travis/build/icyphy/ptII/ptolemy/actor/lib/test/auto/TestExceptionAttribute2.xml
----------------- Instantiating /home/travis/build/icyphy/ptII/ptolemy/actor/lib/test/auto/TestExceptionAttribute2.xml
1 ms. Memory: 1720832K Free: 1370095K (80%)
----------------- Invoking toplevel() on ptolemy.moml.MoMLSimpleApplication@68aebf86
----------------- Done invoking toplevel() on ptolemy.moml.MoMLSimpleApplication@68aebf86
reloadAllAccessors: .TestExceptionAttribute2

===========================================================================================
----------------- testing Sun Feb 17 03:31:49 UTC 2019 /home/travis/build/icyphy/ptII/ptolemy/actor/lib/test/auto/TestExceptionAttribute3.xml
----------------- Instantiating /home/travis/build/icyphy/ptII/ptolemy/actor/lib/test/auto/TestExceptionAttribute3.xml
.TestExceptionAttribute3.TestExceptionAttribute: initialize() was not invoked, but wrapup() was.  This is unusual, but not always a problem.  For example, exporting JNLP will do this.
0 ms. Memory: 1720832K Free: 1353890K (79%)
----------------- Invoking toplevel() on ptolemy.moml.MoMLSimpleApplication@20f51fb5
----------------- Done invoking toplevel() on ptolemy.moml.MoMLSimpleApplication@20f51fb5
reloadAllAccessors: .TestExceptionAttribute3

===========================================================================================
----------------- testing Sun Feb 17 03:31:49 UTC 2019 /home/travis/build/icyphy/ptII/ptolemy/actor/lib/test/auto/TestExceptionAttribute4.xml
----------------- Instantiating /home/travis/build/icyphy/ptII/ptolemy/actor/lib/test/auto/TestExceptionAttribute4.xml
.TestExceptionAttribute4.TestExceptionAttribute: initialize() was not invoked, but wrapup() was.  This is unusual, but not always a problem.  For example, exporting JNLP will do this.
.TestExceptionAttribute4.TestExceptionAttribute2: initialize() was not invoked, but wrapup() was.  This is unusual, but not always a problem.  For example, exporting JNLP will do this.
1 ms. Memory: 1720832K Free: 1333185K (77%)
----------------- Invoking toplevel() on ptolemy.moml.MoMLSimpleApplication@3e2e3bd0
----------------- Done invoking toplevel() on ptolemy.moml.MoMLSimpleApplication@3e2e3bd0
reloadAllAccessors: .TestExceptionAttribute4

===========================================================================================
----------------- testing Sun Feb 17 03:31:49 UTC 2019 /home/travis/build/icyphy/ptII/ptolemy/actor/lib/test/auto/TestExceptionHandler1.xml
----------------- Instantiating /home/travis/build/icyphy/ptII/ptolemy/actor/lib/test/auto/TestExceptionHandler1.xml
1 ms. Memory: 1720832K Free: 1312481K (76%)
----------------- Invoking toplevel() on ptolemy.moml.MoMLSimpleApplication@1bf9d700
----------------- Done invoking toplevel() on ptolemy.moml.MoMLSimpleApplication@1bf9d700
reloadAllAccessors: .TestExceptionHandler1

===========================================================================================
----------------- testing Sun Feb 17 03:31:49 UTC 2019 /home/travis/build/icyphy/ptII/ptolemy/actor/lib/test/auto/TestExceptionHandler2.xml
----------------- Instantiating /home/travis/build/icyphy/ptII/ptolemy/actor/lib/test/auto/TestExceptionHandler2.xml
1 ms. Memory: 1720832K Free: 1296276K (75%)
----------------- Invoking toplevel() on ptolemy.moml.MoMLSimpleApplication@4275a265
----------------- Done invoking toplevel() on ptolemy.moml.MoMLSimpleApplication@4275a265
reloadAllAccessors: .TestExceptionHandler2

===========================================================================================
----------------- testing Sun Feb 17 03:31:49 UTC 2019 /home/travis/build/icyphy/ptII/ptolemy/actor/lib/test/auto/TestExceptionHandler3.xml
----------------- Instantiating /home/travis/build/icyphy/ptII/ptolemy/actor/lib/test/auto/TestExceptionHandler3.xml
1 ms. Memory: 1720832K Free: 1275572K (74%)
----------------- Invoking toplevel() on ptolemy.moml.MoMLSimpleApplication@308e1375
----------------- Done invoking toplevel() on ptolemy.moml.MoMLSimpleApplication@308e1375
reloadAllAccessors: .TestExceptionHandler3

===========================================================================================
----------------- testing Sun Feb 17 03:31:49 UTC 2019 /home/travis/build/icyphy/ptII/ptolemy/actor/lib/test/auto/TestExceptionHandler4.xml
----------------- Instantiating /home/travis/build/icyphy/ptII/ptolemy/actor/lib/test/auto/TestExceptionHandler4.xml
0 ms. Memory: 1720832K Free: 1259367K (73%)
----------------- Invoking toplevel() on ptolemy.moml.MoMLSimpleApplication@44dbfaf3
----------------- Done invoking toplevel() on ptolemy.moml.MoMLSimpleApplication@44dbfaf3
reloadAllAccessors: .TestExceptionHandler4

===========================================================================================
----------------- testing Sun Feb 17 03:31:49 UTC 2019 /home/travis/build/icyphy/ptII/ptolemy/actor/lib/test/auto/TestRequireCorrectOrder.xml
----------------- Instantiating /home/travis/build/icyphy/ptII/ptolemy/actor/lib/test/auto/TestRequireCorrectOrder.xml
2 ms. Memory: 1720832K Free: 1238662K (72%)
----------------- Invoking toplevel() on ptolemy.moml.MoMLSimpleApplication@187ee119
----------------- Done invoking toplevel() on ptolemy.moml.MoMLSimpleApplication@187ee119
reloadAllAccessors: .TestRequireCorrectOrder

===========================================================================================
----------------- testing Sun Feb 17 03:31:50 UTC 2019 /home/travis/build/icyphy/ptII/ptolemy/actor/lib/test/auto/TestSimple.xml
----------------- Instantiating /home/travis/build/icyphy/ptII/ptolemy/actor/lib/test/auto/TestSimple.xml
3 ms. Memory: 1720832K Free: 1222457K (71%)
----------------- Invoking toplevel() on ptolemy.moml.MoMLSimpleApplication@7f8d5af1
----------------- Done invoking toplevel() on ptolemy.moml.MoMLSimpleApplication@7f8d5af1
reloadAllAccessors: .TestSimple

===========================================================================================
----------------- testing Sun Feb 17 03:31:50 UTC 2019 /home/travis/build/icyphy/ptII/ptolemy/actor/lib/test/auto/ThrowModelError.xml
----------------- Instantiating /home/travis/build/icyphy/ptII/ptolemy/actor/lib/test/auto/ThrowModelError.xml
1 ms. Memory: 1720832K Free: 1201753K (70%)
----------------- Invoking toplevel() on ptolemy.moml.MoMLSimpleApplication@29ceb9ed
----------------- Done invoking toplevel() on ptolemy.moml.MoMLSimpleApplication@29ceb9ed
reloadAllAccessors: .ThrowModelError

===========================================================================================
----------------- testing Sun Feb 17 03:31:50 UTC 2019 /home/travis/build/icyphy/ptII/ptolemy/actor/lib/test/auto/TimeDelayMicrosteps.xml
----------------- Instantiating /home/travis/build/icyphy/ptII/ptolemy/actor/lib/test/auto/TimeDelayMicrosteps.xml
2 ms. Memory: 1720832K Free: 1185548K (69%)
----------------- Invoking toplevel() on ptolemy.moml.MoMLSimpleApplication@3938fb62
----------------- Done invoking toplevel() on ptolemy.moml.MoMLSimpleApplication@3938fb62
reloadAllAccessors: .TimeDelayMicrosteps

===========================================================================================
----------------- testing Sun Feb 17 03:31:50 UTC 2019 /home/travis/build/icyphy/ptII/ptolemy/actor/lib/test/auto/TimeDelayMicrosteps2.xml
----------------- Instantiating /home/travis/build/icyphy/ptII/ptolemy/actor/lib/test/auto/TimeDelayMicrosteps2.xml
3 ms. Memory: 1720832K Free: 1164843K (68%)
----------------- Invoking toplevel() on ptolemy.moml.MoMLSimpleApplication@4d39465c
----------------- Done invoking toplevel() on ptolemy.moml.MoMLSimpleApplication@4d39465c
reloadAllAccessors: .TimeDelayMicrosteps2

===========================================================================================
----------------- testing Sun Feb 17 03:31:50 UTC 2019 /home/travis/build/icyphy/ptII/ptolemy/actor/lib/test/auto/TimeDelayMicrosteps3.xml
----------------- Instantiating /home/travis/build/icyphy/ptII/ptolemy/actor/lib/test/auto/TimeDelayMicrosteps3.xml
3 ms. Memory: 1720832K Free: 1144139K (66%)
----------------- Invoking toplevel() on ptolemy.moml.MoMLSimpleApplication@301c753e
----------------- Done invoking toplevel() on ptolemy.moml.MoMLSimpleApplication@301c753e
reloadAllAccessors: .TimeDelayMicrosteps3

===========================================================================================
----------------- testing Sun Feb 17 03:31:50 UTC 2019 /home/travis/build/icyphy/ptII/ptolemy/actor/lib/test/auto/TimeDelayVariableMicrosteps.xml
----------------- Instantiating /home/travis/build/icyphy/ptII/ptolemy/actor/lib/test/auto/TimeDelayVariableMicrosteps.xml
2 ms. Memory: 1720832K Free: 1127934K (66%)
----------------- Invoking toplevel() on ptolemy.moml.MoMLSimpleApplication@8df0739
----------------- Done invoking toplevel() on ptolemy.moml.MoMLSimpleApplication@8df0739
reloadAllAccessors: .TimeDelayVariableMicrosteps

===========================================================================================
----------------- testing Sun Feb 17 03:31:50 UTC 2019 /home/travis/build/icyphy/ptII/ptolemy/actor/lib/test/auto/TimeGap.xml
----------------- Instantiating /home/travis/build/icyphy/ptII/ptolemy/actor/lib/test/auto/TimeGap.xml
3 ms. Memory: 1720832K Free: 1107229K (64%)
----------------- Invoking toplevel() on ptolemy.moml.MoMLSimpleApplication@6e5c63c9
----------------- Done invoking toplevel() on ptolemy.moml.MoMLSimpleApplication@6e5c63c9
reloadAllAccessors: .TimeGap

===========================================================================================
----------------- testing Sun Feb 17 03:31:50 UTC 2019 /home/travis/build/icyphy/ptII/ptolemy/actor/lib/test/auto/TimeGap2.xml
----------------- Instantiating /home/travis/build/icyphy/ptII/ptolemy/actor/lib/test/auto/TimeGap2.xml
1 ms. Memory: 1720832K Free: 1091024K (63%)
----------------- Invoking toplevel() on ptolemy.moml.MoMLSimpleApplication@24df154e
----------------- Done invoking toplevel() on ptolemy.moml.MoMLSimpleApplication@24df154e
reloadAllAccessors: .TimeGap2

===========================================================================================
----------------- testing Sun Feb 17 03:31:50 UTC 2019 /home/travis/build/icyphy/ptII/ptolemy/actor/lib/test/auto/TimedSinewave.xml
----------------- Instantiating /home/travis/build/icyphy/ptII/ptolemy/actor/lib/test/auto/TimedSinewave.xml
25 ms. Memory: 1720832K Free: 1062201K (62%)
----------------- Invoking toplevel() on ptolemy.moml.MoMLSimpleApplication@4b35d6de
----------------- Done invoking toplevel() on ptolemy.moml.MoMLSimpleApplication@4b35d6de
reloadAllAccessors: .TimedSinewave

===========================================================================================
----------------- testing Sun Feb 17 03:31:50 UTC 2019 /home/travis/build/icyphy/ptII/ptolemy/actor/lib/test/auto/TimedSinewavePhase.xml
----------------- Instantiating /home/travis/build/icyphy/ptII/ptolemy/actor/lib/test/auto/TimedSinewavePhase.xml
10 ms. Memory: 1720832K Free: 1045996K (61%)
----------------- Invoking toplevel() on ptolemy.moml.MoMLSimpleApplication@bafde06
----------------- Done invoking toplevel() on ptolemy.moml.MoMLSimpleApplication@bafde06
reloadAllAccessors: .TimedSinewavePhase

===========================================================================================
----------------- testing Sun Feb 17 03:31:50 UTC 2019 /home/travis/build/icyphy/ptII/ptolemy/actor/lib/test/auto/Timer.xml
----------------- Instantiating /home/travis/build/icyphy/ptII/ptolemy/actor/lib/test/auto/Timer.xml
2 ms. Memory: 1720832K Free: 1025291K (60%)
----------------- Invoking toplevel() on ptolemy.moml.MoMLSimpleApplication@1a5f86dc
----------------- Done invoking toplevel() on ptolemy.moml.MoMLSimpleApplication@1a5f86dc
reloadAllAccessors: .Timer

===========================================================================================
----------------- testing Sun Feb 17 03:31:50 UTC 2019 /home/travis/build/icyphy/ptII/ptolemy/actor/lib/test/auto/TriangularDistTestModel.xml
----------------- Instantiating /home/travis/build/icyphy/ptII/ptolemy/actor/lib/test/auto/TriangularDistTestModel.xml
1 ms. Memory: 1720832K Free: 1009087K (59%)
----------------- Invoking toplevel() on ptolemy.moml.MoMLSimpleApplication@1165340
----------------- Done invoking toplevel() on ptolemy.moml.MoMLSimpleApplication@1165340
reloadAllAccessors: .TriangularDistTestModel

===========================================================================================
----------------- testing Sun Feb 17 03:31:50 UTC 2019 /home/travis/build/icyphy/ptII/ptolemy/actor/lib/test/auto/TrigFunction.xml
----------------- Instantiating /home/travis/build/icyphy/ptII/ptolemy/actor/lib/test/auto/TrigFunction.xml
2 ms. Memory: 1720832K Free: 988382K (57%)
----------------- Invoking toplevel() on ptolemy.moml.MoMLSimpleApplication@27f84a6f
----------------- Done invoking toplevel() on ptolemy.moml.MoMLSimpleApplication@27f84a6f
reloadAllAccessors: .TrigFunction

===========================================================================================
----------------- testing Sun Feb 17 03:31:50 UTC 2019 /home/travis/build/icyphy/ptII/ptolemy/actor/lib/test/auto/TrigFunctionDE.xml
----------------- Instantiating /home/travis/build/icyphy/ptII/ptolemy/actor/lib/test/auto/TrigFunctionDE.xml
2 ms. Memory: 1720832K Free: 967677K (56%)
----------------- Invoking toplevel() on ptolemy.moml.MoMLSimpleApplication@53d710a8
----------------- Done invoking toplevel() on ptolemy.moml.MoMLSimpleApplication@53d710a8
reloadAllAccessors: .TrigFunctionDE

===========================================================================================
----------------- testing Sun Feb 17 03:31:50 UTC 2019 /home/travis/build/icyphy/ptII/ptolemy/actor/lib/test/auto/TrigFunctionInverse.xml
----------------- Instantiating /home/travis/build/icyphy/ptII/ptolemy/actor/lib/test/auto/TrigFunctionInverse.xml
1 ms. Memory: 1720832K Free: 951473K (55%)
----------------- Invoking toplevel() on ptolemy.moml.MoMLSimpleApplication@1044ce45
----------------- Done invoking toplevel() on ptolemy.moml.MoMLSimpleApplication@1044ce45
reloadAllAccessors: .TrigFunctionInverse

===========================================================================================
----------------- testing Sun Feb 17 03:31:50 UTC 2019 /home/travis/build/icyphy/ptII/ptolemy/actor/lib/test/auto/TrigFunctionTan.xml
----------------- Instantiating /home/travis/build/icyphy/ptII/ptolemy/actor/lib/test/auto/TrigFunctionTan.xml
1 ms. Memory: 1720832K Free: 930768K (54%)
----------------- Invoking toplevel() on ptolemy.moml.MoMLSimpleApplication@5af449cb
----------------- Done invoking toplevel() on ptolemy.moml.MoMLSimpleApplication@5af449cb
reloadAllAccessors: .TrigFunctionTan

===========================================================================================
----------------- testing Sun Feb 17 03:31:50 UTC 2019 /home/travis/build/icyphy/ptII/ptolemy/actor/lib/test/auto/TriggeredClock.xml
----------------- Instantiating /home/travis/build/icyphy/ptII/ptolemy/actor/lib/test/auto/TriggeredClock.xml
1 ms. Memory: 1720832K Free: 914563K (53%)
----------------- Invoking toplevel() on ptolemy.moml.MoMLSimpleApplication@36d28075
----------------- Done invoking toplevel() on ptolemy.moml.MoMLSimpleApplication@36d28075
reloadAllAccessors: .TriggeredClock

===========================================================================================
----------------- testing Sun Feb 17 03:31:50 UTC 2019 /home/travis/build/icyphy/ptII/ptolemy/actor/lib/test/auto/URLDirectoryReader.xml
----------------- Instantiating /home/travis/build/icyphy/ptII/ptolemy/actor/lib/test/auto/URLDirectoryReader.xml
25 ms. Memory: 1720832K Free: 893858K (52%)
----------------- Invoking toplevel() on ptolemy.moml.MoMLSimpleApplication@75c6badc
----------------- Done invoking toplevel() on ptolemy.moml.MoMLSimpleApplication@75c6badc
reloadAllAccessors: .URLDirectoryReader

===========================================================================================
----------------- testing Sun Feb 17 03:31:50 UTC 2019 /home/travis/build/icyphy/ptII/ptolemy/actor/lib/test/auto/URLDirectoryReader3.xml
----------------- Instantiating /home/travis/build/icyphy/ptII/ptolemy/actor/lib/test/auto/URLDirectoryReader3.xml
1055 ms. Memory: 1720832K Free: 837141K (49%)
----------------- Invoking toplevel() on ptolemy.moml.MoMLSimpleApplication@70898b34
----------------- Done invoking toplevel() on ptolemy.moml.MoMLSimpleApplication@70898b34
reloadAllAccessors: .URLDirectoryReader3

===========================================================================================
----------------- testing Sun Feb 17 03:31:51 UTC 2019 /home/travis/build/icyphy/ptII/ptolemy/actor/lib/test/auto/UnaryMathFunction.xml
----------------- Instantiating /home/travis/build/icyphy/ptII/ptolemy/actor/lib/test/auto/UnaryMathFunction.xml
2 ms. Memory: 1720832K Free: 816437K (47%)
----------------- Invoking toplevel() on ptolemy.moml.MoMLSimpleApplication@7818b4b7
----------------- Done invoking toplevel() on ptolemy.moml.MoMLSimpleApplication@7818b4b7
reloadAllAccessors: .UnaryMathFunction

===========================================================================================
----------------- testing Sun Feb 17 03:31:51 UTC 2019 /home/travis/build/icyphy/ptII/ptolemy/actor/lib/test/auto/Uniform.xml
----------------- Instantiating /home/travis/build/icyphy/ptII/ptolemy/actor/lib/test/auto/Uniform.xml
2 ms. Memory: 1720832K Free: 795732K (46%)
----------------- Invoking toplevel() on ptolemy.moml.MoMLSimpleApplication@53365363
----------------- Done invoking toplevel() on ptolemy.moml.MoMLSimpleApplication@53365363
reloadAllAccessors: .Uniform

===========================================================================================
----------------- testing Sun Feb 17 03:31:51 UTC 2019 /home/travis/build/icyphy/ptII/ptolemy/actor/lib/test/auto/UnionDisassemblerTest.xml
----------------- Instantiating /home/travis/build/icyphy/ptII/ptolemy/actor/lib/test/auto/UnionDisassemblerTest.xml
6 ms. Memory: 1720832K Free: 779527K (45%)
----------------- Invoking toplevel() on ptolemy.moml.MoMLSimpleApplication@636c5e00
----------------- Done invoking toplevel() on ptolemy.moml.MoMLSimpleApplication@636c5e00
reloadAllAccessors: .UnionDisassemblerTest

===========================================================================================
----------------- testing Sun Feb 17 03:31:51 UTC 2019 /home/travis/build/icyphy/ptII/ptolemy/actor/lib/test/auto/UtilityFunctions.xml
----------------- Instantiating /home/travis/build/icyphy/ptII/ptolemy/actor/lib/test/auto/UtilityFunctions.xml
1 ms. Memory: 1720832K Free: 758823K (44%)
----------------- Invoking toplevel() on ptolemy.moml.MoMLSimpleApplication@7f5db7ed
----------------- Done invoking toplevel() on ptolemy.moml.MoMLSimpleApplication@7f5db7ed
reloadAllAccessors: .UtilityFunctions

===========================================================================================
----------------- testing Sun Feb 17 03:31:51 UTC 2019 /home/travis/build/icyphy/ptII/ptolemy/actor/lib/test/auto/VariableSleep.xml
----------------- Instantiating /home/travis/build/icyphy/ptII/ptolemy/actor/lib/test/auto/VariableSleep.xml
502 ms. Memory: 1720832K Free: 742618K (43%)
----------------- Invoking toplevel() on ptolemy.moml.MoMLSimpleApplication@2eeea848
----------------- Done invoking toplevel() on ptolemy.moml.MoMLSimpleApplication@2eeea848
reloadAllAccessors: .VariableSleep

===========================================================================================
----------------- testing Sun Feb 17 03:31:52 UTC 2019 /home/travis/build/icyphy/ptII/ptolemy/actor/lib/test/auto/VectorAssemblerDisassemblerCT.xml
----------------- Instantiating /home/travis/build/icyphy/ptII/ptolemy/actor/lib/test/auto/VectorAssemblerDisassemblerCT.xml
65 ms. Memory: 1720832K Free: 705692K (41%)
----------------- Invoking toplevel() on ptolemy.moml.MoMLSimpleApplication@4164f469
----------------- Done invoking toplevel() on ptolemy.moml.MoMLSimpleApplication@4164f469
reloadAllAccessors: .VectorAssemblerDisassemblerCT

===========================================================================================
----------------- testing Sun Feb 17 03:31:52 UTC 2019 /home/travis/build/icyphy/ptII/ptolemy/actor/lib/test/auto/VectorAssemblerDisassemblerDE.xml
----------------- Instantiating /home/travis/build/icyphy/ptII/ptolemy/actor/lib/test/auto/VectorAssemblerDisassemblerDE.xml
2 ms. Memory: 1720832K Free: 689488K (40%)
----------------- Invoking toplevel() on ptolemy.moml.MoMLSimpleApplication@3d246e5d
----------------- Done invoking toplevel() on ptolemy.moml.MoMLSimpleApplication@3d246e5d
reloadAllAccessors: .VectorAssemblerDisassemblerDE

===========================================================================================
----------------- testing Sun Feb 17 03:31:52 UTC 2019 /home/travis/build/icyphy/ptII/ptolemy/actor/lib/test/auto/VectorAssemblerDisassemblerSDF.xml
----------------- Instantiating /home/travis/build/icyphy/ptII/ptolemy/actor/lib/test/auto/VectorAssemblerDisassemblerSDF.xml
2 ms. Memory: 1720832K Free: 668783K (39%)
----------------- Invoking toplevel() on ptolemy.moml.MoMLSimpleApplication@4f518d93
----------------- Done invoking toplevel() on ptolemy.moml.MoMLSimpleApplication@4f518d93
reloadAllAccessors: .VectorAssemblerDisassemblerSDF

===========================================================================================
----------------- testing Sun Feb 17 03:31:52 UTC 2019 /home/travis/build/icyphy/ptII/ptolemy/actor/lib/test/auto/WallClockTime.xml
----------------- Instantiating /home/travis/build/icyphy/ptII/ptolemy/actor/lib/test/auto/WallClockTime.xml
1004 ms. Memory: 1720832K Free: 652578K (38%)
----------------- Invoking toplevel() on ptolemy.moml.MoMLSimpleApplication@55af1176
----------------- Done invoking toplevel() on ptolemy.moml.MoMLSimpleApplication@55af1176
reloadAllAccessors: .WallClockTime

===========================================================================================
----------------- testing Sun Feb 17 03:31:53 UTC 2019 /home/travis/build/icyphy/ptII/ptolemy/actor/lib/test/auto/WidthTestWithSubscriberPublisher.xml
----------------- Instantiating /home/travis/build/icyphy/ptII/ptolemy/actor/lib/test/auto/WidthTestWithSubscriberPublisher.xml
4 ms. Memory: 1720832K Free: 623771K (36%)
----------------- Invoking toplevel() on ptolemy.moml.MoMLSimpleApplication@7d4dcb4b
----------------- Done invoking toplevel() on ptolemy.moml.MoMLSimpleApplication@7d4dcb4b
reloadAllAccessors: .WidthTestWithSubscriberPublisher

===========================================================================================
----------------- testing Sun Feb 17 03:31:53 UTC 2019 /home/travis/build/icyphy/ptII/ptolemy/actor/lib/test/auto/WidthTestWithSubscriberPublisher2.xml
----------------- Instantiating /home/travis/build/icyphy/ptII/ptolemy/actor/lib/test/auto/WidthTestWithSubscriberPublisher2.xml
2 ms. Memory: 1720832K Free: 603066K (35%)
----------------- Invoking toplevel() on ptolemy.moml.MoMLSimpleApplication@26310002
----------------- Done invoking toplevel() on ptolemy.moml.MoMLSimpleApplication@26310002
reloadAllAccessors: .WidthTestWithSubscriberPublisher2

===========================================================================================
----------------- testing Sun Feb 17 03:31:53 UTC 2019 /home/travis/build/icyphy/ptII/ptolemy/actor/lib/test/auto/WidthTestWithSubscriberPublisher3.xml
----------------- Instantiating /home/travis/build/icyphy/ptII/ptolemy/actor/lib/test/auto/WidthTestWithSubscriberPublisher3.xml
1 ms. Memory: 1720832K Free: 586861K (34%)
----------------- Invoking toplevel() on ptolemy.moml.MoMLSimpleApplication@80d4dd2
----------------- Done invoking toplevel() on ptolemy.moml.MoMLSimpleApplication@80d4dd2
reloadAllAccessors: .WidthTestWithSubscriberPublisher3

===========================================================================================
----------------- testing Sun Feb 17 03:31:53 UTC 2019 /home/travis/build/icyphy/ptII/ptolemy/actor/lib/test/auto/Writer.xml
----------------- Instantiating /home/travis/build/icyphy/ptII/ptolemy/actor/lib/test/auto/Writer.xml
0
1
2
3
4
1 ms. Memory: 1720832K Free: 566157K (33%)
----------------- Invoking toplevel() on ptolemy.moml.MoMLSimpleApplication@6d345fcf
----------------- Done invoking toplevel() on ptolemy.moml.MoMLSimpleApplication@6d345fcf
reloadAllAccessors: .Writer

===========================================================================================
----------------- testing Sun Feb 17 03:31:53 UTC 2019 /home/travis/build/icyphy/ptII/ptolemy/actor/lib/test/auto/array.xml
----------------- Instantiating /home/travis/build/icyphy/ptII/ptolemy/actor/lib/test/auto/array.xml
2 ms. Memory: 1720832K Free: 549952K (32%)
----------------- Invoking toplevel() on ptolemy.moml.MoMLSimpleApplication@66089833
----------------- Done invoking toplevel() on ptolemy.moml.MoMLSimpleApplication@66089833
reloadAllAccessors: .array

===========================================================================================
----------------- testing Sun Feb 17 03:31:53 UTC 2019 /home/travis/build/icyphy/ptII/ptolemy/actor/lib/test/auto/array2.xml
----------------- Instantiating /home/travis/build/icyphy/ptII/ptolemy/actor/lib/test/auto/array2.xml
10 ms. Memory: 1720832K Free: 529247K (31%)
----------------- Invoking toplevel() on ptolemy.moml.MoMLSimpleApplication@1337ee97
----------------- Done invoking toplevel() on ptolemy.moml.MoMLSimpleApplication@1337ee97
reloadAllAccessors: .array2

===========================================================================================
----------------- testing Sun Feb 17 03:31:53 UTC 2019 /home/travis/build/icyphy/ptII/ptolemy/actor/lib/test/auto/arrayType.xml
----------------- Instantiating /home/travis/build/icyphy/ptII/ptolemy/actor/lib/test/auto/arrayType.xml
2 ms. Memory: 1720832K Free: 513043K (30%)
----------------- Invoking toplevel() on ptolemy.moml.MoMLSimpleApplication@437af1cb
----------------- Done invoking toplevel() on ptolemy.moml.MoMLSimpleApplication@437af1cb
reloadAllAccessors: .arrayType

===========================================================================================
----------------- testing Sun Feb 17 03:31:53 UTC 2019 /home/travis/build/icyphy/ptII/ptolemy/actor/lib/test/auto/arrayType10.xml
----------------- Instantiating /home/travis/build/icyphy/ptII/ptolemy/actor/lib/test/auto/arrayType10.xml
1 ms. Memory: 1720832K Free: 492338K (29%)
----------------- Invoking toplevel() on ptolemy.moml.MoMLSimpleApplication@1de11442
----------------- Done invoking toplevel() on ptolemy.moml.MoMLSimpleApplication@1de11442
reloadAllAccessors: .arrayType10

===========================================================================================
----------------- testing Sun Feb 17 03:31:53 UTC 2019 /home/travis/build/icyphy/ptII/ptolemy/actor/lib/test/auto/arrayType11.xml
----------------- Instantiating /home/travis/build/icyphy/ptII/ptolemy/actor/lib/test/auto/arrayType11.xml
1 ms. Memory: 1720832K Free: 471633K (27%)
----------------- Invoking toplevel() on ptolemy.moml.MoMLSimpleApplication@3412ad9
----------------- Done invoking toplevel() on ptolemy.moml.MoMLSimpleApplication@3412ad9
reloadAllAccessors: .arrayType11

===========================================================================================
----------------- testing Sun Feb 17 03:31:53 UTC 2019 /home/travis/build/icyphy/ptII/ptolemy/actor/lib/test/auto/arrayType12.xml
----------------- Instantiating /home/travis/build/icyphy/ptII/ptolemy/actor/lib/test/auto/arrayType12.xml
1 ms. Memory: 1720832K Free: 455428K (26%)
----------------- Invoking toplevel() on ptolemy.moml.MoMLSimpleApplication@63eea0be
----------------- Done invoking toplevel() on ptolemy.moml.MoMLSimpleApplication@63eea0be
reloadAllAccessors: .arrayType12

===========================================================================================
----------------- testing Sun Feb 17 03:31:53 UTC 2019 /home/travis/build/icyphy/ptII/ptolemy/actor/lib/test/auto/arrayType13.xml
----------------- Instantiating /home/travis/build/icyphy/ptII/ptolemy/actor/lib/test/auto/arrayType13.xml
2 ms. Memory: 1720832K Free: 434724K (25%)
----------------- Invoking toplevel() on ptolemy.moml.MoMLSimpleApplication@7f2e186c
----------------- Done invoking toplevel() on ptolemy.moml.MoMLSimpleApplication@7f2e186c
reloadAllAccessors: .arrayType13

===========================================================================================
----------------- testing Sun Feb 17 03:31:53 UTC 2019 /home/travis/build/icyphy/ptII/ptolemy/actor/lib/test/auto/arrayType14.xml
----------------- Instantiating /home/travis/build/icyphy/ptII/ptolemy/actor/lib/test/auto/arrayType14.xml
2 ms. Memory: 1720832K Free: 418519K (24%)
----------------- Invoking toplevel() on ptolemy.moml.MoMLSimpleApplication@108ee544
----------------- Done invoking toplevel() on ptolemy.moml.MoMLSimpleApplication@108ee544
reloadAllAccessors: .arrayType14

===========================================================================================
----------------- testing Sun Feb 17 03:31:53 UTC 2019 /home/travis/build/icyphy/ptII/ptolemy/actor/lib/test/auto/arrayType15.xml
----------------- Instantiating /home/travis/build/icyphy/ptII/ptolemy/actor/lib/test/auto/arrayType15.xml
2 ms. Memory: 1720832K Free: 397814K (23%)
----------------- Invoking toplevel() on ptolemy.moml.MoMLSimpleApplication@409eae4f
----------------- Done invoking toplevel() on ptolemy.moml.MoMLSimpleApplication@409eae4f
reloadAllAccessors: .arrayType15

===========================================================================================
----------------- testing Sun Feb 17 03:31:53 UTC 2019 /home/travis/build/icyphy/ptII/ptolemy/actor/lib/test/auto/arrayType16.xml
----------------- Instantiating /home/travis/build/icyphy/ptII/ptolemy/actor/lib/test/auto/arrayType16.xml
2 ms. Memory: 1720832K Free: 381609K (22%)
----------------- Invoking toplevel() on ptolemy.moml.MoMLSimpleApplication@2233fa2c
----------------- Done invoking toplevel() on ptolemy.moml.MoMLSimpleApplication@2233fa2c
reloadAllAccessors: .arrayType16

===========================================================================================
----------------- testing Sun Feb 17 03:31:53 UTC 2019 /home/travis/build/icyphy/ptII/ptolemy/actor/lib/test/auto/arrayType17.xml
----------------- Instantiating /home/travis/build/icyphy/ptII/ptolemy/actor/lib/test/auto/arrayType17.xml
1 ms. Memory: 1720832K Free: 360905K (21%)
----------------- Invoking toplevel() on ptolemy.moml.MoMLSimpleApplication@7426648e
----------------- Done invoking toplevel() on ptolemy.moml.MoMLSimpleApplication@7426648e
reloadAllAccessors: .arrayType17

===========================================================================================
----------------- testing Sun Feb 17 03:31:53 UTC 2019 /home/travis/build/icyphy/ptII/ptolemy/actor/lib/test/auto/arrayType18.xml
----------------- Instantiating /home/travis/build/icyphy/ptII/ptolemy/actor/lib/test/auto/arrayType18.xml
1 ms. Memory: 1720832K Free: 340200K (20%)
----------------- Invoking toplevel() on ptolemy.moml.MoMLSimpleApplication@6d045df2
----------------- Done invoking toplevel() on ptolemy.moml.MoMLSimpleApplication@6d045df2
reloadAllAccessors: .arrayType18

===========================================================================================
----------------- testing Sun Feb 17 03:31:53 UTC 2019 /home/travis/build/icyphy/ptII/ptolemy/actor/lib/test/auto/arrayType19.xml
----------------- Instantiating /home/travis/build/icyphy/ptII/ptolemy/actor/lib/test/auto/arrayType19.xml
2 ms. Memory: 1720832K Free: 323995K (19%)
----------------- Invoking toplevel() on ptolemy.moml.MoMLSimpleApplication@39233b3b
----------------- Done invoking toplevel() on ptolemy.moml.MoMLSimpleApplication@39233b3b
reloadAllAccessors: .arrayType19

===========================================================================================
----------------- testing Sun Feb 17 03:31:53 UTC 2019 /home/travis/build/icyphy/ptII/ptolemy/actor/lib/test/auto/arrayType2.xml
----------------- Instantiating /home/travis/build/icyphy/ptII/ptolemy/actor/lib/test/auto/arrayType2.xml
1 ms. Memory: 1720832K Free: 303291K (18%)
----------------- Invoking toplevel() on ptolemy.moml.MoMLSimpleApplication@5fae4053
----------------- Done invoking toplevel() on ptolemy.moml.MoMLSimpleApplication@5fae4053
reloadAllAccessors: .arrayType2

===========================================================================================
----------------- testing Sun Feb 17 03:31:53 UTC 2019 /home/travis/build/icyphy/ptII/ptolemy/actor/lib/test/auto/arrayType20.xml
----------------- Instantiating /home/travis/build/icyphy/ptII/ptolemy/actor/lib/test/auto/arrayType20.xml
3 ms. Memory: 1720832K Free: 287086K (17%)
----------------- Invoking toplevel() on ptolemy.moml.MoMLSimpleApplication@1c572166
----------------- Done invoking toplevel() on ptolemy.moml.MoMLSimpleApplication@1c572166
reloadAllAccessors: .arrayType20

===========================================================================================
----------------- testing Sun Feb 17 03:31:53 UTC 2019 /home/travis/build/icyphy/ptII/ptolemy/actor/lib/test/auto/arrayType21.xml
----------------- Instantiating /home/travis/build/icyphy/ptII/ptolemy/actor/lib/test/auto/arrayType21.xml
2 ms. Memory: 1720832K Free: 266381K (15%)
----------------- Invoking toplevel() on ptolemy.moml.MoMLSimpleApplication@38cbd9f5
----------------- Done invoking toplevel() on ptolemy.moml.MoMLSimpleApplication@38cbd9f5
reloadAllAccessors: .arrayType21

===========================================================================================
----------------- testing Sun Feb 17 03:31:53 UTC 2019 /home/travis/build/icyphy/ptII/ptolemy/actor/lib/test/auto/arrayType22.xml
----------------- Instantiating /home/travis/build/icyphy/ptII/ptolemy/actor/lib/test/auto/arrayType22.xml
1 ms. Memory: 1720832K Free: 250177K (15%)
----------------- Invoking toplevel() on ptolemy.moml.MoMLSimpleApplication@4f2e636
----------------- Done invoking toplevel() on ptolemy.moml.MoMLSimpleApplication@4f2e636
reloadAllAccessors: .arrayType22

===========================================================================================
----------------- testing Sun Feb 17 03:31:53 UTC 2019 /home/travis/build/icyphy/ptII/ptolemy/actor/lib/test/auto/arrayType23.xml
----------------- Instantiating /home/travis/build/icyphy/ptII/ptolemy/actor/lib/test/auto/arrayType23.xml
1 ms. Memory: 1720832K Free: 229472K (13%)
----------------- Invoking toplevel() on ptolemy.moml.MoMLSimpleApplication@6af4ddea
----------------- Done invoking toplevel() on ptolemy.moml.MoMLSimpleApplication@6af4ddea
reloadAllAccessors: .arrayType23

===========================================================================================
----------------- testing Sun Feb 17 03:31:53 UTC 2019 /home/travis/build/icyphy/ptII/ptolemy/actor/lib/test/auto/arrayType24.xml
----------------- Instantiating /home/travis/build/icyphy/ptII/ptolemy/actor/lib/test/auto/arrayType24.xml
1 ms. Memory: 1720832K Free: 208767K (12%)
----------------- Invoking toplevel() on ptolemy.moml.MoMLSimpleApplication@449e433e
----------------- Done invoking toplevel() on ptolemy.moml.MoMLSimpleApplication@449e433e
reloadAllAccessors: .arrayType24

===========================================================================================
----------------- testing Sun Feb 17 03:31:53 UTC 2019 /home/travis/build/icyphy/ptII/ptolemy/actor/lib/test/auto/arrayType25.xml
----------------- Instantiating /home/travis/build/icyphy/ptII/ptolemy/actor/lib/test/auto/arrayType25.xml
2 ms. Memory: 1720832K Free: 192562K (11%)
----------------- Invoking toplevel() on ptolemy.moml.MoMLSimpleApplication@435d6c95
----------------- Done invoking toplevel() on ptolemy.moml.MoMLSimpleApplication@435d6c95
reloadAllAccessors: .arrayType25

===========================================================================================
----------------- testing Sun Feb 17 03:31:53 UTC 2019 /home/travis/build/icyphy/ptII/ptolemy/actor/lib/test/auto/arrayType26.xml
----------------- Instantiating /home/travis/build/icyphy/ptII/ptolemy/actor/lib/test/auto/arrayType26.xml
1 ms. Memory: 1720832K Free: 171857K (10%)
----------------- Invoking toplevel() on ptolemy.moml.MoMLSimpleApplication@4cf8e13
----------------- Done invoking toplevel() on ptolemy.moml.MoMLSimpleApplication@4cf8e13
reloadAllAccessors: .arrayType26

===========================================================================================
----------------- testing Sun Feb 17 03:31:53 UTC 2019 /home/travis/build/icyphy/ptII/ptolemy/actor/lib/test/auto/arrayType27.xml
----------------- Instantiating /home/travis/build/icyphy/ptII/ptolemy/actor/lib/test/auto/arrayType27.xml
2 ms. Memory: 1720832K Free: 155653K (9%)
----------------- Invoking toplevel() on ptolemy.moml.MoMLSimpleApplication@1bc92bc6
----------------- Done invoking toplevel() on ptolemy.moml.MoMLSimpleApplication@1bc92bc6
reloadAllAccessors: .arrayType27

===========================================================================================
----------------- testing Sun Feb 17 03:31:53 UTC 2019 /home/travis/build/icyphy/ptII/ptolemy/actor/lib/test/auto/arrayType28.xml
----------------- Instantiating /home/travis/build/icyphy/ptII/ptolemy/actor/lib/test/auto/arrayType28.xml
2 ms. Memory: 1720832K Free: 134948K (8%)
----------------- Invoking toplevel() on ptolemy.moml.MoMLSimpleApplication@1d7f1f0c
----------------- Done invoking toplevel() on ptolemy.moml.MoMLSimpleApplication@1d7f1f0c
reloadAllAccessors: .arrayType28

===========================================================================================
----------------- testing Sun Feb 17 03:31:53 UTC 2019 /home/travis/build/icyphy/ptII/ptolemy/actor/lib/test/auto/arrayType3.xml
----------------- Instantiating /home/travis/build/icyphy/ptII/ptolemy/actor/lib/test/auto/arrayType3.xml
6 ms. Memory: 1720832K Free: 118743K (7%)
----------------- Invoking toplevel() on ptolemy.moml.MoMLSimpleApplication@3b9733b0
----------------- Done invoking toplevel() on ptolemy.moml.MoMLSimpleApplication@3b9733b0
reloadAllAccessors: .arrayType3

===========================================================================================
----------------- testing Sun Feb 17 03:31:53 UTC 2019 /home/travis/build/icyphy/ptII/ptolemy/actor/lib/test/auto/arrayType4.xml
----------------- Instantiating /home/travis/build/icyphy/ptII/ptolemy/actor/lib/test/auto/arrayType4.xml
1 ms. Memory: 1720832K Free: 98039K (6%)
----------------- Invoking toplevel() on ptolemy.moml.MoMLSimpleApplication@39ba316b
----------------- Done invoking toplevel() on ptolemy.moml.MoMLSimpleApplication@39ba316b
reloadAllAccessors: .arrayType4

===========================================================================================
----------------- testing Sun Feb 17 03:31:53 UTC 2019 /home/travis/build/icyphy/ptII/ptolemy/actor/lib/test/auto/arrayType5.xml
----------------- Instantiating /home/travis/build/icyphy/ptII/ptolemy/actor/lib/test/auto/arrayType5.xml
1 ms. Memory: 1720832K Free: 77334K (4%)
----------------- Invoking toplevel() on ptolemy.moml.MoMLSimpleApplication@2f13269e
----------------- Done invoking toplevel() on ptolemy.moml.MoMLSimpleApplication@2f13269e
reloadAllAccessors: .arrayType5

===========================================================================================
----------------- testing Sun Feb 17 03:31:54 UTC 2019 /home/travis/build/icyphy/ptII/ptolemy/actor/lib/test/auto/arrayType6.xml
----------------- Instantiating /home/travis/build/icyphy/ptII/ptolemy/actor/lib/test/auto/arrayType6.xml
2 ms. Memory: 1720832K Free: 61129K (4%)
----------------- Invoking toplevel() on ptolemy.moml.MoMLSimpleApplication@2788ad64
----------------- Done invoking toplevel() on ptolemy.moml.MoMLSimpleApplication@2788ad64
reloadAllAccessors: .arrayType6

===========================================================================================
----------------- testing Sun Feb 17 03:31:54 UTC 2019 /home/travis/build/icyphy/ptII/ptolemy/actor/lib/test/auto/arrayType7.xml
----------------- Instantiating /home/travis/build/icyphy/ptII/ptolemy/actor/lib/test/auto/arrayType7.xml
1 ms. Memory: 1742848K Free: 1666199K (96%)
----------------- Invoking toplevel() on ptolemy.moml.MoMLSimpleApplication@55c34b9f
----------------- Done invoking toplevel() on ptolemy.moml.MoMLSimpleApplication@55c34b9f
reloadAllAccessors: .arrayType7

===========================================================================================
----------------- testing Sun Feb 17 03:31:54 UTC 2019 /home/travis/build/icyphy/ptII/ptolemy/actor/lib/test/auto/arrayType8.xml
----------------- Instantiating /home/travis/build/icyphy/ptII/ptolemy/actor/lib/test/auto/arrayType8.xml
2 ms. Memory: 1742848K Free: 1644524K (94%)
----------------- Invoking toplevel() on ptolemy.moml.MoMLSimpleApplication@69bf4bc4
----------------- Done invoking toplevel() on ptolemy.moml.MoMLSimpleApplication@69bf4bc4
reloadAllAccessors: .arrayType8

===========================================================================================
----------------- testing Sun Feb 17 03:31:54 UTC 2019 /home/travis/build/icyphy/ptII/ptolemy/actor/lib/test/auto/arrayType9.xml
----------------- Instantiating /home/travis/build/icyphy/ptII/ptolemy/actor/lib/test/auto/arrayType9.xml
1 ms. Memory: 1742848K Free: 1618493K (93%)
----------------- Invoking toplevel() on ptolemy.moml.MoMLSimpleApplication@3217d4dd
----------------- Done invoking toplevel() on ptolemy.moml.MoMLSimpleApplication@3217d4dd
reloadAllAccessors: .arrayType9

===========================================================================================
----------------- testing Sun Feb 17 03:31:54 UTC 2019 /home/travis/build/icyphy/ptII/ptolemy/actor/lib/test/auto/cast.xml
----------------- Instantiating /home/travis/build/icyphy/ptII/ptolemy/actor/lib/test/auto/cast.xml
2 ms. Memory: 1742848K Free: 1596819K (92%)
----------------- Invoking toplevel() on ptolemy.moml.MoMLSimpleApplication@40743e45
----------------- Done invoking toplevel() on ptolemy.moml.MoMLSimpleApplication@40743e45
reloadAllAccessors: .cast

===========================================================================================
----------------- testing Sun Feb 17 03:31:54 UTC 2019 /home/travis/build/icyphy/ptII/ptolemy/actor/lib/test/auto/compositeMultiPort.xml
----------------- Instantiating /home/travis/build/icyphy/ptII/ptolemy/actor/lib/test/auto/compositeMultiPort.xml
3 ms. Memory: 1742848K Free: 1570788K (90%)
----------------- Invoking toplevel() on ptolemy.moml.MoMLSimpleApplication@30a0834e
----------------- Done invoking toplevel() on ptolemy.moml.MoMLSimpleApplication@30a0834e
reloadAllAccessors: .compositeMultiPort

===========================================================================================
----------------- testing Sun Feb 17 03:31:54 UTC 2019 /home/travis/build/icyphy/ptII/ptolemy/actor/lib/test/auto/expressionCastInference.xml
----------------- Instantiating /home/travis/build/icyphy/ptII/ptolemy/actor/lib/test/auto/expressionCastInference.xml
2 ms. Memory: 1742848K Free: 1544757K (89%)
----------------- Invoking toplevel() on ptolemy.moml.MoMLSimpleApplication@5a49cb2d
----------------- Done invoking toplevel() on ptolemy.moml.MoMLSimpleApplication@5a49cb2d
reloadAllAccessors: .expressionCastInference

===========================================================================================
----------------- testing Sun Feb 17 03:31:54 UTC 2019 /home/travis/build/icyphy/ptII/ptolemy/actor/lib/test/auto/expressionCastInference2.xml
----------------- Instantiating /home/travis/build/icyphy/ptII/ptolemy/actor/lib/test/auto/expressionCastInference2.xml
2 ms. Memory: 1742848K Free: 1523082K (87%)
----------------- Invoking toplevel() on ptolemy.moml.MoMLSimpleApplication@6355ddb2
----------------- Done invoking toplevel() on ptolemy.moml.MoMLSimpleApplication@6355ddb2
reloadAllAccessors: .expressionCastInference2

===========================================================================================
----------------- testing Sun Feb 17 03:31:54 UTC 2019 /home/travis/build/icyphy/ptII/ptolemy/actor/lib/test/auto/expressionInference.xml
----------------- Instantiating /home/travis/build/icyphy/ptII/ptolemy/actor/lib/test/auto/expressionInference.xml
1 ms. Memory: 1742848K Free: 1497052K (86%)
----------------- Invoking toplevel() on ptolemy.moml.MoMLSimpleApplication@34cedc33
----------------- Done invoking toplevel() on ptolemy.moml.MoMLSimpleApplication@34cedc33
reloadAllAccessors: .expressionInference

===========================================================================================
----------------- testing Sun Feb 17 03:31:54 UTC 2019 /home/travis/build/icyphy/ptII/ptolemy/actor/lib/test/auto/expression_bug.xml
----------------- Instantiating /home/travis/build/icyphy/ptII/ptolemy/actor/lib/test/auto/expression_bug.xml
1 ms. Memory: 1742848K Free: 1475377K (85%)
----------------- Invoking toplevel() on ptolemy.moml.MoMLSimpleApplication@6fa4f846
----------------- Done invoking toplevel() on ptolemy.moml.MoMLSimpleApplication@6fa4f846
reloadAllAccessors: .expression_bug

===========================================================================================
----------------- testing Sun Feb 17 03:31:54 UTC 2019 /home/travis/build/icyphy/ptII/ptolemy/actor/lib/test/auto/factorial.xml
----------------- Instantiating /home/travis/build/icyphy/ptII/ptolemy/actor/lib/test/auto/factorial.xml
26 ms. Memory: 1742848K Free: 1449329K (83%)
----------------- Invoking toplevel() on ptolemy.moml.MoMLSimpleApplication@1afdf47f
----------------- Done invoking toplevel() on ptolemy.moml.MoMLSimpleApplication@1afdf47f
reloadAllAccessors: .factorial

===========================================================================================
----------------- testing Sun Feb 17 03:31:54 UTC 2019 /home/travis/build/icyphy/ptII/ptolemy/actor/lib/test/auto/filterTest1.xml
----------------- Instantiating /home/travis/build/icyphy/ptII/ptolemy/actor/lib/test/auto/filterTest1.xml
3 ms. Memory: 1742848K Free: 1423299K (82%)
----------------- Invoking toplevel() on ptolemy.moml.MoMLSimpleApplication@66669b4d
----------------- Done invoking toplevel() on ptolemy.moml.MoMLSimpleApplication@66669b4d
reloadAllAccessors: .filterTest1

===========================================================================================
----------------- testing Sun Feb 17 03:31:54 UTC 2019 /home/travis/build/icyphy/ptII/ptolemy/actor/lib/test/auto/funcApplyInConst.xml
----------------- Instantiating /home/travis/build/icyphy/ptII/ptolemy/actor/lib/test/auto/funcApplyInConst.xml
1 ms. Memory: 1742848K Free: 1401624K (80%)
----------------- Invoking toplevel() on ptolemy.moml.MoMLSimpleApplication@65d0ae5b
----------------- Done invoking toplevel() on ptolemy.moml.MoMLSimpleApplication@65d0ae5b
reloadAllAccessors: .funcApplyInConst

===========================================================================================
----------------- testing Sun Feb 17 03:31:54 UTC 2019 /home/travis/build/icyphy/ptII/ptolemy/actor/lib/test/auto/funcApplyInExpr.xml
----------------- Instantiating /home/travis/build/icyphy/ptII/ptolemy/actor/lib/test/auto/funcApplyInExpr.xml
1 ms. Memory: 1742848K Free: 1375593K (79%)
----------------- Invoking toplevel() on ptolemy.moml.MoMLSimpleApplication@da7fb30
----------------- Done invoking toplevel() on ptolemy.moml.MoMLSimpleApplication@da7fb30
reloadAllAccessors: .funcApplyInExpr

===========================================================================================
----------------- testing Sun Feb 17 03:31:54 UTC 2019 /home/travis/build/icyphy/ptII/ptolemy/actor/lib/test/auto/function.xml
----------------- Instantiating /home/travis/build/icyphy/ptII/ptolemy/actor/lib/test/auto/function.xml
2 ms. Memory: 1742848K Free: 1353918K (78%)
----------------- Invoking toplevel() on ptolemy.moml.MoMLSimpleApplication@672cdc19
----------------- Done invoking toplevel() on ptolemy.moml.MoMLSimpleApplication@672cdc19
reloadAllAccessors: .function

===========================================================================================
----------------- testing Sun Feb 17 03:31:54 UTC 2019 /home/travis/build/icyphy/ptII/ptolemy/actor/lib/test/auto/function2.xml
----------------- Instantiating /home/travis/build/icyphy/ptII/ptolemy/actor/lib/test/auto/function2.xml
1 ms. Memory: 1742848K Free: 1327888K (76%)
----------------- Invoking toplevel() on ptolemy.moml.MoMLSimpleApplication@4e86e285
----------------- Done invoking toplevel() on ptolemy.moml.MoMLSimpleApplication@4e86e285
reloadAllAccessors: .function2

===========================================================================================
----------------- testing Sun Feb 17 03:31:54 UTC 2019 /home/travis/build/icyphy/ptII/ptolemy/actor/lib/test/auto/function3.xml
----------------- Instantiating /home/travis/build/icyphy/ptII/ptolemy/actor/lib/test/auto/function3.xml
1 ms. Memory: 1742848K Free: 1301857K (75%)
----------------- Invoking toplevel() on ptolemy.moml.MoMLSimpleApplication@2b2a1a38
----------------- Done invoking toplevel() on ptolemy.moml.MoMLSimpleApplication@2b2a1a38
reloadAllAccessors: .function3

===========================================================================================
----------------- testing Sun Feb 17 03:31:54 UTC 2019 /home/travis/build/icyphy/ptII/ptolemy/actor/lib/test/auto/functionClosureTest1.xml
----------------- Instantiating /home/travis/build/icyphy/ptII/ptolemy/actor/lib/test/auto/functionClosureTest1.xml
2 ms. Memory: 1742848K Free: 1280182K (73%)
----------------- Invoking toplevel() on ptolemy.moml.MoMLSimpleApplication@2c06e6a5
----------------- Done invoking toplevel() on ptolemy.moml.MoMLSimpleApplication@2c06e6a5
reloadAllAccessors: .functionClosureTest1

===========================================================================================
----------------- testing Sun Feb 17 03:31:54 UTC 2019 /home/travis/build/icyphy/ptII/ptolemy/actor/lib/test/auto/functionClosureTest2.xml
----------------- Instantiating /home/travis/build/icyphy/ptII/ptolemy/actor/lib/test/auto/functionClosureTest2.xml
1 ms. Memory: 1742848K Free: 1254152K (72%)
----------------- Invoking toplevel() on ptolemy.moml.MoMLSimpleApplication@2a05d59f
----------------- Done invoking toplevel() on ptolemy.moml.MoMLSimpleApplication@2a05d59f
reloadAllAccessors: .functionClosureTest2

===========================================================================================
----------------- testing Sun Feb 17 03:31:54 UTC 2019 /home/travis/build/icyphy/ptII/ptolemy/actor/lib/test/auto/functionClosureTest3.xml
----------------- Instantiating /home/travis/build/icyphy/ptII/ptolemy/actor/lib/test/auto/functionClosureTest3.xml
2 ms. Memory: 1742848K Free: 1232477K (71%)
----------------- Invoking toplevel() on ptolemy.moml.MoMLSimpleApplication@7aac09c9
----------------- Done invoking toplevel() on ptolemy.moml.MoMLSimpleApplication@7aac09c9
reloadAllAccessors: .functionClosureTest3

===========================================================================================
----------------- testing Sun Feb 17 03:31:54 UTC 2019 /home/travis/build/icyphy/ptII/ptolemy/actor/lib/test/auto/functionClosureTest4.xml
----------------- Instantiating /home/travis/build/icyphy/ptII/ptolemy/actor/lib/test/auto/functionClosureTest4.xml
2 ms. Memory: 1742848K Free: 1206446K (69%)
----------------- Invoking toplevel() on ptolemy.moml.MoMLSimpleApplication@40073a69
----------------- Done invoking toplevel() on ptolemy.moml.MoMLSimpleApplication@40073a69
reloadAllAccessors: .functionClosureTest4

===========================================================================================
----------------- testing Sun Feb 17 03:31:54 UTC 2019 /home/travis/build/icyphy/ptII/ptolemy/actor/lib/test/auto/functionClosureTest5.xml
----------------- Instantiating /home/travis/build/icyphy/ptII/ptolemy/actor/lib/test/auto/functionClosureTest5.xml
3 ms. Memory: 1742848K Free: 1180415K (68%)
----------------- Invoking toplevel() on ptolemy.moml.MoMLSimpleApplication@7c1a6b98
----------------- Done invoking toplevel() on ptolemy.moml.MoMLSimpleApplication@7c1a6b98
reloadAllAccessors: .functionClosureTest5

===========================================================================================
----------------- testing Sun Feb 17 03:31:54 UTC 2019 /home/travis/build/icyphy/ptII/ptolemy/actor/lib/test/auto/functionClosureTest6.xml
----------------- Instantiating /home/travis/build/icyphy/ptII/ptolemy/actor/lib/test/auto/functionClosureTest6.xml
1 ms. Memory: 1742848K Free: 1158741K (66%)
----------------- Invoking toplevel() on ptolemy.moml.MoMLSimpleApplication@1f864bf4
----------------- Done invoking toplevel() on ptolemy.moml.MoMLSimpleApplication@1f864bf4
reloadAllAccessors: .functionClosureTest6

===========================================================================================
----------------- testing Sun Feb 17 03:31:54 UTC 2019 /home/travis/build/icyphy/ptII/ptolemy/actor/lib/test/auto/functionsOnArcs.xml
----------------- Instantiating /home/travis/build/icyphy/ptII/ptolemy/actor/lib/test/auto/functionsOnArcs.xml
2 ms. Memory: 1742848K Free: 1132710K (65%)
----------------- Invoking toplevel() on ptolemy.moml.MoMLSimpleApplication@297293bf
----------------- Done invoking toplevel() on ptolemy.moml.MoMLSimpleApplication@297293bf
reloadAllAccessors: .functionsOnArcs

===========================================================================================
----------------- testing Sun Feb 17 03:31:54 UTC 2019 /home/travis/build/icyphy/ptII/ptolemy/actor/lib/test/auto/functionsOnArcsHOF.xml
----------------- Instantiating /home/travis/build/icyphy/ptII/ptolemy/actor/lib/test/auto/functionsOnArcsHOF.xml
2 ms. Memory: 1742848K Free: 1111035K (64%)
----------------- Invoking toplevel() on ptolemy.moml.MoMLSimpleApplication@7c4d9dba
----------------- Done invoking toplevel() on ptolemy.moml.MoMLSimpleApplication@7c4d9dba
reloadAllAccessors: .functionsOnArcsHOF

===========================================================================================
----------------- testing Sun Feb 17 03:31:54 UTC 2019 /home/travis/build/icyphy/ptII/ptolemy/actor/lib/test/auto/logic.xml
----------------- Instantiating /home/travis/build/icyphy/ptII/ptolemy/actor/lib/test/auto/logic.xml
1 ms. Memory: 1742848K Free: 1085004K (62%)
----------------- Invoking toplevel() on ptolemy.moml.MoMLSimpleApplication@4f3336a9
----------------- Done invoking toplevel() on ptolemy.moml.MoMLSimpleApplication@4f3336a9
reloadAllAccessors: .logic

===========================================================================================
----------------- testing Sun Feb 17 03:31:54 UTC 2019 /home/travis/build/icyphy/ptII/ptolemy/actor/lib/test/auto/matrixType.xml
----------------- Instantiating /home/travis/build/icyphy/ptII/ptolemy/actor/lib/test/auto/matrixType.xml
2 ms. Memory: 1742848K Free: 1058974K (61%)
----------------- Invoking toplevel() on ptolemy.moml.MoMLSimpleApplication@4c71c4e0
----------------- Done invoking toplevel() on ptolemy.moml.MoMLSimpleApplication@4c71c4e0
reloadAllAccessors: .matrixType

===========================================================================================
----------------- testing Sun Feb 17 03:31:54 UTC 2019 /home/travis/build/icyphy/ptII/ptolemy/actor/lib/test/auto/matrixType10.xml
----------------- Instantiating /home/travis/build/icyphy/ptII/ptolemy/actor/lib/test/auto/matrixType10.xml
1 ms. Memory: 1742848K Free: 1037299K (60%)
----------------- Invoking toplevel() on ptolemy.moml.MoMLSimpleApplication@4eba3448
----------------- Done invoking toplevel() on ptolemy.moml.MoMLSimpleApplication@4eba3448
reloadAllAccessors: .matrixType10

===========================================================================================
----------------- testing Sun Feb 17 03:31:54 UTC 2019 /home/travis/build/icyphy/ptII/ptolemy/actor/lib/test/auto/matrixType11.xml
----------------- Instantiating /home/travis/build/icyphy/ptII/ptolemy/actor/lib/test/auto/matrixType11.xml
1 ms. Memory: 1742848K Free: 1011268K (58%)
----------------- Invoking toplevel() on ptolemy.moml.MoMLSimpleApplication@762c4f55
----------------- Done invoking toplevel() on ptolemy.moml.MoMLSimpleApplication@762c4f55
reloadAllAccessors: .matrixType11

===========================================================================================
----------------- testing Sun Feb 17 03:31:54 UTC 2019 /home/travis/build/icyphy/ptII/ptolemy/actor/lib/test/auto/matrixType12.xml
----------------- Instantiating /home/travis/build/icyphy/ptII/ptolemy/actor/lib/test/auto/matrixType12.xml
1 ms. Memory: 1742848K Free: 989593K (57%)
----------------- Invoking toplevel() on ptolemy.moml.MoMLSimpleApplication@4c84e223
----------------- Done invoking toplevel() on ptolemy.moml.MoMLSimpleApplication@4c84e223
reloadAllAccessors: .matrixType12

===========================================================================================
----------------- testing Sun Feb 17 03:31:54 UTC 2019 /home/travis/build/icyphy/ptII/ptolemy/actor/lib/test/auto/matrixType13.xml
----------------- Instantiating /home/travis/build/icyphy/ptII/ptolemy/actor/lib/test/auto/matrixType13.xml
1 ms. Memory: 1742848K Free: 963562K (55%)
----------------- Invoking toplevel() on ptolemy.moml.MoMLSimpleApplication@5fe8f174
----------------- Done invoking toplevel() on ptolemy.moml.MoMLSimpleApplication@5fe8f174
reloadAllAccessors: .matrixType13

===========================================================================================
----------------- testing Sun Feb 17 03:31:54 UTC 2019 /home/travis/build/icyphy/ptII/ptolemy/actor/lib/test/auto/matrixType14.xml
----------------- Instantiating /home/travis/build/icyphy/ptII/ptolemy/actor/lib/test/auto/matrixType14.xml
2 ms. Memory: 1742848K Free: 937532K (54%)
----------------- Invoking toplevel() on ptolemy.moml.MoMLSimpleApplication@31fe877e
----------------- Done invoking toplevel() on ptolemy.moml.MoMLSimpleApplication@31fe877e
reloadAllAccessors: .matrixType14

===========================================================================================
----------------- testing Sun Feb 17 03:31:54 UTC 2019 /home/travis/build/icyphy/ptII/ptolemy/actor/lib/test/auto/matrixType2.xml
----------------- Instantiating /home/travis/build/icyphy/ptII/ptolemy/actor/lib/test/auto/matrixType2.xml
1 ms. Memory: 1742848K Free: 915857K (53%)
----------------- Invoking toplevel() on ptolemy.moml.MoMLSimpleApplication@6fe97813
----------------- Done invoking toplevel() on ptolemy.moml.MoMLSimpleApplication@6fe97813
reloadAllAccessors: .matrixType2

===========================================================================================
----------------- testing Sun Feb 17 03:31:54 UTC 2019 /home/travis/build/icyphy/ptII/ptolemy/actor/lib/test/auto/matrixType3.xml
----------------- Instantiating /home/travis/build/icyphy/ptII/ptolemy/actor/lib/test/auto/matrixType3.xml
1 ms. Memory: 1742848K Free: 889826K (51%)
----------------- Invoking toplevel() on ptolemy.moml.MoMLSimpleApplication@395db308
----------------- Done invoking toplevel() on ptolemy.moml.MoMLSimpleApplication@395db308
reloadAllAccessors: .matrixType3

===========================================================================================
----------------- testing Sun Feb 17 03:31:54 UTC 2019 /home/travis/build/icyphy/ptII/ptolemy/actor/lib/test/auto/matrixType4.xml
----------------- Instantiating /home/travis/build/icyphy/ptII/ptolemy/actor/lib/test/auto/matrixType4.xml
2 ms. Memory: 1742848K Free: 868151K (50%)
----------------- Invoking toplevel() on ptolemy.moml.MoMLSimpleApplication@789ca54d
----------------- Done invoking toplevel() on ptolemy.moml.MoMLSimpleApplication@789ca54d
reloadAllAccessors: .matrixType4

===========================================================================================
----------------- testing Sun Feb 17 03:31:54 UTC 2019 /home/travis/build/icyphy/ptII/ptolemy/actor/lib/test/auto/matrixType5.xml
----------------- Instantiating /home/travis/build/icyphy/ptII/ptolemy/actor/lib/test/auto/matrixType5.xml
1 ms. Memory: 1742848K Free: 842120K (48%)
----------------- Invoking toplevel() on ptolemy.moml.MoMLSimpleApplication@4819ae6f
----------------- Done invoking toplevel() on ptolemy.moml.MoMLSimpleApplication@4819ae6f
reloadAllAccessors: .matrixType5

===========================================================================================
----------------- testing Sun Feb 17 03:31:54 UTC 2019 /home/travis/build/icyphy/ptII/ptolemy/actor/lib/test/auto/matrixType6.xml
----------------- Instantiating /home/travis/build/icyphy/ptII/ptolemy/actor/lib/test/auto/matrixType6.xml
1 ms. Memory: 1742848K Free: 816090K (47%)
----------------- Invoking toplevel() on ptolemy.moml.MoMLSimpleApplication@382d56c8
----------------- Done invoking toplevel() on ptolemy.moml.MoMLSimpleApplication@382d56c8
reloadAllAccessors: .matrixType6

===========================================================================================
----------------- testing Sun Feb 17 03:31:54 UTC 2019 /home/travis/build/icyphy/ptII/ptolemy/actor/lib/test/auto/matrixType7.xml
----------------- Instantiating /home/travis/build/icyphy/ptII/ptolemy/actor/lib/test/auto/matrixType7.xml
1 ms. Memory: 1742848K Free: 794415K (46%)
----------------- Invoking toplevel() on ptolemy.moml.MoMLSimpleApplication@3d50b3c1
----------------- Done invoking toplevel() on ptolemy.moml.MoMLSimpleApplication@3d50b3c1
reloadAllAccessors: .matrixType7

===========================================================================================
----------------- testing Sun Feb 17 03:31:54 UTC 2019 /home/travis/build/icyphy/ptII/ptolemy/actor/lib/test/auto/matrixType8.xml
----------------- Instantiating /home/travis/build/icyphy/ptII/ptolemy/actor/lib/test/auto/matrixType8.xml
3 ms. Memory: 1742848K Free: 768384K (44%)
----------------- Invoking toplevel() on ptolemy.moml.MoMLSimpleApplication@1137ae78
----------------- Done invoking toplevel() on ptolemy.moml.MoMLSimpleApplication@1137ae78
reloadAllAccessors: .matrixType8

===========================================================================================
----------------- testing Sun Feb 17 03:31:54 UTC 2019 /home/travis/build/icyphy/ptII/ptolemy/actor/lib/test/auto/matrixType9.xml
----------------- Instantiating /home/travis/build/icyphy/ptII/ptolemy/actor/lib/test/auto/matrixType9.xml
1 ms. Memory: 1742848K Free: 746709K (43%)
----------------- Invoking toplevel() on ptolemy.moml.MoMLSimpleApplication@51f99288
----------------- Done invoking toplevel() on ptolemy.moml.MoMLSimpleApplication@51f99288
reloadAllAccessors: .matrixType9

===========================================================================================
----------------- testing Sun Feb 17 03:31:54 UTC 2019 /home/travis/build/icyphy/ptII/ptolemy/actor/lib/test/auto/paraFunctest.xml
----------------- Instantiating /home/travis/build/icyphy/ptII/ptolemy/actor/lib/test/auto/paraFunctest.xml
1 ms. Memory: 1742848K Free: 720679K (41%)
----------------- Invoking toplevel() on ptolemy.moml.MoMLSimpleApplication@7c114c30
----------------- Done invoking toplevel() on ptolemy.moml.MoMLSimpleApplication@7c114c30
reloadAllAccessors: .paraFunctest

===========================================================================================
----------------- testing Sun Feb 17 03:31:54 UTC 2019 /home/travis/build/icyphy/ptII/ptolemy/actor/lib/test/auto/paraFunctest2.xml
----------------- Instantiating /home/travis/build/icyphy/ptII/ptolemy/actor/lib/test/auto/paraFunctest2.xml
2 ms. Memory: 1742848K Free: 694648K (40%)
----------------- Invoking toplevel() on ptolemy.moml.MoMLSimpleApplication@7624ba10
----------------- Done invoking toplevel() on ptolemy.moml.MoMLSimpleApplication@7624ba10
reloadAllAccessors: .paraFunctest2

===========================================================================================
----------------- testing Sun Feb 17 03:31:54 UTC 2019 /home/travis/build/icyphy/ptII/ptolemy/actor/lib/test/auto/parameterPassing.xml
----------------- Instantiating /home/travis/build/icyphy/ptII/ptolemy/actor/lib/test/auto/parameterPassing.xml
1 ms. Memory: 1742848K Free: 672973K (39%)
----------------- Invoking toplevel() on ptolemy.moml.MoMLSimpleApplication@1deeea70
----------------- Done invoking toplevel() on ptolemy.moml.MoMLSimpleApplication@1deeea70
reloadAllAccessors: .parameterPassing

===========================================================================================
----------------- testing Sun Feb 17 03:31:54 UTC 2019 /home/travis/build/icyphy/ptII/ptolemy/actor/lib/test/auto/record.xml
----------------- Instantiating /home/travis/build/icyphy/ptII/ptolemy/actor/lib/test/auto/record.xml
2 ms. Memory: 1742848K Free: 646942K (37%)
----------------- Invoking toplevel() on ptolemy.moml.MoMLSimpleApplication@9cc29c
----------------- Done invoking toplevel() on ptolemy.moml.MoMLSimpleApplication@9cc29c
reloadAllAccessors: .record

===========================================================================================
----------------- testing Sun Feb 17 03:31:54 UTC 2019 /home/travis/build/icyphy/ptII/ptolemy/actor/lib/test/auto/sizedarray1.xml
----------------- Instantiating /home/travis/build/icyphy/ptII/ptolemy/actor/lib/test/auto/sizedarray1.xml
1 ms. Memory: 1742848K Free: 625268K (36%)
----------------- Invoking toplevel() on ptolemy.moml.MoMLSimpleApplication@5991e6f2
----------------- Done invoking toplevel() on ptolemy.moml.MoMLSimpleApplication@5991e6f2
reloadAllAccessors: .sizedarray1

===========================================================================================
----------------- testing Sun Feb 17 03:31:54 UTC 2019 /home/travis/build/icyphy/ptII/ptolemy/actor/lib/test/auto/sizedarray2.xml
----------------- Instantiating /home/travis/build/icyphy/ptII/ptolemy/actor/lib/test/auto/sizedarray2.xml
1 ms. Memory: 1742848K Free: 599237K (34%)
----------------- Invoking toplevel() on ptolemy.moml.MoMLSimpleApplication@174e9679
----------------- Done invoking toplevel() on ptolemy.moml.MoMLSimpleApplication@174e9679
reloadAllAccessors: .sizedarray2

===========================================================================================
----------------- testing Sun Feb 17 03:31:54 UTC 2019 /home/travis/build/icyphy/ptII/ptolemy/actor/lib/test/auto/twoPublishers.xml
----------------- Instantiating /home/travis/build/icyphy/ptII/ptolemy/actor/lib/test/auto/twoPublishers.xml
2 ms. Memory: 1742848K Free: 568742K (33%)
----------------- Invoking toplevel() on ptolemy.moml.MoMLSimpleApplication@49963c37
----------------- Done invoking toplevel() on ptolemy.moml.MoMLSimpleApplication@49963c37
reloadAllAccessors: .twoPublishers
AutoTests.java: About to close Vertx.
AutoTests.java: Vertx closed.
]]></system-out>
  <system-err><![CDATA[java.lang.RuntimeException: Execution failed
	at ptolemy.moml.MoMLSimpleApplication$UnloadThread.run(MoMLSimpleApplication.java:402)
Caused by: java.lang.RuntimeException: StringUtilities.exit() was called. Normally, we would exit here because Manager.exitAfterWrapup() was called.  However, because the ptolemy.ptII.exitAfterWrapup property is set, we throw this exception instead.
	at ptolemy.util.StringUtilities.exit(StringUtilities.java:363)
	at ptolemy.actor.Manager.wrapup(Manager.java:1531)
	at ptolemy.actor.Manager.execute(Manager.java:407)
	at ptolemy.actor.Manager.run(Manager.java:1263)
	at ptolemy.actor.Manager$PtolemyRunThread.run(Manager.java:1915)
Warning: '.top.test' is in training mode, set the trainingMode parameter to false before checking in
Warning: '.top.test' is in training mode, set the trainingMode parameter to false before checking in
Warning: '.top.test' is in training mode, set the trainingMode parameter to false before checking in
Warning: '.BooleanSwitch_RegressionTest_WrongTrainingValues.Test' is in training mode, set the trainingMode parameter to false before checking in
Warning: '.BooleanSwitch_RegressionTest_WrongTrainingValues.Test2' is in training mode, set the trainingMode parameter to false before checking in
Warning: '.BooleanSwitch_RegressionTest_WrongTrainingValues.Test2' The test produced 0 tokens.
Warning: '.top.testExceptionHandler' is in training mode, set the trainingMode parameter to false before checking in
java.lang.RuntimeException: Execution failed
	at ptolemy.moml.MoMLSimpleApplication$UnloadThread.run(MoMLSimpleApplication.java:402)
Caused by: ptolemy.kernel.util.IllegalActionException: PublisherPorts cannot be used at the top level, use a Publisher actor instead.
  in .PublisherPortToplevelSubscriber.PublisherPort
	at ptolemy.actor.PublisherPort.preinitialize(PublisherPort.java:403)
	at ptolemy.actor.CompositeActor.preinitialize(CompositeActor.java:1769)
	at ptolemy.actor.Manager.preinitializeAndResolveTypes(Manager.java:1040)
	at ptolemy.actor.Manager.initialize(Manager.java:710)
	at ptolemy.actor.Manager.execute(Manager.java:356)
	at ptolemy.actor.Manager.run(Manager.java:1263)
	at ptolemy.actor.Manager$PtolemyRunThread.run(Manager.java:1915)
java.lang.reflect.InvocationTargetException
	at sun.reflect.NativeConstructorAccessorImpl.newInstance0(Native Method)
	at sun.reflect.NativeConstructorAccessorImpl.newInstance(NativeConstructorAccessorImpl.java:62)
	at sun.reflect.DelegatingConstructorAccessorImpl.newInstance(DelegatingConstructorAccessorImpl.java:45)
	at java.lang.reflect.Constructor.newInstance(Constructor.java:423)
	at ptolemy.util.test.junit.AutoKnownFailedTests.RunModel(AutoKnownFailedTests.java:105)
	at sun.reflect.NativeMethodAccessorImpl.invoke0(Native Method)
	at sun.reflect.NativeMethodAccessorImpl.invoke(NativeMethodAccessorImpl.java:62)
	at sun.reflect.DelegatingMethodAccessorImpl.invoke(DelegatingMethodAccessorImpl.java:43)
	at java.lang.reflect.Method.invoke(Method.java:498)
	at org.junit.runners.model.FrameworkMethod$1.runReflectiveCall(FrameworkMethod.java:44)
	at org.junit.internal.runners.model.ReflectiveCallable.run(ReflectiveCallable.java:15)
	at org.junit.runners.model.FrameworkMethod.invokeExplosively(FrameworkMethod.java:41)
	at junitparams.internal.InvokeParameterisedMethod.evaluate(InvokeParameterisedMethod.java:102)
	at org.junit.internal.runners.statements.FailOnTimeout$1.run(FailOnTimeout.java:28)
Caused by: ptolemy.kernel.util.IllegalActionException: PublisherPorts cannot be used at the top level, use a Publisher actor instead.
  in .PublisherPortToplevelSubscriber.PublisherPort
	at ptolemy.actor.PublisherPort.preinitialize(PublisherPort.java:403)
	at ptolemy.actor.CompositeActor.preinitialize(CompositeActor.java:1769)
	at ptolemy.actor.Manager.preinitializeAndResolveTypes(Manager.java:1040)
	at ptolemy.actor.Manager.initialize(Manager.java:710)
	at ptolemy.actor.Manager.execute(Manager.java:356)
	at ptolemy.actor.Manager.run(Manager.java:1263)
	at ptolemy.actor.Manager$PtolemyRunThread.run(Manager.java:1915)
java.lang.RuntimeException: Execution failed
	at ptolemy.moml.MoMLSimpleApplication$UnloadThread.run(MoMLSimpleApplication.java:402)
Caused by: ptolemy.kernel.util.IllegalActionException: SubscriberPorts cannot be used at the top level, use a Subscriber actor instead.
  in .PublisherSubscriberPortToplevel.SubscriberPort
	at ptolemy.actor.SubscriberPort.preinitialize(SubscriberPort.java:328)
	at ptolemy.actor.CompositeActor.preinitialize(CompositeActor.java:1769)
	at ptolemy.actor.Manager.preinitializeAndResolveTypes(Manager.java:1040)
	at ptolemy.actor.Manager.initialize(Manager.java:710)
	at ptolemy.actor.Manager.execute(Manager.java:356)
	at ptolemy.actor.Manager.run(Manager.java:1263)
	at ptolemy.actor.Manager$PtolemyRunThread.run(Manager.java:1915)
java.lang.reflect.InvocationTargetException
	at sun.reflect.NativeConstructorAccessorImpl.newInstance0(Native Method)
	at sun.reflect.NativeConstructorAccessorImpl.newInstance(NativeConstructorAccessorImpl.java:62)
	at sun.reflect.DelegatingConstructorAccessorImpl.newInstance(DelegatingConstructorAccessorImpl.java:45)
	at java.lang.reflect.Constructor.newInstance(Constructor.java:423)
	at ptolemy.util.test.junit.AutoKnownFailedTests.RunModel(AutoKnownFailedTests.java:105)
	at sun.reflect.NativeMethodAccessorImpl.invoke0(Native Method)
	at sun.reflect.NativeMethodAccessorImpl.invoke(NativeMethodAccessorImpl.java:62)
	at sun.reflect.DelegatingMethodAccessorImpl.invoke(DelegatingMethodAccessorImpl.java:43)
	at java.lang.reflect.Method.invoke(Method.java:498)
	at org.junit.runners.model.FrameworkMethod$1.runReflectiveCall(FrameworkMethod.java:44)
	at org.junit.internal.runners.model.ReflectiveCallable.run(ReflectiveCallable.java:15)
	at org.junit.runners.model.FrameworkMethod.invokeExplosively(FrameworkMethod.java:41)
	at junitparams.internal.InvokeParameterisedMethod.evaluate(InvokeParameterisedMethod.java:102)
	at org.junit.internal.runners.statements.FailOnTimeout$1.run(FailOnTimeout.java:28)
Caused by: ptolemy.kernel.util.IllegalActionException: SubscriberPorts cannot be used at the top level, use a Subscriber actor instead.
  in .PublisherSubscriberPortToplevel.SubscriberPort
	at ptolemy.actor.SubscriberPort.preinitialize(SubscriberPort.java:328)
	at ptolemy.actor.CompositeActor.preinitialize(CompositeActor.java:1769)
	at ptolemy.actor.Manager.preinitializeAndResolveTypes(Manager.java:1040)
	at ptolemy.actor.Manager.initialize(Manager.java:710)
	at ptolemy.actor.Manager.execute(Manager.java:356)
	at ptolemy.actor.Manager.run(Manager.java:1263)
	at ptolemy.actor.Manager$PtolemyRunThread.run(Manager.java:1915)
java.lang.RuntimeException: Execution failed
	at ptolemy.moml.MoMLSimpleApplication$UnloadThread.run(MoMLSimpleApplication.java:402)
Caused by: ptolemy.kernel.util.IllegalActionException: SubscriptionAggregatorPorts cannot be used at the top level, use a SubscriptionAggregator actor instead.
  in .PublisherSubscriptionAggregatorPort.SubscriptionAggregatorPort
	at ptolemy.actor.SubscriptionAggregatorPort.preinitialize(SubscriptionAggregatorPort.java:353)
	at ptolemy.actor.CompositeActor.preinitialize(CompositeActor.java:1769)
	at ptolemy.actor.Manager.preinitializeAndResolveTypes(Manager.java:1040)
	at ptolemy.actor.Manager.initialize(Manager.java:710)
	at ptolemy.actor.Manager.execute(Manager.java:356)
	at ptolemy.actor.Manager.run(Manager.java:1263)
	at ptolemy.actor.Manager$PtolemyRunThread.run(Manager.java:1915)
java.lang.reflect.InvocationTargetException
	at sun.reflect.NativeConstructorAccessorImpl.newInstance0(Native Method)
	at sun.reflect.NativeConstructorAccessorImpl.newInstance(NativeConstructorAccessorImpl.java:62)
	at sun.reflect.DelegatingConstructorAccessorImpl.newInstance(DelegatingConstructorAccessorImpl.java:45)
	at java.lang.reflect.Constructor.newInstance(Constructor.java:423)
	at ptolemy.util.test.junit.AutoKnownFailedTests.RunModel(AutoKnownFailedTests.java:105)
	at sun.reflect.NativeMethodAccessorImpl.invoke0(Native Method)
	at sun.reflect.NativeMethodAccessorImpl.invoke(NativeMethodAccessorImpl.java:62)
	at sun.reflect.DelegatingMethodAccessorImpl.invoke(DelegatingMethodAccessorImpl.java:43)
	at java.lang.reflect.Method.invoke(Method.java:498)
	at org.junit.runners.model.FrameworkMethod$1.runReflectiveCall(FrameworkMethod.java:44)
	at org.junit.internal.runners.model.ReflectiveCallable.run(ReflectiveCallable.java:15)
	at org.junit.runners.model.FrameworkMethod.invokeExplosively(FrameworkMethod.java:41)
	at junitparams.internal.InvokeParameterisedMethod.evaluate(InvokeParameterisedMethod.java:102)
	at org.junit.internal.runners.statements.FailOnTimeout$1.run(FailOnTimeout.java:28)
Caused by: ptolemy.kernel.util.IllegalActionException: SubscriptionAggregatorPorts cannot be used at the top level, use a SubscriptionAggregator actor instead.
  in .PublisherSubscriptionAggregatorPort.SubscriptionAggregatorPort
	at ptolemy.actor.SubscriptionAggregatorPort.preinitialize(SubscriptionAggregatorPort.java:353)
	at ptolemy.actor.CompositeActor.preinitialize(CompositeActor.java:1769)
	at ptolemy.actor.Manager.preinitializeAndResolveTypes(Manager.java:1040)
	at ptolemy.actor.Manager.initialize(Manager.java:710)
	at ptolemy.actor.Manager.execute(Manager.java:356)
	at ptolemy.actor.Manager.run(Manager.java:1263)
	at ptolemy.actor.Manager$PtolemyRunThread.run(Manager.java:1915)
java.lang.RuntimeException: Execution failed
	at ptolemy.moml.MoMLSimpleApplication$UnloadThread.run(MoMLSimpleApplication.java:402)
Caused by: ptolemy.kernel.util.IllegalActionException: TypeTest actor has no training data.
  in .sizedarray3.TypeTest
	at ptolemy.actor.lib.TypeTest.initialize(TypeTest.java:250)
	at ptolemy.actor.Director.initialize(Director.java:938)
	at ptolemy.actor.Director.initialize(Director.java:907)
	at ptolemy.actor.sched.StaticSchedulingDirector.initialize(StaticSchedulingDirector.java:159)
	at ptolemy.domains.sdf.kernel.SDFDirector.initialize(SDFDirector.java:544)
	at ptolemy.actor.CompositeActor.initialize(CompositeActor.java:935)
	at ptolemy.actor.Manager.initialize(Manager.java:724)
	at ptolemy.actor.Manager.execute(Manager.java:356)
	at ptolemy.actor.Manager.run(Manager.java:1263)
	at ptolemy.actor.Manager$PtolemyRunThread.run(Manager.java:1915)
java.lang.reflect.InvocationTargetException
	at sun.reflect.NativeConstructorAccessorImpl.newInstance0(Native Method)
	at sun.reflect.NativeConstructorAccessorImpl.newInstance(NativeConstructorAccessorImpl.java:62)
	at sun.reflect.DelegatingConstructorAccessorImpl.newInstance(DelegatingConstructorAccessorImpl.java:45)
	at java.lang.reflect.Constructor.newInstance(Constructor.java:423)
	at ptolemy.util.test.junit.AutoKnownFailedTests.RunModel(AutoKnownFailedTests.java:105)
	at sun.reflect.NativeMethodAccessorImpl.invoke0(Native Method)
	at sun.reflect.NativeMethodAccessorImpl.invoke(NativeMethodAccessorImpl.java:62)
	at sun.reflect.DelegatingMethodAccessorImpl.invoke(DelegatingMethodAccessorImpl.java:43)
	at java.lang.reflect.Method.invoke(Method.java:498)
	at org.junit.runners.model.FrameworkMethod$1.runReflectiveCall(FrameworkMethod.java:44)
	at org.junit.internal.runners.model.ReflectiveCallable.run(ReflectiveCallable.java:15)
	at org.junit.runners.model.FrameworkMethod.invokeExplosively(FrameworkMethod.java:41)
	at junitparams.internal.InvokeParameterisedMethod.evaluate(InvokeParameterisedMethod.java:102)
	at org.junit.internal.runners.statements.FailOnTimeout$1.run(FailOnTimeout.java:28)
Caused by: ptolemy.kernel.util.IllegalActionException: TypeTest actor has no training data.
  in .sizedarray3.TypeTest
	at ptolemy.actor.lib.TypeTest.initialize(TypeTest.java:250)
	at ptolemy.actor.Director.initialize(Director.java:938)
	at ptolemy.actor.Director.initialize(Director.java:907)
	at ptolemy.actor.sched.StaticSchedulingDirector.initialize(StaticSchedulingDirector.java:159)
	at ptolemy.domains.sdf.kernel.SDFDirector.initialize(SDFDirector.java:544)
	at ptolemy.actor.CompositeActor.initialize(CompositeActor.java:935)
	at ptolemy.actor.Manager.initialize(Manager.java:724)
	at ptolemy.actor.Manager.execute(Manager.java:356)
	at ptolemy.actor.Manager.run(Manager.java:1263)
	at ptolemy.actor.Manager$PtolemyRunThread.run(Manager.java:1915)
ptolemy.kernel.util.InternalErrorException: Exec Stderr Gobbler-3: Failed while reading from java.lang.UNIXProcess$ProcessPipeInputStream@28be43a7. To avoid this, try setting the ignoreIOExceptionReadErrors parameter to true.null
  in .ExecEnvironment.Exec
Because:
Stream closed
	at ptolemy.actor.lib.Exec$_StreamReaderThread._read(Exec.java:762)
	at ptolemy.actor.lib.Exec$_StreamReaderThread.run(Exec.java:706)
Caused by: java.io.IOException: Stream closed
	at sun.nio.cs.StreamDecoder.ensureOpen(StreamDecoder.java:46)
	at sun.nio.cs.StreamDecoder.read(StreamDecoder.java:148)
	at java.io.InputStreamReader.read(InputStreamReader.java:184)
	at ptolemy.actor.lib.Exec$_StreamReaderThread._read(Exec.java:724)
	... 1 more
Caused by: java.io.IOException: Stream closed
	at sun.nio.cs.StreamDecoder.ensureOpen(StreamDecoder.java:46)
	at sun.nio.cs.StreamDecoder.read(StreamDecoder.java:148)
	at java.io.InputStreamReader.read(InputStreamReader.java:184)
	at ptolemy.actor.lib.Exec$_StreamReaderThread._read(Exec.java:724)
	at ptolemy.actor.lib.Exec$_StreamReaderThread.run(Exec.java:706)
]]></system-err>
</testsuite>
