<?xml version="1.0" encoding="UTF-8" ?>
<testsuite errors="0" failures="0" hostname="travis-job-68c180cc-937e-420a-b019-a145dc3766fa" name="ptolemy.domains.de.test.junit.JUnitTclTest" skipped="0" tests="101" time="129.169" timestamp="2018-06-06T21:25:16">
  <properties>
    <property name="npm.executable" value="npm" />
    <property name="file.encoding.pkg" value="sun.io" />
    <property name="ptII.mk.exists" value="true" />
    <property name="env.rvm_bin_path" value="/home/travis/.rvm/bin" />
    <property name="java.home" value="/usr/lib/jvm/java-8-oracle/jre" />
    <property name="env.TRAVIS_JOB_NUMBER" value="529.8" />
    <property name="env.DISPLAY" value=":99.0" />
    <property name="java.net.preferIPv4Stack" value="true" />
    <property name="env.SSH_TTY" value="/dev/pts/0" />
    <property name="env.RUN_TESTS" value="true" />
    <property name="timeout.short" value="1000000" />
    <property name="env.TRAVIS_STACK_NODE_ATTRIBUTES" value="/.node-attributes.yml" />
    <property name="junit.formatter" value="xml" />
    <property name="java.endorsed.dirs" value="/usr/lib/jvm/java-8-oracle/jre/lib/endorsed" />
    <property name="env.TRAVIS_SUDO" value="true" />
    <property name="env.LOGNAME" value="travis" />
    <property name="jsdoc.home" value="node_modules/@terraswarm/jsdoc" />
    <property name="debuglevel" value="source,lines,vars" />
    <property name="checkstyle.formatter" value="xml" />
    <property name="bin.vergil.makeable" value="true" />
    <property name="env._system_version" value="14.04" />
    <property name="sun.os.patch.level" value="unknown" />
    <property name="java.vendor.url" value="http://java.oracle.com/" />
    <property name="java.version" value="1.8.0_151" />
    <property name="env.TZ" value="UTC" />
    <property name="env.PT_NO_NET" value="true" />
    <property name="env.TRAVIS_PULL_REQUEST_SHA" value="" />
    <property name="env.TRAVIS_SECURE_ENV_VARS" value="true" />
    <property name="env._system_type" value="Linux" />
    <property name="java.vendor.url.bug" value="http://bugreport.sun.com/bugreport/" />
    <property name="env.SSH_CLIENT" value="10.10.4.25 50314 22" />
    <property name="npmjs-org-is-up" value="true" />
    <property name="env.GEM_HOME" value="/home/travis/.rvm/gems/ruby-2.4.1" />
    <property name="env.HAS_ANTARES_THREE_LITTLE_FRONZIES_BADGE" value="true" />
    <property name="env.PS4" value="+" />
    <property name="ant.project.invoked-targets" value="build,test.core2.xml" />
    <property name="env.TRAVIS_PULL_REQUEST_BRANCH" value="" />
    <property name="env.TRAVIS_REPO_SLUG" value="icyphy/ptII" />
    <property name="node.in.path" value="true" />
    <property name="java.maxmemory" value="1400m" />
    <property name="env.RUBY_VERSION" value="ruby-2.4.1" />
    <property name="user.name" value="travis" />
    <property name="env.LANG" value="en_US.UTF-8" />
    <property name="sun.io.unicode.encoding" value="UnicodeLittle" />
    <property name="sun.jnu.encoding" value="UTF-8" />
    <property name="java.runtime.name" value="Java(TM) SE Runtime Environment" />
    <property name="usefile" value="false" />
    <property name="return.code" value="0" />
    <property name="junit.single.formatter" value="plain" />
    <property name="env.DYLD_LIBRARY_PATH" value="/home/travis/pthla/certi-tools/lib:" />
    <property name="env.DEBIAN_FRONTEND" value="noninteractive" />
    <property name="env.SSH_CONNECTION" value="10.10.4.25 50314 10.20.0.26 22" />
    <property name="env.MYSQL_UNIX_PORT" value="/var/run/mysqld/mysqld.sock" />
    <property name="env.TRAVIS_ALLOW_FAILURE" value="false" />
    <property name="env.LC_ALL" value="en_US.UTF-8" />
    <property name="java.specification.name" value="Java Platform API Specification" />
    <property name="node.works" value="true" />
    <property name="user.timezone" value="" />
    <property name="path.separator" value=":" />
    <property name="env.PYTHON_CFLAGS" value="-g -fstack-protector --param=ssp-buffer-size=4 -Wformat -Werror=format-security" />
    <property name="timeout.long" value="4000000" />
    <property name="env.CERTI_HOME" value="/home/travis/pthla/certi-tools" />
    <property name="file.encoding" value="UTF-8" />
    <property name="ant.file.ptII" value="/home/travis/build/icyphy/ptII/build.xml" />
    <property name="javadoc.packagenames" value="com.*,diva.*,lbnl.*,org.hlacerti.*,org.json.*,org.ptolemy.*,org.terraswarm.*,ptolemy.*,ptserver.*" />
    <property name="env.TRAVIS_PULL_REQUEST_SLUG" value="" />
    <property name="ant.project.default-target" value="build" />
    <property name="env.GIT_ASKPASS" value="echo" />
    <property name="env.HOME" value="/home/travis" />
    <property name="sun.java.command" value="org.apache.tools.ant.taskdefs.optional.junit.JUnitTestRunner ptolemy.domains.de.test.junit.JUnitTclTest skipNonTests=false filtertrace=true haltOnError=false haltOnFailure=false formatter=org.apache.tools.ant.taskdefs.optional.junit.OutErrSummaryJUnitResultFormatter showoutput=true outputtoformatters=true logfailedtests=true threadid=0 logtestlistenerevents=false formatter=org.apache.tools.ant.taskdefs.optional.junit.XMLJUnitResultFormatter,/home/travis/build/icyphy/ptII/reports/junit/TEST-ptolemy.domains.de.test.junit.JUnitTclTest.xml crashfile=/home/travis/build/icyphy/ptII/junitvmwatcher5421853538709329807.properties propsfile=/home/travis/build/icyphy/ptII/junit7476320857393792009.properties" />
    <property name="env.MANPATH" value="/home/travis/.nvm/versions/node/v7.10.1/share/man:/home/travis/.kiex/elixirs/elixir-1.4.5/man:/home/travis/.rvm/rubies/ruby-2.4.1/share/man:/usr/local/man:/usr/local/cmake-3.9.2/man:/usr/local/clang-5.0.0/share/man:/usr/local/share/man:/usr/share/man:/home/travis/.rvm/man" />
    <property name="env.COMPOSER_NO_INTERACTION" value="1" />
    <property name="env.JDK_SWITCHER_DEFAULT" value="oraclejdk8" />
    <property name="ant.file" value="/home/travis/build/icyphy/ptII/build.xml" />
    <property name="env.TRAVIS_COMMIT_RANGE" value="8adbe971d5bd...fcfbc3dfbf0c" />
    <property name="env._system_name" value="Ubuntu" />
    <property name="timeout" value="2400000" />
    <property name="ptII.classpath.optional.property" value="/home/travis/build/icyphy/ptII/lib/bsh-2.0b4.jar:/home/travis/build/icyphy/ptII/lib/ptCal.jar:/home/travis/build/icyphy/ptII/lib/java_cup.jar:/home/travis/build/icyphy/ptII/lib/saxon8.jar:/home/travis/build/icyphy/ptII/lib/saxon8-dom.jar:/home/travis/build/icyphy/ptII/lib/chic.jar:/home/travis/build/icyphy/ptII/lib/ptcolt.jar:/usr/lib/jvm/java-8-oracle/lib/tools.jar:/usr/lib/eclipse/plugins/org.eclipse.jdt.core_3.8.2.dist.jar:/usr/lib/eclipse/plugins/org.eclipse.core.runtime_3.8.0.dist.jar:/usr/lib/eclipse/plugins/org.eclipse.osgi_3.8.1.dist.jar:/usr/lib/eclipse/plugins/org.eclipse.core.resources_3.8.1.dist.jar:/usr/lib/eclipse/plugins/org.eclipse.equinox.common_3.6.100.dist.jar:/usr/lib/eclipse/plugins/org.eclipse.core.jobs_3.5.200.dist.jar:/usr/lib/eclipse/plugins/org.eclipse.core.contenttype_3.4.200.dist.jar:/usr/lib/eclipse/plugins/org.eclipse.equinox.preferences_3.5.0.dist.jar:/usr/lib/eclipse/plugins/org.eclipse.text_3.5.200.dist.jar:/usr/lib/eclipse/plugins/org.eclipse.ui.workbench_3.8.1.dist.jar:/usr/lib/eclipse/plugins/org.eclipse.jface_3.8.0.dist.jar:/usr/lib/eclipse/plugins/org.eclipse.swt_3.8.2.jar:/usr/lib/eclipse/plugins/org.eclipse.jface.text_3.8.1.dist.jar:/usr/lib/eclipse/plugins/org.eclipse.ui.workbench.texteditor_3.8.0.dist.jar:/usr/lib/eclipse/plugins/org.eclipse.ui.editors_3.8.0.dist.jar:/usr/lib/eclipse/plugins/org.eclipse.core.commands_3.6.1.dist.jar:/usr/lib/eclipse/plugins/org.eclipse.equinox.registry_3.5.200.dist.jar:/usr/lib/eclipse/plugins/org.eclipse.ui.console_3.5.100.dist.jar:/usr/lib/eclipse/plugins/org.eclipse.ui.forms_3.5.200.dist.jar:/usr/lib/eclipse/plugins/org.eclipse.ui.ide_3.8.1.dist.jar:/home/travis/build/icyphy/ptII/vendors/oracle/dbxml.jar:/home/travis/build/icyphy/ptII/vendors/oracle/db.jar:/home/travis/build/icyphy/ptII/vendors/misc/itext/iText.jar:/home/travis/build/icyphy/ptII/lib/g4ltl.jar:/home/travis/build/icyphy/ptII/lib/StructuralCoder.jar:/home/travis/build/icyphy/ptII/lib/org-openide-util.jar:/home/travis/build/icyphy/ptII/lib/org-openide-util-lookup.jar:/home/travis/build/icyphy/ptII/lib/org-netbeans-api-visual.jar:/home/travis/build/icyphy/ptII/vendors/jai-1_1_2_01/lib/jai_core.jar:/home/travis/build/icyphy/ptII/vendors/jai-1_1_2_01/lib/jai_codec.jar:/home/travis/build/icyphy/ptII/lib/jcerti.jar:/home/travis/build/icyphy/ptII/lib/smack.jar:/home/travis/build/icyphy/ptII/lib/smackx.jar:/home/travis/build/icyphy/ptII/lib/jetty-all-8.1.5-v20120716.jar:/home/travis/build/icyphy/ptII/lib/javax.servlet-api-3.0.1.jar:/home/travis/build/icyphy/ptII/lib/javax.mail.jar:/home/travis/build/icyphy/ptII/vendors/JMF-2.1.1e/lib/jmf.jar:/home/travis/build/icyphy/ptII/lib/jna-4.0.0-variadic.jar:/home/travis/build/icyphy/ptII/vendors/misc/joystick/Joystick.jar:/home/travis/build/icyphy/ptII/lib/ptjacl.jar:/home/travis/build/icyphy/ptII/lib/jsoup-1.8.2.jar:/home/travis/build/icyphy/ptII/lib/junit-4.8.2.jar:/home/travis/build/icyphy/ptII/lib/JUnitParams-0.4.0.jar:/home/travis/build/icyphy/ptII/ptolemy/actor/lib/excel/jxl.jar:/home/travis/build/icyphy/ptII/lib/jython.jar:/home/travis/build/icyphy/ptII/lib/kieler.jar:/home/travis/build/icyphy/ptII/vendors/opencv/share/OpenCV/java/opencv-341.jar:/home/travis/build/icyphy/ptII/lib/oscP5.jar:/home/travis/build/icyphy/ptII/lib/nrjavaserial-3.11.0.devel.jar:/usr/share/java/j3dcore.jar:/usr/share/java/j3dutils.jar:/usr/share/java/vecmath.jar:/home/travis/build/icyphy/ptII/ptolemy/distributed/jini/jar/jini-core.jar:/home/travis/build/icyphy/ptII/ptolemy/distributed/jini/jar/jini-ext.jar:/home/travis/build/icyphy/ptII/ptolemy/distributed/jini/jar/sun-util.jar:/home/travis/build/icyphy/ptII/lib/protobuf-java-2.4.1.jar:/home/travis/build/icyphy/ptII/lib/org.eclipse.paho.client.mqttv3.jar:/home/travis/build/icyphy/ptII/ptserver/lib/hessian-4.0.7.jar:/home/travis/build/icyphy/ptII/ptserver/lib/wmqtt.jar:/home/travis/build/icyphy/ptII/lib/mapss.jar:/home/travis/build/icyphy/ptII/ptolemy/actor/ptalon/antlr/antlr.jar:/home/travis/build/icyphy/ptII/lib/JRI.jar:/home/travis/build/icyphy/ptII/lib/commons-lang-2.6.jar:/home/travis/build/icyphy/ptII/lib/commons-logging-1.1.1.jar:/home/travis/build/icyphy/ptII/lib/sootclasses.jar:/home/travis/build/icyphy/ptII/ptolemy/actor/lib/database/mysql-connector-java-5.1.6-bin.jar:/home/travis/build/icyphy/ptII/vendors/misc/sphinx4/sphinx4-data-5prealpha.jar:/home/travis/build/icyphy/ptII/vendors/misc/sphinx4/sphinx4-core-5prealpha.jar:/home/travis/build/icyphy/ptII/lib/PDFRenderer.jar:/home/travis/build/icyphy/ptII/lib/svgSalamander.jar:/home/travis/build/icyphy/ptII/lib/rsyntaxtextarea-2.6.0-SNAPSHOT.jar:/home/travis/build/icyphy/ptII/lib/hazelcast-3.8.2.jar:/home/travis/build/icyphy/ptII/lib/jackson-annotations-2.9.0.jar:/home/travis/build/icyphy/ptII/lib/jackson-core-2.9.3.jar:/home/travis/build/icyphy/ptII/lib/jackson-databind-2.9.3.jar:/home/travis/build/icyphy/ptII/lib/netty-buffer-4.1.19.Final.jar:/home/travis/build/icyphy/ptII/lib/netty-codec-4.1.19.Final.jar:/home/travis/build/icyphy/ptII/lib/netty-codec-dns-4.1.19.Final.jar:/home/travis/build/icyphy/ptII/lib/netty-codec-http-4.1.19.Final.jar:/home/travis/build/icyphy/ptII/lib/netty-codec-http2-4.1.19.Final.jar:/home/travis/build/icyphy/ptII/lib/netty-common-4.1.19.Final.jar:/home/travis/build/icyphy/ptII/lib/netty-handler-4.1.19.Final.jar:/home/travis/build/icyphy/ptII/lib/netty-resolver-4.1.19.Final.jar:/home/travis/build/icyphy/ptII/lib/netty-resolver-dns-4.1.19.Final.jar:/home/travis/build/icyphy/ptII/lib/netty-transport-4.1.19.Final.jar:/home/travis/build/icyphy/ptII/lib/vertx-codegen-3.5.1.jar:/home/travis/build/icyphy/ptII/lib/vertx-core-3.5.2-SNAPSHOT.jar:/home/travis/build/icyphy/ptII/lib/vertx-hazelcast-3.5.1.jar:/home/travis/build/icyphy/ptII/lib/vertx-lang-js-3.5.1.jar:/home/travis/build/icyphy/ptII/lib/vertx-service-proxy-3.5.1.jar:/home/travis/build/icyphy/ptII/lib/vertx-web-3.5.1.jar:/home/travis/build/icyphy/ptII/lib/slf4j-api-1.7.13.jar:/home/travis/build/icyphy/ptII/lib/slf4j-simple-1.7.13.jar:/home/travis/build/icyphy/ptII/lib/webcam-capture-0.3.12.jar:/home/travis/build/icyphy/ptII/lib/bridj-0.7.0.jar:/home/travis/build/icyphy/ptII/lib/xbjlib-1.1.0.nrjavaserial.jar" />
    <property name="test.batch" value="**/junit/*.java" />
    <property name="env._" value="/usr/bin/timeout" />
    <property name="java.io.tmpdir" value="/tmp" />
    <property name="user.language" value="en" />
    <property name="env.HISTCONTROL" value="ignoredups:ignorespace" />
    <property name="env.GOROOT" value="/home/travis/.gimme/versions/go1.7.4.linux.amd64" />
    <property name="line.separator" value="&#xa;" />
    <property name="target" value="1.8" />
    <property name="env.TRAVIS_BUILD_DIR" value="/home/travis/build/icyphy/ptII" />
    <property name="env.ANT_OPTS" value="-Xmx2048m" />
    <property name="ant.file.type" value="file" />
    <property name="ptolemy.ptII.batchMode" value="true" />
    <property name="env.HISTSIZE" value="1000" />
    <property name="env.MERB_ENV" value="test" />
    <property name="java.vm.info" value="mixed mode" />
    <property name="source" value="1.8" />
    <property name="java.vm.specification.name" value="Java Virtual Machine Specification" />
    <property name="env.TRAVIS_TEST_RESULT" value="0" />
    <property name="jsdoc.command" value="node_modules/@terraswarm/jsdoc/jsdoc.js" />
    <property name="npm.works" value="true" />
    <property name="cobertura.dir" value="/home/travis/build/icyphy/ptII/vendors/cobertura-2.0.3" />
    <property name="env.rvm_path" value="/home/travis/.rvm" />
    <property name="env.GEM_PATH" value="/home/travis/.rvm/gems/ruby-2.4.1:/home/travis/.rvm/gems/ruby-2.4.1@global" />
    <property name="env.LC_CTYPE" value="en_US.UTF-8" />
    <property name="java.awt.printerjob" value="sun.print.PSPrinterJob" />
    <property name="env.TRAVIS_STACK_NAME" value="garnet" />
    <property name="ant.version" value="Apache Ant(TM) version 1.10.1 compiled on February 2 2017" />
    <property name="ptII.reports" value="/home/travis/build/icyphy/ptII/reports" />
    <property name="env.TRAVIS_STACK_TIMESTAMP" value="2017-12-05 19:33:09 UTC" />
    <property name="ant.file.type.ptII" value="file" />
    <property name="env.RBENV_SHELL" value="bash" />
    <property name="os.name" value="Linux" />
    <property name="java.specification.vendor" value="Oracle Corporation" />
    <property name="env.rvm_version" value="1.29.3 (latest)" />
    <property name="env.TERM" value="xterm" />
    <property name="java.vm.name" value="Java HotSpot(TM) 64-Bit Server VM" />
    <property name="env.TRAVIS_BUILD_NUMBER" value="529" />
    <property name="env.CI" value="true" />
    <property name="java.library.path" value="/home/travis/pthla/certi-tools/lib:/usr/lib/jni:/usr/local/share/OpenCV/java/:/usr/share/OpenCV/java::/usr/java/packages/lib/amd64:/usr/lib64:/lib64:/lib:/usr/lib" />
    <property name="env.rvm_prefix" value="/home/travis" />
    <property name="env.PATH" value="/home/travis/pthla/certi-tools/share/scripts:/home/travis/.rvm/gems/ruby-2.4.1/bin:/home/travis/.rvm/gems/ruby-2.4.1@global/bin:/home/travis/.rvm/rubies/ruby-2.4.1/bin:/home/travis/.rvm/bin:/home/travis/.nvm/versions/node/v7.10.1/bin:./node_modules/.bin:/home/travis/build/icyphy/ptII/bin:/home/travis/pthla/certi-tools/bin:/home/travis/bin:/home/travis/.local/bin:/opt/pyenv/shims:/home/travis/.phpenv/shims:/home/travis/perl5/perlbrew/bin:/home/travis/.kiex/elixirs/elixir-1.4.5/bin:/home/travis/.kiex/bin:/home/travis/gopath/bin:/home/travis/.gimme/versions/go1.7.4.linux.amd64/bin:/usr/local/phantomjs/bin:/usr/local/phantomjs:/usr/local/neo4j-3.2.7/bin:/usr/local/maven-3.5.2/bin:/usr/local/cmake-3.9.2/bin:/usr/local/clang-5.0.0/bin:/usr/local/sbin:/usr/local/bin:/usr/sbin:/usr/bin:/sbin:/bin:/home/travis/.phpenv/bin:/opt/pyenv/bin:/home/travis/.yarn/bin" />
    <property name="env.TRAVIS_OS_NAME" value="linux" />
    <property name="ant.java.version" value="1.8" />
    <property name="basedir" value="/home/travis/build/icyphy/ptII" />
    <property name="java.class.version" value="52.0" />
    <property name="env.SHLVL" value="3" />
    <property name="env.LD_LIBRARY_PATH" value="/home/travis/pthla/certi-tools/lib:/usr/lib/jni:/usr/local/share/OpenCV/java/:/usr/share/OpenCV/java:" />
    <property name="env.RACK_ENV" value="test" />
    <property name="ant.home" value="/home/travis/build/icyphy/ptII/ant" />
    <property name="env.NVM_DIR" value="/home/travis/.nvm" />
    <property name="env.PERLBREW_BASHRC_VERSION" value="0.80" />
    <property name="env.CERTI_FOM_PATH" value="/home/travis/pthla/certi-tools/share/federations" />
    <property name="env.TRAVIS_BUILD_ID" value="388968913" />
    <property name="env.PYENV_ROOT" value="/opt/pyenv" />
    <property name="env.TRAVIS_UID" value="2000" />
    <property name="env.rvm_pretty_print_flag" value="auto" />
    <property name="env.NVM_BIN" value="/home/travis/.nvm/versions/node/v7.10.1/bin" />
    <property name="env.TRAVIS_COMMIT" value="fcfbc3dfbf0c93249d795e4545cc41dd734f8ae1" />
    <property name="env._system_arch" value="x86_64" />
    <property name="node.executable" value="node" />
    <property name="sun.boot.library.path" value="/usr/lib/jvm/java-8-oracle/jre/lib/amd64" />
    <property name="sun.management.compiler" value="HotSpot 64-Bit Tiered Compilers" />
    <property name="env.GOPATH" value="/home/travis/gopath" />
    <property name="java.awt.graphicsenv" value="sun.awt.X11GraphicsEnvironment" />
    <property name="ptolemy.ptII.dir" value="/home/travis/build/icyphy/ptII" />
    <property name="env.USER" value="travis" />
    <property name="env.HISTFILESIZE" value="2000" />
    <property name="timeout.longest" value="19000000" />
    <property name="env.TRAVIS_STACK_FEATURES" value="basic cassandra chromium couchdb disabled-ipv6 docker docker-compose elasticsearch firefox go-toolchain google-chrome jdk memcached mongodb mysql neo4j nodejs_interpreter perl_interpreter perlbrew phantomjs postgresql python_interpreter rabbitmq redis riak ruby_interpreter sqlite xserver" />
    <property name="env.TRAVIS_PULL_REQUEST" value="false" />
    <property name="env.PYENV_SHELL" value="bash" />
    <property name="ant.project.name" value="ptII" />
    <property name="java.vm.specification.version" value="1.8" />
    <property name="env.CERTI_VERSION" value="4.0.0" />
    <property name="env.NLSPATH" value="/usr/dt/lib/nls/msg/%L/%N.cat" />
    <property name="awt.toolkit" value="sun.awt.X11.XToolkit" />
    <property name="env.CERTI_HOST" value="localhost" />
    <property name="env.MY_RUBY_HOME" value="/home/travis/.rvm/rubies/ruby-2.4.1" />
    <property name="sun.cpu.isalist" value="" />
    <property name="java.ext.dirs" value="/usr/lib/jvm/java-8-oracle/jre/lib/ext:/usr/java/packages/lib/ext" />
    <property name="os.version" value="4.4.0-101-generic" />
    <property name="user.home" value="/home/travis" />
    <property name="env.MIX_ARCHIVES" value="/home/travis/.kiex/mix/elixir-1.4.5" />
    <property name="java.vm.vendor" value="Oracle Corporation" />
    <property name="env.TRAVIS_TAG" value="nightly" />
    <property name="env.TRAVIS_FILTERED" value="redirect_io" />
    <property name="javadoc.excludepackagenames" value="adm.cvs2svn.*,build.*,config.*,doc.coding.templates.*,jni.test.jni.meaningOfLife.*,jni.test.jni.testDeux.*,jni.test.jni.testTrois.*,org.terraswarm.accessor.accessors.web.node_modules.*,org.terraswarm.accessor.accessors.web.hosts.cordova.demo.*,org.terraswarm.accessor.accessors.web.hosts.cordova.plugins.*,org.terraswarm.accessor.accessors-svn.*,pt-modules.*,ptolemy.apps.agilent.*,ptolemy.apps.anytimecontrol.*,ptolemy.apps.apes.*,ptolemy.apps.charon.*,ptolemy.apps.crazyboard.*,ptolemy.apps.eclipse.*,ptolemy.apps.etherealSting.*,ptolemy.apps.fullscreen.*,ptolemy.apps.giotto.*,ptolemy.apps.ia.*,ptolemy.apps.interfaces.*,ptolemy.apps.jmf.*,ptolemy.apps.kurt.*,ptolemy.apps.kvm.*,ptolemy.apps.lego.*,ptolemy.apps.lejos.*,ptolemy.apps.midp.*,ptolemy.apps.mobileCoding.*,ptolemy.apps.pendulum.*,ptolemy.apps.rijndael.*,ptolemy.apps.robot.*,ptolemy.apps.security.*,ptolemy.apps.sobel.*,ptolemy.apps.soot.*,ptolemy.apps.throttle.*,ptolemy.apps.tini.*,ptolemy.apps.transmission.*,ptolemy.apps.vergil.*,ptolemy.apps.waba.*,ptolemy.apps.websensor.*,ptolemy.apps.webstart.*,ptolemy.apps.xsl.*,ptolemy.apps.zaurus.*,ptolemy.backtrack.eclipse.plugin.*,ptolemy.backtrack.test.*,ptolemy.codegen.c.actor.lib.oldJavaFiles.*,ptolemy.codegen.dsp.lib.*,ptolemy.codegen.kernel.newInterfaces.*,ptolemy.codegen.lib.*,ptolemy.copernicus.kernel.fragment.*,ptolemy.copernicus.shallow.cg.*,ptolemy.domains.giotto.demo.Hierarchy.Hierarchy.*,ptolemy.domains.giotto.demo.Multimode.Multimode.*,ptolemy.domains.giotto.demo.Simple.Simple.*,ptolemy.domains.gr.lib.experimental.*,ptolemy.domains.gro.*,ptolemy.domains.pdf.*,ptolemy.domains.ptinyos.demo.Surge.output.*,ptolemy.moml.test.NoPackageActor.java*,ptolemy.plot.adm.*,ptolemy.plot.servlet.*,reports.*,signed.*,src.*,target.*,vendors.*,ptolemy.cg.adapter.generic.program.procedural.c.mbed*,ptolemy.actor.lib.fmi.fmus.omc*,ptolemy.domains.openmodelica*,ptdb.kernel.bl.save.test.*,ptdb.kernel.bl.load.test.*,ptdb.kernel.bl.search.test.*,ptdb.kernel.bl.migration.test.*,ptdb.kernel.database.test.*,ptdb.test.*,ptdb.gui.test.*,org.ptolemy.scala.*,diva.util.java2d.svg.*,ptolemy.domains.ptinyos.*,ptolemy.actor.lib.fmi.fmipp.*,,org.terraswarm.accessor.accessors.web.node_modules.*,org.terraswarm.accessor.accessors-svn,ptolemy.actor.ptalon.demo.ptinyos.SendAndReceiveCnt.output,ptolemy.actor.ptalon.demo.ptinyos.SenseToLeds.output,ptolemy.domains.ptinyos.demo.CntToLedsAndRfm.output,ptolemy.domains.ptinyos.demo.RfmToLeds.output,ptolemy.domains.ptinyos.demo.SendAndReceiveCnt.output,ptolemy.domains.ptinyos.demo.SenseToLeds.output,ptolemy.actor.lib.jjs.modules.udpSocket.*" />
    <property name="env.JAVA_HOME" value="/usr/lib/jvm/java-8-oracle" />
    <property name="env.PTII" value="/home/travis/build/icyphy/ptII" />
    <property name="env.TRAVIS_COMMIT_MESSAGE" value="Added JUNIT_URL_INDEX." />
    <property name="keystore" value="ptKeystore" />
    <property name="env.XDG_SESSION_ID" value="2" />
    <property name="junit.output.dir" value="/home/travis/build/icyphy/ptII/reports/junit" />
    <property name="npm.return.code" value="0" />
    <property name="user.dir" value="/home/travis/build/icyphy/ptII/ptolemy/domains/de/test" />
    <property name="env.TRAVIS_NODE_VERSION" value="7" />
    <property name="env.XFILESEARCHPATH" value="/usr/dt/app-defaults/%L/Dt" />
    <property name="env.TRAVIS_EVENT_TYPE" value="push" />
    <property name="env.MAIL" value="/var/mail/travis" />
    <property name="env.PWD" value="/home/travis/build/icyphy/ptII" />
    <property name="env.PERLBREW_ROOT" value="/home/travis/perl5/perlbrew" />
    <property name="timeout.npm" value="45000" />
    <property name="env.PT_TRAVIS_TEST_CORE2_XML" value="true" />
    <property name="env.PAGER" value="cat" />
    <property name="sun.cpu.endian" value="little" />
    <property name="env.TRAVIS_BUILD_STAGE_NAME" value="Test" />
    <property name="env.PERLBREW_HOME" value="/home/travis/.perlbrew" />
    <property name="env.RAILS_ENV" value="test" />
    <property name="java.vm.version" value="25.151-b12" />
    <property name="java.class.path" value="/home/travis/build/icyphy/ptII:/home/travis/build/icyphy/ptII/lib/bsh-2.0b4.jar:/home/travis/build/icyphy/ptII/lib/ptCal.jar:/home/travis/build/icyphy/ptII/lib/java_cup.jar:/home/travis/build/icyphy/ptII/lib/saxon8.jar:/home/travis/build/icyphy/ptII/lib/saxon8-dom.jar:/home/travis/build/icyphy/ptII/lib/chic.jar:/home/travis/build/icyphy/ptII/lib/ptcolt.jar:/usr/lib/jvm/java-8-oracle/lib/tools.jar:/usr/lib/eclipse/plugins/org.eclipse.jdt.core_3.8.2.dist.jar:/usr/lib/eclipse/plugins/org.eclipse.core.runtime_3.8.0.dist.jar:/usr/lib/eclipse/plugins/org.eclipse.osgi_3.8.1.dist.jar:/usr/lib/eclipse/plugins/org.eclipse.core.resources_3.8.1.dist.jar:/usr/lib/eclipse/plugins/org.eclipse.equinox.common_3.6.100.dist.jar:/usr/lib/eclipse/plugins/org.eclipse.core.jobs_3.5.200.dist.jar:/usr/lib/eclipse/plugins/org.eclipse.core.contenttype_3.4.200.dist.jar:/usr/lib/eclipse/plugins/org.eclipse.equinox.preferences_3.5.0.dist.jar:/usr/lib/eclipse/plugins/org.eclipse.text_3.5.200.dist.jar:/usr/lib/eclipse/plugins/org.eclipse.ui.workbench_3.8.1.dist.jar:/usr/lib/eclipse/plugins/org.eclipse.jface_3.8.0.dist.jar:/usr/lib/eclipse/plugins/org.eclipse.swt_3.8.2.jar:/usr/lib/eclipse/plugins/org.eclipse.jface.text_3.8.1.dist.jar:/usr/lib/eclipse/plugins/org.eclipse.ui.workbench.texteditor_3.8.0.dist.jar:/usr/lib/eclipse/plugins/org.eclipse.ui.editors_3.8.0.dist.jar:/usr/lib/eclipse/plugins/org.eclipse.core.commands_3.6.1.dist.jar:/usr/lib/eclipse/plugins/org.eclipse.equinox.registry_3.5.200.dist.jar:/usr/lib/eclipse/plugins/org.eclipse.ui.console_3.5.100.dist.jar:/usr/lib/eclipse/plugins/org.eclipse.ui.forms_3.5.200.dist.jar:/usr/lib/eclipse/plugins/org.eclipse.ui.ide_3.8.1.dist.jar:/home/travis/build/icyphy/ptII/vendors/oracle/dbxml.jar:/home/travis/build/icyphy/ptII/vendors/oracle/db.jar:/home/travis/build/icyphy/ptII/vendors/misc/itext/iText.jar:/home/travis/build/icyphy/ptII/lib/g4ltl.jar:/home/travis/build/icyphy/ptII/lib/StructuralCoder.jar:/home/travis/build/icyphy/ptII/lib/org-openide-util.jar:/home/travis/build/icyphy/ptII/lib/org-openide-util-lookup.jar:/home/travis/build/icyphy/ptII/lib/org-netbeans-api-visual.jar:/home/travis/build/icyphy/ptII/vendors/jai-1_1_2_01/lib/jai_core.jar:/home/travis/build/icyphy/ptII/vendors/jai-1_1_2_01/lib/jai_codec.jar:/home/travis/build/icyphy/ptII/lib/jcerti.jar:/home/travis/build/icyphy/ptII/lib/smack.jar:/home/travis/build/icyphy/ptII/lib/smackx.jar:/home/travis/build/icyphy/ptII/lib/jetty-all-8.1.5-v20120716.jar:/home/travis/build/icyphy/ptII/lib/javax.servlet-api-3.0.1.jar:/home/travis/build/icyphy/ptII/lib/javax.mail.jar:/home/travis/build/icyphy/ptII/vendors/JMF-2.1.1e/lib/jmf.jar:/home/travis/build/icyphy/ptII/lib/jna-4.0.0-variadic.jar:/home/travis/build/icyphy/ptII/vendors/misc/joystick/Joystick.jar:/home/travis/build/icyphy/ptII/lib/ptjacl.jar:/home/travis/build/icyphy/ptII/lib/jsoup-1.8.2.jar:/home/travis/build/icyphy/ptII/lib/junit-4.8.2.jar:/home/travis/build/icyphy/ptII/lib/JUnitParams-0.4.0.jar:/home/travis/build/icyphy/ptII/ptolemy/actor/lib/excel/jxl.jar:/home/travis/build/icyphy/ptII/lib/jython.jar:/home/travis/build/icyphy/ptII/lib/kieler.jar:/home/travis/build/icyphy/ptII/vendors/opencv/share/OpenCV/java/opencv-341.jar:/home/travis/build/icyphy/ptII/lib/oscP5.jar:/home/travis/build/icyphy/ptII/lib/nrjavaserial-3.11.0.devel.jar:/usr/share/java/j3dcore.jar:/usr/share/java/j3dutils.jar:/usr/share/java/vecmath.jar:/home/travis/build/icyphy/ptII/ptolemy/distributed/jini/jar/jini-core.jar:/home/travis/build/icyphy/ptII/ptolemy/distributed/jini/jar/jini-ext.jar:/home/travis/build/icyphy/ptII/ptolemy/distributed/jini/jar/sun-util.jar:/home/travis/build/icyphy/ptII/lib/protobuf-java-2.4.1.jar:/home/travis/build/icyphy/ptII/lib/org.eclipse.paho.client.mqttv3.jar:/home/travis/build/icyphy/ptII/ptserver/lib/hessian-4.0.7.jar:/home/travis/build/icyphy/ptII/ptserver/lib/wmqtt.jar:/home/travis/build/icyphy/ptII/lib/mapss.jar:/home/travis/build/icyphy/ptII/ptolemy/actor/ptalon/antlr/antlr.jar:/home/travis/build/icyphy/ptII/lib/JRI.jar:/home/travis/build/icyphy/ptII/lib/commons-lang-2.6.jar:/home/travis/build/icyphy/ptII/lib/commons-logging-1.1.1.jar:/home/travis/build/icyphy/ptII/lib/sootclasses.jar:/home/travis/build/icyphy/ptII/ptolemy/actor/lib/database/mysql-connector-java-5.1.6-bin.jar:/home/travis/build/icyphy/ptII/vendors/misc/sphinx4/sphinx4-data-5prealpha.jar:/home/travis/build/icyphy/ptII/vendors/misc/sphinx4/sphinx4-core-5prealpha.jar:/home/travis/build/icyphy/ptII/lib/PDFRenderer.jar:/home/travis/build/icyphy/ptII/lib/svgSalamander.jar:/home/travis/build/icyphy/ptII/lib/rsyntaxtextarea-2.6.0-SNAPSHOT.jar:/home/travis/build/icyphy/ptII/lib/hazelcast-3.8.2.jar:/home/travis/build/icyphy/ptII/lib/jackson-annotations-2.9.0.jar:/home/travis/build/icyphy/ptII/lib/jackson-core-2.9.3.jar:/home/travis/build/icyphy/ptII/lib/jackson-databind-2.9.3.jar:/home/travis/build/icyphy/ptII/lib/netty-buffer-4.1.19.Final.jar:/home/travis/build/icyphy/ptII/lib/netty-codec-4.1.19.Final.jar:/home/travis/build/icyphy/ptII/lib/netty-codec-dns-4.1.19.Final.jar:/home/travis/build/icyphy/ptII/lib/netty-codec-http-4.1.19.Final.jar:/home/travis/build/icyphy/ptII/lib/netty-codec-http2-4.1.19.Final.jar:/home/travis/build/icyphy/ptII/lib/netty-common-4.1.19.Final.jar:/home/travis/build/icyphy/ptII/lib/netty-handler-4.1.19.Final.jar:/home/travis/build/icyphy/ptII/lib/netty-resolver-4.1.19.Final.jar:/home/travis/build/icyphy/ptII/lib/netty-resolver-dns-4.1.19.Final.jar:/home/travis/build/icyphy/ptII/lib/netty-transport-4.1.19.Final.jar:/home/travis/build/icyphy/ptII/lib/vertx-codegen-3.5.1.jar:/home/travis/build/icyphy/ptII/lib/vertx-core-3.5.2-SNAPSHOT.jar:/home/travis/build/icyphy/ptII/lib/vertx-hazelcast-3.5.1.jar:/home/travis/build/icyphy/ptII/lib/vertx-lang-js-3.5.1.jar:/home/travis/build/icyphy/ptII/lib/vertx-service-proxy-3.5.1.jar:/home/travis/build/icyphy/ptII/lib/vertx-web-3.5.1.jar:/home/travis/build/icyphy/ptII/lib/slf4j-api-1.7.13.jar:/home/travis/build/icyphy/ptII/lib/slf4j-simple-1.7.13.jar:/home/travis/build/icyphy/ptII/lib/webcam-capture-0.3.12.jar:/home/travis/build/icyphy/ptII/lib/bridj-0.7.0.jar:/home/travis/build/icyphy/ptII/lib/xbjlib-1.1.0.nrjavaserial.jar:/home/travis/build/icyphy/ptII/ptolemy/moml/test:/home/travis/build/icyphy/ptII/ant/lib/ant-launcher.jar:/home/travis/build/icyphy/ptII/ant/lib/ant.jar:/home/travis/build/icyphy/ptII/ant/lib/ant-junit.jar:/home/travis/build/icyphy/ptII/ant/lib/ant-junit4.jar" />
    <property name="ant.library.dir" value="/home/travis/build/icyphy/ptII/ant/lib" />
    <property name="os.arch" value="amd64" />
    <property name="env.TRAVIS_LANGUAGE" value="node_js" />
    <property name="env.CONTINUOUS_INTEGRATION" value="true" />
    <property name="env.TRAVIS_STACK_LANGUAGES" value="__garnet__ c c++ clojure cplusplus cpp default go groovy java node_js php pure_java python ruby scala" />
    <property name="test.name" value="ptolemy.actor.lib.test.junit.JUnitTclTest" />
    <property name="sun.java.launcher" value="SUN_STANDARD" />
    <property name="env.PYTHON_CONFIGURE_OPTS" value="--enable-unicode=ucs4 --with-wide-unicode --enable-shared --enable-ipv6 --enable-loadable-sqlite-extensions --with-computed-gotos" />
    <property name="ant.core.lib" value="/home/travis/build/icyphy/ptII/ant/lib/ant.jar" />
    <property name="java.vm.specification.vendor" value="Oracle Corporation" />
    <property name="env.BCVTB_HOME" value="/home/travis/build/icyphy/ptII/lbnl" />
    <property name="file.separator" value="/" />
    <property name="java.runtime.version" value="1.8.0_151-b12" />
    <property name="spotbugs.home" value="/home/travis/build/icyphy/ptII/vendors/spotbugs-3.1.1" />
    <property name="sun.boot.class.path" value="/usr/lib/jvm/java-8-oracle/jre/lib/resources.jar:/usr/lib/jvm/java-8-oracle/jre/lib/rt.jar:/usr/lib/jvm/java-8-oracle/jre/lib/sunrsasign.jar:/usr/lib/jvm/java-8-oracle/jre/lib/jsse.jar:/usr/lib/jvm/java-8-oracle/jre/lib/jce.jar:/usr/lib/jvm/java-8-oracle/jre/lib/charsets.jar:/usr/lib/jvm/java-8-oracle/jre/lib/jfr.jar:/usr/lib/jvm/java-8-oracle/jre/classes" />
    <property name="env.HAS_JOSH_K_SEAL_OF_APPROVAL" value="true" />
    <property name="env.TRAVIS_OSX_IMAGE" value="" />
    <property name="env.XDG_RUNTIME_DIR" value="/run/user/2000" />
    <property name="env.TRAVIS_BRANCH" value="master" />
    <property name="env.TRAVIS_JOB_ID" value="388968921" />
    <property name="env.CERTI_HOME_TRAVIS" value="/home/travis/pthla/certi-tools" />
    <property name="user.country" value="US" />
    <property name="env.SHELL" value="/bin/bash" />
    <property name="java.maxmemory.large" value="5000m" />
    <property name="model" value="" />
    <property name="env.CASHER_DIR" value="/home/travis/.casher" />
    <property name="env.NVM_CD_FLAGS" value="" />
    <property name="jshint.executable" value="/home/travis/node_modules/jshint/bin/jshint" />
    <property name="java.vendor" value="Oracle Corporation" />
    <property name="env.JRUBY_OPTS" value=" --client -J-XX:+TieredCompilation -J-XX:TieredStopAtLevel=1 -J-Xss2m -Xcompile.invokedynamic=false" />
    <property name="env.TRAVIS_PRE_CHEF_BOOTSTRAP_TIME" value="2017-12-05T19:32:55" />
    <property name="env.TRAVIS_STACK_JOB_BOARD_REGISTER" value="/.job-board-register.yml" />
    <property name="env.ELIXIR_VERSION" value="1.4.5" />
    <property name="java.specification.version" value="1.8" />
    <property name="env.IRBRC" value="/home/travis/.rvm/rubies/ruby-2.4.1/.irbrc" />
    <property name="env.TRAVIS" value="true" />
    <property name="sun.arch.data.model" value="64" />
  </properties>
  <testcase classname="ptolemy.util.test.junit.TclTests" name="[0] /home/travis/build/icyphy/ptII/ptolemy/domains/de/test/DependencyLoop.tcl (RunTclFile)" time="0.732" />
  <testcase classname="ptolemy.util.test.junit.TclTests" name="[1] /home/travis/build/icyphy/ptII/ptolemy/domains/de/test/RunDETestsAsQSS.tcl (RunTclFile)" time="89.275" />
  <testcase classname="ptolemy.util.test.junit.AutoKnownFailedTests" name="[0] /home/travis/build/icyphy/ptII/ptolemy/domains/de/test/auto/knownFailedTests/DESDFClockTest.xml (RunModel)" time="2.024" />
  <testcase classname="ptolemy.util.test.junit.AutoKnownFailedTests" name="[1] /home/travis/build/icyphy/ptII/ptolemy/domains/de/test/auto/knownFailedTests/DirectFeedback.xml (RunModel)" time="0.011" />
  <testcase classname="ptolemy.util.test.junit.AutoKnownFailedTests" name="[2] /home/travis/build/icyphy/ptII/ptolemy/domains/de/test/auto/knownFailedTests/FSMSource.xml (RunModel)" time="0.012" />
  <testcase classname="ptolemy.util.test.junit.AutoKnownFailedTests" name="[3] /home/travis/build/icyphy/ptII/ptolemy/domains/de/test/auto/knownFailedTests/HierarchicalModel.xml (RunModel)" time="0.03" />
  <testcase classname="ptolemy.util.test.junit.AutoKnownFailedTests" name="[4] /home/travis/build/icyphy/ptII/ptolemy/domains/de/test/auto/knownFailedTests/dependencyLoop.xml (RunModel)" time="0.029" />
  <testcase classname="ptolemy.util.test.junit.AutoKnownFailedTests" name="[5] /home/travis/build/icyphy/ptII/ptolemy/domains/de/test/auto/knownFailedTests/dependencyLoop2.xml (RunModel)" time="0.027" />
  <testcase classname="ptolemy.util.test.junit.AutoNameArchTests" name="[0] ThereAreNoAutoArchTests (RunModel)" time="0.001" />
  <testcase classname="ptolemy.util.test.junit.AutoTests" name="[0] /home/travis/build/icyphy/ptII/ptolemy/domains/de/test/auto/ActorDepthCalculation_actorWithoutPorts.xml (RunModel)" time="0.009" />
  <testcase classname="ptolemy.util.test.junit.AutoTests" name="[1] /home/travis/build/icyphy/ptII/ptolemy/domains/de/test/auto/AssemblyLine.xml (RunModel)" time="0.011" />
  <testcase classname="ptolemy.util.test.junit.AutoTests" name="[2] /home/travis/build/icyphy/ptII/ptolemy/domains/de/test/auto/CQBug1.xml (RunModel)" time="0.006" />
  <testcase classname="ptolemy.util.test.junit.AutoTests" name="[3] /home/travis/build/icyphy/ptII/ptolemy/domains/de/test/auto/CancelFireAt.xml (RunModel)" time="0.004" />
  <testcase classname="ptolemy.util.test.junit.AutoTests" name="[4] /home/travis/build/icyphy/ptII/ptolemy/domains/de/test/auto/CausalityAndComposabilityAnalysis.xml (RunModel)" time="0.007" />
  <testcase classname="ptolemy.util.test.junit.AutoTests" name="[5] /home/travis/build/icyphy/ptII/ptolemy/domains/de/test/auto/CausalityInterface1.xml (RunModel)" time="0.009" />
  <testcase classname="ptolemy.util.test.junit.AutoTests" name="[6] /home/travis/build/icyphy/ptII/ptolemy/domains/de/test/auto/CausalityInterface15.xml (RunModel)" time="0.009" />
  <testcase classname="ptolemy.util.test.junit.AutoTests" name="[7] /home/travis/build/icyphy/ptII/ptolemy/domains/de/test/auto/CausalityInterface2.xml (RunModel)" time="0.008" />
  <testcase classname="ptolemy.util.test.junit.AutoTests" name="[8] /home/travis/build/icyphy/ptII/ptolemy/domains/de/test/auto/CausalityInterface3.xml (RunModel)" time="0.008" />
  <testcase classname="ptolemy.util.test.junit.AutoTests" name="[9] /home/travis/build/icyphy/ptII/ptolemy/domains/de/test/auto/ClockDrift.xml (RunModel)" time="0.023" />
  <testcase classname="ptolemy.util.test.junit.AutoTests" name="[10] /home/travis/build/icyphy/ptII/ptolemy/domains/de/test/auto/ClockDriftAndValueChange.xml (RunModel)" time="0.025" />
  <testcase classname="ptolemy.util.test.junit.AutoTests" name="[11] /home/travis/build/icyphy/ptII/ptolemy/domains/de/test/auto/ClockDriftChange.xml (RunModel)" time="0.018" />
  <testcase classname="ptolemy.util.test.junit.AutoTests" name="[12] /home/travis/build/icyphy/ptII/ptolemy/domains/de/test/auto/ComposableCausalityAnalysis.xml (RunModel)" time="0.016" />
  <testcase classname="ptolemy.util.test.junit.AutoTests" name="[13] /home/travis/build/icyphy/ptII/ptolemy/domains/de/test/auto/DEFixedPointLimitation.xml (RunModel)" time="0.006" />
  <testcase classname="ptolemy.util.test.junit.AutoTests" name="[14] /home/travis/build/icyphy/ptII/ptolemy/domains/de/test/auto/DEScheduleTest.xml (RunModel)" time="0.008" />
  <testcase classname="ptolemy.util.test.junit.AutoTests" name="[15] /home/travis/build/icyphy/ptII/ptolemy/domains/de/test/auto/DEinDEwithStartTimes.xml (RunModel)" time="0.008" />
  <testcase classname="ptolemy.util.test.junit.AutoTests" name="[16] /home/travis/build/icyphy/ptII/ptolemy/domains/de/test/auto/DEinDEwithStartTimes2.xml (RunModel)" time="0.017" />
  <testcase classname="ptolemy.util.test.junit.AutoTests" name="[17] /home/travis/build/icyphy/ptII/ptolemy/domains/de/test/auto/DateDemo.xml (RunModel)" time="0.022" />
  <testcase classname="ptolemy.util.test.junit.AutoTests" name="[18] /home/travis/build/icyphy/ptII/ptolemy/domains/de/test/auto/DateToEvent.xml (RunModel)" time="2.028" />
  <testcase classname="ptolemy.util.test.junit.AutoTests" name="[19] /home/travis/build/icyphy/ptII/ptolemy/domains/de/test/auto/DepthTest1.xml (RunModel)" time="0.024" />
  <testcase classname="ptolemy.util.test.junit.AutoTests" name="[20] /home/travis/build/icyphy/ptII/ptolemy/domains/de/test/auto/DepthTest2.xml (RunModel)" time="0.012" />
  <testcase classname="ptolemy.util.test.junit.AutoTests" name="[21] /home/travis/build/icyphy/ptII/ptolemy/domains/de/test/auto/DepthTest3.xml (RunModel)" time="0.006" />
  <testcase classname="ptolemy.util.test.junit.AutoTests" name="[22] /home/travis/build/icyphy/ptII/ptolemy/domains/de/test/auto/DepthTest4.xml (RunModel)" time="0.012" />
  <testcase classname="ptolemy.util.test.junit.AutoTests" name="[23] /home/travis/build/icyphy/ptII/ptolemy/domains/de/test/auto/DepthTest5.xml (RunModel)" time="0.014" />
  <testcase classname="ptolemy.util.test.junit.AutoTests" name="[24] /home/travis/build/icyphy/ptII/ptolemy/domains/de/test/auto/DepthTest6.xml (RunModel)" time="0.012" />
  <testcase classname="ptolemy.util.test.junit.AutoTests" name="[25] /home/travis/build/icyphy/ptII/ptolemy/domains/de/test/auto/DepthTest7.xml (RunModel)" time="0.015" />
  <testcase classname="ptolemy.util.test.junit.AutoTests" name="[26] /home/travis/build/icyphy/ptII/ptolemy/domains/de/test/auto/EventToDate.xml (RunModel)" time="3.038" />
  <testcase classname="ptolemy.util.test.junit.AutoTests" name="[27] /home/travis/build/icyphy/ptII/ptolemy/domains/de/test/auto/FSM1.xml (RunModel)" time="0.031" />
  <testcase classname="ptolemy.util.test.junit.AutoTests" name="[28] /home/travis/build/icyphy/ptII/ptolemy/domains/de/test/auto/FSM7.xml (RunModel)" time="0.031" />
  <testcase classname="ptolemy.util.test.junit.AutoTests" name="[29] /home/travis/build/icyphy/ptII/ptolemy/domains/de/test/auto/Inspection.xml (RunModel)" time="0.033" />
  <testcase classname="ptolemy.util.test.junit.AutoTests" name="[30] /home/travis/build/icyphy/ptII/ptolemy/domains/de/test/auto/Iteration.xml (RunModel)" time="0.014" />
  <testcase classname="ptolemy.util.test.junit.AutoTests" name="[31] /home/travis/build/icyphy/ptII/ptolemy/domains/de/test/auto/LineFault.xml (RunModel)" time="0.404" />
  <testcase classname="ptolemy.util.test.junit.AutoTests" name="[32] /home/travis/build/icyphy/ptII/ptolemy/domains/de/test/auto/MergeModel1Add.xml (RunModel)" time="0.034" />
  <testcase classname="ptolemy.util.test.junit.AutoTests" name="[33] /home/travis/build/icyphy/ptII/ptolemy/domains/de/test/auto/MergeModel2Add.xml (RunModel)" time="0.026" />
  <testcase classname="ptolemy.util.test.junit.AutoTests" name="[34] /home/travis/build/icyphy/ptII/ptolemy/domains/de/test/auto/MergeModel3Add.xml (RunModel)" time="0.03" />
  <testcase classname="ptolemy.util.test.junit.AutoTests" name="[35] /home/travis/build/icyphy/ptII/ptolemy/domains/de/test/auto/MergeWithoutDiscard.xml (RunModel)" time="0.009" />
  <testcase classname="ptolemy.util.test.junit.AutoTests" name="[36] /home/travis/build/icyphy/ptII/ptolemy/domains/de/test/auto/Modal1.xml (RunModel)" time="0.021" />
  <testcase classname="ptolemy.util.test.junit.AutoTests" name="[37] /home/travis/build/icyphy/ptII/ptolemy/domains/de/test/auto/Modal2.xml (RunModel)" time="0.022" />
  <testcase classname="ptolemy.util.test.junit.AutoTests" name="[38] /home/travis/build/icyphy/ptII/ptolemy/domains/de/test/auto/Modal3.xml (RunModel)" time="0.022" />
  <testcase classname="ptolemy.util.test.junit.AutoTests" name="[39] /home/travis/build/icyphy/ptII/ptolemy/domains/de/test/auto/Modal4.xml (RunModel)" time="0.023" />
  <testcase classname="ptolemy.util.test.junit.AutoTests" name="[40] /home/travis/build/icyphy/ptII/ptolemy/domains/de/test/auto/Modal5.xml (RunModel)" time="0.024" />
  <testcase classname="ptolemy.util.test.junit.AutoTests" name="[41] /home/travis/build/icyphy/ptII/ptolemy/domains/de/test/auto/Modal6.xml (RunModel)" time="0.022" />
  <testcase classname="ptolemy.util.test.junit.AutoTests" name="[42] /home/travis/build/icyphy/ptII/ptolemy/domains/de/test/auto/Modal7.xml (RunModel)" time="0.023" />
  <testcase classname="ptolemy.util.test.junit.AutoTests" name="[43] /home/travis/build/icyphy/ptII/ptolemy/domains/de/test/auto/ModalModel.xml (RunModel)" time="0.111" />
  <testcase classname="ptolemy.util.test.junit.AutoTests" name="[44] /home/travis/build/icyphy/ptII/ptolemy/domains/de/test/auto/ModalSource.xml (RunModel)" time="0.014" />
  <testcase classname="ptolemy.util.test.junit.AutoTests" name="[45] /home/travis/build/icyphy/ptII/ptolemy/domains/de/test/auto/NonInterruptibleTimerZeroDelay.xml (RunModel)" time="0.008" />
  <testcase classname="ptolemy.util.test.junit.AutoTests" name="[46] /home/travis/build/icyphy/ptII/ptolemy/domains/de/test/auto/OpenQueueingNetwork.xml (RunModel)" time="1.83" />
  <testcase classname="ptolemy.util.test.junit.AutoTests" name="[47] /home/travis/build/icyphy/ptII/ptolemy/domains/de/test/auto/OpenQueuingNetwork.xml (RunModel)" time="0.25" />
  <testcase classname="ptolemy.util.test.junit.AutoTests" name="[48] /home/travis/build/icyphy/ptII/ptolemy/domains/de/test/auto/PeriodicSampler.xml (RunModel)" time="0.009" />
  <testcase classname="ptolemy.util.test.junit.AutoTests" name="[49] /home/travis/build/icyphy/ptII/ptolemy/domains/de/test/auto/PersistentIO.xml (RunModel)" time="0.02" />
  <testcase classname="ptolemy.util.test.junit.AutoTests" name="[50] /home/travis/build/icyphy/ptII/ptolemy/domains/de/test/auto/PortParameterResetOnInitialize.xml (RunModel)" time="0.01" />
  <testcase classname="ptolemy.util.test.junit.AutoTests" name="[51] /home/travis/build/icyphy/ptII/ptolemy/domains/de/test/auto/PortParameterUpdates.xml (RunModel)" time="0.016" />
  <testcase classname="ptolemy.util.test.junit.AutoTests" name="[52] /home/travis/build/icyphy/ptII/ptolemy/domains/de/test/auto/QueueAndServer.xml (RunModel)" time="0.02" />
  <testcase classname="ptolemy.util.test.junit.AutoTests" name="[53] /home/travis/build/icyphy/ptII/ptolemy/domains/de/test/auto/Records.xml (RunModel)" time="0.014" />
  <testcase classname="ptolemy.util.test.junit.AutoTests" name="[54] /home/travis/build/icyphy/ptII/ptolemy/domains/de/test/auto/ResetTransitionWithStartTime1.xml (RunModel)" time="0.025" />
  <testcase classname="ptolemy.util.test.junit.AutoTests" name="[55] /home/travis/build/icyphy/ptII/ptolemy/domains/de/test/auto/ResetTransitionWithStartTime2.xml (RunModel)" time="0.016" />
  <testcase classname="ptolemy.util.test.junit.AutoTests" name="[56] /home/travis/build/icyphy/ptII/ptolemy/domains/de/test/auto/ResetTransitionWithStartTime3.xml (RunModel)" time="0.018" />
  <testcase classname="ptolemy.util.test.junit.AutoTests" name="[57] /home/travis/build/icyphy/ptII/ptolemy/domains/de/test/auto/ResetTransitionWithStartTime4.xml (RunModel)" time="0.019" />
  <testcase classname="ptolemy.util.test.junit.AutoTests" name="[58] /home/travis/build/icyphy/ptII/ptolemy/domains/de/test/auto/ResettableTimer1.xml (RunModel)" time="0.01" />
  <testcase classname="ptolemy.util.test.junit.AutoTests" name="[59] /home/travis/build/icyphy/ptII/ptolemy/domains/de/test/auto/ResettableTimer2.xml (RunModel)" time="0.01" />
  <testcase classname="ptolemy.util.test.junit.AutoTests" name="[60] /home/travis/build/icyphy/ptII/ptolemy/domains/de/test/auto/ResettableTimer3.xml (RunModel)" time="0.007" />
  <testcase classname="ptolemy.util.test.junit.AutoTests" name="[61] /home/travis/build/icyphy/ptII/ptolemy/domains/de/test/auto/ResettableTimer4.xml (RunModel)" time="0.011" />
  <testcase classname="ptolemy.util.test.junit.AutoTests" name="[62] /home/travis/build/icyphy/ptII/ptolemy/domains/de/test/auto/ResettableTimer5.xml (RunModel)" time="0.01" />
  <testcase classname="ptolemy.util.test.junit.AutoTests" name="[63] /home/travis/build/icyphy/ptII/ptolemy/domains/de/test/auto/ResettableTimer6.xml (RunModel)" time="0.016" />
  <testcase classname="ptolemy.util.test.junit.AutoTests" name="[64] /home/travis/build/icyphy/ptII/ptolemy/domains/de/test/auto/ServerZeroDelay.xml (RunModel)" time="0.015" />
  <testcase classname="ptolemy.util.test.junit.AutoTests" name="[65] /home/travis/build/icyphy/ptII/ptolemy/domains/de/test/auto/SmartSender.xml (RunModel)" time="3.009" />
  <testcase classname="ptolemy.util.test.junit.AutoTests" name="[66] /home/travis/build/icyphy/ptII/ptolemy/domains/de/test/auto/ThreadedComposite.xml (RunModel)" time="0.179" />
  <testcase classname="ptolemy.util.test.junit.AutoTests" name="[67] /home/travis/build/icyphy/ptII/ptolemy/domains/de/test/auto/Time.xml (RunModel)" time="0.418" />
  <testcase classname="ptolemy.util.test.junit.AutoTests" name="[68] /home/travis/build/icyphy/ptII/ptolemy/domains/de/test/auto/TimeDelayZeroDelay.xml (RunModel)" time="0.011" />
  <testcase classname="ptolemy.util.test.junit.AutoTests" name="[69] /home/travis/build/icyphy/ptII/ptolemy/domains/de/test/auto/TimerZeroDelay.xml (RunModel)" time="0.009" />
  <testcase classname="ptolemy.util.test.junit.AutoTests" name="[70] /home/travis/build/icyphy/ptII/ptolemy/domains/de/test/auto/TimingParadox.xml (RunModel)" time="0.346" />
  <testcase classname="ptolemy.util.test.junit.AutoTests" name="[71] /home/travis/build/icyphy/ptII/ptolemy/domains/de/test/auto/TransferInputs.xml (RunModel)" time="0.015" />
  <testcase classname="ptolemy.util.test.junit.AutoTests" name="[72] /home/travis/build/icyphy/ptII/ptolemy/domains/de/test/auto/TransferOutputs2.xml (RunModel)" time="0.019" />
  <testcase classname="ptolemy.util.test.junit.AutoTests" name="[73] /home/travis/build/icyphy/ptII/ptolemy/domains/de/test/auto/Trilateration.xml (RunModel)" time="11.891" />
  <testcase classname="ptolemy.util.test.junit.AutoTests" name="[74] /home/travis/build/icyphy/ptII/ptolemy/domains/de/test/auto/TwoSigmaDelta.xml (RunModel)" time="2.07" />
  <testcase classname="ptolemy.util.test.junit.AutoTests" name="[75] /home/travis/build/icyphy/ptII/ptolemy/domains/de/test/auto/VariableDelay.xml (RunModel)" time="0.009" />
  <testcase classname="ptolemy.util.test.junit.AutoTests" name="[76] /home/travis/build/icyphy/ptII/ptolemy/domains/de/test/auto/VariableDelay2.xml (RunModel)" time="0.008" />
  <testcase classname="ptolemy.util.test.junit.AutoTests" name="[77] /home/travis/build/icyphy/ptII/ptolemy/domains/de/test/auto/VariableDelayZeroDelay.xml (RunModel)" time="0.009" />
  <testcase classname="ptolemy.util.test.junit.AutoTests" name="[78] /home/travis/build/icyphy/ptII/ptolemy/domains/de/test/auto/VariableDelayZeroDelay2.xml (RunModel)" time="0.009" />
  <testcase classname="ptolemy.util.test.junit.AutoTests" name="[79] /home/travis/build/icyphy/ptII/ptolemy/domains/de/test/auto/deInCt.xml (RunModel)" time="0.012" />
  <testcase classname="ptolemy.util.test.junit.AutoTests" name="[80] /home/travis/build/icyphy/ptII/ptolemy/domains/de/test/auto/deInCt2.xml (RunModel)" time="0.012" />
  <testcase classname="ptolemy.util.test.junit.AutoTests" name="[81] /home/travis/build/icyphy/ptII/ptolemy/domains/de/test/auto/dynamicCausalityInterface1.xml (RunModel)" time="0.017" />
  <testcase classname="ptolemy.util.test.junit.AutoTests" name="[82] /home/travis/build/icyphy/ptII/ptolemy/domains/de/test/auto/fsm_de_test.xml (RunModel)" time="0.021" />
  <testcase classname="ptolemy.util.test.junit.AutoTests" name="[83] /home/travis/build/icyphy/ptII/ptolemy/domains/de/test/auto/functionDependencyReconstruction.xml (RunModel)" time="0.029" />
  <testcase classname="ptolemy.util.test.junit.AutoTests" name="[84] /home/travis/build/icyphy/ptII/ptolemy/domains/de/test/auto/multirate.xml (RunModel)" time="0.014" />
  <testcase classname="ptolemy.util.test.junit.AutoTests" name="[85] /home/travis/build/icyphy/ptII/ptolemy/domains/de/test/auto/multirate2.xml (RunModel)" time="0.014" />
  <testcase classname="ptolemy.util.test.junit.AutoTests" name="[86] /home/travis/build/icyphy/ptII/ptolemy/domains/de/test/auto/realtime.xml (RunModel)" time="10.01" />
  <testcase classname="ptolemy.util.test.junit.AutoTests" name="[87] /home/travis/build/icyphy/ptII/ptolemy/domains/de/test/auto/relationGroup.xml (RunModel)" time="0.009" />
  <testcase classname="ptolemy.util.test.junit.AutoTests" name="[88] /home/travis/build/icyphy/ptII/ptolemy/domains/de/test/auto/relationGroup2.xml (RunModel)" time="0.006" />
  <testcase classname="ptolemy.util.test.junit.AutoTests" name="[89] /home/travis/build/icyphy/ptII/ptolemy/domains/de/test/auto/sortWithOpaquePorts.xml (RunModel)" time="0.008" />
  <testcase classname="ptolemy.util.test.junit.AutoTests" name="[90] /home/travis/build/icyphy/ptII/ptolemy/domains/de/test/auto/transferInputsandOutputs.xml (RunModel)" time="0.015" />
  <testcase classname="ptolemy.util.test.junit.AutoTests" name="[91] /home/travis/build/icyphy/ptII/ptolemy/domains/de/test/auto/triggerType.xml (RunModel)" time="0.008" />
  <system-out><![CDATA[/home/travis/build/icyphy/ptII/ptolemy/domains/de/test/DependencyLoop.tcl
testDefs.tcl: setting time out to 9000 seconds at Wed Jun 06 21:25:16 UTC 2018
14 ms. Memory: 116224K Free: 94913K (82%)
7 ms. Memory: 146944K Free: 137799K (94%)
/home/travis/build/icyphy/ptII/ptolemy/domains/de/test/RunDETestsAsQSS.tcl
Run the DE tests using ptolemy.domains.qss.test.QSSDirectorTest, which extends QSSDirector and prints a message in the constructors.
------------------ testing $PTII/ptolemy/domains/de/test/auto/knownFailedTests/dependencyLoop.xml (Known Failure) 
8 ms. Memory: 146944K Free: 133523K (91%)


==== $PTIIhome/travis/build/icyphy/ptII/ptolemy/domains/de/test/../../../../: Auto Automatic test in file $PTII/ptolemy/domains/de/test/auto/knownFailedTests/dependencyLoop.xml
==== Contents of test case:

	    # FIXME: we should use $relativeFilename here, but it
	    # might have backslashes under Windows, which causes no end
	    # of trouble.
	    createAndExecute $file
	    list {}
	
.... Test generated KNOWN error:
    while executing
ptolemy.kernel.util.IllegalActionException: Found a zero delay loop containing .dependencyLoop.original
  in .dependencyLoop and .dependencyLoop.original
	at ptolemy.actor.util.CausalityInterfaceForComposites._computeOutputPortDepth(CausalityInterfaceForComposites.java:759)
	at ptolemy.actor.util.CausalityInterfaceForComposites._computeInputDepth(CausalityInterfaceForComposites.java:696)
	at ptolemy.actor.util.CausalityInterfaceForComposites._computeOutputPortDepth(CausalityInterfaceForComposites.java:765)
	at ptolemy.actor.util.CausalityInterfaceForComposites._computeInputDepth(CausalityInterfaceForComposites.java:696)
	at ptolemy.actor.util.CausalityInterfaceForComposites._computeOutputPortDepth(CausalityInterfaceForComposites.java:765)
	at ptolemy.actor.util.CausalityInterfaceForComposites._computeInputDepth(CausalityInterfaceForComposites.java:696)
	at ptolemy.actor.util.CausalityInterfaceForComposites._computeActorDepth(CausalityInterfaceForComposites.java:532)
	at ptolemy.actor.util.CausalityInterfaceForComposites.checkForCycles(CausalityInterfaceForComposites.java:96)
	at ptolemy.domains.de.kernel.DEDirector.preinitialize(DEDirector.java:1337)
	at ptolemy.actor.CompositeActor.preinitialize(CompositeActor.java:1828)
	at ptolemy.actor.Manager.preinitializeAndResolveTypes(Manager.java:1040)
	at ptolemy.actor.Manager.initialize(Manager.java:710)
	at ptolemy.actor.Manager.execute(Manager.java:356)
	at ptolemy.actor.Manager.run(Manager.java:1263)
	at ptolemy.actor.Manager$PtolemyRunThread.run(Manager.java:1915)

    while executing
ptolemy.kernel.util.IllegalActionException: Found a zero delay loop containing .dependencyLoop.original
  in .dependencyLoop and .dependencyLoop.original
    while executing
"java::new ptolemy.moml.MoMLSimpleApplication $file
"
    (procedure "createAndExecute" line 2)
    invoked from within
"createAndExecute $file"
    ("uplevel" body line 5)
    invoked from within
"uplevel $contents_of_test"
------------------ testing $PTII/ptolemy/domains/de/test/auto/knownFailedTests/DESDFClockTest.xml (Known Failure) 
2079 ms. Memory: 146944K Free: 117686K (80%)


==== $PTIIhome/travis/build/icyphy/ptII/ptolemy/domains/de/test/../../../../: Auto Automatic test in file $PTII/ptolemy/domains/de/test/auto/knownFailedTests/DESDFClockTest.xml
==== Contents of test case:

	    # FIXME: we should use $relativeFilename here, but it
	    # might have backslashes under Windows, which causes no end
	    # of trouble.
	    createAndExecute $file
	    list {}
	
.... Test generated KNOWN error:
    while executing
ptolemy.kernel.util.IllegalActionException: Actor is not ready to fire.  Perhaps UpSample.prefire() returned false? Try debugging the actor by selecting "Listen to Actor".  Also, for SDF check moml for tokenConsumptionRate on input.
  in .DESDFClockTest.Play Bell.Copy1:SDF Director and .DESDFClockTest.Play Bell.UpSample
	at ptolemy.actor.sched.StaticSchedulingDirector.fire(StaticSchedulingDirector.java:227)
	at ptolemy.domains.sdf.kernel.SDFDirector.fire(SDFDirector.java:500)
	at ptolemy.actor.CompositeActor.fire(CompositeActor.java:455)
	at ptolemy.domains.de.kernel.DEDirector._fire(DEDirector.java:1948)
	at ptolemy.domains.de.kernel.DEDirector.fire(DEDirector.java:502)
	at ptolemy.actor.CompositeActor.fire(CompositeActor.java:455)
	at ptolemy.actor.Manager.iterate(Manager.java:851)
	at ptolemy.actor.Manager.execute(Manager.java:369)
	at ptolemy.actor.Manager.run(Manager.java:1263)
	at ptolemy.actor.Manager$PtolemyRunThread.run(Manager.java:1915)

    while executing
ptolemy.kernel.util.IllegalActionException: Actor is not ready to fire.  Perhaps UpSample.prefire() returned false? Try debugging the actor by selecting "Listen to Actor".  Also, for SDF check moml for tokenConsumptionRate on input.
  in .DESDFClockTest.Play Bell.Copy1:SDF Director and .DESDFClockTest.Play Bell.UpSample
    while executing
"java::new ptolemy.moml.MoMLSimpleApplication $file
"
    (procedure "createAndExecute" line 2)
    invoked from within
"createAndExecute $file"
    ("uplevel" body line 5)
    invoked from within
"uplevel $contents_of_test"
------------------ testing $PTII/ptolemy/domains/de/test/auto/knownFailedTests/FSMSource.xml (Known Failure) 
33 ms. Memory: 146944K Free: 108682K (74%)
!!!! Auto was marked as failing, but now passes
------------------ testing $PTII/ptolemy/domains/de/test/auto/knownFailedTests/dependencyLoop2.xml (Known Failure) 
10 ms. Memory: 146944K Free: 106799K (73%)


==== $PTIIhome/travis/build/icyphy/ptII/ptolemy/domains/de/test/../../../../: Auto Automatic test in file $PTII/ptolemy/domains/de/test/auto/knownFailedTests/dependencyLoop2.xml
==== Contents of test case:

	    # FIXME: we should use $relativeFilename here, but it
	    # might have backslashes under Windows, which causes no end
	    # of trouble.
	    createAndExecute $file
	    list {}
	
.... Test generated KNOWN error:
    while executing
ptolemy.kernel.util.IllegalActionException: Found a zero delay loop containing .dependencyLoop2.original
  in .dependencyLoop2 and .dependencyLoop2.original
	at ptolemy.actor.util.CausalityInterfaceForComposites._computeOutputPortDepth(CausalityInterfaceForComposites.java:759)
	at ptolemy.actor.util.CausalityInterfaceForComposites._computeInputDepth(CausalityInterfaceForComposites.java:696)
	at ptolemy.actor.util.CausalityInterfaceForComposites._computeOutputPortDepth(CausalityInterfaceForComposites.java:765)
	at ptolemy.actor.util.CausalityInterfaceForComposites._computeInputDepth(CausalityInterfaceForComposites.java:696)
	at ptolemy.actor.util.CausalityInterfaceForComposites._computeOutputPortDepth(CausalityInterfaceForComposites.java:765)
	at ptolemy.actor.util.CausalityInterfaceForComposites._computeInputDepth(CausalityInterfaceForComposites.java:696)
	at ptolemy.actor.util.CausalityInterfaceForComposites._computeActorDepth(CausalityInterfaceForComposites.java:532)
	at ptolemy.actor.util.CausalityInterfaceForComposites.checkForCycles(CausalityInterfaceForComposites.java:96)
	at ptolemy.domains.de.kernel.DEDirector.preinitialize(DEDirector.java:1337)
	at ptolemy.actor.CompositeActor.preinitialize(CompositeActor.java:1828)
	at ptolemy.actor.Manager.preinitializeAndResolveTypes(Manager.java:1040)
	at ptolemy.actor.Manager.initialize(Manager.java:710)
	at ptolemy.actor.Manager.execute(Manager.java:356)
	at ptolemy.actor.Manager.run(Manager.java:1263)
	at ptolemy.actor.Manager$PtolemyRunThread.run(Manager.java:1915)

    while executing
ptolemy.kernel.util.IllegalActionException: Found a zero delay loop containing .dependencyLoop2.original
  in .dependencyLoop2 and .dependencyLoop2.original
    while executing
"java::new ptolemy.moml.MoMLSimpleApplication $file
"
    (procedure "createAndExecute" line 2)
    invoked from within
"createAndExecute $file"
    ("uplevel" body line 5)
    invoked from within
"uplevel $contents_of_test"
------------------ testing $PTII/ptolemy/domains/de/test/auto/knownFailedTests/HierarchicalModel.xml (Known Failure) 
9 ms. Memory: 146944K Free: 86213K (59%)


==== $PTIIhome/travis/build/icyphy/ptII/ptolemy/domains/de/test/../../../../: Auto Automatic test in file $PTII/ptolemy/domains/de/test/auto/knownFailedTests/HierarchicalModel.xml
==== Contents of test case:

	    # FIXME: we should use $relativeFilename here, but it
	    # might have backslashes under Windows, which causes no end
	    # of trouble.
	    createAndExecute $file
	    list {}
	
.... Test generated KNOWN error:
    while executing
ptolemy.kernel.util.IllegalActionException: Found a zero delay loop containing .HierarchicalModel.A
  in .HierarchicalModel and .HierarchicalModel.A
	at ptolemy.actor.util.CausalityInterfaceForComposites._computeOutputPortDepth(CausalityInterfaceForComposites.java:759)
	at ptolemy.actor.util.CausalityInterfaceForComposites._computeInputDepth(CausalityInterfaceForComposites.java:696)
	at ptolemy.actor.util.CausalityInterfaceForComposites._computeOutputPortDepth(CausalityInterfaceForComposites.java:765)
	at ptolemy.actor.util.CausalityInterfaceForComposites._computeInputDepth(CausalityInterfaceForComposites.java:696)
	at ptolemy.actor.util.CausalityInterfaceForComposites._computeOutputPortDepth(CausalityInterfaceForComposites.java:765)
	at ptolemy.actor.util.CausalityInterfaceForComposites._computeInputDepth(CausalityInterfaceForComposites.java:696)
	at ptolemy.actor.util.CausalityInterfaceForComposites._computeActorDepth(CausalityInterfaceForComposites.java:532)
	at ptolemy.actor.util.CausalityInterfaceForComposites.checkForCycles(CausalityInterfaceForComposites.java:96)
	at ptolemy.domains.de.kernel.DEDirector.preinitialize(DEDirector.java:1337)
	at ptolemy.actor.CompositeActor.preinitialize(CompositeActor.java:1828)
	at ptolemy.actor.Manager.preinitializeAndResolveTypes(Manager.java:1040)
	at ptolemy.actor.Manager.initialize(Manager.java:710)
	at ptolemy.actor.Manager.execute(Manager.java:356)
	at ptolemy.actor.Manager.run(Manager.java:1263)
	at ptolemy.actor.Manager$PtolemyRunThread.run(Manager.java:1915)

    while executing
ptolemy.kernel.util.IllegalActionException: Found a zero delay loop containing .HierarchicalModel.A
  in .HierarchicalModel and .HierarchicalModel.A
    while executing
"java::new ptolemy.moml.MoMLSimpleApplication $file
"
    (procedure "createAndExecute" line 2)
    invoked from within
"createAndExecute $file"
    ("uplevel" body line 5)
    invoked from within
"uplevel $contents_of_test"
------------------ testing $PTII/ptolemy/domains/de/test/auto/knownFailedTests/DirectFeedback.xml (Known Failure) 
15 ms. Memory: 146944K Free: 142599K (97%)


==== $PTIIhome/travis/build/icyphy/ptII/ptolemy/domains/de/test/../../../../: Auto Automatic test in file $PTII/ptolemy/domains/de/test/auto/knownFailedTests/DirectFeedback.xml
==== Contents of test case:

	    # FIXME: we should use $relativeFilename here, but it
	    # might have backslashes under Windows, which causes no end
	    # of trouble.
	    createAndExecute $file
	    list {}
	
.... Test generated KNOWN error:
    while executing
ptolemy.kernel.util.IllegalActionException: Test fails in iteration 1.
Value was: 1.0. Should have been: 2.0
  in .DirectFeedback.Test
	at ptolemy.actor.lib.Test.fire(Test.java:268)
	at ptolemy.domains.de.kernel.DEDirector._fire(DEDirector.java:1948)
	at ptolemy.domains.de.kernel.DEDirector.fire(DEDirector.java:502)
	at ptolemy.actor.CompositeActor.fire(CompositeActor.java:455)
	at ptolemy.actor.Manager.iterate(Manager.java:851)
	at ptolemy.actor.Manager.execute(Manager.java:369)
	at ptolemy.actor.Manager.run(Manager.java:1263)
	at ptolemy.actor.Manager$PtolemyRunThread.run(Manager.java:1915)

    while executing
ptolemy.kernel.util.IllegalActionException: Test fails in iteration 1.
Value was: 1.0. Should have been: 2.0
  in .DirectFeedback.Test
    while executing
"java::new ptolemy.moml.MoMLSimpleApplication $file
"
    (procedure "createAndExecute" line 2)
    invoked from within
"createAndExecute $file"
    ("uplevel" body line 5)
    invoked from within
"uplevel $contents_of_test"
------------------ testing $PTII/ptolemy/domains/de/test/auto/ActorDepthCalculation_actorWithoutPorts.xml
auto.tcl: Setting watchdog for 200 seconds at Wed Jun 06 21:25:19 UTC 2018
12 ms. Memory: 146944K Free: 133612K (91%)
ptolemy.util.test.WatchDog.cancel(): canceling Wed Jun 06 21:25:19 UTC 2018
auto.tcl: Setting watchdog for 200 seconds at Wed Jun 06 21:25:19 UTC 2018
4 ms. Memory: 146944K Free: 132570K (90%)
ptolemy.util.test.WatchDog.cancel(): canceling Wed Jun 06 21:25:19 UTC 2018
------------------ testing $PTII/ptolemy/domains/de/test/auto/AssemblyLine.xml
auto.tcl: Setting watchdog for 200 seconds at Wed Jun 06 21:25:20 UTC 2018
11 ms. Memory: 208384K Free: 186347K (89%)
ptolemy.util.test.WatchDog.cancel(): canceling Wed Jun 06 21:25:20 UTC 2018
auto.tcl: Setting watchdog for 200 seconds at Wed Jun 06 21:25:20 UTC 2018
8 ms. Memory: 208384K Free: 186347K (89%)
ptolemy.util.test.WatchDog.cancel(): canceling Wed Jun 06 21:25:20 UTC 2018
------------------ testing $PTII/ptolemy/domains/de/test/auto/CQBug1.xml
auto.tcl: Setting watchdog for 200 seconds at Wed Jun 06 21:25:20 UTC 2018
3 ms. Memory: 208384K Free: 197727K (95%)
ptolemy.util.test.WatchDog.cancel(): canceling Wed Jun 06 21:25:20 UTC 2018
auto.tcl: Setting watchdog for 200 seconds at Wed Jun 06 21:25:20 UTC 2018
2 ms. Memory: 208384K Free: 197727K (95%)
ptolemy.util.test.WatchDog.cancel(): canceling Wed Jun 06 21:25:20 UTC 2018
------------------ testing $PTII/ptolemy/domains/de/test/auto/CancelFireAt.xml
auto.tcl: Setting watchdog for 200 seconds at Wed Jun 06 21:25:20 UTC 2018
8 ms. Memory: 208384K Free: 201441K (97%)
ptolemy.util.test.WatchDog.cancel(): canceling Wed Jun 06 21:25:20 UTC 2018
auto.tcl: Setting watchdog for 200 seconds at Wed Jun 06 21:25:20 UTC 2018
2 ms. Memory: 208384K Free: 199008K (96%)
ptolemy.util.test.WatchDog.cancel(): canceling Wed Jun 06 21:25:20 UTC 2018
------------------ testing $PTII/ptolemy/domains/de/test/auto/CausalityAndComposabilityAnalysis.xml
auto.tcl: Setting watchdog for 200 seconds at Wed Jun 06 21:25:20 UTC 2018
11 ms. Memory: 208384K Free: 196514K (94%)
ptolemy.util.test.WatchDog.cancel(): canceling Wed Jun 06 21:25:20 UTC 2018
auto.tcl: Setting watchdog for 200 seconds at Wed Jun 06 21:25:20 UTC 2018
5 ms. Memory: 208384K Free: 196514K (94%)
ptolemy.util.test.WatchDog.cancel(): canceling Wed Jun 06 21:25:20 UTC 2018
------------------ testing $PTII/ptolemy/domains/de/test/auto/CausalityInterface1.xml
auto.tcl: Setting watchdog for 200 seconds at Wed Jun 06 21:25:20 UTC 2018
18 ms. Memory: 208384K Free: 196450K (94%)
ptolemy.util.test.WatchDog.cancel(): canceling Wed Jun 06 21:25:20 UTC 2018
auto.tcl: Setting watchdog for 200 seconds at Wed Jun 06 21:25:20 UTC 2018
4 ms. Memory: 208384K Free: 196450K (94%)
ptolemy.util.test.WatchDog.cancel(): canceling Wed Jun 06 21:25:20 UTC 2018
------------------ testing $PTII/ptolemy/domains/de/test/auto/CausalityInterface15.xml
auto.tcl: Setting watchdog for 200 seconds at Wed Jun 06 21:25:20 UTC 2018
4 ms. Memory: 208384K Free: 196441K (94%)
ptolemy.util.test.WatchDog.cancel(): canceling Wed Jun 06 21:25:20 UTC 2018
auto.tcl: Setting watchdog for 200 seconds at Wed Jun 06 21:25:20 UTC 2018
8 ms. Memory: 208384K Free: 196441K (94%)
ptolemy.util.test.WatchDog.cancel(): canceling Wed Jun 06 21:25:21 UTC 2018
------------------ testing $PTII/ptolemy/domains/de/test/auto/CausalityInterface2.xml
auto.tcl: Setting watchdog for 200 seconds at Wed Jun 06 21:25:21 UTC 2018
3 ms. Memory: 208384K Free: 196425K (94%)
ptolemy.util.test.WatchDog.cancel(): canceling Wed Jun 06 21:25:21 UTC 2018
auto.tcl: Setting watchdog for 200 seconds at Wed Jun 06 21:25:21 UTC 2018
3 ms. Memory: 208384K Free: 196425K (94%)
ptolemy.util.test.WatchDog.cancel(): canceling Wed Jun 06 21:25:21 UTC 2018
------------------ testing $PTII/ptolemy/domains/de/test/auto/CausalityInterface3.xml
auto.tcl: Setting watchdog for 200 seconds at Wed Jun 06 21:25:21 UTC 2018
6 ms. Memory: 208384K Free: 196437K (94%)
ptolemy.util.test.WatchDog.cancel(): canceling Wed Jun 06 21:25:21 UTC 2018
auto.tcl: Setting watchdog for 200 seconds at Wed Jun 06 21:25:21 UTC 2018
6 ms. Memory: 208384K Free: 196437K (94%)
ptolemy.util.test.WatchDog.cancel(): canceling Wed Jun 06 21:25:21 UTC 2018
------------------ testing $PTII/ptolemy/domains/de/test/auto/ClockDrift.xml
auto.tcl: Setting watchdog for 200 seconds at Wed Jun 06 21:25:21 UTC 2018
97 ms. Memory: 208384K Free: 187689K (90%)
ptolemy.util.test.WatchDog.cancel(): canceling Wed Jun 06 21:25:21 UTC 2018
auto.tcl: Setting watchdog for 200 seconds at Wed Jun 06 21:25:21 UTC 2018
49 ms. Memory: 208384K Free: 185595K (89%)
ptolemy.util.test.WatchDog.cancel(): canceling Wed Jun 06 21:25:21 UTC 2018
------------------ testing $PTII/ptolemy/domains/de/test/auto/ClockDriftAndValueChange.xml
auto.tcl: Setting watchdog for 200 seconds at Wed Jun 06 21:25:21 UTC 2018
48 ms. Memory: 208384K Free: 187525K (90%)
ptolemy.util.test.WatchDog.cancel(): canceling Wed Jun 06 21:25:21 UTC 2018
auto.tcl: Setting watchdog for 200 seconds at Wed Jun 06 21:25:21 UTC 2018
35 ms. Memory: 208384K Free: 185431K (89%)
ptolemy.util.test.WatchDog.cancel(): canceling Wed Jun 06 21:25:21 UTC 2018
------------------ testing $PTII/ptolemy/domains/de/test/auto/ClockDriftChange.xml
auto.tcl: Setting watchdog for 200 seconds at Wed Jun 06 21:25:21 UTC 2018
26 ms. Memory: 208384K Free: 190846K (92%)
ptolemy.util.test.WatchDog.cancel(): canceling Wed Jun 06 21:25:21 UTC 2018
auto.tcl: Setting watchdog for 200 seconds at Wed Jun 06 21:25:21 UTC 2018
22 ms. Memory: 208384K Free: 188752K (91%)
ptolemy.util.test.WatchDog.cancel(): canceling Wed Jun 06 21:25:21 UTC 2018
------------------ testing $PTII/ptolemy/domains/de/test/auto/ComposableCausalityAnalysis.xml
auto.tcl: Setting watchdog for 200 seconds at Wed Jun 06 21:25:21 UTC 2018
2 ms. Memory: 208384K Free: 196299K (94%)
ptolemy.util.test.WatchDog.cancel(): canceling Wed Jun 06 21:25:21 UTC 2018
auto.tcl: Setting watchdog for 200 seconds at Wed Jun 06 21:25:21 UTC 2018
2 ms. Memory: 208384K Free: 194205K (93%)
ptolemy.util.test.WatchDog.cancel(): canceling Wed Jun 06 21:25:21 UTC 2018
------------------ testing $PTII/ptolemy/domains/de/test/auto/DEFixedPointLimitation.xml
auto.tcl: Setting watchdog for 200 seconds at Wed Jun 06 21:25:21 UTC 2018
1 ms. Memory: 208384K Free: 196379K (94%)
ptolemy.util.test.WatchDog.cancel(): canceling Wed Jun 06 21:25:21 UTC 2018
auto.tcl: Setting watchdog for 200 seconds at Wed Jun 06 21:25:21 UTC 2018
1 ms. Memory: 208384K Free: 196379K (94%)
ptolemy.util.test.WatchDog.cancel(): canceling Wed Jun 06 21:25:21 UTC 2018
------------------ testing $PTII/ptolemy/domains/de/test/auto/DEScheduleTest.xml
auto.tcl: Setting watchdog for 200 seconds at Wed Jun 06 21:25:22 UTC 2018
4 ms. Memory: 208384K Free: 198508K (95%)
ptolemy.util.test.WatchDog.cancel(): canceling Wed Jun 06 21:25:22 UTC 2018
auto.tcl: Setting watchdog for 200 seconds at Wed Jun 06 21:25:22 UTC 2018
6 ms. Memory: 208384K Free: 196415K (94%)
ptolemy.util.test.WatchDog.cancel(): canceling Wed Jun 06 21:25:22 UTC 2018
------------------ testing $PTII/ptolemy/domains/de/test/auto/DEinDEwithStartTimes.xml
auto.tcl: Setting watchdog for 200 seconds at Wed Jun 06 21:25:22 UTC 2018
3 ms. Memory: 208384K Free: 196384K (94%)
ptolemy.util.test.WatchDog.cancel(): canceling Wed Jun 06 21:25:22 UTC 2018
auto.tcl: Setting watchdog for 200 seconds at Wed Jun 06 21:25:22 UTC 2018
3 ms. Memory: 208384K Free: 194291K (93%)
ptolemy.util.test.WatchDog.cancel(): canceling Wed Jun 06 21:25:22 UTC 2018
------------------ testing $PTII/ptolemy/domains/de/test/auto/DEinDEwithStartTimes2.xml
auto.tcl: Setting watchdog for 200 seconds at Wed Jun 06 21:25:22 UTC 2018
4 ms. Memory: 208384K Free: 196701K (94%)
ptolemy.util.test.WatchDog.cancel(): canceling Wed Jun 06 21:25:22 UTC 2018
auto.tcl: Setting watchdog for 200 seconds at Wed Jun 06 21:25:22 UTC 2018
3 ms. Memory: 208384K Free: 194608K (93%)
ptolemy.util.test.WatchDog.cancel(): canceling Wed Jun 06 21:25:22 UTC 2018
------------------ testing $PTII/ptolemy/domains/de/test/auto/DateDemo.xml
auto.tcl: Setting watchdog for 200 seconds at Wed Jun 06 21:25:22 UTC 2018
11 ms. Memory: 208384K Free: 188831K (91%)
ptolemy.util.test.WatchDog.cancel(): canceling Wed Jun 06 21:25:22 UTC 2018
auto.tcl: Setting watchdog for 200 seconds at Wed Jun 06 21:25:22 UTC 2018
6 ms. Memory: 208384K Free: 186737K (90%)
ptolemy.util.test.WatchDog.cancel(): canceling Wed Jun 06 21:25:22 UTC 2018
------------------ testing $PTII/ptolemy/domains/de/test/auto/DateToEvent.xml
auto.tcl: Setting watchdog for 200 seconds at Wed Jun 06 21:25:22 UTC 2018
2010 ms. Memory: 208384K Free: 183572K (88%)
ptolemy.util.test.WatchDog.cancel(): canceling Wed Jun 06 21:25:24 UTC 2018
auto.tcl: Setting watchdog for 200 seconds at Wed Jun 06 21:25:24 UTC 2018
2005 ms. Memory: 208384K Free: 183572K (88%)
ptolemy.util.test.WatchDog.cancel(): canceling Wed Jun 06 21:25:26 UTC 2018
------------------ testing $PTII/ptolemy/domains/de/test/auto/DepthTest1.xml
auto.tcl: Setting watchdog for 200 seconds at Wed Jun 06 21:25:26 UTC 2018
4 ms. Memory: 208384K Free: 198375K (95%)
ptolemy.util.test.WatchDog.cancel(): canceling Wed Jun 06 21:25:26 UTC 2018
auto.tcl: Setting watchdog for 200 seconds at Wed Jun 06 21:25:26 UTC 2018
2 ms. Memory: 208384K Free: 198037K (95%)
ptolemy.util.test.WatchDog.cancel(): canceling Wed Jun 06 21:25:26 UTC 2018
------------------ testing $PTII/ptolemy/domains/de/test/auto/DepthTest2.xml
auto.tcl: Setting watchdog for 200 seconds at Wed Jun 06 21:25:26 UTC 2018
6 ms. Memory: 208384K Free: 194252K (93%)
ptolemy.util.test.WatchDog.cancel(): canceling Wed Jun 06 21:25:26 UTC 2018
auto.tcl: Setting watchdog for 200 seconds at Wed Jun 06 21:25:26 UTC 2018
5 ms. Memory: 208384K Free: 194252K (93%)
ptolemy.util.test.WatchDog.cancel(): canceling Wed Jun 06 21:25:26 UTC 2018
------------------ testing $PTII/ptolemy/domains/de/test/auto/DepthTest3.xml
auto.tcl: Setting watchdog for 200 seconds at Wed Jun 06 21:25:26 UTC 2018
6 ms. Memory: 208384K Free: 198710K (95%)
ptolemy.util.test.WatchDog.cancel(): canceling Wed Jun 06 21:25:26 UTC 2018
auto.tcl: Setting watchdog for 200 seconds at Wed Jun 06 21:25:26 UTC 2018
2 ms. Memory: 208384K Free: 198710K (95%)
ptolemy.util.test.WatchDog.cancel(): canceling Wed Jun 06 21:25:26 UTC 2018
------------------ testing $PTII/ptolemy/domains/de/test/auto/DepthTest4.xml
auto.tcl: Setting watchdog for 200 seconds at Wed Jun 06 21:25:26 UTC 2018
12 ms. Memory: 208384K Free: 196349K (94%)
ptolemy.util.test.WatchDog.cancel(): canceling Wed Jun 06 21:25:26 UTC 2018
auto.tcl: Setting watchdog for 200 seconds at Wed Jun 06 21:25:26 UTC 2018
3 ms. Memory: 208384K Free: 196349K (94%)
ptolemy.util.test.WatchDog.cancel(): canceling Wed Jun 06 21:25:26 UTC 2018
------------------ testing $PTII/ptolemy/domains/de/test/auto/DepthTest5.xml
auto.tcl: Setting watchdog for 200 seconds at Wed Jun 06 21:25:26 UTC 2018
5 ms. Memory: 208384K Free: 196312K (94%)
ptolemy.util.test.WatchDog.cancel(): canceling Wed Jun 06 21:25:26 UTC 2018
auto.tcl: Setting watchdog for 200 seconds at Wed Jun 06 21:25:26 UTC 2018
2 ms. Memory: 208384K Free: 196312K (94%)
ptolemy.util.test.WatchDog.cancel(): canceling Wed Jun 06 21:25:26 UTC 2018
------------------ testing $PTII/ptolemy/domains/de/test/auto/DepthTest6.xml
auto.tcl: Setting watchdog for 200 seconds at Wed Jun 06 21:25:26 UTC 2018
8 ms. Memory: 208384K Free: 196265K (94%)
ptolemy.util.test.WatchDog.cancel(): canceling Wed Jun 06 21:25:26 UTC 2018
auto.tcl: Setting watchdog for 200 seconds at Wed Jun 06 21:25:26 UTC 2018
2 ms. Memory: 208384K Free: 196265K (94%)
ptolemy.util.test.WatchDog.cancel(): canceling Wed Jun 06 21:25:26 UTC 2018
------------------ testing $PTII/ptolemy/domains/de/test/auto/DepthTest7.xml
auto.tcl: Setting watchdog for 200 seconds at Wed Jun 06 21:25:26 UTC 2018
2 ms. Memory: 208384K Free: 196238K (94%)
ptolemy.util.test.WatchDog.cancel(): canceling Wed Jun 06 21:25:26 UTC 2018
auto.tcl: Setting watchdog for 200 seconds at Wed Jun 06 21:25:26 UTC 2018
2 ms. Memory: 208384K Free: 196238K (94%)
ptolemy.util.test.WatchDog.cancel(): canceling Wed Jun 06 21:25:26 UTC 2018
------------------ testing $PTII/ptolemy/domains/de/test/auto/EventToDate.xml
auto.tcl: Setting watchdog for 200 seconds at Wed Jun 06 21:25:27 UTC 2018
3010 ms. Memory: 208384K Free: 185784K (89%)
ptolemy.util.test.WatchDog.cancel(): canceling Wed Jun 06 21:25:30 UTC 2018
auto.tcl: Setting watchdog for 200 seconds at Wed Jun 06 21:25:30 UTC 2018
3003 ms. Memory: 208384K Free: 185784K (89%)
ptolemy.util.test.WatchDog.cancel(): canceling Wed Jun 06 21:25:33 UTC 2018
------------------ testing $PTII/ptolemy/domains/de/test/auto/FSM1.xml
auto.tcl: Setting watchdog for 200 seconds at Wed Jun 06 21:25:33 UTC 2018
17 ms. Memory: 208384K Free: 187170K (90%)
ptolemy.util.test.WatchDog.cancel(): canceling Wed Jun 06 21:25:33 UTC 2018
auto.tcl: Setting watchdog for 200 seconds at Wed Jun 06 21:25:33 UTC 2018
15 ms. Memory: 208384K Free: 185060K (89%)
ptolemy.util.test.WatchDog.cancel(): canceling Wed Jun 06 21:25:33 UTC 2018
------------------ testing $PTII/ptolemy/domains/de/test/auto/FSM7.xml
auto.tcl: Setting watchdog for 200 seconds at Wed Jun 06 21:25:33 UTC 2018
26 ms. Memory: 208384K Free: 187405K (90%)
ptolemy.util.test.WatchDog.cancel(): canceling Wed Jun 06 21:25:33 UTC 2018
auto.tcl: Setting watchdog for 200 seconds at Wed Jun 06 21:25:33 UTC 2018
20 ms. Memory: 208384K Free: 185311K (89%)
ptolemy.util.test.WatchDog.cancel(): canceling Wed Jun 06 21:25:33 UTC 2018
------------------ testing $PTII/ptolemy/domains/de/test/auto/Inspection.xml
auto.tcl: Setting watchdog for 200 seconds at Wed Jun 06 21:25:33 UTC 2018
37 ms. Memory: 208384K Free: 188971K (91%)
ptolemy.util.test.WatchDog.cancel(): canceling Wed Jun 06 21:25:33 UTC 2018
auto.tcl: Setting watchdog for 200 seconds at Wed Jun 06 21:25:33 UTC 2018
28 ms. Memory: 208384K Free: 186861K (90%)
ptolemy.util.test.WatchDog.cancel(): canceling Wed Jun 06 21:25:33 UTC 2018
------------------ testing $PTII/ptolemy/domains/de/test/auto/Iteration.xml
auto.tcl: Setting watchdog for 200 seconds at Wed Jun 06 21:25:33 UTC 2018
9 ms. Memory: 208384K Free: 193966K (93%)
ptolemy.util.test.WatchDog.cancel(): canceling Wed Jun 06 21:25:33 UTC 2018
auto.tcl: Setting watchdog for 200 seconds at Wed Jun 06 21:25:33 UTC 2018
8 ms. Memory: 208384K Free: 193966K (93%)
ptolemy.util.test.WatchDog.cancel(): canceling Wed Jun 06 21:25:33 UTC 2018
------------------ testing $PTII/ptolemy/domains/de/test/auto/LineFault.xml
auto.tcl: Setting watchdog for 200 seconds at Wed Jun 06 21:25:33 UTC 2018
717 ms. Memory: 208384K Free: 194178K (93%)
ptolemy.util.test.WatchDog.cancel(): canceling Wed Jun 06 21:25:34 UTC 2018
auto.tcl: Setting watchdog for 200 seconds at Wed Jun 06 21:25:34 UTC 2018
559 ms. Memory: 208384K Free: 136941K (66%)
ptolemy.util.test.WatchDog.cancel(): canceling Wed Jun 06 21:25:35 UTC 2018
------------------ testing $PTII/ptolemy/domains/de/test/auto/MergeModel1Add.xml
auto.tcl: Setting watchdog for 200 seconds at Wed Jun 06 21:25:35 UTC 2018
27 ms. Memory: 331264K Free: 302961K (91%)
ptolemy.util.test.WatchDog.cancel(): canceling Wed Jun 06 21:25:35 UTC 2018
auto.tcl: Setting watchdog for 200 seconds at Wed Jun 06 21:25:35 UTC 2018
10 ms. Memory: 331264K Free: 299037K (90%)
ptolemy.util.test.WatchDog.cancel(): canceling Wed Jun 06 21:25:35 UTC 2018
------------------ testing $PTII/ptolemy/domains/de/test/auto/MergeModel2Add.xml
auto.tcl: Setting watchdog for 200 seconds at Wed Jun 06 21:25:35 UTC 2018
11 ms. Memory: 331264K Free: 304339K (92%)
ptolemy.util.test.WatchDog.cancel(): canceling Wed Jun 06 21:25:35 UTC 2018
auto.tcl: Setting watchdog for 200 seconds at Wed Jun 06 21:25:35 UTC 2018
8 ms. Memory: 331264K Free: 300431K (91%)
ptolemy.util.test.WatchDog.cancel(): canceling Wed Jun 06 21:25:35 UTC 2018
------------------ testing $PTII/ptolemy/domains/de/test/auto/MergeModel3Add.xml
auto.tcl: Setting watchdog for 200 seconds at Wed Jun 06 21:25:35 UTC 2018
11 ms. Memory: 331264K Free: 304341K (92%)
ptolemy.util.test.WatchDog.cancel(): canceling Wed Jun 06 21:25:35 UTC 2018
auto.tcl: Setting watchdog for 200 seconds at Wed Jun 06 21:25:35 UTC 2018
8 ms. Memory: 331264K Free: 300433K (91%)
ptolemy.util.test.WatchDog.cancel(): canceling Wed Jun 06 21:25:35 UTC 2018
------------------ testing $PTII/ptolemy/domains/de/test/auto/MergeWithoutDiscard.xml
auto.tcl: Setting watchdog for 200 seconds at Wed Jun 06 21:25:35 UTC 2018
2 ms. Memory: 331264K Free: 316371K (96%)
ptolemy.util.test.WatchDog.cancel(): canceling Wed Jun 06 21:25:35 UTC 2018
auto.tcl: Setting watchdog for 200 seconds at Wed Jun 06 21:25:35 UTC 2018
2 ms. Memory: 331264K Free: 316085K (95%)
ptolemy.util.test.WatchDog.cancel(): canceling Wed Jun 06 21:25:35 UTC 2018
------------------ testing $PTII/ptolemy/domains/de/test/auto/Modal1.xml
auto.tcl: Setting watchdog for 200 seconds at Wed Jun 06 21:25:35 UTC 2018
12 ms. Memory: 331264K Free: 310002K (94%)
ptolemy.util.test.WatchDog.cancel(): canceling Wed Jun 06 21:25:35 UTC 2018
auto.tcl: Setting watchdog for 200 seconds at Wed Jun 06 21:25:35 UTC 2018
11 ms. Memory: 331264K Free: 306094K (92%)
ptolemy.util.test.WatchDog.cancel(): canceling Wed Jun 06 21:25:35 UTC 2018
------------------ testing $PTII/ptolemy/domains/de/test/auto/Modal2.xml
auto.tcl: Setting watchdog for 200 seconds at Wed Jun 06 21:25:35 UTC 2018
12 ms. Memory: 331264K Free: 309884K (94%)
ptolemy.util.test.WatchDog.cancel(): canceling Wed Jun 06 21:25:35 UTC 2018
auto.tcl: Setting watchdog for 200 seconds at Wed Jun 06 21:25:35 UTC 2018
11 ms. Memory: 331264K Free: 305976K (92%)
ptolemy.util.test.WatchDog.cancel(): canceling Wed Jun 06 21:25:35 UTC 2018
------------------ testing $PTII/ptolemy/domains/de/test/auto/Modal3.xml
auto.tcl: Setting watchdog for 200 seconds at Wed Jun 06 21:25:35 UTC 2018
19 ms. Memory: 331264K Free: 309883K (94%)
ptolemy.util.test.WatchDog.cancel(): canceling Wed Jun 06 21:25:35 UTC 2018
auto.tcl: Setting watchdog for 200 seconds at Wed Jun 06 21:25:35 UTC 2018
10 ms. Memory: 331264K Free: 305967K (92%)
ptolemy.util.test.WatchDog.cancel(): canceling Wed Jun 06 21:25:35 UTC 2018
------------------ testing $PTII/ptolemy/domains/de/test/auto/Modal4.xml
auto.tcl: Setting watchdog for 200 seconds at Wed Jun 06 21:25:36 UTC 2018
16 ms. Memory: 331264K Free: 309887K (94%)
ptolemy.util.test.WatchDog.cancel(): canceling Wed Jun 06 21:25:36 UTC 2018
auto.tcl: Setting watchdog for 200 seconds at Wed Jun 06 21:25:36 UTC 2018
12 ms. Memory: 331264K Free: 305979K (92%)
ptolemy.util.test.WatchDog.cancel(): canceling Wed Jun 06 21:25:36 UTC 2018
------------------ testing $PTII/ptolemy/domains/de/test/auto/Modal5.xml
auto.tcl: Setting watchdog for 200 seconds at Wed Jun 06 21:25:36 UTC 2018
12 ms. Memory: 331264K Free: 309874K (94%)
ptolemy.util.test.WatchDog.cancel(): canceling Wed Jun 06 21:25:36 UTC 2018
auto.tcl: Setting watchdog for 200 seconds at Wed Jun 06 21:25:36 UTC 2018
11 ms. Memory: 331264K Free: 305951K (92%)
ptolemy.util.test.WatchDog.cancel(): canceling Wed Jun 06 21:25:36 UTC 2018
------------------ testing $PTII/ptolemy/domains/de/test/auto/Modal6.xml
auto.tcl: Setting watchdog for 200 seconds at Wed Jun 06 21:25:36 UTC 2018
14 ms. Memory: 331264K Free: 309856K (94%)
ptolemy.util.test.WatchDog.cancel(): canceling Wed Jun 06 21:25:36 UTC 2018
auto.tcl: Setting watchdog for 200 seconds at Wed Jun 06 21:25:36 UTC 2018
16 ms. Memory: 331264K Free: 305932K (92%)
ptolemy.util.test.WatchDog.cancel(): canceling Wed Jun 06 21:25:36 UTC 2018
------------------ testing $PTII/ptolemy/domains/de/test/auto/Modal7.xml
auto.tcl: Setting watchdog for 200 seconds at Wed Jun 06 21:25:36 UTC 2018
16 ms. Memory: 331264K Free: 309864K (94%)
ptolemy.util.test.WatchDog.cancel(): canceling Wed Jun 06 21:25:36 UTC 2018
auto.tcl: Setting watchdog for 200 seconds at Wed Jun 06 21:25:36 UTC 2018
11 ms. Memory: 331264K Free: 305956K (92%)
ptolemy.util.test.WatchDog.cancel(): canceling Wed Jun 06 21:25:36 UTC 2018
------------------ testing $PTII/ptolemy/domains/de/test/auto/ModalModel.xml
auto.tcl: Setting watchdog for 200 seconds at Wed Jun 06 21:25:36 UTC 2018
192 ms. Memory: 331264K Free: 246193K (74%)
ptolemy.util.test.WatchDog.cancel(): canceling Wed Jun 06 21:25:36 UTC 2018
auto.tcl: Setting watchdog for 200 seconds at Wed Jun 06 21:25:36 UTC 2018
168 ms. Memory: 331264K Free: 191381K (58%)
ptolemy.util.test.WatchDog.cancel(): canceling Wed Jun 06 21:25:36 UTC 2018
------------------ testing $PTII/ptolemy/domains/de/test/auto/ModalSource.xml
auto.tcl: Setting watchdog for 200 seconds at Wed Jun 06 21:25:36 UTC 2018
6 ms. Memory: 331264K Free: 316601K (96%)
ptolemy.util.test.WatchDog.cancel(): canceling Wed Jun 06 21:25:36 UTC 2018
auto.tcl: Setting watchdog for 200 seconds at Wed Jun 06 21:25:36 UTC 2018
7 ms. Memory: 331264K Free: 313101K (95%)
ptolemy.util.test.WatchDog.cancel(): canceling Wed Jun 06 21:25:36 UTC 2018
------------------ testing $PTII/ptolemy/domains/de/test/auto/NonInterruptibleTimerZeroDelay.xml
auto.tcl: Setting watchdog for 200 seconds at Wed Jun 06 21:25:37 UTC 2018
4 ms. Memory: 331264K Free: 320939K (97%)
ptolemy.util.test.WatchDog.cancel(): canceling Wed Jun 06 21:25:37 UTC 2018
auto.tcl: Setting watchdog for 200 seconds at Wed Jun 06 21:25:37 UTC 2018
2 ms. Memory: 331264K Free: 317439K (96%)
ptolemy.util.test.WatchDog.cancel(): canceling Wed Jun 06 21:25:37 UTC 2018
------------------ testing $PTII/ptolemy/domains/de/test/auto/OpenQueueingNetwork.xml
auto.tcl: Setting watchdog for 200 seconds at Wed Jun 06 21:25:37 UTC 2018
3154 ms. Memory: 573952K Free: 406502K (71%)
ptolemy.util.test.WatchDog.cancel(): canceling Wed Jun 06 21:25:40 UTC 2018
auto.tcl: Setting watchdog for 200 seconds at Wed Jun 06 21:25:40 UTC 2018
2284 ms. Memory: 574464K Free: 333707K (58%)
ptolemy.util.test.WatchDog.cancel(): canceling Wed Jun 06 21:25:42 UTC 2018
------------------ testing $PTII/ptolemy/domains/de/test/auto/OpenQueuingNetwork.xml
auto.tcl: Setting watchdog for 200 seconds at Wed Jun 06 21:25:42 UTC 2018
217 ms. Memory: 1064960K Free: 956602K (90%)
ptolemy.util.test.WatchDog.cancel(): canceling Wed Jun 06 21:25:43 UTC 2018
auto.tcl: Setting watchdog for 200 seconds at Wed Jun 06 21:25:43 UTC 2018
204 ms. Memory: 1064960K Free: 900636K (85%)
ptolemy.util.test.WatchDog.cancel(): canceling Wed Jun 06 21:25:43 UTC 2018
------------------ testing $PTII/ptolemy/domains/de/test/auto/PeriodicSampler.xml
auto.tcl: Setting watchdog for 200 seconds at Wed Jun 06 21:25:43 UTC 2018
2 ms. Memory: 1065472K Free: 1029650K (97%)
ptolemy.util.test.WatchDog.cancel(): canceling Wed Jun 06 21:25:43 UTC 2018
auto.tcl: Setting watchdog for 200 seconds at Wed Jun 06 21:25:43 UTC 2018
2 ms. Memory: 1065472K Free: 1029650K (97%)
ptolemy.util.test.WatchDog.cancel(): canceling Wed Jun 06 21:25:43 UTC 2018
------------------ testing $PTII/ptolemy/domains/de/test/auto/PersistentIO.xml
auto.tcl: Setting watchdog for 200 seconds at Wed Jun 06 21:25:43 UTC 2018
4 ms. Memory: 1065472K Free: 1030234K (97%)
ptolemy.util.test.WatchDog.cancel(): canceling Wed Jun 06 21:25:43 UTC 2018
auto.tcl: Setting watchdog for 200 seconds at Wed Jun 06 21:25:43 UTC 2018
4 ms. Memory: 1065472K Free: 1030234K (97%)
ptolemy.util.test.WatchDog.cancel(): canceling Wed Jun 06 21:25:43 UTC 2018
------------------ testing $PTII/ptolemy/domains/de/test/auto/PortParameterResetOnInitialize.xml
auto.tcl: Setting watchdog for 200 seconds at Wed Jun 06 21:25:43 UTC 2018
2 ms. Memory: 1065472K Free: 1029614K (97%)
ptolemy.util.test.WatchDog.cancel(): canceling Wed Jun 06 21:25:43 UTC 2018
auto.tcl: Setting watchdog for 200 seconds at Wed Jun 06 21:25:43 UTC 2018
2 ms. Memory: 1065472K Free: 1029614K (97%)
ptolemy.util.test.WatchDog.cancel(): canceling Wed Jun 06 21:25:43 UTC 2018
------------------ testing $PTII/ptolemy/domains/de/test/auto/PortParameterUpdates.xml
auto.tcl: Setting watchdog for 200 seconds at Wed Jun 06 21:25:43 UTC 2018
7 ms. Memory: 1065472K Free: 1029746K (97%)
ptolemy.util.test.WatchDog.cancel(): canceling Wed Jun 06 21:25:43 UTC 2018
auto.tcl: Setting watchdog for 200 seconds at Wed Jun 06 21:25:43 UTC 2018
3 ms. Memory: 1065472K Free: 1029746K (97%)
ptolemy.util.test.WatchDog.cancel(): canceling Wed Jun 06 21:25:43 UTC 2018
------------------ testing $PTII/ptolemy/domains/de/test/auto/QueueAndServer.xml
auto.tcl: Setting watchdog for 200 seconds at Wed Jun 06 21:25:43 UTC 2018
13 ms. Memory: 1065472K Free: 1039530K (98%)
ptolemy.util.test.WatchDog.cancel(): canceling Wed Jun 06 21:25:43 UTC 2018
auto.tcl: Setting watchdog for 200 seconds at Wed Jun 06 21:25:43 UTC 2018
6 ms. Memory: 1065472K Free: 1039530K (98%)
ptolemy.util.test.WatchDog.cancel(): canceling Wed Jun 06 21:25:43 UTC 2018
------------------ testing $PTII/ptolemy/domains/de/test/auto/Records.xml
auto.tcl: Setting watchdog for 200 seconds at Wed Jun 06 21:25:43 UTC 2018
3 ms. Memory: 1065472K Free: 1039470K (98%)
ptolemy.util.test.WatchDog.cancel(): canceling Wed Jun 06 21:25:43 UTC 2018
auto.tcl: Setting watchdog for 200 seconds at Wed Jun 06 21:25:43 UTC 2018
2 ms. Memory: 1065472K Free: 1039470K (98%)
ptolemy.util.test.WatchDog.cancel(): canceling Wed Jun 06 21:25:43 UTC 2018
------------------ testing $PTII/ptolemy/domains/de/test/auto/ResetTransitionWithStartTime1.xml
auto.tcl: Setting watchdog for 200 seconds at Wed Jun 06 21:25:43 UTC 2018
17 ms. Memory: 1065472K Free: 1039497K (98%)
ptolemy.util.test.WatchDog.cancel(): canceling Wed Jun 06 21:25:43 UTC 2018
auto.tcl: Setting watchdog for 200 seconds at Wed Jun 06 21:25:43 UTC 2018
5 ms. Memory: 1065472K Free: 1039497K (98%)
ptolemy.util.test.WatchDog.cancel(): canceling Wed Jun 06 21:25:43 UTC 2018
------------------ testing $PTII/ptolemy/domains/de/test/auto/ResetTransitionWithStartTime2.xml
auto.tcl: Setting watchdog for 200 seconds at Wed Jun 06 21:25:43 UTC 2018
7 ms. Memory: 1064448K Free: 1038945K (98%)
ptolemy.util.test.WatchDog.cancel(): canceling Wed Jun 06 21:25:43 UTC 2018
auto.tcl: Setting watchdog for 200 seconds at Wed Jun 06 21:25:43 UTC 2018
8 ms. Memory: 1064448K Free: 1038945K (98%)
ptolemy.util.test.WatchDog.cancel(): canceling Wed Jun 06 21:25:43 UTC 2018
------------------ testing $PTII/ptolemy/domains/de/test/auto/ResetTransitionWithStartTime3.xml
auto.tcl: Setting watchdog for 200 seconds at Wed Jun 06 21:25:43 UTC 2018
7 ms. Memory: 1064960K Free: 1038836K (98%)
ptolemy.util.test.WatchDog.cancel(): canceling Wed Jun 06 21:25:44 UTC 2018
auto.tcl: Setting watchdog for 200 seconds at Wed Jun 06 21:25:44 UTC 2018
7 ms. Memory: 1064960K Free: 1038836K (98%)
ptolemy.util.test.WatchDog.cancel(): canceling Wed Jun 06 21:25:44 UTC 2018
------------------ testing $PTII/ptolemy/domains/de/test/auto/ResetTransitionWithStartTime4.xml
auto.tcl: Setting watchdog for 200 seconds at Wed Jun 06 21:25:44 UTC 2018
4 ms. Memory: 1064960K Free: 1038834K (98%)
ptolemy.util.test.WatchDog.cancel(): canceling Wed Jun 06 21:25:44 UTC 2018
auto.tcl: Setting watchdog for 200 seconds at Wed Jun 06 21:25:44 UTC 2018
3 ms. Memory: 1064960K Free: 1038834K (98%)
ptolemy.util.test.WatchDog.cancel(): canceling Wed Jun 06 21:25:44 UTC 2018
------------------ testing $PTII/ptolemy/domains/de/test/auto/ResettableTimer1.xml
auto.tcl: Setting watchdog for 200 seconds at Wed Jun 06 21:25:44 UTC 2018
6 ms. Memory: 1064960K Free: 1038829K (98%)
ptolemy.util.test.WatchDog.cancel(): canceling Wed Jun 06 21:25:44 UTC 2018
auto.tcl: Setting watchdog for 200 seconds at Wed Jun 06 21:25:44 UTC 2018
2 ms. Memory: 1064960K Free: 1038829K (98%)
ptolemy.util.test.WatchDog.cancel(): canceling Wed Jun 06 21:25:44 UTC 2018
------------------ testing $PTII/ptolemy/domains/de/test/auto/ResettableTimer2.xml
auto.tcl: Setting watchdog for 200 seconds at Wed Jun 06 21:25:44 UTC 2018
3 ms. Memory: 1064960K Free: 1039369K (98%)
ptolemy.util.test.WatchDog.cancel(): canceling Wed Jun 06 21:25:44 UTC 2018
auto.tcl: Setting watchdog for 200 seconds at Wed Jun 06 21:25:44 UTC 2018
2 ms. Memory: 1064960K Free: 1039369K (98%)
ptolemy.util.test.WatchDog.cancel(): canceling Wed Jun 06 21:25:44 UTC 2018
------------------ testing $PTII/ptolemy/domains/de/test/auto/ResettableTimer3.xml
auto.tcl: Setting watchdog for 200 seconds at Wed Jun 06 21:25:44 UTC 2018
2 ms. Memory: 1064960K Free: 1038887K (98%)
ptolemy.util.test.WatchDog.cancel(): canceling Wed Jun 06 21:25:44 UTC 2018
auto.tcl: Setting watchdog for 200 seconds at Wed Jun 06 21:25:44 UTC 2018
1 ms. Memory: 1064960K Free: 1038887K (98%)
ptolemy.util.test.WatchDog.cancel(): canceling Wed Jun 06 21:25:44 UTC 2018
------------------ testing $PTII/ptolemy/domains/de/test/auto/ResettableTimer4.xml
auto.tcl: Setting watchdog for 200 seconds at Wed Jun 06 21:25:44 UTC 2018
2 ms. Memory: 1063936K Free: 1038357K (98%)
ptolemy.util.test.WatchDog.cancel(): canceling Wed Jun 06 21:25:44 UTC 2018
auto.tcl: Setting watchdog for 200 seconds at Wed Jun 06 21:25:44 UTC 2018
1 ms. Memory: 1063936K Free: 1038357K (98%)
ptolemy.util.test.WatchDog.cancel(): canceling Wed Jun 06 21:25:44 UTC 2018
------------------ testing $PTII/ptolemy/domains/de/test/auto/ResettableTimer5.xml
auto.tcl: Setting watchdog for 200 seconds at Wed Jun 06 21:25:44 UTC 2018
1 ms. Memory: 1064448K Free: 1029048K (97%)
ptolemy.util.test.WatchDog.cancel(): canceling Wed Jun 06 21:25:44 UTC 2018
auto.tcl: Setting watchdog for 200 seconds at Wed Jun 06 21:25:44 UTC 2018
1 ms. Memory: 1064448K Free: 1029048K (97%)
ptolemy.util.test.WatchDog.cancel(): canceling Wed Jun 06 21:25:44 UTC 2018
------------------ testing $PTII/ptolemy/domains/de/test/auto/ResettableTimer6.xml
auto.tcl: Setting watchdog for 200 seconds at Wed Jun 06 21:25:44 UTC 2018
2 ms. Memory: 1064448K Free: 1028515K (97%)
ptolemy.util.test.WatchDog.cancel(): canceling Wed Jun 06 21:25:44 UTC 2018
auto.tcl: Setting watchdog for 200 seconds at Wed Jun 06 21:25:44 UTC 2018
1 ms. Memory: 1064448K Free: 1028515K (97%)
ptolemy.util.test.WatchDog.cancel(): canceling Wed Jun 06 21:25:44 UTC 2018
------------------ testing $PTII/ptolemy/domains/de/test/auto/ServerZeroDelay.xml
auto.tcl: Setting watchdog for 200 seconds at Wed Jun 06 21:25:44 UTC 2018
4 ms. Memory: 1064448K Free: 1038807K (98%)
ptolemy.util.test.WatchDog.cancel(): canceling Wed Jun 06 21:25:44 UTC 2018
auto.tcl: Setting watchdog for 200 seconds at Wed Jun 06 21:25:44 UTC 2018
2 ms. Memory: 1064448K Free: 1038807K (98%)
ptolemy.util.test.WatchDog.cancel(): canceling Wed Jun 06 21:25:44 UTC 2018
------------------ testing $PTII/ptolemy/domains/de/test/auto/SmartSender.xml
auto.tcl: Setting watchdog for 200 seconds at Wed Jun 06 21:25:44 UTC 2018
3002 ms. Memory: 1064448K Free: 1028982K (97%)
ptolemy.util.test.WatchDog.cancel(): canceling Wed Jun 06 21:25:47 UTC 2018
auto.tcl: Setting watchdog for 200 seconds at Wed Jun 06 21:25:47 UTC 2018
3003 ms. Memory: 1064448K Free: 1028982K (97%)
ptolemy.util.test.WatchDog.cancel(): canceling Wed Jun 06 21:25:50 UTC 2018
------------------ testing $PTII/ptolemy/domains/de/test/auto/ThreadedComposite.xml
auto.tcl: Setting watchdog for 200 seconds at Wed Jun 06 21:25:50 UTC 2018
186 ms. Memory: 1064448K Free: 997658K (94%)
ptolemy.util.test.WatchDog.cancel(): canceling Wed Jun 06 21:25:50 UTC 2018
auto.tcl: Setting watchdog for 200 seconds at Wed Jun 06 21:25:50 UTC 2018
136 ms. Memory: 1064448K Free: 978018K (92%)
ptolemy.util.test.WatchDog.cancel(): canceling Wed Jun 06 21:25:50 UTC 2018
------------------ testing $PTII/ptolemy/domains/de/test/auto/Time.xml
auto.tcl: Setting watchdog for 200 seconds at Wed Jun 06 21:25:51 UTC 2018
518 ms. Memory: 1064448K Free: 988944K (93%)
ptolemy.util.test.WatchDog.cancel(): canceling Wed Jun 06 21:25:51 UTC 2018
auto.tcl: Setting watchdog for 200 seconds at Wed Jun 06 21:25:51 UTC 2018
509 ms. Memory: 1064448K Free: 932948K (88%)
ptolemy.util.test.WatchDog.cancel(): canceling Wed Jun 06 21:25:52 UTC 2018
------------------ testing $PTII/ptolemy/domains/de/test/auto/TimeDelayZeroDelay.xml
auto.tcl: Setting watchdog for 200 seconds at Wed Jun 06 21:25:52 UTC 2018
2 ms. Memory: 1064448K Free: 1038242K (98%)
ptolemy.util.test.WatchDog.cancel(): canceling Wed Jun 06 21:25:52 UTC 2018
auto.tcl: Setting watchdog for 200 seconds at Wed Jun 06 21:25:52 UTC 2018
2 ms. Memory: 1064448K Free: 1038242K (98%)
ptolemy.util.test.WatchDog.cancel(): canceling Wed Jun 06 21:25:52 UTC 2018
------------------ testing $PTII/ptolemy/domains/de/test/auto/TimerZeroDelay.xml
auto.tcl: Setting watchdog for 200 seconds at Wed Jun 06 21:25:52 UTC 2018
2 ms. Memory: 1063424K Free: 1037744K (98%)
ptolemy.util.test.WatchDog.cancel(): canceling Wed Jun 06 21:25:52 UTC 2018
auto.tcl: Setting watchdog for 200 seconds at Wed Jun 06 21:25:52 UTC 2018
2 ms. Memory: 1063424K Free: 1037744K (98%)
ptolemy.util.test.WatchDog.cancel(): canceling Wed Jun 06 21:25:52 UTC 2018
------------------ testing $PTII/ptolemy/domains/de/test/auto/TimingParadox.xml
auto.tcl: Setting watchdog for 200 seconds at Wed Jun 06 21:25:52 UTC 2018
361 ms. Memory: 1063936K Free: 974668K (92%)
ptolemy.util.test.WatchDog.cancel(): canceling Wed Jun 06 21:25:52 UTC 2018
auto.tcl: Setting watchdog for 200 seconds at Wed Jun 06 21:25:52 UTC 2018
344 ms. Memory: 1063936K Free: 941071K (88%)
ptolemy.util.test.WatchDog.cancel(): canceling Wed Jun 06 21:25:53 UTC 2018
------------------ testing $PTII/ptolemy/domains/de/test/auto/TransferInputs.xml
auto.tcl: Setting watchdog for 200 seconds at Wed Jun 06 21:25:53 UTC 2018
2 ms. Memory: 1063424K Free: 1036660K (97%)
ptolemy.util.test.WatchDog.cancel(): canceling Wed Jun 06 21:25:53 UTC 2018
auto.tcl: Setting watchdog for 200 seconds at Wed Jun 06 21:25:53 UTC 2018
2 ms. Memory: 1063424K Free: 1036660K (97%)
ptolemy.util.test.WatchDog.cancel(): canceling Wed Jun 06 21:25:53 UTC 2018
------------------ testing $PTII/ptolemy/domains/de/test/auto/TransferOutputs2.xml
auto.tcl: Setting watchdog for 200 seconds at Wed Jun 06 21:25:53 UTC 2018
3 ms. Memory: 1063936K Free: 1028458K (97%)
ptolemy.util.test.WatchDog.cancel(): canceling Wed Jun 06 21:25:53 UTC 2018
auto.tcl: Setting watchdog for 200 seconds at Wed Jun 06 21:25:53 UTC 2018
3 ms. Memory: 1063936K Free: 1028458K (97%)
ptolemy.util.test.WatchDog.cancel(): canceling Wed Jun 06 21:25:53 UTC 2018
------------------ testing $PTII/ptolemy/domains/de/test/auto/Trilateration.xml
auto.tcl: Setting watchdog for 200 seconds at Wed Jun 06 21:25:53 UTC 2018
14754 ms. Memory: 933376K Free: 761362K (82%)
ptolemy.util.test.WatchDog.cancel(): canceling Wed Jun 06 21:26:09 UTC 2018
auto.tcl: Setting watchdog for 200 seconds at Wed Jun 06 21:26:09 UTC 2018
11382 ms. Memory: 812544K Free: 488624K (60%)
ptolemy.util.test.WatchDog.cancel(): canceling Wed Jun 06 21:26:20 UTC 2018
------------------ testing $PTII/ptolemy/domains/de/test/auto/TwoSigmaDelta.xml
auto.tcl: Setting watchdog for 200 seconds at Wed Jun 06 21:26:20 UTC 2018
2632 ms. Memory: 816640K Free: 497487K (61%)
ptolemy.util.test.WatchDog.cancel(): canceling Wed Jun 06 21:26:23 UTC 2018
auto.tcl: Setting watchdog for 200 seconds at Wed Jun 06 21:26:23 UTC 2018
2093 ms. Memory: 816640K Free: 264604K (32%)
ptolemy.util.test.WatchDog.cancel(): canceling Wed Jun 06 21:26:25 UTC 2018
------------------ testing $PTII/ptolemy/domains/de/test/auto/VariableDelay.xml
auto.tcl: Setting watchdog for 200 seconds at Wed Jun 06 21:26:25 UTC 2018
2 ms. Memory: 813056K Free: 790175K (97%)
ptolemy.util.test.WatchDog.cancel(): canceling Wed Jun 06 21:26:25 UTC 2018
auto.tcl: Setting watchdog for 200 seconds at Wed Jun 06 21:26:25 UTC 2018
2 ms. Memory: 813056K Free: 790175K (97%)
ptolemy.util.test.WatchDog.cancel(): canceling Wed Jun 06 21:26:25 UTC 2018
------------------ testing $PTII/ptolemy/domains/de/test/auto/VariableDelay2.xml
auto.tcl: Setting watchdog for 200 seconds at Wed Jun 06 21:26:25 UTC 2018
1 ms. Memory: 812544K Free: 790077K (97%)
ptolemy.util.test.WatchDog.cancel(): canceling Wed Jun 06 21:26:25 UTC 2018
auto.tcl: Setting watchdog for 200 seconds at Wed Jun 06 21:26:25 UTC 2018
2 ms. Memory: 812544K Free: 790077K (97%)
ptolemy.util.test.WatchDog.cancel(): canceling Wed Jun 06 21:26:25 UTC 2018
------------------ testing $PTII/ptolemy/domains/de/test/auto/VariableDelayZeroDelay.xml
auto.tcl: Setting watchdog for 200 seconds at Wed Jun 06 21:26:25 UTC 2018
2 ms. Memory: 812544K Free: 790117K (97%)
ptolemy.util.test.WatchDog.cancel(): canceling Wed Jun 06 21:26:25 UTC 2018
auto.tcl: Setting watchdog for 200 seconds at Wed Jun 06 21:26:25 UTC 2018
2 ms. Memory: 812544K Free: 790117K (97%)
ptolemy.util.test.WatchDog.cancel(): canceling Wed Jun 06 21:26:25 UTC 2018
------------------ testing $PTII/ptolemy/domains/de/test/auto/VariableDelayZeroDelay2.xml
auto.tcl: Setting watchdog for 200 seconds at Wed Jun 06 21:26:25 UTC 2018
4 ms. Memory: 815616K Free: 793187K (97%)
ptolemy.util.test.WatchDog.cancel(): canceling Wed Jun 06 21:26:25 UTC 2018
auto.tcl: Setting watchdog for 200 seconds at Wed Jun 06 21:26:25 UTC 2018
2 ms. Memory: 815616K Free: 793187K (97%)
ptolemy.util.test.WatchDog.cancel(): canceling Wed Jun 06 21:26:25 UTC 2018
------------------ testing $PTII/ptolemy/domains/de/test/auto/deInCt.xml
auto.tcl: Setting watchdog for 200 seconds at Wed Jun 06 21:26:25 UTC 2018
0
1
1
1
1
0
0
0
1
1
1
0
0
0
1
1
1
0
0
1
1
1
0
0
0
1
1
1
0
0
0
1
1
1
0
0
0
0
1
1
1
1
10 ms. Memory: 812544K Free: 782760K (96%)
ptolemy.util.test.WatchDog.cancel(): canceling Wed Jun 06 21:26:25 UTC 2018
auto.tcl: Setting watchdog for 200 seconds at Wed Jun 06 21:26:25 UTC 2018
0
1
1
1
0
0
1
1
1
0
0
0
1
1
1
1
0
0
0
1
1
1
1
0
0
0
1
1
1
0
0
1
1
1
0
0
0
0
1
1
1
1
0
0
0
1
1
0
0
0
0
12 ms. Memory: 812544K Free: 782760K (96%)
ptolemy.util.test.WatchDog.cancel(): canceling Wed Jun 06 21:26:25 UTC 2018
------------------ testing $PTII/ptolemy/domains/de/test/auto/deInCt2.xml
auto.tcl: Setting watchdog for 200 seconds at Wed Jun 06 21:26:25 UTC 2018
0
1
1
1
0
0
1
1
1
0
0
1
1
1
0
0
1
1
1
0
0
1
1
1
0
0
1
1
1
0
0
1
1
1
0
0
1
1
1
0
0
0
9 ms. Memory: 815616K Free: 793184K (97%)
ptolemy.util.test.WatchDog.cancel(): canceling Wed Jun 06 21:26:25 UTC 2018
auto.tcl: Setting watchdog for 200 seconds at Wed Jun 06 21:26:25 UTC 2018
0
1
1
1
0
0
1
1
1
0
0
1
1
1
0
0
1
1
1
0
0
1
1
1
0
0
1
1
1
0
0
1
1
1
0
0
1
1
1
0
0
0
4 ms. Memory: 815616K Free: 793184K (97%)
ptolemy.util.test.WatchDog.cancel(): canceling Wed Jun 06 21:26:25 UTC 2018
------------------ testing $PTII/ptolemy/domains/de/test/auto/dynamicCausalityInterface1.xml
auto.tcl: Setting watchdog for 200 seconds at Wed Jun 06 21:26:25 UTC 2018
1 ms. Memory: 812544K Free: 782796K (96%)
ptolemy.util.test.WatchDog.cancel(): canceling Wed Jun 06 21:26:25 UTC 2018
auto.tcl: Setting watchdog for 200 seconds at Wed Jun 06 21:26:25 UTC 2018
1 ms. Memory: 812544K Free: 782796K (96%)
ptolemy.util.test.WatchDog.cancel(): canceling Wed Jun 06 21:26:25 UTC 2018
------------------ testing $PTII/ptolemy/domains/de/test/auto/fsm_de_test.xml
auto.tcl: Setting watchdog for 200 seconds at Wed Jun 06 21:26:25 UTC 2018
11 ms. Memory: 815104K Free: 785251K (96%)
ptolemy.util.test.WatchDog.cancel(): canceling Wed Jun 06 21:26:25 UTC 2018
auto.tcl: Setting watchdog for 200 seconds at Wed Jun 06 21:26:25 UTC 2018
4 ms. Memory: 815104K Free: 785251K (96%)
ptolemy.util.test.WatchDog.cancel(): canceling Wed Jun 06 21:26:25 UTC 2018
------------------ testing $PTII/ptolemy/domains/de/test/auto/functionDependencyReconstruction.xml
auto.tcl: Setting watchdog for 200 seconds at Wed Jun 06 21:26:26 UTC 2018
2 ms. Memory: 812544K Free: 772355K (95%)
ptolemy.util.test.WatchDog.cancel(): canceling Wed Jun 06 21:26:26 UTC 2018
auto.tcl: Setting watchdog for 200 seconds at Wed Jun 06 21:26:26 UTC 2018
3 ms. Memory: 812544K Free: 772355K (95%)
ptolemy.util.test.WatchDog.cancel(): canceling Wed Jun 06 21:26:26 UTC 2018
------------------ testing $PTII/ptolemy/domains/de/test/auto/multirate.xml
auto.tcl: Setting watchdog for 200 seconds at Wed Jun 06 21:26:26 UTC 2018
4 ms. Memory: 814592K Free: 784607K (96%)
ptolemy.util.test.WatchDog.cancel(): canceling Wed Jun 06 21:26:26 UTC 2018
auto.tcl: Setting watchdog for 200 seconds at Wed Jun 06 21:26:26 UTC 2018
3 ms. Memory: 814592K Free: 784565K (96%)
ptolemy.util.test.WatchDog.cancel(): canceling Wed Jun 06 21:26:26 UTC 2018
------------------ testing $PTII/ptolemy/domains/de/test/auto/multirate2.xml
auto.tcl: Setting watchdog for 200 seconds at Wed Jun 06 21:26:26 UTC 2018
3 ms. Memory: 812544K Free: 782747K (96%)
ptolemy.util.test.WatchDog.cancel(): canceling Wed Jun 06 21:26:26 UTC 2018
auto.tcl: Setting watchdog for 200 seconds at Wed Jun 06 21:26:26 UTC 2018
3 ms. Memory: 812544K Free: 782747K (96%)
ptolemy.util.test.WatchDog.cancel(): canceling Wed Jun 06 21:26:26 UTC 2018
------------------ testing $PTII/ptolemy/domains/de/test/auto/realtime.xml
auto.tcl: Setting watchdog for 200 seconds at Wed Jun 06 21:26:26 UTC 2018
10001 ms. Memory: 814592K Free: 784752K (96%)
ptolemy.util.test.WatchDog.cancel(): canceling Wed Jun 06 21:26:36 UTC 2018
auto.tcl: Setting watchdog for 200 seconds at Wed Jun 06 21:26:36 UTC 2018
10002 ms. Memory: 814592K Free: 784752K (96%)
ptolemy.util.test.WatchDog.cancel(): canceling Wed Jun 06 21:26:46 UTC 2018
------------------ testing $PTII/ptolemy/domains/de/test/auto/relationGroup.xml
auto.tcl: Setting watchdog for 200 seconds at Wed Jun 06 21:26:46 UTC 2018
1 ms. Memory: 812544K Free: 790083K (97%)
ptolemy.util.test.WatchDog.cancel(): canceling Wed Jun 06 21:26:46 UTC 2018
auto.tcl: Setting watchdog for 200 seconds at Wed Jun 06 21:26:46 UTC 2018
1 ms. Memory: 812544K Free: 790083K (97%)
ptolemy.util.test.WatchDog.cancel(): canceling Wed Jun 06 21:26:46 UTC 2018
------------------ testing $PTII/ptolemy/domains/de/test/auto/relationGroup2.xml
auto.tcl: Setting watchdog for 200 seconds at Wed Jun 06 21:26:46 UTC 2018
0 ms. Memory: 814080K Free: 784334K (96%)
ptolemy.util.test.WatchDog.cancel(): canceling Wed Jun 06 21:26:46 UTC 2018
auto.tcl: Setting watchdog for 200 seconds at Wed Jun 06 21:26:46 UTC 2018
1 ms. Memory: 814080K Free: 784334K (96%)
ptolemy.util.test.WatchDog.cancel(): canceling Wed Jun 06 21:26:46 UTC 2018
------------------ testing $PTII/ptolemy/domains/de/test/auto/sortWithOpaquePorts.xml
auto.tcl: Setting watchdog for 200 seconds at Wed Jun 06 21:26:46 UTC 2018
1 ms. Memory: 812544K Free: 782798K (96%)
ptolemy.util.test.WatchDog.cancel(): canceling Wed Jun 06 21:26:46 UTC 2018
auto.tcl: Setting watchdog for 200 seconds at Wed Jun 06 21:26:46 UTC 2018
1 ms. Memory: 812544K Free: 782798K (96%)
ptolemy.util.test.WatchDog.cancel(): canceling Wed Jun 06 21:26:46 UTC 2018
------------------ testing $PTII/ptolemy/domains/de/test/auto/transferInputsandOutputs.xml
auto.tcl: Setting watchdog for 200 seconds at Wed Jun 06 21:26:46 UTC 2018
2 ms. Memory: 814080K Free: 784320K (96%)
ptolemy.util.test.WatchDog.cancel(): canceling Wed Jun 06 21:26:46 UTC 2018
auto.tcl: Setting watchdog for 200 seconds at Wed Jun 06 21:26:46 UTC 2018
1 ms. Memory: 814080K Free: 784320K (96%)
ptolemy.util.test.WatchDog.cancel(): canceling Wed Jun 06 21:26:46 UTC 2018
------------------ testing $PTII/ptolemy/domains/de/test/auto/triggerType.xml
auto.tcl: Setting watchdog for 200 seconds at Wed Jun 06 21:26:46 UTC 2018
2 ms. Memory: 812544K Free: 782735K (96%)
ptolemy.util.test.WatchDog.cancel(): canceling Wed Jun 06 21:26:46 UTC 2018
auto.tcl: Setting watchdog for 200 seconds at Wed Jun 06 21:26:46 UTC 2018
1 ms. Memory: 812544K Free: 782735K (96%)
ptolemy.util.test.WatchDog.cancel(): canceling Wed Jun 06 21:26:46 UTC 2018
06/06/18 09:26:46
Failed: 0  Total Tests: 192  ((Passed: 187, Newly Passed: 1)  Known Failed: 5) /home/travis/build/icyphy/ptII/ptolemy/domains/de/test
06/06/18 09:26:46
Failed: 0  Total Tests: 192  ((Passed: 187, Newly Passed: 1)  Known Failed: 5) /home/travis/build/icyphy/ptII/ptolemy/domains/de/test
----------------- testing (KnownFailure) /home/travis/build/icyphy/ptII/ptolemy/domains/de/test/auto/knownFailedTests/DESDFClockTest.xml
2007 ms. Memory: 813568K Free: 769190K (95%)
Known Failure: java.lang.reflect.InvocationTargetException
----------------- testing (KnownFailure) /home/travis/build/icyphy/ptII/ptolemy/domains/de/test/auto/knownFailedTests/DirectFeedback.xml
1 ms. Memory: 813568K Free: 710698K (87%)
Known Failure: java.lang.reflect.InvocationTargetException
----------------- testing (KnownFailure) /home/travis/build/icyphy/ptII/ptolemy/domains/de/test/auto/knownFailedTests/FSMSource.xml
4 ms. Memory: 813568K Free: 652207K (80%)
----------------- testing (KnownFailure) /home/travis/build/icyphy/ptII/ptolemy/domains/de/test/auto/knownFailedTests/HierarchicalModel.xml
1 ms. Memory: 813568K Free: 608281K (75%)
Known Failure: java.lang.reflect.InvocationTargetException
----------------- testing (KnownFailure) /home/travis/build/icyphy/ptII/ptolemy/domains/de/test/auto/knownFailedTests/dependencyLoop.xml
1 ms. Memory: 813568K Free: 535152K (66%)
Known Failure: java.lang.reflect.InvocationTargetException
----------------- testing (KnownFailure) /home/travis/build/icyphy/ptII/ptolemy/domains/de/test/auto/knownFailedTests/dependencyLoop2.xml
2 ms. Memory: 813568K Free: 476660K (59%)
Known Failure: java.lang.reflect.InvocationTargetException
No auto/linux-amd64/*.xml tests in /home/travis/build/icyphy/ptII/ptolemy/domains/de/test
AutoTests.java: About to close Vertx.
AutoTests.java: Vertx closed.

===========================================================================================
----------------- testing Wed Jun 06 21:26:48 UTC 2018 /home/travis/build/icyphy/ptII/ptolemy/domains/de/test/auto/ActorDepthCalculation_actorWithoutPorts.xml
----------------- Instantiating /home/travis/build/icyphy/ptII/ptolemy/domains/de/test/auto/ActorDepthCalculation_actorWithoutPorts.xml
1 ms. Memory: 813568K Free: 388924K (48%)
----------------- Invoking toplevel() on ptolemy.moml.MoMLSimpleApplication@48142080
----------------- Done invoking toplevel() on ptolemy.moml.MoMLSimpleApplication@48142080
reloadAllAccessors: .ActorDepthCalculation_actorWithoutPorts

===========================================================================================
----------------- testing Wed Jun 06 21:26:48 UTC 2018 /home/travis/build/icyphy/ptII/ptolemy/domains/de/test/auto/AssemblyLine.xml
----------------- Instantiating /home/travis/build/icyphy/ptII/ptolemy/domains/de/test/auto/AssemblyLine.xml
2 ms. Memory: 813568K Free: 359678K (44%)
----------------- Invoking toplevel() on ptolemy.moml.MoMLSimpleApplication@4150e373
----------------- Done invoking toplevel() on ptolemy.moml.MoMLSimpleApplication@4150e373
reloadAllAccessors: .AssemblyLine

===========================================================================================
----------------- testing Wed Jun 06 21:26:48 UTC 2018 /home/travis/build/icyphy/ptII/ptolemy/domains/de/test/auto/CQBug1.xml
----------------- Instantiating /home/travis/build/icyphy/ptII/ptolemy/domains/de/test/auto/CQBug1.xml
1 ms. Memory: 813568K Free: 330433K (41%)
----------------- Invoking toplevel() on ptolemy.moml.MoMLSimpleApplication@29f7c5aa
----------------- Done invoking toplevel() on ptolemy.moml.MoMLSimpleApplication@29f7c5aa
reloadAllAccessors: .CQBug1

===========================================================================================
----------------- testing Wed Jun 06 21:26:48 UTC 2018 /home/travis/build/icyphy/ptII/ptolemy/domains/de/test/auto/CancelFireAt.xml
----------------- Instantiating /home/travis/build/icyphy/ptII/ptolemy/domains/de/test/auto/CancelFireAt.xml
1 ms. Memory: 813568K Free: 301187K (37%)
----------------- Invoking toplevel() on ptolemy.moml.MoMLSimpleApplication@348bcf88
----------------- Done invoking toplevel() on ptolemy.moml.MoMLSimpleApplication@348bcf88
reloadAllAccessors: .CancelFireAt

===========================================================================================
----------------- testing Wed Jun 06 21:26:48 UTC 2018 /home/travis/build/icyphy/ptII/ptolemy/domains/de/test/auto/CausalityAndComposabilityAnalysis.xml
----------------- Instantiating /home/travis/build/icyphy/ptII/ptolemy/domains/de/test/auto/CausalityAndComposabilityAnalysis.xml
1 ms. Memory: 813568K Free: 271942K (33%)
----------------- Invoking toplevel() on ptolemy.moml.MoMLSimpleApplication@2e52eb99
----------------- Done invoking toplevel() on ptolemy.moml.MoMLSimpleApplication@2e52eb99
reloadAllAccessors: .CausalityAndComposabilityAnalysis

===========================================================================================
----------------- testing Wed Jun 06 21:26:48 UTC 2018 /home/travis/build/icyphy/ptII/ptolemy/domains/de/test/auto/CausalityInterface1.xml
----------------- Instantiating /home/travis/build/icyphy/ptII/ptolemy/domains/de/test/auto/CausalityInterface1.xml
3 ms. Memory: 813568K Free: 242696K (30%)
----------------- Invoking toplevel() on ptolemy.moml.MoMLSimpleApplication@26d0f64
----------------- Done invoking toplevel() on ptolemy.moml.MoMLSimpleApplication@26d0f64
reloadAllAccessors: .CausalityInterface1

===========================================================================================
----------------- testing Wed Jun 06 21:26:48 UTC 2018 /home/travis/build/icyphy/ptII/ptolemy/domains/de/test/auto/CausalityInterface15.xml
----------------- Instantiating /home/travis/build/icyphy/ptII/ptolemy/domains/de/test/auto/CausalityInterface15.xml
1 ms. Memory: 813568K Free: 213451K (26%)
----------------- Invoking toplevel() on ptolemy.moml.MoMLSimpleApplication@47e6ccb8
----------------- Done invoking toplevel() on ptolemy.moml.MoMLSimpleApplication@47e6ccb8
reloadAllAccessors: .CausalityInterface15

===========================================================================================
----------------- testing Wed Jun 06 21:26:48 UTC 2018 /home/travis/build/icyphy/ptII/ptolemy/domains/de/test/auto/CausalityInterface2.xml
----------------- Instantiating /home/travis/build/icyphy/ptII/ptolemy/domains/de/test/auto/CausalityInterface2.xml
1 ms. Memory: 813568K Free: 184205K (23%)
----------------- Invoking toplevel() on ptolemy.moml.MoMLSimpleApplication@1137328b
----------------- Done invoking toplevel() on ptolemy.moml.MoMLSimpleApplication@1137328b
reloadAllAccessors: .CausalityInterface2

===========================================================================================
----------------- testing Wed Jun 06 21:26:48 UTC 2018 /home/travis/build/icyphy/ptII/ptolemy/domains/de/test/auto/CausalityInterface3.xml
----------------- Instantiating /home/travis/build/icyphy/ptII/ptolemy/domains/de/test/auto/CausalityInterface3.xml
1 ms. Memory: 813568K Free: 154960K (19%)
----------------- Invoking toplevel() on ptolemy.moml.MoMLSimpleApplication@51664694
----------------- Done invoking toplevel() on ptolemy.moml.MoMLSimpleApplication@51664694
reloadAllAccessors: .CausalityInterface3

===========================================================================================
----------------- testing Wed Jun 06 21:26:48 UTC 2018 /home/travis/build/icyphy/ptII/ptolemy/domains/de/test/auto/ClockDrift.xml
----------------- Instantiating /home/travis/build/icyphy/ptII/ptolemy/domains/de/test/auto/ClockDrift.xml
8 ms. Memory: 813568K Free: 125714K (15%)
----------------- Invoking toplevel() on ptolemy.moml.MoMLSimpleApplication@130af1ff
----------------- Done invoking toplevel() on ptolemy.moml.MoMLSimpleApplication@130af1ff
reloadAllAccessors: .ClockDrift

===========================================================================================
----------------- testing Wed Jun 06 21:26:48 UTC 2018 /home/travis/build/icyphy/ptII/ptolemy/domains/de/test/auto/ClockDriftAndValueChange.xml
----------------- Instantiating /home/travis/build/icyphy/ptII/ptolemy/domains/de/test/auto/ClockDriftAndValueChange.xml
7 ms. Memory: 813568K Free: 96469K (12%)
----------------- Invoking toplevel() on ptolemy.moml.MoMLSimpleApplication@56cf198a
----------------- Done invoking toplevel() on ptolemy.moml.MoMLSimpleApplication@56cf198a
reloadAllAccessors: .ClockDriftAndValueChange

===========================================================================================
----------------- testing Wed Jun 06 21:26:48 UTC 2018 /home/travis/build/icyphy/ptII/ptolemy/domains/de/test/auto/ClockDriftChange.xml
----------------- Instantiating /home/travis/build/icyphy/ptII/ptolemy/domains/de/test/auto/ClockDriftChange.xml
7 ms. Memory: 813568K Free: 77610K (10%)
----------------- Invoking toplevel() on ptolemy.moml.MoMLSimpleApplication@69d6643f
----------------- Done invoking toplevel() on ptolemy.moml.MoMLSimpleApplication@69d6643f
reloadAllAccessors: .ClockDriftChange

===========================================================================================
----------------- testing Wed Jun 06 21:26:48 UTC 2018 /home/travis/build/icyphy/ptII/ptolemy/domains/de/test/auto/ComposableCausalityAnalysis.xml
----------------- Instantiating /home/travis/build/icyphy/ptII/ptolemy/domains/de/test/auto/ComposableCausalityAnalysis.xml
1 ms. Memory: 777728K Free: 744756K (96%)
----------------- Invoking toplevel() on ptolemy.moml.MoMLSimpleApplication@58e89199
----------------- Done invoking toplevel() on ptolemy.moml.MoMLSimpleApplication@58e89199
reloadAllAccessors: .ComposableCausalityAnalysis

===========================================================================================
----------------- testing Wed Jun 06 21:26:48 UTC 2018 /home/travis/build/icyphy/ptII/ptolemy/domains/de/test/auto/DEFixedPointLimitation.xml
----------------- Instantiating /home/travis/build/icyphy/ptII/ptolemy/domains/de/test/auto/DEFixedPointLimitation.xml
1 ms. Memory: 777728K Free: 710520K (91%)
----------------- Invoking toplevel() on ptolemy.moml.MoMLSimpleApplication@4b2a59a9
----------------- Done invoking toplevel() on ptolemy.moml.MoMLSimpleApplication@4b2a59a9
reloadAllAccessors: .DEFixedPointLimitation

===========================================================================================
----------------- testing Wed Jun 06 21:26:48 UTC 2018 /home/travis/build/icyphy/ptII/ptolemy/domains/de/test/auto/DEScheduleTest.xml
----------------- Instantiating /home/travis/build/icyphy/ptII/ptolemy/domains/de/test/auto/DEScheduleTest.xml
1 ms. Memory: 777728K Free: 682667K (88%)
----------------- Invoking toplevel() on ptolemy.moml.MoMLSimpleApplication@24cabb95
----------------- Done invoking toplevel() on ptolemy.moml.MoMLSimpleApplication@24cabb95
reloadAllAccessors: .DEScheduleTest

===========================================================================================
----------------- testing Wed Jun 06 21:26:48 UTC 2018 /home/travis/build/icyphy/ptII/ptolemy/domains/de/test/auto/DEinDEwithStartTimes.xml
----------------- Instantiating /home/travis/build/icyphy/ptII/ptolemy/domains/de/test/auto/DEinDEwithStartTimes.xml
2 ms. Memory: 777728K Free: 654815K (84%)
----------------- Invoking toplevel() on ptolemy.moml.MoMLSimpleApplication@657498ad
----------------- Done invoking toplevel() on ptolemy.moml.MoMLSimpleApplication@657498ad
reloadAllAccessors: .DEinDEwithStartTimes

===========================================================================================
----------------- testing Wed Jun 06 21:26:48 UTC 2018 /home/travis/build/icyphy/ptII/ptolemy/domains/de/test/auto/DEinDEwithStartTimes2.xml
----------------- Instantiating /home/travis/build/icyphy/ptII/ptolemy/domains/de/test/auto/DEinDEwithStartTimes2.xml
2 ms. Memory: 777728K Free: 626936K (81%)
----------------- Invoking toplevel() on ptolemy.moml.MoMLSimpleApplication@7f71a96b
----------------- Done invoking toplevel() on ptolemy.moml.MoMLSimpleApplication@7f71a96b
reloadAllAccessors: .DEinDEwithStartTimes2

===========================================================================================
----------------- testing Wed Jun 06 21:26:48 UTC 2018 /home/travis/build/icyphy/ptII/ptolemy/domains/de/test/auto/DateDemo.xml
----------------- Instantiating /home/travis/build/icyphy/ptII/ptolemy/domains/de/test/auto/DateDemo.xml
4 ms. Memory: 777728K Free: 599083K (77%)
----------------- Invoking toplevel() on ptolemy.moml.MoMLSimpleApplication@1f9b8a44
----------------- Done invoking toplevel() on ptolemy.moml.MoMLSimpleApplication@1f9b8a44
reloadAllAccessors: .DateDemo

===========================================================================================
----------------- testing Wed Jun 06 21:26:48 UTC 2018 /home/travis/build/icyphy/ptII/ptolemy/domains/de/test/auto/DateToEvent.xml
----------------- Instantiating /home/travis/build/icyphy/ptII/ptolemy/domains/de/test/auto/DateToEvent.xml
2003 ms. Memory: 777728K Free: 557288K (72%)
----------------- Invoking toplevel() on ptolemy.moml.MoMLSimpleApplication@6f6a0c5c
----------------- Done invoking toplevel() on ptolemy.moml.MoMLSimpleApplication@6f6a0c5c
reloadAllAccessors: .DateToEvent

===========================================================================================
----------------- testing Wed Jun 06 21:26:50 UTC 2018 /home/travis/build/icyphy/ptII/ptolemy/domains/de/test/auto/DepthTest1.xml
----------------- Instantiating /home/travis/build/icyphy/ptII/ptolemy/domains/de/test/auto/DepthTest1.xml
4 ms. Memory: 777728K Free: 529435K (68%)
----------------- Invoking toplevel() on ptolemy.moml.MoMLSimpleApplication@1a0c77d3
----------------- Done invoking toplevel() on ptolemy.moml.MoMLSimpleApplication@1a0c77d3
reloadAllAccessors: .DepthTest1

===========================================================================================
----------------- testing Wed Jun 06 21:26:50 UTC 2018 /home/travis/build/icyphy/ptII/ptolemy/domains/de/test/auto/DepthTest2.xml
----------------- Instantiating /home/travis/build/icyphy/ptII/ptolemy/domains/de/test/auto/DepthTest2.xml
1 ms. Memory: 777728K Free: 501582K (64%)
----------------- Invoking toplevel() on ptolemy.moml.MoMLSimpleApplication@436b3081
----------------- Done invoking toplevel() on ptolemy.moml.MoMLSimpleApplication@436b3081
reloadAllAccessors: .DepthTest2

===========================================================================================
----------------- testing Wed Jun 06 21:26:50 UTC 2018 /home/travis/build/icyphy/ptII/ptolemy/domains/de/test/auto/DepthTest3.xml
----------------- Instantiating /home/travis/build/icyphy/ptII/ptolemy/domains/de/test/auto/DepthTest3.xml
1 ms. Memory: 777728K Free: 473729K (61%)
----------------- Invoking toplevel() on ptolemy.moml.MoMLSimpleApplication@2b8b8597
----------------- Done invoking toplevel() on ptolemy.moml.MoMLSimpleApplication@2b8b8597
reloadAllAccessors: .DepthTest3

===========================================================================================
----------------- testing Wed Jun 06 21:26:51 UTC 2018 /home/travis/build/icyphy/ptII/ptolemy/domains/de/test/auto/DepthTest4.xml
----------------- Instantiating /home/travis/build/icyphy/ptII/ptolemy/domains/de/test/auto/DepthTest4.xml
1 ms. Memory: 777728K Free: 445877K (57%)
----------------- Invoking toplevel() on ptolemy.moml.MoMLSimpleApplication@5dde8741
----------------- Done invoking toplevel() on ptolemy.moml.MoMLSimpleApplication@5dde8741
reloadAllAccessors: .DepthTest4

===========================================================================================
----------------- testing Wed Jun 06 21:26:51 UTC 2018 /home/travis/build/icyphy/ptII/ptolemy/domains/de/test/auto/DepthTest5.xml
----------------- Instantiating /home/travis/build/icyphy/ptII/ptolemy/domains/de/test/auto/DepthTest5.xml
2 ms. Memory: 777728K Free: 418024K (54%)
----------------- Invoking toplevel() on ptolemy.moml.MoMLSimpleApplication@28035b56
----------------- Done invoking toplevel() on ptolemy.moml.MoMLSimpleApplication@28035b56
reloadAllAccessors: .DepthTest5

===========================================================================================
----------------- testing Wed Jun 06 21:26:51 UTC 2018 /home/travis/build/icyphy/ptII/ptolemy/domains/de/test/auto/DepthTest6.xml
----------------- Instantiating /home/travis/build/icyphy/ptII/ptolemy/domains/de/test/auto/DepthTest6.xml
2 ms. Memory: 777728K Free: 390171K (50%)
----------------- Invoking toplevel() on ptolemy.moml.MoMLSimpleApplication@57f89c05
----------------- Done invoking toplevel() on ptolemy.moml.MoMLSimpleApplication@57f89c05
reloadAllAccessors: .DepthTest6

===========================================================================================
----------------- testing Wed Jun 06 21:26:51 UTC 2018 /home/travis/build/icyphy/ptII/ptolemy/domains/de/test/auto/DepthTest7.xml
----------------- Instantiating /home/travis/build/icyphy/ptII/ptolemy/domains/de/test/auto/DepthTest7.xml
2 ms. Memory: 777728K Free: 362318K (47%)
----------------- Invoking toplevel() on ptolemy.moml.MoMLSimpleApplication@1123b571
----------------- Done invoking toplevel() on ptolemy.moml.MoMLSimpleApplication@1123b571
reloadAllAccessors: .DepthTest7

===========================================================================================
----------------- testing Wed Jun 06 21:26:51 UTC 2018 /home/travis/build/icyphy/ptII/ptolemy/domains/de/test/auto/EventToDate.xml
----------------- Instantiating /home/travis/build/icyphy/ptII/ptolemy/domains/de/test/auto/EventToDate.xml
3009 ms. Memory: 777728K Free: 314156K (40%)
----------------- Invoking toplevel() on ptolemy.moml.MoMLSimpleApplication@3561041f
----------------- Done invoking toplevel() on ptolemy.moml.MoMLSimpleApplication@3561041f
reloadAllAccessors: .EventToDate

===========================================================================================
----------------- testing Wed Jun 06 21:26:54 UTC 2018 /home/travis/build/icyphy/ptII/ptolemy/domains/de/test/auto/FSM1.xml
----------------- Instantiating /home/travis/build/icyphy/ptII/ptolemy/domains/de/test/auto/FSM1.xml
6 ms. Memory: 777728K Free: 286303K (37%)
----------------- Invoking toplevel() on ptolemy.moml.MoMLSimpleApplication@73554cc9
----------------- Done invoking toplevel() on ptolemy.moml.MoMLSimpleApplication@73554cc9
reloadAllAccessors: .FSM1

===========================================================================================
----------------- testing Wed Jun 06 21:26:54 UTC 2018 /home/travis/build/icyphy/ptII/ptolemy/domains/de/test/auto/FSM7.xml
----------------- Instantiating /home/travis/build/icyphy/ptII/ptolemy/domains/de/test/auto/FSM7.xml
7 ms. Memory: 777728K Free: 258450K (33%)
----------------- Invoking toplevel() on ptolemy.moml.MoMLSimpleApplication@1f6f9765
----------------- Done invoking toplevel() on ptolemy.moml.MoMLSimpleApplication@1f6f9765
reloadAllAccessors: .FSM7

===========================================================================================
----------------- testing Wed Jun 06 21:26:54 UTC 2018 /home/travis/build/icyphy/ptII/ptolemy/domains/de/test/auto/Inspection.xml
----------------- Instantiating /home/travis/build/icyphy/ptII/ptolemy/domains/de/test/auto/Inspection.xml
9 ms. Memory: 777728K Free: 230597K (30%)
----------------- Invoking toplevel() on ptolemy.moml.MoMLSimpleApplication@75ffdb11
----------------- Done invoking toplevel() on ptolemy.moml.MoMLSimpleApplication@75ffdb11
reloadAllAccessors: .Inspection

===========================================================================================
----------------- testing Wed Jun 06 21:26:54 UTC 2018 /home/travis/build/icyphy/ptII/ptolemy/domains/de/test/auto/Iteration.xml
----------------- Instantiating /home/travis/build/icyphy/ptII/ptolemy/domains/de/test/auto/Iteration.xml
4 ms. Memory: 777728K Free: 202744K (26%)
----------------- Invoking toplevel() on ptolemy.moml.MoMLSimpleApplication@38b0e9c0
----------------- Done invoking toplevel() on ptolemy.moml.MoMLSimpleApplication@38b0e9c0
reloadAllAccessors: .Iteration

===========================================================================================
----------------- testing Wed Jun 06 21:26:54 UTC 2018 /home/travis/build/icyphy/ptII/ptolemy/domains/de/test/auto/LineFault.xml
----------------- Instantiating /home/travis/build/icyphy/ptII/ptolemy/domains/de/test/auto/LineFault.xml
310 ms. Memory: 777728K Free: 77406K (10%)
----------------- Invoking toplevel() on ptolemy.moml.MoMLSimpleApplication@6d232b0
----------------- Done invoking toplevel() on ptolemy.moml.MoMLSimpleApplication@6d232b0
reloadAllAccessors: .LineFault

===========================================================================================
----------------- testing Wed Jun 06 21:26:54 UTC 2018 /home/travis/build/icyphy/ptII/ptolemy/domains/de/test/auto/MergeModel1Add.xml
----------------- Instantiating /home/travis/build/icyphy/ptII/ptolemy/domains/de/test/auto/MergeModel1Add.xml
4 ms. Memory: 745472K Free: 713439K (96%)
----------------- Invoking toplevel() on ptolemy.moml.MoMLSimpleApplication@64c1717
----------------- Done invoking toplevel() on ptolemy.moml.MoMLSimpleApplication@64c1717
reloadAllAccessors: .MergeModel1Add

===========================================================================================
----------------- testing Wed Jun 06 21:26:54 UTC 2018 /home/travis/build/icyphy/ptII/ptolemy/domains/de/test/auto/MergeModel2Add.xml
----------------- Instantiating /home/travis/build/icyphy/ptII/ptolemy/domains/de/test/auto/MergeModel2Add.xml
5 ms. Memory: 745472K Free: 682855K (92%)
----------------- Invoking toplevel() on ptolemy.moml.MoMLSimpleApplication@639cac0c
----------------- Done invoking toplevel() on ptolemy.moml.MoMLSimpleApplication@639cac0c
reloadAllAccessors: .MergeModel2Add

===========================================================================================
----------------- testing Wed Jun 06 21:26:54 UTC 2018 /home/travis/build/icyphy/ptII/ptolemy/domains/de/test/auto/MergeModel3Add.xml
----------------- Instantiating /home/travis/build/icyphy/ptII/ptolemy/domains/de/test/auto/MergeModel3Add.xml
4 ms. Memory: 745472K Free: 656317K (88%)
----------------- Invoking toplevel() on ptolemy.moml.MoMLSimpleApplication@6038049e
----------------- Done invoking toplevel() on ptolemy.moml.MoMLSimpleApplication@6038049e
reloadAllAccessors: .MergeModel3Add

===========================================================================================
----------------- testing Wed Jun 06 21:26:54 UTC 2018 /home/travis/build/icyphy/ptII/ptolemy/domains/de/test/auto/MergeWithoutDiscard.xml
----------------- Instantiating /home/travis/build/icyphy/ptII/ptolemy/domains/de/test/auto/MergeWithoutDiscard.xml
1 ms. Memory: 745472K Free: 643057K (86%)
----------------- Invoking toplevel() on ptolemy.moml.MoMLSimpleApplication@4d895e7d
----------------- Done invoking toplevel() on ptolemy.moml.MoMLSimpleApplication@4d895e7d
reloadAllAccessors: .MergeWithoutDiscard

===========================================================================================
----------------- testing Wed Jun 06 21:26:54 UTC 2018 /home/travis/build/icyphy/ptII/ptolemy/domains/de/test/auto/Modal1.xml
----------------- Instantiating /home/travis/build/icyphy/ptII/ptolemy/domains/de/test/auto/Modal1.xml
5 ms. Memory: 745472K Free: 623157K (84%)
----------------- Invoking toplevel() on ptolemy.moml.MoMLSimpleApplication@4dfe9cd9
----------------- Done invoking toplevel() on ptolemy.moml.MoMLSimpleApplication@4dfe9cd9
reloadAllAccessors: .Modal1

===========================================================================================
----------------- testing Wed Jun 06 21:26:54 UTC 2018 /home/travis/build/icyphy/ptII/ptolemy/domains/de/test/auto/Modal2.xml
----------------- Instantiating /home/travis/build/icyphy/ptII/ptolemy/domains/de/test/auto/Modal2.xml
6 ms. Memory: 745472K Free: 603258K (81%)
----------------- Invoking toplevel() on ptolemy.moml.MoMLSimpleApplication@620e82d9
----------------- Done invoking toplevel() on ptolemy.moml.MoMLSimpleApplication@620e82d9
reloadAllAccessors: .Modal2

===========================================================================================
----------------- testing Wed Jun 06 21:26:54 UTC 2018 /home/travis/build/icyphy/ptII/ptolemy/domains/de/test/auto/Modal3.xml
----------------- Instantiating /home/travis/build/icyphy/ptII/ptolemy/domains/de/test/auto/Modal3.xml
7 ms. Memory: 745472K Free: 583367K (78%)
----------------- Invoking toplevel() on ptolemy.moml.MoMLSimpleApplication@5190b482
----------------- Done invoking toplevel() on ptolemy.moml.MoMLSimpleApplication@5190b482
reloadAllAccessors: .Modal3

===========================================================================================
----------------- testing Wed Jun 06 21:26:54 UTC 2018 /home/travis/build/icyphy/ptII/ptolemy/domains/de/test/auto/Modal4.xml
----------------- Instantiating /home/travis/build/icyphy/ptII/ptolemy/domains/de/test/auto/Modal4.xml
7 ms. Memory: 745472K Free: 563459K (76%)
----------------- Invoking toplevel() on ptolemy.moml.MoMLSimpleApplication@1ccec97b
----------------- Done invoking toplevel() on ptolemy.moml.MoMLSimpleApplication@1ccec97b
reloadAllAccessors: .Modal4

===========================================================================================
----------------- testing Wed Jun 06 21:26:54 UTC 2018 /home/travis/build/icyphy/ptII/ptolemy/domains/de/test/auto/Modal5.xml
----------------- Instantiating /home/travis/build/icyphy/ptII/ptolemy/domains/de/test/auto/Modal5.xml
7 ms. Memory: 745472K Free: 543552K (73%)
----------------- Invoking toplevel() on ptolemy.moml.MoMLSimpleApplication@3a12cdbf
----------------- Done invoking toplevel() on ptolemy.moml.MoMLSimpleApplication@3a12cdbf
reloadAllAccessors: .Modal5

===========================================================================================
----------------- testing Wed Jun 06 21:26:54 UTC 2018 /home/travis/build/icyphy/ptII/ptolemy/domains/de/test/auto/Modal6.xml
----------------- Instantiating /home/travis/build/icyphy/ptII/ptolemy/domains/de/test/auto/Modal6.xml
6 ms. Memory: 745472K Free: 519606K (70%)
----------------- Invoking toplevel() on ptolemy.moml.MoMLSimpleApplication@7d6b0811
----------------- Done invoking toplevel() on ptolemy.moml.MoMLSimpleApplication@7d6b0811
reloadAllAccessors: .Modal6

===========================================================================================
----------------- testing Wed Jun 06 21:26:54 UTC 2018 /home/travis/build/icyphy/ptII/ptolemy/domains/de/test/auto/Modal7.xml
----------------- Instantiating /home/travis/build/icyphy/ptII/ptolemy/domains/de/test/auto/Modal7.xml
5 ms. Memory: 745472K Free: 499699K (67%)
----------------- Invoking toplevel() on ptolemy.moml.MoMLSimpleApplication@6064e1d6
----------------- Done invoking toplevel() on ptolemy.moml.MoMLSimpleApplication@6064e1d6
reloadAllAccessors: .Modal7

===========================================================================================
----------------- testing Wed Jun 06 21:26:54 UTC 2018 /home/travis/build/icyphy/ptII/ptolemy/domains/de/test/auto/ModalModel.xml
----------------- Instantiating /home/travis/build/icyphy/ptII/ptolemy/domains/de/test/auto/ModalModel.xml
79 ms. Memory: 745472K Free: 426685K (57%)
----------------- Invoking toplevel() on ptolemy.moml.MoMLSimpleApplication@2be3c70b
----------------- Done invoking toplevel() on ptolemy.moml.MoMLSimpleApplication@2be3c70b
reloadAllAccessors: .ModalModel

===========================================================================================
----------------- testing Wed Jun 06 21:26:55 UTC 2018 /home/travis/build/icyphy/ptII/ptolemy/domains/de/test/auto/ModalSource.xml
----------------- Instantiating /home/travis/build/icyphy/ptII/ptolemy/domains/de/test/auto/ModalSource.xml
3 ms. Memory: 745472K Free: 413424K (55%)
----------------- Invoking toplevel() on ptolemy.moml.MoMLSimpleApplication@3bc13d27
----------------- Done invoking toplevel() on ptolemy.moml.MoMLSimpleApplication@3bc13d27
reloadAllAccessors: .ModalSource

===========================================================================================
----------------- testing Wed Jun 06 21:26:55 UTC 2018 /home/travis/build/icyphy/ptII/ptolemy/domains/de/test/auto/NonInterruptibleTimerZeroDelay.xml
----------------- Instantiating /home/travis/build/icyphy/ptII/ptolemy/domains/de/test/auto/NonInterruptibleTimerZeroDelay.xml
1 ms. Memory: 745472K Free: 400163K (54%)
----------------- Invoking toplevel() on ptolemy.moml.MoMLSimpleApplication@7cd54ae3
----------------- Done invoking toplevel() on ptolemy.moml.MoMLSimpleApplication@7cd54ae3
reloadAllAccessors: .NonInterruptibleTimerZeroDelay

===========================================================================================
----------------- testing Wed Jun 06 21:26:55 UTC 2018 /home/travis/build/icyphy/ptII/ptolemy/domains/de/test/auto/OpenQueueingNetwork.xml
----------------- Instantiating /home/travis/build/icyphy/ptII/ptolemy/domains/de/test/auto/OpenQueueingNetwork.xml
1763 ms. Memory: 714240K Free: 413803K (58%)
----------------- Invoking toplevel() on ptolemy.moml.MoMLSimpleApplication@112d6da9
----------------- Done invoking toplevel() on ptolemy.moml.MoMLSimpleApplication@112d6da9
reloadAllAccessors: .OpenQueueingNetwork

===========================================================================================
----------------- testing Wed Jun 06 21:26:56 UTC 2018 /home/travis/build/icyphy/ptII/ptolemy/domains/de/test/auto/OpenQueuingNetwork.xml
----------------- Instantiating /home/travis/build/icyphy/ptII/ptolemy/domains/de/test/auto/OpenQueuingNetwork.xml
202 ms. Memory: 714240K Free: 315047K (44%)
----------------- Invoking toplevel() on ptolemy.moml.MoMLSimpleApplication@4064a19c
----------------- Done invoking toplevel() on ptolemy.moml.MoMLSimpleApplication@4064a19c
reloadAllAccessors: .OpenQueuingNetwork

===========================================================================================
----------------- testing Wed Jun 06 21:26:57 UTC 2018 /home/travis/build/icyphy/ptII/ptolemy/domains/de/test/auto/PeriodicSampler.xml
----------------- Instantiating /home/travis/build/icyphy/ptII/ptolemy/domains/de/test/auto/PeriodicSampler.xml
4 ms. Memory: 714240K Free: 306623K (43%)
----------------- Invoking toplevel() on ptolemy.moml.MoMLSimpleApplication@3a7b9fbd
----------------- Done invoking toplevel() on ptolemy.moml.MoMLSimpleApplication@3a7b9fbd
reloadAllAccessors: .PeriodicSampler

===========================================================================================
----------------- testing Wed Jun 06 21:26:57 UTC 2018 /home/travis/build/icyphy/ptII/ptolemy/domains/de/test/auto/PersistentIO.xml
----------------- Instantiating /home/travis/build/icyphy/ptII/ptolemy/domains/de/test/auto/PersistentIO.xml
6 ms. Memory: 714240K Free: 293971K (41%)
----------------- Invoking toplevel() on ptolemy.moml.MoMLSimpleApplication@2af0f1f4
----------------- Done invoking toplevel() on ptolemy.moml.MoMLSimpleApplication@2af0f1f4
reloadAllAccessors: .PersistentIO

===========================================================================================
----------------- testing Wed Jun 06 21:26:57 UTC 2018 /home/travis/build/icyphy/ptII/ptolemy/domains/de/test/auto/PortParameterResetOnInitialize.xml
----------------- Instantiating /home/travis/build/icyphy/ptII/ptolemy/domains/de/test/auto/PortParameterResetOnInitialize.xml
3 ms. Memory: 714240K Free: 285547K (40%)
----------------- Invoking toplevel() on ptolemy.moml.MoMLSimpleApplication@2af9bd39
----------------- Done invoking toplevel() on ptolemy.moml.MoMLSimpleApplication@2af9bd39
reloadAllAccessors: .PortParameterResetOnInitialize

===========================================================================================
----------------- testing Wed Jun 06 21:26:57 UTC 2018 /home/travis/build/icyphy/ptII/ptolemy/domains/de/test/auto/PortParameterUpdates.xml
----------------- Instantiating /home/travis/build/icyphy/ptII/ptolemy/domains/de/test/auto/PortParameterUpdates.xml
5 ms. Memory: 714240K Free: 272903K (38%)
----------------- Invoking toplevel() on ptolemy.moml.MoMLSimpleApplication@49ab0807
----------------- Done invoking toplevel() on ptolemy.moml.MoMLSimpleApplication@49ab0807
reloadAllAccessors: .PortParameterUpdates

===========================================================================================
----------------- testing Wed Jun 06 21:26:57 UTC 2018 /home/travis/build/icyphy/ptII/ptolemy/domains/de/test/auto/QueueAndServer.xml
----------------- Instantiating /home/travis/build/icyphy/ptII/ptolemy/domains/de/test/auto/QueueAndServer.xml
5 ms. Memory: 714240K Free: 257692K (36%)
----------------- Invoking toplevel() on ptolemy.moml.MoMLSimpleApplication@38d9dd43
----------------- Done invoking toplevel() on ptolemy.moml.MoMLSimpleApplication@38d9dd43
reloadAllAccessors: .QueueAndServer

===========================================================================================
----------------- testing Wed Jun 06 21:26:57 UTC 2018 /home/travis/build/icyphy/ptII/ptolemy/domains/de/test/auto/Records.xml
----------------- Instantiating /home/travis/build/icyphy/ptII/ptolemy/domains/de/test/auto/Records.xml
3 ms. Memory: 714240K Free: 245040K (34%)
----------------- Invoking toplevel() on ptolemy.moml.MoMLSimpleApplication@1beb00e
----------------- Done invoking toplevel() on ptolemy.moml.MoMLSimpleApplication@1beb00e
reloadAllAccessors: .Records

===========================================================================================
----------------- testing Wed Jun 06 21:26:57 UTC 2018 /home/travis/build/icyphy/ptII/ptolemy/domains/de/test/auto/ResetTransitionWithStartTime1.xml
----------------- Instantiating /home/travis/build/icyphy/ptII/ptolemy/domains/de/test/auto/ResetTransitionWithStartTime1.xml
8 ms. Memory: 714240K Free: 232388K (33%)
----------------- Invoking toplevel() on ptolemy.moml.MoMLSimpleApplication@12d831b8
----------------- Done invoking toplevel() on ptolemy.moml.MoMLSimpleApplication@12d831b8
reloadAllAccessors: .ResetTransitionWithStartTime1

===========================================================================================
----------------- testing Wed Jun 06 21:26:57 UTC 2018 /home/travis/build/icyphy/ptII/ptolemy/domains/de/test/auto/ResetTransitionWithStartTime2.xml
----------------- Instantiating /home/travis/build/icyphy/ptII/ptolemy/domains/de/test/auto/ResetTransitionWithStartTime2.xml
4 ms. Memory: 714240K Free: 219736K (31%)
----------------- Invoking toplevel() on ptolemy.moml.MoMLSimpleApplication@28503cd1
----------------- Done invoking toplevel() on ptolemy.moml.MoMLSimpleApplication@28503cd1
reloadAllAccessors: .ResetTransitionWithStartTime2

===========================================================================================
----------------- testing Wed Jun 06 21:26:57 UTC 2018 /home/travis/build/icyphy/ptII/ptolemy/domains/de/test/auto/ResetTransitionWithStartTime3.xml
----------------- Instantiating /home/travis/build/icyphy/ptII/ptolemy/domains/de/test/auto/ResetTransitionWithStartTime3.xml
5 ms. Memory: 714240K Free: 207091K (29%)
----------------- Invoking toplevel() on ptolemy.moml.MoMLSimpleApplication@7ebf21a6
----------------- Done invoking toplevel() on ptolemy.moml.MoMLSimpleApplication@7ebf21a6
reloadAllAccessors: .ResetTransitionWithStartTime3

===========================================================================================
----------------- testing Wed Jun 06 21:26:57 UTC 2018 /home/travis/build/icyphy/ptII/ptolemy/domains/de/test/auto/ResetTransitionWithStartTime4.xml
----------------- Instantiating /home/travis/build/icyphy/ptII/ptolemy/domains/de/test/auto/ResetTransitionWithStartTime4.xml
5 ms. Memory: 714240K Free: 191891K (27%)
----------------- Invoking toplevel() on ptolemy.moml.MoMLSimpleApplication@76d19fa9
----------------- Done invoking toplevel() on ptolemy.moml.MoMLSimpleApplication@76d19fa9
reloadAllAccessors: .ResetTransitionWithStartTime4

===========================================================================================
----------------- testing Wed Jun 06 21:26:57 UTC 2018 /home/travis/build/icyphy/ptII/ptolemy/domains/de/test/auto/ResettableTimer1.xml
----------------- Instantiating /home/travis/build/icyphy/ptII/ptolemy/domains/de/test/auto/ResettableTimer1.xml
2 ms. Memory: 714240K Free: 183467K (26%)
----------------- Invoking toplevel() on ptolemy.moml.MoMLSimpleApplication@3e396aa
----------------- Done invoking toplevel() on ptolemy.moml.MoMLSimpleApplication@3e396aa
reloadAllAccessors: .ResettableTimer1

===========================================================================================
----------------- testing Wed Jun 06 21:26:57 UTC 2018 /home/travis/build/icyphy/ptII/ptolemy/domains/de/test/auto/ResettableTimer2.xml
----------------- Instantiating /home/travis/build/icyphy/ptII/ptolemy/domains/de/test/auto/ResettableTimer2.xml
3 ms. Memory: 714240K Free: 175043K (25%)
----------------- Invoking toplevel() on ptolemy.moml.MoMLSimpleApplication@4d32157b
----------------- Done invoking toplevel() on ptolemy.moml.MoMLSimpleApplication@4d32157b
reloadAllAccessors: .ResettableTimer2

===========================================================================================
----------------- testing Wed Jun 06 21:26:57 UTC 2018 /home/travis/build/icyphy/ptII/ptolemy/domains/de/test/auto/ResettableTimer3.xml
----------------- Instantiating /home/travis/build/icyphy/ptII/ptolemy/domains/de/test/auto/ResettableTimer3.xml
1 ms. Memory: 714240K Free: 166618K (23%)
----------------- Invoking toplevel() on ptolemy.moml.MoMLSimpleApplication@1986ff7d
----------------- Done invoking toplevel() on ptolemy.moml.MoMLSimpleApplication@1986ff7d
reloadAllAccessors: .ResettableTimer3

===========================================================================================
----------------- testing Wed Jun 06 21:26:57 UTC 2018 /home/travis/build/icyphy/ptII/ptolemy/domains/de/test/auto/ResettableTimer4.xml
----------------- Instantiating /home/travis/build/icyphy/ptII/ptolemy/domains/de/test/auto/ResettableTimer4.xml
1 ms. Memory: 714240K Free: 155646K (22%)
----------------- Invoking toplevel() on ptolemy.moml.MoMLSimpleApplication@518cf436
----------------- Done invoking toplevel() on ptolemy.moml.MoMLSimpleApplication@518cf436
reloadAllAccessors: .ResettableTimer4

===========================================================================================
----------------- testing Wed Jun 06 21:26:57 UTC 2018 /home/travis/build/icyphy/ptII/ptolemy/domains/de/test/auto/ResettableTimer5.xml
----------------- Instantiating /home/travis/build/icyphy/ptII/ptolemy/domains/de/test/auto/ResettableTimer5.xml
3 ms. Memory: 714240K Free: 147222K (21%)
----------------- Invoking toplevel() on ptolemy.moml.MoMLSimpleApplication@38f8451c
----------------- Done invoking toplevel() on ptolemy.moml.MoMLSimpleApplication@38f8451c
reloadAllAccessors: .ResettableTimer5

===========================================================================================
----------------- testing Wed Jun 06 21:26:57 UTC 2018 /home/travis/build/icyphy/ptII/ptolemy/domains/de/test/auto/ResettableTimer6.xml
----------------- Instantiating /home/travis/build/icyphy/ptII/ptolemy/domains/de/test/auto/ResettableTimer6.xml
4 ms. Memory: 714240K Free: 138798K (19%)
----------------- Invoking toplevel() on ptolemy.moml.MoMLSimpleApplication@7756a899
----------------- Done invoking toplevel() on ptolemy.moml.MoMLSimpleApplication@7756a899
reloadAllAccessors: .ResettableTimer6

===========================================================================================
----------------- testing Wed Jun 06 21:26:57 UTC 2018 /home/travis/build/icyphy/ptII/ptolemy/domains/de/test/auto/ServerZeroDelay.xml
----------------- Instantiating /home/travis/build/icyphy/ptII/ptolemy/domains/de/test/auto/ServerZeroDelay.xml
2 ms. Memory: 714240K Free: 130373K (18%)
----------------- Invoking toplevel() on ptolemy.moml.MoMLSimpleApplication@3b699385
----------------- Done invoking toplevel() on ptolemy.moml.MoMLSimpleApplication@3b699385
reloadAllAccessors: .ServerZeroDelay

===========================================================================================
----------------- testing Wed Jun 06 21:26:57 UTC 2018 /home/travis/build/icyphy/ptII/ptolemy/domains/de/test/auto/SmartSender.xml
----------------- Instantiating /home/travis/build/icyphy/ptII/ptolemy/domains/de/test/auto/SmartSender.xml
3002 ms. Memory: 714240K Free: 121949K (17%)
----------------- Invoking toplevel() on ptolemy.moml.MoMLSimpleApplication@13d2a42c
----------------- Done invoking toplevel() on ptolemy.moml.MoMLSimpleApplication@13d2a42c
reloadAllAccessors: .SmartSender

===========================================================================================
----------------- testing Wed Jun 06 21:27:00 UTC 2018 /home/travis/build/icyphy/ptII/ptolemy/domains/de/test/auto/ThreadedComposite.xml
----------------- Instantiating /home/travis/build/icyphy/ptII/ptolemy/domains/de/test/auto/ThreadedComposite.xml
145 ms. Memory: 714240K Free: 85680K (12%)
----------------- Invoking toplevel() on ptolemy.moml.MoMLSimpleApplication@20ccde13
----------------- Done invoking toplevel() on ptolemy.moml.MoMLSimpleApplication@20ccde13
reloadAllAccessors: .ThreadedComposite

===========================================================================================
----------------- testing Wed Jun 06 21:27:00 UTC 2018 /home/travis/build/icyphy/ptII/ptolemy/domains/de/test/auto/Time.xml
----------------- Instantiating /home/travis/build/icyphy/ptII/ptolemy/domains/de/test/auto/Time.xml
409 ms. Memory: 683520K Free: 630124K (92%)
----------------- Invoking toplevel() on ptolemy.moml.MoMLSimpleApplication@68f6906b
----------------- Done invoking toplevel() on ptolemy.moml.MoMLSimpleApplication@68f6906b
reloadAllAccessors: .Time

===========================================================================================
----------------- testing Wed Jun 06 21:27:00 UTC 2018 /home/travis/build/icyphy/ptII/ptolemy/domains/de/test/auto/TimeDelayZeroDelay.xml
----------------- Instantiating /home/travis/build/icyphy/ptII/ptolemy/domains/de/test/auto/TimeDelayZeroDelay.xml
2 ms. Memory: 683520K Free: 618424K (90%)
----------------- Invoking toplevel() on ptolemy.moml.MoMLSimpleApplication@516de2d7
----------------- Done invoking toplevel() on ptolemy.moml.MoMLSimpleApplication@516de2d7
reloadAllAccessors: .TimeDelayZeroDelay

===========================================================================================
----------------- testing Wed Jun 06 21:27:01 UTC 2018 /home/travis/build/icyphy/ptII/ptolemy/domains/de/test/auto/TimerZeroDelay.xml
----------------- Instantiating /home/travis/build/icyphy/ptII/ptolemy/domains/de/test/auto/TimerZeroDelay.xml
2 ms. Memory: 683520K Free: 610395K (89%)
----------------- Invoking toplevel() on ptolemy.moml.MoMLSimpleApplication@aab6e0f
----------------- Done invoking toplevel() on ptolemy.moml.MoMLSimpleApplication@aab6e0f
reloadAllAccessors: .TimerZeroDelay

===========================================================================================
----------------- testing Wed Jun 06 21:27:01 UTC 2018 /home/travis/build/icyphy/ptII/ptolemy/domains/de/test/auto/TimingParadox.xml
----------------- Instantiating /home/travis/build/icyphy/ptII/ptolemy/domains/de/test/auto/TimingParadox.xml
284 ms. Memory: 683520K Free: 538110K (79%)
----------------- Invoking toplevel() on ptolemy.moml.MoMLSimpleApplication@3c2ae3ad
----------------- Done invoking toplevel() on ptolemy.moml.MoMLSimpleApplication@3c2ae3ad
reloadAllAccessors: .TimingParadox

===========================================================================================
----------------- testing Wed Jun 06 21:27:01 UTC 2018 /home/travis/build/icyphy/ptII/ptolemy/domains/de/test/auto/TransferInputs.xml
----------------- Instantiating /home/travis/build/icyphy/ptII/ptolemy/domains/de/test/auto/TransferInputs.xml
2 ms. Memory: 683520K Free: 528416K (77%)
----------------- Invoking toplevel() on ptolemy.moml.MoMLSimpleApplication@319464fc
----------------- Done invoking toplevel() on ptolemy.moml.MoMLSimpleApplication@319464fc
reloadAllAccessors: .TransferInputs

===========================================================================================
----------------- testing Wed Jun 06 21:27:01 UTC 2018 /home/travis/build/icyphy/ptII/ptolemy/domains/de/test/auto/TransferOutputs2.xml
----------------- Instantiating /home/travis/build/icyphy/ptII/ptolemy/domains/de/test/auto/TransferOutputs2.xml
6 ms. Memory: 683520K Free: 516365K (76%)
----------------- Invoking toplevel() on ptolemy.moml.MoMLSimpleApplication@637eaad3
----------------- Done invoking toplevel() on ptolemy.moml.MoMLSimpleApplication@637eaad3
reloadAllAccessors: .TransferOutputs2

===========================================================================================
----------------- testing Wed Jun 06 21:27:01 UTC 2018 /home/travis/build/icyphy/ptII/ptolemy/domains/de/test/auto/Trilateration.xml
----------------- Instantiating /home/travis/build/icyphy/ptII/ptolemy/domains/de/test/auto/Trilateration.xml
11219 ms. Memory: 815616K Free: 782535K (96%)
----------------- Invoking toplevel() on ptolemy.moml.MoMLSimpleApplication@79a7f8d1
----------------- Done invoking toplevel() on ptolemy.moml.MoMLSimpleApplication@79a7f8d1
reloadAllAccessors: .Trilateration

===========================================================================================
----------------- testing Wed Jun 06 21:27:13 UTC 2018 /home/travis/build/icyphy/ptII/ptolemy/domains/de/test/auto/TwoSigmaDelta.xml
----------------- Instantiating /home/travis/build/icyphy/ptII/ptolemy/domains/de/test/auto/TwoSigmaDelta.xml
2021 ms. Memory: 815616K Free: 483016K (59%)
----------------- Invoking toplevel() on ptolemy.moml.MoMLSimpleApplication@5c6d86e4
----------------- Done invoking toplevel() on ptolemy.moml.MoMLSimpleApplication@5c6d86e4
reloadAllAccessors: .TwoSigmaDelta

===========================================================================================
----------------- testing Wed Jun 06 21:27:15 UTC 2018 /home/travis/build/icyphy/ptII/ptolemy/domains/de/test/auto/VariableDelay.xml
----------------- Instantiating /home/travis/build/icyphy/ptII/ptolemy/domains/de/test/auto/VariableDelay.xml
2 ms. Memory: 815616K Free: 468454K (57%)
----------------- Invoking toplevel() on ptolemy.moml.MoMLSimpleApplication@581ff019
----------------- Done invoking toplevel() on ptolemy.moml.MoMLSimpleApplication@581ff019
reloadAllAccessors: .VariableDelay

===========================================================================================
----------------- testing Wed Jun 06 21:27:15 UTC 2018 /home/travis/build/icyphy/ptII/ptolemy/domains/de/test/auto/VariableDelay2.xml
----------------- Instantiating /home/travis/build/icyphy/ptII/ptolemy/domains/de/test/auto/VariableDelay2.xml
2 ms. Memory: 815616K Free: 452565K (55%)
----------------- Invoking toplevel() on ptolemy.moml.MoMLSimpleApplication@702fa975
----------------- Done invoking toplevel() on ptolemy.moml.MoMLSimpleApplication@702fa975
reloadAllAccessors: .VariableDelay2

===========================================================================================
----------------- testing Wed Jun 06 21:27:15 UTC 2018 /home/travis/build/icyphy/ptII/ptolemy/domains/de/test/auto/VariableDelayZeroDelay.xml
----------------- Instantiating /home/travis/build/icyphy/ptII/ptolemy/domains/de/test/auto/VariableDelayZeroDelay.xml
2 ms. Memory: 815616K Free: 438003K (54%)
----------------- Invoking toplevel() on ptolemy.moml.MoMLSimpleApplication@54e3809a
----------------- Done invoking toplevel() on ptolemy.moml.MoMLSimpleApplication@54e3809a
reloadAllAccessors: .VariableDelayZeroDelay

===========================================================================================
----------------- testing Wed Jun 06 21:27:15 UTC 2018 /home/travis/build/icyphy/ptII/ptolemy/domains/de/test/auto/VariableDelayZeroDelay2.xml
----------------- Instantiating /home/travis/build/icyphy/ptII/ptolemy/domains/de/test/auto/VariableDelayZeroDelay2.xml
1 ms. Memory: 815616K Free: 422114K (52%)
----------------- Invoking toplevel() on ptolemy.moml.MoMLSimpleApplication@3567b0
----------------- Done invoking toplevel() on ptolemy.moml.MoMLSimpleApplication@3567b0
reloadAllAccessors: .VariableDelayZeroDelay2

===========================================================================================
----------------- testing Wed Jun 06 21:27:15 UTC 2018 /home/travis/build/icyphy/ptII/ptolemy/domains/de/test/auto/deInCt.xml
----------------- Instantiating /home/travis/build/icyphy/ptII/ptolemy/domains/de/test/auto/deInCt.xml
0
1
1
1
0
0
0
0
0
0
1
1
1
0
0
0
1
1
1
0
0
0
1
1
1
1
0
0
0
1
1
1
1
4 ms. Memory: 815616K Free: 407552K (50%)
----------------- Invoking toplevel() on ptolemy.moml.MoMLSimpleApplication@3ee9d20f
----------------- Done invoking toplevel() on ptolemy.moml.MoMLSimpleApplication@3ee9d20f
reloadAllAccessors: .deInCt

===========================================================================================
----------------- testing Wed Jun 06 21:27:15 UTC 2018 /home/travis/build/icyphy/ptII/ptolemy/domains/de/test/auto/deInCt2.xml
----------------- Instantiating /home/travis/build/icyphy/ptII/ptolemy/domains/de/test/auto/deInCt2.xml
0
1
1
1
0
0
1
1
1
0
0
1
1
1
0
0
1
1
1
0
0
1
1
1
0
0
1
1
1
0
0
1
1
1
0
0
1
1
1
0
0
0
4 ms. Memory: 815616K Free: 392986K (48%)
----------------- Invoking toplevel() on ptolemy.moml.MoMLSimpleApplication@cace827
----------------- Done invoking toplevel() on ptolemy.moml.MoMLSimpleApplication@cace827
reloadAllAccessors: .deInCt2

===========================================================================================
----------------- testing Wed Jun 06 21:27:15 UTC 2018 /home/travis/build/icyphy/ptII/ptolemy/domains/de/test/auto/dynamicCausalityInterface1.xml
----------------- Instantiating /home/travis/build/icyphy/ptII/ptolemy/domains/de/test/auto/dynamicCausalityInterface1.xml
1 ms. Memory: 815616K Free: 369800K (45%)
----------------- Invoking toplevel() on ptolemy.moml.MoMLSimpleApplication@39675000
----------------- Done invoking toplevel() on ptolemy.moml.MoMLSimpleApplication@39675000
reloadAllAccessors: .dynamicCausalityInterface1

===========================================================================================
----------------- testing Wed Jun 06 21:27:15 UTC 2018 /home/travis/build/icyphy/ptII/ptolemy/domains/de/test/auto/fsm_de_test.xml
----------------- Instantiating /home/travis/build/icyphy/ptII/ptolemy/domains/de/test/auto/fsm_de_test.xml
4 ms. Memory: 815616K Free: 347942K (43%)
----------------- Invoking toplevel() on ptolemy.moml.MoMLSimpleApplication@21bf08ef
----------------- Done invoking toplevel() on ptolemy.moml.MoMLSimpleApplication@21bf08ef
reloadAllAccessors: .fsm_de_test

===========================================================================================
----------------- testing Wed Jun 06 21:27:15 UTC 2018 /home/travis/build/icyphy/ptII/ptolemy/domains/de/test/auto/functionDependencyReconstruction.xml
----------------- Instantiating /home/travis/build/icyphy/ptII/ptolemy/domains/de/test/auto/functionDependencyReconstruction.xml
2 ms. Memory: 815616K Free: 317475K (39%)
----------------- Invoking toplevel() on ptolemy.moml.MoMLSimpleApplication@9e83c79
----------------- Done invoking toplevel() on ptolemy.moml.MoMLSimpleApplication@9e83c79
reloadAllAccessors: .functionDependencyReconstruction

===========================================================================================
----------------- testing Wed Jun 06 21:27:15 UTC 2018 /home/travis/build/icyphy/ptII/ptolemy/domains/de/test/auto/multirate.xml
----------------- Instantiating /home/travis/build/icyphy/ptII/ptolemy/domains/de/test/auto/multirate.xml
2 ms. Memory: 815616K Free: 302913K (37%)
----------------- Invoking toplevel() on ptolemy.moml.MoMLSimpleApplication@122426f2
----------------- Done invoking toplevel() on ptolemy.moml.MoMLSimpleApplication@122426f2
reloadAllAccessors: .multirate

===========================================================================================
----------------- testing Wed Jun 06 21:27:15 UTC 2018 /home/travis/build/icyphy/ptII/ptolemy/domains/de/test/auto/multirate2.xml
----------------- Instantiating /home/travis/build/icyphy/ptII/ptolemy/domains/de/test/auto/multirate2.xml
3 ms. Memory: 815616K Free: 288352K (35%)
----------------- Invoking toplevel() on ptolemy.moml.MoMLSimpleApplication@3069825e
----------------- Done invoking toplevel() on ptolemy.moml.MoMLSimpleApplication@3069825e
reloadAllAccessors: .multirate2

===========================================================================================
----------------- testing Wed Jun 06 21:27:15 UTC 2018 /home/travis/build/icyphy/ptII/ptolemy/domains/de/test/auto/realtime.xml
----------------- Instantiating /home/travis/build/icyphy/ptII/ptolemy/domains/de/test/auto/realtime.xml
10001 ms. Memory: 815616K Free: 272462K (33%)
----------------- Invoking toplevel() on ptolemy.moml.MoMLSimpleApplication@4f4d9083
----------------- Done invoking toplevel() on ptolemy.moml.MoMLSimpleApplication@4f4d9083
reloadAllAccessors: .realtime

===========================================================================================
----------------- testing Wed Jun 06 21:27:25 UTC 2018 /home/travis/build/icyphy/ptII/ptolemy/domains/de/test/auto/relationGroup.xml
----------------- Instantiating /home/travis/build/icyphy/ptII/ptolemy/domains/de/test/auto/relationGroup.xml
1 ms. Memory: 815616K Free: 257901K (32%)
----------------- Invoking toplevel() on ptolemy.moml.MoMLSimpleApplication@861a02e
----------------- Done invoking toplevel() on ptolemy.moml.MoMLSimpleApplication@861a02e
reloadAllAccessors: .relationGroup

===========================================================================================
----------------- testing Wed Jun 06 21:27:25 UTC 2018 /home/travis/build/icyphy/ptII/ptolemy/domains/de/test/auto/relationGroup2.xml
----------------- Instantiating /home/travis/build/icyphy/ptII/ptolemy/domains/de/test/auto/relationGroup2.xml
1 ms. Memory: 815616K Free: 242011K (30%)
----------------- Invoking toplevel() on ptolemy.moml.MoMLSimpleApplication@2d6da345
----------------- Done invoking toplevel() on ptolemy.moml.MoMLSimpleApplication@2d6da345
reloadAllAccessors: .relationGroup2

===========================================================================================
----------------- testing Wed Jun 06 21:27:25 UTC 2018 /home/travis/build/icyphy/ptII/ptolemy/domains/de/test/auto/sortWithOpaquePorts.xml
----------------- Instantiating /home/travis/build/icyphy/ptII/ptolemy/domains/de/test/auto/sortWithOpaquePorts.xml
1 ms. Memory: 815616K Free: 227450K (28%)
----------------- Invoking toplevel() on ptolemy.moml.MoMLSimpleApplication@fe23dce
----------------- Done invoking toplevel() on ptolemy.moml.MoMLSimpleApplication@fe23dce
reloadAllAccessors: .sortWithOpaquePorts

===========================================================================================
----------------- testing Wed Jun 06 21:27:25 UTC 2018 /home/travis/build/icyphy/ptII/ptolemy/domains/de/test/auto/transferInputsandOutputs.xml
----------------- Instantiating /home/travis/build/icyphy/ptII/ptolemy/domains/de/test/auto/transferInputsandOutputs.xml
2 ms. Memory: 815616K Free: 211560K (26%)
----------------- Invoking toplevel() on ptolemy.moml.MoMLSimpleApplication@1d25b963
----------------- Done invoking toplevel() on ptolemy.moml.MoMLSimpleApplication@1d25b963
reloadAllAccessors: .transferInputsandOutputs

===========================================================================================
----------------- testing Wed Jun 06 21:27:25 UTC 2018 /home/travis/build/icyphy/ptII/ptolemy/domains/de/test/auto/triggerType.xml
----------------- Instantiating /home/travis/build/icyphy/ptII/ptolemy/domains/de/test/auto/triggerType.xml
2 ms. Memory: 815616K Free: 196999K (24%)
----------------- Invoking toplevel() on ptolemy.moml.MoMLSimpleApplication@2ee5c109
----------------- Done invoking toplevel() on ptolemy.moml.MoMLSimpleApplication@2ee5c109
reloadAllAccessors: .triggerType
AutoTests.java: About to close Vertx.
AutoTests.java: Vertx closed.
]]></system-out>
  <system-err><![CDATA[java.lang.RuntimeException: Execution failed
	at ptolemy.moml.MoMLSimpleApplication$UnloadThread.run(MoMLSimpleApplication.java:402)
Caused by: ptolemy.kernel.util.IllegalActionException: Found a zero delay loop containing .dependencyLoop.original
  in .dependencyLoop and .dependencyLoop.original
	at ptolemy.actor.util.CausalityInterfaceForComposites._computeOutputPortDepth(CausalityInterfaceForComposites.java:759)
	at ptolemy.actor.util.CausalityInterfaceForComposites._computeInputDepth(CausalityInterfaceForComposites.java:696)
	at ptolemy.actor.util.CausalityInterfaceForComposites._computeOutputPortDepth(CausalityInterfaceForComposites.java:765)
	at ptolemy.actor.util.CausalityInterfaceForComposites._computeInputDepth(CausalityInterfaceForComposites.java:696)
	at ptolemy.actor.util.CausalityInterfaceForComposites._computeOutputPortDepth(CausalityInterfaceForComposites.java:765)
	at ptolemy.actor.util.CausalityInterfaceForComposites._computeInputDepth(CausalityInterfaceForComposites.java:696)
	at ptolemy.actor.util.CausalityInterfaceForComposites._computeActorDepth(CausalityInterfaceForComposites.java:532)
	at ptolemy.actor.util.CausalityInterfaceForComposites.checkForCycles(CausalityInterfaceForComposites.java:96)
	at ptolemy.domains.de.kernel.DEDirector.preinitialize(DEDirector.java:1337)
	at ptolemy.actor.CompositeActor.preinitialize(CompositeActor.java:1828)
	at ptolemy.actor.Manager.preinitializeAndResolveTypes(Manager.java:1040)
	at ptolemy.actor.Manager.initialize(Manager.java:710)
	at ptolemy.actor.Manager.execute(Manager.java:356)
	at ptolemy.actor.Manager.run(Manager.java:1263)
	at ptolemy.actor.Manager$PtolemyRunThread.run(Manager.java:1915)
java.lang.RuntimeException: Execution failed
	at ptolemy.moml.MoMLSimpleApplication$UnloadThread.run(MoMLSimpleApplication.java:402)
Caused by: ptolemy.kernel.util.IllegalActionException: Found a zero delay loop containing .dependencyLoop2.original
  in .dependencyLoop2 and .dependencyLoop2.original
	at ptolemy.actor.util.CausalityInterfaceForComposites._computeOutputPortDepth(CausalityInterfaceForComposites.java:759)
	at ptolemy.actor.util.CausalityInterfaceForComposites._computeInputDepth(CausalityInterfaceForComposites.java:696)
	at ptolemy.actor.util.CausalityInterfaceForComposites._computeOutputPortDepth(CausalityInterfaceForComposites.java:765)
	at ptolemy.actor.util.CausalityInterfaceForComposites._computeInputDepth(CausalityInterfaceForComposites.java:696)
	at ptolemy.actor.util.CausalityInterfaceForComposites._computeOutputPortDepth(CausalityInterfaceForComposites.java:765)
	at ptolemy.actor.util.CausalityInterfaceForComposites._computeInputDepth(CausalityInterfaceForComposites.java:696)
	at ptolemy.actor.util.CausalityInterfaceForComposites._computeActorDepth(CausalityInterfaceForComposites.java:532)
	at ptolemy.actor.util.CausalityInterfaceForComposites.checkForCycles(CausalityInterfaceForComposites.java:96)
	at ptolemy.domains.de.kernel.DEDirector.preinitialize(DEDirector.java:1337)
	at ptolemy.actor.CompositeActor.preinitialize(CompositeActor.java:1828)
	at ptolemy.actor.Manager.preinitializeAndResolveTypes(Manager.java:1040)
	at ptolemy.actor.Manager.initialize(Manager.java:710)
	at ptolemy.actor.Manager.execute(Manager.java:356)
	at ptolemy.actor.Manager.run(Manager.java:1263)
	at ptolemy.actor.Manager$PtolemyRunThread.run(Manager.java:1915)
java.lang.RuntimeException: Execution failed
	at ptolemy.moml.MoMLSimpleApplication$UnloadThread.run(MoMLSimpleApplication.java:402)
Caused by: ptolemy.kernel.util.IllegalActionException: Found a zero delay loop containing .dependencyLoop.original
  in .dependencyLoop and .dependencyLoop.original
	at ptolemy.actor.util.CausalityInterfaceForComposites._computeOutputPortDepth(CausalityInterfaceForComposites.java:759)
	at ptolemy.actor.util.CausalityInterfaceForComposites._computeInputDepth(CausalityInterfaceForComposites.java:696)
	at ptolemy.actor.util.CausalityInterfaceForComposites._computeOutputPortDepth(CausalityInterfaceForComposites.java:765)
	at ptolemy.actor.util.CausalityInterfaceForComposites._computeInputDepth(CausalityInterfaceForComposites.java:696)
	at ptolemy.actor.util.CausalityInterfaceForComposites._computeOutputPortDepth(CausalityInterfaceForComposites.java:765)
	at ptolemy.actor.util.CausalityInterfaceForComposites._computeInputDepth(CausalityInterfaceForComposites.java:696)
	at ptolemy.actor.util.CausalityInterfaceForComposites._computeActorDepth(CausalityInterfaceForComposites.java:532)
	at ptolemy.actor.util.CausalityInterfaceForComposites.checkForCycles(CausalityInterfaceForComposites.java:96)
	at ptolemy.domains.de.kernel.DEDirector.preinitialize(DEDirector.java:1337)
	at ptolemy.actor.CompositeActor.preinitialize(CompositeActor.java:1828)
	at ptolemy.actor.Manager.preinitializeAndResolveTypes(Manager.java:1040)
	at ptolemy.actor.Manager.initialize(Manager.java:710)
	at ptolemy.actor.Manager.execute(Manager.java:356)
	at ptolemy.actor.Manager.run(Manager.java:1263)
	at ptolemy.actor.Manager$PtolemyRunThread.run(Manager.java:1915)
java.lang.RuntimeException: Execution failed
	at ptolemy.moml.MoMLSimpleApplication$UnloadThread.run(MoMLSimpleApplication.java:402)
Caused by: ptolemy.kernel.util.IllegalActionException: Actor is not ready to fire.  Perhaps UpSample.prefire() returned false? Try debugging the actor by selecting "Listen to Actor".  Also, for SDF check moml for tokenConsumptionRate on input.
  in .DESDFClockTest.Play Bell.Copy1:SDF Director and .DESDFClockTest.Play Bell.UpSample
	at ptolemy.actor.sched.StaticSchedulingDirector.fire(StaticSchedulingDirector.java:227)
	at ptolemy.domains.sdf.kernel.SDFDirector.fire(SDFDirector.java:500)
	at ptolemy.actor.CompositeActor.fire(CompositeActor.java:455)
	at ptolemy.domains.de.kernel.DEDirector._fire(DEDirector.java:1948)
	at ptolemy.domains.de.kernel.DEDirector.fire(DEDirector.java:502)
	at ptolemy.actor.CompositeActor.fire(CompositeActor.java:455)
	at ptolemy.actor.Manager.iterate(Manager.java:851)
	at ptolemy.actor.Manager.execute(Manager.java:369)
	at ptolemy.actor.Manager.run(Manager.java:1263)
	at ptolemy.actor.Manager$PtolemyRunThread.run(Manager.java:1915)
java.lang.RuntimeException: Execution failed
	at ptolemy.moml.MoMLSimpleApplication$UnloadThread.run(MoMLSimpleApplication.java:402)
Caused by: ptolemy.kernel.util.IllegalActionException: Found a zero delay loop containing .dependencyLoop2.original
  in .dependencyLoop2 and .dependencyLoop2.original
	at ptolemy.actor.util.CausalityInterfaceForComposites._computeOutputPortDepth(CausalityInterfaceForComposites.java:759)
	at ptolemy.actor.util.CausalityInterfaceForComposites._computeInputDepth(CausalityInterfaceForComposites.java:696)
	at ptolemy.actor.util.CausalityInterfaceForComposites._computeOutputPortDepth(CausalityInterfaceForComposites.java:765)
	at ptolemy.actor.util.CausalityInterfaceForComposites._computeInputDepth(CausalityInterfaceForComposites.java:696)
	at ptolemy.actor.util.CausalityInterfaceForComposites._computeOutputPortDepth(CausalityInterfaceForComposites.java:765)
	at ptolemy.actor.util.CausalityInterfaceForComposites._computeInputDepth(CausalityInterfaceForComposites.java:696)
	at ptolemy.actor.util.CausalityInterfaceForComposites._computeActorDepth(CausalityInterfaceForComposites.java:532)
	at ptolemy.actor.util.CausalityInterfaceForComposites.checkForCycles(CausalityInterfaceForComposites.java:96)
	at ptolemy.domains.de.kernel.DEDirector.preinitialize(DEDirector.java:1337)
	at ptolemy.actor.CompositeActor.preinitialize(CompositeActor.java:1828)
	at ptolemy.actor.Manager.preinitializeAndResolveTypes(Manager.java:1040)
	at ptolemy.actor.Manager.initialize(Manager.java:710)
	at ptolemy.actor.Manager.execute(Manager.java:356)
	at ptolemy.actor.Manager.run(Manager.java:1263)
	at ptolemy.actor.Manager$PtolemyRunThread.run(Manager.java:1915)
java.lang.RuntimeException: Execution failed
	at ptolemy.moml.MoMLSimpleApplication$UnloadThread.run(MoMLSimpleApplication.java:402)
Caused by: ptolemy.kernel.util.IllegalActionException: Found a zero delay loop containing .HierarchicalModel.A
  in .HierarchicalModel and .HierarchicalModel.A
	at ptolemy.actor.util.CausalityInterfaceForComposites._computeOutputPortDepth(CausalityInterfaceForComposites.java:759)
	at ptolemy.actor.util.CausalityInterfaceForComposites._computeInputDepth(CausalityInterfaceForComposites.java:696)
	at ptolemy.actor.util.CausalityInterfaceForComposites._computeOutputPortDepth(CausalityInterfaceForComposites.java:765)
	at ptolemy.actor.util.CausalityInterfaceForComposites._computeInputDepth(CausalityInterfaceForComposites.java:696)
	at ptolemy.actor.util.CausalityInterfaceForComposites._computeOutputPortDepth(CausalityInterfaceForComposites.java:765)
	at ptolemy.actor.util.CausalityInterfaceForComposites._computeInputDepth(CausalityInterfaceForComposites.java:696)
	at ptolemy.actor.util.CausalityInterfaceForComposites._computeActorDepth(CausalityInterfaceForComposites.java:532)
	at ptolemy.actor.util.CausalityInterfaceForComposites.checkForCycles(CausalityInterfaceForComposites.java:96)
	at ptolemy.domains.de.kernel.DEDirector.preinitialize(DEDirector.java:1337)
	at ptolemy.actor.CompositeActor.preinitialize(CompositeActor.java:1828)
	at ptolemy.actor.Manager.preinitializeAndResolveTypes(Manager.java:1040)
	at ptolemy.actor.Manager.initialize(Manager.java:710)
	at ptolemy.actor.Manager.execute(Manager.java:356)
	at ptolemy.actor.Manager.run(Manager.java:1263)
	at ptolemy.actor.Manager$PtolemyRunThread.run(Manager.java:1915)
java.lang.RuntimeException: Execution failed
	at ptolemy.moml.MoMLSimpleApplication$UnloadThread.run(MoMLSimpleApplication.java:402)
Caused by: ptolemy.kernel.util.IllegalActionException: Test fails in iteration 1.
Value was: 1.0. Should have been: 2.0
  in .DirectFeedback.Test
	at ptolemy.actor.lib.Test.fire(Test.java:268)
	at ptolemy.domains.de.kernel.DEDirector._fire(DEDirector.java:1948)
	at ptolemy.domains.de.kernel.DEDirector.fire(DEDirector.java:502)
	at ptolemy.actor.CompositeActor.fire(CompositeActor.java:455)
	at ptolemy.actor.Manager.iterate(Manager.java:851)
	at ptolemy.actor.Manager.execute(Manager.java:369)
	at ptolemy.actor.Manager.run(Manager.java:1263)
	at ptolemy.actor.Manager$PtolemyRunThread.run(Manager.java:1915)
java.lang.RuntimeException: Execution failed
	at ptolemy.moml.MoMLSimpleApplication$UnloadThread.run(MoMLSimpleApplication.java:402)
Caused by: ptolemy.kernel.util.IllegalActionException: Actor is not ready to fire.  Perhaps UpSample.prefire() returned false? Try debugging the actor by selecting "Listen to Actor".  Also, for SDF check moml for tokenConsumptionRate on input.
  in .DESDFClockTest.Play Bell.Copy1:SDF Director and .DESDFClockTest.Play Bell.UpSample
	at ptolemy.actor.sched.StaticSchedulingDirector.fire(StaticSchedulingDirector.java:227)
	at ptolemy.domains.sdf.kernel.SDFDirector.fire(SDFDirector.java:500)
	at ptolemy.actor.CompositeActor.fire(CompositeActor.java:455)
	at ptolemy.domains.de.kernel.DEDirector._fire(DEDirector.java:1948)
	at ptolemy.domains.de.kernel.DEDirector.fire(DEDirector.java:502)
	at ptolemy.actor.CompositeActor.fire(CompositeActor.java:455)
	at ptolemy.actor.Manager.iterate(Manager.java:851)
	at ptolemy.actor.Manager.execute(Manager.java:369)
	at ptolemy.actor.Manager.run(Manager.java:1263)
	at ptolemy.actor.Manager$PtolemyRunThread.run(Manager.java:1915)
java.lang.reflect.InvocationTargetException
	at sun.reflect.NativeConstructorAccessorImpl.newInstance0(Native Method)
	at sun.reflect.NativeConstructorAccessorImpl.newInstance(NativeConstructorAccessorImpl.java:62)
	at sun.reflect.DelegatingConstructorAccessorImpl.newInstance(DelegatingConstructorAccessorImpl.java:45)
	at java.lang.reflect.Constructor.newInstance(Constructor.java:423)
	at ptolemy.util.test.junit.AutoKnownFailedTests.RunModel(AutoKnownFailedTests.java:107)
	at sun.reflect.NativeMethodAccessorImpl.invoke0(Native Method)
	at sun.reflect.NativeMethodAccessorImpl.invoke(NativeMethodAccessorImpl.java:62)
	at sun.reflect.DelegatingMethodAccessorImpl.invoke(DelegatingMethodAccessorImpl.java:43)
	at java.lang.reflect.Method.invoke(Method.java:498)
	at org.junit.runners.model.FrameworkMethod$1.runReflectiveCall(FrameworkMethod.java:44)
	at org.junit.internal.runners.model.ReflectiveCallable.run(ReflectiveCallable.java:15)
	at org.junit.runners.model.FrameworkMethod.invokeExplosively(FrameworkMethod.java:41)
	at junitparams.internal.InvokeParameterisedMethod.evaluate(InvokeParameterisedMethod.java:102)
	at org.junit.internal.runners.statements.FailOnTimeout$1.run(FailOnTimeout.java:28)
Caused by: ptolemy.kernel.util.IllegalActionException: Actor is not ready to fire.  Perhaps UpSample.prefire() returned false? Try debugging the actor by selecting "Listen to Actor".  Also, for SDF check moml for tokenConsumptionRate on input.
  in .DESDFClockTest.Play Bell.Copy1:SDF Director and .DESDFClockTest.Play Bell.UpSample
	at ptolemy.actor.sched.StaticSchedulingDirector.fire(StaticSchedulingDirector.java:227)
	at ptolemy.domains.sdf.kernel.SDFDirector.fire(SDFDirector.java:500)
	at ptolemy.actor.CompositeActor.fire(CompositeActor.java:455)
	at ptolemy.domains.de.kernel.DEDirector._fire(DEDirector.java:1948)
	at ptolemy.domains.de.kernel.DEDirector.fire(DEDirector.java:502)
	at ptolemy.actor.CompositeActor.fire(CompositeActor.java:455)
	at ptolemy.actor.Manager.iterate(Manager.java:851)
	at ptolemy.actor.Manager.execute(Manager.java:369)
	at ptolemy.actor.Manager.run(Manager.java:1263)
	at ptolemy.actor.Manager$PtolemyRunThread.run(Manager.java:1915)
java.lang.RuntimeException: Execution failed
	at ptolemy.moml.MoMLSimpleApplication$UnloadThread.run(MoMLSimpleApplication.java:402)
Caused by: ptolemy.kernel.util.IllegalActionException: Test fails in iteration 1.
Value was: 1.0. Should have been: 2.0
  in .DirectFeedback.Test
	at ptolemy.actor.lib.Test.fire(Test.java:268)
	at ptolemy.domains.de.kernel.DEDirector._fire(DEDirector.java:1948)
	at ptolemy.domains.de.kernel.DEDirector.fire(DEDirector.java:502)
	at ptolemy.actor.CompositeActor.fire(CompositeActor.java:455)
	at ptolemy.actor.Manager.iterate(Manager.java:851)
	at ptolemy.actor.Manager.execute(Manager.java:369)
	at ptolemy.actor.Manager.run(Manager.java:1263)
	at ptolemy.actor.Manager$PtolemyRunThread.run(Manager.java:1915)
java.lang.reflect.InvocationTargetException
	at sun.reflect.NativeConstructorAccessorImpl.newInstance0(Native Method)
	at sun.reflect.NativeConstructorAccessorImpl.newInstance(NativeConstructorAccessorImpl.java:62)
	at sun.reflect.DelegatingConstructorAccessorImpl.newInstance(DelegatingConstructorAccessorImpl.java:45)
	at java.lang.reflect.Constructor.newInstance(Constructor.java:423)
	at ptolemy.util.test.junit.AutoKnownFailedTests.RunModel(AutoKnownFailedTests.java:107)
	at sun.reflect.NativeMethodAccessorImpl.invoke0(Native Method)
	at sun.reflect.NativeMethodAccessorImpl.invoke(NativeMethodAccessorImpl.java:62)
	at sun.reflect.DelegatingMethodAccessorImpl.invoke(DelegatingMethodAccessorImpl.java:43)
	at java.lang.reflect.Method.invoke(Method.java:498)
	at org.junit.runners.model.FrameworkMethod$1.runReflectiveCall(FrameworkMethod.java:44)
	at org.junit.internal.runners.model.ReflectiveCallable.run(ReflectiveCallable.java:15)
	at org.junit.runners.model.FrameworkMethod.invokeExplosively(FrameworkMethod.java:41)
	at junitparams.internal.InvokeParameterisedMethod.evaluate(InvokeParameterisedMethod.java:102)
	at org.junit.internal.runners.statements.FailOnTimeout$1.run(FailOnTimeout.java:28)
Caused by: ptolemy.kernel.util.IllegalActionException: Test fails in iteration 1.
Value was: 1.0. Should have been: 2.0
  in .DirectFeedback.Test
	at ptolemy.actor.lib.Test.fire(Test.java:268)
	at ptolemy.domains.de.kernel.DEDirector._fire(DEDirector.java:1948)
	at ptolemy.domains.de.kernel.DEDirector.fire(DEDirector.java:502)
	at ptolemy.actor.CompositeActor.fire(CompositeActor.java:455)
	at ptolemy.actor.Manager.iterate(Manager.java:851)
	at ptolemy.actor.Manager.execute(Manager.java:369)
	at ptolemy.actor.Manager.run(Manager.java:1263)
	at ptolemy.actor.Manager$PtolemyRunThread.run(Manager.java:1915)
java.lang.RuntimeException: Execution failed
	at ptolemy.moml.MoMLSimpleApplication$UnloadThread.run(MoMLSimpleApplication.java:402)
Caused by: ptolemy.kernel.util.IllegalActionException: Found a zero delay loop containing .HierarchicalModel.A
  in .HierarchicalModel and .HierarchicalModel.A
	at ptolemy.actor.util.CausalityInterfaceForComposites._computeOutputPortDepth(CausalityInterfaceForComposites.java:759)
	at ptolemy.actor.util.CausalityInterfaceForComposites._computeInputDepth(CausalityInterfaceForComposites.java:696)
	at ptolemy.actor.util.CausalityInterfaceForComposites._computeOutputPortDepth(CausalityInterfaceForComposites.java:765)
	at ptolemy.actor.util.CausalityInterfaceForComposites._computeInputDepth(CausalityInterfaceForComposites.java:696)
	at ptolemy.actor.util.CausalityInterfaceForComposites._computeOutputPortDepth(CausalityInterfaceForComposites.java:765)
	at ptolemy.actor.util.CausalityInterfaceForComposites._computeInputDepth(CausalityInterfaceForComposites.java:696)
	at ptolemy.actor.util.CausalityInterfaceForComposites._computeActorDepth(CausalityInterfaceForComposites.java:532)
	at ptolemy.actor.util.CausalityInterfaceForComposites.checkForCycles(CausalityInterfaceForComposites.java:96)
	at ptolemy.domains.de.kernel.DEDirector.preinitialize(DEDirector.java:1337)
	at ptolemy.actor.CompositeActor.preinitialize(CompositeActor.java:1828)
	at ptolemy.actor.Manager.preinitializeAndResolveTypes(Manager.java:1040)
	at ptolemy.actor.Manager.initialize(Manager.java:710)
	at ptolemy.actor.Manager.execute(Manager.java:356)
	at ptolemy.actor.Manager.run(Manager.java:1263)
	at ptolemy.actor.Manager$PtolemyRunThread.run(Manager.java:1915)
java.lang.reflect.InvocationTargetException
	at sun.reflect.NativeConstructorAccessorImpl.newInstance0(Native Method)
	at sun.reflect.NativeConstructorAccessorImpl.newInstance(NativeConstructorAccessorImpl.java:62)
	at sun.reflect.DelegatingConstructorAccessorImpl.newInstance(DelegatingConstructorAccessorImpl.java:45)
	at java.lang.reflect.Constructor.newInstance(Constructor.java:423)
	at ptolemy.util.test.junit.AutoKnownFailedTests.RunModel(AutoKnownFailedTests.java:107)
	at sun.reflect.NativeMethodAccessorImpl.invoke0(Native Method)
	at sun.reflect.NativeMethodAccessorImpl.invoke(NativeMethodAccessorImpl.java:62)
	at sun.reflect.DelegatingMethodAccessorImpl.invoke(DelegatingMethodAccessorImpl.java:43)
	at java.lang.reflect.Method.invoke(Method.java:498)
	at org.junit.runners.model.FrameworkMethod$1.runReflectiveCall(FrameworkMethod.java:44)
	at org.junit.internal.runners.model.ReflectiveCallable.run(ReflectiveCallable.java:15)
	at org.junit.runners.model.FrameworkMethod.invokeExplosively(FrameworkMethod.java:41)
	at junitparams.internal.InvokeParameterisedMethod.evaluate(InvokeParameterisedMethod.java:102)
	at org.junit.internal.runners.statements.FailOnTimeout$1.run(FailOnTimeout.java:28)
Caused by: ptolemy.kernel.util.IllegalActionException: Found a zero delay loop containing .HierarchicalModel.A
  in .HierarchicalModel and .HierarchicalModel.A
	at ptolemy.actor.util.CausalityInterfaceForComposites._computeOutputPortDepth(CausalityInterfaceForComposites.java:759)
	at ptolemy.actor.util.CausalityInterfaceForComposites._computeInputDepth(CausalityInterfaceForComposites.java:696)
	at ptolemy.actor.util.CausalityInterfaceForComposites._computeOutputPortDepth(CausalityInterfaceForComposites.java:765)
	at ptolemy.actor.util.CausalityInterfaceForComposites._computeInputDepth(CausalityInterfaceForComposites.java:696)
	at ptolemy.actor.util.CausalityInterfaceForComposites._computeOutputPortDepth(CausalityInterfaceForComposites.java:765)
	at ptolemy.actor.util.CausalityInterfaceForComposites._computeInputDepth(CausalityInterfaceForComposites.java:696)
	at ptolemy.actor.util.CausalityInterfaceForComposites._computeActorDepth(CausalityInterfaceForComposites.java:532)
	at ptolemy.actor.util.CausalityInterfaceForComposites.checkForCycles(CausalityInterfaceForComposites.java:96)
	at ptolemy.domains.de.kernel.DEDirector.preinitialize(DEDirector.java:1337)
	at ptolemy.actor.CompositeActor.preinitialize(CompositeActor.java:1828)
	at ptolemy.actor.Manager.preinitializeAndResolveTypes(Manager.java:1040)
	at ptolemy.actor.Manager.initialize(Manager.java:710)
	at ptolemy.actor.Manager.execute(Manager.java:356)
	at ptolemy.actor.Manager.run(Manager.java:1263)
	at ptolemy.actor.Manager$PtolemyRunThread.run(Manager.java:1915)
java.lang.RuntimeException: Execution failed
	at ptolemy.moml.MoMLSimpleApplication$UnloadThread.run(MoMLSimpleApplication.java:402)
Caused by: ptolemy.kernel.util.IllegalActionException: Found a zero delay loop containing .dependencyLoop.original
  in .dependencyLoop and .dependencyLoop.original
	at ptolemy.actor.util.CausalityInterfaceForComposites._computeOutputPortDepth(CausalityInterfaceForComposites.java:759)
	at ptolemy.actor.util.CausalityInterfaceForComposites._computeInputDepth(CausalityInterfaceForComposites.java:696)
	at ptolemy.actor.util.CausalityInterfaceForComposites._computeOutputPortDepth(CausalityInterfaceForComposites.java:765)
	at ptolemy.actor.util.CausalityInterfaceForComposites._computeInputDepth(CausalityInterfaceForComposites.java:696)
	at ptolemy.actor.util.CausalityInterfaceForComposites._computeOutputPortDepth(CausalityInterfaceForComposites.java:765)
	at ptolemy.actor.util.CausalityInterfaceForComposites._computeInputDepth(CausalityInterfaceForComposites.java:696)
	at ptolemy.actor.util.CausalityInterfaceForComposites._computeActorDepth(CausalityInterfaceForComposites.java:532)
	at ptolemy.actor.util.CausalityInterfaceForComposites.checkForCycles(CausalityInterfaceForComposites.java:96)
	at ptolemy.domains.de.kernel.DEDirector.preinitialize(DEDirector.java:1337)
	at ptolemy.actor.CompositeActor.preinitialize(CompositeActor.java:1828)
	at ptolemy.actor.Manager.preinitializeAndResolveTypes(Manager.java:1040)
	at ptolemy.actor.Manager.initialize(Manager.java:710)
	at ptolemy.actor.Manager.execute(Manager.java:356)
	at ptolemy.actor.Manager.run(Manager.java:1263)
	at ptolemy.actor.Manager$PtolemyRunThread.run(Manager.java:1915)
java.lang.reflect.InvocationTargetException
	at sun.reflect.NativeConstructorAccessorImpl.newInstance0(Native Method)
	at sun.reflect.NativeConstructorAccessorImpl.newInstance(NativeConstructorAccessorImpl.java:62)
	at sun.reflect.DelegatingConstructorAccessorImpl.newInstance(DelegatingConstructorAccessorImpl.java:45)
	at java.lang.reflect.Constructor.newInstance(Constructor.java:423)
	at ptolemy.util.test.junit.AutoKnownFailedTests.RunModel(AutoKnownFailedTests.java:107)
	at sun.reflect.NativeMethodAccessorImpl.invoke0(Native Method)
	at sun.reflect.NativeMethodAccessorImpl.invoke(NativeMethodAccessorImpl.java:62)
	at sun.reflect.DelegatingMethodAccessorImpl.invoke(DelegatingMethodAccessorImpl.java:43)
	at java.lang.reflect.Method.invoke(Method.java:498)
	at org.junit.runners.model.FrameworkMethod$1.runReflectiveCall(FrameworkMethod.java:44)
	at org.junit.internal.runners.model.ReflectiveCallable.run(ReflectiveCallable.java:15)
	at org.junit.runners.model.FrameworkMethod.invokeExplosively(FrameworkMethod.java:41)
	at junitparams.internal.InvokeParameterisedMethod.evaluate(InvokeParameterisedMethod.java:102)
	at org.junit.internal.runners.statements.FailOnTimeout$1.run(FailOnTimeout.java:28)
Caused by: ptolemy.kernel.util.IllegalActionException: Found a zero delay loop containing .dependencyLoop.original
  in .dependencyLoop and .dependencyLoop.original
	at ptolemy.actor.util.CausalityInterfaceForComposites._computeOutputPortDepth(CausalityInterfaceForComposites.java:759)
	at ptolemy.actor.util.CausalityInterfaceForComposites._computeInputDepth(CausalityInterfaceForComposites.java:696)
	at ptolemy.actor.util.CausalityInterfaceForComposites._computeOutputPortDepth(CausalityInterfaceForComposites.java:765)
	at ptolemy.actor.util.CausalityInterfaceForComposites._computeInputDepth(CausalityInterfaceForComposites.java:696)
	at ptolemy.actor.util.CausalityInterfaceForComposites._computeOutputPortDepth(CausalityInterfaceForComposites.java:765)
	at ptolemy.actor.util.CausalityInterfaceForComposites._computeInputDepth(CausalityInterfaceForComposites.java:696)
	at ptolemy.actor.util.CausalityInterfaceForComposites._computeActorDepth(CausalityInterfaceForComposites.java:532)
	at ptolemy.actor.util.CausalityInterfaceForComposites.checkForCycles(CausalityInterfaceForComposites.java:96)
	at ptolemy.domains.de.kernel.DEDirector.preinitialize(DEDirector.java:1337)
	at ptolemy.actor.CompositeActor.preinitialize(CompositeActor.java:1828)
	at ptolemy.actor.Manager.preinitializeAndResolveTypes(Manager.java:1040)
	at ptolemy.actor.Manager.initialize(Manager.java:710)
	at ptolemy.actor.Manager.execute(Manager.java:356)
	at ptolemy.actor.Manager.run(Manager.java:1263)
	at ptolemy.actor.Manager$PtolemyRunThread.run(Manager.java:1915)
java.lang.RuntimeException: Execution failed
	at ptolemy.moml.MoMLSimpleApplication$UnloadThread.run(MoMLSimpleApplication.java:402)
Caused by: ptolemy.kernel.util.IllegalActionException: Found a zero delay loop containing .dependencyLoop2.original
  in .dependencyLoop2 and .dependencyLoop2.original
	at ptolemy.actor.util.CausalityInterfaceForComposites._computeOutputPortDepth(CausalityInterfaceForComposites.java:759)
	at ptolemy.actor.util.CausalityInterfaceForComposites._computeInputDepth(CausalityInterfaceForComposites.java:696)
	at ptolemy.actor.util.CausalityInterfaceForComposites._computeOutputPortDepth(CausalityInterfaceForComposites.java:765)
	at ptolemy.actor.util.CausalityInterfaceForComposites._computeInputDepth(CausalityInterfaceForComposites.java:696)
	at ptolemy.actor.util.CausalityInterfaceForComposites._computeOutputPortDepth(CausalityInterfaceForComposites.java:765)
	at ptolemy.actor.util.CausalityInterfaceForComposites._computeInputDepth(CausalityInterfaceForComposites.java:696)
	at ptolemy.actor.util.CausalityInterfaceForComposites._computeActorDepth(CausalityInterfaceForComposites.java:532)
	at ptolemy.actor.util.CausalityInterfaceForComposites.checkForCycles(CausalityInterfaceForComposites.java:96)
	at ptolemy.domains.de.kernel.DEDirector.preinitialize(DEDirector.java:1337)
	at ptolemy.actor.CompositeActor.preinitialize(CompositeActor.java:1828)
	at ptolemy.actor.Manager.preinitializeAndResolveTypes(Manager.java:1040)
	at ptolemy.actor.Manager.initialize(Manager.java:710)
	at ptolemy.actor.Manager.execute(Manager.java:356)
	at ptolemy.actor.Manager.run(Manager.java:1263)
	at ptolemy.actor.Manager$PtolemyRunThread.run(Manager.java:1915)
java.lang.reflect.InvocationTargetException
	at sun.reflect.NativeConstructorAccessorImpl.newInstance0(Native Method)
	at sun.reflect.NativeConstructorAccessorImpl.newInstance(NativeConstructorAccessorImpl.java:62)
	at sun.reflect.DelegatingConstructorAccessorImpl.newInstance(DelegatingConstructorAccessorImpl.java:45)
	at java.lang.reflect.Constructor.newInstance(Constructor.java:423)
	at ptolemy.util.test.junit.AutoKnownFailedTests.RunModel(AutoKnownFailedTests.java:107)
	at sun.reflect.NativeMethodAccessorImpl.invoke0(Native Method)
	at sun.reflect.NativeMethodAccessorImpl.invoke(NativeMethodAccessorImpl.java:62)
	at sun.reflect.DelegatingMethodAccessorImpl.invoke(DelegatingMethodAccessorImpl.java:43)
	at java.lang.reflect.Method.invoke(Method.java:498)
	at org.junit.runners.model.FrameworkMethod$1.runReflectiveCall(FrameworkMethod.java:44)
	at org.junit.internal.runners.model.ReflectiveCallable.run(ReflectiveCallable.java:15)
	at org.junit.runners.model.FrameworkMethod.invokeExplosively(FrameworkMethod.java:41)
	at junitparams.internal.InvokeParameterisedMethod.evaluate(InvokeParameterisedMethod.java:102)
	at org.junit.internal.runners.statements.FailOnTimeout$1.run(FailOnTimeout.java:28)
Caused by: ptolemy.kernel.util.IllegalActionException: Found a zero delay loop containing .dependencyLoop2.original
  in .dependencyLoop2 and .dependencyLoop2.original
	at ptolemy.actor.util.CausalityInterfaceForComposites._computeOutputPortDepth(CausalityInterfaceForComposites.java:759)
	at ptolemy.actor.util.CausalityInterfaceForComposites._computeInputDepth(CausalityInterfaceForComposites.java:696)
	at ptolemy.actor.util.CausalityInterfaceForComposites._computeOutputPortDepth(CausalityInterfaceForComposites.java:765)
	at ptolemy.actor.util.CausalityInterfaceForComposites._computeInputDepth(CausalityInterfaceForComposites.java:696)
	at ptolemy.actor.util.CausalityInterfaceForComposites._computeOutputPortDepth(CausalityInterfaceForComposites.java:765)
	at ptolemy.actor.util.CausalityInterfaceForComposites._computeInputDepth(CausalityInterfaceForComposites.java:696)
	at ptolemy.actor.util.CausalityInterfaceForComposites._computeActorDepth(CausalityInterfaceForComposites.java:532)
	at ptolemy.actor.util.CausalityInterfaceForComposites.checkForCycles(CausalityInterfaceForComposites.java:96)
	at ptolemy.domains.de.kernel.DEDirector.preinitialize(DEDirector.java:1337)
	at ptolemy.actor.CompositeActor.preinitialize(CompositeActor.java:1828)
	at ptolemy.actor.Manager.preinitializeAndResolveTypes(Manager.java:1040)
	at ptolemy.actor.Manager.initialize(Manager.java:710)
	at ptolemy.actor.Manager.execute(Manager.java:356)
	at ptolemy.actor.Manager.run(Manager.java:1263)
	at ptolemy.actor.Manager$PtolemyRunThread.run(Manager.java:1915)
]]></system-err>
</testsuite>
