<?xml version="1.0" encoding="UTF-8" ?>
<testsuite errors="1" failures="2" hostname="travis-job-c20aa3aa-dc72-438b-8177-a9608957360f" name="ptolemy.actor.lib.test.junit.JUnitTclTest" skipped="0" tests="517" time="67.507" timestamp="2019-06-28T18:04:52">
  <properties>
    <property name="npm.executable" value="npm" />
    <property name="env.TRAVIS_ROOT" value="/" />
    <property name="ptII.mk.exists" value="true" />
    <property name="env.TRAVIS_APP_HOST" value="build.travis-ci.org" />
    <property name="env.rvm_bin_path" value="/home/travis/.rvm/bin" />
    <property name="java.home" value="/usr/local/lib/jvm/openjdk11" />
    <property name="env.TRAVIS_JOB_NUMBER" value="1187.8" />
    <property name="env.TRAVIS_HOME" value="/home/travis" />
    <property name="env.DISPLAY" value=":99.0" />
    <property name="env.TRAVIS_INIT" value="systemd" />
    <property name="env.SSH_TTY" value="/dev/pts/0" />
    <property name="java.net.preferIPv4Stack" value="true" />
    <property name="env.RUN_TESTS" value="true" />
    <property name="timeout.short" value="1000000" />
    <property name="junit.formatter" value="xml" />
    <property name="env.TRAVIS_SUDO" value="true" />
    <property name="env.TRAVIS_JOB_NAME" value="" />
    <property name="env.TRAVIS_STACK_NODE_ATTRIBUTES" value="/.node-attributes.yml" />
    <property name="env.LOGNAME" value="travis" />
    <property name="env.PT_TRAVIS_TEST_CORE1_XML" value="true" />
    <property name="jsdoc.home" value="node_modules/@terraswarm/jsdoc" />
    <property name="debuglevel" value="source,lines,vars" />
    <property name="checkstyle.formatter" value="xml" />
    <property name="env._system_version" value="16.04" />
    <property name="bin.vergil.makeable" value="true" />
    <property name="sun.os.patch.level" value="unknown" />
    <property name="java.vendor.url" value="http://java.oracle.com/" />
    <property name="env.TRAVIS_BUILD_WEB_URL" value="https://travis-ci.org/icyphy/ptII/builds/551881324" />
    <property name="java.version" value="11.0.2" />
    <property name="env.TZ" value="UTC" />
    <property name="env.TRAVIS_PULL_REQUEST_SHA" value="" />
    <property name="env.PT_NO_NET" value="true" />
    <property name="env.TRAVIS_SECURE_ENV_VARS" value="true" />
    <property name="env._system_type" value="Linux" />
    <property name="java.vendor.url.bug" value="http://bugreport.java.com/bugreport/" />
    <property name="npmjs-org-is-up" value="true" />
    <property name="env.LANGUAGE" value="en_US.UTF-8" />
    <property name="env.SSH_CLIENT" value="10.10.4.67 33176 22" />
    <property name="env.GEM_HOME" value="/home/travis/.rvm/gems/ruby-2.5.3" />
    <property name="env.HAS_ANTARES_THREE_LITTLE_FRONZIES_BADGE" value="true" />
    <property name="java.version.date" value="2019-01-15" />
    <property name="env.PS4" value="+" />
    <property name="ant.project.invoked-targets" value="build,test.core1.xml" />
    <property name="env.TRAVIS_PULL_REQUEST_BRANCH" value="" />
    <property name="env.TRAVIS_REPO_SLUG" value="icyphy/ptII" />
    <property name="env.XDG_DATA_DIRS" value="/usr/local/share:/usr/share:/var/lib/snapd/desktop" />
    <property name="jdk.debug" value="release" />
    <property name="env.TRAVIS_APT_PROXY" value="http://apt.cache.travis-ci.com" />
    <property name="node.in.path" value="true" />
    <property name="user.name" value="travis" />
    <property name="java.maxmemory" value="1400m" />
    <property name="env.RUBY_VERSION" value="ruby-2.5.3" />
    <property name="env.LANG" value="en_US.UTF-8" />
    <property name="sun.io.unicode.encoding" value="UnicodeLittle" />
    <property name="sun.jnu.encoding" value="UTF-8" />
    <property name="java.runtime.name" value="OpenJDK Runtime Environment" />
    <property name="usefile" value="false" />
    <property name="return.code" value="0" />
    <property name="junit.single.formatter" value="plain" />
    <property name="env.DYLD_LIBRARY_PATH" value="/home/travis/pthla/certi-tools/lib:" />
    <property name="env.DEBIAN_FRONTEND" value="noninteractive" />
    <property name="env.SSH_CONNECTION" value="10.10.4.67 33176 10.20.3.104 22" />
    <property name="env.MYSQL_UNIX_PORT" value="/var/run/mysqld/mysqld.sock" />
    <property name="env.LC_ALL" value="en_US.UTF-8" />
    <property name="env.TRAVIS_ALLOW_FAILURE" value="false" />
    <property name="env.TRAVIS_JOB_WEB_URL" value="https://travis-ci.org/icyphy/ptII/jobs/551881332" />
    <property name="java.specification.name" value="Java Platform API Specification" />
    <property name="node.works" value="true" />
    <property name="user.timezone" value="" />
    <property name="path.separator" value=":" />
    <property name="env.TRAVIS_ENABLE_INFRA_DETECTION" value="true" />
    <property name="env.PYTHON_CFLAGS" value="-g -fstack-protector --param=ssp-buffer-size=4 -Wformat -Werror=format-security" />
    <property name="timeout.long" value="4000000" />
    <property name="env.CERTI_HOME" value="/home/travis/pthla/certi-tools" />
    <property name="ant.file.ptII" value="/home/travis/build/icyphy/ptII/build.xml" />
    <property name="javadoc.packagenames" value="com.*,diva.*,lbnl.*,org.hlacerti.*,org.json.*,org.ptolemy.*,org.terraswarm.*,ptolemy.*,ptserver.*" />
    <property name="file.encoding" value="UTF-8" />
    <property name="env.TRAVIS_PULL_REQUEST_SLUG" value="" />
    <property name="ant.project.default-target" value="build" />
    <property name="env.GIT_ASKPASS" value="echo" />
    <property name="env.HOME" value="/home/travis" />
    <property name="sun.java.command" value="org.apache.tools.ant.taskdefs.optional.junit.JUnitTestRunner ptolemy.actor.lib.test.junit.JUnitTclTest skipNonTests=false filtertrace=true haltOnError=false haltOnFailure=false formatter=org.apache.tools.ant.taskdefs.optional.junit.OutErrSummaryJUnitResultFormatter showoutput=true outputtoformatters=true logfailedtests=true threadid=0 logtestlistenerevents=false formatter=org.apache.tools.ant.taskdefs.optional.junit.XMLJUnitResultFormatter,/home/travis/build/icyphy/ptII/reports/junit/TEST-ptolemy.actor.lib.test.junit.JUnitTclTest.xml crashfile=/home/travis/build/icyphy/ptII/junitvmwatcher13638382628449119139.properties propsfile=/home/travis/build/icyphy/ptII/junit17497592267682367379.properties" />
    <property name="env.COMPOSER_NO_INTERACTION" value="1" />
    <property name="env.MANPATH" value="/home/travis/.nvm/versions/node/v7.10.1/share/man:/home/travis/.rvm/rubies/ruby-2.5.3/share/man:/usr/local/cmake-3.12.4/man:/usr/local/clang-7.0.0/share/man:/usr/local/man:/usr/local/share/man:/usr/share/man:/home/travis/.rvm/man" />
    <property name="env.TRAVIS_TIMER_ID" value="0becaa7f" />
    <property name="ant.file" value="/home/travis/build/icyphy/ptII/build.xml" />
    <property name="env.TRAVIS_COMMIT_RANGE" value="b6de4a29689c...bbbff3adea58" />
    <property name="env._system_name" value="Ubuntu" />
    <property name="ptII.classpath.optional.property" value="/home/travis/build/icyphy/ptII/lib/bsh-2.0b4.jar:/home/travis/build/icyphy/ptII/lib/ptCal.jar:/home/travis/build/icyphy/ptII/lib/java_cup.jar:/home/travis/build/icyphy/ptII/lib/saxon8.jar:/home/travis/build/icyphy/ptII/lib/saxon8-dom.jar:/home/travis/build/icyphy/ptII/lib/chic.jar:/home/travis/build/icyphy/ptII/lib/ptcolt.jar:/home/travis/build/icyphy/ptII/vendors/misc/itext/iText.jar:/home/travis/build/icyphy/ptII/lib/g4ltl.jar:/home/travis/build/icyphy/ptII/lib/StructuralCoder.jar:/home/travis/build/icyphy/ptII/vendors/jai-1_1_2_01/lib/jai_core.jar:/home/travis/build/icyphy/ptII/vendors/jai-1_1_2_01/lib/jai_codec.jar:/home/travis/build/icyphy/ptII/lib/jcerti.jar:/home/travis/build/icyphy/ptII/lib/javax.mail.jar:/home/travis/build/icyphy/ptII/vendors/JMF-2.1.1e/lib/jmf.jar:/home/travis/build/icyphy/ptII/lib/jna-4.0.0-variadic.jar:/home/travis/build/icyphy/ptII/vendors/misc/joystick/Joystick.jar:/home/travis/build/icyphy/ptII/lib/ptjacl.jar:/home/travis/build/icyphy/ptII/lib/jsoup-1.8.2.jar:/home/travis/build/icyphy/ptII/lib/junit-4.8.2.jar:/home/travis/build/icyphy/ptII/lib/JUnitParams-0.4.0.jar:/home/travis/build/icyphy/ptII/ptolemy/actor/lib/excel/jxl.jar:/home/travis/build/icyphy/ptII/lib/jython.jar:/home/travis/build/icyphy/ptII/lib/kieler.jar:/home/travis/build/icyphy/ptII/vendors/opencv/share/OpenCV/java/opencv-341.jar:/home/travis/build/icyphy/ptII/lib/oscP5.jar:/home/travis/build/icyphy/ptII/lib/nrjavaserial-3.11.0.devel.jar:/home/travis/build/icyphy/ptII/vendors/j3d/lib/j3dcore.jar:/home/travis/build/icyphy/ptII/vendors/j3d/lib/j3dutils.jar:/home/travis/build/icyphy/ptII/vendors/j3d/lib/vecmath.jar:/home/travis/build/icyphy/ptII/ptolemy/distributed/jini/jar/jini-core.jar:/home/travis/build/icyphy/ptII/ptolemy/distributed/jini/jar/jini-ext.jar:/home/travis/build/icyphy/ptII/ptolemy/distributed/jini/jar/sun-util.jar:/home/travis/build/icyphy/ptII/lib/protobuf-java-2.4.1.jar:/home/travis/build/icyphy/ptII/lib/org.eclipse.paho.client.mqttv3.jar:/home/travis/build/icyphy/ptII/lib/mapss.jar:/home/travis/build/icyphy/ptII/ptolemy/actor/ptalon/antlr/antlr.jar:/home/travis/build/icyphy/ptII/lib/JRI.jar:/home/travis/build/icyphy/ptII/lib/commons-lang-2.6.jar:/home/travis/build/icyphy/ptII/lib/commons-logging-1.1.1.jar:/home/travis/build/icyphy/ptII/lib/sootclasses.jar:/home/travis/build/icyphy/ptII/ptolemy/actor/lib/database/mysql-connector-java-5.1.6-bin.jar:/home/travis/build/icyphy/ptII/vendors/misc/sphinx4/sphinx4-data-5prealpha.jar:/home/travis/build/icyphy/ptII/vendors/misc/sphinx4/sphinx4-core-5prealpha.jar:/home/travis/build/icyphy/ptII/lib/PDFRenderer.jar:/home/travis/build/icyphy/ptII/lib/svgSalamander.jar:/home/travis/build/icyphy/ptII/lib/rsyntaxtextarea-2.6.0-SNAPSHOT.jar:/home/travis/build/icyphy/ptII/lib/hazelcast-3.8.2.jar:/home/travis/build/icyphy/ptII/lib/jackson-annotations-2.9.0.jar:/home/travis/build/icyphy/ptII/lib/jackson-core-2.9.3.jar:/home/travis/build/icyphy/ptII/lib/jackson-databind-2.9.3.jar:/home/travis/build/icyphy/ptII/lib/netty-buffer-4.1.19.Final.jar:/home/travis/build/icyphy/ptII/lib/netty-codec-4.1.19.Final.jar:/home/travis/build/icyphy/ptII/lib/netty-codec-dns-4.1.19.Final.jar:/home/travis/build/icyphy/ptII/lib/netty-codec-http-4.1.19.Final.jar:/home/travis/build/icyphy/ptII/lib/netty-codec-http2-4.1.19.Final.jar:/home/travis/build/icyphy/ptII/lib/netty-common-4.1.19.Final.jar:/home/travis/build/icyphy/ptII/lib/netty-handler-4.1.19.Final.jar:/home/travis/build/icyphy/ptII/lib/netty-resolver-4.1.19.Final.jar:/home/travis/build/icyphy/ptII/lib/netty-resolver-dns-4.1.19.Final.jar:/home/travis/build/icyphy/ptII/lib/netty-transport-4.1.19.Final.jar:/home/travis/build/icyphy/ptII/lib/vertx-codegen-3.5.1.jar:/home/travis/build/icyphy/ptII/lib/vertx-core-3.5.2-SNAPSHOT.jar:/home/travis/build/icyphy/ptII/lib/vertx-hazelcast-3.5.1.jar:/home/travis/build/icyphy/ptII/lib/vertx-lang-js-3.5.1.jar:/home/travis/build/icyphy/ptII/lib/vertx-service-proxy-3.5.1.jar:/home/travis/build/icyphy/ptII/lib/vertx-web-3.5.1.jar:/home/travis/build/icyphy/ptII/lib/slf4j-api-1.7.13.jar:/home/travis/build/icyphy/ptII/lib/slf4j-simple-1.7.13.jar:/home/travis/build/icyphy/ptII/lib/webcam-capture-0.3.12.jar:/home/travis/build/icyphy/ptII/lib/bridj-0.7.0.jar:/home/travis/build/icyphy/ptII/lib/xbjlib-1.1.0.nrjavaserial.jar" />
    <property name="timeout" value="2400000" />
    <property name="test.batch" value="**/junit/*.java" />
    <property name="env._" value="/usr/bin/timeout" />
    <property name="java.io.tmpdir" value="/tmp" />
    <property name="user.language" value="en" />
    <property name="env.TRAVIS_INTERNAL_RUBY_REGEX" value="^ruby-(2\.[0-4]\.[0-9]|1\.9\.3)" />
    <property name="env.HISTCONTROL" value="ignoredups:ignorespace" />
    <property name="env.GOROOT" value="/home/travis/.gimme/versions/go1.11.1.linux.amd64" />
    <property name="line.separator" value="&#xa;" />
    <property name="target" value="11" />
    <property name="env.TRAVIS_BUILD_DIR" value="/home/travis/build/icyphy/ptII" />
    <property name="env.ANT_OPTS" value="-Xmx2048m" />
    <property name="ant.file.type" value="file" />
    <property name="ptolemy.ptII.batchMode" value="true" />
    <property name="env.HISTSIZE" value="1000" />
    <property name="env.MERB_ENV" value="test" />
    <property name="java.vm.info" value="mixed mode" />
    <property name="source" value="11" />
    <property name="java.vm.specification.name" value="Java Virtual Machine Specification" />
    <property name="env.TRAVIS_TEST_RESULT" value="0" />
    <property name="jsdoc.command" value="node_modules/@terraswarm/jsdoc/jsdoc.js" />
    <property name="npm.works" value="true" />
    <property name="cobertura.dir" value="/home/travis/build/icyphy/ptII/vendors/cobertura-2.0.3" />
    <property name="env.rvm_path" value="/home/travis/.rvm" />
    <property name="env.GEM_PATH" value="/home/travis/.rvm/gems/ruby-2.5.3:/home/travis/.rvm/gems/ruby-2.5.3@global" />
    <property name="env.LC_CTYPE" value="en_US.UTF-8" />
    <property name="env.TRAVIS_CMD" value="$PTII/bin/ptIITravisBuild.sh $SECONDS" />
    <property name="java.awt.printerjob" value="sun.print.PSPrinterJob" />
    <property name="env.TRAVIS_STACK_NAME" value="sardonyx" />
    <property name="env.TRAVIS_TIMER_START_TIME" value="1561744362414916416" />
    <property name="ant.version" value="Apache Ant(TM) version 1.10.1 compiled on February 2 2017" />
    <property name="ptII.reports" value="/home/travis/build/icyphy/ptII/reports" />
    <property name="env.TRAVIS_STACK_TIMESTAMP" value="2019-03-25 16:16:56 UTC" />
    <property name="ant.file.type.ptII" value="file" />
    <property name="env.RBENV_SHELL" value="bash" />
    <property name="os.name" value="Linux" />
    <property name="java.specification.vendor" value="Oracle Corporation" />
    <property name="env.rvm_version" value="1.29.7 (latest)" />
    <property name="env.TRAVIS_INFRA" value="gce" />
    <property name="env.TERM" value="xterm" />
    <property name="java.vm.name" value="OpenJDK 64-Bit Server VM" />
    <property name="env.TRAVIS_BUILD_NUMBER" value="1187" />
    <property name="env.CI" value="true" />
    <property name="java.library.path" value="/home/travis/pthla/certi-tools/lib:/usr/lib/jni:/usr/local/share/OpenCV/java/:/usr/share/OpenCV/java::/usr/java/packages/lib:/usr/lib64:/lib64:/lib:/usr/lib" />
    <property name="env.rvm_prefix" value="/home/travis" />
    <property name="env.PATH" value="/home/travis/pthla/certi-tools/share/scripts:/home/travis/.rvm/gems/ruby-2.5.3/bin:/home/travis/.rvm/gems/ruby-2.5.3@global/bin:/home/travis/.rvm/rubies/ruby-2.5.3/bin:/home/travis/.rvm/bin:/home/travis/.nvm/versions/node/v7.10.1/bin:./node_modules/.bin:/home/travis/build/icyphy/ptII/bin:/home/travis/pthla/certi-tools/bin:/home/travis/bin:/home/travis/.local/bin:/usr/local/lib/jvm/openjdk11/bin:/opt/pyenv/shims:/home/travis/.phpenv/shims:/home/travis/perl5/perlbrew/bin:/home/travis/gopath/bin:/home/travis/.gimme/versions/go1.11.1.linux.amd64/bin:/usr/local/maven-3.6.0/bin:/usr/local/cmake-3.12.4/bin:/usr/local/clang-7.0.0/bin:/usr/local/sbin:/usr/local/bin:/usr/sbin:/usr/bin:/sbin:/bin:/snap/bin:/home/travis/.phpenv/bin:/opt/pyenv/bin:/home/travis/.yarn/bin" />
    <property name="env.TRAVIS_OS_NAME" value="linux" />
    <property name="ant.java.version" value="9" />
    <property name="basedir" value="/home/travis/build/icyphy/ptII" />
    <property name="java.class.version" value="55.0" />
    <property name="env.SHLVL" value="3" />
    <property name="env.LD_LIBRARY_PATH" value="/home/travis/pthla/certi-tools/lib:/usr/lib/jni:/usr/local/share/OpenCV/java/:/usr/share/OpenCV/java:" />
    <property name="env.RACK_ENV" value="test" />
    <property name="ant.home" value="/home/travis/build/icyphy/ptII/ant" />
    <property name="env.NVM_DIR" value="/home/travis/.nvm" />
    <property name="env.CERTI_FOM_PATH" value="/home/travis/pthla/certi-tools/share/federations" />
    <property name="env.TRAVIS_BUILD_ID" value="551881324" />
    <property name="env.PYENV_ROOT" value="/opt/pyenv" />
    <property name="env.TRAVIS_UID" value="2000" />
    <property name="env.NVM_BIN" value="/home/travis/.nvm/versions/node/v7.10.1/bin" />
    <property name="env.TRAVIS_COMMIT" value="bbbff3adea58fb0643306c381462affccc328551" />
    <property name="env._system_arch" value="x86_64" />
    <property name="node.executable" value="node" />
    <property name="sun.boot.library.path" value="/usr/local/lib/jvm/openjdk11/lib" />
    <property name="sun.management.compiler" value="HotSpot 64-Bit Tiered Compilers" />
    <property name="java.awt.graphicsenv" value="sun.awt.X11GraphicsEnvironment" />
    <property name="env.GOPATH" value="/home/travis/gopath" />
    <property name="ptolemy.ptII.dir" value="/home/travis/build/icyphy/ptII" />
    <property name="env.USER" value="travis" />
    <property name="env.HISTFILESIZE" value="2000" />
    <property name="timeout.longest" value="19000000" />
    <property name="env.PERLBREW_SHELLRC_VERSION" value="0.86" />
    <property name="env.TRAVIS_STACK_FEATURES" value="basic couchdb disabled-ipv6 docker docker-compose elasticsearch firefox go-toolchain google-chrome jdk memcached mongodb mysql nodejs_interpreter perl_interpreter perlbrew phantomjs postgresql python_interpreter redis ruby_interpreter sqlite xserver" />
    <property name="env.TRAVIS_PULL_REQUEST" value="false" />
    <property name="env.PYENV_SHELL" value="bash" />
    <property name="ant.project.name" value="ptII" />
    <property name="env.ANSI_RESET" value="\033[0m" />
    <property name="java.vm.specification.version" value="11" />
    <property name="env.TRAVIS_DIST" value="xenial" />
    <property name="env.CERTI_VERSION" value="4.0.0" />
    <property name="env.CERTI_HOST" value="localhost" />
    <property name="awt.toolkit" value="sun.awt.X11.XToolkit" />
    <property name="env.MY_RUBY_HOME" value="/home/travis/.rvm/rubies/ruby-2.5.3" />
    <property name="sun.cpu.isalist" value="" />
    <property name="env.TRAVIS_TMPDIR" value="/tmp/tmp.R6dSNsWd78" />
    <property name="java.vm.compressedOopsMode" value="Zero based" />
    <property name="os.version" value="4.15.0-1028-gcp" />
    <property name="user.home" value="/home/travis" />
    <property name="java.vm.vendor" value="Oracle Corporation" />
    <property name="env.TRAVIS_TAG" value="nightly" />
    <property name="env.ANSI_YELLOW" value="\033[33;1m" />
    <property name="env.TRAVIS_FILTERED" value="redirect_io" />
    <property name="env.ANSI_GREEN" value="\033[32;1m" />
    <property name="env.JAVA_HOME" value="/usr/local/lib/jvm/openjdk11" />
    <property name="javadoc.excludepackagenames" value="adm.cvs2svn.*,build.*,config.*,doc.coding.templates.*,jni.test.jni.meaningOfLife.*,jni.test.jni.testDeux.*,jni.test.jni.testTrois.*,org.terraswarm.accessor.accessors.web.node_modules.*,org.terraswarm.accessor.accessors.web.hosts.cordova.demo.*,org.terraswarm.accessor.accessors.web.hosts.cordova.plugins.*,org.terraswarm.accessor.accessors-svn.*,pt-modules.*,ptolemy.apps.agilent.*,ptolemy.apps.anytimecontrol.*,ptolemy.apps.apes.*,ptolemy.apps.charon.*,ptolemy.apps.crazyboard.*,ptolemy.apps.eclipse.*,ptolemy.apps.etherealSting.*,ptolemy.apps.fullscreen.*,ptolemy.apps.giotto.*,ptolemy.apps.ia.*,ptolemy.apps.interfaces.*,ptolemy.apps.jmf.*,ptolemy.apps.kurt.*,ptolemy.apps.kvm.*,ptolemy.apps.lego.*,ptolemy.apps.lejos.*,ptolemy.apps.midp.*,ptolemy.apps.mobileCoding.*,ptolemy.apps.pendulum.*,ptolemy.apps.rijndael.*,ptolemy.apps.robot.*,ptolemy.apps.security.*,ptolemy.apps.sobel.*,ptolemy.apps.soot.*,ptolemy.apps.throttle.*,ptolemy.apps.tini.*,ptolemy.apps.transmission.*,ptolemy.apps.vergil.*,ptolemy.apps.waba.*,ptolemy.apps.websensor.*,ptolemy.apps.webstart.*,ptolemy.apps.xsl.*,ptolemy.apps.zaurus.*,ptolemy.codegen.c.actor.lib.oldJavaFiles.*,ptolemy.codegen.dsp.lib.*,ptolemy.codegen.kernel.newInterfaces.*,ptolemy.codegen.lib.*,ptolemy.copernicus.kernel.fragment.*,ptolemy.copernicus.shallow.cg.*,ptolemy.domains.giotto.demo.Hierarchy.Hierarchy.*,ptolemy.domains.giotto.demo.Multimode.Multimode.*,ptolemy.domains.giotto.demo.Simple.Simple.*,ptolemy.domains.gr.lib.experimental.*,ptolemy.domains.gro.*,ptolemy.domains.pdf.*,ptolemy.domains.ptinyos.demo.Surge.output.*,ptolemy.moml.test.NoPackageActor.java*,ptolemy.plot.adm.*,ptolemy.plot.servlet.*,reports.*,signed.*,src.*,target.*,vendors.*,ptolemy.copernicus.applet.*,ptolemy.media.viewer.*,ptolemy.actor.corba.*,doc.doclets.*,ptolemy.apps.eclipse.awt.*,ptolemy.backtrack.*,ptolemy.backtrack.ast.*,ptolemy.cg.adapter.generic.program.procedural.c.mbed*,ptolemy.homer.*,ptolemy.actor.lib.jjs.modules.audio.*,org.ptolemy.scala.*,diva.util.java2d.svg.*,ptolemy.domains.ptinyos.*,ptolemy.actor.lib.fmi.fmipp.*,,org.terraswarm.accessor.accessors.web.node_modules.*,org.terraswarm.accessor.accessors-svn,ptolemy.apps.*,ptolemy.actor.ptalon.demo.ptinyos.SendAndReceiveCnt.output,ptolemy.actor.ptalon.demo.ptinyos.SenseToLeds.output,ptolemy.domains.ptinyos.demo.CntToLedsAndRfm.output,ptolemy.domains.ptinyos.demo.RfmToLeds.output,ptolemy.domains.ptinyos.demo.SendAndReceiveCnt.output,ptolemy.domains.ptinyos.demo.SenseToLeds.output,ptolemy.actor.lib.jjs.modules.udpSocket.*" />
    <property name="env.PTII" value="/home/travis/build/icyphy/ptII" />
    <property name="env.XDG_SESSION_ID" value="2" />
    <property name="keystore" value="ptKeystore" />
    <property name="env.TRAVIS_COMMIT_MESSAGE" value="Attempt to force xenial distribution, hoping this will make xvfb work." />
    <property name="junit.output.dir" value="/home/travis/build/icyphy/ptII/reports/junit" />
    <property name="npm.return.code" value="0" />
    <property name="user.dir" value="/home/travis/build/icyphy/ptII/ptolemy/actor/lib/test" />
    <property name="env.TRAVIS_NODE_VERSION" value="7" />
    <property name="env.TRAVIS_EVENT_TYPE" value="push" />
    <property name="env.MAIL" value="/var/mail/travis" />
    <property name="env.PERLBREW_ROOT" value="/home/travis/perl5/perlbrew" />
    <property name="env.PWD" value="/home/travis/build/icyphy/ptII" />
    <property name="timeout.npm" value="45000" />
    <property name="env.TRAVIS_ARCH" value="amd64" />
    <property name="sun.cpu.endian" value="little" />
    <property name="env.PAGER" value="cat" />
    <property name="env.TRAVIS_BUILD_STAGE_NAME" value="Test" />
    <property name="env.PERLBREW_HOME" value="/home/travis/.perlbrew" />
    <property name="java.vm.version" value="11.0.2+9" />
    <property name="env.RAILS_ENV" value="test" />
    <property name="java.class.path" value="/home/travis/.ptolemyII:/home/travis/.ptolemyII/*:/home/travis/build/icyphy/ptII:/home/travis/build/icyphy/ptII/lib/bsh-2.0b4.jar:/home/travis/build/icyphy/ptII/lib/ptCal.jar:/home/travis/build/icyphy/ptII/lib/java_cup.jar:/home/travis/build/icyphy/ptII/lib/saxon8.jar:/home/travis/build/icyphy/ptII/lib/saxon8-dom.jar:/home/travis/build/icyphy/ptII/lib/chic.jar:/home/travis/build/icyphy/ptII/lib/ptcolt.jar:/home/travis/build/icyphy/ptII/vendors/misc/itext/iText.jar:/home/travis/build/icyphy/ptII/lib/g4ltl.jar:/home/travis/build/icyphy/ptII/lib/StructuralCoder.jar:/home/travis/build/icyphy/ptII/vendors/jai-1_1_2_01/lib/jai_core.jar:/home/travis/build/icyphy/ptII/vendors/jai-1_1_2_01/lib/jai_codec.jar:/home/travis/build/icyphy/ptII/lib/jcerti.jar:/home/travis/build/icyphy/ptII/lib/javax.mail.jar:/home/travis/build/icyphy/ptII/vendors/JMF-2.1.1e/lib/jmf.jar:/home/travis/build/icyphy/ptII/lib/jna-4.0.0-variadic.jar:/home/travis/build/icyphy/ptII/vendors/misc/joystick/Joystick.jar:/home/travis/build/icyphy/ptII/lib/ptjacl.jar:/home/travis/build/icyphy/ptII/lib/jsoup-1.8.2.jar:/home/travis/build/icyphy/ptII/lib/junit-4.8.2.jar:/home/travis/build/icyphy/ptII/lib/JUnitParams-0.4.0.jar:/home/travis/build/icyphy/ptII/ptolemy/actor/lib/excel/jxl.jar:/home/travis/build/icyphy/ptII/lib/jython.jar:/home/travis/build/icyphy/ptII/lib/kieler.jar:/home/travis/build/icyphy/ptII/vendors/opencv/share/OpenCV/java/opencv-341.jar:/home/travis/build/icyphy/ptII/lib/oscP5.jar:/home/travis/build/icyphy/ptII/lib/nrjavaserial-3.11.0.devel.jar:/home/travis/build/icyphy/ptII/vendors/j3d/lib/j3dcore.jar:/home/travis/build/icyphy/ptII/vendors/j3d/lib/j3dutils.jar:/home/travis/build/icyphy/ptII/vendors/j3d/lib/vecmath.jar:/home/travis/build/icyphy/ptII/ptolemy/distributed/jini/jar/jini-core.jar:/home/travis/build/icyphy/ptII/ptolemy/distributed/jini/jar/jini-ext.jar:/home/travis/build/icyphy/ptII/ptolemy/distributed/jini/jar/sun-util.jar:/home/travis/build/icyphy/ptII/lib/protobuf-java-2.4.1.jar:/home/travis/build/icyphy/ptII/lib/org.eclipse.paho.client.mqttv3.jar:/home/travis/build/icyphy/ptII/lib/mapss.jar:/home/travis/build/icyphy/ptII/ptolemy/actor/ptalon/antlr/antlr.jar:/home/travis/build/icyphy/ptII/lib/JRI.jar:/home/travis/build/icyphy/ptII/lib/commons-lang-2.6.jar:/home/travis/build/icyphy/ptII/lib/commons-logging-1.1.1.jar:/home/travis/build/icyphy/ptII/lib/sootclasses.jar:/home/travis/build/icyphy/ptII/ptolemy/actor/lib/database/mysql-connector-java-5.1.6-bin.jar:/home/travis/build/icyphy/ptII/vendors/misc/sphinx4/sphinx4-data-5prealpha.jar:/home/travis/build/icyphy/ptII/vendors/misc/sphinx4/sphinx4-core-5prealpha.jar:/home/travis/build/icyphy/ptII/lib/PDFRenderer.jar:/home/travis/build/icyphy/ptII/lib/svgSalamander.jar:/home/travis/build/icyphy/ptII/lib/rsyntaxtextarea-2.6.0-SNAPSHOT.jar:/home/travis/build/icyphy/ptII/lib/hazelcast-3.8.2.jar:/home/travis/build/icyphy/ptII/lib/jackson-annotations-2.9.0.jar:/home/travis/build/icyphy/ptII/lib/jackson-core-2.9.3.jar:/home/travis/build/icyphy/ptII/lib/jackson-databind-2.9.3.jar:/home/travis/build/icyphy/ptII/lib/netty-buffer-4.1.19.Final.jar:/home/travis/build/icyphy/ptII/lib/netty-codec-4.1.19.Final.jar:/home/travis/build/icyphy/ptII/lib/netty-codec-dns-4.1.19.Final.jar:/home/travis/build/icyphy/ptII/lib/netty-codec-http-4.1.19.Final.jar:/home/travis/build/icyphy/ptII/lib/netty-codec-http2-4.1.19.Final.jar:/home/travis/build/icyphy/ptII/lib/netty-common-4.1.19.Final.jar:/home/travis/build/icyphy/ptII/lib/netty-handler-4.1.19.Final.jar:/home/travis/build/icyphy/ptII/lib/netty-resolver-4.1.19.Final.jar:/home/travis/build/icyphy/ptII/lib/netty-resolver-dns-4.1.19.Final.jar:/home/travis/build/icyphy/ptII/lib/netty-transport-4.1.19.Final.jar:/home/travis/build/icyphy/ptII/lib/vertx-codegen-3.5.1.jar:/home/travis/build/icyphy/ptII/lib/vertx-core-3.5.2-SNAPSHOT.jar:/home/travis/build/icyphy/ptII/lib/vertx-hazelcast-3.5.1.jar:/home/travis/build/icyphy/ptII/lib/vertx-lang-js-3.5.1.jar:/home/travis/build/icyphy/ptII/lib/vertx-service-proxy-3.5.1.jar:/home/travis/build/icyphy/ptII/lib/vertx-web-3.5.1.jar:/home/travis/build/icyphy/ptII/lib/slf4j-api-1.7.13.jar:/home/travis/build/icyphy/ptII/lib/slf4j-simple-1.7.13.jar:/home/travis/build/icyphy/ptII/lib/webcam-capture-0.3.12.jar:/home/travis/build/icyphy/ptII/lib/bridj-0.7.0.jar:/home/travis/build/icyphy/ptII/lib/xbjlib-1.1.0.nrjavaserial.jar:/home/travis/build/icyphy/ptII/ptolemy/moml/test:/home/travis/build/icyphy/ptII/ant/lib/ant-launcher.jar:/home/travis/build/icyphy/ptII/ant/lib/ant.jar:/home/travis/build/icyphy/ptII/ant/lib/ant-junit.jar:/home/travis/build/icyphy/ptII/ant/lib/ant-junit4.jar" />
    <property name="ant.library.dir" value="/home/travis/build/icyphy/ptII/ant/lib" />
    <property name="os.arch" value="amd64" />
    <property name="env.CONTINUOUS_INTEGRATION" value="true" />
    <property name="env.TRAVIS_LANGUAGE" value="node_js" />
    <property name="env.TRAVIS_STACK_LANGUAGES" value="__sardonyx__ c c++ clojure cplusplus cpp default generic go groovy java node_js php pure_java python ruby scala" />
    <property name="test.name" value="ptolemy.actor.lib.test.junit.JUnitTclTest" />
    <property name="env.APT_KEY_DONT_WARN_ON_DANGEROUS_USAGE" value="1" />
    <property name="sun.java.launcher" value="SUN_STANDARD" />
    <property name="env.PYTHON_CONFIGURE_OPTS" value="--enable-unicode=ucs4 --with-wide-unicode --enable-shared --enable-ipv6 --enable-loadable-sqlite-extensions --with-computed-gotos" />
    <property name="ant.core.lib" value="/home/travis/build/icyphy/ptII/ant/lib/ant.jar" />
    <property name="java.vm.specification.vendor" value="Oracle Corporation" />
    <property name="env.BCVTB_HOME" value="/home/travis/build/icyphy/ptII/lbnl" />
    <property name="file.separator" value="/" />
    <property name="spotbugs.home" value="/home/travis/build/icyphy/ptII/vendors/spotbugs-3.1.1" />
    <property name="java.runtime.version" value="11.0.2+9" />
    <property name="env.ANSI_CLEAR" value="\033[0K" />
    <property name="env.HAS_JOSH_K_SEAL_OF_APPROVAL" value="true" />
    <property name="env.XDG_RUNTIME_DIR" value="/run/user/2000" />
    <property name="env.TRAVIS_OSX_IMAGE" value="" />
    <property name="env.TRAVIS_JOB_ID" value="551881332" />
    <property name="env.TRAVIS_BRANCH" value="master" />
    <property name="user.country" value="US" />
    <property name="env.CERTI_HOME_TRAVIS" value="/home/travis/pthla/certi-tools" />
    <property name="env.SHELL" value="/bin/bash" />
    <property name="java.maxmemory.large" value="5000m" />
    <property name="model" value="" />
    <property name="env.CASHER_DIR" value="/home/travis/.casher" />
    <property name="env.NVM_CD_FLAGS" value="" />
    <property name="java.vendor.version" value="18.9" />
    <property name="jshint.executable" value="/home/travis/node_modules/jshint/bin/jshint" />
    <property name="env.JRUBY_OPTS" value=" --client -J-XX:+TieredCompilation -J-XX:TieredStopAtLevel=1 -J-Xss2m -Xcompile.invokedynamic=false" />
    <property name="java.vendor" value="Oracle Corporation" />
    <property name="env.TRAVIS_PRE_CHEF_BOOTSTRAP_TIME" value="2019-03-25T16:16:42" />
    <property name="env.TRAVIS_STACK_JOB_BOARD_REGISTER" value="/.job-board-register.yml" />
    <property name="env.ANSI_RED" value="\033[31;1m" />
    <property name="java.specification.version" value="11" />
    <property name="env.IRBRC" value="/home/travis/.rvm/rubies/ruby-2.5.3/.irbrc" />
    <property name="env.TRAVIS" value="true" />
    <property name="sun.arch.data.model" value="64" />
  </properties>
  <testcase classname="ptolemy.util.test.junit.TclTests" name="[0] /home/travis/build/icyphy/ptII/ptolemy/actor/lib/test/AbsoluteValue.tcl (RunTclFile)" time="0.695" />
  <testcase classname="ptolemy.util.test.junit.TclTests" name="[1] /home/travis/build/icyphy/ptII/ptolemy/actor/lib/test/AddSubtract.tcl (RunTclFile)" time="0.177" />
  <testcase classname="ptolemy.util.test.junit.TclTests" name="[2] /home/travis/build/icyphy/ptII/ptolemy/actor/lib/test/Average.tcl (RunTclFile)" time="0.072" />
  <testcase classname="ptolemy.util.test.junit.TclTests" name="[3] /home/travis/build/icyphy/ptII/ptolemy/actor/lib/test/Bernoulli.tcl (RunTclFile)" time="0.054" />
  <testcase classname="ptolemy.util.test.junit.TclTests" name="[4] /home/travis/build/icyphy/ptII/ptolemy/actor/lib/test/Clock.tcl (RunTclFile)" time="0.08" />
  <testcase classname="ptolemy.util.test.junit.TclTests" name="[5] /home/travis/build/icyphy/ptII/ptolemy/actor/lib/test/Commutator.tcl (RunTclFile)" time="0.237">
    <failure message="Number of failed tests is has increased. expected:&lt;0&gt; but was:&lt;1&gt;" type="junit.framework.AssertionFailedError">junit.framework.AssertionFailedError: Number of failed tests is has increased. expected:&lt;0&gt; but was:&lt;1&gt;
	at ptolemy.util.test.junit.TclTests.RunTclFile(TclTests.java:286)
	at java.base/jdk.internal.reflect.NativeMethodAccessorImpl.invoke0(Native Method)
	at java.base/jdk.internal.reflect.NativeMethodAccessorImpl.invoke(NativeMethodAccessorImpl.java:62)
	at java.base/jdk.internal.reflect.DelegatingMethodAccessorImpl.invoke(DelegatingMethodAccessorImpl.java:43)
	at junitparams.internal.InvokeParameterisedMethod.evaluate(InvokeParameterisedMethod.java:102)
	at junitparams.internal.ParameterisedTestMethodRunner.runMethodInvoker(ParameterisedTestMethodRunner.java:47)
	at junitparams.internal.ParameterisedTestMethodRunner.runTestMethod(ParameterisedTestMethodRunner.java:41)
	at junitparams.internal.ParameterisedTestClassRunner.runParameterisedTest(ParameterisedTestClassRunner.java:143)
	at junitparams.JUnitParamsRunner.runChild(JUnitParamsRunner.java:237)
	at junitparams.JUnitParamsRunner.runChild(JUnitParamsRunner.java:215)
</failure>
  </testcase>
  <testcase classname="ptolemy.util.test.junit.TclTests" name="[6] /home/travis/build/icyphy/ptII/ptolemy/actor/lib/test/Const.tcl (RunTclFile)" time="0.138" />
  <testcase classname="ptolemy.util.test.junit.TclTests" name="[7] /home/travis/build/icyphy/ptII/ptolemy/actor/lib/test/CurrentTime.tcl (RunTclFile)" time="0.053" />
  <testcase classname="ptolemy.util.test.junit.TclTests" name="[8] /home/travis/build/icyphy/ptII/ptolemy/actor/lib/test/DB.tcl (RunTclFile)" time="0.039" />
  <testcase classname="ptolemy.util.test.junit.TclTests" name="[9] /home/travis/build/icyphy/ptII/ptolemy/actor/lib/test/DiscreteRandomSource.tcl (RunTclFile)" time="0.029" />
  <testcase classname="ptolemy.util.test.junit.TclTests" name="[10] /home/travis/build/icyphy/ptII/ptolemy/actor/lib/test/Distributor.tcl (RunTclFile)" time="0.076" />
  <testcase classname="ptolemy.util.test.junit.TclTests" name="[11] /home/travis/build/icyphy/ptII/ptolemy/actor/lib/test/Exit.tcl (RunTclFile)" time="0.141" />
  <testcase classname="ptolemy.util.test.junit.TclTests" name="[12] /home/travis/build/icyphy/ptII/ptolemy/actor/lib/test/Expression.tcl (RunTclFile)" time="0.164" />
  <testcase classname="ptolemy.util.test.junit.TclTests" name="[13] /home/travis/build/icyphy/ptII/ptolemy/actor/lib/test/Gaussian.tcl (RunTclFile)" time="0.495" />
  <testcase classname="ptolemy.util.test.junit.TclTests" name="[14] /home/travis/build/icyphy/ptII/ptolemy/actor/lib/test/IIR.tcl (RunTclFile)" time="0.024" />
  <testcase classname="ptolemy.util.test.junit.TclTests" name="[15] /home/travis/build/icyphy/ptII/ptolemy/actor/lib/test/Interpolator.tcl (RunTclFile)" time="0.067" />
  <testcase classname="ptolemy.util.test.junit.TclTests" name="[16] /home/travis/build/icyphy/ptII/ptolemy/actor/lib/test/MathFunction.tcl (RunTclFile)" time="0.045" />
  <testcase classname="ptolemy.util.test.junit.TclTests" name="[17] /home/travis/build/icyphy/ptII/ptolemy/actor/lib/test/Maximum.tcl (RunTclFile)" time="0.025" />
  <testcase classname="ptolemy.util.test.junit.TclTests" name="[18] /home/travis/build/icyphy/ptII/ptolemy/actor/lib/test/Minimum.tcl (RunTclFile)" time="0.025" />
  <testcase classname="ptolemy.util.test.junit.TclTests" name="[19] /home/travis/build/icyphy/ptII/ptolemy/actor/lib/test/MultiplyDivide.tcl (RunTclFile)" time="0.053" />
  <testcase classname="ptolemy.util.test.junit.TclTests" name="[20] /home/travis/build/icyphy/ptII/ptolemy/actor/lib/test/OrderedMerge.tcl (RunTclFile)" time="0.216" />
  <testcase classname="ptolemy.util.test.junit.TclTests" name="[21] /home/travis/build/icyphy/ptII/ptolemy/actor/lib/test/Publisher.tcl (RunTclFile)" time="0.907" />
  <testcase classname="ptolemy.util.test.junit.TclTests" name="[22] /home/travis/build/icyphy/ptII/ptolemy/actor/lib/test/Pulse.tcl (RunTclFile)" time="0.096" />
  <testcase classname="ptolemy.util.test.junit.TclTests" name="[23] /home/travis/build/icyphy/ptII/ptolemy/actor/lib/test/Ramp.tcl (RunTclFile)" time="2.325" />
  <testcase classname="ptolemy.util.test.junit.TclTests" name="[24] /home/travis/build/icyphy/ptII/ptolemy/actor/lib/test/RampContinuous.tcl (RunTclFile)" time="0.017" />
  <testcase classname="ptolemy.util.test.junit.TclTests" name="[25] /home/travis/build/icyphy/ptII/ptolemy/actor/lib/test/RecordAssembler.tcl (RunTclFile)" time="0.016" />
  <testcase classname="ptolemy.util.test.junit.TclTests" name="[26] /home/travis/build/icyphy/ptII/ptolemy/actor/lib/test/RecordDisassembler.tcl (RunTclFile)" time="0.02" />
  <testcase classname="ptolemy.util.test.junit.TclTests" name="[27] /home/travis/build/icyphy/ptII/ptolemy/actor/lib/test/Scale.tcl (RunTclFile)" time="0.017" />
  <testcase classname="ptolemy.util.test.junit.TclTests" name="[28] /home/travis/build/icyphy/ptII/ptolemy/actor/lib/test/SequentialClock.tcl (RunTclFile)" time="0.012" />
  <testcase classname="ptolemy.util.test.junit.TclTests" name="[29] /home/travis/build/icyphy/ptII/ptolemy/actor/lib/test/SetVariable.tcl (RunTclFile)" time="0.019">
    <failure message="Number of failed tests is has increased. expected:&lt;1&gt; but was:&lt;2&gt;" type="junit.framework.AssertionFailedError">junit.framework.AssertionFailedError: Number of failed tests is has increased. expected:&lt;1&gt; but was:&lt;2&gt;
	at ptolemy.util.test.junit.TclTests.RunTclFile(TclTests.java:286)
	at jdk.internal.reflect.GeneratedMethodAccessor19.invoke(Unknown Source)
	at java.base/jdk.internal.reflect.DelegatingMethodAccessorImpl.invoke(DelegatingMethodAccessorImpl.java:43)
	at junitparams.internal.InvokeParameterisedMethod.evaluate(InvokeParameterisedMethod.java:102)
	at junitparams.internal.ParameterisedTestMethodRunner.runMethodInvoker(ParameterisedTestMethodRunner.java:47)
	at junitparams.internal.ParameterisedTestMethodRunner.runTestMethod(ParameterisedTestMethodRunner.java:41)
	at junitparams.internal.ParameterisedTestClassRunner.runParameterisedTest(ParameterisedTestClassRunner.java:143)
	at junitparams.JUnitParamsRunner.runChild(JUnitParamsRunner.java:237)
	at junitparams.JUnitParamsRunner.runChild(JUnitParamsRunner.java:215)
</failure>
  </testcase>
  <testcase classname="ptolemy.util.test.junit.TclTests" name="[30] /home/travis/build/icyphy/ptII/ptolemy/actor/lib/test/Sinewave.tcl (RunTclFile)" time="0.027" />
  <testcase classname="ptolemy.util.test.junit.TclTests" name="[31] /home/travis/build/icyphy/ptII/ptolemy/actor/lib/test/SubscriptionAggregator.tcl (RunTclFile)" time="2.75" />
  <testcase classname="ptolemy.util.test.junit.TclTests" name="[32] /home/travis/build/icyphy/ptII/ptolemy/actor/lib/test/Test.tcl (RunTclFile)" time="0.141" />
  <testcase classname="ptolemy.util.test.junit.TclTests" name="[33] /home/travis/build/icyphy/ptII/ptolemy/actor/lib/test/TestExceptionHandler.tcl (RunTclFile)" time="0.018" />
  <testcase classname="ptolemy.util.test.junit.TclTests" name="[34] /home/travis/build/icyphy/ptII/ptolemy/actor/lib/test/UnionDisassembler.tcl (RunTclFile)" time="0.088" />
  <testcase classname="ptolemy.util.test.junit.TclTests" name="[35] /home/travis/build/icyphy/ptII/ptolemy/actor/lib/test/VariableClock.tcl (RunTclFile)" time="0.037" />
  <testcase classname="ptolemy.util.test.junit.AutoKnownFailedTests" name="[0] /home/travis/build/icyphy/ptII/ptolemy/actor/lib/test/auto/knownFailedTests/PublisherPortToplevelSubscriber.xml (RunModel)" time="0.039" />
  <testcase classname="ptolemy.util.test.junit.AutoKnownFailedTests" name="[1] /home/travis/build/icyphy/ptII/ptolemy/actor/lib/test/auto/knownFailedTests/PublisherSubscriberPortToplevel.xml (RunModel)" time="0.026" />
  <testcase classname="ptolemy.util.test.junit.AutoKnownFailedTests" name="[2] /home/travis/build/icyphy/ptII/ptolemy/actor/lib/test/auto/knownFailedTests/PublisherSubscriptionAggregatorPort.xml (RunModel)" time="0.043" />
  <testcase classname="ptolemy.util.test.junit.AutoKnownFailedTests" name="[3] /home/travis/build/icyphy/ptII/ptolemy/actor/lib/test/auto/knownFailedTests/sizedarray3.xml (RunModel)" time="0.056" />
  <testcase classname="ptolemy.util.test.junit.AutoNameArchTests" name="[0] ThereAreNoAutoArchTests (RunModel)" time="0.01" />
  <testcase classname="ptolemy.util.test.junit.AutoTests" name="[0] /home/travis/build/icyphy/ptII/ptolemy/actor/lib/test/auto/AbsoluteValue.xml (RunModel)" time="0.113" />
  <testcase classname="ptolemy.util.test.junit.AutoTests" name="[1] /home/travis/build/icyphy/ptII/ptolemy/actor/lib/test/auto/AbsoluteValue2.xml (RunModel)" time="0.073" />
  <testcase classname="ptolemy.util.test.junit.AutoTests" name="[2] /home/travis/build/icyphy/ptII/ptolemy/actor/lib/test/auto/Accumulator.xml (RunModel)" time="0.031" />
  <testcase classname="ptolemy.util.test.junit.AutoTests" name="[3] /home/travis/build/icyphy/ptII/ptolemy/actor/lib/test/auto/Accumulator2.xml (RunModel)" time="0.021" />
  <testcase classname="ptolemy.util.test.junit.AutoTests" name="[4] /home/travis/build/icyphy/ptII/ptolemy/actor/lib/test/auto/Accumulator3.xml (RunModel)" time="0.023" />
  <testcase classname="ptolemy.util.test.junit.AutoTests" name="[5] /home/travis/build/icyphy/ptII/ptolemy/actor/lib/test/auto/ArrayAppend.xml (RunModel)" time="0.035" />
  <testcase classname="ptolemy.util.test.junit.AutoTests" name="[6] /home/travis/build/icyphy/ptII/ptolemy/actor/lib/test/auto/ArrayAppend2.xml (RunModel)" time="0.51" />
  <testcase classname="ptolemy.util.test.junit.AutoTests" name="[7] /home/travis/build/icyphy/ptII/ptolemy/actor/lib/test/auto/ArrayAppend3.xml (RunModel)" time="0.051" />
  <testcase classname="ptolemy.util.test.junit.AutoTests" name="[8] /home/travis/build/icyphy/ptII/ptolemy/actor/lib/test/auto/ArrayAppend4.xml (RunModel)" time="0.025" />
  <testcase classname="ptolemy.util.test.junit.AutoTests" name="[9] /home/travis/build/icyphy/ptII/ptolemy/actor/lib/test/auto/ArrayAppend5.xml (RunModel)" time="0.027" />
  <testcase classname="ptolemy.util.test.junit.AutoTests" name="[10] /home/travis/build/icyphy/ptII/ptolemy/actor/lib/test/auto/ArrayAppend6.xml (RunModel)" time="0.023" />
  <testcase classname="ptolemy.util.test.junit.AutoTests" name="[11] /home/travis/build/icyphy/ptII/ptolemy/actor/lib/test/auto/ArrayAppendPerformanceTest.xml (RunModel)" time="0.077" />
  <testcase classname="ptolemy.util.test.junit.AutoTests" name="[12] /home/travis/build/icyphy/ptII/ptolemy/actor/lib/test/auto/ArrayAppendWithEmptyInput.xml (RunModel)" time="0.044" />
  <testcase classname="ptolemy.util.test.junit.AutoTests" name="[13] /home/travis/build/icyphy/ptII/ptolemy/actor/lib/test/auto/ArrayAverage.xml (RunModel)" time="0.08" />
  <testcase classname="ptolemy.util.test.junit.AutoTests" name="[14] /home/travis/build/icyphy/ptII/ptolemy/actor/lib/test/auto/ArrayContains.xml (RunModel)" time="0.038" />
  <testcase classname="ptolemy.util.test.junit.AutoTests" name="[15] /home/travis/build/icyphy/ptII/ptolemy/actor/lib/test/auto/ArrayElement.xml (RunModel)" time="0.043" />
  <testcase classname="ptolemy.util.test.junit.AutoTests" name="[16] /home/travis/build/icyphy/ptII/ptolemy/actor/lib/test/auto/ArrayElementAsMatrix.xml (RunModel)" time="0.088" />
  <testcase classname="ptolemy.util.test.junit.AutoTests" name="[17] /home/travis/build/icyphy/ptII/ptolemy/actor/lib/test/auto/ArrayElementI.xml (RunModel)" time="0.026" />
  <testcase classname="ptolemy.util.test.junit.AutoTests" name="[18] /home/travis/build/icyphy/ptII/ptolemy/actor/lib/test/auto/ArrayExtract.xml (RunModel)" time="0.098" />
  <testcase classname="ptolemy.util.test.junit.AutoTests" name="[19] /home/travis/build/icyphy/ptII/ptolemy/actor/lib/test/auto/ArrayExtract2.xml (RunModel)" time="0.026" />
  <testcase classname="ptolemy.util.test.junit.AutoTests" name="[20] /home/travis/build/icyphy/ptII/ptolemy/actor/lib/test/auto/ArrayLength.xml (RunModel)" time="0.041" />
  <testcase classname="ptolemy.util.test.junit.AutoTests" name="[21] /home/travis/build/icyphy/ptII/ptolemy/actor/lib/test/auto/ArrayLevelCrossing.xml (RunModel)" time="0.039" />
  <testcase classname="ptolemy.util.test.junit.AutoTests" name="[22] /home/travis/build/icyphy/ptII/ptolemy/actor/lib/test/auto/ArrayLevelCrossing2.xml (RunModel)" time="0.038" />
  <testcase classname="ptolemy.util.test.junit.AutoTests" name="[23] /home/travis/build/icyphy/ptII/ptolemy/actor/lib/test/auto/ArrayPeakSearch.xml (RunModel)" time="0.053" />
  <testcase classname="ptolemy.util.test.junit.AutoTests" name="[24] /home/travis/build/icyphy/ptII/ptolemy/actor/lib/test/auto/ArrayPeakSearch2.xml (RunModel)" time="0.06" />
  <testcase classname="ptolemy.util.test.junit.AutoTests" name="[25] /home/travis/build/icyphy/ptII/ptolemy/actor/lib/test/auto/ArrayPeakSearch3.xml (RunModel)" time="0.053" />
  <testcase classname="ptolemy.util.test.junit.AutoTests" name="[26] /home/travis/build/icyphy/ptII/ptolemy/actor/lib/test/auto/ArrayRemoveElement.xml (RunModel)" time="0.041" />
  <testcase classname="ptolemy.util.test.junit.AutoTests" name="[27] /home/travis/build/icyphy/ptII/ptolemy/actor/lib/test/auto/ArraySort.xml (RunModel)" time="0.039" />
  <testcase classname="ptolemy.util.test.junit.AutoTests" name="[28] /home/travis/build/icyphy/ptII/ptolemy/actor/lib/test/auto/ArraySum.xml (RunModel)" time="0.024" />
  <testcase classname="ptolemy.util.test.junit.AutoTests" name="[29] /home/travis/build/icyphy/ptII/ptolemy/actor/lib/test/auto/ArrayToElements.xml (RunModel)" time="0.031" />
  <testcase classname="ptolemy.util.test.junit.AutoTests" name="[30] /home/travis/build/icyphy/ptII/ptolemy/actor/lib/test/auto/ArrayToMatrix.xml (RunModel)" time="0.094" />
  <testcase classname="ptolemy.util.test.junit.AutoTests" name="[31] /home/travis/build/icyphy/ptII/ptolemy/actor/lib/test/auto/ArrayUpdate1.xml (RunModel)" time="0.042" />
  <testcase classname="ptolemy.util.test.junit.AutoTests" name="[32] /home/travis/build/icyphy/ptII/ptolemy/actor/lib/test/auto/ArrayUpdate2.xml (RunModel)" time="0.015" />
  <testcase classname="ptolemy.util.test.junit.AutoTests" name="[33] /home/travis/build/icyphy/ptII/ptolemy/actor/lib/test/auto/ArrayUpdate3.xml (RunModel)" time="0.017" />
  <testcase classname="ptolemy.util.test.junit.AutoTests" name="[34] /home/travis/build/icyphy/ptII/ptolemy/actor/lib/test/auto/Assert1.xml (RunModel)" time="0.021" />
  <testcase classname="ptolemy.util.test.junit.AutoTests" name="[35] /home/travis/build/icyphy/ptII/ptolemy/actor/lib/test/auto/Assert2.xml (RunModel)" time="0.016" />
  <testcase classname="ptolemy.util.test.junit.AutoTests" name="[36] /home/travis/build/icyphy/ptII/ptolemy/actor/lib/test/auto/BooleanMultiplexor.xml (RunModel)" time="0.024" />
  <testcase classname="ptolemy.util.test.junit.AutoTests" name="[37] /home/travis/build/icyphy/ptII/ptolemy/actor/lib/test/auto/BooleanMultiplexor2.xml (RunModel)" time="0.036" />
  <testcase classname="ptolemy.util.test.junit.AutoTests" name="[38] /home/travis/build/icyphy/ptII/ptolemy/actor/lib/test/auto/BooleanMultiplexor3.xml (RunModel)" time="0.028" />
  <testcase classname="ptolemy.util.test.junit.AutoTests" name="[39] /home/travis/build/icyphy/ptII/ptolemy/actor/lib/test/auto/BooleanSelect.xml (RunModel)" time="0.032" />
  <testcase classname="ptolemy.util.test.junit.AutoTests" name="[40] /home/travis/build/icyphy/ptII/ptolemy/actor/lib/test/auto/BooleanSelect2.xml (RunModel)" time="0.027" />
  <testcase classname="ptolemy.util.test.junit.AutoTests" name="[41] /home/travis/build/icyphy/ptII/ptolemy/actor/lib/test/auto/BooleanSwitch.xml (RunModel)" time="0.025" />
  <testcase classname="ptolemy.util.test.junit.AutoTests" name="[42] /home/travis/build/icyphy/ptII/ptolemy/actor/lib/test/auto/BooleanSwitch2.xml (RunModel)" time="0.022" />
  <testcase classname="ptolemy.util.test.junit.AutoTests" name="[43] /home/travis/build/icyphy/ptII/ptolemy/actor/lib/test/auto/BooleanSwitchCloningBugWithClassRelationGroup.xml (RunModel)" time="0.05" />
  <testcase classname="ptolemy.util.test.junit.AutoTests" name="[44] /home/travis/build/icyphy/ptII/ptolemy/actor/lib/test/auto/BusActors.xml (RunModel)" time="0.034" />
  <testcase classname="ptolemy.util.test.junit.AutoTests" name="[45] /home/travis/build/icyphy/ptII/ptolemy/actor/lib/test/auto/ClassWrapper.xml (RunModel)" time="0.029" />
  <testcase classname="ptolemy.util.test.junit.AutoTests" name="[46] /home/travis/build/icyphy/ptII/ptolemy/actor/lib/test/auto/Clock.xml (RunModel)" time="0.016" />
  <testcase classname="ptolemy.util.test.junit.AutoTests" name="[47] /home/travis/build/icyphy/ptII/ptolemy/actor/lib/test/auto/Clock10.xml (RunModel)" time="0.095" />
  <testcase classname="ptolemy.util.test.junit.AutoTests" name="[48] /home/travis/build/icyphy/ptII/ptolemy/actor/lib/test/auto/Clock11.xml (RunModel)" time="0.043" />
  <testcase classname="ptolemy.util.test.junit.AutoTests" name="[49] /home/travis/build/icyphy/ptII/ptolemy/actor/lib/test/auto/Clock12.xml (RunModel)" time="0.024" />
  <testcase classname="ptolemy.util.test.junit.AutoTests" name="[50] /home/travis/build/icyphy/ptII/ptolemy/actor/lib/test/auto/Clock13.xml (RunModel)" time="0.027" />
  <testcase classname="ptolemy.util.test.junit.AutoTests" name="[51] /home/travis/build/icyphy/ptII/ptolemy/actor/lib/test/auto/Clock14.xml (RunModel)" time="0.031" />
  <testcase classname="ptolemy.util.test.junit.AutoTests" name="[52] /home/travis/build/icyphy/ptII/ptolemy/actor/lib/test/auto/Clock15.xml (RunModel)" time="0.021" />
  <testcase classname="ptolemy.util.test.junit.AutoTests" name="[53] /home/travis/build/icyphy/ptII/ptolemy/actor/lib/test/auto/Clock16.xml (RunModel)" time="0.14" />
  <testcase classname="ptolemy.util.test.junit.AutoTests" name="[54] /home/travis/build/icyphy/ptII/ptolemy/actor/lib/test/auto/Clock17.xml (RunModel)" time="0.058" />
  <testcase classname="ptolemy.util.test.junit.AutoTests" name="[55] /home/travis/build/icyphy/ptII/ptolemy/actor/lib/test/auto/Clock18.xml (RunModel)" time="0.049" />
  <testcase classname="ptolemy.util.test.junit.AutoTests" name="[56] /home/travis/build/icyphy/ptII/ptolemy/actor/lib/test/auto/Clock19.xml (RunModel)" time="0.048" />
  <testcase classname="ptolemy.util.test.junit.AutoTests" name="[57] /home/travis/build/icyphy/ptII/ptolemy/actor/lib/test/auto/Clock2.xml (RunModel)" time="0.015" />
  <testcase classname="ptolemy.util.test.junit.AutoTests" name="[58] /home/travis/build/icyphy/ptII/ptolemy/actor/lib/test/auto/Clock20.xml (RunModel)" time="0.028" />
  <testcase classname="ptolemy.util.test.junit.AutoTests" name="[59] /home/travis/build/icyphy/ptII/ptolemy/actor/lib/test/auto/Clock21.xml (RunModel)" time="0.035" />
  <testcase classname="ptolemy.util.test.junit.AutoTests" name="[60] /home/travis/build/icyphy/ptII/ptolemy/actor/lib/test/auto/Clock22.xml (RunModel)" time="0.017" />
  <testcase classname="ptolemy.util.test.junit.AutoTests" name="[61] /home/travis/build/icyphy/ptII/ptolemy/actor/lib/test/auto/Clock23.xml (RunModel)" time="0.02" />
  <testcase classname="ptolemy.util.test.junit.AutoTests" name="[62] /home/travis/build/icyphy/ptII/ptolemy/actor/lib/test/auto/Clock24.xml (RunModel)" time="0.022" />
  <testcase classname="ptolemy.util.test.junit.AutoTests" name="[63] /home/travis/build/icyphy/ptII/ptolemy/actor/lib/test/auto/Clock4.xml (RunModel)" time="0.02" />
  <testcase classname="ptolemy.util.test.junit.AutoTests" name="[64] /home/travis/build/icyphy/ptII/ptolemy/actor/lib/test/auto/Clock5.xml (RunModel)" time="0.022" />
  <testcase classname="ptolemy.util.test.junit.AutoTests" name="[65] /home/travis/build/icyphy/ptII/ptolemy/actor/lib/test/auto/Clock6.xml (RunModel)" time="0.013" />
  <testcase classname="ptolemy.util.test.junit.AutoTests" name="[66] /home/travis/build/icyphy/ptII/ptolemy/actor/lib/test/auto/Clock7.xml (RunModel)" time="0.022" />
  <testcase classname="ptolemy.util.test.junit.AutoTests" name="[67] /home/travis/build/icyphy/ptII/ptolemy/actor/lib/test/auto/Clock8.xml (RunModel)" time="0.02" />
  <testcase classname="ptolemy.util.test.junit.AutoTests" name="[68] /home/travis/build/icyphy/ptII/ptolemy/actor/lib/test/auto/Clock9.xml (RunModel)" time="0.02" />
  <testcase classname="ptolemy.util.test.junit.AutoTests" name="[69] /home/travis/build/icyphy/ptII/ptolemy/actor/lib/test/auto/CommDistDiscard.xml (RunModel)" time="0.032" />
  <testcase classname="ptolemy.util.test.junit.AutoTests" name="[70] /home/travis/build/icyphy/ptII/ptolemy/actor/lib/test/auto/Commutator.xml (RunModel)" time="0.024" />
  <testcase classname="ptolemy.util.test.junit.AutoTests" name="[71] /home/travis/build/icyphy/ptII/ptolemy/actor/lib/test/auto/Commutator2.xml (RunModel)" time="0.013" />
  <testcase classname="ptolemy.util.test.junit.AutoTests" name="[72] /home/travis/build/icyphy/ptII/ptolemy/actor/lib/test/auto/Commutator3.xml (RunModel)" time="0.016" />
  <testcase classname="ptolemy.util.test.junit.AutoTests" name="[73] /home/travis/build/icyphy/ptII/ptolemy/actor/lib/test/auto/Compare.xml (RunModel)" time="0.026" />
  <testcase classname="ptolemy.util.test.junit.AutoTests" name="[74] /home/travis/build/icyphy/ptII/ptolemy/actor/lib/test/auto/CompareDE.xml (RunModel)" time="0.027" />
  <testcase classname="ptolemy.util.test.junit.AutoTests" name="[75] /home/travis/build/icyphy/ptII/ptolemy/actor/lib/test/auto/ComplexDivide.xml (RunModel)" time="0.012" />
  <testcase classname="ptolemy.util.test.junit.AutoTests" name="[76] /home/travis/build/icyphy/ptII/ptolemy/actor/lib/test/auto/ComputeHistogram.xml (RunModel)" time="0.086" />
  <testcase classname="ptolemy.util.test.junit.AutoTests" name="[77] /home/travis/build/icyphy/ptII/ptolemy/actor/lib/test/auto/ConfigurationSelect.xml (RunModel)" time="0.025" />
  <testcase classname="ptolemy.util.test.junit.AutoTests" name="[78] /home/travis/build/icyphy/ptII/ptolemy/actor/lib/test/auto/ConfigurationSelect2.xml (RunModel)" time="0.027" />
  <testcase classname="ptolemy.util.test.junit.AutoTests" name="[79] /home/travis/build/icyphy/ptII/ptolemy/actor/lib/test/auto/ConfigurationSwitch.xml (RunModel)" time="0.026" />
  <testcase classname="ptolemy.util.test.junit.AutoTests" name="[80] /home/travis/build/icyphy/ptII/ptolemy/actor/lib/test/auto/ConfigurationSwitch2.xml (RunModel)" time="0.031" />
  <testcase classname="ptolemy.util.test.junit.AutoTests" name="[81] /home/travis/build/icyphy/ptII/ptolemy/actor/lib/test/auto/ConfigurationSwitchCloningBugWithClassRelationGroup.xml (RunModel)" time="0.02" />
  <testcase classname="ptolemy.util.test.junit.AutoTests" name="[82] /home/travis/build/icyphy/ptII/ptolemy/actor/lib/test/auto/ConfigurationSwitchSelectSDF.xml (RunModel)" time="0.016" />
  <testcase classname="ptolemy.util.test.junit.AutoTests" name="[83] /home/travis/build/icyphy/ptII/ptolemy/actor/lib/test/auto/ConfigurationSwitchSelectSDF2.xml (RunModel)" time="0.016" />
  <testcase classname="ptolemy.util.test.junit.AutoTests" name="[84] /home/travis/build/icyphy/ptII/ptolemy/actor/lib/test/auto/Const.xml (RunModel)" time="0.009" />
  <testcase classname="ptolemy.util.test.junit.AutoTests" name="[85] /home/travis/build/icyphy/ptII/ptolemy/actor/lib/test/auto/Const2.xml (RunModel)" time="0.011" />
  <testcase classname="ptolemy.util.test.junit.AutoTests" name="[86] /home/travis/build/icyphy/ptII/ptolemy/actor/lib/test/auto/Const3.xml (RunModel)" time="0.007" />
  <testcase classname="ptolemy.util.test.junit.AutoTests" name="[87] /home/travis/build/icyphy/ptII/ptolemy/actor/lib/test/auto/ConstantPublisherPort1.xml (RunModel)" time="0.025" />
  <testcase classname="ptolemy.util.test.junit.AutoTests" name="[88] /home/travis/build/icyphy/ptII/ptolemy/actor/lib/test/auto/ConstantPublisherPort2.xml (RunModel)" time="0.021" />
  <testcase classname="ptolemy.util.test.junit.AutoTests" name="[89] /home/travis/build/icyphy/ptII/ptolemy/actor/lib/test/auto/ConstantPublisherPort3.xml (RunModel)" time="0.021" />
  <testcase classname="ptolemy.util.test.junit.AutoTests" name="[90] /home/travis/build/icyphy/ptII/ptolemy/actor/lib/test/auto/ConstantPublisherPort4.xml (RunModel)" time="0.019" />
  <testcase classname="ptolemy.util.test.junit.AutoTests" name="[91] /home/travis/build/icyphy/ptII/ptolemy/actor/lib/test/auto/ConstantPublisherPort5.xml (RunModel)" time="0.044" />
  <testcase classname="ptolemy.util.test.junit.AutoTests" name="[92] /home/travis/build/icyphy/ptII/ptolemy/actor/lib/test/auto/ConstantPublisherPort6.xml (RunModel)" time="0.033" />
  <testcase classname="ptolemy.util.test.junit.AutoTests" name="[93] /home/travis/build/icyphy/ptII/ptolemy/actor/lib/test/auto/ConstantPublisherPort7.xml (RunModel)" time="0.039" />
  <testcase classname="ptolemy.util.test.junit.AutoTests" name="[94] /home/travis/build/icyphy/ptII/ptolemy/actor/lib/test/auto/ConstraintMonitor1.xml (RunModel)" time="0.043" />
  <testcase classname="ptolemy.util.test.junit.AutoTests" name="[95] /home/travis/build/icyphy/ptII/ptolemy/actor/lib/test/auto/ConstraintMonitor2.xml (RunModel)" time="0.018" />
  <testcase classname="ptolemy.util.test.junit.AutoTests" name="[96] /home/travis/build/icyphy/ptII/ptolemy/actor/lib/test/auto/ConstraintMonitor3.xml (RunModel)" time="0.02" />
  <testcase classname="ptolemy.util.test.junit.AutoTests" name="[97] /home/travis/build/icyphy/ptII/ptolemy/actor/lib/test/auto/ConstraintMonitor4.xml (RunModel)" time="0.017" />
  <testcase classname="ptolemy.util.test.junit.AutoTests" name="[98] /home/travis/build/icyphy/ptII/ptolemy/actor/lib/test/auto/ConstraintMonitor5.xml (RunModel)" time="0.019" />
  <testcase classname="ptolemy.util.test.junit.AutoTests" name="[99] /home/travis/build/icyphy/ptII/ptolemy/actor/lib/test/auto/ConstraintMonitor6.xml (RunModel)" time="0.017" />
  <testcase classname="ptolemy.util.test.junit.AutoTests" name="[100] /home/travis/build/icyphy/ptII/ptolemy/actor/lib/test/auto/ConstraintMonitor7.xml (RunModel)" time="0.074" />
  <testcase classname="ptolemy.util.test.junit.AutoTests" name="[101] /home/travis/build/icyphy/ptII/ptolemy/actor/lib/test/auto/ConstraintMonitor8.xml (RunModel)" time="0.02" />
  <testcase classname="ptolemy.util.test.junit.AutoTests" name="[102] /home/travis/build/icyphy/ptII/ptolemy/actor/lib/test/auto/Counter.xml (RunModel)" time="0.013" />
  <testcase classname="ptolemy.util.test.junit.AutoTests" name="[103] /home/travis/build/icyphy/ptII/ptolemy/actor/lib/test/auto/CurrentTimeSDF.xml (RunModel)" time="0.01" />
  <testcase classname="ptolemy.util.test.junit.AutoTests" name="[104] /home/travis/build/icyphy/ptII/ptolemy/actor/lib/test/auto/DB.xml (RunModel)" time="0.012" />
  <testcase classname="ptolemy.util.test.junit.AutoTests" name="[105] /home/travis/build/icyphy/ptII/ptolemy/actor/lib/test/auto/DBDE.xml (RunModel)" time="0.031" />
  <testcase classname="ptolemy.util.test.junit.AutoTests" name="[106] /home/travis/build/icyphy/ptII/ptolemy/actor/lib/test/auto/DateConstructor.xml (RunModel)" time="0.079" />
  <testcase classname="ptolemy.util.test.junit.AutoTests" name="[107] /home/travis/build/icyphy/ptII/ptolemy/actor/lib/test/auto/DelayTime.xml (RunModel)" time="0.021" />
  <testcase classname="ptolemy.util.test.junit.AutoTests" name="[108] /home/travis/build/icyphy/ptII/ptolemy/actor/lib/test/auto/Dictionary1.xml (RunModel)" time="0.025" />
  <testcase classname="ptolemy.util.test.junit.AutoTests" name="[109] /home/travis/build/icyphy/ptII/ptolemy/actor/lib/test/auto/Dictionary2.xml (RunModel)" time="0.02" />
  <testcase classname="ptolemy.util.test.junit.AutoTests" name="[110] /home/travis/build/icyphy/ptII/ptolemy/actor/lib/test/auto/Dictionary3.xml (RunModel)" time="0.018" />
  <testcase classname="ptolemy.util.test.junit.AutoTests" name="[111] /home/travis/build/icyphy/ptII/ptolemy/actor/lib/test/auto/Dictionary4.xml (RunModel)" time="0.018" />
  <testcase classname="ptolemy.util.test.junit.AutoTests" name="[112] /home/travis/build/icyphy/ptII/ptolemy/actor/lib/test/auto/Differential.xml (RunModel)" time="0.016" />
  <testcase classname="ptolemy.util.test.junit.AutoTests" name="[113] /home/travis/build/icyphy/ptII/ptolemy/actor/lib/test/auto/Director.xml (RunModel)" time="0.016" />
  <testcase classname="ptolemy.util.test.junit.AutoTests" name="[114] /home/travis/build/icyphy/ptII/ptolemy/actor/lib/test/auto/DiscreteClock.xml (RunModel)" time="0.011" />
  <testcase classname="ptolemy.util.test.junit.AutoTests" name="[115] /home/travis/build/icyphy/ptII/ptolemy/actor/lib/test/auto/DiscreteClock10.xml (RunModel)" time="0.017" />
  <testcase classname="ptolemy.util.test.junit.AutoTests" name="[116] /home/travis/build/icyphy/ptII/ptolemy/actor/lib/test/auto/DiscreteClock11.xml (RunModel)" time="0.014" />
  <testcase classname="ptolemy.util.test.junit.AutoTests" name="[117] /home/travis/build/icyphy/ptII/ptolemy/actor/lib/test/auto/DiscreteClock12.xml (RunModel)" time="0.019" />
  <testcase classname="ptolemy.util.test.junit.AutoTests" name="[118] /home/travis/build/icyphy/ptII/ptolemy/actor/lib/test/auto/DiscreteClock13.xml (RunModel)" time="0.018" />
  <testcase classname="ptolemy.util.test.junit.AutoTests" name="[119] /home/travis/build/icyphy/ptII/ptolemy/actor/lib/test/auto/DiscreteClock14.xml (RunModel)" time="0.016" />
  <testcase classname="ptolemy.util.test.junit.AutoTests" name="[120] /home/travis/build/icyphy/ptII/ptolemy/actor/lib/test/auto/DiscreteClock15.xml (RunModel)" time="0.017" />
  <testcase classname="ptolemy.util.test.junit.AutoTests" name="[121] /home/travis/build/icyphy/ptII/ptolemy/actor/lib/test/auto/DiscreteClock16.xml (RunModel)" time="0.051" />
  <testcase classname="ptolemy.util.test.junit.AutoTests" name="[122] /home/travis/build/icyphy/ptII/ptolemy/actor/lib/test/auto/DiscreteClock17.xml (RunModel)" time="0.043" />
  <testcase classname="ptolemy.util.test.junit.AutoTests" name="[123] /home/travis/build/icyphy/ptII/ptolemy/actor/lib/test/auto/DiscreteClock18.xml (RunModel)" time="0.049" />
  <testcase classname="ptolemy.util.test.junit.AutoTests" name="[124] /home/travis/build/icyphy/ptII/ptolemy/actor/lib/test/auto/DiscreteClock19.xml (RunModel)" time="0.062" />
  <testcase classname="ptolemy.util.test.junit.AutoTests" name="[125] /home/travis/build/icyphy/ptII/ptolemy/actor/lib/test/auto/DiscreteClock2.xml (RunModel)" time="0.016" />
  <testcase classname="ptolemy.util.test.junit.AutoTests" name="[126] /home/travis/build/icyphy/ptII/ptolemy/actor/lib/test/auto/DiscreteClock20.xml (RunModel)" time="0.024" />
  <testcase classname="ptolemy.util.test.junit.AutoTests" name="[127] /home/travis/build/icyphy/ptII/ptolemy/actor/lib/test/auto/DiscreteClock21.xml (RunModel)" time="0.02" />
  <testcase classname="ptolemy.util.test.junit.AutoTests" name="[128] /home/travis/build/icyphy/ptII/ptolemy/actor/lib/test/auto/DiscreteClock22.xml (RunModel)" time="0.021" />
  <testcase classname="ptolemy.util.test.junit.AutoTests" name="[129] /home/travis/build/icyphy/ptII/ptolemy/actor/lib/test/auto/DiscreteClock23.xml (RunModel)" time="0.024" />
  <testcase classname="ptolemy.util.test.junit.AutoTests" name="[130] /home/travis/build/icyphy/ptII/ptolemy/actor/lib/test/auto/DiscreteClock24.xml (RunModel)" time="0.016" />
  <testcase classname="ptolemy.util.test.junit.AutoTests" name="[131] /home/travis/build/icyphy/ptII/ptolemy/actor/lib/test/auto/DiscreteClock4.xml (RunModel)" time="0.017" />
  <testcase classname="ptolemy.util.test.junit.AutoTests" name="[132] /home/travis/build/icyphy/ptII/ptolemy/actor/lib/test/auto/DiscreteClock5.xml (RunModel)" time="0.012" />
  <testcase classname="ptolemy.util.test.junit.AutoTests" name="[133] /home/travis/build/icyphy/ptII/ptolemy/actor/lib/test/auto/DiscreteClock6.xml (RunModel)" time="0.013" />
  <testcase classname="ptolemy.util.test.junit.AutoTests" name="[134] /home/travis/build/icyphy/ptII/ptolemy/actor/lib/test/auto/DiscreteClock7.xml (RunModel)" time="0.012" />
  <testcase classname="ptolemy.util.test.junit.AutoTests" name="[135] /home/travis/build/icyphy/ptII/ptolemy/actor/lib/test/auto/DiscreteClock8.xml (RunModel)" time="0.023" />
  <testcase classname="ptolemy.util.test.junit.AutoTests" name="[136] /home/travis/build/icyphy/ptII/ptolemy/actor/lib/test/auto/DiscreteClock9.xml (RunModel)" time="0.017" />
  <testcase classname="ptolemy.util.test.junit.AutoTests" name="[137] /home/travis/build/icyphy/ptII/ptolemy/actor/lib/test/auto/DisplayArray.xml (RunModel)" time="0.01" />
  <testcase classname="ptolemy.util.test.junit.AutoTests" name="[138] /home/travis/build/icyphy/ptII/ptolemy/actor/lib/test/auto/Distributor.xml (RunModel)" time="0.01" />
  <testcase classname="ptolemy.util.test.junit.AutoTests" name="[139] /home/travis/build/icyphy/ptII/ptolemy/actor/lib/test/auto/Distributor2.xml (RunModel)" time="0.015" />
  <testcase classname="ptolemy.util.test.junit.AutoTests" name="[140] /home/travis/build/icyphy/ptII/ptolemy/actor/lib/test/auto/DownSample.xml (RunModel)" time="0.012" />
  <testcase classname="ptolemy.util.test.junit.AutoTests" name="[141] /home/travis/build/icyphy/ptII/ptolemy/actor/lib/test/auto/ElectronicUnitBase1.xml (RunModel)" time="0.066" />
  <testcase classname="ptolemy.util.test.junit.AutoTests" name="[142] /home/travis/build/icyphy/ptII/ptolemy/actor/lib/test/auto/ElementsToArray.xml (RunModel)" time="0.012" />
  <testcase classname="ptolemy.util.test.junit.AutoTests" name="[143] /home/travis/build/icyphy/ptII/ptolemy/actor/lib/test/auto/Equals.xml (RunModel)" time="0.022" />
  <testcase classname="ptolemy.util.test.junit.AutoTests" name="[144] /home/travis/build/icyphy/ptII/ptolemy/actor/lib/test/auto/Exec.xml (RunModel)" time="0.039" />
  <testcase classname="ptolemy.util.test.junit.AutoTests" name="[145] /home/travis/build/icyphy/ptII/ptolemy/actor/lib/test/auto/ExecEnvironment.xml (RunModel)" time="0.051" />
  <testcase classname="ptolemy.util.test.junit.AutoTests" name="[146] /home/travis/build/icyphy/ptII/ptolemy/actor/lib/test/auto/ExecNonZeroReturnOutput.xml (RunModel)" time="0.229" />
  <testcase classname="ptolemy.util.test.junit.AutoTests" name="[147] /home/travis/build/icyphy/ptII/ptolemy/actor/lib/test/auto/ExecRunDemos.xml (RunModel)" time="11.633">
    <error type="java.lang.reflect.InvocationTargetException">java.lang.reflect.InvocationTargetException
	at jdk.internal.reflect.GeneratedConstructorAccessor36.newInstance(Unknown Source)
	at java.base/jdk.internal.reflect.DelegatingConstructorAccessorImpl.newInstance(DelegatingConstructorAccessorImpl.java:45)
	at java.base/java.lang.reflect.Constructor.newInstance(Constructor.java:490)
	at ptolemy.util.test.junit.AutoTests.RunModel(AutoTests.java:193)
	at jdk.internal.reflect.GeneratedMethodAccessor43.invoke(Unknown Source)
	at java.base/jdk.internal.reflect.DelegatingMethodAccessorImpl.invoke(DelegatingMethodAccessorImpl.java:43)
	at junitparams.internal.InvokeParameterisedMethod.evaluate(InvokeParameterisedMethod.java:102)
Caused by: ptolemy.kernel.util.IllegalActionException: Test fails in iteration 0.
Value was: &quot;WARNING: An illegal reflective access operation has occurred\nWARNING: Illegal reflective access by io.netty.util.internal.ReflectionUtil (file:/home/travis/build/icyphy/ptII/lib/netty-common-4.1.19.Final.jar) to constructor java.nio.DirectByteBuffer(long,int)\nWARNING: Please consider reporting this to the maintainers of io.netty.util.internal.ReflectionUtil\nWARNING: Use --illegal-access=warn to enable warnings of further illegal reflective access operations\nWARNING: All illegal access operations will be denied in a future release\n&quot;. Should have been: &quot;&quot;
  in .ExecRunDemos.Test
	at ptolemy.actor.lib.Test.fire(Test.java:268)
	at ptolemy.actor.AtomicActor.iterate(AtomicActor.java:512)
	at ptolemy.actor.sched.StaticSchedulingDirector.fire(StaticSchedulingDirector.java:216)
	at ptolemy.domains.sdf.kernel.SDFDirector.fire(SDFDirector.java:500)
	at ptolemy.actor.CompositeActor.fire(CompositeActor.java:455)
	at ptolemy.actor.Manager.iterate(Manager.java:851)
	at ptolemy.actor.Manager.execute(Manager.java:369)
	at ptolemy.actor.Manager.run(Manager.java:1263)
	at ptolemy.actor.Manager$PtolemyRunThread.run(Manager.java:1915)
</error>
  </testcase>
  <testcase classname="ptolemy.util.test.junit.AutoTests" name="[148] /home/travis/build/icyphy/ptII/ptolemy/actor/lib/test/auto/ExecStop.xml (RunModel)" time="5.047" />
  <testcase classname="ptolemy.util.test.junit.AutoTests" name="[149] /home/travis/build/icyphy/ptII/ptolemy/actor/lib/test/auto/ExecutionTimeSDF.xml (RunModel)" time="6.043" />
  <testcase classname="ptolemy.util.test.junit.AutoTests" name="[150] /home/travis/build/icyphy/ptII/ptolemy/actor/lib/test/auto/Expression1.xml (RunModel)" time="0.024" />
  <testcase classname="ptolemy.util.test.junit.AutoTests" name="[151] /home/travis/build/icyphy/ptII/ptolemy/actor/lib/test/auto/Expression10.xml (RunModel)" time="0.024" />
  <testcase classname="ptolemy.util.test.junit.AutoTests" name="[152] /home/travis/build/icyphy/ptII/ptolemy/actor/lib/test/auto/Expression11.xml (RunModel)" time="0.013" />
  <testcase classname="ptolemy.util.test.junit.AutoTests" name="[153] /home/travis/build/icyphy/ptII/ptolemy/actor/lib/test/auto/Expression12.xml (RunModel)" time="0.014" />
  <testcase classname="ptolemy.util.test.junit.AutoTests" name="[154] /home/travis/build/icyphy/ptII/ptolemy/actor/lib/test/auto/Expression13.xml (RunModel)" time="0.013" />
  <testcase classname="ptolemy.util.test.junit.AutoTests" name="[155] /home/travis/build/icyphy/ptII/ptolemy/actor/lib/test/auto/Expression14.xml (RunModel)" time="0.021" />
  <testcase classname="ptolemy.util.test.junit.AutoTests" name="[156] /home/travis/build/icyphy/ptII/ptolemy/actor/lib/test/auto/Expression15.xml (RunModel)" time="0.01" />
  <testcase classname="ptolemy.util.test.junit.AutoTests" name="[157] /home/travis/build/icyphy/ptII/ptolemy/actor/lib/test/auto/Expression16.xml (RunModel)" time="0.015" />
  <testcase classname="ptolemy.util.test.junit.AutoTests" name="[158] /home/travis/build/icyphy/ptII/ptolemy/actor/lib/test/auto/Expression17.xml (RunModel)" time="0.014" />
  <testcase classname="ptolemy.util.test.junit.AutoTests" name="[159] /home/travis/build/icyphy/ptII/ptolemy/actor/lib/test/auto/Expression18.xml (RunModel)" time="0.017" />
  <testcase classname="ptolemy.util.test.junit.AutoTests" name="[160] /home/travis/build/icyphy/ptII/ptolemy/actor/lib/test/auto/Expression2.xml (RunModel)" time="0.013" />
  <testcase classname="ptolemy.util.test.junit.AutoTests" name="[161] /home/travis/build/icyphy/ptII/ptolemy/actor/lib/test/auto/Expression3.xml (RunModel)" time="0.016" />
  <testcase classname="ptolemy.util.test.junit.AutoTests" name="[162] /home/travis/build/icyphy/ptII/ptolemy/actor/lib/test/auto/Expression4.xml (RunModel)" time="0.023" />
  <testcase classname="ptolemy.util.test.junit.AutoTests" name="[163] /home/travis/build/icyphy/ptII/ptolemy/actor/lib/test/auto/Expression5.xml (RunModel)" time="0.018" />
  <testcase classname="ptolemy.util.test.junit.AutoTests" name="[164] /home/travis/build/icyphy/ptII/ptolemy/actor/lib/test/auto/Expression6.xml (RunModel)" time="0.01" />
  <testcase classname="ptolemy.util.test.junit.AutoTests" name="[165] /home/travis/build/icyphy/ptII/ptolemy/actor/lib/test/auto/Expression7.xml (RunModel)" time="0.015" />
  <testcase classname="ptolemy.util.test.junit.AutoTests" name="[166] /home/travis/build/icyphy/ptII/ptolemy/actor/lib/test/auto/Expression8.xml (RunModel)" time="0.021" />
  <testcase classname="ptolemy.util.test.junit.AutoTests" name="[167] /home/travis/build/icyphy/ptII/ptolemy/actor/lib/test/auto/Expression9.xml (RunModel)" time="0.01" />
  <testcase classname="ptolemy.util.test.junit.AutoTests" name="[168] /home/travis/build/icyphy/ptII/ptolemy/actor/lib/test/auto/ExpressionConcatenateArrayType.xml (RunModel)" time="0.045" />
  <testcase classname="ptolemy.util.test.junit.AutoTests" name="[169] /home/travis/build/icyphy/ptII/ptolemy/actor/lib/test/auto/ExpressionConcatenateArrayType2.xml (RunModel)" time="0.034" />
  <testcase classname="ptolemy.util.test.junit.AutoTests" name="[170] /home/travis/build/icyphy/ptII/ptolemy/actor/lib/test/auto/ExpressionFix.xml (RunModel)" time="0.049" />
  <testcase classname="ptolemy.util.test.junit.AutoTests" name="[171] /home/travis/build/icyphy/ptII/ptolemy/actor/lib/test/auto/ExpressionFix2.xml (RunModel)" time="0.019" />
  <testcase classname="ptolemy.util.test.junit.AutoTests" name="[172] /home/travis/build/icyphy/ptII/ptolemy/actor/lib/test/auto/ExpressionFix3.xml (RunModel)" time="0.014" />
  <testcase classname="ptolemy.util.test.junit.AutoTests" name="[173] /home/travis/build/icyphy/ptII/ptolemy/actor/lib/test/auto/FileWriter1.xml (RunModel)" time="0.01" />
  <testcase classname="ptolemy.util.test.junit.AutoTests" name="[174] /home/travis/build/icyphy/ptII/ptolemy/actor/lib/test/auto/FileWriter2.xml (RunModel)" time="0.019" />
  <testcase classname="ptolemy.util.test.junit.AutoTests" name="[175] /home/travis/build/icyphy/ptII/ptolemy/actor/lib/test/auto/FileWriter3.xml (RunModel)" time="0.02" />
  <testcase classname="ptolemy.util.test.junit.AutoTests" name="[176] /home/travis/build/icyphy/ptII/ptolemy/actor/lib/test/auto/Gaussian.xml (RunModel)" time="0.014" />
  <testcase classname="ptolemy.util.test.junit.AutoTests" name="[177] /home/travis/build/icyphy/ptII/ptolemy/actor/lib/test/auto/Gaussian1.xml (RunModel)" time="0.017" />
  <testcase classname="ptolemy.util.test.junit.AutoTests" name="[178] /home/travis/build/icyphy/ptII/ptolemy/actor/lib/test/auto/Gaussian2.xml (RunModel)" time="0.02" />
  <testcase classname="ptolemy.util.test.junit.AutoTests" name="[179] /home/travis/build/icyphy/ptII/ptolemy/actor/lib/test/auto/GradientAdaptiveLattice.xml (RunModel)" time="0.026" />
  <testcase classname="ptolemy.util.test.junit.AutoTests" name="[180] /home/travis/build/icyphy/ptII/ptolemy/actor/lib/test/auto/IIR.xml (RunModel)" time="0.013" />
  <testcase classname="ptolemy.util.test.junit.AutoTests" name="[181] /home/travis/build/icyphy/ptII/ptolemy/actor/lib/test/auto/InputOutputTransparentPorts.xml (RunModel)" time="0.021" />
  <testcase classname="ptolemy.util.test.junit.AutoTests" name="[182] /home/travis/build/icyphy/ptII/ptolemy/actor/lib/test/auto/Interpolator.xml (RunModel)" time="0.017" />
  <testcase classname="ptolemy.util.test.junit.AutoTests" name="[183] /home/travis/build/icyphy/ptII/ptolemy/actor/lib/test/auto/InterpolatorFiringLimitDE.xml (RunModel)" time="0.016" />
  <testcase classname="ptolemy.util.test.junit.AutoTests" name="[184] /home/travis/build/icyphy/ptII/ptolemy/actor/lib/test/auto/Lattice.xml (RunModel)" time="0.01" />
  <testcase classname="ptolemy.util.test.junit.AutoTests" name="[185] /home/travis/build/icyphy/ptII/ptolemy/actor/lib/test/auto/LazyAOCTestLazy.xml (RunModel)" time="0.036" />
  <testcase classname="ptolemy.util.test.junit.AutoTests" name="[186] /home/travis/build/icyphy/ptII/ptolemy/actor/lib/test/auto/LazyAOCTestNonLazy.xml (RunModel)" time="0.028" />
  <testcase classname="ptolemy.util.test.junit.AutoTests" name="[187] /home/travis/build/icyphy/ptII/ptolemy/actor/lib/test/auto/LazyInnerClass.xml (RunModel)" time="0.059" />
  <testcase classname="ptolemy.util.test.junit.AutoTests" name="[188] /home/travis/build/icyphy/ptII/ptolemy/actor/lib/test/auto/LazyPubSub.xml (RunModel)" time="0.068" />
  <testcase classname="ptolemy.util.test.junit.AutoTests" name="[189] /home/travis/build/icyphy/ptII/ptolemy/actor/lib/test/auto/LazyPubSub2.xml (RunModel)" time="0.074" />
  <testcase classname="ptolemy.util.test.junit.AutoTests" name="[190] /home/travis/build/icyphy/ptII/ptolemy/actor/lib/test/auto/LazyPubSub3.xml (RunModel)" time="0.031" />
  <testcase classname="ptolemy.util.test.junit.AutoTests" name="[191] /home/travis/build/icyphy/ptII/ptolemy/actor/lib/test/auto/LazySubClassModel.xml (RunModel)" time="0.027" />
  <testcase classname="ptolemy.util.test.junit.AutoTests" name="[192] /home/travis/build/icyphy/ptII/ptolemy/actor/lib/test/auto/LevelCrossTest1.xml (RunModel)" time="0.014" />
  <testcase classname="ptolemy.util.test.junit.AutoTests" name="[193] /home/travis/build/icyphy/ptII/ptolemy/actor/lib/test/auto/LevelCrossTest10.xml (RunModel)" time="0.019" />
  <testcase classname="ptolemy.util.test.junit.AutoTests" name="[194] /home/travis/build/icyphy/ptII/ptolemy/actor/lib/test/auto/LevelCrossTest11.xml (RunModel)" time="0.021" />
  <testcase classname="ptolemy.util.test.junit.AutoTests" name="[195] /home/travis/build/icyphy/ptII/ptolemy/actor/lib/test/auto/LevelCrossTest12.xml (RunModel)" time="0.022" />
  <testcase classname="ptolemy.util.test.junit.AutoTests" name="[196] /home/travis/build/icyphy/ptII/ptolemy/actor/lib/test/auto/LevelCrossTest13.xml (RunModel)" time="0.014" />
  <testcase classname="ptolemy.util.test.junit.AutoTests" name="[197] /home/travis/build/icyphy/ptII/ptolemy/actor/lib/test/auto/LevelCrossTest2.xml (RunModel)" time="0.014" />
  <testcase classname="ptolemy.util.test.junit.AutoTests" name="[198] /home/travis/build/icyphy/ptII/ptolemy/actor/lib/test/auto/LevelCrossTest3.xml (RunModel)" time="0.016" />
  <testcase classname="ptolemy.util.test.junit.AutoTests" name="[199] /home/travis/build/icyphy/ptII/ptolemy/actor/lib/test/auto/LevelCrossTest4.xml (RunModel)" time="0.015" />
  <testcase classname="ptolemy.util.test.junit.AutoTests" name="[200] /home/travis/build/icyphy/ptII/ptolemy/actor/lib/test/auto/LevelCrossTest5.xml (RunModel)" time="0.025" />
  <testcase classname="ptolemy.util.test.junit.AutoTests" name="[201] /home/travis/build/icyphy/ptII/ptolemy/actor/lib/test/auto/LevelCrossTest6.xml (RunModel)" time="0.026" />
  <testcase classname="ptolemy.util.test.junit.AutoTests" name="[202] /home/travis/build/icyphy/ptII/ptolemy/actor/lib/test/auto/LevelCrossTest7.xml (RunModel)" time="0.02" />
  <testcase classname="ptolemy.util.test.junit.AutoTests" name="[203] /home/travis/build/icyphy/ptII/ptolemy/actor/lib/test/auto/LevelCrossTest8.xml (RunModel)" time="0.059" />
  <testcase classname="ptolemy.util.test.junit.AutoTests" name="[204] /home/travis/build/icyphy/ptII/ptolemy/actor/lib/test/auto/LevelCrossTest9.xml (RunModel)" time="0.015" />
  <testcase classname="ptolemy.util.test.junit.AutoTests" name="[205] /home/travis/build/icyphy/ptII/ptolemy/actor/lib/test/auto/LevinsonDurbin.xml (RunModel)" time="0.013" />
  <testcase classname="ptolemy.util.test.junit.AutoTests" name="[206] /home/travis/build/icyphy/ptII/ptolemy/actor/lib/test/auto/LevinsonDurbin2.xml (RunModel)" time="0.015" />
  <testcase classname="ptolemy.util.test.junit.AutoTests" name="[207] /home/travis/build/icyphy/ptII/ptolemy/actor/lib/test/auto/LevinsonDurbin3.xml (RunModel)" time="0.016" />
  <testcase classname="ptolemy.util.test.junit.AutoTests" name="[208] /home/travis/build/icyphy/ptII/ptolemy/actor/lib/test/auto/Limiter.xml (RunModel)" time="0.051" />
  <testcase classname="ptolemy.util.test.junit.AutoTests" name="[209] /home/travis/build/icyphy/ptII/ptolemy/actor/lib/test/auto/LinearDifferenceEquationSystem.xml (RunModel)" time="0.025" />
  <testcase classname="ptolemy.util.test.junit.AutoTests" name="[210] /home/travis/build/icyphy/ptII/ptolemy/actor/lib/test/auto/LookupTable.xml (RunModel)" time="0.011" />
  <testcase classname="ptolemy.util.test.junit.AutoTests" name="[211] /home/travis/build/icyphy/ptII/ptolemy/actor/lib/test/auto/MathFunction.xml (RunModel)" time="0.021" />
  <testcase classname="ptolemy.util.test.junit.AutoTests" name="[212] /home/travis/build/icyphy/ptII/ptolemy/actor/lib/test/auto/MathFunction2.xml (RunModel)" time="0.013" />
  <testcase classname="ptolemy.util.test.junit.AutoTests" name="[213] /home/travis/build/icyphy/ptII/ptolemy/actor/lib/test/auto/MathFunction3.xml (RunModel)" time="0.022" />
  <testcase classname="ptolemy.util.test.junit.AutoTests" name="[214] /home/travis/build/icyphy/ptII/ptolemy/actor/lib/test/auto/MatrixCropBoolean.xml (RunModel)" time="0.016" />
  <testcase classname="ptolemy.util.test.junit.AutoTests" name="[215] /home/travis/build/icyphy/ptII/ptolemy/actor/lib/test/auto/MatrixCropComplex.xml (RunModel)" time="0.011" />
  <testcase classname="ptolemy.util.test.junit.AutoTests" name="[216] /home/travis/build/icyphy/ptII/ptolemy/actor/lib/test/auto/MatrixCropDouble.xml (RunModel)" time="0.011" />
  <testcase classname="ptolemy.util.test.junit.AutoTests" name="[217] /home/travis/build/icyphy/ptII/ptolemy/actor/lib/test/auto/MatrixCropFix.xml (RunModel)" time="0.017" />
  <testcase classname="ptolemy.util.test.junit.AutoTests" name="[218] /home/travis/build/icyphy/ptII/ptolemy/actor/lib/test/auto/MatrixCropInt.xml (RunModel)" time="0.015" />
  <testcase classname="ptolemy.util.test.junit.AutoTests" name="[219] /home/travis/build/icyphy/ptII/ptolemy/actor/lib/test/auto/MatrixCropLong.xml (RunModel)" time="0.013" />
  <testcase classname="ptolemy.util.test.junit.AutoTests" name="[220] /home/travis/build/icyphy/ptII/ptolemy/actor/lib/test/auto/MatrixToArray.xml (RunModel)" time="0.056" />
  <testcase classname="ptolemy.util.test.junit.AutoTests" name="[221] /home/travis/build/icyphy/ptII/ptolemy/actor/lib/test/auto/MaxIndex.xml (RunModel)" time="0.016" />
  <testcase classname="ptolemy.util.test.junit.AutoTests" name="[222] /home/travis/build/icyphy/ptII/ptolemy/actor/lib/test/auto/Maximum.xml (RunModel)" time="0.014" />
  <testcase classname="ptolemy.util.test.junit.AutoTests" name="[223] /home/travis/build/icyphy/ptII/ptolemy/actor/lib/test/auto/MaximumComplex.xml (RunModel)" time="0.017" />
  <testcase classname="ptolemy.util.test.junit.AutoTests" name="[224] /home/travis/build/icyphy/ptII/ptolemy/actor/lib/test/auto/MethodCallTest.xml (RunModel)" time="0.028" />
  <testcase classname="ptolemy.util.test.junit.AutoTests" name="[225] /home/travis/build/icyphy/ptII/ptolemy/actor/lib/test/auto/Minimum.xml (RunModel)" time="0.014" />
  <testcase classname="ptolemy.util.test.junit.AutoTests" name="[226] /home/travis/build/icyphy/ptII/ptolemy/actor/lib/test/auto/MinimumComplex.xml (RunModel)" time="0.026" />
  <testcase classname="ptolemy.util.test.junit.AutoTests" name="[227] /home/travis/build/icyphy/ptII/ptolemy/actor/lib/test/auto/MinimumMultiports.xml (RunModel)" time="0.024" />
  <testcase classname="ptolemy.util.test.junit.AutoTests" name="[228] /home/travis/build/icyphy/ptII/ptolemy/actor/lib/test/auto/ModifyDate.xml (RunModel)" time="0.049" />
  <testcase classname="ptolemy.util.test.junit.AutoTests" name="[229] /home/travis/build/icyphy/ptII/ptolemy/actor/lib/test/auto/ModifyDate2.xml (RunModel)" time="0.03" />
  <testcase classname="ptolemy.util.test.junit.AutoTests" name="[230] /home/travis/build/icyphy/ptII/ptolemy/actor/lib/test/auto/MovingAverage.xml (RunModel)" time="0.013" />
  <testcase classname="ptolemy.util.test.junit.AutoTests" name="[231] /home/travis/build/icyphy/ptII/ptolemy/actor/lib/test/auto/MovingMaximum.xml (RunModel)" time="0.013" />
  <testcase classname="ptolemy.util.test.junit.AutoTests" name="[232] /home/travis/build/icyphy/ptII/ptolemy/actor/lib/test/auto/MultipleLinksToSameRelation.xml (RunModel)" time="0.008" />
  <testcase classname="ptolemy.util.test.junit.AutoTests" name="[233] /home/travis/build/icyphy/ptII/ptolemy/actor/lib/test/auto/MultipleLinksToSameRelationDE.xml (RunModel)" time="0.021" />
  <testcase classname="ptolemy.util.test.junit.AutoTests" name="[234] /home/travis/build/icyphy/ptII/ptolemy/actor/lib/test/auto/Multiplexor.xml (RunModel)" time="0.014" />
  <testcase classname="ptolemy.util.test.junit.AutoTests" name="[235] /home/travis/build/icyphy/ptII/ptolemy/actor/lib/test/auto/Multiplexor1.xml (RunModel)" time="0.013" />
  <testcase classname="ptolemy.util.test.junit.AutoTests" name="[236] /home/travis/build/icyphy/ptII/ptolemy/actor/lib/test/auto/Multiplexor2.xml (RunModel)" time="0.015" />
  <testcase classname="ptolemy.util.test.junit.AutoTests" name="[237] /home/travis/build/icyphy/ptII/ptolemy/actor/lib/test/auto/Multiplexor3.xml (RunModel)" time="0.009" />
  <testcase classname="ptolemy.util.test.junit.AutoTests" name="[238] /home/travis/build/icyphy/ptII/ptolemy/actor/lib/test/auto/MultiplexorDE.xml (RunModel)" time="0.019" />
  <testcase classname="ptolemy.util.test.junit.AutoTests" name="[239] /home/travis/build/icyphy/ptII/ptolemy/actor/lib/test/auto/MultiportBroadcastTest.xml (RunModel)" time="0.11" />
  <testcase classname="ptolemy.util.test.junit.AutoTests" name="[240] /home/travis/build/icyphy/ptII/ptolemy/actor/lib/test/auto/MultiportOutHangDuringGetWidth.xml (RunModel)" time="0.05" />
  <testcase classname="ptolemy.util.test.junit.AutoTests" name="[241] /home/travis/build/icyphy/ptII/ptolemy/actor/lib/test/auto/NilToken.xml (RunModel)" time="0.013" />
  <testcase classname="ptolemy.util.test.junit.AutoTests" name="[242] /home/travis/build/icyphy/ptII/ptolemy/actor/lib/test/auto/NilTokenNonStrictTest.xml (RunModel)" time="0.012" />
  <testcase classname="ptolemy.util.test.junit.AutoTests" name="[243] /home/travis/build/icyphy/ptII/ptolemy/actor/lib/test/auto/NilTokenRecord.xml (RunModel)" time="0.039" />
  <testcase classname="ptolemy.util.test.junit.AutoTests" name="[244] /home/travis/build/icyphy/ptII/ptolemy/actor/lib/test/auto/NilTokenTypeTest.xml (RunModel)" time="0.04" />
  <testcase classname="ptolemy.util.test.junit.AutoTests" name="[245] /home/travis/build/icyphy/ptII/ptolemy/actor/lib/test/auto/ObjectToken1.xml (RunModel)" time="0.01" />
  <testcase classname="ptolemy.util.test.junit.AutoTests" name="[246] /home/travis/build/icyphy/ptII/ptolemy/actor/lib/test/auto/OrderedMerge.xml (RunModel)" time="0.019" />
  <testcase classname="ptolemy.util.test.junit.AutoTests" name="[247] /home/travis/build/icyphy/ptII/ptolemy/actor/lib/test/auto/OrderedRecordDisassembler.xml (RunModel)" time="0.025" />
  <testcase classname="ptolemy.util.test.junit.AutoTests" name="[248] /home/travis/build/icyphy/ptII/ptolemy/actor/lib/test/auto/OrderedRecordDisassembler2.xml (RunModel)" time="0.021" />
  <testcase classname="ptolemy.util.test.junit.AutoTests" name="[249] /home/travis/build/icyphy/ptII/ptolemy/actor/lib/test/auto/OrderedRecordUpdater.xml (RunModel)" time="0.012" />
  <testcase classname="ptolemy.util.test.junit.AutoTests" name="[250] /home/travis/build/icyphy/ptII/ptolemy/actor/lib/test/auto/OrderedRecordUpdater2.xml (RunModel)" time="0.022" />
  <testcase classname="ptolemy.util.test.junit.AutoTests" name="[251] /home/travis/build/icyphy/ptII/ptolemy/actor/lib/test/auto/PhaseUnwrap.xml (RunModel)" time="0.014" />
  <testcase classname="ptolemy.util.test.junit.AutoTests" name="[252] /home/travis/build/icyphy/ptII/ptolemy/actor/lib/test/auto/PoissonClock.xml (RunModel)" time="0.012" />
  <testcase classname="ptolemy.util.test.junit.AutoTests" name="[253] /home/travis/build/icyphy/ptII/ptolemy/actor/lib/test/auto/PoissonClock2.xml (RunModel)" time="0.008" />
  <testcase classname="ptolemy.util.test.junit.AutoTests" name="[254] /home/travis/build/icyphy/ptII/ptolemy/actor/lib/test/auto/PoissonClock3.xml (RunModel)" time="0.033" />
  <testcase classname="ptolemy.util.test.junit.AutoTests" name="[255] /home/travis/build/icyphy/ptII/ptolemy/actor/lib/test/auto/PubSubWithInitialTokens.xml (RunModel)" time="0.015" />
  <testcase classname="ptolemy.util.test.junit.AutoTests" name="[256] /home/travis/build/icyphy/ptII/ptolemy/actor/lib/test/auto/PubSubWithInitialTokens2.xml (RunModel)" time="0.015" />
  <testcase classname="ptolemy.util.test.junit.AutoTests" name="[257] /home/travis/build/icyphy/ptII/ptolemy/actor/lib/test/auto/PublisherClassNoParameter.xml (RunModel)" time="0.026" />
  <testcase classname="ptolemy.util.test.junit.AutoTests" name="[258] /home/travis/build/icyphy/ptII/ptolemy/actor/lib/test/auto/PublisherClassParameter.xml (RunModel)" time="0.028" />
  <testcase classname="ptolemy.util.test.junit.AutoTests" name="[259] /home/travis/build/icyphy/ptII/ptolemy/actor/lib/test/auto/PublisherNonStrictTest.xml (RunModel)" time="0.016" />
  <testcase classname="ptolemy.util.test.junit.AutoTests" name="[260] /home/travis/build/icyphy/ptII/ptolemy/actor/lib/test/auto/PublisherPort1.xml (RunModel)" time="0.013" />
  <testcase classname="ptolemy.util.test.junit.AutoTests" name="[261] /home/travis/build/icyphy/ptII/ptolemy/actor/lib/test/auto/PublisherPort2.xml (RunModel)" time="0.021" />
  <testcase classname="ptolemy.util.test.junit.AutoTests" name="[262] /home/travis/build/icyphy/ptII/ptolemy/actor/lib/test/auto/PublisherPort3.xml (RunModel)" time="0.015" />
  <testcase classname="ptolemy.util.test.junit.AutoTests" name="[263] /home/travis/build/icyphy/ptII/ptolemy/actor/lib/test/auto/PublisherPort4.xml (RunModel)" time="0.076" />
  <testcase classname="ptolemy.util.test.junit.AutoTests" name="[264] /home/travis/build/icyphy/ptII/ptolemy/actor/lib/test/auto/PublisherPort5.xml (RunModel)" time="0.021" />
  <testcase classname="ptolemy.util.test.junit.AutoTests" name="[265] /home/travis/build/icyphy/ptII/ptolemy/actor/lib/test/auto/PublisherPort5LookAlike.xml (RunModel)" time="0.023" />
  <testcase classname="ptolemy.util.test.junit.AutoTests" name="[266] /home/travis/build/icyphy/ptII/ptolemy/actor/lib/test/auto/PublisherPort6.xml (RunModel)" time="0.013" />
  <testcase classname="ptolemy.util.test.junit.AutoTests" name="[267] /home/travis/build/icyphy/ptII/ptolemy/actor/lib/test/auto/PublisherPort7.xml (RunModel)" time="0.017" />
  <testcase classname="ptolemy.util.test.junit.AutoTests" name="[268] /home/travis/build/icyphy/ptII/ptolemy/actor/lib/test/auto/PublisherPort8.xml (RunModel)" time="0.024" />
  <testcase classname="ptolemy.util.test.junit.AutoTests" name="[269] /home/travis/build/icyphy/ptII/ptolemy/actor/lib/test/auto/PublisherPortSubscriberChannelVariablesAOC2.xml (RunModel)" time="0.035" />
  <testcase classname="ptolemy.util.test.junit.AutoTests" name="[270] /home/travis/build/icyphy/ptII/ptolemy/actor/lib/test/auto/PublisherPortSubscriberOpaqueWidthInference.xml (RunModel)" time="0.017" />
  <testcase classname="ptolemy.util.test.junit.AutoTests" name="[271] /home/travis/build/icyphy/ptII/ptolemy/actor/lib/test/auto/PublisherPortSubscriberPortAdjacent.xml (RunModel)" time="0.02" />
  <testcase classname="ptolemy.util.test.junit.AutoTests" name="[272] /home/travis/build/icyphy/ptII/ptolemy/actor/lib/test/auto/PublisherPortSubscriberPortExpression.xml (RunModel)" time="0.021" />
  <testcase classname="ptolemy.util.test.junit.AutoTests" name="[273] /home/travis/build/icyphy/ptII/ptolemy/actor/lib/test/auto/PublisherPortSubscriberPortOpaqueD3Reverse.xml (RunModel)" time="0.022" />
  <testcase classname="ptolemy.util.test.junit.AutoTests" name="[274] /home/travis/build/icyphy/ptII/ptolemy/actor/lib/test/auto/PublisherPortSubscriberPortOpaqueWidthInference.xml (RunModel)" time="0.021" />
  <testcase classname="ptolemy.util.test.junit.AutoTests" name="[275] /home/travis/build/icyphy/ptII/ptolemy/actor/lib/test/auto/PublisherPortToplevelSubscriberPortAOC.xml (RunModel)" time="0.014" />
  <testcase classname="ptolemy.util.test.junit.AutoTests" name="[276] /home/travis/build/icyphy/ptII/ptolemy/actor/lib/test/auto/PublisherSubscriber.xml (RunModel)" time="0.015" />
  <testcase classname="ptolemy.util.test.junit.AutoTests" name="[277] /home/travis/build/icyphy/ptII/ptolemy/actor/lib/test/auto/PublisherSubscriber10.xml (RunModel)" time="0.023" />
  <testcase classname="ptolemy.util.test.junit.AutoTests" name="[278] /home/travis/build/icyphy/ptII/ptolemy/actor/lib/test/auto/PublisherSubscriber10InitialOutputs.xml (RunModel)" time="0.038" />
  <testcase classname="ptolemy.util.test.junit.AutoTests" name="[279] /home/travis/build/icyphy/ptII/ptolemy/actor/lib/test/auto/PublisherSubscriber11.xml (RunModel)" time="0.02" />
  <testcase classname="ptolemy.util.test.junit.AutoTests" name="[280] /home/travis/build/icyphy/ptII/ptolemy/actor/lib/test/auto/PublisherSubscriber12.xml (RunModel)" time="0.014" />
  <testcase classname="ptolemy.util.test.junit.AutoTests" name="[281] /home/travis/build/icyphy/ptII/ptolemy/actor/lib/test/auto/PublisherSubscriber13.xml (RunModel)" time="0.019" />
  <testcase classname="ptolemy.util.test.junit.AutoTests" name="[282] /home/travis/build/icyphy/ptII/ptolemy/actor/lib/test/auto/PublisherSubscriber14.xml (RunModel)" time="0.02" />
  <testcase classname="ptolemy.util.test.junit.AutoTests" name="[283] /home/travis/build/icyphy/ptII/ptolemy/actor/lib/test/auto/PublisherSubscriber2.xml (RunModel)" time="0.012" />
  <testcase classname="ptolemy.util.test.junit.AutoTests" name="[284] /home/travis/build/icyphy/ptII/ptolemy/actor/lib/test/auto/PublisherSubscriber3.xml (RunModel)" time="0.01" />
  <testcase classname="ptolemy.util.test.junit.AutoTests" name="[285] /home/travis/build/icyphy/ptII/ptolemy/actor/lib/test/auto/PublisherSubscriber4.xml (RunModel)" time="0.01" />
  <testcase classname="ptolemy.util.test.junit.AutoTests" name="[286] /home/travis/build/icyphy/ptII/ptolemy/actor/lib/test/auto/PublisherSubscriber5.xml (RunModel)" time="0.013" />
  <testcase classname="ptolemy.util.test.junit.AutoTests" name="[287] /home/travis/build/icyphy/ptII/ptolemy/actor/lib/test/auto/PublisherSubscriber6.xml (RunModel)" time="0.017" />
  <testcase classname="ptolemy.util.test.junit.AutoTests" name="[288] /home/travis/build/icyphy/ptII/ptolemy/actor/lib/test/auto/PublisherSubscriber7.xml (RunModel)" time="0.02" />
  <testcase classname="ptolemy.util.test.junit.AutoTests" name="[289] /home/travis/build/icyphy/ptII/ptolemy/actor/lib/test/auto/PublisherSubscriber8.xml (RunModel)" time="0.039" />
  <testcase classname="ptolemy.util.test.junit.AutoTests" name="[290] /home/travis/build/icyphy/ptII/ptolemy/actor/lib/test/auto/PublisherSubscriber9.xml (RunModel)" time="0.021" />
  <testcase classname="ptolemy.util.test.junit.AutoTests" name="[291] /home/travis/build/icyphy/ptII/ptolemy/actor/lib/test/auto/PublisherSubscriberAdjacent.xml (RunModel)" time="0.016" />
  <testcase classname="ptolemy.util.test.junit.AutoTests" name="[292] /home/travis/build/icyphy/ptII/ptolemy/actor/lib/test/auto/PublisherSubscriberChannelVariablesAOC2.xml (RunModel)" time="0.029" />
  <testcase classname="ptolemy.util.test.junit.AutoTests" name="[293] /home/travis/build/icyphy/ptII/ptolemy/actor/lib/test/auto/PublisherSubscriberD3.xml (RunModel)" time="0.015" />
  <testcase classname="ptolemy.util.test.junit.AutoTests" name="[294] /home/travis/build/icyphy/ptII/ptolemy/actor/lib/test/auto/PublisherSubscriberD3Reverse.xml (RunModel)" time="0.015" />
  <testcase classname="ptolemy.util.test.junit.AutoTests" name="[295] /home/travis/build/icyphy/ptII/ptolemy/actor/lib/test/auto/PublisherSubscriberExpression.xml (RunModel)" time="0.021" />
  <testcase classname="ptolemy.util.test.junit.AutoTests" name="[296] /home/travis/build/icyphy/ptII/ptolemy/actor/lib/test/auto/PublisherSubscriberOpaque.xml (RunModel)" time="0.016" />
  <testcase classname="ptolemy.util.test.junit.AutoTests" name="[297] /home/travis/build/icyphy/ptII/ptolemy/actor/lib/test/auto/PublisherSubscriberOpaqueD3.xml (RunModel)" time="0.024" />
  <testcase classname="ptolemy.util.test.junit.AutoTests" name="[298] /home/travis/build/icyphy/ptII/ptolemy/actor/lib/test/auto/PublisherSubscriberOpaqueD3Reverse.xml (RunModel)" time="0.023" />
  <testcase classname="ptolemy.util.test.junit.AutoTests" name="[299] /home/travis/build/icyphy/ptII/ptolemy/actor/lib/test/auto/PublisherSubscriberOpaqueWidthInference.xml (RunModel)" time="0.02" />
  <testcase classname="ptolemy.util.test.junit.AutoTests" name="[300] /home/travis/build/icyphy/ptII/ptolemy/actor/lib/test/auto/PublisherTestSubscriber.xml (RunModel)" time="0.016" />
  <testcase classname="ptolemy.util.test.junit.AutoTests" name="[301] /home/travis/build/icyphy/ptII/ptolemy/actor/lib/test/auto/PublisherToplevelSubscriberPortAOC.xml (RunModel)" time="0.013" />
  <testcase classname="ptolemy.util.test.junit.AutoTests" name="[302] /home/travis/build/icyphy/ptII/ptolemy/actor/lib/test/auto/PulseFiringLimitDE.xml (RunModel)" time="0.017" />
  <testcase classname="ptolemy.util.test.junit.AutoTests" name="[303] /home/travis/build/icyphy/ptII/ptolemy/actor/lib/test/auto/Ramp1.xml (RunModel)" time="0.013" />
  <testcase classname="ptolemy.util.test.junit.AutoTests" name="[304] /home/travis/build/icyphy/ptII/ptolemy/actor/lib/test/auto/RampFiringLimitDE.xml (RunModel)" time="0.015" />
  <testcase classname="ptolemy.util.test.junit.AutoTests" name="[305] /home/travis/build/icyphy/ptII/ptolemy/actor/lib/test/auto/RampFiringLimitSDF.xml (RunModel)" time="0.01" />
  <testcase classname="ptolemy.util.test.junit.AutoTests" name="[306] /home/travis/build/icyphy/ptII/ptolemy/actor/lib/test/auto/RandomInteger.xml (RunModel)" time="0.009" />
  <testcase classname="ptolemy.util.test.junit.AutoTests" name="[307] /home/travis/build/icyphy/ptII/ptolemy/actor/lib/test/auto/ReadFile1.xml (RunModel)" time="0.009" />
  <testcase classname="ptolemy.util.test.junit.AutoTests" name="[308] /home/travis/build/icyphy/ptII/ptolemy/actor/lib/test/auto/ReadFile2.xml (RunModel)" time="0.009" />
  <testcase classname="ptolemy.util.test.junit.AutoTests" name="[309] /home/travis/build/icyphy/ptII/ptolemy/actor/lib/test/auto/Reader.xml (RunModel)" time="0.014" />
  <testcase classname="ptolemy.util.test.junit.AutoTests" name="[310] /home/travis/build/icyphy/ptII/ptolemy/actor/lib/test/auto/RecordAssemblerDisplayNameTest.xml (RunModel)" time="4.059" />
  <testcase classname="ptolemy.util.test.junit.AutoTests" name="[311] /home/travis/build/icyphy/ptII/ptolemy/actor/lib/test/auto/RecordAssemblerTypeError.xml (RunModel)" time="0.037" />
  <testcase classname="ptolemy.util.test.junit.AutoTests" name="[312] /home/travis/build/icyphy/ptII/ptolemy/actor/lib/test/auto/RecordDisassember.xml (RunModel)" time="0.027" />
  <testcase classname="ptolemy.util.test.junit.AutoTests" name="[313] /home/travis/build/icyphy/ptII/ptolemy/actor/lib/test/auto/RecordDisassemberDisplayNameTest.xml (RunModel)" time="0.031" />
  <testcase classname="ptolemy.util.test.junit.AutoTests" name="[314] /home/travis/build/icyphy/ptII/ptolemy/actor/lib/test/auto/RecordDisassembler.xml (RunModel)" time="0.015" />
  <testcase classname="ptolemy.util.test.junit.AutoTests" name="[315] /home/travis/build/icyphy/ptII/ptolemy/actor/lib/test/auto/RecordDisassembler2.xml (RunModel)" time="0.011" />
  <testcase classname="ptolemy.util.test.junit.AutoTests" name="[316] /home/travis/build/icyphy/ptII/ptolemy/actor/lib/test/auto/RecordUpdater.xml (RunModel)" time="0.011" />
  <testcase classname="ptolemy.util.test.junit.AutoTests" name="[317] /home/travis/build/icyphy/ptII/ptolemy/actor/lib/test/auto/RecordUpdater2.xml (RunModel)" time="0.01" />
  <testcase classname="ptolemy.util.test.junit.AutoTests" name="[318] /home/travis/build/icyphy/ptII/ptolemy/actor/lib/test/auto/RecursiveLattice.xml (RunModel)" time="0.01" />
  <testcase classname="ptolemy.util.test.junit.AutoTests" name="[319] /home/travis/build/icyphy/ptII/ptolemy/actor/lib/test/auto/Router.xml (RunModel)" time="3.026" />
  <testcase classname="ptolemy.util.test.junit.AutoTests" name="[320] /home/travis/build/icyphy/ptII/ptolemy/actor/lib/test/auto/Router2.xml (RunModel)" time="3.034" />
  <testcase classname="ptolemy.util.test.junit.AutoTests" name="[321] /home/travis/build/icyphy/ptII/ptolemy/actor/lib/test/auto/RunningMaximum.xml (RunModel)" time="0.026" />
  <testcase classname="ptolemy.util.test.junit.AutoTests" name="[322] /home/travis/build/icyphy/ptII/ptolemy/actor/lib/test/auto/RunningMinimum.xml (RunModel)" time="0.022" />
  <testcase classname="ptolemy.util.test.junit.AutoTests" name="[323] /home/travis/build/icyphy/ptII/ptolemy/actor/lib/test/auto/Scale.xml (RunModel)" time="0.009" />
  <testcase classname="ptolemy.util.test.junit.AutoTests" name="[324] /home/travis/build/icyphy/ptII/ptolemy/actor/lib/test/auto/Scale2.xml (RunModel)" time="0.011" />
  <testcase classname="ptolemy.util.test.junit.AutoTests" name="[325] /home/travis/build/icyphy/ptII/ptolemy/actor/lib/test/auto/Scale3.xml (RunModel)" time="0.027" />
  <testcase classname="ptolemy.util.test.junit.AutoTests" name="[326] /home/travis/build/icyphy/ptII/ptolemy/actor/lib/test/auto/ScaleArray.xml (RunModel)" time="0.022" />
  <testcase classname="ptolemy.util.test.junit.AutoTests" name="[327] /home/travis/build/icyphy/ptII/ptolemy/actor/lib/test/auto/ScaleArray2.xml (RunModel)" time="0.013" />
  <testcase classname="ptolemy.util.test.junit.AutoTests" name="[328] /home/travis/build/icyphy/ptII/ptolemy/actor/lib/test/auto/ScaleMatrix.xml (RunModel)" time="0.161" />
  <testcase classname="ptolemy.util.test.junit.AutoTests" name="[329] /home/travis/build/icyphy/ptII/ptolemy/actor/lib/test/auto/Select.xml (RunModel)" time="0.02" />
  <testcase classname="ptolemy.util.test.junit.AutoTests" name="[330] /home/travis/build/icyphy/ptII/ptolemy/actor/lib/test/auto/Select2.xml (RunModel)" time="0.009" />
  <testcase classname="ptolemy.util.test.junit.AutoTests" name="[331] /home/travis/build/icyphy/ptII/ptolemy/actor/lib/test/auto/SequenceToArray2.xml (RunModel)" time="0.114" />
  <testcase classname="ptolemy.util.test.junit.AutoTests" name="[332] /home/travis/build/icyphy/ptII/ptolemy/actor/lib/test/auto/SequentialClock.xml (RunModel)" time="0.008" />
  <testcase classname="ptolemy.util.test.junit.AutoTests" name="[333] /home/travis/build/icyphy/ptII/ptolemy/actor/lib/test/auto/SetVariable.xml (RunModel)" time="0.015" />
  <testcase classname="ptolemy.util.test.junit.AutoTests" name="[334] /home/travis/build/icyphy/ptII/ptolemy/actor/lib/test/auto/SetVariable2.xml (RunModel)" time="0.015" />
  <testcase classname="ptolemy.util.test.junit.AutoTests" name="[335] /home/travis/build/icyphy/ptII/ptolemy/actor/lib/test/auto/SetVariable3.xml (RunModel)" time="0.019" />
  <testcase classname="ptolemy.util.test.junit.AutoTests" name="[336] /home/travis/build/icyphy/ptII/ptolemy/actor/lib/test/auto/SetVariable4.xml (RunModel)" time="0.03" />
  <testcase classname="ptolemy.util.test.junit.AutoTests" name="[337] /home/travis/build/icyphy/ptII/ptolemy/actor/lib/test/auto/SetVariable5.xml (RunModel)" time="0.042" />
  <testcase classname="ptolemy.util.test.junit.AutoTests" name="[338] /home/travis/build/icyphy/ptII/ptolemy/actor/lib/test/auto/Sinewave.xml (RunModel)" time="0.025" />
  <testcase classname="ptolemy.util.test.junit.AutoTests" name="[339] /home/travis/build/icyphy/ptII/ptolemy/actor/lib/test/auto/Sinewave2.xml (RunModel)" time="0.02" />
  <testcase classname="ptolemy.util.test.junit.AutoTests" name="[340] /home/travis/build/icyphy/ptII/ptolemy/actor/lib/test/auto/Sinewave3.xml (RunModel)" time="0.025" />
  <testcase classname="ptolemy.util.test.junit.AutoTests" name="[341] /home/travis/build/icyphy/ptII/ptolemy/actor/lib/test/auto/SingleEvent.xml (RunModel)" time="0.008" />
  <testcase classname="ptolemy.util.test.junit.AutoTests" name="[342] /home/travis/build/icyphy/ptII/ptolemy/actor/lib/test/auto/Sleep.xml (RunModel)" time="6.018" />
  <testcase classname="ptolemy.util.test.junit.AutoTests" name="[343] /home/travis/build/icyphy/ptII/ptolemy/actor/lib/test/auto/SleepMultipleFire.xml (RunModel)" time="1.023" />
  <testcase classname="ptolemy.util.test.junit.AutoTests" name="[344] /home/travis/build/icyphy/ptII/ptolemy/actor/lib/test/auto/StopDE.xml (RunModel)" time="0.012" />
  <testcase classname="ptolemy.util.test.junit.AutoTests" name="[345] /home/travis/build/icyphy/ptII/ptolemy/actor/lib/test/auto/StopSDF.xml (RunModel)" time="0.016" />
  <testcase classname="ptolemy.util.test.junit.AutoTests" name="[346] /home/travis/build/icyphy/ptII/ptolemy/actor/lib/test/auto/StringConstant.xml (RunModel)" time="0.016" />
  <testcase classname="ptolemy.util.test.junit.AutoTests" name="[347] /home/travis/build/icyphy/ptII/ptolemy/actor/lib/test/auto/SubscriberPortInitialValues1.xml (RunModel)" time="0.029" />
  <testcase classname="ptolemy.util.test.junit.AutoTests" name="[348] /home/travis/build/icyphy/ptII/ptolemy/actor/lib/test/auto/SubscriberPortInitialValues13.xml (RunModel)" time="0.032" />
  <testcase classname="ptolemy.util.test.junit.AutoTests" name="[349] /home/travis/build/icyphy/ptII/ptolemy/actor/lib/test/auto/SubscriberPortInitialValues14.xml (RunModel)" time="0.018" />
  <testcase classname="ptolemy.util.test.junit.AutoTests" name="[350] /home/travis/build/icyphy/ptII/ptolemy/actor/lib/test/auto/SubscriberPortInitialValues2.xml (RunModel)" time="0.019" />
  <testcase classname="ptolemy.util.test.junit.AutoTests" name="[351] /home/travis/build/icyphy/ptII/ptolemy/actor/lib/test/auto/SubscriberPortInitialValues3.xml (RunModel)" time="0.022" />
  <testcase classname="ptolemy.util.test.junit.AutoTests" name="[352] /home/travis/build/icyphy/ptII/ptolemy/actor/lib/test/auto/SubscriptionAggregator.xml (RunModel)" time="0.013" />
  <testcase classname="ptolemy.util.test.junit.AutoTests" name="[353] /home/travis/build/icyphy/ptII/ptolemy/actor/lib/test/auto/SubscriptionAggregator2.xml (RunModel)" time="0.013" />
  <testcase classname="ptolemy.util.test.junit.AutoTests" name="[354] /home/travis/build/icyphy/ptII/ptolemy/actor/lib/test/auto/SubscriptionAggregator3.xml (RunModel)" time="0.019" />
  <testcase classname="ptolemy.util.test.junit.AutoTests" name="[355] /home/travis/build/icyphy/ptII/ptolemy/actor/lib/test/auto/SubscriptionAggregatorMultiply.xml (RunModel)" time="0.026" />
  <testcase classname="ptolemy.util.test.junit.AutoTests" name="[356] /home/travis/build/icyphy/ptII/ptolemy/actor/lib/test/auto/SubscriptionAggregatorPortMultiply1.xml (RunModel)" time="0.019" />
  <testcase classname="ptolemy.util.test.junit.AutoTests" name="[357] /home/travis/build/icyphy/ptII/ptolemy/actor/lib/test/auto/Switch.xml (RunModel)" time="0.018" />
  <testcase classname="ptolemy.util.test.junit.AutoTests" name="[358] /home/travis/build/icyphy/ptII/ptolemy/actor/lib/test/auto/Switch2.xml (RunModel)" time="0.019" />
  <testcase classname="ptolemy.util.test.junit.AutoTests" name="[359] /home/travis/build/icyphy/ptII/ptolemy/actor/lib/test/auto/SwitchDE.xml (RunModel)" time="0.015" />
  <testcase classname="ptolemy.util.test.junit.AutoTests" name="[360] /home/travis/build/icyphy/ptII/ptolemy/actor/lib/test/auto/SynchronizerDE.xml (RunModel)" time="0.023" />
  <testcase classname="ptolemy.util.test.junit.AutoTests" name="[361] /home/travis/build/icyphy/ptII/ptolemy/actor/lib/test/auto/Test.xml (RunModel)" time="0.019" />
  <testcase classname="ptolemy.util.test.junit.AutoTests" name="[362] /home/travis/build/icyphy/ptII/ptolemy/actor/lib/test/auto/TestExceptionAttribute1.xml (RunModel)" time="0.01" />
  <testcase classname="ptolemy.util.test.junit.AutoTests" name="[363] /home/travis/build/icyphy/ptII/ptolemy/actor/lib/test/auto/TestExceptionAttribute2.xml (RunModel)" time="0.009" />
  <testcase classname="ptolemy.util.test.junit.AutoTests" name="[364] /home/travis/build/icyphy/ptII/ptolemy/actor/lib/test/auto/TestExceptionAttribute3.xml (RunModel)" time="0.008" />
  <testcase classname="ptolemy.util.test.junit.AutoTests" name="[365] /home/travis/build/icyphy/ptII/ptolemy/actor/lib/test/auto/TestExceptionAttribute4.xml (RunModel)" time="0.009" />
  <testcase classname="ptolemy.util.test.junit.AutoTests" name="[366] /home/travis/build/icyphy/ptII/ptolemy/actor/lib/test/auto/TestExceptionHandler1.xml (RunModel)" time="0.009" />
  <testcase classname="ptolemy.util.test.junit.AutoTests" name="[367] /home/travis/build/icyphy/ptII/ptolemy/actor/lib/test/auto/TestExceptionHandler2.xml (RunModel)" time="0.015" />
  <testcase classname="ptolemy.util.test.junit.AutoTests" name="[368] /home/travis/build/icyphy/ptII/ptolemy/actor/lib/test/auto/TestExceptionHandler3.xml (RunModel)" time="0.011" />
  <testcase classname="ptolemy.util.test.junit.AutoTests" name="[369] /home/travis/build/icyphy/ptII/ptolemy/actor/lib/test/auto/TestExceptionHandler4.xml (RunModel)" time="0.006" />
  <testcase classname="ptolemy.util.test.junit.AutoTests" name="[370] /home/travis/build/icyphy/ptII/ptolemy/actor/lib/test/auto/TestRequireCorrectOrder.xml (RunModel)" time="0.011" />
  <testcase classname="ptolemy.util.test.junit.AutoTests" name="[371] /home/travis/build/icyphy/ptII/ptolemy/actor/lib/test/auto/TestSimple.xml (RunModel)" time="0.008" />
  <testcase classname="ptolemy.util.test.junit.AutoTests" name="[372] /home/travis/build/icyphy/ptII/ptolemy/actor/lib/test/auto/ThrowModelError.xml (RunModel)" time="0.011" />
  <testcase classname="ptolemy.util.test.junit.AutoTests" name="[373] /home/travis/build/icyphy/ptII/ptolemy/actor/lib/test/auto/TimeDelayMicrosteps.xml (RunModel)" time="0.014" />
  <testcase classname="ptolemy.util.test.junit.AutoTests" name="[374] /home/travis/build/icyphy/ptII/ptolemy/actor/lib/test/auto/TimeDelayMicrosteps2.xml (RunModel)" time="0.018" />
  <testcase classname="ptolemy.util.test.junit.AutoTests" name="[375] /home/travis/build/icyphy/ptII/ptolemy/actor/lib/test/auto/TimeDelayMicrosteps3.xml (RunModel)" time="0.013" />
  <testcase classname="ptolemy.util.test.junit.AutoTests" name="[376] /home/travis/build/icyphy/ptII/ptolemy/actor/lib/test/auto/TimeDelayVariableMicrosteps.xml (RunModel)" time="0.013" />
  <testcase classname="ptolemy.util.test.junit.AutoTests" name="[377] /home/travis/build/icyphy/ptII/ptolemy/actor/lib/test/auto/TimeGap.xml (RunModel)" time="0.018" />
  <testcase classname="ptolemy.util.test.junit.AutoTests" name="[378] /home/travis/build/icyphy/ptII/ptolemy/actor/lib/test/auto/TimeGap2.xml (RunModel)" time="0.011" />
  <testcase classname="ptolemy.util.test.junit.AutoTests" name="[379] /home/travis/build/icyphy/ptII/ptolemy/actor/lib/test/auto/TimedSinewave.xml (RunModel)" time="0.063" />
  <testcase classname="ptolemy.util.test.junit.AutoTests" name="[380] /home/travis/build/icyphy/ptII/ptolemy/actor/lib/test/auto/TimedSinewavePhase.xml (RunModel)" time="0.044" />
  <testcase classname="ptolemy.util.test.junit.AutoTests" name="[381] /home/travis/build/icyphy/ptII/ptolemy/actor/lib/test/auto/Timer.xml (RunModel)" time="0.021" />
  <testcase classname="ptolemy.util.test.junit.AutoTests" name="[382] /home/travis/build/icyphy/ptII/ptolemy/actor/lib/test/auto/TriangularDistTestModel.xml (RunModel)" time="0.02" />
  <testcase classname="ptolemy.util.test.junit.AutoTests" name="[383] /home/travis/build/icyphy/ptII/ptolemy/actor/lib/test/auto/TrigFunction.xml (RunModel)" time="0.015" />
  <testcase classname="ptolemy.util.test.junit.AutoTests" name="[384] /home/travis/build/icyphy/ptII/ptolemy/actor/lib/test/auto/TrigFunctionDE.xml (RunModel)" time="0.012" />
  <testcase classname="ptolemy.util.test.junit.AutoTests" name="[385] /home/travis/build/icyphy/ptII/ptolemy/actor/lib/test/auto/TrigFunctionInverse.xml (RunModel)" time="0.01" />
  <testcase classname="ptolemy.util.test.junit.AutoTests" name="[386] /home/travis/build/icyphy/ptII/ptolemy/actor/lib/test/auto/TrigFunctionTan.xml (RunModel)" time="0.009" />
  <testcase classname="ptolemy.util.test.junit.AutoTests" name="[387] /home/travis/build/icyphy/ptII/ptolemy/actor/lib/test/auto/TriggeredClock.xml (RunModel)" time="0.01" />
  <testcase classname="ptolemy.util.test.junit.AutoTests" name="[388] /home/travis/build/icyphy/ptII/ptolemy/actor/lib/test/auto/URLDirectoryReader.xml (RunModel)" time="0.149" />
  <testcase classname="ptolemy.util.test.junit.AutoTests" name="[389] /home/travis/build/icyphy/ptII/ptolemy/actor/lib/test/auto/URLDirectoryReader3.xml (RunModel)" time="1.416" />
  <testcase classname="ptolemy.util.test.junit.AutoTests" name="[390] /home/travis/build/icyphy/ptII/ptolemy/actor/lib/test/auto/UnaryMathFunction.xml (RunModel)" time="0.044" />
  <testcase classname="ptolemy.util.test.junit.AutoTests" name="[391] /home/travis/build/icyphy/ptII/ptolemy/actor/lib/test/auto/Uniform.xml (RunModel)" time="0.017" />
  <testcase classname="ptolemy.util.test.junit.AutoTests" name="[392] /home/travis/build/icyphy/ptII/ptolemy/actor/lib/test/auto/UnionDisassemblerTest.xml (RunModel)" time="0.024" />
  <testcase classname="ptolemy.util.test.junit.AutoTests" name="[393] /home/travis/build/icyphy/ptII/ptolemy/actor/lib/test/auto/UtilityFunctions.xml (RunModel)" time="0.01" />
  <testcase classname="ptolemy.util.test.junit.AutoTests" name="[394] /home/travis/build/icyphy/ptII/ptolemy/actor/lib/test/auto/VariableSleep.xml (RunModel)" time="0.514" />
  <testcase classname="ptolemy.util.test.junit.AutoTests" name="[395] /home/travis/build/icyphy/ptII/ptolemy/actor/lib/test/auto/VectorAssemblerDisassemblerCT.xml (RunModel)" time="0.125" />
  <testcase classname="ptolemy.util.test.junit.AutoTests" name="[396] /home/travis/build/icyphy/ptII/ptolemy/actor/lib/test/auto/VectorAssemblerDisassemblerDE.xml (RunModel)" time="0.014" />
  <testcase classname="ptolemy.util.test.junit.AutoTests" name="[397] /home/travis/build/icyphy/ptII/ptolemy/actor/lib/test/auto/VectorAssemblerDisassemblerSDF.xml (RunModel)" time="0.014" />
  <testcase classname="ptolemy.util.test.junit.AutoTests" name="[398] /home/travis/build/icyphy/ptII/ptolemy/actor/lib/test/auto/WallClockTime.xml (RunModel)" time="1.014" />
  <testcase classname="ptolemy.util.test.junit.AutoTests" name="[399] /home/travis/build/icyphy/ptII/ptolemy/actor/lib/test/auto/WidthTestWithSubscriberPublisher.xml (RunModel)" time="0.037" />
  <testcase classname="ptolemy.util.test.junit.AutoTests" name="[400] /home/travis/build/icyphy/ptII/ptolemy/actor/lib/test/auto/WidthTestWithSubscriberPublisher2.xml (RunModel)" time="0.014" />
  <testcase classname="ptolemy.util.test.junit.AutoTests" name="[401] /home/travis/build/icyphy/ptII/ptolemy/actor/lib/test/auto/WidthTestWithSubscriberPublisher3.xml (RunModel)" time="0.011" />
  <testcase classname="ptolemy.util.test.junit.AutoTests" name="[402] /home/travis/build/icyphy/ptII/ptolemy/actor/lib/test/auto/Writer.xml (RunModel)" time="0.01" />
  <testcase classname="ptolemy.util.test.junit.AutoTests" name="[403] /home/travis/build/icyphy/ptII/ptolemy/actor/lib/test/auto/array.xml (RunModel)" time="0.011" />
  <testcase classname="ptolemy.util.test.junit.AutoTests" name="[404] /home/travis/build/icyphy/ptII/ptolemy/actor/lib/test/auto/array2.xml (RunModel)" time="0.009" />
  <testcase classname="ptolemy.util.test.junit.AutoTests" name="[405] /home/travis/build/icyphy/ptII/ptolemy/actor/lib/test/auto/arrayType.xml (RunModel)" time="0.017" />
  <testcase classname="ptolemy.util.test.junit.AutoTests" name="[406] /home/travis/build/icyphy/ptII/ptolemy/actor/lib/test/auto/arrayType10.xml (RunModel)" time="0.009" />
  <testcase classname="ptolemy.util.test.junit.AutoTests" name="[407] /home/travis/build/icyphy/ptII/ptolemy/actor/lib/test/auto/arrayType11.xml (RunModel)" time="0.013" />
  <testcase classname="ptolemy.util.test.junit.AutoTests" name="[408] /home/travis/build/icyphy/ptII/ptolemy/actor/lib/test/auto/arrayType12.xml (RunModel)" time="0.009" />
  <testcase classname="ptolemy.util.test.junit.AutoTests" name="[409] /home/travis/build/icyphy/ptII/ptolemy/actor/lib/test/auto/arrayType13.xml (RunModel)" time="0.013" />
  <testcase classname="ptolemy.util.test.junit.AutoTests" name="[410] /home/travis/build/icyphy/ptII/ptolemy/actor/lib/test/auto/arrayType14.xml (RunModel)" time="0.012" />
  <testcase classname="ptolemy.util.test.junit.AutoTests" name="[411] /home/travis/build/icyphy/ptII/ptolemy/actor/lib/test/auto/arrayType15.xml (RunModel)" time="0.009" />
  <testcase classname="ptolemy.util.test.junit.AutoTests" name="[412] /home/travis/build/icyphy/ptII/ptolemy/actor/lib/test/auto/arrayType16.xml (RunModel)" time="0.009" />
  <testcase classname="ptolemy.util.test.junit.AutoTests" name="[413] /home/travis/build/icyphy/ptII/ptolemy/actor/lib/test/auto/arrayType17.xml (RunModel)" time="0.01" />
  <testcase classname="ptolemy.util.test.junit.AutoTests" name="[414] /home/travis/build/icyphy/ptII/ptolemy/actor/lib/test/auto/arrayType18.xml (RunModel)" time="0.009" />
  <testcase classname="ptolemy.util.test.junit.AutoTests" name="[415] /home/travis/build/icyphy/ptII/ptolemy/actor/lib/test/auto/arrayType19.xml (RunModel)" time="0.008" />
  <testcase classname="ptolemy.util.test.junit.AutoTests" name="[416] /home/travis/build/icyphy/ptII/ptolemy/actor/lib/test/auto/arrayType2.xml (RunModel)" time="0.009" />
  <testcase classname="ptolemy.util.test.junit.AutoTests" name="[417] /home/travis/build/icyphy/ptII/ptolemy/actor/lib/test/auto/arrayType20.xml (RunModel)" time="0.01" />
  <testcase classname="ptolemy.util.test.junit.AutoTests" name="[418] /home/travis/build/icyphy/ptII/ptolemy/actor/lib/test/auto/arrayType21.xml (RunModel)" time="0.009" />
  <testcase classname="ptolemy.util.test.junit.AutoTests" name="[419] /home/travis/build/icyphy/ptII/ptolemy/actor/lib/test/auto/arrayType22.xml (RunModel)" time="0.008" />
  <testcase classname="ptolemy.util.test.junit.AutoTests" name="[420] /home/travis/build/icyphy/ptII/ptolemy/actor/lib/test/auto/arrayType23.xml (RunModel)" time="0.01" />
  <testcase classname="ptolemy.util.test.junit.AutoTests" name="[421] /home/travis/build/icyphy/ptII/ptolemy/actor/lib/test/auto/arrayType24.xml (RunModel)" time="0.009" />
  <testcase classname="ptolemy.util.test.junit.AutoTests" name="[422] /home/travis/build/icyphy/ptII/ptolemy/actor/lib/test/auto/arrayType25.xml (RunModel)" time="0.009" />
  <testcase classname="ptolemy.util.test.junit.AutoTests" name="[423] /home/travis/build/icyphy/ptII/ptolemy/actor/lib/test/auto/arrayType26.xml (RunModel)" time="0.009" />
  <testcase classname="ptolemy.util.test.junit.AutoTests" name="[424] /home/travis/build/icyphy/ptII/ptolemy/actor/lib/test/auto/arrayType27.xml (RunModel)" time="0.009" />
  <testcase classname="ptolemy.util.test.junit.AutoTests" name="[425] /home/travis/build/icyphy/ptII/ptolemy/actor/lib/test/auto/arrayType28.xml (RunModel)" time="0.009" />
  <testcase classname="ptolemy.util.test.junit.AutoTests" name="[426] /home/travis/build/icyphy/ptII/ptolemy/actor/lib/test/auto/arrayType3.xml (RunModel)" time="0.009" />
  <testcase classname="ptolemy.util.test.junit.AutoTests" name="[427] /home/travis/build/icyphy/ptII/ptolemy/actor/lib/test/auto/arrayType4.xml (RunModel)" time="0.007" />
  <testcase classname="ptolemy.util.test.junit.AutoTests" name="[428] /home/travis/build/icyphy/ptII/ptolemy/actor/lib/test/auto/arrayType5.xml (RunModel)" time="0.009" />
  <testcase classname="ptolemy.util.test.junit.AutoTests" name="[429] /home/travis/build/icyphy/ptII/ptolemy/actor/lib/test/auto/arrayType6.xml (RunModel)" time="0.008" />
  <testcase classname="ptolemy.util.test.junit.AutoTests" name="[430] /home/travis/build/icyphy/ptII/ptolemy/actor/lib/test/auto/arrayType7.xml (RunModel)" time="0.008" />
  <testcase classname="ptolemy.util.test.junit.AutoTests" name="[431] /home/travis/build/icyphy/ptII/ptolemy/actor/lib/test/auto/arrayType8.xml (RunModel)" time="0.014" />
  <testcase classname="ptolemy.util.test.junit.AutoTests" name="[432] /home/travis/build/icyphy/ptII/ptolemy/actor/lib/test/auto/arrayType9.xml (RunModel)" time="0.021" />
  <testcase classname="ptolemy.util.test.junit.AutoTests" name="[433] /home/travis/build/icyphy/ptII/ptolemy/actor/lib/test/auto/cast.xml (RunModel)" time="0.009" />
  <testcase classname="ptolemy.util.test.junit.AutoTests" name="[434] /home/travis/build/icyphy/ptII/ptolemy/actor/lib/test/auto/compositeMultiPort.xml (RunModel)" time="0.016" />
  <testcase classname="ptolemy.util.test.junit.AutoTests" name="[435] /home/travis/build/icyphy/ptII/ptolemy/actor/lib/test/auto/expressionCastInference.xml (RunModel)" time="0.009" />
  <testcase classname="ptolemy.util.test.junit.AutoTests" name="[436] /home/travis/build/icyphy/ptII/ptolemy/actor/lib/test/auto/expressionCastInference2.xml (RunModel)" time="0.008" />
  <testcase classname="ptolemy.util.test.junit.AutoTests" name="[437] /home/travis/build/icyphy/ptII/ptolemy/actor/lib/test/auto/expressionInference.xml (RunModel)" time="0.007" />
  <testcase classname="ptolemy.util.test.junit.AutoTests" name="[438] /home/travis/build/icyphy/ptII/ptolemy/actor/lib/test/auto/expression_bug.xml (RunModel)" time="0.007" />
  <testcase classname="ptolemy.util.test.junit.AutoTests" name="[439] /home/travis/build/icyphy/ptII/ptolemy/actor/lib/test/auto/factorial.xml (RunModel)" time="0.062" />
  <testcase classname="ptolemy.util.test.junit.AutoTests" name="[440] /home/travis/build/icyphy/ptII/ptolemy/actor/lib/test/auto/filterTest1.xml (RunModel)" time="0.014" />
  <testcase classname="ptolemy.util.test.junit.AutoTests" name="[441] /home/travis/build/icyphy/ptII/ptolemy/actor/lib/test/auto/funcApplyInConst.xml (RunModel)" time="0.007" />
  <testcase classname="ptolemy.util.test.junit.AutoTests" name="[442] /home/travis/build/icyphy/ptII/ptolemy/actor/lib/test/auto/funcApplyInExpr.xml (RunModel)" time="0.006" />
  <testcase classname="ptolemy.util.test.junit.AutoTests" name="[443] /home/travis/build/icyphy/ptII/ptolemy/actor/lib/test/auto/function.xml (RunModel)" time="0.011" />
  <testcase classname="ptolemy.util.test.junit.AutoTests" name="[444] /home/travis/build/icyphy/ptII/ptolemy/actor/lib/test/auto/function2.xml (RunModel)" time="0.01" />
  <testcase classname="ptolemy.util.test.junit.AutoTests" name="[445] /home/travis/build/icyphy/ptII/ptolemy/actor/lib/test/auto/function3.xml (RunModel)" time="0.008" />
  <testcase classname="ptolemy.util.test.junit.AutoTests" name="[446] /home/travis/build/icyphy/ptII/ptolemy/actor/lib/test/auto/functionClosureTest1.xml (RunModel)" time="0.011" />
  <testcase classname="ptolemy.util.test.junit.AutoTests" name="[447] /home/travis/build/icyphy/ptII/ptolemy/actor/lib/test/auto/functionClosureTest2.xml (RunModel)" time="0.007" />
  <testcase classname="ptolemy.util.test.junit.AutoTests" name="[448] /home/travis/build/icyphy/ptII/ptolemy/actor/lib/test/auto/functionClosureTest3.xml (RunModel)" time="0.01" />
  <testcase classname="ptolemy.util.test.junit.AutoTests" name="[449] /home/travis/build/icyphy/ptII/ptolemy/actor/lib/test/auto/functionClosureTest4.xml (RunModel)" time="0.017" />
  <testcase classname="ptolemy.util.test.junit.AutoTests" name="[450] /home/travis/build/icyphy/ptII/ptolemy/actor/lib/test/auto/functionClosureTest5.xml (RunModel)" time="0.015" />
  <testcase classname="ptolemy.util.test.junit.AutoTests" name="[451] /home/travis/build/icyphy/ptII/ptolemy/actor/lib/test/auto/functionClosureTest6.xml (RunModel)" time="0.008" />
  <testcase classname="ptolemy.util.test.junit.AutoTests" name="[452] /home/travis/build/icyphy/ptII/ptolemy/actor/lib/test/auto/functionsOnArcs.xml (RunModel)" time="0.009" />
  <testcase classname="ptolemy.util.test.junit.AutoTests" name="[453] /home/travis/build/icyphy/ptII/ptolemy/actor/lib/test/auto/functionsOnArcsHOF.xml (RunModel)" time="0.011" />
  <testcase classname="ptolemy.util.test.junit.AutoTests" name="[454] /home/travis/build/icyphy/ptII/ptolemy/actor/lib/test/auto/logic.xml (RunModel)" time="0.018" />
  <testcase classname="ptolemy.util.test.junit.AutoTests" name="[455] /home/travis/build/icyphy/ptII/ptolemy/actor/lib/test/auto/matrixType.xml (RunModel)" time="0.033" />
  <testcase classname="ptolemy.util.test.junit.AutoTests" name="[456] /home/travis/build/icyphy/ptII/ptolemy/actor/lib/test/auto/matrixType10.xml (RunModel)" time="0.032" />
  <testcase classname="ptolemy.util.test.junit.AutoTests" name="[457] /home/travis/build/icyphy/ptII/ptolemy/actor/lib/test/auto/matrixType11.xml (RunModel)" time="0.036" />
  <testcase classname="ptolemy.util.test.junit.AutoTests" name="[458] /home/travis/build/icyphy/ptII/ptolemy/actor/lib/test/auto/matrixType12.xml (RunModel)" time="0.075" />
  <testcase classname="ptolemy.util.test.junit.AutoTests" name="[459] /home/travis/build/icyphy/ptII/ptolemy/actor/lib/test/auto/matrixType13.xml (RunModel)" time="0.04" />
  <testcase classname="ptolemy.util.test.junit.AutoTests" name="[460] /home/travis/build/icyphy/ptII/ptolemy/actor/lib/test/auto/matrixType14.xml (RunModel)" time="0.014" />
  <testcase classname="ptolemy.util.test.junit.AutoTests" name="[461] /home/travis/build/icyphy/ptII/ptolemy/actor/lib/test/auto/matrixType2.xml (RunModel)" time="0.012" />
  <testcase classname="ptolemy.util.test.junit.AutoTests" name="[462] /home/travis/build/icyphy/ptII/ptolemy/actor/lib/test/auto/matrixType3.xml (RunModel)" time="0.016" />
  <testcase classname="ptolemy.util.test.junit.AutoTests" name="[463] /home/travis/build/icyphy/ptII/ptolemy/actor/lib/test/auto/matrixType4.xml (RunModel)" time="0.008" />
  <testcase classname="ptolemy.util.test.junit.AutoTests" name="[464] /home/travis/build/icyphy/ptII/ptolemy/actor/lib/test/auto/matrixType5.xml (RunModel)" time="0.009" />
  <testcase classname="ptolemy.util.test.junit.AutoTests" name="[465] /home/travis/build/icyphy/ptII/ptolemy/actor/lib/test/auto/matrixType6.xml (RunModel)" time="0.009" />
  <testcase classname="ptolemy.util.test.junit.AutoTests" name="[466] /home/travis/build/icyphy/ptII/ptolemy/actor/lib/test/auto/matrixType7.xml (RunModel)" time="0.011" />
  <testcase classname="ptolemy.util.test.junit.AutoTests" name="[467] /home/travis/build/icyphy/ptII/ptolemy/actor/lib/test/auto/matrixType8.xml (RunModel)" time="0.01" />
  <testcase classname="ptolemy.util.test.junit.AutoTests" name="[468] /home/travis/build/icyphy/ptII/ptolemy/actor/lib/test/auto/matrixType9.xml (RunModel)" time="0.009" />
  <testcase classname="ptolemy.util.test.junit.AutoTests" name="[469] /home/travis/build/icyphy/ptII/ptolemy/actor/lib/test/auto/paraFunctest.xml (RunModel)" time="0.007" />
  <testcase classname="ptolemy.util.test.junit.AutoTests" name="[470] /home/travis/build/icyphy/ptII/ptolemy/actor/lib/test/auto/paraFunctest2.xml (RunModel)" time="0.008" />
  <testcase classname="ptolemy.util.test.junit.AutoTests" name="[471] /home/travis/build/icyphy/ptII/ptolemy/actor/lib/test/auto/parameterPassing.xml (RunModel)" time="0.009" />
  <testcase classname="ptolemy.util.test.junit.AutoTests" name="[472] /home/travis/build/icyphy/ptII/ptolemy/actor/lib/test/auto/record.xml (RunModel)" time="0.01" />
  <testcase classname="ptolemy.util.test.junit.AutoTests" name="[473] /home/travis/build/icyphy/ptII/ptolemy/actor/lib/test/auto/sizedarray1.xml (RunModel)" time="0.012" />
  <testcase classname="ptolemy.util.test.junit.AutoTests" name="[474] /home/travis/build/icyphy/ptII/ptolemy/actor/lib/test/auto/sizedarray2.xml (RunModel)" time="0.009" />
  <testcase classname="ptolemy.util.test.junit.AutoTests" name="[475] /home/travis/build/icyphy/ptII/ptolemy/actor/lib/test/auto/twoPublishers.xml (RunModel)" time="0.019" />
  <system-out><![CDATA[/home/travis/build/icyphy/ptII/ptolemy/actor/lib/test/AbsoluteValue.tcl
testDefs.tcl: setting time out to 9000 seconds at Fri Jun 28 18:04:52 UTC 2019
142 ms. Memory: 120832K Free: 100109K (83%)
11 ms. Memory: 120832K Free: 98375K (81%)
8 ms. Memory: 120832K Free: 97481K (81%)
8 ms. Memory: 120832K Free: 96676K (80%)
/home/travis/build/icyphy/ptII/ptolemy/actor/lib/test/AddSubtract.tcl
19 ms. Memory: 120832K Free: 107362K (89%)
6 ms. Memory: 120832K Free: 106776K (88%)
5 ms. Memory: 120832K Free: 106155K (88%)
8 ms. Memory: 120832K Free: 105321K (87%)
48 ms. Memory: 120832K Free: 102279K (85%)
5 ms. Memory: 120832K Free: 101626K (84%)
/home/travis/build/icyphy/ptII/ptolemy/actor/lib/test/Average.tcl
20 ms. Memory: 120832K Free: 100011K (83%)
18 ms. Memory: 120832K Free: 98584K (82%)
/home/travis/build/icyphy/ptII/ptolemy/actor/lib/test/Bernoulli.tcl
8 ms. Memory: 120832K Free: 97113K (80%)
4 ms. Memory: 120832K Free: 96506K (80%)
/home/travis/build/icyphy/ptII/ptolemy/actor/lib/test/Clock.tcl
preinitializing
resolving types
initializing
executing number 1
wrapping up
idle
22 ms. Memory: 120832K Free: 94057K (78%)
Completed execution with 5 iterations
preinitializing
resolving types
initializing
executing number 1
wrapping up
idle
4 ms. Memory: 120832K Free: 93047K (77%)
Completed execution with 5 iterations
preinitializing
resolving types
initializing
executing number 1
wrapping up
idle
3 ms. Memory: 120832K Free: 92440K (77%)
Completed execution with 5 iterations
/home/travis/build/icyphy/ptII/ptolemy/actor/lib/test/Commutator.tcl
20 ms. Memory: 120832K Free: 90795K (75%)
18 ms. Memory: 120832K Free: 89346K (74%)


==== $PTII/ptolemy/actor/lib/test/Commutator.tcl: Commutator-4.1 run with mutations
==== Contents of test case:

    # Grab stdout and put it into results
    jdkCapture {
	$m addChangeListener  [java::new ptolemy.kernel.util.StreamChangeListener]

	set dir [$e0 getDirector]
	#	$dir addDebugListener  #		[java::new ptolemy.kernel.util.StreamListener]
	$m initialize
	$m iterate
	set c1 [java::new ptolemy.moml.MoMLChangeRequest $e0 $e0  {<deleteEntity name="ramp1"/>}]
	set c2 [java::new ptolemy.moml.MoMLChangeRequest $e0 $e0  {<deleteRelation name="r1"/>}]
	$e0 requestChange $c1
	$e0 requestChange $c2
	$m iterate
	$m wrapup
    } results
    # The MoML within <group> ...</group> comes 
    # from SDFScheduler._setBufferSize
    list $results  [enumToTokenValues [$rec getRecord 0]]

==== Result was:
{} {0 0 1}
---- Result should have been:
{StreamChangeRequest.changeExecuted(): <deleteEntity name="ramp1"/> succeeded
StreamChangeRequest.changeExecuted(): <deleteRelation name="r1"/> succeeded
StreamChangeRequest.changeExecuted(): Record firings per iteration succeeded
} {0 0 1}
---- Commutator-4.1 FAILED
10 ms. Memory: 187392K Free: 169942K (91%)
/home/travis/build/icyphy/ptII/ptolemy/actor/lib/test/Const.tcl
4 ms. Memory: 187392K Free: 167894K (90%)
2 ms. Memory: 187392K Free: 167374K (89%)
3 ms. Memory: 187392K Free: 166870K (89%)
2 ms. Memory: 187392K Free: 166356K (89%)
2 ms. Memory: 187392K Free: 165846K (89%)
27 ms. Memory: 187392K Free: 164308K (88%)
10 ms. Memory: 187392K Free: 163254K (87%)
7 ms. Memory: 187392K Free: 162260K (87%)
/home/travis/build/icyphy/ptII/ptolemy/actor/lib/test/CurrentTime.tcl
preinitializing
resolving types
initializing
executing number 1
wrapping up
idle
23 ms. Memory: 187392K Free: 160198K (85%)
Completed execution with 11 iterations
/home/travis/build/icyphy/ptII/ptolemy/actor/lib/test/DB.tcl
5 ms. Memory: 187392K Free: 158678K (85%)
2 ms. Memory: 187392K Free: 158164K (84%)
3 ms. Memory: 187392K Free: 157654K (84%)
/home/travis/build/icyphy/ptII/ptolemy/actor/lib/test/DiscreteRandomSource.tcl
preinitializing
resolving types
initializing
executing number 1
wrapping up
idle
5 ms. Memory: 187392K Free: 156102K (83%)
Completed execution with 4 iterations
preinitializing
resolving types
initializing
executing number 1
wrapping up
idle
3 ms. Memory: 187392K Free: 155606K (83%)
Completed execution with 4 iterations
preinitializing
resolving types
initializing
executing number 1
wrapping up
idle
3 ms. Memory: 187392K Free: 155092K (83%)
Completed execution with 4 iterations
preinitializing
resolving types
initializing
executing number 1
wrapping up
idle
3 ms. Memory: 187392K Free: 155092K (83%)
Completed execution with 4 iterations
preinitializing
resolving types
initializing
executing number 1
wrapping up
idle
4 ms. Memory: 187392K Free: 154582K (82%)
Completed execution with 4 iterations
/home/travis/build/icyphy/ptII/ptolemy/actor/lib/test/Distributor.tcl
5 ms. Memory: 187392K Free: 153044K (82%)
10 ms. Memory: 187392K Free: 152020K (81%)
StreamChangeRequest.changeExecuted(): <deleteEntity name="rec2"/> succeeded
StreamChangeRequest.changeExecuted(): <deleteRelation name="r2"/> succeeded
StreamChangeRequest.changeExecuted(): Record firings per iteration succeeded
15 ms. Memory: 187392K Free: 149462K (80%)
/home/travis/build/icyphy/ptII/ptolemy/actor/lib/test/Exit.tcl
Exit.tcl: this will print a message about Manager.exitAfterWrapup, which can be ignored.
20 ms. Memory: 187392K Free: 146740K (78%)
/home/travis/build/icyphy/ptII/ptolemy/actor/lib/test/Expression.tcl
36 ms. Memory: 187392K Free: 142804K (76%)
10 ms. Memory: 187392K Free: 142294K (76%)
21 ms. Memory: 187392K Free: 172910K (92%)
preinitializing
resolving types
initializing
executing number 1
wrapping up
idle
14 ms. Memory: 187392K Free: 171358K (91%)
Completed execution with 6 iterations
18 ms. Memory: 187392K Free: 170862K (91%)
3 ms. Memory: 187392K Free: 169838K (91%)
4 ms. Memory: 187392K Free: 168814K (90%)
5 ms. Memory: 187392K Free: 167262K (89%)
5 ms. Memory: 187392K Free: 166252K (89%)
/home/travis/build/icyphy/ptII/ptolemy/actor/lib/test/Gaussian.tcl
10 ms. Memory: 187392K Free: 164718K (88%)
sleeping 1 seconds: ..............................................................................................................................................................................................................................................................................................................................................................................................................................................................................................................................................................................................................................................................................................................................................................................................................................................................................................................................................................................................................................................................................................................................................................................................................................................................................................................................................................................................................................................................................................................................................................................................................................................................................................................................................................................................................................................................................................................................................................................................................................................................................................................................................................................................................................................................................................................................................................................................................................................................................................................................................................................................................................................................................................................................................................................................................................................................................................................................................................................................................................................................................................................................................................................................................................................................................................................................................................................................................................................................................................................................................................................................................................................................................................................................................................................................................................................................................................................................................................................................................................................................................................................................................................................................................................................................................................................................................................................................................................................................................................................................................................................................................................................................................................................................................................................................................................................................................................................................................................................................................................................................................................................................................................................................................................................................................................................................................................................................................................................................................................................................................................................................................................................................................................................................................................................................................................................................................................................................................................................................................................................................................................................................................................................................................................................................................................................................................................................................................................................................................................................................................................................................................................................................................................................................................................................................................................................................................................................................................................................................................................................................................................................................................................................................................................................................................................................................................................................................................................................................................................................................................................................................................................................................................................................................................................................................................................................................................................................................................................................................................................................................................................................................................................................................................................................................................................................................................................................................................................................................................................................................................................................................................................................................................................................................................................................................................................................................................................................................................................................................................................................................................................................................................................................................................................................................................................................................................................................................................................................................................................................................................................................................................................................................................................................................................................................................................................................................................................................................................................................................................................................................................................................................................................................................................................................................................................................................................................................................................................................................................................................................................................................................................................................................................................................................................................................................................................................................................................................................................................................................................................................................................................................................................................................................................................................................................................................................................................................................................................................................................................................................................................................................................................................................................................................................................................................................................................................................................................................................................................................................................................................................................................................................................................................................................................................................................................................................................................................................................................................................................................................................................................................................................................................................................................................................................................................................................................................................................................................................................................................................................................................................................................................................................................................................................................................................................................................................................................................................................................................................................................................................................................................................................................................................................................................................................................................................................................................................................................................................................................................................................................................................................................................................................................................................................................................................................................................................................................................................................................................................................................................................................................................................................................................................................................................................................................................................................................................................................................................................................................................................................................................................................................................................................................................................................................................................................................................................................................................................................................................................................................................................................................................................................................................................................................................................................................................................................................................................................................................................................................................................................................................................................................................................................................................................................................................................................................................................................................................................................................................................................................................................................................................................................................................................................................................................................................................................................................................................................................................................................................................................................................................................................................................................................................................................................................................................................................................................................................................................................................................................................................................................................................................................................................................................................................................................................................................................................................................................................................................................................................................................................................................................................................................................................................................................................................................................................................................................................................................................................................................................................................................................................................................................................................................................................................................................................................................................................................................................................................................................................................................................................................................................................................................................................................................................................................................................................................................................................................................................................................................................................................................................................................................................................................................................................................................................................................................................................................................................................................................................................................................................................................................................................................................................................................................................................................................................................................................................................................................................................................................................................................2 ms. Memory: 187392K Free: 153445K (82%)
2 ms. Memory: 187392K Free: 152427K (81%)
2 ms. Memory: 187392K Free: 151917K (81%)
2 ms. Memory: 187392K Free: 151397K (81%)
2 ms. Memory: 187392K Free: 150365K (80%)
/home/travis/build/icyphy/ptII/ptolemy/actor/lib/test/IIR.tcl
/home/travis/build/icyphy/ptII/ptolemy/actor/lib/test/Interpolator.tcl
3 ms. Memory: 187392K Free: 146283K (78%)
2 ms. Memory: 187392K Free: 145773K (78%)
1 ms. Memory: 187392K Free: 145259K (78%)
1 ms. Memory: 187392K Free: 144749K (77%)
3 ms. Memory: 187392K Free: 143725K (77%)
2 ms. Memory: 187392K Free: 142701K (76%)
2 ms. Memory: 187392K Free: 142173K (76%)
2 ms. Memory: 187392K Free: 141157K (75%)
2 ms. Memory: 187392K Free: 140109K (75%)
3 ms. Memory: 187392K Free: 139115K (74%)
/home/travis/build/icyphy/ptII/ptolemy/actor/lib/test/MathFunction.tcl
4 ms. Memory: 187392K Free: 137061K (73%)
2 ms. Memory: 187392K Free: 136043K (73%)
2 ms. Memory: 187392K Free: 135005K (72%)
2 ms. Memory: 187392K Free: 134509K (72%)
3 ms. Memory: 187392K Free: 132941K (71%)
6 ms. Memory: 187392K Free: 130923K (70%)
/home/travis/build/icyphy/ptII/ptolemy/actor/lib/test/Maximum.tcl
4 ms. Memory: 187392K Free: 129389K (69%)
2 ms. Memory: 187392K Free: 128365K (69%)
2 ms. Memory: 187392K Free: 127837K (68%)
3 ms. Memory: 187392K Free: 127341K (68%)
/home/travis/build/icyphy/ptII/ptolemy/actor/lib/test/Minimum.tcl
3 ms. Memory: 187392K Free: 125293K (67%)
2 ms. Memory: 187392K Free: 124765K (67%)
3 ms. Memory: 187392K Free: 124269K (66%)
4 ms. Memory: 187392K Free: 123245K (66%)
/home/travis/build/icyphy/ptII/ptolemy/actor/lib/test/MultiplyDivide.tcl
13 ms. Memory: 187392K Free: 121701K (65%)
5 ms. Memory: 187392K Free: 120683K (64%)
7 ms. Memory: 187392K Free: 120173K (64%)
6 ms. Memory: 187392K Free: 119149K (64%)
6 ms. Memory: 187392K Free: 118635K (63%)
/home/travis/build/icyphy/ptII/ptolemy/actor/lib/test/OrderedMerge.tcl
Connections changed on port: inputA
Connections changed on port: inputB
Connections changed on port: output
Connections changed on port: output
Connections changed on port: output
Connections changed on port: input
.top. Preinitializing ...
Invoking preinitialize():  .top.OrderedMerge
Called preinitialize()
Invoking preinitialize():  .top.Ramp
Called preinitialize()
Invoking preinitialize():  .top.Ramp2
Called preinitialize()
Invoking preinitialize():  .top.Test
Called preinitialize()
Connections changed on port: inputA
Connections changed on port: output
Connections changed on port: output
Connections changed on port: input
Connections changed on port: inputB
Connections changed on port: output
.top. Finished preinitialize().
Called initialize().
Invoking initialize():  .top.OrderedMerge
Initializing actor: .top.OrderedMerge
Adding a thread: .top.OrderedMerge
Invoking initialize():  .top.Ramp
Initializing actor: .top.Ramp
Adding a thread: .top.Ramp
Invoking initialize():  .top.Ramp2
Initializing actor: .top.Ramp2
Adding a thread: .top.Ramp2
Invoking initialize():  .top.Test
Initializing actor: .top.Test
Adding a thread: .top.Test
-- Starting thread.
Called initialize()
Called prefire()
Called fire()
Called fire().
Checking for deadlock:
-- Starting thread.
Called initialize()
-- Starting thread.
Called initialize()
-- Starting thread.
Called initialize()
Called prefire()
Called fire()
Called prefire()
Called fire()
Called prefire()
Called fire()
There are 1 Blocked actors, 0 Stopped actors, and 4 active threads.
Waiting for actors to stop.
Called postfire()
Called prefire()
Called fire()
Called postfire()
Called prefire()
Called fire()
Called postfire()
Called prefire()
Called fire()
Checking for deadlock:
There are 3 Blocked actors, 0 Stopped actors, and 4 active threads.
Waiting for actors to stop.
Read input token from inputA with value 0.0
Next port to read input from is inputB
Called postfire()
Called prefire()
Called fire()
Read input token from inputB with value 0.0
Sent output token with value 0.0
Next port to read input from is inputA
Called postfire()
Called prefire()
Called fire()
Read input token from inputA with value 1.0
Called postfire()
Called prefire()
Called fire()
Called postfire()
Called prefire()
Called fire()
-- Read input: 0.0, which is expected to match: 0.0
Called prefire()
Called fire()
Checking for deadlock:
There are 3 Blocked actors, 0 Stopped actors, and 4 active threads.
Waiting for actors to stop.
Sent output token with value 0.0
-- Read input: 0.0, which is expected to match: 0.0
Called prefire()
Called fire()
Next port to read input from is inputB
Called postfire()
Called prefire()
Called fire()
Called postfire()
Called prefire()
Called fire()
Read input token from inputB with value 1.5
Checking for deadlock:
There are 3 Blocked actors, 0 Stopped actors, and 4 active threads.
Waiting for actors to stop.
Sent output token with value 1.0
Next port to read input from is inputA
Called postfire()
Called prefire()
-- Read input: 1.0, which is expected to match: 1.0
Called fire()
Called prefire()
Called fire()
Read input token from inputA with value 2.0
Sent output token with value 1.5
Next port to read input from is inputB
Called postfire()
Called prefire()
Called fire()
Read input token from inputB with value 3.0
Checking for deadlock:
There are 1 Blocked actors, 0 Stopped actors, and 4 active threads.
Waiting for actors to stop.
Called postfire()
Called prefire()
Called fire()
-- Read input: 1.5, which is expected to match: 1.5
Called prefire()
Called fire()
Called postfire()
Called prefire()
Called fire()
Checking for deadlock:
There are 3 Blocked actors, 0 Stopped actors, and 4 active threads.
Waiting for actors to stop.
Sent output token with value 2.0
-- Read input: 2.0, which is expected to match: 2.0
Called prefire()
Called fire()
Next port to read input from is inputA
Called postfire()
Called prefire()
Called fire()
Checking for deadlock:
There are 3 Blocked actors, 0 Stopped actors, and 4 active threads.
Waiting for actors to stop.
Called postfire()
Called prefire()
Read input token from inputA with value 3.0
Checking for deadlock:
Called fire()
There are 2 Blocked actors, 0 Stopped actors, and 4 active threads.
Waiting for actors to stop.
Sent output token with value 3.0
-- Read input: 3.0, which is expected to match: 3.0
Next port to read input from is inputB
Called postfire()
Called prefire()
Called fire()
Called prefire()
Called fire()
Checking for deadlock:
There are 2 Blocked actors, 0 Stopped actors, and 4 active threads.
Waiting for actors to stop.
Called postfire()
Called prefire()
Read input token from inputB with value 4.5
Called fire()
Sent output token with value 3.0
-- Read input: 3.0, which is expected to match: 3.0
Next port to read input from is inputA
Called postfire()
Called prefire()
Called fire()
Checking for deadlock:
Called prefire()
Called fire()
There are 2 Blocked actors, 0 Stopped actors, and 4 active threads.
Waiting for actors to stop.
Called postfire()
Read input token from inputA with value 4.0
Checking for deadlock:
Called prefire()
Called fire()
There are 2 Blocked actors, 0 Stopped actors, and 4 active threads.
Waiting for actors to stop.
Checking for deadlock:
There are 2 Blocked actors, 0 Stopped actors, and 4 active threads.
Waiting for actors to stop.
-- Read input: 4.0, which is expected to match: 4.0
Called prefire()
Called fire()
Past the end of training data. Read and discard all inputs.
Checking for deadlock:
There are 3 Blocked actors, 0 Stopped actors, and 4 active threads.
Waiting for actors to stop.
Sent output token with value 4.0
Next port to read input from is inputA
Called postfire()
Called prefire()
Called fire()
Read input token from inputA with value 5.0
Checking for deadlock:
There are 2 Blocked actors, 0 Stopped actors, and 4 active threads.
Waiting for actors to stop.
Called postfire()
Called prefire()
Sent output token with value 4.5
Called fire()
Checking for deadlock:
There are 2 Blocked actors, 0 Stopped actors, and 4 active threads.
Waiting for actors to stop.
Next port to read input from is inputB
Called postfire()
Called prefire()
Called fire()
Read input token from inputB with value 6.0
Called prefire()
Called fire()
Past the end of training data. Read and discard all inputs.
Checking for deadlock:
There are 2 Blocked actors, 0 Stopped actors, and 4 active threads.
Waiting for actors to stop.
Called postfire()
Called prefire()
Called fire()
Sent output token with value 5.0
Checking for deadlock:
There are 2 Blocked actors, 0 Stopped actors, and 4 active threads.
Waiting for actors to stop.
Next port to read input from is inputA
Called postfire()
Called prefire()
Called fire()
Read input token from inputA with value 6.0
Called prefire()
Called fire()
Past the end of training data. Read and discard all inputs.
Checking for deadlock:
There are 2 Blocked actors, 0 Stopped actors, and 4 active threads.
Waiting for actors to stop.
Called postfire()
Called prefire()
Called fire()
Sent output token with value 6.0
Checking for deadlock:
There are 2 Blocked actors, 0 Stopped actors, and 4 active threads.
Waiting for actors to stop.
Next port to read input from is inputB
Called postfire()
Called prefire()
Called fire()
Read input token from inputB with value 7.5
Checking for deadlock:
There are 1 Blocked actors, 0 Stopped actors, and 4 active threads.
Called prefire()
Called fire()
Waiting for actors to stop.
Past the end of training data. Read and discard all inputs.
Called postfire()
Called prefire()
Called fire()
Checking for deadlock:
There are 3 Blocked actors, 0 Stopped actors, and 4 active threads.
Waiting for actors to stop.
Sent output token with value 6.0
Next port to read input from is inputA
Called postfire()
Called prefire()
Called fire()
Read input token from inputA with value 7.0
Called prefire()
Called postfire()
Called fire()
Past the end of training data. Read and discard all inputs.
Checking for deadlock:
There are 1 Blocked actors, 0 Stopped actors, and 4 active threads.
Waiting for actors to stop.
Checking for deadlock:
There are 2 Blocked actors, 0 Stopped actors, and 4 active threads.
Waiting for actors to stop.
Called prefire()
Called fire()
Sent output token with value 7.0
Next port to read input from is inputA
Called postfire()
Called prefire()
Called fire()
Read input token from inputA with value 8.0
Called prefire()
Called fire()
Past the end of training data. Read and discard all inputs.
-- Thread wrapup() called.
Called wrapup()
Thread .top.Ramp is exiting.
-- Thread stopped.
Checking for deadlock:
There are 2 Blocked actors, 0 Stopped actors, and 3 active threads.
Waiting for actors to stop.
Checking for deadlock:
There are 1 Blocked actors, 0 Stopped actors, and 3 active threads.
Waiting for actors to stop.
Sent output token with value 7.5
Next port to read input from is inputB
Called postfire()
Called prefire()
Called fire()
Read input token from inputB with value 9.0
Called prefire()
Called fire()
Called postfire()
Past the end of training data. Read and discard all inputs.
Called prefire()
Called fire()
Checking for deadlock:
There are 2 Blocked actors, 0 Stopped actors, and 3 active threads.
Waiting for actors to stop.
Sent output token with value 8.0
Next port to read input from is inputA
Called postfire()
Called prefire()
Called fire()
Read input token from inputA with value 9.0
Checking for deadlock:
Called prefire()
There are 1 Blocked actors, 0 Stopped actors, and 3 active threads.
Waiting for actors to stop.
Called fire()
Past the end of training data. Read and discard all inputs.
Checking for deadlock:
Sent output token with value 9.0
There are 1 Blocked actors, 0 Stopped actors, and 3 active threads.
Waiting for actors to stop.
Next port to read input from is inputB
Called postfire()
Called prefire()
Called fire()
Read input token from inputB with value 10.5
Checking for deadlock:
Called prefire()
There are 0 Blocked actors, 0 Stopped actors, and 3 active threads.
Waiting for actors to stop.
Called fire()
Past the end of training data. Read and discard all inputs.
Called postfire()
Called prefire()
Called fire()
Sent output token with value 9.0
Checking for deadlock:
Next port to read input from is inputA
There are 1 Blocked actors, 0 Stopped actors, and 3 active threads.
Waiting for actors to stop.
Called postfire()
Called prefire()
Called fire()
Checking for deadlock:
There are 2 Blocked actors, 0 Stopped actors, and 3 active threads.
Waiting for actors to stop.
Called prefire()
Called fire()
Past the end of training data. Read and discard all inputs.
Checking for deadlock:
There are 3 Blocked actors, 0 Stopped actors, and 3 active threads.
Actors have stopped.
Checking for deadlock:
There are 3 Blocked actors, 0 Stopped actors, and 3 active threads.
Deadlock detected.
Resolving Deadlock
Checking for deadlock:
There are 3 Blocked actors, 0 Stopped actors, and 3 active threads.
Artificial Deadlock - increasing queue capacity.
increasing the capacity of receiver ptolemy.actor.TypedIOPort {.top.OrderedMerge.inputB} to 2
-- Thread wrapup() called.
Called wrapup()
Thread .top.Ramp2 is exiting.
-- Thread stopped.
Director: Called postfire().
Called postfire().
_stopRequested = false
_stopFireRequested = false
Returning from postfire(): true
Called fire().
Checking for deadlock:
There are 2 Blocked actors, 0 Stopped actors, and 2 active threads.
Actors have stopped.
Checking for deadlock:
There are 2 Blocked actors, 0 Stopped actors, and 2 active threads.
Deadlock detected.
Resolving Deadlock
Checking for deadlock:
There are 2 Blocked actors, 0 Stopped actors, and 2 active threads.
Deadlock detected: no processes blocked on write, but some are blocked on read.
Called postfire().
_stopRequested = false
_stopFireRequested = false
Returning from postfire(): false
Finished deactivating branches.
Called wrapup().
-- Thread wrapup() called.
-- Thread wrapup() called.
Called wrapup()
Called wrapup()
Thread .top.OrderedMerge is exiting.
-- Thread stopped.
-- Blocked Receiver call threw TerminateProcessException.
Thread .top.Test is exiting.
-- Thread stopped.
-- Blocked Receiver call threw TerminateProcessException.
111 ms. Memory: 187392K Free: 113515K (61%)
.top. Preinitializing ...
Invoking preinitialize():  .top.OrderedMerge
Called preinitialize()
Invoking preinitialize():  .top.Ramp
Called preinitialize()
Invoking preinitialize():  .top.Ramp2
Called preinitialize()
Invoking preinitialize():  .top.Test
Called preinitialize()
.top. Finished preinitialize().
Called initialize().
Invoking initialize():  .top.OrderedMerge
Initializing actor: .top.OrderedMerge
Adding a thread: .top.OrderedMerge
Invoking initialize():  .top.Ramp
Initializing actor: .top.Ramp
Adding a thread: .top.Ramp
Invoking initialize():  .top.Ramp2
Initializing actor: .top.Ramp2
Adding a thread: .top.Ramp2
Invoking initialize():  .top.Test
Initializing actor: .top.Test
Adding a thread: .top.Test
-- Starting thread.
Called initialize()
Called prefire()
Called fire()
-- Starting thread.
Called initialize()
Called prefire()
Called fire()
Called postfire()
Called prefire()
Called fire()
-- Starting thread.
Called initialize()
Called prefire()
Called fire()
Called postfire()
Called prefire()
Called fire()
Called fire().
Checking for deadlock:
-- Starting thread.
There are 3 Blocked actors, 0 Stopped actors, and 4 active threads.
Called initialize()
Waiting for actors to stop.
Called prefire()
Called fire()
Checking for deadlock:
There are 2 Blocked actors, 0 Stopped actors, and 4 active threads.
Waiting for actors to stop.
Called postfire()
Read input token from inputA with value 0.0
Called prefire()
Called fire()
Checking for deadlock:
There are 3 Blocked actors, 0 Stopped actors, and 4 active threads.
Waiting for actors to stop.
Next port to read input from is inputB
Called postfire()
Called prefire()
Called fire()
Called postfire()
Checking for deadlock:
Called prefire()
There are 2 Blocked actors, 0 Stopped actors, and 4 active threads.
Called fire()
Waiting for actors to stop.
Checking for deadlock:
Read input token from inputB with value 0.0
There are 3 Blocked actors, 0 Stopped actors, and 4 active threads.
Waiting for actors to stop.
Sent output token with value 0.0
-- Read input: 0.0, which is expected to match: 0.0
Next port to read input from is inputA
Called postfire()
Checking for deadlock:
There are 2 Blocked actors, 0 Stopped actors, and 4 active threads.
Waiting for actors to stop.
Called prefire()
Called prefire()
Called fire()
Called fire()
Called postfire()
Called prefire()
Called fire()
Read input token from inputA with value 1.0
Checking for deadlock:
There are 3 Blocked actors, 0 Stopped actors, and 4 active threads.
Waiting for actors to stop.
Sent output token with value 0.0
Checking for deadlock:
There are 2 Blocked actors, 0 Stopped actors, and 4 active threads.
Waiting for actors to stop.
Next port to read input from is inputB
-- Read input: 0.0, which is expected to match: 0.0
Called postfire()
Called prefire()
Called fire()
Called prefire()
Called fire()
Called postfire()
Checking for deadlock:
There are 2 Blocked actors, 0 Stopped actors, and 4 active threads.
Waiting for actors to stop.
Called prefire()
Called fire()
Checking for deadlock:
There are 3 Blocked actors, 0 Stopped actors, and 4 active threads.
Read input token from inputB with value 1.5
Waiting for actors to stop.
Checking for deadlock:
There are 2 Blocked actors, 0 Stopped actors, and 4 active threads.
Waiting for actors to stop.
Sent output token with value 1.0
-- Read input: 1.0, which is expected to match: 1.0
Next port to read input from is inputA
Called postfire()
Called prefire()
Called fire()
Called prefire()
Called fire()
Called postfire()
Read input token from inputA with value 2.0
Called prefire()
Called fire()
Sent output token with value 1.5
Checking for deadlock:
There are 2 Blocked actors, 0 Stopped actors, and 4 active threads.
Waiting for actors to stop.
-- Read input: 1.5, which is expected to match: 1.5
Called prefire()
Called fire()
Checking for deadlock:
There are 3 Blocked actors, 0 Stopped actors, and 4 active threads.
Waiting for actors to stop.
Next port to read input from is inputB
Called postfire()
Called prefire()
Called fire()
Checking for deadlock:
There are 2 Blocked actors, 0 Stopped actors, and 4 active threads.
Read input token from inputB with value 3.0
Waiting for actors to stop.
Called postfire()
Called prefire()
Called fire()
Checking for deadlock:
There are 3 Blocked actors, 0 Stopped actors, and 4 active threads.
Waiting for actors to stop.
Checking for deadlock:
There are 2 Blocked actors, 0 Stopped actors, and 4 active threads.
Waiting for actors to stop.
Sent output token with value 2.0
-- Read input: 2.0, which is expected to match: 2.0
Called prefire()
Called fire()
Next port to read input from is inputA
Called postfire()
Called prefire()
Checking for deadlock:
There are 3 Blocked actors, 0 Stopped actors, and 4 active threads.
Waiting for actors to stop.
Called fire()
Read input token from inputA with value 3.0
Called postfire()
Called prefire()
Called fire()
Sent output token with value 3.0
Checking for deadlock:
Next port to read input from is inputB
There are 2 Blocked actors, 0 Stopped actors, and 4 active threads.
Waiting for actors to stop.
-- Read input: 3.0, which is expected to match: 3.0
Called prefire()
Called fire()
Checking for deadlock:
There are 3 Blocked actors, 0 Stopped actors, and 4 active threads.
Waiting for actors to stop.
Called postfire()
Called prefire()
Called fire()
Read input token from inputB with value 4.5
Called postfire()
Called prefire()
Called fire()
Sent output token with value 3.0
Checking for deadlock:
There are 2 Blocked actors, 0 Stopped actors, and 4 active threads.
Next port to read input from is inputA
Waiting for actors to stop.
Called postfire()
Called prefire()
Called fire()
Read input token from inputA with value 4.0
-- Read input: 3.0, which is expected to match: 3.0
Called prefire()
Called fire()
Sent output token with value 4.0
Next port to read input from is inputA
Called postfire()
Called prefire()
Called fire()
-- Read input: 4.0, which is expected to match: 4.0
Called prefire()
Called fire()
Past the end of training data. Read and discard all inputs.
Called postfire()
Called prefire()
Called fire()
Checking for deadlock:
There are 3 Blocked actors, 0 Stopped actors, and 4 active threads.
Waiting for actors to stop.
Checking for deadlock:
There are 2 Blocked actors, 0 Stopped actors, and 4 active threads.
Read input token from inputA with value 5.0
Waiting for actors to stop.
Called postfire()
Called prefire()
Called fire()
Sent output token with value 4.5
Checking for deadlock:
There are 2 Blocked actors, 0 Stopped actors, and 4 active threads.
Next port to read input from is inputB
Called postfire()
Waiting for actors to stop.
Called prefire()
Called fire()
Called prefire()
Called fire()
Past the end of training data. Read and discard all inputs.
Read input token from inputB with value 6.0
Called postfire()
Called prefire()
Called fire()
Sent output token with value 5.0
Checking for deadlock:
There are 2 Blocked actors, 0 Stopped actors, and 4 active threads.
Next port to read input from is inputA
Called postfire()
Waiting for actors to stop.
Called prefire()
Called fire()
Called prefire()
Called fire()
Past the end of training data. Read and discard all inputs.
Called postfire()
Called prefire()
Called fire()
Checking for deadlock:
There are 3 Blocked actors, 0 Stopped actors, and 4 active threads.
Waiting for actors to stop.
Read input token from inputA with value 6.0
Called prefire()
Called fire()
Past the end of training data. Read and discard all inputs.
Sent output token with value 6.0
Checking for deadlock:
There are 3 Blocked actors, 0 Stopped actors, and 4 active threads.
Waiting for actors to stop.
Next port to read input from is inputB
Called postfire()
Called prefire()
Called fire()
Checking for deadlock:
Read input token from inputB with value 7.5
There are 2 Blocked actors, 0 Stopped actors, and 4 active threads.
Waiting for actors to stop.
Sent output token with value 6.0
Called postfire()
Called prefire()
Called fire()
Next port to read input from is inputA
Called postfire()
Called prefire()
Called fire()
Checking for deadlock:
There are 2 Blocked actors, 0 Stopped actors, and 4 active threads.
Waiting for actors to stop.
Called prefire()
Called fire()
Past the end of training data. Read and discard all inputs.
Read input token from inputA with value 7.0
Sent output token with value 7.0
Called postfire()
Next port to read input from is inputA
Checking for deadlock:
There are 1 Blocked actors, 0 Stopped actors, and 4 active threads.
Waiting for actors to stop.
Called prefire()
Called postfire()
Called prefire()
Called fire()
Called prefire()
Called fire()
Past the end of training data. Read and discard all inputs.
Read input token from inputA with value 8.0
Called fire()
Checking for deadlock:
There are 2 Blocked actors, 0 Stopped actors, and 4 active threads.
Waiting for actors to stop.
-- Thread wrapup() called.
Called wrapup()
Sent output token with value 7.5
Thread .top.Ramp is exiting.
-- Thread stopped.
Next port to read input from is inputB
Called postfire()
Called prefire()
Called fire()
Read input token from inputB with value 9.0
Called postfire()
Called prefire()
Called fire()
Checking for deadlock:
There are 2 Blocked actors, 0 Stopped actors, and 3 active threads.
Waiting for actors to stop.
Called prefire()
Called fire()
Past the end of training data. Read and discard all inputs.
Called prefire()
Called fire()
Sent output token with value 8.0
Checking for deadlock:
There are 1 Blocked actors, 0 Stopped actors, and 3 active threads.
Waiting for actors to stop.
Next port to read input from is inputA
Called postfire()
Called prefire()
Called fire()
Past the end of training data. Read and discard all inputs.
Checking for deadlock:
Read input token from inputA with value 9.0
There are 2 Blocked actors, 0 Stopped actors, and 3 active threads.
Waiting for actors to stop.
Sent output token with value 9.0
Checking for deadlock:
There are 1 Blocked actors, 0 Stopped actors, and 3 active threads.
Waiting for actors to stop.
Next port to read input from is inputB
Called postfire()
Called prefire()
Called prefire()
Called fire()
Called fire()
Past the end of training data. Read and discard all inputs.
Read input token from inputB with value 10.5
Checking for deadlock:
There are 1 Blocked actors, 0 Stopped actors, and 3 active threads.
Waiting for actors to stop.
Called postfire()
Called prefire()
Called fire()
Sent output token with value 9.0
Called prefire()
Called fire()
Next port to read input from is inputA
Called postfire()
Past the end of training data. Read and discard all inputs.
Called prefire()
Called fire()
Checking for deadlock:
There are 1 Blocked actors, 0 Stopped actors, and 3 active threads.
Waiting for actors to stop.
Checking for deadlock:
There are 3 Blocked actors, 0 Stopped actors, and 3 active threads.
Actors have stopped.
Checking for deadlock:
There are 3 Blocked actors, 0 Stopped actors, and 3 active threads.
Deadlock detected.
Resolving Deadlock
Checking for deadlock:
There are 3 Blocked actors, 0 Stopped actors, and 3 active threads.
Artificial Deadlock - increasing queue capacity.
increasing the capacity of receiver ptolemy.actor.TypedIOPort {.top.OrderedMerge.inputB} to 2
Director: Called postfire().
Called postfire().
_stopRequested = false
_stopFireRequested = false
Returning from postfire(): true
Called fire().
Checking for deadlock:
There are 2 Blocked actors, 0 Stopped actors, and 3 active threads.
Waiting for actors to stop.
-- Thread wrapup() called.
Called wrapup()
Thread .top.Ramp2 is exiting.
-- Thread stopped.
Checking for deadlock:
There are 2 Blocked actors, 0 Stopped actors, and 2 active threads.
Actors have stopped.
Checking for deadlock:
There are 2 Blocked actors, 0 Stopped actors, and 2 active threads.
Deadlock detected.
Resolving Deadlock
Checking for deadlock:
There are 2 Blocked actors, 0 Stopped actors, and 2 active threads.
Deadlock detected: no processes blocked on write, but some are blocked on read.
Called postfire().
_stopRequested = false
_stopFireRequested = false
Returning from postfire(): false
Finished deactivating branches.
Called wrapup().
-- Thread wrapup() called.
Called wrapup()
-- Thread wrapup() called.
Called wrapup()
Thread .top.OrderedMerge is exiting.
-- Thread stopped.
Thread .top.Test is exiting.
-- Blocked Receiver call threw TerminateProcessException.
-- Thread stopped.
-- Blocked Receiver call threw TerminateProcessException.
68 ms. Memory: 187392K Free: 111467K (59%)
/home/travis/build/icyphy/ptII/ptolemy/actor/lib/test/Publisher.tcl
15 ms. Memory: 187392K Free: 105309K (56%)
6 ms. Memory: 187392K Free: 99693K (53%)
6 ms. Memory: 187392K Free: 96101K (51%)
7 ms. Memory: 187392K Free: 95069K (51%)
4 ms. Memory: 187392K Free: 94053K (50%)
15 ms. Memory: 187392K Free: 93549K (50%)
3 ms. Memory: 187392K Free: 92525K (49%)
8 ms. Memory: 187392K Free: 91501K (49%)
18 ms. Memory: 187392K Free: 81771K (44%)
4 ms. Memory: 187392K Free: 77675K (41%)
2 ms. Memory: 187392K Free: 77165K (41%)
5 ms. Memory: 187392K Free: 75117K (40%)
7 ms. Memory: 187392K Free: 166978K (89%)
6 ms. Memory: 187392K Free: 157252K (84%)
7 ms. Memory: 187392K Free: 146468K (78%)
/home/travis/build/icyphy/ptII/ptolemy/actor/lib/test/Pulse.tcl
8 ms. Memory: 246784K Free: 222996K (90%)
8 ms. Memory: 246784K Free: 222482K (90%)
2 ms. Memory: 246784K Free: 221972K (90%)
2 ms. Memory: 246784K Free: 221458K (90%)
4 ms. Memory: 246784K Free: 220434K (89%)
14 ms. Memory: 246784K Free: 219410K (89%)
8 ms. Memory: 246784K Free: 218372K (88%)
6 ms. Memory: 246784K Free: 217876K (88%)
2 ms. Memory: 246784K Free: 217362K (88%)
/home/travis/build/icyphy/ptII/ptolemy/actor/lib/test/Ramp.tcl
9 ms. Memory: 246784K Free: 215300K (87%)
3 ms. Memory: 246784K Free: 214290K (87%)
5 ms. Memory: 246784K Free: 213780K (87%)
2 ms. Memory: 246784K Free: 212756K (86%)
6 ms. Memory: 246784K Free: 212228K (86%)
9 ms. Memory: 246784K Free: 211218K (86%)
6 ms. Memory: 246784K Free: 210194K (85%)
5 actors
8000 microseconds per iteration to create
14 ms. Memory: 246784K Free: 207636K (84%)
2 ms. Memory: 246784K Free: 207092K (84%)
7 ms. Memory: 246784K Free: 206612K (84%)
3 ms. Memory: 246784K Free: 206068K (84%)
50 actors
56000 microseconds per iteration to create
49 ms. Memory: 246784K Free: 190228K (77%)
17 ms. Memory: 246784K Free: 189204K (77%)
14 ms. Memory: 246784K Free: 188180K (76%)
7 ms. Memory: 246784K Free: 187156K (76%)
500 actors
1660000 microseconds per iteration to create
288 ms. Memory: 246784K Free: 148727K (60%)
44 ms. Memory: 246784K Free: 143097K (58%)
38 ms. Memory: 246784K Free: 137977K (56%)
35 ms. Memory: 246784K Free: 132857K (54%)
/home/travis/build/icyphy/ptII/ptolemy/actor/lib/test/RampContinuous.tcl
7 ms. Memory: 246784K Free: 131305K (53%)
/home/travis/build/icyphy/ptII/ptolemy/actor/lib/test/RecordAssembler.tcl
5 ms. Memory: 246784K Free: 129785K (53%)
4 ms. Memory: 246784K Free: 128761K (52%)
/home/travis/build/icyphy/ptII/ptolemy/actor/lib/test/RecordDisassembler.tcl
5 ms. Memory: 246784K Free: 126713K (51%)
2 ms. Memory: 246784K Free: 126185K (51%)
4 ms. Memory: 246784K Free: 124665K (51%)
/home/travis/build/icyphy/ptII/ptolemy/actor/lib/test/Scale.tcl
3 ms. Memory: 246784K Free: 123097K (50%)
1 ms. Memory: 246784K Free: 122089K (49%)
2 ms. Memory: 246784K Free: 121593K (49%)
2 ms. Memory: 246784K Free: 120569K (49%)
2 ms. Memory: 246784K Free: 120041K (49%)
/home/travis/build/icyphy/ptII/ptolemy/actor/lib/test/SequentialClock.tcl
preinitializing
resolving types
initializing
executing number 1
wrapping up
idle
3 ms. Memory: 246784K Free: 118521K (48%)
Completed execution with 5 iterations
preinitializing
resolving types
initializing
executing number 1
wrapping up
idle
1 ms. Memory: 246784K Free: 118001K (48%)
Completed execution with 5 iterations
preinitializing
resolving types
initializing
executing number 1
wrapping up
idle
2 ms. Memory: 246784K Free: 117497K (48%)
Completed execution with 5 iterations
/home/travis/build/icyphy/ptII/ptolemy/actor/lib/test/SetVariable.tcl
4 ms. Memory: 246784K Free: 115449K (47%)


==== $PTII/ptolemy/actor/lib/test/SetVariable.tcl: SetVariable-3.1 changeFailed
==== Contents of test case:

    #Uses 2.1 above
    jdkCaptureErr {
        # This test was failing if we ran Exit.tcl and then this test.
        # MessageHandler.error() now actually throws the Exception.
	catch {$setVariable changeFailed [java::null]  [java::new Exception {Test exception for SetVariable.changeFailed()}]} errMsg
    } results
    list [string range $results 0 89] "\n" $errMsg

==== Result was:
{java.lang.Exception: Test exception for SetVariable.changeFailed()
	at java.base/jdk.inter} {
} {java.lang.RuntimeException: java.lang.Exception: Test exception for SetVariable.changeFailed()}
---- Result should have been:
{java.lang.Exception: Test exception for SetVariable.changeFailed()
	at sun.reflect.NativeC} {
} {java.lang.RuntimeException: java.lang.Exception: Test exception for SetVariable.changeFailed()}
---- SetVariable-3.1 FAILED
/home/travis/build/icyphy/ptII/ptolemy/actor/lib/test/Sinewave.tcl
/home/travis/build/icyphy/ptII/ptolemy/actor/lib/test/SubscriptionAggregator.tcl
4 ms. Memory: 246784K Free: 103671K (42%)
2 ms. Memory: 246784K Free: 103161K (42%)
1 ms. Memory: 246784K Free: 102647K (42%)
1 ms. Memory: 246784K Free: 102137K (41%)
2 ms. Memory: 246784K Free: 99065K (40%)
27 ms. Memory: 246784K Free: 96503K (39%)
...............................................................1293 ms. Memory: 334848K Free: 239081K (71%)
/home/travis/build/icyphy/ptII/ptolemy/actor/lib/test/Test.tcl
 The next command will produce a warning about training mode,
   which may be ignored.
5 ms. Memory: 334848K Free: 237023K (71%)
8 ms. Memory: 334848K Free: 236544K (71%)
1 ms. Memory: 334848K Free: 235520K (70%)
1 ms. Memory: 334848K Free: 235006K (70%)
3 ms. Memory: 334848K Free: 234496K (70%)
3 ms. Memory: 334848K Free: 233472K (70%)
4 ms. Memory: 334848K Free: 231934K (69%)
 The next command will produce a warning about training mode,
   which may be ignored.
12 ms. Memory: 334848K Free: 229886K (69%)
 The next command will produce a warning about training mode,
   which may be ignored.
2 ms. Memory: 334848K Free: 228352K (68%)
1 ms. Memory: 334848K Free: 227838K (68%)
2 ms. Memory: 334848K Free: 227328K (68%)
2 ms. Memory: 334848K Free: 226814K (68%)
5 ms. Memory: 334848K Free: 225790K (67%)
6 ms. Memory: 334848K Free: 222208K (66%)
/home/travis/build/icyphy/ptII/ptolemy/actor/lib/test/TestExceptionHandler.tcl
 The next command will produce a warning about training mode,
   which may be ignored.
4 ms. Memory: 334848K Free: 220670K (66%)
1 ms. Memory: 334848K Free: 220637K (66%)
1 ms. Memory: 334848K Free: 219631K (66%)
/home/travis/build/icyphy/ptII/ptolemy/actor/lib/test/UnionDisassembler.tcl
30 ms. Memory: 334848K Free: 212478K (63%)
/home/travis/build/icyphy/ptII/ptolemy/actor/lib/test/VariableClock.tcl
preinitializing
resolving types
initializing
executing number 1
wrapping up
idle
11 ms. Memory: 334848K Free: 210944K (63%)
Completed execution with 11 iterations
preinitializing
resolving types
initializing
executing number 1
wrapping up
idle
10 ms. Memory: 334848K Free: 209391K (63%)
Completed execution with 10 iterations
06/28/19 06:05:02
Failed: 2  Total Tests: 234  ((Passed: 232, Newly Passed: 0)  Known Failed: 0) /home/travis/build/icyphy/ptII/ptolemy/actor/lib/test
----------------- testing (KnownFailure) /home/travis/build/icyphy/ptII/ptolemy/actor/lib/test/auto/knownFailedTests/PublisherPortToplevelSubscriber.xml
1 ms. Memory: 334848K Free: 205824K (61%)
Known Failure: java.lang.reflect.InvocationTargetException
----------------- testing (KnownFailure) /home/travis/build/icyphy/ptII/ptolemy/actor/lib/test/auto/knownFailedTests/PublisherSubscriberPortToplevel.xml
1 ms. Memory: 334848K Free: 202238K (60%)
Known Failure: java.lang.reflect.InvocationTargetException
----------------- testing (KnownFailure) /home/travis/build/icyphy/ptII/ptolemy/actor/lib/test/auto/knownFailedTests/PublisherSubscriptionAggregatorPort.xml
1 ms. Memory: 334848K Free: 198142K (59%)
Known Failure: java.lang.reflect.InvocationTargetException
----------------- testing (KnownFailure) /home/travis/build/icyphy/ptII/ptolemy/actor/lib/test/auto/knownFailedTests/sizedarray3.xml
10 ms. Memory: 334848K Free: 194046K (58%)
Known Failure: java.lang.reflect.InvocationTargetException
No auto/linux-amd64/*.xml tests in /home/travis/build/icyphy/ptII/ptolemy/actor/lib/test
AutoTests.java: About to close Vertx.
AutoTests.java: Vertx closed.

===========================================================================================
----------------- testing Fri Jun 28 18:05:02 UTC 2019 /home/travis/build/icyphy/ptII/ptolemy/actor/lib/test/auto/AbsoluteValue.xml
----------------- Instantiating /home/travis/build/icyphy/ptII/ptolemy/actor/lib/test/auto/AbsoluteValue.xml
24 ms. Memory: 334848K Free: 172542K (52%)
----------------- Invoking toplevel() on ptolemy.moml.MoMLSimpleApplication@34bbf7f7
----------------- Done invoking toplevel() on ptolemy.moml.MoMLSimpleApplication@34bbf7f7
reloadAllAccessors: .AbsoluteValue

===========================================================================================
----------------- testing Fri Jun 28 18:05:02 UTC 2019 /home/travis/build/icyphy/ptII/ptolemy/actor/lib/test/auto/AbsoluteValue2.xml
----------------- Instantiating /home/travis/build/icyphy/ptII/ptolemy/actor/lib/test/auto/AbsoluteValue2.xml
14 ms. Memory: 334848K Free: 163840K (49%)
----------------- Invoking toplevel() on ptolemy.moml.MoMLSimpleApplication@5edb0927
----------------- Done invoking toplevel() on ptolemy.moml.MoMLSimpleApplication@5edb0927
reloadAllAccessors: .AbsoluteValue2

===========================================================================================
----------------- testing Fri Jun 28 18:05:02 UTC 2019 /home/travis/build/icyphy/ptII/ptolemy/actor/lib/test/auto/Accumulator.xml
----------------- Instantiating /home/travis/build/icyphy/ptII/ptolemy/actor/lib/test/auto/Accumulator.xml
7 ms. Memory: 334848K Free: 157696K (47%)
----------------- Invoking toplevel() on ptolemy.moml.MoMLSimpleApplication@6a6e4067
----------------- Done invoking toplevel() on ptolemy.moml.MoMLSimpleApplication@6a6e4067
reloadAllAccessors: .Accumulator

===========================================================================================
----------------- testing Fri Jun 28 18:05:02 UTC 2019 /home/travis/build/icyphy/ptII/ptolemy/actor/lib/test/auto/Accumulator2.xml
----------------- Instantiating /home/travis/build/icyphy/ptII/ptolemy/actor/lib/test/auto/Accumulator2.xml
4 ms. Memory: 334848K Free: 152062K (45%)
----------------- Invoking toplevel() on ptolemy.moml.MoMLSimpleApplication@23ba9763
----------------- Done invoking toplevel() on ptolemy.moml.MoMLSimpleApplication@23ba9763
reloadAllAccessors: .Accumulator2

===========================================================================================
----------------- testing Fri Jun 28 18:05:02 UTC 2019 /home/travis/build/icyphy/ptII/ptolemy/actor/lib/test/auto/Accumulator3.xml
----------------- Instantiating /home/travis/build/icyphy/ptII/ptolemy/actor/lib/test/auto/Accumulator3.xml
5 ms. Memory: 334848K Free: 147966K (44%)
----------------- Invoking toplevel() on ptolemy.moml.MoMLSimpleApplication@188c7358
----------------- Done invoking toplevel() on ptolemy.moml.MoMLSimpleApplication@188c7358
reloadAllAccessors: .Accumulator3

===========================================================================================
----------------- testing Fri Jun 28 18:05:02 UTC 2019 /home/travis/build/icyphy/ptII/ptolemy/actor/lib/test/auto/ArrayAppend.xml
----------------- Instantiating /home/travis/build/icyphy/ptII/ptolemy/actor/lib/test/auto/ArrayAppend.xml
10 ms. Memory: 334848K Free: 142336K (43%)
----------------- Invoking toplevel() on ptolemy.moml.MoMLSimpleApplication@5a299569
----------------- Done invoking toplevel() on ptolemy.moml.MoMLSimpleApplication@5a299569
reloadAllAccessors: .ArrayAppend

===========================================================================================
----------------- testing Fri Jun 28 18:05:02 UTC 2019 /home/travis/build/icyphy/ptII/ptolemy/actor/lib/test/auto/ArrayAppend2.xml
----------------- Instantiating /home/travis/build/icyphy/ptII/ptolemy/actor/lib/test/auto/ArrayAppend2.xml
485 ms. Memory: 334848K Free: 233147K (70%)
----------------- Invoking toplevel() on ptolemy.moml.MoMLSimpleApplication@30a683ab
----------------- Done invoking toplevel() on ptolemy.moml.MoMLSimpleApplication@30a683ab
reloadAllAccessors: .ArrayAppend2

===========================================================================================
----------------- testing Fri Jun 28 18:05:03 UTC 2019 /home/travis/build/icyphy/ptII/ptolemy/actor/lib/test/auto/ArrayAppend3.xml
----------------- Instantiating /home/travis/build/icyphy/ptII/ptolemy/actor/lib/test/auto/ArrayAppend3.xml
3 ms. Memory: 334848K Free: 227474K (68%)
----------------- Invoking toplevel() on ptolemy.moml.MoMLSimpleApplication@699c28aa
----------------- Done invoking toplevel() on ptolemy.moml.MoMLSimpleApplication@699c28aa
reloadAllAccessors: .ArrayAppend3

===========================================================================================
----------------- testing Fri Jun 28 18:05:03 UTC 2019 /home/travis/build/icyphy/ptII/ptolemy/actor/lib/test/auto/ArrayAppend4.xml
----------------- Instantiating /home/travis/build/icyphy/ptII/ptolemy/actor/lib/test/auto/ArrayAppend4.xml
4 ms. Memory: 334848K Free: 222354K (66%)
----------------- Invoking toplevel() on ptolemy.moml.MoMLSimpleApplication@372a19b2
----------------- Done invoking toplevel() on ptolemy.moml.MoMLSimpleApplication@372a19b2
reloadAllAccessors: .ArrayAppend4

===========================================================================================
----------------- testing Fri Jun 28 18:05:03 UTC 2019 /home/travis/build/icyphy/ptII/ptolemy/actor/lib/test/auto/ArrayAppend5.xml
----------------- Instantiating /home/travis/build/icyphy/ptII/ptolemy/actor/lib/test/auto/ArrayAppend5.xml
3 ms. Memory: 334848K Free: 216724K (65%)
----------------- Invoking toplevel() on ptolemy.moml.MoMLSimpleApplication@302adc9
----------------- Done invoking toplevel() on ptolemy.moml.MoMLSimpleApplication@302adc9
reloadAllAccessors: .ArrayAppend5

===========================================================================================
----------------- testing Fri Jun 28 18:05:03 UTC 2019 /home/travis/build/icyphy/ptII/ptolemy/actor/lib/test/auto/ArrayAppend6.xml
----------------- Instantiating /home/travis/build/icyphy/ptII/ptolemy/actor/lib/test/auto/ArrayAppend6.xml
3 ms. Memory: 334848K Free: 212114K (63%)
----------------- Invoking toplevel() on ptolemy.moml.MoMLSimpleApplication@45a5edfb
----------------- Done invoking toplevel() on ptolemy.moml.MoMLSimpleApplication@45a5edfb
reloadAllAccessors: .ArrayAppend6

===========================================================================================
----------------- testing Fri Jun 28 18:05:03 UTC 2019 /home/travis/build/icyphy/ptII/ptolemy/actor/lib/test/auto/ArrayAppendPerformanceTest.xml
----------------- Instantiating /home/travis/build/icyphy/ptII/ptolemy/actor/lib/test/auto/ArrayAppendPerformanceTest.xml
47 ms. Memory: 334848K Free: 200850K (60%)
----------------- Invoking toplevel() on ptolemy.moml.MoMLSimpleApplication@5732bff7
----------------- Done invoking toplevel() on ptolemy.moml.MoMLSimpleApplication@5732bff7
reloadAllAccessors: .ArrayAppendPerformanceTest

===========================================================================================
----------------- testing Fri Jun 28 18:05:03 UTC 2019 /home/travis/build/icyphy/ptII/ptolemy/actor/lib/test/auto/ArrayAppendWithEmptyInput.xml
----------------- Instantiating /home/travis/build/icyphy/ptII/ptolemy/actor/lib/test/auto/ArrayAppendWithEmptyInput.xml
8 ms. Memory: 334848K Free: 193172K (58%)
----------------- Invoking toplevel() on ptolemy.moml.MoMLSimpleApplication@72463afa
----------------- Done invoking toplevel() on ptolemy.moml.MoMLSimpleApplication@72463afa
reloadAllAccessors: .ArrayAppendWithEmptyInput

===========================================================================================
----------------- testing Fri Jun 28 18:05:03 UTC 2019 /home/travis/build/icyphy/ptII/ptolemy/actor/lib/test/auto/ArrayAverage.xml
----------------- Instantiating /home/travis/build/icyphy/ptII/ptolemy/actor/lib/test/auto/ArrayAverage.xml
8 ms. Memory: 334848K Free: 184980K (55%)
----------------- Invoking toplevel() on ptolemy.moml.MoMLSimpleApplication@5ca6aaab
----------------- Done invoking toplevel() on ptolemy.moml.MoMLSimpleApplication@5ca6aaab
reloadAllAccessors: .ArrayAverage

===========================================================================================
----------------- testing Fri Jun 28 18:05:03 UTC 2019 /home/travis/build/icyphy/ptII/ptolemy/actor/lib/test/auto/ArrayContains.xml
----------------- Instantiating /home/travis/build/icyphy/ptII/ptolemy/actor/lib/test/auto/ArrayContains.xml
4 ms. Memory: 334848K Free: 179346K (54%)
----------------- Invoking toplevel() on ptolemy.moml.MoMLSimpleApplication@5dd75df1
----------------- Done invoking toplevel() on ptolemy.moml.MoMLSimpleApplication@5dd75df1
reloadAllAccessors: .ArrayContains

===========================================================================================
----------------- testing Fri Jun 28 18:05:03 UTC 2019 /home/travis/build/icyphy/ptII/ptolemy/actor/lib/test/auto/ArrayElement.xml
----------------- Instantiating /home/travis/build/icyphy/ptII/ptolemy/actor/lib/test/auto/ArrayElement.xml
15 ms. Memory: 334848K Free: 173716K (52%)
----------------- Invoking toplevel() on ptolemy.moml.MoMLSimpleApplication@1977c024
----------------- Done invoking toplevel() on ptolemy.moml.MoMLSimpleApplication@1977c024
reloadAllAccessors: .ArrayElement

===========================================================================================
----------------- testing Fri Jun 28 18:05:03 UTC 2019 /home/travis/build/icyphy/ptII/ptolemy/actor/lib/test/auto/ArrayElementAsMatrix.xml
----------------- Instantiating /home/travis/build/icyphy/ptII/ptolemy/actor/lib/test/auto/ArrayElementAsMatrix.xml
23 ms. Memory: 334848K Free: 163476K (49%)
----------------- Invoking toplevel() on ptolemy.moml.MoMLSimpleApplication@19c29cbd
----------------- Done invoking toplevel() on ptolemy.moml.MoMLSimpleApplication@19c29cbd
reloadAllAccessors: .ArrayElementAsMatrix

===========================================================================================
----------------- testing Fri Jun 28 18:05:04 UTC 2019 /home/travis/build/icyphy/ptII/ptolemy/actor/lib/test/auto/ArrayElementI.xml
----------------- Instantiating /home/travis/build/icyphy/ptII/ptolemy/actor/lib/test/auto/ArrayElementI.xml
3 ms. Memory: 334848K Free: 158356K (47%)
----------------- Invoking toplevel() on ptolemy.moml.MoMLSimpleApplication@6beb2543
----------------- Done invoking toplevel() on ptolemy.moml.MoMLSimpleApplication@6beb2543
reloadAllAccessors: .ArrayElementI

===========================================================================================
----------------- testing Fri Jun 28 18:05:04 UTC 2019 /home/travis/build/icyphy/ptII/ptolemy/actor/lib/test/auto/ArrayExtract.xml
----------------- Instantiating /home/travis/build/icyphy/ptII/ptolemy/actor/lib/test/auto/ArrayExtract.xml
6 ms. Memory: 334848K Free: 281600K (84%)
----------------- Invoking toplevel() on ptolemy.moml.MoMLSimpleApplication@4e8c9913
----------------- Done invoking toplevel() on ptolemy.moml.MoMLSimpleApplication@4e8c9913
reloadAllAccessors: .ArrayExtract

===========================================================================================
----------------- testing Fri Jun 28 18:05:04 UTC 2019 /home/travis/build/icyphy/ptII/ptolemy/actor/lib/test/auto/ArrayExtract2.xml
----------------- Instantiating /home/travis/build/icyphy/ptII/ptolemy/actor/lib/test/auto/ArrayExtract2.xml
2 ms. Memory: 334848K Free: 275935K (82%)
----------------- Invoking toplevel() on ptolemy.moml.MoMLSimpleApplication@8d464c1
----------------- Done invoking toplevel() on ptolemy.moml.MoMLSimpleApplication@8d464c1
reloadAllAccessors: .ArrayExtract2

===========================================================================================
----------------- testing Fri Jun 28 18:05:04 UTC 2019 /home/travis/build/icyphy/ptII/ptolemy/actor/lib/test/auto/ArrayLength.xml
----------------- Instantiating /home/travis/build/icyphy/ptII/ptolemy/actor/lib/test/auto/ArrayLength.xml
1 ms. Memory: 334848K Free: 272384K (81%)
----------------- Invoking toplevel() on ptolemy.moml.MoMLSimpleApplication@76b7b4a4
----------------- Done invoking toplevel() on ptolemy.moml.MoMLSimpleApplication@76b7b4a4
reloadAllAccessors: .ArrayLength

===========================================================================================
----------------- testing Fri Jun 28 18:05:04 UTC 2019 /home/travis/build/icyphy/ptII/ptolemy/actor/lib/test/auto/ArrayLevelCrossing.xml
----------------- Instantiating /home/travis/build/icyphy/ptII/ptolemy/actor/lib/test/auto/ArrayLevelCrossing.xml
6 ms. Memory: 334848K Free: 264192K (79%)
----------------- Invoking toplevel() on ptolemy.moml.MoMLSimpleApplication@44b5096e
----------------- Done invoking toplevel() on ptolemy.moml.MoMLSimpleApplication@44b5096e
reloadAllAccessors: .ArrayLevelCrossing

===========================================================================================
----------------- testing Fri Jun 28 18:05:04 UTC 2019 /home/travis/build/icyphy/ptII/ptolemy/actor/lib/test/auto/ArrayLevelCrossing2.xml
----------------- Instantiating /home/travis/build/icyphy/ptII/ptolemy/actor/lib/test/auto/ArrayLevelCrossing2.xml
4 ms. Memory: 334848K Free: 257024K (77%)
----------------- Invoking toplevel() on ptolemy.moml.MoMLSimpleApplication@4348ec1a
----------------- Done invoking toplevel() on ptolemy.moml.MoMLSimpleApplication@4348ec1a
reloadAllAccessors: .ArrayLevelCrossing2

===========================================================================================
----------------- testing Fri Jun 28 18:05:04 UTC 2019 /home/travis/build/icyphy/ptII/ptolemy/actor/lib/test/auto/ArrayPeakSearch.xml
----------------- Instantiating /home/travis/build/icyphy/ptII/ptolemy/actor/lib/test/auto/ArrayPeakSearch.xml
9 ms. Memory: 334848K Free: 247808K (74%)
----------------- Invoking toplevel() on ptolemy.moml.MoMLSimpleApplication@21164994
----------------- Done invoking toplevel() on ptolemy.moml.MoMLSimpleApplication@21164994
reloadAllAccessors: .ArrayPeakSearch

===========================================================================================
----------------- testing Fri Jun 28 18:05:04 UTC 2019 /home/travis/build/icyphy/ptII/ptolemy/actor/lib/test/auto/ArrayPeakSearch2.xml
----------------- Instantiating /home/travis/build/icyphy/ptII/ptolemy/actor/lib/test/auto/ArrayPeakSearch2.xml
14 ms. Memory: 334848K Free: 237568K (71%)
----------------- Invoking toplevel() on ptolemy.moml.MoMLSimpleApplication@29143114
----------------- Done invoking toplevel() on ptolemy.moml.MoMLSimpleApplication@29143114
reloadAllAccessors: .ArrayPeakSearch2

===========================================================================================
----------------- testing Fri Jun 28 18:05:04 UTC 2019 /home/travis/build/icyphy/ptII/ptolemy/actor/lib/test/auto/ArrayPeakSearch3.xml
----------------- Instantiating /home/travis/build/icyphy/ptII/ptolemy/actor/lib/test/auto/ArrayPeakSearch3.xml
7 ms. Memory: 334848K Free: 228352K (68%)
----------------- Invoking toplevel() on ptolemy.moml.MoMLSimpleApplication@226a51eb
----------------- Done invoking toplevel() on ptolemy.moml.MoMLSimpleApplication@226a51eb
reloadAllAccessors: .ArrayPeakSearch3

===========================================================================================
----------------- testing Fri Jun 28 18:05:04 UTC 2019 /home/travis/build/icyphy/ptII/ptolemy/actor/lib/test/auto/ArrayRemoveElement.xml
----------------- Instantiating /home/travis/build/icyphy/ptII/ptolemy/actor/lib/test/auto/ArrayRemoveElement.xml
4 ms. Memory: 334848K Free: 220670K (66%)
----------------- Invoking toplevel() on ptolemy.moml.MoMLSimpleApplication@6fa65aa
----------------- Done invoking toplevel() on ptolemy.moml.MoMLSimpleApplication@6fa65aa
reloadAllAccessors: .ArrayRemoveElement

===========================================================================================
----------------- testing Fri Jun 28 18:05:04 UTC 2019 /home/travis/build/icyphy/ptII/ptolemy/actor/lib/test/auto/ArraySort.xml
----------------- Instantiating /home/travis/build/icyphy/ptII/ptolemy/actor/lib/test/auto/ArraySort.xml
8 ms. Memory: 334848K Free: 211454K (63%)
----------------- Invoking toplevel() on ptolemy.moml.MoMLSimpleApplication@328f34e7
----------------- Done invoking toplevel() on ptolemy.moml.MoMLSimpleApplication@328f34e7
reloadAllAccessors: .ArraySort

===========================================================================================
----------------- testing Fri Jun 28 18:05:04 UTC 2019 /home/travis/build/icyphy/ptII/ptolemy/actor/lib/test/auto/ArraySum.xml
----------------- Instantiating /home/travis/build/icyphy/ptII/ptolemy/actor/lib/test/auto/ArraySum.xml
6 ms. Memory: 334848K Free: 206334K (62%)
----------------- Invoking toplevel() on ptolemy.moml.MoMLSimpleApplication@dc5ece
----------------- Done invoking toplevel() on ptolemy.moml.MoMLSimpleApplication@dc5ece
reloadAllAccessors: .ArraySum

===========================================================================================
----------------- testing Fri Jun 28 18:05:04 UTC 2019 /home/travis/build/icyphy/ptII/ptolemy/actor/lib/test/auto/ArrayToElements.xml
----------------- Instantiating /home/travis/build/icyphy/ptII/ptolemy/actor/lib/test/auto/ArrayToElements.xml
12 ms. Memory: 334848K Free: 200704K (60%)
----------------- Invoking toplevel() on ptolemy.moml.MoMLSimpleApplication@14b3b0d6
----------------- Done invoking toplevel() on ptolemy.moml.MoMLSimpleApplication@14b3b0d6
reloadAllAccessors: .ArrayToElements

===========================================================================================
----------------- testing Fri Jun 28 18:05:04 UTC 2019 /home/travis/build/icyphy/ptII/ptolemy/actor/lib/test/auto/ArrayToMatrix.xml
----------------- Instantiating /home/travis/build/icyphy/ptII/ptolemy/actor/lib/test/auto/ArrayToMatrix.xml
15 ms. Memory: 334848K Free: 186878K (56%)
----------------- Invoking toplevel() on ptolemy.moml.MoMLSimpleApplication@28b0b7c
----------------- Done invoking toplevel() on ptolemy.moml.MoMLSimpleApplication@28b0b7c
reloadAllAccessors: .ArrayToMatrix

===========================================================================================
----------------- testing Fri Jun 28 18:05:04 UTC 2019 /home/travis/build/icyphy/ptII/ptolemy/actor/lib/test/auto/ArrayUpdate1.xml
----------------- Instantiating /home/travis/build/icyphy/ptII/ptolemy/actor/lib/test/auto/ArrayUpdate1.xml
9 ms. Memory: 334848K Free: 181758K (54%)
----------------- Invoking toplevel() on ptolemy.moml.MoMLSimpleApplication@6496af95
----------------- Done invoking toplevel() on ptolemy.moml.MoMLSimpleApplication@6496af95
reloadAllAccessors: .ArrayUpdate1

===========================================================================================
----------------- testing Fri Jun 28 18:05:04 UTC 2019 /home/travis/build/icyphy/ptII/ptolemy/actor/lib/test/auto/ArrayUpdate2.xml
----------------- Instantiating /home/travis/build/icyphy/ptII/ptolemy/actor/lib/test/auto/ArrayUpdate2.xml
3 ms. Memory: 334848K Free: 175599K (52%)
----------------- Invoking toplevel() on ptolemy.moml.MoMLSimpleApplication@5bc36d78
----------------- Done invoking toplevel() on ptolemy.moml.MoMLSimpleApplication@5bc36d78
reloadAllAccessors: .ArrayUpdate2

===========================================================================================
----------------- testing Fri Jun 28 18:05:04 UTC 2019 /home/travis/build/icyphy/ptII/ptolemy/actor/lib/test/auto/ArrayUpdate3.xml
----------------- Instantiating /home/travis/build/icyphy/ptII/ptolemy/actor/lib/test/auto/ArrayUpdate3.xml
6 ms. Memory: 334848K Free: 170494K (51%)
----------------- Invoking toplevel() on ptolemy.moml.MoMLSimpleApplication@7fc42889
----------------- Done invoking toplevel() on ptolemy.moml.MoMLSimpleApplication@7fc42889
reloadAllAccessors: .ArrayUpdate3

===========================================================================================
----------------- testing Fri Jun 28 18:05:04 UTC 2019 /home/travis/build/icyphy/ptII/ptolemy/actor/lib/test/auto/Assert1.xml
----------------- Instantiating /home/travis/build/icyphy/ptII/ptolemy/actor/lib/test/auto/Assert1.xml
6 ms. Memory: 334848K Free: 166398K (50%)
----------------- Invoking toplevel() on ptolemy.moml.MoMLSimpleApplication@2cc87a51
----------------- Done invoking toplevel() on ptolemy.moml.MoMLSimpleApplication@2cc87a51
reloadAllAccessors: .Assert1

===========================================================================================
----------------- testing Fri Jun 28 18:05:04 UTC 2019 /home/travis/build/icyphy/ptII/ptolemy/actor/lib/test/auto/Assert2.xml
----------------- Instantiating /home/travis/build/icyphy/ptII/ptolemy/actor/lib/test/auto/Assert2.xml
3 ms. Memory: 334848K Free: 161278K (48%)
----------------- Invoking toplevel() on ptolemy.moml.MoMLSimpleApplication@493b835f
----------------- Done invoking toplevel() on ptolemy.moml.MoMLSimpleApplication@493b835f
reloadAllAccessors: .Assert2

===========================================================================================
----------------- testing Fri Jun 28 18:05:04 UTC 2019 /home/travis/build/icyphy/ptII/ptolemy/actor/lib/test/auto/BooleanMultiplexor.xml
----------------- Instantiating /home/travis/build/icyphy/ptII/ptolemy/actor/lib/test/auto/BooleanMultiplexor.xml
3 ms. Memory: 334848K Free: 156151K (47%)
----------------- Invoking toplevel() on ptolemy.moml.MoMLSimpleApplication@4c9bd6f5
----------------- Done invoking toplevel() on ptolemy.moml.MoMLSimpleApplication@4c9bd6f5
reloadAllAccessors: .BooleanMultiplexor

===========================================================================================
----------------- testing Fri Jun 28 18:05:04 UTC 2019 /home/travis/build/icyphy/ptII/ptolemy/actor/lib/test/auto/BooleanMultiplexor2.xml
----------------- Instantiating /home/travis/build/icyphy/ptII/ptolemy/actor/lib/test/auto/BooleanMultiplexor2.xml
15 ms. Memory: 334848K Free: 149504K (45%)
----------------- Invoking toplevel() on ptolemy.moml.MoMLSimpleApplication@e8017ad
----------------- Done invoking toplevel() on ptolemy.moml.MoMLSimpleApplication@e8017ad
reloadAllAccessors: .BooleanMultiplexor2

===========================================================================================
----------------- testing Fri Jun 28 18:05:04 UTC 2019 /home/travis/build/icyphy/ptII/ptolemy/actor/lib/test/auto/BooleanMultiplexor3.xml
----------------- Instantiating /home/travis/build/icyphy/ptII/ptolemy/actor/lib/test/auto/BooleanMultiplexor3.xml
8 ms. Memory: 334848K Free: 145918K (44%)
----------------- Invoking toplevel() on ptolemy.moml.MoMLSimpleApplication@71584ae0
----------------- Done invoking toplevel() on ptolemy.moml.MoMLSimpleApplication@71584ae0
reloadAllAccessors: .BooleanMultiplexor3

===========================================================================================
----------------- testing Fri Jun 28 18:05:04 UTC 2019 /home/travis/build/icyphy/ptII/ptolemy/actor/lib/test/auto/BooleanSelect.xml
----------------- Instantiating /home/travis/build/icyphy/ptII/ptolemy/actor/lib/test/auto/BooleanSelect.xml
12 ms. Memory: 334848K Free: 139743K (42%)
----------------- Invoking toplevel() on ptolemy.moml.MoMLSimpleApplication@1ba98d6d
----------------- Done invoking toplevel() on ptolemy.moml.MoMLSimpleApplication@1ba98d6d
reloadAllAccessors: .BooleanSelect

===========================================================================================
----------------- testing Fri Jun 28 18:05:05 UTC 2019 /home/travis/build/icyphy/ptII/ptolemy/actor/lib/test/auto/BooleanSelect2.xml
----------------- Instantiating /home/travis/build/icyphy/ptII/ptolemy/actor/lib/test/auto/BooleanSelect2.xml
3 ms. Memory: 334848K Free: 135678K (41%)
----------------- Invoking toplevel() on ptolemy.moml.MoMLSimpleApplication@4538189a
----------------- Done invoking toplevel() on ptolemy.moml.MoMLSimpleApplication@4538189a
reloadAllAccessors: .BooleanSelect2

===========================================================================================
----------------- testing Fri Jun 28 18:05:05 UTC 2019 /home/travis/build/icyphy/ptII/ptolemy/actor/lib/test/auto/BooleanSwitch.xml
----------------- Instantiating /home/travis/build/icyphy/ptII/ptolemy/actor/lib/test/auto/BooleanSwitch.xml
9 ms. Memory: 334848K Free: 129534K (39%)
----------------- Invoking toplevel() on ptolemy.moml.MoMLSimpleApplication@c48867e
----------------- Done invoking toplevel() on ptolemy.moml.MoMLSimpleApplication@c48867e
reloadAllAccessors: .BooleanSwitch

===========================================================================================
----------------- testing Fri Jun 28 18:05:05 UTC 2019 /home/travis/build/icyphy/ptII/ptolemy/actor/lib/test/auto/BooleanSwitch2.xml
----------------- Instantiating /home/travis/build/icyphy/ptII/ptolemy/actor/lib/test/auto/BooleanSwitch2.xml
2 ms. Memory: 334848K Free: 125438K (37%)
----------------- Invoking toplevel() on ptolemy.moml.MoMLSimpleApplication@d1ae7d8
----------------- Done invoking toplevel() on ptolemy.moml.MoMLSimpleApplication@d1ae7d8
reloadAllAccessors: .BooleanSwitch2

===========================================================================================
----------------- testing Fri Jun 28 18:05:05 UTC 2019 /home/travis/build/icyphy/ptII/ptolemy/actor/lib/test/auto/BooleanSwitchCloningBugWithClassRelationGroup.xml
----------------- Instantiating /home/travis/build/icyphy/ptII/ptolemy/actor/lib/test/auto/BooleanSwitchCloningBugWithClassRelationGroup.xml
6 ms. Memory: 334848K Free: 118784K (35%)
----------------- Invoking toplevel() on ptolemy.moml.MoMLSimpleApplication@14e4d7f6
----------------- Done invoking toplevel() on ptolemy.moml.MoMLSimpleApplication@14e4d7f6
reloadAllAccessors: .BooleanSwitchCloningBugWithClassRelationGroup

===========================================================================================
----------------- testing Fri Jun 28 18:05:05 UTC 2019 /home/travis/build/icyphy/ptII/ptolemy/actor/lib/test/auto/BusActors.xml
----------------- Instantiating /home/travis/build/icyphy/ptII/ptolemy/actor/lib/test/auto/BusActors.xml
7 ms. Memory: 334848K Free: 111102K (33%)
----------------- Invoking toplevel() on ptolemy.moml.MoMLSimpleApplication@3ee2506
----------------- Done invoking toplevel() on ptolemy.moml.MoMLSimpleApplication@3ee2506
reloadAllAccessors: .BusActors

===========================================================================================
----------------- testing Fri Jun 28 18:05:05 UTC 2019 /home/travis/build/icyphy/ptII/ptolemy/actor/lib/test/auto/ClassWrapper.xml
----------------- Instantiating /home/travis/build/icyphy/ptII/ptolemy/actor/lib/test/auto/ClassWrapper.xml
5 ms. Memory: 334848K Free: 106496K (32%)
----------------- Invoking toplevel() on ptolemy.moml.MoMLSimpleApplication@989221c
----------------- Done invoking toplevel() on ptolemy.moml.MoMLSimpleApplication@989221c
reloadAllAccessors: .ClassWrapper

===========================================================================================
----------------- testing Fri Jun 28 18:05:05 UTC 2019 /home/travis/build/icyphy/ptII/ptolemy/actor/lib/test/auto/Clock.xml
----------------- Instantiating /home/travis/build/icyphy/ptII/ptolemy/actor/lib/test/auto/Clock.xml
4 ms. Memory: 334848K Free: 102910K (31%)
----------------- Invoking toplevel() on ptolemy.moml.MoMLSimpleApplication@782754a2
----------------- Done invoking toplevel() on ptolemy.moml.MoMLSimpleApplication@782754a2
reloadAllAccessors: .Clock

===========================================================================================
----------------- testing Fri Jun 28 18:05:05 UTC 2019 /home/travis/build/icyphy/ptII/ptolemy/actor/lib/test/auto/Clock10.xml
----------------- Instantiating /home/travis/build/icyphy/ptII/ptolemy/actor/lib/test/auto/Clock10.xml
61 ms. Memory: 650240K Free: 602666K (93%)
----------------- Invoking toplevel() on ptolemy.moml.MoMLSimpleApplication@71a881af
----------------- Done invoking toplevel() on ptolemy.moml.MoMLSimpleApplication@71a881af
reloadAllAccessors: .Clock10

===========================================================================================
----------------- testing Fri Jun 28 18:05:05 UTC 2019 /home/travis/build/icyphy/ptII/ptolemy/actor/lib/test/auto/Clock11.xml
----------------- Instantiating /home/travis/build/icyphy/ptII/ptolemy/actor/lib/test/auto/Clock11.xml
5 ms. Memory: 650240K Free: 595966K (92%)
----------------- Invoking toplevel() on ptolemy.moml.MoMLSimpleApplication@309a33c9
----------------- Done invoking toplevel() on ptolemy.moml.MoMLSimpleApplication@309a33c9
reloadAllAccessors: .Clock11

===========================================================================================
----------------- testing Fri Jun 28 18:05:05 UTC 2019 /home/travis/build/icyphy/ptII/ptolemy/actor/lib/test/auto/Clock12.xml
----------------- Instantiating /home/travis/build/icyphy/ptII/ptolemy/actor/lib/test/auto/Clock12.xml
6 ms. Memory: 650240K Free: 590334K (91%)
----------------- Invoking toplevel() on ptolemy.moml.MoMLSimpleApplication@5d0e2e9
----------------- Done invoking toplevel() on ptolemy.moml.MoMLSimpleApplication@5d0e2e9
reloadAllAccessors: .Clock12

===========================================================================================
----------------- testing Fri Jun 28 18:05:05 UTC 2019 /home/travis/build/icyphy/ptII/ptolemy/actor/lib/test/auto/Clock13.xml
----------------- Instantiating /home/travis/build/icyphy/ptII/ptolemy/actor/lib/test/auto/Clock13.xml
7 ms. Memory: 650240K Free: 584183K (90%)
----------------- Invoking toplevel() on ptolemy.moml.MoMLSimpleApplication@5d74a17
----------------- Done invoking toplevel() on ptolemy.moml.MoMLSimpleApplication@5d74a17
reloadAllAccessors: .Clock13

===========================================================================================
----------------- testing Fri Jun 28 18:05:05 UTC 2019 /home/travis/build/icyphy/ptII/ptolemy/actor/lib/test/auto/Clock14.xml
----------------- Instantiating /home/travis/build/icyphy/ptII/ptolemy/actor/lib/test/auto/Clock14.xml
13 ms. Memory: 650240K Free: 578039K (89%)
----------------- Invoking toplevel() on ptolemy.moml.MoMLSimpleApplication@957e662
----------------- Done invoking toplevel() on ptolemy.moml.MoMLSimpleApplication@957e662
reloadAllAccessors: .Clock14

===========================================================================================
----------------- testing Fri Jun 28 18:05:05 UTC 2019 /home/travis/build/icyphy/ptII/ptolemy/actor/lib/test/auto/Clock15.xml
----------------- Instantiating /home/travis/build/icyphy/ptII/ptolemy/actor/lib/test/auto/Clock15.xml
3 ms. Memory: 650240K Free: 572416K (88%)
----------------- Invoking toplevel() on ptolemy.moml.MoMLSimpleApplication@637ae22f
----------------- Done invoking toplevel() on ptolemy.moml.MoMLSimpleApplication@637ae22f
reloadAllAccessors: .Clock15

===========================================================================================
----------------- testing Fri Jun 28 18:05:05 UTC 2019 /home/travis/build/icyphy/ptII/ptolemy/actor/lib/test/auto/Clock16.xml
----------------- Instantiating /home/travis/build/icyphy/ptII/ptolemy/actor/lib/test/auto/Clock16.xml
32 ms. Memory: 650240K Free: 557559K (86%)
----------------- Invoking toplevel() on ptolemy.moml.MoMLSimpleApplication@2fb5e974
----------------- Done invoking toplevel() on ptolemy.moml.MoMLSimpleApplication@2fb5e974
reloadAllAccessors: .Clock16

===========================================================================================
----------------- testing Fri Jun 28 18:05:05 UTC 2019 /home/travis/build/icyphy/ptII/ptolemy/actor/lib/test/auto/Clock17.xml
----------------- Instantiating /home/travis/build/icyphy/ptII/ptolemy/actor/lib/test/auto/Clock17.xml
24 ms. Memory: 650240K Free: 543744K (84%)
----------------- Invoking toplevel() on ptolemy.moml.MoMLSimpleApplication@41eac83f
----------------- Done invoking toplevel() on ptolemy.moml.MoMLSimpleApplication@41eac83f
reloadAllAccessors: .Clock17

===========================================================================================
----------------- testing Fri Jun 28 18:05:05 UTC 2019 /home/travis/build/icyphy/ptII/ptolemy/actor/lib/test/auto/Clock18.xml
----------------- Instantiating /home/travis/build/icyphy/ptII/ptolemy/actor/lib/test/auto/Clock18.xml
19 ms. Memory: 650240K Free: 529903K (81%)
----------------- Invoking toplevel() on ptolemy.moml.MoMLSimpleApplication@4c2c9b3a
----------------- Done invoking toplevel() on ptolemy.moml.MoMLSimpleApplication@4c2c9b3a
reloadAllAccessors: .Clock18

===========================================================================================
----------------- testing Fri Jun 28 18:05:05 UTC 2019 /home/travis/build/icyphy/ptII/ptolemy/actor/lib/test/auto/Clock19.xml
----------------- Instantiating /home/travis/build/icyphy/ptII/ptolemy/actor/lib/test/auto/Clock19.xml
16 ms. Memory: 650240K Free: 517120K (80%)
----------------- Invoking toplevel() on ptolemy.moml.MoMLSimpleApplication@34031d5a
----------------- Done invoking toplevel() on ptolemy.moml.MoMLSimpleApplication@34031d5a
reloadAllAccessors: .Clock19

===========================================================================================
----------------- testing Fri Jun 28 18:05:05 UTC 2019 /home/travis/build/icyphy/ptII/ptolemy/actor/lib/test/auto/Clock2.xml
----------------- Instantiating /home/travis/build/icyphy/ptII/ptolemy/actor/lib/test/auto/Clock2.xml
5 ms. Memory: 650240K Free: 512503K (79%)
----------------- Invoking toplevel() on ptolemy.moml.MoMLSimpleApplication@60041c11
----------------- Done invoking toplevel() on ptolemy.moml.MoMLSimpleApplication@60041c11
reloadAllAccessors: .Clock2

===========================================================================================
----------------- testing Fri Jun 28 18:05:05 UTC 2019 /home/travis/build/icyphy/ptII/ptolemy/actor/lib/test/auto/Clock20.xml
----------------- Instantiating /home/travis/build/icyphy/ptII/ptolemy/actor/lib/test/auto/Clock20.xml
13 ms. Memory: 650240K Free: 506880K (78%)
----------------- Invoking toplevel() on ptolemy.moml.MoMLSimpleApplication@70b608e8
----------------- Done invoking toplevel() on ptolemy.moml.MoMLSimpleApplication@70b608e8
reloadAllAccessors: .Clock20

===========================================================================================
----------------- testing Fri Jun 28 18:05:05 UTC 2019 /home/travis/build/icyphy/ptII/ptolemy/actor/lib/test/auto/Clock21.xml
----------------- Instantiating /home/travis/build/icyphy/ptII/ptolemy/actor/lib/test/auto/Clock21.xml
3 ms. Memory: 650240K Free: 501760K (77%)
----------------- Invoking toplevel() on ptolemy.moml.MoMLSimpleApplication@1bf2b225
----------------- Done invoking toplevel() on ptolemy.moml.MoMLSimpleApplication@1bf2b225
reloadAllAccessors: .Clock21

===========================================================================================
----------------- testing Fri Jun 28 18:05:05 UTC 2019 /home/travis/build/icyphy/ptII/ptolemy/actor/lib/test/auto/Clock22.xml
----------------- Instantiating /home/travis/build/icyphy/ptII/ptolemy/actor/lib/test/auto/Clock22.xml
3 ms. Memory: 650240K Free: 496126K (76%)
----------------- Invoking toplevel() on ptolemy.moml.MoMLSimpleApplication@33515d57
----------------- Done invoking toplevel() on ptolemy.moml.MoMLSimpleApplication@33515d57
reloadAllAccessors: .Clock22

===========================================================================================
----------------- testing Fri Jun 28 18:05:05 UTC 2019 /home/travis/build/icyphy/ptII/ptolemy/actor/lib/test/auto/Clock23.xml
----------------- Instantiating /home/travis/build/icyphy/ptII/ptolemy/actor/lib/test/auto/Clock23.xml
3 ms. Memory: 650240K Free: 491006K (76%)
----------------- Invoking toplevel() on ptolemy.moml.MoMLSimpleApplication@2fc42897
----------------- Done invoking toplevel() on ptolemy.moml.MoMLSimpleApplication@2fc42897
reloadAllAccessors: .Clock23

===========================================================================================
----------------- testing Fri Jun 28 18:05:05 UTC 2019 /home/travis/build/icyphy/ptII/ptolemy/actor/lib/test/auto/Clock24.xml
----------------- Instantiating /home/travis/build/icyphy/ptII/ptolemy/actor/lib/test/auto/Clock24.xml
6 ms. Memory: 650240K Free: 485376K (75%)
----------------- Invoking toplevel() on ptolemy.moml.MoMLSimpleApplication@11d6e0d1
----------------- Done invoking toplevel() on ptolemy.moml.MoMLSimpleApplication@11d6e0d1
reloadAllAccessors: .Clock24

===========================================================================================
----------------- testing Fri Jun 28 18:05:06 UTC 2019 /home/travis/build/icyphy/ptII/ptolemy/actor/lib/test/auto/Clock4.xml
----------------- Instantiating /home/travis/build/icyphy/ptII/ptolemy/actor/lib/test/auto/Clock4.xml
2 ms. Memory: 650240K Free: 480759K (74%)
----------------- Invoking toplevel() on ptolemy.moml.MoMLSimpleApplication@91dd9e6
----------------- Done invoking toplevel() on ptolemy.moml.MoMLSimpleApplication@91dd9e6
reloadAllAccessors: .Clock4

===========================================================================================
----------------- testing Fri Jun 28 18:05:06 UTC 2019 /home/travis/build/icyphy/ptII/ptolemy/actor/lib/test/auto/Clock5.xml
----------------- Instantiating /home/travis/build/icyphy/ptII/ptolemy/actor/lib/test/auto/Clock5.xml
2 ms. Memory: 650240K Free: 475136K (73%)
----------------- Invoking toplevel() on ptolemy.moml.MoMLSimpleApplication@4466239e
----------------- Done invoking toplevel() on ptolemy.moml.MoMLSimpleApplication@4466239e
reloadAllAccessors: .Clock5

===========================================================================================
----------------- testing Fri Jun 28 18:05:06 UTC 2019 /home/travis/build/icyphy/ptII/ptolemy/actor/lib/test/auto/Clock6.xml
----------------- Instantiating /home/travis/build/icyphy/ptII/ptolemy/actor/lib/test/auto/Clock6.xml
2 ms. Memory: 650240K Free: 470526K (72%)
----------------- Invoking toplevel() on ptolemy.moml.MoMLSimpleApplication@723a0a23
----------------- Done invoking toplevel() on ptolemy.moml.MoMLSimpleApplication@723a0a23
reloadAllAccessors: .Clock6

===========================================================================================
----------------- testing Fri Jun 28 18:05:06 UTC 2019 /home/travis/build/icyphy/ptII/ptolemy/actor/lib/test/auto/Clock7.xml
----------------- Instantiating /home/travis/build/icyphy/ptII/ptolemy/actor/lib/test/auto/Clock7.xml
2 ms. Memory: 650240K Free: 466430K (72%)
----------------- Invoking toplevel() on ptolemy.moml.MoMLSimpleApplication@67375299
----------------- Done invoking toplevel() on ptolemy.moml.MoMLSimpleApplication@67375299
reloadAllAccessors: .Clock7

===========================================================================================
----------------- testing Fri Jun 28 18:05:06 UTC 2019 /home/travis/build/icyphy/ptII/ptolemy/actor/lib/test/auto/Clock8.xml
----------------- Instantiating /home/travis/build/icyphy/ptII/ptolemy/actor/lib/test/auto/Clock8.xml
7 ms. Memory: 650240K Free: 460800K (71%)
----------------- Invoking toplevel() on ptolemy.moml.MoMLSimpleApplication@57ca02f5
----------------- Done invoking toplevel() on ptolemy.moml.MoMLSimpleApplication@57ca02f5
reloadAllAccessors: .Clock8

===========================================================================================
----------------- testing Fri Jun 28 18:05:06 UTC 2019 /home/travis/build/icyphy/ptII/ptolemy/actor/lib/test/auto/Clock9.xml
----------------- Instantiating /home/travis/build/icyphy/ptII/ptolemy/actor/lib/test/auto/Clock9.xml
6 ms. Memory: 650240K Free: 455680K (70%)
----------------- Invoking toplevel() on ptolemy.moml.MoMLSimpleApplication@59a4c73
----------------- Done invoking toplevel() on ptolemy.moml.MoMLSimpleApplication@59a4c73
reloadAllAccessors: .Clock9

===========================================================================================
----------------- testing Fri Jun 28 18:05:06 UTC 2019 /home/travis/build/icyphy/ptII/ptolemy/actor/lib/test/auto/CommDistDiscard.xml
----------------- Instantiating /home/travis/build/icyphy/ptII/ptolemy/actor/lib/test/auto/CommDistDiscard.xml
7 ms. Memory: 650240K Free: 450046K (69%)
----------------- Invoking toplevel() on ptolemy.moml.MoMLSimpleApplication@3fbfb952
----------------- Done invoking toplevel() on ptolemy.moml.MoMLSimpleApplication@3fbfb952
reloadAllAccessors: .CommDistDiscard

===========================================================================================
----------------- testing Fri Jun 28 18:05:06 UTC 2019 /home/travis/build/icyphy/ptII/ptolemy/actor/lib/test/auto/Commutator.xml
----------------- Instantiating /home/travis/build/icyphy/ptII/ptolemy/actor/lib/test/auto/Commutator.xml
4 ms. Memory: 650240K Free: 445440K (69%)
----------------- Invoking toplevel() on ptolemy.moml.MoMLSimpleApplication@77d080da
----------------- Done invoking toplevel() on ptolemy.moml.MoMLSimpleApplication@77d080da
reloadAllAccessors: .Commutator

===========================================================================================
----------------- testing Fri Jun 28 18:05:06 UTC 2019 /home/travis/build/icyphy/ptII/ptolemy/actor/lib/test/auto/Commutator2.xml
----------------- Instantiating /home/travis/build/icyphy/ptII/ptolemy/actor/lib/test/auto/Commutator2.xml
2 ms. Memory: 650240K Free: 441344K (68%)
----------------- Invoking toplevel() on ptolemy.moml.MoMLSimpleApplication@2487a7
----------------- Done invoking toplevel() on ptolemy.moml.MoMLSimpleApplication@2487a7
reloadAllAccessors: .Commutator2

===========================================================================================
----------------- testing Fri Jun 28 18:05:06 UTC 2019 /home/travis/build/icyphy/ptII/ptolemy/actor/lib/test/auto/Commutator3.xml
----------------- Instantiating /home/travis/build/icyphy/ptII/ptolemy/actor/lib/test/auto/Commutator3.xml
3 ms. Memory: 650240K Free: 436734K (67%)
----------------- Invoking toplevel() on ptolemy.moml.MoMLSimpleApplication@40245879
----------------- Done invoking toplevel() on ptolemy.moml.MoMLSimpleApplication@40245879
reloadAllAccessors: .Commutator3

===========================================================================================
----------------- testing Fri Jun 28 18:05:06 UTC 2019 /home/travis/build/icyphy/ptII/ptolemy/actor/lib/test/auto/Compare.xml
----------------- Instantiating /home/travis/build/icyphy/ptII/ptolemy/actor/lib/test/auto/Compare.xml
2 ms. Memory: 650240K Free: 430590K (66%)
----------------- Invoking toplevel() on ptolemy.moml.MoMLSimpleApplication@47637694
----------------- Done invoking toplevel() on ptolemy.moml.MoMLSimpleApplication@47637694
reloadAllAccessors: .Compare

===========================================================================================
----------------- testing Fri Jun 28 18:05:06 UTC 2019 /home/travis/build/icyphy/ptII/ptolemy/actor/lib/test/auto/CompareDE.xml
----------------- Instantiating /home/travis/build/icyphy/ptII/ptolemy/actor/lib/test/auto/CompareDE.xml
5 ms. Memory: 650240K Free: 423407K (65%)
----------------- Invoking toplevel() on ptolemy.moml.MoMLSimpleApplication@763b5d8a
----------------- Done invoking toplevel() on ptolemy.moml.MoMLSimpleApplication@763b5d8a
reloadAllAccessors: .CompareDE

===========================================================================================
----------------- testing Fri Jun 28 18:05:06 UTC 2019 /home/travis/build/icyphy/ptII/ptolemy/actor/lib/test/auto/ComplexDivide.xml
----------------- Instantiating /home/travis/build/icyphy/ptII/ptolemy/actor/lib/test/auto/ComplexDivide.xml
2 ms. Memory: 650240K Free: 419326K (64%)
----------------- Invoking toplevel() on ptolemy.moml.MoMLSimpleApplication@dbe0a7f
----------------- Done invoking toplevel() on ptolemy.moml.MoMLSimpleApplication@dbe0a7f
reloadAllAccessors: .ComplexDivide

===========================================================================================
----------------- testing Fri Jun 28 18:05:06 UTC 2019 /home/travis/build/icyphy/ptII/ptolemy/actor/lib/test/auto/ComputeHistogram.xml
----------------- Instantiating /home/travis/build/icyphy/ptII/ptolemy/actor/lib/test/auto/ComputeHistogram.xml
37 ms. Memory: 650240K Free: 407038K (63%)
----------------- Invoking toplevel() on ptolemy.moml.MoMLSimpleApplication@23168982
----------------- Done invoking toplevel() on ptolemy.moml.MoMLSimpleApplication@23168982
reloadAllAccessors: .ComputeHistogram

===========================================================================================
----------------- testing Fri Jun 28 18:05:06 UTC 2019 /home/travis/build/icyphy/ptII/ptolemy/actor/lib/test/auto/ConfigurationSelect.xml
----------------- Instantiating /home/travis/build/icyphy/ptII/ptolemy/actor/lib/test/auto/ConfigurationSelect.xml
4 ms. Memory: 650240K Free: 401408K (62%)
----------------- Invoking toplevel() on ptolemy.moml.MoMLSimpleApplication@8356b14
----------------- Done invoking toplevel() on ptolemy.moml.MoMLSimpleApplication@8356b14
reloadAllAccessors: .ConfigurationSelect

===========================================================================================
----------------- testing Fri Jun 28 18:05:06 UTC 2019 /home/travis/build/icyphy/ptII/ptolemy/actor/lib/test/auto/ConfigurationSelect2.xml
----------------- Instantiating /home/travis/build/icyphy/ptII/ptolemy/actor/lib/test/auto/ConfigurationSelect2.xml
3 ms. Memory: 650240K Free: 397312K (61%)
----------------- Invoking toplevel() on ptolemy.moml.MoMLSimpleApplication@42ba571a
----------------- Done invoking toplevel() on ptolemy.moml.MoMLSimpleApplication@42ba571a
reloadAllAccessors: .ConfigurationSelect2

===========================================================================================
----------------- testing Fri Jun 28 18:05:06 UTC 2019 /home/travis/build/icyphy/ptII/ptolemy/actor/lib/test/auto/ConfigurationSwitch.xml
----------------- Instantiating /home/travis/build/icyphy/ptII/ptolemy/actor/lib/test/auto/ConfigurationSwitch.xml
2 ms. Memory: 650240K Free: 391678K (60%)
----------------- Invoking toplevel() on ptolemy.moml.MoMLSimpleApplication@39f6870b
----------------- Done invoking toplevel() on ptolemy.moml.MoMLSimpleApplication@39f6870b
reloadAllAccessors: .ConfigurationSwitch

===========================================================================================
----------------- testing Fri Jun 28 18:05:06 UTC 2019 /home/travis/build/icyphy/ptII/ptolemy/actor/lib/test/auto/ConfigurationSwitch2.xml
----------------- Instantiating /home/travis/build/icyphy/ptII/ptolemy/actor/lib/test/auto/ConfigurationSwitch2.xml
4 ms. Memory: 650240K Free: 386558K (59%)
----------------- Invoking toplevel() on ptolemy.moml.MoMLSimpleApplication@d13d4bf
----------------- Done invoking toplevel() on ptolemy.moml.MoMLSimpleApplication@d13d4bf
reloadAllAccessors: .ConfigurationSwitch2

===========================================================================================
----------------- testing Fri Jun 28 18:05:06 UTC 2019 /home/travis/build/icyphy/ptII/ptolemy/actor/lib/test/auto/ConfigurationSwitchCloningBugWithClassRelationGroup.xml
----------------- Instantiating /home/travis/build/icyphy/ptII/ptolemy/actor/lib/test/auto/ConfigurationSwitchCloningBugWithClassRelationGroup.xml
1 ms. Memory: 650240K Free: 379904K (58%)
----------------- Invoking toplevel() on ptolemy.moml.MoMLSimpleApplication@6cb4552f
----------------- Done invoking toplevel() on ptolemy.moml.MoMLSimpleApplication@6cb4552f
reloadAllAccessors: .ConfigurationSwitchCloningBugWithClassRelationGroup

===========================================================================================
----------------- testing Fri Jun 28 18:05:06 UTC 2019 /home/travis/build/icyphy/ptII/ptolemy/actor/lib/test/auto/ConfigurationSwitchSelectSDF.xml
----------------- Instantiating /home/travis/build/icyphy/ptII/ptolemy/actor/lib/test/auto/ConfigurationSwitchSelectSDF.xml
3 ms. Memory: 650240K Free: 374270K (58%)
----------------- Invoking toplevel() on ptolemy.moml.MoMLSimpleApplication@7dc0c98e
----------------- Done invoking toplevel() on ptolemy.moml.MoMLSimpleApplication@7dc0c98e
reloadAllAccessors: .ConfigurationSwitchSelectSDF

===========================================================================================
----------------- testing Fri Jun 28 18:05:06 UTC 2019 /home/travis/build/icyphy/ptII/ptolemy/actor/lib/test/auto/ConfigurationSwitchSelectSDF2.xml
----------------- Instantiating /home/travis/build/icyphy/ptII/ptolemy/actor/lib/test/auto/ConfigurationSwitchSelectSDF2.xml
2 ms. Memory: 650240K Free: 369150K (57%)
----------------- Invoking toplevel() on ptolemy.moml.MoMLSimpleApplication@7dd43e8e
----------------- Done invoking toplevel() on ptolemy.moml.MoMLSimpleApplication@7dd43e8e
reloadAllAccessors: .ConfigurationSwitchSelectSDF2

===========================================================================================
----------------- testing Fri Jun 28 18:05:06 UTC 2019 /home/travis/build/icyphy/ptII/ptolemy/actor/lib/test/auto/Const.xml
----------------- Instantiating /home/travis/build/icyphy/ptII/ptolemy/actor/lib/test/auto/Const.xml
1 ms. Memory: 650240K Free: 365568K (56%)
----------------- Invoking toplevel() on ptolemy.moml.MoMLSimpleApplication@35714676
----------------- Done invoking toplevel() on ptolemy.moml.MoMLSimpleApplication@35714676
reloadAllAccessors: .Const

===========================================================================================
----------------- testing Fri Jun 28 18:05:06 UTC 2019 /home/travis/build/icyphy/ptII/ptolemy/actor/lib/test/auto/Const2.xml
----------------- Instantiating /home/travis/build/icyphy/ptII/ptolemy/actor/lib/test/auto/Const2.xml
2 ms. Memory: 650240K Free: 361982K (56%)
----------------- Invoking toplevel() on ptolemy.moml.MoMLSimpleApplication@32f73e53
----------------- Done invoking toplevel() on ptolemy.moml.MoMLSimpleApplication@32f73e53
reloadAllAccessors: .Const2

===========================================================================================
----------------- testing Fri Jun 28 18:05:06 UTC 2019 /home/travis/build/icyphy/ptII/ptolemy/actor/lib/test/auto/Const3.xml
----------------- Instantiating /home/travis/build/icyphy/ptII/ptolemy/actor/lib/test/auto/Const3.xml
1 ms. Memory: 650240K Free: 358910K (55%)
----------------- Invoking toplevel() on ptolemy.moml.MoMLSimpleApplication@75152e7e
----------------- Done invoking toplevel() on ptolemy.moml.MoMLSimpleApplication@75152e7e
reloadAllAccessors: .Const3

===========================================================================================
----------------- testing Fri Jun 28 18:05:06 UTC 2019 /home/travis/build/icyphy/ptII/ptolemy/actor/lib/test/auto/ConstantPublisherPort1.xml
----------------- Instantiating /home/travis/build/icyphy/ptII/ptolemy/actor/lib/test/auto/ConstantPublisherPort1.xml
6 ms. Memory: 650240K Free: 349694K (54%)
----------------- Invoking toplevel() on ptolemy.moml.MoMLSimpleApplication@49f4cbfc
----------------- Done invoking toplevel() on ptolemy.moml.MoMLSimpleApplication@49f4cbfc
reloadAllAccessors: .ConstantPublisherPort1

===========================================================================================
----------------- testing Fri Jun 28 18:05:06 UTC 2019 /home/travis/build/icyphy/ptII/ptolemy/actor/lib/test/auto/ConstantPublisherPort2.xml
----------------- Instantiating /home/travis/build/icyphy/ptII/ptolemy/actor/lib/test/auto/ConstantPublisherPort2.xml
5 ms. Memory: 650240K Free: 342016K (53%)
----------------- Invoking toplevel() on ptolemy.moml.MoMLSimpleApplication@4076652a
----------------- Done invoking toplevel() on ptolemy.moml.MoMLSimpleApplication@4076652a
reloadAllAccessors: .ConstantPublisherPort2

===========================================================================================
----------------- testing Fri Jun 28 18:05:06 UTC 2019 /home/travis/build/icyphy/ptII/ptolemy/actor/lib/test/auto/ConstantPublisherPort3.xml
----------------- Instantiating /home/travis/build/icyphy/ptII/ptolemy/actor/lib/test/auto/ConstantPublisherPort3.xml
5 ms. Memory: 650240K Free: 334334K (51%)
----------------- Invoking toplevel() on ptolemy.moml.MoMLSimpleApplication@4f9d376a
----------------- Done invoking toplevel() on ptolemy.moml.MoMLSimpleApplication@4f9d376a
reloadAllAccessors: .ConstantPublisherPort3

===========================================================================================
----------------- testing Fri Jun 28 18:05:06 UTC 2019 /home/travis/build/icyphy/ptII/ptolemy/actor/lib/test/auto/ConstantPublisherPort4.xml
----------------- Instantiating /home/travis/build/icyphy/ptII/ptolemy/actor/lib/test/auto/ConstantPublisherPort4.xml
4 ms. Memory: 650240K Free: 327680K (50%)
----------------- Invoking toplevel() on ptolemy.moml.MoMLSimpleApplication@7a325437
----------------- Done invoking toplevel() on ptolemy.moml.MoMLSimpleApplication@7a325437
reloadAllAccessors: .ConstantPublisherPort4

===========================================================================================
----------------- testing Fri Jun 28 18:05:06 UTC 2019 /home/travis/build/icyphy/ptII/ptolemy/actor/lib/test/auto/ConstantPublisherPort5.xml
----------------- Instantiating /home/travis/build/icyphy/ptII/ptolemy/actor/lib/test/auto/ConstantPublisherPort5.xml
25 ms. Memory: 650240K Free: 317950K (49%)
----------------- Invoking toplevel() on ptolemy.moml.MoMLSimpleApplication@5a34c2b
----------------- Done invoking toplevel() on ptolemy.moml.MoMLSimpleApplication@5a34c2b
reloadAllAccessors: .ConstantPublisherPort5

===========================================================================================
----------------- testing Fri Jun 28 18:05:06 UTC 2019 /home/travis/build/icyphy/ptII/ptolemy/actor/lib/test/auto/ConstantPublisherPort6.xml
----------------- Instantiating /home/travis/build/icyphy/ptII/ptolemy/actor/lib/test/auto/ConstantPublisherPort6.xml
17 ms. Memory: 650240K Free: 308734K (47%)
----------------- Invoking toplevel() on ptolemy.moml.MoMLSimpleApplication@ec67b0d
----------------- Done invoking toplevel() on ptolemy.moml.MoMLSimpleApplication@ec67b0d
reloadAllAccessors: .ConstantPublisherPort6

===========================================================================================
----------------- testing Fri Jun 28 18:05:06 UTC 2019 /home/travis/build/icyphy/ptII/ptolemy/actor/lib/test/auto/ConstantPublisherPort7.xml
----------------- Instantiating /home/travis/build/icyphy/ptII/ptolemy/actor/lib/test/auto/ConstantPublisherPort7.xml
22 ms. Memory: 650240K Free: 300032K (46%)
----------------- Invoking toplevel() on ptolemy.moml.MoMLSimpleApplication@72e4713c
----------------- Done invoking toplevel() on ptolemy.moml.MoMLSimpleApplication@72e4713c
reloadAllAccessors: .ConstantPublisherPort7

===========================================================================================
----------------- testing Fri Jun 28 18:05:06 UTC 2019 /home/travis/build/icyphy/ptII/ptolemy/actor/lib/test/auto/ConstraintMonitor1.xml
----------------- Instantiating /home/travis/build/icyphy/ptII/ptolemy/actor/lib/test/auto/ConstraintMonitor1.xml
5 ms. Memory: 650240K Free: 294910K (45%)
----------------- Invoking toplevel() on ptolemy.moml.MoMLSimpleApplication@23a0f34a
----------------- Done invoking toplevel() on ptolemy.moml.MoMLSimpleApplication@23a0f34a
reloadAllAccessors: .ConstraintMonitor1

===========================================================================================
----------------- testing Fri Jun 28 18:05:06 UTC 2019 /home/travis/build/icyphy/ptII/ptolemy/actor/lib/test/auto/ConstraintMonitor2.xml
----------------- Instantiating /home/travis/build/icyphy/ptII/ptolemy/actor/lib/test/auto/ConstraintMonitor2.xml
5 ms. Memory: 650240K Free: 290302K (45%)
----------------- Invoking toplevel() on ptolemy.moml.MoMLSimpleApplication@2c885ca9
----------------- Done invoking toplevel() on ptolemy.moml.MoMLSimpleApplication@2c885ca9
reloadAllAccessors: .ConstraintMonitor2

===========================================================================================
----------------- testing Fri Jun 28 18:05:06 UTC 2019 /home/travis/build/icyphy/ptII/ptolemy/actor/lib/test/auto/ConstraintMonitor3.xml
----------------- Instantiating /home/travis/build/icyphy/ptII/ptolemy/actor/lib/test/auto/ConstraintMonitor3.xml
5 ms. Memory: 650240K Free: 285182K (44%)
----------------- Invoking toplevel() on ptolemy.moml.MoMLSimpleApplication@7163388e
----------------- Done invoking toplevel() on ptolemy.moml.MoMLSimpleApplication@7163388e
reloadAllAccessors: .ConstraintMonitor3

===========================================================================================
----------------- testing Fri Jun 28 18:05:07 UTC 2019 /home/travis/build/icyphy/ptII/ptolemy/actor/lib/test/auto/ConstraintMonitor4.xml
----------------- Instantiating /home/travis/build/icyphy/ptII/ptolemy/actor/lib/test/auto/ConstraintMonitor4.xml
2 ms. Memory: 650240K Free: 280062K (43%)
----------------- Invoking toplevel() on ptolemy.moml.MoMLSimpleApplication@583f2b8a
----------------- Done invoking toplevel() on ptolemy.moml.MoMLSimpleApplication@583f2b8a
reloadAllAccessors: .ConstraintMonitor4

===========================================================================================
----------------- testing Fri Jun 28 18:05:07 UTC 2019 /home/travis/build/icyphy/ptII/ptolemy/actor/lib/test/auto/ConstraintMonitor5.xml
----------------- Instantiating /home/travis/build/icyphy/ptII/ptolemy/actor/lib/test/auto/ConstraintMonitor5.xml
2 ms. Memory: 650240K Free: 274942K (42%)
----------------- Invoking toplevel() on ptolemy.moml.MoMLSimpleApplication@1f82ab0c
----------------- Done invoking toplevel() on ptolemy.moml.MoMLSimpleApplication@1f82ab0c
reloadAllAccessors: .ConstraintMonitor5

===========================================================================================
----------------- testing Fri Jun 28 18:05:07 UTC 2019 /home/travis/build/icyphy/ptII/ptolemy/actor/lib/test/auto/ConstraintMonitor6.xml
----------------- Instantiating /home/travis/build/icyphy/ptII/ptolemy/actor/lib/test/auto/ConstraintMonitor6.xml
3 ms. Memory: 650240K Free: 268288K (41%)
----------------- Invoking toplevel() on ptolemy.moml.MoMLSimpleApplication@705be562
----------------- Done invoking toplevel() on ptolemy.moml.MoMLSimpleApplication@705be562
reloadAllAccessors: .ConstraintMonitor6

===========================================================================================
----------------- testing Fri Jun 28 18:05:07 UTC 2019 /home/travis/build/icyphy/ptII/ptolemy/actor/lib/test/auto/ConstraintMonitor7.xml
----------------- Instantiating /home/travis/build/icyphy/ptII/ptolemy/actor/lib/test/auto/ConstraintMonitor7.xml
55 ms. Memory: 650240K Free: 602026K (93%)
----------------- Invoking toplevel() on ptolemy.moml.MoMLSimpleApplication@6b85ec8
----------------- Done invoking toplevel() on ptolemy.moml.MoMLSimpleApplication@6b85ec8
reloadAllAccessors: .ConstraintMonitor7

===========================================================================================
----------------- testing Fri Jun 28 18:05:07 UTC 2019 /home/travis/build/icyphy/ptII/ptolemy/actor/lib/test/auto/ConstraintMonitor8.xml
----------------- Instantiating /home/travis/build/icyphy/ptII/ptolemy/actor/lib/test/auto/ConstraintMonitor8.xml
3 ms. Memory: 650240K Free: 593911K (91%)
----------------- Invoking toplevel() on ptolemy.moml.MoMLSimpleApplication@4fb8cd46
----------------- Done invoking toplevel() on ptolemy.moml.MoMLSimpleApplication@4fb8cd46
reloadAllAccessors: .ConstraintMonitor8

===========================================================================================
----------------- testing Fri Jun 28 18:05:07 UTC 2019 /home/travis/build/icyphy/ptII/ptolemy/actor/lib/test/auto/Counter.xml
----------------- Instantiating /home/travis/build/icyphy/ptII/ptolemy/actor/lib/test/auto/Counter.xml
2 ms. Memory: 650240K Free: 588798K (91%)
----------------- Invoking toplevel() on ptolemy.moml.MoMLSimpleApplication@75453aae
----------------- Done invoking toplevel() on ptolemy.moml.MoMLSimpleApplication@75453aae
reloadAllAccessors: .Counter

===========================================================================================
----------------- testing Fri Jun 28 18:05:07 UTC 2019 /home/travis/build/icyphy/ptII/ptolemy/actor/lib/test/auto/CurrentTimeSDF.xml
----------------- Instantiating /home/travis/build/icyphy/ptII/ptolemy/actor/lib/test/auto/CurrentTimeSDF.xml
1 ms. Memory: 650240K Free: 585216K (90%)
----------------- Invoking toplevel() on ptolemy.moml.MoMLSimpleApplication@3802ca16
----------------- Done invoking toplevel() on ptolemy.moml.MoMLSimpleApplication@3802ca16
reloadAllAccessors: .CurrentTimeSDF

===========================================================================================
----------------- testing Fri Jun 28 18:05:07 UTC 2019 /home/travis/build/icyphy/ptII/ptolemy/actor/lib/test/auto/DB.xml
----------------- Instantiating /home/travis/build/icyphy/ptII/ptolemy/actor/lib/test/auto/DB.xml
2 ms. Memory: 650240K Free: 579582K (89%)
----------------- Invoking toplevel() on ptolemy.moml.MoMLSimpleApplication@108b5850
----------------- Done invoking toplevel() on ptolemy.moml.MoMLSimpleApplication@108b5850
reloadAllAccessors: .DB

===========================================================================================
----------------- testing Fri Jun 28 18:05:07 UTC 2019 /home/travis/build/icyphy/ptII/ptolemy/actor/lib/test/auto/DBDE.xml
----------------- Instantiating /home/travis/build/icyphy/ptII/ptolemy/actor/lib/test/auto/DBDE.xml
2 ms. Memory: 650240K Free: 573407K (88%)
----------------- Invoking toplevel() on ptolemy.moml.MoMLSimpleApplication@1077fbe9
----------------- Done invoking toplevel() on ptolemy.moml.MoMLSimpleApplication@1077fbe9
reloadAllAccessors: .DBDE

===========================================================================================
----------------- testing Fri Jun 28 18:05:07 UTC 2019 /home/travis/build/icyphy/ptII/ptolemy/actor/lib/test/auto/DateConstructor.xml
----------------- Instantiating /home/travis/build/icyphy/ptII/ptolemy/actor/lib/test/auto/DateConstructor.xml
29 ms. Memory: 650240K Free: 556030K (86%)
----------------- Invoking toplevel() on ptolemy.moml.MoMLSimpleApplication@26a1ff8a
----------------- Done invoking toplevel() on ptolemy.moml.MoMLSimpleApplication@26a1ff8a
reloadAllAccessors: .DateConstructor

===========================================================================================
----------------- testing Fri Jun 28 18:05:07 UTC 2019 /home/travis/build/icyphy/ptII/ptolemy/actor/lib/test/auto/DelayTime.xml
----------------- Instantiating /home/travis/build/icyphy/ptII/ptolemy/actor/lib/test/auto/DelayTime.xml
8 ms. Memory: 650240K Free: 550910K (85%)
----------------- Invoking toplevel() on ptolemy.moml.MoMLSimpleApplication@681b43d9
----------------- Done invoking toplevel() on ptolemy.moml.MoMLSimpleApplication@681b43d9
reloadAllAccessors: .DelayTime

===========================================================================================
----------------- testing Fri Jun 28 18:05:07 UTC 2019 /home/travis/build/icyphy/ptII/ptolemy/actor/lib/test/auto/Dictionary1.xml
----------------- Instantiating /home/travis/build/icyphy/ptII/ptolemy/actor/lib/test/auto/Dictionary1.xml
7 ms. Memory: 650240K Free: 545280K (84%)
----------------- Invoking toplevel() on ptolemy.moml.MoMLSimpleApplication@5d39a532
----------------- Done invoking toplevel() on ptolemy.moml.MoMLSimpleApplication@5d39a532
reloadAllAccessors: .Dictionary1

===========================================================================================
----------------- testing Fri Jun 28 18:05:07 UTC 2019 /home/travis/build/icyphy/ptII/ptolemy/actor/lib/test/auto/Dictionary2.xml
----------------- Instantiating /home/travis/build/icyphy/ptII/ptolemy/actor/lib/test/auto/Dictionary2.xml
5 ms. Memory: 650240K Free: 540160K (83%)
----------------- Invoking toplevel() on ptolemy.moml.MoMLSimpleApplication@3581c26f
----------------- Done invoking toplevel() on ptolemy.moml.MoMLSimpleApplication@3581c26f
reloadAllAccessors: .Dictionary2

===========================================================================================
----------------- testing Fri Jun 28 18:05:07 UTC 2019 /home/travis/build/icyphy/ptII/ptolemy/actor/lib/test/auto/Dictionary3.xml
----------------- Instantiating /home/travis/build/icyphy/ptII/ptolemy/actor/lib/test/auto/Dictionary3.xml
1 ms. Memory: 650240K Free: 534526K (82%)
----------------- Invoking toplevel() on ptolemy.moml.MoMLSimpleApplication@7dee0efc
----------------- Done invoking toplevel() on ptolemy.moml.MoMLSimpleApplication@7dee0efc
reloadAllAccessors: .Dictionary3

===========================================================================================
----------------- testing Fri Jun 28 18:05:07 UTC 2019 /home/travis/build/icyphy/ptII/ptolemy/actor/lib/test/auto/Dictionary4.xml
----------------- Instantiating /home/travis/build/icyphy/ptII/ptolemy/actor/lib/test/auto/Dictionary4.xml
3 ms. Memory: 650240K Free: 527351K (81%)
----------------- Invoking toplevel() on ptolemy.moml.MoMLSimpleApplication@25421c2e
----------------- Done invoking toplevel() on ptolemy.moml.MoMLSimpleApplication@25421c2e
reloadAllAccessors: .Dictionary4

===========================================================================================
----------------- testing Fri Jun 28 18:05:07 UTC 2019 /home/travis/build/icyphy/ptII/ptolemy/actor/lib/test/auto/Differential.xml
----------------- Instantiating /home/travis/build/icyphy/ptII/ptolemy/actor/lib/test/auto/Differential.xml
2 ms. Memory: 650240K Free: 523262K (80%)
----------------- Invoking toplevel() on ptolemy.moml.MoMLSimpleApplication@57bc613d
----------------- Done invoking toplevel() on ptolemy.moml.MoMLSimpleApplication@57bc613d
reloadAllAccessors: .Differential

===========================================================================================
----------------- testing Fri Jun 28 18:05:07 UTC 2019 /home/travis/build/icyphy/ptII/ptolemy/actor/lib/test/auto/Director.xml
----------------- Instantiating /home/travis/build/icyphy/ptII/ptolemy/actor/lib/test/auto/Director.xml
4 ms. Memory: 650240K Free: 519680K (80%)
----------------- Invoking toplevel() on ptolemy.moml.MoMLSimpleApplication@473b85ed
----------------- Done invoking toplevel() on ptolemy.moml.MoMLSimpleApplication@473b85ed
reloadAllAccessors: .Director

===========================================================================================
----------------- testing Fri Jun 28 18:05:07 UTC 2019 /home/travis/build/icyphy/ptII/ptolemy/actor/lib/test/auto/DiscreteClock.xml
----------------- Instantiating /home/travis/build/icyphy/ptII/ptolemy/actor/lib/test/auto/DiscreteClock.xml
2 ms. Memory: 650240K Free: 515584K (79%)
----------------- Invoking toplevel() on ptolemy.moml.MoMLSimpleApplication@77e0404
----------------- Done invoking toplevel() on ptolemy.moml.MoMLSimpleApplication@77e0404
reloadAllAccessors: .DiscreteClock

===========================================================================================
----------------- testing Fri Jun 28 18:05:07 UTC 2019 /home/travis/build/icyphy/ptII/ptolemy/actor/lib/test/auto/DiscreteClock10.xml
----------------- Instantiating /home/travis/build/icyphy/ptII/ptolemy/actor/lib/test/auto/DiscreteClock10.xml
5 ms. Memory: 650240K Free: 509440K (78%)
----------------- Invoking toplevel() on ptolemy.moml.MoMLSimpleApplication@3dfafaa3
----------------- Done invoking toplevel() on ptolemy.moml.MoMLSimpleApplication@3dfafaa3
reloadAllAccessors: .DiscreteClock10

===========================================================================================
----------------- testing Fri Jun 28 18:05:07 UTC 2019 /home/travis/build/icyphy/ptII/ptolemy/actor/lib/test/auto/DiscreteClock11.xml
----------------- Instantiating /home/travis/build/icyphy/ptII/ptolemy/actor/lib/test/auto/DiscreteClock11.xml
2 ms. Memory: 650240K Free: 503806K (77%)
----------------- Invoking toplevel() on ptolemy.moml.MoMLSimpleApplication@701bd782
----------------- Done invoking toplevel() on ptolemy.moml.MoMLSimpleApplication@701bd782
reloadAllAccessors: .DiscreteClock11

===========================================================================================
----------------- testing Fri Jun 28 18:05:07 UTC 2019 /home/travis/build/icyphy/ptII/ptolemy/actor/lib/test/auto/DiscreteClock12.xml
----------------- Instantiating /home/travis/build/icyphy/ptII/ptolemy/actor/lib/test/auto/DiscreteClock12.xml
3 ms. Memory: 650240K Free: 497662K (77%)
----------------- Invoking toplevel() on ptolemy.moml.MoMLSimpleApplication@50006774
----------------- Done invoking toplevel() on ptolemy.moml.MoMLSimpleApplication@50006774
reloadAllAccessors: .DiscreteClock12

===========================================================================================
----------------- testing Fri Jun 28 18:05:07 UTC 2019 /home/travis/build/icyphy/ptII/ptolemy/actor/lib/test/auto/DiscreteClock13.xml
----------------- Instantiating /home/travis/build/icyphy/ptII/ptolemy/actor/lib/test/auto/DiscreteClock13.xml
6 ms. Memory: 650240K Free: 491511K (76%)
----------------- Invoking toplevel() on ptolemy.moml.MoMLSimpleApplication@14100cb4
----------------- Done invoking toplevel() on ptolemy.moml.MoMLSimpleApplication@14100cb4
reloadAllAccessors: .DiscreteClock13

===========================================================================================
----------------- testing Fri Jun 28 18:05:07 UTC 2019 /home/travis/build/icyphy/ptII/ptolemy/actor/lib/test/auto/DiscreteClock14.xml
----------------- Instantiating /home/travis/build/icyphy/ptII/ptolemy/actor/lib/test/auto/DiscreteClock14.xml
7 ms. Memory: 650240K Free: 485343K (75%)
----------------- Invoking toplevel() on ptolemy.moml.MoMLSimpleApplication@68eef8f0
----------------- Done invoking toplevel() on ptolemy.moml.MoMLSimpleApplication@68eef8f0
reloadAllAccessors: .DiscreteClock14

===========================================================================================
----------------- testing Fri Jun 28 18:05:07 UTC 2019 /home/travis/build/icyphy/ptII/ptolemy/actor/lib/test/auto/DiscreteClock15.xml
----------------- Instantiating /home/travis/build/icyphy/ptII/ptolemy/actor/lib/test/auto/DiscreteClock15.xml
6 ms. Memory: 650240K Free: 479744K (74%)
----------------- Invoking toplevel() on ptolemy.moml.MoMLSimpleApplication@5a80f2e6
----------------- Done invoking toplevel() on ptolemy.moml.MoMLSimpleApplication@5a80f2e6
reloadAllAccessors: .DiscreteClock15

===========================================================================================
----------------- testing Fri Jun 28 18:05:07 UTC 2019 /home/travis/build/icyphy/ptII/ptolemy/actor/lib/test/auto/DiscreteClock16.xml
----------------- Instantiating /home/travis/build/icyphy/ptII/ptolemy/actor/lib/test/auto/DiscreteClock16.xml
21 ms. Memory: 650240K Free: 465918K (72%)
----------------- Invoking toplevel() on ptolemy.moml.MoMLSimpleApplication@4fb4d45
----------------- Done invoking toplevel() on ptolemy.moml.MoMLSimpleApplication@4fb4d45
reloadAllAccessors: .DiscreteClock16

===========================================================================================
----------------- testing Fri Jun 28 18:05:07 UTC 2019 /home/travis/build/icyphy/ptII/ptolemy/actor/lib/test/auto/DiscreteClock17.xml
----------------- Instantiating /home/travis/build/icyphy/ptII/ptolemy/actor/lib/test/auto/DiscreteClock17.xml
19 ms. Memory: 650240K Free: 451072K (69%)
----------------- Invoking toplevel() on ptolemy.moml.MoMLSimpleApplication@3a22ecd4
----------------- Done invoking toplevel() on ptolemy.moml.MoMLSimpleApplication@3a22ecd4
reloadAllAccessors: .DiscreteClock17

===========================================================================================
----------------- testing Fri Jun 28 18:05:07 UTC 2019 /home/travis/build/icyphy/ptII/ptolemy/actor/lib/test/auto/DiscreteClock18.xml
----------------- Instantiating /home/travis/build/icyphy/ptII/ptolemy/actor/lib/test/auto/DiscreteClock18.xml
25 ms. Memory: 650240K Free: 437246K (67%)
----------------- Invoking toplevel() on ptolemy.moml.MoMLSimpleApplication@752b24fa
----------------- Done invoking toplevel() on ptolemy.moml.MoMLSimpleApplication@752b24fa
reloadAllAccessors: .DiscreteClock18

===========================================================================================
----------------- testing Fri Jun 28 18:05:07 UTC 2019 /home/travis/build/icyphy/ptII/ptolemy/actor/lib/test/auto/DiscreteClock19.xml
----------------- Instantiating /home/travis/build/icyphy/ptII/ptolemy/actor/lib/test/auto/DiscreteClock19.xml
26 ms. Memory: 650240K Free: 423934K (65%)
----------------- Invoking toplevel() on ptolemy.moml.MoMLSimpleApplication@454bb50f
----------------- Done invoking toplevel() on ptolemy.moml.MoMLSimpleApplication@454bb50f
reloadAllAccessors: .DiscreteClock19

===========================================================================================
----------------- testing Fri Jun 28 18:05:07 UTC 2019 /home/travis/build/icyphy/ptII/ptolemy/actor/lib/test/auto/DiscreteClock2.xml
----------------- Instantiating /home/travis/build/icyphy/ptII/ptolemy/actor/lib/test/auto/DiscreteClock2.xml
6 ms. Memory: 650240K Free: 418783K (64%)
----------------- Invoking toplevel() on ptolemy.moml.MoMLSimpleApplication@200f06fb
----------------- Done invoking toplevel() on ptolemy.moml.MoMLSimpleApplication@200f06fb
reloadAllAccessors: .DiscreteClock2

===========================================================================================
----------------- testing Fri Jun 28 18:05:08 UTC 2019 /home/travis/build/icyphy/ptII/ptolemy/actor/lib/test/auto/DiscreteClock20.xml
----------------- Instantiating /home/travis/build/icyphy/ptII/ptolemy/actor/lib/test/auto/DiscreteClock20.xml
10 ms. Memory: 650240K Free: 413184K (64%)
----------------- Invoking toplevel() on ptolemy.moml.MoMLSimpleApplication@86e420
----------------- Done invoking toplevel() on ptolemy.moml.MoMLSimpleApplication@86e420
reloadAllAccessors: .DiscreteClock20

===========================================================================================
----------------- testing Fri Jun 28 18:05:08 UTC 2019 /home/travis/build/icyphy/ptII/ptolemy/actor/lib/test/auto/DiscreteClock21.xml
----------------- Instantiating /home/travis/build/icyphy/ptII/ptolemy/actor/lib/test/auto/DiscreteClock21.xml
7 ms. Memory: 650240K Free: 407550K (63%)
----------------- Invoking toplevel() on ptolemy.moml.MoMLSimpleApplication@4ea33230
----------------- Done invoking toplevel() on ptolemy.moml.MoMLSimpleApplication@4ea33230
reloadAllAccessors: .DiscreteClock21

===========================================================================================
----------------- testing Fri Jun 28 18:05:08 UTC 2019 /home/travis/build/icyphy/ptII/ptolemy/actor/lib/test/auto/DiscreteClock22.xml
----------------- Instantiating /home/travis/build/icyphy/ptII/ptolemy/actor/lib/test/auto/DiscreteClock22.xml
5 ms. Memory: 650240K Free: 402430K (62%)
----------------- Invoking toplevel() on ptolemy.moml.MoMLSimpleApplication@16ec358a
----------------- Done invoking toplevel() on ptolemy.moml.MoMLSimpleApplication@16ec358a
reloadAllAccessors: .DiscreteClock22

===========================================================================================
----------------- testing Fri Jun 28 18:05:08 UTC 2019 /home/travis/build/icyphy/ptII/ptolemy/actor/lib/test/auto/DiscreteClock23.xml
----------------- Instantiating /home/travis/build/icyphy/ptII/ptolemy/actor/lib/test/auto/DiscreteClock23.xml
10 ms. Memory: 650240K Free: 396800K (61%)
----------------- Invoking toplevel() on ptolemy.moml.MoMLSimpleApplication@2193635c
----------------- Done invoking toplevel() on ptolemy.moml.MoMLSimpleApplication@2193635c
reloadAllAccessors: .DiscreteClock23

===========================================================================================
----------------- testing Fri Jun 28 18:05:08 UTC 2019 /home/travis/build/icyphy/ptII/ptolemy/actor/lib/test/auto/DiscreteClock24.xml
----------------- Instantiating /home/travis/build/icyphy/ptII/ptolemy/actor/lib/test/auto/DiscreteClock24.xml
5 ms. Memory: 650240K Free: 391166K (60%)
----------------- Invoking toplevel() on ptolemy.moml.MoMLSimpleApplication@b215c6d
----------------- Done invoking toplevel() on ptolemy.moml.MoMLSimpleApplication@b215c6d
reloadAllAccessors: .DiscreteClock24

===========================================================================================
----------------- testing Fri Jun 28 18:05:08 UTC 2019 /home/travis/build/icyphy/ptII/ptolemy/actor/lib/test/auto/DiscreteClock4.xml
----------------- Instantiating /home/travis/build/icyphy/ptII/ptolemy/actor/lib/test/auto/DiscreteClock4.xml
5 ms. Memory: 650240K Free: 385536K (59%)
----------------- Invoking toplevel() on ptolemy.moml.MoMLSimpleApplication@7b9c3f6d
----------------- Done invoking toplevel() on ptolemy.moml.MoMLSimpleApplication@7b9c3f6d
reloadAllAccessors: .DiscreteClock4

===========================================================================================
----------------- testing Fri Jun 28 18:05:08 UTC 2019 /home/travis/build/icyphy/ptII/ptolemy/actor/lib/test/auto/DiscreteClock5.xml
----------------- Instantiating /home/travis/build/icyphy/ptII/ptolemy/actor/lib/test/auto/DiscreteClock5.xml
1 ms. Memory: 650240K Free: 380416K (59%)
----------------- Invoking toplevel() on ptolemy.moml.MoMLSimpleApplication@16d1fb4e
----------------- Done invoking toplevel() on ptolemy.moml.MoMLSimpleApplication@16d1fb4e
reloadAllAccessors: .DiscreteClock5

===========================================================================================
----------------- testing Fri Jun 28 18:05:08 UTC 2019 /home/travis/build/icyphy/ptII/ptolemy/actor/lib/test/auto/DiscreteClock6.xml
----------------- Instantiating /home/travis/build/icyphy/ptII/ptolemy/actor/lib/test/auto/DiscreteClock6.xml
1 ms. Memory: 650240K Free: 375806K (58%)
----------------- Invoking toplevel() on ptolemy.moml.MoMLSimpleApplication@1c18d814
----------------- Done invoking toplevel() on ptolemy.moml.MoMLSimpleApplication@1c18d814
reloadAllAccessors: .DiscreteClock6

===========================================================================================
----------------- testing Fri Jun 28 18:05:08 UTC 2019 /home/travis/build/icyphy/ptII/ptolemy/actor/lib/test/auto/DiscreteClock7.xml
----------------- Instantiating /home/travis/build/icyphy/ptII/ptolemy/actor/lib/test/auto/DiscreteClock7.xml
2 ms. Memory: 650240K Free: 370686K (57%)
----------------- Invoking toplevel() on ptolemy.moml.MoMLSimpleApplication@54a47824
----------------- Done invoking toplevel() on ptolemy.moml.MoMLSimpleApplication@54a47824
reloadAllAccessors: .DiscreteClock7

===========================================================================================
----------------- testing Fri Jun 28 18:05:08 UTC 2019 /home/travis/build/icyphy/ptII/ptolemy/actor/lib/test/auto/DiscreteClock8.xml
----------------- Instantiating /home/travis/build/icyphy/ptII/ptolemy/actor/lib/test/auto/DiscreteClock8.xml
6 ms. Memory: 650240K Free: 365056K (56%)
----------------- Invoking toplevel() on ptolemy.moml.MoMLSimpleApplication@27ea2d41
----------------- Done invoking toplevel() on ptolemy.moml.MoMLSimpleApplication@27ea2d41
reloadAllAccessors: .DiscreteClock8

===========================================================================================
----------------- testing Fri Jun 28 18:05:08 UTC 2019 /home/travis/build/icyphy/ptII/ptolemy/actor/lib/test/auto/DiscreteClock9.xml
----------------- Instantiating /home/travis/build/icyphy/ptII/ptolemy/actor/lib/test/auto/DiscreteClock9.xml
5 ms. Memory: 650240K Free: 359407K (55%)
----------------- Invoking toplevel() on ptolemy.moml.MoMLSimpleApplication@6a6bb260
----------------- Done invoking toplevel() on ptolemy.moml.MoMLSimpleApplication@6a6bb260
reloadAllAccessors: .DiscreteClock9

===========================================================================================
----------------- testing Fri Jun 28 18:05:08 UTC 2019 /home/travis/build/icyphy/ptII/ptolemy/actor/lib/test/auto/DisplayArray.xml
----------------- Instantiating /home/travis/build/icyphy/ptII/ptolemy/actor/lib/test/auto/DisplayArray.xml
1 ms. Memory: 650240K Free: 356350K (55%)
----------------- Invoking toplevel() on ptolemy.moml.MoMLSimpleApplication@67760186
----------------- Done invoking toplevel() on ptolemy.moml.MoMLSimpleApplication@67760186
reloadAllAccessors: .DisplayArray

===========================================================================================
----------------- testing Fri Jun 28 18:05:08 UTC 2019 /home/travis/build/icyphy/ptII/ptolemy/actor/lib/test/auto/Distributor.xml
----------------- Instantiating /home/travis/build/icyphy/ptII/ptolemy/actor/lib/test/auto/Distributor.xml
2 ms. Memory: 650240K Free: 351230K (54%)
----------------- Invoking toplevel() on ptolemy.moml.MoMLSimpleApplication@4e1861a8
----------------- Done invoking toplevel() on ptolemy.moml.MoMLSimpleApplication@4e1861a8
reloadAllAccessors: .Distributor

===========================================================================================
----------------- testing Fri Jun 28 18:05:08 UTC 2019 /home/travis/build/icyphy/ptII/ptolemy/actor/lib/test/auto/Distributor2.xml
----------------- Instantiating /home/travis/build/icyphy/ptII/ptolemy/actor/lib/test/auto/Distributor2.xml
2 ms. Memory: 650240K Free: 346110K (53%)
----------------- Invoking toplevel() on ptolemy.moml.MoMLSimpleApplication@7dacc48a
----------------- Done invoking toplevel() on ptolemy.moml.MoMLSimpleApplication@7dacc48a
reloadAllAccessors: .Distributor2

===========================================================================================
----------------- testing Fri Jun 28 18:05:08 UTC 2019 /home/travis/build/icyphy/ptII/ptolemy/actor/lib/test/auto/DownSample.xml
----------------- Instantiating /home/travis/build/icyphy/ptII/ptolemy/actor/lib/test/auto/DownSample.xml
1 ms. Memory: 650240K Free: 341504K (53%)
----------------- Invoking toplevel() on ptolemy.moml.MoMLSimpleApplication@576cbed
----------------- Done invoking toplevel() on ptolemy.moml.MoMLSimpleApplication@576cbed
reloadAllAccessors: .DownSample

===========================================================================================
----------------- testing Fri Jun 28 18:05:08 UTC 2019 /home/travis/build/icyphy/ptII/ptolemy/actor/lib/test/auto/ElectronicUnitBase1.xml
----------------- Instantiating /home/travis/build/icyphy/ptII/ptolemy/actor/lib/test/auto/ElectronicUnitBase1.xml
20 ms. Memory: 650240K Free: 325630K (50%)
----------------- Invoking toplevel() on ptolemy.moml.MoMLSimpleApplication@7729d27
----------------- Done invoking toplevel() on ptolemy.moml.MoMLSimpleApplication@7729d27
reloadAllAccessors: .ElectronicUnitBase1

===========================================================================================
----------------- testing Fri Jun 28 18:05:08 UTC 2019 /home/travis/build/icyphy/ptII/ptolemy/actor/lib/test/auto/ElementsToArray.xml
----------------- Instantiating /home/travis/build/icyphy/ptII/ptolemy/actor/lib/test/auto/ElementsToArray.xml
3 ms. Memory: 650240K Free: 321024K (49%)
----------------- Invoking toplevel() on ptolemy.moml.MoMLSimpleApplication@789d009b
----------------- Done invoking toplevel() on ptolemy.moml.MoMLSimpleApplication@789d009b
reloadAllAccessors: .ElementsToArray

===========================================================================================
----------------- testing Fri Jun 28 18:05:08 UTC 2019 /home/travis/build/icyphy/ptII/ptolemy/actor/lib/test/auto/Equals.xml
----------------- Instantiating /home/travis/build/icyphy/ptII/ptolemy/actor/lib/test/auto/Equals.xml
3 ms. Memory: 650240K Free: 316414K (49%)
----------------- Invoking toplevel() on ptolemy.moml.MoMLSimpleApplication@2860ce1e
----------------- Done invoking toplevel() on ptolemy.moml.MoMLSimpleApplication@2860ce1e
reloadAllAccessors: .Equals

===========================================================================================
----------------- testing Fri Jun 28 18:05:08 UTC 2019 /home/travis/build/icyphy/ptII/ptolemy/actor/lib/test/auto/Exec.xml
----------------- Instantiating /home/travis/build/icyphy/ptII/ptolemy/actor/lib/test/auto/Exec.xml
28 ms. Memory: 650240K Free: 311806K (48%)
----------------- Invoking toplevel() on ptolemy.moml.MoMLSimpleApplication@3e1376c4
----------------- Done invoking toplevel() on ptolemy.moml.MoMLSimpleApplication@3e1376c4
reloadAllAccessors: .Exec

===========================================================================================
----------------- testing Fri Jun 28 18:05:08 UTC 2019 /home/travis/build/icyphy/ptII/ptolemy/actor/lib/test/auto/ExecEnvironment.xml
----------------- Instantiating /home/travis/build/icyphy/ptII/ptolemy/actor/lib/test/auto/ExecEnvironment.xml
34 ms. Memory: 650240K Free: 306174K (47%)
----------------- Invoking toplevel() on ptolemy.moml.MoMLSimpleApplication@3c069994
----------------- Done invoking toplevel() on ptolemy.moml.MoMLSimpleApplication@3c069994
reloadAllAccessors: .ExecEnvironment

===========================================================================================
----------------- testing Fri Jun 28 18:05:08 UTC 2019 /home/travis/build/icyphy/ptII/ptolemy/actor/lib/test/auto/ExecNonZeroReturnOutput.xml
----------------- Instantiating /home/travis/build/icyphy/ptII/ptolemy/actor/lib/test/auto/ExecNonZeroReturnOutput.xml
204 ms. Memory: 650240K Free: 294400K (45%)
----------------- Invoking toplevel() on ptolemy.moml.MoMLSimpleApplication@4d66caee
----------------- Done invoking toplevel() on ptolemy.moml.MoMLSimpleApplication@4d66caee
reloadAllAccessors: .ExecNonZeroReturnOutput

===========================================================================================
----------------- testing Fri Jun 28 18:05:08 UTC 2019 /home/travis/build/icyphy/ptII/ptolemy/actor/lib/test/auto/ExecRunDemos.xml
----------------- Instantiating /home/travis/build/icyphy/ptII/ptolemy/actor/lib/test/auto/ExecRunDemos.xml
11586 ms. Memory: 650240K Free: 274944K (42%)

===========================================================================================
----------------- testing Fri Jun 28 18:05:20 UTC 2019 /home/travis/build/icyphy/ptII/ptolemy/actor/lib/test/auto/ExecStop.xml
----------------- Instantiating /home/travis/build/icyphy/ptII/ptolemy/actor/lib/test/auto/ExecStop.xml
5020 ms. Memory: 650240K Free: 551672K (85%)
----------------- Invoking toplevel() on ptolemy.moml.MoMLSimpleApplication@79dfa5d4
----------------- Done invoking toplevel() on ptolemy.moml.MoMLSimpleApplication@79dfa5d4
reloadAllAccessors: .ExecStop

===========================================================================================
----------------- testing Fri Jun 28 18:05:25 UTC 2019 /home/travis/build/icyphy/ptII/ptolemy/actor/lib/test/auto/ExecutionTimeSDF.xml
----------------- Instantiating /home/travis/build/icyphy/ptII/ptolemy/actor/lib/test/auto/ExecutionTimeSDF.xml
Fired ExecutionTime: 1997200000
Fired ExecutionTime: 1071200000
Fired ExecutionTime: -1088967296
6011 ms. Memory: 650240K Free: 539119K (83%)
----------------- Invoking toplevel() on ptolemy.moml.MoMLSimpleApplication@4231615c
----------------- Done invoking toplevel() on ptolemy.moml.MoMLSimpleApplication@4231615c
reloadAllAccessors: .ExecutionTimeSDF

===========================================================================================
----------------- testing Fri Jun 28 18:05:31 UTC 2019 /home/travis/build/icyphy/ptII/ptolemy/actor/lib/test/auto/Expression1.xml
----------------- Instantiating /home/travis/build/icyphy/ptII/ptolemy/actor/lib/test/auto/Expression1.xml
5 ms. Memory: 650240K Free: 535552K (82%)
----------------- Invoking toplevel() on ptolemy.moml.MoMLSimpleApplication@39c828c7
----------------- Done invoking toplevel() on ptolemy.moml.MoMLSimpleApplication@39c828c7
reloadAllAccessors: .Expression1

===========================================================================================
----------------- testing Fri Jun 28 18:05:31 UTC 2019 /home/travis/build/icyphy/ptII/ptolemy/actor/lib/test/auto/Expression10.xml
----------------- Instantiating /home/travis/build/icyphy/ptII/ptolemy/actor/lib/test/auto/Expression10.xml
11 ms. Memory: 650240K Free: 529918K (81%)
----------------- Invoking toplevel() on ptolemy.moml.MoMLSimpleApplication@c6595e6
----------------- Done invoking toplevel() on ptolemy.moml.MoMLSimpleApplication@c6595e6
reloadAllAccessors: .Expression10

===========================================================================================
----------------- testing Fri Jun 28 18:05:31 UTC 2019 /home/travis/build/icyphy/ptII/ptolemy/actor/lib/test/auto/Expression11.xml
----------------- Instantiating /home/travis/build/icyphy/ptII/ptolemy/actor/lib/test/auto/Expression11.xml
2 ms. Memory: 650240K Free: 524798K (81%)
----------------- Invoking toplevel() on ptolemy.moml.MoMLSimpleApplication@71b11d46
----------------- Done invoking toplevel() on ptolemy.moml.MoMLSimpleApplication@71b11d46
reloadAllAccessors: .Expression11

===========================================================================================
----------------- testing Fri Jun 28 18:05:31 UTC 2019 /home/travis/build/icyphy/ptII/ptolemy/actor/lib/test/auto/Expression12.xml
----------------- Instantiating /home/travis/build/icyphy/ptII/ptolemy/actor/lib/test/auto/Expression12.xml
2 ms. Memory: 650240K Free: 519168K (80%)
----------------- Invoking toplevel() on ptolemy.moml.MoMLSimpleApplication@7b019742
----------------- Done invoking toplevel() on ptolemy.moml.MoMLSimpleApplication@7b019742
reloadAllAccessors: .Expression12

===========================================================================================
----------------- testing Fri Jun 28 18:05:31 UTC 2019 /home/travis/build/icyphy/ptII/ptolemy/actor/lib/test/auto/Expression13.xml
----------------- Instantiating /home/travis/build/icyphy/ptII/ptolemy/actor/lib/test/auto/Expression13.xml
4 ms. Memory: 650240K Free: 514558K (79%)
----------------- Invoking toplevel() on ptolemy.moml.MoMLSimpleApplication@1b20367c
----------------- Done invoking toplevel() on ptolemy.moml.MoMLSimpleApplication@1b20367c
reloadAllAccessors: .Expression13

===========================================================================================
----------------- testing Fri Jun 28 18:05:31 UTC 2019 /home/travis/build/icyphy/ptII/ptolemy/actor/lib/test/auto/Expression14.xml
----------------- Instantiating /home/travis/build/icyphy/ptII/ptolemy/actor/lib/test/auto/Expression14.xml
10 ms. Memory: 650240K Free: 508414K (78%)
----------------- Invoking toplevel() on ptolemy.moml.MoMLSimpleApplication@81433ed
----------------- Done invoking toplevel() on ptolemy.moml.MoMLSimpleApplication@81433ed
reloadAllAccessors: .Expression14

===========================================================================================
----------------- testing Fri Jun 28 18:05:31 UTC 2019 /home/travis/build/icyphy/ptII/ptolemy/actor/lib/test/auto/Expression15.xml
----------------- Instantiating /home/travis/build/icyphy/ptII/ptolemy/actor/lib/test/auto/Expression15.xml
1 ms. Memory: 650240K Free: 504832K (78%)
----------------- Invoking toplevel() on ptolemy.moml.MoMLSimpleApplication@15b559ad
----------------- Done invoking toplevel() on ptolemy.moml.MoMLSimpleApplication@15b559ad
reloadAllAccessors: .Expression15

===========================================================================================
----------------- testing Fri Jun 28 18:05:31 UTC 2019 /home/travis/build/icyphy/ptII/ptolemy/actor/lib/test/auto/Expression16.xml
----------------- Instantiating /home/travis/build/icyphy/ptII/ptolemy/actor/lib/test/auto/Expression16.xml
4 ms. Memory: 650240K Free: 499712K (77%)
----------------- Invoking toplevel() on ptolemy.moml.MoMLSimpleApplication@6dffc216
----------------- Done invoking toplevel() on ptolemy.moml.MoMLSimpleApplication@6dffc216
reloadAllAccessors: .Expression16

===========================================================================================
----------------- testing Fri Jun 28 18:05:31 UTC 2019 /home/travis/build/icyphy/ptII/ptolemy/actor/lib/test/auto/Expression17.xml
----------------- Instantiating /home/travis/build/icyphy/ptII/ptolemy/actor/lib/test/auto/Expression17.xml
3 ms. Memory: 650240K Free: 494592K (76%)
----------------- Invoking toplevel() on ptolemy.moml.MoMLSimpleApplication@35fa8b70
----------------- Done invoking toplevel() on ptolemy.moml.MoMLSimpleApplication@35fa8b70
reloadAllAccessors: .Expression17

===========================================================================================
----------------- testing Fri Jun 28 18:05:31 UTC 2019 /home/travis/build/icyphy/ptII/ptolemy/actor/lib/test/auto/Expression18.xml
----------------- Instantiating /home/travis/build/icyphy/ptII/ptolemy/actor/lib/test/auto/Expression18.xml
2 ms. Memory: 650240K Free: 489982K (75%)
----------------- Invoking toplevel() on ptolemy.moml.MoMLSimpleApplication@407b4c8
----------------- Done invoking toplevel() on ptolemy.moml.MoMLSimpleApplication@407b4c8
reloadAllAccessors: .Expression18

===========================================================================================
----------------- testing Fri Jun 28 18:05:31 UTC 2019 /home/travis/build/icyphy/ptII/ptolemy/actor/lib/test/auto/Expression2.xml
----------------- Instantiating /home/travis/build/icyphy/ptII/ptolemy/actor/lib/test/auto/Expression2.xml
3 ms. Memory: 650240K Free: 484352K (74%)
----------------- Invoking toplevel() on ptolemy.moml.MoMLSimpleApplication@54d34476
----------------- Done invoking toplevel() on ptolemy.moml.MoMLSimpleApplication@54d34476
reloadAllAccessors: .Expression2

===========================================================================================
----------------- testing Fri Jun 28 18:05:31 UTC 2019 /home/travis/build/icyphy/ptII/ptolemy/actor/lib/test/auto/Expression3.xml
----------------- Instantiating /home/travis/build/icyphy/ptII/ptolemy/actor/lib/test/auto/Expression3.xml
7 ms. Memory: 650240K Free: 479232K (74%)
----------------- Invoking toplevel() on ptolemy.moml.MoMLSimpleApplication@8b9c730
----------------- Done invoking toplevel() on ptolemy.moml.MoMLSimpleApplication@8b9c730
reloadAllAccessors: .Expression3

===========================================================================================
----------------- testing Fri Jun 28 18:05:31 UTC 2019 /home/travis/build/icyphy/ptII/ptolemy/actor/lib/test/auto/Expression4.xml
----------------- Instantiating /home/travis/build/icyphy/ptII/ptolemy/actor/lib/test/auto/Expression4.xml
8 ms. Memory: 650240K Free: 471535K (73%)
----------------- Invoking toplevel() on ptolemy.moml.MoMLSimpleApplication@2faee2c
----------------- Done invoking toplevel() on ptolemy.moml.MoMLSimpleApplication@2faee2c
reloadAllAccessors: .Expression4

===========================================================================================
----------------- testing Fri Jun 28 18:05:31 UTC 2019 /home/travis/build/icyphy/ptII/ptolemy/actor/lib/test/auto/Expression5.xml
----------------- Instantiating /home/travis/build/icyphy/ptII/ptolemy/actor/lib/test/auto/Expression5.xml
7 ms. Memory: 650240K Free: 466430K (72%)
----------------- Invoking toplevel() on ptolemy.moml.MoMLSimpleApplication@13d5290
----------------- Done invoking toplevel() on ptolemy.moml.MoMLSimpleApplication@13d5290
reloadAllAccessors: .Expression5

===========================================================================================
----------------- testing Fri Jun 28 18:05:31 UTC 2019 /home/travis/build/icyphy/ptII/ptolemy/actor/lib/test/auto/Expression6.xml
----------------- Instantiating /home/travis/build/icyphy/ptII/ptolemy/actor/lib/test/auto/Expression6.xml
3 ms. Memory: 650240K Free: 461824K (71%)
----------------- Invoking toplevel() on ptolemy.moml.MoMLSimpleApplication@3f6e7f38
----------------- Done invoking toplevel() on ptolemy.moml.MoMLSimpleApplication@3f6e7f38
reloadAllAccessors: .Expression6

===========================================================================================
----------------- testing Fri Jun 28 18:05:31 UTC 2019 /home/travis/build/icyphy/ptII/ptolemy/actor/lib/test/auto/Expression7.xml
----------------- Instantiating /home/travis/build/icyphy/ptII/ptolemy/actor/lib/test/auto/Expression7.xml
4 ms. Memory: 650240K Free: 457214K (70%)
----------------- Invoking toplevel() on ptolemy.moml.MoMLSimpleApplication@33bda4c1
----------------- Done invoking toplevel() on ptolemy.moml.MoMLSimpleApplication@33bda4c1
reloadAllAccessors: .Expression7

===========================================================================================
----------------- testing Fri Jun 28 18:05:31 UTC 2019 /home/travis/build/icyphy/ptII/ptolemy/actor/lib/test/auto/Expression8.xml
----------------- Instantiating /home/travis/build/icyphy/ptII/ptolemy/actor/lib/test/auto/Expression8.xml
13 ms. Memory: 650240K Free: 452094K (70%)
----------------- Invoking toplevel() on ptolemy.moml.MoMLSimpleApplication@bd542ac
----------------- Done invoking toplevel() on ptolemy.moml.MoMLSimpleApplication@bd542ac
reloadAllAccessors: .Expression8

===========================================================================================
----------------- testing Fri Jun 28 18:05:31 UTC 2019 /home/travis/build/icyphy/ptII/ptolemy/actor/lib/test/auto/Expression9.xml
----------------- Instantiating /home/travis/build/icyphy/ptII/ptolemy/actor/lib/test/auto/Expression9.xml
1 ms. Memory: 650240K Free: 447998K (69%)
----------------- Invoking toplevel() on ptolemy.moml.MoMLSimpleApplication@144bb44e
----------------- Done invoking toplevel() on ptolemy.moml.MoMLSimpleApplication@144bb44e
reloadAllAccessors: .Expression9

===========================================================================================
----------------- testing Fri Jun 28 18:05:31 UTC 2019 /home/travis/build/icyphy/ptII/ptolemy/actor/lib/test/auto/ExpressionConcatenateArrayType.xml
----------------- Instantiating /home/travis/build/icyphy/ptII/ptolemy/actor/lib/test/auto/ExpressionConcatenateArrayType.xml
4 ms. Memory: 650240K Free: 441344K (68%)
----------------- Invoking toplevel() on ptolemy.moml.MoMLSimpleApplication@7729ed5e
----------------- Done invoking toplevel() on ptolemy.moml.MoMLSimpleApplication@7729ed5e
reloadAllAccessors: .ExpressionConcatenateArrayType

===========================================================================================
----------------- testing Fri Jun 28 18:05:32 UTC 2019 /home/travis/build/icyphy/ptII/ptolemy/actor/lib/test/auto/ExpressionConcatenateArrayType2.xml
----------------- Instantiating /home/travis/build/icyphy/ptII/ptolemy/actor/lib/test/auto/ExpressionConcatenateArrayType2.xml
3 ms. Memory: 650240K Free: 435710K (67%)
----------------- Invoking toplevel() on ptolemy.moml.MoMLSimpleApplication@7e84cfaf
----------------- Done invoking toplevel() on ptolemy.moml.MoMLSimpleApplication@7e84cfaf
reloadAllAccessors: .ExpressionConcatenateArrayType2

===========================================================================================
----------------- testing Fri Jun 28 18:05:32 UTC 2019 /home/travis/build/icyphy/ptII/ptolemy/actor/lib/test/auto/ExpressionFix.xml
----------------- Instantiating /home/travis/build/icyphy/ptII/ptolemy/actor/lib/test/auto/ExpressionFix.xml
24 ms. Memory: 650240K Free: 429056K (66%)
----------------- Invoking toplevel() on ptolemy.moml.MoMLSimpleApplication@6f8cde47
----------------- Done invoking toplevel() on ptolemy.moml.MoMLSimpleApplication@6f8cde47
reloadAllAccessors: .ExpressionFix

===========================================================================================
----------------- testing Fri Jun 28 18:05:32 UTC 2019 /home/travis/build/icyphy/ptII/ptolemy/actor/lib/test/auto/ExpressionFix2.xml
----------------- Instantiating /home/travis/build/icyphy/ptII/ptolemy/actor/lib/test/auto/ExpressionFix2.xml
5 ms. Memory: 650240K Free: 425470K (65%)
----------------- Invoking toplevel() on ptolemy.moml.MoMLSimpleApplication@46151be0
----------------- Done invoking toplevel() on ptolemy.moml.MoMLSimpleApplication@46151be0
reloadAllAccessors: .ExpressionFix2

===========================================================================================
----------------- testing Fri Jun 28 18:05:32 UTC 2019 /home/travis/build/icyphy/ptII/ptolemy/actor/lib/test/auto/ExpressionFix3.xml
----------------- Instantiating /home/travis/build/icyphy/ptII/ptolemy/actor/lib/test/auto/ExpressionFix3.xml
3 ms. Memory: 650240K Free: 420864K (65%)
----------------- Invoking toplevel() on ptolemy.moml.MoMLSimpleApplication@78a96a3c
----------------- Done invoking toplevel() on ptolemy.moml.MoMLSimpleApplication@78a96a3c
reloadAllAccessors: .ExpressionFix3

===========================================================================================
----------------- testing Fri Jun 28 18:05:32 UTC 2019 /home/travis/build/icyphy/ptII/ptolemy/actor/lib/test/auto/FileWriter1.xml
----------------- Instantiating /home/travis/build/icyphy/ptII/ptolemy/actor/lib/test/auto/FileWriter1.xml
2 ms. Memory: 650240K Free: 416768K (64%)
----------------- Invoking toplevel() on ptolemy.moml.MoMLSimpleApplication@6968acf7
----------------- Done invoking toplevel() on ptolemy.moml.MoMLSimpleApplication@6968acf7
reloadAllAccessors: .FileWriter1

===========================================================================================
----------------- testing Fri Jun 28 18:05:32 UTC 2019 /home/travis/build/icyphy/ptII/ptolemy/actor/lib/test/auto/FileWriter2.xml
----------------- Instantiating /home/travis/build/icyphy/ptII/ptolemy/actor/lib/test/auto/FileWriter2.xml
8 ms. Memory: 650240K Free: 412158K (63%)
----------------- Invoking toplevel() on ptolemy.moml.MoMLSimpleApplication@2e65b8e3
----------------- Done invoking toplevel() on ptolemy.moml.MoMLSimpleApplication@2e65b8e3
reloadAllAccessors: .FileWriter2

===========================================================================================
----------------- testing Fri Jun 28 18:05:32 UTC 2019 /home/travis/build/icyphy/ptII/ptolemy/actor/lib/test/auto/FileWriter3.xml
----------------- Instantiating /home/travis/build/icyphy/ptII/ptolemy/actor/lib/test/auto/FileWriter3.xml
9 ms. Memory: 650240K Free: 408062K (63%)
----------------- Invoking toplevel() on ptolemy.moml.MoMLSimpleApplication@3784dc5e
----------------- Done invoking toplevel() on ptolemy.moml.MoMLSimpleApplication@3784dc5e
reloadAllAccessors: .FileWriter3

===========================================================================================
----------------- testing Fri Jun 28 18:05:32 UTC 2019 /home/travis/build/icyphy/ptII/ptolemy/actor/lib/test/auto/Gaussian.xml
----------------- Instantiating /home/travis/build/icyphy/ptII/ptolemy/actor/lib/test/auto/Gaussian.xml
3 ms. Memory: 650240K Free: 403456K (62%)
----------------- Invoking toplevel() on ptolemy.moml.MoMLSimpleApplication@2f5e47f7
----------------- Done invoking toplevel() on ptolemy.moml.MoMLSimpleApplication@2f5e47f7
reloadAllAccessors: .Gaussian

===========================================================================================
----------------- testing Fri Jun 28 18:05:32 UTC 2019 /home/travis/build/icyphy/ptII/ptolemy/actor/lib/test/auto/Gaussian1.xml
----------------- Instantiating /home/travis/build/icyphy/ptII/ptolemy/actor/lib/test/auto/Gaussian1.xml
2 ms. Memory: 650240K Free: 398336K (61%)
----------------- Invoking toplevel() on ptolemy.moml.MoMLSimpleApplication@705e3bd4
----------------- Done invoking toplevel() on ptolemy.moml.MoMLSimpleApplication@705e3bd4
reloadAllAccessors: .Gaussian1

===========================================================================================
----------------- testing Fri Jun 28 18:05:32 UTC 2019 /home/travis/build/icyphy/ptII/ptolemy/actor/lib/test/auto/Gaussian2.xml
----------------- Instantiating /home/travis/build/icyphy/ptII/ptolemy/actor/lib/test/auto/Gaussian2.xml
2 ms. Memory: 650240K Free: 392687K (60%)
----------------- Invoking toplevel() on ptolemy.moml.MoMLSimpleApplication@231c251c
----------------- Done invoking toplevel() on ptolemy.moml.MoMLSimpleApplication@231c251c
reloadAllAccessors: .Gaussian2

===========================================================================================
----------------- testing Fri Jun 28 18:05:32 UTC 2019 /home/travis/build/icyphy/ptII/ptolemy/actor/lib/test/auto/GradientAdaptiveLattice.xml
----------------- Instantiating /home/travis/build/icyphy/ptII/ptolemy/actor/lib/test/auto/GradientAdaptiveLattice.xml
11 ms. Memory: 650240K Free: 387582K (60%)
----------------- Invoking toplevel() on ptolemy.moml.MoMLSimpleApplication@3130e1b
----------------- Done invoking toplevel() on ptolemy.moml.MoMLSimpleApplication@3130e1b
reloadAllAccessors: .GradientAdaptiveLattice

===========================================================================================
----------------- testing Fri Jun 28 18:05:32 UTC 2019 /home/travis/build/icyphy/ptII/ptolemy/actor/lib/test/auto/IIR.xml
----------------- Instantiating /home/travis/build/icyphy/ptII/ptolemy/actor/lib/test/auto/IIR.xml
1 ms. Memory: 650240K Free: 382976K (59%)
----------------- Invoking toplevel() on ptolemy.moml.MoMLSimpleApplication@29b182e1
----------------- Done invoking toplevel() on ptolemy.moml.MoMLSimpleApplication@29b182e1
reloadAllAccessors: .IIR

===========================================================================================
----------------- testing Fri Jun 28 18:05:32 UTC 2019 /home/travis/build/icyphy/ptII/ptolemy/actor/lib/test/auto/InputOutputTransparentPorts.xml
----------------- Instantiating /home/travis/build/icyphy/ptII/ptolemy/actor/lib/test/auto/InputOutputTransparentPorts.xml
2 ms. Memory: 650240K Free: 375294K (58%)
----------------- Invoking toplevel() on ptolemy.moml.MoMLSimpleApplication@3f316683
----------------- Done invoking toplevel() on ptolemy.moml.MoMLSimpleApplication@3f316683
reloadAllAccessors: .InputOutputTransparentPorts

===========================================================================================
----------------- testing Fri Jun 28 18:05:32 UTC 2019 /home/travis/build/icyphy/ptII/ptolemy/actor/lib/test/auto/Interpolator.xml
----------------- Instantiating /home/travis/build/icyphy/ptII/ptolemy/actor/lib/test/auto/Interpolator.xml
5 ms. Memory: 650240K Free: 371198K (57%)
----------------- Invoking toplevel() on ptolemy.moml.MoMLSimpleApplication@63b9cd3c
----------------- Done invoking toplevel() on ptolemy.moml.MoMLSimpleApplication@63b9cd3c
reloadAllAccessors: .Interpolator

===========================================================================================
----------------- testing Fri Jun 28 18:05:32 UTC 2019 /home/travis/build/icyphy/ptII/ptolemy/actor/lib/test/auto/InterpolatorFiringLimitDE.xml
----------------- Instantiating /home/travis/build/icyphy/ptII/ptolemy/actor/lib/test/auto/InterpolatorFiringLimitDE.xml
2 ms. Memory: 650240K Free: 365054K (56%)
----------------- Invoking toplevel() on ptolemy.moml.MoMLSimpleApplication@246bd031
----------------- Done invoking toplevel() on ptolemy.moml.MoMLSimpleApplication@246bd031
reloadAllAccessors: .InterpolatorFiringLimitDE

===========================================================================================
----------------- testing Fri Jun 28 18:05:32 UTC 2019 /home/travis/build/icyphy/ptII/ptolemy/actor/lib/test/auto/Lattice.xml
----------------- Instantiating /home/travis/build/icyphy/ptII/ptolemy/actor/lib/test/auto/Lattice.xml
1 ms. Memory: 650240K Free: 360958K (56%)
----------------- Invoking toplevel() on ptolemy.moml.MoMLSimpleApplication@58b23192
----------------- Done invoking toplevel() on ptolemy.moml.MoMLSimpleApplication@58b23192
reloadAllAccessors: .Lattice

===========================================================================================
----------------- testing Fri Jun 28 18:05:32 UTC 2019 /home/travis/build/icyphy/ptII/ptolemy/actor/lib/test/auto/LazyAOCTestLazy.xml
----------------- Instantiating /home/travis/build/icyphy/ptII/ptolemy/actor/lib/test/auto/LazyAOCTestLazy.xml
19 ms. Memory: 650240K Free: 355328K (55%)
----------------- Invoking toplevel() on ptolemy.moml.MoMLSimpleApplication@2e7f7988
----------------- Done invoking toplevel() on ptolemy.moml.MoMLSimpleApplication@2e7f7988
reloadAllAccessors: .LazyAOCTestLazy

===========================================================================================
----------------- testing Fri Jun 28 18:05:32 UTC 2019 /home/travis/build/icyphy/ptII/ptolemy/actor/lib/test/auto/LazyAOCTestNonLazy.xml
----------------- Instantiating /home/travis/build/icyphy/ptII/ptolemy/actor/lib/test/auto/LazyAOCTestNonLazy.xml
2 ms. Memory: 650240K Free: 348670K (54%)
----------------- Invoking toplevel() on ptolemy.moml.MoMLSimpleApplication@1e89c168
----------------- Done invoking toplevel() on ptolemy.moml.MoMLSimpleApplication@1e89c168
reloadAllAccessors: .LazyAOCTestNonLazy

===========================================================================================
----------------- testing Fri Jun 28 18:05:32 UTC 2019 /home/travis/build/icyphy/ptII/ptolemy/actor/lib/test/auto/LazyInnerClass.xml
----------------- Instantiating /home/travis/build/icyphy/ptII/ptolemy/actor/lib/test/auto/LazyInnerClass.xml
23 ms. Memory: 650240K Free: 339968K (52%)
----------------- Invoking toplevel() on ptolemy.moml.MoMLSimpleApplication@2768e06a
----------------- Done invoking toplevel() on ptolemy.moml.MoMLSimpleApplication@2768e06a
reloadAllAccessors: .LazyInnerClass

===========================================================================================
----------------- testing Fri Jun 28 18:05:32 UTC 2019 /home/travis/build/icyphy/ptII/ptolemy/actor/lib/test/auto/LazyPubSub.xml
----------------- Instantiating /home/travis/build/icyphy/ptII/ptolemy/actor/lib/test/auto/LazyPubSub.xml
28 ms. Memory: 650240K Free: 329728K (51%)
----------------- Invoking toplevel() on ptolemy.moml.MoMLSimpleApplication@506eddcc
----------------- Done invoking toplevel() on ptolemy.moml.MoMLSimpleApplication@506eddcc
reloadAllAccessors: .LazyPubSub

===========================================================================================
----------------- testing Fri Jun 28 18:05:32 UTC 2019 /home/travis/build/icyphy/ptII/ptolemy/actor/lib/test/auto/LazyPubSub2.xml
----------------- Instantiating /home/travis/build/icyphy/ptII/ptolemy/actor/lib/test/auto/LazyPubSub2.xml
29 ms. Memory: 650240K Free: 318974K (49%)
----------------- Invoking toplevel() on ptolemy.moml.MoMLSimpleApplication@286334f8
----------------- Done invoking toplevel() on ptolemy.moml.MoMLSimpleApplication@286334f8
reloadAllAccessors: .LazyPubSub2

===========================================================================================
----------------- testing Fri Jun 28 18:05:32 UTC 2019 /home/travis/build/icyphy/ptII/ptolemy/actor/lib/test/auto/LazyPubSub3.xml
----------------- Instantiating /home/travis/build/icyphy/ptII/ptolemy/actor/lib/test/auto/LazyPubSub3.xml
17 ms. Memory: 650240K Free: 308734K (47%)
----------------- Invoking toplevel() on ptolemy.moml.MoMLSimpleApplication@577ccd00
----------------- Done invoking toplevel() on ptolemy.moml.MoMLSimpleApplication@577ccd00
reloadAllAccessors: .LazyPubSub3

===========================================================================================
----------------- testing Fri Jun 28 18:05:32 UTC 2019 /home/travis/build/icyphy/ptII/ptolemy/actor/lib/test/auto/LazySubClassModel.xml
----------------- Instantiating /home/travis/build/icyphy/ptII/ptolemy/actor/lib/test/auto/LazySubClassModel.xml
3 ms. Memory: 650240K Free: 299008K (46%)
----------------- Invoking toplevel() on ptolemy.moml.MoMLSimpleApplication@51860728
----------------- Done invoking toplevel() on ptolemy.moml.MoMLSimpleApplication@51860728
reloadAllAccessors: .LazySubClassModel

===========================================================================================
----------------- testing Fri Jun 28 18:05:32 UTC 2019 /home/travis/build/icyphy/ptII/ptolemy/actor/lib/test/auto/LevelCrossTest1.xml
----------------- Instantiating /home/travis/build/icyphy/ptII/ptolemy/actor/lib/test/auto/LevelCrossTest1.xml
1 ms. Memory: 650240K Free: 293374K (45%)
----------------- Invoking toplevel() on ptolemy.moml.MoMLSimpleApplication@5d94fc9f
----------------- Done invoking toplevel() on ptolemy.moml.MoMLSimpleApplication@5d94fc9f
reloadAllAccessors: .broken

===========================================================================================
----------------- testing Fri Jun 28 18:05:32 UTC 2019 /home/travis/build/icyphy/ptII/ptolemy/actor/lib/test/auto/LevelCrossTest10.xml
----------------- Instantiating /home/travis/build/icyphy/ptII/ptolemy/actor/lib/test/auto/LevelCrossTest10.xml
2 ms. Memory: 650240K Free: 285696K (44%)
----------------- Invoking toplevel() on ptolemy.moml.MoMLSimpleApplication@426284be
----------------- Done invoking toplevel() on ptolemy.moml.MoMLSimpleApplication@426284be
reloadAllAccessors: .LevelCrossTest10

===========================================================================================
----------------- testing Fri Jun 28 18:05:32 UTC 2019 /home/travis/build/icyphy/ptII/ptolemy/actor/lib/test/auto/LevelCrossTest11.xml
----------------- Instantiating /home/travis/build/icyphy/ptII/ptolemy/actor/lib/test/auto/LevelCrossTest11.xml
2 ms. Memory: 650240K Free: 279038K (43%)
----------------- Invoking toplevel() on ptolemy.moml.MoMLSimpleApplication@5057d43a
----------------- Done invoking toplevel() on ptolemy.moml.MoMLSimpleApplication@5057d43a
reloadAllAccessors: .LevelCrossTest11

===========================================================================================
----------------- testing Fri Jun 28 18:05:32 UTC 2019 /home/travis/build/icyphy/ptII/ptolemy/actor/lib/test/auto/LevelCrossTest12.xml
----------------- Instantiating /home/travis/build/icyphy/ptII/ptolemy/actor/lib/test/auto/LevelCrossTest12.xml
1 ms. Memory: 650240K Free: 271870K (42%)
----------------- Invoking toplevel() on ptolemy.moml.MoMLSimpleApplication@4e13a7fe
----------------- Done invoking toplevel() on ptolemy.moml.MoMLSimpleApplication@4e13a7fe
reloadAllAccessors: .LevelCrossTest12

===========================================================================================
----------------- testing Fri Jun 28 18:05:32 UTC 2019 /home/travis/build/icyphy/ptII/ptolemy/actor/lib/test/auto/LevelCrossTest13.xml
----------------- Instantiating /home/travis/build/icyphy/ptII/ptolemy/actor/lib/test/auto/LevelCrossTest13.xml
2 ms. Memory: 650240K Free: 264702K (41%)
----------------- Invoking toplevel() on ptolemy.moml.MoMLSimpleApplication@2e32a134
----------------- Done invoking toplevel() on ptolemy.moml.MoMLSimpleApplication@2e32a134
reloadAllAccessors: .LevelCrossTest13

===========================================================================================
----------------- testing Fri Jun 28 18:05:32 UTC 2019 /home/travis/build/icyphy/ptII/ptolemy/actor/lib/test/auto/LevelCrossTest2.xml
----------------- Instantiating /home/travis/build/icyphy/ptII/ptolemy/actor/lib/test/auto/LevelCrossTest2.xml
2 ms. Memory: 650240K Free: 258558K (40%)
----------------- Invoking toplevel() on ptolemy.moml.MoMLSimpleApplication@1a8f577f
----------------- Done invoking toplevel() on ptolemy.moml.MoMLSimpleApplication@1a8f577f
reloadAllAccessors: .broken

===========================================================================================
----------------- testing Fri Jun 28 18:05:32 UTC 2019 /home/travis/build/icyphy/ptII/ptolemy/actor/lib/test/auto/LevelCrossTest3.xml
----------------- Instantiating /home/travis/build/icyphy/ptII/ptolemy/actor/lib/test/auto/LevelCrossTest3.xml
1 ms. Memory: 650240K Free: 251904K (39%)
----------------- Invoking toplevel() on ptolemy.moml.MoMLSimpleApplication@7cc0bb7a
----------------- Done invoking toplevel() on ptolemy.moml.MoMLSimpleApplication@7cc0bb7a
reloadAllAccessors: .LevelCrossTest3

===========================================================================================
----------------- testing Fri Jun 28 18:05:32 UTC 2019 /home/travis/build/icyphy/ptII/ptolemy/actor/lib/test/auto/LevelCrossTest4.xml
----------------- Instantiating /home/travis/build/icyphy/ptII/ptolemy/actor/lib/test/auto/LevelCrossTest4.xml
1 ms. Memory: 650240K Free: 246270K (38%)
----------------- Invoking toplevel() on ptolemy.moml.MoMLSimpleApplication@446f1c50
----------------- Done invoking toplevel() on ptolemy.moml.MoMLSimpleApplication@446f1c50
reloadAllAccessors: .broken

===========================================================================================
----------------- testing Fri Jun 28 18:05:32 UTC 2019 /home/travis/build/icyphy/ptII/ptolemy/actor/lib/test/auto/LevelCrossTest5.xml
----------------- Instantiating /home/travis/build/icyphy/ptII/ptolemy/actor/lib/test/auto/LevelCrossTest5.xml
12 ms. Memory: 650240K Free: 239616K (37%)
----------------- Invoking toplevel() on ptolemy.moml.MoMLSimpleApplication@36b6d47d
----------------- Done invoking toplevel() on ptolemy.moml.MoMLSimpleApplication@36b6d47d
reloadAllAccessors: .LevelCrossTest5

===========================================================================================
----------------- testing Fri Jun 28 18:05:32 UTC 2019 /home/travis/build/icyphy/ptII/ptolemy/actor/lib/test/auto/LevelCrossTest6.xml
----------------- Instantiating /home/travis/build/icyphy/ptII/ptolemy/actor/lib/test/auto/LevelCrossTest6.xml
2 ms. Memory: 650240K Free: 232958K (36%)
----------------- Invoking toplevel() on ptolemy.moml.MoMLSimpleApplication@62243931
----------------- Done invoking toplevel() on ptolemy.moml.MoMLSimpleApplication@62243931
reloadAllAccessors: .LevelCrossTest6

===========================================================================================
----------------- testing Fri Jun 28 18:05:33 UTC 2019 /home/travis/build/icyphy/ptII/ptolemy/actor/lib/test/auto/LevelCrossTest7.xml
----------------- Instantiating /home/travis/build/icyphy/ptII/ptolemy/actor/lib/test/auto/LevelCrossTest7.xml
2 ms. Memory: 650240K Free: 225790K (35%)
----------------- Invoking toplevel() on ptolemy.moml.MoMLSimpleApplication@4d7b69c1
----------------- Done invoking toplevel() on ptolemy.moml.MoMLSimpleApplication@4d7b69c1
reloadAllAccessors: .LevelCrossTest7

===========================================================================================
----------------- testing Fri Jun 28 18:05:33 UTC 2019 /home/travis/build/icyphy/ptII/ptolemy/actor/lib/test/auto/LevelCrossTest8.xml
----------------- Instantiating /home/travis/build/icyphy/ptII/ptolemy/actor/lib/test/auto/LevelCrossTest8.xml
1 ms. Memory: 650240K Free: 597504K (92%)
----------------- Invoking toplevel() on ptolemy.moml.MoMLSimpleApplication@5695d443
----------------- Done invoking toplevel() on ptolemy.moml.MoMLSimpleApplication@5695d443
reloadAllAccessors: .LevelCrossTest8

===========================================================================================
----------------- testing Fri Jun 28 18:05:33 UTC 2019 /home/travis/build/icyphy/ptII/ptolemy/actor/lib/test/auto/LevelCrossTest9.xml
----------------- Instantiating /home/travis/build/icyphy/ptII/ptolemy/actor/lib/test/auto/LevelCrossTest9.xml
1 ms. Memory: 650240K Free: 590846K (91%)
----------------- Invoking toplevel() on ptolemy.moml.MoMLSimpleApplication@4f0e9346
----------------- Done invoking toplevel() on ptolemy.moml.MoMLSimpleApplication@4f0e9346
reloadAllAccessors: .LevelCrossTest9

===========================================================================================
----------------- testing Fri Jun 28 18:05:33 UTC 2019 /home/travis/build/icyphy/ptII/ptolemy/actor/lib/test/auto/LevinsonDurbin.xml
----------------- Instantiating /home/travis/build/icyphy/ptII/ptolemy/actor/lib/test/auto/LevinsonDurbin.xml
2 ms. Memory: 650240K Free: 586750K (90%)
----------------- Invoking toplevel() on ptolemy.moml.MoMLSimpleApplication@8a6ef5e
----------------- Done invoking toplevel() on ptolemy.moml.MoMLSimpleApplication@8a6ef5e
reloadAllAccessors: .LevinsonDurbin

===========================================================================================
----------------- testing Fri Jun 28 18:05:33 UTC 2019 /home/travis/build/icyphy/ptII/ptolemy/actor/lib/test/auto/LevinsonDurbin2.xml
----------------- Instantiating /home/travis/build/icyphy/ptII/ptolemy/actor/lib/test/auto/LevinsonDurbin2.xml
7 ms. Memory: 650240K Free: 582654K (90%)
----------------- Invoking toplevel() on ptolemy.moml.MoMLSimpleApplication@2f4592e2
----------------- Done invoking toplevel() on ptolemy.moml.MoMLSimpleApplication@2f4592e2
reloadAllAccessors: .LevinsonDurbin2

===========================================================================================
----------------- testing Fri Jun 28 18:05:33 UTC 2019 /home/travis/build/icyphy/ptII/ptolemy/actor/lib/test/auto/LevinsonDurbin3.xml
----------------- Instantiating /home/travis/build/icyphy/ptII/ptolemy/actor/lib/test/auto/LevinsonDurbin3.xml
2 ms. Memory: 650240K Free: 578558K (89%)
----------------- Invoking toplevel() on ptolemy.moml.MoMLSimpleApplication@2c1eab81
----------------- Done invoking toplevel() on ptolemy.moml.MoMLSimpleApplication@2c1eab81
reloadAllAccessors: .LevinsonDurbin3

===========================================================================================
----------------- testing Fri Jun 28 18:05:33 UTC 2019 /home/travis/build/icyphy/ptII/ptolemy/actor/lib/test/auto/Limiter.xml
----------------- Instantiating /home/travis/build/icyphy/ptII/ptolemy/actor/lib/test/auto/Limiter.xml
7 ms. Memory: 650240K Free: 569335K (88%)
----------------- Invoking toplevel() on ptolemy.moml.MoMLSimpleApplication@65415632
----------------- Done invoking toplevel() on ptolemy.moml.MoMLSimpleApplication@65415632
reloadAllAccessors: .Limiter

===========================================================================================
----------------- testing Fri Jun 28 18:05:33 UTC 2019 /home/travis/build/icyphy/ptII/ptolemy/actor/lib/test/auto/LinearDifferenceEquationSystem.xml
----------------- Instantiating /home/travis/build/icyphy/ptII/ptolemy/actor/lib/test/auto/LinearDifferenceEquationSystem.xml
4 ms. Memory: 650240K Free: 562174K (86%)
----------------- Invoking toplevel() on ptolemy.moml.MoMLSimpleApplication@6d330edd
----------------- Done invoking toplevel() on ptolemy.moml.MoMLSimpleApplication@6d330edd
reloadAllAccessors: .LinearDifferenceEquationSystem

===========================================================================================
----------------- testing Fri Jun 28 18:05:33 UTC 2019 /home/travis/build/icyphy/ptII/ptolemy/actor/lib/test/auto/LookupTable.xml
----------------- Instantiating /home/travis/build/icyphy/ptII/ptolemy/actor/lib/test/auto/LookupTable.xml
1 ms. Memory: 650240K Free: 557568K (86%)
----------------- Invoking toplevel() on ptolemy.moml.MoMLSimpleApplication@372b14a4
----------------- Done invoking toplevel() on ptolemy.moml.MoMLSimpleApplication@372b14a4
reloadAllAccessors: .LookupTable

===========================================================================================
----------------- testing Fri Jun 28 18:05:33 UTC 2019 /home/travis/build/icyphy/ptII/ptolemy/actor/lib/test/auto/MathFunction.xml
----------------- Instantiating /home/travis/build/icyphy/ptII/ptolemy/actor/lib/test/auto/MathFunction.xml
3 ms. Memory: 650240K Free: 549376K (84%)
----------------- Invoking toplevel() on ptolemy.moml.MoMLSimpleApplication@cb911b
----------------- Done invoking toplevel() on ptolemy.moml.MoMLSimpleApplication@cb911b
reloadAllAccessors: .MathFunction

===========================================================================================
----------------- testing Fri Jun 28 18:05:33 UTC 2019 /home/travis/build/icyphy/ptII/ptolemy/actor/lib/test/auto/MathFunction2.xml
----------------- Instantiating /home/travis/build/icyphy/ptII/ptolemy/actor/lib/test/auto/MathFunction2.xml
1 ms. Memory: 650240K Free: 545280K (84%)
----------------- Invoking toplevel() on ptolemy.moml.MoMLSimpleApplication@7435481
----------------- Done invoking toplevel() on ptolemy.moml.MoMLSimpleApplication@7435481
reloadAllAccessors: .MathFunction2

===========================================================================================
----------------- testing Fri Jun 28 18:05:33 UTC 2019 /home/travis/build/icyphy/ptII/ptolemy/actor/lib/test/auto/MathFunction3.xml
----------------- Instantiating /home/travis/build/icyphy/ptII/ptolemy/actor/lib/test/auto/MathFunction3.xml
6 ms. Memory: 650240K Free: 538112K (83%)
----------------- Invoking toplevel() on ptolemy.moml.MoMLSimpleApplication@700ce813
----------------- Done invoking toplevel() on ptolemy.moml.MoMLSimpleApplication@700ce813
reloadAllAccessors: .MathFunction3

===========================================================================================
----------------- testing Fri Jun 28 18:05:33 UTC 2019 /home/travis/build/icyphy/ptII/ptolemy/actor/lib/test/auto/MatrixCropBoolean.xml
----------------- Instantiating /home/travis/build/icyphy/ptII/ptolemy/actor/lib/test/auto/MatrixCropBoolean.xml
2 ms. Memory: 650240K Free: 532992K (82%)
----------------- Invoking toplevel() on ptolemy.moml.MoMLSimpleApplication@4dabb5f7
----------------- Done invoking toplevel() on ptolemy.moml.MoMLSimpleApplication@4dabb5f7
reloadAllAccessors: .MatrixCropBoolean

===========================================================================================
----------------- testing Fri Jun 28 18:05:33 UTC 2019 /home/travis/build/icyphy/ptII/ptolemy/actor/lib/test/auto/MatrixCropComplex.xml
----------------- Instantiating /home/travis/build/icyphy/ptII/ptolemy/actor/lib/test/auto/MatrixCropComplex.xml
2 ms. Memory: 650240K Free: 527872K (81%)
----------------- Invoking toplevel() on ptolemy.moml.MoMLSimpleApplication@f2f87fa
----------------- Done invoking toplevel() on ptolemy.moml.MoMLSimpleApplication@f2f87fa
reloadAllAccessors: .MatrixCropComplex

===========================================================================================
----------------- testing Fri Jun 28 18:05:33 UTC 2019 /home/travis/build/icyphy/ptII/ptolemy/actor/lib/test/auto/MatrixCropDouble.xml
----------------- Instantiating /home/travis/build/icyphy/ptII/ptolemy/actor/lib/test/auto/MatrixCropDouble.xml
2 ms. Memory: 650240K Free: 522752K (80%)
----------------- Invoking toplevel() on ptolemy.moml.MoMLSimpleApplication@3ba56949
----------------- Done invoking toplevel() on ptolemy.moml.MoMLSimpleApplication@3ba56949
reloadAllAccessors: .MatrixCropDouble

===========================================================================================
----------------- testing Fri Jun 28 18:05:33 UTC 2019 /home/travis/build/icyphy/ptII/ptolemy/actor/lib/test/auto/MatrixCropFix.xml
----------------- Instantiating /home/travis/build/icyphy/ptII/ptolemy/actor/lib/test/auto/MatrixCropFix.xml
3 ms. Memory: 650240K Free: 517632K (80%)
----------------- Invoking toplevel() on ptolemy.moml.MoMLSimpleApplication@669c27c7
----------------- Done invoking toplevel() on ptolemy.moml.MoMLSimpleApplication@669c27c7
reloadAllAccessors: .MatrixCropFix

===========================================================================================
----------------- testing Fri Jun 28 18:05:33 UTC 2019 /home/travis/build/icyphy/ptII/ptolemy/actor/lib/test/auto/MatrixCropInt.xml
----------------- Instantiating /home/travis/build/icyphy/ptII/ptolemy/actor/lib/test/auto/MatrixCropInt.xml
2 ms. Memory: 650240K Free: 513015K (79%)
----------------- Invoking toplevel() on ptolemy.moml.MoMLSimpleApplication@4ebbed3e
----------------- Done invoking toplevel() on ptolemy.moml.MoMLSimpleApplication@4ebbed3e
reloadAllAccessors: .MatrixCropInt

===========================================================================================
----------------- testing Fri Jun 28 18:05:33 UTC 2019 /home/travis/build/icyphy/ptII/ptolemy/actor/lib/test/auto/MatrixCropLong.xml
----------------- Instantiating /home/travis/build/icyphy/ptII/ptolemy/actor/lib/test/auto/MatrixCropLong.xml
2 ms. Memory: 650240K Free: 507871K (78%)
----------------- Invoking toplevel() on ptolemy.moml.MoMLSimpleApplication@61cf9404
----------------- Done invoking toplevel() on ptolemy.moml.MoMLSimpleApplication@61cf9404
reloadAllAccessors: .MatrixCropLong

===========================================================================================
----------------- testing Fri Jun 28 18:05:33 UTC 2019 /home/travis/build/icyphy/ptII/ptolemy/actor/lib/test/auto/MatrixToArray.xml
----------------- Instantiating /home/travis/build/icyphy/ptII/ptolemy/actor/lib/test/auto/MatrixToArray.xml
7 ms. Memory: 650240K Free: 492542K (76%)
----------------- Invoking toplevel() on ptolemy.moml.MoMLSimpleApplication@29e9539e
----------------- Done invoking toplevel() on ptolemy.moml.MoMLSimpleApplication@29e9539e
reloadAllAccessors: .MatrixToArray

===========================================================================================
----------------- testing Fri Jun 28 18:05:33 UTC 2019 /home/travis/build/icyphy/ptII/ptolemy/actor/lib/test/auto/MaxIndex.xml
----------------- Instantiating /home/travis/build/icyphy/ptII/ptolemy/actor/lib/test/auto/MaxIndex.xml
2 ms. Memory: 650240K Free: 487422K (75%)
----------------- Invoking toplevel() on ptolemy.moml.MoMLSimpleApplication@16456ef8
----------------- Done invoking toplevel() on ptolemy.moml.MoMLSimpleApplication@16456ef8
reloadAllAccessors: .MaxIndex

===========================================================================================
----------------- testing Fri Jun 28 18:05:33 UTC 2019 /home/travis/build/icyphy/ptII/ptolemy/actor/lib/test/auto/Maximum.xml
----------------- Instantiating /home/travis/build/icyphy/ptII/ptolemy/actor/lib/test/auto/Maximum.xml
3 ms. Memory: 650240K Free: 480768K (74%)
----------------- Invoking toplevel() on ptolemy.moml.MoMLSimpleApplication@3aa66ecc
----------------- Done invoking toplevel() on ptolemy.moml.MoMLSimpleApplication@3aa66ecc
reloadAllAccessors: .Maximum

===========================================================================================
----------------- testing Fri Jun 28 18:05:33 UTC 2019 /home/travis/build/icyphy/ptII/ptolemy/actor/lib/test/auto/MaximumComplex.xml
----------------- Instantiating /home/travis/build/icyphy/ptII/ptolemy/actor/lib/test/auto/MaximumComplex.xml
7 ms. Memory: 650240K Free: 474624K (73%)
----------------- Invoking toplevel() on ptolemy.moml.MoMLSimpleApplication@1cb78a37
----------------- Done invoking toplevel() on ptolemy.moml.MoMLSimpleApplication@1cb78a37
reloadAllAccessors: .MaximumComplex

===========================================================================================
----------------- testing Fri Jun 28 18:05:33 UTC 2019 /home/travis/build/icyphy/ptII/ptolemy/actor/lib/test/auto/MethodCallTest.xml
----------------- Instantiating /home/travis/build/icyphy/ptII/ptolemy/actor/lib/test/auto/MethodCallTest.xml
2 ms. Memory: 650240K Free: 467966K (72%)
----------------- Invoking toplevel() on ptolemy.moml.MoMLSimpleApplication@2e7dc73c
----------------- Done invoking toplevel() on ptolemy.moml.MoMLSimpleApplication@2e7dc73c
reloadAllAccessors: .MethodCallTest

===========================================================================================
----------------- testing Fri Jun 28 18:05:33 UTC 2019 /home/travis/build/icyphy/ptII/ptolemy/actor/lib/test/auto/Minimum.xml
----------------- Instantiating /home/travis/build/icyphy/ptII/ptolemy/actor/lib/test/auto/Minimum.xml
3 ms. Memory: 650240K Free: 461312K (71%)
----------------- Invoking toplevel() on ptolemy.moml.MoMLSimpleApplication@6b09b5b8
----------------- Done invoking toplevel() on ptolemy.moml.MoMLSimpleApplication@6b09b5b8
reloadAllAccessors: .Minimum

===========================================================================================
----------------- testing Fri Jun 28 18:05:33 UTC 2019 /home/travis/build/icyphy/ptII/ptolemy/actor/lib/test/auto/MinimumComplex.xml
----------------- Instantiating /home/travis/build/icyphy/ptII/ptolemy/actor/lib/test/auto/MinimumComplex.xml
4 ms. Memory: 650240K Free: 455168K (70%)
----------------- Invoking toplevel() on ptolemy.moml.MoMLSimpleApplication@2ec87e94
----------------- Done invoking toplevel() on ptolemy.moml.MoMLSimpleApplication@2ec87e94
reloadAllAccessors: .MinimumComplex

===========================================================================================
----------------- testing Fri Jun 28 18:05:33 UTC 2019 /home/travis/build/icyphy/ptII/ptolemy/actor/lib/test/auto/MinimumMultiports.xml
----------------- Instantiating /home/travis/build/icyphy/ptII/ptolemy/actor/lib/test/auto/MinimumMultiports.xml
5 ms. Memory: 650240K Free: 446447K (69%)
----------------- Invoking toplevel() on ptolemy.moml.MoMLSimpleApplication@3c91e08b
----------------- Done invoking toplevel() on ptolemy.moml.MoMLSimpleApplication@3c91e08b
reloadAllAccessors: .MinimumMultiports

===========================================================================================
----------------- testing Fri Jun 28 18:05:33 UTC 2019 /home/travis/build/icyphy/ptII/ptolemy/actor/lib/test/auto/ModifyDate.xml
----------------- Instantiating /home/travis/build/icyphy/ptII/ptolemy/actor/lib/test/auto/ModifyDate.xml
11 ms. Memory: 650240K Free: 433150K (67%)
----------------- Invoking toplevel() on ptolemy.moml.MoMLSimpleApplication@71908d03
----------------- Done invoking toplevel() on ptolemy.moml.MoMLSimpleApplication@71908d03
reloadAllAccessors: .ModifyDate

===========================================================================================
----------------- testing Fri Jun 28 18:05:33 UTC 2019 /home/travis/build/icyphy/ptII/ptolemy/actor/lib/test/auto/ModifyDate2.xml
----------------- Instantiating /home/travis/build/icyphy/ptII/ptolemy/actor/lib/test/auto/ModifyDate2.xml
5 ms. Memory: 650240K Free: 424448K (65%)
----------------- Invoking toplevel() on ptolemy.moml.MoMLSimpleApplication@f318d8a
----------------- Done invoking toplevel() on ptolemy.moml.MoMLSimpleApplication@f318d8a
reloadAllAccessors: .ModifyDate2

===========================================================================================
----------------- testing Fri Jun 28 18:05:33 UTC 2019 /home/travis/build/icyphy/ptII/ptolemy/actor/lib/test/auto/MovingAverage.xml
----------------- Instantiating /home/travis/build/icyphy/ptII/ptolemy/actor/lib/test/auto/MovingAverage.xml
2 ms. Memory: 650240K Free: 419328K (64%)
----------------- Invoking toplevel() on ptolemy.moml.MoMLSimpleApplication@5b961ca7
----------------- Done invoking toplevel() on ptolemy.moml.MoMLSimpleApplication@5b961ca7
reloadAllAccessors: .MovingAverage

===========================================================================================
----------------- testing Fri Jun 28 18:05:33 UTC 2019 /home/travis/build/icyphy/ptII/ptolemy/actor/lib/test/auto/MovingMaximum.xml
----------------- Instantiating /home/travis/build/icyphy/ptII/ptolemy/actor/lib/test/auto/MovingMaximum.xml
1 ms. Memory: 650240K Free: 414718K (64%)
----------------- Invoking toplevel() on ptolemy.moml.MoMLSimpleApplication@376170bf
----------------- Done invoking toplevel() on ptolemy.moml.MoMLSimpleApplication@376170bf
reloadAllAccessors: .MovingMaximum

===========================================================================================
----------------- testing Fri Jun 28 18:05:33 UTC 2019 /home/travis/build/icyphy/ptII/ptolemy/actor/lib/test/auto/MultipleLinksToSameRelation.xml
----------------- Instantiating /home/travis/build/icyphy/ptII/ptolemy/actor/lib/test/auto/MultipleLinksToSameRelation.xml
3 ms. Memory: 650240K Free: 410622K (63%)
----------------- Invoking toplevel() on ptolemy.moml.MoMLSimpleApplication@4c1f771c
----------------- Done invoking toplevel() on ptolemy.moml.MoMLSimpleApplication@4c1f771c
reloadAllAccessors: .MultipleLinksToSameRelation

===========================================================================================
----------------- testing Fri Jun 28 18:05:33 UTC 2019 /home/travis/build/icyphy/ptII/ptolemy/actor/lib/test/auto/MultipleLinksToSameRelationDE.xml
----------------- Instantiating /home/travis/build/icyphy/ptII/ptolemy/actor/lib/test/auto/MultipleLinksToSameRelationDE.xml
12 ms. Memory: 650240K Free: 406016K (62%)
----------------- Invoking toplevel() on ptolemy.moml.MoMLSimpleApplication@85b91bd
----------------- Done invoking toplevel() on ptolemy.moml.MoMLSimpleApplication@85b91bd
reloadAllAccessors: .MultipleLinksToSameRelationDE

===========================================================================================
----------------- testing Fri Jun 28 18:05:33 UTC 2019 /home/travis/build/icyphy/ptII/ptolemy/actor/lib/test/auto/Multiplexor.xml
----------------- Instantiating /home/travis/build/icyphy/ptII/ptolemy/actor/lib/test/auto/Multiplexor.xml
2 ms. Memory: 650240K Free: 400382K (62%)
----------------- Invoking toplevel() on ptolemy.moml.MoMLSimpleApplication@406be41e
----------------- Done invoking toplevel() on ptolemy.moml.MoMLSimpleApplication@406be41e
reloadAllAccessors: .Multiplexor

===========================================================================================
----------------- testing Fri Jun 28 18:05:33 UTC 2019 /home/travis/build/icyphy/ptII/ptolemy/actor/lib/test/auto/Multiplexor1.xml
----------------- Instantiating /home/travis/build/icyphy/ptII/ptolemy/actor/lib/test/auto/Multiplexor1.xml
2 ms. Memory: 650240K Free: 394752K (61%)
----------------- Invoking toplevel() on ptolemy.moml.MoMLSimpleApplication@76678ec
----------------- Done invoking toplevel() on ptolemy.moml.MoMLSimpleApplication@76678ec
reloadAllAccessors: .Multiplexor1

===========================================================================================
----------------- testing Fri Jun 28 18:05:33 UTC 2019 /home/travis/build/icyphy/ptII/ptolemy/actor/lib/test/auto/Multiplexor2.xml
----------------- Instantiating /home/travis/build/icyphy/ptII/ptolemy/actor/lib/test/auto/Multiplexor2.xml
3 ms. Memory: 650240K Free: 388094K (60%)
----------------- Invoking toplevel() on ptolemy.moml.MoMLSimpleApplication@59df6608
----------------- Done invoking toplevel() on ptolemy.moml.MoMLSimpleApplication@59df6608
reloadAllAccessors: .Multiplexor2

===========================================================================================
----------------- testing Fri Jun 28 18:05:33 UTC 2019 /home/travis/build/icyphy/ptII/ptolemy/actor/lib/test/auto/Multiplexor3.xml
----------------- Instantiating /home/travis/build/icyphy/ptII/ptolemy/actor/lib/test/auto/Multiplexor3.xml
2 ms. Memory: 650240K Free: 383998K (59%)
----------------- Invoking toplevel() on ptolemy.moml.MoMLSimpleApplication@346c132d
----------------- Done invoking toplevel() on ptolemy.moml.MoMLSimpleApplication@346c132d
reloadAllAccessors: .Multiplexor3

===========================================================================================
----------------- testing Fri Jun 28 18:05:33 UTC 2019 /home/travis/build/icyphy/ptII/ptolemy/actor/lib/test/auto/MultiplexorDE.xml
----------------- Instantiating /home/travis/build/icyphy/ptII/ptolemy/actor/lib/test/auto/MultiplexorDE.xml
2 ms. Memory: 650240K Free: 376320K (58%)
----------------- Invoking toplevel() on ptolemy.moml.MoMLSimpleApplication@49573960
----------------- Done invoking toplevel() on ptolemy.moml.MoMLSimpleApplication@49573960
reloadAllAccessors: .MultiplexorDE

===========================================================================================
----------------- testing Fri Jun 28 18:05:33 UTC 2019 /home/travis/build/icyphy/ptII/ptolemy/actor/lib/test/auto/MultiportBroadcastTest.xml
----------------- Instantiating /home/travis/build/icyphy/ptII/ptolemy/actor/lib/test/auto/MultiportBroadcastTest.xml
97 ms. Memory: 650240K Free: 370176K (57%)
----------------- Invoking toplevel() on ptolemy.moml.MoMLSimpleApplication@65f1880e
----------------- Done invoking toplevel() on ptolemy.moml.MoMLSimpleApplication@65f1880e
reloadAllAccessors: .MultiportBroadcastTest

===========================================================================================
----------------- testing Fri Jun 28 18:05:34 UTC 2019 /home/travis/build/icyphy/ptII/ptolemy/actor/lib/test/auto/MultiportOutHangDuringGetWidth.xml
----------------- Instantiating /home/travis/build/icyphy/ptII/ptolemy/actor/lib/test/auto/MultiportOutHangDuringGetWidth.xml
7 ms. Memory: 650240K Free: 357888K (55%)
----------------- Invoking toplevel() on ptolemy.moml.MoMLSimpleApplication@4f140a37
----------------- Done invoking toplevel() on ptolemy.moml.MoMLSimpleApplication@4f140a37
reloadAllAccessors: .MultiportOutHangDuringGetWidth

===========================================================================================
----------------- testing Fri Jun 28 18:05:34 UTC 2019 /home/travis/build/icyphy/ptII/ptolemy/actor/lib/test/auto/NilToken.xml
----------------- Instantiating /home/travis/build/icyphy/ptII/ptolemy/actor/lib/test/auto/NilToken.xml
1 ms. Memory: 650240K Free: 353792K (54%)
----------------- Invoking toplevel() on ptolemy.moml.MoMLSimpleApplication@13c25d94
----------------- Done invoking toplevel() on ptolemy.moml.MoMLSimpleApplication@13c25d94
reloadAllAccessors: .NilToken

===========================================================================================
----------------- testing Fri Jun 28 18:05:34 UTC 2019 /home/travis/build/icyphy/ptII/ptolemy/actor/lib/test/auto/NilTokenNonStrictTest.xml
----------------- Instantiating /home/travis/build/icyphy/ptII/ptolemy/actor/lib/test/auto/NilTokenNonStrictTest.xml
2 ms. Memory: 650240K Free: 349182K (54%)
----------------- Invoking toplevel() on ptolemy.moml.MoMLSimpleApplication@2146a834
----------------- Done invoking toplevel() on ptolemy.moml.MoMLSimpleApplication@2146a834
reloadAllAccessors: .NilTokenNonStrictTest

===========================================================================================
----------------- testing Fri Jun 28 18:05:34 UTC 2019 /home/travis/build/icyphy/ptII/ptolemy/actor/lib/test/auto/NilTokenRecord.xml
----------------- Instantiating /home/travis/build/icyphy/ptII/ptolemy/actor/lib/test/auto/NilTokenRecord.xml
15 ms. Memory: 650240K Free: 342528K (53%)
----------------- Invoking toplevel() on ptolemy.moml.MoMLSimpleApplication@1405835f
----------------- Done invoking toplevel() on ptolemy.moml.MoMLSimpleApplication@1405835f
reloadAllAccessors: .NilTokenRecord

===========================================================================================
----------------- testing Fri Jun 28 18:05:34 UTC 2019 /home/travis/build/icyphy/ptII/ptolemy/actor/lib/test/auto/NilTokenTypeTest.xml
----------------- Instantiating /home/travis/build/icyphy/ptII/ptolemy/actor/lib/test/auto/NilTokenTypeTest.xml
15 ms. Memory: 650240K Free: 332798K (51%)
----------------- Invoking toplevel() on ptolemy.moml.MoMLSimpleApplication@2a9a9588
----------------- Done invoking toplevel() on ptolemy.moml.MoMLSimpleApplication@2a9a9588
reloadAllAccessors: .NilTokenTypeTest

===========================================================================================
----------------- testing Fri Jun 28 18:05:34 UTC 2019 /home/travis/build/icyphy/ptII/ptolemy/actor/lib/test/auto/ObjectToken1.xml
----------------- Instantiating /home/travis/build/icyphy/ptII/ptolemy/actor/lib/test/auto/ObjectToken1.xml
2 ms. Memory: 650240K Free: 328702K (51%)
----------------- Invoking toplevel() on ptolemy.moml.MoMLSimpleApplication@4c7f893b
----------------- Done invoking toplevel() on ptolemy.moml.MoMLSimpleApplication@4c7f893b
reloadAllAccessors: .ObjectToken1

===========================================================================================
----------------- testing Fri Jun 28 18:05:34 UTC 2019 /home/travis/build/icyphy/ptII/ptolemy/actor/lib/test/auto/OrderedMerge.xml
----------------- Instantiating /home/travis/build/icyphy/ptII/ptolemy/actor/lib/test/auto/OrderedMerge.xml
6 ms. Memory: 650240K Free: 323072K (50%)
----------------- Invoking toplevel() on ptolemy.moml.MoMLSimpleApplication@743353fb
----------------- Done invoking toplevel() on ptolemy.moml.MoMLSimpleApplication@743353fb
reloadAllAccessors: .OrderedMerge

===========================================================================================
----------------- testing Fri Jun 28 18:05:34 UTC 2019 /home/travis/build/icyphy/ptII/ptolemy/actor/lib/test/auto/OrderedRecordDisassembler.xml
----------------- Instantiating /home/travis/build/icyphy/ptII/ptolemy/actor/lib/test/auto/OrderedRecordDisassembler.xml
4 ms. Memory: 650240K Free: 317952K (49%)
----------------- Invoking toplevel() on ptolemy.moml.MoMLSimpleApplication@5e739a7b
----------------- Done invoking toplevel() on ptolemy.moml.MoMLSimpleApplication@5e739a7b
reloadAllAccessors: .OrderedRecordDisassembler

===========================================================================================
----------------- testing Fri Jun 28 18:05:34 UTC 2019 /home/travis/build/icyphy/ptII/ptolemy/actor/lib/test/auto/OrderedRecordDisassembler2.xml
----------------- Instantiating /home/travis/build/icyphy/ptII/ptolemy/actor/lib/test/auto/OrderedRecordDisassembler2.xml
5 ms. Memory: 650240K Free: 310255K (48%)
----------------- Invoking toplevel() on ptolemy.moml.MoMLSimpleApplication@178e5118
----------------- Done invoking toplevel() on ptolemy.moml.MoMLSimpleApplication@178e5118
reloadAllAccessors: .OrderedRecordDisassembler2

===========================================================================================
----------------- testing Fri Jun 28 18:05:34 UTC 2019 /home/travis/build/icyphy/ptII/ptolemy/actor/lib/test/auto/OrderedRecordUpdater.xml
----------------- Instantiating /home/travis/build/icyphy/ptII/ptolemy/actor/lib/test/auto/OrderedRecordUpdater.xml
2 ms. Memory: 650240K Free: 305664K (47%)
----------------- Invoking toplevel() on ptolemy.moml.MoMLSimpleApplication@37548485
----------------- Done invoking toplevel() on ptolemy.moml.MoMLSimpleApplication@37548485
reloadAllAccessors: .RecordUpdater

===========================================================================================
----------------- testing Fri Jun 28 18:05:34 UTC 2019 /home/travis/build/icyphy/ptII/ptolemy/actor/lib/test/auto/OrderedRecordUpdater2.xml
----------------- Instantiating /home/travis/build/icyphy/ptII/ptolemy/actor/lib/test/auto/OrderedRecordUpdater2.xml
3 ms. Memory: 650240K Free: 301054K (46%)
----------------- Invoking toplevel() on ptolemy.moml.MoMLSimpleApplication@58518fbc
----------------- Done invoking toplevel() on ptolemy.moml.MoMLSimpleApplication@58518fbc
reloadAllAccessors: .RecordUpdater2

===========================================================================================
----------------- testing Fri Jun 28 18:05:34 UTC 2019 /home/travis/build/icyphy/ptII/ptolemy/actor/lib/test/auto/PhaseUnwrap.xml
----------------- Instantiating /home/travis/build/icyphy/ptII/ptolemy/actor/lib/test/auto/PhaseUnwrap.xml
2 ms. Memory: 650240K Free: 296448K (46%)
----------------- Invoking toplevel() on ptolemy.moml.MoMLSimpleApplication@194952f
----------------- Done invoking toplevel() on ptolemy.moml.MoMLSimpleApplication@194952f
reloadAllAccessors: .PhaseUnwrap

===========================================================================================
----------------- testing Fri Jun 28 18:05:34 UTC 2019 /home/travis/build/icyphy/ptII/ptolemy/actor/lib/test/auto/PoissonClock.xml
----------------- Instantiating /home/travis/build/icyphy/ptII/ptolemy/actor/lib/test/auto/PoissonClock.xml
3 ms. Memory: 650240K Free: 292352K (45%)
----------------- Invoking toplevel() on ptolemy.moml.MoMLSimpleApplication@72753eff
----------------- Done invoking toplevel() on ptolemy.moml.MoMLSimpleApplication@72753eff
reloadAllAccessors: .PoissonClock

===========================================================================================
----------------- testing Fri Jun 28 18:05:34 UTC 2019 /home/travis/build/icyphy/ptII/ptolemy/actor/lib/test/auto/PoissonClock2.xml
----------------- Instantiating /home/travis/build/icyphy/ptII/ptolemy/actor/lib/test/auto/PoissonClock2.xml
2 ms. Memory: 650240K Free: 287742K (44%)
----------------- Invoking toplevel() on ptolemy.moml.MoMLSimpleApplication@9132fcb
----------------- Done invoking toplevel() on ptolemy.moml.MoMLSimpleApplication@9132fcb
reloadAllAccessors: .PoissonClock2

===========================================================================================
----------------- testing Fri Jun 28 18:05:34 UTC 2019 /home/travis/build/icyphy/ptII/ptolemy/actor/lib/test/auto/PoissonClock3.xml
----------------- Instantiating /home/travis/build/icyphy/ptII/ptolemy/actor/lib/test/auto/PoissonClock3.xml
1 ms. Memory: 650240K Free: 283136K (44%)
----------------- Invoking toplevel() on ptolemy.moml.MoMLSimpleApplication@379dd081
----------------- Done invoking toplevel() on ptolemy.moml.MoMLSimpleApplication@379dd081
reloadAllAccessors: .PoissonClock3

===========================================================================================
----------------- testing Fri Jun 28 18:05:34 UTC 2019 /home/travis/build/icyphy/ptII/ptolemy/actor/lib/test/auto/PubSubWithInitialTokens.xml
----------------- Instantiating /home/travis/build/icyphy/ptII/ptolemy/actor/lib/test/auto/PubSubWithInitialTokens.xml
2 ms. Memory: 650240K Free: 276992K (43%)
----------------- Invoking toplevel() on ptolemy.moml.MoMLSimpleApplication@69f3db28
----------------- Done invoking toplevel() on ptolemy.moml.MoMLSimpleApplication@69f3db28
reloadAllAccessors: .PubSubWithInitialTokens

===========================================================================================
----------------- testing Fri Jun 28 18:05:34 UTC 2019 /home/travis/build/icyphy/ptII/ptolemy/actor/lib/test/auto/PubSubWithInitialTokens2.xml
----------------- Instantiating /home/travis/build/icyphy/ptII/ptolemy/actor/lib/test/auto/PubSubWithInitialTokens2.xml
2 ms. Memory: 650240K Free: 270848K (42%)
----------------- Invoking toplevel() on ptolemy.moml.MoMLSimpleApplication@7ac9b0d4
----------------- Done invoking toplevel() on ptolemy.moml.MoMLSimpleApplication@7ac9b0d4
reloadAllAccessors: .PubSubWithInitialTokens2

===========================================================================================
----------------- testing Fri Jun 28 18:05:34 UTC 2019 /home/travis/build/icyphy/ptII/ptolemy/actor/lib/test/auto/PublisherClassNoParameter.xml
----------------- Instantiating /home/travis/build/icyphy/ptII/ptolemy/actor/lib/test/auto/PublisherClassNoParameter.xml
3 ms. Memory: 650240K Free: 261118K (40%)
----------------- Invoking toplevel() on ptolemy.moml.MoMLSimpleApplication@cf1c5af
----------------- Done invoking toplevel() on ptolemy.moml.MoMLSimpleApplication@cf1c5af
reloadAllAccessors: .PublisherClassNoParameter

===========================================================================================
----------------- testing Fri Jun 28 18:05:34 UTC 2019 /home/travis/build/icyphy/ptII/ptolemy/actor/lib/test/auto/PublisherClassParameter.xml
----------------- Instantiating /home/travis/build/icyphy/ptII/ptolemy/actor/lib/test/auto/PublisherClassParameter.xml
8 ms. Memory: 650240K Free: 250878K (39%)
----------------- Invoking toplevel() on ptolemy.moml.MoMLSimpleApplication@3989aeb9
----------------- Done invoking toplevel() on ptolemy.moml.MoMLSimpleApplication@3989aeb9
reloadAllAccessors: .PublisherClassParameter

===========================================================================================
----------------- testing Fri Jun 28 18:05:34 UTC 2019 /home/travis/build/icyphy/ptII/ptolemy/actor/lib/test/auto/PublisherNonStrictTest.xml
----------------- Instantiating /home/travis/build/icyphy/ptII/ptolemy/actor/lib/test/auto/PublisherNonStrictTest.xml
3 ms. Memory: 650240K Free: 243200K (37%)
----------------- Invoking toplevel() on ptolemy.moml.MoMLSimpleApplication@1133eca8
----------------- Done invoking toplevel() on ptolemy.moml.MoMLSimpleApplication@1133eca8
reloadAllAccessors: .PublisherNonStrictTest

===========================================================================================
----------------- testing Fri Jun 28 18:05:34 UTC 2019 /home/travis/build/icyphy/ptII/ptolemy/actor/lib/test/auto/PublisherPort1.xml
----------------- Instantiating /home/travis/build/icyphy/ptII/ptolemy/actor/lib/test/auto/PublisherPort1.xml
3 ms. Memory: 650240K Free: 237535K (37%)
----------------- Invoking toplevel() on ptolemy.moml.MoMLSimpleApplication@6aaa6d0b
----------------- Done invoking toplevel() on ptolemy.moml.MoMLSimpleApplication@6aaa6d0b
reloadAllAccessors: .PublisherPort1

===========================================================================================
----------------- testing Fri Jun 28 18:05:34 UTC 2019 /home/travis/build/icyphy/ptII/ptolemy/actor/lib/test/auto/PublisherPort2.xml
----------------- Instantiating /home/travis/build/icyphy/ptII/ptolemy/actor/lib/test/auto/PublisherPort2.xml
13 ms. Memory: 650240K Free: 232446K (36%)
----------------- Invoking toplevel() on ptolemy.moml.MoMLSimpleApplication@5243f9d2
----------------- Done invoking toplevel() on ptolemy.moml.MoMLSimpleApplication@5243f9d2
reloadAllAccessors: .PublisherPort2

===========================================================================================
----------------- testing Fri Jun 28 18:05:34 UTC 2019 /home/travis/build/icyphy/ptII/ptolemy/actor/lib/test/auto/PublisherPort3.xml
----------------- Instantiating /home/travis/build/icyphy/ptII/ptolemy/actor/lib/test/auto/PublisherPort3.xml
3 ms. Memory: 650240K Free: 225792K (35%)
----------------- Invoking toplevel() on ptolemy.moml.MoMLSimpleApplication@1ffb3d41
----------------- Done invoking toplevel() on ptolemy.moml.MoMLSimpleApplication@1ffb3d41
reloadAllAccessors: .PublisherPort3

===========================================================================================
----------------- testing Fri Jun 28 18:05:34 UTC 2019 /home/travis/build/icyphy/ptII/ptolemy/actor/lib/test/auto/PublisherPort4.xml
----------------- Instantiating /home/travis/build/icyphy/ptII/ptolemy/actor/lib/test/auto/PublisherPort4.xml
2 ms. Memory: 650240K Free: 597504K (92%)
----------------- Invoking toplevel() on ptolemy.moml.MoMLSimpleApplication@304935e1
----------------- Done invoking toplevel() on ptolemy.moml.MoMLSimpleApplication@304935e1
reloadAllAccessors: .PublisherPort4

===========================================================================================
----------------- testing Fri Jun 28 18:05:34 UTC 2019 /home/travis/build/icyphy/ptII/ptolemy/actor/lib/test/auto/PublisherPort5.xml
----------------- Instantiating /home/travis/build/icyphy/ptII/ptolemy/actor/lib/test/auto/PublisherPort5.xml
3 ms. Memory: 650240K Free: 589312K (91%)
----------------- Invoking toplevel() on ptolemy.moml.MoMLSimpleApplication@f685938
----------------- Done invoking toplevel() on ptolemy.moml.MoMLSimpleApplication@f685938
reloadAllAccessors: .PublisherPort5

===========================================================================================
----------------- testing Fri Jun 28 18:05:34 UTC 2019 /home/travis/build/icyphy/ptII/ptolemy/actor/lib/test/auto/PublisherPort5LookAlike.xml
----------------- Instantiating /home/travis/build/icyphy/ptII/ptolemy/actor/lib/test/auto/PublisherPort5LookAlike.xml
10 ms. Memory: 650240K Free: 581630K (89%)
----------------- Invoking toplevel() on ptolemy.moml.MoMLSimpleApplication@20fa99ce
----------------- Done invoking toplevel() on ptolemy.moml.MoMLSimpleApplication@20fa99ce
reloadAllAccessors: .PublisherPort5LookAlike

===========================================================================================
----------------- testing Fri Jun 28 18:05:34 UTC 2019 /home/travis/build/icyphy/ptII/ptolemy/actor/lib/test/auto/PublisherPort6.xml
----------------- Instantiating /home/travis/build/icyphy/ptII/ptolemy/actor/lib/test/auto/PublisherPort6.xml
3 ms. Memory: 650240K Free: 574976K (88%)
----------------- Invoking toplevel() on ptolemy.moml.MoMLSimpleApplication@21dba553
----------------- Done invoking toplevel() on ptolemy.moml.MoMLSimpleApplication@21dba553
reloadAllAccessors: .PublisherPort6

===========================================================================================
----------------- testing Fri Jun 28 18:05:34 UTC 2019 /home/travis/build/icyphy/ptII/ptolemy/actor/lib/test/auto/PublisherPort7.xml
----------------- Instantiating /home/travis/build/icyphy/ptII/ptolemy/actor/lib/test/auto/PublisherPort7.xml
4 ms. Memory: 650240K Free: 567294K (87%)
----------------- Invoking toplevel() on ptolemy.moml.MoMLSimpleApplication@2acabc9a
----------------- Done invoking toplevel() on ptolemy.moml.MoMLSimpleApplication@2acabc9a
reloadAllAccessors: .PublisherPort7

===========================================================================================
----------------- testing Fri Jun 28 18:05:34 UTC 2019 /home/travis/build/icyphy/ptII/ptolemy/actor/lib/test/auto/PublisherPort8.xml
----------------- Instantiating /home/travis/build/icyphy/ptII/ptolemy/actor/lib/test/auto/PublisherPort8.xml
9 ms. Memory: 650240K Free: 558592K (86%)
----------------- Invoking toplevel() on ptolemy.moml.MoMLSimpleApplication@3c30af65
----------------- Done invoking toplevel() on ptolemy.moml.MoMLSimpleApplication@3c30af65
reloadAllAccessors: .PublisherPort8

===========================================================================================
----------------- testing Fri Jun 28 18:05:34 UTC 2019 /home/travis/build/icyphy/ptII/ptolemy/actor/lib/test/auto/PublisherPortSubscriberChannelVariablesAOC2.xml
----------------- Instantiating /home/travis/build/icyphy/ptII/ptolemy/actor/lib/test/auto/PublisherPortSubscriberChannelVariablesAOC2.xml
3 ms. Memory: 650240K Free: 541184K (83%)
----------------- Invoking toplevel() on ptolemy.moml.MoMLSimpleApplication@7e655e0d
----------------- Done invoking toplevel() on ptolemy.moml.MoMLSimpleApplication@7e655e0d
reloadAllAccessors: .PublisherPortSubscriberChannelVariablesAOC2

===========================================================================================
----------------- testing Fri Jun 28 18:05:34 UTC 2019 /home/travis/build/icyphy/ptII/ptolemy/actor/lib/test/auto/PublisherPortSubscriberOpaqueWidthInference.xml
----------------- Instantiating /home/travis/build/icyphy/ptII/ptolemy/actor/lib/test/auto/PublisherPortSubscriberOpaqueWidthInference.xml
4 ms. Memory: 650240K Free: 533487K (82%)
----------------- Invoking toplevel() on ptolemy.moml.MoMLSimpleApplication@beab215
----------------- Done invoking toplevel() on ptolemy.moml.MoMLSimpleApplication@beab215
reloadAllAccessors: .PublisherPortSubscriberOpaqueWidthInference

===========================================================================================
----------------- testing Fri Jun 28 18:05:34 UTC 2019 /home/travis/build/icyphy/ptII/ptolemy/actor/lib/test/auto/PublisherPortSubscriberPortAdjacent.xml
----------------- Instantiating /home/travis/build/icyphy/ptII/ptolemy/actor/lib/test/auto/PublisherPortSubscriberPortAdjacent.xml
1 ms. Memory: 650240K Free: 525310K (81%)
----------------- Invoking toplevel() on ptolemy.moml.MoMLSimpleApplication@4f4f9291
----------------- Done invoking toplevel() on ptolemy.moml.MoMLSimpleApplication@4f4f9291
reloadAllAccessors: .PublisherPortSubscriberPortAdjacent

===========================================================================================
----------------- testing Fri Jun 28 18:05:34 UTC 2019 /home/travis/build/icyphy/ptII/ptolemy/actor/lib/test/auto/PublisherPortSubscriberPortExpression.xml
----------------- Instantiating /home/travis/build/icyphy/ptII/ptolemy/actor/lib/test/auto/PublisherPortSubscriberPortExpression.xml
5 ms. Memory: 650240K Free: 517632K (80%)
----------------- Invoking toplevel() on ptolemy.moml.MoMLSimpleApplication@6ce3f32d
----------------- Done invoking toplevel() on ptolemy.moml.MoMLSimpleApplication@6ce3f32d
reloadAllAccessors: .PublisherPortSubscriberPortExpression

===========================================================================================
----------------- testing Fri Jun 28 18:05:34 UTC 2019 /home/travis/build/icyphy/ptII/ptolemy/actor/lib/test/auto/PublisherPortSubscriberPortOpaqueD3Reverse.xml
----------------- Instantiating /home/travis/build/icyphy/ptII/ptolemy/actor/lib/test/auto/PublisherPortSubscriberPortOpaqueD3Reverse.xml
7 ms. Memory: 650240K Free: 506878K (78%)
----------------- Invoking toplevel() on ptolemy.moml.MoMLSimpleApplication@66b87e02
----------------- Done invoking toplevel() on ptolemy.moml.MoMLSimpleApplication@66b87e02
reloadAllAccessors: .PublisherPortSubscriberPortOpaqueD3Reverse

===========================================================================================
----------------- testing Fri Jun 28 18:05:34 UTC 2019 /home/travis/build/icyphy/ptII/ptolemy/actor/lib/test/auto/PublisherPortSubscriberPortOpaqueWidthInference.xml
----------------- Instantiating /home/travis/build/icyphy/ptII/ptolemy/actor/lib/test/auto/PublisherPortSubscriberPortOpaqueWidthInference.xml
4 ms. Memory: 650240K Free: 499200K (77%)
----------------- Invoking toplevel() on ptolemy.moml.MoMLSimpleApplication@7d3a3536
----------------- Done invoking toplevel() on ptolemy.moml.MoMLSimpleApplication@7d3a3536
reloadAllAccessors: .PublisherPortSubscriberPortOpaqueWidthInference

===========================================================================================
----------------- testing Fri Jun 28 18:05:34 UTC 2019 /home/travis/build/icyphy/ptII/ptolemy/actor/lib/test/auto/PublisherPortToplevelSubscriberPortAOC.xml
----------------- Instantiating /home/travis/build/icyphy/ptII/ptolemy/actor/lib/test/auto/PublisherPortToplevelSubscriberPortAOC.xml
.PublisherPortToplevelSubscriberPortAOC.TestExceptionAttribute: initialize() was not invoked, but wrapup() was.  This is unusual, but not always a problem.  For example, exporting JNLP will do this.
3 ms. Memory: 650240K Free: 493056K (76%)
----------------- Invoking toplevel() on ptolemy.moml.MoMLSimpleApplication@34eda9b2
----------------- Done invoking toplevel() on ptolemy.moml.MoMLSimpleApplication@34eda9b2
reloadAllAccessors: .PublisherPortToplevelSubscriberPortAOC

===========================================================================================
----------------- testing Fri Jun 28 18:05:35 UTC 2019 /home/travis/build/icyphy/ptII/ptolemy/actor/lib/test/auto/PublisherSubscriber.xml
----------------- Instantiating /home/travis/build/icyphy/ptII/ptolemy/actor/lib/test/auto/PublisherSubscriber.xml
3 ms. Memory: 650240K Free: 485888K (75%)
----------------- Invoking toplevel() on ptolemy.moml.MoMLSimpleApplication@180c86d2
----------------- Done invoking toplevel() on ptolemy.moml.MoMLSimpleApplication@180c86d2
reloadAllAccessors: .PublisherSubscriber

===========================================================================================
----------------- testing Fri Jun 28 18:05:35 UTC 2019 /home/travis/build/icyphy/ptII/ptolemy/actor/lib/test/auto/PublisherSubscriber10.xml
----------------- Instantiating /home/travis/build/icyphy/ptII/ptolemy/actor/lib/test/auto/PublisherSubscriber10.xml
7 ms. Memory: 650240K Free: 476158K (73%)
----------------- Invoking toplevel() on ptolemy.moml.MoMLSimpleApplication@6673a070
----------------- Done invoking toplevel() on ptolemy.moml.MoMLSimpleApplication@6673a070
reloadAllAccessors: .PublisherSubscriber10

===========================================================================================
----------------- testing Fri Jun 28 18:05:35 UTC 2019 /home/travis/build/icyphy/ptII/ptolemy/actor/lib/test/auto/PublisherSubscriber10InitialOutputs.xml
----------------- Instantiating /home/travis/build/icyphy/ptII/ptolemy/actor/lib/test/auto/PublisherSubscriber10InitialOutputs.xml
19 ms. Memory: 650240K Free: 466942K (72%)
----------------- Invoking toplevel() on ptolemy.moml.MoMLSimpleApplication@26b3f3a6
----------------- Done invoking toplevel() on ptolemy.moml.MoMLSimpleApplication@26b3f3a6
reloadAllAccessors: .PublisherSubscriber10InitialOutputs

===========================================================================================
----------------- testing Fri Jun 28 18:05:35 UTC 2019 /home/travis/build/icyphy/ptII/ptolemy/actor/lib/test/auto/PublisherSubscriber11.xml
----------------- Instantiating /home/travis/build/icyphy/ptII/ptolemy/actor/lib/test/auto/PublisherSubscriber11.xml
2 ms. Memory: 650240K Free: 460767K (71%)
----------------- Invoking toplevel() on ptolemy.moml.MoMLSimpleApplication@654c269b
----------------- Done invoking toplevel() on ptolemy.moml.MoMLSimpleApplication@654c269b
reloadAllAccessors: .PublisherSubscriber11

===========================================================================================
----------------- testing Fri Jun 28 18:05:35 UTC 2019 /home/travis/build/icyphy/ptII/ptolemy/actor/lib/test/auto/PublisherSubscriber12.xml
----------------- Instantiating /home/travis/build/icyphy/ptII/ptolemy/actor/lib/test/auto/PublisherSubscriber12.xml
4 ms. Memory: 650240K Free: 453615K (70%)
----------------- Invoking toplevel() on ptolemy.moml.MoMLSimpleApplication@132628f0
----------------- Done invoking toplevel() on ptolemy.moml.MoMLSimpleApplication@132628f0
reloadAllAccessors: .PublisherSubscriber12

===========================================================================================
----------------- testing Fri Jun 28 18:05:35 UTC 2019 /home/travis/build/icyphy/ptII/ptolemy/actor/lib/test/auto/PublisherSubscriber13.xml
----------------- Instantiating /home/travis/build/icyphy/ptII/ptolemy/actor/lib/test/auto/PublisherSubscriber13.xml
3 ms. Memory: 650240K Free: 448000K (69%)
----------------- Invoking toplevel() on ptolemy.moml.MoMLSimpleApplication@24e17fa9
----------------- Done invoking toplevel() on ptolemy.moml.MoMLSimpleApplication@24e17fa9
reloadAllAccessors: .PublisherSubscriber13

===========================================================================================
----------------- testing Fri Jun 28 18:05:35 UTC 2019 /home/travis/build/icyphy/ptII/ptolemy/actor/lib/test/auto/PublisherSubscriber14.xml
----------------- Instantiating /home/travis/build/icyphy/ptII/ptolemy/actor/lib/test/auto/PublisherSubscriber14.xml
2 ms. Memory: 650240K Free: 439279K (68%)
----------------- Invoking toplevel() on ptolemy.moml.MoMLSimpleApplication@4750da1
----------------- Done invoking toplevel() on ptolemy.moml.MoMLSimpleApplication@4750da1
reloadAllAccessors: .PublisherSubscriber14

===========================================================================================
----------------- testing Fri Jun 28 18:05:35 UTC 2019 /home/travis/build/icyphy/ptII/ptolemy/actor/lib/test/auto/PublisherSubscriber2.xml
----------------- Instantiating /home/travis/build/icyphy/ptII/ptolemy/actor/lib/test/auto/PublisherSubscriber2.xml
3 ms. Memory: 650240K Free: 433664K (67%)
----------------- Invoking toplevel() on ptolemy.moml.MoMLSimpleApplication@68a0501e
----------------- Done invoking toplevel() on ptolemy.moml.MoMLSimpleApplication@68a0501e
reloadAllAccessors: .PublisherSubscriber2

===========================================================================================
----------------- testing Fri Jun 28 18:05:35 UTC 2019 /home/travis/build/icyphy/ptII/ptolemy/actor/lib/test/auto/PublisherSubscriber3.xml
----------------- Instantiating /home/travis/build/icyphy/ptII/ptolemy/actor/lib/test/auto/PublisherSubscriber3.xml
1 ms. Memory: 650240K Free: 427999K (66%)
----------------- Invoking toplevel() on ptolemy.moml.MoMLSimpleApplication@746909e3
----------------- Done invoking toplevel() on ptolemy.moml.MoMLSimpleApplication@746909e3
reloadAllAccessors: .PublisherSubscriber3

===========================================================================================
----------------- testing Fri Jun 28 18:05:35 UTC 2019 /home/travis/build/icyphy/ptII/ptolemy/actor/lib/test/auto/PublisherSubscriber4.xml
----------------- Instantiating /home/travis/build/icyphy/ptII/ptolemy/actor/lib/test/auto/PublisherSubscriber4.xml
2 ms. Memory: 650240K Free: 422879K (65%)
----------------- Invoking toplevel() on ptolemy.moml.MoMLSimpleApplication@700a0781
----------------- Done invoking toplevel() on ptolemy.moml.MoMLSimpleApplication@700a0781
reloadAllAccessors: .PublisherSubscriber4

===========================================================================================
----------------- testing Fri Jun 28 18:05:35 UTC 2019 /home/travis/build/icyphy/ptII/ptolemy/actor/lib/test/auto/PublisherSubscriber5.xml
----------------- Instantiating /home/travis/build/icyphy/ptII/ptolemy/actor/lib/test/auto/PublisherSubscriber5.xml
2 ms. Memory: 650240K Free: 415742K (64%)
----------------- Invoking toplevel() on ptolemy.moml.MoMLSimpleApplication@2bf63db5
----------------- Done invoking toplevel() on ptolemy.moml.MoMLSimpleApplication@2bf63db5
reloadAllAccessors: .PublisherSubscriber5

===========================================================================================
----------------- testing Fri Jun 28 18:05:35 UTC 2019 /home/travis/build/icyphy/ptII/ptolemy/actor/lib/test/auto/PublisherSubscriber6.xml
----------------- Instantiating /home/travis/build/icyphy/ptII/ptolemy/actor/lib/test/auto/PublisherSubscriber6.xml
4 ms. Memory: 650240K Free: 409088K (63%)
----------------- Invoking toplevel() on ptolemy.moml.MoMLSimpleApplication@15aaa008
----------------- Done invoking toplevel() on ptolemy.moml.MoMLSimpleApplication@15aaa008
reloadAllAccessors: .PublisherSubscriber6

===========================================================================================
----------------- testing Fri Jun 28 18:05:35 UTC 2019 /home/travis/build/icyphy/ptII/ptolemy/actor/lib/test/auto/PublisherSubscriber7.xml
----------------- Instantiating /home/travis/build/icyphy/ptII/ptolemy/actor/lib/test/auto/PublisherSubscriber7.xml
8 ms. Memory: 650240K Free: 402430K (62%)
----------------- Invoking toplevel() on ptolemy.moml.MoMLSimpleApplication@7d8fca93
----------------- Done invoking toplevel() on ptolemy.moml.MoMLSimpleApplication@7d8fca93
reloadAllAccessors: .PublisherSubscriber7

===========================================================================================
----------------- testing Fri Jun 28 18:05:35 UTC 2019 /home/travis/build/icyphy/ptII/ptolemy/actor/lib/test/auto/PublisherSubscriber8.xml
----------------- Instantiating /home/travis/build/icyphy/ptII/ptolemy/actor/lib/test/auto/PublisherSubscriber8.xml
23 ms. Memory: 650240K Free: 390656K (60%)
----------------- Invoking toplevel() on ptolemy.moml.MoMLSimpleApplication@61524db3
----------------- Done invoking toplevel() on ptolemy.moml.MoMLSimpleApplication@61524db3
reloadAllAccessors: .PublisherSubscriber8

===========================================================================================
----------------- testing Fri Jun 28 18:05:35 UTC 2019 /home/travis/build/icyphy/ptII/ptolemy/actor/lib/test/auto/PublisherSubscriber9.xml
----------------- Instantiating /home/travis/build/icyphy/ptII/ptolemy/actor/lib/test/auto/PublisherSubscriber9.xml
2 ms. Memory: 650240K Free: 383488K (59%)
----------------- Invoking toplevel() on ptolemy.moml.MoMLSimpleApplication@5a6c447
----------------- Done invoking toplevel() on ptolemy.moml.MoMLSimpleApplication@5a6c447
reloadAllAccessors: .PublisherSubscriber9

===========================================================================================
----------------- testing Fri Jun 28 18:05:35 UTC 2019 /home/travis/build/icyphy/ptII/ptolemy/actor/lib/test/auto/PublisherSubscriberAdjacent.xml
----------------- Instantiating /home/travis/build/icyphy/ptII/ptolemy/actor/lib/test/auto/PublisherSubscriberAdjacent.xml
2 ms. Memory: 650240K Free: 374782K (58%)
----------------- Invoking toplevel() on ptolemy.moml.MoMLSimpleApplication@5b71b850
----------------- Done invoking toplevel() on ptolemy.moml.MoMLSimpleApplication@5b71b850
reloadAllAccessors: .PublisherSubscriberAdjacent

===========================================================================================
----------------- testing Fri Jun 28 18:05:35 UTC 2019 /home/travis/build/icyphy/ptII/ptolemy/actor/lib/test/auto/PublisherSubscriberChannelVariablesAOC2.xml
----------------- Instantiating /home/travis/build/icyphy/ptII/ptolemy/actor/lib/test/auto/PublisherSubscriberChannelVariablesAOC2.xml
2 ms. Memory: 650240K Free: 359407K (55%)
----------------- Invoking toplevel() on ptolemy.moml.MoMLSimpleApplication@ea4df89
----------------- Done invoking toplevel() on ptolemy.moml.MoMLSimpleApplication@ea4df89
reloadAllAccessors: .PublisherSubscriberChannelVariablesAOC2

===========================================================================================
----------------- testing Fri Jun 28 18:05:35 UTC 2019 /home/travis/build/icyphy/ptII/ptolemy/actor/lib/test/auto/PublisherSubscriberD3.xml
----------------- Instantiating /home/travis/build/icyphy/ptII/ptolemy/actor/lib/test/auto/PublisherSubscriberD3.xml
1 ms. Memory: 650240K Free: 352254K (54%)
----------------- Invoking toplevel() on ptolemy.moml.MoMLSimpleApplication@54c1dd68
----------------- Done invoking toplevel() on ptolemy.moml.MoMLSimpleApplication@54c1dd68
reloadAllAccessors: .PublisherSubscriberD3

===========================================================================================
----------------- testing Fri Jun 28 18:05:35 UTC 2019 /home/travis/build/icyphy/ptII/ptolemy/actor/lib/test/auto/PublisherSubscriberD3Reverse.xml
----------------- Instantiating /home/travis/build/icyphy/ptII/ptolemy/actor/lib/test/auto/PublisherSubscriberD3Reverse.xml
2 ms. Memory: 650240K Free: 346110K (53%)
----------------- Invoking toplevel() on ptolemy.moml.MoMLSimpleApplication@28bb3e94
----------------- Done invoking toplevel() on ptolemy.moml.MoMLSimpleApplication@28bb3e94
reloadAllAccessors: .PublisherSubscriberD3Reverse

===========================================================================================
----------------- testing Fri Jun 28 18:05:35 UTC 2019 /home/travis/build/icyphy/ptII/ptolemy/actor/lib/test/auto/PublisherSubscriberExpression.xml
----------------- Instantiating /home/travis/build/icyphy/ptII/ptolemy/actor/lib/test/auto/PublisherSubscriberExpression.xml
6 ms. Memory: 650240K Free: 337903K (52%)
----------------- Invoking toplevel() on ptolemy.moml.MoMLSimpleApplication@cf21d78
----------------- Done invoking toplevel() on ptolemy.moml.MoMLSimpleApplication@cf21d78
reloadAllAccessors: .PublisherSubscriberExpression

===========================================================================================
----------------- testing Fri Jun 28 18:05:35 UTC 2019 /home/travis/build/icyphy/ptII/ptolemy/actor/lib/test/auto/PublisherSubscriberOpaque.xml
----------------- Instantiating /home/travis/build/icyphy/ptII/ptolemy/actor/lib/test/auto/PublisherSubscriberOpaque.xml
3 ms. Memory: 650240K Free: 329726K (51%)
----------------- Invoking toplevel() on ptolemy.moml.MoMLSimpleApplication@5f9b9330
----------------- Done invoking toplevel() on ptolemy.moml.MoMLSimpleApplication@5f9b9330
reloadAllAccessors: .PublisherSubscriberOpaque

===========================================================================================
----------------- testing Fri Jun 28 18:05:35 UTC 2019 /home/travis/build/icyphy/ptII/ptolemy/actor/lib/test/auto/PublisherSubscriberOpaqueD3.xml
----------------- Instantiating /home/travis/build/icyphy/ptII/ptolemy/actor/lib/test/auto/PublisherSubscriberOpaqueD3.xml
5 ms. Memory: 650240K Free: 317952K (49%)
----------------- Invoking toplevel() on ptolemy.moml.MoMLSimpleApplication@42cca2d0
----------------- Done invoking toplevel() on ptolemy.moml.MoMLSimpleApplication@42cca2d0
reloadAllAccessors: .PublisherSubscriberOpaqueD3

===========================================================================================
----------------- testing Fri Jun 28 18:05:35 UTC 2019 /home/travis/build/icyphy/ptII/ptolemy/actor/lib/test/auto/PublisherSubscriberOpaqueD3Reverse.xml
----------------- Instantiating /home/travis/build/icyphy/ptII/ptolemy/actor/lib/test/auto/PublisherSubscriberOpaqueD3Reverse.xml
8 ms. Memory: 650240K Free: 307198K (47%)
----------------- Invoking toplevel() on ptolemy.moml.MoMLSimpleApplication@20591456
----------------- Done invoking toplevel() on ptolemy.moml.MoMLSimpleApplication@20591456
reloadAllAccessors: .PublisherSubscriberOpaqueD3Reverse

===========================================================================================
----------------- testing Fri Jun 28 18:05:35 UTC 2019 /home/travis/build/icyphy/ptII/ptolemy/actor/lib/test/auto/PublisherSubscriberOpaqueWidthInference.xml
----------------- Instantiating /home/travis/build/icyphy/ptII/ptolemy/actor/lib/test/auto/PublisherSubscriberOpaqueWidthInference.xml
5 ms. Memory: 650240K Free: 298991K (46%)
----------------- Invoking toplevel() on ptolemy.moml.MoMLSimpleApplication@408a17c4
----------------- Done invoking toplevel() on ptolemy.moml.MoMLSimpleApplication@408a17c4
reloadAllAccessors: .PublisherSubscriberOpaqueWidthInference

===========================================================================================
----------------- testing Fri Jun 28 18:05:35 UTC 2019 /home/travis/build/icyphy/ptII/ptolemy/actor/lib/test/auto/PublisherTestSubscriber.xml
----------------- Instantiating /home/travis/build/icyphy/ptII/ptolemy/actor/lib/test/auto/PublisherTestSubscriber.xml
4 ms. Memory: 650240K Free: 291328K (45%)
----------------- Invoking toplevel() on ptolemy.moml.MoMLSimpleApplication@4373c810
----------------- Done invoking toplevel() on ptolemy.moml.MoMLSimpleApplication@4373c810
reloadAllAccessors: .PublisherTestSubscriber

===========================================================================================
----------------- testing Fri Jun 28 18:05:35 UTC 2019 /home/travis/build/icyphy/ptII/ptolemy/actor/lib/test/auto/PublisherToplevelSubscriberPortAOC.xml
----------------- Instantiating /home/travis/build/icyphy/ptII/ptolemy/actor/lib/test/auto/PublisherToplevelSubscriberPortAOC.xml
2 ms. Memory: 650240K Free: 285184K (44%)
----------------- Invoking toplevel() on ptolemy.moml.MoMLSimpleApplication@318805bd
----------------- Done invoking toplevel() on ptolemy.moml.MoMLSimpleApplication@318805bd
reloadAllAccessors: .PublisherToplevelSubscriberPortAOC

===========================================================================================
----------------- testing Fri Jun 28 18:05:35 UTC 2019 /home/travis/build/icyphy/ptII/ptolemy/actor/lib/test/auto/PulseFiringLimitDE.xml
----------------- Instantiating /home/travis/build/icyphy/ptII/ptolemy/actor/lib/test/auto/PulseFiringLimitDE.xml
4 ms. Memory: 650240K Free: 278526K (43%)
----------------- Invoking toplevel() on ptolemy.moml.MoMLSimpleApplication@50f32b9
----------------- Done invoking toplevel() on ptolemy.moml.MoMLSimpleApplication@50f32b9
reloadAllAccessors: .PulseFiringLimitDE

===========================================================================================
----------------- testing Fri Jun 28 18:05:35 UTC 2019 /home/travis/build/icyphy/ptII/ptolemy/actor/lib/test/auto/Ramp1.xml
----------------- Instantiating /home/travis/build/icyphy/ptII/ptolemy/actor/lib/test/auto/Ramp1.xml
6 ms. Memory: 650240K Free: 274430K (42%)
----------------- Invoking toplevel() on ptolemy.moml.MoMLSimpleApplication@550c82c2
----------------- Done invoking toplevel() on ptolemy.moml.MoMLSimpleApplication@550c82c2
reloadAllAccessors: .Ramp1

===========================================================================================
----------------- testing Fri Jun 28 18:05:35 UTC 2019 /home/travis/build/icyphy/ptII/ptolemy/actor/lib/test/auto/RampFiringLimitDE.xml
----------------- Instantiating /home/travis/build/icyphy/ptII/ptolemy/actor/lib/test/auto/RampFiringLimitDE.xml
2 ms. Memory: 650240K Free: 268271K (41%)
----------------- Invoking toplevel() on ptolemy.moml.MoMLSimpleApplication@61c61747
----------------- Done invoking toplevel() on ptolemy.moml.MoMLSimpleApplication@61c61747
reloadAllAccessors: .RampFiringLimitDE

===========================================================================================
----------------- testing Fri Jun 28 18:05:35 UTC 2019 /home/travis/build/icyphy/ptII/ptolemy/actor/lib/test/auto/RampFiringLimitSDF.xml
----------------- Instantiating /home/travis/build/icyphy/ptII/ptolemy/actor/lib/test/auto/RampFiringLimitSDF.xml
2 ms. Memory: 650240K Free: 263151K (40%)
----------------- Invoking toplevel() on ptolemy.moml.MoMLSimpleApplication@d649b9e
----------------- Done invoking toplevel() on ptolemy.moml.MoMLSimpleApplication@d649b9e
reloadAllAccessors: .RampFiringLimitSDF

===========================================================================================
----------------- testing Fri Jun 28 18:05:35 UTC 2019 /home/travis/build/icyphy/ptII/ptolemy/actor/lib/test/auto/RandomInteger.xml
----------------- Instantiating /home/travis/build/icyphy/ptII/ptolemy/actor/lib/test/auto/RandomInteger.xml
1 ms. Memory: 650240K Free: 259070K (40%)
----------------- Invoking toplevel() on ptolemy.moml.MoMLSimpleApplication@d8e1065
----------------- Done invoking toplevel() on ptolemy.moml.MoMLSimpleApplication@d8e1065
reloadAllAccessors: .RandomInteger

===========================================================================================
----------------- testing Fri Jun 28 18:05:35 UTC 2019 /home/travis/build/icyphy/ptII/ptolemy/actor/lib/test/auto/ReadFile1.xml
----------------- Instantiating /home/travis/build/icyphy/ptII/ptolemy/actor/lib/test/auto/ReadFile1.xml
2 ms. Memory: 650240K Free: 253950K (39%)
----------------- Invoking toplevel() on ptolemy.moml.MoMLSimpleApplication@50ef9836
----------------- Done invoking toplevel() on ptolemy.moml.MoMLSimpleApplication@50ef9836
reloadAllAccessors: .ReadFile1

===========================================================================================
----------------- testing Fri Jun 28 18:05:35 UTC 2019 /home/travis/build/icyphy/ptII/ptolemy/actor/lib/test/auto/ReadFile2.xml
----------------- Instantiating /home/travis/build/icyphy/ptII/ptolemy/actor/lib/test/auto/ReadFile2.xml
1 ms. Memory: 650240K Free: 249854K (38%)
----------------- Invoking toplevel() on ptolemy.moml.MoMLSimpleApplication@3deb0738
----------------- Done invoking toplevel() on ptolemy.moml.MoMLSimpleApplication@3deb0738
reloadAllAccessors: .ReadFile2

===========================================================================================
----------------- testing Fri Jun 28 18:05:35 UTC 2019 /home/travis/build/icyphy/ptII/ptolemy/actor/lib/test/auto/Reader.xml
----------------- Instantiating /home/travis/build/icyphy/ptII/ptolemy/actor/lib/test/auto/Reader.xml
actor.lib.Reader is obsolete, use actor.lib.io.ExpressionReader instead
4 ms. Memory: 650240K Free: 245758K (38%)
----------------- Invoking toplevel() on ptolemy.moml.MoMLSimpleApplication@6407a8ac
----------------- Done invoking toplevel() on ptolemy.moml.MoMLSimpleApplication@6407a8ac
reloadAllAccessors: .Reader

===========================================================================================
----------------- testing Fri Jun 28 18:05:35 UTC 2019 /home/travis/build/icyphy/ptII/ptolemy/actor/lib/test/auto/RecordAssemblerDisplayNameTest.xml
----------------- Instantiating /home/travis/build/icyphy/ptII/ptolemy/actor/lib/test/auto/RecordAssemblerDisplayNameTest.xml
4047 ms. Memory: 650240K Free: 572416K (88%)
----------------- Invoking toplevel() on ptolemy.moml.MoMLSimpleApplication@23851d66
----------------- Done invoking toplevel() on ptolemy.moml.MoMLSimpleApplication@23851d66
reloadAllAccessors: .RecordAssemblerDisplayNameTest

===========================================================================================
----------------- testing Fri Jun 28 18:05:39 UTC 2019 /home/travis/build/icyphy/ptII/ptolemy/actor/lib/test/auto/RecordAssemblerTypeError.xml
----------------- Instantiating /home/travis/build/icyphy/ptII/ptolemy/actor/lib/test/auto/RecordAssemblerTypeError.xml
9 ms. Memory: 650240K Free: 562686K (87%)
----------------- Invoking toplevel() on ptolemy.moml.MoMLSimpleApplication@17094970
----------------- Done invoking toplevel() on ptolemy.moml.MoMLSimpleApplication@17094970
reloadAllAccessors: .RecordAssemblerTypeError

===========================================================================================
----------------- testing Fri Jun 28 18:05:39 UTC 2019 /home/travis/build/icyphy/ptII/ptolemy/actor/lib/test/auto/RecordDisassember.xml
----------------- Instantiating /home/travis/build/icyphy/ptII/ptolemy/actor/lib/test/auto/RecordDisassember.xml
16 ms. Memory: 650240K Free: 557559K (86%)
----------------- Invoking toplevel() on ptolemy.moml.MoMLSimpleApplication@7ff69dc7
----------------- Done invoking toplevel() on ptolemy.moml.MoMLSimpleApplication@7ff69dc7
reloadAllAccessors: .RecordDisassember

===========================================================================================
----------------- testing Fri Jun 28 18:05:39 UTC 2019 /home/travis/build/icyphy/ptII/ptolemy/actor/lib/test/auto/RecordDisassemberDisplayNameTest.xml
----------------- Instantiating /home/travis/build/icyphy/ptII/ptolemy/actor/lib/test/auto/RecordDisassemberDisplayNameTest.xml
8 ms. Memory: 650240K Free: 549374K (84%)
----------------- Invoking toplevel() on ptolemy.moml.MoMLSimpleApplication@544eb40e
----------------- Done invoking toplevel() on ptolemy.moml.MoMLSimpleApplication@544eb40e
reloadAllAccessors: .RecordDisassemberDisplayNameTest

===========================================================================================
----------------- testing Fri Jun 28 18:05:39 UTC 2019 /home/travis/build/icyphy/ptII/ptolemy/actor/lib/test/auto/RecordDisassembler.xml
----------------- Instantiating /home/travis/build/icyphy/ptII/ptolemy/actor/lib/test/auto/RecordDisassembler.xml
3 ms. Memory: 650240K Free: 544223K (84%)
----------------- Invoking toplevel() on ptolemy.moml.MoMLSimpleApplication@37a8b22a
----------------- Done invoking toplevel() on ptolemy.moml.MoMLSimpleApplication@37a8b22a
reloadAllAccessors: .RecordDisassembler

===========================================================================================
----------------- testing Fri Jun 28 18:05:39 UTC 2019 /home/travis/build/icyphy/ptII/ptolemy/actor/lib/test/auto/RecordDisassembler2.xml
----------------- Instantiating /home/travis/build/icyphy/ptII/ptolemy/actor/lib/test/auto/RecordDisassembler2.xml
3 ms. Memory: 650240K Free: 539103K (83%)
----------------- Invoking toplevel() on ptolemy.moml.MoMLSimpleApplication@1b6a58ef
----------------- Done invoking toplevel() on ptolemy.moml.MoMLSimpleApplication@1b6a58ef
reloadAllAccessors: .RecordDisassembler2

===========================================================================================
----------------- testing Fri Jun 28 18:05:39 UTC 2019 /home/travis/build/icyphy/ptII/ptolemy/actor/lib/test/auto/RecordUpdater.xml
----------------- Instantiating /home/travis/build/icyphy/ptII/ptolemy/actor/lib/test/auto/RecordUpdater.xml
2 ms. Memory: 650240K Free: 534014K (82%)
----------------- Invoking toplevel() on ptolemy.moml.MoMLSimpleApplication@44f95b34
----------------- Done invoking toplevel() on ptolemy.moml.MoMLSimpleApplication@44f95b34
reloadAllAccessors: .RecordUpdater

===========================================================================================
----------------- testing Fri Jun 28 18:05:39 UTC 2019 /home/travis/build/icyphy/ptII/ptolemy/actor/lib/test/auto/RecordUpdater2.xml
----------------- Instantiating /home/travis/build/icyphy/ptII/ptolemy/actor/lib/test/auto/RecordUpdater2.xml
2 ms. Memory: 650240K Free: 528894K (81%)
----------------- Invoking toplevel() on ptolemy.moml.MoMLSimpleApplication@691edc32
----------------- Done invoking toplevel() on ptolemy.moml.MoMLSimpleApplication@691edc32
reloadAllAccessors: .RecordUpdater2

===========================================================================================
----------------- testing Fri Jun 28 18:05:39 UTC 2019 /home/travis/build/icyphy/ptII/ptolemy/actor/lib/test/auto/RecursiveLattice.xml
----------------- Instantiating /home/travis/build/icyphy/ptII/ptolemy/actor/lib/test/auto/RecursiveLattice.xml
2 ms. Memory: 650240K Free: 524798K (81%)
----------------- Invoking toplevel() on ptolemy.moml.MoMLSimpleApplication@6fee88ef
----------------- Done invoking toplevel() on ptolemy.moml.MoMLSimpleApplication@6fee88ef
reloadAllAccessors: .RecursiveLattice

===========================================================================================
----------------- testing Fri Jun 28 18:05:40 UTC 2019 /home/travis/build/icyphy/ptII/ptolemy/actor/lib/test/auto/Router.xml
----------------- Instantiating /home/travis/build/icyphy/ptII/ptolemy/actor/lib/test/auto/Router.xml
3005 ms. Memory: 650240K Free: 513534K (79%)
----------------- Invoking toplevel() on ptolemy.moml.MoMLSimpleApplication@26e062b0
----------------- Done invoking toplevel() on ptolemy.moml.MoMLSimpleApplication@26e062b0
reloadAllAccessors: .Router

===========================================================================================
----------------- testing Fri Jun 28 18:05:43 UTC 2019 /home/travis/build/icyphy/ptII/ptolemy/actor/lib/test/auto/Router2.xml
----------------- Instantiating /home/travis/build/icyphy/ptII/ptolemy/actor/lib/test/auto/Router2.xml
3004 ms. Memory: 650240K Free: 502784K (77%)
----------------- Invoking toplevel() on ptolemy.moml.MoMLSimpleApplication@6148344a
----------------- Done invoking toplevel() on ptolemy.moml.MoMLSimpleApplication@6148344a
reloadAllAccessors: .Router2

===========================================================================================
----------------- testing Fri Jun 28 18:05:46 UTC 2019 /home/travis/build/icyphy/ptII/ptolemy/actor/lib/test/auto/RunningMaximum.xml
----------------- Instantiating /home/travis/build/icyphy/ptII/ptolemy/actor/lib/test/auto/RunningMaximum.xml
3 ms. Memory: 650240K Free: 498174K (77%)
----------------- Invoking toplevel() on ptolemy.moml.MoMLSimpleApplication@6a9941d8
----------------- Done invoking toplevel() on ptolemy.moml.MoMLSimpleApplication@6a9941d8
reloadAllAccessors: .RunningMaximum

===========================================================================================
----------------- testing Fri Jun 28 18:05:46 UTC 2019 /home/travis/build/icyphy/ptII/ptolemy/actor/lib/test/auto/RunningMinimum.xml
----------------- Instantiating /home/travis/build/icyphy/ptII/ptolemy/actor/lib/test/auto/RunningMinimum.xml
11 ms. Memory: 650240K Free: 493568K (76%)
----------------- Invoking toplevel() on ptolemy.moml.MoMLSimpleApplication@4b739081
----------------- Done invoking toplevel() on ptolemy.moml.MoMLSimpleApplication@4b739081
reloadAllAccessors: .RunningMinimum

===========================================================================================
----------------- testing Fri Jun 28 18:05:46 UTC 2019 /home/travis/build/icyphy/ptII/ptolemy/actor/lib/test/auto/Scale.xml
----------------- Instantiating /home/travis/build/icyphy/ptII/ptolemy/actor/lib/test/auto/Scale.xml
2 ms. Memory: 650240K Free: 488958K (75%)
----------------- Invoking toplevel() on ptolemy.moml.MoMLSimpleApplication@72532e68
----------------- Done invoking toplevel() on ptolemy.moml.MoMLSimpleApplication@72532e68
reloadAllAccessors: .Scale

===========================================================================================
----------------- testing Fri Jun 28 18:05:46 UTC 2019 /home/travis/build/icyphy/ptII/ptolemy/actor/lib/test/auto/Scale2.xml
----------------- Instantiating /home/travis/build/icyphy/ptII/ptolemy/actor/lib/test/auto/Scale2.xml
2 ms. Memory: 650240K Free: 483838K (74%)
----------------- Invoking toplevel() on ptolemy.moml.MoMLSimpleApplication@8f66a8c
----------------- Done invoking toplevel() on ptolemy.moml.MoMLSimpleApplication@8f66a8c
reloadAllAccessors: .Scale2

===========================================================================================
----------------- testing Fri Jun 28 18:05:46 UTC 2019 /home/travis/build/icyphy/ptII/ptolemy/actor/lib/test/auto/Scale3.xml
----------------- Instantiating /home/travis/build/icyphy/ptII/ptolemy/actor/lib/test/auto/Scale3.xml
15 ms. Memory: 650240K Free: 477184K (73%)
----------------- Invoking toplevel() on ptolemy.moml.MoMLSimpleApplication@22f31b49
----------------- Done invoking toplevel() on ptolemy.moml.MoMLSimpleApplication@22f31b49
reloadAllAccessors: .Scale3

===========================================================================================
----------------- testing Fri Jun 28 18:05:46 UTC 2019 /home/travis/build/icyphy/ptII/ptolemy/actor/lib/test/auto/ScaleArray.xml
----------------- Instantiating /home/travis/build/icyphy/ptII/ptolemy/actor/lib/test/auto/ScaleArray.xml
3 ms. Memory: 650240K Free: 472574K (73%)
----------------- Invoking toplevel() on ptolemy.moml.MoMLSimpleApplication@433e1d75
----------------- Done invoking toplevel() on ptolemy.moml.MoMLSimpleApplication@433e1d75
reloadAllAccessors: .ScaleArray

===========================================================================================
----------------- testing Fri Jun 28 18:05:46 UTC 2019 /home/travis/build/icyphy/ptII/ptolemy/actor/lib/test/auto/ScaleArray2.xml
----------------- Instantiating /home/travis/build/icyphy/ptII/ptolemy/actor/lib/test/auto/ScaleArray2.xml
2 ms. Memory: 650240K Free: 467968K (72%)
----------------- Invoking toplevel() on ptolemy.moml.MoMLSimpleApplication@41567e06
----------------- Done invoking toplevel() on ptolemy.moml.MoMLSimpleApplication@41567e06
reloadAllAccessors: .ScaleArray2

===========================================================================================
----------------- testing Fri Jun 28 18:05:46 UTC 2019 /home/travis/build/icyphy/ptII/ptolemy/actor/lib/test/auto/ScaleMatrix.xml
----------------- Instantiating /home/travis/build/icyphy/ptII/ptolemy/actor/lib/test/auto/ScaleMatrix.xml
154 ms. Memory: 650240K Free: 452608K (70%)
----------------- Invoking toplevel() on ptolemy.moml.MoMLSimpleApplication@21b09582
----------------- Done invoking toplevel() on ptolemy.moml.MoMLSimpleApplication@21b09582
reloadAllAccessors: .ScaleMatrix

===========================================================================================
----------------- testing Fri Jun 28 18:05:46 UTC 2019 /home/travis/build/icyphy/ptII/ptolemy/actor/lib/test/auto/Select.xml
----------------- Instantiating /home/travis/build/icyphy/ptII/ptolemy/actor/lib/test/auto/Select.xml
2 ms. Memory: 650240K Free: 446464K (69%)
----------------- Invoking toplevel() on ptolemy.moml.MoMLSimpleApplication@77b6bbc8
----------------- Done invoking toplevel() on ptolemy.moml.MoMLSimpleApplication@77b6bbc8
reloadAllAccessors: .Select

===========================================================================================
----------------- testing Fri Jun 28 18:05:46 UTC 2019 /home/travis/build/icyphy/ptII/ptolemy/actor/lib/test/auto/Select2.xml
----------------- Instantiating /home/travis/build/icyphy/ptII/ptolemy/actor/lib/test/auto/Select2.xml
1 ms. Memory: 650240K Free: 441854K (68%)
----------------- Invoking toplevel() on ptolemy.moml.MoMLSimpleApplication@40e41a00
----------------- Done invoking toplevel() on ptolemy.moml.MoMLSimpleApplication@40e41a00
reloadAllAccessors: .Select2

===========================================================================================
----------------- testing Fri Jun 28 18:05:46 UTC 2019 /home/travis/build/icyphy/ptII/ptolemy/actor/lib/test/auto/SequenceToArray2.xml
----------------- Instantiating /home/travis/build/icyphy/ptII/ptolemy/actor/lib/test/auto/SequenceToArray2.xml
80 ms. Memory: 650240K Free: 417792K (64%)
----------------- Invoking toplevel() on ptolemy.moml.MoMLSimpleApplication@2033f046
----------------- Done invoking toplevel() on ptolemy.moml.MoMLSimpleApplication@2033f046
reloadAllAccessors: .SequenceToArray2

===========================================================================================
----------------- testing Fri Jun 28 18:05:46 UTC 2019 /home/travis/build/icyphy/ptII/ptolemy/actor/lib/test/auto/SequentialClock.xml
----------------- Instantiating /home/travis/build/icyphy/ptII/ptolemy/actor/lib/test/auto/SequentialClock.xml
1 ms. Memory: 650240K Free: 413182K (64%)
----------------- Invoking toplevel() on ptolemy.moml.MoMLSimpleApplication@59f626f7
----------------- Done invoking toplevel() on ptolemy.moml.MoMLSimpleApplication@59f626f7
reloadAllAccessors: .SequentialClock

===========================================================================================
----------------- testing Fri Jun 28 18:05:46 UTC 2019 /home/travis/build/icyphy/ptII/ptolemy/actor/lib/test/auto/SetVariable.xml
----------------- Instantiating /home/travis/build/icyphy/ptII/ptolemy/actor/lib/test/auto/SetVariable.xml
7 ms. Memory: 650240K Free: 408576K (63%)
----------------- Invoking toplevel() on ptolemy.moml.MoMLSimpleApplication@462b7b7d
----------------- Done invoking toplevel() on ptolemy.moml.MoMLSimpleApplication@462b7b7d
reloadAllAccessors: .SetVariable

===========================================================================================
----------------- testing Fri Jun 28 18:05:46 UTC 2019 /home/travis/build/icyphy/ptII/ptolemy/actor/lib/test/auto/SetVariable2.xml
----------------- Instantiating /home/travis/build/icyphy/ptII/ptolemy/actor/lib/test/auto/SetVariable2.xml
5 ms. Memory: 650240K Free: 403456K (62%)
----------------- Invoking toplevel() on ptolemy.moml.MoMLSimpleApplication@73d4ace1
----------------- Done invoking toplevel() on ptolemy.moml.MoMLSimpleApplication@73d4ace1
reloadAllAccessors: .SetVariable2

===========================================================================================
----------------- testing Fri Jun 28 18:05:46 UTC 2019 /home/travis/build/icyphy/ptII/ptolemy/actor/lib/test/auto/SetVariable3.xml
----------------- Instantiating /home/travis/build/icyphy/ptII/ptolemy/actor/lib/test/auto/SetVariable3.xml
7 ms. Memory: 650240K Free: 397822K (61%)
----------------- Invoking toplevel() on ptolemy.moml.MoMLSimpleApplication@6b3b4e3c
----------------- Done invoking toplevel() on ptolemy.moml.MoMLSimpleApplication@6b3b4e3c
reloadAllAccessors: .SetVariable3

===========================================================================================
----------------- testing Fri Jun 28 18:05:46 UTC 2019 /home/travis/build/icyphy/ptII/ptolemy/actor/lib/test/auto/SetVariable4.xml
----------------- Instantiating /home/travis/build/icyphy/ptII/ptolemy/actor/lib/test/auto/SetVariable4.xml
18 ms. Memory: 650240K Free: 388094K (60%)
----------------- Invoking toplevel() on ptolemy.moml.MoMLSimpleApplication@7e7cb9cf
----------------- Done invoking toplevel() on ptolemy.moml.MoMLSimpleApplication@7e7cb9cf
reloadAllAccessors: .SetVariable4

===========================================================================================
----------------- testing Fri Jun 28 18:05:46 UTC 2019 /home/travis/build/icyphy/ptII/ptolemy/actor/lib/test/auto/SetVariable5.xml
----------------- Instantiating /home/travis/build/icyphy/ptII/ptolemy/actor/lib/test/auto/SetVariable5.xml
22 ms. Memory: 650240K Free: 378880K (58%)
----------------- Invoking toplevel() on ptolemy.moml.MoMLSimpleApplication@77da2dfb
----------------- Done invoking toplevel() on ptolemy.moml.MoMLSimpleApplication@77da2dfb
reloadAllAccessors: .SetVariable5

===========================================================================================
----------------- testing Fri Jun 28 18:05:46 UTC 2019 /home/travis/build/icyphy/ptII/ptolemy/actor/lib/test/auto/Sinewave.xml
----------------- Instantiating /home/travis/build/icyphy/ptII/ptolemy/actor/lib/test/auto/Sinewave.xml
5 ms. Memory: 650240K Free: 368126K (57%)
----------------- Invoking toplevel() on ptolemy.moml.MoMLSimpleApplication@b4ebe70
----------------- Done invoking toplevel() on ptolemy.moml.MoMLSimpleApplication@b4ebe70
reloadAllAccessors: .Sinewave

===========================================================================================
----------------- testing Fri Jun 28 18:05:46 UTC 2019 /home/travis/build/icyphy/ptII/ptolemy/actor/lib/test/auto/Sinewave2.xml
----------------- Instantiating /home/travis/build/icyphy/ptII/ptolemy/actor/lib/test/auto/Sinewave2.xml
5 ms. Memory: 650240K Free: 359424K (55%)
----------------- Invoking toplevel() on ptolemy.moml.MoMLSimpleApplication@d99152c
----------------- Done invoking toplevel() on ptolemy.moml.MoMLSimpleApplication@d99152c
reloadAllAccessors: .Sinewave2

===========================================================================================
----------------- testing Fri Jun 28 18:05:46 UTC 2019 /home/travis/build/icyphy/ptII/ptolemy/actor/lib/test/auto/Sinewave3.xml
----------------- Instantiating /home/travis/build/icyphy/ptII/ptolemy/actor/lib/test/auto/Sinewave3.xml
12 ms. Memory: 650240K Free: 351232K (54%)
----------------- Invoking toplevel() on ptolemy.moml.MoMLSimpleApplication@1edf8fb5
----------------- Done invoking toplevel() on ptolemy.moml.MoMLSimpleApplication@1edf8fb5
reloadAllAccessors: .Sinewave3

===========================================================================================
----------------- testing Fri Jun 28 18:05:46 UTC 2019 /home/travis/build/icyphy/ptII/ptolemy/actor/lib/test/auto/SingleEvent.xml
----------------- Instantiating /home/travis/build/icyphy/ptII/ptolemy/actor/lib/test/auto/SingleEvent.xml
2 ms. Memory: 650240K Free: 347136K (53%)
----------------- Invoking toplevel() on ptolemy.moml.MoMLSimpleApplication@671bcb18
----------------- Done invoking toplevel() on ptolemy.moml.MoMLSimpleApplication@671bcb18
reloadAllAccessors: .SingleEvent

===========================================================================================
----------------- testing Fri Jun 28 18:05:46 UTC 2019 /home/travis/build/icyphy/ptII/ptolemy/actor/lib/test/auto/Sleep.xml
----------------- Instantiating /home/travis/build/icyphy/ptII/ptolemy/actor/lib/test/auto/Sleep.xml
6005 ms. Memory: 650240K Free: 340992K (52%)
----------------- Invoking toplevel() on ptolemy.moml.MoMLSimpleApplication@324cbf7a
----------------- Done invoking toplevel() on ptolemy.moml.MoMLSimpleApplication@324cbf7a
reloadAllAccessors: .Sleep

===========================================================================================
----------------- testing Fri Jun 28 18:05:52 UTC 2019 /home/travis/build/icyphy/ptII/ptolemy/actor/lib/test/auto/SleepMultipleFire.xml
----------------- Instantiating /home/travis/build/icyphy/ptII/ptolemy/actor/lib/test/auto/SleepMultipleFire.xml
1008 ms. Memory: 650240K Free: 335358K (52%)
----------------- Invoking toplevel() on ptolemy.moml.MoMLSimpleApplication@217c6063
----------------- Done invoking toplevel() on ptolemy.moml.MoMLSimpleApplication@217c6063
reloadAllAccessors: .SleepMultipleFire

===========================================================================================
----------------- testing Fri Jun 28 18:05:53 UTC 2019 /home/travis/build/icyphy/ptII/ptolemy/actor/lib/test/auto/StopDE.xml
----------------- Instantiating /home/travis/build/icyphy/ptII/ptolemy/actor/lib/test/auto/StopDE.xml
3 ms. Memory: 650240K Free: 329728K (51%)
----------------- Invoking toplevel() on ptolemy.moml.MoMLSimpleApplication@4e1430e0
----------------- Done invoking toplevel() on ptolemy.moml.MoMLSimpleApplication@4e1430e0
reloadAllAccessors: .StopDE

===========================================================================================
----------------- testing Fri Jun 28 18:05:53 UTC 2019 /home/travis/build/icyphy/ptII/ptolemy/actor/lib/test/auto/StopSDF.xml
----------------- Instantiating /home/travis/build/icyphy/ptII/ptolemy/actor/lib/test/auto/StopSDF.xml
3 ms. Memory: 650240K Free: 324094K (50%)
----------------- Invoking toplevel() on ptolemy.moml.MoMLSimpleApplication@72ad4732
----------------- Done invoking toplevel() on ptolemy.moml.MoMLSimpleApplication@72ad4732
reloadAllAccessors: .StopSDF

===========================================================================================
----------------- testing Fri Jun 28 18:05:53 UTC 2019 /home/travis/build/icyphy/ptII/ptolemy/actor/lib/test/auto/StringConstant.xml
----------------- Instantiating /home/travis/build/icyphy/ptII/ptolemy/actor/lib/test/auto/StringConstant.xml
2 ms. Memory: 650240K Free: 319998K (49%)
----------------- Invoking toplevel() on ptolemy.moml.MoMLSimpleApplication@2c991ccf
----------------- Done invoking toplevel() on ptolemy.moml.MoMLSimpleApplication@2c991ccf
reloadAllAccessors: .StringConstant

===========================================================================================
----------------- testing Fri Jun 28 18:05:53 UTC 2019 /home/travis/build/icyphy/ptII/ptolemy/actor/lib/test/auto/SubscriberPortInitialValues1.xml
----------------- Instantiating /home/travis/build/icyphy/ptII/ptolemy/actor/lib/test/auto/SubscriberPortInitialValues1.xml
11 ms. Memory: 650240K Free: 311296K (48%)
----------------- Invoking toplevel() on ptolemy.moml.MoMLSimpleApplication@4bfa9263
----------------- Done invoking toplevel() on ptolemy.moml.MoMLSimpleApplication@4bfa9263
reloadAllAccessors: .SubscriberPortInitialValues1

===========================================================================================
----------------- testing Fri Jun 28 18:05:53 UTC 2019 /home/travis/build/icyphy/ptII/ptolemy/actor/lib/test/auto/SubscriberPortInitialValues13.xml
----------------- Instantiating /home/travis/build/icyphy/ptII/ptolemy/actor/lib/test/auto/SubscriberPortInitialValues13.xml
6 ms. Memory: 650240K Free: 298494K (46%)
----------------- Invoking toplevel() on ptolemy.moml.MoMLSimpleApplication@6c85d13
----------------- Done invoking toplevel() on ptolemy.moml.MoMLSimpleApplication@6c85d13
reloadAllAccessors: .SubscriberPortInitialValues13

===========================================================================================
----------------- testing Fri Jun 28 18:05:54 UTC 2019 /home/travis/build/icyphy/ptII/ptolemy/actor/lib/test/auto/SubscriberPortInitialValues14.xml
----------------- Instantiating /home/travis/build/icyphy/ptII/ptolemy/actor/lib/test/auto/SubscriberPortInitialValues14.xml
5 ms. Memory: 650240K Free: 290816K (45%)
----------------- Invoking toplevel() on ptolemy.moml.MoMLSimpleApplication@53ac380e
----------------- Done invoking toplevel() on ptolemy.moml.MoMLSimpleApplication@53ac380e
reloadAllAccessors: .SubscriberPortInitialValues14

===========================================================================================
----------------- testing Fri Jun 28 18:05:54 UTC 2019 /home/travis/build/icyphy/ptII/ptolemy/actor/lib/test/auto/SubscriberPortInitialValues2.xml
----------------- Instantiating /home/travis/build/icyphy/ptII/ptolemy/actor/lib/test/auto/SubscriberPortInitialValues2.xml
5 ms. Memory: 650240K Free: 283134K (44%)
----------------- Invoking toplevel() on ptolemy.moml.MoMLSimpleApplication@62facd12
----------------- Done invoking toplevel() on ptolemy.moml.MoMLSimpleApplication@62facd12
reloadAllAccessors: .SubscriberPortInitialValues2

===========================================================================================
----------------- testing Fri Jun 28 18:05:54 UTC 2019 /home/travis/build/icyphy/ptII/ptolemy/actor/lib/test/auto/SubscriberPortInitialValues3.xml
----------------- Instantiating /home/travis/build/icyphy/ptII/ptolemy/actor/lib/test/auto/SubscriberPortInitialValues3.xml
4 ms. Memory: 650240K Free: 271870K (42%)
----------------- Invoking toplevel() on ptolemy.moml.MoMLSimpleApplication@136fd81c
----------------- Done invoking toplevel() on ptolemy.moml.MoMLSimpleApplication@136fd81c
reloadAllAccessors: .SubscriberPortInitialValues3

===========================================================================================
----------------- testing Fri Jun 28 18:05:54 UTC 2019 /home/travis/build/icyphy/ptII/ptolemy/actor/lib/test/auto/SubscriptionAggregator.xml
----------------- Instantiating /home/travis/build/icyphy/ptII/ptolemy/actor/lib/test/auto/SubscriptionAggregator.xml
3 ms. Memory: 650240K Free: 265216K (41%)
----------------- Invoking toplevel() on ptolemy.moml.MoMLSimpleApplication@adc049b
----------------- Done invoking toplevel() on ptolemy.moml.MoMLSimpleApplication@adc049b
reloadAllAccessors: .SubscriptionAggregator

===========================================================================================
----------------- testing Fri Jun 28 18:05:54 UTC 2019 /home/travis/build/icyphy/ptII/ptolemy/actor/lib/test/auto/SubscriptionAggregator2.xml
----------------- Instantiating /home/travis/build/icyphy/ptII/ptolemy/actor/lib/test/auto/SubscriptionAggregator2.xml
3 ms. Memory: 650240K Free: 258551K (40%)
----------------- Invoking toplevel() on ptolemy.moml.MoMLSimpleApplication@aa3cf71
----------------- Done invoking toplevel() on ptolemy.moml.MoMLSimpleApplication@aa3cf71
reloadAllAccessors: .SubscriptionAggregator2

===========================================================================================
----------------- testing Fri Jun 28 18:05:54 UTC 2019 /home/travis/build/icyphy/ptII/ptolemy/actor/lib/test/auto/SubscriptionAggregator3.xml
----------------- Instantiating /home/travis/build/icyphy/ptII/ptolemy/actor/lib/test/auto/SubscriptionAggregator3.xml
5 ms. Memory: 650240K Free: 249342K (38%)
----------------- Invoking toplevel() on ptolemy.moml.MoMLSimpleApplication@39875550
----------------- Done invoking toplevel() on ptolemy.moml.MoMLSimpleApplication@39875550
reloadAllAccessors: .SubscriptionAggregator3

===========================================================================================
----------------- testing Fri Jun 28 18:05:54 UTC 2019 /home/travis/build/icyphy/ptII/ptolemy/actor/lib/test/auto/SubscriptionAggregatorMultiply.xml
----------------- Instantiating /home/travis/build/icyphy/ptII/ptolemy/actor/lib/test/auto/SubscriptionAggregatorMultiply.xml
14 ms. Memory: 650240K Free: 240640K (37%)
----------------- Invoking toplevel() on ptolemy.moml.MoMLSimpleApplication@64906df0
----------------- Done invoking toplevel() on ptolemy.moml.MoMLSimpleApplication@64906df0
reloadAllAccessors: .SubscriptionAggregatorMultiply

===========================================================================================
----------------- testing Fri Jun 28 18:05:54 UTC 2019 /home/travis/build/icyphy/ptII/ptolemy/actor/lib/test/auto/SubscriptionAggregatorPortMultiply1.xml
----------------- Instantiating /home/travis/build/icyphy/ptII/ptolemy/actor/lib/test/auto/SubscriptionAggregatorPortMultiply1.xml
5 ms. Memory: 650240K Free: 232958K (36%)
----------------- Invoking toplevel() on ptolemy.moml.MoMLSimpleApplication@7f5da96f
----------------- Done invoking toplevel() on ptolemy.moml.MoMLSimpleApplication@7f5da96f
reloadAllAccessors: .SubscriptionAggregatorPortMultiply1

===========================================================================================
----------------- testing Fri Jun 28 18:05:54 UTC 2019 /home/travis/build/icyphy/ptII/ptolemy/actor/lib/test/auto/Switch.xml
----------------- Instantiating /home/travis/build/icyphy/ptII/ptolemy/actor/lib/test/auto/Switch.xml
6 ms. Memory: 650240K Free: 224256K (34%)
----------------- Invoking toplevel() on ptolemy.moml.MoMLSimpleApplication@18b13b0b
----------------- Done invoking toplevel() on ptolemy.moml.MoMLSimpleApplication@18b13b0b
reloadAllAccessors: .Switch

===========================================================================================
----------------- testing Fri Jun 28 18:05:54 UTC 2019 /home/travis/build/icyphy/ptII/ptolemy/actor/lib/test/auto/Switch2.xml
----------------- Instantiating /home/travis/build/icyphy/ptII/ptolemy/actor/lib/test/auto/Switch2.xml
1 ms. Memory: 650240K Free: 597502K (92%)
----------------- Invoking toplevel() on ptolemy.moml.MoMLSimpleApplication@482cf123
----------------- Done invoking toplevel() on ptolemy.moml.MoMLSimpleApplication@482cf123
reloadAllAccessors: .Switch2

===========================================================================================
----------------- testing Fri Jun 28 18:05:54 UTC 2019 /home/travis/build/icyphy/ptII/ptolemy/actor/lib/test/auto/SwitchDE.xml
----------------- Instantiating /home/travis/build/icyphy/ptII/ptolemy/actor/lib/test/auto/SwitchDE.xml
3 ms. Memory: 650240K Free: 591343K (91%)
----------------- Invoking toplevel() on ptolemy.moml.MoMLSimpleApplication@319c9381
----------------- Done invoking toplevel() on ptolemy.moml.MoMLSimpleApplication@319c9381
reloadAllAccessors: .SwitchDE

===========================================================================================
----------------- testing Fri Jun 28 18:05:54 UTC 2019 /home/travis/build/icyphy/ptII/ptolemy/actor/lib/test/auto/SynchronizerDE.xml
----------------- Instantiating /home/travis/build/icyphy/ptII/ptolemy/actor/lib/test/auto/SynchronizerDE.xml
8 ms. Memory: 650240K Free: 582656K (90%)
----------------- Invoking toplevel() on ptolemy.moml.MoMLSimpleApplication@62df4fd
----------------- Done invoking toplevel() on ptolemy.moml.MoMLSimpleApplication@62df4fd
reloadAllAccessors: .SynchronizerDE

===========================================================================================
----------------- testing Fri Jun 28 18:05:54 UTC 2019 /home/travis/build/icyphy/ptII/ptolemy/actor/lib/test/auto/Test.xml
----------------- Instantiating /home/travis/build/icyphy/ptII/ptolemy/actor/lib/test/auto/Test.xml
11 ms. Memory: 650240K Free: 577536K (89%)
----------------- Invoking toplevel() on ptolemy.moml.MoMLSimpleApplication@1b7219b1
----------------- Done invoking toplevel() on ptolemy.moml.MoMLSimpleApplication@1b7219b1
reloadAllAccessors: .Test

===========================================================================================
----------------- testing Fri Jun 28 18:05:54 UTC 2019 /home/travis/build/icyphy/ptII/ptolemy/actor/lib/test/auto/TestExceptionAttribute1.xml
----------------- Instantiating /home/travis/build/icyphy/ptII/ptolemy/actor/lib/test/auto/TestExceptionAttribute1.xml
2 ms. Memory: 650240K Free: 573950K (88%)
----------------- Invoking toplevel() on ptolemy.moml.MoMLSimpleApplication@6fa82745
----------------- Done invoking toplevel() on ptolemy.moml.MoMLSimpleApplication@6fa82745
reloadAllAccessors: .TestExceptionAttribute1

===========================================================================================
----------------- testing Fri Jun 28 18:05:54 UTC 2019 /home/travis/build/icyphy/ptII/ptolemy/actor/lib/test/auto/TestExceptionAttribute2.xml
----------------- Instantiating /home/travis/build/icyphy/ptII/ptolemy/actor/lib/test/auto/TestExceptionAttribute2.xml
2 ms. Memory: 650240K Free: 569854K (88%)
----------------- Invoking toplevel() on ptolemy.moml.MoMLSimpleApplication@6a9be427
----------------- Done invoking toplevel() on ptolemy.moml.MoMLSimpleApplication@6a9be427
reloadAllAccessors: .TestExceptionAttribute2

===========================================================================================
----------------- testing Fri Jun 28 18:05:54 UTC 2019 /home/travis/build/icyphy/ptII/ptolemy/actor/lib/test/auto/TestExceptionAttribute3.xml
----------------- Instantiating /home/travis/build/icyphy/ptII/ptolemy/actor/lib/test/auto/TestExceptionAttribute3.xml
.TestExceptionAttribute3.TestExceptionAttribute: initialize() was not invoked, but wrapup() was.  This is unusual, but not always a problem.  For example, exporting JNLP will do this.
1 ms. Memory: 650240K Free: 566272K (87%)
----------------- Invoking toplevel() on ptolemy.moml.MoMLSimpleApplication@68cd9e2c
----------------- Done invoking toplevel() on ptolemy.moml.MoMLSimpleApplication@68cd9e2c
reloadAllAccessors: .TestExceptionAttribute3

===========================================================================================
----------------- testing Fri Jun 28 18:05:54 UTC 2019 /home/travis/build/icyphy/ptII/ptolemy/actor/lib/test/auto/TestExceptionAttribute4.xml
----------------- Instantiating /home/travis/build/icyphy/ptII/ptolemy/actor/lib/test/auto/TestExceptionAttribute4.xml
.TestExceptionAttribute4.TestExceptionAttribute: initialize() was not invoked, but wrapup() was.  This is unusual, but not always a problem.  For example, exporting JNLP will do this.
.TestExceptionAttribute4.TestExceptionAttribute2: initialize() was not invoked, but wrapup() was.  This is unusual, but not always a problem.  For example, exporting JNLP will do this.
1 ms. Memory: 650240K Free: 562176K (86%)
----------------- Invoking toplevel() on ptolemy.moml.MoMLSimpleApplication@4a25931f
----------------- Done invoking toplevel() on ptolemy.moml.MoMLSimpleApplication@4a25931f
reloadAllAccessors: .TestExceptionAttribute4

===========================================================================================
----------------- testing Fri Jun 28 18:05:54 UTC 2019 /home/travis/build/icyphy/ptII/ptolemy/actor/lib/test/auto/TestExceptionHandler1.xml
----------------- Instantiating /home/travis/build/icyphy/ptII/ptolemy/actor/lib/test/auto/TestExceptionHandler1.xml
1 ms. Memory: 650240K Free: 558080K (86%)
----------------- Invoking toplevel() on ptolemy.moml.MoMLSimpleApplication@21774013
----------------- Done invoking toplevel() on ptolemy.moml.MoMLSimpleApplication@21774013
reloadAllAccessors: .TestExceptionHandler1

===========================================================================================
----------------- testing Fri Jun 28 18:05:54 UTC 2019 /home/travis/build/icyphy/ptII/ptolemy/actor/lib/test/auto/TestExceptionHandler2.xml
----------------- Instantiating /home/travis/build/icyphy/ptII/ptolemy/actor/lib/test/auto/TestExceptionHandler2.xml
1 ms. Memory: 650240K Free: 554494K (85%)
----------------- Invoking toplevel() on ptolemy.moml.MoMLSimpleApplication@3eb8868c
----------------- Done invoking toplevel() on ptolemy.moml.MoMLSimpleApplication@3eb8868c
reloadAllAccessors: .TestExceptionHandler2

===========================================================================================
----------------- testing Fri Jun 28 18:05:54 UTC 2019 /home/travis/build/icyphy/ptII/ptolemy/actor/lib/test/auto/TestExceptionHandler3.xml
----------------- Instantiating /home/travis/build/icyphy/ptII/ptolemy/actor/lib/test/auto/TestExceptionHandler3.xml
0 ms. Memory: 650240K Free: 550398K (85%)
----------------- Invoking toplevel() on ptolemy.moml.MoMLSimpleApplication@3101e2da
----------------- Done invoking toplevel() on ptolemy.moml.MoMLSimpleApplication@3101e2da
reloadAllAccessors: .TestExceptionHandler3

===========================================================================================
----------------- testing Fri Jun 28 18:05:54 UTC 2019 /home/travis/build/icyphy/ptII/ptolemy/actor/lib/test/auto/TestExceptionHandler4.xml
----------------- Instantiating /home/travis/build/icyphy/ptII/ptolemy/actor/lib/test/auto/TestExceptionHandler4.xml
1 ms. Memory: 650240K Free: 546302K (84%)
----------------- Invoking toplevel() on ptolemy.moml.MoMLSimpleApplication@18411793
----------------- Done invoking toplevel() on ptolemy.moml.MoMLSimpleApplication@18411793
reloadAllAccessors: .TestExceptionHandler4

===========================================================================================
----------------- testing Fri Jun 28 18:05:54 UTC 2019 /home/travis/build/icyphy/ptII/ptolemy/actor/lib/test/auto/TestRequireCorrectOrder.xml
----------------- Instantiating /home/travis/build/icyphy/ptII/ptolemy/actor/lib/test/auto/TestRequireCorrectOrder.xml
2 ms. Memory: 650240K Free: 541167K (83%)
----------------- Invoking toplevel() on ptolemy.moml.MoMLSimpleApplication@7b5eca3b
----------------- Done invoking toplevel() on ptolemy.moml.MoMLSimpleApplication@7b5eca3b
reloadAllAccessors: .TestRequireCorrectOrder

===========================================================================================
----------------- testing Fri Jun 28 18:05:54 UTC 2019 /home/travis/build/icyphy/ptII/ptolemy/actor/lib/test/auto/TestSimple.xml
----------------- Instantiating /home/travis/build/icyphy/ptII/ptolemy/actor/lib/test/auto/TestSimple.xml
1 ms. Memory: 650240K Free: 536055K (82%)
----------------- Invoking toplevel() on ptolemy.moml.MoMLSimpleApplication@5e7f74e5
----------------- Done invoking toplevel() on ptolemy.moml.MoMLSimpleApplication@5e7f74e5
reloadAllAccessors: .TestSimple

===========================================================================================
----------------- testing Fri Jun 28 18:05:54 UTC 2019 /home/travis/build/icyphy/ptII/ptolemy/actor/lib/test/auto/ThrowModelError.xml
----------------- Instantiating /home/travis/build/icyphy/ptII/ptolemy/actor/lib/test/auto/ThrowModelError.xml
2 ms. Memory: 650240K Free: 531456K (82%)
----------------- Invoking toplevel() on ptolemy.moml.MoMLSimpleApplication@750d837e
----------------- Done invoking toplevel() on ptolemy.moml.MoMLSimpleApplication@750d837e
reloadAllAccessors: .ThrowModelError

===========================================================================================
----------------- testing Fri Jun 28 18:05:54 UTC 2019 /home/travis/build/icyphy/ptII/ptolemy/actor/lib/test/auto/TimeDelayMicrosteps.xml
----------------- Instantiating /home/travis/build/icyphy/ptII/ptolemy/actor/lib/test/auto/TimeDelayMicrosteps.xml
2 ms. Memory: 650240K Free: 524288K (81%)
----------------- Invoking toplevel() on ptolemy.moml.MoMLSimpleApplication@6ee8b47d
----------------- Done invoking toplevel() on ptolemy.moml.MoMLSimpleApplication@6ee8b47d
reloadAllAccessors: .TimeDelayMicrosteps

===========================================================================================
----------------- testing Fri Jun 28 18:05:54 UTC 2019 /home/travis/build/icyphy/ptII/ptolemy/actor/lib/test/auto/TimeDelayMicrosteps2.xml
----------------- Instantiating /home/travis/build/icyphy/ptII/ptolemy/actor/lib/test/auto/TimeDelayMicrosteps2.xml
6 ms. Memory: 650240K Free: 517120K (80%)
----------------- Invoking toplevel() on ptolemy.moml.MoMLSimpleApplication@562599a2
----------------- Done invoking toplevel() on ptolemy.moml.MoMLSimpleApplication@562599a2
reloadAllAccessors: .TimeDelayMicrosteps2

===========================================================================================
----------------- testing Fri Jun 28 18:05:54 UTC 2019 /home/travis/build/icyphy/ptII/ptolemy/actor/lib/test/auto/TimeDelayMicrosteps3.xml
----------------- Instantiating /home/travis/build/icyphy/ptII/ptolemy/actor/lib/test/auto/TimeDelayMicrosteps3.xml
3 ms. Memory: 650240K Free: 510431K (78%)
----------------- Invoking toplevel() on ptolemy.moml.MoMLSimpleApplication@478ed1a1
----------------- Done invoking toplevel() on ptolemy.moml.MoMLSimpleApplication@478ed1a1
reloadAllAccessors: .TimeDelayMicrosteps3

===========================================================================================
----------------- testing Fri Jun 28 18:05:54 UTC 2019 /home/travis/build/icyphy/ptII/ptolemy/actor/lib/test/auto/TimeDelayVariableMicrosteps.xml
----------------- Instantiating /home/travis/build/icyphy/ptII/ptolemy/actor/lib/test/auto/TimeDelayVariableMicrosteps.xml
4 ms. Memory: 650240K Free: 503294K (77%)
----------------- Invoking toplevel() on ptolemy.moml.MoMLSimpleApplication@4bd79bd
----------------- Done invoking toplevel() on ptolemy.moml.MoMLSimpleApplication@4bd79bd
reloadAllAccessors: .TimeDelayVariableMicrosteps

===========================================================================================
----------------- testing Fri Jun 28 18:05:54 UTC 2019 /home/travis/build/icyphy/ptII/ptolemy/actor/lib/test/auto/TimeGap.xml
----------------- Instantiating /home/travis/build/icyphy/ptII/ptolemy/actor/lib/test/auto/TimeGap.xml
4 ms. Memory: 650240K Free: 498159K (77%)
----------------- Invoking toplevel() on ptolemy.moml.MoMLSimpleApplication@565e5b22
----------------- Done invoking toplevel() on ptolemy.moml.MoMLSimpleApplication@565e5b22
reloadAllAccessors: .TimeGap

===========================================================================================
----------------- testing Fri Jun 28 18:05:54 UTC 2019 /home/travis/build/icyphy/ptII/ptolemy/actor/lib/test/auto/TimeGap2.xml
----------------- Instantiating /home/travis/build/icyphy/ptII/ptolemy/actor/lib/test/auto/TimeGap2.xml
2 ms. Memory: 650240K Free: 491999K (76%)
----------------- Invoking toplevel() on ptolemy.moml.MoMLSimpleApplication@78624744
----------------- Done invoking toplevel() on ptolemy.moml.MoMLSimpleApplication@78624744
reloadAllAccessors: .TimeGap2

===========================================================================================
----------------- testing Fri Jun 28 18:05:54 UTC 2019 /home/travis/build/icyphy/ptII/ptolemy/actor/lib/test/auto/TimedSinewave.xml
----------------- Instantiating /home/travis/build/icyphy/ptII/ptolemy/actor/lib/test/auto/TimedSinewave.xml
32 ms. Memory: 650240K Free: 477694K (73%)
----------------- Invoking toplevel() on ptolemy.moml.MoMLSimpleApplication@1d300be6
----------------- Done invoking toplevel() on ptolemy.moml.MoMLSimpleApplication@1d300be6
reloadAllAccessors: .TimedSinewave

===========================================================================================
----------------- testing Fri Jun 28 18:05:54 UTC 2019 /home/travis/build/icyphy/ptII/ptolemy/actor/lib/test/auto/TimedSinewavePhase.xml
----------------- Instantiating /home/travis/build/icyphy/ptII/ptolemy/actor/lib/test/auto/TimedSinewavePhase.xml
11 ms. Memory: 650240K Free: 467454K (72%)
----------------- Invoking toplevel() on ptolemy.moml.MoMLSimpleApplication@6bae47f3
----------------- Done invoking toplevel() on ptolemy.moml.MoMLSimpleApplication@6bae47f3
reloadAllAccessors: .TimedSinewavePhase

===========================================================================================
----------------- testing Fri Jun 28 18:05:54 UTC 2019 /home/travis/build/icyphy/ptII/ptolemy/actor/lib/test/auto/Timer.xml
----------------- Instantiating /home/travis/build/icyphy/ptII/ptolemy/actor/lib/test/auto/Timer.xml
2 ms. Memory: 650240K Free: 461824K (71%)
----------------- Invoking toplevel() on ptolemy.moml.MoMLSimpleApplication@5eef203b
----------------- Done invoking toplevel() on ptolemy.moml.MoMLSimpleApplication@5eef203b
reloadAllAccessors: .Timer

===========================================================================================
----------------- testing Fri Jun 28 18:05:54 UTC 2019 /home/travis/build/icyphy/ptII/ptolemy/actor/lib/test/auto/TriangularDistTestModel.xml
----------------- Instantiating /home/travis/build/icyphy/ptII/ptolemy/actor/lib/test/auto/TriangularDistTestModel.xml
3 ms. Memory: 650240K Free: 456175K (70%)
----------------- Invoking toplevel() on ptolemy.moml.MoMLSimpleApplication@338201e2
----------------- Done invoking toplevel() on ptolemy.moml.MoMLSimpleApplication@338201e2
reloadAllAccessors: .TriangularDistTestModel

===========================================================================================
----------------- testing Fri Jun 28 18:05:54 UTC 2019 /home/travis/build/icyphy/ptII/ptolemy/actor/lib/test/auto/TrigFunction.xml
----------------- Instantiating /home/travis/build/icyphy/ptII/ptolemy/actor/lib/test/auto/TrigFunction.xml
2 ms. Memory: 650240K Free: 451070K (69%)
----------------- Invoking toplevel() on ptolemy.moml.MoMLSimpleApplication@5f522e40
----------------- Done invoking toplevel() on ptolemy.moml.MoMLSimpleApplication@5f522e40
reloadAllAccessors: .TrigFunction

===========================================================================================
----------------- testing Fri Jun 28 18:05:54 UTC 2019 /home/travis/build/icyphy/ptII/ptolemy/actor/lib/test/auto/TrigFunctionDE.xml
----------------- Instantiating /home/travis/build/icyphy/ptII/ptolemy/actor/lib/test/auto/TrigFunctionDE.xml
2 ms. Memory: 650240K Free: 445440K (69%)
----------------- Invoking toplevel() on ptolemy.moml.MoMLSimpleApplication@36f2df23
----------------- Done invoking toplevel() on ptolemy.moml.MoMLSimpleApplication@36f2df23
reloadAllAccessors: .TrigFunctionDE

===========================================================================================
----------------- testing Fri Jun 28 18:05:54 UTC 2019 /home/travis/build/icyphy/ptII/ptolemy/actor/lib/test/auto/TrigFunctionInverse.xml
----------------- Instantiating /home/travis/build/icyphy/ptII/ptolemy/actor/lib/test/auto/TrigFunctionInverse.xml
2 ms. Memory: 650240K Free: 439806K (68%)
----------------- Invoking toplevel() on ptolemy.moml.MoMLSimpleApplication@3aa5e0ef
----------------- Done invoking toplevel() on ptolemy.moml.MoMLSimpleApplication@3aa5e0ef
reloadAllAccessors: .TrigFunctionInverse

===========================================================================================
----------------- testing Fri Jun 28 18:05:54 UTC 2019 /home/travis/build/icyphy/ptII/ptolemy/actor/lib/test/auto/TrigFunctionTan.xml
----------------- Instantiating /home/travis/build/icyphy/ptII/ptolemy/actor/lib/test/auto/TrigFunctionTan.xml
2 ms. Memory: 650240K Free: 435710K (67%)
----------------- Invoking toplevel() on ptolemy.moml.MoMLSimpleApplication@eec56ac
----------------- Done invoking toplevel() on ptolemy.moml.MoMLSimpleApplication@eec56ac
reloadAllAccessors: .TrigFunctionTan

===========================================================================================
----------------- testing Fri Jun 28 18:05:54 UTC 2019 /home/travis/build/icyphy/ptII/ptolemy/actor/lib/test/auto/TriggeredClock.xml
----------------- Instantiating /home/travis/build/icyphy/ptII/ptolemy/actor/lib/test/auto/TriggeredClock.xml
1 ms. Memory: 650240K Free: 429549K (66%)
----------------- Invoking toplevel() on ptolemy.moml.MoMLSimpleApplication@190af2df
----------------- Done invoking toplevel() on ptolemy.moml.MoMLSimpleApplication@190af2df
reloadAllAccessors: .TriggeredClock

===========================================================================================
----------------- testing Fri Jun 28 18:05:54 UTC 2019 /home/travis/build/icyphy/ptII/ptolemy/actor/lib/test/auto/URLDirectoryReader.xml
----------------- Instantiating /home/travis/build/icyphy/ptII/ptolemy/actor/lib/test/auto/URLDirectoryReader.xml
46 ms. Memory: 650240K Free: 420350K (65%)
----------------- Invoking toplevel() on ptolemy.moml.MoMLSimpleApplication@2c4b8b54
----------------- Done invoking toplevel() on ptolemy.moml.MoMLSimpleApplication@2c4b8b54
reloadAllAccessors: .URLDirectoryReader

===========================================================================================
----------------- testing Fri Jun 28 18:05:55 UTC 2019 /home/travis/build/icyphy/ptII/ptolemy/actor/lib/test/auto/URLDirectoryReader3.xml
----------------- Instantiating /home/travis/build/icyphy/ptII/ptolemy/actor/lib/test/auto/URLDirectoryReader3.xml
1191 ms. Memory: 650240K Free: 591921K (91%)
----------------- Invoking toplevel() on ptolemy.moml.MoMLSimpleApplication@4b850dc2
----------------- Done invoking toplevel() on ptolemy.moml.MoMLSimpleApplication@4b850dc2
reloadAllAccessors: .URLDirectoryReader3

===========================================================================================
----------------- testing Fri Jun 28 18:05:56 UTC 2019 /home/travis/build/icyphy/ptII/ptolemy/actor/lib/test/auto/UnaryMathFunction.xml
----------------- Instantiating /home/travis/build/icyphy/ptII/ptolemy/actor/lib/test/auto/UnaryMathFunction.xml
3 ms. Memory: 650240K Free: 584190K (90%)
----------------- Invoking toplevel() on ptolemy.moml.MoMLSimpleApplication@478a1000
----------------- Done invoking toplevel() on ptolemy.moml.MoMLSimpleApplication@478a1000
reloadAllAccessors: .UnaryMathFunction

===========================================================================================
----------------- testing Fri Jun 28 18:05:56 UTC 2019 /home/travis/build/icyphy/ptII/ptolemy/actor/lib/test/auto/Uniform.xml
----------------- Instantiating /home/travis/build/icyphy/ptII/ptolemy/actor/lib/test/auto/Uniform.xml
2 ms. Memory: 650240K Free: 579584K (89%)
----------------- Invoking toplevel() on ptolemy.moml.MoMLSimpleApplication@74bd7f5f
----------------- Done invoking toplevel() on ptolemy.moml.MoMLSimpleApplication@74bd7f5f
reloadAllAccessors: .Uniform

===========================================================================================
----------------- testing Fri Jun 28 18:05:56 UTC 2019 /home/travis/build/icyphy/ptII/ptolemy/actor/lib/test/auto/UnionDisassemblerTest.xml
----------------- Instantiating /home/travis/build/icyphy/ptII/ptolemy/actor/lib/test/auto/UnionDisassemblerTest.xml
23 ms. Memory: 650240K Free: 575488K (89%)
----------------- Invoking toplevel() on ptolemy.moml.MoMLSimpleApplication@721fae0b
----------------- Done invoking toplevel() on ptolemy.moml.MoMLSimpleApplication@721fae0b
reloadAllAccessors: .UnionDisassemblerTest

===========================================================================================
----------------- testing Fri Jun 28 18:05:56 UTC 2019 /home/travis/build/icyphy/ptII/ptolemy/actor/lib/test/auto/UtilityFunctions.xml
----------------- Instantiating /home/travis/build/icyphy/ptII/ptolemy/actor/lib/test/auto/UtilityFunctions.xml
1 ms. Memory: 650240K Free: 571392K (88%)
----------------- Invoking toplevel() on ptolemy.moml.MoMLSimpleApplication@6af59d6e
----------------- Done invoking toplevel() on ptolemy.moml.MoMLSimpleApplication@6af59d6e
reloadAllAccessors: .UtilityFunctions

===========================================================================================
----------------- testing Fri Jun 28 18:05:56 UTC 2019 /home/travis/build/icyphy/ptII/ptolemy/actor/lib/test/auto/VariableSleep.xml
----------------- Instantiating /home/travis/build/icyphy/ptII/ptolemy/actor/lib/test/auto/VariableSleep.xml
504 ms. Memory: 650240K Free: 565758K (87%)
----------------- Invoking toplevel() on ptolemy.moml.MoMLSimpleApplication@1aee60ab
----------------- Done invoking toplevel() on ptolemy.moml.MoMLSimpleApplication@1aee60ab
reloadAllAccessors: .VariableSleep

===========================================================================================
----------------- testing Fri Jun 28 18:05:57 UTC 2019 /home/travis/build/icyphy/ptII/ptolemy/actor/lib/test/auto/VectorAssemblerDisassemblerCT.xml
----------------- Instantiating /home/travis/build/icyphy/ptII/ptolemy/actor/lib/test/auto/VectorAssemblerDisassemblerCT.xml
80 ms. Memory: 650240K Free: 545278K (84%)
----------------- Invoking toplevel() on ptolemy.moml.MoMLSimpleApplication@4d68ebc6
----------------- Done invoking toplevel() on ptolemy.moml.MoMLSimpleApplication@4d68ebc6
reloadAllAccessors: .VectorAssemblerDisassemblerCT

===========================================================================================
----------------- testing Fri Jun 28 18:05:57 UTC 2019 /home/travis/build/icyphy/ptII/ptolemy/actor/lib/test/auto/VectorAssemblerDisassemblerDE.xml
----------------- Instantiating /home/travis/build/icyphy/ptII/ptolemy/actor/lib/test/auto/VectorAssemblerDisassemblerDE.xml
3 ms. Memory: 650240K Free: 538110K (83%)
----------------- Invoking toplevel() on ptolemy.moml.MoMLSimpleApplication@2d88b06f
----------------- Done invoking toplevel() on ptolemy.moml.MoMLSimpleApplication@2d88b06f
reloadAllAccessors: .VectorAssemblerDisassemblerDE

===========================================================================================
----------------- testing Fri Jun 28 18:05:57 UTC 2019 /home/travis/build/icyphy/ptII/ptolemy/actor/lib/test/auto/VectorAssemblerDisassemblerSDF.xml
----------------- Instantiating /home/travis/build/icyphy/ptII/ptolemy/actor/lib/test/auto/VectorAssemblerDisassemblerSDF.xml
3 ms. Memory: 650240K Free: 530927K (82%)
----------------- Invoking toplevel() on ptolemy.moml.MoMLSimpleApplication@7c0e2d3f
----------------- Done invoking toplevel() on ptolemy.moml.MoMLSimpleApplication@7c0e2d3f
reloadAllAccessors: .VectorAssemblerDisassemblerSDF

===========================================================================================
----------------- testing Fri Jun 28 18:05:57 UTC 2019 /home/travis/build/icyphy/ptII/ptolemy/actor/lib/test/auto/WallClockTime.xml
----------------- Instantiating /home/travis/build/icyphy/ptII/ptolemy/actor/lib/test/auto/WallClockTime.xml
1005 ms. Memory: 650240K Free: 525822K (81%)
----------------- Invoking toplevel() on ptolemy.moml.MoMLSimpleApplication@22f80b70
----------------- Done invoking toplevel() on ptolemy.moml.MoMLSimpleApplication@22f80b70
reloadAllAccessors: .WallClockTime

===========================================================================================
----------------- testing Fri Jun 28 18:05:58 UTC 2019 /home/travis/build/icyphy/ptII/ptolemy/actor/lib/test/auto/WidthTestWithSubscriberPublisher.xml
----------------- Instantiating /home/travis/build/icyphy/ptII/ptolemy/actor/lib/test/auto/WidthTestWithSubscriberPublisher.xml
8 ms. Memory: 650240K Free: 507390K (78%)
----------------- Invoking toplevel() on ptolemy.moml.MoMLSimpleApplication@4c9483c9
----------------- Done invoking toplevel() on ptolemy.moml.MoMLSimpleApplication@4c9483c9
reloadAllAccessors: .WidthTestWithSubscriberPublisher

===========================================================================================
----------------- testing Fri Jun 28 18:05:58 UTC 2019 /home/travis/build/icyphy/ptII/ptolemy/actor/lib/test/auto/WidthTestWithSubscriberPublisher2.xml
----------------- Instantiating /home/travis/build/icyphy/ptII/ptolemy/actor/lib/test/auto/WidthTestWithSubscriberPublisher2.xml
3 ms. Memory: 650240K Free: 501246K (77%)
----------------- Invoking toplevel() on ptolemy.moml.MoMLSimpleApplication@315c8ba2
----------------- Done invoking toplevel() on ptolemy.moml.MoMLSimpleApplication@315c8ba2
reloadAllAccessors: .WidthTestWithSubscriberPublisher2

===========================================================================================
----------------- testing Fri Jun 28 18:05:58 UTC 2019 /home/travis/build/icyphy/ptII/ptolemy/actor/lib/test/auto/WidthTestWithSubscriberPublisher3.xml
----------------- Instantiating /home/travis/build/icyphy/ptII/ptolemy/actor/lib/test/auto/WidthTestWithSubscriberPublisher3.xml
2 ms. Memory: 650240K Free: 495616K (76%)
----------------- Invoking toplevel() on ptolemy.moml.MoMLSimpleApplication@208c914d
----------------- Done invoking toplevel() on ptolemy.moml.MoMLSimpleApplication@208c914d
reloadAllAccessors: .WidthTestWithSubscriberPublisher3

===========================================================================================
----------------- testing Fri Jun 28 18:05:58 UTC 2019 /home/travis/build/icyphy/ptII/ptolemy/actor/lib/test/auto/Writer.xml
----------------- Instantiating /home/travis/build/icyphy/ptII/ptolemy/actor/lib/test/auto/Writer.xml
0
1
2
3
4
2 ms. Memory: 650240K Free: 490991K (76%)
----------------- Invoking toplevel() on ptolemy.moml.MoMLSimpleApplication@65e45101
----------------- Done invoking toplevel() on ptolemy.moml.MoMLSimpleApplication@65e45101
reloadAllAccessors: .Writer

===========================================================================================
----------------- testing Fri Jun 28 18:05:58 UTC 2019 /home/travis/build/icyphy/ptII/ptolemy/actor/lib/test/auto/array.xml
----------------- Instantiating /home/travis/build/icyphy/ptII/ptolemy/actor/lib/test/auto/array.xml
2 ms. Memory: 650240K Free: 486400K (75%)
----------------- Invoking toplevel() on ptolemy.moml.MoMLSimpleApplication@3d31e8db
----------------- Done invoking toplevel() on ptolemy.moml.MoMLSimpleApplication@3d31e8db
reloadAllAccessors: .array

===========================================================================================
----------------- testing Fri Jun 28 18:05:58 UTC 2019 /home/travis/build/icyphy/ptII/ptolemy/actor/lib/test/auto/array2.xml
----------------- Instantiating /home/travis/build/icyphy/ptII/ptolemy/actor/lib/test/auto/array2.xml
3 ms. Memory: 650240K Free: 481775K (74%)
----------------- Invoking toplevel() on ptolemy.moml.MoMLSimpleApplication@1b983be7
----------------- Done invoking toplevel() on ptolemy.moml.MoMLSimpleApplication@1b983be7
reloadAllAccessors: .array2

===========================================================================================
----------------- testing Fri Jun 28 18:05:58 UTC 2019 /home/travis/build/icyphy/ptII/ptolemy/actor/lib/test/auto/arrayType.xml
----------------- Instantiating /home/travis/build/icyphy/ptII/ptolemy/actor/lib/test/auto/arrayType.xml
2 ms. Memory: 650240K Free: 476160K (73%)
----------------- Invoking toplevel() on ptolemy.moml.MoMLSimpleApplication@64ac6562
----------------- Done invoking toplevel() on ptolemy.moml.MoMLSimpleApplication@64ac6562
reloadAllAccessors: .arrayType

===========================================================================================
----------------- testing Fri Jun 28 18:05:58 UTC 2019 /home/travis/build/icyphy/ptII/ptolemy/actor/lib/test/auto/arrayType10.xml
----------------- Instantiating /home/travis/build/icyphy/ptII/ptolemy/actor/lib/test/auto/arrayType10.xml
2 ms. Memory: 650240K Free: 471550K (73%)
----------------- Invoking toplevel() on ptolemy.moml.MoMLSimpleApplication@6382cde4
----------------- Done invoking toplevel() on ptolemy.moml.MoMLSimpleApplication@6382cde4
reloadAllAccessors: .arrayType10

===========================================================================================
----------------- testing Fri Jun 28 18:05:58 UTC 2019 /home/travis/build/icyphy/ptII/ptolemy/actor/lib/test/auto/arrayType11.xml
----------------- Instantiating /home/travis/build/icyphy/ptII/ptolemy/actor/lib/test/auto/arrayType11.xml
1 ms. Memory: 650240K Free: 466944K (72%)
----------------- Invoking toplevel() on ptolemy.moml.MoMLSimpleApplication@58dd05c0
----------------- Done invoking toplevel() on ptolemy.moml.MoMLSimpleApplication@58dd05c0
reloadAllAccessors: .arrayType11

===========================================================================================
----------------- testing Fri Jun 28 18:05:58 UTC 2019 /home/travis/build/icyphy/ptII/ptolemy/actor/lib/test/auto/arrayType12.xml
----------------- Instantiating /home/travis/build/icyphy/ptII/ptolemy/actor/lib/test/auto/arrayType12.xml
1 ms. Memory: 650240K Free: 461824K (71%)
----------------- Invoking toplevel() on ptolemy.moml.MoMLSimpleApplication@b027eb6
----------------- Done invoking toplevel() on ptolemy.moml.MoMLSimpleApplication@b027eb6
reloadAllAccessors: .arrayType12

===========================================================================================
----------------- testing Fri Jun 28 18:05:58 UTC 2019 /home/travis/build/icyphy/ptII/ptolemy/actor/lib/test/auto/arrayType13.xml
----------------- Instantiating /home/travis/build/icyphy/ptII/ptolemy/actor/lib/test/auto/arrayType13.xml
2 ms. Memory: 650240K Free: 456704K (70%)
----------------- Invoking toplevel() on ptolemy.moml.MoMLSimpleApplication@6c1566bc
----------------- Done invoking toplevel() on ptolemy.moml.MoMLSimpleApplication@6c1566bc
reloadAllAccessors: .arrayType13

===========================================================================================
----------------- testing Fri Jun 28 18:05:58 UTC 2019 /home/travis/build/icyphy/ptII/ptolemy/actor/lib/test/auto/arrayType14.xml
----------------- Instantiating /home/travis/build/icyphy/ptII/ptolemy/actor/lib/test/auto/arrayType14.xml
4 ms. Memory: 650240K Free: 451584K (69%)
----------------- Invoking toplevel() on ptolemy.moml.MoMLSimpleApplication@1b400422
----------------- Done invoking toplevel() on ptolemy.moml.MoMLSimpleApplication@1b400422
reloadAllAccessors: .arrayType14

===========================================================================================
----------------- testing Fri Jun 28 18:05:58 UTC 2019 /home/travis/build/icyphy/ptII/ptolemy/actor/lib/test/auto/arrayType15.xml
----------------- Instantiating /home/travis/build/icyphy/ptII/ptolemy/actor/lib/test/auto/arrayType15.xml
2 ms. Memory: 650240K Free: 445950K (69%)
----------------- Invoking toplevel() on ptolemy.moml.MoMLSimpleApplication@763d186e
----------------- Done invoking toplevel() on ptolemy.moml.MoMLSimpleApplication@763d186e
reloadAllAccessors: .arrayType15

===========================================================================================
----------------- testing Fri Jun 28 18:05:58 UTC 2019 /home/travis/build/icyphy/ptII/ptolemy/actor/lib/test/auto/arrayType16.xml
----------------- Instantiating /home/travis/build/icyphy/ptII/ptolemy/actor/lib/test/auto/arrayType16.xml
2 ms. Memory: 650240K Free: 440830K (68%)
----------------- Invoking toplevel() on ptolemy.moml.MoMLSimpleApplication@35569956
----------------- Done invoking toplevel() on ptolemy.moml.MoMLSimpleApplication@35569956
reloadAllAccessors: .arrayType16

===========================================================================================
----------------- testing Fri Jun 28 18:05:58 UTC 2019 /home/travis/build/icyphy/ptII/ptolemy/actor/lib/test/auto/arrayType17.xml
----------------- Instantiating /home/travis/build/icyphy/ptII/ptolemy/actor/lib/test/auto/arrayType17.xml
2 ms. Memory: 650240K Free: 435200K (67%)
----------------- Invoking toplevel() on ptolemy.moml.MoMLSimpleApplication@5ec42a69
----------------- Done invoking toplevel() on ptolemy.moml.MoMLSimpleApplication@5ec42a69
reloadAllAccessors: .arrayType17

===========================================================================================
----------------- testing Fri Jun 28 18:05:58 UTC 2019 /home/travis/build/icyphy/ptII/ptolemy/actor/lib/test/auto/arrayType18.xml
----------------- Instantiating /home/travis/build/icyphy/ptII/ptolemy/actor/lib/test/auto/arrayType18.xml
1 ms. Memory: 650240K Free: 430590K (66%)
----------------- Invoking toplevel() on ptolemy.moml.MoMLSimpleApplication@2bbd3ca4
----------------- Done invoking toplevel() on ptolemy.moml.MoMLSimpleApplication@2bbd3ca4
reloadAllAccessors: .arrayType18

===========================================================================================
----------------- testing Fri Jun 28 18:05:58 UTC 2019 /home/travis/build/icyphy/ptII/ptolemy/actor/lib/test/auto/arrayType19.xml
----------------- Instantiating /home/travis/build/icyphy/ptII/ptolemy/actor/lib/test/auto/arrayType19.xml
1 ms. Memory: 650240K Free: 425984K (66%)
----------------- Invoking toplevel() on ptolemy.moml.MoMLSimpleApplication@3f0c2ee
----------------- Done invoking toplevel() on ptolemy.moml.MoMLSimpleApplication@3f0c2ee
reloadAllAccessors: .arrayType19

===========================================================================================
----------------- testing Fri Jun 28 18:05:58 UTC 2019 /home/travis/build/icyphy/ptII/ptolemy/actor/lib/test/auto/arrayType2.xml
----------------- Instantiating /home/travis/build/icyphy/ptII/ptolemy/actor/lib/test/auto/arrayType2.xml
1 ms. Memory: 650240K Free: 420335K (65%)
----------------- Invoking toplevel() on ptolemy.moml.MoMLSimpleApplication@9a0eb07
----------------- Done invoking toplevel() on ptolemy.moml.MoMLSimpleApplication@9a0eb07
reloadAllAccessors: .arrayType2

===========================================================================================
----------------- testing Fri Jun 28 18:05:58 UTC 2019 /home/travis/build/icyphy/ptII/ptolemy/actor/lib/test/auto/arrayType20.xml
----------------- Instantiating /home/travis/build/icyphy/ptII/ptolemy/actor/lib/test/auto/arrayType20.xml
1 ms. Memory: 650240K Free: 415744K (64%)
----------------- Invoking toplevel() on ptolemy.moml.MoMLSimpleApplication@79c7918d
----------------- Done invoking toplevel() on ptolemy.moml.MoMLSimpleApplication@79c7918d
reloadAllAccessors: .arrayType20

===========================================================================================
----------------- testing Fri Jun 28 18:05:58 UTC 2019 /home/travis/build/icyphy/ptII/ptolemy/actor/lib/test/auto/arrayType21.xml
----------------- Instantiating /home/travis/build/icyphy/ptII/ptolemy/actor/lib/test/auto/arrayType21.xml
2 ms. Memory: 650240K Free: 411134K (63%)
----------------- Invoking toplevel() on ptolemy.moml.MoMLSimpleApplication@37700f57
----------------- Done invoking toplevel() on ptolemy.moml.MoMLSimpleApplication@37700f57
reloadAllAccessors: .arrayType21

===========================================================================================
----------------- testing Fri Jun 28 18:05:58 UTC 2019 /home/travis/build/icyphy/ptII/ptolemy/actor/lib/test/auto/arrayType22.xml
----------------- Instantiating /home/travis/build/icyphy/ptII/ptolemy/actor/lib/test/auto/arrayType22.xml
2 ms. Memory: 650240K Free: 406014K (62%)
----------------- Invoking toplevel() on ptolemy.moml.MoMLSimpleApplication@5610f610
----------------- Done invoking toplevel() on ptolemy.moml.MoMLSimpleApplication@5610f610
reloadAllAccessors: .arrayType22

===========================================================================================
----------------- testing Fri Jun 28 18:05:58 UTC 2019 /home/travis/build/icyphy/ptII/ptolemy/actor/lib/test/auto/arrayType23.xml
----------------- Instantiating /home/travis/build/icyphy/ptII/ptolemy/actor/lib/test/auto/arrayType23.xml
3 ms. Memory: 650240K Free: 401408K (62%)
----------------- Invoking toplevel() on ptolemy.moml.MoMLSimpleApplication@f769979
----------------- Done invoking toplevel() on ptolemy.moml.MoMLSimpleApplication@f769979
reloadAllAccessors: .arrayType23

===========================================================================================
----------------- testing Fri Jun 28 18:05:58 UTC 2019 /home/travis/build/icyphy/ptII/ptolemy/actor/lib/test/auto/arrayType24.xml
----------------- Instantiating /home/travis/build/icyphy/ptII/ptolemy/actor/lib/test/auto/arrayType24.xml
2 ms. Memory: 650240K Free: 396288K (61%)
----------------- Invoking toplevel() on ptolemy.moml.MoMLSimpleApplication@46352aef
----------------- Done invoking toplevel() on ptolemy.moml.MoMLSimpleApplication@46352aef
reloadAllAccessors: .arrayType24

===========================================================================================
----------------- testing Fri Jun 28 18:05:58 UTC 2019 /home/travis/build/icyphy/ptII/ptolemy/actor/lib/test/auto/arrayType25.xml
----------------- Instantiating /home/travis/build/icyphy/ptII/ptolemy/actor/lib/test/auto/arrayType25.xml
2 ms. Memory: 650240K Free: 391168K (60%)
----------------- Invoking toplevel() on ptolemy.moml.MoMLSimpleApplication@1fb52d41
----------------- Done invoking toplevel() on ptolemy.moml.MoMLSimpleApplication@1fb52d41
reloadAllAccessors: .arrayType25

===========================================================================================
----------------- testing Fri Jun 28 18:05:58 UTC 2019 /home/travis/build/icyphy/ptII/ptolemy/actor/lib/test/auto/arrayType26.xml
----------------- Instantiating /home/travis/build/icyphy/ptII/ptolemy/actor/lib/test/auto/arrayType26.xml
2 ms. Memory: 650240K Free: 386048K (59%)
----------------- Invoking toplevel() on ptolemy.moml.MoMLSimpleApplication@1dfb4822
----------------- Done invoking toplevel() on ptolemy.moml.MoMLSimpleApplication@1dfb4822
reloadAllAccessors: .arrayType26

===========================================================================================
----------------- testing Fri Jun 28 18:05:58 UTC 2019 /home/travis/build/icyphy/ptII/ptolemy/actor/lib/test/auto/arrayType27.xml
----------------- Instantiating /home/travis/build/icyphy/ptII/ptolemy/actor/lib/test/auto/arrayType27.xml
2 ms. Memory: 650240K Free: 380399K (59%)
----------------- Invoking toplevel() on ptolemy.moml.MoMLSimpleApplication@12a704dc
----------------- Done invoking toplevel() on ptolemy.moml.MoMLSimpleApplication@12a704dc
reloadAllAccessors: .arrayType27

===========================================================================================
----------------- testing Fri Jun 28 18:05:58 UTC 2019 /home/travis/build/icyphy/ptII/ptolemy/actor/lib/test/auto/arrayType28.xml
----------------- Instantiating /home/travis/build/icyphy/ptII/ptolemy/actor/lib/test/auto/arrayType28.xml
2 ms. Memory: 650240K Free: 375294K (58%)
----------------- Invoking toplevel() on ptolemy.moml.MoMLSimpleApplication@3530c187
----------------- Done invoking toplevel() on ptolemy.moml.MoMLSimpleApplication@3530c187
reloadAllAccessors: .arrayType28

===========================================================================================
----------------- testing Fri Jun 28 18:05:58 UTC 2019 /home/travis/build/icyphy/ptII/ptolemy/actor/lib/test/auto/arrayType3.xml
----------------- Instantiating /home/travis/build/icyphy/ptII/ptolemy/actor/lib/test/auto/arrayType3.xml
1 ms. Memory: 650240K Free: 369664K (57%)
----------------- Invoking toplevel() on ptolemy.moml.MoMLSimpleApplication@73517c52
----------------- Done invoking toplevel() on ptolemy.moml.MoMLSimpleApplication@73517c52
reloadAllAccessors: .arrayType3

===========================================================================================
----------------- testing Fri Jun 28 18:05:58 UTC 2019 /home/travis/build/icyphy/ptII/ptolemy/actor/lib/test/auto/arrayType4.xml
----------------- Instantiating /home/travis/build/icyphy/ptII/ptolemy/actor/lib/test/auto/arrayType4.xml
1 ms. Memory: 650240K Free: 364544K (56%)
----------------- Invoking toplevel() on ptolemy.moml.MoMLSimpleApplication@29a17177
----------------- Done invoking toplevel() on ptolemy.moml.MoMLSimpleApplication@29a17177
reloadAllAccessors: .arrayType4

===========================================================================================
----------------- testing Fri Jun 28 18:05:58 UTC 2019 /home/travis/build/icyphy/ptII/ptolemy/actor/lib/test/auto/arrayType5.xml
----------------- Instantiating /home/travis/build/icyphy/ptII/ptolemy/actor/lib/test/auto/arrayType5.xml
2 ms. Memory: 650240K Free: 359424K (55%)
----------------- Invoking toplevel() on ptolemy.moml.MoMLSimpleApplication@6f3f4b92
----------------- Done invoking toplevel() on ptolemy.moml.MoMLSimpleApplication@6f3f4b92
reloadAllAccessors: .arrayType5

===========================================================================================
----------------- testing Fri Jun 28 18:05:58 UTC 2019 /home/travis/build/icyphy/ptII/ptolemy/actor/lib/test/auto/arrayType6.xml
----------------- Instantiating /home/travis/build/icyphy/ptII/ptolemy/actor/lib/test/auto/arrayType6.xml
2 ms. Memory: 650240K Free: 354304K (54%)
----------------- Invoking toplevel() on ptolemy.moml.MoMLSimpleApplication@18e761d8
----------------- Done invoking toplevel() on ptolemy.moml.MoMLSimpleApplication@18e761d8
reloadAllAccessors: .arrayType6

===========================================================================================
----------------- testing Fri Jun 28 18:05:58 UTC 2019 /home/travis/build/icyphy/ptII/ptolemy/actor/lib/test/auto/arrayType7.xml
----------------- Instantiating /home/travis/build/icyphy/ptII/ptolemy/actor/lib/test/auto/arrayType7.xml
1 ms. Memory: 650240K Free: 349694K (54%)
----------------- Invoking toplevel() on ptolemy.moml.MoMLSimpleApplication@5d9c4859
----------------- Done invoking toplevel() on ptolemy.moml.MoMLSimpleApplication@5d9c4859
reloadAllAccessors: .arrayType7

===========================================================================================
----------------- testing Fri Jun 28 18:05:58 UTC 2019 /home/travis/build/icyphy/ptII/ptolemy/actor/lib/test/auto/arrayType8.xml
----------------- Instantiating /home/travis/build/icyphy/ptII/ptolemy/actor/lib/test/auto/arrayType8.xml
8 ms. Memory: 650240K Free: 344574K (53%)
----------------- Invoking toplevel() on ptolemy.moml.MoMLSimpleApplication@9ad2124
----------------- Done invoking toplevel() on ptolemy.moml.MoMLSimpleApplication@9ad2124
reloadAllAccessors: .arrayType8

===========================================================================================
----------------- testing Fri Jun 28 18:05:58 UTC 2019 /home/travis/build/icyphy/ptII/ptolemy/actor/lib/test/auto/arrayType9.xml
----------------- Instantiating /home/travis/build/icyphy/ptII/ptolemy/actor/lib/test/auto/arrayType9.xml
2 ms. Memory: 650240K Free: 339968K (52%)
----------------- Invoking toplevel() on ptolemy.moml.MoMLSimpleApplication@7cdf461a
----------------- Done invoking toplevel() on ptolemy.moml.MoMLSimpleApplication@7cdf461a
reloadAllAccessors: .arrayType9

===========================================================================================
----------------- testing Fri Jun 28 18:05:58 UTC 2019 /home/travis/build/icyphy/ptII/ptolemy/actor/lib/test/auto/cast.xml
----------------- Instantiating /home/travis/build/icyphy/ptII/ptolemy/actor/lib/test/auto/cast.xml
2 ms. Memory: 650240K Free: 334848K (51%)
----------------- Invoking toplevel() on ptolemy.moml.MoMLSimpleApplication@6105edf1
----------------- Done invoking toplevel() on ptolemy.moml.MoMLSimpleApplication@6105edf1
reloadAllAccessors: .cast

===========================================================================================
----------------- testing Fri Jun 28 18:05:58 UTC 2019 /home/travis/build/icyphy/ptII/ptolemy/actor/lib/test/auto/compositeMultiPort.xml
----------------- Instantiating /home/travis/build/icyphy/ptII/ptolemy/actor/lib/test/auto/compositeMultiPort.xml
4 ms. Memory: 650240K Free: 326135K (50%)
----------------- Invoking toplevel() on ptolemy.moml.MoMLSimpleApplication@6479dd5e
----------------- Done invoking toplevel() on ptolemy.moml.MoMLSimpleApplication@6479dd5e
reloadAllAccessors: .compositeMultiPort

===========================================================================================
----------------- testing Fri Jun 28 18:05:58 UTC 2019 /home/travis/build/icyphy/ptII/ptolemy/actor/lib/test/auto/expressionCastInference.xml
----------------- Instantiating /home/travis/build/icyphy/ptII/ptolemy/actor/lib/test/auto/expressionCastInference.xml
2 ms. Memory: 650240K Free: 321536K (49%)
----------------- Invoking toplevel() on ptolemy.moml.MoMLSimpleApplication@2cdd2fe0
----------------- Done invoking toplevel() on ptolemy.moml.MoMLSimpleApplication@2cdd2fe0
reloadAllAccessors: .expressionCastInference

===========================================================================================
----------------- testing Fri Jun 28 18:05:58 UTC 2019 /home/travis/build/icyphy/ptII/ptolemy/actor/lib/test/auto/expressionCastInference2.xml
----------------- Instantiating /home/travis/build/icyphy/ptII/ptolemy/actor/lib/test/auto/expressionCastInference2.xml
3 ms. Memory: 650240K Free: 316416K (49%)
----------------- Invoking toplevel() on ptolemy.moml.MoMLSimpleApplication@4b95c71e
----------------- Done invoking toplevel() on ptolemy.moml.MoMLSimpleApplication@4b95c71e
reloadAllAccessors: .expressionCastInference2

===========================================================================================
----------------- testing Fri Jun 28 18:05:58 UTC 2019 /home/travis/build/icyphy/ptII/ptolemy/actor/lib/test/auto/expressionInference.xml
----------------- Instantiating /home/travis/build/icyphy/ptII/ptolemy/actor/lib/test/auto/expressionInference.xml
2 ms. Memory: 650240K Free: 312320K (48%)
----------------- Invoking toplevel() on ptolemy.moml.MoMLSimpleApplication@6f9eaf17
----------------- Done invoking toplevel() on ptolemy.moml.MoMLSimpleApplication@6f9eaf17
reloadAllAccessors: .expressionInference

===========================================================================================
----------------- testing Fri Jun 28 18:05:58 UTC 2019 /home/travis/build/icyphy/ptII/ptolemy/actor/lib/test/auto/expression_bug.xml
----------------- Instantiating /home/travis/build/icyphy/ptII/ptolemy/actor/lib/test/auto/expression_bug.xml
2 ms. Memory: 650240K Free: 307710K (47%)
----------------- Invoking toplevel() on ptolemy.moml.MoMLSimpleApplication@5159200f
----------------- Done invoking toplevel() on ptolemy.moml.MoMLSimpleApplication@5159200f
reloadAllAccessors: .expression_bug

===========================================================================================
----------------- testing Fri Jun 28 18:05:58 UTC 2019 /home/travis/build/icyphy/ptII/ptolemy/actor/lib/test/auto/factorial.xml
----------------- Instantiating /home/travis/build/icyphy/ptII/ptolemy/actor/lib/test/auto/factorial.xml
41 ms. Memory: 650240K Free: 299518K (46%)
----------------- Invoking toplevel() on ptolemy.moml.MoMLSimpleApplication@1b59d128
----------------- Done invoking toplevel() on ptolemy.moml.MoMLSimpleApplication@1b59d128
reloadAllAccessors: .factorial

===========================================================================================
----------------- testing Fri Jun 28 18:05:58 UTC 2019 /home/travis/build/icyphy/ptII/ptolemy/actor/lib/test/auto/filterTest1.xml
----------------- Instantiating /home/travis/build/icyphy/ptII/ptolemy/actor/lib/test/auto/filterTest1.xml
3 ms. Memory: 650240K Free: 293359K (45%)
----------------- Invoking toplevel() on ptolemy.moml.MoMLSimpleApplication@39f31ca
----------------- Done invoking toplevel() on ptolemy.moml.MoMLSimpleApplication@39f31ca
reloadAllAccessors: .filterTest1

===========================================================================================
----------------- testing Fri Jun 28 18:05:59 UTC 2019 /home/travis/build/icyphy/ptII/ptolemy/actor/lib/test/auto/funcApplyInConst.xml
----------------- Instantiating /home/travis/build/icyphy/ptII/ptolemy/actor/lib/test/auto/funcApplyInConst.xml
1 ms. Memory: 650240K Free: 289792K (45%)
----------------- Invoking toplevel() on ptolemy.moml.MoMLSimpleApplication@4c762c07
----------------- Done invoking toplevel() on ptolemy.moml.MoMLSimpleApplication@4c762c07
reloadAllAccessors: .funcApplyInConst

===========================================================================================
----------------- testing Fri Jun 28 18:05:59 UTC 2019 /home/travis/build/icyphy/ptII/ptolemy/actor/lib/test/auto/funcApplyInExpr.xml
----------------- Instantiating /home/travis/build/icyphy/ptII/ptolemy/actor/lib/test/auto/funcApplyInExpr.xml
2 ms. Memory: 650240K Free: 285696K (44%)
----------------- Invoking toplevel() on ptolemy.moml.MoMLSimpleApplication@5c81a3d8
----------------- Done invoking toplevel() on ptolemy.moml.MoMLSimpleApplication@5c81a3d8
reloadAllAccessors: .funcApplyInExpr

===========================================================================================
----------------- testing Fri Jun 28 18:05:59 UTC 2019 /home/travis/build/icyphy/ptII/ptolemy/actor/lib/test/auto/function.xml
----------------- Instantiating /home/travis/build/icyphy/ptII/ptolemy/actor/lib/test/auto/function.xml
2 ms. Memory: 650240K Free: 281086K (43%)
----------------- Invoking toplevel() on ptolemy.moml.MoMLSimpleApplication@44f26f86
----------------- Done invoking toplevel() on ptolemy.moml.MoMLSimpleApplication@44f26f86
reloadAllAccessors: .function

===========================================================================================
----------------- testing Fri Jun 28 18:05:59 UTC 2019 /home/travis/build/icyphy/ptII/ptolemy/actor/lib/test/auto/function2.xml
----------------- Instantiating /home/travis/build/icyphy/ptII/ptolemy/actor/lib/test/auto/function2.xml
2 ms. Memory: 650240K Free: 276480K (43%)
----------------- Invoking toplevel() on ptolemy.moml.MoMLSimpleApplication@1922e912
----------------- Done invoking toplevel() on ptolemy.moml.MoMLSimpleApplication@1922e912
reloadAllAccessors: .function2

===========================================================================================
----------------- testing Fri Jun 28 18:05:59 UTC 2019 /home/travis/build/icyphy/ptII/ptolemy/actor/lib/test/auto/function3.xml
----------------- Instantiating /home/travis/build/icyphy/ptII/ptolemy/actor/lib/test/auto/function3.xml
2 ms. Memory: 650240K Free: 272384K (42%)
----------------- Invoking toplevel() on ptolemy.moml.MoMLSimpleApplication@3733e5fb
----------------- Done invoking toplevel() on ptolemy.moml.MoMLSimpleApplication@3733e5fb
reloadAllAccessors: .function3

===========================================================================================
----------------- testing Fri Jun 28 18:05:59 UTC 2019 /home/travis/build/icyphy/ptII/ptolemy/actor/lib/test/auto/functionClosureTest1.xml
----------------- Instantiating /home/travis/build/icyphy/ptII/ptolemy/actor/lib/test/auto/functionClosureTest1.xml
2 ms. Memory: 650240K Free: 266743K (41%)
----------------- Invoking toplevel() on ptolemy.moml.MoMLSimpleApplication@627642e0
----------------- Done invoking toplevel() on ptolemy.moml.MoMLSimpleApplication@627642e0
reloadAllAccessors: .functionClosureTest1

===========================================================================================
----------------- testing Fri Jun 28 18:05:59 UTC 2019 /home/travis/build/icyphy/ptII/ptolemy/actor/lib/test/auto/functionClosureTest2.xml
----------------- Instantiating /home/travis/build/icyphy/ptII/ptolemy/actor/lib/test/auto/functionClosureTest2.xml
2 ms. Memory: 650240K Free: 262654K (40%)
----------------- Invoking toplevel() on ptolemy.moml.MoMLSimpleApplication@4a810ad2
----------------- Done invoking toplevel() on ptolemy.moml.MoMLSimpleApplication@4a810ad2
reloadAllAccessors: .functionClosureTest2

===========================================================================================
----------------- testing Fri Jun 28 18:05:59 UTC 2019 /home/travis/build/icyphy/ptII/ptolemy/actor/lib/test/auto/functionClosureTest3.xml
----------------- Instantiating /home/travis/build/icyphy/ptII/ptolemy/actor/lib/test/auto/functionClosureTest3.xml
2 ms. Memory: 650240K Free: 257534K (40%)
----------------- Invoking toplevel() on ptolemy.moml.MoMLSimpleApplication@69cf0f9
----------------- Done invoking toplevel() on ptolemy.moml.MoMLSimpleApplication@69cf0f9
reloadAllAccessors: .functionClosureTest3

===========================================================================================
----------------- testing Fri Jun 28 18:05:59 UTC 2019 /home/travis/build/icyphy/ptII/ptolemy/actor/lib/test/auto/functionClosureTest4.xml
----------------- Instantiating /home/travis/build/icyphy/ptII/ptolemy/actor/lib/test/auto/functionClosureTest4.xml
4 ms. Memory: 650240K Free: 250880K (39%)
----------------- Invoking toplevel() on ptolemy.moml.MoMLSimpleApplication@4756e068
----------------- Done invoking toplevel() on ptolemy.moml.MoMLSimpleApplication@4756e068
reloadAllAccessors: .functionClosureTest4

===========================================================================================
----------------- testing Fri Jun 28 18:05:59 UTC 2019 /home/travis/build/icyphy/ptII/ptolemy/actor/lib/test/auto/functionClosureTest5.xml
----------------- Instantiating /home/travis/build/icyphy/ptII/ptolemy/actor/lib/test/auto/functionClosureTest5.xml
4 ms. Memory: 650240K Free: 245760K (38%)
----------------- Invoking toplevel() on ptolemy.moml.MoMLSimpleApplication@3ed4fa9e
----------------- Done invoking toplevel() on ptolemy.moml.MoMLSimpleApplication@3ed4fa9e
reloadAllAccessors: .functionClosureTest5

===========================================================================================
----------------- testing Fri Jun 28 18:05:59 UTC 2019 /home/travis/build/icyphy/ptII/ptolemy/actor/lib/test/auto/functionClosureTest6.xml
----------------- Instantiating /home/travis/build/icyphy/ptII/ptolemy/actor/lib/test/auto/functionClosureTest6.xml
2 ms. Memory: 650240K Free: 240640K (37%)
----------------- Invoking toplevel() on ptolemy.moml.MoMLSimpleApplication@7ccfd276
----------------- Done invoking toplevel() on ptolemy.moml.MoMLSimpleApplication@7ccfd276
reloadAllAccessors: .functionClosureTest6

===========================================================================================
----------------- testing Fri Jun 28 18:05:59 UTC 2019 /home/travis/build/icyphy/ptII/ptolemy/actor/lib/test/auto/functionsOnArcs.xml
----------------- Instantiating /home/travis/build/icyphy/ptII/ptolemy/actor/lib/test/auto/functionsOnArcs.xml
1 ms. Memory: 650240K Free: 235520K (36%)
----------------- Invoking toplevel() on ptolemy.moml.MoMLSimpleApplication@4c2e85ab
----------------- Done invoking toplevel() on ptolemy.moml.MoMLSimpleApplication@4c2e85ab
reloadAllAccessors: .functionsOnArcs

===========================================================================================
----------------- testing Fri Jun 28 18:05:59 UTC 2019 /home/travis/build/icyphy/ptII/ptolemy/actor/lib/test/auto/functionsOnArcsHOF.xml
----------------- Instantiating /home/travis/build/icyphy/ptII/ptolemy/actor/lib/test/auto/functionsOnArcsHOF.xml
4 ms. Memory: 650240K Free: 229376K (35%)
----------------- Invoking toplevel() on ptolemy.moml.MoMLSimpleApplication@4c48e47d
----------------- Done invoking toplevel() on ptolemy.moml.MoMLSimpleApplication@4c48e47d
reloadAllAccessors: .functionsOnArcsHOF

===========================================================================================
----------------- testing Fri Jun 28 18:05:59 UTC 2019 /home/travis/build/icyphy/ptII/ptolemy/actor/lib/test/auto/logic.xml
----------------- Instantiating /home/travis/build/icyphy/ptII/ptolemy/actor/lib/test/auto/logic.xml
2 ms. Memory: 650240K Free: 222208K (34%)
----------------- Invoking toplevel() on ptolemy.moml.MoMLSimpleApplication@4566f7d1
----------------- Done invoking toplevel() on ptolemy.moml.MoMLSimpleApplication@4566f7d1
reloadAllAccessors: .logic

===========================================================================================
----------------- testing Fri Jun 28 18:05:59 UTC 2019 /home/travis/build/icyphy/ptII/ptolemy/actor/lib/test/auto/matrixType.xml
----------------- Instantiating /home/travis/build/icyphy/ptII/ptolemy/actor/lib/test/auto/matrixType.xml
2 ms. Memory: 650240K Free: 592382K (91%)
----------------- Invoking toplevel() on ptolemy.moml.MoMLSimpleApplication@60107674
----------------- Done invoking toplevel() on ptolemy.moml.MoMLSimpleApplication@60107674
reloadAllAccessors: .matrixType

===========================================================================================
----------------- testing Fri Jun 28 18:05:59 UTC 2019 /home/travis/build/icyphy/ptII/ptolemy/actor/lib/test/auto/matrixType10.xml
----------------- Instantiating /home/travis/build/icyphy/ptII/ptolemy/actor/lib/test/auto/matrixType10.xml
1 ms. Memory: 650240K Free: 587776K (90%)
----------------- Invoking toplevel() on ptolemy.moml.MoMLSimpleApplication@37180b2e
----------------- Done invoking toplevel() on ptolemy.moml.MoMLSimpleApplication@37180b2e
reloadAllAccessors: .matrixType10

===========================================================================================
----------------- testing Fri Jun 28 18:05:59 UTC 2019 /home/travis/build/icyphy/ptII/ptolemy/actor/lib/test/auto/matrixType11.xml
----------------- Instantiating /home/travis/build/icyphy/ptII/ptolemy/actor/lib/test/auto/matrixType11.xml
1 ms. Memory: 650240K Free: 582656K (90%)
----------------- Invoking toplevel() on ptolemy.moml.MoMLSimpleApplication@5227f518
----------------- Done invoking toplevel() on ptolemy.moml.MoMLSimpleApplication@5227f518
reloadAllAccessors: .matrixType11

===========================================================================================
----------------- testing Fri Jun 28 18:05:59 UTC 2019 /home/travis/build/icyphy/ptII/ptolemy/actor/lib/test/auto/matrixType12.xml
----------------- Instantiating /home/travis/build/icyphy/ptII/ptolemy/actor/lib/test/auto/matrixType12.xml
2 ms. Memory: 650240K Free: 578046K (89%)
----------------- Invoking toplevel() on ptolemy.moml.MoMLSimpleApplication@3a6c2ceb
----------------- Done invoking toplevel() on ptolemy.moml.MoMLSimpleApplication@3a6c2ceb
reloadAllAccessors: .matrixType12

===========================================================================================
----------------- testing Fri Jun 28 18:05:59 UTC 2019 /home/travis/build/icyphy/ptII/ptolemy/actor/lib/test/auto/matrixType13.xml
----------------- Instantiating /home/travis/build/icyphy/ptII/ptolemy/actor/lib/test/auto/matrixType13.xml
2 ms. Memory: 650240K Free: 572926K (88%)
----------------- Invoking toplevel() on ptolemy.moml.MoMLSimpleApplication@56aa1a7a
----------------- Done invoking toplevel() on ptolemy.moml.MoMLSimpleApplication@56aa1a7a
reloadAllAccessors: .matrixType13

===========================================================================================
----------------- testing Fri Jun 28 18:05:59 UTC 2019 /home/travis/build/icyphy/ptII/ptolemy/actor/lib/test/auto/matrixType14.xml
----------------- Instantiating /home/travis/build/icyphy/ptII/ptolemy/actor/lib/test/auto/matrixType14.xml
1 ms. Memory: 650240K Free: 567806K (87%)
----------------- Invoking toplevel() on ptolemy.moml.MoMLSimpleApplication@151af8be
----------------- Done invoking toplevel() on ptolemy.moml.MoMLSimpleApplication@151af8be
reloadAllAccessors: .matrixType14

===========================================================================================
----------------- testing Fri Jun 28 18:05:59 UTC 2019 /home/travis/build/icyphy/ptII/ptolemy/actor/lib/test/auto/matrixType2.xml
----------------- Instantiating /home/travis/build/icyphy/ptII/ptolemy/actor/lib/test/auto/matrixType2.xml
1 ms. Memory: 650240K Free: 562686K (87%)
----------------- Invoking toplevel() on ptolemy.moml.MoMLSimpleApplication@19687dc5
----------------- Done invoking toplevel() on ptolemy.moml.MoMLSimpleApplication@19687dc5
reloadAllAccessors: .matrixType2

===========================================================================================
----------------- testing Fri Jun 28 18:05:59 UTC 2019 /home/travis/build/icyphy/ptII/ptolemy/actor/lib/test/auto/matrixType3.xml
----------------- Instantiating /home/travis/build/icyphy/ptII/ptolemy/actor/lib/test/auto/matrixType3.xml
4 ms. Memory: 650240K Free: 558080K (86%)
----------------- Invoking toplevel() on ptolemy.moml.MoMLSimpleApplication@267706bc
----------------- Done invoking toplevel() on ptolemy.moml.MoMLSimpleApplication@267706bc
reloadAllAccessors: .matrixType3

===========================================================================================
----------------- testing Fri Jun 28 18:05:59 UTC 2019 /home/travis/build/icyphy/ptII/ptolemy/actor/lib/test/auto/matrixType4.xml
----------------- Instantiating /home/travis/build/icyphy/ptII/ptolemy/actor/lib/test/auto/matrixType4.xml
2 ms. Memory: 650240K Free: 552960K (85%)
----------------- Invoking toplevel() on ptolemy.moml.MoMLSimpleApplication@1c7aca90
----------------- Done invoking toplevel() on ptolemy.moml.MoMLSimpleApplication@1c7aca90
reloadAllAccessors: .matrixType4

===========================================================================================
----------------- testing Fri Jun 28 18:05:59 UTC 2019 /home/travis/build/icyphy/ptII/ptolemy/actor/lib/test/auto/matrixType5.xml
----------------- Instantiating /home/travis/build/icyphy/ptII/ptolemy/actor/lib/test/auto/matrixType5.xml
2 ms. Memory: 650240K Free: 548350K (84%)
----------------- Invoking toplevel() on ptolemy.moml.MoMLSimpleApplication@af08062
----------------- Done invoking toplevel() on ptolemy.moml.MoMLSimpleApplication@af08062
reloadAllAccessors: .matrixType5

===========================================================================================
----------------- testing Fri Jun 28 18:05:59 UTC 2019 /home/travis/build/icyphy/ptII/ptolemy/actor/lib/test/auto/matrixType6.xml
----------------- Instantiating /home/travis/build/icyphy/ptII/ptolemy/actor/lib/test/auto/matrixType6.xml
1 ms. Memory: 650240K Free: 543230K (84%)
----------------- Invoking toplevel() on ptolemy.moml.MoMLSimpleApplication@75322314
----------------- Done invoking toplevel() on ptolemy.moml.MoMLSimpleApplication@75322314
reloadAllAccessors: .matrixType6

===========================================================================================
----------------- testing Fri Jun 28 18:05:59 UTC 2019 /home/travis/build/icyphy/ptII/ptolemy/actor/lib/test/auto/matrixType7.xml
----------------- Instantiating /home/travis/build/icyphy/ptII/ptolemy/actor/lib/test/auto/matrixType7.xml
1 ms. Memory: 650240K Free: 538624K (83%)
----------------- Invoking toplevel() on ptolemy.moml.MoMLSimpleApplication@3791f506
----------------- Done invoking toplevel() on ptolemy.moml.MoMLSimpleApplication@3791f506
reloadAllAccessors: .matrixType7

===========================================================================================
----------------- testing Fri Jun 28 18:05:59 UTC 2019 /home/travis/build/icyphy/ptII/ptolemy/actor/lib/test/auto/matrixType8.xml
----------------- Instantiating /home/travis/build/icyphy/ptII/ptolemy/actor/lib/test/auto/matrixType8.xml
2 ms. Memory: 650240K Free: 533504K (82%)
----------------- Invoking toplevel() on ptolemy.moml.MoMLSimpleApplication@561b24ac
----------------- Done invoking toplevel() on ptolemy.moml.MoMLSimpleApplication@561b24ac
reloadAllAccessors: .matrixType8

===========================================================================================
----------------- testing Fri Jun 28 18:05:59 UTC 2019 /home/travis/build/icyphy/ptII/ptolemy/actor/lib/test/auto/matrixType9.xml
----------------- Instantiating /home/travis/build/icyphy/ptII/ptolemy/actor/lib/test/auto/matrixType9.xml
1 ms. Memory: 650240K Free: 528894K (81%)
----------------- Invoking toplevel() on ptolemy.moml.MoMLSimpleApplication@11351ac2
----------------- Done invoking toplevel() on ptolemy.moml.MoMLSimpleApplication@11351ac2
reloadAllAccessors: .matrixType9

===========================================================================================
----------------- testing Fri Jun 28 18:05:59 UTC 2019 /home/travis/build/icyphy/ptII/ptolemy/actor/lib/test/auto/paraFunctest.xml
----------------- Instantiating /home/travis/build/icyphy/ptII/ptolemy/actor/lib/test/auto/paraFunctest.xml
2 ms. Memory: 650240K Free: 524767K (81%)
----------------- Invoking toplevel() on ptolemy.moml.MoMLSimpleApplication@2d5f8abe
----------------- Done invoking toplevel() on ptolemy.moml.MoMLSimpleApplication@2d5f8abe
reloadAllAccessors: .paraFunctest

===========================================================================================
----------------- testing Fri Jun 28 18:05:59 UTC 2019 /home/travis/build/icyphy/ptII/ptolemy/actor/lib/test/auto/paraFunctest2.xml
----------------- Instantiating /home/travis/build/icyphy/ptII/ptolemy/actor/lib/test/auto/paraFunctest2.xml
2 ms. Memory: 650240K Free: 520702K (80%)
----------------- Invoking toplevel() on ptolemy.moml.MoMLSimpleApplication@5e6f6075
----------------- Done invoking toplevel() on ptolemy.moml.MoMLSimpleApplication@5e6f6075
reloadAllAccessors: .paraFunctest2

===========================================================================================
----------------- testing Fri Jun 28 18:05:59 UTC 2019 /home/travis/build/icyphy/ptII/ptolemy/actor/lib/test/auto/parameterPassing.xml
----------------- Instantiating /home/travis/build/icyphy/ptII/ptolemy/actor/lib/test/auto/parameterPassing.xml
1 ms. Memory: 650240K Free: 516096K (79%)
----------------- Invoking toplevel() on ptolemy.moml.MoMLSimpleApplication@9669f6a
----------------- Done invoking toplevel() on ptolemy.moml.MoMLSimpleApplication@9669f6a
reloadAllAccessors: .parameterPassing

===========================================================================================
----------------- testing Fri Jun 28 18:05:59 UTC 2019 /home/travis/build/icyphy/ptII/ptolemy/actor/lib/test/auto/record.xml
----------------- Instantiating /home/travis/build/icyphy/ptII/ptolemy/actor/lib/test/auto/record.xml
2 ms. Memory: 650240K Free: 510976K (79%)
----------------- Invoking toplevel() on ptolemy.moml.MoMLSimpleApplication@37dc0e6b
----------------- Done invoking toplevel() on ptolemy.moml.MoMLSimpleApplication@37dc0e6b
reloadAllAccessors: .record

===========================================================================================
----------------- testing Fri Jun 28 18:05:59 UTC 2019 /home/travis/build/icyphy/ptII/ptolemy/actor/lib/test/auto/sizedarray1.xml
----------------- Instantiating /home/travis/build/icyphy/ptII/ptolemy/actor/lib/test/auto/sizedarray1.xml
1 ms. Memory: 650240K Free: 505856K (78%)
----------------- Invoking toplevel() on ptolemy.moml.MoMLSimpleApplication@42bda33
----------------- Done invoking toplevel() on ptolemy.moml.MoMLSimpleApplication@42bda33
reloadAllAccessors: .sizedarray1

===========================================================================================
----------------- testing Fri Jun 28 18:05:59 UTC 2019 /home/travis/build/icyphy/ptII/ptolemy/actor/lib/test/auto/sizedarray2.xml
----------------- Instantiating /home/travis/build/icyphy/ptII/ptolemy/actor/lib/test/auto/sizedarray2.xml
2 ms. Memory: 650240K Free: 500222K (77%)
----------------- Invoking toplevel() on ptolemy.moml.MoMLSimpleApplication@379afe9b
----------------- Done invoking toplevel() on ptolemy.moml.MoMLSimpleApplication@379afe9b
reloadAllAccessors: .sizedarray2

===========================================================================================
----------------- testing Fri Jun 28 18:05:59 UTC 2019 /home/travis/build/icyphy/ptII/ptolemy/actor/lib/test/auto/twoPublishers.xml
----------------- Instantiating /home/travis/build/icyphy/ptII/ptolemy/actor/lib/test/auto/twoPublishers.xml
2 ms. Memory: 650240K Free: 489472K (75%)
----------------- Invoking toplevel() on ptolemy.moml.MoMLSimpleApplication@581d8418
----------------- Done invoking toplevel() on ptolemy.moml.MoMLSimpleApplication@581d8418
reloadAllAccessors: .twoPublishers
AutoTests.java: About to close Vertx.
AutoTests.java: Vertx closed.
]]></system-out>
  <system-err><![CDATA[java.lang.RuntimeException: Execution failed
	at ptolemy.moml.MoMLSimpleApplication$UnloadThread.run(MoMLSimpleApplication.java:402)
Caused by: java.lang.RuntimeException: StringUtilities.exit() was called. Normally, we would exit here because Manager.exitAfterWrapup() was called.  However, because the ptolemy.ptII.exitAfterWrapup property is set, we throw this exception instead.
	at ptolemy.util.StringUtilities.exit(StringUtilities.java:363)
	at ptolemy.actor.Manager.wrapup(Manager.java:1531)
	at ptolemy.actor.Manager.execute(Manager.java:407)
	at ptolemy.actor.Manager.run(Manager.java:1263)
	at ptolemy.actor.Manager$PtolemyRunThread.run(Manager.java:1915)
Warning: '.top.test' is in training mode, set the trainingMode parameter to false before checking in
Warning: '.top.test' is in training mode, set the trainingMode parameter to false before checking in
Warning: '.top.test' is in training mode, set the trainingMode parameter to false before checking in
Warning: '.BooleanSwitch_RegressionTest_WrongTrainingValues.Test' is in training mode, set the trainingMode parameter to false before checking in
Warning: '.BooleanSwitch_RegressionTest_WrongTrainingValues.Test2' is in training mode, set the trainingMode parameter to false before checking in
Warning: '.BooleanSwitch_RegressionTest_WrongTrainingValues.Test2' The test produced 0 tokens.
Warning: '.top.testExceptionHandler' is in training mode, set the trainingMode parameter to false before checking in
java.lang.RuntimeException: Execution failed
	at ptolemy.moml.MoMLSimpleApplication$UnloadThread.run(MoMLSimpleApplication.java:402)
Caused by: ptolemy.kernel.util.IllegalActionException: PublisherPorts cannot be used at the top level, use a Publisher actor instead.
  in .PublisherPortToplevelSubscriber.PublisherPort
	at ptolemy.actor.PublisherPort.preinitialize(PublisherPort.java:403)
	at ptolemy.actor.CompositeActor.preinitialize(CompositeActor.java:1769)
	at ptolemy.actor.Manager.preinitializeAndResolveTypes(Manager.java:1040)
	at ptolemy.actor.Manager.initialize(Manager.java:710)
	at ptolemy.actor.Manager.execute(Manager.java:356)
	at ptolemy.actor.Manager.run(Manager.java:1263)
	at ptolemy.actor.Manager$PtolemyRunThread.run(Manager.java:1915)
java.lang.reflect.InvocationTargetException
	at java.base/jdk.internal.reflect.NativeConstructorAccessorImpl.newInstance0(Native Method)
	at java.base/jdk.internal.reflect.NativeConstructorAccessorImpl.newInstance(NativeConstructorAccessorImpl.java:62)
	at java.base/jdk.internal.reflect.DelegatingConstructorAccessorImpl.newInstance(DelegatingConstructorAccessorImpl.java:45)
	at java.base/java.lang.reflect.Constructor.newInstance(Constructor.java:490)
	at ptolemy.util.test.junit.AutoKnownFailedTests.RunModel(AutoKnownFailedTests.java:105)
	at java.base/jdk.internal.reflect.NativeMethodAccessorImpl.invoke0(Native Method)
	at java.base/jdk.internal.reflect.NativeMethodAccessorImpl.invoke(NativeMethodAccessorImpl.java:62)
	at java.base/jdk.internal.reflect.DelegatingMethodAccessorImpl.invoke(DelegatingMethodAccessorImpl.java:43)
	at java.base/java.lang.reflect.Method.invoke(Method.java:566)
	at org.junit.runners.model.FrameworkMethod$1.runReflectiveCall(FrameworkMethod.java:44)
	at org.junit.internal.runners.model.ReflectiveCallable.run(ReflectiveCallable.java:15)
	at org.junit.runners.model.FrameworkMethod.invokeExplosively(FrameworkMethod.java:41)
	at junitparams.internal.InvokeParameterisedMethod.evaluate(InvokeParameterisedMethod.java:102)
	at org.junit.internal.runners.statements.FailOnTimeout$1.run(FailOnTimeout.java:28)
Caused by: ptolemy.kernel.util.IllegalActionException: PublisherPorts cannot be used at the top level, use a Publisher actor instead.
  in .PublisherPortToplevelSubscriber.PublisherPort
	at ptolemy.actor.PublisherPort.preinitialize(PublisherPort.java:403)
	at ptolemy.actor.CompositeActor.preinitialize(CompositeActor.java:1769)
	at ptolemy.actor.Manager.preinitializeAndResolveTypes(Manager.java:1040)
	at ptolemy.actor.Manager.initialize(Manager.java:710)
	at ptolemy.actor.Manager.execute(Manager.java:356)
	at ptolemy.actor.Manager.run(Manager.java:1263)
	at ptolemy.actor.Manager$PtolemyRunThread.run(Manager.java:1915)
java.lang.RuntimeException: Execution failed
	at ptolemy.moml.MoMLSimpleApplication$UnloadThread.run(MoMLSimpleApplication.java:402)
Caused by: ptolemy.kernel.util.IllegalActionException: SubscriberPorts cannot be used at the top level, use a Subscriber actor instead.
  in .PublisherSubscriberPortToplevel.SubscriberPort
	at ptolemy.actor.SubscriberPort.preinitialize(SubscriberPort.java:328)
	at ptolemy.actor.CompositeActor.preinitialize(CompositeActor.java:1769)
	at ptolemy.actor.Manager.preinitializeAndResolveTypes(Manager.java:1040)
	at ptolemy.actor.Manager.initialize(Manager.java:710)
	at ptolemy.actor.Manager.execute(Manager.java:356)
	at ptolemy.actor.Manager.run(Manager.java:1263)
	at ptolemy.actor.Manager$PtolemyRunThread.run(Manager.java:1915)
java.lang.reflect.InvocationTargetException
	at java.base/jdk.internal.reflect.NativeConstructorAccessorImpl.newInstance0(Native Method)
	at java.base/jdk.internal.reflect.NativeConstructorAccessorImpl.newInstance(NativeConstructorAccessorImpl.java:62)
	at java.base/jdk.internal.reflect.DelegatingConstructorAccessorImpl.newInstance(DelegatingConstructorAccessorImpl.java:45)
	at java.base/java.lang.reflect.Constructor.newInstance(Constructor.java:490)
	at ptolemy.util.test.junit.AutoKnownFailedTests.RunModel(AutoKnownFailedTests.java:105)
	at java.base/jdk.internal.reflect.NativeMethodAccessorImpl.invoke0(Native Method)
	at java.base/jdk.internal.reflect.NativeMethodAccessorImpl.invoke(NativeMethodAccessorImpl.java:62)
	at java.base/jdk.internal.reflect.DelegatingMethodAccessorImpl.invoke(DelegatingMethodAccessorImpl.java:43)
	at java.base/java.lang.reflect.Method.invoke(Method.java:566)
	at org.junit.runners.model.FrameworkMethod$1.runReflectiveCall(FrameworkMethod.java:44)
	at org.junit.internal.runners.model.ReflectiveCallable.run(ReflectiveCallable.java:15)
	at org.junit.runners.model.FrameworkMethod.invokeExplosively(FrameworkMethod.java:41)
	at junitparams.internal.InvokeParameterisedMethod.evaluate(InvokeParameterisedMethod.java:102)
	at org.junit.internal.runners.statements.FailOnTimeout$1.run(FailOnTimeout.java:28)
Caused by: ptolemy.kernel.util.IllegalActionException: SubscriberPorts cannot be used at the top level, use a Subscriber actor instead.
  in .PublisherSubscriberPortToplevel.SubscriberPort
	at ptolemy.actor.SubscriberPort.preinitialize(SubscriberPort.java:328)
	at ptolemy.actor.CompositeActor.preinitialize(CompositeActor.java:1769)
	at ptolemy.actor.Manager.preinitializeAndResolveTypes(Manager.java:1040)
	at ptolemy.actor.Manager.initialize(Manager.java:710)
	at ptolemy.actor.Manager.execute(Manager.java:356)
	at ptolemy.actor.Manager.run(Manager.java:1263)
	at ptolemy.actor.Manager$PtolemyRunThread.run(Manager.java:1915)
java.lang.RuntimeException: Execution failed
	at ptolemy.moml.MoMLSimpleApplication$UnloadThread.run(MoMLSimpleApplication.java:402)
Caused by: ptolemy.kernel.util.IllegalActionException: SubscriptionAggregatorPorts cannot be used at the top level, use a SubscriptionAggregator actor instead.
  in .PublisherSubscriptionAggregatorPort.SubscriptionAggregatorPort
	at ptolemy.actor.SubscriptionAggregatorPort.preinitialize(SubscriptionAggregatorPort.java:353)
	at ptolemy.actor.CompositeActor.preinitialize(CompositeActor.java:1769)
	at ptolemy.actor.Manager.preinitializeAndResolveTypes(Manager.java:1040)
	at ptolemy.actor.Manager.initialize(Manager.java:710)
	at ptolemy.actor.Manager.execute(Manager.java:356)
	at ptolemy.actor.Manager.run(Manager.java:1263)
	at ptolemy.actor.Manager$PtolemyRunThread.run(Manager.java:1915)
java.lang.reflect.InvocationTargetException
	at java.base/jdk.internal.reflect.NativeConstructorAccessorImpl.newInstance0(Native Method)
	at java.base/jdk.internal.reflect.NativeConstructorAccessorImpl.newInstance(NativeConstructorAccessorImpl.java:62)
	at java.base/jdk.internal.reflect.DelegatingConstructorAccessorImpl.newInstance(DelegatingConstructorAccessorImpl.java:45)
	at java.base/java.lang.reflect.Constructor.newInstance(Constructor.java:490)
	at ptolemy.util.test.junit.AutoKnownFailedTests.RunModel(AutoKnownFailedTests.java:105)
	at java.base/jdk.internal.reflect.NativeMethodAccessorImpl.invoke0(Native Method)
	at java.base/jdk.internal.reflect.NativeMethodAccessorImpl.invoke(NativeMethodAccessorImpl.java:62)
	at java.base/jdk.internal.reflect.DelegatingMethodAccessorImpl.invoke(DelegatingMethodAccessorImpl.java:43)
	at java.base/java.lang.reflect.Method.invoke(Method.java:566)
	at org.junit.runners.model.FrameworkMethod$1.runReflectiveCall(FrameworkMethod.java:44)
	at org.junit.internal.runners.model.ReflectiveCallable.run(ReflectiveCallable.java:15)
	at org.junit.runners.model.FrameworkMethod.invokeExplosively(FrameworkMethod.java:41)
	at junitparams.internal.InvokeParameterisedMethod.evaluate(InvokeParameterisedMethod.java:102)
	at org.junit.internal.runners.statements.FailOnTimeout$1.run(FailOnTimeout.java:28)
Caused by: ptolemy.kernel.util.IllegalActionException: SubscriptionAggregatorPorts cannot be used at the top level, use a SubscriptionAggregator actor instead.
  in .PublisherSubscriptionAggregatorPort.SubscriptionAggregatorPort
	at ptolemy.actor.SubscriptionAggregatorPort.preinitialize(SubscriptionAggregatorPort.java:353)
	at ptolemy.actor.CompositeActor.preinitialize(CompositeActor.java:1769)
	at ptolemy.actor.Manager.preinitializeAndResolveTypes(Manager.java:1040)
	at ptolemy.actor.Manager.initialize(Manager.java:710)
	at ptolemy.actor.Manager.execute(Manager.java:356)
	at ptolemy.actor.Manager.run(Manager.java:1263)
	at ptolemy.actor.Manager$PtolemyRunThread.run(Manager.java:1915)
java.lang.RuntimeException: Execution failed
	at ptolemy.moml.MoMLSimpleApplication$UnloadThread.run(MoMLSimpleApplication.java:402)
Caused by: ptolemy.kernel.util.IllegalActionException: TypeTest actor has no training data.
  in .sizedarray3.TypeTest
	at ptolemy.actor.lib.TypeTest.initialize(TypeTest.java:250)
	at ptolemy.actor.Director.initialize(Director.java:938)
	at ptolemy.actor.Director.initialize(Director.java:907)
	at ptolemy.actor.sched.StaticSchedulingDirector.initialize(StaticSchedulingDirector.java:159)
	at ptolemy.domains.sdf.kernel.SDFDirector.initialize(SDFDirector.java:544)
	at ptolemy.actor.CompositeActor.initialize(CompositeActor.java:935)
	at ptolemy.actor.Manager.initialize(Manager.java:724)
	at ptolemy.actor.Manager.execute(Manager.java:356)
	at ptolemy.actor.Manager.run(Manager.java:1263)
	at ptolemy.actor.Manager$PtolemyRunThread.run(Manager.java:1915)
java.lang.reflect.InvocationTargetException
	at java.base/jdk.internal.reflect.NativeConstructorAccessorImpl.newInstance0(Native Method)
	at java.base/jdk.internal.reflect.NativeConstructorAccessorImpl.newInstance(NativeConstructorAccessorImpl.java:62)
	at java.base/jdk.internal.reflect.DelegatingConstructorAccessorImpl.newInstance(DelegatingConstructorAccessorImpl.java:45)
	at java.base/java.lang.reflect.Constructor.newInstance(Constructor.java:490)
	at ptolemy.util.test.junit.AutoKnownFailedTests.RunModel(AutoKnownFailedTests.java:105)
	at java.base/jdk.internal.reflect.NativeMethodAccessorImpl.invoke0(Native Method)
	at java.base/jdk.internal.reflect.NativeMethodAccessorImpl.invoke(NativeMethodAccessorImpl.java:62)
	at java.base/jdk.internal.reflect.DelegatingMethodAccessorImpl.invoke(DelegatingMethodAccessorImpl.java:43)
	at java.base/java.lang.reflect.Method.invoke(Method.java:566)
	at org.junit.runners.model.FrameworkMethod$1.runReflectiveCall(FrameworkMethod.java:44)
	at org.junit.internal.runners.model.ReflectiveCallable.run(ReflectiveCallable.java:15)
	at org.junit.runners.model.FrameworkMethod.invokeExplosively(FrameworkMethod.java:41)
	at junitparams.internal.InvokeParameterisedMethod.evaluate(InvokeParameterisedMethod.java:102)
	at org.junit.internal.runners.statements.FailOnTimeout$1.run(FailOnTimeout.java:28)
Caused by: ptolemy.kernel.util.IllegalActionException: TypeTest actor has no training data.
  in .sizedarray3.TypeTest
	at ptolemy.actor.lib.TypeTest.initialize(TypeTest.java:250)
	at ptolemy.actor.Director.initialize(Director.java:938)
	at ptolemy.actor.Director.initialize(Director.java:907)
	at ptolemy.actor.sched.StaticSchedulingDirector.initialize(StaticSchedulingDirector.java:159)
	at ptolemy.domains.sdf.kernel.SDFDirector.initialize(SDFDirector.java:544)
	at ptolemy.actor.CompositeActor.initialize(CompositeActor.java:935)
	at ptolemy.actor.Manager.initialize(Manager.java:724)
	at ptolemy.actor.Manager.execute(Manager.java:356)
	at ptolemy.actor.Manager.run(Manager.java:1263)
	at ptolemy.actor.Manager$PtolemyRunThread.run(Manager.java:1915)
java.lang.RuntimeException: Execution failed
	at ptolemy.moml.MoMLSimpleApplication$UnloadThread.run(MoMLSimpleApplication.java:402)
Caused by: ptolemy.kernel.util.IllegalActionException: Test fails in iteration 0.
Value was: "WARNING: An illegal reflective access operation has occurred\nWARNING: Illegal reflective access by io.netty.util.internal.ReflectionUtil (file:/home/travis/build/icyphy/ptII/lib/netty-common-4.1.19.Final.jar) to constructor java.nio.DirectByteBuffer(long,int)\nWARNING: Please consider reporting this to the maintainers of io.netty.util.internal.ReflectionUtil\nWARNING: Use --illegal-access=warn to enable warnings of further illegal reflective access operations\nWARNING: All illegal access operations will be denied in a future release\n". Should have been: ""
  in .ExecRunDemos.Test
	at ptolemy.actor.lib.Test.fire(Test.java:268)
	at ptolemy.actor.AtomicActor.iterate(AtomicActor.java:512)
	at ptolemy.actor.sched.StaticSchedulingDirector.fire(StaticSchedulingDirector.java:216)
	at ptolemy.domains.sdf.kernel.SDFDirector.fire(SDFDirector.java:500)
	at ptolemy.actor.CompositeActor.fire(CompositeActor.java:455)
	at ptolemy.actor.Manager.iterate(Manager.java:851)
	at ptolemy.actor.Manager.execute(Manager.java:369)
	at ptolemy.actor.Manager.run(Manager.java:1263)
	at ptolemy.actor.Manager$PtolemyRunThread.run(Manager.java:1915)
]]></system-err>
</testsuite>
