<?xml version="1.0" encoding="UTF-8" ?>
<testsuite errors="0" failures="0" hostname="travis-job-c0704a34-e798-4fab-af1f-6fe9da169de4" name="ptolemy.domains.de.test.junit.JUnitTclTest" skipped="0" tests="101" time="128.019" timestamp="2019-02-16T03:34:30">
  <properties>
    <property name="npm.executable" value="npm" />
    <property name="file.encoding.pkg" value="sun.io" />
    <property name="env.TRAVIS_ROOT" value="/" />
    <property name="ptII.mk.exists" value="true" />
    <property name="env.TRAVIS_APP_HOST" value="build.travis-ci.org" />
    <property name="env.rvm_bin_path" value="/home/travis/.rvm/bin" />
    <property name="java.home" value="/usr/lib/jvm/java-8-oracle/jre" />
    <property name="env.TRAVIS_JOB_NUMBER" value="1003.9" />
    <property name="env.TRAVIS_HOME" value="/home/travis" />
    <property name="env.DISPLAY" value=":99.0" />
    <property name="java.net.preferIPv4Stack" value="true" />
    <property name="env.TRAVIS_INIT" value="upstart" />
    <property name="env.SSH_TTY" value="/dev/pts/0" />
    <property name="env.RUN_TESTS" value="true" />
    <property name="timeout.short" value="1000000" />
    <property name="env.TRAVIS_JOB_NAME" value="" />
    <property name="env.TRAVIS_STACK_NODE_ATTRIBUTES" value="/.node-attributes.yml" />
    <property name="junit.formatter" value="xml" />
    <property name="java.endorsed.dirs" value="/usr/lib/jvm/java-8-oracle/jre/lib/endorsed" />
    <property name="env.TRAVIS_SUDO" value="true" />
    <property name="env.LOGNAME" value="travis" />
    <property name="jsdoc.home" value="node_modules/@terraswarm/jsdoc" />
    <property name="debuglevel" value="source,lines,vars" />
    <property name="checkstyle.formatter" value="xml" />
    <property name="bin.vergil.makeable" value="true" />
    <property name="env._system_version" value="14.04" />
    <property name="sun.os.patch.level" value="unknown" />
    <property name="java.vendor.url" value="http://java.oracle.com/" />
    <property name="env.TRAVIS_BUILD_WEB_URL" value="https://travis-ci.org/icyphy/ptII/builds/494091003" />
    <property name="java.version" value="1.8.0_151" />
    <property name="env.TZ" value="UTC" />
    <property name="env.PT_NO_NET" value="true" />
    <property name="env.TRAVIS_PULL_REQUEST_SHA" value="" />
    <property name="env.TRAVIS_SECURE_ENV_VARS" value="true" />
    <property name="env._system_type" value="Linux" />
    <property name="java.vendor.url.bug" value="http://bugreport.sun.com/bugreport/" />
    <property name="env.SSH_CLIENT" value="10.10.4.76 59030 22" />
    <property name="npmjs-org-is-up" value="true" />
    <property name="env.GEM_HOME" value="/home/travis/.rvm/gems/ruby-2.4.1" />
    <property name="env.HAS_ANTARES_THREE_LITTLE_FRONZIES_BADGE" value="true" />
    <property name="env.PS4" value="+" />
    <property name="ant.project.invoked-targets" value="build,test.core2.xml" />
    <property name="env.TRAVIS_PULL_REQUEST_BRANCH" value="" />
    <property name="env.TRAVIS_REPO_SLUG" value="icyphy/ptII" />
    <property name="env.TRAVIS_APT_PROXY" value="http://build-cache.travisci.net" />
    <property name="node.in.path" value="true" />
    <property name="java.maxmemory" value="1400m" />
    <property name="env.RUBY_VERSION" value="ruby-2.4.1" />
    <property name="user.name" value="travis" />
    <property name="env.LANG" value="en_US.UTF-8" />
    <property name="sun.io.unicode.encoding" value="UnicodeLittle" />
    <property name="sun.jnu.encoding" value="UTF-8" />
    <property name="java.runtime.name" value="Java(TM) SE Runtime Environment" />
    <property name="usefile" value="false" />
    <property name="return.code" value="0" />
    <property name="junit.single.formatter" value="plain" />
    <property name="env.DYLD_LIBRARY_PATH" value="/home/travis/pthla/certi-tools/lib:" />
    <property name="env.DEBIAN_FRONTEND" value="noninteractive" />
    <property name="env.SSH_CONNECTION" value="10.10.4.76 59030 10.20.3.52 22" />
    <property name="env.MYSQL_UNIX_PORT" value="/var/run/mysqld/mysqld.sock" />
    <property name="env.TRAVIS_ALLOW_FAILURE" value="false" />
    <property name="env.LC_ALL" value="en_US.UTF-8" />
    <property name="env.TRAVIS_JOB_WEB_URL" value="https://travis-ci.org/icyphy/ptII/jobs/494091012" />
    <property name="java.specification.name" value="Java Platform API Specification" />
    <property name="node.works" value="true" />
    <property name="user.timezone" value="" />
    <property name="path.separator" value=":" />
    <property name="env.TRAVIS_ENABLE_INFRA_DETECTION" value="true" />
    <property name="env.PYTHON_CFLAGS" value="-g -fstack-protector --param=ssp-buffer-size=4 -Wformat -Werror=format-security" />
    <property name="timeout.long" value="4000000" />
    <property name="env.CERTI_HOME" value="/home/travis/pthla/certi-tools" />
    <property name="file.encoding" value="UTF-8" />
    <property name="ant.file.ptII" value="/home/travis/build/icyphy/ptII/build.xml" />
    <property name="javadoc.packagenames" value="com.*,diva.*,lbnl.*,org.hlacerti.*,org.json.*,org.ptolemy.*,org.terraswarm.*,ptolemy.*,ptserver.*" />
    <property name="env.TRAVIS_PULL_REQUEST_SLUG" value="" />
    <property name="ant.project.default-target" value="build" />
    <property name="env.GIT_ASKPASS" value="echo" />
    <property name="env.HOME" value="/home/travis" />
    <property name="sun.java.command" value="org.apache.tools.ant.taskdefs.optional.junit.JUnitTestRunner ptolemy.domains.de.test.junit.JUnitTclTest skipNonTests=false filtertrace=true haltOnError=false haltOnFailure=false formatter=org.apache.tools.ant.taskdefs.optional.junit.OutErrSummaryJUnitResultFormatter showoutput=true outputtoformatters=true logfailedtests=true threadid=0 logtestlistenerevents=false formatter=org.apache.tools.ant.taskdefs.optional.junit.XMLJUnitResultFormatter,/home/travis/build/icyphy/ptII/reports/junit/TEST-ptolemy.domains.de.test.junit.JUnitTclTest.xml crashfile=/home/travis/build/icyphy/ptII/junitvmwatcher2011459511661228218.properties propsfile=/home/travis/build/icyphy/ptII/junit4255486957314809926.properties" />
    <property name="env.MANPATH" value="/home/travis/.nvm/versions/node/v7.10.1/share/man:/home/travis/.kiex/elixirs/elixir-1.4.5/man:/home/travis/.rvm/rubies/ruby-2.4.1/share/man:/usr/local/man:/usr/local/cmake-3.9.2/man:/usr/local/clang-5.0.0/share/man:/usr/local/share/man:/usr/share/man:/home/travis/.rvm/man" />
    <property name="env.COMPOSER_NO_INTERACTION" value="1" />
    <property name="env.JDK_SWITCHER_DEFAULT" value="oraclejdk8" />
    <property name="env.TRAVIS_TIMER_ID" value="0362a6bd" />
    <property name="ant.file" value="/home/travis/build/icyphy/ptII/build.xml" />
    <property name="env.TRAVIS_COMMIT_RANGE" value="fd33c76baa16530294e6993287231cfe75e3f9f4...879f111b998daf2a28aa833b9629496c9080eaab" />
    <property name="env._system_name" value="Ubuntu" />
    <property name="timeout" value="2400000" />
    <property name="ptII.classpath.optional.property" value="/home/travis/build/icyphy/ptII/lib/bsh-2.0b4.jar:/home/travis/build/icyphy/ptII/lib/ptCal.jar:/home/travis/build/icyphy/ptII/lib/java_cup.jar:/home/travis/build/icyphy/ptII/lib/saxon8.jar:/home/travis/build/icyphy/ptII/lib/saxon8-dom.jar:/home/travis/build/icyphy/ptII/lib/chic.jar:/home/travis/build/icyphy/ptII/lib/ptcolt.jar:/usr/lib/jvm/java-8-oracle/lib/tools.jar:/home/travis/build/icyphy/ptII/vendors/misc/itext/iText.jar:/home/travis/build/icyphy/ptII/lib/g4ltl.jar:/home/travis/build/icyphy/ptII/lib/StructuralCoder.jar:/home/travis/build/icyphy/ptII/vendors/jai-1_1_2_01/lib/jai_core.jar:/home/travis/build/icyphy/ptII/vendors/jai-1_1_2_01/lib/jai_codec.jar:/home/travis/build/icyphy/ptII/lib/jcerti.jar:/home/travis/build/icyphy/ptII/lib/javax.mail.jar:/home/travis/build/icyphy/ptII/vendors/JMF-2.1.1e/lib/jmf.jar:/home/travis/build/icyphy/ptII/lib/jna-4.0.0-variadic.jar:/home/travis/build/icyphy/ptII/vendors/misc/joystick/Joystick.jar:/home/travis/build/icyphy/ptII/lib/ptjacl.jar:/home/travis/build/icyphy/ptII/lib/jsoup-1.8.2.jar:/home/travis/build/icyphy/ptII/lib/junit-4.8.2.jar:/home/travis/build/icyphy/ptII/lib/JUnitParams-0.4.0.jar:/home/travis/build/icyphy/ptII/ptolemy/actor/lib/excel/jxl.jar:/home/travis/build/icyphy/ptII/lib/jython.jar:/home/travis/build/icyphy/ptII/lib/kieler.jar:/home/travis/build/icyphy/ptII/vendors/opencv/share/OpenCV/java/opencv-341.jar:/home/travis/build/icyphy/ptII/lib/oscP5.jar:/home/travis/build/icyphy/ptII/lib/nrjavaserial-3.11.0.devel.jar:/home/travis/build/icyphy/ptII/vendors/j3d/lib/j3dcore.jar:/home/travis/build/icyphy/ptII/vendors/j3d/lib/j3dutils.jar:/home/travis/build/icyphy/ptII/vendors/j3d/lib/vecmath.jar:/home/travis/build/icyphy/ptII/ptolemy/distributed/jini/jar/jini-core.jar:/home/travis/build/icyphy/ptII/ptolemy/distributed/jini/jar/jini-ext.jar:/home/travis/build/icyphy/ptII/ptolemy/distributed/jini/jar/sun-util.jar:/home/travis/build/icyphy/ptII/lib/protobuf-java-2.4.1.jar:/home/travis/build/icyphy/ptII/lib/org.eclipse.paho.client.mqttv3.jar:/home/travis/build/icyphy/ptII/lib/mapss.jar:/home/travis/build/icyphy/ptII/ptolemy/actor/ptalon/antlr/antlr.jar:/home/travis/build/icyphy/ptII/lib/JRI.jar:/home/travis/build/icyphy/ptII/lib/commons-lang-2.6.jar:/home/travis/build/icyphy/ptII/lib/commons-logging-1.1.1.jar:/home/travis/build/icyphy/ptII/lib/sootclasses.jar:/home/travis/build/icyphy/ptII/ptolemy/actor/lib/database/mysql-connector-java-5.1.6-bin.jar:/home/travis/build/icyphy/ptII/vendors/misc/sphinx4/sphinx4-data-5prealpha.jar:/home/travis/build/icyphy/ptII/vendors/misc/sphinx4/sphinx4-core-5prealpha.jar:/home/travis/build/icyphy/ptII/lib/PDFRenderer.jar:/home/travis/build/icyphy/ptII/lib/svgSalamander.jar:/home/travis/build/icyphy/ptII/lib/rsyntaxtextarea-2.6.0-SNAPSHOT.jar:/home/travis/build/icyphy/ptII/lib/hazelcast-3.8.2.jar:/home/travis/build/icyphy/ptII/lib/jackson-annotations-2.9.0.jar:/home/travis/build/icyphy/ptII/lib/jackson-core-2.9.3.jar:/home/travis/build/icyphy/ptII/lib/jackson-databind-2.9.3.jar:/home/travis/build/icyphy/ptII/lib/netty-buffer-4.1.19.Final.jar:/home/travis/build/icyphy/ptII/lib/netty-codec-4.1.19.Final.jar:/home/travis/build/icyphy/ptII/lib/netty-codec-dns-4.1.19.Final.jar:/home/travis/build/icyphy/ptII/lib/netty-codec-http-4.1.19.Final.jar:/home/travis/build/icyphy/ptII/lib/netty-codec-http2-4.1.19.Final.jar:/home/travis/build/icyphy/ptII/lib/netty-common-4.1.19.Final.jar:/home/travis/build/icyphy/ptII/lib/netty-handler-4.1.19.Final.jar:/home/travis/build/icyphy/ptII/lib/netty-resolver-4.1.19.Final.jar:/home/travis/build/icyphy/ptII/lib/netty-resolver-dns-4.1.19.Final.jar:/home/travis/build/icyphy/ptII/lib/netty-transport-4.1.19.Final.jar:/home/travis/build/icyphy/ptII/lib/vertx-codegen-3.5.1.jar:/home/travis/build/icyphy/ptII/lib/vertx-core-3.5.2-SNAPSHOT.jar:/home/travis/build/icyphy/ptII/lib/vertx-hazelcast-3.5.1.jar:/home/travis/build/icyphy/ptII/lib/vertx-lang-js-3.5.1.jar:/home/travis/build/icyphy/ptII/lib/vertx-service-proxy-3.5.1.jar:/home/travis/build/icyphy/ptII/lib/vertx-web-3.5.1.jar:/home/travis/build/icyphy/ptII/lib/slf4j-api-1.7.13.jar:/home/travis/build/icyphy/ptII/lib/slf4j-simple-1.7.13.jar:/home/travis/build/icyphy/ptII/lib/webcam-capture-0.3.12.jar:/home/travis/build/icyphy/ptII/lib/bridj-0.7.0.jar:/home/travis/build/icyphy/ptII/lib/xbjlib-1.1.0.nrjavaserial.jar" />
    <property name="test.batch" value="**/junit/*.java" />
    <property name="env._" value="/usr/bin/timeout" />
    <property name="java.io.tmpdir" value="/tmp" />
    <property name="env.TRAVIS_INTERNAL_RUBY_REGEX" value="^ruby-(2\.[0-4]\.[0-9]|1\.9\.3)" />
    <property name="user.language" value="en" />
    <property name="env.HISTCONTROL" value="ignoredups:ignorespace" />
    <property name="env.GOROOT" value="/home/travis/.gimme/versions/go1.7.4.linux.amd64" />
    <property name="line.separator" value="&#xa;" />
    <property name="target" value="1.8" />
    <property name="env.TRAVIS_BUILD_DIR" value="/home/travis/build/icyphy/ptII" />
    <property name="env.ANT_OPTS" value="-Xmx2048m" />
    <property name="ant.file.type" value="file" />
    <property name="ptolemy.ptII.batchMode" value="true" />
    <property name="env.HISTSIZE" value="1000" />
    <property name="env.MERB_ENV" value="test" />
    <property name="java.vm.info" value="mixed mode" />
    <property name="source" value="1.8" />
    <property name="java.vm.specification.name" value="Java Virtual Machine Specification" />
    <property name="env.TRAVIS_TEST_RESULT" value="0" />
    <property name="jsdoc.command" value="node_modules/@terraswarm/jsdoc/jsdoc.js" />
    <property name="npm.works" value="true" />
    <property name="cobertura.dir" value="/home/travis/build/icyphy/ptII/vendors/cobertura-2.0.3" />
    <property name="env.rvm_path" value="/home/travis/.rvm" />
    <property name="env.GEM_PATH" value="/home/travis/.rvm/gems/ruby-2.4.1:/home/travis/.rvm/gems/ruby-2.4.1@global" />
    <property name="env.LC_CTYPE" value="en_US.UTF-8" />
    <property name="java.awt.printerjob" value="sun.print.PSPrinterJob" />
    <property name="env.TRAVIS_CMD" value="$PTII/bin/ptIITravisBuild.sh $SECONDS" />
    <property name="env.TRAVIS_STACK_NAME" value="garnet" />
    <property name="env.TRAVIS_TIMER_START_TIME" value="1550287549903266538" />
    <property name="ant.version" value="Apache Ant(TM) version 1.10.1 compiled on February 2 2017" />
    <property name="ptII.reports" value="/home/travis/build/icyphy/ptII/reports" />
    <property name="env.TRAVIS_STACK_TIMESTAMP" value="2017-12-05 19:33:09 UTC" />
    <property name="ant.file.type.ptII" value="file" />
    <property name="env.RBENV_SHELL" value="bash" />
    <property name="os.name" value="Linux" />
    <property name="java.specification.vendor" value="Oracle Corporation" />
    <property name="env.rvm_version" value="1.29.3 (latest)" />
    <property name="env.TRAVIS_INFRA" value="gce" />
    <property name="env.TERM" value="xterm" />
    <property name="java.vm.name" value="Java HotSpot(TM) 64-Bit Server VM" />
    <property name="env.TRAVIS_BUILD_NUMBER" value="1003" />
    <property name="env.CI" value="true" />
    <property name="java.library.path" value="/home/travis/pthla/certi-tools/lib:/usr/lib/jni:/usr/local/share/OpenCV/java/:/usr/share/OpenCV/java::/usr/java/packages/lib/amd64:/usr/lib64:/lib64:/lib:/usr/lib" />
    <property name="env.rvm_prefix" value="/home/travis" />
    <property name="env.PATH" value="/home/travis/pthla/certi-tools/share/scripts:/home/travis/.rvm/gems/ruby-2.4.1/bin:/home/travis/.rvm/gems/ruby-2.4.1@global/bin:/home/travis/.rvm/rubies/ruby-2.4.1/bin:/home/travis/.rvm/bin:/home/travis/.nvm/versions/node/v7.10.1/bin:./node_modules/.bin:/home/travis/build/icyphy/ptII/bin:/home/travis/pthla/certi-tools/bin:/home/travis/bin:/home/travis/.local/bin:/opt/pyenv/shims:/home/travis/.phpenv/shims:/home/travis/perl5/perlbrew/bin:/home/travis/.kiex/elixirs/elixir-1.4.5/bin:/home/travis/.kiex/bin:/home/travis/gopath/bin:/home/travis/.gimme/versions/go1.7.4.linux.amd64/bin:/usr/local/phantomjs/bin:/usr/local/phantomjs:/usr/local/neo4j-3.2.7/bin:/usr/local/maven-3.5.2/bin:/usr/local/cmake-3.9.2/bin:/usr/local/clang-5.0.0/bin:/usr/local/sbin:/usr/local/bin:/usr/sbin:/usr/bin:/sbin:/bin:/home/travis/.phpenv/bin:/opt/pyenv/bin:/home/travis/.yarn/bin" />
    <property name="env.TRAVIS_OS_NAME" value="linux" />
    <property name="ant.java.version" value="1.8" />
    <property name="basedir" value="/home/travis/build/icyphy/ptII" />
    <property name="java.class.version" value="52.0" />
    <property name="env.SHLVL" value="3" />
    <property name="env.LD_LIBRARY_PATH" value="/home/travis/pthla/certi-tools/lib:/usr/lib/jni:/usr/local/share/OpenCV/java/:/usr/share/OpenCV/java:" />
    <property name="env.RACK_ENV" value="test" />
    <property name="ant.home" value="/home/travis/build/icyphy/ptII/ant" />
    <property name="env.PERLBREW_BASHRC_VERSION" value="0.80" />
    <property name="env.NVM_DIR" value="/home/travis/.nvm" />
    <property name="env.TRAVIS_BUILD_ID" value="494091003" />
    <property name="env.CERTI_FOM_PATH" value="/home/travis/pthla/certi-tools/share/federations" />
    <property name="env.PYENV_ROOT" value="/opt/pyenv" />
    <property name="env.TRAVIS_UID" value="2000" />
    <property name="env.rvm_pretty_print_flag" value="auto" />
    <property name="env.NVM_BIN" value="/home/travis/.nvm/versions/node/v7.10.1/bin" />
    <property name="env.TRAVIS_COMMIT" value="879f111b998daf2a28aa833b9629496c9080eaab" />
    <property name="env._system_arch" value="x86_64" />
    <property name="node.executable" value="node" />
    <property name="sun.boot.library.path" value="/usr/lib/jvm/java-8-oracle/jre/lib/amd64" />
    <property name="sun.management.compiler" value="HotSpot 64-Bit Tiered Compilers" />
    <property name="env.GOPATH" value="/home/travis/gopath" />
    <property name="java.awt.graphicsenv" value="sun.awt.X11GraphicsEnvironment" />
    <property name="ptolemy.ptII.dir" value="/home/travis/build/icyphy/ptII" />
    <property name="env.USER" value="travis" />
    <property name="env.HISTFILESIZE" value="2000" />
    <property name="timeout.longest" value="19000000" />
    <property name="env.TRAVIS_STACK_FEATURES" value="basic cassandra chromium couchdb disabled-ipv6 docker docker-compose elasticsearch firefox go-toolchain google-chrome jdk memcached mongodb mysql neo4j nodejs_interpreter perl_interpreter perlbrew phantomjs postgresql python_interpreter rabbitmq redis riak ruby_interpreter sqlite xserver" />
    <property name="env.TRAVIS_PULL_REQUEST" value="false" />
    <property name="env.PYENV_SHELL" value="bash" />
    <property name="ant.project.name" value="ptII" />
    <property name="java.vm.specification.version" value="1.8" />
    <property name="env.ANSI_RESET" value="\033[0m" />
    <property name="env.TRAVIS_DIST" value="trusty" />
    <property name="env.CERTI_VERSION" value="4.0.0" />
    <property name="env.NLSPATH" value="/usr/dt/lib/nls/msg/%L/%N.cat" />
    <property name="awt.toolkit" value="sun.awt.X11.XToolkit" />
    <property name="env.CERTI_HOST" value="localhost" />
    <property name="env.MY_RUBY_HOME" value="/home/travis/.rvm/rubies/ruby-2.4.1" />
    <property name="sun.cpu.isalist" value="" />
    <property name="env.TRAVIS_TMPDIR" value="/tmp/tmp.w46D92htH0" />
    <property name="java.ext.dirs" value="/usr/lib/jvm/java-8-oracle/jre/lib/ext:/usr/java/packages/lib/ext" />
    <property name="os.version" value="4.4.0-101-generic" />
    <property name="user.home" value="/home/travis" />
    <property name="env.MIX_ARCHIVES" value="/home/travis/.kiex/mix/elixir-1.4.5" />
    <property name="java.vm.vendor" value="Oracle Corporation" />
    <property name="env.TRAVIS_TAG" value="nightly" />
    <property name="env.ANSI_YELLOW" value="\033[33;1m" />
    <property name="env.TRAVIS_FILTERED" value="redirect_io" />
    <property name="env.ANSI_GREEN" value="\033[32;1m" />
    <property name="env.JAVA_HOME" value="/usr/lib/jvm/java-8-oracle" />
    <property name="env.PTII" value="/home/travis/build/icyphy/ptII" />
    <property name="javadoc.excludepackagenames" value="adm.cvs2svn.*,build.*,config.*,doc.coding.templates.*,jni.test.jni.meaningOfLife.*,jni.test.jni.testDeux.*,jni.test.jni.testTrois.*,org.terraswarm.accessor.accessors.web.node_modules.*,org.terraswarm.accessor.accessors.web.hosts.cordova.demo.*,org.terraswarm.accessor.accessors.web.hosts.cordova.plugins.*,org.terraswarm.accessor.accessors-svn.*,pt-modules.*,ptolemy.apps.agilent.*,ptolemy.apps.anytimecontrol.*,ptolemy.apps.apes.*,ptolemy.apps.charon.*,ptolemy.apps.crazyboard.*,ptolemy.apps.eclipse.*,ptolemy.apps.etherealSting.*,ptolemy.apps.fullscreen.*,ptolemy.apps.giotto.*,ptolemy.apps.ia.*,ptolemy.apps.interfaces.*,ptolemy.apps.jmf.*,ptolemy.apps.kurt.*,ptolemy.apps.kvm.*,ptolemy.apps.lego.*,ptolemy.apps.lejos.*,ptolemy.apps.midp.*,ptolemy.apps.mobileCoding.*,ptolemy.apps.pendulum.*,ptolemy.apps.rijndael.*,ptolemy.apps.robot.*,ptolemy.apps.security.*,ptolemy.apps.sobel.*,ptolemy.apps.soot.*,ptolemy.apps.throttle.*,ptolemy.apps.tini.*,ptolemy.apps.transmission.*,ptolemy.apps.vergil.*,ptolemy.apps.waba.*,ptolemy.apps.websensor.*,ptolemy.apps.webstart.*,ptolemy.apps.xsl.*,ptolemy.apps.zaurus.*,ptolemy.codegen.c.actor.lib.oldJavaFiles.*,ptolemy.codegen.dsp.lib.*,ptolemy.codegen.kernel.newInterfaces.*,ptolemy.codegen.lib.*,ptolemy.copernicus.kernel.fragment.*,ptolemy.copernicus.shallow.cg.*,ptolemy.domains.giotto.demo.Hierarchy.Hierarchy.*,ptolemy.domains.giotto.demo.Multimode.Multimode.*,ptolemy.domains.giotto.demo.Simple.Simple.*,ptolemy.domains.gr.lib.experimental.*,ptolemy.domains.gro.*,ptolemy.domains.pdf.*,ptolemy.domains.ptinyos.demo.Surge.output.*,ptolemy.moml.test.NoPackageActor.java*,ptolemy.plot.adm.*,ptolemy.plot.servlet.*,reports.*,signed.*,src.*,target.*,vendors.*,ptolemy.apps.eclipse.awt.*,ptolemy.backtrack.*,ptolemy.backtrack.ast.*,ptolemy.cg.adapter.generic.program.procedural.c.mbed*,ptolemy.homer.*,org.ptolemy.scala.*,diva.util.java2d.svg.*,ptolemy.domains.ptinyos.*,ptolemy.actor.lib.fmi.fmipp.*,,org.terraswarm.accessor.accessors.web.node_modules.*,org.terraswarm.accessor.accessors-svn,ptolemy.apps.*,ptolemy.actor.ptalon.demo.ptinyos.SendAndReceiveCnt.output,ptolemy.actor.ptalon.demo.ptinyos.SenseToLeds.output,ptolemy.domains.ptinyos.demo.CntToLedsAndRfm.output,ptolemy.domains.ptinyos.demo.RfmToLeds.output,ptolemy.domains.ptinyos.demo.SendAndReceiveCnt.output,ptolemy.domains.ptinyos.demo.SenseToLeds.output,ptolemy.actor.lib.jjs.modules.udpSocket.*" />
    <property name="env.TRAVIS_COMMIT_MESSAGE" value="Updated seating in DOP Center" />
    <property name="keystore" value="ptKeystore" />
    <property name="env.XDG_SESSION_ID" value="2" />
    <property name="junit.output.dir" value="/home/travis/build/icyphy/ptII/reports/junit" />
    <property name="npm.return.code" value="0" />
    <property name="user.dir" value="/home/travis/build/icyphy/ptII/ptolemy/domains/de/test" />
    <property name="env.TRAVIS_NODE_VERSION" value="7" />
    <property name="env.XFILESEARCHPATH" value="/usr/dt/app-defaults/%L/Dt" />
    <property name="env.TRAVIS_EVENT_TYPE" value="cron" />
    <property name="env.MAIL" value="/var/mail/travis" />
    <property name="env.PWD" value="/home/travis/build/icyphy/ptII" />
    <property name="env.PERLBREW_ROOT" value="/home/travis/perl5/perlbrew" />
    <property name="timeout.npm" value="45000" />
    <property name="env.PT_TRAVIS_TEST_CORE2_XML" value="true" />
    <property name="env.TRAVIS_ARCH" value="amd64" />
    <property name="env.PAGER" value="cat" />
    <property name="sun.cpu.endian" value="little" />
    <property name="env.TRAVIS_BUILD_STAGE_NAME" value="Test" />
    <property name="env.PERLBREW_HOME" value="/home/travis/.perlbrew" />
    <property name="env.RAILS_ENV" value="test" />
    <property name="java.vm.version" value="25.151-b12" />
    <property name="java.class.path" value="/home/travis/build/icyphy/ptII:/home/travis/build/icyphy/ptII/lib/bsh-2.0b4.jar:/home/travis/build/icyphy/ptII/lib/ptCal.jar:/home/travis/build/icyphy/ptII/lib/java_cup.jar:/home/travis/build/icyphy/ptII/lib/saxon8.jar:/home/travis/build/icyphy/ptII/lib/saxon8-dom.jar:/home/travis/build/icyphy/ptII/lib/chic.jar:/home/travis/build/icyphy/ptII/lib/ptcolt.jar:/usr/lib/jvm/java-8-oracle/lib/tools.jar:/home/travis/build/icyphy/ptII/vendors/misc/itext/iText.jar:/home/travis/build/icyphy/ptII/lib/g4ltl.jar:/home/travis/build/icyphy/ptII/lib/StructuralCoder.jar:/home/travis/build/icyphy/ptII/vendors/jai-1_1_2_01/lib/jai_core.jar:/home/travis/build/icyphy/ptII/vendors/jai-1_1_2_01/lib/jai_codec.jar:/home/travis/build/icyphy/ptII/lib/jcerti.jar:/home/travis/build/icyphy/ptII/lib/javax.mail.jar:/home/travis/build/icyphy/ptII/vendors/JMF-2.1.1e/lib/jmf.jar:/home/travis/build/icyphy/ptII/lib/jna-4.0.0-variadic.jar:/home/travis/build/icyphy/ptII/vendors/misc/joystick/Joystick.jar:/home/travis/build/icyphy/ptII/lib/ptjacl.jar:/home/travis/build/icyphy/ptII/lib/jsoup-1.8.2.jar:/home/travis/build/icyphy/ptII/lib/junit-4.8.2.jar:/home/travis/build/icyphy/ptII/lib/JUnitParams-0.4.0.jar:/home/travis/build/icyphy/ptII/ptolemy/actor/lib/excel/jxl.jar:/home/travis/build/icyphy/ptII/lib/jython.jar:/home/travis/build/icyphy/ptII/lib/kieler.jar:/home/travis/build/icyphy/ptII/vendors/opencv/share/OpenCV/java/opencv-341.jar:/home/travis/build/icyphy/ptII/lib/oscP5.jar:/home/travis/build/icyphy/ptII/lib/nrjavaserial-3.11.0.devel.jar:/home/travis/build/icyphy/ptII/vendors/j3d/lib/j3dcore.jar:/home/travis/build/icyphy/ptII/vendors/j3d/lib/j3dutils.jar:/home/travis/build/icyphy/ptII/vendors/j3d/lib/vecmath.jar:/home/travis/build/icyphy/ptII/ptolemy/distributed/jini/jar/jini-core.jar:/home/travis/build/icyphy/ptII/ptolemy/distributed/jini/jar/jini-ext.jar:/home/travis/build/icyphy/ptII/ptolemy/distributed/jini/jar/sun-util.jar:/home/travis/build/icyphy/ptII/lib/protobuf-java-2.4.1.jar:/home/travis/build/icyphy/ptII/lib/org.eclipse.paho.client.mqttv3.jar:/home/travis/build/icyphy/ptII/lib/mapss.jar:/home/travis/build/icyphy/ptII/ptolemy/actor/ptalon/antlr/antlr.jar:/home/travis/build/icyphy/ptII/lib/JRI.jar:/home/travis/build/icyphy/ptII/lib/commons-lang-2.6.jar:/home/travis/build/icyphy/ptII/lib/commons-logging-1.1.1.jar:/home/travis/build/icyphy/ptII/lib/sootclasses.jar:/home/travis/build/icyphy/ptII/ptolemy/actor/lib/database/mysql-connector-java-5.1.6-bin.jar:/home/travis/build/icyphy/ptII/vendors/misc/sphinx4/sphinx4-data-5prealpha.jar:/home/travis/build/icyphy/ptII/vendors/misc/sphinx4/sphinx4-core-5prealpha.jar:/home/travis/build/icyphy/ptII/lib/PDFRenderer.jar:/home/travis/build/icyphy/ptII/lib/svgSalamander.jar:/home/travis/build/icyphy/ptII/lib/rsyntaxtextarea-2.6.0-SNAPSHOT.jar:/home/travis/build/icyphy/ptII/lib/hazelcast-3.8.2.jar:/home/travis/build/icyphy/ptII/lib/jackson-annotations-2.9.0.jar:/home/travis/build/icyphy/ptII/lib/jackson-core-2.9.3.jar:/home/travis/build/icyphy/ptII/lib/jackson-databind-2.9.3.jar:/home/travis/build/icyphy/ptII/lib/netty-buffer-4.1.19.Final.jar:/home/travis/build/icyphy/ptII/lib/netty-codec-4.1.19.Final.jar:/home/travis/build/icyphy/ptII/lib/netty-codec-dns-4.1.19.Final.jar:/home/travis/build/icyphy/ptII/lib/netty-codec-http-4.1.19.Final.jar:/home/travis/build/icyphy/ptII/lib/netty-codec-http2-4.1.19.Final.jar:/home/travis/build/icyphy/ptII/lib/netty-common-4.1.19.Final.jar:/home/travis/build/icyphy/ptII/lib/netty-handler-4.1.19.Final.jar:/home/travis/build/icyphy/ptII/lib/netty-resolver-4.1.19.Final.jar:/home/travis/build/icyphy/ptII/lib/netty-resolver-dns-4.1.19.Final.jar:/home/travis/build/icyphy/ptII/lib/netty-transport-4.1.19.Final.jar:/home/travis/build/icyphy/ptII/lib/vertx-codegen-3.5.1.jar:/home/travis/build/icyphy/ptII/lib/vertx-core-3.5.2-SNAPSHOT.jar:/home/travis/build/icyphy/ptII/lib/vertx-hazelcast-3.5.1.jar:/home/travis/build/icyphy/ptII/lib/vertx-lang-js-3.5.1.jar:/home/travis/build/icyphy/ptII/lib/vertx-service-proxy-3.5.1.jar:/home/travis/build/icyphy/ptII/lib/vertx-web-3.5.1.jar:/home/travis/build/icyphy/ptII/lib/slf4j-api-1.7.13.jar:/home/travis/build/icyphy/ptII/lib/slf4j-simple-1.7.13.jar:/home/travis/build/icyphy/ptII/lib/webcam-capture-0.3.12.jar:/home/travis/build/icyphy/ptII/lib/bridj-0.7.0.jar:/home/travis/build/icyphy/ptII/lib/xbjlib-1.1.0.nrjavaserial.jar:/home/travis/build/icyphy/ptII/ptolemy/moml/test:/home/travis/build/icyphy/ptII/ant/lib/ant-launcher.jar:/home/travis/build/icyphy/ptII/ant/lib/ant.jar:/home/travis/build/icyphy/ptII/ant/lib/ant-junit.jar:/home/travis/build/icyphy/ptII/ant/lib/ant-junit4.jar" />
    <property name="ant.library.dir" value="/home/travis/build/icyphy/ptII/ant/lib" />
    <property name="os.arch" value="amd64" />
    <property name="env.TRAVIS_LANGUAGE" value="node_js" />
    <property name="env.CONTINUOUS_INTEGRATION" value="true" />
    <property name="env.TRAVIS_STACK_LANGUAGES" value="__garnet__ c c++ clojure cplusplus cpp default go groovy java node_js php pure_java python ruby scala" />
    <property name="test.name" value="ptolemy.actor.lib.test.junit.JUnitTclTest" />
    <property name="sun.java.launcher" value="SUN_STANDARD" />
    <property name="env.PYTHON_CONFIGURE_OPTS" value="--enable-unicode=ucs4 --with-wide-unicode --enable-shared --enable-ipv6 --enable-loadable-sqlite-extensions --with-computed-gotos" />
    <property name="ant.core.lib" value="/home/travis/build/icyphy/ptII/ant/lib/ant.jar" />
    <property name="java.vm.specification.vendor" value="Oracle Corporation" />
    <property name="env.BCVTB_HOME" value="/home/travis/build/icyphy/ptII/lbnl" />
    <property name="file.separator" value="/" />
    <property name="spotbugs.home" value="/home/travis/build/icyphy/ptII/vendors/spotbugs-3.1.1" />
    <property name="java.runtime.version" value="1.8.0_151-b12" />
    <property name="sun.boot.class.path" value="/usr/lib/jvm/java-8-oracle/jre/lib/resources.jar:/usr/lib/jvm/java-8-oracle/jre/lib/rt.jar:/usr/lib/jvm/java-8-oracle/jre/lib/sunrsasign.jar:/usr/lib/jvm/java-8-oracle/jre/lib/jsse.jar:/usr/lib/jvm/java-8-oracle/jre/lib/jce.jar:/usr/lib/jvm/java-8-oracle/jre/lib/charsets.jar:/usr/lib/jvm/java-8-oracle/jre/lib/jfr.jar:/usr/lib/jvm/java-8-oracle/jre/classes" />
    <property name="env.ANSI_CLEAR" value="\033[0K" />
    <property name="env.HAS_JOSH_K_SEAL_OF_APPROVAL" value="true" />
    <property name="env.XDG_RUNTIME_DIR" value="/run/user/2000" />
    <property name="env.TRAVIS_OSX_IMAGE" value="" />
    <property name="env.TRAVIS_BRANCH" value="master" />
    <property name="env.TRAVIS_JOB_ID" value="494091012" />
    <property name="user.country" value="US" />
    <property name="env.CERTI_HOME_TRAVIS" value="/home/travis/pthla/certi-tools" />
    <property name="env.SHELL" value="/bin/bash" />
    <property name="java.maxmemory.large" value="5000m" />
    <property name="model" value="" />
    <property name="env.CASHER_DIR" value="/home/travis/.casher" />
    <property name="env.NVM_CD_FLAGS" value="" />
    <property name="jshint.executable" value="/home/travis/node_modules/jshint/bin/jshint" />
    <property name="java.vendor" value="Oracle Corporation" />
    <property name="env.JRUBY_OPTS" value=" --client -J-XX:+TieredCompilation -J-XX:TieredStopAtLevel=1 -J-Xss2m -Xcompile.invokedynamic=false" />
    <property name="env.TRAVIS_PRE_CHEF_BOOTSTRAP_TIME" value="2017-12-05T19:32:55" />
    <property name="env.TRAVIS_STACK_JOB_BOARD_REGISTER" value="/.job-board-register.yml" />
    <property name="env.ELIXIR_VERSION" value="1.4.5" />
    <property name="env.ANSI_RED" value="\033[31;1m" />
    <property name="java.specification.version" value="1.8" />
    <property name="env.TRAVIS" value="true" />
    <property name="env.IRBRC" value="/home/travis/.rvm/rubies/ruby-2.4.1/.irbrc" />
    <property name="sun.arch.data.model" value="64" />
  </properties>
  <testcase classname="ptolemy.util.test.junit.TclTests" name="[0] /home/travis/build/icyphy/ptII/ptolemy/domains/de/test/DependencyLoop.tcl (RunTclFile)" time="0.734" />
  <testcase classname="ptolemy.util.test.junit.TclTests" name="[1] /home/travis/build/icyphy/ptII/ptolemy/domains/de/test/RunDETestsAsQSS.tcl (RunTclFile)" time="88.378" />
  <testcase classname="ptolemy.util.test.junit.AutoKnownFailedTests" name="[0] /home/travis/build/icyphy/ptII/ptolemy/domains/de/test/auto/knownFailedTests/DESDFClockTest.xml (RunModel)" time="2.035" />
  <testcase classname="ptolemy.util.test.junit.AutoKnownFailedTests" name="[1] /home/travis/build/icyphy/ptII/ptolemy/domains/de/test/auto/knownFailedTests/DirectFeedback.xml (RunModel)" time="0.012" />
  <testcase classname="ptolemy.util.test.junit.AutoKnownFailedTests" name="[2] /home/travis/build/icyphy/ptII/ptolemy/domains/de/test/auto/knownFailedTests/FSMSource.xml (RunModel)" time="0.027" />
  <testcase classname="ptolemy.util.test.junit.AutoKnownFailedTests" name="[3] /home/travis/build/icyphy/ptII/ptolemy/domains/de/test/auto/knownFailedTests/HierarchicalModel.xml (RunModel)" time="0.047" />
  <testcase classname="ptolemy.util.test.junit.AutoKnownFailedTests" name="[4] /home/travis/build/icyphy/ptII/ptolemy/domains/de/test/auto/knownFailedTests/dependencyLoop.xml (RunModel)" time="0.038" />
  <testcase classname="ptolemy.util.test.junit.AutoKnownFailedTests" name="[5] /home/travis/build/icyphy/ptII/ptolemy/domains/de/test/auto/knownFailedTests/dependencyLoop2.xml (RunModel)" time="0.029" />
  <testcase classname="ptolemy.util.test.junit.AutoNameArchTests" name="[0] ThereAreNoAutoArchTests (RunModel)" time="0.001" />
  <testcase classname="ptolemy.util.test.junit.AutoTests" name="[0] /home/travis/build/icyphy/ptII/ptolemy/domains/de/test/auto/ActorDepthCalculation_actorWithoutPorts.xml (RunModel)" time="0.025" />
  <testcase classname="ptolemy.util.test.junit.AutoTests" name="[1] /home/travis/build/icyphy/ptII/ptolemy/domains/de/test/auto/AssemblyLine.xml (RunModel)" time="0.017" />
  <testcase classname="ptolemy.util.test.junit.AutoTests" name="[2] /home/travis/build/icyphy/ptII/ptolemy/domains/de/test/auto/CQBug1.xml (RunModel)" time="0.012" />
  <testcase classname="ptolemy.util.test.junit.AutoTests" name="[3] /home/travis/build/icyphy/ptII/ptolemy/domains/de/test/auto/CancelFireAt.xml (RunModel)" time="0.007" />
  <testcase classname="ptolemy.util.test.junit.AutoTests" name="[4] /home/travis/build/icyphy/ptII/ptolemy/domains/de/test/auto/CausalityAndComposabilityAnalysis.xml (RunModel)" time="0.008" />
  <testcase classname="ptolemy.util.test.junit.AutoTests" name="[5] /home/travis/build/icyphy/ptII/ptolemy/domains/de/test/auto/CausalityInterface1.xml (RunModel)" time="0.009" />
  <testcase classname="ptolemy.util.test.junit.AutoTests" name="[6] /home/travis/build/icyphy/ptII/ptolemy/domains/de/test/auto/CausalityInterface15.xml (RunModel)" time="0.009" />
  <testcase classname="ptolemy.util.test.junit.AutoTests" name="[7] /home/travis/build/icyphy/ptII/ptolemy/domains/de/test/auto/CausalityInterface2.xml (RunModel)" time="0.008" />
  <testcase classname="ptolemy.util.test.junit.AutoTests" name="[8] /home/travis/build/icyphy/ptII/ptolemy/domains/de/test/auto/CausalityInterface3.xml (RunModel)" time="0.008" />
  <testcase classname="ptolemy.util.test.junit.AutoTests" name="[9] /home/travis/build/icyphy/ptII/ptolemy/domains/de/test/auto/ClockDrift.xml (RunModel)" time="0.028" />
  <testcase classname="ptolemy.util.test.junit.AutoTests" name="[10] /home/travis/build/icyphy/ptII/ptolemy/domains/de/test/auto/ClockDriftAndValueChange.xml (RunModel)" time="0.02" />
  <testcase classname="ptolemy.util.test.junit.AutoTests" name="[11] /home/travis/build/icyphy/ptII/ptolemy/domains/de/test/auto/ClockDriftChange.xml (RunModel)" time="0.03" />
  <testcase classname="ptolemy.util.test.junit.AutoTests" name="[12] /home/travis/build/icyphy/ptII/ptolemy/domains/de/test/auto/ComposableCausalityAnalysis.xml (RunModel)" time="0.013" />
  <testcase classname="ptolemy.util.test.junit.AutoTests" name="[13] /home/travis/build/icyphy/ptII/ptolemy/domains/de/test/auto/DEFixedPointLimitation.xml (RunModel)" time="0.012" />
  <testcase classname="ptolemy.util.test.junit.AutoTests" name="[14] /home/travis/build/icyphy/ptII/ptolemy/domains/de/test/auto/DEScheduleTest.xml (RunModel)" time="0.012" />
  <testcase classname="ptolemy.util.test.junit.AutoTests" name="[15] /home/travis/build/icyphy/ptII/ptolemy/domains/de/test/auto/DEinDEwithStartTimes.xml (RunModel)" time="0.028" />
  <testcase classname="ptolemy.util.test.junit.AutoTests" name="[16] /home/travis/build/icyphy/ptII/ptolemy/domains/de/test/auto/DEinDEwithStartTimes2.xml (RunModel)" time="0.019" />
  <testcase classname="ptolemy.util.test.junit.AutoTests" name="[17] /home/travis/build/icyphy/ptII/ptolemy/domains/de/test/auto/DateDemo.xml (RunModel)" time="0.029" />
  <testcase classname="ptolemy.util.test.junit.AutoTests" name="[18] /home/travis/build/icyphy/ptII/ptolemy/domains/de/test/auto/DateToEvent.xml (RunModel)" time="2.029" />
  <testcase classname="ptolemy.util.test.junit.AutoTests" name="[19] /home/travis/build/icyphy/ptII/ptolemy/domains/de/test/auto/DepthTest1.xml (RunModel)" time="0.006" />
  <testcase classname="ptolemy.util.test.junit.AutoTests" name="[20] /home/travis/build/icyphy/ptII/ptolemy/domains/de/test/auto/DepthTest2.xml (RunModel)" time="0.011" />
  <testcase classname="ptolemy.util.test.junit.AutoTests" name="[21] /home/travis/build/icyphy/ptII/ptolemy/domains/de/test/auto/DepthTest3.xml (RunModel)" time="0.004" />
  <testcase classname="ptolemy.util.test.junit.AutoTests" name="[22] /home/travis/build/icyphy/ptII/ptolemy/domains/de/test/auto/DepthTest4.xml (RunModel)" time="0.007" />
  <testcase classname="ptolemy.util.test.junit.AutoTests" name="[23] /home/travis/build/icyphy/ptII/ptolemy/domains/de/test/auto/DepthTest5.xml (RunModel)" time="0.009" />
  <testcase classname="ptolemy.util.test.junit.AutoTests" name="[24] /home/travis/build/icyphy/ptII/ptolemy/domains/de/test/auto/DepthTest6.xml (RunModel)" time="0.009" />
  <testcase classname="ptolemy.util.test.junit.AutoTests" name="[25] /home/travis/build/icyphy/ptII/ptolemy/domains/de/test/auto/DepthTest7.xml (RunModel)" time="0.007" />
  <testcase classname="ptolemy.util.test.junit.AutoTests" name="[26] /home/travis/build/icyphy/ptII/ptolemy/domains/de/test/auto/EventToDate.xml (RunModel)" time="3.024" />
  <testcase classname="ptolemy.util.test.junit.AutoTests" name="[27] /home/travis/build/icyphy/ptII/ptolemy/domains/de/test/auto/FSM1.xml (RunModel)" time="0.03" />
  <testcase classname="ptolemy.util.test.junit.AutoTests" name="[28] /home/travis/build/icyphy/ptII/ptolemy/domains/de/test/auto/FSM7.xml (RunModel)" time="0.026" />
  <testcase classname="ptolemy.util.test.junit.AutoTests" name="[29] /home/travis/build/icyphy/ptII/ptolemy/domains/de/test/auto/Inspection.xml (RunModel)" time="0.035" />
  <testcase classname="ptolemy.util.test.junit.AutoTests" name="[30] /home/travis/build/icyphy/ptII/ptolemy/domains/de/test/auto/Iteration.xml (RunModel)" time="0.018" />
  <testcase classname="ptolemy.util.test.junit.AutoTests" name="[31] /home/travis/build/icyphy/ptII/ptolemy/domains/de/test/auto/LineFault.xml (RunModel)" time="0.505" />
  <testcase classname="ptolemy.util.test.junit.AutoTests" name="[32] /home/travis/build/icyphy/ptII/ptolemy/domains/de/test/auto/MergeModel1Add.xml (RunModel)" time="0.035" />
  <testcase classname="ptolemy.util.test.junit.AutoTests" name="[33] /home/travis/build/icyphy/ptII/ptolemy/domains/de/test/auto/MergeModel2Add.xml (RunModel)" time="0.034" />
  <testcase classname="ptolemy.util.test.junit.AutoTests" name="[34] /home/travis/build/icyphy/ptII/ptolemy/domains/de/test/auto/MergeModel3Add.xml (RunModel)" time="0.031" />
  <testcase classname="ptolemy.util.test.junit.AutoTests" name="[35] /home/travis/build/icyphy/ptII/ptolemy/domains/de/test/auto/MergeWithoutDiscard.xml (RunModel)" time="0.007" />
  <testcase classname="ptolemy.util.test.junit.AutoTests" name="[36] /home/travis/build/icyphy/ptII/ptolemy/domains/de/test/auto/Modal1.xml (RunModel)" time="0.022" />
  <testcase classname="ptolemy.util.test.junit.AutoTests" name="[37] /home/travis/build/icyphy/ptII/ptolemy/domains/de/test/auto/Modal2.xml (RunModel)" time="0.026" />
  <testcase classname="ptolemy.util.test.junit.AutoTests" name="[38] /home/travis/build/icyphy/ptII/ptolemy/domains/de/test/auto/Modal3.xml (RunModel)" time="0.024" />
  <testcase classname="ptolemy.util.test.junit.AutoTests" name="[39] /home/travis/build/icyphy/ptII/ptolemy/domains/de/test/auto/Modal4.xml (RunModel)" time="0.023" />
  <testcase classname="ptolemy.util.test.junit.AutoTests" name="[40] /home/travis/build/icyphy/ptII/ptolemy/domains/de/test/auto/Modal5.xml (RunModel)" time="0.024" />
  <testcase classname="ptolemy.util.test.junit.AutoTests" name="[41] /home/travis/build/icyphy/ptII/ptolemy/domains/de/test/auto/Modal6.xml (RunModel)" time="0.024" />
  <testcase classname="ptolemy.util.test.junit.AutoTests" name="[42] /home/travis/build/icyphy/ptII/ptolemy/domains/de/test/auto/Modal7.xml (RunModel)" time="0.017" />
  <testcase classname="ptolemy.util.test.junit.AutoTests" name="[43] /home/travis/build/icyphy/ptII/ptolemy/domains/de/test/auto/ModalModel.xml (RunModel)" time="0.09" />
  <testcase classname="ptolemy.util.test.junit.AutoTests" name="[44] /home/travis/build/icyphy/ptII/ptolemy/domains/de/test/auto/ModalSource.xml (RunModel)" time="0.011" />
  <testcase classname="ptolemy.util.test.junit.AutoTests" name="[45] /home/travis/build/icyphy/ptII/ptolemy/domains/de/test/auto/NonInterruptibleTimerZeroDelay.xml (RunModel)" time="0.005" />
  <testcase classname="ptolemy.util.test.junit.AutoTests" name="[46] /home/travis/build/icyphy/ptII/ptolemy/domains/de/test/auto/OpenQueueingNetwork.xml (RunModel)" time="1.89" />
  <testcase classname="ptolemy.util.test.junit.AutoTests" name="[47] /home/travis/build/icyphy/ptII/ptolemy/domains/de/test/auto/OpenQueuingNetwork.xml (RunModel)" time="0.252" />
  <testcase classname="ptolemy.util.test.junit.AutoTests" name="[48] /home/travis/build/icyphy/ptII/ptolemy/domains/de/test/auto/PeriodicSampler.xml (RunModel)" time="0.006" />
  <testcase classname="ptolemy.util.test.junit.AutoTests" name="[49] /home/travis/build/icyphy/ptII/ptolemy/domains/de/test/auto/PersistentIO.xml (RunModel)" time="0.015" />
  <testcase classname="ptolemy.util.test.junit.AutoTests" name="[50] /home/travis/build/icyphy/ptII/ptolemy/domains/de/test/auto/PortParameterResetOnInitialize.xml (RunModel)" time="0.008" />
  <testcase classname="ptolemy.util.test.junit.AutoTests" name="[51] /home/travis/build/icyphy/ptII/ptolemy/domains/de/test/auto/PortParameterUpdates.xml (RunModel)" time="0.011" />
  <testcase classname="ptolemy.util.test.junit.AutoTests" name="[52] /home/travis/build/icyphy/ptII/ptolemy/domains/de/test/auto/QueueAndServer.xml (RunModel)" time="0.019" />
  <testcase classname="ptolemy.util.test.junit.AutoTests" name="[53] /home/travis/build/icyphy/ptII/ptolemy/domains/de/test/auto/Records.xml (RunModel)" time="0.019" />
  <testcase classname="ptolemy.util.test.junit.AutoTests" name="[54] /home/travis/build/icyphy/ptII/ptolemy/domains/de/test/auto/ResetTransitionWithStartTime1.xml (RunModel)" time="0.02" />
  <testcase classname="ptolemy.util.test.junit.AutoTests" name="[55] /home/travis/build/icyphy/ptII/ptolemy/domains/de/test/auto/ResetTransitionWithStartTime2.xml (RunModel)" time="0.014" />
  <testcase classname="ptolemy.util.test.junit.AutoTests" name="[56] /home/travis/build/icyphy/ptII/ptolemy/domains/de/test/auto/ResetTransitionWithStartTime3.xml (RunModel)" time="0.022" />
  <testcase classname="ptolemy.util.test.junit.AutoTests" name="[57] /home/travis/build/icyphy/ptII/ptolemy/domains/de/test/auto/ResetTransitionWithStartTime4.xml (RunModel)" time="0.016" />
  <testcase classname="ptolemy.util.test.junit.AutoTests" name="[58] /home/travis/build/icyphy/ptII/ptolemy/domains/de/test/auto/ResettableTimer1.xml (RunModel)" time="0.009" />
  <testcase classname="ptolemy.util.test.junit.AutoTests" name="[59] /home/travis/build/icyphy/ptII/ptolemy/domains/de/test/auto/ResettableTimer2.xml (RunModel)" time="0.008" />
  <testcase classname="ptolemy.util.test.junit.AutoTests" name="[60] /home/travis/build/icyphy/ptII/ptolemy/domains/de/test/auto/ResettableTimer3.xml (RunModel)" time="0.008" />
  <testcase classname="ptolemy.util.test.junit.AutoTests" name="[61] /home/travis/build/icyphy/ptII/ptolemy/domains/de/test/auto/ResettableTimer4.xml (RunModel)" time="0.012" />
  <testcase classname="ptolemy.util.test.junit.AutoTests" name="[62] /home/travis/build/icyphy/ptII/ptolemy/domains/de/test/auto/ResettableTimer5.xml (RunModel)" time="0.009" />
  <testcase classname="ptolemy.util.test.junit.AutoTests" name="[63] /home/travis/build/icyphy/ptII/ptolemy/domains/de/test/auto/ResettableTimer6.xml (RunModel)" time="0.016" />
  <testcase classname="ptolemy.util.test.junit.AutoTests" name="[64] /home/travis/build/icyphy/ptII/ptolemy/domains/de/test/auto/ServerZeroDelay.xml (RunModel)" time="0.01" />
  <testcase classname="ptolemy.util.test.junit.AutoTests" name="[65] /home/travis/build/icyphy/ptII/ptolemy/domains/de/test/auto/SmartSender.xml (RunModel)" time="3.007" />
  <testcase classname="ptolemy.util.test.junit.AutoTests" name="[66] /home/travis/build/icyphy/ptII/ptolemy/domains/de/test/auto/ThreadedComposite.xml (RunModel)" time="0.113" />
  <testcase classname="ptolemy.util.test.junit.AutoTests" name="[67] /home/travis/build/icyphy/ptII/ptolemy/domains/de/test/auto/Time.xml (RunModel)" time="0.458" />
  <testcase classname="ptolemy.util.test.junit.AutoTests" name="[68] /home/travis/build/icyphy/ptII/ptolemy/domains/de/test/auto/TimeDelayZeroDelay.xml (RunModel)" time="0.009" />
  <testcase classname="ptolemy.util.test.junit.AutoTests" name="[69] /home/travis/build/icyphy/ptII/ptolemy/domains/de/test/auto/TimerZeroDelay.xml (RunModel)" time="0.02" />
  <testcase classname="ptolemy.util.test.junit.AutoTests" name="[70] /home/travis/build/icyphy/ptII/ptolemy/domains/de/test/auto/TimingParadox.xml (RunModel)" time="0.382" />
  <testcase classname="ptolemy.util.test.junit.AutoTests" name="[71] /home/travis/build/icyphy/ptII/ptolemy/domains/de/test/auto/TransferInputs.xml (RunModel)" time="0.012" />
  <testcase classname="ptolemy.util.test.junit.AutoTests" name="[72] /home/travis/build/icyphy/ptII/ptolemy/domains/de/test/auto/TransferOutputs2.xml (RunModel)" time="0.013" />
  <testcase classname="ptolemy.util.test.junit.AutoTests" name="[73] /home/travis/build/icyphy/ptII/ptolemy/domains/de/test/auto/Trilateration.xml (RunModel)" time="11.423" />
  <testcase classname="ptolemy.util.test.junit.AutoTests" name="[74] /home/travis/build/icyphy/ptII/ptolemy/domains/de/test/auto/TwoSigmaDelta.xml (RunModel)" time="2.074" />
  <testcase classname="ptolemy.util.test.junit.AutoTests" name="[75] /home/travis/build/icyphy/ptII/ptolemy/domains/de/test/auto/VariableDelay.xml (RunModel)" time="0.013" />
  <testcase classname="ptolemy.util.test.junit.AutoTests" name="[76] /home/travis/build/icyphy/ptII/ptolemy/domains/de/test/auto/VariableDelay2.xml (RunModel)" time="0.01" />
  <testcase classname="ptolemy.util.test.junit.AutoTests" name="[77] /home/travis/build/icyphy/ptII/ptolemy/domains/de/test/auto/VariableDelayZeroDelay.xml (RunModel)" time="0.01" />
  <testcase classname="ptolemy.util.test.junit.AutoTests" name="[78] /home/travis/build/icyphy/ptII/ptolemy/domains/de/test/auto/VariableDelayZeroDelay2.xml (RunModel)" time="0.008" />
  <testcase classname="ptolemy.util.test.junit.AutoTests" name="[79] /home/travis/build/icyphy/ptII/ptolemy/domains/de/test/auto/deInCt.xml (RunModel)" time="0.014" />
  <testcase classname="ptolemy.util.test.junit.AutoTests" name="[80] /home/travis/build/icyphy/ptII/ptolemy/domains/de/test/auto/deInCt2.xml (RunModel)" time="0.019" />
  <testcase classname="ptolemy.util.test.junit.AutoTests" name="[81] /home/travis/build/icyphy/ptII/ptolemy/domains/de/test/auto/dynamicCausalityInterface1.xml (RunModel)" time="0.02" />
  <testcase classname="ptolemy.util.test.junit.AutoTests" name="[82] /home/travis/build/icyphy/ptII/ptolemy/domains/de/test/auto/fsm_de_test.xml (RunModel)" time="0.02" />
  <testcase classname="ptolemy.util.test.junit.AutoTests" name="[83] /home/travis/build/icyphy/ptII/ptolemy/domains/de/test/auto/functionDependencyReconstruction.xml (RunModel)" time="0.029" />
  <testcase classname="ptolemy.util.test.junit.AutoTests" name="[84] /home/travis/build/icyphy/ptII/ptolemy/domains/de/test/auto/multirate.xml (RunModel)" time="0.013" />
  <testcase classname="ptolemy.util.test.junit.AutoTests" name="[85] /home/travis/build/icyphy/ptII/ptolemy/domains/de/test/auto/multirate2.xml (RunModel)" time="0.012" />
  <testcase classname="ptolemy.util.test.junit.AutoTests" name="[86] /home/travis/build/icyphy/ptII/ptolemy/domains/de/test/auto/realtime.xml (RunModel)" time="10.008" />
  <testcase classname="ptolemy.util.test.junit.AutoTests" name="[87] /home/travis/build/icyphy/ptII/ptolemy/domains/de/test/auto/relationGroup.xml (RunModel)" time="0.01" />
  <testcase classname="ptolemy.util.test.junit.AutoTests" name="[88] /home/travis/build/icyphy/ptII/ptolemy/domains/de/test/auto/relationGroup2.xml (RunModel)" time="0.006" />
  <testcase classname="ptolemy.util.test.junit.AutoTests" name="[89] /home/travis/build/icyphy/ptII/ptolemy/domains/de/test/auto/sortWithOpaquePorts.xml (RunModel)" time="0.007" />
  <testcase classname="ptolemy.util.test.junit.AutoTests" name="[90] /home/travis/build/icyphy/ptII/ptolemy/domains/de/test/auto/transferInputsandOutputs.xml (RunModel)" time="0.012" />
  <testcase classname="ptolemy.util.test.junit.AutoTests" name="[91] /home/travis/build/icyphy/ptII/ptolemy/domains/de/test/auto/triggerType.xml (RunModel)" time="0.007" />
  <system-out><![CDATA[/home/travis/build/icyphy/ptII/ptolemy/domains/de/test/DependencyLoop.tcl
testDefs.tcl: setting time out to 9000 seconds at Sat Feb 16 03:34:30 UTC 2019
14 ms. Memory: 116224K Free: 97579K (84%)
30 ms. Memory: 146944K Free: 141205K (96%)
/home/travis/build/icyphy/ptII/ptolemy/domains/de/test/RunDETestsAsQSS.tcl
Run the DE tests using ptolemy.domains.qss.test.QSSDirectorTest, which extends QSSDirector and prints a message in the constructors.
------------------ testing $PTII/ptolemy/domains/de/test/auto/knownFailedTests/dependencyLoop.xml (Known Failure) 
6 ms. Memory: 146944K Free: 136958K (93%)


==== $PTIIhome/travis/build/icyphy/ptII/ptolemy/domains/de/test/../../../../: Auto Automatic test in file $PTII/ptolemy/domains/de/test/auto/knownFailedTests/dependencyLoop.xml
==== Contents of test case:

	    # FIXME: we should use $relativeFilename here, but it
	    # might have backslashes under Windows, which causes no end
	    # of trouble.
	    createAndExecute $file
	    list {}
	
.... Test generated KNOWN error:
    while executing
ptolemy.kernel.util.IllegalActionException: Found a zero delay loop containing .dependencyLoop.original
  in .dependencyLoop and .dependencyLoop.original
	at ptolemy.actor.util.CausalityInterfaceForComposites._computeOutputPortDepth(CausalityInterfaceForComposites.java:759)
	at ptolemy.actor.util.CausalityInterfaceForComposites._computeInputDepth(CausalityInterfaceForComposites.java:696)
	at ptolemy.actor.util.CausalityInterfaceForComposites._computeOutputPortDepth(CausalityInterfaceForComposites.java:765)
	at ptolemy.actor.util.CausalityInterfaceForComposites._computeInputDepth(CausalityInterfaceForComposites.java:696)
	at ptolemy.actor.util.CausalityInterfaceForComposites._computeOutputPortDepth(CausalityInterfaceForComposites.java:765)
	at ptolemy.actor.util.CausalityInterfaceForComposites._computeInputDepth(CausalityInterfaceForComposites.java:696)
	at ptolemy.actor.util.CausalityInterfaceForComposites._computeActorDepth(CausalityInterfaceForComposites.java:532)
	at ptolemy.actor.util.CausalityInterfaceForComposites.checkForCycles(CausalityInterfaceForComposites.java:96)
	at ptolemy.domains.de.kernel.DEDirector.preinitialize(DEDirector.java:1338)
	at ptolemy.actor.CompositeActor.preinitialize(CompositeActor.java:1828)
	at ptolemy.actor.Manager.preinitializeAndResolveTypes(Manager.java:1040)
	at ptolemy.actor.Manager.initialize(Manager.java:710)
	at ptolemy.actor.Manager.execute(Manager.java:356)
	at ptolemy.actor.Manager.run(Manager.java:1263)
	at ptolemy.actor.Manager$PtolemyRunThread.run(Manager.java:1915)

    while executing
ptolemy.kernel.util.IllegalActionException: Found a zero delay loop containing .dependencyLoop.original
  in .dependencyLoop and .dependencyLoop.original
    while executing
"java::new ptolemy.moml.MoMLSimpleApplication $file
"
    (procedure "createAndExecute" line 2)
    invoked from within
"createAndExecute $file"
    ("uplevel" body line 5)
    invoked from within
"uplevel $contents_of_test"
------------------ testing $PTII/ptolemy/domains/de/test/auto/knownFailedTests/DESDFClockTest.xml (Known Failure) 
2093 ms. Memory: 146944K Free: 121360K (83%)


==== $PTIIhome/travis/build/icyphy/ptII/ptolemy/domains/de/test/../../../../: Auto Automatic test in file $PTII/ptolemy/domains/de/test/auto/knownFailedTests/DESDFClockTest.xml
==== Contents of test case:

	    # FIXME: we should use $relativeFilename here, but it
	    # might have backslashes under Windows, which causes no end
	    # of trouble.
	    createAndExecute $file
	    list {}
	
.... Test generated KNOWN error:
    while executing
ptolemy.kernel.util.IllegalActionException: Actor is not ready to fire.  Perhaps UpSample.prefire() returned false? Try debugging the actor by selecting "Listen to Actor".  Also, for SDF check moml for tokenConsumptionRate on input.
  in .DESDFClockTest.Play Bell.Copy1:SDF Director and .DESDFClockTest.Play Bell.UpSample
	at ptolemy.actor.sched.StaticSchedulingDirector.fire(StaticSchedulingDirector.java:227)
	at ptolemy.domains.sdf.kernel.SDFDirector.fire(SDFDirector.java:500)
	at ptolemy.actor.CompositeActor.fire(CompositeActor.java:455)
	at ptolemy.domains.de.kernel.DEDirector._fire(DEDirector.java:1949)
	at ptolemy.domains.de.kernel.DEDirector.fire(DEDirector.java:502)
	at ptolemy.actor.CompositeActor.fire(CompositeActor.java:455)
	at ptolemy.actor.Manager.iterate(Manager.java:851)
	at ptolemy.actor.Manager.execute(Manager.java:369)
	at ptolemy.actor.Manager.run(Manager.java:1263)
	at ptolemy.actor.Manager$PtolemyRunThread.run(Manager.java:1915)

    while executing
ptolemy.kernel.util.IllegalActionException: Actor is not ready to fire.  Perhaps UpSample.prefire() returned false? Try debugging the actor by selecting "Listen to Actor".  Also, for SDF check moml for tokenConsumptionRate on input.
  in .DESDFClockTest.Play Bell.Copy1:SDF Director and .DESDFClockTest.Play Bell.UpSample
    while executing
"java::new ptolemy.moml.MoMLSimpleApplication $file
"
    (procedure "createAndExecute" line 2)
    invoked from within
"createAndExecute $file"
    ("uplevel" body line 5)
    invoked from within
"uplevel $contents_of_test"
------------------ testing $PTII/ptolemy/domains/de/test/auto/knownFailedTests/FSMSource.xml (Known Failure) 
24 ms. Memory: 146944K Free: 112499K (77%)
!!!! Auto was marked as failing, but now passes
------------------ testing $PTII/ptolemy/domains/de/test/auto/knownFailedTests/dependencyLoop2.xml (Known Failure) 
15 ms. Memory: 146944K Free: 110616K (75%)


==== $PTIIhome/travis/build/icyphy/ptII/ptolemy/domains/de/test/../../../../: Auto Automatic test in file $PTII/ptolemy/domains/de/test/auto/knownFailedTests/dependencyLoop2.xml
==== Contents of test case:

	    # FIXME: we should use $relativeFilename here, but it
	    # might have backslashes under Windows, which causes no end
	    # of trouble.
	    createAndExecute $file
	    list {}
	
.... Test generated KNOWN error:
    while executing
ptolemy.kernel.util.IllegalActionException: Found a zero delay loop containing .dependencyLoop2.original
  in .dependencyLoop2 and .dependencyLoop2.original
	at ptolemy.actor.util.CausalityInterfaceForComposites._computeOutputPortDepth(CausalityInterfaceForComposites.java:759)
	at ptolemy.actor.util.CausalityInterfaceForComposites._computeInputDepth(CausalityInterfaceForComposites.java:696)
	at ptolemy.actor.util.CausalityInterfaceForComposites._computeOutputPortDepth(CausalityInterfaceForComposites.java:765)
	at ptolemy.actor.util.CausalityInterfaceForComposites._computeInputDepth(CausalityInterfaceForComposites.java:696)
	at ptolemy.actor.util.CausalityInterfaceForComposites._computeOutputPortDepth(CausalityInterfaceForComposites.java:765)
	at ptolemy.actor.util.CausalityInterfaceForComposites._computeInputDepth(CausalityInterfaceForComposites.java:696)
	at ptolemy.actor.util.CausalityInterfaceForComposites._computeActorDepth(CausalityInterfaceForComposites.java:532)
	at ptolemy.actor.util.CausalityInterfaceForComposites.checkForCycles(CausalityInterfaceForComposites.java:96)
	at ptolemy.domains.de.kernel.DEDirector.preinitialize(DEDirector.java:1338)
	at ptolemy.actor.CompositeActor.preinitialize(CompositeActor.java:1828)
	at ptolemy.actor.Manager.preinitializeAndResolveTypes(Manager.java:1040)
	at ptolemy.actor.Manager.initialize(Manager.java:710)
	at ptolemy.actor.Manager.execute(Manager.java:356)
	at ptolemy.actor.Manager.run(Manager.java:1263)
	at ptolemy.actor.Manager$PtolemyRunThread.run(Manager.java:1915)

    while executing
ptolemy.kernel.util.IllegalActionException: Found a zero delay loop containing .dependencyLoop2.original
  in .dependencyLoop2 and .dependencyLoop2.original
    while executing
"java::new ptolemy.moml.MoMLSimpleApplication $file
"
    (procedure "createAndExecute" line 2)
    invoked from within
"createAndExecute $file"
    ("uplevel" body line 5)
    invoked from within
"uplevel $contents_of_test"
------------------ testing $PTII/ptolemy/domains/de/test/auto/knownFailedTests/HierarchicalModel.xml (Known Failure) 
5 ms. Memory: 146944K Free: 90346K (61%)


==== $PTIIhome/travis/build/icyphy/ptII/ptolemy/domains/de/test/../../../../: Auto Automatic test in file $PTII/ptolemy/domains/de/test/auto/knownFailedTests/HierarchicalModel.xml
==== Contents of test case:

	    # FIXME: we should use $relativeFilename here, but it
	    # might have backslashes under Windows, which causes no end
	    # of trouble.
	    createAndExecute $file
	    list {}
	
.... Test generated KNOWN error:
    while executing
ptolemy.kernel.util.IllegalActionException: Found a zero delay loop containing .HierarchicalModel.A
  in .HierarchicalModel and .HierarchicalModel.A
	at ptolemy.actor.util.CausalityInterfaceForComposites._computeOutputPortDepth(CausalityInterfaceForComposites.java:759)
	at ptolemy.actor.util.CausalityInterfaceForComposites._computeInputDepth(CausalityInterfaceForComposites.java:696)
	at ptolemy.actor.util.CausalityInterfaceForComposites._computeOutputPortDepth(CausalityInterfaceForComposites.java:765)
	at ptolemy.actor.util.CausalityInterfaceForComposites._computeInputDepth(CausalityInterfaceForComposites.java:696)
	at ptolemy.actor.util.CausalityInterfaceForComposites._computeOutputPortDepth(CausalityInterfaceForComposites.java:765)
	at ptolemy.actor.util.CausalityInterfaceForComposites._computeInputDepth(CausalityInterfaceForComposites.java:696)
	at ptolemy.actor.util.CausalityInterfaceForComposites._computeActorDepth(CausalityInterfaceForComposites.java:532)
	at ptolemy.actor.util.CausalityInterfaceForComposites.checkForCycles(CausalityInterfaceForComposites.java:96)
	at ptolemy.domains.de.kernel.DEDirector.preinitialize(DEDirector.java:1338)
	at ptolemy.actor.CompositeActor.preinitialize(CompositeActor.java:1828)
	at ptolemy.actor.Manager.preinitializeAndResolveTypes(Manager.java:1040)
	at ptolemy.actor.Manager.initialize(Manager.java:710)
	at ptolemy.actor.Manager.execute(Manager.java:356)
	at ptolemy.actor.Manager.run(Manager.java:1263)
	at ptolemy.actor.Manager$PtolemyRunThread.run(Manager.java:1915)

    while executing
ptolemy.kernel.util.IllegalActionException: Found a zero delay loop containing .HierarchicalModel.A
  in .HierarchicalModel and .HierarchicalModel.A
    while executing
"java::new ptolemy.moml.MoMLSimpleApplication $file
"
    (procedure "createAndExecute" line 2)
    invoked from within
"createAndExecute $file"
    ("uplevel" body line 5)
    invoked from within
"uplevel $contents_of_test"
------------------ testing $PTII/ptolemy/domains/de/test/auto/knownFailedTests/DirectFeedback.xml (Known Failure) 
11 ms. Memory: 146944K Free: 86224K (59%)


==== $PTIIhome/travis/build/icyphy/ptII/ptolemy/domains/de/test/../../../../: Auto Automatic test in file $PTII/ptolemy/domains/de/test/auto/knownFailedTests/DirectFeedback.xml
==== Contents of test case:

	    # FIXME: we should use $relativeFilename here, but it
	    # might have backslashes under Windows, which causes no end
	    # of trouble.
	    createAndExecute $file
	    list {}
	
.... Test generated KNOWN error:
    while executing
ptolemy.kernel.util.IllegalActionException: Test fails in iteration 1.
Value was: 1.0. Should have been: 2.0
  in .DirectFeedback.Test
	at ptolemy.actor.lib.Test.fire(Test.java:268)
	at ptolemy.domains.de.kernel.DEDirector._fire(DEDirector.java:1949)
	at ptolemy.domains.de.kernel.DEDirector.fire(DEDirector.java:502)
	at ptolemy.actor.CompositeActor.fire(CompositeActor.java:455)
	at ptolemy.actor.Manager.iterate(Manager.java:851)
	at ptolemy.actor.Manager.execute(Manager.java:369)
	at ptolemy.actor.Manager.run(Manager.java:1263)
	at ptolemy.actor.Manager$PtolemyRunThread.run(Manager.java:1915)

    while executing
ptolemy.kernel.util.IllegalActionException: Test fails in iteration 1.
Value was: 1.0. Should have been: 2.0
  in .DirectFeedback.Test
    while executing
"java::new ptolemy.moml.MoMLSimpleApplication $file
"
    (procedure "createAndExecute" line 2)
    invoked from within
"createAndExecute $file"
    ("uplevel" body line 5)
    invoked from within
"uplevel $contents_of_test"
------------------ testing $PTII/ptolemy/domains/de/test/auto/ActorDepthCalculation_actorWithoutPorts.xml
auto.tcl: Setting watchdog for 200 seconds at Sat Feb 16 03:34:33 UTC 2019
4 ms. Memory: 146944K Free: 138972K (95%)
ptolemy.util.test.WatchDog.cancel(): canceling Sat Feb 16 03:34:33 UTC 2019
auto.tcl: Setting watchdog for 200 seconds at Sat Feb 16 03:34:33 UTC 2019
4 ms. Memory: 146944K Free: 137954K (94%)
ptolemy.util.test.WatchDog.cancel(): canceling Sat Feb 16 03:34:33 UTC 2019
------------------ testing $PTII/ptolemy/domains/de/test/auto/AssemblyLine.xml
auto.tcl: Setting watchdog for 200 seconds at Sat Feb 16 03:34:34 UTC 2019
22 ms. Memory: 208384K Free: 183413K (88%)
ptolemy.util.test.WatchDog.cancel(): canceling Sat Feb 16 03:34:34 UTC 2019
auto.tcl: Setting watchdog for 200 seconds at Sat Feb 16 03:34:34 UTC 2019
6 ms. Memory: 208384K Free: 183413K (88%)
ptolemy.util.test.WatchDog.cancel(): canceling Sat Feb 16 03:34:34 UTC 2019
------------------ testing $PTII/ptolemy/domains/de/test/auto/CQBug1.xml
auto.tcl: Setting watchdog for 200 seconds at Sat Feb 16 03:34:34 UTC 2019
7 ms. Memory: 208384K Free: 197911K (95%)
ptolemy.util.test.WatchDog.cancel(): canceling Sat Feb 16 03:34:34 UTC 2019
auto.tcl: Setting watchdog for 200 seconds at Sat Feb 16 03:34:34 UTC 2019
2 ms. Memory: 208384K Free: 197391K (95%)
ptolemy.util.test.WatchDog.cancel(): canceling Sat Feb 16 03:34:34 UTC 2019
------------------ testing $PTII/ptolemy/domains/de/test/auto/CancelFireAt.xml
auto.tcl: Setting watchdog for 200 seconds at Sat Feb 16 03:34:34 UTC 2019
11 ms. Memory: 208384K Free: 201048K (96%)
ptolemy.util.test.WatchDog.cancel(): canceling Sat Feb 16 03:34:34 UTC 2019
auto.tcl: Setting watchdog for 200 seconds at Sat Feb 16 03:34:34 UTC 2019
5 ms. Memory: 208384K Free: 199011K (96%)
ptolemy.util.test.WatchDog.cancel(): canceling Sat Feb 16 03:34:34 UTC 2019
------------------ testing $PTII/ptolemy/domains/de/test/auto/CausalityAndComposabilityAnalysis.xml
auto.tcl: Setting watchdog for 200 seconds at Sat Feb 16 03:34:34 UTC 2019
17 ms. Memory: 208384K Free: 199018K (96%)
ptolemy.util.test.WatchDog.cancel(): canceling Sat Feb 16 03:34:34 UTC 2019
auto.tcl: Setting watchdog for 200 seconds at Sat Feb 16 03:34:34 UTC 2019
6 ms. Memory: 208384K Free: 196982K (95%)
ptolemy.util.test.WatchDog.cancel(): canceling Sat Feb 16 03:34:34 UTC 2019
------------------ testing $PTII/ptolemy/domains/de/test/auto/CausalityInterface1.xml
auto.tcl: Setting watchdog for 200 seconds at Sat Feb 16 03:34:34 UTC 2019
21 ms. Memory: 208384K Free: 196509K (94%)
ptolemy.util.test.WatchDog.cancel(): canceling Sat Feb 16 03:34:34 UTC 2019
auto.tcl: Setting watchdog for 200 seconds at Sat Feb 16 03:34:34 UTC 2019
4 ms. Memory: 208384K Free: 196509K (94%)
ptolemy.util.test.WatchDog.cancel(): canceling Sat Feb 16 03:34:34 UTC 2019
------------------ testing $PTII/ptolemy/domains/de/test/auto/CausalityInterface15.xml
auto.tcl: Setting watchdog for 200 seconds at Sat Feb 16 03:34:34 UTC 2019
3 ms. Memory: 208384K Free: 196468K (94%)
ptolemy.util.test.WatchDog.cancel(): canceling Sat Feb 16 03:34:34 UTC 2019
auto.tcl: Setting watchdog for 200 seconds at Sat Feb 16 03:34:34 UTC 2019
4 ms. Memory: 208384K Free: 196468K (94%)
ptolemy.util.test.WatchDog.cancel(): canceling Sat Feb 16 03:34:34 UTC 2019
------------------ testing $PTII/ptolemy/domains/de/test/auto/CausalityInterface2.xml
auto.tcl: Setting watchdog for 200 seconds at Sat Feb 16 03:34:34 UTC 2019
6 ms. Memory: 208384K Free: 196484K (94%)
ptolemy.util.test.WatchDog.cancel(): canceling Sat Feb 16 03:34:34 UTC 2019
auto.tcl: Setting watchdog for 200 seconds at Sat Feb 16 03:34:34 UTC 2019
6 ms. Memory: 208384K Free: 196484K (94%)
ptolemy.util.test.WatchDog.cancel(): canceling Sat Feb 16 03:34:34 UTC 2019
------------------ testing $PTII/ptolemy/domains/de/test/auto/CausalityInterface3.xml
auto.tcl: Setting watchdog for 200 seconds at Sat Feb 16 03:34:35 UTC 2019
5 ms. Memory: 208384K Free: 196496K (94%)
ptolemy.util.test.WatchDog.cancel(): canceling Sat Feb 16 03:34:35 UTC 2019
auto.tcl: Setting watchdog for 200 seconds at Sat Feb 16 03:34:35 UTC 2019
3 ms. Memory: 208384K Free: 196496K (94%)
ptolemy.util.test.WatchDog.cancel(): canceling Sat Feb 16 03:34:35 UTC 2019
------------------ testing $PTII/ptolemy/domains/de/test/auto/ClockDrift.xml
auto.tcl: Setting watchdog for 200 seconds at Sat Feb 16 03:34:35 UTC 2019
89 ms. Memory: 208384K Free: 187918K (90%)
ptolemy.util.test.WatchDog.cancel(): canceling Sat Feb 16 03:34:35 UTC 2019
auto.tcl: Setting watchdog for 200 seconds at Sat Feb 16 03:34:35 UTC 2019
56 ms. Memory: 208384K Free: 185881K (89%)
ptolemy.util.test.WatchDog.cancel(): canceling Sat Feb 16 03:34:35 UTC 2019
------------------ testing $PTII/ptolemy/domains/de/test/auto/ClockDriftAndValueChange.xml
auto.tcl: Setting watchdog for 200 seconds at Sat Feb 16 03:34:35 UTC 2019
45 ms. Memory: 208384K Free: 187752K (90%)
ptolemy.util.test.WatchDog.cancel(): canceling Sat Feb 16 03:34:35 UTC 2019
auto.tcl: Setting watchdog for 200 seconds at Sat Feb 16 03:34:35 UTC 2019
40 ms. Memory: 208384K Free: 185716K (89%)
ptolemy.util.test.WatchDog.cancel(): canceling Sat Feb 16 03:34:35 UTC 2019
------------------ testing $PTII/ptolemy/domains/de/test/auto/ClockDriftChange.xml
auto.tcl: Setting watchdog for 200 seconds at Sat Feb 16 03:34:35 UTC 2019
29 ms. Memory: 208384K Free: 191011K (92%)
ptolemy.util.test.WatchDog.cancel(): canceling Sat Feb 16 03:34:35 UTC 2019
auto.tcl: Setting watchdog for 200 seconds at Sat Feb 16 03:34:35 UTC 2019
28 ms. Memory: 208384K Free: 188974K (91%)
ptolemy.util.test.WatchDog.cancel(): canceling Sat Feb 16 03:34:35 UTC 2019
------------------ testing $PTII/ptolemy/domains/de/test/auto/ComposableCausalityAnalysis.xml
auto.tcl: Setting watchdog for 200 seconds at Sat Feb 16 03:34:35 UTC 2019
2 ms. Memory: 208384K Free: 196351K (94%)
ptolemy.util.test.WatchDog.cancel(): canceling Sat Feb 16 03:34:35 UTC 2019
auto.tcl: Setting watchdog for 200 seconds at Sat Feb 16 03:34:35 UTC 2019
2 ms. Memory: 208384K Free: 194315K (93%)
ptolemy.util.test.WatchDog.cancel(): canceling Sat Feb 16 03:34:35 UTC 2019
------------------ testing $PTII/ptolemy/domains/de/test/auto/DEFixedPointLimitation.xml
auto.tcl: Setting watchdog for 200 seconds at Sat Feb 16 03:34:35 UTC 2019
1 ms. Memory: 208384K Free: 198468K (95%)
ptolemy.util.test.WatchDog.cancel(): canceling Sat Feb 16 03:34:35 UTC 2019
auto.tcl: Setting watchdog for 200 seconds at Sat Feb 16 03:34:35 UTC 2019
1 ms. Memory: 208384K Free: 196432K (94%)
ptolemy.util.test.WatchDog.cancel(): canceling Sat Feb 16 03:34:35 UTC 2019
------------------ testing $PTII/ptolemy/domains/de/test/auto/DEScheduleTest.xml
auto.tcl: Setting watchdog for 200 seconds at Sat Feb 16 03:34:35 UTC 2019
3 ms. Memory: 208384K Free: 199023K (96%)
ptolemy.util.test.WatchDog.cancel(): canceling Sat Feb 16 03:34:35 UTC 2019
auto.tcl: Setting watchdog for 200 seconds at Sat Feb 16 03:34:35 UTC 2019
5 ms. Memory: 208384K Free: 196467K (94%)
ptolemy.util.test.WatchDog.cancel(): canceling Sat Feb 16 03:34:35 UTC 2019
------------------ testing $PTII/ptolemy/domains/de/test/auto/DEinDEwithStartTimes.xml
auto.tcl: Setting watchdog for 200 seconds at Sat Feb 16 03:34:35 UTC 2019
3 ms. Memory: 208384K Free: 196437K (94%)
ptolemy.util.test.WatchDog.cancel(): canceling Sat Feb 16 03:34:35 UTC 2019
auto.tcl: Setting watchdog for 200 seconds at Sat Feb 16 03:34:35 UTC 2019
3 ms. Memory: 208384K Free: 194401K (93%)
ptolemy.util.test.WatchDog.cancel(): canceling Sat Feb 16 03:34:35 UTC 2019
------------------ testing $PTII/ptolemy/domains/de/test/auto/DEinDEwithStartTimes2.xml
auto.tcl: Setting watchdog for 200 seconds at Sat Feb 16 03:34:35 UTC 2019
7 ms. Memory: 208384K Free: 196936K (95%)
ptolemy.util.test.WatchDog.cancel(): canceling Sat Feb 16 03:34:36 UTC 2019
auto.tcl: Setting watchdog for 200 seconds at Sat Feb 16 03:34:36 UTC 2019
4 ms. Memory: 208384K Free: 194381K (93%)
ptolemy.util.test.WatchDog.cancel(): canceling Sat Feb 16 03:34:36 UTC 2019
------------------ testing $PTII/ptolemy/domains/de/test/auto/DateDemo.xml
auto.tcl: Setting watchdog for 200 seconds at Sat Feb 16 03:34:36 UTC 2019
7 ms. Memory: 208384K Free: 189037K (91%)
ptolemy.util.test.WatchDog.cancel(): canceling Sat Feb 16 03:34:36 UTC 2019
auto.tcl: Setting watchdog for 200 seconds at Sat Feb 16 03:34:36 UTC 2019
10 ms. Memory: 208384K Free: 187000K (90%)
ptolemy.util.test.WatchDog.cancel(): canceling Sat Feb 16 03:34:36 UTC 2019
------------------ testing $PTII/ptolemy/domains/de/test/auto/DateToEvent.xml
auto.tcl: Setting watchdog for 200 seconds at Sat Feb 16 03:34:36 UTC 2019
2016 ms. Memory: 208384K Free: 183935K (88%)
ptolemy.util.test.WatchDog.cancel(): canceling Sat Feb 16 03:34:38 UTC 2019
auto.tcl: Setting watchdog for 200 seconds at Sat Feb 16 03:34:38 UTC 2019
2005 ms. Memory: 208384K Free: 183935K (88%)
ptolemy.util.test.WatchDog.cancel(): canceling Sat Feb 16 03:34:40 UTC 2019
------------------ testing $PTII/ptolemy/domains/de/test/auto/DepthTest1.xml
auto.tcl: Setting watchdog for 200 seconds at Sat Feb 16 03:34:40 UTC 2019
4 ms. Memory: 208384K Free: 198553K (95%)
ptolemy.util.test.WatchDog.cancel(): canceling Sat Feb 16 03:34:40 UTC 2019
auto.tcl: Setting watchdog for 200 seconds at Sat Feb 16 03:34:40 UTC 2019
1 ms. Memory: 208384K Free: 198553K (95%)
ptolemy.util.test.WatchDog.cancel(): canceling Sat Feb 16 03:34:40 UTC 2019
------------------ testing $PTII/ptolemy/domains/de/test/auto/DepthTest2.xml
auto.tcl: Setting watchdog for 200 seconds at Sat Feb 16 03:34:40 UTC 2019
3 ms. Memory: 208384K Free: 194395K (93%)
ptolemy.util.test.WatchDog.cancel(): canceling Sat Feb 16 03:34:40 UTC 2019
auto.tcl: Setting watchdog for 200 seconds at Sat Feb 16 03:34:40 UTC 2019
4 ms. Memory: 208384K Free: 194395K (93%)
ptolemy.util.test.WatchDog.cancel(): canceling Sat Feb 16 03:34:40 UTC 2019
------------------ testing $PTII/ptolemy/domains/de/test/auto/DepthTest3.xml
auto.tcl: Setting watchdog for 200 seconds at Sat Feb 16 03:34:40 UTC 2019
3 ms. Memory: 208384K Free: 198888K (95%)
ptolemy.util.test.WatchDog.cancel(): canceling Sat Feb 16 03:34:40 UTC 2019
auto.tcl: Setting watchdog for 200 seconds at Sat Feb 16 03:34:40 UTC 2019
1 ms. Memory: 208384K Free: 198888K (95%)
ptolemy.util.test.WatchDog.cancel(): canceling Sat Feb 16 03:34:40 UTC 2019
------------------ testing $PTII/ptolemy/domains/de/test/auto/DepthTest4.xml
auto.tcl: Setting watchdog for 200 seconds at Sat Feb 16 03:34:40 UTC 2019
5 ms. Memory: 208384K Free: 196420K (94%)
ptolemy.util.test.WatchDog.cancel(): canceling Sat Feb 16 03:34:40 UTC 2019
auto.tcl: Setting watchdog for 200 seconds at Sat Feb 16 03:34:40 UTC 2019
1 ms. Memory: 208384K Free: 196420K (94%)
ptolemy.util.test.WatchDog.cancel(): canceling Sat Feb 16 03:34:40 UTC 2019
------------------ testing $PTII/ptolemy/domains/de/test/auto/DepthTest5.xml
auto.tcl: Setting watchdog for 200 seconds at Sat Feb 16 03:34:40 UTC 2019
3 ms. Memory: 208384K Free: 196886K (94%)
ptolemy.util.test.WatchDog.cancel(): canceling Sat Feb 16 03:34:40 UTC 2019
auto.tcl: Setting watchdog for 200 seconds at Sat Feb 16 03:34:40 UTC 2019
2 ms. Memory: 208384K Free: 196886K (94%)
ptolemy.util.test.WatchDog.cancel(): canceling Sat Feb 16 03:34:40 UTC 2019
------------------ testing $PTII/ptolemy/domains/de/test/auto/DepthTest6.xml
auto.tcl: Setting watchdog for 200 seconds at Sat Feb 16 03:34:40 UTC 2019
6 ms. Memory: 208384K Free: 196863K (94%)
ptolemy.util.test.WatchDog.cancel(): canceling Sat Feb 16 03:34:40 UTC 2019
auto.tcl: Setting watchdog for 200 seconds at Sat Feb 16 03:34:40 UTC 2019
2 ms. Memory: 208384K Free: 196863K (94%)
ptolemy.util.test.WatchDog.cancel(): canceling Sat Feb 16 03:34:40 UTC 2019
------------------ testing $PTII/ptolemy/domains/de/test/auto/DepthTest7.xml
auto.tcl: Setting watchdog for 200 seconds at Sat Feb 16 03:34:40 UTC 2019
6 ms. Memory: 208384K Free: 195096K (94%)
ptolemy.util.test.WatchDog.cancel(): canceling Sat Feb 16 03:34:40 UTC 2019
auto.tcl: Setting watchdog for 200 seconds at Sat Feb 16 03:34:40 UTC 2019
2 ms. Memory: 208384K Free: 195096K (94%)
ptolemy.util.test.WatchDog.cancel(): canceling Sat Feb 16 03:34:40 UTC 2019
------------------ testing $PTII/ptolemy/domains/de/test/auto/EventToDate.xml
auto.tcl: Setting watchdog for 200 seconds at Sat Feb 16 03:34:40 UTC 2019
3010 ms. Memory: 208384K Free: 183706K (88%)
ptolemy.util.test.WatchDog.cancel(): canceling Sat Feb 16 03:34:43 UTC 2019
auto.tcl: Setting watchdog for 200 seconds at Sat Feb 16 03:34:43 UTC 2019
3004 ms. Memory: 208384K Free: 183706K (88%)
ptolemy.util.test.WatchDog.cancel(): canceling Sat Feb 16 03:34:46 UTC 2019
------------------ testing $PTII/ptolemy/domains/de/test/auto/FSM1.xml
auto.tcl: Setting watchdog for 200 seconds at Sat Feb 16 03:34:46 UTC 2019
17 ms. Memory: 208384K Free: 189503K (91%)
ptolemy.util.test.WatchDog.cancel(): canceling Sat Feb 16 03:34:46 UTC 2019
auto.tcl: Setting watchdog for 200 seconds at Sat Feb 16 03:34:46 UTC 2019
14 ms. Memory: 208384K Free: 185430K (89%)
ptolemy.util.test.WatchDog.cancel(): canceling Sat Feb 16 03:34:46 UTC 2019
------------------ testing $PTII/ptolemy/domains/de/test/auto/FSM7.xml
auto.tcl: Setting watchdog for 200 seconds at Sat Feb 16 03:34:46 UTC 2019
13 ms. Memory: 208384K Free: 189705K (91%)
ptolemy.util.test.WatchDog.cancel(): canceling Sat Feb 16 03:34:47 UTC 2019
auto.tcl: Setting watchdog for 200 seconds at Sat Feb 16 03:34:47 UTC 2019
12 ms. Memory: 208384K Free: 185633K (89%)
ptolemy.util.test.WatchDog.cancel(): canceling Sat Feb 16 03:34:47 UTC 2019
------------------ testing $PTII/ptolemy/domains/de/test/auto/Inspection.xml
auto.tcl: Setting watchdog for 200 seconds at Sat Feb 16 03:34:47 UTC 2019
45 ms. Memory: 208384K Free: 189403K (91%)
ptolemy.util.test.WatchDog.cancel(): canceling Sat Feb 16 03:34:47 UTC 2019
auto.tcl: Setting watchdog for 200 seconds at Sat Feb 16 03:34:47 UTC 2019
37 ms. Memory: 208384K Free: 187367K (90%)
ptolemy.util.test.WatchDog.cancel(): canceling Sat Feb 16 03:34:47 UTC 2019
------------------ testing $PTII/ptolemy/domains/de/test/auto/Iteration.xml
auto.tcl: Setting watchdog for 200 seconds at Sat Feb 16 03:34:47 UTC 2019
8 ms. Memory: 208384K Free: 196131K (94%)
ptolemy.util.test.WatchDog.cancel(): canceling Sat Feb 16 03:34:47 UTC 2019
auto.tcl: Setting watchdog for 200 seconds at Sat Feb 16 03:34:47 UTC 2019
7 ms. Memory: 208384K Free: 194095K (93%)
ptolemy.util.test.WatchDog.cancel(): canceling Sat Feb 16 03:34:47 UTC 2019
------------------ testing $PTII/ptolemy/domains/de/test/auto/LineFault.xml
auto.tcl: Setting watchdog for 200 seconds at Sat Feb 16 03:34:47 UTC 2019
765 ms. Memory: 208384K Free: 199855K (96%)
ptolemy.util.test.WatchDog.cancel(): canceling Sat Feb 16 03:34:48 UTC 2019
auto.tcl: Setting watchdog for 200 seconds at Sat Feb 16 03:34:48 UTC 2019
629 ms. Memory: 208384K Free: 142581K (68%)
ptolemy.util.test.WatchDog.cancel(): canceling Sat Feb 16 03:34:48 UTC 2019
------------------ testing $PTII/ptolemy/domains/de/test/auto/MergeModel1Add.xml
auto.tcl: Setting watchdog for 200 seconds at Sat Feb 16 03:34:49 UTC 2019
28 ms. Memory: 331264K Free: 300863K (91%)
ptolemy.util.test.WatchDog.cancel(): canceling Sat Feb 16 03:34:49 UTC 2019
auto.tcl: Setting watchdog for 200 seconds at Sat Feb 16 03:34:49 UTC 2019
12 ms. Memory: 331264K Free: 300863K (91%)
ptolemy.util.test.WatchDog.cancel(): canceling Sat Feb 16 03:34:49 UTC 2019
------------------ testing $PTII/ptolemy/domains/de/test/auto/MergeModel2Add.xml
auto.tcl: Setting watchdog for 200 seconds at Sat Feb 16 03:34:49 UTC 2019
10 ms. Memory: 331264K Free: 305774K (92%)
ptolemy.util.test.WatchDog.cancel(): canceling Sat Feb 16 03:34:49 UTC 2019
auto.tcl: Setting watchdog for 200 seconds at Sat Feb 16 03:34:49 UTC 2019
8 ms. Memory: 331264K Free: 302216K (91%)
ptolemy.util.test.WatchDog.cancel(): canceling Sat Feb 16 03:34:49 UTC 2019
------------------ testing $PTII/ptolemy/domains/de/test/auto/MergeModel3Add.xml
auto.tcl: Setting watchdog for 200 seconds at Sat Feb 16 03:34:49 UTC 2019
9 ms. Memory: 331264K Free: 305753K (92%)
ptolemy.util.test.WatchDog.cancel(): canceling Sat Feb 16 03:34:49 UTC 2019
auto.tcl: Setting watchdog for 200 seconds at Sat Feb 16 03:34:49 UTC 2019
7 ms. Memory: 331264K Free: 302195K (91%)
ptolemy.util.test.WatchDog.cancel(): canceling Sat Feb 16 03:34:49 UTC 2019
------------------ testing $PTII/ptolemy/domains/de/test/auto/MergeWithoutDiscard.xml
auto.tcl: Setting watchdog for 200 seconds at Sat Feb 16 03:34:49 UTC 2019
2 ms. Memory: 331264K Free: 316458K (96%)
ptolemy.util.test.WatchDog.cancel(): canceling Sat Feb 16 03:34:49 UTC 2019
auto.tcl: Setting watchdog for 200 seconds at Sat Feb 16 03:34:49 UTC 2019
2 ms. Memory: 331264K Free: 316458K (96%)
ptolemy.util.test.WatchDog.cancel(): canceling Sat Feb 16 03:34:49 UTC 2019
------------------ testing $PTII/ptolemy/domains/de/test/auto/Modal1.xml
auto.tcl: Setting watchdog for 200 seconds at Sat Feb 16 03:34:49 UTC 2019
14 ms. Memory: 331264K Free: 310756K (94%)
ptolemy.util.test.WatchDog.cancel(): canceling Sat Feb 16 03:34:49 UTC 2019
auto.tcl: Setting watchdog for 200 seconds at Sat Feb 16 03:34:49 UTC 2019
19 ms. Memory: 331264K Free: 307198K (93%)
ptolemy.util.test.WatchDog.cancel(): canceling Sat Feb 16 03:34:49 UTC 2019
------------------ testing $PTII/ptolemy/domains/de/test/auto/Modal2.xml
auto.tcl: Setting watchdog for 200 seconds at Sat Feb 16 03:34:49 UTC 2019
11 ms. Memory: 331264K Free: 310614K (94%)
ptolemy.util.test.WatchDog.cancel(): canceling Sat Feb 16 03:34:49 UTC 2019
auto.tcl: Setting watchdog for 200 seconds at Sat Feb 16 03:34:49 UTC 2019
11 ms. Memory: 331264K Free: 307055K (93%)
ptolemy.util.test.WatchDog.cancel(): canceling Sat Feb 16 03:34:49 UTC 2019
------------------ testing $PTII/ptolemy/domains/de/test/auto/Modal3.xml
auto.tcl: Setting watchdog for 200 seconds at Sat Feb 16 03:34:49 UTC 2019
13 ms. Memory: 331264K Free: 311092K (94%)
ptolemy.util.test.WatchDog.cancel(): canceling Sat Feb 16 03:34:49 UTC 2019
auto.tcl: Setting watchdog for 200 seconds at Sat Feb 16 03:34:49 UTC 2019
9 ms. Memory: 331264K Free: 306858K (93%)
ptolemy.util.test.WatchDog.cancel(): canceling Sat Feb 16 03:34:49 UTC 2019
------------------ testing $PTII/ptolemy/domains/de/test/auto/Modal4.xml
auto.tcl: Setting watchdog for 200 seconds at Sat Feb 16 03:34:49 UTC 2019
22 ms. Memory: 331264K Free: 310415K (94%)
ptolemy.util.test.WatchDog.cancel(): canceling Sat Feb 16 03:34:49 UTC 2019
auto.tcl: Setting watchdog for 200 seconds at Sat Feb 16 03:34:49 UTC 2019
20 ms. Memory: 331264K Free: 306857K (93%)
ptolemy.util.test.WatchDog.cancel(): canceling Sat Feb 16 03:34:49 UTC 2019
------------------ testing $PTII/ptolemy/domains/de/test/auto/Modal5.xml
auto.tcl: Setting watchdog for 200 seconds at Sat Feb 16 03:34:49 UTC 2019
20 ms. Memory: 331264K Free: 310402K (94%)
ptolemy.util.test.WatchDog.cancel(): canceling Sat Feb 16 03:34:49 UTC 2019
auto.tcl: Setting watchdog for 200 seconds at Sat Feb 16 03:34:49 UTC 2019
12 ms. Memory: 331264K Free: 306843K (93%)
ptolemy.util.test.WatchDog.cancel(): canceling Sat Feb 16 03:34:49 UTC 2019
------------------ testing $PTII/ptolemy/domains/de/test/auto/Modal6.xml
auto.tcl: Setting watchdog for 200 seconds at Sat Feb 16 03:34:49 UTC 2019
10 ms. Memory: 331264K Free: 310399K (94%)
ptolemy.util.test.WatchDog.cancel(): canceling Sat Feb 16 03:34:50 UTC 2019
auto.tcl: Setting watchdog for 200 seconds at Sat Feb 16 03:34:50 UTC 2019
12 ms. Memory: 331264K Free: 306841K (93%)
ptolemy.util.test.WatchDog.cancel(): canceling Sat Feb 16 03:34:50 UTC 2019
------------------ testing $PTII/ptolemy/domains/de/test/auto/Modal7.xml
auto.tcl: Setting watchdog for 200 seconds at Sat Feb 16 03:34:50 UTC 2019
9 ms. Memory: 331264K Free: 306841K (93%)
ptolemy.util.test.WatchDog.cancel(): canceling Sat Feb 16 03:34:50 UTC 2019
auto.tcl: Setting watchdog for 200 seconds at Sat Feb 16 03:34:50 UTC 2019
9 ms. Memory: 331264K Free: 303282K (92%)
ptolemy.util.test.WatchDog.cancel(): canceling Sat Feb 16 03:34:50 UTC 2019
------------------ testing $PTII/ptolemy/domains/de/test/auto/ModalModel.xml
auto.tcl: Setting watchdog for 200 seconds at Sat Feb 16 03:34:50 UTC 2019
206 ms. Memory: 331264K Free: 248082K (75%)
ptolemy.util.test.WatchDog.cancel(): canceling Sat Feb 16 03:34:50 UTC 2019
auto.tcl: Setting watchdog for 200 seconds at Sat Feb 16 03:34:50 UTC 2019
183 ms. Memory: 331264K Free: 191145K (58%)
ptolemy.util.test.WatchDog.cancel(): canceling Sat Feb 16 03:34:50 UTC 2019
------------------ testing $PTII/ptolemy/domains/de/test/auto/ModalSource.xml
auto.tcl: Setting watchdog for 200 seconds at Sat Feb 16 03:34:50 UTC 2019
8 ms. Memory: 331264K Free: 317105K (96%)
ptolemy.util.test.WatchDog.cancel(): canceling Sat Feb 16 03:34:50 UTC 2019
auto.tcl: Setting watchdog for 200 seconds at Sat Feb 16 03:34:50 UTC 2019
8 ms. Memory: 331264K Free: 313844K (95%)
ptolemy.util.test.WatchDog.cancel(): canceling Sat Feb 16 03:34:50 UTC 2019
------------------ testing $PTII/ptolemy/domains/de/test/auto/NonInterruptibleTimerZeroDelay.xml
auto.tcl: Setting watchdog for 200 seconds at Sat Feb 16 03:34:50 UTC 2019
3 ms. Memory: 331264K Free: 321018K (97%)
ptolemy.util.test.WatchDog.cancel(): canceling Sat Feb 16 03:34:50 UTC 2019
auto.tcl: Setting watchdog for 200 seconds at Sat Feb 16 03:34:50 UTC 2019
2 ms. Memory: 331264K Free: 317757K (96%)
ptolemy.util.test.WatchDog.cancel(): canceling Sat Feb 16 03:34:50 UTC 2019
------------------ testing $PTII/ptolemy/domains/de/test/auto/OpenQueueingNetwork.xml
auto.tcl: Setting watchdog for 200 seconds at Sat Feb 16 03:34:50 UTC 2019
2817 ms. Memory: 573952K Free: 408654K (71%)
ptolemy.util.test.WatchDog.cancel(): canceling Sat Feb 16 03:34:53 UTC 2019
auto.tcl: Setting watchdog for 200 seconds at Sat Feb 16 03:34:53 UTC 2019
2526 ms. Memory: 574464K Free: 329073K (57%)
ptolemy.util.test.WatchDog.cancel(): canceling Sat Feb 16 03:34:56 UTC 2019
------------------ testing $PTII/ptolemy/domains/de/test/auto/OpenQueuingNetwork.xml
auto.tcl: Setting watchdog for 200 seconds at Sat Feb 16 03:34:56 UTC 2019
254 ms. Memory: 1064960K Free: 946529K (89%)
ptolemy.util.test.WatchDog.cancel(): canceling Sat Feb 16 03:34:56 UTC 2019
auto.tcl: Setting watchdog for 200 seconds at Sat Feb 16 03:34:56 UTC 2019
241 ms. Memory: 1064960K Free: 881375K (83%)
ptolemy.util.test.WatchDog.cancel(): canceling Sat Feb 16 03:34:56 UTC 2019
------------------ testing $PTII/ptolemy/domains/de/test/auto/PeriodicSampler.xml
auto.tcl: Setting watchdog for 200 seconds at Sat Feb 16 03:34:56 UTC 2019
2 ms. Memory: 1065472K Free: 1038519K (97%)
ptolemy.util.test.WatchDog.cancel(): canceling Sat Feb 16 03:34:57 UTC 2019
auto.tcl: Setting watchdog for 200 seconds at Sat Feb 16 03:34:57 UTC 2019
2 ms. Memory: 1065472K Free: 1038519K (97%)
ptolemy.util.test.WatchDog.cancel(): canceling Sat Feb 16 03:34:57 UTC 2019
------------------ testing $PTII/ptolemy/domains/de/test/auto/PersistentIO.xml
auto.tcl: Setting watchdog for 200 seconds at Sat Feb 16 03:34:57 UTC 2019
11 ms. Memory: 1065472K Free: 1040247K (98%)
ptolemy.util.test.WatchDog.cancel(): canceling Sat Feb 16 03:34:57 UTC 2019
auto.tcl: Setting watchdog for 200 seconds at Sat Feb 16 03:34:57 UTC 2019
3 ms. Memory: 1065472K Free: 1040247K (98%)
ptolemy.util.test.WatchDog.cancel(): canceling Sat Feb 16 03:34:57 UTC 2019
------------------ testing $PTII/ptolemy/domains/de/test/auto/PortParameterResetOnInitialize.xml
auto.tcl: Setting watchdog for 200 seconds at Sat Feb 16 03:34:57 UTC 2019
2 ms. Memory: 1065472K Free: 1029149K (97%)
ptolemy.util.test.WatchDog.cancel(): canceling Sat Feb 16 03:34:57 UTC 2019
auto.tcl: Setting watchdog for 200 seconds at Sat Feb 16 03:34:57 UTC 2019
1 ms. Memory: 1065472K Free: 1029149K (97%)
ptolemy.util.test.WatchDog.cancel(): canceling Sat Feb 16 03:34:57 UTC 2019
------------------ testing $PTII/ptolemy/domains/de/test/auto/PortParameterUpdates.xml
auto.tcl: Setting watchdog for 200 seconds at Sat Feb 16 03:34:57 UTC 2019
5 ms. Memory: 1065472K Free: 1040241K (98%)
ptolemy.util.test.WatchDog.cancel(): canceling Sat Feb 16 03:34:57 UTC 2019
auto.tcl: Setting watchdog for 200 seconds at Sat Feb 16 03:34:57 UTC 2019
3 ms. Memory: 1065472K Free: 1040241K (98%)
ptolemy.util.test.WatchDog.cancel(): canceling Sat Feb 16 03:34:57 UTC 2019
------------------ testing $PTII/ptolemy/domains/de/test/auto/QueueAndServer.xml
auto.tcl: Setting watchdog for 200 seconds at Sat Feb 16 03:34:57 UTC 2019
18 ms. Memory: 1065472K Free: 1039064K (98%)
ptolemy.util.test.WatchDog.cancel(): canceling Sat Feb 16 03:34:57 UTC 2019
auto.tcl: Setting watchdog for 200 seconds at Sat Feb 16 03:34:57 UTC 2019
4 ms. Memory: 1065472K Free: 1039064K (98%)
ptolemy.util.test.WatchDog.cancel(): canceling Sat Feb 16 03:34:57 UTC 2019
------------------ testing $PTII/ptolemy/domains/de/test/auto/Records.xml
auto.tcl: Setting watchdog for 200 seconds at Sat Feb 16 03:34:57 UTC 2019
7 ms. Memory: 1065472K Free: 1039007K (98%)
ptolemy.util.test.WatchDog.cancel(): canceling Sat Feb 16 03:34:57 UTC 2019
auto.tcl: Setting watchdog for 200 seconds at Sat Feb 16 03:34:57 UTC 2019
2 ms. Memory: 1065472K Free: 1039007K (98%)
ptolemy.util.test.WatchDog.cancel(): canceling Sat Feb 16 03:34:57 UTC 2019
------------------ testing $PTII/ptolemy/domains/de/test/auto/ResetTransitionWithStartTime1.xml
auto.tcl: Setting watchdog for 200 seconds at Sat Feb 16 03:34:57 UTC 2019
11 ms. Memory: 1065472K Free: 1040170K (98%)
ptolemy.util.test.WatchDog.cancel(): canceling Sat Feb 16 03:34:57 UTC 2019
auto.tcl: Setting watchdog for 200 seconds at Sat Feb 16 03:34:57 UTC 2019
7 ms. Memory: 1065472K Free: 1040170K (98%)
ptolemy.util.test.WatchDog.cancel(): canceling Sat Feb 16 03:34:57 UTC 2019
------------------ testing $PTII/ptolemy/domains/de/test/auto/ResetTransitionWithStartTime2.xml
auto.tcl: Setting watchdog for 200 seconds at Sat Feb 16 03:34:57 UTC 2019
4 ms. Memory: 1064448K Free: 1039138K (98%)
ptolemy.util.test.WatchDog.cancel(): canceling Sat Feb 16 03:34:57 UTC 2019
auto.tcl: Setting watchdog for 200 seconds at Sat Feb 16 03:34:57 UTC 2019
9 ms. Memory: 1064448K Free: 1039138K (98%)
ptolemy.util.test.WatchDog.cancel(): canceling Sat Feb 16 03:34:57 UTC 2019
------------------ testing $PTII/ptolemy/domains/de/test/auto/ResetTransitionWithStartTime3.xml
auto.tcl: Setting watchdog for 200 seconds at Sat Feb 16 03:34:57 UTC 2019
7 ms. Memory: 1064960K Free: 1038509K (98%)
ptolemy.util.test.WatchDog.cancel(): canceling Sat Feb 16 03:34:57 UTC 2019
auto.tcl: Setting watchdog for 200 seconds at Sat Feb 16 03:34:57 UTC 2019
6 ms. Memory: 1064960K Free: 1038509K (98%)
ptolemy.util.test.WatchDog.cancel(): canceling Sat Feb 16 03:34:57 UTC 2019
------------------ testing $PTII/ptolemy/domains/de/test/auto/ResetTransitionWithStartTime4.xml
auto.tcl: Setting watchdog for 200 seconds at Sat Feb 16 03:34:57 UTC 2019
3 ms. Memory: 1064960K Free: 1038508K (98%)
ptolemy.util.test.WatchDog.cancel(): canceling Sat Feb 16 03:34:57 UTC 2019
auto.tcl: Setting watchdog for 200 seconds at Sat Feb 16 03:34:57 UTC 2019
4 ms. Memory: 1064960K Free: 1038508K (98%)
ptolemy.util.test.WatchDog.cancel(): canceling Sat Feb 16 03:34:57 UTC 2019
------------------ testing $PTII/ptolemy/domains/de/test/auto/ResettableTimer1.xml
auto.tcl: Setting watchdog for 200 seconds at Sat Feb 16 03:34:57 UTC 2019
3 ms. Memory: 1064960K Free: 1038504K (98%)
ptolemy.util.test.WatchDog.cancel(): canceling Sat Feb 16 03:34:57 UTC 2019
auto.tcl: Setting watchdog for 200 seconds at Sat Feb 16 03:34:57 UTC 2019
2 ms. Memory: 1064960K Free: 1038504K (98%)
ptolemy.util.test.WatchDog.cancel(): canceling Sat Feb 16 03:34:57 UTC 2019
------------------ testing $PTII/ptolemy/domains/de/test/auto/ResettableTimer2.xml
auto.tcl: Setting watchdog for 200 seconds at Sat Feb 16 03:34:57 UTC 2019
2 ms. Memory: 1064960K Free: 1039701K (98%)
ptolemy.util.test.WatchDog.cancel(): canceling Sat Feb 16 03:34:57 UTC 2019
auto.tcl: Setting watchdog for 200 seconds at Sat Feb 16 03:34:57 UTC 2019
2 ms. Memory: 1064960K Free: 1039701K (98%)
ptolemy.util.test.WatchDog.cancel(): canceling Sat Feb 16 03:34:57 UTC 2019
------------------ testing $PTII/ptolemy/domains/de/test/auto/ResettableTimer3.xml
auto.tcl: Setting watchdog for 200 seconds at Sat Feb 16 03:34:57 UTC 2019
1 ms. Memory: 1064960K Free: 1038561K (98%)
ptolemy.util.test.WatchDog.cancel(): canceling Sat Feb 16 03:34:57 UTC 2019
auto.tcl: Setting watchdog for 200 seconds at Sat Feb 16 03:34:57 UTC 2019
1 ms. Memory: 1064960K Free: 1038561K (98%)
ptolemy.util.test.WatchDog.cancel(): canceling Sat Feb 16 03:34:57 UTC 2019
------------------ testing $PTII/ptolemy/domains/de/test/auto/ResettableTimer4.xml
auto.tcl: Setting watchdog for 200 seconds at Sat Feb 16 03:34:57 UTC 2019
1 ms. Memory: 1063936K Free: 1038690K (98%)
ptolemy.util.test.WatchDog.cancel(): canceling Sat Feb 16 03:34:57 UTC 2019
auto.tcl: Setting watchdog for 200 seconds at Sat Feb 16 03:34:57 UTC 2019
1 ms. Memory: 1063936K Free: 1038690K (98%)
ptolemy.util.test.WatchDog.cancel(): canceling Sat Feb 16 03:34:57 UTC 2019
------------------ testing $PTII/ptolemy/domains/de/test/auto/ResettableTimer5.xml
auto.tcl: Setting watchdog for 200 seconds at Sat Feb 16 03:34:57 UTC 2019
3 ms. Memory: 1064448K Free: 1028240K (97%)
ptolemy.util.test.WatchDog.cancel(): canceling Sat Feb 16 03:34:57 UTC 2019
auto.tcl: Setting watchdog for 200 seconds at Sat Feb 16 03:34:57 UTC 2019
1 ms. Memory: 1064448K Free: 1028240K (97%)
ptolemy.util.test.WatchDog.cancel(): canceling Sat Feb 16 03:34:57 UTC 2019
------------------ testing $PTII/ptolemy/domains/de/test/auto/ResettableTimer6.xml
auto.tcl: Setting watchdog for 200 seconds at Sat Feb 16 03:34:57 UTC 2019
2 ms. Memory: 1064448K Free: 1038010K (98%)
ptolemy.util.test.WatchDog.cancel(): canceling Sat Feb 16 03:34:57 UTC 2019
auto.tcl: Setting watchdog for 200 seconds at Sat Feb 16 03:34:57 UTC 2019
1 ms. Memory: 1064448K Free: 1038010K (98%)
ptolemy.util.test.WatchDog.cancel(): canceling Sat Feb 16 03:34:57 UTC 2019
------------------ testing $PTII/ptolemy/domains/de/test/auto/ServerZeroDelay.xml
auto.tcl: Setting watchdog for 200 seconds at Sat Feb 16 03:34:58 UTC 2019
4 ms. Memory: 1064448K Free: 1019499K (96%)
ptolemy.util.test.WatchDog.cancel(): canceling Sat Feb 16 03:34:58 UTC 2019
auto.tcl: Setting watchdog for 200 seconds at Sat Feb 16 03:34:58 UTC 2019
2 ms. Memory: 1064448K Free: 1019499K (96%)
ptolemy.util.test.WatchDog.cancel(): canceling Sat Feb 16 03:34:58 UTC 2019
------------------ testing $PTII/ptolemy/domains/de/test/auto/SmartSender.xml
auto.tcl: Setting watchdog for 200 seconds at Sat Feb 16 03:34:58 UTC 2019
3001 ms. Memory: 1064448K Free: 1039135K (98%)
ptolemy.util.test.WatchDog.cancel(): canceling Sat Feb 16 03:35:01 UTC 2019
auto.tcl: Setting watchdog for 200 seconds at Sat Feb 16 03:35:01 UTC 2019
3003 ms. Memory: 1064448K Free: 1039135K (98%)
ptolemy.util.test.WatchDog.cancel(): canceling Sat Feb 16 03:35:04 UTC 2019
------------------ testing $PTII/ptolemy/domains/de/test/auto/ThreadedComposite.xml
auto.tcl: Setting watchdog for 200 seconds at Sat Feb 16 03:35:04 UTC 2019
191 ms. Memory: 1064448K Free: 1017324K (96%)
ptolemy.util.test.WatchDog.cancel(): canceling Sat Feb 16 03:35:04 UTC 2019
auto.tcl: Setting watchdog for 200 seconds at Sat Feb 16 03:35:04 UTC 2019
140 ms. Memory: 1064448K Free: 1007504K (95%)
ptolemy.util.test.WatchDog.cancel(): canceling Sat Feb 16 03:35:04 UTC 2019
------------------ testing $PTII/ptolemy/domains/de/test/auto/Time.xml
auto.tcl: Setting watchdog for 200 seconds at Sat Feb 16 03:35:04 UTC 2019
487 ms. Memory: 1064448K Free: 988619K (93%)
ptolemy.util.test.WatchDog.cancel(): canceling Sat Feb 16 03:35:05 UTC 2019
auto.tcl: Setting watchdog for 200 seconds at Sat Feb 16 03:35:05 UTC 2019
474 ms. Memory: 1064448K Free: 934296K (88%)
ptolemy.util.test.WatchDog.cancel(): canceling Sat Feb 16 03:35:05 UTC 2019
------------------ testing $PTII/ptolemy/domains/de/test/auto/TimeDelayZeroDelay.xml
auto.tcl: Setting watchdog for 200 seconds at Sat Feb 16 03:35:05 UTC 2019
2 ms. Memory: 1064448K Free: 1037917K (98%)
ptolemy.util.test.WatchDog.cancel(): canceling Sat Feb 16 03:35:05 UTC 2019
auto.tcl: Setting watchdog for 200 seconds at Sat Feb 16 03:35:05 UTC 2019
2 ms. Memory: 1064448K Free: 1037917K (98%)
ptolemy.util.test.WatchDog.cancel(): canceling Sat Feb 16 03:35:05 UTC 2019
------------------ testing $PTII/ptolemy/domains/de/test/auto/TimerZeroDelay.xml
auto.tcl: Setting watchdog for 200 seconds at Sat Feb 16 03:35:05 UTC 2019
3 ms. Memory: 1063424K Free: 1038077K (98%)
ptolemy.util.test.WatchDog.cancel(): canceling Sat Feb 16 03:35:05 UTC 2019
auto.tcl: Setting watchdog for 200 seconds at Sat Feb 16 03:35:05 UTC 2019
2 ms. Memory: 1063424K Free: 1038077K (98%)
ptolemy.util.test.WatchDog.cancel(): canceling Sat Feb 16 03:35:05 UTC 2019
------------------ testing $PTII/ptolemy/domains/de/test/auto/TimingParadox.xml
auto.tcl: Setting watchdog for 200 seconds at Sat Feb 16 03:35:05 UTC 2019
339 ms. Memory: 1063936K Free: 975371K (92%)
ptolemy.util.test.WatchDog.cancel(): canceling Sat Feb 16 03:35:06 UTC 2019
auto.tcl: Setting watchdog for 200 seconds at Sat Feb 16 03:35:06 UTC 2019
319 ms. Memory: 1063936K Free: 942777K (89%)
ptolemy.util.test.WatchDog.cancel(): canceling Sat Feb 16 03:35:06 UTC 2019
------------------ testing $PTII/ptolemy/domains/de/test/auto/TransferInputs.xml
auto.tcl: Setting watchdog for 200 seconds at Sat Feb 16 03:35:06 UTC 2019
2 ms. Memory: 1063424K Free: 1037049K (98%)
ptolemy.util.test.WatchDog.cancel(): canceling Sat Feb 16 03:35:06 UTC 2019
auto.tcl: Setting watchdog for 200 seconds at Sat Feb 16 03:35:06 UTC 2019
2 ms. Memory: 1063424K Free: 1037049K (98%)
ptolemy.util.test.WatchDog.cancel(): canceling Sat Feb 16 03:35:06 UTC 2019
------------------ testing $PTII/ptolemy/domains/de/test/auto/TransferOutputs2.xml
auto.tcl: Setting watchdog for 200 seconds at Sat Feb 16 03:35:06 UTC 2019
3 ms. Memory: 1063936K Free: 1038662K (98%)
ptolemy.util.test.WatchDog.cancel(): canceling Sat Feb 16 03:35:06 UTC 2019
auto.tcl: Setting watchdog for 200 seconds at Sat Feb 16 03:35:06 UTC 2019
3 ms. Memory: 1063936K Free: 1038662K (98%)
ptolemy.util.test.WatchDog.cancel(): canceling Sat Feb 16 03:35:06 UTC 2019
------------------ testing $PTII/ptolemy/domains/de/test/auto/Trilateration.xml
auto.tcl: Setting watchdog for 200 seconds at Sat Feb 16 03:35:06 UTC 2019
14644 ms. Memory: 976384K Free: 910333K (93%)
ptolemy.util.test.WatchDog.cancel(): canceling Sat Feb 16 03:35:22 UTC 2019
auto.tcl: Setting watchdog for 200 seconds at Sat Feb 16 03:35:22 UTC 2019
11199 ms. Memory: 849408K Free: 740504K (87%)
ptolemy.util.test.WatchDog.cancel(): canceling Sat Feb 16 03:35:33 UTC 2019
------------------ testing $PTII/ptolemy/domains/de/test/auto/TwoSigmaDelta.xml
auto.tcl: Setting watchdog for 200 seconds at Sat Feb 16 03:35:33 UTC 2019
2602 ms. Memory: 853504K Free: 534036K (63%)
ptolemy.util.test.WatchDog.cancel(): canceling Sat Feb 16 03:35:36 UTC 2019
auto.tcl: Setting watchdog for 200 seconds at Sat Feb 16 03:35:36 UTC 2019
2215 ms. Memory: 853504K Free: 298531K (35%)
ptolemy.util.test.WatchDog.cancel(): canceling Sat Feb 16 03:35:38 UTC 2019
------------------ testing $PTII/ptolemy/domains/de/test/auto/VariableDelay.xml
auto.tcl: Setting watchdog for 200 seconds at Sat Feb 16 03:35:38 UTC 2019
2 ms. Memory: 849920K Free: 826011K (97%)
ptolemy.util.test.WatchDog.cancel(): canceling Sat Feb 16 03:35:38 UTC 2019
auto.tcl: Setting watchdog for 200 seconds at Sat Feb 16 03:35:38 UTC 2019
1 ms. Memory: 849920K Free: 826011K (97%)
ptolemy.util.test.WatchDog.cancel(): canceling Sat Feb 16 03:35:38 UTC 2019
------------------ testing $PTII/ptolemy/domains/de/test/auto/VariableDelay2.xml
auto.tcl: Setting watchdog for 200 seconds at Sat Feb 16 03:35:38 UTC 2019
2 ms. Memory: 849408K Free: 825912K (97%)
ptolemy.util.test.WatchDog.cancel(): canceling Sat Feb 16 03:35:38 UTC 2019
auto.tcl: Setting watchdog for 200 seconds at Sat Feb 16 03:35:38 UTC 2019
1 ms. Memory: 849408K Free: 825912K (97%)
ptolemy.util.test.WatchDog.cancel(): canceling Sat Feb 16 03:35:38 UTC 2019
------------------ testing $PTII/ptolemy/domains/de/test/auto/VariableDelayZeroDelay.xml
auto.tcl: Setting watchdog for 200 seconds at Sat Feb 16 03:35:38 UTC 2019
2 ms. Memory: 849408K Free: 826013K (97%)
ptolemy.util.test.WatchDog.cancel(): canceling Sat Feb 16 03:35:38 UTC 2019
auto.tcl: Setting watchdog for 200 seconds at Sat Feb 16 03:35:38 UTC 2019
1 ms. Memory: 849408K Free: 826013K (97%)
ptolemy.util.test.WatchDog.cancel(): canceling Sat Feb 16 03:35:38 UTC 2019
------------------ testing $PTII/ptolemy/domains/de/test/auto/VariableDelayZeroDelay2.xml
auto.tcl: Setting watchdog for 200 seconds at Sat Feb 16 03:35:38 UTC 2019
2 ms. Memory: 852992K Free: 829595K (97%)
ptolemy.util.test.WatchDog.cancel(): canceling Sat Feb 16 03:35:38 UTC 2019
auto.tcl: Setting watchdog for 200 seconds at Sat Feb 16 03:35:38 UTC 2019
2 ms. Memory: 852992K Free: 829595K (97%)
ptolemy.util.test.WatchDog.cancel(): canceling Sat Feb 16 03:35:38 UTC 2019
------------------ testing $PTII/ptolemy/domains/de/test/auto/deInCt.xml
auto.tcl: Setting watchdog for 200 seconds at Sat Feb 16 03:35:38 UTC 2019
0
1
1
1
1
0
0
0
0
1
1
1
0
0
0
0
1
1
1
0
0
0
1
1
1
0
0
0
0
0
1
1
1
0
0
0
1
1
1
0
0
0
1
1
0
0
0
1
1
1
1
10 ms. Memory: 849408K Free: 818225K (96%)
ptolemy.util.test.WatchDog.cancel(): canceling Sat Feb 16 03:35:38 UTC 2019
auto.tcl: Setting watchdog for 200 seconds at Sat Feb 16 03:35:38 UTC 2019
0
1
1
1
1
1
0
0
0
1
1
0
0
0
1
1
1
0
0
0
0
1
1
1
1
1
0
0
0
1
1
1
0
0
0
0
5 ms. Memory: 849408K Free: 818225K (96%)
ptolemy.util.test.WatchDog.cancel(): canceling Sat Feb 16 03:35:38 UTC 2019
------------------ testing $PTII/ptolemy/domains/de/test/auto/deInCt2.xml
auto.tcl: Setting watchdog for 200 seconds at Sat Feb 16 03:35:38 UTC 2019
0
1
1
1
0
0
1
1
1
0
0
1
1
1
0
0
1
1
1
0
0
1
1
1
0
0
1
1
1
0
0
1
1
1
0
0
1
1
1
0
0
0
9 ms. Memory: 852480K Free: 828976K (97%)
ptolemy.util.test.WatchDog.cancel(): canceling Sat Feb 16 03:35:38 UTC 2019
auto.tcl: Setting watchdog for 200 seconds at Sat Feb 16 03:35:38 UTC 2019
0
1
1
1
0
0
1
1
1
0
0
1
1
1
0
0
1
1
1
0
0
1
1
1
0
0
1
1
1
0
0
1
1
1
0
0
1
1
1
0
0
0
8 ms. Memory: 852480K Free: 828976K (97%)
ptolemy.util.test.WatchDog.cancel(): canceling Sat Feb 16 03:35:38 UTC 2019
------------------ testing $PTII/ptolemy/domains/de/test/auto/dynamicCausalityInterface1.xml
auto.tcl: Setting watchdog for 200 seconds at Sat Feb 16 03:35:38 UTC 2019
1 ms. Memory: 849408K Free: 826003K (97%)
ptolemy.util.test.WatchDog.cancel(): canceling Sat Feb 16 03:35:38 UTC 2019
auto.tcl: Setting watchdog for 200 seconds at Sat Feb 16 03:35:38 UTC 2019
1 ms. Memory: 849408K Free: 826003K (97%)
ptolemy.util.test.WatchDog.cancel(): canceling Sat Feb 16 03:35:38 UTC 2019
------------------ testing $PTII/ptolemy/domains/de/test/auto/fsm_de_test.xml
auto.tcl: Setting watchdog for 200 seconds at Sat Feb 16 03:35:38 UTC 2019
12 ms. Memory: 851968K Free: 820778K (96%)
ptolemy.util.test.WatchDog.cancel(): canceling Sat Feb 16 03:35:38 UTC 2019
auto.tcl: Setting watchdog for 200 seconds at Sat Feb 16 03:35:38 UTC 2019
6 ms. Memory: 851968K Free: 820778K (96%)
ptolemy.util.test.WatchDog.cancel(): canceling Sat Feb 16 03:35:38 UTC 2019
------------------ testing $PTII/ptolemy/domains/de/test/auto/functionDependencyReconstruction.xml
auto.tcl: Setting watchdog for 200 seconds at Sat Feb 16 03:35:39 UTC 2019
3 ms. Memory: 849408K Free: 807206K (95%)
ptolemy.util.test.WatchDog.cancel(): canceling Sat Feb 16 03:35:39 UTC 2019
auto.tcl: Setting watchdog for 200 seconds at Sat Feb 16 03:35:39 UTC 2019
2 ms. Memory: 849408K Free: 807206K (95%)
ptolemy.util.test.WatchDog.cancel(): canceling Sat Feb 16 03:35:39 UTC 2019
------------------ testing $PTII/ptolemy/domains/de/test/auto/multirate.xml
auto.tcl: Setting watchdog for 200 seconds at Sat Feb 16 03:35:39 UTC 2019
3 ms. Memory: 851456K Free: 820132K (96%)
ptolemy.util.test.WatchDog.cancel(): canceling Sat Feb 16 03:35:39 UTC 2019
auto.tcl: Setting watchdog for 200 seconds at Sat Feb 16 03:35:39 UTC 2019
3 ms. Memory: 851456K Free: 820132K (96%)
ptolemy.util.test.WatchDog.cancel(): canceling Sat Feb 16 03:35:39 UTC 2019
------------------ testing $PTII/ptolemy/domains/de/test/auto/multirate2.xml
auto.tcl: Setting watchdog for 200 seconds at Sat Feb 16 03:35:39 UTC 2019
2 ms. Memory: 849408K Free: 818273K (96%)
ptolemy.util.test.WatchDog.cancel(): canceling Sat Feb 16 03:35:39 UTC 2019
auto.tcl: Setting watchdog for 200 seconds at Sat Feb 16 03:35:39 UTC 2019
3 ms. Memory: 849408K Free: 818273K (96%)
ptolemy.util.test.WatchDog.cancel(): canceling Sat Feb 16 03:35:39 UTC 2019
------------------ testing $PTII/ptolemy/domains/de/test/auto/realtime.xml
auto.tcl: Setting watchdog for 200 seconds at Sat Feb 16 03:35:39 UTC 2019
10001 ms. Memory: 851456K Free: 820216K (96%)
ptolemy.util.test.WatchDog.cancel(): canceling Sat Feb 16 03:35:49 UTC 2019
auto.tcl: Setting watchdog for 200 seconds at Sat Feb 16 03:35:49 UTC 2019
10001 ms. Memory: 851456K Free: 820216K (96%)
ptolemy.util.test.WatchDog.cancel(): canceling Sat Feb 16 03:35:59 UTC 2019
------------------ testing $PTII/ptolemy/domains/de/test/auto/relationGroup.xml
auto.tcl: Setting watchdog for 200 seconds at Sat Feb 16 03:35:59 UTC 2019
2 ms. Memory: 849408K Free: 818297K (96%)
ptolemy.util.test.WatchDog.cancel(): canceling Sat Feb 16 03:35:59 UTC 2019
auto.tcl: Setting watchdog for 200 seconds at Sat Feb 16 03:35:59 UTC 2019
3 ms. Memory: 849408K Free: 818297K (96%)
ptolemy.util.test.WatchDog.cancel(): canceling Sat Feb 16 03:35:59 UTC 2019
------------------ testing $PTII/ptolemy/domains/de/test/auto/relationGroup2.xml
auto.tcl: Setting watchdog for 200 seconds at Sat Feb 16 03:35:59 UTC 2019
2 ms. Memory: 850944K Free: 819859K (96%)
ptolemy.util.test.WatchDog.cancel(): canceling Sat Feb 16 03:35:59 UTC 2019
auto.tcl: Setting watchdog for 200 seconds at Sat Feb 16 03:35:59 UTC 2019
1 ms. Memory: 850944K Free: 819859K (96%)
ptolemy.util.test.WatchDog.cancel(): canceling Sat Feb 16 03:35:59 UTC 2019
------------------ testing $PTII/ptolemy/domains/de/test/auto/sortWithOpaquePorts.xml
auto.tcl: Setting watchdog for 200 seconds at Sat Feb 16 03:35:59 UTC 2019
2 ms. Memory: 849408K Free: 818324K (96%)
ptolemy.util.test.WatchDog.cancel(): canceling Sat Feb 16 03:35:59 UTC 2019
auto.tcl: Setting watchdog for 200 seconds at Sat Feb 16 03:35:59 UTC 2019
1 ms. Memory: 849408K Free: 818324K (96%)
ptolemy.util.test.WatchDog.cancel(): canceling Sat Feb 16 03:35:59 UTC 2019
------------------ testing $PTII/ptolemy/domains/de/test/auto/transferInputsandOutputs.xml
auto.tcl: Setting watchdog for 200 seconds at Sat Feb 16 03:35:59 UTC 2019
2 ms. Memory: 850944K Free: 819847K (96%)
ptolemy.util.test.WatchDog.cancel(): canceling Sat Feb 16 03:35:59 UTC 2019
auto.tcl: Setting watchdog for 200 seconds at Sat Feb 16 03:35:59 UTC 2019
2 ms. Memory: 850944K Free: 819847K (96%)
ptolemy.util.test.WatchDog.cancel(): canceling Sat Feb 16 03:35:59 UTC 2019
------------------ testing $PTII/ptolemy/domains/de/test/auto/triggerType.xml
auto.tcl: Setting watchdog for 200 seconds at Sat Feb 16 03:35:59 UTC 2019
1 ms. Memory: 849408K Free: 818262K (96%)
ptolemy.util.test.WatchDog.cancel(): canceling Sat Feb 16 03:35:59 UTC 2019
auto.tcl: Setting watchdog for 200 seconds at Sat Feb 16 03:35:59 UTC 2019
1 ms. Memory: 849408K Free: 818262K (96%)
ptolemy.util.test.WatchDog.cancel(): canceling Sat Feb 16 03:35:59 UTC 2019
02/16/19 03:35:59
Failed: 0  Total Tests: 192  ((Passed: 187, Newly Passed: 1)  Known Failed: 5) /home/travis/build/icyphy/ptII/ptolemy/domains/de/test
02/16/19 03:35:59
Failed: 0  Total Tests: 192  ((Passed: 187, Newly Passed: 1)  Known Failed: 5) /home/travis/build/icyphy/ptII/ptolemy/domains/de/test
----------------- testing (KnownFailure) /home/travis/build/icyphy/ptII/ptolemy/domains/de/test/auto/knownFailedTests/DESDFClockTest.xml
2009 ms. Memory: 850432K Free: 803876K (95%)
Known Failure: java.lang.reflect.InvocationTargetException
----------------- testing (KnownFailure) /home/travis/build/icyphy/ptII/ptolemy/domains/de/test/auto/knownFailedTests/DirectFeedback.xml
1 ms. Memory: 850432K Free: 742436K (87%)
Known Failure: java.lang.reflect.InvocationTargetException
----------------- testing (KnownFailure) /home/travis/build/icyphy/ptII/ptolemy/domains/de/test/auto/knownFailedTests/FSMSource.xml
6 ms. Memory: 850432K Free: 680995K (80%)
----------------- testing (KnownFailure) /home/travis/build/icyphy/ptII/ptolemy/domains/de/test/auto/knownFailedTests/HierarchicalModel.xml
9 ms. Memory: 850432K Free: 634899K (75%)
Known Failure: java.lang.reflect.InvocationTargetException
----------------- testing (KnownFailure) /home/travis/build/icyphy/ptII/ptolemy/domains/de/test/auto/knownFailedTests/dependencyLoop.xml
2 ms. Memory: 850432K Free: 573459K (67%)
Known Failure: java.lang.reflect.InvocationTargetException
----------------- testing (KnownFailure) /home/travis/build/icyphy/ptII/ptolemy/domains/de/test/auto/knownFailedTests/dependencyLoop2.xml
2 ms. Memory: 850432K Free: 512019K (60%)
Known Failure: java.lang.reflect.InvocationTargetException
No auto/linux-amd64/*.xml tests in /home/travis/build/icyphy/ptII/ptolemy/domains/de/test
AutoTests.java: About to close Vertx.
AutoTests.java: Vertx closed.

===========================================================================================
----------------- testing Sat Feb 16 03:36:01 UTC 2019 /home/travis/build/icyphy/ptII/ptolemy/domains/de/test/auto/ActorDepthCalculation_actorWithoutPorts.xml
----------------- Instantiating /home/travis/build/icyphy/ptII/ptolemy/domains/de/test/auto/ActorDepthCalculation_actorWithoutPorts.xml
5 ms. Memory: 850432K Free: 435218K (51%)
----------------- Invoking toplevel() on ptolemy.moml.MoMLSimpleApplication@153f8736
----------------- Done invoking toplevel() on ptolemy.moml.MoMLSimpleApplication@153f8736
reloadAllAccessors: .ActorDepthCalculation_actorWithoutPorts

===========================================================================================
----------------- testing Sat Feb 16 03:36:01 UTC 2019 /home/travis/build/icyphy/ptII/ptolemy/domains/de/test/auto/AssemblyLine.xml
----------------- Instantiating /home/travis/build/icyphy/ptII/ptolemy/domains/de/test/auto/AssemblyLine.xml
2 ms. Memory: 850432K Free: 404498K (48%)
----------------- Invoking toplevel() on ptolemy.moml.MoMLSimpleApplication@6d2d3c6d
----------------- Done invoking toplevel() on ptolemy.moml.MoMLSimpleApplication@6d2d3c6d
reloadAllAccessors: .AssemblyLine

===========================================================================================
----------------- testing Sat Feb 16 03:36:01 UTC 2019 /home/travis/build/icyphy/ptII/ptolemy/domains/de/test/auto/CQBug1.xml
----------------- Instantiating /home/travis/build/icyphy/ptII/ptolemy/domains/de/test/auto/CQBug1.xml
1 ms. Memory: 850432K Free: 373778K (44%)
----------------- Invoking toplevel() on ptolemy.moml.MoMLSimpleApplication@2206f090
----------------- Done invoking toplevel() on ptolemy.moml.MoMLSimpleApplication@2206f090
reloadAllAccessors: .CQBug1

===========================================================================================
----------------- testing Sat Feb 16 03:36:01 UTC 2019 /home/travis/build/icyphy/ptII/ptolemy/domains/de/test/auto/CancelFireAt.xml
----------------- Instantiating /home/travis/build/icyphy/ptII/ptolemy/domains/de/test/auto/CancelFireAt.xml
0 ms. Memory: 850432K Free: 343058K (40%)
----------------- Invoking toplevel() on ptolemy.moml.MoMLSimpleApplication@3156330c
----------------- Done invoking toplevel() on ptolemy.moml.MoMLSimpleApplication@3156330c
reloadAllAccessors: .CancelFireAt

===========================================================================================
----------------- testing Sat Feb 16 03:36:01 UTC 2019 /home/travis/build/icyphy/ptII/ptolemy/domains/de/test/auto/CausalityAndComposabilityAnalysis.xml
----------------- Instantiating /home/travis/build/icyphy/ptII/ptolemy/domains/de/test/auto/CausalityAndComposabilityAnalysis.xml
1 ms. Memory: 850432K Free: 312338K (37%)
----------------- Invoking toplevel() on ptolemy.moml.MoMLSimpleApplication@2589f528
----------------- Done invoking toplevel() on ptolemy.moml.MoMLSimpleApplication@2589f528
reloadAllAccessors: .CausalityAndComposabilityAnalysis

===========================================================================================
----------------- testing Sat Feb 16 03:36:01 UTC 2019 /home/travis/build/icyphy/ptII/ptolemy/domains/de/test/auto/CausalityInterface1.xml
----------------- Instantiating /home/travis/build/icyphy/ptII/ptolemy/domains/de/test/auto/CausalityInterface1.xml
4 ms. Memory: 850432K Free: 281618K (33%)
----------------- Invoking toplevel() on ptolemy.moml.MoMLSimpleApplication@300ff4fb
----------------- Done invoking toplevel() on ptolemy.moml.MoMLSimpleApplication@300ff4fb
reloadAllAccessors: .CausalityInterface1

===========================================================================================
----------------- testing Sat Feb 16 03:36:01 UTC 2019 /home/travis/build/icyphy/ptII/ptolemy/domains/de/test/auto/CausalityInterface15.xml
----------------- Instantiating /home/travis/build/icyphy/ptII/ptolemy/domains/de/test/auto/CausalityInterface15.xml
1 ms. Memory: 850432K Free: 250898K (30%)
----------------- Invoking toplevel() on ptolemy.moml.MoMLSimpleApplication@45196892
----------------- Done invoking toplevel() on ptolemy.moml.MoMLSimpleApplication@45196892
reloadAllAccessors: .CausalityInterface15

===========================================================================================
----------------- testing Sat Feb 16 03:36:01 UTC 2019 /home/travis/build/icyphy/ptII/ptolemy/domains/de/test/auto/CausalityInterface2.xml
----------------- Instantiating /home/travis/build/icyphy/ptII/ptolemy/domains/de/test/auto/CausalityInterface2.xml
1 ms. Memory: 850432K Free: 220178K (26%)
----------------- Invoking toplevel() on ptolemy.moml.MoMLSimpleApplication@528abb4b
----------------- Done invoking toplevel() on ptolemy.moml.MoMLSimpleApplication@528abb4b
reloadAllAccessors: .CausalityInterface2

===========================================================================================
----------------- testing Sat Feb 16 03:36:01 UTC 2019 /home/travis/build/icyphy/ptII/ptolemy/domains/de/test/auto/CausalityInterface3.xml
----------------- Instantiating /home/travis/build/icyphy/ptII/ptolemy/domains/de/test/auto/CausalityInterface3.xml
1 ms. Memory: 850432K Free: 189458K (22%)
----------------- Invoking toplevel() on ptolemy.moml.MoMLSimpleApplication@25ccf82d
----------------- Done invoking toplevel() on ptolemy.moml.MoMLSimpleApplication@25ccf82d
reloadAllAccessors: .CausalityInterface3

===========================================================================================
----------------- testing Sat Feb 16 03:36:01 UTC 2019 /home/travis/build/icyphy/ptII/ptolemy/domains/de/test/auto/ClockDrift.xml
----------------- Instantiating /home/travis/build/icyphy/ptII/ptolemy/domains/de/test/auto/ClockDrift.xml
12 ms. Memory: 850432K Free: 158738K (19%)
----------------- Invoking toplevel() on ptolemy.moml.MoMLSimpleApplication@5c272733
----------------- Done invoking toplevel() on ptolemy.moml.MoMLSimpleApplication@5c272733
reloadAllAccessors: .ClockDrift

===========================================================================================
----------------- testing Sat Feb 16 03:36:01 UTC 2019 /home/travis/build/icyphy/ptII/ptolemy/domains/de/test/auto/ClockDriftAndValueChange.xml
----------------- Instantiating /home/travis/build/icyphy/ptII/ptolemy/domains/de/test/auto/ClockDriftAndValueChange.xml
8 ms. Memory: 850432K Free: 128018K (15%)
----------------- Invoking toplevel() on ptolemy.moml.MoMLSimpleApplication@2812e9d3
----------------- Done invoking toplevel() on ptolemy.moml.MoMLSimpleApplication@2812e9d3
reloadAllAccessors: .ClockDriftAndValueChange

===========================================================================================
----------------- testing Sat Feb 16 03:36:01 UTC 2019 /home/travis/build/icyphy/ptII/ptolemy/domains/de/test/auto/ClockDriftChange.xml
----------------- Instantiating /home/travis/build/icyphy/ptII/ptolemy/domains/de/test/auto/ClockDriftChange.xml
10 ms. Memory: 850432K Free: 97298K (11%)
----------------- Invoking toplevel() on ptolemy.moml.MoMLSimpleApplication@5f6cfc4e
----------------- Done invoking toplevel() on ptolemy.moml.MoMLSimpleApplication@5f6cfc4e
reloadAllAccessors: .ClockDriftChange

===========================================================================================
----------------- testing Sat Feb 16 03:36:01 UTC 2019 /home/travis/build/icyphy/ptII/ptolemy/domains/de/test/auto/ComposableCausalityAnalysis.xml
----------------- Instantiating /home/travis/build/icyphy/ptII/ptolemy/domains/de/test/auto/ComposableCausalityAnalysis.xml
1 ms. Memory: 850432K Free: 77686K (9%)
----------------- Invoking toplevel() on ptolemy.moml.MoMLSimpleApplication@4c30d78e
----------------- Done invoking toplevel() on ptolemy.moml.MoMLSimpleApplication@4c30d78e
reloadAllAccessors: .ComposableCausalityAnalysis

===========================================================================================
----------------- testing Sat Feb 16 03:36:01 UTC 2019 /home/travis/build/icyphy/ptII/ptolemy/domains/de/test/auto/DEFixedPointLimitation.xml
----------------- Instantiating /home/travis/build/icyphy/ptII/ptolemy/domains/de/test/auto/DEFixedPointLimitation.xml
1 ms. Memory: 812544K Free: 778264K (96%)
----------------- Invoking toplevel() on ptolemy.moml.MoMLSimpleApplication@1eaf135b
----------------- Done invoking toplevel() on ptolemy.moml.MoMLSimpleApplication@1eaf135b
reloadAllAccessors: .DEFixedPointLimitation

===========================================================================================
----------------- testing Sat Feb 16 03:36:01 UTC 2019 /home/travis/build/icyphy/ptII/ptolemy/domains/de/test/auto/DEScheduleTest.xml
----------------- Instantiating /home/travis/build/icyphy/ptII/ptolemy/domains/de/test/auto/DEScheduleTest.xml
1 ms. Memory: 812544K Free: 742220K (91%)
----------------- Invoking toplevel() on ptolemy.moml.MoMLSimpleApplication@4dc5f037
----------------- Done invoking toplevel() on ptolemy.moml.MoMLSimpleApplication@4dc5f037
reloadAllAccessors: .DEScheduleTest

===========================================================================================
----------------- testing Sat Feb 16 03:36:02 UTC 2019 /home/travis/build/icyphy/ptII/ptolemy/domains/de/test/auto/DEinDEwithStartTimes.xml
----------------- Instantiating /home/travis/build/icyphy/ptII/ptolemy/domains/de/test/auto/DEinDEwithStartTimes.xml
1 ms. Memory: 812544K Free: 712974K (88%)
----------------- Invoking toplevel() on ptolemy.moml.MoMLSimpleApplication@51de8f4d
----------------- Done invoking toplevel() on ptolemy.moml.MoMLSimpleApplication@51de8f4d
reloadAllAccessors: .DEinDEwithStartTimes

===========================================================================================
----------------- testing Sat Feb 16 03:36:02 UTC 2019 /home/travis/build/icyphy/ptII/ptolemy/domains/de/test/auto/DEinDEwithStartTimes2.xml
----------------- Instantiating /home/travis/build/icyphy/ptII/ptolemy/domains/de/test/auto/DEinDEwithStartTimes2.xml
3 ms. Memory: 812544K Free: 683665K (84%)
----------------- Invoking toplevel() on ptolemy.moml.MoMLSimpleApplication@2a09f5f6
----------------- Done invoking toplevel() on ptolemy.moml.MoMLSimpleApplication@2a09f5f6
reloadAllAccessors: .DEinDEwithStartTimes2

===========================================================================================
----------------- testing Sat Feb 16 03:36:02 UTC 2019 /home/travis/build/icyphy/ptII/ptolemy/domains/de/test/auto/DateDemo.xml
----------------- Instantiating /home/travis/build/icyphy/ptII/ptolemy/domains/de/test/auto/DateDemo.xml
4 ms. Memory: 812544K Free: 654419K (81%)
----------------- Invoking toplevel() on ptolemy.moml.MoMLSimpleApplication@3bd1c51
----------------- Done invoking toplevel() on ptolemy.moml.MoMLSimpleApplication@3bd1c51
reloadAllAccessors: .DateDemo

===========================================================================================
----------------- testing Sat Feb 16 03:36:02 UTC 2019 /home/travis/build/icyphy/ptII/ptolemy/domains/de/test/auto/DateToEvent.xml
----------------- Instantiating /home/travis/build/icyphy/ptII/ptolemy/domains/de/test/auto/DateToEvent.xml
2005 ms. Memory: 812544K Free: 610535K (75%)
----------------- Invoking toplevel() on ptolemy.moml.MoMLSimpleApplication@438c67de
----------------- Done invoking toplevel() on ptolemy.moml.MoMLSimpleApplication@438c67de
reloadAllAccessors: .DateToEvent

===========================================================================================
----------------- testing Sat Feb 16 03:36:04 UTC 2019 /home/travis/build/icyphy/ptII/ptolemy/domains/de/test/auto/DepthTest1.xml
----------------- Instantiating /home/travis/build/icyphy/ptII/ptolemy/domains/de/test/auto/DepthTest1.xml
1 ms. Memory: 812544K Free: 581289K (72%)
----------------- Invoking toplevel() on ptolemy.moml.MoMLSimpleApplication@6ce564f8
----------------- Done invoking toplevel() on ptolemy.moml.MoMLSimpleApplication@6ce564f8
reloadAllAccessors: .DepthTest1

===========================================================================================
----------------- testing Sat Feb 16 03:36:04 UTC 2019 /home/travis/build/icyphy/ptII/ptolemy/domains/de/test/auto/DepthTest2.xml
----------------- Instantiating /home/travis/build/icyphy/ptII/ptolemy/domains/de/test/auto/DepthTest2.xml
1 ms. Memory: 812544K Free: 552044K (68%)
----------------- Invoking toplevel() on ptolemy.moml.MoMLSimpleApplication@1a27dd67
----------------- Done invoking toplevel() on ptolemy.moml.MoMLSimpleApplication@1a27dd67
reloadAllAccessors: .DepthTest2

===========================================================================================
----------------- testing Sat Feb 16 03:36:04 UTC 2019 /home/travis/build/icyphy/ptII/ptolemy/domains/de/test/auto/DepthTest3.xml
----------------- Instantiating /home/travis/build/icyphy/ptII/ptolemy/domains/de/test/auto/DepthTest3.xml
1 ms. Memory: 812544K Free: 522798K (64%)
----------------- Invoking toplevel() on ptolemy.moml.MoMLSimpleApplication@31c83dcb
----------------- Done invoking toplevel() on ptolemy.moml.MoMLSimpleApplication@31c83dcb
reloadAllAccessors: .DepthTest3

===========================================================================================
----------------- testing Sat Feb 16 03:36:04 UTC 2019 /home/travis/build/icyphy/ptII/ptolemy/domains/de/test/auto/DepthTest4.xml
----------------- Instantiating /home/travis/build/icyphy/ptII/ptolemy/domains/de/test/auto/DepthTest4.xml
1 ms. Memory: 812544K Free: 493553K (61%)
----------------- Invoking toplevel() on ptolemy.moml.MoMLSimpleApplication@3efa2ca2
----------------- Done invoking toplevel() on ptolemy.moml.MoMLSimpleApplication@3efa2ca2
reloadAllAccessors: .DepthTest4

===========================================================================================
----------------- testing Sat Feb 16 03:36:04 UTC 2019 /home/travis/build/icyphy/ptII/ptolemy/domains/de/test/auto/DepthTest5.xml
----------------- Instantiating /home/travis/build/icyphy/ptII/ptolemy/domains/de/test/auto/DepthTest5.xml
2 ms. Memory: 812544K Free: 464308K (57%)
----------------- Invoking toplevel() on ptolemy.moml.MoMLSimpleApplication@73face36
----------------- Done invoking toplevel() on ptolemy.moml.MoMLSimpleApplication@73face36
reloadAllAccessors: .DepthTest5

===========================================================================================
----------------- testing Sat Feb 16 03:36:04 UTC 2019 /home/travis/build/icyphy/ptII/ptolemy/domains/de/test/auto/DepthTest6.xml
----------------- Instantiating /home/travis/build/icyphy/ptII/ptolemy/domains/de/test/auto/DepthTest6.xml
1 ms. Memory: 812544K Free: 435062K (54%)
----------------- Invoking toplevel() on ptolemy.moml.MoMLSimpleApplication@3ca401ad
----------------- Done invoking toplevel() on ptolemy.moml.MoMLSimpleApplication@3ca401ad
reloadAllAccessors: .DepthTest6

===========================================================================================
----------------- testing Sat Feb 16 03:36:04 UTC 2019 /home/travis/build/icyphy/ptII/ptolemy/domains/de/test/auto/DepthTest7.xml
----------------- Instantiating /home/travis/build/icyphy/ptII/ptolemy/domains/de/test/auto/DepthTest7.xml
1 ms. Memory: 812544K Free: 405817K (50%)
----------------- Invoking toplevel() on ptolemy.moml.MoMLSimpleApplication@459aa1a6
----------------- Done invoking toplevel() on ptolemy.moml.MoMLSimpleApplication@459aa1a6
reloadAllAccessors: .DepthTest7

===========================================================================================
----------------- testing Sat Feb 16 03:36:04 UTC 2019 /home/travis/build/icyphy/ptII/ptolemy/domains/de/test/auto/EventToDate.xml
----------------- Instantiating /home/travis/build/icyphy/ptII/ptolemy/domains/de/test/auto/EventToDate.xml
3003 ms. Memory: 812544K Free: 376571K (46%)
----------------- Invoking toplevel() on ptolemy.moml.MoMLSimpleApplication@2889917a
----------------- Done invoking toplevel() on ptolemy.moml.MoMLSimpleApplication@2889917a
reloadAllAccessors: .EventToDate

===========================================================================================
----------------- testing Sat Feb 16 03:36:07 UTC 2019 /home/travis/build/icyphy/ptII/ptolemy/domains/de/test/auto/FSM1.xml
----------------- Instantiating /home/travis/build/icyphy/ptII/ptolemy/domains/de/test/auto/FSM1.xml
8 ms. Memory: 812544K Free: 347326K (43%)
----------------- Invoking toplevel() on ptolemy.moml.MoMLSimpleApplication@3299958
----------------- Done invoking toplevel() on ptolemy.moml.MoMLSimpleApplication@3299958
reloadAllAccessors: .FSM1

===========================================================================================
----------------- testing Sat Feb 16 03:36:07 UTC 2019 /home/travis/build/icyphy/ptII/ptolemy/domains/de/test/auto/FSM7.xml
----------------- Instantiating /home/travis/build/icyphy/ptII/ptolemy/domains/de/test/auto/FSM7.xml
8 ms. Memory: 812544K Free: 311281K (38%)
----------------- Invoking toplevel() on ptolemy.moml.MoMLSimpleApplication@54df3f08
----------------- Done invoking toplevel() on ptolemy.moml.MoMLSimpleApplication@54df3f08
reloadAllAccessors: .FSM7

===========================================================================================
----------------- testing Sat Feb 16 03:36:07 UTC 2019 /home/travis/build/icyphy/ptII/ptolemy/domains/de/test/auto/Inspection.xml
----------------- Instantiating /home/travis/build/icyphy/ptII/ptolemy/domains/de/test/auto/Inspection.xml
11 ms. Memory: 812544K Free: 282036K (35%)
----------------- Invoking toplevel() on ptolemy.moml.MoMLSimpleApplication@48985250
----------------- Done invoking toplevel() on ptolemy.moml.MoMLSimpleApplication@48985250
reloadAllAccessors: .Inspection

===========================================================================================
----------------- testing Sat Feb 16 03:36:07 UTC 2019 /home/travis/build/icyphy/ptII/ptolemy/domains/de/test/auto/Iteration.xml
----------------- Instantiating /home/travis/build/icyphy/ptII/ptolemy/domains/de/test/auto/Iteration.xml
5 ms. Memory: 812544K Free: 252790K (31%)
----------------- Invoking toplevel() on ptolemy.moml.MoMLSimpleApplication@7558f2a1
----------------- Done invoking toplevel() on ptolemy.moml.MoMLSimpleApplication@7558f2a1
reloadAllAccessors: .Iteration

===========================================================================================
----------------- testing Sat Feb 16 03:36:07 UTC 2019 /home/travis/build/icyphy/ptII/ptolemy/domains/de/test/auto/LineFault.xml
----------------- Instantiating /home/travis/build/icyphy/ptII/ptolemy/domains/de/test/auto/LineFault.xml
391 ms. Memory: 812544K Free: 121153K (15%)
----------------- Invoking toplevel() on ptolemy.moml.MoMLSimpleApplication@dae815f
----------------- Done invoking toplevel() on ptolemy.moml.MoMLSimpleApplication@dae815f
reloadAllAccessors: .LineFault

===========================================================================================
----------------- testing Sat Feb 16 03:36:07 UTC 2019 /home/travis/build/icyphy/ptII/ptolemy/domains/de/test/auto/MergeModel1Add.xml
----------------- Instantiating /home/travis/build/icyphy/ptII/ptolemy/domains/de/test/auto/MergeModel1Add.xml
5 ms. Memory: 812544K Free: 77269K (10%)
----------------- Invoking toplevel() on ptolemy.moml.MoMLSimpleApplication@2158b9a0
----------------- Done invoking toplevel() on ptolemy.moml.MoMLSimpleApplication@2158b9a0
reloadAllAccessors: .MergeModel1Add

===========================================================================================
----------------- testing Sat Feb 16 03:36:07 UTC 2019 /home/travis/build/icyphy/ptII/ptolemy/domains/de/test/auto/MergeModel2Add.xml
----------------- Instantiating /home/travis/build/icyphy/ptII/ptolemy/domains/de/test/auto/MergeModel2Add.xml
5 ms. Memory: 778752K Free: 745463K (96%)
----------------- Invoking toplevel() on ptolemy.moml.MoMLSimpleApplication@5a7fd7aa
----------------- Done invoking toplevel() on ptolemy.moml.MoMLSimpleApplication@5a7fd7aa
reloadAllAccessors: .MergeModel2Add

===========================================================================================
----------------- testing Sat Feb 16 03:36:07 UTC 2019 /home/travis/build/icyphy/ptII/ptolemy/domains/de/test/auto/MergeModel3Add.xml
----------------- Instantiating /home/travis/build/icyphy/ptII/ptolemy/domains/de/test/auto/MergeModel3Add.xml
5 ms. Memory: 778752K Free: 713276K (92%)
----------------- Invoking toplevel() on ptolemy.moml.MoMLSimpleApplication@e9ddc09
----------------- Done invoking toplevel() on ptolemy.moml.MoMLSimpleApplication@e9ddc09
reloadAllAccessors: .MergeModel3Add

===========================================================================================
----------------- testing Sat Feb 16 03:36:07 UTC 2019 /home/travis/build/icyphy/ptII/ptolemy/domains/de/test/auto/MergeWithoutDiscard.xml
----------------- Instantiating /home/travis/build/icyphy/ptII/ptolemy/domains/de/test/auto/MergeWithoutDiscard.xml
1 ms. Memory: 778752K Free: 699310K (90%)
----------------- Invoking toplevel() on ptolemy.moml.MoMLSimpleApplication@44be0fcb
----------------- Done invoking toplevel() on ptolemy.moml.MoMLSimpleApplication@44be0fcb
reloadAllAccessors: .MergeWithoutDiscard

===========================================================================================
----------------- testing Sat Feb 16 03:36:07 UTC 2019 /home/travis/build/icyphy/ptII/ptolemy/domains/de/test/auto/Modal1.xml
----------------- Instantiating /home/travis/build/icyphy/ptII/ptolemy/domains/de/test/auto/Modal1.xml
6 ms. Memory: 778752K Free: 678404K (87%)
----------------- Invoking toplevel() on ptolemy.moml.MoMLSimpleApplication@207d0faa
----------------- Done invoking toplevel() on ptolemy.moml.MoMLSimpleApplication@207d0faa
reloadAllAccessors: .Modal1

===========================================================================================
----------------- testing Sat Feb 16 03:36:07 UTC 2019 /home/travis/build/icyphy/ptII/ptolemy/domains/de/test/auto/Modal2.xml
----------------- Instantiating /home/travis/build/icyphy/ptII/ptolemy/domains/de/test/auto/Modal2.xml
6 ms. Memory: 778752K Free: 657499K (84%)
----------------- Invoking toplevel() on ptolemy.moml.MoMLSimpleApplication@f8f3b17
----------------- Done invoking toplevel() on ptolemy.moml.MoMLSimpleApplication@f8f3b17
reloadAllAccessors: .Modal2

===========================================================================================
----------------- testing Sat Feb 16 03:36:07 UTC 2019 /home/travis/build/icyphy/ptII/ptolemy/domains/de/test/auto/Modal3.xml
----------------- Instantiating /home/travis/build/icyphy/ptII/ptolemy/domains/de/test/auto/Modal3.xml
6 ms. Memory: 778752K Free: 636593K (82%)
----------------- Invoking toplevel() on ptolemy.moml.MoMLSimpleApplication@11064c87
----------------- Done invoking toplevel() on ptolemy.moml.MoMLSimpleApplication@11064c87
reloadAllAccessors: .Modal3

===========================================================================================
----------------- testing Sat Feb 16 03:36:08 UTC 2019 /home/travis/build/icyphy/ptII/ptolemy/domains/de/test/auto/Modal4.xml
----------------- Instantiating /home/travis/build/icyphy/ptII/ptolemy/domains/de/test/auto/Modal4.xml
7 ms. Memory: 778752K Free: 615703K (79%)
----------------- Invoking toplevel() on ptolemy.moml.MoMLSimpleApplication@5fb3c380
----------------- Done invoking toplevel() on ptolemy.moml.MoMLSimpleApplication@5fb3c380
reloadAllAccessors: .Modal4

===========================================================================================
----------------- testing Sat Feb 16 03:36:08 UTC 2019 /home/travis/build/icyphy/ptII/ptolemy/domains/de/test/auto/Modal5.xml
----------------- Instantiating /home/travis/build/icyphy/ptII/ptolemy/domains/de/test/auto/Modal5.xml
8 ms. Memory: 778752K Free: 594814K (76%)
----------------- Invoking toplevel() on ptolemy.moml.MoMLSimpleApplication@1e7dcf47
----------------- Done invoking toplevel() on ptolemy.moml.MoMLSimpleApplication@1e7dcf47
reloadAllAccessors: .Modal5

===========================================================================================
----------------- testing Sat Feb 16 03:36:08 UTC 2019 /home/travis/build/icyphy/ptII/ptolemy/domains/de/test/auto/Modal6.xml
----------------- Instantiating /home/travis/build/icyphy/ptII/ptolemy/domains/de/test/auto/Modal6.xml
7 ms. Memory: 778752K Free: 573908K (74%)
----------------- Invoking toplevel() on ptolemy.moml.MoMLSimpleApplication@5c30abe8
----------------- Done invoking toplevel() on ptolemy.moml.MoMLSimpleApplication@5c30abe8
reloadAllAccessors: .Modal6

===========================================================================================
----------------- testing Sat Feb 16 03:36:08 UTC 2019 /home/travis/build/icyphy/ptII/ptolemy/domains/de/test/auto/Modal7.xml
----------------- Instantiating /home/travis/build/icyphy/ptII/ptolemy/domains/de/test/auto/Modal7.xml
4 ms. Memory: 778752K Free: 548716K (70%)
----------------- Invoking toplevel() on ptolemy.moml.MoMLSimpleApplication@158d0d52
----------------- Done invoking toplevel() on ptolemy.moml.MoMLSimpleApplication@158d0d52
reloadAllAccessors: .Modal7

===========================================================================================
----------------- testing Sat Feb 16 03:36:08 UTC 2019 /home/travis/build/icyphy/ptII/ptolemy/domains/de/test/auto/ModalModel.xml
----------------- Instantiating /home/travis/build/icyphy/ptII/ptolemy/domains/de/test/auto/ModalModel.xml
67 ms. Memory: 778752K Free: 472025K (61%)
----------------- Invoking toplevel() on ptolemy.moml.MoMLSimpleApplication@10a4fc7a
----------------- Done invoking toplevel() on ptolemy.moml.MoMLSimpleApplication@10a4fc7a
reloadAllAccessors: .ModalModel

===========================================================================================
----------------- testing Sat Feb 16 03:36:08 UTC 2019 /home/travis/build/icyphy/ptII/ptolemy/domains/de/test/auto/ModalSource.xml
----------------- Instantiating /home/travis/build/icyphy/ptII/ptolemy/domains/de/test/auto/ModalSource.xml
3 ms. Memory: 778752K Free: 458099K (59%)
----------------- Invoking toplevel() on ptolemy.moml.MoMLSimpleApplication@75959468
----------------- Done invoking toplevel() on ptolemy.moml.MoMLSimpleApplication@75959468
reloadAllAccessors: .ModalSource

===========================================================================================
----------------- testing Sat Feb 16 03:36:08 UTC 2019 /home/travis/build/icyphy/ptII/ptolemy/domains/de/test/auto/NonInterruptibleTimerZeroDelay.xml
----------------- Instantiating /home/travis/build/icyphy/ptII/ptolemy/domains/de/test/auto/NonInterruptibleTimerZeroDelay.xml
1 ms. Memory: 778752K Free: 444172K (57%)
----------------- Invoking toplevel() on ptolemy.moml.MoMLSimpleApplication@6cc5a9f
----------------- Done invoking toplevel() on ptolemy.moml.MoMLSimpleApplication@6cc5a9f
reloadAllAccessors: .NonInterruptibleTimerZeroDelay

===========================================================================================
----------------- testing Sat Feb 16 03:36:08 UTC 2019 /home/travis/build/icyphy/ptII/ptolemy/domains/de/test/auto/OpenQueueingNetwork.xml
----------------- Instantiating /home/travis/build/icyphy/ptII/ptolemy/domains/de/test/auto/OpenQueueingNetwork.xml
1831 ms. Memory: 745472K Free: 468674K (63%)
----------------- Invoking toplevel() on ptolemy.moml.MoMLSimpleApplication@675250a7
----------------- Done invoking toplevel() on ptolemy.moml.MoMLSimpleApplication@675250a7
reloadAllAccessors: .OpenQueueingNetwork

===========================================================================================
----------------- testing Sat Feb 16 03:36:10 UTC 2019 /home/travis/build/icyphy/ptII/ptolemy/domains/de/test/auto/OpenQueuingNetwork.xml
----------------- Instantiating /home/travis/build/icyphy/ptII/ptolemy/domains/de/test/auto/OpenQueuingNetwork.xml
213 ms. Memory: 745472K Free: 373856K (50%)
----------------- Invoking toplevel() on ptolemy.moml.MoMLSimpleApplication@4ef4d771
----------------- Done invoking toplevel() on ptolemy.moml.MoMLSimpleApplication@4ef4d771
reloadAllAccessors: .OpenQueuingNetwork

===========================================================================================
----------------- testing Sat Feb 16 03:36:10 UTC 2019 /home/travis/build/icyphy/ptII/ptolemy/domains/de/test/auto/PeriodicSampler.xml
----------------- Instantiating /home/travis/build/icyphy/ptII/ptolemy/domains/de/test/auto/PeriodicSampler.xml
2 ms. Memory: 745472K Free: 365016K (49%)
----------------- Invoking toplevel() on ptolemy.moml.MoMLSimpleApplication@34054a31
----------------- Done invoking toplevel() on ptolemy.moml.MoMLSimpleApplication@34054a31
reloadAllAccessors: .PeriodicSampler

===========================================================================================
----------------- testing Sat Feb 16 03:36:10 UTC 2019 /home/travis/build/icyphy/ptII/ptolemy/domains/de/test/auto/PersistentIO.xml
----------------- Instantiating /home/travis/build/icyphy/ptII/ptolemy/domains/de/test/auto/PersistentIO.xml
4 ms. Memory: 745472K Free: 351747K (47%)
----------------- Invoking toplevel() on ptolemy.moml.MoMLSimpleApplication@7f3a8f89
----------------- Done invoking toplevel() on ptolemy.moml.MoMLSimpleApplication@7f3a8f89
reloadAllAccessors: .PersistentIO

===========================================================================================
----------------- testing Sat Feb 16 03:36:10 UTC 2019 /home/travis/build/icyphy/ptII/ptolemy/domains/de/test/auto/PortParameterResetOnInitialize.xml
----------------- Instantiating /home/travis/build/icyphy/ptII/ptolemy/domains/de/test/auto/PortParameterResetOnInitialize.xml
2 ms. Memory: 745472K Free: 342906K (46%)
----------------- Invoking toplevel() on ptolemy.moml.MoMLSimpleApplication@5e21288e
----------------- Done invoking toplevel() on ptolemy.moml.MoMLSimpleApplication@5e21288e
reloadAllAccessors: .PortParameterResetOnInitialize

===========================================================================================
----------------- testing Sat Feb 16 03:36:10 UTC 2019 /home/travis/build/icyphy/ptII/ptolemy/domains/de/test/auto/PortParameterUpdates.xml
----------------- Instantiating /home/travis/build/icyphy/ptII/ptolemy/domains/de/test/auto/PortParameterUpdates.xml
3 ms. Memory: 745472K Free: 329630K (44%)
----------------- Invoking toplevel() on ptolemy.moml.MoMLSimpleApplication@33b9242e
----------------- Done invoking toplevel() on ptolemy.moml.MoMLSimpleApplication@33b9242e
reloadAllAccessors: .PortParameterUpdates

===========================================================================================
----------------- testing Sat Feb 16 03:36:10 UTC 2019 /home/travis/build/icyphy/ptII/ptolemy/domains/de/test/auto/QueueAndServer.xml
----------------- Instantiating /home/travis/build/icyphy/ptII/ptolemy/domains/de/test/auto/QueueAndServer.xml
6 ms. Memory: 745472K Free: 313619K (42%)
----------------- Invoking toplevel() on ptolemy.moml.MoMLSimpleApplication@7325ac3c
----------------- Done invoking toplevel() on ptolemy.moml.MoMLSimpleApplication@7325ac3c
reloadAllAccessors: .QueueAndServer

===========================================================================================
----------------- testing Sat Feb 16 03:36:10 UTC 2019 /home/travis/build/icyphy/ptII/ptolemy/domains/de/test/auto/Records.xml
----------------- Instantiating /home/travis/build/icyphy/ptII/ptolemy/domains/de/test/auto/Records.xml
7 ms. Memory: 745472K Free: 304779K (41%)
----------------- Invoking toplevel() on ptolemy.moml.MoMLSimpleApplication@4f869654
----------------- Done invoking toplevel() on ptolemy.moml.MoMLSimpleApplication@4f869654
reloadAllAccessors: .Records

===========================================================================================
----------------- testing Sat Feb 16 03:36:10 UTC 2019 /home/travis/build/icyphy/ptII/ptolemy/domains/de/test/auto/ResetTransitionWithStartTime1.xml
----------------- Instantiating /home/travis/build/icyphy/ptII/ptolemy/domains/de/test/auto/ResetTransitionWithStartTime1.xml
4 ms. Memory: 745472K Free: 291502K (39%)
----------------- Invoking toplevel() on ptolemy.moml.MoMLSimpleApplication@45bea4af
----------------- Done invoking toplevel() on ptolemy.moml.MoMLSimpleApplication@45bea4af
reloadAllAccessors: .ResetTransitionWithStartTime1

===========================================================================================
----------------- testing Sat Feb 16 03:36:10 UTC 2019 /home/travis/build/icyphy/ptII/ptolemy/domains/de/test/auto/ResetTransitionWithStartTime2.xml
----------------- Instantiating /home/travis/build/icyphy/ptII/ptolemy/domains/de/test/auto/ResetTransitionWithStartTime2.xml
3 ms. Memory: 745472K Free: 278225K (37%)
----------------- Invoking toplevel() on ptolemy.moml.MoMLSimpleApplication@6cc44fa0
----------------- Done invoking toplevel() on ptolemy.moml.MoMLSimpleApplication@6cc44fa0
reloadAllAccessors: .ResetTransitionWithStartTime2

===========================================================================================
----------------- testing Sat Feb 16 03:36:10 UTC 2019 /home/travis/build/icyphy/ptII/ptolemy/domains/de/test/auto/ResetTransitionWithStartTime3.xml
----------------- Instantiating /home/travis/build/icyphy/ptII/ptolemy/domains/de/test/auto/ResetTransitionWithStartTime3.xml
6 ms. Memory: 745472K Free: 264948K (36%)
----------------- Invoking toplevel() on ptolemy.moml.MoMLSimpleApplication@6e0062fc
----------------- Done invoking toplevel() on ptolemy.moml.MoMLSimpleApplication@6e0062fc
reloadAllAccessors: .ResetTransitionWithStartTime3

===========================================================================================
----------------- testing Sat Feb 16 03:36:10 UTC 2019 /home/travis/build/icyphy/ptII/ptolemy/domains/de/test/auto/ResetTransitionWithStartTime4.xml
----------------- Instantiating /home/travis/build/icyphy/ptII/ptolemy/domains/de/test/auto/ResetTransitionWithStartTime4.xml
2 ms. Memory: 745472K Free: 248978K (33%)
----------------- Invoking toplevel() on ptolemy.moml.MoMLSimpleApplication@6cfd97d8
----------------- Done invoking toplevel() on ptolemy.moml.MoMLSimpleApplication@6cfd97d8
reloadAllAccessors: .ResetTransitionWithStartTime4

===========================================================================================
----------------- testing Sat Feb 16 03:36:10 UTC 2019 /home/travis/build/icyphy/ptII/ptolemy/domains/de/test/auto/ResettableTimer1.xml
----------------- Instantiating /home/travis/build/icyphy/ptII/ptolemy/domains/de/test/auto/ResettableTimer1.xml
1 ms. Memory: 745472K Free: 240138K (32%)
----------------- Invoking toplevel() on ptolemy.moml.MoMLSimpleApplication@74b477fb
----------------- Done invoking toplevel() on ptolemy.moml.MoMLSimpleApplication@74b477fb
reloadAllAccessors: .ResettableTimer1

===========================================================================================
----------------- testing Sat Feb 16 03:36:10 UTC 2019 /home/travis/build/icyphy/ptII/ptolemy/domains/de/test/auto/ResettableTimer2.xml
----------------- Instantiating /home/travis/build/icyphy/ptII/ptolemy/domains/de/test/auto/ResettableTimer2.xml
2 ms. Memory: 745472K Free: 231297K (31%)
----------------- Invoking toplevel() on ptolemy.moml.MoMLSimpleApplication@726b8a99
----------------- Done invoking toplevel() on ptolemy.moml.MoMLSimpleApplication@726b8a99
reloadAllAccessors: .ResettableTimer2

===========================================================================================
----------------- testing Sat Feb 16 03:36:10 UTC 2019 /home/travis/build/icyphy/ptII/ptolemy/domains/de/test/auto/ResettableTimer3.xml
----------------- Instantiating /home/travis/build/icyphy/ptII/ptolemy/domains/de/test/auto/ResettableTimer3.xml
1 ms. Memory: 745472K Free: 222457K (30%)
----------------- Invoking toplevel() on ptolemy.moml.MoMLSimpleApplication@5823a97c
----------------- Done invoking toplevel() on ptolemy.moml.MoMLSimpleApplication@5823a97c
reloadAllAccessors: .ResettableTimer3

===========================================================================================
----------------- testing Sat Feb 16 03:36:10 UTC 2019 /home/travis/build/icyphy/ptII/ptolemy/domains/de/test/auto/ResettableTimer4.xml
----------------- Instantiating /home/travis/build/icyphy/ptII/ptolemy/domains/de/test/auto/ResettableTimer4.xml
1 ms. Memory: 745472K Free: 213616K (29%)
----------------- Invoking toplevel() on ptolemy.moml.MoMLSimpleApplication@230e1ea5
----------------- Done invoking toplevel() on ptolemy.moml.MoMLSimpleApplication@230e1ea5
reloadAllAccessors: .ResettableTimer4

===========================================================================================
----------------- testing Sat Feb 16 03:36:10 UTC 2019 /home/travis/build/icyphy/ptII/ptolemy/domains/de/test/auto/ResettableTimer5.xml
----------------- Instantiating /home/travis/build/icyphy/ptII/ptolemy/domains/de/test/auto/ResettableTimer5.xml
1 ms. Memory: 745472K Free: 202067K (27%)
----------------- Invoking toplevel() on ptolemy.moml.MoMLSimpleApplication@5bdb9d5d
----------------- Done invoking toplevel() on ptolemy.moml.MoMLSimpleApplication@5bdb9d5d
reloadAllAccessors: .ResettableTimer5

===========================================================================================
----------------- testing Sat Feb 16 03:36:10 UTC 2019 /home/travis/build/icyphy/ptII/ptolemy/domains/de/test/auto/ResettableTimer6.xml
----------------- Instantiating /home/travis/build/icyphy/ptII/ptolemy/domains/de/test/auto/ResettableTimer6.xml
9 ms. Memory: 745472K Free: 193226K (26%)
----------------- Invoking toplevel() on ptolemy.moml.MoMLSimpleApplication@50a2e0f7
----------------- Done invoking toplevel() on ptolemy.moml.MoMLSimpleApplication@50a2e0f7
reloadAllAccessors: .ResettableTimer6

===========================================================================================
----------------- testing Sat Feb 16 03:36:10 UTC 2019 /home/travis/build/icyphy/ptII/ptolemy/domains/de/test/auto/ServerZeroDelay.xml
----------------- Instantiating /home/travis/build/icyphy/ptII/ptolemy/domains/de/test/auto/ServerZeroDelay.xml
2 ms. Memory: 745472K Free: 184386K (25%)
----------------- Invoking toplevel() on ptolemy.moml.MoMLSimpleApplication@5955b1fd
----------------- Done invoking toplevel() on ptolemy.moml.MoMLSimpleApplication@5955b1fd
reloadAllAccessors: .ServerZeroDelay

===========================================================================================
----------------- testing Sat Feb 16 03:36:10 UTC 2019 /home/travis/build/icyphy/ptII/ptolemy/domains/de/test/auto/SmartSender.xml
----------------- Instantiating /home/travis/build/icyphy/ptII/ptolemy/domains/de/test/auto/SmartSender.xml
3001 ms. Memory: 745472K Free: 175545K (24%)
----------------- Invoking toplevel() on ptolemy.moml.MoMLSimpleApplication@65d86918
----------------- Done invoking toplevel() on ptolemy.moml.MoMLSimpleApplication@65d86918
reloadAllAccessors: .SmartSender

===========================================================================================
----------------- testing Sat Feb 16 03:36:13 UTC 2019 /home/travis/build/icyphy/ptII/ptolemy/domains/de/test/auto/ThreadedComposite.xml
----------------- Instantiating /home/travis/build/icyphy/ptII/ptolemy/domains/de/test/auto/ThreadedComposite.xml
93 ms. Memory: 745472K Free: 149007K (20%)
----------------- Invoking toplevel() on ptolemy.moml.MoMLSimpleApplication@466c19e4
----------------- Done invoking toplevel() on ptolemy.moml.MoMLSimpleApplication@466c19e4
reloadAllAccessors: .ThreadedComposite

===========================================================================================
----------------- testing Sat Feb 16 03:36:13 UTC 2019 /home/travis/build/icyphy/ptII/ptolemy/domains/de/test/auto/Time.xml
----------------- Instantiating /home/travis/build/icyphy/ptII/ptolemy/domains/de/test/auto/Time.xml
449 ms. Memory: 745472K Free: 91543K (12%)
----------------- Invoking toplevel() on ptolemy.moml.MoMLSimpleApplication@3b0544f5
----------------- Done invoking toplevel() on ptolemy.moml.MoMLSimpleApplication@3b0544f5
reloadAllAccessors: .Time

===========================================================================================
----------------- testing Sat Feb 16 03:36:14 UTC 2019 /home/travis/build/icyphy/ptII/ptolemy/domains/de/test/auto/TimeDelayZeroDelay.xml
----------------- Instantiating /home/travis/build/icyphy/ptII/ptolemy/domains/de/test/auto/TimeDelayZeroDelay.xml
2 ms. Memory: 745472K Free: 79994K (11%)
----------------- Invoking toplevel() on ptolemy.moml.MoMLSimpleApplication@d40d09
----------------- Done invoking toplevel() on ptolemy.moml.MoMLSimpleApplication@d40d09
reloadAllAccessors: .TimeDelayZeroDelay

===========================================================================================
----------------- testing Sat Feb 16 03:36:14 UTC 2019 /home/travis/build/icyphy/ptII/ptolemy/domains/de/test/auto/TimerZeroDelay.xml
----------------- Instantiating /home/travis/build/icyphy/ptII/ptolemy/domains/de/test/auto/TimerZeroDelay.xml
14 ms. Memory: 713216K Free: 703382K (99%)
----------------- Invoking toplevel() on ptolemy.moml.MoMLSimpleApplication@2461d8d8
----------------- Done invoking toplevel() on ptolemy.moml.MoMLSimpleApplication@2461d8d8
reloadAllAccessors: .TimerZeroDelay

===========================================================================================
----------------- testing Sat Feb 16 03:36:14 UTC 2019 /home/travis/build/icyphy/ptII/ptolemy/domains/de/test/auto/TimingParadox.xml
----------------- Instantiating /home/travis/build/icyphy/ptII/ptolemy/domains/de/test/auto/TimingParadox.xml
324 ms. Memory: 713216K Free: 627851K (88%)
----------------- Invoking toplevel() on ptolemy.moml.MoMLSimpleApplication@247c0f65
----------------- Done invoking toplevel() on ptolemy.moml.MoMLSimpleApplication@247c0f65
reloadAllAccessors: .TimingParadox

===========================================================================================
----------------- testing Sat Feb 16 03:36:14 UTC 2019 /home/travis/build/icyphy/ptII/ptolemy/domains/de/test/auto/TransferInputs.xml
----------------- Instantiating /home/travis/build/icyphy/ptII/ptolemy/domains/de/test/auto/TransferInputs.xml
1 ms. Memory: 713216K Free: 619427K (87%)
----------------- Invoking toplevel() on ptolemy.moml.MoMLSimpleApplication@26fabc5d
----------------- Done invoking toplevel() on ptolemy.moml.MoMLSimpleApplication@26fabc5d
reloadAllAccessors: .TransferInputs

===========================================================================================
----------------- testing Sat Feb 16 03:36:14 UTC 2019 /home/travis/build/icyphy/ptII/ptolemy/domains/de/test/auto/TransferOutputs2.xml
----------------- Instantiating /home/travis/build/icyphy/ptII/ptolemy/domains/de/test/auto/TransferOutputs2.xml
3 ms. Memory: 713216K Free: 606775K (85%)
----------------- Invoking toplevel() on ptolemy.moml.MoMLSimpleApplication@17f64b69
----------------- Done invoking toplevel() on ptolemy.moml.MoMLSimpleApplication@17f64b69
reloadAllAccessors: .TransferOutputs2

===========================================================================================
----------------- testing Sat Feb 16 03:36:14 UTC 2019 /home/travis/build/icyphy/ptII/ptolemy/domains/de/test/auto/Trilateration.xml
----------------- Instantiating /home/travis/build/icyphy/ptII/ptolemy/domains/de/test/auto/Trilateration.xml
10775 ms. Memory: 578048K Free: 469658K (81%)
----------------- Invoking toplevel() on ptolemy.moml.MoMLSimpleApplication@77d3b40d
----------------- Done invoking toplevel() on ptolemy.moml.MoMLSimpleApplication@77d3b40d
reloadAllAccessors: .Trilateration

===========================================================================================
----------------- testing Sat Feb 16 03:36:26 UTC 2019 /home/travis/build/icyphy/ptII/ptolemy/domains/de/test/auto/TwoSigmaDelta.xml
----------------- Instantiating /home/travis/build/icyphy/ptII/ptolemy/domains/de/test/auto/TwoSigmaDelta.xml
2027 ms. Memory: 578048K Free: 176265K (30%)
----------------- Invoking toplevel() on ptolemy.moml.MoMLSimpleApplication@4fac564c
----------------- Done invoking toplevel() on ptolemy.moml.MoMLSimpleApplication@4fac564c
reloadAllAccessors: .TwoSigmaDelta

===========================================================================================
----------------- testing Sat Feb 16 03:36:28 UTC 2019 /home/travis/build/icyphy/ptII/ptolemy/domains/de/test/auto/VariableDelay.xml
----------------- Instantiating /home/travis/build/icyphy/ptII/ptolemy/domains/de/test/auto/VariableDelay.xml
2 ms. Memory: 578048K Free: 155483K (27%)
----------------- Invoking toplevel() on ptolemy.moml.MoMLSimpleApplication@17c75bfb
----------------- Done invoking toplevel() on ptolemy.moml.MoMLSimpleApplication@17c75bfb
reloadAllAccessors: .VariableDelay

===========================================================================================
----------------- testing Sat Feb 16 03:36:28 UTC 2019 /home/travis/build/icyphy/ptII/ptolemy/domains/de/test/auto/VariableDelay2.xml
----------------- Instantiating /home/travis/build/icyphy/ptII/ptolemy/domains/de/test/auto/VariableDelay2.xml
2 ms. Memory: 578048K Free: 135617K (23%)
----------------- Invoking toplevel() on ptolemy.moml.MoMLSimpleApplication@78728d11
----------------- Done invoking toplevel() on ptolemy.moml.MoMLSimpleApplication@78728d11
reloadAllAccessors: .VariableDelay2

===========================================================================================
----------------- testing Sat Feb 16 03:36:28 UTC 2019 /home/travis/build/icyphy/ptII/ptolemy/domains/de/test/auto/VariableDelayZeroDelay.xml
----------------- Instantiating /home/travis/build/icyphy/ptII/ptolemy/domains/de/test/auto/VariableDelayZeroDelay.xml
3 ms. Memory: 578048K Free: 114835K (20%)
----------------- Invoking toplevel() on ptolemy.moml.MoMLSimpleApplication@77355
----------------- Done invoking toplevel() on ptolemy.moml.MoMLSimpleApplication@77355
reloadAllAccessors: .VariableDelayZeroDelay

===========================================================================================
----------------- testing Sat Feb 16 03:36:28 UTC 2019 /home/travis/build/icyphy/ptII/ptolemy/domains/de/test/auto/VariableDelayZeroDelay2.xml
----------------- Instantiating /home/travis/build/icyphy/ptII/ptolemy/domains/de/test/auto/VariableDelayZeroDelay2.xml
2 ms. Memory: 578048K Free: 94969K (16%)
----------------- Invoking toplevel() on ptolemy.moml.MoMLSimpleApplication@1bea9b3f
----------------- Done invoking toplevel() on ptolemy.moml.MoMLSimpleApplication@1bea9b3f
reloadAllAccessors: .VariableDelayZeroDelay2

===========================================================================================
----------------- testing Sat Feb 16 03:36:28 UTC 2019 /home/travis/build/icyphy/ptII/ptolemy/domains/de/test/auto/deInCt.xml
----------------- Instantiating /home/travis/build/icyphy/ptII/ptolemy/domains/de/test/auto/deInCt.xml
0
1
1
1
1
0
0
1
1
1
0
0
0
1
1
1
1
0
0
0
0
1
1
1
1
1
0
0
0
1
1
1
0
0
0
1
1
1
0
0
0
1
1
1
0
0
0
0
5 ms. Memory: 578048K Free: 74187K (13%)
----------------- Invoking toplevel() on ptolemy.moml.MoMLSimpleApplication@5fd84aec
----------------- Done invoking toplevel() on ptolemy.moml.MoMLSimpleApplication@5fd84aec
reloadAllAccessors: .deInCt

===========================================================================================
----------------- testing Sat Feb 16 03:36:28 UTC 2019 /home/travis/build/icyphy/ptII/ptolemy/domains/de/test/auto/deInCt2.xml
----------------- Instantiating /home/travis/build/icyphy/ptII/ptolemy/domains/de/test/auto/deInCt2.xml
0
1
1
1
0
0
1
1
1
0
0
1
1
1
0
0
1
1
1
0
0
1
1
1
0
0
1
1
1
0
0
1
1
1
0
0
1
1
1
0
0
0
9 ms. Memory: 560640K Free: 534413K (95%)
----------------- Invoking toplevel() on ptolemy.moml.MoMLSimpleApplication@64b8b8d0
----------------- Done invoking toplevel() on ptolemy.moml.MoMLSimpleApplication@64b8b8d0
reloadAllAccessors: .deInCt2

===========================================================================================
----------------- testing Sat Feb 16 03:36:28 UTC 2019 /home/travis/build/icyphy/ptII/ptolemy/domains/de/test/auto/dynamicCausalityInterface1.xml
----------------- Instantiating /home/travis/build/icyphy/ptII/ptolemy/domains/de/test/auto/dynamicCausalityInterface1.xml
1 ms. Memory: 560640K Free: 514869K (92%)
----------------- Invoking toplevel() on ptolemy.moml.MoMLSimpleApplication@629194ad
----------------- Done invoking toplevel() on ptolemy.moml.MoMLSimpleApplication@629194ad
reloadAllAccessors: .dynamicCausalityInterface1

===========================================================================================
----------------- testing Sat Feb 16 03:36:28 UTC 2019 /home/travis/build/icyphy/ptII/ptolemy/domains/de/test/auto/fsm_de_test.xml
----------------- Instantiating /home/travis/build/icyphy/ptII/ptolemy/domains/de/test/auto/fsm_de_test.xml
5 ms. Memory: 560640K Free: 500060K (89%)
----------------- Invoking toplevel() on ptolemy.moml.MoMLSimpleApplication@7fcbb9d4
----------------- Done invoking toplevel() on ptolemy.moml.MoMLSimpleApplication@7fcbb9d4
reloadAllAccessors: .fsm_de_test

===========================================================================================
----------------- testing Sat Feb 16 03:36:28 UTC 2019 /home/travis/build/icyphy/ptII/ptolemy/domains/de/test/auto/functionDependencyReconstruction.xml
----------------- Instantiating /home/travis/build/icyphy/ptII/ptolemy/domains/de/test/auto/functionDependencyReconstruction.xml
2 ms. Memory: 560640K Free: 480515K (86%)
----------------- Invoking toplevel() on ptolemy.moml.MoMLSimpleApplication@54f1d8a2
----------------- Done invoking toplevel() on ptolemy.moml.MoMLSimpleApplication@54f1d8a2
reloadAllAccessors: .functionDependencyReconstruction

===========================================================================================
----------------- testing Sat Feb 16 03:36:28 UTC 2019 /home/travis/build/icyphy/ptII/ptolemy/domains/de/test/auto/multirate.xml
----------------- Instantiating /home/travis/build/icyphy/ptII/ptolemy/domains/de/test/auto/multirate.xml
2 ms. Memory: 560640K Free: 465698K (83%)
----------------- Invoking toplevel() on ptolemy.moml.MoMLSimpleApplication@763470b9
----------------- Done invoking toplevel() on ptolemy.moml.MoMLSimpleApplication@763470b9
reloadAllAccessors: .multirate

===========================================================================================
----------------- testing Sat Feb 16 03:36:28 UTC 2019 /home/travis/build/icyphy/ptII/ptolemy/domains/de/test/auto/multirate2.xml
----------------- Instantiating /home/travis/build/icyphy/ptII/ptolemy/domains/de/test/auto/multirate2.xml
2 ms. Memory: 560640K Free: 450881K (80%)
----------------- Invoking toplevel() on ptolemy.moml.MoMLSimpleApplication@1e230af7
----------------- Done invoking toplevel() on ptolemy.moml.MoMLSimpleApplication@1e230af7
reloadAllAccessors: .multirate2

===========================================================================================
----------------- testing Sat Feb 16 03:36:28 UTC 2019 /home/travis/build/icyphy/ptII/ptolemy/domains/de/test/auto/realtime.xml
----------------- Instantiating /home/travis/build/icyphy/ptII/ptolemy/domains/de/test/auto/realtime.xml
10001 ms. Memory: 560640K Free: 440816K (79%)
----------------- Invoking toplevel() on ptolemy.moml.MoMLSimpleApplication@2ca3150f
----------------- Done invoking toplevel() on ptolemy.moml.MoMLSimpleApplication@2ca3150f
reloadAllAccessors: .realtime

===========================================================================================
----------------- testing Sat Feb 16 03:36:38 UTC 2019 /home/travis/build/icyphy/ptII/ptolemy/domains/de/test/auto/relationGroup.xml
----------------- Instantiating /home/travis/build/icyphy/ptII/ptolemy/domains/de/test/auto/relationGroup.xml
1 ms. Memory: 560640K Free: 430752K (77%)
----------------- Invoking toplevel() on ptolemy.moml.MoMLSimpleApplication@418501df
----------------- Done invoking toplevel() on ptolemy.moml.MoMLSimpleApplication@418501df
reloadAllAccessors: .relationGroup

===========================================================================================
----------------- testing Sat Feb 16 03:36:38 UTC 2019 /home/travis/build/icyphy/ptII/ptolemy/domains/de/test/auto/relationGroup2.xml
----------------- Instantiating /home/travis/build/icyphy/ptII/ptolemy/domains/de/test/auto/relationGroup2.xml
1 ms. Memory: 560640K Free: 420687K (75%)
----------------- Invoking toplevel() on ptolemy.moml.MoMLSimpleApplication@4336af6c
----------------- Done invoking toplevel() on ptolemy.moml.MoMLSimpleApplication@4336af6c
reloadAllAccessors: .relationGroup2

===========================================================================================
----------------- testing Sat Feb 16 03:36:38 UTC 2019 /home/travis/build/icyphy/ptII/ptolemy/domains/de/test/auto/sortWithOpaquePorts.xml
----------------- Instantiating /home/travis/build/icyphy/ptII/ptolemy/domains/de/test/auto/sortWithOpaquePorts.xml
2 ms. Memory: 560640K Free: 410622K (73%)
----------------- Invoking toplevel() on ptolemy.moml.MoMLSimpleApplication@68d79408
----------------- Done invoking toplevel() on ptolemy.moml.MoMLSimpleApplication@68d79408
reloadAllAccessors: .sortWithOpaquePorts

===========================================================================================
----------------- testing Sat Feb 16 03:36:38 UTC 2019 /home/travis/build/icyphy/ptII/ptolemy/domains/de/test/auto/transferInputsandOutputs.xml
----------------- Instantiating /home/travis/build/icyphy/ptII/ptolemy/domains/de/test/auto/transferInputsandOutputs.xml
2 ms. Memory: 560640K Free: 395805K (71%)
----------------- Invoking toplevel() on ptolemy.moml.MoMLSimpleApplication@50ad4b87
----------------- Done invoking toplevel() on ptolemy.moml.MoMLSimpleApplication@50ad4b87
reloadAllAccessors: .transferInputsandOutputs

===========================================================================================
----------------- testing Sat Feb 16 03:36:38 UTC 2019 /home/travis/build/icyphy/ptII/ptolemy/domains/de/test/auto/triggerType.xml
----------------- Instantiating /home/travis/build/icyphy/ptII/ptolemy/domains/de/test/auto/triggerType.xml
1 ms. Memory: 560640K Free: 385740K (69%)
----------------- Invoking toplevel() on ptolemy.moml.MoMLSimpleApplication@3e6dd4bf
----------------- Done invoking toplevel() on ptolemy.moml.MoMLSimpleApplication@3e6dd4bf
reloadAllAccessors: .triggerType
AutoTests.java: About to close Vertx.
AutoTests.java: Vertx closed.
]]></system-out>
  <system-err><![CDATA[java.lang.RuntimeException: Execution failed
	at ptolemy.moml.MoMLSimpleApplication$UnloadThread.run(MoMLSimpleApplication.java:402)
Caused by: ptolemy.kernel.util.IllegalActionException: Found a zero delay loop containing .dependencyLoop.original
  in .dependencyLoop and .dependencyLoop.original
	at ptolemy.actor.util.CausalityInterfaceForComposites._computeOutputPortDepth(CausalityInterfaceForComposites.java:759)
	at ptolemy.actor.util.CausalityInterfaceForComposites._computeInputDepth(CausalityInterfaceForComposites.java:696)
	at ptolemy.actor.util.CausalityInterfaceForComposites._computeOutputPortDepth(CausalityInterfaceForComposites.java:765)
	at ptolemy.actor.util.CausalityInterfaceForComposites._computeInputDepth(CausalityInterfaceForComposites.java:696)
	at ptolemy.actor.util.CausalityInterfaceForComposites._computeOutputPortDepth(CausalityInterfaceForComposites.java:765)
	at ptolemy.actor.util.CausalityInterfaceForComposites._computeInputDepth(CausalityInterfaceForComposites.java:696)
	at ptolemy.actor.util.CausalityInterfaceForComposites._computeActorDepth(CausalityInterfaceForComposites.java:532)
	at ptolemy.actor.util.CausalityInterfaceForComposites.checkForCycles(CausalityInterfaceForComposites.java:96)
	at ptolemy.domains.de.kernel.DEDirector.preinitialize(DEDirector.java:1338)
	at ptolemy.actor.CompositeActor.preinitialize(CompositeActor.java:1828)
	at ptolemy.actor.Manager.preinitializeAndResolveTypes(Manager.java:1040)
	at ptolemy.actor.Manager.initialize(Manager.java:710)
	at ptolemy.actor.Manager.execute(Manager.java:356)
	at ptolemy.actor.Manager.run(Manager.java:1263)
	at ptolemy.actor.Manager$PtolemyRunThread.run(Manager.java:1915)
java.lang.RuntimeException: Execution failed
	at ptolemy.moml.MoMLSimpleApplication$UnloadThread.run(MoMLSimpleApplication.java:402)
Caused by: ptolemy.kernel.util.IllegalActionException: Found a zero delay loop containing .dependencyLoop2.original
  in .dependencyLoop2 and .dependencyLoop2.original
	at ptolemy.actor.util.CausalityInterfaceForComposites._computeOutputPortDepth(CausalityInterfaceForComposites.java:759)
	at ptolemy.actor.util.CausalityInterfaceForComposites._computeInputDepth(CausalityInterfaceForComposites.java:696)
	at ptolemy.actor.util.CausalityInterfaceForComposites._computeOutputPortDepth(CausalityInterfaceForComposites.java:765)
	at ptolemy.actor.util.CausalityInterfaceForComposites._computeInputDepth(CausalityInterfaceForComposites.java:696)
	at ptolemy.actor.util.CausalityInterfaceForComposites._computeOutputPortDepth(CausalityInterfaceForComposites.java:765)
	at ptolemy.actor.util.CausalityInterfaceForComposites._computeInputDepth(CausalityInterfaceForComposites.java:696)
	at ptolemy.actor.util.CausalityInterfaceForComposites._computeActorDepth(CausalityInterfaceForComposites.java:532)
	at ptolemy.actor.util.CausalityInterfaceForComposites.checkForCycles(CausalityInterfaceForComposites.java:96)
	at ptolemy.domains.de.kernel.DEDirector.preinitialize(DEDirector.java:1338)
	at ptolemy.actor.CompositeActor.preinitialize(CompositeActor.java:1828)
	at ptolemy.actor.Manager.preinitializeAndResolveTypes(Manager.java:1040)
	at ptolemy.actor.Manager.initialize(Manager.java:710)
	at ptolemy.actor.Manager.execute(Manager.java:356)
	at ptolemy.actor.Manager.run(Manager.java:1263)
	at ptolemy.actor.Manager$PtolemyRunThread.run(Manager.java:1915)
java.lang.RuntimeException: Execution failed
	at ptolemy.moml.MoMLSimpleApplication$UnloadThread.run(MoMLSimpleApplication.java:402)
Caused by: ptolemy.kernel.util.IllegalActionException: Found a zero delay loop containing .dependencyLoop.original
  in .dependencyLoop and .dependencyLoop.original
	at ptolemy.actor.util.CausalityInterfaceForComposites._computeOutputPortDepth(CausalityInterfaceForComposites.java:759)
	at ptolemy.actor.util.CausalityInterfaceForComposites._computeInputDepth(CausalityInterfaceForComposites.java:696)
	at ptolemy.actor.util.CausalityInterfaceForComposites._computeOutputPortDepth(CausalityInterfaceForComposites.java:765)
	at ptolemy.actor.util.CausalityInterfaceForComposites._computeInputDepth(CausalityInterfaceForComposites.java:696)
	at ptolemy.actor.util.CausalityInterfaceForComposites._computeOutputPortDepth(CausalityInterfaceForComposites.java:765)
	at ptolemy.actor.util.CausalityInterfaceForComposites._computeInputDepth(CausalityInterfaceForComposites.java:696)
	at ptolemy.actor.util.CausalityInterfaceForComposites._computeActorDepth(CausalityInterfaceForComposites.java:532)
	at ptolemy.actor.util.CausalityInterfaceForComposites.checkForCycles(CausalityInterfaceForComposites.java:96)
	at ptolemy.domains.de.kernel.DEDirector.preinitialize(DEDirector.java:1338)
	at ptolemy.actor.CompositeActor.preinitialize(CompositeActor.java:1828)
	at ptolemy.actor.Manager.preinitializeAndResolveTypes(Manager.java:1040)
	at ptolemy.actor.Manager.initialize(Manager.java:710)
	at ptolemy.actor.Manager.execute(Manager.java:356)
	at ptolemy.actor.Manager.run(Manager.java:1263)
	at ptolemy.actor.Manager$PtolemyRunThread.run(Manager.java:1915)
java.lang.RuntimeException: Execution failed
	at ptolemy.moml.MoMLSimpleApplication$UnloadThread.run(MoMLSimpleApplication.java:402)
Caused by: ptolemy.kernel.util.IllegalActionException: Actor is not ready to fire.  Perhaps UpSample.prefire() returned false? Try debugging the actor by selecting "Listen to Actor".  Also, for SDF check moml for tokenConsumptionRate on input.
  in .DESDFClockTest.Play Bell.Copy1:SDF Director and .DESDFClockTest.Play Bell.UpSample
	at ptolemy.actor.sched.StaticSchedulingDirector.fire(StaticSchedulingDirector.java:227)
	at ptolemy.domains.sdf.kernel.SDFDirector.fire(SDFDirector.java:500)
	at ptolemy.actor.CompositeActor.fire(CompositeActor.java:455)
	at ptolemy.domains.de.kernel.DEDirector._fire(DEDirector.java:1949)
	at ptolemy.domains.de.kernel.DEDirector.fire(DEDirector.java:502)
	at ptolemy.actor.CompositeActor.fire(CompositeActor.java:455)
	at ptolemy.actor.Manager.iterate(Manager.java:851)
	at ptolemy.actor.Manager.execute(Manager.java:369)
	at ptolemy.actor.Manager.run(Manager.java:1263)
	at ptolemy.actor.Manager$PtolemyRunThread.run(Manager.java:1915)
java.lang.RuntimeException: Execution failed
	at ptolemy.moml.MoMLSimpleApplication$UnloadThread.run(MoMLSimpleApplication.java:402)
Caused by: ptolemy.kernel.util.IllegalActionException: Found a zero delay loop containing .dependencyLoop2.original
  in .dependencyLoop2 and .dependencyLoop2.original
	at ptolemy.actor.util.CausalityInterfaceForComposites._computeOutputPortDepth(CausalityInterfaceForComposites.java:759)
	at ptolemy.actor.util.CausalityInterfaceForComposites._computeInputDepth(CausalityInterfaceForComposites.java:696)
	at ptolemy.actor.util.CausalityInterfaceForComposites._computeOutputPortDepth(CausalityInterfaceForComposites.java:765)
	at ptolemy.actor.util.CausalityInterfaceForComposites._computeInputDepth(CausalityInterfaceForComposites.java:696)
	at ptolemy.actor.util.CausalityInterfaceForComposites._computeOutputPortDepth(CausalityInterfaceForComposites.java:765)
	at ptolemy.actor.util.CausalityInterfaceForComposites._computeInputDepth(CausalityInterfaceForComposites.java:696)
	at ptolemy.actor.util.CausalityInterfaceForComposites._computeActorDepth(CausalityInterfaceForComposites.java:532)
	at ptolemy.actor.util.CausalityInterfaceForComposites.checkForCycles(CausalityInterfaceForComposites.java:96)
	at ptolemy.domains.de.kernel.DEDirector.preinitialize(DEDirector.java:1338)
	at ptolemy.actor.CompositeActor.preinitialize(CompositeActor.java:1828)
	at ptolemy.actor.Manager.preinitializeAndResolveTypes(Manager.java:1040)
	at ptolemy.actor.Manager.initialize(Manager.java:710)
	at ptolemy.actor.Manager.execute(Manager.java:356)
	at ptolemy.actor.Manager.run(Manager.java:1263)
	at ptolemy.actor.Manager$PtolemyRunThread.run(Manager.java:1915)
java.lang.RuntimeException: Execution failed
	at ptolemy.moml.MoMLSimpleApplication$UnloadThread.run(MoMLSimpleApplication.java:402)
Caused by: ptolemy.kernel.util.IllegalActionException: Found a zero delay loop containing .HierarchicalModel.A
  in .HierarchicalModel and .HierarchicalModel.A
	at ptolemy.actor.util.CausalityInterfaceForComposites._computeOutputPortDepth(CausalityInterfaceForComposites.java:759)
	at ptolemy.actor.util.CausalityInterfaceForComposites._computeInputDepth(CausalityInterfaceForComposites.java:696)
	at ptolemy.actor.util.CausalityInterfaceForComposites._computeOutputPortDepth(CausalityInterfaceForComposites.java:765)
	at ptolemy.actor.util.CausalityInterfaceForComposites._computeInputDepth(CausalityInterfaceForComposites.java:696)
	at ptolemy.actor.util.CausalityInterfaceForComposites._computeOutputPortDepth(CausalityInterfaceForComposites.java:765)
	at ptolemy.actor.util.CausalityInterfaceForComposites._computeInputDepth(CausalityInterfaceForComposites.java:696)
	at ptolemy.actor.util.CausalityInterfaceForComposites._computeActorDepth(CausalityInterfaceForComposites.java:532)
	at ptolemy.actor.util.CausalityInterfaceForComposites.checkForCycles(CausalityInterfaceForComposites.java:96)
	at ptolemy.domains.de.kernel.DEDirector.preinitialize(DEDirector.java:1338)
	at ptolemy.actor.CompositeActor.preinitialize(CompositeActor.java:1828)
	at ptolemy.actor.Manager.preinitializeAndResolveTypes(Manager.java:1040)
	at ptolemy.actor.Manager.initialize(Manager.java:710)
	at ptolemy.actor.Manager.execute(Manager.java:356)
	at ptolemy.actor.Manager.run(Manager.java:1263)
	at ptolemy.actor.Manager$PtolemyRunThread.run(Manager.java:1915)
java.lang.RuntimeException: Execution failed
	at ptolemy.moml.MoMLSimpleApplication$UnloadThread.run(MoMLSimpleApplication.java:402)
Caused by: ptolemy.kernel.util.IllegalActionException: Test fails in iteration 1.
Value was: 1.0. Should have been: 2.0
  in .DirectFeedback.Test
	at ptolemy.actor.lib.Test.fire(Test.java:268)
	at ptolemy.domains.de.kernel.DEDirector._fire(DEDirector.java:1949)
	at ptolemy.domains.de.kernel.DEDirector.fire(DEDirector.java:502)
	at ptolemy.actor.CompositeActor.fire(CompositeActor.java:455)
	at ptolemy.actor.Manager.iterate(Manager.java:851)
	at ptolemy.actor.Manager.execute(Manager.java:369)
	at ptolemy.actor.Manager.run(Manager.java:1263)
	at ptolemy.actor.Manager$PtolemyRunThread.run(Manager.java:1915)
java.lang.RuntimeException: Execution failed
	at ptolemy.moml.MoMLSimpleApplication$UnloadThread.run(MoMLSimpleApplication.java:402)
Caused by: ptolemy.kernel.util.IllegalActionException: Actor is not ready to fire.  Perhaps UpSample.prefire() returned false? Try debugging the actor by selecting "Listen to Actor".  Also, for SDF check moml for tokenConsumptionRate on input.
  in .DESDFClockTest.Play Bell.Copy1:SDF Director and .DESDFClockTest.Play Bell.UpSample
	at ptolemy.actor.sched.StaticSchedulingDirector.fire(StaticSchedulingDirector.java:227)
	at ptolemy.domains.sdf.kernel.SDFDirector.fire(SDFDirector.java:500)
	at ptolemy.actor.CompositeActor.fire(CompositeActor.java:455)
	at ptolemy.domains.de.kernel.DEDirector._fire(DEDirector.java:1949)
	at ptolemy.domains.de.kernel.DEDirector.fire(DEDirector.java:502)
	at ptolemy.actor.CompositeActor.fire(CompositeActor.java:455)
	at ptolemy.actor.Manager.iterate(Manager.java:851)
	at ptolemy.actor.Manager.execute(Manager.java:369)
	at ptolemy.actor.Manager.run(Manager.java:1263)
	at ptolemy.actor.Manager$PtolemyRunThread.run(Manager.java:1915)
java.lang.reflect.InvocationTargetException
	at sun.reflect.NativeConstructorAccessorImpl.newInstance0(Native Method)
	at sun.reflect.NativeConstructorAccessorImpl.newInstance(NativeConstructorAccessorImpl.java:62)
	at sun.reflect.DelegatingConstructorAccessorImpl.newInstance(DelegatingConstructorAccessorImpl.java:45)
	at java.lang.reflect.Constructor.newInstance(Constructor.java:423)
	at ptolemy.util.test.junit.AutoKnownFailedTests.RunModel(AutoKnownFailedTests.java:105)
	at sun.reflect.NativeMethodAccessorImpl.invoke0(Native Method)
	at sun.reflect.NativeMethodAccessorImpl.invoke(NativeMethodAccessorImpl.java:62)
	at sun.reflect.DelegatingMethodAccessorImpl.invoke(DelegatingMethodAccessorImpl.java:43)
	at java.lang.reflect.Method.invoke(Method.java:498)
	at org.junit.runners.model.FrameworkMethod$1.runReflectiveCall(FrameworkMethod.java:44)
	at org.junit.internal.runners.model.ReflectiveCallable.run(ReflectiveCallable.java:15)
	at org.junit.runners.model.FrameworkMethod.invokeExplosively(FrameworkMethod.java:41)
	at junitparams.internal.InvokeParameterisedMethod.evaluate(InvokeParameterisedMethod.java:102)
	at org.junit.internal.runners.statements.FailOnTimeout$1.run(FailOnTimeout.java:28)
Caused by: ptolemy.kernel.util.IllegalActionException: Actor is not ready to fire.  Perhaps UpSample.prefire() returned false? Try debugging the actor by selecting "Listen to Actor".  Also, for SDF check moml for tokenConsumptionRate on input.
  in .DESDFClockTest.Play Bell.Copy1:SDF Director and .DESDFClockTest.Play Bell.UpSample
	at ptolemy.actor.sched.StaticSchedulingDirector.fire(StaticSchedulingDirector.java:227)
	at ptolemy.domains.sdf.kernel.SDFDirector.fire(SDFDirector.java:500)
	at ptolemy.actor.CompositeActor.fire(CompositeActor.java:455)
	at ptolemy.domains.de.kernel.DEDirector._fire(DEDirector.java:1949)
	at ptolemy.domains.de.kernel.DEDirector.fire(DEDirector.java:502)
	at ptolemy.actor.CompositeActor.fire(CompositeActor.java:455)
	at ptolemy.actor.Manager.iterate(Manager.java:851)
	at ptolemy.actor.Manager.execute(Manager.java:369)
	at ptolemy.actor.Manager.run(Manager.java:1263)
	at ptolemy.actor.Manager$PtolemyRunThread.run(Manager.java:1915)
java.lang.RuntimeException: Execution failed
	at ptolemy.moml.MoMLSimpleApplication$UnloadThread.run(MoMLSimpleApplication.java:402)
Caused by: ptolemy.kernel.util.IllegalActionException: Test fails in iteration 1.
Value was: 1.0. Should have been: 2.0
  in .DirectFeedback.Test
	at ptolemy.actor.lib.Test.fire(Test.java:268)
	at ptolemy.domains.de.kernel.DEDirector._fire(DEDirector.java:1949)
	at ptolemy.domains.de.kernel.DEDirector.fire(DEDirector.java:502)
	at ptolemy.actor.CompositeActor.fire(CompositeActor.java:455)
	at ptolemy.actor.Manager.iterate(Manager.java:851)
	at ptolemy.actor.Manager.execute(Manager.java:369)
	at ptolemy.actor.Manager.run(Manager.java:1263)
	at ptolemy.actor.Manager$PtolemyRunThread.run(Manager.java:1915)
java.lang.reflect.InvocationTargetException
	at sun.reflect.NativeConstructorAccessorImpl.newInstance0(Native Method)
	at sun.reflect.NativeConstructorAccessorImpl.newInstance(NativeConstructorAccessorImpl.java:62)
	at sun.reflect.DelegatingConstructorAccessorImpl.newInstance(DelegatingConstructorAccessorImpl.java:45)
	at java.lang.reflect.Constructor.newInstance(Constructor.java:423)
	at ptolemy.util.test.junit.AutoKnownFailedTests.RunModel(AutoKnownFailedTests.java:105)
	at sun.reflect.NativeMethodAccessorImpl.invoke0(Native Method)
	at sun.reflect.NativeMethodAccessorImpl.invoke(NativeMethodAccessorImpl.java:62)
	at sun.reflect.DelegatingMethodAccessorImpl.invoke(DelegatingMethodAccessorImpl.java:43)
	at java.lang.reflect.Method.invoke(Method.java:498)
	at org.junit.runners.model.FrameworkMethod$1.runReflectiveCall(FrameworkMethod.java:44)
	at org.junit.internal.runners.model.ReflectiveCallable.run(ReflectiveCallable.java:15)
	at org.junit.runners.model.FrameworkMethod.invokeExplosively(FrameworkMethod.java:41)
	at junitparams.internal.InvokeParameterisedMethod.evaluate(InvokeParameterisedMethod.java:102)
	at org.junit.internal.runners.statements.FailOnTimeout$1.run(FailOnTimeout.java:28)
Caused by: ptolemy.kernel.util.IllegalActionException: Test fails in iteration 1.
Value was: 1.0. Should have been: 2.0
  in .DirectFeedback.Test
	at ptolemy.actor.lib.Test.fire(Test.java:268)
	at ptolemy.domains.de.kernel.DEDirector._fire(DEDirector.java:1949)
	at ptolemy.domains.de.kernel.DEDirector.fire(DEDirector.java:502)
	at ptolemy.actor.CompositeActor.fire(CompositeActor.java:455)
	at ptolemy.actor.Manager.iterate(Manager.java:851)
	at ptolemy.actor.Manager.execute(Manager.java:369)
	at ptolemy.actor.Manager.run(Manager.java:1263)
	at ptolemy.actor.Manager$PtolemyRunThread.run(Manager.java:1915)
java.lang.RuntimeException: Execution failed
	at ptolemy.moml.MoMLSimpleApplication$UnloadThread.run(MoMLSimpleApplication.java:402)
Caused by: ptolemy.kernel.util.IllegalActionException: Found a zero delay loop containing .HierarchicalModel.A
  in .HierarchicalModel and .HierarchicalModel.A
	at ptolemy.actor.util.CausalityInterfaceForComposites._computeOutputPortDepth(CausalityInterfaceForComposites.java:759)
	at ptolemy.actor.util.CausalityInterfaceForComposites._computeInputDepth(CausalityInterfaceForComposites.java:696)
	at ptolemy.actor.util.CausalityInterfaceForComposites._computeOutputPortDepth(CausalityInterfaceForComposites.java:765)
	at ptolemy.actor.util.CausalityInterfaceForComposites._computeInputDepth(CausalityInterfaceForComposites.java:696)
	at ptolemy.actor.util.CausalityInterfaceForComposites._computeOutputPortDepth(CausalityInterfaceForComposites.java:765)
	at ptolemy.actor.util.CausalityInterfaceForComposites._computeInputDepth(CausalityInterfaceForComposites.java:696)
	at ptolemy.actor.util.CausalityInterfaceForComposites._computeActorDepth(CausalityInterfaceForComposites.java:532)
	at ptolemy.actor.util.CausalityInterfaceForComposites.checkForCycles(CausalityInterfaceForComposites.java:96)
	at ptolemy.domains.de.kernel.DEDirector.preinitialize(DEDirector.java:1338)
	at ptolemy.actor.CompositeActor.preinitialize(CompositeActor.java:1828)
	at ptolemy.actor.Manager.preinitializeAndResolveTypes(Manager.java:1040)
	at ptolemy.actor.Manager.initialize(Manager.java:710)
	at ptolemy.actor.Manager.execute(Manager.java:356)
	at ptolemy.actor.Manager.run(Manager.java:1263)
	at ptolemy.actor.Manager$PtolemyRunThread.run(Manager.java:1915)
java.lang.reflect.InvocationTargetException
	at sun.reflect.NativeConstructorAccessorImpl.newInstance0(Native Method)
	at sun.reflect.NativeConstructorAccessorImpl.newInstance(NativeConstructorAccessorImpl.java:62)
	at sun.reflect.DelegatingConstructorAccessorImpl.newInstance(DelegatingConstructorAccessorImpl.java:45)
	at java.lang.reflect.Constructor.newInstance(Constructor.java:423)
	at ptolemy.util.test.junit.AutoKnownFailedTests.RunModel(AutoKnownFailedTests.java:105)
	at sun.reflect.NativeMethodAccessorImpl.invoke0(Native Method)
	at sun.reflect.NativeMethodAccessorImpl.invoke(NativeMethodAccessorImpl.java:62)
	at sun.reflect.DelegatingMethodAccessorImpl.invoke(DelegatingMethodAccessorImpl.java:43)
	at java.lang.reflect.Method.invoke(Method.java:498)
	at org.junit.runners.model.FrameworkMethod$1.runReflectiveCall(FrameworkMethod.java:44)
	at org.junit.internal.runners.model.ReflectiveCallable.run(ReflectiveCallable.java:15)
	at org.junit.runners.model.FrameworkMethod.invokeExplosively(FrameworkMethod.java:41)
	at junitparams.internal.InvokeParameterisedMethod.evaluate(InvokeParameterisedMethod.java:102)
	at org.junit.internal.runners.statements.FailOnTimeout$1.run(FailOnTimeout.java:28)
Caused by: ptolemy.kernel.util.IllegalActionException: Found a zero delay loop containing .HierarchicalModel.A
  in .HierarchicalModel and .HierarchicalModel.A
	at ptolemy.actor.util.CausalityInterfaceForComposites._computeOutputPortDepth(CausalityInterfaceForComposites.java:759)
	at ptolemy.actor.util.CausalityInterfaceForComposites._computeInputDepth(CausalityInterfaceForComposites.java:696)
	at ptolemy.actor.util.CausalityInterfaceForComposites._computeOutputPortDepth(CausalityInterfaceForComposites.java:765)
	at ptolemy.actor.util.CausalityInterfaceForComposites._computeInputDepth(CausalityInterfaceForComposites.java:696)
	at ptolemy.actor.util.CausalityInterfaceForComposites._computeOutputPortDepth(CausalityInterfaceForComposites.java:765)
	at ptolemy.actor.util.CausalityInterfaceForComposites._computeInputDepth(CausalityInterfaceForComposites.java:696)
	at ptolemy.actor.util.CausalityInterfaceForComposites._computeActorDepth(CausalityInterfaceForComposites.java:532)
	at ptolemy.actor.util.CausalityInterfaceForComposites.checkForCycles(CausalityInterfaceForComposites.java:96)
	at ptolemy.domains.de.kernel.DEDirector.preinitialize(DEDirector.java:1338)
	at ptolemy.actor.CompositeActor.preinitialize(CompositeActor.java:1828)
	at ptolemy.actor.Manager.preinitializeAndResolveTypes(Manager.java:1040)
	at ptolemy.actor.Manager.initialize(Manager.java:710)
	at ptolemy.actor.Manager.execute(Manager.java:356)
	at ptolemy.actor.Manager.run(Manager.java:1263)
	at ptolemy.actor.Manager$PtolemyRunThread.run(Manager.java:1915)
java.lang.RuntimeException: Execution failed
	at ptolemy.moml.MoMLSimpleApplication$UnloadThread.run(MoMLSimpleApplication.java:402)
Caused by: ptolemy.kernel.util.IllegalActionException: Found a zero delay loop containing .dependencyLoop.original
  in .dependencyLoop and .dependencyLoop.original
	at ptolemy.actor.util.CausalityInterfaceForComposites._computeOutputPortDepth(CausalityInterfaceForComposites.java:759)
	at ptolemy.actor.util.CausalityInterfaceForComposites._computeInputDepth(CausalityInterfaceForComposites.java:696)
	at ptolemy.actor.util.CausalityInterfaceForComposites._computeOutputPortDepth(CausalityInterfaceForComposites.java:765)
	at ptolemy.actor.util.CausalityInterfaceForComposites._computeInputDepth(CausalityInterfaceForComposites.java:696)
	at ptolemy.actor.util.CausalityInterfaceForComposites._computeOutputPortDepth(CausalityInterfaceForComposites.java:765)
	at ptolemy.actor.util.CausalityInterfaceForComposites._computeInputDepth(CausalityInterfaceForComposites.java:696)
	at ptolemy.actor.util.CausalityInterfaceForComposites._computeActorDepth(CausalityInterfaceForComposites.java:532)
	at ptolemy.actor.util.CausalityInterfaceForComposites.checkForCycles(CausalityInterfaceForComposites.java:96)
	at ptolemy.domains.de.kernel.DEDirector.preinitialize(DEDirector.java:1338)
	at ptolemy.actor.CompositeActor.preinitialize(CompositeActor.java:1828)
	at ptolemy.actor.Manager.preinitializeAndResolveTypes(Manager.java:1040)
	at ptolemy.actor.Manager.initialize(Manager.java:710)
	at ptolemy.actor.Manager.execute(Manager.java:356)
	at ptolemy.actor.Manager.run(Manager.java:1263)
	at ptolemy.actor.Manager$PtolemyRunThread.run(Manager.java:1915)
java.lang.reflect.InvocationTargetException
	at sun.reflect.NativeConstructorAccessorImpl.newInstance0(Native Method)
	at sun.reflect.NativeConstructorAccessorImpl.newInstance(NativeConstructorAccessorImpl.java:62)
	at sun.reflect.DelegatingConstructorAccessorImpl.newInstance(DelegatingConstructorAccessorImpl.java:45)
	at java.lang.reflect.Constructor.newInstance(Constructor.java:423)
	at ptolemy.util.test.junit.AutoKnownFailedTests.RunModel(AutoKnownFailedTests.java:105)
	at sun.reflect.NativeMethodAccessorImpl.invoke0(Native Method)
	at sun.reflect.NativeMethodAccessorImpl.invoke(NativeMethodAccessorImpl.java:62)
	at sun.reflect.DelegatingMethodAccessorImpl.invoke(DelegatingMethodAccessorImpl.java:43)
	at java.lang.reflect.Method.invoke(Method.java:498)
	at org.junit.runners.model.FrameworkMethod$1.runReflectiveCall(FrameworkMethod.java:44)
	at org.junit.internal.runners.model.ReflectiveCallable.run(ReflectiveCallable.java:15)
	at org.junit.runners.model.FrameworkMethod.invokeExplosively(FrameworkMethod.java:41)
	at junitparams.internal.InvokeParameterisedMethod.evaluate(InvokeParameterisedMethod.java:102)
	at org.junit.internal.runners.statements.FailOnTimeout$1.run(FailOnTimeout.java:28)
Caused by: ptolemy.kernel.util.IllegalActionException: Found a zero delay loop containing .dependencyLoop.original
  in .dependencyLoop and .dependencyLoop.original
	at ptolemy.actor.util.CausalityInterfaceForComposites._computeOutputPortDepth(CausalityInterfaceForComposites.java:759)
	at ptolemy.actor.util.CausalityInterfaceForComposites._computeInputDepth(CausalityInterfaceForComposites.java:696)
	at ptolemy.actor.util.CausalityInterfaceForComposites._computeOutputPortDepth(CausalityInterfaceForComposites.java:765)
	at ptolemy.actor.util.CausalityInterfaceForComposites._computeInputDepth(CausalityInterfaceForComposites.java:696)
	at ptolemy.actor.util.CausalityInterfaceForComposites._computeOutputPortDepth(CausalityInterfaceForComposites.java:765)
	at ptolemy.actor.util.CausalityInterfaceForComposites._computeInputDepth(CausalityInterfaceForComposites.java:696)
	at ptolemy.actor.util.CausalityInterfaceForComposites._computeActorDepth(CausalityInterfaceForComposites.java:532)
	at ptolemy.actor.util.CausalityInterfaceForComposites.checkForCycles(CausalityInterfaceForComposites.java:96)
	at ptolemy.domains.de.kernel.DEDirector.preinitialize(DEDirector.java:1338)
	at ptolemy.actor.CompositeActor.preinitialize(CompositeActor.java:1828)
	at ptolemy.actor.Manager.preinitializeAndResolveTypes(Manager.java:1040)
	at ptolemy.actor.Manager.initialize(Manager.java:710)
	at ptolemy.actor.Manager.execute(Manager.java:356)
	at ptolemy.actor.Manager.run(Manager.java:1263)
	at ptolemy.actor.Manager$PtolemyRunThread.run(Manager.java:1915)
java.lang.RuntimeException: Execution failed
	at ptolemy.moml.MoMLSimpleApplication$UnloadThread.run(MoMLSimpleApplication.java:402)
Caused by: ptolemy.kernel.util.IllegalActionException: Found a zero delay loop containing .dependencyLoop2.original
  in .dependencyLoop2 and .dependencyLoop2.original
	at ptolemy.actor.util.CausalityInterfaceForComposites._computeOutputPortDepth(CausalityInterfaceForComposites.java:759)
	at ptolemy.actor.util.CausalityInterfaceForComposites._computeInputDepth(CausalityInterfaceForComposites.java:696)
	at ptolemy.actor.util.CausalityInterfaceForComposites._computeOutputPortDepth(CausalityInterfaceForComposites.java:765)
	at ptolemy.actor.util.CausalityInterfaceForComposites._computeInputDepth(CausalityInterfaceForComposites.java:696)
	at ptolemy.actor.util.CausalityInterfaceForComposites._computeOutputPortDepth(CausalityInterfaceForComposites.java:765)
	at ptolemy.actor.util.CausalityInterfaceForComposites._computeInputDepth(CausalityInterfaceForComposites.java:696)
	at ptolemy.actor.util.CausalityInterfaceForComposites._computeActorDepth(CausalityInterfaceForComposites.java:532)
	at ptolemy.actor.util.CausalityInterfaceForComposites.checkForCycles(CausalityInterfaceForComposites.java:96)
	at ptolemy.domains.de.kernel.DEDirector.preinitialize(DEDirector.java:1338)
	at ptolemy.actor.CompositeActor.preinitialize(CompositeActor.java:1828)
	at ptolemy.actor.Manager.preinitializeAndResolveTypes(Manager.java:1040)
	at ptolemy.actor.Manager.initialize(Manager.java:710)
	at ptolemy.actor.Manager.execute(Manager.java:356)
	at ptolemy.actor.Manager.run(Manager.java:1263)
	at ptolemy.actor.Manager$PtolemyRunThread.run(Manager.java:1915)
java.lang.reflect.InvocationTargetException
	at sun.reflect.NativeConstructorAccessorImpl.newInstance0(Native Method)
	at sun.reflect.NativeConstructorAccessorImpl.newInstance(NativeConstructorAccessorImpl.java:62)
	at sun.reflect.DelegatingConstructorAccessorImpl.newInstance(DelegatingConstructorAccessorImpl.java:45)
	at java.lang.reflect.Constructor.newInstance(Constructor.java:423)
	at ptolemy.util.test.junit.AutoKnownFailedTests.RunModel(AutoKnownFailedTests.java:105)
	at sun.reflect.NativeMethodAccessorImpl.invoke0(Native Method)
	at sun.reflect.NativeMethodAccessorImpl.invoke(NativeMethodAccessorImpl.java:62)
	at sun.reflect.DelegatingMethodAccessorImpl.invoke(DelegatingMethodAccessorImpl.java:43)
	at java.lang.reflect.Method.invoke(Method.java:498)
	at org.junit.runners.model.FrameworkMethod$1.runReflectiveCall(FrameworkMethod.java:44)
	at org.junit.internal.runners.model.ReflectiveCallable.run(ReflectiveCallable.java:15)
	at org.junit.runners.model.FrameworkMethod.invokeExplosively(FrameworkMethod.java:41)
	at junitparams.internal.InvokeParameterisedMethod.evaluate(InvokeParameterisedMethod.java:102)
	at org.junit.internal.runners.statements.FailOnTimeout$1.run(FailOnTimeout.java:28)
Caused by: ptolemy.kernel.util.IllegalActionException: Found a zero delay loop containing .dependencyLoop2.original
  in .dependencyLoop2 and .dependencyLoop2.original
	at ptolemy.actor.util.CausalityInterfaceForComposites._computeOutputPortDepth(CausalityInterfaceForComposites.java:759)
	at ptolemy.actor.util.CausalityInterfaceForComposites._computeInputDepth(CausalityInterfaceForComposites.java:696)
	at ptolemy.actor.util.CausalityInterfaceForComposites._computeOutputPortDepth(CausalityInterfaceForComposites.java:765)
	at ptolemy.actor.util.CausalityInterfaceForComposites._computeInputDepth(CausalityInterfaceForComposites.java:696)
	at ptolemy.actor.util.CausalityInterfaceForComposites._computeOutputPortDepth(CausalityInterfaceForComposites.java:765)
	at ptolemy.actor.util.CausalityInterfaceForComposites._computeInputDepth(CausalityInterfaceForComposites.java:696)
	at ptolemy.actor.util.CausalityInterfaceForComposites._computeActorDepth(CausalityInterfaceForComposites.java:532)
	at ptolemy.actor.util.CausalityInterfaceForComposites.checkForCycles(CausalityInterfaceForComposites.java:96)
	at ptolemy.domains.de.kernel.DEDirector.preinitialize(DEDirector.java:1338)
	at ptolemy.actor.CompositeActor.preinitialize(CompositeActor.java:1828)
	at ptolemy.actor.Manager.preinitializeAndResolveTypes(Manager.java:1040)
	at ptolemy.actor.Manager.initialize(Manager.java:710)
	at ptolemy.actor.Manager.execute(Manager.java:356)
	at ptolemy.actor.Manager.run(Manager.java:1263)
	at ptolemy.actor.Manager$PtolemyRunThread.run(Manager.java:1915)
]]></system-err>
</testsuite>
