<?xml version="1.0" encoding="UTF-8" ?>
<testsuite errors="1" failures="2" hostname="travis-job-0dfbf103-cd5e-47e5-afca-d9fda90c4706" name="ptolemy.actor.lib.test.junit.JUnitTclTest" skipped="0" tests="517" time="68.054" timestamp="2019-07-05T04:51:07">
  <properties>
    <property name="npm.executable" value="npm" />
    <property name="env.TRAVIS_ROOT" value="/" />
    <property name="ptII.mk.exists" value="true" />
    <property name="env.TRAVIS_APP_HOST" value="build.travis-ci.org" />
    <property name="env.rvm_bin_path" value="/home/travis/.rvm/bin" />
    <property name="java.home" value="/usr/local/lib/jvm/openjdk11" />
    <property name="env.TRAVIS_JOB_NUMBER" value="1194.8" />
    <property name="env.TRAVIS_HOME" value="/home/travis" />
    <property name="env.DISPLAY" value=":99.0" />
    <property name="env.TRAVIS_INIT" value="systemd" />
    <property name="env.SSH_TTY" value="/dev/pts/0" />
    <property name="java.net.preferIPv4Stack" value="true" />
    <property name="env.RUN_TESTS" value="true" />
    <property name="timeout.short" value="1000000" />
    <property name="junit.formatter" value="xml" />
    <property name="env.TRAVIS_SUDO" value="true" />
    <property name="env.TRAVIS_JOB_NAME" value="" />
    <property name="env.TRAVIS_STACK_NODE_ATTRIBUTES" value="/.node-attributes.yml" />
    <property name="env.LOGNAME" value="travis" />
    <property name="env.PT_TRAVIS_TEST_CORE1_XML" value="true" />
    <property name="jsdoc.home" value="node_modules/@terraswarm/jsdoc" />
    <property name="debuglevel" value="source,lines,vars" />
    <property name="checkstyle.formatter" value="xml" />
    <property name="env._system_version" value="16.04" />
    <property name="bin.vergil.makeable" value="true" />
    <property name="sun.os.patch.level" value="unknown" />
    <property name="java.vendor.url" value="http://java.oracle.com/" />
    <property name="env.TRAVIS_BUILD_WEB_URL" value="https://travis-ci.org/icyphy/ptII/builds/554516014" />
    <property name="java.version" value="11.0.2" />
    <property name="env.TZ" value="UTC" />
    <property name="env.TRAVIS_PULL_REQUEST_SHA" value="" />
    <property name="env.PT_NO_NET" value="true" />
    <property name="env.TRAVIS_SECURE_ENV_VARS" value="true" />
    <property name="env._system_type" value="Linux" />
    <property name="java.vendor.url.bug" value="http://bugreport.java.com/bugreport/" />
    <property name="npmjs-org-is-up" value="true" />
    <property name="env.LANGUAGE" value="en_US.UTF-8" />
    <property name="env.SSH_CLIENT" value="10.10.16.165 42658 22" />
    <property name="env.GEM_HOME" value="/home/travis/.rvm/gems/ruby-2.5.3" />
    <property name="env.HAS_ANTARES_THREE_LITTLE_FRONZIES_BADGE" value="true" />
    <property name="java.version.date" value="2019-01-15" />
    <property name="env.PS4" value="+" />
    <property name="ant.project.invoked-targets" value="build,test.core1.xml" />
    <property name="env.TRAVIS_PULL_REQUEST_BRANCH" value="" />
    <property name="env.TRAVIS_REPO_SLUG" value="icyphy/ptII" />
    <property name="env.XDG_DATA_DIRS" value="/usr/local/share:/usr/share:/var/lib/snapd/desktop" />
    <property name="jdk.debug" value="release" />
    <property name="env.TRAVIS_APT_PROXY" value="http://apt.cache.travis-ci.com" />
    <property name="node.in.path" value="true" />
    <property name="user.name" value="travis" />
    <property name="java.maxmemory" value="1400m" />
    <property name="env.RUBY_VERSION" value="ruby-2.5.3" />
    <property name="env.LANG" value="en_US.UTF-8" />
    <property name="sun.io.unicode.encoding" value="UnicodeLittle" />
    <property name="sun.jnu.encoding" value="UTF-8" />
    <property name="java.runtime.name" value="OpenJDK Runtime Environment" />
    <property name="usefile" value="false" />
    <property name="return.code" value="0" />
    <property name="junit.single.formatter" value="plain" />
    <property name="env.DYLD_LIBRARY_PATH" value="/home/travis/pthla/certi-tools/lib:" />
    <property name="env.DEBIAN_FRONTEND" value="noninteractive" />
    <property name="env.SSH_CONNECTION" value="10.10.16.165 42658 10.20.1.90 22" />
    <property name="env.MYSQL_UNIX_PORT" value="/var/run/mysqld/mysqld.sock" />
    <property name="env.LC_ALL" value="en_US.UTF-8" />
    <property name="env.TRAVIS_ALLOW_FAILURE" value="false" />
    <property name="env.TRAVIS_JOB_WEB_URL" value="https://travis-ci.org/icyphy/ptII/jobs/554516022" />
    <property name="java.specification.name" value="Java Platform API Specification" />
    <property name="node.works" value="true" />
    <property name="user.timezone" value="" />
    <property name="path.separator" value=":" />
    <property name="env.TRAVIS_ENABLE_INFRA_DETECTION" value="true" />
    <property name="env.PYTHON_CFLAGS" value="-g -fstack-protector --param=ssp-buffer-size=4 -Wformat -Werror=format-security" />
    <property name="timeout.long" value="4000000" />
    <property name="env.CERTI_HOME" value="/home/travis/pthla/certi-tools" />
    <property name="ant.file.ptII" value="/home/travis/build/icyphy/ptII/build.xml" />
    <property name="javadoc.packagenames" value="com.*,diva.*,lbnl.*,org.hlacerti.*,org.json.*,org.ptolemy.*,org.terraswarm.*,ptolemy.*,ptserver.*" />
    <property name="file.encoding" value="UTF-8" />
    <property name="env.TRAVIS_PULL_REQUEST_SLUG" value="" />
    <property name="ant.project.default-target" value="build" />
    <property name="env.GIT_ASKPASS" value="echo" />
    <property name="env.HOME" value="/home/travis" />
    <property name="sun.java.command" value="org.apache.tools.ant.taskdefs.optional.junit.JUnitTestRunner ptolemy.actor.lib.test.junit.JUnitTclTest skipNonTests=false filtertrace=true haltOnError=false haltOnFailure=false formatter=org.apache.tools.ant.taskdefs.optional.junit.OutErrSummaryJUnitResultFormatter showoutput=true outputtoformatters=true logfailedtests=true threadid=0 logtestlistenerevents=false formatter=org.apache.tools.ant.taskdefs.optional.junit.XMLJUnitResultFormatter,/home/travis/build/icyphy/ptII/reports/junit/TEST-ptolemy.actor.lib.test.junit.JUnitTclTest.xml crashfile=/home/travis/build/icyphy/ptII/junitvmwatcher10967064770118863591.properties propsfile=/home/travis/build/icyphy/ptII/junit11422627361568245610.properties" />
    <property name="env.COMPOSER_NO_INTERACTION" value="1" />
    <property name="env.MANPATH" value="/home/travis/.nvm/versions/node/v7.10.1/share/man:/home/travis/.rvm/rubies/ruby-2.5.3/share/man:/usr/local/cmake-3.12.4/man:/usr/local/clang-7.0.0/share/man:/usr/local/man:/usr/local/share/man:/usr/share/man:/home/travis/.rvm/man" />
    <property name="env.TRAVIS_TIMER_ID" value="1a606a93" />
    <property name="ant.file" value="/home/travis/build/icyphy/ptII/build.xml" />
    <property name="env.TRAVIS_COMMIT_RANGE" value="b6de4a29689c219dd7cbcef974805eca11f91674...bbbff3adea58fb0643306c381462affccc328551" />
    <property name="env._system_name" value="Ubuntu" />
    <property name="ptII.classpath.optional.property" value="/home/travis/build/icyphy/ptII/lib/bsh-2.0b4.jar:/home/travis/build/icyphy/ptII/lib/ptCal.jar:/home/travis/build/icyphy/ptII/lib/java_cup.jar:/home/travis/build/icyphy/ptII/lib/saxon8.jar:/home/travis/build/icyphy/ptII/lib/saxon8-dom.jar:/home/travis/build/icyphy/ptII/lib/chic.jar:/home/travis/build/icyphy/ptII/lib/ptcolt.jar:/home/travis/build/icyphy/ptII/vendors/misc/itext/iText.jar:/home/travis/build/icyphy/ptII/lib/g4ltl.jar:/home/travis/build/icyphy/ptII/lib/StructuralCoder.jar:/home/travis/build/icyphy/ptII/vendors/jai-1_1_2_01/lib/jai_core.jar:/home/travis/build/icyphy/ptII/vendors/jai-1_1_2_01/lib/jai_codec.jar:/home/travis/build/icyphy/ptII/lib/jcerti.jar:/home/travis/build/icyphy/ptII/lib/javax.mail.jar:/home/travis/build/icyphy/ptII/vendors/JMF-2.1.1e/lib/jmf.jar:/home/travis/build/icyphy/ptII/lib/jna-4.0.0-variadic.jar:/home/travis/build/icyphy/ptII/vendors/misc/joystick/Joystick.jar:/home/travis/build/icyphy/ptII/lib/ptjacl.jar:/home/travis/build/icyphy/ptII/lib/jsoup-1.8.2.jar:/home/travis/build/icyphy/ptII/lib/junit-4.8.2.jar:/home/travis/build/icyphy/ptII/lib/JUnitParams-0.4.0.jar:/home/travis/build/icyphy/ptII/ptolemy/actor/lib/excel/jxl.jar:/home/travis/build/icyphy/ptII/lib/jython.jar:/home/travis/build/icyphy/ptII/lib/kieler.jar:/home/travis/build/icyphy/ptII/vendors/opencv/share/OpenCV/java/opencv-341.jar:/home/travis/build/icyphy/ptII/lib/oscP5.jar:/home/travis/build/icyphy/ptII/lib/nrjavaserial-3.11.0.devel.jar:/home/travis/build/icyphy/ptII/vendors/j3d/lib/j3dcore.jar:/home/travis/build/icyphy/ptII/vendors/j3d/lib/j3dutils.jar:/home/travis/build/icyphy/ptII/vendors/j3d/lib/vecmath.jar:/home/travis/build/icyphy/ptII/ptolemy/distributed/jini/jar/jini-core.jar:/home/travis/build/icyphy/ptII/ptolemy/distributed/jini/jar/jini-ext.jar:/home/travis/build/icyphy/ptII/ptolemy/distributed/jini/jar/sun-util.jar:/home/travis/build/icyphy/ptII/lib/protobuf-java-2.4.1.jar:/home/travis/build/icyphy/ptII/lib/org.eclipse.paho.client.mqttv3.jar:/home/travis/build/icyphy/ptII/lib/mapss.jar:/home/travis/build/icyphy/ptII/ptolemy/actor/ptalon/antlr/antlr.jar:/home/travis/build/icyphy/ptII/lib/JRI.jar:/home/travis/build/icyphy/ptII/lib/commons-lang-2.6.jar:/home/travis/build/icyphy/ptII/lib/commons-logging-1.1.1.jar:/home/travis/build/icyphy/ptII/lib/sootclasses.jar:/home/travis/build/icyphy/ptII/ptolemy/actor/lib/database/mysql-connector-java-5.1.6-bin.jar:/home/travis/build/icyphy/ptII/vendors/misc/sphinx4/sphinx4-data-5prealpha.jar:/home/travis/build/icyphy/ptII/vendors/misc/sphinx4/sphinx4-core-5prealpha.jar:/home/travis/build/icyphy/ptII/lib/PDFRenderer.jar:/home/travis/build/icyphy/ptII/lib/svgSalamander.jar:/home/travis/build/icyphy/ptII/lib/rsyntaxtextarea-2.6.0-SNAPSHOT.jar:/home/travis/build/icyphy/ptII/lib/hazelcast-3.8.2.jar:/home/travis/build/icyphy/ptII/lib/jackson-annotations-2.9.0.jar:/home/travis/build/icyphy/ptII/lib/jackson-core-2.9.3.jar:/home/travis/build/icyphy/ptII/lib/jackson-databind-2.9.3.jar:/home/travis/build/icyphy/ptII/lib/netty-buffer-4.1.19.Final.jar:/home/travis/build/icyphy/ptII/lib/netty-codec-4.1.19.Final.jar:/home/travis/build/icyphy/ptII/lib/netty-codec-dns-4.1.19.Final.jar:/home/travis/build/icyphy/ptII/lib/netty-codec-http-4.1.19.Final.jar:/home/travis/build/icyphy/ptII/lib/netty-codec-http2-4.1.19.Final.jar:/home/travis/build/icyphy/ptII/lib/netty-common-4.1.19.Final.jar:/home/travis/build/icyphy/ptII/lib/netty-handler-4.1.19.Final.jar:/home/travis/build/icyphy/ptII/lib/netty-resolver-4.1.19.Final.jar:/home/travis/build/icyphy/ptII/lib/netty-resolver-dns-4.1.19.Final.jar:/home/travis/build/icyphy/ptII/lib/netty-transport-4.1.19.Final.jar:/home/travis/build/icyphy/ptII/lib/vertx-codegen-3.5.1.jar:/home/travis/build/icyphy/ptII/lib/vertx-core-3.5.2-SNAPSHOT.jar:/home/travis/build/icyphy/ptII/lib/vertx-hazelcast-3.5.1.jar:/home/travis/build/icyphy/ptII/lib/vertx-lang-js-3.5.1.jar:/home/travis/build/icyphy/ptII/lib/vertx-service-proxy-3.5.1.jar:/home/travis/build/icyphy/ptII/lib/vertx-web-3.5.1.jar:/home/travis/build/icyphy/ptII/lib/slf4j-api-1.7.13.jar:/home/travis/build/icyphy/ptII/lib/slf4j-simple-1.7.13.jar:/home/travis/build/icyphy/ptII/lib/webcam-capture-0.3.12.jar:/home/travis/build/icyphy/ptII/lib/bridj-0.7.0.jar:/home/travis/build/icyphy/ptII/lib/xbjlib-1.1.0.nrjavaserial.jar" />
    <property name="timeout" value="2400000" />
    <property name="test.batch" value="**/junit/*.java" />
    <property name="env._" value="/usr/bin/timeout" />
    <property name="java.io.tmpdir" value="/tmp" />
    <property name="user.language" value="en" />
    <property name="env.TRAVIS_INTERNAL_RUBY_REGEX" value="^ruby-(2\.[0-4]\.[0-9]|1\.9\.3)" />
    <property name="env.HISTCONTROL" value="ignoredups:ignorespace" />
    <property name="env.GOROOT" value="/home/travis/.gimme/versions/go1.11.1.linux.amd64" />
    <property name="line.separator" value="&#xa;" />
    <property name="target" value="11" />
    <property name="env.TRAVIS_BUILD_DIR" value="/home/travis/build/icyphy/ptII" />
    <property name="env.ANT_OPTS" value="-Xmx2048m" />
    <property name="ant.file.type" value="file" />
    <property name="ptolemy.ptII.batchMode" value="true" />
    <property name="env.HISTSIZE" value="1000" />
    <property name="env.MERB_ENV" value="test" />
    <property name="java.vm.info" value="mixed mode" />
    <property name="source" value="11" />
    <property name="java.vm.specification.name" value="Java Virtual Machine Specification" />
    <property name="env.TRAVIS_TEST_RESULT" value="0" />
    <property name="jsdoc.command" value="node_modules/@terraswarm/jsdoc/jsdoc.js" />
    <property name="npm.works" value="true" />
    <property name="cobertura.dir" value="/home/travis/build/icyphy/ptII/vendors/cobertura-2.0.3" />
    <property name="env.rvm_path" value="/home/travis/.rvm" />
    <property name="env.GEM_PATH" value="/home/travis/.rvm/gems/ruby-2.5.3:/home/travis/.rvm/gems/ruby-2.5.3@global" />
    <property name="env.LC_CTYPE" value="en_US.UTF-8" />
    <property name="env.TRAVIS_CMD" value="$PTII/bin/ptIITravisBuild.sh $SECONDS" />
    <property name="java.awt.printerjob" value="sun.print.PSPrinterJob" />
    <property name="env.TRAVIS_STACK_NAME" value="sardonyx" />
    <property name="env.TRAVIS_TIMER_START_TIME" value="1562301555927141911" />
    <property name="ant.version" value="Apache Ant(TM) version 1.10.1 compiled on February 2 2017" />
    <property name="ptII.reports" value="/home/travis/build/icyphy/ptII/reports" />
    <property name="env.TRAVIS_STACK_TIMESTAMP" value="2019-03-25 16:16:56 UTC" />
    <property name="ant.file.type.ptII" value="file" />
    <property name="env.RBENV_SHELL" value="bash" />
    <property name="os.name" value="Linux" />
    <property name="java.specification.vendor" value="Oracle Corporation" />
    <property name="env.rvm_version" value="1.29.7 (latest)" />
    <property name="env.TRAVIS_INFRA" value="gce" />
    <property name="env.TERM" value="xterm" />
    <property name="java.vm.name" value="OpenJDK 64-Bit Server VM" />
    <property name="env.TRAVIS_BUILD_NUMBER" value="1194" />
    <property name="env.CI" value="true" />
    <property name="java.library.path" value="/home/travis/pthla/certi-tools/lib:/usr/lib/jni:/usr/local/share/OpenCV/java/:/usr/share/OpenCV/java::/usr/java/packages/lib:/usr/lib64:/lib64:/lib:/usr/lib" />
    <property name="env.rvm_prefix" value="/home/travis" />
    <property name="env.PATH" value="/home/travis/pthla/certi-tools/share/scripts:/home/travis/.rvm/gems/ruby-2.5.3/bin:/home/travis/.rvm/gems/ruby-2.5.3@global/bin:/home/travis/.rvm/rubies/ruby-2.5.3/bin:/home/travis/.rvm/bin:/home/travis/.nvm/versions/node/v7.10.1/bin:./node_modules/.bin:/home/travis/build/icyphy/ptII/bin:/home/travis/pthla/certi-tools/bin:/home/travis/bin:/home/travis/.local/bin:/usr/local/lib/jvm/openjdk11/bin:/opt/pyenv/shims:/home/travis/.phpenv/shims:/home/travis/perl5/perlbrew/bin:/home/travis/gopath/bin:/home/travis/.gimme/versions/go1.11.1.linux.amd64/bin:/usr/local/maven-3.6.0/bin:/usr/local/cmake-3.12.4/bin:/usr/local/clang-7.0.0/bin:/usr/local/sbin:/usr/local/bin:/usr/sbin:/usr/bin:/sbin:/bin:/snap/bin:/home/travis/.phpenv/bin:/opt/pyenv/bin:/home/travis/.yarn/bin" />
    <property name="env.TRAVIS_OS_NAME" value="linux" />
    <property name="ant.java.version" value="9" />
    <property name="basedir" value="/home/travis/build/icyphy/ptII" />
    <property name="java.class.version" value="55.0" />
    <property name="env.SHLVL" value="3" />
    <property name="env.LD_LIBRARY_PATH" value="/home/travis/pthla/certi-tools/lib:/usr/lib/jni:/usr/local/share/OpenCV/java/:/usr/share/OpenCV/java:" />
    <property name="env.RACK_ENV" value="test" />
    <property name="ant.home" value="/home/travis/build/icyphy/ptII/ant" />
    <property name="env.NVM_DIR" value="/home/travis/.nvm" />
    <property name="env.CERTI_FOM_PATH" value="/home/travis/pthla/certi-tools/share/federations" />
    <property name="env.TRAVIS_BUILD_ID" value="554516014" />
    <property name="env.PYENV_ROOT" value="/opt/pyenv" />
    <property name="env.TRAVIS_UID" value="2000" />
    <property name="env.NVM_BIN" value="/home/travis/.nvm/versions/node/v7.10.1/bin" />
    <property name="env.TRAVIS_COMMIT" value="bbbff3adea58fb0643306c381462affccc328551" />
    <property name="env._system_arch" value="x86_64" />
    <property name="node.executable" value="node" />
    <property name="sun.boot.library.path" value="/usr/local/lib/jvm/openjdk11/lib" />
    <property name="sun.management.compiler" value="HotSpot 64-Bit Tiered Compilers" />
    <property name="java.awt.graphicsenv" value="sun.awt.X11GraphicsEnvironment" />
    <property name="env.GOPATH" value="/home/travis/gopath" />
    <property name="ptolemy.ptII.dir" value="/home/travis/build/icyphy/ptII" />
    <property name="env.USER" value="travis" />
    <property name="env.HISTFILESIZE" value="2000" />
    <property name="timeout.longest" value="19000000" />
    <property name="env.PERLBREW_SHELLRC_VERSION" value="0.86" />
    <property name="env.TRAVIS_STACK_FEATURES" value="basic couchdb disabled-ipv6 docker docker-compose elasticsearch firefox go-toolchain google-chrome jdk memcached mongodb mysql nodejs_interpreter perl_interpreter perlbrew phantomjs postgresql python_interpreter redis ruby_interpreter sqlite xserver" />
    <property name="env.TRAVIS_PULL_REQUEST" value="false" />
    <property name="env.PYENV_SHELL" value="bash" />
    <property name="ant.project.name" value="ptII" />
    <property name="env.ANSI_RESET" value="\033[0m" />
    <property name="java.vm.specification.version" value="11" />
    <property name="env.TRAVIS_DIST" value="xenial" />
    <property name="env.CERTI_VERSION" value="4.0.0" />
    <property name="env.CERTI_HOST" value="localhost" />
    <property name="awt.toolkit" value="sun.awt.X11.XToolkit" />
    <property name="env.MY_RUBY_HOME" value="/home/travis/.rvm/rubies/ruby-2.5.3" />
    <property name="sun.cpu.isalist" value="" />
    <property name="env.TRAVIS_TMPDIR" value="/tmp/tmp.CxmOiASExl" />
    <property name="java.vm.compressedOopsMode" value="Zero based" />
    <property name="os.version" value="4.15.0-1028-gcp" />
    <property name="user.home" value="/home/travis" />
    <property name="java.vm.vendor" value="Oracle Corporation" />
    <property name="env.TRAVIS_TAG" value="nightly" />
    <property name="env.ANSI_YELLOW" value="\033[33;1m" />
    <property name="env.TRAVIS_FILTERED" value="redirect_io" />
    <property name="env.ANSI_GREEN" value="\033[32;1m" />
    <property name="env.JAVA_HOME" value="/usr/local/lib/jvm/openjdk11" />
    <property name="javadoc.excludepackagenames" value="adm.cvs2svn.*,build.*,config.*,doc.coding.templates.*,jni.test.jni.meaningOfLife.*,jni.test.jni.testDeux.*,jni.test.jni.testTrois.*,org.terraswarm.accessor.accessors.web.node_modules.*,org.terraswarm.accessor.accessors.web.hosts.cordova.demo.*,org.terraswarm.accessor.accessors.web.hosts.cordova.plugins.*,org.terraswarm.accessor.accessors-svn.*,pt-modules.*,ptolemy.apps.agilent.*,ptolemy.apps.anytimecontrol.*,ptolemy.apps.apes.*,ptolemy.apps.charon.*,ptolemy.apps.crazyboard.*,ptolemy.apps.eclipse.*,ptolemy.apps.etherealSting.*,ptolemy.apps.fullscreen.*,ptolemy.apps.giotto.*,ptolemy.apps.ia.*,ptolemy.apps.interfaces.*,ptolemy.apps.jmf.*,ptolemy.apps.kurt.*,ptolemy.apps.kvm.*,ptolemy.apps.lego.*,ptolemy.apps.lejos.*,ptolemy.apps.midp.*,ptolemy.apps.mobileCoding.*,ptolemy.apps.pendulum.*,ptolemy.apps.rijndael.*,ptolemy.apps.robot.*,ptolemy.apps.security.*,ptolemy.apps.sobel.*,ptolemy.apps.soot.*,ptolemy.apps.throttle.*,ptolemy.apps.tini.*,ptolemy.apps.transmission.*,ptolemy.apps.vergil.*,ptolemy.apps.waba.*,ptolemy.apps.websensor.*,ptolemy.apps.webstart.*,ptolemy.apps.xsl.*,ptolemy.apps.zaurus.*,ptolemy.codegen.c.actor.lib.oldJavaFiles.*,ptolemy.codegen.dsp.lib.*,ptolemy.codegen.kernel.newInterfaces.*,ptolemy.codegen.lib.*,ptolemy.copernicus.kernel.fragment.*,ptolemy.copernicus.shallow.cg.*,ptolemy.domains.giotto.demo.Hierarchy.Hierarchy.*,ptolemy.domains.giotto.demo.Multimode.Multimode.*,ptolemy.domains.giotto.demo.Simple.Simple.*,ptolemy.domains.gr.lib.experimental.*,ptolemy.domains.gro.*,ptolemy.domains.pdf.*,ptolemy.domains.ptinyos.demo.Surge.output.*,ptolemy.moml.test.NoPackageActor.java*,ptolemy.plot.adm.*,ptolemy.plot.servlet.*,reports.*,signed.*,src.*,target.*,vendors.*,ptolemy.copernicus.applet.*,ptolemy.media.viewer.*,ptolemy.actor.corba.*,doc.doclets.*,ptolemy.apps.eclipse.awt.*,ptolemy.backtrack.*,ptolemy.backtrack.ast.*,ptolemy.cg.adapter.generic.program.procedural.c.mbed*,ptolemy.homer.*,ptolemy.actor.lib.jjs.modules.audio.*,org.ptolemy.scala.*,diva.util.java2d.svg.*,ptolemy.domains.ptinyos.*,ptolemy.actor.lib.fmi.fmipp.*,,org.terraswarm.accessor.accessors.web.node_modules.*,org.terraswarm.accessor.accessors-svn,ptolemy.apps.*,ptolemy.actor.ptalon.demo.ptinyos.SendAndReceiveCnt.output,ptolemy.actor.ptalon.demo.ptinyos.SenseToLeds.output,ptolemy.domains.ptinyos.demo.CntToLedsAndRfm.output,ptolemy.domains.ptinyos.demo.RfmToLeds.output,ptolemy.domains.ptinyos.demo.SendAndReceiveCnt.output,ptolemy.domains.ptinyos.demo.SenseToLeds.output,ptolemy.actor.lib.jjs.modules.udpSocket.*" />
    <property name="env.PTII" value="/home/travis/build/icyphy/ptII" />
    <property name="env.XDG_SESSION_ID" value="2" />
    <property name="keystore" value="ptKeystore" />
    <property name="env.TRAVIS_COMMIT_MESSAGE" value="Attempt to force xenial distribution, hoping this will make xvfb work." />
    <property name="junit.output.dir" value="/home/travis/build/icyphy/ptII/reports/junit" />
    <property name="npm.return.code" value="0" />
    <property name="user.dir" value="/home/travis/build/icyphy/ptII/ptolemy/actor/lib/test" />
    <property name="env.TRAVIS_NODE_VERSION" value="7" />
    <property name="env.TRAVIS_EVENT_TYPE" value="cron" />
    <property name="env.MAIL" value="/var/mail/travis" />
    <property name="env.PERLBREW_ROOT" value="/home/travis/perl5/perlbrew" />
    <property name="env.PWD" value="/home/travis/build/icyphy/ptII" />
    <property name="timeout.npm" value="45000" />
    <property name="env.TRAVIS_ARCH" value="amd64" />
    <property name="sun.cpu.endian" value="little" />
    <property name="env.PAGER" value="cat" />
    <property name="env.TRAVIS_BUILD_STAGE_NAME" value="Test" />
    <property name="env.PERLBREW_HOME" value="/home/travis/.perlbrew" />
    <property name="java.vm.version" value="11.0.2+9" />
    <property name="env.RAILS_ENV" value="test" />
    <property name="java.class.path" value="/home/travis/.ptolemyII:/home/travis/.ptolemyII/*:/home/travis/build/icyphy/ptII:/home/travis/build/icyphy/ptII/lib/bsh-2.0b4.jar:/home/travis/build/icyphy/ptII/lib/ptCal.jar:/home/travis/build/icyphy/ptII/lib/java_cup.jar:/home/travis/build/icyphy/ptII/lib/saxon8.jar:/home/travis/build/icyphy/ptII/lib/saxon8-dom.jar:/home/travis/build/icyphy/ptII/lib/chic.jar:/home/travis/build/icyphy/ptII/lib/ptcolt.jar:/home/travis/build/icyphy/ptII/vendors/misc/itext/iText.jar:/home/travis/build/icyphy/ptII/lib/g4ltl.jar:/home/travis/build/icyphy/ptII/lib/StructuralCoder.jar:/home/travis/build/icyphy/ptII/vendors/jai-1_1_2_01/lib/jai_core.jar:/home/travis/build/icyphy/ptII/vendors/jai-1_1_2_01/lib/jai_codec.jar:/home/travis/build/icyphy/ptII/lib/jcerti.jar:/home/travis/build/icyphy/ptII/lib/javax.mail.jar:/home/travis/build/icyphy/ptII/vendors/JMF-2.1.1e/lib/jmf.jar:/home/travis/build/icyphy/ptII/lib/jna-4.0.0-variadic.jar:/home/travis/build/icyphy/ptII/vendors/misc/joystick/Joystick.jar:/home/travis/build/icyphy/ptII/lib/ptjacl.jar:/home/travis/build/icyphy/ptII/lib/jsoup-1.8.2.jar:/home/travis/build/icyphy/ptII/lib/junit-4.8.2.jar:/home/travis/build/icyphy/ptII/lib/JUnitParams-0.4.0.jar:/home/travis/build/icyphy/ptII/ptolemy/actor/lib/excel/jxl.jar:/home/travis/build/icyphy/ptII/lib/jython.jar:/home/travis/build/icyphy/ptII/lib/kieler.jar:/home/travis/build/icyphy/ptII/vendors/opencv/share/OpenCV/java/opencv-341.jar:/home/travis/build/icyphy/ptII/lib/oscP5.jar:/home/travis/build/icyphy/ptII/lib/nrjavaserial-3.11.0.devel.jar:/home/travis/build/icyphy/ptII/vendors/j3d/lib/j3dcore.jar:/home/travis/build/icyphy/ptII/vendors/j3d/lib/j3dutils.jar:/home/travis/build/icyphy/ptII/vendors/j3d/lib/vecmath.jar:/home/travis/build/icyphy/ptII/ptolemy/distributed/jini/jar/jini-core.jar:/home/travis/build/icyphy/ptII/ptolemy/distributed/jini/jar/jini-ext.jar:/home/travis/build/icyphy/ptII/ptolemy/distributed/jini/jar/sun-util.jar:/home/travis/build/icyphy/ptII/lib/protobuf-java-2.4.1.jar:/home/travis/build/icyphy/ptII/lib/org.eclipse.paho.client.mqttv3.jar:/home/travis/build/icyphy/ptII/lib/mapss.jar:/home/travis/build/icyphy/ptII/ptolemy/actor/ptalon/antlr/antlr.jar:/home/travis/build/icyphy/ptII/lib/JRI.jar:/home/travis/build/icyphy/ptII/lib/commons-lang-2.6.jar:/home/travis/build/icyphy/ptII/lib/commons-logging-1.1.1.jar:/home/travis/build/icyphy/ptII/lib/sootclasses.jar:/home/travis/build/icyphy/ptII/ptolemy/actor/lib/database/mysql-connector-java-5.1.6-bin.jar:/home/travis/build/icyphy/ptII/vendors/misc/sphinx4/sphinx4-data-5prealpha.jar:/home/travis/build/icyphy/ptII/vendors/misc/sphinx4/sphinx4-core-5prealpha.jar:/home/travis/build/icyphy/ptII/lib/PDFRenderer.jar:/home/travis/build/icyphy/ptII/lib/svgSalamander.jar:/home/travis/build/icyphy/ptII/lib/rsyntaxtextarea-2.6.0-SNAPSHOT.jar:/home/travis/build/icyphy/ptII/lib/hazelcast-3.8.2.jar:/home/travis/build/icyphy/ptII/lib/jackson-annotations-2.9.0.jar:/home/travis/build/icyphy/ptII/lib/jackson-core-2.9.3.jar:/home/travis/build/icyphy/ptII/lib/jackson-databind-2.9.3.jar:/home/travis/build/icyphy/ptII/lib/netty-buffer-4.1.19.Final.jar:/home/travis/build/icyphy/ptII/lib/netty-codec-4.1.19.Final.jar:/home/travis/build/icyphy/ptII/lib/netty-codec-dns-4.1.19.Final.jar:/home/travis/build/icyphy/ptII/lib/netty-codec-http-4.1.19.Final.jar:/home/travis/build/icyphy/ptII/lib/netty-codec-http2-4.1.19.Final.jar:/home/travis/build/icyphy/ptII/lib/netty-common-4.1.19.Final.jar:/home/travis/build/icyphy/ptII/lib/netty-handler-4.1.19.Final.jar:/home/travis/build/icyphy/ptII/lib/netty-resolver-4.1.19.Final.jar:/home/travis/build/icyphy/ptII/lib/netty-resolver-dns-4.1.19.Final.jar:/home/travis/build/icyphy/ptII/lib/netty-transport-4.1.19.Final.jar:/home/travis/build/icyphy/ptII/lib/vertx-codegen-3.5.1.jar:/home/travis/build/icyphy/ptII/lib/vertx-core-3.5.2-SNAPSHOT.jar:/home/travis/build/icyphy/ptII/lib/vertx-hazelcast-3.5.1.jar:/home/travis/build/icyphy/ptII/lib/vertx-lang-js-3.5.1.jar:/home/travis/build/icyphy/ptII/lib/vertx-service-proxy-3.5.1.jar:/home/travis/build/icyphy/ptII/lib/vertx-web-3.5.1.jar:/home/travis/build/icyphy/ptII/lib/slf4j-api-1.7.13.jar:/home/travis/build/icyphy/ptII/lib/slf4j-simple-1.7.13.jar:/home/travis/build/icyphy/ptII/lib/webcam-capture-0.3.12.jar:/home/travis/build/icyphy/ptII/lib/bridj-0.7.0.jar:/home/travis/build/icyphy/ptII/lib/xbjlib-1.1.0.nrjavaserial.jar:/home/travis/build/icyphy/ptII/ptolemy/moml/test:/home/travis/build/icyphy/ptII/ant/lib/ant-launcher.jar:/home/travis/build/icyphy/ptII/ant/lib/ant.jar:/home/travis/build/icyphy/ptII/ant/lib/ant-junit.jar:/home/travis/build/icyphy/ptII/ant/lib/ant-junit4.jar" />
    <property name="ant.library.dir" value="/home/travis/build/icyphy/ptII/ant/lib" />
    <property name="os.arch" value="amd64" />
    <property name="env.CONTINUOUS_INTEGRATION" value="true" />
    <property name="env.TRAVIS_LANGUAGE" value="node_js" />
    <property name="env.TRAVIS_STACK_LANGUAGES" value="__sardonyx__ c c++ clojure cplusplus cpp default generic go groovy java node_js php pure_java python ruby scala" />
    <property name="test.name" value="ptolemy.actor.lib.test.junit.JUnitTclTest" />
    <property name="env.APT_KEY_DONT_WARN_ON_DANGEROUS_USAGE" value="1" />
    <property name="sun.java.launcher" value="SUN_STANDARD" />
    <property name="env.PYTHON_CONFIGURE_OPTS" value="--enable-unicode=ucs4 --with-wide-unicode --enable-shared --enable-ipv6 --enable-loadable-sqlite-extensions --with-computed-gotos" />
    <property name="ant.core.lib" value="/home/travis/build/icyphy/ptII/ant/lib/ant.jar" />
    <property name="java.vm.specification.vendor" value="Oracle Corporation" />
    <property name="env.BCVTB_HOME" value="/home/travis/build/icyphy/ptII/lbnl" />
    <property name="file.separator" value="/" />
    <property name="spotbugs.home" value="/home/travis/build/icyphy/ptII/vendors/spotbugs-3.1.1" />
    <property name="java.runtime.version" value="11.0.2+9" />
    <property name="env.ANSI_CLEAR" value="\033[0K" />
    <property name="env.HAS_JOSH_K_SEAL_OF_APPROVAL" value="true" />
    <property name="env.XDG_RUNTIME_DIR" value="/run/user/2000" />
    <property name="env.TRAVIS_OSX_IMAGE" value="" />
    <property name="env.TRAVIS_JOB_ID" value="554516022" />
    <property name="env.TRAVIS_BRANCH" value="master" />
    <property name="user.country" value="US" />
    <property name="env.CERTI_HOME_TRAVIS" value="/home/travis/pthla/certi-tools" />
    <property name="env.SHELL" value="/bin/bash" />
    <property name="java.maxmemory.large" value="5000m" />
    <property name="model" value="" />
    <property name="env.CASHER_DIR" value="/home/travis/.casher" />
    <property name="env.NVM_CD_FLAGS" value="" />
    <property name="java.vendor.version" value="18.9" />
    <property name="jshint.executable" value="/home/travis/node_modules/jshint/bin/jshint" />
    <property name="env.JRUBY_OPTS" value=" --client -J-XX:+TieredCompilation -J-XX:TieredStopAtLevel=1 -J-Xss2m -Xcompile.invokedynamic=false" />
    <property name="java.vendor" value="Oracle Corporation" />
    <property name="env.TRAVIS_PRE_CHEF_BOOTSTRAP_TIME" value="2019-03-25T16:16:42" />
    <property name="env.TRAVIS_STACK_JOB_BOARD_REGISTER" value="/.job-board-register.yml" />
    <property name="env.ANSI_RED" value="\033[31;1m" />
    <property name="java.specification.version" value="11" />
    <property name="env.IRBRC" value="/home/travis/.rvm/rubies/ruby-2.5.3/.irbrc" />
    <property name="env.TRAVIS" value="true" />
    <property name="sun.arch.data.model" value="64" />
  </properties>
  <testcase classname="ptolemy.util.test.junit.TclTests" name="[0] /home/travis/build/icyphy/ptII/ptolemy/actor/lib/test/AbsoluteValue.tcl (RunTclFile)" time="0.581" />
  <testcase classname="ptolemy.util.test.junit.TclTests" name="[1] /home/travis/build/icyphy/ptII/ptolemy/actor/lib/test/AddSubtract.tcl (RunTclFile)" time="0.263" />
  <testcase classname="ptolemy.util.test.junit.TclTests" name="[2] /home/travis/build/icyphy/ptII/ptolemy/actor/lib/test/Average.tcl (RunTclFile)" time="0.08" />
  <testcase classname="ptolemy.util.test.junit.TclTests" name="[3] /home/travis/build/icyphy/ptII/ptolemy/actor/lib/test/Bernoulli.tcl (RunTclFile)" time="0.022" />
  <testcase classname="ptolemy.util.test.junit.TclTests" name="[4] /home/travis/build/icyphy/ptII/ptolemy/actor/lib/test/Clock.tcl (RunTclFile)" time="0.073" />
  <testcase classname="ptolemy.util.test.junit.TclTests" name="[5] /home/travis/build/icyphy/ptII/ptolemy/actor/lib/test/Commutator.tcl (RunTclFile)" time="0.214">
    <failure message="Number of failed tests is has increased. expected:&lt;0&gt; but was:&lt;1&gt;" type="junit.framework.AssertionFailedError">junit.framework.AssertionFailedError: Number of failed tests is has increased. expected:&lt;0&gt; but was:&lt;1&gt;
	at ptolemy.util.test.junit.TclTests.RunTclFile(TclTests.java:286)
	at java.base/jdk.internal.reflect.NativeMethodAccessorImpl.invoke0(Native Method)
	at java.base/jdk.internal.reflect.NativeMethodAccessorImpl.invoke(NativeMethodAccessorImpl.java:62)
	at java.base/jdk.internal.reflect.DelegatingMethodAccessorImpl.invoke(DelegatingMethodAccessorImpl.java:43)
	at junitparams.internal.InvokeParameterisedMethod.evaluate(InvokeParameterisedMethod.java:102)
	at junitparams.internal.ParameterisedTestMethodRunner.runMethodInvoker(ParameterisedTestMethodRunner.java:47)
	at junitparams.internal.ParameterisedTestMethodRunner.runTestMethod(ParameterisedTestMethodRunner.java:41)
	at junitparams.internal.ParameterisedTestClassRunner.runParameterisedTest(ParameterisedTestClassRunner.java:143)
	at junitparams.JUnitParamsRunner.runChild(JUnitParamsRunner.java:237)
	at junitparams.JUnitParamsRunner.runChild(JUnitParamsRunner.java:215)
</failure>
  </testcase>
  <testcase classname="ptolemy.util.test.junit.TclTests" name="[6] /home/travis/build/icyphy/ptII/ptolemy/actor/lib/test/Const.tcl (RunTclFile)" time="0.114" />
  <testcase classname="ptolemy.util.test.junit.TclTests" name="[7] /home/travis/build/icyphy/ptII/ptolemy/actor/lib/test/CurrentTime.tcl (RunTclFile)" time="0.069" />
  <testcase classname="ptolemy.util.test.junit.TclTests" name="[8] /home/travis/build/icyphy/ptII/ptolemy/actor/lib/test/DB.tcl (RunTclFile)" time="0.033" />
  <testcase classname="ptolemy.util.test.junit.TclTests" name="[9] /home/travis/build/icyphy/ptII/ptolemy/actor/lib/test/DiscreteRandomSource.tcl (RunTclFile)" time="0.03" />
  <testcase classname="ptolemy.util.test.junit.TclTests" name="[10] /home/travis/build/icyphy/ptII/ptolemy/actor/lib/test/Distributor.tcl (RunTclFile)" time="0.054" />
  <testcase classname="ptolemy.util.test.junit.TclTests" name="[11] /home/travis/build/icyphy/ptII/ptolemy/actor/lib/test/Exit.tcl (RunTclFile)" time="0.108" />
  <testcase classname="ptolemy.util.test.junit.TclTests" name="[12] /home/travis/build/icyphy/ptII/ptolemy/actor/lib/test/Expression.tcl (RunTclFile)" time="0.177" />
  <testcase classname="ptolemy.util.test.junit.TclTests" name="[13] /home/travis/build/icyphy/ptII/ptolemy/actor/lib/test/Gaussian.tcl (RunTclFile)" time="0.451" />
  <testcase classname="ptolemy.util.test.junit.TclTests" name="[14] /home/travis/build/icyphy/ptII/ptolemy/actor/lib/test/IIR.tcl (RunTclFile)" time="0.028" />
  <testcase classname="ptolemy.util.test.junit.TclTests" name="[15] /home/travis/build/icyphy/ptII/ptolemy/actor/lib/test/Interpolator.tcl (RunTclFile)" time="0.145" />
  <testcase classname="ptolemy.util.test.junit.TclTests" name="[16] /home/travis/build/icyphy/ptII/ptolemy/actor/lib/test/MathFunction.tcl (RunTclFile)" time="0.115" />
  <testcase classname="ptolemy.util.test.junit.TclTests" name="[17] /home/travis/build/icyphy/ptII/ptolemy/actor/lib/test/Maximum.tcl (RunTclFile)" time="0.053" />
  <testcase classname="ptolemy.util.test.junit.TclTests" name="[18] /home/travis/build/icyphy/ptII/ptolemy/actor/lib/test/Minimum.tcl (RunTclFile)" time="0.045" />
  <testcase classname="ptolemy.util.test.junit.TclTests" name="[19] /home/travis/build/icyphy/ptII/ptolemy/actor/lib/test/MultiplyDivide.tcl (RunTclFile)" time="0.027" />
  <testcase classname="ptolemy.util.test.junit.TclTests" name="[20] /home/travis/build/icyphy/ptII/ptolemy/actor/lib/test/OrderedMerge.tcl (RunTclFile)" time="0.126" />
  <testcase classname="ptolemy.util.test.junit.TclTests" name="[21] /home/travis/build/icyphy/ptII/ptolemy/actor/lib/test/Publisher.tcl (RunTclFile)" time="1.485" />
  <testcase classname="ptolemy.util.test.junit.TclTests" name="[22] /home/travis/build/icyphy/ptII/ptolemy/actor/lib/test/Pulse.tcl (RunTclFile)" time="0.105" />
  <testcase classname="ptolemy.util.test.junit.TclTests" name="[23] /home/travis/build/icyphy/ptII/ptolemy/actor/lib/test/Ramp.tcl (RunTclFile)" time="2.396" />
  <testcase classname="ptolemy.util.test.junit.TclTests" name="[24] /home/travis/build/icyphy/ptII/ptolemy/actor/lib/test/RampContinuous.tcl (RunTclFile)" time="0.026" />
  <testcase classname="ptolemy.util.test.junit.TclTests" name="[25] /home/travis/build/icyphy/ptII/ptolemy/actor/lib/test/RecordAssembler.tcl (RunTclFile)" time="0.022" />
  <testcase classname="ptolemy.util.test.junit.TclTests" name="[26] /home/travis/build/icyphy/ptII/ptolemy/actor/lib/test/RecordDisassembler.tcl (RunTclFile)" time="0.039" />
  <testcase classname="ptolemy.util.test.junit.TclTests" name="[27] /home/travis/build/icyphy/ptII/ptolemy/actor/lib/test/Scale.tcl (RunTclFile)" time="0.045" />
  <testcase classname="ptolemy.util.test.junit.TclTests" name="[28] /home/travis/build/icyphy/ptII/ptolemy/actor/lib/test/SequentialClock.tcl (RunTclFile)" time="0.019" />
  <testcase classname="ptolemy.util.test.junit.TclTests" name="[29] /home/travis/build/icyphy/ptII/ptolemy/actor/lib/test/SetVariable.tcl (RunTclFile)" time="0.022">
    <failure message="Number of failed tests is has increased. expected:&lt;1&gt; but was:&lt;2&gt;" type="junit.framework.AssertionFailedError">junit.framework.AssertionFailedError: Number of failed tests is has increased. expected:&lt;1&gt; but was:&lt;2&gt;
	at ptolemy.util.test.junit.TclTests.RunTclFile(TclTests.java:286)
	at jdk.internal.reflect.GeneratedMethodAccessor19.invoke(Unknown Source)
	at java.base/jdk.internal.reflect.DelegatingMethodAccessorImpl.invoke(DelegatingMethodAccessorImpl.java:43)
	at junitparams.internal.InvokeParameterisedMethod.evaluate(InvokeParameterisedMethod.java:102)
	at junitparams.internal.ParameterisedTestMethodRunner.runMethodInvoker(ParameterisedTestMethodRunner.java:47)
	at junitparams.internal.ParameterisedTestMethodRunner.runTestMethod(ParameterisedTestMethodRunner.java:41)
	at junitparams.internal.ParameterisedTestClassRunner.runParameterisedTest(ParameterisedTestClassRunner.java:143)
	at junitparams.JUnitParamsRunner.runChild(JUnitParamsRunner.java:237)
	at junitparams.JUnitParamsRunner.runChild(JUnitParamsRunner.java:215)
</failure>
  </testcase>
  <testcase classname="ptolemy.util.test.junit.TclTests" name="[30] /home/travis/build/icyphy/ptII/ptolemy/actor/lib/test/Sinewave.tcl (RunTclFile)" time="0.061" />
  <testcase classname="ptolemy.util.test.junit.TclTests" name="[31] /home/travis/build/icyphy/ptII/ptolemy/actor/lib/test/SubscriptionAggregator.tcl (RunTclFile)" time="2.654" />
  <testcase classname="ptolemy.util.test.junit.TclTests" name="[32] /home/travis/build/icyphy/ptII/ptolemy/actor/lib/test/Test.tcl (RunTclFile)" time="0.126" />
  <testcase classname="ptolemy.util.test.junit.TclTests" name="[33] /home/travis/build/icyphy/ptII/ptolemy/actor/lib/test/TestExceptionHandler.tcl (RunTclFile)" time="0.013" />
  <testcase classname="ptolemy.util.test.junit.TclTests" name="[34] /home/travis/build/icyphy/ptII/ptolemy/actor/lib/test/UnionDisassembler.tcl (RunTclFile)" time="0.051" />
  <testcase classname="ptolemy.util.test.junit.TclTests" name="[35] /home/travis/build/icyphy/ptII/ptolemy/actor/lib/test/VariableClock.tcl (RunTclFile)" time="0.018" />
  <testcase classname="ptolemy.util.test.junit.AutoKnownFailedTests" name="[0] /home/travis/build/icyphy/ptII/ptolemy/actor/lib/test/auto/knownFailedTests/PublisherPortToplevelSubscriber.xml (RunModel)" time="0.024" />
  <testcase classname="ptolemy.util.test.junit.AutoKnownFailedTests" name="[1] /home/travis/build/icyphy/ptII/ptolemy/actor/lib/test/auto/knownFailedTests/PublisherSubscriberPortToplevel.xml (RunModel)" time="0.023" />
  <testcase classname="ptolemy.util.test.junit.AutoKnownFailedTests" name="[2] /home/travis/build/icyphy/ptII/ptolemy/actor/lib/test/auto/knownFailedTests/PublisherSubscriptionAggregatorPort.xml (RunModel)" time="0.021" />
  <testcase classname="ptolemy.util.test.junit.AutoKnownFailedTests" name="[3] /home/travis/build/icyphy/ptII/ptolemy/actor/lib/test/auto/knownFailedTests/sizedarray3.xml (RunModel)" time="0.033" />
  <testcase classname="ptolemy.util.test.junit.AutoNameArchTests" name="[0] ThereAreNoAutoArchTests (RunModel)" time="0.003" />
  <testcase classname="ptolemy.util.test.junit.AutoTests" name="[0] /home/travis/build/icyphy/ptII/ptolemy/actor/lib/test/auto/AbsoluteValue.xml (RunModel)" time="0.141" />
  <testcase classname="ptolemy.util.test.junit.AutoTests" name="[1] /home/travis/build/icyphy/ptII/ptolemy/actor/lib/test/auto/AbsoluteValue2.xml (RunModel)" time="0.044" />
  <testcase classname="ptolemy.util.test.junit.AutoTests" name="[2] /home/travis/build/icyphy/ptII/ptolemy/actor/lib/test/auto/Accumulator.xml (RunModel)" time="0.044" />
  <testcase classname="ptolemy.util.test.junit.AutoTests" name="[3] /home/travis/build/icyphy/ptII/ptolemy/actor/lib/test/auto/Accumulator2.xml (RunModel)" time="0.199" />
  <testcase classname="ptolemy.util.test.junit.AutoTests" name="[4] /home/travis/build/icyphy/ptII/ptolemy/actor/lib/test/auto/Accumulator3.xml (RunModel)" time="0.056" />
  <testcase classname="ptolemy.util.test.junit.AutoTests" name="[5] /home/travis/build/icyphy/ptII/ptolemy/actor/lib/test/auto/ArrayAppend.xml (RunModel)" time="0.07" />
  <testcase classname="ptolemy.util.test.junit.AutoTests" name="[6] /home/travis/build/icyphy/ptII/ptolemy/actor/lib/test/auto/ArrayAppend2.xml (RunModel)" time="0.494" />
  <testcase classname="ptolemy.util.test.junit.AutoTests" name="[7] /home/travis/build/icyphy/ptII/ptolemy/actor/lib/test/auto/ArrayAppend3.xml (RunModel)" time="0.049" />
  <testcase classname="ptolemy.util.test.junit.AutoTests" name="[8] /home/travis/build/icyphy/ptII/ptolemy/actor/lib/test/auto/ArrayAppend4.xml (RunModel)" time="0.03" />
  <testcase classname="ptolemy.util.test.junit.AutoTests" name="[9] /home/travis/build/icyphy/ptII/ptolemy/actor/lib/test/auto/ArrayAppend5.xml (RunModel)" time="0.026" />
  <testcase classname="ptolemy.util.test.junit.AutoTests" name="[10] /home/travis/build/icyphy/ptII/ptolemy/actor/lib/test/auto/ArrayAppend6.xml (RunModel)" time="0.026" />
  <testcase classname="ptolemy.util.test.junit.AutoTests" name="[11] /home/travis/build/icyphy/ptII/ptolemy/actor/lib/test/auto/ArrayAppendPerformanceTest.xml (RunModel)" time="0.089" />
  <testcase classname="ptolemy.util.test.junit.AutoTests" name="[12] /home/travis/build/icyphy/ptII/ptolemy/actor/lib/test/auto/ArrayAppendWithEmptyInput.xml (RunModel)" time="0.064" />
  <testcase classname="ptolemy.util.test.junit.AutoTests" name="[13] /home/travis/build/icyphy/ptII/ptolemy/actor/lib/test/auto/ArrayAverage.xml (RunModel)" time="0.051" />
  <testcase classname="ptolemy.util.test.junit.AutoTests" name="[14] /home/travis/build/icyphy/ptII/ptolemy/actor/lib/test/auto/ArrayContains.xml (RunModel)" time="0.04" />
  <testcase classname="ptolemy.util.test.junit.AutoTests" name="[15] /home/travis/build/icyphy/ptII/ptolemy/actor/lib/test/auto/ArrayElement.xml (RunModel)" time="0.027" />
  <testcase classname="ptolemy.util.test.junit.AutoTests" name="[16] /home/travis/build/icyphy/ptII/ptolemy/actor/lib/test/auto/ArrayElementAsMatrix.xml (RunModel)" time="0.052" />
  <testcase classname="ptolemy.util.test.junit.AutoTests" name="[17] /home/travis/build/icyphy/ptII/ptolemy/actor/lib/test/auto/ArrayElementI.xml (RunModel)" time="0.018" />
  <testcase classname="ptolemy.util.test.junit.AutoTests" name="[18] /home/travis/build/icyphy/ptII/ptolemy/actor/lib/test/auto/ArrayExtract.xml (RunModel)" time="0.041" />
  <testcase classname="ptolemy.util.test.junit.AutoTests" name="[19] /home/travis/build/icyphy/ptII/ptolemy/actor/lib/test/auto/ArrayExtract2.xml (RunModel)" time="0.021" />
  <testcase classname="ptolemy.util.test.junit.AutoTests" name="[20] /home/travis/build/icyphy/ptII/ptolemy/actor/lib/test/auto/ArrayLength.xml (RunModel)" time="0.032" />
  <testcase classname="ptolemy.util.test.junit.AutoTests" name="[21] /home/travis/build/icyphy/ptII/ptolemy/actor/lib/test/auto/ArrayLevelCrossing.xml (RunModel)" time="0.035" />
  <testcase classname="ptolemy.util.test.junit.AutoTests" name="[22] /home/travis/build/icyphy/ptII/ptolemy/actor/lib/test/auto/ArrayLevelCrossing2.xml (RunModel)" time="0.03" />
  <testcase classname="ptolemy.util.test.junit.AutoTests" name="[23] /home/travis/build/icyphy/ptII/ptolemy/actor/lib/test/auto/ArrayPeakSearch.xml (RunModel)" time="0.051" />
  <testcase classname="ptolemy.util.test.junit.AutoTests" name="[24] /home/travis/build/icyphy/ptII/ptolemy/actor/lib/test/auto/ArrayPeakSearch2.xml (RunModel)" time="0.051" />
  <testcase classname="ptolemy.util.test.junit.AutoTests" name="[25] /home/travis/build/icyphy/ptII/ptolemy/actor/lib/test/auto/ArrayPeakSearch3.xml (RunModel)" time="0.064" />
  <testcase classname="ptolemy.util.test.junit.AutoTests" name="[26] /home/travis/build/icyphy/ptII/ptolemy/actor/lib/test/auto/ArrayRemoveElement.xml (RunModel)" time="0.042" />
  <testcase classname="ptolemy.util.test.junit.AutoTests" name="[27] /home/travis/build/icyphy/ptII/ptolemy/actor/lib/test/auto/ArraySort.xml (RunModel)" time="0.05" />
  <testcase classname="ptolemy.util.test.junit.AutoTests" name="[28] /home/travis/build/icyphy/ptII/ptolemy/actor/lib/test/auto/ArraySum.xml (RunModel)" time="0.035" />
  <testcase classname="ptolemy.util.test.junit.AutoTests" name="[29] /home/travis/build/icyphy/ptII/ptolemy/actor/lib/test/auto/ArrayToElements.xml (RunModel)" time="0.035" />
  <testcase classname="ptolemy.util.test.junit.AutoTests" name="[30] /home/travis/build/icyphy/ptII/ptolemy/actor/lib/test/auto/ArrayToMatrix.xml (RunModel)" time="0.063" />
  <testcase classname="ptolemy.util.test.junit.AutoTests" name="[31] /home/travis/build/icyphy/ptII/ptolemy/actor/lib/test/auto/ArrayUpdate1.xml (RunModel)" time="0.029" />
  <testcase classname="ptolemy.util.test.junit.AutoTests" name="[32] /home/travis/build/icyphy/ptII/ptolemy/actor/lib/test/auto/ArrayUpdate2.xml (RunModel)" time="0.03" />
  <testcase classname="ptolemy.util.test.junit.AutoTests" name="[33] /home/travis/build/icyphy/ptII/ptolemy/actor/lib/test/auto/ArrayUpdate3.xml (RunModel)" time="0.022" />
  <testcase classname="ptolemy.util.test.junit.AutoTests" name="[34] /home/travis/build/icyphy/ptII/ptolemy/actor/lib/test/auto/Assert1.xml (RunModel)" time="0.031" />
  <testcase classname="ptolemy.util.test.junit.AutoTests" name="[35] /home/travis/build/icyphy/ptII/ptolemy/actor/lib/test/auto/Assert2.xml (RunModel)" time="0.022" />
  <testcase classname="ptolemy.util.test.junit.AutoTests" name="[36] /home/travis/build/icyphy/ptII/ptolemy/actor/lib/test/auto/BooleanMultiplexor.xml (RunModel)" time="0.021" />
  <testcase classname="ptolemy.util.test.junit.AutoTests" name="[37] /home/travis/build/icyphy/ptII/ptolemy/actor/lib/test/auto/BooleanMultiplexor2.xml (RunModel)" time="0.028" />
  <testcase classname="ptolemy.util.test.junit.AutoTests" name="[38] /home/travis/build/icyphy/ptII/ptolemy/actor/lib/test/auto/BooleanMultiplexor3.xml (RunModel)" time="0.06" />
  <testcase classname="ptolemy.util.test.junit.AutoTests" name="[39] /home/travis/build/icyphy/ptII/ptolemy/actor/lib/test/auto/BooleanSelect.xml (RunModel)" time="0.034" />
  <testcase classname="ptolemy.util.test.junit.AutoTests" name="[40] /home/travis/build/icyphy/ptII/ptolemy/actor/lib/test/auto/BooleanSelect2.xml (RunModel)" time="0.021" />
  <testcase classname="ptolemy.util.test.junit.AutoTests" name="[41] /home/travis/build/icyphy/ptII/ptolemy/actor/lib/test/auto/BooleanSwitch.xml (RunModel)" time="0.027" />
  <testcase classname="ptolemy.util.test.junit.AutoTests" name="[42] /home/travis/build/icyphy/ptII/ptolemy/actor/lib/test/auto/BooleanSwitch2.xml (RunModel)" time="0.023" />
  <testcase classname="ptolemy.util.test.junit.AutoTests" name="[43] /home/travis/build/icyphy/ptII/ptolemy/actor/lib/test/auto/BooleanSwitchCloningBugWithClassRelationGroup.xml (RunModel)" time="0.052" />
  <testcase classname="ptolemy.util.test.junit.AutoTests" name="[44] /home/travis/build/icyphy/ptII/ptolemy/actor/lib/test/auto/BusActors.xml (RunModel)" time="0.042" />
  <testcase classname="ptolemy.util.test.junit.AutoTests" name="[45] /home/travis/build/icyphy/ptII/ptolemy/actor/lib/test/auto/ClassWrapper.xml (RunModel)" time="0.03" />
  <testcase classname="ptolemy.util.test.junit.AutoTests" name="[46] /home/travis/build/icyphy/ptII/ptolemy/actor/lib/test/auto/Clock.xml (RunModel)" time="0.017" />
  <testcase classname="ptolemy.util.test.junit.AutoTests" name="[47] /home/travis/build/icyphy/ptII/ptolemy/actor/lib/test/auto/Clock10.xml (RunModel)" time="0.03" />
  <testcase classname="ptolemy.util.test.junit.AutoTests" name="[48] /home/travis/build/icyphy/ptII/ptolemy/actor/lib/test/auto/Clock11.xml (RunModel)" time="0.025" />
  <testcase classname="ptolemy.util.test.junit.AutoTests" name="[49] /home/travis/build/icyphy/ptII/ptolemy/actor/lib/test/auto/Clock12.xml (RunModel)" time="0.021" />
  <testcase classname="ptolemy.util.test.junit.AutoTests" name="[50] /home/travis/build/icyphy/ptII/ptolemy/actor/lib/test/auto/Clock13.xml (RunModel)" time="0.021" />
  <testcase classname="ptolemy.util.test.junit.AutoTests" name="[51] /home/travis/build/icyphy/ptII/ptolemy/actor/lib/test/auto/Clock14.xml (RunModel)" time="0.024" />
  <testcase classname="ptolemy.util.test.junit.AutoTests" name="[52] /home/travis/build/icyphy/ptII/ptolemy/actor/lib/test/auto/Clock15.xml (RunModel)" time="0.015" />
  <testcase classname="ptolemy.util.test.junit.AutoTests" name="[53] /home/travis/build/icyphy/ptII/ptolemy/actor/lib/test/auto/Clock16.xml (RunModel)" time="0.123" />
  <testcase classname="ptolemy.util.test.junit.AutoTests" name="[54] /home/travis/build/icyphy/ptII/ptolemy/actor/lib/test/auto/Clock17.xml (RunModel)" time="0.091" />
  <testcase classname="ptolemy.util.test.junit.AutoTests" name="[55] /home/travis/build/icyphy/ptII/ptolemy/actor/lib/test/auto/Clock18.xml (RunModel)" time="0.059" />
  <testcase classname="ptolemy.util.test.junit.AutoTests" name="[56] /home/travis/build/icyphy/ptII/ptolemy/actor/lib/test/auto/Clock19.xml (RunModel)" time="0.052" />
  <testcase classname="ptolemy.util.test.junit.AutoTests" name="[57] /home/travis/build/icyphy/ptII/ptolemy/actor/lib/test/auto/Clock2.xml (RunModel)" time="0.022" />
  <testcase classname="ptolemy.util.test.junit.AutoTests" name="[58] /home/travis/build/icyphy/ptII/ptolemy/actor/lib/test/auto/Clock20.xml (RunModel)" time="0.027" />
  <testcase classname="ptolemy.util.test.junit.AutoTests" name="[59] /home/travis/build/icyphy/ptII/ptolemy/actor/lib/test/auto/Clock21.xml (RunModel)" time="0.017" />
  <testcase classname="ptolemy.util.test.junit.AutoTests" name="[60] /home/travis/build/icyphy/ptII/ptolemy/actor/lib/test/auto/Clock22.xml (RunModel)" time="0.023" />
  <testcase classname="ptolemy.util.test.junit.AutoTests" name="[61] /home/travis/build/icyphy/ptII/ptolemy/actor/lib/test/auto/Clock23.xml (RunModel)" time="0.029" />
  <testcase classname="ptolemy.util.test.junit.AutoTests" name="[62] /home/travis/build/icyphy/ptII/ptolemy/actor/lib/test/auto/Clock24.xml (RunModel)" time="0.022" />
  <testcase classname="ptolemy.util.test.junit.AutoTests" name="[63] /home/travis/build/icyphy/ptII/ptolemy/actor/lib/test/auto/Clock4.xml (RunModel)" time="0.016" />
  <testcase classname="ptolemy.util.test.junit.AutoTests" name="[64] /home/travis/build/icyphy/ptII/ptolemy/actor/lib/test/auto/Clock5.xml (RunModel)" time="0.015" />
  <testcase classname="ptolemy.util.test.junit.AutoTests" name="[65] /home/travis/build/icyphy/ptII/ptolemy/actor/lib/test/auto/Clock6.xml (RunModel)" time="0.013" />
  <testcase classname="ptolemy.util.test.junit.AutoTests" name="[66] /home/travis/build/icyphy/ptII/ptolemy/actor/lib/test/auto/Clock7.xml (RunModel)" time="0.014" />
  <testcase classname="ptolemy.util.test.junit.AutoTests" name="[67] /home/travis/build/icyphy/ptII/ptolemy/actor/lib/test/auto/Clock8.xml (RunModel)" time="0.02" />
  <testcase classname="ptolemy.util.test.junit.AutoTests" name="[68] /home/travis/build/icyphy/ptII/ptolemy/actor/lib/test/auto/Clock9.xml (RunModel)" time="0.017" />
  <testcase classname="ptolemy.util.test.junit.AutoTests" name="[69] /home/travis/build/icyphy/ptII/ptolemy/actor/lib/test/auto/CommDistDiscard.xml (RunModel)" time="0.025" />
  <testcase classname="ptolemy.util.test.junit.AutoTests" name="[70] /home/travis/build/icyphy/ptII/ptolemy/actor/lib/test/auto/Commutator.xml (RunModel)" time="0.023" />
  <testcase classname="ptolemy.util.test.junit.AutoTests" name="[71] /home/travis/build/icyphy/ptII/ptolemy/actor/lib/test/auto/Commutator2.xml (RunModel)" time="0.014" />
  <testcase classname="ptolemy.util.test.junit.AutoTests" name="[72] /home/travis/build/icyphy/ptII/ptolemy/actor/lib/test/auto/Commutator3.xml (RunModel)" time="0.014" />
  <testcase classname="ptolemy.util.test.junit.AutoTests" name="[73] /home/travis/build/icyphy/ptII/ptolemy/actor/lib/test/auto/Compare.xml (RunModel)" time="0.02" />
  <testcase classname="ptolemy.util.test.junit.AutoTests" name="[74] /home/travis/build/icyphy/ptII/ptolemy/actor/lib/test/auto/CompareDE.xml (RunModel)" time="0.02" />
  <testcase classname="ptolemy.util.test.junit.AutoTests" name="[75] /home/travis/build/icyphy/ptII/ptolemy/actor/lib/test/auto/ComplexDivide.xml (RunModel)" time="0.011" />
  <testcase classname="ptolemy.util.test.junit.AutoTests" name="[76] /home/travis/build/icyphy/ptII/ptolemy/actor/lib/test/auto/ComputeHistogram.xml (RunModel)" time="0.059" />
  <testcase classname="ptolemy.util.test.junit.AutoTests" name="[77] /home/travis/build/icyphy/ptII/ptolemy/actor/lib/test/auto/ConfigurationSelect.xml (RunModel)" time="0.023" />
  <testcase classname="ptolemy.util.test.junit.AutoTests" name="[78] /home/travis/build/icyphy/ptII/ptolemy/actor/lib/test/auto/ConfigurationSelect2.xml (RunModel)" time="0.015" />
  <testcase classname="ptolemy.util.test.junit.AutoTests" name="[79] /home/travis/build/icyphy/ptII/ptolemy/actor/lib/test/auto/ConfigurationSwitch.xml (RunModel)" time="0.032" />
  <testcase classname="ptolemy.util.test.junit.AutoTests" name="[80] /home/travis/build/icyphy/ptII/ptolemy/actor/lib/test/auto/ConfigurationSwitch2.xml (RunModel)" time="0.029" />
  <testcase classname="ptolemy.util.test.junit.AutoTests" name="[81] /home/travis/build/icyphy/ptII/ptolemy/actor/lib/test/auto/ConfigurationSwitchCloningBugWithClassRelationGroup.xml (RunModel)" time="0.026" />
  <testcase classname="ptolemy.util.test.junit.AutoTests" name="[82] /home/travis/build/icyphy/ptII/ptolemy/actor/lib/test/auto/ConfigurationSwitchSelectSDF.xml (RunModel)" time="0.017" />
  <testcase classname="ptolemy.util.test.junit.AutoTests" name="[83] /home/travis/build/icyphy/ptII/ptolemy/actor/lib/test/auto/ConfigurationSwitchSelectSDF2.xml (RunModel)" time="0.014" />
  <testcase classname="ptolemy.util.test.junit.AutoTests" name="[84] /home/travis/build/icyphy/ptII/ptolemy/actor/lib/test/auto/Const.xml (RunModel)" time="0.01" />
  <testcase classname="ptolemy.util.test.junit.AutoTests" name="[85] /home/travis/build/icyphy/ptII/ptolemy/actor/lib/test/auto/Const2.xml (RunModel)" time="0.011" />
  <testcase classname="ptolemy.util.test.junit.AutoTests" name="[86] /home/travis/build/icyphy/ptII/ptolemy/actor/lib/test/auto/Const3.xml (RunModel)" time="0.008" />
  <testcase classname="ptolemy.util.test.junit.AutoTests" name="[87] /home/travis/build/icyphy/ptII/ptolemy/actor/lib/test/auto/ConstantPublisherPort1.xml (RunModel)" time="0.025" />
  <testcase classname="ptolemy.util.test.junit.AutoTests" name="[88] /home/travis/build/icyphy/ptII/ptolemy/actor/lib/test/auto/ConstantPublisherPort2.xml (RunModel)" time="0.03" />
  <testcase classname="ptolemy.util.test.junit.AutoTests" name="[89] /home/travis/build/icyphy/ptII/ptolemy/actor/lib/test/auto/ConstantPublisherPort3.xml (RunModel)" time="0.035" />
  <testcase classname="ptolemy.util.test.junit.AutoTests" name="[90] /home/travis/build/icyphy/ptII/ptolemy/actor/lib/test/auto/ConstantPublisherPort4.xml (RunModel)" time="0.02" />
  <testcase classname="ptolemy.util.test.junit.AutoTests" name="[91] /home/travis/build/icyphy/ptII/ptolemy/actor/lib/test/auto/ConstantPublisherPort5.xml (RunModel)" time="0.046" />
  <testcase classname="ptolemy.util.test.junit.AutoTests" name="[92] /home/travis/build/icyphy/ptII/ptolemy/actor/lib/test/auto/ConstantPublisherPort6.xml (RunModel)" time="0.031" />
  <testcase classname="ptolemy.util.test.junit.AutoTests" name="[93] /home/travis/build/icyphy/ptII/ptolemy/actor/lib/test/auto/ConstantPublisherPort7.xml (RunModel)" time="0.039" />
  <testcase classname="ptolemy.util.test.junit.AutoTests" name="[94] /home/travis/build/icyphy/ptII/ptolemy/actor/lib/test/auto/ConstraintMonitor1.xml (RunModel)" time="0.044" />
  <testcase classname="ptolemy.util.test.junit.AutoTests" name="[95] /home/travis/build/icyphy/ptII/ptolemy/actor/lib/test/auto/ConstraintMonitor2.xml (RunModel)" time="0.017" />
  <testcase classname="ptolemy.util.test.junit.AutoTests" name="[96] /home/travis/build/icyphy/ptII/ptolemy/actor/lib/test/auto/ConstraintMonitor3.xml (RunModel)" time="0.017" />
  <testcase classname="ptolemy.util.test.junit.AutoTests" name="[97] /home/travis/build/icyphy/ptII/ptolemy/actor/lib/test/auto/ConstraintMonitor4.xml (RunModel)" time="0.017" />
  <testcase classname="ptolemy.util.test.junit.AutoTests" name="[98] /home/travis/build/icyphy/ptII/ptolemy/actor/lib/test/auto/ConstraintMonitor5.xml (RunModel)" time="0.018" />
  <testcase classname="ptolemy.util.test.junit.AutoTests" name="[99] /home/travis/build/icyphy/ptII/ptolemy/actor/lib/test/auto/ConstraintMonitor6.xml (RunModel)" time="0.018" />
  <testcase classname="ptolemy.util.test.junit.AutoTests" name="[100] /home/travis/build/icyphy/ptII/ptolemy/actor/lib/test/auto/ConstraintMonitor7.xml (RunModel)" time="0.027" />
  <testcase classname="ptolemy.util.test.junit.AutoTests" name="[101] /home/travis/build/icyphy/ptII/ptolemy/actor/lib/test/auto/ConstraintMonitor8.xml (RunModel)" time="0.02" />
  <testcase classname="ptolemy.util.test.junit.AutoTests" name="[102] /home/travis/build/icyphy/ptII/ptolemy/actor/lib/test/auto/Counter.xml (RunModel)" time="0.018" />
  <testcase classname="ptolemy.util.test.junit.AutoTests" name="[103] /home/travis/build/icyphy/ptII/ptolemy/actor/lib/test/auto/CurrentTimeSDF.xml (RunModel)" time="0.011" />
  <testcase classname="ptolemy.util.test.junit.AutoTests" name="[104] /home/travis/build/icyphy/ptII/ptolemy/actor/lib/test/auto/DB.xml (RunModel)" time="0.017" />
  <testcase classname="ptolemy.util.test.junit.AutoTests" name="[105] /home/travis/build/icyphy/ptII/ptolemy/actor/lib/test/auto/DBDE.xml (RunModel)" time="0.016" />
  <testcase classname="ptolemy.util.test.junit.AutoTests" name="[106] /home/travis/build/icyphy/ptII/ptolemy/actor/lib/test/auto/DateConstructor.xml (RunModel)" time="0.077" />
  <testcase classname="ptolemy.util.test.junit.AutoTests" name="[107] /home/travis/build/icyphy/ptII/ptolemy/actor/lib/test/auto/DelayTime.xml (RunModel)" time="0.02" />
  <testcase classname="ptolemy.util.test.junit.AutoTests" name="[108] /home/travis/build/icyphy/ptII/ptolemy/actor/lib/test/auto/Dictionary1.xml (RunModel)" time="0.021" />
  <testcase classname="ptolemy.util.test.junit.AutoTests" name="[109] /home/travis/build/icyphy/ptII/ptolemy/actor/lib/test/auto/Dictionary2.xml (RunModel)" time="0.015" />
  <testcase classname="ptolemy.util.test.junit.AutoTests" name="[110] /home/travis/build/icyphy/ptII/ptolemy/actor/lib/test/auto/Dictionary3.xml (RunModel)" time="0.015" />
  <testcase classname="ptolemy.util.test.junit.AutoTests" name="[111] /home/travis/build/icyphy/ptII/ptolemy/actor/lib/test/auto/Dictionary4.xml (RunModel)" time="0.025" />
  <testcase classname="ptolemy.util.test.junit.AutoTests" name="[112] /home/travis/build/icyphy/ptII/ptolemy/actor/lib/test/auto/Differential.xml (RunModel)" time="0.014" />
  <testcase classname="ptolemy.util.test.junit.AutoTests" name="[113] /home/travis/build/icyphy/ptII/ptolemy/actor/lib/test/auto/Director.xml (RunModel)" time="0.011" />
  <testcase classname="ptolemy.util.test.junit.AutoTests" name="[114] /home/travis/build/icyphy/ptII/ptolemy/actor/lib/test/auto/DiscreteClock.xml (RunModel)" time="0.011" />
  <testcase classname="ptolemy.util.test.junit.AutoTests" name="[115] /home/travis/build/icyphy/ptII/ptolemy/actor/lib/test/auto/DiscreteClock10.xml (RunModel)" time="0.014" />
  <testcase classname="ptolemy.util.test.junit.AutoTests" name="[116] /home/travis/build/icyphy/ptII/ptolemy/actor/lib/test/auto/DiscreteClock11.xml (RunModel)" time="0.014" />
  <testcase classname="ptolemy.util.test.junit.AutoTests" name="[117] /home/travis/build/icyphy/ptII/ptolemy/actor/lib/test/auto/DiscreteClock12.xml (RunModel)" time="0.018" />
  <testcase classname="ptolemy.util.test.junit.AutoTests" name="[118] /home/travis/build/icyphy/ptII/ptolemy/actor/lib/test/auto/DiscreteClock13.xml (RunModel)" time="0.017" />
  <testcase classname="ptolemy.util.test.junit.AutoTests" name="[119] /home/travis/build/icyphy/ptII/ptolemy/actor/lib/test/auto/DiscreteClock14.xml (RunModel)" time="0.019" />
  <testcase classname="ptolemy.util.test.junit.AutoTests" name="[120] /home/travis/build/icyphy/ptII/ptolemy/actor/lib/test/auto/DiscreteClock15.xml (RunModel)" time="0.02" />
  <testcase classname="ptolemy.util.test.junit.AutoTests" name="[121] /home/travis/build/icyphy/ptII/ptolemy/actor/lib/test/auto/DiscreteClock16.xml (RunModel)" time="0.082" />
  <testcase classname="ptolemy.util.test.junit.AutoTests" name="[122] /home/travis/build/icyphy/ptII/ptolemy/actor/lib/test/auto/DiscreteClock17.xml (RunModel)" time="0.055" />
  <testcase classname="ptolemy.util.test.junit.AutoTests" name="[123] /home/travis/build/icyphy/ptII/ptolemy/actor/lib/test/auto/DiscreteClock18.xml (RunModel)" time="0.054" />
  <testcase classname="ptolemy.util.test.junit.AutoTests" name="[124] /home/travis/build/icyphy/ptII/ptolemy/actor/lib/test/auto/DiscreteClock19.xml (RunModel)" time="0.058" />
  <testcase classname="ptolemy.util.test.junit.AutoTests" name="[125] /home/travis/build/icyphy/ptII/ptolemy/actor/lib/test/auto/DiscreteClock2.xml (RunModel)" time="0.014" />
  <testcase classname="ptolemy.util.test.junit.AutoTests" name="[126] /home/travis/build/icyphy/ptII/ptolemy/actor/lib/test/auto/DiscreteClock20.xml (RunModel)" time="0.024" />
  <testcase classname="ptolemy.util.test.junit.AutoTests" name="[127] /home/travis/build/icyphy/ptII/ptolemy/actor/lib/test/auto/DiscreteClock21.xml (RunModel)" time="0.019" />
  <testcase classname="ptolemy.util.test.junit.AutoTests" name="[128] /home/travis/build/icyphy/ptII/ptolemy/actor/lib/test/auto/DiscreteClock22.xml (RunModel)" time="0.02" />
  <testcase classname="ptolemy.util.test.junit.AutoTests" name="[129] /home/travis/build/icyphy/ptII/ptolemy/actor/lib/test/auto/DiscreteClock23.xml (RunModel)" time="0.025" />
  <testcase classname="ptolemy.util.test.junit.AutoTests" name="[130] /home/travis/build/icyphy/ptII/ptolemy/actor/lib/test/auto/DiscreteClock24.xml (RunModel)" time="0.016" />
  <testcase classname="ptolemy.util.test.junit.AutoTests" name="[131] /home/travis/build/icyphy/ptII/ptolemy/actor/lib/test/auto/DiscreteClock4.xml (RunModel)" time="0.015" />
  <testcase classname="ptolemy.util.test.junit.AutoTests" name="[132] /home/travis/build/icyphy/ptII/ptolemy/actor/lib/test/auto/DiscreteClock5.xml (RunModel)" time="0.012" />
  <testcase classname="ptolemy.util.test.junit.AutoTests" name="[133] /home/travis/build/icyphy/ptII/ptolemy/actor/lib/test/auto/DiscreteClock6.xml (RunModel)" time="0.009" />
  <testcase classname="ptolemy.util.test.junit.AutoTests" name="[134] /home/travis/build/icyphy/ptII/ptolemy/actor/lib/test/auto/DiscreteClock7.xml (RunModel)" time="0.022" />
  <testcase classname="ptolemy.util.test.junit.AutoTests" name="[135] /home/travis/build/icyphy/ptII/ptolemy/actor/lib/test/auto/DiscreteClock8.xml (RunModel)" time="0.016" />
  <testcase classname="ptolemy.util.test.junit.AutoTests" name="[136] /home/travis/build/icyphy/ptII/ptolemy/actor/lib/test/auto/DiscreteClock9.xml (RunModel)" time="0.016" />
  <testcase classname="ptolemy.util.test.junit.AutoTests" name="[137] /home/travis/build/icyphy/ptII/ptolemy/actor/lib/test/auto/DisplayArray.xml (RunModel)" time="0.012" />
  <testcase classname="ptolemy.util.test.junit.AutoTests" name="[138] /home/travis/build/icyphy/ptII/ptolemy/actor/lib/test/auto/Distributor.xml (RunModel)" time="0.011" />
  <testcase classname="ptolemy.util.test.junit.AutoTests" name="[139] /home/travis/build/icyphy/ptII/ptolemy/actor/lib/test/auto/Distributor2.xml (RunModel)" time="0.013" />
  <testcase classname="ptolemy.util.test.junit.AutoTests" name="[140] /home/travis/build/icyphy/ptII/ptolemy/actor/lib/test/auto/DownSample.xml (RunModel)" time="0.014" />
  <testcase classname="ptolemy.util.test.junit.AutoTests" name="[141] /home/travis/build/icyphy/ptII/ptolemy/actor/lib/test/auto/ElectronicUnitBase1.xml (RunModel)" time="0.066" />
  <testcase classname="ptolemy.util.test.junit.AutoTests" name="[142] /home/travis/build/icyphy/ptII/ptolemy/actor/lib/test/auto/ElementsToArray.xml (RunModel)" time="0.011" />
  <testcase classname="ptolemy.util.test.junit.AutoTests" name="[143] /home/travis/build/icyphy/ptII/ptolemy/actor/lib/test/auto/Equals.xml (RunModel)" time="0.017" />
  <testcase classname="ptolemy.util.test.junit.AutoTests" name="[144] /home/travis/build/icyphy/ptII/ptolemy/actor/lib/test/auto/Exec.xml (RunModel)" time="0.034" />
  <testcase classname="ptolemy.util.test.junit.AutoTests" name="[145] /home/travis/build/icyphy/ptII/ptolemy/actor/lib/test/auto/ExecEnvironment.xml (RunModel)" time="0.049" />
  <testcase classname="ptolemy.util.test.junit.AutoTests" name="[146] /home/travis/build/icyphy/ptII/ptolemy/actor/lib/test/auto/ExecNonZeroReturnOutput.xml (RunModel)" time="0.268" />
  <testcase classname="ptolemy.util.test.junit.AutoTests" name="[147] /home/travis/build/icyphy/ptII/ptolemy/actor/lib/test/auto/ExecRunDemos.xml (RunModel)" time="11.413">
    <error type="java.lang.reflect.InvocationTargetException">java.lang.reflect.InvocationTargetException
	at jdk.internal.reflect.GeneratedConstructorAccessor36.newInstance(Unknown Source)
	at java.base/jdk.internal.reflect.DelegatingConstructorAccessorImpl.newInstance(DelegatingConstructorAccessorImpl.java:45)
	at java.base/java.lang.reflect.Constructor.newInstance(Constructor.java:490)
	at ptolemy.util.test.junit.AutoTests.RunModel(AutoTests.java:193)
	at jdk.internal.reflect.GeneratedMethodAccessor43.invoke(Unknown Source)
	at java.base/jdk.internal.reflect.DelegatingMethodAccessorImpl.invoke(DelegatingMethodAccessorImpl.java:43)
	at junitparams.internal.InvokeParameterisedMethod.evaluate(InvokeParameterisedMethod.java:102)
Caused by: ptolemy.kernel.util.IllegalActionException: Test fails in iteration 0.
Value was: &quot;WARNING: An illegal reflective access operation has occurred\nWARNING: Illegal reflective access by io.netty.util.internal.ReflectionUtil (file:/home/travis/build/icyphy/ptII/lib/netty-common-4.1.19.Final.jar) to constructor java.nio.DirectByteBuffer(long,int)\nWARNING: Please consider reporting this to the maintainers of io.netty.util.internal.ReflectionUtil\nWARNING: Use --illegal-access=warn to enable warnings of further illegal reflective access operations\nWARNING: All illegal access operations will be denied in a future release\n&quot;. Should have been: &quot;&quot;
  in .ExecRunDemos.Test
	at ptolemy.actor.lib.Test.fire(Test.java:268)
	at ptolemy.actor.AtomicActor.iterate(AtomicActor.java:512)
	at ptolemy.actor.sched.StaticSchedulingDirector.fire(StaticSchedulingDirector.java:216)
	at ptolemy.domains.sdf.kernel.SDFDirector.fire(SDFDirector.java:500)
	at ptolemy.actor.CompositeActor.fire(CompositeActor.java:455)
	at ptolemy.actor.Manager.iterate(Manager.java:851)
	at ptolemy.actor.Manager.execute(Manager.java:369)
	at ptolemy.actor.Manager.run(Manager.java:1263)
	at ptolemy.actor.Manager$PtolemyRunThread.run(Manager.java:1915)
</error>
  </testcase>
  <testcase classname="ptolemy.util.test.junit.AutoTests" name="[148] /home/travis/build/icyphy/ptII/ptolemy/actor/lib/test/auto/ExecStop.xml (RunModel)" time="5.044" />
  <testcase classname="ptolemy.util.test.junit.AutoTests" name="[149] /home/travis/build/icyphy/ptII/ptolemy/actor/lib/test/auto/ExecutionTimeSDF.xml (RunModel)" time="6.037" />
  <testcase classname="ptolemy.util.test.junit.AutoTests" name="[150] /home/travis/build/icyphy/ptII/ptolemy/actor/lib/test/auto/Expression1.xml (RunModel)" time="0.011" />
  <testcase classname="ptolemy.util.test.junit.AutoTests" name="[151] /home/travis/build/icyphy/ptII/ptolemy/actor/lib/test/auto/Expression10.xml (RunModel)" time="0.035" />
  <testcase classname="ptolemy.util.test.junit.AutoTests" name="[152] /home/travis/build/icyphy/ptII/ptolemy/actor/lib/test/auto/Expression11.xml (RunModel)" time="0.024" />
  <testcase classname="ptolemy.util.test.junit.AutoTests" name="[153] /home/travis/build/icyphy/ptII/ptolemy/actor/lib/test/auto/Expression12.xml (RunModel)" time="0.024" />
  <testcase classname="ptolemy.util.test.junit.AutoTests" name="[154] /home/travis/build/icyphy/ptII/ptolemy/actor/lib/test/auto/Expression13.xml (RunModel)" time="0.03" />
  <testcase classname="ptolemy.util.test.junit.AutoTests" name="[155] /home/travis/build/icyphy/ptII/ptolemy/actor/lib/test/auto/Expression14.xml (RunModel)" time="0.022" />
  <testcase classname="ptolemy.util.test.junit.AutoTests" name="[156] /home/travis/build/icyphy/ptII/ptolemy/actor/lib/test/auto/Expression15.xml (RunModel)" time="0.01" />
  <testcase classname="ptolemy.util.test.junit.AutoTests" name="[157] /home/travis/build/icyphy/ptII/ptolemy/actor/lib/test/auto/Expression16.xml (RunModel)" time="0.017" />
  <testcase classname="ptolemy.util.test.junit.AutoTests" name="[158] /home/travis/build/icyphy/ptII/ptolemy/actor/lib/test/auto/Expression17.xml (RunModel)" time="0.016" />
  <testcase classname="ptolemy.util.test.junit.AutoTests" name="[159] /home/travis/build/icyphy/ptII/ptolemy/actor/lib/test/auto/Expression18.xml (RunModel)" time="0.016" />
  <testcase classname="ptolemy.util.test.junit.AutoTests" name="[160] /home/travis/build/icyphy/ptII/ptolemy/actor/lib/test/auto/Expression2.xml (RunModel)" time="0.016" />
  <testcase classname="ptolemy.util.test.junit.AutoTests" name="[161] /home/travis/build/icyphy/ptII/ptolemy/actor/lib/test/auto/Expression3.xml (RunModel)" time="0.021" />
  <testcase classname="ptolemy.util.test.junit.AutoTests" name="[162] /home/travis/build/icyphy/ptII/ptolemy/actor/lib/test/auto/Expression4.xml (RunModel)" time="0.022" />
  <testcase classname="ptolemy.util.test.junit.AutoTests" name="[163] /home/travis/build/icyphy/ptII/ptolemy/actor/lib/test/auto/Expression5.xml (RunModel)" time="0.013" />
  <testcase classname="ptolemy.util.test.junit.AutoTests" name="[164] /home/travis/build/icyphy/ptII/ptolemy/actor/lib/test/auto/Expression6.xml (RunModel)" time="0.01" />
  <testcase classname="ptolemy.util.test.junit.AutoTests" name="[165] /home/travis/build/icyphy/ptII/ptolemy/actor/lib/test/auto/Expression7.xml (RunModel)" time="0.012" />
  <testcase classname="ptolemy.util.test.junit.AutoTests" name="[166] /home/travis/build/icyphy/ptII/ptolemy/actor/lib/test/auto/Expression8.xml (RunModel)" time="0.013" />
  <testcase classname="ptolemy.util.test.junit.AutoTests" name="[167] /home/travis/build/icyphy/ptII/ptolemy/actor/lib/test/auto/Expression9.xml (RunModel)" time="0.009" />
  <testcase classname="ptolemy.util.test.junit.AutoTests" name="[168] /home/travis/build/icyphy/ptII/ptolemy/actor/lib/test/auto/ExpressionConcatenateArrayType.xml (RunModel)" time="0.027" />
  <testcase classname="ptolemy.util.test.junit.AutoTests" name="[169] /home/travis/build/icyphy/ptII/ptolemy/actor/lib/test/auto/ExpressionConcatenateArrayType2.xml (RunModel)" time="0.016" />
  <testcase classname="ptolemy.util.test.junit.AutoTests" name="[170] /home/travis/build/icyphy/ptII/ptolemy/actor/lib/test/auto/ExpressionFix.xml (RunModel)" time="0.044" />
  <testcase classname="ptolemy.util.test.junit.AutoTests" name="[171] /home/travis/build/icyphy/ptII/ptolemy/actor/lib/test/auto/ExpressionFix2.xml (RunModel)" time="0.012" />
  <testcase classname="ptolemy.util.test.junit.AutoTests" name="[172] /home/travis/build/icyphy/ptII/ptolemy/actor/lib/test/auto/ExpressionFix3.xml (RunModel)" time="0.016" />
  <testcase classname="ptolemy.util.test.junit.AutoTests" name="[173] /home/travis/build/icyphy/ptII/ptolemy/actor/lib/test/auto/FileWriter1.xml (RunModel)" time="0.011" />
  <testcase classname="ptolemy.util.test.junit.AutoTests" name="[174] /home/travis/build/icyphy/ptII/ptolemy/actor/lib/test/auto/FileWriter2.xml (RunModel)" time="0.016" />
  <testcase classname="ptolemy.util.test.junit.AutoTests" name="[175] /home/travis/build/icyphy/ptII/ptolemy/actor/lib/test/auto/FileWriter3.xml (RunModel)" time="0.013" />
  <testcase classname="ptolemy.util.test.junit.AutoTests" name="[176] /home/travis/build/icyphy/ptII/ptolemy/actor/lib/test/auto/Gaussian.xml (RunModel)" time="0.015" />
  <testcase classname="ptolemy.util.test.junit.AutoTests" name="[177] /home/travis/build/icyphy/ptII/ptolemy/actor/lib/test/auto/Gaussian1.xml (RunModel)" time="0.023" />
  <testcase classname="ptolemy.util.test.junit.AutoTests" name="[178] /home/travis/build/icyphy/ptII/ptolemy/actor/lib/test/auto/Gaussian2.xml (RunModel)" time="0.02" />
  <testcase classname="ptolemy.util.test.junit.AutoTests" name="[179] /home/travis/build/icyphy/ptII/ptolemy/actor/lib/test/auto/GradientAdaptiveLattice.xml (RunModel)" time="0.023" />
  <testcase classname="ptolemy.util.test.junit.AutoTests" name="[180] /home/travis/build/icyphy/ptII/ptolemy/actor/lib/test/auto/IIR.xml (RunModel)" time="0.013" />
  <testcase classname="ptolemy.util.test.junit.AutoTests" name="[181] /home/travis/build/icyphy/ptII/ptolemy/actor/lib/test/auto/InputOutputTransparentPorts.xml (RunModel)" time="0.023" />
  <testcase classname="ptolemy.util.test.junit.AutoTests" name="[182] /home/travis/build/icyphy/ptII/ptolemy/actor/lib/test/auto/Interpolator.xml (RunModel)" time="0.015" />
  <testcase classname="ptolemy.util.test.junit.AutoTests" name="[183] /home/travis/build/icyphy/ptII/ptolemy/actor/lib/test/auto/InterpolatorFiringLimitDE.xml (RunModel)" time="0.014" />
  <testcase classname="ptolemy.util.test.junit.AutoTests" name="[184] /home/travis/build/icyphy/ptII/ptolemy/actor/lib/test/auto/Lattice.xml (RunModel)" time="0.01" />
  <testcase classname="ptolemy.util.test.junit.AutoTests" name="[185] /home/travis/build/icyphy/ptII/ptolemy/actor/lib/test/auto/LazyAOCTestLazy.xml (RunModel)" time="0.039" />
  <testcase classname="ptolemy.util.test.junit.AutoTests" name="[186] /home/travis/build/icyphy/ptII/ptolemy/actor/lib/test/auto/LazyAOCTestNonLazy.xml (RunModel)" time="0.042" />
  <testcase classname="ptolemy.util.test.junit.AutoTests" name="[187] /home/travis/build/icyphy/ptII/ptolemy/actor/lib/test/auto/LazyInnerClass.xml (RunModel)" time="0.072" />
  <testcase classname="ptolemy.util.test.junit.AutoTests" name="[188] /home/travis/build/icyphy/ptII/ptolemy/actor/lib/test/auto/LazyPubSub.xml (RunModel)" time="0.059" />
  <testcase classname="ptolemy.util.test.junit.AutoTests" name="[189] /home/travis/build/icyphy/ptII/ptolemy/actor/lib/test/auto/LazyPubSub2.xml (RunModel)" time="0.071" />
  <testcase classname="ptolemy.util.test.junit.AutoTests" name="[190] /home/travis/build/icyphy/ptII/ptolemy/actor/lib/test/auto/LazyPubSub3.xml (RunModel)" time="0.035" />
  <testcase classname="ptolemy.util.test.junit.AutoTests" name="[191] /home/travis/build/icyphy/ptII/ptolemy/actor/lib/test/auto/LazySubClassModel.xml (RunModel)" time="0.025" />
  <testcase classname="ptolemy.util.test.junit.AutoTests" name="[192] /home/travis/build/icyphy/ptII/ptolemy/actor/lib/test/auto/LevelCrossTest1.xml (RunModel)" time="0.013" />
  <testcase classname="ptolemy.util.test.junit.AutoTests" name="[193] /home/travis/build/icyphy/ptII/ptolemy/actor/lib/test/auto/LevelCrossTest10.xml (RunModel)" time="0.02" />
  <testcase classname="ptolemy.util.test.junit.AutoTests" name="[194] /home/travis/build/icyphy/ptII/ptolemy/actor/lib/test/auto/LevelCrossTest11.xml (RunModel)" time="0.02" />
  <testcase classname="ptolemy.util.test.junit.AutoTests" name="[195] /home/travis/build/icyphy/ptII/ptolemy/actor/lib/test/auto/LevelCrossTest12.xml (RunModel)" time="0.02" />
  <testcase classname="ptolemy.util.test.junit.AutoTests" name="[196] /home/travis/build/icyphy/ptII/ptolemy/actor/lib/test/auto/LevelCrossTest13.xml (RunModel)" time="0.017" />
  <testcase classname="ptolemy.util.test.junit.AutoTests" name="[197] /home/travis/build/icyphy/ptII/ptolemy/actor/lib/test/auto/LevelCrossTest2.xml (RunModel)" time="0.013" />
  <testcase classname="ptolemy.util.test.junit.AutoTests" name="[198] /home/travis/build/icyphy/ptII/ptolemy/actor/lib/test/auto/LevelCrossTest3.xml (RunModel)" time="0.014" />
  <testcase classname="ptolemy.util.test.junit.AutoTests" name="[199] /home/travis/build/icyphy/ptII/ptolemy/actor/lib/test/auto/LevelCrossTest4.xml (RunModel)" time="0.013" />
  <testcase classname="ptolemy.util.test.junit.AutoTests" name="[200] /home/travis/build/icyphy/ptII/ptolemy/actor/lib/test/auto/LevelCrossTest5.xml (RunModel)" time="0.02" />
  <testcase classname="ptolemy.util.test.junit.AutoTests" name="[201] /home/travis/build/icyphy/ptII/ptolemy/actor/lib/test/auto/LevelCrossTest6.xml (RunModel)" time="0.016" />
  <testcase classname="ptolemy.util.test.junit.AutoTests" name="[202] /home/travis/build/icyphy/ptII/ptolemy/actor/lib/test/auto/LevelCrossTest7.xml (RunModel)" time="0.023" />
  <testcase classname="ptolemy.util.test.junit.AutoTests" name="[203] /home/travis/build/icyphy/ptII/ptolemy/actor/lib/test/auto/LevelCrossTest8.xml (RunModel)" time="0.031" />
  <testcase classname="ptolemy.util.test.junit.AutoTests" name="[204] /home/travis/build/icyphy/ptII/ptolemy/actor/lib/test/auto/LevelCrossTest9.xml (RunModel)" time="0.026" />
  <testcase classname="ptolemy.util.test.junit.AutoTests" name="[205] /home/travis/build/icyphy/ptII/ptolemy/actor/lib/test/auto/LevinsonDurbin.xml (RunModel)" time="0.011" />
  <testcase classname="ptolemy.util.test.junit.AutoTests" name="[206] /home/travis/build/icyphy/ptII/ptolemy/actor/lib/test/auto/LevinsonDurbin2.xml (RunModel)" time="0.01" />
  <testcase classname="ptolemy.util.test.junit.AutoTests" name="[207] /home/travis/build/icyphy/ptII/ptolemy/actor/lib/test/auto/LevinsonDurbin3.xml (RunModel)" time="0.015" />
  <testcase classname="ptolemy.util.test.junit.AutoTests" name="[208] /home/travis/build/icyphy/ptII/ptolemy/actor/lib/test/auto/Limiter.xml (RunModel)" time="0.035" />
  <testcase classname="ptolemy.util.test.junit.AutoTests" name="[209] /home/travis/build/icyphy/ptII/ptolemy/actor/lib/test/auto/LinearDifferenceEquationSystem.xml (RunModel)" time="0.023" />
  <testcase classname="ptolemy.util.test.junit.AutoTests" name="[210] /home/travis/build/icyphy/ptII/ptolemy/actor/lib/test/auto/LookupTable.xml (RunModel)" time="0.011" />
  <testcase classname="ptolemy.util.test.junit.AutoTests" name="[211] /home/travis/build/icyphy/ptII/ptolemy/actor/lib/test/auto/MathFunction.xml (RunModel)" time="0.029" />
  <testcase classname="ptolemy.util.test.junit.AutoTests" name="[212] /home/travis/build/icyphy/ptII/ptolemy/actor/lib/test/auto/MathFunction2.xml (RunModel)" time="0.026" />
  <testcase classname="ptolemy.util.test.junit.AutoTests" name="[213] /home/travis/build/icyphy/ptII/ptolemy/actor/lib/test/auto/MathFunction3.xml (RunModel)" time="0.023" />
  <testcase classname="ptolemy.util.test.junit.AutoTests" name="[214] /home/travis/build/icyphy/ptII/ptolemy/actor/lib/test/auto/MatrixCropBoolean.xml (RunModel)" time="0.018" />
  <testcase classname="ptolemy.util.test.junit.AutoTests" name="[215] /home/travis/build/icyphy/ptII/ptolemy/actor/lib/test/auto/MatrixCropComplex.xml (RunModel)" time="0.016" />
  <testcase classname="ptolemy.util.test.junit.AutoTests" name="[216] /home/travis/build/icyphy/ptII/ptolemy/actor/lib/test/auto/MatrixCropDouble.xml (RunModel)" time="0.013" />
  <testcase classname="ptolemy.util.test.junit.AutoTests" name="[217] /home/travis/build/icyphy/ptII/ptolemy/actor/lib/test/auto/MatrixCropFix.xml (RunModel)" time="0.024" />
  <testcase classname="ptolemy.util.test.junit.AutoTests" name="[218] /home/travis/build/icyphy/ptII/ptolemy/actor/lib/test/auto/MatrixCropInt.xml (RunModel)" time="0.012" />
  <testcase classname="ptolemy.util.test.junit.AutoTests" name="[219] /home/travis/build/icyphy/ptII/ptolemy/actor/lib/test/auto/MatrixCropLong.xml (RunModel)" time="0.012" />
  <testcase classname="ptolemy.util.test.junit.AutoTests" name="[220] /home/travis/build/icyphy/ptII/ptolemy/actor/lib/test/auto/MatrixToArray.xml (RunModel)" time="0.096" />
  <testcase classname="ptolemy.util.test.junit.AutoTests" name="[221] /home/travis/build/icyphy/ptII/ptolemy/actor/lib/test/auto/MaxIndex.xml (RunModel)" time="0.016" />
  <testcase classname="ptolemy.util.test.junit.AutoTests" name="[222] /home/travis/build/icyphy/ptII/ptolemy/actor/lib/test/auto/Maximum.xml (RunModel)" time="0.016" />
  <testcase classname="ptolemy.util.test.junit.AutoTests" name="[223] /home/travis/build/icyphy/ptII/ptolemy/actor/lib/test/auto/MaximumComplex.xml (RunModel)" time="0.019" />
  <testcase classname="ptolemy.util.test.junit.AutoTests" name="[224] /home/travis/build/icyphy/ptII/ptolemy/actor/lib/test/auto/MethodCallTest.xml (RunModel)" time="0.033" />
  <testcase classname="ptolemy.util.test.junit.AutoTests" name="[225] /home/travis/build/icyphy/ptII/ptolemy/actor/lib/test/auto/Minimum.xml (RunModel)" time="0.016" />
  <testcase classname="ptolemy.util.test.junit.AutoTests" name="[226] /home/travis/build/icyphy/ptII/ptolemy/actor/lib/test/auto/MinimumComplex.xml (RunModel)" time="0.025" />
  <testcase classname="ptolemy.util.test.junit.AutoTests" name="[227] /home/travis/build/icyphy/ptII/ptolemy/actor/lib/test/auto/MinimumMultiports.xml (RunModel)" time="0.023" />
  <testcase classname="ptolemy.util.test.junit.AutoTests" name="[228] /home/travis/build/icyphy/ptII/ptolemy/actor/lib/test/auto/ModifyDate.xml (RunModel)" time="0.047" />
  <testcase classname="ptolemy.util.test.junit.AutoTests" name="[229] /home/travis/build/icyphy/ptII/ptolemy/actor/lib/test/auto/ModifyDate2.xml (RunModel)" time="0.036" />
  <testcase classname="ptolemy.util.test.junit.AutoTests" name="[230] /home/travis/build/icyphy/ptII/ptolemy/actor/lib/test/auto/MovingAverage.xml (RunModel)" time="0.014" />
  <testcase classname="ptolemy.util.test.junit.AutoTests" name="[231] /home/travis/build/icyphy/ptII/ptolemy/actor/lib/test/auto/MovingMaximum.xml (RunModel)" time="0.014" />
  <testcase classname="ptolemy.util.test.junit.AutoTests" name="[232] /home/travis/build/icyphy/ptII/ptolemy/actor/lib/test/auto/MultipleLinksToSameRelation.xml (RunModel)" time="0.012" />
  <testcase classname="ptolemy.util.test.junit.AutoTests" name="[233] /home/travis/build/icyphy/ptII/ptolemy/actor/lib/test/auto/MultipleLinksToSameRelationDE.xml (RunModel)" time="0.01" />
  <testcase classname="ptolemy.util.test.junit.AutoTests" name="[234] /home/travis/build/icyphy/ptII/ptolemy/actor/lib/test/auto/Multiplexor.xml (RunModel)" time="0.013" />
  <testcase classname="ptolemy.util.test.junit.AutoTests" name="[235] /home/travis/build/icyphy/ptII/ptolemy/actor/lib/test/auto/Multiplexor1.xml (RunModel)" time="0.012" />
  <testcase classname="ptolemy.util.test.junit.AutoTests" name="[236] /home/travis/build/icyphy/ptII/ptolemy/actor/lib/test/auto/Multiplexor2.xml (RunModel)" time="0.015" />
  <testcase classname="ptolemy.util.test.junit.AutoTests" name="[237] /home/travis/build/icyphy/ptII/ptolemy/actor/lib/test/auto/Multiplexor3.xml (RunModel)" time="0.011" />
  <testcase classname="ptolemy.util.test.junit.AutoTests" name="[238] /home/travis/build/icyphy/ptII/ptolemy/actor/lib/test/auto/MultiplexorDE.xml (RunModel)" time="0.019" />
  <testcase classname="ptolemy.util.test.junit.AutoTests" name="[239] /home/travis/build/icyphy/ptII/ptolemy/actor/lib/test/auto/MultiportBroadcastTest.xml (RunModel)" time="0.096" />
  <testcase classname="ptolemy.util.test.junit.AutoTests" name="[240] /home/travis/build/icyphy/ptII/ptolemy/actor/lib/test/auto/MultiportOutHangDuringGetWidth.xml (RunModel)" time="0.036" />
  <testcase classname="ptolemy.util.test.junit.AutoTests" name="[241] /home/travis/build/icyphy/ptII/ptolemy/actor/lib/test/auto/NilToken.xml (RunModel)" time="0.014" />
  <testcase classname="ptolemy.util.test.junit.AutoTests" name="[242] /home/travis/build/icyphy/ptII/ptolemy/actor/lib/test/auto/NilTokenNonStrictTest.xml (RunModel)" time="0.015" />
  <testcase classname="ptolemy.util.test.junit.AutoTests" name="[243] /home/travis/build/icyphy/ptII/ptolemy/actor/lib/test/auto/NilTokenRecord.xml (RunModel)" time="0.033" />
  <testcase classname="ptolemy.util.test.junit.AutoTests" name="[244] /home/travis/build/icyphy/ptII/ptolemy/actor/lib/test/auto/NilTokenTypeTest.xml (RunModel)" time="0.034" />
  <testcase classname="ptolemy.util.test.junit.AutoTests" name="[245] /home/travis/build/icyphy/ptII/ptolemy/actor/lib/test/auto/ObjectToken1.xml (RunModel)" time="0.013" />
  <testcase classname="ptolemy.util.test.junit.AutoTests" name="[246] /home/travis/build/icyphy/ptII/ptolemy/actor/lib/test/auto/OrderedMerge.xml (RunModel)" time="0.025" />
  <testcase classname="ptolemy.util.test.junit.AutoTests" name="[247] /home/travis/build/icyphy/ptII/ptolemy/actor/lib/test/auto/OrderedRecordDisassembler.xml (RunModel)" time="0.023" />
  <testcase classname="ptolemy.util.test.junit.AutoTests" name="[248] /home/travis/build/icyphy/ptII/ptolemy/actor/lib/test/auto/OrderedRecordDisassembler2.xml (RunModel)" time="0.022" />
  <testcase classname="ptolemy.util.test.junit.AutoTests" name="[249] /home/travis/build/icyphy/ptII/ptolemy/actor/lib/test/auto/OrderedRecordUpdater.xml (RunModel)" time="0.013" />
  <testcase classname="ptolemy.util.test.junit.AutoTests" name="[250] /home/travis/build/icyphy/ptII/ptolemy/actor/lib/test/auto/OrderedRecordUpdater2.xml (RunModel)" time="0.021" />
  <testcase classname="ptolemy.util.test.junit.AutoTests" name="[251] /home/travis/build/icyphy/ptII/ptolemy/actor/lib/test/auto/PhaseUnwrap.xml (RunModel)" time="0.014" />
  <testcase classname="ptolemy.util.test.junit.AutoTests" name="[252] /home/travis/build/icyphy/ptII/ptolemy/actor/lib/test/auto/PoissonClock.xml (RunModel)" time="0.013" />
  <testcase classname="ptolemy.util.test.junit.AutoTests" name="[253] /home/travis/build/icyphy/ptII/ptolemy/actor/lib/test/auto/PoissonClock2.xml (RunModel)" time="0.01" />
  <testcase classname="ptolemy.util.test.junit.AutoTests" name="[254] /home/travis/build/icyphy/ptII/ptolemy/actor/lib/test/auto/PoissonClock3.xml (RunModel)" time="0.034" />
  <testcase classname="ptolemy.util.test.junit.AutoTests" name="[255] /home/travis/build/icyphy/ptII/ptolemy/actor/lib/test/auto/PubSubWithInitialTokens.xml (RunModel)" time="0.021" />
  <testcase classname="ptolemy.util.test.junit.AutoTests" name="[256] /home/travis/build/icyphy/ptII/ptolemy/actor/lib/test/auto/PubSubWithInitialTokens2.xml (RunModel)" time="0.018" />
  <testcase classname="ptolemy.util.test.junit.AutoTests" name="[257] /home/travis/build/icyphy/ptII/ptolemy/actor/lib/test/auto/PublisherClassNoParameter.xml (RunModel)" time="0.041" />
  <testcase classname="ptolemy.util.test.junit.AutoTests" name="[258] /home/travis/build/icyphy/ptII/ptolemy/actor/lib/test/auto/PublisherClassParameter.xml (RunModel)" time="0.025" />
  <testcase classname="ptolemy.util.test.junit.AutoTests" name="[259] /home/travis/build/icyphy/ptII/ptolemy/actor/lib/test/auto/PublisherNonStrictTest.xml (RunModel)" time="0.019" />
  <testcase classname="ptolemy.util.test.junit.AutoTests" name="[260] /home/travis/build/icyphy/ptII/ptolemy/actor/lib/test/auto/PublisherPort1.xml (RunModel)" time="0.014" />
  <testcase classname="ptolemy.util.test.junit.AutoTests" name="[261] /home/travis/build/icyphy/ptII/ptolemy/actor/lib/test/auto/PublisherPort2.xml (RunModel)" time="0.011" />
  <testcase classname="ptolemy.util.test.junit.AutoTests" name="[262] /home/travis/build/icyphy/ptII/ptolemy/actor/lib/test/auto/PublisherPort3.xml (RunModel)" time="0.022" />
  <testcase classname="ptolemy.util.test.junit.AutoTests" name="[263] /home/travis/build/icyphy/ptII/ptolemy/actor/lib/test/auto/PublisherPort4.xml (RunModel)" time="0.023" />
  <testcase classname="ptolemy.util.test.junit.AutoTests" name="[264] /home/travis/build/icyphy/ptII/ptolemy/actor/lib/test/auto/PublisherPort5.xml (RunModel)" time="0.017" />
  <testcase classname="ptolemy.util.test.junit.AutoTests" name="[265] /home/travis/build/icyphy/ptII/ptolemy/actor/lib/test/auto/PublisherPort5LookAlike.xml (RunModel)" time="0.028" />
  <testcase classname="ptolemy.util.test.junit.AutoTests" name="[266] /home/travis/build/icyphy/ptII/ptolemy/actor/lib/test/auto/PublisherPort6.xml (RunModel)" time="0.014" />
  <testcase classname="ptolemy.util.test.junit.AutoTests" name="[267] /home/travis/build/icyphy/ptII/ptolemy/actor/lib/test/auto/PublisherPort7.xml (RunModel)" time="0.018" />
  <testcase classname="ptolemy.util.test.junit.AutoTests" name="[268] /home/travis/build/icyphy/ptII/ptolemy/actor/lib/test/auto/PublisherPort8.xml (RunModel)" time="0.021" />
  <testcase classname="ptolemy.util.test.junit.AutoTests" name="[269] /home/travis/build/icyphy/ptII/ptolemy/actor/lib/test/auto/PublisherPortSubscriberChannelVariablesAOC2.xml (RunModel)" time="0.061" />
  <testcase classname="ptolemy.util.test.junit.AutoTests" name="[270] /home/travis/build/icyphy/ptII/ptolemy/actor/lib/test/auto/PublisherPortSubscriberOpaqueWidthInference.xml (RunModel)" time="0.018" />
  <testcase classname="ptolemy.util.test.junit.AutoTests" name="[271] /home/travis/build/icyphy/ptII/ptolemy/actor/lib/test/auto/PublisherPortSubscriberPortAdjacent.xml (RunModel)" time="0.02" />
  <testcase classname="ptolemy.util.test.junit.AutoTests" name="[272] /home/travis/build/icyphy/ptII/ptolemy/actor/lib/test/auto/PublisherPortSubscriberPortExpression.xml (RunModel)" time="0.019" />
  <testcase classname="ptolemy.util.test.junit.AutoTests" name="[273] /home/travis/build/icyphy/ptII/ptolemy/actor/lib/test/auto/PublisherPortSubscriberPortOpaqueD3Reverse.xml (RunModel)" time="0.022" />
  <testcase classname="ptolemy.util.test.junit.AutoTests" name="[274] /home/travis/build/icyphy/ptII/ptolemy/actor/lib/test/auto/PublisherPortSubscriberPortOpaqueWidthInference.xml (RunModel)" time="0.018" />
  <testcase classname="ptolemy.util.test.junit.AutoTests" name="[275] /home/travis/build/icyphy/ptII/ptolemy/actor/lib/test/auto/PublisherPortToplevelSubscriberPortAOC.xml (RunModel)" time="0.013" />
  <testcase classname="ptolemy.util.test.junit.AutoTests" name="[276] /home/travis/build/icyphy/ptII/ptolemy/actor/lib/test/auto/PublisherSubscriber.xml (RunModel)" time="0.02" />
  <testcase classname="ptolemy.util.test.junit.AutoTests" name="[277] /home/travis/build/icyphy/ptII/ptolemy/actor/lib/test/auto/PublisherSubscriber10.xml (RunModel)" time="0.024" />
  <testcase classname="ptolemy.util.test.junit.AutoTests" name="[278] /home/travis/build/icyphy/ptII/ptolemy/actor/lib/test/auto/PublisherSubscriber10InitialOutputs.xml (RunModel)" time="0.035" />
  <testcase classname="ptolemy.util.test.junit.AutoTests" name="[279] /home/travis/build/icyphy/ptII/ptolemy/actor/lib/test/auto/PublisherSubscriber11.xml (RunModel)" time="0.025" />
  <testcase classname="ptolemy.util.test.junit.AutoTests" name="[280] /home/travis/build/icyphy/ptII/ptolemy/actor/lib/test/auto/PublisherSubscriber12.xml (RunModel)" time="0.024" />
  <testcase classname="ptolemy.util.test.junit.AutoTests" name="[281] /home/travis/build/icyphy/ptII/ptolemy/actor/lib/test/auto/PublisherSubscriber13.xml (RunModel)" time="0.012" />
  <testcase classname="ptolemy.util.test.junit.AutoTests" name="[282] /home/travis/build/icyphy/ptII/ptolemy/actor/lib/test/auto/PublisherSubscriber14.xml (RunModel)" time="0.024" />
  <testcase classname="ptolemy.util.test.junit.AutoTests" name="[283] /home/travis/build/icyphy/ptII/ptolemy/actor/lib/test/auto/PublisherSubscriber2.xml (RunModel)" time="0.022" />
  <testcase classname="ptolemy.util.test.junit.AutoTests" name="[284] /home/travis/build/icyphy/ptII/ptolemy/actor/lib/test/auto/PublisherSubscriber3.xml (RunModel)" time="0.012" />
  <testcase classname="ptolemy.util.test.junit.AutoTests" name="[285] /home/travis/build/icyphy/ptII/ptolemy/actor/lib/test/auto/PublisherSubscriber4.xml (RunModel)" time="0.01" />
  <testcase classname="ptolemy.util.test.junit.AutoTests" name="[286] /home/travis/build/icyphy/ptII/ptolemy/actor/lib/test/auto/PublisherSubscriber5.xml (RunModel)" time="0.013" />
  <testcase classname="ptolemy.util.test.junit.AutoTests" name="[287] /home/travis/build/icyphy/ptII/ptolemy/actor/lib/test/auto/PublisherSubscriber6.xml (RunModel)" time="0.016" />
  <testcase classname="ptolemy.util.test.junit.AutoTests" name="[288] /home/travis/build/icyphy/ptII/ptolemy/actor/lib/test/auto/PublisherSubscriber7.xml (RunModel)" time="0.021" />
  <testcase classname="ptolemy.util.test.junit.AutoTests" name="[289] /home/travis/build/icyphy/ptII/ptolemy/actor/lib/test/auto/PublisherSubscriber8.xml (RunModel)" time="0.035" />
  <testcase classname="ptolemy.util.test.junit.AutoTests" name="[290] /home/travis/build/icyphy/ptII/ptolemy/actor/lib/test/auto/PublisherSubscriber9.xml (RunModel)" time="0.019" />
  <testcase classname="ptolemy.util.test.junit.AutoTests" name="[291] /home/travis/build/icyphy/ptII/ptolemy/actor/lib/test/auto/PublisherSubscriberAdjacent.xml (RunModel)" time="0.018" />
  <testcase classname="ptolemy.util.test.junit.AutoTests" name="[292] /home/travis/build/icyphy/ptII/ptolemy/actor/lib/test/auto/PublisherSubscriberChannelVariablesAOC2.xml (RunModel)" time="0.035" />
  <testcase classname="ptolemy.util.test.junit.AutoTests" name="[293] /home/travis/build/icyphy/ptII/ptolemy/actor/lib/test/auto/PublisherSubscriberD3.xml (RunModel)" time="0.014" />
  <testcase classname="ptolemy.util.test.junit.AutoTests" name="[294] /home/travis/build/icyphy/ptII/ptolemy/actor/lib/test/auto/PublisherSubscriberD3Reverse.xml (RunModel)" time="0.017" />
  <testcase classname="ptolemy.util.test.junit.AutoTests" name="[295] /home/travis/build/icyphy/ptII/ptolemy/actor/lib/test/auto/PublisherSubscriberExpression.xml (RunModel)" time="0.024" />
  <testcase classname="ptolemy.util.test.junit.AutoTests" name="[296] /home/travis/build/icyphy/ptII/ptolemy/actor/lib/test/auto/PublisherSubscriberOpaque.xml (RunModel)" time="0.019" />
  <testcase classname="ptolemy.util.test.junit.AutoTests" name="[297] /home/travis/build/icyphy/ptII/ptolemy/actor/lib/test/auto/PublisherSubscriberOpaqueD3.xml (RunModel)" time="0.027" />
  <testcase classname="ptolemy.util.test.junit.AutoTests" name="[298] /home/travis/build/icyphy/ptII/ptolemy/actor/lib/test/auto/PublisherSubscriberOpaqueD3Reverse.xml (RunModel)" time="0.033" />
  <testcase classname="ptolemy.util.test.junit.AutoTests" name="[299] /home/travis/build/icyphy/ptII/ptolemy/actor/lib/test/auto/PublisherSubscriberOpaqueWidthInference.xml (RunModel)" time="0.02" />
  <testcase classname="ptolemy.util.test.junit.AutoTests" name="[300] /home/travis/build/icyphy/ptII/ptolemy/actor/lib/test/auto/PublisherTestSubscriber.xml (RunModel)" time="0.019" />
  <testcase classname="ptolemy.util.test.junit.AutoTests" name="[301] /home/travis/build/icyphy/ptII/ptolemy/actor/lib/test/auto/PublisherToplevelSubscriberPortAOC.xml (RunModel)" time="0.013" />
  <testcase classname="ptolemy.util.test.junit.AutoTests" name="[302] /home/travis/build/icyphy/ptII/ptolemy/actor/lib/test/auto/PulseFiringLimitDE.xml (RunModel)" time="0.017" />
  <testcase classname="ptolemy.util.test.junit.AutoTests" name="[303] /home/travis/build/icyphy/ptII/ptolemy/actor/lib/test/auto/Ramp1.xml (RunModel)" time="0.009" />
  <testcase classname="ptolemy.util.test.junit.AutoTests" name="[304] /home/travis/build/icyphy/ptII/ptolemy/actor/lib/test/auto/RampFiringLimitDE.xml (RunModel)" time="0.013" />
  <testcase classname="ptolemy.util.test.junit.AutoTests" name="[305] /home/travis/build/icyphy/ptII/ptolemy/actor/lib/test/auto/RampFiringLimitSDF.xml (RunModel)" time="0.011" />
  <testcase classname="ptolemy.util.test.junit.AutoTests" name="[306] /home/travis/build/icyphy/ptII/ptolemy/actor/lib/test/auto/RandomInteger.xml (RunModel)" time="0.01" />
  <testcase classname="ptolemy.util.test.junit.AutoTests" name="[307] /home/travis/build/icyphy/ptII/ptolemy/actor/lib/test/auto/ReadFile1.xml (RunModel)" time="0.01" />
  <testcase classname="ptolemy.util.test.junit.AutoTests" name="[308] /home/travis/build/icyphy/ptII/ptolemy/actor/lib/test/auto/ReadFile2.xml (RunModel)" time="0.012" />
  <testcase classname="ptolemy.util.test.junit.AutoTests" name="[309] /home/travis/build/icyphy/ptII/ptolemy/actor/lib/test/auto/Reader.xml (RunModel)" time="0.011" />
  <testcase classname="ptolemy.util.test.junit.AutoTests" name="[310] /home/travis/build/icyphy/ptII/ptolemy/actor/lib/test/auto/RecordAssemblerDisplayNameTest.xml (RunModel)" time="3.586" />
  <testcase classname="ptolemy.util.test.junit.AutoTests" name="[311] /home/travis/build/icyphy/ptII/ptolemy/actor/lib/test/auto/RecordAssemblerTypeError.xml (RunModel)" time="0.048" />
  <testcase classname="ptolemy.util.test.junit.AutoTests" name="[312] /home/travis/build/icyphy/ptII/ptolemy/actor/lib/test/auto/RecordDisassember.xml (RunModel)" time="0.024" />
  <testcase classname="ptolemy.util.test.junit.AutoTests" name="[313] /home/travis/build/icyphy/ptII/ptolemy/actor/lib/test/auto/RecordDisassemberDisplayNameTest.xml (RunModel)" time="0.032" />
  <testcase classname="ptolemy.util.test.junit.AutoTests" name="[314] /home/travis/build/icyphy/ptII/ptolemy/actor/lib/test/auto/RecordDisassembler.xml (RunModel)" time="0.011" />
  <testcase classname="ptolemy.util.test.junit.AutoTests" name="[315] /home/travis/build/icyphy/ptII/ptolemy/actor/lib/test/auto/RecordDisassembler2.xml (RunModel)" time="0.013" />
  <testcase classname="ptolemy.util.test.junit.AutoTests" name="[316] /home/travis/build/icyphy/ptII/ptolemy/actor/lib/test/auto/RecordUpdater.xml (RunModel)" time="0.012" />
  <testcase classname="ptolemy.util.test.junit.AutoTests" name="[317] /home/travis/build/icyphy/ptII/ptolemy/actor/lib/test/auto/RecordUpdater2.xml (RunModel)" time="0.012" />
  <testcase classname="ptolemy.util.test.junit.AutoTests" name="[318] /home/travis/build/icyphy/ptII/ptolemy/actor/lib/test/auto/RecursiveLattice.xml (RunModel)" time="0.012" />
  <testcase classname="ptolemy.util.test.junit.AutoTests" name="[319] /home/travis/build/icyphy/ptII/ptolemy/actor/lib/test/auto/Router.xml (RunModel)" time="3.03" />
  <testcase classname="ptolemy.util.test.junit.AutoTests" name="[320] /home/travis/build/icyphy/ptII/ptolemy/actor/lib/test/auto/Router2.xml (RunModel)" time="3.034" />
  <testcase classname="ptolemy.util.test.junit.AutoTests" name="[321] /home/travis/build/icyphy/ptII/ptolemy/actor/lib/test/auto/RunningMaximum.xml (RunModel)" time="0.03" />
  <testcase classname="ptolemy.util.test.junit.AutoTests" name="[322] /home/travis/build/icyphy/ptII/ptolemy/actor/lib/test/auto/RunningMinimum.xml (RunModel)" time="0.036" />
  <testcase classname="ptolemy.util.test.junit.AutoTests" name="[323] /home/travis/build/icyphy/ptII/ptolemy/actor/lib/test/auto/Scale.xml (RunModel)" time="0.015" />
  <testcase classname="ptolemy.util.test.junit.AutoTests" name="[324] /home/travis/build/icyphy/ptII/ptolemy/actor/lib/test/auto/Scale2.xml (RunModel)" time="0.01" />
  <testcase classname="ptolemy.util.test.junit.AutoTests" name="[325] /home/travis/build/icyphy/ptII/ptolemy/actor/lib/test/auto/Scale3.xml (RunModel)" time="0.023" />
  <testcase classname="ptolemy.util.test.junit.AutoTests" name="[326] /home/travis/build/icyphy/ptII/ptolemy/actor/lib/test/auto/ScaleArray.xml (RunModel)" time="0.015" />
  <testcase classname="ptolemy.util.test.junit.AutoTests" name="[327] /home/travis/build/icyphy/ptII/ptolemy/actor/lib/test/auto/ScaleArray2.xml (RunModel)" time="0.01" />
  <testcase classname="ptolemy.util.test.junit.AutoTests" name="[328] /home/travis/build/icyphy/ptII/ptolemy/actor/lib/test/auto/ScaleMatrix.xml (RunModel)" time="0.137" />
  <testcase classname="ptolemy.util.test.junit.AutoTests" name="[329] /home/travis/build/icyphy/ptII/ptolemy/actor/lib/test/auto/Select.xml (RunModel)" time="0.025" />
  <testcase classname="ptolemy.util.test.junit.AutoTests" name="[330] /home/travis/build/icyphy/ptII/ptolemy/actor/lib/test/auto/Select2.xml (RunModel)" time="0.027" />
  <testcase classname="ptolemy.util.test.junit.AutoTests" name="[331] /home/travis/build/icyphy/ptII/ptolemy/actor/lib/test/auto/SequenceToArray2.xml (RunModel)" time="0.177" />
  <testcase classname="ptolemy.util.test.junit.AutoTests" name="[332] /home/travis/build/icyphy/ptII/ptolemy/actor/lib/test/auto/SequentialClock.xml (RunModel)" time="0.012" />
  <testcase classname="ptolemy.util.test.junit.AutoTests" name="[333] /home/travis/build/icyphy/ptII/ptolemy/actor/lib/test/auto/SetVariable.xml (RunModel)" time="0.012" />
  <testcase classname="ptolemy.util.test.junit.AutoTests" name="[334] /home/travis/build/icyphy/ptII/ptolemy/actor/lib/test/auto/SetVariable2.xml (RunModel)" time="0.012" />
  <testcase classname="ptolemy.util.test.junit.AutoTests" name="[335] /home/travis/build/icyphy/ptII/ptolemy/actor/lib/test/auto/SetVariable3.xml (RunModel)" time="0.019" />
  <testcase classname="ptolemy.util.test.junit.AutoTests" name="[336] /home/travis/build/icyphy/ptII/ptolemy/actor/lib/test/auto/SetVariable4.xml (RunModel)" time="0.029" />
  <testcase classname="ptolemy.util.test.junit.AutoTests" name="[337] /home/travis/build/icyphy/ptII/ptolemy/actor/lib/test/auto/SetVariable5.xml (RunModel)" time="0.032" />
  <testcase classname="ptolemy.util.test.junit.AutoTests" name="[338] /home/travis/build/icyphy/ptII/ptolemy/actor/lib/test/auto/Sinewave.xml (RunModel)" time="0.048" />
  <testcase classname="ptolemy.util.test.junit.AutoTests" name="[339] /home/travis/build/icyphy/ptII/ptolemy/actor/lib/test/auto/Sinewave2.xml (RunModel)" time="0.047" />
  <testcase classname="ptolemy.util.test.junit.AutoTests" name="[340] /home/travis/build/icyphy/ptII/ptolemy/actor/lib/test/auto/Sinewave3.xml (RunModel)" time="0.023" />
  <testcase classname="ptolemy.util.test.junit.AutoTests" name="[341] /home/travis/build/icyphy/ptII/ptolemy/actor/lib/test/auto/SingleEvent.xml (RunModel)" time="0.007" />
  <testcase classname="ptolemy.util.test.junit.AutoTests" name="[342] /home/travis/build/icyphy/ptII/ptolemy/actor/lib/test/auto/Sleep.xml (RunModel)" time="6.018" />
  <testcase classname="ptolemy.util.test.junit.AutoTests" name="[343] /home/travis/build/icyphy/ptII/ptolemy/actor/lib/test/auto/SleepMultipleFire.xml (RunModel)" time="1.019" />
  <testcase classname="ptolemy.util.test.junit.AutoTests" name="[344] /home/travis/build/icyphy/ptII/ptolemy/actor/lib/test/auto/StopDE.xml (RunModel)" time="0.014" />
  <testcase classname="ptolemy.util.test.junit.AutoTests" name="[345] /home/travis/build/icyphy/ptII/ptolemy/actor/lib/test/auto/StopSDF.xml (RunModel)" time="0.015" />
  <testcase classname="ptolemy.util.test.junit.AutoTests" name="[346] /home/travis/build/icyphy/ptII/ptolemy/actor/lib/test/auto/StringConstant.xml (RunModel)" time="0.014" />
  <testcase classname="ptolemy.util.test.junit.AutoTests" name="[347] /home/travis/build/icyphy/ptII/ptolemy/actor/lib/test/auto/SubscriberPortInitialValues1.xml (RunModel)" time="0.027" />
  <testcase classname="ptolemy.util.test.junit.AutoTests" name="[348] /home/travis/build/icyphy/ptII/ptolemy/actor/lib/test/auto/SubscriberPortInitialValues13.xml (RunModel)" time="0.03" />
  <testcase classname="ptolemy.util.test.junit.AutoTests" name="[349] /home/travis/build/icyphy/ptII/ptolemy/actor/lib/test/auto/SubscriberPortInitialValues14.xml (RunModel)" time="0.016" />
  <testcase classname="ptolemy.util.test.junit.AutoTests" name="[350] /home/travis/build/icyphy/ptII/ptolemy/actor/lib/test/auto/SubscriberPortInitialValues2.xml (RunModel)" time="0.018" />
  <testcase classname="ptolemy.util.test.junit.AutoTests" name="[351] /home/travis/build/icyphy/ptII/ptolemy/actor/lib/test/auto/SubscriberPortInitialValues3.xml (RunModel)" time="0.022" />
  <testcase classname="ptolemy.util.test.junit.AutoTests" name="[352] /home/travis/build/icyphy/ptII/ptolemy/actor/lib/test/auto/SubscriptionAggregator.xml (RunModel)" time="0.012" />
  <testcase classname="ptolemy.util.test.junit.AutoTests" name="[353] /home/travis/build/icyphy/ptII/ptolemy/actor/lib/test/auto/SubscriptionAggregator2.xml (RunModel)" time="0.012" />
  <testcase classname="ptolemy.util.test.junit.AutoTests" name="[354] /home/travis/build/icyphy/ptII/ptolemy/actor/lib/test/auto/SubscriptionAggregator3.xml (RunModel)" time="0.017" />
  <testcase classname="ptolemy.util.test.junit.AutoTests" name="[355] /home/travis/build/icyphy/ptII/ptolemy/actor/lib/test/auto/SubscriptionAggregatorMultiply.xml (RunModel)" time="0.025" />
  <testcase classname="ptolemy.util.test.junit.AutoTests" name="[356] /home/travis/build/icyphy/ptII/ptolemy/actor/lib/test/auto/SubscriptionAggregatorPortMultiply1.xml (RunModel)" time="0.023" />
  <testcase classname="ptolemy.util.test.junit.AutoTests" name="[357] /home/travis/build/icyphy/ptII/ptolemy/actor/lib/test/auto/Switch.xml (RunModel)" time="0.021" />
  <testcase classname="ptolemy.util.test.junit.AutoTests" name="[358] /home/travis/build/icyphy/ptII/ptolemy/actor/lib/test/auto/Switch2.xml (RunModel)" time="0.014" />
  <testcase classname="ptolemy.util.test.junit.AutoTests" name="[359] /home/travis/build/icyphy/ptII/ptolemy/actor/lib/test/auto/SwitchDE.xml (RunModel)" time="0.018" />
  <testcase classname="ptolemy.util.test.junit.AutoTests" name="[360] /home/travis/build/icyphy/ptII/ptolemy/actor/lib/test/auto/SynchronizerDE.xml (RunModel)" time="0.049" />
  <testcase classname="ptolemy.util.test.junit.AutoTests" name="[361] /home/travis/build/icyphy/ptII/ptolemy/actor/lib/test/auto/Test.xml (RunModel)" time="0.019" />
  <testcase classname="ptolemy.util.test.junit.AutoTests" name="[362] /home/travis/build/icyphy/ptII/ptolemy/actor/lib/test/auto/TestExceptionAttribute1.xml (RunModel)" time="0.008" />
  <testcase classname="ptolemy.util.test.junit.AutoTests" name="[363] /home/travis/build/icyphy/ptII/ptolemy/actor/lib/test/auto/TestExceptionAttribute2.xml (RunModel)" time="0.014" />
  <testcase classname="ptolemy.util.test.junit.AutoTests" name="[364] /home/travis/build/icyphy/ptII/ptolemy/actor/lib/test/auto/TestExceptionAttribute3.xml (RunModel)" time="0.007" />
  <testcase classname="ptolemy.util.test.junit.AutoTests" name="[365] /home/travis/build/icyphy/ptII/ptolemy/actor/lib/test/auto/TestExceptionAttribute4.xml (RunModel)" time="0.007" />
  <testcase classname="ptolemy.util.test.junit.AutoTests" name="[366] /home/travis/build/icyphy/ptII/ptolemy/actor/lib/test/auto/TestExceptionHandler1.xml (RunModel)" time="0.008" />
  <testcase classname="ptolemy.util.test.junit.AutoTests" name="[367] /home/travis/build/icyphy/ptII/ptolemy/actor/lib/test/auto/TestExceptionHandler2.xml (RunModel)" time="0.012" />
  <testcase classname="ptolemy.util.test.junit.AutoTests" name="[368] /home/travis/build/icyphy/ptII/ptolemy/actor/lib/test/auto/TestExceptionHandler3.xml (RunModel)" time="0.006" />
  <testcase classname="ptolemy.util.test.junit.AutoTests" name="[369] /home/travis/build/icyphy/ptII/ptolemy/actor/lib/test/auto/TestExceptionHandler4.xml (RunModel)" time="0.006" />
  <testcase classname="ptolemy.util.test.junit.AutoTests" name="[370] /home/travis/build/icyphy/ptII/ptolemy/actor/lib/test/auto/TestRequireCorrectOrder.xml (RunModel)" time="0.017" />
  <testcase classname="ptolemy.util.test.junit.AutoTests" name="[371] /home/travis/build/icyphy/ptII/ptolemy/actor/lib/test/auto/TestSimple.xml (RunModel)" time="0.027" />
  <testcase classname="ptolemy.util.test.junit.AutoTests" name="[372] /home/travis/build/icyphy/ptII/ptolemy/actor/lib/test/auto/ThrowModelError.xml (RunModel)" time="0.011" />
  <testcase classname="ptolemy.util.test.junit.AutoTests" name="[373] /home/travis/build/icyphy/ptII/ptolemy/actor/lib/test/auto/TimeDelayMicrosteps.xml (RunModel)" time="0.015" />
  <testcase classname="ptolemy.util.test.junit.AutoTests" name="[374] /home/travis/build/icyphy/ptII/ptolemy/actor/lib/test/auto/TimeDelayMicrosteps2.xml (RunModel)" time="0.018" />
  <testcase classname="ptolemy.util.test.junit.AutoTests" name="[375] /home/travis/build/icyphy/ptII/ptolemy/actor/lib/test/auto/TimeDelayMicrosteps3.xml (RunModel)" time="0.015" />
  <testcase classname="ptolemy.util.test.junit.AutoTests" name="[376] /home/travis/build/icyphy/ptII/ptolemy/actor/lib/test/auto/TimeDelayVariableMicrosteps.xml (RunModel)" time="0.014" />
  <testcase classname="ptolemy.util.test.junit.AutoTests" name="[377] /home/travis/build/icyphy/ptII/ptolemy/actor/lib/test/auto/TimeGap.xml (RunModel)" time="0.017" />
  <testcase classname="ptolemy.util.test.junit.AutoTests" name="[378] /home/travis/build/icyphy/ptII/ptolemy/actor/lib/test/auto/TimeGap2.xml (RunModel)" time="0.022" />
  <testcase classname="ptolemy.util.test.junit.AutoTests" name="[379] /home/travis/build/icyphy/ptII/ptolemy/actor/lib/test/auto/TimedSinewave.xml (RunModel)" time="0.049" />
  <testcase classname="ptolemy.util.test.junit.AutoTests" name="[380] /home/travis/build/icyphy/ptII/ptolemy/actor/lib/test/auto/TimedSinewavePhase.xml (RunModel)" time="0.024" />
  <testcase classname="ptolemy.util.test.junit.AutoTests" name="[381] /home/travis/build/icyphy/ptII/ptolemy/actor/lib/test/auto/Timer.xml (RunModel)" time="0.016" />
  <testcase classname="ptolemy.util.test.junit.AutoTests" name="[382] /home/travis/build/icyphy/ptII/ptolemy/actor/lib/test/auto/TriangularDistTestModel.xml (RunModel)" time="0.019" />
  <testcase classname="ptolemy.util.test.junit.AutoTests" name="[383] /home/travis/build/icyphy/ptII/ptolemy/actor/lib/test/auto/TrigFunction.xml (RunModel)" time="0.01" />
  <testcase classname="ptolemy.util.test.junit.AutoTests" name="[384] /home/travis/build/icyphy/ptII/ptolemy/actor/lib/test/auto/TrigFunctionDE.xml (RunModel)" time="0.013" />
  <testcase classname="ptolemy.util.test.junit.AutoTests" name="[385] /home/travis/build/icyphy/ptII/ptolemy/actor/lib/test/auto/TrigFunctionInverse.xml (RunModel)" time="0.013" />
  <testcase classname="ptolemy.util.test.junit.AutoTests" name="[386] /home/travis/build/icyphy/ptII/ptolemy/actor/lib/test/auto/TrigFunctionTan.xml (RunModel)" time="0.008" />
  <testcase classname="ptolemy.util.test.junit.AutoTests" name="[387] /home/travis/build/icyphy/ptII/ptolemy/actor/lib/test/auto/TriggeredClock.xml (RunModel)" time="0.01" />
  <testcase classname="ptolemy.util.test.junit.AutoTests" name="[388] /home/travis/build/icyphy/ptII/ptolemy/actor/lib/test/auto/URLDirectoryReader.xml (RunModel)" time="0.132" />
  <testcase classname="ptolemy.util.test.junit.AutoTests" name="[389] /home/travis/build/icyphy/ptII/ptolemy/actor/lib/test/auto/URLDirectoryReader3.xml (RunModel)" time="1.419" />
  <testcase classname="ptolemy.util.test.junit.AutoTests" name="[390] /home/travis/build/icyphy/ptII/ptolemy/actor/lib/test/auto/UnaryMathFunction.xml (RunModel)" time="0.048" />
  <testcase classname="ptolemy.util.test.junit.AutoTests" name="[391] /home/travis/build/icyphy/ptII/ptolemy/actor/lib/test/auto/Uniform.xml (RunModel)" time="0.015" />
  <testcase classname="ptolemy.util.test.junit.AutoTests" name="[392] /home/travis/build/icyphy/ptII/ptolemy/actor/lib/test/auto/UnionDisassemblerTest.xml (RunModel)" time="0.028" />
  <testcase classname="ptolemy.util.test.junit.AutoTests" name="[393] /home/travis/build/icyphy/ptII/ptolemy/actor/lib/test/auto/UtilityFunctions.xml (RunModel)" time="0.014" />
  <testcase classname="ptolemy.util.test.junit.AutoTests" name="[394] /home/travis/build/icyphy/ptII/ptolemy/actor/lib/test/auto/VariableSleep.xml (RunModel)" time="0.514" />
  <testcase classname="ptolemy.util.test.junit.AutoTests" name="[395] /home/travis/build/icyphy/ptII/ptolemy/actor/lib/test/auto/VectorAssemblerDisassemblerCT.xml (RunModel)" time="0.165" />
  <testcase classname="ptolemy.util.test.junit.AutoTests" name="[396] /home/travis/build/icyphy/ptII/ptolemy/actor/lib/test/auto/VectorAssemblerDisassemblerDE.xml (RunModel)" time="0.028" />
  <testcase classname="ptolemy.util.test.junit.AutoTests" name="[397] /home/travis/build/icyphy/ptII/ptolemy/actor/lib/test/auto/VectorAssemblerDisassemblerSDF.xml (RunModel)" time="0.018" />
  <testcase classname="ptolemy.util.test.junit.AutoTests" name="[398] /home/travis/build/icyphy/ptII/ptolemy/actor/lib/test/auto/WallClockTime.xml (RunModel)" time="1.016" />
  <testcase classname="ptolemy.util.test.junit.AutoTests" name="[399] /home/travis/build/icyphy/ptII/ptolemy/actor/lib/test/auto/WidthTestWithSubscriberPublisher.xml (RunModel)" time="0.043" />
  <testcase classname="ptolemy.util.test.junit.AutoTests" name="[400] /home/travis/build/icyphy/ptII/ptolemy/actor/lib/test/auto/WidthTestWithSubscriberPublisher2.xml (RunModel)" time="0.017" />
  <testcase classname="ptolemy.util.test.junit.AutoTests" name="[401] /home/travis/build/icyphy/ptII/ptolemy/actor/lib/test/auto/WidthTestWithSubscriberPublisher3.xml (RunModel)" time="0.013" />
  <testcase classname="ptolemy.util.test.junit.AutoTests" name="[402] /home/travis/build/icyphy/ptII/ptolemy/actor/lib/test/auto/Writer.xml (RunModel)" time="0.009" />
  <testcase classname="ptolemy.util.test.junit.AutoTests" name="[403] /home/travis/build/icyphy/ptII/ptolemy/actor/lib/test/auto/array.xml (RunModel)" time="0.01" />
  <testcase classname="ptolemy.util.test.junit.AutoTests" name="[404] /home/travis/build/icyphy/ptII/ptolemy/actor/lib/test/auto/array2.xml (RunModel)" time="0.015" />
  <testcase classname="ptolemy.util.test.junit.AutoTests" name="[405] /home/travis/build/icyphy/ptII/ptolemy/actor/lib/test/auto/arrayType.xml (RunModel)" time="0.014" />
  <testcase classname="ptolemy.util.test.junit.AutoTests" name="[406] /home/travis/build/icyphy/ptII/ptolemy/actor/lib/test/auto/arrayType10.xml (RunModel)" time="0.011" />
  <testcase classname="ptolemy.util.test.junit.AutoTests" name="[407] /home/travis/build/icyphy/ptII/ptolemy/actor/lib/test/auto/arrayType11.xml (RunModel)" time="0.009" />
  <testcase classname="ptolemy.util.test.junit.AutoTests" name="[408] /home/travis/build/icyphy/ptII/ptolemy/actor/lib/test/auto/arrayType12.xml (RunModel)" time="0.016" />
  <testcase classname="ptolemy.util.test.junit.AutoTests" name="[409] /home/travis/build/icyphy/ptII/ptolemy/actor/lib/test/auto/arrayType13.xml (RunModel)" time="0.01" />
  <testcase classname="ptolemy.util.test.junit.AutoTests" name="[410] /home/travis/build/icyphy/ptII/ptolemy/actor/lib/test/auto/arrayType14.xml (RunModel)" time="0.012" />
  <testcase classname="ptolemy.util.test.junit.AutoTests" name="[411] /home/travis/build/icyphy/ptII/ptolemy/actor/lib/test/auto/arrayType15.xml (RunModel)" time="0.01" />
  <testcase classname="ptolemy.util.test.junit.AutoTests" name="[412] /home/travis/build/icyphy/ptII/ptolemy/actor/lib/test/auto/arrayType16.xml (RunModel)" time="0.01" />
  <testcase classname="ptolemy.util.test.junit.AutoTests" name="[413] /home/travis/build/icyphy/ptII/ptolemy/actor/lib/test/auto/arrayType17.xml (RunModel)" time="0.01" />
  <testcase classname="ptolemy.util.test.junit.AutoTests" name="[414] /home/travis/build/icyphy/ptII/ptolemy/actor/lib/test/auto/arrayType18.xml (RunModel)" time="0.015" />
  <testcase classname="ptolemy.util.test.junit.AutoTests" name="[415] /home/travis/build/icyphy/ptII/ptolemy/actor/lib/test/auto/arrayType19.xml (RunModel)" time="0.009" />
  <testcase classname="ptolemy.util.test.junit.AutoTests" name="[416] /home/travis/build/icyphy/ptII/ptolemy/actor/lib/test/auto/arrayType2.xml (RunModel)" time="0.01" />
  <testcase classname="ptolemy.util.test.junit.AutoTests" name="[417] /home/travis/build/icyphy/ptII/ptolemy/actor/lib/test/auto/arrayType20.xml (RunModel)" time="0.01" />
  <testcase classname="ptolemy.util.test.junit.AutoTests" name="[418] /home/travis/build/icyphy/ptII/ptolemy/actor/lib/test/auto/arrayType21.xml (RunModel)" time="0.009" />
  <testcase classname="ptolemy.util.test.junit.AutoTests" name="[419] /home/travis/build/icyphy/ptII/ptolemy/actor/lib/test/auto/arrayType22.xml (RunModel)" time="0.01" />
  <testcase classname="ptolemy.util.test.junit.AutoTests" name="[420] /home/travis/build/icyphy/ptII/ptolemy/actor/lib/test/auto/arrayType23.xml (RunModel)" time="0.012" />
  <testcase classname="ptolemy.util.test.junit.AutoTests" name="[421] /home/travis/build/icyphy/ptII/ptolemy/actor/lib/test/auto/arrayType24.xml (RunModel)" time="0.01" />
  <testcase classname="ptolemy.util.test.junit.AutoTests" name="[422] /home/travis/build/icyphy/ptII/ptolemy/actor/lib/test/auto/arrayType25.xml (RunModel)" time="0.01" />
  <testcase classname="ptolemy.util.test.junit.AutoTests" name="[423] /home/travis/build/icyphy/ptII/ptolemy/actor/lib/test/auto/arrayType26.xml (RunModel)" time="0.01" />
  <testcase classname="ptolemy.util.test.junit.AutoTests" name="[424] /home/travis/build/icyphy/ptII/ptolemy/actor/lib/test/auto/arrayType27.xml (RunModel)" time="0.01" />
  <testcase classname="ptolemy.util.test.junit.AutoTests" name="[425] /home/travis/build/icyphy/ptII/ptolemy/actor/lib/test/auto/arrayType28.xml (RunModel)" time="0.01" />
  <testcase classname="ptolemy.util.test.junit.AutoTests" name="[426] /home/travis/build/icyphy/ptII/ptolemy/actor/lib/test/auto/arrayType3.xml (RunModel)" time="0.01" />
  <testcase classname="ptolemy.util.test.junit.AutoTests" name="[427] /home/travis/build/icyphy/ptII/ptolemy/actor/lib/test/auto/arrayType4.xml (RunModel)" time="0.01" />
  <testcase classname="ptolemy.util.test.junit.AutoTests" name="[428] /home/travis/build/icyphy/ptII/ptolemy/actor/lib/test/auto/arrayType5.xml (RunModel)" time="0.01" />
  <testcase classname="ptolemy.util.test.junit.AutoTests" name="[429] /home/travis/build/icyphy/ptII/ptolemy/actor/lib/test/auto/arrayType6.xml (RunModel)" time="0.01" />
  <testcase classname="ptolemy.util.test.junit.AutoTests" name="[430] /home/travis/build/icyphy/ptII/ptolemy/actor/lib/test/auto/arrayType7.xml (RunModel)" time="0.017" />
  <testcase classname="ptolemy.util.test.junit.AutoTests" name="[431] /home/travis/build/icyphy/ptII/ptolemy/actor/lib/test/auto/arrayType8.xml (RunModel)" time="0.024" />
  <testcase classname="ptolemy.util.test.junit.AutoTests" name="[432] /home/travis/build/icyphy/ptII/ptolemy/actor/lib/test/auto/arrayType9.xml (RunModel)" time="0.01" />
  <testcase classname="ptolemy.util.test.junit.AutoTests" name="[433] /home/travis/build/icyphy/ptII/ptolemy/actor/lib/test/auto/cast.xml (RunModel)" time="0.011" />
  <testcase classname="ptolemy.util.test.junit.AutoTests" name="[434] /home/travis/build/icyphy/ptII/ptolemy/actor/lib/test/auto/compositeMultiPort.xml (RunModel)" time="0.02" />
  <testcase classname="ptolemy.util.test.junit.AutoTests" name="[435] /home/travis/build/icyphy/ptII/ptolemy/actor/lib/test/auto/expressionCastInference.xml (RunModel)" time="0.01" />
  <testcase classname="ptolemy.util.test.junit.AutoTests" name="[436] /home/travis/build/icyphy/ptII/ptolemy/actor/lib/test/auto/expressionCastInference2.xml (RunModel)" time="0.009" />
  <testcase classname="ptolemy.util.test.junit.AutoTests" name="[437] /home/travis/build/icyphy/ptII/ptolemy/actor/lib/test/auto/expressionInference.xml (RunModel)" time="0.008" />
  <testcase classname="ptolemy.util.test.junit.AutoTests" name="[438] /home/travis/build/icyphy/ptII/ptolemy/actor/lib/test/auto/expression_bug.xml (RunModel)" time="0.009" />
  <testcase classname="ptolemy.util.test.junit.AutoTests" name="[439] /home/travis/build/icyphy/ptII/ptolemy/actor/lib/test/auto/factorial.xml (RunModel)" time="0.061" />
  <testcase classname="ptolemy.util.test.junit.AutoTests" name="[440] /home/travis/build/icyphy/ptII/ptolemy/actor/lib/test/auto/filterTest1.xml (RunModel)" time="0.014" />
  <testcase classname="ptolemy.util.test.junit.AutoTests" name="[441] /home/travis/build/icyphy/ptII/ptolemy/actor/lib/test/auto/funcApplyInConst.xml (RunModel)" time="0.007" />
  <testcase classname="ptolemy.util.test.junit.AutoTests" name="[442] /home/travis/build/icyphy/ptII/ptolemy/actor/lib/test/auto/funcApplyInExpr.xml (RunModel)" time="0.007" />
  <testcase classname="ptolemy.util.test.junit.AutoTests" name="[443] /home/travis/build/icyphy/ptII/ptolemy/actor/lib/test/auto/function.xml (RunModel)" time="0.012" />
  <testcase classname="ptolemy.util.test.junit.AutoTests" name="[444] /home/travis/build/icyphy/ptII/ptolemy/actor/lib/test/auto/function2.xml (RunModel)" time="0.01" />
  <testcase classname="ptolemy.util.test.junit.AutoTests" name="[445] /home/travis/build/icyphy/ptII/ptolemy/actor/lib/test/auto/function3.xml (RunModel)" time="0.009" />
  <testcase classname="ptolemy.util.test.junit.AutoTests" name="[446] /home/travis/build/icyphy/ptII/ptolemy/actor/lib/test/auto/functionClosureTest1.xml (RunModel)" time="0.045" />
  <testcase classname="ptolemy.util.test.junit.AutoTests" name="[447] /home/travis/build/icyphy/ptII/ptolemy/actor/lib/test/auto/functionClosureTest2.xml (RunModel)" time="0.034" />
  <testcase classname="ptolemy.util.test.junit.AutoTests" name="[448] /home/travis/build/icyphy/ptII/ptolemy/actor/lib/test/auto/functionClosureTest3.xml (RunModel)" time="0.045" />
  <testcase classname="ptolemy.util.test.junit.AutoTests" name="[449] /home/travis/build/icyphy/ptII/ptolemy/actor/lib/test/auto/functionClosureTest4.xml (RunModel)" time="0.048" />
  <testcase classname="ptolemy.util.test.junit.AutoTests" name="[450] /home/travis/build/icyphy/ptII/ptolemy/actor/lib/test/auto/functionClosureTest5.xml (RunModel)" time="0.034" />
  <testcase classname="ptolemy.util.test.junit.AutoTests" name="[451] /home/travis/build/icyphy/ptII/ptolemy/actor/lib/test/auto/functionClosureTest6.xml (RunModel)" time="0.054" />
  <testcase classname="ptolemy.util.test.junit.AutoTests" name="[452] /home/travis/build/icyphy/ptII/ptolemy/actor/lib/test/auto/functionsOnArcs.xml (RunModel)" time="0.04" />
  <testcase classname="ptolemy.util.test.junit.AutoTests" name="[453] /home/travis/build/icyphy/ptII/ptolemy/actor/lib/test/auto/functionsOnArcsHOF.xml (RunModel)" time="0.047" />
  <testcase classname="ptolemy.util.test.junit.AutoTests" name="[454] /home/travis/build/icyphy/ptII/ptolemy/actor/lib/test/auto/logic.xml (RunModel)" time="0.019" />
  <testcase classname="ptolemy.util.test.junit.AutoTests" name="[455] /home/travis/build/icyphy/ptII/ptolemy/actor/lib/test/auto/matrixType.xml (RunModel)" time="0.011" />
  <testcase classname="ptolemy.util.test.junit.AutoTests" name="[456] /home/travis/build/icyphy/ptII/ptolemy/actor/lib/test/auto/matrixType10.xml (RunModel)" time="0.01" />
  <testcase classname="ptolemy.util.test.junit.AutoTests" name="[457] /home/travis/build/icyphy/ptII/ptolemy/actor/lib/test/auto/matrixType11.xml (RunModel)" time="0.012" />
  <testcase classname="ptolemy.util.test.junit.AutoTests" name="[458] /home/travis/build/icyphy/ptII/ptolemy/actor/lib/test/auto/matrixType12.xml (RunModel)" time="0.013" />
  <testcase classname="ptolemy.util.test.junit.AutoTests" name="[459] /home/travis/build/icyphy/ptII/ptolemy/actor/lib/test/auto/matrixType13.xml (RunModel)" time="0.011" />
  <testcase classname="ptolemy.util.test.junit.AutoTests" name="[460] /home/travis/build/icyphy/ptII/ptolemy/actor/lib/test/auto/matrixType14.xml (RunModel)" time="0.012" />
  <testcase classname="ptolemy.util.test.junit.AutoTests" name="[461] /home/travis/build/icyphy/ptII/ptolemy/actor/lib/test/auto/matrixType2.xml (RunModel)" time="0.011" />
  <testcase classname="ptolemy.util.test.junit.AutoTests" name="[462] /home/travis/build/icyphy/ptII/ptolemy/actor/lib/test/auto/matrixType3.xml (RunModel)" time="0.012" />
  <testcase classname="ptolemy.util.test.junit.AutoTests" name="[463] /home/travis/build/icyphy/ptII/ptolemy/actor/lib/test/auto/matrixType4.xml (RunModel)" time="0.008" />
  <testcase classname="ptolemy.util.test.junit.AutoTests" name="[464] /home/travis/build/icyphy/ptII/ptolemy/actor/lib/test/auto/matrixType5.xml (RunModel)" time="0.009" />
  <testcase classname="ptolemy.util.test.junit.AutoTests" name="[465] /home/travis/build/icyphy/ptII/ptolemy/actor/lib/test/auto/matrixType6.xml (RunModel)" time="0.01" />
  <testcase classname="ptolemy.util.test.junit.AutoTests" name="[466] /home/travis/build/icyphy/ptII/ptolemy/actor/lib/test/auto/matrixType7.xml (RunModel)" time="0.033" />
  <testcase classname="ptolemy.util.test.junit.AutoTests" name="[467] /home/travis/build/icyphy/ptII/ptolemy/actor/lib/test/auto/matrixType8.xml (RunModel)" time="0.01" />
  <testcase classname="ptolemy.util.test.junit.AutoTests" name="[468] /home/travis/build/icyphy/ptII/ptolemy/actor/lib/test/auto/matrixType9.xml (RunModel)" time="0.008" />
  <testcase classname="ptolemy.util.test.junit.AutoTests" name="[469] /home/travis/build/icyphy/ptII/ptolemy/actor/lib/test/auto/paraFunctest.xml (RunModel)" time="0.009" />
  <testcase classname="ptolemy.util.test.junit.AutoTests" name="[470] /home/travis/build/icyphy/ptII/ptolemy/actor/lib/test/auto/paraFunctest2.xml (RunModel)" time="0.013" />
  <testcase classname="ptolemy.util.test.junit.AutoTests" name="[471] /home/travis/build/icyphy/ptII/ptolemy/actor/lib/test/auto/parameterPassing.xml (RunModel)" time="0.009" />
  <testcase classname="ptolemy.util.test.junit.AutoTests" name="[472] /home/travis/build/icyphy/ptII/ptolemy/actor/lib/test/auto/record.xml (RunModel)" time="0.01" />
  <testcase classname="ptolemy.util.test.junit.AutoTests" name="[473] /home/travis/build/icyphy/ptII/ptolemy/actor/lib/test/auto/sizedarray1.xml (RunModel)" time="0.011" />
  <testcase classname="ptolemy.util.test.junit.AutoTests" name="[474] /home/travis/build/icyphy/ptII/ptolemy/actor/lib/test/auto/sizedarray2.xml (RunModel)" time="0.011" />
  <testcase classname="ptolemy.util.test.junit.AutoTests" name="[475] /home/travis/build/icyphy/ptII/ptolemy/actor/lib/test/auto/twoPublishers.xml (RunModel)" time="0.024" />
  <system-out><![CDATA[/home/travis/build/icyphy/ptII/ptolemy/actor/lib/test/AbsoluteValue.tcl
testDefs.tcl: setting time out to 9000 seconds at Fri Jul 05 04:51:07 UTC 2019
94 ms. Memory: 120832K Free: 100531K (83%)
7 ms. Memory: 120832K Free: 98476K (81%)
10 ms. Memory: 120832K Free: 97714K (81%)
5 ms. Memory: 120832K Free: 96994K (80%)
/home/travis/build/icyphy/ptII/ptolemy/actor/lib/test/AddSubtract.tcl
39 ms. Memory: 120832K Free: 107743K (89%)
16 ms. Memory: 120832K Free: 107143K (89%)
17 ms. Memory: 120832K Free: 106283K (88%)
15 ms. Memory: 120832K Free: 105665K (87%)
113 ms. Memory: 120832K Free: 102623K (85%)
16 ms. Memory: 120832K Free: 102023K (84%)
/home/travis/build/icyphy/ptII/ptolemy/actor/lib/test/Average.tcl
14 ms. Memory: 120832K Free: 100137K (83%)
17 ms. Memory: 120832K Free: 99091K (82%)
/home/travis/build/icyphy/ptII/ptolemy/actor/lib/test/Bernoulli.tcl
5 ms. Memory: 120832K Free: 97489K (81%)
2 ms. Memory: 120832K Free: 97059K (80%)
/home/travis/build/icyphy/ptII/ptolemy/actor/lib/test/Clock.tcl
preinitializing
resolving types
initializing
executing number 1
wrapping up
idle
23 ms. Memory: 120832K Free: 94431K (78%)
Completed execution with 5 iterations
preinitializing
resolving types
initializing
executing number 1
wrapping up
idle
4 ms. Memory: 120832K Free: 93377K (77%)
Completed execution with 5 iterations
preinitializing
resolving types
initializing
executing number 1
wrapping up
idle
4 ms. Memory: 120832K Free: 92939K (77%)
Completed execution with 5 iterations
/home/travis/build/icyphy/ptII/ptolemy/actor/lib/test/Commutator.tcl
27 ms. Memory: 120832K Free: 90923K (75%)
24 ms. Memory: 120832K Free: 89867K (74%)


==== $PTII/ptolemy/actor/lib/test/Commutator.tcl: Commutator-4.1 run with mutations
==== Contents of test case:

    # Grab stdout and put it into results
    jdkCapture {
	$m addChangeListener  [java::new ptolemy.kernel.util.StreamChangeListener]

	set dir [$e0 getDirector]
	#	$dir addDebugListener  #		[java::new ptolemy.kernel.util.StreamListener]
	$m initialize
	$m iterate
	set c1 [java::new ptolemy.moml.MoMLChangeRequest $e0 $e0  {<deleteEntity name="ramp1"/>}]
	set c2 [java::new ptolemy.moml.MoMLChangeRequest $e0 $e0  {<deleteRelation name="r1"/>}]
	$e0 requestChange $c1
	$e0 requestChange $c2
	$m iterate
	$m wrapup
    } results
    # The MoML within <group> ...</group> comes 
    # from SDFScheduler._setBufferSize
    list $results  [enumToTokenValues [$rec getRecord 0]]

==== Result was:
{} {0 0 1}
---- Result should have been:
{StreamChangeRequest.changeExecuted(): <deleteEntity name="ramp1"/> succeeded
StreamChangeRequest.changeExecuted(): <deleteRelation name="r1"/> succeeded
StreamChangeRequest.changeExecuted(): Record firings per iteration succeeded
} {0 0 1}
---- Commutator-4.1 FAILED
11 ms. Memory: 163840K Free: 148024K (90%)
/home/travis/build/icyphy/ptII/ptolemy/actor/lib/test/Const.tcl
5 ms. Memory: 163840K Free: 145984K (89%)
2 ms. Memory: 163840K Free: 145480K (89%)
4 ms. Memory: 163840K Free: 144966K (88%)
3 ms. Memory: 163840K Free: 144456K (88%)
3 ms. Memory: 163840K Free: 143942K (88%)
16 ms. Memory: 163840K Free: 142408K (87%)
6 ms. Memory: 163840K Free: 140870K (86%)
4 ms. Memory: 163840K Free: 140360K (86%)
/home/travis/build/icyphy/ptII/ptolemy/actor/lib/test/CurrentTime.tcl
preinitializing
resolving types
initializing
executing number 1
wrapping up
idle
25 ms. Memory: 163840K Free: 138312K (84%)
Completed execution with 11 iterations
/home/travis/build/icyphy/ptII/ptolemy/actor/lib/test/DB.tcl
6 ms. Memory: 163840K Free: 136774K (83%)
2 ms. Memory: 163840K Free: 136264K (83%)
2 ms. Memory: 163840K Free: 135750K (83%)
/home/travis/build/icyphy/ptII/ptolemy/actor/lib/test/DiscreteRandomSource.tcl
preinitializing
resolving types
initializing
executing number 1
wrapping up
idle
6 ms. Memory: 163840K Free: 134216K (82%)
Completed execution with 4 iterations
preinitializing
resolving types
initializing
executing number 1
wrapping up
idle
3 ms. Memory: 163840K Free: 133702K (82%)
Completed execution with 4 iterations
preinitializing
resolving types
initializing
executing number 1
wrapping up
idle
3 ms. Memory: 163840K Free: 133192K (81%)
Completed execution with 4 iterations
preinitializing
resolving types
initializing
executing number 1
wrapping up
idle
3 ms. Memory: 163840K Free: 132664K (81%)
Completed execution with 4 iterations
preinitializing
resolving types
initializing
executing number 1
wrapping up
idle
4 ms. Memory: 163840K Free: 132168K (81%)
Completed execution with 4 iterations
/home/travis/build/icyphy/ptII/ptolemy/actor/lib/test/Distributor.tcl
6 ms. Memory: 163840K Free: 130616K (80%)
5 ms. Memory: 163840K Free: 130120K (79%)
StreamChangeRequest.changeExecuted(): <deleteEntity name="rec2"/> succeeded
StreamChangeRequest.changeExecuted(): <deleteRelation name="r2"/> succeeded
StreamChangeRequest.changeExecuted(): Record firings per iteration succeeded
6 ms. Memory: 163840K Free: 127544K (78%)
/home/travis/build/icyphy/ptII/ptolemy/actor/lib/test/Exit.tcl
Exit.tcl: this will print a message about Manager.exitAfterWrapup, which can be ignored.
12 ms. Memory: 163840K Free: 124598K (76%)
/home/travis/build/icyphy/ptII/ptolemy/actor/lib/test/Expression.tcl
31 ms. Memory: 163840K Free: 120904K (74%)
18 ms. Memory: 163840K Free: 120376K (73%)
8 ms. Memory: 163840K Free: 119352K (73%)
preinitializing
resolving types
initializing
executing number 1
wrapping up
idle
7 ms. Memory: 163840K Free: 117832K (72%)
Completed execution with 6 iterations
5 ms. Memory: 163840K Free: 117288K (72%)
4 ms. Memory: 163840K Free: 116280K (71%)
14 ms. Memory: 163840K Free: 115264K (70%)
11 ms. Memory: 163840K Free: 114232K (70%)
10 ms. Memory: 163840K Free: 112712K (69%)
/home/travis/build/icyphy/ptII/ptolemy/actor/lib/test/Gaussian.tcl
27 ms. Memory: 163840K Free: 149122K (91%)
sleeping 1 seconds: .......................................................................................................................................................................................................................................................................................................................................................................................................................................................................................................................................................................................................................................................................................................................................................................................................................................................................................................................................................................................................................................................................................................................................................................................................................................................................................................................................................................................................................................................................................................................................................................................................................................................................................................................................................................................................................................................................................................................................................................................................................................................................................................................................................................................................................................................................................................................................................................................................................................................................................................................................................................................................................................................................................................................................................................................................................................................................................................................................................................................................................................................................................................................................................................................................................................................................................................................................................................................................................................................................................................................................................................................................................................................................................................................................................................................................................................................................................................................................................................................................................................................................................................................................................................................................................................................................................................................................................................................................................................................................................................................................................................................................................................................................................................................................................................................................................................................................................................................................................................................................................................................................................................................................................................................................................................................................................................................................................................................................................................................................................................................................................................................................................................................................................................................................................................................................................................................................................................................................................................................................................................................................................................................................................................................................................................................................................................................................................................................................................................................................................................................................................................................................................................................................................................................................................................................................................................................................................................................................................................................................................................................................................................................................................................................................................................................................................................................................................................................................................................................................................................................................................................................................................................................................................................................................................................................................................................................................................................................................................................................................................................................................................................................................................................................................................................................................................................................................................................................................................................................................................................................................................................................................................................................................................................................................................................................................................................................................................................................................................................................................................................................................................................................................................................................................................................................................................................................................................................................................................................................................................................................................................................................................................................................................................................................................................................................................................................................................................................................................................................................................................................................................................................................................................................................................................................................................................................................................................................................................................................................................................................................................................................................................................................................................................................................................................................................................................................................................................................................................................................................................................................................................................................................................................................................................................................................................................................................................................................................................................................................................................................................................................................................................................................................................................................................................................................................................................................................................................................................................................................................................................................................................................................................................................................................................................................................................................................................................................................................................................................................................................................................................................................................................................................................................................................................................................................................................................................................................................................................................................................................................................................................................................................................................................................................................................................................................................................................................................................................................................................................................................................................................................................................................................................................................................................................................................................................................................................................................................................................................................................................................................................................................................................................................................................................................................................................................................................................................................................................................................................................................................................................................................................................................................................................................................................................................................................................................................................................................................................................................................................................................................................................................................................................................................................................................................................................................................................................................................................................................................................................................................................................................................................................................................................................................................................................................................................................................................................................................................................................................................................................................................................................................................................................................................................................................................................................................................................................................................................................................................................................................................................................................................................................................................................3 ms. Memory: 163840K Free: 81024K (49%)
3 ms. Memory: 163840K Free: 79986K (49%)
3 ms. Memory: 163840K Free: 79490K (49%)
2 ms. Memory: 163840K Free: 78962K (48%)
2 ms. Memory: 163840K Free: 78466K (48%)
/home/travis/build/icyphy/ptII/ptolemy/actor/lib/test/IIR.tcl
/home/travis/build/icyphy/ptII/ptolemy/actor/lib/test/Interpolator.tcl
7 ms. Memory: 163840K Free: 74866K (46%)
9 ms. Memory: 163840K Free: 73850K (45%)
7 ms. Memory: 163840K Free: 73346K (45%)
8 ms. Memory: 163840K Free: 72832K (44%)
11 ms. Memory: 163840K Free: 71808K (44%)
2 ms. Memory: 163840K Free: 71298K (44%)
3 ms. Memory: 163840K Free: 70274K (43%)
4 ms. Memory: 163840K Free: 69250K (42%)
8 ms. Memory: 163840K Free: 68722K (42%)
12 ms. Memory: 163840K Free: 67698K (41%)
/home/travis/build/icyphy/ptII/ptolemy/actor/lib/test/MathFunction.tcl
9 ms. Memory: 163840K Free: 65650K (40%)
3 ms. Memory: 163840K Free: 64626K (39%)
3 ms. Memory: 163840K Free: 63586K (39%)
3 ms. Memory: 163840K Free: 62592K (38%)
4 ms. Memory: 163840K Free: 61538K (38%)
13 ms. Memory: 163840K Free: 59520K (36%)
/home/travis/build/icyphy/ptII/ptolemy/actor/lib/test/Maximum.tcl
20 ms. Memory: 163840K Free: 149250K (91%)
2 ms. Memory: 163840K Free: 148754K (91%)
2 ms. Memory: 163840K Free: 147730K (90%)
3 ms. Memory: 163840K Free: 147216K (90%)
/home/travis/build/icyphy/ptII/ptolemy/actor/lib/test/Minimum.tcl
16 ms. Memory: 163840K Free: 145682K (89%)
10 ms. Memory: 163840K Free: 145168K (89%)
3 ms. Memory: 163840K Free: 144144K (88%)
2 ms. Memory: 163840K Free: 143634K (88%)
/home/travis/build/icyphy/ptII/ptolemy/actor/lib/test/MultiplyDivide.tcl
5 ms. Memory: 163840K Free: 141586K (86%)
3 ms. Memory: 163840K Free: 141001K (86%)
3 ms. Memory: 163840K Free: 140048K (85%)
3 ms. Memory: 163840K Free: 139538K (85%)
2 ms. Memory: 163840K Free: 138994K (85%)
/home/travis/build/icyphy/ptII/ptolemy/actor/lib/test/OrderedMerge.tcl
Connections changed on port: inputA
Connections changed on port: inputB
Connections changed on port: output
Connections changed on port: output
Connections changed on port: output
Connections changed on port: input
.top. Preinitializing ...
Invoking preinitialize():  .top.OrderedMerge
Called preinitialize()
Invoking preinitialize():  .top.Ramp
Called preinitialize()
Invoking preinitialize():  .top.Ramp2
Called preinitialize()
Invoking preinitialize():  .top.Test
Called preinitialize()
Connections changed on port: inputA
Connections changed on port: output
Connections changed on port: output
Connections changed on port: input
Connections changed on port: inputB
Connections changed on port: output
.top. Finished preinitialize().
Called initialize().
Invoking initialize():  .top.OrderedMerge
Initializing actor: .top.OrderedMerge
Adding a thread: .top.OrderedMerge
Invoking initialize():  .top.Ramp
Initializing actor: .top.Ramp
Adding a thread: .top.Ramp
Invoking initialize():  .top.Ramp2
Initializing actor: .top.Ramp2
Adding a thread: .top.Ramp2
Invoking initialize():  .top.Test
Initializing actor: .top.Test
Adding a thread: .top.Test
Called fire().
Checking for deadlock:
-- Starting thread.
Called initialize()
-- Starting thread.
Called initialize()
Called prefire()
Called fire()
-- Starting thread.
Called initialize()
Called prefire()
Called prefire()
-- Starting thread.
Called fire()
Called initialize()
Called fire()
Called prefire()
Called fire()
There are 0 Blocked actors, 0 Stopped actors, and 4 active threads.
Waiting for actors to stop.
Called postfire()
Called prefire()
Called fire()
Called postfire()
Called prefire()
Called fire()
Called postfire()
Called prefire()
Called fire()
Read input token from inputA with value 0.0
Next port to read input from is inputB
Called postfire()
Called prefire()
Called fire()
Read input token from inputB with value 0.0
Sent output token with value 0.0
Next port to read input from is inputA
Called postfire()
Called prefire()
Called fire()
Read input token from inputA with value 1.0
Checking for deadlock:
There are 1 Blocked actors, 0 Stopped actors, and 4 active threads.
Waiting for actors to stop.
Called postfire()
Called prefire()
Called fire()
Called postfire()
Called prefire()
Called fire()
Checking for deadlock:
There are 3 Blocked actors, 0 Stopped actors, and 4 active threads.
Waiting for actors to stop.
Sent output token with value 0.0
Next port to read input from is inputB
Called postfire()
Called prefire()
Called fire()
Read input token from inputB with value 1.5
Checking for deadlock:
There are 2 Blocked actors, 0 Stopped actors, and 4 active threads.
Waiting for actors to stop.
Called postfire()
Called prefire()
Called fire()
Checking for deadlock:
There are 3 Blocked actors, 0 Stopped actors, and 4 active threads.
Waiting for actors to stop.
-- Read input: 0.0, which is expected to match: 0.0
Called prefire()
Called fire()
-- Read input: 0.0, which is expected to match: 0.0
Called prefire()
Called fire()
Sent output token with value 1.0
Next port to read input from is inputA
Called postfire()
Called prefire()
Called fire()
Read input token from inputA with value 2.0
Checking for deadlock:
There are 2 Blocked actors, 0 Stopped actors, and 4 active threads.
Waiting for actors to stop.
Called postfire()
Called prefire()
Called fire()
Checking for deadlock:
There are 3 Blocked actors, 0 Stopped actors, and 4 active threads.
Waiting for actors to stop.
-- Read input: 1.0, which is expected to match: 1.0
Checking for deadlock:
Called prefire()
Called fire()
There are 2 Blocked actors, 0 Stopped actors, and 4 active threads.
Waiting for actors to stop.
Sent output token with value 1.5
-- Read input: 1.5, which is expected to match: 1.5
Called prefire()
Next port to read input from is inputB
Called fire()
Checking for deadlock:
There are 2 Blocked actors, 0 Stopped actors, and 4 active threads.
Waiting for actors to stop.
Called postfire()
Called prefire()
Called fire()
Read input token from inputB with value 3.0
Sent output token with value 2.0
Next port to read input from is inputA
Called postfire()
Called prefire()
Called fire()
Read input token from inputA with value 3.0
Checking for deadlock:
There are 1 Blocked actors, 0 Stopped actors, and 4 active threads.
Waiting for actors to stop.
Called postfire()
Called prefire()
Called fire()
Called postfire()
Called prefire()
Called fire()
-- Read input: 2.0, which is expected to match: 2.0
Checking for deadlock:
There are 2 Blocked actors, 0 Stopped actors, and 4 active threads.
Called prefire()
Waiting for actors to stop.
Called fire()
-- Read input: 3.0, which is expected to match: 3.0
Sent output token with value 3.0
Called prefire()
Called fire()
Next port to read input from is inputB
Called postfire()
Called prefire()
Called fire()
Read input token from inputB with value 4.5
Sent output token with value 3.0
Next port to read input from is inputA
Called postfire()
Called prefire()
Called fire()
Read input token from inputA with value 4.0
Checking for deadlock:
There are 1 Blocked actors, 0 Stopped actors, and 4 active threads.
Waiting for actors to stop.
-- Read input: 3.0, which is expected to match: 3.0
Called prefire()
Called fire()
Called postfire()
Called prefire()
Called fire()
Called postfire()
Called prefire()
Called fire()
Checking for deadlock:
There are 3 Blocked actors, 0 Stopped actors, and 4 active threads.
Waiting for actors to stop.
Sent output token with value 4.0
Next port to read input from is inputA
Called postfire()
Called prefire()
Called fire()
Read input token from inputA with value 5.0
Checking for deadlock:
There are 2 Blocked actors, 0 Stopped actors, and 4 active threads.
Waiting for actors to stop.
Called postfire()
Called prefire()
Called fire()
-- Read input: 4.0, which is expected to match: 4.0
Called prefire()
Called fire()
Past the end of training data. Read and discard all inputs.
Checking for deadlock:
There are 3 Blocked actors, 0 Stopped actors, and 4 active threads.
Waiting for actors to stop.
Called prefire()
Called fire()
Past the end of training data. Read and discard all inputs.
Sent output token with value 4.5
Next port to read input from is inputB
Called postfire()
Called prefire()
Called fire()
Read input token from inputB with value 6.0
Sent output token with value 5.0
Next port to read input from is inputA
Called postfire()
Called prefire()
Called fire()
Read input token from inputA with value 6.0
Checking for deadlock:
There are 1 Blocked actors, 0 Stopped actors, and 4 active threads.
Waiting for actors to stop.
Called postfire()
Called prefire()
Called fire()
Called postfire()
Called prefire()
Called fire()
Called prefire()
Called fire()
Past the end of training data. Read and discard all inputs.
Checking for deadlock:
There are 3 Blocked actors, 0 Stopped actors, and 4 active threads.
Waiting for actors to stop.
Called prefire()
Called fire()
Past the end of training data. Read and discard all inputs.
Checking for deadlock:
There are 3 Blocked actors, 0 Stopped actors, and 4 active threads.
Waiting for actors to stop.
Sent output token with value 6.0
Next port to read input from is inputB
Called postfire()
Called prefire()
Called fire()
Called postfire()
Called prefire()
Called fire()
Checking for deadlock:
There are 3 Blocked actors, 0 Stopped actors, and 4 active threads.
Waiting for actors to stop.
Read input token from inputB with value 7.5
Called prefire()
Called fire()
Past the end of training data. Read and discard all inputs.
Checking for deadlock:
There are 3 Blocked actors, 0 Stopped actors, and 4 active threads.
Waiting for actors to stop.
Sent output token with value 6.0
Next port to read input from is inputA
Called postfire()
Called prefire()
Called fire()
Checking for deadlock:
There are 2 Blocked actors, 0 Stopped actors, and 4 active threads.
Waiting for actors to stop.
Called postfire()
Called prefire()
Called fire()
Checking for deadlock:
There are 3 Blocked actors, 0 Stopped actors, and 4 active threads.
Waiting for actors to stop.
Read input token from inputA with value 7.0
Checking for deadlock:
There are 2 Blocked actors, 0 Stopped actors, and 4 active threads.
Waiting for actors to stop.
Called prefire()
Called fire()
Past the end of training data. Read and discard all inputs.
Checking for deadlock:
There are 3 Blocked actors, 0 Stopped actors, and 4 active threads.
Waiting for actors to stop.
Sent output token with value 7.0
Next port to read input from is inputA
Called postfire()
Called prefire()
Called fire()
Checking for deadlock:
There are 2 Blocked actors, 0 Stopped actors, and 4 active threads.
Waiting for actors to stop.
-- Thread wrapup() called.
Called wrapup()
Thread .top.Ramp is exiting.
-- Thread stopped.
Checking for deadlock:
There are 2 Blocked actors, 0 Stopped actors, and 3 active threads.
Waiting for actors to stop.
Read input token from inputA with value 8.0
Called prefire()
Called fire()
Past the end of training data. Read and discard all inputs.
Checking for deadlock:
There are 2 Blocked actors, 0 Stopped actors, and 3 active threads.
Waiting for actors to stop.
Sent output token with value 7.5
Next port to read input from is inputB
Called postfire()
Called prefire()
Called fire()
Checking for deadlock:
There are 1 Blocked actors, 0 Stopped actors, and 3 active threads.
Waiting for actors to stop.
Called postfire()
Called prefire()
Called fire()
Checking for deadlock:
There are 2 Blocked actors, 0 Stopped actors, and 3 active threads.
Waiting for actors to stop.
Read input token from inputB with value 9.0
Checking for deadlock:
There are 1 Blocked actors, 0 Stopped actors, and 3 active threads.
Waiting for actors to stop.
Called prefire()
Called fire()
Past the end of training data. Read and discard all inputs.
Checking for deadlock:
There are 2 Blocked actors, 0 Stopped actors, and 3 active threads.
Waiting for actors to stop.
Sent output token with value 8.0
Next port to read input from is inputA
Called postfire()
Called prefire()
Called fire()
Read input token from inputA with value 9.0
Called prefire()
Called fire()
Past the end of training data. Read and discard all inputs.
Checking for deadlock:
There are 2 Blocked actors, 0 Stopped actors, and 3 active threads.
Waiting for actors to stop.
Sent output token with value 9.0
Next port to read input from is inputB
Called postfire()
Called prefire()
Called fire()
Called postfire()
Called prefire()
Called fire()
Checking for deadlock:
There are 2 Blocked actors, 0 Stopped actors, and 3 active threads.
Waiting for actors to stop.
Read input token from inputB with value 10.5
Called prefire()
Called fire()
Past the end of training data. Read and discard all inputs.
Checking for deadlock:
There are 2 Blocked actors, 0 Stopped actors, and 3 active threads.
Waiting for actors to stop.
Sent output token with value 9.0
Next port to read input from is inputA
Called postfire()
Called prefire()
Called fire()
Checking for deadlock:
There are 3 Blocked actors, 0 Stopped actors, and 3 active threads.
Actors have stopped.
Checking for deadlock:
There are 3 Blocked actors, 0 Stopped actors, and 3 active threads.
Deadlock detected.
Resolving Deadlock
Checking for deadlock:
There are 3 Blocked actors, 0 Stopped actors, and 3 active threads.
Artificial Deadlock - increasing queue capacity.
increasing the capacity of receiver ptolemy.actor.TypedIOPort {.top.OrderedMerge.inputB} to 2
-- Thread wrapup() called.
Called wrapup()
Thread .top.Ramp2 is exiting.
-- Thread stopped.
Director: Called postfire().
Called postfire().
_stopRequested = false
_stopFireRequested = false
Returning from postfire(): true
Called fire().
Checking for deadlock:
There are 2 Blocked actors, 0 Stopped actors, and 2 active threads.
Actors have stopped.
Checking for deadlock:
There are 2 Blocked actors, 0 Stopped actors, and 2 active threads.
Deadlock detected.
Resolving Deadlock
Checking for deadlock:
There are 2 Blocked actors, 0 Stopped actors, and 2 active threads.
Deadlock detected: no processes blocked on write, but some are blocked on read.
Called postfire().
_stopRequested = false
_stopFireRequested = false
Returning from postfire(): false
Finished deactivating branches.
Called wrapup().
-- Thread wrapup() called.
Called wrapup()
Thread .top.Test is exiting.
-- Thread stopped.
-- Blocked Receiver call threw TerminateProcessException.
-- Thread wrapup() called.
Called wrapup()
Thread .top.OrderedMerge is exiting.
-- Thread stopped.
-- Blocked Receiver call threw TerminateProcessException.
66 ms. Memory: 163840K Free: 133904K (82%)
.top. Preinitializing ...
Invoking preinitialize():  .top.OrderedMerge
Called preinitialize()
Invoking preinitialize():  .top.Ramp
Called preinitialize()
Invoking preinitialize():  .top.Ramp2
Called preinitialize()
Invoking preinitialize():  .top.Test
Called preinitialize()
.top. Finished preinitialize().
Called initialize().
Invoking initialize():  .top.OrderedMerge
Initializing actor: .top.OrderedMerge
Adding a thread: .top.OrderedMerge
Invoking initialize():  .top.Ramp
Initializing actor: .top.Ramp
Adding a thread: .top.Ramp
Invoking initialize():  .top.Ramp2
Initializing actor: .top.Ramp2
Adding a thread: .top.Ramp2
Invoking initialize():  .top.Test
Initializing actor: .top.Test
Adding a thread: .top.Test
-- Starting thread.
Called initialize()
-- Starting thread.
Called initialize()
Called prefire()
Called fire()
Called prefire()
Called fire()
Called postfire()
Called prefire()
Called fire()
-- Starting thread.
Called initialize()
Called prefire()
Called fire()
Called postfire()
Called prefire()
Called fire()
Called fire().
Checking for deadlock:
There are 3 Blocked actors, 0 Stopped actors, and 4 active threads.
Waiting for actors to stop.
-- Starting thread.
Called initialize()
Called prefire()
Called fire()
Called postfire()
Read input token from inputA with value 0.0
Checking for deadlock:
There are 2 Blocked actors, 0 Stopped actors, and 4 active threads.
Waiting for actors to stop.
Called prefire()
Called fire()
Next port to read input from is inputB
Called postfire()
Called prefire()
Called fire()
Called postfire()
Called prefire()
Called fire()
Read input token from inputB with value 0.0
Checking for deadlock:
There are 3 Blocked actors, 0 Stopped actors, and 4 active threads.
Waiting for actors to stop.
Checking for deadlock:
There are 2 Blocked actors, 0 Stopped actors, and 4 active threads.
-- Read input: 0.0, which is expected to match: 0.0
Waiting for actors to stop.
Called prefire()
Called fire()
Checking for deadlock:
There are 3 Blocked actors, 0 Stopped actors, and 4 active threads.
Waiting for actors to stop.
Sent output token with value 0.0
Next port to read input from is inputA
Called postfire()
Called prefire()
Called fire()
Checking for deadlock:
There are 2 Blocked actors, 0 Stopped actors, and 4 active threads.
Waiting for actors to stop.
Called postfire()
Called prefire()
Called fire()
Checking for deadlock:
There are 3 Blocked actors, 0 Stopped actors, and 4 active threads.
Waiting for actors to stop.
Read input token from inputA with value 1.0
Sent output token with value 0.0
Checking for deadlock:
There are 2 Blocked actors, 0 Stopped actors, and 4 active threads.
Waiting for actors to stop.
-- Read input: 0.0, which is expected to match: 0.0
Called prefire()
Called fire()
Next port to read input from is inputB
Called postfire()
Called prefire()
Called fire()
Checking for deadlock:
There are 3 Blocked actors, 0 Stopped actors, and 4 active threads.
Waiting for actors to stop.
Checking for deadlock:
There are 2 Blocked actors, 0 Stopped actors, and 4 active threads.
Waiting for actors to stop.
Read input token from inputB with value 1.5
Called postfire()
Called prefire()
Called fire()
Checking for deadlock:
There are 3 Blocked actors, 0 Stopped actors, and 4 active threads.
Waiting for actors to stop.
Checking for deadlock:
There are 2 Blocked actors, 0 Stopped actors, and 4 active threads.
Waiting for actors to stop.
-- Read input: 1.0, which is expected to match: 1.0
Called prefire()
Called fire()
Sent output token with value 1.0
Checking for deadlock:
There are 3 Blocked actors, 0 Stopped actors, and 4 active threads.
Waiting for actors to stop.
Next port to read input from is inputA
Called postfire()
Called prefire()
Called fire()
Checking for deadlock:
There are 2 Blocked actors, 0 Stopped actors, and 4 active threads.
Waiting for actors to stop.
Read input token from inputA with value 2.0
Called postfire()
Called prefire()
Called fire()
Sent output token with value 1.5
Checking for deadlock:
There are 2 Blocked actors, 0 Stopped actors, and 4 active threads.
Waiting for actors to stop.
-- Read input: 1.5, which is expected to match: 1.5
Called prefire()
Called fire()
Checking for deadlock:
There are 3 Blocked actors, 0 Stopped actors, and 4 active threads.
Waiting for actors to stop.
Next port to read input from is inputB
Called postfire()
Called prefire()
Called fire()
Checking for deadlock:
There are 2 Blocked actors, 0 Stopped actors, and 4 active threads.
Waiting for actors to stop.
Called postfire()
Read input token from inputB with value 3.0
Called prefire()
Called fire()
-- Read input: 2.0, which is expected to match: 2.0
Called prefire()
Called fire()
Checking for deadlock:
There are 3 Blocked actors, 0 Stopped actors, and 4 active threads.
Waiting for actors to stop.
Sent output token with value 2.0
Next port to read input from is inputA
Called postfire()
Called prefire()
Called fire()
Checking for deadlock:
There are 2 Blocked actors, 0 Stopped actors, and 4 active threads.
Waiting for actors to stop.
Called postfire()
Called prefire()
Called fire()
Checking for deadlock:
There are 3 Blocked actors, 0 Stopped actors, and 4 active threads.
Waiting for actors to stop.
Read input token from inputA with value 3.0
Sent output token with value 3.0
Checking for deadlock:
There are 2 Blocked actors, 0 Stopped actors, and 4 active threads.
Waiting for actors to stop.
-- Read input: 3.0, which is expected to match: 3.0
Called prefire()
Called fire()
Checking for deadlock:
There are 3 Blocked actors, 0 Stopped actors, and 4 active threads.
Waiting for actors to stop.
Next port to read input from is inputB
Called postfire()
Called prefire()
Called fire()
Checking for deadlock:
There are 2 Blocked actors, 0 Stopped actors, and 4 active threads.
Waiting for actors to stop.
Called postfire()
Called prefire()
Called fire()
Checking for deadlock:
There are 3 Blocked actors, 0 Stopped actors, and 4 active threads.
Waiting for actors to stop.
Read input token from inputB with value 4.5
Sent output token with value 3.0
Checking for deadlock:
There are 2 Blocked actors, 0 Stopped actors, and 4 active threads.
Waiting for actors to stop.
-- Read input: 3.0, which is expected to match: 3.0
Called prefire()
Called fire()
Checking for deadlock:
There are 3 Blocked actors, 0 Stopped actors, and 4 active threads.
Waiting for actors to stop.
Next port to read input from is inputA
Called postfire()
Called prefire()
Called fire()
Checking for deadlock:
There are 2 Blocked actors, 0 Stopped actors, and 4 active threads.
Waiting for actors to stop.
Read input token from inputA with value 4.0
Called postfire()
Called prefire()
Called fire()
-- Read input: 4.0, which is expected to match: 4.0
Called prefire()
Called fire()
Past the end of training data. Read and discard all inputs.
Sent output token with value 4.0
Next port to read input from is inputA
Called postfire()
Called prefire()
Called fire()
Checking for deadlock:
There are 2 Blocked actors, 0 Stopped actors, and 4 active threads.
Waiting for actors to stop.
Read input token from inputA with value 5.0
Checking for deadlock:
Called postfire()
There are 1 Blocked actors, 0 Stopped actors, and 4 active threads.
Called prefire()
Waiting for actors to stop.
Called fire()
Called prefire()
Called fire()
Past the end of training data. Read and discard all inputs.
Checking for deadlock:
There are 3 Blocked actors, 0 Stopped actors, and 4 active threads.
Waiting for actors to stop.
Sent output token with value 4.5
Next port to read input from is inputB
Called postfire()
Called prefire()
Called fire()
Checking for deadlock:
Called postfire()
Called prefire()
There are 2 Blocked actors, 0 Stopped actors, and 4 active threads.
Waiting for actors to stop.
Called fire()
Read input token from inputB with value 6.0
Called prefire()
Called fire()
Past the end of training data. Read and discard all inputs.
Checking for deadlock:
There are 3 Blocked actors, 0 Stopped actors, and 4 active threads.
Waiting for actors to stop.
Sent output token with value 5.0
Next port to read input from is inputA
Called postfire()
Called prefire()
Called fire()
Checking for deadlock:
There are 2 Blocked actors, 0 Stopped actors, and 4 active threads.
Waiting for actors to stop.
Called postfire()
Read input token from inputA with value 6.0
Called prefire()
Called fire()
Called prefire()
Called fire()
Past the end of training data. Read and discard all inputs.
Checking for deadlock:
There are 3 Blocked actors, 0 Stopped actors, and 4 active threads.
Waiting for actors to stop.
Sent output token with value 6.0
Next port to read input from is inputB
Called postfire()
Called prefire()
Called fire()
Checking for deadlock:
There are 2 Blocked actors, 0 Stopped actors, and 4 active threads.
Waiting for actors to stop.
Called postfire()
Called prefire()
Called fire()
Checking for deadlock:
There are 3 Blocked actors, 0 Stopped actors, and 4 active threads.
Waiting for actors to stop.
Read input token from inputB with value 7.5
Checking for deadlock:
There are 2 Blocked actors, 0 Stopped actors, and 4 active threads.
Waiting for actors to stop.
Called prefire()
Called fire()
Past the end of training data. Read and discard all inputs.
Checking for deadlock:
There are 3 Blocked actors, 0 Stopped actors, and 4 active threads.
Waiting for actors to stop.
Sent output token with value 6.0
Next port to read input from is inputA
Called postfire()
Called prefire()
Called fire()
Checking for deadlock:
There are 2 Blocked actors, 0 Stopped actors, and 4 active threads.
Waiting for actors to stop.
Called postfire()
Called prefire()
Called fire()
Checking for deadlock:
There are 3 Blocked actors, 0 Stopped actors, and 4 active threads.
Waiting for actors to stop.
Read input token from inputA with value 7.0
Checking for deadlock:
There are 2 Blocked actors, 0 Stopped actors, and 4 active threads.
Waiting for actors to stop.
Sent output token with value 7.0
Called prefire()
Next port to read input from is inputA
Called postfire()
Called fire()
Called prefire()
Past the end of training data. Read and discard all inputs.
Called fire()
Checking for deadlock:
There are 2 Blocked actors, 0 Stopped actors, and 4 active threads.
Read input token from inputA with value 8.0
Waiting for actors to stop.
Called prefire()
Called fire()
Past the end of training data. Read and discard all inputs.
-- Thread wrapup() called.
Called wrapup()
Thread .top.Ramp is exiting.
-- Thread stopped.
Checking for deadlock:
There are 2 Blocked actors, 0 Stopped actors, and 3 active threads.
Sent output token with value 7.5
Waiting for actors to stop.
Next port to read input from is inputB
Called postfire()
Called prefire()
Called fire()
Checking for deadlock:
Read input token from inputB with value 9.0
There are 1 Blocked actors, 0 Stopped actors, and 3 active threads.
Waiting for actors to stop.
Checking for deadlock:
There are 0 Blocked actors, 0 Stopped actors, and 3 active threads.
Sent output token with value 8.0
Waiting for actors to stop.
Called prefire()
Called fire()
Called postfire()
Called prefire()
Past the end of training data. Read and discard all inputs.
Called fire()
Checking for deadlock:
There are 1 Blocked actors, 0 Stopped actors, and 3 active threads.
Next port to read input from is inputA
Called postfire()
Waiting for actors to stop.
Called prefire()
Called fire()
Checking for deadlock:
There are 2 Blocked actors, 0 Stopped actors, and 3 active threads.
Waiting for actors to stop.
Read input token from inputA with value 9.0
Checking for deadlock:
Sent output token with value 9.0
There are 1 Blocked actors, 0 Stopped actors, and 3 active threads.
Waiting for actors to stop.
Next port to read input from is inputB
Called postfire()
Called prefire()
Called fire()
Called prefire()
Called fire()
Past the end of training data. Read and discard all inputs.
Checking for deadlock:
There are 1 Blocked actors, 0 Stopped actors, and 3 active threads.
Waiting for actors to stop.
Called postfire()
Called prefire()
Called fire()
Read input token from inputB with value 10.5
Checking for deadlock:
There are 2 Blocked actors, 0 Stopped actors, and 3 active threads.
Waiting for actors to stop.
Checking for deadlock:
There are 1 Blocked actors, 0 Stopped actors, and 3 active threads.
Waiting for actors to stop.
Sent output token with value 9.0
Called prefire()
Called fire()
Past the end of training data. Read and discard all inputs.
Next port to read input from is inputA
Called postfire()
Called prefire()
Called fire()
Checking for deadlock:
There are 2 Blocked actors, 0 Stopped actors, and 3 active threads.
Waiting for actors to stop.
Checking for deadlock:
There are 3 Blocked actors, 0 Stopped actors, and 3 active threads.
Actors have stopped.
Checking for deadlock:
There are 3 Blocked actors, 0 Stopped actors, and 3 active threads.
Deadlock detected.
Resolving Deadlock
Checking for deadlock:
There are 3 Blocked actors, 0 Stopped actors, and 3 active threads.
Artificial Deadlock - increasing queue capacity.
increasing the capacity of receiver ptolemy.actor.TypedIOPort {.top.OrderedMerge.inputB} to 2
Director: Called postfire().
Called postfire().
_stopRequested = false
_stopFireRequested = false
Returning from postfire(): true
Called fire().
Checking for deadlock:
There are 2 Blocked actors, 0 Stopped actors, and 3 active threads.
Waiting for actors to stop.
-- Thread wrapup() called.
Called wrapup()
Thread .top.Ramp2 is exiting.
-- Thread stopped.
Checking for deadlock:
There are 2 Blocked actors, 0 Stopped actors, and 2 active threads.
Actors have stopped.
Checking for deadlock:
There are 2 Blocked actors, 0 Stopped actors, and 2 active threads.
Deadlock detected.
Resolving Deadlock
Checking for deadlock:
There are 2 Blocked actors, 0 Stopped actors, and 2 active threads.
Deadlock detected: no processes blocked on write, but some are blocked on read.
Called postfire().
_stopRequested = false
_stopFireRequested = false
Returning from postfire(): false
Finished deactivating branches.
Called wrapup().
-- Thread wrapup() called.
Called wrapup()
-- Thread wrapup() called.
Called wrapup()
Thread .top.OrderedMerge is exiting.
-- Thread stopped.
Thread .top.Test is exiting.
-- Blocked Receiver call threw TerminateProcessException.
42 ms. Memory: 163840K Free: 131346K (80%)
/home/travis/build/icyphy/ptII/ptolemy/actor/lib/test/Publisher.tcl
-- Thread stopped.
-- Blocked Receiver call threw TerminateProcessException.
20 ms. Memory: 163840K Free: 125202K (76%)
32 ms. Memory: 163840K Free: 119562K (73%)
24 ms. Memory: 163840K Free: 115986K (71%)
16 ms. Memory: 163840K Free: 114962K (70%)
3 ms. Memory: 163840K Free: 114442K (70%)
9 ms. Memory: 163840K Free: 113424K (69%)
3 ms. Memory: 163840K Free: 112914K (69%)
20 ms. Memory: 163840K Free: 111890K (68%)
38 ms. Memory: 163840K Free: 102160K (62%)
4 ms. Memory: 163840K Free: 98058K (60%)
3 ms. Memory: 163840K Free: 97554K (60%)
12 ms. Memory: 163840K Free: 94978K (58%)
16 ms. Memory: 163840K Free: 87314K (53%)
15 ms. Memory: 163840K Free: 139100K (85%)
16 ms. Memory: 163840K Free: 128332K (78%)
/home/travis/build/icyphy/ptII/ptolemy/actor/lib/test/Pulse.tcl
8 ms. Memory: 163840K Free: 90972K (56%)
7 ms. Memory: 163840K Free: 90452K (55%)
10 ms. Memory: 163840K Free: 89948K (55%)
2 ms. Memory: 163840K Free: 89404K (55%)
1 ms. Memory: 163840K Free: 88924K (54%)
12 ms. Memory: 163840K Free: 87900K (54%)
9 ms. Memory: 163840K Free: 86876K (53%)
1 ms. Memory: 163840K Free: 85852K (52%)
6 ms. Memory: 163840K Free: 85308K (52%)
/home/travis/build/icyphy/ptII/ptolemy/actor/lib/test/Ramp.tcl
7 ms. Memory: 163840K Free: 83290K (51%)
3 ms. Memory: 163840K Free: 82780K (51%)
3 ms. Memory: 163840K Free: 81756K (50%)
2 ms. Memory: 163840K Free: 81228K (50%)
6 ms. Memory: 163840K Free: 80204K (49%)
9 ms. Memory: 163840K Free: 79708K (49%)
6 ms. Memory: 163840K Free: 78684K (48%)
5 actors
8000 microseconds per iteration to create
11 ms. Memory: 163840K Free: 76092K (46%)
3 ms. Memory: 163840K Free: 75092K (46%)
4 ms. Memory: 163840K Free: 74588K (46%)
3 ms. Memory: 163840K Free: 74060K (45%)
50 actors
51000 microseconds per iteration to create
41 ms. Memory: 163840K Free: 58714K (36%)
6 ms. Memory: 163840K Free: 57690K (35%)
6 ms. Memory: 163840K Free: 56666K (35%)
32 ms. Memory: 221184K Free: 203509K (92%)
500 actors
1672000 microseconds per iteration to create
332 ms. Memory: 221184K Free: 164560K (74%)
51 ms. Memory: 221184K Free: 159440K (72%)
52 ms. Memory: 221184K Free: 154320K (70%)
50 ms. Memory: 221184K Free: 149200K (67%)
/home/travis/build/icyphy/ptII/ptolemy/actor/lib/test/RampContinuous.tcl
9 ms. Memory: 221184K Free: 147656K (67%)
/home/travis/build/icyphy/ptII/ptolemy/actor/lib/test/RecordAssembler.tcl
7 ms. Memory: 221184K Free: 146128K (66%)
5 ms. Memory: 221184K Free: 145104K (66%)
/home/travis/build/icyphy/ptII/ptolemy/actor/lib/test/RecordDisassembler.tcl
7 ms. Memory: 221184K Free: 143056K (65%)
5 ms. Memory: 221184K Free: 142542K (64%)
10 ms. Memory: 221184K Free: 141504K (64%)
/home/travis/build/icyphy/ptII/ptolemy/actor/lib/test/Scale.tcl
4 ms. Memory: 221184K Free: 139456K (63%)
2 ms. Memory: 221184K Free: 138960K (63%)
1 ms. Memory: 221184K Free: 137936K (62%)
4 ms. Memory: 221184K Free: 136912K (62%)
9 ms. Memory: 221184K Free: 136368K (62%)
/home/travis/build/icyphy/ptII/ptolemy/actor/lib/test/SequentialClock.tcl
preinitializing
resolving types
initializing
executing number 1
wrapping up
idle
3 ms. Memory: 221184K Free: 134864K (61%)
Completed execution with 5 iterations
preinitializing
resolving types
initializing
executing number 1
wrapping up
idle
1 ms. Memory: 221184K Free: 134336K (61%)
Completed execution with 5 iterations
preinitializing
resolving types
initializing
executing number 1
wrapping up
idle
1 ms. Memory: 221184K Free: 133840K (61%)
Completed execution with 5 iterations
/home/travis/build/icyphy/ptII/ptolemy/actor/lib/test/SetVariable.tcl
5 ms. Memory: 221184K Free: 132296K (60%)


==== $PTII/ptolemy/actor/lib/test/SetVariable.tcl: SetVariable-3.1 changeFailed
==== Contents of test case:

    #Uses 2.1 above
    jdkCaptureErr {
        # This test was failing if we ran Exit.tcl and then this test.
        # MessageHandler.error() now actually throws the Exception.
	catch {$setVariable changeFailed [java::null]  [java::new Exception {Test exception for SetVariable.changeFailed()}]} errMsg
    } results
    list [string range $results 0 89] "\n" $errMsg

==== Result was:
{java.lang.Exception: Test exception for SetVariable.changeFailed()
	at java.base/jdk.inter} {
} {java.lang.RuntimeException: java.lang.Exception: Test exception for SetVariable.changeFailed()}
---- Result should have been:
{java.lang.Exception: Test exception for SetVariable.changeFailed()
	at sun.reflect.NativeC} {
} {java.lang.RuntimeException: java.lang.Exception: Test exception for SetVariable.changeFailed()}
---- SetVariable-3.1 FAILED
/home/travis/build/icyphy/ptII/ptolemy/actor/lib/test/Sinewave.tcl
/home/travis/build/icyphy/ptII/ptolemy/actor/lib/test/SubscriptionAggregator.tcl
5 ms. Memory: 221184K Free: 120528K (54%)
3 ms. Memory: 221184K Free: 120000K (54%)
5 ms. Memory: 221184K Free: 119504K (54%)
1 ms. Memory: 221184K Free: 118990K (54%)
3 ms. Memory: 221184K Free: 115408K (52%)
14 ms. Memory: 221184K Free: 113360K (51%)
...............................................................1149 ms. Memory: 301056K Free: 186661K (62%)
/home/travis/build/icyphy/ptII/ptolemy/actor/lib/test/Test.tcl
 The next command will produce a warning about training mode,
   which may be ignored.
7 ms. Memory: 301056K Free: 184605K (61%)
4 ms. Memory: 301056K Free: 184110K (61%)
1 ms. Memory: 301056K Free: 183086K (61%)
1 ms. Memory: 301056K Free: 182557K (61%)
3 ms. Memory: 301056K Free: 182062K (60%)
4 ms. Memory: 301056K Free: 180524K (60%)
4 ms. Memory: 301056K Free: 179485K (60%)
 The next command will produce a warning about training mode,
   which may be ignored.
8 ms. Memory: 301056K Free: 176942K (59%)
 The next command will produce a warning about training mode,
   which may be ignored.
3 ms. Memory: 301056K Free: 175918K (58%)
2 ms. Memory: 301056K Free: 175389K (58%)
1 ms. Memory: 301056K Free: 174894K (58%)
2 ms. Memory: 301056K Free: 174365K (58%)
7 ms. Memory: 301056K Free: 173356K (58%)
3 ms. Memory: 301056K Free: 169774K (56%)
/home/travis/build/icyphy/ptII/ptolemy/actor/lib/test/TestExceptionHandler.tcl
 The next command will produce a warning about training mode,
   which may be ignored.
4 ms. Memory: 301056K Free: 168205K (56%)
1 ms. Memory: 301056K Free: 167726K (56%)
1 ms. Memory: 301056K Free: 167212K (56%)
/home/travis/build/icyphy/ptII/ptolemy/actor/lib/test/UnionDisassembler.tcl
15 ms. Memory: 301056K Free: 160044K (53%)
/home/travis/build/icyphy/ptII/ptolemy/actor/lib/test/VariableClock.tcl
preinitializing
resolving types
initializing
executing number 1
wrapping up
idle
4 ms. Memory: 301056K Free: 158510K (53%)
Completed execution with 11 iterations
preinitializing
resolving types
initializing
executing number 1
wrapping up
idle
3 ms. Memory: 301056K Free: 156972K (52%)
Completed execution with 10 iterations
07/05/19 04:51:17
Failed: 2  Total Tests: 234  ((Passed: 232, Newly Passed: 0)  Known Failed: 0) /home/travis/build/icyphy/ptII/ptolemy/actor/lib/test
----------------- testing (KnownFailure) /home/travis/build/icyphy/ptII/ptolemy/actor/lib/test/auto/knownFailedTests/PublisherPortToplevelSubscriber.xml
1 ms. Memory: 301056K Free: 153390K (51%)
Known Failure: java.lang.reflect.InvocationTargetException
----------------- testing (KnownFailure) /home/travis/build/icyphy/ptII/ptolemy/actor/lib/test/auto/knownFailedTests/PublisherSubscriberPortToplevel.xml
0 ms. Memory: 301056K Free: 149804K (50%)
Known Failure: java.lang.reflect.InvocationTargetException
----------------- testing (KnownFailure) /home/travis/build/icyphy/ptII/ptolemy/actor/lib/test/auto/knownFailedTests/PublisherSubscriptionAggregatorPort.xml
0 ms. Memory: 301056K Free: 145708K (48%)
Known Failure: java.lang.reflect.InvocationTargetException
----------------- testing (KnownFailure) /home/travis/build/icyphy/ptII/ptolemy/actor/lib/test/auto/knownFailedTests/sizedarray3.xml
6 ms. Memory: 301056K Free: 141102K (47%)
Known Failure: java.lang.reflect.InvocationTargetException
No auto/linux-amd64/*.xml tests in /home/travis/build/icyphy/ptII/ptolemy/actor/lib/test
AutoTests.java: About to close Vertx.
AutoTests.java: Vertx closed.

===========================================================================================
----------------- testing Fri Jul 05 04:51:18 UTC 2019 /home/travis/build/icyphy/ptII/ptolemy/actor/lib/test/auto/AbsoluteValue.xml
----------------- Instantiating /home/travis/build/icyphy/ptII/ptolemy/actor/lib/test/auto/AbsoluteValue.xml
5 ms. Memory: 301056K Free: 118574K (39%)
----------------- Invoking toplevel() on ptolemy.moml.MoMLSimpleApplication@76709706
----------------- Done invoking toplevel() on ptolemy.moml.MoMLSimpleApplication@76709706
reloadAllAccessors: .AbsoluteValue

===========================================================================================
----------------- testing Fri Jul 05 04:51:18 UTC 2019 /home/travis/build/icyphy/ptII/ptolemy/actor/lib/test/auto/AbsoluteValue2.xml
----------------- Instantiating /home/travis/build/icyphy/ptII/ptolemy/actor/lib/test/auto/AbsoluteValue2.xml
5 ms. Memory: 301056K Free: 111916K (37%)
----------------- Invoking toplevel() on ptolemy.moml.MoMLSimpleApplication@1bfc33f8
----------------- Done invoking toplevel() on ptolemy.moml.MoMLSimpleApplication@1bfc33f8
reloadAllAccessors: .AbsoluteValue2

===========================================================================================
----------------- testing Fri Jul 05 04:51:18 UTC 2019 /home/travis/build/icyphy/ptII/ptolemy/actor/lib/test/auto/Accumulator.xml
----------------- Instantiating /home/travis/build/icyphy/ptII/ptolemy/actor/lib/test/auto/Accumulator.xml
7 ms. Memory: 301056K Free: 105262K (35%)
----------------- Invoking toplevel() on ptolemy.moml.MoMLSimpleApplication@7f1d04f0
----------------- Done invoking toplevel() on ptolemy.moml.MoMLSimpleApplication@7f1d04f0
reloadAllAccessors: .Accumulator

===========================================================================================
----------------- testing Fri Jul 05 04:51:18 UTC 2019 /home/travis/build/icyphy/ptII/ptolemy/actor/lib/test/auto/Accumulator2.xml
----------------- Instantiating /home/travis/build/icyphy/ptII/ptolemy/actor/lib/test/auto/Accumulator2.xml
153 ms. Memory: 301056K Free: 253333K (84%)
----------------- Invoking toplevel() on ptolemy.moml.MoMLSimpleApplication@18490d40
----------------- Done invoking toplevel() on ptolemy.moml.MoMLSimpleApplication@18490d40
reloadAllAccessors: .Accumulator2

===========================================================================================
----------------- testing Fri Jul 05 04:51:18 UTC 2019 /home/travis/build/icyphy/ptII/ptolemy/actor/lib/test/auto/Accumulator3.xml
----------------- Instantiating /home/travis/build/icyphy/ptII/ptolemy/actor/lib/test/auto/Accumulator3.xml
5 ms. Memory: 301056K Free: 248727K (83%)
----------------- Invoking toplevel() on ptolemy.moml.MoMLSimpleApplication@a5e7cf5
----------------- Done invoking toplevel() on ptolemy.moml.MoMLSimpleApplication@a5e7cf5
reloadAllAccessors: .Accumulator3

===========================================================================================
----------------- testing Fri Jul 05 04:51:18 UTC 2019 /home/travis/build/icyphy/ptII/ptolemy/actor/lib/test/auto/ArrayAppend.xml
----------------- Instantiating /home/travis/build/icyphy/ptII/ptolemy/actor/lib/test/auto/ArrayAppend.xml
26 ms. Memory: 301056K Free: 242054K (80%)
----------------- Invoking toplevel() on ptolemy.moml.MoMLSimpleApplication@791fa892
----------------- Done invoking toplevel() on ptolemy.moml.MoMLSimpleApplication@791fa892
reloadAllAccessors: .ArrayAppend

===========================================================================================
----------------- testing Fri Jul 05 04:51:18 UTC 2019 /home/travis/build/icyphy/ptII/ptolemy/actor/lib/test/auto/ArrayAppend2.xml
----------------- Instantiating /home/travis/build/icyphy/ptII/ptolemy/actor/lib/test/auto/ArrayAppend2.xml
446 ms. Memory: 301056K Free: 244222K (81%)
----------------- Invoking toplevel() on ptolemy.moml.MoMLSimpleApplication@1d08a4f3
----------------- Done invoking toplevel() on ptolemy.moml.MoMLSimpleApplication@1d08a4f3
reloadAllAccessors: .ArrayAppend2

===========================================================================================
----------------- testing Fri Jul 05 04:51:19 UTC 2019 /home/travis/build/icyphy/ptII/ptolemy/actor/lib/test/auto/ArrayAppend3.xml
----------------- Instantiating /home/travis/build/icyphy/ptII/ptolemy/actor/lib/test/auto/ArrayAppend3.xml
11 ms. Memory: 301056K Free: 238078K (79%)
----------------- Invoking toplevel() on ptolemy.moml.MoMLSimpleApplication@52bc4690
----------------- Done invoking toplevel() on ptolemy.moml.MoMLSimpleApplication@52bc4690
reloadAllAccessors: .ArrayAppend3

===========================================================================================
----------------- testing Fri Jul 05 04:51:19 UTC 2019 /home/travis/build/icyphy/ptII/ptolemy/actor/lib/test/auto/ArrayAppend4.xml
----------------- Instantiating /home/travis/build/icyphy/ptII/ptolemy/actor/lib/test/auto/ArrayAppend4.xml
4 ms. Memory: 301056K Free: 232958K (77%)
----------------- Invoking toplevel() on ptolemy.moml.MoMLSimpleApplication@372a19b2
----------------- Done invoking toplevel() on ptolemy.moml.MoMLSimpleApplication@372a19b2
reloadAllAccessors: .ArrayAppend4

===========================================================================================
----------------- testing Fri Jul 05 04:51:19 UTC 2019 /home/travis/build/icyphy/ptII/ptolemy/actor/lib/test/auto/ArrayAppend5.xml
----------------- Instantiating /home/travis/build/icyphy/ptII/ptolemy/actor/lib/test/auto/ArrayAppend5.xml
5 ms. Memory: 301056K Free: 227328K (76%)
----------------- Invoking toplevel() on ptolemy.moml.MoMLSimpleApplication@19eceee1
----------------- Done invoking toplevel() on ptolemy.moml.MoMLSimpleApplication@19eceee1
reloadAllAccessors: .ArrayAppend5

===========================================================================================
----------------- testing Fri Jul 05 04:51:19 UTC 2019 /home/travis/build/icyphy/ptII/ptolemy/actor/lib/test/auto/ArrayAppend6.xml
----------------- Instantiating /home/travis/build/icyphy/ptII/ptolemy/actor/lib/test/auto/ArrayAppend6.xml
4 ms. Memory: 301056K Free: 222718K (74%)
----------------- Invoking toplevel() on ptolemy.moml.MoMLSimpleApplication@45a5edfb
----------------- Done invoking toplevel() on ptolemy.moml.MoMLSimpleApplication@45a5edfb
reloadAllAccessors: .ArrayAppend6

===========================================================================================
----------------- testing Fri Jul 05 04:51:19 UTC 2019 /home/travis/build/icyphy/ptII/ptolemy/actor/lib/test/auto/ArrayAppendPerformanceTest.xml
----------------- Instantiating /home/travis/build/icyphy/ptII/ptolemy/actor/lib/test/auto/ArrayAppendPerformanceTest.xml
49 ms. Memory: 301056K Free: 211454K (70%)
----------------- Invoking toplevel() on ptolemy.moml.MoMLSimpleApplication@56c8a093
----------------- Done invoking toplevel() on ptolemy.moml.MoMLSimpleApplication@56c8a093
reloadAllAccessors: .ArrayAppendPerformanceTest

===========================================================================================
----------------- testing Fri Jul 05 04:51:19 UTC 2019 /home/travis/build/icyphy/ptII/ptolemy/actor/lib/test/auto/ArrayAppendWithEmptyInput.xml
----------------- Instantiating /home/travis/build/icyphy/ptII/ptolemy/actor/lib/test/auto/ArrayAppendWithEmptyInput.xml
19 ms. Memory: 301056K Free: 203776K (68%)
----------------- Invoking toplevel() on ptolemy.moml.MoMLSimpleApplication@65a4a7ba
----------------- Done invoking toplevel() on ptolemy.moml.MoMLSimpleApplication@65a4a7ba
reloadAllAccessors: .ArrayAppendWithEmptyInput

===========================================================================================
----------------- testing Fri Jul 05 04:51:19 UTC 2019 /home/travis/build/icyphy/ptII/ptolemy/actor/lib/test/auto/ArrayAverage.xml
----------------- Instantiating /home/travis/build/icyphy/ptII/ptolemy/actor/lib/test/auto/ArrayAverage.xml
15 ms. Memory: 301056K Free: 195584K (65%)
----------------- Invoking toplevel() on ptolemy.moml.MoMLSimpleApplication@44526954
----------------- Done invoking toplevel() on ptolemy.moml.MoMLSimpleApplication@44526954
reloadAllAccessors: .ArrayAverage

===========================================================================================
----------------- testing Fri Jul 05 04:51:19 UTC 2019 /home/travis/build/icyphy/ptII/ptolemy/actor/lib/test/auto/ArrayContains.xml
----------------- Instantiating /home/travis/build/icyphy/ptII/ptolemy/actor/lib/test/auto/ArrayContains.xml
14 ms. Memory: 301056K Free: 189950K (63%)
----------------- Invoking toplevel() on ptolemy.moml.MoMLSimpleApplication@21114108
----------------- Done invoking toplevel() on ptolemy.moml.MoMLSimpleApplication@21114108
reloadAllAccessors: .ArrayContains

===========================================================================================
----------------- testing Fri Jul 05 04:51:19 UTC 2019 /home/travis/build/icyphy/ptII/ptolemy/actor/lib/test/auto/ArrayElement.xml
----------------- Instantiating /home/travis/build/icyphy/ptII/ptolemy/actor/lib/test/auto/ArrayElement.xml
5 ms. Memory: 301056K Free: 184799K (61%)
----------------- Invoking toplevel() on ptolemy.moml.MoMLSimpleApplication@3682755
----------------- Done invoking toplevel() on ptolemy.moml.MoMLSimpleApplication@3682755
reloadAllAccessors: .ArrayElement

===========================================================================================
----------------- testing Fri Jul 05 04:51:19 UTC 2019 /home/travis/build/icyphy/ptII/ptolemy/actor/lib/test/auto/ArrayElementAsMatrix.xml
----------------- Instantiating /home/travis/build/icyphy/ptII/ptolemy/actor/lib/test/auto/ArrayElementAsMatrix.xml
12 ms. Memory: 301056K Free: 174590K (58%)
----------------- Invoking toplevel() on ptolemy.moml.MoMLSimpleApplication@459af922
----------------- Done invoking toplevel() on ptolemy.moml.MoMLSimpleApplication@459af922
reloadAllAccessors: .ArrayElementAsMatrix

===========================================================================================
----------------- testing Fri Jul 05 04:51:19 UTC 2019 /home/travis/build/icyphy/ptII/ptolemy/actor/lib/test/auto/ArrayElementI.xml
----------------- Instantiating /home/travis/build/icyphy/ptII/ptolemy/actor/lib/test/auto/ArrayElementI.xml
4 ms. Memory: 301056K Free: 169984K (56%)
----------------- Invoking toplevel() on ptolemy.moml.MoMLSimpleApplication@f2831f1
----------------- Done invoking toplevel() on ptolemy.moml.MoMLSimpleApplication@f2831f1
reloadAllAccessors: .ArrayElementI

===========================================================================================
----------------- testing Fri Jul 05 04:51:19 UTC 2019 /home/travis/build/icyphy/ptII/ptolemy/actor/lib/test/auto/ArrayExtract.xml
----------------- Instantiating /home/travis/build/icyphy/ptII/ptolemy/actor/lib/test/auto/ArrayExtract.xml
6 ms. Memory: 301056K Free: 161792K (54%)
----------------- Invoking toplevel() on ptolemy.moml.MoMLSimpleApplication@31bfc111
----------------- Done invoking toplevel() on ptolemy.moml.MoMLSimpleApplication@31bfc111
reloadAllAccessors: .ArrayExtract

===========================================================================================
----------------- testing Fri Jul 05 04:51:19 UTC 2019 /home/travis/build/icyphy/ptII/ptolemy/actor/lib/test/auto/ArrayExtract2.xml
----------------- Instantiating /home/travis/build/icyphy/ptII/ptolemy/actor/lib/test/auto/ArrayExtract2.xml
3 ms. Memory: 301056K Free: 156672K (52%)
----------------- Invoking toplevel() on ptolemy.moml.MoMLSimpleApplication@2e1af95
----------------- Done invoking toplevel() on ptolemy.moml.MoMLSimpleApplication@2e1af95
reloadAllAccessors: .ArrayExtract2

===========================================================================================
----------------- testing Fri Jul 05 04:51:19 UTC 2019 /home/travis/build/icyphy/ptII/ptolemy/actor/lib/test/auto/ArrayLength.xml
----------------- Instantiating /home/travis/build/icyphy/ptII/ptolemy/actor/lib/test/auto/ArrayLength.xml
2 ms. Memory: 301056K Free: 152576K (51%)
----------------- Invoking toplevel() on ptolemy.moml.MoMLSimpleApplication@34380d9a
----------------- Done invoking toplevel() on ptolemy.moml.MoMLSimpleApplication@34380d9a
reloadAllAccessors: .ArrayLength

===========================================================================================
----------------- testing Fri Jul 05 04:51:19 UTC 2019 /home/travis/build/icyphy/ptII/ptolemy/actor/lib/test/auto/ArrayLevelCrossing.xml
----------------- Instantiating /home/travis/build/icyphy/ptII/ptolemy/actor/lib/test/auto/ArrayLevelCrossing.xml
6 ms. Memory: 301056K Free: 144894K (48%)
----------------- Invoking toplevel() on ptolemy.moml.MoMLSimpleApplication@6a6c0aa9
----------------- Done invoking toplevel() on ptolemy.moml.MoMLSimpleApplication@6a6c0aa9
reloadAllAccessors: .ArrayLevelCrossing

===========================================================================================
----------------- testing Fri Jul 05 04:51:20 UTC 2019 /home/travis/build/icyphy/ptII/ptolemy/actor/lib/test/auto/ArrayLevelCrossing2.xml
----------------- Instantiating /home/travis/build/icyphy/ptII/ptolemy/actor/lib/test/auto/ArrayLevelCrossing2.xml
4 ms. Memory: 301056K Free: 137216K (46%)
----------------- Invoking toplevel() on ptolemy.moml.MoMLSimpleApplication@795f42ad
----------------- Done invoking toplevel() on ptolemy.moml.MoMLSimpleApplication@795f42ad
reloadAllAccessors: .ArrayLevelCrossing2

===========================================================================================
----------------- testing Fri Jul 05 04:51:20 UTC 2019 /home/travis/build/icyphy/ptII/ptolemy/actor/lib/test/auto/ArrayPeakSearch.xml
----------------- Instantiating /home/travis/build/icyphy/ptII/ptolemy/actor/lib/test/auto/ArrayPeakSearch.xml
8 ms. Memory: 301056K Free: 128510K (43%)
----------------- Invoking toplevel() on ptolemy.moml.MoMLSimpleApplication@2b5bcee9
----------------- Done invoking toplevel() on ptolemy.moml.MoMLSimpleApplication@2b5bcee9
reloadAllAccessors: .ArrayPeakSearch

===========================================================================================
----------------- testing Fri Jul 05 04:51:20 UTC 2019 /home/travis/build/icyphy/ptII/ptolemy/actor/lib/test/auto/ArrayPeakSearch2.xml
----------------- Instantiating /home/travis/build/icyphy/ptII/ptolemy/actor/lib/test/auto/ArrayPeakSearch2.xml
9 ms. Memory: 301056K Free: 117760K (39%)
----------------- Invoking toplevel() on ptolemy.moml.MoMLSimpleApplication@13086622
----------------- Done invoking toplevel() on ptolemy.moml.MoMLSimpleApplication@13086622
reloadAllAccessors: .ArrayPeakSearch2

===========================================================================================
----------------- testing Fri Jul 05 04:51:20 UTC 2019 /home/travis/build/icyphy/ptII/ptolemy/actor/lib/test/auto/ArrayPeakSearch3.xml
----------------- Instantiating /home/travis/build/icyphy/ptII/ptolemy/actor/lib/test/auto/ArrayPeakSearch3.xml
6 ms. Memory: 301056K Free: 109054K (36%)
----------------- Invoking toplevel() on ptolemy.moml.MoMLSimpleApplication@223a7485
----------------- Done invoking toplevel() on ptolemy.moml.MoMLSimpleApplication@223a7485
reloadAllAccessors: .ArrayPeakSearch3

===========================================================================================
----------------- testing Fri Jul 05 04:51:20 UTC 2019 /home/travis/build/icyphy/ptII/ptolemy/actor/lib/test/auto/ArrayRemoveElement.xml
----------------- Instantiating /home/travis/build/icyphy/ptII/ptolemy/actor/lib/test/auto/ArrayRemoveElement.xml
7 ms. Memory: 301056K Free: 100862K (34%)
----------------- Invoking toplevel() on ptolemy.moml.MoMLSimpleApplication@7cf9395d
----------------- Done invoking toplevel() on ptolemy.moml.MoMLSimpleApplication@7cf9395d
reloadAllAccessors: .ArrayRemoveElement

===========================================================================================
----------------- testing Fri Jul 05 04:51:20 UTC 2019 /home/travis/build/icyphy/ptII/ptolemy/actor/lib/test/auto/ArraySort.xml
----------------- Instantiating /home/travis/build/icyphy/ptII/ptolemy/actor/lib/test/auto/ArraySort.xml
17 ms. Memory: 301056K Free: 92160K (31%)
----------------- Invoking toplevel() on ptolemy.moml.MoMLSimpleApplication@1dba2394
----------------- Done invoking toplevel() on ptolemy.moml.MoMLSimpleApplication@1dba2394
reloadAllAccessors: .ArraySort

===========================================================================================
----------------- testing Fri Jul 05 04:51:20 UTC 2019 /home/travis/build/icyphy/ptII/ptolemy/actor/lib/test/auto/ArraySum.xml
----------------- Instantiating /home/travis/build/icyphy/ptII/ptolemy/actor/lib/test/auto/ArraySum.xml
3 ms. Memory: 301056K Free: 86526K (29%)
----------------- Invoking toplevel() on ptolemy.moml.MoMLSimpleApplication@7ae23b61
----------------- Done invoking toplevel() on ptolemy.moml.MoMLSimpleApplication@7ae23b61
reloadAllAccessors: .ArraySum

===========================================================================================
----------------- testing Fri Jul 05 04:51:20 UTC 2019 /home/travis/build/icyphy/ptII/ptolemy/actor/lib/test/auto/ArrayToElements.xml
----------------- Instantiating /home/travis/build/icyphy/ptII/ptolemy/actor/lib/test/auto/ArrayToElements.xml
6 ms. Memory: 559104K Free: 509582K (91%)
----------------- Invoking toplevel() on ptolemy.moml.MoMLSimpleApplication@20940b67
----------------- Done invoking toplevel() on ptolemy.moml.MoMLSimpleApplication@20940b67
reloadAllAccessors: .ArrayToElements

===========================================================================================
----------------- testing Fri Jul 05 04:51:20 UTC 2019 /home/travis/build/icyphy/ptII/ptolemy/actor/lib/test/auto/ArrayToMatrix.xml
----------------- Instantiating /home/travis/build/icyphy/ptII/ptolemy/actor/lib/test/auto/ArrayToMatrix.xml
11 ms. Memory: 559104K Free: 495246K (89%)
----------------- Invoking toplevel() on ptolemy.moml.MoMLSimpleApplication@45254a31
----------------- Done invoking toplevel() on ptolemy.moml.MoMLSimpleApplication@45254a31
reloadAllAccessors: .ArrayToMatrix

===========================================================================================
----------------- testing Fri Jul 05 04:51:20 UTC 2019 /home/travis/build/icyphy/ptII/ptolemy/actor/lib/test/auto/ArrayUpdate1.xml
----------------- Instantiating /home/travis/build/icyphy/ptII/ptolemy/actor/lib/test/auto/ArrayUpdate1.xml
7 ms. Memory: 559104K Free: 490640K (88%)
----------------- Invoking toplevel() on ptolemy.moml.MoMLSimpleApplication@4ad24108
----------------- Done invoking toplevel() on ptolemy.moml.MoMLSimpleApplication@4ad24108
reloadAllAccessors: .ArrayUpdate1

===========================================================================================
----------------- testing Fri Jul 05 04:51:20 UTC 2019 /home/travis/build/icyphy/ptII/ptolemy/actor/lib/test/auto/ArrayUpdate2.xml
----------------- Instantiating /home/travis/build/icyphy/ptII/ptolemy/actor/lib/test/auto/ArrayUpdate2.xml
8 ms. Memory: 559104K Free: 483982K (87%)
----------------- Invoking toplevel() on ptolemy.moml.MoMLSimpleApplication@744c29eb
----------------- Done invoking toplevel() on ptolemy.moml.MoMLSimpleApplication@744c29eb
reloadAllAccessors: .ArrayUpdate2

===========================================================================================
----------------- testing Fri Jul 05 04:51:20 UTC 2019 /home/travis/build/icyphy/ptII/ptolemy/actor/lib/test/auto/ArrayUpdate3.xml
----------------- Instantiating /home/travis/build/icyphy/ptII/ptolemy/actor/lib/test/auto/ArrayUpdate3.xml
3 ms. Memory: 559104K Free: 479376K (86%)
----------------- Invoking toplevel() on ptolemy.moml.MoMLSimpleApplication@4141b350
----------------- Done invoking toplevel() on ptolemy.moml.MoMLSimpleApplication@4141b350
reloadAllAccessors: .ArrayUpdate3

===========================================================================================
----------------- testing Fri Jul 05 04:51:20 UTC 2019 /home/travis/build/icyphy/ptII/ptolemy/actor/lib/test/auto/Assert1.xml
----------------- Instantiating /home/travis/build/icyphy/ptII/ptolemy/actor/lib/test/auto/Assert1.xml
9 ms. Memory: 559104K Free: 474766K (85%)
----------------- Invoking toplevel() on ptolemy.moml.MoMLSimpleApplication@70217d4f
----------------- Done invoking toplevel() on ptolemy.moml.MoMLSimpleApplication@70217d4f
reloadAllAccessors: .Assert1

===========================================================================================
----------------- testing Fri Jul 05 04:51:20 UTC 2019 /home/travis/build/icyphy/ptII/ptolemy/actor/lib/test/auto/Assert2.xml
----------------- Instantiating /home/travis/build/icyphy/ptII/ptolemy/actor/lib/test/auto/Assert2.xml
8 ms. Memory: 559104K Free: 469646K (84%)
----------------- Invoking toplevel() on ptolemy.moml.MoMLSimpleApplication@67229872
----------------- Done invoking toplevel() on ptolemy.moml.MoMLSimpleApplication@67229872
reloadAllAccessors: .Assert2

===========================================================================================
----------------- testing Fri Jul 05 04:51:20 UTC 2019 /home/travis/build/icyphy/ptII/ptolemy/actor/lib/test/auto/BooleanMultiplexor.xml
----------------- Instantiating /home/travis/build/icyphy/ptII/ptolemy/actor/lib/test/auto/BooleanMultiplexor.xml
3 ms. Memory: 559104K Free: 464016K (83%)
----------------- Invoking toplevel() on ptolemy.moml.MoMLSimpleApplication@31ff0288
----------------- Done invoking toplevel() on ptolemy.moml.MoMLSimpleApplication@31ff0288
reloadAllAccessors: .BooleanMultiplexor

===========================================================================================
----------------- testing Fri Jul 05 04:51:20 UTC 2019 /home/travis/build/icyphy/ptII/ptolemy/actor/lib/test/auto/BooleanMultiplexor2.xml
----------------- Instantiating /home/travis/build/icyphy/ptII/ptolemy/actor/lib/test/auto/BooleanMultiplexor2.xml
5 ms. Memory: 559104K Free: 457872K (82%)
----------------- Invoking toplevel() on ptolemy.moml.MoMLSimpleApplication@229dff7d
----------------- Done invoking toplevel() on ptolemy.moml.MoMLSimpleApplication@229dff7d
reloadAllAccessors: .BooleanMultiplexor2

===========================================================================================
----------------- testing Fri Jul 05 04:51:20 UTC 2019 /home/travis/build/icyphy/ptII/ptolemy/actor/lib/test/auto/BooleanMultiplexor3.xml
----------------- Instantiating /home/travis/build/icyphy/ptII/ptolemy/actor/lib/test/auto/BooleanMultiplexor3.xml
5 ms. Memory: 559104K Free: 453776K (81%)
----------------- Invoking toplevel() on ptolemy.moml.MoMLSimpleApplication@48f19261
----------------- Done invoking toplevel() on ptolemy.moml.MoMLSimpleApplication@48f19261
reloadAllAccessors: .BooleanMultiplexor3

===========================================================================================
----------------- testing Fri Jul 05 04:51:20 UTC 2019 /home/travis/build/icyphy/ptII/ptolemy/actor/lib/test/auto/BooleanSelect.xml
----------------- Instantiating /home/travis/build/icyphy/ptII/ptolemy/actor/lib/test/auto/BooleanSelect.xml
11 ms. Memory: 559104K Free: 447632K (80%)
----------------- Invoking toplevel() on ptolemy.moml.MoMLSimpleApplication@659a7492
----------------- Done invoking toplevel() on ptolemy.moml.MoMLSimpleApplication@659a7492
reloadAllAccessors: .BooleanSelect

===========================================================================================
----------------- testing Fri Jul 05 04:51:20 UTC 2019 /home/travis/build/icyphy/ptII/ptolemy/actor/lib/test/auto/BooleanSelect2.xml
----------------- Instantiating /home/travis/build/icyphy/ptII/ptolemy/actor/lib/test/auto/BooleanSelect2.xml
3 ms. Memory: 559104K Free: 443022K (79%)
----------------- Invoking toplevel() on ptolemy.moml.MoMLSimpleApplication@32bc3891
----------------- Done invoking toplevel() on ptolemy.moml.MoMLSimpleApplication@32bc3891
reloadAllAccessors: .BooleanSelect2

===========================================================================================
----------------- testing Fri Jul 05 04:51:20 UTC 2019 /home/travis/build/icyphy/ptII/ptolemy/actor/lib/test/auto/BooleanSwitch.xml
----------------- Instantiating /home/travis/build/icyphy/ptII/ptolemy/actor/lib/test/auto/BooleanSwitch.xml
7 ms. Memory: 559104K Free: 436878K (78%)
----------------- Invoking toplevel() on ptolemy.moml.MoMLSimpleApplication@898a8eb
----------------- Done invoking toplevel() on ptolemy.moml.MoMLSimpleApplication@898a8eb
reloadAllAccessors: .BooleanSwitch

===========================================================================================
----------------- testing Fri Jul 05 04:51:20 UTC 2019 /home/travis/build/icyphy/ptII/ptolemy/actor/lib/test/auto/BooleanSwitch2.xml
----------------- Instantiating /home/travis/build/icyphy/ptII/ptolemy/actor/lib/test/auto/BooleanSwitch2.xml
3 ms. Memory: 559104K Free: 432782K (77%)
----------------- Invoking toplevel() on ptolemy.moml.MoMLSimpleApplication@4dc0447f
----------------- Done invoking toplevel() on ptolemy.moml.MoMLSimpleApplication@4dc0447f
reloadAllAccessors: .BooleanSwitch2

===========================================================================================
----------------- testing Fri Jul 05 04:51:20 UTC 2019 /home/travis/build/icyphy/ptII/ptolemy/actor/lib/test/auto/BooleanSwitchCloningBugWithClassRelationGroup.xml
----------------- Instantiating /home/travis/build/icyphy/ptII/ptolemy/actor/lib/test/auto/BooleanSwitchCloningBugWithClassRelationGroup.xml
4 ms. Memory: 559104K Free: 426128K (76%)
----------------- Invoking toplevel() on ptolemy.moml.MoMLSimpleApplication@3a0e54f3
----------------- Done invoking toplevel() on ptolemy.moml.MoMLSimpleApplication@3a0e54f3
reloadAllAccessors: .BooleanSwitchCloningBugWithClassRelationGroup

===========================================================================================
----------------- testing Fri Jul 05 04:51:21 UTC 2019 /home/travis/build/icyphy/ptII/ptolemy/actor/lib/test/auto/BusActors.xml
----------------- Instantiating /home/travis/build/icyphy/ptII/ptolemy/actor/lib/test/auto/BusActors.xml
5 ms. Memory: 559104K Free: 418446K (75%)
----------------- Invoking toplevel() on ptolemy.moml.MoMLSimpleApplication@c6e1316
----------------- Done invoking toplevel() on ptolemy.moml.MoMLSimpleApplication@c6e1316
reloadAllAccessors: .BusActors

===========================================================================================
----------------- testing Fri Jul 05 04:51:21 UTC 2019 /home/travis/build/icyphy/ptII/ptolemy/actor/lib/test/auto/ClassWrapper.xml
----------------- Instantiating /home/travis/build/icyphy/ptII/ptolemy/actor/lib/test/auto/ClassWrapper.xml
5 ms. Memory: 559104K Free: 413840K (74%)
----------------- Invoking toplevel() on ptolemy.moml.MoMLSimpleApplication@989221c
----------------- Done invoking toplevel() on ptolemy.moml.MoMLSimpleApplication@989221c
reloadAllAccessors: .ClassWrapper

===========================================================================================
----------------- testing Fri Jul 05 04:51:21 UTC 2019 /home/travis/build/icyphy/ptII/ptolemy/actor/lib/test/auto/Clock.xml
----------------- Instantiating /home/travis/build/icyphy/ptII/ptolemy/actor/lib/test/auto/Clock.xml
1 ms. Memory: 559104K Free: 410254K (73%)
----------------- Invoking toplevel() on ptolemy.moml.MoMLSimpleApplication@782754a2
----------------- Done invoking toplevel() on ptolemy.moml.MoMLSimpleApplication@782754a2
reloadAllAccessors: .Clock

===========================================================================================
----------------- testing Fri Jul 05 04:51:21 UTC 2019 /home/travis/build/icyphy/ptII/ptolemy/actor/lib/test/auto/Clock10.xml
----------------- Instantiating /home/travis/build/icyphy/ptII/ptolemy/actor/lib/test/auto/Clock10.xml
8 ms. Memory: 559104K Free: 404110K (72%)
----------------- Invoking toplevel() on ptolemy.moml.MoMLSimpleApplication@27592ca5
----------------- Done invoking toplevel() on ptolemy.moml.MoMLSimpleApplication@27592ca5
reloadAllAccessors: .Clock10

===========================================================================================
----------------- testing Fri Jul 05 04:51:21 UTC 2019 /home/travis/build/icyphy/ptII/ptolemy/actor/lib/test/auto/Clock11.xml
----------------- Instantiating /home/travis/build/icyphy/ptII/ptolemy/actor/lib/test/auto/Clock11.xml
6 ms. Memory: 559104K Free: 398480K (71%)
----------------- Invoking toplevel() on ptolemy.moml.MoMLSimpleApplication@6c4be00d
----------------- Done invoking toplevel() on ptolemy.moml.MoMLSimpleApplication@6c4be00d
reloadAllAccessors: .Clock11

===========================================================================================
----------------- testing Fri Jul 05 04:51:21 UTC 2019 /home/travis/build/icyphy/ptII/ptolemy/actor/lib/test/auto/Clock12.xml
----------------- Instantiating /home/travis/build/icyphy/ptII/ptolemy/actor/lib/test/auto/Clock12.xml
6 ms. Memory: 559104K Free: 392336K (70%)
----------------- Invoking toplevel() on ptolemy.moml.MoMLSimpleApplication@6272b876
----------------- Done invoking toplevel() on ptolemy.moml.MoMLSimpleApplication@6272b876
reloadAllAccessors: .Clock12

===========================================================================================
----------------- testing Fri Jul 05 04:51:21 UTC 2019 /home/travis/build/icyphy/ptII/ptolemy/actor/lib/test/auto/Clock13.xml
----------------- Instantiating /home/travis/build/icyphy/ptII/ptolemy/actor/lib/test/auto/Clock13.xml
5 ms. Memory: 559104K Free: 386672K (69%)
----------------- Invoking toplevel() on ptolemy.moml.MoMLSimpleApplication@3433c710
----------------- Done invoking toplevel() on ptolemy.moml.MoMLSimpleApplication@3433c710
reloadAllAccessors: .Clock13

===========================================================================================
----------------- testing Fri Jul 05 04:51:21 UTC 2019 /home/travis/build/icyphy/ptII/ptolemy/actor/lib/test/auto/Clock14.xml
----------------- Instantiating /home/travis/build/icyphy/ptII/ptolemy/actor/lib/test/auto/Clock14.xml
5 ms. Memory: 559104K Free: 380528K (68%)
----------------- Invoking toplevel() on ptolemy.moml.MoMLSimpleApplication@582e87d9
----------------- Done invoking toplevel() on ptolemy.moml.MoMLSimpleApplication@582e87d9
reloadAllAccessors: .Clock14

===========================================================================================
----------------- testing Fri Jul 05 04:51:21 UTC 2019 /home/travis/build/icyphy/ptII/ptolemy/actor/lib/test/auto/Clock15.xml
----------------- Instantiating /home/travis/build/icyphy/ptII/ptolemy/actor/lib/test/auto/Clock15.xml
3 ms. Memory: 559104K Free: 374384K (67%)
----------------- Invoking toplevel() on ptolemy.moml.MoMLSimpleApplication@685326bf
----------------- Done invoking toplevel() on ptolemy.moml.MoMLSimpleApplication@685326bf
reloadAllAccessors: .Clock15

===========================================================================================
----------------- testing Fri Jul 05 04:51:21 UTC 2019 /home/travis/build/icyphy/ptII/ptolemy/actor/lib/test/auto/Clock16.xml
----------------- Instantiating /home/travis/build/icyphy/ptII/ptolemy/actor/lib/test/auto/Clock16.xml
47 ms. Memory: 559104K Free: 360064K (64%)
----------------- Invoking toplevel() on ptolemy.moml.MoMLSimpleApplication@20e12f52
----------------- Done invoking toplevel() on ptolemy.moml.MoMLSimpleApplication@20e12f52
reloadAllAccessors: .Clock16

===========================================================================================
----------------- testing Fri Jul 05 04:51:21 UTC 2019 /home/travis/build/icyphy/ptII/ptolemy/actor/lib/test/auto/Clock17.xml
----------------- Instantiating /home/travis/build/icyphy/ptII/ptolemy/actor/lib/test/auto/Clock17.xml
33 ms. Memory: 559104K Free: 345232K (62%)
----------------- Invoking toplevel() on ptolemy.moml.MoMLSimpleApplication@7c8e3f63
----------------- Done invoking toplevel() on ptolemy.moml.MoMLSimpleApplication@7c8e3f63
reloadAllAccessors: .Clock17

===========================================================================================
----------------- testing Fri Jul 05 04:51:21 UTC 2019 /home/travis/build/icyphy/ptII/ptolemy/actor/lib/test/auto/Clock18.xml
----------------- Instantiating /home/travis/build/icyphy/ptII/ptolemy/actor/lib/test/auto/Clock18.xml
26 ms. Memory: 559104K Free: 332416K (59%)
----------------- Invoking toplevel() on ptolemy.moml.MoMLSimpleApplication@546359ae
----------------- Done invoking toplevel() on ptolemy.moml.MoMLSimpleApplication@546359ae
reloadAllAccessors: .Clock18

===========================================================================================
----------------- testing Fri Jul 05 04:51:21 UTC 2019 /home/travis/build/icyphy/ptII/ptolemy/actor/lib/test/auto/Clock19.xml
----------------- Instantiating /home/travis/build/icyphy/ptII/ptolemy/actor/lib/test/auto/Clock19.xml
15 ms. Memory: 559104K Free: 319088K (57%)
----------------- Invoking toplevel() on ptolemy.moml.MoMLSimpleApplication@14cb3edc
----------------- Done invoking toplevel() on ptolemy.moml.MoMLSimpleApplication@14cb3edc
reloadAllAccessors: .Clock19

===========================================================================================
----------------- testing Fri Jul 05 04:51:21 UTC 2019 /home/travis/build/icyphy/ptII/ptolemy/actor/lib/test/auto/Clock2.xml
----------------- Instantiating /home/travis/build/icyphy/ptII/ptolemy/actor/lib/test/auto/Clock2.xml
4 ms. Memory: 559104K Free: 314992K (56%)
----------------- Invoking toplevel() on ptolemy.moml.MoMLSimpleApplication@e3a47ab
----------------- Done invoking toplevel() on ptolemy.moml.MoMLSimpleApplication@e3a47ab
reloadAllAccessors: .Clock2

===========================================================================================
----------------- testing Fri Jul 05 04:51:21 UTC 2019 /home/travis/build/icyphy/ptII/ptolemy/actor/lib/test/auto/Clock20.xml
----------------- Instantiating /home/travis/build/icyphy/ptII/ptolemy/actor/lib/test/auto/Clock20.xml
10 ms. Memory: 559104K Free: 309392K (55%)
----------------- Invoking toplevel() on ptolemy.moml.MoMLSimpleApplication@35fa9d5c
----------------- Done invoking toplevel() on ptolemy.moml.MoMLSimpleApplication@35fa9d5c
reloadAllAccessors: .Clock20

===========================================================================================
----------------- testing Fri Jul 05 04:51:21 UTC 2019 /home/travis/build/icyphy/ptII/ptolemy/actor/lib/test/auto/Clock21.xml
----------------- Instantiating /home/travis/build/icyphy/ptII/ptolemy/actor/lib/test/auto/Clock21.xml
4 ms. Memory: 559104K Free: 303758K (54%)
----------------- Invoking toplevel() on ptolemy.moml.MoMLSimpleApplication@59d71163
----------------- Done invoking toplevel() on ptolemy.moml.MoMLSimpleApplication@59d71163
reloadAllAccessors: .Clock21

===========================================================================================
----------------- testing Fri Jul 05 04:51:21 UTC 2019 /home/travis/build/icyphy/ptII/ptolemy/actor/lib/test/auto/Clock22.xml
----------------- Instantiating /home/travis/build/icyphy/ptII/ptolemy/actor/lib/test/auto/Clock22.xml
4 ms. Memory: 559104K Free: 298638K (53%)
----------------- Invoking toplevel() on ptolemy.moml.MoMLSimpleApplication@5389aba4
----------------- Done invoking toplevel() on ptolemy.moml.MoMLSimpleApplication@5389aba4
reloadAllAccessors: .Clock22

===========================================================================================
----------------- testing Fri Jul 05 04:51:21 UTC 2019 /home/travis/build/icyphy/ptII/ptolemy/actor/lib/test/auto/Clock23.xml
----------------- Instantiating /home/travis/build/icyphy/ptII/ptolemy/actor/lib/test/auto/Clock23.xml
12 ms. Memory: 559104K Free: 293008K (52%)
----------------- Invoking toplevel() on ptolemy.moml.MoMLSimpleApplication@fd03c3f
----------------- Done invoking toplevel() on ptolemy.moml.MoMLSimpleApplication@fd03c3f
reloadAllAccessors: .Clock23

===========================================================================================
----------------- testing Fri Jul 05 04:51:21 UTC 2019 /home/travis/build/icyphy/ptII/ptolemy/actor/lib/test/auto/Clock24.xml
----------------- Instantiating /home/travis/build/icyphy/ptII/ptolemy/actor/lib/test/auto/Clock24.xml
6 ms. Memory: 559104K Free: 287888K (51%)
----------------- Invoking toplevel() on ptolemy.moml.MoMLSimpleApplication@11d6e0d1
----------------- Done invoking toplevel() on ptolemy.moml.MoMLSimpleApplication@11d6e0d1
reloadAllAccessors: .Clock24

===========================================================================================
----------------- testing Fri Jul 05 04:51:21 UTC 2019 /home/travis/build/icyphy/ptII/ptolemy/actor/lib/test/auto/Clock4.xml
----------------- Instantiating /home/travis/build/icyphy/ptII/ptolemy/actor/lib/test/auto/Clock4.xml
2 ms. Memory: 559104K Free: 282768K (51%)
----------------- Invoking toplevel() on ptolemy.moml.MoMLSimpleApplication@91dd9e6
----------------- Done invoking toplevel() on ptolemy.moml.MoMLSimpleApplication@91dd9e6
reloadAllAccessors: .Clock4

===========================================================================================
----------------- testing Fri Jul 05 04:51:21 UTC 2019 /home/travis/build/icyphy/ptII/ptolemy/actor/lib/test/auto/Clock5.xml
----------------- Instantiating /home/travis/build/icyphy/ptII/ptolemy/actor/lib/test/auto/Clock5.xml
2 ms. Memory: 559104K Free: 277120K (50%)
----------------- Invoking toplevel() on ptolemy.moml.MoMLSimpleApplication@1adb258b
----------------- Done invoking toplevel() on ptolemy.moml.MoMLSimpleApplication@1adb258b
reloadAllAccessors: .Clock5

===========================================================================================
----------------- testing Fri Jul 05 04:51:21 UTC 2019 /home/travis/build/icyphy/ptII/ptolemy/actor/lib/test/auto/Clock6.xml
----------------- Instantiating /home/travis/build/icyphy/ptII/ptolemy/actor/lib/test/auto/Clock6.xml
2 ms. Memory: 559104K Free: 273024K (49%)
----------------- Invoking toplevel() on ptolemy.moml.MoMLSimpleApplication@128ede1f
----------------- Done invoking toplevel() on ptolemy.moml.MoMLSimpleApplication@128ede1f
reloadAllAccessors: .Clock6

===========================================================================================
----------------- testing Fri Jul 05 04:51:21 UTC 2019 /home/travis/build/icyphy/ptII/ptolemy/actor/lib/test/auto/Clock7.xml
----------------- Instantiating /home/travis/build/icyphy/ptII/ptolemy/actor/lib/test/auto/Clock7.xml
2 ms. Memory: 559104K Free: 267918K (48%)
----------------- Invoking toplevel() on ptolemy.moml.MoMLSimpleApplication@13105320
----------------- Done invoking toplevel() on ptolemy.moml.MoMLSimpleApplication@13105320
reloadAllAccessors: .Clock7

===========================================================================================
----------------- testing Fri Jul 05 04:51:21 UTC 2019 /home/travis/build/icyphy/ptII/ptolemy/actor/lib/test/auto/Clock8.xml
----------------- Instantiating /home/travis/build/icyphy/ptII/ptolemy/actor/lib/test/auto/Clock8.xml
6 ms. Memory: 559104K Free: 262768K (47%)
----------------- Invoking toplevel() on ptolemy.moml.MoMLSimpleApplication@5b0470c4
----------------- Done invoking toplevel() on ptolemy.moml.MoMLSimpleApplication@5b0470c4
reloadAllAccessors: .Clock8

===========================================================================================
----------------- testing Fri Jul 05 04:51:21 UTC 2019 /home/travis/build/icyphy/ptII/ptolemy/actor/lib/test/auto/Clock9.xml
----------------- Instantiating /home/travis/build/icyphy/ptII/ptolemy/actor/lib/test/auto/Clock9.xml
5 ms. Memory: 559104K Free: 257168K (46%)
----------------- Invoking toplevel() on ptolemy.moml.MoMLSimpleApplication@22e4a077
----------------- Done invoking toplevel() on ptolemy.moml.MoMLSimpleApplication@22e4a077
reloadAllAccessors: .Clock9

===========================================================================================
----------------- testing Fri Jul 05 04:51:21 UTC 2019 /home/travis/build/icyphy/ptII/ptolemy/actor/lib/test/auto/CommDistDiscard.xml
----------------- Instantiating /home/travis/build/icyphy/ptII/ptolemy/actor/lib/test/auto/CommDistDiscard.xml
2 ms. Memory: 559104K Free: 251534K (45%)
----------------- Invoking toplevel() on ptolemy.moml.MoMLSimpleApplication@694a355e
----------------- Done invoking toplevel() on ptolemy.moml.MoMLSimpleApplication@694a355e
reloadAllAccessors: .CommDistDiscard

===========================================================================================
----------------- testing Fri Jul 05 04:51:22 UTC 2019 /home/travis/build/icyphy/ptII/ptolemy/actor/lib/test/auto/Commutator.xml
----------------- Instantiating /home/travis/build/icyphy/ptII/ptolemy/actor/lib/test/auto/Commutator.xml
10 ms. Memory: 559104K Free: 511508K (91%)
----------------- Invoking toplevel() on ptolemy.moml.MoMLSimpleApplication@4424ed66
----------------- Done invoking toplevel() on ptolemy.moml.MoMLSimpleApplication@4424ed66
reloadAllAccessors: .Commutator

===========================================================================================
----------------- testing Fri Jul 05 04:51:22 UTC 2019 /home/travis/build/icyphy/ptII/ptolemy/actor/lib/test/auto/Commutator2.xml
----------------- Instantiating /home/travis/build/icyphy/ptII/ptolemy/actor/lib/test/auto/Commutator2.xml
2 ms. Memory: 559104K Free: 506388K (91%)
----------------- Invoking toplevel() on ptolemy.moml.MoMLSimpleApplication@623f6665
----------------- Done invoking toplevel() on ptolemy.moml.MoMLSimpleApplication@623f6665
reloadAllAccessors: .Commutator2

===========================================================================================
----------------- testing Fri Jul 05 04:51:22 UTC 2019 /home/travis/build/icyphy/ptII/ptolemy/actor/lib/test/auto/Commutator3.xml
----------------- Instantiating /home/travis/build/icyphy/ptII/ptolemy/actor/lib/test/auto/Commutator3.xml
2 ms. Memory: 559104K Free: 502292K (90%)
----------------- Invoking toplevel() on ptolemy.moml.MoMLSimpleApplication@7de1c008
----------------- Done invoking toplevel() on ptolemy.moml.MoMLSimpleApplication@7de1c008
reloadAllAccessors: .Commutator3

===========================================================================================
----------------- testing Fri Jul 05 04:51:22 UTC 2019 /home/travis/build/icyphy/ptII/ptolemy/actor/lib/test/auto/Compare.xml
----------------- Instantiating /home/travis/build/icyphy/ptII/ptolemy/actor/lib/test/auto/Compare.xml
2 ms. Memory: 559104K Free: 495638K (89%)
----------------- Invoking toplevel() on ptolemy.moml.MoMLSimpleApplication@7f92b172
----------------- Done invoking toplevel() on ptolemy.moml.MoMLSimpleApplication@7f92b172
reloadAllAccessors: .Compare

===========================================================================================
----------------- testing Fri Jul 05 04:51:22 UTC 2019 /home/travis/build/icyphy/ptII/ptolemy/actor/lib/test/auto/CompareDE.xml
----------------- Instantiating /home/travis/build/icyphy/ptII/ptolemy/actor/lib/test/auto/CompareDE.xml
4 ms. Memory: 559104K Free: 488470K (87%)
----------------- Invoking toplevel() on ptolemy.moml.MoMLSimpleApplication@75f5b421
----------------- Done invoking toplevel() on ptolemy.moml.MoMLSimpleApplication@75f5b421
reloadAllAccessors: .CompareDE

===========================================================================================
----------------- testing Fri Jul 05 04:51:22 UTC 2019 /home/travis/build/icyphy/ptII/ptolemy/actor/lib/test/auto/ComplexDivide.xml
----------------- Instantiating /home/travis/build/icyphy/ptII/ptolemy/actor/lib/test/auto/ComplexDivide.xml
2 ms. Memory: 559104K Free: 484884K (87%)
----------------- Invoking toplevel() on ptolemy.moml.MoMLSimpleApplication@64dfab57
----------------- Done invoking toplevel() on ptolemy.moml.MoMLSimpleApplication@64dfab57
reloadAllAccessors: .ComplexDivide

===========================================================================================
----------------- testing Fri Jul 05 04:51:22 UTC 2019 /home/travis/build/icyphy/ptII/ptolemy/actor/lib/test/auto/ComputeHistogram.xml
----------------- Instantiating /home/travis/build/icyphy/ptII/ptolemy/actor/lib/test/auto/ComputeHistogram.xml
25 ms. Memory: 559104K Free: 472086K (84%)
----------------- Invoking toplevel() on ptolemy.moml.MoMLSimpleApplication@66cc1e6a
----------------- Done invoking toplevel() on ptolemy.moml.MoMLSimpleApplication@66cc1e6a
reloadAllAccessors: .ComputeHistogram

===========================================================================================
----------------- testing Fri Jul 05 04:51:22 UTC 2019 /home/travis/build/icyphy/ptII/ptolemy/actor/lib/test/auto/ConfigurationSelect.xml
----------------- Instantiating /home/travis/build/icyphy/ptII/ptolemy/actor/lib/test/auto/ConfigurationSelect.xml
2 ms. Memory: 559104K Free: 466966K (84%)
----------------- Invoking toplevel() on ptolemy.moml.MoMLSimpleApplication@2152f718
----------------- Done invoking toplevel() on ptolemy.moml.MoMLSimpleApplication@2152f718
reloadAllAccessors: .ConfigurationSelect

===========================================================================================
----------------- testing Fri Jul 05 04:51:22 UTC 2019 /home/travis/build/icyphy/ptII/ptolemy/actor/lib/test/auto/ConfigurationSelect2.xml
----------------- Instantiating /home/travis/build/icyphy/ptII/ptolemy/actor/lib/test/auto/ConfigurationSelect2.xml
3 ms. Memory: 559104K Free: 462356K (83%)
----------------- Invoking toplevel() on ptolemy.moml.MoMLSimpleApplication@1810908e
----------------- Done invoking toplevel() on ptolemy.moml.MoMLSimpleApplication@1810908e
reloadAllAccessors: .ConfigurationSelect2

===========================================================================================
----------------- testing Fri Jul 05 04:51:22 UTC 2019 /home/travis/build/icyphy/ptII/ptolemy/actor/lib/test/auto/ConfigurationSwitch.xml
----------------- Instantiating /home/travis/build/icyphy/ptII/ptolemy/actor/lib/test/auto/ConfigurationSwitch.xml
2 ms. Memory: 559104K Free: 456726K (82%)
----------------- Invoking toplevel() on ptolemy.moml.MoMLSimpleApplication@5a0d606c
----------------- Done invoking toplevel() on ptolemy.moml.MoMLSimpleApplication@5a0d606c
reloadAllAccessors: .ConfigurationSwitch

===========================================================================================
----------------- testing Fri Jul 05 04:51:22 UTC 2019 /home/travis/build/icyphy/ptII/ptolemy/actor/lib/test/auto/ConfigurationSwitch2.xml
----------------- Instantiating /home/travis/build/icyphy/ptII/ptolemy/actor/lib/test/auto/ConfigurationSwitch2.xml
4 ms. Memory: 559104K Free: 451606K (81%)
----------------- Invoking toplevel() on ptolemy.moml.MoMLSimpleApplication@3735c234
----------------- Done invoking toplevel() on ptolemy.moml.MoMLSimpleApplication@3735c234
reloadAllAccessors: .ConfigurationSwitch2

===========================================================================================
----------------- testing Fri Jul 05 04:51:22 UTC 2019 /home/travis/build/icyphy/ptII/ptolemy/actor/lib/test/auto/ConfigurationSwitchCloningBugWithClassRelationGroup.xml
----------------- Instantiating /home/travis/build/icyphy/ptII/ptolemy/actor/lib/test/auto/ConfigurationSwitchCloningBugWithClassRelationGroup.xml
7 ms. Memory: 559104K Free: 444438K (79%)
----------------- Invoking toplevel() on ptolemy.moml.MoMLSimpleApplication@13df55c7
----------------- Done invoking toplevel() on ptolemy.moml.MoMLSimpleApplication@13df55c7
reloadAllAccessors: .ConfigurationSwitchCloningBugWithClassRelationGroup

===========================================================================================
----------------- testing Fri Jul 05 04:51:22 UTC 2019 /home/travis/build/icyphy/ptII/ptolemy/actor/lib/test/auto/ConfigurationSwitchSelectSDF.xml
----------------- Instantiating /home/travis/build/icyphy/ptII/ptolemy/actor/lib/test/auto/ConfigurationSwitchSelectSDF.xml
3 ms. Memory: 559104K Free: 438804K (78%)
----------------- Invoking toplevel() on ptolemy.moml.MoMLSimpleApplication@3d50d74f
----------------- Done invoking toplevel() on ptolemy.moml.MoMLSimpleApplication@3d50d74f
reloadAllAccessors: .ConfigurationSwitchSelectSDF

===========================================================================================
----------------- testing Fri Jul 05 04:51:22 UTC 2019 /home/travis/build/icyphy/ptII/ptolemy/actor/lib/test/auto/ConfigurationSwitchSelectSDF2.xml
----------------- Instantiating /home/travis/build/icyphy/ptII/ptolemy/actor/lib/test/auto/ConfigurationSwitchSelectSDF2.xml
2 ms. Memory: 559104K Free: 433174K (77%)
----------------- Invoking toplevel() on ptolemy.moml.MoMLSimpleApplication@7d085600
----------------- Done invoking toplevel() on ptolemy.moml.MoMLSimpleApplication@7d085600
reloadAllAccessors: .ConfigurationSwitchSelectSDF2

===========================================================================================
----------------- testing Fri Jul 05 04:51:22 UTC 2019 /home/travis/build/icyphy/ptII/ptolemy/actor/lib/test/auto/Const.xml
----------------- Instantiating /home/travis/build/icyphy/ptII/ptolemy/actor/lib/test/auto/Const.xml
1 ms. Memory: 559104K Free: 429588K (77%)
----------------- Invoking toplevel() on ptolemy.moml.MoMLSimpleApplication@58813302
----------------- Done invoking toplevel() on ptolemy.moml.MoMLSimpleApplication@58813302
reloadAllAccessors: .Const

===========================================================================================
----------------- testing Fri Jul 05 04:51:22 UTC 2019 /home/travis/build/icyphy/ptII/ptolemy/actor/lib/test/auto/Const2.xml
----------------- Instantiating /home/travis/build/icyphy/ptII/ptolemy/actor/lib/test/auto/Const2.xml
2 ms. Memory: 559104K Free: 426006K (76%)
----------------- Invoking toplevel() on ptolemy.moml.MoMLSimpleApplication@440d4ec4
----------------- Done invoking toplevel() on ptolemy.moml.MoMLSimpleApplication@440d4ec4
reloadAllAccessors: .Const2

===========================================================================================
----------------- testing Fri Jul 05 04:51:22 UTC 2019 /home/travis/build/icyphy/ptII/ptolemy/actor/lib/test/auto/Const3.xml
----------------- Instantiating /home/travis/build/icyphy/ptII/ptolemy/actor/lib/test/auto/Const3.xml
1 ms. Memory: 559104K Free: 422934K (76%)
----------------- Invoking toplevel() on ptolemy.moml.MoMLSimpleApplication@3284b91c
----------------- Done invoking toplevel() on ptolemy.moml.MoMLSimpleApplication@3284b91c
reloadAllAccessors: .Const3

===========================================================================================
----------------- testing Fri Jul 05 04:51:22 UTC 2019 /home/travis/build/icyphy/ptII/ptolemy/actor/lib/test/auto/ConstantPublisherPort1.xml
----------------- Instantiating /home/travis/build/icyphy/ptII/ptolemy/actor/lib/test/auto/ConstantPublisherPort1.xml
6 ms. Memory: 559104K Free: 414228K (74%)
----------------- Invoking toplevel() on ptolemy.moml.MoMLSimpleApplication@49f4cbfc
----------------- Done invoking toplevel() on ptolemy.moml.MoMLSimpleApplication@49f4cbfc
reloadAllAccessors: .ConstantPublisherPort1

===========================================================================================
----------------- testing Fri Jul 05 04:51:22 UTC 2019 /home/travis/build/icyphy/ptII/ptolemy/actor/lib/test/auto/ConstantPublisherPort2.xml
----------------- Instantiating /home/travis/build/icyphy/ptII/ptolemy/actor/lib/test/auto/ConstantPublisherPort2.xml
9 ms. Memory: 559104K Free: 407060K (73%)
----------------- Invoking toplevel() on ptolemy.moml.MoMLSimpleApplication@535d9c4e
----------------- Done invoking toplevel() on ptolemy.moml.MoMLSimpleApplication@535d9c4e
reloadAllAccessors: .ConstantPublisherPort2

===========================================================================================
----------------- testing Fri Jul 05 04:51:22 UTC 2019 /home/travis/build/icyphy/ptII/ptolemy/actor/lib/test/auto/ConstantPublisherPort3.xml
----------------- Instantiating /home/travis/build/icyphy/ptII/ptolemy/actor/lib/test/auto/ConstantPublisherPort3.xml
7 ms. Memory: 559104K Free: 399382K (71%)
----------------- Invoking toplevel() on ptolemy.moml.MoMLSimpleApplication@4f9d376a
----------------- Done invoking toplevel() on ptolemy.moml.MoMLSimpleApplication@4f9d376a
reloadAllAccessors: .ConstantPublisherPort3

===========================================================================================
----------------- testing Fri Jul 05 04:51:22 UTC 2019 /home/travis/build/icyphy/ptII/ptolemy/actor/lib/test/auto/ConstantPublisherPort4.xml
----------------- Instantiating /home/travis/build/icyphy/ptII/ptolemy/actor/lib/test/auto/ConstantPublisherPort4.xml
5 ms. Memory: 559104K Free: 392214K (70%)
----------------- Invoking toplevel() on ptolemy.moml.MoMLSimpleApplication@620377d8
----------------- Done invoking toplevel() on ptolemy.moml.MoMLSimpleApplication@620377d8
reloadAllAccessors: .ConstantPublisherPort4

===========================================================================================
----------------- testing Fri Jul 05 04:51:22 UTC 2019 /home/travis/build/icyphy/ptII/ptolemy/actor/lib/test/auto/ConstantPublisherPort5.xml
----------------- Instantiating /home/travis/build/icyphy/ptII/ptolemy/actor/lib/test/auto/ConstantPublisherPort5.xml
29 ms. Memory: 559104K Free: 383508K (69%)
----------------- Invoking toplevel() on ptolemy.moml.MoMLSimpleApplication@2e534798
----------------- Done invoking toplevel() on ptolemy.moml.MoMLSimpleApplication@2e534798
reloadAllAccessors: .ConstantPublisherPort5

===========================================================================================
----------------- testing Fri Jul 05 04:51:22 UTC 2019 /home/travis/build/icyphy/ptII/ptolemy/actor/lib/test/auto/ConstantPublisherPort6.xml
----------------- Instantiating /home/travis/build/icyphy/ptII/ptolemy/actor/lib/test/auto/ConstantPublisherPort6.xml
16 ms. Memory: 559104K Free: 374292K (67%)
----------------- Invoking toplevel() on ptolemy.moml.MoMLSimpleApplication@ec67b0d
----------------- Done invoking toplevel() on ptolemy.moml.MoMLSimpleApplication@ec67b0d
reloadAllAccessors: .ConstantPublisherPort6

===========================================================================================
----------------- testing Fri Jul 05 04:51:22 UTC 2019 /home/travis/build/icyphy/ptII/ptolemy/actor/lib/test/auto/ConstantPublisherPort7.xml
----------------- Instantiating /home/travis/build/icyphy/ptII/ptolemy/actor/lib/test/auto/ConstantPublisherPort7.xml
19 ms. Memory: 559104K Free: 365076K (65%)
----------------- Invoking toplevel() on ptolemy.moml.MoMLSimpleApplication@36a4c1b0
----------------- Done invoking toplevel() on ptolemy.moml.MoMLSimpleApplication@36a4c1b0
reloadAllAccessors: .ConstantPublisherPort7

===========================================================================================
----------------- testing Fri Jul 05 04:51:22 UTC 2019 /home/travis/build/icyphy/ptII/ptolemy/actor/lib/test/auto/ConstraintMonitor1.xml
----------------- Instantiating /home/travis/build/icyphy/ptII/ptolemy/actor/lib/test/auto/ConstraintMonitor1.xml
6 ms. Memory: 559104K Free: 360470K (64%)
----------------- Invoking toplevel() on ptolemy.moml.MoMLSimpleApplication@23a0f34a
----------------- Done invoking toplevel() on ptolemy.moml.MoMLSimpleApplication@23a0f34a
reloadAllAccessors: .ConstraintMonitor1

===========================================================================================
----------------- testing Fri Jul 05 04:51:22 UTC 2019 /home/travis/build/icyphy/ptII/ptolemy/actor/lib/test/auto/ConstraintMonitor2.xml
----------------- Instantiating /home/travis/build/icyphy/ptII/ptolemy/actor/lib/test/auto/ConstraintMonitor2.xml
5 ms. Memory: 559104K Free: 355830K (64%)
----------------- Invoking toplevel() on ptolemy.moml.MoMLSimpleApplication@12ea8567
----------------- Done invoking toplevel() on ptolemy.moml.MoMLSimpleApplication@12ea8567
reloadAllAccessors: .ConstraintMonitor2

===========================================================================================
----------------- testing Fri Jul 05 04:51:22 UTC 2019 /home/travis/build/icyphy/ptII/ptolemy/actor/lib/test/auto/ConstraintMonitor3.xml
----------------- Instantiating /home/travis/build/icyphy/ptII/ptolemy/actor/lib/test/auto/ConstraintMonitor3.xml
2 ms. Memory: 559104K Free: 351254K (63%)
----------------- Invoking toplevel() on ptolemy.moml.MoMLSimpleApplication@7206a23
----------------- Done invoking toplevel() on ptolemy.moml.MoMLSimpleApplication@7206a23
reloadAllAccessors: .ConstraintMonitor3

===========================================================================================
----------------- testing Fri Jul 05 04:51:22 UTC 2019 /home/travis/build/icyphy/ptII/ptolemy/actor/lib/test/auto/ConstraintMonitor4.xml
----------------- Instantiating /home/travis/build/icyphy/ptII/ptolemy/actor/lib/test/auto/ConstraintMonitor4.xml
2 ms. Memory: 559104K Free: 346644K (62%)
----------------- Invoking toplevel() on ptolemy.moml.MoMLSimpleApplication@57597ed3
----------------- Done invoking toplevel() on ptolemy.moml.MoMLSimpleApplication@57597ed3
reloadAllAccessors: .ConstraintMonitor4

===========================================================================================
----------------- testing Fri Jul 05 04:51:22 UTC 2019 /home/travis/build/icyphy/ptII/ptolemy/actor/lib/test/auto/ConstraintMonitor5.xml
----------------- Instantiating /home/travis/build/icyphy/ptII/ptolemy/actor/lib/test/auto/ConstraintMonitor5.xml
5 ms. Memory: 559104K Free: 341494K (61%)
----------------- Invoking toplevel() on ptolemy.moml.MoMLSimpleApplication@3f036874
----------------- Done invoking toplevel() on ptolemy.moml.MoMLSimpleApplication@3f036874
reloadAllAccessors: .ConstraintMonitor5

===========================================================================================
----------------- testing Fri Jul 05 04:51:22 UTC 2019 /home/travis/build/icyphy/ptII/ptolemy/actor/lib/test/auto/ConstraintMonitor6.xml
----------------- Instantiating /home/travis/build/icyphy/ptII/ptolemy/actor/lib/test/auto/ConstraintMonitor6.xml
4 ms. Memory: 559104K Free: 334870K (60%)
----------------- Invoking toplevel() on ptolemy.moml.MoMLSimpleApplication@5adcd671
----------------- Done invoking toplevel() on ptolemy.moml.MoMLSimpleApplication@5adcd671
reloadAllAccessors: .ConstraintMonitor6

===========================================================================================
----------------- testing Fri Jul 05 04:51:22 UTC 2019 /home/travis/build/icyphy/ptII/ptolemy/actor/lib/test/auto/ConstraintMonitor7.xml
----------------- Instantiating /home/travis/build/icyphy/ptII/ptolemy/actor/lib/test/auto/ConstraintMonitor7.xml
5 ms. Memory: 559104K Free: 328726K (59%)
----------------- Invoking toplevel() on ptolemy.moml.MoMLSimpleApplication@321d5b01
----------------- Done invoking toplevel() on ptolemy.moml.MoMLSimpleApplication@321d5b01
reloadAllAccessors: .ConstraintMonitor7

===========================================================================================
----------------- testing Fri Jul 05 04:51:23 UTC 2019 /home/travis/build/icyphy/ptII/ptolemy/actor/lib/test/auto/ConstraintMonitor8.xml
----------------- Instantiating /home/travis/build/icyphy/ptII/ptolemy/actor/lib/test/auto/ConstraintMonitor8.xml
6 ms. Memory: 559104K Free: 321044K (57%)
----------------- Invoking toplevel() on ptolemy.moml.MoMLSimpleApplication@5c440ca8
----------------- Done invoking toplevel() on ptolemy.moml.MoMLSimpleApplication@5c440ca8
reloadAllAccessors: .ConstraintMonitor8

===========================================================================================
----------------- testing Fri Jul 05 04:51:23 UTC 2019 /home/travis/build/icyphy/ptII/ptolemy/actor/lib/test/auto/Counter.xml
----------------- Instantiating /home/travis/build/icyphy/ptII/ptolemy/actor/lib/test/auto/Counter.xml
3 ms. Memory: 559104K Free: 315924K (57%)
----------------- Invoking toplevel() on ptolemy.moml.MoMLSimpleApplication@6bf063a1
----------------- Done invoking toplevel() on ptolemy.moml.MoMLSimpleApplication@6bf063a1
reloadAllAccessors: .Counter

===========================================================================================
----------------- testing Fri Jul 05 04:51:23 UTC 2019 /home/travis/build/icyphy/ptII/ptolemy/actor/lib/test/auto/CurrentTimeSDF.xml
----------------- Instantiating /home/travis/build/icyphy/ptII/ptolemy/actor/lib/test/auto/CurrentTimeSDF.xml
1 ms. Memory: 559104K Free: 311828K (56%)
----------------- Invoking toplevel() on ptolemy.moml.MoMLSimpleApplication@48de888f
----------------- Done invoking toplevel() on ptolemy.moml.MoMLSimpleApplication@48de888f
reloadAllAccessors: .CurrentTimeSDF

===========================================================================================
----------------- testing Fri Jul 05 04:51:23 UTC 2019 /home/travis/build/icyphy/ptII/ptolemy/actor/lib/test/auto/DB.xml
----------------- Instantiating /home/travis/build/icyphy/ptII/ptolemy/actor/lib/test/auto/DB.xml
3 ms. Memory: 559104K Free: 307222K (55%)
----------------- Invoking toplevel() on ptolemy.moml.MoMLSimpleApplication@516de6f5
----------------- Done invoking toplevel() on ptolemy.moml.MoMLSimpleApplication@516de6f5
reloadAllAccessors: .DB

===========================================================================================
----------------- testing Fri Jul 05 04:51:23 UTC 2019 /home/travis/build/icyphy/ptII/ptolemy/actor/lib/test/auto/DBDE.xml
----------------- Instantiating /home/travis/build/icyphy/ptII/ptolemy/actor/lib/test/auto/DBDE.xml
2 ms. Memory: 559104K Free: 301078K (54%)
----------------- Invoking toplevel() on ptolemy.moml.MoMLSimpleApplication@193ce6e5
----------------- Done invoking toplevel() on ptolemy.moml.MoMLSimpleApplication@193ce6e5
reloadAllAccessors: .DBDE

===========================================================================================
----------------- testing Fri Jul 05 04:51:23 UTC 2019 /home/travis/build/icyphy/ptII/ptolemy/actor/lib/test/auto/DateConstructor.xml
----------------- Instantiating /home/travis/build/icyphy/ptII/ptolemy/actor/lib/test/auto/DateConstructor.xml
35 ms. Memory: 559104K Free: 283670K (51%)
----------------- Invoking toplevel() on ptolemy.moml.MoMLSimpleApplication@5f8eb472
----------------- Done invoking toplevel() on ptolemy.moml.MoMLSimpleApplication@5f8eb472
reloadAllAccessors: .DateConstructor

===========================================================================================
----------------- testing Fri Jul 05 04:51:23 UTC 2019 /home/travis/build/icyphy/ptII/ptolemy/actor/lib/test/auto/DelayTime.xml
----------------- Instantiating /home/travis/build/icyphy/ptII/ptolemy/actor/lib/test/auto/DelayTime.xml
7 ms. Memory: 559104K Free: 279060K (50%)
----------------- Invoking toplevel() on ptolemy.moml.MoMLSimpleApplication@1f116295
----------------- Done invoking toplevel() on ptolemy.moml.MoMLSimpleApplication@1f116295
reloadAllAccessors: .DelayTime

===========================================================================================
----------------- testing Fri Jul 05 04:51:23 UTC 2019 /home/travis/build/icyphy/ptII/ptolemy/actor/lib/test/auto/Dictionary1.xml
----------------- Instantiating /home/travis/build/icyphy/ptII/ptolemy/actor/lib/test/auto/Dictionary1.xml
3 ms. Memory: 559104K Free: 273430K (49%)
----------------- Invoking toplevel() on ptolemy.moml.MoMLSimpleApplication@2c09f85d
----------------- Done invoking toplevel() on ptolemy.moml.MoMLSimpleApplication@2c09f85d
reloadAllAccessors: .Dictionary1

===========================================================================================
----------------- testing Fri Jul 05 04:51:23 UTC 2019 /home/travis/build/icyphy/ptII/ptolemy/actor/lib/test/auto/Dictionary2.xml
----------------- Instantiating /home/travis/build/icyphy/ptII/ptolemy/actor/lib/test/auto/Dictionary2.xml
2 ms. Memory: 559104K Free: 267796K (48%)
----------------- Invoking toplevel() on ptolemy.moml.MoMLSimpleApplication@53ac7b0b
----------------- Done invoking toplevel() on ptolemy.moml.MoMLSimpleApplication@53ac7b0b
reloadAllAccessors: .Dictionary2

===========================================================================================
----------------- testing Fri Jul 05 04:51:23 UTC 2019 /home/travis/build/icyphy/ptII/ptolemy/actor/lib/test/auto/Dictionary3.xml
----------------- Instantiating /home/travis/build/icyphy/ptII/ptolemy/actor/lib/test/auto/Dictionary3.xml
2 ms. Memory: 559104K Free: 262676K (47%)
----------------- Invoking toplevel() on ptolemy.moml.MoMLSimpleApplication@d0ceb49
----------------- Done invoking toplevel() on ptolemy.moml.MoMLSimpleApplication@d0ceb49
reloadAllAccessors: .Dictionary3

===========================================================================================
----------------- testing Fri Jul 05 04:51:23 UTC 2019 /home/travis/build/icyphy/ptII/ptolemy/actor/lib/test/auto/Dictionary4.xml
----------------- Instantiating /home/travis/build/icyphy/ptII/ptolemy/actor/lib/test/auto/Dictionary4.xml
7 ms. Memory: 559104K Free: 255508K (46%)
----------------- Invoking toplevel() on ptolemy.moml.MoMLSimpleApplication@596ec6d5
----------------- Done invoking toplevel() on ptolemy.moml.MoMLSimpleApplication@596ec6d5
reloadAllAccessors: .Dictionary4

===========================================================================================
----------------- testing Fri Jul 05 04:51:23 UTC 2019 /home/travis/build/icyphy/ptII/ptolemy/actor/lib/test/auto/Differential.xml
----------------- Instantiating /home/travis/build/icyphy/ptII/ptolemy/actor/lib/test/auto/Differential.xml
3 ms. Memory: 559104K Free: 250902K (45%)
----------------- Invoking toplevel() on ptolemy.moml.MoMLSimpleApplication@1a445587
----------------- Done invoking toplevel() on ptolemy.moml.MoMLSimpleApplication@1a445587
reloadAllAccessors: .Differential

===========================================================================================
----------------- testing Fri Jul 05 04:51:23 UTC 2019 /home/travis/build/icyphy/ptII/ptolemy/actor/lib/test/auto/Director.xml
----------------- Instantiating /home/travis/build/icyphy/ptII/ptolemy/actor/lib/test/auto/Director.xml
2 ms. Memory: 559104K Free: 247316K (44%)
----------------- Invoking toplevel() on ptolemy.moml.MoMLSimpleApplication@6e86b4b8
----------------- Done invoking toplevel() on ptolemy.moml.MoMLSimpleApplication@6e86b4b8
reloadAllAccessors: .Director

===========================================================================================
----------------- testing Fri Jul 05 04:51:23 UTC 2019 /home/travis/build/icyphy/ptII/ptolemy/actor/lib/test/auto/DiscreteClock.xml
----------------- Instantiating /home/travis/build/icyphy/ptII/ptolemy/actor/lib/test/auto/DiscreteClock.xml
1 ms. Memory: 559104K Free: 243734K (44%)
----------------- Invoking toplevel() on ptolemy.moml.MoMLSimpleApplication@251a4521
----------------- Done invoking toplevel() on ptolemy.moml.MoMLSimpleApplication@251a4521
reloadAllAccessors: .DiscreteClock

===========================================================================================
----------------- testing Fri Jul 05 04:51:23 UTC 2019 /home/travis/build/icyphy/ptII/ptolemy/actor/lib/test/auto/DiscreteClock10.xml
----------------- Instantiating /home/travis/build/icyphy/ptII/ptolemy/actor/lib/test/auto/DiscreteClock10.xml
2 ms. Memory: 559104K Free: 237590K (42%)
----------------- Invoking toplevel() on ptolemy.moml.MoMLSimpleApplication@5ab752f3
----------------- Done invoking toplevel() on ptolemy.moml.MoMLSimpleApplication@5ab752f3
reloadAllAccessors: .DiscreteClock10

===========================================================================================
----------------- testing Fri Jul 05 04:51:23 UTC 2019 /home/travis/build/icyphy/ptII/ptolemy/actor/lib/test/auto/DiscreteClock11.xml
----------------- Instantiating /home/travis/build/icyphy/ptII/ptolemy/actor/lib/test/auto/DiscreteClock11.xml
2 ms. Memory: 559104K Free: 231446K (41%)
----------------- Invoking toplevel() on ptolemy.moml.MoMLSimpleApplication@7587f427
----------------- Done invoking toplevel() on ptolemy.moml.MoMLSimpleApplication@7587f427
reloadAllAccessors: .DiscreteClock11

===========================================================================================
----------------- testing Fri Jul 05 04:51:23 UTC 2019 /home/travis/build/icyphy/ptII/ptolemy/actor/lib/test/auto/DiscreteClock12.xml
----------------- Instantiating /home/travis/build/icyphy/ptII/ptolemy/actor/lib/test/auto/DiscreteClock12.xml
3 ms. Memory: 559104K Free: 225812K (40%)
----------------- Invoking toplevel() on ptolemy.moml.MoMLSimpleApplication@3dfafaa3
----------------- Done invoking toplevel() on ptolemy.moml.MoMLSimpleApplication@3dfafaa3
reloadAllAccessors: .DiscreteClock12

===========================================================================================
----------------- testing Fri Jul 05 04:51:23 UTC 2019 /home/travis/build/icyphy/ptII/ptolemy/actor/lib/test/auto/DiscreteClock13.xml
----------------- Instantiating /home/travis/build/icyphy/ptII/ptolemy/actor/lib/test/auto/DiscreteClock13.xml
5 ms. Memory: 559104K Free: 219638K (39%)
----------------- Invoking toplevel() on ptolemy.moml.MoMLSimpleApplication@16c6f5fe
----------------- Done invoking toplevel() on ptolemy.moml.MoMLSimpleApplication@16c6f5fe
reloadAllAccessors: .DiscreteClock13

===========================================================================================
----------------- testing Fri Jul 05 04:51:23 UTC 2019 /home/travis/build/icyphy/ptII/ptolemy/actor/lib/test/auto/DiscreteClock14.xml
----------------- Instantiating /home/travis/build/icyphy/ptII/ptolemy/actor/lib/test/auto/DiscreteClock14.xml
7 ms. Memory: 559104K Free: 213494K (38%)
----------------- Invoking toplevel() on ptolemy.moml.MoMLSimpleApplication@24f7cddd
----------------- Done invoking toplevel() on ptolemy.moml.MoMLSimpleApplication@24f7cddd
reloadAllAccessors: .DiscreteClock14

===========================================================================================
----------------- testing Fri Jul 05 04:51:23 UTC 2019 /home/travis/build/icyphy/ptII/ptolemy/actor/lib/test/auto/DiscreteClock15.xml
----------------- Instantiating /home/travis/build/icyphy/ptII/ptolemy/actor/lib/test/auto/DiscreteClock15.xml
8 ms. Memory: 559104K Free: 207374K (37%)
----------------- Invoking toplevel() on ptolemy.moml.MoMLSimpleApplication@418c9d72
----------------- Done invoking toplevel() on ptolemy.moml.MoMLSimpleApplication@418c9d72
reloadAllAccessors: .DiscreteClock15

===========================================================================================
----------------- testing Fri Jul 05 04:51:23 UTC 2019 /home/travis/build/icyphy/ptII/ptolemy/actor/lib/test/auto/DiscreteClock16.xml
----------------- Instantiating /home/travis/build/icyphy/ptII/ptolemy/actor/lib/test/auto/DiscreteClock16.xml
19 ms. Memory: 559104K Free: 507152K (91%)
----------------- Invoking toplevel() on ptolemy.moml.MoMLSimpleApplication@4376a2
----------------- Done invoking toplevel() on ptolemy.moml.MoMLSimpleApplication@4376a2
reloadAllAccessors: .DiscreteClock16

===========================================================================================
----------------- testing Fri Jul 05 04:51:23 UTC 2019 /home/travis/build/icyphy/ptII/ptolemy/actor/lib/test/auto/DiscreteClock17.xml
----------------- Instantiating /home/travis/build/icyphy/ptII/ptolemy/actor/lib/test/auto/DiscreteClock17.xml
19 ms. Memory: 559104K Free: 492302K (88%)
----------------- Invoking toplevel() on ptolemy.moml.MoMLSimpleApplication@7b362064
----------------- Done invoking toplevel() on ptolemy.moml.MoMLSimpleApplication@7b362064
reloadAllAccessors: .DiscreteClock17

===========================================================================================
----------------- testing Fri Jul 05 04:51:23 UTC 2019 /home/travis/build/icyphy/ptII/ptolemy/actor/lib/test/auto/DiscreteClock18.xml
----------------- Instantiating /home/travis/build/icyphy/ptII/ptolemy/actor/lib/test/auto/DiscreteClock18.xml
28 ms. Memory: 559104K Free: 478990K (86%)
----------------- Invoking toplevel() on ptolemy.moml.MoMLSimpleApplication@1d78b147
----------------- Done invoking toplevel() on ptolemy.moml.MoMLSimpleApplication@1d78b147
reloadAllAccessors: .DiscreteClock18

===========================================================================================
----------------- testing Fri Jul 05 04:51:23 UTC 2019 /home/travis/build/icyphy/ptII/ptolemy/actor/lib/test/auto/DiscreteClock19.xml
----------------- Instantiating /home/travis/build/icyphy/ptII/ptolemy/actor/lib/test/auto/DiscreteClock19.xml
24 ms. Memory: 559104K Free: 465168K (83%)
----------------- Invoking toplevel() on ptolemy.moml.MoMLSimpleApplication@6151650d
----------------- Done invoking toplevel() on ptolemy.moml.MoMLSimpleApplication@6151650d
reloadAllAccessors: .DiscreteClock19

===========================================================================================
----------------- testing Fri Jul 05 04:51:23 UTC 2019 /home/travis/build/icyphy/ptII/ptolemy/actor/lib/test/auto/DiscreteClock2.xml
----------------- Instantiating /home/travis/build/icyphy/ptII/ptolemy/actor/lib/test/auto/DiscreteClock2.xml
5 ms. Memory: 559104K Free: 460544K (82%)
----------------- Invoking toplevel() on ptolemy.moml.MoMLSimpleApplication@52a4e893
----------------- Done invoking toplevel() on ptolemy.moml.MoMLSimpleApplication@52a4e893
reloadAllAccessors: .DiscreteClock2

===========================================================================================
----------------- testing Fri Jul 05 04:51:23 UTC 2019 /home/travis/build/icyphy/ptII/ptolemy/actor/lib/test/auto/DiscreteClock20.xml
----------------- Instantiating /home/travis/build/icyphy/ptII/ptolemy/actor/lib/test/auto/DiscreteClock20.xml
10 ms. Memory: 559104K Free: 454928K (81%)
----------------- Invoking toplevel() on ptolemy.moml.MoMLSimpleApplication@6c6dcf54
----------------- Done invoking toplevel() on ptolemy.moml.MoMLSimpleApplication@6c6dcf54
reloadAllAccessors: .DiscreteClock20

===========================================================================================
----------------- testing Fri Jul 05 04:51:23 UTC 2019 /home/travis/build/icyphy/ptII/ptolemy/actor/lib/test/auto/DiscreteClock21.xml
----------------- Instantiating /home/travis/build/icyphy/ptII/ptolemy/actor/lib/test/auto/DiscreteClock21.xml
7 ms. Memory: 559104K Free: 449294K (80%)
----------------- Invoking toplevel() on ptolemy.moml.MoMLSimpleApplication@5c6f0e22
----------------- Done invoking toplevel() on ptolemy.moml.MoMLSimpleApplication@5c6f0e22
reloadAllAccessors: .DiscreteClock21

===========================================================================================
----------------- testing Fri Jul 05 04:51:24 UTC 2019 /home/travis/build/icyphy/ptII/ptolemy/actor/lib/test/auto/DiscreteClock22.xml
----------------- Instantiating /home/travis/build/icyphy/ptII/ptolemy/actor/lib/test/auto/DiscreteClock22.xml
5 ms. Memory: 559104K Free: 443664K (79%)
----------------- Invoking toplevel() on ptolemy.moml.MoMLSimpleApplication@4117f052
----------------- Done invoking toplevel() on ptolemy.moml.MoMLSimpleApplication@4117f052
reloadAllAccessors: .DiscreteClock22

===========================================================================================
----------------- testing Fri Jul 05 04:51:24 UTC 2019 /home/travis/build/icyphy/ptII/ptolemy/actor/lib/test/auto/DiscreteClock23.xml
----------------- Instantiating /home/travis/build/icyphy/ptII/ptolemy/actor/lib/test/auto/DiscreteClock23.xml
12 ms. Memory: 559104K Free: 438030K (78%)
----------------- Invoking toplevel() on ptolemy.moml.MoMLSimpleApplication@63fed171
----------------- Done invoking toplevel() on ptolemy.moml.MoMLSimpleApplication@63fed171
reloadAllAccessors: .DiscreteClock23

===========================================================================================
----------------- testing Fri Jul 05 04:51:24 UTC 2019 /home/travis/build/icyphy/ptII/ptolemy/actor/lib/test/auto/DiscreteClock24.xml
----------------- Instantiating /home/travis/build/icyphy/ptII/ptolemy/actor/lib/test/auto/DiscreteClock24.xml
5 ms. Memory: 559104K Free: 432910K (77%)
----------------- Invoking toplevel() on ptolemy.moml.MoMLSimpleApplication@16ec358a
----------------- Done invoking toplevel() on ptolemy.moml.MoMLSimpleApplication@16ec358a
reloadAllAccessors: .DiscreteClock24

===========================================================================================
----------------- testing Fri Jul 05 04:51:24 UTC 2019 /home/travis/build/icyphy/ptII/ptolemy/actor/lib/test/auto/DiscreteClock4.xml
----------------- Instantiating /home/travis/build/icyphy/ptII/ptolemy/actor/lib/test/auto/DiscreteClock4.xml
5 ms. Memory: 559104K Free: 427280K (76%)
----------------- Invoking toplevel() on ptolemy.moml.MoMLSimpleApplication@52e24d16
----------------- Done invoking toplevel() on ptolemy.moml.MoMLSimpleApplication@52e24d16
reloadAllAccessors: .DiscreteClock4

===========================================================================================
----------------- testing Fri Jul 05 04:51:24 UTC 2019 /home/travis/build/icyphy/ptII/ptolemy/actor/lib/test/auto/DiscreteClock5.xml
----------------- Instantiating /home/travis/build/icyphy/ptII/ptolemy/actor/lib/test/auto/DiscreteClock5.xml
2 ms. Memory: 559104K Free: 421632K (75%)
----------------- Invoking toplevel() on ptolemy.moml.MoMLSimpleApplication@6a7c2b57
----------------- Done invoking toplevel() on ptolemy.moml.MoMLSimpleApplication@6a7c2b57
reloadAllAccessors: .DiscreteClock5

===========================================================================================
----------------- testing Fri Jul 05 04:51:24 UTC 2019 /home/travis/build/icyphy/ptII/ptolemy/actor/lib/test/auto/DiscreteClock6.xml
----------------- Instantiating /home/travis/build/icyphy/ptII/ptolemy/actor/lib/test/auto/DiscreteClock6.xml
2 ms. Memory: 559104K Free: 417550K (75%)
----------------- Invoking toplevel() on ptolemy.moml.MoMLSimpleApplication@220856b0
----------------- Done invoking toplevel() on ptolemy.moml.MoMLSimpleApplication@220856b0
reloadAllAccessors: .DiscreteClock6

===========================================================================================
----------------- testing Fri Jul 05 04:51:24 UTC 2019 /home/travis/build/icyphy/ptII/ptolemy/actor/lib/test/auto/DiscreteClock7.xml
----------------- Instantiating /home/travis/build/icyphy/ptII/ptolemy/actor/lib/test/auto/DiscreteClock7.xml
2 ms. Memory: 559104K Free: 413454K (74%)
----------------- Invoking toplevel() on ptolemy.moml.MoMLSimpleApplication@59b104b5
----------------- Done invoking toplevel() on ptolemy.moml.MoMLSimpleApplication@59b104b5
reloadAllAccessors: .DiscreteClock7

===========================================================================================
----------------- testing Fri Jul 05 04:51:24 UTC 2019 /home/travis/build/icyphy/ptII/ptolemy/actor/lib/test/auto/DiscreteClock8.xml
----------------- Instantiating /home/travis/build/icyphy/ptII/ptolemy/actor/lib/test/auto/DiscreteClock8.xml
5 ms. Memory: 559104K Free: 407824K (73%)
----------------- Invoking toplevel() on ptolemy.moml.MoMLSimpleApplication@7401a387
----------------- Done invoking toplevel() on ptolemy.moml.MoMLSimpleApplication@7401a387
reloadAllAccessors: .DiscreteClock8

===========================================================================================
----------------- testing Fri Jul 05 04:51:24 UTC 2019 /home/travis/build/icyphy/ptII/ptolemy/actor/lib/test/auto/DiscreteClock9.xml
----------------- Instantiating /home/travis/build/icyphy/ptII/ptolemy/actor/lib/test/auto/DiscreteClock9.xml
5 ms. Memory: 559104K Free: 402184K (72%)
----------------- Invoking toplevel() on ptolemy.moml.MoMLSimpleApplication@1a4943ab
----------------- Done invoking toplevel() on ptolemy.moml.MoMLSimpleApplication@1a4943ab
reloadAllAccessors: .DiscreteClock9

===========================================================================================
----------------- testing Fri Jul 05 04:51:24 UTC 2019 /home/travis/build/icyphy/ptII/ptolemy/actor/lib/test/auto/DisplayArray.xml
----------------- Instantiating /home/travis/build/icyphy/ptII/ptolemy/actor/lib/test/auto/DisplayArray.xml
1 ms. Memory: 559104K Free: 398608K (71%)
----------------- Invoking toplevel() on ptolemy.moml.MoMLSimpleApplication@2ba78761
----------------- Done invoking toplevel() on ptolemy.moml.MoMLSimpleApplication@2ba78761
reloadAllAccessors: .DisplayArray

===========================================================================================
----------------- testing Fri Jul 05 04:51:24 UTC 2019 /home/travis/build/icyphy/ptII/ptolemy/actor/lib/test/auto/Distributor.xml
----------------- Instantiating /home/travis/build/icyphy/ptII/ptolemy/actor/lib/test/auto/Distributor.xml
1 ms. Memory: 559104K Free: 393488K (70%)
----------------- Invoking toplevel() on ptolemy.moml.MoMLSimpleApplication@2fdd517e
----------------- Done invoking toplevel() on ptolemy.moml.MoMLSimpleApplication@2fdd517e
reloadAllAccessors: .Distributor

===========================================================================================
----------------- testing Fri Jul 05 04:51:24 UTC 2019 /home/travis/build/icyphy/ptII/ptolemy/actor/lib/test/auto/Distributor2.xml
----------------- Instantiating /home/travis/build/icyphy/ptII/ptolemy/actor/lib/test/auto/Distributor2.xml
2 ms. Memory: 559104K Free: 388878K (70%)
----------------- Invoking toplevel() on ptolemy.moml.MoMLSimpleApplication@6e7b3884
----------------- Done invoking toplevel() on ptolemy.moml.MoMLSimpleApplication@6e7b3884
reloadAllAccessors: .Distributor2

===========================================================================================
----------------- testing Fri Jul 05 04:51:24 UTC 2019 /home/travis/build/icyphy/ptII/ptolemy/actor/lib/test/auto/DownSample.xml
----------------- Instantiating /home/travis/build/icyphy/ptII/ptolemy/actor/lib/test/auto/DownSample.xml
1 ms. Memory: 559104K Free: 384272K (69%)
----------------- Invoking toplevel() on ptolemy.moml.MoMLSimpleApplication@1d6196a7
----------------- Done invoking toplevel() on ptolemy.moml.MoMLSimpleApplication@1d6196a7
reloadAllAccessors: .DownSample

===========================================================================================
----------------- testing Fri Jul 05 04:51:24 UTC 2019 /home/travis/build/icyphy/ptII/ptolemy/actor/lib/test/auto/ElectronicUnitBase1.xml
----------------- Instantiating /home/travis/build/icyphy/ptII/ptolemy/actor/lib/test/auto/ElectronicUnitBase1.xml
21 ms. Memory: 559104K Free: 368398K (66%)
----------------- Invoking toplevel() on ptolemy.moml.MoMLSimpleApplication@775fe82b
----------------- Done invoking toplevel() on ptolemy.moml.MoMLSimpleApplication@775fe82b
reloadAllAccessors: .ElectronicUnitBase1

===========================================================================================
----------------- testing Fri Jul 05 04:51:24 UTC 2019 /home/travis/build/icyphy/ptII/ptolemy/actor/lib/test/auto/ElementsToArray.xml
----------------- Instantiating /home/travis/build/icyphy/ptII/ptolemy/actor/lib/test/auto/ElementsToArray.xml
3 ms. Memory: 559104K Free: 363278K (65%)
----------------- Invoking toplevel() on ptolemy.moml.MoMLSimpleApplication@605e2f27
----------------- Done invoking toplevel() on ptolemy.moml.MoMLSimpleApplication@605e2f27
reloadAllAccessors: .ElementsToArray

===========================================================================================
----------------- testing Fri Jul 05 04:51:24 UTC 2019 /home/travis/build/icyphy/ptII/ptolemy/actor/lib/test/auto/Equals.xml
----------------- Instantiating /home/travis/build/icyphy/ptII/ptolemy/actor/lib/test/auto/Equals.xml
4 ms. Memory: 559104K Free: 358672K (64%)
----------------- Invoking toplevel() on ptolemy.moml.MoMLSimpleApplication@6d15cf7e
----------------- Done invoking toplevel() on ptolemy.moml.MoMLSimpleApplication@6d15cf7e
reloadAllAccessors: .Equals

===========================================================================================
----------------- testing Fri Jul 05 04:51:24 UTC 2019 /home/travis/build/icyphy/ptII/ptolemy/actor/lib/test/auto/Exec.xml
----------------- Instantiating /home/travis/build/icyphy/ptII/ptolemy/actor/lib/test/auto/Exec.xml
22 ms. Memory: 559104K Free: 352528K (63%)
----------------- Invoking toplevel() on ptolemy.moml.MoMLSimpleApplication@596166c2
----------------- Done invoking toplevel() on ptolemy.moml.MoMLSimpleApplication@596166c2
reloadAllAccessors: .Exec

===========================================================================================
----------------- testing Fri Jul 05 04:51:24 UTC 2019 /home/travis/build/icyphy/ptII/ptolemy/actor/lib/test/auto/ExecEnvironment.xml
----------------- Instantiating /home/travis/build/icyphy/ptII/ptolemy/actor/lib/test/auto/ExecEnvironment.xml
36 ms. Memory: 559104K Free: 347406K (62%)
----------------- Invoking toplevel() on ptolemy.moml.MoMLSimpleApplication@3f55eab2
----------------- Done invoking toplevel() on ptolemy.moml.MoMLSimpleApplication@3f55eab2
reloadAllAccessors: .ExecEnvironment

===========================================================================================
----------------- testing Fri Jul 05 04:51:24 UTC 2019 /home/travis/build/icyphy/ptII/ptolemy/actor/lib/test/auto/ExecNonZeroReturnOutput.xml
----------------- Instantiating /home/travis/build/icyphy/ptII/ptolemy/actor/lib/test/auto/ExecNonZeroReturnOutput.xml
232 ms. Memory: 559104K Free: 336144K (60%)
----------------- Invoking toplevel() on ptolemy.moml.MoMLSimpleApplication@16158fc2
----------------- Done invoking toplevel() on ptolemy.moml.MoMLSimpleApplication@16158fc2
reloadAllAccessors: .ExecNonZeroReturnOutput

===========================================================================================
----------------- testing Fri Jul 05 04:51:24 UTC 2019 /home/travis/build/icyphy/ptII/ptolemy/actor/lib/test/auto/ExecRunDemos.xml
----------------- Instantiating /home/travis/build/icyphy/ptII/ptolemy/actor/lib/test/auto/ExecRunDemos.xml
11367 ms. Memory: 559104K Free: 315664K (56%)

===========================================================================================
----------------- testing Fri Jul 05 04:51:36 UTC 2019 /home/travis/build/icyphy/ptII/ptolemy/actor/lib/test/auto/ExecStop.xml
----------------- Instantiating /home/travis/build/icyphy/ptII/ptolemy/actor/lib/test/auto/ExecStop.xml
5020 ms. Memory: 559104K Free: 506601K (91%)
----------------- Invoking toplevel() on ptolemy.moml.MoMLSimpleApplication@6347b49f
----------------- Done invoking toplevel() on ptolemy.moml.MoMLSimpleApplication@6347b49f
reloadAllAccessors: .ExecStop

===========================================================================================
----------------- testing Fri Jul 05 04:51:41 UTC 2019 /home/travis/build/icyphy/ptII/ptolemy/actor/lib/test/auto/ExecutionTimeSDF.xml
----------------- Instantiating /home/travis/build/icyphy/ptII/ptolemy/actor/lib/test/auto/ExecutionTimeSDF.xml
Fired ExecutionTime: 1731600000
Fired ExecutionTime: 1071600000
Fired ExecutionTime: -1087767296
6007 ms. Memory: 559104K Free: 493289K (88%)
----------------- Invoking toplevel() on ptolemy.moml.MoMLSimpleApplication@13459248
----------------- Done invoking toplevel() on ptolemy.moml.MoMLSimpleApplication@13459248
reloadAllAccessors: .ExecutionTimeSDF

===========================================================================================
----------------- testing Fri Jul 05 04:51:47 UTC 2019 /home/travis/build/icyphy/ptII/ptolemy/actor/lib/test/auto/Expression1.xml
----------------- Instantiating /home/travis/build/icyphy/ptII/ptolemy/actor/lib/test/auto/Expression1.xml
2 ms. Memory: 559104K Free: 489703K (88%)
----------------- Invoking toplevel() on ptolemy.moml.MoMLSimpleApplication@58047f90
----------------- Done invoking toplevel() on ptolemy.moml.MoMLSimpleApplication@58047f90
reloadAllAccessors: .Expression1

===========================================================================================
----------------- testing Fri Jul 05 04:51:47 UTC 2019 /home/travis/build/icyphy/ptII/ptolemy/actor/lib/test/auto/Expression10.xml
----------------- Instantiating /home/travis/build/icyphy/ptII/ptolemy/actor/lib/test/auto/Expression10.xml
6 ms. Memory: 559104K Free: 484583K (87%)
----------------- Invoking toplevel() on ptolemy.moml.MoMLSimpleApplication@19b0507b
----------------- Done invoking toplevel() on ptolemy.moml.MoMLSimpleApplication@19b0507b
reloadAllAccessors: .Expression10

===========================================================================================
----------------- testing Fri Jul 05 04:51:47 UTC 2019 /home/travis/build/icyphy/ptII/ptolemy/actor/lib/test/auto/Expression11.xml
----------------- Instantiating /home/travis/build/icyphy/ptII/ptolemy/actor/lib/test/auto/Expression11.xml
3 ms. Memory: 559104K Free: 479975K (86%)
----------------- Invoking toplevel() on ptolemy.moml.MoMLSimpleApplication@344dcbd
----------------- Done invoking toplevel() on ptolemy.moml.MoMLSimpleApplication@344dcbd
reloadAllAccessors: .Expression11

===========================================================================================
----------------- testing Fri Jul 05 04:51:47 UTC 2019 /home/travis/build/icyphy/ptII/ptolemy/actor/lib/test/auto/Expression12.xml
----------------- Instantiating /home/travis/build/icyphy/ptII/ptolemy/actor/lib/test/auto/Expression12.xml
4 ms. Memory: 559104K Free: 474343K (85%)
----------------- Invoking toplevel() on ptolemy.moml.MoMLSimpleApplication@4b216087
----------------- Done invoking toplevel() on ptolemy.moml.MoMLSimpleApplication@4b216087
reloadAllAccessors: .Expression12

===========================================================================================
----------------- testing Fri Jul 05 04:51:47 UTC 2019 /home/travis/build/icyphy/ptII/ptolemy/actor/lib/test/auto/Expression13.xml
----------------- Instantiating /home/travis/build/icyphy/ptII/ptolemy/actor/lib/test/auto/Expression13.xml
4 ms. Memory: 559104K Free: 469223K (84%)
----------------- Invoking toplevel() on ptolemy.moml.MoMLSimpleApplication@67db1a5d
----------------- Done invoking toplevel() on ptolemy.moml.MoMLSimpleApplication@67db1a5d
reloadAllAccessors: .Expression13

===========================================================================================
----------------- testing Fri Jul 05 04:51:47 UTC 2019 /home/travis/build/icyphy/ptII/ptolemy/actor/lib/test/auto/Expression14.xml
----------------- Instantiating /home/travis/build/icyphy/ptII/ptolemy/actor/lib/test/auto/Expression14.xml
8 ms. Memory: 559104K Free: 463079K (83%)
----------------- Invoking toplevel() on ptolemy.moml.MoMLSimpleApplication@10847bbc
----------------- Done invoking toplevel() on ptolemy.moml.MoMLSimpleApplication@10847bbc
reloadAllAccessors: .Expression14

===========================================================================================
----------------- testing Fri Jul 05 04:51:47 UTC 2019 /home/travis/build/icyphy/ptII/ptolemy/actor/lib/test/auto/Expression15.xml
----------------- Instantiating /home/travis/build/icyphy/ptII/ptolemy/actor/lib/test/auto/Expression15.xml
2 ms. Memory: 559104K Free: 459993K (82%)
----------------- Invoking toplevel() on ptolemy.moml.MoMLSimpleApplication@4daa2229
----------------- Done invoking toplevel() on ptolemy.moml.MoMLSimpleApplication@4daa2229
reloadAllAccessors: .Expression15

===========================================================================================
----------------- testing Fri Jul 05 04:51:47 UTC 2019 /home/travis/build/icyphy/ptII/ptolemy/actor/lib/test/auto/Expression16.xml
----------------- Instantiating /home/travis/build/icyphy/ptII/ptolemy/actor/lib/test/auto/Expression16.xml
4 ms. Memory: 559104K Free: 454887K (81%)
----------------- Invoking toplevel() on ptolemy.moml.MoMLSimpleApplication@23deeda7
----------------- Done invoking toplevel() on ptolemy.moml.MoMLSimpleApplication@23deeda7
reloadAllAccessors: .Expression16

===========================================================================================
----------------- testing Fri Jul 05 04:51:47 UTC 2019 /home/travis/build/icyphy/ptII/ptolemy/actor/lib/test/auto/Expression17.xml
----------------- Instantiating /home/travis/build/icyphy/ptII/ptolemy/actor/lib/test/auto/Expression17.xml
4 ms. Memory: 559104K Free: 449767K (80%)
----------------- Invoking toplevel() on ptolemy.moml.MoMLSimpleApplication@2b3713aa
----------------- Done invoking toplevel() on ptolemy.moml.MoMLSimpleApplication@2b3713aa
reloadAllAccessors: .Expression17

===========================================================================================
----------------- testing Fri Jul 05 04:51:47 UTC 2019 /home/travis/build/icyphy/ptII/ptolemy/actor/lib/test/auto/Expression18.xml
----------------- Instantiating /home/travis/build/icyphy/ptII/ptolemy/actor/lib/test/auto/Expression18.xml
4 ms. Memory: 559104K Free: 444647K (80%)
----------------- Invoking toplevel() on ptolemy.moml.MoMLSimpleApplication@df683aa
----------------- Done invoking toplevel() on ptolemy.moml.MoMLSimpleApplication@df683aa
reloadAllAccessors: .Expression18

===========================================================================================
----------------- testing Fri Jul 05 04:51:47 UTC 2019 /home/travis/build/icyphy/ptII/ptolemy/actor/lib/test/auto/Expression2.xml
----------------- Instantiating /home/travis/build/icyphy/ptII/ptolemy/actor/lib/test/auto/Expression2.xml
3 ms. Memory: 559104K Free: 439527K (79%)
----------------- Invoking toplevel() on ptolemy.moml.MoMLSimpleApplication@13570e92
----------------- Done invoking toplevel() on ptolemy.moml.MoMLSimpleApplication@13570e92
reloadAllAccessors: .Expression2

===========================================================================================
----------------- testing Fri Jul 05 04:51:47 UTC 2019 /home/travis/build/icyphy/ptII/ptolemy/actor/lib/test/auto/Expression3.xml
----------------- Instantiating /home/travis/build/icyphy/ptII/ptolemy/actor/lib/test/auto/Expression3.xml
7 ms. Memory: 559104K Free: 434921K (78%)
----------------- Invoking toplevel() on ptolemy.moml.MoMLSimpleApplication@10775870
----------------- Done invoking toplevel() on ptolemy.moml.MoMLSimpleApplication@10775870
reloadAllAccessors: .Expression3

===========================================================================================
----------------- testing Fri Jul 05 04:51:47 UTC 2019 /home/travis/build/icyphy/ptII/ptolemy/actor/lib/test/auto/Expression4.xml
----------------- Instantiating /home/travis/build/icyphy/ptII/ptolemy/actor/lib/test/auto/Expression4.xml
6 ms. Memory: 559104K Free: 427225K (76%)
----------------- Invoking toplevel() on ptolemy.moml.MoMLSimpleApplication@ea624a1
----------------- Done invoking toplevel() on ptolemy.moml.MoMLSimpleApplication@ea624a1
reloadAllAccessors: .Expression4

===========================================================================================
----------------- testing Fri Jul 05 04:51:47 UTC 2019 /home/travis/build/icyphy/ptII/ptolemy/actor/lib/test/auto/Expression5.xml
----------------- Instantiating /home/travis/build/icyphy/ptII/ptolemy/actor/lib/test/auto/Expression5.xml
3 ms. Memory: 559104K Free: 422119K (75%)
----------------- Invoking toplevel() on ptolemy.moml.MoMLSimpleApplication@c1735e9
----------------- Done invoking toplevel() on ptolemy.moml.MoMLSimpleApplication@c1735e9
reloadAllAccessors: .Expression5

===========================================================================================
----------------- testing Fri Jul 05 04:51:47 UTC 2019 /home/travis/build/icyphy/ptII/ptolemy/actor/lib/test/auto/Expression6.xml
----------------- Instantiating /home/travis/build/icyphy/ptII/ptolemy/actor/lib/test/auto/Expression6.xml
3 ms. Memory: 559104K Free: 417513K (75%)
----------------- Invoking toplevel() on ptolemy.moml.MoMLSimpleApplication@3d498ced
----------------- Done invoking toplevel() on ptolemy.moml.MoMLSimpleApplication@3d498ced
reloadAllAccessors: .Expression6

===========================================================================================
----------------- testing Fri Jul 05 04:51:47 UTC 2019 /home/travis/build/icyphy/ptII/ptolemy/actor/lib/test/auto/Expression7.xml
----------------- Instantiating /home/travis/build/icyphy/ptII/ptolemy/actor/lib/test/auto/Expression7.xml
3 ms. Memory: 559104K Free: 412393K (74%)
----------------- Invoking toplevel() on ptolemy.moml.MoMLSimpleApplication@1cafae2c
----------------- Done invoking toplevel() on ptolemy.moml.MoMLSimpleApplication@1cafae2c
reloadAllAccessors: .Expression7

===========================================================================================
----------------- testing Fri Jul 05 04:51:47 UTC 2019 /home/travis/build/icyphy/ptII/ptolemy/actor/lib/test/auto/Expression8.xml
----------------- Instantiating /home/travis/build/icyphy/ptII/ptolemy/actor/lib/test/auto/Expression8.xml
4 ms. Memory: 559104K Free: 407783K (73%)
----------------- Invoking toplevel() on ptolemy.moml.MoMLSimpleApplication@1183e0d7
----------------- Done invoking toplevel() on ptolemy.moml.MoMLSimpleApplication@1183e0d7
reloadAllAccessors: .Expression8

===========================================================================================
----------------- testing Fri Jul 05 04:51:47 UTC 2019 /home/travis/build/icyphy/ptII/ptolemy/actor/lib/test/auto/Expression9.xml
----------------- Instantiating /home/travis/build/icyphy/ptII/ptolemy/actor/lib/test/auto/Expression9.xml
1 ms. Memory: 559104K Free: 403687K (72%)
----------------- Invoking toplevel() on ptolemy.moml.MoMLSimpleApplication@110eded0
----------------- Done invoking toplevel() on ptolemy.moml.MoMLSimpleApplication@110eded0
reloadAllAccessors: .Expression9

===========================================================================================
----------------- testing Fri Jul 05 04:51:47 UTC 2019 /home/travis/build/icyphy/ptII/ptolemy/actor/lib/test/auto/ExpressionConcatenateArrayType.xml
----------------- Instantiating /home/travis/build/icyphy/ptII/ptolemy/actor/lib/test/auto/ExpressionConcatenateArrayType.xml
3 ms. Memory: 559104K Free: 397033K (71%)
----------------- Invoking toplevel() on ptolemy.moml.MoMLSimpleApplication@2fc250b9
----------------- Done invoking toplevel() on ptolemy.moml.MoMLSimpleApplication@2fc250b9
reloadAllAccessors: .ExpressionConcatenateArrayType

===========================================================================================
----------------- testing Fri Jul 05 04:51:47 UTC 2019 /home/travis/build/icyphy/ptII/ptolemy/actor/lib/test/auto/ExpressionConcatenateArrayType2.xml
----------------- Instantiating /home/travis/build/icyphy/ptII/ptolemy/actor/lib/test/auto/ExpressionConcatenateArrayType2.xml
3 ms. Memory: 559104K Free: 391399K (70%)
----------------- Invoking toplevel() on ptolemy.moml.MoMLSimpleApplication@81b4e8f
----------------- Done invoking toplevel() on ptolemy.moml.MoMLSimpleApplication@81b4e8f
reloadAllAccessors: .ExpressionConcatenateArrayType2

===========================================================================================
----------------- testing Fri Jul 05 04:51:47 UTC 2019 /home/travis/build/icyphy/ptII/ptolemy/actor/lib/test/auto/ExpressionFix.xml
----------------- Instantiating /home/travis/build/icyphy/ptII/ptolemy/actor/lib/test/auto/ExpressionFix.xml
23 ms. Memory: 559104K Free: 384745K (69%)
----------------- Invoking toplevel() on ptolemy.moml.MoMLSimpleApplication@28998e29
----------------- Done invoking toplevel() on ptolemy.moml.MoMLSimpleApplication@28998e29
reloadAllAccessors: .ExpressionFix

===========================================================================================
----------------- testing Fri Jul 05 04:51:47 UTC 2019 /home/travis/build/icyphy/ptII/ptolemy/actor/lib/test/auto/ExpressionFix2.xml
----------------- Instantiating /home/travis/build/icyphy/ptII/ptolemy/actor/lib/test/auto/ExpressionFix2.xml
5 ms. Memory: 559104K Free: 380649K (68%)
----------------- Invoking toplevel() on ptolemy.moml.MoMLSimpleApplication@29505443
----------------- Done invoking toplevel() on ptolemy.moml.MoMLSimpleApplication@29505443
reloadAllAccessors: .ExpressionFix2

===========================================================================================
----------------- testing Fri Jul 05 04:51:47 UTC 2019 /home/travis/build/icyphy/ptII/ptolemy/actor/lib/test/auto/ExpressionFix3.xml
----------------- Instantiating /home/travis/build/icyphy/ptII/ptolemy/actor/lib/test/auto/ExpressionFix3.xml
3 ms. Memory: 559104K Free: 376553K (67%)
----------------- Invoking toplevel() on ptolemy.moml.MoMLSimpleApplication@1976c264
----------------- Done invoking toplevel() on ptolemy.moml.MoMLSimpleApplication@1976c264
reloadAllAccessors: .ExpressionFix3

===========================================================================================
----------------- testing Fri Jul 05 04:51:47 UTC 2019 /home/travis/build/icyphy/ptII/ptolemy/actor/lib/test/auto/FileWriter1.xml
----------------- Instantiating /home/travis/build/icyphy/ptII/ptolemy/actor/lib/test/auto/FileWriter1.xml
2 ms. Memory: 559104K Free: 372457K (67%)
----------------- Invoking toplevel() on ptolemy.moml.MoMLSimpleApplication@2b8c1dc
----------------- Done invoking toplevel() on ptolemy.moml.MoMLSimpleApplication@2b8c1dc
reloadAllAccessors: .FileWriter1

===========================================================================================
----------------- testing Fri Jul 05 04:51:47 UTC 2019 /home/travis/build/icyphy/ptII/ptolemy/actor/lib/test/auto/FileWriter2.xml
----------------- Instantiating /home/travis/build/icyphy/ptII/ptolemy/actor/lib/test/auto/FileWriter2.xml
6 ms. Memory: 559104K Free: 367847K (66%)
----------------- Invoking toplevel() on ptolemy.moml.MoMLSimpleApplication@649b8f93
----------------- Done invoking toplevel() on ptolemy.moml.MoMLSimpleApplication@649b8f93
reloadAllAccessors: .FileWriter2

===========================================================================================
----------------- testing Fri Jul 05 04:51:47 UTC 2019 /home/travis/build/icyphy/ptII/ptolemy/actor/lib/test/auto/FileWriter3.xml
----------------- Instantiating /home/travis/build/icyphy/ptII/ptolemy/actor/lib/test/auto/FileWriter3.xml
2 ms. Memory: 559104K Free: 363751K (65%)
----------------- Invoking toplevel() on ptolemy.moml.MoMLSimpleApplication@30a13527
----------------- Done invoking toplevel() on ptolemy.moml.MoMLSimpleApplication@30a13527
reloadAllAccessors: .FileWriter3

===========================================================================================
----------------- testing Fri Jul 05 04:51:47 UTC 2019 /home/travis/build/icyphy/ptII/ptolemy/actor/lib/test/auto/Gaussian.xml
----------------- Instantiating /home/travis/build/icyphy/ptII/ptolemy/actor/lib/test/auto/Gaussian.xml
2 ms. Memory: 559104K Free: 359145K (64%)
----------------- Invoking toplevel() on ptolemy.moml.MoMLSimpleApplication@1b774ff8
----------------- Done invoking toplevel() on ptolemy.moml.MoMLSimpleApplication@1b774ff8
reloadAllAccessors: .Gaussian

===========================================================================================
----------------- testing Fri Jul 05 04:51:47 UTC 2019 /home/travis/build/icyphy/ptII/ptolemy/actor/lib/test/auto/Gaussian1.xml
----------------- Instantiating /home/travis/build/icyphy/ptII/ptolemy/actor/lib/test/auto/Gaussian1.xml
12 ms. Memory: 559104K Free: 353505K (63%)
----------------- Invoking toplevel() on ptolemy.moml.MoMLSimpleApplication@131b3174
----------------- Done invoking toplevel() on ptolemy.moml.MoMLSimpleApplication@131b3174
reloadAllAccessors: .Gaussian1

===========================================================================================
----------------- testing Fri Jul 05 04:51:48 UTC 2019 /home/travis/build/icyphy/ptII/ptolemy/actor/lib/test/auto/Gaussian2.xml
----------------- Instantiating /home/travis/build/icyphy/ptII/ptolemy/actor/lib/test/auto/Gaussian2.xml
2 ms. Memory: 559104K Free: 348361K (62%)
----------------- Invoking toplevel() on ptolemy.moml.MoMLSimpleApplication@672d4bcb
----------------- Done invoking toplevel() on ptolemy.moml.MoMLSimpleApplication@672d4bcb
reloadAllAccessors: .Gaussian2

===========================================================================================
----------------- testing Fri Jul 05 04:51:48 UTC 2019 /home/travis/build/icyphy/ptII/ptolemy/actor/lib/test/auto/GradientAdaptiveLattice.xml
----------------- Instantiating /home/travis/build/icyphy/ptII/ptolemy/actor/lib/test/auto/GradientAdaptiveLattice.xml
8 ms. Memory: 559104K Free: 343271K (61%)
----------------- Invoking toplevel() on ptolemy.moml.MoMLSimpleApplication@59ef4aae
----------------- Done invoking toplevel() on ptolemy.moml.MoMLSimpleApplication@59ef4aae
reloadAllAccessors: .GradientAdaptiveLattice

===========================================================================================
----------------- testing Fri Jul 05 04:51:48 UTC 2019 /home/travis/build/icyphy/ptII/ptolemy/actor/lib/test/auto/IIR.xml
----------------- Instantiating /home/travis/build/icyphy/ptII/ptolemy/actor/lib/test/auto/IIR.xml
2 ms. Memory: 559104K Free: 338665K (61%)
----------------- Invoking toplevel() on ptolemy.moml.MoMLSimpleApplication@3277a4b5
----------------- Done invoking toplevel() on ptolemy.moml.MoMLSimpleApplication@3277a4b5
reloadAllAccessors: .IIR

===========================================================================================
----------------- testing Fri Jul 05 04:51:48 UTC 2019 /home/travis/build/icyphy/ptII/ptolemy/actor/lib/test/auto/InputOutputTransparentPorts.xml
----------------- Instantiating /home/travis/build/icyphy/ptII/ptolemy/actor/lib/test/auto/InputOutputTransparentPorts.xml
2 ms. Memory: 559104K Free: 330983K (59%)
----------------- Invoking toplevel() on ptolemy.moml.MoMLSimpleApplication@47f7e69
----------------- Done invoking toplevel() on ptolemy.moml.MoMLSimpleApplication@47f7e69
reloadAllAccessors: .InputOutputTransparentPorts

===========================================================================================
----------------- testing Fri Jul 05 04:51:48 UTC 2019 /home/travis/build/icyphy/ptII/ptolemy/actor/lib/test/auto/Interpolator.xml
----------------- Instantiating /home/travis/build/icyphy/ptII/ptolemy/actor/lib/test/auto/Interpolator.xml
3 ms. Memory: 559104K Free: 326887K (58%)
----------------- Invoking toplevel() on ptolemy.moml.MoMLSimpleApplication@1d1cf613
----------------- Done invoking toplevel() on ptolemy.moml.MoMLSimpleApplication@1d1cf613
reloadAllAccessors: .Interpolator

===========================================================================================
----------------- testing Fri Jul 05 04:51:48 UTC 2019 /home/travis/build/icyphy/ptII/ptolemy/actor/lib/test/auto/InterpolatorFiringLimitDE.xml
----------------- Instantiating /home/travis/build/icyphy/ptII/ptolemy/actor/lib/test/auto/InterpolatorFiringLimitDE.xml
2 ms. Memory: 559104K Free: 320233K (57%)
----------------- Invoking toplevel() on ptolemy.moml.MoMLSimpleApplication@18f9210a
----------------- Done invoking toplevel() on ptolemy.moml.MoMLSimpleApplication@18f9210a
reloadAllAccessors: .InterpolatorFiringLimitDE

===========================================================================================
----------------- testing Fri Jul 05 04:51:48 UTC 2019 /home/travis/build/icyphy/ptII/ptolemy/actor/lib/test/auto/Lattice.xml
----------------- Instantiating /home/travis/build/icyphy/ptII/ptolemy/actor/lib/test/auto/Lattice.xml
1 ms. Memory: 559104K Free: 316137K (57%)
----------------- Invoking toplevel() on ptolemy.moml.MoMLSimpleApplication@69362b7b
----------------- Done invoking toplevel() on ptolemy.moml.MoMLSimpleApplication@69362b7b
reloadAllAccessors: .Lattice

===========================================================================================
----------------- testing Fri Jul 05 04:51:48 UTC 2019 /home/travis/build/icyphy/ptII/ptolemy/actor/lib/test/auto/LazyAOCTestLazy.xml
----------------- Instantiating /home/travis/build/icyphy/ptII/ptolemy/actor/lib/test/auto/LazyAOCTestLazy.xml
21 ms. Memory: 559104K Free: 310473K (56%)
----------------- Invoking toplevel() on ptolemy.moml.MoMLSimpleApplication@5dc34f99
----------------- Done invoking toplevel() on ptolemy.moml.MoMLSimpleApplication@5dc34f99
reloadAllAccessors: .LazyAOCTestLazy

===========================================================================================
----------------- testing Fri Jul 05 04:51:48 UTC 2019 /home/travis/build/icyphy/ptII/ptolemy/actor/lib/test/auto/LazyAOCTestNonLazy.xml
----------------- Instantiating /home/travis/build/icyphy/ptII/ptolemy/actor/lib/test/auto/LazyAOCTestNonLazy.xml
10 ms. Memory: 559104K Free: 303849K (54%)
----------------- Invoking toplevel() on ptolemy.moml.MoMLSimpleApplication@2f9da672
----------------- Done invoking toplevel() on ptolemy.moml.MoMLSimpleApplication@2f9da672
reloadAllAccessors: .LazyAOCTestNonLazy

===========================================================================================
----------------- testing Fri Jul 05 04:51:48 UTC 2019 /home/travis/build/icyphy/ptII/ptolemy/actor/lib/test/auto/LazyInnerClass.xml
----------------- Instantiating /home/travis/build/icyphy/ptII/ptolemy/actor/lib/test/auto/LazyInnerClass.xml
22 ms. Memory: 559104K Free: 295113K (53%)
----------------- Invoking toplevel() on ptolemy.moml.MoMLSimpleApplication@64712004
----------------- Done invoking toplevel() on ptolemy.moml.MoMLSimpleApplication@64712004
reloadAllAccessors: .LazyInnerClass

===========================================================================================
----------------- testing Fri Jul 05 04:51:48 UTC 2019 /home/travis/build/icyphy/ptII/ptolemy/actor/lib/test/auto/LazyPubSub.xml
----------------- Instantiating /home/travis/build/icyphy/ptII/ptolemy/actor/lib/test/auto/LazyPubSub.xml
21 ms. Memory: 559104K Free: 284903K (51%)
----------------- Invoking toplevel() on ptolemy.moml.MoMLSimpleApplication@4c82650a
----------------- Done invoking toplevel() on ptolemy.moml.MoMLSimpleApplication@4c82650a
reloadAllAccessors: .LazyPubSub

===========================================================================================
----------------- testing Fri Jul 05 04:51:48 UTC 2019 /home/travis/build/icyphy/ptII/ptolemy/actor/lib/test/auto/LazyPubSub2.xml
----------------- Instantiating /home/travis/build/icyphy/ptII/ptolemy/actor/lib/test/auto/LazyPubSub2.xml
21 ms. Memory: 559104K Free: 275177K (49%)
----------------- Invoking toplevel() on ptolemy.moml.MoMLSimpleApplication@4d308766
----------------- Done invoking toplevel() on ptolemy.moml.MoMLSimpleApplication@4d308766
reloadAllAccessors: .LazyPubSub2

===========================================================================================
----------------- testing Fri Jul 05 04:51:48 UTC 2019 /home/travis/build/icyphy/ptII/ptolemy/actor/lib/test/auto/LazyPubSub3.xml
----------------- Instantiating /home/travis/build/icyphy/ptII/ptolemy/actor/lib/test/auto/LazyPubSub3.xml
16 ms. Memory: 559104K Free: 264937K (47%)
----------------- Invoking toplevel() on ptolemy.moml.MoMLSimpleApplication@5279e15d
----------------- Done invoking toplevel() on ptolemy.moml.MoMLSimpleApplication@5279e15d
reloadAllAccessors: .LazyPubSub3

===========================================================================================
----------------- testing Fri Jul 05 04:51:48 UTC 2019 /home/travis/build/icyphy/ptII/ptolemy/actor/lib/test/auto/LazySubClassModel.xml
----------------- Instantiating /home/travis/build/icyphy/ptII/ptolemy/actor/lib/test/auto/LazySubClassModel.xml
2 ms. Memory: 559104K Free: 255721K (46%)
----------------- Invoking toplevel() on ptolemy.moml.MoMLSimpleApplication@20a3ee2d
----------------- Done invoking toplevel() on ptolemy.moml.MoMLSimpleApplication@20a3ee2d
reloadAllAccessors: .LazySubClassModel

===========================================================================================
----------------- testing Fri Jul 05 04:51:48 UTC 2019 /home/travis/build/icyphy/ptII/ptolemy/actor/lib/test/auto/LevelCrossTest1.xml
----------------- Instantiating /home/travis/build/icyphy/ptII/ptolemy/actor/lib/test/auto/LevelCrossTest1.xml
1 ms. Memory: 559104K Free: 250087K (45%)
----------------- Invoking toplevel() on ptolemy.moml.MoMLSimpleApplication@592fe6cb
----------------- Done invoking toplevel() on ptolemy.moml.MoMLSimpleApplication@592fe6cb
reloadAllAccessors: .broken

===========================================================================================
----------------- testing Fri Jul 05 04:51:48 UTC 2019 /home/travis/build/icyphy/ptII/ptolemy/actor/lib/test/auto/LevelCrossTest10.xml
----------------- Instantiating /home/travis/build/icyphy/ptII/ptolemy/actor/lib/test/auto/LevelCrossTest10.xml
1 ms. Memory: 559104K Free: 242409K (43%)
----------------- Invoking toplevel() on ptolemy.moml.MoMLSimpleApplication@4a0474e0
----------------- Done invoking toplevel() on ptolemy.moml.MoMLSimpleApplication@4a0474e0
reloadAllAccessors: .LevelCrossTest10

===========================================================================================
----------------- testing Fri Jul 05 04:51:48 UTC 2019 /home/travis/build/icyphy/ptII/ptolemy/actor/lib/test/auto/LevelCrossTest11.xml
----------------- Instantiating /home/travis/build/icyphy/ptII/ptolemy/actor/lib/test/auto/LevelCrossTest11.xml
1 ms. Memory: 559104K Free: 235751K (42%)
----------------- Invoking toplevel() on ptolemy.moml.MoMLSimpleApplication@4b172cba
----------------- Done invoking toplevel() on ptolemy.moml.MoMLSimpleApplication@4b172cba
reloadAllAccessors: .LevelCrossTest11

===========================================================================================
----------------- testing Fri Jul 05 04:51:48 UTC 2019 /home/travis/build/icyphy/ptII/ptolemy/actor/lib/test/auto/LevelCrossTest12.xml
----------------- Instantiating /home/travis/build/icyphy/ptII/ptolemy/actor/lib/test/auto/LevelCrossTest12.xml
1 ms. Memory: 559104K Free: 229097K (41%)
----------------- Invoking toplevel() on ptolemy.moml.MoMLSimpleApplication@5228de34
----------------- Done invoking toplevel() on ptolemy.moml.MoMLSimpleApplication@5228de34
reloadAllAccessors: .LevelCrossTest12

===========================================================================================
----------------- testing Fri Jul 05 04:51:48 UTC 2019 /home/travis/build/icyphy/ptII/ptolemy/actor/lib/test/auto/LevelCrossTest13.xml
----------------- Instantiating /home/travis/build/icyphy/ptII/ptolemy/actor/lib/test/auto/LevelCrossTest13.xml
1 ms. Memory: 559104K Free: 221415K (40%)
----------------- Invoking toplevel() on ptolemy.moml.MoMLSimpleApplication@76bd6c7a
----------------- Done invoking toplevel() on ptolemy.moml.MoMLSimpleApplication@76bd6c7a
reloadAllAccessors: .LevelCrossTest13

===========================================================================================
----------------- testing Fri Jul 05 04:51:48 UTC 2019 /home/travis/build/icyphy/ptII/ptolemy/actor/lib/test/auto/LevelCrossTest2.xml
----------------- Instantiating /home/travis/build/icyphy/ptII/ptolemy/actor/lib/test/auto/LevelCrossTest2.xml
2 ms. Memory: 559104K Free: 215785K (39%)
----------------- Invoking toplevel() on ptolemy.moml.MoMLSimpleApplication@7a31aa11
----------------- Done invoking toplevel() on ptolemy.moml.MoMLSimpleApplication@7a31aa11
reloadAllAccessors: .broken

===========================================================================================
----------------- testing Fri Jul 05 04:51:48 UTC 2019 /home/travis/build/icyphy/ptII/ptolemy/actor/lib/test/auto/LevelCrossTest3.xml
----------------- Instantiating /home/travis/build/icyphy/ptII/ptolemy/actor/lib/test/auto/LevelCrossTest3.xml
1 ms. Memory: 559104K Free: 209641K (37%)
----------------- Invoking toplevel() on ptolemy.moml.MoMLSimpleApplication@3ec24927
----------------- Done invoking toplevel() on ptolemy.moml.MoMLSimpleApplication@3ec24927
reloadAllAccessors: .LevelCrossTest3

===========================================================================================
----------------- testing Fri Jul 05 04:51:48 UTC 2019 /home/travis/build/icyphy/ptII/ptolemy/actor/lib/test/auto/LevelCrossTest4.xml
----------------- Instantiating /home/travis/build/icyphy/ptII/ptolemy/actor/lib/test/auto/LevelCrossTest4.xml
1 ms. Memory: 559104K Free: 204521K (37%)
----------------- Invoking toplevel() on ptolemy.moml.MoMLSimpleApplication@6d3c10a9
----------------- Done invoking toplevel() on ptolemy.moml.MoMLSimpleApplication@6d3c10a9
reloadAllAccessors: .broken

===========================================================================================
----------------- testing Fri Jul 05 04:51:48 UTC 2019 /home/travis/build/icyphy/ptII/ptolemy/actor/lib/test/auto/LevelCrossTest5.xml
----------------- Instantiating /home/travis/build/icyphy/ptII/ptolemy/actor/lib/test/auto/LevelCrossTest5.xml
5 ms. Memory: 559104K Free: 197353K (35%)
----------------- Invoking toplevel() on ptolemy.moml.MoMLSimpleApplication@14c89e63
----------------- Done invoking toplevel() on ptolemy.moml.MoMLSimpleApplication@14c89e63
reloadAllAccessors: .LevelCrossTest5

===========================================================================================
----------------- testing Fri Jul 05 04:51:48 UTC 2019 /home/travis/build/icyphy/ptII/ptolemy/actor/lib/test/auto/LevelCrossTest6.xml
----------------- Instantiating /home/travis/build/icyphy/ptII/ptolemy/actor/lib/test/auto/LevelCrossTest6.xml
1 ms. Memory: 559104K Free: 189671K (34%)
----------------- Invoking toplevel() on ptolemy.moml.MoMLSimpleApplication@216c0bf0
----------------- Done invoking toplevel() on ptolemy.moml.MoMLSimpleApplication@216c0bf0
reloadAllAccessors: .LevelCrossTest6

===========================================================================================
----------------- testing Fri Jul 05 04:51:48 UTC 2019 /home/travis/build/icyphy/ptII/ptolemy/actor/lib/test/auto/LevelCrossTest7.xml
----------------- Instantiating /home/travis/build/icyphy/ptII/ptolemy/actor/lib/test/auto/LevelCrossTest7.xml
2 ms. Memory: 559104K Free: 182473K (33%)
----------------- Invoking toplevel() on ptolemy.moml.MoMLSimpleApplication@63eaac1a
----------------- Done invoking toplevel() on ptolemy.moml.MoMLSimpleApplication@63eaac1a
reloadAllAccessors: .LevelCrossTest7

===========================================================================================
----------------- testing Fri Jul 05 04:51:48 UTC 2019 /home/travis/build/icyphy/ptII/ptolemy/actor/lib/test/auto/LevelCrossTest8.xml
----------------- Instantiating /home/travis/build/icyphy/ptII/ptolemy/actor/lib/test/auto/LevelCrossTest8.xml
1 ms. Memory: 559104K Free: 506374K (91%)
----------------- Invoking toplevel() on ptolemy.moml.MoMLSimpleApplication@5883eff1
----------------- Done invoking toplevel() on ptolemy.moml.MoMLSimpleApplication@5883eff1
reloadAllAccessors: .LevelCrossTest8

===========================================================================================
----------------- testing Fri Jul 05 04:51:48 UTC 2019 /home/travis/build/icyphy/ptII/ptolemy/actor/lib/test/auto/LevelCrossTest9.xml
----------------- Instantiating /home/travis/build/icyphy/ptII/ptolemy/actor/lib/test/auto/LevelCrossTest9.xml
11 ms. Memory: 559104K Free: 498726K (89%)
----------------- Invoking toplevel() on ptolemy.moml.MoMLSimpleApplication@3b68c246
----------------- Done invoking toplevel() on ptolemy.moml.MoMLSimpleApplication@3b68c246
reloadAllAccessors: .LevelCrossTest9

===========================================================================================
----------------- testing Fri Jul 05 04:51:48 UTC 2019 /home/travis/build/icyphy/ptII/ptolemy/actor/lib/test/auto/LevinsonDurbin.xml
----------------- Instantiating /home/travis/build/icyphy/ptII/ptolemy/actor/lib/test/auto/LevinsonDurbin.xml
2 ms. Memory: 559104K Free: 494630K (88%)
----------------- Invoking toplevel() on ptolemy.moml.MoMLSimpleApplication@65a1524b
----------------- Done invoking toplevel() on ptolemy.moml.MoMLSimpleApplication@65a1524b
reloadAllAccessors: .LevinsonDurbin

===========================================================================================
----------------- testing Fri Jul 05 04:51:48 UTC 2019 /home/travis/build/icyphy/ptII/ptolemy/actor/lib/test/auto/LevinsonDurbin2.xml
----------------- Instantiating /home/travis/build/icyphy/ptII/ptolemy/actor/lib/test/auto/LevinsonDurbin2.xml
3 ms. Memory: 559104K Free: 490534K (88%)
----------------- Invoking toplevel() on ptolemy.moml.MoMLSimpleApplication@20d29a3b
----------------- Done invoking toplevel() on ptolemy.moml.MoMLSimpleApplication@20d29a3b
reloadAllAccessors: .LevinsonDurbin2

===========================================================================================
----------------- testing Fri Jul 05 04:51:48 UTC 2019 /home/travis/build/icyphy/ptII/ptolemy/actor/lib/test/auto/LevinsonDurbin3.xml
----------------- Instantiating /home/travis/build/icyphy/ptII/ptolemy/actor/lib/test/auto/LevinsonDurbin3.xml
2 ms. Memory: 559104K Free: 486438K (87%)
----------------- Invoking toplevel() on ptolemy.moml.MoMLSimpleApplication@412194b0
----------------- Done invoking toplevel() on ptolemy.moml.MoMLSimpleApplication@412194b0
reloadAllAccessors: .LevinsonDurbin3

===========================================================================================
----------------- testing Fri Jul 05 04:51:48 UTC 2019 /home/travis/build/icyphy/ptII/ptolemy/actor/lib/test/auto/Limiter.xml
----------------- Instantiating /home/travis/build/icyphy/ptII/ptolemy/actor/lib/test/auto/Limiter.xml
5 ms. Memory: 559104K Free: 477222K (85%)
----------------- Invoking toplevel() on ptolemy.moml.MoMLSimpleApplication@4fc3584f
----------------- Done invoking toplevel() on ptolemy.moml.MoMLSimpleApplication@4fc3584f
reloadAllAccessors: .Limiter

===========================================================================================
----------------- testing Fri Jul 05 04:51:48 UTC 2019 /home/travis/build/icyphy/ptII/ptolemy/actor/lib/test/auto/LinearDifferenceEquationSystem.xml
----------------- Instantiating /home/travis/build/icyphy/ptII/ptolemy/actor/lib/test/auto/LinearDifferenceEquationSystem.xml
5 ms. Memory: 559104K Free: 470054K (84%)
----------------- Invoking toplevel() on ptolemy.moml.MoMLSimpleApplication@c600854
----------------- Done invoking toplevel() on ptolemy.moml.MoMLSimpleApplication@c600854
reloadAllAccessors: .LinearDifferenceEquationSystem

===========================================================================================
----------------- testing Fri Jul 05 04:51:48 UTC 2019 /home/travis/build/icyphy/ptII/ptolemy/actor/lib/test/auto/LookupTable.xml
----------------- Instantiating /home/travis/build/icyphy/ptII/ptolemy/actor/lib/test/auto/LookupTable.xml
1 ms. Memory: 559104K Free: 465444K (83%)
----------------- Invoking toplevel() on ptolemy.moml.MoMLSimpleApplication@1cfe1adb
----------------- Done invoking toplevel() on ptolemy.moml.MoMLSimpleApplication@1cfe1adb
reloadAllAccessors: .LookupTable

===========================================================================================
----------------- testing Fri Jul 05 04:51:48 UTC 2019 /home/travis/build/icyphy/ptII/ptolemy/actor/lib/test/auto/MathFunction.xml
----------------- Instantiating /home/travis/build/icyphy/ptII/ptolemy/actor/lib/test/auto/MathFunction.xml
10 ms. Memory: 559104K Free: 457252K (82%)
----------------- Invoking toplevel() on ptolemy.moml.MoMLSimpleApplication@643ed203
----------------- Done invoking toplevel() on ptolemy.moml.MoMLSimpleApplication@643ed203
reloadAllAccessors: .MathFunction

===========================================================================================
----------------- testing Fri Jul 05 04:51:49 UTC 2019 /home/travis/build/icyphy/ptII/ptolemy/actor/lib/test/auto/MathFunction2.xml
----------------- Instantiating /home/travis/build/icyphy/ptII/ptolemy/actor/lib/test/auto/MathFunction2.xml
1 ms. Memory: 559104K Free: 453156K (81%)
----------------- Invoking toplevel() on ptolemy.moml.MoMLSimpleApplication@4b2975ff
----------------- Done invoking toplevel() on ptolemy.moml.MoMLSimpleApplication@4b2975ff
reloadAllAccessors: .MathFunction2

===========================================================================================
----------------- testing Fri Jul 05 04:51:49 UTC 2019 /home/travis/build/icyphy/ptII/ptolemy/actor/lib/test/auto/MathFunction3.xml
----------------- Instantiating /home/travis/build/icyphy/ptII/ptolemy/actor/lib/test/auto/MathFunction3.xml
7 ms. Memory: 559104K Free: 445988K (80%)
----------------- Invoking toplevel() on ptolemy.moml.MoMLSimpleApplication@4cd01393
----------------- Done invoking toplevel() on ptolemy.moml.MoMLSimpleApplication@4cd01393
reloadAllAccessors: .MathFunction3

===========================================================================================
----------------- testing Fri Jul 05 04:51:49 UTC 2019 /home/travis/build/icyphy/ptII/ptolemy/actor/lib/test/auto/MatrixCropBoolean.xml
----------------- Instantiating /home/travis/build/icyphy/ptII/ptolemy/actor/lib/test/auto/MatrixCropBoolean.xml
3 ms. Memory: 559104K Free: 441382K (79%)
----------------- Invoking toplevel() on ptolemy.moml.MoMLSimpleApplication@27db9ce5
----------------- Done invoking toplevel() on ptolemy.moml.MoMLSimpleApplication@27db9ce5
reloadAllAccessors: .MatrixCropBoolean

===========================================================================================
----------------- testing Fri Jul 05 04:51:49 UTC 2019 /home/travis/build/icyphy/ptII/ptolemy/actor/lib/test/auto/MatrixCropComplex.xml
----------------- Instantiating /home/travis/build/icyphy/ptII/ptolemy/actor/lib/test/auto/MatrixCropComplex.xml
2 ms. Memory: 559104K Free: 436766K (78%)
----------------- Invoking toplevel() on ptolemy.moml.MoMLSimpleApplication@4ebbed3e
----------------- Done invoking toplevel() on ptolemy.moml.MoMLSimpleApplication@4ebbed3e
reloadAllAccessors: .MatrixCropComplex

===========================================================================================
----------------- testing Fri Jul 05 04:51:49 UTC 2019 /home/travis/build/icyphy/ptII/ptolemy/actor/lib/test/auto/MatrixCropDouble.xml
----------------- Instantiating /home/travis/build/icyphy/ptII/ptolemy/actor/lib/test/auto/MatrixCropDouble.xml
3 ms. Memory: 559104K Free: 431638K (77%)
----------------- Invoking toplevel() on ptolemy.moml.MoMLSimpleApplication@61cf9404
----------------- Done invoking toplevel() on ptolemy.moml.MoMLSimpleApplication@61cf9404
reloadAllAccessors: .MatrixCropDouble

===========================================================================================
----------------- testing Fri Jul 05 04:51:49 UTC 2019 /home/travis/build/icyphy/ptII/ptolemy/actor/lib/test/auto/MatrixCropFix.xml
----------------- Instantiating /home/travis/build/icyphy/ptII/ptolemy/actor/lib/test/auto/MatrixCropFix.xml
5 ms. Memory: 559104K Free: 426502K (76%)
----------------- Invoking toplevel() on ptolemy.moml.MoMLSimpleApplication@71ea2f28
----------------- Done invoking toplevel() on ptolemy.moml.MoMLSimpleApplication@71ea2f28
reloadAllAccessors: .MatrixCropFix

===========================================================================================
----------------- testing Fri Jul 05 04:51:49 UTC 2019 /home/travis/build/icyphy/ptII/ptolemy/actor/lib/test/auto/MatrixCropInt.xml
----------------- Instantiating /home/travis/build/icyphy/ptII/ptolemy/actor/lib/test/auto/MatrixCropInt.xml
3 ms. Memory: 559104K Free: 421398K (75%)
----------------- Invoking toplevel() on ptolemy.moml.MoMLSimpleApplication@6eb9ed7c
----------------- Done invoking toplevel() on ptolemy.moml.MoMLSimpleApplication@6eb9ed7c
reloadAllAccessors: .MatrixCropInt

===========================================================================================
----------------- testing Fri Jul 05 04:51:49 UTC 2019 /home/travis/build/icyphy/ptII/ptolemy/actor/lib/test/auto/MatrixCropLong.xml
----------------- Instantiating /home/travis/build/icyphy/ptII/ptolemy/actor/lib/test/auto/MatrixCropLong.xml
2 ms. Memory: 559104K Free: 416262K (74%)
----------------- Invoking toplevel() on ptolemy.moml.MoMLSimpleApplication@54400e69
----------------- Done invoking toplevel() on ptolemy.moml.MoMLSimpleApplication@54400e69
reloadAllAccessors: .MatrixCropLong

===========================================================================================
----------------- testing Fri Jul 05 04:51:49 UTC 2019 /home/travis/build/icyphy/ptII/ptolemy/actor/lib/test/auto/MatrixToArray.xml
----------------- Instantiating /home/travis/build/icyphy/ptII/ptolemy/actor/lib/test/auto/MatrixToArray.xml
7 ms. Memory: 559104K Free: 401446K (72%)
----------------- Invoking toplevel() on ptolemy.moml.MoMLSimpleApplication@741556d5
----------------- Done invoking toplevel() on ptolemy.moml.MoMLSimpleApplication@741556d5
reloadAllAccessors: .MatrixToArray

===========================================================================================
----------------- testing Fri Jul 05 04:51:49 UTC 2019 /home/travis/build/icyphy/ptII/ptolemy/actor/lib/test/auto/MaxIndex.xml
----------------- Instantiating /home/travis/build/icyphy/ptII/ptolemy/actor/lib/test/auto/MaxIndex.xml
2 ms. Memory: 559104K Free: 396326K (71%)
----------------- Invoking toplevel() on ptolemy.moml.MoMLSimpleApplication@6d92a1aa
----------------- Done invoking toplevel() on ptolemy.moml.MoMLSimpleApplication@6d92a1aa
reloadAllAccessors: .MaxIndex

===========================================================================================
----------------- testing Fri Jul 05 04:51:49 UTC 2019 /home/travis/build/icyphy/ptII/ptolemy/actor/lib/test/auto/Maximum.xml
----------------- Instantiating /home/travis/build/icyphy/ptII/ptolemy/actor/lib/test/auto/Maximum.xml
4 ms. Memory: 559104K Free: 389638K (70%)
----------------- Invoking toplevel() on ptolemy.moml.MoMLSimpleApplication@2fe8d3a6
----------------- Done invoking toplevel() on ptolemy.moml.MoMLSimpleApplication@2fe8d3a6
reloadAllAccessors: .Maximum

===========================================================================================
----------------- testing Fri Jul 05 04:51:49 UTC 2019 /home/travis/build/icyphy/ptII/ptolemy/actor/lib/test/auto/MaximumComplex.xml
----------------- Instantiating /home/travis/build/icyphy/ptII/ptolemy/actor/lib/test/auto/MaximumComplex.xml
6 ms. Memory: 559104K Free: 383494K (69%)
----------------- Invoking toplevel() on ptolemy.moml.MoMLSimpleApplication@1b87942d
----------------- Done invoking toplevel() on ptolemy.moml.MoMLSimpleApplication@1b87942d
reloadAllAccessors: .MaximumComplex

===========================================================================================
----------------- testing Fri Jul 05 04:51:49 UTC 2019 /home/travis/build/icyphy/ptII/ptolemy/actor/lib/test/auto/MethodCallTest.xml
----------------- Instantiating /home/travis/build/icyphy/ptII/ptolemy/actor/lib/test/auto/MethodCallTest.xml
2 ms. Memory: 559104K Free: 376870K (67%)
----------------- Invoking toplevel() on ptolemy.moml.MoMLSimpleApplication@6870a828
----------------- Done invoking toplevel() on ptolemy.moml.MoMLSimpleApplication@6870a828
reloadAllAccessors: .MethodCallTest

===========================================================================================
----------------- testing Fri Jul 05 04:51:49 UTC 2019 /home/travis/build/icyphy/ptII/ptolemy/actor/lib/test/auto/Minimum.xml
----------------- Instantiating /home/travis/build/icyphy/ptII/ptolemy/actor/lib/test/auto/Minimum.xml
3 ms. Memory: 559104K Free: 370726K (66%)
----------------- Invoking toplevel() on ptolemy.moml.MoMLSimpleApplication@51596215
----------------- Done invoking toplevel() on ptolemy.moml.MoMLSimpleApplication@51596215
reloadAllAccessors: .Minimum

===========================================================================================
----------------- testing Fri Jul 05 04:51:49 UTC 2019 /home/travis/build/icyphy/ptII/ptolemy/actor/lib/test/auto/MinimumComplex.xml
----------------- Instantiating /home/travis/build/icyphy/ptII/ptolemy/actor/lib/test/auto/MinimumComplex.xml
4 ms. Memory: 559104K Free: 364582K (65%)
----------------- Invoking toplevel() on ptolemy.moml.MoMLSimpleApplication@62114ad6
----------------- Done invoking toplevel() on ptolemy.moml.MoMLSimpleApplication@62114ad6
reloadAllAccessors: .MinimumComplex

===========================================================================================
----------------- testing Fri Jul 05 04:51:49 UTC 2019 /home/travis/build/icyphy/ptII/ptolemy/actor/lib/test/auto/MinimumMultiports.xml
----------------- Instantiating /home/travis/build/icyphy/ptII/ptolemy/actor/lib/test/auto/MinimumMultiports.xml
5 ms. Memory: 559104K Free: 355870K (64%)
----------------- Invoking toplevel() on ptolemy.moml.MoMLSimpleApplication@1a87e5b0
----------------- Done invoking toplevel() on ptolemy.moml.MoMLSimpleApplication@1a87e5b0
reloadAllAccessors: .MinimumMultiports

===========================================================================================
----------------- testing Fri Jul 05 04:51:49 UTC 2019 /home/travis/build/icyphy/ptII/ptolemy/actor/lib/test/auto/ModifyDate.xml
----------------- Instantiating /home/travis/build/icyphy/ptII/ptolemy/actor/lib/test/auto/ModifyDate.xml
11 ms. Memory: 559104K Free: 343078K (61%)
----------------- Invoking toplevel() on ptolemy.moml.MoMLSimpleApplication@2cc4828d
----------------- Done invoking toplevel() on ptolemy.moml.MoMLSimpleApplication@2cc4828d
reloadAllAccessors: .ModifyDate

===========================================================================================
----------------- testing Fri Jul 05 04:51:49 UTC 2019 /home/travis/build/icyphy/ptII/ptolemy/actor/lib/test/auto/ModifyDate2.xml
----------------- Instantiating /home/travis/build/icyphy/ptII/ptolemy/actor/lib/test/auto/ModifyDate2.xml
3 ms. Memory: 559104K Free: 334372K (60%)
----------------- Invoking toplevel() on ptolemy.moml.MoMLSimpleApplication@4ad53e43
----------------- Done invoking toplevel() on ptolemy.moml.MoMLSimpleApplication@4ad53e43
reloadAllAccessors: .ModifyDate2

===========================================================================================
----------------- testing Fri Jul 05 04:51:49 UTC 2019 /home/travis/build/icyphy/ptII/ptolemy/actor/lib/test/auto/MovingAverage.xml
----------------- Instantiating /home/travis/build/icyphy/ptII/ptolemy/actor/lib/test/auto/MovingAverage.xml
2 ms. Memory: 559104K Free: 329252K (59%)
----------------- Invoking toplevel() on ptolemy.moml.MoMLSimpleApplication@4e0090e1
----------------- Done invoking toplevel() on ptolemy.moml.MoMLSimpleApplication@4e0090e1
reloadAllAccessors: .MovingAverage

===========================================================================================
----------------- testing Fri Jul 05 04:51:49 UTC 2019 /home/travis/build/icyphy/ptII/ptolemy/actor/lib/test/auto/MovingMaximum.xml
----------------- Instantiating /home/travis/build/icyphy/ptII/ptolemy/actor/lib/test/auto/MovingMaximum.xml
2 ms. Memory: 559104K Free: 324646K (58%)
----------------- Invoking toplevel() on ptolemy.moml.MoMLSimpleApplication@381dc5e2
----------------- Done invoking toplevel() on ptolemy.moml.MoMLSimpleApplication@381dc5e2
reloadAllAccessors: .MovingMaximum

===========================================================================================
----------------- testing Fri Jul 05 04:51:49 UTC 2019 /home/travis/build/icyphy/ptII/ptolemy/actor/lib/test/auto/MultipleLinksToSameRelation.xml
----------------- Instantiating /home/travis/build/icyphy/ptII/ptolemy/actor/lib/test/auto/MultipleLinksToSameRelation.xml
6 ms. Memory: 559104K Free: 320550K (57%)
----------------- Invoking toplevel() on ptolemy.moml.MoMLSimpleApplication@2f515395
----------------- Done invoking toplevel() on ptolemy.moml.MoMLSimpleApplication@2f515395
reloadAllAccessors: .MultipleLinksToSameRelation

===========================================================================================
----------------- testing Fri Jul 05 04:51:49 UTC 2019 /home/travis/build/icyphy/ptII/ptolemy/actor/lib/test/auto/MultipleLinksToSameRelationDE.xml
----------------- Instantiating /home/travis/build/icyphy/ptII/ptolemy/actor/lib/test/auto/MultipleLinksToSameRelationDE.xml
2 ms. Memory: 559104K Free: 315926K (57%)
----------------- Invoking toplevel() on ptolemy.moml.MoMLSimpleApplication@482052c
----------------- Done invoking toplevel() on ptolemy.moml.MoMLSimpleApplication@482052c
reloadAllAccessors: .MultipleLinksToSameRelationDE

===========================================================================================
----------------- testing Fri Jul 05 04:51:49 UTC 2019 /home/travis/build/icyphy/ptII/ptolemy/actor/lib/test/auto/Multiplexor.xml
----------------- Instantiating /home/travis/build/icyphy/ptII/ptolemy/actor/lib/test/auto/Multiplexor.xml
2 ms. Memory: 559104K Free: 310820K (56%)
----------------- Invoking toplevel() on ptolemy.moml.MoMLSimpleApplication@3d175a1c
----------------- Done invoking toplevel() on ptolemy.moml.MoMLSimpleApplication@3d175a1c
reloadAllAccessors: .Multiplexor

===========================================================================================
----------------- testing Fri Jul 05 04:51:49 UTC 2019 /home/travis/build/icyphy/ptII/ptolemy/actor/lib/test/auto/Multiplexor1.xml
----------------- Instantiating /home/travis/build/icyphy/ptII/ptolemy/actor/lib/test/auto/Multiplexor1.xml
2 ms. Memory: 559104K Free: 304646K (54%)
----------------- Invoking toplevel() on ptolemy.moml.MoMLSimpleApplication@2386e5ea
----------------- Done invoking toplevel() on ptolemy.moml.MoMLSimpleApplication@2386e5ea
reloadAllAccessors: .Multiplexor1

===========================================================================================
----------------- testing Fri Jul 05 04:51:49 UTC 2019 /home/travis/build/icyphy/ptII/ptolemy/actor/lib/test/auto/Multiplexor2.xml
----------------- Instantiating /home/travis/build/icyphy/ptII/ptolemy/actor/lib/test/auto/Multiplexor2.xml
2 ms. Memory: 559104K Free: 298022K (53%)
----------------- Invoking toplevel() on ptolemy.moml.MoMLSimpleApplication@5e4c1458
----------------- Done invoking toplevel() on ptolemy.moml.MoMLSimpleApplication@5e4c1458
reloadAllAccessors: .Multiplexor2

===========================================================================================
----------------- testing Fri Jul 05 04:51:49 UTC 2019 /home/travis/build/icyphy/ptII/ptolemy/actor/lib/test/auto/Multiplexor3.xml
----------------- Instantiating /home/travis/build/icyphy/ptII/ptolemy/actor/lib/test/auto/Multiplexor3.xml
2 ms. Memory: 559104K Free: 293926K (53%)
----------------- Invoking toplevel() on ptolemy.moml.MoMLSimpleApplication@10d4a8ba
----------------- Done invoking toplevel() on ptolemy.moml.MoMLSimpleApplication@10d4a8ba
reloadAllAccessors: .Multiplexor3

===========================================================================================
----------------- testing Fri Jul 05 04:51:49 UTC 2019 /home/travis/build/icyphy/ptII/ptolemy/actor/lib/test/auto/MultiplexorDE.xml
----------------- Instantiating /home/travis/build/icyphy/ptII/ptolemy/actor/lib/test/auto/MultiplexorDE.xml
2 ms. Memory: 559104K Free: 286214K (51%)
----------------- Invoking toplevel() on ptolemy.moml.MoMLSimpleApplication@44fdbe5a
----------------- Done invoking toplevel() on ptolemy.moml.MoMLSimpleApplication@44fdbe5a
reloadAllAccessors: .MultiplexorDE

===========================================================================================
----------------- testing Fri Jul 05 04:51:49 UTC 2019 /home/travis/build/icyphy/ptII/ptolemy/actor/lib/test/auto/MultiportBroadcastTest.xml
----------------- Instantiating /home/travis/build/icyphy/ptII/ptolemy/actor/lib/test/auto/MultiportBroadcastTest.xml
85 ms. Memory: 559104K Free: 280084K (50%)
----------------- Invoking toplevel() on ptolemy.moml.MoMLSimpleApplication@240934e8
----------------- Done invoking toplevel() on ptolemy.moml.MoMLSimpleApplication@240934e8
reloadAllAccessors: .MultiportBroadcastTest

===========================================================================================
----------------- testing Fri Jul 05 04:51:49 UTC 2019 /home/travis/build/icyphy/ptII/ptolemy/actor/lib/test/auto/MultiportOutHangDuringGetWidth.xml
----------------- Instantiating /home/travis/build/icyphy/ptII/ptolemy/actor/lib/test/auto/MultiportOutHangDuringGetWidth.xml
6 ms. Memory: 559104K Free: 268326K (48%)
----------------- Invoking toplevel() on ptolemy.moml.MoMLSimpleApplication@3709b1f5
----------------- Done invoking toplevel() on ptolemy.moml.MoMLSimpleApplication@3709b1f5
reloadAllAccessors: .MultiportOutHangDuringGetWidth

===========================================================================================
----------------- testing Fri Jul 05 04:51:49 UTC 2019 /home/travis/build/icyphy/ptII/ptolemy/actor/lib/test/auto/NilToken.xml
----------------- Instantiating /home/travis/build/icyphy/ptII/ptolemy/actor/lib/test/auto/NilToken.xml
2 ms. Memory: 559104K Free: 264230K (47%)
----------------- Invoking toplevel() on ptolemy.moml.MoMLSimpleApplication@1513fdc3
----------------- Done invoking toplevel() on ptolemy.moml.MoMLSimpleApplication@1513fdc3
reloadAllAccessors: .NilToken

===========================================================================================
----------------- testing Fri Jul 05 04:51:49 UTC 2019 /home/travis/build/icyphy/ptII/ptolemy/actor/lib/test/auto/NilTokenNonStrictTest.xml
----------------- Instantiating /home/travis/build/icyphy/ptII/ptolemy/actor/lib/test/auto/NilTokenNonStrictTest.xml
3 ms. Memory: 559104K Free: 259620K (46%)
----------------- Invoking toplevel() on ptolemy.moml.MoMLSimpleApplication@73115a6d
----------------- Done invoking toplevel() on ptolemy.moml.MoMLSimpleApplication@73115a6d
reloadAllAccessors: .NilTokenNonStrictTest

===========================================================================================
----------------- testing Fri Jul 05 04:51:49 UTC 2019 /home/travis/build/icyphy/ptII/ptolemy/actor/lib/test/auto/NilTokenRecord.xml
----------------- Instantiating /home/travis/build/icyphy/ptII/ptolemy/actor/lib/test/auto/NilTokenRecord.xml
14 ms. Memory: 559104K Free: 252966K (45%)
----------------- Invoking toplevel() on ptolemy.moml.MoMLSimpleApplication@2477547e
----------------- Done invoking toplevel() on ptolemy.moml.MoMLSimpleApplication@2477547e
reloadAllAccessors: .NilTokenRecord

===========================================================================================
----------------- testing Fri Jul 05 04:51:49 UTC 2019 /home/travis/build/icyphy/ptII/ptolemy/actor/lib/test/auto/NilTokenTypeTest.xml
----------------- Instantiating /home/travis/build/icyphy/ptII/ptolemy/actor/lib/test/auto/NilTokenTypeTest.xml
4 ms. Memory: 559104K Free: 243236K (44%)
----------------- Invoking toplevel() on ptolemy.moml.MoMLSimpleApplication@643722a9
----------------- Done invoking toplevel() on ptolemy.moml.MoMLSimpleApplication@643722a9
reloadAllAccessors: .NilTokenTypeTest

===========================================================================================
----------------- testing Fri Jul 05 04:51:49 UTC 2019 /home/travis/build/icyphy/ptII/ptolemy/actor/lib/test/auto/ObjectToken1.xml
----------------- Instantiating /home/travis/build/icyphy/ptII/ptolemy/actor/lib/test/auto/ObjectToken1.xml
3 ms. Memory: 559104K Free: 239140K (43%)
----------------- Invoking toplevel() on ptolemy.moml.MoMLSimpleApplication@6642d43
----------------- Done invoking toplevel() on ptolemy.moml.MoMLSimpleApplication@6642d43
reloadAllAccessors: .ObjectToken1

===========================================================================================
----------------- testing Fri Jul 05 04:51:50 UTC 2019 /home/travis/build/icyphy/ptII/ptolemy/actor/lib/test/auto/OrderedMerge.xml
----------------- Instantiating /home/travis/build/icyphy/ptII/ptolemy/actor/lib/test/auto/OrderedMerge.xml
13 ms. Memory: 559104K Free: 233510K (42%)
----------------- Invoking toplevel() on ptolemy.moml.MoMLSimpleApplication@531b03f
----------------- Done invoking toplevel() on ptolemy.moml.MoMLSimpleApplication@531b03f
reloadAllAccessors: .OrderedMerge

===========================================================================================
----------------- testing Fri Jul 05 04:51:50 UTC 2019 /home/travis/build/icyphy/ptII/ptolemy/actor/lib/test/auto/OrderedRecordDisassembler.xml
----------------- Instantiating /home/travis/build/icyphy/ptII/ptolemy/actor/lib/test/auto/OrderedRecordDisassembler.xml
3 ms. Memory: 559104K Free: 228390K (41%)
----------------- Invoking toplevel() on ptolemy.moml.MoMLSimpleApplication@53130bd0
----------------- Done invoking toplevel() on ptolemy.moml.MoMLSimpleApplication@53130bd0
reloadAllAccessors: .OrderedRecordDisassembler

===========================================================================================
----------------- testing Fri Jul 05 04:51:50 UTC 2019 /home/travis/build/icyphy/ptII/ptolemy/actor/lib/test/auto/OrderedRecordDisassembler2.xml
----------------- Instantiating /home/travis/build/icyphy/ptII/ptolemy/actor/lib/test/auto/OrderedRecordDisassembler2.xml
5 ms. Memory: 559104K Free: 220694K (39%)
----------------- Invoking toplevel() on ptolemy.moml.MoMLSimpleApplication@28ff97dc
----------------- Done invoking toplevel() on ptolemy.moml.MoMLSimpleApplication@28ff97dc
reloadAllAccessors: .OrderedRecordDisassembler2

===========================================================================================
----------------- testing Fri Jul 05 04:51:50 UTC 2019 /home/travis/build/icyphy/ptII/ptolemy/actor/lib/test/auto/OrderedRecordUpdater.xml
----------------- Instantiating /home/travis/build/icyphy/ptII/ptolemy/actor/lib/test/auto/OrderedRecordUpdater.xml
2 ms. Memory: 559104K Free: 215588K (39%)
----------------- Invoking toplevel() on ptolemy.moml.MoMLSimpleApplication@5e381ae6
----------------- Done invoking toplevel() on ptolemy.moml.MoMLSimpleApplication@5e381ae6
reloadAllAccessors: .RecordUpdater

===========================================================================================
----------------- testing Fri Jul 05 04:51:50 UTC 2019 /home/travis/build/icyphy/ptII/ptolemy/actor/lib/test/auto/OrderedRecordUpdater2.xml
----------------- Instantiating /home/travis/build/icyphy/ptII/ptolemy/actor/lib/test/auto/OrderedRecordUpdater2.xml
3 ms. Memory: 559104K Free: 210982K (38%)
----------------- Invoking toplevel() on ptolemy.moml.MoMLSimpleApplication@61d8deed
----------------- Done invoking toplevel() on ptolemy.moml.MoMLSimpleApplication@61d8deed
reloadAllAccessors: .RecordUpdater2

===========================================================================================
----------------- testing Fri Jul 05 04:51:50 UTC 2019 /home/travis/build/icyphy/ptII/ptolemy/actor/lib/test/auto/PhaseUnwrap.xml
----------------- Instantiating /home/travis/build/icyphy/ptII/ptolemy/actor/lib/test/auto/PhaseUnwrap.xml
2 ms. Memory: 559104K Free: 206372K (37%)
----------------- Invoking toplevel() on ptolemy.moml.MoMLSimpleApplication@5fcef27d
----------------- Done invoking toplevel() on ptolemy.moml.MoMLSimpleApplication@5fcef27d
reloadAllAccessors: .PhaseUnwrap

===========================================================================================
----------------- testing Fri Jul 05 04:51:50 UTC 2019 /home/travis/build/icyphy/ptII/ptolemy/actor/lib/test/auto/PoissonClock.xml
----------------- Instantiating /home/travis/build/icyphy/ptII/ptolemy/actor/lib/test/auto/PoissonClock.xml
1 ms. Memory: 559104K Free: 202276K (36%)
----------------- Invoking toplevel() on ptolemy.moml.MoMLSimpleApplication@4032540
----------------- Done invoking toplevel() on ptolemy.moml.MoMLSimpleApplication@4032540
reloadAllAccessors: .PoissonClock

===========================================================================================
----------------- testing Fri Jul 05 04:51:50 UTC 2019 /home/travis/build/icyphy/ptII/ptolemy/actor/lib/test/auto/PoissonClock2.xml
----------------- Instantiating /home/travis/build/icyphy/ptII/ptolemy/actor/lib/test/auto/PoissonClock2.xml
1 ms. Memory: 559104K Free: 197670K (35%)
----------------- Invoking toplevel() on ptolemy.moml.MoMLSimpleApplication@3b9e19b6
----------------- Done invoking toplevel() on ptolemy.moml.MoMLSimpleApplication@3b9e19b6
reloadAllAccessors: .PoissonClock2

===========================================================================================
----------------- testing Fri Jul 05 04:51:50 UTC 2019 /home/travis/build/icyphy/ptII/ptolemy/actor/lib/test/auto/PoissonClock3.xml
----------------- Instantiating /home/travis/build/icyphy/ptII/ptolemy/actor/lib/test/auto/PoissonClock3.xml
2 ms. Memory: 559104K Free: 192550K (34%)
----------------- Invoking toplevel() on ptolemy.moml.MoMLSimpleApplication@1624212d
----------------- Done invoking toplevel() on ptolemy.moml.MoMLSimpleApplication@1624212d
reloadAllAccessors: .PoissonClock3

===========================================================================================
----------------- testing Fri Jul 05 04:51:50 UTC 2019 /home/travis/build/icyphy/ptII/ptolemy/actor/lib/test/auto/PubSubWithInitialTokens.xml
----------------- Instantiating /home/travis/build/icyphy/ptII/ptolemy/actor/lib/test/auto/PubSubWithInitialTokens.xml
3 ms. Memory: 559104K Free: 186910K (33%)
----------------- Invoking toplevel() on ptolemy.moml.MoMLSimpleApplication@54bac0f7
----------------- Done invoking toplevel() on ptolemy.moml.MoMLSimpleApplication@54bac0f7
reloadAllAccessors: .PubSubWithInitialTokens

===========================================================================================
----------------- testing Fri Jul 05 04:51:50 UTC 2019 /home/travis/build/icyphy/ptII/ptolemy/actor/lib/test/auto/PubSubWithInitialTokens2.xml
----------------- Instantiating /home/travis/build/icyphy/ptII/ptolemy/actor/lib/test/auto/PubSubWithInitialTokens2.xml
6 ms. Memory: 559104K Free: 180766K (32%)
----------------- Invoking toplevel() on ptolemy.moml.MoMLSimpleApplication@4f9f0e27
----------------- Done invoking toplevel() on ptolemy.moml.MoMLSimpleApplication@4f9f0e27
reloadAllAccessors: .PubSubWithInitialTokens2

===========================================================================================
----------------- testing Fri Jul 05 04:51:50 UTC 2019 /home/travis/build/icyphy/ptII/ptolemy/actor/lib/test/auto/PublisherClassNoParameter.xml
----------------- Instantiating /home/travis/build/icyphy/ptII/ptolemy/actor/lib/test/auto/PublisherClassNoParameter.xml
2 ms. Memory: 559104K Free: 503116K (90%)
----------------- Invoking toplevel() on ptolemy.moml.MoMLSimpleApplication@1b03d601
----------------- Done invoking toplevel() on ptolemy.moml.MoMLSimpleApplication@1b03d601
reloadAllAccessors: .PublisherClassNoParameter

===========================================================================================
----------------- testing Fri Jul 05 04:51:50 UTC 2019 /home/travis/build/icyphy/ptII/ptolemy/actor/lib/test/auto/PublisherClassParameter.xml
----------------- Instantiating /home/travis/build/icyphy/ptII/ptolemy/actor/lib/test/auto/PublisherClassParameter.xml
3 ms. Memory: 559104K Free: 492362K (88%)
----------------- Invoking toplevel() on ptolemy.moml.MoMLSimpleApplication@75e9b91a
----------------- Done invoking toplevel() on ptolemy.moml.MoMLSimpleApplication@75e9b91a
reloadAllAccessors: .PublisherClassParameter

===========================================================================================
----------------- testing Fri Jul 05 04:51:50 UTC 2019 /home/travis/build/icyphy/ptII/ptolemy/actor/lib/test/auto/PublisherNonStrictTest.xml
----------------- Instantiating /home/travis/build/icyphy/ptII/ptolemy/actor/lib/test/auto/PublisherNonStrictTest.xml
4 ms. Memory: 559104K Free: 484684K (87%)
----------------- Invoking toplevel() on ptolemy.moml.MoMLSimpleApplication@52fd9e90
----------------- Done invoking toplevel() on ptolemy.moml.MoMLSimpleApplication@52fd9e90
reloadAllAccessors: .PublisherNonStrictTest

===========================================================================================
----------------- testing Fri Jul 05 04:51:50 UTC 2019 /home/travis/build/icyphy/ptII/ptolemy/actor/lib/test/auto/PublisherPort1.xml
----------------- Instantiating /home/travis/build/icyphy/ptII/ptolemy/actor/lib/test/auto/PublisherPort1.xml
3 ms. Memory: 559104K Free: 479036K (86%)
----------------- Invoking toplevel() on ptolemy.moml.MoMLSimpleApplication@318d115d
----------------- Done invoking toplevel() on ptolemy.moml.MoMLSimpleApplication@318d115d
reloadAllAccessors: .PublisherPort1

===========================================================================================
----------------- testing Fri Jul 05 04:51:50 UTC 2019 /home/travis/build/icyphy/ptII/ptolemy/actor/lib/test/auto/PublisherPort2.xml
----------------- Instantiating /home/travis/build/icyphy/ptII/ptolemy/actor/lib/test/auto/PublisherPort2.xml
2 ms. Memory: 559104K Free: 473930K (85%)
----------------- Invoking toplevel() on ptolemy.moml.MoMLSimpleApplication@3aac58f
----------------- Done invoking toplevel() on ptolemy.moml.MoMLSimpleApplication@3aac58f
reloadAllAccessors: .PublisherPort2

===========================================================================================
----------------- testing Fri Jul 05 04:51:50 UTC 2019 /home/travis/build/icyphy/ptII/ptolemy/actor/lib/test/auto/PublisherPort3.xml
----------------- Instantiating /home/travis/build/icyphy/ptII/ptolemy/actor/lib/test/auto/PublisherPort3.xml
10 ms. Memory: 559104K Free: 467276K (84%)
----------------- Invoking toplevel() on ptolemy.moml.MoMLSimpleApplication@5f06938
----------------- Done invoking toplevel() on ptolemy.moml.MoMLSimpleApplication@5f06938
reloadAllAccessors: .PublisherPort3

===========================================================================================
----------------- testing Fri Jul 05 04:51:50 UTC 2019 /home/travis/build/icyphy/ptII/ptolemy/actor/lib/test/auto/PublisherPort4.xml
----------------- Instantiating /home/travis/build/icyphy/ptII/ptolemy/actor/lib/test/auto/PublisherPort4.xml
2 ms. Memory: 559104K Free: 461636K (83%)
----------------- Invoking toplevel() on ptolemy.moml.MoMLSimpleApplication@4df17466
----------------- Done invoking toplevel() on ptolemy.moml.MoMLSimpleApplication@4df17466
reloadAllAccessors: .PublisherPort4

===========================================================================================
----------------- testing Fri Jul 05 04:51:50 UTC 2019 /home/travis/build/icyphy/ptII/ptolemy/actor/lib/test/auto/PublisherPort5.xml
----------------- Instantiating /home/travis/build/icyphy/ptII/ptolemy/actor/lib/test/auto/PublisherPort5.xml
4 ms. Memory: 559104K Free: 453450K (81%)
----------------- Invoking toplevel() on ptolemy.moml.MoMLSimpleApplication@3e1ef98a
----------------- Done invoking toplevel() on ptolemy.moml.MoMLSimpleApplication@3e1ef98a
reloadAllAccessors: .PublisherPort5

===========================================================================================
----------------- testing Fri Jul 05 04:51:50 UTC 2019 /home/travis/build/icyphy/ptII/ptolemy/actor/lib/test/auto/PublisherPort5LookAlike.xml
----------------- Instantiating /home/travis/build/icyphy/ptII/ptolemy/actor/lib/test/auto/PublisherPort5LookAlike.xml
14 ms. Memory: 559104K Free: 445772K (80%)
----------------- Invoking toplevel() on ptolemy.moml.MoMLSimpleApplication@7f5b48b5
----------------- Done invoking toplevel() on ptolemy.moml.MoMLSimpleApplication@7f5b48b5
reloadAllAccessors: .PublisherPort5LookAlike

===========================================================================================
----------------- testing Fri Jul 05 04:51:50 UTC 2019 /home/travis/build/icyphy/ptII/ptolemy/actor/lib/test/auto/PublisherPort6.xml
----------------- Instantiating /home/travis/build/icyphy/ptII/ptolemy/actor/lib/test/auto/PublisherPort6.xml
2 ms. Memory: 559104K Free: 439108K (79%)
----------------- Invoking toplevel() on ptolemy.moml.MoMLSimpleApplication@27445137
----------------- Done invoking toplevel() on ptolemy.moml.MoMLSimpleApplication@27445137
reloadAllAccessors: .PublisherPort6

===========================================================================================
----------------- testing Fri Jul 05 04:51:50 UTC 2019 /home/travis/build/icyphy/ptII/ptolemy/actor/lib/test/auto/PublisherPort7.xml
----------------- Instantiating /home/travis/build/icyphy/ptII/ptolemy/actor/lib/test/auto/PublisherPort7.xml
4 ms. Memory: 559104K Free: 431436K (77%)
----------------- Invoking toplevel() on ptolemy.moml.MoMLSimpleApplication@6124fd1a
----------------- Done invoking toplevel() on ptolemy.moml.MoMLSimpleApplication@6124fd1a
reloadAllAccessors: .PublisherPort7

===========================================================================================
----------------- testing Fri Jul 05 04:51:50 UTC 2019 /home/travis/build/icyphy/ptII/ptolemy/actor/lib/test/auto/PublisherPort8.xml
----------------- Instantiating /home/travis/build/icyphy/ptII/ptolemy/actor/lib/test/auto/PublisherPort8.xml
5 ms. Memory: 559104K Free: 422730K (76%)
----------------- Invoking toplevel() on ptolemy.moml.MoMLSimpleApplication@73e7ed20
----------------- Done invoking toplevel() on ptolemy.moml.MoMLSimpleApplication@73e7ed20
reloadAllAccessors: .PublisherPort8

===========================================================================================
----------------- testing Fri Jul 05 04:51:50 UTC 2019 /home/travis/build/icyphy/ptII/ptolemy/actor/lib/test/auto/PublisherPortSubscriberChannelVariablesAOC2.xml
----------------- Instantiating /home/travis/build/icyphy/ptII/ptolemy/actor/lib/test/auto/PublisherPortSubscriberChannelVariablesAOC2.xml
4 ms. Memory: 559104K Free: 404812K (72%)
----------------- Invoking toplevel() on ptolemy.moml.MoMLSimpleApplication@27d599
----------------- Done invoking toplevel() on ptolemy.moml.MoMLSimpleApplication@27d599
reloadAllAccessors: .PublisherPortSubscriberChannelVariablesAOC2

===========================================================================================
----------------- testing Fri Jul 05 04:51:50 UTC 2019 /home/travis/build/icyphy/ptII/ptolemy/actor/lib/test/auto/PublisherPortSubscriberOpaqueWidthInference.xml
----------------- Instantiating /home/travis/build/icyphy/ptII/ptolemy/actor/lib/test/auto/PublisherPortSubscriberOpaqueWidthInference.xml
4 ms. Memory: 559104K Free: 397116K (71%)
----------------- Invoking toplevel() on ptolemy.moml.MoMLSimpleApplication@1492e85e
----------------- Done invoking toplevel() on ptolemy.moml.MoMLSimpleApplication@1492e85e
reloadAllAccessors: .PublisherPortSubscriberOpaqueWidthInference

===========================================================================================
----------------- testing Fri Jul 05 04:51:50 UTC 2019 /home/travis/build/icyphy/ptII/ptolemy/actor/lib/test/auto/PublisherPortSubscriberPortAdjacent.xml
----------------- Instantiating /home/travis/build/icyphy/ptII/ptolemy/actor/lib/test/auto/PublisherPortSubscriberPortAdjacent.xml
2 ms. Memory: 559104K Free: 388938K (70%)
----------------- Invoking toplevel() on ptolemy.moml.MoMLSimpleApplication@30d7714b
----------------- Done invoking toplevel() on ptolemy.moml.MoMLSimpleApplication@30d7714b
reloadAllAccessors: .PublisherPortSubscriberPortAdjacent

===========================================================================================
----------------- testing Fri Jul 05 04:51:50 UTC 2019 /home/travis/build/icyphy/ptII/ptolemy/actor/lib/test/auto/PublisherPortSubscriberPortExpression.xml
----------------- Instantiating /home/travis/build/icyphy/ptII/ptolemy/actor/lib/test/auto/PublisherPortSubscriberPortExpression.xml
4 ms. Memory: 559104K Free: 381260K (68%)
----------------- Invoking toplevel() on ptolemy.moml.MoMLSimpleApplication@2860b4ef
----------------- Done invoking toplevel() on ptolemy.moml.MoMLSimpleApplication@2860b4ef
reloadAllAccessors: .PublisherPortSubscriberPortExpression

===========================================================================================
----------------- testing Fri Jul 05 04:51:50 UTC 2019 /home/travis/build/icyphy/ptII/ptolemy/actor/lib/test/auto/PublisherPortSubscriberPortOpaqueD3Reverse.xml
----------------- Instantiating /home/travis/build/icyphy/ptII/ptolemy/actor/lib/test/auto/PublisherPortSubscriberPortOpaqueD3Reverse.xml
7 ms. Memory: 559104K Free: 371020K (66%)
----------------- Invoking toplevel() on ptolemy.moml.MoMLSimpleApplication@6bfd9df
----------------- Done invoking toplevel() on ptolemy.moml.MoMLSimpleApplication@6bfd9df
reloadAllAccessors: .PublisherPortSubscriberPortOpaqueD3Reverse

===========================================================================================
----------------- testing Fri Jul 05 04:51:50 UTC 2019 /home/travis/build/icyphy/ptII/ptolemy/actor/lib/test/auto/PublisherPortSubscriberPortOpaqueWidthInference.xml
----------------- Instantiating /home/travis/build/icyphy/ptII/ptolemy/actor/lib/test/auto/PublisherPortSubscriberPortOpaqueWidthInference.xml
4 ms. Memory: 559104K Free: 363324K (65%)
----------------- Invoking toplevel() on ptolemy.moml.MoMLSimpleApplication@5b57506a
----------------- Done invoking toplevel() on ptolemy.moml.MoMLSimpleApplication@5b57506a
reloadAllAccessors: .PublisherPortSubscriberPortOpaqueWidthInference

===========================================================================================
----------------- testing Fri Jul 05 04:51:50 UTC 2019 /home/travis/build/icyphy/ptII/ptolemy/actor/lib/test/auto/PublisherPortToplevelSubscriberPortAOC.xml
----------------- Instantiating /home/travis/build/icyphy/ptII/ptolemy/actor/lib/test/auto/PublisherPortToplevelSubscriberPortAOC.xml
.PublisherPortToplevelSubscriberPortAOC.TestExceptionAttribute: initialize() was not invoked, but wrapup() was.  This is unusual, but not always a problem.  For example, exporting JNLP will do this.
1 ms. Memory: 559104K Free: 357194K (64%)
----------------- Invoking toplevel() on ptolemy.moml.MoMLSimpleApplication@6f142033
----------------- Done invoking toplevel() on ptolemy.moml.MoMLSimpleApplication@6f142033
reloadAllAccessors: .PublisherPortToplevelSubscriberPortAOC

===========================================================================================
----------------- testing Fri Jul 05 04:51:50 UTC 2019 /home/travis/build/icyphy/ptII/ptolemy/actor/lib/test/auto/PublisherSubscriber.xml
----------------- Instantiating /home/travis/build/icyphy/ptII/ptolemy/actor/lib/test/auto/PublisherSubscriber.xml
7 ms. Memory: 559104K Free: 349996K (63%)
----------------- Invoking toplevel() on ptolemy.moml.MoMLSimpleApplication@5ace1943
----------------- Done invoking toplevel() on ptolemy.moml.MoMLSimpleApplication@5ace1943
reloadAllAccessors: .PublisherSubscriber

===========================================================================================
----------------- testing Fri Jul 05 04:51:50 UTC 2019 /home/travis/build/icyphy/ptII/ptolemy/actor/lib/test/auto/PublisherSubscriber10.xml
----------------- Instantiating /home/travis/build/icyphy/ptII/ptolemy/actor/lib/test/auto/PublisherSubscriber10.xml
7 ms. Memory: 559104K Free: 340300K (61%)
----------------- Invoking toplevel() on ptolemy.moml.MoMLSimpleApplication@42b71d68
----------------- Done invoking toplevel() on ptolemy.moml.MoMLSimpleApplication@42b71d68
reloadAllAccessors: .PublisherSubscriber10

===========================================================================================
----------------- testing Fri Jul 05 04:51:50 UTC 2019 /home/travis/build/icyphy/ptII/ptolemy/actor/lib/test/auto/PublisherSubscriber10InitialOutputs.xml
----------------- Instantiating /home/travis/build/icyphy/ptII/ptolemy/actor/lib/test/auto/PublisherSubscriber10InitialOutputs.xml
18 ms. Memory: 559104K Free: 331084K (59%)
----------------- Invoking toplevel() on ptolemy.moml.MoMLSimpleApplication@15915c7
----------------- Done invoking toplevel() on ptolemy.moml.MoMLSimpleApplication@15915c7
reloadAllAccessors: .PublisherSubscriber10InitialOutputs

===========================================================================================
----------------- testing Fri Jul 05 04:51:50 UTC 2019 /home/travis/build/icyphy/ptII/ptolemy/actor/lib/test/auto/PublisherSubscriber11.xml
----------------- Instantiating /home/travis/build/icyphy/ptII/ptolemy/actor/lib/test/auto/PublisherSubscriber11.xml
4 ms. Memory: 559104K Free: 324940K (58%)
----------------- Invoking toplevel() on ptolemy.moml.MoMLSimpleApplication@77d51f2c
----------------- Done invoking toplevel() on ptolemy.moml.MoMLSimpleApplication@77d51f2c
reloadAllAccessors: .PublisherSubscriber11

===========================================================================================
----------------- testing Fri Jul 05 04:51:50 UTC 2019 /home/travis/build/icyphy/ptII/ptolemy/actor/lib/test/auto/PublisherSubscriber12.xml
----------------- Instantiating /home/travis/build/icyphy/ptII/ptolemy/actor/lib/test/auto/PublisherSubscriber12.xml
6 ms. Memory: 559104K Free: 317772K (57%)
----------------- Invoking toplevel() on ptolemy.moml.MoMLSimpleApplication@23ad99fe
----------------- Done invoking toplevel() on ptolemy.moml.MoMLSimpleApplication@23ad99fe
reloadAllAccessors: .PublisherSubscriber12

===========================================================================================
----------------- testing Fri Jul 05 04:51:50 UTC 2019 /home/travis/build/icyphy/ptII/ptolemy/actor/lib/test/auto/PublisherSubscriber13.xml
----------------- Instantiating /home/travis/build/icyphy/ptII/ptolemy/actor/lib/test/auto/PublisherSubscriber13.xml
2 ms. Memory: 559104K Free: 312138K (56%)
----------------- Invoking toplevel() on ptolemy.moml.MoMLSimpleApplication@28770a65
----------------- Done invoking toplevel() on ptolemy.moml.MoMLSimpleApplication@28770a65
reloadAllAccessors: .PublisherSubscriber13

===========================================================================================
----------------- testing Fri Jul 05 04:51:50 UTC 2019 /home/travis/build/icyphy/ptII/ptolemy/actor/lib/test/auto/PublisherSubscriber14.xml
----------------- Instantiating /home/travis/build/icyphy/ptII/ptolemy/actor/lib/test/auto/PublisherSubscriber14.xml
2 ms. Memory: 559104K Free: 303436K (54%)
----------------- Invoking toplevel() on ptolemy.moml.MoMLSimpleApplication@559c6565
----------------- Done invoking toplevel() on ptolemy.moml.MoMLSimpleApplication@559c6565
reloadAllAccessors: .PublisherSubscriber14

===========================================================================================
----------------- testing Fri Jul 05 04:51:50 UTC 2019 /home/travis/build/icyphy/ptII/ptolemy/actor/lib/test/auto/PublisherSubscriber2.xml
----------------- Instantiating /home/travis/build/icyphy/ptII/ptolemy/actor/lib/test/auto/PublisherSubscriber2.xml
4 ms. Memory: 559104K Free: 297292K (53%)
----------------- Invoking toplevel() on ptolemy.moml.MoMLSimpleApplication@2334453
----------------- Done invoking toplevel() on ptolemy.moml.MoMLSimpleApplication@2334453
reloadAllAccessors: .PublisherSubscriber2

===========================================================================================
----------------- testing Fri Jul 05 04:51:51 UTC 2019 /home/travis/build/icyphy/ptII/ptolemy/actor/lib/test/auto/PublisherSubscriber3.xml
----------------- Instantiating /home/travis/build/icyphy/ptII/ptolemy/actor/lib/test/auto/PublisherSubscriber3.xml
2 ms. Memory: 559104K Free: 291644K (52%)
----------------- Invoking toplevel() on ptolemy.moml.MoMLSimpleApplication@48c5e6c5
----------------- Done invoking toplevel() on ptolemy.moml.MoMLSimpleApplication@48c5e6c5
reloadAllAccessors: .PublisherSubscriber3

===========================================================================================
----------------- testing Fri Jul 05 04:51:51 UTC 2019 /home/travis/build/icyphy/ptII/ptolemy/actor/lib/test/auto/PublisherSubscriber4.xml
----------------- Instantiating /home/travis/build/icyphy/ptII/ptolemy/actor/lib/test/auto/PublisherSubscriber4.xml
2 ms. Memory: 559104K Free: 286538K (51%)
----------------- Invoking toplevel() on ptolemy.moml.MoMLSimpleApplication@7b1b9e02
----------------- Done invoking toplevel() on ptolemy.moml.MoMLSimpleApplication@7b1b9e02
reloadAllAccessors: .PublisherSubscriber4

===========================================================================================
----------------- testing Fri Jul 05 04:51:51 UTC 2019 /home/travis/build/icyphy/ptII/ptolemy/actor/lib/test/auto/PublisherSubscriber5.xml
----------------- Instantiating /home/travis/build/icyphy/ptII/ptolemy/actor/lib/test/auto/PublisherSubscriber5.xml
3 ms. Memory: 559104K Free: 279884K (50%)
----------------- Invoking toplevel() on ptolemy.moml.MoMLSimpleApplication@2b906b05
----------------- Done invoking toplevel() on ptolemy.moml.MoMLSimpleApplication@2b906b05
reloadAllAccessors: .PublisherSubscriber5

===========================================================================================
----------------- testing Fri Jul 05 04:51:51 UTC 2019 /home/travis/build/icyphy/ptII/ptolemy/actor/lib/test/auto/PublisherSubscriber6.xml
----------------- Instantiating /home/travis/build/icyphy/ptII/ptolemy/actor/lib/test/auto/PublisherSubscriber6.xml
4 ms. Memory: 559104K Free: 273226K (49%)
----------------- Invoking toplevel() on ptolemy.moml.MoMLSimpleApplication@3bd715b2
----------------- Done invoking toplevel() on ptolemy.moml.MoMLSimpleApplication@3bd715b2
reloadAllAccessors: .PublisherSubscriber6

===========================================================================================
----------------- testing Fri Jul 05 04:51:51 UTC 2019 /home/travis/build/icyphy/ptII/ptolemy/actor/lib/test/auto/PublisherSubscriber7.xml
----------------- Instantiating /home/travis/build/icyphy/ptII/ptolemy/actor/lib/test/auto/PublisherSubscriber7.xml
10 ms. Memory: 559104K Free: 266572K (48%)
----------------- Invoking toplevel() on ptolemy.moml.MoMLSimpleApplication@578dfaa5
----------------- Done invoking toplevel() on ptolemy.moml.MoMLSimpleApplication@578dfaa5
reloadAllAccessors: .PublisherSubscriber7

===========================================================================================
----------------- testing Fri Jul 05 04:51:51 UTC 2019 /home/travis/build/icyphy/ptII/ptolemy/actor/lib/test/auto/PublisherSubscriber8.xml
----------------- Instantiating /home/travis/build/icyphy/ptII/ptolemy/actor/lib/test/auto/PublisherSubscriber8.xml
18 ms. Memory: 559104K Free: 254794K (46%)
----------------- Invoking toplevel() on ptolemy.moml.MoMLSimpleApplication@6575f287
----------------- Done invoking toplevel() on ptolemy.moml.MoMLSimpleApplication@6575f287
reloadAllAccessors: .PublisherSubscriber8

===========================================================================================
----------------- testing Fri Jul 05 04:51:51 UTC 2019 /home/travis/build/icyphy/ptII/ptolemy/actor/lib/test/auto/PublisherSubscriber9.xml
----------------- Instantiating /home/travis/build/icyphy/ptII/ptolemy/actor/lib/test/auto/PublisherSubscriber9.xml
3 ms. Memory: 559104K Free: 247116K (44%)
----------------- Invoking toplevel() on ptolemy.moml.MoMLSimpleApplication@3d300d67
----------------- Done invoking toplevel() on ptolemy.moml.MoMLSimpleApplication@3d300d67
reloadAllAccessors: .PublisherSubscriber9

===========================================================================================
----------------- testing Fri Jul 05 04:51:51 UTC 2019 /home/travis/build/icyphy/ptII/ptolemy/actor/lib/test/auto/PublisherSubscriberAdjacent.xml
----------------- Instantiating /home/travis/build/icyphy/ptII/ptolemy/actor/lib/test/auto/PublisherSubscriberAdjacent.xml
3 ms. Memory: 559104K Free: 238924K (43%)
----------------- Invoking toplevel() on ptolemy.moml.MoMLSimpleApplication@33c708e2
----------------- Done invoking toplevel() on ptolemy.moml.MoMLSimpleApplication@33c708e2
reloadAllAccessors: .PublisherSubscriberAdjacent

===========================================================================================
----------------- testing Fri Jul 05 04:51:51 UTC 2019 /home/travis/build/icyphy/ptII/ptolemy/actor/lib/test/auto/PublisherSubscriberChannelVariablesAOC2.xml
----------------- Instantiating /home/travis/build/icyphy/ptII/ptolemy/actor/lib/test/auto/PublisherSubscriberChannelVariablesAOC2.xml
3 ms. Memory: 559104K Free: 224060K (40%)
----------------- Invoking toplevel() on ptolemy.moml.MoMLSimpleApplication@40d98e65
----------------- Done invoking toplevel() on ptolemy.moml.MoMLSimpleApplication@40d98e65
reloadAllAccessors: .PublisherSubscriberChannelVariablesAOC2

===========================================================================================
----------------- testing Fri Jul 05 04:51:51 UTC 2019 /home/travis/build/icyphy/ptII/ptolemy/actor/lib/test/auto/PublisherSubscriberD3.xml
----------------- Instantiating /home/travis/build/icyphy/ptII/ptolemy/actor/lib/test/auto/PublisherSubscriberD3.xml
2 ms. Memory: 559104K Free: 216906K (39%)
----------------- Invoking toplevel() on ptolemy.moml.MoMLSimpleApplication@4b19df19
----------------- Done invoking toplevel() on ptolemy.moml.MoMLSimpleApplication@4b19df19
reloadAllAccessors: .PublisherSubscriberD3

===========================================================================================
----------------- testing Fri Jul 05 04:51:51 UTC 2019 /home/travis/build/icyphy/ptII/ptolemy/actor/lib/test/auto/PublisherSubscriberD3Reverse.xml
----------------- Instantiating /home/travis/build/icyphy/ptII/ptolemy/actor/lib/test/auto/PublisherSubscriberD3Reverse.xml
1 ms. Memory: 559104K Free: 210762K (38%)
----------------- Invoking toplevel() on ptolemy.moml.MoMLSimpleApplication@4b558b10
----------------- Done invoking toplevel() on ptolemy.moml.MoMLSimpleApplication@4b558b10
reloadAllAccessors: .PublisherSubscriberD3Reverse

===========================================================================================
----------------- testing Fri Jul 05 04:51:51 UTC 2019 /home/travis/build/icyphy/ptII/ptolemy/actor/lib/test/auto/PublisherSubscriberExpression.xml
----------------- Instantiating /home/travis/build/icyphy/ptII/ptolemy/actor/lib/test/auto/PublisherSubscriberExpression.xml
5 ms. Memory: 559104K Free: 202060K (36%)
----------------- Invoking toplevel() on ptolemy.moml.MoMLSimpleApplication@3595eb6f
----------------- Done invoking toplevel() on ptolemy.moml.MoMLSimpleApplication@3595eb6f
reloadAllAccessors: .PublisherSubscriberExpression

===========================================================================================
----------------- testing Fri Jul 05 04:51:51 UTC 2019 /home/travis/build/icyphy/ptII/ptolemy/actor/lib/test/auto/PublisherSubscriberOpaque.xml
----------------- Instantiating /home/travis/build/icyphy/ptII/ptolemy/actor/lib/test/auto/PublisherSubscriberOpaque.xml
4 ms. Memory: 559104K Free: 193868K (35%)
----------------- Invoking toplevel() on ptolemy.moml.MoMLSimpleApplication@1d4c319
----------------- Done invoking toplevel() on ptolemy.moml.MoMLSimpleApplication@1d4c319
reloadAllAccessors: .PublisherSubscriberOpaque

===========================================================================================
----------------- testing Fri Jul 05 04:51:51 UTC 2019 /home/travis/build/icyphy/ptII/ptolemy/actor/lib/test/auto/PublisherSubscriberOpaqueD3.xml
----------------- Instantiating /home/travis/build/icyphy/ptII/ptolemy/actor/lib/test/auto/PublisherSubscriberOpaqueD3.xml
7 ms. Memory: 559104K Free: 182090K (33%)
----------------- Invoking toplevel() on ptolemy.moml.MoMLSimpleApplication@3f651f8b
----------------- Done invoking toplevel() on ptolemy.moml.MoMLSimpleApplication@3f651f8b
reloadAllAccessors: .PublisherSubscriberOpaqueD3

===========================================================================================
----------------- testing Fri Jul 05 04:51:51 UTC 2019 /home/travis/build/icyphy/ptII/ptolemy/actor/lib/test/auto/PublisherSubscriberOpaqueD3Reverse.xml
----------------- Instantiating /home/travis/build/icyphy/ptII/ptolemy/actor/lib/test/auto/PublisherSubscriberOpaqueD3Reverse.xml
7 ms. Memory: 559104K Free: 503398K (90%)
----------------- Invoking toplevel() on ptolemy.moml.MoMLSimpleApplication@52fff045
----------------- Done invoking toplevel() on ptolemy.moml.MoMLSimpleApplication@52fff045
reloadAllAccessors: .PublisherSubscriberOpaqueD3Reverse

===========================================================================================
----------------- testing Fri Jul 05 04:51:51 UTC 2019 /home/travis/build/icyphy/ptII/ptolemy/actor/lib/test/auto/PublisherSubscriberOpaqueWidthInference.xml
----------------- Instantiating /home/travis/build/icyphy/ptII/ptolemy/actor/lib/test/auto/PublisherSubscriberOpaqueWidthInference.xml
6 ms. Memory: 559104K Free: 494698K (88%)
----------------- Invoking toplevel() on ptolemy.moml.MoMLSimpleApplication@18331a59
----------------- Done invoking toplevel() on ptolemy.moml.MoMLSimpleApplication@18331a59
reloadAllAccessors: .PublisherSubscriberOpaqueWidthInference

===========================================================================================
----------------- testing Fri Jul 05 04:51:51 UTC 2019 /home/travis/build/icyphy/ptII/ptolemy/actor/lib/test/auto/PublisherTestSubscriber.xml
----------------- Instantiating /home/travis/build/icyphy/ptII/ptolemy/actor/lib/test/auto/PublisherTestSubscriber.xml
3 ms. Memory: 559104K Free: 487010K (87%)
----------------- Invoking toplevel() on ptolemy.moml.MoMLSimpleApplication@65a00f89
----------------- Done invoking toplevel() on ptolemy.moml.MoMLSimpleApplication@65a00f89
reloadAllAccessors: .PublisherTestSubscriber

===========================================================================================
----------------- testing Fri Jul 05 04:51:51 UTC 2019 /home/travis/build/icyphy/ptII/ptolemy/actor/lib/test/auto/PublisherToplevelSubscriberPortAOC.xml
----------------- Instantiating /home/travis/build/icyphy/ptII/ptolemy/actor/lib/test/auto/PublisherToplevelSubscriberPortAOC.xml
2 ms. Memory: 559104K Free: 480858K (86%)
----------------- Invoking toplevel() on ptolemy.moml.MoMLSimpleApplication@44e65718
----------------- Done invoking toplevel() on ptolemy.moml.MoMLSimpleApplication@44e65718
reloadAllAccessors: .PublisherToplevelSubscriberPortAOC

===========================================================================================
----------------- testing Fri Jul 05 04:51:51 UTC 2019 /home/travis/build/icyphy/ptII/ptolemy/actor/lib/test/auto/PulseFiringLimitDE.xml
----------------- Instantiating /home/travis/build/icyphy/ptII/ptolemy/actor/lib/test/auto/PulseFiringLimitDE.xml
2 ms. Memory: 559104K Free: 474728K (85%)
----------------- Invoking toplevel() on ptolemy.moml.MoMLSimpleApplication@28d2515b
----------------- Done invoking toplevel() on ptolemy.moml.MoMLSimpleApplication@28d2515b
reloadAllAccessors: .PulseFiringLimitDE

===========================================================================================
----------------- testing Fri Jul 05 04:51:51 UTC 2019 /home/travis/build/icyphy/ptII/ptolemy/actor/lib/test/auto/Ramp1.xml
----------------- Instantiating /home/travis/build/icyphy/ptII/ptolemy/actor/lib/test/auto/Ramp1.xml
1 ms. Memory: 559104K Free: 470618K (84%)
----------------- Invoking toplevel() on ptolemy.moml.MoMLSimpleApplication@3f5db061
----------------- Done invoking toplevel() on ptolemy.moml.MoMLSimpleApplication@3f5db061
reloadAllAccessors: .Ramp1

===========================================================================================
----------------- testing Fri Jul 05 04:51:51 UTC 2019 /home/travis/build/icyphy/ptII/ptolemy/actor/lib/test/auto/RampFiringLimitDE.xml
----------------- Instantiating /home/travis/build/icyphy/ptII/ptolemy/actor/lib/test/auto/RampFiringLimitDE.xml
2 ms. Memory: 559104K Free: 463978K (83%)
----------------- Invoking toplevel() on ptolemy.moml.MoMLSimpleApplication@118635f6
----------------- Done invoking toplevel() on ptolemy.moml.MoMLSimpleApplication@118635f6
reloadAllAccessors: .RampFiringLimitDE

===========================================================================================
----------------- testing Fri Jul 05 04:51:51 UTC 2019 /home/travis/build/icyphy/ptII/ptolemy/actor/lib/test/auto/RampFiringLimitSDF.xml
----------------- Instantiating /home/travis/build/icyphy/ptII/ptolemy/actor/lib/test/auto/RampFiringLimitSDF.xml
3 ms. Memory: 559104K Free: 458858K (82%)
----------------- Invoking toplevel() on ptolemy.moml.MoMLSimpleApplication@1d30172b
----------------- Done invoking toplevel() on ptolemy.moml.MoMLSimpleApplication@1d30172b
reloadAllAccessors: .RampFiringLimitSDF

===========================================================================================
----------------- testing Fri Jul 05 04:51:51 UTC 2019 /home/travis/build/icyphy/ptII/ptolemy/actor/lib/test/auto/RandomInteger.xml
----------------- Instantiating /home/travis/build/icyphy/ptII/ptolemy/actor/lib/test/auto/RandomInteger.xml
1 ms. Memory: 559104K Free: 454762K (81%)
----------------- Invoking toplevel() on ptolemy.moml.MoMLSimpleApplication@3ee56cbb
----------------- Done invoking toplevel() on ptolemy.moml.MoMLSimpleApplication@3ee56cbb
reloadAllAccessors: .RandomInteger

===========================================================================================
----------------- testing Fri Jul 05 04:51:51 UTC 2019 /home/travis/build/icyphy/ptII/ptolemy/actor/lib/test/auto/ReadFile1.xml
----------------- Instantiating /home/travis/build/icyphy/ptII/ptolemy/actor/lib/test/auto/ReadFile1.xml
1 ms. Memory: 559104K Free: 450138K (81%)
----------------- Invoking toplevel() on ptolemy.moml.MoMLSimpleApplication@17dfb1d7
----------------- Done invoking toplevel() on ptolemy.moml.MoMLSimpleApplication@17dfb1d7
reloadAllAccessors: .ReadFile1

===========================================================================================
----------------- testing Fri Jul 05 04:51:51 UTC 2019 /home/travis/build/icyphy/ptII/ptolemy/actor/lib/test/auto/ReadFile2.xml
----------------- Instantiating /home/travis/build/icyphy/ptII/ptolemy/actor/lib/test/auto/ReadFile2.xml
2 ms. Memory: 559104K Free: 446056K (80%)
----------------- Invoking toplevel() on ptolemy.moml.MoMLSimpleApplication@1d98099b
----------------- Done invoking toplevel() on ptolemy.moml.MoMLSimpleApplication@1d98099b
reloadAllAccessors: .ReadFile2

===========================================================================================
----------------- testing Fri Jul 05 04:51:51 UTC 2019 /home/travis/build/icyphy/ptII/ptolemy/actor/lib/test/auto/Reader.xml
----------------- Instantiating /home/travis/build/icyphy/ptII/ptolemy/actor/lib/test/auto/Reader.xml
actor.lib.Reader is obsolete, use actor.lib.io.ExpressionReader instead
2 ms. Memory: 559104K Free: 441450K (79%)
----------------- Invoking toplevel() on ptolemy.moml.MoMLSimpleApplication@1ac3bbb5
----------------- Done invoking toplevel() on ptolemy.moml.MoMLSimpleApplication@1ac3bbb5
reloadAllAccessors: .Reader

===========================================================================================
----------------- testing Fri Jul 05 04:51:51 UTC 2019 /home/travis/build/icyphy/ptII/ptolemy/actor/lib/test/auto/RecordAssemblerDisplayNameTest.xml
----------------- Instantiating /home/travis/build/icyphy/ptII/ptolemy/actor/lib/test/auto/RecordAssemblerDisplayNameTest.xml
3570 ms. Memory: 559104K Free: 257042K (46%)
----------------- Invoking toplevel() on ptolemy.moml.MoMLSimpleApplication@23660302
----------------- Done invoking toplevel() on ptolemy.moml.MoMLSimpleApplication@23660302
reloadAllAccessors: .RecordAssemblerDisplayNameTest

===========================================================================================
----------------- testing Fri Jul 05 04:51:55 UTC 2019 /home/travis/build/icyphy/ptII/ptolemy/actor/lib/test/auto/RecordAssemblerTypeError.xml
----------------- Instantiating /home/travis/build/icyphy/ptII/ptolemy/actor/lib/test/auto/RecordAssemblerTypeError.xml
12 ms. Memory: 559104K Free: 247312K (44%)
----------------- Invoking toplevel() on ptolemy.moml.MoMLSimpleApplication@58cec115
----------------- Done invoking toplevel() on ptolemy.moml.MoMLSimpleApplication@58cec115
reloadAllAccessors: .RecordAssemblerTypeError

===========================================================================================
----------------- testing Fri Jul 05 04:51:55 UTC 2019 /home/travis/build/icyphy/ptII/ptolemy/actor/lib/test/auto/RecordDisassember.xml
----------------- Instantiating /home/travis/build/icyphy/ptII/ptolemy/actor/lib/test/auto/RecordDisassember.xml
14 ms. Memory: 559104K Free: 242706K (43%)
----------------- Invoking toplevel() on ptolemy.moml.MoMLSimpleApplication@1e0f6bbf
----------------- Done invoking toplevel() on ptolemy.moml.MoMLSimpleApplication@1e0f6bbf
reloadAllAccessors: .RecordDisassember

===========================================================================================
----------------- testing Fri Jul 05 04:51:55 UTC 2019 /home/travis/build/icyphy/ptII/ptolemy/actor/lib/test/auto/RecordDisassemberDisplayNameTest.xml
----------------- Instantiating /home/travis/build/icyphy/ptII/ptolemy/actor/lib/test/auto/RecordDisassemberDisplayNameTest.xml
14 ms. Memory: 559104K Free: 234514K (42%)
----------------- Invoking toplevel() on ptolemy.moml.MoMLSimpleApplication@30bd66a4
----------------- Done invoking toplevel() on ptolemy.moml.MoMLSimpleApplication@30bd66a4
reloadAllAccessors: .RecordDisassemberDisplayNameTest

===========================================================================================
----------------- testing Fri Jul 05 04:51:55 UTC 2019 /home/travis/build/icyphy/ptII/ptolemy/actor/lib/test/auto/RecordDisassembler.xml
----------------- Instantiating /home/travis/build/icyphy/ptII/ptolemy/actor/lib/test/auto/RecordDisassembler.xml
4 ms. Memory: 559104K Free: 229394K (41%)
----------------- Invoking toplevel() on ptolemy.moml.MoMLSimpleApplication@5da169e
----------------- Done invoking toplevel() on ptolemy.moml.MoMLSimpleApplication@5da169e
reloadAllAccessors: .RecordDisassembler

===========================================================================================
----------------- testing Fri Jul 05 04:51:55 UTC 2019 /home/travis/build/icyphy/ptII/ptolemy/actor/lib/test/auto/RecordDisassembler2.xml
----------------- Instantiating /home/travis/build/icyphy/ptII/ptolemy/actor/lib/test/auto/RecordDisassembler2.xml
4 ms. Memory: 559104K Free: 224274K (40%)
----------------- Invoking toplevel() on ptolemy.moml.MoMLSimpleApplication@1a9b7030
----------------- Done invoking toplevel() on ptolemy.moml.MoMLSimpleApplication@1a9b7030
reloadAllAccessors: .RecordDisassembler2

===========================================================================================
----------------- testing Fri Jul 05 04:51:55 UTC 2019 /home/travis/build/icyphy/ptII/ptolemy/actor/lib/test/auto/RecordUpdater.xml
----------------- Instantiating /home/travis/build/icyphy/ptII/ptolemy/actor/lib/test/auto/RecordUpdater.xml
2 ms. Memory: 559104K Free: 219664K (39%)
----------------- Invoking toplevel() on ptolemy.moml.MoMLSimpleApplication@44f95b34
----------------- Done invoking toplevel() on ptolemy.moml.MoMLSimpleApplication@44f95b34
reloadAllAccessors: .RecordUpdater

===========================================================================================
----------------- testing Fri Jul 05 04:51:55 UTC 2019 /home/travis/build/icyphy/ptII/ptolemy/actor/lib/test/auto/RecordUpdater2.xml
----------------- Instantiating /home/travis/build/icyphy/ptII/ptolemy/actor/lib/test/auto/RecordUpdater2.xml
4 ms. Memory: 559104K Free: 214034K (38%)
----------------- Invoking toplevel() on ptolemy.moml.MoMLSimpleApplication@1caaea7c
----------------- Done invoking toplevel() on ptolemy.moml.MoMLSimpleApplication@1caaea7c
reloadAllAccessors: .RecordUpdater2

===========================================================================================
----------------- testing Fri Jul 05 04:51:55 UTC 2019 /home/travis/build/icyphy/ptII/ptolemy/actor/lib/test/auto/RecursiveLattice.xml
----------------- Instantiating /home/travis/build/icyphy/ptII/ptolemy/actor/lib/test/auto/RecursiveLattice.xml
2 ms. Memory: 559104K Free: 209938K (38%)
----------------- Invoking toplevel() on ptolemy.moml.MoMLSimpleApplication@781477c
----------------- Done invoking toplevel() on ptolemy.moml.MoMLSimpleApplication@781477c
reloadAllAccessors: .RecursiveLattice

===========================================================================================
----------------- testing Fri Jul 05 04:51:55 UTC 2019 /home/travis/build/icyphy/ptII/ptolemy/actor/lib/test/auto/Router.xml
----------------- Instantiating /home/travis/build/icyphy/ptII/ptolemy/actor/lib/test/auto/Router.xml
3004 ms. Memory: 559104K Free: 198674K (36%)
----------------- Invoking toplevel() on ptolemy.moml.MoMLSimpleApplication@50e76649
----------------- Done invoking toplevel() on ptolemy.moml.MoMLSimpleApplication@50e76649
reloadAllAccessors: .Router

===========================================================================================
----------------- testing Fri Jul 05 04:51:58 UTC 2019 /home/travis/build/icyphy/ptII/ptolemy/actor/lib/test/auto/Router2.xml
----------------- Instantiating /home/travis/build/icyphy/ptII/ptolemy/actor/lib/test/auto/Router2.xml
3004 ms. Memory: 559104K Free: 186386K (33%)
----------------- Invoking toplevel() on ptolemy.moml.MoMLSimpleApplication@6148344a
----------------- Done invoking toplevel() on ptolemy.moml.MoMLSimpleApplication@6148344a
reloadAllAccessors: .Router2

===========================================================================================
----------------- testing Fri Jul 05 04:52:01 UTC 2019 /home/travis/build/icyphy/ptII/ptolemy/actor/lib/test/auto/RunningMaximum.xml
----------------- Instantiating /home/travis/build/icyphy/ptII/ptolemy/actor/lib/test/auto/RunningMaximum.xml
2 ms. Memory: 559104K Free: 181776K (33%)
----------------- Invoking toplevel() on ptolemy.moml.MoMLSimpleApplication@1aabec02
----------------- Done invoking toplevel() on ptolemy.moml.MoMLSimpleApplication@1aabec02
reloadAllAccessors: .RunningMaximum

===========================================================================================
----------------- testing Fri Jul 05 04:52:01 UTC 2019 /home/travis/build/icyphy/ptII/ptolemy/actor/lib/test/auto/RunningMinimum.xml
----------------- Instantiating /home/travis/build/icyphy/ptII/ptolemy/actor/lib/test/auto/RunningMinimum.xml
11 ms. Memory: 559104K Free: 508399K (91%)
----------------- Invoking toplevel() on ptolemy.moml.MoMLSimpleApplication@4b739081
----------------- Done invoking toplevel() on ptolemy.moml.MoMLSimpleApplication@4b739081
reloadAllAccessors: .RunningMinimum

===========================================================================================
----------------- testing Fri Jul 05 04:52:01 UTC 2019 /home/travis/build/icyphy/ptII/ptolemy/actor/lib/test/auto/Scale.xml
----------------- Instantiating /home/travis/build/icyphy/ptII/ptolemy/actor/lib/test/auto/Scale.xml
1 ms. Memory: 559104K Free: 503294K (90%)
----------------- Invoking toplevel() on ptolemy.moml.MoMLSimpleApplication@42f86106
----------------- Done invoking toplevel() on ptolemy.moml.MoMLSimpleApplication@42f86106
reloadAllAccessors: .Scale

===========================================================================================
----------------- testing Fri Jul 05 04:52:01 UTC 2019 /home/travis/build/icyphy/ptII/ptolemy/actor/lib/test/auto/Scale2.xml
----------------- Instantiating /home/travis/build/icyphy/ptII/ptolemy/actor/lib/test/auto/Scale2.xml
2 ms. Memory: 559104K Free: 498688K (89%)
----------------- Invoking toplevel() on ptolemy.moml.MoMLSimpleApplication@214c8435
----------------- Done invoking toplevel() on ptolemy.moml.MoMLSimpleApplication@214c8435
reloadAllAccessors: .Scale2

===========================================================================================
----------------- testing Fri Jul 05 04:52:01 UTC 2019 /home/travis/build/icyphy/ptII/ptolemy/actor/lib/test/auto/Scale3.xml
----------------- Instantiating /home/travis/build/icyphy/ptII/ptolemy/actor/lib/test/auto/Scale3.xml
11 ms. Memory: 559104K Free: 492030K (88%)
----------------- Invoking toplevel() on ptolemy.moml.MoMLSimpleApplication@22f31b49
----------------- Done invoking toplevel() on ptolemy.moml.MoMLSimpleApplication@22f31b49
reloadAllAccessors: .Scale3

===========================================================================================
----------------- testing Fri Jul 05 04:52:01 UTC 2019 /home/travis/build/icyphy/ptII/ptolemy/actor/lib/test/auto/ScaleArray.xml
----------------- Instantiating /home/travis/build/icyphy/ptII/ptolemy/actor/lib/test/auto/ScaleArray.xml
3 ms. Memory: 559104K Free: 487424K (87%)
----------------- Invoking toplevel() on ptolemy.moml.MoMLSimpleApplication@630f2f29
----------------- Done invoking toplevel() on ptolemy.moml.MoMLSimpleApplication@630f2f29
reloadAllAccessors: .ScaleArray

===========================================================================================
----------------- testing Fri Jul 05 04:52:01 UTC 2019 /home/travis/build/icyphy/ptII/ptolemy/actor/lib/test/auto/ScaleArray2.xml
----------------- Instantiating /home/travis/build/icyphy/ptII/ptolemy/actor/lib/test/auto/ScaleArray2.xml
2 ms. Memory: 559104K Free: 482304K (86%)
----------------- Invoking toplevel() on ptolemy.moml.MoMLSimpleApplication@4761b9dd
----------------- Done invoking toplevel() on ptolemy.moml.MoMLSimpleApplication@4761b9dd
reloadAllAccessors: .ScaleArray2

===========================================================================================
----------------- testing Fri Jul 05 04:52:01 UTC 2019 /home/travis/build/icyphy/ptII/ptolemy/actor/lib/test/auto/ScaleMatrix.xml
----------------- Instantiating /home/travis/build/icyphy/ptII/ptolemy/actor/lib/test/auto/ScaleMatrix.xml
129 ms. Memory: 559104K Free: 467968K (84%)
----------------- Invoking toplevel() on ptolemy.moml.MoMLSimpleApplication@3ada88a8
----------------- Done invoking toplevel() on ptolemy.moml.MoMLSimpleApplication@3ada88a8
reloadAllAccessors: .ScaleMatrix

===========================================================================================
----------------- testing Fri Jul 05 04:52:01 UTC 2019 /home/travis/build/icyphy/ptII/ptolemy/actor/lib/test/auto/Select.xml
----------------- Instantiating /home/travis/build/icyphy/ptII/ptolemy/actor/lib/test/auto/Select.xml
2 ms. Memory: 559104K Free: 461824K (83%)
----------------- Invoking toplevel() on ptolemy.moml.MoMLSimpleApplication@ccfdef2
----------------- Done invoking toplevel() on ptolemy.moml.MoMLSimpleApplication@ccfdef2
reloadAllAccessors: .Select

===========================================================================================
----------------- testing Fri Jul 05 04:52:01 UTC 2019 /home/travis/build/icyphy/ptII/ptolemy/actor/lib/test/auto/Select2.xml
----------------- Instantiating /home/travis/build/icyphy/ptII/ptolemy/actor/lib/test/auto/Select2.xml
1 ms. Memory: 559104K Free: 457214K (82%)
----------------- Invoking toplevel() on ptolemy.moml.MoMLSimpleApplication@2512c151
----------------- Done invoking toplevel() on ptolemy.moml.MoMLSimpleApplication@2512c151
reloadAllAccessors: .Select2

===========================================================================================
----------------- testing Fri Jul 05 04:52:01 UTC 2019 /home/travis/build/icyphy/ptII/ptolemy/actor/lib/test/auto/SequenceToArray2.xml
----------------- Instantiating /home/travis/build/icyphy/ptII/ptolemy/actor/lib/test/auto/SequenceToArray2.xml
121 ms. Memory: 559104K Free: 433152K (77%)
----------------- Invoking toplevel() on ptolemy.moml.MoMLSimpleApplication@584c1ce6
----------------- Done invoking toplevel() on ptolemy.moml.MoMLSimpleApplication@584c1ce6
reloadAllAccessors: .SequenceToArray2

===========================================================================================
----------------- testing Fri Jul 05 04:52:02 UTC 2019 /home/travis/build/icyphy/ptII/ptolemy/actor/lib/test/auto/SequentialClock.xml
----------------- Instantiating /home/travis/build/icyphy/ptII/ptolemy/actor/lib/test/auto/SequentialClock.xml
2 ms. Memory: 559104K Free: 429056K (77%)
----------------- Invoking toplevel() on ptolemy.moml.MoMLSimpleApplication@5fe32f5d
----------------- Done invoking toplevel() on ptolemy.moml.MoMLSimpleApplication@5fe32f5d
reloadAllAccessors: .SequentialClock

===========================================================================================
----------------- testing Fri Jul 05 04:52:02 UTC 2019 /home/travis/build/icyphy/ptII/ptolemy/actor/lib/test/auto/SetVariable.xml
----------------- Instantiating /home/travis/build/icyphy/ptII/ptolemy/actor/lib/test/auto/SetVariable.xml
3 ms. Memory: 559104K Free: 424446K (76%)
----------------- Invoking toplevel() on ptolemy.moml.MoMLSimpleApplication@3190ad01
----------------- Done invoking toplevel() on ptolemy.moml.MoMLSimpleApplication@3190ad01
reloadAllAccessors: .SetVariable

===========================================================================================
----------------- testing Fri Jul 05 04:52:02 UTC 2019 /home/travis/build/icyphy/ptII/ptolemy/actor/lib/test/auto/SetVariable2.xml
----------------- Instantiating /home/travis/build/icyphy/ptII/ptolemy/actor/lib/test/auto/SetVariable2.xml
3 ms. Memory: 559104K Free: 419326K (75%)
----------------- Invoking toplevel() on ptolemy.moml.MoMLSimpleApplication@22c4778c
----------------- Done invoking toplevel() on ptolemy.moml.MoMLSimpleApplication@22c4778c
reloadAllAccessors: .SetVariable2

===========================================================================================
----------------- testing Fri Jul 05 04:52:02 UTC 2019 /home/travis/build/icyphy/ptII/ptolemy/actor/lib/test/auto/SetVariable3.xml
----------------- Instantiating /home/travis/build/icyphy/ptII/ptolemy/actor/lib/test/auto/SetVariable3.xml
9 ms. Memory: 559104K Free: 413696K (74%)
----------------- Invoking toplevel() on ptolemy.moml.MoMLSimpleApplication@25dad71d
----------------- Done invoking toplevel() on ptolemy.moml.MoMLSimpleApplication@25dad71d
reloadAllAccessors: .SetVariable3

===========================================================================================
----------------- testing Fri Jul 05 04:52:02 UTC 2019 /home/travis/build/icyphy/ptII/ptolemy/actor/lib/test/auto/SetVariable4.xml
----------------- Instantiating /home/travis/build/icyphy/ptII/ptolemy/actor/lib/test/auto/SetVariable4.xml
16 ms. Memory: 559104K Free: 404478K (72%)
----------------- Invoking toplevel() on ptolemy.moml.MoMLSimpleApplication@539a3e44
----------------- Done invoking toplevel() on ptolemy.moml.MoMLSimpleApplication@539a3e44
reloadAllAccessors: .SetVariable4

===========================================================================================
----------------- testing Fri Jul 05 04:52:02 UTC 2019 /home/travis/build/icyphy/ptII/ptolemy/actor/lib/test/auto/SetVariable5.xml
----------------- Instantiating /home/travis/build/icyphy/ptII/ptolemy/actor/lib/test/auto/SetVariable5.xml
15 ms. Memory: 559104K Free: 395264K (71%)
----------------- Invoking toplevel() on ptolemy.moml.MoMLSimpleApplication@3c008deb
----------------- Done invoking toplevel() on ptolemy.moml.MoMLSimpleApplication@3c008deb
reloadAllAccessors: .SetVariable5

===========================================================================================
----------------- testing Fri Jul 05 04:52:02 UTC 2019 /home/travis/build/icyphy/ptII/ptolemy/actor/lib/test/auto/Sinewave.xml
----------------- Instantiating /home/travis/build/icyphy/ptII/ptolemy/actor/lib/test/auto/Sinewave.xml
5 ms. Memory: 559104K Free: 384510K (69%)
----------------- Invoking toplevel() on ptolemy.moml.MoMLSimpleApplication@4c09bb2a
----------------- Done invoking toplevel() on ptolemy.moml.MoMLSimpleApplication@4c09bb2a
reloadAllAccessors: .Sinewave

===========================================================================================
----------------- testing Fri Jul 05 04:52:02 UTC 2019 /home/travis/build/icyphy/ptII/ptolemy/actor/lib/test/auto/Sinewave2.xml
----------------- Instantiating /home/travis/build/icyphy/ptII/ptolemy/actor/lib/test/auto/Sinewave2.xml
35 ms. Memory: 559104K Free: 376318K (67%)
----------------- Invoking toplevel() on ptolemy.moml.MoMLSimpleApplication@3f272052
----------------- Done invoking toplevel() on ptolemy.moml.MoMLSimpleApplication@3f272052
reloadAllAccessors: .Sinewave2

===========================================================================================
----------------- testing Fri Jul 05 04:52:02 UTC 2019 /home/travis/build/icyphy/ptII/ptolemy/actor/lib/test/auto/Sinewave3.xml
----------------- Instantiating /home/travis/build/icyphy/ptII/ptolemy/actor/lib/test/auto/Sinewave3.xml
9 ms. Memory: 559104K Free: 368111K (66%)
----------------- Invoking toplevel() on ptolemy.moml.MoMLSimpleApplication@7e2eb9ce
----------------- Done invoking toplevel() on ptolemy.moml.MoMLSimpleApplication@7e2eb9ce
reloadAllAccessors: .Sinewave3

===========================================================================================
----------------- testing Fri Jul 05 04:52:02 UTC 2019 /home/travis/build/icyphy/ptII/ptolemy/actor/lib/test/auto/SingleEvent.xml
----------------- Instantiating /home/travis/build/icyphy/ptII/ptolemy/actor/lib/test/auto/SingleEvent.xml
1 ms. Memory: 559104K Free: 364030K (65%)
----------------- Invoking toplevel() on ptolemy.moml.MoMLSimpleApplication@56400d79
----------------- Done invoking toplevel() on ptolemy.moml.MoMLSimpleApplication@56400d79
reloadAllAccessors: .SingleEvent

===========================================================================================
----------------- testing Fri Jul 05 04:52:02 UTC 2019 /home/travis/build/icyphy/ptII/ptolemy/actor/lib/test/auto/Sleep.xml
----------------- Instantiating /home/travis/build/icyphy/ptII/ptolemy/actor/lib/test/auto/Sleep.xml
6004 ms. Memory: 559104K Free: 357886K (64%)
----------------- Invoking toplevel() on ptolemy.moml.MoMLSimpleApplication@2b29cfdd
----------------- Done invoking toplevel() on ptolemy.moml.MoMLSimpleApplication@2b29cfdd
reloadAllAccessors: .Sleep

===========================================================================================
----------------- testing Fri Jul 05 04:52:08 UTC 2019 /home/travis/build/icyphy/ptII/ptolemy/actor/lib/test/auto/SleepMultipleFire.xml
----------------- Instantiating /home/travis/build/icyphy/ptII/ptolemy/actor/lib/test/auto/SleepMultipleFire.xml
1007 ms. Memory: 559104K Free: 352256K (63%)
----------------- Invoking toplevel() on ptolemy.moml.MoMLSimpleApplication@36dd062e
----------------- Done invoking toplevel() on ptolemy.moml.MoMLSimpleApplication@36dd062e
reloadAllAccessors: .SleepMultipleFire

===========================================================================================
----------------- testing Fri Jul 05 04:52:09 UTC 2019 /home/travis/build/icyphy/ptII/ptolemy/actor/lib/test/auto/StopDE.xml
----------------- Instantiating /home/travis/build/icyphy/ptII/ptolemy/actor/lib/test/auto/StopDE.xml
3 ms. Memory: 559104K Free: 346622K (62%)
----------------- Invoking toplevel() on ptolemy.moml.MoMLSimpleApplication@1f6c4e87
----------------- Done invoking toplevel() on ptolemy.moml.MoMLSimpleApplication@1f6c4e87
reloadAllAccessors: .StopDE

===========================================================================================
----------------- testing Fri Jul 05 04:52:09 UTC 2019 /home/travis/build/icyphy/ptII/ptolemy/actor/lib/test/auto/StopSDF.xml
----------------- Instantiating /home/travis/build/icyphy/ptII/ptolemy/actor/lib/test/auto/StopSDF.xml
4 ms. Memory: 559104K Free: 341502K (61%)
----------------- Invoking toplevel() on ptolemy.moml.MoMLSimpleApplication@38c85574
----------------- Done invoking toplevel() on ptolemy.moml.MoMLSimpleApplication@38c85574
reloadAllAccessors: .StopSDF

===========================================================================================
----------------- testing Fri Jul 05 04:52:09 UTC 2019 /home/travis/build/icyphy/ptII/ptolemy/actor/lib/test/auto/StringConstant.xml
----------------- Instantiating /home/travis/build/icyphy/ptII/ptolemy/actor/lib/test/auto/StringConstant.xml
4 ms. Memory: 559104K Free: 336896K (60%)
----------------- Invoking toplevel() on ptolemy.moml.MoMLSimpleApplication@45efc766
----------------- Done invoking toplevel() on ptolemy.moml.MoMLSimpleApplication@45efc766
reloadAllAccessors: .StringConstant

===========================================================================================
----------------- testing Fri Jul 05 04:52:09 UTC 2019 /home/travis/build/icyphy/ptII/ptolemy/actor/lib/test/auto/SubscriberPortInitialValues1.xml
----------------- Instantiating /home/travis/build/icyphy/ptII/ptolemy/actor/lib/test/auto/SubscriberPortInitialValues1.xml
8 ms. Memory: 559104K Free: 327680K (59%)
----------------- Invoking toplevel() on ptolemy.moml.MoMLSimpleApplication@66a98e98
----------------- Done invoking toplevel() on ptolemy.moml.MoMLSimpleApplication@66a98e98
reloadAllAccessors: .SubscriberPortInitialValues1

===========================================================================================
----------------- testing Fri Jul 05 04:52:09 UTC 2019 /home/travis/build/icyphy/ptII/ptolemy/actor/lib/test/auto/SubscriberPortInitialValues13.xml
----------------- Instantiating /home/travis/build/icyphy/ptII/ptolemy/actor/lib/test/auto/SubscriberPortInitialValues13.xml
6 ms. Memory: 559104K Free: 314368K (56%)
----------------- Invoking toplevel() on ptolemy.moml.MoMLSimpleApplication@9b5ffc9
----------------- Done invoking toplevel() on ptolemy.moml.MoMLSimpleApplication@9b5ffc9
reloadAllAccessors: .SubscriberPortInitialValues13

===========================================================================================
----------------- testing Fri Jul 05 04:52:09 UTC 2019 /home/travis/build/icyphy/ptII/ptolemy/actor/lib/test/auto/SubscriberPortInitialValues14.xml
----------------- Instantiating /home/travis/build/icyphy/ptII/ptolemy/actor/lib/test/auto/SubscriberPortInitialValues14.xml
4 ms. Memory: 559104K Free: 306686K (55%)
----------------- Invoking toplevel() on ptolemy.moml.MoMLSimpleApplication@42f70868
----------------- Done invoking toplevel() on ptolemy.moml.MoMLSimpleApplication@42f70868
reloadAllAccessors: .SubscriberPortInitialValues14

===========================================================================================
----------------- testing Fri Jul 05 04:52:09 UTC 2019 /home/travis/build/icyphy/ptII/ptolemy/actor/lib/test/auto/SubscriberPortInitialValues2.xml
----------------- Instantiating /home/travis/build/icyphy/ptII/ptolemy/actor/lib/test/auto/SubscriberPortInitialValues2.xml
4 ms. Memory: 559104K Free: 299008K (53%)
----------------- Invoking toplevel() on ptolemy.moml.MoMLSimpleApplication@3c39a483
----------------- Done invoking toplevel() on ptolemy.moml.MoMLSimpleApplication@3c39a483
reloadAllAccessors: .SubscriberPortInitialValues2

===========================================================================================
----------------- testing Fri Jul 05 04:52:09 UTC 2019 /home/travis/build/icyphy/ptII/ptolemy/actor/lib/test/auto/SubscriberPortInitialValues3.xml
----------------- Instantiating /home/travis/build/icyphy/ptII/ptolemy/actor/lib/test/auto/SubscriberPortInitialValues3.xml
4 ms. Memory: 559104K Free: 288254K (52%)
----------------- Invoking toplevel() on ptolemy.moml.MoMLSimpleApplication@75a775f3
----------------- Done invoking toplevel() on ptolemy.moml.MoMLSimpleApplication@75a775f3
reloadAllAccessors: .SubscriberPortInitialValues3

===========================================================================================
----------------- testing Fri Jul 05 04:52:09 UTC 2019 /home/travis/build/icyphy/ptII/ptolemy/actor/lib/test/auto/SubscriptionAggregator.xml
----------------- Instantiating /home/travis/build/icyphy/ptII/ptolemy/actor/lib/test/auto/SubscriptionAggregator.xml
3 ms. Memory: 559104K Free: 281600K (50%)
----------------- Invoking toplevel() on ptolemy.moml.MoMLSimpleApplication@3953eb06
----------------- Done invoking toplevel() on ptolemy.moml.MoMLSimpleApplication@3953eb06
reloadAllAccessors: .SubscriptionAggregator

===========================================================================================
----------------- testing Fri Jul 05 04:52:09 UTC 2019 /home/travis/build/icyphy/ptII/ptolemy/actor/lib/test/auto/SubscriptionAggregator2.xml
----------------- Instantiating /home/travis/build/icyphy/ptII/ptolemy/actor/lib/test/auto/SubscriptionAggregator2.xml
3 ms. Memory: 559104K Free: 274935K (49%)
----------------- Invoking toplevel() on ptolemy.moml.MoMLSimpleApplication@212adf8c
----------------- Done invoking toplevel() on ptolemy.moml.MoMLSimpleApplication@212adf8c
reloadAllAccessors: .SubscriptionAggregator2

===========================================================================================
----------------- testing Fri Jul 05 04:52:09 UTC 2019 /home/travis/build/icyphy/ptII/ptolemy/actor/lib/test/auto/SubscriptionAggregator3.xml
----------------- Instantiating /home/travis/build/icyphy/ptII/ptolemy/actor/lib/test/auto/SubscriptionAggregator3.xml
4 ms. Memory: 559104K Free: 265726K (48%)
----------------- Invoking toplevel() on ptolemy.moml.MoMLSimpleApplication@46e6b753
----------------- Done invoking toplevel() on ptolemy.moml.MoMLSimpleApplication@46e6b753
reloadAllAccessors: .SubscriptionAggregator3

===========================================================================================
----------------- testing Fri Jul 05 04:52:09 UTC 2019 /home/travis/build/icyphy/ptII/ptolemy/actor/lib/test/auto/SubscriptionAggregatorMultiply.xml
----------------- Instantiating /home/travis/build/icyphy/ptII/ptolemy/actor/lib/test/auto/SubscriptionAggregatorMultiply.xml
12 ms. Memory: 559104K Free: 257534K (46%)
----------------- Invoking toplevel() on ptolemy.moml.MoMLSimpleApplication@2c1941c6
----------------- Done invoking toplevel() on ptolemy.moml.MoMLSimpleApplication@2c1941c6
reloadAllAccessors: .SubscriptionAggregatorMultiply

===========================================================================================
----------------- testing Fri Jul 05 04:52:09 UTC 2019 /home/travis/build/icyphy/ptII/ptolemy/actor/lib/test/auto/SubscriptionAggregatorPortMultiply1.xml
----------------- Instantiating /home/travis/build/icyphy/ptII/ptolemy/actor/lib/test/auto/SubscriptionAggregatorPortMultiply1.xml
5 ms. Memory: 559104K Free: 249856K (45%)
----------------- Invoking toplevel() on ptolemy.moml.MoMLSimpleApplication@48e2801b
----------------- Done invoking toplevel() on ptolemy.moml.MoMLSimpleApplication@48e2801b
reloadAllAccessors: .SubscriptionAggregatorPortMultiply1

===========================================================================================
----------------- testing Fri Jul 05 04:52:09 UTC 2019 /home/travis/build/icyphy/ptII/ptolemy/actor/lib/test/auto/Switch.xml
----------------- Instantiating /home/travis/build/icyphy/ptII/ptolemy/actor/lib/test/auto/Switch.xml
10 ms. Memory: 559104K Free: 241664K (43%)
----------------- Invoking toplevel() on ptolemy.moml.MoMLSimpleApplication@6bd41e76
----------------- Done invoking toplevel() on ptolemy.moml.MoMLSimpleApplication@6bd41e76
reloadAllAccessors: .Switch

===========================================================================================
----------------- testing Fri Jul 05 04:52:09 UTC 2019 /home/travis/build/icyphy/ptII/ptolemy/actor/lib/test/auto/Switch2.xml
----------------- Instantiating /home/travis/build/icyphy/ptII/ptolemy/actor/lib/test/auto/Switch2.xml
2 ms. Memory: 559104K Free: 237054K (42%)
----------------- Invoking toplevel() on ptolemy.moml.MoMLSimpleApplication@7925d94d
----------------- Done invoking toplevel() on ptolemy.moml.MoMLSimpleApplication@7925d94d
reloadAllAccessors: .Switch2

===========================================================================================
----------------- testing Fri Jul 05 04:52:09 UTC 2019 /home/travis/build/icyphy/ptII/ptolemy/actor/lib/test/auto/SwitchDE.xml
----------------- Instantiating /home/travis/build/icyphy/ptII/ptolemy/actor/lib/test/auto/SwitchDE.xml
7 ms. Memory: 559104K Free: 230400K (41%)
----------------- Invoking toplevel() on ptolemy.moml.MoMLSimpleApplication@70fa50bc
----------------- Done invoking toplevel() on ptolemy.moml.MoMLSimpleApplication@70fa50bc
reloadAllAccessors: .SwitchDE

===========================================================================================
----------------- testing Fri Jul 05 04:52:09 UTC 2019 /home/travis/build/icyphy/ptII/ptolemy/actor/lib/test/auto/SynchronizerDE.xml
----------------- Instantiating /home/travis/build/icyphy/ptII/ptolemy/actor/lib/test/auto/SynchronizerDE.xml
9 ms. Memory: 559104K Free: 222208K (40%)
----------------- Invoking toplevel() on ptolemy.moml.MoMLSimpleApplication@756d8724
----------------- Done invoking toplevel() on ptolemy.moml.MoMLSimpleApplication@756d8724
reloadAllAccessors: .SynchronizerDE

===========================================================================================
----------------- testing Fri Jul 05 04:52:09 UTC 2019 /home/travis/build/icyphy/ptII/ptolemy/actor/lib/test/auto/Test.xml
----------------- Instantiating /home/travis/build/icyphy/ptII/ptolemy/actor/lib/test/auto/Test.xml
2 ms. Memory: 559104K Free: 217088K (39%)
----------------- Invoking toplevel() on ptolemy.moml.MoMLSimpleApplication@57940623
----------------- Done invoking toplevel() on ptolemy.moml.MoMLSimpleApplication@57940623
reloadAllAccessors: .Test

===========================================================================================
----------------- testing Fri Jul 05 04:52:09 UTC 2019 /home/travis/build/icyphy/ptII/ptolemy/actor/lib/test/auto/TestExceptionAttribute1.xml
----------------- Instantiating /home/travis/build/icyphy/ptII/ptolemy/actor/lib/test/auto/TestExceptionAttribute1.xml
1 ms. Memory: 559104K Free: 213502K (38%)
----------------- Invoking toplevel() on ptolemy.moml.MoMLSimpleApplication@67345f25
----------------- Done invoking toplevel() on ptolemy.moml.MoMLSimpleApplication@67345f25
reloadAllAccessors: .TestExceptionAttribute1

===========================================================================================
----------------- testing Fri Jul 05 04:52:09 UTC 2019 /home/travis/build/icyphy/ptII/ptolemy/actor/lib/test/auto/TestExceptionAttribute2.xml
----------------- Instantiating /home/travis/build/icyphy/ptII/ptolemy/actor/lib/test/auto/TestExceptionAttribute2.xml
2 ms. Memory: 559104K Free: 209920K (38%)
----------------- Invoking toplevel() on ptolemy.moml.MoMLSimpleApplication@62ed648
----------------- Done invoking toplevel() on ptolemy.moml.MoMLSimpleApplication@62ed648
reloadAllAccessors: .TestExceptionAttribute2

===========================================================================================
----------------- testing Fri Jul 05 04:52:09 UTC 2019 /home/travis/build/icyphy/ptII/ptolemy/actor/lib/test/auto/TestExceptionAttribute3.xml
----------------- Instantiating /home/travis/build/icyphy/ptII/ptolemy/actor/lib/test/auto/TestExceptionAttribute3.xml
.TestExceptionAttribute3.TestExceptionAttribute: initialize() was not invoked, but wrapup() was.  This is unusual, but not always a problem.  For example, exporting JNLP will do this.
1 ms. Memory: 559104K Free: 206334K (37%)
----------------- Invoking toplevel() on ptolemy.moml.MoMLSimpleApplication@1315143d
----------------- Done invoking toplevel() on ptolemy.moml.MoMLSimpleApplication@1315143d
reloadAllAccessors: .TestExceptionAttribute3

===========================================================================================
----------------- testing Fri Jul 05 04:52:09 UTC 2019 /home/travis/build/icyphy/ptII/ptolemy/actor/lib/test/auto/TestExceptionAttribute4.xml
----------------- Instantiating /home/travis/build/icyphy/ptII/ptolemy/actor/lib/test/auto/TestExceptionAttribute4.xml
.TestExceptionAttribute4.TestExceptionAttribute: initialize() was not invoked, but wrapup() was.  This is unusual, but not always a problem.  For example, exporting JNLP will do this.
.TestExceptionAttribute4.TestExceptionAttribute2: initialize() was not invoked, but wrapup() was.  This is unusual, but not always a problem.  For example, exporting JNLP will do this.
1 ms. Memory: 559104K Free: 201728K (36%)
----------------- Invoking toplevel() on ptolemy.moml.MoMLSimpleApplication@7c3a14d9
----------------- Done invoking toplevel() on ptolemy.moml.MoMLSimpleApplication@7c3a14d9
reloadAllAccessors: .TestExceptionAttribute4

===========================================================================================
----------------- testing Fri Jul 05 04:52:09 UTC 2019 /home/travis/build/icyphy/ptII/ptolemy/actor/lib/test/auto/TestExceptionHandler1.xml
----------------- Instantiating /home/travis/build/icyphy/ptII/ptolemy/actor/lib/test/auto/TestExceptionHandler1.xml
1 ms. Memory: 559104K Free: 198142K (35%)
----------------- Invoking toplevel() on ptolemy.moml.MoMLSimpleApplication@13bb7635
----------------- Done invoking toplevel() on ptolemy.moml.MoMLSimpleApplication@13bb7635
reloadAllAccessors: .TestExceptionHandler1

===========================================================================================
----------------- testing Fri Jul 05 04:52:09 UTC 2019 /home/travis/build/icyphy/ptII/ptolemy/actor/lib/test/auto/TestExceptionHandler2.xml
----------------- Instantiating /home/travis/build/icyphy/ptII/ptolemy/actor/lib/test/auto/TestExceptionHandler2.xml
3 ms. Memory: 559104K Free: 194560K (35%)
----------------- Invoking toplevel() on ptolemy.moml.MoMLSimpleApplication@28366659
----------------- Done invoking toplevel() on ptolemy.moml.MoMLSimpleApplication@28366659
reloadAllAccessors: .TestExceptionHandler2

===========================================================================================
----------------- testing Fri Jul 05 04:52:09 UTC 2019 /home/travis/build/icyphy/ptII/ptolemy/actor/lib/test/auto/TestExceptionHandler3.xml
----------------- Instantiating /home/travis/build/icyphy/ptII/ptolemy/actor/lib/test/auto/TestExceptionHandler3.xml
1 ms. Memory: 559104K Free: 190974K (34%)
----------------- Invoking toplevel() on ptolemy.moml.MoMLSimpleApplication@9d32b1f
----------------- Done invoking toplevel() on ptolemy.moml.MoMLSimpleApplication@9d32b1f
reloadAllAccessors: .TestExceptionHandler3

===========================================================================================
----------------- testing Fri Jul 05 04:52:09 UTC 2019 /home/travis/build/icyphy/ptII/ptolemy/actor/lib/test/auto/TestExceptionHandler4.xml
----------------- Instantiating /home/travis/build/icyphy/ptII/ptolemy/actor/lib/test/auto/TestExceptionHandler4.xml
1 ms. Memory: 559104K Free: 186878K (33%)
----------------- Invoking toplevel() on ptolemy.moml.MoMLSimpleApplication@74f1ab7f
----------------- Done invoking toplevel() on ptolemy.moml.MoMLSimpleApplication@74f1ab7f
reloadAllAccessors: .TestExceptionHandler4

===========================================================================================
----------------- testing Fri Jul 05 04:52:09 UTC 2019 /home/travis/build/icyphy/ptII/ptolemy/actor/lib/test/auto/TestRequireCorrectOrder.xml
----------------- Instantiating /home/travis/build/icyphy/ptII/ptolemy/actor/lib/test/auto/TestRequireCorrectOrder.xml
6 ms. Memory: 559104K Free: 181248K (32%)
----------------- Invoking toplevel() on ptolemy.moml.MoMLSimpleApplication@74465482
----------------- Done invoking toplevel() on ptolemy.moml.MoMLSimpleApplication@74465482
reloadAllAccessors: .TestRequireCorrectOrder

===========================================================================================
----------------- testing Fri Jul 05 04:52:09 UTC 2019 /home/travis/build/icyphy/ptII/ptolemy/actor/lib/test/auto/TestSimple.xml
----------------- Instantiating /home/travis/build/icyphy/ptII/ptolemy/actor/lib/test/auto/TestSimple.xml
2 ms. Memory: 559104K Free: 508152K (91%)
----------------- Invoking toplevel() on ptolemy.moml.MoMLSimpleApplication@17cf581
----------------- Done invoking toplevel() on ptolemy.moml.MoMLSimpleApplication@17cf581
reloadAllAccessors: .TestSimple

===========================================================================================
----------------- testing Fri Jul 05 04:52:09 UTC 2019 /home/travis/build/icyphy/ptII/ptolemy/actor/lib/test/auto/ThrowModelError.xml
----------------- Instantiating /home/travis/build/icyphy/ptII/ptolemy/actor/lib/test/auto/ThrowModelError.xml
2 ms. Memory: 559104K Free: 503032K (90%)
----------------- Invoking toplevel() on ptolemy.moml.MoMLSimpleApplication@5221d93f
----------------- Done invoking toplevel() on ptolemy.moml.MoMLSimpleApplication@5221d93f
reloadAllAccessors: .ThrowModelError

===========================================================================================
----------------- testing Fri Jul 05 04:52:10 UTC 2019 /home/travis/build/icyphy/ptII/ptolemy/actor/lib/test/auto/TimeDelayMicrosteps.xml
----------------- Instantiating /home/travis/build/icyphy/ptII/ptolemy/actor/lib/test/auto/TimeDelayMicrosteps.xml
3 ms. Memory: 559104K Free: 496344K (89%)
----------------- Invoking toplevel() on ptolemy.moml.MoMLSimpleApplication@5a673b07
----------------- Done invoking toplevel() on ptolemy.moml.MoMLSimpleApplication@5a673b07
reloadAllAccessors: .TimeDelayMicrosteps

===========================================================================================
----------------- testing Fri Jul 05 04:52:10 UTC 2019 /home/travis/build/icyphy/ptII/ptolemy/actor/lib/test/auto/TimeDelayMicrosteps2.xml
----------------- Instantiating /home/travis/build/icyphy/ptII/ptolemy/actor/lib/test/auto/TimeDelayMicrosteps2.xml
5 ms. Memory: 559104K Free: 489176K (87%)
----------------- Invoking toplevel() on ptolemy.moml.MoMLSimpleApplication@4ad859ed
----------------- Done invoking toplevel() on ptolemy.moml.MoMLSimpleApplication@4ad859ed
reloadAllAccessors: .TimeDelayMicrosteps2

===========================================================================================
----------------- testing Fri Jul 05 04:52:10 UTC 2019 /home/travis/build/icyphy/ptII/ptolemy/actor/lib/test/auto/TimeDelayMicrosteps3.xml
----------------- Instantiating /home/travis/build/icyphy/ptII/ptolemy/actor/lib/test/auto/TimeDelayMicrosteps3.xml
3 ms. Memory: 559104K Free: 482552K (86%)
----------------- Invoking toplevel() on ptolemy.moml.MoMLSimpleApplication@299b68d4
----------------- Done invoking toplevel() on ptolemy.moml.MoMLSimpleApplication@299b68d4
reloadAllAccessors: .TimeDelayMicrosteps3

===========================================================================================
----------------- testing Fri Jul 05 04:52:10 UTC 2019 /home/travis/build/icyphy/ptII/ptolemy/actor/lib/test/auto/TimeDelayVariableMicrosteps.xml
----------------- Instantiating /home/travis/build/icyphy/ptII/ptolemy/actor/lib/test/auto/TimeDelayVariableMicrosteps.xml
4 ms. Memory: 559104K Free: 475894K (85%)
----------------- Invoking toplevel() on ptolemy.moml.MoMLSimpleApplication@1b1edbc2
----------------- Done invoking toplevel() on ptolemy.moml.MoMLSimpleApplication@1b1edbc2
reloadAllAccessors: .TimeDelayVariableMicrosteps

===========================================================================================
----------------- testing Fri Jul 05 04:52:10 UTC 2019 /home/travis/build/icyphy/ptII/ptolemy/actor/lib/test/auto/TimeGap.xml
----------------- Instantiating /home/travis/build/icyphy/ptII/ptolemy/actor/lib/test/auto/TimeGap.xml
4 ms. Memory: 559104K Free: 470768K (84%)
----------------- Invoking toplevel() on ptolemy.moml.MoMLSimpleApplication@441d03a
----------------- Done invoking toplevel() on ptolemy.moml.MoMLSimpleApplication@441d03a
reloadAllAccessors: .TimeGap

===========================================================================================
----------------- testing Fri Jul 05 04:52:10 UTC 2019 /home/travis/build/icyphy/ptII/ptolemy/actor/lib/test/auto/TimeGap2.xml
----------------- Instantiating /home/travis/build/icyphy/ptII/ptolemy/actor/lib/test/auto/TimeGap2.xml
11 ms. Memory: 559104K Free: 465144K (83%)
----------------- Invoking toplevel() on ptolemy.moml.MoMLSimpleApplication@48d3b5e2
----------------- Done invoking toplevel() on ptolemy.moml.MoMLSimpleApplication@48d3b5e2
reloadAllAccessors: .TimeGap2

===========================================================================================
----------------- testing Fri Jul 05 04:52:10 UTC 2019 /home/travis/build/icyphy/ptII/ptolemy/actor/lib/test/auto/TimedSinewave.xml
----------------- Instantiating /home/travis/build/icyphy/ptII/ptolemy/actor/lib/test/auto/TimedSinewave.xml
16 ms. Memory: 559104K Free: 450808K (81%)
----------------- Invoking toplevel() on ptolemy.moml.MoMLSimpleApplication@41aeaf58
----------------- Done invoking toplevel() on ptolemy.moml.MoMLSimpleApplication@41aeaf58
reloadAllAccessors: .TimedSinewave

===========================================================================================
----------------- testing Fri Jul 05 04:52:10 UTC 2019 /home/travis/build/icyphy/ptII/ptolemy/actor/lib/test/auto/TimedSinewavePhase.xml
----------------- Instantiating /home/travis/build/icyphy/ptII/ptolemy/actor/lib/test/auto/TimedSinewavePhase.xml
9 ms. Memory: 559104K Free: 440568K (79%)
----------------- Invoking toplevel() on ptolemy.moml.MoMLSimpleApplication@1d4a06e1
----------------- Done invoking toplevel() on ptolemy.moml.MoMLSimpleApplication@1d4a06e1
reloadAllAccessors: .TimedSinewavePhase

===========================================================================================
----------------- testing Fri Jul 05 04:52:10 UTC 2019 /home/travis/build/icyphy/ptII/ptolemy/actor/lib/test/auto/Timer.xml
----------------- Instantiating /home/travis/build/icyphy/ptII/ptolemy/actor/lib/test/auto/Timer.xml
4 ms. Memory: 559104K Free: 434920K (78%)
----------------- Invoking toplevel() on ptolemy.moml.MoMLSimpleApplication@30dab523
----------------- Done invoking toplevel() on ptolemy.moml.MoMLSimpleApplication@30dab523
reloadAllAccessors: .Timer

===========================================================================================
----------------- testing Fri Jul 05 04:52:10 UTC 2019 /home/travis/build/icyphy/ptII/ptolemy/actor/lib/test/auto/TriangularDistTestModel.xml
----------------- Instantiating /home/travis/build/icyphy/ptII/ptolemy/actor/lib/test/auto/TriangularDistTestModel.xml
2 ms. Memory: 559104K Free: 429304K (77%)
----------------- Invoking toplevel() on ptolemy.moml.MoMLSimpleApplication@1e311f0e
----------------- Done invoking toplevel() on ptolemy.moml.MoMLSimpleApplication@1e311f0e
reloadAllAccessors: .TriangularDistTestModel

===========================================================================================
----------------- testing Fri Jul 05 04:52:10 UTC 2019 /home/travis/build/icyphy/ptII/ptolemy/actor/lib/test/auto/TrigFunction.xml
----------------- Instantiating /home/travis/build/icyphy/ptII/ptolemy/actor/lib/test/auto/TrigFunction.xml
2 ms. Memory: 559104K Free: 424694K (76%)
----------------- Invoking toplevel() on ptolemy.moml.MoMLSimpleApplication@2806c879
----------------- Done invoking toplevel() on ptolemy.moml.MoMLSimpleApplication@2806c879
reloadAllAccessors: .TrigFunction

===========================================================================================
----------------- testing Fri Jul 05 04:52:10 UTC 2019 /home/travis/build/icyphy/ptII/ptolemy/actor/lib/test/auto/TrigFunctionDE.xml
----------------- Instantiating /home/travis/build/icyphy/ptII/ptolemy/actor/lib/test/auto/TrigFunctionDE.xml
2 ms. Memory: 559104K Free: 418544K (75%)
----------------- Invoking toplevel() on ptolemy.moml.MoMLSimpleApplication@4a4e6091
----------------- Done invoking toplevel() on ptolemy.moml.MoMLSimpleApplication@4a4e6091
reloadAllAccessors: .TrigFunctionDE

===========================================================================================
----------------- testing Fri Jul 05 04:52:10 UTC 2019 /home/travis/build/icyphy/ptII/ptolemy/actor/lib/test/auto/TrigFunctionInverse.xml
----------------- Instantiating /home/travis/build/icyphy/ptII/ptolemy/actor/lib/test/auto/TrigFunctionInverse.xml
5 ms. Memory: 559104K Free: 413430K (74%)
----------------- Invoking toplevel() on ptolemy.moml.MoMLSimpleApplication@1ff83dae
----------------- Done invoking toplevel() on ptolemy.moml.MoMLSimpleApplication@1ff83dae
reloadAllAccessors: .TrigFunctionInverse

===========================================================================================
----------------- testing Fri Jul 05 04:52:10 UTC 2019 /home/travis/build/icyphy/ptII/ptolemy/actor/lib/test/auto/TrigFunctionTan.xml
----------------- Instantiating /home/travis/build/icyphy/ptII/ptolemy/actor/lib/test/auto/TrigFunctionTan.xml
2 ms. Memory: 559104K Free: 409334K (73%)
----------------- Invoking toplevel() on ptolemy.moml.MoMLSimpleApplication@5363b1f6
----------------- Done invoking toplevel() on ptolemy.moml.MoMLSimpleApplication@5363b1f6
reloadAllAccessors: .TrigFunctionTan

===========================================================================================
----------------- testing Fri Jul 05 04:52:10 UTC 2019 /home/travis/build/icyphy/ptII/ptolemy/actor/lib/test/auto/TriggeredClock.xml
----------------- Instantiating /home/travis/build/icyphy/ptII/ptolemy/actor/lib/test/auto/TriggeredClock.xml
2 ms. Memory: 559104K Free: 404696K (72%)
----------------- Invoking toplevel() on ptolemy.moml.MoMLSimpleApplication@181c6f3b
----------------- Done invoking toplevel() on ptolemy.moml.MoMLSimpleApplication@181c6f3b
reloadAllAccessors: .TriggeredClock

===========================================================================================
----------------- testing Fri Jul 05 04:52:10 UTC 2019 /home/travis/build/icyphy/ptII/ptolemy/actor/lib/test/auto/URLDirectoryReader.xml
----------------- Instantiating /home/travis/build/icyphy/ptII/ptolemy/actor/lib/test/auto/URLDirectoryReader.xml
41 ms. Memory: 559104K Free: 394998K (71%)
----------------- Invoking toplevel() on ptolemy.moml.MoMLSimpleApplication@4110288a
----------------- Done invoking toplevel() on ptolemy.moml.MoMLSimpleApplication@4110288a
reloadAllAccessors: .URLDirectoryReader

===========================================================================================
----------------- testing Fri Jul 05 04:52:10 UTC 2019 /home/travis/build/icyphy/ptII/ptolemy/actor/lib/test/auto/URLDirectoryReader3.xml
----------------- Instantiating /home/travis/build/icyphy/ptII/ptolemy/actor/lib/test/auto/URLDirectoryReader3.xml
1188 ms. Memory: 559104K Free: 501759K (90%)
----------------- Invoking toplevel() on ptolemy.moml.MoMLSimpleApplication@1d676b5b
----------------- Done invoking toplevel() on ptolemy.moml.MoMLSimpleApplication@1d676b5b
reloadAllAccessors: .URLDirectoryReader3

===========================================================================================
----------------- testing Fri Jul 05 04:52:11 UTC 2019 /home/travis/build/icyphy/ptII/ptolemy/actor/lib/test/auto/UnaryMathFunction.xml
----------------- Instantiating /home/travis/build/icyphy/ptII/ptolemy/actor/lib/test/auto/UnaryMathFunction.xml
3 ms. Memory: 559104K Free: 492543K (88%)
----------------- Invoking toplevel() on ptolemy.moml.MoMLSimpleApplication@524b8e61
----------------- Done invoking toplevel() on ptolemy.moml.MoMLSimpleApplication@524b8e61
reloadAllAccessors: .UnaryMathFunction

===========================================================================================
----------------- testing Fri Jul 05 04:52:11 UTC 2019 /home/travis/build/icyphy/ptII/ptolemy/actor/lib/test/auto/Uniform.xml
----------------- Instantiating /home/travis/build/icyphy/ptII/ptolemy/actor/lib/test/auto/Uniform.xml
2 ms. Memory: 559104K Free: 487937K (87%)
----------------- Invoking toplevel() on ptolemy.moml.MoMLSimpleApplication@1af0fa70
----------------- Done invoking toplevel() on ptolemy.moml.MoMLSimpleApplication@1af0fa70
reloadAllAccessors: .Uniform

===========================================================================================
----------------- testing Fri Jul 05 04:52:11 UTC 2019 /home/travis/build/icyphy/ptII/ptolemy/actor/lib/test/auto/UnionDisassemblerTest.xml
----------------- Instantiating /home/travis/build/icyphy/ptII/ptolemy/actor/lib/test/auto/UnionDisassemblerTest.xml
27 ms. Memory: 559104K Free: 484345K (87%)
----------------- Invoking toplevel() on ptolemy.moml.MoMLSimpleApplication@6b1301
----------------- Done invoking toplevel() on ptolemy.moml.MoMLSimpleApplication@6b1301
reloadAllAccessors: .UnionDisassemblerTest

===========================================================================================
----------------- testing Fri Jul 05 04:52:12 UTC 2019 /home/travis/build/icyphy/ptII/ptolemy/actor/lib/test/auto/UtilityFunctions.xml
----------------- Instantiating /home/travis/build/icyphy/ptII/ptolemy/actor/lib/test/auto/UtilityFunctions.xml
1 ms. Memory: 559104K Free: 479745K (86%)
----------------- Invoking toplevel() on ptolemy.moml.MoMLSimpleApplication@1f6d7cbe
----------------- Done invoking toplevel() on ptolemy.moml.MoMLSimpleApplication@1f6d7cbe
reloadAllAccessors: .UtilityFunctions

===========================================================================================
----------------- testing Fri Jul 05 04:52:12 UTC 2019 /home/travis/build/icyphy/ptII/ptolemy/actor/lib/test/auto/VariableSleep.xml
----------------- Instantiating /home/travis/build/icyphy/ptII/ptolemy/actor/lib/test/auto/VariableSleep.xml
504 ms. Memory: 559104K Free: 474625K (85%)
----------------- Invoking toplevel() on ptolemy.moml.MoMLSimpleApplication@243b21d3
----------------- Done invoking toplevel() on ptolemy.moml.MoMLSimpleApplication@243b21d3
reloadAllAccessors: .VariableSleep

===========================================================================================
----------------- testing Fri Jul 05 04:52:12 UTC 2019 /home/travis/build/icyphy/ptII/ptolemy/actor/lib/test/auto/VectorAssemblerDisassemblerCT.xml
----------------- Instantiating /home/travis/build/icyphy/ptII/ptolemy/actor/lib/test/auto/VectorAssemblerDisassemblerCT.xml
80 ms. Memory: 559104K Free: 454655K (81%)
----------------- Invoking toplevel() on ptolemy.moml.MoMLSimpleApplication@27509a81
----------------- Done invoking toplevel() on ptolemy.moml.MoMLSimpleApplication@27509a81
reloadAllAccessors: .VectorAssemblerDisassemblerCT

===========================================================================================
----------------- testing Fri Jul 05 04:52:12 UTC 2019 /home/travis/build/icyphy/ptII/ptolemy/actor/lib/test/auto/VectorAssemblerDisassemblerDE.xml
----------------- Instantiating /home/travis/build/icyphy/ptII/ptolemy/actor/lib/test/auto/VectorAssemblerDisassemblerDE.xml
14 ms. Memory: 559104K Free: 446977K (80%)
----------------- Invoking toplevel() on ptolemy.moml.MoMLSimpleApplication@12256a51
----------------- Done invoking toplevel() on ptolemy.moml.MoMLSimpleApplication@12256a51
reloadAllAccessors: .VectorAssemblerDisassemblerDE

===========================================================================================
----------------- testing Fri Jul 05 04:52:12 UTC 2019 /home/travis/build/icyphy/ptII/ptolemy/actor/lib/test/auto/VectorAssemblerDisassemblerSDF.xml
----------------- Instantiating /home/travis/build/icyphy/ptII/ptolemy/actor/lib/test/auto/VectorAssemblerDisassemblerSDF.xml
3 ms. Memory: 559104K Free: 440833K (79%)
----------------- Invoking toplevel() on ptolemy.moml.MoMLSimpleApplication@f81ea6d
----------------- Done invoking toplevel() on ptolemy.moml.MoMLSimpleApplication@f81ea6d
reloadAllAccessors: .VectorAssemblerDisassemblerSDF

===========================================================================================
----------------- testing Fri Jul 05 04:52:12 UTC 2019 /home/travis/build/icyphy/ptII/ptolemy/actor/lib/test/auto/WallClockTime.xml
----------------- Instantiating /home/travis/build/icyphy/ptII/ptolemy/actor/lib/test/auto/WallClockTime.xml
1005 ms. Memory: 559104K Free: 435713K (78%)
----------------- Invoking toplevel() on ptolemy.moml.MoMLSimpleApplication@1c15e1d6
----------------- Done invoking toplevel() on ptolemy.moml.MoMLSimpleApplication@1c15e1d6
reloadAllAccessors: .WallClockTime

===========================================================================================
----------------- testing Fri Jul 05 04:52:13 UTC 2019 /home/travis/build/icyphy/ptII/ptolemy/actor/lib/test/auto/WidthTestWithSubscriberPublisher.xml
----------------- Instantiating /home/travis/build/icyphy/ptII/ptolemy/actor/lib/test/auto/WidthTestWithSubscriberPublisher.xml
9 ms. Memory: 559104K Free: 417791K (75%)
----------------- Invoking toplevel() on ptolemy.moml.MoMLSimpleApplication@37fb07cc
----------------- Done invoking toplevel() on ptolemy.moml.MoMLSimpleApplication@37fb07cc
reloadAllAccessors: .WidthTestWithSubscriberPublisher

===========================================================================================
----------------- testing Fri Jul 05 04:52:13 UTC 2019 /home/travis/build/icyphy/ptII/ptolemy/actor/lib/test/auto/WidthTestWithSubscriberPublisher2.xml
----------------- Instantiating /home/travis/build/icyphy/ptII/ptolemy/actor/lib/test/auto/WidthTestWithSubscriberPublisher2.xml
3 ms. Memory: 559104K Free: 410623K (73%)
----------------- Invoking toplevel() on ptolemy.moml.MoMLSimpleApplication@2eb60f02
----------------- Done invoking toplevel() on ptolemy.moml.MoMLSimpleApplication@2eb60f02
reloadAllAccessors: .WidthTestWithSubscriberPublisher2

===========================================================================================
----------------- testing Fri Jul 05 04:52:13 UTC 2019 /home/travis/build/icyphy/ptII/ptolemy/actor/lib/test/auto/WidthTestWithSubscriberPublisher3.xml
----------------- Instantiating /home/travis/build/icyphy/ptII/ptolemy/actor/lib/test/auto/WidthTestWithSubscriberPublisher3.xml
2 ms. Memory: 559104K Free: 404993K (72%)
----------------- Invoking toplevel() on ptolemy.moml.MoMLSimpleApplication@1af02656
----------------- Done invoking toplevel() on ptolemy.moml.MoMLSimpleApplication@1af02656
reloadAllAccessors: .WidthTestWithSubscriberPublisher3

===========================================================================================
----------------- testing Fri Jul 05 04:52:13 UTC 2019 /home/travis/build/icyphy/ptII/ptolemy/actor/lib/test/auto/Writer.xml
----------------- Instantiating /home/travis/build/icyphy/ptII/ptolemy/actor/lib/test/auto/Writer.xml
0
1
2
3
4
2 ms. Memory: 559104K Free: 400897K (72%)
----------------- Invoking toplevel() on ptolemy.moml.MoMLSimpleApplication@34116091
----------------- Done invoking toplevel() on ptolemy.moml.MoMLSimpleApplication@34116091
reloadAllAccessors: .Writer

===========================================================================================
----------------- testing Fri Jul 05 04:52:13 UTC 2019 /home/travis/build/icyphy/ptII/ptolemy/actor/lib/test/auto/array.xml
----------------- Instantiating /home/travis/build/icyphy/ptII/ptolemy/actor/lib/test/auto/array.xml
2 ms. Memory: 559104K Free: 395777K (71%)
----------------- Invoking toplevel() on ptolemy.moml.MoMLSimpleApplication@4254e6e1
----------------- Done invoking toplevel() on ptolemy.moml.MoMLSimpleApplication@4254e6e1
reloadAllAccessors: .array

===========================================================================================
----------------- testing Fri Jul 05 04:52:13 UTC 2019 /home/travis/build/icyphy/ptII/ptolemy/actor/lib/test/auto/array2.xml
----------------- Instantiating /home/travis/build/icyphy/ptII/ptolemy/actor/lib/test/auto/array2.xml
6 ms. Memory: 559104K Free: 391153K (70%)
----------------- Invoking toplevel() on ptolemy.moml.MoMLSimpleApplication@60166f1d
----------------- Done invoking toplevel() on ptolemy.moml.MoMLSimpleApplication@60166f1d
reloadAllAccessors: .array2

===========================================================================================
----------------- testing Fri Jul 05 04:52:13 UTC 2019 /home/travis/build/icyphy/ptII/ptolemy/actor/lib/test/auto/arrayType.xml
----------------- Instantiating /home/travis/build/icyphy/ptII/ptolemy/actor/lib/test/auto/arrayType.xml
2 ms. Memory: 559104K Free: 386033K (69%)
----------------- Invoking toplevel() on ptolemy.moml.MoMLSimpleApplication@4290f7b7
----------------- Done invoking toplevel() on ptolemy.moml.MoMLSimpleApplication@4290f7b7
reloadAllAccessors: .arrayType

===========================================================================================
----------------- testing Fri Jul 05 04:52:13 UTC 2019 /home/travis/build/icyphy/ptII/ptolemy/actor/lib/test/auto/arrayType10.xml
----------------- Instantiating /home/travis/build/icyphy/ptII/ptolemy/actor/lib/test/auto/arrayType10.xml
2 ms. Memory: 559104K Free: 380927K (68%)
----------------- Invoking toplevel() on ptolemy.moml.MoMLSimpleApplication@10b8a97c
----------------- Done invoking toplevel() on ptolemy.moml.MoMLSimpleApplication@10b8a97c
reloadAllAccessors: .arrayType10

===========================================================================================
----------------- testing Fri Jul 05 04:52:13 UTC 2019 /home/travis/build/icyphy/ptII/ptolemy/actor/lib/test/auto/arrayType11.xml
----------------- Instantiating /home/travis/build/icyphy/ptII/ptolemy/actor/lib/test/auto/arrayType11.xml
2 ms. Memory: 559104K Free: 376321K (67%)
----------------- Invoking toplevel() on ptolemy.moml.MoMLSimpleApplication@683c23
----------------- Done invoking toplevel() on ptolemy.moml.MoMLSimpleApplication@683c23
reloadAllAccessors: .arrayType11

===========================================================================================
----------------- testing Fri Jul 05 04:52:13 UTC 2019 /home/travis/build/icyphy/ptII/ptolemy/actor/lib/test/auto/arrayType12.xml
----------------- Instantiating /home/travis/build/icyphy/ptII/ptolemy/actor/lib/test/auto/arrayType12.xml
8 ms. Memory: 559104K Free: 371711K (66%)
----------------- Invoking toplevel() on ptolemy.moml.MoMLSimpleApplication@76cba002
----------------- Done invoking toplevel() on ptolemy.moml.MoMLSimpleApplication@76cba002
reloadAllAccessors: .arrayType12

===========================================================================================
----------------- testing Fri Jul 05 04:52:14 UTC 2019 /home/travis/build/icyphy/ptII/ptolemy/actor/lib/test/auto/arrayType13.xml
----------------- Instantiating /home/travis/build/icyphy/ptII/ptolemy/actor/lib/test/auto/arrayType13.xml
1 ms. Memory: 559104K Free: 366081K (65%)
----------------- Invoking toplevel() on ptolemy.moml.MoMLSimpleApplication@5ec42a69
----------------- Done invoking toplevel() on ptolemy.moml.MoMLSimpleApplication@5ec42a69
reloadAllAccessors: .arrayType13

===========================================================================================
----------------- testing Fri Jul 05 04:52:14 UTC 2019 /home/travis/build/icyphy/ptII/ptolemy/actor/lib/test/auto/arrayType14.xml
----------------- Instantiating /home/travis/build/icyphy/ptII/ptolemy/actor/lib/test/auto/arrayType14.xml
3 ms. Memory: 559104K Free: 360961K (65%)
----------------- Invoking toplevel() on ptolemy.moml.MoMLSimpleApplication@6ac172f1
----------------- Done invoking toplevel() on ptolemy.moml.MoMLSimpleApplication@6ac172f1
reloadAllAccessors: .arrayType14

===========================================================================================
----------------- testing Fri Jul 05 04:52:14 UTC 2019 /home/travis/build/icyphy/ptII/ptolemy/actor/lib/test/auto/arrayType15.xml
----------------- Instantiating /home/travis/build/icyphy/ptII/ptolemy/actor/lib/test/auto/arrayType15.xml
1 ms. Memory: 559104K Free: 355841K (64%)
----------------- Invoking toplevel() on ptolemy.moml.MoMLSimpleApplication@4d1a1bc5
----------------- Done invoking toplevel() on ptolemy.moml.MoMLSimpleApplication@4d1a1bc5
reloadAllAccessors: .arrayType15

===========================================================================================
----------------- testing Fri Jul 05 04:52:14 UTC 2019 /home/travis/build/icyphy/ptII/ptolemy/actor/lib/test/auto/arrayType16.xml
----------------- Instantiating /home/travis/build/icyphy/ptII/ptolemy/actor/lib/test/auto/arrayType16.xml
1 ms. Memory: 559104K Free: 350207K (63%)
----------------- Invoking toplevel() on ptolemy.moml.MoMLSimpleApplication@9a0eb07
----------------- Done invoking toplevel() on ptolemy.moml.MoMLSimpleApplication@9a0eb07
reloadAllAccessors: .arrayType16

===========================================================================================
----------------- testing Fri Jul 05 04:52:14 UTC 2019 /home/travis/build/icyphy/ptII/ptolemy/actor/lib/test/auto/arrayType17.xml
----------------- Instantiating /home/travis/build/icyphy/ptII/ptolemy/actor/lib/test/auto/arrayType17.xml
2 ms. Memory: 559104K Free: 345087K (62%)
----------------- Invoking toplevel() on ptolemy.moml.MoMLSimpleApplication@8eca139
----------------- Done invoking toplevel() on ptolemy.moml.MoMLSimpleApplication@8eca139
reloadAllAccessors: .arrayType17

===========================================================================================
----------------- testing Fri Jul 05 04:52:14 UTC 2019 /home/travis/build/icyphy/ptII/ptolemy/actor/lib/test/auto/arrayType18.xml
----------------- Instantiating /home/travis/build/icyphy/ptII/ptolemy/actor/lib/test/auto/arrayType18.xml
8 ms. Memory: 559104K Free: 340481K (61%)
----------------- Invoking toplevel() on ptolemy.moml.MoMLSimpleApplication@7862fdac
----------------- Done invoking toplevel() on ptolemy.moml.MoMLSimpleApplication@7862fdac
reloadAllAccessors: .arrayType18

===========================================================================================
----------------- testing Fri Jul 05 04:52:14 UTC 2019 /home/travis/build/icyphy/ptII/ptolemy/actor/lib/test/auto/arrayType19.xml
----------------- Instantiating /home/travis/build/icyphy/ptII/ptolemy/actor/lib/test/auto/arrayType19.xml
1 ms. Memory: 559104K Free: 335361K (60%)
----------------- Invoking toplevel() on ptolemy.moml.MoMLSimpleApplication@35b123bb
----------------- Done invoking toplevel() on ptolemy.moml.MoMLSimpleApplication@35b123bb
reloadAllAccessors: .arrayType19

===========================================================================================
----------------- testing Fri Jul 05 04:52:14 UTC 2019 /home/travis/build/icyphy/ptII/ptolemy/actor/lib/test/auto/arrayType2.xml
----------------- Instantiating /home/travis/build/icyphy/ptII/ptolemy/actor/lib/test/auto/arrayType2.xml
2 ms. Memory: 559104K Free: 330241K (59%)
----------------- Invoking toplevel() on ptolemy.moml.MoMLSimpleApplication@f1cccac
----------------- Done invoking toplevel() on ptolemy.moml.MoMLSimpleApplication@f1cccac
reloadAllAccessors: .arrayType2

===========================================================================================
----------------- testing Fri Jul 05 04:52:14 UTC 2019 /home/travis/build/icyphy/ptII/ptolemy/actor/lib/test/auto/arrayType20.xml
----------------- Instantiating /home/travis/build/icyphy/ptII/ptolemy/actor/lib/test/auto/arrayType20.xml
2 ms. Memory: 559104K Free: 325631K (58%)
----------------- Invoking toplevel() on ptolemy.moml.MoMLSimpleApplication@5d82bf10
----------------- Done invoking toplevel() on ptolemy.moml.MoMLSimpleApplication@5d82bf10
reloadAllAccessors: .arrayType20

===========================================================================================
----------------- testing Fri Jul 05 04:52:14 UTC 2019 /home/travis/build/icyphy/ptII/ptolemy/actor/lib/test/auto/arrayType21.xml
----------------- Instantiating /home/travis/build/icyphy/ptII/ptolemy/actor/lib/test/auto/arrayType21.xml
1 ms. Memory: 559104K Free: 320511K (57%)
----------------- Invoking toplevel() on ptolemy.moml.MoMLSimpleApplication@1c8b5439
----------------- Done invoking toplevel() on ptolemy.moml.MoMLSimpleApplication@1c8b5439
reloadAllAccessors: .arrayType21

===========================================================================================
----------------- testing Fri Jul 05 04:52:14 UTC 2019 /home/travis/build/icyphy/ptII/ptolemy/actor/lib/test/auto/arrayType22.xml
----------------- Instantiating /home/travis/build/icyphy/ptII/ptolemy/actor/lib/test/auto/arrayType22.xml
2 ms. Memory: 559104K Free: 315905K (57%)
----------------- Invoking toplevel() on ptolemy.moml.MoMLSimpleApplication@2e1defed
----------------- Done invoking toplevel() on ptolemy.moml.MoMLSimpleApplication@2e1defed
reloadAllAccessors: .arrayType22

===========================================================================================
----------------- testing Fri Jul 05 04:52:14 UTC 2019 /home/travis/build/icyphy/ptII/ptolemy/actor/lib/test/auto/arrayType23.xml
----------------- Instantiating /home/travis/build/icyphy/ptII/ptolemy/actor/lib/test/auto/arrayType23.xml
3 ms. Memory: 559104K Free: 311295K (56%)
----------------- Invoking toplevel() on ptolemy.moml.MoMLSimpleApplication@4a6aeb0f
----------------- Done invoking toplevel() on ptolemy.moml.MoMLSimpleApplication@4a6aeb0f
reloadAllAccessors: .arrayType23

===========================================================================================
----------------- testing Fri Jul 05 04:52:14 UTC 2019 /home/travis/build/icyphy/ptII/ptolemy/actor/lib/test/auto/arrayType24.xml
----------------- Instantiating /home/travis/build/icyphy/ptII/ptolemy/actor/lib/test/auto/arrayType24.xml
2 ms. Memory: 559104K Free: 306175K (55%)
----------------- Invoking toplevel() on ptolemy.moml.MoMLSimpleApplication@cd2a00d
----------------- Done invoking toplevel() on ptolemy.moml.MoMLSimpleApplication@cd2a00d
reloadAllAccessors: .arrayType24

===========================================================================================
----------------- testing Fri Jul 05 04:52:14 UTC 2019 /home/travis/build/icyphy/ptII/ptolemy/actor/lib/test/auto/arrayType25.xml
----------------- Instantiating /home/travis/build/icyphy/ptII/ptolemy/actor/lib/test/auto/arrayType25.xml
2 ms. Memory: 559104K Free: 301055K (54%)
----------------- Invoking toplevel() on ptolemy.moml.MoMLSimpleApplication@302fcf94
----------------- Done invoking toplevel() on ptolemy.moml.MoMLSimpleApplication@302fcf94
reloadAllAccessors: .arrayType25

===========================================================================================
----------------- testing Fri Jul 05 04:52:14 UTC 2019 /home/travis/build/icyphy/ptII/ptolemy/actor/lib/test/auto/arrayType26.xml
----------------- Instantiating /home/travis/build/icyphy/ptII/ptolemy/actor/lib/test/auto/arrayType26.xml
2 ms. Memory: 559104K Free: 295425K (53%)
----------------- Invoking toplevel() on ptolemy.moml.MoMLSimpleApplication@f77d5f
----------------- Done invoking toplevel() on ptolemy.moml.MoMLSimpleApplication@f77d5f
reloadAllAccessors: .arrayType26

===========================================================================================
----------------- testing Fri Jul 05 04:52:14 UTC 2019 /home/travis/build/icyphy/ptII/ptolemy/actor/lib/test/auto/arrayType27.xml
----------------- Instantiating /home/travis/build/icyphy/ptII/ptolemy/actor/lib/test/auto/arrayType27.xml
1 ms. Memory: 559104K Free: 290305K (52%)
----------------- Invoking toplevel() on ptolemy.moml.MoMLSimpleApplication@73475ef3
----------------- Done invoking toplevel() on ptolemy.moml.MoMLSimpleApplication@73475ef3
reloadAllAccessors: .arrayType27

===========================================================================================
----------------- testing Fri Jul 05 04:52:14 UTC 2019 /home/travis/build/icyphy/ptII/ptolemy/actor/lib/test/auto/arrayType28.xml
----------------- Instantiating /home/travis/build/icyphy/ptII/ptolemy/actor/lib/test/auto/arrayType28.xml
2 ms. Memory: 559104K Free: 285185K (51%)
----------------- Invoking toplevel() on ptolemy.moml.MoMLSimpleApplication@1e74a428
----------------- Done invoking toplevel() on ptolemy.moml.MoMLSimpleApplication@1e74a428
reloadAllAccessors: .arrayType28

===========================================================================================
----------------- testing Fri Jul 05 04:52:14 UTC 2019 /home/travis/build/icyphy/ptII/ptolemy/actor/lib/test/auto/arrayType3.xml
----------------- Instantiating /home/travis/build/icyphy/ptII/ptolemy/actor/lib/test/auto/arrayType3.xml
1 ms. Memory: 559104K Free: 279551K (50%)
----------------- Invoking toplevel() on ptolemy.moml.MoMLSimpleApplication@e747726
----------------- Done invoking toplevel() on ptolemy.moml.MoMLSimpleApplication@e747726
reloadAllAccessors: .arrayType3

===========================================================================================
----------------- testing Fri Jul 05 04:52:14 UTC 2019 /home/travis/build/icyphy/ptII/ptolemy/actor/lib/test/auto/arrayType4.xml
----------------- Instantiating /home/travis/build/icyphy/ptII/ptolemy/actor/lib/test/auto/arrayType4.xml
2 ms. Memory: 559104K Free: 274431K (49%)
----------------- Invoking toplevel() on ptolemy.moml.MoMLSimpleApplication@3d6ca363
----------------- Done invoking toplevel() on ptolemy.moml.MoMLSimpleApplication@3d6ca363
reloadAllAccessors: .arrayType4

===========================================================================================
----------------- testing Fri Jul 05 04:52:14 UTC 2019 /home/travis/build/icyphy/ptII/ptolemy/actor/lib/test/auto/arrayType5.xml
----------------- Instantiating /home/travis/build/icyphy/ptII/ptolemy/actor/lib/test/auto/arrayType5.xml
1 ms. Memory: 559104K Free: 268801K (48%)
----------------- Invoking toplevel() on ptolemy.moml.MoMLSimpleApplication@3ac09306
----------------- Done invoking toplevel() on ptolemy.moml.MoMLSimpleApplication@3ac09306
reloadAllAccessors: .arrayType5

===========================================================================================
----------------- testing Fri Jul 05 04:52:14 UTC 2019 /home/travis/build/icyphy/ptII/ptolemy/actor/lib/test/auto/arrayType6.xml
----------------- Instantiating /home/travis/build/icyphy/ptII/ptolemy/actor/lib/test/auto/arrayType6.xml
3 ms. Memory: 559104K Free: 264191K (47%)
----------------- Invoking toplevel() on ptolemy.moml.MoMLSimpleApplication@e23e116
----------------- Done invoking toplevel() on ptolemy.moml.MoMLSimpleApplication@e23e116
reloadAllAccessors: .arrayType6

===========================================================================================
----------------- testing Fri Jul 05 04:52:14 UTC 2019 /home/travis/build/icyphy/ptII/ptolemy/actor/lib/test/auto/arrayType7.xml
----------------- Instantiating /home/travis/build/icyphy/ptII/ptolemy/actor/lib/test/auto/arrayType7.xml
8 ms. Memory: 559104K Free: 259585K (46%)
----------------- Invoking toplevel() on ptolemy.moml.MoMLSimpleApplication@56c6a9e
----------------- Done invoking toplevel() on ptolemy.moml.MoMLSimpleApplication@56c6a9e
reloadAllAccessors: .arrayType7

===========================================================================================
----------------- testing Fri Jul 05 04:52:14 UTC 2019 /home/travis/build/icyphy/ptII/ptolemy/actor/lib/test/auto/arrayType8.xml
----------------- Instantiating /home/travis/build/icyphy/ptII/ptolemy/actor/lib/test/auto/arrayType8.xml
2 ms. Memory: 559104K Free: 254465K (46%)
----------------- Invoking toplevel() on ptolemy.moml.MoMLSimpleApplication@771f2195
----------------- Done invoking toplevel() on ptolemy.moml.MoMLSimpleApplication@771f2195
reloadAllAccessors: .arrayType8

===========================================================================================
----------------- testing Fri Jul 05 04:52:14 UTC 2019 /home/travis/build/icyphy/ptII/ptolemy/actor/lib/test/auto/arrayType9.xml
----------------- Instantiating /home/travis/build/icyphy/ptII/ptolemy/actor/lib/test/auto/arrayType9.xml
1 ms. Memory: 559104K Free: 249855K (45%)
----------------- Invoking toplevel() on ptolemy.moml.MoMLSimpleApplication@17ba152e
----------------- Done invoking toplevel() on ptolemy.moml.MoMLSimpleApplication@17ba152e
reloadAllAccessors: .arrayType9

===========================================================================================
----------------- testing Fri Jul 05 04:52:14 UTC 2019 /home/travis/build/icyphy/ptII/ptolemy/actor/lib/test/auto/cast.xml
----------------- Instantiating /home/travis/build/icyphy/ptII/ptolemy/actor/lib/test/auto/cast.xml
3 ms. Memory: 559104K Free: 244735K (44%)
----------------- Invoking toplevel() on ptolemy.moml.MoMLSimpleApplication@7d6a3ac6
----------------- Done invoking toplevel() on ptolemy.moml.MoMLSimpleApplication@7d6a3ac6
reloadAllAccessors: .cast

===========================================================================================
----------------- testing Fri Jul 05 04:52:14 UTC 2019 /home/travis/build/icyphy/ptII/ptolemy/actor/lib/test/auto/compositeMultiPort.xml
----------------- Instantiating /home/travis/build/icyphy/ptII/ptolemy/actor/lib/test/auto/compositeMultiPort.xml
3 ms. Memory: 559104K Free: 236033K (42%)
----------------- Invoking toplevel() on ptolemy.moml.MoMLSimpleApplication@d7bd7bb
----------------- Done invoking toplevel() on ptolemy.moml.MoMLSimpleApplication@d7bd7bb
reloadAllAccessors: .compositeMultiPort

===========================================================================================
----------------- testing Fri Jul 05 04:52:14 UTC 2019 /home/travis/build/icyphy/ptII/ptolemy/actor/lib/test/auto/expressionCastInference.xml
----------------- Instantiating /home/travis/build/icyphy/ptII/ptolemy/actor/lib/test/auto/expressionCastInference.xml
2 ms. Memory: 559104K Free: 231423K (41%)
----------------- Invoking toplevel() on ptolemy.moml.MoMLSimpleApplication@ddea53
----------------- Done invoking toplevel() on ptolemy.moml.MoMLSimpleApplication@ddea53
reloadAllAccessors: .expressionCastInference

===========================================================================================
----------------- testing Fri Jul 05 04:52:14 UTC 2019 /home/travis/build/icyphy/ptII/ptolemy/actor/lib/test/auto/expressionCastInference2.xml
----------------- Instantiating /home/travis/build/icyphy/ptII/ptolemy/actor/lib/test/auto/expressionCastInference2.xml
3 ms. Memory: 559104K Free: 226303K (40%)
----------------- Invoking toplevel() on ptolemy.moml.MoMLSimpleApplication@34d7e006
----------------- Done invoking toplevel() on ptolemy.moml.MoMLSimpleApplication@34d7e006
reloadAllAccessors: .expressionCastInference2

===========================================================================================
----------------- testing Fri Jul 05 04:52:14 UTC 2019 /home/travis/build/icyphy/ptII/ptolemy/actor/lib/test/auto/expressionInference.xml
----------------- Instantiating /home/travis/build/icyphy/ptII/ptolemy/actor/lib/test/auto/expressionInference.xml
2 ms. Memory: 559104K Free: 222207K (40%)
----------------- Invoking toplevel() on ptolemy.moml.MoMLSimpleApplication@7310668d
----------------- Done invoking toplevel() on ptolemy.moml.MoMLSimpleApplication@7310668d
reloadAllAccessors: .expressionInference

===========================================================================================
----------------- testing Fri Jul 05 04:52:14 UTC 2019 /home/travis/build/icyphy/ptII/ptolemy/actor/lib/test/auto/expression_bug.xml
----------------- Instantiating /home/travis/build/icyphy/ptII/ptolemy/actor/lib/test/auto/expression_bug.xml
2 ms. Memory: 559104K Free: 217601K (39%)
----------------- Invoking toplevel() on ptolemy.moml.MoMLSimpleApplication@4e7313a9
----------------- Done invoking toplevel() on ptolemy.moml.MoMLSimpleApplication@4e7313a9
reloadAllAccessors: .expression_bug

===========================================================================================
----------------- testing Fri Jul 05 04:52:14 UTC 2019 /home/travis/build/icyphy/ptII/ptolemy/actor/lib/test/auto/factorial.xml
----------------- Instantiating /home/travis/build/icyphy/ptII/ptolemy/actor/lib/test/auto/factorial.xml
48 ms. Memory: 559104K Free: 209409K (37%)
----------------- Invoking toplevel() on ptolemy.moml.MoMLSimpleApplication@64e27108
----------------- Done invoking toplevel() on ptolemy.moml.MoMLSimpleApplication@64e27108
reloadAllAccessors: .factorial

===========================================================================================
----------------- testing Fri Jul 05 04:52:14 UTC 2019 /home/travis/build/icyphy/ptII/ptolemy/actor/lib/test/auto/filterTest1.xml
----------------- Instantiating /home/travis/build/icyphy/ptII/ptolemy/actor/lib/test/auto/filterTest1.xml
4 ms. Memory: 559104K Free: 203775K (36%)
----------------- Invoking toplevel() on ptolemy.moml.MoMLSimpleApplication@51c7d7ad
----------------- Done invoking toplevel() on ptolemy.moml.MoMLSimpleApplication@51c7d7ad
reloadAllAccessors: .filterTest1

===========================================================================================
----------------- testing Fri Jul 05 04:52:14 UTC 2019 /home/travis/build/icyphy/ptII/ptolemy/actor/lib/test/auto/funcApplyInConst.xml
----------------- Instantiating /home/travis/build/icyphy/ptII/ptolemy/actor/lib/test/auto/funcApplyInConst.xml
1 ms. Memory: 559104K Free: 199679K (36%)
----------------- Invoking toplevel() on ptolemy.moml.MoMLSimpleApplication@13710601
----------------- Done invoking toplevel() on ptolemy.moml.MoMLSimpleApplication@13710601
reloadAllAccessors: .funcApplyInConst

===========================================================================================
----------------- testing Fri Jul 05 04:52:14 UTC 2019 /home/travis/build/icyphy/ptII/ptolemy/actor/lib/test/auto/funcApplyInExpr.xml
----------------- Instantiating /home/travis/build/icyphy/ptII/ptolemy/actor/lib/test/auto/funcApplyInExpr.xml
2 ms. Memory: 559104K Free: 196097K (35%)
----------------- Invoking toplevel() on ptolemy.moml.MoMLSimpleApplication@2321833e
----------------- Done invoking toplevel() on ptolemy.moml.MoMLSimpleApplication@2321833e
reloadAllAccessors: .funcApplyInExpr

===========================================================================================
----------------- testing Fri Jul 05 04:52:14 UTC 2019 /home/travis/build/icyphy/ptII/ptolemy/actor/lib/test/auto/function.xml
----------------- Instantiating /home/travis/build/icyphy/ptII/ptolemy/actor/lib/test/auto/function.xml
2 ms. Memory: 559104K Free: 190977K (34%)
----------------- Invoking toplevel() on ptolemy.moml.MoMLSimpleApplication@78207644
----------------- Done invoking toplevel() on ptolemy.moml.MoMLSimpleApplication@78207644
reloadAllAccessors: .function

===========================================================================================
----------------- testing Fri Jul 05 04:52:14 UTC 2019 /home/travis/build/icyphy/ptII/ptolemy/actor/lib/test/auto/function2.xml
----------------- Instantiating /home/travis/build/icyphy/ptII/ptolemy/actor/lib/test/auto/function2.xml
2 ms. Memory: 559104K Free: 186367K (33%)
----------------- Invoking toplevel() on ptolemy.moml.MoMLSimpleApplication@4a7fe6f4
----------------- Done invoking toplevel() on ptolemy.moml.MoMLSimpleApplication@4a7fe6f4
reloadAllAccessors: .function2

===========================================================================================
----------------- testing Fri Jul 05 04:52:14 UTC 2019 /home/travis/build/icyphy/ptII/ptolemy/actor/lib/test/auto/function3.xml
----------------- Instantiating /home/travis/build/icyphy/ptII/ptolemy/actor/lib/test/auto/function3.xml
2 ms. Memory: 559104K Free: 182271K (33%)
----------------- Invoking toplevel() on ptolemy.moml.MoMLSimpleApplication@4ba4184d
----------------- Done invoking toplevel() on ptolemy.moml.MoMLSimpleApplication@4ba4184d
reloadAllAccessors: .function3

===========================================================================================
----------------- testing Fri Jul 05 04:52:14 UTC 2019 /home/travis/build/icyphy/ptII/ptolemy/actor/lib/test/auto/functionClosureTest1.xml
----------------- Instantiating /home/travis/build/icyphy/ptII/ptolemy/actor/lib/test/auto/functionClosureTest1.xml
37 ms. Memory: 559104K Free: 505241K (90%)
----------------- Invoking toplevel() on ptolemy.moml.MoMLSimpleApplication@58623c2e
----------------- Done invoking toplevel() on ptolemy.moml.MoMLSimpleApplication@58623c2e
reloadAllAccessors: .functionClosureTest1

===========================================================================================
----------------- testing Fri Jul 05 04:52:14 UTC 2019 /home/travis/build/icyphy/ptII/ptolemy/actor/lib/test/auto/functionClosureTest2.xml
----------------- Instantiating /home/travis/build/icyphy/ptII/ptolemy/actor/lib/test/auto/functionClosureTest2.xml
2 ms. Memory: 559104K Free: 500896K (90%)
----------------- Invoking toplevel() on ptolemy.moml.MoMLSimpleApplication@41ada40d
----------------- Done invoking toplevel() on ptolemy.moml.MoMLSimpleApplication@41ada40d
reloadAllAccessors: .functionClosureTest2

===========================================================================================
----------------- testing Fri Jul 05 04:52:14 UTC 2019 /home/travis/build/icyphy/ptII/ptolemy/actor/lib/test/auto/functionClosureTest3.xml
----------------- Instantiating /home/travis/build/icyphy/ptII/ptolemy/actor/lib/test/auto/functionClosureTest3.xml
16 ms. Memory: 559104K Free: 495776K (89%)
----------------- Invoking toplevel() on ptolemy.moml.MoMLSimpleApplication@6e1aadbc
----------------- Done invoking toplevel() on ptolemy.moml.MoMLSimpleApplication@6e1aadbc
reloadAllAccessors: .functionClosureTest3

===========================================================================================
----------------- testing Fri Jul 05 04:52:14 UTC 2019 /home/travis/build/icyphy/ptII/ptolemy/actor/lib/test/auto/functionClosureTest4.xml
----------------- Instantiating /home/travis/build/icyphy/ptII/ptolemy/actor/lib/test/auto/functionClosureTest4.xml
5 ms. Memory: 559104K Free: 489118K (87%)
----------------- Invoking toplevel() on ptolemy.moml.MoMLSimpleApplication@59917e6c
----------------- Done invoking toplevel() on ptolemy.moml.MoMLSimpleApplication@59917e6c
reloadAllAccessors: .functionClosureTest4

===========================================================================================
----------------- testing Fri Jul 05 04:52:14 UTC 2019 /home/travis/build/icyphy/ptII/ptolemy/actor/lib/test/auto/functionClosureTest5.xml
----------------- Instantiating /home/travis/build/icyphy/ptII/ptolemy/actor/lib/test/auto/functionClosureTest5.xml
5 ms. Memory: 559104K Free: 483968K (87%)
----------------- Invoking toplevel() on ptolemy.moml.MoMLSimpleApplication@27044626
----------------- Done invoking toplevel() on ptolemy.moml.MoMLSimpleApplication@27044626
reloadAllAccessors: .functionClosureTest5

===========================================================================================
----------------- testing Fri Jul 05 04:52:14 UTC 2019 /home/travis/build/icyphy/ptII/ptolemy/actor/lib/test/auto/functionClosureTest6.xml
----------------- Instantiating /home/travis/build/icyphy/ptII/ptolemy/actor/lib/test/auto/functionClosureTest6.xml
2 ms. Memory: 559104K Free: 478878K (86%)
----------------- Invoking toplevel() on ptolemy.moml.MoMLSimpleApplication@34927b2e
----------------- Done invoking toplevel() on ptolemy.moml.MoMLSimpleApplication@34927b2e
reloadAllAccessors: .functionClosureTest6

===========================================================================================
----------------- testing Fri Jul 05 04:52:14 UTC 2019 /home/travis/build/icyphy/ptII/ptolemy/actor/lib/test/auto/functionsOnArcs.xml
----------------- Instantiating /home/travis/build/icyphy/ptII/ptolemy/actor/lib/test/auto/functionsOnArcs.xml
2 ms. Memory: 559104K Free: 473758K (85%)
----------------- Invoking toplevel() on ptolemy.moml.MoMLSimpleApplication@616d9b8c
----------------- Done invoking toplevel() on ptolemy.moml.MoMLSimpleApplication@616d9b8c
reloadAllAccessors: .functionsOnArcs

===========================================================================================
----------------- testing Fri Jul 05 04:52:15 UTC 2019 /home/travis/build/icyphy/ptII/ptolemy/actor/lib/test/auto/functionsOnArcsHOF.xml
----------------- Instantiating /home/travis/build/icyphy/ptII/ptolemy/actor/lib/test/auto/functionsOnArcsHOF.xml
14 ms. Memory: 559104K Free: 467614K (84%)
----------------- Invoking toplevel() on ptolemy.moml.MoMLSimpleApplication@4902e217
----------------- Done invoking toplevel() on ptolemy.moml.MoMLSimpleApplication@4902e217
reloadAllAccessors: .functionsOnArcsHOF

===========================================================================================
----------------- testing Fri Jul 05 04:52:15 UTC 2019 /home/travis/build/icyphy/ptII/ptolemy/actor/lib/test/auto/logic.xml
----------------- Instantiating /home/travis/build/icyphy/ptII/ptolemy/actor/lib/test/auto/logic.xml
2 ms. Memory: 559104K Free: 460446K (82%)
----------------- Invoking toplevel() on ptolemy.moml.MoMLSimpleApplication@2a550e77
----------------- Done invoking toplevel() on ptolemy.moml.MoMLSimpleApplication@2a550e77
reloadAllAccessors: .logic

===========================================================================================
----------------- testing Fri Jul 05 04:52:15 UTC 2019 /home/travis/build/icyphy/ptII/ptolemy/actor/lib/test/auto/matrixType.xml
----------------- Instantiating /home/travis/build/icyphy/ptII/ptolemy/actor/lib/test/auto/matrixType.xml
1 ms. Memory: 559104K Free: 455326K (81%)
----------------- Invoking toplevel() on ptolemy.moml.MoMLSimpleApplication@5a1a1925
----------------- Done invoking toplevel() on ptolemy.moml.MoMLSimpleApplication@5a1a1925
reloadAllAccessors: .matrixType

===========================================================================================
----------------- testing Fri Jul 05 04:52:15 UTC 2019 /home/travis/build/icyphy/ptII/ptolemy/actor/lib/test/auto/matrixType10.xml
----------------- Instantiating /home/travis/build/icyphy/ptII/ptolemy/actor/lib/test/auto/matrixType10.xml
3 ms. Memory: 559104K Free: 450720K (81%)
----------------- Invoking toplevel() on ptolemy.moml.MoMLSimpleApplication@56aa1a7a
----------------- Done invoking toplevel() on ptolemy.moml.MoMLSimpleApplication@56aa1a7a
reloadAllAccessors: .matrixType10

===========================================================================================
----------------- testing Fri Jul 05 04:52:15 UTC 2019 /home/travis/build/icyphy/ptII/ptolemy/actor/lib/test/auto/matrixType11.xml
----------------- Instantiating /home/travis/build/icyphy/ptII/ptolemy/actor/lib/test/auto/matrixType11.xml
2 ms. Memory: 559104K Free: 445600K (80%)
----------------- Invoking toplevel() on ptolemy.moml.MoMLSimpleApplication@717e7ed8
----------------- Done invoking toplevel() on ptolemy.moml.MoMLSimpleApplication@717e7ed8
reloadAllAccessors: .matrixType11

===========================================================================================
----------------- testing Fri Jul 05 04:52:15 UTC 2019 /home/travis/build/icyphy/ptII/ptolemy/actor/lib/test/auto/matrixType12.xml
----------------- Instantiating /home/travis/build/icyphy/ptII/ptolemy/actor/lib/test/auto/matrixType12.xml
1 ms. Memory: 559104K Free: 440990K (79%)
----------------- Invoking toplevel() on ptolemy.moml.MoMLSimpleApplication@6bb92bd7
----------------- Done invoking toplevel() on ptolemy.moml.MoMLSimpleApplication@6bb92bd7
reloadAllAccessors: .matrixType12

===========================================================================================
----------------- testing Fri Jul 05 04:52:15 UTC 2019 /home/travis/build/icyphy/ptII/ptolemy/actor/lib/test/auto/matrixType13.xml
----------------- Instantiating /home/travis/build/icyphy/ptII/ptolemy/actor/lib/test/auto/matrixType13.xml
2 ms. Memory: 559104K Free: 435870K (78%)
----------------- Invoking toplevel() on ptolemy.moml.MoMLSimpleApplication@1c7aca90
----------------- Done invoking toplevel() on ptolemy.moml.MoMLSimpleApplication@1c7aca90
reloadAllAccessors: .matrixType13

===========================================================================================
----------------- testing Fri Jul 05 04:52:15 UTC 2019 /home/travis/build/icyphy/ptII/ptolemy/actor/lib/test/auto/matrixType14.xml
----------------- Instantiating /home/travis/build/icyphy/ptII/ptolemy/actor/lib/test/auto/matrixType14.xml
2 ms. Memory: 559104K Free: 431262K (77%)
----------------- Invoking toplevel() on ptolemy.moml.MoMLSimpleApplication@5468527a
----------------- Done invoking toplevel() on ptolemy.moml.MoMLSimpleApplication@5468527a
reloadAllAccessors: .matrixType14

===========================================================================================
----------------- testing Fri Jul 05 04:52:15 UTC 2019 /home/travis/build/icyphy/ptII/ptolemy/actor/lib/test/auto/matrixType2.xml
----------------- Instantiating /home/travis/build/icyphy/ptII/ptolemy/actor/lib/test/auto/matrixType2.xml
1 ms. Memory: 559104K Free: 426142K (76%)
----------------- Invoking toplevel() on ptolemy.moml.MoMLSimpleApplication@3b4a82ca
----------------- Done invoking toplevel() on ptolemy.moml.MoMLSimpleApplication@3b4a82ca
reloadAllAccessors: .matrixType2

===========================================================================================
----------------- testing Fri Jul 05 04:52:15 UTC 2019 /home/travis/build/icyphy/ptII/ptolemy/actor/lib/test/auto/matrixType3.xml
----------------- Instantiating /home/travis/build/icyphy/ptII/ptolemy/actor/lib/test/auto/matrixType3.xml
4 ms. Memory: 559104K Free: 421534K (75%)
----------------- Invoking toplevel() on ptolemy.moml.MoMLSimpleApplication@192f506b
----------------- Done invoking toplevel() on ptolemy.moml.MoMLSimpleApplication@192f506b
reloadAllAccessors: .matrixType3

===========================================================================================
----------------- testing Fri Jul 05 04:52:15 UTC 2019 /home/travis/build/icyphy/ptII/ptolemy/actor/lib/test/auto/matrixType4.xml
----------------- Instantiating /home/travis/build/icyphy/ptII/ptolemy/actor/lib/test/auto/matrixType4.xml
2 ms. Memory: 559104K Free: 416414K (74%)
----------------- Invoking toplevel() on ptolemy.moml.MoMLSimpleApplication@fa06b73
----------------- Done invoking toplevel() on ptolemy.moml.MoMLSimpleApplication@fa06b73
reloadAllAccessors: .matrixType4

===========================================================================================
----------------- testing Fri Jul 05 04:52:15 UTC 2019 /home/travis/build/icyphy/ptII/ptolemy/actor/lib/test/auto/matrixType5.xml
----------------- Instantiating /home/travis/build/icyphy/ptII/ptolemy/actor/lib/test/auto/matrixType5.xml
2 ms. Memory: 559104K Free: 411808K (74%)
----------------- Invoking toplevel() on ptolemy.moml.MoMLSimpleApplication@11351ac2
----------------- Done invoking toplevel() on ptolemy.moml.MoMLSimpleApplication@11351ac2
reloadAllAccessors: .matrixType5

===========================================================================================
----------------- testing Fri Jul 05 04:52:15 UTC 2019 /home/travis/build/icyphy/ptII/ptolemy/actor/lib/test/auto/matrixType6.xml
----------------- Instantiating /home/travis/build/icyphy/ptII/ptolemy/actor/lib/test/auto/matrixType6.xml
1 ms. Memory: 559104K Free: 407198K (73%)
----------------- Invoking toplevel() on ptolemy.moml.MoMLSimpleApplication@5550d81d
----------------- Done invoking toplevel() on ptolemy.moml.MoMLSimpleApplication@5550d81d
reloadAllAccessors: .matrixType6

===========================================================================================
----------------- testing Fri Jul 05 04:52:15 UTC 2019 /home/travis/build/icyphy/ptII/ptolemy/actor/lib/test/auto/matrixType7.xml
----------------- Instantiating /home/travis/build/icyphy/ptII/ptolemy/actor/lib/test/auto/matrixType7.xml
2 ms. Memory: 559104K Free: 402078K (72%)
----------------- Invoking toplevel() on ptolemy.moml.MoMLSimpleApplication@5045275e
----------------- Done invoking toplevel() on ptolemy.moml.MoMLSimpleApplication@5045275e
reloadAllAccessors: .matrixType7

===========================================================================================
----------------- testing Fri Jul 05 04:52:15 UTC 2019 /home/travis/build/icyphy/ptII/ptolemy/actor/lib/test/auto/matrixType8.xml
----------------- Instantiating /home/travis/build/icyphy/ptII/ptolemy/actor/lib/test/auto/matrixType8.xml
2 ms. Memory: 559104K Free: 397472K (71%)
----------------- Invoking toplevel() on ptolemy.moml.MoMLSimpleApplication@56d74a7f
----------------- Done invoking toplevel() on ptolemy.moml.MoMLSimpleApplication@56d74a7f
reloadAllAccessors: .matrixType8

===========================================================================================
----------------- testing Fri Jul 05 04:52:15 UTC 2019 /home/travis/build/icyphy/ptII/ptolemy/actor/lib/test/auto/matrixType9.xml
----------------- Instantiating /home/travis/build/icyphy/ptII/ptolemy/actor/lib/test/auto/matrixType9.xml
2 ms. Memory: 559104K Free: 392352K (70%)
----------------- Invoking toplevel() on ptolemy.moml.MoMLSimpleApplication@177d12d3
----------------- Done invoking toplevel() on ptolemy.moml.MoMLSimpleApplication@177d12d3
reloadAllAccessors: .matrixType9

===========================================================================================
----------------- testing Fri Jul 05 04:52:15 UTC 2019 /home/travis/build/icyphy/ptII/ptolemy/actor/lib/test/auto/paraFunctest.xml
----------------- Instantiating /home/travis/build/icyphy/ptII/ptolemy/actor/lib/test/auto/paraFunctest.xml
2 ms. Memory: 559104K Free: 388256K (69%)
----------------- Invoking toplevel() on ptolemy.moml.MoMLSimpleApplication@23d1aeea
----------------- Done invoking toplevel() on ptolemy.moml.MoMLSimpleApplication@23d1aeea
reloadAllAccessors: .paraFunctest

===========================================================================================
----------------- testing Fri Jul 05 04:52:15 UTC 2019 /home/travis/build/icyphy/ptII/ptolemy/actor/lib/test/auto/paraFunctest2.xml
----------------- Instantiating /home/travis/build/icyphy/ptII/ptolemy/actor/lib/test/auto/paraFunctest2.xml
1 ms. Memory: 559104K Free: 383646K (69%)
----------------- Invoking toplevel() on ptolemy.moml.MoMLSimpleApplication@3ebc9253
----------------- Done invoking toplevel() on ptolemy.moml.MoMLSimpleApplication@3ebc9253
reloadAllAccessors: .paraFunctest2

===========================================================================================
----------------- testing Fri Jul 05 04:52:15 UTC 2019 /home/travis/build/icyphy/ptII/ptolemy/actor/lib/test/auto/parameterPassing.xml
----------------- Instantiating /home/travis/build/icyphy/ptII/ptolemy/actor/lib/test/auto/parameterPassing.xml
1 ms. Memory: 559104K Free: 379040K (68%)
----------------- Invoking toplevel() on ptolemy.moml.MoMLSimpleApplication@3a91eaca
----------------- Done invoking toplevel() on ptolemy.moml.MoMLSimpleApplication@3a91eaca
reloadAllAccessors: .parameterPassing

===========================================================================================
----------------- testing Fri Jul 05 04:52:15 UTC 2019 /home/travis/build/icyphy/ptII/ptolemy/actor/lib/test/auto/record.xml
----------------- Instantiating /home/travis/build/icyphy/ptII/ptolemy/actor/lib/test/auto/record.xml
2 ms. Memory: 559104K Free: 374430K (67%)
----------------- Invoking toplevel() on ptolemy.moml.MoMLSimpleApplication@7d1bd52d
----------------- Done invoking toplevel() on ptolemy.moml.MoMLSimpleApplication@7d1bd52d
reloadAllAccessors: .record

===========================================================================================
----------------- testing Fri Jul 05 04:52:15 UTC 2019 /home/travis/build/icyphy/ptII/ptolemy/actor/lib/test/auto/sizedarray1.xml
----------------- Instantiating /home/travis/build/icyphy/ptII/ptolemy/actor/lib/test/auto/sizedarray1.xml
2 ms. Memory: 559104K Free: 368800K (66%)
----------------- Invoking toplevel() on ptolemy.moml.MoMLSimpleApplication@3e6e896f
----------------- Done invoking toplevel() on ptolemy.moml.MoMLSimpleApplication@3e6e896f
reloadAllAccessors: .sizedarray1

===========================================================================================
----------------- testing Fri Jul 05 04:52:15 UTC 2019 /home/travis/build/icyphy/ptII/ptolemy/actor/lib/test/auto/sizedarray2.xml
----------------- Instantiating /home/travis/build/icyphy/ptII/ptolemy/actor/lib/test/auto/sizedarray2.xml
3 ms. Memory: 559104K Free: 363680K (65%)
----------------- Invoking toplevel() on ptolemy.moml.MoMLSimpleApplication@32723477
----------------- Done invoking toplevel() on ptolemy.moml.MoMLSimpleApplication@32723477
reloadAllAccessors: .sizedarray2

===========================================================================================
----------------- testing Fri Jul 05 04:52:15 UTC 2019 /home/travis/build/icyphy/ptII/ptolemy/actor/lib/test/auto/twoPublishers.xml
----------------- Instantiating /home/travis/build/icyphy/ptII/ptolemy/actor/lib/test/auto/twoPublishers.xml
7 ms. Memory: 559104K Free: 352912K (63%)
----------------- Invoking toplevel() on ptolemy.moml.MoMLSimpleApplication@3cb2d9eb
----------------- Done invoking toplevel() on ptolemy.moml.MoMLSimpleApplication@3cb2d9eb
reloadAllAccessors: .twoPublishers
AutoTests.java: About to close Vertx.
AutoTests.java: Vertx closed.
]]></system-out>
  <system-err><![CDATA[java.lang.RuntimeException: Execution failed
	at ptolemy.moml.MoMLSimpleApplication$UnloadThread.run(MoMLSimpleApplication.java:402)
Caused by: java.lang.RuntimeException: StringUtilities.exit() was called. Normally, we would exit here because Manager.exitAfterWrapup() was called.  However, because the ptolemy.ptII.exitAfterWrapup property is set, we throw this exception instead.
	at ptolemy.util.StringUtilities.exit(StringUtilities.java:363)
	at ptolemy.actor.Manager.wrapup(Manager.java:1531)
	at ptolemy.actor.Manager.execute(Manager.java:407)
	at ptolemy.actor.Manager.run(Manager.java:1263)
	at ptolemy.actor.Manager$PtolemyRunThread.run(Manager.java:1915)
Warning: '.top.test' is in training mode, set the trainingMode parameter to false before checking in
Warning: '.top.test' is in training mode, set the trainingMode parameter to false before checking in
Warning: '.top.test' is in training mode, set the trainingMode parameter to false before checking in
Warning: '.BooleanSwitch_RegressionTest_WrongTrainingValues.Test' is in training mode, set the trainingMode parameter to false before checking in
Warning: '.BooleanSwitch_RegressionTest_WrongTrainingValues.Test2' is in training mode, set the trainingMode parameter to false before checking in
Warning: '.BooleanSwitch_RegressionTest_WrongTrainingValues.Test2' The test produced 0 tokens.
Warning: '.top.testExceptionHandler' is in training mode, set the trainingMode parameter to false before checking in
java.lang.RuntimeException: Execution failed
	at ptolemy.moml.MoMLSimpleApplication$UnloadThread.run(MoMLSimpleApplication.java:402)
Caused by: ptolemy.kernel.util.IllegalActionException: PublisherPorts cannot be used at the top level, use a Publisher actor instead.
  in .PublisherPortToplevelSubscriber.PublisherPort
	at ptolemy.actor.PublisherPort.preinitialize(PublisherPort.java:403)
	at ptolemy.actor.CompositeActor.preinitialize(CompositeActor.java:1769)
	at ptolemy.actor.Manager.preinitializeAndResolveTypes(Manager.java:1040)
	at ptolemy.actor.Manager.initialize(Manager.java:710)
	at ptolemy.actor.Manager.execute(Manager.java:356)
	at ptolemy.actor.Manager.run(Manager.java:1263)
	at ptolemy.actor.Manager$PtolemyRunThread.run(Manager.java:1915)
java.lang.reflect.InvocationTargetException
	at java.base/jdk.internal.reflect.NativeConstructorAccessorImpl.newInstance0(Native Method)
	at java.base/jdk.internal.reflect.NativeConstructorAccessorImpl.newInstance(NativeConstructorAccessorImpl.java:62)
	at java.base/jdk.internal.reflect.DelegatingConstructorAccessorImpl.newInstance(DelegatingConstructorAccessorImpl.java:45)
	at java.base/java.lang.reflect.Constructor.newInstance(Constructor.java:490)
	at ptolemy.util.test.junit.AutoKnownFailedTests.RunModel(AutoKnownFailedTests.java:105)
	at java.base/jdk.internal.reflect.NativeMethodAccessorImpl.invoke0(Native Method)
	at java.base/jdk.internal.reflect.NativeMethodAccessorImpl.invoke(NativeMethodAccessorImpl.java:62)
	at java.base/jdk.internal.reflect.DelegatingMethodAccessorImpl.invoke(DelegatingMethodAccessorImpl.java:43)
	at java.base/java.lang.reflect.Method.invoke(Method.java:566)
	at org.junit.runners.model.FrameworkMethod$1.runReflectiveCall(FrameworkMethod.java:44)
	at org.junit.internal.runners.model.ReflectiveCallable.run(ReflectiveCallable.java:15)
	at org.junit.runners.model.FrameworkMethod.invokeExplosively(FrameworkMethod.java:41)
	at junitparams.internal.InvokeParameterisedMethod.evaluate(InvokeParameterisedMethod.java:102)
	at org.junit.internal.runners.statements.FailOnTimeout$1.run(FailOnTimeout.java:28)
Caused by: ptolemy.kernel.util.IllegalActionException: PublisherPorts cannot be used at the top level, use a Publisher actor instead.
  in .PublisherPortToplevelSubscriber.PublisherPort
	at ptolemy.actor.PublisherPort.preinitialize(PublisherPort.java:403)
	at ptolemy.actor.CompositeActor.preinitialize(CompositeActor.java:1769)
	at ptolemy.actor.Manager.preinitializeAndResolveTypes(Manager.java:1040)
	at ptolemy.actor.Manager.initialize(Manager.java:710)
	at ptolemy.actor.Manager.execute(Manager.java:356)
	at ptolemy.actor.Manager.run(Manager.java:1263)
	at ptolemy.actor.Manager$PtolemyRunThread.run(Manager.java:1915)
java.lang.RuntimeException: Execution failed
	at ptolemy.moml.MoMLSimpleApplication$UnloadThread.run(MoMLSimpleApplication.java:402)
Caused by: ptolemy.kernel.util.IllegalActionException: SubscriberPorts cannot be used at the top level, use a Subscriber actor instead.
  in .PublisherSubscriberPortToplevel.SubscriberPort
	at ptolemy.actor.SubscriberPort.preinitialize(SubscriberPort.java:328)
	at ptolemy.actor.CompositeActor.preinitialize(CompositeActor.java:1769)
	at ptolemy.actor.Manager.preinitializeAndResolveTypes(Manager.java:1040)
	at ptolemy.actor.Manager.initialize(Manager.java:710)
	at ptolemy.actor.Manager.execute(Manager.java:356)
	at ptolemy.actor.Manager.run(Manager.java:1263)
	at ptolemy.actor.Manager$PtolemyRunThread.run(Manager.java:1915)
java.lang.reflect.InvocationTargetException
	at java.base/jdk.internal.reflect.NativeConstructorAccessorImpl.newInstance0(Native Method)
	at java.base/jdk.internal.reflect.NativeConstructorAccessorImpl.newInstance(NativeConstructorAccessorImpl.java:62)
	at java.base/jdk.internal.reflect.DelegatingConstructorAccessorImpl.newInstance(DelegatingConstructorAccessorImpl.java:45)
	at java.base/java.lang.reflect.Constructor.newInstance(Constructor.java:490)
	at ptolemy.util.test.junit.AutoKnownFailedTests.RunModel(AutoKnownFailedTests.java:105)
	at java.base/jdk.internal.reflect.NativeMethodAccessorImpl.invoke0(Native Method)
	at java.base/jdk.internal.reflect.NativeMethodAccessorImpl.invoke(NativeMethodAccessorImpl.java:62)
	at java.base/jdk.internal.reflect.DelegatingMethodAccessorImpl.invoke(DelegatingMethodAccessorImpl.java:43)
	at java.base/java.lang.reflect.Method.invoke(Method.java:566)
	at org.junit.runners.model.FrameworkMethod$1.runReflectiveCall(FrameworkMethod.java:44)
	at org.junit.internal.runners.model.ReflectiveCallable.run(ReflectiveCallable.java:15)
	at org.junit.runners.model.FrameworkMethod.invokeExplosively(FrameworkMethod.java:41)
	at junitparams.internal.InvokeParameterisedMethod.evaluate(InvokeParameterisedMethod.java:102)
	at org.junit.internal.runners.statements.FailOnTimeout$1.run(FailOnTimeout.java:28)
Caused by: ptolemy.kernel.util.IllegalActionException: SubscriberPorts cannot be used at the top level, use a Subscriber actor instead.
  in .PublisherSubscriberPortToplevel.SubscriberPort
	at ptolemy.actor.SubscriberPort.preinitialize(SubscriberPort.java:328)
	at ptolemy.actor.CompositeActor.preinitialize(CompositeActor.java:1769)
	at ptolemy.actor.Manager.preinitializeAndResolveTypes(Manager.java:1040)
	at ptolemy.actor.Manager.initialize(Manager.java:710)
	at ptolemy.actor.Manager.execute(Manager.java:356)
	at ptolemy.actor.Manager.run(Manager.java:1263)
	at ptolemy.actor.Manager$PtolemyRunThread.run(Manager.java:1915)
java.lang.RuntimeException: Execution failed
	at ptolemy.moml.MoMLSimpleApplication$UnloadThread.run(MoMLSimpleApplication.java:402)
Caused by: ptolemy.kernel.util.IllegalActionException: SubscriptionAggregatorPorts cannot be used at the top level, use a SubscriptionAggregator actor instead.
  in .PublisherSubscriptionAggregatorPort.SubscriptionAggregatorPort
	at ptolemy.actor.SubscriptionAggregatorPort.preinitialize(SubscriptionAggregatorPort.java:353)
	at ptolemy.actor.CompositeActor.preinitialize(CompositeActor.java:1769)
	at ptolemy.actor.Manager.preinitializeAndResolveTypes(Manager.java:1040)
	at ptolemy.actor.Manager.initialize(Manager.java:710)
	at ptolemy.actor.Manager.execute(Manager.java:356)
	at ptolemy.actor.Manager.run(Manager.java:1263)
	at ptolemy.actor.Manager$PtolemyRunThread.run(Manager.java:1915)
java.lang.reflect.InvocationTargetException
	at java.base/jdk.internal.reflect.NativeConstructorAccessorImpl.newInstance0(Native Method)
	at java.base/jdk.internal.reflect.NativeConstructorAccessorImpl.newInstance(NativeConstructorAccessorImpl.java:62)
	at java.base/jdk.internal.reflect.DelegatingConstructorAccessorImpl.newInstance(DelegatingConstructorAccessorImpl.java:45)
	at java.base/java.lang.reflect.Constructor.newInstance(Constructor.java:490)
	at ptolemy.util.test.junit.AutoKnownFailedTests.RunModel(AutoKnownFailedTests.java:105)
	at java.base/jdk.internal.reflect.NativeMethodAccessorImpl.invoke0(Native Method)
	at java.base/jdk.internal.reflect.NativeMethodAccessorImpl.invoke(NativeMethodAccessorImpl.java:62)
	at java.base/jdk.internal.reflect.DelegatingMethodAccessorImpl.invoke(DelegatingMethodAccessorImpl.java:43)
	at java.base/java.lang.reflect.Method.invoke(Method.java:566)
	at org.junit.runners.model.FrameworkMethod$1.runReflectiveCall(FrameworkMethod.java:44)
	at org.junit.internal.runners.model.ReflectiveCallable.run(ReflectiveCallable.java:15)
	at org.junit.runners.model.FrameworkMethod.invokeExplosively(FrameworkMethod.java:41)
	at junitparams.internal.InvokeParameterisedMethod.evaluate(InvokeParameterisedMethod.java:102)
	at org.junit.internal.runners.statements.FailOnTimeout$1.run(FailOnTimeout.java:28)
Caused by: ptolemy.kernel.util.IllegalActionException: SubscriptionAggregatorPorts cannot be used at the top level, use a SubscriptionAggregator actor instead.
  in .PublisherSubscriptionAggregatorPort.SubscriptionAggregatorPort
	at ptolemy.actor.SubscriptionAggregatorPort.preinitialize(SubscriptionAggregatorPort.java:353)
	at ptolemy.actor.CompositeActor.preinitialize(CompositeActor.java:1769)
	at ptolemy.actor.Manager.preinitializeAndResolveTypes(Manager.java:1040)
	at ptolemy.actor.Manager.initialize(Manager.java:710)
	at ptolemy.actor.Manager.execute(Manager.java:356)
	at ptolemy.actor.Manager.run(Manager.java:1263)
	at ptolemy.actor.Manager$PtolemyRunThread.run(Manager.java:1915)
java.lang.RuntimeException: Execution failed
	at ptolemy.moml.MoMLSimpleApplication$UnloadThread.run(MoMLSimpleApplication.java:402)
Caused by: ptolemy.kernel.util.IllegalActionException: TypeTest actor has no training data.
  in .sizedarray3.TypeTest
	at ptolemy.actor.lib.TypeTest.initialize(TypeTest.java:250)
	at ptolemy.actor.Director.initialize(Director.java:938)
	at ptolemy.actor.Director.initialize(Director.java:907)
	at ptolemy.actor.sched.StaticSchedulingDirector.initialize(StaticSchedulingDirector.java:159)
	at ptolemy.domains.sdf.kernel.SDFDirector.initialize(SDFDirector.java:544)
	at ptolemy.actor.CompositeActor.initialize(CompositeActor.java:935)
	at ptolemy.actor.Manager.initialize(Manager.java:724)
	at ptolemy.actor.Manager.execute(Manager.java:356)
	at ptolemy.actor.Manager.run(Manager.java:1263)
	at ptolemy.actor.Manager$PtolemyRunThread.run(Manager.java:1915)
java.lang.reflect.InvocationTargetException
	at java.base/jdk.internal.reflect.NativeConstructorAccessorImpl.newInstance0(Native Method)
	at java.base/jdk.internal.reflect.NativeConstructorAccessorImpl.newInstance(NativeConstructorAccessorImpl.java:62)
	at java.base/jdk.internal.reflect.DelegatingConstructorAccessorImpl.newInstance(DelegatingConstructorAccessorImpl.java:45)
	at java.base/java.lang.reflect.Constructor.newInstance(Constructor.java:490)
	at ptolemy.util.test.junit.AutoKnownFailedTests.RunModel(AutoKnownFailedTests.java:105)
	at java.base/jdk.internal.reflect.NativeMethodAccessorImpl.invoke0(Native Method)
	at java.base/jdk.internal.reflect.NativeMethodAccessorImpl.invoke(NativeMethodAccessorImpl.java:62)
	at java.base/jdk.internal.reflect.DelegatingMethodAccessorImpl.invoke(DelegatingMethodAccessorImpl.java:43)
	at java.base/java.lang.reflect.Method.invoke(Method.java:566)
	at org.junit.runners.model.FrameworkMethod$1.runReflectiveCall(FrameworkMethod.java:44)
	at org.junit.internal.runners.model.ReflectiveCallable.run(ReflectiveCallable.java:15)
	at org.junit.runners.model.FrameworkMethod.invokeExplosively(FrameworkMethod.java:41)
	at junitparams.internal.InvokeParameterisedMethod.evaluate(InvokeParameterisedMethod.java:102)
	at org.junit.internal.runners.statements.FailOnTimeout$1.run(FailOnTimeout.java:28)
Caused by: ptolemy.kernel.util.IllegalActionException: TypeTest actor has no training data.
  in .sizedarray3.TypeTest
	at ptolemy.actor.lib.TypeTest.initialize(TypeTest.java:250)
	at ptolemy.actor.Director.initialize(Director.java:938)
	at ptolemy.actor.Director.initialize(Director.java:907)
	at ptolemy.actor.sched.StaticSchedulingDirector.initialize(StaticSchedulingDirector.java:159)
	at ptolemy.domains.sdf.kernel.SDFDirector.initialize(SDFDirector.java:544)
	at ptolemy.actor.CompositeActor.initialize(CompositeActor.java:935)
	at ptolemy.actor.Manager.initialize(Manager.java:724)
	at ptolemy.actor.Manager.execute(Manager.java:356)
	at ptolemy.actor.Manager.run(Manager.java:1263)
	at ptolemy.actor.Manager$PtolemyRunThread.run(Manager.java:1915)
java.lang.RuntimeException: Execution failed
	at ptolemy.moml.MoMLSimpleApplication$UnloadThread.run(MoMLSimpleApplication.java:402)
Caused by: ptolemy.kernel.util.IllegalActionException: Test fails in iteration 0.
Value was: "WARNING: An illegal reflective access operation has occurred\nWARNING: Illegal reflective access by io.netty.util.internal.ReflectionUtil (file:/home/travis/build/icyphy/ptII/lib/netty-common-4.1.19.Final.jar) to constructor java.nio.DirectByteBuffer(long,int)\nWARNING: Please consider reporting this to the maintainers of io.netty.util.internal.ReflectionUtil\nWARNING: Use --illegal-access=warn to enable warnings of further illegal reflective access operations\nWARNING: All illegal access operations will be denied in a future release\n". Should have been: ""
  in .ExecRunDemos.Test
	at ptolemy.actor.lib.Test.fire(Test.java:268)
	at ptolemy.actor.AtomicActor.iterate(AtomicActor.java:512)
	at ptolemy.actor.sched.StaticSchedulingDirector.fire(StaticSchedulingDirector.java:216)
	at ptolemy.domains.sdf.kernel.SDFDirector.fire(SDFDirector.java:500)
	at ptolemy.actor.CompositeActor.fire(CompositeActor.java:455)
	at ptolemy.actor.Manager.iterate(Manager.java:851)
	at ptolemy.actor.Manager.execute(Manager.java:369)
	at ptolemy.actor.Manager.run(Manager.java:1263)
	at ptolemy.actor.Manager$PtolemyRunThread.run(Manager.java:1915)
]]></system-err>
</testsuite>
