<?xml version="1.0" encoding="UTF-8" ?>
<testsuite errors="0" failures="0" hostname="travis-job-acec8d11-7b14-44b9-882f-d2bcf25dca51" name="ptolemy.domains.de.test.junit.JUnitTclTest" skipped="0" tests="101" time="132.39" timestamp="2019-12-14T06:25:55">
  <properties>
    <property name="npm.executable" value="npm" />
    <property name="env.TRAVIS_ROOT" value="/" />
    <property name="ptII.mk.exists" value="true" />
    <property name="env.TRAVIS_APP_HOST" value="build.travis-ci.org" />
    <property name="env.rvm_bin_path" value="/home/travis/.rvm/bin" />
    <property name="java.home" value="/usr/local/lib/jvm/openjdk11" />
    <property name="env.TRAVIS_JOB_NUMBER" value="1429.9" />
    <property name="env.TRAVIS_HOME" value="/home/travis" />
    <property name="env.DISPLAY" value=":99.0" />
    <property name="env.TRAVIS_INIT" value="systemd" />
    <property name="env.SSH_TTY" value="/dev/pts/0" />
    <property name="java.net.preferIPv4Stack" value="true" />
    <property name="env.RUN_TESTS" value="true" />
    <property name="timeout.short" value="1000000" />
    <property name="junit.formatter" value="xml" />
    <property name="env.TRAVIS_SUDO" value="true" />
    <property name="env.TRAVIS_JOB_NAME" value="" />
    <property name="env.TRAVIS_STACK_NODE_ATTRIBUTES" value="/.node-attributes.yml" />
    <property name="env.LOGNAME" value="travis" />
    <property name="jsdoc.home" value="node_modules/@terraswarm/jsdoc" />
    <property name="debuglevel" value="source,lines,vars" />
    <property name="checkstyle.formatter" value="xml" />
    <property name="env._system_version" value="16.04" />
    <property name="bin.vergil.makeable" value="true" />
    <property name="sun.os.patch.level" value="unknown" />
    <property name="java.vendor.url" value="http://java.oracle.com/" />
    <property name="env.TRAVIS_BUILD_WEB_URL" value="https://travis-ci.org/icyphy/ptII/builds/624916188" />
    <property name="java.version" value="11.0.2" />
    <property name="env.TZ" value="UTC" />
    <property name="env.TRAVIS_PULL_REQUEST_SHA" value="" />
    <property name="env.PT_NO_NET" value="true" />
    <property name="env.TRAVIS_SECURE_ENV_VARS" value="true" />
    <property name="env._system_type" value="Linux" />
    <property name="java.vendor.url.bug" value="http://bugreport.java.com/bugreport/" />
    <property name="npmjs-org-is-up" value="true" />
    <property name="env.LANGUAGE" value="en_US.UTF-8" />
    <property name="env.SSH_CLIENT" value="10.16.1.23 44212 22" />
    <property name="env.GEM_HOME" value="/home/travis/.rvm/gems/ruby-2.5.3" />
    <property name="env.HAS_ANTARES_THREE_LITTLE_FRONZIES_BADGE" value="true" />
    <property name="java.version.date" value="2019-01-15" />
    <property name="env.PS4" value="+" />
    <property name="ant.project.invoked-targets" value="build,test.core2.xml" />
    <property name="env.TRAVIS_PULL_REQUEST_BRANCH" value="" />
    <property name="env.TRAVIS_REPO_SLUG" value="icyphy/ptII" />
    <property name="env.XDG_DATA_DIRS" value="/usr/local/share:/usr/share:/var/lib/snapd/desktop" />
    <property name="jdk.debug" value="release" />
    <property name="env.TRAVIS_APT_PROXY" value="http://apt.cache.travis-ci.com" />
    <property name="env.TRAVIS_CPU_ARCH" value="amd64" />
    <property name="node.in.path" value="true" />
    <property name="user.name" value="travis" />
    <property name="java.maxmemory" value="1400m" />
    <property name="env.RUBY_VERSION" value="ruby-2.5.3" />
    <property name="env.LANG" value="en_US.UTF-8" />
    <property name="sun.io.unicode.encoding" value="UnicodeLittle" />
    <property name="sun.jnu.encoding" value="UTF-8" />
    <property name="java.runtime.name" value="OpenJDK Runtime Environment" />
    <property name="usefile" value="false" />
    <property name="return.code" value="0" />
    <property name="junit.single.formatter" value="plain" />
    <property name="env.DYLD_LIBRARY_PATH" value="/home/travis/pthla/certi-tools/lib:" />
    <property name="env.DEBIAN_FRONTEND" value="noninteractive" />
    <property name="env.SSH_CONNECTION" value="10.16.1.23 44212 10.20.0.190 22" />
    <property name="env.MYSQL_UNIX_PORT" value="/var/run/mysqld/mysqld.sock" />
    <property name="env.LC_ALL" value="en_US.UTF-8" />
    <property name="env.TRAVIS_ALLOW_FAILURE" value="false" />
    <property name="env.TRAVIS_JOB_WEB_URL" value="https://travis-ci.org/icyphy/ptII/jobs/624916197" />
    <property name="java.specification.name" value="Java Platform API Specification" />
    <property name="node.works" value="true" />
    <property name="user.timezone" value="" />
    <property name="path.separator" value=":" />
    <property name="env.TRAVIS_ENABLE_INFRA_DETECTION" value="true" />
    <property name="env.PYTHON_CFLAGS" value="-g -fstack-protector --param=ssp-buffer-size=4 -Wformat -Werror=format-security" />
    <property name="timeout.long" value="4000000" />
    <property name="env.CERTI_HOME" value="/home/travis/pthla/certi-tools" />
    <property name="ant.file.ptII" value="/home/travis/build/icyphy/ptII/build.xml" />
    <property name="javadoc.packagenames" value="com.*,diva.*,lbnl.*,org.hlacerti.*,org.json.*,org.ptolemy.*,org.terraswarm.*,ptolemy.*,ptserver.*" />
    <property name="file.encoding" value="UTF-8" />
    <property name="env.TRAVIS_PULL_REQUEST_SLUG" value="" />
    <property name="ant.project.default-target" value="build" />
    <property name="env.GIT_ASKPASS" value="echo" />
    <property name="env.HOME" value="/home/travis" />
    <property name="sun.java.command" value="org.apache.tools.ant.taskdefs.optional.junit.JUnitTestRunner ptolemy.domains.de.test.junit.JUnitTclTest skipNonTests=false filtertrace=true haltOnError=false haltOnFailure=false formatter=org.apache.tools.ant.taskdefs.optional.junit.OutErrSummaryJUnitResultFormatter showoutput=true outputtoformatters=true logfailedtests=true threadid=0 logtestlistenerevents=false formatter=org.apache.tools.ant.taskdefs.optional.junit.XMLJUnitResultFormatter,/home/travis/build/icyphy/ptII/reports/junit/TEST-ptolemy.domains.de.test.junit.JUnitTclTest.xml crashfile=/home/travis/build/icyphy/ptII/junitvmwatcher12772348920103470699.properties propsfile=/home/travis/build/icyphy/ptII/junit9992621068247098111.properties" />
    <property name="env.COMPOSER_NO_INTERACTION" value="1" />
    <property name="env.MANPATH" value="/home/travis/.nvm/versions/node/v7.10.1/share/man:/home/travis/.rvm/rubies/ruby-2.5.3/share/man:/usr/local/cmake-3.12.4/man:/usr/local/clang-7.0.0/share/man:/usr/local/man:/usr/local/share/man:/usr/share/man:/home/travis/.rvm/man" />
    <property name="env.TRAVIS_TIMER_ID" value="2f1f10d7" />
    <property name="ant.file" value="/home/travis/build/icyphy/ptII/build.xml" />
    <property name="env.TRAVIS_COMMIT_RANGE" value="c7ad326c8bb61863fc0b87bc56a33674fe4fd789...687bb808dc5adecbfa0f708fbf7527a5d6554d96" />
    <property name="env._system_name" value="Ubuntu" />
    <property name="ptII.classpath.optional.property" value="/home/travis/build/icyphy/ptII/lib/bsh-2.0b4.jar:/home/travis/build/icyphy/ptII/lib/ptCal.jar:/home/travis/build/icyphy/ptII/lib/java_cup.jar:/home/travis/build/icyphy/ptII/lib/saxon8.jar:/home/travis/build/icyphy/ptII/lib/saxon8-dom.jar:/home/travis/build/icyphy/ptII/lib/chic.jar:/home/travis/build/icyphy/ptII/lib/ptcolt.jar:/home/travis/build/icyphy/ptII/vendors/misc/itext/iText.jar:/home/travis/build/icyphy/ptII/lib/g4ltl.jar:/home/travis/build/icyphy/ptII/lib/StructuralCoder.jar:/home/travis/build/icyphy/ptII/lib/jcerti.jar:/home/travis/build/icyphy/ptII/lib/javax.mail.jar:/home/travis/build/icyphy/ptII/vendors/JMF-2.1.1e/lib/jmf.jar:/home/travis/build/icyphy/ptII/lib/jna-4.0.0-variadic.jar:/home/travis/build/icyphy/ptII/vendors/misc/joystick/Joystick.jar:/home/travis/build/icyphy/ptII/lib/ptjacl.jar:/home/travis/build/icyphy/ptII/lib/jsoup-1.8.2.jar:/home/travis/build/icyphy/ptII/lib/junit-4.8.2.jar:/home/travis/build/icyphy/ptII/lib/JUnitParams-0.4.0.jar:/home/travis/build/icyphy/ptII/ptolemy/actor/lib/excel/jxl.jar:/home/travis/build/icyphy/ptII/lib/jython.jar:/home/travis/build/icyphy/ptII/lib/kieler.jar:/home/travis/build/icyphy/ptII/vendors/opencv/share/OpenCV/java/opencv-341.jar:/home/travis/build/icyphy/ptII/lib/oscP5.jar:/home/travis/build/icyphy/ptII/lib/nrjavaserial-3.11.0.devel.jar:/home/travis/build/icyphy/ptII/vendors/j3d/lib/Linux/j3dcore.jar:/home/travis/build/icyphy/ptII/vendors/j3d/lib/Linux/j3dutils.jar:/home/travis/build/icyphy/ptII/vendors/j3d/lib/Linux/vecmath.jar:/home/travis/build/icyphy/ptII/vendors/jogl/lib/Linux/gluegen-rt-natives-linux-amd64.jar:/home/travis/build/icyphy/ptII/vendors/jogl/lib/Linux/gluegen-rt.jar:/home/travis/build/icyphy/ptII/vendors/jogl/lib/Linux/jogl-all-natives-linux-amd64.jar:/home/travis/build/icyphy/ptII/vendors/jogl/lib/Linux/jogl-all.jar:/home/travis/build/icyphy/ptII/ptolemy/distributed/jini/jar/jini-core.jar:/home/travis/build/icyphy/ptII/ptolemy/distributed/jini/jar/jini-ext.jar:/home/travis/build/icyphy/ptII/ptolemy/distributed/jini/jar/sun-util.jar:/home/travis/build/icyphy/ptII/lib/protobuf-java-2.4.1.jar:/home/travis/build/icyphy/ptII/lib/org.eclipse.paho.client.mqttv3.jar:/home/travis/build/icyphy/ptII/lib/mapss.jar:/home/travis/build/icyphy/ptII/ptolemy/actor/ptalon/antlr/antlr.jar:/home/travis/build/icyphy/ptII/lib/JRI.jar:/home/travis/build/icyphy/ptII/lib/commons-lang-2.6.jar:/home/travis/build/icyphy/ptII/lib/commons-logging-1.1.1.jar:/home/travis/build/icyphy/ptII/lib/sootclasses.jar:/home/travis/build/icyphy/ptII/ptolemy/actor/lib/database/mysql-connector-java-5.1.6-bin.jar:/home/travis/build/icyphy/ptII/vendors/misc/sphinx4/sphinx4-data-5prealpha.jar:/home/travis/build/icyphy/ptII/vendors/misc/sphinx4/sphinx4-core-5prealpha.jar:/home/travis/build/icyphy/ptII/lib/PDFRenderer.jar:/home/travis/build/icyphy/ptII/lib/svgSalamander.jar:/home/travis/build/icyphy/ptII/lib/rsyntaxtextarea-2.6.0-SNAPSHOT.jar:/home/travis/build/icyphy/ptII/lib/hazelcast-3.8.2.jar:/home/travis/build/icyphy/ptII/lib/jackson-annotations-2.9.0.jar:/home/travis/build/icyphy/ptII/lib/jackson-core-2.9.3.jar:/home/travis/build/icyphy/ptII/lib/jackson-databind-2.9.3.jar:/home/travis/build/icyphy/ptII/lib/netty-buffer-4.1.19.Final.jar:/home/travis/build/icyphy/ptII/lib/netty-codec-4.1.19.Final.jar:/home/travis/build/icyphy/ptII/lib/netty-codec-dns-4.1.19.Final.jar:/home/travis/build/icyphy/ptII/lib/netty-codec-http-4.1.19.Final.jar:/home/travis/build/icyphy/ptII/lib/netty-codec-http2-4.1.19.Final.jar:/home/travis/build/icyphy/ptII/lib/netty-common-4.1.19.Final.jar:/home/travis/build/icyphy/ptII/lib/netty-handler-4.1.19.Final.jar:/home/travis/build/icyphy/ptII/lib/netty-resolver-4.1.19.Final.jar:/home/travis/build/icyphy/ptII/lib/netty-resolver-dns-4.1.19.Final.jar:/home/travis/build/icyphy/ptII/lib/netty-transport-4.1.19.Final.jar:/home/travis/build/icyphy/ptII/lib/vertx-codegen-3.5.1.jar:/home/travis/build/icyphy/ptII/lib/vertx-core-3.5.2-SNAPSHOT.jar:/home/travis/build/icyphy/ptII/lib/vertx-hazelcast-3.5.1.jar:/home/travis/build/icyphy/ptII/lib/vertx-lang-js-3.5.1.jar:/home/travis/build/icyphy/ptII/lib/vertx-service-proxy-3.5.1.jar:/home/travis/build/icyphy/ptII/lib/vertx-web-3.5.1.jar:/home/travis/build/icyphy/ptII/lib/slf4j-api-1.7.13.jar:/home/travis/build/icyphy/ptII/lib/slf4j-simple-1.7.13.jar:/home/travis/build/icyphy/ptII/lib/webcam-capture-0.3.12.jar:/home/travis/build/icyphy/ptII/lib/bridj-0.7.0.jar:/home/travis/build/icyphy/ptII/lib/xbjlib-1.1.0.nrjavaserial.jar" />
    <property name="timeout" value="2400000" />
    <property name="test.batch" value="**/junit/*.java" />
    <property name="env._" value="/usr/bin/timeout" />
    <property name="java.io.tmpdir" value="/tmp" />
    <property name="user.language" value="en" />
    <property name="env.TRAVIS_INTERNAL_RUBY_REGEX" value="^ruby-(2\.[0-4]\.[0-9]|1\.9\.3)" />
    <property name="env.HISTCONTROL" value="ignoredups:ignorespace" />
    <property name="env.GOROOT" value="/home/travis/.gimme/versions/go1.11.1.linux.amd64" />
    <property name="line.separator" value="&#xa;" />
    <property name="target" value="11" />
    <property name="env.TRAVIS_BUILD_DIR" value="/home/travis/build/icyphy/ptII" />
    <property name="env.ANT_OPTS" value="-Xmx2048m" />
    <property name="ant.file.type" value="file" />
    <property name="ptolemy.ptII.batchMode" value="true" />
    <property name="env.HISTSIZE" value="1000" />
    <property name="env.MERB_ENV" value="test" />
    <property name="java.vm.info" value="mixed mode" />
    <property name="source" value="11" />
    <property name="java.vm.specification.name" value="Java Virtual Machine Specification" />
    <property name="env.TRAVIS_TEST_RESULT" value="0" />
    <property name="jsdoc.command" value="node_modules/@terraswarm/jsdoc/jsdoc.js" />
    <property name="npm.works" value="true" />
    <property name="cobertura.dir" value="/home/travis/build/icyphy/ptII/vendors/cobertura-2.0.3" />
    <property name="jsdoc.command.exists" value="true" />
    <property name="env.rvm_path" value="/home/travis/.rvm" />
    <property name="env.GEM_PATH" value="/home/travis/.rvm/gems/ruby-2.5.3:/home/travis/.rvm/gems/ruby-2.5.3@global" />
    <property name="env.LC_CTYPE" value="en_US.UTF-8" />
    <property name="env.TRAVIS_CMD" value="$PTII/bin/ptIITravisBuild.sh $SECONDS" />
    <property name="java.awt.printerjob" value="sun.print.PSPrinterJob" />
    <property name="env.TRAVIS_STACK_NAME" value="sardonyx" />
    <property name="env.TRAVIS_TIMER_START_TIME" value="1576304525706982267" />
    <property name="ant.version" value="Apache Ant(TM) version 1.10.1 compiled on February 2 2017" />
    <property name="ptII.reports" value="/home/travis/build/icyphy/ptII/reports" />
    <property name="env.TRAVIS_STACK_TIMESTAMP" value="2019-03-25 16:16:56 UTC" />
    <property name="ant.file.type.ptII" value="file" />
    <property name="env.RBENV_SHELL" value="bash" />
    <property name="os.name" value="Linux" />
    <property name="java.specification.vendor" value="Oracle Corporation" />
    <property name="env.rvm_version" value="1.29.7 (latest)" />
    <property name="env.TRAVIS_INFRA" value="gce" />
    <property name="env.TERM" value="xterm" />
    <property name="java.vm.name" value="OpenJDK 64-Bit Server VM" />
    <property name="env.TRAVIS_BUILD_NUMBER" value="1429" />
    <property name="env.CI" value="true" />
    <property name="java.library.path" value="/home/travis/pthla/certi-tools/lib:/usr/lib/jni:/usr/local/share/OpenCV/java/:/usr/share/OpenCV/java::/usr/java/packages/lib:/usr/lib64:/lib64:/lib:/usr/lib" />
    <property name="jdk.module.path" value="/home/travis/build/icyphy/ptII/vendors/javafx/javafx-sdk-11.0.2/lib:" />
    <property name="env.rvm_prefix" value="/home/travis" />
    <property name="env.PATH" value="/home/travis/pthla/certi-tools/share/scripts:/home/travis/.rvm/gems/ruby-2.5.3/bin:/home/travis/.rvm/gems/ruby-2.5.3@global/bin:/home/travis/.rvm/rubies/ruby-2.5.3/bin:/home/travis/.rvm/bin:/home/travis/.nvm/versions/node/v7.10.1/bin:./node_modules/.bin:/home/travis/build/icyphy/ptII/bin:/home/travis/pthla/certi-tools/bin:/home/travis/bin:/home/travis/.local/bin:/usr/local/lib/jvm/openjdk11/bin:/opt/pyenv/shims:/home/travis/.phpenv/shims:/home/travis/perl5/perlbrew/bin:/home/travis/gopath/bin:/home/travis/.gimme/versions/go1.11.1.linux.amd64/bin:/usr/local/maven-3.6.0/bin:/usr/local/cmake-3.12.4/bin:/usr/local/clang-7.0.0/bin:/usr/local/sbin:/usr/local/bin:/usr/sbin:/usr/bin:/sbin:/bin:/snap/bin:/home/travis/.phpenv/bin:/opt/pyenv/bin:/home/travis/.yarn/bin" />
    <property name="env.TRAVIS_OS_NAME" value="linux" />
    <property name="ant.java.version" value="9" />
    <property name="basedir" value="/home/travis/build/icyphy/ptII" />
    <property name="java.class.version" value="55.0" />
    <property name="env.SHLVL" value="3" />
    <property name="env.LD_LIBRARY_PATH" value="/home/travis/pthla/certi-tools/lib:/usr/lib/jni:/usr/local/share/OpenCV/java/:/usr/share/OpenCV/java:" />
    <property name="env.RACK_ENV" value="test" />
    <property name="ant.home" value="/home/travis/build/icyphy/ptII/ant" />
    <property name="env.NVM_DIR" value="/home/travis/.nvm" />
    <property name="env.CERTI_FOM_PATH" value="/home/travis/pthla/certi-tools/share/federations" />
    <property name="env.TRAVIS_BUILD_ID" value="624916188" />
    <property name="env.PYENV_ROOT" value="/opt/pyenv" />
    <property name="env.TRAVIS_UID" value="2000" />
    <property name="prism.verbose" value="true" />
    <property name="env.NVM_BIN" value="/home/travis/.nvm/versions/node/v7.10.1/bin" />
    <property name="env.TRAVIS_COMMIT" value="687bb808dc5adecbfa0f708fbf7527a5d6554d96" />
    <property name="env._system_arch" value="x86_64" />
    <property name="node.executable" value="node" />
    <property name="sun.boot.library.path" value="/usr/local/lib/jvm/openjdk11/lib" />
    <property name="sun.management.compiler" value="HotSpot 64-Bit Tiered Compilers" />
    <property name="java.awt.graphicsenv" value="sun.awt.X11GraphicsEnvironment" />
    <property name="env.GOPATH" value="/home/travis/gopath" />
    <property name="ptolemy.ptII.dir" value="/home/travis/build/icyphy/ptII" />
    <property name="env.USER" value="travis" />
    <property name="env.HISTFILESIZE" value="2000" />
    <property name="timeout.longest" value="19000000" />
    <property name="env.PERLBREW_SHELLRC_VERSION" value="0.86" />
    <property name="env.TRAVIS_STACK_FEATURES" value="basic couchdb disabled-ipv6 docker docker-compose elasticsearch firefox go-toolchain google-chrome jdk memcached mongodb mysql nodejs_interpreter perl_interpreter perlbrew phantomjs postgresql python_interpreter redis ruby_interpreter sqlite xserver" />
    <property name="env.TRAVIS_PULL_REQUEST" value="false" />
    <property name="env.PYENV_SHELL" value="bash" />
    <property name="ant.project.name" value="ptII" />
    <property name="env.ANSI_RESET" value="\033[0m" />
    <property name="java.vm.specification.version" value="11" />
    <property name="env.TRAVIS_DIST" value="xenial" />
    <property name="env.CERTI_VERSION" value="4.0.0" />
    <property name="env.CERTI_HOST" value="localhost" />
    <property name="awt.toolkit" value="sun.awt.X11.XToolkit" />
    <property name="env.MY_RUBY_HOME" value="/home/travis/.rvm/rubies/ruby-2.5.3" />
    <property name="sun.cpu.isalist" value="" />
    <property name="env.TRAVIS_TMPDIR" value="/tmp/tmp.paV080gnwR" />
    <property name="java.vm.compressedOopsMode" value="Zero based" />
    <property name="os.version" value="4.15.0-1028-gcp" />
    <property name="user.home" value="/home/travis" />
    <property name="java.vm.vendor" value="Oracle Corporation" />
    <property name="env.TRAVIS_TAG" value="nightly" />
    <property name="env.ANSI_YELLOW" value="\033[33;1m" />
    <property name="env.TRAVIS_FILTERED" value="redirect_io" />
    <property name="env.ANSI_GREEN" value="\033[32;1m" />
    <property name="env.JAVA_HOME" value="/usr/local/lib/jvm/openjdk11" />
    <property name="javadoc.excludepackagenames" value="adm.cvs2svn.*,build.*,config.*,doc.coding.templates.*,jni.test.jni.meaningOfLife.*,jni.test.jni.testDeux.*,jni.test.jni.testTrois.*,org.terraswarm.accessor.accessors.web.node_modules.*,org.terraswarm.accessor.accessors.web.hosts.cordova.demo.*,org.terraswarm.accessor.accessors.web.hosts.cordova.plugins.*,org.terraswarm.accessor.accessors-svn.*,pt-modules.*,ptolemy.apps.agilent.*,ptolemy.apps.anytimecontrol.*,ptolemy.apps.apes.*,ptolemy.apps.charon.*,ptolemy.apps.crazyboard.*,ptolemy.apps.eclipse.*,ptolemy.apps.etherealSting.*,ptolemy.apps.fullscreen.*,ptolemy.apps.giotto.*,ptolemy.apps.ia.*,ptolemy.apps.interfaces.*,ptolemy.apps.jmf.*,ptolemy.apps.kurt.*,ptolemy.apps.kvm.*,ptolemy.apps.lego.*,ptolemy.apps.lejos.*,ptolemy.apps.midp.*,ptolemy.apps.mobileCoding.*,ptolemy.apps.pendulum.*,ptolemy.apps.rijndael.*,ptolemy.apps.robot.*,ptolemy.apps.security.*,ptolemy.apps.sobel.*,ptolemy.apps.soot.*,ptolemy.apps.throttle.*,ptolemy.apps.tini.*,ptolemy.apps.transmission.*,ptolemy.apps.vergil.*,ptolemy.apps.waba.*,ptolemy.apps.websensor.*,ptolemy.apps.webstart.*,ptolemy.apps.xsl.*,ptolemy.apps.zaurus.*,ptolemy.codegen.c.actor.lib.oldJavaFiles.*,ptolemy.codegen.dsp.lib.*,ptolemy.codegen.kernel.newInterfaces.*,ptolemy.codegen.lib.*,ptolemy.copernicus.kernel.fragment.*,ptolemy.copernicus.shallow.cg.*,ptolemy.domains.giotto.demo.Hierarchy.Hierarchy.*,ptolemy.domains.giotto.demo.Multimode.Multimode.*,ptolemy.domains.giotto.demo.Simple.Simple.*,ptolemy.domains.gr.lib.experimental.*,ptolemy.domains.gro.*,ptolemy.domains.pdf.*,ptolemy.domains.ptinyos.demo.Surge.output.*,ptolemy.moml.test.NoPackageActor.java*,ptolemy.plot.adm.*,ptolemy.plot.servlet.*,reports.*,signed.*,src.*,target.*,vendors.*,ptolemy.copernicus.applet.*,ptolemy.media.viewer.*,ptolemy.actor.corba.*,doc.doclets.*,ptolemy.apps.eclipse.awt.*,ptolemy.backtrack.*,ptolemy.backtrack.ast.*,ptolemy.cg.adapter.generic.program.procedural.c.mbed*,ptolemy.homer.*,ptolemy.actor.lib.jai.*,org.ptolemy.scala.*,diva.util.java2d.svg.*,ptolemy.domains.ptinyos.*,ptolemy.actor.lib.fmi.fmipp.*,,org.terraswarm.accessor.accessors.web.node_modules.*,org.terraswarm.accessor.accessors-svn,ptolemy.apps.*,ptolemy.actor.ptalon.demo.ptinyos.SendAndReceiveCnt.output,ptolemy.actor.ptalon.demo.ptinyos.SenseToLeds.output,ptolemy.domains.ptinyos.demo.CntToLedsAndRfm.output,ptolemy.domains.ptinyos.demo.RfmToLeds.output,ptolemy.domains.ptinyos.demo.SendAndReceiveCnt.output,ptolemy.domains.ptinyos.demo.SenseToLeds.output,ptolemy.actor.lib.jjs.modules.udpSocket.*" />
    <property name="env.PTII" value="/home/travis/build/icyphy/ptII" />
    <property name="env.XDG_SESSION_ID" value="2" />
    <property name="keystore" value="ptKeystore" />
    <property name="env.TRAVIS_COMMIT_MESSAGE" value="Minor changes." />
    <property name="junit.output.dir" value="/home/travis/build/icyphy/ptII/reports/junit" />
    <property name="npm.return.code" value="0" />
    <property name="user.dir" value="/home/travis/build/icyphy/ptII/ptolemy/domains/de/test" />
    <property name="env.TRAVIS_NODE_VERSION" value="7" />
    <property name="env.TRAVIS_EVENT_TYPE" value="cron" />
    <property name="env.MAIL" value="/var/mail/travis" />
    <property name="env.PERLBREW_ROOT" value="/home/travis/perl5/perlbrew" />
    <property name="env.PWD" value="/home/travis/build/icyphy/ptII" />
    <property name="timeout.npm" value="45000" />
    <property name="env.PT_TRAVIS_TEST_CORE2_XML" value="true" />
    <property name="env.TRAVIS_ARCH" value="amd64" />
    <property name="sun.cpu.endian" value="little" />
    <property name="env.PAGER" value="cat" />
    <property name="env.TRAVIS_BUILD_STAGE_NAME" value="Test" />
    <property name="env.PERLBREW_HOME" value="/home/travis/.perlbrew" />
    <property name="java.vm.version" value="11.0.2+9" />
    <property name="env.RAILS_ENV" value="test" />
    <property name="java.class.path" value="/home/travis/build/icyphy/ptII:/home/travis/build/icyphy/ptII/lib/bsh-2.0b4.jar:/home/travis/build/icyphy/ptII/lib/ptCal.jar:/home/travis/build/icyphy/ptII/lib/java_cup.jar:/home/travis/build/icyphy/ptII/lib/saxon8.jar:/home/travis/build/icyphy/ptII/lib/saxon8-dom.jar:/home/travis/build/icyphy/ptII/lib/chic.jar:/home/travis/build/icyphy/ptII/lib/ptcolt.jar:/home/travis/build/icyphy/ptII/vendors/misc/itext/iText.jar:/home/travis/build/icyphy/ptII/lib/g4ltl.jar:/home/travis/build/icyphy/ptII/lib/StructuralCoder.jar:/home/travis/build/icyphy/ptII/lib/jcerti.jar:/home/travis/build/icyphy/ptII/lib/javax.mail.jar:/home/travis/build/icyphy/ptII/vendors/JMF-2.1.1e/lib/jmf.jar:/home/travis/build/icyphy/ptII/lib/jna-4.0.0-variadic.jar:/home/travis/build/icyphy/ptII/vendors/misc/joystick/Joystick.jar:/home/travis/build/icyphy/ptII/lib/ptjacl.jar:/home/travis/build/icyphy/ptII/lib/jsoup-1.8.2.jar:/home/travis/build/icyphy/ptII/lib/junit-4.8.2.jar:/home/travis/build/icyphy/ptII/lib/JUnitParams-0.4.0.jar:/home/travis/build/icyphy/ptII/ptolemy/actor/lib/excel/jxl.jar:/home/travis/build/icyphy/ptII/lib/jython.jar:/home/travis/build/icyphy/ptII/lib/kieler.jar:/home/travis/build/icyphy/ptII/vendors/opencv/share/OpenCV/java/opencv-341.jar:/home/travis/build/icyphy/ptII/lib/oscP5.jar:/home/travis/build/icyphy/ptII/lib/nrjavaserial-3.11.0.devel.jar:/home/travis/build/icyphy/ptII/vendors/j3d/lib/Linux/j3dcore.jar:/home/travis/build/icyphy/ptII/vendors/j3d/lib/Linux/j3dutils.jar:/home/travis/build/icyphy/ptII/vendors/j3d/lib/Linux/vecmath.jar:/home/travis/build/icyphy/ptII/vendors/jogl/lib/Linux/gluegen-rt-natives-linux-amd64.jar:/home/travis/build/icyphy/ptII/vendors/jogl/lib/Linux/gluegen-rt.jar:/home/travis/build/icyphy/ptII/vendors/jogl/lib/Linux/jogl-all-natives-linux-amd64.jar:/home/travis/build/icyphy/ptII/vendors/jogl/lib/Linux/jogl-all.jar:/home/travis/build/icyphy/ptII/ptolemy/distributed/jini/jar/jini-core.jar:/home/travis/build/icyphy/ptII/ptolemy/distributed/jini/jar/jini-ext.jar:/home/travis/build/icyphy/ptII/ptolemy/distributed/jini/jar/sun-util.jar:/home/travis/build/icyphy/ptII/lib/protobuf-java-2.4.1.jar:/home/travis/build/icyphy/ptII/lib/org.eclipse.paho.client.mqttv3.jar:/home/travis/build/icyphy/ptII/lib/mapss.jar:/home/travis/build/icyphy/ptII/ptolemy/actor/ptalon/antlr/antlr.jar:/home/travis/build/icyphy/ptII/lib/JRI.jar:/home/travis/build/icyphy/ptII/lib/commons-lang-2.6.jar:/home/travis/build/icyphy/ptII/lib/commons-logging-1.1.1.jar:/home/travis/build/icyphy/ptII/lib/sootclasses.jar:/home/travis/build/icyphy/ptII/ptolemy/actor/lib/database/mysql-connector-java-5.1.6-bin.jar:/home/travis/build/icyphy/ptII/vendors/misc/sphinx4/sphinx4-data-5prealpha.jar:/home/travis/build/icyphy/ptII/vendors/misc/sphinx4/sphinx4-core-5prealpha.jar:/home/travis/build/icyphy/ptII/lib/PDFRenderer.jar:/home/travis/build/icyphy/ptII/lib/svgSalamander.jar:/home/travis/build/icyphy/ptII/lib/rsyntaxtextarea-2.6.0-SNAPSHOT.jar:/home/travis/build/icyphy/ptII/lib/hazelcast-3.8.2.jar:/home/travis/build/icyphy/ptII/lib/jackson-annotations-2.9.0.jar:/home/travis/build/icyphy/ptII/lib/jackson-core-2.9.3.jar:/home/travis/build/icyphy/ptII/lib/jackson-databind-2.9.3.jar:/home/travis/build/icyphy/ptII/lib/netty-buffer-4.1.19.Final.jar:/home/travis/build/icyphy/ptII/lib/netty-codec-4.1.19.Final.jar:/home/travis/build/icyphy/ptII/lib/netty-codec-dns-4.1.19.Final.jar:/home/travis/build/icyphy/ptII/lib/netty-codec-http-4.1.19.Final.jar:/home/travis/build/icyphy/ptII/lib/netty-codec-http2-4.1.19.Final.jar:/home/travis/build/icyphy/ptII/lib/netty-common-4.1.19.Final.jar:/home/travis/build/icyphy/ptII/lib/netty-handler-4.1.19.Final.jar:/home/travis/build/icyphy/ptII/lib/netty-resolver-4.1.19.Final.jar:/home/travis/build/icyphy/ptII/lib/netty-resolver-dns-4.1.19.Final.jar:/home/travis/build/icyphy/ptII/lib/netty-transport-4.1.19.Final.jar:/home/travis/build/icyphy/ptII/lib/vertx-codegen-3.5.1.jar:/home/travis/build/icyphy/ptII/lib/vertx-core-3.5.2-SNAPSHOT.jar:/home/travis/build/icyphy/ptII/lib/vertx-hazelcast-3.5.1.jar:/home/travis/build/icyphy/ptII/lib/vertx-lang-js-3.5.1.jar:/home/travis/build/icyphy/ptII/lib/vertx-service-proxy-3.5.1.jar:/home/travis/build/icyphy/ptII/lib/vertx-web-3.5.1.jar:/home/travis/build/icyphy/ptII/lib/slf4j-api-1.7.13.jar:/home/travis/build/icyphy/ptII/lib/slf4j-simple-1.7.13.jar:/home/travis/build/icyphy/ptII/lib/webcam-capture-0.3.12.jar:/home/travis/build/icyphy/ptII/lib/bridj-0.7.0.jar:/home/travis/build/icyphy/ptII/lib/xbjlib-1.1.0.nrjavaserial.jar:/home/travis/build/icyphy/ptII/ptolemy/moml/test:/home/travis/build/icyphy/ptII/ant/lib/ant-launcher.jar:/home/travis/build/icyphy/ptII/ant/lib/ant.jar:/home/travis/build/icyphy/ptII/ant/lib/ant-junit.jar:/home/travis/build/icyphy/ptII/ant/lib/ant-junit4.jar" />
    <property name="ant.library.dir" value="/home/travis/build/icyphy/ptII/ant/lib" />
    <property name="os.arch" value="amd64" />
    <property name="env.CONTINUOUS_INTEGRATION" value="true" />
    <property name="env.TRAVIS_LANGUAGE" value="node_js" />
    <property name="env.TRAVIS_STACK_LANGUAGES" value="__sardonyx__ c c++ clojure cplusplus cpp default generic go groovy java node_js php pure_java python ruby scala" />
    <property name="test.name" value="ptolemy.actor.lib.test.junit.JUnitTclTest" />
    <property name="env.APT_KEY_DONT_WARN_ON_DANGEROUS_USAGE" value="1" />
    <property name="sun.java.launcher" value="SUN_STANDARD" />
    <property name="env.PYTHON_CONFIGURE_OPTS" value="--enable-unicode=ucs4 --with-wide-unicode --enable-shared --enable-ipv6 --enable-loadable-sqlite-extensions --with-computed-gotos" />
    <property name="ant.core.lib" value="/home/travis/build/icyphy/ptII/ant/lib/ant.jar" />
    <property name="java.vm.specification.vendor" value="Oracle Corporation" />
    <property name="env.BCVTB_HOME" value="/home/travis/build/icyphy/ptII/lbnl" />
    <property name="file.separator" value="/" />
    <property name="spotbugs.home" value="/home/travis/build/icyphy/ptII/vendors/spotbugs-3.1.1" />
    <property name="java.runtime.version" value="11.0.2+9" />
    <property name="env.ANSI_CLEAR" value="\033[0K" />
    <property name="javafx.verbose" value="true" />
    <property name="env.HAS_JOSH_K_SEAL_OF_APPROVAL" value="true" />
    <property name="env.XDG_RUNTIME_DIR" value="/run/user/2000" />
    <property name="env.TRAVIS_OSX_IMAGE" value="" />
    <property name="env.TRAVIS_JOB_ID" value="624916197" />
    <property name="env.TRAVIS_BRANCH" value="master" />
    <property name="user.country" value="US" />
    <property name="env.CERTI_HOME_TRAVIS" value="/home/travis/pthla/certi-tools" />
    <property name="env.SHELL" value="/bin/bash" />
    <property name="java.maxmemory.large" value="3200m" />
    <property name="model" value="" />
    <property name="env.CASHER_DIR" value="/home/travis/.casher" />
    <property name="env.NVM_CD_FLAGS" value="" />
    <property name="java.vendor.version" value="18.9" />
    <property name="jshint.executable" value="/home/travis/node_modules/jshint/bin/jshint" />
    <property name="env.JRUBY_OPTS" value=" --client -J-XX:+TieredCompilation -J-XX:TieredStopAtLevel=1 -J-Xss2m -Xcompile.invokedynamic=false" />
    <property name="java.vendor" value="Oracle Corporation" />
    <property name="env.TRAVIS_PRE_CHEF_BOOTSTRAP_TIME" value="2019-03-25T16:16:42" />
    <property name="env.TRAVIS_STACK_JOB_BOARD_REGISTER" value="/.job-board-register.yml" />
    <property name="env.ANSI_RED" value="\033[31;1m" />
    <property name="java.specification.version" value="11" />
    <property name="env.IRBRC" value="/home/travis/.rvm/rubies/ruby-2.5.3/.irbrc" />
    <property name="env.TRAVIS" value="true" />
    <property name="sun.arch.data.model" value="64" />
  </properties>
  <testcase classname="ptolemy.util.test.junit.TclTests" name="[0] /home/travis/build/icyphy/ptII/ptolemy/domains/de/test/DependencyLoop.tcl (RunTclFile)" time="1.11" />
  <testcase classname="ptolemy.util.test.junit.TclTests" name="[1] /home/travis/build/icyphy/ptII/ptolemy/domains/de/test/RunDETestsAsQSS.tcl (RunTclFile)" time="89.865" />
  <testcase classname="ptolemy.util.test.junit.AutoKnownFailedTests" name="[0] /home/travis/build/icyphy/ptII/ptolemy/domains/de/test/auto/knownFailedTests/DESDFClockTest.xml (RunModel)" time="2.051" />
  <testcase classname="ptolemy.util.test.junit.AutoKnownFailedTests" name="[1] /home/travis/build/icyphy/ptII/ptolemy/domains/de/test/auto/knownFailedTests/DirectFeedback.xml (RunModel)" time="0.022" />
  <testcase classname="ptolemy.util.test.junit.AutoKnownFailedTests" name="[2] /home/travis/build/icyphy/ptII/ptolemy/domains/de/test/auto/knownFailedTests/FSMSource.xml (RunModel)" time="0.03" />
  <testcase classname="ptolemy.util.test.junit.AutoKnownFailedTests" name="[3] /home/travis/build/icyphy/ptII/ptolemy/domains/de/test/auto/knownFailedTests/HierarchicalModel.xml (RunModel)" time="0.053" />
  <testcase classname="ptolemy.util.test.junit.AutoKnownFailedTests" name="[4] /home/travis/build/icyphy/ptII/ptolemy/domains/de/test/auto/knownFailedTests/dependencyLoop.xml (RunModel)" time="0.049" />
  <testcase classname="ptolemy.util.test.junit.AutoKnownFailedTests" name="[5] /home/travis/build/icyphy/ptII/ptolemy/domains/de/test/auto/knownFailedTests/dependencyLoop2.xml (RunModel)" time="0.043" />
  <testcase classname="ptolemy.util.test.junit.AutoNameArchTests" name="[0] ThereAreNoAutoArchTests (RunModel)" time="0.004" />
  <testcase classname="ptolemy.util.test.junit.AutoTests" name="[0] /home/travis/build/icyphy/ptII/ptolemy/domains/de/test/auto/ActorDepthCalculation_actorWithoutPorts.xml (RunModel)" time="0.022" />
  <testcase classname="ptolemy.util.test.junit.AutoTests" name="[1] /home/travis/build/icyphy/ptII/ptolemy/domains/de/test/auto/AssemblyLine.xml (RunModel)" time="0.022" />
  <testcase classname="ptolemy.util.test.junit.AutoTests" name="[2] /home/travis/build/icyphy/ptII/ptolemy/domains/de/test/auto/CQBug1.xml (RunModel)" time="0.012" />
  <testcase classname="ptolemy.util.test.junit.AutoTests" name="[3] /home/travis/build/icyphy/ptII/ptolemy/domains/de/test/auto/CancelFireAt.xml (RunModel)" time="0.015" />
  <testcase classname="ptolemy.util.test.junit.AutoTests" name="[4] /home/travis/build/icyphy/ptII/ptolemy/domains/de/test/auto/CausalityAndComposabilityAnalysis.xml (RunModel)" time="0.02" />
  <testcase classname="ptolemy.util.test.junit.AutoTests" name="[5] /home/travis/build/icyphy/ptII/ptolemy/domains/de/test/auto/CausalityInterface1.xml (RunModel)" time="0.024" />
  <testcase classname="ptolemy.util.test.junit.AutoTests" name="[6] /home/travis/build/icyphy/ptII/ptolemy/domains/de/test/auto/CausalityInterface15.xml (RunModel)" time="0.02" />
  <testcase classname="ptolemy.util.test.junit.AutoTests" name="[7] /home/travis/build/icyphy/ptII/ptolemy/domains/de/test/auto/CausalityInterface2.xml (RunModel)" time="0.021" />
  <testcase classname="ptolemy.util.test.junit.AutoTests" name="[8] /home/travis/build/icyphy/ptII/ptolemy/domains/de/test/auto/CausalityInterface3.xml (RunModel)" time="0.013" />
  <testcase classname="ptolemy.util.test.junit.AutoTests" name="[9] /home/travis/build/icyphy/ptII/ptolemy/domains/de/test/auto/ClockDrift.xml (RunModel)" time="0.035" />
  <testcase classname="ptolemy.util.test.junit.AutoTests" name="[10] /home/travis/build/icyphy/ptII/ptolemy/domains/de/test/auto/ClockDriftAndValueChange.xml (RunModel)" time="0.034" />
  <testcase classname="ptolemy.util.test.junit.AutoTests" name="[11] /home/travis/build/icyphy/ptII/ptolemy/domains/de/test/auto/ClockDriftChange.xml (RunModel)" time="0.033" />
  <testcase classname="ptolemy.util.test.junit.AutoTests" name="[12] /home/travis/build/icyphy/ptII/ptolemy/domains/de/test/auto/ComposableCausalityAnalysis.xml (RunModel)" time="0.016" />
  <testcase classname="ptolemy.util.test.junit.AutoTests" name="[13] /home/travis/build/icyphy/ptII/ptolemy/domains/de/test/auto/DEFixedPointLimitation.xml (RunModel)" time="0.01" />
  <testcase classname="ptolemy.util.test.junit.AutoTests" name="[14] /home/travis/build/icyphy/ptII/ptolemy/domains/de/test/auto/DEScheduleTest.xml (RunModel)" time="0.017" />
  <testcase classname="ptolemy.util.test.junit.AutoTests" name="[15] /home/travis/build/icyphy/ptII/ptolemy/domains/de/test/auto/DEinDEwithStartTimes.xml (RunModel)" time="0.018" />
  <testcase classname="ptolemy.util.test.junit.AutoTests" name="[16] /home/travis/build/icyphy/ptII/ptolemy/domains/de/test/auto/DEinDEwithStartTimes2.xml (RunModel)" time="0.022" />
  <testcase classname="ptolemy.util.test.junit.AutoTests" name="[17] /home/travis/build/icyphy/ptII/ptolemy/domains/de/test/auto/DateDemo.xml (RunModel)" time="0.054" />
  <testcase classname="ptolemy.util.test.junit.AutoTests" name="[18] /home/travis/build/icyphy/ptII/ptolemy/domains/de/test/auto/DateToEvent.xml (RunModel)" time="2.048" />
  <testcase classname="ptolemy.util.test.junit.AutoTests" name="[19] /home/travis/build/icyphy/ptII/ptolemy/domains/de/test/auto/DepthTest1.xml (RunModel)" time="0.01" />
  <testcase classname="ptolemy.util.test.junit.AutoTests" name="[20] /home/travis/build/icyphy/ptII/ptolemy/domains/de/test/auto/DepthTest2.xml (RunModel)" time="0.025" />
  <testcase classname="ptolemy.util.test.junit.AutoTests" name="[21] /home/travis/build/icyphy/ptII/ptolemy/domains/de/test/auto/DepthTest3.xml (RunModel)" time="0.013" />
  <testcase classname="ptolemy.util.test.junit.AutoTests" name="[22] /home/travis/build/icyphy/ptII/ptolemy/domains/de/test/auto/DepthTest4.xml (RunModel)" time="0.021" />
  <testcase classname="ptolemy.util.test.junit.AutoTests" name="[23] /home/travis/build/icyphy/ptII/ptolemy/domains/de/test/auto/DepthTest5.xml (RunModel)" time="0.017" />
  <testcase classname="ptolemy.util.test.junit.AutoTests" name="[24] /home/travis/build/icyphy/ptII/ptolemy/domains/de/test/auto/DepthTest6.xml (RunModel)" time="0.013" />
  <testcase classname="ptolemy.util.test.junit.AutoTests" name="[25] /home/travis/build/icyphy/ptII/ptolemy/domains/de/test/auto/DepthTest7.xml (RunModel)" time="0.018" />
  <testcase classname="ptolemy.util.test.junit.AutoTests" name="[26] /home/travis/build/icyphy/ptII/ptolemy/domains/de/test/auto/EventToDate.xml (RunModel)" time="3.038" />
  <testcase classname="ptolemy.util.test.junit.AutoTests" name="[27] /home/travis/build/icyphy/ptII/ptolemy/domains/de/test/auto/FSM1.xml (RunModel)" time="0.04" />
  <testcase classname="ptolemy.util.test.junit.AutoTests" name="[28] /home/travis/build/icyphy/ptII/ptolemy/domains/de/test/auto/FSM7.xml (RunModel)" time="0.05" />
  <testcase classname="ptolemy.util.test.junit.AutoTests" name="[29] /home/travis/build/icyphy/ptII/ptolemy/domains/de/test/auto/Inspection.xml (RunModel)" time="0.052" />
  <testcase classname="ptolemy.util.test.junit.AutoTests" name="[30] /home/travis/build/icyphy/ptII/ptolemy/domains/de/test/auto/Iteration.xml (RunModel)" time="0.026" />
  <testcase classname="ptolemy.util.test.junit.AutoTests" name="[31] /home/travis/build/icyphy/ptII/ptolemy/domains/de/test/auto/LineFault.xml (RunModel)" time="0.621" />
  <testcase classname="ptolemy.util.test.junit.AutoTests" name="[32] /home/travis/build/icyphy/ptII/ptolemy/domains/de/test/auto/MergeModel1Add.xml (RunModel)" time="0.051" />
  <testcase classname="ptolemy.util.test.junit.AutoTests" name="[33] /home/travis/build/icyphy/ptII/ptolemy/domains/de/test/auto/MergeModel2Add.xml (RunModel)" time="0.035" />
  <testcase classname="ptolemy.util.test.junit.AutoTests" name="[34] /home/travis/build/icyphy/ptII/ptolemy/domains/de/test/auto/MergeModel3Add.xml (RunModel)" time="0.049" />
  <testcase classname="ptolemy.util.test.junit.AutoTests" name="[35] /home/travis/build/icyphy/ptII/ptolemy/domains/de/test/auto/MergeWithoutDiscard.xml (RunModel)" time="0.015" />
  <testcase classname="ptolemy.util.test.junit.AutoTests" name="[36] /home/travis/build/icyphy/ptII/ptolemy/domains/de/test/auto/Modal1.xml (RunModel)" time="0.025" />
  <testcase classname="ptolemy.util.test.junit.AutoTests" name="[37] /home/travis/build/icyphy/ptII/ptolemy/domains/de/test/auto/Modal2.xml (RunModel)" time="0.03" />
  <testcase classname="ptolemy.util.test.junit.AutoTests" name="[38] /home/travis/build/icyphy/ptII/ptolemy/domains/de/test/auto/Modal3.xml (RunModel)" time="0.026" />
  <testcase classname="ptolemy.util.test.junit.AutoTests" name="[39] /home/travis/build/icyphy/ptII/ptolemy/domains/de/test/auto/Modal4.xml (RunModel)" time="0.043" />
  <testcase classname="ptolemy.util.test.junit.AutoTests" name="[40] /home/travis/build/icyphy/ptII/ptolemy/domains/de/test/auto/Modal5.xml (RunModel)" time="0.03" />
  <testcase classname="ptolemy.util.test.junit.AutoTests" name="[41] /home/travis/build/icyphy/ptII/ptolemy/domains/de/test/auto/Modal6.xml (RunModel)" time="0.036" />
  <testcase classname="ptolemy.util.test.junit.AutoTests" name="[42] /home/travis/build/icyphy/ptII/ptolemy/domains/de/test/auto/Modal7.xml (RunModel)" time="0.04" />
  <testcase classname="ptolemy.util.test.junit.AutoTests" name="[43] /home/travis/build/icyphy/ptII/ptolemy/domains/de/test/auto/ModalModel.xml (RunModel)" time="0.171" />
  <testcase classname="ptolemy.util.test.junit.AutoTests" name="[44] /home/travis/build/icyphy/ptII/ptolemy/domains/de/test/auto/ModalSource.xml (RunModel)" time="0.026" />
  <testcase classname="ptolemy.util.test.junit.AutoTests" name="[45] /home/travis/build/icyphy/ptII/ptolemy/domains/de/test/auto/NonInterruptibleTimerZeroDelay.xml (RunModel)" time="0.012" />
  <testcase classname="ptolemy.util.test.junit.AutoTests" name="[46] /home/travis/build/icyphy/ptII/ptolemy/domains/de/test/auto/OpenQueueingNetwork.xml (RunModel)" time="2.552" />
  <testcase classname="ptolemy.util.test.junit.AutoTests" name="[47] /home/travis/build/icyphy/ptII/ptolemy/domains/de/test/auto/OpenQueuingNetwork.xml (RunModel)" time="0.276" />
  <testcase classname="ptolemy.util.test.junit.AutoTests" name="[48] /home/travis/build/icyphy/ptII/ptolemy/domains/de/test/auto/PeriodicSampler.xml (RunModel)" time="0.009" />
  <testcase classname="ptolemy.util.test.junit.AutoTests" name="[49] /home/travis/build/icyphy/ptII/ptolemy/domains/de/test/auto/PersistentIO.xml (RunModel)" time="0.026" />
  <testcase classname="ptolemy.util.test.junit.AutoTests" name="[50] /home/travis/build/icyphy/ptII/ptolemy/domains/de/test/auto/PortParameterResetOnInitialize.xml (RunModel)" time="0.009" />
  <testcase classname="ptolemy.util.test.junit.AutoTests" name="[51] /home/travis/build/icyphy/ptII/ptolemy/domains/de/test/auto/PortParameterUpdates.xml (RunModel)" time="0.02" />
  <testcase classname="ptolemy.util.test.junit.AutoTests" name="[52] /home/travis/build/icyphy/ptII/ptolemy/domains/de/test/auto/QueueAndServer.xml (RunModel)" time="0.021" />
  <testcase classname="ptolemy.util.test.junit.AutoTests" name="[53] /home/travis/build/icyphy/ptII/ptolemy/domains/de/test/auto/Records.xml (RunModel)" time="0.02" />
  <testcase classname="ptolemy.util.test.junit.AutoTests" name="[54] /home/travis/build/icyphy/ptII/ptolemy/domains/de/test/auto/ResetTransitionWithStartTime1.xml (RunModel)" time="0.022" />
  <testcase classname="ptolemy.util.test.junit.AutoTests" name="[55] /home/travis/build/icyphy/ptII/ptolemy/domains/de/test/auto/ResetTransitionWithStartTime2.xml (RunModel)" time="0.029" />
  <testcase classname="ptolemy.util.test.junit.AutoTests" name="[56] /home/travis/build/icyphy/ptII/ptolemy/domains/de/test/auto/ResetTransitionWithStartTime3.xml (RunModel)" time="0.021" />
  <testcase classname="ptolemy.util.test.junit.AutoTests" name="[57] /home/travis/build/icyphy/ptII/ptolemy/domains/de/test/auto/ResetTransitionWithStartTime4.xml (RunModel)" time="0.02" />
  <testcase classname="ptolemy.util.test.junit.AutoTests" name="[58] /home/travis/build/icyphy/ptII/ptolemy/domains/de/test/auto/ResettableTimer1.xml (RunModel)" time="0.011" />
  <testcase classname="ptolemy.util.test.junit.AutoTests" name="[59] /home/travis/build/icyphy/ptII/ptolemy/domains/de/test/auto/ResettableTimer2.xml (RunModel)" time="0.01" />
  <testcase classname="ptolemy.util.test.junit.AutoTests" name="[60] /home/travis/build/icyphy/ptII/ptolemy/domains/de/test/auto/ResettableTimer3.xml (RunModel)" time="0.011" />
  <testcase classname="ptolemy.util.test.junit.AutoTests" name="[61] /home/travis/build/icyphy/ptII/ptolemy/domains/de/test/auto/ResettableTimer4.xml (RunModel)" time="0.01" />
  <testcase classname="ptolemy.util.test.junit.AutoTests" name="[62] /home/travis/build/icyphy/ptII/ptolemy/domains/de/test/auto/ResettableTimer5.xml (RunModel)" time="0.01" />
  <testcase classname="ptolemy.util.test.junit.AutoTests" name="[63] /home/travis/build/icyphy/ptII/ptolemy/domains/de/test/auto/ResettableTimer6.xml (RunModel)" time="0.017" />
  <testcase classname="ptolemy.util.test.junit.AutoTests" name="[64] /home/travis/build/icyphy/ptII/ptolemy/domains/de/test/auto/ServerZeroDelay.xml (RunModel)" time="0.012" />
  <testcase classname="ptolemy.util.test.junit.AutoTests" name="[65] /home/travis/build/icyphy/ptII/ptolemy/domains/de/test/auto/SmartSender.xml (RunModel)" time="3.009" />
  <testcase classname="ptolemy.util.test.junit.AutoTests" name="[66] /home/travis/build/icyphy/ptII/ptolemy/domains/de/test/auto/ThreadedComposite.xml (RunModel)" time="0.162" />
  <testcase classname="ptolemy.util.test.junit.AutoTests" name="[67] /home/travis/build/icyphy/ptII/ptolemy/domains/de/test/auto/Time.xml (RunModel)" time="0.439" />
  <testcase classname="ptolemy.util.test.junit.AutoTests" name="[68] /home/travis/build/icyphy/ptII/ptolemy/domains/de/test/auto/TimeDelayZeroDelay.xml (RunModel)" time="0.013" />
  <testcase classname="ptolemy.util.test.junit.AutoTests" name="[69] /home/travis/build/icyphy/ptII/ptolemy/domains/de/test/auto/TimerZeroDelay.xml (RunModel)" time="0.014" />
  <testcase classname="ptolemy.util.test.junit.AutoTests" name="[70] /home/travis/build/icyphy/ptII/ptolemy/domains/de/test/auto/TimingParadox.xml (RunModel)" time="0.383" />
  <testcase classname="ptolemy.util.test.junit.AutoTests" name="[71] /home/travis/build/icyphy/ptII/ptolemy/domains/de/test/auto/TransferInputs.xml (RunModel)" time="0.016" />
  <testcase classname="ptolemy.util.test.junit.AutoTests" name="[72] /home/travis/build/icyphy/ptII/ptolemy/domains/de/test/auto/TransferOutputs2.xml (RunModel)" time="0.014" />
  <testcase classname="ptolemy.util.test.junit.AutoTests" name="[73] /home/travis/build/icyphy/ptII/ptolemy/domains/de/test/auto/Trilateration.xml (RunModel)" time="12.245" />
  <testcase classname="ptolemy.util.test.junit.AutoTests" name="[74] /home/travis/build/icyphy/ptII/ptolemy/domains/de/test/auto/TwoSigmaDelta.xml (RunModel)" time="2.159" />
  <testcase classname="ptolemy.util.test.junit.AutoTests" name="[75] /home/travis/build/icyphy/ptII/ptolemy/domains/de/test/auto/VariableDelay.xml (RunModel)" time="0.01" />
  <testcase classname="ptolemy.util.test.junit.AutoTests" name="[76] /home/travis/build/icyphy/ptII/ptolemy/domains/de/test/auto/VariableDelay2.xml (RunModel)" time="0.009" />
  <testcase classname="ptolemy.util.test.junit.AutoTests" name="[77] /home/travis/build/icyphy/ptII/ptolemy/domains/de/test/auto/VariableDelayZeroDelay.xml (RunModel)" time="0.011" />
  <testcase classname="ptolemy.util.test.junit.AutoTests" name="[78] /home/travis/build/icyphy/ptII/ptolemy/domains/de/test/auto/VariableDelayZeroDelay2.xml (RunModel)" time="0.017" />
  <testcase classname="ptolemy.util.test.junit.AutoTests" name="[79] /home/travis/build/icyphy/ptII/ptolemy/domains/de/test/auto/deInCt.xml (RunModel)" time="0.016" />
  <testcase classname="ptolemy.util.test.junit.AutoTests" name="[80] /home/travis/build/icyphy/ptII/ptolemy/domains/de/test/auto/deInCt2.xml (RunModel)" time="0.015" />
  <testcase classname="ptolemy.util.test.junit.AutoTests" name="[81] /home/travis/build/icyphy/ptII/ptolemy/domains/de/test/auto/dynamicCausalityInterface1.xml (RunModel)" time="0.016" />
  <testcase classname="ptolemy.util.test.junit.AutoTests" name="[82] /home/travis/build/icyphy/ptII/ptolemy/domains/de/test/auto/fsm_de_test.xml (RunModel)" time="0.022" />
  <testcase classname="ptolemy.util.test.junit.AutoTests" name="[83] /home/travis/build/icyphy/ptII/ptolemy/domains/de/test/auto/functionDependencyReconstruction.xml (RunModel)" time="0.027" />
  <testcase classname="ptolemy.util.test.junit.AutoTests" name="[84] /home/travis/build/icyphy/ptII/ptolemy/domains/de/test/auto/multirate.xml (RunModel)" time="0.013" />
  <testcase classname="ptolemy.util.test.junit.AutoTests" name="[85] /home/travis/build/icyphy/ptII/ptolemy/domains/de/test/auto/multirate2.xml (RunModel)" time="0.012" />
  <testcase classname="ptolemy.util.test.junit.AutoTests" name="[86] /home/travis/build/icyphy/ptII/ptolemy/domains/de/test/auto/realtime.xml (RunModel)" time="10.009" />
  <testcase classname="ptolemy.util.test.junit.AutoTests" name="[87] /home/travis/build/icyphy/ptII/ptolemy/domains/de/test/auto/relationGroup.xml (RunModel)" time="0.016" />
  <testcase classname="ptolemy.util.test.junit.AutoTests" name="[88] /home/travis/build/icyphy/ptII/ptolemy/domains/de/test/auto/relationGroup2.xml (RunModel)" time="0.007" />
  <testcase classname="ptolemy.util.test.junit.AutoTests" name="[89] /home/travis/build/icyphy/ptII/ptolemy/domains/de/test/auto/sortWithOpaquePorts.xml (RunModel)" time="0.013" />
  <testcase classname="ptolemy.util.test.junit.AutoTests" name="[90] /home/travis/build/icyphy/ptII/ptolemy/domains/de/test/auto/transferInputsandOutputs.xml (RunModel)" time="0.014" />
  <testcase classname="ptolemy.util.test.junit.AutoTests" name="[91] /home/travis/build/icyphy/ptII/ptolemy/domains/de/test/auto/triggerType.xml (RunModel)" time="0.008" />
  <system-out><![CDATA[/home/travis/build/icyphy/ptII/ptolemy/domains/de/test/DependencyLoop.tcl
testDefs.tcl: setting time out to 9000 seconds at Sat Dec 14 06:25:55 UTC 2019
82 ms. Memory: 120832K Free: 72134K (60%)
25 ms. Memory: 120832K Free: 54726K (45%)
/home/travis/build/icyphy/ptII/ptolemy/domains/de/test/RunDETestsAsQSS.tcl
Run the DE tests using ptolemy.domains.qss.test.QSSDirectorTest, which extends QSSDirector and prints a message in the constructors.
------------------ testing $PTII/ptolemy/domains/de/test/auto/knownFailedTests/DirectFeedback.xml (Known Failure) 
38 ms. Memory: 120832K Free: 49096K (41%)


==== $PTIIhome/travis/build/icyphy/ptII/ptolemy/domains/de/test/../../../../: Auto Automatic test in file $PTII/ptolemy/domains/de/test/auto/knownFailedTests/DirectFeedback.xml
==== Contents of test case:

	    # FIXME: we should use $relativeFilename here, but it
	    # might have backslashes under Windows, which causes no end
	    # of trouble.
	    createAndExecute $file
	    list {}
	
.... Test generated KNOWN error:
    while executing
ptolemy.kernel.util.IllegalActionException: Test fails in iteration 1.
Value was: 1.0. Should have been: 2.0
  in .DirectFeedback.Test
	at ptolemy.actor.lib.Test.fire(Test.java:268)
	at ptolemy.domains.de.kernel.DEDirector._fire(DEDirector.java:1949)
	at ptolemy.domains.de.kernel.DEDirector.fire(DEDirector.java:502)
	at ptolemy.actor.CompositeActor.fire(CompositeActor.java:455)
	at ptolemy.actor.Manager.iterate(Manager.java:851)
	at ptolemy.actor.Manager.execute(Manager.java:369)
	at ptolemy.actor.Manager.run(Manager.java:1263)
	at ptolemy.actor.Manager$PtolemyRunThread.run(Manager.java:1933)

    while executing
ptolemy.kernel.util.IllegalActionException: Test fails in iteration 1.
Value was: 1.0. Should have been: 2.0
  in .DirectFeedback.Test
    while executing
"java::new ptolemy.moml.MoMLSimpleApplication $file
"
    (procedure "createAndExecute" line 2)
    invoked from within
"createAndExecute $file"
    ("uplevel" body line 5)
    invoked from within
"uplevel $contents_of_test"
------------------ testing $PTII/ptolemy/domains/de/test/auto/knownFailedTests/dependencyLoop.xml (Known Failure) 
17 ms. Memory: 120832K Free: 46024K (38%)


==== $PTIIhome/travis/build/icyphy/ptII/ptolemy/domains/de/test/../../../../: Auto Automatic test in file $PTII/ptolemy/domains/de/test/auto/knownFailedTests/dependencyLoop.xml
==== Contents of test case:

	    # FIXME: we should use $relativeFilename here, but it
	    # might have backslashes under Windows, which causes no end
	    # of trouble.
	    createAndExecute $file
	    list {}
	
.... Test generated KNOWN error:
    while executing
ptolemy.kernel.util.IllegalActionException: Found a zero delay loop containing .dependencyLoop.original
  in .dependencyLoop and .dependencyLoop.original
	at ptolemy.actor.util.CausalityInterfaceForComposites._computeOutputPortDepth(CausalityInterfaceForComposites.java:759)
	at ptolemy.actor.util.CausalityInterfaceForComposites._computeInputDepth(CausalityInterfaceForComposites.java:696)
	at ptolemy.actor.util.CausalityInterfaceForComposites._computeOutputPortDepth(CausalityInterfaceForComposites.java:765)
	at ptolemy.actor.util.CausalityInterfaceForComposites._computeInputDepth(CausalityInterfaceForComposites.java:696)
	at ptolemy.actor.util.CausalityInterfaceForComposites._computeOutputPortDepth(CausalityInterfaceForComposites.java:765)
	at ptolemy.actor.util.CausalityInterfaceForComposites._computeInputDepth(CausalityInterfaceForComposites.java:696)
	at ptolemy.actor.util.CausalityInterfaceForComposites._computeActorDepth(CausalityInterfaceForComposites.java:532)
	at ptolemy.actor.util.CausalityInterfaceForComposites.checkForCycles(CausalityInterfaceForComposites.java:96)
	at ptolemy.domains.de.kernel.DEDirector.preinitialize(DEDirector.java:1338)
	at ptolemy.actor.CompositeActor.preinitialize(CompositeActor.java:1828)
	at ptolemy.actor.Manager.preinitializeAndResolveTypes(Manager.java:1040)
	at ptolemy.actor.Manager.initialize(Manager.java:710)
	at ptolemy.actor.Manager.execute(Manager.java:356)
	at ptolemy.actor.Manager.run(Manager.java:1263)
	at ptolemy.actor.Manager$PtolemyRunThread.run(Manager.java:1933)

    while executing
ptolemy.kernel.util.IllegalActionException: Found a zero delay loop containing .dependencyLoop.original
  in .dependencyLoop and .dependencyLoop.original
    while executing
"java::new ptolemy.moml.MoMLSimpleApplication $file
"
    (procedure "createAndExecute" line 2)
    invoked from within
"createAndExecute $file"
    ("uplevel" body line 5)
    invoked from within
"uplevel $contents_of_test"
------------------ testing $PTII/ptolemy/domains/de/test/auto/knownFailedTests/FSMSource.xml (Known Failure) 
85 ms. Memory: 120832K Free: 99395K (82%)
!!!! Auto was marked as failing, but now passes
------------------ testing $PTII/ptolemy/domains/de/test/auto/knownFailedTests/HierarchicalModel.xml (Known Failure) 
14 ms. Memory: 120832K Free: 81976K (68%)


==== $PTIIhome/travis/build/icyphy/ptII/ptolemy/domains/de/test/../../../../: Auto Automatic test in file $PTII/ptolemy/domains/de/test/auto/knownFailedTests/HierarchicalModel.xml
==== Contents of test case:

	    # FIXME: we should use $relativeFilename here, but it
	    # might have backslashes under Windows, which causes no end
	    # of trouble.
	    createAndExecute $file
	    list {}
	
.... Test generated KNOWN error:
    while executing
ptolemy.kernel.util.IllegalActionException: Found a zero delay loop containing .HierarchicalModel.A
  in .HierarchicalModel and .HierarchicalModel.A
	at ptolemy.actor.util.CausalityInterfaceForComposites._computeOutputPortDepth(CausalityInterfaceForComposites.java:759)
	at ptolemy.actor.util.CausalityInterfaceForComposites._computeInputDepth(CausalityInterfaceForComposites.java:696)
	at ptolemy.actor.util.CausalityInterfaceForComposites._computeOutputPortDepth(CausalityInterfaceForComposites.java:765)
	at ptolemy.actor.util.CausalityInterfaceForComposites._computeInputDepth(CausalityInterfaceForComposites.java:696)
	at ptolemy.actor.util.CausalityInterfaceForComposites._computeOutputPortDepth(CausalityInterfaceForComposites.java:765)
	at ptolemy.actor.util.CausalityInterfaceForComposites._computeInputDepth(CausalityInterfaceForComposites.java:696)
	at ptolemy.actor.util.CausalityInterfaceForComposites._computeActorDepth(CausalityInterfaceForComposites.java:532)
	at ptolemy.actor.util.CausalityInterfaceForComposites.checkForCycles(CausalityInterfaceForComposites.java:96)
	at ptolemy.domains.de.kernel.DEDirector.preinitialize(DEDirector.java:1338)
	at ptolemy.actor.CompositeActor.preinitialize(CompositeActor.java:1828)
	at ptolemy.actor.Manager.preinitializeAndResolveTypes(Manager.java:1040)
	at ptolemy.actor.Manager.initialize(Manager.java:710)
	at ptolemy.actor.Manager.execute(Manager.java:356)
	at ptolemy.actor.Manager.run(Manager.java:1263)
	at ptolemy.actor.Manager$PtolemyRunThread.run(Manager.java:1933)

    while executing
ptolemy.kernel.util.IllegalActionException: Found a zero delay loop containing .HierarchicalModel.A
  in .HierarchicalModel and .HierarchicalModel.A
    while executing
"java::new ptolemy.moml.MoMLSimpleApplication $file
"
    (procedure "createAndExecute" line 2)
    invoked from within
"createAndExecute $file"
    ("uplevel" body line 5)
    invoked from within
"uplevel $contents_of_test"
------------------ testing $PTII/ptolemy/domains/de/test/auto/knownFailedTests/dependencyLoop2.xml (Known Failure) 
27 ms. Memory: 120832K Free: 106869K (88%)


==== $PTIIhome/travis/build/icyphy/ptII/ptolemy/domains/de/test/../../../../: Auto Automatic test in file $PTII/ptolemy/domains/de/test/auto/knownFailedTests/dependencyLoop2.xml
==== Contents of test case:

	    # FIXME: we should use $relativeFilename here, but it
	    # might have backslashes under Windows, which causes no end
	    # of trouble.
	    createAndExecute $file
	    list {}
	
.... Test generated KNOWN error:
    while executing
ptolemy.kernel.util.IllegalActionException: Found a zero delay loop containing .dependencyLoop2.original
  in .dependencyLoop2 and .dependencyLoop2.original
	at ptolemy.actor.util.CausalityInterfaceForComposites._computeOutputPortDepth(CausalityInterfaceForComposites.java:759)
	at ptolemy.actor.util.CausalityInterfaceForComposites._computeInputDepth(CausalityInterfaceForComposites.java:696)
	at ptolemy.actor.util.CausalityInterfaceForComposites._computeOutputPortDepth(CausalityInterfaceForComposites.java:765)
	at ptolemy.actor.util.CausalityInterfaceForComposites._computeInputDepth(CausalityInterfaceForComposites.java:696)
	at ptolemy.actor.util.CausalityInterfaceForComposites._computeOutputPortDepth(CausalityInterfaceForComposites.java:765)
	at ptolemy.actor.util.CausalityInterfaceForComposites._computeInputDepth(CausalityInterfaceForComposites.java:696)
	at ptolemy.actor.util.CausalityInterfaceForComposites._computeActorDepth(CausalityInterfaceForComposites.java:532)
	at ptolemy.actor.util.CausalityInterfaceForComposites.checkForCycles(CausalityInterfaceForComposites.java:96)
	at ptolemy.domains.de.kernel.DEDirector.preinitialize(DEDirector.java:1338)
	at ptolemy.actor.CompositeActor.preinitialize(CompositeActor.java:1828)
	at ptolemy.actor.Manager.preinitializeAndResolveTypes(Manager.java:1040)
	at ptolemy.actor.Manager.initialize(Manager.java:710)
	at ptolemy.actor.Manager.execute(Manager.java:356)
	at ptolemy.actor.Manager.run(Manager.java:1263)
	at ptolemy.actor.Manager$PtolemyRunThread.run(Manager.java:1933)

    while executing
ptolemy.kernel.util.IllegalActionException: Found a zero delay loop containing .dependencyLoop2.original
  in .dependencyLoop2 and .dependencyLoop2.original
    while executing
"java::new ptolemy.moml.MoMLSimpleApplication $file
"
    (procedure "createAndExecute" line 2)
    invoked from within
"createAndExecute $file"
    ("uplevel" body line 5)
    invoked from within
"uplevel $contents_of_test"
------------------ testing $PTII/ptolemy/domains/de/test/auto/knownFailedTests/DESDFClockTest.xml (Known Failure) 
2068 ms. Memory: 120832K Free: 94141K (78%)


==== $PTIIhome/travis/build/icyphy/ptII/ptolemy/domains/de/test/../../../../: Auto Automatic test in file $PTII/ptolemy/domains/de/test/auto/knownFailedTests/DESDFClockTest.xml
==== Contents of test case:

	    # FIXME: we should use $relativeFilename here, but it
	    # might have backslashes under Windows, which causes no end
	    # of trouble.
	    createAndExecute $file
	    list {}
	
.... Test generated KNOWN error:
    while executing
ptolemy.kernel.util.IllegalActionException: Actor is not ready to fire.  Perhaps UpSample.prefire() returned false? Try debugging the actor by selecting "Listen to Actor".  Also, for SDF check moml for tokenConsumptionRate on input.
  in .DESDFClockTest.Play Bell.Copy1:SDF Director and .DESDFClockTest.Play Bell.UpSample
	at ptolemy.actor.sched.StaticSchedulingDirector.fire(StaticSchedulingDirector.java:227)
	at ptolemy.domains.sdf.kernel.SDFDirector.fire(SDFDirector.java:500)
	at ptolemy.actor.CompositeActor.fire(CompositeActor.java:455)
	at ptolemy.domains.de.kernel.DEDirector._fire(DEDirector.java:1949)
	at ptolemy.domains.de.kernel.DEDirector.fire(DEDirector.java:502)
	at ptolemy.actor.CompositeActor.fire(CompositeActor.java:455)
	at ptolemy.actor.Manager.iterate(Manager.java:851)
	at ptolemy.actor.Manager.execute(Manager.java:369)
	at ptolemy.actor.Manager.run(Manager.java:1263)
	at ptolemy.actor.Manager$PtolemyRunThread.run(Manager.java:1933)

    while executing
ptolemy.kernel.util.IllegalActionException: Actor is not ready to fire.  Perhaps UpSample.prefire() returned false? Try debugging the actor by selecting "Listen to Actor".  Also, for SDF check moml for tokenConsumptionRate on input.
  in .DESDFClockTest.Play Bell.Copy1:SDF Director and .DESDFClockTest.Play Bell.UpSample
    while executing
"java::new ptolemy.moml.MoMLSimpleApplication $file
"
    (procedure "createAndExecute" line 2)
    invoked from within
"createAndExecute $file"
    ("uplevel" body line 5)
    invoked from within
"uplevel $contents_of_test"
------------------ testing $PTII/ptolemy/domains/de/test/auto/ActorDepthCalculation_actorWithoutPorts.xml
auto.tcl: Setting watchdog for 200 seconds at Sat Dec 14 06:25:59 UTC 2019
7 ms. Memory: 120832K Free: 87199K (72%)
ptolemy.util.test.WatchDog.cancel(): canceling Sat Dec 14 06:25:59 UTC 2019
auto.tcl: Setting watchdog for 200 seconds at Sat Dec 14 06:25:59 UTC 2019
9 ms. Memory: 120832K Free: 85435K (71%)
ptolemy.util.test.WatchDog.cancel(): canceling Sat Dec 14 06:25:59 UTC 2019
------------------ testing $PTII/ptolemy/domains/de/test/auto/AssemblyLine.xml
auto.tcl: Setting watchdog for 200 seconds at Sat Dec 14 06:26:00 UTC 2019
8 ms. Memory: 48128K Free: 25516K (53%)
ptolemy.util.test.WatchDog.cancel(): canceling Sat Dec 14 06:26:00 UTC 2019
auto.tcl: Setting watchdog for 200 seconds at Sat Dec 14 06:26:00 UTC 2019
10 ms. Memory: 48128K Free: 25085K (52%)
ptolemy.util.test.WatchDog.cancel(): canceling Sat Dec 14 06:26:00 UTC 2019
------------------ testing $PTII/ptolemy/domains/de/test/auto/CQBug1.xml
auto.tcl: Setting watchdog for 200 seconds at Sat Dec 14 06:26:00 UTC 2019
3 ms. Memory: 45056K Free: 28548K (63%)
ptolemy.util.test.WatchDog.cancel(): canceling Sat Dec 14 06:26:00 UTC 2019
auto.tcl: Setting watchdog for 200 seconds at Sat Dec 14 06:26:00 UTC 2019
2 ms. Memory: 45056K Free: 28119K (62%)
ptolemy.util.test.WatchDog.cancel(): canceling Sat Dec 14 06:26:00 UTC 2019
------------------ testing $PTII/ptolemy/domains/de/test/auto/CancelFireAt.xml
auto.tcl: Setting watchdog for 200 seconds at Sat Dec 14 06:26:00 UTC 2019
6 ms. Memory: 45056K Free: 29654K (66%)
ptolemy.util.test.WatchDog.cancel(): canceling Sat Dec 14 06:26:00 UTC 2019
auto.tcl: Setting watchdog for 200 seconds at Sat Dec 14 06:26:00 UTC 2019
2 ms. Memory: 45056K Free: 29226K (65%)
ptolemy.util.test.WatchDog.cancel(): canceling Sat Dec 14 06:26:00 UTC 2019
------------------ testing $PTII/ptolemy/domains/de/test/auto/CausalityAndComposabilityAnalysis.xml
auto.tcl: Setting watchdog for 200 seconds at Sat Dec 14 06:26:00 UTC 2019
6 ms. Memory: 45056K Free: 27670K (61%)
ptolemy.util.test.WatchDog.cancel(): canceling Sat Dec 14 06:26:00 UTC 2019
auto.tcl: Setting watchdog for 200 seconds at Sat Dec 14 06:26:00 UTC 2019
5 ms. Memory: 45056K Free: 26898K (60%)
ptolemy.util.test.WatchDog.cancel(): canceling Sat Dec 14 06:26:00 UTC 2019
------------------ testing $PTII/ptolemy/domains/de/test/auto/CausalityInterface1.xml
auto.tcl: Setting watchdog for 200 seconds at Sat Dec 14 06:26:00 UTC 2019
27 ms. Memory: 45056K Free: 26363K (59%)
ptolemy.util.test.WatchDog.cancel(): canceling Sat Dec 14 06:26:00 UTC 2019
auto.tcl: Setting watchdog for 200 seconds at Sat Dec 14 06:26:00 UTC 2019
5 ms. Memory: 45056K Free: 25376K (56%)
ptolemy.util.test.WatchDog.cancel(): canceling Sat Dec 14 06:26:00 UTC 2019
------------------ testing $PTII/ptolemy/domains/de/test/auto/CausalityInterface15.xml
auto.tcl: Setting watchdog for 200 seconds at Sat Dec 14 06:26:00 UTC 2019
7 ms. Memory: 45056K Free: 26544K (59%)
ptolemy.util.test.WatchDog.cancel(): canceling Sat Dec 14 06:26:00 UTC 2019
auto.tcl: Setting watchdog for 200 seconds at Sat Dec 14 06:26:00 UTC 2019
4 ms. Memory: 45056K Free: 25343K (56%)
ptolemy.util.test.WatchDog.cancel(): canceling Sat Dec 14 06:26:00 UTC 2019
------------------ testing $PTII/ptolemy/domains/de/test/auto/CausalityInterface2.xml
auto.tcl: Setting watchdog for 200 seconds at Sat Dec 14 06:26:00 UTC 2019
4 ms. Memory: 45056K Free: 27079K (60%)
ptolemy.util.test.WatchDog.cancel(): canceling Sat Dec 14 06:26:01 UTC 2019
auto.tcl: Setting watchdog for 200 seconds at Sat Dec 14 06:26:01 UTC 2019
3 ms. Memory: 45056K Free: 25958K (58%)
ptolemy.util.test.WatchDog.cancel(): canceling Sat Dec 14 06:26:01 UTC 2019
------------------ testing $PTII/ptolemy/domains/de/test/auto/CausalityInterface3.xml
auto.tcl: Setting watchdog for 200 seconds at Sat Dec 14 06:26:01 UTC 2019
6 ms. Memory: 45056K Free: 26544K (59%)
ptolemy.util.test.WatchDog.cancel(): canceling Sat Dec 14 06:26:01 UTC 2019
auto.tcl: Setting watchdog for 200 seconds at Sat Dec 14 06:26:01 UTC 2019
4 ms. Memory: 45056K Free: 25758K (57%)
ptolemy.util.test.WatchDog.cancel(): canceling Sat Dec 14 06:26:01 UTC 2019
------------------ testing $PTII/ptolemy/domains/de/test/auto/ClockDrift.xml
auto.tcl: Setting watchdog for 200 seconds at Sat Dec 14 06:26:01 UTC 2019
97 ms. Memory: 45056K Free: 18657K (41%)
ptolemy.util.test.WatchDog.cancel(): canceling Sat Dec 14 06:26:01 UTC 2019
auto.tcl: Setting watchdog for 200 seconds at Sat Dec 14 06:26:01 UTC 2019
49 ms. Memory: 45056K Free: 15702K (35%)
ptolemy.util.test.WatchDog.cancel(): canceling Sat Dec 14 06:26:01 UTC 2019
------------------ testing $PTII/ptolemy/domains/de/test/auto/ClockDriftAndValueChange.xml
auto.tcl: Setting watchdog for 200 seconds at Sat Dec 14 06:26:01 UTC 2019
38 ms. Memory: 45056K Free: 19221K (43%)
ptolemy.util.test.WatchDog.cancel(): canceling Sat Dec 14 06:26:01 UTC 2019
auto.tcl: Setting watchdog for 200 seconds at Sat Dec 14 06:26:01 UTC 2019
22 ms. Memory: 45056K Free: 16376K (36%)
ptolemy.util.test.WatchDog.cancel(): canceling Sat Dec 14 06:26:01 UTC 2019
------------------ testing $PTII/ptolemy/domains/de/test/auto/ClockDriftChange.xml
auto.tcl: Setting watchdog for 200 seconds at Sat Dec 14 06:26:01 UTC 2019
24 ms. Memory: 45056K Free: 21031K (47%)
ptolemy.util.test.WatchDog.cancel(): canceling Sat Dec 14 06:26:01 UTC 2019
auto.tcl: Setting watchdog for 200 seconds at Sat Dec 14 06:26:01 UTC 2019
17 ms. Memory: 45056K Free: 18487K (41%)
ptolemy.util.test.WatchDog.cancel(): canceling Sat Dec 14 06:26:01 UTC 2019
------------------ testing $PTII/ptolemy/domains/de/test/auto/ComposableCausalityAnalysis.xml
auto.tcl: Setting watchdog for 200 seconds at Sat Dec 14 06:26:01 UTC 2019
5 ms. Memory: 45056K Free: 25658K (57%)
ptolemy.util.test.WatchDog.cancel(): canceling Sat Dec 14 06:26:01 UTC 2019
auto.tcl: Setting watchdog for 200 seconds at Sat Dec 14 06:26:01 UTC 2019
5 ms. Memory: 45056K Free: 24628K (55%)
ptolemy.util.test.WatchDog.cancel(): canceling Sat Dec 14 06:26:01 UTC 2019
------------------ testing $PTII/ptolemy/domains/de/test/auto/DEFixedPointLimitation.xml
auto.tcl: Setting watchdog for 200 seconds at Sat Dec 14 06:26:01 UTC 2019
4 ms. Memory: 45056K Free: 27007K (60%)
ptolemy.util.test.WatchDog.cancel(): canceling Sat Dec 14 06:26:01 UTC 2019
auto.tcl: Setting watchdog for 200 seconds at Sat Dec 14 06:26:01 UTC 2019
1 ms. Memory: 45056K Free: 26128K (58%)
ptolemy.util.test.WatchDog.cancel(): canceling Sat Dec 14 06:26:01 UTC 2019
------------------ testing $PTII/ptolemy/domains/de/test/auto/DEScheduleTest.xml
auto.tcl: Setting watchdog for 200 seconds at Sat Dec 14 06:26:01 UTC 2019
7 ms. Memory: 45056K Free: 27302K (61%)
ptolemy.util.test.WatchDog.cancel(): canceling Sat Dec 14 06:26:01 UTC 2019
auto.tcl: Setting watchdog for 200 seconds at Sat Dec 14 06:26:01 UTC 2019
3 ms. Memory: 45056K Free: 26542K (59%)
ptolemy.util.test.WatchDog.cancel(): canceling Sat Dec 14 06:26:01 UTC 2019
------------------ testing $PTII/ptolemy/domains/de/test/auto/DEinDEwithStartTimes.xml
auto.tcl: Setting watchdog for 200 seconds at Sat Dec 14 06:26:01 UTC 2019
6 ms. Memory: 45056K Free: 25481K (57%)
ptolemy.util.test.WatchDog.cancel(): canceling Sat Dec 14 06:26:02 UTC 2019
auto.tcl: Setting watchdog for 200 seconds at Sat Dec 14 06:26:02 UTC 2019
3 ms. Memory: 45056K Free: 24422K (54%)
ptolemy.util.test.WatchDog.cancel(): canceling Sat Dec 14 06:26:02 UTC 2019
------------------ testing $PTII/ptolemy/domains/de/test/auto/DEinDEwithStartTimes2.xml
auto.tcl: Setting watchdog for 200 seconds at Sat Dec 14 06:26:02 UTC 2019
4 ms. Memory: 45056K Free: 24692K (55%)
ptolemy.util.test.WatchDog.cancel(): canceling Sat Dec 14 06:26:02 UTC 2019
auto.tcl: Setting watchdog for 200 seconds at Sat Dec 14 06:26:02 UTC 2019
4 ms. Memory: 45056K Free: 23618K (52%)
ptolemy.util.test.WatchDog.cancel(): canceling Sat Dec 14 06:26:02 UTC 2019
------------------ testing $PTII/ptolemy/domains/de/test/auto/DateDemo.xml
auto.tcl: Setting watchdog for 200 seconds at Sat Dec 14 06:26:02 UTC 2019
20 ms. Memory: 45056K Free: 19330K (43%)
ptolemy.util.test.WatchDog.cancel(): canceling Sat Dec 14 06:26:02 UTC 2019
auto.tcl: Setting watchdog for 200 seconds at Sat Dec 14 06:26:02 UTC 2019
8 ms. Memory: 45056K Free: 17837K (40%)
ptolemy.util.test.WatchDog.cancel(): canceling Sat Dec 14 06:26:02 UTC 2019
------------------ testing $PTII/ptolemy/domains/de/test/auto/DateToEvent.xml
auto.tcl: Setting watchdog for 200 seconds at Sat Dec 14 06:26:02 UTC 2019
2018 ms. Memory: 45056K Free: 15074K (33%)
ptolemy.util.test.WatchDog.cancel(): canceling Sat Dec 14 06:26:04 UTC 2019
auto.tcl: Setting watchdog for 200 seconds at Sat Dec 14 06:26:04 UTC 2019
2006 ms. Memory: 45056K Free: 14227K (32%)
ptolemy.util.test.WatchDog.cancel(): canceling Sat Dec 14 06:26:06 UTC 2019
------------------ testing $PTII/ptolemy/domains/de/test/auto/DepthTest1.xml
auto.tcl: Setting watchdog for 200 seconds at Sat Dec 14 06:26:06 UTC 2019
3 ms. Memory: 45056K Free: 28243K (63%)
ptolemy.util.test.WatchDog.cancel(): canceling Sat Dec 14 06:26:06 UTC 2019
auto.tcl: Setting watchdog for 200 seconds at Sat Dec 14 06:26:06 UTC 2019
1 ms. Memory: 45056K Free: 27683K (61%)
ptolemy.util.test.WatchDog.cancel(): canceling Sat Dec 14 06:26:06 UTC 2019
------------------ testing $PTII/ptolemy/domains/de/test/auto/DepthTest2.xml
auto.tcl: Setting watchdog for 200 seconds at Sat Dec 14 06:26:06 UTC 2019
4 ms. Memory: 45056K Free: 24908K (55%)
ptolemy.util.test.WatchDog.cancel(): canceling Sat Dec 14 06:26:06 UTC 2019
auto.tcl: Setting watchdog for 200 seconds at Sat Dec 14 06:26:06 UTC 2019
6 ms. Memory: 45056K Free: 24418K (54%)
ptolemy.util.test.WatchDog.cancel(): canceling Sat Dec 14 06:26:06 UTC 2019
------------------ testing $PTII/ptolemy/domains/de/test/auto/DepthTest3.xml
auto.tcl: Setting watchdog for 200 seconds at Sat Dec 14 06:26:06 UTC 2019
4 ms. Memory: 45056K Free: 28573K (63%)
ptolemy.util.test.WatchDog.cancel(): canceling Sat Dec 14 06:26:06 UTC 2019
auto.tcl: Setting watchdog for 200 seconds at Sat Dec 14 06:26:06 UTC 2019
1 ms. Memory: 45056K Free: 28021K (62%)
ptolemy.util.test.WatchDog.cancel(): canceling Sat Dec 14 06:26:06 UTC 2019
------------------ testing $PTII/ptolemy/domains/de/test/auto/DepthTest4.xml
auto.tcl: Setting watchdog for 200 seconds at Sat Dec 14 06:26:06 UTC 2019
3 ms. Memory: 45056K Free: 26777K (59%)
ptolemy.util.test.WatchDog.cancel(): canceling Sat Dec 14 06:26:06 UTC 2019
auto.tcl: Setting watchdog for 200 seconds at Sat Dec 14 06:26:06 UTC 2019
2 ms. Memory: 45056K Free: 26048K (58%)
ptolemy.util.test.WatchDog.cancel(): canceling Sat Dec 14 06:26:06 UTC 2019
------------------ testing $PTII/ptolemy/domains/de/test/auto/DepthTest5.xml
auto.tcl: Setting watchdog for 200 seconds at Sat Dec 14 06:26:06 UTC 2019
3 ms. Memory: 45056K Free: 25895K (57%)
ptolemy.util.test.WatchDog.cancel(): canceling Sat Dec 14 06:26:06 UTC 2019
auto.tcl: Setting watchdog for 200 seconds at Sat Dec 14 06:26:06 UTC 2019
2 ms. Memory: 45056K Free: 25529K (57%)
ptolemy.util.test.WatchDog.cancel(): canceling Sat Dec 14 06:26:06 UTC 2019
------------------ testing $PTII/ptolemy/domains/de/test/auto/DepthTest6.xml
auto.tcl: Setting watchdog for 200 seconds at Sat Dec 14 06:26:06 UTC 2019
5 ms. Memory: 45056K Free: 25856K (57%)
ptolemy.util.test.WatchDog.cancel(): canceling Sat Dec 14 06:26:06 UTC 2019
auto.tcl: Setting watchdog for 200 seconds at Sat Dec 14 06:26:06 UTC 2019
3 ms. Memory: 45056K Free: 25358K (56%)
ptolemy.util.test.WatchDog.cancel(): canceling Sat Dec 14 06:26:06 UTC 2019
------------------ testing $PTII/ptolemy/domains/de/test/auto/DepthTest7.xml
auto.tcl: Setting watchdog for 200 seconds at Sat Dec 14 06:26:06 UTC 2019
3 ms. Memory: 45056K Free: 26380K (59%)
ptolemy.util.test.WatchDog.cancel(): canceling Sat Dec 14 06:26:06 UTC 2019
auto.tcl: Setting watchdog for 200 seconds at Sat Dec 14 06:26:06 UTC 2019
2 ms. Memory: 45056K Free: 25998K (58%)
ptolemy.util.test.WatchDog.cancel(): canceling Sat Dec 14 06:26:06 UTC 2019
------------------ testing $PTII/ptolemy/domains/de/test/auto/EventToDate.xml
auto.tcl: Setting watchdog for 200 seconds at Sat Dec 14 06:26:06 UTC 2019
3005 ms. Memory: 45056K Free: 17184K (38%)
ptolemy.util.test.WatchDog.cancel(): canceling Sat Dec 14 06:26:10 UTC 2019
auto.tcl: Setting watchdog for 200 seconds at Sat Dec 14 06:26:10 UTC 2019
3004 ms. Memory: 45056K Free: 16802K (37%)
ptolemy.util.test.WatchDog.cancel(): canceling Sat Dec 14 06:26:13 UTC 2019
------------------ testing $PTII/ptolemy/domains/de/test/auto/FSM1.xml
auto.tcl: Setting watchdog for 200 seconds at Sat Dec 14 06:26:13 UTC 2019
35 ms. Memory: 45056K Free: 18707K (42%)
ptolemy.util.test.WatchDog.cancel(): canceling Sat Dec 14 06:26:13 UTC 2019
auto.tcl: Setting watchdog for 200 seconds at Sat Dec 14 06:26:13 UTC 2019
25 ms. Memory: 45056K Free: 15466K (34%)
ptolemy.util.test.WatchDog.cancel(): canceling Sat Dec 14 06:26:13 UTC 2019
------------------ testing $PTII/ptolemy/domains/de/test/auto/FSM7.xml
auto.tcl: Setting watchdog for 200 seconds at Sat Dec 14 06:26:13 UTC 2019
28 ms. Memory: 45056K Free: 18663K (41%)
ptolemy.util.test.WatchDog.cancel(): canceling Sat Dec 14 06:26:13 UTC 2019
auto.tcl: Setting watchdog for 200 seconds at Sat Dec 14 06:26:13 UTC 2019
26 ms. Memory: 45056K Free: 15697K (35%)
ptolemy.util.test.WatchDog.cancel(): canceling Sat Dec 14 06:26:13 UTC 2019
------------------ testing $PTII/ptolemy/domains/de/test/auto/Inspection.xml
auto.tcl: Setting watchdog for 200 seconds at Sat Dec 14 06:26:13 UTC 2019
42 ms. Memory: 45056K Free: 18465K (41%)
ptolemy.util.test.WatchDog.cancel(): canceling Sat Dec 14 06:26:13 UTC 2019
auto.tcl: Setting watchdog for 200 seconds at Sat Dec 14 06:26:13 UTC 2019
32 ms. Memory: 45056K Free: 16714K (37%)
ptolemy.util.test.WatchDog.cancel(): canceling Sat Dec 14 06:26:13 UTC 2019
------------------ testing $PTII/ptolemy/domains/de/test/auto/Iteration.xml
auto.tcl: Setting watchdog for 200 seconds at Sat Dec 14 06:26:13 UTC 2019
11 ms. Memory: 45056K Free: 24173K (54%)
ptolemy.util.test.WatchDog.cancel(): canceling Sat Dec 14 06:26:13 UTC 2019
auto.tcl: Setting watchdog for 200 seconds at Sat Dec 14 06:26:13 UTC 2019
8 ms. Memory: 45056K Free: 23122K (51%)
ptolemy.util.test.WatchDog.cancel(): canceling Sat Dec 14 06:26:13 UTC 2019
------------------ testing $PTII/ptolemy/domains/de/test/auto/LineFault.xml
auto.tcl: Setting watchdog for 200 seconds at Sat Dec 14 06:26:13 UTC 2019
701 ms. Memory: 54272K Free: 36753K (68%)
ptolemy.util.test.WatchDog.cancel(): canceling Sat Dec 14 06:26:14 UTC 2019
auto.tcl: Setting watchdog for 200 seconds at Sat Dec 14 06:26:14 UTC 2019
557 ms. Memory: 54272K Free: 30977K (57%)
ptolemy.util.test.WatchDog.cancel(): canceling Sat Dec 14 06:26:15 UTC 2019
------------------ testing $PTII/ptolemy/domains/de/test/auto/MergeModel1Add.xml
auto.tcl: Setting watchdog for 200 seconds at Sat Dec 14 06:26:15 UTC 2019
17 ms. Memory: 54272K Free: 18791K (35%)
ptolemy.util.test.WatchDog.cancel(): canceling Sat Dec 14 06:26:15 UTC 2019
auto.tcl: Setting watchdog for 200 seconds at Sat Dec 14 06:26:15 UTC 2019
11 ms. Memory: 54272K Free: 17572K (32%)
ptolemy.util.test.WatchDog.cancel(): canceling Sat Dec 14 06:26:15 UTC 2019
------------------ testing $PTII/ptolemy/domains/de/test/auto/MergeModel2Add.xml
auto.tcl: Setting watchdog for 200 seconds at Sat Dec 14 06:26:15 UTC 2019
8 ms. Memory: 51200K Free: 18594K (36%)
ptolemy.util.test.WatchDog.cancel(): canceling Sat Dec 14 06:26:15 UTC 2019
auto.tcl: Setting watchdog for 200 seconds at Sat Dec 14 06:26:15 UTC 2019
8 ms. Memory: 51200K Free: 16873K (33%)
ptolemy.util.test.WatchDog.cancel(): canceling Sat Dec 14 06:26:15 UTC 2019
------------------ testing $PTII/ptolemy/domains/de/test/auto/MergeModel3Add.xml
auto.tcl: Setting watchdog for 200 seconds at Sat Dec 14 06:26:15 UTC 2019
8 ms. Memory: 51200K Free: 19100K (37%)
ptolemy.util.test.WatchDog.cancel(): canceling Sat Dec 14 06:26:15 UTC 2019
auto.tcl: Setting watchdog for 200 seconds at Sat Dec 14 06:26:15 UTC 2019
11 ms. Memory: 51200K Free: 17372K (34%)
ptolemy.util.test.WatchDog.cancel(): canceling Sat Dec 14 06:26:15 UTC 2019
------------------ testing $PTII/ptolemy/domains/de/test/auto/MergeWithoutDiscard.xml
auto.tcl: Setting watchdog for 200 seconds at Sat Dec 14 06:26:15 UTC 2019
2 ms. Memory: 48128K Free: 30171K (63%)
ptolemy.util.test.WatchDog.cancel(): canceling Sat Dec 14 06:26:15 UTC 2019
auto.tcl: Setting watchdog for 200 seconds at Sat Dec 14 06:26:15 UTC 2019
1 ms. Memory: 48128K Free: 29678K (62%)
ptolemy.util.test.WatchDog.cancel(): canceling Sat Dec 14 06:26:15 UTC 2019
------------------ testing $PTII/ptolemy/domains/de/test/auto/Modal1.xml
auto.tcl: Setting watchdog for 200 seconds at Sat Dec 14 06:26:15 UTC 2019
12 ms. Memory: 48128K Free: 22241K (46%)
ptolemy.util.test.WatchDog.cancel(): canceling Sat Dec 14 06:26:15 UTC 2019
auto.tcl: Setting watchdog for 200 seconds at Sat Dec 14 06:26:15 UTC 2019
12 ms. Memory: 48128K Free: 18724K (39%)
ptolemy.util.test.WatchDog.cancel(): canceling Sat Dec 14 06:26:15 UTC 2019
------------------ testing $PTII/ptolemy/domains/de/test/auto/Modal2.xml
auto.tcl: Setting watchdog for 200 seconds at Sat Dec 14 06:26:15 UTC 2019
18 ms. Memory: 48128K Free: 21870K (45%)
ptolemy.util.test.WatchDog.cancel(): canceling Sat Dec 14 06:26:15 UTC 2019
auto.tcl: Setting watchdog for 200 seconds at Sat Dec 14 06:26:15 UTC 2019
20 ms. Memory: 48128K Free: 18182K (38%)
ptolemy.util.test.WatchDog.cancel(): canceling Sat Dec 14 06:26:15 UTC 2019
------------------ testing $PTII/ptolemy/domains/de/test/auto/Modal3.xml
auto.tcl: Setting watchdog for 200 seconds at Sat Dec 14 06:26:15 UTC 2019
10 ms. Memory: 48128K Free: 21376K (44%)
ptolemy.util.test.WatchDog.cancel(): canceling Sat Dec 14 06:26:15 UTC 2019
auto.tcl: Setting watchdog for 200 seconds at Sat Dec 14 06:26:15 UTC 2019
11 ms. Memory: 48128K Free: 18238K (38%)
ptolemy.util.test.WatchDog.cancel(): canceling Sat Dec 14 06:26:15 UTC 2019
------------------ testing $PTII/ptolemy/domains/de/test/auto/Modal4.xml
auto.tcl: Setting watchdog for 200 seconds at Sat Dec 14 06:26:15 UTC 2019
23 ms. Memory: 48128K Free: 20832K (43%)
ptolemy.util.test.WatchDog.cancel(): canceling Sat Dec 14 06:26:15 UTC 2019
auto.tcl: Setting watchdog for 200 seconds at Sat Dec 14 06:26:15 UTC 2019
27 ms. Memory: 48128K Free: 16992K (35%)
ptolemy.util.test.WatchDog.cancel(): canceling Sat Dec 14 06:26:16 UTC 2019
------------------ testing $PTII/ptolemy/domains/de/test/auto/Modal5.xml
auto.tcl: Setting watchdog for 200 seconds at Sat Dec 14 06:26:16 UTC 2019
18 ms. Memory: 48128K Free: 20819K (43%)
ptolemy.util.test.WatchDog.cancel(): canceling Sat Dec 14 06:26:16 UTC 2019
auto.tcl: Setting watchdog for 200 seconds at Sat Dec 14 06:26:16 UTC 2019
14 ms. Memory: 48128K Free: 16979K (35%)
ptolemy.util.test.WatchDog.cancel(): canceling Sat Dec 14 06:26:16 UTC 2019
------------------ testing $PTII/ptolemy/domains/de/test/auto/Modal6.xml
auto.tcl: Setting watchdog for 200 seconds at Sat Dec 14 06:26:16 UTC 2019
12 ms. Memory: 48128K Free: 21603K (45%)
ptolemy.util.test.WatchDog.cancel(): canceling Sat Dec 14 06:26:16 UTC 2019
auto.tcl: Setting watchdog for 200 seconds at Sat Dec 14 06:26:16 UTC 2019
19 ms. Memory: 48128K Free: 18001K (37%)
ptolemy.util.test.WatchDog.cancel(): canceling Sat Dec 14 06:26:16 UTC 2019
------------------ testing $PTII/ptolemy/domains/de/test/auto/Modal7.xml
auto.tcl: Setting watchdog for 200 seconds at Sat Dec 14 06:26:16 UTC 2019
9 ms. Memory: 48128K Free: 20558K (43%)
ptolemy.util.test.WatchDog.cancel(): canceling Sat Dec 14 06:26:16 UTC 2019
auto.tcl: Setting watchdog for 200 seconds at Sat Dec 14 06:26:16 UTC 2019
10 ms. Memory: 48128K Free: 17203K (36%)
ptolemy.util.test.WatchDog.cancel(): canceling Sat Dec 14 06:26:16 UTC 2019
------------------ testing $PTII/ptolemy/domains/de/test/auto/ModalModel.xml
auto.tcl: Setting watchdog for 200 seconds at Sat Dec 14 06:26:16 UTC 2019
241 ms. Memory: 58368K Free: 27376K (47%)
ptolemy.util.test.WatchDog.cancel(): canceling Sat Dec 14 06:26:16 UTC 2019
auto.tcl: Setting watchdog for 200 seconds at Sat Dec 14 06:26:16 UTC 2019
201 ms. Memory: 58368K Free: 26927K (46%)
ptolemy.util.test.WatchDog.cancel(): canceling Sat Dec 14 06:26:16 UTC 2019
------------------ testing $PTII/ptolemy/domains/de/test/auto/ModalSource.xml
auto.tcl: Setting watchdog for 200 seconds at Sat Dec 14 06:26:16 UTC 2019
5 ms. Memory: 51200K Free: 28708K (56%)
ptolemy.util.test.WatchDog.cancel(): canceling Sat Dec 14 06:26:16 UTC 2019
auto.tcl: Setting watchdog for 200 seconds at Sat Dec 14 06:26:16 UTC 2019
6 ms. Memory: 51200K Free: 26760K (52%)
ptolemy.util.test.WatchDog.cancel(): canceling Sat Dec 14 06:26:16 UTC 2019
------------------ testing $PTII/ptolemy/domains/de/test/auto/NonInterruptibleTimerZeroDelay.xml
auto.tcl: Setting watchdog for 200 seconds at Sat Dec 14 06:26:17 UTC 2019
4 ms. Memory: 51200K Free: 33605K (66%)
ptolemy.util.test.WatchDog.cancel(): canceling Sat Dec 14 06:26:17 UTC 2019
auto.tcl: Setting watchdog for 200 seconds at Sat Dec 14 06:26:17 UTC 2019
2 ms. Memory: 51200K Free: 32980K (64%)
ptolemy.util.test.WatchDog.cancel(): canceling Sat Dec 14 06:26:17 UTC 2019
------------------ testing $PTII/ptolemy/domains/de/test/auto/OpenQueueingNetwork.xml
auto.tcl: Setting watchdog for 200 seconds at Sat Dec 14 06:26:17 UTC 2019
2891 ms. Memory: 128000K Free: 94777K (74%)
ptolemy.util.test.WatchDog.cancel(): canceling Sat Dec 14 06:26:20 UTC 2019
auto.tcl: Setting watchdog for 200 seconds at Sat Dec 14 06:26:20 UTC 2019
2460 ms. Memory: 153600K Free: 64400K (42%)
ptolemy.util.test.WatchDog.cancel(): canceling Sat Dec 14 06:26:22 UTC 2019
------------------ testing $PTII/ptolemy/domains/de/test/auto/OpenQueuingNetwork.xml
auto.tcl: Setting watchdog for 200 seconds at Sat Dec 14 06:26:22 UTC 2019
312 ms. Memory: 61440K Free: 32358K (53%)
ptolemy.util.test.WatchDog.cancel(): canceling Sat Dec 14 06:26:23 UTC 2019
auto.tcl: Setting watchdog for 200 seconds at Sat Dec 14 06:26:23 UTC 2019
325 ms. Memory: 61440K Free: 17958K (29%)
ptolemy.util.test.WatchDog.cancel(): canceling Sat Dec 14 06:26:23 UTC 2019
------------------ testing $PTII/ptolemy/domains/de/test/auto/PeriodicSampler.xml
auto.tcl: Setting watchdog for 200 seconds at Sat Dec 14 06:26:23 UTC 2019
3 ms. Memory: 48128K Free: 29783K (62%)
ptolemy.util.test.WatchDog.cancel(): canceling Sat Dec 14 06:26:23 UTC 2019
auto.tcl: Setting watchdog for 200 seconds at Sat Dec 14 06:26:23 UTC 2019
2 ms. Memory: 48128K Free: 29283K (61%)
ptolemy.util.test.WatchDog.cancel(): canceling Sat Dec 14 06:26:23 UTC 2019
------------------ testing $PTII/ptolemy/domains/de/test/auto/PersistentIO.xml
auto.tcl: Setting watchdog for 200 seconds at Sat Dec 14 06:26:23 UTC 2019
15 ms. Memory: 48128K Free: 24722K (51%)
ptolemy.util.test.WatchDog.cancel(): canceling Sat Dec 14 06:26:23 UTC 2019
auto.tcl: Setting watchdog for 200 seconds at Sat Dec 14 06:26:23 UTC 2019
5 ms. Memory: 48128K Free: 23235K (48%)
ptolemy.util.test.WatchDog.cancel(): canceling Sat Dec 14 06:26:23 UTC 2019
------------------ testing $PTII/ptolemy/domains/de/test/auto/PortParameterResetOnInitialize.xml
auto.tcl: Setting watchdog for 200 seconds at Sat Dec 14 06:26:23 UTC 2019
11 ms. Memory: 48128K Free: 29692K (62%)
ptolemy.util.test.WatchDog.cancel(): canceling Sat Dec 14 06:26:23 UTC 2019
auto.tcl: Setting watchdog for 200 seconds at Sat Dec 14 06:26:23 UTC 2019
3 ms. Memory: 48128K Free: 29202K (61%)
ptolemy.util.test.WatchDog.cancel(): canceling Sat Dec 14 06:26:23 UTC 2019
------------------ testing $PTII/ptolemy/domains/de/test/auto/PortParameterUpdates.xml
auto.tcl: Setting watchdog for 200 seconds at Sat Dec 14 06:26:23 UTC 2019
5 ms. Memory: 48128K Free: 28011K (58%)
ptolemy.util.test.WatchDog.cancel(): canceling Sat Dec 14 06:26:23 UTC 2019
auto.tcl: Setting watchdog for 200 seconds at Sat Dec 14 06:26:23 UTC 2019
5 ms. Memory: 48128K Free: 26786K (56%)
ptolemy.util.test.WatchDog.cancel(): canceling Sat Dec 14 06:26:23 UTC 2019
------------------ testing $PTII/ptolemy/domains/de/test/auto/QueueAndServer.xml
auto.tcl: Setting watchdog for 200 seconds at Sat Dec 14 06:26:23 UTC 2019
20 ms. Memory: 48128K Free: 26686K (55%)
ptolemy.util.test.WatchDog.cancel(): canceling Sat Dec 14 06:26:23 UTC 2019
auto.tcl: Setting watchdog for 200 seconds at Sat Dec 14 06:26:23 UTC 2019
6 ms. Memory: 48128K Free: 25220K (52%)
ptolemy.util.test.WatchDog.cancel(): canceling Sat Dec 14 06:26:23 UTC 2019
------------------ testing $PTII/ptolemy/domains/de/test/auto/Records.xml
auto.tcl: Setting watchdog for 200 seconds at Sat Dec 14 06:26:23 UTC 2019
3 ms. Memory: 48128K Free: 28965K (60%)
ptolemy.util.test.WatchDog.cancel(): canceling Sat Dec 14 06:26:23 UTC 2019
auto.tcl: Setting watchdog for 200 seconds at Sat Dec 14 06:26:23 UTC 2019
2 ms. Memory: 48128K Free: 28466K (59%)
ptolemy.util.test.WatchDog.cancel(): canceling Sat Dec 14 06:26:23 UTC 2019
------------------ testing $PTII/ptolemy/domains/de/test/auto/ResetTransitionWithStartTime1.xml
auto.tcl: Setting watchdog for 200 seconds at Sat Dec 14 06:26:23 UTC 2019
15 ms. Memory: 48128K Free: 26189K (54%)
ptolemy.util.test.WatchDog.cancel(): canceling Sat Dec 14 06:26:23 UTC 2019
auto.tcl: Setting watchdog for 200 seconds at Sat Dec 14 06:26:23 UTC 2019
13 ms. Memory: 48128K Free: 23667K (49%)
ptolemy.util.test.WatchDog.cancel(): canceling Sat Dec 14 06:26:23 UTC 2019
------------------ testing $PTII/ptolemy/domains/de/test/auto/ResetTransitionWithStartTime2.xml
auto.tcl: Setting watchdog for 200 seconds at Sat Dec 14 06:26:23 UTC 2019
7 ms. Memory: 48128K Free: 26144K (54%)
ptolemy.util.test.WatchDog.cancel(): canceling Sat Dec 14 06:26:24 UTC 2019
auto.tcl: Setting watchdog for 200 seconds at Sat Dec 14 06:26:24 UTC 2019
6 ms. Memory: 48128K Free: 24080K (50%)
ptolemy.util.test.WatchDog.cancel(): canceling Sat Dec 14 06:26:24 UTC 2019
------------------ testing $PTII/ptolemy/domains/de/test/auto/ResetTransitionWithStartTime3.xml
auto.tcl: Setting watchdog for 200 seconds at Sat Dec 14 06:26:24 UTC 2019
6 ms. Memory: 48128K Free: 26143K (54%)
ptolemy.util.test.WatchDog.cancel(): canceling Sat Dec 14 06:26:24 UTC 2019
auto.tcl: Setting watchdog for 200 seconds at Sat Dec 14 06:26:24 UTC 2019
5 ms. Memory: 48128K Free: 24079K (50%)
ptolemy.util.test.WatchDog.cancel(): canceling Sat Dec 14 06:26:24 UTC 2019
------------------ testing $PTII/ptolemy/domains/de/test/auto/ResetTransitionWithStartTime4.xml
auto.tcl: Setting watchdog for 200 seconds at Sat Dec 14 06:26:24 UTC 2019
12 ms. Memory: 48128K Free: 26609K (55%)
ptolemy.util.test.WatchDog.cancel(): canceling Sat Dec 14 06:26:24 UTC 2019
auto.tcl: Setting watchdog for 200 seconds at Sat Dec 14 06:26:24 UTC 2019
4 ms. Memory: 48128K Free: 25165K (52%)
ptolemy.util.test.WatchDog.cancel(): canceling Sat Dec 14 06:26:24 UTC 2019
------------------ testing $PTII/ptolemy/domains/de/test/auto/ResettableTimer1.xml
auto.tcl: Setting watchdog for 200 seconds at Sat Dec 14 06:26:24 UTC 2019
3 ms. Memory: 48128K Free: 30362K (63%)
ptolemy.util.test.WatchDog.cancel(): canceling Sat Dec 14 06:26:24 UTC 2019
auto.tcl: Setting watchdog for 200 seconds at Sat Dec 14 06:26:24 UTC 2019
2 ms. Memory: 48128K Free: 29721K (62%)
ptolemy.util.test.WatchDog.cancel(): canceling Sat Dec 14 06:26:24 UTC 2019
------------------ testing $PTII/ptolemy/domains/de/test/auto/ResettableTimer2.xml
auto.tcl: Setting watchdog for 200 seconds at Sat Dec 14 06:26:24 UTC 2019
3 ms. Memory: 48128K Free: 30437K (63%)
ptolemy.util.test.WatchDog.cancel(): canceling Sat Dec 14 06:26:24 UTC 2019
auto.tcl: Setting watchdog for 200 seconds at Sat Dec 14 06:26:24 UTC 2019
2 ms. Memory: 48128K Free: 29780K (62%)
ptolemy.util.test.WatchDog.cancel(): canceling Sat Dec 14 06:26:24 UTC 2019
------------------ testing $PTII/ptolemy/domains/de/test/auto/ResettableTimer3.xml
auto.tcl: Setting watchdog for 200 seconds at Sat Dec 14 06:26:24 UTC 2019
2 ms. Memory: 48128K Free: 30276K (63%)
ptolemy.util.test.WatchDog.cancel(): canceling Sat Dec 14 06:26:24 UTC 2019
auto.tcl: Setting watchdog for 200 seconds at Sat Dec 14 06:26:24 UTC 2019
1 ms. Memory: 48128K Free: 30276K (63%)
ptolemy.util.test.WatchDog.cancel(): canceling Sat Dec 14 06:26:24 UTC 2019
------------------ testing $PTII/ptolemy/domains/de/test/auto/ResettableTimer4.xml
auto.tcl: Setting watchdog for 200 seconds at Sat Dec 14 06:26:24 UTC 2019
1 ms. Memory: 48128K Free: 30326K (63%)
ptolemy.util.test.WatchDog.cancel(): canceling Sat Dec 14 06:26:24 UTC 2019
auto.tcl: Setting watchdog for 200 seconds at Sat Dec 14 06:26:24 UTC 2019
1 ms. Memory: 48128K Free: 29815K (62%)
ptolemy.util.test.WatchDog.cancel(): canceling Sat Dec 14 06:26:24 UTC 2019
------------------ testing $PTII/ptolemy/domains/de/test/auto/ResettableTimer5.xml
auto.tcl: Setting watchdog for 200 seconds at Sat Dec 14 06:26:24 UTC 2019
1 ms. Memory: 48128K Free: 30303K (63%)
ptolemy.util.test.WatchDog.cancel(): canceling Sat Dec 14 06:26:24 UTC 2019
auto.tcl: Setting watchdog for 200 seconds at Sat Dec 14 06:26:24 UTC 2019
2 ms. Memory: 48128K Free: 29813K (62%)
ptolemy.util.test.WatchDog.cancel(): canceling Sat Dec 14 06:26:24 UTC 2019
------------------ testing $PTII/ptolemy/domains/de/test/auto/ResettableTimer6.xml
auto.tcl: Setting watchdog for 200 seconds at Sat Dec 14 06:26:24 UTC 2019
1 ms. Memory: 48128K Free: 29750K (62%)
ptolemy.util.test.WatchDog.cancel(): canceling Sat Dec 14 06:26:24 UTC 2019
auto.tcl: Setting watchdog for 200 seconds at Sat Dec 14 06:26:24 UTC 2019
1 ms. Memory: 48128K Free: 29259K (61%)
ptolemy.util.test.WatchDog.cancel(): canceling Sat Dec 14 06:26:24 UTC 2019
------------------ testing $PTII/ptolemy/domains/de/test/auto/ServerZeroDelay.xml
auto.tcl: Setting watchdog for 200 seconds at Sat Dec 14 06:26:24 UTC 2019
3 ms. Memory: 48128K Free: 30269K (63%)
ptolemy.util.test.WatchDog.cancel(): canceling Sat Dec 14 06:26:24 UTC 2019
auto.tcl: Setting watchdog for 200 seconds at Sat Dec 14 06:26:24 UTC 2019
2 ms. Memory: 48128K Free: 29300K (61%)
ptolemy.util.test.WatchDog.cancel(): canceling Sat Dec 14 06:26:24 UTC 2019
------------------ testing $PTII/ptolemy/domains/de/test/auto/SmartSender.xml
auto.tcl: Setting watchdog for 200 seconds at Sat Dec 14 06:26:24 UTC 2019
3002 ms. Memory: 48128K Free: 30287K (63%)
ptolemy.util.test.WatchDog.cancel(): canceling Sat Dec 14 06:26:27 UTC 2019
auto.tcl: Setting watchdog for 200 seconds at Sat Dec 14 06:26:27 UTC 2019
3002 ms. Memory: 48128K Free: 29789K (62%)
ptolemy.util.test.WatchDog.cancel(): canceling Sat Dec 14 06:26:30 UTC 2019
------------------ testing $PTII/ptolemy/domains/de/test/auto/ThreadedComposite.xml
auto.tcl: Setting watchdog for 200 seconds at Sat Dec 14 06:26:30 UTC 2019
200 ms. Memory: 48128K Free: 11332K (24%)
ptolemy.util.test.WatchDog.cancel(): canceling Sat Dec 14 06:26:30 UTC 2019
auto.tcl: Setting watchdog for 200 seconds at Sat Dec 14 06:26:30 UTC 2019
128 ms. Memory: 48128K Free: 24421K (51%)
ptolemy.util.test.WatchDog.cancel(): canceling Sat Dec 14 06:26:31 UTC 2019
------------------ testing $PTII/ptolemy/domains/de/test/auto/Time.xml
auto.tcl: Setting watchdog for 200 seconds at Sat Dec 14 06:26:31 UTC 2019
612 ms. Memory: 48128K Free: 28807K (60%)
ptolemy.util.test.WatchDog.cancel(): canceling Sat Dec 14 06:26:31 UTC 2019
auto.tcl: Setting watchdog for 200 seconds at Sat Dec 14 06:26:31 UTC 2019
506 ms. Memory: 48128K Free: 26781K (56%)
ptolemy.util.test.WatchDog.cancel(): canceling Sat Dec 14 06:26:32 UTC 2019
------------------ testing $PTII/ptolemy/domains/de/test/auto/TimeDelayZeroDelay.xml
auto.tcl: Setting watchdog for 200 seconds at Sat Dec 14 06:26:32 UTC 2019
3 ms. Memory: 48128K Free: 30194K (63%)
ptolemy.util.test.WatchDog.cancel(): canceling Sat Dec 14 06:26:32 UTC 2019
auto.tcl: Setting watchdog for 200 seconds at Sat Dec 14 06:26:32 UTC 2019
2 ms. Memory: 48128K Free: 29353K (61%)
ptolemy.util.test.WatchDog.cancel(): canceling Sat Dec 14 06:26:32 UTC 2019
------------------ testing $PTII/ptolemy/domains/de/test/auto/TimerZeroDelay.xml
auto.tcl: Setting watchdog for 200 seconds at Sat Dec 14 06:26:32 UTC 2019
3 ms. Memory: 48128K Free: 30717K (64%)
ptolemy.util.test.WatchDog.cancel(): canceling Sat Dec 14 06:26:32 UTC 2019
auto.tcl: Setting watchdog for 200 seconds at Sat Dec 14 06:26:32 UTC 2019
2 ms. Memory: 48128K Free: 30266K (63%)
ptolemy.util.test.WatchDog.cancel(): canceling Sat Dec 14 06:26:32 UTC 2019
------------------ testing $PTII/ptolemy/domains/de/test/auto/TimingParadox.xml
auto.tcl: Setting watchdog for 200 seconds at Sat Dec 14 06:26:32 UTC 2019
412 ms. Memory: 58368K Free: 23982K (41%)
ptolemy.util.test.WatchDog.cancel(): canceling Sat Dec 14 06:26:33 UTC 2019
auto.tcl: Setting watchdog for 200 seconds at Sat Dec 14 06:26:33 UTC 2019
349 ms. Memory: 58368K Free: 17110K (29%)
ptolemy.util.test.WatchDog.cancel(): canceling Sat Dec 14 06:26:33 UTC 2019
------------------ testing $PTII/ptolemy/domains/de/test/auto/TransferInputs.xml
auto.tcl: Setting watchdog for 200 seconds at Sat Dec 14 06:26:33 UTC 2019
2 ms. Memory: 51200K Free: 31777K (62%)
ptolemy.util.test.WatchDog.cancel(): canceling Sat Dec 14 06:26:33 UTC 2019
auto.tcl: Setting watchdog for 200 seconds at Sat Dec 14 06:26:33 UTC 2019
1 ms. Memory: 51200K Free: 30864K (60%)
ptolemy.util.test.WatchDog.cancel(): canceling Sat Dec 14 06:26:33 UTC 2019
------------------ testing $PTII/ptolemy/domains/de/test/auto/TransferOutputs2.xml
auto.tcl: Setting watchdog for 200 seconds at Sat Dec 14 06:26:33 UTC 2019
3 ms. Memory: 51200K Free: 29219K (57%)
ptolemy.util.test.WatchDog.cancel(): canceling Sat Dec 14 06:26:33 UTC 2019
auto.tcl: Setting watchdog for 200 seconds at Sat Dec 14 06:26:33 UTC 2019
3 ms. Memory: 51200K Free: 27809K (54%)
ptolemy.util.test.WatchDog.cancel(): canceling Sat Dec 14 06:26:33 UTC 2019
------------------ testing $PTII/ptolemy/domains/de/test/auto/Trilateration.xml
auto.tcl: Setting watchdog for 200 seconds at Sat Dec 14 06:26:33 UTC 2019
14358 ms. Memory: 545792K Free: 423342K (78%)
ptolemy.util.test.WatchDog.cancel(): canceling Sat Dec 14 06:26:49 UTC 2019
auto.tcl: Setting watchdog for 200 seconds at Sat Dec 14 06:26:49 UTC 2019
11338 ms. Memory: 545792K Free: 356308K (65%)
ptolemy.util.test.WatchDog.cancel(): canceling Sat Dec 14 06:27:00 UTC 2019
------------------ testing $PTII/ptolemy/domains/de/test/auto/TwoSigmaDelta.xml
auto.tcl: Setting watchdog for 200 seconds at Sat Dec 14 06:27:00 UTC 2019
2867 ms. Memory: 89088K Free: 17145K (19%)
ptolemy.util.test.WatchDog.cancel(): canceling Sat Dec 14 06:27:03 UTC 2019
auto.tcl: Setting watchdog for 200 seconds at Sat Dec 14 06:27:03 UTC 2019
1951 ms. Memory: 89088K Free: 16098K (18%)
ptolemy.util.test.WatchDog.cancel(): canceling Sat Dec 14 06:27:05 UTC 2019
------------------ testing $PTII/ptolemy/domains/de/test/auto/VariableDelay.xml
auto.tcl: Setting watchdog for 200 seconds at Sat Dec 14 06:27:05 UTC 2019
2 ms. Memory: 51200K Free: 32252K (63%)
ptolemy.util.test.WatchDog.cancel(): canceling Sat Dec 14 06:27:05 UTC 2019
auto.tcl: Setting watchdog for 200 seconds at Sat Dec 14 06:27:05 UTC 2019
2 ms. Memory: 51200K Free: 31770K (62%)
ptolemy.util.test.WatchDog.cancel(): canceling Sat Dec 14 06:27:05 UTC 2019
------------------ testing $PTII/ptolemy/domains/de/test/auto/VariableDelay2.xml
auto.tcl: Setting watchdog for 200 seconds at Sat Dec 14 06:27:05 UTC 2019
10 ms. Memory: 51200K Free: 32865K (64%)
ptolemy.util.test.WatchDog.cancel(): canceling Sat Dec 14 06:27:05 UTC 2019
auto.tcl: Setting watchdog for 200 seconds at Sat Dec 14 06:27:05 UTC 2019
1 ms. Memory: 51200K Free: 32170K (63%)
ptolemy.util.test.WatchDog.cancel(): canceling Sat Dec 14 06:27:05 UTC 2019
------------------ testing $PTII/ptolemy/domains/de/test/auto/VariableDelayZeroDelay.xml
auto.tcl: Setting watchdog for 200 seconds at Sat Dec 14 06:27:05 UTC 2019
2 ms. Memory: 51200K Free: 33194K (65%)
ptolemy.util.test.WatchDog.cancel(): canceling Sat Dec 14 06:27:05 UTC 2019
auto.tcl: Setting watchdog for 200 seconds at Sat Dec 14 06:27:05 UTC 2019
1 ms. Memory: 51200K Free: 32674K (64%)
ptolemy.util.test.WatchDog.cancel(): canceling Sat Dec 14 06:27:05 UTC 2019
------------------ testing $PTII/ptolemy/domains/de/test/auto/VariableDelayZeroDelay2.xml
auto.tcl: Setting watchdog for 200 seconds at Sat Dec 14 06:27:05 UTC 2019
5 ms. Memory: 51200K Free: 33192K (65%)
ptolemy.util.test.WatchDog.cancel(): canceling Sat Dec 14 06:27:05 UTC 2019
auto.tcl: Setting watchdog for 200 seconds at Sat Dec 14 06:27:05 UTC 2019
2 ms. Memory: 51200K Free: 32168K (63%)
ptolemy.util.test.WatchDog.cancel(): canceling Sat Dec 14 06:27:05 UTC 2019
------------------ testing $PTII/ptolemy/domains/de/test/auto/deInCt.xml
auto.tcl: Setting watchdog for 200 seconds at Sat Dec 14 06:27:05 UTC 2019
0
1
1
1
1
1
0
0
0
1
1
1
1
0
0
1
1
1
1
0
0
0
1
1
1
1
1
1
1
23 ms. Memory: 51200K Free: 32165K (63%)
ptolemy.util.test.WatchDog.cancel(): canceling Sat Dec 14 06:27:05 UTC 2019
auto.tcl: Setting watchdog for 200 seconds at Sat Dec 14 06:27:05 UTC 2019
0
1
1
1
0
0
0
1
1
0
0
0
1
1
1
0
0
1
1
1
0
0
0
1
1
1
0
0
0
1
1
1
0
0
0
0
1
1
1
1
1
0
0
1
1
1
1
18 ms. Memory: 51200K Free: 30627K (60%)
ptolemy.util.test.WatchDog.cancel(): canceling Sat Dec 14 06:27:05 UTC 2019
------------------ testing $PTII/ptolemy/domains/de/test/auto/deInCt2.xml
auto.tcl: Setting watchdog for 200 seconds at Sat Dec 14 06:27:05 UTC 2019
0
1
1
1
0
0
1
1
1
0
0
1
1
1
0
0
1
1
1
0
0
1
1
1
0
0
1
1
1
0
0
1
1
1
0
0
1
1
1
0
0
0
11 ms. Memory: 51200K Free: 32168K (63%)
ptolemy.util.test.WatchDog.cancel(): canceling Sat Dec 14 06:27:05 UTC 2019
auto.tcl: Setting watchdog for 200 seconds at Sat Dec 14 06:27:05 UTC 2019
0
1
1
1
0
0
1
1
1
0
0
1
1
1
0
0
1
1
1
0
0
1
1
1
0
0
1
1
1
0
0
1
1
1
0
0
1
1
1
0
0
0
5 ms. Memory: 51200K Free: 30616K (60%)
ptolemy.util.test.WatchDog.cancel(): canceling Sat Dec 14 06:27:05 UTC 2019
------------------ testing $PTII/ptolemy/domains/de/test/auto/dynamicCausalityInterface1.xml
auto.tcl: Setting watchdog for 200 seconds at Sat Dec 14 06:27:06 UTC 2019
1 ms. Memory: 51200K Free: 28066K (55%)
ptolemy.util.test.WatchDog.cancel(): canceling Sat Dec 14 06:27:06 UTC 2019
auto.tcl: Setting watchdog for 200 seconds at Sat Dec 14 06:27:06 UTC 2019
0 ms. Memory: 51200K Free: 27552K (54%)
ptolemy.util.test.WatchDog.cancel(): canceling Sat Dec 14 06:27:06 UTC 2019
------------------ testing $PTII/ptolemy/domains/de/test/auto/fsm_de_test.xml
auto.tcl: Setting watchdog for 200 seconds at Sat Dec 14 06:27:06 UTC 2019
7 ms. Memory: 51200K Free: 27965K (55%)
ptolemy.util.test.WatchDog.cancel(): canceling Sat Dec 14 06:27:06 UTC 2019
auto.tcl: Setting watchdog for 200 seconds at Sat Dec 14 06:27:06 UTC 2019
5 ms. Memory: 51200K Free: 25917K (51%)
ptolemy.util.test.WatchDog.cancel(): canceling Sat Dec 14 06:27:06 UTC 2019
------------------ testing $PTII/ptolemy/domains/de/test/auto/functionDependencyReconstruction.xml
auto.tcl: Setting watchdog for 200 seconds at Sat Dec 14 06:27:06 UTC 2019
3 ms. Memory: 51200K Free: 21933K (43%)
ptolemy.util.test.WatchDog.cancel(): canceling Sat Dec 14 06:27:06 UTC 2019
auto.tcl: Setting watchdog for 200 seconds at Sat Dec 14 06:27:06 UTC 2019
3 ms. Memory: 51200K Free: 20272K (40%)
ptolemy.util.test.WatchDog.cancel(): canceling Sat Dec 14 06:27:06 UTC 2019
------------------ testing $PTII/ptolemy/domains/de/test/auto/multirate.xml
auto.tcl: Setting watchdog for 200 seconds at Sat Dec 14 06:27:06 UTC 2019
5 ms. Memory: 51200K Free: 30540K (60%)
ptolemy.util.test.WatchDog.cancel(): canceling Sat Dec 14 06:27:06 UTC 2019
auto.tcl: Setting watchdog for 200 seconds at Sat Dec 14 06:27:06 UTC 2019
4 ms. Memory: 51200K Free: 28861K (56%)
ptolemy.util.test.WatchDog.cancel(): canceling Sat Dec 14 06:27:06 UTC 2019
------------------ testing $PTII/ptolemy/domains/de/test/auto/multirate2.xml
auto.tcl: Setting watchdog for 200 seconds at Sat Dec 14 06:27:06 UTC 2019
3 ms. Memory: 48128K Free: 27739K (58%)
ptolemy.util.test.WatchDog.cancel(): canceling Sat Dec 14 06:27:06 UTC 2019
auto.tcl: Setting watchdog for 200 seconds at Sat Dec 14 06:27:06 UTC 2019
3 ms. Memory: 48128K Free: 26023K (54%)
ptolemy.util.test.WatchDog.cancel(): canceling Sat Dec 14 06:27:06 UTC 2019
------------------ testing $PTII/ptolemy/domains/de/test/auto/realtime.xml
auto.tcl: Setting watchdog for 200 seconds at Sat Dec 14 06:27:06 UTC 2019
10001 ms. Memory: 48128K Free: 29766K (62%)
ptolemy.util.test.WatchDog.cancel(): canceling Sat Dec 14 06:27:16 UTC 2019
auto.tcl: Setting watchdog for 200 seconds at Sat Dec 14 06:27:16 UTC 2019
10002 ms. Memory: 48128K Free: 29040K (60%)
ptolemy.util.test.WatchDog.cancel(): canceling Sat Dec 14 06:27:26 UTC 2019
------------------ testing $PTII/ptolemy/domains/de/test/auto/relationGroup.xml
auto.tcl: Setting watchdog for 200 seconds at Sat Dec 14 06:27:26 UTC 2019
2 ms. Memory: 48128K Free: 30814K (64%)
ptolemy.util.test.WatchDog.cancel(): canceling Sat Dec 14 06:27:26 UTC 2019
auto.tcl: Setting watchdog for 200 seconds at Sat Dec 14 06:27:26 UTC 2019
2 ms. Memory: 48128K Free: 30121K (63%)
ptolemy.util.test.WatchDog.cancel(): canceling Sat Dec 14 06:27:26 UTC 2019
------------------ testing $PTII/ptolemy/domains/de/test/auto/relationGroup2.xml
auto.tcl: Setting watchdog for 200 seconds at Sat Dec 14 06:27:26 UTC 2019
1 ms. Memory: 48128K Free: 30854K (64%)
ptolemy.util.test.WatchDog.cancel(): canceling Sat Dec 14 06:27:26 UTC 2019
auto.tcl: Setting watchdog for 200 seconds at Sat Dec 14 06:27:26 UTC 2019
1 ms. Memory: 48128K Free: 30147K (63%)
ptolemy.util.test.WatchDog.cancel(): canceling Sat Dec 14 06:27:26 UTC 2019
------------------ testing $PTII/ptolemy/domains/de/test/auto/sortWithOpaquePorts.xml
auto.tcl: Setting watchdog for 200 seconds at Sat Dec 14 06:27:26 UTC 2019
2 ms. Memory: 48128K Free: 29632K (62%)
ptolemy.util.test.WatchDog.cancel(): canceling Sat Dec 14 06:27:26 UTC 2019
auto.tcl: Setting watchdog for 200 seconds at Sat Dec 14 06:27:26 UTC 2019
1 ms. Memory: 48128K Free: 28648K (60%)
ptolemy.util.test.WatchDog.cancel(): canceling Sat Dec 14 06:27:26 UTC 2019
------------------ testing $PTII/ptolemy/domains/de/test/auto/transferInputsandOutputs.xml
auto.tcl: Setting watchdog for 200 seconds at Sat Dec 14 06:27:26 UTC 2019
2 ms. Memory: 48128K Free: 27063K (56%)
ptolemy.util.test.WatchDog.cancel(): canceling Sat Dec 14 06:27:26 UTC 2019
auto.tcl: Setting watchdog for 200 seconds at Sat Dec 14 06:27:26 UTC 2019
3 ms. Memory: 48128K Free: 26096K (54%)
ptolemy.util.test.WatchDog.cancel(): canceling Sat Dec 14 06:27:26 UTC 2019
------------------ testing $PTII/ptolemy/domains/de/test/auto/triggerType.xml
auto.tcl: Setting watchdog for 200 seconds at Sat Dec 14 06:27:26 UTC 2019
2 ms. Memory: 48128K Free: 30088K (63%)
ptolemy.util.test.WatchDog.cancel(): canceling Sat Dec 14 06:27:26 UTC 2019
auto.tcl: Setting watchdog for 200 seconds at Sat Dec 14 06:27:26 UTC 2019
1 ms. Memory: 48128K Free: 29104K (60%)
ptolemy.util.test.WatchDog.cancel(): canceling Sat Dec 14 06:27:26 UTC 2019
12/14/19 06:27:26
Failed: 0  Total Tests: 192  ((Passed: 187, Newly Passed: 1)  Known Failed: 5) /home/travis/build/icyphy/ptII/ptolemy/domains/de/test
12/14/19 06:27:26
Failed: 0  Total Tests: 192  ((Passed: 187, Newly Passed: 1)  Known Failed: 5) /home/travis/build/icyphy/ptII/ptolemy/domains/de/test
----------------- testing (KnownFailure) /home/travis/build/icyphy/ptII/ptolemy/domains/de/test/auto/knownFailedTests/DESDFClockTest.xml
2013 ms. Memory: 48128K Free: 23483K (49%)
Known Failure: java.lang.reflect.InvocationTargetException
----------------- testing (KnownFailure) /home/travis/build/icyphy/ptII/ptolemy/domains/de/test/auto/knownFailedTests/DirectFeedback.xml
1 ms. Memory: 48128K Free: 19901K (41%)
Known Failure: java.lang.reflect.InvocationTargetException
----------------- testing (KnownFailure) /home/travis/build/icyphy/ptII/ptolemy/domains/de/test/auto/knownFailedTests/FSMSource.xml
16 ms. Memory: 48128K Free: 12219K (25%)
----------------- testing (KnownFailure) /home/travis/build/icyphy/ptII/ptolemy/domains/de/test/auto/knownFailedTests/HierarchicalModel.xml
7 ms. Memory: 48128K Free: 22429K (47%)
Known Failure: java.lang.reflect.InvocationTargetException
----------------- testing (KnownFailure) /home/travis/build/icyphy/ptII/ptolemy/domains/de/test/auto/knownFailedTests/dependencyLoop.xml
5 ms. Memory: 48128K Free: 33468K (70%)
Known Failure: java.lang.reflect.InvocationTargetException
----------------- testing (KnownFailure) /home/travis/build/icyphy/ptII/ptolemy/domains/de/test/auto/knownFailedTests/dependencyLoop2.xml
6 ms. Memory: 48128K Free: 18449K (38%)
Known Failure: java.lang.reflect.InvocationTargetException
No auto/linux-amd64/*.xml tests in /home/travis/build/icyphy/ptII/ptolemy/domains/de/test
AutoTests.java: About to close Vertx.
AutoTests.java: Vertx closed.

===========================================================================================
----------------- testing Sat Dec 14 06:27:29 UTC 2019 /home/travis/build/icyphy/ptII/ptolemy/domains/de/test/auto/ActorDepthCalculation_actorWithoutPorts.xml
----------------- Instantiating /home/travis/build/icyphy/ptII/ptolemy/domains/de/test/auto/ActorDepthCalculation_actorWithoutPorts.xml
1 ms. Memory: 48128K Free: 12522K (26%)
----------------- Invoking toplevel() on ptolemy.moml.MoMLSimpleApplication@48b7befa
----------------- Done invoking toplevel() on ptolemy.moml.MoMLSimpleApplication@48b7befa
reloadAllAccessors: .ActorDepthCalculation_actorWithoutPorts

===========================================================================================
----------------- testing Sat Dec 14 06:27:29 UTC 2019 /home/travis/build/icyphy/ptII/ptolemy/domains/de/test/auto/AssemblyLine.xml
----------------- Instantiating /home/travis/build/icyphy/ptII/ptolemy/domains/de/test/auto/AssemblyLine.xml
1 ms. Memory: 48128K Free: 31476K (65%)
----------------- Invoking toplevel() on ptolemy.moml.MoMLSimpleApplication@17190ed7
----------------- Done invoking toplevel() on ptolemy.moml.MoMLSimpleApplication@17190ed7
reloadAllAccessors: .AssemblyLine

===========================================================================================
----------------- testing Sat Dec 14 06:27:29 UTC 2019 /home/travis/build/icyphy/ptII/ptolemy/domains/de/test/auto/CQBug1.xml
----------------- Instantiating /home/travis/build/icyphy/ptII/ptolemy/domains/de/test/auto/CQBug1.xml
0 ms. Memory: 48128K Free: 28551K (59%)
----------------- Invoking toplevel() on ptolemy.moml.MoMLSimpleApplication@1a7eba0d
----------------- Done invoking toplevel() on ptolemy.moml.MoMLSimpleApplication@1a7eba0d
reloadAllAccessors: .CQBug1

===========================================================================================
----------------- testing Sat Dec 14 06:27:29 UTC 2019 /home/travis/build/icyphy/ptII/ptolemy/domains/de/test/auto/CancelFireAt.xml
----------------- Instantiating /home/travis/build/icyphy/ptII/ptolemy/domains/de/test/auto/CancelFireAt.xml
2 ms. Memory: 48128K Free: 26162K (54%)
----------------- Invoking toplevel() on ptolemy.moml.MoMLSimpleApplication@e0c0fae
----------------- Done invoking toplevel() on ptolemy.moml.MoMLSimpleApplication@e0c0fae
reloadAllAccessors: .CancelFireAt

===========================================================================================
----------------- testing Sat Dec 14 06:27:29 UTC 2019 /home/travis/build/icyphy/ptII/ptolemy/domains/de/test/auto/CausalityAndComposabilityAnalysis.xml
----------------- Instantiating /home/travis/build/icyphy/ptII/ptolemy/domains/de/test/auto/CausalityAndComposabilityAnalysis.xml
8 ms. Memory: 48128K Free: 21863K (45%)
----------------- Invoking toplevel() on ptolemy.moml.MoMLSimpleApplication@324afe40
----------------- Done invoking toplevel() on ptolemy.moml.MoMLSimpleApplication@324afe40
reloadAllAccessors: .CausalityAndComposabilityAnalysis

===========================================================================================
----------------- testing Sat Dec 14 06:27:29 UTC 2019 /home/travis/build/icyphy/ptII/ptolemy/domains/de/test/auto/CausalityInterface1.xml
----------------- Instantiating /home/travis/build/icyphy/ptII/ptolemy/domains/de/test/auto/CausalityInterface1.xml
6 ms. Memory: 48128K Free: 17140K (36%)
----------------- Invoking toplevel() on ptolemy.moml.MoMLSimpleApplication@6d5a6770
----------------- Done invoking toplevel() on ptolemy.moml.MoMLSimpleApplication@6d5a6770
reloadAllAccessors: .CausalityInterface1

===========================================================================================
----------------- testing Sat Dec 14 06:27:29 UTC 2019 /home/travis/build/icyphy/ptII/ptolemy/domains/de/test/auto/CausalityInterface15.xml
----------------- Instantiating /home/travis/build/icyphy/ptII/ptolemy/domains/de/test/auto/CausalityInterface15.xml
2 ms. Memory: 48128K Free: 11623K (24%)
----------------- Invoking toplevel() on ptolemy.moml.MoMLSimpleApplication@de3f23d
----------------- Done invoking toplevel() on ptolemy.moml.MoMLSimpleApplication@de3f23d
reloadAllAccessors: .CausalityInterface15

===========================================================================================
----------------- testing Sat Dec 14 06:27:29 UTC 2019 /home/travis/build/icyphy/ptII/ptolemy/domains/de/test/auto/CausalityInterface2.xml
----------------- Instantiating /home/travis/build/icyphy/ptII/ptolemy/domains/de/test/auto/CausalityInterface2.xml
1 ms. Memory: 48128K Free: 32848K (68%)
----------------- Invoking toplevel() on ptolemy.moml.MoMLSimpleApplication@16c713d0
----------------- Done invoking toplevel() on ptolemy.moml.MoMLSimpleApplication@16c713d0
reloadAllAccessors: .CausalityInterface2

===========================================================================================
----------------- testing Sat Dec 14 06:27:29 UTC 2019 /home/travis/build/icyphy/ptII/ptolemy/domains/de/test/auto/CausalityInterface3.xml
----------------- Instantiating /home/travis/build/icyphy/ptII/ptolemy/domains/de/test/auto/CausalityInterface3.xml
2 ms. Memory: 48128K Free: 27980K (58%)
----------------- Invoking toplevel() on ptolemy.moml.MoMLSimpleApplication@73b3a762
----------------- Done invoking toplevel() on ptolemy.moml.MoMLSimpleApplication@73b3a762
reloadAllAccessors: .CausalityInterface3

===========================================================================================
----------------- testing Sat Dec 14 06:27:29 UTC 2019 /home/travis/build/icyphy/ptII/ptolemy/domains/de/test/auto/ClockDrift.xml
----------------- Instantiating /home/travis/build/icyphy/ptII/ptolemy/domains/de/test/auto/ClockDrift.xml
15 ms. Memory: 48128K Free: 16121K (33%)
----------------- Invoking toplevel() on ptolemy.moml.MoMLSimpleApplication@7977a9b7
----------------- Done invoking toplevel() on ptolemy.moml.MoMLSimpleApplication@7977a9b7
reloadAllAccessors: .ClockDrift

===========================================================================================
----------------- testing Sat Dec 14 06:27:29 UTC 2019 /home/travis/build/icyphy/ptII/ptolemy/domains/de/test/auto/ClockDriftAndValueChange.xml
----------------- Instantiating /home/travis/build/icyphy/ptII/ptolemy/domains/de/test/auto/ClockDriftAndValueChange.xml
11 ms. Memory: 48128K Free: 30174K (63%)
----------------- Invoking toplevel() on ptolemy.moml.MoMLSimpleApplication@2e34a474
----------------- Done invoking toplevel() on ptolemy.moml.MoMLSimpleApplication@2e34a474
reloadAllAccessors: .ClockDriftAndValueChange

===========================================================================================
----------------- testing Sat Dec 14 06:27:29 UTC 2019 /home/travis/build/icyphy/ptII/ptolemy/domains/de/test/auto/ClockDriftChange.xml
----------------- Instantiating /home/travis/build/icyphy/ptII/ptolemy/domains/de/test/auto/ClockDriftChange.xml
9 ms. Memory: 48128K Free: 20098K (42%)
----------------- Invoking toplevel() on ptolemy.moml.MoMLSimpleApplication@352af293
----------------- Done invoking toplevel() on ptolemy.moml.MoMLSimpleApplication@352af293
reloadAllAccessors: .ClockDriftChange

===========================================================================================
----------------- testing Sat Dec 14 06:27:29 UTC 2019 /home/travis/build/icyphy/ptII/ptolemy/domains/de/test/auto/ComposableCausalityAnalysis.xml
----------------- Instantiating /home/travis/build/icyphy/ptII/ptolemy/domains/de/test/auto/ComposableCausalityAnalysis.xml
2 ms. Memory: 48128K Free: 14344K (30%)
----------------- Invoking toplevel() on ptolemy.moml.MoMLSimpleApplication@6035d019
----------------- Done invoking toplevel() on ptolemy.moml.MoMLSimpleApplication@6035d019
reloadAllAccessors: .ComposableCausalityAnalysis

===========================================================================================
----------------- testing Sat Dec 14 06:27:29 UTC 2019 /home/travis/build/icyphy/ptII/ptolemy/domains/de/test/auto/DEFixedPointLimitation.xml
----------------- Instantiating /home/travis/build/icyphy/ptII/ptolemy/domains/de/test/auto/DEFixedPointLimitation.xml
1 ms. Memory: 48128K Free: 9812K (20%)
----------------- Invoking toplevel() on ptolemy.moml.MoMLSimpleApplication@32f2b204
----------------- Done invoking toplevel() on ptolemy.moml.MoMLSimpleApplication@32f2b204
reloadAllAccessors: .DEFixedPointLimitation

===========================================================================================
----------------- testing Sat Dec 14 06:27:29 UTC 2019 /home/travis/build/icyphy/ptII/ptolemy/domains/de/test/auto/DEScheduleTest.xml
----------------- Instantiating /home/travis/build/icyphy/ptII/ptolemy/domains/de/test/auto/DEScheduleTest.xml
2 ms. Memory: 48128K Free: 30488K (63%)
----------------- Invoking toplevel() on ptolemy.moml.MoMLSimpleApplication@2b06252d
----------------- Done invoking toplevel() on ptolemy.moml.MoMLSimpleApplication@2b06252d
reloadAllAccessors: .DEScheduleTest

===========================================================================================
----------------- testing Sat Dec 14 06:27:29 UTC 2019 /home/travis/build/icyphy/ptII/ptolemy/domains/de/test/auto/DEinDEwithStartTimes.xml
----------------- Instantiating /home/travis/build/icyphy/ptII/ptolemy/domains/de/test/auto/DEinDEwithStartTimes.xml
3 ms. Memory: 48128K Free: 24764K (51%)
----------------- Invoking toplevel() on ptolemy.moml.MoMLSimpleApplication@492d1a0a
----------------- Done invoking toplevel() on ptolemy.moml.MoMLSimpleApplication@492d1a0a
reloadAllAccessors: .DEinDEwithStartTimes

===========================================================================================
----------------- testing Sat Dec 14 06:27:29 UTC 2019 /home/travis/build/icyphy/ptII/ptolemy/domains/de/test/auto/DEinDEwithStartTimes2.xml
----------------- Instantiating /home/travis/build/icyphy/ptII/ptolemy/domains/de/test/auto/DEinDEwithStartTimes2.xml
3 ms. Memory: 48128K Free: 18372K (38%)
----------------- Invoking toplevel() on ptolemy.moml.MoMLSimpleApplication@26b591ae
----------------- Done invoking toplevel() on ptolemy.moml.MoMLSimpleApplication@26b591ae
reloadAllAccessors: .DEinDEwithStartTimes2

===========================================================================================
----------------- testing Sat Dec 14 06:27:29 UTC 2019 /home/travis/build/icyphy/ptII/ptolemy/domains/de/test/auto/DateDemo.xml
----------------- Instantiating /home/travis/build/icyphy/ptII/ptolemy/domains/de/test/auto/DateDemo.xml
20 ms. Memory: 48128K Free: 31531K (66%)
----------------- Invoking toplevel() on ptolemy.moml.MoMLSimpleApplication@31a94b0f
----------------- Done invoking toplevel() on ptolemy.moml.MoMLSimpleApplication@31a94b0f
reloadAllAccessors: .DateDemo

===========================================================================================
----------------- testing Sat Dec 14 06:27:29 UTC 2019 /home/travis/build/icyphy/ptII/ptolemy/domains/de/test/auto/DateToEvent.xml
----------------- Instantiating /home/travis/build/icyphy/ptII/ptolemy/domains/de/test/auto/DateToEvent.xml
2006 ms. Memory: 48128K Free: 15923K (33%)
----------------- Invoking toplevel() on ptolemy.moml.MoMLSimpleApplication@44a72c9c
----------------- Done invoking toplevel() on ptolemy.moml.MoMLSimpleApplication@44a72c9c
reloadAllAccessors: .DateToEvent

===========================================================================================
----------------- testing Sat Dec 14 06:27:31 UTC 2019 /home/travis/build/icyphy/ptII/ptolemy/domains/de/test/auto/DepthTest1.xml
----------------- Instantiating /home/travis/build/icyphy/ptII/ptolemy/domains/de/test/auto/DepthTest1.xml
2 ms. Memory: 48128K Free: 13099K (27%)
----------------- Invoking toplevel() on ptolemy.moml.MoMLSimpleApplication@76ac2caf
----------------- Done invoking toplevel() on ptolemy.moml.MoMLSimpleApplication@76ac2caf
reloadAllAccessors: .DepthTest1

===========================================================================================
----------------- testing Sat Dec 14 06:27:31 UTC 2019 /home/travis/build/icyphy/ptII/ptolemy/domains/de/test/auto/DepthTest2.xml
----------------- Instantiating /home/travis/build/icyphy/ptII/ptolemy/domains/de/test/auto/DepthTest2.xml
2 ms. Memory: 48128K Free: 31456K (65%)
----------------- Invoking toplevel() on ptolemy.moml.MoMLSimpleApplication@61811f83
----------------- Done invoking toplevel() on ptolemy.moml.MoMLSimpleApplication@61811f83
reloadAllAccessors: .DepthTest2

===========================================================================================
----------------- testing Sat Dec 14 06:27:31 UTC 2019 /home/travis/build/icyphy/ptII/ptolemy/domains/de/test/auto/DepthTest3.xml
----------------- Instantiating /home/travis/build/icyphy/ptII/ptolemy/domains/de/test/auto/DepthTest3.xml
1 ms. Memory: 48128K Free: 28385K (59%)
----------------- Invoking toplevel() on ptolemy.moml.MoMLSimpleApplication@521b11c8
----------------- Done invoking toplevel() on ptolemy.moml.MoMLSimpleApplication@521b11c8
reloadAllAccessors: .DepthTest3

===========================================================================================
----------------- testing Sat Dec 14 06:27:31 UTC 2019 /home/travis/build/icyphy/ptII/ptolemy/domains/de/test/auto/DepthTest4.xml
----------------- Instantiating /home/travis/build/icyphy/ptII/ptolemy/domains/de/test/auto/DepthTest4.xml
1 ms. Memory: 48128K Free: 23514K (49%)
----------------- Invoking toplevel() on ptolemy.moml.MoMLSimpleApplication@7f689a1
----------------- Done invoking toplevel() on ptolemy.moml.MoMLSimpleApplication@7f689a1
reloadAllAccessors: .DepthTest4

===========================================================================================
----------------- testing Sat Dec 14 06:27:31 UTC 2019 /home/travis/build/icyphy/ptII/ptolemy/domains/de/test/auto/DepthTest5.xml
----------------- Instantiating /home/travis/build/icyphy/ptII/ptolemy/domains/de/test/auto/DepthTest5.xml
2 ms. Memory: 48128K Free: 18311K (38%)
----------------- Invoking toplevel() on ptolemy.moml.MoMLSimpleApplication@7c6a6789
----------------- Done invoking toplevel() on ptolemy.moml.MoMLSimpleApplication@7c6a6789
reloadAllAccessors: .DepthTest5

===========================================================================================
----------------- testing Sat Dec 14 06:27:31 UTC 2019 /home/travis/build/icyphy/ptII/ptolemy/domains/de/test/auto/DepthTest6.xml
----------------- Instantiating /home/travis/build/icyphy/ptII/ptolemy/domains/de/test/auto/DepthTest6.xml
1 ms. Memory: 48128K Free: 13025K (27%)
----------------- Invoking toplevel() on ptolemy.moml.MoMLSimpleApplication@1215075f
----------------- Done invoking toplevel() on ptolemy.moml.MoMLSimpleApplication@1215075f
reloadAllAccessors: .DepthTest6

===========================================================================================
----------------- testing Sat Dec 14 06:27:31 UTC 2019 /home/travis/build/icyphy/ptII/ptolemy/domains/de/test/auto/DepthTest7.xml
----------------- Instantiating /home/travis/build/icyphy/ptII/ptolemy/domains/de/test/auto/DepthTest7.xml
1 ms. Memory: 48128K Free: 32643K (68%)
----------------- Invoking toplevel() on ptolemy.moml.MoMLSimpleApplication@23568c46
----------------- Done invoking toplevel() on ptolemy.moml.MoMLSimpleApplication@23568c46
reloadAllAccessors: .DepthTest7

===========================================================================================
----------------- testing Sat Dec 14 06:27:31 UTC 2019 /home/travis/build/icyphy/ptII/ptolemy/domains/de/test/auto/EventToDate.xml
----------------- Instantiating /home/travis/build/icyphy/ptII/ptolemy/domains/de/test/auto/EventToDate.xml
3004 ms. Memory: 48128K Free: 19643K (41%)
----------------- Invoking toplevel() on ptolemy.moml.MoMLSimpleApplication@59b5c6e
----------------- Done invoking toplevel() on ptolemy.moml.MoMLSimpleApplication@59b5c6e
reloadAllAccessors: .EventToDate

===========================================================================================
----------------- testing Sat Dec 14 06:27:34 UTC 2019 /home/travis/build/icyphy/ptII/ptolemy/domains/de/test/auto/FSM1.xml
----------------- Instantiating /home/travis/build/icyphy/ptII/ptolemy/domains/de/test/auto/FSM1.xml
20 ms. Memory: 48128K Free: 32399K (67%)
----------------- Invoking toplevel() on ptolemy.moml.MoMLSimpleApplication@22689711
----------------- Done invoking toplevel() on ptolemy.moml.MoMLSimpleApplication@22689711
reloadAllAccessors: .FSM1

===========================================================================================
----------------- testing Sat Dec 14 06:27:34 UTC 2019 /home/travis/build/icyphy/ptII/ptolemy/domains/de/test/auto/FSM7.xml
----------------- Instantiating /home/travis/build/icyphy/ptII/ptolemy/domains/de/test/auto/FSM7.xml
17 ms. Memory: 48128K Free: 19974K (42%)
----------------- Invoking toplevel() on ptolemy.moml.MoMLSimpleApplication@7d16583c
----------------- Done invoking toplevel() on ptolemy.moml.MoMLSimpleApplication@7d16583c
reloadAllAccessors: .FSM7

===========================================================================================
----------------- testing Sat Dec 14 06:27:34 UTC 2019 /home/travis/build/icyphy/ptII/ptolemy/domains/de/test/auto/Inspection.xml
----------------- Instantiating /home/travis/build/icyphy/ptII/ptolemy/domains/de/test/auto/Inspection.xml
21 ms. Memory: 48128K Free: 32211K (67%)
----------------- Invoking toplevel() on ptolemy.moml.MoMLSimpleApplication@e506fc
----------------- Done invoking toplevel() on ptolemy.moml.MoMLSimpleApplication@e506fc
reloadAllAccessors: .Inspection

===========================================================================================
----------------- testing Sat Dec 14 06:27:34 UTC 2019 /home/travis/build/icyphy/ptII/ptolemy/domains/de/test/auto/Iteration.xml
----------------- Instantiating /home/travis/build/icyphy/ptII/ptolemy/domains/de/test/auto/Iteration.xml
12 ms. Memory: 48128K Free: 25299K (53%)
----------------- Invoking toplevel() on ptolemy.moml.MoMLSimpleApplication@2e36541a
----------------- Done invoking toplevel() on ptolemy.moml.MoMLSimpleApplication@2e36541a
reloadAllAccessors: .Iteration

===========================================================================================
----------------- testing Sat Dec 14 06:27:34 UTC 2019 /home/travis/build/icyphy/ptII/ptolemy/domains/de/test/auto/LineFault.xml
----------------- Instantiating /home/travis/build/icyphy/ptII/ptolemy/domains/de/test/auto/LineFault.xml
490 ms. Memory: 48128K Free: 26568K (55%)
----------------- Invoking toplevel() on ptolemy.moml.MoMLSimpleApplication@1fcce4c7
----------------- Done invoking toplevel() on ptolemy.moml.MoMLSimpleApplication@1fcce4c7
reloadAllAccessors: .LineFault

===========================================================================================
----------------- testing Sat Dec 14 06:27:35 UTC 2019 /home/travis/build/icyphy/ptII/ptolemy/domains/de/test/auto/MergeModel1Add.xml
----------------- Instantiating /home/travis/build/icyphy/ptII/ptolemy/domains/de/test/auto/MergeModel1Add.xml
7 ms. Memory: 48128K Free: 28777K (60%)
----------------- Invoking toplevel() on ptolemy.moml.MoMLSimpleApplication@4de7c91b
----------------- Done invoking toplevel() on ptolemy.moml.MoMLSimpleApplication@4de7c91b
reloadAllAccessors: .MergeModel1Add

===========================================================================================
----------------- testing Sat Dec 14 06:27:35 UTC 2019 /home/travis/build/icyphy/ptII/ptolemy/domains/de/test/auto/MergeModel2Add.xml
----------------- Instantiating /home/travis/build/icyphy/ptII/ptolemy/domains/de/test/auto/MergeModel2Add.xml
5 ms. Memory: 48128K Free: 10962K (23%)
----------------- Invoking toplevel() on ptolemy.moml.MoMLSimpleApplication@7bef430d
----------------- Done invoking toplevel() on ptolemy.moml.MoMLSimpleApplication@7bef430d
reloadAllAccessors: .MergeModel2Add

===========================================================================================
----------------- testing Sat Dec 14 06:27:35 UTC 2019 /home/travis/build/icyphy/ptII/ptolemy/domains/de/test/auto/MergeModel3Add.xml
----------------- Instantiating /home/travis/build/icyphy/ptII/ptolemy/domains/de/test/auto/MergeModel3Add.xml
5 ms. Memory: 48128K Free: 14137K (29%)
----------------- Invoking toplevel() on ptolemy.moml.MoMLSimpleApplication@1ddc19ad
----------------- Done invoking toplevel() on ptolemy.moml.MoMLSimpleApplication@1ddc19ad
reloadAllAccessors: .MergeModel3Add

===========================================================================================
----------------- testing Sat Dec 14 06:27:35 UTC 2019 /home/travis/build/icyphy/ptII/ptolemy/domains/de/test/auto/MergeWithoutDiscard.xml
----------------- Instantiating /home/travis/build/icyphy/ptII/ptolemy/domains/de/test/auto/MergeWithoutDiscard.xml
1 ms. Memory: 48128K Free: 30749K (64%)
----------------- Invoking toplevel() on ptolemy.moml.MoMLSimpleApplication@58d074d6
----------------- Done invoking toplevel() on ptolemy.moml.MoMLSimpleApplication@58d074d6
reloadAllAccessors: .MergeWithoutDiscard

===========================================================================================
----------------- testing Sat Dec 14 06:27:35 UTC 2019 /home/travis/build/icyphy/ptII/ptolemy/domains/de/test/auto/Modal1.xml
----------------- Instantiating /home/travis/build/icyphy/ptII/ptolemy/domains/de/test/auto/Modal1.xml
6 ms. Memory: 48128K Free: 18560K (39%)
----------------- Invoking toplevel() on ptolemy.moml.MoMLSimpleApplication@7418f740
----------------- Done invoking toplevel() on ptolemy.moml.MoMLSimpleApplication@7418f740
reloadAllAccessors: .Modal1

===========================================================================================
----------------- testing Sat Dec 14 06:27:35 UTC 2019 /home/travis/build/icyphy/ptII/ptolemy/domains/de/test/auto/Modal2.xml
----------------- Instantiating /home/travis/build/icyphy/ptII/ptolemy/domains/de/test/auto/Modal2.xml
8 ms. Memory: 48128K Free: 27857K (58%)
----------------- Invoking toplevel() on ptolemy.moml.MoMLSimpleApplication@4e3d8eb3
----------------- Done invoking toplevel() on ptolemy.moml.MoMLSimpleApplication@4e3d8eb3
reloadAllAccessors: .Modal2

===========================================================================================
----------------- testing Sat Dec 14 06:27:35 UTC 2019 /home/travis/build/icyphy/ptII/ptolemy/domains/de/test/auto/Modal3.xml
----------------- Instantiating /home/travis/build/icyphy/ptII/ptolemy/domains/de/test/auto/Modal3.xml
8 ms. Memory: 48128K Free: 15569K (32%)
----------------- Invoking toplevel() on ptolemy.moml.MoMLSimpleApplication@1bf7e14
----------------- Done invoking toplevel() on ptolemy.moml.MoMLSimpleApplication@1bf7e14
reloadAllAccessors: .Modal3

===========================================================================================
----------------- testing Sat Dec 14 06:27:35 UTC 2019 /home/travis/build/icyphy/ptII/ptolemy/domains/de/test/auto/Modal4.xml
----------------- Instantiating /home/travis/build/icyphy/ptII/ptolemy/domains/de/test/auto/Modal4.xml
12 ms. Memory: 48128K Free: 24299K (50%)
----------------- Invoking toplevel() on ptolemy.moml.MoMLSimpleApplication@12beae7e
----------------- Done invoking toplevel() on ptolemy.moml.MoMLSimpleApplication@12beae7e
reloadAllAccessors: .Modal4

===========================================================================================
----------------- testing Sat Dec 14 06:27:35 UTC 2019 /home/travis/build/icyphy/ptII/ptolemy/domains/de/test/auto/Modal5.xml
----------------- Instantiating /home/travis/build/icyphy/ptII/ptolemy/domains/de/test/auto/Modal5.xml
9 ms. Memory: 48128K Free: 11548K (24%)
----------------- Invoking toplevel() on ptolemy.moml.MoMLSimpleApplication@a0d3967
----------------- Done invoking toplevel() on ptolemy.moml.MoMLSimpleApplication@a0d3967
reloadAllAccessors: .Modal5

===========================================================================================
----------------- testing Sat Dec 14 06:27:35 UTC 2019 /home/travis/build/icyphy/ptII/ptolemy/domains/de/test/auto/Modal6.xml
----------------- Instantiating /home/travis/build/icyphy/ptII/ptolemy/domains/de/test/auto/Modal6.xml
11 ms. Memory: 48128K Free: 20706K (43%)
----------------- Invoking toplevel() on ptolemy.moml.MoMLSimpleApplication@7fafe540
----------------- Done invoking toplevel() on ptolemy.moml.MoMLSimpleApplication@7fafe540
reloadAllAccessors: .Modal6

===========================================================================================
----------------- testing Sat Dec 14 06:27:35 UTC 2019 /home/travis/build/icyphy/ptII/ptolemy/domains/de/test/auto/Modal7.xml
----------------- Instantiating /home/travis/build/icyphy/ptII/ptolemy/domains/de/test/auto/Modal7.xml
15 ms. Memory: 63488K Free: 44452K (70%)
----------------- Invoking toplevel() on ptolemy.moml.MoMLSimpleApplication@228f6047
----------------- Done invoking toplevel() on ptolemy.moml.MoMLSimpleApplication@228f6047
reloadAllAccessors: .Modal7

===========================================================================================
----------------- testing Sat Dec 14 06:27:35 UTC 2019 /home/travis/build/icyphy/ptII/ptolemy/domains/de/test/auto/ModalModel.xml
----------------- Instantiating /home/travis/build/icyphy/ptII/ptolemy/domains/de/test/auto/ModalModel.xml
120 ms. Memory: 63488K Free: 29861K (47%)
----------------- Invoking toplevel() on ptolemy.moml.MoMLSimpleApplication@3a7c1163
----------------- Done invoking toplevel() on ptolemy.moml.MoMLSimpleApplication@3a7c1163
reloadAllAccessors: .ModalModel

===========================================================================================
----------------- testing Sat Dec 14 06:27:36 UTC 2019 /home/travis/build/icyphy/ptII/ptolemy/domains/de/test/auto/ModalSource.xml
----------------- Instantiating /home/travis/build/icyphy/ptII/ptolemy/domains/de/test/auto/ModalSource.xml
4 ms. Memory: 63488K Free: 21401K (34%)
----------------- Invoking toplevel() on ptolemy.moml.MoMLSimpleApplication@b585b30
----------------- Done invoking toplevel() on ptolemy.moml.MoMLSimpleApplication@b585b30
reloadAllAccessors: .ModalSource

===========================================================================================
----------------- testing Sat Dec 14 06:27:36 UTC 2019 /home/travis/build/icyphy/ptII/ptolemy/domains/de/test/auto/NonInterruptibleTimerZeroDelay.xml
----------------- Instantiating /home/travis/build/icyphy/ptII/ptolemy/domains/de/test/auto/NonInterruptibleTimerZeroDelay.xml
2 ms. Memory: 63488K Free: 45685K (72%)
----------------- Invoking toplevel() on ptolemy.moml.MoMLSimpleApplication@65ce6241
----------------- Done invoking toplevel() on ptolemy.moml.MoMLSimpleApplication@65ce6241
reloadAllAccessors: .NonInterruptibleTimerZeroDelay

===========================================================================================
----------------- testing Sat Dec 14 06:27:36 UTC 2019 /home/travis/build/icyphy/ptII/ptolemy/domains/de/test/auto/OpenQueueingNetwork.xml
----------------- Instantiating /home/travis/build/icyphy/ptII/ptolemy/domains/de/test/auto/OpenQueueingNetwork.xml
2451 ms. Memory: 187392K Free: 156613K (84%)
----------------- Invoking toplevel() on ptolemy.moml.MoMLSimpleApplication@744768f9
----------------- Done invoking toplevel() on ptolemy.moml.MoMLSimpleApplication@744768f9
reloadAllAccessors: .OpenQueueingNetwork

===========================================================================================
----------------- testing Sat Dec 14 06:27:38 UTC 2019 /home/travis/build/icyphy/ptII/ptolemy/domains/de/test/auto/OpenQueuingNetwork.xml
----------------- Instantiating /home/travis/build/icyphy/ptII/ptolemy/domains/de/test/auto/OpenQueuingNetwork.xml
219 ms. Memory: 187392K Free: 80327K (43%)
----------------- Invoking toplevel() on ptolemy.moml.MoMLSimpleApplication@6d485233
----------------- Done invoking toplevel() on ptolemy.moml.MoMLSimpleApplication@6d485233
reloadAllAccessors: .OpenQueuingNetwork

===========================================================================================
----------------- testing Sat Dec 14 06:27:38 UTC 2019 /home/travis/build/icyphy/ptII/ptolemy/domains/de/test/auto/PeriodicSampler.xml
----------------- Instantiating /home/travis/build/icyphy/ptII/ptolemy/domains/de/test/auto/PeriodicSampler.xml
3 ms. Memory: 187392K Free: 76231K (41%)
----------------- Invoking toplevel() on ptolemy.moml.MoMLSimpleApplication@3055ab48
----------------- Done invoking toplevel() on ptolemy.moml.MoMLSimpleApplication@3055ab48
reloadAllAccessors: .PeriodicSampler

===========================================================================================
----------------- testing Sat Dec 14 06:27:39 UTC 2019 /home/travis/build/icyphy/ptII/ptolemy/domains/de/test/auto/PersistentIO.xml
----------------- Instantiating /home/travis/build/icyphy/ptII/ptolemy/domains/de/test/auto/PersistentIO.xml
4 ms. Memory: 187392K Free: 163152K (87%)
----------------- Invoking toplevel() on ptolemy.moml.MoMLSimpleApplication@317cda4a
----------------- Done invoking toplevel() on ptolemy.moml.MoMLSimpleApplication@317cda4a
reloadAllAccessors: .PersistentIO

===========================================================================================
----------------- testing Sat Dec 14 06:27:39 UTC 2019 /home/travis/build/icyphy/ptII/ptolemy/domains/de/test/auto/PortParameterResetOnInitialize.xml
----------------- Instantiating /home/travis/build/icyphy/ptII/ptolemy/domains/de/test/auto/PortParameterResetOnInitialize.xml
2 ms. Memory: 187392K Free: 158552K (85%)
----------------- Invoking toplevel() on ptolemy.moml.MoMLSimpleApplication@66878b70
----------------- Done invoking toplevel() on ptolemy.moml.MoMLSimpleApplication@66878b70
reloadAllAccessors: .PortParameterResetOnInitialize

===========================================================================================
----------------- testing Sat Dec 14 06:27:39 UTC 2019 /home/travis/build/icyphy/ptII/ptolemy/domains/de/test/auto/PortParameterUpdates.xml
----------------- Instantiating /home/travis/build/icyphy/ptII/ptolemy/domains/de/test/auto/PortParameterUpdates.xml
5 ms. Memory: 187392K Free: 151880K (81%)
----------------- Invoking toplevel() on ptolemy.moml.MoMLSimpleApplication@38a8c0a5
----------------- Done invoking toplevel() on ptolemy.moml.MoMLSimpleApplication@38a8c0a5
reloadAllAccessors: .PortParameterUpdates

===========================================================================================
----------------- testing Sat Dec 14 06:27:39 UTC 2019 /home/travis/build/icyphy/ptII/ptolemy/domains/de/test/auto/QueueAndServer.xml
----------------- Instantiating /home/travis/build/icyphy/ptII/ptolemy/domains/de/test/auto/QueueAndServer.xml
6 ms. Memory: 187392K Free: 144216K (77%)
----------------- Invoking toplevel() on ptolemy.moml.MoMLSimpleApplication@900e4d6
----------------- Done invoking toplevel() on ptolemy.moml.MoMLSimpleApplication@900e4d6
reloadAllAccessors: .QueueAndServer

===========================================================================================
----------------- testing Sat Dec 14 06:27:39 UTC 2019 /home/travis/build/icyphy/ptII/ptolemy/domains/de/test/auto/Records.xml
----------------- Instantiating /home/travis/build/icyphy/ptII/ptolemy/domains/de/test/auto/Records.xml
8 ms. Memory: 187392K Free: 138582K (74%)
----------------- Invoking toplevel() on ptolemy.moml.MoMLSimpleApplication@4ec04809
----------------- Done invoking toplevel() on ptolemy.moml.MoMLSimpleApplication@4ec04809
reloadAllAccessors: .Records

===========================================================================================
----------------- testing Sat Dec 14 06:27:39 UTC 2019 /home/travis/build/icyphy/ptII/ptolemy/domains/de/test/auto/ResetTransitionWithStartTime1.xml
----------------- Instantiating /home/travis/build/icyphy/ptII/ptolemy/domains/de/test/auto/ResetTransitionWithStartTime1.xml
9 ms. Memory: 187392K Free: 130376K (70%)
----------------- Invoking toplevel() on ptolemy.moml.MoMLSimpleApplication@4d60cac7
----------------- Done invoking toplevel() on ptolemy.moml.MoMLSimpleApplication@4d60cac7
reloadAllAccessors: .ResetTransitionWithStartTime1

===========================================================================================
----------------- testing Sat Dec 14 06:27:39 UTC 2019 /home/travis/build/icyphy/ptII/ptolemy/domains/de/test/auto/ResetTransitionWithStartTime2.xml
----------------- Instantiating /home/travis/build/icyphy/ptII/ptolemy/domains/de/test/auto/ResetTransitionWithStartTime2.xml
5 ms. Memory: 187392K Free: 122184K (65%)
----------------- Invoking toplevel() on ptolemy.moml.MoMLSimpleApplication@123425b4
----------------- Done invoking toplevel() on ptolemy.moml.MoMLSimpleApplication@123425b4
reloadAllAccessors: .ResetTransitionWithStartTime2

===========================================================================================
----------------- testing Sat Dec 14 06:27:39 UTC 2019 /home/travis/build/icyphy/ptII/ptolemy/domains/de/test/auto/ResetTransitionWithStartTime3.xml
----------------- Instantiating /home/travis/build/icyphy/ptII/ptolemy/domains/de/test/auto/ResetTransitionWithStartTime3.xml
6 ms. Memory: 187392K Free: 113992K (61%)
----------------- Invoking toplevel() on ptolemy.moml.MoMLSimpleApplication@58e040f7
----------------- Done invoking toplevel() on ptolemy.moml.MoMLSimpleApplication@58e040f7
reloadAllAccessors: .ResetTransitionWithStartTime3

===========================================================================================
----------------- testing Sat Dec 14 06:27:39 UTC 2019 /home/travis/build/icyphy/ptII/ptolemy/domains/de/test/auto/ResetTransitionWithStartTime4.xml
----------------- Instantiating /home/travis/build/icyphy/ptII/ptolemy/domains/de/test/auto/ResetTransitionWithStartTime4.xml
4 ms. Memory: 187392K Free: 106328K (57%)
----------------- Invoking toplevel() on ptolemy.moml.MoMLSimpleApplication@4a008084
----------------- Done invoking toplevel() on ptolemy.moml.MoMLSimpleApplication@4a008084
reloadAllAccessors: .ResetTransitionWithStartTime4

===========================================================================================
----------------- testing Sat Dec 14 06:27:39 UTC 2019 /home/travis/build/icyphy/ptII/ptolemy/domains/de/test/auto/ResettableTimer1.xml
----------------- Instantiating /home/travis/build/icyphy/ptII/ptolemy/domains/de/test/auto/ResettableTimer1.xml
2 ms. Memory: 187392K Free: 102232K (55%)
----------------- Invoking toplevel() on ptolemy.moml.MoMLSimpleApplication@4ebe47ca
----------------- Done invoking toplevel() on ptolemy.moml.MoMLSimpleApplication@4ebe47ca
reloadAllAccessors: .ResettableTimer1

===========================================================================================
----------------- testing Sat Dec 14 06:27:39 UTC 2019 /home/travis/build/icyphy/ptII/ptolemy/domains/de/test/auto/ResettableTimer2.xml
----------------- Instantiating /home/travis/build/icyphy/ptII/ptolemy/domains/de/test/auto/ResettableTimer2.xml
1 ms. Memory: 187392K Free: 98136K (52%)
----------------- Invoking toplevel() on ptolemy.moml.MoMLSimpleApplication@1c644327
----------------- Done invoking toplevel() on ptolemy.moml.MoMLSimpleApplication@1c644327
reloadAllAccessors: .ResettableTimer2

===========================================================================================
----------------- testing Sat Dec 14 06:27:39 UTC 2019 /home/travis/build/icyphy/ptII/ptolemy/domains/de/test/auto/ResettableTimer3.xml
----------------- Instantiating /home/travis/build/icyphy/ptII/ptolemy/domains/de/test/auto/ResettableTimer3.xml
1 ms. Memory: 187392K Free: 94040K (50%)
----------------- Invoking toplevel() on ptolemy.moml.MoMLSimpleApplication@319190e1
----------------- Done invoking toplevel() on ptolemy.moml.MoMLSimpleApplication@319190e1
reloadAllAccessors: .ResettableTimer3

===========================================================================================
----------------- testing Sat Dec 14 06:27:39 UTC 2019 /home/travis/build/icyphy/ptII/ptolemy/domains/de/test/auto/ResettableTimer4.xml
----------------- Instantiating /home/travis/build/icyphy/ptII/ptolemy/domains/de/test/auto/ResettableTimer4.xml
1 ms. Memory: 187392K Free: 89944K (48%)
----------------- Invoking toplevel() on ptolemy.moml.MoMLSimpleApplication@76813cc0
----------------- Done invoking toplevel() on ptolemy.moml.MoMLSimpleApplication@76813cc0
reloadAllAccessors: .ResettableTimer4

===========================================================================================
----------------- testing Sat Dec 14 06:27:39 UTC 2019 /home/travis/build/icyphy/ptII/ptolemy/domains/de/test/auto/ResettableTimer5.xml
----------------- Instantiating /home/travis/build/icyphy/ptII/ptolemy/domains/de/test/auto/ResettableTimer5.xml
1 ms. Memory: 187392K Free: 85848K (46%)
----------------- Invoking toplevel() on ptolemy.moml.MoMLSimpleApplication@4060ed92
----------------- Done invoking toplevel() on ptolemy.moml.MoMLSimpleApplication@4060ed92
reloadAllAccessors: .ResettableTimer5

===========================================================================================
----------------- testing Sat Dec 14 06:27:39 UTC 2019 /home/travis/build/icyphy/ptII/ptolemy/domains/de/test/auto/ResettableTimer6.xml
----------------- Instantiating /home/travis/build/icyphy/ptII/ptolemy/domains/de/test/auto/ResettableTimer6.xml
7 ms. Memory: 187392K Free: 81238K (43%)
----------------- Invoking toplevel() on ptolemy.moml.MoMLSimpleApplication@62db7021
----------------- Done invoking toplevel() on ptolemy.moml.MoMLSimpleApplication@62db7021
reloadAllAccessors: .ResettableTimer6

===========================================================================================
----------------- testing Sat Dec 14 06:27:39 UTC 2019 /home/travis/build/icyphy/ptII/ptolemy/domains/de/test/auto/ServerZeroDelay.xml
----------------- Instantiating /home/travis/build/icyphy/ptII/ptolemy/domains/de/test/auto/ServerZeroDelay.xml
2 ms. Memory: 187392K Free: 77128K (41%)
----------------- Invoking toplevel() on ptolemy.moml.MoMLSimpleApplication@4ffa8c9b
----------------- Done invoking toplevel() on ptolemy.moml.MoMLSimpleApplication@4ffa8c9b
reloadAllAccessors: .ServerZeroDelay

===========================================================================================
----------------- testing Sat Dec 14 06:27:39 UTC 2019 /home/travis/build/icyphy/ptII/ptolemy/domains/de/test/auto/SmartSender.xml
----------------- Instantiating /home/travis/build/icyphy/ptII/ptolemy/domains/de/test/auto/SmartSender.xml
3002 ms. Memory: 187392K Free: 73046K (39%)
----------------- Invoking toplevel() on ptolemy.moml.MoMLSimpleApplication@5173c12b
----------------- Done invoking toplevel() on ptolemy.moml.MoMLSimpleApplication@5173c12b
reloadAllAccessors: .SmartSender

===========================================================================================
----------------- testing Sat Dec 14 06:27:42 UTC 2019 /home/travis/build/icyphy/ptII/ptolemy/domains/de/test/auto/ThreadedComposite.xml
----------------- Instantiating /home/travis/build/icyphy/ptII/ptolemy/domains/de/test/auto/ThreadedComposite.xml
131 ms. Memory: 187392K Free: 151716K (81%)
----------------- Invoking toplevel() on ptolemy.moml.MoMLSimpleApplication@4a528406
----------------- Done invoking toplevel() on ptolemy.moml.MoMLSimpleApplication@4a528406
reloadAllAccessors: .ThreadedComposite

===========================================================================================
----------------- testing Sat Dec 14 06:27:42 UTC 2019 /home/travis/build/icyphy/ptII/ptolemy/domains/de/test/auto/Time.xml
----------------- Instantiating /home/travis/build/icyphy/ptII/ptolemy/domains/de/test/auto/Time.xml
428 ms. Memory: 187392K Free: 98982K (53%)
----------------- Invoking toplevel() on ptolemy.moml.MoMLSimpleApplication@531aa0bd
----------------- Done invoking toplevel() on ptolemy.moml.MoMLSimpleApplication@531aa0bd
reloadAllAccessors: .Time

===========================================================================================
----------------- testing Sat Dec 14 06:27:42 UTC 2019 /home/travis/build/icyphy/ptII/ptolemy/domains/de/test/auto/TimeDelayZeroDelay.xml
----------------- Instantiating /home/travis/build/icyphy/ptII/ptolemy/domains/de/test/auto/TimeDelayZeroDelay.xml
2 ms. Memory: 187392K Free: 94886K (51%)
----------------- Invoking toplevel() on ptolemy.moml.MoMLSimpleApplication@3a73b061
----------------- Done invoking toplevel() on ptolemy.moml.MoMLSimpleApplication@3a73b061
reloadAllAccessors: .TimeDelayZeroDelay

===========================================================================================
----------------- testing Sat Dec 14 06:27:42 UTC 2019 /home/travis/build/icyphy/ptII/ptolemy/domains/de/test/auto/TimerZeroDelay.xml
----------------- Instantiating /home/travis/build/icyphy/ptII/ptolemy/domains/de/test/auto/TimerZeroDelay.xml
4 ms. Memory: 187392K Free: 90790K (48%)
----------------- Invoking toplevel() on ptolemy.moml.MoMLSimpleApplication@1a86e9b1
----------------- Done invoking toplevel() on ptolemy.moml.MoMLSimpleApplication@1a86e9b1
reloadAllAccessors: .TimerZeroDelay

===========================================================================================
----------------- testing Sat Dec 14 06:27:42 UTC 2019 /home/travis/build/icyphy/ptII/ptolemy/domains/de/test/auto/TimingParadox.xml
----------------- Instantiating /home/travis/build/icyphy/ptII/ptolemy/domains/de/test/auto/TimingParadox.xml
318 ms. Memory: 187392K Free: 127722K (68%)
----------------- Invoking toplevel() on ptolemy.moml.MoMLSimpleApplication@10dad844
----------------- Done invoking toplevel() on ptolemy.moml.MoMLSimpleApplication@10dad844
reloadAllAccessors: .TimingParadox

===========================================================================================
----------------- testing Sat Dec 14 06:27:43 UTC 2019 /home/travis/build/icyphy/ptII/ptolemy/domains/de/test/auto/TransferInputs.xml
----------------- Instantiating /home/travis/build/icyphy/ptII/ptolemy/domains/de/test/auto/TransferInputs.xml
1 ms. Memory: 187392K Free: 123116K (66%)
----------------- Invoking toplevel() on ptolemy.moml.MoMLSimpleApplication@ea82cc1
----------------- Done invoking toplevel() on ptolemy.moml.MoMLSimpleApplication@ea82cc1
reloadAllAccessors: .TransferInputs

===========================================================================================
----------------- testing Sat Dec 14 06:27:43 UTC 2019 /home/travis/build/icyphy/ptII/ptolemy/domains/de/test/auto/TransferOutputs2.xml
----------------- Instantiating /home/travis/build/icyphy/ptII/ptolemy/domains/de/test/auto/TransferOutputs2.xml
2 ms. Memory: 187392K Free: 115420K (62%)
----------------- Invoking toplevel() on ptolemy.moml.MoMLSimpleApplication@4f6daa51
----------------- Done invoking toplevel() on ptolemy.moml.MoMLSimpleApplication@4f6daa51
reloadAllAccessors: .TransferOutputs2

===========================================================================================
----------------- testing Sat Dec 14 06:27:43 UTC 2019 /home/travis/build/icyphy/ptII/ptolemy/domains/de/test/auto/Trilateration.xml
----------------- Instantiating /home/travis/build/icyphy/ptII/ptolemy/domains/de/test/auto/Trilateration.xml
11512 ms. Memory: 397312K Free: 251548K (63%)
----------------- Invoking toplevel() on ptolemy.moml.MoMLSimpleApplication@41f9eb47
----------------- Done invoking toplevel() on ptolemy.moml.MoMLSimpleApplication@41f9eb47
reloadAllAccessors: .Trilateration

===========================================================================================
----------------- testing Sat Dec 14 06:27:55 UTC 2019 /home/travis/build/icyphy/ptII/ptolemy/domains/de/test/auto/TwoSigmaDelta.xml
----------------- Instantiating /home/travis/build/icyphy/ptII/ptolemy/domains/de/test/auto/TwoSigmaDelta.xml
2106 ms. Memory: 397312K Free: 284757K (72%)
----------------- Invoking toplevel() on ptolemy.moml.MoMLSimpleApplication@37e77cd5
----------------- Done invoking toplevel() on ptolemy.moml.MoMLSimpleApplication@37e77cd5
reloadAllAccessors: .TwoSigmaDelta

===========================================================================================
----------------- testing Sat Dec 14 06:27:57 UTC 2019 /home/travis/build/icyphy/ptII/ptolemy/domains/de/test/auto/VariableDelay.xml
----------------- Instantiating /home/travis/build/icyphy/ptII/ptolemy/domains/de/test/auto/VariableDelay.xml
1 ms. Memory: 397312K Free: 279607K (70%)
----------------- Invoking toplevel() on ptolemy.moml.MoMLSimpleApplication@1e93c479
----------------- Done invoking toplevel() on ptolemy.moml.MoMLSimpleApplication@1e93c479
reloadAllAccessors: .VariableDelay

===========================================================================================
----------------- testing Sat Dec 14 06:27:57 UTC 2019 /home/travis/build/icyphy/ptII/ptolemy/domains/de/test/auto/VariableDelay2.xml
----------------- Instantiating /home/travis/build/icyphy/ptII/ptolemy/domains/de/test/auto/VariableDelay2.xml
1 ms. Memory: 397312K Free: 275031K (69%)
----------------- Invoking toplevel() on ptolemy.moml.MoMLSimpleApplication@1b44bcb7
----------------- Done invoking toplevel() on ptolemy.moml.MoMLSimpleApplication@1b44bcb7
reloadAllAccessors: .VariableDelay2

===========================================================================================
----------------- testing Sat Dec 14 06:27:57 UTC 2019 /home/travis/build/icyphy/ptII/ptolemy/domains/de/test/auto/VariableDelayZeroDelay.xml
----------------- Instantiating /home/travis/build/icyphy/ptII/ptolemy/domains/de/test/auto/VariableDelayZeroDelay.xml
2 ms. Memory: 397312K Free: 270935K (68%)
----------------- Invoking toplevel() on ptolemy.moml.MoMLSimpleApplication@70034dc6
----------------- Done invoking toplevel() on ptolemy.moml.MoMLSimpleApplication@70034dc6
reloadAllAccessors: .VariableDelayZeroDelay

===========================================================================================
----------------- testing Sat Dec 14 06:27:57 UTC 2019 /home/travis/build/icyphy/ptII/ptolemy/domains/de/test/auto/VariableDelayZeroDelay2.xml
----------------- Instantiating /home/travis/build/icyphy/ptII/ptolemy/domains/de/test/auto/VariableDelayZeroDelay2.xml
2 ms. Memory: 397312K Free: 266325K (67%)
----------------- Invoking toplevel() on ptolemy.moml.MoMLSimpleApplication@28a419d
----------------- Done invoking toplevel() on ptolemy.moml.MoMLSimpleApplication@28a419d
reloadAllAccessors: .VariableDelayZeroDelay2

===========================================================================================
----------------- testing Sat Dec 14 06:27:57 UTC 2019 /home/travis/build/icyphy/ptII/ptolemy/domains/de/test/auto/deInCt.xml
----------------- Instantiating /home/travis/build/icyphy/ptII/ptolemy/domains/de/test/auto/deInCt.xml
0
1
1
1
0
0
0
1
1
0
0
0
1
1
1
1
0
0
0
1
1
1
0
0
0
1
1
1
1
0
0
0
1
1
1
0
0
0
1
1
1
0
0
0
0
8 ms. Memory: 397312K Free: 261205K (66%)
----------------- Invoking toplevel() on ptolemy.moml.MoMLSimpleApplication@279080e0
----------------- Done invoking toplevel() on ptolemy.moml.MoMLSimpleApplication@279080e0
reloadAllAccessors: .deInCt

===========================================================================================
----------------- testing Sat Dec 14 06:27:57 UTC 2019 /home/travis/build/icyphy/ptII/ptolemy/domains/de/test/auto/deInCt2.xml
----------------- Instantiating /home/travis/build/icyphy/ptII/ptolemy/domains/de/test/auto/deInCt2.xml
0
1
1
1
0
0
1
1
1
0
0
1
1
1
0
0
1
1
1
0
0
1
1
1
0
0
1
1
1
0
0
1
1
1
0
0
1
1
1
0
0
0
8 ms. Memory: 397312K Free: 256079K (64%)
----------------- Invoking toplevel() on ptolemy.moml.MoMLSimpleApplication@66146b30
----------------- Done invoking toplevel() on ptolemy.moml.MoMLSimpleApplication@66146b30
reloadAllAccessors: .deInCt2

===========================================================================================
----------------- testing Sat Dec 14 06:27:57 UTC 2019 /home/travis/build/icyphy/ptII/ptolemy/domains/de/test/auto/dynamicCausalityInterface1.xml
----------------- Instantiating /home/travis/build/icyphy/ptII/ptolemy/domains/de/test/auto/dynamicCausalityInterface1.xml
1 ms. Memory: 397312K Free: 246869K (62%)
----------------- Invoking toplevel() on ptolemy.moml.MoMLSimpleApplication@200224b
----------------- Done invoking toplevel() on ptolemy.moml.MoMLSimpleApplication@200224b
reloadAllAccessors: .dynamicCausalityInterface1

===========================================================================================
----------------- testing Sat Dec 14 06:27:57 UTC 2019 /home/travis/build/icyphy/ptII/ptolemy/domains/de/test/auto/fsm_de_test.xml
----------------- Instantiating /home/travis/build/icyphy/ptII/ptolemy/domains/de/test/auto/fsm_de_test.xml
5 ms. Memory: 397312K Free: 237623K (60%)
----------------- Invoking toplevel() on ptolemy.moml.MoMLSimpleApplication@2460744d
----------------- Done invoking toplevel() on ptolemy.moml.MoMLSimpleApplication@2460744d
reloadAllAccessors: .fsm_de_test

===========================================================================================
----------------- testing Sat Dec 14 06:27:57 UTC 2019 /home/travis/build/icyphy/ptII/ptolemy/domains/de/test/auto/functionDependencyReconstruction.xml
----------------- Instantiating /home/travis/build/icyphy/ptII/ptolemy/domains/de/test/auto/functionDependencyReconstruction.xml
2 ms. Memory: 397312K Free: 222807K (56%)
----------------- Invoking toplevel() on ptolemy.moml.MoMLSimpleApplication@379ad0d7
----------------- Done invoking toplevel() on ptolemy.moml.MoMLSimpleApplication@379ad0d7
reloadAllAccessors: .functionDependencyReconstruction

===========================================================================================
----------------- testing Sat Dec 14 06:27:57 UTC 2019 /home/travis/build/icyphy/ptII/ptolemy/domains/de/test/auto/multirate.xml
----------------- Instantiating /home/travis/build/icyphy/ptII/ptolemy/domains/de/test/auto/multirate.xml
3 ms. Memory: 397312K Free: 216135K (54%)
----------------- Invoking toplevel() on ptolemy.moml.MoMLSimpleApplication@4da7d50b
----------------- Done invoking toplevel() on ptolemy.moml.MoMLSimpleApplication@4da7d50b
reloadAllAccessors: .multirate

===========================================================================================
----------------- testing Sat Dec 14 06:27:57 UTC 2019 /home/travis/build/icyphy/ptII/ptolemy/domains/de/test/auto/multirate2.xml
----------------- Instantiating /home/travis/build/icyphy/ptII/ptolemy/domains/de/test/auto/multirate2.xml
2 ms. Memory: 397312K Free: 209495K (53%)
----------------- Invoking toplevel() on ptolemy.moml.MoMLSimpleApplication@1e204b56
----------------- Done invoking toplevel() on ptolemy.moml.MoMLSimpleApplication@1e204b56
reloadAllAccessors: .multirate2

===========================================================================================
----------------- testing Sat Dec 14 06:27:57 UTC 2019 /home/travis/build/icyphy/ptII/ptolemy/domains/de/test/auto/realtime.xml
----------------- Instantiating /home/travis/build/icyphy/ptII/ptolemy/domains/de/test/auto/realtime.xml
10001 ms. Memory: 397312K Free: 204885K (52%)
----------------- Invoking toplevel() on ptolemy.moml.MoMLSimpleApplication@a544da5
----------------- Done invoking toplevel() on ptolemy.moml.MoMLSimpleApplication@a544da5
reloadAllAccessors: .realtime

===========================================================================================
----------------- testing Sat Dec 14 06:28:07 UTC 2019 /home/travis/build/icyphy/ptII/ptolemy/domains/de/test/auto/relationGroup.xml
----------------- Instantiating /home/travis/build/icyphy/ptII/ptolemy/domains/de/test/auto/relationGroup.xml
2 ms. Memory: 397312K Free: 201303K (51%)
----------------- Invoking toplevel() on ptolemy.moml.MoMLSimpleApplication@40b23eed
----------------- Done invoking toplevel() on ptolemy.moml.MoMLSimpleApplication@40b23eed
reloadAllAccessors: .relationGroup

===========================================================================================
----------------- testing Sat Dec 14 06:28:07 UTC 2019 /home/travis/build/icyphy/ptII/ptolemy/domains/de/test/auto/relationGroup2.xml
----------------- Instantiating /home/travis/build/icyphy/ptII/ptolemy/domains/de/test/auto/relationGroup2.xml
1 ms. Memory: 397312K Free: 197717K (50%)
----------------- Invoking toplevel() on ptolemy.moml.MoMLSimpleApplication@734ec2ff
----------------- Done invoking toplevel() on ptolemy.moml.MoMLSimpleApplication@734ec2ff
reloadAllAccessors: .relationGroup2

===========================================================================================
----------------- testing Sat Dec 14 06:28:08 UTC 2019 /home/travis/build/icyphy/ptII/ptolemy/domains/de/test/auto/sortWithOpaquePorts.xml
----------------- Instantiating /home/travis/build/icyphy/ptII/ptolemy/domains/de/test/auto/sortWithOpaquePorts.xml
1 ms. Memory: 397312K Free: 193111K (49%)
----------------- Invoking toplevel() on ptolemy.moml.MoMLSimpleApplication@6d3e42ba
----------------- Done invoking toplevel() on ptolemy.moml.MoMLSimpleApplication@6d3e42ba
reloadAllAccessors: .sortWithOpaquePorts

===========================================================================================
----------------- testing Sat Dec 14 06:28:08 UTC 2019 /home/travis/build/icyphy/ptII/ptolemy/domains/de/test/auto/transferInputsandOutputs.xml
----------------- Instantiating /home/travis/build/icyphy/ptII/ptolemy/domains/de/test/auto/transferInputsandOutputs.xml
2 ms. Memory: 397312K Free: 185943K (47%)
----------------- Invoking toplevel() on ptolemy.moml.MoMLSimpleApplication@1c4c80af
----------------- Done invoking toplevel() on ptolemy.moml.MoMLSimpleApplication@1c4c80af
reloadAllAccessors: .transferInputsandOutputs

===========================================================================================
----------------- testing Sat Dec 14 06:28:08 UTC 2019 /home/travis/build/icyphy/ptII/ptolemy/domains/de/test/auto/triggerType.xml
----------------- Instantiating /home/travis/build/icyphy/ptII/ptolemy/domains/de/test/auto/triggerType.xml
1 ms. Memory: 397312K Free: 181847K (46%)
----------------- Invoking toplevel() on ptolemy.moml.MoMLSimpleApplication@193b5a36
----------------- Done invoking toplevel() on ptolemy.moml.MoMLSimpleApplication@193b5a36
reloadAllAccessors: .triggerType
AutoTests.java: About to close Vertx.
AutoTests.java: Vertx closed.
]]></system-out>
  <system-err><![CDATA[java.lang.RuntimeException: Execution failed
	at ptolemy.moml.MoMLSimpleApplication$UnloadThread.run(MoMLSimpleApplication.java:402)
Caused by: ptolemy.kernel.util.IllegalActionException: Found a zero delay loop containing .dependencyLoop.original
  in .dependencyLoop and .dependencyLoop.original
	at ptolemy.actor.util.CausalityInterfaceForComposites._computeOutputPortDepth(CausalityInterfaceForComposites.java:759)
	at ptolemy.actor.util.CausalityInterfaceForComposites._computeInputDepth(CausalityInterfaceForComposites.java:696)
	at ptolemy.actor.util.CausalityInterfaceForComposites._computeOutputPortDepth(CausalityInterfaceForComposites.java:765)
	at ptolemy.actor.util.CausalityInterfaceForComposites._computeInputDepth(CausalityInterfaceForComposites.java:696)
	at ptolemy.actor.util.CausalityInterfaceForComposites._computeOutputPortDepth(CausalityInterfaceForComposites.java:765)
	at ptolemy.actor.util.CausalityInterfaceForComposites._computeInputDepth(CausalityInterfaceForComposites.java:696)
	at ptolemy.actor.util.CausalityInterfaceForComposites._computeActorDepth(CausalityInterfaceForComposites.java:532)
	at ptolemy.actor.util.CausalityInterfaceForComposites.checkForCycles(CausalityInterfaceForComposites.java:96)
	at ptolemy.domains.de.kernel.DEDirector.preinitialize(DEDirector.java:1338)
	at ptolemy.actor.CompositeActor.preinitialize(CompositeActor.java:1828)
	at ptolemy.actor.Manager.preinitializeAndResolveTypes(Manager.java:1040)
	at ptolemy.actor.Manager.initialize(Manager.java:710)
	at ptolemy.actor.Manager.execute(Manager.java:356)
	at ptolemy.actor.Manager.run(Manager.java:1263)
	at ptolemy.actor.Manager$PtolemyRunThread.run(Manager.java:1933)
java.lang.RuntimeException: Execution failed
	at ptolemy.moml.MoMLSimpleApplication$UnloadThread.run(MoMLSimpleApplication.java:402)
Caused by: ptolemy.kernel.util.IllegalActionException: Found a zero delay loop containing .dependencyLoop2.original
  in .dependencyLoop2 and .dependencyLoop2.original
	at ptolemy.actor.util.CausalityInterfaceForComposites._computeOutputPortDepth(CausalityInterfaceForComposites.java:759)
	at ptolemy.actor.util.CausalityInterfaceForComposites._computeInputDepth(CausalityInterfaceForComposites.java:696)
	at ptolemy.actor.util.CausalityInterfaceForComposites._computeOutputPortDepth(CausalityInterfaceForComposites.java:765)
	at ptolemy.actor.util.CausalityInterfaceForComposites._computeInputDepth(CausalityInterfaceForComposites.java:696)
	at ptolemy.actor.util.CausalityInterfaceForComposites._computeOutputPortDepth(CausalityInterfaceForComposites.java:765)
	at ptolemy.actor.util.CausalityInterfaceForComposites._computeInputDepth(CausalityInterfaceForComposites.java:696)
	at ptolemy.actor.util.CausalityInterfaceForComposites._computeActorDepth(CausalityInterfaceForComposites.java:532)
	at ptolemy.actor.util.CausalityInterfaceForComposites.checkForCycles(CausalityInterfaceForComposites.java:96)
	at ptolemy.domains.de.kernel.DEDirector.preinitialize(DEDirector.java:1338)
	at ptolemy.actor.CompositeActor.preinitialize(CompositeActor.java:1828)
	at ptolemy.actor.Manager.preinitializeAndResolveTypes(Manager.java:1040)
	at ptolemy.actor.Manager.initialize(Manager.java:710)
	at ptolemy.actor.Manager.execute(Manager.java:356)
	at ptolemy.actor.Manager.run(Manager.java:1263)
	at ptolemy.actor.Manager$PtolemyRunThread.run(Manager.java:1933)
java.lang.RuntimeException: Execution failed
	at ptolemy.moml.MoMLSimpleApplication$UnloadThread.run(MoMLSimpleApplication.java:402)
Caused by: ptolemy.kernel.util.IllegalActionException: Test fails in iteration 1.
Value was: 1.0. Should have been: 2.0
  in .DirectFeedback.Test
	at ptolemy.actor.lib.Test.fire(Test.java:268)
	at ptolemy.domains.de.kernel.DEDirector._fire(DEDirector.java:1949)
	at ptolemy.domains.de.kernel.DEDirector.fire(DEDirector.java:502)
	at ptolemy.actor.CompositeActor.fire(CompositeActor.java:455)
	at ptolemy.actor.Manager.iterate(Manager.java:851)
	at ptolemy.actor.Manager.execute(Manager.java:369)
	at ptolemy.actor.Manager.run(Manager.java:1263)
	at ptolemy.actor.Manager$PtolemyRunThread.run(Manager.java:1933)
java.lang.RuntimeException: Execution failed
	at ptolemy.moml.MoMLSimpleApplication$UnloadThread.run(MoMLSimpleApplication.java:402)
Caused by: ptolemy.kernel.util.IllegalActionException: Found a zero delay loop containing .dependencyLoop.original
  in .dependencyLoop and .dependencyLoop.original
	at ptolemy.actor.util.CausalityInterfaceForComposites._computeOutputPortDepth(CausalityInterfaceForComposites.java:759)
	at ptolemy.actor.util.CausalityInterfaceForComposites._computeInputDepth(CausalityInterfaceForComposites.java:696)
	at ptolemy.actor.util.CausalityInterfaceForComposites._computeOutputPortDepth(CausalityInterfaceForComposites.java:765)
	at ptolemy.actor.util.CausalityInterfaceForComposites._computeInputDepth(CausalityInterfaceForComposites.java:696)
	at ptolemy.actor.util.CausalityInterfaceForComposites._computeOutputPortDepth(CausalityInterfaceForComposites.java:765)
	at ptolemy.actor.util.CausalityInterfaceForComposites._computeInputDepth(CausalityInterfaceForComposites.java:696)
	at ptolemy.actor.util.CausalityInterfaceForComposites._computeActorDepth(CausalityInterfaceForComposites.java:532)
	at ptolemy.actor.util.CausalityInterfaceForComposites.checkForCycles(CausalityInterfaceForComposites.java:96)
	at ptolemy.domains.de.kernel.DEDirector.preinitialize(DEDirector.java:1338)
	at ptolemy.actor.CompositeActor.preinitialize(CompositeActor.java:1828)
	at ptolemy.actor.Manager.preinitializeAndResolveTypes(Manager.java:1040)
	at ptolemy.actor.Manager.initialize(Manager.java:710)
	at ptolemy.actor.Manager.execute(Manager.java:356)
	at ptolemy.actor.Manager.run(Manager.java:1263)
	at ptolemy.actor.Manager$PtolemyRunThread.run(Manager.java:1933)
java.lang.RuntimeException: Execution failed
	at ptolemy.moml.MoMLSimpleApplication$UnloadThread.run(MoMLSimpleApplication.java:402)
Caused by: ptolemy.kernel.util.IllegalActionException: Found a zero delay loop containing .HierarchicalModel.A
  in .HierarchicalModel and .HierarchicalModel.A
	at ptolemy.actor.util.CausalityInterfaceForComposites._computeOutputPortDepth(CausalityInterfaceForComposites.java:759)
	at ptolemy.actor.util.CausalityInterfaceForComposites._computeInputDepth(CausalityInterfaceForComposites.java:696)
	at ptolemy.actor.util.CausalityInterfaceForComposites._computeOutputPortDepth(CausalityInterfaceForComposites.java:765)
	at ptolemy.actor.util.CausalityInterfaceForComposites._computeInputDepth(CausalityInterfaceForComposites.java:696)
	at ptolemy.actor.util.CausalityInterfaceForComposites._computeOutputPortDepth(CausalityInterfaceForComposites.java:765)
	at ptolemy.actor.util.CausalityInterfaceForComposites._computeInputDepth(CausalityInterfaceForComposites.java:696)
	at ptolemy.actor.util.CausalityInterfaceForComposites._computeActorDepth(CausalityInterfaceForComposites.java:532)
	at ptolemy.actor.util.CausalityInterfaceForComposites.checkForCycles(CausalityInterfaceForComposites.java:96)
	at ptolemy.domains.de.kernel.DEDirector.preinitialize(DEDirector.java:1338)
	at ptolemy.actor.CompositeActor.preinitialize(CompositeActor.java:1828)
	at ptolemy.actor.Manager.preinitializeAndResolveTypes(Manager.java:1040)
	at ptolemy.actor.Manager.initialize(Manager.java:710)
	at ptolemy.actor.Manager.execute(Manager.java:356)
	at ptolemy.actor.Manager.run(Manager.java:1263)
	at ptolemy.actor.Manager$PtolemyRunThread.run(Manager.java:1933)
java.lang.RuntimeException: Execution failed
	at ptolemy.moml.MoMLSimpleApplication$UnloadThread.run(MoMLSimpleApplication.java:402)
Caused by: ptolemy.kernel.util.IllegalActionException: Found a zero delay loop containing .dependencyLoop2.original
  in .dependencyLoop2 and .dependencyLoop2.original
	at ptolemy.actor.util.CausalityInterfaceForComposites._computeOutputPortDepth(CausalityInterfaceForComposites.java:759)
	at ptolemy.actor.util.CausalityInterfaceForComposites._computeInputDepth(CausalityInterfaceForComposites.java:696)
	at ptolemy.actor.util.CausalityInterfaceForComposites._computeOutputPortDepth(CausalityInterfaceForComposites.java:765)
	at ptolemy.actor.util.CausalityInterfaceForComposites._computeInputDepth(CausalityInterfaceForComposites.java:696)
	at ptolemy.actor.util.CausalityInterfaceForComposites._computeOutputPortDepth(CausalityInterfaceForComposites.java:765)
	at ptolemy.actor.util.CausalityInterfaceForComposites._computeInputDepth(CausalityInterfaceForComposites.java:696)
	at ptolemy.actor.util.CausalityInterfaceForComposites._computeActorDepth(CausalityInterfaceForComposites.java:532)
	at ptolemy.actor.util.CausalityInterfaceForComposites.checkForCycles(CausalityInterfaceForComposites.java:96)
	at ptolemy.domains.de.kernel.DEDirector.preinitialize(DEDirector.java:1338)
	at ptolemy.actor.CompositeActor.preinitialize(CompositeActor.java:1828)
	at ptolemy.actor.Manager.preinitializeAndResolveTypes(Manager.java:1040)
	at ptolemy.actor.Manager.initialize(Manager.java:710)
	at ptolemy.actor.Manager.execute(Manager.java:356)
	at ptolemy.actor.Manager.run(Manager.java:1263)
	at ptolemy.actor.Manager$PtolemyRunThread.run(Manager.java:1933)
java.lang.RuntimeException: Execution failed
	at ptolemy.moml.MoMLSimpleApplication$UnloadThread.run(MoMLSimpleApplication.java:402)
Caused by: ptolemy.kernel.util.IllegalActionException: Actor is not ready to fire.  Perhaps UpSample.prefire() returned false? Try debugging the actor by selecting "Listen to Actor".  Also, for SDF check moml for tokenConsumptionRate on input.
  in .DESDFClockTest.Play Bell.Copy1:SDF Director and .DESDFClockTest.Play Bell.UpSample
	at ptolemy.actor.sched.StaticSchedulingDirector.fire(StaticSchedulingDirector.java:227)
	at ptolemy.domains.sdf.kernel.SDFDirector.fire(SDFDirector.java:500)
	at ptolemy.actor.CompositeActor.fire(CompositeActor.java:455)
	at ptolemy.domains.de.kernel.DEDirector._fire(DEDirector.java:1949)
	at ptolemy.domains.de.kernel.DEDirector.fire(DEDirector.java:502)
	at ptolemy.actor.CompositeActor.fire(CompositeActor.java:455)
	at ptolemy.actor.Manager.iterate(Manager.java:851)
	at ptolemy.actor.Manager.execute(Manager.java:369)
	at ptolemy.actor.Manager.run(Manager.java:1263)
	at ptolemy.actor.Manager$PtolemyRunThread.run(Manager.java:1933)
java.lang.RuntimeException: Execution failed
	at ptolemy.moml.MoMLSimpleApplication$UnloadThread.run(MoMLSimpleApplication.java:402)
Caused by: ptolemy.kernel.util.IllegalActionException: Actor is not ready to fire.  Perhaps UpSample.prefire() returned false? Try debugging the actor by selecting "Listen to Actor".  Also, for SDF check moml for tokenConsumptionRate on input.
  in .DESDFClockTest.Play Bell.Copy1:SDF Director and .DESDFClockTest.Play Bell.UpSample
	at ptolemy.actor.sched.StaticSchedulingDirector.fire(StaticSchedulingDirector.java:227)
	at ptolemy.domains.sdf.kernel.SDFDirector.fire(SDFDirector.java:500)
	at ptolemy.actor.CompositeActor.fire(CompositeActor.java:455)
	at ptolemy.domains.de.kernel.DEDirector._fire(DEDirector.java:1949)
	at ptolemy.domains.de.kernel.DEDirector.fire(DEDirector.java:502)
	at ptolemy.actor.CompositeActor.fire(CompositeActor.java:455)
	at ptolemy.actor.Manager.iterate(Manager.java:851)
	at ptolemy.actor.Manager.execute(Manager.java:369)
	at ptolemy.actor.Manager.run(Manager.java:1263)
	at ptolemy.actor.Manager$PtolemyRunThread.run(Manager.java:1933)
java.lang.reflect.InvocationTargetException
	at java.base/jdk.internal.reflect.NativeConstructorAccessorImpl.newInstance0(Native Method)
	at java.base/jdk.internal.reflect.NativeConstructorAccessorImpl.newInstance(NativeConstructorAccessorImpl.java:62)
	at java.base/jdk.internal.reflect.DelegatingConstructorAccessorImpl.newInstance(DelegatingConstructorAccessorImpl.java:45)
	at java.base/java.lang.reflect.Constructor.newInstance(Constructor.java:490)
	at ptolemy.util.test.junit.AutoKnownFailedTests.RunModel(AutoKnownFailedTests.java:105)
	at java.base/jdk.internal.reflect.NativeMethodAccessorImpl.invoke0(Native Method)
	at java.base/jdk.internal.reflect.NativeMethodAccessorImpl.invoke(NativeMethodAccessorImpl.java:62)
	at java.base/jdk.internal.reflect.DelegatingMethodAccessorImpl.invoke(DelegatingMethodAccessorImpl.java:43)
	at java.base/java.lang.reflect.Method.invoke(Method.java:566)
	at org.junit.runners.model.FrameworkMethod$1.runReflectiveCall(FrameworkMethod.java:44)
	at org.junit.internal.runners.model.ReflectiveCallable.run(ReflectiveCallable.java:15)
	at org.junit.runners.model.FrameworkMethod.invokeExplosively(FrameworkMethod.java:41)
	at junitparams.internal.InvokeParameterisedMethod.evaluate(InvokeParameterisedMethod.java:102)
	at org.junit.internal.runners.statements.FailOnTimeout$1.run(FailOnTimeout.java:28)
Caused by: ptolemy.kernel.util.IllegalActionException: Actor is not ready to fire.  Perhaps UpSample.prefire() returned false? Try debugging the actor by selecting "Listen to Actor".  Also, for SDF check moml for tokenConsumptionRate on input.
  in .DESDFClockTest.Play Bell.Copy1:SDF Director and .DESDFClockTest.Play Bell.UpSample
	at ptolemy.actor.sched.StaticSchedulingDirector.fire(StaticSchedulingDirector.java:227)
	at ptolemy.domains.sdf.kernel.SDFDirector.fire(SDFDirector.java:500)
	at ptolemy.actor.CompositeActor.fire(CompositeActor.java:455)
	at ptolemy.domains.de.kernel.DEDirector._fire(DEDirector.java:1949)
	at ptolemy.domains.de.kernel.DEDirector.fire(DEDirector.java:502)
	at ptolemy.actor.CompositeActor.fire(CompositeActor.java:455)
	at ptolemy.actor.Manager.iterate(Manager.java:851)
	at ptolemy.actor.Manager.execute(Manager.java:369)
	at ptolemy.actor.Manager.run(Manager.java:1263)
	at ptolemy.actor.Manager$PtolemyRunThread.run(Manager.java:1933)
java.lang.RuntimeException: Execution failed
	at ptolemy.moml.MoMLSimpleApplication$UnloadThread.run(MoMLSimpleApplication.java:402)
Caused by: ptolemy.kernel.util.IllegalActionException: Test fails in iteration 1.
Value was: 1.0. Should have been: 2.0
  in .DirectFeedback.Test
	at ptolemy.actor.lib.Test.fire(Test.java:268)
	at ptolemy.domains.de.kernel.DEDirector._fire(DEDirector.java:1949)
	at ptolemy.domains.de.kernel.DEDirector.fire(DEDirector.java:502)
	at ptolemy.actor.CompositeActor.fire(CompositeActor.java:455)
	at ptolemy.actor.Manager.iterate(Manager.java:851)
	at ptolemy.actor.Manager.execute(Manager.java:369)
	at ptolemy.actor.Manager.run(Manager.java:1263)
	at ptolemy.actor.Manager$PtolemyRunThread.run(Manager.java:1933)
java.lang.reflect.InvocationTargetException
	at java.base/jdk.internal.reflect.NativeConstructorAccessorImpl.newInstance0(Native Method)
	at java.base/jdk.internal.reflect.NativeConstructorAccessorImpl.newInstance(NativeConstructorAccessorImpl.java:62)
	at java.base/jdk.internal.reflect.DelegatingConstructorAccessorImpl.newInstance(DelegatingConstructorAccessorImpl.java:45)
	at java.base/java.lang.reflect.Constructor.newInstance(Constructor.java:490)
	at ptolemy.util.test.junit.AutoKnownFailedTests.RunModel(AutoKnownFailedTests.java:105)
	at java.base/jdk.internal.reflect.NativeMethodAccessorImpl.invoke0(Native Method)
	at java.base/jdk.internal.reflect.NativeMethodAccessorImpl.invoke(NativeMethodAccessorImpl.java:62)
	at java.base/jdk.internal.reflect.DelegatingMethodAccessorImpl.invoke(DelegatingMethodAccessorImpl.java:43)
	at java.base/java.lang.reflect.Method.invoke(Method.java:566)
	at org.junit.runners.model.FrameworkMethod$1.runReflectiveCall(FrameworkMethod.java:44)
	at org.junit.internal.runners.model.ReflectiveCallable.run(ReflectiveCallable.java:15)
	at org.junit.runners.model.FrameworkMethod.invokeExplosively(FrameworkMethod.java:41)
	at junitparams.internal.InvokeParameterisedMethod.evaluate(InvokeParameterisedMethod.java:102)
	at org.junit.internal.runners.statements.FailOnTimeout$1.run(FailOnTimeout.java:28)
Caused by: ptolemy.kernel.util.IllegalActionException: Test fails in iteration 1.
Value was: 1.0. Should have been: 2.0
  in .DirectFeedback.Test
	at ptolemy.actor.lib.Test.fire(Test.java:268)
	at ptolemy.domains.de.kernel.DEDirector._fire(DEDirector.java:1949)
	at ptolemy.domains.de.kernel.DEDirector.fire(DEDirector.java:502)
	at ptolemy.actor.CompositeActor.fire(CompositeActor.java:455)
	at ptolemy.actor.Manager.iterate(Manager.java:851)
	at ptolemy.actor.Manager.execute(Manager.java:369)
	at ptolemy.actor.Manager.run(Manager.java:1263)
	at ptolemy.actor.Manager$PtolemyRunThread.run(Manager.java:1933)
java.lang.RuntimeException: Execution failed
	at ptolemy.moml.MoMLSimpleApplication$UnloadThread.run(MoMLSimpleApplication.java:402)
Caused by: ptolemy.kernel.util.IllegalActionException: Found a zero delay loop containing .HierarchicalModel.A
  in .HierarchicalModel and .HierarchicalModel.A
	at ptolemy.actor.util.CausalityInterfaceForComposites._computeOutputPortDepth(CausalityInterfaceForComposites.java:759)
	at ptolemy.actor.util.CausalityInterfaceForComposites._computeInputDepth(CausalityInterfaceForComposites.java:696)
	at ptolemy.actor.util.CausalityInterfaceForComposites._computeOutputPortDepth(CausalityInterfaceForComposites.java:765)
	at ptolemy.actor.util.CausalityInterfaceForComposites._computeInputDepth(CausalityInterfaceForComposites.java:696)
	at ptolemy.actor.util.CausalityInterfaceForComposites._computeOutputPortDepth(CausalityInterfaceForComposites.java:765)
	at ptolemy.actor.util.CausalityInterfaceForComposites._computeInputDepth(CausalityInterfaceForComposites.java:696)
	at ptolemy.actor.util.CausalityInterfaceForComposites._computeActorDepth(CausalityInterfaceForComposites.java:532)
	at ptolemy.actor.util.CausalityInterfaceForComposites.checkForCycles(CausalityInterfaceForComposites.java:96)
	at ptolemy.domains.de.kernel.DEDirector.preinitialize(DEDirector.java:1338)
	at ptolemy.actor.CompositeActor.preinitialize(CompositeActor.java:1828)
	at ptolemy.actor.Manager.preinitializeAndResolveTypes(Manager.java:1040)
	at ptolemy.actor.Manager.initialize(Manager.java:710)
	at ptolemy.actor.Manager.execute(Manager.java:356)
	at ptolemy.actor.Manager.run(Manager.java:1263)
	at ptolemy.actor.Manager$PtolemyRunThread.run(Manager.java:1933)
java.lang.reflect.InvocationTargetException
	at java.base/jdk.internal.reflect.NativeConstructorAccessorImpl.newInstance0(Native Method)
	at java.base/jdk.internal.reflect.NativeConstructorAccessorImpl.newInstance(NativeConstructorAccessorImpl.java:62)
	at java.base/jdk.internal.reflect.DelegatingConstructorAccessorImpl.newInstance(DelegatingConstructorAccessorImpl.java:45)
	at java.base/java.lang.reflect.Constructor.newInstance(Constructor.java:490)
	at ptolemy.util.test.junit.AutoKnownFailedTests.RunModel(AutoKnownFailedTests.java:105)
	at java.base/jdk.internal.reflect.NativeMethodAccessorImpl.invoke0(Native Method)
	at java.base/jdk.internal.reflect.NativeMethodAccessorImpl.invoke(NativeMethodAccessorImpl.java:62)
	at java.base/jdk.internal.reflect.DelegatingMethodAccessorImpl.invoke(DelegatingMethodAccessorImpl.java:43)
	at java.base/java.lang.reflect.Method.invoke(Method.java:566)
	at org.junit.runners.model.FrameworkMethod$1.runReflectiveCall(FrameworkMethod.java:44)
	at org.junit.internal.runners.model.ReflectiveCallable.run(ReflectiveCallable.java:15)
	at org.junit.runners.model.FrameworkMethod.invokeExplosively(FrameworkMethod.java:41)
	at junitparams.internal.InvokeParameterisedMethod.evaluate(InvokeParameterisedMethod.java:102)
	at org.junit.internal.runners.statements.FailOnTimeout$1.run(FailOnTimeout.java:28)
Caused by: ptolemy.kernel.util.IllegalActionException: Found a zero delay loop containing .HierarchicalModel.A
  in .HierarchicalModel and .HierarchicalModel.A
	at ptolemy.actor.util.CausalityInterfaceForComposites._computeOutputPortDepth(CausalityInterfaceForComposites.java:759)
	at ptolemy.actor.util.CausalityInterfaceForComposites._computeInputDepth(CausalityInterfaceForComposites.java:696)
	at ptolemy.actor.util.CausalityInterfaceForComposites._computeOutputPortDepth(CausalityInterfaceForComposites.java:765)
	at ptolemy.actor.util.CausalityInterfaceForComposites._computeInputDepth(CausalityInterfaceForComposites.java:696)
	at ptolemy.actor.util.CausalityInterfaceForComposites._computeOutputPortDepth(CausalityInterfaceForComposites.java:765)
	at ptolemy.actor.util.CausalityInterfaceForComposites._computeInputDepth(CausalityInterfaceForComposites.java:696)
	at ptolemy.actor.util.CausalityInterfaceForComposites._computeActorDepth(CausalityInterfaceForComposites.java:532)
	at ptolemy.actor.util.CausalityInterfaceForComposites.checkForCycles(CausalityInterfaceForComposites.java:96)
	at ptolemy.domains.de.kernel.DEDirector.preinitialize(DEDirector.java:1338)
	at ptolemy.actor.CompositeActor.preinitialize(CompositeActor.java:1828)
	at ptolemy.actor.Manager.preinitializeAndResolveTypes(Manager.java:1040)
	at ptolemy.actor.Manager.initialize(Manager.java:710)
	at ptolemy.actor.Manager.execute(Manager.java:356)
	at ptolemy.actor.Manager.run(Manager.java:1263)
	at ptolemy.actor.Manager$PtolemyRunThread.run(Manager.java:1933)
java.lang.RuntimeException: Execution failed
	at ptolemy.moml.MoMLSimpleApplication$UnloadThread.run(MoMLSimpleApplication.java:402)
Caused by: ptolemy.kernel.util.IllegalActionException: Found a zero delay loop containing .dependencyLoop.original
  in .dependencyLoop and .dependencyLoop.original
	at ptolemy.actor.util.CausalityInterfaceForComposites._computeOutputPortDepth(CausalityInterfaceForComposites.java:759)
	at ptolemy.actor.util.CausalityInterfaceForComposites._computeInputDepth(CausalityInterfaceForComposites.java:696)
	at ptolemy.actor.util.CausalityInterfaceForComposites._computeOutputPortDepth(CausalityInterfaceForComposites.java:765)
	at ptolemy.actor.util.CausalityInterfaceForComposites._computeInputDepth(CausalityInterfaceForComposites.java:696)
	at ptolemy.actor.util.CausalityInterfaceForComposites._computeOutputPortDepth(CausalityInterfaceForComposites.java:765)
	at ptolemy.actor.util.CausalityInterfaceForComposites._computeInputDepth(CausalityInterfaceForComposites.java:696)
	at ptolemy.actor.util.CausalityInterfaceForComposites._computeActorDepth(CausalityInterfaceForComposites.java:532)
	at ptolemy.actor.util.CausalityInterfaceForComposites.checkForCycles(CausalityInterfaceForComposites.java:96)
	at ptolemy.domains.de.kernel.DEDirector.preinitialize(DEDirector.java:1338)
	at ptolemy.actor.CompositeActor.preinitialize(CompositeActor.java:1828)
	at ptolemy.actor.Manager.preinitializeAndResolveTypes(Manager.java:1040)
	at ptolemy.actor.Manager.initialize(Manager.java:710)
	at ptolemy.actor.Manager.execute(Manager.java:356)
	at ptolemy.actor.Manager.run(Manager.java:1263)
	at ptolemy.actor.Manager$PtolemyRunThread.run(Manager.java:1933)
java.lang.reflect.InvocationTargetException
	at java.base/jdk.internal.reflect.NativeConstructorAccessorImpl.newInstance0(Native Method)
	at java.base/jdk.internal.reflect.NativeConstructorAccessorImpl.newInstance(NativeConstructorAccessorImpl.java:62)
	at java.base/jdk.internal.reflect.DelegatingConstructorAccessorImpl.newInstance(DelegatingConstructorAccessorImpl.java:45)
	at java.base/java.lang.reflect.Constructor.newInstance(Constructor.java:490)
	at ptolemy.util.test.junit.AutoKnownFailedTests.RunModel(AutoKnownFailedTests.java:105)
	at java.base/jdk.internal.reflect.NativeMethodAccessorImpl.invoke0(Native Method)
	at java.base/jdk.internal.reflect.NativeMethodAccessorImpl.invoke(NativeMethodAccessorImpl.java:62)
	at java.base/jdk.internal.reflect.DelegatingMethodAccessorImpl.invoke(DelegatingMethodAccessorImpl.java:43)
	at java.base/java.lang.reflect.Method.invoke(Method.java:566)
	at org.junit.runners.model.FrameworkMethod$1.runReflectiveCall(FrameworkMethod.java:44)
	at org.junit.internal.runners.model.ReflectiveCallable.run(ReflectiveCallable.java:15)
	at org.junit.runners.model.FrameworkMethod.invokeExplosively(FrameworkMethod.java:41)
	at junitparams.internal.InvokeParameterisedMethod.evaluate(InvokeParameterisedMethod.java:102)
	at org.junit.internal.runners.statements.FailOnTimeout$1.run(FailOnTimeout.java:28)
Caused by: ptolemy.kernel.util.IllegalActionException: Found a zero delay loop containing .dependencyLoop.original
  in .dependencyLoop and .dependencyLoop.original
	at ptolemy.actor.util.CausalityInterfaceForComposites._computeOutputPortDepth(CausalityInterfaceForComposites.java:759)
	at ptolemy.actor.util.CausalityInterfaceForComposites._computeInputDepth(CausalityInterfaceForComposites.java:696)
	at ptolemy.actor.util.CausalityInterfaceForComposites._computeOutputPortDepth(CausalityInterfaceForComposites.java:765)
	at ptolemy.actor.util.CausalityInterfaceForComposites._computeInputDepth(CausalityInterfaceForComposites.java:696)
	at ptolemy.actor.util.CausalityInterfaceForComposites._computeOutputPortDepth(CausalityInterfaceForComposites.java:765)
	at ptolemy.actor.util.CausalityInterfaceForComposites._computeInputDepth(CausalityInterfaceForComposites.java:696)
	at ptolemy.actor.util.CausalityInterfaceForComposites._computeActorDepth(CausalityInterfaceForComposites.java:532)
	at ptolemy.actor.util.CausalityInterfaceForComposites.checkForCycles(CausalityInterfaceForComposites.java:96)
	at ptolemy.domains.de.kernel.DEDirector.preinitialize(DEDirector.java:1338)
	at ptolemy.actor.CompositeActor.preinitialize(CompositeActor.java:1828)
	at ptolemy.actor.Manager.preinitializeAndResolveTypes(Manager.java:1040)
	at ptolemy.actor.Manager.initialize(Manager.java:710)
	at ptolemy.actor.Manager.execute(Manager.java:356)
	at ptolemy.actor.Manager.run(Manager.java:1263)
	at ptolemy.actor.Manager$PtolemyRunThread.run(Manager.java:1933)
java.lang.RuntimeException: Execution failed
	at ptolemy.moml.MoMLSimpleApplication$UnloadThread.run(MoMLSimpleApplication.java:402)
Caused by: ptolemy.kernel.util.IllegalActionException: Found a zero delay loop containing .dependencyLoop2.original
  in .dependencyLoop2 and .dependencyLoop2.original
	at ptolemy.actor.util.CausalityInterfaceForComposites._computeOutputPortDepth(CausalityInterfaceForComposites.java:759)
	at ptolemy.actor.util.CausalityInterfaceForComposites._computeInputDepth(CausalityInterfaceForComposites.java:696)
	at ptolemy.actor.util.CausalityInterfaceForComposites._computeOutputPortDepth(CausalityInterfaceForComposites.java:765)
	at ptolemy.actor.util.CausalityInterfaceForComposites._computeInputDepth(CausalityInterfaceForComposites.java:696)
	at ptolemy.actor.util.CausalityInterfaceForComposites._computeOutputPortDepth(CausalityInterfaceForComposites.java:765)
	at ptolemy.actor.util.CausalityInterfaceForComposites._computeInputDepth(CausalityInterfaceForComposites.java:696)
	at ptolemy.actor.util.CausalityInterfaceForComposites._computeActorDepth(CausalityInterfaceForComposites.java:532)
	at ptolemy.actor.util.CausalityInterfaceForComposites.checkForCycles(CausalityInterfaceForComposites.java:96)
	at ptolemy.domains.de.kernel.DEDirector.preinitialize(DEDirector.java:1338)
	at ptolemy.actor.CompositeActor.preinitialize(CompositeActor.java:1828)
	at ptolemy.actor.Manager.preinitializeAndResolveTypes(Manager.java:1040)
	at ptolemy.actor.Manager.initialize(Manager.java:710)
	at ptolemy.actor.Manager.execute(Manager.java:356)
	at ptolemy.actor.Manager.run(Manager.java:1263)
	at ptolemy.actor.Manager$PtolemyRunThread.run(Manager.java:1933)
java.lang.reflect.InvocationTargetException
	at java.base/jdk.internal.reflect.NativeConstructorAccessorImpl.newInstance0(Native Method)
	at java.base/jdk.internal.reflect.NativeConstructorAccessorImpl.newInstance(NativeConstructorAccessorImpl.java:62)
	at java.base/jdk.internal.reflect.DelegatingConstructorAccessorImpl.newInstance(DelegatingConstructorAccessorImpl.java:45)
	at java.base/java.lang.reflect.Constructor.newInstance(Constructor.java:490)
	at ptolemy.util.test.junit.AutoKnownFailedTests.RunModel(AutoKnownFailedTests.java:105)
	at java.base/jdk.internal.reflect.NativeMethodAccessorImpl.invoke0(Native Method)
	at java.base/jdk.internal.reflect.NativeMethodAccessorImpl.invoke(NativeMethodAccessorImpl.java:62)
	at java.base/jdk.internal.reflect.DelegatingMethodAccessorImpl.invoke(DelegatingMethodAccessorImpl.java:43)
	at java.base/java.lang.reflect.Method.invoke(Method.java:566)
	at org.junit.runners.model.FrameworkMethod$1.runReflectiveCall(FrameworkMethod.java:44)
	at org.junit.internal.runners.model.ReflectiveCallable.run(ReflectiveCallable.java:15)
	at org.junit.runners.model.FrameworkMethod.invokeExplosively(FrameworkMethod.java:41)
	at junitparams.internal.InvokeParameterisedMethod.evaluate(InvokeParameterisedMethod.java:102)
	at org.junit.internal.runners.statements.FailOnTimeout$1.run(FailOnTimeout.java:28)
Caused by: ptolemy.kernel.util.IllegalActionException: Found a zero delay loop containing .dependencyLoop2.original
  in .dependencyLoop2 and .dependencyLoop2.original
	at ptolemy.actor.util.CausalityInterfaceForComposites._computeOutputPortDepth(CausalityInterfaceForComposites.java:759)
	at ptolemy.actor.util.CausalityInterfaceForComposites._computeInputDepth(CausalityInterfaceForComposites.java:696)
	at ptolemy.actor.util.CausalityInterfaceForComposites._computeOutputPortDepth(CausalityInterfaceForComposites.java:765)
	at ptolemy.actor.util.CausalityInterfaceForComposites._computeInputDepth(CausalityInterfaceForComposites.java:696)
	at ptolemy.actor.util.CausalityInterfaceForComposites._computeOutputPortDepth(CausalityInterfaceForComposites.java:765)
	at ptolemy.actor.util.CausalityInterfaceForComposites._computeInputDepth(CausalityInterfaceForComposites.java:696)
	at ptolemy.actor.util.CausalityInterfaceForComposites._computeActorDepth(CausalityInterfaceForComposites.java:532)
	at ptolemy.actor.util.CausalityInterfaceForComposites.checkForCycles(CausalityInterfaceForComposites.java:96)
	at ptolemy.domains.de.kernel.DEDirector.preinitialize(DEDirector.java:1338)
	at ptolemy.actor.CompositeActor.preinitialize(CompositeActor.java:1828)
	at ptolemy.actor.Manager.preinitializeAndResolveTypes(Manager.java:1040)
	at ptolemy.actor.Manager.initialize(Manager.java:710)
	at ptolemy.actor.Manager.execute(Manager.java:356)
	at ptolemy.actor.Manager.run(Manager.java:1263)
	at ptolemy.actor.Manager$PtolemyRunThread.run(Manager.java:1933)
]]></system-err>
</testsuite>
