<?xml version="1.0" encoding="UTF-8" ?>
<testsuite errors="0" failures="1" hostname="travis-job-a9d68c1c-9c07-4f57-81f5-07da0d98b220" name="ptolemy.actor.lib.test.junit.JUnitTclTest" skipped="0" tests="517" time="63.624" timestamp="2019-09-03T18:07:28">
  <properties>
    <property name="npm.executable" value="npm" />
    <property name="env.TRAVIS_ROOT" value="/" />
    <property name="ptII.mk.exists" value="true" />
    <property name="env.TRAVIS_APP_HOST" value="build.travis-ci.org" />
    <property name="env.rvm_bin_path" value="/home/travis/.rvm/bin" />
    <property name="java.home" value="/usr/local/lib/jvm/openjdk11" />
    <property name="env.TRAVIS_JOB_NUMBER" value="1317.8" />
    <property name="env.TRAVIS_HOME" value="/home/travis" />
    <property name="env.DISPLAY" value=":99.0" />
    <property name="env.TRAVIS_INIT" value="systemd" />
    <property name="env.SSH_TTY" value="/dev/pts/0" />
    <property name="java.net.preferIPv4Stack" value="true" />
    <property name="env.RUN_TESTS" value="true" />
    <property name="timeout.short" value="1000000" />
    <property name="junit.formatter" value="xml" />
    <property name="env.TRAVIS_SUDO" value="true" />
    <property name="env.TRAVIS_JOB_NAME" value="" />
    <property name="env.TRAVIS_STACK_NODE_ATTRIBUTES" value="/.node-attributes.yml" />
    <property name="env.LOGNAME" value="travis" />
    <property name="env.PT_TRAVIS_TEST_CORE1_XML" value="true" />
    <property name="jsdoc.home" value="node_modules/@terraswarm/jsdoc" />
    <property name="debuglevel" value="source,lines,vars" />
    <property name="checkstyle.formatter" value="xml" />
    <property name="env._system_version" value="16.04" />
    <property name="bin.vergil.makeable" value="true" />
    <property name="sun.os.patch.level" value="unknown" />
    <property name="java.vendor.url" value="http://java.oracle.com/" />
    <property name="env.TRAVIS_BUILD_WEB_URL" value="https://travis-ci.org/icyphy/ptII/builds/580347002" />
    <property name="java.version" value="11.0.2" />
    <property name="env.TZ" value="UTC" />
    <property name="env.TRAVIS_PULL_REQUEST_SHA" value="" />
    <property name="env.PT_NO_NET" value="true" />
    <property name="env.TRAVIS_SECURE_ENV_VARS" value="true" />
    <property name="env._system_type" value="Linux" />
    <property name="java.vendor.url.bug" value="http://bugreport.java.com/bugreport/" />
    <property name="npmjs-org-is-up" value="true" />
    <property name="env.LANGUAGE" value="en_US.UTF-8" />
    <property name="env.SSH_CLIENT" value="10.24.4.16 49576 22" />
    <property name="env.GEM_HOME" value="/home/travis/.rvm/gems/ruby-2.5.3" />
    <property name="env.HAS_ANTARES_THREE_LITTLE_FRONZIES_BADGE" value="true" />
    <property name="java.version.date" value="2019-01-15" />
    <property name="env.PS4" value="+" />
    <property name="ant.project.invoked-targets" value="build,test.core1.xml" />
    <property name="env.TRAVIS_PULL_REQUEST_BRANCH" value="" />
    <property name="env.TRAVIS_REPO_SLUG" value="icyphy/ptII" />
    <property name="env.XDG_DATA_DIRS" value="/usr/local/share:/usr/share:/var/lib/snapd/desktop" />
    <property name="jdk.debug" value="release" />
    <property name="env.TRAVIS_APT_PROXY" value="http://apt.cache.travis-ci.com" />
    <property name="node.in.path" value="true" />
    <property name="user.name" value="travis" />
    <property name="java.maxmemory" value="1400m" />
    <property name="env.RUBY_VERSION" value="ruby-2.5.3" />
    <property name="env.LANG" value="en_US.UTF-8" />
    <property name="sun.io.unicode.encoding" value="UnicodeLittle" />
    <property name="sun.jnu.encoding" value="UTF-8" />
    <property name="java.runtime.name" value="OpenJDK Runtime Environment" />
    <property name="usefile" value="false" />
    <property name="return.code" value="0" />
    <property name="junit.single.formatter" value="plain" />
    <property name="env.DYLD_LIBRARY_PATH" value="/home/travis/pthla/certi-tools/lib:" />
    <property name="env.DEBIAN_FRONTEND" value="noninteractive" />
    <property name="env.SSH_CONNECTION" value="10.24.4.16 49576 10.20.0.251 22" />
    <property name="env.MYSQL_UNIX_PORT" value="/var/run/mysqld/mysqld.sock" />
    <property name="env.LC_ALL" value="en_US.UTF-8" />
    <property name="env.TRAVIS_ALLOW_FAILURE" value="false" />
    <property name="env.TRAVIS_JOB_WEB_URL" value="https://travis-ci.org/icyphy/ptII/jobs/580347010" />
    <property name="java.specification.name" value="Java Platform API Specification" />
    <property name="node.works" value="true" />
    <property name="user.timezone" value="" />
    <property name="path.separator" value=":" />
    <property name="env.TRAVIS_ENABLE_INFRA_DETECTION" value="true" />
    <property name="env.PYTHON_CFLAGS" value="-g -fstack-protector --param=ssp-buffer-size=4 -Wformat -Werror=format-security" />
    <property name="timeout.long" value="4000000" />
    <property name="env.CERTI_HOME" value="/home/travis/pthla/certi-tools" />
    <property name="ant.file.ptII" value="/home/travis/build/icyphy/ptII/build.xml" />
    <property name="javadoc.packagenames" value="com.*,diva.*,lbnl.*,org.hlacerti.*,org.json.*,org.ptolemy.*,org.terraswarm.*,ptolemy.*,ptserver.*" />
    <property name="file.encoding" value="UTF-8" />
    <property name="env.TRAVIS_PULL_REQUEST_SLUG" value="" />
    <property name="ant.project.default-target" value="build" />
    <property name="env.GIT_ASKPASS" value="echo" />
    <property name="env.HOME" value="/home/travis" />
    <property name="sun.java.command" value="org.apache.tools.ant.taskdefs.optional.junit.JUnitTestRunner ptolemy.actor.lib.test.junit.JUnitTclTest skipNonTests=false filtertrace=true haltOnError=false haltOnFailure=false formatter=org.apache.tools.ant.taskdefs.optional.junit.OutErrSummaryJUnitResultFormatter showoutput=true outputtoformatters=true logfailedtests=true threadid=0 logtestlistenerevents=false formatter=org.apache.tools.ant.taskdefs.optional.junit.XMLJUnitResultFormatter,/home/travis/build/icyphy/ptII/reports/junit/TEST-ptolemy.actor.lib.test.junit.JUnitTclTest.xml crashfile=/home/travis/build/icyphy/ptII/junitvmwatcher4906706724714381740.properties propsfile=/home/travis/build/icyphy/ptII/junit4185093369858078366.properties" />
    <property name="env.COMPOSER_NO_INTERACTION" value="1" />
    <property name="env.MANPATH" value="/home/travis/.nvm/versions/node/v7.10.1/share/man:/home/travis/.rvm/rubies/ruby-2.5.3/share/man:/usr/local/cmake-3.12.4/man:/usr/local/clang-7.0.0/share/man:/usr/local/man:/usr/local/share/man:/usr/share/man:/home/travis/.rvm/man" />
    <property name="env.TRAVIS_TIMER_ID" value="1f93e2f2" />
    <property name="ant.file" value="/home/travis/build/icyphy/ptII/build.xml" />
    <property name="env.TRAVIS_COMMIT_RANGE" value="f9c12c6b2ccb...bc7bfed3151a" />
    <property name="env._system_name" value="Ubuntu" />
    <property name="ptII.classpath.optional.property" value="/home/travis/build/icyphy/ptII/lib/bsh-2.0b4.jar:/home/travis/build/icyphy/ptII/lib/ptCal.jar:/home/travis/build/icyphy/ptII/lib/java_cup.jar:/home/travis/build/icyphy/ptII/lib/saxon8.jar:/home/travis/build/icyphy/ptII/lib/saxon8-dom.jar:/home/travis/build/icyphy/ptII/lib/chic.jar:/home/travis/build/icyphy/ptII/lib/ptcolt.jar:/home/travis/build/icyphy/ptII/vendors/misc/itext/iText.jar:/home/travis/build/icyphy/ptII/lib/g4ltl.jar:/home/travis/build/icyphy/ptII/lib/StructuralCoder.jar:/home/travis/build/icyphy/ptII/lib/jcerti.jar:/home/travis/build/icyphy/ptII/lib/javax.mail.jar:/home/travis/build/icyphy/ptII/vendors/JMF-2.1.1e/lib/jmf.jar:/home/travis/build/icyphy/ptII/lib/jna-4.0.0-variadic.jar:/home/travis/build/icyphy/ptII/vendors/misc/joystick/Joystick.jar:/home/travis/build/icyphy/ptII/lib/ptjacl.jar:/home/travis/build/icyphy/ptII/lib/jsoup-1.8.2.jar:/home/travis/build/icyphy/ptII/lib/junit-4.8.2.jar:/home/travis/build/icyphy/ptII/lib/JUnitParams-0.4.0.jar:/home/travis/build/icyphy/ptII/ptolemy/actor/lib/excel/jxl.jar:/home/travis/build/icyphy/ptII/lib/jython.jar:/home/travis/build/icyphy/ptII/lib/kieler.jar:/home/travis/build/icyphy/ptII/vendors/opencv/share/OpenCV/java/opencv-341.jar:/home/travis/build/icyphy/ptII/lib/oscP5.jar:/home/travis/build/icyphy/ptII/lib/nrjavaserial-3.11.0.devel.jar:/home/travis/build/icyphy/ptII/vendors/j3d/lib/Linux/j3dcore.jar:/home/travis/build/icyphy/ptII/vendors/j3d/lib/Linux/j3dutils.jar:/home/travis/build/icyphy/ptII/vendors/j3d/lib/Linux/vecmath.jar:/home/travis/build/icyphy/ptII/vendors/jogl/lib/Linux/gluegen-rt-natives-linux-amd64.jar:/home/travis/build/icyphy/ptII/vendors/jogl/lib/Linux/gluegen-rt.jar:/home/travis/build/icyphy/ptII/vendors/jogl/lib/Linux/jogl-all-natives-linux-amd64.jar:/home/travis/build/icyphy/ptII/vendors/jogl/lib/Linux/jogl-all.jar:/home/travis/build/icyphy/ptII/ptolemy/distributed/jini/jar/jini-core.jar:/home/travis/build/icyphy/ptII/ptolemy/distributed/jini/jar/jini-ext.jar:/home/travis/build/icyphy/ptII/ptolemy/distributed/jini/jar/sun-util.jar:/home/travis/build/icyphy/ptII/lib/protobuf-java-2.4.1.jar:/home/travis/build/icyphy/ptII/lib/org.eclipse.paho.client.mqttv3.jar:/home/travis/build/icyphy/ptII/lib/mapss.jar:/home/travis/build/icyphy/ptII/ptolemy/actor/ptalon/antlr/antlr.jar:/home/travis/build/icyphy/ptII/lib/JRI.jar:/home/travis/build/icyphy/ptII/lib/commons-lang-2.6.jar:/home/travis/build/icyphy/ptII/lib/commons-logging-1.1.1.jar:/home/travis/build/icyphy/ptII/lib/sootclasses.jar:/home/travis/build/icyphy/ptII/ptolemy/actor/lib/database/mysql-connector-java-5.1.6-bin.jar:/home/travis/build/icyphy/ptII/vendors/misc/sphinx4/sphinx4-data-5prealpha.jar:/home/travis/build/icyphy/ptII/vendors/misc/sphinx4/sphinx4-core-5prealpha.jar:/home/travis/build/icyphy/ptII/lib/PDFRenderer.jar:/home/travis/build/icyphy/ptII/lib/svgSalamander.jar:/home/travis/build/icyphy/ptII/lib/rsyntaxtextarea-2.6.0-SNAPSHOT.jar:/home/travis/build/icyphy/ptII/lib/hazelcast-3.8.2.jar:/home/travis/build/icyphy/ptII/lib/jackson-annotations-2.9.0.jar:/home/travis/build/icyphy/ptII/lib/jackson-core-2.9.3.jar:/home/travis/build/icyphy/ptII/lib/jackson-databind-2.9.3.jar:/home/travis/build/icyphy/ptII/lib/netty-buffer-4.1.19.Final.jar:/home/travis/build/icyphy/ptII/lib/netty-codec-4.1.19.Final.jar:/home/travis/build/icyphy/ptII/lib/netty-codec-dns-4.1.19.Final.jar:/home/travis/build/icyphy/ptII/lib/netty-codec-http-4.1.19.Final.jar:/home/travis/build/icyphy/ptII/lib/netty-codec-http2-4.1.19.Final.jar:/home/travis/build/icyphy/ptII/lib/netty-common-4.1.19.Final.jar:/home/travis/build/icyphy/ptII/lib/netty-handler-4.1.19.Final.jar:/home/travis/build/icyphy/ptII/lib/netty-resolver-4.1.19.Final.jar:/home/travis/build/icyphy/ptII/lib/netty-resolver-dns-4.1.19.Final.jar:/home/travis/build/icyphy/ptII/lib/netty-transport-4.1.19.Final.jar:/home/travis/build/icyphy/ptII/lib/vertx-codegen-3.5.1.jar:/home/travis/build/icyphy/ptII/lib/vertx-core-3.5.2-SNAPSHOT.jar:/home/travis/build/icyphy/ptII/lib/vertx-hazelcast-3.5.1.jar:/home/travis/build/icyphy/ptII/lib/vertx-lang-js-3.5.1.jar:/home/travis/build/icyphy/ptII/lib/vertx-service-proxy-3.5.1.jar:/home/travis/build/icyphy/ptII/lib/vertx-web-3.5.1.jar:/home/travis/build/icyphy/ptII/lib/slf4j-api-1.7.13.jar:/home/travis/build/icyphy/ptII/lib/slf4j-simple-1.7.13.jar:/home/travis/build/icyphy/ptII/lib/webcam-capture-0.3.12.jar:/home/travis/build/icyphy/ptII/lib/bridj-0.7.0.jar:/home/travis/build/icyphy/ptII/lib/xbjlib-1.1.0.nrjavaserial.jar" />
    <property name="timeout" value="2400000" />
    <property name="test.batch" value="**/junit/*.java" />
    <property name="env._" value="/usr/bin/timeout" />
    <property name="java.io.tmpdir" value="/tmp" />
    <property name="user.language" value="en" />
    <property name="env.TRAVIS_INTERNAL_RUBY_REGEX" value="^ruby-(2\.[0-4]\.[0-9]|1\.9\.3)" />
    <property name="env.HISTCONTROL" value="ignoredups:ignorespace" />
    <property name="env.GOROOT" value="/home/travis/.gimme/versions/go1.11.1.linux.amd64" />
    <property name="line.separator" value="&#xa;" />
    <property name="target" value="11" />
    <property name="env.TRAVIS_BUILD_DIR" value="/home/travis/build/icyphy/ptII" />
    <property name="env.ANT_OPTS" value="-Xmx2048m" />
    <property name="ant.file.type" value="file" />
    <property name="ptolemy.ptII.batchMode" value="true" />
    <property name="env.HISTSIZE" value="1000" />
    <property name="env.MERB_ENV" value="test" />
    <property name="java.vm.info" value="mixed mode" />
    <property name="source" value="11" />
    <property name="java.vm.specification.name" value="Java Virtual Machine Specification" />
    <property name="env.TRAVIS_TEST_RESULT" value="0" />
    <property name="jsdoc.command" value="node_modules/@terraswarm/jsdoc/jsdoc.js" />
    <property name="npm.works" value="true" />
    <property name="cobertura.dir" value="/home/travis/build/icyphy/ptII/vendors/cobertura-2.0.3" />
    <property name="jsdoc.command.exists" value="true" />
    <property name="env.rvm_path" value="/home/travis/.rvm" />
    <property name="env.GEM_PATH" value="/home/travis/.rvm/gems/ruby-2.5.3:/home/travis/.rvm/gems/ruby-2.5.3@global" />
    <property name="env.LC_CTYPE" value="en_US.UTF-8" />
    <property name="env.TRAVIS_CMD" value="$PTII/bin/ptIITravisBuild.sh $SECONDS" />
    <property name="java.awt.printerjob" value="sun.print.PSPrinterJob" />
    <property name="env.TRAVIS_STACK_NAME" value="sardonyx" />
    <property name="env.TRAVIS_TIMER_START_TIME" value="1567533398598082335" />
    <property name="ant.version" value="Apache Ant(TM) version 1.10.1 compiled on February 2 2017" />
    <property name="ptII.reports" value="/home/travis/build/icyphy/ptII/reports" />
    <property name="env.TRAVIS_STACK_TIMESTAMP" value="2019-03-25 16:16:56 UTC" />
    <property name="ant.file.type.ptII" value="file" />
    <property name="env.RBENV_SHELL" value="bash" />
    <property name="os.name" value="Linux" />
    <property name="java.specification.vendor" value="Oracle Corporation" />
    <property name="env.rvm_version" value="1.29.7 (latest)" />
    <property name="env.TRAVIS_INFRA" value="unknown" />
    <property name="env.TERM" value="xterm" />
    <property name="java.vm.name" value="OpenJDK 64-Bit Server VM" />
    <property name="env.TRAVIS_BUILD_NUMBER" value="1317" />
    <property name="env.CI" value="true" />
    <property name="java.library.path" value="/home/travis/pthla/certi-tools/lib:/usr/lib/jni:/usr/local/share/OpenCV/java/:/usr/share/OpenCV/java::/usr/java/packages/lib:/usr/lib64:/lib64:/lib:/usr/lib" />
    <property name="jdk.module.path" value="/home/travis/build/icyphy/ptII/vendors/javafx/javafx-sdk-11.0.2/lib:" />
    <property name="env.rvm_prefix" value="/home/travis" />
    <property name="env.PATH" value="/home/travis/pthla/certi-tools/share/scripts:/home/travis/.rvm/gems/ruby-2.5.3/bin:/home/travis/.rvm/gems/ruby-2.5.3@global/bin:/home/travis/.rvm/rubies/ruby-2.5.3/bin:/home/travis/.rvm/bin:/home/travis/.nvm/versions/node/v7.10.1/bin:./node_modules/.bin:/home/travis/build/icyphy/ptII/bin:/home/travis/pthla/certi-tools/bin:/home/travis/bin:/home/travis/.local/bin:/usr/local/lib/jvm/openjdk11/bin:/opt/pyenv/shims:/home/travis/.phpenv/shims:/home/travis/perl5/perlbrew/bin:/home/travis/gopath/bin:/home/travis/.gimme/versions/go1.11.1.linux.amd64/bin:/usr/local/maven-3.6.0/bin:/usr/local/cmake-3.12.4/bin:/usr/local/clang-7.0.0/bin:/usr/local/sbin:/usr/local/bin:/usr/sbin:/usr/bin:/sbin:/bin:/snap/bin:/home/travis/.phpenv/bin:/opt/pyenv/bin:/home/travis/.yarn/bin" />
    <property name="env.TRAVIS_OS_NAME" value="linux" />
    <property name="ant.java.version" value="9" />
    <property name="basedir" value="/home/travis/build/icyphy/ptII" />
    <property name="java.class.version" value="55.0" />
    <property name="env.SHLVL" value="3" />
    <property name="env.LD_LIBRARY_PATH" value="/home/travis/pthla/certi-tools/lib:/usr/lib/jni:/usr/local/share/OpenCV/java/:/usr/share/OpenCV/java:" />
    <property name="env.RACK_ENV" value="test" />
    <property name="ant.home" value="/home/travis/build/icyphy/ptII/ant" />
    <property name="env.NVM_DIR" value="/home/travis/.nvm" />
    <property name="env.CERTI_FOM_PATH" value="/home/travis/pthla/certi-tools/share/federations" />
    <property name="env.TRAVIS_BUILD_ID" value="580347002" />
    <property name="env.PYENV_ROOT" value="/opt/pyenv" />
    <property name="env.TRAVIS_UID" value="2000" />
    <property name="prism.verbose" value="true" />
    <property name="env.NVM_BIN" value="/home/travis/.nvm/versions/node/v7.10.1/bin" />
    <property name="env.TRAVIS_COMMIT" value="bc7bfed3151ace78f6177b95f8054c233d74f1bf" />
    <property name="env._system_arch" value="x86_64" />
    <property name="node.executable" value="node" />
    <property name="sun.boot.library.path" value="/usr/local/lib/jvm/openjdk11/lib" />
    <property name="sun.management.compiler" value="HotSpot 64-Bit Tiered Compilers" />
    <property name="java.awt.graphicsenv" value="sun.awt.X11GraphicsEnvironment" />
    <property name="env.GOPATH" value="/home/travis/gopath" />
    <property name="ptolemy.ptII.dir" value="/home/travis/build/icyphy/ptII" />
    <property name="env.USER" value="travis" />
    <property name="env.HISTFILESIZE" value="2000" />
    <property name="timeout.longest" value="19000000" />
    <property name="env.PERLBREW_SHELLRC_VERSION" value="0.86" />
    <property name="env.TRAVIS_STACK_FEATURES" value="basic couchdb disabled-ipv6 docker docker-compose elasticsearch firefox go-toolchain google-chrome jdk memcached mongodb mysql nodejs_interpreter perl_interpreter perlbrew phantomjs postgresql python_interpreter redis ruby_interpreter sqlite xserver" />
    <property name="env.TRAVIS_PULL_REQUEST" value="false" />
    <property name="env.PYENV_SHELL" value="bash" />
    <property name="ant.project.name" value="ptII" />
    <property name="env.ANSI_RESET" value="\033[0m" />
    <property name="java.vm.specification.version" value="11" />
    <property name="env.TRAVIS_DIST" value="xenial" />
    <property name="env.CERTI_VERSION" value="4.0.0" />
    <property name="env.CERTI_HOST" value="localhost" />
    <property name="awt.toolkit" value="sun.awt.X11.XToolkit" />
    <property name="env.MY_RUBY_HOME" value="/home/travis/.rvm/rubies/ruby-2.5.3" />
    <property name="sun.cpu.isalist" value="" />
    <property name="env.TRAVIS_TMPDIR" value="/tmp/tmp.ZIRAqmPUQd" />
    <property name="java.vm.compressedOopsMode" value="Zero based" />
    <property name="os.version" value="4.15.0-1028-gcp" />
    <property name="user.home" value="/home/travis" />
    <property name="java.vm.vendor" value="Oracle Corporation" />
    <property name="env.TRAVIS_TAG" value="nightly" />
    <property name="env.ANSI_YELLOW" value="\033[33;1m" />
    <property name="env.TRAVIS_FILTERED" value="redirect_io" />
    <property name="env.ANSI_GREEN" value="\033[32;1m" />
    <property name="env.JAVA_HOME" value="/usr/local/lib/jvm/openjdk11" />
    <property name="javadoc.excludepackagenames" value="adm.cvs2svn.*,build.*,config.*,doc.coding.templates.*,jni.test.jni.meaningOfLife.*,jni.test.jni.testDeux.*,jni.test.jni.testTrois.*,org.terraswarm.accessor.accessors.web.node_modules.*,org.terraswarm.accessor.accessors.web.hosts.cordova.demo.*,org.terraswarm.accessor.accessors.web.hosts.cordova.plugins.*,org.terraswarm.accessor.accessors-svn.*,pt-modules.*,ptolemy.apps.agilent.*,ptolemy.apps.anytimecontrol.*,ptolemy.apps.apes.*,ptolemy.apps.charon.*,ptolemy.apps.crazyboard.*,ptolemy.apps.eclipse.*,ptolemy.apps.etherealSting.*,ptolemy.apps.fullscreen.*,ptolemy.apps.giotto.*,ptolemy.apps.ia.*,ptolemy.apps.interfaces.*,ptolemy.apps.jmf.*,ptolemy.apps.kurt.*,ptolemy.apps.kvm.*,ptolemy.apps.lego.*,ptolemy.apps.lejos.*,ptolemy.apps.midp.*,ptolemy.apps.mobileCoding.*,ptolemy.apps.pendulum.*,ptolemy.apps.rijndael.*,ptolemy.apps.robot.*,ptolemy.apps.security.*,ptolemy.apps.sobel.*,ptolemy.apps.soot.*,ptolemy.apps.throttle.*,ptolemy.apps.tini.*,ptolemy.apps.transmission.*,ptolemy.apps.vergil.*,ptolemy.apps.waba.*,ptolemy.apps.websensor.*,ptolemy.apps.webstart.*,ptolemy.apps.xsl.*,ptolemy.apps.zaurus.*,ptolemy.codegen.c.actor.lib.oldJavaFiles.*,ptolemy.codegen.dsp.lib.*,ptolemy.codegen.kernel.newInterfaces.*,ptolemy.codegen.lib.*,ptolemy.copernicus.kernel.fragment.*,ptolemy.copernicus.shallow.cg.*,ptolemy.domains.giotto.demo.Hierarchy.Hierarchy.*,ptolemy.domains.giotto.demo.Multimode.Multimode.*,ptolemy.domains.giotto.demo.Simple.Simple.*,ptolemy.domains.gr.lib.experimental.*,ptolemy.domains.gro.*,ptolemy.domains.pdf.*,ptolemy.domains.ptinyos.demo.Surge.output.*,ptolemy.moml.test.NoPackageActor.java*,ptolemy.plot.adm.*,ptolemy.plot.servlet.*,reports.*,signed.*,src.*,target.*,vendors.*,ptolemy.copernicus.applet.*,ptolemy.media.viewer.*,ptolemy.actor.corba.*,doc.doclets.*,ptolemy.apps.eclipse.awt.*,ptolemy.backtrack.*,ptolemy.backtrack.ast.*,ptolemy.cg.adapter.generic.program.procedural.c.mbed*,ptolemy.homer.*,ptolemy.actor.lib.jai.*,org.ptolemy.scala.*,diva.util.java2d.svg.*,ptolemy.domains.ptinyos.*,ptolemy.actor.lib.fmi.fmipp.*,,org.terraswarm.accessor.accessors.web.node_modules.*,org.terraswarm.accessor.accessors-svn,ptolemy.apps.*,ptolemy.actor.ptalon.demo.ptinyos.SendAndReceiveCnt.output,ptolemy.actor.ptalon.demo.ptinyos.SenseToLeds.output,ptolemy.domains.ptinyos.demo.CntToLedsAndRfm.output,ptolemy.domains.ptinyos.demo.RfmToLeds.output,ptolemy.domains.ptinyos.demo.SendAndReceiveCnt.output,ptolemy.domains.ptinyos.demo.SenseToLeds.output,ptolemy.actor.lib.jjs.modules.udpSocket.*" />
    <property name="env.PTII" value="/home/travis/build/icyphy/ptII" />
    <property name="env.XDG_SESSION_ID" value="2" />
    <property name="keystore" value="ptKeystore" />
    <property name="env.TRAVIS_COMMIT_MESSAGE" value="Require -target 8 -release 8 so that IzpackSetup will run with the JDK 8 JVMs we ship." />
    <property name="junit.output.dir" value="/home/travis/build/icyphy/ptII/reports/junit" />
    <property name="npm.return.code" value="0" />
    <property name="user.dir" value="/home/travis/build/icyphy/ptII/ptolemy/actor/lib/test" />
    <property name="env.TRAVIS_NODE_VERSION" value="7" />
    <property name="env.TRAVIS_EVENT_TYPE" value="push" />
    <property name="env.MAIL" value="/var/mail/travis" />
    <property name="env.PERLBREW_ROOT" value="/home/travis/perl5/perlbrew" />
    <property name="env.PWD" value="/home/travis/build/icyphy/ptII" />
    <property name="timeout.npm" value="45000" />
    <property name="env.TRAVIS_ARCH" value="amd64" />
    <property name="sun.cpu.endian" value="little" />
    <property name="env.PAGER" value="cat" />
    <property name="env.TRAVIS_BUILD_STAGE_NAME" value="Test" />
    <property name="env.PERLBREW_HOME" value="/home/travis/.perlbrew" />
    <property name="java.vm.version" value="11.0.2+9" />
    <property name="env.RAILS_ENV" value="test" />
    <property name="java.class.path" value="/home/travis/.ptolemyII:/home/travis/.ptolemyII/*:/home/travis/build/icyphy/ptII:/home/travis/build/icyphy/ptII/lib/bsh-2.0b4.jar:/home/travis/build/icyphy/ptII/lib/ptCal.jar:/home/travis/build/icyphy/ptII/lib/java_cup.jar:/home/travis/build/icyphy/ptII/lib/saxon8.jar:/home/travis/build/icyphy/ptII/lib/saxon8-dom.jar:/home/travis/build/icyphy/ptII/lib/chic.jar:/home/travis/build/icyphy/ptII/lib/ptcolt.jar:/home/travis/build/icyphy/ptII/vendors/misc/itext/iText.jar:/home/travis/build/icyphy/ptII/lib/g4ltl.jar:/home/travis/build/icyphy/ptII/lib/StructuralCoder.jar:/home/travis/build/icyphy/ptII/lib/jcerti.jar:/home/travis/build/icyphy/ptII/lib/javax.mail.jar:/home/travis/build/icyphy/ptII/vendors/JMF-2.1.1e/lib/jmf.jar:/home/travis/build/icyphy/ptII/lib/jna-4.0.0-variadic.jar:/home/travis/build/icyphy/ptII/vendors/misc/joystick/Joystick.jar:/home/travis/build/icyphy/ptII/lib/ptjacl.jar:/home/travis/build/icyphy/ptII/lib/jsoup-1.8.2.jar:/home/travis/build/icyphy/ptII/lib/junit-4.8.2.jar:/home/travis/build/icyphy/ptII/lib/JUnitParams-0.4.0.jar:/home/travis/build/icyphy/ptII/ptolemy/actor/lib/excel/jxl.jar:/home/travis/build/icyphy/ptII/lib/jython.jar:/home/travis/build/icyphy/ptII/lib/kieler.jar:/home/travis/build/icyphy/ptII/vendors/opencv/share/OpenCV/java/opencv-341.jar:/home/travis/build/icyphy/ptII/lib/oscP5.jar:/home/travis/build/icyphy/ptII/lib/nrjavaserial-3.11.0.devel.jar:/home/travis/build/icyphy/ptII/vendors/j3d/lib/Linux/j3dcore.jar:/home/travis/build/icyphy/ptII/vendors/j3d/lib/Linux/j3dutils.jar:/home/travis/build/icyphy/ptII/vendors/j3d/lib/Linux/vecmath.jar:/home/travis/build/icyphy/ptII/vendors/jogl/lib/Linux/gluegen-rt-natives-linux-amd64.jar:/home/travis/build/icyphy/ptII/vendors/jogl/lib/Linux/gluegen-rt.jar:/home/travis/build/icyphy/ptII/vendors/jogl/lib/Linux/jogl-all-natives-linux-amd64.jar:/home/travis/build/icyphy/ptII/vendors/jogl/lib/Linux/jogl-all.jar:/home/travis/build/icyphy/ptII/ptolemy/distributed/jini/jar/jini-core.jar:/home/travis/build/icyphy/ptII/ptolemy/distributed/jini/jar/jini-ext.jar:/home/travis/build/icyphy/ptII/ptolemy/distributed/jini/jar/sun-util.jar:/home/travis/build/icyphy/ptII/lib/protobuf-java-2.4.1.jar:/home/travis/build/icyphy/ptII/lib/org.eclipse.paho.client.mqttv3.jar:/home/travis/build/icyphy/ptII/lib/mapss.jar:/home/travis/build/icyphy/ptII/ptolemy/actor/ptalon/antlr/antlr.jar:/home/travis/build/icyphy/ptII/lib/JRI.jar:/home/travis/build/icyphy/ptII/lib/commons-lang-2.6.jar:/home/travis/build/icyphy/ptII/lib/commons-logging-1.1.1.jar:/home/travis/build/icyphy/ptII/lib/sootclasses.jar:/home/travis/build/icyphy/ptII/ptolemy/actor/lib/database/mysql-connector-java-5.1.6-bin.jar:/home/travis/build/icyphy/ptII/vendors/misc/sphinx4/sphinx4-data-5prealpha.jar:/home/travis/build/icyphy/ptII/vendors/misc/sphinx4/sphinx4-core-5prealpha.jar:/home/travis/build/icyphy/ptII/lib/PDFRenderer.jar:/home/travis/build/icyphy/ptII/lib/svgSalamander.jar:/home/travis/build/icyphy/ptII/lib/rsyntaxtextarea-2.6.0-SNAPSHOT.jar:/home/travis/build/icyphy/ptII/lib/hazelcast-3.8.2.jar:/home/travis/build/icyphy/ptII/lib/jackson-annotations-2.9.0.jar:/home/travis/build/icyphy/ptII/lib/jackson-core-2.9.3.jar:/home/travis/build/icyphy/ptII/lib/jackson-databind-2.9.3.jar:/home/travis/build/icyphy/ptII/lib/netty-buffer-4.1.19.Final.jar:/home/travis/build/icyphy/ptII/lib/netty-codec-4.1.19.Final.jar:/home/travis/build/icyphy/ptII/lib/netty-codec-dns-4.1.19.Final.jar:/home/travis/build/icyphy/ptII/lib/netty-codec-http-4.1.19.Final.jar:/home/travis/build/icyphy/ptII/lib/netty-codec-http2-4.1.19.Final.jar:/home/travis/build/icyphy/ptII/lib/netty-common-4.1.19.Final.jar:/home/travis/build/icyphy/ptII/lib/netty-handler-4.1.19.Final.jar:/home/travis/build/icyphy/ptII/lib/netty-resolver-4.1.19.Final.jar:/home/travis/build/icyphy/ptII/lib/netty-resolver-dns-4.1.19.Final.jar:/home/travis/build/icyphy/ptII/lib/netty-transport-4.1.19.Final.jar:/home/travis/build/icyphy/ptII/lib/vertx-codegen-3.5.1.jar:/home/travis/build/icyphy/ptII/lib/vertx-core-3.5.2-SNAPSHOT.jar:/home/travis/build/icyphy/ptII/lib/vertx-hazelcast-3.5.1.jar:/home/travis/build/icyphy/ptII/lib/vertx-lang-js-3.5.1.jar:/home/travis/build/icyphy/ptII/lib/vertx-service-proxy-3.5.1.jar:/home/travis/build/icyphy/ptII/lib/vertx-web-3.5.1.jar:/home/travis/build/icyphy/ptII/lib/slf4j-api-1.7.13.jar:/home/travis/build/icyphy/ptII/lib/slf4j-simple-1.7.13.jar:/home/travis/build/icyphy/ptII/lib/webcam-capture-0.3.12.jar:/home/travis/build/icyphy/ptII/lib/bridj-0.7.0.jar:/home/travis/build/icyphy/ptII/lib/xbjlib-1.1.0.nrjavaserial.jar:/home/travis/build/icyphy/ptII/ptolemy/moml/test:/home/travis/build/icyphy/ptII/ant/lib/ant-launcher.jar:/home/travis/build/icyphy/ptII/ant/lib/ant.jar:/home/travis/build/icyphy/ptII/ant/lib/ant-junit.jar:/home/travis/build/icyphy/ptII/ant/lib/ant-junit4.jar" />
    <property name="ant.library.dir" value="/home/travis/build/icyphy/ptII/ant/lib" />
    <property name="os.arch" value="amd64" />
    <property name="env.CONTINUOUS_INTEGRATION" value="true" />
    <property name="env.TRAVIS_LANGUAGE" value="node_js" />
    <property name="env.TRAVIS_STACK_LANGUAGES" value="__sardonyx__ c c++ clojure cplusplus cpp default generic go groovy java node_js php pure_java python ruby scala" />
    <property name="test.name" value="ptolemy.actor.lib.test.junit.JUnitTclTest" />
    <property name="env.APT_KEY_DONT_WARN_ON_DANGEROUS_USAGE" value="1" />
    <property name="sun.java.launcher" value="SUN_STANDARD" />
    <property name="env.PYTHON_CONFIGURE_OPTS" value="--enable-unicode=ucs4 --with-wide-unicode --enable-shared --enable-ipv6 --enable-loadable-sqlite-extensions --with-computed-gotos" />
    <property name="ant.core.lib" value="/home/travis/build/icyphy/ptII/ant/lib/ant.jar" />
    <property name="java.vm.specification.vendor" value="Oracle Corporation" />
    <property name="env.BCVTB_HOME" value="/home/travis/build/icyphy/ptII/lbnl" />
    <property name="file.separator" value="/" />
    <property name="spotbugs.home" value="/home/travis/build/icyphy/ptII/vendors/spotbugs-3.1.1" />
    <property name="java.runtime.version" value="11.0.2+9" />
    <property name="env.ANSI_CLEAR" value="\033[0K" />
    <property name="javafx.verbose" value="true" />
    <property name="env.HAS_JOSH_K_SEAL_OF_APPROVAL" value="true" />
    <property name="env.XDG_RUNTIME_DIR" value="/run/user/2000" />
    <property name="env.TRAVIS_OSX_IMAGE" value="" />
    <property name="env.TRAVIS_JOB_ID" value="580347010" />
    <property name="env.TRAVIS_BRANCH" value="master" />
    <property name="user.country" value="US" />
    <property name="env.CERTI_HOME_TRAVIS" value="/home/travis/pthla/certi-tools" />
    <property name="env.SHELL" value="/bin/bash" />
    <property name="java.maxmemory.large" value="3200m" />
    <property name="model" value="" />
    <property name="env.CASHER_DIR" value="/home/travis/.casher" />
    <property name="env.NVM_CD_FLAGS" value="" />
    <property name="java.vendor.version" value="18.9" />
    <property name="jshint.executable" value="/home/travis/node_modules/jshint/bin/jshint" />
    <property name="env.JRUBY_OPTS" value=" --client -J-XX:+TieredCompilation -J-XX:TieredStopAtLevel=1 -J-Xss2m -Xcompile.invokedynamic=false" />
    <property name="java.vendor" value="Oracle Corporation" />
    <property name="env.TRAVIS_PRE_CHEF_BOOTSTRAP_TIME" value="2019-03-25T16:16:42" />
    <property name="env.TRAVIS_STACK_JOB_BOARD_REGISTER" value="/.job-board-register.yml" />
    <property name="env.ANSI_RED" value="\033[31;1m" />
    <property name="java.specification.version" value="11" />
    <property name="env.IRBRC" value="/home/travis/.rvm/rubies/ruby-2.5.3/.irbrc" />
    <property name="env.TRAVIS" value="true" />
    <property name="sun.arch.data.model" value="64" />
  </properties>
  <testcase classname="ptolemy.util.test.junit.TclTests" name="[0] /home/travis/build/icyphy/ptII/ptolemy/actor/lib/test/AbsoluteValue.tcl (RunTclFile)" time="0.66" />
  <testcase classname="ptolemy.util.test.junit.TclTests" name="[1] /home/travis/build/icyphy/ptII/ptolemy/actor/lib/test/AddSubtract.tcl (RunTclFile)" time="0.21" />
  <testcase classname="ptolemy.util.test.junit.TclTests" name="[2] /home/travis/build/icyphy/ptII/ptolemy/actor/lib/test/Average.tcl (RunTclFile)" time="0.06" />
  <testcase classname="ptolemy.util.test.junit.TclTests" name="[3] /home/travis/build/icyphy/ptII/ptolemy/actor/lib/test/Bernoulli.tcl (RunTclFile)" time="0.018" />
  <testcase classname="ptolemy.util.test.junit.TclTests" name="[4] /home/travis/build/icyphy/ptII/ptolemy/actor/lib/test/Clock.tcl (RunTclFile)" time="0.067" />
  <testcase classname="ptolemy.util.test.junit.TclTests" name="[5] /home/travis/build/icyphy/ptII/ptolemy/actor/lib/test/Commutator.tcl (RunTclFile)" time="0.16" />
  <testcase classname="ptolemy.util.test.junit.TclTests" name="[6] /home/travis/build/icyphy/ptII/ptolemy/actor/lib/test/Const.tcl (RunTclFile)" time="0.138" />
  <testcase classname="ptolemy.util.test.junit.TclTests" name="[7] /home/travis/build/icyphy/ptII/ptolemy/actor/lib/test/CurrentTime.tcl (RunTclFile)" time="0.022" />
  <testcase classname="ptolemy.util.test.junit.TclTests" name="[8] /home/travis/build/icyphy/ptII/ptolemy/actor/lib/test/DB.tcl (RunTclFile)" time="0.068" />
  <testcase classname="ptolemy.util.test.junit.TclTests" name="[9] /home/travis/build/icyphy/ptII/ptolemy/actor/lib/test/DiscreteRandomSource.tcl (RunTclFile)" time="0.068" />
  <testcase classname="ptolemy.util.test.junit.TclTests" name="[10] /home/travis/build/icyphy/ptII/ptolemy/actor/lib/test/Distributor.tcl (RunTclFile)" time="0.083" />
  <testcase classname="ptolemy.util.test.junit.TclTests" name="[11] /home/travis/build/icyphy/ptII/ptolemy/actor/lib/test/Exit.tcl (RunTclFile)" time="0.079" />
  <testcase classname="ptolemy.util.test.junit.TclTests" name="[12] /home/travis/build/icyphy/ptII/ptolemy/actor/lib/test/Expression.tcl (RunTclFile)" time="0.118" />
  <testcase classname="ptolemy.util.test.junit.TclTests" name="[13] /home/travis/build/icyphy/ptII/ptolemy/actor/lib/test/Gaussian.tcl (RunTclFile)" time="0.79" />
  <testcase classname="ptolemy.util.test.junit.TclTests" name="[14] /home/travis/build/icyphy/ptII/ptolemy/actor/lib/test/IIR.tcl (RunTclFile)" time="0.054" />
  <testcase classname="ptolemy.util.test.junit.TclTests" name="[15] /home/travis/build/icyphy/ptII/ptolemy/actor/lib/test/Interpolator.tcl (RunTclFile)" time="0.106" />
  <testcase classname="ptolemy.util.test.junit.TclTests" name="[16] /home/travis/build/icyphy/ptII/ptolemy/actor/lib/test/MathFunction.tcl (RunTclFile)" time="0.074" />
  <testcase classname="ptolemy.util.test.junit.TclTests" name="[17] /home/travis/build/icyphy/ptII/ptolemy/actor/lib/test/Maximum.tcl (RunTclFile)" time="0.054" />
  <testcase classname="ptolemy.util.test.junit.TclTests" name="[18] /home/travis/build/icyphy/ptII/ptolemy/actor/lib/test/Minimum.tcl (RunTclFile)" time="0.03" />
  <testcase classname="ptolemy.util.test.junit.TclTests" name="[19] /home/travis/build/icyphy/ptII/ptolemy/actor/lib/test/MultiplyDivide.tcl (RunTclFile)" time="0.043" />
  <testcase classname="ptolemy.util.test.junit.TclTests" name="[20] /home/travis/build/icyphy/ptII/ptolemy/actor/lib/test/OrderedMerge.tcl (RunTclFile)" time="0.115" />
  <testcase classname="ptolemy.util.test.junit.TclTests" name="[21] /home/travis/build/icyphy/ptII/ptolemy/actor/lib/test/Publisher.tcl (RunTclFile)" time="0.889" />
  <testcase classname="ptolemy.util.test.junit.TclTests" name="[22] /home/travis/build/icyphy/ptII/ptolemy/actor/lib/test/Pulse.tcl (RunTclFile)" time="0.056" />
  <testcase classname="ptolemy.util.test.junit.TclTests" name="[23] /home/travis/build/icyphy/ptII/ptolemy/actor/lib/test/Ramp.tcl (RunTclFile)" time="2.068" />
  <testcase classname="ptolemy.util.test.junit.TclTests" name="[24] /home/travis/build/icyphy/ptII/ptolemy/actor/lib/test/RampContinuous.tcl (RunTclFile)" time="0.019" />
  <testcase classname="ptolemy.util.test.junit.TclTests" name="[25] /home/travis/build/icyphy/ptII/ptolemy/actor/lib/test/RecordAssembler.tcl (RunTclFile)" time="0.015" />
  <testcase classname="ptolemy.util.test.junit.TclTests" name="[26] /home/travis/build/icyphy/ptII/ptolemy/actor/lib/test/RecordDisassembler.tcl (RunTclFile)" time="0.018" />
  <testcase classname="ptolemy.util.test.junit.TclTests" name="[27] /home/travis/build/icyphy/ptII/ptolemy/actor/lib/test/Scale.tcl (RunTclFile)" time="0.016" />
  <testcase classname="ptolemy.util.test.junit.TclTests" name="[28] /home/travis/build/icyphy/ptII/ptolemy/actor/lib/test/SequentialClock.tcl (RunTclFile)" time="0.012" />
  <testcase classname="ptolemy.util.test.junit.TclTests" name="[29] /home/travis/build/icyphy/ptII/ptolemy/actor/lib/test/SetVariable.tcl (RunTclFile)" time="0.022">
    <failure message="Number of failed tests is has increased. expected:&lt;0&gt; but was:&lt;1&gt;" type="junit.framework.AssertionFailedError">junit.framework.AssertionFailedError: Number of failed tests is has increased. expected:&lt;0&gt; but was:&lt;1&gt;
	at ptolemy.util.test.junit.TclTests.RunTclFile(TclTests.java:286)
	at jdk.internal.reflect.GeneratedMethodAccessor19.invoke(Unknown Source)
	at java.base/jdk.internal.reflect.DelegatingMethodAccessorImpl.invoke(DelegatingMethodAccessorImpl.java:43)
	at junitparams.internal.InvokeParameterisedMethod.evaluate(InvokeParameterisedMethod.java:102)
	at junitparams.internal.ParameterisedTestMethodRunner.runMethodInvoker(ParameterisedTestMethodRunner.java:47)
	at junitparams.internal.ParameterisedTestMethodRunner.runTestMethod(ParameterisedTestMethodRunner.java:41)
	at junitparams.internal.ParameterisedTestClassRunner.runParameterisedTest(ParameterisedTestClassRunner.java:143)
	at junitparams.JUnitParamsRunner.runChild(JUnitParamsRunner.java:237)
	at junitparams.JUnitParamsRunner.runChild(JUnitParamsRunner.java:215)
</failure>
  </testcase>
  <testcase classname="ptolemy.util.test.junit.TclTests" name="[30] /home/travis/build/icyphy/ptII/ptolemy/actor/lib/test/Sinewave.tcl (RunTclFile)" time="0.027" />
  <testcase classname="ptolemy.util.test.junit.TclTests" name="[31] /home/travis/build/icyphy/ptII/ptolemy/actor/lib/test/SubscriptionAggregator.tcl (RunTclFile)" time="2.281" />
  <testcase classname="ptolemy.util.test.junit.TclTests" name="[32] /home/travis/build/icyphy/ptII/ptolemy/actor/lib/test/Test.tcl (RunTclFile)" time="0.073" />
  <testcase classname="ptolemy.util.test.junit.TclTests" name="[33] /home/travis/build/icyphy/ptII/ptolemy/actor/lib/test/TestExceptionHandler.tcl (RunTclFile)" time="0.009" />
  <testcase classname="ptolemy.util.test.junit.TclTests" name="[34] /home/travis/build/icyphy/ptII/ptolemy/actor/lib/test/UnionDisassembler.tcl (RunTclFile)" time="0.047" />
  <testcase classname="ptolemy.util.test.junit.TclTests" name="[35] /home/travis/build/icyphy/ptII/ptolemy/actor/lib/test/VariableClock.tcl (RunTclFile)" time="0.014" />
  <testcase classname="ptolemy.util.test.junit.AutoKnownFailedTests" name="[0] /home/travis/build/icyphy/ptII/ptolemy/actor/lib/test/auto/knownFailedTests/PublisherPortToplevelSubscriber.xml (RunModel)" time="0.035" />
  <testcase classname="ptolemy.util.test.junit.AutoKnownFailedTests" name="[1] /home/travis/build/icyphy/ptII/ptolemy/actor/lib/test/auto/knownFailedTests/PublisherSubscriberPortToplevel.xml (RunModel)" time="0.033" />
  <testcase classname="ptolemy.util.test.junit.AutoKnownFailedTests" name="[2] /home/travis/build/icyphy/ptII/ptolemy/actor/lib/test/auto/knownFailedTests/PublisherSubscriptionAggregatorPort.xml (RunModel)" time="0.02" />
  <testcase classname="ptolemy.util.test.junit.AutoKnownFailedTests" name="[3] /home/travis/build/icyphy/ptII/ptolemy/actor/lib/test/auto/knownFailedTests/sizedarray3.xml (RunModel)" time="0.023" />
  <testcase classname="ptolemy.util.test.junit.AutoNameArchTests" name="[0] ThereAreNoAutoArchTests (RunModel)" time="0.004" />
  <testcase classname="ptolemy.util.test.junit.AutoTests" name="[0] /home/travis/build/icyphy/ptII/ptolemy/actor/lib/test/auto/AbsoluteValue.xml (RunModel)" time="0.109" />
  <testcase classname="ptolemy.util.test.junit.AutoTests" name="[1] /home/travis/build/icyphy/ptII/ptolemy/actor/lib/test/auto/AbsoluteValue2.xml (RunModel)" time="0.064" />
  <testcase classname="ptolemy.util.test.junit.AutoTests" name="[2] /home/travis/build/icyphy/ptII/ptolemy/actor/lib/test/auto/Accumulator.xml (RunModel)" time="0.17" />
  <testcase classname="ptolemy.util.test.junit.AutoTests" name="[3] /home/travis/build/icyphy/ptII/ptolemy/actor/lib/test/auto/Accumulator2.xml (RunModel)" time="0.051" />
  <testcase classname="ptolemy.util.test.junit.AutoTests" name="[4] /home/travis/build/icyphy/ptII/ptolemy/actor/lib/test/auto/Accumulator3.xml (RunModel)" time="0.014" />
  <testcase classname="ptolemy.util.test.junit.AutoTests" name="[5] /home/travis/build/icyphy/ptII/ptolemy/actor/lib/test/auto/ArrayAppend.xml (RunModel)" time="0.03" />
  <testcase classname="ptolemy.util.test.junit.AutoTests" name="[6] /home/travis/build/icyphy/ptII/ptolemy/actor/lib/test/auto/ArrayAppend2.xml (RunModel)" time="0.285" />
  <testcase classname="ptolemy.util.test.junit.AutoTests" name="[7] /home/travis/build/icyphy/ptII/ptolemy/actor/lib/test/auto/ArrayAppend3.xml (RunModel)" time="0.05" />
  <testcase classname="ptolemy.util.test.junit.AutoTests" name="[8] /home/travis/build/icyphy/ptII/ptolemy/actor/lib/test/auto/ArrayAppend4.xml (RunModel)" time="0.026" />
  <testcase classname="ptolemy.util.test.junit.AutoTests" name="[9] /home/travis/build/icyphy/ptII/ptolemy/actor/lib/test/auto/ArrayAppend5.xml (RunModel)" time="0.024" />
  <testcase classname="ptolemy.util.test.junit.AutoTests" name="[10] /home/travis/build/icyphy/ptII/ptolemy/actor/lib/test/auto/ArrayAppend6.xml (RunModel)" time="0.023" />
  <testcase classname="ptolemy.util.test.junit.AutoTests" name="[11] /home/travis/build/icyphy/ptII/ptolemy/actor/lib/test/auto/ArrayAppendPerformanceTest.xml (RunModel)" time="0.096" />
  <testcase classname="ptolemy.util.test.junit.AutoTests" name="[12] /home/travis/build/icyphy/ptII/ptolemy/actor/lib/test/auto/ArrayAppendWithEmptyInput.xml (RunModel)" time="0.06" />
  <testcase classname="ptolemy.util.test.junit.AutoTests" name="[13] /home/travis/build/icyphy/ptII/ptolemy/actor/lib/test/auto/ArrayAverage.xml (RunModel)" time="0.059" />
  <testcase classname="ptolemy.util.test.junit.AutoTests" name="[14] /home/travis/build/icyphy/ptII/ptolemy/actor/lib/test/auto/ArrayContains.xml (RunModel)" time="0.034" />
  <testcase classname="ptolemy.util.test.junit.AutoTests" name="[15] /home/travis/build/icyphy/ptII/ptolemy/actor/lib/test/auto/ArrayElement.xml (RunModel)" time="0.065" />
  <testcase classname="ptolemy.util.test.junit.AutoTests" name="[16] /home/travis/build/icyphy/ptII/ptolemy/actor/lib/test/auto/ArrayElementAsMatrix.xml (RunModel)" time="0.046" />
  <testcase classname="ptolemy.util.test.junit.AutoTests" name="[17] /home/travis/build/icyphy/ptII/ptolemy/actor/lib/test/auto/ArrayElementI.xml (RunModel)" time="0.018" />
  <testcase classname="ptolemy.util.test.junit.AutoTests" name="[18] /home/travis/build/icyphy/ptII/ptolemy/actor/lib/test/auto/ArrayExtract.xml (RunModel)" time="0.03" />
  <testcase classname="ptolemy.util.test.junit.AutoTests" name="[19] /home/travis/build/icyphy/ptII/ptolemy/actor/lib/test/auto/ArrayExtract2.xml (RunModel)" time="0.023" />
  <testcase classname="ptolemy.util.test.junit.AutoTests" name="[20] /home/travis/build/icyphy/ptII/ptolemy/actor/lib/test/auto/ArrayLength.xml (RunModel)" time="0.027" />
  <testcase classname="ptolemy.util.test.junit.AutoTests" name="[21] /home/travis/build/icyphy/ptII/ptolemy/actor/lib/test/auto/ArrayLevelCrossing.xml (RunModel)" time="0.034" />
  <testcase classname="ptolemy.util.test.junit.AutoTests" name="[22] /home/travis/build/icyphy/ptII/ptolemy/actor/lib/test/auto/ArrayLevelCrossing2.xml (RunModel)" time="0.032" />
  <testcase classname="ptolemy.util.test.junit.AutoTests" name="[23] /home/travis/build/icyphy/ptII/ptolemy/actor/lib/test/auto/ArrayPeakSearch.xml (RunModel)" time="0.044" />
  <testcase classname="ptolemy.util.test.junit.AutoTests" name="[24] /home/travis/build/icyphy/ptII/ptolemy/actor/lib/test/auto/ArrayPeakSearch2.xml (RunModel)" time="0.046" />
  <testcase classname="ptolemy.util.test.junit.AutoTests" name="[25] /home/travis/build/icyphy/ptII/ptolemy/actor/lib/test/auto/ArrayPeakSearch3.xml (RunModel)" time="0.048" />
  <testcase classname="ptolemy.util.test.junit.AutoTests" name="[26] /home/travis/build/icyphy/ptII/ptolemy/actor/lib/test/auto/ArrayRemoveElement.xml (RunModel)" time="0.034" />
  <testcase classname="ptolemy.util.test.junit.AutoTests" name="[27] /home/travis/build/icyphy/ptII/ptolemy/actor/lib/test/auto/ArraySort.xml (RunModel)" time="0.037" />
  <testcase classname="ptolemy.util.test.junit.AutoTests" name="[28] /home/travis/build/icyphy/ptII/ptolemy/actor/lib/test/auto/ArraySum.xml (RunModel)" time="0.022" />
  <testcase classname="ptolemy.util.test.junit.AutoTests" name="[29] /home/travis/build/icyphy/ptII/ptolemy/actor/lib/test/auto/ArrayToElements.xml (RunModel)" time="0.023" />
  <testcase classname="ptolemy.util.test.junit.AutoTests" name="[30] /home/travis/build/icyphy/ptII/ptolemy/actor/lib/test/auto/ArrayToMatrix.xml (RunModel)" time="0.066" />
  <testcase classname="ptolemy.util.test.junit.AutoTests" name="[31] /home/travis/build/icyphy/ptII/ptolemy/actor/lib/test/auto/ArrayUpdate1.xml (RunModel)" time="0.017" />
  <testcase classname="ptolemy.util.test.junit.AutoTests" name="[32] /home/travis/build/icyphy/ptII/ptolemy/actor/lib/test/auto/ArrayUpdate2.xml (RunModel)" time="0.031" />
  <testcase classname="ptolemy.util.test.junit.AutoTests" name="[33] /home/travis/build/icyphy/ptII/ptolemy/actor/lib/test/auto/ArrayUpdate3.xml (RunModel)" time="0.024" />
  <testcase classname="ptolemy.util.test.junit.AutoTests" name="[34] /home/travis/build/icyphy/ptII/ptolemy/actor/lib/test/auto/Assert1.xml (RunModel)" time="0.02" />
  <testcase classname="ptolemy.util.test.junit.AutoTests" name="[35] /home/travis/build/icyphy/ptII/ptolemy/actor/lib/test/auto/Assert2.xml (RunModel)" time="0.015" />
  <testcase classname="ptolemy.util.test.junit.AutoTests" name="[36] /home/travis/build/icyphy/ptII/ptolemy/actor/lib/test/auto/BooleanMultiplexor.xml (RunModel)" time="0.017" />
  <testcase classname="ptolemy.util.test.junit.AutoTests" name="[37] /home/travis/build/icyphy/ptII/ptolemy/actor/lib/test/auto/BooleanMultiplexor2.xml (RunModel)" time="0.033" />
  <testcase classname="ptolemy.util.test.junit.AutoTests" name="[38] /home/travis/build/icyphy/ptII/ptolemy/actor/lib/test/auto/BooleanMultiplexor3.xml (RunModel)" time="0.018" />
  <testcase classname="ptolemy.util.test.junit.AutoTests" name="[39] /home/travis/build/icyphy/ptII/ptolemy/actor/lib/test/auto/BooleanSelect.xml (RunModel)" time="0.024" />
  <testcase classname="ptolemy.util.test.junit.AutoTests" name="[40] /home/travis/build/icyphy/ptII/ptolemy/actor/lib/test/auto/BooleanSelect2.xml (RunModel)" time="0.017" />
  <testcase classname="ptolemy.util.test.junit.AutoTests" name="[41] /home/travis/build/icyphy/ptII/ptolemy/actor/lib/test/auto/BooleanSwitch.xml (RunModel)" time="0.063" />
  <testcase classname="ptolemy.util.test.junit.AutoTests" name="[42] /home/travis/build/icyphy/ptII/ptolemy/actor/lib/test/auto/BooleanSwitch2.xml (RunModel)" time="0.02" />
  <testcase classname="ptolemy.util.test.junit.AutoTests" name="[43] /home/travis/build/icyphy/ptII/ptolemy/actor/lib/test/auto/BooleanSwitchCloningBugWithClassRelationGroup.xml (RunModel)" time="0.027" />
  <testcase classname="ptolemy.util.test.junit.AutoTests" name="[44] /home/travis/build/icyphy/ptII/ptolemy/actor/lib/test/auto/BusActors.xml (RunModel)" time="0.048" />
  <testcase classname="ptolemy.util.test.junit.AutoTests" name="[45] /home/travis/build/icyphy/ptII/ptolemy/actor/lib/test/auto/ClassWrapper.xml (RunModel)" time="0.023" />
  <testcase classname="ptolemy.util.test.junit.AutoTests" name="[46] /home/travis/build/icyphy/ptII/ptolemy/actor/lib/test/auto/Clock.xml (RunModel)" time="0.009" />
  <testcase classname="ptolemy.util.test.junit.AutoTests" name="[47] /home/travis/build/icyphy/ptII/ptolemy/actor/lib/test/auto/Clock10.xml (RunModel)" time="0.017" />
  <testcase classname="ptolemy.util.test.junit.AutoTests" name="[48] /home/travis/build/icyphy/ptII/ptolemy/actor/lib/test/auto/Clock11.xml (RunModel)" time="0.022" />
  <testcase classname="ptolemy.util.test.junit.AutoTests" name="[49] /home/travis/build/icyphy/ptII/ptolemy/actor/lib/test/auto/Clock12.xml (RunModel)" time="0.018" />
  <testcase classname="ptolemy.util.test.junit.AutoTests" name="[50] /home/travis/build/icyphy/ptII/ptolemy/actor/lib/test/auto/Clock13.xml (RunModel)" time="0.017" />
  <testcase classname="ptolemy.util.test.junit.AutoTests" name="[51] /home/travis/build/icyphy/ptII/ptolemy/actor/lib/test/auto/Clock14.xml (RunModel)" time="0.018" />
  <testcase classname="ptolemy.util.test.junit.AutoTests" name="[52] /home/travis/build/icyphy/ptII/ptolemy/actor/lib/test/auto/Clock15.xml (RunModel)" time="0.015" />
  <testcase classname="ptolemy.util.test.junit.AutoTests" name="[53] /home/travis/build/icyphy/ptII/ptolemy/actor/lib/test/auto/Clock16.xml (RunModel)" time="0.081" />
  <testcase classname="ptolemy.util.test.junit.AutoTests" name="[54] /home/travis/build/icyphy/ptII/ptolemy/actor/lib/test/auto/Clock17.xml (RunModel)" time="0.081" />
  <testcase classname="ptolemy.util.test.junit.AutoTests" name="[55] /home/travis/build/icyphy/ptII/ptolemy/actor/lib/test/auto/Clock18.xml (RunModel)" time="0.055" />
  <testcase classname="ptolemy.util.test.junit.AutoTests" name="[56] /home/travis/build/icyphy/ptII/ptolemy/actor/lib/test/auto/Clock19.xml (RunModel)" time="0.045" />
  <testcase classname="ptolemy.util.test.junit.AutoTests" name="[57] /home/travis/build/icyphy/ptII/ptolemy/actor/lib/test/auto/Clock2.xml (RunModel)" time="0.014" />
  <testcase classname="ptolemy.util.test.junit.AutoTests" name="[58] /home/travis/build/icyphy/ptII/ptolemy/actor/lib/test/auto/Clock20.xml (RunModel)" time="0.028" />
  <testcase classname="ptolemy.util.test.junit.AutoTests" name="[59] /home/travis/build/icyphy/ptII/ptolemy/actor/lib/test/auto/Clock21.xml (RunModel)" time="0.013" />
  <testcase classname="ptolemy.util.test.junit.AutoTests" name="[60] /home/travis/build/icyphy/ptII/ptolemy/actor/lib/test/auto/Clock22.xml (RunModel)" time="0.012" />
  <testcase classname="ptolemy.util.test.junit.AutoTests" name="[61] /home/travis/build/icyphy/ptII/ptolemy/actor/lib/test/auto/Clock23.xml (RunModel)" time="0.017" />
  <testcase classname="ptolemy.util.test.junit.AutoTests" name="[62] /home/travis/build/icyphy/ptII/ptolemy/actor/lib/test/auto/Clock24.xml (RunModel)" time="0.016" />
  <testcase classname="ptolemy.util.test.junit.AutoTests" name="[63] /home/travis/build/icyphy/ptII/ptolemy/actor/lib/test/auto/Clock4.xml (RunModel)" time="0.011" />
  <testcase classname="ptolemy.util.test.junit.AutoTests" name="[64] /home/travis/build/icyphy/ptII/ptolemy/actor/lib/test/auto/Clock5.xml (RunModel)" time="0.01" />
  <testcase classname="ptolemy.util.test.junit.AutoTests" name="[65] /home/travis/build/icyphy/ptII/ptolemy/actor/lib/test/auto/Clock6.xml (RunModel)" time="0.021" />
  <testcase classname="ptolemy.util.test.junit.AutoTests" name="[66] /home/travis/build/icyphy/ptII/ptolemy/actor/lib/test/auto/Clock7.xml (RunModel)" time="0.011" />
  <testcase classname="ptolemy.util.test.junit.AutoTests" name="[67] /home/travis/build/icyphy/ptII/ptolemy/actor/lib/test/auto/Clock8.xml (RunModel)" time="0.013" />
  <testcase classname="ptolemy.util.test.junit.AutoTests" name="[68] /home/travis/build/icyphy/ptII/ptolemy/actor/lib/test/auto/Clock9.xml (RunModel)" time="0.017" />
  <testcase classname="ptolemy.util.test.junit.AutoTests" name="[69] /home/travis/build/icyphy/ptII/ptolemy/actor/lib/test/auto/CommDistDiscard.xml (RunModel)" time="0.027" />
  <testcase classname="ptolemy.util.test.junit.AutoTests" name="[70] /home/travis/build/icyphy/ptII/ptolemy/actor/lib/test/auto/Commutator.xml (RunModel)" time="0.018" />
  <testcase classname="ptolemy.util.test.junit.AutoTests" name="[71] /home/travis/build/icyphy/ptII/ptolemy/actor/lib/test/auto/Commutator2.xml (RunModel)" time="0.013" />
  <testcase classname="ptolemy.util.test.junit.AutoTests" name="[72] /home/travis/build/icyphy/ptII/ptolemy/actor/lib/test/auto/Commutator3.xml (RunModel)" time="0.014" />
  <testcase classname="ptolemy.util.test.junit.AutoTests" name="[73] /home/travis/build/icyphy/ptII/ptolemy/actor/lib/test/auto/Compare.xml (RunModel)" time="0.023" />
  <testcase classname="ptolemy.util.test.junit.AutoTests" name="[74] /home/travis/build/icyphy/ptII/ptolemy/actor/lib/test/auto/CompareDE.xml (RunModel)" time="0.022" />
  <testcase classname="ptolemy.util.test.junit.AutoTests" name="[75] /home/travis/build/icyphy/ptII/ptolemy/actor/lib/test/auto/ComplexDivide.xml (RunModel)" time="0.01" />
  <testcase classname="ptolemy.util.test.junit.AutoTests" name="[76] /home/travis/build/icyphy/ptII/ptolemy/actor/lib/test/auto/ComputeHistogram.xml (RunModel)" time="0.075" />
  <testcase classname="ptolemy.util.test.junit.AutoTests" name="[77] /home/travis/build/icyphy/ptII/ptolemy/actor/lib/test/auto/ConfigurationSelect.xml (RunModel)" time="0.022" />
  <testcase classname="ptolemy.util.test.junit.AutoTests" name="[78] /home/travis/build/icyphy/ptII/ptolemy/actor/lib/test/auto/ConfigurationSelect2.xml (RunModel)" time="0.017" />
  <testcase classname="ptolemy.util.test.junit.AutoTests" name="[79] /home/travis/build/icyphy/ptII/ptolemy/actor/lib/test/auto/ConfigurationSwitch.xml (RunModel)" time="0.026" />
  <testcase classname="ptolemy.util.test.junit.AutoTests" name="[80] /home/travis/build/icyphy/ptII/ptolemy/actor/lib/test/auto/ConfigurationSwitch2.xml (RunModel)" time="0.025" />
  <testcase classname="ptolemy.util.test.junit.AutoTests" name="[81] /home/travis/build/icyphy/ptII/ptolemy/actor/lib/test/auto/ConfigurationSwitchCloningBugWithClassRelationGroup.xml (RunModel)" time="0.015" />
  <testcase classname="ptolemy.util.test.junit.AutoTests" name="[82] /home/travis/build/icyphy/ptII/ptolemy/actor/lib/test/auto/ConfigurationSwitchSelectSDF.xml (RunModel)" time="0.015" />
  <testcase classname="ptolemy.util.test.junit.AutoTests" name="[83] /home/travis/build/icyphy/ptII/ptolemy/actor/lib/test/auto/ConfigurationSwitchSelectSDF2.xml (RunModel)" time="0.016" />
  <testcase classname="ptolemy.util.test.junit.AutoTests" name="[84] /home/travis/build/icyphy/ptII/ptolemy/actor/lib/test/auto/Const.xml (RunModel)" time="0.007" />
  <testcase classname="ptolemy.util.test.junit.AutoTests" name="[85] /home/travis/build/icyphy/ptII/ptolemy/actor/lib/test/auto/Const2.xml (RunModel)" time="0.051" />
  <testcase classname="ptolemy.util.test.junit.AutoTests" name="[86] /home/travis/build/icyphy/ptII/ptolemy/actor/lib/test/auto/Const3.xml (RunModel)" time="0.01" />
  <testcase classname="ptolemy.util.test.junit.AutoTests" name="[87] /home/travis/build/icyphy/ptII/ptolemy/actor/lib/test/auto/ConstantPublisherPort1.xml (RunModel)" time="0.023" />
  <testcase classname="ptolemy.util.test.junit.AutoTests" name="[88] /home/travis/build/icyphy/ptII/ptolemy/actor/lib/test/auto/ConstantPublisherPort2.xml (RunModel)" time="0.023" />
  <testcase classname="ptolemy.util.test.junit.AutoTests" name="[89] /home/travis/build/icyphy/ptII/ptolemy/actor/lib/test/auto/ConstantPublisherPort3.xml (RunModel)" time="0.017" />
  <testcase classname="ptolemy.util.test.junit.AutoTests" name="[90] /home/travis/build/icyphy/ptII/ptolemy/actor/lib/test/auto/ConstantPublisherPort4.xml (RunModel)" time="0.017" />
  <testcase classname="ptolemy.util.test.junit.AutoTests" name="[91] /home/travis/build/icyphy/ptII/ptolemy/actor/lib/test/auto/ConstantPublisherPort5.xml (RunModel)" time="0.05" />
  <testcase classname="ptolemy.util.test.junit.AutoTests" name="[92] /home/travis/build/icyphy/ptII/ptolemy/actor/lib/test/auto/ConstantPublisherPort6.xml (RunModel)" time="0.035" />
  <testcase classname="ptolemy.util.test.junit.AutoTests" name="[93] /home/travis/build/icyphy/ptII/ptolemy/actor/lib/test/auto/ConstantPublisherPort7.xml (RunModel)" time="0.038" />
  <testcase classname="ptolemy.util.test.junit.AutoTests" name="[94] /home/travis/build/icyphy/ptII/ptolemy/actor/lib/test/auto/ConstraintMonitor1.xml (RunModel)" time="0.045" />
  <testcase classname="ptolemy.util.test.junit.AutoTests" name="[95] /home/travis/build/icyphy/ptII/ptolemy/actor/lib/test/auto/ConstraintMonitor2.xml (RunModel)" time="0.013" />
  <testcase classname="ptolemy.util.test.junit.AutoTests" name="[96] /home/travis/build/icyphy/ptII/ptolemy/actor/lib/test/auto/ConstraintMonitor3.xml (RunModel)" time="0.016" />
  <testcase classname="ptolemy.util.test.junit.AutoTests" name="[97] /home/travis/build/icyphy/ptII/ptolemy/actor/lib/test/auto/ConstraintMonitor4.xml (RunModel)" time="0.01" />
  <testcase classname="ptolemy.util.test.junit.AutoTests" name="[98] /home/travis/build/icyphy/ptII/ptolemy/actor/lib/test/auto/ConstraintMonitor5.xml (RunModel)" time="0.015" />
  <testcase classname="ptolemy.util.test.junit.AutoTests" name="[99] /home/travis/build/icyphy/ptII/ptolemy/actor/lib/test/auto/ConstraintMonitor6.xml (RunModel)" time="0.014" />
  <testcase classname="ptolemy.util.test.junit.AutoTests" name="[100] /home/travis/build/icyphy/ptII/ptolemy/actor/lib/test/auto/ConstraintMonitor7.xml (RunModel)" time="0.015" />
  <testcase classname="ptolemy.util.test.junit.AutoTests" name="[101] /home/travis/build/icyphy/ptII/ptolemy/actor/lib/test/auto/ConstraintMonitor8.xml (RunModel)" time="0.017" />
  <testcase classname="ptolemy.util.test.junit.AutoTests" name="[102] /home/travis/build/icyphy/ptII/ptolemy/actor/lib/test/auto/Counter.xml (RunModel)" time="0.012" />
  <testcase classname="ptolemy.util.test.junit.AutoTests" name="[103] /home/travis/build/icyphy/ptII/ptolemy/actor/lib/test/auto/CurrentTimeSDF.xml (RunModel)" time="0.008" />
  <testcase classname="ptolemy.util.test.junit.AutoTests" name="[104] /home/travis/build/icyphy/ptII/ptolemy/actor/lib/test/auto/DB.xml (RunModel)" time="0.011" />
  <testcase classname="ptolemy.util.test.junit.AutoTests" name="[105] /home/travis/build/icyphy/ptII/ptolemy/actor/lib/test/auto/DBDE.xml (RunModel)" time="0.012" />
  <testcase classname="ptolemy.util.test.junit.AutoTests" name="[106] /home/travis/build/icyphy/ptII/ptolemy/actor/lib/test/auto/DateConstructor.xml (RunModel)" time="0.055" />
  <testcase classname="ptolemy.util.test.junit.AutoTests" name="[107] /home/travis/build/icyphy/ptII/ptolemy/actor/lib/test/auto/DelayTime.xml (RunModel)" time="0.022" />
  <testcase classname="ptolemy.util.test.junit.AutoTests" name="[108] /home/travis/build/icyphy/ptII/ptolemy/actor/lib/test/auto/Dictionary1.xml (RunModel)" time="0.021" />
  <testcase classname="ptolemy.util.test.junit.AutoTests" name="[109] /home/travis/build/icyphy/ptII/ptolemy/actor/lib/test/auto/Dictionary2.xml (RunModel)" time="0.014" />
  <testcase classname="ptolemy.util.test.junit.AutoTests" name="[110] /home/travis/build/icyphy/ptII/ptolemy/actor/lib/test/auto/Dictionary3.xml (RunModel)" time="0.013" />
  <testcase classname="ptolemy.util.test.junit.AutoTests" name="[111] /home/travis/build/icyphy/ptII/ptolemy/actor/lib/test/auto/Dictionary4.xml (RunModel)" time="0.016" />
  <testcase classname="ptolemy.util.test.junit.AutoTests" name="[112] /home/travis/build/icyphy/ptII/ptolemy/actor/lib/test/auto/Differential.xml (RunModel)" time="0.014" />
  <testcase classname="ptolemy.util.test.junit.AutoTests" name="[113] /home/travis/build/icyphy/ptII/ptolemy/actor/lib/test/auto/Director.xml (RunModel)" time="0.009" />
  <testcase classname="ptolemy.util.test.junit.AutoTests" name="[114] /home/travis/build/icyphy/ptII/ptolemy/actor/lib/test/auto/DiscreteClock.xml (RunModel)" time="0.008" />
  <testcase classname="ptolemy.util.test.junit.AutoTests" name="[115] /home/travis/build/icyphy/ptII/ptolemy/actor/lib/test/auto/DiscreteClock10.xml (RunModel)" time="0.013" />
  <testcase classname="ptolemy.util.test.junit.AutoTests" name="[116] /home/travis/build/icyphy/ptII/ptolemy/actor/lib/test/auto/DiscreteClock11.xml (RunModel)" time="0.014" />
  <testcase classname="ptolemy.util.test.junit.AutoTests" name="[117] /home/travis/build/icyphy/ptII/ptolemy/actor/lib/test/auto/DiscreteClock12.xml (RunModel)" time="0.014" />
  <testcase classname="ptolemy.util.test.junit.AutoTests" name="[118] /home/travis/build/icyphy/ptII/ptolemy/actor/lib/test/auto/DiscreteClock13.xml (RunModel)" time="0.016" />
  <testcase classname="ptolemy.util.test.junit.AutoTests" name="[119] /home/travis/build/icyphy/ptII/ptolemy/actor/lib/test/auto/DiscreteClock14.xml (RunModel)" time="0.017" />
  <testcase classname="ptolemy.util.test.junit.AutoTests" name="[120] /home/travis/build/icyphy/ptII/ptolemy/actor/lib/test/auto/DiscreteClock15.xml (RunModel)" time="0.016" />
  <testcase classname="ptolemy.util.test.junit.AutoTests" name="[121] /home/travis/build/icyphy/ptII/ptolemy/actor/lib/test/auto/DiscreteClock16.xml (RunModel)" time="0.049" />
  <testcase classname="ptolemy.util.test.junit.AutoTests" name="[122] /home/travis/build/icyphy/ptII/ptolemy/actor/lib/test/auto/DiscreteClock17.xml (RunModel)" time="0.039" />
  <testcase classname="ptolemy.util.test.junit.AutoTests" name="[123] /home/travis/build/icyphy/ptII/ptolemy/actor/lib/test/auto/DiscreteClock18.xml (RunModel)" time="0.042" />
  <testcase classname="ptolemy.util.test.junit.AutoTests" name="[124] /home/travis/build/icyphy/ptII/ptolemy/actor/lib/test/auto/DiscreteClock19.xml (RunModel)" time="0.092" />
  <testcase classname="ptolemy.util.test.junit.AutoTests" name="[125] /home/travis/build/icyphy/ptII/ptolemy/actor/lib/test/auto/DiscreteClock2.xml (RunModel)" time="0.014" />
  <testcase classname="ptolemy.util.test.junit.AutoTests" name="[126] /home/travis/build/icyphy/ptII/ptolemy/actor/lib/test/auto/DiscreteClock20.xml (RunModel)" time="0.022" />
  <testcase classname="ptolemy.util.test.junit.AutoTests" name="[127] /home/travis/build/icyphy/ptII/ptolemy/actor/lib/test/auto/DiscreteClock21.xml (RunModel)" time="0.021" />
  <testcase classname="ptolemy.util.test.junit.AutoTests" name="[128] /home/travis/build/icyphy/ptII/ptolemy/actor/lib/test/auto/DiscreteClock22.xml (RunModel)" time="0.013" />
  <testcase classname="ptolemy.util.test.junit.AutoTests" name="[129] /home/travis/build/icyphy/ptII/ptolemy/actor/lib/test/auto/DiscreteClock23.xml (RunModel)" time="0.02" />
  <testcase classname="ptolemy.util.test.junit.AutoTests" name="[130] /home/travis/build/icyphy/ptII/ptolemy/actor/lib/test/auto/DiscreteClock24.xml (RunModel)" time="0.014" />
  <testcase classname="ptolemy.util.test.junit.AutoTests" name="[131] /home/travis/build/icyphy/ptII/ptolemy/actor/lib/test/auto/DiscreteClock4.xml (RunModel)" time="0.013" />
  <testcase classname="ptolemy.util.test.junit.AutoTests" name="[132] /home/travis/build/icyphy/ptII/ptolemy/actor/lib/test/auto/DiscreteClock5.xml (RunModel)" time="0.01" />
  <testcase classname="ptolemy.util.test.junit.AutoTests" name="[133] /home/travis/build/icyphy/ptII/ptolemy/actor/lib/test/auto/DiscreteClock6.xml (RunModel)" time="0.01" />
  <testcase classname="ptolemy.util.test.junit.AutoTests" name="[134] /home/travis/build/icyphy/ptII/ptolemy/actor/lib/test/auto/DiscreteClock7.xml (RunModel)" time="0.011" />
  <testcase classname="ptolemy.util.test.junit.AutoTests" name="[135] /home/travis/build/icyphy/ptII/ptolemy/actor/lib/test/auto/DiscreteClock8.xml (RunModel)" time="0.027" />
  <testcase classname="ptolemy.util.test.junit.AutoTests" name="[136] /home/travis/build/icyphy/ptII/ptolemy/actor/lib/test/auto/DiscreteClock9.xml (RunModel)" time="0.013" />
  <testcase classname="ptolemy.util.test.junit.AutoTests" name="[137] /home/travis/build/icyphy/ptII/ptolemy/actor/lib/test/auto/DisplayArray.xml (RunModel)" time="0.01" />
  <testcase classname="ptolemy.util.test.junit.AutoTests" name="[138] /home/travis/build/icyphy/ptII/ptolemy/actor/lib/test/auto/Distributor.xml (RunModel)" time="0.01" />
  <testcase classname="ptolemy.util.test.junit.AutoTests" name="[139] /home/travis/build/icyphy/ptII/ptolemy/actor/lib/test/auto/Distributor2.xml (RunModel)" time="0.011" />
  <testcase classname="ptolemy.util.test.junit.AutoTests" name="[140] /home/travis/build/icyphy/ptII/ptolemy/actor/lib/test/auto/DownSample.xml (RunModel)" time="0.011" />
  <testcase classname="ptolemy.util.test.junit.AutoTests" name="[141] /home/travis/build/icyphy/ptII/ptolemy/actor/lib/test/auto/ElectronicUnitBase1.xml (RunModel)" time="0.071" />
  <testcase classname="ptolemy.util.test.junit.AutoTests" name="[142] /home/travis/build/icyphy/ptII/ptolemy/actor/lib/test/auto/ElementsToArray.xml (RunModel)" time="0.012" />
  <testcase classname="ptolemy.util.test.junit.AutoTests" name="[143] /home/travis/build/icyphy/ptII/ptolemy/actor/lib/test/auto/Equals.xml (RunModel)" time="0.014" />
  <testcase classname="ptolemy.util.test.junit.AutoTests" name="[144] /home/travis/build/icyphy/ptII/ptolemy/actor/lib/test/auto/Exec.xml (RunModel)" time="0.033" />
  <testcase classname="ptolemy.util.test.junit.AutoTests" name="[145] /home/travis/build/icyphy/ptII/ptolemy/actor/lib/test/auto/ExecEnvironment.xml (RunModel)" time="0.057" />
  <testcase classname="ptolemy.util.test.junit.AutoTests" name="[146] /home/travis/build/icyphy/ptII/ptolemy/actor/lib/test/auto/ExecNonZeroReturnOutput.xml (RunModel)" time="0.206" />
  <testcase classname="ptolemy.util.test.junit.AutoTests" name="[147] /home/travis/build/icyphy/ptII/ptolemy/actor/lib/test/auto/ExecRunDemos.xml (RunModel)" time="10.635" />
  <testcase classname="ptolemy.util.test.junit.AutoTests" name="[148] /home/travis/build/icyphy/ptII/ptolemy/actor/lib/test/auto/ExecStop.xml (RunModel)" time="5.033" />
  <testcase classname="ptolemy.util.test.junit.AutoTests" name="[149] /home/travis/build/icyphy/ptII/ptolemy/actor/lib/test/auto/ExecutionTimeSDF.xml (RunModel)" time="6.042" />
  <testcase classname="ptolemy.util.test.junit.AutoTests" name="[150] /home/travis/build/icyphy/ptII/ptolemy/actor/lib/test/auto/Expression1.xml (RunModel)" time="0.012" />
  <testcase classname="ptolemy.util.test.junit.AutoTests" name="[151] /home/travis/build/icyphy/ptII/ptolemy/actor/lib/test/auto/Expression10.xml (RunModel)" time="0.023" />
  <testcase classname="ptolemy.util.test.junit.AutoTests" name="[152] /home/travis/build/icyphy/ptII/ptolemy/actor/lib/test/auto/Expression11.xml (RunModel)" time="0.013" />
  <testcase classname="ptolemy.util.test.junit.AutoTests" name="[153] /home/travis/build/icyphy/ptII/ptolemy/actor/lib/test/auto/Expression12.xml (RunModel)" time="0.012" />
  <testcase classname="ptolemy.util.test.junit.AutoTests" name="[154] /home/travis/build/icyphy/ptII/ptolemy/actor/lib/test/auto/Expression13.xml (RunModel)" time="0.061" />
  <testcase classname="ptolemy.util.test.junit.AutoTests" name="[155] /home/travis/build/icyphy/ptII/ptolemy/actor/lib/test/auto/Expression14.xml (RunModel)" time="0.021" />
  <testcase classname="ptolemy.util.test.junit.AutoTests" name="[156] /home/travis/build/icyphy/ptII/ptolemy/actor/lib/test/auto/Expression15.xml (RunModel)" time="0.008" />
  <testcase classname="ptolemy.util.test.junit.AutoTests" name="[157] /home/travis/build/icyphy/ptII/ptolemy/actor/lib/test/auto/Expression16.xml (RunModel)" time="0.014" />
  <testcase classname="ptolemy.util.test.junit.AutoTests" name="[158] /home/travis/build/icyphy/ptII/ptolemy/actor/lib/test/auto/Expression17.xml (RunModel)" time="0.013" />
  <testcase classname="ptolemy.util.test.junit.AutoTests" name="[159] /home/travis/build/icyphy/ptII/ptolemy/actor/lib/test/auto/Expression18.xml (RunModel)" time="0.017" />
  <testcase classname="ptolemy.util.test.junit.AutoTests" name="[160] /home/travis/build/icyphy/ptII/ptolemy/actor/lib/test/auto/Expression2.xml (RunModel)" time="0.016" />
  <testcase classname="ptolemy.util.test.junit.AutoTests" name="[161] /home/travis/build/icyphy/ptII/ptolemy/actor/lib/test/auto/Expression3.xml (RunModel)" time="0.015" />
  <testcase classname="ptolemy.util.test.junit.AutoTests" name="[162] /home/travis/build/icyphy/ptII/ptolemy/actor/lib/test/auto/Expression4.xml (RunModel)" time="0.021" />
  <testcase classname="ptolemy.util.test.junit.AutoTests" name="[163] /home/travis/build/icyphy/ptII/ptolemy/actor/lib/test/auto/Expression5.xml (RunModel)" time="0.014" />
  <testcase classname="ptolemy.util.test.junit.AutoTests" name="[164] /home/travis/build/icyphy/ptII/ptolemy/actor/lib/test/auto/Expression6.xml (RunModel)" time="0.01" />
  <testcase classname="ptolemy.util.test.junit.AutoTests" name="[165] /home/travis/build/icyphy/ptII/ptolemy/actor/lib/test/auto/Expression7.xml (RunModel)" time="0.013" />
  <testcase classname="ptolemy.util.test.junit.AutoTests" name="[166] /home/travis/build/icyphy/ptII/ptolemy/actor/lib/test/auto/Expression8.xml (RunModel)" time="0.016" />
  <testcase classname="ptolemy.util.test.junit.AutoTests" name="[167] /home/travis/build/icyphy/ptII/ptolemy/actor/lib/test/auto/Expression9.xml (RunModel)" time="0.009" />
  <testcase classname="ptolemy.util.test.junit.AutoTests" name="[168] /home/travis/build/icyphy/ptII/ptolemy/actor/lib/test/auto/ExpressionConcatenateArrayType.xml (RunModel)" time="0.064" />
  <testcase classname="ptolemy.util.test.junit.AutoTests" name="[169] /home/travis/build/icyphy/ptII/ptolemy/actor/lib/test/auto/ExpressionConcatenateArrayType2.xml (RunModel)" time="0.018" />
  <testcase classname="ptolemy.util.test.junit.AutoTests" name="[170] /home/travis/build/icyphy/ptII/ptolemy/actor/lib/test/auto/ExpressionFix.xml (RunModel)" time="0.066" />
  <testcase classname="ptolemy.util.test.junit.AutoTests" name="[171] /home/travis/build/icyphy/ptII/ptolemy/actor/lib/test/auto/ExpressionFix2.xml (RunModel)" time="0.015" />
  <testcase classname="ptolemy.util.test.junit.AutoTests" name="[172] /home/travis/build/icyphy/ptII/ptolemy/actor/lib/test/auto/ExpressionFix3.xml (RunModel)" time="0.012" />
  <testcase classname="ptolemy.util.test.junit.AutoTests" name="[173] /home/travis/build/icyphy/ptII/ptolemy/actor/lib/test/auto/FileWriter1.xml (RunModel)" time="0.011" />
  <testcase classname="ptolemy.util.test.junit.AutoTests" name="[174] /home/travis/build/icyphy/ptII/ptolemy/actor/lib/test/auto/FileWriter2.xml (RunModel)" time="0.015" />
  <testcase classname="ptolemy.util.test.junit.AutoTests" name="[175] /home/travis/build/icyphy/ptII/ptolemy/actor/lib/test/auto/FileWriter3.xml (RunModel)" time="0.017" />
  <testcase classname="ptolemy.util.test.junit.AutoTests" name="[176] /home/travis/build/icyphy/ptII/ptolemy/actor/lib/test/auto/Gaussian.xml (RunModel)" time="0.015" />
  <testcase classname="ptolemy.util.test.junit.AutoTests" name="[177] /home/travis/build/icyphy/ptII/ptolemy/actor/lib/test/auto/Gaussian1.xml (RunModel)" time="0.017" />
  <testcase classname="ptolemy.util.test.junit.AutoTests" name="[178] /home/travis/build/icyphy/ptII/ptolemy/actor/lib/test/auto/Gaussian2.xml (RunModel)" time="0.047" />
  <testcase classname="ptolemy.util.test.junit.AutoTests" name="[179] /home/travis/build/icyphy/ptII/ptolemy/actor/lib/test/auto/GradientAdaptiveLattice.xml (RunModel)" time="0.016" />
  <testcase classname="ptolemy.util.test.junit.AutoTests" name="[180] /home/travis/build/icyphy/ptII/ptolemy/actor/lib/test/auto/IIR.xml (RunModel)" time="0.031" />
  <testcase classname="ptolemy.util.test.junit.AutoTests" name="[181] /home/travis/build/icyphy/ptII/ptolemy/actor/lib/test/auto/InputOutputTransparentPorts.xml (RunModel)" time="0.019" />
  <testcase classname="ptolemy.util.test.junit.AutoTests" name="[182] /home/travis/build/icyphy/ptII/ptolemy/actor/lib/test/auto/Interpolator.xml (RunModel)" time="0.013" />
  <testcase classname="ptolemy.util.test.junit.AutoTests" name="[183] /home/travis/build/icyphy/ptII/ptolemy/actor/lib/test/auto/InterpolatorFiringLimitDE.xml (RunModel)" time="0.013" />
  <testcase classname="ptolemy.util.test.junit.AutoTests" name="[184] /home/travis/build/icyphy/ptII/ptolemy/actor/lib/test/auto/Lattice.xml (RunModel)" time="0.01" />
  <testcase classname="ptolemy.util.test.junit.AutoTests" name="[185] /home/travis/build/icyphy/ptII/ptolemy/actor/lib/test/auto/LazyAOCTestLazy.xml (RunModel)" time="0.02" />
  <testcase classname="ptolemy.util.test.junit.AutoTests" name="[186] /home/travis/build/icyphy/ptII/ptolemy/actor/lib/test/auto/LazyAOCTestNonLazy.xml (RunModel)" time="0.044" />
  <testcase classname="ptolemy.util.test.junit.AutoTests" name="[187] /home/travis/build/icyphy/ptII/ptolemy/actor/lib/test/auto/LazyInnerClass.xml (RunModel)" time="0.025" />
  <testcase classname="ptolemy.util.test.junit.AutoTests" name="[188] /home/travis/build/icyphy/ptII/ptolemy/actor/lib/test/auto/LazyPubSub.xml (RunModel)" time="0.024" />
  <testcase classname="ptolemy.util.test.junit.AutoTests" name="[189] /home/travis/build/icyphy/ptII/ptolemy/actor/lib/test/auto/LazyPubSub2.xml (RunModel)" time="0.062" />
  <testcase classname="ptolemy.util.test.junit.AutoTests" name="[190] /home/travis/build/icyphy/ptII/ptolemy/actor/lib/test/auto/LazyPubSub3.xml (RunModel)" time="0.049" />
  <testcase classname="ptolemy.util.test.junit.AutoTests" name="[191] /home/travis/build/icyphy/ptII/ptolemy/actor/lib/test/auto/LazySubClassModel.xml (RunModel)" time="0.048" />
  <testcase classname="ptolemy.util.test.junit.AutoTests" name="[192] /home/travis/build/icyphy/ptII/ptolemy/actor/lib/test/auto/LevelCrossTest1.xml (RunModel)" time="0.009" />
  <testcase classname="ptolemy.util.test.junit.AutoTests" name="[193] /home/travis/build/icyphy/ptII/ptolemy/actor/lib/test/auto/LevelCrossTest10.xml (RunModel)" time="0.014" />
  <testcase classname="ptolemy.util.test.junit.AutoTests" name="[194] /home/travis/build/icyphy/ptII/ptolemy/actor/lib/test/auto/LevelCrossTest11.xml (RunModel)" time="0.016" />
  <testcase classname="ptolemy.util.test.junit.AutoTests" name="[195] /home/travis/build/icyphy/ptII/ptolemy/actor/lib/test/auto/LevelCrossTest12.xml (RunModel)" time="0.018" />
  <testcase classname="ptolemy.util.test.junit.AutoTests" name="[196] /home/travis/build/icyphy/ptII/ptolemy/actor/lib/test/auto/LevelCrossTest13.xml (RunModel)" time="0.014" />
  <testcase classname="ptolemy.util.test.junit.AutoTests" name="[197] /home/travis/build/icyphy/ptII/ptolemy/actor/lib/test/auto/LevelCrossTest2.xml (RunModel)" time="0.01" />
  <testcase classname="ptolemy.util.test.junit.AutoTests" name="[198] /home/travis/build/icyphy/ptII/ptolemy/actor/lib/test/auto/LevelCrossTest3.xml (RunModel)" time="0.014" />
  <testcase classname="ptolemy.util.test.junit.AutoTests" name="[199] /home/travis/build/icyphy/ptII/ptolemy/actor/lib/test/auto/LevelCrossTest4.xml (RunModel)" time="0.01" />
  <testcase classname="ptolemy.util.test.junit.AutoTests" name="[200] /home/travis/build/icyphy/ptII/ptolemy/actor/lib/test/auto/LevelCrossTest5.xml (RunModel)" time="0.012" />
  <testcase classname="ptolemy.util.test.junit.AutoTests" name="[201] /home/travis/build/icyphy/ptII/ptolemy/actor/lib/test/auto/LevelCrossTest6.xml (RunModel)" time="0.011" />
  <testcase classname="ptolemy.util.test.junit.AutoTests" name="[202] /home/travis/build/icyphy/ptII/ptolemy/actor/lib/test/auto/LevelCrossTest7.xml (RunModel)" time="0.025" />
  <testcase classname="ptolemy.util.test.junit.AutoTests" name="[203] /home/travis/build/icyphy/ptII/ptolemy/actor/lib/test/auto/LevelCrossTest8.xml (RunModel)" time="0.017" />
  <testcase classname="ptolemy.util.test.junit.AutoTests" name="[204] /home/travis/build/icyphy/ptII/ptolemy/actor/lib/test/auto/LevelCrossTest9.xml (RunModel)" time="0.015" />
  <testcase classname="ptolemy.util.test.junit.AutoTests" name="[205] /home/travis/build/icyphy/ptII/ptolemy/actor/lib/test/auto/LevinsonDurbin.xml (RunModel)" time="0.009" />
  <testcase classname="ptolemy.util.test.junit.AutoTests" name="[206] /home/travis/build/icyphy/ptII/ptolemy/actor/lib/test/auto/LevinsonDurbin2.xml (RunModel)" time="0.009" />
  <testcase classname="ptolemy.util.test.junit.AutoTests" name="[207] /home/travis/build/icyphy/ptII/ptolemy/actor/lib/test/auto/LevinsonDurbin3.xml (RunModel)" time="0.012" />
  <testcase classname="ptolemy.util.test.junit.AutoTests" name="[208] /home/travis/build/icyphy/ptII/ptolemy/actor/lib/test/auto/Limiter.xml (RunModel)" time="0.04" />
  <testcase classname="ptolemy.util.test.junit.AutoTests" name="[209] /home/travis/build/icyphy/ptII/ptolemy/actor/lib/test/auto/LinearDifferenceEquationSystem.xml (RunModel)" time="0.024" />
  <testcase classname="ptolemy.util.test.junit.AutoTests" name="[210] /home/travis/build/icyphy/ptII/ptolemy/actor/lib/test/auto/LookupTable.xml (RunModel)" time="0.01" />
  <testcase classname="ptolemy.util.test.junit.AutoTests" name="[211] /home/travis/build/icyphy/ptII/ptolemy/actor/lib/test/auto/MathFunction.xml (RunModel)" time="0.022" />
  <testcase classname="ptolemy.util.test.junit.AutoTests" name="[212] /home/travis/build/icyphy/ptII/ptolemy/actor/lib/test/auto/MathFunction2.xml (RunModel)" time="0.019" />
  <testcase classname="ptolemy.util.test.junit.AutoTests" name="[213] /home/travis/build/icyphy/ptII/ptolemy/actor/lib/test/auto/MathFunction3.xml (RunModel)" time="0.077" />
  <testcase classname="ptolemy.util.test.junit.AutoTests" name="[214] /home/travis/build/icyphy/ptII/ptolemy/actor/lib/test/auto/MatrixCropBoolean.xml (RunModel)" time="0.018" />
  <testcase classname="ptolemy.util.test.junit.AutoTests" name="[215] /home/travis/build/icyphy/ptII/ptolemy/actor/lib/test/auto/MatrixCropComplex.xml (RunModel)" time="0.015" />
  <testcase classname="ptolemy.util.test.junit.AutoTests" name="[216] /home/travis/build/icyphy/ptII/ptolemy/actor/lib/test/auto/MatrixCropDouble.xml (RunModel)" time="0.011" />
  <testcase classname="ptolemy.util.test.junit.AutoTests" name="[217] /home/travis/build/icyphy/ptII/ptolemy/actor/lib/test/auto/MatrixCropFix.xml (RunModel)" time="0.012" />
  <testcase classname="ptolemy.util.test.junit.AutoTests" name="[218] /home/travis/build/icyphy/ptII/ptolemy/actor/lib/test/auto/MatrixCropInt.xml (RunModel)" time="0.009" />
  <testcase classname="ptolemy.util.test.junit.AutoTests" name="[219] /home/travis/build/icyphy/ptII/ptolemy/actor/lib/test/auto/MatrixCropLong.xml (RunModel)" time="0.008" />
  <testcase classname="ptolemy.util.test.junit.AutoTests" name="[220] /home/travis/build/icyphy/ptII/ptolemy/actor/lib/test/auto/MatrixToArray.xml (RunModel)" time="0.05" />
  <testcase classname="ptolemy.util.test.junit.AutoTests" name="[221] /home/travis/build/icyphy/ptII/ptolemy/actor/lib/test/auto/MaxIndex.xml (RunModel)" time="0.01" />
  <testcase classname="ptolemy.util.test.junit.AutoTests" name="[222] /home/travis/build/icyphy/ptII/ptolemy/actor/lib/test/auto/Maximum.xml (RunModel)" time="0.019" />
  <testcase classname="ptolemy.util.test.junit.AutoTests" name="[223] /home/travis/build/icyphy/ptII/ptolemy/actor/lib/test/auto/MaximumComplex.xml (RunModel)" time="0.014" />
  <testcase classname="ptolemy.util.test.junit.AutoTests" name="[224] /home/travis/build/icyphy/ptII/ptolemy/actor/lib/test/auto/MethodCallTest.xml (RunModel)" time="0.021" />
  <testcase classname="ptolemy.util.test.junit.AutoTests" name="[225] /home/travis/build/icyphy/ptII/ptolemy/actor/lib/test/auto/Minimum.xml (RunModel)" time="0.014" />
  <testcase classname="ptolemy.util.test.junit.AutoTests" name="[226] /home/travis/build/icyphy/ptII/ptolemy/actor/lib/test/auto/MinimumComplex.xml (RunModel)" time="0.024" />
  <testcase classname="ptolemy.util.test.junit.AutoTests" name="[227] /home/travis/build/icyphy/ptII/ptolemy/actor/lib/test/auto/MinimumMultiports.xml (RunModel)" time="0.017" />
  <testcase classname="ptolemy.util.test.junit.AutoTests" name="[228] /home/travis/build/icyphy/ptII/ptolemy/actor/lib/test/auto/ModifyDate.xml (RunModel)" time="0.04" />
  <testcase classname="ptolemy.util.test.junit.AutoTests" name="[229] /home/travis/build/icyphy/ptII/ptolemy/actor/lib/test/auto/ModifyDate2.xml (RunModel)" time="0.026" />
  <testcase classname="ptolemy.util.test.junit.AutoTests" name="[230] /home/travis/build/icyphy/ptII/ptolemy/actor/lib/test/auto/MovingAverage.xml (RunModel)" time="0.01" />
  <testcase classname="ptolemy.util.test.junit.AutoTests" name="[231] /home/travis/build/icyphy/ptII/ptolemy/actor/lib/test/auto/MovingMaximum.xml (RunModel)" time="0.01" />
  <testcase classname="ptolemy.util.test.junit.AutoTests" name="[232] /home/travis/build/icyphy/ptII/ptolemy/actor/lib/test/auto/MultipleLinksToSameRelation.xml (RunModel)" time="0.007" />
  <testcase classname="ptolemy.util.test.junit.AutoTests" name="[233] /home/travis/build/icyphy/ptII/ptolemy/actor/lib/test/auto/MultipleLinksToSameRelationDE.xml (RunModel)" time="0.009" />
  <testcase classname="ptolemy.util.test.junit.AutoTests" name="[234] /home/travis/build/icyphy/ptII/ptolemy/actor/lib/test/auto/Multiplexor.xml (RunModel)" time="0.01" />
  <testcase classname="ptolemy.util.test.junit.AutoTests" name="[235] /home/travis/build/icyphy/ptII/ptolemy/actor/lib/test/auto/Multiplexor1.xml (RunModel)" time="0.009" />
  <testcase classname="ptolemy.util.test.junit.AutoTests" name="[236] /home/travis/build/icyphy/ptII/ptolemy/actor/lib/test/auto/Multiplexor2.xml (RunModel)" time="0.011" />
  <testcase classname="ptolemy.util.test.junit.AutoTests" name="[237] /home/travis/build/icyphy/ptII/ptolemy/actor/lib/test/auto/Multiplexor3.xml (RunModel)" time="0.008" />
  <testcase classname="ptolemy.util.test.junit.AutoTests" name="[238] /home/travis/build/icyphy/ptII/ptolemy/actor/lib/test/auto/MultiplexorDE.xml (RunModel)" time="0.017" />
  <testcase classname="ptolemy.util.test.junit.AutoTests" name="[239] /home/travis/build/icyphy/ptII/ptolemy/actor/lib/test/auto/MultiportBroadcastTest.xml (RunModel)" time="0.09" />
  <testcase classname="ptolemy.util.test.junit.AutoTests" name="[240] /home/travis/build/icyphy/ptII/ptolemy/actor/lib/test/auto/MultiportOutHangDuringGetWidth.xml (RunModel)" time="0.034" />
  <testcase classname="ptolemy.util.test.junit.AutoTests" name="[241] /home/travis/build/icyphy/ptII/ptolemy/actor/lib/test/auto/NilToken.xml (RunModel)" time="0.011" />
  <testcase classname="ptolemy.util.test.junit.AutoTests" name="[242] /home/travis/build/icyphy/ptII/ptolemy/actor/lib/test/auto/NilTokenNonStrictTest.xml (RunModel)" time="0.01" />
  <testcase classname="ptolemy.util.test.junit.AutoTests" name="[243] /home/travis/build/icyphy/ptII/ptolemy/actor/lib/test/auto/NilTokenRecord.xml (RunModel)" time="0.032" />
  <testcase classname="ptolemy.util.test.junit.AutoTests" name="[244] /home/travis/build/icyphy/ptII/ptolemy/actor/lib/test/auto/NilTokenTypeTest.xml (RunModel)" time="0.034" />
  <testcase classname="ptolemy.util.test.junit.AutoTests" name="[245] /home/travis/build/icyphy/ptII/ptolemy/actor/lib/test/auto/ObjectToken1.xml (RunModel)" time="0.008" />
  <testcase classname="ptolemy.util.test.junit.AutoTests" name="[246] /home/travis/build/icyphy/ptII/ptolemy/actor/lib/test/auto/OrderedMerge.xml (RunModel)" time="0.019" />
  <testcase classname="ptolemy.util.test.junit.AutoTests" name="[247] /home/travis/build/icyphy/ptII/ptolemy/actor/lib/test/auto/OrderedRecordDisassembler.xml (RunModel)" time="0.021" />
  <testcase classname="ptolemy.util.test.junit.AutoTests" name="[248] /home/travis/build/icyphy/ptII/ptolemy/actor/lib/test/auto/OrderedRecordDisassembler2.xml (RunModel)" time="0.022" />
  <testcase classname="ptolemy.util.test.junit.AutoTests" name="[249] /home/travis/build/icyphy/ptII/ptolemy/actor/lib/test/auto/OrderedRecordUpdater.xml (RunModel)" time="0.01" />
  <testcase classname="ptolemy.util.test.junit.AutoTests" name="[250] /home/travis/build/icyphy/ptII/ptolemy/actor/lib/test/auto/OrderedRecordUpdater2.xml (RunModel)" time="0.019" />
  <testcase classname="ptolemy.util.test.junit.AutoTests" name="[251] /home/travis/build/icyphy/ptII/ptolemy/actor/lib/test/auto/PhaseUnwrap.xml (RunModel)" time="0.012" />
  <testcase classname="ptolemy.util.test.junit.AutoTests" name="[252] /home/travis/build/icyphy/ptII/ptolemy/actor/lib/test/auto/PoissonClock.xml (RunModel)" time="0.01" />
  <testcase classname="ptolemy.util.test.junit.AutoTests" name="[253] /home/travis/build/icyphy/ptII/ptolemy/actor/lib/test/auto/PoissonClock2.xml (RunModel)" time="0.007" />
  <testcase classname="ptolemy.util.test.junit.AutoTests" name="[254] /home/travis/build/icyphy/ptII/ptolemy/actor/lib/test/auto/PoissonClock3.xml (RunModel)" time="0.026" />
  <testcase classname="ptolemy.util.test.junit.AutoTests" name="[255] /home/travis/build/icyphy/ptII/ptolemy/actor/lib/test/auto/PubSubWithInitialTokens.xml (RunModel)" time="0.016" />
  <testcase classname="ptolemy.util.test.junit.AutoTests" name="[256] /home/travis/build/icyphy/ptII/ptolemy/actor/lib/test/auto/PubSubWithInitialTokens2.xml (RunModel)" time="0.012" />
  <testcase classname="ptolemy.util.test.junit.AutoTests" name="[257] /home/travis/build/icyphy/ptII/ptolemy/actor/lib/test/auto/PublisherClassNoParameter.xml (RunModel)" time="0.026" />
  <testcase classname="ptolemy.util.test.junit.AutoTests" name="[258] /home/travis/build/icyphy/ptII/ptolemy/actor/lib/test/auto/PublisherClassParameter.xml (RunModel)" time="0.022" />
  <testcase classname="ptolemy.util.test.junit.AutoTests" name="[259] /home/travis/build/icyphy/ptII/ptolemy/actor/lib/test/auto/PublisherNonStrictTest.xml (RunModel)" time="0.014" />
  <testcase classname="ptolemy.util.test.junit.AutoTests" name="[260] /home/travis/build/icyphy/ptII/ptolemy/actor/lib/test/auto/PublisherPort1.xml (RunModel)" time="0.01" />
  <testcase classname="ptolemy.util.test.junit.AutoTests" name="[261] /home/travis/build/icyphy/ptII/ptolemy/actor/lib/test/auto/PublisherPort2.xml (RunModel)" time="0.008" />
  <testcase classname="ptolemy.util.test.junit.AutoTests" name="[262] /home/travis/build/icyphy/ptII/ptolemy/actor/lib/test/auto/PublisherPort3.xml (RunModel)" time="0.018" />
  <testcase classname="ptolemy.util.test.junit.AutoTests" name="[263] /home/travis/build/icyphy/ptII/ptolemy/actor/lib/test/auto/PublisherPort4.xml (RunModel)" time="0.017" />
  <testcase classname="ptolemy.util.test.junit.AutoTests" name="[264] /home/travis/build/icyphy/ptII/ptolemy/actor/lib/test/auto/PublisherPort5.xml (RunModel)" time="0.014" />
  <testcase classname="ptolemy.util.test.junit.AutoTests" name="[265] /home/travis/build/icyphy/ptII/ptolemy/actor/lib/test/auto/PublisherPort5LookAlike.xml (RunModel)" time="0.018" />
  <testcase classname="ptolemy.util.test.junit.AutoTests" name="[266] /home/travis/build/icyphy/ptII/ptolemy/actor/lib/test/auto/PublisherPort6.xml (RunModel)" time="0.011" />
  <testcase classname="ptolemy.util.test.junit.AutoTests" name="[267] /home/travis/build/icyphy/ptII/ptolemy/actor/lib/test/auto/PublisherPort7.xml (RunModel)" time="0.014" />
  <testcase classname="ptolemy.util.test.junit.AutoTests" name="[268] /home/travis/build/icyphy/ptII/ptolemy/actor/lib/test/auto/PublisherPort8.xml (RunModel)" time="0.057" />
  <testcase classname="ptolemy.util.test.junit.AutoTests" name="[269] /home/travis/build/icyphy/ptII/ptolemy/actor/lib/test/auto/PublisherPortSubscriberChannelVariablesAOC2.xml (RunModel)" time="0.042" />
  <testcase classname="ptolemy.util.test.junit.AutoTests" name="[270] /home/travis/build/icyphy/ptII/ptolemy/actor/lib/test/auto/PublisherPortSubscriberOpaqueWidthInference.xml (RunModel)" time="0.014" />
  <testcase classname="ptolemy.util.test.junit.AutoTests" name="[271] /home/travis/build/icyphy/ptII/ptolemy/actor/lib/test/auto/PublisherPortSubscriberPortAdjacent.xml (RunModel)" time="0.017" />
  <testcase classname="ptolemy.util.test.junit.AutoTests" name="[272] /home/travis/build/icyphy/ptII/ptolemy/actor/lib/test/auto/PublisherPortSubscriberPortExpression.xml (RunModel)" time="0.014" />
  <testcase classname="ptolemy.util.test.junit.AutoTests" name="[273] /home/travis/build/icyphy/ptII/ptolemy/actor/lib/test/auto/PublisherPortSubscriberPortOpaqueD3Reverse.xml (RunModel)" time="0.017" />
  <testcase classname="ptolemy.util.test.junit.AutoTests" name="[274] /home/travis/build/icyphy/ptII/ptolemy/actor/lib/test/auto/PublisherPortSubscriberPortOpaqueWidthInference.xml (RunModel)" time="0.018" />
  <testcase classname="ptolemy.util.test.junit.AutoTests" name="[275] /home/travis/build/icyphy/ptII/ptolemy/actor/lib/test/auto/PublisherPortToplevelSubscriberPortAOC.xml (RunModel)" time="0.01" />
  <testcase classname="ptolemy.util.test.junit.AutoTests" name="[276] /home/travis/build/icyphy/ptII/ptolemy/actor/lib/test/auto/PublisherSubscriber.xml (RunModel)" time="0.011" />
  <testcase classname="ptolemy.util.test.junit.AutoTests" name="[277] /home/travis/build/icyphy/ptII/ptolemy/actor/lib/test/auto/PublisherSubscriber10.xml (RunModel)" time="0.02" />
  <testcase classname="ptolemy.util.test.junit.AutoTests" name="[278] /home/travis/build/icyphy/ptII/ptolemy/actor/lib/test/auto/PublisherSubscriber10InitialOutputs.xml (RunModel)" time="0.028" />
  <testcase classname="ptolemy.util.test.junit.AutoTests" name="[279] /home/travis/build/icyphy/ptII/ptolemy/actor/lib/test/auto/PublisherSubscriber11.xml (RunModel)" time="0.017" />
  <testcase classname="ptolemy.util.test.junit.AutoTests" name="[280] /home/travis/build/icyphy/ptII/ptolemy/actor/lib/test/auto/PublisherSubscriber12.xml (RunModel)" time="0.016" />
  <testcase classname="ptolemy.util.test.junit.AutoTests" name="[281] /home/travis/build/icyphy/ptII/ptolemy/actor/lib/test/auto/PublisherSubscriber13.xml (RunModel)" time="0.01" />
  <testcase classname="ptolemy.util.test.junit.AutoTests" name="[282] /home/travis/build/icyphy/ptII/ptolemy/actor/lib/test/auto/PublisherSubscriber14.xml (RunModel)" time="0.026" />
  <testcase classname="ptolemy.util.test.junit.AutoTests" name="[283] /home/travis/build/icyphy/ptII/ptolemy/actor/lib/test/auto/PublisherSubscriber2.xml (RunModel)" time="0.01" />
  <testcase classname="ptolemy.util.test.junit.AutoTests" name="[284] /home/travis/build/icyphy/ptII/ptolemy/actor/lib/test/auto/PublisherSubscriber3.xml (RunModel)" time="0.018" />
  <testcase classname="ptolemy.util.test.junit.AutoTests" name="[285] /home/travis/build/icyphy/ptII/ptolemy/actor/lib/test/auto/PublisherSubscriber4.xml (RunModel)" time="0.008" />
  <testcase classname="ptolemy.util.test.junit.AutoTests" name="[286] /home/travis/build/icyphy/ptII/ptolemy/actor/lib/test/auto/PublisherSubscriber5.xml (RunModel)" time="0.011" />
  <testcase classname="ptolemy.util.test.junit.AutoTests" name="[287] /home/travis/build/icyphy/ptII/ptolemy/actor/lib/test/auto/PublisherSubscriber6.xml (RunModel)" time="0.013" />
  <testcase classname="ptolemy.util.test.junit.AutoTests" name="[288] /home/travis/build/icyphy/ptII/ptolemy/actor/lib/test/auto/PublisherSubscriber7.xml (RunModel)" time="0.018" />
  <testcase classname="ptolemy.util.test.junit.AutoTests" name="[289] /home/travis/build/icyphy/ptII/ptolemy/actor/lib/test/auto/PublisherSubscriber8.xml (RunModel)" time="0.035" />
  <testcase classname="ptolemy.util.test.junit.AutoTests" name="[290] /home/travis/build/icyphy/ptII/ptolemy/actor/lib/test/auto/PublisherSubscriber9.xml (RunModel)" time="0.014" />
  <testcase classname="ptolemy.util.test.junit.AutoTests" name="[291] /home/travis/build/icyphy/ptII/ptolemy/actor/lib/test/auto/PublisherSubscriberAdjacent.xml (RunModel)" time="0.015" />
  <testcase classname="ptolemy.util.test.junit.AutoTests" name="[292] /home/travis/build/icyphy/ptII/ptolemy/actor/lib/test/auto/PublisherSubscriberChannelVariablesAOC2.xml (RunModel)" time="0.032" />
  <testcase classname="ptolemy.util.test.junit.AutoTests" name="[293] /home/travis/build/icyphy/ptII/ptolemy/actor/lib/test/auto/PublisherSubscriberD3.xml (RunModel)" time="0.013" />
  <testcase classname="ptolemy.util.test.junit.AutoTests" name="[294] /home/travis/build/icyphy/ptII/ptolemy/actor/lib/test/auto/PublisherSubscriberD3Reverse.xml (RunModel)" time="0.011" />
  <testcase classname="ptolemy.util.test.junit.AutoTests" name="[295] /home/travis/build/icyphy/ptII/ptolemy/actor/lib/test/auto/PublisherSubscriberExpression.xml (RunModel)" time="0.016" />
  <testcase classname="ptolemy.util.test.junit.AutoTests" name="[296] /home/travis/build/icyphy/ptII/ptolemy/actor/lib/test/auto/PublisherSubscriberOpaque.xml (RunModel)" time="0.014" />
  <testcase classname="ptolemy.util.test.junit.AutoTests" name="[297] /home/travis/build/icyphy/ptII/ptolemy/actor/lib/test/auto/PublisherSubscriberOpaqueD3.xml (RunModel)" time="0.025" />
  <testcase classname="ptolemy.util.test.junit.AutoTests" name="[298] /home/travis/build/icyphy/ptII/ptolemy/actor/lib/test/auto/PublisherSubscriberOpaqueD3Reverse.xml (RunModel)" time="0.019" />
  <testcase classname="ptolemy.util.test.junit.AutoTests" name="[299] /home/travis/build/icyphy/ptII/ptolemy/actor/lib/test/auto/PublisherSubscriberOpaqueWidthInference.xml (RunModel)" time="0.015" />
  <testcase classname="ptolemy.util.test.junit.AutoTests" name="[300] /home/travis/build/icyphy/ptII/ptolemy/actor/lib/test/auto/PublisherTestSubscriber.xml (RunModel)" time="0.014" />
  <testcase classname="ptolemy.util.test.junit.AutoTests" name="[301] /home/travis/build/icyphy/ptII/ptolemy/actor/lib/test/auto/PublisherToplevelSubscriberPortAOC.xml (RunModel)" time="0.009" />
  <testcase classname="ptolemy.util.test.junit.AutoTests" name="[302] /home/travis/build/icyphy/ptII/ptolemy/actor/lib/test/auto/PulseFiringLimitDE.xml (RunModel)" time="0.014" />
  <testcase classname="ptolemy.util.test.junit.AutoTests" name="[303] /home/travis/build/icyphy/ptII/ptolemy/actor/lib/test/auto/Ramp1.xml (RunModel)" time="0.006" />
  <testcase classname="ptolemy.util.test.junit.AutoTests" name="[304] /home/travis/build/icyphy/ptII/ptolemy/actor/lib/test/auto/RampFiringLimitDE.xml (RunModel)" time="0.01" />
  <testcase classname="ptolemy.util.test.junit.AutoTests" name="[305] /home/travis/build/icyphy/ptII/ptolemy/actor/lib/test/auto/RampFiringLimitSDF.xml (RunModel)" time="0.008" />
  <testcase classname="ptolemy.util.test.junit.AutoTests" name="[306] /home/travis/build/icyphy/ptII/ptolemy/actor/lib/test/auto/RandomInteger.xml (RunModel)" time="0.007" />
  <testcase classname="ptolemy.util.test.junit.AutoTests" name="[307] /home/travis/build/icyphy/ptII/ptolemy/actor/lib/test/auto/ReadFile1.xml (RunModel)" time="0.007" />
  <testcase classname="ptolemy.util.test.junit.AutoTests" name="[308] /home/travis/build/icyphy/ptII/ptolemy/actor/lib/test/auto/ReadFile2.xml (RunModel)" time="0.006" />
  <testcase classname="ptolemy.util.test.junit.AutoTests" name="[309] /home/travis/build/icyphy/ptII/ptolemy/actor/lib/test/auto/Reader.xml (RunModel)" time="0.014" />
  <testcase classname="ptolemy.util.test.junit.AutoTests" name="[310] /home/travis/build/icyphy/ptII/ptolemy/actor/lib/test/auto/RecordAssemblerDisplayNameTest.xml (RunModel)" time="4.088" />
  <testcase classname="ptolemy.util.test.junit.AutoTests" name="[311] /home/travis/build/icyphy/ptII/ptolemy/actor/lib/test/auto/RecordAssemblerTypeError.xml (RunModel)" time="0.036" />
  <testcase classname="ptolemy.util.test.junit.AutoTests" name="[312] /home/travis/build/icyphy/ptII/ptolemy/actor/lib/test/auto/RecordDisassember.xml (RunModel)" time="0.009" />
  <testcase classname="ptolemy.util.test.junit.AutoTests" name="[313] /home/travis/build/icyphy/ptII/ptolemy/actor/lib/test/auto/RecordDisassemberDisplayNameTest.xml (RunModel)" time="0.016" />
  <testcase classname="ptolemy.util.test.junit.AutoTests" name="[314] /home/travis/build/icyphy/ptII/ptolemy/actor/lib/test/auto/RecordDisassembler.xml (RunModel)" time="0.01" />
  <testcase classname="ptolemy.util.test.junit.AutoTests" name="[315] /home/travis/build/icyphy/ptII/ptolemy/actor/lib/test/auto/RecordDisassembler2.xml (RunModel)" time="0.011" />
  <testcase classname="ptolemy.util.test.junit.AutoTests" name="[316] /home/travis/build/icyphy/ptII/ptolemy/actor/lib/test/auto/RecordUpdater.xml (RunModel)" time="0.009" />
  <testcase classname="ptolemy.util.test.junit.AutoTests" name="[317] /home/travis/build/icyphy/ptII/ptolemy/actor/lib/test/auto/RecordUpdater2.xml (RunModel)" time="0.008" />
  <testcase classname="ptolemy.util.test.junit.AutoTests" name="[318] /home/travis/build/icyphy/ptII/ptolemy/actor/lib/test/auto/RecursiveLattice.xml (RunModel)" time="0.008" />
  <testcase classname="ptolemy.util.test.junit.AutoTests" name="[319] /home/travis/build/icyphy/ptII/ptolemy/actor/lib/test/auto/Router.xml (RunModel)" time="3.023" />
  <testcase classname="ptolemy.util.test.junit.AutoTests" name="[320] /home/travis/build/icyphy/ptII/ptolemy/actor/lib/test/auto/Router2.xml (RunModel)" time="3.031" />
  <testcase classname="ptolemy.util.test.junit.AutoTests" name="[321] /home/travis/build/icyphy/ptII/ptolemy/actor/lib/test/auto/RunningMaximum.xml (RunModel)" time="0.024" />
  <testcase classname="ptolemy.util.test.junit.AutoTests" name="[322] /home/travis/build/icyphy/ptII/ptolemy/actor/lib/test/auto/RunningMinimum.xml (RunModel)" time="0.018" />
  <testcase classname="ptolemy.util.test.junit.AutoTests" name="[323] /home/travis/build/icyphy/ptII/ptolemy/actor/lib/test/auto/Scale.xml (RunModel)" time="0.008" />
  <testcase classname="ptolemy.util.test.junit.AutoTests" name="[324] /home/travis/build/icyphy/ptII/ptolemy/actor/lib/test/auto/Scale2.xml (RunModel)" time="0.009" />
  <testcase classname="ptolemy.util.test.junit.AutoTests" name="[325] /home/travis/build/icyphy/ptII/ptolemy/actor/lib/test/auto/Scale3.xml (RunModel)" time="0.012" />
  <testcase classname="ptolemy.util.test.junit.AutoTests" name="[326] /home/travis/build/icyphy/ptII/ptolemy/actor/lib/test/auto/ScaleArray.xml (RunModel)" time="0.006" />
  <testcase classname="ptolemy.util.test.junit.AutoTests" name="[327] /home/travis/build/icyphy/ptII/ptolemy/actor/lib/test/auto/ScaleArray2.xml (RunModel)" time="0.007" />
  <testcase classname="ptolemy.util.test.junit.AutoTests" name="[328] /home/travis/build/icyphy/ptII/ptolemy/actor/lib/test/auto/ScaleMatrix.xml (RunModel)" time="0.185" />
  <testcase classname="ptolemy.util.test.junit.AutoTests" name="[329] /home/travis/build/icyphy/ptII/ptolemy/actor/lib/test/auto/Select.xml (RunModel)" time="0.014" />
  <testcase classname="ptolemy.util.test.junit.AutoTests" name="[330] /home/travis/build/icyphy/ptII/ptolemy/actor/lib/test/auto/Select2.xml (RunModel)" time="0.007" />
  <testcase classname="ptolemy.util.test.junit.AutoTests" name="[331] /home/travis/build/icyphy/ptII/ptolemy/actor/lib/test/auto/SequenceToArray2.xml (RunModel)" time="0.113" />
  <testcase classname="ptolemy.util.test.junit.AutoTests" name="[332] /home/travis/build/icyphy/ptII/ptolemy/actor/lib/test/auto/SequentialClock.xml (RunModel)" time="0.01" />
  <testcase classname="ptolemy.util.test.junit.AutoTests" name="[333] /home/travis/build/icyphy/ptII/ptolemy/actor/lib/test/auto/SetVariable.xml (RunModel)" time="0.009" />
  <testcase classname="ptolemy.util.test.junit.AutoTests" name="[334] /home/travis/build/icyphy/ptII/ptolemy/actor/lib/test/auto/SetVariable2.xml (RunModel)" time="0.01" />
  <testcase classname="ptolemy.util.test.junit.AutoTests" name="[335] /home/travis/build/icyphy/ptII/ptolemy/actor/lib/test/auto/SetVariable3.xml (RunModel)" time="0.017" />
  <testcase classname="ptolemy.util.test.junit.AutoTests" name="[336] /home/travis/build/icyphy/ptII/ptolemy/actor/lib/test/auto/SetVariable4.xml (RunModel)" time="0.032" />
  <testcase classname="ptolemy.util.test.junit.AutoTests" name="[337] /home/travis/build/icyphy/ptII/ptolemy/actor/lib/test/auto/SetVariable5.xml (RunModel)" time="0.034" />
  <testcase classname="ptolemy.util.test.junit.AutoTests" name="[338] /home/travis/build/icyphy/ptII/ptolemy/actor/lib/test/auto/Sinewave.xml (RunModel)" time="0.024" />
  <testcase classname="ptolemy.util.test.junit.AutoTests" name="[339] /home/travis/build/icyphy/ptII/ptolemy/actor/lib/test/auto/Sinewave2.xml (RunModel)" time="0.015" />
  <testcase classname="ptolemy.util.test.junit.AutoTests" name="[340] /home/travis/build/icyphy/ptII/ptolemy/actor/lib/test/auto/Sinewave3.xml (RunModel)" time="0.076" />
  <testcase classname="ptolemy.util.test.junit.AutoTests" name="[341] /home/travis/build/icyphy/ptII/ptolemy/actor/lib/test/auto/SingleEvent.xml (RunModel)" time="0.009" />
  <testcase classname="ptolemy.util.test.junit.AutoTests" name="[342] /home/travis/build/icyphy/ptII/ptolemy/actor/lib/test/auto/Sleep.xml (RunModel)" time="6.021" />
  <testcase classname="ptolemy.util.test.junit.AutoTests" name="[343] /home/travis/build/icyphy/ptII/ptolemy/actor/lib/test/auto/SleepMultipleFire.xml (RunModel)" time="1.022" />
  <testcase classname="ptolemy.util.test.junit.AutoTests" name="[344] /home/travis/build/icyphy/ptII/ptolemy/actor/lib/test/auto/StopDE.xml (RunModel)" time="0.019" />
  <testcase classname="ptolemy.util.test.junit.AutoTests" name="[345] /home/travis/build/icyphy/ptII/ptolemy/actor/lib/test/auto/StopSDF.xml (RunModel)" time="0.014" />
  <testcase classname="ptolemy.util.test.junit.AutoTests" name="[346] /home/travis/build/icyphy/ptII/ptolemy/actor/lib/test/auto/StringConstant.xml (RunModel)" time="0.016" />
  <testcase classname="ptolemy.util.test.junit.AutoTests" name="[347] /home/travis/build/icyphy/ptII/ptolemy/actor/lib/test/auto/SubscriberPortInitialValues1.xml (RunModel)" time="0.022" />
  <testcase classname="ptolemy.util.test.junit.AutoTests" name="[348] /home/travis/build/icyphy/ptII/ptolemy/actor/lib/test/auto/SubscriberPortInitialValues13.xml (RunModel)" time="0.026" />
  <testcase classname="ptolemy.util.test.junit.AutoTests" name="[349] /home/travis/build/icyphy/ptII/ptolemy/actor/lib/test/auto/SubscriberPortInitialValues14.xml (RunModel)" time="0.015" />
  <testcase classname="ptolemy.util.test.junit.AutoTests" name="[350] /home/travis/build/icyphy/ptII/ptolemy/actor/lib/test/auto/SubscriberPortInitialValues2.xml (RunModel)" time="0.016" />
  <testcase classname="ptolemy.util.test.junit.AutoTests" name="[351] /home/travis/build/icyphy/ptII/ptolemy/actor/lib/test/auto/SubscriberPortInitialValues3.xml (RunModel)" time="0.017" />
  <testcase classname="ptolemy.util.test.junit.AutoTests" name="[352] /home/travis/build/icyphy/ptII/ptolemy/actor/lib/test/auto/SubscriptionAggregator.xml (RunModel)" time="0.012" />
  <testcase classname="ptolemy.util.test.junit.AutoTests" name="[353] /home/travis/build/icyphy/ptII/ptolemy/actor/lib/test/auto/SubscriptionAggregator2.xml (RunModel)" time="0.011" />
  <testcase classname="ptolemy.util.test.junit.AutoTests" name="[354] /home/travis/build/icyphy/ptII/ptolemy/actor/lib/test/auto/SubscriptionAggregator3.xml (RunModel)" time="0.017" />
  <testcase classname="ptolemy.util.test.junit.AutoTests" name="[355] /home/travis/build/icyphy/ptII/ptolemy/actor/lib/test/auto/SubscriptionAggregatorMultiply.xml (RunModel)" time="0.014" />
  <testcase classname="ptolemy.util.test.junit.AutoTests" name="[356] /home/travis/build/icyphy/ptII/ptolemy/actor/lib/test/auto/SubscriptionAggregatorPortMultiply1.xml (RunModel)" time="0.013" />
  <testcase classname="ptolemy.util.test.junit.AutoTests" name="[357] /home/travis/build/icyphy/ptII/ptolemy/actor/lib/test/auto/Switch.xml (RunModel)" time="0.017" />
  <testcase classname="ptolemy.util.test.junit.AutoTests" name="[358] /home/travis/build/icyphy/ptII/ptolemy/actor/lib/test/auto/Switch2.xml (RunModel)" time="0.013" />
  <testcase classname="ptolemy.util.test.junit.AutoTests" name="[359] /home/travis/build/icyphy/ptII/ptolemy/actor/lib/test/auto/SwitchDE.xml (RunModel)" time="0.014" />
  <testcase classname="ptolemy.util.test.junit.AutoTests" name="[360] /home/travis/build/icyphy/ptII/ptolemy/actor/lib/test/auto/SynchronizerDE.xml (RunModel)" time="0.019" />
  <testcase classname="ptolemy.util.test.junit.AutoTests" name="[361] /home/travis/build/icyphy/ptII/ptolemy/actor/lib/test/auto/Test.xml (RunModel)" time="0.008" />
  <testcase classname="ptolemy.util.test.junit.AutoTests" name="[362] /home/travis/build/icyphy/ptII/ptolemy/actor/lib/test/auto/TestExceptionAttribute1.xml (RunModel)" time="0.006" />
  <testcase classname="ptolemy.util.test.junit.AutoTests" name="[363] /home/travis/build/icyphy/ptII/ptolemy/actor/lib/test/auto/TestExceptionAttribute2.xml (RunModel)" time="0.007" />
  <testcase classname="ptolemy.util.test.junit.AutoTests" name="[364] /home/travis/build/icyphy/ptII/ptolemy/actor/lib/test/auto/TestExceptionAttribute3.xml (RunModel)" time="0.01" />
  <testcase classname="ptolemy.util.test.junit.AutoTests" name="[365] /home/travis/build/icyphy/ptII/ptolemy/actor/lib/test/auto/TestExceptionAttribute4.xml (RunModel)" time="0.006" />
  <testcase classname="ptolemy.util.test.junit.AutoTests" name="[366] /home/travis/build/icyphy/ptII/ptolemy/actor/lib/test/auto/TestExceptionHandler1.xml (RunModel)" time="0.006" />
  <testcase classname="ptolemy.util.test.junit.AutoTests" name="[367] /home/travis/build/icyphy/ptII/ptolemy/actor/lib/test/auto/TestExceptionHandler2.xml (RunModel)" time="0.007" />
  <testcase classname="ptolemy.util.test.junit.AutoTests" name="[368] /home/travis/build/icyphy/ptII/ptolemy/actor/lib/test/auto/TestExceptionHandler3.xml (RunModel)" time="0.004" />
  <testcase classname="ptolemy.util.test.junit.AutoTests" name="[369] /home/travis/build/icyphy/ptII/ptolemy/actor/lib/test/auto/TestExceptionHandler4.xml (RunModel)" time="0.005" />
  <testcase classname="ptolemy.util.test.junit.AutoTests" name="[370] /home/travis/build/icyphy/ptII/ptolemy/actor/lib/test/auto/TestRequireCorrectOrder.xml (RunModel)" time="0.017" />
  <testcase classname="ptolemy.util.test.junit.AutoTests" name="[371] /home/travis/build/icyphy/ptII/ptolemy/actor/lib/test/auto/TestSimple.xml (RunModel)" time="0.009" />
  <testcase classname="ptolemy.util.test.junit.AutoTests" name="[372] /home/travis/build/icyphy/ptII/ptolemy/actor/lib/test/auto/ThrowModelError.xml (RunModel)" time="0.01" />
  <testcase classname="ptolemy.util.test.junit.AutoTests" name="[373] /home/travis/build/icyphy/ptII/ptolemy/actor/lib/test/auto/TimeDelayMicrosteps.xml (RunModel)" time="0.012" />
  <testcase classname="ptolemy.util.test.junit.AutoTests" name="[374] /home/travis/build/icyphy/ptII/ptolemy/actor/lib/test/auto/TimeDelayMicrosteps2.xml (RunModel)" time="0.015" />
  <testcase classname="ptolemy.util.test.junit.AutoTests" name="[375] /home/travis/build/icyphy/ptII/ptolemy/actor/lib/test/auto/TimeDelayMicrosteps3.xml (RunModel)" time="0.012" />
  <testcase classname="ptolemy.util.test.junit.AutoTests" name="[376] /home/travis/build/icyphy/ptII/ptolemy/actor/lib/test/auto/TimeDelayVariableMicrosteps.xml (RunModel)" time="0.012" />
  <testcase classname="ptolemy.util.test.junit.AutoTests" name="[377] /home/travis/build/icyphy/ptII/ptolemy/actor/lib/test/auto/TimeGap.xml (RunModel)" time="0.037" />
  <testcase classname="ptolemy.util.test.junit.AutoTests" name="[378] /home/travis/build/icyphy/ptII/ptolemy/actor/lib/test/auto/TimeGap2.xml (RunModel)" time="0.011" />
  <testcase classname="ptolemy.util.test.junit.AutoTests" name="[379] /home/travis/build/icyphy/ptII/ptolemy/actor/lib/test/auto/TimedSinewave.xml (RunModel)" time="0.048" />
  <testcase classname="ptolemy.util.test.junit.AutoTests" name="[380] /home/travis/build/icyphy/ptII/ptolemy/actor/lib/test/auto/TimedSinewavePhase.xml (RunModel)" time="0.036" />
  <testcase classname="ptolemy.util.test.junit.AutoTests" name="[381] /home/travis/build/icyphy/ptII/ptolemy/actor/lib/test/auto/Timer.xml (RunModel)" time="0.023" />
  <testcase classname="ptolemy.util.test.junit.AutoTests" name="[382] /home/travis/build/icyphy/ptII/ptolemy/actor/lib/test/auto/TriangularDistTestModel.xml (RunModel)" time="0.016" />
  <testcase classname="ptolemy.util.test.junit.AutoTests" name="[383] /home/travis/build/icyphy/ptII/ptolemy/actor/lib/test/auto/TrigFunction.xml (RunModel)" time="0.008" />
  <testcase classname="ptolemy.util.test.junit.AutoTests" name="[384] /home/travis/build/icyphy/ptII/ptolemy/actor/lib/test/auto/TrigFunctionDE.xml (RunModel)" time="0.01" />
  <testcase classname="ptolemy.util.test.junit.AutoTests" name="[385] /home/travis/build/icyphy/ptII/ptolemy/actor/lib/test/auto/TrigFunctionInverse.xml (RunModel)" time="0.009" />
  <testcase classname="ptolemy.util.test.junit.AutoTests" name="[386] /home/travis/build/icyphy/ptII/ptolemy/actor/lib/test/auto/TrigFunctionTan.xml (RunModel)" time="0.007" />
  <testcase classname="ptolemy.util.test.junit.AutoTests" name="[387] /home/travis/build/icyphy/ptII/ptolemy/actor/lib/test/auto/TriggeredClock.xml (RunModel)" time="0.008" />
  <testcase classname="ptolemy.util.test.junit.AutoTests" name="[388] /home/travis/build/icyphy/ptII/ptolemy/actor/lib/test/auto/URLDirectoryReader.xml (RunModel)" time="0.121" />
  <testcase classname="ptolemy.util.test.junit.AutoTests" name="[389] /home/travis/build/icyphy/ptII/ptolemy/actor/lib/test/auto/URLDirectoryReader3.xml (RunModel)" time="1.332" />
  <testcase classname="ptolemy.util.test.junit.AutoTests" name="[390] /home/travis/build/icyphy/ptII/ptolemy/actor/lib/test/auto/UnaryMathFunction.xml (RunModel)" time="0.026" />
  <testcase classname="ptolemy.util.test.junit.AutoTests" name="[391] /home/travis/build/icyphy/ptII/ptolemy/actor/lib/test/auto/Uniform.xml (RunModel)" time="0.009" />
  <testcase classname="ptolemy.util.test.junit.AutoTests" name="[392] /home/travis/build/icyphy/ptII/ptolemy/actor/lib/test/auto/UnionDisassemblerTest.xml (RunModel)" time="0.009" />
  <testcase classname="ptolemy.util.test.junit.AutoTests" name="[393] /home/travis/build/icyphy/ptII/ptolemy/actor/lib/test/auto/UtilityFunctions.xml (RunModel)" time="0.011" />
  <testcase classname="ptolemy.util.test.junit.AutoTests" name="[394] /home/travis/build/icyphy/ptII/ptolemy/actor/lib/test/auto/VariableSleep.xml (RunModel)" time="0.513" />
  <testcase classname="ptolemy.util.test.junit.AutoTests" name="[395] /home/travis/build/icyphy/ptII/ptolemy/actor/lib/test/auto/VectorAssemblerDisassemblerCT.xml (RunModel)" time="0.13" />
  <testcase classname="ptolemy.util.test.junit.AutoTests" name="[396] /home/travis/build/icyphy/ptII/ptolemy/actor/lib/test/auto/VectorAssemblerDisassemblerDE.xml (RunModel)" time="0.015" />
  <testcase classname="ptolemy.util.test.junit.AutoTests" name="[397] /home/travis/build/icyphy/ptII/ptolemy/actor/lib/test/auto/VectorAssemblerDisassemblerSDF.xml (RunModel)" time="0.013" />
  <testcase classname="ptolemy.util.test.junit.AutoTests" name="[398] /home/travis/build/icyphy/ptII/ptolemy/actor/lib/test/auto/WallClockTime.xml (RunModel)" time="1.014" />
  <testcase classname="ptolemy.util.test.junit.AutoTests" name="[399] /home/travis/build/icyphy/ptII/ptolemy/actor/lib/test/auto/WidthTestWithSubscriberPublisher.xml (RunModel)" time="0.036" />
  <testcase classname="ptolemy.util.test.junit.AutoTests" name="[400] /home/travis/build/icyphy/ptII/ptolemy/actor/lib/test/auto/WidthTestWithSubscriberPublisher2.xml (RunModel)" time="0.012" />
  <testcase classname="ptolemy.util.test.junit.AutoTests" name="[401] /home/travis/build/icyphy/ptII/ptolemy/actor/lib/test/auto/WidthTestWithSubscriberPublisher3.xml (RunModel)" time="0.01" />
  <testcase classname="ptolemy.util.test.junit.AutoTests" name="[402] /home/travis/build/icyphy/ptII/ptolemy/actor/lib/test/auto/Writer.xml (RunModel)" time="0.007" />
  <testcase classname="ptolemy.util.test.junit.AutoTests" name="[403] /home/travis/build/icyphy/ptII/ptolemy/actor/lib/test/auto/array.xml (RunModel)" time="0.008" />
  <testcase classname="ptolemy.util.test.junit.AutoTests" name="[404] /home/travis/build/icyphy/ptII/ptolemy/actor/lib/test/auto/array2.xml (RunModel)" time="0.013" />
  <testcase classname="ptolemy.util.test.junit.AutoTests" name="[405] /home/travis/build/icyphy/ptII/ptolemy/actor/lib/test/auto/arrayType.xml (RunModel)" time="0.017" />
  <testcase classname="ptolemy.util.test.junit.AutoTests" name="[406] /home/travis/build/icyphy/ptII/ptolemy/actor/lib/test/auto/arrayType10.xml (RunModel)" time="0.009" />
  <testcase classname="ptolemy.util.test.junit.AutoTests" name="[407] /home/travis/build/icyphy/ptII/ptolemy/actor/lib/test/auto/arrayType11.xml (RunModel)" time="0.008" />
  <testcase classname="ptolemy.util.test.junit.AutoTests" name="[408] /home/travis/build/icyphy/ptII/ptolemy/actor/lib/test/auto/arrayType12.xml (RunModel)" time="0.011" />
  <testcase classname="ptolemy.util.test.junit.AutoTests" name="[409] /home/travis/build/icyphy/ptII/ptolemy/actor/lib/test/auto/arrayType13.xml (RunModel)" time="0.013" />
  <testcase classname="ptolemy.util.test.junit.AutoTests" name="[410] /home/travis/build/icyphy/ptII/ptolemy/actor/lib/test/auto/arrayType14.xml (RunModel)" time="0.015" />
  <testcase classname="ptolemy.util.test.junit.AutoTests" name="[411] /home/travis/build/icyphy/ptII/ptolemy/actor/lib/test/auto/arrayType15.xml (RunModel)" time="0.009" />
  <testcase classname="ptolemy.util.test.junit.AutoTests" name="[412] /home/travis/build/icyphy/ptII/ptolemy/actor/lib/test/auto/arrayType16.xml (RunModel)" time="0.007" />
  <testcase classname="ptolemy.util.test.junit.AutoTests" name="[413] /home/travis/build/icyphy/ptII/ptolemy/actor/lib/test/auto/arrayType17.xml (RunModel)" time="0.008" />
  <testcase classname="ptolemy.util.test.junit.AutoTests" name="[414] /home/travis/build/icyphy/ptII/ptolemy/actor/lib/test/auto/arrayType18.xml (RunModel)" time="0.008" />
  <testcase classname="ptolemy.util.test.junit.AutoTests" name="[415] /home/travis/build/icyphy/ptII/ptolemy/actor/lib/test/auto/arrayType19.xml (RunModel)" time="0.007" />
  <testcase classname="ptolemy.util.test.junit.AutoTests" name="[416] /home/travis/build/icyphy/ptII/ptolemy/actor/lib/test/auto/arrayType2.xml (RunModel)" time="0.008" />
  <testcase classname="ptolemy.util.test.junit.AutoTests" name="[417] /home/travis/build/icyphy/ptII/ptolemy/actor/lib/test/auto/arrayType20.xml (RunModel)" time="0.008" />
  <testcase classname="ptolemy.util.test.junit.AutoTests" name="[418] /home/travis/build/icyphy/ptII/ptolemy/actor/lib/test/auto/arrayType21.xml (RunModel)" time="0.008" />
  <testcase classname="ptolemy.util.test.junit.AutoTests" name="[419] /home/travis/build/icyphy/ptII/ptolemy/actor/lib/test/auto/arrayType22.xml (RunModel)" time="0.008" />
  <testcase classname="ptolemy.util.test.junit.AutoTests" name="[420] /home/travis/build/icyphy/ptII/ptolemy/actor/lib/test/auto/arrayType23.xml (RunModel)" time="0.007" />
  <testcase classname="ptolemy.util.test.junit.AutoTests" name="[421] /home/travis/build/icyphy/ptII/ptolemy/actor/lib/test/auto/arrayType24.xml (RunModel)" time="0.015" />
  <testcase classname="ptolemy.util.test.junit.AutoTests" name="[422] /home/travis/build/icyphy/ptII/ptolemy/actor/lib/test/auto/arrayType25.xml (RunModel)" time="0.01" />
  <testcase classname="ptolemy.util.test.junit.AutoTests" name="[423] /home/travis/build/icyphy/ptII/ptolemy/actor/lib/test/auto/arrayType26.xml (RunModel)" time="0.009" />
  <testcase classname="ptolemy.util.test.junit.AutoTests" name="[424] /home/travis/build/icyphy/ptII/ptolemy/actor/lib/test/auto/arrayType27.xml (RunModel)" time="0.007" />
  <testcase classname="ptolemy.util.test.junit.AutoTests" name="[425] /home/travis/build/icyphy/ptII/ptolemy/actor/lib/test/auto/arrayType28.xml (RunModel)" time="0.009" />
  <testcase classname="ptolemy.util.test.junit.AutoTests" name="[426] /home/travis/build/icyphy/ptII/ptolemy/actor/lib/test/auto/arrayType3.xml (RunModel)" time="0.008" />
  <testcase classname="ptolemy.util.test.junit.AutoTests" name="[427] /home/travis/build/icyphy/ptII/ptolemy/actor/lib/test/auto/arrayType4.xml (RunModel)" time="0.008" />
  <testcase classname="ptolemy.util.test.junit.AutoTests" name="[428] /home/travis/build/icyphy/ptII/ptolemy/actor/lib/test/auto/arrayType5.xml (RunModel)" time="0.007" />
  <testcase classname="ptolemy.util.test.junit.AutoTests" name="[429] /home/travis/build/icyphy/ptII/ptolemy/actor/lib/test/auto/arrayType6.xml (RunModel)" time="0.007" />
  <testcase classname="ptolemy.util.test.junit.AutoTests" name="[430] /home/travis/build/icyphy/ptII/ptolemy/actor/lib/test/auto/arrayType7.xml (RunModel)" time="0.007" />
  <testcase classname="ptolemy.util.test.junit.AutoTests" name="[431] /home/travis/build/icyphy/ptII/ptolemy/actor/lib/test/auto/arrayType8.xml (RunModel)" time="0.015" />
  <testcase classname="ptolemy.util.test.junit.AutoTests" name="[432] /home/travis/build/icyphy/ptII/ptolemy/actor/lib/test/auto/arrayType9.xml (RunModel)" time="0.018" />
  <testcase classname="ptolemy.util.test.junit.AutoTests" name="[433] /home/travis/build/icyphy/ptII/ptolemy/actor/lib/test/auto/cast.xml (RunModel)" time="0.008" />
  <testcase classname="ptolemy.util.test.junit.AutoTests" name="[434] /home/travis/build/icyphy/ptII/ptolemy/actor/lib/test/auto/compositeMultiPort.xml (RunModel)" time="0.016" />
  <testcase classname="ptolemy.util.test.junit.AutoTests" name="[435] /home/travis/build/icyphy/ptII/ptolemy/actor/lib/test/auto/expressionCastInference.xml (RunModel)" time="0.007" />
  <testcase classname="ptolemy.util.test.junit.AutoTests" name="[436] /home/travis/build/icyphy/ptII/ptolemy/actor/lib/test/auto/expressionCastInference2.xml (RunModel)" time="0.007" />
  <testcase classname="ptolemy.util.test.junit.AutoTests" name="[437] /home/travis/build/icyphy/ptII/ptolemy/actor/lib/test/auto/expressionInference.xml (RunModel)" time="0.006" />
  <testcase classname="ptolemy.util.test.junit.AutoTests" name="[438] /home/travis/build/icyphy/ptII/ptolemy/actor/lib/test/auto/expression_bug.xml (RunModel)" time="0.006" />
  <testcase classname="ptolemy.util.test.junit.AutoTests" name="[439] /home/travis/build/icyphy/ptII/ptolemy/actor/lib/test/auto/factorial.xml (RunModel)" time="0.08" />
  <testcase classname="ptolemy.util.test.junit.AutoTests" name="[440] /home/travis/build/icyphy/ptII/ptolemy/actor/lib/test/auto/filterTest1.xml (RunModel)" time="0.02" />
  <testcase classname="ptolemy.util.test.junit.AutoTests" name="[441] /home/travis/build/icyphy/ptII/ptolemy/actor/lib/test/auto/funcApplyInConst.xml (RunModel)" time="0.005" />
  <testcase classname="ptolemy.util.test.junit.AutoTests" name="[442] /home/travis/build/icyphy/ptII/ptolemy/actor/lib/test/auto/funcApplyInExpr.xml (RunModel)" time="0.005" />
  <testcase classname="ptolemy.util.test.junit.AutoTests" name="[443] /home/travis/build/icyphy/ptII/ptolemy/actor/lib/test/auto/function.xml (RunModel)" time="0.009" />
  <testcase classname="ptolemy.util.test.junit.AutoTests" name="[444] /home/travis/build/icyphy/ptII/ptolemy/actor/lib/test/auto/function2.xml (RunModel)" time="0.012" />
  <testcase classname="ptolemy.util.test.junit.AutoTests" name="[445] /home/travis/build/icyphy/ptII/ptolemy/actor/lib/test/auto/function3.xml (RunModel)" time="0.006" />
  <testcase classname="ptolemy.util.test.junit.AutoTests" name="[446] /home/travis/build/icyphy/ptII/ptolemy/actor/lib/test/auto/functionClosureTest1.xml (RunModel)" time="0.01" />
  <testcase classname="ptolemy.util.test.junit.AutoTests" name="[447] /home/travis/build/icyphy/ptII/ptolemy/actor/lib/test/auto/functionClosureTest2.xml (RunModel)" time="0.005" />
  <testcase classname="ptolemy.util.test.junit.AutoTests" name="[448] /home/travis/build/icyphy/ptII/ptolemy/actor/lib/test/auto/functionClosureTest3.xml (RunModel)" time="0.01" />
  <testcase classname="ptolemy.util.test.junit.AutoTests" name="[449] /home/travis/build/icyphy/ptII/ptolemy/actor/lib/test/auto/functionClosureTest4.xml (RunModel)" time="0.014" />
  <testcase classname="ptolemy.util.test.junit.AutoTests" name="[450] /home/travis/build/icyphy/ptII/ptolemy/actor/lib/test/auto/functionClosureTest5.xml (RunModel)" time="0.086" />
  <testcase classname="ptolemy.util.test.junit.AutoTests" name="[451] /home/travis/build/icyphy/ptII/ptolemy/actor/lib/test/auto/functionClosureTest6.xml (RunModel)" time="0.027" />
  <testcase classname="ptolemy.util.test.junit.AutoTests" name="[452] /home/travis/build/icyphy/ptII/ptolemy/actor/lib/test/auto/functionsOnArcs.xml (RunModel)" time="0.017" />
  <testcase classname="ptolemy.util.test.junit.AutoTests" name="[453] /home/travis/build/icyphy/ptII/ptolemy/actor/lib/test/auto/functionsOnArcsHOF.xml (RunModel)" time="0.011" />
  <testcase classname="ptolemy.util.test.junit.AutoTests" name="[454] /home/travis/build/icyphy/ptII/ptolemy/actor/lib/test/auto/logic.xml (RunModel)" time="0.032" />
  <testcase classname="ptolemy.util.test.junit.AutoTests" name="[455] /home/travis/build/icyphy/ptII/ptolemy/actor/lib/test/auto/matrixType.xml (RunModel)" time="0.025" />
  <testcase classname="ptolemy.util.test.junit.AutoTests" name="[456] /home/travis/build/icyphy/ptII/ptolemy/actor/lib/test/auto/matrixType10.xml (RunModel)" time="0.054" />
  <testcase classname="ptolemy.util.test.junit.AutoTests" name="[457] /home/travis/build/icyphy/ptII/ptolemy/actor/lib/test/auto/matrixType11.xml (RunModel)" time="0.015" />
  <testcase classname="ptolemy.util.test.junit.AutoTests" name="[458] /home/travis/build/icyphy/ptII/ptolemy/actor/lib/test/auto/matrixType12.xml (RunModel)" time="0.009" />
  <testcase classname="ptolemy.util.test.junit.AutoTests" name="[459] /home/travis/build/icyphy/ptII/ptolemy/actor/lib/test/auto/matrixType13.xml (RunModel)" time="0.007" />
  <testcase classname="ptolemy.util.test.junit.AutoTests" name="[460] /home/travis/build/icyphy/ptII/ptolemy/actor/lib/test/auto/matrixType14.xml (RunModel)" time="0.008" />
  <testcase classname="ptolemy.util.test.junit.AutoTests" name="[461] /home/travis/build/icyphy/ptII/ptolemy/actor/lib/test/auto/matrixType2.xml (RunModel)" time="0.01" />
  <testcase classname="ptolemy.util.test.junit.AutoTests" name="[462] /home/travis/build/icyphy/ptII/ptolemy/actor/lib/test/auto/matrixType3.xml (RunModel)" time="0.012" />
  <testcase classname="ptolemy.util.test.junit.AutoTests" name="[463] /home/travis/build/icyphy/ptII/ptolemy/actor/lib/test/auto/matrixType4.xml (RunModel)" time="0.008" />
  <testcase classname="ptolemy.util.test.junit.AutoTests" name="[464] /home/travis/build/icyphy/ptII/ptolemy/actor/lib/test/auto/matrixType5.xml (RunModel)" time="0.007" />
  <testcase classname="ptolemy.util.test.junit.AutoTests" name="[465] /home/travis/build/icyphy/ptII/ptolemy/actor/lib/test/auto/matrixType6.xml (RunModel)" time="0.007" />
  <testcase classname="ptolemy.util.test.junit.AutoTests" name="[466] /home/travis/build/icyphy/ptII/ptolemy/actor/lib/test/auto/matrixType7.xml (RunModel)" time="0.007" />
  <testcase classname="ptolemy.util.test.junit.AutoTests" name="[467] /home/travis/build/icyphy/ptII/ptolemy/actor/lib/test/auto/matrixType8.xml (RunModel)" time="0.007" />
  <testcase classname="ptolemy.util.test.junit.AutoTests" name="[468] /home/travis/build/icyphy/ptII/ptolemy/actor/lib/test/auto/matrixType9.xml (RunModel)" time="0.007" />
  <testcase classname="ptolemy.util.test.junit.AutoTests" name="[469] /home/travis/build/icyphy/ptII/ptolemy/actor/lib/test/auto/paraFunctest.xml (RunModel)" time="0.006" />
  <testcase classname="ptolemy.util.test.junit.AutoTests" name="[470] /home/travis/build/icyphy/ptII/ptolemy/actor/lib/test/auto/paraFunctest2.xml (RunModel)" time="0.013" />
  <testcase classname="ptolemy.util.test.junit.AutoTests" name="[471] /home/travis/build/icyphy/ptII/ptolemy/actor/lib/test/auto/parameterPassing.xml (RunModel)" time="0.009" />
  <testcase classname="ptolemy.util.test.junit.AutoTests" name="[472] /home/travis/build/icyphy/ptII/ptolemy/actor/lib/test/auto/record.xml (RunModel)" time="0.009" />
  <testcase classname="ptolemy.util.test.junit.AutoTests" name="[473] /home/travis/build/icyphy/ptII/ptolemy/actor/lib/test/auto/sizedarray1.xml (RunModel)" time="0.009" />
  <testcase classname="ptolemy.util.test.junit.AutoTests" name="[474] /home/travis/build/icyphy/ptII/ptolemy/actor/lib/test/auto/sizedarray2.xml (RunModel)" time="0.009" />
  <testcase classname="ptolemy.util.test.junit.AutoTests" name="[475] /home/travis/build/icyphy/ptII/ptolemy/actor/lib/test/auto/twoPublishers.xml (RunModel)" time="0.027" />
  <system-out><![CDATA[/home/travis/build/icyphy/ptII/ptolemy/actor/lib/test/AbsoluteValue.tcl
testDefs.tcl: setting time out to 9000 seconds at Tue Sep 03 18:07:28 UTC 2019
112 ms. Memory: 120832K Free: 85446K (71%)
9 ms. Memory: 120832K Free: 83912K (69%)
11 ms. Memory: 120832K Free: 82888K (69%)
12 ms. Memory: 120832K Free: 82374K (68%)
/home/travis/build/icyphy/ptII/ptolemy/actor/lib/test/AddSubtract.tcl
20 ms. Memory: 120832K Free: 80326K (66%)
15 ms. Memory: 120832K Free: 79302K (66%)
12 ms. Memory: 120832K Free: 78792K (65%)
18 ms. Memory: 120832K Free: 77768K (64%)
79 ms. Memory: 120832K Free: 75204K (62%)
15 ms. Memory: 120832K Free: 74182K (61%)
/home/travis/build/icyphy/ptII/ptolemy/actor/lib/test/Average.tcl
17 ms. Memory: 120832K Free: 72648K (60%)
6 ms. Memory: 120832K Free: 71095K (59%)
/home/travis/build/icyphy/ptII/ptolemy/actor/lib/test/Bernoulli.tcl
5 ms. Memory: 120832K Free: 69576K (58%)
1 ms. Memory: 120832K Free: 69576K (58%)
/home/travis/build/icyphy/ptII/ptolemy/actor/lib/test/Clock.tcl
preinitializing
resolving types
initializing
executing number 1
wrapping up
idle
25 ms. Memory: 120832K Free: 66504K (55%)
Completed execution with 5 iterations
preinitializing
resolving types
initializing
executing number 1
wrapping up
idle
3 ms. Memory: 120832K Free: 65975K (55%)
Completed execution with 5 iterations
preinitializing
resolving types
initializing
executing number 1
wrapping up
idle
4 ms. Memory: 120832K Free: 65480K (54%)
Completed execution with 5 iterations
/home/travis/build/icyphy/ptII/ptolemy/actor/lib/test/Commutator.tcl
6 ms. Memory: 120832K Free: 63432K (52%)
7 ms. Memory: 120832K Free: 62408K (52%)
14 ms. Memory: 120832K Free: 56774K (47%)
/home/travis/build/icyphy/ptII/ptolemy/actor/lib/test/Const.tcl
5 ms. Memory: 120832K Free: 55240K (46%)
3 ms. Memory: 120832K Free: 54726K (45%)
3 ms. Memory: 120832K Free: 54216K (45%)
2 ms. Memory: 120832K Free: 53702K (44%)
3 ms. Memory: 120832K Free: 52671K (44%)
25 ms. Memory: 120832K Free: 51144K (42%)
19 ms. Memory: 120832K Free: 50120K (41%)
4 ms. Memory: 120832K Free: 49096K (41%)
/home/travis/build/icyphy/ptII/ptolemy/actor/lib/test/CurrentTime.tcl
preinitializing
resolving types
initializing
executing number 1
wrapping up
idle
8 ms. Memory: 120832K Free: 47558K (39%)
Completed execution with 11 iterations
/home/travis/build/icyphy/ptII/ptolemy/actor/lib/test/DB.tcl
36 ms. Memory: 120832K Free: 107286K (89%)
2 ms. Memory: 120832K Free: 106791K (88%)
2 ms. Memory: 120832K Free: 106277K (88%)
/home/travis/build/icyphy/ptII/ptolemy/actor/lib/test/DiscreteRandomSource.tcl
preinitializing
resolving types
initializing
executing number 1
wrapping up
idle
11 ms. Memory: 120832K Free: 104743K (87%)
Completed execution with 4 iterations
preinitializing
25 ms. Memory: 120832K Free: 106299K (88%)
6 ms. Memory: 120832K Free: 105910K (88%)
11 ms. Memory: 120832K Free: 105340K (87%)
4 ms. Memory: 120832K Free: 104967K (87%)
/home/travis/build/icyphy/ptII/ptolemy/actor/lib/test/Distributor.tcl
5 ms. Memory: 120832K Free: 103306K (85%)
13 ms. Memory: 120832K Free: 102641K (85%)
StreamChangeRequest.changeExecuted(): <deleteEntity name="rec2"/> succeeded
StreamChangeRequest.changeExecuted(): <deleteRelation name="r2"/> succeeded
StreamChangeRequest.changeExecuted(): Record firings per iteration succeeded
9 ms. Memory: 120832K Free: 100234K (83%)
/home/travis/build/icyphy/ptII/ptolemy/actor/lib/test/Exit.tcl
Exit.tcl: this will print a message about Manager.exitAfterWrapup, which can be ignored.
7 ms. Memory: 120832K Free: 97118K (80%)
/home/travis/build/icyphy/ptII/ptolemy/actor/lib/test/Expression.tcl
13 ms. Memory: 120832K Free: 93731K (78%)
3 ms. Memory: 120832K Free: 93066K (77%)
3 ms. Memory: 120832K Free: 92401K (76%)
preinitializing
resolving types
initializing
executing number 1
wrapping up
idle
13 ms. Memory: 120832K Free: 90621K (75%)
Completed execution with 6 iterations
7 ms. Memory: 120832K Free: 89980K (74%)
8 ms. Memory: 120832K Free: 89329K (74%)
15 ms. Memory: 120832K Free: 106390K (88%)
4 ms. Memory: 120832K Free: 105366K (87%)
6 ms. Memory: 120832K Free: 103832K (86%)
/home/travis/build/icyphy/ptII/ptolemy/actor/lib/test/Gaussian.tcl
5 ms. Memory: 120832K Free: 102264K (85%)
sleeping 1 seconds: ..........................................................................................................................................................................................................................................................................................................................................................................................................................................................................................................................................................................................................................................................................................................................................................................................................................................................................................................................................................................................................................................................................................................................................................................................................................................................................................................................................................................................................................................................................................................................................................................................................................................................................................................................................................................................................................................................................................................................................................................................................................................................................................................................................................................................................................................................................................................................................................................................................................................................................................................................................................................................................................................................................................................................................................................................................................................................................................................................................................................................................................................................................................................................................................................................................................................................................................................................................................................................................................................................................................................................................................................................................................................................................................................................................................................................................................................................................................................................................................................................................................................................................................................................................................................................................................................................................................................................................................................................................................................................................................................................................................................................................................................................................................................................................................................................................................................................................................................................................................................................................................................................................................................................................................................................................................................................................................................................................................................................................................................................................................................................................................................................................................................................................................................................................................................................................................................................................................................................................................................................................................................................................................................................................................................................................................................................................................................................................................................................................................................................................................................................................................................................................................................................................................................................................................................................................................................................................................................................................................................................................................................................................................................................................................................................................................................................................................................................................................................................................................................................................................................................................................................................................................................................................................................................................................................................................................................................................................................................................................................................................................................................................................................................................................................................................................................................................................................................................................................................................................................................................................................................................................................................................................................................................................................................................................................................................................................................................................................................................................................................................................................................................................................................................................................................................................................................................................................................................................................................................................................................................................................................................................................................................................................................................................................................................................................................................................................................................................................................................................................................................................................................................................................................................................................................................................................................................................................................................................................................................................................................................................................................................................................................................................................................................................................................................................................................................................................................................................................................................................................................................................................................................................................................................................................................................................................................................................................................................................................................................................................................................................................................................................................................................................................................................................................................................................................................................................................................................................................................................................................................................................................................................................................................................................................................................................................................................................................................................................................................................................................................................................................................................................................................................................................................................................................................................................................................................................................................................................................................................................................................................................................................................................................................................................................................................................................................................................................................................................................................................................................................................................................................................................................................................................................................................................................................................................................................................................................................................................................................................................................................................................................................................................................................................................................................................................................................................................................................................................................................................................................................................................................................................................................................................................................................................................................................................................................................................................................................................................................................................................................................................................................................................................................................................................................................................................................................................................................................................................................................................................................................................................................................................................................................................................................................................................................................................................................................................................................................................................................................................................................................................................................................................................................................................................................................................................................................................................................................................................................................................................................................................................................................................................................................................................................................................................................................................................................................................................................................................................................................................................................................................................................................................................................................................................................................................................................................................................................................................................................................................................................................................................................................................................................................................................................................................................................................................................................................................................................................................................................................................................................................................................................................................................................................................................................................................................................................................................................................................................................................................................................................................................................................................................................................................................................................................................................................................................................................................................................................................................................................................................................................................................................................................................................................................................................................................................................................................................................................................................................................................................................................................................................................................................................................................................................................................................................................................................................................................................................................................................................................................................................................................................................................................................................................................................................................................................................................................................................................................................................................................................................................................................................................................................................................................................................................................................................................................................................................................................................................................................................................................................................................................................................................................................................................................................................................................................................................................................................................................................................................................................................................................................................................................................................................................................................................................................................................................................................................................................................................................................................................................................................................................................................................................................................................................................................................................................................................................................................................................................................................................................................................................................................................................................................................................................................................................................................................................................................................................................................................................................................................................................................................................................................................................................................................................................................................................................................................................................................................................................................................................................................................................................................................................................................................................................................................................................................................................................................................................................................................................................................................................................................................................................................................................................................................................................................................................................................................................................................................................................................................................................................................................................................................................................................................................................................................................................................................................................................................................................................................................................................................................................................................................................................................................................................................................................................................................................................................................................................................................................................................................................................................................................................................................................................................................................................................................................................................................................................................................................................................................................................................................................................................................................................................................................................................................................................................................................................................................................................................................................................................................................................................................................................................................................................................................................................................................................................................................................................................................................................................................................................................................................................................................................................................................................................................................................................................................................................................................................................................................................................................................................................................................................................................................................................................................................................................................................................................................................................................................................................................................................................................................................................................................................................................................................................................................................................................................................................................................................................................................................................................................................................................................................................................................................................................................................................................................................................................................................................................................................................................................................................................................................................................................................................................................................................................................................................................................................................................................................................................................................................................................................................................................................................................................................................................................................................................................................................................................................................................................................................................................................................................................................................................................................................................................................................................................................................................................................................................................................................................................................................................................................................................................................................................................................................................................................................................................................................................................................................................................................................................................................................................................................................................................................................................................................................................................................................................................................................................................................................................................................................................................................................................................................................................................................................................................................................................................................................................................................................................................................................................................................................................................................................................................................................................................................................................................................................................................................................................................................................................................................................................................................................................................................................................................................................................................................................................................................................................................................................................................................................................................................................................................................................................................................................................................................................................................................................................................................................................................................................................................................................................................................................................................................................................................................................................................................................................................................................................................................................................................................................................................................................................................................................................................................................................................................................................................................................................................................................................................................................................................................................................................................................................................................................................................................................................................................................................................................................................................................................................................................................................................................................................................................................................................................................................................................................................................................................................................................................................................................................................................................................................................................................................................................................................................................................................................................................................................................................................................................................................................................................................................................................................................................................................................................................................................................................................................................................................................................................................................................................................................................................................................................................................................................................................................................................................................................................................................................................................................................................................................................................................................................................................................................................................................................................................................................................................................................................................................................................................................................................................................................................................................................................................................................................................................................................................................................................................................................................................................................................................................................................................................................................................................................................................................................................................................................................................................................................................................................................................................................................................................................................................................................................................................................................................................................................................................................................................................................................................................................................................................................................................................................................................................................................................................................................................................................................................................................................................................................................................................................................................................................................................................................................................................................................................................................................................................................................................................................................................................................................................................................................................................................................................................................................................................................................................................................................................................................................................................................................................................................................................................................................................................................................................................................................................................................................................................................................................................................................................................................................................................................................................................................................................................................................................................................................................................................................................................................................................................................................................................................................................................................................................................................................................................................................................................................................................................................................................................................................................................................................................................4 ms. Memory: 145408K Free: 91877K (63%)
3 ms. Memory: 145408K Free: 91367K (63%)
2 ms. Memory: 145408K Free: 90822K (62%)
6 ms. Memory: 145408K Free: 89829K (62%)
2 ms. Memory: 145408K Free: 89319K (61%)
/home/travis/build/icyphy/ptII/ptolemy/actor/lib/test/IIR.tcl
/home/travis/build/icyphy/ptII/ptolemy/actor/lib/test/Interpolator.tcl
5 ms. Memory: 145408K Free: 85719K (59%)
2 ms. Memory: 145408K Free: 84709K (58%)
5 ms. Memory: 145408K Free: 84199K (58%)
2 ms. Memory: 145408K Free: 83685K (58%)
10 ms. Memory: 145408K Free: 83175K (57%)
2 ms. Memory: 145408K Free: 82151K (56%)
8 ms. Memory: 145408K Free: 81127K (56%)
2 ms. Memory: 145408K Free: 80103K (55%)
2 ms. Memory: 145408K Free: 79575K (55%)
2 ms. Memory: 145408K Free: 78551K (54%)
/home/travis/build/icyphy/ptII/ptolemy/actor/lib/test/MathFunction.tcl
13 ms. Memory: 145408K Free: 76503K (53%)
6 ms. Memory: 145408K Free: 75487K (52%)
4 ms. Memory: 145408K Free: 74455K (51%)
5 ms. Memory: 145408K Free: 73445K (51%)
7 ms. Memory: 145408K Free: 72407K (50%)
8 ms. Memory: 145408K Free: 70342K (48%)
/home/travis/build/icyphy/ptII/ptolemy/actor/lib/test/Maximum.tcl
6 ms. Memory: 145408K Free: 68325K (47%)
5 ms. Memory: 145408K Free: 67815K (47%)
9 ms. Memory: 145408K Free: 67301K (46%)
12 ms. Memory: 145408K Free: 130285K (90%)
/home/travis/build/icyphy/ptII/ptolemy/actor/lib/test/Minimum.tcl
8 ms. Memory: 145408K Free: 128765K (89%)
2 ms. Memory: 145408K Free: 128251K (88%)
2 ms. Memory: 145408K Free: 127739K (88%)
3 ms. Memory: 145408K Free: 126717K (87%)
/home/travis/build/icyphy/ptII/ptolemy/actor/lib/test/MultiplyDivide.tcl
11 ms. Memory: 145408K Free: 124669K (86%)
7 ms. Memory: 145408K Free: 124141K (85%)
2 ms. Memory: 145408K Free: 123645K (85%)
2 ms. Memory: 145408K Free: 122621K (84%)
8 ms. Memory: 145408K Free: 122093K (84%)
/home/travis/build/icyphy/ptII/ptolemy/actor/lib/test/OrderedMerge.tcl
Connections changed on port: inputA
Connections changed on port: inputB
Connections changed on port: output
Connections changed on port: output
Connections changed on port: output
Connections changed on port: input
.top. Preinitializing ...
Invoking preinitialize():  .top.OrderedMerge
Called preinitialize()
Invoking preinitialize():  .top.Ramp
Called preinitialize()
Invoking preinitialize():  .top.Ramp2
Called preinitialize()
Invoking preinitialize():  .top.Test
Called preinitialize()
Connections changed on port: inputA
Connections changed on port: output
Connections changed on port: output
Connections changed on port: input
Connections changed on port: inputB
Connections changed on port: output
.top. Finished preinitialize().
Called initialize().
Invoking initialize():  .top.OrderedMerge
Initializing actor: .top.OrderedMerge
Adding a thread: .top.OrderedMerge
Invoking initialize():  .top.Ramp
Initializing actor: .top.Ramp
Adding a thread: .top.Ramp
Invoking initialize():  .top.Ramp2
Initializing actor: .top.Ramp2
Adding a thread: .top.Ramp2
Invoking initialize():  .top.Test
Initializing actor: .top.Test
Adding a thread: .top.Test
Called fire().
Checking for deadlock:
-- Starting thread.
Called initialize()
Called prefire()
Called fire()
-- Starting thread.
Called initialize()
-- Starting thread.
Called initialize()
Called prefire()
Called prefire()
-- Starting thread.
Called initialize()
Called prefire()
Called fire()
Called fire()
Called fire()
There are 0 Blocked actors, 0 Stopped actors, and 4 active threads.
Waiting for actors to stop.
Called postfire()
Called prefire()
Called fire()
Called postfire()
Called prefire()
Called fire()
Checking for deadlock:
There are 1 Blocked actors, 0 Stopped actors, and 4 active threads.
Waiting for actors to stop.
Called postfire()
Called prefire()
Called fire()
Checking for deadlock:
There are 3 Blocked actors, 0 Stopped actors, and 4 active threads.
Waiting for actors to stop.
Read input token from inputA with value 0.0
Next port to read input from is inputB
Called postfire()
Called prefire()
Called fire()
Read input token from inputB with value 0.0
Sent output token with value 0.0
Next port to read input from is inputA
Called postfire()
Called prefire()
Called fire()
Read input token from inputA with value 1.0
Called postfire()
Called prefire()
Called fire()
Called postfire()
Called prefire()
Called fire()
-- Read input: 0.0, which is expected to match: 0.0
Called prefire()
Called fire()
Checking for deadlock:
There are 3 Blocked actors, 0 Stopped actors, and 4 active threads.
Waiting for actors to stop.
Sent output token with value 0.0
-- Read input: 0.0, which is expected to match: 0.0
Called prefire()
Called fire()
Next port to read input from is inputB
Called postfire()
Called prefire()
Called fire()
Called postfire()
Read input token from inputB with value 1.5
Called prefire()
Called fire()
Checking for deadlock:
There are 2 Blocked actors, 0 Stopped actors, and 4 active threads.
Waiting for actors to stop.
Sent output token with value 1.0
-- Read input: 1.0, which is expected to match: 1.0
Next port to read input from is inputA
Called postfire()
Called prefire()
Called fire()
Called prefire()
Called fire()
Read input token from inputA with value 2.0
Sent output token with value 1.5
Next port to read input from is inputB
Called postfire()
Called prefire()
Called fire()
Read input token from inputB with value 3.0
Checking for deadlock:
There are 1 Blocked actors, 0 Stopped actors, and 4 active threads.
Waiting for actors to stop.
Called postfire()
Called prefire()
Called fire()
-- Read input: 1.5, which is expected to match: 1.5
Called prefire()
Called fire()
Called postfire()
Called prefire()
Called fire()
Checking for deadlock:
There are 3 Blocked actors, 0 Stopped actors, and 4 active threads.
Waiting for actors to stop.
Sent output token with value 2.0
-- Read input: 2.0, which is expected to match: 2.0
Next port to read input from is inputA
Called postfire()
Called prefire()
Called prefire()
Called fire()
Called fire()
Read input token from inputA with value 3.0
Sent output token with value 3.0
Next port to read input from is inputB
Called postfire()
Called prefire()
Called fire()
Read input token from inputB with value 4.5
Checking for deadlock:
There are 1 Blocked actors, 0 Stopped actors, and 4 active threads.
Waiting for actors to stop.
Called postfire()
Called prefire()
Called fire()
-- Read input: 3.0, which is expected to match: 3.0
Called prefire()
Called fire()
Called postfire()
Called prefire()
Called fire()
Checking for deadlock:
There are 2 Blocked actors, 0 Stopped actors, and 4 active threads.
Waiting for actors to stop.
Sent output token with value 3.0
-- Read input: 3.0, which is expected to match: 3.0
Next port to read input from is inputA
Called postfire()
Called prefire()
Called prefire()
Called fire()
Called fire()
Read input token from inputA with value 4.0
Sent output token with value 4.0
Next port to read input from is inputA
Called postfire()
Called prefire()
Called fire()
Checking for deadlock:
There are 2 Blocked actors, 0 Stopped actors, and 4 active threads.
Waiting for actors to stop.
Called postfire()
Called prefire()
Called fire()
-- Read input: 4.0, which is expected to match: 4.0
Checking for deadlock:
There are 2 Blocked actors, 0 Stopped actors, and 4 active threads.
Called prefire()
Waiting for actors to stop.
Called fire()
Past the end of training data. Read and discard all inputs.
Read input token from inputA with value 5.0
Sent output token with value 4.5
Next port to read input from is inputB
Called postfire()
Called prefire()
Called fire()
Read input token from inputB with value 6.0
Checking for deadlock:
There are 1 Blocked actors, 0 Stopped actors, and 4 active threads.
Waiting for actors to stop.
Called postfire()
Called postfire()
Called prefire()
Called prefire()
Called fire()
Called fire()
Checking for deadlock:
There are 2 Blocked actors, 0 Stopped actors, and 4 active threads.
Waiting for actors to stop.
Called prefire()
Called fire()
Past the end of training data. Read and discard all inputs.
Sent output token with value 5.0
Called prefire()
Called fire()
Past the end of training data. Read and discard all inputs.
Next port to read input from is inputA
Called postfire()
Called prefire()
Called fire()
Read input token from inputA with value 6.0
Sent output token with value 6.0
Next port to read input from is inputB
Called postfire()
Called prefire()
Called fire()
Read input token from inputB with value 7.5
Checking for deadlock:
There are 1 Blocked actors, 0 Stopped actors, and 4 active threads.
Waiting for actors to stop.
Called postfire()
Called prefire()
Called prefire()
Called fire()
Called fire()
Past the end of training data. Read and discard all inputs.
Checking for deadlock:
There are 2 Blocked actors, 0 Stopped actors, and 4 active threads.
Waiting for actors to stop.
Called postfire()
Called prefire()
Called fire()
Sent output token with value 6.0
Next port to read input from is inputA
Called postfire()
Called prefire()
Called fire()
Read input token from inputA with value 7.0
Checking for deadlock:
There are 2 Blocked actors, 0 Stopped actors, and 4 active threads.
Waiting for actors to stop.
Called prefire()
Called fire()
Past the end of training data. Read and discard all inputs.
Called postfire()
Called prefire()
Called fire()
Checking for deadlock:
There are 3 Blocked actors, 0 Stopped actors, and 4 active threads.
Waiting for actors to stop.
Called prefire()
Called fire()
Past the end of training data. Read and discard all inputs.
Sent output token with value 7.0
Next port to read input from is inputA
Called postfire()
Called prefire()
Called fire()
Read input token from inputA with value 8.0
Sent output token with value 7.5
Next port to read input from is inputB
Called postfire()
Called prefire()
Called fire()
Read input token from inputB with value 9.0
Checking for deadlock:
There are 1 Blocked actors, 0 Stopped actors, and 4 active threads.
Waiting for actors to stop.
Called prefire()
Called fire()
Past the end of training data. Read and discard all inputs.
Called postfire()
Called prefire()
Called fire()
-- Thread wrapup() called.
Called wrapup()
Thread .top.Ramp is exiting.
-- Thread stopped.
Checking for deadlock:
There are 2 Blocked actors, 0 Stopped actors, and 3 active threads.
Waiting for actors to stop.
Sent output token with value 8.0
Next port to read input from is inputA
Called postfire()
Called prefire()
Called fire()
Read input token from inputA with value 9.0
Checking for deadlock:
There are 2 Blocked actors, 0 Stopped actors, and 3 active threads.
Waiting for actors to stop.
Called prefire()
Called fire()
Past the end of training data. Read and discard all inputs.
Checking for deadlock:
There are 2 Blocked actors, 0 Stopped actors, and 3 active threads.
Waiting for actors to stop.
Sent output token with value 9.0
Next port to read input from is inputB
Called postfire()
Called prefire()
Called fire()
Read input token from inputB with value 10.5
Called prefire()
Called fire()
Past the end of training data. Read and discard all inputs.
Checking for deadlock:
There are 1 Blocked actors, 0 Stopped actors, and 3 active threads.
Waiting for actors to stop.
Called postfire()
Called prefire()
Called fire()
Sent output token with value 9.0
Next port to read input from is inputA
Called postfire()
Called prefire()
Called fire()
Checking for deadlock:
There are 2 Blocked actors, 0 Stopped actors, and 3 active threads.
Waiting for actors to stop.
Called prefire()
Called fire()
Past the end of training data. Read and discard all inputs.
Checking for deadlock:
There are 3 Blocked actors, 0 Stopped actors, and 3 active threads.
Actors have stopped.
Checking for deadlock:
There are 3 Blocked actors, 0 Stopped actors, and 3 active threads.
Deadlock detected.
Resolving Deadlock
Checking for deadlock:
There are 3 Blocked actors, 0 Stopped actors, and 3 active threads.
Artificial Deadlock - increasing queue capacity.
increasing the capacity of receiver ptolemy.actor.TypedIOPort {.top.OrderedMerge.inputB} to 2
-- Thread wrapup() called.
Called wrapup()
Thread .top.Ramp2 is exiting.
-- Thread stopped.
Director: Called postfire().
Called postfire().
_stopRequested = false
_stopFireRequested = false
Returning from postfire(): true
Called fire().
Checking for deadlock:
There are 2 Blocked actors, 0 Stopped actors, and 2 active threads.
Actors have stopped.
Checking for deadlock:
There are 2 Blocked actors, 0 Stopped actors, and 2 active threads.
Deadlock detected.
Resolving Deadlock
Checking for deadlock:
There are 2 Blocked actors, 0 Stopped actors, and 2 active threads.
Deadlock detected: no processes blocked on write, but some are blocked on read.
Called postfire().
_stopRequested = false
_stopFireRequested = false
Returning from postfire(): false
Finished deactivating branches.
Called wrapup().
-- Thread wrapup() called.
Called wrapup()
Thread .top.Test is exiting.
-- Thread stopped.
-- Blocked Receiver call threw TerminateProcessException.
-- Thread wrapup() called.
Called wrapup()
Thread .top.OrderedMerge is exiting.
-- Thread stopped.
-- Blocked Receiver call threw TerminateProcessException.
58 ms. Memory: 145408K Free: 116987K (80%)
.top. Preinitializing ...
Invoking preinitialize():  .top.OrderedMerge
Called preinitialize()
Invoking preinitialize():  .top.Ramp
Called preinitialize()
Invoking preinitialize():  .top.Ramp2
Called preinitialize()
Invoking preinitialize():  .top.Test
Called preinitialize()
.top. Finished preinitialize().
Called initialize().
Invoking initialize():  .top.OrderedMerge
Initializing actor: .top.OrderedMerge
Adding a thread: .top.OrderedMerge
Invoking initialize():  .top.Ramp
Initializing actor: .top.Ramp
Adding a thread: .top.Ramp
Invoking initialize():  .top.Ramp2
Initializing actor: .top.Ramp2
Adding a thread: .top.Ramp2
Invoking initialize():  .top.Test
Initializing actor: .top.Test
Adding a thread: .top.Test
-- Starting thread.
Called initialize()
Called prefire()
Called fire()
-- Starting thread.
Called initialize()
Called prefire()
Called fire()
Called postfire()
Called prefire()
Called fire()
-- Starting thread.
Called initialize()
Called prefire()
Called fire()
Called postfire()
Called prefire()
Called fire()
Called fire().
Checking for deadlock:
There are 3 Blocked actors, 0 Stopped actors, and 4 active threads.
Waiting for actors to stop.
-- Starting thread.
Called initialize()
Called prefire()
Called fire()
Checking for deadlock:
There are 2 Blocked actors, 0 Stopped actors, and 4 active threads.
Waiting for actors to stop.
Called postfire()
Called prefire()
Called fire()
Checking for deadlock:
There are 3 Blocked actors, 0 Stopped actors, and 4 active threads.
Waiting for actors to stop.
Read input token from inputA with value 0.0
Next port to read input from is inputB
Called postfire()
Called prefire()
Called fire()
Read input token from inputB with value 0.0
Called postfire()
Called prefire()
Called fire()
Checking for deadlock:
There are 2 Blocked actors, 0 Stopped actors, and 4 active threads.
Waiting for actors to stop.
-- Read input: 0.0, which is expected to match: 0.0
Called prefire()
Called fire()
Sent output token with value 0.0
Checking for deadlock:
There are 3 Blocked actors, 0 Stopped actors, and 4 active threads.
Waiting for actors to stop.
Next port to read input from is inputA
Called postfire()
Called prefire()
Called fire()
Checking for deadlock:
There are 2 Blocked actors, 0 Stopped actors, and 4 active threads.
Waiting for actors to stop.
Called postfire()
Called prefire()
Called fire()
Checking for deadlock:
There are 3 Blocked actors, 0 Stopped actors, and 4 active threads.
Waiting for actors to stop.
Read input token from inputA with value 1.0
Sent output token with value 0.0
-- Read input: 0.0, which is expected to match: 0.0
Called prefire()
Called fire()
Checking for deadlock:
There are 3 Blocked actors, 0 Stopped actors, and 4 active threads.
Waiting for actors to stop.
Next port to read input from is inputB
Called postfire()
Called prefire()
Called fire()
Checking for deadlock:
There are 2 Blocked actors, 0 Stopped actors, and 4 active threads.
Waiting for actors to stop.
Called postfire()
Called prefire()
Called fire()
Checking for deadlock:
There are 3 Blocked actors, 0 Stopped actors, and 4 active threads.
Waiting for actors to stop.
Read input token from inputB with value 1.5
Sent output token with value 1.0
Checking for deadlock:
There are 2 Blocked actors, 0 Stopped actors, and 4 active threads.
Waiting for actors to stop.
-- Read input: 1.0, which is expected to match: 1.0
Called prefire()
Called fire()
Checking for deadlock:
There are 3 Blocked actors, 0 Stopped actors, and 4 active threads.
Waiting for actors to stop.
Next port to read input from is inputA
Called postfire()
Called prefire()
Called fire()
Checking for deadlock:
There are 2 Blocked actors, 0 Stopped actors, and 4 active threads.
Waiting for actors to stop.
Called postfire()
Called prefire()
Called fire()
Checking for deadlock:
There are 3 Blocked actors, 0 Stopped actors, and 4 active threads.
Waiting for actors to stop.
Read input token from inputA with value 2.0
Sent output token with value 1.5
Checking for deadlock:
There are 2 Blocked actors, 0 Stopped actors, and 4 active threads.
Waiting for actors to stop.
-- Read input: 1.5, which is expected to match: 1.5
Called prefire()
Called fire()
Checking for deadlock:
There are 3 Blocked actors, 0 Stopped actors, and 4 active threads.
Waiting for actors to stop.
Next port to read input from is inputB
Called postfire()
Called prefire()
Called fire()
Checking for deadlock:
There are 2 Blocked actors, 0 Stopped actors, and 4 active threads.
Waiting for actors to stop.
Called postfire()
Called prefire()
Called fire()
Checking for deadlock:
There are 3 Blocked actors, 0 Stopped actors, and 4 active threads.
Waiting for actors to stop.
Read input token from inputB with value 3.0
Sent output token with value 2.0
Checking for deadlock:
There are 2 Blocked actors, 0 Stopped actors, and 4 active threads.
Waiting for actors to stop.
-- Read input: 2.0, which is expected to match: 2.0
Called prefire()
Called fire()
Checking for deadlock:
There are 3 Blocked actors, 0 Stopped actors, and 4 active threads.
Waiting for actors to stop.
Next port to read input from is inputA
Called postfire()
Called prefire()
Called fire()
Checking for deadlock:
There are 2 Blocked actors, 0 Stopped actors, and 4 active threads.
Waiting for actors to stop.
Read input token from inputA with value 3.0
Called postfire()
Called prefire()
Called fire()
Checking for deadlock:
There are 2 Blocked actors, 0 Stopped actors, and 4 active threads.
Waiting for actors to stop.
-- Read input: 3.0, which is expected to match: 3.0
Called prefire()
Called fire()
Sent output token with value 3.0
Checking for deadlock:
There are 3 Blocked actors, 0 Stopped actors, and 4 active threads.
Waiting for actors to stop.
Next port to read input from is inputB
Called postfire()
Called prefire()
Called fire()
Checking for deadlock:
There are 2 Blocked actors, 0 Stopped actors, and 4 active threads.
Waiting for actors to stop.
Read input token from inputB with value 4.5
Called postfire()
Called prefire()
Called fire()
-- Read input: 3.0, which is expected to match: 3.0
Called prefire()
Called fire()
Checking for deadlock:
There are 3 Blocked actors, 0 Stopped actors, and 4 active threads.
Waiting for actors to stop.
Sent output token with value 3.0
Next port to read input from is inputA
Called postfire()
Called prefire()
Called fire()
Checking for deadlock:
There are 2 Blocked actors, 0 Stopped actors, and 4 active threads.
Waiting for actors to stop.
Read input token from inputA with value 4.0
Called postfire()
Called prefire()
Called fire()
-- Read input: 4.0, which is expected to match: 4.0
Called prefire()
Called fire()
Past the end of training data. Read and discard all inputs.
Checking for deadlock:
There are 3 Blocked actors, 0 Stopped actors, and 4 active threads.
Waiting for actors to stop.
Sent output token with value 4.0
Next port to read input from is inputA
Called postfire()
Called prefire()
Called fire()
Called postfire()
Read input token from inputA with value 5.0
Called prefire()
Called fire()
Checking for deadlock:
There are 2 Blocked actors, 0 Stopped actors, and 4 active threads.
Waiting for actors to stop.
Called prefire()
Called fire()
Past the end of training data. Read and discard all inputs.
Sent output token with value 4.5
Checking for deadlock:
There are 3 Blocked actors, 0 Stopped actors, and 4 active threads.
Waiting for actors to stop.
Next port to read input from is inputB
Called postfire()
Called prefire()
Called fire()
Checking for deadlock:
There are 2 Blocked actors, 0 Stopped actors, and 4 active threads.
Waiting for actors to stop.
Read input token from inputB with value 6.0
Called postfire()
Called prefire()
Called fire()
Called prefire()
Called fire()
Past the end of training data. Read and discard all inputs.
Checking for deadlock:
There are 3 Blocked actors, 0 Stopped actors, and 4 active threads.
Waiting for actors to stop.
Sent output token with value 5.0
Next port to read input from is inputA
Called postfire()
Called prefire()
Called fire()
Checking for deadlock:
There are 2 Blocked actors, 0 Stopped actors, and 4 active threads.
Waiting for actors to stop.
Called postfire()
Called prefire()
Called fire()
Checking for deadlock:
There are 3 Blocked actors, 0 Stopped actors, and 4 active threads.
Waiting for actors to stop.
Read input token from inputA with value 6.0
Checking for deadlock:
There are 2 Blocked actors, 0 Stopped actors, and 4 active threads.
Waiting for actors to stop.
Called prefire()
Called fire()
Past the end of training data. Read and discard all inputs.
Sent output token with value 6.0
Checking for deadlock:
There are 3 Blocked actors, 0 Stopped actors, and 4 active threads.
Waiting for actors to stop.
Next port to read input from is inputB
Called postfire()
Called prefire()
Called fire()
Checking for deadlock:
There are 2 Blocked actors, 0 Stopped actors, and 4 active threads.
Waiting for actors to stop.
Called postfire()
Read input token from inputB with value 7.5
Called prefire()
Called fire()
Called prefire()
Called fire()
Past the end of training data. Read and discard all inputs.
Checking for deadlock:
There are 3 Blocked actors, 0 Stopped actors, and 4 active threads.
Waiting for actors to stop.
Sent output token with value 6.0
Next port to read input from is inputA
Called postfire()
Called prefire()
Called fire()
Checking for deadlock:
There are 2 Blocked actors, 0 Stopped actors, and 4 active threads.
Waiting for actors to stop.
Read input token from inputA with value 7.0
Called postfire()
Called prefire()
Called fire()
Called prefire()
Called fire()
Past the end of training data. Read and discard all inputs.
Checking for deadlock:
There are 3 Blocked actors, 0 Stopped actors, and 4 active threads.
Waiting for actors to stop.
Sent output token with value 7.0
Next port to read input from is inputA
Called postfire()
Called prefire()
Called fire()
-- Thread wrapup() called.
Called wrapup()
Thread .top.Ramp is exiting.
-- Thread stopped.
Checking for deadlock:
There are 2 Blocked actors, 0 Stopped actors, and 3 active threads.
Waiting for actors to stop.
Read input token from inputA with value 8.0
Checking for deadlock:
There are 1 Blocked actors, 0 Stopped actors, and 3 active threads.
Waiting for actors to stop.
Called prefire()
Called fire()
Past the end of training data. Read and discard all inputs.
Checking for deadlock:
There are 2 Blocked actors, 0 Stopped actors, and 3 active threads.
Waiting for actors to stop.
Sent output token with value 7.5
Next port to read input from is inputB
Called postfire()
Called prefire()
Called fire()
Checking for deadlock:
There are 1 Blocked actors, 0 Stopped actors, and 3 active threads.
Waiting for actors to stop.
Called postfire()
Called prefire()
Read input token from inputB with value 9.0
Called fire()
Called prefire()
Called fire()
Past the end of training data. Read and discard all inputs.
Checking for deadlock:
There are 2 Blocked actors, 0 Stopped actors, and 3 active threads.
Waiting for actors to stop.
Sent output token with value 8.0
Next port to read input from is inputA
Called postfire()
Called prefire()
Called fire()
Read input token from inputA with value 9.0
Called prefire()
Called fire()
Past the end of training data. Read and discard all inputs.
Checking for deadlock:
There are 2 Blocked actors, 0 Stopped actors, and 3 active threads.
Waiting for actors to stop.
Sent output token with value 9.0
Next port to read input from is inputB
Called postfire()
Called prefire()
Called fire()
Checking for deadlock:
There are 1 Blocked actors, 0 Stopped actors, and 3 active threads.
Waiting for actors to stop.
Called postfire()
Called prefire()
Read input token from inputB with value 10.5
Called fire()
Called prefire()
Called fire()
Past the end of training data. Read and discard all inputs.
Checking for deadlock:
There are 2 Blocked actors, 0 Stopped actors, and 3 active threads.
Waiting for actors to stop.
Sent output token with value 9.0
Next port to read input from is inputA
Called postfire()
Called prefire()
Called fire()
Checking for deadlock:
There are 3 Blocked actors, 0 Stopped actors, and 3 active threads.
Actors have stopped.
Checking for deadlock:
There are 3 Blocked actors, 0 Stopped actors, and 3 active threads.
Deadlock detected.
Resolving Deadlock
Checking for deadlock:
There are 3 Blocked actors, 0 Stopped actors, and 3 active threads.
Artificial Deadlock - increasing queue capacity.
increasing the capacity of receiver ptolemy.actor.TypedIOPort {.top.OrderedMerge.inputB} to 2
Director: Called postfire().
Called postfire().
_stopRequested = false
_stopFireRequested = false
Returning from postfire(): true
Called fire().
Checking for deadlock:
There are 2 Blocked actors, 0 Stopped actors, and 3 active threads.
Waiting for actors to stop.
-- Thread wrapup() called.
Called wrapup()
Thread .top.Ramp2 is exiting.
-- Thread stopped.
Checking for deadlock:
There are 2 Blocked actors, 0 Stopped actors, and 2 active threads.
Actors have stopped.
Checking for deadlock:
There are 2 Blocked actors, 0 Stopped actors, and 2 active threads.
Deadlock detected.
Resolving Deadlock
Checking for deadlock:
There are 2 Blocked actors, 0 Stopped actors, and 2 active threads.
Deadlock detected: no processes blocked on write, but some are blocked on read.
Called postfire().
_stopRequested = false
_stopFireRequested = false
Returning from postfire(): false
Finished deactivating branches.
Called wrapup().
-- Thread wrapup() called.
Called wrapup()
Thread .top.OrderedMerge is exiting.
-- Thread stopped.
-- Blocked Receiver call threw TerminateProcessException.
-- Thread wrapup() called.
Called wrapup()
Thread .top.Test is exiting.
-- Thread stopped.
-- Blocked Receiver call threw TerminateProcessException.
35 ms. Memory: 145408K Free: 114939K (79%)
/home/travis/build/icyphy/ptII/ptolemy/actor/lib/test/Publisher.tcl
30 ms. Memory: 145408K Free: 108795K (75%)
20 ms. Memory: 145408K Free: 103165K (71%)
2 ms. Memory: 145408K Free: 99565K (68%)
13 ms. Memory: 145408K Free: 98555K (68%)
2 ms. Memory: 145408K Free: 97517K (67%)
6 ms. Memory: 145408K Free: 97021K (67%)
2 ms. Memory: 145408K Free: 95997K (66%)
4 ms. Memory: 145408K Free: 95453K (66%)
36 ms. Memory: 145408K Free: 129062K (89%)
3 ms. Memory: 145408K Free: 125462K (86%)
16 ms. Memory: 145408K Free: 124452K (86%)
5 ms. Memory: 145408K Free: 122404K (84%)
6 ms. Memory: 145408K Free: 114726K (79%)
5 ms. Memory: 145408K Free: 105510K (73%)
6 ms. Memory: 145408K Free: 94246K (65%)
/home/travis/build/icyphy/ptII/ptolemy/actor/lib/test/Pulse.tcl
5 ms. Memory: 145408K Free: 125148K (86%)
7 ms. Memory: 145408K Free: 124132K (85%)
1 ms. Memory: 145408K Free: 123628K (85%)
1 ms. Memory: 145408K Free: 123100K (85%)
1 ms. Memory: 145408K Free: 122604K (84%)
6 ms. Memory: 145408K Free: 121580K (84%)
4 ms. Memory: 145408K Free: 120556K (83%)
2 ms. Memory: 145408K Free: 120042K (83%)
2 ms. Memory: 145408K Free: 119004K (82%)
/home/travis/build/icyphy/ptII/ptolemy/actor/lib/test/Ramp.tcl
2 ms. Memory: 145408K Free: 117484K (81%)
1 ms. Memory: 145408K Free: 116460K (80%)
2 ms. Memory: 145408K Free: 115932K (80%)
1 ms. Memory: 145408K Free: 114908K (79%)
3 ms. Memory: 145408K Free: 114412K (79%)
6 ms. Memory: 145408K Free: 113388K (78%)
4 ms. Memory: 145408K Free: 112364K (77%)
5 actors
5000 microseconds per iteration to create
11 ms. Memory: 145408K Free: 109772K (75%)
1 ms. Memory: 145408K Free: 108772K (75%)
1 ms. Memory: 145408K Free: 108268K (74%)
2 ms. Memory: 145408K Free: 107740K (74%)
50 actors
44000 microseconds per iteration to create
34 ms. Memory: 145408K Free: 92394K (64%)
15 ms. Memory: 145408K Free: 91370K (63%)
5 ms. Memory: 145408K Free: 90346K (62%)
16 ms. Memory: 145408K Free: 88812K (61%)
500 actors
1551000 microseconds per iteration to create
236 ms. Memory: 175104K Free: 126654K (72%)
35 ms. Memory: 175104K Free: 121024K (69%)
34 ms. Memory: 175104K Free: 115904K (66%)
31 ms. Memory: 175104K Free: 110784K (63%)
/home/travis/build/icyphy/ptII/ptolemy/actor/lib/test/RampContinuous.tcl
9 ms. Memory: 175104K Free: 109216K (62%)
/home/travis/build/icyphy/ptII/ptolemy/actor/lib/test/RecordAssembler.tcl
4 ms. Memory: 175104K Free: 107712K (62%)
3 ms. Memory: 175104K Free: 106688K (61%)
/home/travis/build/icyphy/ptII/ptolemy/actor/lib/test/RecordDisassembler.tcl
5 ms. Memory: 175104K Free: 105150K (60%)
2 ms. Memory: 175104K Free: 104112K (59%)
3 ms. Memory: 175104K Free: 103088K (59%)
/home/travis/build/icyphy/ptII/ptolemy/actor/lib/test/Scale.tcl
2 ms. Memory: 175104K Free: 101048K (58%)
1 ms. Memory: 175104K Free: 100544K (57%)
2 ms. Memory: 175104K Free: 99520K (57%)
2 ms. Memory: 175104K Free: 98976K (57%)
2 ms. Memory: 175104K Free: 97982K (56%)
/home/travis/build/icyphy/ptII/ptolemy/actor/lib/test/SequentialClock.tcl
preinitializing
resolving types
initializing
executing number 1
wrapping up
idle
2 ms. Memory: 175104K Free: 96944K (55%)
Completed execution with 5 iterations
preinitializing
resolving types
initializing
executing number 1
wrapping up
idle
1 ms. Memory: 175104K Free: 96448K (55%)
Completed execution with 5 iterations
preinitializing
resolving types
initializing
executing number 1
wrapping up
idle
1 ms. Memory: 175104K Free: 95934K (55%)
Completed execution with 5 iterations
/home/travis/build/icyphy/ptII/ptolemy/actor/lib/test/SetVariable.tcl
3 ms. Memory: 175104K Free: 93880K (54%)


==== $PTII/ptolemy/actor/lib/test/SetVariable.tcl: SetVariable-3.1 changeFailed
==== Contents of test case:

    #Uses 2.1 above
    jdkCaptureErr {
        # This test was failing if we ran Exit.tcl and then this test.
        # MessageHandler.error() now actually throws the Exception.
	catch {$setVariable changeFailed [java::null]  [java::new Exception {Test exception for SetVariable.changeFailed()}]} errMsg
    } results
    list [string range $results 0 89] "\n" $errMsg

==== Result was:
{java.lang.Exception: Test exception for SetVariable.changeFailed()
	at java.base/jdk.inter} {
} {java.lang.RuntimeException: java.lang.Exception: Test exception for SetVariable.changeFailed()}
---- Result should have been:
{Failed to set variable.
java.lang.Exception: Test exception for SetVariable.changeFailed()} {
} {java.lang.RuntimeException: java.lang.Exception: Test exception for SetVariable.changeFailed()}
---- SetVariable-3.1 FAILED
/home/travis/build/icyphy/ptII/ptolemy/actor/lib/test/Sinewave.tcl
/home/travis/build/icyphy/ptII/ptolemy/actor/lib/test/SubscriptionAggregator.tcl
10 ms. Memory: 175104K Free: 81598K (47%)
5 ms. Memory: 175104K Free: 81088K (46%)
1 ms. Memory: 175104K Free: 80568K (46%)
0 ms. Memory: 175104K Free: 80064K (46%)
1 ms. Memory: 175104K Free: 76992K (44%)
7 ms. Memory: 175104K Free: 74430K (43%)
...............................................................1096 ms. Memory: 240640K Free: 152611K (63%)
/home/travis/build/icyphy/ptII/ptolemy/actor/lib/test/Test.tcl
 The next command will produce a warning about training mode,
   which may be ignored.
4 ms. Memory: 240640K Free: 150565K (63%)
3 ms. Memory: 240640K Free: 149541K (62%)
1 ms. Memory: 240640K Free: 149013K (62%)
2 ms. Memory: 240640K Free: 148517K (62%)
2 ms. Memory: 240640K Free: 147997K (62%)
3 ms. Memory: 240640K Free: 146469K (61%)
3 ms. Memory: 240640K Free: 145445K (60%)
 The next command will produce a warning about training mode,
   which may be ignored.
4 ms. Memory: 240640K Free: 142877K (59%)
 The next command will produce a warning about training mode,
   which may be ignored.
2 ms. Memory: 240640K Free: 141859K (59%)
1 ms. Memory: 240640K Free: 141349K (59%)
1 ms. Memory: 240640K Free: 140821K (59%)
1 ms. Memory: 240640K Free: 140325K (58%)
7 ms. Memory: 240640K Free: 139301K (58%)
3 ms. Memory: 240640K Free: 135685K (56%)
/home/travis/build/icyphy/ptII/ptolemy/actor/lib/test/TestExceptionHandler.tcl
 The next command will produce a warning about training mode,
   which may be ignored.
3 ms. Memory: 240640K Free: 134181K (56%)
1 ms. Memory: 240640K Free: 133637K (56%)
0 ms. Memory: 240640K Free: 133157K (55%)
/home/travis/build/icyphy/ptII/ptolemy/actor/lib/test/UnionDisassembler.tcl
13 ms. Memory: 240640K Free: 125989K (52%)
/home/travis/build/icyphy/ptII/ptolemy/actor/lib/test/VariableClock.tcl
preinitializing
resolving types
initializing
executing number 1
wrapping up
idle
3 ms. Memory: 240640K Free: 123941K (52%)
Completed execution with 11 iterations
preinitializing
resolving types
initializing
executing number 1
wrapping up
idle
3 ms. Memory: 240640K Free: 122373K (51%)
Completed execution with 10 iterations
09/03/19 06:07:37
Failed: 1  Total Tests: 234  ((Passed: 233, Newly Passed: 0)  Known Failed: 0) /home/travis/build/icyphy/ptII/ptolemy/actor/lib/test
----------------- testing (KnownFailure) /home/travis/build/icyphy/ptII/ptolemy/actor/lib/test/auto/knownFailedTests/PublisherPortToplevelSubscriber.xml
1 ms. Memory: 240640K Free: 119331K (50%)
Known Failure: java.lang.reflect.InvocationTargetException
----------------- testing (KnownFailure) /home/travis/build/icyphy/ptII/ptolemy/actor/lib/test/auto/knownFailedTests/PublisherSubscriberPortToplevel.xml
8 ms. Memory: 240640K Free: 115235K (48%)
Known Failure: java.lang.reflect.InvocationTargetException
----------------- testing (KnownFailure) /home/travis/build/icyphy/ptII/ptolemy/actor/lib/test/auto/knownFailedTests/PublisherSubscriptionAggregatorPort.xml
1 ms. Memory: 240640K Free: 111139K (46%)
Known Failure: java.lang.reflect.InvocationTargetException
----------------- testing (KnownFailure) /home/travis/build/icyphy/ptII/ptolemy/actor/lib/test/auto/knownFailedTests/sizedarray3.xml
4 ms. Memory: 240640K Free: 106533K (44%)
Known Failure: java.lang.reflect.InvocationTargetException
No auto/linux-amd64/*.xml tests in /home/travis/build/icyphy/ptII/ptolemy/actor/lib/test
AutoTests.java: About to close Vertx.
AutoTests.java: Vertx closed.

===========================================================================================
----------------- testing Tue Sep 03 18:07:37 UTC 2019 /home/travis/build/icyphy/ptII/ptolemy/actor/lib/test/auto/AbsoluteValue.xml
----------------- Instantiating /home/travis/build/icyphy/ptII/ptolemy/actor/lib/test/auto/AbsoluteValue.xml
5 ms. Memory: 240640K Free: 83491K (35%)
----------------- Invoking toplevel() on ptolemy.moml.MoMLSimpleApplication@409550f5
----------------- Done invoking toplevel() on ptolemy.moml.MoMLSimpleApplication@409550f5
reloadAllAccessors: .AbsoluteValue

===========================================================================================
----------------- testing Tue Sep 03 18:07:37 UTC 2019 /home/travis/build/icyphy/ptII/ptolemy/actor/lib/test/auto/AbsoluteValue2.xml
----------------- Instantiating /home/travis/build/icyphy/ptII/ptolemy/actor/lib/test/auto/AbsoluteValue2.xml
5 ms. Memory: 240640K Free: 76837K (32%)
----------------- Invoking toplevel() on ptolemy.moml.MoMLSimpleApplication@5bca49f0
----------------- Done invoking toplevel() on ptolemy.moml.MoMLSimpleApplication@5bca49f0
reloadAllAccessors: .AbsoluteValue2

===========================================================================================
----------------- testing Tue Sep 03 18:07:37 UTC 2019 /home/travis/build/icyphy/ptII/ptolemy/actor/lib/test/auto/Accumulator.xml
----------------- Instantiating /home/travis/build/icyphy/ptII/ptolemy/actor/lib/test/auto/Accumulator.xml
18 ms. Memory: 240640K Free: 190975K (79%)
----------------- Invoking toplevel() on ptolemy.moml.MoMLSimpleApplication@2c3c5f9c
----------------- Done invoking toplevel() on ptolemy.moml.MoMLSimpleApplication@2c3c5f9c
reloadAllAccessors: .Accumulator

===========================================================================================
----------------- testing Tue Sep 03 18:07:37 UTC 2019 /home/travis/build/icyphy/ptII/ptolemy/actor/lib/test/auto/Accumulator2.xml
----------------- Instantiating /home/travis/build/icyphy/ptII/ptolemy/actor/lib/test/auto/Accumulator2.xml
12 ms. Memory: 240640K Free: 185341K (77%)
----------------- Invoking toplevel() on ptolemy.moml.MoMLSimpleApplication@2bf2d9db
----------------- Done invoking toplevel() on ptolemy.moml.MoMLSimpleApplication@2bf2d9db
reloadAllAccessors: .Accumulator2

===========================================================================================
----------------- testing Tue Sep 03 18:07:37 UTC 2019 /home/travis/build/icyphy/ptII/ptolemy/actor/lib/test/auto/Accumulator3.xml
----------------- Instantiating /home/travis/build/icyphy/ptII/ptolemy/actor/lib/test/auto/Accumulator3.xml
2 ms. Memory: 240640K Free: 181245K (75%)
----------------- Invoking toplevel() on ptolemy.moml.MoMLSimpleApplication@3e809d47
----------------- Done invoking toplevel() on ptolemy.moml.MoMLSimpleApplication@3e809d47
reloadAllAccessors: .Accumulator3

===========================================================================================
----------------- testing Tue Sep 03 18:07:38 UTC 2019 /home/travis/build/icyphy/ptII/ptolemy/actor/lib/test/auto/ArrayAppend.xml
----------------- Instantiating /home/travis/build/icyphy/ptII/ptolemy/actor/lib/test/auto/ArrayAppend.xml
5 ms. Memory: 240640K Free: 174591K (73%)
----------------- Invoking toplevel() on ptolemy.moml.MoMLSimpleApplication@77686206
----------------- Done invoking toplevel() on ptolemy.moml.MoMLSimpleApplication@77686206
reloadAllAccessors: .ArrayAppend

===========================================================================================
----------------- testing Tue Sep 03 18:07:38 UTC 2019 /home/travis/build/icyphy/ptII/ptolemy/actor/lib/test/auto/ArrayAppend2.xml
----------------- Instantiating /home/travis/build/icyphy/ptII/ptolemy/actor/lib/test/auto/ArrayAppend2.xml
260 ms. Memory: 240640K Free: 115199K (48%)
----------------- Invoking toplevel() on ptolemy.moml.MoMLSimpleApplication@53ae4818
----------------- Done invoking toplevel() on ptolemy.moml.MoMLSimpleApplication@53ae4818
reloadAllAccessors: .ArrayAppend2

===========================================================================================
----------------- testing Tue Sep 03 18:07:38 UTC 2019 /home/travis/build/icyphy/ptII/ptolemy/actor/lib/test/auto/ArrayAppend3.xml
----------------- Instantiating /home/travis/build/icyphy/ptII/ptolemy/actor/lib/test/auto/ArrayAppend3.xml
8 ms. Memory: 240640K Free: 109565K (46%)
----------------- Invoking toplevel() on ptolemy.moml.MoMLSimpleApplication@280bba2d
----------------- Done invoking toplevel() on ptolemy.moml.MoMLSimpleApplication@280bba2d
reloadAllAccessors: .ArrayAppend3

===========================================================================================
----------------- testing Tue Sep 03 18:07:38 UTC 2019 /home/travis/build/icyphy/ptII/ptolemy/actor/lib/test/auto/ArrayAppend4.xml
----------------- Instantiating /home/travis/build/icyphy/ptII/ptolemy/actor/lib/test/auto/ArrayAppend4.xml
2 ms. Memory: 240640K Free: 104445K (43%)
----------------- Invoking toplevel() on ptolemy.moml.MoMLSimpleApplication@1c72c626
----------------- Done invoking toplevel() on ptolemy.moml.MoMLSimpleApplication@1c72c626
reloadAllAccessors: .ArrayAppend4

===========================================================================================
----------------- testing Tue Sep 03 18:07:38 UTC 2019 /home/travis/build/icyphy/ptII/ptolemy/actor/lib/test/auto/ArrayAppend5.xml
----------------- Instantiating /home/travis/build/icyphy/ptII/ptolemy/actor/lib/test/auto/ArrayAppend5.xml
3 ms. Memory: 240640K Free: 99325K (41%)
----------------- Invoking toplevel() on ptolemy.moml.MoMLSimpleApplication@6743d6a2
----------------- Done invoking toplevel() on ptolemy.moml.MoMLSimpleApplication@6743d6a2
reloadAllAccessors: .ArrayAppend5

===========================================================================================
----------------- testing Tue Sep 03 18:07:38 UTC 2019 /home/travis/build/icyphy/ptII/ptolemy/actor/lib/test/auto/ArrayAppend6.xml
----------------- Instantiating /home/travis/build/icyphy/ptII/ptolemy/actor/lib/test/auto/ArrayAppend6.xml
2 ms. Memory: 240640K Free: 93695K (39%)
----------------- Invoking toplevel() on ptolemy.moml.MoMLSimpleApplication@41862a7d
----------------- Done invoking toplevel() on ptolemy.moml.MoMLSimpleApplication@41862a7d
reloadAllAccessors: .ArrayAppend6

===========================================================================================
----------------- testing Tue Sep 03 18:07:38 UTC 2019 /home/travis/build/icyphy/ptII/ptolemy/actor/lib/test/auto/ArrayAppendPerformanceTest.xml
----------------- Instantiating /home/travis/build/icyphy/ptII/ptolemy/actor/lib/test/auto/ArrayAppendPerformanceTest.xml
52 ms. Memory: 240640K Free: 83453K (35%)
----------------- Invoking toplevel() on ptolemy.moml.MoMLSimpleApplication@66de243b
----------------- Done invoking toplevel() on ptolemy.moml.MoMLSimpleApplication@66de243b
reloadAllAccessors: .ArrayAppendPerformanceTest

===========================================================================================
----------------- testing Tue Sep 03 18:07:38 UTC 2019 /home/travis/build/icyphy/ptII/ptolemy/actor/lib/test/auto/ArrayAppendWithEmptyInput.xml
----------------- Instantiating /home/travis/build/icyphy/ptII/ptolemy/actor/lib/test/auto/ArrayAppendWithEmptyInput.xml
10 ms. Memory: 240640K Free: 75263K (31%)
----------------- Invoking toplevel() on ptolemy.moml.MoMLSimpleApplication@457bc61f
----------------- Done invoking toplevel() on ptolemy.moml.MoMLSimpleApplication@457bc61f
reloadAllAccessors: .ArrayAppendWithEmptyInput

===========================================================================================
----------------- testing Tue Sep 03 18:07:38 UTC 2019 /home/travis/build/icyphy/ptII/ptolemy/actor/lib/test/auto/ArrayAverage.xml
----------------- Instantiating /home/travis/build/icyphy/ptII/ptolemy/actor/lib/test/auto/ArrayAverage.xml
17 ms. Memory: 240640K Free: 67581K (28%)
----------------- Invoking toplevel() on ptolemy.moml.MoMLSimpleApplication@36100c64
----------------- Done invoking toplevel() on ptolemy.moml.MoMLSimpleApplication@36100c64
reloadAllAccessors: .ArrayAverage

===========================================================================================
----------------- testing Tue Sep 03 18:07:38 UTC 2019 /home/travis/build/icyphy/ptII/ptolemy/actor/lib/test/auto/ArrayContains.xml
----------------- Instantiating /home/travis/build/icyphy/ptII/ptolemy/actor/lib/test/auto/ArrayContains.xml
3 ms. Memory: 240640K Free: 61437K (26%)
----------------- Invoking toplevel() on ptolemy.moml.MoMLSimpleApplication@4a86105b
----------------- Done invoking toplevel() on ptolemy.moml.MoMLSimpleApplication@4a86105b
reloadAllAccessors: .ArrayContains

===========================================================================================
----------------- testing Tue Sep 03 18:07:38 UTC 2019 /home/travis/build/icyphy/ptII/ptolemy/actor/lib/test/auto/ArrayElement.xml
----------------- Instantiating /home/travis/build/icyphy/ptII/ptolemy/actor/lib/test/auto/ArrayElement.xml
3 ms. Memory: 478208K Free: 427517K (89%)
----------------- Invoking toplevel() on ptolemy.moml.MoMLSimpleApplication@2756227
----------------- Done invoking toplevel() on ptolemy.moml.MoMLSimpleApplication@2756227
reloadAllAccessors: .ArrayElement

===========================================================================================
----------------- testing Tue Sep 03 18:07:38 UTC 2019 /home/travis/build/icyphy/ptII/ptolemy/actor/lib/test/auto/ArrayElementAsMatrix.xml
----------------- Instantiating /home/travis/build/icyphy/ptII/ptolemy/actor/lib/test/auto/ArrayElementAsMatrix.xml
14 ms. Memory: 478208K Free: 417277K (87%)
----------------- Invoking toplevel() on ptolemy.moml.MoMLSimpleApplication@50c440b3
----------------- Done invoking toplevel() on ptolemy.moml.MoMLSimpleApplication@50c440b3
reloadAllAccessors: .ArrayElementAsMatrix

===========================================================================================
----------------- testing Tue Sep 03 18:07:38 UTC 2019 /home/travis/build/icyphy/ptII/ptolemy/actor/lib/test/auto/ArrayElementI.xml
----------------- Instantiating /home/travis/build/icyphy/ptII/ptolemy/actor/lib/test/auto/ArrayElementI.xml
3 ms. Memory: 478208K Free: 412157K (86%)
----------------- Invoking toplevel() on ptolemy.moml.MoMLSimpleApplication@5ed0a38c
----------------- Done invoking toplevel() on ptolemy.moml.MoMLSimpleApplication@5ed0a38c
reloadAllAccessors: .ArrayElementI

===========================================================================================
----------------- testing Tue Sep 03 18:07:38 UTC 2019 /home/travis/build/icyphy/ptII/ptolemy/actor/lib/test/auto/ArrayExtract.xml
----------------- Instantiating /home/travis/build/icyphy/ptII/ptolemy/actor/lib/test/auto/ArrayExtract.xml
8 ms. Memory: 478208K Free: 403455K (84%)
----------------- Invoking toplevel() on ptolemy.moml.MoMLSimpleApplication@2464ade5
----------------- Done invoking toplevel() on ptolemy.moml.MoMLSimpleApplication@2464ade5
reloadAllAccessors: .ArrayExtract

===========================================================================================
----------------- testing Tue Sep 03 18:07:38 UTC 2019 /home/travis/build/icyphy/ptII/ptolemy/actor/lib/test/auto/ArrayExtract2.xml
----------------- Instantiating /home/travis/build/icyphy/ptII/ptolemy/actor/lib/test/auto/ArrayExtract2.xml
2 ms. Memory: 478208K Free: 398845K (83%)
----------------- Invoking toplevel() on ptolemy.moml.MoMLSimpleApplication@17137029
----------------- Done invoking toplevel() on ptolemy.moml.MoMLSimpleApplication@17137029
reloadAllAccessors: .ArrayExtract2

===========================================================================================
----------------- testing Tue Sep 03 18:07:38 UTC 2019 /home/travis/build/icyphy/ptII/ptolemy/actor/lib/test/auto/ArrayLength.xml
----------------- Instantiating /home/travis/build/icyphy/ptII/ptolemy/actor/lib/test/auto/ArrayLength.xml
3 ms. Memory: 478208K Free: 394749K (83%)
----------------- Invoking toplevel() on ptolemy.moml.MoMLSimpleApplication@4b49fe38
----------------- Done invoking toplevel() on ptolemy.moml.MoMLSimpleApplication@4b49fe38
reloadAllAccessors: .ArrayLength

===========================================================================================
----------------- testing Tue Sep 03 18:07:39 UTC 2019 /home/travis/build/icyphy/ptII/ptolemy/actor/lib/test/auto/ArrayLevelCrossing.xml
----------------- Instantiating /home/travis/build/icyphy/ptII/ptolemy/actor/lib/test/auto/ArrayLevelCrossing.xml
5 ms. Memory: 478208K Free: 387071K (81%)
----------------- Invoking toplevel() on ptolemy.moml.MoMLSimpleApplication@20b6c61f
----------------- Done invoking toplevel() on ptolemy.moml.MoMLSimpleApplication@20b6c61f
reloadAllAccessors: .ArrayLevelCrossing

===========================================================================================
----------------- testing Tue Sep 03 18:07:39 UTC 2019 /home/travis/build/icyphy/ptII/ptolemy/actor/lib/test/auto/ArrayLevelCrossing2.xml
----------------- Instantiating /home/travis/build/icyphy/ptII/ptolemy/actor/lib/test/auto/ArrayLevelCrossing2.xml
4 ms. Memory: 478208K Free: 379903K (79%)
----------------- Invoking toplevel() on ptolemy.moml.MoMLSimpleApplication@599640a4
----------------- Done invoking toplevel() on ptolemy.moml.MoMLSimpleApplication@599640a4
reloadAllAccessors: .ArrayLevelCrossing2

===========================================================================================
----------------- testing Tue Sep 03 18:07:39 UTC 2019 /home/travis/build/icyphy/ptII/ptolemy/actor/lib/test/auto/ArrayPeakSearch.xml
----------------- Instantiating /home/travis/build/icyphy/ptII/ptolemy/actor/lib/test/auto/ArrayPeakSearch.xml
6 ms. Memory: 478208K Free: 371197K (78%)
----------------- Invoking toplevel() on ptolemy.moml.MoMLSimpleApplication@6c11cdf9
----------------- Done invoking toplevel() on ptolemy.moml.MoMLSimpleApplication@6c11cdf9
reloadAllAccessors: .ArrayPeakSearch

===========================================================================================
----------------- testing Tue Sep 03 18:07:39 UTC 2019 /home/travis/build/icyphy/ptII/ptolemy/actor/lib/test/auto/ArrayPeakSearch2.xml
----------------- Instantiating /home/travis/build/icyphy/ptII/ptolemy/actor/lib/test/auto/ArrayPeakSearch2.xml
6 ms. Memory: 478208K Free: 360447K (75%)
----------------- Invoking toplevel() on ptolemy.moml.MoMLSimpleApplication@600200cc
----------------- Done invoking toplevel() on ptolemy.moml.MoMLSimpleApplication@600200cc
reloadAllAccessors: .ArrayPeakSearch2

===========================================================================================
----------------- testing Tue Sep 03 18:07:39 UTC 2019 /home/travis/build/icyphy/ptII/ptolemy/actor/lib/test/auto/ArrayPeakSearch3.xml
----------------- Instantiating /home/travis/build/icyphy/ptII/ptolemy/actor/lib/test/auto/ArrayPeakSearch3.xml
7 ms. Memory: 478208K Free: 351741K (74%)
----------------- Invoking toplevel() on ptolemy.moml.MoMLSimpleApplication@7639b006
----------------- Done invoking toplevel() on ptolemy.moml.MoMLSimpleApplication@7639b006
reloadAllAccessors: .ArrayPeakSearch3

===========================================================================================
----------------- testing Tue Sep 03 18:07:39 UTC 2019 /home/travis/build/icyphy/ptII/ptolemy/actor/lib/test/auto/ArrayRemoveElement.xml
----------------- Instantiating /home/travis/build/icyphy/ptII/ptolemy/actor/lib/test/auto/ArrayRemoveElement.xml
3 ms. Memory: 478208K Free: 343549K (72%)
----------------- Invoking toplevel() on ptolemy.moml.MoMLSimpleApplication@4d3db083
----------------- Done invoking toplevel() on ptolemy.moml.MoMLSimpleApplication@4d3db083
reloadAllAccessors: .ArrayRemoveElement

===========================================================================================
----------------- testing Tue Sep 03 18:07:39 UTC 2019 /home/travis/build/icyphy/ptII/ptolemy/actor/lib/test/auto/ArraySort.xml
----------------- Instantiating /home/travis/build/icyphy/ptII/ptolemy/actor/lib/test/auto/ArraySort.xml
7 ms. Memory: 478208K Free: 334847K (70%)
----------------- Invoking toplevel() on ptolemy.moml.MoMLSimpleApplication@22d7c3d4
----------------- Done invoking toplevel() on ptolemy.moml.MoMLSimpleApplication@22d7c3d4
reloadAllAccessors: .ArraySort

===========================================================================================
----------------- testing Tue Sep 03 18:07:39 UTC 2019 /home/travis/build/icyphy/ptII/ptolemy/actor/lib/test/auto/ArraySum.xml
----------------- Instantiating /home/travis/build/icyphy/ptII/ptolemy/actor/lib/test/auto/ArraySum.xml
9 ms. Memory: 478208K Free: 329213K (69%)
----------------- Invoking toplevel() on ptolemy.moml.MoMLSimpleApplication@6b6b9898
----------------- Done invoking toplevel() on ptolemy.moml.MoMLSimpleApplication@6b6b9898
reloadAllAccessors: .ArraySum

===========================================================================================
----------------- testing Tue Sep 03 18:07:39 UTC 2019 /home/travis/build/icyphy/ptII/ptolemy/actor/lib/test/auto/ArrayToElements.xml
----------------- Instantiating /home/travis/build/icyphy/ptII/ptolemy/actor/lib/test/auto/ArrayToElements.xml
7 ms. Memory: 478208K Free: 324093K (68%)
----------------- Invoking toplevel() on ptolemy.moml.MoMLSimpleApplication@7e5c858f
----------------- Done invoking toplevel() on ptolemy.moml.MoMLSimpleApplication@7e5c858f
reloadAllAccessors: .ArrayToElements

===========================================================================================
----------------- testing Tue Sep 03 18:07:39 UTC 2019 /home/travis/build/icyphy/ptII/ptolemy/actor/lib/test/auto/ArrayToMatrix.xml
----------------- Instantiating /home/travis/build/icyphy/ptII/ptolemy/actor/lib/test/auto/ArrayToMatrix.xml
7 ms. Memory: 478208K Free: 309757K (65%)
----------------- Invoking toplevel() on ptolemy.moml.MoMLSimpleApplication@49077f60
----------------- Done invoking toplevel() on ptolemy.moml.MoMLSimpleApplication@49077f60
reloadAllAccessors: .ArrayToMatrix

===========================================================================================
----------------- testing Tue Sep 03 18:07:39 UTC 2019 /home/travis/build/icyphy/ptII/ptolemy/actor/lib/test/auto/ArrayUpdate1.xml
----------------- Instantiating /home/travis/build/icyphy/ptII/ptolemy/actor/lib/test/auto/ArrayUpdate1.xml
5 ms. Memory: 478208K Free: 305151K (64%)
----------------- Invoking toplevel() on ptolemy.moml.MoMLSimpleApplication@4f5262d0
----------------- Done invoking toplevel() on ptolemy.moml.MoMLSimpleApplication@4f5262d0
reloadAllAccessors: .ArrayUpdate1

===========================================================================================
----------------- testing Tue Sep 03 18:07:39 UTC 2019 /home/travis/build/icyphy/ptII/ptolemy/actor/lib/test/auto/ArrayUpdate2.xml
----------------- Instantiating /home/travis/build/icyphy/ptII/ptolemy/actor/lib/test/auto/ArrayUpdate2.xml
17 ms. Memory: 478208K Free: 298493K (62%)
----------------- Invoking toplevel() on ptolemy.moml.MoMLSimpleApplication@3e3a0cc1
----------------- Done invoking toplevel() on ptolemy.moml.MoMLSimpleApplication@3e3a0cc1
reloadAllAccessors: .ArrayUpdate2

===========================================================================================
----------------- testing Tue Sep 03 18:07:39 UTC 2019 /home/travis/build/icyphy/ptII/ptolemy/actor/lib/test/auto/ArrayUpdate3.xml
----------------- Instantiating /home/travis/build/icyphy/ptII/ptolemy/actor/lib/test/auto/ArrayUpdate3.xml
3 ms. Memory: 478208K Free: 293887K (61%)
----------------- Invoking toplevel() on ptolemy.moml.MoMLSimpleApplication@77752697
----------------- Done invoking toplevel() on ptolemy.moml.MoMLSimpleApplication@77752697
reloadAllAccessors: .ArrayUpdate3

===========================================================================================
----------------- testing Tue Sep 03 18:07:39 UTC 2019 /home/travis/build/icyphy/ptII/ptolemy/actor/lib/test/auto/Assert1.xml
----------------- Instantiating /home/travis/build/icyphy/ptII/ptolemy/actor/lib/test/auto/Assert1.xml
3 ms. Memory: 478208K Free: 289791K (61%)
----------------- Invoking toplevel() on ptolemy.moml.MoMLSimpleApplication@7af5b216
----------------- Done invoking toplevel() on ptolemy.moml.MoMLSimpleApplication@7af5b216
reloadAllAccessors: .Assert1

===========================================================================================
----------------- testing Tue Sep 03 18:07:39 UTC 2019 /home/travis/build/icyphy/ptII/ptolemy/actor/lib/test/auto/Assert2.xml
----------------- Instantiating /home/travis/build/icyphy/ptII/ptolemy/actor/lib/test/auto/Assert2.xml
2 ms. Memory: 478208K Free: 284157K (59%)
----------------- Invoking toplevel() on ptolemy.moml.MoMLSimpleApplication@1e69c25f
----------------- Done invoking toplevel() on ptolemy.moml.MoMLSimpleApplication@1e69c25f
reloadAllAccessors: .Assert2

===========================================================================================
----------------- testing Tue Sep 03 18:07:39 UTC 2019 /home/travis/build/icyphy/ptII/ptolemy/actor/lib/test/auto/BooleanMultiplexor.xml
----------------- Instantiating /home/travis/build/icyphy/ptII/ptolemy/actor/lib/test/auto/BooleanMultiplexor.xml
3 ms. Memory: 478208K Free: 279007K (58%)
----------------- Invoking toplevel() on ptolemy.moml.MoMLSimpleApplication@62b3d90f
----------------- Done invoking toplevel() on ptolemy.moml.MoMLSimpleApplication@62b3d90f
reloadAllAccessors: .BooleanMultiplexor

===========================================================================================
----------------- testing Tue Sep 03 18:07:39 UTC 2019 /home/travis/build/icyphy/ptII/ptolemy/actor/lib/test/auto/BooleanMultiplexor2.xml
----------------- Instantiating /home/travis/build/icyphy/ptII/ptolemy/actor/lib/test/auto/BooleanMultiplexor2.xml
14 ms. Memory: 478208K Free: 272383K (57%)
----------------- Invoking toplevel() on ptolemy.moml.MoMLSimpleApplication@1dfd07db
----------------- Done invoking toplevel() on ptolemy.moml.MoMLSimpleApplication@1dfd07db
reloadAllAccessors: .BooleanMultiplexor2

===========================================================================================
----------------- testing Tue Sep 03 18:07:39 UTC 2019 /home/travis/build/icyphy/ptII/ptolemy/actor/lib/test/auto/BooleanMultiplexor3.xml
----------------- Instantiating /home/travis/build/icyphy/ptII/ptolemy/actor/lib/test/auto/BooleanMultiplexor3.xml
4 ms. Memory: 478208K Free: 268287K (56%)
----------------- Invoking toplevel() on ptolemy.moml.MoMLSimpleApplication@30e54656
----------------- Done invoking toplevel() on ptolemy.moml.MoMLSimpleApplication@30e54656
reloadAllAccessors: .BooleanMultiplexor3

===========================================================================================
----------------- testing Tue Sep 03 18:07:39 UTC 2019 /home/travis/build/icyphy/ptII/ptolemy/actor/lib/test/auto/BooleanSelect.xml
----------------- Instantiating /home/travis/build/icyphy/ptII/ptolemy/actor/lib/test/auto/BooleanSelect.xml
7 ms. Memory: 478208K Free: 262639K (55%)
----------------- Invoking toplevel() on ptolemy.moml.MoMLSimpleApplication@152e1238
----------------- Done invoking toplevel() on ptolemy.moml.MoMLSimpleApplication@152e1238
reloadAllAccessors: .BooleanSelect

===========================================================================================
----------------- testing Tue Sep 03 18:07:39 UTC 2019 /home/travis/build/icyphy/ptII/ptolemy/actor/lib/test/auto/BooleanSelect2.xml
----------------- Instantiating /home/travis/build/icyphy/ptII/ptolemy/actor/lib/test/auto/BooleanSelect2.xml
1 ms. Memory: 478208K Free: 258047K (54%)
----------------- Invoking toplevel() on ptolemy.moml.MoMLSimpleApplication@39ff08d4
----------------- Done invoking toplevel() on ptolemy.moml.MoMLSimpleApplication@39ff08d4
reloadAllAccessors: .BooleanSelect2

===========================================================================================
----------------- testing Tue Sep 03 18:07:39 UTC 2019 /home/travis/build/icyphy/ptII/ptolemy/actor/lib/test/auto/BooleanSwitch.xml
----------------- Instantiating /home/travis/build/icyphy/ptII/ptolemy/actor/lib/test/auto/BooleanSwitch.xml
8 ms. Memory: 478208K Free: 427503K (89%)
----------------- Invoking toplevel() on ptolemy.moml.MoMLSimpleApplication@760635e6
----------------- Done invoking toplevel() on ptolemy.moml.MoMLSimpleApplication@760635e6
reloadAllAccessors: .BooleanSwitch

===========================================================================================
----------------- testing Tue Sep 03 18:07:39 UTC 2019 /home/travis/build/icyphy/ptII/ptolemy/actor/lib/test/auto/BooleanSwitch2.xml
----------------- Instantiating /home/travis/build/icyphy/ptII/ptolemy/actor/lib/test/auto/BooleanSwitch2.xml
2 ms. Memory: 478208K Free: 422911K (88%)
----------------- Invoking toplevel() on ptolemy.moml.MoMLSimpleApplication@7202fd
----------------- Done invoking toplevel() on ptolemy.moml.MoMLSimpleApplication@7202fd
reloadAllAccessors: .BooleanSwitch2

===========================================================================================
----------------- testing Tue Sep 03 18:07:39 UTC 2019 /home/travis/build/icyphy/ptII/ptolemy/actor/lib/test/auto/BooleanSwitchCloningBugWithClassRelationGroup.xml
----------------- Instantiating /home/travis/build/icyphy/ptII/ptolemy/actor/lib/test/auto/BooleanSwitchCloningBugWithClassRelationGroup.xml
3 ms. Memory: 478208K Free: 416253K (87%)
----------------- Invoking toplevel() on ptolemy.moml.MoMLSimpleApplication@457c5d92
----------------- Done invoking toplevel() on ptolemy.moml.MoMLSimpleApplication@457c5d92
reloadAllAccessors: .BooleanSwitchCloningBugWithClassRelationGroup

===========================================================================================
----------------- testing Tue Sep 03 18:07:39 UTC 2019 /home/travis/build/icyphy/ptII/ptolemy/actor/lib/test/auto/BusActors.xml
----------------- Instantiating /home/travis/build/icyphy/ptII/ptolemy/actor/lib/test/auto/BusActors.xml
9 ms. Memory: 478208K Free: 408575K (85%)
----------------- Invoking toplevel() on ptolemy.moml.MoMLSimpleApplication@5a88b142
----------------- Done invoking toplevel() on ptolemy.moml.MoMLSimpleApplication@5a88b142
reloadAllAccessors: .BusActors

===========================================================================================
----------------- testing Tue Sep 03 18:07:39 UTC 2019 /home/travis/build/icyphy/ptII/ptolemy/actor/lib/test/auto/ClassWrapper.xml
----------------- Instantiating /home/travis/build/icyphy/ptII/ptolemy/actor/lib/test/auto/ClassWrapper.xml
3 ms. Memory: 478208K Free: 403965K (84%)
----------------- Invoking toplevel() on ptolemy.moml.MoMLSimpleApplication@2d4b41f8
----------------- Done invoking toplevel() on ptolemy.moml.MoMLSimpleApplication@2d4b41f8
reloadAllAccessors: .ClassWrapper

===========================================================================================
----------------- testing Tue Sep 03 18:07:39 UTC 2019 /home/travis/build/icyphy/ptII/ptolemy/actor/lib/test/auto/Clock.xml
----------------- Instantiating /home/travis/build/icyphy/ptII/ptolemy/actor/lib/test/auto/Clock.xml
1 ms. Memory: 478208K Free: 400383K (84%)
----------------- Invoking toplevel() on ptolemy.moml.MoMLSimpleApplication@22fabb8d
----------------- Done invoking toplevel() on ptolemy.moml.MoMLSimpleApplication@22fabb8d
reloadAllAccessors: .Clock

===========================================================================================
----------------- testing Tue Sep 03 18:07:39 UTC 2019 /home/travis/build/icyphy/ptII/ptolemy/actor/lib/test/auto/Clock10.xml
----------------- Instantiating /home/travis/build/icyphy/ptII/ptolemy/actor/lib/test/auto/Clock10.xml
4 ms. Memory: 478208K Free: 394239K (82%)
----------------- Invoking toplevel() on ptolemy.moml.MoMLSimpleApplication@6578fdd7
----------------- Done invoking toplevel() on ptolemy.moml.MoMLSimpleApplication@6578fdd7
reloadAllAccessors: .Clock10

===========================================================================================
----------------- testing Tue Sep 03 18:07:39 UTC 2019 /home/travis/build/icyphy/ptII/ptolemy/actor/lib/test/auto/Clock11.xml
----------------- Instantiating /home/travis/build/icyphy/ptII/ptolemy/actor/lib/test/auto/Clock11.xml
9 ms. Memory: 478208K Free: 388605K (81%)
----------------- Invoking toplevel() on ptolemy.moml.MoMLSimpleApplication@663688ff
----------------- Done invoking toplevel() on ptolemy.moml.MoMLSimpleApplication@663688ff
reloadAllAccessors: .Clock11

===========================================================================================
----------------- testing Tue Sep 03 18:07:39 UTC 2019 /home/travis/build/icyphy/ptII/ptolemy/actor/lib/test/auto/Clock12.xml
----------------- Instantiating /home/travis/build/icyphy/ptII/ptolemy/actor/lib/test/auto/Clock12.xml
5 ms. Memory: 478208K Free: 382461K (80%)
----------------- Invoking toplevel() on ptolemy.moml.MoMLSimpleApplication@69df0af9
----------------- Done invoking toplevel() on ptolemy.moml.MoMLSimpleApplication@69df0af9
reloadAllAccessors: .Clock12

===========================================================================================
----------------- testing Tue Sep 03 18:07:40 UTC 2019 /home/travis/build/icyphy/ptII/ptolemy/actor/lib/test/auto/Clock13.xml
----------------- Instantiating /home/travis/build/icyphy/ptII/ptolemy/actor/lib/test/auto/Clock13.xml
7 ms. Memory: 478208K Free: 376831K (79%)
----------------- Invoking toplevel() on ptolemy.moml.MoMLSimpleApplication@5a0f754
----------------- Done invoking toplevel() on ptolemy.moml.MoMLSimpleApplication@5a0f754
reloadAllAccessors: .Clock13

===========================================================================================
----------------- testing Tue Sep 03 18:07:40 UTC 2019 /home/travis/build/icyphy/ptII/ptolemy/actor/lib/test/auto/Clock14.xml
----------------- Instantiating /home/travis/build/icyphy/ptII/ptolemy/actor/lib/test/auto/Clock14.xml
6 ms. Memory: 478208K Free: 370687K (78%)
----------------- Invoking toplevel() on ptolemy.moml.MoMLSimpleApplication@7e966f42
----------------- Done invoking toplevel() on ptolemy.moml.MoMLSimpleApplication@7e966f42
reloadAllAccessors: .Clock14

===========================================================================================
----------------- testing Tue Sep 03 18:07:40 UTC 2019 /home/travis/build/icyphy/ptII/ptolemy/actor/lib/test/auto/Clock15.xml
----------------- Instantiating /home/travis/build/icyphy/ptII/ptolemy/actor/lib/test/auto/Clock15.xml
6 ms. Memory: 478208K Free: 365023K (76%)
----------------- Invoking toplevel() on ptolemy.moml.MoMLSimpleApplication@575993a0
----------------- Done invoking toplevel() on ptolemy.moml.MoMLSimpleApplication@575993a0
reloadAllAccessors: .Clock15

===========================================================================================
----------------- testing Tue Sep 03 18:07:40 UTC 2019 /home/travis/build/icyphy/ptII/ptolemy/actor/lib/test/auto/Clock16.xml
----------------- Instantiating /home/travis/build/icyphy/ptII/ptolemy/actor/lib/test/auto/Clock16.xml
27 ms. Memory: 478208K Free: 350191K (73%)
----------------- Invoking toplevel() on ptolemy.moml.MoMLSimpleApplication@30dacc06
----------------- Done invoking toplevel() on ptolemy.moml.MoMLSimpleApplication@30dacc06
reloadAllAccessors: .Clock16

===========================================================================================
----------------- testing Tue Sep 03 18:07:40 UTC 2019 /home/travis/build/icyphy/ptII/ptolemy/actor/lib/test/auto/Clock17.xml
----------------- Instantiating /home/travis/build/icyphy/ptII/ptolemy/actor/lib/test/auto/Clock17.xml
22 ms. Memory: 478208K Free: 335871K (70%)
----------------- Invoking toplevel() on ptolemy.moml.MoMLSimpleApplication@73a11edd
----------------- Done invoking toplevel() on ptolemy.moml.MoMLSimpleApplication@73a11edd
reloadAllAccessors: .Clock17

===========================================================================================
----------------- testing Tue Sep 03 18:07:40 UTC 2019 /home/travis/build/icyphy/ptII/ptolemy/actor/lib/test/auto/Clock18.xml
----------------- Instantiating /home/travis/build/icyphy/ptII/ptolemy/actor/lib/test/auto/Clock18.xml
24 ms. Memory: 478208K Free: 323069K (68%)
----------------- Invoking toplevel() on ptolemy.moml.MoMLSimpleApplication@6313779f
----------------- Done invoking toplevel() on ptolemy.moml.MoMLSimpleApplication@6313779f
reloadAllAccessors: .Clock18

===========================================================================================
----------------- testing Tue Sep 03 18:07:40 UTC 2019 /home/travis/build/icyphy/ptII/ptolemy/actor/lib/test/auto/Clock19.xml
----------------- Instantiating /home/travis/build/icyphy/ptII/ptolemy/actor/lib/test/auto/Clock19.xml
20 ms. Memory: 478208K Free: 309247K (65%)
----------------- Invoking toplevel() on ptolemy.moml.MoMLSimpleApplication@5a36e17f
----------------- Done invoking toplevel() on ptolemy.moml.MoMLSimpleApplication@5a36e17f
reloadAllAccessors: .Clock19

===========================================================================================
----------------- testing Tue Sep 03 18:07:40 UTC 2019 /home/travis/build/icyphy/ptII/ptolemy/actor/lib/test/auto/Clock2.xml
----------------- Instantiating /home/travis/build/icyphy/ptII/ptolemy/actor/lib/test/auto/Clock2.xml
6 ms. Memory: 478208K Free: 304631K (64%)
----------------- Invoking toplevel() on ptolemy.moml.MoMLSimpleApplication@4abd2bf
----------------- Done invoking toplevel() on ptolemy.moml.MoMLSimpleApplication@4abd2bf
reloadAllAccessors: .Clock2

===========================================================================================
----------------- testing Tue Sep 03 18:07:40 UTC 2019 /home/travis/build/icyphy/ptII/ptolemy/actor/lib/test/auto/Clock20.xml
----------------- Instantiating /home/travis/build/icyphy/ptII/ptolemy/actor/lib/test/auto/Clock20.xml
7 ms. Memory: 478208K Free: 299007K (63%)
----------------- Invoking toplevel() on ptolemy.moml.MoMLSimpleApplication@217c98d0
----------------- Done invoking toplevel() on ptolemy.moml.MoMLSimpleApplication@217c98d0
reloadAllAccessors: .Clock20

===========================================================================================
----------------- testing Tue Sep 03 18:07:40 UTC 2019 /home/travis/build/icyphy/ptII/ptolemy/actor/lib/test/auto/Clock21.xml
----------------- Instantiating /home/travis/build/icyphy/ptII/ptolemy/actor/lib/test/auto/Clock21.xml
4 ms. Memory: 478208K Free: 293887K (61%)
----------------- Invoking toplevel() on ptolemy.moml.MoMLSimpleApplication@6eb22eee
----------------- Done invoking toplevel() on ptolemy.moml.MoMLSimpleApplication@6eb22eee
reloadAllAccessors: .Clock21

===========================================================================================
----------------- testing Tue Sep 03 18:07:40 UTC 2019 /home/travis/build/icyphy/ptII/ptolemy/actor/lib/test/auto/Clock22.xml
----------------- Instantiating /home/travis/build/icyphy/ptII/ptolemy/actor/lib/test/auto/Clock22.xml
3 ms. Memory: 478208K Free: 288253K (60%)
----------------- Invoking toplevel() on ptolemy.moml.MoMLSimpleApplication@68a8fd9d
----------------- Done invoking toplevel() on ptolemy.moml.MoMLSimpleApplication@68a8fd9d
reloadAllAccessors: .Clock22

===========================================================================================
----------------- testing Tue Sep 03 18:07:40 UTC 2019 /home/travis/build/icyphy/ptII/ptolemy/actor/lib/test/auto/Clock23.xml
----------------- Instantiating /home/travis/build/icyphy/ptII/ptolemy/actor/lib/test/auto/Clock23.xml
6 ms. Memory: 478208K Free: 282623K (59%)
----------------- Invoking toplevel() on ptolemy.moml.MoMLSimpleApplication@2bed8491
----------------- Done invoking toplevel() on ptolemy.moml.MoMLSimpleApplication@2bed8491
reloadAllAccessors: .Clock23

===========================================================================================
----------------- testing Tue Sep 03 18:07:40 UTC 2019 /home/travis/build/icyphy/ptII/ptolemy/actor/lib/test/auto/Clock24.xml
----------------- Instantiating /home/travis/build/icyphy/ptII/ptolemy/actor/lib/test/auto/Clock24.xml
3 ms. Memory: 478208K Free: 277503K (58%)
----------------- Invoking toplevel() on ptolemy.moml.MoMLSimpleApplication@14aa3fa1
----------------- Done invoking toplevel() on ptolemy.moml.MoMLSimpleApplication@14aa3fa1
reloadAllAccessors: .Clock24

===========================================================================================
----------------- testing Tue Sep 03 18:07:40 UTC 2019 /home/travis/build/icyphy/ptII/ptolemy/actor/lib/test/auto/Clock4.xml
----------------- Instantiating /home/travis/build/icyphy/ptII/ptolemy/actor/lib/test/auto/Clock4.xml
1 ms. Memory: 478208K Free: 272383K (57%)
----------------- Invoking toplevel() on ptolemy.moml.MoMLSimpleApplication@3295f584
----------------- Done invoking toplevel() on ptolemy.moml.MoMLSimpleApplication@3295f584
reloadAllAccessors: .Clock4

===========================================================================================
----------------- testing Tue Sep 03 18:07:40 UTC 2019 /home/travis/build/icyphy/ptII/ptolemy/actor/lib/test/auto/Clock5.xml
----------------- Instantiating /home/travis/build/icyphy/ptII/ptolemy/actor/lib/test/auto/Clock5.xml
2 ms. Memory: 478208K Free: 267263K (56%)
----------------- Invoking toplevel() on ptolemy.moml.MoMLSimpleApplication@2e24587f
----------------- Done invoking toplevel() on ptolemy.moml.MoMLSimpleApplication@2e24587f
reloadAllAccessors: .Clock5

===========================================================================================
----------------- testing Tue Sep 03 18:07:40 UTC 2019 /home/travis/build/icyphy/ptII/ptolemy/actor/lib/test/auto/Clock6.xml
----------------- Instantiating /home/travis/build/icyphy/ptII/ptolemy/actor/lib/test/auto/Clock6.xml
2 ms. Memory: 478208K Free: 262653K (55%)
----------------- Invoking toplevel() on ptolemy.moml.MoMLSimpleApplication@73ee19fa
----------------- Done invoking toplevel() on ptolemy.moml.MoMLSimpleApplication@73ee19fa
reloadAllAccessors: .Clock6

===========================================================================================
----------------- testing Tue Sep 03 18:07:40 UTC 2019 /home/travis/build/icyphy/ptII/ptolemy/actor/lib/test/auto/Clock7.xml
----------------- Instantiating /home/travis/build/icyphy/ptII/ptolemy/actor/lib/test/auto/Clock7.xml
2 ms. Memory: 478208K Free: 258557K (54%)
----------------- Invoking toplevel() on ptolemy.moml.MoMLSimpleApplication@7599cada
----------------- Done invoking toplevel() on ptolemy.moml.MoMLSimpleApplication@7599cada
reloadAllAccessors: .Clock7

===========================================================================================
----------------- testing Tue Sep 03 18:07:40 UTC 2019 /home/travis/build/icyphy/ptII/ptolemy/actor/lib/test/auto/Clock8.xml
----------------- Instantiating /home/travis/build/icyphy/ptII/ptolemy/actor/lib/test/auto/Clock8.xml
3 ms. Memory: 478208K Free: 252927K (53%)
----------------- Invoking toplevel() on ptolemy.moml.MoMLSimpleApplication@7d46ce82
----------------- Done invoking toplevel() on ptolemy.moml.MoMLSimpleApplication@7d46ce82
reloadAllAccessors: .Clock8

===========================================================================================
----------------- testing Tue Sep 03 18:07:40 UTC 2019 /home/travis/build/icyphy/ptII/ptolemy/actor/lib/test/auto/Clock9.xml
----------------- Instantiating /home/travis/build/icyphy/ptII/ptolemy/actor/lib/test/auto/Clock9.xml
3 ms. Memory: 478208K Free: 247279K (52%)
----------------- Invoking toplevel() on ptolemy.moml.MoMLSimpleApplication@3b318ae
----------------- Done invoking toplevel() on ptolemy.moml.MoMLSimpleApplication@3b318ae
reloadAllAccessors: .Clock9

===========================================================================================
----------------- testing Tue Sep 03 18:07:40 UTC 2019 /home/travis/build/icyphy/ptII/ptolemy/actor/lib/test/auto/CommDistDiscard.xml
----------------- Instantiating /home/travis/build/icyphy/ptII/ptolemy/actor/lib/test/auto/CommDistDiscard.xml
4 ms. Memory: 478208K Free: 242173K (51%)
----------------- Invoking toplevel() on ptolemy.moml.MoMLSimpleApplication@182acf1c
----------------- Done invoking toplevel() on ptolemy.moml.MoMLSimpleApplication@182acf1c
reloadAllAccessors: .CommDistDiscard

===========================================================================================
----------------- testing Tue Sep 03 18:07:40 UTC 2019 /home/travis/build/icyphy/ptII/ptolemy/actor/lib/test/auto/Commutator.xml
----------------- Instantiating /home/travis/build/icyphy/ptII/ptolemy/actor/lib/test/auto/Commutator.xml
2 ms. Memory: 478208K Free: 237567K (50%)
----------------- Invoking toplevel() on ptolemy.moml.MoMLSimpleApplication@1e8980b1
----------------- Done invoking toplevel() on ptolemy.moml.MoMLSimpleApplication@1e8980b1
reloadAllAccessors: .Commutator

===========================================================================================
----------------- testing Tue Sep 03 18:07:40 UTC 2019 /home/travis/build/icyphy/ptII/ptolemy/actor/lib/test/auto/Commutator2.xml
----------------- Instantiating /home/travis/build/icyphy/ptII/ptolemy/actor/lib/test/auto/Commutator2.xml
2 ms. Memory: 478208K Free: 233471K (49%)
----------------- Invoking toplevel() on ptolemy.moml.MoMLSimpleApplication@34a69eef
----------------- Done invoking toplevel() on ptolemy.moml.MoMLSimpleApplication@34a69eef
reloadAllAccessors: .Commutator2

===========================================================================================
----------------- testing Tue Sep 03 18:07:40 UTC 2019 /home/travis/build/icyphy/ptII/ptolemy/actor/lib/test/auto/Commutator3.xml
----------------- Instantiating /home/travis/build/icyphy/ptII/ptolemy/actor/lib/test/auto/Commutator3.xml
2 ms. Memory: 478208K Free: 228861K (48%)
----------------- Invoking toplevel() on ptolemy.moml.MoMLSimpleApplication@7209f89c
----------------- Done invoking toplevel() on ptolemy.moml.MoMLSimpleApplication@7209f89c
reloadAllAccessors: .Commutator3

===========================================================================================
----------------- testing Tue Sep 03 18:07:40 UTC 2019 /home/travis/build/icyphy/ptII/ptolemy/actor/lib/test/auto/Compare.xml
----------------- Instantiating /home/travis/build/icyphy/ptII/ptolemy/actor/lib/test/auto/Compare.xml
2 ms. Memory: 478208K Free: 222207K (46%)
----------------- Invoking toplevel() on ptolemy.moml.MoMLSimpleApplication@1e11b8f
----------------- Done invoking toplevel() on ptolemy.moml.MoMLSimpleApplication@1e11b8f
reloadAllAccessors: .Compare

===========================================================================================
----------------- testing Tue Sep 03 18:07:40 UTC 2019 /home/travis/build/icyphy/ptII/ptolemy/actor/lib/test/auto/CompareDE.xml
----------------- Instantiating /home/travis/build/icyphy/ptII/ptolemy/actor/lib/test/auto/CompareDE.xml
5 ms. Memory: 478208K Free: 215535K (45%)
----------------- Invoking toplevel() on ptolemy.moml.MoMLSimpleApplication@2aa5c161
----------------- Done invoking toplevel() on ptolemy.moml.MoMLSimpleApplication@2aa5c161
reloadAllAccessors: .CompareDE

===========================================================================================
----------------- testing Tue Sep 03 18:07:40 UTC 2019 /home/travis/build/icyphy/ptII/ptolemy/actor/lib/test/auto/ComplexDivide.xml
----------------- Instantiating /home/travis/build/icyphy/ptII/ptolemy/actor/lib/test/auto/ComplexDivide.xml
1 ms. Memory: 478208K Free: 211453K (44%)
----------------- Invoking toplevel() on ptolemy.moml.MoMLSimpleApplication@2e1e60ca
----------------- Done invoking toplevel() on ptolemy.moml.MoMLSimpleApplication@2e1e60ca
reloadAllAccessors: .ComplexDivide

===========================================================================================
----------------- testing Tue Sep 03 18:07:40 UTC 2019 /home/travis/build/icyphy/ptII/ptolemy/actor/lib/test/auto/ComputeHistogram.xml
----------------- Instantiating /home/travis/build/icyphy/ptII/ptolemy/actor/lib/test/auto/ComputeHistogram.xml
38 ms. Memory: 478208K Free: 198655K (42%)
----------------- Invoking toplevel() on ptolemy.moml.MoMLSimpleApplication@58f3958a
----------------- Done invoking toplevel() on ptolemy.moml.MoMLSimpleApplication@58f3958a
reloadAllAccessors: .ComputeHistogram

===========================================================================================
----------------- testing Tue Sep 03 18:07:40 UTC 2019 /home/travis/build/icyphy/ptII/ptolemy/actor/lib/test/auto/ConfigurationSelect.xml
----------------- Instantiating /home/travis/build/icyphy/ptII/ptolemy/actor/lib/test/auto/ConfigurationSelect.xml
8 ms. Memory: 478208K Free: 193535K (40%)
----------------- Invoking toplevel() on ptolemy.moml.MoMLSimpleApplication@77bf90bf
----------------- Done invoking toplevel() on ptolemy.moml.MoMLSimpleApplication@77bf90bf
reloadAllAccessors: .ConfigurationSelect

===========================================================================================
----------------- testing Tue Sep 03 18:07:40 UTC 2019 /home/travis/build/icyphy/ptII/ptolemy/actor/lib/test/auto/ConfigurationSelect2.xml
----------------- Instantiating /home/travis/build/icyphy/ptII/ptolemy/actor/lib/test/auto/ConfigurationSelect2.xml
2 ms. Memory: 478208K Free: 188925K (40%)
----------------- Invoking toplevel() on ptolemy.moml.MoMLSimpleApplication@7c15fd52
----------------- Done invoking toplevel() on ptolemy.moml.MoMLSimpleApplication@7c15fd52
reloadAllAccessors: .ConfigurationSelect2

===========================================================================================
----------------- testing Tue Sep 03 18:07:40 UTC 2019 /home/travis/build/icyphy/ptII/ptolemy/actor/lib/test/auto/ConfigurationSwitch.xml
----------------- Instantiating /home/travis/build/icyphy/ptII/ptolemy/actor/lib/test/auto/ConfigurationSwitch.xml
1 ms. Memory: 478208K Free: 183805K (38%)
----------------- Invoking toplevel() on ptolemy.moml.MoMLSimpleApplication@5caf59cf
----------------- Done invoking toplevel() on ptolemy.moml.MoMLSimpleApplication@5caf59cf
reloadAllAccessors: .ConfigurationSwitch

===========================================================================================
----------------- testing Tue Sep 03 18:07:40 UTC 2019 /home/travis/build/icyphy/ptII/ptolemy/actor/lib/test/auto/ConfigurationSwitch2.xml
----------------- Instantiating /home/travis/build/icyphy/ptII/ptolemy/actor/lib/test/auto/ConfigurationSwitch2.xml
2 ms. Memory: 478208K Free: 178175K (37%)
----------------- Invoking toplevel() on ptolemy.moml.MoMLSimpleApplication@11aaf3b9
----------------- Done invoking toplevel() on ptolemy.moml.MoMLSimpleApplication@11aaf3b9
reloadAllAccessors: .ConfigurationSwitch2

===========================================================================================
----------------- testing Tue Sep 03 18:07:40 UTC 2019 /home/travis/build/icyphy/ptII/ptolemy/actor/lib/test/auto/ConfigurationSwitchCloningBugWithClassRelationGroup.xml
----------------- Instantiating /home/travis/build/icyphy/ptII/ptolemy/actor/lib/test/auto/ConfigurationSwitchCloningBugWithClassRelationGroup.xml
1 ms. Memory: 478208K Free: 171517K (36%)
----------------- Invoking toplevel() on ptolemy.moml.MoMLSimpleApplication@4eaae12b
----------------- Done invoking toplevel() on ptolemy.moml.MoMLSimpleApplication@4eaae12b
reloadAllAccessors: .ConfigurationSwitchCloningBugWithClassRelationGroup

===========================================================================================
----------------- testing Tue Sep 03 18:07:40 UTC 2019 /home/travis/build/icyphy/ptII/ptolemy/actor/lib/test/auto/ConfigurationSwitchSelectSDF.xml
----------------- Instantiating /home/travis/build/icyphy/ptII/ptolemy/actor/lib/test/auto/ConfigurationSwitchSelectSDF.xml
5 ms. Memory: 478208K Free: 165887K (35%)
----------------- Invoking toplevel() on ptolemy.moml.MoMLSimpleApplication@1c1f2207
----------------- Done invoking toplevel() on ptolemy.moml.MoMLSimpleApplication@1c1f2207
reloadAllAccessors: .ConfigurationSwitchSelectSDF

===========================================================================================
----------------- testing Tue Sep 03 18:07:41 UTC 2019 /home/travis/build/icyphy/ptII/ptolemy/actor/lib/test/auto/ConfigurationSwitchSelectSDF2.xml
----------------- Instantiating /home/travis/build/icyphy/ptII/ptolemy/actor/lib/test/auto/ConfigurationSwitchSelectSDF2.xml
2 ms. Memory: 478208K Free: 159743K (33%)
----------------- Invoking toplevel() on ptolemy.moml.MoMLSimpleApplication@7c91fc26
----------------- Done invoking toplevel() on ptolemy.moml.MoMLSimpleApplication@7c91fc26
reloadAllAccessors: .ConfigurationSwitchSelectSDF2

===========================================================================================
----------------- testing Tue Sep 03 18:07:41 UTC 2019 /home/travis/build/icyphy/ptII/ptolemy/actor/lib/test/auto/Const.xml
----------------- Instantiating /home/travis/build/icyphy/ptII/ptolemy/actor/lib/test/auto/Const.xml
1 ms. Memory: 478208K Free: 156157K (33%)
----------------- Invoking toplevel() on ptolemy.moml.MoMLSimpleApplication@31c53f38
----------------- Done invoking toplevel() on ptolemy.moml.MoMLSimpleApplication@31c53f38
reloadAllAccessors: .Const

===========================================================================================
----------------- testing Tue Sep 03 18:07:41 UTC 2019 /home/travis/build/icyphy/ptII/ptolemy/actor/lib/test/auto/Const2.xml
----------------- Instantiating /home/travis/build/icyphy/ptII/ptolemy/actor/lib/test/auto/Const2.xml
2 ms. Memory: 478208K Free: 429567K (90%)
----------------- Invoking toplevel() on ptolemy.moml.MoMLSimpleApplication@5527bf31
----------------- Done invoking toplevel() on ptolemy.moml.MoMLSimpleApplication@5527bf31
reloadAllAccessors: .Const2

===========================================================================================
----------------- testing Tue Sep 03 18:07:41 UTC 2019 /home/travis/build/icyphy/ptII/ptolemy/actor/lib/test/auto/Const3.xml
----------------- Instantiating /home/travis/build/icyphy/ptII/ptolemy/actor/lib/test/auto/Const3.xml
1 ms. Memory: 478208K Free: 426495K (89%)
----------------- Invoking toplevel() on ptolemy.moml.MoMLSimpleApplication@467f63ff
----------------- Done invoking toplevel() on ptolemy.moml.MoMLSimpleApplication@467f63ff
reloadAllAccessors: .Const3

===========================================================================================
----------------- testing Tue Sep 03 18:07:41 UTC 2019 /home/travis/build/icyphy/ptII/ptolemy/actor/lib/test/auto/ConstantPublisherPort1.xml
----------------- Instantiating /home/travis/build/icyphy/ptII/ptolemy/actor/lib/test/auto/ConstantPublisherPort1.xml
4 ms. Memory: 478208K Free: 417789K (87%)
----------------- Invoking toplevel() on ptolemy.moml.MoMLSimpleApplication@2de9f813
----------------- Done invoking toplevel() on ptolemy.moml.MoMLSimpleApplication@2de9f813
reloadAllAccessors: .ConstantPublisherPort1

===========================================================================================
----------------- testing Tue Sep 03 18:07:41 UTC 2019 /home/travis/build/icyphy/ptII/ptolemy/actor/lib/test/auto/ConstantPublisherPort2.xml
----------------- Instantiating /home/travis/build/icyphy/ptII/ptolemy/actor/lib/test/auto/ConstantPublisherPort2.xml
8 ms. Memory: 478208K Free: 410621K (86%)
----------------- Invoking toplevel() on ptolemy.moml.MoMLSimpleApplication@11e3f987
----------------- Done invoking toplevel() on ptolemy.moml.MoMLSimpleApplication@11e3f987
reloadAllAccessors: .ConstantPublisherPort2

===========================================================================================
----------------- testing Tue Sep 03 18:07:41 UTC 2019 /home/travis/build/icyphy/ptII/ptolemy/actor/lib/test/auto/ConstantPublisherPort3.xml
----------------- Instantiating /home/travis/build/icyphy/ptII/ptolemy/actor/lib/test/auto/ConstantPublisherPort3.xml
5 ms. Memory: 478208K Free: 402429K (84%)
----------------- Invoking toplevel() on ptolemy.moml.MoMLSimpleApplication@2112822f
----------------- Done invoking toplevel() on ptolemy.moml.MoMLSimpleApplication@2112822f
reloadAllAccessors: .ConstantPublisherPort3

===========================================================================================
----------------- testing Tue Sep 03 18:07:41 UTC 2019 /home/travis/build/icyphy/ptII/ptolemy/actor/lib/test/auto/ConstantPublisherPort4.xml
----------------- Instantiating /home/travis/build/icyphy/ptII/ptolemy/actor/lib/test/auto/ConstantPublisherPort4.xml
3 ms. Memory: 478208K Free: 395261K (83%)
----------------- Invoking toplevel() on ptolemy.moml.MoMLSimpleApplication@54169b1e
----------------- Done invoking toplevel() on ptolemy.moml.MoMLSimpleApplication@54169b1e
reloadAllAccessors: .ConstantPublisherPort4

===========================================================================================
----------------- testing Tue Sep 03 18:07:41 UTC 2019 /home/travis/build/icyphy/ptII/ptolemy/actor/lib/test/auto/ConstantPublisherPort5.xml
----------------- Instantiating /home/travis/build/icyphy/ptII/ptolemy/actor/lib/test/auto/ConstantPublisherPort5.xml
37 ms. Memory: 478208K Free: 386045K (81%)
----------------- Invoking toplevel() on ptolemy.moml.MoMLSimpleApplication@26baee54
----------------- Done invoking toplevel() on ptolemy.moml.MoMLSimpleApplication@26baee54
reloadAllAccessors: .ConstantPublisherPort5

===========================================================================================
----------------- testing Tue Sep 03 18:07:41 UTC 2019 /home/travis/build/icyphy/ptII/ptolemy/actor/lib/test/auto/ConstantPublisherPort6.xml
----------------- Instantiating /home/travis/build/icyphy/ptII/ptolemy/actor/lib/test/auto/ConstantPublisherPort6.xml
20 ms. Memory: 478208K Free: 376319K (79%)
----------------- Invoking toplevel() on ptolemy.moml.MoMLSimpleApplication@78ba32e7
----------------- Done invoking toplevel() on ptolemy.moml.MoMLSimpleApplication@78ba32e7
reloadAllAccessors: .ConstantPublisherPort6

===========================================================================================
----------------- testing Tue Sep 03 18:07:41 UTC 2019 /home/travis/build/icyphy/ptII/ptolemy/actor/lib/test/auto/ConstantPublisherPort7.xml
----------------- Instantiating /home/travis/build/icyphy/ptII/ptolemy/actor/lib/test/auto/ConstantPublisherPort7.xml
23 ms. Memory: 478208K Free: 366589K (77%)
----------------- Invoking toplevel() on ptolemy.moml.MoMLSimpleApplication@133bdb3e
----------------- Done invoking toplevel() on ptolemy.moml.MoMLSimpleApplication@133bdb3e
reloadAllAccessors: .ConstantPublisherPort7

===========================================================================================
----------------- testing Tue Sep 03 18:07:41 UTC 2019 /home/travis/build/icyphy/ptII/ptolemy/actor/lib/test/auto/ConstraintMonitor1.xml
----------------- Instantiating /home/travis/build/icyphy/ptII/ptolemy/actor/lib/test/auto/ConstraintMonitor1.xml
10 ms. Memory: 478208K Free: 361469K (76%)
----------------- Invoking toplevel() on ptolemy.moml.MoMLSimpleApplication@768b54ad
----------------- Done invoking toplevel() on ptolemy.moml.MoMLSimpleApplication@768b54ad
reloadAllAccessors: .ConstraintMonitor1

===========================================================================================
----------------- testing Tue Sep 03 18:07:41 UTC 2019 /home/travis/build/icyphy/ptII/ptolemy/actor/lib/test/auto/ConstraintMonitor2.xml
----------------- Instantiating /home/travis/build/icyphy/ptII/ptolemy/actor/lib/test/auto/ConstraintMonitor2.xml
5 ms. Memory: 478208K Free: 356863K (75%)
----------------- Invoking toplevel() on ptolemy.moml.MoMLSimpleApplication@57a14f4f
----------------- Done invoking toplevel() on ptolemy.moml.MoMLSimpleApplication@57a14f4f
reloadAllAccessors: .ConstraintMonitor2

===========================================================================================
----------------- testing Tue Sep 03 18:07:41 UTC 2019 /home/travis/build/icyphy/ptII/ptolemy/actor/lib/test/auto/ConstraintMonitor3.xml
----------------- Instantiating /home/travis/build/icyphy/ptII/ptolemy/actor/lib/test/auto/ConstraintMonitor3.xml
4 ms. Memory: 478208K Free: 352253K (74%)
----------------- Invoking toplevel() on ptolemy.moml.MoMLSimpleApplication@2ee093df
----------------- Done invoking toplevel() on ptolemy.moml.MoMLSimpleApplication@2ee093df
reloadAllAccessors: .ConstraintMonitor3

===========================================================================================
----------------- testing Tue Sep 03 18:07:41 UTC 2019 /home/travis/build/icyphy/ptII/ptolemy/actor/lib/test/auto/ConstraintMonitor4.xml
----------------- Instantiating /home/travis/build/icyphy/ptII/ptolemy/actor/lib/test/auto/ConstraintMonitor4.xml
1 ms. Memory: 478208K Free: 347647K (73%)
----------------- Invoking toplevel() on ptolemy.moml.MoMLSimpleApplication@4fc34a62
----------------- Done invoking toplevel() on ptolemy.moml.MoMLSimpleApplication@4fc34a62
reloadAllAccessors: .ConstraintMonitor4

===========================================================================================
----------------- testing Tue Sep 03 18:07:41 UTC 2019 /home/travis/build/icyphy/ptII/ptolemy/actor/lib/test/auto/ConstraintMonitor5.xml
----------------- Instantiating /home/travis/build/icyphy/ptII/ptolemy/actor/lib/test/auto/ConstraintMonitor5.xml
4 ms. Memory: 478208K Free: 342013K (72%)
----------------- Invoking toplevel() on ptolemy.moml.MoMLSimpleApplication@155d0aa9
----------------- Done invoking toplevel() on ptolemy.moml.MoMLSimpleApplication@155d0aa9
reloadAllAccessors: .ConstraintMonitor5

===========================================================================================
----------------- testing Tue Sep 03 18:07:41 UTC 2019 /home/travis/build/icyphy/ptII/ptolemy/actor/lib/test/auto/ConstraintMonitor6.xml
----------------- Instantiating /home/travis/build/icyphy/ptII/ptolemy/actor/lib/test/auto/ConstraintMonitor6.xml
2 ms. Memory: 478208K Free: 335855K (70%)
----------------- Invoking toplevel() on ptolemy.moml.MoMLSimpleApplication@3f2b80e9
----------------- Done invoking toplevel() on ptolemy.moml.MoMLSimpleApplication@3f2b80e9
reloadAllAccessors: .ConstraintMonitor6

===========================================================================================
----------------- testing Tue Sep 03 18:07:41 UTC 2019 /home/travis/build/icyphy/ptII/ptolemy/actor/lib/test/auto/ConstraintMonitor7.xml
----------------- Instantiating /home/travis/build/icyphy/ptII/ptolemy/actor/lib/test/auto/ConstraintMonitor7.xml
3 ms. Memory: 478208K Free: 330239K (69%)
----------------- Invoking toplevel() on ptolemy.moml.MoMLSimpleApplication@5cef36a1
----------------- Done invoking toplevel() on ptolemy.moml.MoMLSimpleApplication@5cef36a1
reloadAllAccessors: .ConstraintMonitor7

===========================================================================================
----------------- testing Tue Sep 03 18:07:41 UTC 2019 /home/travis/build/icyphy/ptII/ptolemy/actor/lib/test/auto/ConstraintMonitor8.xml
----------------- Instantiating /home/travis/build/icyphy/ptII/ptolemy/actor/lib/test/auto/ConstraintMonitor8.xml
2 ms. Memory: 478208K Free: 322551K (67%)
----------------- Invoking toplevel() on ptolemy.moml.MoMLSimpleApplication@7e873ab3
----------------- Done invoking toplevel() on ptolemy.moml.MoMLSimpleApplication@7e873ab3
reloadAllAccessors: .ConstraintMonitor8

===========================================================================================
----------------- testing Tue Sep 03 18:07:41 UTC 2019 /home/travis/build/icyphy/ptII/ptolemy/actor/lib/test/auto/Counter.xml
----------------- Instantiating /home/travis/build/icyphy/ptII/ptolemy/actor/lib/test/auto/Counter.xml
2 ms. Memory: 478208K Free: 317437K (66%)
----------------- Invoking toplevel() on ptolemy.moml.MoMLSimpleApplication@21eb49ed
----------------- Done invoking toplevel() on ptolemy.moml.MoMLSimpleApplication@21eb49ed
reloadAllAccessors: .Counter

===========================================================================================
----------------- testing Tue Sep 03 18:07:41 UTC 2019 /home/travis/build/icyphy/ptII/ptolemy/actor/lib/test/auto/CurrentTimeSDF.xml
----------------- Instantiating /home/travis/build/icyphy/ptII/ptolemy/actor/lib/test/auto/CurrentTimeSDF.xml
1 ms. Memory: 478208K Free: 313341K (66%)
----------------- Invoking toplevel() on ptolemy.moml.MoMLSimpleApplication@24d1709
----------------- Done invoking toplevel() on ptolemy.moml.MoMLSimpleApplication@24d1709
reloadAllAccessors: .CurrentTimeSDF

===========================================================================================
----------------- testing Tue Sep 03 18:07:41 UTC 2019 /home/travis/build/icyphy/ptII/ptolemy/actor/lib/test/auto/DB.xml
----------------- Instantiating /home/travis/build/icyphy/ptII/ptolemy/actor/lib/test/auto/DB.xml
1 ms. Memory: 478208K Free: 308221K (64%)
----------------- Invoking toplevel() on ptolemy.moml.MoMLSimpleApplication@dd26b88
----------------- Done invoking toplevel() on ptolemy.moml.MoMLSimpleApplication@dd26b88
reloadAllAccessors: .DB

===========================================================================================
----------------- testing Tue Sep 03 18:07:41 UTC 2019 /home/travis/build/icyphy/ptII/ptolemy/actor/lib/test/auto/DBDE.xml
----------------- Instantiating /home/travis/build/icyphy/ptII/ptolemy/actor/lib/test/auto/DBDE.xml
2 ms. Memory: 478208K Free: 302047K (63%)
----------------- Invoking toplevel() on ptolemy.moml.MoMLSimpleApplication@6d452de5
----------------- Done invoking toplevel() on ptolemy.moml.MoMLSimpleApplication@6d452de5
reloadAllAccessors: .DBDE

===========================================================================================
----------------- testing Tue Sep 03 18:07:41 UTC 2019 /home/travis/build/icyphy/ptII/ptolemy/actor/lib/test/auto/DateConstructor.xml
----------------- Instantiating /home/travis/build/icyphy/ptII/ptolemy/actor/lib/test/auto/DateConstructor.xml
20 ms. Memory: 478208K Free: 284669K (60%)
----------------- Invoking toplevel() on ptolemy.moml.MoMLSimpleApplication@361a6912
----------------- Done invoking toplevel() on ptolemy.moml.MoMLSimpleApplication@361a6912
reloadAllAccessors: .DateConstructor

===========================================================================================
----------------- testing Tue Sep 03 18:07:41 UTC 2019 /home/travis/build/icyphy/ptII/ptolemy/actor/lib/test/auto/DelayTime.xml
----------------- Instantiating /home/travis/build/icyphy/ptII/ptolemy/actor/lib/test/auto/DelayTime.xml
6 ms. Memory: 478208K Free: 280063K (59%)
----------------- Invoking toplevel() on ptolemy.moml.MoMLSimpleApplication@1f8e263d
----------------- Done invoking toplevel() on ptolemy.moml.MoMLSimpleApplication@1f8e263d
reloadAllAccessors: .DelayTime

===========================================================================================
----------------- testing Tue Sep 03 18:07:41 UTC 2019 /home/travis/build/icyphy/ptII/ptolemy/actor/lib/test/auto/Dictionary1.xml
----------------- Instantiating /home/travis/build/icyphy/ptII/ptolemy/actor/lib/test/auto/Dictionary1.xml
2 ms. Memory: 478208K Free: 274429K (57%)
----------------- Invoking toplevel() on ptolemy.moml.MoMLSimpleApplication@25947453
----------------- Done invoking toplevel() on ptolemy.moml.MoMLSimpleApplication@25947453
reloadAllAccessors: .Dictionary1

===========================================================================================
----------------- testing Tue Sep 03 18:07:41 UTC 2019 /home/travis/build/icyphy/ptII/ptolemy/actor/lib/test/auto/Dictionary2.xml
----------------- Instantiating /home/travis/build/icyphy/ptII/ptolemy/actor/lib/test/auto/Dictionary2.xml
2 ms. Memory: 478208K Free: 268799K (56%)
----------------- Invoking toplevel() on ptolemy.moml.MoMLSimpleApplication@10d3b90b
----------------- Done invoking toplevel() on ptolemy.moml.MoMLSimpleApplication@10d3b90b
reloadAllAccessors: .Dictionary2

===========================================================================================
----------------- testing Tue Sep 03 18:07:41 UTC 2019 /home/travis/build/icyphy/ptII/ptolemy/actor/lib/test/auto/Dictionary3.xml
----------------- Instantiating /home/travis/build/icyphy/ptII/ptolemy/actor/lib/test/auto/Dictionary3.xml
2 ms. Memory: 478208K Free: 263165K (55%)
----------------- Invoking toplevel() on ptolemy.moml.MoMLSimpleApplication@29b14978
----------------- Done invoking toplevel() on ptolemy.moml.MoMLSimpleApplication@29b14978
reloadAllAccessors: .Dictionary3

===========================================================================================
----------------- testing Tue Sep 03 18:07:41 UTC 2019 /home/travis/build/icyphy/ptII/ptolemy/actor/lib/test/auto/Dictionary4.xml
----------------- Instantiating /home/travis/build/icyphy/ptII/ptolemy/actor/lib/test/auto/Dictionary4.xml
3 ms. Memory: 478208K Free: 256511K (54%)
----------------- Invoking toplevel() on ptolemy.moml.MoMLSimpleApplication@517ef305
----------------- Done invoking toplevel() on ptolemy.moml.MoMLSimpleApplication@517ef305
reloadAllAccessors: .Dictionary4

===========================================================================================
----------------- testing Tue Sep 03 18:07:41 UTC 2019 /home/travis/build/icyphy/ptII/ptolemy/actor/lib/test/auto/Differential.xml
----------------- Instantiating /home/travis/build/icyphy/ptII/ptolemy/actor/lib/test/auto/Differential.xml
2 ms. Memory: 478208K Free: 251391K (53%)
----------------- Invoking toplevel() on ptolemy.moml.MoMLSimpleApplication@6b024396
----------------- Done invoking toplevel() on ptolemy.moml.MoMLSimpleApplication@6b024396
reloadAllAccessors: .Differential

===========================================================================================
----------------- testing Tue Sep 03 18:07:41 UTC 2019 /home/travis/build/icyphy/ptII/ptolemy/actor/lib/test/auto/Director.xml
----------------- Instantiating /home/travis/build/icyphy/ptII/ptolemy/actor/lib/test/auto/Director.xml
2 ms. Memory: 478208K Free: 247805K (52%)
----------------- Invoking toplevel() on ptolemy.moml.MoMLSimpleApplication@d6bc534
----------------- Done invoking toplevel() on ptolemy.moml.MoMLSimpleApplication@d6bc534
reloadAllAccessors: .Director

===========================================================================================
----------------- testing Tue Sep 03 18:07:41 UTC 2019 /home/travis/build/icyphy/ptII/ptolemy/actor/lib/test/auto/DiscreteClock.xml
----------------- Instantiating /home/travis/build/icyphy/ptII/ptolemy/actor/lib/test/auto/DiscreteClock.xml
1 ms. Memory: 478208K Free: 244223K (51%)
----------------- Invoking toplevel() on ptolemy.moml.MoMLSimpleApplication@42a34f41
----------------- Done invoking toplevel() on ptolemy.moml.MoMLSimpleApplication@42a34f41
reloadAllAccessors: .DiscreteClock

===========================================================================================
----------------- testing Tue Sep 03 18:07:41 UTC 2019 /home/travis/build/icyphy/ptII/ptolemy/actor/lib/test/auto/DiscreteClock10.xml
----------------- Instantiating /home/travis/build/icyphy/ptII/ptolemy/actor/lib/test/auto/DiscreteClock10.xml
3 ms. Memory: 478208K Free: 238079K (50%)
----------------- Invoking toplevel() on ptolemy.moml.MoMLSimpleApplication@31c809f7
----------------- Done invoking toplevel() on ptolemy.moml.MoMLSimpleApplication@31c809f7
reloadAllAccessors: .DiscreteClock10

===========================================================================================
----------------- testing Tue Sep 03 18:07:41 UTC 2019 /home/travis/build/icyphy/ptII/ptolemy/actor/lib/test/auto/DiscreteClock11.xml
----------------- Instantiating /home/travis/build/icyphy/ptII/ptolemy/actor/lib/test/auto/DiscreteClock11.xml
2 ms. Memory: 478208K Free: 231935K (49%)
----------------- Invoking toplevel() on ptolemy.moml.MoMLSimpleApplication@1214cc12
----------------- Done invoking toplevel() on ptolemy.moml.MoMLSimpleApplication@1214cc12
reloadAllAccessors: .DiscreteClock11

===========================================================================================
----------------- testing Tue Sep 03 18:07:41 UTC 2019 /home/travis/build/icyphy/ptII/ptolemy/actor/lib/test/auto/DiscreteClock12.xml
----------------- Instantiating /home/travis/build/icyphy/ptII/ptolemy/actor/lib/test/auto/DiscreteClock12.xml
3 ms. Memory: 478208K Free: 225791K (47%)
----------------- Invoking toplevel() on ptolemy.moml.MoMLSimpleApplication@6bc13440
----------------- Done invoking toplevel() on ptolemy.moml.MoMLSimpleApplication@6bc13440
reloadAllAccessors: .DiscreteClock12

===========================================================================================
----------------- testing Tue Sep 03 18:07:41 UTC 2019 /home/travis/build/icyphy/ptII/ptolemy/actor/lib/test/auto/DiscreteClock13.xml
----------------- Instantiating /home/travis/build/icyphy/ptII/ptolemy/actor/lib/test/auto/DiscreteClock13.xml
2 ms. Memory: 478208K Free: 220127K (46%)
----------------- Invoking toplevel() on ptolemy.moml.MoMLSimpleApplication@15829aa3
----------------- Done invoking toplevel() on ptolemy.moml.MoMLSimpleApplication@15829aa3
reloadAllAccessors: .DiscreteClock13

===========================================================================================
----------------- testing Tue Sep 03 18:07:41 UTC 2019 /home/travis/build/icyphy/ptII/ptolemy/actor/lib/test/auto/DiscreteClock14.xml
----------------- Instantiating /home/travis/build/icyphy/ptII/ptolemy/actor/lib/test/auto/DiscreteClock14.xml
7 ms. Memory: 478208K Free: 213999K (45%)
----------------- Invoking toplevel() on ptolemy.moml.MoMLSimpleApplication@5478b504
----------------- Done invoking toplevel() on ptolemy.moml.MoMLSimpleApplication@5478b504
reloadAllAccessors: .DiscreteClock14

===========================================================================================
----------------- testing Tue Sep 03 18:07:41 UTC 2019 /home/travis/build/icyphy/ptII/ptolemy/actor/lib/test/auto/DiscreteClock15.xml
----------------- Instantiating /home/travis/build/icyphy/ptII/ptolemy/actor/lib/test/auto/DiscreteClock15.xml
5 ms. Memory: 478208K Free: 207839K (43%)
----------------- Invoking toplevel() on ptolemy.moml.MoMLSimpleApplication@4e46a50f
----------------- Done invoking toplevel() on ptolemy.moml.MoMLSimpleApplication@4e46a50f
reloadAllAccessors: .DiscreteClock15

===========================================================================================
----------------- testing Tue Sep 03 18:07:41 UTC 2019 /home/travis/build/icyphy/ptII/ptolemy/actor/lib/test/auto/DiscreteClock16.xml
----------------- Instantiating /home/travis/build/icyphy/ptII/ptolemy/actor/lib/test/auto/DiscreteClock16.xml
21 ms. Memory: 478208K Free: 194047K (41%)
----------------- Invoking toplevel() on ptolemy.moml.MoMLSimpleApplication@152b3433
----------------- Done invoking toplevel() on ptolemy.moml.MoMLSimpleApplication@152b3433
reloadAllAccessors: .DiscreteClock16

===========================================================================================
----------------- testing Tue Sep 03 18:07:42 UTC 2019 /home/travis/build/icyphy/ptII/ptolemy/actor/lib/test/auto/DiscreteClock17.xml
----------------- Instantiating /home/travis/build/icyphy/ptII/ptolemy/actor/lib/test/auto/DiscreteClock17.xml
16 ms. Memory: 478208K Free: 180207K (38%)
----------------- Invoking toplevel() on ptolemy.moml.MoMLSimpleApplication@134e791
----------------- Done invoking toplevel() on ptolemy.moml.MoMLSimpleApplication@134e791
reloadAllAccessors: .DiscreteClock17

===========================================================================================
----------------- testing Tue Sep 03 18:07:42 UTC 2019 /home/travis/build/icyphy/ptII/ptolemy/actor/lib/test/auto/DiscreteClock18.xml
----------------- Instantiating /home/travis/build/icyphy/ptII/ptolemy/actor/lib/test/auto/DiscreteClock18.xml
21 ms. Memory: 478208K Free: 166909K (35%)
----------------- Invoking toplevel() on ptolemy.moml.MoMLSimpleApplication@2ed68580
----------------- Done invoking toplevel() on ptolemy.moml.MoMLSimpleApplication@2ed68580
reloadAllAccessors: .DiscreteClock18

===========================================================================================
----------------- testing Tue Sep 03 18:07:42 UTC 2019 /home/travis/build/icyphy/ptII/ptolemy/actor/lib/test/auto/DiscreteClock19.xml
----------------- Instantiating /home/travis/build/icyphy/ptII/ptolemy/actor/lib/test/auto/DiscreteClock19.xml
58 ms. Memory: 478208K Free: 430307K (90%)
----------------- Invoking toplevel() on ptolemy.moml.MoMLSimpleApplication@cd2e814
----------------- Done invoking toplevel() on ptolemy.moml.MoMLSimpleApplication@cd2e814
reloadAllAccessors: .DiscreteClock19

===========================================================================================
----------------- testing Tue Sep 03 18:07:42 UTC 2019 /home/travis/build/icyphy/ptII/ptolemy/actor/lib/test/auto/DiscreteClock2.xml
----------------- Instantiating /home/travis/build/icyphy/ptII/ptolemy/actor/lib/test/auto/DiscreteClock2.xml
4 ms. Memory: 478208K Free: 424927K (89%)
----------------- Invoking toplevel() on ptolemy.moml.MoMLSimpleApplication@4d0b4bf9
----------------- Done invoking toplevel() on ptolemy.moml.MoMLSimpleApplication@4d0b4bf9
reloadAllAccessors: .DiscreteClock2

===========================================================================================
----------------- testing Tue Sep 03 18:07:42 UTC 2019 /home/travis/build/icyphy/ptII/ptolemy/actor/lib/test/auto/DiscreteClock20.xml
----------------- Instantiating /home/travis/build/icyphy/ptII/ptolemy/actor/lib/test/auto/DiscreteClock20.xml
8 ms. Memory: 478208K Free: 419327K (88%)
----------------- Invoking toplevel() on ptolemy.moml.MoMLSimpleApplication@6fde3bf4
----------------- Done invoking toplevel() on ptolemy.moml.MoMLSimpleApplication@6fde3bf4
reloadAllAccessors: .DiscreteClock20

===========================================================================================
----------------- testing Tue Sep 03 18:07:42 UTC 2019 /home/travis/build/icyphy/ptII/ptolemy/actor/lib/test/auto/DiscreteClock21.xml
----------------- Instantiating /home/travis/build/icyphy/ptII/ptolemy/actor/lib/test/auto/DiscreteClock21.xml
5 ms. Memory: 478208K Free: 413693K (87%)
----------------- Invoking toplevel() on ptolemy.moml.MoMLSimpleApplication@f028d16
----------------- Done invoking toplevel() on ptolemy.moml.MoMLSimpleApplication@f028d16
reloadAllAccessors: .DiscreteClock21

===========================================================================================
----------------- testing Tue Sep 03 18:07:42 UTC 2019 /home/travis/build/icyphy/ptII/ptolemy/actor/lib/test/auto/DiscreteClock22.xml
----------------- Instantiating /home/travis/build/icyphy/ptII/ptolemy/actor/lib/test/auto/DiscreteClock22.xml
5 ms. Memory: 478208K Free: 408063K (85%)
----------------- Invoking toplevel() on ptolemy.moml.MoMLSimpleApplication@3fd85bad
----------------- Done invoking toplevel() on ptolemy.moml.MoMLSimpleApplication@3fd85bad
reloadAllAccessors: .DiscreteClock22

===========================================================================================
----------------- testing Tue Sep 03 18:07:42 UTC 2019 /home/travis/build/icyphy/ptII/ptolemy/actor/lib/test/auto/DiscreteClock23.xml
----------------- Instantiating /home/travis/build/icyphy/ptII/ptolemy/actor/lib/test/auto/DiscreteClock23.xml
10 ms. Memory: 478208K Free: 402429K (84%)
----------------- Invoking toplevel() on ptolemy.moml.MoMLSimpleApplication@6a3d913f
----------------- Done invoking toplevel() on ptolemy.moml.MoMLSimpleApplication@6a3d913f
reloadAllAccessors: .DiscreteClock23

===========================================================================================
----------------- testing Tue Sep 03 18:07:42 UTC 2019 /home/travis/build/icyphy/ptII/ptolemy/actor/lib/test/auto/DiscreteClock24.xml
----------------- Instantiating /home/travis/build/icyphy/ptII/ptolemy/actor/lib/test/auto/DiscreteClock24.xml
4 ms. Memory: 478208K Free: 397309K (83%)
----------------- Invoking toplevel() on ptolemy.moml.MoMLSimpleApplication@10702d05
----------------- Done invoking toplevel() on ptolemy.moml.MoMLSimpleApplication@10702d05
reloadAllAccessors: .DiscreteClock24

===========================================================================================
----------------- testing Tue Sep 03 18:07:42 UTC 2019 /home/travis/build/icyphy/ptII/ptolemy/actor/lib/test/auto/DiscreteClock4.xml
----------------- Instantiating /home/travis/build/icyphy/ptII/ptolemy/actor/lib/test/auto/DiscreteClock4.xml
4 ms. Memory: 478208K Free: 391679K (82%)
----------------- Invoking toplevel() on ptolemy.moml.MoMLSimpleApplication@7b7959f5
----------------- Done invoking toplevel() on ptolemy.moml.MoMLSimpleApplication@7b7959f5
reloadAllAccessors: .DiscreteClock4

===========================================================================================
----------------- testing Tue Sep 03 18:07:42 UTC 2019 /home/travis/build/icyphy/ptII/ptolemy/actor/lib/test/auto/DiscreteClock5.xml
----------------- Instantiating /home/travis/build/icyphy/ptII/ptolemy/actor/lib/test/auto/DiscreteClock5.xml
2 ms. Memory: 478208K Free: 386031K (81%)
----------------- Invoking toplevel() on ptolemy.moml.MoMLSimpleApplication@65e43226
----------------- Done invoking toplevel() on ptolemy.moml.MoMLSimpleApplication@65e43226
reloadAllAccessors: .DiscreteClock5

===========================================================================================
----------------- testing Tue Sep 03 18:07:42 UTC 2019 /home/travis/build/icyphy/ptII/ptolemy/actor/lib/test/auto/DiscreteClock6.xml
----------------- Instantiating /home/travis/build/icyphy/ptII/ptolemy/actor/lib/test/auto/DiscreteClock6.xml
1 ms. Memory: 478208K Free: 381439K (80%)
----------------- Invoking toplevel() on ptolemy.moml.MoMLSimpleApplication@658adbce
----------------- Done invoking toplevel() on ptolemy.moml.MoMLSimpleApplication@658adbce
reloadAllAccessors: .DiscreteClock6

===========================================================================================
----------------- testing Tue Sep 03 18:07:42 UTC 2019 /home/travis/build/icyphy/ptII/ptolemy/actor/lib/test/auto/DiscreteClock7.xml
----------------- Instantiating /home/travis/build/icyphy/ptII/ptolemy/actor/lib/test/auto/DiscreteClock7.xml
1 ms. Memory: 478208K Free: 376829K (79%)
----------------- Invoking toplevel() on ptolemy.moml.MoMLSimpleApplication@296dba98
----------------- Done invoking toplevel() on ptolemy.moml.MoMLSimpleApplication@296dba98
reloadAllAccessors: .DiscreteClock7

===========================================================================================
----------------- testing Tue Sep 03 18:07:42 UTC 2019 /home/travis/build/icyphy/ptII/ptolemy/actor/lib/test/auto/DiscreteClock8.xml
----------------- Instantiating /home/travis/build/icyphy/ptII/ptolemy/actor/lib/test/auto/DiscreteClock8.xml
4 ms. Memory: 478208K Free: 371199K (78%)
----------------- Invoking toplevel() on ptolemy.moml.MoMLSimpleApplication@a886b10
----------------- Done invoking toplevel() on ptolemy.moml.MoMLSimpleApplication@a886b10
reloadAllAccessors: .DiscreteClock8

===========================================================================================
----------------- testing Tue Sep 03 18:07:42 UTC 2019 /home/travis/build/icyphy/ptII/ptolemy/actor/lib/test/auto/DiscreteClock9.xml
----------------- Instantiating /home/travis/build/icyphy/ptII/ptolemy/actor/lib/test/auto/DiscreteClock9.xml
5 ms. Memory: 478208K Free: 365565K (76%)
----------------- Invoking toplevel() on ptolemy.moml.MoMLSimpleApplication@1fbd8513
----------------- Done invoking toplevel() on ptolemy.moml.MoMLSimpleApplication@1fbd8513
reloadAllAccessors: .DiscreteClock9

===========================================================================================
----------------- testing Tue Sep 03 18:07:42 UTC 2019 /home/travis/build/icyphy/ptII/ptolemy/actor/lib/test/auto/DisplayArray.xml
----------------- Instantiating /home/travis/build/icyphy/ptII/ptolemy/actor/lib/test/auto/DisplayArray.xml
3 ms. Memory: 478208K Free: 361983K (76%)
----------------- Invoking toplevel() on ptolemy.moml.MoMLSimpleApplication@6f06af39
----------------- Done invoking toplevel() on ptolemy.moml.MoMLSimpleApplication@6f06af39
reloadAllAccessors: .DisplayArray

===========================================================================================
----------------- testing Tue Sep 03 18:07:42 UTC 2019 /home/travis/build/icyphy/ptII/ptolemy/actor/lib/test/auto/Distributor.xml
----------------- Instantiating /home/travis/build/icyphy/ptII/ptolemy/actor/lib/test/auto/Distributor.xml
1 ms. Memory: 478208K Free: 357373K (75%)
----------------- Invoking toplevel() on ptolemy.moml.MoMLSimpleApplication@5dc76fcc
----------------- Done invoking toplevel() on ptolemy.moml.MoMLSimpleApplication@5dc76fcc
reloadAllAccessors: .Distributor

===========================================================================================
----------------- testing Tue Sep 03 18:07:42 UTC 2019 /home/travis/build/icyphy/ptII/ptolemy/actor/lib/test/auto/Distributor2.xml
----------------- Instantiating /home/travis/build/icyphy/ptII/ptolemy/actor/lib/test/auto/Distributor2.xml
2 ms. Memory: 478208K Free: 352767K (74%)
----------------- Invoking toplevel() on ptolemy.moml.MoMLSimpleApplication@13950005
----------------- Done invoking toplevel() on ptolemy.moml.MoMLSimpleApplication@13950005
reloadAllAccessors: .Distributor2

===========================================================================================
----------------- testing Tue Sep 03 18:07:42 UTC 2019 /home/travis/build/icyphy/ptII/ptolemy/actor/lib/test/auto/DownSample.xml
----------------- Instantiating /home/travis/build/icyphy/ptII/ptolemy/actor/lib/test/auto/DownSample.xml
2 ms. Memory: 478208K Free: 348157K (73%)
----------------- Invoking toplevel() on ptolemy.moml.MoMLSimpleApplication@65ecda2d
----------------- Done invoking toplevel() on ptolemy.moml.MoMLSimpleApplication@65ecda2d
reloadAllAccessors: .DownSample

===========================================================================================
----------------- testing Tue Sep 03 18:07:42 UTC 2019 /home/travis/build/icyphy/ptII/ptolemy/actor/lib/test/auto/ElectronicUnitBase1.xml
----------------- Instantiating /home/travis/build/icyphy/ptII/ptolemy/actor/lib/test/auto/ElectronicUnitBase1.xml
28 ms. Memory: 478208K Free: 332287K (69%)
----------------- Invoking toplevel() on ptolemy.moml.MoMLSimpleApplication@25cfd200
----------------- Done invoking toplevel() on ptolemy.moml.MoMLSimpleApplication@25cfd200
reloadAllAccessors: .ElectronicUnitBase1

===========================================================================================
----------------- testing Tue Sep 03 18:07:42 UTC 2019 /home/travis/build/icyphy/ptII/ptolemy/actor/lib/test/auto/ElementsToArray.xml
----------------- Instantiating /home/travis/build/icyphy/ptII/ptolemy/actor/lib/test/auto/ElementsToArray.xml
2 ms. Memory: 478208K Free: 327167K (68%)
----------------- Invoking toplevel() on ptolemy.moml.MoMLSimpleApplication@3c57498c
----------------- Done invoking toplevel() on ptolemy.moml.MoMLSimpleApplication@3c57498c
reloadAllAccessors: .ElementsToArray

===========================================================================================
----------------- testing Tue Sep 03 18:07:42 UTC 2019 /home/travis/build/icyphy/ptII/ptolemy/actor/lib/test/auto/Equals.xml
----------------- Instantiating /home/travis/build/icyphy/ptII/ptolemy/actor/lib/test/auto/Equals.xml
1 ms. Memory: 478208K Free: 322557K (67%)
----------------- Invoking toplevel() on ptolemy.moml.MoMLSimpleApplication@16c4a567
----------------- Done invoking toplevel() on ptolemy.moml.MoMLSimpleApplication@16c4a567
reloadAllAccessors: .Equals

===========================================================================================
----------------- testing Tue Sep 03 18:07:42 UTC 2019 /home/travis/build/icyphy/ptII/ptolemy/actor/lib/test/auto/Exec.xml
----------------- Instantiating /home/travis/build/icyphy/ptII/ptolemy/actor/lib/test/auto/Exec.xml
22 ms. Memory: 478208K Free: 316927K (66%)
----------------- Invoking toplevel() on ptolemy.moml.MoMLSimpleApplication@71995c7
----------------- Done invoking toplevel() on ptolemy.moml.MoMLSimpleApplication@71995c7
reloadAllAccessors: .Exec

===========================================================================================
----------------- testing Tue Sep 03 18:07:42 UTC 2019 /home/travis/build/icyphy/ptII/ptolemy/actor/lib/test/auto/ExecEnvironment.xml
----------------- Instantiating /home/travis/build/icyphy/ptII/ptolemy/actor/lib/test/auto/ExecEnvironment.xml
42 ms. Memory: 478208K Free: 310781K (65%)
----------------- Invoking toplevel() on ptolemy.moml.MoMLSimpleApplication@1131599f
----------------- Done invoking toplevel() on ptolemy.moml.MoMLSimpleApplication@1131599f
reloadAllAccessors: .ExecEnvironment

===========================================================================================
----------------- testing Tue Sep 03 18:07:42 UTC 2019 /home/travis/build/icyphy/ptII/ptolemy/actor/lib/test/auto/ExecNonZeroReturnOutput.xml
----------------- Instantiating /home/travis/build/icyphy/ptII/ptolemy/actor/lib/test/auto/ExecNonZeroReturnOutput.xml
187 ms. Memory: 478208K Free: 299005K (63%)
----------------- Invoking toplevel() on ptolemy.moml.MoMLSimpleApplication@76baac8c
----------------- Done invoking toplevel() on ptolemy.moml.MoMLSimpleApplication@76baac8c
reloadAllAccessors: .ExecNonZeroReturnOutput

===========================================================================================
----------------- testing Tue Sep 03 18:07:42 UTC 2019 /home/travis/build/icyphy/ptII/ptolemy/actor/lib/test/auto/ExecRunDemos.xml
----------------- Instantiating /home/travis/build/icyphy/ptII/ptolemy/actor/lib/test/auto/ExecRunDemos.xml
Finished: 66 ms. Memory: 120832K Free: 104454K (86%)

Finished: 98 ms. Memory: 120832K Free: 110852K (92%)

Finished: 118 ms. Memory: 120832K Free: 110821K (92%)

Finished: 79 ms. Memory: 120832K Free: 103371K (86%)

Finished: 57 ms. Memory: 120832K Free: 104093K (86%)

10589 ms. Memory: 478208K Free: 278013K (58%)
----------------- Invoking toplevel() on ptolemy.moml.MoMLSimpleApplication@efc9b3e
----------------- Done invoking toplevel() on ptolemy.moml.MoMLSimpleApplication@efc9b3e
reloadAllAccessors: .ExecRunDemos

===========================================================================================
----------------- testing Tue Sep 03 18:07:53 UTC 2019 /home/travis/build/icyphy/ptII/ptolemy/actor/lib/test/auto/ExecStop.xml
----------------- Instantiating /home/travis/build/icyphy/ptII/ptolemy/actor/lib/test/auto/ExecStop.xml
5014 ms. Memory: 478208K Free: 185855K (39%)
----------------- Invoking toplevel() on ptolemy.moml.MoMLSimpleApplication@7ca091e3
----------------- Done invoking toplevel() on ptolemy.moml.MoMLSimpleApplication@7ca091e3
reloadAllAccessors: .ExecStop

===========================================================================================
----------------- testing Tue Sep 03 18:07:58 UTC 2019 /home/travis/build/icyphy/ptII/ptolemy/actor/lib/test/auto/ExecutionTimeSDF.xml
----------------- Instantiating /home/travis/build/icyphy/ptII/ptolemy/actor/lib/test/auto/ExecutionTimeSDF.xml
Fired ExecutionTime: -1917367296
Fired ExecutionTime: 1060000000
Fired ExecutionTime: -1126167296
6006 ms. Memory: 478208K Free: 174591K (37%)
----------------- Invoking toplevel() on ptolemy.moml.MoMLSimpleApplication@178202e2
----------------- Done invoking toplevel() on ptolemy.moml.MoMLSimpleApplication@178202e2
reloadAllAccessors: .ExecutionTimeSDF

===========================================================================================
----------------- testing Tue Sep 03 18:08:04 UTC 2019 /home/travis/build/icyphy/ptII/ptolemy/actor/lib/test/auto/Expression1.xml
----------------- Instantiating /home/travis/build/icyphy/ptII/ptolemy/actor/lib/test/auto/Expression1.xml
1 ms. Memory: 478208K Free: 171005K (36%)
----------------- Invoking toplevel() on ptolemy.moml.MoMLSimpleApplication@59619646
----------------- Done invoking toplevel() on ptolemy.moml.MoMLSimpleApplication@59619646
reloadAllAccessors: .Expression1

===========================================================================================
----------------- testing Tue Sep 03 18:08:04 UTC 2019 /home/travis/build/icyphy/ptII/ptolemy/actor/lib/test/auto/Expression10.xml
----------------- Instantiating /home/travis/build/icyphy/ptII/ptolemy/actor/lib/test/auto/Expression10.xml
11 ms. Memory: 478208K Free: 165375K (35%)
----------------- Invoking toplevel() on ptolemy.moml.MoMLSimpleApplication@10433841
----------------- Done invoking toplevel() on ptolemy.moml.MoMLSimpleApplication@10433841
reloadAllAccessors: .Expression10

===========================================================================================
----------------- testing Tue Sep 03 18:08:04 UTC 2019 /home/travis/build/icyphy/ptII/ptolemy/actor/lib/test/auto/Expression11.xml
----------------- Instantiating /home/travis/build/icyphy/ptII/ptolemy/actor/lib/test/auto/Expression11.xml
4 ms. Memory: 478208K Free: 160765K (34%)
----------------- Invoking toplevel() on ptolemy.moml.MoMLSimpleApplication@1f27d28f
----------------- Done invoking toplevel() on ptolemy.moml.MoMLSimpleApplication@1f27d28f
reloadAllAccessors: .Expression11

===========================================================================================
----------------- testing Tue Sep 03 18:08:04 UTC 2019 /home/travis/build/icyphy/ptII/ptolemy/actor/lib/test/auto/Expression12.xml
----------------- Instantiating /home/travis/build/icyphy/ptII/ptolemy/actor/lib/test/auto/Expression12.xml
3 ms. Memory: 478208K Free: 155135K (32%)
----------------- Invoking toplevel() on ptolemy.moml.MoMLSimpleApplication@420f0d25
----------------- Done invoking toplevel() on ptolemy.moml.MoMLSimpleApplication@420f0d25
reloadAllAccessors: .Expression12

===========================================================================================
----------------- testing Tue Sep 03 18:08:04 UTC 2019 /home/travis/build/icyphy/ptII/ptolemy/actor/lib/test/auto/Expression13.xml
----------------- Instantiating /home/travis/build/icyphy/ptII/ptolemy/actor/lib/test/auto/Expression13.xml
3 ms. Memory: 608256K Free: 557057K (92%)
----------------- Invoking toplevel() on ptolemy.moml.MoMLSimpleApplication@52d54437
----------------- Done invoking toplevel() on ptolemy.moml.MoMLSimpleApplication@52d54437
reloadAllAccessors: .Expression13

===========================================================================================
----------------- testing Tue Sep 03 18:08:04 UTC 2019 /home/travis/build/icyphy/ptII/ptolemy/actor/lib/test/auto/Expression14.xml
----------------- Instantiating /home/travis/build/icyphy/ptII/ptolemy/actor/lib/test/auto/Expression14.xml
8 ms. Memory: 608256K Free: 550913K (91%)
----------------- Invoking toplevel() on ptolemy.moml.MoMLSimpleApplication@770c62ae
----------------- Done invoking toplevel() on ptolemy.moml.MoMLSimpleApplication@770c62ae
reloadAllAccessors: .Expression14

===========================================================================================
----------------- testing Tue Sep 03 18:08:04 UTC 2019 /home/travis/build/icyphy/ptII/ptolemy/actor/lib/test/auto/Expression15.xml
----------------- Instantiating /home/travis/build/icyphy/ptII/ptolemy/actor/lib/test/auto/Expression15.xml
2 ms. Memory: 608256K Free: 546817K (90%)
----------------- Invoking toplevel() on ptolemy.moml.MoMLSimpleApplication@24b2d721
----------------- Done invoking toplevel() on ptolemy.moml.MoMLSimpleApplication@24b2d721
reloadAllAccessors: .Expression15

===========================================================================================
----------------- testing Tue Sep 03 18:08:04 UTC 2019 /home/travis/build/icyphy/ptII/ptolemy/actor/lib/test/auto/Expression16.xml
----------------- Instantiating /home/travis/build/icyphy/ptII/ptolemy/actor/lib/test/auto/Expression16.xml
4 ms. Memory: 608256K Free: 541697K (89%)
----------------- Invoking toplevel() on ptolemy.moml.MoMLSimpleApplication@74950628
----------------- Done invoking toplevel() on ptolemy.moml.MoMLSimpleApplication@74950628
reloadAllAccessors: .Expression16

===========================================================================================
----------------- testing Tue Sep 03 18:08:04 UTC 2019 /home/travis/build/icyphy/ptII/ptolemy/actor/lib/test/auto/Expression17.xml
----------------- Instantiating /home/travis/build/icyphy/ptII/ptolemy/actor/lib/test/auto/Expression17.xml
4 ms. Memory: 608256K Free: 536577K (88%)
----------------- Invoking toplevel() on ptolemy.moml.MoMLSimpleApplication@357c4498
----------------- Done invoking toplevel() on ptolemy.moml.MoMLSimpleApplication@357c4498
reloadAllAccessors: .Expression17

===========================================================================================
----------------- testing Tue Sep 03 18:08:04 UTC 2019 /home/travis/build/icyphy/ptII/ptolemy/actor/lib/test/auto/Expression18.xml
----------------- Instantiating /home/travis/build/icyphy/ptII/ptolemy/actor/lib/test/auto/Expression18.xml
3 ms. Memory: 608256K Free: 530943K (87%)
----------------- Invoking toplevel() on ptolemy.moml.MoMLSimpleApplication@2b72b358
----------------- Done invoking toplevel() on ptolemy.moml.MoMLSimpleApplication@2b72b358
reloadAllAccessors: .Expression18

===========================================================================================
----------------- testing Tue Sep 03 18:08:04 UTC 2019 /home/travis/build/icyphy/ptII/ptolemy/actor/lib/test/auto/Expression2.xml
----------------- Instantiating /home/travis/build/icyphy/ptII/ptolemy/actor/lib/test/auto/Expression2.xml
3 ms. Memory: 608256K Free: 525823K (86%)
----------------- Invoking toplevel() on ptolemy.moml.MoMLSimpleApplication@4c3b03c3
----------------- Done invoking toplevel() on ptolemy.moml.MoMLSimpleApplication@4c3b03c3
reloadAllAccessors: .Expression2

===========================================================================================
----------------- testing Tue Sep 03 18:08:04 UTC 2019 /home/travis/build/icyphy/ptII/ptolemy/actor/lib/test/auto/Expression3.xml
----------------- Instantiating /home/travis/build/icyphy/ptII/ptolemy/actor/lib/test/auto/Expression3.xml
6 ms. Memory: 608256K Free: 521217K (86%)
----------------- Invoking toplevel() on ptolemy.moml.MoMLSimpleApplication@32e06f90
----------------- Done invoking toplevel() on ptolemy.moml.MoMLSimpleApplication@32e06f90
reloadAllAccessors: .Expression3

===========================================================================================
----------------- testing Tue Sep 03 18:08:04 UTC 2019 /home/travis/build/icyphy/ptII/ptolemy/actor/lib/test/auto/Expression4.xml
----------------- Instantiating /home/travis/build/icyphy/ptII/ptolemy/actor/lib/test/auto/Expression4.xml
4 ms. Memory: 608256K Free: 513535K (84%)
----------------- Invoking toplevel() on ptolemy.moml.MoMLSimpleApplication@3c0459a1
----------------- Done invoking toplevel() on ptolemy.moml.MoMLSimpleApplication@3c0459a1
reloadAllAccessors: .Expression4

===========================================================================================
----------------- testing Tue Sep 03 18:08:04 UTC 2019 /home/travis/build/icyphy/ptII/ptolemy/actor/lib/test/auto/Expression5.xml
----------------- Instantiating /home/travis/build/icyphy/ptII/ptolemy/actor/lib/test/auto/Expression5.xml
6 ms. Memory: 608256K Free: 508415K (84%)
----------------- Invoking toplevel() on ptolemy.moml.MoMLSimpleApplication@5b85ed0a
----------------- Done invoking toplevel() on ptolemy.moml.MoMLSimpleApplication@5b85ed0a
reloadAllAccessors: .Expression5

===========================================================================================
----------------- testing Tue Sep 03 18:08:05 UTC 2019 /home/travis/build/icyphy/ptII/ptolemy/actor/lib/test/auto/Expression6.xml
----------------- Instantiating /home/travis/build/icyphy/ptII/ptolemy/actor/lib/test/auto/Expression6.xml
3 ms. Memory: 608256K Free: 503809K (83%)
----------------- Invoking toplevel() on ptolemy.moml.MoMLSimpleApplication@381bc600
----------------- Done invoking toplevel() on ptolemy.moml.MoMLSimpleApplication@381bc600
reloadAllAccessors: .Expression6

===========================================================================================
----------------- testing Tue Sep 03 18:08:05 UTC 2019 /home/travis/build/icyphy/ptII/ptolemy/actor/lib/test/auto/Expression7.xml
----------------- Instantiating /home/travis/build/icyphy/ptII/ptolemy/actor/lib/test/auto/Expression7.xml
2 ms. Memory: 608256K Free: 498689K (82%)
----------------- Invoking toplevel() on ptolemy.moml.MoMLSimpleApplication@5cb9e683
----------------- Done invoking toplevel() on ptolemy.moml.MoMLSimpleApplication@5cb9e683
reloadAllAccessors: .Expression7

===========================================================================================
----------------- testing Tue Sep 03 18:08:05 UTC 2019 /home/travis/build/icyphy/ptII/ptolemy/actor/lib/test/auto/Expression8.xml
----------------- Instantiating /home/travis/build/icyphy/ptII/ptolemy/actor/lib/test/auto/Expression8.xml
9 ms. Memory: 608256K Free: 493569K (81%)
----------------- Invoking toplevel() on ptolemy.moml.MoMLSimpleApplication@7253a42f
----------------- Done invoking toplevel() on ptolemy.moml.MoMLSimpleApplication@7253a42f
reloadAllAccessors: .Expression8

===========================================================================================
----------------- testing Tue Sep 03 18:08:05 UTC 2019 /home/travis/build/icyphy/ptII/ptolemy/actor/lib/test/auto/Expression9.xml
----------------- Instantiating /home/travis/build/icyphy/ptII/ptolemy/actor/lib/test/auto/Expression9.xml
1 ms. Memory: 608256K Free: 489473K (80%)
----------------- Invoking toplevel() on ptolemy.moml.MoMLSimpleApplication@52d057d0
----------------- Done invoking toplevel() on ptolemy.moml.MoMLSimpleApplication@52d057d0
reloadAllAccessors: .Expression9

===========================================================================================
----------------- testing Tue Sep 03 18:08:05 UTC 2019 /home/travis/build/icyphy/ptII/ptolemy/actor/lib/test/auto/ExpressionConcatenateArrayType.xml
----------------- Instantiating /home/travis/build/icyphy/ptII/ptolemy/actor/lib/test/auto/ExpressionConcatenateArrayType.xml
3 ms. Memory: 608256K Free: 483329K (79%)
----------------- Invoking toplevel() on ptolemy.moml.MoMLSimpleApplication@1acdd071
----------------- Done invoking toplevel() on ptolemy.moml.MoMLSimpleApplication@1acdd071
reloadAllAccessors: .ExpressionConcatenateArrayType

===========================================================================================
----------------- testing Tue Sep 03 18:08:05 UTC 2019 /home/travis/build/icyphy/ptII/ptolemy/actor/lib/test/auto/ExpressionConcatenateArrayType2.xml
----------------- Instantiating /home/travis/build/icyphy/ptII/ptolemy/actor/lib/test/auto/ExpressionConcatenateArrayType2.xml
3 ms. Memory: 608256K Free: 477695K (79%)
----------------- Invoking toplevel() on ptolemy.moml.MoMLSimpleApplication@5695a21f
----------------- Done invoking toplevel() on ptolemy.moml.MoMLSimpleApplication@5695a21f
reloadAllAccessors: .ExpressionConcatenateArrayType2

===========================================================================================
----------------- testing Tue Sep 03 18:08:05 UTC 2019 /home/travis/build/icyphy/ptII/ptolemy/actor/lib/test/auto/ExpressionFix.xml
----------------- Instantiating /home/travis/build/icyphy/ptII/ptolemy/actor/lib/test/auto/ExpressionFix.xml
22 ms. Memory: 608256K Free: 471039K (77%)
----------------- Invoking toplevel() on ptolemy.moml.MoMLSimpleApplication@64f1cd77
----------------- Done invoking toplevel() on ptolemy.moml.MoMLSimpleApplication@64f1cd77
reloadAllAccessors: .ExpressionFix

===========================================================================================
----------------- testing Tue Sep 03 18:08:05 UTC 2019 /home/travis/build/icyphy/ptII/ptolemy/actor/lib/test/auto/ExpressionFix2.xml
----------------- Instantiating /home/travis/build/icyphy/ptII/ptolemy/actor/lib/test/auto/ExpressionFix2.xml
2 ms. Memory: 608256K Free: 466945K (77%)
----------------- Invoking toplevel() on ptolemy.moml.MoMLSimpleApplication@5bbc83ac
----------------- Done invoking toplevel() on ptolemy.moml.MoMLSimpleApplication@5bbc83ac
reloadAllAccessors: .ExpressionFix2

===========================================================================================
----------------- testing Tue Sep 03 18:08:05 UTC 2019 /home/travis/build/icyphy/ptII/ptolemy/actor/lib/test/auto/ExpressionFix3.xml
----------------- Instantiating /home/travis/build/icyphy/ptII/ptolemy/actor/lib/test/auto/ExpressionFix3.xml
2 ms. Memory: 608256K Free: 462335K (76%)
----------------- Invoking toplevel() on ptolemy.moml.MoMLSimpleApplication@31963a78
----------------- Done invoking toplevel() on ptolemy.moml.MoMLSimpleApplication@31963a78
reloadAllAccessors: .ExpressionFix3

===========================================================================================
----------------- testing Tue Sep 03 18:08:05 UTC 2019 /home/travis/build/icyphy/ptII/ptolemy/actor/lib/test/auto/FileWriter1.xml
----------------- Instantiating /home/travis/build/icyphy/ptII/ptolemy/actor/lib/test/auto/FileWriter1.xml
2 ms. Memory: 608256K Free: 458239K (75%)
----------------- Invoking toplevel() on ptolemy.moml.MoMLSimpleApplication@bd6b8c6
----------------- Done invoking toplevel() on ptolemy.moml.MoMLSimpleApplication@bd6b8c6
reloadAllAccessors: .FileWriter1

===========================================================================================
----------------- testing Tue Sep 03 18:08:05 UTC 2019 /home/travis/build/icyphy/ptII/ptolemy/actor/lib/test/auto/FileWriter2.xml
----------------- Instantiating /home/travis/build/icyphy/ptII/ptolemy/actor/lib/test/auto/FileWriter2.xml
6 ms. Memory: 608256K Free: 453633K (75%)
----------------- Invoking toplevel() on ptolemy.moml.MoMLSimpleApplication@46ee2955
----------------- Done invoking toplevel() on ptolemy.moml.MoMLSimpleApplication@46ee2955
reloadAllAccessors: .FileWriter2

===========================================================================================
----------------- testing Tue Sep 03 18:08:05 UTC 2019 /home/travis/build/icyphy/ptII/ptolemy/actor/lib/test/auto/FileWriter3.xml
----------------- Instantiating /home/travis/build/icyphy/ptII/ptolemy/actor/lib/test/auto/FileWriter3.xml
4 ms. Memory: 608256K Free: 449537K (74%)
----------------- Invoking toplevel() on ptolemy.moml.MoMLSimpleApplication@3fecf5c4
----------------- Done invoking toplevel() on ptolemy.moml.MoMLSimpleApplication@3fecf5c4
reloadAllAccessors: .FileWriter3

===========================================================================================
----------------- testing Tue Sep 03 18:08:05 UTC 2019 /home/travis/build/icyphy/ptII/ptolemy/actor/lib/test/auto/Gaussian.xml
----------------- Instantiating /home/travis/build/icyphy/ptII/ptolemy/actor/lib/test/auto/Gaussian.xml
4 ms. Memory: 608256K Free: 445441K (73%)
----------------- Invoking toplevel() on ptolemy.moml.MoMLSimpleApplication@737a9433
----------------- Done invoking toplevel() on ptolemy.moml.MoMLSimpleApplication@737a9433
reloadAllAccessors: .Gaussian

===========================================================================================
----------------- testing Tue Sep 03 18:08:05 UTC 2019 /home/travis/build/icyphy/ptII/ptolemy/actor/lib/test/auto/Gaussian1.xml
----------------- Instantiating /home/travis/build/icyphy/ptII/ptolemy/actor/lib/test/auto/Gaussian1.xml
4 ms. Memory: 608256K Free: 439793K (72%)
----------------- Invoking toplevel() on ptolemy.moml.MoMLSimpleApplication@2a3f1092
----------------- Done invoking toplevel() on ptolemy.moml.MoMLSimpleApplication@2a3f1092
reloadAllAccessors: .Gaussian1

===========================================================================================
----------------- testing Tue Sep 03 18:08:05 UTC 2019 /home/travis/build/icyphy/ptII/ptolemy/actor/lib/test/auto/Gaussian2.xml
----------------- Instantiating /home/travis/build/icyphy/ptII/ptolemy/actor/lib/test/auto/Gaussian2.xml
7 ms. Memory: 608256K Free: 434177K (71%)
----------------- Invoking toplevel() on ptolemy.moml.MoMLSimpleApplication@5fe28fa4
----------------- Done invoking toplevel() on ptolemy.moml.MoMLSimpleApplication@5fe28fa4
reloadAllAccessors: .Gaussian2

===========================================================================================
----------------- testing Tue Sep 03 18:08:05 UTC 2019 /home/travis/build/icyphy/ptII/ptolemy/actor/lib/test/auto/GradientAdaptiveLattice.xml
----------------- Instantiating /home/travis/build/icyphy/ptII/ptolemy/actor/lib/test/auto/GradientAdaptiveLattice.xml
3 ms. Memory: 608256K Free: 429057K (71%)
----------------- Invoking toplevel() on ptolemy.moml.MoMLSimpleApplication@792ba153
----------------- Done invoking toplevel() on ptolemy.moml.MoMLSimpleApplication@792ba153
reloadAllAccessors: .GradientAdaptiveLattice

===========================================================================================
----------------- testing Tue Sep 03 18:08:05 UTC 2019 /home/travis/build/icyphy/ptII/ptolemy/actor/lib/test/auto/IIR.xml
----------------- Instantiating /home/travis/build/icyphy/ptII/ptolemy/actor/lib/test/auto/IIR.xml
1 ms. Memory: 608256K Free: 424447K (70%)
----------------- Invoking toplevel() on ptolemy.moml.MoMLSimpleApplication@2aad3236
----------------- Done invoking toplevel() on ptolemy.moml.MoMLSimpleApplication@2aad3236
reloadAllAccessors: .IIR

===========================================================================================
----------------- testing Tue Sep 03 18:08:05 UTC 2019 /home/travis/build/icyphy/ptII/ptolemy/actor/lib/test/auto/InputOutputTransparentPorts.xml
----------------- Instantiating /home/travis/build/icyphy/ptII/ptolemy/actor/lib/test/auto/InputOutputTransparentPorts.xml
1 ms. Memory: 608256K Free: 417279K (69%)
----------------- Invoking toplevel() on ptolemy.moml.MoMLSimpleApplication@b36e23a
----------------- Done invoking toplevel() on ptolemy.moml.MoMLSimpleApplication@b36e23a
reloadAllAccessors: .InputOutputTransparentPorts

===========================================================================================
----------------- testing Tue Sep 03 18:08:05 UTC 2019 /home/travis/build/icyphy/ptII/ptolemy/actor/lib/test/auto/Interpolator.xml
----------------- Instantiating /home/travis/build/icyphy/ptII/ptolemy/actor/lib/test/auto/Interpolator.xml
5 ms. Memory: 608256K Free: 413183K (68%)
----------------- Invoking toplevel() on ptolemy.moml.MoMLSimpleApplication@4f22c28d
----------------- Done invoking toplevel() on ptolemy.moml.MoMLSimpleApplication@4f22c28d
reloadAllAccessors: .Interpolator

===========================================================================================
----------------- testing Tue Sep 03 18:08:05 UTC 2019 /home/travis/build/icyphy/ptII/ptolemy/actor/lib/test/auto/InterpolatorFiringLimitDE.xml
----------------- Instantiating /home/travis/build/icyphy/ptII/ptolemy/actor/lib/test/auto/InterpolatorFiringLimitDE.xml
3 ms. Memory: 608256K Free: 407039K (67%)
----------------- Invoking toplevel() on ptolemy.moml.MoMLSimpleApplication@47d8afeb
----------------- Done invoking toplevel() on ptolemy.moml.MoMLSimpleApplication@47d8afeb
reloadAllAccessors: .InterpolatorFiringLimitDE

===========================================================================================
----------------- testing Tue Sep 03 18:08:05 UTC 2019 /home/travis/build/icyphy/ptII/ptolemy/actor/lib/test/auto/Lattice.xml
----------------- Instantiating /home/travis/build/icyphy/ptII/ptolemy/actor/lib/test/auto/Lattice.xml
1 ms. Memory: 608256K Free: 402943K (66%)
----------------- Invoking toplevel() on ptolemy.moml.MoMLSimpleApplication@4a99b6df
----------------- Done invoking toplevel() on ptolemy.moml.MoMLSimpleApplication@4a99b6df
reloadAllAccessors: .Lattice

===========================================================================================
----------------- testing Tue Sep 03 18:08:05 UTC 2019 /home/travis/build/icyphy/ptII/ptolemy/actor/lib/test/auto/LazyAOCTestLazy.xml
----------------- Instantiating /home/travis/build/icyphy/ptII/ptolemy/actor/lib/test/auto/LazyAOCTestLazy.xml
8 ms. Memory: 608256K Free: 396785K (65%)
----------------- Invoking toplevel() on ptolemy.moml.MoMLSimpleApplication@4aaecb92
----------------- Done invoking toplevel() on ptolemy.moml.MoMLSimpleApplication@4aaecb92
reloadAllAccessors: .LazyAOCTestLazy

===========================================================================================
----------------- testing Tue Sep 03 18:08:05 UTC 2019 /home/travis/build/icyphy/ptII/ptolemy/actor/lib/test/auto/LazyAOCTestNonLazy.xml
----------------- Instantiating /home/travis/build/icyphy/ptII/ptolemy/actor/lib/test/auto/LazyAOCTestNonLazy.xml
2 ms. Memory: 608256K Free: 390145K (64%)
----------------- Invoking toplevel() on ptolemy.moml.MoMLSimpleApplication@48a5c390
----------------- Done invoking toplevel() on ptolemy.moml.MoMLSimpleApplication@48a5c390
reloadAllAccessors: .LazyAOCTestNonLazy

===========================================================================================
----------------- testing Tue Sep 03 18:08:05 UTC 2019 /home/travis/build/icyphy/ptII/ptolemy/actor/lib/test/auto/LazyInnerClass.xml
----------------- Instantiating /home/travis/build/icyphy/ptII/ptolemy/actor/lib/test/auto/LazyInnerClass.xml
10 ms. Memory: 608256K Free: 381409K (63%)
----------------- Invoking toplevel() on ptolemy.moml.MoMLSimpleApplication@2309a02
----------------- Done invoking toplevel() on ptolemy.moml.MoMLSimpleApplication@2309a02
reloadAllAccessors: .LazyInnerClass

===========================================================================================
----------------- testing Tue Sep 03 18:08:05 UTC 2019 /home/travis/build/icyphy/ptII/ptolemy/actor/lib/test/auto/LazyPubSub.xml
----------------- Instantiating /home/travis/build/icyphy/ptII/ptolemy/actor/lib/test/auto/LazyPubSub.xml
14 ms. Memory: 608256K Free: 371199K (61%)
----------------- Invoking toplevel() on ptolemy.moml.MoMLSimpleApplication@70dc29ea
----------------- Done invoking toplevel() on ptolemy.moml.MoMLSimpleApplication@70dc29ea
reloadAllAccessors: .LazyPubSub

===========================================================================================
----------------- testing Tue Sep 03 18:08:05 UTC 2019 /home/travis/build/icyphy/ptII/ptolemy/actor/lib/test/auto/LazyPubSub2.xml
----------------- Instantiating /home/travis/build/icyphy/ptII/ptolemy/actor/lib/test/auto/LazyPubSub2.xml
26 ms. Memory: 608256K Free: 361983K (60%)
----------------- Invoking toplevel() on ptolemy.moml.MoMLSimpleApplication@df1740e
----------------- Done invoking toplevel() on ptolemy.moml.MoMLSimpleApplication@df1740e
reloadAllAccessors: .LazyPubSub2

===========================================================================================
----------------- testing Tue Sep 03 18:08:05 UTC 2019 /home/travis/build/icyphy/ptII/ptolemy/actor/lib/test/auto/LazyPubSub3.xml
----------------- Instantiating /home/travis/build/icyphy/ptII/ptolemy/actor/lib/test/auto/LazyPubSub3.xml
10 ms. Memory: 608256K Free: 351743K (58%)
----------------- Invoking toplevel() on ptolemy.moml.MoMLSimpleApplication@1cccd741
----------------- Done invoking toplevel() on ptolemy.moml.MoMLSimpleApplication@1cccd741
reloadAllAccessors: .LazyPubSub3

===========================================================================================
----------------- testing Tue Sep 03 18:08:05 UTC 2019 /home/travis/build/icyphy/ptII/ptolemy/actor/lib/test/auto/LazySubClassModel.xml
----------------- Instantiating /home/travis/build/icyphy/ptII/ptolemy/actor/lib/test/auto/LazySubClassModel.xml
2 ms. Memory: 608256K Free: 342527K (56%)
----------------- Invoking toplevel() on ptolemy.moml.MoMLSimpleApplication@2802d362
----------------- Done invoking toplevel() on ptolemy.moml.MoMLSimpleApplication@2802d362
reloadAllAccessors: .LazySubClassModel

===========================================================================================
----------------- testing Tue Sep 03 18:08:05 UTC 2019 /home/travis/build/icyphy/ptII/ptolemy/actor/lib/test/auto/LevelCrossTest1.xml
----------------- Instantiating /home/travis/build/icyphy/ptII/ptolemy/actor/lib/test/auto/LevelCrossTest1.xml
1 ms. Memory: 608256K Free: 336897K (55%)
----------------- Invoking toplevel() on ptolemy.moml.MoMLSimpleApplication@6ea17e4
----------------- Done invoking toplevel() on ptolemy.moml.MoMLSimpleApplication@6ea17e4
reloadAllAccessors: .broken

===========================================================================================
----------------- testing Tue Sep 03 18:08:05 UTC 2019 /home/travis/build/icyphy/ptII/ptolemy/actor/lib/test/auto/LevelCrossTest10.xml
----------------- Instantiating /home/travis/build/icyphy/ptII/ptolemy/actor/lib/test/auto/LevelCrossTest10.xml
1 ms. Memory: 608256K Free: 329215K (54%)
----------------- Invoking toplevel() on ptolemy.moml.MoMLSimpleApplication@283154ef
----------------- Done invoking toplevel() on ptolemy.moml.MoMLSimpleApplication@283154ef
reloadAllAccessors: .LevelCrossTest10

===========================================================================================
----------------- testing Tue Sep 03 18:08:05 UTC 2019 /home/travis/build/icyphy/ptII/ptolemy/actor/lib/test/auto/LevelCrossTest11.xml
----------------- Instantiating /home/travis/build/icyphy/ptII/ptolemy/actor/lib/test/auto/LevelCrossTest11.xml
1 ms. Memory: 608256K Free: 322561K (53%)
----------------- Invoking toplevel() on ptolemy.moml.MoMLSimpleApplication@52313309
----------------- Done invoking toplevel() on ptolemy.moml.MoMLSimpleApplication@52313309
reloadAllAccessors: .LevelCrossTest11

===========================================================================================
----------------- testing Tue Sep 03 18:08:05 UTC 2019 /home/travis/build/icyphy/ptII/ptolemy/actor/lib/test/auto/LevelCrossTest12.xml
----------------- Instantiating /home/travis/build/icyphy/ptII/ptolemy/actor/lib/test/auto/LevelCrossTest12.xml
1 ms. Memory: 608256K Free: 314879K (52%)
----------------- Invoking toplevel() on ptolemy.moml.MoMLSimpleApplication@1bd07f6
----------------- Done invoking toplevel() on ptolemy.moml.MoMLSimpleApplication@1bd07f6
reloadAllAccessors: .LevelCrossTest12

===========================================================================================
----------------- testing Tue Sep 03 18:08:05 UTC 2019 /home/travis/build/icyphy/ptII/ptolemy/actor/lib/test/auto/LevelCrossTest13.xml
----------------- Instantiating /home/travis/build/icyphy/ptII/ptolemy/actor/lib/test/auto/LevelCrossTest13.xml
1 ms. Memory: 608256K Free: 307711K (51%)
----------------- Invoking toplevel() on ptolemy.moml.MoMLSimpleApplication@2950c4bd
----------------- Done invoking toplevel() on ptolemy.moml.MoMLSimpleApplication@2950c4bd
reloadAllAccessors: .LevelCrossTest13

===========================================================================================
----------------- testing Tue Sep 03 18:08:05 UTC 2019 /home/travis/build/icyphy/ptII/ptolemy/actor/lib/test/auto/LevelCrossTest2.xml
----------------- Instantiating /home/travis/build/icyphy/ptII/ptolemy/actor/lib/test/auto/LevelCrossTest2.xml
1 ms. Memory: 608256K Free: 302081K (50%)
----------------- Invoking toplevel() on ptolemy.moml.MoMLSimpleApplication@61ff29b9
----------------- Done invoking toplevel() on ptolemy.moml.MoMLSimpleApplication@61ff29b9
reloadAllAccessors: .broken

===========================================================================================
----------------- testing Tue Sep 03 18:08:05 UTC 2019 /home/travis/build/icyphy/ptII/ptolemy/actor/lib/test/auto/LevelCrossTest3.xml
----------------- Instantiating /home/travis/build/icyphy/ptII/ptolemy/actor/lib/test/auto/LevelCrossTest3.xml
4 ms. Memory: 608256K Free: 295937K (49%)
----------------- Invoking toplevel() on ptolemy.moml.MoMLSimpleApplication@68ba85ef
----------------- Done invoking toplevel() on ptolemy.moml.MoMLSimpleApplication@68ba85ef
reloadAllAccessors: .LevelCrossTest3

===========================================================================================
----------------- testing Tue Sep 03 18:08:06 UTC 2019 /home/travis/build/icyphy/ptII/ptolemy/actor/lib/test/auto/LevelCrossTest4.xml
----------------- Instantiating /home/travis/build/icyphy/ptII/ptolemy/actor/lib/test/auto/LevelCrossTest4.xml
1 ms. Memory: 608256K Free: 290817K (48%)
----------------- Invoking toplevel() on ptolemy.moml.MoMLSimpleApplication@6865d867
----------------- Done invoking toplevel() on ptolemy.moml.MoMLSimpleApplication@6865d867
reloadAllAccessors: .broken

===========================================================================================
----------------- testing Tue Sep 03 18:08:06 UTC 2019 /home/travis/build/icyphy/ptII/ptolemy/actor/lib/test/auto/LevelCrossTest5.xml
----------------- Instantiating /home/travis/build/icyphy/ptII/ptolemy/actor/lib/test/auto/LevelCrossTest5.xml
1 ms. Memory: 608256K Free: 284673K (47%)
----------------- Invoking toplevel() on ptolemy.moml.MoMLSimpleApplication@5e43de8d
----------------- Done invoking toplevel() on ptolemy.moml.MoMLSimpleApplication@5e43de8d
reloadAllAccessors: .LevelCrossTest5

===========================================================================================
----------------- testing Tue Sep 03 18:08:06 UTC 2019 /home/travis/build/icyphy/ptII/ptolemy/actor/lib/test/auto/LevelCrossTest6.xml
----------------- Instantiating /home/travis/build/icyphy/ptII/ptolemy/actor/lib/test/auto/LevelCrossTest6.xml
1 ms. Memory: 608256K Free: 278015K (46%)
----------------- Invoking toplevel() on ptolemy.moml.MoMLSimpleApplication@5ab0ce35
----------------- Done invoking toplevel() on ptolemy.moml.MoMLSimpleApplication@5ab0ce35
reloadAllAccessors: .LevelCrossTest6

===========================================================================================
----------------- testing Tue Sep 03 18:08:06 UTC 2019 /home/travis/build/icyphy/ptII/ptolemy/actor/lib/test/auto/LevelCrossTest7.xml
----------------- Instantiating /home/travis/build/icyphy/ptII/ptolemy/actor/lib/test/auto/LevelCrossTest7.xml
8 ms. Memory: 608256K Free: 270847K (45%)
----------------- Invoking toplevel() on ptolemy.moml.MoMLSimpleApplication@4e3dbbc9
----------------- Done invoking toplevel() on ptolemy.moml.MoMLSimpleApplication@4e3dbbc9
reloadAllAccessors: .LevelCrossTest7

===========================================================================================
----------------- testing Tue Sep 03 18:08:06 UTC 2019 /home/travis/build/icyphy/ptII/ptolemy/actor/lib/test/auto/LevelCrossTest8.xml
----------------- Instantiating /home/travis/build/icyphy/ptII/ptolemy/actor/lib/test/auto/LevelCrossTest8.xml
1 ms. Memory: 608256K Free: 263679K (43%)
----------------- Invoking toplevel() on ptolemy.moml.MoMLSimpleApplication@719ff30a
----------------- Done invoking toplevel() on ptolemy.moml.MoMLSimpleApplication@719ff30a
reloadAllAccessors: .LevelCrossTest8

===========================================================================================
----------------- testing Tue Sep 03 18:08:06 UTC 2019 /home/travis/build/icyphy/ptII/ptolemy/actor/lib/test/auto/LevelCrossTest9.xml
----------------- Instantiating /home/travis/build/icyphy/ptII/ptolemy/actor/lib/test/auto/LevelCrossTest9.xml
2 ms. Memory: 608256K Free: 256511K (42%)
----------------- Invoking toplevel() on ptolemy.moml.MoMLSimpleApplication@34a2fa24
----------------- Done invoking toplevel() on ptolemy.moml.MoMLSimpleApplication@34a2fa24
reloadAllAccessors: .LevelCrossTest9

===========================================================================================
----------------- testing Tue Sep 03 18:08:06 UTC 2019 /home/travis/build/icyphy/ptII/ptolemy/actor/lib/test/auto/LevinsonDurbin.xml
----------------- Instantiating /home/travis/build/icyphy/ptII/ptolemy/actor/lib/test/auto/LevinsonDurbin.xml
2 ms. Memory: 608256K Free: 252415K (41%)
----------------- Invoking toplevel() on ptolemy.moml.MoMLSimpleApplication@3e1f96f6
----------------- Done invoking toplevel() on ptolemy.moml.MoMLSimpleApplication@3e1f96f6
reloadAllAccessors: .LevinsonDurbin

===========================================================================================
----------------- testing Tue Sep 03 18:08:06 UTC 2019 /home/travis/build/icyphy/ptII/ptolemy/actor/lib/test/auto/LevinsonDurbin2.xml
----------------- Instantiating /home/travis/build/icyphy/ptII/ptolemy/actor/lib/test/auto/LevinsonDurbin2.xml
1 ms. Memory: 608256K Free: 248319K (41%)
----------------- Invoking toplevel() on ptolemy.moml.MoMLSimpleApplication@4f2f7984
----------------- Done invoking toplevel() on ptolemy.moml.MoMLSimpleApplication@4f2f7984
reloadAllAccessors: .LevinsonDurbin2

===========================================================================================
----------------- testing Tue Sep 03 18:08:06 UTC 2019 /home/travis/build/icyphy/ptII/ptolemy/actor/lib/test/auto/LevinsonDurbin3.xml
----------------- Instantiating /home/travis/build/icyphy/ptII/ptolemy/actor/lib/test/auto/LevinsonDurbin3.xml
2 ms. Memory: 608256K Free: 244223K (40%)
----------------- Invoking toplevel() on ptolemy.moml.MoMLSimpleApplication@5cd1b044
----------------- Done invoking toplevel() on ptolemy.moml.MoMLSimpleApplication@5cd1b044
reloadAllAccessors: .LevinsonDurbin3

===========================================================================================
----------------- testing Tue Sep 03 18:08:06 UTC 2019 /home/travis/build/icyphy/ptII/ptolemy/actor/lib/test/auto/Limiter.xml
----------------- Instantiating /home/travis/build/icyphy/ptII/ptolemy/actor/lib/test/auto/Limiter.xml
4 ms. Memory: 608256K Free: 234993K (39%)
----------------- Invoking toplevel() on ptolemy.moml.MoMLSimpleApplication@164c1e58
----------------- Done invoking toplevel() on ptolemy.moml.MoMLSimpleApplication@164c1e58
reloadAllAccessors: .Limiter

===========================================================================================
----------------- testing Tue Sep 03 18:08:06 UTC 2019 /home/travis/build/icyphy/ptII/ptolemy/actor/lib/test/auto/LinearDifferenceEquationSystem.xml
----------------- Instantiating /home/travis/build/icyphy/ptII/ptolemy/actor/lib/test/auto/LinearDifferenceEquationSystem.xml
8 ms. Memory: 608256K Free: 227329K (37%)
----------------- Invoking toplevel() on ptolemy.moml.MoMLSimpleApplication@5083265b
----------------- Done invoking toplevel() on ptolemy.moml.MoMLSimpleApplication@5083265b
reloadAllAccessors: .LinearDifferenceEquationSystem

===========================================================================================
----------------- testing Tue Sep 03 18:08:06 UTC 2019 /home/travis/build/icyphy/ptII/ptolemy/actor/lib/test/auto/LookupTable.xml
----------------- Instantiating /home/travis/build/icyphy/ptII/ptolemy/actor/lib/test/auto/LookupTable.xml
2 ms. Memory: 608256K Free: 222719K (37%)
----------------- Invoking toplevel() on ptolemy.moml.MoMLSimpleApplication@58a5c425
----------------- Done invoking toplevel() on ptolemy.moml.MoMLSimpleApplication@58a5c425
reloadAllAccessors: .LookupTable

===========================================================================================
----------------- testing Tue Sep 03 18:08:06 UTC 2019 /home/travis/build/icyphy/ptII/ptolemy/actor/lib/test/auto/MathFunction.xml
----------------- Instantiating /home/travis/build/icyphy/ptII/ptolemy/actor/lib/test/auto/MathFunction.xml
6 ms. Memory: 608256K Free: 214527K (35%)
----------------- Invoking toplevel() on ptolemy.moml.MoMLSimpleApplication@509a4498
----------------- Done invoking toplevel() on ptolemy.moml.MoMLSimpleApplication@509a4498
reloadAllAccessors: .MathFunction

===========================================================================================
----------------- testing Tue Sep 03 18:08:06 UTC 2019 /home/travis/build/icyphy/ptII/ptolemy/actor/lib/test/auto/MathFunction2.xml
----------------- Instantiating /home/travis/build/icyphy/ptII/ptolemy/actor/lib/test/auto/MathFunction2.xml
10 ms. Memory: 608256K Free: 210431K (35%)
----------------- Invoking toplevel() on ptolemy.moml.MoMLSimpleApplication@6e4cddb2
----------------- Done invoking toplevel() on ptolemy.moml.MoMLSimpleApplication@6e4cddb2
reloadAllAccessors: .MathFunction2

===========================================================================================
----------------- testing Tue Sep 03 18:08:06 UTC 2019 /home/travis/build/icyphy/ptII/ptolemy/actor/lib/test/auto/MathFunction3.xml
----------------- Instantiating /home/travis/build/icyphy/ptII/ptolemy/actor/lib/test/auto/MathFunction3.xml
3 ms. Memory: 608256K Free: 557053K (92%)
----------------- Invoking toplevel() on ptolemy.moml.MoMLSimpleApplication@e9c990d
----------------- Done invoking toplevel() on ptolemy.moml.MoMLSimpleApplication@e9c990d
reloadAllAccessors: .MathFunction3

===========================================================================================
----------------- testing Tue Sep 03 18:08:06 UTC 2019 /home/travis/build/icyphy/ptII/ptolemy/actor/lib/test/auto/MatrixCropBoolean.xml
----------------- Instantiating /home/travis/build/icyphy/ptII/ptolemy/actor/lib/test/auto/MatrixCropBoolean.xml
2 ms. Memory: 608256K Free: 551903K (91%)
----------------- Invoking toplevel() on ptolemy.moml.MoMLSimpleApplication@40a156a1
----------------- Done invoking toplevel() on ptolemy.moml.MoMLSimpleApplication@40a156a1
reloadAllAccessors: .MatrixCropBoolean

===========================================================================================
----------------- testing Tue Sep 03 18:08:06 UTC 2019 /home/travis/build/icyphy/ptII/ptolemy/actor/lib/test/auto/MatrixCropComplex.xml
----------------- Instantiating /home/travis/build/icyphy/ptII/ptolemy/actor/lib/test/auto/MatrixCropComplex.xml
2 ms. Memory: 608256K Free: 546807K (90%)
----------------- Invoking toplevel() on ptolemy.moml.MoMLSimpleApplication@7afefcf0
----------------- Done invoking toplevel() on ptolemy.moml.MoMLSimpleApplication@7afefcf0
reloadAllAccessors: .MatrixCropComplex

===========================================================================================
----------------- testing Tue Sep 03 18:08:06 UTC 2019 /home/travis/build/icyphy/ptII/ptolemy/actor/lib/test/auto/MatrixCropDouble.xml
----------------- Instantiating /home/travis/build/icyphy/ptII/ptolemy/actor/lib/test/auto/MatrixCropDouble.xml
4 ms. Memory: 608256K Free: 541663K (89%)
----------------- Invoking toplevel() on ptolemy.moml.MoMLSimpleApplication@202e5032
----------------- Done invoking toplevel() on ptolemy.moml.MoMLSimpleApplication@202e5032
reloadAllAccessors: .MatrixCropDouble

===========================================================================================
----------------- testing Tue Sep 03 18:08:06 UTC 2019 /home/travis/build/icyphy/ptII/ptolemy/actor/lib/test/auto/MatrixCropFix.xml
----------------- Instantiating /home/travis/build/icyphy/ptII/ptolemy/actor/lib/test/auto/MatrixCropFix.xml
2 ms. Memory: 608256K Free: 536567K (88%)
----------------- Invoking toplevel() on ptolemy.moml.MoMLSimpleApplication@115ffa57
----------------- Done invoking toplevel() on ptolemy.moml.MoMLSimpleApplication@115ffa57
reloadAllAccessors: .MatrixCropFix

===========================================================================================
----------------- testing Tue Sep 03 18:08:06 UTC 2019 /home/travis/build/icyphy/ptII/ptolemy/actor/lib/test/auto/MatrixCropInt.xml
----------------- Instantiating /home/travis/build/icyphy/ptII/ptolemy/actor/lib/test/auto/MatrixCropInt.xml
1 ms. Memory: 608256K Free: 531967K (87%)
----------------- Invoking toplevel() on ptolemy.moml.MoMLSimpleApplication@7570f58e
----------------- Done invoking toplevel() on ptolemy.moml.MoMLSimpleApplication@7570f58e
reloadAllAccessors: .MatrixCropInt

===========================================================================================
----------------- testing Tue Sep 03 18:08:06 UTC 2019 /home/travis/build/icyphy/ptII/ptolemy/actor/lib/test/auto/MatrixCropLong.xml
----------------- Instantiating /home/travis/build/icyphy/ptII/ptolemy/actor/lib/test/auto/MatrixCropLong.xml
2 ms. Memory: 608256K Free: 526847K (87%)
----------------- Invoking toplevel() on ptolemy.moml.MoMLSimpleApplication@dea0118
----------------- Done invoking toplevel() on ptolemy.moml.MoMLSimpleApplication@dea0118
reloadAllAccessors: .MatrixCropLong

===========================================================================================
----------------- testing Tue Sep 03 18:08:06 UTC 2019 /home/travis/build/icyphy/ptII/ptolemy/actor/lib/test/auto/MatrixToArray.xml
----------------- Instantiating /home/travis/build/icyphy/ptII/ptolemy/actor/lib/test/auto/MatrixToArray.xml
8 ms. Memory: 608256K Free: 511487K (84%)
----------------- Invoking toplevel() on ptolemy.moml.MoMLSimpleApplication@5299faa8
----------------- Done invoking toplevel() on ptolemy.moml.MoMLSimpleApplication@5299faa8
reloadAllAccessors: .MatrixToArray

===========================================================================================
----------------- testing Tue Sep 03 18:08:06 UTC 2019 /home/travis/build/icyphy/ptII/ptolemy/actor/lib/test/auto/MaxIndex.xml
----------------- Instantiating /home/travis/build/icyphy/ptII/ptolemy/actor/lib/test/auto/MaxIndex.xml
2 ms. Memory: 608256K Free: 506367K (83%)
----------------- Invoking toplevel() on ptolemy.moml.MoMLSimpleApplication@755de907
----------------- Done invoking toplevel() on ptolemy.moml.MoMLSimpleApplication@755de907
reloadAllAccessors: .MaxIndex

===========================================================================================
----------------- testing Tue Sep 03 18:08:06 UTC 2019 /home/travis/build/icyphy/ptII/ptolemy/actor/lib/test/auto/Maximum.xml
----------------- Instantiating /home/travis/build/icyphy/ptII/ptolemy/actor/lib/test/auto/Maximum.xml
6 ms. Memory: 608256K Free: 499679K (82%)
----------------- Invoking toplevel() on ptolemy.moml.MoMLSimpleApplication@7baf86cd
----------------- Done invoking toplevel() on ptolemy.moml.MoMLSimpleApplication@7baf86cd
reloadAllAccessors: .Maximum

===========================================================================================
----------------- testing Tue Sep 03 18:08:06 UTC 2019 /home/travis/build/icyphy/ptII/ptolemy/actor/lib/test/auto/MaximumComplex.xml
----------------- Instantiating /home/travis/build/icyphy/ptII/ptolemy/actor/lib/test/auto/MaximumComplex.xml
4 ms. Memory: 608256K Free: 493551K (81%)
----------------- Invoking toplevel() on ptolemy.moml.MoMLSimpleApplication@4ee53d2c
----------------- Done invoking toplevel() on ptolemy.moml.MoMLSimpleApplication@4ee53d2c
reloadAllAccessors: .MaximumComplex

===========================================================================================
----------------- testing Tue Sep 03 18:08:06 UTC 2019 /home/travis/build/icyphy/ptII/ptolemy/actor/lib/test/auto/MethodCallTest.xml
----------------- Instantiating /home/travis/build/icyphy/ptII/ptolemy/actor/lib/test/auto/MethodCallTest.xml
3 ms. Memory: 608256K Free: 486911K (80%)
----------------- Invoking toplevel() on ptolemy.moml.MoMLSimpleApplication@3f021e54
----------------- Done invoking toplevel() on ptolemy.moml.MoMLSimpleApplication@3f021e54
reloadAllAccessors: .MethodCallTest

===========================================================================================
----------------- testing Tue Sep 03 18:08:06 UTC 2019 /home/travis/build/icyphy/ptII/ptolemy/actor/lib/test/auto/Minimum.xml
----------------- Instantiating /home/travis/build/icyphy/ptII/ptolemy/actor/lib/test/auto/Minimum.xml
2 ms. Memory: 608256K Free: 480239K (79%)
----------------- Invoking toplevel() on ptolemy.moml.MoMLSimpleApplication@2864da90
----------------- Done invoking toplevel() on ptolemy.moml.MoMLSimpleApplication@2864da90
reloadAllAccessors: .Minimum

===========================================================================================
----------------- testing Tue Sep 03 18:08:06 UTC 2019 /home/travis/build/icyphy/ptII/ptolemy/actor/lib/test/auto/MinimumComplex.xml
----------------- Instantiating /home/travis/build/icyphy/ptII/ptolemy/actor/lib/test/auto/MinimumComplex.xml
3 ms. Memory: 608256K Free: 474109K (78%)
----------------- Invoking toplevel() on ptolemy.moml.MoMLSimpleApplication@3beb8b56
----------------- Done invoking toplevel() on ptolemy.moml.MoMLSimpleApplication@3beb8b56
reloadAllAccessors: .MinimumComplex

===========================================================================================
----------------- testing Tue Sep 03 18:08:06 UTC 2019 /home/travis/build/icyphy/ptII/ptolemy/actor/lib/test/auto/MinimumMultiports.xml
----------------- Instantiating /home/travis/build/icyphy/ptII/ptolemy/actor/lib/test/auto/MinimumMultiports.xml
3 ms. Memory: 608256K Free: 465407K (77%)
----------------- Invoking toplevel() on ptolemy.moml.MoMLSimpleApplication@7c963039
----------------- Done invoking toplevel() on ptolemy.moml.MoMLSimpleApplication@7c963039
reloadAllAccessors: .MinimumMultiports

===========================================================================================
----------------- testing Tue Sep 03 18:08:06 UTC 2019 /home/travis/build/icyphy/ptII/ptolemy/actor/lib/test/auto/ModifyDate.xml
----------------- Instantiating /home/travis/build/icyphy/ptII/ptolemy/actor/lib/test/auto/ModifyDate.xml
7 ms. Memory: 608256K Free: 452605K (74%)
----------------- Invoking toplevel() on ptolemy.moml.MoMLSimpleApplication@1b551497
----------------- Done invoking toplevel() on ptolemy.moml.MoMLSimpleApplication@1b551497
reloadAllAccessors: .ModifyDate

===========================================================================================
----------------- testing Tue Sep 03 18:08:06 UTC 2019 /home/travis/build/icyphy/ptII/ptolemy/actor/lib/test/auto/ModifyDate2.xml
----------------- Instantiating /home/travis/build/icyphy/ptII/ptolemy/actor/lib/test/auto/ModifyDate2.xml
5 ms. Memory: 608256K Free: 443903K (73%)
----------------- Invoking toplevel() on ptolemy.moml.MoMLSimpleApplication@78d8818b
----------------- Done invoking toplevel() on ptolemy.moml.MoMLSimpleApplication@78d8818b
reloadAllAccessors: .ModifyDate2

===========================================================================================
----------------- testing Tue Sep 03 18:08:06 UTC 2019 /home/travis/build/icyphy/ptII/ptolemy/actor/lib/test/auto/MovingAverage.xml
----------------- Instantiating /home/travis/build/icyphy/ptII/ptolemy/actor/lib/test/auto/MovingAverage.xml
1 ms. Memory: 608256K Free: 438783K (72%)
----------------- Invoking toplevel() on ptolemy.moml.MoMLSimpleApplication@5015bb84
----------------- Done invoking toplevel() on ptolemy.moml.MoMLSimpleApplication@5015bb84
reloadAllAccessors: .MovingAverage

===========================================================================================
----------------- testing Tue Sep 03 18:08:06 UTC 2019 /home/travis/build/icyphy/ptII/ptolemy/actor/lib/test/auto/MovingMaximum.xml
----------------- Instantiating /home/travis/build/icyphy/ptII/ptolemy/actor/lib/test/auto/MovingMaximum.xml
1 ms. Memory: 608256K Free: 434173K (71%)
----------------- Invoking toplevel() on ptolemy.moml.MoMLSimpleApplication@157d51b9
----------------- Done invoking toplevel() on ptolemy.moml.MoMLSimpleApplication@157d51b9
reloadAllAccessors: .MovingMaximum

===========================================================================================
----------------- testing Tue Sep 03 18:08:06 UTC 2019 /home/travis/build/icyphy/ptII/ptolemy/actor/lib/test/auto/MultipleLinksToSameRelation.xml
----------------- Instantiating /home/travis/build/icyphy/ptII/ptolemy/actor/lib/test/auto/MultipleLinksToSameRelation.xml
2 ms. Memory: 608256K Free: 430077K (71%)
----------------- Invoking toplevel() on ptolemy.moml.MoMLSimpleApplication@21008946
----------------- Done invoking toplevel() on ptolemy.moml.MoMLSimpleApplication@21008946
reloadAllAccessors: .MultipleLinksToSameRelation

===========================================================================================
----------------- testing Tue Sep 03 18:08:06 UTC 2019 /home/travis/build/icyphy/ptII/ptolemy/actor/lib/test/auto/MultipleLinksToSameRelationDE.xml
----------------- Instantiating /home/travis/build/icyphy/ptII/ptolemy/actor/lib/test/auto/MultipleLinksToSameRelationDE.xml
1 ms. Memory: 608256K Free: 425471K (70%)
----------------- Invoking toplevel() on ptolemy.moml.MoMLSimpleApplication@227cbfb6
----------------- Done invoking toplevel() on ptolemy.moml.MoMLSimpleApplication@227cbfb6
reloadAllAccessors: .MultipleLinksToSameRelationDE

===========================================================================================
----------------- testing Tue Sep 03 18:08:06 UTC 2019 /home/travis/build/icyphy/ptII/ptolemy/actor/lib/test/auto/Multiplexor.xml
----------------- Instantiating /home/travis/build/icyphy/ptII/ptolemy/actor/lib/test/auto/Multiplexor.xml
2 ms. Memory: 608256K Free: 419837K (69%)
----------------- Invoking toplevel() on ptolemy.moml.MoMLSimpleApplication@20efe4f0
----------------- Done invoking toplevel() on ptolemy.moml.MoMLSimpleApplication@20efe4f0
reloadAllAccessors: .Multiplexor

===========================================================================================
----------------- testing Tue Sep 03 18:08:06 UTC 2019 /home/travis/build/icyphy/ptII/ptolemy/actor/lib/test/auto/Multiplexor1.xml
----------------- Instantiating /home/travis/build/icyphy/ptII/ptolemy/actor/lib/test/auto/Multiplexor1.xml
2 ms. Memory: 608256K Free: 414207K (68%)
----------------- Invoking toplevel() on ptolemy.moml.MoMLSimpleApplication@61d3d37c
----------------- Done invoking toplevel() on ptolemy.moml.MoMLSimpleApplication@61d3d37c
reloadAllAccessors: .Multiplexor1

===========================================================================================
----------------- testing Tue Sep 03 18:08:06 UTC 2019 /home/travis/build/icyphy/ptII/ptolemy/actor/lib/test/auto/Multiplexor2.xml
----------------- Instantiating /home/travis/build/icyphy/ptII/ptolemy/actor/lib/test/auto/Multiplexor2.xml
2 ms. Memory: 608256K Free: 407549K (67%)
----------------- Invoking toplevel() on ptolemy.moml.MoMLSimpleApplication@1f637110
----------------- Done invoking toplevel() on ptolemy.moml.MoMLSimpleApplication@1f637110
reloadAllAccessors: .Multiplexor2

===========================================================================================
----------------- testing Tue Sep 03 18:08:06 UTC 2019 /home/travis/build/icyphy/ptII/ptolemy/actor/lib/test/auto/Multiplexor3.xml
----------------- Instantiating /home/travis/build/icyphy/ptII/ptolemy/actor/lib/test/auto/Multiplexor3.xml
1 ms. Memory: 608256K Free: 403453K (66%)
----------------- Invoking toplevel() on ptolemy.moml.MoMLSimpleApplication@7fb32710
----------------- Done invoking toplevel() on ptolemy.moml.MoMLSimpleApplication@7fb32710
reloadAllAccessors: .Multiplexor3

===========================================================================================
----------------- testing Tue Sep 03 18:08:06 UTC 2019 /home/travis/build/icyphy/ptII/ptolemy/actor/lib/test/auto/MultiplexorDE.xml
----------------- Instantiating /home/travis/build/icyphy/ptII/ptolemy/actor/lib/test/auto/MultiplexorDE.xml
3 ms. Memory: 608256K Free: 395231K (65%)
----------------- Invoking toplevel() on ptolemy.moml.MoMLSimpleApplication@4a671ce6
----------------- Done invoking toplevel() on ptolemy.moml.MoMLSimpleApplication@4a671ce6
reloadAllAccessors: .MultiplexorDE

===========================================================================================
----------------- testing Tue Sep 03 18:08:06 UTC 2019 /home/travis/build/icyphy/ptII/ptolemy/actor/lib/test/auto/MultiportBroadcastTest.xml
----------------- Instantiating /home/travis/build/icyphy/ptII/ptolemy/actor/lib/test/auto/MultiportBroadcastTest.xml
83 ms. Memory: 608256K Free: 389117K (64%)
----------------- Invoking toplevel() on ptolemy.moml.MoMLSimpleApplication@1c1e3cbb
----------------- Done invoking toplevel() on ptolemy.moml.MoMLSimpleApplication@1c1e3cbb
reloadAllAccessors: .MultiportBroadcastTest

===========================================================================================
----------------- testing Tue Sep 03 18:08:06 UTC 2019 /home/travis/build/icyphy/ptII/ptolemy/actor/lib/test/auto/MultiportOutHangDuringGetWidth.xml
----------------- Instantiating /home/travis/build/icyphy/ptII/ptolemy/actor/lib/test/auto/MultiportOutHangDuringGetWidth.xml
5 ms. Memory: 608256K Free: 376815K (62%)
----------------- Invoking toplevel() on ptolemy.moml.MoMLSimpleApplication@7010504a
----------------- Done invoking toplevel() on ptolemy.moml.MoMLSimpleApplication@7010504a
reloadAllAccessors: .MultiportOutHangDuringGetWidth

===========================================================================================
----------------- testing Tue Sep 03 18:08:06 UTC 2019 /home/travis/build/icyphy/ptII/ptolemy/actor/lib/test/auto/NilToken.xml
----------------- Instantiating /home/travis/build/icyphy/ptII/ptolemy/actor/lib/test/auto/NilToken.xml
1 ms. Memory: 608256K Free: 372733K (61%)
----------------- Invoking toplevel() on ptolemy.moml.MoMLSimpleApplication@9c0777c
----------------- Done invoking toplevel() on ptolemy.moml.MoMLSimpleApplication@9c0777c
reloadAllAccessors: .NilToken

===========================================================================================
----------------- testing Tue Sep 03 18:08:07 UTC 2019 /home/travis/build/icyphy/ptII/ptolemy/actor/lib/test/auto/NilTokenNonStrictTest.xml
----------------- Instantiating /home/travis/build/icyphy/ptII/ptolemy/actor/lib/test/auto/NilTokenNonStrictTest.xml
2 ms. Memory: 608256K Free: 367613K (60%)
----------------- Invoking toplevel() on ptolemy.moml.MoMLSimpleApplication@57585909
----------------- Done invoking toplevel() on ptolemy.moml.MoMLSimpleApplication@57585909
reloadAllAccessors: .NilTokenNonStrictTest

===========================================================================================
----------------- testing Tue Sep 03 18:08:07 UTC 2019 /home/travis/build/icyphy/ptII/ptolemy/actor/lib/test/auto/NilTokenRecord.xml
----------------- Instantiating /home/travis/build/icyphy/ptII/ptolemy/actor/lib/test/auto/NilTokenRecord.xml
16 ms. Memory: 608256K Free: 360959K (59%)
----------------- Invoking toplevel() on ptolemy.moml.MoMLSimpleApplication@7d290206
----------------- Done invoking toplevel() on ptolemy.moml.MoMLSimpleApplication@7d290206
reloadAllAccessors: .NilTokenRecord

===========================================================================================
----------------- testing Tue Sep 03 18:08:07 UTC 2019 /home/travis/build/icyphy/ptII/ptolemy/actor/lib/test/auto/NilTokenTypeTest.xml
----------------- Instantiating /home/travis/build/icyphy/ptII/ptolemy/actor/lib/test/auto/NilTokenTypeTest.xml
12 ms. Memory: 608256K Free: 351229K (58%)
----------------- Invoking toplevel() on ptolemy.moml.MoMLSimpleApplication@15ad24cb
----------------- Done invoking toplevel() on ptolemy.moml.MoMLSimpleApplication@15ad24cb
reloadAllAccessors: .NilTokenTypeTest

===========================================================================================
----------------- testing Tue Sep 03 18:08:07 UTC 2019 /home/travis/build/icyphy/ptII/ptolemy/actor/lib/test/auto/ObjectToken1.xml
----------------- Instantiating /home/travis/build/icyphy/ptII/ptolemy/actor/lib/test/auto/ObjectToken1.xml
2 ms. Memory: 608256K Free: 347133K (57%)
----------------- Invoking toplevel() on ptolemy.moml.MoMLSimpleApplication@689128a5
----------------- Done invoking toplevel() on ptolemy.moml.MoMLSimpleApplication@689128a5
reloadAllAccessors: .ObjectToken1

===========================================================================================
----------------- testing Tue Sep 03 18:08:07 UTC 2019 /home/travis/build/icyphy/ptII/ptolemy/actor/lib/test/auto/OrderedMerge.xml
----------------- Instantiating /home/travis/build/icyphy/ptII/ptolemy/actor/lib/test/auto/OrderedMerge.xml
9 ms. Memory: 608256K Free: 341503K (56%)
----------------- Invoking toplevel() on ptolemy.moml.MoMLSimpleApplication@6f85958c
----------------- Done invoking toplevel() on ptolemy.moml.MoMLSimpleApplication@6f85958c
reloadAllAccessors: .OrderedMerge

===========================================================================================
----------------- testing Tue Sep 03 18:08:07 UTC 2019 /home/travis/build/icyphy/ptII/ptolemy/actor/lib/test/auto/OrderedRecordDisassembler.xml
----------------- Instantiating /home/travis/build/icyphy/ptII/ptolemy/actor/lib/test/auto/OrderedRecordDisassembler.xml
3 ms. Memory: 608256K Free: 336383K (55%)
----------------- Invoking toplevel() on ptolemy.moml.MoMLSimpleApplication@46854bca
----------------- Done invoking toplevel() on ptolemy.moml.MoMLSimpleApplication@46854bca
reloadAllAccessors: .OrderedRecordDisassembler

===========================================================================================
----------------- testing Tue Sep 03 18:08:07 UTC 2019 /home/travis/build/icyphy/ptII/ptolemy/actor/lib/test/auto/OrderedRecordDisassembler2.xml
----------------- Instantiating /home/travis/build/icyphy/ptII/ptolemy/actor/lib/test/auto/OrderedRecordDisassembler2.xml
8 ms. Memory: 608256K Free: 328687K (54%)
----------------- Invoking toplevel() on ptolemy.moml.MoMLSimpleApplication@6b49b528
----------------- Done invoking toplevel() on ptolemy.moml.MoMLSimpleApplication@6b49b528
reloadAllAccessors: .OrderedRecordDisassembler2

===========================================================================================
----------------- testing Tue Sep 03 18:08:07 UTC 2019 /home/travis/build/icyphy/ptII/ptolemy/actor/lib/test/auto/OrderedRecordUpdater.xml
----------------- Instantiating /home/travis/build/icyphy/ptII/ptolemy/actor/lib/test/auto/OrderedRecordUpdater.xml
2 ms. Memory: 608256K Free: 323071K (53%)
----------------- Invoking toplevel() on ptolemy.moml.MoMLSimpleApplication@6d7134e8
----------------- Done invoking toplevel() on ptolemy.moml.MoMLSimpleApplication@6d7134e8
reloadAllAccessors: .RecordUpdater

===========================================================================================
----------------- testing Tue Sep 03 18:08:07 UTC 2019 /home/travis/build/icyphy/ptII/ptolemy/actor/lib/test/auto/OrderedRecordUpdater2.xml
----------------- Instantiating /home/travis/build/icyphy/ptII/ptolemy/actor/lib/test/auto/OrderedRecordUpdater2.xml
2 ms. Memory: 608256K Free: 318461K (52%)
----------------- Invoking toplevel() on ptolemy.moml.MoMLSimpleApplication@3efb4bf6
----------------- Done invoking toplevel() on ptolemy.moml.MoMLSimpleApplication@3efb4bf6
reloadAllAccessors: .RecordUpdater2

===========================================================================================
----------------- testing Tue Sep 03 18:08:07 UTC 2019 /home/travis/build/icyphy/ptII/ptolemy/actor/lib/test/auto/PhaseUnwrap.xml
----------------- Instantiating /home/travis/build/icyphy/ptII/ptolemy/actor/lib/test/auto/PhaseUnwrap.xml
2 ms. Memory: 608256K Free: 313855K (52%)
----------------- Invoking toplevel() on ptolemy.moml.MoMLSimpleApplication@68630cbb
----------------- Done invoking toplevel() on ptolemy.moml.MoMLSimpleApplication@68630cbb
reloadAllAccessors: .PhaseUnwrap

===========================================================================================
----------------- testing Tue Sep 03 18:08:07 UTC 2019 /home/travis/build/icyphy/ptII/ptolemy/actor/lib/test/auto/PoissonClock.xml
----------------- Instantiating /home/travis/build/icyphy/ptII/ptolemy/actor/lib/test/auto/PoissonClock.xml
1 ms. Memory: 608256K Free: 309759K (51%)
----------------- Invoking toplevel() on ptolemy.moml.MoMLSimpleApplication@68b8e7c1
----------------- Done invoking toplevel() on ptolemy.moml.MoMLSimpleApplication@68b8e7c1
reloadAllAccessors: .PoissonClock

===========================================================================================
----------------- testing Tue Sep 03 18:08:07 UTC 2019 /home/travis/build/icyphy/ptII/ptolemy/actor/lib/test/auto/PoissonClock2.xml
----------------- Instantiating /home/travis/build/icyphy/ptII/ptolemy/actor/lib/test/auto/PoissonClock2.xml
1 ms. Memory: 608256K Free: 305149K (50%)
----------------- Invoking toplevel() on ptolemy.moml.MoMLSimpleApplication@3ca5d179
----------------- Done invoking toplevel() on ptolemy.moml.MoMLSimpleApplication@3ca5d179
reloadAllAccessors: .PoissonClock2

===========================================================================================
----------------- testing Tue Sep 03 18:08:07 UTC 2019 /home/travis/build/icyphy/ptII/ptolemy/actor/lib/test/auto/PoissonClock3.xml
----------------- Instantiating /home/travis/build/icyphy/ptII/ptolemy/actor/lib/test/auto/PoissonClock3.xml
1 ms. Memory: 608256K Free: 300543K (49%)
----------------- Invoking toplevel() on ptolemy.moml.MoMLSimpleApplication@7254074e
----------------- Done invoking toplevel() on ptolemy.moml.MoMLSimpleApplication@7254074e
reloadAllAccessors: .PoissonClock3

===========================================================================================
----------------- testing Tue Sep 03 18:08:07 UTC 2019 /home/travis/build/icyphy/ptII/ptolemy/actor/lib/test/auto/PubSubWithInitialTokens.xml
----------------- Instantiating /home/travis/build/icyphy/ptII/ptolemy/actor/lib/test/auto/PubSubWithInitialTokens.xml
2 ms. Memory: 608256K Free: 294879K (48%)
----------------- Invoking toplevel() on ptolemy.moml.MoMLSimpleApplication@7ee79c36
----------------- Done invoking toplevel() on ptolemy.moml.MoMLSimpleApplication@7ee79c36
reloadAllAccessors: .PubSubWithInitialTokens

===========================================================================================
----------------- testing Tue Sep 03 18:08:07 UTC 2019 /home/travis/build/icyphy/ptII/ptolemy/actor/lib/test/auto/PubSubWithInitialTokens2.xml
----------------- Instantiating /home/travis/build/icyphy/ptII/ptolemy/actor/lib/test/auto/PubSubWithInitialTokens2.xml
3 ms. Memory: 608256K Free: 288759K (47%)
----------------- Invoking toplevel() on ptolemy.moml.MoMLSimpleApplication@6ef37984
----------------- Done invoking toplevel() on ptolemy.moml.MoMLSimpleApplication@6ef37984
reloadAllAccessors: .PubSubWithInitialTokens2

===========================================================================================
----------------- testing Tue Sep 03 18:08:07 UTC 2019 /home/travis/build/icyphy/ptII/ptolemy/actor/lib/test/auto/PublisherClassNoParameter.xml
----------------- Instantiating /home/travis/build/icyphy/ptII/ptolemy/actor/lib/test/auto/PublisherClassNoParameter.xml
5 ms. Memory: 608256K Free: 278519K (46%)
----------------- Invoking toplevel() on ptolemy.moml.MoMLSimpleApplication@643f27b1
----------------- Done invoking toplevel() on ptolemy.moml.MoMLSimpleApplication@643f27b1
reloadAllAccessors: .PublisherClassNoParameter

===========================================================================================
----------------- testing Tue Sep 03 18:08:07 UTC 2019 /home/travis/build/icyphy/ptII/ptolemy/actor/lib/test/auto/PublisherClassParameter.xml
----------------- Instantiating /home/travis/build/icyphy/ptII/ptolemy/actor/lib/test/auto/PublisherClassParameter.xml
2 ms. Memory: 608256K Free: 267775K (44%)
----------------- Invoking toplevel() on ptolemy.moml.MoMLSimpleApplication@8570d4e
----------------- Done invoking toplevel() on ptolemy.moml.MoMLSimpleApplication@8570d4e
reloadAllAccessors: .PublisherClassParameter

===========================================================================================
----------------- testing Tue Sep 03 18:08:07 UTC 2019 /home/travis/build/icyphy/ptII/ptolemy/actor/lib/test/auto/PublisherNonStrictTest.xml
----------------- Instantiating /home/travis/build/icyphy/ptII/ptolemy/actor/lib/test/auto/PublisherNonStrictTest.xml
3 ms. Memory: 608256K Free: 260087K (43%)
----------------- Invoking toplevel() on ptolemy.moml.MoMLSimpleApplication@6ef57bd3
----------------- Done invoking toplevel() on ptolemy.moml.MoMLSimpleApplication@6ef57bd3
reloadAllAccessors: .PublisherNonStrictTest

===========================================================================================
----------------- testing Tue Sep 03 18:08:07 UTC 2019 /home/travis/build/icyphy/ptII/ptolemy/actor/lib/test/auto/PublisherPort1.xml
----------------- Instantiating /home/travis/build/icyphy/ptII/ptolemy/actor/lib/test/auto/PublisherPort1.xml
2 ms. Memory: 608256K Free: 254463K (42%)
----------------- Invoking toplevel() on ptolemy.moml.MoMLSimpleApplication@71a52d6e
----------------- Done invoking toplevel() on ptolemy.moml.MoMLSimpleApplication@71a52d6e
reloadAllAccessors: .PublisherPort1

===========================================================================================
----------------- testing Tue Sep 03 18:08:07 UTC 2019 /home/travis/build/icyphy/ptII/ptolemy/actor/lib/test/auto/PublisherPort2.xml
----------------- Instantiating /home/travis/build/icyphy/ptII/ptolemy/actor/lib/test/auto/PublisherPort2.xml
1 ms. Memory: 608256K Free: 249343K (41%)
----------------- Invoking toplevel() on ptolemy.moml.MoMLSimpleApplication@4c0c3f00
----------------- Done invoking toplevel() on ptolemy.moml.MoMLSimpleApplication@4c0c3f00
reloadAllAccessors: .PublisherPort2

===========================================================================================
----------------- testing Tue Sep 03 18:08:07 UTC 2019 /home/travis/build/icyphy/ptII/ptolemy/actor/lib/test/auto/PublisherPort3.xml
----------------- Instantiating /home/travis/build/icyphy/ptII/ptolemy/actor/lib/test/auto/PublisherPort3.xml
9 ms. Memory: 608256K Free: 242655K (40%)
----------------- Invoking toplevel() on ptolemy.moml.MoMLSimpleApplication@64a2dce5
----------------- Done invoking toplevel() on ptolemy.moml.MoMLSimpleApplication@64a2dce5
reloadAllAccessors: .PublisherPort3

===========================================================================================
----------------- testing Tue Sep 03 18:08:07 UTC 2019 /home/travis/build/icyphy/ptII/ptolemy/actor/lib/test/auto/PublisherPort4.xml
----------------- Instantiating /home/travis/build/icyphy/ptII/ptolemy/actor/lib/test/auto/PublisherPort4.xml
2 ms. Memory: 608256K Free: 237055K (39%)
----------------- Invoking toplevel() on ptolemy.moml.MoMLSimpleApplication@d2d5e10
----------------- Done invoking toplevel() on ptolemy.moml.MoMLSimpleApplication@d2d5e10
reloadAllAccessors: .PublisherPort4

===========================================================================================
----------------- testing Tue Sep 03 18:08:07 UTC 2019 /home/travis/build/icyphy/ptII/ptolemy/actor/lib/test/auto/PublisherPort5.xml
----------------- Instantiating /home/travis/build/icyphy/ptII/ptolemy/actor/lib/test/auto/PublisherPort5.xml
3 ms. Memory: 608256K Free: 228863K (38%)
----------------- Invoking toplevel() on ptolemy.moml.MoMLSimpleApplication@7f1cb4ee
----------------- Done invoking toplevel() on ptolemy.moml.MoMLSimpleApplication@7f1cb4ee
reloadAllAccessors: .PublisherPort5

===========================================================================================
----------------- testing Tue Sep 03 18:08:07 UTC 2019 /home/travis/build/icyphy/ptII/ptolemy/actor/lib/test/auto/PublisherPort5LookAlike.xml
----------------- Instantiating /home/travis/build/icyphy/ptII/ptolemy/actor/lib/test/auto/PublisherPort5LookAlike.xml
7 ms. Memory: 608256K Free: 221181K (36%)
----------------- Invoking toplevel() on ptolemy.moml.MoMLSimpleApplication@2c79058
----------------- Done invoking toplevel() on ptolemy.moml.MoMLSimpleApplication@2c79058
reloadAllAccessors: .PublisherPort5LookAlike

===========================================================================================
----------------- testing Tue Sep 03 18:08:07 UTC 2019 /home/travis/build/icyphy/ptII/ptolemy/actor/lib/test/auto/PublisherPort6.xml
----------------- Instantiating /home/travis/build/icyphy/ptII/ptolemy/actor/lib/test/auto/PublisherPort6.xml
2 ms. Memory: 608256K Free: 214527K (35%)
----------------- Invoking toplevel() on ptolemy.moml.MoMLSimpleApplication@4731f2ca
----------------- Done invoking toplevel() on ptolemy.moml.MoMLSimpleApplication@4731f2ca
reloadAllAccessors: .PublisherPort6

===========================================================================================
----------------- testing Tue Sep 03 18:08:07 UTC 2019 /home/travis/build/icyphy/ptII/ptolemy/actor/lib/test/auto/PublisherPort7.xml
----------------- Instantiating /home/travis/build/icyphy/ptII/ptolemy/actor/lib/test/auto/PublisherPort7.xml
3 ms. Memory: 608256K Free: 206845K (34%)
----------------- Invoking toplevel() on ptolemy.moml.MoMLSimpleApplication@f8282e5
----------------- Done invoking toplevel() on ptolemy.moml.MoMLSimpleApplication@f8282e5
reloadAllAccessors: .PublisherPort7

===========================================================================================
----------------- testing Tue Sep 03 18:08:07 UTC 2019 /home/travis/build/icyphy/ptII/ptolemy/actor/lib/test/auto/PublisherPort8.xml
----------------- Instantiating /home/travis/build/icyphy/ptII/ptolemy/actor/lib/test/auto/PublisherPort8.xml
4 ms. Memory: 608256K Free: 552447K (91%)
----------------- Invoking toplevel() on ptolemy.moml.MoMLSimpleApplication@4f1b88a
----------------- Done invoking toplevel() on ptolemy.moml.MoMLSimpleApplication@4f1b88a
reloadAllAccessors: .PublisherPort8

===========================================================================================
----------------- testing Tue Sep 03 18:08:07 UTC 2019 /home/travis/build/icyphy/ptII/ptolemy/actor/lib/test/auto/PublisherPortSubscriberChannelVariablesAOC2.xml
----------------- Instantiating /home/travis/build/icyphy/ptII/ptolemy/actor/lib/test/auto/PublisherPortSubscriberChannelVariablesAOC2.xml
3 ms. Memory: 608256K Free: 534015K (88%)
----------------- Invoking toplevel() on ptolemy.moml.MoMLSimpleApplication@a601d57
----------------- Done invoking toplevel() on ptolemy.moml.MoMLSimpleApplication@a601d57
reloadAllAccessors: .PublisherPortSubscriberChannelVariablesAOC2

===========================================================================================
----------------- testing Tue Sep 03 18:08:07 UTC 2019 /home/travis/build/icyphy/ptII/ptolemy/actor/lib/test/auto/PublisherPortSubscriberOpaqueWidthInference.xml
----------------- Instantiating /home/travis/build/icyphy/ptII/ptolemy/actor/lib/test/auto/PublisherPortSubscriberOpaqueWidthInference.xml
3 ms. Memory: 608256K Free: 525823K (86%)
----------------- Invoking toplevel() on ptolemy.moml.MoMLSimpleApplication@4e863a89
----------------- Done invoking toplevel() on ptolemy.moml.MoMLSimpleApplication@4e863a89
reloadAllAccessors: .PublisherPortSubscriberOpaqueWidthInference

===========================================================================================
----------------- testing Tue Sep 03 18:08:07 UTC 2019 /home/travis/build/icyphy/ptII/ptolemy/actor/lib/test/auto/PublisherPortSubscriberPortAdjacent.xml
----------------- Instantiating /home/travis/build/icyphy/ptII/ptolemy/actor/lib/test/auto/PublisherPortSubscriberPortAdjacent.xml
2 ms. Memory: 608256K Free: 517631K (85%)
----------------- Invoking toplevel() on ptolemy.moml.MoMLSimpleApplication@5876b3e7
----------------- Done invoking toplevel() on ptolemy.moml.MoMLSimpleApplication@5876b3e7
reloadAllAccessors: .PublisherPortSubscriberPortAdjacent

===========================================================================================
----------------- testing Tue Sep 03 18:08:07 UTC 2019 /home/travis/build/icyphy/ptII/ptolemy/actor/lib/test/auto/PublisherPortSubscriberPortExpression.xml
----------------- Instantiating /home/travis/build/icyphy/ptII/ptolemy/actor/lib/test/auto/PublisherPortSubscriberPortExpression.xml
3 ms. Memory: 608256K Free: 509943K (84%)
----------------- Invoking toplevel() on ptolemy.moml.MoMLSimpleApplication@2176288
----------------- Done invoking toplevel() on ptolemy.moml.MoMLSimpleApplication@2176288
reloadAllAccessors: .PublisherPortSubscriberPortExpression

===========================================================================================
----------------- testing Tue Sep 03 18:08:07 UTC 2019 /home/travis/build/icyphy/ptII/ptolemy/actor/lib/test/auto/PublisherPortSubscriberPortOpaqueD3Reverse.xml
----------------- Instantiating /home/travis/build/icyphy/ptII/ptolemy/actor/lib/test/auto/PublisherPortSubscriberPortOpaqueD3Reverse.xml
5 ms. Memory: 608256K Free: 499709K (82%)
----------------- Invoking toplevel() on ptolemy.moml.MoMLSimpleApplication@5bf69db3
----------------- Done invoking toplevel() on ptolemy.moml.MoMLSimpleApplication@5bf69db3
reloadAllAccessors: .PublisherPortSubscriberPortOpaqueD3Reverse

===========================================================================================
----------------- testing Tue Sep 03 18:08:07 UTC 2019 /home/travis/build/icyphy/ptII/ptolemy/actor/lib/test/auto/PublisherPortSubscriberPortOpaqueWidthInference.xml
----------------- Instantiating /home/travis/build/icyphy/ptII/ptolemy/actor/lib/test/auto/PublisherPortSubscriberPortOpaqueWidthInference.xml
7 ms. Memory: 608256K Free: 492031K (81%)
----------------- Invoking toplevel() on ptolemy.moml.MoMLSimpleApplication@484acc5f
----------------- Done invoking toplevel() on ptolemy.moml.MoMLSimpleApplication@484acc5f
reloadAllAccessors: .PublisherPortSubscriberPortOpaqueWidthInference

===========================================================================================
----------------- testing Tue Sep 03 18:08:07 UTC 2019 /home/travis/build/icyphy/ptII/ptolemy/actor/lib/test/auto/PublisherPortToplevelSubscriberPortAOC.xml
----------------- Instantiating /home/travis/build/icyphy/ptII/ptolemy/actor/lib/test/auto/PublisherPortToplevelSubscriberPortAOC.xml
.PublisherPortToplevelSubscriberPortAOC.TestExceptionAttribute: initialize() was not invoked, but wrapup() was.  This is unusual, but not always a problem.  For example, exporting JNLP will do this.
1 ms. Memory: 608256K Free: 485887K (80%)
----------------- Invoking toplevel() on ptolemy.moml.MoMLSimpleApplication@59dbbcdf
----------------- Done invoking toplevel() on ptolemy.moml.MoMLSimpleApplication@59dbbcdf
reloadAllAccessors: .PublisherPortToplevelSubscriberPortAOC

===========================================================================================
----------------- testing Tue Sep 03 18:08:07 UTC 2019 /home/travis/build/icyphy/ptII/ptolemy/actor/lib/test/auto/PublisherSubscriber.xml
----------------- Instantiating /home/travis/build/icyphy/ptII/ptolemy/actor/lib/test/auto/PublisherSubscriber.xml
3 ms. Memory: 608256K Free: 478719K (79%)
----------------- Invoking toplevel() on ptolemy.moml.MoMLSimpleApplication@1dea3702
----------------- Done invoking toplevel() on ptolemy.moml.MoMLSimpleApplication@1dea3702
reloadAllAccessors: .PublisherSubscriber

===========================================================================================
----------------- testing Tue Sep 03 18:08:07 UTC 2019 /home/travis/build/icyphy/ptII/ptolemy/actor/lib/test/auto/PublisherSubscriber10.xml
----------------- Instantiating /home/travis/build/icyphy/ptII/ptolemy/actor/lib/test/auto/PublisherSubscriber10.xml
6 ms. Memory: 608256K Free: 468989K (77%)
----------------- Invoking toplevel() on ptolemy.moml.MoMLSimpleApplication@68f94c03
----------------- Done invoking toplevel() on ptolemy.moml.MoMLSimpleApplication@68f94c03
reloadAllAccessors: .PublisherSubscriber10

===========================================================================================
----------------- testing Tue Sep 03 18:08:07 UTC 2019 /home/travis/build/icyphy/ptII/ptolemy/actor/lib/test/auto/PublisherSubscriber10InitialOutputs.xml
----------------- Instantiating /home/travis/build/icyphy/ptII/ptolemy/actor/lib/test/auto/PublisherSubscriber10InitialOutputs.xml
14 ms. Memory: 608256K Free: 459773K (76%)
----------------- Invoking toplevel() on ptolemy.moml.MoMLSimpleApplication@2f65d06b
----------------- Done invoking toplevel() on ptolemy.moml.MoMLSimpleApplication@2f65d06b
reloadAllAccessors: .PublisherSubscriber10InitialOutputs

===========================================================================================
----------------- testing Tue Sep 03 18:08:07 UTC 2019 /home/travis/build/icyphy/ptII/ptolemy/actor/lib/test/auto/PublisherSubscriber11.xml
----------------- Instantiating /home/travis/build/icyphy/ptII/ptolemy/actor/lib/test/auto/PublisherSubscriber11.xml
4 ms. Memory: 608256K Free: 453615K (75%)
----------------- Invoking toplevel() on ptolemy.moml.MoMLSimpleApplication@5c57ed62
----------------- Done invoking toplevel() on ptolemy.moml.MoMLSimpleApplication@5c57ed62
reloadAllAccessors: .PublisherSubscriber11

===========================================================================================
----------------- testing Tue Sep 03 18:08:07 UTC 2019 /home/travis/build/icyphy/ptII/ptolemy/actor/lib/test/auto/PublisherSubscriber12.xml
----------------- Instantiating /home/travis/build/icyphy/ptII/ptolemy/actor/lib/test/auto/PublisherSubscriber12.xml
5 ms. Memory: 608256K Free: 445951K (73%)
----------------- Invoking toplevel() on ptolemy.moml.MoMLSimpleApplication@162294e9
----------------- Done invoking toplevel() on ptolemy.moml.MoMLSimpleApplication@162294e9
reloadAllAccessors: .PublisherSubscriber12

===========================================================================================
----------------- testing Tue Sep 03 18:08:07 UTC 2019 /home/travis/build/icyphy/ptII/ptolemy/actor/lib/test/auto/PublisherSubscriber13.xml
----------------- Instantiating /home/travis/build/icyphy/ptII/ptolemy/actor/lib/test/auto/PublisherSubscriber13.xml
2 ms. Memory: 608256K Free: 440303K (72%)
----------------- Invoking toplevel() on ptolemy.moml.MoMLSimpleApplication@7d955fd5
----------------- Done invoking toplevel() on ptolemy.moml.MoMLSimpleApplication@7d955fd5
reloadAllAccessors: .PublisherSubscriber13

===========================================================================================
----------------- testing Tue Sep 03 18:08:07 UTC 2019 /home/travis/build/icyphy/ptII/ptolemy/actor/lib/test/auto/PublisherSubscriber14.xml
----------------- Instantiating /home/travis/build/icyphy/ptII/ptolemy/actor/lib/test/auto/PublisherSubscriber14.xml
4 ms. Memory: 608256K Free: 431615K (71%)
----------------- Invoking toplevel() on ptolemy.moml.MoMLSimpleApplication@6c9f1239
----------------- Done invoking toplevel() on ptolemy.moml.MoMLSimpleApplication@6c9f1239
reloadAllAccessors: .PublisherSubscriber14

===========================================================================================
----------------- testing Tue Sep 03 18:08:07 UTC 2019 /home/travis/build/icyphy/ptII/ptolemy/actor/lib/test/auto/PublisherSubscriber2.xml
----------------- Instantiating /home/travis/build/icyphy/ptII/ptolemy/actor/lib/test/auto/PublisherSubscriber2.xml
3 ms. Memory: 608256K Free: 425967K (70%)
----------------- Invoking toplevel() on ptolemy.moml.MoMLSimpleApplication@b352788
----------------- Done invoking toplevel() on ptolemy.moml.MoMLSimpleApplication@b352788
reloadAllAccessors: .PublisherSubscriber2

===========================================================================================
----------------- testing Tue Sep 03 18:08:07 UTC 2019 /home/travis/build/icyphy/ptII/ptolemy/actor/lib/test/auto/PublisherSubscriber3.xml
----------------- Instantiating /home/travis/build/icyphy/ptII/ptolemy/actor/lib/test/auto/PublisherSubscriber3.xml
2 ms. Memory: 608256K Free: 420351K (69%)
----------------- Invoking toplevel() on ptolemy.moml.MoMLSimpleApplication@1d8009d0
----------------- Done invoking toplevel() on ptolemy.moml.MoMLSimpleApplication@1d8009d0
reloadAllAccessors: .PublisherSubscriber3

===========================================================================================
----------------- testing Tue Sep 03 18:08:07 UTC 2019 /home/travis/build/icyphy/ptII/ptolemy/actor/lib/test/auto/PublisherSubscriber4.xml
----------------- Instantiating /home/travis/build/icyphy/ptII/ptolemy/actor/lib/test/auto/PublisherSubscriber4.xml
2 ms. Memory: 608256K Free: 414687K (68%)
----------------- Invoking toplevel() on ptolemy.moml.MoMLSimpleApplication@653c82ce
----------------- Done invoking toplevel() on ptolemy.moml.MoMLSimpleApplication@653c82ce
reloadAllAccessors: .PublisherSubscriber4

===========================================================================================
----------------- testing Tue Sep 03 18:08:07 UTC 2019 /home/travis/build/icyphy/ptII/ptolemy/actor/lib/test/auto/PublisherSubscriber5.xml
----------------- Instantiating /home/travis/build/icyphy/ptII/ptolemy/actor/lib/test/auto/PublisherSubscriber5.xml
2 ms. Memory: 608256K Free: 408063K (67%)
----------------- Invoking toplevel() on ptolemy.moml.MoMLSimpleApplication@39a28bf0
----------------- Done invoking toplevel() on ptolemy.moml.MoMLSimpleApplication@39a28bf0
reloadAllAccessors: .PublisherSubscriber5

===========================================================================================
----------------- testing Tue Sep 03 18:08:07 UTC 2019 /home/travis/build/icyphy/ptII/ptolemy/actor/lib/test/auto/PublisherSubscriber6.xml
----------------- Instantiating /home/travis/build/icyphy/ptII/ptolemy/actor/lib/test/auto/PublisherSubscriber6.xml
4 ms. Memory: 608256K Free: 401391K (66%)
----------------- Invoking toplevel() on ptolemy.moml.MoMLSimpleApplication@6fbb3f26
----------------- Done invoking toplevel() on ptolemy.moml.MoMLSimpleApplication@6fbb3f26
reloadAllAccessors: .PublisherSubscriber6

===========================================================================================
----------------- testing Tue Sep 03 18:08:07 UTC 2019 /home/travis/build/icyphy/ptII/ptolemy/actor/lib/test/auto/PublisherSubscriber7.xml
----------------- Instantiating /home/travis/build/icyphy/ptII/ptolemy/actor/lib/test/auto/PublisherSubscriber7.xml
7 ms. Memory: 608256K Free: 394751K (65%)
----------------- Invoking toplevel() on ptolemy.moml.MoMLSimpleApplication@2cd85a45
----------------- Done invoking toplevel() on ptolemy.moml.MoMLSimpleApplication@2cd85a45
reloadAllAccessors: .PublisherSubscriber7

===========================================================================================
----------------- testing Tue Sep 03 18:08:08 UTC 2019 /home/travis/build/icyphy/ptII/ptolemy/actor/lib/test/auto/PublisherSubscriber8.xml
----------------- Instantiating /home/travis/build/icyphy/ptII/ptolemy/actor/lib/test/auto/PublisherSubscriber8.xml
21 ms. Memory: 608256K Free: 383485K (63%)
----------------- Invoking toplevel() on ptolemy.moml.MoMLSimpleApplication@5ff47567
----------------- Done invoking toplevel() on ptolemy.moml.MoMLSimpleApplication@5ff47567
reloadAllAccessors: .PublisherSubscriber8

===========================================================================================
----------------- testing Tue Sep 03 18:08:08 UTC 2019 /home/travis/build/icyphy/ptII/ptolemy/actor/lib/test/auto/PublisherSubscriber9.xml
----------------- Instantiating /home/travis/build/icyphy/ptII/ptolemy/actor/lib/test/auto/PublisherSubscriber9.xml
3 ms. Memory: 608256K Free: 375805K (62%)
----------------- Invoking toplevel() on ptolemy.moml.MoMLSimpleApplication@51ac12a1
----------------- Done invoking toplevel() on ptolemy.moml.MoMLSimpleApplication@51ac12a1
reloadAllAccessors: .PublisherSubscriber9

===========================================================================================
----------------- testing Tue Sep 03 18:08:08 UTC 2019 /home/travis/build/icyphy/ptII/ptolemy/actor/lib/test/auto/PublisherSubscriberAdjacent.xml
----------------- Instantiating /home/travis/build/icyphy/ptII/ptolemy/actor/lib/test/auto/PublisherSubscriberAdjacent.xml
2 ms. Memory: 608256K Free: 367613K (60%)
----------------- Invoking toplevel() on ptolemy.moml.MoMLSimpleApplication@3ceedd8a
----------------- Done invoking toplevel() on ptolemy.moml.MoMLSimpleApplication@3ceedd8a
reloadAllAccessors: .PublisherSubscriberAdjacent

===========================================================================================
----------------- testing Tue Sep 03 18:08:08 UTC 2019 /home/travis/build/icyphy/ptII/ptolemy/actor/lib/test/auto/PublisherSubscriberChannelVariablesAOC2.xml
----------------- Instantiating /home/travis/build/icyphy/ptII/ptolemy/actor/lib/test/auto/PublisherSubscriberChannelVariablesAOC2.xml
3 ms. Memory: 608256K Free: 352239K (58%)
----------------- Invoking toplevel() on ptolemy.moml.MoMLSimpleApplication@6d4c133d
----------------- Done invoking toplevel() on ptolemy.moml.MoMLSimpleApplication@6d4c133d
reloadAllAccessors: .PublisherSubscriberChannelVariablesAOC2

===========================================================================================
----------------- testing Tue Sep 03 18:08:08 UTC 2019 /home/travis/build/icyphy/ptII/ptolemy/actor/lib/test/auto/PublisherSubscriberD3.xml
----------------- Instantiating /home/travis/build/icyphy/ptII/ptolemy/actor/lib/test/auto/PublisherSubscriberD3.xml
2 ms. Memory: 608256K Free: 345085K (57%)
----------------- Invoking toplevel() on ptolemy.moml.MoMLSimpleApplication@7633d4ad
----------------- Done invoking toplevel() on ptolemy.moml.MoMLSimpleApplication@7633d4ad
reloadAllAccessors: .PublisherSubscriberD3

===========================================================================================
----------------- testing Tue Sep 03 18:08:08 UTC 2019 /home/travis/build/icyphy/ptII/ptolemy/actor/lib/test/auto/PublisherSubscriberD3Reverse.xml
----------------- Instantiating /home/travis/build/icyphy/ptII/ptolemy/actor/lib/test/auto/PublisherSubscriberD3Reverse.xml
1 ms. Memory: 608256K Free: 338431K (56%)
----------------- Invoking toplevel() on ptolemy.moml.MoMLSimpleApplication@2c680795
----------------- Done invoking toplevel() on ptolemy.moml.MoMLSimpleApplication@2c680795
reloadAllAccessors: .PublisherSubscriberD3Reverse

===========================================================================================
----------------- testing Tue Sep 03 18:08:08 UTC 2019 /home/travis/build/icyphy/ptII/ptolemy/actor/lib/test/auto/PublisherSubscriberExpression.xml
----------------- Instantiating /home/travis/build/icyphy/ptII/ptolemy/actor/lib/test/auto/PublisherSubscriberExpression.xml
3 ms. Memory: 608256K Free: 329711K (54%)
----------------- Invoking toplevel() on ptolemy.moml.MoMLSimpleApplication@19a86bfc
----------------- Done invoking toplevel() on ptolemy.moml.MoMLSimpleApplication@19a86bfc
reloadAllAccessors: .PublisherSubscriberExpression

===========================================================================================
----------------- testing Tue Sep 03 18:08:08 UTC 2019 /home/travis/build/icyphy/ptII/ptolemy/actor/lib/test/auto/PublisherSubscriberOpaque.xml
----------------- Instantiating /home/travis/build/icyphy/ptII/ptolemy/actor/lib/test/auto/PublisherSubscriberOpaque.xml
3 ms. Memory: 608256K Free: 321533K (53%)
----------------- Invoking toplevel() on ptolemy.moml.MoMLSimpleApplication@258a3d7e
----------------- Done invoking toplevel() on ptolemy.moml.MoMLSimpleApplication@258a3d7e
reloadAllAccessors: .PublisherSubscriberOpaque

===========================================================================================
----------------- testing Tue Sep 03 18:08:08 UTC 2019 /home/travis/build/icyphy/ptII/ptolemy/actor/lib/test/auto/PublisherSubscriberOpaqueD3.xml
----------------- Instantiating /home/travis/build/icyphy/ptII/ptolemy/actor/lib/test/auto/PublisherSubscriberOpaqueD3.xml
5 ms. Memory: 608256K Free: 310269K (51%)
----------------- Invoking toplevel() on ptolemy.moml.MoMLSimpleApplication@6114157f
----------------- Done invoking toplevel() on ptolemy.moml.MoMLSimpleApplication@6114157f
reloadAllAccessors: .PublisherSubscriberOpaqueD3

===========================================================================================
----------------- testing Tue Sep 03 18:08:08 UTC 2019 /home/travis/build/icyphy/ptII/ptolemy/actor/lib/test/auto/PublisherSubscriberOpaqueD3Reverse.xml
----------------- Instantiating /home/travis/build/icyphy/ptII/ptolemy/actor/lib/test/auto/PublisherSubscriberOpaqueD3Reverse.xml
7 ms. Memory: 608256K Free: 299005K (49%)
----------------- Invoking toplevel() on ptolemy.moml.MoMLSimpleApplication@409de12f
----------------- Done invoking toplevel() on ptolemy.moml.MoMLSimpleApplication@409de12f
reloadAllAccessors: .PublisherSubscriberOpaqueD3Reverse

===========================================================================================
----------------- testing Tue Sep 03 18:08:08 UTC 2019 /home/travis/build/icyphy/ptII/ptolemy/actor/lib/test/auto/PublisherSubscriberOpaqueWidthInference.xml
----------------- Instantiating /home/travis/build/icyphy/ptII/ptolemy/actor/lib/test/auto/PublisherSubscriberOpaqueWidthInference.xml
3 ms. Memory: 608256K Free: 290799K (48%)
----------------- Invoking toplevel() on ptolemy.moml.MoMLSimpleApplication@3fb3225d
----------------- Done invoking toplevel() on ptolemy.moml.MoMLSimpleApplication@3fb3225d
reloadAllAccessors: .PublisherSubscriberOpaqueWidthInference

===========================================================================================
----------------- testing Tue Sep 03 18:08:08 UTC 2019 /home/travis/build/icyphy/ptII/ptolemy/actor/lib/test/auto/PublisherTestSubscriber.xml
----------------- Instantiating /home/travis/build/icyphy/ptII/ptolemy/actor/lib/test/auto/PublisherTestSubscriber.xml
2 ms. Memory: 608256K Free: 283135K (47%)
----------------- Invoking toplevel() on ptolemy.moml.MoMLSimpleApplication@557e8345
----------------- Done invoking toplevel() on ptolemy.moml.MoMLSimpleApplication@557e8345
reloadAllAccessors: .PublisherTestSubscriber

===========================================================================================
----------------- testing Tue Sep 03 18:08:08 UTC 2019 /home/travis/build/icyphy/ptII/ptolemy/actor/lib/test/auto/PublisherToplevelSubscriberPortAOC.xml
----------------- Instantiating /home/travis/build/icyphy/ptII/ptolemy/actor/lib/test/auto/PublisherToplevelSubscriberPortAOC.xml
1 ms. Memory: 608256K Free: 276991K (46%)
----------------- Invoking toplevel() on ptolemy.moml.MoMLSimpleApplication@2a8326bc
----------------- Done invoking toplevel() on ptolemy.moml.MoMLSimpleApplication@2a8326bc
reloadAllAccessors: .PublisherToplevelSubscriberPortAOC

===========================================================================================
----------------- testing Tue Sep 03 18:08:08 UTC 2019 /home/travis/build/icyphy/ptII/ptolemy/actor/lib/test/auto/PulseFiringLimitDE.xml
----------------- Instantiating /home/travis/build/icyphy/ptII/ptolemy/actor/lib/test/auto/PulseFiringLimitDE.xml
2 ms. Memory: 608256K Free: 269823K (44%)
----------------- Invoking toplevel() on ptolemy.moml.MoMLSimpleApplication@55b1318a
----------------- Done invoking toplevel() on ptolemy.moml.MoMLSimpleApplication@55b1318a
reloadAllAccessors: .PulseFiringLimitDE

===========================================================================================
----------------- testing Tue Sep 03 18:08:08 UTC 2019 /home/travis/build/icyphy/ptII/ptolemy/actor/lib/test/auto/Ramp1.xml
----------------- Instantiating /home/travis/build/icyphy/ptII/ptolemy/actor/lib/test/auto/Ramp1.xml
2 ms. Memory: 608256K Free: 265199K (44%)
----------------- Invoking toplevel() on ptolemy.moml.MoMLSimpleApplication@7181f4fe
----------------- Done invoking toplevel() on ptolemy.moml.MoMLSimpleApplication@7181f4fe
reloadAllAccessors: .Ramp1

===========================================================================================
----------------- testing Tue Sep 03 18:08:08 UTC 2019 /home/travis/build/icyphy/ptII/ptolemy/actor/lib/test/auto/RampFiringLimitDE.xml
----------------- Instantiating /home/travis/build/icyphy/ptII/ptolemy/actor/lib/test/auto/RampFiringLimitDE.xml
2 ms. Memory: 608256K Free: 259055K (43%)
----------------- Invoking toplevel() on ptolemy.moml.MoMLSimpleApplication@6033ddeb
----------------- Done invoking toplevel() on ptolemy.moml.MoMLSimpleApplication@6033ddeb
reloadAllAccessors: .RampFiringLimitDE

===========================================================================================
----------------- testing Tue Sep 03 18:08:08 UTC 2019 /home/travis/build/icyphy/ptII/ptolemy/actor/lib/test/auto/RampFiringLimitSDF.xml
----------------- Instantiating /home/travis/build/icyphy/ptII/ptolemy/actor/lib/test/auto/RampFiringLimitSDF.xml
2 ms. Memory: 608256K Free: 253935K (42%)
----------------- Invoking toplevel() on ptolemy.moml.MoMLSimpleApplication@1ad4517
----------------- Done invoking toplevel() on ptolemy.moml.MoMLSimpleApplication@1ad4517
reloadAllAccessors: .RampFiringLimitSDF

===========================================================================================
----------------- testing Tue Sep 03 18:08:08 UTC 2019 /home/travis/build/icyphy/ptII/ptolemy/actor/lib/test/auto/RandomInteger.xml
----------------- Instantiating /home/travis/build/icyphy/ptII/ptolemy/actor/lib/test/auto/RandomInteger.xml
1 ms. Memory: 608256K Free: 249343K (41%)
----------------- Invoking toplevel() on ptolemy.moml.MoMLSimpleApplication@3afa434f
----------------- Done invoking toplevel() on ptolemy.moml.MoMLSimpleApplication@3afa434f
reloadAllAccessors: .RandomInteger

===========================================================================================
----------------- testing Tue Sep 03 18:08:08 UTC 2019 /home/travis/build/icyphy/ptII/ptolemy/actor/lib/test/auto/ReadFile1.xml
----------------- Instantiating /home/travis/build/icyphy/ptII/ptolemy/actor/lib/test/auto/ReadFile1.xml
2 ms. Memory: 608256K Free: 244727K (40%)
----------------- Invoking toplevel() on ptolemy.moml.MoMLSimpleApplication@6b3d078c
----------------- Done invoking toplevel() on ptolemy.moml.MoMLSimpleApplication@6b3d078c
reloadAllAccessors: .ReadFile1

===========================================================================================
----------------- testing Tue Sep 03 18:08:08 UTC 2019 /home/travis/build/icyphy/ptII/ptolemy/actor/lib/test/auto/ReadFile2.xml
----------------- Instantiating /home/travis/build/icyphy/ptII/ptolemy/actor/lib/test/auto/ReadFile2.xml
0 ms. Memory: 608256K Free: 240637K (40%)
----------------- Invoking toplevel() on ptolemy.moml.MoMLSimpleApplication@2f2a66e2
----------------- Done invoking toplevel() on ptolemy.moml.MoMLSimpleApplication@2f2a66e2
reloadAllAccessors: .ReadFile2

===========================================================================================
----------------- testing Tue Sep 03 18:08:08 UTC 2019 /home/travis/build/icyphy/ptII/ptolemy/actor/lib/test/auto/Reader.xml
----------------- Instantiating /home/travis/build/icyphy/ptII/ptolemy/actor/lib/test/auto/Reader.xml
actor.lib.Reader is obsolete, use actor.lib.io.ExpressionReader instead
4 ms. Memory: 608256K Free: 236541K (39%)
----------------- Invoking toplevel() on ptolemy.moml.MoMLSimpleApplication@6e2a17f2
----------------- Done invoking toplevel() on ptolemy.moml.MoMLSimpleApplication@6e2a17f2
reloadAllAccessors: .Reader

===========================================================================================
----------------- testing Tue Sep 03 18:08:08 UTC 2019 /home/travis/build/icyphy/ptII/ptolemy/actor/lib/test/auto/RecordAssemblerDisplayNameTest.xml
----------------- Instantiating /home/travis/build/icyphy/ptII/ptolemy/actor/lib/test/auto/RecordAssemblerDisplayNameTest.xml
4079 ms. Memory: 608256K Free: 418813K (69%)
----------------- Invoking toplevel() on ptolemy.moml.MoMLSimpleApplication@5e4f7f3d
----------------- Done invoking toplevel() on ptolemy.moml.MoMLSimpleApplication@5e4f7f3d
reloadAllAccessors: .RecordAssemblerDisplayNameTest

===========================================================================================
----------------- testing Tue Sep 03 18:08:12 UTC 2019 /home/travis/build/icyphy/ptII/ptolemy/actor/lib/test/auto/RecordAssemblerTypeError.xml
----------------- Instantiating /home/travis/build/icyphy/ptII/ptolemy/actor/lib/test/auto/RecordAssemblerTypeError.xml
9 ms. Memory: 608256K Free: 409087K (67%)
----------------- Invoking toplevel() on ptolemy.moml.MoMLSimpleApplication@61f1d054
----------------- Done invoking toplevel() on ptolemy.moml.MoMLSimpleApplication@61f1d054
reloadAllAccessors: .RecordAssemblerTypeError

===========================================================================================
----------------- testing Tue Sep 03 18:08:12 UTC 2019 /home/travis/build/icyphy/ptII/ptolemy/actor/lib/test/auto/RecordDisassember.xml
----------------- Instantiating /home/travis/build/icyphy/ptII/ptolemy/actor/lib/test/auto/RecordDisassember.xml
3 ms. Memory: 608256K Free: 403967K (66%)
----------------- Invoking toplevel() on ptolemy.moml.MoMLSimpleApplication@7d056015
----------------- Done invoking toplevel() on ptolemy.moml.MoMLSimpleApplication@7d056015
reloadAllAccessors: .RecordDisassember

===========================================================================================
----------------- testing Tue Sep 03 18:08:12 UTC 2019 /home/travis/build/icyphy/ptII/ptolemy/actor/lib/test/auto/RecordDisassemberDisplayNameTest.xml
----------------- Instantiating /home/travis/build/icyphy/ptII/ptolemy/actor/lib/test/auto/RecordDisassemberDisplayNameTest.xml
4 ms. Memory: 608256K Free: 395261K (65%)
----------------- Invoking toplevel() on ptolemy.moml.MoMLSimpleApplication@5733305e
----------------- Done invoking toplevel() on ptolemy.moml.MoMLSimpleApplication@5733305e
reloadAllAccessors: .RecordDisassemberDisplayNameTest

===========================================================================================
----------------- testing Tue Sep 03 18:08:12 UTC 2019 /home/travis/build/icyphy/ptII/ptolemy/actor/lib/test/auto/RecordDisassembler.xml
----------------- Instantiating /home/travis/build/icyphy/ptII/ptolemy/actor/lib/test/auto/RecordDisassembler.xml
2 ms. Memory: 608256K Free: 390135K (64%)
----------------- Invoking toplevel() on ptolemy.moml.MoMLSimpleApplication@3f6e1c0d
----------------- Done invoking toplevel() on ptolemy.moml.MoMLSimpleApplication@3f6e1c0d
reloadAllAccessors: .RecordDisassembler

===========================================================================================
----------------- testing Tue Sep 03 18:08:12 UTC 2019 /home/travis/build/icyphy/ptII/ptolemy/actor/lib/test/auto/RecordDisassembler2.xml
----------------- Instantiating /home/travis/build/icyphy/ptII/ptolemy/actor/lib/test/auto/RecordDisassembler2.xml
3 ms. Memory: 608256K Free: 385007K (63%)
----------------- Invoking toplevel() on ptolemy.moml.MoMLSimpleApplication@728945fd
----------------- Done invoking toplevel() on ptolemy.moml.MoMLSimpleApplication@728945fd
reloadAllAccessors: .RecordDisassembler2

===========================================================================================
----------------- testing Tue Sep 03 18:08:12 UTC 2019 /home/travis/build/icyphy/ptII/ptolemy/actor/lib/test/auto/RecordUpdater.xml
----------------- Instantiating /home/travis/build/icyphy/ptII/ptolemy/actor/lib/test/auto/RecordUpdater.xml
1 ms. Memory: 608256K Free: 379901K (62%)
----------------- Invoking toplevel() on ptolemy.moml.MoMLSimpleApplication@ac08c30
----------------- Done invoking toplevel() on ptolemy.moml.MoMLSimpleApplication@ac08c30
reloadAllAccessors: .RecordUpdater

===========================================================================================
----------------- testing Tue Sep 03 18:08:12 UTC 2019 /home/travis/build/icyphy/ptII/ptolemy/actor/lib/test/auto/RecordUpdater2.xml
----------------- Instantiating /home/travis/build/icyphy/ptII/ptolemy/actor/lib/test/auto/RecordUpdater2.xml
2 ms. Memory: 608256K Free: 374781K (62%)
----------------- Invoking toplevel() on ptolemy.moml.MoMLSimpleApplication@32a70be4
----------------- Done invoking toplevel() on ptolemy.moml.MoMLSimpleApplication@32a70be4
reloadAllAccessors: .RecordUpdater2

===========================================================================================
----------------- testing Tue Sep 03 18:08:12 UTC 2019 /home/travis/build/icyphy/ptII/ptolemy/actor/lib/test/auto/RecursiveLattice.xml
----------------- Instantiating /home/travis/build/icyphy/ptII/ptolemy/actor/lib/test/auto/RecursiveLattice.xml
1 ms. Memory: 608256K Free: 370175K (61%)
----------------- Invoking toplevel() on ptolemy.moml.MoMLSimpleApplication@5d3c53a4
----------------- Done invoking toplevel() on ptolemy.moml.MoMLSimpleApplication@5d3c53a4
reloadAllAccessors: .RecursiveLattice

===========================================================================================
----------------- testing Tue Sep 03 18:08:12 UTC 2019 /home/travis/build/icyphy/ptII/ptolemy/actor/lib/test/auto/Router.xml
----------------- Instantiating /home/travis/build/icyphy/ptII/ptolemy/actor/lib/test/auto/Router.xml
3004 ms. Memory: 608256K Free: 359935K (59%)
----------------- Invoking toplevel() on ptolemy.moml.MoMLSimpleApplication@79c977ae
----------------- Done invoking toplevel() on ptolemy.moml.MoMLSimpleApplication@79c977ae
reloadAllAccessors: .Router

===========================================================================================
----------------- testing Tue Sep 03 18:08:15 UTC 2019 /home/travis/build/icyphy/ptII/ptolemy/actor/lib/test/auto/Router2.xml
----------------- Instantiating /home/travis/build/icyphy/ptII/ptolemy/actor/lib/test/auto/Router2.xml
3005 ms. Memory: 608256K Free: 349695K (57%)
----------------- Invoking toplevel() on ptolemy.moml.MoMLSimpleApplication@40e95f39
----------------- Done invoking toplevel() on ptolemy.moml.MoMLSimpleApplication@40e95f39
reloadAllAccessors: .Router2

===========================================================================================
----------------- testing Tue Sep 03 18:08:18 UTC 2019 /home/travis/build/icyphy/ptII/ptolemy/actor/lib/test/auto/RunningMaximum.xml
----------------- Instantiating /home/travis/build/icyphy/ptII/ptolemy/actor/lib/test/auto/RunningMaximum.xml
3 ms. Memory: 608256K Free: 345085K (57%)
----------------- Invoking toplevel() on ptolemy.moml.MoMLSimpleApplication@67f740b
----------------- Done invoking toplevel() on ptolemy.moml.MoMLSimpleApplication@67f740b
reloadAllAccessors: .RunningMaximum

===========================================================================================
----------------- testing Tue Sep 03 18:08:18 UTC 2019 /home/travis/build/icyphy/ptII/ptolemy/actor/lib/test/auto/RunningMinimum.xml
----------------- Instantiating /home/travis/build/icyphy/ptII/ptolemy/actor/lib/test/auto/RunningMinimum.xml
9 ms. Memory: 608256K Free: 340479K (56%)
----------------- Invoking toplevel() on ptolemy.moml.MoMLSimpleApplication@1fa67cd8
----------------- Done invoking toplevel() on ptolemy.moml.MoMLSimpleApplication@1fa67cd8
reloadAllAccessors: .RunningMinimum

===========================================================================================
----------------- testing Tue Sep 03 18:08:18 UTC 2019 /home/travis/build/icyphy/ptII/ptolemy/actor/lib/test/auto/Scale.xml
----------------- Instantiating /home/travis/build/icyphy/ptII/ptolemy/actor/lib/test/auto/Scale.xml
2 ms. Memory: 608256K Free: 335359K (55%)
----------------- Invoking toplevel() on ptolemy.moml.MoMLSimpleApplication@67eab713
----------------- Done invoking toplevel() on ptolemy.moml.MoMLSimpleApplication@67eab713
reloadAllAccessors: .Scale

===========================================================================================
----------------- testing Tue Sep 03 18:08:18 UTC 2019 /home/travis/build/icyphy/ptII/ptolemy/actor/lib/test/auto/Scale2.xml
----------------- Instantiating /home/travis/build/icyphy/ptII/ptolemy/actor/lib/test/auto/Scale2.xml
1 ms. Memory: 608256K Free: 330749K (54%)
----------------- Invoking toplevel() on ptolemy.moml.MoMLSimpleApplication@704c90df
----------------- Done invoking toplevel() on ptolemy.moml.MoMLSimpleApplication@704c90df
reloadAllAccessors: .Scale2

===========================================================================================
----------------- testing Tue Sep 03 18:08:18 UTC 2019 /home/travis/build/icyphy/ptII/ptolemy/actor/lib/test/auto/Scale3.xml
----------------- Instantiating /home/travis/build/icyphy/ptII/ptolemy/actor/lib/test/auto/Scale3.xml
3 ms. Memory: 608256K Free: 324095K (53%)
----------------- Invoking toplevel() on ptolemy.moml.MoMLSimpleApplication@412f71a0
----------------- Done invoking toplevel() on ptolemy.moml.MoMLSimpleApplication@412f71a0
reloadAllAccessors: .Scale3

===========================================================================================
----------------- testing Tue Sep 03 18:08:18 UTC 2019 /home/travis/build/icyphy/ptII/ptolemy/actor/lib/test/auto/ScaleArray.xml
----------------- Instantiating /home/travis/build/icyphy/ptII/ptolemy/actor/lib/test/auto/ScaleArray.xml
2 ms. Memory: 608256K Free: 319485K (53%)
----------------- Invoking toplevel() on ptolemy.moml.MoMLSimpleApplication@684b90cd
----------------- Done invoking toplevel() on ptolemy.moml.MoMLSimpleApplication@684b90cd
reloadAllAccessors: .ScaleArray

===========================================================================================
----------------- testing Tue Sep 03 18:08:18 UTC 2019 /home/travis/build/icyphy/ptII/ptolemy/actor/lib/test/auto/ScaleArray2.xml
----------------- Instantiating /home/travis/build/icyphy/ptII/ptolemy/actor/lib/test/auto/ScaleArray2.xml
2 ms. Memory: 608256K Free: 315359K (52%)
----------------- Invoking toplevel() on ptolemy.moml.MoMLSimpleApplication@2947209
----------------- Done invoking toplevel() on ptolemy.moml.MoMLSimpleApplication@2947209
reloadAllAccessors: .ScaleArray2

===========================================================================================
----------------- testing Tue Sep 03 18:08:18 UTC 2019 /home/travis/build/icyphy/ptII/ptolemy/actor/lib/test/auto/ScaleMatrix.xml
----------------- Instantiating /home/travis/build/icyphy/ptII/ptolemy/actor/lib/test/auto/ScaleMatrix.xml
177 ms. Memory: 608256K Free: 300543K (49%)
----------------- Invoking toplevel() on ptolemy.moml.MoMLSimpleApplication@4a649675
----------------- Done invoking toplevel() on ptolemy.moml.MoMLSimpleApplication@4a649675
reloadAllAccessors: .ScaleMatrix

===========================================================================================
----------------- testing Tue Sep 03 18:08:18 UTC 2019 /home/travis/build/icyphy/ptII/ptolemy/actor/lib/test/auto/Select.xml
----------------- Instantiating /home/travis/build/icyphy/ptII/ptolemy/actor/lib/test/auto/Select.xml
2 ms. Memory: 608256K Free: 294399K (48%)
----------------- Invoking toplevel() on ptolemy.moml.MoMLSimpleApplication@4e0d886b
----------------- Done invoking toplevel() on ptolemy.moml.MoMLSimpleApplication@4e0d886b
reloadAllAccessors: .Select

===========================================================================================
----------------- testing Tue Sep 03 18:08:19 UTC 2019 /home/travis/build/icyphy/ptII/ptolemy/actor/lib/test/auto/Select2.xml
----------------- Instantiating /home/travis/build/icyphy/ptII/ptolemy/actor/lib/test/auto/Select2.xml
1 ms. Memory: 608256K Free: 289789K (48%)
----------------- Invoking toplevel() on ptolemy.moml.MoMLSimpleApplication@6653d353
----------------- Done invoking toplevel() on ptolemy.moml.MoMLSimpleApplication@6653d353
reloadAllAccessors: .Select2

===========================================================================================
----------------- testing Tue Sep 03 18:08:19 UTC 2019 /home/travis/build/icyphy/ptII/ptolemy/actor/lib/test/auto/SequenceToArray2.xml
----------------- Instantiating /home/travis/build/icyphy/ptII/ptolemy/actor/lib/test/auto/SequenceToArray2.xml
80 ms. Memory: 608256K Free: 265727K (44%)
----------------- Invoking toplevel() on ptolemy.moml.MoMLSimpleApplication@7cd1434e
----------------- Done invoking toplevel() on ptolemy.moml.MoMLSimpleApplication@7cd1434e
reloadAllAccessors: .SequenceToArray2

===========================================================================================
----------------- testing Tue Sep 03 18:08:19 UTC 2019 /home/travis/build/icyphy/ptII/ptolemy/actor/lib/test/auto/SequentialClock.xml
----------------- Instantiating /home/travis/build/icyphy/ptII/ptolemy/actor/lib/test/auto/SequentialClock.xml
1 ms. Memory: 608256K Free: 261117K (43%)
----------------- Invoking toplevel() on ptolemy.moml.MoMLSimpleApplication@38a8d3cd
----------------- Done invoking toplevel() on ptolemy.moml.MoMLSimpleApplication@38a8d3cd
reloadAllAccessors: .SequentialClock

===========================================================================================
----------------- testing Tue Sep 03 18:08:19 UTC 2019 /home/travis/build/icyphy/ptII/ptolemy/actor/lib/test/auto/SetVariable.xml
----------------- Instantiating /home/travis/build/icyphy/ptII/ptolemy/actor/lib/test/auto/SetVariable.xml
2 ms. Memory: 608256K Free: 256511K (42%)
----------------- Invoking toplevel() on ptolemy.moml.MoMLSimpleApplication@7b031b11
----------------- Done invoking toplevel() on ptolemy.moml.MoMLSimpleApplication@7b031b11
reloadAllAccessors: .SetVariable

===========================================================================================
----------------- testing Tue Sep 03 18:08:19 UTC 2019 /home/travis/build/icyphy/ptII/ptolemy/actor/lib/test/auto/SetVariable2.xml
----------------- Instantiating /home/travis/build/icyphy/ptII/ptolemy/actor/lib/test/auto/SetVariable2.xml
3 ms. Memory: 608256K Free: 251391K (41%)
----------------- Invoking toplevel() on ptolemy.moml.MoMLSimpleApplication@18473b0b
----------------- Done invoking toplevel() on ptolemy.moml.MoMLSimpleApplication@18473b0b
reloadAllAccessors: .SetVariable2

===========================================================================================
----------------- testing Tue Sep 03 18:08:19 UTC 2019 /home/travis/build/icyphy/ptII/ptolemy/actor/lib/test/auto/SetVariable3.xml
----------------- Instantiating /home/travis/build/icyphy/ptII/ptolemy/actor/lib/test/auto/SetVariable3.xml
10 ms. Memory: 608256K Free: 246271K (40%)
----------------- Invoking toplevel() on ptolemy.moml.MoMLSimpleApplication@14d840
----------------- Done invoking toplevel() on ptolemy.moml.MoMLSimpleApplication@14d840
reloadAllAccessors: .SetVariable3

===========================================================================================
----------------- testing Tue Sep 03 18:08:19 UTC 2019 /home/travis/build/icyphy/ptII/ptolemy/actor/lib/test/auto/SetVariable4.xml
----------------- Instantiating /home/travis/build/icyphy/ptII/ptolemy/actor/lib/test/auto/SetVariable4.xml
22 ms. Memory: 608256K Free: 236031K (39%)
----------------- Invoking toplevel() on ptolemy.moml.MoMLSimpleApplication@25c2d131
----------------- Done invoking toplevel() on ptolemy.moml.MoMLSimpleApplication@25c2d131
reloadAllAccessors: .SetVariable4

===========================================================================================
----------------- testing Tue Sep 03 18:08:19 UTC 2019 /home/travis/build/icyphy/ptII/ptolemy/actor/lib/test/auto/SetVariable5.xml
----------------- Instantiating /home/travis/build/icyphy/ptII/ptolemy/actor/lib/test/auto/SetVariable5.xml
15 ms. Memory: 608256K Free: 226815K (37%)
----------------- Invoking toplevel() on ptolemy.moml.MoMLSimpleApplication@183a1cef
----------------- Done invoking toplevel() on ptolemy.moml.MoMLSimpleApplication@183a1cef
reloadAllAccessors: .SetVariable5

===========================================================================================
----------------- testing Tue Sep 03 18:08:19 UTC 2019 /home/travis/build/icyphy/ptII/ptolemy/actor/lib/test/auto/Sinewave.xml
----------------- Instantiating /home/travis/build/icyphy/ptII/ptolemy/actor/lib/test/auto/Sinewave.xml
4 ms. Memory: 608256K Free: 216061K (36%)
----------------- Invoking toplevel() on ptolemy.moml.MoMLSimpleApplication@1d1e145c
----------------- Done invoking toplevel() on ptolemy.moml.MoMLSimpleApplication@1d1e145c
reloadAllAccessors: .Sinewave

===========================================================================================
----------------- testing Tue Sep 03 18:08:19 UTC 2019 /home/travis/build/icyphy/ptII/ptolemy/actor/lib/test/auto/Sinewave2.xml
----------------- Instantiating /home/travis/build/icyphy/ptII/ptolemy/actor/lib/test/auto/Sinewave2.xml
4 ms. Memory: 608256K Free: 207869K (34%)
----------------- Invoking toplevel() on ptolemy.moml.MoMLSimpleApplication@4936bd6a
----------------- Done invoking toplevel() on ptolemy.moml.MoMLSimpleApplication@4936bd6a
reloadAllAccessors: .Sinewave2

===========================================================================================
----------------- testing Tue Sep 03 18:08:19 UTC 2019 /home/travis/build/icyphy/ptII/ptolemy/actor/lib/test/auto/Sinewave3.xml
----------------- Instantiating /home/travis/build/icyphy/ptII/ptolemy/actor/lib/test/auto/Sinewave3.xml
12 ms. Memory: 608256K Free: 552957K (91%)
----------------- Invoking toplevel() on ptolemy.moml.MoMLSimpleApplication@428ce794
----------------- Done invoking toplevel() on ptolemy.moml.MoMLSimpleApplication@428ce794
reloadAllAccessors: .Sinewave3

===========================================================================================
----------------- testing Tue Sep 03 18:08:19 UTC 2019 /home/travis/build/icyphy/ptII/ptolemy/actor/lib/test/auto/SingleEvent.xml
----------------- Instantiating /home/travis/build/icyphy/ptII/ptolemy/actor/lib/test/auto/SingleEvent.xml
1 ms. Memory: 608256K Free: 548349K (90%)
----------------- Invoking toplevel() on ptolemy.moml.MoMLSimpleApplication@626e049e
----------------- Done invoking toplevel() on ptolemy.moml.MoMLSimpleApplication@626e049e
reloadAllAccessors: .SingleEvent

===========================================================================================
----------------- testing Tue Sep 03 18:08:19 UTC 2019 /home/travis/build/icyphy/ptII/ptolemy/actor/lib/test/auto/Sleep.xml
----------------- Instantiating /home/travis/build/icyphy/ptII/ptolemy/actor/lib/test/auto/Sleep.xml
6003 ms. Memory: 608256K Free: 542205K (89%)
----------------- Invoking toplevel() on ptolemy.moml.MoMLSimpleApplication@3620fa9
----------------- Done invoking toplevel() on ptolemy.moml.MoMLSimpleApplication@3620fa9
reloadAllAccessors: .Sleep

===========================================================================================
----------------- testing Tue Sep 03 18:08:25 UTC 2019 /home/travis/build/icyphy/ptII/ptolemy/actor/lib/test/auto/SleepMultipleFire.xml
----------------- Instantiating /home/travis/build/icyphy/ptII/ptolemy/actor/lib/test/auto/SleepMultipleFire.xml
1005 ms. Memory: 608256K Free: 536575K (88%)
----------------- Invoking toplevel() on ptolemy.moml.MoMLSimpleApplication@5789af65
----------------- Done invoking toplevel() on ptolemy.moml.MoMLSimpleApplication@5789af65
reloadAllAccessors: .SleepMultipleFire

===========================================================================================
----------------- testing Tue Sep 03 18:08:26 UTC 2019 /home/travis/build/icyphy/ptII/ptolemy/actor/lib/test/auto/StopDE.xml
----------------- Instantiating /home/travis/build/icyphy/ptII/ptolemy/actor/lib/test/auto/StopDE.xml
3 ms. Memory: 608256K Free: 530431K (87%)
----------------- Invoking toplevel() on ptolemy.moml.MoMLSimpleApplication@5c8d5d86
----------------- Done invoking toplevel() on ptolemy.moml.MoMLSimpleApplication@5c8d5d86
reloadAllAccessors: .StopDE

===========================================================================================
----------------- testing Tue Sep 03 18:08:26 UTC 2019 /home/travis/build/icyphy/ptII/ptolemy/actor/lib/test/auto/StopSDF.xml
----------------- Instantiating /home/travis/build/icyphy/ptII/ptolemy/actor/lib/test/auto/StopSDF.xml
2 ms. Memory: 608256K Free: 525311K (86%)
----------------- Invoking toplevel() on ptolemy.moml.MoMLSimpleApplication@7a9c39a3
----------------- Done invoking toplevel() on ptolemy.moml.MoMLSimpleApplication@7a9c39a3
reloadAllAccessors: .StopSDF

===========================================================================================
----------------- testing Tue Sep 03 18:08:26 UTC 2019 /home/travis/build/icyphy/ptII/ptolemy/actor/lib/test/auto/StringConstant.xml
----------------- Instantiating /home/travis/build/icyphy/ptII/ptolemy/actor/lib/test/auto/StringConstant.xml
10 ms. Memory: 608256K Free: 521215K (86%)
----------------- Invoking toplevel() on ptolemy.moml.MoMLSimpleApplication@2b71db10
----------------- Done invoking toplevel() on ptolemy.moml.MoMLSimpleApplication@2b71db10
reloadAllAccessors: .StringConstant

===========================================================================================
----------------- testing Tue Sep 03 18:08:26 UTC 2019 /home/travis/build/icyphy/ptII/ptolemy/actor/lib/test/auto/SubscriberPortInitialValues1.xml
----------------- Instantiating /home/travis/build/icyphy/ptII/ptolemy/actor/lib/test/auto/SubscriberPortInitialValues1.xml
11 ms. Memory: 608256K Free: 512509K (84%)
----------------- Invoking toplevel() on ptolemy.moml.MoMLSimpleApplication@14c71f20
----------------- Done invoking toplevel() on ptolemy.moml.MoMLSimpleApplication@14c71f20
reloadAllAccessors: .SubscriberPortInitialValues1

===========================================================================================
----------------- testing Tue Sep 03 18:08:26 UTC 2019 /home/travis/build/icyphy/ptII/ptolemy/actor/lib/test/auto/SubscriberPortInitialValues13.xml
----------------- Instantiating /home/travis/build/icyphy/ptII/ptolemy/actor/lib/test/auto/SubscriberPortInitialValues13.xml
5 ms. Memory: 608256K Free: 499197K (82%)
----------------- Invoking toplevel() on ptolemy.moml.MoMLSimpleApplication@587a436f
----------------- Done invoking toplevel() on ptolemy.moml.MoMLSimpleApplication@587a436f
reloadAllAccessors: .SubscriberPortInitialValues13

===========================================================================================
----------------- testing Tue Sep 03 18:08:26 UTC 2019 /home/travis/build/icyphy/ptII/ptolemy/actor/lib/test/auto/SubscriberPortInitialValues14.xml
----------------- Instantiating /home/travis/build/icyphy/ptII/ptolemy/actor/lib/test/auto/SubscriberPortInitialValues14.xml
4 ms. Memory: 608256K Free: 491005K (81%)
----------------- Invoking toplevel() on ptolemy.moml.MoMLSimpleApplication@4b1a60a7
----------------- Done invoking toplevel() on ptolemy.moml.MoMLSimpleApplication@4b1a60a7
reloadAllAccessors: .SubscriberPortInitialValues14

===========================================================================================
----------------- testing Tue Sep 03 18:08:26 UTC 2019 /home/travis/build/icyphy/ptII/ptolemy/actor/lib/test/auto/SubscriberPortInitialValues2.xml
----------------- Instantiating /home/travis/build/icyphy/ptII/ptolemy/actor/lib/test/auto/SubscriberPortInitialValues2.xml
4 ms. Memory: 608256K Free: 483327K (79%)
----------------- Invoking toplevel() on ptolemy.moml.MoMLSimpleApplication@41e7fda4
----------------- Done invoking toplevel() on ptolemy.moml.MoMLSimpleApplication@41e7fda4
reloadAllAccessors: .SubscriberPortInitialValues2

===========================================================================================
----------------- testing Tue Sep 03 18:08:26 UTC 2019 /home/travis/build/icyphy/ptII/ptolemy/actor/lib/test/auto/SubscriberPortInitialValues3.xml
----------------- Instantiating /home/travis/build/icyphy/ptII/ptolemy/actor/lib/test/auto/SubscriberPortInitialValues3.xml
5 ms. Memory: 608256K Free: 472063K (78%)
----------------- Invoking toplevel() on ptolemy.moml.MoMLSimpleApplication@4a07ae35
----------------- Done invoking toplevel() on ptolemy.moml.MoMLSimpleApplication@4a07ae35
reloadAllAccessors: .SubscriberPortInitialValues3

===========================================================================================
----------------- testing Tue Sep 03 18:08:26 UTC 2019 /home/travis/build/icyphy/ptII/ptolemy/actor/lib/test/auto/SubscriptionAggregator.xml
----------------- Instantiating /home/travis/build/icyphy/ptII/ptolemy/actor/lib/test/auto/SubscriptionAggregator.xml
2 ms. Memory: 608256K Free: 464895K (76%)
----------------- Invoking toplevel() on ptolemy.moml.MoMLSimpleApplication@4306c1a0
----------------- Done invoking toplevel() on ptolemy.moml.MoMLSimpleApplication@4306c1a0
reloadAllAccessors: .SubscriptionAggregator

===========================================================================================
----------------- testing Tue Sep 03 18:08:26 UTC 2019 /home/travis/build/icyphy/ptII/ptolemy/actor/lib/test/auto/SubscriptionAggregator2.xml
----------------- Instantiating /home/travis/build/icyphy/ptII/ptolemy/actor/lib/test/auto/SubscriptionAggregator2.xml
2 ms. Memory: 608256K Free: 458231K (75%)
----------------- Invoking toplevel() on ptolemy.moml.MoMLSimpleApplication@3a80f8af
----------------- Done invoking toplevel() on ptolemy.moml.MoMLSimpleApplication@3a80f8af
reloadAllAccessors: .SubscriptionAggregator2

===========================================================================================
----------------- testing Tue Sep 03 18:08:26 UTC 2019 /home/travis/build/icyphy/ptII/ptolemy/actor/lib/test/auto/SubscriptionAggregator3.xml
----------------- Instantiating /home/travis/build/icyphy/ptII/ptolemy/actor/lib/test/auto/SubscriptionAggregator3.xml
4 ms. Memory: 608256K Free: 449007K (74%)
----------------- Invoking toplevel() on ptolemy.moml.MoMLSimpleApplication@2a0347c
----------------- Done invoking toplevel() on ptolemy.moml.MoMLSimpleApplication@2a0347c
reloadAllAccessors: .SubscriptionAggregator3

===========================================================================================
----------------- testing Tue Sep 03 18:08:26 UTC 2019 /home/travis/build/icyphy/ptII/ptolemy/actor/lib/test/auto/SubscriptionAggregatorMultiply.xml
----------------- Instantiating /home/travis/build/icyphy/ptII/ptolemy/actor/lib/test/auto/SubscriptionAggregatorMultiply.xml
3 ms. Memory: 608256K Free: 439799K (72%)
----------------- Invoking toplevel() on ptolemy.moml.MoMLSimpleApplication@50b33e4f
----------------- Done invoking toplevel() on ptolemy.moml.MoMLSimpleApplication@50b33e4f
reloadAllAccessors: .SubscriptionAggregatorMultiply

===========================================================================================
----------------- testing Tue Sep 03 18:08:26 UTC 2019 /home/travis/build/icyphy/ptII/ptolemy/actor/lib/test/auto/SubscriptionAggregatorPortMultiply1.xml
----------------- Instantiating /home/travis/build/icyphy/ptII/ptolemy/actor/lib/test/auto/SubscriptionAggregatorPortMultiply1.xml
4 ms. Memory: 608256K Free: 432127K (71%)
----------------- Invoking toplevel() on ptolemy.moml.MoMLSimpleApplication@15bc491c
----------------- Done invoking toplevel() on ptolemy.moml.MoMLSimpleApplication@15bc491c
reloadAllAccessors: .SubscriptionAggregatorPortMultiply1

===========================================================================================
----------------- testing Tue Sep 03 18:08:26 UTC 2019 /home/travis/build/icyphy/ptII/ptolemy/actor/lib/test/auto/Switch.xml
----------------- Instantiating /home/travis/build/icyphy/ptII/ptolemy/actor/lib/test/auto/Switch.xml
9 ms. Memory: 608256K Free: 423933K (70%)
----------------- Invoking toplevel() on ptolemy.moml.MoMLSimpleApplication@da74504
----------------- Done invoking toplevel() on ptolemy.moml.MoMLSimpleApplication@da74504
reloadAllAccessors: .Switch

===========================================================================================
----------------- testing Tue Sep 03 18:08:26 UTC 2019 /home/travis/build/icyphy/ptII/ptolemy/actor/lib/test/auto/Switch2.xml
----------------- Instantiating /home/travis/build/icyphy/ptII/ptolemy/actor/lib/test/auto/Switch2.xml
1 ms. Memory: 608256K Free: 419325K (69%)
----------------- Invoking toplevel() on ptolemy.moml.MoMLSimpleApplication@7fb45a3c
----------------- Done invoking toplevel() on ptolemy.moml.MoMLSimpleApplication@7fb45a3c
reloadAllAccessors: .Switch2

===========================================================================================
----------------- testing Tue Sep 03 18:08:26 UTC 2019 /home/travis/build/icyphy/ptII/ptolemy/actor/lib/test/auto/SwitchDE.xml
----------------- Instantiating /home/travis/build/icyphy/ptII/ptolemy/actor/lib/test/auto/SwitchDE.xml
3 ms. Memory: 608256K Free: 413167K (68%)
----------------- Invoking toplevel() on ptolemy.moml.MoMLSimpleApplication@2819c53f
----------------- Done invoking toplevel() on ptolemy.moml.MoMLSimpleApplication@2819c53f
reloadAllAccessors: .SwitchDE

===========================================================================================
----------------- testing Tue Sep 03 18:08:26 UTC 2019 /home/travis/build/icyphy/ptII/ptolemy/actor/lib/test/auto/SynchronizerDE.xml
----------------- Instantiating /home/travis/build/icyphy/ptII/ptolemy/actor/lib/test/auto/SynchronizerDE.xml
7 ms. Memory: 608256K Free: 404479K (66%)
----------------- Invoking toplevel() on ptolemy.moml.MoMLSimpleApplication@37415cc
----------------- Done invoking toplevel() on ptolemy.moml.MoMLSimpleApplication@37415cc
reloadAllAccessors: .SynchronizerDE

===========================================================================================
----------------- testing Tue Sep 03 18:08:26 UTC 2019 /home/travis/build/icyphy/ptII/ptolemy/actor/lib/test/auto/Test.xml
----------------- Instantiating /home/travis/build/icyphy/ptII/ptolemy/actor/lib/test/auto/Test.xml
2 ms. Memory: 608256K Free: 399359K (66%)
----------------- Invoking toplevel() on ptolemy.moml.MoMLSimpleApplication@309a86b5
----------------- Done invoking toplevel() on ptolemy.moml.MoMLSimpleApplication@309a86b5
reloadAllAccessors: .Test

===========================================================================================
----------------- testing Tue Sep 03 18:08:26 UTC 2019 /home/travis/build/icyphy/ptII/ptolemy/actor/lib/test/auto/TestExceptionAttribute1.xml
----------------- Instantiating /home/travis/build/icyphy/ptII/ptolemy/actor/lib/test/auto/TestExceptionAttribute1.xml
1 ms. Memory: 608256K Free: 395773K (65%)
----------------- Invoking toplevel() on ptolemy.moml.MoMLSimpleApplication@39a573d7
----------------- Done invoking toplevel() on ptolemy.moml.MoMLSimpleApplication@39a573d7
reloadAllAccessors: .TestExceptionAttribute1

===========================================================================================
----------------- testing Tue Sep 03 18:08:26 UTC 2019 /home/travis/build/icyphy/ptII/ptolemy/actor/lib/test/auto/TestExceptionAttribute2.xml
----------------- Instantiating /home/travis/build/icyphy/ptII/ptolemy/actor/lib/test/auto/TestExceptionAttribute2.xml
1 ms. Memory: 608256K Free: 391677K (64%)
----------------- Invoking toplevel() on ptolemy.moml.MoMLSimpleApplication@383af632
----------------- Done invoking toplevel() on ptolemy.moml.MoMLSimpleApplication@383af632
reloadAllAccessors: .TestExceptionAttribute2

===========================================================================================
----------------- testing Tue Sep 03 18:08:26 UTC 2019 /home/travis/build/icyphy/ptII/ptolemy/actor/lib/test/auto/TestExceptionAttribute3.xml
----------------- Instantiating /home/travis/build/icyphy/ptII/ptolemy/actor/lib/test/auto/TestExceptionAttribute3.xml
.TestExceptionAttribute3.TestExceptionAttribute: initialize() was not invoked, but wrapup() was.  This is unusual, but not always a problem.  For example, exporting JNLP will do this.
1 ms. Memory: 608256K Free: 388095K (64%)
----------------- Invoking toplevel() on ptolemy.moml.MoMLSimpleApplication@1e6386b2
----------------- Done invoking toplevel() on ptolemy.moml.MoMLSimpleApplication@1e6386b2
reloadAllAccessors: .TestExceptionAttribute3

===========================================================================================
----------------- testing Tue Sep 03 18:08:26 UTC 2019 /home/travis/build/icyphy/ptII/ptolemy/actor/lib/test/auto/TestExceptionAttribute4.xml
----------------- Instantiating /home/travis/build/icyphy/ptII/ptolemy/actor/lib/test/auto/TestExceptionAttribute4.xml
.TestExceptionAttribute4.TestExceptionAttribute: initialize() was not invoked, but wrapup() was.  This is unusual, but not always a problem.  For example, exporting JNLP will do this.
.TestExceptionAttribute4.TestExceptionAttribute2: initialize() was not invoked, but wrapup() was.  This is unusual, but not always a problem.  For example, exporting JNLP will do this.
1 ms. Memory: 608256K Free: 383999K (63%)
----------------- Invoking toplevel() on ptolemy.moml.MoMLSimpleApplication@8bb3711
----------------- Done invoking toplevel() on ptolemy.moml.MoMLSimpleApplication@8bb3711
reloadAllAccessors: .TestExceptionAttribute4

===========================================================================================
----------------- testing Tue Sep 03 18:08:26 UTC 2019 /home/travis/build/icyphy/ptII/ptolemy/actor/lib/test/auto/TestExceptionHandler1.xml
----------------- Instantiating /home/travis/build/icyphy/ptII/ptolemy/actor/lib/test/auto/TestExceptionHandler1.xml
1 ms. Memory: 608256K Free: 379903K (62%)
----------------- Invoking toplevel() on ptolemy.moml.MoMLSimpleApplication@6a2f16ef
----------------- Done invoking toplevel() on ptolemy.moml.MoMLSimpleApplication@6a2f16ef
reloadAllAccessors: .TestExceptionHandler1

===========================================================================================
----------------- testing Tue Sep 03 18:08:26 UTC 2019 /home/travis/build/icyphy/ptII/ptolemy/actor/lib/test/auto/TestExceptionHandler2.xml
----------------- Instantiating /home/travis/build/icyphy/ptII/ptolemy/actor/lib/test/auto/TestExceptionHandler2.xml
1 ms. Memory: 608256K Free: 376317K (62%)
----------------- Invoking toplevel() on ptolemy.moml.MoMLSimpleApplication@3b25c8cd
----------------- Done invoking toplevel() on ptolemy.moml.MoMLSimpleApplication@3b25c8cd
reloadAllAccessors: .TestExceptionHandler2

===========================================================================================
----------------- testing Tue Sep 03 18:08:26 UTC 2019 /home/travis/build/icyphy/ptII/ptolemy/actor/lib/test/auto/TestExceptionHandler3.xml
----------------- Instantiating /home/travis/build/icyphy/ptII/ptolemy/actor/lib/test/auto/TestExceptionHandler3.xml
0 ms. Memory: 608256K Free: 372735K (61%)
----------------- Invoking toplevel() on ptolemy.moml.MoMLSimpleApplication@69e38ef
----------------- Done invoking toplevel() on ptolemy.moml.MoMLSimpleApplication@69e38ef
reloadAllAccessors: .TestExceptionHandler3

===========================================================================================
----------------- testing Tue Sep 03 18:08:26 UTC 2019 /home/travis/build/icyphy/ptII/ptolemy/actor/lib/test/auto/TestExceptionHandler4.xml
----------------- Instantiating /home/travis/build/icyphy/ptII/ptolemy/actor/lib/test/auto/TestExceptionHandler4.xml
0 ms. Memory: 608256K Free: 368125K (61%)
----------------- Invoking toplevel() on ptolemy.moml.MoMLSimpleApplication@70df022
----------------- Done invoking toplevel() on ptolemy.moml.MoMLSimpleApplication@70df022
reloadAllAccessors: .TestExceptionHandler4

===========================================================================================
----------------- testing Tue Sep 03 18:08:26 UTC 2019 /home/travis/build/icyphy/ptII/ptolemy/actor/lib/test/auto/TestRequireCorrectOrder.xml
----------------- Instantiating /home/travis/build/icyphy/ptII/ptolemy/actor/lib/test/auto/TestRequireCorrectOrder.xml
10 ms. Memory: 608256K Free: 362975K (60%)
----------------- Invoking toplevel() on ptolemy.moml.MoMLSimpleApplication@1401cf01
----------------- Done invoking toplevel() on ptolemy.moml.MoMLSimpleApplication@1401cf01
reloadAllAccessors: .TestRequireCorrectOrder

===========================================================================================
----------------- testing Tue Sep 03 18:08:26 UTC 2019 /home/travis/build/icyphy/ptII/ptolemy/actor/lib/test/auto/TestSimple.xml
----------------- Instantiating /home/travis/build/icyphy/ptII/ptolemy/actor/lib/test/auto/TestSimple.xml
1 ms. Memory: 608256K Free: 358909K (59%)
----------------- Invoking toplevel() on ptolemy.moml.MoMLSimpleApplication@6ccb78e6
----------------- Done invoking toplevel() on ptolemy.moml.MoMLSimpleApplication@6ccb78e6
reloadAllAccessors: .TestSimple

===========================================================================================
----------------- testing Tue Sep 03 18:08:26 UTC 2019 /home/travis/build/icyphy/ptII/ptolemy/actor/lib/test/auto/ThrowModelError.xml
----------------- Instantiating /home/travis/build/icyphy/ptII/ptolemy/actor/lib/test/auto/ThrowModelError.xml
1 ms. Memory: 608256K Free: 353789K (58%)
----------------- Invoking toplevel() on ptolemy.moml.MoMLSimpleApplication@58f7531
----------------- Done invoking toplevel() on ptolemy.moml.MoMLSimpleApplication@58f7531
reloadAllAccessors: .ThrowModelError

===========================================================================================
----------------- testing Tue Sep 03 18:08:26 UTC 2019 /home/travis/build/icyphy/ptII/ptolemy/actor/lib/test/auto/TimeDelayMicrosteps.xml
----------------- Instantiating /home/travis/build/icyphy/ptII/ptolemy/actor/lib/test/auto/TimeDelayMicrosteps.xml
2 ms. Memory: 608256K Free: 347135K (57%)
----------------- Invoking toplevel() on ptolemy.moml.MoMLSimpleApplication@f0f067d
----------------- Done invoking toplevel() on ptolemy.moml.MoMLSimpleApplication@f0f067d
reloadAllAccessors: .TimeDelayMicrosteps

===========================================================================================
----------------- testing Tue Sep 03 18:08:26 UTC 2019 /home/travis/build/icyphy/ptII/ptolemy/actor/lib/test/auto/TimeDelayMicrosteps2.xml
----------------- Instantiating /home/travis/build/icyphy/ptII/ptolemy/actor/lib/test/auto/TimeDelayMicrosteps2.xml
5 ms. Memory: 608256K Free: 339439K (56%)
----------------- Invoking toplevel() on ptolemy.moml.MoMLSimpleApplication@5aa3d2fb
----------------- Done invoking toplevel() on ptolemy.moml.MoMLSimpleApplication@5aa3d2fb
reloadAllAccessors: .TimeDelayMicrosteps2

===========================================================================================
----------------- testing Tue Sep 03 18:08:26 UTC 2019 /home/travis/build/icyphy/ptII/ptolemy/actor/lib/test/auto/TimeDelayMicrosteps3.xml
----------------- Instantiating /home/travis/build/icyphy/ptII/ptolemy/actor/lib/test/auto/TimeDelayMicrosteps3.xml
2 ms. Memory: 608256K Free: 332799K (55%)
----------------- Invoking toplevel() on ptolemy.moml.MoMLSimpleApplication@7cff5efb
----------------- Done invoking toplevel() on ptolemy.moml.MoMLSimpleApplication@7cff5efb
reloadAllAccessors: .TimeDelayMicrosteps3

===========================================================================================
----------------- testing Tue Sep 03 18:08:27 UTC 2019 /home/travis/build/icyphy/ptII/ptolemy/actor/lib/test/auto/TimeDelayVariableMicrosteps.xml
----------------- Instantiating /home/travis/build/icyphy/ptII/ptolemy/actor/lib/test/auto/TimeDelayVariableMicrosteps.xml
3 ms. Memory: 608256K Free: 326655K (54%)
----------------- Invoking toplevel() on ptolemy.moml.MoMLSimpleApplication@5c3a5984
----------------- Done invoking toplevel() on ptolemy.moml.MoMLSimpleApplication@5c3a5984
reloadAllAccessors: .TimeDelayVariableMicrosteps

===========================================================================================
----------------- testing Tue Sep 03 18:08:27 UTC 2019 /home/travis/build/icyphy/ptII/ptolemy/actor/lib/test/auto/TimeGap.xml
----------------- Instantiating /home/travis/build/icyphy/ptII/ptolemy/actor/lib/test/auto/TimeGap.xml
2 ms. Memory: 608256K Free: 320511K (53%)
----------------- Invoking toplevel() on ptolemy.moml.MoMLSimpleApplication@4117bcd2
----------------- Done invoking toplevel() on ptolemy.moml.MoMLSimpleApplication@4117bcd2
reloadAllAccessors: .TimeGap

===========================================================================================
----------------- testing Tue Sep 03 18:08:27 UTC 2019 /home/travis/build/icyphy/ptII/ptolemy/actor/lib/test/auto/TimeGap2.xml
----------------- Instantiating /home/travis/build/icyphy/ptII/ptolemy/actor/lib/test/auto/TimeGap2.xml
2 ms. Memory: 608256K Free: 314367K (52%)
----------------- Invoking toplevel() on ptolemy.moml.MoMLSimpleApplication@7d714cf0
----------------- Done invoking toplevel() on ptolemy.moml.MoMLSimpleApplication@7d714cf0
reloadAllAccessors: .TimeGap2

===========================================================================================
----------------- testing Tue Sep 03 18:08:27 UTC 2019 /home/travis/build/icyphy/ptII/ptolemy/actor/lib/test/auto/TimedSinewave.xml
----------------- Instantiating /home/travis/build/icyphy/ptII/ptolemy/actor/lib/test/auto/TimedSinewave.xml
22 ms. Memory: 608256K Free: 300031K (49%)
----------------- Invoking toplevel() on ptolemy.moml.MoMLSimpleApplication@27e8f684
----------------- Done invoking toplevel() on ptolemy.moml.MoMLSimpleApplication@27e8f684
reloadAllAccessors: .TimedSinewave

===========================================================================================
----------------- testing Tue Sep 03 18:08:27 UTC 2019 /home/travis/build/icyphy/ptII/ptolemy/actor/lib/test/auto/TimedSinewavePhase.xml
----------------- Instantiating /home/travis/build/icyphy/ptII/ptolemy/actor/lib/test/auto/TimedSinewavePhase.xml
10 ms. Memory: 608256K Free: 289791K (48%)
----------------- Invoking toplevel() on ptolemy.moml.MoMLSimpleApplication@1dfcf9e
----------------- Done invoking toplevel() on ptolemy.moml.MoMLSimpleApplication@1dfcf9e
reloadAllAccessors: .TimedSinewavePhase

===========================================================================================
----------------- testing Tue Sep 03 18:08:27 UTC 2019 /home/travis/build/icyphy/ptII/ptolemy/actor/lib/test/auto/Timer.xml
----------------- Instantiating /home/travis/build/icyphy/ptII/ptolemy/actor/lib/test/auto/Timer.xml
2 ms. Memory: 608256K Free: 284157K (47%)
----------------- Invoking toplevel() on ptolemy.moml.MoMLSimpleApplication@9501821
----------------- Done invoking toplevel() on ptolemy.moml.MoMLSimpleApplication@9501821
reloadAllAccessors: .Timer

===========================================================================================
----------------- testing Tue Sep 03 18:08:27 UTC 2019 /home/travis/build/icyphy/ptII/ptolemy/actor/lib/test/auto/TriangularDistTestModel.xml
----------------- Instantiating /home/travis/build/icyphy/ptII/ptolemy/actor/lib/test/auto/TriangularDistTestModel.xml
2 ms. Memory: 608256K Free: 277983K (46%)
----------------- Invoking toplevel() on ptolemy.moml.MoMLSimpleApplication@7a60981a
----------------- Done invoking toplevel() on ptolemy.moml.MoMLSimpleApplication@7a60981a
reloadAllAccessors: .TriangularDistTestModel

===========================================================================================
----------------- testing Tue Sep 03 18:08:27 UTC 2019 /home/travis/build/icyphy/ptII/ptolemy/actor/lib/test/auto/TrigFunction.xml
----------------- Instantiating /home/travis/build/icyphy/ptII/ptolemy/actor/lib/test/auto/TrigFunction.xml
1 ms. Memory: 608256K Free: 273407K (45%)
----------------- Invoking toplevel() on ptolemy.moml.MoMLSimpleApplication@ef09865
----------------- Done invoking toplevel() on ptolemy.moml.MoMLSimpleApplication@ef09865
reloadAllAccessors: .TrigFunction

===========================================================================================
----------------- testing Tue Sep 03 18:08:27 UTC 2019 /home/travis/build/icyphy/ptII/ptolemy/actor/lib/test/auto/TrigFunctionDE.xml
----------------- Instantiating /home/travis/build/icyphy/ptII/ptolemy/actor/lib/test/auto/TrigFunctionDE.xml
1 ms. Memory: 608256K Free: 267773K (44%)
----------------- Invoking toplevel() on ptolemy.moml.MoMLSimpleApplication@21b769f4
----------------- Done invoking toplevel() on ptolemy.moml.MoMLSimpleApplication@21b769f4
reloadAllAccessors: .TrigFunctionDE

===========================================================================================
----------------- testing Tue Sep 03 18:08:27 UTC 2019 /home/travis/build/icyphy/ptII/ptolemy/actor/lib/test/auto/TrigFunctionInverse.xml
----------------- Instantiating /home/travis/build/icyphy/ptII/ptolemy/actor/lib/test/auto/TrigFunctionInverse.xml
1 ms. Memory: 608256K Free: 262143K (43%)
----------------- Invoking toplevel() on ptolemy.moml.MoMLSimpleApplication@4190aaaa
----------------- Done invoking toplevel() on ptolemy.moml.MoMLSimpleApplication@4190aaaa
reloadAllAccessors: .TrigFunctionInverse

===========================================================================================
----------------- testing Tue Sep 03 18:08:27 UTC 2019 /home/travis/build/icyphy/ptII/ptolemy/actor/lib/test/auto/TrigFunctionTan.xml
----------------- Instantiating /home/travis/build/icyphy/ptII/ptolemy/actor/lib/test/auto/TrigFunctionTan.xml
1 ms. Memory: 608256K Free: 257533K (42%)
----------------- Invoking toplevel() on ptolemy.moml.MoMLSimpleApplication@2a65dd73
----------------- Done invoking toplevel() on ptolemy.moml.MoMLSimpleApplication@2a65dd73
reloadAllAccessors: .TrigFunctionTan

===========================================================================================
----------------- testing Tue Sep 03 18:08:27 UTC 2019 /home/travis/build/icyphy/ptII/ptolemy/actor/lib/test/auto/TriggeredClock.xml
----------------- Instantiating /home/travis/build/icyphy/ptII/ptolemy/actor/lib/test/auto/TriggeredClock.xml
2 ms. Memory: 608256K Free: 251903K (41%)
----------------- Invoking toplevel() on ptolemy.moml.MoMLSimpleApplication@57d787a0
----------------- Done invoking toplevel() on ptolemy.moml.MoMLSimpleApplication@57d787a0
reloadAllAccessors: .TriggeredClock

===========================================================================================
----------------- testing Tue Sep 03 18:08:27 UTC 2019 /home/travis/build/icyphy/ptII/ptolemy/actor/lib/test/auto/URLDirectoryReader.xml
----------------- Instantiating /home/travis/build/icyphy/ptII/ptolemy/actor/lib/test/auto/URLDirectoryReader.xml
40 ms. Memory: 608256K Free: 242687K (40%)
----------------- Invoking toplevel() on ptolemy.moml.MoMLSimpleApplication@29e6e161
----------------- Done invoking toplevel() on ptolemy.moml.MoMLSimpleApplication@29e6e161
reloadAllAccessors: .URLDirectoryReader

===========================================================================================
----------------- testing Tue Sep 03 18:08:27 UTC 2019 /home/travis/build/icyphy/ptII/ptolemy/actor/lib/test/auto/URLDirectoryReader3.xml
----------------- Instantiating /home/travis/build/icyphy/ptII/ptolemy/actor/lib/test/auto/URLDirectoryReader3.xml
1102 ms. Memory: 608256K Free: 550038K (90%)
----------------- Invoking toplevel() on ptolemy.moml.MoMLSimpleApplication@1bdc10d5
----------------- Done invoking toplevel() on ptolemy.moml.MoMLSimpleApplication@1bdc10d5
reloadAllAccessors: .URLDirectoryReader3

===========================================================================================
----------------- testing Tue Sep 03 18:08:28 UTC 2019 /home/travis/build/icyphy/ptII/ptolemy/actor/lib/test/auto/UnaryMathFunction.xml
----------------- Instantiating /home/travis/build/icyphy/ptII/ptolemy/actor/lib/test/auto/UnaryMathFunction.xml
5 ms. Memory: 608256K Free: 542207K (89%)
----------------- Invoking toplevel() on ptolemy.moml.MoMLSimpleApplication@3383ba86
----------------- Done invoking toplevel() on ptolemy.moml.MoMLSimpleApplication@3383ba86
reloadAllAccessors: .UnaryMathFunction

===========================================================================================
----------------- testing Tue Sep 03 18:08:28 UTC 2019 /home/travis/build/icyphy/ptII/ptolemy/actor/lib/test/auto/Uniform.xml
----------------- Instantiating /home/travis/build/icyphy/ptII/ptolemy/actor/lib/test/auto/Uniform.xml
2 ms. Memory: 608256K Free: 537087K (88%)
----------------- Invoking toplevel() on ptolemy.moml.MoMLSimpleApplication@235891ca
----------------- Done invoking toplevel() on ptolemy.moml.MoMLSimpleApplication@235891ca
reloadAllAccessors: .Uniform

===========================================================================================
----------------- testing Tue Sep 03 18:08:28 UTC 2019 /home/travis/build/icyphy/ptII/ptolemy/actor/lib/test/auto/UnionDisassemblerTest.xml
----------------- Instantiating /home/travis/build/icyphy/ptII/ptolemy/actor/lib/test/auto/UnionDisassemblerTest.xml
8 ms. Memory: 608256K Free: 533487K (88%)
----------------- Invoking toplevel() on ptolemy.moml.MoMLSimpleApplication@483e9467
----------------- Done invoking toplevel() on ptolemy.moml.MoMLSimpleApplication@483e9467
reloadAllAccessors: .UnionDisassemblerTest

===========================================================================================
----------------- testing Tue Sep 03 18:08:28 UTC 2019 /home/travis/build/icyphy/ptII/ptolemy/actor/lib/test/auto/UtilityFunctions.xml
----------------- Instantiating /home/travis/build/icyphy/ptII/ptolemy/actor/lib/test/auto/UtilityFunctions.xml
2 ms. Memory: 608256K Free: 529405K (87%)
----------------- Invoking toplevel() on ptolemy.moml.MoMLSimpleApplication@33b1bd2f
----------------- Done invoking toplevel() on ptolemy.moml.MoMLSimpleApplication@33b1bd2f
reloadAllAccessors: .UtilityFunctions

===========================================================================================
----------------- testing Tue Sep 03 18:08:28 UTC 2019 /home/travis/build/icyphy/ptII/ptolemy/actor/lib/test/auto/VariableSleep.xml
----------------- Instantiating /home/travis/build/icyphy/ptII/ptolemy/actor/lib/test/auto/VariableSleep.xml
503 ms. Memory: 608256K Free: 523775K (86%)
----------------- Invoking toplevel() on ptolemy.moml.MoMLSimpleApplication@1519f6ec
----------------- Done invoking toplevel() on ptolemy.moml.MoMLSimpleApplication@1519f6ec
reloadAllAccessors: .VariableSleep

===========================================================================================
----------------- testing Tue Sep 03 18:08:29 UTC 2019 /home/travis/build/icyphy/ptII/ptolemy/actor/lib/test/auto/VectorAssemblerDisassemblerCT.xml
----------------- Instantiating /home/travis/build/icyphy/ptII/ptolemy/actor/lib/test/auto/VectorAssemblerDisassemblerCT.xml
86 ms. Memory: 608256K Free: 502781K (83%)
----------------- Invoking toplevel() on ptolemy.moml.MoMLSimpleApplication@37d1197e
----------------- Done invoking toplevel() on ptolemy.moml.MoMLSimpleApplication@37d1197e
reloadAllAccessors: .VectorAssemblerDisassemblerCT

===========================================================================================
----------------- testing Tue Sep 03 18:08:29 UTC 2019 /home/travis/build/icyphy/ptII/ptolemy/actor/lib/test/auto/VectorAssemblerDisassemblerDE.xml
----------------- Instantiating /home/travis/build/icyphy/ptII/ptolemy/actor/lib/test/auto/VectorAssemblerDisassemblerDE.xml
2 ms. Memory: 608256K Free: 495103K (81%)
----------------- Invoking toplevel() on ptolemy.moml.MoMLSimpleApplication@2df835f
----------------- Done invoking toplevel() on ptolemy.moml.MoMLSimpleApplication@2df835f
reloadAllAccessors: .VectorAssemblerDisassemblerDE

===========================================================================================
----------------- testing Tue Sep 03 18:08:29 UTC 2019 /home/travis/build/icyphy/ptII/ptolemy/actor/lib/test/auto/VectorAssemblerDisassemblerSDF.xml
----------------- Instantiating /home/travis/build/icyphy/ptII/ptolemy/actor/lib/test/auto/VectorAssemblerDisassemblerSDF.xml
3 ms. Memory: 608256K Free: 488431K (80%)
----------------- Invoking toplevel() on ptolemy.moml.MoMLSimpleApplication@2e80f571
----------------- Done invoking toplevel() on ptolemy.moml.MoMLSimpleApplication@2e80f571
reloadAllAccessors: .VectorAssemblerDisassemblerSDF

===========================================================================================
----------------- testing Tue Sep 03 18:08:29 UTC 2019 /home/travis/build/icyphy/ptII/ptolemy/actor/lib/test/auto/WallClockTime.xml
----------------- Instantiating /home/travis/build/icyphy/ptII/ptolemy/actor/lib/test/auto/WallClockTime.xml
1005 ms. Memory: 608256K Free: 483325K (79%)
----------------- Invoking toplevel() on ptolemy.moml.MoMLSimpleApplication@570fd29e
----------------- Done invoking toplevel() on ptolemy.moml.MoMLSimpleApplication@570fd29e
reloadAllAccessors: .WallClockTime

===========================================================================================
----------------- testing Tue Sep 03 18:08:30 UTC 2019 /home/travis/build/icyphy/ptII/ptolemy/actor/lib/test/auto/WidthTestWithSubscriberPublisher.xml
----------------- Instantiating /home/travis/build/icyphy/ptII/ptolemy/actor/lib/test/auto/WidthTestWithSubscriberPublisher.xml
7 ms. Memory: 608256K Free: 464893K (76%)
----------------- Invoking toplevel() on ptolemy.moml.MoMLSimpleApplication@4bda28e1
----------------- Done invoking toplevel() on ptolemy.moml.MoMLSimpleApplication@4bda28e1
reloadAllAccessors: .WidthTestWithSubscriberPublisher

===========================================================================================
----------------- testing Tue Sep 03 18:08:30 UTC 2019 /home/travis/build/icyphy/ptII/ptolemy/actor/lib/test/auto/WidthTestWithSubscriberPublisher2.xml
----------------- Instantiating /home/travis/build/icyphy/ptII/ptolemy/actor/lib/test/auto/WidthTestWithSubscriberPublisher2.xml
2 ms. Memory: 608256K Free: 458749K (75%)
----------------- Invoking toplevel() on ptolemy.moml.MoMLSimpleApplication@35a3bfe3
----------------- Done invoking toplevel() on ptolemy.moml.MoMLSimpleApplication@35a3bfe3
reloadAllAccessors: .WidthTestWithSubscriberPublisher2

===========================================================================================
----------------- testing Tue Sep 03 18:08:30 UTC 2019 /home/travis/build/icyphy/ptII/ptolemy/actor/lib/test/auto/WidthTestWithSubscriberPublisher3.xml
----------------- Instantiating /home/travis/build/icyphy/ptII/ptolemy/actor/lib/test/auto/WidthTestWithSubscriberPublisher3.xml
1 ms. Memory: 608256K Free: 453119K (74%)
----------------- Invoking toplevel() on ptolemy.moml.MoMLSimpleApplication@385ee4dc
----------------- Done invoking toplevel() on ptolemy.moml.MoMLSimpleApplication@385ee4dc
reloadAllAccessors: .WidthTestWithSubscriberPublisher3

===========================================================================================
----------------- testing Tue Sep 03 18:08:30 UTC 2019 /home/travis/build/icyphy/ptII/ptolemy/actor/lib/test/auto/Writer.xml
----------------- Instantiating /home/travis/build/icyphy/ptII/ptolemy/actor/lib/test/auto/Writer.xml
0
1
2
3
4
1 ms. Memory: 608256K Free: 448495K (74%)
----------------- Invoking toplevel() on ptolemy.moml.MoMLSimpleApplication@70ca851
----------------- Done invoking toplevel() on ptolemy.moml.MoMLSimpleApplication@70ca851
reloadAllAccessors: .Writer

===========================================================================================
----------------- testing Tue Sep 03 18:08:30 UTC 2019 /home/travis/build/icyphy/ptII/ptolemy/actor/lib/test/auto/array.xml
----------------- Instantiating /home/travis/build/icyphy/ptII/ptolemy/actor/lib/test/auto/array.xml
2 ms. Memory: 608256K Free: 443903K (73%)
----------------- Invoking toplevel() on ptolemy.moml.MoMLSimpleApplication@250de93c
----------------- Done invoking toplevel() on ptolemy.moml.MoMLSimpleApplication@250de93c
reloadAllAccessors: .array

===========================================================================================
----------------- testing Tue Sep 03 18:08:30 UTC 2019 /home/travis/build/icyphy/ptII/ptolemy/actor/lib/test/auto/array2.xml
----------------- Instantiating /home/travis/build/icyphy/ptII/ptolemy/actor/lib/test/auto/array2.xml
2 ms. Memory: 608256K Free: 438783K (72%)
----------------- Invoking toplevel() on ptolemy.moml.MoMLSimpleApplication@8545552
----------------- Done invoking toplevel() on ptolemy.moml.MoMLSimpleApplication@8545552
reloadAllAccessors: .array2

===========================================================================================
----------------- testing Tue Sep 03 18:08:30 UTC 2019 /home/travis/build/icyphy/ptII/ptolemy/actor/lib/test/auto/arrayType.xml
----------------- Instantiating /home/travis/build/icyphy/ptII/ptolemy/actor/lib/test/auto/arrayType.xml
4 ms. Memory: 608256K Free: 433663K (71%)
----------------- Invoking toplevel() on ptolemy.moml.MoMLSimpleApplication@66acf424
----------------- Done invoking toplevel() on ptolemy.moml.MoMLSimpleApplication@66acf424
reloadAllAccessors: .arrayType

===========================================================================================
----------------- testing Tue Sep 03 18:08:30 UTC 2019 /home/travis/build/icyphy/ptII/ptolemy/actor/lib/test/auto/arrayType10.xml
----------------- Instantiating /home/travis/build/icyphy/ptII/ptolemy/actor/lib/test/auto/arrayType10.xml
1 ms. Memory: 608256K Free: 429053K (71%)
----------------- Invoking toplevel() on ptolemy.moml.MoMLSimpleApplication@18d739ae
----------------- Done invoking toplevel() on ptolemy.moml.MoMLSimpleApplication@18d739ae
reloadAllAccessors: .arrayType10

===========================================================================================
----------------- testing Tue Sep 03 18:08:30 UTC 2019 /home/travis/build/icyphy/ptII/ptolemy/actor/lib/test/auto/arrayType11.xml
----------------- Instantiating /home/travis/build/icyphy/ptII/ptolemy/actor/lib/test/auto/arrayType11.xml
1 ms. Memory: 608256K Free: 423933K (70%)
----------------- Invoking toplevel() on ptolemy.moml.MoMLSimpleApplication@71b6cc39
----------------- Done invoking toplevel() on ptolemy.moml.MoMLSimpleApplication@71b6cc39
reloadAllAccessors: .arrayType11

===========================================================================================
----------------- testing Tue Sep 03 18:08:30 UTC 2019 /home/travis/build/icyphy/ptII/ptolemy/actor/lib/test/auto/arrayType12.xml
----------------- Instantiating /home/travis/build/icyphy/ptII/ptolemy/actor/lib/test/auto/arrayType12.xml
1 ms. Memory: 608256K Free: 419327K (69%)
----------------- Invoking toplevel() on ptolemy.moml.MoMLSimpleApplication@6b628ee
----------------- Done invoking toplevel() on ptolemy.moml.MoMLSimpleApplication@6b628ee
reloadAllAccessors: .arrayType12

===========================================================================================
----------------- testing Tue Sep 03 18:08:30 UTC 2019 /home/travis/build/icyphy/ptII/ptolemy/actor/lib/test/auto/arrayType13.xml
----------------- Instantiating /home/travis/build/icyphy/ptII/ptolemy/actor/lib/test/auto/arrayType13.xml
1 ms. Memory: 608256K Free: 413693K (68%)
----------------- Invoking toplevel() on ptolemy.moml.MoMLSimpleApplication@7b01db1f
----------------- Done invoking toplevel() on ptolemy.moml.MoMLSimpleApplication@7b01db1f
reloadAllAccessors: .arrayType13

===========================================================================================
----------------- testing Tue Sep 03 18:08:30 UTC 2019 /home/travis/build/icyphy/ptII/ptolemy/actor/lib/test/auto/arrayType14.xml
----------------- Instantiating /home/travis/build/icyphy/ptII/ptolemy/actor/lib/test/auto/arrayType14.xml
1 ms. Memory: 608256K Free: 408573K (67%)
----------------- Invoking toplevel() on ptolemy.moml.MoMLSimpleApplication@46acd075
----------------- Done invoking toplevel() on ptolemy.moml.MoMLSimpleApplication@46acd075
reloadAllAccessors: .arrayType14

===========================================================================================
----------------- testing Tue Sep 03 18:08:30 UTC 2019 /home/travis/build/icyphy/ptII/ptolemy/actor/lib/test/auto/arrayType15.xml
----------------- Instantiating /home/travis/build/icyphy/ptII/ptolemy/actor/lib/test/auto/arrayType15.xml
2 ms. Memory: 608256K Free: 403453K (66%)
----------------- Invoking toplevel() on ptolemy.moml.MoMLSimpleApplication@57e1e4e9
----------------- Done invoking toplevel() on ptolemy.moml.MoMLSimpleApplication@57e1e4e9
reloadAllAccessors: .arrayType15

===========================================================================================
----------------- testing Tue Sep 03 18:08:30 UTC 2019 /home/travis/build/icyphy/ptII/ptolemy/actor/lib/test/auto/arrayType16.xml
----------------- Instantiating /home/travis/build/icyphy/ptII/ptolemy/actor/lib/test/auto/arrayType16.xml
2 ms. Memory: 608256K Free: 397823K (65%)
----------------- Invoking toplevel() on ptolemy.moml.MoMLSimpleApplication@141257c5
----------------- Done invoking toplevel() on ptolemy.moml.MoMLSimpleApplication@141257c5
reloadAllAccessors: .arrayType16

===========================================================================================
----------------- testing Tue Sep 03 18:08:30 UTC 2019 /home/travis/build/icyphy/ptII/ptolemy/actor/lib/test/auto/arrayType17.xml
----------------- Instantiating /home/travis/build/icyphy/ptII/ptolemy/actor/lib/test/auto/arrayType17.xml
1 ms. Memory: 608256K Free: 392703K (65%)
----------------- Invoking toplevel() on ptolemy.moml.MoMLSimpleApplication@4cfcb6f4
----------------- Done invoking toplevel() on ptolemy.moml.MoMLSimpleApplication@4cfcb6f4
reloadAllAccessors: .arrayType17

===========================================================================================
----------------- testing Tue Sep 03 18:08:30 UTC 2019 /home/travis/build/icyphy/ptII/ptolemy/actor/lib/test/auto/arrayType18.xml
----------------- Instantiating /home/travis/build/icyphy/ptII/ptolemy/actor/lib/test/auto/arrayType18.xml
1 ms. Memory: 608256K Free: 387583K (64%)
----------------- Invoking toplevel() on ptolemy.moml.MoMLSimpleApplication@458d9aee
----------------- Done invoking toplevel() on ptolemy.moml.MoMLSimpleApplication@458d9aee
reloadAllAccessors: .arrayType18

===========================================================================================
----------------- testing Tue Sep 03 18:08:30 UTC 2019 /home/travis/build/icyphy/ptII/ptolemy/actor/lib/test/auto/arrayType19.xml
----------------- Instantiating /home/travis/build/icyphy/ptII/ptolemy/actor/lib/test/auto/arrayType19.xml
1 ms. Memory: 608256K Free: 382973K (63%)
----------------- Invoking toplevel() on ptolemy.moml.MoMLSimpleApplication@25d0ccb4
----------------- Done invoking toplevel() on ptolemy.moml.MoMLSimpleApplication@25d0ccb4
reloadAllAccessors: .arrayType19

===========================================================================================
----------------- testing Tue Sep 03 18:08:30 UTC 2019 /home/travis/build/icyphy/ptII/ptolemy/actor/lib/test/auto/arrayType2.xml
----------------- Instantiating /home/travis/build/icyphy/ptII/ptolemy/actor/lib/test/auto/arrayType2.xml
1 ms. Memory: 608256K Free: 377853K (62%)
----------------- Invoking toplevel() on ptolemy.moml.MoMLSimpleApplication@79df7efc
----------------- Done invoking toplevel() on ptolemy.moml.MoMLSimpleApplication@79df7efc
reloadAllAccessors: .arrayType2

===========================================================================================
----------------- testing Tue Sep 03 18:08:30 UTC 2019 /home/travis/build/icyphy/ptII/ptolemy/actor/lib/test/auto/arrayType20.xml
----------------- Instantiating /home/travis/build/icyphy/ptII/ptolemy/actor/lib/test/auto/arrayType20.xml
2 ms. Memory: 608256K Free: 372733K (61%)
----------------- Invoking toplevel() on ptolemy.moml.MoMLSimpleApplication@5cb9e031
----------------- Done invoking toplevel() on ptolemy.moml.MoMLSimpleApplication@5cb9e031
reloadAllAccessors: .arrayType20

===========================================================================================
----------------- testing Tue Sep 03 18:08:30 UTC 2019 /home/travis/build/icyphy/ptII/ptolemy/actor/lib/test/auto/arrayType21.xml
----------------- Instantiating /home/travis/build/icyphy/ptII/ptolemy/actor/lib/test/auto/arrayType21.xml
2 ms. Memory: 608256K Free: 367613K (60%)
----------------- Invoking toplevel() on ptolemy.moml.MoMLSimpleApplication@91f278a
----------------- Done invoking toplevel() on ptolemy.moml.MoMLSimpleApplication@91f278a
reloadAllAccessors: .arrayType21

===========================================================================================
----------------- testing Tue Sep 03 18:08:30 UTC 2019 /home/travis/build/icyphy/ptII/ptolemy/actor/lib/test/auto/arrayType22.xml
----------------- Instantiating /home/travis/build/icyphy/ptII/ptolemy/actor/lib/test/auto/arrayType22.xml
1 ms. Memory: 608256K Free: 362493K (60%)
----------------- Invoking toplevel() on ptolemy.moml.MoMLSimpleApplication@78828953
----------------- Done invoking toplevel() on ptolemy.moml.MoMLSimpleApplication@78828953
reloadAllAccessors: .arrayType22

===========================================================================================
----------------- testing Tue Sep 03 18:08:30 UTC 2019 /home/travis/build/icyphy/ptII/ptolemy/actor/lib/test/auto/arrayType23.xml
----------------- Instantiating /home/travis/build/icyphy/ptII/ptolemy/actor/lib/test/auto/arrayType23.xml
1 ms. Memory: 608256K Free: 357887K (59%)
----------------- Invoking toplevel() on ptolemy.moml.MoMLSimpleApplication@20a59289
----------------- Done invoking toplevel() on ptolemy.moml.MoMLSimpleApplication@20a59289
reloadAllAccessors: .arrayType23

===========================================================================================
----------------- testing Tue Sep 03 18:08:30 UTC 2019 /home/travis/build/icyphy/ptII/ptolemy/actor/lib/test/auto/arrayType24.xml
----------------- Instantiating /home/travis/build/icyphy/ptII/ptolemy/actor/lib/test/auto/arrayType24.xml
5 ms. Memory: 608256K Free: 353277K (58%)
----------------- Invoking toplevel() on ptolemy.moml.MoMLSimpleApplication@40b3c7ff
----------------- Done invoking toplevel() on ptolemy.moml.MoMLSimpleApplication@40b3c7ff
reloadAllAccessors: .arrayType24

===========================================================================================
----------------- testing Tue Sep 03 18:08:30 UTC 2019 /home/travis/build/icyphy/ptII/ptolemy/actor/lib/test/auto/arrayType25.xml
----------------- Instantiating /home/travis/build/icyphy/ptII/ptolemy/actor/lib/test/auto/arrayType25.xml
1 ms. Memory: 608256K Free: 347647K (57%)
----------------- Invoking toplevel() on ptolemy.moml.MoMLSimpleApplication@745696bf
----------------- Done invoking toplevel() on ptolemy.moml.MoMLSimpleApplication@745696bf
reloadAllAccessors: .arrayType25

===========================================================================================
----------------- testing Tue Sep 03 18:08:30 UTC 2019 /home/travis/build/icyphy/ptII/ptolemy/actor/lib/test/auto/arrayType26.xml
----------------- Instantiating /home/travis/build/icyphy/ptII/ptolemy/actor/lib/test/auto/arrayType26.xml
1 ms. Memory: 608256K Free: 342527K (56%)
----------------- Invoking toplevel() on ptolemy.moml.MoMLSimpleApplication@22104b7c
----------------- Done invoking toplevel() on ptolemy.moml.MoMLSimpleApplication@22104b7c
reloadAllAccessors: .arrayType26

===========================================================================================
----------------- testing Tue Sep 03 18:08:30 UTC 2019 /home/travis/build/icyphy/ptII/ptolemy/actor/lib/test/auto/arrayType27.xml
----------------- Instantiating /home/travis/build/icyphy/ptII/ptolemy/actor/lib/test/auto/arrayType27.xml
1 ms. Memory: 608256K Free: 336893K (55%)
----------------- Invoking toplevel() on ptolemy.moml.MoMLSimpleApplication@5619bd2a
----------------- Done invoking toplevel() on ptolemy.moml.MoMLSimpleApplication@5619bd2a
reloadAllAccessors: .arrayType27

===========================================================================================
----------------- testing Tue Sep 03 18:08:30 UTC 2019 /home/travis/build/icyphy/ptII/ptolemy/actor/lib/test/auto/arrayType28.xml
----------------- Instantiating /home/travis/build/icyphy/ptII/ptolemy/actor/lib/test/auto/arrayType28.xml
1 ms. Memory: 608256K Free: 331773K (55%)
----------------- Invoking toplevel() on ptolemy.moml.MoMLSimpleApplication@7a878850
----------------- Done invoking toplevel() on ptolemy.moml.MoMLSimpleApplication@7a878850
reloadAllAccessors: .arrayType28

===========================================================================================
----------------- testing Tue Sep 03 18:08:30 UTC 2019 /home/travis/build/icyphy/ptII/ptolemy/actor/lib/test/auto/arrayType3.xml
----------------- Instantiating /home/travis/build/icyphy/ptII/ptolemy/actor/lib/test/auto/arrayType3.xml
1 ms. Memory: 608256K Free: 326143K (54%)
----------------- Invoking toplevel() on ptolemy.moml.MoMLSimpleApplication@212af82f
----------------- Done invoking toplevel() on ptolemy.moml.MoMLSimpleApplication@212af82f
reloadAllAccessors: .arrayType3

===========================================================================================
----------------- testing Tue Sep 03 18:08:30 UTC 2019 /home/travis/build/icyphy/ptII/ptolemy/actor/lib/test/auto/arrayType4.xml
----------------- Instantiating /home/travis/build/icyphy/ptII/ptolemy/actor/lib/test/auto/arrayType4.xml
1 ms. Memory: 608256K Free: 321023K (53%)
----------------- Invoking toplevel() on ptolemy.moml.MoMLSimpleApplication@57070a96
----------------- Done invoking toplevel() on ptolemy.moml.MoMLSimpleApplication@57070a96
reloadAllAccessors: .arrayType4

===========================================================================================
----------------- testing Tue Sep 03 18:08:30 UTC 2019 /home/travis/build/icyphy/ptII/ptolemy/actor/lib/test/auto/arrayType5.xml
----------------- Instantiating /home/travis/build/icyphy/ptII/ptolemy/actor/lib/test/auto/arrayType5.xml
2 ms. Memory: 608256K Free: 315903K (52%)
----------------- Invoking toplevel() on ptolemy.moml.MoMLSimpleApplication@43bc3b8c
----------------- Done invoking toplevel() on ptolemy.moml.MoMLSimpleApplication@43bc3b8c
reloadAllAccessors: .arrayType5

===========================================================================================
----------------- testing Tue Sep 03 18:08:30 UTC 2019 /home/travis/build/icyphy/ptII/ptolemy/actor/lib/test/auto/arrayType6.xml
----------------- Instantiating /home/travis/build/icyphy/ptII/ptolemy/actor/lib/test/auto/arrayType6.xml
2 ms. Memory: 608256K Free: 310783K (51%)
----------------- Invoking toplevel() on ptolemy.moml.MoMLSimpleApplication@28ee981
----------------- Done invoking toplevel() on ptolemy.moml.MoMLSimpleApplication@28ee981
reloadAllAccessors: .arrayType6

===========================================================================================
----------------- testing Tue Sep 03 18:08:30 UTC 2019 /home/travis/build/icyphy/ptII/ptolemy/actor/lib/test/auto/arrayType7.xml
----------------- Instantiating /home/travis/build/icyphy/ptII/ptolemy/actor/lib/test/auto/arrayType7.xml
1 ms. Memory: 608256K Free: 306173K (50%)
----------------- Invoking toplevel() on ptolemy.moml.MoMLSimpleApplication@5bf02c34
----------------- Done invoking toplevel() on ptolemy.moml.MoMLSimpleApplication@5bf02c34
reloadAllAccessors: .arrayType7

===========================================================================================
----------------- testing Tue Sep 03 18:08:30 UTC 2019 /home/travis/build/icyphy/ptII/ptolemy/actor/lib/test/auto/arrayType8.xml
----------------- Instantiating /home/travis/build/icyphy/ptII/ptolemy/actor/lib/test/auto/arrayType8.xml
6 ms. Memory: 608256K Free: 300543K (49%)
----------------- Invoking toplevel() on ptolemy.moml.MoMLSimpleApplication@616d9038
----------------- Done invoking toplevel() on ptolemy.moml.MoMLSimpleApplication@616d9038
reloadAllAccessors: .arrayType8

===========================================================================================
----------------- testing Tue Sep 03 18:08:30 UTC 2019 /home/travis/build/icyphy/ptII/ptolemy/actor/lib/test/auto/arrayType9.xml
----------------- Instantiating /home/travis/build/icyphy/ptII/ptolemy/actor/lib/test/auto/arrayType9.xml
1 ms. Memory: 608256K Free: 295933K (49%)
----------------- Invoking toplevel() on ptolemy.moml.MoMLSimpleApplication@19d2f1cc
----------------- Done invoking toplevel() on ptolemy.moml.MoMLSimpleApplication@19d2f1cc
reloadAllAccessors: .arrayType9

===========================================================================================
----------------- testing Tue Sep 03 18:08:31 UTC 2019 /home/travis/build/icyphy/ptII/ptolemy/actor/lib/test/auto/cast.xml
----------------- Instantiating /home/travis/build/icyphy/ptII/ptolemy/actor/lib/test/auto/cast.xml
2 ms. Memory: 608256K Free: 290813K (48%)
----------------- Invoking toplevel() on ptolemy.moml.MoMLSimpleApplication@6675947a
----------------- Done invoking toplevel() on ptolemy.moml.MoMLSimpleApplication@6675947a
reloadAllAccessors: .cast

===========================================================================================
----------------- testing Tue Sep 03 18:08:31 UTC 2019 /home/travis/build/icyphy/ptII/ptolemy/actor/lib/test/auto/compositeMultiPort.xml
----------------- Instantiating /home/travis/build/icyphy/ptII/ptolemy/actor/lib/test/auto/compositeMultiPort.xml
2 ms. Memory: 608256K Free: 282111K (46%)
----------------- Invoking toplevel() on ptolemy.moml.MoMLSimpleApplication@5c15a320
----------------- Done invoking toplevel() on ptolemy.moml.MoMLSimpleApplication@5c15a320
reloadAllAccessors: .compositeMultiPort

===========================================================================================
----------------- testing Tue Sep 03 18:08:31 UTC 2019 /home/travis/build/icyphy/ptII/ptolemy/actor/lib/test/auto/expressionCastInference.xml
----------------- Instantiating /home/travis/build/icyphy/ptII/ptolemy/actor/lib/test/auto/expressionCastInference.xml
2 ms. Memory: 608256K Free: 276991K (46%)
----------------- Invoking toplevel() on ptolemy.moml.MoMLSimpleApplication@9a0da4d
----------------- Done invoking toplevel() on ptolemy.moml.MoMLSimpleApplication@9a0da4d
reloadAllAccessors: .expressionCastInference

===========================================================================================
----------------- testing Tue Sep 03 18:08:31 UTC 2019 /home/travis/build/icyphy/ptII/ptolemy/actor/lib/test/auto/expressionCastInference2.xml
----------------- Instantiating /home/travis/build/icyphy/ptII/ptolemy/actor/lib/test/auto/expressionCastInference2.xml
2 ms. Memory: 608256K Free: 272381K (45%)
----------------- Invoking toplevel() on ptolemy.moml.MoMLSimpleApplication@815552d
----------------- Done invoking toplevel() on ptolemy.moml.MoMLSimpleApplication@815552d
reloadAllAccessors: .expressionCastInference2

===========================================================================================
----------------- testing Tue Sep 03 18:08:31 UTC 2019 /home/travis/build/icyphy/ptII/ptolemy/actor/lib/test/auto/expressionInference.xml
----------------- Instantiating /home/travis/build/icyphy/ptII/ptolemy/actor/lib/test/auto/expressionInference.xml
1 ms. Memory: 608256K Free: 267775K (44%)
----------------- Invoking toplevel() on ptolemy.moml.MoMLSimpleApplication@48ae83f1
----------------- Done invoking toplevel() on ptolemy.moml.MoMLSimpleApplication@48ae83f1
reloadAllAccessors: .expressionInference

===========================================================================================
----------------- testing Tue Sep 03 18:08:31 UTC 2019 /home/travis/build/icyphy/ptII/ptolemy/actor/lib/test/auto/expression_bug.xml
----------------- Instantiating /home/travis/build/icyphy/ptII/ptolemy/actor/lib/test/auto/expression_bug.xml
1 ms. Memory: 608256K Free: 263165K (43%)
----------------- Invoking toplevel() on ptolemy.moml.MoMLSimpleApplication@581a2f02
----------------- Done invoking toplevel() on ptolemy.moml.MoMLSimpleApplication@581a2f02
reloadAllAccessors: .expression_bug

===========================================================================================
----------------- testing Tue Sep 03 18:08:31 UTC 2019 /home/travis/build/icyphy/ptII/ptolemy/actor/lib/test/auto/factorial.xml
----------------- Instantiating /home/travis/build/icyphy/ptII/ptolemy/actor/lib/test/auto/factorial.xml
63 ms. Memory: 608256K Free: 254463K (42%)
----------------- Invoking toplevel() on ptolemy.moml.MoMLSimpleApplication@c69523c
----------------- Done invoking toplevel() on ptolemy.moml.MoMLSimpleApplication@c69523c
reloadAllAccessors: .factorial

===========================================================================================
----------------- testing Tue Sep 03 18:08:31 UTC 2019 /home/travis/build/icyphy/ptII/ptolemy/actor/lib/test/auto/filterTest1.xml
----------------- Instantiating /home/travis/build/icyphy/ptII/ptolemy/actor/lib/test/auto/filterTest1.xml
10 ms. Memory: 608256K Free: 248829K (41%)
----------------- Invoking toplevel() on ptolemy.moml.MoMLSimpleApplication@52f73a02
----------------- Done invoking toplevel() on ptolemy.moml.MoMLSimpleApplication@52f73a02
reloadAllAccessors: .filterTest1

===========================================================================================
----------------- testing Tue Sep 03 18:08:31 UTC 2019 /home/travis/build/icyphy/ptII/ptolemy/actor/lib/test/auto/funcApplyInConst.xml
----------------- Instantiating /home/travis/build/icyphy/ptII/ptolemy/actor/lib/test/auto/funcApplyInConst.xml
1 ms. Memory: 608256K Free: 245247K (40%)
----------------- Invoking toplevel() on ptolemy.moml.MoMLSimpleApplication@3aacfa65
----------------- Done invoking toplevel() on ptolemy.moml.MoMLSimpleApplication@3aacfa65
reloadAllAccessors: .funcApplyInConst

===========================================================================================
----------------- testing Tue Sep 03 18:08:31 UTC 2019 /home/travis/build/icyphy/ptII/ptolemy/actor/lib/test/auto/funcApplyInExpr.xml
----------------- Instantiating /home/travis/build/icyphy/ptII/ptolemy/actor/lib/test/auto/funcApplyInExpr.xml
1 ms. Memory: 608256K Free: 241151K (40%)
----------------- Invoking toplevel() on ptolemy.moml.MoMLSimpleApplication@3135f5e5
----------------- Done invoking toplevel() on ptolemy.moml.MoMLSimpleApplication@3135f5e5
reloadAllAccessors: .funcApplyInExpr

===========================================================================================
----------------- testing Tue Sep 03 18:08:31 UTC 2019 /home/travis/build/icyphy/ptII/ptolemy/actor/lib/test/auto/function.xml
----------------- Instantiating /home/travis/build/icyphy/ptII/ptolemy/actor/lib/test/auto/function.xml
2 ms. Memory: 608256K Free: 236541K (39%)
----------------- Invoking toplevel() on ptolemy.moml.MoMLSimpleApplication@19fef83c
----------------- Done invoking toplevel() on ptolemy.moml.MoMLSimpleApplication@19fef83c
reloadAllAccessors: .function

===========================================================================================
----------------- testing Tue Sep 03 18:08:31 UTC 2019 /home/travis/build/icyphy/ptII/ptolemy/actor/lib/test/auto/function2.xml
----------------- Instantiating /home/travis/build/icyphy/ptII/ptolemy/actor/lib/test/auto/function2.xml
3 ms. Memory: 608256K Free: 231421K (38%)
----------------- Invoking toplevel() on ptolemy.moml.MoMLSimpleApplication@4f22d59a
----------------- Done invoking toplevel() on ptolemy.moml.MoMLSimpleApplication@4f22d59a
reloadAllAccessors: .function2

===========================================================================================
----------------- testing Tue Sep 03 18:08:31 UTC 2019 /home/travis/build/icyphy/ptII/ptolemy/actor/lib/test/auto/function3.xml
----------------- Instantiating /home/travis/build/icyphy/ptII/ptolemy/actor/lib/test/auto/function3.xml
1 ms. Memory: 608256K Free: 227839K (37%)
----------------- Invoking toplevel() on ptolemy.moml.MoMLSimpleApplication@57db9063
----------------- Done invoking toplevel() on ptolemy.moml.MoMLSimpleApplication@57db9063
reloadAllAccessors: .function3

===========================================================================================
----------------- testing Tue Sep 03 18:08:31 UTC 2019 /home/travis/build/icyphy/ptII/ptolemy/actor/lib/test/auto/functionClosureTest1.xml
----------------- Instantiating /home/travis/build/icyphy/ptII/ptolemy/actor/lib/test/auto/functionClosureTest1.xml
2 ms. Memory: 608256K Free: 221695K (36%)
----------------- Invoking toplevel() on ptolemy.moml.MoMLSimpleApplication@30a81402
----------------- Done invoking toplevel() on ptolemy.moml.MoMLSimpleApplication@30a81402
reloadAllAccessors: .functionClosureTest1

===========================================================================================
----------------- testing Tue Sep 03 18:08:31 UTC 2019 /home/travis/build/icyphy/ptII/ptolemy/actor/lib/test/auto/functionClosureTest2.xml
----------------- Instantiating /home/travis/build/icyphy/ptII/ptolemy/actor/lib/test/auto/functionClosureTest2.xml
1 ms. Memory: 608256K Free: 218109K (36%)
----------------- Invoking toplevel() on ptolemy.moml.MoMLSimpleApplication@3399f62d
----------------- Done invoking toplevel() on ptolemy.moml.MoMLSimpleApplication@3399f62d
reloadAllAccessors: .functionClosureTest2

===========================================================================================
----------------- testing Tue Sep 03 18:08:31 UTC 2019 /home/travis/build/icyphy/ptII/ptolemy/actor/lib/test/auto/functionClosureTest3.xml
----------------- Instantiating /home/travis/build/icyphy/ptII/ptolemy/actor/lib/test/auto/functionClosureTest3.xml
3 ms. Memory: 608256K Free: 212479K (35%)
----------------- Invoking toplevel() on ptolemy.moml.MoMLSimpleApplication@3f1a7790
----------------- Done invoking toplevel() on ptolemy.moml.MoMLSimpleApplication@3f1a7790
reloadAllAccessors: .functionClosureTest3

===========================================================================================
----------------- testing Tue Sep 03 18:08:31 UTC 2019 /home/travis/build/icyphy/ptII/ptolemy/actor/lib/test/auto/functionClosureTest4.xml
----------------- Instantiating /home/travis/build/icyphy/ptII/ptolemy/actor/lib/test/auto/functionClosureTest4.xml
4 ms. Memory: 608256K Free: 206335K (34%)
----------------- Invoking toplevel() on ptolemy.moml.MoMLSimpleApplication@491c32d6
----------------- Done invoking toplevel() on ptolemy.moml.MoMLSimpleApplication@491c32d6
reloadAllAccessors: .functionClosureTest4

===========================================================================================
----------------- testing Tue Sep 03 18:08:31 UTC 2019 /home/travis/build/icyphy/ptII/ptolemy/actor/lib/test/auto/functionClosureTest5.xml
----------------- Instantiating /home/travis/build/icyphy/ptII/ptolemy/actor/lib/test/auto/functionClosureTest5.xml
3 ms. Memory: 608256K Free: 552431K (91%)
----------------- Invoking toplevel() on ptolemy.moml.MoMLSimpleApplication@29b5228b
----------------- Done invoking toplevel() on ptolemy.moml.MoMLSimpleApplication@29b5228b
reloadAllAccessors: .functionClosureTest5

===========================================================================================
----------------- testing Tue Sep 03 18:08:31 UTC 2019 /home/travis/build/icyphy/ptII/ptolemy/actor/lib/test/auto/functionClosureTest6.xml
----------------- Instantiating /home/travis/build/icyphy/ptII/ptolemy/actor/lib/test/auto/functionClosureTest6.xml
2 ms. Memory: 608256K Free: 547319K (90%)
----------------- Invoking toplevel() on ptolemy.moml.MoMLSimpleApplication@61d5174
----------------- Done invoking toplevel() on ptolemy.moml.MoMLSimpleApplication@61d5174
reloadAllAccessors: .functionClosureTest6

===========================================================================================
----------------- testing Tue Sep 03 18:08:31 UTC 2019 /home/travis/build/icyphy/ptII/ptolemy/actor/lib/test/auto/functionsOnArcs.xml
----------------- Instantiating /home/travis/build/icyphy/ptII/ptolemy/actor/lib/test/auto/functionsOnArcs.xml
2 ms. Memory: 608256K Free: 541695K (89%)
----------------- Invoking toplevel() on ptolemy.moml.MoMLSimpleApplication@499d4038
----------------- Done invoking toplevel() on ptolemy.moml.MoMLSimpleApplication@499d4038
reloadAllAccessors: .functionsOnArcs

===========================================================================================
----------------- testing Tue Sep 03 18:08:31 UTC 2019 /home/travis/build/icyphy/ptII/ptolemy/actor/lib/test/auto/functionsOnArcsHOF.xml
----------------- Instantiating /home/travis/build/icyphy/ptII/ptolemy/actor/lib/test/auto/functionsOnArcsHOF.xml
4 ms. Memory: 608256K Free: 536061K (88%)
----------------- Invoking toplevel() on ptolemy.moml.MoMLSimpleApplication@65c6cc0a
----------------- Done invoking toplevel() on ptolemy.moml.MoMLSimpleApplication@65c6cc0a
reloadAllAccessors: .functionsOnArcsHOF

===========================================================================================
----------------- testing Tue Sep 03 18:08:31 UTC 2019 /home/travis/build/icyphy/ptII/ptolemy/actor/lib/test/auto/logic.xml
----------------- Instantiating /home/travis/build/icyphy/ptII/ptolemy/actor/lib/test/auto/logic.xml
1 ms. Memory: 608256K Free: 528383K (87%)
----------------- Invoking toplevel() on ptolemy.moml.MoMLSimpleApplication@327e588e
----------------- Done invoking toplevel() on ptolemy.moml.MoMLSimpleApplication@327e588e
reloadAllAccessors: .logic

===========================================================================================
----------------- testing Tue Sep 03 18:08:31 UTC 2019 /home/travis/build/icyphy/ptII/ptolemy/actor/lib/test/auto/matrixType.xml
----------------- Instantiating /home/travis/build/icyphy/ptII/ptolemy/actor/lib/test/auto/matrixType.xml
1 ms. Memory: 608256K Free: 523773K (86%)
----------------- Invoking toplevel() on ptolemy.moml.MoMLSimpleApplication@27f480f7
----------------- Done invoking toplevel() on ptolemy.moml.MoMLSimpleApplication@27f480f7
reloadAllAccessors: .matrixType

===========================================================================================
----------------- testing Tue Sep 03 18:08:31 UTC 2019 /home/travis/build/icyphy/ptII/ptolemy/actor/lib/test/auto/matrixType10.xml
----------------- Instantiating /home/travis/build/icyphy/ptII/ptolemy/actor/lib/test/auto/matrixType10.xml
1 ms. Memory: 608256K Free: 518653K (85%)
----------------- Invoking toplevel() on ptolemy.moml.MoMLSimpleApplication@2fcebe03
----------------- Done invoking toplevel() on ptolemy.moml.MoMLSimpleApplication@2fcebe03
reloadAllAccessors: .matrixType10

===========================================================================================
----------------- testing Tue Sep 03 18:08:31 UTC 2019 /home/travis/build/icyphy/ptII/ptolemy/actor/lib/test/auto/matrixType11.xml
----------------- Instantiating /home/travis/build/icyphy/ptII/ptolemy/actor/lib/test/auto/matrixType11.xml
2 ms. Memory: 608256K Free: 514047K (85%)
----------------- Invoking toplevel() on ptolemy.moml.MoMLSimpleApplication@225e439
----------------- Done invoking toplevel() on ptolemy.moml.MoMLSimpleApplication@225e439
reloadAllAccessors: .matrixType11

===========================================================================================
----------------- testing Tue Sep 03 18:08:31 UTC 2019 /home/travis/build/icyphy/ptII/ptolemy/actor/lib/test/auto/matrixType12.xml
----------------- Instantiating /home/travis/build/icyphy/ptII/ptolemy/actor/lib/test/auto/matrixType12.xml
1 ms. Memory: 608256K Free: 508927K (84%)
----------------- Invoking toplevel() on ptolemy.moml.MoMLSimpleApplication@16a79903
----------------- Done invoking toplevel() on ptolemy.moml.MoMLSimpleApplication@16a79903
reloadAllAccessors: .matrixType12

===========================================================================================
----------------- testing Tue Sep 03 18:08:31 UTC 2019 /home/travis/build/icyphy/ptII/ptolemy/actor/lib/test/auto/matrixType13.xml
----------------- Instantiating /home/travis/build/icyphy/ptII/ptolemy/actor/lib/test/auto/matrixType13.xml
1 ms. Memory: 608256K Free: 504317K (83%)
----------------- Invoking toplevel() on ptolemy.moml.MoMLSimpleApplication@4a2897f2
----------------- Done invoking toplevel() on ptolemy.moml.MoMLSimpleApplication@4a2897f2
reloadAllAccessors: .matrixType13

===========================================================================================
----------------- testing Tue Sep 03 18:08:31 UTC 2019 /home/travis/build/icyphy/ptII/ptolemy/actor/lib/test/auto/matrixType14.xml
----------------- Instantiating /home/travis/build/icyphy/ptII/ptolemy/actor/lib/test/auto/matrixType14.xml
1 ms. Memory: 608256K Free: 499197K (82%)
----------------- Invoking toplevel() on ptolemy.moml.MoMLSimpleApplication@4b107150
----------------- Done invoking toplevel() on ptolemy.moml.MoMLSimpleApplication@4b107150
reloadAllAccessors: .matrixType14

===========================================================================================
----------------- testing Tue Sep 03 18:08:31 UTC 2019 /home/travis/build/icyphy/ptII/ptolemy/actor/lib/test/auto/matrixType2.xml
----------------- Instantiating /home/travis/build/icyphy/ptII/ptolemy/actor/lib/test/auto/matrixType2.xml
2 ms. Memory: 608256K Free: 494063K (81%)
----------------- Invoking toplevel() on ptolemy.moml.MoMLSimpleApplication@1ca1d5d4
----------------- Done invoking toplevel() on ptolemy.moml.MoMLSimpleApplication@1ca1d5d4
reloadAllAccessors: .matrixType2

===========================================================================================
----------------- testing Tue Sep 03 18:08:31 UTC 2019 /home/travis/build/icyphy/ptII/ptolemy/actor/lib/test/auto/matrixType3.xml
----------------- Instantiating /home/travis/build/icyphy/ptII/ptolemy/actor/lib/test/auto/matrixType3.xml
4 ms. Memory: 608256K Free: 488957K (80%)
----------------- Invoking toplevel() on ptolemy.moml.MoMLSimpleApplication@48bdc57a
----------------- Done invoking toplevel() on ptolemy.moml.MoMLSimpleApplication@48bdc57a
reloadAllAccessors: .matrixType3

===========================================================================================
----------------- testing Tue Sep 03 18:08:31 UTC 2019 /home/travis/build/icyphy/ptII/ptolemy/actor/lib/test/auto/matrixType4.xml
----------------- Instantiating /home/travis/build/icyphy/ptII/ptolemy/actor/lib/test/auto/matrixType4.xml
1 ms. Memory: 608256K Free: 484351K (80%)
----------------- Invoking toplevel() on ptolemy.moml.MoMLSimpleApplication@63f12068
----------------- Done invoking toplevel() on ptolemy.moml.MoMLSimpleApplication@63f12068
reloadAllAccessors: .matrixType4

===========================================================================================
----------------- testing Tue Sep 03 18:08:31 UTC 2019 /home/travis/build/icyphy/ptII/ptolemy/actor/lib/test/auto/matrixType5.xml
----------------- Instantiating /home/travis/build/icyphy/ptII/ptolemy/actor/lib/test/auto/matrixType5.xml
1 ms. Memory: 608256K Free: 479231K (79%)
----------------- Invoking toplevel() on ptolemy.moml.MoMLSimpleApplication@1d9907dd
----------------- Done invoking toplevel() on ptolemy.moml.MoMLSimpleApplication@1d9907dd
reloadAllAccessors: .matrixType5

===========================================================================================
----------------- testing Tue Sep 03 18:08:31 UTC 2019 /home/travis/build/icyphy/ptII/ptolemy/actor/lib/test/auto/matrixType6.xml
----------------- Instantiating /home/travis/build/icyphy/ptII/ptolemy/actor/lib/test/auto/matrixType6.xml
1 ms. Memory: 608256K Free: 474621K (78%)
----------------- Invoking toplevel() on ptolemy.moml.MoMLSimpleApplication@27b3007
----------------- Done invoking toplevel() on ptolemy.moml.MoMLSimpleApplication@27b3007
reloadAllAccessors: .matrixType6

===========================================================================================
----------------- testing Tue Sep 03 18:08:31 UTC 2019 /home/travis/build/icyphy/ptII/ptolemy/actor/lib/test/auto/matrixType7.xml
----------------- Instantiating /home/travis/build/icyphy/ptII/ptolemy/actor/lib/test/auto/matrixType7.xml
2 ms. Memory: 608256K Free: 469501K (77%)
----------------- Invoking toplevel() on ptolemy.moml.MoMLSimpleApplication@2c75ddf6
----------------- Done invoking toplevel() on ptolemy.moml.MoMLSimpleApplication@2c75ddf6
reloadAllAccessors: .matrixType7

===========================================================================================
----------------- testing Tue Sep 03 18:08:31 UTC 2019 /home/travis/build/icyphy/ptII/ptolemy/actor/lib/test/auto/matrixType8.xml
----------------- Instantiating /home/travis/build/icyphy/ptII/ptolemy/actor/lib/test/auto/matrixType8.xml
1 ms. Memory: 608256K Free: 464381K (76%)
----------------- Invoking toplevel() on ptolemy.moml.MoMLSimpleApplication@3ea585d6
----------------- Done invoking toplevel() on ptolemy.moml.MoMLSimpleApplication@3ea585d6
reloadAllAccessors: .matrixType8

===========================================================================================
----------------- testing Tue Sep 03 18:08:31 UTC 2019 /home/travis/build/icyphy/ptII/ptolemy/actor/lib/test/auto/matrixType9.xml
----------------- Instantiating /home/travis/build/icyphy/ptII/ptolemy/actor/lib/test/auto/matrixType9.xml
1 ms. Memory: 608256K Free: 459775K (76%)
----------------- Invoking toplevel() on ptolemy.moml.MoMLSimpleApplication@47c5aa86
----------------- Done invoking toplevel() on ptolemy.moml.MoMLSimpleApplication@47c5aa86
reloadAllAccessors: .matrixType9

===========================================================================================
----------------- testing Tue Sep 03 18:08:31 UTC 2019 /home/travis/build/icyphy/ptII/ptolemy/actor/lib/test/auto/paraFunctest.xml
----------------- Instantiating /home/travis/build/icyphy/ptII/ptolemy/actor/lib/test/auto/paraFunctest.xml
2 ms. Memory: 608256K Free: 455165K (75%)
----------------- Invoking toplevel() on ptolemy.moml.MoMLSimpleApplication@664035df
----------------- Done invoking toplevel() on ptolemy.moml.MoMLSimpleApplication@664035df
reloadAllAccessors: .paraFunctest

===========================================================================================
----------------- testing Tue Sep 03 18:08:31 UTC 2019 /home/travis/build/icyphy/ptII/ptolemy/actor/lib/test/auto/paraFunctest2.xml
----------------- Instantiating /home/travis/build/icyphy/ptII/ptolemy/actor/lib/test/auto/paraFunctest2.xml
1 ms. Memory: 608256K Free: 451583K (74%)
----------------- Invoking toplevel() on ptolemy.moml.MoMLSimpleApplication@15e8d83d
----------------- Done invoking toplevel() on ptolemy.moml.MoMLSimpleApplication@15e8d83d
reloadAllAccessors: .paraFunctest2

===========================================================================================
----------------- testing Tue Sep 03 18:08:31 UTC 2019 /home/travis/build/icyphy/ptII/ptolemy/actor/lib/test/auto/parameterPassing.xml
----------------- Instantiating /home/travis/build/icyphy/ptII/ptolemy/actor/lib/test/auto/parameterPassing.xml
1 ms. Memory: 608256K Free: 446973K (73%)
----------------- Invoking toplevel() on ptolemy.moml.MoMLSimpleApplication@3050da7c
----------------- Done invoking toplevel() on ptolemy.moml.MoMLSimpleApplication@3050da7c
reloadAllAccessors: .parameterPassing

===========================================================================================
----------------- testing Tue Sep 03 18:08:31 UTC 2019 /home/travis/build/icyphy/ptII/ptolemy/actor/lib/test/auto/record.xml
----------------- Instantiating /home/travis/build/icyphy/ptII/ptolemy/actor/lib/test/auto/record.xml
2 ms. Memory: 608256K Free: 442367K (73%)
----------------- Invoking toplevel() on ptolemy.moml.MoMLSimpleApplication@1fa58f9
----------------- Done invoking toplevel() on ptolemy.moml.MoMLSimpleApplication@1fa58f9
reloadAllAccessors: .record

===========================================================================================
----------------- testing Tue Sep 03 18:08:31 UTC 2019 /home/travis/build/icyphy/ptII/ptolemy/actor/lib/test/auto/sizedarray1.xml
----------------- Instantiating /home/travis/build/icyphy/ptII/ptolemy/actor/lib/test/auto/sizedarray1.xml
2 ms. Memory: 608256K Free: 436733K (72%)
----------------- Invoking toplevel() on ptolemy.moml.MoMLSimpleApplication@75d71171
----------------- Done invoking toplevel() on ptolemy.moml.MoMLSimpleApplication@75d71171
reloadAllAccessors: .sizedarray1

===========================================================================================
----------------- testing Tue Sep 03 18:08:31 UTC 2019 /home/travis/build/icyphy/ptII/ptolemy/actor/lib/test/auto/sizedarray2.xml
----------------- Instantiating /home/travis/build/icyphy/ptII/ptolemy/actor/lib/test/auto/sizedarray2.xml
3 ms. Memory: 608256K Free: 431103K (71%)
----------------- Invoking toplevel() on ptolemy.moml.MoMLSimpleApplication@58e5adf4
----------------- Done invoking toplevel() on ptolemy.moml.MoMLSimpleApplication@58e5adf4
reloadAllAccessors: .sizedarray2

===========================================================================================
----------------- testing Tue Sep 03 18:08:31 UTC 2019 /home/travis/build/icyphy/ptII/ptolemy/actor/lib/test/auto/twoPublishers.xml
----------------- Instantiating /home/travis/build/icyphy/ptII/ptolemy/actor/lib/test/auto/twoPublishers.xml
6 ms. Memory: 608256K Free: 420863K (69%)
----------------- Invoking toplevel() on ptolemy.moml.MoMLSimpleApplication@688de8ec
----------------- Done invoking toplevel() on ptolemy.moml.MoMLSimpleApplication@688de8ec
reloadAllAccessors: .twoPublishers
AutoTests.java: About to close Vertx.
AutoTests.java: Vertx closed.
]]></system-out>
  <system-err><![CDATA[java.lang.RuntimeException: Execution failed
	at ptolemy.moml.MoMLSimpleApplication$UnloadThread.run(MoMLSimpleApplication.java:402)
Caused by: java.lang.RuntimeException: StringUtilities.exit() was called. Normally, we would exit here because Manager.exitAfterWrapup() was called.  However, because the ptolemy.ptII.exitAfterWrapup property is set, we throw this exception instead.
	at ptolemy.util.StringUtilities.exit(StringUtilities.java:365)
	at ptolemy.actor.Manager.wrapup(Manager.java:1549)
	at ptolemy.actor.Manager.execute(Manager.java:407)
	at ptolemy.actor.Manager.run(Manager.java:1263)
	at ptolemy.actor.Manager$PtolemyRunThread.run(Manager.java:1933)
Warning: '.top.test' is in training mode, set the trainingMode parameter to false before checking in
Warning: '.top.test' is in training mode, set the trainingMode parameter to false before checking in
Warning: '.top.test' is in training mode, set the trainingMode parameter to false before checking in
Warning: '.BooleanSwitch_RegressionTest_WrongTrainingValues.Test' is in training mode, set the trainingMode parameter to false before checking in
Warning: '.BooleanSwitch_RegressionTest_WrongTrainingValues.Test2' is in training mode, set the trainingMode parameter to false before checking in
Warning: '.BooleanSwitch_RegressionTest_WrongTrainingValues.Test2' The test produced 0 tokens.
Warning: '.top.testExceptionHandler' is in training mode, set the trainingMode parameter to false before checking in
java.lang.RuntimeException: Execution failed
	at ptolemy.moml.MoMLSimpleApplication$UnloadThread.run(MoMLSimpleApplication.java:402)
Caused by: ptolemy.kernel.util.IllegalActionException: PublisherPorts cannot be used at the top level, use a Publisher actor instead.
  in .PublisherPortToplevelSubscriber.PublisherPort
	at ptolemy.actor.PublisherPort.preinitialize(PublisherPort.java:403)
	at ptolemy.actor.CompositeActor.preinitialize(CompositeActor.java:1769)
	at ptolemy.actor.Manager.preinitializeAndResolveTypes(Manager.java:1040)
	at ptolemy.actor.Manager.initialize(Manager.java:710)
	at ptolemy.actor.Manager.execute(Manager.java:356)
	at ptolemy.actor.Manager.run(Manager.java:1263)
	at ptolemy.actor.Manager$PtolemyRunThread.run(Manager.java:1933)
java.lang.reflect.InvocationTargetException
	at java.base/jdk.internal.reflect.NativeConstructorAccessorImpl.newInstance0(Native Method)
	at java.base/jdk.internal.reflect.NativeConstructorAccessorImpl.newInstance(NativeConstructorAccessorImpl.java:62)
	at java.base/jdk.internal.reflect.DelegatingConstructorAccessorImpl.newInstance(DelegatingConstructorAccessorImpl.java:45)
	at java.base/java.lang.reflect.Constructor.newInstance(Constructor.java:490)
	at ptolemy.util.test.junit.AutoKnownFailedTests.RunModel(AutoKnownFailedTests.java:105)
	at java.base/jdk.internal.reflect.NativeMethodAccessorImpl.invoke0(Native Method)
	at java.base/jdk.internal.reflect.NativeMethodAccessorImpl.invoke(NativeMethodAccessorImpl.java:62)
	at java.base/jdk.internal.reflect.DelegatingMethodAccessorImpl.invoke(DelegatingMethodAccessorImpl.java:43)
	at java.base/java.lang.reflect.Method.invoke(Method.java:566)
	at org.junit.runners.model.FrameworkMethod$1.runReflectiveCall(FrameworkMethod.java:44)
	at org.junit.internal.runners.model.ReflectiveCallable.run(ReflectiveCallable.java:15)
	at org.junit.runners.model.FrameworkMethod.invokeExplosively(FrameworkMethod.java:41)
	at junitparams.internal.InvokeParameterisedMethod.evaluate(InvokeParameterisedMethod.java:102)
	at org.junit.internal.runners.statements.FailOnTimeout$1.run(FailOnTimeout.java:28)
Caused by: ptolemy.kernel.util.IllegalActionException: PublisherPorts cannot be used at the top level, use a Publisher actor instead.
  in .PublisherPortToplevelSubscriber.PublisherPort
	at ptolemy.actor.PublisherPort.preinitialize(PublisherPort.java:403)
	at ptolemy.actor.CompositeActor.preinitialize(CompositeActor.java:1769)
	at ptolemy.actor.Manager.preinitializeAndResolveTypes(Manager.java:1040)
	at ptolemy.actor.Manager.initialize(Manager.java:710)
	at ptolemy.actor.Manager.execute(Manager.java:356)
	at ptolemy.actor.Manager.run(Manager.java:1263)
	at ptolemy.actor.Manager$PtolemyRunThread.run(Manager.java:1933)
java.lang.RuntimeException: Execution failed
	at ptolemy.moml.MoMLSimpleApplication$UnloadThread.run(MoMLSimpleApplication.java:402)
Caused by: ptolemy.kernel.util.IllegalActionException: SubscriberPorts cannot be used at the top level, use a Subscriber actor instead.
  in .PublisherSubscriberPortToplevel.SubscriberPort
	at ptolemy.actor.SubscriberPort.preinitialize(SubscriberPort.java:328)
	at ptolemy.actor.CompositeActor.preinitialize(CompositeActor.java:1769)
	at ptolemy.actor.Manager.preinitializeAndResolveTypes(Manager.java:1040)
	at ptolemy.actor.Manager.initialize(Manager.java:710)
	at ptolemy.actor.Manager.execute(Manager.java:356)
	at ptolemy.actor.Manager.run(Manager.java:1263)
	at ptolemy.actor.Manager$PtolemyRunThread.run(Manager.java:1933)
java.lang.reflect.InvocationTargetException
	at java.base/jdk.internal.reflect.NativeConstructorAccessorImpl.newInstance0(Native Method)
	at java.base/jdk.internal.reflect.NativeConstructorAccessorImpl.newInstance(NativeConstructorAccessorImpl.java:62)
	at java.base/jdk.internal.reflect.DelegatingConstructorAccessorImpl.newInstance(DelegatingConstructorAccessorImpl.java:45)
	at java.base/java.lang.reflect.Constructor.newInstance(Constructor.java:490)
	at ptolemy.util.test.junit.AutoKnownFailedTests.RunModel(AutoKnownFailedTests.java:105)
	at java.base/jdk.internal.reflect.NativeMethodAccessorImpl.invoke0(Native Method)
	at java.base/jdk.internal.reflect.NativeMethodAccessorImpl.invoke(NativeMethodAccessorImpl.java:62)
	at java.base/jdk.internal.reflect.DelegatingMethodAccessorImpl.invoke(DelegatingMethodAccessorImpl.java:43)
	at java.base/java.lang.reflect.Method.invoke(Method.java:566)
	at org.junit.runners.model.FrameworkMethod$1.runReflectiveCall(FrameworkMethod.java:44)
	at org.junit.internal.runners.model.ReflectiveCallable.run(ReflectiveCallable.java:15)
	at org.junit.runners.model.FrameworkMethod.invokeExplosively(FrameworkMethod.java:41)
	at junitparams.internal.InvokeParameterisedMethod.evaluate(InvokeParameterisedMethod.java:102)
	at org.junit.internal.runners.statements.FailOnTimeout$1.run(FailOnTimeout.java:28)
Caused by: ptolemy.kernel.util.IllegalActionException: SubscriberPorts cannot be used at the top level, use a Subscriber actor instead.
  in .PublisherSubscriberPortToplevel.SubscriberPort
	at ptolemy.actor.SubscriberPort.preinitialize(SubscriberPort.java:328)
	at ptolemy.actor.CompositeActor.preinitialize(CompositeActor.java:1769)
	at ptolemy.actor.Manager.preinitializeAndResolveTypes(Manager.java:1040)
	at ptolemy.actor.Manager.initialize(Manager.java:710)
	at ptolemy.actor.Manager.execute(Manager.java:356)
	at ptolemy.actor.Manager.run(Manager.java:1263)
	at ptolemy.actor.Manager$PtolemyRunThread.run(Manager.java:1933)
java.lang.RuntimeException: Execution failed
	at ptolemy.moml.MoMLSimpleApplication$UnloadThread.run(MoMLSimpleApplication.java:402)
Caused by: ptolemy.kernel.util.IllegalActionException: SubscriptionAggregatorPorts cannot be used at the top level, use a SubscriptionAggregator actor instead.
  in .PublisherSubscriptionAggregatorPort.SubscriptionAggregatorPort
	at ptolemy.actor.SubscriptionAggregatorPort.preinitialize(SubscriptionAggregatorPort.java:353)
	at ptolemy.actor.CompositeActor.preinitialize(CompositeActor.java:1769)
	at ptolemy.actor.Manager.preinitializeAndResolveTypes(Manager.java:1040)
	at ptolemy.actor.Manager.initialize(Manager.java:710)
	at ptolemy.actor.Manager.execute(Manager.java:356)
	at ptolemy.actor.Manager.run(Manager.java:1263)
	at ptolemy.actor.Manager$PtolemyRunThread.run(Manager.java:1933)
java.lang.reflect.InvocationTargetException
	at java.base/jdk.internal.reflect.NativeConstructorAccessorImpl.newInstance0(Native Method)
	at java.base/jdk.internal.reflect.NativeConstructorAccessorImpl.newInstance(NativeConstructorAccessorImpl.java:62)
	at java.base/jdk.internal.reflect.DelegatingConstructorAccessorImpl.newInstance(DelegatingConstructorAccessorImpl.java:45)
	at java.base/java.lang.reflect.Constructor.newInstance(Constructor.java:490)
	at ptolemy.util.test.junit.AutoKnownFailedTests.RunModel(AutoKnownFailedTests.java:105)
	at java.base/jdk.internal.reflect.NativeMethodAccessorImpl.invoke0(Native Method)
	at java.base/jdk.internal.reflect.NativeMethodAccessorImpl.invoke(NativeMethodAccessorImpl.java:62)
	at java.base/jdk.internal.reflect.DelegatingMethodAccessorImpl.invoke(DelegatingMethodAccessorImpl.java:43)
	at java.base/java.lang.reflect.Method.invoke(Method.java:566)
	at org.junit.runners.model.FrameworkMethod$1.runReflectiveCall(FrameworkMethod.java:44)
	at org.junit.internal.runners.model.ReflectiveCallable.run(ReflectiveCallable.java:15)
	at org.junit.runners.model.FrameworkMethod.invokeExplosively(FrameworkMethod.java:41)
	at junitparams.internal.InvokeParameterisedMethod.evaluate(InvokeParameterisedMethod.java:102)
	at org.junit.internal.runners.statements.FailOnTimeout$1.run(FailOnTimeout.java:28)
Caused by: ptolemy.kernel.util.IllegalActionException: SubscriptionAggregatorPorts cannot be used at the top level, use a SubscriptionAggregator actor instead.
  in .PublisherSubscriptionAggregatorPort.SubscriptionAggregatorPort
	at ptolemy.actor.SubscriptionAggregatorPort.preinitialize(SubscriptionAggregatorPort.java:353)
	at ptolemy.actor.CompositeActor.preinitialize(CompositeActor.java:1769)
	at ptolemy.actor.Manager.preinitializeAndResolveTypes(Manager.java:1040)
	at ptolemy.actor.Manager.initialize(Manager.java:710)
	at ptolemy.actor.Manager.execute(Manager.java:356)
	at ptolemy.actor.Manager.run(Manager.java:1263)
	at ptolemy.actor.Manager$PtolemyRunThread.run(Manager.java:1933)
java.lang.RuntimeException: Execution failed
	at ptolemy.moml.MoMLSimpleApplication$UnloadThread.run(MoMLSimpleApplication.java:402)
Caused by: ptolemy.kernel.util.IllegalActionException: TypeTest actor has no training data.
  in .sizedarray3.TypeTest
	at ptolemy.actor.lib.TypeTest.initialize(TypeTest.java:250)
	at ptolemy.actor.Director.initialize(Director.java:938)
	at ptolemy.actor.Director.initialize(Director.java:907)
	at ptolemy.actor.sched.StaticSchedulingDirector.initialize(StaticSchedulingDirector.java:159)
	at ptolemy.domains.sdf.kernel.SDFDirector.initialize(SDFDirector.java:544)
	at ptolemy.actor.CompositeActor.initialize(CompositeActor.java:935)
	at ptolemy.actor.Manager.initialize(Manager.java:724)
	at ptolemy.actor.Manager.execute(Manager.java:356)
	at ptolemy.actor.Manager.run(Manager.java:1263)
	at ptolemy.actor.Manager$PtolemyRunThread.run(Manager.java:1933)
java.lang.reflect.InvocationTargetException
	at java.base/jdk.internal.reflect.NativeConstructorAccessorImpl.newInstance0(Native Method)
	at java.base/jdk.internal.reflect.NativeConstructorAccessorImpl.newInstance(NativeConstructorAccessorImpl.java:62)
	at java.base/jdk.internal.reflect.DelegatingConstructorAccessorImpl.newInstance(DelegatingConstructorAccessorImpl.java:45)
	at java.base/java.lang.reflect.Constructor.newInstance(Constructor.java:490)
	at ptolemy.util.test.junit.AutoKnownFailedTests.RunModel(AutoKnownFailedTests.java:105)
	at java.base/jdk.internal.reflect.NativeMethodAccessorImpl.invoke0(Native Method)
	at java.base/jdk.internal.reflect.NativeMethodAccessorImpl.invoke(NativeMethodAccessorImpl.java:62)
	at java.base/jdk.internal.reflect.DelegatingMethodAccessorImpl.invoke(DelegatingMethodAccessorImpl.java:43)
	at java.base/java.lang.reflect.Method.invoke(Method.java:566)
	at org.junit.runners.model.FrameworkMethod$1.runReflectiveCall(FrameworkMethod.java:44)
	at org.junit.internal.runners.model.ReflectiveCallable.run(ReflectiveCallable.java:15)
	at org.junit.runners.model.FrameworkMethod.invokeExplosively(FrameworkMethod.java:41)
	at junitparams.internal.InvokeParameterisedMethod.evaluate(InvokeParameterisedMethod.java:102)
	at org.junit.internal.runners.statements.FailOnTimeout$1.run(FailOnTimeout.java:28)
Caused by: ptolemy.kernel.util.IllegalActionException: TypeTest actor has no training data.
  in .sizedarray3.TypeTest
	at ptolemy.actor.lib.TypeTest.initialize(TypeTest.java:250)
	at ptolemy.actor.Director.initialize(Director.java:938)
	at ptolemy.actor.Director.initialize(Director.java:907)
	at ptolemy.actor.sched.StaticSchedulingDirector.initialize(StaticSchedulingDirector.java:159)
	at ptolemy.domains.sdf.kernel.SDFDirector.initialize(SDFDirector.java:544)
	at ptolemy.actor.CompositeActor.initialize(CompositeActor.java:935)
	at ptolemy.actor.Manager.initialize(Manager.java:724)
	at ptolemy.actor.Manager.execute(Manager.java:356)
	at ptolemy.actor.Manager.run(Manager.java:1263)
	at ptolemy.actor.Manager$PtolemyRunThread.run(Manager.java:1933)
ptolemy.kernel.util.InternalErrorException: Exec Stderr Gobbler-1: Failed while reading from java.lang.ProcessImpl$ProcessPipeInputStream@3f08a102. To avoid this, try setting the ignoreIOExceptionReadErrors parameter to true.null
  in .Exec.Exec
Because:
Stream closed
	at ptolemy.actor.lib.Exec$_StreamReaderThread._read(Exec.java:762)
	at ptolemy.actor.lib.Exec$_StreamReaderThread.run(Exec.java:706)
Caused by: java.io.IOException: Stream closed
	at java.base/sun.nio.cs.StreamDecoder.ensureOpen(StreamDecoder.java:46)
	at java.base/sun.nio.cs.StreamDecoder.read(StreamDecoder.java:148)
	at java.base/java.io.InputStreamReader.read(InputStreamReader.java:185)
	at ptolemy.actor.lib.Exec$_StreamReaderThread._read(Exec.java:724)
	... 1 more
Caused by: java.io.IOException: Stream closed
	at java.base/sun.nio.cs.StreamDecoder.ensureOpen(StreamDecoder.java:46)
	at java.base/sun.nio.cs.StreamDecoder.read(StreamDecoder.java:148)
	at java.base/java.io.InputStreamReader.read(InputStreamReader.java:185)
	at ptolemy.actor.lib.Exec$_StreamReaderThread._read(Exec.java:724)
	at ptolemy.actor.lib.Exec$_StreamReaderThread.run(Exec.java:706)
]]></system-err>
</testsuite>
