<?xml version="1.0" encoding="UTF-8" ?>
<testsuite errors="0" failures="0" hostname="travis-job-89add32f-42eb-4459-9bfc-2a3a1bef1a66" name="ptolemy.actor.lib.test.junit.JUnitTclTest" skipped="0" tests="517" time="62.924" timestamp="2020-08-25T15:38:00">
  <properties>
    <property name="npm.executable" value="npm" />
    <property name="env.TRAVIS_ROOT" value="/" />
    <property name="ptII.mk.exists" value="true" />
    <property name="env.TRAVIS_APP_HOST" value="build.travis-ci.org" />
    <property name="env.rvm_bin_path" value="/home/travis/.rvm/bin" />
    <property name="java.home" value="/usr/local/lib/jvm/openjdk11" />
    <property name="env.TRAVIS_JOB_NUMBER" value="1744.8" />
    <property name="env.TRAVIS_HOME" value="/home/travis" />
    <property name="env.DISPLAY" value=":99.0" />
    <property name="env.TRAVIS_INIT" value="systemd" />
    <property name="env.SSH_TTY" value="/dev/pts/0" />
    <property name="java.net.preferIPv4Stack" value="true" />
    <property name="env.RUN_TESTS" value="true" />
    <property name="timeout.short" value="1000000" />
    <property name="junit.formatter" value="xml" />
    <property name="env.TRAVIS_SUDO" value="true" />
    <property name="env.TRAVIS_JOB_NAME" value="" />
    <property name="env.TRAVIS_STACK_NODE_ATTRIBUTES" value="/.node-attributes.yml" />
    <property name="env.LOGNAME" value="travis" />
    <property name="env.PT_TRAVIS_TEST_CORE1_XML" value="true" />
    <property name="jsdoc.home" value="node_modules/@terraswarm/jsdoc" />
    <property name="debuglevel" value="source,lines,vars" />
    <property name="checkstyle.formatter" value="xml" />
    <property name="bin.vergil.makeable" value="true" />
    <property name="sun.os.patch.level" value="unknown" />
    <property name="java.vendor.url" value="http://java.oracle.com/" />
    <property name="env.TRAVIS_BUILD_WEB_URL" value="https://travis-ci.org/icyphy/ptII/builds/721036509" />
    <property name="java.version" value="11.0.2" />
    <property name="env.TZ" value="UTC" />
    <property name="env.TRAVIS_PULL_REQUEST_SHA" value="" />
    <property name="env.PT_NO_NET" value="true" />
    <property name="env.TRAVIS_SECURE_ENV_VARS" value="true" />
    <property name="java.vendor.url.bug" value="http://bugreport.java.com/bugreport/" />
    <property name="npmjs-org-is-up" value="true" />
    <property name="env.LANGUAGE" value="en_US.UTF-8" />
    <property name="env.SSH_CLIENT" value="10.44.1.143 51150 22" />
    <property name="env.GEM_HOME" value="/home/travis/.rvm/gems/ruby-2.5.3" />
    <property name="env.HAS_ANTARES_THREE_LITTLE_FRONZIES_BADGE" value="true" />
    <property name="java.version.date" value="2019-01-15" />
    <property name="env.PS4" value="+" />
    <property name="ant.project.invoked-targets" value="build,test.core1.xml" />
    <property name="env.TRAVIS_PULL_REQUEST_BRANCH" value="" />
    <property name="env.TRAVIS_REPO_SLUG" value="icyphy/ptII" />
    <property name="env.XDG_DATA_DIRS" value="/usr/local/share:/usr/share:/var/lib/snapd/desktop" />
    <property name="jdk.debug" value="release" />
    <property name="env.TRAVIS_APT_PROXY" value="http://build-cache.travisci.net" />
    <property name="env.TRAVIS_CPU_ARCH" value="amd64" />
    <property name="node.in.path" value="true" />
    <property name="user.name" value="travis" />
    <property name="java.maxmemory" value="1400m" />
    <property name="env.RUBY_VERSION" value="ruby-2.5.3" />
    <property name="env.LANG" value="en_US.UTF-8" />
    <property name="sun.io.unicode.encoding" value="UnicodeLittle" />
    <property name="sun.jnu.encoding" value="UTF-8" />
    <property name="java.runtime.name" value="OpenJDK Runtime Environment" />
    <property name="usefile" value="false" />
    <property name="return.code" value="0" />
    <property name="junit.single.formatter" value="plain" />
    <property name="env.DYLD_LIBRARY_PATH" value="/home/travis/pthla/certi-tools/lib:" />
    <property name="env.DEBIAN_FRONTEND" value="noninteractive" />
    <property name="env.SSH_CONNECTION" value="10.44.1.143 51150 10.20.1.29 22" />
    <property name="env.MYSQL_UNIX_PORT" value="/var/run/mysqld/mysqld.sock" />
    <property name="env.LC_ALL" value="en_US.UTF-8" />
    <property name="env.TRAVIS_ALLOW_FAILURE" value="" />
    <property name="env.TRAVIS_JOB_WEB_URL" value="https://travis-ci.org/icyphy/ptII/jobs/721036522" />
    <property name="java.specification.name" value="Java Platform API Specification" />
    <property name="node.works" value="true" />
    <property name="user.timezone" value="" />
    <property name="path.separator" value=":" />
    <property name="env.TRAVIS_ENABLE_INFRA_DETECTION" value="true" />
    <property name="env.PYTHON_CFLAGS" value="-g -fstack-protector --param=ssp-buffer-size=4 -Wformat -Werror=format-security" />
    <property name="timeout.long" value="4000000" />
    <property name="env.CERTI_HOME" value="/home/travis/pthla/certi-tools" />
    <property name="ant.file.ptII" value="/home/travis/build/icyphy/ptII/build.xml" />
    <property name="javadoc.packagenames" value="com.*,diva.*,lbnl.*,org.hlacerti.*,org.json.*,org.ptolemy.*,org.terraswarm.*,ptolemy.*,ptserver.*" />
    <property name="file.encoding" value="UTF-8" />
    <property name="env.TRAVIS_PULL_REQUEST_SLUG" value="" />
    <property name="ant.project.default-target" value="build" />
    <property name="env.GIT_ASKPASS" value="echo" />
    <property name="env.HOME" value="/home/travis" />
    <property name="sun.java.command" value="org.apache.tools.ant.taskdefs.optional.junit.JUnitTestRunner ptolemy.actor.lib.test.junit.JUnitTclTest skipNonTests=false filtertrace=true haltOnError=false haltOnFailure=false formatter=org.apache.tools.ant.taskdefs.optional.junit.OutErrSummaryJUnitResultFormatter showoutput=true outputtoformatters=true logfailedtests=true threadid=0 logtestlistenerevents=false formatter=org.apache.tools.ant.taskdefs.optional.junit.XMLJUnitResultFormatter,/home/travis/build/icyphy/ptII/reports/junit/TEST-ptolemy.actor.lib.test.junit.JUnitTclTest.xml crashfile=/home/travis/build/icyphy/ptII/junitvmwatcher2525114843242667021.properties propsfile=/home/travis/build/icyphy/ptII/junit15401400506867796297.properties" />
    <property name="env.COMPOSER_NO_INTERACTION" value="1" />
    <property name="env.MANPATH" value="/home/travis/.nvm/versions/node/v7.10.1/share/man:/home/travis/.rvm/rubies/ruby-2.5.3/share/man:/usr/local/cmake-3.12.4/man:/usr/local/clang-7.0.0/share/man:/usr/local/man:/usr/local/share/man:/usr/share/man:/home/travis/.rvm/man" />
    <property name="env.TRAVIS_TIMER_ID" value="05aa3e95" />
    <property name="ant.file" value="/home/travis/build/icyphy/ptII/build.xml" />
    <property name="env.TRAVIS_COMMIT_RANGE" value="3bb573e462e9b4151952318d01b7e361e9f419ad...74248200255084cca0f8d02e5ad09f36c0965423" />
    <property name="ptII.classpath.optional.property" value="/home/travis/build/icyphy/ptII/lib/bsh-2.0b4.jar:/home/travis/build/icyphy/ptII/lib/ptCal.jar:/home/travis/build/icyphy/ptII/lib/java_cup.jar:/home/travis/build/icyphy/ptII/lib/saxon8.jar:/home/travis/build/icyphy/ptII/lib/saxon8-dom.jar:/home/travis/build/icyphy/ptII/lib/chic.jar:/home/travis/build/icyphy/ptII/lib/ptcolt.jar:/home/travis/build/icyphy/ptII/vendors/misc/itext/iText.jar:/home/travis/build/icyphy/ptII/lib/g4ltl.jar:/home/travis/build/icyphy/ptII/lib/StructuralCoder.jar:/home/travis/build/icyphy/ptII/lib/jcerti.jar:/home/travis/build/icyphy/ptII/lib/javax.mail.jar:/home/travis/build/icyphy/ptII/vendors/JMF-2.1.1e/lib/jmf.jar:/home/travis/build/icyphy/ptII/lib/jna-4.0.0-variadic.jar:/home/travis/build/icyphy/ptII/vendors/misc/joystick/Joystick.jar:/home/travis/build/icyphy/ptII/lib/ptjacl.jar:/home/travis/build/icyphy/ptII/lib/jsoup-1.8.2.jar:/home/travis/build/icyphy/ptII/lib/junit-4.8.2.jar:/home/travis/build/icyphy/ptII/lib/JUnitParams-0.4.0.jar:/home/travis/build/icyphy/ptII/ptolemy/actor/lib/excel/jxl.jar:/home/travis/build/icyphy/ptII/lib/jython.jar:/home/travis/build/icyphy/ptII/lib/kieler.jar:/home/travis/build/icyphy/ptII/vendors/opencv/share/OpenCV/java/opencv-341.jar:/home/travis/build/icyphy/ptII/lib/oscP5.jar:/home/travis/build/icyphy/ptII/lib/nrjavaserial-3.11.0.devel.jar:/home/travis/build/icyphy/ptII/vendors/j3d/lib/Linux/j3dcore.jar:/home/travis/build/icyphy/ptII/vendors/j3d/lib/Linux/j3dutils.jar:/home/travis/build/icyphy/ptII/vendors/j3d/lib/Linux/vecmath.jar:/home/travis/build/icyphy/ptII/vendors/jogl/lib/Linux/gluegen-rt-natives-linux-amd64.jar:/home/travis/build/icyphy/ptII/vendors/jogl/lib/Linux/gluegen-rt.jar:/home/travis/build/icyphy/ptII/vendors/jogl/lib/Linux/jogl-all-natives-linux-amd64.jar:/home/travis/build/icyphy/ptII/vendors/jogl/lib/Linux/jogl-all.jar:/home/travis/build/icyphy/ptII/ptolemy/distributed/jini/jar/jini-core.jar:/home/travis/build/icyphy/ptII/ptolemy/distributed/jini/jar/jini-ext.jar:/home/travis/build/icyphy/ptII/ptolemy/distributed/jini/jar/sun-util.jar:/home/travis/build/icyphy/ptII/lib/protobuf-java-2.4.1.jar:/home/travis/build/icyphy/ptII/lib/org.eclipse.paho.client.mqttv3.jar:/home/travis/build/icyphy/ptII/lib/mapss.jar:/home/travis/build/icyphy/ptII/ptolemy/actor/ptalon/antlr/antlr.jar:/home/travis/build/icyphy/ptII/lib/JRI.jar:/home/travis/build/icyphy/ptII/lib/commons-lang-2.6.jar:/home/travis/build/icyphy/ptII/lib/commons-logging-1.1.1.jar:/home/travis/build/icyphy/ptII/lib/sootclasses.jar:/home/travis/build/icyphy/ptII/ptolemy/actor/lib/database/mysql-connector-java-5.1.6-bin.jar:/home/travis/build/icyphy/ptII/vendors/misc/sphinx4/sphinx4-data-5prealpha.jar:/home/travis/build/icyphy/ptII/vendors/misc/sphinx4/sphinx4-core-5prealpha.jar:/home/travis/build/icyphy/ptII/lib/PDFRenderer.jar:/home/travis/build/icyphy/ptII/lib/svgSalamander.jar:/home/travis/build/icyphy/ptII/lib/rsyntaxtextarea-2.6.0-SNAPSHOT.jar:/home/travis/build/icyphy/ptII/lib/hazelcast-3.8.2.jar:/home/travis/build/icyphy/ptII/lib/jackson-annotations-2.9.0.jar:/home/travis/build/icyphy/ptII/lib/jackson-core-2.9.3.jar:/home/travis/build/icyphy/ptII/lib/jackson-databind-2.9.3.jar:/home/travis/build/icyphy/ptII/lib/netty-buffer-4.1.19.Final.jar:/home/travis/build/icyphy/ptII/lib/netty-codec-4.1.19.Final.jar:/home/travis/build/icyphy/ptII/lib/netty-codec-dns-4.1.19.Final.jar:/home/travis/build/icyphy/ptII/lib/netty-codec-http-4.1.19.Final.jar:/home/travis/build/icyphy/ptII/lib/netty-codec-http2-4.1.19.Final.jar:/home/travis/build/icyphy/ptII/lib/netty-common-4.1.19.Final.jar:/home/travis/build/icyphy/ptII/lib/netty-handler-4.1.19.Final.jar:/home/travis/build/icyphy/ptII/lib/netty-resolver-4.1.19.Final.jar:/home/travis/build/icyphy/ptII/lib/netty-resolver-dns-4.1.19.Final.jar:/home/travis/build/icyphy/ptII/lib/netty-transport-4.1.19.Final.jar:/home/travis/build/icyphy/ptII/lib/vertx-codegen-3.5.1.jar:/home/travis/build/icyphy/ptII/lib/vertx-core-3.5.2-SNAPSHOT.jar:/home/travis/build/icyphy/ptII/lib/vertx-hazelcast-3.5.1.jar:/home/travis/build/icyphy/ptII/lib/vertx-lang-js-3.5.1.jar:/home/travis/build/icyphy/ptII/lib/vertx-service-proxy-3.5.1.jar:/home/travis/build/icyphy/ptII/lib/vertx-web-3.5.1.jar:/home/travis/build/icyphy/ptII/lib/slf4j-api-1.7.13.jar:/home/travis/build/icyphy/ptII/lib/slf4j-simple-1.7.13.jar:/home/travis/build/icyphy/ptII/lib/webcam-capture-0.3.12.jar:/home/travis/build/icyphy/ptII/lib/bridj-0.7.0.jar:/home/travis/build/icyphy/ptII/lib/xbjlib-1.1.0.nrjavaserial.jar" />
    <property name="timeout" value="2400000" />
    <property name="test.batch" value="**/junit/*.java" />
    <property name="env._" value="/usr/bin/timeout" />
    <property name="java.io.tmpdir" value="/tmp" />
    <property name="user.language" value="en" />
    <property name="env.TRAVIS_INTERNAL_RUBY_REGEX" value="^ruby-(2\.[0-4]\.[0-9]|1\.9\.3)" />
    <property name="env.HISTCONTROL" value="ignoredups:ignorespace" />
    <property name="env.GOROOT" value="/home/travis/.gimme/versions/go1.11.1.linux.amd64" />
    <property name="line.separator" value="&#xa;" />
    <property name="target" value="11" />
    <property name="env.TRAVIS_BUILD_DIR" value="/home/travis/build/icyphy/ptII" />
    <property name="env.ANT_OPTS" value="-Xmx2048m" />
    <property name="ant.file.type" value="file" />
    <property name="ptolemy.ptII.batchMode" value="true" />
    <property name="env.HISTSIZE" value="1000" />
    <property name="env.MERB_ENV" value="test" />
    <property name="java.vm.info" value="mixed mode" />
    <property name="source" value="11" />
    <property name="java.vm.specification.name" value="Java Virtual Machine Specification" />
    <property name="env.TRAVIS_TEST_RESULT" value="0" />
    <property name="jsdoc.command" value="node_modules/@terraswarm/jsdoc/jsdoc.js" />
    <property name="npm.works" value="true" />
    <property name="cobertura.dir" value="/home/travis/build/icyphy/ptII/vendors/cobertura-2.0.3" />
    <property name="jsdoc.command.exists" value="true" />
    <property name="env.rvm_path" value="/home/travis/.rvm" />
    <property name="env.GEM_PATH" value="/home/travis/.rvm/gems/ruby-2.5.3:/home/travis/.rvm/gems/ruby-2.5.3@global" />
    <property name="env.LC_CTYPE" value="en_US.UTF-8" />
    <property name="env.TRAVIS_CMD" value="$PTII/bin/ptIITravisBuild.sh $SECONDS" />
    <property name="java.awt.printerjob" value="sun.print.PSPrinterJob" />
    <property name="env.TRAVIS_STACK_NAME" value="sardonyx" />
    <property name="env.TRAVIS_TIMER_START_TIME" value="1598369225988758880" />
    <property name="ant.version" value="Apache Ant(TM) version 1.10.1 compiled on February 2 2017" />
    <property name="ptII.reports" value="/home/travis/build/icyphy/ptII/reports" />
    <property name="env.TRAVIS_STACK_TIMESTAMP" value="2020-06-24 13:13:18 UTC" />
    <property name="ant.file.type.ptII" value="file" />
    <property name="env.RBENV_SHELL" value="bash" />
    <property name="os.name" value="Linux" />
    <property name="java.specification.vendor" value="Oracle Corporation" />
    <property name="env.rvm_version" value="1.29.10 (latest)" />
    <property name="env.TRAVIS_INFRA" value="unknown" />
    <property name="env.TERM" value="xterm" />
    <property name="java.vm.name" value="OpenJDK 64-Bit Server VM" />
    <property name="env.TRAVIS_BUILD_NUMBER" value="1744" />
    <property name="env.CI" value="true" />
    <property name="java.library.path" value="/home/travis/pthla/certi-tools/lib:/usr/lib/jni:/usr/local/share/OpenCV/java/:/usr/share/OpenCV/java::/usr/java/packages/lib:/usr/lib64:/lib64:/lib:/usr/lib" />
    <property name="jdk.module.path" value="/home/travis/build/icyphy/ptII/vendors/javafx/javafx-sdk-11.0.2/lib:" />
    <property name="env.rvm_prefix" value="/home/travis" />
    <property name="env.PATH" value="/home/travis/pthla/certi-tools/share/scripts:/home/travis/.rvm/gems/ruby-2.5.3/bin:/home/travis/.rvm/gems/ruby-2.5.3@global/bin:/home/travis/.rvm/rubies/ruby-2.5.3/bin:/home/travis/.rvm/bin:/home/travis/.nvm/versions/node/v7.10.1/bin:./node_modules/.bin:/home/travis/build/icyphy/ptII/bin:/home/travis/pthla/certi-tools/bin:/home/travis/bin:/home/travis/.local/bin:/usr/local/lib/jvm/openjdk11/bin:/opt/pyenv/shims:/home/travis/.phpenv/shims:/home/travis/perl5/perlbrew/bin:/home/travis/gopath/bin:/home/travis/.gimme/versions/go1.11.1.linux.amd64/bin:/usr/local/maven-3.6.3/bin:/usr/local/cmake-3.12.4/bin:/usr/local/clang-7.0.0/bin:/usr/local/sbin:/usr/local/bin:/usr/sbin:/usr/bin:/sbin:/bin:/snap/bin:/home/travis/.phpenv/bin:/opt/pyenv/bin:/home/travis/.yarn/bin" />
    <property name="env.TRAVIS_OS_NAME" value="linux" />
    <property name="ant.java.version" value="9" />
    <property name="basedir" value="/home/travis/build/icyphy/ptII" />
    <property name="java.class.version" value="55.0" />
    <property name="env.SHLVL" value="3" />
    <property name="env.LD_LIBRARY_PATH" value="/home/travis/pthla/certi-tools/lib:/usr/lib/jni:/usr/local/share/OpenCV/java/:/usr/share/OpenCV/java:" />
    <property name="env.RACK_ENV" value="test" />
    <property name="ant.home" value="/home/travis/build/icyphy/ptII/ant" />
    <property name="env.NVM_DIR" value="/home/travis/.nvm" />
    <property name="env.CERTI_FOM_PATH" value="/home/travis/pthla/certi-tools/share/federations" />
    <property name="env.TRAVIS_BUILD_ID" value="721036509" />
    <property name="env.PYENV_ROOT" value="/opt/pyenv" />
    <property name="env.TRAVIS_UID" value="2000" />
    <property name="prism.verbose" value="true" />
    <property name="env.NVM_BIN" value="/home/travis/.nvm/versions/node/v7.10.1/bin" />
    <property name="env.TRAVIS_COMMIT" value="74248200255084cca0f8d02e5ad09f36c0965423" />
    <property name="node.executable" value="node" />
    <property name="sun.boot.library.path" value="/usr/local/lib/jvm/openjdk11/lib" />
    <property name="sun.management.compiler" value="HotSpot 64-Bit Tiered Compilers" />
    <property name="java.awt.graphicsenv" value="sun.awt.X11GraphicsEnvironment" />
    <property name="env.GOPATH" value="/home/travis/gopath" />
    <property name="ptolemy.ptII.dir" value="/home/travis/build/icyphy/ptII" />
    <property name="env.USER" value="travis" />
    <property name="env.HISTFILESIZE" value="2000" />
    <property name="env.NVM_INC" value="/home/travis/.nvm/versions/node/v7.10.1/include/node" />
    <property name="timeout.longest" value="19000000" />
    <property name="env.PERLBREW_SHELLRC_VERSION" value="0.88" />
    <property name="env.TRAVIS_STACK_FEATURES" value="basic couchdb disabled-ipv6 docker docker-compose elasticsearch firefox go-toolchain google-chrome jdk memcached mongodb mysql nodejs_interpreter perl_interpreter perlbrew phantomjs postgresql python_interpreter redis ruby_interpreter sqlite xserver" />
    <property name="env.TRAVIS_PULL_REQUEST" value="false" />
    <property name="env.PYENV_SHELL" value="bash" />
    <property name="ant.project.name" value="ptII" />
    <property name="env.ANSI_RESET" value="\033[0m" />
    <property name="java.vm.specification.version" value="11" />
    <property name="env.TRAVIS_DIST" value="xenial" />
    <property name="env.CERTI_VERSION" value="4.0.0" />
    <property name="env.CERTI_HOST" value="localhost" />
    <property name="awt.toolkit" value="sun.awt.X11.XToolkit" />
    <property name="env.MY_RUBY_HOME" value="/home/travis/.rvm/rubies/ruby-2.5.3" />
    <property name="sun.cpu.isalist" value="" />
    <property name="env.TRAVIS_TMPDIR" value="/tmp/tmp.yrMB3gCSC2" />
    <property name="java.vm.compressedOopsMode" value="Zero based" />
    <property name="os.version" value="4.15.0-1077-gcp" />
    <property name="user.home" value="/home/travis" />
    <property name="java.vm.vendor" value="Oracle Corporation" />
    <property name="env.TRAVIS_TAG" value="nightly" />
    <property name="env.ANSI_YELLOW" value="\033[33;1m" />
    <property name="env.TRAVIS_FILTERED" value="redirect_io" />
    <property name="env.ANSI_GREEN" value="\033[32;1m" />
    <property name="env.JAVA_HOME" value="/usr/local/lib/jvm/openjdk11" />
    <property name="javadoc.excludepackagenames" value="adm.cvs2svn.*,build.*,config.*,doc.coding.templates.*,jni.test.jni.meaningOfLife.*,jni.test.jni.testDeux.*,jni.test.jni.testTrois.*,org.terraswarm.accessor.accessors.web.node_modules.*,org.terraswarm.accessor.accessors.web.hosts.cordova.demo.*,org.terraswarm.accessor.accessors.web.hosts.cordova.plugins.*,org.terraswarm.accessor.accessors-svn.*,pt-modules.*,ptolemy.apps.agilent.*,ptolemy.apps.anytimecontrol.*,ptolemy.apps.apes.*,ptolemy.apps.charon.*,ptolemy.apps.crazyboard.*,ptolemy.apps.eclipse.*,ptolemy.apps.etherealSting.*,ptolemy.apps.fullscreen.*,ptolemy.apps.giotto.*,ptolemy.apps.ia.*,ptolemy.apps.interfaces.*,ptolemy.apps.jmf.*,ptolemy.apps.kurt.*,ptolemy.apps.kvm.*,ptolemy.apps.lego.*,ptolemy.apps.lejos.*,ptolemy.apps.midp.*,ptolemy.apps.mobileCoding.*,ptolemy.apps.pendulum.*,ptolemy.apps.rijndael.*,ptolemy.apps.robot.*,ptolemy.apps.security.*,ptolemy.apps.sobel.*,ptolemy.apps.soot.*,ptolemy.apps.throttle.*,ptolemy.apps.tini.*,ptolemy.apps.transmission.*,ptolemy.apps.vergil.*,ptolemy.apps.waba.*,ptolemy.apps.websensor.*,ptolemy.apps.webstart.*,ptolemy.apps.xsl.*,ptolemy.apps.zaurus.*,ptolemy.codegen.c.actor.lib.oldJavaFiles.*,ptolemy.codegen.dsp.lib.*,ptolemy.codegen.kernel.newInterfaces.*,ptolemy.codegen.lib.*,ptolemy.copernicus.kernel.fragment.*,ptolemy.copernicus.shallow.cg.*,ptolemy.domains.giotto.demo.Hierarchy.Hierarchy.*,ptolemy.domains.giotto.demo.Multimode.Multimode.*,ptolemy.domains.giotto.demo.Simple.Simple.*,ptolemy.domains.gr.lib.experimental.*,ptolemy.domains.gro.*,ptolemy.domains.pdf.*,ptolemy.domains.ptinyos.demo.Surge.output.*,ptolemy.moml.test.NoPackageActor.java*,ptolemy.plot.adm.*,ptolemy.plot.servlet.*,reports.*,signed.*,src.*,target.*,vendors.*,ptolemy.copernicus.applet.*,ptolemy.media.viewer.*,ptolemy.actor.corba.*,doc.doclets.*,ptolemy.apps.eclipse.awt.*,ptolemy.backtrack.*,ptolemy.backtrack.ast.*,ptolemy.cg.adapter.generic.program.procedural.c.mbed*,ptolemy.homer.*,ptolemy.actor.lib.jai.*,org.ptolemy.scala.*,diva.util.java2d.svg.*,ptolemy.domains.ptinyos.*,ptolemy.actor.lib.fmi.fmipp.*,,org.terraswarm.accessor.accessors.web.node_modules.*,org.terraswarm.accessor.accessors-svn,ptolemy.apps.*,ptolemy.actor.ptalon.demo.ptinyos.SendAndReceiveCnt.output,ptolemy.actor.ptalon.demo.ptinyos.SenseToLeds.output,ptolemy.domains.ptinyos.demo.CntToLedsAndRfm.output,ptolemy.domains.ptinyos.demo.RfmToLeds.output,ptolemy.domains.ptinyos.demo.SendAndReceiveCnt.output,ptolemy.domains.ptinyos.demo.SenseToLeds.output,ptolemy.actor.lib.jjs.modules.udpSocket.*" />
    <property name="env.PTII" value="/home/travis/build/icyphy/ptII" />
    <property name="env.XDG_SESSION_ID" value="2" />
    <property name="keystore" value="ptKeystore" />
    <property name="env.TRAVIS_COMMIT_MESSAGE" value="Exclude org/hlacerti/newModels1516e/VariableArrayPTIIJavaFed" />
    <property name="junit.output.dir" value="/home/travis/build/icyphy/ptII/reports/junit" />
    <property name="npm.return.code" value="0" />
    <property name="user.dir" value="/home/travis/build/icyphy/ptII/ptolemy/actor/lib/test" />
    <property name="env.TRAVIS_NODE_VERSION" value="7" />
    <property name="env.TRAVIS_EVENT_TYPE" value="cron" />
    <property name="env.MAIL" value="/var/mail/travis" />
    <property name="env.PERLBREW_ROOT" value="/home/travis/perl5/perlbrew" />
    <property name="env.PWD" value="/home/travis/build/icyphy/ptII" />
    <property name="timeout.npm" value="45000" />
    <property name="env.TRAVIS_ARCH" value="amd64" />
    <property name="sun.cpu.endian" value="little" />
    <property name="env.PAGER" value="cat" />
    <property name="env.TRAVIS_BUILD_STAGE_NAME" value="test" />
    <property name="env.PERLBREW_HOME" value="/home/travis/.perlbrew" />
    <property name="java.vm.version" value="11.0.2+9" />
    <property name="env.RAILS_ENV" value="test" />
    <property name="java.class.path" value="/home/travis/.ptolemyII:/home/travis/.ptolemyII/*:/home/travis/build/icyphy/ptII:/home/travis/build/icyphy/ptII/lib/bsh-2.0b4.jar:/home/travis/build/icyphy/ptII/lib/ptCal.jar:/home/travis/build/icyphy/ptII/lib/java_cup.jar:/home/travis/build/icyphy/ptII/lib/saxon8.jar:/home/travis/build/icyphy/ptII/lib/saxon8-dom.jar:/home/travis/build/icyphy/ptII/lib/chic.jar:/home/travis/build/icyphy/ptII/lib/ptcolt.jar:/home/travis/build/icyphy/ptII/vendors/misc/itext/iText.jar:/home/travis/build/icyphy/ptII/lib/g4ltl.jar:/home/travis/build/icyphy/ptII/lib/StructuralCoder.jar:/home/travis/build/icyphy/ptII/lib/jcerti.jar:/home/travis/build/icyphy/ptII/lib/javax.mail.jar:/home/travis/build/icyphy/ptII/vendors/JMF-2.1.1e/lib/jmf.jar:/home/travis/build/icyphy/ptII/lib/jna-4.0.0-variadic.jar:/home/travis/build/icyphy/ptII/vendors/misc/joystick/Joystick.jar:/home/travis/build/icyphy/ptII/lib/ptjacl.jar:/home/travis/build/icyphy/ptII/lib/jsoup-1.8.2.jar:/home/travis/build/icyphy/ptII/lib/junit-4.8.2.jar:/home/travis/build/icyphy/ptII/lib/JUnitParams-0.4.0.jar:/home/travis/build/icyphy/ptII/ptolemy/actor/lib/excel/jxl.jar:/home/travis/build/icyphy/ptII/lib/jython.jar:/home/travis/build/icyphy/ptII/lib/kieler.jar:/home/travis/build/icyphy/ptII/vendors/opencv/share/OpenCV/java/opencv-341.jar:/home/travis/build/icyphy/ptII/lib/oscP5.jar:/home/travis/build/icyphy/ptII/lib/nrjavaserial-3.11.0.devel.jar:/home/travis/build/icyphy/ptII/vendors/j3d/lib/Linux/j3dcore.jar:/home/travis/build/icyphy/ptII/vendors/j3d/lib/Linux/j3dutils.jar:/home/travis/build/icyphy/ptII/vendors/j3d/lib/Linux/vecmath.jar:/home/travis/build/icyphy/ptII/vendors/jogl/lib/Linux/gluegen-rt-natives-linux-amd64.jar:/home/travis/build/icyphy/ptII/vendors/jogl/lib/Linux/gluegen-rt.jar:/home/travis/build/icyphy/ptII/vendors/jogl/lib/Linux/jogl-all-natives-linux-amd64.jar:/home/travis/build/icyphy/ptII/vendors/jogl/lib/Linux/jogl-all.jar:/home/travis/build/icyphy/ptII/ptolemy/distributed/jini/jar/jini-core.jar:/home/travis/build/icyphy/ptII/ptolemy/distributed/jini/jar/jini-ext.jar:/home/travis/build/icyphy/ptII/ptolemy/distributed/jini/jar/sun-util.jar:/home/travis/build/icyphy/ptII/lib/protobuf-java-2.4.1.jar:/home/travis/build/icyphy/ptII/lib/org.eclipse.paho.client.mqttv3.jar:/home/travis/build/icyphy/ptII/lib/mapss.jar:/home/travis/build/icyphy/ptII/ptolemy/actor/ptalon/antlr/antlr.jar:/home/travis/build/icyphy/ptII/lib/JRI.jar:/home/travis/build/icyphy/ptII/lib/commons-lang-2.6.jar:/home/travis/build/icyphy/ptII/lib/commons-logging-1.1.1.jar:/home/travis/build/icyphy/ptII/lib/sootclasses.jar:/home/travis/build/icyphy/ptII/ptolemy/actor/lib/database/mysql-connector-java-5.1.6-bin.jar:/home/travis/build/icyphy/ptII/vendors/misc/sphinx4/sphinx4-data-5prealpha.jar:/home/travis/build/icyphy/ptII/vendors/misc/sphinx4/sphinx4-core-5prealpha.jar:/home/travis/build/icyphy/ptII/lib/PDFRenderer.jar:/home/travis/build/icyphy/ptII/lib/svgSalamander.jar:/home/travis/build/icyphy/ptII/lib/rsyntaxtextarea-2.6.0-SNAPSHOT.jar:/home/travis/build/icyphy/ptII/lib/hazelcast-3.8.2.jar:/home/travis/build/icyphy/ptII/lib/jackson-annotations-2.9.0.jar:/home/travis/build/icyphy/ptII/lib/jackson-core-2.9.3.jar:/home/travis/build/icyphy/ptII/lib/jackson-databind-2.9.3.jar:/home/travis/build/icyphy/ptII/lib/netty-buffer-4.1.19.Final.jar:/home/travis/build/icyphy/ptII/lib/netty-codec-4.1.19.Final.jar:/home/travis/build/icyphy/ptII/lib/netty-codec-dns-4.1.19.Final.jar:/home/travis/build/icyphy/ptII/lib/netty-codec-http-4.1.19.Final.jar:/home/travis/build/icyphy/ptII/lib/netty-codec-http2-4.1.19.Final.jar:/home/travis/build/icyphy/ptII/lib/netty-common-4.1.19.Final.jar:/home/travis/build/icyphy/ptII/lib/netty-handler-4.1.19.Final.jar:/home/travis/build/icyphy/ptII/lib/netty-resolver-4.1.19.Final.jar:/home/travis/build/icyphy/ptII/lib/netty-resolver-dns-4.1.19.Final.jar:/home/travis/build/icyphy/ptII/lib/netty-transport-4.1.19.Final.jar:/home/travis/build/icyphy/ptII/lib/vertx-codegen-3.5.1.jar:/home/travis/build/icyphy/ptII/lib/vertx-core-3.5.2-SNAPSHOT.jar:/home/travis/build/icyphy/ptII/lib/vertx-hazelcast-3.5.1.jar:/home/travis/build/icyphy/ptII/lib/vertx-lang-js-3.5.1.jar:/home/travis/build/icyphy/ptII/lib/vertx-service-proxy-3.5.1.jar:/home/travis/build/icyphy/ptII/lib/vertx-web-3.5.1.jar:/home/travis/build/icyphy/ptII/lib/slf4j-api-1.7.13.jar:/home/travis/build/icyphy/ptII/lib/slf4j-simple-1.7.13.jar:/home/travis/build/icyphy/ptII/lib/webcam-capture-0.3.12.jar:/home/travis/build/icyphy/ptII/lib/bridj-0.7.0.jar:/home/travis/build/icyphy/ptII/lib/xbjlib-1.1.0.nrjavaserial.jar:/home/travis/build/icyphy/ptII/ptolemy/moml/test:/home/travis/build/icyphy/ptII/ant/lib/ant-launcher.jar:/home/travis/build/icyphy/ptII/ant/lib/ant.jar:/home/travis/build/icyphy/ptII/ant/lib/ant-junit.jar:/home/travis/build/icyphy/ptII/ant/lib/ant-junit4.jar" />
    <property name="ant.library.dir" value="/home/travis/build/icyphy/ptII/ant/lib" />
    <property name="os.arch" value="amd64" />
    <property name="env.CONTINUOUS_INTEGRATION" value="true" />
    <property name="env.TRAVIS_LANGUAGE" value="node_js" />
    <property name="env.TRAVIS_STACK_LANGUAGES" value="__sardonyx__ c c++ clojure cplusplus cpp default generic go groovy java node_js php pure_java python ruby scala" />
    <property name="test.name" value="ptolemy.actor.lib.test.junit.JUnitTclTest" />
    <property name="env.APT_KEY_DONT_WARN_ON_DANGEROUS_USAGE" value="1" />
    <property name="sun.java.launcher" value="SUN_STANDARD" />
    <property name="env.PYTHON_CONFIGURE_OPTS" value="--enable-unicode=ucs4 --with-wide-unicode --enable-shared --enable-ipv6 --enable-loadable-sqlite-extensions --with-computed-gotos" />
    <property name="ant.core.lib" value="/home/travis/build/icyphy/ptII/ant/lib/ant.jar" />
    <property name="java.vm.specification.vendor" value="Oracle Corporation" />
    <property name="env.BCVTB_HOME" value="/home/travis/build/icyphy/ptII/lbnl" />
    <property name="file.separator" value="/" />
    <property name="spotbugs.home" value="/home/travis/build/icyphy/ptII/vendors/spotbugs-3.1.1" />
    <property name="java.runtime.version" value="11.0.2+9" />
    <property name="env.ANSI_CLEAR" value="\033[0K" />
    <property name="javafx.verbose" value="true" />
    <property name="env.HAS_JOSH_K_SEAL_OF_APPROVAL" value="true" />
    <property name="env.XDG_RUNTIME_DIR" value="/run/user/2000" />
    <property name="env.TRAVIS_OSX_IMAGE" value="" />
    <property name="env.TRAVIS_JOB_ID" value="721036522" />
    <property name="env.TRAVIS_BRANCH" value="master" />
    <property name="user.country" value="US" />
    <property name="env.CERTI_HOME_TRAVIS" value="/home/travis/pthla/certi-tools" />
    <property name="env.SHELL" value="/bin/bash" />
    <property name="java.maxmemory.large" value="3200m" />
    <property name="model" value="" />
    <property name="env.CASHER_DIR" value="/home/travis/.casher" />
    <property name="env.NVM_CD_FLAGS" value="" />
    <property name="java.vendor.version" value="18.9" />
    <property name="jshint.executable" value="/home/travis/node_modules/jshint/bin/jshint" />
    <property name="env.JRUBY_OPTS" value=" --client -J-XX:+TieredCompilation -J-XX:TieredStopAtLevel=1 -J-Xss2m -Xcompile.invokedynamic=false" />
    <property name="java.vendor" value="Oracle Corporation" />
    <property name="env.TRAVIS_PRE_CHEF_BOOTSTRAP_TIME" value="2020-06-24T13:13:03" />
    <property name="env.TRAVIS_STACK_JOB_BOARD_REGISTER" value="/.job-board-register.yml" />
    <property name="env.ANSI_RED" value="\033[31;1m" />
    <property name="java.specification.version" value="11" />
    <property name="env.IRBRC" value="/home/travis/.rvm/rubies/ruby-2.5.3/.irbrc" />
    <property name="env.TRAVIS" value="true" />
    <property name="sun.arch.data.model" value="64" />
  </properties>
  <testcase classname="ptolemy.util.test.junit.TclTests" name="[0] /home/travis/build/icyphy/ptII/ptolemy/actor/lib/test/AbsoluteValue.tcl (RunTclFile)" time="0.517" />
  <testcase classname="ptolemy.util.test.junit.TclTests" name="[1] /home/travis/build/icyphy/ptII/ptolemy/actor/lib/test/AddSubtract.tcl (RunTclFile)" time="0.17" />
  <testcase classname="ptolemy.util.test.junit.TclTests" name="[2] /home/travis/build/icyphy/ptII/ptolemy/actor/lib/test/Average.tcl (RunTclFile)" time="0.065" />
  <testcase classname="ptolemy.util.test.junit.TclTests" name="[3] /home/travis/build/icyphy/ptII/ptolemy/actor/lib/test/Bernoulli.tcl (RunTclFile)" time="0.02" />
  <testcase classname="ptolemy.util.test.junit.TclTests" name="[4] /home/travis/build/icyphy/ptII/ptolemy/actor/lib/test/Clock.tcl (RunTclFile)" time="0.097" />
  <testcase classname="ptolemy.util.test.junit.TclTests" name="[5] /home/travis/build/icyphy/ptII/ptolemy/actor/lib/test/Commutator.tcl (RunTclFile)" time="0.186" />
  <testcase classname="ptolemy.util.test.junit.TclTests" name="[6] /home/travis/build/icyphy/ptII/ptolemy/actor/lib/test/Const.tcl (RunTclFile)" time="0.155" />
  <testcase classname="ptolemy.util.test.junit.TclTests" name="[7] /home/travis/build/icyphy/ptII/ptolemy/actor/lib/test/CurrentTime.tcl (RunTclFile)" time="0.049" />
  <testcase classname="ptolemy.util.test.junit.TclTests" name="[8] /home/travis/build/icyphy/ptII/ptolemy/actor/lib/test/DB.tcl (RunTclFile)" time="0.045" />
  <testcase classname="ptolemy.util.test.junit.TclTests" name="[9] /home/travis/build/icyphy/ptII/ptolemy/actor/lib/test/DiscreteRandomSource.tcl (RunTclFile)" time="0.053" />
  <testcase classname="ptolemy.util.test.junit.TclTests" name="[10] /home/travis/build/icyphy/ptII/ptolemy/actor/lib/test/Distributor.tcl (RunTclFile)" time="0.067" />
  <testcase classname="ptolemy.util.test.junit.TclTests" name="[11] /home/travis/build/icyphy/ptII/ptolemy/actor/lib/test/Exit.tcl (RunTclFile)" time="0.087" />
  <testcase classname="ptolemy.util.test.junit.TclTests" name="[12] /home/travis/build/icyphy/ptII/ptolemy/actor/lib/test/Expression.tcl (RunTclFile)" time="0.068" />
  <testcase classname="ptolemy.util.test.junit.TclTests" name="[13] /home/travis/build/icyphy/ptII/ptolemy/actor/lib/test/Gaussian.tcl (RunTclFile)" time="0.12" />
  <testcase classname="ptolemy.util.test.junit.TclTests" name="[14] /home/travis/build/icyphy/ptII/ptolemy/actor/lib/test/IIR.tcl (RunTclFile)" time="0.022" />
  <testcase classname="ptolemy.util.test.junit.TclTests" name="[15] /home/travis/build/icyphy/ptII/ptolemy/actor/lib/test/Interpolator.tcl (RunTclFile)" time="0.057" />
  <testcase classname="ptolemy.util.test.junit.TclTests" name="[16] /home/travis/build/icyphy/ptII/ptolemy/actor/lib/test/MathFunction.tcl (RunTclFile)" time="0.044" />
  <testcase classname="ptolemy.util.test.junit.TclTests" name="[17] /home/travis/build/icyphy/ptII/ptolemy/actor/lib/test/Maximum.tcl (RunTclFile)" time="0.035" />
  <testcase classname="ptolemy.util.test.junit.TclTests" name="[18] /home/travis/build/icyphy/ptII/ptolemy/actor/lib/test/Minimum.tcl (RunTclFile)" time="0.037" />
  <testcase classname="ptolemy.util.test.junit.TclTests" name="[19] /home/travis/build/icyphy/ptII/ptolemy/actor/lib/test/MultiplyDivide.tcl (RunTclFile)" time="0.05" />
  <testcase classname="ptolemy.util.test.junit.TclTests" name="[20] /home/travis/build/icyphy/ptII/ptolemy/actor/lib/test/OrderedMerge.tcl (RunTclFile)" time="0.134" />
  <testcase classname="ptolemy.util.test.junit.TclTests" name="[21] /home/travis/build/icyphy/ptII/ptolemy/actor/lib/test/Publisher.tcl (RunTclFile)" time="0.867" />
  <testcase classname="ptolemy.util.test.junit.TclTests" name="[22] /home/travis/build/icyphy/ptII/ptolemy/actor/lib/test/Pulse.tcl (RunTclFile)" time="0.082" />
  <testcase classname="ptolemy.util.test.junit.TclTests" name="[23] /home/travis/build/icyphy/ptII/ptolemy/actor/lib/test/Ramp.tcl (RunTclFile)" time="2.296" />
  <testcase classname="ptolemy.util.test.junit.TclTests" name="[24] /home/travis/build/icyphy/ptII/ptolemy/actor/lib/test/RampContinuous.tcl (RunTclFile)" time="0.019" />
  <testcase classname="ptolemy.util.test.junit.TclTests" name="[25] /home/travis/build/icyphy/ptII/ptolemy/actor/lib/test/RecordAssembler.tcl (RunTclFile)" time="0.017" />
  <testcase classname="ptolemy.util.test.junit.TclTests" name="[26] /home/travis/build/icyphy/ptII/ptolemy/actor/lib/test/RecordDisassembler.tcl (RunTclFile)" time="0.032" />
  <testcase classname="ptolemy.util.test.junit.TclTests" name="[27] /home/travis/build/icyphy/ptII/ptolemy/actor/lib/test/Scale.tcl (RunTclFile)" time="0.036" />
  <testcase classname="ptolemy.util.test.junit.TclTests" name="[28] /home/travis/build/icyphy/ptII/ptolemy/actor/lib/test/SequentialClock.tcl (RunTclFile)" time="0.016" />
  <testcase classname="ptolemy.util.test.junit.TclTests" name="[29] /home/travis/build/icyphy/ptII/ptolemy/actor/lib/test/SetVariable.tcl (RunTclFile)" time="0.023" />
  <testcase classname="ptolemy.util.test.junit.TclTests" name="[30] /home/travis/build/icyphy/ptII/ptolemy/actor/lib/test/Sinewave.tcl (RunTclFile)" time="0.063" />
  <testcase classname="ptolemy.util.test.junit.TclTests" name="[31] /home/travis/build/icyphy/ptII/ptolemy/actor/lib/test/SubscriptionAggregator.tcl (RunTclFile)" time="2.176" />
  <testcase classname="ptolemy.util.test.junit.TclTests" name="[32] /home/travis/build/icyphy/ptII/ptolemy/actor/lib/test/Test.tcl (RunTclFile)" time="0.124" />
  <testcase classname="ptolemy.util.test.junit.TclTests" name="[33] /home/travis/build/icyphy/ptII/ptolemy/actor/lib/test/TestExceptionHandler.tcl (RunTclFile)" time="0.013" />
  <testcase classname="ptolemy.util.test.junit.TclTests" name="[34] /home/travis/build/icyphy/ptII/ptolemy/actor/lib/test/UnionDisassembler.tcl (RunTclFile)" time="0.051" />
  <testcase classname="ptolemy.util.test.junit.TclTests" name="[35] /home/travis/build/icyphy/ptII/ptolemy/actor/lib/test/VariableClock.tcl (RunTclFile)" time="0.035" />
  <testcase classname="ptolemy.util.test.junit.AutoKnownFailedTests" name="[0] /home/travis/build/icyphy/ptII/ptolemy/actor/lib/test/auto/knownFailedTests/PublisherPortToplevelSubscriber.xml (RunModel)" time="0.028" />
  <testcase classname="ptolemy.util.test.junit.AutoKnownFailedTests" name="[1] /home/travis/build/icyphy/ptII/ptolemy/actor/lib/test/auto/knownFailedTests/PublisherSubscriberPortToplevel.xml (RunModel)" time="0.022" />
  <testcase classname="ptolemy.util.test.junit.AutoKnownFailedTests" name="[2] /home/travis/build/icyphy/ptII/ptolemy/actor/lib/test/auto/knownFailedTests/PublisherSubscriptionAggregatorPort.xml (RunModel)" time="0.029" />
  <testcase classname="ptolemy.util.test.junit.AutoKnownFailedTests" name="[3] /home/travis/build/icyphy/ptII/ptolemy/actor/lib/test/auto/knownFailedTests/sizedarray3.xml (RunModel)" time="0.04" />
  <testcase classname="ptolemy.util.test.junit.AutoNameArchTests" name="[0] ThereAreNoAutoArchTests (RunModel)" time="0.001" />
  <testcase classname="ptolemy.util.test.junit.AutoTests" name="[0] /home/travis/build/icyphy/ptII/ptolemy/actor/lib/test/auto/AbsoluteValue.xml (RunModel)" time="0.112" />
  <testcase classname="ptolemy.util.test.junit.AutoTests" name="[1] /home/travis/build/icyphy/ptII/ptolemy/actor/lib/test/auto/AbsoluteValue2.xml (RunModel)" time="0.059" />
  <testcase classname="ptolemy.util.test.junit.AutoTests" name="[2] /home/travis/build/icyphy/ptII/ptolemy/actor/lib/test/auto/Accumulator.xml (RunModel)" time="0.044" />
  <testcase classname="ptolemy.util.test.junit.AutoTests" name="[3] /home/travis/build/icyphy/ptII/ptolemy/actor/lib/test/auto/Accumulator2.xml (RunModel)" time="0.018" />
  <testcase classname="ptolemy.util.test.junit.AutoTests" name="[4] /home/travis/build/icyphy/ptII/ptolemy/actor/lib/test/auto/Accumulator3.xml (RunModel)" time="0.014" />
  <testcase classname="ptolemy.util.test.junit.AutoTests" name="[5] /home/travis/build/icyphy/ptII/ptolemy/actor/lib/test/auto/ArrayAppend.xml (RunModel)" time="0.035" />
  <testcase classname="ptolemy.util.test.junit.AutoTests" name="[6] /home/travis/build/icyphy/ptII/ptolemy/actor/lib/test/auto/ArrayAppend2.xml (RunModel)" time="0.385" />
  <testcase classname="ptolemy.util.test.junit.AutoTests" name="[7] /home/travis/build/icyphy/ptII/ptolemy/actor/lib/test/auto/ArrayAppend3.xml (RunModel)" time="0.031" />
  <testcase classname="ptolemy.util.test.junit.AutoTests" name="[8] /home/travis/build/icyphy/ptII/ptolemy/actor/lib/test/auto/ArrayAppend4.xml (RunModel)" time="0.025" />
  <testcase classname="ptolemy.util.test.junit.AutoTests" name="[9] /home/travis/build/icyphy/ptII/ptolemy/actor/lib/test/auto/ArrayAppend5.xml (RunModel)" time="0.021" />
  <testcase classname="ptolemy.util.test.junit.AutoTests" name="[10] /home/travis/build/icyphy/ptII/ptolemy/actor/lib/test/auto/ArrayAppend6.xml (RunModel)" time="0.023" />
  <testcase classname="ptolemy.util.test.junit.AutoTests" name="[11] /home/travis/build/icyphy/ptII/ptolemy/actor/lib/test/auto/ArrayAppendPerformanceTest.xml (RunModel)" time="0.056" />
  <testcase classname="ptolemy.util.test.junit.AutoTests" name="[12] /home/travis/build/icyphy/ptII/ptolemy/actor/lib/test/auto/ArrayAppendWithEmptyInput.xml (RunModel)" time="0.034" />
  <testcase classname="ptolemy.util.test.junit.AutoTests" name="[13] /home/travis/build/icyphy/ptII/ptolemy/actor/lib/test/auto/ArrayAverage.xml (RunModel)" time="0.073" />
  <testcase classname="ptolemy.util.test.junit.AutoTests" name="[14] /home/travis/build/icyphy/ptII/ptolemy/actor/lib/test/auto/ArrayContains.xml (RunModel)" time="0.019" />
  <testcase classname="ptolemy.util.test.junit.AutoTests" name="[15] /home/travis/build/icyphy/ptII/ptolemy/actor/lib/test/auto/ArrayElement.xml (RunModel)" time="0.018" />
  <testcase classname="ptolemy.util.test.junit.AutoTests" name="[16] /home/travis/build/icyphy/ptII/ptolemy/actor/lib/test/auto/ArrayElementAsMatrix.xml (RunModel)" time="0.05" />
  <testcase classname="ptolemy.util.test.junit.AutoTests" name="[17] /home/travis/build/icyphy/ptII/ptolemy/actor/lib/test/auto/ArrayElementI.xml (RunModel)" time="0.014" />
  <testcase classname="ptolemy.util.test.junit.AutoTests" name="[18] /home/travis/build/icyphy/ptII/ptolemy/actor/lib/test/auto/ArrayExtract.xml (RunModel)" time="0.043" />
  <testcase classname="ptolemy.util.test.junit.AutoTests" name="[19] /home/travis/build/icyphy/ptII/ptolemy/actor/lib/test/auto/ArrayExtract2.xml (RunModel)" time="0.02" />
  <testcase classname="ptolemy.util.test.junit.AutoTests" name="[20] /home/travis/build/icyphy/ptII/ptolemy/actor/lib/test/auto/ArrayLength.xml (RunModel)" time="0.015" />
  <testcase classname="ptolemy.util.test.junit.AutoTests" name="[21] /home/travis/build/icyphy/ptII/ptolemy/actor/lib/test/auto/ArrayLevelCrossing.xml (RunModel)" time="0.028" />
  <testcase classname="ptolemy.util.test.junit.AutoTests" name="[22] /home/travis/build/icyphy/ptII/ptolemy/actor/lib/test/auto/ArrayLevelCrossing2.xml (RunModel)" time="0.022" />
  <testcase classname="ptolemy.util.test.junit.AutoTests" name="[23] /home/travis/build/icyphy/ptII/ptolemy/actor/lib/test/auto/ArrayPeakSearch.xml (RunModel)" time="0.036" />
  <testcase classname="ptolemy.util.test.junit.AutoTests" name="[24] /home/travis/build/icyphy/ptII/ptolemy/actor/lib/test/auto/ArrayPeakSearch2.xml (RunModel)" time="0.033" />
  <testcase classname="ptolemy.util.test.junit.AutoTests" name="[25] /home/travis/build/icyphy/ptII/ptolemy/actor/lib/test/auto/ArrayPeakSearch3.xml (RunModel)" time="0.041" />
  <testcase classname="ptolemy.util.test.junit.AutoTests" name="[26] /home/travis/build/icyphy/ptII/ptolemy/actor/lib/test/auto/ArrayRemoveElement.xml (RunModel)" time="0.033" />
  <testcase classname="ptolemy.util.test.junit.AutoTests" name="[27] /home/travis/build/icyphy/ptII/ptolemy/actor/lib/test/auto/ArraySort.xml (RunModel)" time="0.036" />
  <testcase classname="ptolemy.util.test.junit.AutoTests" name="[28] /home/travis/build/icyphy/ptII/ptolemy/actor/lib/test/auto/ArraySum.xml (RunModel)" time="0.018" />
  <testcase classname="ptolemy.util.test.junit.AutoTests" name="[29] /home/travis/build/icyphy/ptII/ptolemy/actor/lib/test/auto/ArrayToElements.xml (RunModel)" time="0.037" />
  <testcase classname="ptolemy.util.test.junit.AutoTests" name="[30] /home/travis/build/icyphy/ptII/ptolemy/actor/lib/test/auto/ArrayToMatrix.xml (RunModel)" time="0.055" />
  <testcase classname="ptolemy.util.test.junit.AutoTests" name="[31] /home/travis/build/icyphy/ptII/ptolemy/actor/lib/test/auto/ArrayUpdate1.xml (RunModel)" time="0.016" />
  <testcase classname="ptolemy.util.test.junit.AutoTests" name="[32] /home/travis/build/icyphy/ptII/ptolemy/actor/lib/test/auto/ArrayUpdate2.xml (RunModel)" time="0.016" />
  <testcase classname="ptolemy.util.test.junit.AutoTests" name="[33] /home/travis/build/icyphy/ptII/ptolemy/actor/lib/test/auto/ArrayUpdate3.xml (RunModel)" time="0.023" />
  <testcase classname="ptolemy.util.test.junit.AutoTests" name="[34] /home/travis/build/icyphy/ptII/ptolemy/actor/lib/test/auto/Assert1.xml (RunModel)" time="0.024" />
  <testcase classname="ptolemy.util.test.junit.AutoTests" name="[35] /home/travis/build/icyphy/ptII/ptolemy/actor/lib/test/auto/Assert2.xml (RunModel)" time="0.015" />
  <testcase classname="ptolemy.util.test.junit.AutoTests" name="[36] /home/travis/build/icyphy/ptII/ptolemy/actor/lib/test/auto/BooleanMultiplexor.xml (RunModel)" time="0.017" />
  <testcase classname="ptolemy.util.test.junit.AutoTests" name="[37] /home/travis/build/icyphy/ptII/ptolemy/actor/lib/test/auto/BooleanMultiplexor2.xml (RunModel)" time="0.029" />
  <testcase classname="ptolemy.util.test.junit.AutoTests" name="[38] /home/travis/build/icyphy/ptII/ptolemy/actor/lib/test/auto/BooleanMultiplexor3.xml (RunModel)" time="0.024" />
  <testcase classname="ptolemy.util.test.junit.AutoTests" name="[39] /home/travis/build/icyphy/ptII/ptolemy/actor/lib/test/auto/BooleanSelect.xml (RunModel)" time="0.022" />
  <testcase classname="ptolemy.util.test.junit.AutoTests" name="[40] /home/travis/build/icyphy/ptII/ptolemy/actor/lib/test/auto/BooleanSelect2.xml (RunModel)" time="0.022" />
  <testcase classname="ptolemy.util.test.junit.AutoTests" name="[41] /home/travis/build/icyphy/ptII/ptolemy/actor/lib/test/auto/BooleanSwitch.xml (RunModel)" time="0.023" />
  <testcase classname="ptolemy.util.test.junit.AutoTests" name="[42] /home/travis/build/icyphy/ptII/ptolemy/actor/lib/test/auto/BooleanSwitch2.xml (RunModel)" time="0.016" />
  <testcase classname="ptolemy.util.test.junit.AutoTests" name="[43] /home/travis/build/icyphy/ptII/ptolemy/actor/lib/test/auto/BooleanSwitchCloningBugWithClassRelationGroup.xml (RunModel)" time="0.039" />
  <testcase classname="ptolemy.util.test.junit.AutoTests" name="[44] /home/travis/build/icyphy/ptII/ptolemy/actor/lib/test/auto/BusActors.xml (RunModel)" time="0.038" />
  <testcase classname="ptolemy.util.test.junit.AutoTests" name="[45] /home/travis/build/icyphy/ptII/ptolemy/actor/lib/test/auto/ClassWrapper.xml (RunModel)" time="0.02" />
  <testcase classname="ptolemy.util.test.junit.AutoTests" name="[46] /home/travis/build/icyphy/ptII/ptolemy/actor/lib/test/auto/Clock.xml (RunModel)" time="0.011" />
  <testcase classname="ptolemy.util.test.junit.AutoTests" name="[47] /home/travis/build/icyphy/ptII/ptolemy/actor/lib/test/auto/Clock10.xml (RunModel)" time="0.035" />
  <testcase classname="ptolemy.util.test.junit.AutoTests" name="[48] /home/travis/build/icyphy/ptII/ptolemy/actor/lib/test/auto/Clock11.xml (RunModel)" time="0.018" />
  <testcase classname="ptolemy.util.test.junit.AutoTests" name="[49] /home/travis/build/icyphy/ptII/ptolemy/actor/lib/test/auto/Clock12.xml (RunModel)" time="0.02" />
  <testcase classname="ptolemy.util.test.junit.AutoTests" name="[50] /home/travis/build/icyphy/ptII/ptolemy/actor/lib/test/auto/Clock13.xml (RunModel)" time="0.019" />
  <testcase classname="ptolemy.util.test.junit.AutoTests" name="[51] /home/travis/build/icyphy/ptII/ptolemy/actor/lib/test/auto/Clock14.xml (RunModel)" time="0.018" />
  <testcase classname="ptolemy.util.test.junit.AutoTests" name="[52] /home/travis/build/icyphy/ptII/ptolemy/actor/lib/test/auto/Clock15.xml (RunModel)" time="0.02" />
  <testcase classname="ptolemy.util.test.junit.AutoTests" name="[53] /home/travis/build/icyphy/ptII/ptolemy/actor/lib/test/auto/Clock16.xml (RunModel)" time="0.097" />
  <testcase classname="ptolemy.util.test.junit.AutoTests" name="[54] /home/travis/build/icyphy/ptII/ptolemy/actor/lib/test/auto/Clock17.xml (RunModel)" time="0.057" />
  <testcase classname="ptolemy.util.test.junit.AutoTests" name="[55] /home/travis/build/icyphy/ptII/ptolemy/actor/lib/test/auto/Clock18.xml (RunModel)" time="0.038" />
  <testcase classname="ptolemy.util.test.junit.AutoTests" name="[56] /home/travis/build/icyphy/ptII/ptolemy/actor/lib/test/auto/Clock19.xml (RunModel)" time="0.046" />
  <testcase classname="ptolemy.util.test.junit.AutoTests" name="[57] /home/travis/build/icyphy/ptII/ptolemy/actor/lib/test/auto/Clock2.xml (RunModel)" time="0.011" />
  <testcase classname="ptolemy.util.test.junit.AutoTests" name="[58] /home/travis/build/icyphy/ptII/ptolemy/actor/lib/test/auto/Clock20.xml (RunModel)" time="0.022" />
  <testcase classname="ptolemy.util.test.junit.AutoTests" name="[59] /home/travis/build/icyphy/ptII/ptolemy/actor/lib/test/auto/Clock21.xml (RunModel)" time="0.016" />
  <testcase classname="ptolemy.util.test.junit.AutoTests" name="[60] /home/travis/build/icyphy/ptII/ptolemy/actor/lib/test/auto/Clock22.xml (RunModel)" time="0.013" />
  <testcase classname="ptolemy.util.test.junit.AutoTests" name="[61] /home/travis/build/icyphy/ptII/ptolemy/actor/lib/test/auto/Clock23.xml (RunModel)" time="0.028" />
  <testcase classname="ptolemy.util.test.junit.AutoTests" name="[62] /home/travis/build/icyphy/ptII/ptolemy/actor/lib/test/auto/Clock24.xml (RunModel)" time="0.016" />
  <testcase classname="ptolemy.util.test.junit.AutoTests" name="[63] /home/travis/build/icyphy/ptII/ptolemy/actor/lib/test/auto/Clock4.xml (RunModel)" time="0.013" />
  <testcase classname="ptolemy.util.test.junit.AutoTests" name="[64] /home/travis/build/icyphy/ptII/ptolemy/actor/lib/test/auto/Clock5.xml (RunModel)" time="0.017" />
  <testcase classname="ptolemy.util.test.junit.AutoTests" name="[65] /home/travis/build/icyphy/ptII/ptolemy/actor/lib/test/auto/Clock6.xml (RunModel)" time="0.011" />
  <testcase classname="ptolemy.util.test.junit.AutoTests" name="[66] /home/travis/build/icyphy/ptII/ptolemy/actor/lib/test/auto/Clock7.xml (RunModel)" time="0.01" />
  <testcase classname="ptolemy.util.test.junit.AutoTests" name="[67] /home/travis/build/icyphy/ptII/ptolemy/actor/lib/test/auto/Clock8.xml (RunModel)" time="0.013" />
  <testcase classname="ptolemy.util.test.junit.AutoTests" name="[68] /home/travis/build/icyphy/ptII/ptolemy/actor/lib/test/auto/Clock9.xml (RunModel)" time="0.018" />
  <testcase classname="ptolemy.util.test.junit.AutoTests" name="[69] /home/travis/build/icyphy/ptII/ptolemy/actor/lib/test/auto/CommDistDiscard.xml (RunModel)" time="0.027" />
  <testcase classname="ptolemy.util.test.junit.AutoTests" name="[70] /home/travis/build/icyphy/ptII/ptolemy/actor/lib/test/auto/Commutator.xml (RunModel)" time="0.014" />
  <testcase classname="ptolemy.util.test.junit.AutoTests" name="[71] /home/travis/build/icyphy/ptII/ptolemy/actor/lib/test/auto/Commutator2.xml (RunModel)" time="0.011" />
  <testcase classname="ptolemy.util.test.junit.AutoTests" name="[72] /home/travis/build/icyphy/ptII/ptolemy/actor/lib/test/auto/Commutator3.xml (RunModel)" time="0.013" />
  <testcase classname="ptolemy.util.test.junit.AutoTests" name="[73] /home/travis/build/icyphy/ptII/ptolemy/actor/lib/test/auto/Compare.xml (RunModel)" time="0.019" />
  <testcase classname="ptolemy.util.test.junit.AutoTests" name="[74] /home/travis/build/icyphy/ptII/ptolemy/actor/lib/test/auto/CompareDE.xml (RunModel)" time="0.017" />
  <testcase classname="ptolemy.util.test.junit.AutoTests" name="[75] /home/travis/build/icyphy/ptII/ptolemy/actor/lib/test/auto/ComplexDivide.xml (RunModel)" time="0.013" />
  <testcase classname="ptolemy.util.test.junit.AutoTests" name="[76] /home/travis/build/icyphy/ptII/ptolemy/actor/lib/test/auto/ComputeHistogram.xml (RunModel)" time="0.053" />
  <testcase classname="ptolemy.util.test.junit.AutoTests" name="[77] /home/travis/build/icyphy/ptII/ptolemy/actor/lib/test/auto/ConfigurationSelect.xml (RunModel)" time="0.018" />
  <testcase classname="ptolemy.util.test.junit.AutoTests" name="[78] /home/travis/build/icyphy/ptII/ptolemy/actor/lib/test/auto/ConfigurationSelect2.xml (RunModel)" time="0.018" />
  <testcase classname="ptolemy.util.test.junit.AutoTests" name="[79] /home/travis/build/icyphy/ptII/ptolemy/actor/lib/test/auto/ConfigurationSwitch.xml (RunModel)" time="0.022" />
  <testcase classname="ptolemy.util.test.junit.AutoTests" name="[80] /home/travis/build/icyphy/ptII/ptolemy/actor/lib/test/auto/ConfigurationSwitch2.xml (RunModel)" time="0.022" />
  <testcase classname="ptolemy.util.test.junit.AutoTests" name="[81] /home/travis/build/icyphy/ptII/ptolemy/actor/lib/test/auto/ConfigurationSwitchCloningBugWithClassRelationGroup.xml (RunModel)" time="0.02" />
  <testcase classname="ptolemy.util.test.junit.AutoTests" name="[82] /home/travis/build/icyphy/ptII/ptolemy/actor/lib/test/auto/ConfigurationSwitchSelectSDF.xml (RunModel)" time="0.017" />
  <testcase classname="ptolemy.util.test.junit.AutoTests" name="[83] /home/travis/build/icyphy/ptII/ptolemy/actor/lib/test/auto/ConfigurationSwitchSelectSDF2.xml (RunModel)" time="0.014" />
  <testcase classname="ptolemy.util.test.junit.AutoTests" name="[84] /home/travis/build/icyphy/ptII/ptolemy/actor/lib/test/auto/Const.xml (RunModel)" time="0.008" />
  <testcase classname="ptolemy.util.test.junit.AutoTests" name="[85] /home/travis/build/icyphy/ptII/ptolemy/actor/lib/test/auto/Const2.xml (RunModel)" time="0.009" />
  <testcase classname="ptolemy.util.test.junit.AutoTests" name="[86] /home/travis/build/icyphy/ptII/ptolemy/actor/lib/test/auto/Const3.xml (RunModel)" time="0.007" />
  <testcase classname="ptolemy.util.test.junit.AutoTests" name="[87] /home/travis/build/icyphy/ptII/ptolemy/actor/lib/test/auto/ConstantPublisherPort1.xml (RunModel)" time="0.024" />
  <testcase classname="ptolemy.util.test.junit.AutoTests" name="[88] /home/travis/build/icyphy/ptII/ptolemy/actor/lib/test/auto/ConstantPublisherPort2.xml (RunModel)" time="0.024" />
  <testcase classname="ptolemy.util.test.junit.AutoTests" name="[89] /home/travis/build/icyphy/ptII/ptolemy/actor/lib/test/auto/ConstantPublisherPort3.xml (RunModel)" time="0.019" />
  <testcase classname="ptolemy.util.test.junit.AutoTests" name="[90] /home/travis/build/icyphy/ptII/ptolemy/actor/lib/test/auto/ConstantPublisherPort4.xml (RunModel)" time="0.015" />
  <testcase classname="ptolemy.util.test.junit.AutoTests" name="[91] /home/travis/build/icyphy/ptII/ptolemy/actor/lib/test/auto/ConstantPublisherPort5.xml (RunModel)" time="0.039" />
  <testcase classname="ptolemy.util.test.junit.AutoTests" name="[92] /home/travis/build/icyphy/ptII/ptolemy/actor/lib/test/auto/ConstantPublisherPort6.xml (RunModel)" time="0.028" />
  <testcase classname="ptolemy.util.test.junit.AutoTests" name="[93] /home/travis/build/icyphy/ptII/ptolemy/actor/lib/test/auto/ConstantPublisherPort7.xml (RunModel)" time="0.039" />
  <testcase classname="ptolemy.util.test.junit.AutoTests" name="[94] /home/travis/build/icyphy/ptII/ptolemy/actor/lib/test/auto/ConstraintMonitor1.xml (RunModel)" time="0.042" />
  <testcase classname="ptolemy.util.test.junit.AutoTests" name="[95] /home/travis/build/icyphy/ptII/ptolemy/actor/lib/test/auto/ConstraintMonitor2.xml (RunModel)" time="0.012" />
  <testcase classname="ptolemy.util.test.junit.AutoTests" name="[96] /home/travis/build/icyphy/ptII/ptolemy/actor/lib/test/auto/ConstraintMonitor3.xml (RunModel)" time="0.016" />
  <testcase classname="ptolemy.util.test.junit.AutoTests" name="[97] /home/travis/build/icyphy/ptII/ptolemy/actor/lib/test/auto/ConstraintMonitor4.xml (RunModel)" time="0.014" />
  <testcase classname="ptolemy.util.test.junit.AutoTests" name="[98] /home/travis/build/icyphy/ptII/ptolemy/actor/lib/test/auto/ConstraintMonitor5.xml (RunModel)" time="0.013" />
  <testcase classname="ptolemy.util.test.junit.AutoTests" name="[99] /home/travis/build/icyphy/ptII/ptolemy/actor/lib/test/auto/ConstraintMonitor6.xml (RunModel)" time="0.018" />
  <testcase classname="ptolemy.util.test.junit.AutoTests" name="[100] /home/travis/build/icyphy/ptII/ptolemy/actor/lib/test/auto/ConstraintMonitor7.xml (RunModel)" time="0.02" />
  <testcase classname="ptolemy.util.test.junit.AutoTests" name="[101] /home/travis/build/icyphy/ptII/ptolemy/actor/lib/test/auto/ConstraintMonitor8.xml (RunModel)" time="0.018" />
  <testcase classname="ptolemy.util.test.junit.AutoTests" name="[102] /home/travis/build/icyphy/ptII/ptolemy/actor/lib/test/auto/Counter.xml (RunModel)" time="0.029" />
  <testcase classname="ptolemy.util.test.junit.AutoTests" name="[103] /home/travis/build/icyphy/ptII/ptolemy/actor/lib/test/auto/CurrentTimeSDF.xml (RunModel)" time="0.009" />
  <testcase classname="ptolemy.util.test.junit.AutoTests" name="[104] /home/travis/build/icyphy/ptII/ptolemy/actor/lib/test/auto/DB.xml (RunModel)" time="0.015" />
  <testcase classname="ptolemy.util.test.junit.AutoTests" name="[105] /home/travis/build/icyphy/ptII/ptolemy/actor/lib/test/auto/DBDE.xml (RunModel)" time="0.014" />
  <testcase classname="ptolemy.util.test.junit.AutoTests" name="[106] /home/travis/build/icyphy/ptII/ptolemy/actor/lib/test/auto/DateConstructor.xml (RunModel)" time="0.076" />
  <testcase classname="ptolemy.util.test.junit.AutoTests" name="[107] /home/travis/build/icyphy/ptII/ptolemy/actor/lib/test/auto/DelayTime.xml (RunModel)" time="0.015" />
  <testcase classname="ptolemy.util.test.junit.AutoTests" name="[108] /home/travis/build/icyphy/ptII/ptolemy/actor/lib/test/auto/Dictionary1.xml (RunModel)" time="0.019" />
  <testcase classname="ptolemy.util.test.junit.AutoTests" name="[109] /home/travis/build/icyphy/ptII/ptolemy/actor/lib/test/auto/Dictionary2.xml (RunModel)" time="0.016" />
  <testcase classname="ptolemy.util.test.junit.AutoTests" name="[110] /home/travis/build/icyphy/ptII/ptolemy/actor/lib/test/auto/Dictionary3.xml (RunModel)" time="0.012" />
  <testcase classname="ptolemy.util.test.junit.AutoTests" name="[111] /home/travis/build/icyphy/ptII/ptolemy/actor/lib/test/auto/Dictionary4.xml (RunModel)" time="0.022" />
  <testcase classname="ptolemy.util.test.junit.AutoTests" name="[112] /home/travis/build/icyphy/ptII/ptolemy/actor/lib/test/auto/Differential.xml (RunModel)" time="0.013" />
  <testcase classname="ptolemy.util.test.junit.AutoTests" name="[113] /home/travis/build/icyphy/ptII/ptolemy/actor/lib/test/auto/Director.xml (RunModel)" time="0.009" />
  <testcase classname="ptolemy.util.test.junit.AutoTests" name="[114] /home/travis/build/icyphy/ptII/ptolemy/actor/lib/test/auto/DiscreteClock.xml (RunModel)" time="0.008" />
  <testcase classname="ptolemy.util.test.junit.AutoTests" name="[115] /home/travis/build/icyphy/ptII/ptolemy/actor/lib/test/auto/DiscreteClock10.xml (RunModel)" time="0.014" />
  <testcase classname="ptolemy.util.test.junit.AutoTests" name="[116] /home/travis/build/icyphy/ptII/ptolemy/actor/lib/test/auto/DiscreteClock11.xml (RunModel)" time="0.011" />
  <testcase classname="ptolemy.util.test.junit.AutoTests" name="[117] /home/travis/build/icyphy/ptII/ptolemy/actor/lib/test/auto/DiscreteClock12.xml (RunModel)" time="0.013" />
  <testcase classname="ptolemy.util.test.junit.AutoTests" name="[118] /home/travis/build/icyphy/ptII/ptolemy/actor/lib/test/auto/DiscreteClock13.xml (RunModel)" time="0.014" />
  <testcase classname="ptolemy.util.test.junit.AutoTests" name="[119] /home/travis/build/icyphy/ptII/ptolemy/actor/lib/test/auto/DiscreteClock14.xml (RunModel)" time="0.014" />
  <testcase classname="ptolemy.util.test.junit.AutoTests" name="[120] /home/travis/build/icyphy/ptII/ptolemy/actor/lib/test/auto/DiscreteClock15.xml (RunModel)" time="0.014" />
  <testcase classname="ptolemy.util.test.junit.AutoTests" name="[121] /home/travis/build/icyphy/ptII/ptolemy/actor/lib/test/auto/DiscreteClock16.xml (RunModel)" time="0.047" />
  <testcase classname="ptolemy.util.test.junit.AutoTests" name="[122] /home/travis/build/icyphy/ptII/ptolemy/actor/lib/test/auto/DiscreteClock17.xml (RunModel)" time="0.045" />
  <testcase classname="ptolemy.util.test.junit.AutoTests" name="[123] /home/travis/build/icyphy/ptII/ptolemy/actor/lib/test/auto/DiscreteClock18.xml (RunModel)" time="0.049" />
  <testcase classname="ptolemy.util.test.junit.AutoTests" name="[124] /home/travis/build/icyphy/ptII/ptolemy/actor/lib/test/auto/DiscreteClock19.xml (RunModel)" time="0.061" />
  <testcase classname="ptolemy.util.test.junit.AutoTests" name="[125] /home/travis/build/icyphy/ptII/ptolemy/actor/lib/test/auto/DiscreteClock2.xml (RunModel)" time="0.008" />
  <testcase classname="ptolemy.util.test.junit.AutoTests" name="[126] /home/travis/build/icyphy/ptII/ptolemy/actor/lib/test/auto/DiscreteClock20.xml (RunModel)" time="0.02" />
  <testcase classname="ptolemy.util.test.junit.AutoTests" name="[127] /home/travis/build/icyphy/ptII/ptolemy/actor/lib/test/auto/DiscreteClock21.xml (RunModel)" time="0.017" />
  <testcase classname="ptolemy.util.test.junit.AutoTests" name="[128] /home/travis/build/icyphy/ptII/ptolemy/actor/lib/test/auto/DiscreteClock22.xml (RunModel)" time="0.011" />
  <testcase classname="ptolemy.util.test.junit.AutoTests" name="[129] /home/travis/build/icyphy/ptII/ptolemy/actor/lib/test/auto/DiscreteClock23.xml (RunModel)" time="0.011" />
  <testcase classname="ptolemy.util.test.junit.AutoTests" name="[130] /home/travis/build/icyphy/ptII/ptolemy/actor/lib/test/auto/DiscreteClock24.xml (RunModel)" time="0.018" />
  <testcase classname="ptolemy.util.test.junit.AutoTests" name="[131] /home/travis/build/icyphy/ptII/ptolemy/actor/lib/test/auto/DiscreteClock4.xml (RunModel)" time="0.012" />
  <testcase classname="ptolemy.util.test.junit.AutoTests" name="[132] /home/travis/build/icyphy/ptII/ptolemy/actor/lib/test/auto/DiscreteClock5.xml (RunModel)" time="0.009" />
  <testcase classname="ptolemy.util.test.junit.AutoTests" name="[133] /home/travis/build/icyphy/ptII/ptolemy/actor/lib/test/auto/DiscreteClock6.xml (RunModel)" time="0.008" />
  <testcase classname="ptolemy.util.test.junit.AutoTests" name="[134] /home/travis/build/icyphy/ptII/ptolemy/actor/lib/test/auto/DiscreteClock7.xml (RunModel)" time="0.013" />
  <testcase classname="ptolemy.util.test.junit.AutoTests" name="[135] /home/travis/build/icyphy/ptII/ptolemy/actor/lib/test/auto/DiscreteClock8.xml (RunModel)" time="0.014" />
  <testcase classname="ptolemy.util.test.junit.AutoTests" name="[136] /home/travis/build/icyphy/ptII/ptolemy/actor/lib/test/auto/DiscreteClock9.xml (RunModel)" time="0.023" />
  <testcase classname="ptolemy.util.test.junit.AutoTests" name="[137] /home/travis/build/icyphy/ptII/ptolemy/actor/lib/test/auto/DisplayArray.xml (RunModel)" time="0.008" />
  <testcase classname="ptolemy.util.test.junit.AutoTests" name="[138] /home/travis/build/icyphy/ptII/ptolemy/actor/lib/test/auto/Distributor.xml (RunModel)" time="0.009" />
  <testcase classname="ptolemy.util.test.junit.AutoTests" name="[139] /home/travis/build/icyphy/ptII/ptolemy/actor/lib/test/auto/Distributor2.xml (RunModel)" time="0.011" />
  <testcase classname="ptolemy.util.test.junit.AutoTests" name="[140] /home/travis/build/icyphy/ptII/ptolemy/actor/lib/test/auto/DownSample.xml (RunModel)" time="0.012" />
  <testcase classname="ptolemy.util.test.junit.AutoTests" name="[141] /home/travis/build/icyphy/ptII/ptolemy/actor/lib/test/auto/ElectronicUnitBase1.xml (RunModel)" time="0.057" />
  <testcase classname="ptolemy.util.test.junit.AutoTests" name="[142] /home/travis/build/icyphy/ptII/ptolemy/actor/lib/test/auto/ElementsToArray.xml (RunModel)" time="0.01" />
  <testcase classname="ptolemy.util.test.junit.AutoTests" name="[143] /home/travis/build/icyphy/ptII/ptolemy/actor/lib/test/auto/Equals.xml (RunModel)" time="0.015" />
  <testcase classname="ptolemy.util.test.junit.AutoTests" name="[144] /home/travis/build/icyphy/ptII/ptolemy/actor/lib/test/auto/Exec.xml (RunModel)" time="0.028" />
  <testcase classname="ptolemy.util.test.junit.AutoTests" name="[145] /home/travis/build/icyphy/ptII/ptolemy/actor/lib/test/auto/ExecEnvironment.xml (RunModel)" time="0.049" />
  <testcase classname="ptolemy.util.test.junit.AutoTests" name="[146] /home/travis/build/icyphy/ptII/ptolemy/actor/lib/test/auto/ExecNonZeroReturnOutput.xml (RunModel)" time="0.18" />
  <testcase classname="ptolemy.util.test.junit.AutoTests" name="[147] /home/travis/build/icyphy/ptII/ptolemy/actor/lib/test/auto/ExecRunDemos.xml (RunModel)" time="10.455" />
  <testcase classname="ptolemy.util.test.junit.AutoTests" name="[148] /home/travis/build/icyphy/ptII/ptolemy/actor/lib/test/auto/ExecStop.xml (RunModel)" time="5.043" />
  <testcase classname="ptolemy.util.test.junit.AutoTests" name="[149] /home/travis/build/icyphy/ptII/ptolemy/actor/lib/test/auto/ExecutionTimeSDF.xml (RunModel)" time="6.036" />
  <testcase classname="ptolemy.util.test.junit.AutoTests" name="[150] /home/travis/build/icyphy/ptII/ptolemy/actor/lib/test/auto/Expression1.xml (RunModel)" time="0.008" />
  <testcase classname="ptolemy.util.test.junit.AutoTests" name="[151] /home/travis/build/icyphy/ptII/ptolemy/actor/lib/test/auto/Expression10.xml (RunModel)" time="0.017" />
  <testcase classname="ptolemy.util.test.junit.AutoTests" name="[152] /home/travis/build/icyphy/ptII/ptolemy/actor/lib/test/auto/Expression11.xml (RunModel)" time="0.018" />
  <testcase classname="ptolemy.util.test.junit.AutoTests" name="[153] /home/travis/build/icyphy/ptII/ptolemy/actor/lib/test/auto/Expression12.xml (RunModel)" time="0.017" />
  <testcase classname="ptolemy.util.test.junit.AutoTests" name="[154] /home/travis/build/icyphy/ptII/ptolemy/actor/lib/test/auto/Expression13.xml (RunModel)" time="0.015" />
  <testcase classname="ptolemy.util.test.junit.AutoTests" name="[155] /home/travis/build/icyphy/ptII/ptolemy/actor/lib/test/auto/Expression14.xml (RunModel)" time="0.023" />
  <testcase classname="ptolemy.util.test.junit.AutoTests" name="[156] /home/travis/build/icyphy/ptII/ptolemy/actor/lib/test/auto/Expression15.xml (RunModel)" time="0.009" />
  <testcase classname="ptolemy.util.test.junit.AutoTests" name="[157] /home/travis/build/icyphy/ptII/ptolemy/actor/lib/test/auto/Expression16.xml (RunModel)" time="0.015" />
  <testcase classname="ptolemy.util.test.junit.AutoTests" name="[158] /home/travis/build/icyphy/ptII/ptolemy/actor/lib/test/auto/Expression17.xml (RunModel)" time="0.01" />
  <testcase classname="ptolemy.util.test.junit.AutoTests" name="[159] /home/travis/build/icyphy/ptII/ptolemy/actor/lib/test/auto/Expression18.xml (RunModel)" time="0.012" />
  <testcase classname="ptolemy.util.test.junit.AutoTests" name="[160] /home/travis/build/icyphy/ptII/ptolemy/actor/lib/test/auto/Expression2.xml (RunModel)" time="0.011" />
  <testcase classname="ptolemy.util.test.junit.AutoTests" name="[161] /home/travis/build/icyphy/ptII/ptolemy/actor/lib/test/auto/Expression3.xml (RunModel)" time="0.014" />
  <testcase classname="ptolemy.util.test.junit.AutoTests" name="[162] /home/travis/build/icyphy/ptII/ptolemy/actor/lib/test/auto/Expression4.xml (RunModel)" time="0.016" />
  <testcase classname="ptolemy.util.test.junit.AutoTests" name="[163] /home/travis/build/icyphy/ptII/ptolemy/actor/lib/test/auto/Expression5.xml (RunModel)" time="0.014" />
  <testcase classname="ptolemy.util.test.junit.AutoTests" name="[164] /home/travis/build/icyphy/ptII/ptolemy/actor/lib/test/auto/Expression6.xml (RunModel)" time="0.008" />
  <testcase classname="ptolemy.util.test.junit.AutoTests" name="[165] /home/travis/build/icyphy/ptII/ptolemy/actor/lib/test/auto/Expression7.xml (RunModel)" time="0.012" />
  <testcase classname="ptolemy.util.test.junit.AutoTests" name="[166] /home/travis/build/icyphy/ptII/ptolemy/actor/lib/test/auto/Expression8.xml (RunModel)" time="0.014" />
  <testcase classname="ptolemy.util.test.junit.AutoTests" name="[167] /home/travis/build/icyphy/ptII/ptolemy/actor/lib/test/auto/Expression9.xml (RunModel)" time="0.009" />
  <testcase classname="ptolemy.util.test.junit.AutoTests" name="[168] /home/travis/build/icyphy/ptII/ptolemy/actor/lib/test/auto/ExpressionConcatenateArrayType.xml (RunModel)" time="0.029" />
  <testcase classname="ptolemy.util.test.junit.AutoTests" name="[169] /home/travis/build/icyphy/ptII/ptolemy/actor/lib/test/auto/ExpressionConcatenateArrayType2.xml (RunModel)" time="0.022" />
  <testcase classname="ptolemy.util.test.junit.AutoTests" name="[170] /home/travis/build/icyphy/ptII/ptolemy/actor/lib/test/auto/ExpressionFix.xml (RunModel)" time="0.042" />
  <testcase classname="ptolemy.util.test.junit.AutoTests" name="[171] /home/travis/build/icyphy/ptII/ptolemy/actor/lib/test/auto/ExpressionFix2.xml (RunModel)" time="0.015" />
  <testcase classname="ptolemy.util.test.junit.AutoTests" name="[172] /home/travis/build/icyphy/ptII/ptolemy/actor/lib/test/auto/ExpressionFix3.xml (RunModel)" time="0.014" />
  <testcase classname="ptolemy.util.test.junit.AutoTests" name="[173] /home/travis/build/icyphy/ptII/ptolemy/actor/lib/test/auto/FileWriter1.xml (RunModel)" time="0.009" />
  <testcase classname="ptolemy.util.test.junit.AutoTests" name="[174] /home/travis/build/icyphy/ptII/ptolemy/actor/lib/test/auto/FileWriter2.xml (RunModel)" time="0.035" />
  <testcase classname="ptolemy.util.test.junit.AutoTests" name="[175] /home/travis/build/icyphy/ptII/ptolemy/actor/lib/test/auto/FileWriter3.xml (RunModel)" time="0.015" />
  <testcase classname="ptolemy.util.test.junit.AutoTests" name="[176] /home/travis/build/icyphy/ptII/ptolemy/actor/lib/test/auto/Gaussian.xml (RunModel)" time="0.011" />
  <testcase classname="ptolemy.util.test.junit.AutoTests" name="[177] /home/travis/build/icyphy/ptII/ptolemy/actor/lib/test/auto/Gaussian1.xml (RunModel)" time="0.012" />
  <testcase classname="ptolemy.util.test.junit.AutoTests" name="[178] /home/travis/build/icyphy/ptII/ptolemy/actor/lib/test/auto/Gaussian2.xml (RunModel)" time="0.025" />
  <testcase classname="ptolemy.util.test.junit.AutoTests" name="[179] /home/travis/build/icyphy/ptII/ptolemy/actor/lib/test/auto/GradientAdaptiveLattice.xml (RunModel)" time="0.015" />
  <testcase classname="ptolemy.util.test.junit.AutoTests" name="[180] /home/travis/build/icyphy/ptII/ptolemy/actor/lib/test/auto/IIR.xml (RunModel)" time="0.01" />
  <testcase classname="ptolemy.util.test.junit.AutoTests" name="[181] /home/travis/build/icyphy/ptII/ptolemy/actor/lib/test/auto/InputOutputTransparentPorts.xml (RunModel)" time="0.018" />
  <testcase classname="ptolemy.util.test.junit.AutoTests" name="[182] /home/travis/build/icyphy/ptII/ptolemy/actor/lib/test/auto/Interpolator.xml (RunModel)" time="0.016" />
  <testcase classname="ptolemy.util.test.junit.AutoTests" name="[183] /home/travis/build/icyphy/ptII/ptolemy/actor/lib/test/auto/InterpolatorFiringLimitDE.xml (RunModel)" time="0.015" />
  <testcase classname="ptolemy.util.test.junit.AutoTests" name="[184] /home/travis/build/icyphy/ptII/ptolemy/actor/lib/test/auto/Lattice.xml (RunModel)" time="0.008" />
  <testcase classname="ptolemy.util.test.junit.AutoTests" name="[185] /home/travis/build/icyphy/ptII/ptolemy/actor/lib/test/auto/LazyAOCTestLazy.xml (RunModel)" time="0.026" />
  <testcase classname="ptolemy.util.test.junit.AutoTests" name="[186] /home/travis/build/icyphy/ptII/ptolemy/actor/lib/test/auto/LazyAOCTestNonLazy.xml (RunModel)" time="0.015" />
  <testcase classname="ptolemy.util.test.junit.AutoTests" name="[187] /home/travis/build/icyphy/ptII/ptolemy/actor/lib/test/auto/LazyInnerClass.xml (RunModel)" time="0.019" />
  <testcase classname="ptolemy.util.test.junit.AutoTests" name="[188] /home/travis/build/icyphy/ptII/ptolemy/actor/lib/test/auto/LazyPubSub.xml (RunModel)" time="0.03" />
  <testcase classname="ptolemy.util.test.junit.AutoTests" name="[189] /home/travis/build/icyphy/ptII/ptolemy/actor/lib/test/auto/LazyPubSub2.xml (RunModel)" time="0.055" />
  <testcase classname="ptolemy.util.test.junit.AutoTests" name="[190] /home/travis/build/icyphy/ptII/ptolemy/actor/lib/test/auto/LazyPubSub3.xml (RunModel)" time="0.027" />
  <testcase classname="ptolemy.util.test.junit.AutoTests" name="[191] /home/travis/build/icyphy/ptII/ptolemy/actor/lib/test/auto/LazySubClassModel.xml (RunModel)" time="0.021" />
  <testcase classname="ptolemy.util.test.junit.AutoTests" name="[192] /home/travis/build/icyphy/ptII/ptolemy/actor/lib/test/auto/LevelCrossTest1.xml (RunModel)" time="0.048" />
  <testcase classname="ptolemy.util.test.junit.AutoTests" name="[193] /home/travis/build/icyphy/ptII/ptolemy/actor/lib/test/auto/LevelCrossTest10.xml (RunModel)" time="0.024" />
  <testcase classname="ptolemy.util.test.junit.AutoTests" name="[194] /home/travis/build/icyphy/ptII/ptolemy/actor/lib/test/auto/LevelCrossTest11.xml (RunModel)" time="0.015" />
  <testcase classname="ptolemy.util.test.junit.AutoTests" name="[195] /home/travis/build/icyphy/ptII/ptolemy/actor/lib/test/auto/LevelCrossTest12.xml (RunModel)" time="0.018" />
  <testcase classname="ptolemy.util.test.junit.AutoTests" name="[196] /home/travis/build/icyphy/ptII/ptolemy/actor/lib/test/auto/LevelCrossTest13.xml (RunModel)" time="0.016" />
  <testcase classname="ptolemy.util.test.junit.AutoTests" name="[197] /home/travis/build/icyphy/ptII/ptolemy/actor/lib/test/auto/LevelCrossTest2.xml (RunModel)" time="0.011" />
  <testcase classname="ptolemy.util.test.junit.AutoTests" name="[198] /home/travis/build/icyphy/ptII/ptolemy/actor/lib/test/auto/LevelCrossTest3.xml (RunModel)" time="0.013" />
  <testcase classname="ptolemy.util.test.junit.AutoTests" name="[199] /home/travis/build/icyphy/ptII/ptolemy/actor/lib/test/auto/LevelCrossTest4.xml (RunModel)" time="0.012" />
  <testcase classname="ptolemy.util.test.junit.AutoTests" name="[200] /home/travis/build/icyphy/ptII/ptolemy/actor/lib/test/auto/LevelCrossTest5.xml (RunModel)" time="0.012" />
  <testcase classname="ptolemy.util.test.junit.AutoTests" name="[201] /home/travis/build/icyphy/ptII/ptolemy/actor/lib/test/auto/LevelCrossTest6.xml (RunModel)" time="0.013" />
  <testcase classname="ptolemy.util.test.junit.AutoTests" name="[202] /home/travis/build/icyphy/ptII/ptolemy/actor/lib/test/auto/LevelCrossTest7.xml (RunModel)" time="0.019" />
  <testcase classname="ptolemy.util.test.junit.AutoTests" name="[203] /home/travis/build/icyphy/ptII/ptolemy/actor/lib/test/auto/LevelCrossTest8.xml (RunModel)" time="0.013" />
  <testcase classname="ptolemy.util.test.junit.AutoTests" name="[204] /home/travis/build/icyphy/ptII/ptolemy/actor/lib/test/auto/LevelCrossTest9.xml (RunModel)" time="0.014" />
  <testcase classname="ptolemy.util.test.junit.AutoTests" name="[205] /home/travis/build/icyphy/ptII/ptolemy/actor/lib/test/auto/LevinsonDurbin.xml (RunModel)" time="0.011" />
  <testcase classname="ptolemy.util.test.junit.AutoTests" name="[206] /home/travis/build/icyphy/ptII/ptolemy/actor/lib/test/auto/LevinsonDurbin2.xml (RunModel)" time="0.011" />
  <testcase classname="ptolemy.util.test.junit.AutoTests" name="[207] /home/travis/build/icyphy/ptII/ptolemy/actor/lib/test/auto/LevinsonDurbin3.xml (RunModel)" time="0.009" />
  <testcase classname="ptolemy.util.test.junit.AutoTests" name="[208] /home/travis/build/icyphy/ptII/ptolemy/actor/lib/test/auto/Limiter.xml (RunModel)" time="0.038" />
  <testcase classname="ptolemy.util.test.junit.AutoTests" name="[209] /home/travis/build/icyphy/ptII/ptolemy/actor/lib/test/auto/LinearDifferenceEquationSystem.xml (RunModel)" time="0.022" />
  <testcase classname="ptolemy.util.test.junit.AutoTests" name="[210] /home/travis/build/icyphy/ptII/ptolemy/actor/lib/test/auto/LookupTable.xml (RunModel)" time="0.024" />
  <testcase classname="ptolemy.util.test.junit.AutoTests" name="[211] /home/travis/build/icyphy/ptII/ptolemy/actor/lib/test/auto/MathFunction.xml (RunModel)" time="0.027" />
  <testcase classname="ptolemy.util.test.junit.AutoTests" name="[212] /home/travis/build/icyphy/ptII/ptolemy/actor/lib/test/auto/MathFunction2.xml (RunModel)" time="0.013" />
  <testcase classname="ptolemy.util.test.junit.AutoTests" name="[213] /home/travis/build/icyphy/ptII/ptolemy/actor/lib/test/auto/MathFunction3.xml (RunModel)" time="0.024" />
  <testcase classname="ptolemy.util.test.junit.AutoTests" name="[214] /home/travis/build/icyphy/ptII/ptolemy/actor/lib/test/auto/MatrixCropBoolean.xml (RunModel)" time="0.014" />
  <testcase classname="ptolemy.util.test.junit.AutoTests" name="[215] /home/travis/build/icyphy/ptII/ptolemy/actor/lib/test/auto/MatrixCropComplex.xml (RunModel)" time="0.011" />
  <testcase classname="ptolemy.util.test.junit.AutoTests" name="[216] /home/travis/build/icyphy/ptII/ptolemy/actor/lib/test/auto/MatrixCropDouble.xml (RunModel)" time="0.009" />
  <testcase classname="ptolemy.util.test.junit.AutoTests" name="[217] /home/travis/build/icyphy/ptII/ptolemy/actor/lib/test/auto/MatrixCropFix.xml (RunModel)" time="0.018" />
  <testcase classname="ptolemy.util.test.junit.AutoTests" name="[218] /home/travis/build/icyphy/ptII/ptolemy/actor/lib/test/auto/MatrixCropInt.xml (RunModel)" time="0.011" />
  <testcase classname="ptolemy.util.test.junit.AutoTests" name="[219] /home/travis/build/icyphy/ptII/ptolemy/actor/lib/test/auto/MatrixCropLong.xml (RunModel)" time="0.01" />
  <testcase classname="ptolemy.util.test.junit.AutoTests" name="[220] /home/travis/build/icyphy/ptII/ptolemy/actor/lib/test/auto/MatrixToArray.xml (RunModel)" time="0.059" />
  <testcase classname="ptolemy.util.test.junit.AutoTests" name="[221] /home/travis/build/icyphy/ptII/ptolemy/actor/lib/test/auto/MaxIndex.xml (RunModel)" time="0.02" />
  <testcase classname="ptolemy.util.test.junit.AutoTests" name="[222] /home/travis/build/icyphy/ptII/ptolemy/actor/lib/test/auto/Maximum.xml (RunModel)" time="0.015" />
  <testcase classname="ptolemy.util.test.junit.AutoTests" name="[223] /home/travis/build/icyphy/ptII/ptolemy/actor/lib/test/auto/MaximumComplex.xml (RunModel)" time="0.015" />
  <testcase classname="ptolemy.util.test.junit.AutoTests" name="[224] /home/travis/build/icyphy/ptII/ptolemy/actor/lib/test/auto/MethodCallTest.xml (RunModel)" time="0.027" />
  <testcase classname="ptolemy.util.test.junit.AutoTests" name="[225] /home/travis/build/icyphy/ptII/ptolemy/actor/lib/test/auto/Minimum.xml (RunModel)" time="0.016" />
  <testcase classname="ptolemy.util.test.junit.AutoTests" name="[226] /home/travis/build/icyphy/ptII/ptolemy/actor/lib/test/auto/MinimumComplex.xml (RunModel)" time="0.028" />
  <testcase classname="ptolemy.util.test.junit.AutoTests" name="[227] /home/travis/build/icyphy/ptII/ptolemy/actor/lib/test/auto/MinimumMultiports.xml (RunModel)" time="0.017" />
  <testcase classname="ptolemy.util.test.junit.AutoTests" name="[228] /home/travis/build/icyphy/ptII/ptolemy/actor/lib/test/auto/ModifyDate.xml (RunModel)" time="0.039" />
  <testcase classname="ptolemy.util.test.junit.AutoTests" name="[229] /home/travis/build/icyphy/ptII/ptolemy/actor/lib/test/auto/ModifyDate2.xml (RunModel)" time="0.03" />
  <testcase classname="ptolemy.util.test.junit.AutoTests" name="[230] /home/travis/build/icyphy/ptII/ptolemy/actor/lib/test/auto/MovingAverage.xml (RunModel)" time="0.021" />
  <testcase classname="ptolemy.util.test.junit.AutoTests" name="[231] /home/travis/build/icyphy/ptII/ptolemy/actor/lib/test/auto/MovingMaximum.xml (RunModel)" time="0.009" />
  <testcase classname="ptolemy.util.test.junit.AutoTests" name="[232] /home/travis/build/icyphy/ptII/ptolemy/actor/lib/test/auto/MultipleLinksToSameRelation.xml (RunModel)" time="0.007" />
  <testcase classname="ptolemy.util.test.junit.AutoTests" name="[233] /home/travis/build/icyphy/ptII/ptolemy/actor/lib/test/auto/MultipleLinksToSameRelationDE.xml (RunModel)" time="0.011" />
  <testcase classname="ptolemy.util.test.junit.AutoTests" name="[234] /home/travis/build/icyphy/ptII/ptolemy/actor/lib/test/auto/Multiplexor.xml (RunModel)" time="0.012" />
  <testcase classname="ptolemy.util.test.junit.AutoTests" name="[235] /home/travis/build/icyphy/ptII/ptolemy/actor/lib/test/auto/Multiplexor1.xml (RunModel)" time="0.011" />
  <testcase classname="ptolemy.util.test.junit.AutoTests" name="[236] /home/travis/build/icyphy/ptII/ptolemy/actor/lib/test/auto/Multiplexor2.xml (RunModel)" time="0.012" />
  <testcase classname="ptolemy.util.test.junit.AutoTests" name="[237] /home/travis/build/icyphy/ptII/ptolemy/actor/lib/test/auto/Multiplexor3.xml (RunModel)" time="0.016" />
  <testcase classname="ptolemy.util.test.junit.AutoTests" name="[238] /home/travis/build/icyphy/ptII/ptolemy/actor/lib/test/auto/MultiplexorDE.xml (RunModel)" time="0.017" />
  <testcase classname="ptolemy.util.test.junit.AutoTests" name="[239] /home/travis/build/icyphy/ptII/ptolemy/actor/lib/test/auto/MultiportBroadcastTest.xml (RunModel)" time="0.103" />
  <testcase classname="ptolemy.util.test.junit.AutoTests" name="[240] /home/travis/build/icyphy/ptII/ptolemy/actor/lib/test/auto/MultiportOutHangDuringGetWidth.xml (RunModel)" time="0.042" />
  <testcase classname="ptolemy.util.test.junit.AutoTests" name="[241] /home/travis/build/icyphy/ptII/ptolemy/actor/lib/test/auto/NilToken.xml (RunModel)" time="0.014" />
  <testcase classname="ptolemy.util.test.junit.AutoTests" name="[242] /home/travis/build/icyphy/ptII/ptolemy/actor/lib/test/auto/NilTokenNonStrictTest.xml (RunModel)" time="0.012" />
  <testcase classname="ptolemy.util.test.junit.AutoTests" name="[243] /home/travis/build/icyphy/ptII/ptolemy/actor/lib/test/auto/NilTokenRecord.xml (RunModel)" time="0.019" />
  <testcase classname="ptolemy.util.test.junit.AutoTests" name="[244] /home/travis/build/icyphy/ptII/ptolemy/actor/lib/test/auto/NilTokenTypeTest.xml (RunModel)" time="0.033" />
  <testcase classname="ptolemy.util.test.junit.AutoTests" name="[245] /home/travis/build/icyphy/ptII/ptolemy/actor/lib/test/auto/ObjectToken1.xml (RunModel)" time="0.008" />
  <testcase classname="ptolemy.util.test.junit.AutoTests" name="[246] /home/travis/build/icyphy/ptII/ptolemy/actor/lib/test/auto/OrderedMerge.xml (RunModel)" time="0.023" />
  <testcase classname="ptolemy.util.test.junit.AutoTests" name="[247] /home/travis/build/icyphy/ptII/ptolemy/actor/lib/test/auto/OrderedRecordDisassembler.xml (RunModel)" time="0.019" />
  <testcase classname="ptolemy.util.test.junit.AutoTests" name="[248] /home/travis/build/icyphy/ptII/ptolemy/actor/lib/test/auto/OrderedRecordDisassembler2.xml (RunModel)" time="0.019" />
  <testcase classname="ptolemy.util.test.junit.AutoTests" name="[249] /home/travis/build/icyphy/ptII/ptolemy/actor/lib/test/auto/OrderedRecordUpdater.xml (RunModel)" time="0.011" />
  <testcase classname="ptolemy.util.test.junit.AutoTests" name="[250] /home/travis/build/icyphy/ptII/ptolemy/actor/lib/test/auto/OrderedRecordUpdater2.xml (RunModel)" time="0.017" />
  <testcase classname="ptolemy.util.test.junit.AutoTests" name="[251] /home/travis/build/icyphy/ptII/ptolemy/actor/lib/test/auto/PhaseUnwrap.xml (RunModel)" time="0.013" />
  <testcase classname="ptolemy.util.test.junit.AutoTests" name="[252] /home/travis/build/icyphy/ptII/ptolemy/actor/lib/test/auto/PoissonClock.xml (RunModel)" time="0.01" />
  <testcase classname="ptolemy.util.test.junit.AutoTests" name="[253] /home/travis/build/icyphy/ptII/ptolemy/actor/lib/test/auto/PoissonClock2.xml (RunModel)" time="0.008" />
  <testcase classname="ptolemy.util.test.junit.AutoTests" name="[254] /home/travis/build/icyphy/ptII/ptolemy/actor/lib/test/auto/PoissonClock3.xml (RunModel)" time="0.025" />
  <testcase classname="ptolemy.util.test.junit.AutoTests" name="[255] /home/travis/build/icyphy/ptII/ptolemy/actor/lib/test/auto/PubSubWithInitialTokens.xml (RunModel)" time="0.02" />
  <testcase classname="ptolemy.util.test.junit.AutoTests" name="[256] /home/travis/build/icyphy/ptII/ptolemy/actor/lib/test/auto/PubSubWithInitialTokens2.xml (RunModel)" time="0.011" />
  <testcase classname="ptolemy.util.test.junit.AutoTests" name="[257] /home/travis/build/icyphy/ptII/ptolemy/actor/lib/test/auto/PublisherClassNoParameter.xml (RunModel)" time="0.027" />
  <testcase classname="ptolemy.util.test.junit.AutoTests" name="[258] /home/travis/build/icyphy/ptII/ptolemy/actor/lib/test/auto/PublisherClassParameter.xml (RunModel)" time="0.037" />
  <testcase classname="ptolemy.util.test.junit.AutoTests" name="[259] /home/travis/build/icyphy/ptII/ptolemy/actor/lib/test/auto/PublisherNonStrictTest.xml (RunModel)" time="0.018" />
  <testcase classname="ptolemy.util.test.junit.AutoTests" name="[260] /home/travis/build/icyphy/ptII/ptolemy/actor/lib/test/auto/PublisherPort1.xml (RunModel)" time="0.02" />
  <testcase classname="ptolemy.util.test.junit.AutoTests" name="[261] /home/travis/build/icyphy/ptII/ptolemy/actor/lib/test/auto/PublisherPort2.xml (RunModel)" time="0.009" />
  <testcase classname="ptolemy.util.test.junit.AutoTests" name="[262] /home/travis/build/icyphy/ptII/ptolemy/actor/lib/test/auto/PublisherPort3.xml (RunModel)" time="0.011" />
  <testcase classname="ptolemy.util.test.junit.AutoTests" name="[263] /home/travis/build/icyphy/ptII/ptolemy/actor/lib/test/auto/PublisherPort4.xml (RunModel)" time="0.012" />
  <testcase classname="ptolemy.util.test.junit.AutoTests" name="[264] /home/travis/build/icyphy/ptII/ptolemy/actor/lib/test/auto/PublisherPort5.xml (RunModel)" time="0.013" />
  <testcase classname="ptolemy.util.test.junit.AutoTests" name="[265] /home/travis/build/icyphy/ptII/ptolemy/actor/lib/test/auto/PublisherPort5LookAlike.xml (RunModel)" time="0.017" />
  <testcase classname="ptolemy.util.test.junit.AutoTests" name="[266] /home/travis/build/icyphy/ptII/ptolemy/actor/lib/test/auto/PublisherPort6.xml (RunModel)" time="0.011" />
  <testcase classname="ptolemy.util.test.junit.AutoTests" name="[267] /home/travis/build/icyphy/ptII/ptolemy/actor/lib/test/auto/PublisherPort7.xml (RunModel)" time="0.014" />
  <testcase classname="ptolemy.util.test.junit.AutoTests" name="[268] /home/travis/build/icyphy/ptII/ptolemy/actor/lib/test/auto/PublisherPort8.xml (RunModel)" time="0.015" />
  <testcase classname="ptolemy.util.test.junit.AutoTests" name="[269] /home/travis/build/icyphy/ptII/ptolemy/actor/lib/test/auto/PublisherPortSubscriberChannelVariablesAOC2.xml (RunModel)" time="0.033" />
  <testcase classname="ptolemy.util.test.junit.AutoTests" name="[270] /home/travis/build/icyphy/ptII/ptolemy/actor/lib/test/auto/PublisherPortSubscriberOpaqueWidthInference.xml (RunModel)" time="0.014" />
  <testcase classname="ptolemy.util.test.junit.AutoTests" name="[271] /home/travis/build/icyphy/ptII/ptolemy/actor/lib/test/auto/PublisherPortSubscriberPortAdjacent.xml (RunModel)" time="0.017" />
  <testcase classname="ptolemy.util.test.junit.AutoTests" name="[272] /home/travis/build/icyphy/ptII/ptolemy/actor/lib/test/auto/PublisherPortSubscriberPortExpression.xml (RunModel)" time="0.022" />
  <testcase classname="ptolemy.util.test.junit.AutoTests" name="[273] /home/travis/build/icyphy/ptII/ptolemy/actor/lib/test/auto/PublisherPortSubscriberPortOpaqueD3Reverse.xml (RunModel)" time="0.022" />
  <testcase classname="ptolemy.util.test.junit.AutoTests" name="[274] /home/travis/build/icyphy/ptII/ptolemy/actor/lib/test/auto/PublisherPortSubscriberPortOpaqueWidthInference.xml (RunModel)" time="0.014" />
  <testcase classname="ptolemy.util.test.junit.AutoTests" name="[275] /home/travis/build/icyphy/ptII/ptolemy/actor/lib/test/auto/PublisherPortToplevelSubscriberPortAOC.xml (RunModel)" time="0.01" />
  <testcase classname="ptolemy.util.test.junit.AutoTests" name="[276] /home/travis/build/icyphy/ptII/ptolemy/actor/lib/test/auto/PublisherSubscriber.xml (RunModel)" time="0.012" />
  <testcase classname="ptolemy.util.test.junit.AutoTests" name="[277] /home/travis/build/icyphy/ptII/ptolemy/actor/lib/test/auto/PublisherSubscriber10.xml (RunModel)" time="0.032" />
  <testcase classname="ptolemy.util.test.junit.AutoTests" name="[278] /home/travis/build/icyphy/ptII/ptolemy/actor/lib/test/auto/PublisherSubscriber10InitialOutputs.xml (RunModel)" time="0.031" />
  <testcase classname="ptolemy.util.test.junit.AutoTests" name="[279] /home/travis/build/icyphy/ptII/ptolemy/actor/lib/test/auto/PublisherSubscriber11.xml (RunModel)" time="0.013" />
  <testcase classname="ptolemy.util.test.junit.AutoTests" name="[280] /home/travis/build/icyphy/ptII/ptolemy/actor/lib/test/auto/PublisherSubscriber12.xml (RunModel)" time="0.022" />
  <testcase classname="ptolemy.util.test.junit.AutoTests" name="[281] /home/travis/build/icyphy/ptII/ptolemy/actor/lib/test/auto/PublisherSubscriber13.xml (RunModel)" time="0.01" />
  <testcase classname="ptolemy.util.test.junit.AutoTests" name="[282] /home/travis/build/icyphy/ptII/ptolemy/actor/lib/test/auto/PublisherSubscriber14.xml (RunModel)" time="0.019" />
  <testcase classname="ptolemy.util.test.junit.AutoTests" name="[283] /home/travis/build/icyphy/ptII/ptolemy/actor/lib/test/auto/PublisherSubscriber2.xml (RunModel)" time="0.011" />
  <testcase classname="ptolemy.util.test.junit.AutoTests" name="[284] /home/travis/build/icyphy/ptII/ptolemy/actor/lib/test/auto/PublisherSubscriber3.xml (RunModel)" time="0.009" />
  <testcase classname="ptolemy.util.test.junit.AutoTests" name="[285] /home/travis/build/icyphy/ptII/ptolemy/actor/lib/test/auto/PublisherSubscriber4.xml (RunModel)" time="0.008" />
  <testcase classname="ptolemy.util.test.junit.AutoTests" name="[286] /home/travis/build/icyphy/ptII/ptolemy/actor/lib/test/auto/PublisherSubscriber5.xml (RunModel)" time="0.011" />
  <testcase classname="ptolemy.util.test.junit.AutoTests" name="[287] /home/travis/build/icyphy/ptII/ptolemy/actor/lib/test/auto/PublisherSubscriber6.xml (RunModel)" time="0.014" />
  <testcase classname="ptolemy.util.test.junit.AutoTests" name="[288] /home/travis/build/icyphy/ptII/ptolemy/actor/lib/test/auto/PublisherSubscriber7.xml (RunModel)" time="0.021" />
  <testcase classname="ptolemy.util.test.junit.AutoTests" name="[289] /home/travis/build/icyphy/ptII/ptolemy/actor/lib/test/auto/PublisherSubscriber8.xml (RunModel)" time="0.022" />
  <testcase classname="ptolemy.util.test.junit.AutoTests" name="[290] /home/travis/build/icyphy/ptII/ptolemy/actor/lib/test/auto/PublisherSubscriber9.xml (RunModel)" time="0.015" />
  <testcase classname="ptolemy.util.test.junit.AutoTests" name="[291] /home/travis/build/icyphy/ptII/ptolemy/actor/lib/test/auto/PublisherSubscriberAdjacent.xml (RunModel)" time="0.017" />
  <testcase classname="ptolemy.util.test.junit.AutoTests" name="[292] /home/travis/build/icyphy/ptII/ptolemy/actor/lib/test/auto/PublisherSubscriberChannelVariablesAOC2.xml (RunModel)" time="0.038" />
  <testcase classname="ptolemy.util.test.junit.AutoTests" name="[293] /home/travis/build/icyphy/ptII/ptolemy/actor/lib/test/auto/PublisherSubscriberD3.xml (RunModel)" time="0.016" />
  <testcase classname="ptolemy.util.test.junit.AutoTests" name="[294] /home/travis/build/icyphy/ptII/ptolemy/actor/lib/test/auto/PublisherSubscriberD3Reverse.xml (RunModel)" time="0.011" />
  <testcase classname="ptolemy.util.test.junit.AutoTests" name="[295] /home/travis/build/icyphy/ptII/ptolemy/actor/lib/test/auto/PublisherSubscriberExpression.xml (RunModel)" time="0.018" />
  <testcase classname="ptolemy.util.test.junit.AutoTests" name="[296] /home/travis/build/icyphy/ptII/ptolemy/actor/lib/test/auto/PublisherSubscriberOpaque.xml (RunModel)" time="0.014" />
  <testcase classname="ptolemy.util.test.junit.AutoTests" name="[297] /home/travis/build/icyphy/ptII/ptolemy/actor/lib/test/auto/PublisherSubscriberOpaqueD3.xml (RunModel)" time="0.022" />
  <testcase classname="ptolemy.util.test.junit.AutoTests" name="[298] /home/travis/build/icyphy/ptII/ptolemy/actor/lib/test/auto/PublisherSubscriberOpaqueD3Reverse.xml (RunModel)" time="0.023" />
  <testcase classname="ptolemy.util.test.junit.AutoTests" name="[299] /home/travis/build/icyphy/ptII/ptolemy/actor/lib/test/auto/PublisherSubscriberOpaqueWidthInference.xml (RunModel)" time="0.016" />
  <testcase classname="ptolemy.util.test.junit.AutoTests" name="[300] /home/travis/build/icyphy/ptII/ptolemy/actor/lib/test/auto/PublisherTestSubscriber.xml (RunModel)" time="0.015" />
  <testcase classname="ptolemy.util.test.junit.AutoTests" name="[301] /home/travis/build/icyphy/ptII/ptolemy/actor/lib/test/auto/PublisherToplevelSubscriberPortAOC.xml (RunModel)" time="0.011" />
  <testcase classname="ptolemy.util.test.junit.AutoTests" name="[302] /home/travis/build/icyphy/ptII/ptolemy/actor/lib/test/auto/PulseFiringLimitDE.xml (RunModel)" time="0.014" />
  <testcase classname="ptolemy.util.test.junit.AutoTests" name="[303] /home/travis/build/icyphy/ptII/ptolemy/actor/lib/test/auto/Ramp1.xml (RunModel)" time="0.006" />
  <testcase classname="ptolemy.util.test.junit.AutoTests" name="[304] /home/travis/build/icyphy/ptII/ptolemy/actor/lib/test/auto/RampFiringLimitDE.xml (RunModel)" time="0.01" />
  <testcase classname="ptolemy.util.test.junit.AutoTests" name="[305] /home/travis/build/icyphy/ptII/ptolemy/actor/lib/test/auto/RampFiringLimitSDF.xml (RunModel)" time="0.011" />
  <testcase classname="ptolemy.util.test.junit.AutoTests" name="[306] /home/travis/build/icyphy/ptII/ptolemy/actor/lib/test/auto/RandomInteger.xml (RunModel)" time="0.009" />
  <testcase classname="ptolemy.util.test.junit.AutoTests" name="[307] /home/travis/build/icyphy/ptII/ptolemy/actor/lib/test/auto/ReadFile1.xml (RunModel)" time="0.008" />
  <testcase classname="ptolemy.util.test.junit.AutoTests" name="[308] /home/travis/build/icyphy/ptII/ptolemy/actor/lib/test/auto/ReadFile2.xml (RunModel)" time="0.007" />
  <testcase classname="ptolemy.util.test.junit.AutoTests" name="[309] /home/travis/build/icyphy/ptII/ptolemy/actor/lib/test/auto/Reader.xml (RunModel)" time="0.014" />
  <testcase classname="ptolemy.util.test.junit.AutoTests" name="[310] /home/travis/build/icyphy/ptII/ptolemy/actor/lib/test/auto/RecordAssemblerDisplayNameTest.xml (RunModel)" time="4.269" />
  <testcase classname="ptolemy.util.test.junit.AutoTests" name="[311] /home/travis/build/icyphy/ptII/ptolemy/actor/lib/test/auto/RecordAssemblerTypeError.xml (RunModel)" time="0.038" />
  <testcase classname="ptolemy.util.test.junit.AutoTests" name="[312] /home/travis/build/icyphy/ptII/ptolemy/actor/lib/test/auto/RecordDisassember.xml (RunModel)" time="0.018" />
  <testcase classname="ptolemy.util.test.junit.AutoTests" name="[313] /home/travis/build/icyphy/ptII/ptolemy/actor/lib/test/auto/RecordDisassemberDisplayNameTest.xml (RunModel)" time="0.019" />
  <testcase classname="ptolemy.util.test.junit.AutoTests" name="[314] /home/travis/build/icyphy/ptII/ptolemy/actor/lib/test/auto/RecordDisassembler.xml (RunModel)" time="0.01" />
  <testcase classname="ptolemy.util.test.junit.AutoTests" name="[315] /home/travis/build/icyphy/ptII/ptolemy/actor/lib/test/auto/RecordDisassembler2.xml (RunModel)" time="0.011" />
  <testcase classname="ptolemy.util.test.junit.AutoTests" name="[316] /home/travis/build/icyphy/ptII/ptolemy/actor/lib/test/auto/RecordUpdater.xml (RunModel)" time="0.009" />
  <testcase classname="ptolemy.util.test.junit.AutoTests" name="[317] /home/travis/build/icyphy/ptII/ptolemy/actor/lib/test/auto/RecordUpdater2.xml (RunModel)" time="0.011" />
  <testcase classname="ptolemy.util.test.junit.AutoTests" name="[318] /home/travis/build/icyphy/ptII/ptolemy/actor/lib/test/auto/RecursiveLattice.xml (RunModel)" time="0.008" />
  <testcase classname="ptolemy.util.test.junit.AutoTests" name="[319] /home/travis/build/icyphy/ptII/ptolemy/actor/lib/test/auto/Router.xml (RunModel)" time="3.026" />
  <testcase classname="ptolemy.util.test.junit.AutoTests" name="[320] /home/travis/build/icyphy/ptII/ptolemy/actor/lib/test/auto/Router2.xml (RunModel)" time="3.037" />
  <testcase classname="ptolemy.util.test.junit.AutoTests" name="[321] /home/travis/build/icyphy/ptII/ptolemy/actor/lib/test/auto/RunningMaximum.xml (RunModel)" time="0.022" />
  <testcase classname="ptolemy.util.test.junit.AutoTests" name="[322] /home/travis/build/icyphy/ptII/ptolemy/actor/lib/test/auto/RunningMinimum.xml (RunModel)" time="0.017" />
  <testcase classname="ptolemy.util.test.junit.AutoTests" name="[323] /home/travis/build/icyphy/ptII/ptolemy/actor/lib/test/auto/Scale.xml (RunModel)" time="0.03" />
  <testcase classname="ptolemy.util.test.junit.AutoTests" name="[324] /home/travis/build/icyphy/ptII/ptolemy/actor/lib/test/auto/Scale2.xml (RunModel)" time="0.042" />
  <testcase classname="ptolemy.util.test.junit.AutoTests" name="[325] /home/travis/build/icyphy/ptII/ptolemy/actor/lib/test/auto/Scale3.xml (RunModel)" time="0.048" />
  <testcase classname="ptolemy.util.test.junit.AutoTests" name="[326] /home/travis/build/icyphy/ptII/ptolemy/actor/lib/test/auto/ScaleArray.xml (RunModel)" time="0.014" />
  <testcase classname="ptolemy.util.test.junit.AutoTests" name="[327] /home/travis/build/icyphy/ptII/ptolemy/actor/lib/test/auto/ScaleArray2.xml (RunModel)" time="0.008" />
  <testcase classname="ptolemy.util.test.junit.AutoTests" name="[328] /home/travis/build/icyphy/ptII/ptolemy/actor/lib/test/auto/ScaleMatrix.xml (RunModel)" time="0.231" />
  <testcase classname="ptolemy.util.test.junit.AutoTests" name="[329] /home/travis/build/icyphy/ptII/ptolemy/actor/lib/test/auto/Select.xml (RunModel)" time="0.028" />
  <testcase classname="ptolemy.util.test.junit.AutoTests" name="[330] /home/travis/build/icyphy/ptII/ptolemy/actor/lib/test/auto/Select2.xml (RunModel)" time="0.009" />
  <testcase classname="ptolemy.util.test.junit.AutoTests" name="[331] /home/travis/build/icyphy/ptII/ptolemy/actor/lib/test/auto/SequenceToArray2.xml (RunModel)" time="0.141" />
  <testcase classname="ptolemy.util.test.junit.AutoTests" name="[332] /home/travis/build/icyphy/ptII/ptolemy/actor/lib/test/auto/SequentialClock.xml (RunModel)" time="0.012" />
  <testcase classname="ptolemy.util.test.junit.AutoTests" name="[333] /home/travis/build/icyphy/ptII/ptolemy/actor/lib/test/auto/SetVariable.xml (RunModel)" time="0.011" />
  <testcase classname="ptolemy.util.test.junit.AutoTests" name="[334] /home/travis/build/icyphy/ptII/ptolemy/actor/lib/test/auto/SetVariable2.xml (RunModel)" time="0.01" />
  <testcase classname="ptolemy.util.test.junit.AutoTests" name="[335] /home/travis/build/icyphy/ptII/ptolemy/actor/lib/test/auto/SetVariable3.xml (RunModel)" time="0.016" />
  <testcase classname="ptolemy.util.test.junit.AutoTests" name="[336] /home/travis/build/icyphy/ptII/ptolemy/actor/lib/test/auto/SetVariable4.xml (RunModel)" time="0.023" />
  <testcase classname="ptolemy.util.test.junit.AutoTests" name="[337] /home/travis/build/icyphy/ptII/ptolemy/actor/lib/test/auto/SetVariable5.xml (RunModel)" time="0.04" />
  <testcase classname="ptolemy.util.test.junit.AutoTests" name="[338] /home/travis/build/icyphy/ptII/ptolemy/actor/lib/test/auto/Sinewave.xml (RunModel)" time="0.03" />
  <testcase classname="ptolemy.util.test.junit.AutoTests" name="[339] /home/travis/build/icyphy/ptII/ptolemy/actor/lib/test/auto/Sinewave2.xml (RunModel)" time="0.015" />
  <testcase classname="ptolemy.util.test.junit.AutoTests" name="[340] /home/travis/build/icyphy/ptII/ptolemy/actor/lib/test/auto/Sinewave3.xml (RunModel)" time="0.02" />
  <testcase classname="ptolemy.util.test.junit.AutoTests" name="[341] /home/travis/build/icyphy/ptII/ptolemy/actor/lib/test/auto/SingleEvent.xml (RunModel)" time="0.007" />
  <testcase classname="ptolemy.util.test.junit.AutoTests" name="[342] /home/travis/build/icyphy/ptII/ptolemy/actor/lib/test/auto/Sleep.xml (RunModel)" time="6.017" />
  <testcase classname="ptolemy.util.test.junit.AutoTests" name="[343] /home/travis/build/icyphy/ptII/ptolemy/actor/lib/test/auto/SleepMultipleFire.xml (RunModel)" time="1.024" />
  <testcase classname="ptolemy.util.test.junit.AutoTests" name="[344] /home/travis/build/icyphy/ptII/ptolemy/actor/lib/test/auto/StopDE.xml (RunModel)" time="0.015" />
  <testcase classname="ptolemy.util.test.junit.AutoTests" name="[345] /home/travis/build/icyphy/ptII/ptolemy/actor/lib/test/auto/StopSDF.xml (RunModel)" time="0.012" />
  <testcase classname="ptolemy.util.test.junit.AutoTests" name="[346] /home/travis/build/icyphy/ptII/ptolemy/actor/lib/test/auto/StringConstant.xml (RunModel)" time="0.016" />
  <testcase classname="ptolemy.util.test.junit.AutoTests" name="[347] /home/travis/build/icyphy/ptII/ptolemy/actor/lib/test/auto/SubscriberPortInitialValues1.xml (RunModel)" time="0.024" />
  <testcase classname="ptolemy.util.test.junit.AutoTests" name="[348] /home/travis/build/icyphy/ptII/ptolemy/actor/lib/test/auto/SubscriberPortInitialValues13.xml (RunModel)" time="0.027" />
  <testcase classname="ptolemy.util.test.junit.AutoTests" name="[349] /home/travis/build/icyphy/ptII/ptolemy/actor/lib/test/auto/SubscriberPortInitialValues14.xml (RunModel)" time="0.015" />
  <testcase classname="ptolemy.util.test.junit.AutoTests" name="[350] /home/travis/build/icyphy/ptII/ptolemy/actor/lib/test/auto/SubscriberPortInitialValues2.xml (RunModel)" time="0.029" />
  <testcase classname="ptolemy.util.test.junit.AutoTests" name="[351] /home/travis/build/icyphy/ptII/ptolemy/actor/lib/test/auto/SubscriberPortInitialValues3.xml (RunModel)" time="0.026" />
  <testcase classname="ptolemy.util.test.junit.AutoTests" name="[352] /home/travis/build/icyphy/ptII/ptolemy/actor/lib/test/auto/SubscriptionAggregator.xml (RunModel)" time="0.019" />
  <testcase classname="ptolemy.util.test.junit.AutoTests" name="[353] /home/travis/build/icyphy/ptII/ptolemy/actor/lib/test/auto/SubscriptionAggregator2.xml (RunModel)" time="0.012" />
  <testcase classname="ptolemy.util.test.junit.AutoTests" name="[354] /home/travis/build/icyphy/ptII/ptolemy/actor/lib/test/auto/SubscriptionAggregator3.xml (RunModel)" time="0.018" />
  <testcase classname="ptolemy.util.test.junit.AutoTests" name="[355] /home/travis/build/icyphy/ptII/ptolemy/actor/lib/test/auto/SubscriptionAggregatorMultiply.xml (RunModel)" time="0.025" />
  <testcase classname="ptolemy.util.test.junit.AutoTests" name="[356] /home/travis/build/icyphy/ptII/ptolemy/actor/lib/test/auto/SubscriptionAggregatorPortMultiply1.xml (RunModel)" time="0.015" />
  <testcase classname="ptolemy.util.test.junit.AutoTests" name="[357] /home/travis/build/icyphy/ptII/ptolemy/actor/lib/test/auto/Switch.xml (RunModel)" time="0.017" />
  <testcase classname="ptolemy.util.test.junit.AutoTests" name="[358] /home/travis/build/icyphy/ptII/ptolemy/actor/lib/test/auto/Switch2.xml (RunModel)" time="0.01" />
  <testcase classname="ptolemy.util.test.junit.AutoTests" name="[359] /home/travis/build/icyphy/ptII/ptolemy/actor/lib/test/auto/SwitchDE.xml (RunModel)" time="0.018" />
  <testcase classname="ptolemy.util.test.junit.AutoTests" name="[360] /home/travis/build/icyphy/ptII/ptolemy/actor/lib/test/auto/SynchronizerDE.xml (RunModel)" time="0.022" />
  <testcase classname="ptolemy.util.test.junit.AutoTests" name="[361] /home/travis/build/icyphy/ptII/ptolemy/actor/lib/test/auto/Test.xml (RunModel)" time="0.009" />
  <testcase classname="ptolemy.util.test.junit.AutoTests" name="[362] /home/travis/build/icyphy/ptII/ptolemy/actor/lib/test/auto/TestExceptionAttribute1.xml (RunModel)" time="0.01" />
  <testcase classname="ptolemy.util.test.junit.AutoTests" name="[363] /home/travis/build/icyphy/ptII/ptolemy/actor/lib/test/auto/TestExceptionAttribute2.xml (RunModel)" time="0.009" />
  <testcase classname="ptolemy.util.test.junit.AutoTests" name="[364] /home/travis/build/icyphy/ptII/ptolemy/actor/lib/test/auto/TestExceptionAttribute3.xml (RunModel)" time="0.01" />
  <testcase classname="ptolemy.util.test.junit.AutoTests" name="[365] /home/travis/build/icyphy/ptII/ptolemy/actor/lib/test/auto/TestExceptionAttribute4.xml (RunModel)" time="0.008" />
  <testcase classname="ptolemy.util.test.junit.AutoTests" name="[366] /home/travis/build/icyphy/ptII/ptolemy/actor/lib/test/auto/TestExceptionHandler1.xml (RunModel)" time="0.007" />
  <testcase classname="ptolemy.util.test.junit.AutoTests" name="[367] /home/travis/build/icyphy/ptII/ptolemy/actor/lib/test/auto/TestExceptionHandler2.xml (RunModel)" time="0.009" />
  <testcase classname="ptolemy.util.test.junit.AutoTests" name="[368] /home/travis/build/icyphy/ptII/ptolemy/actor/lib/test/auto/TestExceptionHandler3.xml (RunModel)" time="0.006" />
  <testcase classname="ptolemy.util.test.junit.AutoTests" name="[369] /home/travis/build/icyphy/ptII/ptolemy/actor/lib/test/auto/TestExceptionHandler4.xml (RunModel)" time="0.006" />
  <testcase classname="ptolemy.util.test.junit.AutoTests" name="[370] /home/travis/build/icyphy/ptII/ptolemy/actor/lib/test/auto/TestRequireCorrectOrder.xml (RunModel)" time="0.01" />
  <testcase classname="ptolemy.util.test.junit.AutoTests" name="[371] /home/travis/build/icyphy/ptII/ptolemy/actor/lib/test/auto/TestSimple.xml (RunModel)" time="0.013" />
  <testcase classname="ptolemy.util.test.junit.AutoTests" name="[372] /home/travis/build/icyphy/ptII/ptolemy/actor/lib/test/auto/ThrowModelError.xml (RunModel)" time="0.011" />
  <testcase classname="ptolemy.util.test.junit.AutoTests" name="[373] /home/travis/build/icyphy/ptII/ptolemy/actor/lib/test/auto/TimeDelayMicrosteps.xml (RunModel)" time="0.014" />
  <testcase classname="ptolemy.util.test.junit.AutoTests" name="[374] /home/travis/build/icyphy/ptII/ptolemy/actor/lib/test/auto/TimeDelayMicrosteps2.xml (RunModel)" time="0.016" />
  <testcase classname="ptolemy.util.test.junit.AutoTests" name="[375] /home/travis/build/icyphy/ptII/ptolemy/actor/lib/test/auto/TimeDelayMicrosteps3.xml (RunModel)" time="0.011" />
  <testcase classname="ptolemy.util.test.junit.AutoTests" name="[376] /home/travis/build/icyphy/ptII/ptolemy/actor/lib/test/auto/TimeDelayVariableMicrosteps.xml (RunModel)" time="0.013" />
  <testcase classname="ptolemy.util.test.junit.AutoTests" name="[377] /home/travis/build/icyphy/ptII/ptolemy/actor/lib/test/auto/TimeGap.xml (RunModel)" time="0.016" />
  <testcase classname="ptolemy.util.test.junit.AutoTests" name="[378] /home/travis/build/icyphy/ptII/ptolemy/actor/lib/test/auto/TimeGap2.xml (RunModel)" time="0.01" />
  <testcase classname="ptolemy.util.test.junit.AutoTests" name="[379] /home/travis/build/icyphy/ptII/ptolemy/actor/lib/test/auto/TimedSinewave.xml (RunModel)" time="0.049" />
  <testcase classname="ptolemy.util.test.junit.AutoTests" name="[380] /home/travis/build/icyphy/ptII/ptolemy/actor/lib/test/auto/TimedSinewavePhase.xml (RunModel)" time="0.037" />
  <testcase classname="ptolemy.util.test.junit.AutoTests" name="[381] /home/travis/build/icyphy/ptII/ptolemy/actor/lib/test/auto/Timer.xml (RunModel)" time="0.017" />
  <testcase classname="ptolemy.util.test.junit.AutoTests" name="[382] /home/travis/build/icyphy/ptII/ptolemy/actor/lib/test/auto/TriangularDistTestModel.xml (RunModel)" time="0.017" />
  <testcase classname="ptolemy.util.test.junit.AutoTests" name="[383] /home/travis/build/icyphy/ptII/ptolemy/actor/lib/test/auto/TrigFunction.xml (RunModel)" time="0.008" />
  <testcase classname="ptolemy.util.test.junit.AutoTests" name="[384] /home/travis/build/icyphy/ptII/ptolemy/actor/lib/test/auto/TrigFunctionDE.xml (RunModel)" time="0.011" />
  <testcase classname="ptolemy.util.test.junit.AutoTests" name="[385] /home/travis/build/icyphy/ptII/ptolemy/actor/lib/test/auto/TrigFunctionInverse.xml (RunModel)" time="0.009" />
  <testcase classname="ptolemy.util.test.junit.AutoTests" name="[386] /home/travis/build/icyphy/ptII/ptolemy/actor/lib/test/auto/TrigFunctionTan.xml (RunModel)" time="0.006" />
  <testcase classname="ptolemy.util.test.junit.AutoTests" name="[387] /home/travis/build/icyphy/ptII/ptolemy/actor/lib/test/auto/TriggeredClock.xml (RunModel)" time="0.008" />
  <testcase classname="ptolemy.util.test.junit.AutoTests" name="[388] /home/travis/build/icyphy/ptII/ptolemy/actor/lib/test/auto/URLDirectoryReader.xml (RunModel)" time="0.123" />
  <testcase classname="ptolemy.util.test.junit.AutoTests" name="[389] /home/travis/build/icyphy/ptII/ptolemy/actor/lib/test/auto/URLDirectoryReader3.xml (RunModel)" time="1.914" />
  <testcase classname="ptolemy.util.test.junit.AutoTests" name="[390] /home/travis/build/icyphy/ptII/ptolemy/actor/lib/test/auto/UnaryMathFunction.xml (RunModel)" time="0.039" />
  <testcase classname="ptolemy.util.test.junit.AutoTests" name="[391] /home/travis/build/icyphy/ptII/ptolemy/actor/lib/test/auto/Uniform.xml (RunModel)" time="0.016" />
  <testcase classname="ptolemy.util.test.junit.AutoTests" name="[392] /home/travis/build/icyphy/ptII/ptolemy/actor/lib/test/auto/UnionDisassemblerTest.xml (RunModel)" time="0.018" />
  <testcase classname="ptolemy.util.test.junit.AutoTests" name="[393] /home/travis/build/icyphy/ptII/ptolemy/actor/lib/test/auto/UtilityFunctions.xml (RunModel)" time="0.007" />
  <testcase classname="ptolemy.util.test.junit.AutoTests" name="[394] /home/travis/build/icyphy/ptII/ptolemy/actor/lib/test/auto/VariableSleep.xml (RunModel)" time="0.511" />
  <testcase classname="ptolemy.util.test.junit.AutoTests" name="[395] /home/travis/build/icyphy/ptII/ptolemy/actor/lib/test/auto/VectorAssemblerDisassemblerCT.xml (RunModel)" time="0.117" />
  <testcase classname="ptolemy.util.test.junit.AutoTests" name="[396] /home/travis/build/icyphy/ptII/ptolemy/actor/lib/test/auto/VectorAssemblerDisassemblerDE.xml (RunModel)" time="0.012" />
  <testcase classname="ptolemy.util.test.junit.AutoTests" name="[397] /home/travis/build/icyphy/ptII/ptolemy/actor/lib/test/auto/VectorAssemblerDisassemblerSDF.xml (RunModel)" time="0.016" />
  <testcase classname="ptolemy.util.test.junit.AutoTests" name="[398] /home/travis/build/icyphy/ptII/ptolemy/actor/lib/test/auto/WallClockTime.xml (RunModel)" time="1.013" />
  <testcase classname="ptolemy.util.test.junit.AutoTests" name="[399] /home/travis/build/icyphy/ptII/ptolemy/actor/lib/test/auto/WidthTestWithSubscriberPublisher.xml (RunModel)" time="0.035" />
  <testcase classname="ptolemy.util.test.junit.AutoTests" name="[400] /home/travis/build/icyphy/ptII/ptolemy/actor/lib/test/auto/WidthTestWithSubscriberPublisher2.xml (RunModel)" time="0.015" />
  <testcase classname="ptolemy.util.test.junit.AutoTests" name="[401] /home/travis/build/icyphy/ptII/ptolemy/actor/lib/test/auto/WidthTestWithSubscriberPublisher3.xml (RunModel)" time="0.011" />
  <testcase classname="ptolemy.util.test.junit.AutoTests" name="[402] /home/travis/build/icyphy/ptII/ptolemy/actor/lib/test/auto/Writer.xml (RunModel)" time="0.008" />
  <testcase classname="ptolemy.util.test.junit.AutoTests" name="[403] /home/travis/build/icyphy/ptII/ptolemy/actor/lib/test/auto/array.xml (RunModel)" time="0.009" />
  <testcase classname="ptolemy.util.test.junit.AutoTests" name="[404] /home/travis/build/icyphy/ptII/ptolemy/actor/lib/test/auto/array2.xml (RunModel)" time="0.013" />
  <testcase classname="ptolemy.util.test.junit.AutoTests" name="[405] /home/travis/build/icyphy/ptII/ptolemy/actor/lib/test/auto/arrayType.xml (RunModel)" time="0.01" />
  <testcase classname="ptolemy.util.test.junit.AutoTests" name="[406] /home/travis/build/icyphy/ptII/ptolemy/actor/lib/test/auto/arrayType10.xml (RunModel)" time="0.008" />
  <testcase classname="ptolemy.util.test.junit.AutoTests" name="[407] /home/travis/build/icyphy/ptII/ptolemy/actor/lib/test/auto/arrayType11.xml (RunModel)" time="0.008" />
  <testcase classname="ptolemy.util.test.junit.AutoTests" name="[408] /home/travis/build/icyphy/ptII/ptolemy/actor/lib/test/auto/arrayType12.xml (RunModel)" time="0.008" />
  <testcase classname="ptolemy.util.test.junit.AutoTests" name="[409] /home/travis/build/icyphy/ptII/ptolemy/actor/lib/test/auto/arrayType13.xml (RunModel)" time="0.008" />
  <testcase classname="ptolemy.util.test.junit.AutoTests" name="[410] /home/travis/build/icyphy/ptII/ptolemy/actor/lib/test/auto/arrayType14.xml (RunModel)" time="0.008" />
  <testcase classname="ptolemy.util.test.junit.AutoTests" name="[411] /home/travis/build/icyphy/ptII/ptolemy/actor/lib/test/auto/arrayType15.xml (RunModel)" time="0.009" />
  <testcase classname="ptolemy.util.test.junit.AutoTests" name="[412] /home/travis/build/icyphy/ptII/ptolemy/actor/lib/test/auto/arrayType16.xml (RunModel)" time="0.007" />
  <testcase classname="ptolemy.util.test.junit.AutoTests" name="[413] /home/travis/build/icyphy/ptII/ptolemy/actor/lib/test/auto/arrayType17.xml (RunModel)" time="0.007" />
  <testcase classname="ptolemy.util.test.junit.AutoTests" name="[414] /home/travis/build/icyphy/ptII/ptolemy/actor/lib/test/auto/arrayType18.xml (RunModel)" time="0.007" />
  <testcase classname="ptolemy.util.test.junit.AutoTests" name="[415] /home/travis/build/icyphy/ptII/ptolemy/actor/lib/test/auto/arrayType19.xml (RunModel)" time="0.008" />
  <testcase classname="ptolemy.util.test.junit.AutoTests" name="[416] /home/travis/build/icyphy/ptII/ptolemy/actor/lib/test/auto/arrayType2.xml (RunModel)" time="0.008" />
  <testcase classname="ptolemy.util.test.junit.AutoTests" name="[417] /home/travis/build/icyphy/ptII/ptolemy/actor/lib/test/auto/arrayType20.xml (RunModel)" time="0.007" />
  <testcase classname="ptolemy.util.test.junit.AutoTests" name="[418] /home/travis/build/icyphy/ptII/ptolemy/actor/lib/test/auto/arrayType21.xml (RunModel)" time="0.007" />
  <testcase classname="ptolemy.util.test.junit.AutoTests" name="[419] /home/travis/build/icyphy/ptII/ptolemy/actor/lib/test/auto/arrayType22.xml (RunModel)" time="0.007" />
  <testcase classname="ptolemy.util.test.junit.AutoTests" name="[420] /home/travis/build/icyphy/ptII/ptolemy/actor/lib/test/auto/arrayType23.xml (RunModel)" time="0.007" />
  <testcase classname="ptolemy.util.test.junit.AutoTests" name="[421] /home/travis/build/icyphy/ptII/ptolemy/actor/lib/test/auto/arrayType24.xml (RunModel)" time="0.013" />
  <testcase classname="ptolemy.util.test.junit.AutoTests" name="[422] /home/travis/build/icyphy/ptII/ptolemy/actor/lib/test/auto/arrayType25.xml (RunModel)" time="0.008" />
  <testcase classname="ptolemy.util.test.junit.AutoTests" name="[423] /home/travis/build/icyphy/ptII/ptolemy/actor/lib/test/auto/arrayType26.xml (RunModel)" time="0.008" />
  <testcase classname="ptolemy.util.test.junit.AutoTests" name="[424] /home/travis/build/icyphy/ptII/ptolemy/actor/lib/test/auto/arrayType27.xml (RunModel)" time="0.008" />
  <testcase classname="ptolemy.util.test.junit.AutoTests" name="[425] /home/travis/build/icyphy/ptII/ptolemy/actor/lib/test/auto/arrayType28.xml (RunModel)" time="0.013" />
  <testcase classname="ptolemy.util.test.junit.AutoTests" name="[426] /home/travis/build/icyphy/ptII/ptolemy/actor/lib/test/auto/arrayType3.xml (RunModel)" time="0.008" />
  <testcase classname="ptolemy.util.test.junit.AutoTests" name="[427] /home/travis/build/icyphy/ptII/ptolemy/actor/lib/test/auto/arrayType4.xml (RunModel)" time="0.009" />
  <testcase classname="ptolemy.util.test.junit.AutoTests" name="[428] /home/travis/build/icyphy/ptII/ptolemy/actor/lib/test/auto/arrayType5.xml (RunModel)" time="0.039" />
  <testcase classname="ptolemy.util.test.junit.AutoTests" name="[429] /home/travis/build/icyphy/ptII/ptolemy/actor/lib/test/auto/arrayType6.xml (RunModel)" time="0.032" />
  <testcase classname="ptolemy.util.test.junit.AutoTests" name="[430] /home/travis/build/icyphy/ptII/ptolemy/actor/lib/test/auto/arrayType7.xml (RunModel)" time="0.033" />
  <testcase classname="ptolemy.util.test.junit.AutoTests" name="[431] /home/travis/build/icyphy/ptII/ptolemy/actor/lib/test/auto/arrayType8.xml (RunModel)" time="0.008" />
  <testcase classname="ptolemy.util.test.junit.AutoTests" name="[432] /home/travis/build/icyphy/ptII/ptolemy/actor/lib/test/auto/arrayType9.xml (RunModel)" time="0.018" />
  <testcase classname="ptolemy.util.test.junit.AutoTests" name="[433] /home/travis/build/icyphy/ptII/ptolemy/actor/lib/test/auto/cast.xml (RunModel)" time="0.008" />
  <testcase classname="ptolemy.util.test.junit.AutoTests" name="[434] /home/travis/build/icyphy/ptII/ptolemy/actor/lib/test/auto/compositeMultiPort.xml (RunModel)" time="0.015" />
  <testcase classname="ptolemy.util.test.junit.AutoTests" name="[435] /home/travis/build/icyphy/ptII/ptolemy/actor/lib/test/auto/expressionCastInference.xml (RunModel)" time="0.007" />
  <testcase classname="ptolemy.util.test.junit.AutoTests" name="[436] /home/travis/build/icyphy/ptII/ptolemy/actor/lib/test/auto/expressionCastInference2.xml (RunModel)" time="0.008" />
  <testcase classname="ptolemy.util.test.junit.AutoTests" name="[437] /home/travis/build/icyphy/ptII/ptolemy/actor/lib/test/auto/expressionInference.xml (RunModel)" time="0.006" />
  <testcase classname="ptolemy.util.test.junit.AutoTests" name="[438] /home/travis/build/icyphy/ptII/ptolemy/actor/lib/test/auto/expression_bug.xml (RunModel)" time="0.035" />
  <testcase classname="ptolemy.util.test.junit.AutoTests" name="[439] /home/travis/build/icyphy/ptII/ptolemy/actor/lib/test/auto/factorial.xml (RunModel)" time="0.061" />
  <testcase classname="ptolemy.util.test.junit.AutoTests" name="[440] /home/travis/build/icyphy/ptII/ptolemy/actor/lib/test/auto/filterTest1.xml (RunModel)" time="0.036" />
  <testcase classname="ptolemy.util.test.junit.AutoTests" name="[441] /home/travis/build/icyphy/ptII/ptolemy/actor/lib/test/auto/funcApplyInConst.xml (RunModel)" time="0.007" />
  <testcase classname="ptolemy.util.test.junit.AutoTests" name="[442] /home/travis/build/icyphy/ptII/ptolemy/actor/lib/test/auto/funcApplyInExpr.xml (RunModel)" time="0.008" />
  <testcase classname="ptolemy.util.test.junit.AutoTests" name="[443] /home/travis/build/icyphy/ptII/ptolemy/actor/lib/test/auto/function.xml (RunModel)" time="0.017" />
  <testcase classname="ptolemy.util.test.junit.AutoTests" name="[444] /home/travis/build/icyphy/ptII/ptolemy/actor/lib/test/auto/function2.xml (RunModel)" time="0.011" />
  <testcase classname="ptolemy.util.test.junit.AutoTests" name="[445] /home/travis/build/icyphy/ptII/ptolemy/actor/lib/test/auto/function3.xml (RunModel)" time="0.032" />
  <testcase classname="ptolemy.util.test.junit.AutoTests" name="[446] /home/travis/build/icyphy/ptII/ptolemy/actor/lib/test/auto/functionClosureTest1.xml (RunModel)" time="0.017" />
  <testcase classname="ptolemy.util.test.junit.AutoTests" name="[447] /home/travis/build/icyphy/ptII/ptolemy/actor/lib/test/auto/functionClosureTest2.xml (RunModel)" time="0.009" />
  <testcase classname="ptolemy.util.test.junit.AutoTests" name="[448] /home/travis/build/icyphy/ptII/ptolemy/actor/lib/test/auto/functionClosureTest3.xml (RunModel)" time="0.018" />
  <testcase classname="ptolemy.util.test.junit.AutoTests" name="[449] /home/travis/build/icyphy/ptII/ptolemy/actor/lib/test/auto/functionClosureTest4.xml (RunModel)" time="0.019" />
  <testcase classname="ptolemy.util.test.junit.AutoTests" name="[450] /home/travis/build/icyphy/ptII/ptolemy/actor/lib/test/auto/functionClosureTest5.xml (RunModel)" time="0.012" />
  <testcase classname="ptolemy.util.test.junit.AutoTests" name="[451] /home/travis/build/icyphy/ptII/ptolemy/actor/lib/test/auto/functionClosureTest6.xml (RunModel)" time="0.007" />
  <testcase classname="ptolemy.util.test.junit.AutoTests" name="[452] /home/travis/build/icyphy/ptII/ptolemy/actor/lib/test/auto/functionsOnArcs.xml (RunModel)" time="0.01" />
  <testcase classname="ptolemy.util.test.junit.AutoTests" name="[453] /home/travis/build/icyphy/ptII/ptolemy/actor/lib/test/auto/functionsOnArcsHOF.xml (RunModel)" time="0.011" />
  <testcase classname="ptolemy.util.test.junit.AutoTests" name="[454] /home/travis/build/icyphy/ptII/ptolemy/actor/lib/test/auto/logic.xml (RunModel)" time="0.018" />
  <testcase classname="ptolemy.util.test.junit.AutoTests" name="[455] /home/travis/build/icyphy/ptII/ptolemy/actor/lib/test/auto/matrixType.xml (RunModel)" time="0.009" />
  <testcase classname="ptolemy.util.test.junit.AutoTests" name="[456] /home/travis/build/icyphy/ptII/ptolemy/actor/lib/test/auto/matrixType10.xml (RunModel)" time="0.009" />
  <testcase classname="ptolemy.util.test.junit.AutoTests" name="[457] /home/travis/build/icyphy/ptII/ptolemy/actor/lib/test/auto/matrixType11.xml (RunModel)" time="0.007" />
  <testcase classname="ptolemy.util.test.junit.AutoTests" name="[458] /home/travis/build/icyphy/ptII/ptolemy/actor/lib/test/auto/matrixType12.xml (RunModel)" time="0.011" />
  <testcase classname="ptolemy.util.test.junit.AutoTests" name="[459] /home/travis/build/icyphy/ptII/ptolemy/actor/lib/test/auto/matrixType13.xml (RunModel)" time="0.008" />
  <testcase classname="ptolemy.util.test.junit.AutoTests" name="[460] /home/travis/build/icyphy/ptII/ptolemy/actor/lib/test/auto/matrixType14.xml (RunModel)" time="0.009" />
  <testcase classname="ptolemy.util.test.junit.AutoTests" name="[461] /home/travis/build/icyphy/ptII/ptolemy/actor/lib/test/auto/matrixType2.xml (RunModel)" time="0.008" />
  <testcase classname="ptolemy.util.test.junit.AutoTests" name="[462] /home/travis/build/icyphy/ptII/ptolemy/actor/lib/test/auto/matrixType3.xml (RunModel)" time="0.01" />
  <testcase classname="ptolemy.util.test.junit.AutoTests" name="[463] /home/travis/build/icyphy/ptII/ptolemy/actor/lib/test/auto/matrixType4.xml (RunModel)" time="0.008" />
  <testcase classname="ptolemy.util.test.junit.AutoTests" name="[464] /home/travis/build/icyphy/ptII/ptolemy/actor/lib/test/auto/matrixType5.xml (RunModel)" time="0.007" />
  <testcase classname="ptolemy.util.test.junit.AutoTests" name="[465] /home/travis/build/icyphy/ptII/ptolemy/actor/lib/test/auto/matrixType6.xml (RunModel)" time="0.008" />
  <testcase classname="ptolemy.util.test.junit.AutoTests" name="[466] /home/travis/build/icyphy/ptII/ptolemy/actor/lib/test/auto/matrixType7.xml (RunModel)" time="0.008" />
  <testcase classname="ptolemy.util.test.junit.AutoTests" name="[467] /home/travis/build/icyphy/ptII/ptolemy/actor/lib/test/auto/matrixType8.xml (RunModel)" time="0.009" />
  <testcase classname="ptolemy.util.test.junit.AutoTests" name="[468] /home/travis/build/icyphy/ptII/ptolemy/actor/lib/test/auto/matrixType9.xml (RunModel)" time="0.007" />
  <testcase classname="ptolemy.util.test.junit.AutoTests" name="[469] /home/travis/build/icyphy/ptII/ptolemy/actor/lib/test/auto/paraFunctest.xml (RunModel)" time="0.006" />
  <testcase classname="ptolemy.util.test.junit.AutoTests" name="[470] /home/travis/build/icyphy/ptII/ptolemy/actor/lib/test/auto/paraFunctest2.xml (RunModel)" time="0.012" />
  <testcase classname="ptolemy.util.test.junit.AutoTests" name="[471] /home/travis/build/icyphy/ptII/ptolemy/actor/lib/test/auto/parameterPassing.xml (RunModel)" time="0.012" />
  <testcase classname="ptolemy.util.test.junit.AutoTests" name="[472] /home/travis/build/icyphy/ptII/ptolemy/actor/lib/test/auto/record.xml (RunModel)" time="0.011" />
  <testcase classname="ptolemy.util.test.junit.AutoTests" name="[473] /home/travis/build/icyphy/ptII/ptolemy/actor/lib/test/auto/sizedarray1.xml (RunModel)" time="0.009" />
  <testcase classname="ptolemy.util.test.junit.AutoTests" name="[474] /home/travis/build/icyphy/ptII/ptolemy/actor/lib/test/auto/sizedarray2.xml (RunModel)" time="0.01" />
  <testcase classname="ptolemy.util.test.junit.AutoTests" name="[475] /home/travis/build/icyphy/ptII/ptolemy/actor/lib/test/auto/twoPublishers.xml (RunModel)" time="0.023" />
  <system-out><![CDATA[/home/travis/build/icyphy/ptII/ptolemy/actor/lib/test/AbsoluteValue.tcl
testDefs.tcl: setting time out to 9000 seconds at Tue Aug 25 15:38:00 UTC 2020
86 ms. Memory: 129024K Free: 92614K (72%)
11 ms. Memory: 129024K Free: 90551K (70%)
4 ms. Memory: 129024K Free: 90054K (70%)
4 ms. Memory: 129024K Free: 89032K (69%)
/home/travis/build/icyphy/ptII/ptolemy/actor/lib/test/AddSubtract.tcl
14 ms. Memory: 129024K Free: 86984K (67%)
6 ms. Memory: 129024K Free: 86439K (67%)
5 ms. Memory: 129024K Free: 85446K (66%)
15 ms. Memory: 129024K Free: 84936K (66%)
59 ms. Memory: 129024K Free: 81864K (63%)
5 ms. Memory: 129024K Free: 80840K (63%)
/home/travis/build/icyphy/ptII/ptolemy/actor/lib/test/Average.tcl
14 ms. Memory: 129024K Free: 79302K (61%)
6 ms. Memory: 129024K Free: 78278K (61%)
/home/travis/build/icyphy/ptII/ptolemy/actor/lib/test/Bernoulli.tcl
4 ms. Memory: 129024K Free: 76744K (59%)
2 ms. Memory: 129024K Free: 76199K (59%)
/home/travis/build/icyphy/ptII/ptolemy/actor/lib/test/Clock.tcl
preinitializing
resolving types
initializing
executing number 1
wrapping up
idle
31 ms. Memory: 129024K Free: 73672K (57%)
Completed execution with 5 iterations
preinitializing
resolving types
initializing
executing number 1
wrapping up
idle
8 ms. Memory: 129024K Free: 72648K (56%)
Completed execution with 5 iterations
preinitializing
resolving types
initializing
executing number 1
wrapping up
idle
8 ms. Memory: 129024K Free: 72119K (56%)
Completed execution with 5 iterations
/home/travis/build/icyphy/ptII/ptolemy/actor/lib/test/Commutator.tcl
13 ms. Memory: 129024K Free: 70055K (54%)
11 ms. Memory: 129024K Free: 69031K (54%)
10 ms. Memory: 129024K Free: 63432K (49%)
/home/travis/build/icyphy/ptII/ptolemy/actor/lib/test/Const.tcl
4 ms. Memory: 129024K Free: 61879K (48%)
6 ms. Memory: 129024K Free: 61384K (48%)
9 ms. Memory: 129024K Free: 60855K (47%)
7 ms. Memory: 129024K Free: 60360K (47%)
6 ms. Memory: 129024K Free: 59846K (46%)
20 ms. Memory: 129024K Free: 57798K (45%)
5 ms. Memory: 129024K Free: 56759K (44%)
8 ms. Memory: 129024K Free: 56264K (44%)
/home/travis/build/icyphy/ptII/ptolemy/actor/lib/test/CurrentTime.tcl
preinitializing
resolving types
initializing
executing number 1
wrapping up
idle
19 ms. Memory: 129024K Free: 54216K (42%)
Completed execution with 11 iterations
/home/travis/build/icyphy/ptII/ptolemy/actor/lib/test/DB.tcl
9 ms. Memory: 129024K Free: 52663K (41%)
5 ms. Memory: 129024K Free: 52168K (40%)
4 ms. Memory: 129024K Free: 51654K (40%)
/home/travis/build/icyphy/ptII/ptolemy/actor/lib/test/DiscreteRandomSource.tcl
preinitializing
resolving types
initializing
executing number 1
wrapping up
idle
9 ms. Memory: 129024K Free: 50120K (39%)
Completed execution with 4 iterations
preinitializing
resolving types
initializing
executing number 1
wrapping up
idle
5 ms. Memory: 129024K Free: 49599K (38%)
Completed execution with 4 iterations
preinitializing
resolving types
initializing
executing number 1
wrapping up
idle
5 ms. Memory: 129024K Free: 49096K (38%)
Completed execution with 4 iterations
preinitializing
resolving types
initializing
executing number 1
wrapping up
idle
9 ms. Memory: 129024K Free: 48567K (38%)
Completed execution with 4 iterations
preinitializing
resolving types
initializing
executing number 1
wrapping up
idle
10 ms. Memory: 129024K Free: 48072K (37%)
Completed execution with 4 iterations
/home/travis/build/icyphy/ptII/ptolemy/actor/lib/test/Distributor.tcl
12 ms. Memory: 129024K Free: 113093K (88%)
3 ms. Memory: 129024K Free: 112517K (87%)
StreamChangeRequest.changeExecuted(): <deleteEntity name="rec2"/> succeeded
StreamChangeRequest.changeExecuted(): <deleteRelation name="r2"/> succeeded
StreamChangeRequest.changeExecuted(): Record firings per iteration succeeded
5 ms. Memory: 129024K Free: 110021K (85%)
/home/travis/build/icyphy/ptII/ptolemy/actor/lib/test/Exit.tcl
Exit.tcl: this will print a message about Manager.exitAfterWrapup, which can be ignored.
9 ms. Memory: 129024K Free: 107059K (83%)
/home/travis/build/icyphy/ptII/ptolemy/actor/lib/test/Expression.tcl
12 ms. Memory: 129024K Free: 103427K (80%)
3 ms. Memory: 129024K Free: 102829K (80%)
2 ms. Memory: 129024K Free: 101813K (79%)
preinitializing
resolving types
initializing
executing number 1
wrapping up
idle
5 ms. Memory: 129024K Free: 100781K (78%)
Completed execution with 6 iterations
3 ms. Memory: 129024K Free: 99773K (77%)
2 ms. Memory: 129024K Free: 98741K (77%)
5 ms. Memory: 129024K Free: 97733K (76%)
4 ms. Memory: 129024K Free: 96701K (75%)
4 ms. Memory: 129024K Free: 95213K (74%)
/home/travis/build/icyphy/ptII/ptolemy/actor/lib/test/Gaussian.tcl
4 ms. Memory: 129024K Free: 93651K (73%)
sleeping 1 seconds: .................................................................................................................................................................................................................................................................................................................................................................................................................................................................................................................................................................................................................................................................................................................................................................................................................................................................................................................................................................................................................................................................................................................................................................................................................................................................................................................................................................................................................................................................................................................................................................................................................................................................................................................................................................................................................................................................................................................................................................................................................................................................................................................................................................................................................................................................................................................................................................................................................................................................................................................................................................................................................................................................................................................................................................................................................................................................................................................................................................................................................................................................................................................................................................................................................................................................................................................................................................2 ms. Memory: 129024K Free: 101594K (79%)
2 ms. Memory: 129024K Free: 101065K (78%)
2 ms. Memory: 129024K Free: 100570K (78%)
1 ms. Memory: 129024K Free: 99546K (77%)
2 ms. Memory: 129024K Free: 99032K (77%)
/home/travis/build/icyphy/ptII/ptolemy/actor/lib/test/IIR.tcl
/home/travis/build/icyphy/ptII/ptolemy/actor/lib/test/Interpolator.tcl
3 ms. Memory: 129024K Free: 95450K (74%)
2 ms. Memory: 129024K Free: 94929K (74%)
2 ms. Memory: 129024K Free: 94426K (73%)
2 ms. Memory: 129024K Free: 93912K (73%)
3 ms. Memory: 129024K Free: 92873K (72%)
2 ms. Memory: 129024K Free: 91864K (71%)
2 ms. Memory: 129024K Free: 91354K (71%)
3 ms. Memory: 129024K Free: 90330K (70%)
2 ms. Memory: 129024K Free: 89306K (69%)
2 ms. Memory: 129024K Free: 88282K (68%)
/home/travis/build/icyphy/ptII/ptolemy/actor/lib/test/MathFunction.tcl
3 ms. Memory: 129024K Free: 86234K (67%)
2 ms. Memory: 129024K Free: 85210K (66%)
2 ms. Memory: 129024K Free: 84186K (65%)
2 ms. Memory: 129024K Free: 83657K (65%)
3 ms. Memory: 129024K Free: 82138K (64%)
6 ms. Memory: 129024K Free: 80090K (62%)
/home/travis/build/icyphy/ptII/ptolemy/actor/lib/test/Maximum.tcl
4 ms. Memory: 129024K Free: 78042K (60%)
2 ms. Memory: 129024K Free: 77528K (60%)
2 ms. Memory: 129024K Free: 77018K (60%)
6 ms. Memory: 129024K Free: 112866K (87%)
/home/travis/build/icyphy/ptII/ptolemy/actor/lib/test/Minimum.tcl
3 ms. Memory: 129024K Free: 110956K (86%)
8 ms. Memory: 129024K Free: 110446K (86%)
3 ms. Memory: 129024K Free: 109422K (85%)
3 ms. Memory: 129024K Free: 108908K (84%)
/home/travis/build/icyphy/ptII/ptolemy/actor/lib/test/MultiplyDivide.tcl
8 ms. Memory: 129024K Free: 106854K (83%)
12 ms. Memory: 129024K Free: 106350K (82%)
3 ms. Memory: 129024K Free: 105822K (82%)
7 ms. Memory: 129024K Free: 104812K (81%)
5 ms. Memory: 129024K Free: 104302K (81%)
/home/travis/build/icyphy/ptII/ptolemy/actor/lib/test/OrderedMerge.tcl
Connections changed on port: inputA
Connections changed on port: inputB
Connections changed on port: output
Connections changed on port: output
Connections changed on port: output
Connections changed on port: input
.top. Preinitializing ...
Invoking preinitialize():  .top.OrderedMerge
Called preinitialize()
Invoking preinitialize():  .top.Ramp
Called preinitialize()
Invoking preinitialize():  .top.Ramp2
Called preinitialize()
Invoking preinitialize():  .top.Test
Called preinitialize()
Connections changed on port: inputA
Connections changed on port: output
Connections changed on port: output
Connections changed on port: input
Connections changed on port: inputB
Connections changed on port: output
.top. Finished preinitialize().
Called initialize().
Invoking initialize():  .top.OrderedMerge
Initializing actor: .top.OrderedMerge
Adding a thread: .top.OrderedMerge
Invoking initialize():  .top.Ramp
Initializing actor: .top.Ramp
Adding a thread: .top.Ramp
Invoking initialize():  .top.Ramp2
Initializing actor: .top.Ramp2
Adding a thread: .top.Ramp2
Invoking initialize():  .top.Test
Initializing actor: .top.Test
Adding a thread: .top.Test
Called fire().
Checking for deadlock:
-- Starting thread.
Called initialize()
Called prefire()
Called fire()
-- Starting thread.
Called initialize()
-- Starting thread.
Called initialize()
Called prefire()
Called fire()
Called prefire()
-- Starting thread.
Called fire()
Called initialize()
Called prefire()
Called fire()
There are 0 Blocked actors, 0 Stopped actors, and 4 active threads.
Waiting for actors to stop.
Called postfire()
Called prefire()
Called fire()
Called postfire()
Called prefire()
Called fire()
Called postfire()
Called prefire()
Called fire()
Read input token from inputA with value 0.0
Checking for deadlock:
Next port to read input from is inputB
There are 3 Blocked actors, 0 Stopped actors, and 4 active threads.
Called postfire()
Waiting for actors to stop.
Called prefire()
Called fire()
Read input token from inputB with value 0.0
Called postfire()
Called prefire()
Called fire()
Sent output token with value 0.0
Next port to read input from is inputA
Called postfire()
Called prefire()
Called fire()
Read input token from inputA with value 1.0
Checking for deadlock:
There are 2 Blocked actors, 0 Stopped actors, and 4 active threads.
Waiting for actors to stop.
-- Read input: 0.0, which is expected to match: 0.0
Called prefire()
Called fire()
Called postfire()
Called prefire()
Called fire()
Checking for deadlock:
There are 3 Blocked actors, 0 Stopped actors, and 4 active threads.
Waiting for actors to stop.
Sent output token with value 0.0
-- Read input: 0.0, which is expected to match: 0.0
Called prefire()
Called fire()
Next port to read input from is inputB
Called postfire()
Checking for deadlock:
Called prefire()
Called fire()
There are 3 Blocked actors, 0 Stopped actors, and 4 active threads.
Waiting for actors to stop.
Called postfire()
Read input token from inputB with value 1.5
Checking for deadlock:
Called prefire()
Called fire()
There are 2 Blocked actors, 0 Stopped actors, and 4 active threads.
Waiting for actors to stop.
Checking for deadlock:
There are 3 Blocked actors, 0 Stopped actors, and 4 active threads.
Waiting for actors to stop.
Checking for deadlock:
There are 2 Blocked actors, 0 Stopped actors, and 4 active threads.
Waiting for actors to stop.
Sent output token with value 1.0
Next port to read input from is inputA
Called postfire()
Called prefire()
Called fire()
Read input token from inputA with value 2.0
-- Read input: 1.0, which is expected to match: 1.0
Sent output token with value 1.5
Called prefire()
Called fire()
Next port to read input from is inputB
Called postfire()
Called prefire()
Called fire()
-- Read input: 1.5, which is expected to match: 1.5
Read input token from inputB with value 3.0
Called postfire()
Sent output token with value 2.0
Called prefire()
Called fire()
Next port to read input from is inputA
Called postfire()
Called prefire()
Called fire()
-- Read input: 2.0, which is expected to match: 2.0
Called prefire()
Called fire()
Called prefire()
Read input token from inputA with value 3.0
Called fire()
Called postfire()
Sent output token with value 3.0
Called prefire()
Called fire()
Next port to read input from is inputB
Called postfire()
Called prefire()
Called fire()
Checking for deadlock:
There are 2 Blocked actors, 0 Stopped actors, and 4 active threads.
Waiting for actors to stop.
Called postfire()
Called prefire()
Called fire()
-- Read input: 3.0, which is expected to match: 3.0
Called prefire()
Called fire()
Checking for deadlock:
There are 3 Blocked actors, 0 Stopped actors, and 4 active threads.
Waiting for actors to stop.
Read input token from inputB with value 4.5
Checking for deadlock:
Called postfire()
Called prefire()
Called fire()
There are 2 Blocked actors, 0 Stopped actors, and 4 active threads.
Waiting for actors to stop.
Sent output token with value 3.0
-- Read input: 3.0, which is expected to match: 3.0
Called prefire()
Called fire()
Next port to read input from is inputA
Called postfire()
Called prefire()
Called fire()
Checking for deadlock:
There are 3 Blocked actors, 0 Stopped actors, and 4 active threads.
Waiting for actors to stop.
Called postfire()
Called prefire()
Called fire()
Read input token from inputA with value 4.0
Checking for deadlock:
There are 2 Blocked actors, 0 Stopped actors, and 4 active threads.
Waiting for actors to stop.
-- Read input: 4.0, which is expected to match: 4.0
Called prefire()
Called fire()
Past the end of training data. Read and discard all inputs.
Checking for deadlock:
There are 3 Blocked actors, 0 Stopped actors, and 4 active threads.
Waiting for actors to stop.
Sent output token with value 4.0
Next port to read input from is inputA
Called postfire()
Called prefire()
Called fire()
Read input token from inputA with value 5.0
Sent output token with value 4.5
Called postfire()
Called prefire()
Called fire()
Next port to read input from is inputB
Called postfire()
Called prefire()
Checking for deadlock:
Called fire()
There are 2 Blocked actors, 0 Stopped actors, and 4 active threads.
Waiting for actors to stop.
Read input token from inputB with value 6.0
Called postfire()
Called prefire()
Called fire()
Called prefire()
Called fire()
Sent output token with value 5.0
Past the end of training data. Read and discard all inputs.
Called prefire()
Called fire()
Next port to read input from is inputA
Called postfire()
Past the end of training data. Read and discard all inputs.
Called prefire()
Called fire()
Read input token from inputA with value 6.0
Sent output token with value 6.0
Next port to read input from is inputB
Called postfire()
Called prefire()
Called fire()
Read input token from inputB with value 7.5
Checking for deadlock:
There are 1 Blocked actors, 0 Stopped actors, and 4 active threads.
Waiting for actors to stop.
Called postfire()
Called prefire()
Called fire()
Called prefire()
Called fire()
Past the end of training data. Read and discard all inputs.
Called postfire()
Called prefire()
Called fire()
Checking for deadlock:
There are 3 Blocked actors, 0 Stopped actors, and 4 active threads.
Waiting for actors to stop.
Called prefire()
Sent output token with value 6.0
Called fire()
Past the end of training data. Read and discard all inputs.
Next port to read input from is inputA
Called postfire()
Called prefire()
Called fire()
Read input token from inputA with value 7.0
Sent output token with value 7.0
Next port to read input from is inputA
Called postfire()
Called prefire()
Called fire()
Checking for deadlock:
There are 2 Blocked actors, 0 Stopped actors, and 4 active threads.
Waiting for actors to stop.
Called postfire()
Called prefire()
Called fire()
Called prefire()
Called fire()
Past the end of training data. Read and discard all inputs.
Checking for deadlock:
There are 3 Blocked actors, 0 Stopped actors, and 4 active threads.
Waiting for actors to stop.
Checking for deadlock:
Read input token from inputA with value 8.0
There are 2 Blocked actors, 0 Stopped actors, and 4 active threads.
Waiting for actors to stop.
-- Thread wrapup() called.
Sent output token with value 7.5
Called wrapup()
Next port to read input from is inputB
Called postfire()
Called prefire()
Called fire()
Thread .top.Ramp is exiting.
-- Thread stopped.
Called postfire()
Called prefire()
Called fire()
Read input token from inputB with value 9.0
Checking for deadlock:
There are 1 Blocked actors, 0 Stopped actors, and 3 active threads.
Waiting for actors to stop.
Called prefire()
Called fire()
Sent output token with value 8.0
Past the end of training data. Read and discard all inputs.
Called prefire()
Called fire()
Next port to read input from is inputA
Called postfire()
Past the end of training data. Read and discard all inputs.
Called prefire()
Called fire()
Checking for deadlock:
Read input token from inputA with value 9.0
There are 2 Blocked actors, 0 Stopped actors, and 3 active threads.
Waiting for actors to stop.
Called prefire()
Sent output token with value 9.0
Checking for deadlock:
Called fire()
Past the end of training data. Read and discard all inputs.
Next port to read input from is inputB
Called postfire()
Called prefire()
Called fire()
There are 1 Blocked actors, 0 Stopped actors, and 3 active threads.
Waiting for actors to stop.
Called postfire()
Called prefire()
Called fire()
Read input token from inputB with value 10.5
Checking for deadlock:
Sent output token with value 9.0
Next port to read input from is inputA
Called postfire()
Called prefire()
Called fire()
There are 1 Blocked actors, 0 Stopped actors, and 3 active threads.
Waiting for actors to stop.
Called prefire()
Called fire()
Past the end of training data. Read and discard all inputs.
Checking for deadlock:
There are 3 Blocked actors, 0 Stopped actors, and 3 active threads.
Actors have stopped.
Checking for deadlock:
There are 3 Blocked actors, 0 Stopped actors, and 3 active threads.
Deadlock detected.
Resolving Deadlock
Checking for deadlock:
There are 3 Blocked actors, 0 Stopped actors, and 3 active threads.
Artificial Deadlock - increasing queue capacity.
increasing the capacity of receiver ptolemy.actor.TypedIOPort {.top.OrderedMerge.inputB} to 2
-- Thread wrapup() called.
Called wrapup()
Thread .top.Ramp2 is exiting.
-- Thread stopped.
Director: Called postfire().
Called postfire().
_stopRequested = false
_stopFireRequested = false
Returning from postfire(): true
Called fire().
Checking for deadlock:
There are 2 Blocked actors, 0 Stopped actors, and 2 active threads.
Actors have stopped.
Checking for deadlock:
There are 2 Blocked actors, 0 Stopped actors, and 2 active threads.
Deadlock detected.
Resolving Deadlock
Checking for deadlock:
There are 2 Blocked actors, 0 Stopped actors, and 2 active threads.
Deadlock detected: no processes blocked on write, but some are blocked on read.
Called postfire().
_stopRequested = false
_stopFireRequested = false
Returning from postfire(): false
Finished deactivating branches.
Called wrapup().
-- Thread wrapup() called.
Called wrapup()
Thread .top.OrderedMerge is exiting.
-- Thread stopped.
-- Blocked Receiver call threw TerminateProcessException.
-- Thread wrapup() called.
Called wrapup()
Thread .top.Test is exiting.
-- Thread stopped.
-- Blocked Receiver call threw TerminateProcessException.
79 ms. Memory: 129024K Free: 100206K (78%)
.top. Preinitializing ...
Invoking preinitialize():  .top.OrderedMerge
Called preinitialize()
Invoking preinitialize():  .top.Ramp
Called preinitialize()
Invoking preinitialize():  .top.Ramp2
Called preinitialize()
Invoking preinitialize():  .top.Test
Called preinitialize()
.top. Finished preinitialize().
Called initialize().
Invoking initialize():  .top.OrderedMerge
Initializing actor: .top.OrderedMerge
Adding a thread: .top.OrderedMerge
Invoking initialize():  .top.Ramp
Initializing actor: .top.Ramp
Adding a thread: .top.Ramp
Invoking initialize():  .top.Ramp2
Initializing actor: .top.Ramp2
Adding a thread: .top.Ramp2
Invoking initialize():  .top.Test
Initializing actor: .top.Test
Adding a thread: .top.Test
-- Starting thread.
Called initialize()
Called prefire()
Called fire()
-- Starting thread.
Called initialize()
Called prefire()
Called fire()
Called postfire()
Called prefire()
Called fire()
-- Starting thread.
Called initialize()
Called prefire()
Called fire()
Called postfire()
Called prefire()
Called fire()
Called fire().
Checking for deadlock:
There are 3 Blocked actors, 0 Stopped actors, and 4 active threads.
Waiting for actors to stop.
-- Starting thread.
Called initialize()
Called prefire()
Called fire()
Checking for deadlock:
There are 2 Blocked actors, 0 Stopped actors, and 4 active threads.
Waiting for actors to stop.
Called postfire()
Called prefire()
Called fire()
Checking for deadlock:
There are 3 Blocked actors, 0 Stopped actors, and 4 active threads.
Waiting for actors to stop.
Read input token from inputA with value 0.0
Next port to read input from is inputB
Called postfire()
Called prefire()
Called fire()
Called postfire()
Called prefire()
Called fire()
Checking for deadlock:
There are 3 Blocked actors, 0 Stopped actors, and 4 active threads.
Waiting for actors to stop.
Read input token from inputB with value 0.0
-- Read input: 0.0, which is expected to match: 0.0
Called prefire()
Called fire()
Checking for deadlock:
There are 3 Blocked actors, 0 Stopped actors, and 4 active threads.
Waiting for actors to stop.
Sent output token with value 0.0
Next port to read input from is inputA
Called postfire()
Called prefire()
Called fire()
Called postfire()
Called prefire()
Called fire()
Checking for deadlock:
There are 3 Blocked actors, 0 Stopped actors, and 4 active threads.
Waiting for actors to stop.
Read input token from inputA with value 1.0
-- Read input: 0.0, which is expected to match: 0.0
Called prefire()
Called fire()
Checking for deadlock:
There are 3 Blocked actors, 0 Stopped actors, and 4 active threads.
Waiting for actors to stop.
Sent output token with value 0.0
Next port to read input from is inputB
Called postfire()
Called prefire()
Called fire()
Called postfire()
Called prefire()
Called fire()
Checking for deadlock:
There are 3 Blocked actors, 0 Stopped actors, and 4 active threads.
Waiting for actors to stop.
Read input token from inputB with value 1.5
-- Read input: 1.0, which is expected to match: 1.0
Called prefire()
Called fire()
Checking for deadlock:
There are 3 Blocked actors, 0 Stopped actors, and 4 active threads.
Waiting for actors to stop.
Sent output token with value 1.0
Next port to read input from is inputA
Called postfire()
Called prefire()
Called fire()
Called postfire()
Called prefire()
Called fire()
Checking for deadlock:
There are 3 Blocked actors, 0 Stopped actors, and 4 active threads.
Waiting for actors to stop.
Read input token from inputA with value 2.0
Checking for deadlock:
There are 2 Blocked actors, 0 Stopped actors, and 4 active threads.
Waiting for actors to stop.
-- Read input: 1.5, which is expected to match: 1.5
Called prefire()
Called fire()
Checking for deadlock:
There are 3 Blocked actors, 0 Stopped actors, and 4 active threads.
Waiting for actors to stop.
Sent output token with value 1.5
Next port to read input from is inputB
Called postfire()
Called prefire()
Called fire()
Checking for deadlock:
There are 2 Blocked actors, 0 Stopped actors, and 4 active threads.
Waiting for actors to stop.
Called postfire()
Called prefire()
Called fire()
Checking for deadlock:
There are 3 Blocked actors, 0 Stopped actors, and 4 active threads.
Waiting for actors to stop.
Read input token from inputB with value 3.0
Checking for deadlock:
There are 2 Blocked actors, 0 Stopped actors, and 4 active threads.
Waiting for actors to stop.
-- Read input: 2.0, which is expected to match: 2.0
Called prefire()
Called fire()
Checking for deadlock:
There are 3 Blocked actors, 0 Stopped actors, and 4 active threads.
Waiting for actors to stop.
Sent output token with value 2.0
Next port to read input from is inputA
Called postfire()
Called prefire()
Called fire()
Called postfire()
Called prefire()
Called fire()
Checking for deadlock:
There are 3 Blocked actors, 0 Stopped actors, and 4 active threads.
Waiting for actors to stop.
Read input token from inputA with value 3.0
-- Read input: 3.0, which is expected to match: 3.0
Called prefire()
Called fire()
Checking for deadlock:
There are 3 Blocked actors, 0 Stopped actors, and 4 active threads.
Waiting for actors to stop.
Sent output token with value 3.0
Next port to read input from is inputB
Called postfire()
Called prefire()
Called fire()
Checking for deadlock:
There are 2 Blocked actors, 0 Stopped actors, and 4 active threads.
Waiting for actors to stop.
Called postfire()
Called prefire()
Called fire()
Checking for deadlock:
There are 3 Blocked actors, 0 Stopped actors, and 4 active threads.
Waiting for actors to stop.
Read input token from inputB with value 4.5
Checking for deadlock:
There are 2 Blocked actors, 0 Stopped actors, and 4 active threads.
Waiting for actors to stop.
-- Read input: 3.0, which is expected to match: 3.0
Called prefire()
Called fire()
Checking for deadlock:
There are 3 Blocked actors, 0 Stopped actors, and 4 active threads.
Waiting for actors to stop.
Sent output token with value 3.0
Next port to read input from is inputA
Called postfire()
Called prefire()
Called fire()
Called postfire()
Called prefire()
Called fire()
Checking for deadlock:
There are 3 Blocked actors, 0 Stopped actors, and 4 active threads.
Waiting for actors to stop.
Read input token from inputA with value 4.0
-- Read input: 4.0, which is expected to match: 4.0
Called prefire()
Called fire()
Past the end of training data. Read and discard all inputs.
Checking for deadlock:
There are 3 Blocked actors, 0 Stopped actors, and 4 active threads.
Waiting for actors to stop.
Sent output token with value 4.0
Next port to read input from is inputA
Called postfire()
Called prefire()
Called fire()
Called postfire()
Called prefire()
Called fire()
Checking for deadlock:
There are 3 Blocked actors, 0 Stopped actors, and 4 active threads.
Waiting for actors to stop.
Read input token from inputA with value 5.0
Called prefire()
Called fire()
Past the end of training data. Read and discard all inputs.
Checking for deadlock:
There are 3 Blocked actors, 0 Stopped actors, and 4 active threads.
Waiting for actors to stop.
Sent output token with value 4.5
Next port to read input from is inputB
Called postfire()
Called prefire()
Called fire()
Checking for deadlock:
There are 2 Blocked actors, 0 Stopped actors, and 4 active threads.
Waiting for actors to stop.
Called postfire()
Called prefire()
Called fire()
Checking for deadlock:
There are 3 Blocked actors, 0 Stopped actors, and 4 active threads.
Waiting for actors to stop.
Read input token from inputB with value 6.0
Checking for deadlock:
There are 2 Blocked actors, 0 Stopped actors, and 4 active threads.
Waiting for actors to stop.
Called prefire()
Called fire()
Past the end of training data. Read and discard all inputs.
Checking for deadlock:
There are 3 Blocked actors, 0 Stopped actors, and 4 active threads.
Waiting for actors to stop.
Sent output token with value 5.0
Next port to read input from is inputA
Called postfire()
Called prefire()
Called fire()
Called postfire()
Called prefire()
Called fire()
Checking for deadlock:
There are 3 Blocked actors, 0 Stopped actors, and 4 active threads.
Waiting for actors to stop.
Read input token from inputA with value 6.0
Called prefire()
Called fire()
Past the end of training data. Read and discard all inputs.
Checking for deadlock:
There are 3 Blocked actors, 0 Stopped actors, and 4 active threads.
Waiting for actors to stop.
Sent output token with value 6.0
Next port to read input from is inputB
Called postfire()
Called prefire()
Called fire()
Checking for deadlock:
There are 2 Blocked actors, 0 Stopped actors, and 4 active threads.
Waiting for actors to stop.
Called postfire()
Called prefire()
Called fire()
Checking for deadlock:
There are 3 Blocked actors, 0 Stopped actors, and 4 active threads.
Waiting for actors to stop.
Read input token from inputB with value 7.5
Checking for deadlock:
There are 2 Blocked actors, 0 Stopped actors, and 4 active threads.
Waiting for actors to stop.
Called prefire()
Called fire()
Past the end of training data. Read and discard all inputs.
Checking for deadlock:
There are 3 Blocked actors, 0 Stopped actors, and 4 active threads.
Waiting for actors to stop.
Sent output token with value 6.0
Next port to read input from is inputA
Called postfire()
Called prefire()
Called fire()
Called postfire()
Called prefire()
Called fire()
Checking for deadlock:
There are 3 Blocked actors, 0 Stopped actors, and 4 active threads.
Waiting for actors to stop.
Read input token from inputA with value 7.0
Called prefire()
Called fire()
Past the end of training data. Read and discard all inputs.
Checking for deadlock:
There are 3 Blocked actors, 0 Stopped actors, and 4 active threads.
Waiting for actors to stop.
Sent output token with value 7.0
Next port to read input from is inputA
Called postfire()
Called prefire()
Called fire()
-- Thread wrapup() called.
Called wrapup()
Thread .top.Ramp is exiting.
-- Thread stopped.
Checking for deadlock:
There are 2 Blocked actors, 0 Stopped actors, and 3 active threads.
Waiting for actors to stop.
Read input token from inputA with value 8.0
Checking for deadlock:
There are 1 Blocked actors, 0 Stopped actors, and 3 active threads.
Waiting for actors to stop.
Called prefire()
Called fire()
Past the end of training data. Read and discard all inputs.
Checking for deadlock:
There are 2 Blocked actors, 0 Stopped actors, and 3 active threads.
Waiting for actors to stop.
Sent output token with value 7.5
Next port to read input from is inputB
Called postfire()
Called prefire()
Called fire()
Checking for deadlock:
There are 1 Blocked actors, 0 Stopped actors, and 3 active threads.
Waiting for actors to stop.
Called postfire()
Called prefire()
Called fire()
Checking for deadlock:
There are 2 Blocked actors, 0 Stopped actors, and 3 active threads.
Waiting for actors to stop.
Read input token from inputB with value 9.0
Checking for deadlock:
There are 1 Blocked actors, 0 Stopped actors, and 3 active threads.
Waiting for actors to stop.
Called prefire()
Called fire()
Past the end of training data. Read and discard all inputs.
Checking for deadlock:
There are 2 Blocked actors, 0 Stopped actors, and 3 active threads.
Waiting for actors to stop.
Sent output token with value 8.0
Next port to read input from is inputA
Called postfire()
Called prefire()
Called fire()
Read input token from inputA with value 9.0
Called prefire()
Called fire()
Past the end of training data. Read and discard all inputs.
Checking for deadlock:
There are 2 Blocked actors, 0 Stopped actors, and 3 active threads.
Waiting for actors to stop.
Sent output token with value 9.0
Next port to read input from is inputB
Called postfire()
Called prefire()
Called fire()
Called postfire()
Called prefire()
Called fire()
Checking for deadlock:
There are 2 Blocked actors, 0 Stopped actors, and 3 active threads.
Waiting for actors to stop.
Read input token from inputB with value 10.5
Called prefire()
Called fire()
Past the end of training data. Read and discard all inputs.
Checking for deadlock:
There are 2 Blocked actors, 0 Stopped actors, and 3 active threads.
Waiting for actors to stop.
Sent output token with value 9.0
Next port to read input from is inputA
Called postfire()
Called prefire()
Called fire()
Checking for deadlock:
There are 3 Blocked actors, 0 Stopped actors, and 3 active threads.
Actors have stopped.
Checking for deadlock:
There are 3 Blocked actors, 0 Stopped actors, and 3 active threads.
Deadlock detected.
Resolving Deadlock
Checking for deadlock:
There are 3 Blocked actors, 0 Stopped actors, and 3 active threads.
Artificial Deadlock - increasing queue capacity.
increasing the capacity of receiver ptolemy.actor.TypedIOPort {.top.OrderedMerge.inputB} to 2
Director: Called postfire().
Called postfire().
_stopRequested = false
_stopFireRequested = false
Returning from postfire(): true
Called fire().
Checking for deadlock:
There are 2 Blocked actors, 0 Stopped actors, and 3 active threads.
Waiting for actors to stop.
-- Thread wrapup() called.
Called wrapup()
Thread .top.Ramp2 is exiting.
-- Thread stopped.
Checking for deadlock:
There are 2 Blocked actors, 0 Stopped actors, and 2 active threads.
Actors have stopped.
Checking for deadlock:
There are 2 Blocked actors, 0 Stopped actors, and 2 active threads.
Deadlock detected.
Resolving Deadlock
Checking for deadlock:
There are 2 Blocked actors, 0 Stopped actors, and 2 active threads.
Deadlock detected: no processes blocked on write, but some are blocked on read.
Called postfire().
_stopRequested = false
_stopFireRequested = false
Returning from postfire(): false
Finished deactivating branches.
Called wrapup().
-- Thread wrapup() called.
Called wrapup()
-- Thread wrapup() called.
Called wrapup()
Thread .top.Test is exiting.
-- Thread stopped.
-- Blocked Receiver call threw TerminateProcessException.
Thread .top.OrderedMerge is exiting.
-- Thread stopped.
-- Blocked Receiver call threw TerminateProcessException.
34 ms. Memory: 129024K Free: 98593K (76%)
/home/travis/build/icyphy/ptII/ptolemy/actor/lib/test/Publisher.tcl
15 ms. Memory: 129024K Free: 92524K (72%)
6 ms. Memory: 129024K Free: 87390K (68%)
8 ms. Memory: 129024K Free: 83302K (65%)
4 ms. Memory: 129024K Free: 82270K (64%)
6 ms. Memory: 129024K Free: 81774K (63%)
8 ms. Memory: 129024K Free: 80750K (63%)
2 ms. Memory: 129024K Free: 112049K (87%)
12 ms. Memory: 129024K Free: 111521K (86%)
20 ms. Memory: 129024K Free: 101295K (79%)
5 ms. Memory: 129024K Free: 97713K (76%)
2 ms. Memory: 129024K Free: 96689K (75%)
3 ms. Memory: 129024K Free: 94641K (73%)
6 ms. Memory: 129024K Free: 86959K (67%)
5 ms. Memory: 129024K Free: 77233K (60%)
7 ms. Memory: 129024K Free: 65969K (51%)
/home/travis/build/icyphy/ptII/ptolemy/actor/lib/test/Pulse.tcl
4 ms. Memory: 129024K Free: 83982K (65%)
8 ms. Memory: 129024K Free: 83486K (65%)
1 ms. Memory: 129024K Free: 82972K (64%)
2 ms. Memory: 129024K Free: 82462K (64%)
1 ms. Memory: 129024K Free: 81948K (64%)
10 ms. Memory: 129024K Free: 80414K (62%)
10 ms. Memory: 129024K Free: 79388K (62%)
2 ms. Memory: 129024K Free: 78876K (61%)
1 ms. Memory: 129024K Free: 78366K (61%)
/home/travis/build/icyphy/ptII/ptolemy/actor/lib/test/Ramp.tcl
11 ms. Memory: 129024K Free: 76318K (59%)
4 ms. Memory: 129024K Free: 75294K (58%)
3 ms. Memory: 129024K Free: 74780K (58%)
3 ms. Memory: 129024K Free: 73742K (57%)
8 ms. Memory: 129024K Free: 73246K (57%)
9 ms. Memory: 129024K Free: 72222K (56%)
5 ms. Memory: 129024K Free: 71198K (55%)
5 actors
13000 microseconds per iteration to create
8 ms. Memory: 129024K Free: 68533K (53%)
1 ms. Memory: 129024K Free: 68126K (53%)
2 ms. Memory: 129024K Free: 67102K (52%)
6 ms. Memory: 129024K Free: 66588K (52%)
50 actors
45000 microseconds per iteration to create
46 ms. Memory: 129024K Free: 51228K (40%)
5 ms. Memory: 129024K Free: 50204K (39%)
24 ms. Memory: 157696K Free: 139024K (88%)
5 ms. Memory: 157696K Free: 138058K (88%)
500 actors
1695000 microseconds per iteration to create
252 ms. Memory: 157696K Free: 128127K (81%)
39 ms. Memory: 157696K Free: 123007K (78%)
49 ms. Memory: 157696K Free: 117887K (75%)
34 ms. Memory: 157696K Free: 112767K (72%)
/home/travis/build/icyphy/ptII/ptolemy/actor/lib/test/RampContinuous.tcl
9 ms. Memory: 157696K Free: 111222K (71%)
/home/travis/build/icyphy/ptII/ptolemy/actor/lib/test/RecordAssembler.tcl
5 ms. Memory: 157696K Free: 109695K (70%)
4 ms. Memory: 157696K Free: 108671K (69%)
/home/travis/build/icyphy/ptII/ptolemy/actor/lib/test/RecordDisassembler.tcl
13 ms. Memory: 157696K Free: 107133K (68%)
2 ms. Memory: 157696K Free: 106623K (68%)
5 ms. Memory: 157696K Free: 105085K (67%)
/home/travis/build/icyphy/ptII/ptolemy/actor/lib/test/Scale.tcl
2 ms. Memory: 157696K Free: 103551K (66%)
1 ms. Memory: 157696K Free: 102527K (65%)
2 ms. Memory: 157696K Free: 101998K (65%)
4 ms. Memory: 157696K Free: 100982K (64%)
3 ms. Memory: 157696K Free: 99965K (63%)
/home/travis/build/icyphy/ptII/ptolemy/actor/lib/test/SequentialClock.tcl
preinitializing
resolving types
initializing
executing number 1
wrapping up
idle
4 ms. Memory: 157696K Free: 98934K (63%)
Completed execution with 5 iterations
preinitializing
resolving types
initializing
executing number 1
wrapping up
idle
1 ms. Memory: 157696K Free: 98431K (62%)
Completed execution with 5 iterations
preinitializing
resolving types
initializing
executing number 1
wrapping up
idle
1 ms. Memory: 157696K Free: 97917K (62%)
Completed execution with 5 iterations
/home/travis/build/icyphy/ptII/ptolemy/actor/lib/test/SetVariable.tcl
8 ms. Memory: 157696K Free: 95869K (61%)
/home/travis/build/icyphy/ptII/ptolemy/actor/lib/test/Sinewave.tcl
/home/travis/build/icyphy/ptII/ptolemy/actor/lib/test/SubscriptionAggregator.tcl
5 ms. Memory: 157696K Free: 84605K (54%)
4 ms. Memory: 157696K Free: 84095K (53%)
1 ms. Memory: 157696K Free: 83581K (53%)
1 ms. Memory: 157696K Free: 83071K (53%)
1 ms. Memory: 157696K Free: 79470K (50%)
8 ms. Memory: 157696K Free: 77437K (49%)
...............................................................1030 ms. Memory: 273408K Free: 222069K (81%)
/home/travis/build/icyphy/ptII/ptolemy/actor/lib/test/Test.tcl
 The next command will produce a warning about training mode,
   which may be ignored.
10 ms. Memory: 273408K Free: 220021K (80%)
6 ms. Memory: 273408K Free: 219511K (80%)
2 ms. Memory: 273408K Free: 218990K (80%)
2 ms. Memory: 273408K Free: 217958K (80%)
4 ms. Memory: 273408K Free: 217463K (80%)
13 ms. Memory: 273408K Free: 216439K (79%)
12 ms. Memory: 273408K Free: 214870K (79%)
 The next command will produce a warning about training mode,
   which may be ignored.
4 ms. Memory: 273408K Free: 212838K (78%)
 The next command will produce a warning about training mode,
   which may be ignored.
3 ms. Memory: 273408K Free: 211319K (77%)
2 ms. Memory: 273408K Free: 211319K (77%)
2 ms. Memory: 273408K Free: 210805K (77%)
1 ms. Memory: 273408K Free: 210295K (77%)
6 ms. Memory: 273408K Free: 209271K (77%)
4 ms. Memory: 273408K Free: 205175K (75%)
/home/travis/build/icyphy/ptII/ptolemy/actor/lib/test/TestExceptionHandler.tcl
 The next command will produce a warning about training mode,
   which may be ignored.
3 ms. Memory: 273408K Free: 204151K (75%)
1 ms. Memory: 273408K Free: 203630K (74%)
1 ms. Memory: 273408K Free: 203127K (74%)
/home/travis/build/icyphy/ptII/ptolemy/actor/lib/test/UnionDisassembler.tcl
15 ms. Memory: 273408K Free: 195445K (71%)
/home/travis/build/icyphy/ptII/ptolemy/actor/lib/test/VariableClock.tcl
preinitializing
resolving types
initializing
executing number 1
wrapping up
idle
17 ms. Memory: 273408K Free: 193911K (71%)
Completed execution with 11 iterations
preinitializing
resolving types
initializing
executing number 1
wrapping up
idle
8 ms. Memory: 273408K Free: 192366K (70%)
Completed execution with 10 iterations
08/25/20 03:38:08
Failed: 0  Total Tests: 233  ((Passed: 233, Newly Passed: 0)  Known Failed: 0) /home/travis/build/icyphy/ptII/ptolemy/actor/lib/test
----------------- testing (KnownFailure) /home/travis/build/icyphy/ptII/ptolemy/actor/lib/test/auto/knownFailedTests/PublisherPortToplevelSubscriber.xml
0 ms. Memory: 273408K Free: 188791K (69%)
Known Failure: java.lang.reflect.InvocationTargetException
----------------- testing (KnownFailure) /home/travis/build/icyphy/ptII/ptolemy/actor/lib/test/auto/knownFailedTests/PublisherSubscriberPortToplevel.xml
1 ms. Memory: 273408K Free: 185205K (68%)
Known Failure: java.lang.reflect.InvocationTargetException
----------------- testing (KnownFailure) /home/travis/build/icyphy/ptII/ptolemy/actor/lib/test/auto/knownFailedTests/PublisherSubscriptionAggregatorPort.xml
1 ms. Memory: 273408K Free: 181109K (66%)
Known Failure: java.lang.reflect.InvocationTargetException
----------------- testing (KnownFailure) /home/travis/build/icyphy/ptII/ptolemy/actor/lib/test/auto/knownFailedTests/sizedarray3.xml
5 ms. Memory: 273408K Free: 177013K (65%)
Known Failure: java.lang.reflect.InvocationTargetException
No auto/linux-amd64/*.xml tests in /home/travis/build/icyphy/ptII/ptolemy/actor/lib/test
AutoTests.java: About to close Vertx.
AutoTests.java: Vertx closed.

===========================================================================================
----------------- testing Tue Aug 25 15:38:08 UTC 2020 /home/travis/build/icyphy/ptII/ptolemy/actor/lib/test/auto/AbsoluteValue.xml
----------------- Instantiating /home/travis/build/icyphy/ptII/ptolemy/actor/lib/test/auto/AbsoluteValue.xml
7 ms. Memory: 273408K Free: 153461K (56%)
----------------- Invoking toplevel() on ptolemy.moml.MoMLSimpleApplication@1d0dd158
----------------- Done invoking toplevel() on ptolemy.moml.MoMLSimpleApplication@1d0dd158
reloadAllAccessors: .AbsoluteValue

===========================================================================================
----------------- testing Tue Aug 25 15:38:08 UTC 2020 /home/travis/build/icyphy/ptII/ptolemy/actor/lib/test/auto/AbsoluteValue2.xml
----------------- Instantiating /home/travis/build/icyphy/ptII/ptolemy/actor/lib/test/auto/AbsoluteValue2.xml
5 ms. Memory: 273408K Free: 146293K (54%)
----------------- Invoking toplevel() on ptolemy.moml.MoMLSimpleApplication@39a5d29f
----------------- Done invoking toplevel() on ptolemy.moml.MoMLSimpleApplication@39a5d29f
reloadAllAccessors: .AbsoluteValue2

===========================================================================================
----------------- testing Tue Aug 25 15:38:08 UTC 2020 /home/travis/build/icyphy/ptII/ptolemy/actor/lib/test/auto/Accumulator.xml
----------------- Instantiating /home/travis/build/icyphy/ptII/ptolemy/actor/lib/test/auto/Accumulator.xml
5 ms. Memory: 273408K Free: 140149K (51%)
----------------- Invoking toplevel() on ptolemy.moml.MoMLSimpleApplication@23ca09b0
----------------- Done invoking toplevel() on ptolemy.moml.MoMLSimpleApplication@23ca09b0
reloadAllAccessors: .Accumulator

===========================================================================================
----------------- testing Tue Aug 25 15:38:08 UTC 2020 /home/travis/build/icyphy/ptII/ptolemy/actor/lib/test/auto/Accumulator2.xml
----------------- Instantiating /home/travis/build/icyphy/ptII/ptolemy/actor/lib/test/auto/Accumulator2.xml
3 ms. Memory: 273408K Free: 134519K (49%)
----------------- Invoking toplevel() on ptolemy.moml.MoMLSimpleApplication@deb2818
----------------- Done invoking toplevel() on ptolemy.moml.MoMLSimpleApplication@deb2818
reloadAllAccessors: .Accumulator2

===========================================================================================
----------------- testing Tue Aug 25 15:38:09 UTC 2020 /home/travis/build/icyphy/ptII/ptolemy/actor/lib/test/auto/Accumulator3.xml
----------------- Instantiating /home/travis/build/icyphy/ptII/ptolemy/actor/lib/test/auto/Accumulator3.xml
2 ms. Memory: 273408K Free: 130423K (48%)
----------------- Invoking toplevel() on ptolemy.moml.MoMLSimpleApplication@4e746d61
----------------- Done invoking toplevel() on ptolemy.moml.MoMLSimpleApplication@4e746d61
reloadAllAccessors: .Accumulator3

===========================================================================================
----------------- testing Tue Aug 25 15:38:09 UTC 2020 /home/travis/build/icyphy/ptII/ptolemy/actor/lib/test/auto/ArrayAppend.xml
----------------- Instantiating /home/travis/build/icyphy/ptII/ptolemy/actor/lib/test/auto/ArrayAppend.xml
4 ms. Memory: 273408K Free: 124279K (45%)
----------------- Invoking toplevel() on ptolemy.moml.MoMLSimpleApplication@709a028b
----------------- Done invoking toplevel() on ptolemy.moml.MoMLSimpleApplication@709a028b
reloadAllAccessors: .ArrayAppend

===========================================================================================
----------------- testing Tue Aug 25 15:38:09 UTC 2020 /home/travis/build/icyphy/ptII/ptolemy/actor/lib/test/auto/ArrayAppend2.xml
----------------- Instantiating /home/travis/build/icyphy/ptII/ptolemy/actor/lib/test/auto/ArrayAppend2.xml
325 ms. Memory: 273408K Free: 205312K (75%)
----------------- Invoking toplevel() on ptolemy.moml.MoMLSimpleApplication@3638cebe
----------------- Done invoking toplevel() on ptolemy.moml.MoMLSimpleApplication@3638cebe
reloadAllAccessors: .ArrayAppend2

===========================================================================================
----------------- testing Tue Aug 25 15:38:09 UTC 2020 /home/travis/build/icyphy/ptII/ptolemy/actor/lib/test/auto/ArrayAppend3.xml
----------------- Instantiating /home/travis/build/icyphy/ptII/ptolemy/actor/lib/test/auto/ArrayAppend3.xml
7 ms. Memory: 273408K Free: 199678K (73%)
----------------- Invoking toplevel() on ptolemy.moml.MoMLSimpleApplication@7d1e7e95
----------------- Done invoking toplevel() on ptolemy.moml.MoMLSimpleApplication@7d1e7e95
reloadAllAccessors: .ArrayAppend3

===========================================================================================
----------------- testing Tue Aug 25 15:38:09 UTC 2020 /home/travis/build/icyphy/ptII/ptolemy/actor/lib/test/auto/ArrayAppend4.xml
----------------- Instantiating /home/travis/build/icyphy/ptII/ptolemy/actor/lib/test/auto/ArrayAppend4.xml
2 ms. Memory: 273408K Free: 194558K (71%)
----------------- Invoking toplevel() on ptolemy.moml.MoMLSimpleApplication@867055c
----------------- Done invoking toplevel() on ptolemy.moml.MoMLSimpleApplication@867055c
reloadAllAccessors: .ArrayAppend4

===========================================================================================
----------------- testing Tue Aug 25 15:38:09 UTC 2020 /home/travis/build/icyphy/ptII/ptolemy/actor/lib/test/auto/ArrayAppend5.xml
----------------- Instantiating /home/travis/build/icyphy/ptII/ptolemy/actor/lib/test/auto/ArrayAppend5.xml
2 ms. Memory: 273408K Free: 189438K (69%)
----------------- Invoking toplevel() on ptolemy.moml.MoMLSimpleApplication@2167f37e
----------------- Done invoking toplevel() on ptolemy.moml.MoMLSimpleApplication@2167f37e
reloadAllAccessors: .ArrayAppend5

===========================================================================================
----------------- testing Tue Aug 25 15:38:09 UTC 2020 /home/travis/build/icyphy/ptII/ptolemy/actor/lib/test/auto/ArrayAppend6.xml
----------------- Instantiating /home/travis/build/icyphy/ptII/ptolemy/actor/lib/test/auto/ArrayAppend6.xml
3 ms. Memory: 273408K Free: 184318K (67%)
----------------- Invoking toplevel() on ptolemy.moml.MoMLSimpleApplication@41630519
----------------- Done invoking toplevel() on ptolemy.moml.MoMLSimpleApplication@41630519
reloadAllAccessors: .ArrayAppend6

===========================================================================================
----------------- testing Tue Aug 25 15:38:09 UTC 2020 /home/travis/build/icyphy/ptII/ptolemy/actor/lib/test/auto/ArrayAppendPerformanceTest.xml
----------------- Instantiating /home/travis/build/icyphy/ptII/ptolemy/actor/lib/test/auto/ArrayAppendPerformanceTest.xml
36 ms. Memory: 273408K Free: 173054K (63%)
----------------- Invoking toplevel() on ptolemy.moml.MoMLSimpleApplication@1ec6d59a
----------------- Done invoking toplevel() on ptolemy.moml.MoMLSimpleApplication@1ec6d59a
reloadAllAccessors: .ArrayAppendPerformanceTest

===========================================================================================
----------------- testing Tue Aug 25 15:38:09 UTC 2020 /home/travis/build/icyphy/ptII/ptolemy/actor/lib/test/auto/ArrayAppendWithEmptyInput.xml
----------------- Instantiating /home/travis/build/icyphy/ptII/ptolemy/actor/lib/test/auto/ArrayAppendWithEmptyInput.xml
13 ms. Memory: 273408K Free: 164862K (60%)
----------------- Invoking toplevel() on ptolemy.moml.MoMLSimpleApplication@1f534a02
----------------- Done invoking toplevel() on ptolemy.moml.MoMLSimpleApplication@1f534a02
reloadAllAccessors: .ArrayAppendWithEmptyInput

===========================================================================================
----------------- testing Tue Aug 25 15:38:09 UTC 2020 /home/travis/build/icyphy/ptII/ptolemy/actor/lib/test/auto/ArrayAverage.xml
----------------- Instantiating /home/travis/build/icyphy/ptII/ptolemy/actor/lib/test/auto/ArrayAverage.xml
5 ms. Memory: 273408K Free: 157184K (57%)
----------------- Invoking toplevel() on ptolemy.moml.MoMLSimpleApplication@2c7c9380
----------------- Done invoking toplevel() on ptolemy.moml.MoMLSimpleApplication@2c7c9380
reloadAllAccessors: .ArrayAverage

===========================================================================================
----------------- testing Tue Aug 25 15:38:09 UTC 2020 /home/travis/build/icyphy/ptII/ptolemy/actor/lib/test/auto/ArrayContains.xml
----------------- Instantiating /home/travis/build/icyphy/ptII/ptolemy/actor/lib/test/auto/ArrayContains.xml
3 ms. Memory: 273408K Free: 151040K (55%)
----------------- Invoking toplevel() on ptolemy.moml.MoMLSimpleApplication@702da462
----------------- Done invoking toplevel() on ptolemy.moml.MoMLSimpleApplication@702da462
reloadAllAccessors: .ArrayContains

===========================================================================================
----------------- testing Tue Aug 25 15:38:09 UTC 2020 /home/travis/build/icyphy/ptII/ptolemy/actor/lib/test/auto/ArrayElement.xml
----------------- Instantiating /home/travis/build/icyphy/ptII/ptolemy/actor/lib/test/auto/ArrayElement.xml
3 ms. Memory: 273408K Free: 145406K (53%)
----------------- Invoking toplevel() on ptolemy.moml.MoMLSimpleApplication@517daed6
----------------- Done invoking toplevel() on ptolemy.moml.MoMLSimpleApplication@517daed6
reloadAllAccessors: .ArrayElement

===========================================================================================
----------------- testing Tue Aug 25 15:38:09 UTC 2020 /home/travis/build/icyphy/ptII/ptolemy/actor/lib/test/auto/ArrayElementAsMatrix.xml
----------------- Instantiating /home/travis/build/icyphy/ptII/ptolemy/actor/lib/test/auto/ArrayElementAsMatrix.xml
22 ms. Memory: 273408K Free: 135680K (50%)
----------------- Invoking toplevel() on ptolemy.moml.MoMLSimpleApplication@36df87ba
----------------- Done invoking toplevel() on ptolemy.moml.MoMLSimpleApplication@36df87ba
reloadAllAccessors: .ArrayElementAsMatrix

===========================================================================================
----------------- testing Tue Aug 25 15:38:09 UTC 2020 /home/travis/build/icyphy/ptII/ptolemy/actor/lib/test/auto/ArrayElementI.xml
----------------- Instantiating /home/travis/build/icyphy/ptII/ptolemy/actor/lib/test/auto/ArrayElementI.xml
3 ms. Memory: 273408K Free: 130046K (48%)
----------------- Invoking toplevel() on ptolemy.moml.MoMLSimpleApplication@3af205fe
----------------- Done invoking toplevel() on ptolemy.moml.MoMLSimpleApplication@3af205fe
reloadAllAccessors: .ArrayElementI

===========================================================================================
----------------- testing Tue Aug 25 15:38:09 UTC 2020 /home/travis/build/icyphy/ptII/ptolemy/actor/lib/test/auto/ArrayExtract.xml
----------------- Instantiating /home/travis/build/icyphy/ptII/ptolemy/actor/lib/test/auto/ArrayExtract.xml
5 ms. Memory: 273408K Free: 121854K (45%)
----------------- Invoking toplevel() on ptolemy.moml.MoMLSimpleApplication@9ee569
----------------- Done invoking toplevel() on ptolemy.moml.MoMLSimpleApplication@9ee569
reloadAllAccessors: .ArrayExtract

===========================================================================================
----------------- testing Tue Aug 25 15:38:09 UTC 2020 /home/travis/build/icyphy/ptII/ptolemy/actor/lib/test/auto/ArrayExtract2.xml
----------------- Instantiating /home/travis/build/icyphy/ptII/ptolemy/actor/lib/test/auto/ArrayExtract2.xml
3 ms. Memory: 273408K Free: 116224K (43%)
----------------- Invoking toplevel() on ptolemy.moml.MoMLSimpleApplication@78cd45d3
----------------- Done invoking toplevel() on ptolemy.moml.MoMLSimpleApplication@78cd45d3
reloadAllAccessors: .ArrayExtract2

===========================================================================================
----------------- testing Tue Aug 25 15:38:09 UTC 2020 /home/travis/build/icyphy/ptII/ptolemy/actor/lib/test/auto/ArrayLength.xml
----------------- Instantiating /home/travis/build/icyphy/ptII/ptolemy/actor/lib/test/auto/ArrayLength.xml
1 ms. Memory: 273408K Free: 112638K (41%)
----------------- Invoking toplevel() on ptolemy.moml.MoMLSimpleApplication@32ecfaa
----------------- Done invoking toplevel() on ptolemy.moml.MoMLSimpleApplication@32ecfaa
reloadAllAccessors: .ArrayLength

===========================================================================================
----------------- testing Tue Aug 25 15:38:09 UTC 2020 /home/travis/build/icyphy/ptII/ptolemy/actor/lib/test/auto/ArrayLevelCrossing.xml
----------------- Instantiating /home/travis/build/icyphy/ptII/ptolemy/actor/lib/test/auto/ArrayLevelCrossing.xml
3 ms. Memory: 273408K Free: 104446K (38%)
----------------- Invoking toplevel() on ptolemy.moml.MoMLSimpleApplication@2842bd8e
----------------- Done invoking toplevel() on ptolemy.moml.MoMLSimpleApplication@2842bd8e
reloadAllAccessors: .ArrayLevelCrossing

===========================================================================================
----------------- testing Tue Aug 25 15:38:10 UTC 2020 /home/travis/build/icyphy/ptII/ptolemy/actor/lib/test/auto/ArrayLevelCrossing2.xml
----------------- Instantiating /home/travis/build/icyphy/ptII/ptolemy/actor/lib/test/auto/ArrayLevelCrossing2.xml
3 ms. Memory: 273408K Free: 97263K (36%)
----------------- Invoking toplevel() on ptolemy.moml.MoMLSimpleApplication@68a78768
----------------- Done invoking toplevel() on ptolemy.moml.MoMLSimpleApplication@68a78768
reloadAllAccessors: .ArrayLevelCrossing2

===========================================================================================
----------------- testing Tue Aug 25 15:38:10 UTC 2020 /home/travis/build/icyphy/ptII/ptolemy/actor/lib/test/auto/ArrayPeakSearch.xml
----------------- Instantiating /home/travis/build/icyphy/ptII/ptolemy/actor/lib/test/auto/ArrayPeakSearch.xml
10 ms. Memory: 273408K Free: 88062K (32%)
----------------- Invoking toplevel() on ptolemy.moml.MoMLSimpleApplication@631905b2
----------------- Done invoking toplevel() on ptolemy.moml.MoMLSimpleApplication@631905b2
reloadAllAccessors: .ArrayPeakSearch

===========================================================================================
----------------- testing Tue Aug 25 15:38:10 UTC 2020 /home/travis/build/icyphy/ptII/ptolemy/actor/lib/test/auto/ArrayPeakSearch2.xml
----------------- Instantiating /home/travis/build/icyphy/ptII/ptolemy/actor/lib/test/auto/ArrayPeakSearch2.xml
4 ms. Memory: 273408K Free: 77791K (28%)
----------------- Invoking toplevel() on ptolemy.moml.MoMLSimpleApplication@2afa44fc
----------------- Done invoking toplevel() on ptolemy.moml.MoMLSimpleApplication@2afa44fc
reloadAllAccessors: .ArrayPeakSearch2

===========================================================================================
----------------- testing Tue Aug 25 15:38:10 UTC 2020 /home/travis/build/icyphy/ptII/ptolemy/actor/lib/test/auto/ArrayPeakSearch3.xml
----------------- Instantiating /home/travis/build/icyphy/ptII/ptolemy/actor/lib/test/auto/ArrayPeakSearch3.xml
14 ms. Memory: 273408K Free: 222737K (81%)
----------------- Invoking toplevel() on ptolemy.moml.MoMLSimpleApplication@319d6cee
----------------- Done invoking toplevel() on ptolemy.moml.MoMLSimpleApplication@319d6cee
reloadAllAccessors: .ArrayPeakSearch3

===========================================================================================
----------------- testing Tue Aug 25 15:38:10 UTC 2020 /home/travis/build/icyphy/ptII/ptolemy/actor/lib/test/auto/ArrayRemoveElement.xml
----------------- Instantiating /home/travis/build/icyphy/ptII/ptolemy/actor/lib/test/auto/ArrayRemoveElement.xml
3 ms. Memory: 273408K Free: 214101K (78%)
----------------- Invoking toplevel() on ptolemy.moml.MoMLSimpleApplication@2ec1e3e0
----------------- Done invoking toplevel() on ptolemy.moml.MoMLSimpleApplication@2ec1e3e0
reloadAllAccessors: .ArrayRemoveElement

===========================================================================================
----------------- testing Tue Aug 25 15:38:10 UTC 2020 /home/travis/build/icyphy/ptII/ptolemy/actor/lib/test/auto/ArraySort.xml
----------------- Instantiating /home/travis/build/icyphy/ptII/ptolemy/actor/lib/test/auto/ArraySort.xml
6 ms. Memory: 273408K Free: 205395K (75%)
----------------- Invoking toplevel() on ptolemy.moml.MoMLSimpleApplication@6873dfbc
----------------- Done invoking toplevel() on ptolemy.moml.MoMLSimpleApplication@6873dfbc
reloadAllAccessors: .ArraySort

===========================================================================================
----------------- testing Tue Aug 25 15:38:10 UTC 2020 /home/travis/build/icyphy/ptII/ptolemy/actor/lib/test/auto/ArraySum.xml
----------------- Instantiating /home/travis/build/icyphy/ptII/ptolemy/actor/lib/test/auto/ArraySum.xml
5 ms. Memory: 273408K Free: 199765K (73%)
----------------- Invoking toplevel() on ptolemy.moml.MoMLSimpleApplication@507808f
----------------- Done invoking toplevel() on ptolemy.moml.MoMLSimpleApplication@507808f
reloadAllAccessors: .ArraySum

===========================================================================================
----------------- testing Tue Aug 25 15:38:10 UTC 2020 /home/travis/build/icyphy/ptII/ptolemy/actor/lib/test/auto/ArrayToElements.xml
----------------- Instantiating /home/travis/build/icyphy/ptII/ptolemy/actor/lib/test/auto/ArrayToElements.xml
9 ms. Memory: 273408K Free: 194645K (71%)
----------------- Invoking toplevel() on ptolemy.moml.MoMLSimpleApplication@249c04e5
----------------- Done invoking toplevel() on ptolemy.moml.MoMLSimpleApplication@249c04e5
reloadAllAccessors: .ArrayToElements

===========================================================================================
----------------- testing Tue Aug 25 15:38:10 UTC 2020 /home/travis/build/icyphy/ptII/ptolemy/actor/lib/test/auto/ArrayToMatrix.xml
----------------- Instantiating /home/travis/build/icyphy/ptII/ptolemy/actor/lib/test/auto/ArrayToMatrix.xml
11 ms. Memory: 273408K Free: 180309K (66%)
----------------- Invoking toplevel() on ptolemy.moml.MoMLSimpleApplication@493d9c48
----------------- Done invoking toplevel() on ptolemy.moml.MoMLSimpleApplication@493d9c48
reloadAllAccessors: .ArrayToMatrix

===========================================================================================
----------------- testing Tue Aug 25 15:38:10 UTC 2020 /home/travis/build/icyphy/ptII/ptolemy/actor/lib/test/auto/ArrayUpdate1.xml
----------------- Instantiating /home/travis/build/icyphy/ptII/ptolemy/actor/lib/test/auto/ArrayUpdate1.xml
5 ms. Memory: 273408K Free: 175699K (64%)
----------------- Invoking toplevel() on ptolemy.moml.MoMLSimpleApplication@3f3e30d8
----------------- Done invoking toplevel() on ptolemy.moml.MoMLSimpleApplication@3f3e30d8
reloadAllAccessors: .ArrayUpdate1

===========================================================================================
----------------- testing Tue Aug 25 15:38:10 UTC 2020 /home/travis/build/icyphy/ptII/ptolemy/actor/lib/test/auto/ArrayUpdate2.xml
----------------- Instantiating /home/travis/build/icyphy/ptII/ptolemy/actor/lib/test/auto/ArrayUpdate2.xml
5 ms. Memory: 273408K Free: 169045K (62%)
----------------- Invoking toplevel() on ptolemy.moml.MoMLSimpleApplication@7daf7600
----------------- Done invoking toplevel() on ptolemy.moml.MoMLSimpleApplication@7daf7600
reloadAllAccessors: .ArrayUpdate2

===========================================================================================
----------------- testing Tue Aug 25 15:38:10 UTC 2020 /home/travis/build/icyphy/ptII/ptolemy/actor/lib/test/auto/ArrayUpdate3.xml
----------------- Instantiating /home/travis/build/icyphy/ptII/ptolemy/actor/lib/test/auto/ArrayUpdate3.xml
5 ms. Memory: 273408K Free: 164435K (60%)
----------------- Invoking toplevel() on ptolemy.moml.MoMLSimpleApplication@8d9cf0
----------------- Done invoking toplevel() on ptolemy.moml.MoMLSimpleApplication@8d9cf0
reloadAllAccessors: .ArrayUpdate3

===========================================================================================
----------------- testing Tue Aug 25 15:38:10 UTC 2020 /home/travis/build/icyphy/ptII/ptolemy/actor/lib/test/auto/Assert1.xml
----------------- Instantiating /home/travis/build/icyphy/ptII/ptolemy/actor/lib/test/auto/Assert1.xml
6 ms. Memory: 273408K Free: 159829K (58%)
----------------- Invoking toplevel() on ptolemy.moml.MoMLSimpleApplication@5e2d0caa
----------------- Done invoking toplevel() on ptolemy.moml.MoMLSimpleApplication@5e2d0caa
reloadAllAccessors: .Assert1

===========================================================================================
----------------- testing Tue Aug 25 15:38:10 UTC 2020 /home/travis/build/icyphy/ptII/ptolemy/actor/lib/test/auto/Assert2.xml
----------------- Instantiating /home/travis/build/icyphy/ptII/ptolemy/actor/lib/test/auto/Assert2.xml
5 ms. Memory: 273408K Free: 155219K (57%)
----------------- Invoking toplevel() on ptolemy.moml.MoMLSimpleApplication@7909589a
----------------- Done invoking toplevel() on ptolemy.moml.MoMLSimpleApplication@7909589a
reloadAllAccessors: .Assert2

===========================================================================================
----------------- testing Tue Aug 25 15:38:10 UTC 2020 /home/travis/build/icyphy/ptII/ptolemy/actor/lib/test/auto/BooleanMultiplexor.xml
----------------- Instantiating /home/travis/build/icyphy/ptII/ptolemy/actor/lib/test/auto/BooleanMultiplexor.xml
2 ms. Memory: 273408K Free: 149589K (55%)
----------------- Invoking toplevel() on ptolemy.moml.MoMLSimpleApplication@71d5b7af
----------------- Done invoking toplevel() on ptolemy.moml.MoMLSimpleApplication@71d5b7af
reloadAllAccessors: .BooleanMultiplexor

===========================================================================================
----------------- testing Tue Aug 25 15:38:10 UTC 2020 /home/travis/build/icyphy/ptII/ptolemy/actor/lib/test/auto/BooleanMultiplexor2.xml
----------------- Instantiating /home/travis/build/icyphy/ptII/ptolemy/actor/lib/test/auto/BooleanMultiplexor2.xml
11 ms. Memory: 273408K Free: 143445K (52%)
----------------- Invoking toplevel() on ptolemy.moml.MoMLSimpleApplication@6eb15e49
----------------- Done invoking toplevel() on ptolemy.moml.MoMLSimpleApplication@6eb15e49
reloadAllAccessors: .BooleanMultiplexor2

===========================================================================================
----------------- testing Tue Aug 25 15:38:10 UTC 2020 /home/travis/build/icyphy/ptII/ptolemy/actor/lib/test/auto/BooleanMultiplexor3.xml
----------------- Instantiating /home/travis/build/icyphy/ptII/ptolemy/actor/lib/test/auto/BooleanMultiplexor3.xml
5 ms. Memory: 273408K Free: 139349K (51%)
----------------- Invoking toplevel() on ptolemy.moml.MoMLSimpleApplication@6811c731
----------------- Done invoking toplevel() on ptolemy.moml.MoMLSimpleApplication@6811c731
reloadAllAccessors: .BooleanMultiplexor3

===========================================================================================
----------------- testing Tue Aug 25 15:38:10 UTC 2020 /home/travis/build/icyphy/ptII/ptolemy/actor/lib/test/auto/BooleanSelect.xml
----------------- Instantiating /home/travis/build/icyphy/ptII/ptolemy/actor/lib/test/auto/BooleanSelect.xml
5 ms. Memory: 273408K Free: 133685K (49%)
----------------- Invoking toplevel() on ptolemy.moml.MoMLSimpleApplication@23608533
----------------- Done invoking toplevel() on ptolemy.moml.MoMLSimpleApplication@23608533
reloadAllAccessors: .BooleanSelect

===========================================================================================
----------------- testing Tue Aug 25 15:38:10 UTC 2020 /home/travis/build/icyphy/ptII/ptolemy/actor/lib/test/auto/BooleanSelect2.xml
----------------- Instantiating /home/travis/build/icyphy/ptII/ptolemy/actor/lib/test/auto/BooleanSelect2.xml
4 ms. Memory: 273408K Free: 129109K (47%)
----------------- Invoking toplevel() on ptolemy.moml.MoMLSimpleApplication@18509f51
----------------- Done invoking toplevel() on ptolemy.moml.MoMLSimpleApplication@18509f51
reloadAllAccessors: .BooleanSelect2

===========================================================================================
----------------- testing Tue Aug 25 15:38:10 UTC 2020 /home/travis/build/icyphy/ptII/ptolemy/actor/lib/test/auto/BooleanSwitch.xml
----------------- Instantiating /home/travis/build/icyphy/ptII/ptolemy/actor/lib/test/auto/BooleanSwitch.xml
7 ms. Memory: 273408K Free: 123475K (45%)
----------------- Invoking toplevel() on ptolemy.moml.MoMLSimpleApplication@4deeea0c
----------------- Done invoking toplevel() on ptolemy.moml.MoMLSimpleApplication@4deeea0c
reloadAllAccessors: .BooleanSwitch

===========================================================================================
----------------- testing Tue Aug 25 15:38:10 UTC 2020 /home/travis/build/icyphy/ptII/ptolemy/actor/lib/test/auto/BooleanSwitch2.xml
----------------- Instantiating /home/travis/build/icyphy/ptII/ptolemy/actor/lib/test/auto/BooleanSwitch2.xml
3 ms. Memory: 273408K Free: 118869K (43%)
----------------- Invoking toplevel() on ptolemy.moml.MoMLSimpleApplication@3db35567
----------------- Done invoking toplevel() on ptolemy.moml.MoMLSimpleApplication@3db35567
reloadAllAccessors: .BooleanSwitch2

===========================================================================================
----------------- testing Tue Aug 25 15:38:10 UTC 2020 /home/travis/build/icyphy/ptII/ptolemy/actor/lib/test/auto/BooleanSwitchCloningBugWithClassRelationGroup.xml
----------------- Instantiating /home/travis/build/icyphy/ptII/ptolemy/actor/lib/test/auto/BooleanSwitchCloningBugWithClassRelationGroup.xml
5 ms. Memory: 273408K Free: 112725K (41%)
----------------- Invoking toplevel() on ptolemy.moml.MoMLSimpleApplication@2b77af83
----------------- Done invoking toplevel() on ptolemy.moml.MoMLSimpleApplication@2b77af83
reloadAllAccessors: .BooleanSwitchCloningBugWithClassRelationGroup

===========================================================================================
----------------- testing Tue Aug 25 15:38:10 UTC 2020 /home/travis/build/icyphy/ptII/ptolemy/actor/lib/test/auto/BusActors.xml
----------------- Instantiating /home/travis/build/icyphy/ptII/ptolemy/actor/lib/test/auto/BusActors.xml
8 ms. Memory: 273408K Free: 104533K (38%)
----------------- Invoking toplevel() on ptolemy.moml.MoMLSimpleApplication@2403320f
----------------- Done invoking toplevel() on ptolemy.moml.MoMLSimpleApplication@2403320f
reloadAllAccessors: .BusActors

===========================================================================================
----------------- testing Tue Aug 25 15:38:10 UTC 2020 /home/travis/build/icyphy/ptII/ptolemy/actor/lib/test/auto/ClassWrapper.xml
----------------- Instantiating /home/travis/build/icyphy/ptII/ptolemy/actor/lib/test/auto/ClassWrapper.xml
4 ms. Memory: 273408K Free: 100437K (37%)
----------------- Invoking toplevel() on ptolemy.moml.MoMLSimpleApplication@4f8fbdb
----------------- Done invoking toplevel() on ptolemy.moml.MoMLSimpleApplication@4f8fbdb
reloadAllAccessors: .ClassWrapper

===========================================================================================
----------------- testing Tue Aug 25 15:38:10 UTC 2020 /home/travis/build/icyphy/ptII/ptolemy/actor/lib/test/auto/Clock.xml
----------------- Instantiating /home/travis/build/icyphy/ptII/ptolemy/actor/lib/test/auto/Clock.xml
3 ms. Memory: 273408K Free: 96341K (35%)
----------------- Invoking toplevel() on ptolemy.moml.MoMLSimpleApplication@347257ba
----------------- Done invoking toplevel() on ptolemy.moml.MoMLSimpleApplication@347257ba
reloadAllAccessors: .Clock

===========================================================================================
----------------- testing Tue Aug 25 15:38:10 UTC 2020 /home/travis/build/icyphy/ptII/ptolemy/actor/lib/test/auto/Clock10.xml
----------------- Instantiating /home/travis/build/icyphy/ptII/ptolemy/actor/lib/test/auto/Clock10.xml
2 ms. Memory: 273408K Free: 90707K (33%)
----------------- Invoking toplevel() on ptolemy.moml.MoMLSimpleApplication@68bd1eb8
----------------- Done invoking toplevel() on ptolemy.moml.MoMLSimpleApplication@68bd1eb8
reloadAllAccessors: .Clock10

===========================================================================================
----------------- testing Tue Aug 25 15:38:10 UTC 2020 /home/travis/build/icyphy/ptII/ptolemy/actor/lib/test/auto/Clock11.xml
----------------- Instantiating /home/travis/build/icyphy/ptII/ptolemy/actor/lib/test/auto/Clock11.xml
4 ms. Memory: 273408K Free: 84563K (31%)
----------------- Invoking toplevel() on ptolemy.moml.MoMLSimpleApplication@1df6a068
----------------- Done invoking toplevel() on ptolemy.moml.MoMLSimpleApplication@1df6a068
reloadAllAccessors: .Clock11

===========================================================================================
----------------- testing Tue Aug 25 15:38:10 UTC 2020 /home/travis/build/icyphy/ptII/ptolemy/actor/lib/test/auto/Clock12.xml
----------------- Instantiating /home/travis/build/icyphy/ptII/ptolemy/actor/lib/test/auto/Clock12.xml
4 ms. Memory: 273408K Free: 78419K (29%)
----------------- Invoking toplevel() on ptolemy.moml.MoMLSimpleApplication@4096b59a
----------------- Done invoking toplevel() on ptolemy.moml.MoMLSimpleApplication@4096b59a
reloadAllAccessors: .Clock12

===========================================================================================
----------------- testing Tue Aug 25 15:38:10 UTC 2020 /home/travis/build/icyphy/ptII/ptolemy/actor/lib/test/auto/Clock13.xml
----------------- Instantiating /home/travis/build/icyphy/ptII/ptolemy/actor/lib/test/auto/Clock13.xml
6 ms. Memory: 273408K Free: 72789K (27%)
----------------- Invoking toplevel() on ptolemy.moml.MoMLSimpleApplication@c66d7cc
----------------- Done invoking toplevel() on ptolemy.moml.MoMLSimpleApplication@c66d7cc
reloadAllAccessors: .Clock13

===========================================================================================
----------------- testing Tue Aug 25 15:38:10 UTC 2020 /home/travis/build/icyphy/ptII/ptolemy/actor/lib/test/auto/Clock14.xml
----------------- Instantiating /home/travis/build/icyphy/ptII/ptolemy/actor/lib/test/auto/Clock14.xml
5 ms. Memory: 273408K Free: 66645K (24%)
----------------- Invoking toplevel() on ptolemy.moml.MoMLSimpleApplication@206299c0
----------------- Done invoking toplevel() on ptolemy.moml.MoMLSimpleApplication@206299c0
reloadAllAccessors: .Clock14

===========================================================================================
----------------- testing Tue Aug 25 15:38:10 UTC 2020 /home/travis/build/icyphy/ptII/ptolemy/actor/lib/test/auto/Clock15.xml
----------------- Instantiating /home/travis/build/icyphy/ptII/ptolemy/actor/lib/test/auto/Clock15.xml
5 ms. Memory: 273408K Free: 222153K (81%)
----------------- Invoking toplevel() on ptolemy.moml.MoMLSimpleApplication@4fd7a7d2
----------------- Done invoking toplevel() on ptolemy.moml.MoMLSimpleApplication@4fd7a7d2
reloadAllAccessors: .Clock15

===========================================================================================
----------------- testing Tue Aug 25 15:38:10 UTC 2020 /home/travis/build/icyphy/ptII/ptolemy/actor/lib/test/auto/Clock16.xml
----------------- Instantiating /home/travis/build/icyphy/ptII/ptolemy/actor/lib/test/auto/Clock16.xml
38 ms. Memory: 273408K Free: 206779K (76%)
----------------- Invoking toplevel() on ptolemy.moml.MoMLSimpleApplication@5b3467d2
----------------- Done invoking toplevel() on ptolemy.moml.MoMLSimpleApplication@5b3467d2
reloadAllAccessors: .Clock16

===========================================================================================
----------------- testing Tue Aug 25 15:38:11 UTC 2020 /home/travis/build/icyphy/ptII/ptolemy/actor/lib/test/auto/Clock17.xml
----------------- Instantiating /home/travis/build/icyphy/ptII/ptolemy/actor/lib/test/auto/Clock17.xml
13 ms. Memory: 273408K Free: 192443K (70%)
----------------- Invoking toplevel() on ptolemy.moml.MoMLSimpleApplication@2a1b1086
----------------- Done invoking toplevel() on ptolemy.moml.MoMLSimpleApplication@2a1b1086
reloadAllAccessors: .Clock17

===========================================================================================
----------------- testing Tue Aug 25 15:38:11 UTC 2020 /home/travis/build/icyphy/ptII/ptolemy/actor/lib/test/auto/Clock18.xml
----------------- Instantiating /home/travis/build/icyphy/ptII/ptolemy/actor/lib/test/auto/Clock18.xml
15 ms. Memory: 273408K Free: 179659K (66%)
----------------- Invoking toplevel() on ptolemy.moml.MoMLSimpleApplication@4f594de3
----------------- Done invoking toplevel() on ptolemy.moml.MoMLSimpleApplication@4f594de3
reloadAllAccessors: .Clock18

===========================================================================================
----------------- testing Tue Aug 25 15:38:11 UTC 2020 /home/travis/build/icyphy/ptII/ptolemy/actor/lib/test/auto/Clock19.xml
----------------- Instantiating /home/travis/build/icyphy/ptII/ptolemy/actor/lib/test/auto/Clock19.xml
16 ms. Memory: 273408K Free: 166347K (61%)
----------------- Invoking toplevel() on ptolemy.moml.MoMLSimpleApplication@1b37aa52
----------------- Done invoking toplevel() on ptolemy.moml.MoMLSimpleApplication@1b37aa52
reloadAllAccessors: .Clock19

===========================================================================================
----------------- testing Tue Aug 25 15:38:11 UTC 2020 /home/travis/build/icyphy/ptII/ptolemy/actor/lib/test/auto/Clock2.xml
----------------- Instantiating /home/travis/build/icyphy/ptII/ptolemy/actor/lib/test/auto/Clock2.xml
5 ms. Memory: 273408K Free: 162251K (59%)
----------------- Invoking toplevel() on ptolemy.moml.MoMLSimpleApplication@652849ef
----------------- Done invoking toplevel() on ptolemy.moml.MoMLSimpleApplication@652849ef
reloadAllAccessors: .Clock2

===========================================================================================
----------------- testing Tue Aug 25 15:38:11 UTC 2020 /home/travis/build/icyphy/ptII/ptolemy/actor/lib/test/auto/Clock20.xml
----------------- Instantiating /home/travis/build/icyphy/ptII/ptolemy/actor/lib/test/auto/Clock20.xml
8 ms. Memory: 273408K Free: 156617K (57%)
----------------- Invoking toplevel() on ptolemy.moml.MoMLSimpleApplication@12100012
----------------- Done invoking toplevel() on ptolemy.moml.MoMLSimpleApplication@12100012
reloadAllAccessors: .Clock20

===========================================================================================
----------------- testing Tue Aug 25 15:38:11 UTC 2020 /home/travis/build/icyphy/ptII/ptolemy/actor/lib/test/auto/Clock21.xml
----------------- Instantiating /home/travis/build/icyphy/ptII/ptolemy/actor/lib/test/auto/Clock21.xml
3 ms. Memory: 273408K Free: 151497K (55%)
----------------- Invoking toplevel() on ptolemy.moml.MoMLSimpleApplication@5dfea9b1
----------------- Done invoking toplevel() on ptolemy.moml.MoMLSimpleApplication@5dfea9b1
reloadAllAccessors: .Clock21

===========================================================================================
----------------- testing Tue Aug 25 15:38:11 UTC 2020 /home/travis/build/icyphy/ptII/ptolemy/actor/lib/test/auto/Clock22.xml
----------------- Instantiating /home/travis/build/icyphy/ptII/ptolemy/actor/lib/test/auto/Clock22.xml
3 ms. Memory: 273408K Free: 145867K (53%)
----------------- Invoking toplevel() on ptolemy.moml.MoMLSimpleApplication@4603115
----------------- Done invoking toplevel() on ptolemy.moml.MoMLSimpleApplication@4603115
reloadAllAccessors: .Clock22

===========================================================================================
----------------- testing Tue Aug 25 15:38:11 UTC 2020 /home/travis/build/icyphy/ptII/ptolemy/actor/lib/test/auto/Clock23.xml
----------------- Instantiating /home/travis/build/icyphy/ptII/ptolemy/actor/lib/test/auto/Clock23.xml
9 ms. Memory: 273408K Free: 140233K (51%)
----------------- Invoking toplevel() on ptolemy.moml.MoMLSimpleApplication@4c06253
----------------- Done invoking toplevel() on ptolemy.moml.MoMLSimpleApplication@4c06253
reloadAllAccessors: .Clock23

===========================================================================================
----------------- testing Tue Aug 25 15:38:11 UTC 2020 /home/travis/build/icyphy/ptII/ptolemy/actor/lib/test/auto/Clock24.xml
----------------- Instantiating /home/travis/build/icyphy/ptII/ptolemy/actor/lib/test/auto/Clock24.xml
5 ms. Memory: 273408K Free: 135113K (49%)
----------------- Invoking toplevel() on ptolemy.moml.MoMLSimpleApplication@54b82498
----------------- Done invoking toplevel() on ptolemy.moml.MoMLSimpleApplication@54b82498
reloadAllAccessors: .Clock24

===========================================================================================
----------------- testing Tue Aug 25 15:38:11 UTC 2020 /home/travis/build/icyphy/ptII/ptolemy/actor/lib/test/auto/Clock4.xml
----------------- Instantiating /home/travis/build/icyphy/ptII/ptolemy/actor/lib/test/auto/Clock4.xml
2 ms. Memory: 273408K Free: 129963K (48%)
----------------- Invoking toplevel() on ptolemy.moml.MoMLSimpleApplication@13d43883
----------------- Done invoking toplevel() on ptolemy.moml.MoMLSimpleApplication@13d43883
reloadAllAccessors: .Clock4

===========================================================================================
----------------- testing Tue Aug 25 15:38:11 UTC 2020 /home/travis/build/icyphy/ptII/ptolemy/actor/lib/test/auto/Clock5.xml
----------------- Instantiating /home/travis/build/icyphy/ptII/ptolemy/actor/lib/test/auto/Clock5.xml
2 ms. Memory: 273408K Free: 124873K (46%)
----------------- Invoking toplevel() on ptolemy.moml.MoMLSimpleApplication@775220f1
----------------- Done invoking toplevel() on ptolemy.moml.MoMLSimpleApplication@775220f1
reloadAllAccessors: .Clock5

===========================================================================================
----------------- testing Tue Aug 25 15:38:11 UTC 2020 /home/travis/build/icyphy/ptII/ptolemy/actor/lib/test/auto/Clock6.xml
----------------- Instantiating /home/travis/build/icyphy/ptII/ptolemy/actor/lib/test/auto/Clock6.xml
2 ms. Memory: 273408K Free: 120267K (44%)
----------------- Invoking toplevel() on ptolemy.moml.MoMLSimpleApplication@6cfa37d
----------------- Done invoking toplevel() on ptolemy.moml.MoMLSimpleApplication@6cfa37d
reloadAllAccessors: .Clock6

===========================================================================================
----------------- testing Tue Aug 25 15:38:11 UTC 2020 /home/travis/build/icyphy/ptII/ptolemy/actor/lib/test/auto/Clock7.xml
----------------- Instantiating /home/travis/build/icyphy/ptII/ptolemy/actor/lib/test/auto/Clock7.xml
2 ms. Memory: 273408K Free: 115657K (42%)
----------------- Invoking toplevel() on ptolemy.moml.MoMLSimpleApplication@4585ef50
----------------- Done invoking toplevel() on ptolemy.moml.MoMLSimpleApplication@4585ef50
reloadAllAccessors: .Clock7

===========================================================================================
----------------- testing Tue Aug 25 15:38:11 UTC 2020 /home/travis/build/icyphy/ptII/ptolemy/actor/lib/test/auto/Clock8.xml
----------------- Instantiating /home/travis/build/icyphy/ptII/ptolemy/actor/lib/test/auto/Clock8.xml
3 ms. Memory: 273408K Free: 110507K (40%)
----------------- Invoking toplevel() on ptolemy.moml.MoMLSimpleApplication@50c29758
----------------- Done invoking toplevel() on ptolemy.moml.MoMLSimpleApplication@50c29758
reloadAllAccessors: .Clock8

===========================================================================================
----------------- testing Tue Aug 25 15:38:11 UTC 2020 /home/travis/build/icyphy/ptII/ptolemy/actor/lib/test/auto/Clock9.xml
----------------- Instantiating /home/travis/build/icyphy/ptII/ptolemy/actor/lib/test/auto/Clock9.xml
4 ms. Memory: 273408K Free: 104907K (38%)
----------------- Invoking toplevel() on ptolemy.moml.MoMLSimpleApplication@1b8c51d1
----------------- Done invoking toplevel() on ptolemy.moml.MoMLSimpleApplication@1b8c51d1
reloadAllAccessors: .Clock9

===========================================================================================
----------------- testing Tue Aug 25 15:38:11 UTC 2020 /home/travis/build/icyphy/ptII/ptolemy/actor/lib/test/auto/CommDistDiscard.xml
----------------- Instantiating /home/travis/build/icyphy/ptII/ptolemy/actor/lib/test/auto/CommDistDiscard.xml
4 ms. Memory: 273408K Free: 99787K (36%)
----------------- Invoking toplevel() on ptolemy.moml.MoMLSimpleApplication@3f989a6
----------------- Done invoking toplevel() on ptolemy.moml.MoMLSimpleApplication@3f989a6
reloadAllAccessors: .CommDistDiscard

===========================================================================================
----------------- testing Tue Aug 25 15:38:11 UTC 2020 /home/travis/build/icyphy/ptII/ptolemy/actor/lib/test/auto/Commutator.xml
----------------- Instantiating /home/travis/build/icyphy/ptII/ptolemy/actor/lib/test/auto/Commutator.xml
1 ms. Memory: 273408K Free: 95177K (35%)
----------------- Invoking toplevel() on ptolemy.moml.MoMLSimpleApplication@7387c89e
----------------- Done invoking toplevel() on ptolemy.moml.MoMLSimpleApplication@7387c89e
reloadAllAccessors: .Commutator

===========================================================================================
----------------- testing Tue Aug 25 15:38:11 UTC 2020 /home/travis/build/icyphy/ptII/ptolemy/actor/lib/test/auto/Commutator2.xml
----------------- Instantiating /home/travis/build/icyphy/ptII/ptolemy/actor/lib/test/auto/Commutator2.xml
2 ms. Memory: 273408K Free: 90571K (33%)
----------------- Invoking toplevel() on ptolemy.moml.MoMLSimpleApplication@65894f95
----------------- Done invoking toplevel() on ptolemy.moml.MoMLSimpleApplication@65894f95
reloadAllAccessors: .Commutator2

===========================================================================================
----------------- testing Tue Aug 25 15:38:11 UTC 2020 /home/travis/build/icyphy/ptII/ptolemy/actor/lib/test/auto/Commutator3.xml
----------------- Instantiating /home/travis/build/icyphy/ptII/ptolemy/actor/lib/test/auto/Commutator3.xml
2 ms. Memory: 273408K Free: 86475K (32%)
----------------- Invoking toplevel() on ptolemy.moml.MoMLSimpleApplication@8f526c8
----------------- Done invoking toplevel() on ptolemy.moml.MoMLSimpleApplication@8f526c8
reloadAllAccessors: .Commutator3

===========================================================================================
----------------- testing Tue Aug 25 15:38:11 UTC 2020 /home/travis/build/icyphy/ptII/ptolemy/actor/lib/test/auto/Compare.xml
----------------- Instantiating /home/travis/build/icyphy/ptII/ptolemy/actor/lib/test/auto/Compare.xml
2 ms. Memory: 273408K Free: 79817K (29%)
----------------- Invoking toplevel() on ptolemy.moml.MoMLSimpleApplication@6018cf6a
----------------- Done invoking toplevel() on ptolemy.moml.MoMLSimpleApplication@6018cf6a
reloadAllAccessors: .Compare

===========================================================================================
----------------- testing Tue Aug 25 15:38:11 UTC 2020 /home/travis/build/icyphy/ptII/ptolemy/actor/lib/test/auto/CompareDE.xml
----------------- Instantiating /home/travis/build/icyphy/ptII/ptolemy/actor/lib/test/auto/CompareDE.xml
3 ms. Memory: 273408K Free: 73163K (27%)
----------------- Invoking toplevel() on ptolemy.moml.MoMLSimpleApplication@566c5131
----------------- Done invoking toplevel() on ptolemy.moml.MoMLSimpleApplication@566c5131
reloadAllAccessors: .CompareDE

===========================================================================================
----------------- testing Tue Aug 25 15:38:11 UTC 2020 /home/travis/build/icyphy/ptII/ptolemy/actor/lib/test/auto/ComplexDivide.xml
----------------- Instantiating /home/travis/build/icyphy/ptII/ptolemy/actor/lib/test/auto/ComplexDivide.xml
1 ms. Memory: 273408K Free: 69067K (25%)
----------------- Invoking toplevel() on ptolemy.moml.MoMLSimpleApplication@6c779a01
----------------- Done invoking toplevel() on ptolemy.moml.MoMLSimpleApplication@6c779a01
reloadAllAccessors: .ComplexDivide

===========================================================================================
----------------- testing Tue Aug 25 15:38:11 UTC 2020 /home/travis/build/icyphy/ptII/ptolemy/actor/lib/test/auto/ComputeHistogram.xml
----------------- Instantiating /home/travis/build/icyphy/ptII/ptolemy/actor/lib/test/auto/ComputeHistogram.xml
20 ms. Memory: 273408K Free: 216639K (79%)
----------------- Invoking toplevel() on ptolemy.moml.MoMLSimpleApplication@42b0d70d
----------------- Done invoking toplevel() on ptolemy.moml.MoMLSimpleApplication@42b0d70d
reloadAllAccessors: .ComputeHistogram

===========================================================================================
----------------- testing Tue Aug 25 15:38:11 UTC 2020 /home/travis/build/icyphy/ptII/ptolemy/actor/lib/test/auto/ConfigurationSelect.xml
----------------- Instantiating /home/travis/build/icyphy/ptII/ptolemy/actor/lib/test/auto/ConfigurationSelect.xml
2 ms. Memory: 273408K Free: 211009K (77%)
----------------- Invoking toplevel() on ptolemy.moml.MoMLSimpleApplication@79da2c4a
----------------- Done invoking toplevel() on ptolemy.moml.MoMLSimpleApplication@79da2c4a
reloadAllAccessors: .ConfigurationSelect

===========================================================================================
----------------- testing Tue Aug 25 15:38:11 UTC 2020 /home/travis/build/icyphy/ptII/ptolemy/actor/lib/test/auto/ConfigurationSelect2.xml
----------------- Instantiating /home/travis/build/icyphy/ptII/ptolemy/actor/lib/test/auto/ConfigurationSelect2.xml
3 ms. Memory: 273408K Free: 206399K (75%)
----------------- Invoking toplevel() on ptolemy.moml.MoMLSimpleApplication@7f1af86c
----------------- Done invoking toplevel() on ptolemy.moml.MoMLSimpleApplication@7f1af86c
reloadAllAccessors: .ConfigurationSelect2

===========================================================================================
----------------- testing Tue Aug 25 15:38:11 UTC 2020 /home/travis/build/icyphy/ptII/ptolemy/actor/lib/test/auto/ConfigurationSwitch.xml
----------------- Instantiating /home/travis/build/icyphy/ptII/ptolemy/actor/lib/test/auto/ConfigurationSwitch.xml
2 ms. Memory: 273408K Free: 201279K (74%)
----------------- Invoking toplevel() on ptolemy.moml.MoMLSimpleApplication@5f7d1e4b
----------------- Done invoking toplevel() on ptolemy.moml.MoMLSimpleApplication@5f7d1e4b
reloadAllAccessors: .ConfigurationSwitch

===========================================================================================
----------------- testing Tue Aug 25 15:38:11 UTC 2020 /home/travis/build/icyphy/ptII/ptolemy/actor/lib/test/auto/ConfigurationSwitch2.xml
----------------- Instantiating /home/travis/build/icyphy/ptII/ptolemy/actor/lib/test/auto/ConfigurationSwitch2.xml
3 ms. Memory: 273408K Free: 195649K (72%)
----------------- Invoking toplevel() on ptolemy.moml.MoMLSimpleApplication@249bdc15
----------------- Done invoking toplevel() on ptolemy.moml.MoMLSimpleApplication@249bdc15
reloadAllAccessors: .ConfigurationSwitch2

===========================================================================================
----------------- testing Tue Aug 25 15:38:11 UTC 2020 /home/travis/build/icyphy/ptII/ptolemy/actor/lib/test/auto/ConfigurationSwitchCloningBugWithClassRelationGroup.xml
----------------- Instantiating /home/travis/build/icyphy/ptII/ptolemy/actor/lib/test/auto/ConfigurationSwitchCloningBugWithClassRelationGroup.xml
1 ms. Memory: 273408K Free: 188991K (69%)
----------------- Invoking toplevel() on ptolemy.moml.MoMLSimpleApplication@3308687a
----------------- Done invoking toplevel() on ptolemy.moml.MoMLSimpleApplication@3308687a
reloadAllAccessors: .ConfigurationSwitchCloningBugWithClassRelationGroup

===========================================================================================
----------------- testing Tue Aug 25 15:38:11 UTC 2020 /home/travis/build/icyphy/ptII/ptolemy/actor/lib/test/auto/ConfigurationSwitchSelectSDF.xml
----------------- Instantiating /home/travis/build/icyphy/ptII/ptolemy/actor/lib/test/auto/ConfigurationSwitchSelectSDF.xml
2 ms. Memory: 273408K Free: 183871K (67%)
----------------- Invoking toplevel() on ptolemy.moml.MoMLSimpleApplication@3271b44
----------------- Done invoking toplevel() on ptolemy.moml.MoMLSimpleApplication@3271b44
reloadAllAccessors: .ConfigurationSwitchSelectSDF

===========================================================================================
----------------- testing Tue Aug 25 15:38:11 UTC 2020 /home/travis/build/icyphy/ptII/ptolemy/actor/lib/test/auto/ConfigurationSwitchSelectSDF2.xml
----------------- Instantiating /home/travis/build/icyphy/ptII/ptolemy/actor/lib/test/auto/ConfigurationSwitchSelectSDF2.xml
2 ms. Memory: 273408K Free: 177727K (65%)
----------------- Invoking toplevel() on ptolemy.moml.MoMLSimpleApplication@2619cd7a
----------------- Done invoking toplevel() on ptolemy.moml.MoMLSimpleApplication@2619cd7a
reloadAllAccessors: .ConfigurationSwitchSelectSDF2

===========================================================================================
----------------- testing Tue Aug 25 15:38:11 UTC 2020 /home/travis/build/icyphy/ptII/ptolemy/actor/lib/test/auto/Const.xml
----------------- Instantiating /home/travis/build/icyphy/ptII/ptolemy/actor/lib/test/auto/Const.xml
1 ms. Memory: 273408K Free: 174145K (64%)
----------------- Invoking toplevel() on ptolemy.moml.MoMLSimpleApplication@7e877bf2
----------------- Done invoking toplevel() on ptolemy.moml.MoMLSimpleApplication@7e877bf2
reloadAllAccessors: .Const

===========================================================================================
----------------- testing Tue Aug 25 15:38:11 UTC 2020 /home/travis/build/icyphy/ptII/ptolemy/actor/lib/test/auto/Const2.xml
----------------- Instantiating /home/travis/build/icyphy/ptII/ptolemy/actor/lib/test/auto/Const2.xml
1 ms. Memory: 273408K Free: 170559K (62%)
----------------- Invoking toplevel() on ptolemy.moml.MoMLSimpleApplication@585eee8b
----------------- Done invoking toplevel() on ptolemy.moml.MoMLSimpleApplication@585eee8b
reloadAllAccessors: .Const2

===========================================================================================
----------------- testing Tue Aug 25 15:38:11 UTC 2020 /home/travis/build/icyphy/ptII/ptolemy/actor/lib/test/auto/Const3.xml
----------------- Instantiating /home/travis/build/icyphy/ptII/ptolemy/actor/lib/test/auto/Const3.xml
1 ms. Memory: 273408K Free: 167487K (61%)
----------------- Invoking toplevel() on ptolemy.moml.MoMLSimpleApplication@67ac3e9b
----------------- Done invoking toplevel() on ptolemy.moml.MoMLSimpleApplication@67ac3e9b
reloadAllAccessors: .Const3

===========================================================================================
----------------- testing Tue Aug 25 15:38:11 UTC 2020 /home/travis/build/icyphy/ptII/ptolemy/actor/lib/test/auto/ConstantPublisherPort1.xml
----------------- Instantiating /home/travis/build/icyphy/ptII/ptolemy/actor/lib/test/auto/ConstantPublisherPort1.xml
6 ms. Memory: 273408K Free: 159295K (58%)
----------------- Invoking toplevel() on ptolemy.moml.MoMLSimpleApplication@2d6cae88
----------------- Done invoking toplevel() on ptolemy.moml.MoMLSimpleApplication@2d6cae88
reloadAllAccessors: .ConstantPublisherPort1

===========================================================================================
----------------- testing Tue Aug 25 15:38:11 UTC 2020 /home/travis/build/icyphy/ptII/ptolemy/actor/lib/test/auto/ConstantPublisherPort2.xml
----------------- Instantiating /home/travis/build/icyphy/ptII/ptolemy/actor/lib/test/auto/ConstantPublisherPort2.xml
10 ms. Memory: 273408K Free: 150593K (55%)
----------------- Invoking toplevel() on ptolemy.moml.MoMLSimpleApplication@126f7ef2
----------------- Done invoking toplevel() on ptolemy.moml.MoMLSimpleApplication@126f7ef2
reloadAllAccessors: .ConstantPublisherPort2

===========================================================================================
----------------- testing Tue Aug 25 15:38:11 UTC 2020 /home/travis/build/icyphy/ptII/ptolemy/actor/lib/test/auto/ConstantPublisherPort3.xml
----------------- Instantiating /home/travis/build/icyphy/ptII/ptolemy/actor/lib/test/auto/ConstantPublisherPort3.xml
5 ms. Memory: 273408K Free: 142911K (52%)
----------------- Invoking toplevel() on ptolemy.moml.MoMLSimpleApplication@4754ae9
----------------- Done invoking toplevel() on ptolemy.moml.MoMLSimpleApplication@4754ae9
reloadAllAccessors: .ConstantPublisherPort3

===========================================================================================
----------------- testing Tue Aug 25 15:38:11 UTC 2020 /home/travis/build/icyphy/ptII/ptolemy/actor/lib/test/auto/ConstantPublisherPort4.xml
----------------- Instantiating /home/travis/build/icyphy/ptII/ptolemy/actor/lib/test/auto/ConstantPublisherPort4.xml
2 ms. Memory: 273408K Free: 136257K (50%)
----------------- Invoking toplevel() on ptolemy.moml.MoMLSimpleApplication@5db9bf88
----------------- Done invoking toplevel() on ptolemy.moml.MoMLSimpleApplication@5db9bf88
reloadAllAccessors: .ConstantPublisherPort4

===========================================================================================
----------------- testing Tue Aug 25 15:38:11 UTC 2020 /home/travis/build/icyphy/ptII/ptolemy/actor/lib/test/auto/ConstantPublisherPort5.xml
----------------- Instantiating /home/travis/build/icyphy/ptII/ptolemy/actor/lib/test/auto/ConstantPublisherPort5.xml
26 ms. Memory: 273408K Free: 126527K (46%)
----------------- Invoking toplevel() on ptolemy.moml.MoMLSimpleApplication@88503e8
----------------- Done invoking toplevel() on ptolemy.moml.MoMLSimpleApplication@88503e8
reloadAllAccessors: .ConstantPublisherPort5

===========================================================================================
----------------- testing Tue Aug 25 15:38:12 UTC 2020 /home/travis/build/icyphy/ptII/ptolemy/actor/lib/test/auto/ConstantPublisherPort6.xml
----------------- Instantiating /home/travis/build/icyphy/ptII/ptolemy/actor/lib/test/auto/ConstantPublisherPort6.xml
14 ms. Memory: 273408K Free: 117311K (43%)
----------------- Invoking toplevel() on ptolemy.moml.MoMLSimpleApplication@2615323a
----------------- Done invoking toplevel() on ptolemy.moml.MoMLSimpleApplication@2615323a
reloadAllAccessors: .ConstantPublisherPort6

===========================================================================================
----------------- testing Tue Aug 25 15:38:12 UTC 2020 /home/travis/build/icyphy/ptII/ptolemy/actor/lib/test/auto/ConstantPublisherPort7.xml
----------------- Instantiating /home/travis/build/icyphy/ptII/ptolemy/actor/lib/test/auto/ConstantPublisherPort7.xml
22 ms. Memory: 273408K Free: 108609K (40%)
----------------- Invoking toplevel() on ptolemy.moml.MoMLSimpleApplication@593f981a
----------------- Done invoking toplevel() on ptolemy.moml.MoMLSimpleApplication@593f981a
reloadAllAccessors: .ConstantPublisherPort7

===========================================================================================
----------------- testing Tue Aug 25 15:38:12 UTC 2020 /home/travis/build/icyphy/ptII/ptolemy/actor/lib/test/auto/ConstraintMonitor1.xml
----------------- Instantiating /home/travis/build/icyphy/ptII/ptolemy/actor/lib/test/auto/ConstraintMonitor1.xml
5 ms. Memory: 273408K Free: 102975K (38%)
----------------- Invoking toplevel() on ptolemy.moml.MoMLSimpleApplication@11ed378e
----------------- Done invoking toplevel() on ptolemy.moml.MoMLSimpleApplication@11ed378e
reloadAllAccessors: .ConstraintMonitor1

===========================================================================================
----------------- testing Tue Aug 25 15:38:12 UTC 2020 /home/travis/build/icyphy/ptII/ptolemy/actor/lib/test/auto/ConstraintMonitor2.xml
----------------- Instantiating /home/travis/build/icyphy/ptII/ptolemy/actor/lib/test/auto/ConstraintMonitor2.xml
3 ms. Memory: 273408K Free: 98369K (36%)
----------------- Invoking toplevel() on ptolemy.moml.MoMLSimpleApplication@1c1e7b0e
----------------- Done invoking toplevel() on ptolemy.moml.MoMLSimpleApplication@1c1e7b0e
reloadAllAccessors: .ConstraintMonitor2

===========================================================================================
----------------- testing Tue Aug 25 15:38:12 UTC 2020 /home/travis/build/icyphy/ptII/ptolemy/actor/lib/test/auto/ConstraintMonitor3.xml
----------------- Instantiating /home/travis/build/icyphy/ptII/ptolemy/actor/lib/test/auto/ConstraintMonitor3.xml
4 ms. Memory: 273408K Free: 94273K (34%)
----------------- Invoking toplevel() on ptolemy.moml.MoMLSimpleApplication@12dbe951
----------------- Done invoking toplevel() on ptolemy.moml.MoMLSimpleApplication@12dbe951
reloadAllAccessors: .ConstraintMonitor3

===========================================================================================
----------------- testing Tue Aug 25 15:38:12 UTC 2020 /home/travis/build/icyphy/ptII/ptolemy/actor/lib/test/auto/ConstraintMonitor4.xml
----------------- Instantiating /home/travis/build/icyphy/ptII/ptolemy/actor/lib/test/auto/ConstraintMonitor4.xml
4 ms. Memory: 273408K Free: 89153K (33%)
----------------- Invoking toplevel() on ptolemy.moml.MoMLSimpleApplication@627e2f13
----------------- Done invoking toplevel() on ptolemy.moml.MoMLSimpleApplication@627e2f13
reloadAllAccessors: .ConstraintMonitor4

===========================================================================================
----------------- testing Tue Aug 25 15:38:12 UTC 2020 /home/travis/build/icyphy/ptII/ptolemy/actor/lib/test/auto/ConstraintMonitor5.xml
----------------- Instantiating /home/travis/build/icyphy/ptII/ptolemy/actor/lib/test/auto/ConstraintMonitor5.xml
1 ms. Memory: 273408K Free: 84033K (31%)
----------------- Invoking toplevel() on ptolemy.moml.MoMLSimpleApplication@78b84a92
----------------- Done invoking toplevel() on ptolemy.moml.MoMLSimpleApplication@78b84a92
reloadAllAccessors: .ConstraintMonitor5

===========================================================================================
----------------- testing Tue Aug 25 15:38:12 UTC 2020 /home/travis/build/icyphy/ptII/ptolemy/actor/lib/test/auto/ConstraintMonitor6.xml
----------------- Instantiating /home/travis/build/icyphy/ptII/ptolemy/actor/lib/test/auto/ConstraintMonitor6.xml
3 ms. Memory: 273408K Free: 77889K (28%)
----------------- Invoking toplevel() on ptolemy.moml.MoMLSimpleApplication@6ba617d1
----------------- Done invoking toplevel() on ptolemy.moml.MoMLSimpleApplication@6ba617d1
reloadAllAccessors: .ConstraintMonitor6

===========================================================================================
----------------- testing Tue Aug 25 15:38:12 UTC 2020 /home/travis/build/icyphy/ptII/ptolemy/actor/lib/test/auto/ConstraintMonitor7.xml
----------------- Instantiating /home/travis/build/icyphy/ptII/ptolemy/actor/lib/test/auto/ConstraintMonitor7.xml
6 ms. Memory: 273408K Free: 71225K (26%)
----------------- Invoking toplevel() on ptolemy.moml.MoMLSimpleApplication@62b1057a
----------------- Done invoking toplevel() on ptolemy.moml.MoMLSimpleApplication@62b1057a
reloadAllAccessors: .ConstraintMonitor7

===========================================================================================
----------------- testing Tue Aug 25 15:38:12 UTC 2020 /home/travis/build/icyphy/ptII/ptolemy/actor/lib/test/auto/ConstraintMonitor8.xml
----------------- Instantiating /home/travis/build/icyphy/ptII/ptolemy/actor/lib/test/auto/ConstraintMonitor8.xml
6 ms. Memory: 273408K Free: 64063K (23%)
----------------- Invoking toplevel() on ptolemy.moml.MoMLSimpleApplication@73cc9bae
----------------- Done invoking toplevel() on ptolemy.moml.MoMLSimpleApplication@73cc9bae
reloadAllAccessors: .ConstraintMonitor8

===========================================================================================
----------------- testing Tue Aug 25 15:38:12 UTC 2020 /home/travis/build/icyphy/ptII/ptolemy/actor/lib/test/auto/Counter.xml
----------------- Instantiating /home/travis/build/icyphy/ptII/ptolemy/actor/lib/test/auto/Counter.xml
2 ms. Memory: 273408K Free: 219913K (80%)
----------------- Invoking toplevel() on ptolemy.moml.MoMLSimpleApplication@65e830d1
----------------- Done invoking toplevel() on ptolemy.moml.MoMLSimpleApplication@65e830d1
reloadAllAccessors: .Counter

===========================================================================================
----------------- testing Tue Aug 25 15:38:12 UTC 2020 /home/travis/build/icyphy/ptII/ptolemy/actor/lib/test/auto/CurrentTimeSDF.xml
----------------- Instantiating /home/travis/build/icyphy/ptII/ptolemy/actor/lib/test/auto/CurrentTimeSDF.xml
1 ms. Memory: 273408K Free: 215817K (79%)
----------------- Invoking toplevel() on ptolemy.moml.MoMLSimpleApplication@3b1f2ab7
----------------- Done invoking toplevel() on ptolemy.moml.MoMLSimpleApplication@3b1f2ab7
reloadAllAccessors: .CurrentTimeSDF

===========================================================================================
----------------- testing Tue Aug 25 15:38:12 UTC 2020 /home/travis/build/icyphy/ptII/ptolemy/actor/lib/test/auto/DB.xml
----------------- Instantiating /home/travis/build/icyphy/ptII/ptolemy/actor/lib/test/auto/DB.xml
3 ms. Memory: 273408K Free: 210697K (77%)
----------------- Invoking toplevel() on ptolemy.moml.MoMLSimpleApplication@469f3266
----------------- Done invoking toplevel() on ptolemy.moml.MoMLSimpleApplication@469f3266
reloadAllAccessors: .DB

===========================================================================================
----------------- testing Tue Aug 25 15:38:12 UTC 2020 /home/travis/build/icyphy/ptII/ptolemy/actor/lib/test/auto/DBDE.xml
----------------- Instantiating /home/travis/build/icyphy/ptII/ptolemy/actor/lib/test/auto/DBDE.xml
2 ms. Memory: 273408K Free: 205067K (75%)
----------------- Invoking toplevel() on ptolemy.moml.MoMLSimpleApplication@5d5fea32
----------------- Done invoking toplevel() on ptolemy.moml.MoMLSimpleApplication@5d5fea32
reloadAllAccessors: .DBDE

===========================================================================================
----------------- testing Tue Aug 25 15:38:12 UTC 2020 /home/travis/build/icyphy/ptII/ptolemy/actor/lib/test/auto/DateConstructor.xml
----------------- Instantiating /home/travis/build/icyphy/ptII/ptolemy/actor/lib/test/auto/DateConstructor.xml
37 ms. Memory: 273408K Free: 187659K (69%)
----------------- Invoking toplevel() on ptolemy.moml.MoMLSimpleApplication@6a0d38
----------------- Done invoking toplevel() on ptolemy.moml.MoMLSimpleApplication@6a0d38
reloadAllAccessors: .DateConstructor

===========================================================================================
----------------- testing Tue Aug 25 15:38:12 UTC 2020 /home/travis/build/icyphy/ptII/ptolemy/actor/lib/test/auto/DelayTime.xml
----------------- Instantiating /home/travis/build/icyphy/ptII/ptolemy/actor/lib/test/auto/DelayTime.xml
7 ms. Memory: 273408K Free: 182539K (67%)
----------------- Invoking toplevel() on ptolemy.moml.MoMLSimpleApplication@7246ef6e
----------------- Done invoking toplevel() on ptolemy.moml.MoMLSimpleApplication@7246ef6e
reloadAllAccessors: .DelayTime

===========================================================================================
----------------- testing Tue Aug 25 15:38:12 UTC 2020 /home/travis/build/icyphy/ptII/ptolemy/actor/lib/test/auto/Dictionary1.xml
----------------- Instantiating /home/travis/build/icyphy/ptII/ptolemy/actor/lib/test/auto/Dictionary1.xml
2 ms. Memory: 273408K Free: 177419K (65%)
----------------- Invoking toplevel() on ptolemy.moml.MoMLSimpleApplication@71895129
----------------- Done invoking toplevel() on ptolemy.moml.MoMLSimpleApplication@71895129
reloadAllAccessors: .Dictionary1

===========================================================================================
----------------- testing Tue Aug 25 15:38:12 UTC 2020 /home/travis/build/icyphy/ptII/ptolemy/actor/lib/test/auto/Dictionary2.xml
----------------- Instantiating /home/travis/build/icyphy/ptII/ptolemy/actor/lib/test/auto/Dictionary2.xml
3 ms. Memory: 273408K Free: 171785K (63%)
----------------- Invoking toplevel() on ptolemy.moml.MoMLSimpleApplication@54f737e5
----------------- Done invoking toplevel() on ptolemy.moml.MoMLSimpleApplication@54f737e5
reloadAllAccessors: .Dictionary2

===========================================================================================
----------------- testing Tue Aug 25 15:38:12 UTC 2020 /home/travis/build/icyphy/ptII/ptolemy/actor/lib/test/auto/Dictionary3.xml
----------------- Instantiating /home/travis/build/icyphy/ptII/ptolemy/actor/lib/test/auto/Dictionary3.xml
1 ms. Memory: 273408K Free: 166155K (61%)
----------------- Invoking toplevel() on ptolemy.moml.MoMLSimpleApplication@26f0b55e
----------------- Done invoking toplevel() on ptolemy.moml.MoMLSimpleApplication@26f0b55e
reloadAllAccessors: .Dictionary3

===========================================================================================
----------------- testing Tue Aug 25 15:38:12 UTC 2020 /home/travis/build/icyphy/ptII/ptolemy/actor/lib/test/auto/Dictionary4.xml
----------------- Instantiating /home/travis/build/icyphy/ptII/ptolemy/actor/lib/test/auto/Dictionary4.xml
4 ms. Memory: 273408K Free: 158987K (58%)
----------------- Invoking toplevel() on ptolemy.moml.MoMLSimpleApplication@76fd229f
----------------- Done invoking toplevel() on ptolemy.moml.MoMLSimpleApplication@76fd229f
reloadAllAccessors: .Dictionary4

===========================================================================================
----------------- testing Tue Aug 25 15:38:12 UTC 2020 /home/travis/build/icyphy/ptII/ptolemy/actor/lib/test/auto/Differential.xml
----------------- Instantiating /home/travis/build/icyphy/ptII/ptolemy/actor/lib/test/auto/Differential.xml
3 ms. Memory: 273408K Free: 154891K (57%)
----------------- Invoking toplevel() on ptolemy.moml.MoMLSimpleApplication@303fee70
----------------- Done invoking toplevel() on ptolemy.moml.MoMLSimpleApplication@303fee70
reloadAllAccessors: .Differential

===========================================================================================
----------------- testing Tue Aug 25 15:38:12 UTC 2020 /home/travis/build/icyphy/ptII/ptolemy/actor/lib/test/auto/Director.xml
----------------- Instantiating /home/travis/build/icyphy/ptII/ptolemy/actor/lib/test/auto/Director.xml
2 ms. Memory: 273408K Free: 151305K (55%)
----------------- Invoking toplevel() on ptolemy.moml.MoMLSimpleApplication@61cde26b
----------------- Done invoking toplevel() on ptolemy.moml.MoMLSimpleApplication@61cde26b
reloadAllAccessors: .Director

===========================================================================================
----------------- testing Tue Aug 25 15:38:12 UTC 2020 /home/travis/build/icyphy/ptII/ptolemy/actor/lib/test/auto/DiscreteClock.xml
----------------- Instantiating /home/travis/build/icyphy/ptII/ptolemy/actor/lib/test/auto/DiscreteClock.xml
2 ms. Memory: 273408K Free: 147209K (54%)
----------------- Invoking toplevel() on ptolemy.moml.MoMLSimpleApplication@9281dcf
----------------- Done invoking toplevel() on ptolemy.moml.MoMLSimpleApplication@9281dcf
reloadAllAccessors: .DiscreteClock

===========================================================================================
----------------- testing Tue Aug 25 15:38:12 UTC 2020 /home/travis/build/icyphy/ptII/ptolemy/actor/lib/test/auto/DiscreteClock10.xml
----------------- Instantiating /home/travis/build/icyphy/ptII/ptolemy/actor/lib/test/auto/DiscreteClock10.xml
5 ms. Memory: 273408K Free: 141579K (52%)
----------------- Invoking toplevel() on ptolemy.moml.MoMLSimpleApplication@39570b19
----------------- Done invoking toplevel() on ptolemy.moml.MoMLSimpleApplication@39570b19
reloadAllAccessors: .DiscreteClock10

===========================================================================================
----------------- testing Tue Aug 25 15:38:12 UTC 2020 /home/travis/build/icyphy/ptII/ptolemy/actor/lib/test/auto/DiscreteClock11.xml
----------------- Instantiating /home/travis/build/icyphy/ptII/ptolemy/actor/lib/test/auto/DiscreteClock11.xml
2 ms. Memory: 273408K Free: 135435K (50%)
----------------- Invoking toplevel() on ptolemy.moml.MoMLSimpleApplication@600bf96a
----------------- Done invoking toplevel() on ptolemy.moml.MoMLSimpleApplication@600bf96a
reloadAllAccessors: .DiscreteClock11

===========================================================================================
----------------- testing Tue Aug 25 15:38:12 UTC 2020 /home/travis/build/icyphy/ptII/ptolemy/actor/lib/test/auto/DiscreteClock12.xml
----------------- Instantiating /home/travis/build/icyphy/ptII/ptolemy/actor/lib/test/auto/DiscreteClock12.xml
2 ms. Memory: 273408K Free: 129291K (47%)
----------------- Invoking toplevel() on ptolemy.moml.MoMLSimpleApplication@78689ca
----------------- Done invoking toplevel() on ptolemy.moml.MoMLSimpleApplication@78689ca
reloadAllAccessors: .DiscreteClock12

===========================================================================================
----------------- testing Tue Aug 25 15:38:12 UTC 2020 /home/travis/build/icyphy/ptII/ptolemy/actor/lib/test/auto/DiscreteClock13.xml
----------------- Instantiating /home/travis/build/icyphy/ptII/ptolemy/actor/lib/test/auto/DiscreteClock13.xml
4 ms. Memory: 273408K Free: 123147K (45%)
----------------- Invoking toplevel() on ptolemy.moml.MoMLSimpleApplication@62fbc3f6
----------------- Done invoking toplevel() on ptolemy.moml.MoMLSimpleApplication@62fbc3f6
reloadAllAccessors: .DiscreteClock13

===========================================================================================
----------------- testing Tue Aug 25 15:38:12 UTC 2020 /home/travis/build/icyphy/ptII/ptolemy/actor/lib/test/auto/DiscreteClock14.xml
----------------- Instantiating /home/travis/build/icyphy/ptII/ptolemy/actor/lib/test/auto/DiscreteClock14.xml
5 ms. Memory: 273408K Free: 117507K (43%)
----------------- Invoking toplevel() on ptolemy.moml.MoMLSimpleApplication@293f20f9
----------------- Done invoking toplevel() on ptolemy.moml.MoMLSimpleApplication@293f20f9
reloadAllAccessors: .DiscreteClock14

===========================================================================================
----------------- testing Tue Aug 25 15:38:12 UTC 2020 /home/travis/build/icyphy/ptII/ptolemy/actor/lib/test/auto/DiscreteClock15.xml
----------------- Instantiating /home/travis/build/icyphy/ptII/ptolemy/actor/lib/test/auto/DiscreteClock15.xml
5 ms. Memory: 273408K Free: 111339K (41%)
----------------- Invoking toplevel() on ptolemy.moml.MoMLSimpleApplication@24c9d7b4
----------------- Done invoking toplevel() on ptolemy.moml.MoMLSimpleApplication@24c9d7b4
reloadAllAccessors: .DiscreteClock15

===========================================================================================
----------------- testing Tue Aug 25 15:38:12 UTC 2020 /home/travis/build/icyphy/ptII/ptolemy/actor/lib/test/auto/DiscreteClock16.xml
----------------- Instantiating /home/travis/build/icyphy/ptII/ptolemy/actor/lib/test/auto/DiscreteClock16.xml
18 ms. Memory: 273408K Free: 97547K (36%)
----------------- Invoking toplevel() on ptolemy.moml.MoMLSimpleApplication@15278a6c
----------------- Done invoking toplevel() on ptolemy.moml.MoMLSimpleApplication@15278a6c
reloadAllAccessors: .DiscreteClock16

===========================================================================================
----------------- testing Tue Aug 25 15:38:12 UTC 2020 /home/travis/build/icyphy/ptII/ptolemy/actor/lib/test/auto/DiscreteClock17.xml
----------------- Instantiating /home/travis/build/icyphy/ptII/ptolemy/actor/lib/test/auto/DiscreteClock17.xml
15 ms. Memory: 273408K Free: 82683K (30%)
----------------- Invoking toplevel() on ptolemy.moml.MoMLSimpleApplication@7d5c1388
----------------- Done invoking toplevel() on ptolemy.moml.MoMLSimpleApplication@7d5c1388
reloadAllAccessors: .DiscreteClock17

===========================================================================================
----------------- testing Tue Aug 25 15:38:12 UTC 2020 /home/travis/build/icyphy/ptII/ptolemy/actor/lib/test/auto/DiscreteClock18.xml
----------------- Instantiating /home/travis/build/icyphy/ptII/ptolemy/actor/lib/test/auto/DiscreteClock18.xml
24 ms. Memory: 273408K Free: 69385K (25%)
----------------- Invoking toplevel() on ptolemy.moml.MoMLSimpleApplication@131f9989
----------------- Done invoking toplevel() on ptolemy.moml.MoMLSimpleApplication@131f9989
reloadAllAccessors: .DiscreteClock18

===========================================================================================
----------------- testing Tue Aug 25 15:38:12 UTC 2020 /home/travis/build/icyphy/ptII/ptolemy/actor/lib/test/auto/DiscreteClock19.xml
----------------- Instantiating /home/travis/build/icyphy/ptII/ptolemy/actor/lib/test/auto/DiscreteClock19.xml
18 ms. Memory: 273408K Free: 216065K (79%)
----------------- Invoking toplevel() on ptolemy.moml.MoMLSimpleApplication@78c565a0
----------------- Done invoking toplevel() on ptolemy.moml.MoMLSimpleApplication@78c565a0
reloadAllAccessors: .DiscreteClock19

===========================================================================================
----------------- testing Tue Aug 25 15:38:12 UTC 2020 /home/travis/build/icyphy/ptII/ptolemy/actor/lib/test/auto/DiscreteClock2.xml
----------------- Instantiating /home/travis/build/icyphy/ptII/ptolemy/actor/lib/test/auto/DiscreteClock2.xml
2 ms. Memory: 273408K Free: 210917K (77%)
----------------- Invoking toplevel() on ptolemy.moml.MoMLSimpleApplication@35f655ea
----------------- Done invoking toplevel() on ptolemy.moml.MoMLSimpleApplication@35f655ea
reloadAllAccessors: .DiscreteClock2

===========================================================================================
----------------- testing Tue Aug 25 15:38:12 UTC 2020 /home/travis/build/icyphy/ptII/ptolemy/actor/lib/test/auto/DiscreteClock20.xml
----------------- Instantiating /home/travis/build/icyphy/ptII/ptolemy/actor/lib/test/auto/DiscreteClock20.xml
6 ms. Memory: 273408K Free: 205318K (75%)
----------------- Invoking toplevel() on ptolemy.moml.MoMLSimpleApplication@4b7c0640
----------------- Done invoking toplevel() on ptolemy.moml.MoMLSimpleApplication@4b7c0640
reloadAllAccessors: .DiscreteClock20

===========================================================================================
----------------- testing Tue Aug 25 15:38:12 UTC 2020 /home/travis/build/icyphy/ptII/ptolemy/actor/lib/test/auto/DiscreteClock21.xml
----------------- Instantiating /home/travis/build/icyphy/ptII/ptolemy/actor/lib/test/auto/DiscreteClock21.xml
2 ms. Memory: 273408K Free: 199684K (73%)
----------------- Invoking toplevel() on ptolemy.moml.MoMLSimpleApplication@247cd817
----------------- Done invoking toplevel() on ptolemy.moml.MoMLSimpleApplication@247cd817
reloadAllAccessors: .DiscreteClock21

===========================================================================================
----------------- testing Tue Aug 25 15:38:12 UTC 2020 /home/travis/build/icyphy/ptII/ptolemy/actor/lib/test/auto/DiscreteClock22.xml
----------------- Instantiating /home/travis/build/icyphy/ptII/ptolemy/actor/lib/test/auto/DiscreteClock22.xml
2 ms. Memory: 273408K Free: 194054K (71%)
----------------- Invoking toplevel() on ptolemy.moml.MoMLSimpleApplication@4b1b537d
----------------- Done invoking toplevel() on ptolemy.moml.MoMLSimpleApplication@4b1b537d
reloadAllAccessors: .DiscreteClock22

===========================================================================================
----------------- testing Tue Aug 25 15:38:12 UTC 2020 /home/travis/build/icyphy/ptII/ptolemy/actor/lib/test/auto/DiscreteClock23.xml
----------------- Instantiating /home/travis/build/icyphy/ptII/ptolemy/actor/lib/test/auto/DiscreteClock23.xml
2 ms. Memory: 273408K Free: 188934K (69%)
----------------- Invoking toplevel() on ptolemy.moml.MoMLSimpleApplication@66d3a281
----------------- Done invoking toplevel() on ptolemy.moml.MoMLSimpleApplication@66d3a281
reloadAllAccessors: .DiscreteClock23

===========================================================================================
----------------- testing Tue Aug 25 15:38:13 UTC 2020 /home/travis/build/icyphy/ptII/ptolemy/actor/lib/test/auto/DiscreteClock24.xml
----------------- Instantiating /home/travis/build/icyphy/ptII/ptolemy/actor/lib/test/auto/DiscreteClock24.xml
7 ms. Memory: 273408K Free: 183300K (67%)
----------------- Invoking toplevel() on ptolemy.moml.MoMLSimpleApplication@2577b53d
----------------- Done invoking toplevel() on ptolemy.moml.MoMLSimpleApplication@2577b53d
reloadAllAccessors: .DiscreteClock24

===========================================================================================
----------------- testing Tue Aug 25 15:38:13 UTC 2020 /home/travis/build/icyphy/ptII/ptolemy/actor/lib/test/auto/DiscreteClock4.xml
----------------- Instantiating /home/travis/build/icyphy/ptII/ptolemy/actor/lib/test/auto/DiscreteClock4.xml
1 ms. Memory: 273408K Free: 177670K (65%)
----------------- Invoking toplevel() on ptolemy.moml.MoMLSimpleApplication@57dcdaed
----------------- Done invoking toplevel() on ptolemy.moml.MoMLSimpleApplication@57dcdaed
reloadAllAccessors: .DiscreteClock4

===========================================================================================
----------------- testing Tue Aug 25 15:38:13 UTC 2020 /home/travis/build/icyphy/ptII/ptolemy/actor/lib/test/auto/DiscreteClock5.xml
----------------- Instantiating /home/travis/build/icyphy/ptII/ptolemy/actor/lib/test/auto/DiscreteClock5.xml
1 ms. Memory: 273408K Free: 172022K (63%)
----------------- Invoking toplevel() on ptolemy.moml.MoMLSimpleApplication@71b7a1a0
----------------- Done invoking toplevel() on ptolemy.moml.MoMLSimpleApplication@71b7a1a0
reloadAllAccessors: .DiscreteClock5

===========================================================================================
----------------- testing Tue Aug 25 15:38:13 UTC 2020 /home/travis/build/icyphy/ptII/ptolemy/actor/lib/test/auto/DiscreteClock6.xml
----------------- Instantiating /home/travis/build/icyphy/ptII/ptolemy/actor/lib/test/auto/DiscreteClock6.xml
1 ms. Memory: 273408K Free: 167940K (61%)
----------------- Invoking toplevel() on ptolemy.moml.MoMLSimpleApplication@333d12f1
----------------- Done invoking toplevel() on ptolemy.moml.MoMLSimpleApplication@333d12f1
reloadAllAccessors: .DiscreteClock6

===========================================================================================
----------------- testing Tue Aug 25 15:38:13 UTC 2020 /home/travis/build/icyphy/ptII/ptolemy/actor/lib/test/auto/DiscreteClock7.xml
----------------- Instantiating /home/travis/build/icyphy/ptII/ptolemy/actor/lib/test/auto/DiscreteClock7.xml
1 ms. Memory: 273408K Free: 162820K (60%)
----------------- Invoking toplevel() on ptolemy.moml.MoMLSimpleApplication@5c1b6f2d
----------------- Done invoking toplevel() on ptolemy.moml.MoMLSimpleApplication@5c1b6f2d
reloadAllAccessors: .DiscreteClock7

===========================================================================================
----------------- testing Tue Aug 25 15:38:13 UTC 2020 /home/travis/build/icyphy/ptII/ptolemy/actor/lib/test/auto/DiscreteClock8.xml
----------------- Instantiating /home/travis/build/icyphy/ptII/ptolemy/actor/lib/test/auto/DiscreteClock8.xml
5 ms. Memory: 273408K Free: 157190K (57%)
----------------- Invoking toplevel() on ptolemy.moml.MoMLSimpleApplication@6aff2ad1
----------------- Done invoking toplevel() on ptolemy.moml.MoMLSimpleApplication@6aff2ad1
reloadAllAccessors: .DiscreteClock8

===========================================================================================
----------------- testing Tue Aug 25 15:38:13 UTC 2020 /home/travis/build/icyphy/ptII/ptolemy/actor/lib/test/auto/DiscreteClock9.xml
----------------- Instantiating /home/travis/build/icyphy/ptII/ptolemy/actor/lib/test/auto/DiscreteClock9.xml
9 ms. Memory: 273408K Free: 151046K (55%)
----------------- Invoking toplevel() on ptolemy.moml.MoMLSimpleApplication@7e083523
----------------- Done invoking toplevel() on ptolemy.moml.MoMLSimpleApplication@7e083523
reloadAllAccessors: .DiscreteClock9

===========================================================================================
----------------- testing Tue Aug 25 15:38:13 UTC 2020 /home/travis/build/icyphy/ptII/ptolemy/actor/lib/test/auto/DisplayArray.xml
----------------- Instantiating /home/travis/build/icyphy/ptII/ptolemy/actor/lib/test/auto/DisplayArray.xml
1 ms. Memory: 273408K Free: 147460K (54%)
----------------- Invoking toplevel() on ptolemy.moml.MoMLSimpleApplication@1a69ef14
----------------- Done invoking toplevel() on ptolemy.moml.MoMLSimpleApplication@1a69ef14
reloadAllAccessors: .DisplayArray

===========================================================================================
----------------- testing Tue Aug 25 15:38:13 UTC 2020 /home/travis/build/icyphy/ptII/ptolemy/actor/lib/test/auto/Distributor.xml
----------------- Instantiating /home/travis/build/icyphy/ptII/ptolemy/actor/lib/test/auto/Distributor.xml
2 ms. Memory: 273408K Free: 142854K (52%)
----------------- Invoking toplevel() on ptolemy.moml.MoMLSimpleApplication@1f69f1b4
----------------- Done invoking toplevel() on ptolemy.moml.MoMLSimpleApplication@1f69f1b4
reloadAllAccessors: .Distributor

===========================================================================================
----------------- testing Tue Aug 25 15:38:13 UTC 2020 /home/travis/build/icyphy/ptII/ptolemy/actor/lib/test/auto/Distributor2.xml
----------------- Instantiating /home/travis/build/icyphy/ptII/ptolemy/actor/lib/test/auto/Distributor2.xml
1 ms. Memory: 273408K Free: 138244K (51%)
----------------- Invoking toplevel() on ptolemy.moml.MoMLSimpleApplication@65e4f332
----------------- Done invoking toplevel() on ptolemy.moml.MoMLSimpleApplication@65e4f332
reloadAllAccessors: .Distributor2

===========================================================================================
----------------- testing Tue Aug 25 15:38:13 UTC 2020 /home/travis/build/icyphy/ptII/ptolemy/actor/lib/test/auto/DownSample.xml
----------------- Instantiating /home/travis/build/icyphy/ptII/ptolemy/actor/lib/test/auto/DownSample.xml
1 ms. Memory: 273408K Free: 133124K (49%)
----------------- Invoking toplevel() on ptolemy.moml.MoMLSimpleApplication@5d08dc66
----------------- Done invoking toplevel() on ptolemy.moml.MoMLSimpleApplication@5d08dc66
reloadAllAccessors: .DownSample

===========================================================================================
----------------- testing Tue Aug 25 15:38:13 UTC 2020 /home/travis/build/icyphy/ptII/ptolemy/actor/lib/test/auto/ElectronicUnitBase1.xml
----------------- Instantiating /home/travis/build/icyphy/ptII/ptolemy/actor/lib/test/auto/ElectronicUnitBase1.xml
15 ms. Memory: 273408K Free: 117254K (43%)
----------------- Invoking toplevel() on ptolemy.moml.MoMLSimpleApplication@1c714d30
----------------- Done invoking toplevel() on ptolemy.moml.MoMLSimpleApplication@1c714d30
reloadAllAccessors: .ElectronicUnitBase1

===========================================================================================
----------------- testing Tue Aug 25 15:38:13 UTC 2020 /home/travis/build/icyphy/ptII/ptolemy/actor/lib/test/auto/ElementsToArray.xml
----------------- Instantiating /home/travis/build/icyphy/ptII/ptolemy/actor/lib/test/auto/ElementsToArray.xml
3 ms. Memory: 273408K Free: 111620K (41%)
----------------- Invoking toplevel() on ptolemy.moml.MoMLSimpleApplication@3fdb865c
----------------- Done invoking toplevel() on ptolemy.moml.MoMLSimpleApplication@3fdb865c
reloadAllAccessors: .ElementsToArray

===========================================================================================
----------------- testing Tue Aug 25 15:38:13 UTC 2020 /home/travis/build/icyphy/ptII/ptolemy/actor/lib/test/auto/Equals.xml
----------------- Instantiating /home/travis/build/icyphy/ptII/ptolemy/actor/lib/test/auto/Equals.xml
3 ms. Memory: 273408K Free: 107524K (39%)
----------------- Invoking toplevel() on ptolemy.moml.MoMLSimpleApplication@752e8642
----------------- Done invoking toplevel() on ptolemy.moml.MoMLSimpleApplication@752e8642
reloadAllAccessors: .Equals

===========================================================================================
----------------- testing Tue Aug 25 15:38:13 UTC 2020 /home/travis/build/icyphy/ptII/ptolemy/actor/lib/test/auto/Exec.xml
----------------- Instantiating /home/travis/build/icyphy/ptII/ptolemy/actor/lib/test/auto/Exec.xml
18 ms. Memory: 273408K Free: 101380K (37%)
----------------- Invoking toplevel() on ptolemy.moml.MoMLSimpleApplication@66dfd181
----------------- Done invoking toplevel() on ptolemy.moml.MoMLSimpleApplication@66dfd181
reloadAllAccessors: .Exec

===========================================================================================
----------------- testing Tue Aug 25 15:38:13 UTC 2020 /home/travis/build/icyphy/ptII/ptolemy/actor/lib/test/auto/ExecEnvironment.xml
----------------- Instantiating /home/travis/build/icyphy/ptII/ptolemy/actor/lib/test/auto/ExecEnvironment.xml
36 ms. Memory: 273408K Free: 95748K (35%)
----------------- Invoking toplevel() on ptolemy.moml.MoMLSimpleApplication@494d7362
----------------- Done invoking toplevel() on ptolemy.moml.MoMLSimpleApplication@494d7362
reloadAllAccessors: .ExecEnvironment

===========================================================================================
----------------- testing Tue Aug 25 15:38:13 UTC 2020 /home/travis/build/icyphy/ptII/ptolemy/actor/lib/test/auto/ExecNonZeroReturnOutput.xml
----------------- Instantiating /home/travis/build/icyphy/ptII/ptolemy/actor/lib/test/auto/ExecNonZeroReturnOutput.xml
165 ms. Memory: 273408K Free: 83462K (31%)
----------------- Invoking toplevel() on ptolemy.moml.MoMLSimpleApplication@58c8638f
----------------- Done invoking toplevel() on ptolemy.moml.MoMLSimpleApplication@58c8638f
reloadAllAccessors: .ExecNonZeroReturnOutput

===========================================================================================
----------------- testing Tue Aug 25 15:38:13 UTC 2020 /home/travis/build/icyphy/ptII/ptolemy/actor/lib/test/auto/ExecRunDemos.xml
----------------- Instantiating /home/travis/build/icyphy/ptII/ptolemy/actor/lib/test/auto/ExecRunDemos.xml
Finished: 66 ms. Memory: 129024K Free: 112461K (87%)

Finished: 83 ms. Memory: 129024K Free: 109384K (85%)

Finished: 81 ms. Memory: 129024K Free: 109525K (85%)

Finished: 102 ms. Memory: 129024K Free: 111215K (86%)

Finished: 65 ms. Memory: 129024K Free: 111903K (87%)

10418 ms. Memory: 453632K Free: 401855K (89%)
----------------- Invoking toplevel() on ptolemy.moml.MoMLSimpleApplication@70dfff46
----------------- Done invoking toplevel() on ptolemy.moml.MoMLSimpleApplication@70dfff46
reloadAllAccessors: .ExecRunDemos

===========================================================================================
----------------- testing Tue Aug 25 15:38:24 UTC 2020 /home/travis/build/icyphy/ptII/ptolemy/actor/lib/test/auto/ExecStop.xml
----------------- Instantiating /home/travis/build/icyphy/ptII/ptolemy/actor/lib/test/auto/ExecStop.xml
5020 ms. Memory: 453632K Free: 271807K (60%)
----------------- Invoking toplevel() on ptolemy.moml.MoMLSimpleApplication@2d9a5e62
----------------- Done invoking toplevel() on ptolemy.moml.MoMLSimpleApplication@2d9a5e62
reloadAllAccessors: .ExecStop

===========================================================================================
----------------- testing Tue Aug 25 15:38:29 UTC 2020 /home/travis/build/icyphy/ptII/ptolemy/actor/lib/test/auto/ExecutionTimeSDF.xml
----------------- Instantiating /home/travis/build/icyphy/ptII/ptolemy/actor/lib/test/auto/ExecutionTimeSDF.xml
Fired ExecutionTime: -875367296
Fired ExecutionTime: 1323600000
Fired ExecutionTime: -192167296
6007 ms. Memory: 453632K Free: 259519K (57%)
----------------- Invoking toplevel() on ptolemy.moml.MoMLSimpleApplication@5049359e
----------------- Done invoking toplevel() on ptolemy.moml.MoMLSimpleApplication@5049359e
reloadAllAccessors: .ExecutionTimeSDF

===========================================================================================
----------------- testing Tue Aug 25 15:38:35 UTC 2020 /home/travis/build/icyphy/ptII/ptolemy/actor/lib/test/auto/Expression1.xml
----------------- Instantiating /home/travis/build/icyphy/ptII/ptolemy/actor/lib/test/auto/Expression1.xml
2 ms. Memory: 453632K Free: 255933K (56%)
----------------- Invoking toplevel() on ptolemy.moml.MoMLSimpleApplication@1caf9294
----------------- Done invoking toplevel() on ptolemy.moml.MoMLSimpleApplication@1caf9294
reloadAllAccessors: .Expression1

===========================================================================================
----------------- testing Tue Aug 25 15:38:35 UTC 2020 /home/travis/build/icyphy/ptII/ptolemy/actor/lib/test/auto/Expression10.xml
----------------- Instantiating /home/travis/build/icyphy/ptII/ptolemy/actor/lib/test/auto/Expression10.xml
6 ms. Memory: 453632K Free: 250303K (55%)
----------------- Invoking toplevel() on ptolemy.moml.MoMLSimpleApplication@4073dea0
----------------- Done invoking toplevel() on ptolemy.moml.MoMLSimpleApplication@4073dea0
reloadAllAccessors: .Expression10

===========================================================================================
----------------- testing Tue Aug 25 15:38:35 UTC 2020 /home/travis/build/icyphy/ptII/ptolemy/actor/lib/test/auto/Expression11.xml
----------------- Instantiating /home/travis/build/icyphy/ptII/ptolemy/actor/lib/test/auto/Expression11.xml
3 ms. Memory: 453632K Free: 245693K (54%)
----------------- Invoking toplevel() on ptolemy.moml.MoMLSimpleApplication@7faf48c
----------------- Done invoking toplevel() on ptolemy.moml.MoMLSimpleApplication@7faf48c
reloadAllAccessors: .Expression11

===========================================================================================
----------------- testing Tue Aug 25 15:38:35 UTC 2020 /home/travis/build/icyphy/ptII/ptolemy/actor/lib/test/auto/Expression12.xml
----------------- Instantiating /home/travis/build/icyphy/ptII/ptolemy/actor/lib/test/auto/Expression12.xml
3 ms. Memory: 453632K Free: 240573K (53%)
----------------- Invoking toplevel() on ptolemy.moml.MoMLSimpleApplication@15fb1de9
----------------- Done invoking toplevel() on ptolemy.moml.MoMLSimpleApplication@15fb1de9
reloadAllAccessors: .Expression12

===========================================================================================
----------------- testing Tue Aug 25 15:38:35 UTC 2020 /home/travis/build/icyphy/ptII/ptolemy/actor/lib/test/auto/Expression13.xml
----------------- Instantiating /home/travis/build/icyphy/ptII/ptolemy/actor/lib/test/auto/Expression13.xml
4 ms. Memory: 453632K Free: 235453K (52%)
----------------- Invoking toplevel() on ptolemy.moml.MoMLSimpleApplication@14ddffa6
----------------- Done invoking toplevel() on ptolemy.moml.MoMLSimpleApplication@14ddffa6
reloadAllAccessors: .Expression13

===========================================================================================
----------------- testing Tue Aug 25 15:38:35 UTC 2020 /home/travis/build/icyphy/ptII/ptolemy/actor/lib/test/auto/Expression14.xml
----------------- Instantiating /home/travis/build/icyphy/ptII/ptolemy/actor/lib/test/auto/Expression14.xml
9 ms. Memory: 453632K Free: 229309K (51%)
----------------- Invoking toplevel() on ptolemy.moml.MoMLSimpleApplication@619a0f64
----------------- Done invoking toplevel() on ptolemy.moml.MoMLSimpleApplication@619a0f64
reloadAllAccessors: .Expression14

===========================================================================================
----------------- testing Tue Aug 25 15:38:35 UTC 2020 /home/travis/build/icyphy/ptII/ptolemy/actor/lib/test/auto/Expression15.xml
----------------- Instantiating /home/travis/build/icyphy/ptII/ptolemy/actor/lib/test/auto/Expression15.xml
2 ms. Memory: 453632K Free: 225727K (50%)
----------------- Invoking toplevel() on ptolemy.moml.MoMLSimpleApplication@6e0038db
----------------- Done invoking toplevel() on ptolemy.moml.MoMLSimpleApplication@6e0038db
reloadAllAccessors: .Expression15

===========================================================================================
----------------- testing Tue Aug 25 15:38:35 UTC 2020 /home/travis/build/icyphy/ptII/ptolemy/actor/lib/test/auto/Expression16.xml
----------------- Instantiating /home/travis/build/icyphy/ptII/ptolemy/actor/lib/test/auto/Expression16.xml
3 ms. Memory: 453632K Free: 220607K (49%)
----------------- Invoking toplevel() on ptolemy.moml.MoMLSimpleApplication@73c9cc47
----------------- Done invoking toplevel() on ptolemy.moml.MoMLSimpleApplication@73c9cc47
reloadAllAccessors: .Expression16

===========================================================================================
----------------- testing Tue Aug 25 15:38:35 UTC 2020 /home/travis/build/icyphy/ptII/ptolemy/actor/lib/test/auto/Expression17.xml
----------------- Instantiating /home/travis/build/icyphy/ptII/ptolemy/actor/lib/test/auto/Expression17.xml
3 ms. Memory: 453632K Free: 215997K (48%)
----------------- Invoking toplevel() on ptolemy.moml.MoMLSimpleApplication@4f1264e9
----------------- Done invoking toplevel() on ptolemy.moml.MoMLSimpleApplication@4f1264e9
reloadAllAccessors: .Expression17

===========================================================================================
----------------- testing Tue Aug 25 15:38:35 UTC 2020 /home/travis/build/icyphy/ptII/ptolemy/actor/lib/test/auto/Expression18.xml
----------------- Instantiating /home/travis/build/icyphy/ptII/ptolemy/actor/lib/test/auto/Expression18.xml
2 ms. Memory: 453632K Free: 210877K (46%)
----------------- Invoking toplevel() on ptolemy.moml.MoMLSimpleApplication@43f6304a
----------------- Done invoking toplevel() on ptolemy.moml.MoMLSimpleApplication@43f6304a
reloadAllAccessors: .Expression18

===========================================================================================
----------------- testing Tue Aug 25 15:38:35 UTC 2020 /home/travis/build/icyphy/ptII/ptolemy/actor/lib/test/auto/Expression2.xml
----------------- Instantiating /home/travis/build/icyphy/ptII/ptolemy/actor/lib/test/auto/Expression2.xml
2 ms. Memory: 453632K Free: 205757K (45%)
----------------- Invoking toplevel() on ptolemy.moml.MoMLSimpleApplication@3e85bd14
----------------- Done invoking toplevel() on ptolemy.moml.MoMLSimpleApplication@3e85bd14
reloadAllAccessors: .Expression2

===========================================================================================
----------------- testing Tue Aug 25 15:38:35 UTC 2020 /home/travis/build/icyphy/ptII/ptolemy/actor/lib/test/auto/Expression3.xml
----------------- Instantiating /home/travis/build/icyphy/ptII/ptolemy/actor/lib/test/auto/Expression3.xml
5 ms. Memory: 453632K Free: 200637K (44%)
----------------- Invoking toplevel() on ptolemy.moml.MoMLSimpleApplication@392a0bf3
----------------- Done invoking toplevel() on ptolemy.moml.MoMLSimpleApplication@392a0bf3
reloadAllAccessors: .Expression3

===========================================================================================
----------------- testing Tue Aug 25 15:38:35 UTC 2020 /home/travis/build/icyphy/ptII/ptolemy/actor/lib/test/auto/Expression4.xml
----------------- Instantiating /home/travis/build/icyphy/ptII/ptolemy/actor/lib/test/auto/Expression4.xml
4 ms. Memory: 453632K Free: 192959K (43%)
----------------- Invoking toplevel() on ptolemy.moml.MoMLSimpleApplication@67f23ec0
----------------- Done invoking toplevel() on ptolemy.moml.MoMLSimpleApplication@67f23ec0
reloadAllAccessors: .Expression4

===========================================================================================
----------------- testing Tue Aug 25 15:38:35 UTC 2020 /home/travis/build/icyphy/ptII/ptolemy/actor/lib/test/auto/Expression5.xml
----------------- Instantiating /home/travis/build/icyphy/ptII/ptolemy/actor/lib/test/auto/Expression5.xml
5 ms. Memory: 453632K Free: 187839K (41%)
----------------- Invoking toplevel() on ptolemy.moml.MoMLSimpleApplication@73294c57
----------------- Done invoking toplevel() on ptolemy.moml.MoMLSimpleApplication@73294c57
reloadAllAccessors: .Expression5

===========================================================================================
----------------- testing Tue Aug 25 15:38:35 UTC 2020 /home/travis/build/icyphy/ptII/ptolemy/actor/lib/test/auto/Expression6.xml
----------------- Instantiating /home/travis/build/icyphy/ptII/ptolemy/actor/lib/test/auto/Expression6.xml
2 ms. Memory: 453632K Free: 183743K (41%)
----------------- Invoking toplevel() on ptolemy.moml.MoMLSimpleApplication@19cdf9bd
----------------- Done invoking toplevel() on ptolemy.moml.MoMLSimpleApplication@19cdf9bd
reloadAllAccessors: .Expression6

===========================================================================================
----------------- testing Tue Aug 25 15:38:35 UTC 2020 /home/travis/build/icyphy/ptII/ptolemy/actor/lib/test/auto/Expression7.xml
----------------- Instantiating /home/travis/build/icyphy/ptII/ptolemy/actor/lib/test/auto/Expression7.xml
2 ms. Memory: 453632K Free: 178623K (39%)
----------------- Invoking toplevel() on ptolemy.moml.MoMLSimpleApplication@6cc3fda6
----------------- Done invoking toplevel() on ptolemy.moml.MoMLSimpleApplication@6cc3fda6
reloadAllAccessors: .Expression7

===========================================================================================
----------------- testing Tue Aug 25 15:38:35 UTC 2020 /home/travis/build/icyphy/ptII/ptolemy/actor/lib/test/auto/Expression8.xml
----------------- Instantiating /home/travis/build/icyphy/ptII/ptolemy/actor/lib/test/auto/Expression8.xml
8 ms. Memory: 453632K Free: 173503K (38%)
----------------- Invoking toplevel() on ptolemy.moml.MoMLSimpleApplication@59e3521e
----------------- Done invoking toplevel() on ptolemy.moml.MoMLSimpleApplication@59e3521e
reloadAllAccessors: .Expression8

===========================================================================================
----------------- testing Tue Aug 25 15:38:35 UTC 2020 /home/travis/build/icyphy/ptII/ptolemy/actor/lib/test/auto/Expression9.xml
----------------- Instantiating /home/travis/build/icyphy/ptII/ptolemy/actor/lib/test/auto/Expression9.xml
1 ms. Memory: 453632K Free: 169407K (37%)
----------------- Invoking toplevel() on ptolemy.moml.MoMLSimpleApplication@576fa90c
----------------- Done invoking toplevel() on ptolemy.moml.MoMLSimpleApplication@576fa90c
reloadAllAccessors: .Expression9

===========================================================================================
----------------- testing Tue Aug 25 15:38:35 UTC 2020 /home/travis/build/icyphy/ptII/ptolemy/actor/lib/test/auto/ExpressionConcatenateArrayType.xml
----------------- Instantiating /home/travis/build/icyphy/ptII/ptolemy/actor/lib/test/auto/ExpressionConcatenateArrayType.xml
4 ms. Memory: 453632K Free: 162749K (36%)
----------------- Invoking toplevel() on ptolemy.moml.MoMLSimpleApplication@43d321ca
----------------- Done invoking toplevel() on ptolemy.moml.MoMLSimpleApplication@43d321ca
reloadAllAccessors: .ExpressionConcatenateArrayType

===========================================================================================
----------------- testing Tue Aug 25 15:38:35 UTC 2020 /home/travis/build/icyphy/ptII/ptolemy/actor/lib/test/auto/ExpressionConcatenateArrayType2.xml
----------------- Instantiating /home/travis/build/icyphy/ptII/ptolemy/actor/lib/test/auto/ExpressionConcatenateArrayType2.xml
3 ms. Memory: 453632K Free: 157119K (35%)
----------------- Invoking toplevel() on ptolemy.moml.MoMLSimpleApplication@6e9c670b
----------------- Done invoking toplevel() on ptolemy.moml.MoMLSimpleApplication@6e9c670b
reloadAllAccessors: .ExpressionConcatenateArrayType2

===========================================================================================
----------------- testing Tue Aug 25 15:38:35 UTC 2020 /home/travis/build/icyphy/ptII/ptolemy/actor/lib/test/auto/ExpressionFix.xml
----------------- Instantiating /home/travis/build/icyphy/ptII/ptolemy/actor/lib/test/auto/ExpressionFix.xml
20 ms. Memory: 453632K Free: 150975K (33%)
----------------- Invoking toplevel() on ptolemy.moml.MoMLSimpleApplication@678fac3f
----------------- Done invoking toplevel() on ptolemy.moml.MoMLSimpleApplication@678fac3f
reloadAllAccessors: .ExpressionFix

===========================================================================================
----------------- testing Tue Aug 25 15:38:35 UTC 2020 /home/travis/build/icyphy/ptII/ptolemy/actor/lib/test/auto/ExpressionFix2.xml
----------------- Instantiating /home/travis/build/icyphy/ptII/ptolemy/actor/lib/test/auto/ExpressionFix2.xml
4 ms. Memory: 453632K Free: 146365K (32%)
----------------- Invoking toplevel() on ptolemy.moml.MoMLSimpleApplication@39ac3f58
----------------- Done invoking toplevel() on ptolemy.moml.MoMLSimpleApplication@39ac3f58
reloadAllAccessors: .ExpressionFix2

===========================================================================================
----------------- testing Tue Aug 25 15:38:35 UTC 2020 /home/travis/build/icyphy/ptII/ptolemy/actor/lib/test/auto/ExpressionFix3.xml
----------------- Instantiating /home/travis/build/icyphy/ptII/ptolemy/actor/lib/test/auto/ExpressionFix3.xml
3 ms. Memory: 453632K Free: 141759K (31%)
----------------- Invoking toplevel() on ptolemy.moml.MoMLSimpleApplication@7c2006ca
----------------- Done invoking toplevel() on ptolemy.moml.MoMLSimpleApplication@7c2006ca
reloadAllAccessors: .ExpressionFix3

===========================================================================================
----------------- testing Tue Aug 25 15:38:35 UTC 2020 /home/travis/build/icyphy/ptII/ptolemy/actor/lib/test/auto/FileWriter1.xml
----------------- Instantiating /home/travis/build/icyphy/ptII/ptolemy/actor/lib/test/auto/FileWriter1.xml
2 ms. Memory: 453632K Free: 137663K (30%)
----------------- Invoking toplevel() on ptolemy.moml.MoMLSimpleApplication@69d27b70
----------------- Done invoking toplevel() on ptolemy.moml.MoMLSimpleApplication@69d27b70
reloadAllAccessors: .FileWriter1

===========================================================================================
----------------- testing Tue Aug 25 15:38:35 UTC 2020 /home/travis/build/icyphy/ptII/ptolemy/actor/lib/test/auto/FileWriter2.xml
----------------- Instantiating /home/travis/build/icyphy/ptII/ptolemy/actor/lib/test/auto/FileWriter2.xml
3 ms. Memory: 453632K Free: 400258K (88%)
----------------- Invoking toplevel() on ptolemy.moml.MoMLSimpleApplication@355ac03f
----------------- Done invoking toplevel() on ptolemy.moml.MoMLSimpleApplication@355ac03f
reloadAllAccessors: .FileWriter2

===========================================================================================
----------------- testing Tue Aug 25 15:38:35 UTC 2020 /home/travis/build/icyphy/ptII/ptolemy/actor/lib/test/auto/FileWriter3.xml
----------------- Instantiating /home/travis/build/icyphy/ptII/ptolemy/actor/lib/test/auto/FileWriter3.xml
4 ms. Memory: 453632K Free: 395666K (87%)
----------------- Invoking toplevel() on ptolemy.moml.MoMLSimpleApplication@774a7ae4
----------------- Done invoking toplevel() on ptolemy.moml.MoMLSimpleApplication@774a7ae4
reloadAllAccessors: .FileWriter3

===========================================================================================
----------------- testing Tue Aug 25 15:38:35 UTC 2020 /home/travis/build/icyphy/ptII/ptolemy/actor/lib/test/auto/Gaussian.xml
----------------- Instantiating /home/travis/build/icyphy/ptII/ptolemy/actor/lib/test/auto/Gaussian.xml
2 ms. Memory: 453632K Free: 391056K (86%)
----------------- Invoking toplevel() on ptolemy.moml.MoMLSimpleApplication@435196b
----------------- Done invoking toplevel() on ptolemy.moml.MoMLSimpleApplication@435196b
reloadAllAccessors: .Gaussian

===========================================================================================
----------------- testing Tue Aug 25 15:38:35 UTC 2020 /home/travis/build/icyphy/ptII/ptolemy/actor/lib/test/auto/Gaussian1.xml
----------------- Instantiating /home/travis/build/icyphy/ptII/ptolemy/actor/lib/test/auto/Gaussian1.xml
2 ms. Memory: 453632K Free: 385922K (85%)
----------------- Invoking toplevel() on ptolemy.moml.MoMLSimpleApplication@71d7e441
----------------- Done invoking toplevel() on ptolemy.moml.MoMLSimpleApplication@71d7e441
reloadAllAccessors: .Gaussian1

===========================================================================================
----------------- testing Tue Aug 25 15:38:35 UTC 2020 /home/travis/build/icyphy/ptII/ptolemy/actor/lib/test/auto/Gaussian2.xml
----------------- Instantiating /home/travis/build/icyphy/ptII/ptolemy/actor/lib/test/auto/Gaussian2.xml
10 ms. Memory: 453632K Free: 380306K (84%)
----------------- Invoking toplevel() on ptolemy.moml.MoMLSimpleApplication@48dc5cfb
----------------- Done invoking toplevel() on ptolemy.moml.MoMLSimpleApplication@48dc5cfb
reloadAllAccessors: .Gaussian2

===========================================================================================
----------------- testing Tue Aug 25 15:38:35 UTC 2020 /home/travis/build/icyphy/ptII/ptolemy/actor/lib/test/auto/GradientAdaptiveLattice.xml
----------------- Instantiating /home/travis/build/icyphy/ptII/ptolemy/actor/lib/test/auto/GradientAdaptiveLattice.xml
2 ms. Memory: 453632K Free: 375186K (83%)
----------------- Invoking toplevel() on ptolemy.moml.MoMLSimpleApplication@4450b742
----------------- Done invoking toplevel() on ptolemy.moml.MoMLSimpleApplication@4450b742
reloadAllAccessors: .GradientAdaptiveLattice

===========================================================================================
----------------- testing Tue Aug 25 15:38:35 UTC 2020 /home/travis/build/icyphy/ptII/ptolemy/actor/lib/test/auto/IIR.xml
----------------- Instantiating /home/travis/build/icyphy/ptII/ptolemy/actor/lib/test/auto/IIR.xml
1 ms. Memory: 453632K Free: 370576K (82%)
----------------- Invoking toplevel() on ptolemy.moml.MoMLSimpleApplication@277644ee
----------------- Done invoking toplevel() on ptolemy.moml.MoMLSimpleApplication@277644ee
reloadAllAccessors: .IIR

===========================================================================================
----------------- testing Tue Aug 25 15:38:35 UTC 2020 /home/travis/build/icyphy/ptII/ptolemy/actor/lib/test/auto/InputOutputTransparentPorts.xml
----------------- Instantiating /home/travis/build/icyphy/ptII/ptolemy/actor/lib/test/auto/InputOutputTransparentPorts.xml
2 ms. Memory: 453632K Free: 363408K (80%)
----------------- Invoking toplevel() on ptolemy.moml.MoMLSimpleApplication@649a413f
----------------- Done invoking toplevel() on ptolemy.moml.MoMLSimpleApplication@649a413f
reloadAllAccessors: .InputOutputTransparentPorts

===========================================================================================
----------------- testing Tue Aug 25 15:38:35 UTC 2020 /home/travis/build/icyphy/ptII/ptolemy/actor/lib/test/auto/Interpolator.xml
----------------- Instantiating /home/travis/build/icyphy/ptII/ptolemy/actor/lib/test/auto/Interpolator.xml
7 ms. Memory: 453632K Free: 359312K (79%)
----------------- Invoking toplevel() on ptolemy.moml.MoMLSimpleApplication@497736c4
----------------- Done invoking toplevel() on ptolemy.moml.MoMLSimpleApplication@497736c4
reloadAllAccessors: .Interpolator

===========================================================================================
----------------- testing Tue Aug 25 15:38:35 UTC 2020 /home/travis/build/icyphy/ptII/ptolemy/actor/lib/test/auto/InterpolatorFiringLimitDE.xml
----------------- Instantiating /home/travis/build/icyphy/ptII/ptolemy/actor/lib/test/auto/InterpolatorFiringLimitDE.xml
2 ms. Memory: 453632K Free: 353682K (78%)
----------------- Invoking toplevel() on ptolemy.moml.MoMLSimpleApplication@3bc6f580
----------------- Done invoking toplevel() on ptolemy.moml.MoMLSimpleApplication@3bc6f580
reloadAllAccessors: .InterpolatorFiringLimitDE

===========================================================================================
----------------- testing Tue Aug 25 15:38:35 UTC 2020 /home/travis/build/icyphy/ptII/ptolemy/actor/lib/test/auto/Lattice.xml
----------------- Instantiating /home/travis/build/icyphy/ptII/ptolemy/actor/lib/test/auto/Lattice.xml
1 ms. Memory: 453632K Free: 349586K (77%)
----------------- Invoking toplevel() on ptolemy.moml.MoMLSimpleApplication@58a27178
----------------- Done invoking toplevel() on ptolemy.moml.MoMLSimpleApplication@58a27178
reloadAllAccessors: .Lattice

===========================================================================================
----------------- testing Tue Aug 25 15:38:35 UTC 2020 /home/travis/build/icyphy/ptII/ptolemy/actor/lib/test/auto/LazyAOCTestLazy.xml
----------------- Instantiating /home/travis/build/icyphy/ptII/ptolemy/actor/lib/test/auto/LazyAOCTestLazy.xml
14 ms. Memory: 453632K Free: 343442K (76%)
----------------- Invoking toplevel() on ptolemy.moml.MoMLSimpleApplication@725fa31f
----------------- Done invoking toplevel() on ptolemy.moml.MoMLSimpleApplication@725fa31f
reloadAllAccessors: .LazyAOCTestLazy

===========================================================================================
----------------- testing Tue Aug 25 15:38:35 UTC 2020 /home/travis/build/icyphy/ptII/ptolemy/actor/lib/test/auto/LazyAOCTestNonLazy.xml
----------------- Instantiating /home/travis/build/icyphy/ptII/ptolemy/actor/lib/test/auto/LazyAOCTestNonLazy.xml
1 ms. Memory: 453632K Free: 336784K (74%)
----------------- Invoking toplevel() on ptolemy.moml.MoMLSimpleApplication@59de895f
----------------- Done invoking toplevel() on ptolemy.moml.MoMLSimpleApplication@59de895f
reloadAllAccessors: .LazyAOCTestNonLazy

===========================================================================================
----------------- testing Tue Aug 25 15:38:35 UTC 2020 /home/travis/build/icyphy/ptII/ptolemy/actor/lib/test/auto/LazyInnerClass.xml
----------------- Instantiating /home/travis/build/icyphy/ptII/ptolemy/actor/lib/test/auto/LazyInnerClass.xml
11 ms. Memory: 453632K Free: 328082K (72%)
----------------- Invoking toplevel() on ptolemy.moml.MoMLSimpleApplication@4223777b
----------------- Done invoking toplevel() on ptolemy.moml.MoMLSimpleApplication@4223777b
reloadAllAccessors: .LazyInnerClass

===========================================================================================
----------------- testing Tue Aug 25 15:38:35 UTC 2020 /home/travis/build/icyphy/ptII/ptolemy/actor/lib/test/auto/LazyPubSub.xml
----------------- Instantiating /home/travis/build/icyphy/ptII/ptolemy/actor/lib/test/auto/LazyPubSub.xml
18 ms. Memory: 453632K Free: 317842K (70%)
----------------- Invoking toplevel() on ptolemy.moml.MoMLSimpleApplication@7db6b4c6
----------------- Done invoking toplevel() on ptolemy.moml.MoMLSimpleApplication@7db6b4c6
reloadAllAccessors: .LazyPubSub

===========================================================================================
----------------- testing Tue Aug 25 15:38:35 UTC 2020 /home/travis/build/icyphy/ptII/ptolemy/actor/lib/test/auto/LazyPubSub2.xml
----------------- Instantiating /home/travis/build/icyphy/ptII/ptolemy/actor/lib/test/auto/LazyPubSub2.xml
13 ms. Memory: 453632K Free: 307088K (68%)
----------------- Invoking toplevel() on ptolemy.moml.MoMLSimpleApplication@5250dd7b
----------------- Done invoking toplevel() on ptolemy.moml.MoMLSimpleApplication@5250dd7b
reloadAllAccessors: .LazyPubSub2

===========================================================================================
----------------- testing Tue Aug 25 15:38:35 UTC 2020 /home/travis/build/icyphy/ptII/ptolemy/actor/lib/test/auto/LazyPubSub3.xml
----------------- Instantiating /home/travis/build/icyphy/ptII/ptolemy/actor/lib/test/auto/LazyPubSub3.xml
13 ms. Memory: 453632K Free: 296848K (65%)
----------------- Invoking toplevel() on ptolemy.moml.MoMLSimpleApplication@7aad7d52
----------------- Done invoking toplevel() on ptolemy.moml.MoMLSimpleApplication@7aad7d52
reloadAllAccessors: .LazyPubSub3

===========================================================================================
----------------- testing Tue Aug 25 15:38:36 UTC 2020 /home/travis/build/icyphy/ptII/ptolemy/actor/lib/test/auto/LazySubClassModel.xml
----------------- Instantiating /home/travis/build/icyphy/ptII/ptolemy/actor/lib/test/auto/LazySubClassModel.xml
2 ms. Memory: 453632K Free: 287632K (63%)
----------------- Invoking toplevel() on ptolemy.moml.MoMLSimpleApplication@3ab0909d
----------------- Done invoking toplevel() on ptolemy.moml.MoMLSimpleApplication@3ab0909d
reloadAllAccessors: .LazySubClassModel

===========================================================================================
----------------- testing Tue Aug 25 15:38:36 UTC 2020 /home/travis/build/icyphy/ptII/ptolemy/actor/lib/test/auto/LevelCrossTest1.xml
----------------- Instantiating /home/travis/build/icyphy/ptII/ptolemy/actor/lib/test/auto/LevelCrossTest1.xml
1 ms. Memory: 453632K Free: 282512K (62%)
----------------- Invoking toplevel() on ptolemy.moml.MoMLSimpleApplication@416d0695
----------------- Done invoking toplevel() on ptolemy.moml.MoMLSimpleApplication@416d0695
reloadAllAccessors: .broken

===========================================================================================
----------------- testing Tue Aug 25 15:38:36 UTC 2020 /home/travis/build/icyphy/ptII/ptolemy/actor/lib/test/auto/LevelCrossTest10.xml
----------------- Instantiating /home/travis/build/icyphy/ptII/ptolemy/actor/lib/test/auto/LevelCrossTest10.xml
2 ms. Memory: 453632K Free: 275858K (61%)
----------------- Invoking toplevel() on ptolemy.moml.MoMLSimpleApplication@4ba601ba
----------------- Done invoking toplevel() on ptolemy.moml.MoMLSimpleApplication@4ba601ba
reloadAllAccessors: .LevelCrossTest10

===========================================================================================
----------------- testing Tue Aug 25 15:38:36 UTC 2020 /home/travis/build/icyphy/ptII/ptolemy/actor/lib/test/auto/LevelCrossTest11.xml
----------------- Instantiating /home/travis/build/icyphy/ptII/ptolemy/actor/lib/test/auto/LevelCrossTest11.xml
1 ms. Memory: 453632K Free: 269200K (59%)
----------------- Invoking toplevel() on ptolemy.moml.MoMLSimpleApplication@abd9755
----------------- Done invoking toplevel() on ptolemy.moml.MoMLSimpleApplication@abd9755
reloadAllAccessors: .LevelCrossTest11

===========================================================================================
----------------- testing Tue Aug 25 15:38:36 UTC 2020 /home/travis/build/icyphy/ptII/ptolemy/actor/lib/test/auto/LevelCrossTest12.xml
----------------- Instantiating /home/travis/build/icyphy/ptII/ptolemy/actor/lib/test/auto/LevelCrossTest12.xml
1 ms. Memory: 453632K Free: 261522K (58%)
----------------- Invoking toplevel() on ptolemy.moml.MoMLSimpleApplication@4c43295
----------------- Done invoking toplevel() on ptolemy.moml.MoMLSimpleApplication@4c43295
reloadAllAccessors: .LevelCrossTest12

===========================================================================================
----------------- testing Tue Aug 25 15:38:36 UTC 2020 /home/travis/build/icyphy/ptII/ptolemy/actor/lib/test/auto/LevelCrossTest13.xml
----------------- Instantiating /home/travis/build/icyphy/ptII/ptolemy/actor/lib/test/auto/LevelCrossTest13.xml
4 ms. Memory: 453632K Free: 254354K (56%)
----------------- Invoking toplevel() on ptolemy.moml.MoMLSimpleApplication@376e3274
----------------- Done invoking toplevel() on ptolemy.moml.MoMLSimpleApplication@376e3274
reloadAllAccessors: .LevelCrossTest13

===========================================================================================
----------------- testing Tue Aug 25 15:38:36 UTC 2020 /home/travis/build/icyphy/ptII/ptolemy/actor/lib/test/auto/LevelCrossTest2.xml
----------------- Instantiating /home/travis/build/icyphy/ptII/ptolemy/actor/lib/test/auto/LevelCrossTest2.xml
1 ms. Memory: 453632K Free: 248720K (55%)
----------------- Invoking toplevel() on ptolemy.moml.MoMLSimpleApplication@7304b414
----------------- Done invoking toplevel() on ptolemy.moml.MoMLSimpleApplication@7304b414
reloadAllAccessors: .broken

===========================================================================================
----------------- testing Tue Aug 25 15:38:36 UTC 2020 /home/travis/build/icyphy/ptII/ptolemy/actor/lib/test/auto/LevelCrossTest3.xml
----------------- Instantiating /home/travis/build/icyphy/ptII/ptolemy/actor/lib/test/auto/LevelCrossTest3.xml
1 ms. Memory: 453632K Free: 242066K (53%)
----------------- Invoking toplevel() on ptolemy.moml.MoMLSimpleApplication@35e556bb
----------------- Done invoking toplevel() on ptolemy.moml.MoMLSimpleApplication@35e556bb
reloadAllAccessors: .LevelCrossTest3

===========================================================================================
----------------- testing Tue Aug 25 15:38:36 UTC 2020 /home/travis/build/icyphy/ptII/ptolemy/actor/lib/test/auto/LevelCrossTest4.xml
----------------- Instantiating /home/travis/build/icyphy/ptII/ptolemy/actor/lib/test/auto/LevelCrossTest4.xml
1 ms. Memory: 453632K Free: 236432K (52%)
----------------- Invoking toplevel() on ptolemy.moml.MoMLSimpleApplication@78902ecb
----------------- Done invoking toplevel() on ptolemy.moml.MoMLSimpleApplication@78902ecb
reloadAllAccessors: .broken

===========================================================================================
----------------- testing Tue Aug 25 15:38:36 UTC 2020 /home/travis/build/icyphy/ptII/ptolemy/actor/lib/test/auto/LevelCrossTest5.xml
----------------- Instantiating /home/travis/build/icyphy/ptII/ptolemy/actor/lib/test/auto/LevelCrossTest5.xml
1 ms. Memory: 453632K Free: 228754K (50%)
----------------- Invoking toplevel() on ptolemy.moml.MoMLSimpleApplication@11189ba6
----------------- Done invoking toplevel() on ptolemy.moml.MoMLSimpleApplication@11189ba6
reloadAllAccessors: .LevelCrossTest5

===========================================================================================
----------------- testing Tue Aug 25 15:38:36 UTC 2020 /home/travis/build/icyphy/ptII/ptolemy/actor/lib/test/auto/LevelCrossTest6.xml
----------------- Instantiating /home/travis/build/icyphy/ptII/ptolemy/actor/lib/test/auto/LevelCrossTest6.xml
1 ms. Memory: 453632K Free: 221072K (49%)
----------------- Invoking toplevel() on ptolemy.moml.MoMLSimpleApplication@19b9fe55
----------------- Done invoking toplevel() on ptolemy.moml.MoMLSimpleApplication@19b9fe55
reloadAllAccessors: .LevelCrossTest6

===========================================================================================
----------------- testing Tue Aug 25 15:38:36 UTC 2020 /home/travis/build/icyphy/ptII/ptolemy/actor/lib/test/auto/LevelCrossTest7.xml
----------------- Instantiating /home/travis/build/icyphy/ptII/ptolemy/actor/lib/test/auto/LevelCrossTest7.xml
1 ms. Memory: 453632K Free: 212880K (47%)
----------------- Invoking toplevel() on ptolemy.moml.MoMLSimpleApplication@66b92e49
----------------- Done invoking toplevel() on ptolemy.moml.MoMLSimpleApplication@66b92e49
reloadAllAccessors: .LevelCrossTest7

===========================================================================================
----------------- testing Tue Aug 25 15:38:36 UTC 2020 /home/travis/build/icyphy/ptII/ptolemy/actor/lib/test/auto/LevelCrossTest8.xml
----------------- Instantiating /home/travis/build/icyphy/ptII/ptolemy/actor/lib/test/auto/LevelCrossTest8.xml
1 ms. Memory: 453632K Free: 206226K (45%)
----------------- Invoking toplevel() on ptolemy.moml.MoMLSimpleApplication@591a9396
----------------- Done invoking toplevel() on ptolemy.moml.MoMLSimpleApplication@591a9396
reloadAllAccessors: .LevelCrossTest8

===========================================================================================
----------------- testing Tue Aug 25 15:38:36 UTC 2020 /home/travis/build/icyphy/ptII/ptolemy/actor/lib/test/auto/LevelCrossTest9.xml
----------------- Instantiating /home/travis/build/icyphy/ptII/ptolemy/actor/lib/test/auto/LevelCrossTest9.xml
2 ms. Memory: 453632K Free: 199058K (44%)
----------------- Invoking toplevel() on ptolemy.moml.MoMLSimpleApplication@4b000abc
----------------- Done invoking toplevel() on ptolemy.moml.MoMLSimpleApplication@4b000abc
reloadAllAccessors: .LevelCrossTest9

===========================================================================================
----------------- testing Tue Aug 25 15:38:36 UTC 2020 /home/travis/build/icyphy/ptII/ptolemy/actor/lib/test/auto/LevinsonDurbin.xml
----------------- Instantiating /home/travis/build/icyphy/ptII/ptolemy/actor/lib/test/auto/LevinsonDurbin.xml
1 ms. Memory: 453632K Free: 194962K (43%)
----------------- Invoking toplevel() on ptolemy.moml.MoMLSimpleApplication@19b19e31
----------------- Done invoking toplevel() on ptolemy.moml.MoMLSimpleApplication@19b19e31
reloadAllAccessors: .LevinsonDurbin

===========================================================================================
----------------- testing Tue Aug 25 15:38:36 UTC 2020 /home/travis/build/icyphy/ptII/ptolemy/actor/lib/test/auto/LevinsonDurbin2.xml
----------------- Instantiating /home/travis/build/icyphy/ptII/ptolemy/actor/lib/test/auto/LevinsonDurbin2.xml
2 ms. Memory: 453632K Free: 191376K (42%)
----------------- Invoking toplevel() on ptolemy.moml.MoMLSimpleApplication@5e484878
----------------- Done invoking toplevel() on ptolemy.moml.MoMLSimpleApplication@5e484878
reloadAllAccessors: .LevinsonDurbin2

===========================================================================================
----------------- testing Tue Aug 25 15:38:36 UTC 2020 /home/travis/build/icyphy/ptII/ptolemy/actor/lib/test/auto/LevinsonDurbin3.xml
----------------- Instantiating /home/travis/build/icyphy/ptII/ptolemy/actor/lib/test/auto/LevinsonDurbin3.xml
2 ms. Memory: 453632K Free: 187280K (41%)
----------------- Invoking toplevel() on ptolemy.moml.MoMLSimpleApplication@7d7c6810
----------------- Done invoking toplevel() on ptolemy.moml.MoMLSimpleApplication@7d7c6810
reloadAllAccessors: .LevinsonDurbin3

===========================================================================================
----------------- testing Tue Aug 25 15:38:36 UTC 2020 /home/travis/build/icyphy/ptII/ptolemy/actor/lib/test/auto/Limiter.xml
----------------- Instantiating /home/travis/build/icyphy/ptII/ptolemy/actor/lib/test/auto/Limiter.xml
4 ms. Memory: 453632K Free: 178034K (39%)
----------------- Invoking toplevel() on ptolemy.moml.MoMLSimpleApplication@6b1c2849
----------------- Done invoking toplevel() on ptolemy.moml.MoMLSimpleApplication@6b1c2849
reloadAllAccessors: .Limiter

===========================================================================================
----------------- testing Tue Aug 25 15:38:36 UTC 2020 /home/travis/build/icyphy/ptII/ptolemy/actor/lib/test/auto/LinearDifferenceEquationSystem.xml
----------------- Instantiating /home/travis/build/icyphy/ptII/ptolemy/actor/lib/test/auto/LinearDifferenceEquationSystem.xml
4 ms. Memory: 453632K Free: 170896K (38%)
----------------- Invoking toplevel() on ptolemy.moml.MoMLSimpleApplication@1ca80c4b
----------------- Done invoking toplevel() on ptolemy.moml.MoMLSimpleApplication@1ca80c4b
reloadAllAccessors: .LinearDifferenceEquationSystem

===========================================================================================
----------------- testing Tue Aug 25 15:38:36 UTC 2020 /home/travis/build/icyphy/ptII/ptolemy/actor/lib/test/auto/LookupTable.xml
----------------- Instantiating /home/travis/build/icyphy/ptII/ptolemy/actor/lib/test/auto/LookupTable.xml
9 ms. Memory: 453632K Free: 166290K (37%)
----------------- Invoking toplevel() on ptolemy.moml.MoMLSimpleApplication@2e7f2e83
----------------- Done invoking toplevel() on ptolemy.moml.MoMLSimpleApplication@2e7f2e83
reloadAllAccessors: .LookupTable

===========================================================================================
----------------- testing Tue Aug 25 15:38:36 UTC 2020 /home/travis/build/icyphy/ptII/ptolemy/actor/lib/test/auto/MathFunction.xml
----------------- Instantiating /home/travis/build/icyphy/ptII/ptolemy/actor/lib/test/auto/MathFunction.xml
2 ms. Memory: 453632K Free: 158098K (35%)
----------------- Invoking toplevel() on ptolemy.moml.MoMLSimpleApplication@69737333
----------------- Done invoking toplevel() on ptolemy.moml.MoMLSimpleApplication@69737333
reloadAllAccessors: .MathFunction

===========================================================================================
----------------- testing Tue Aug 25 15:38:36 UTC 2020 /home/travis/build/icyphy/ptII/ptolemy/actor/lib/test/auto/MathFunction2.xml
----------------- Instantiating /home/travis/build/icyphy/ptII/ptolemy/actor/lib/test/auto/MathFunction2.xml
5 ms. Memory: 453632K Free: 154002K (34%)
----------------- Invoking toplevel() on ptolemy.moml.MoMLSimpleApplication@7633ac98
----------------- Done invoking toplevel() on ptolemy.moml.MoMLSimpleApplication@7633ac98
reloadAllAccessors: .MathFunction2

===========================================================================================
----------------- testing Tue Aug 25 15:38:36 UTC 2020 /home/travis/build/icyphy/ptII/ptolemy/actor/lib/test/auto/MathFunction3.xml
----------------- Instantiating /home/travis/build/icyphy/ptII/ptolemy/actor/lib/test/auto/MathFunction3.xml
6 ms. Memory: 453632K Free: 146834K (32%)
----------------- Invoking toplevel() on ptolemy.moml.MoMLSimpleApplication@1c1091d7
----------------- Done invoking toplevel() on ptolemy.moml.MoMLSimpleApplication@1c1091d7
reloadAllAccessors: .MathFunction3

===========================================================================================
----------------- testing Tue Aug 25 15:38:36 UTC 2020 /home/travis/build/icyphy/ptII/ptolemy/actor/lib/test/auto/MatrixCropBoolean.xml
----------------- Instantiating /home/travis/build/icyphy/ptII/ptolemy/actor/lib/test/auto/MatrixCropBoolean.xml
2 ms. Memory: 453632K Free: 141714K (31%)
----------------- Invoking toplevel() on ptolemy.moml.MoMLSimpleApplication@27fdde48
----------------- Done invoking toplevel() on ptolemy.moml.MoMLSimpleApplication@27fdde48
reloadAllAccessors: .MatrixCropBoolean

===========================================================================================
----------------- testing Tue Aug 25 15:38:36 UTC 2020 /home/travis/build/icyphy/ptII/ptolemy/actor/lib/test/auto/MatrixCropComplex.xml
----------------- Instantiating /home/travis/build/icyphy/ptII/ptolemy/actor/lib/test/auto/MatrixCropComplex.xml
2 ms. Memory: 453632K Free: 136594K (30%)
----------------- Invoking toplevel() on ptolemy.moml.MoMLSimpleApplication@587f199e
----------------- Done invoking toplevel() on ptolemy.moml.MoMLSimpleApplication@587f199e
reloadAllAccessors: .MatrixCropComplex

===========================================================================================
----------------- testing Tue Aug 25 15:38:36 UTC 2020 /home/travis/build/icyphy/ptII/ptolemy/actor/lib/test/auto/MatrixCropDouble.xml
----------------- Instantiating /home/travis/build/icyphy/ptII/ptolemy/actor/lib/test/auto/MatrixCropDouble.xml
1 ms. Memory: 453632K Free: 399255K (88%)
----------------- Invoking toplevel() on ptolemy.moml.MoMLSimpleApplication@69641391
----------------- Done invoking toplevel() on ptolemy.moml.MoMLSimpleApplication@69641391
reloadAllAccessors: .MatrixCropDouble

===========================================================================================
----------------- testing Tue Aug 25 15:38:36 UTC 2020 /home/travis/build/icyphy/ptII/ptolemy/actor/lib/test/auto/MatrixCropFix.xml
----------------- Instantiating /home/travis/build/icyphy/ptII/ptolemy/actor/lib/test/auto/MatrixCropFix.xml
2 ms. Memory: 453632K Free: 394127K (87%)
----------------- Invoking toplevel() on ptolemy.moml.MoMLSimpleApplication@20c37b99
----------------- Done invoking toplevel() on ptolemy.moml.MoMLSimpleApplication@20c37b99
reloadAllAccessors: .MatrixCropFix

===========================================================================================
----------------- testing Tue Aug 25 15:38:36 UTC 2020 /home/travis/build/icyphy/ptII/ptolemy/actor/lib/test/auto/MatrixCropInt.xml
----------------- Instantiating /home/travis/build/icyphy/ptII/ptolemy/actor/lib/test/auto/MatrixCropInt.xml
2 ms. Memory: 453632K Free: 389007K (86%)
----------------- Invoking toplevel() on ptolemy.moml.MoMLSimpleApplication@5a153d9b
----------------- Done invoking toplevel() on ptolemy.moml.MoMLSimpleApplication@5a153d9b
reloadAllAccessors: .MatrixCropInt

===========================================================================================
----------------- testing Tue Aug 25 15:38:36 UTC 2020 /home/travis/build/icyphy/ptII/ptolemy/actor/lib/test/auto/MatrixCropLong.xml
----------------- Instantiating /home/travis/build/icyphy/ptII/ptolemy/actor/lib/test/auto/MatrixCropLong.xml
2 ms. Memory: 453632K Free: 383871K (85%)
----------------- Invoking toplevel() on ptolemy.moml.MoMLSimpleApplication@57ab78e5
----------------- Done invoking toplevel() on ptolemy.moml.MoMLSimpleApplication@57ab78e5
reloadAllAccessors: .MatrixCropLong

===========================================================================================
----------------- testing Tue Aug 25 15:38:36 UTC 2020 /home/travis/build/icyphy/ptII/ptolemy/actor/lib/test/auto/MatrixToArray.xml
----------------- Instantiating /home/travis/build/icyphy/ptII/ptolemy/actor/lib/test/auto/MatrixToArray.xml
12 ms. Memory: 453632K Free: 368541K (81%)
----------------- Invoking toplevel() on ptolemy.moml.MoMLSimpleApplication@4122b2bd
----------------- Done invoking toplevel() on ptolemy.moml.MoMLSimpleApplication@4122b2bd
reloadAllAccessors: .MatrixToArray

===========================================================================================
----------------- testing Tue Aug 25 15:38:36 UTC 2020 /home/travis/build/icyphy/ptII/ptolemy/actor/lib/test/auto/MaxIndex.xml
----------------- Instantiating /home/travis/build/icyphy/ptII/ptolemy/actor/lib/test/auto/MaxIndex.xml
2 ms. Memory: 453632K Free: 363421K (80%)
----------------- Invoking toplevel() on ptolemy.moml.MoMLSimpleApplication@4e436ac5
----------------- Done invoking toplevel() on ptolemy.moml.MoMLSimpleApplication@4e436ac5
reloadAllAccessors: .MaxIndex

===========================================================================================
----------------- testing Tue Aug 25 15:38:36 UTC 2020 /home/travis/build/icyphy/ptII/ptolemy/actor/lib/test/auto/Maximum.xml
----------------- Instantiating /home/travis/build/icyphy/ptII/ptolemy/actor/lib/test/auto/Maximum.xml
2 ms. Memory: 453632K Free: 356767K (79%)
----------------- Invoking toplevel() on ptolemy.moml.MoMLSimpleApplication@5df73ad3
----------------- Done invoking toplevel() on ptolemy.moml.MoMLSimpleApplication@5df73ad3
reloadAllAccessors: .Maximum

===========================================================================================
----------------- testing Tue Aug 25 15:38:36 UTC 2020 /home/travis/build/icyphy/ptII/ptolemy/actor/lib/test/auto/MaximumComplex.xml
----------------- Instantiating /home/travis/build/icyphy/ptII/ptolemy/actor/lib/test/auto/MaximumComplex.xml
4 ms. Memory: 453632K Free: 350623K (77%)
----------------- Invoking toplevel() on ptolemy.moml.MoMLSimpleApplication@18c69d6a
----------------- Done invoking toplevel() on ptolemy.moml.MoMLSimpleApplication@18c69d6a
reloadAllAccessors: .MaximumComplex

===========================================================================================
----------------- testing Tue Aug 25 15:38:36 UTC 2020 /home/travis/build/icyphy/ptII/ptolemy/actor/lib/test/auto/MethodCallTest.xml
----------------- Instantiating /home/travis/build/icyphy/ptII/ptolemy/actor/lib/test/auto/MethodCallTest.xml
3 ms. Memory: 453632K Free: 343965K (76%)
----------------- Invoking toplevel() on ptolemy.moml.MoMLSimpleApplication@5690f9cb
----------------- Done invoking toplevel() on ptolemy.moml.MoMLSimpleApplication@5690f9cb
reloadAllAccessors: .MethodCallTest

===========================================================================================
----------------- testing Tue Aug 25 15:38:36 UTC 2020 /home/travis/build/icyphy/ptII/ptolemy/actor/lib/test/auto/Minimum.xml
----------------- Instantiating /home/travis/build/icyphy/ptII/ptolemy/actor/lib/test/auto/Minimum.xml
3 ms. Memory: 453632K Free: 337311K (74%)
----------------- Invoking toplevel() on ptolemy.moml.MoMLSimpleApplication@cfea4f4
----------------- Done invoking toplevel() on ptolemy.moml.MoMLSimpleApplication@cfea4f4
reloadAllAccessors: .Minimum

===========================================================================================
----------------- testing Tue Aug 25 15:38:36 UTC 2020 /home/travis/build/icyphy/ptII/ptolemy/actor/lib/test/auto/MinimumComplex.xml
----------------- Instantiating /home/travis/build/icyphy/ptII/ptolemy/actor/lib/test/auto/MinimumComplex.xml
3 ms. Memory: 453632K Free: 331167K (73%)
----------------- Invoking toplevel() on ptolemy.moml.MoMLSimpleApplication@7c89405c
----------------- Done invoking toplevel() on ptolemy.moml.MoMLSimpleApplication@7c89405c
reloadAllAccessors: .MinimumComplex

===========================================================================================
----------------- testing Tue Aug 25 15:38:36 UTC 2020 /home/travis/build/icyphy/ptII/ptolemy/actor/lib/test/auto/MinimumMultiports.xml
----------------- Instantiating /home/travis/build/icyphy/ptII/ptolemy/actor/lib/test/auto/MinimumMultiports.xml
4 ms. Memory: 453632K Free: 322447K (71%)
----------------- Invoking toplevel() on ptolemy.moml.MoMLSimpleApplication@37d9d7ee
----------------- Done invoking toplevel() on ptolemy.moml.MoMLSimpleApplication@37d9d7ee
reloadAllAccessors: .MinimumMultiports

===========================================================================================
----------------- testing Tue Aug 25 15:38:36 UTC 2020 /home/travis/build/icyphy/ptII/ptolemy/actor/lib/test/auto/ModifyDate.xml
----------------- Instantiating /home/travis/build/icyphy/ptII/ptolemy/actor/lib/test/auto/ModifyDate.xml
8 ms. Memory: 453632K Free: 309663K (68%)
----------------- Invoking toplevel() on ptolemy.moml.MoMLSimpleApplication@3b8799c5
----------------- Done invoking toplevel() on ptolemy.moml.MoMLSimpleApplication@3b8799c5
reloadAllAccessors: .ModifyDate

===========================================================================================
----------------- testing Tue Aug 25 15:38:36 UTC 2020 /home/travis/build/icyphy/ptII/ptolemy/actor/lib/test/auto/ModifyDate2.xml
----------------- Instantiating /home/travis/build/icyphy/ptII/ptolemy/actor/lib/test/auto/ModifyDate2.xml
8 ms. Memory: 453632K Free: 300957K (66%)
----------------- Invoking toplevel() on ptolemy.moml.MoMLSimpleApplication@7aa5aa19
----------------- Done invoking toplevel() on ptolemy.moml.MoMLSimpleApplication@7aa5aa19
reloadAllAccessors: .ModifyDate2

===========================================================================================
----------------- testing Tue Aug 25 15:38:36 UTC 2020 /home/travis/build/icyphy/ptII/ptolemy/actor/lib/test/auto/MovingAverage.xml
----------------- Instantiating /home/travis/build/icyphy/ptII/ptolemy/actor/lib/test/auto/MovingAverage.xml
10 ms. Memory: 453632K Free: 295837K (65%)
----------------- Invoking toplevel() on ptolemy.moml.MoMLSimpleApplication@2c0c1771
----------------- Done invoking toplevel() on ptolemy.moml.MoMLSimpleApplication@2c0c1771
reloadAllAccessors: .MovingAverage

===========================================================================================
----------------- testing Tue Aug 25 15:38:36 UTC 2020 /home/travis/build/icyphy/ptII/ptolemy/actor/lib/test/auto/MovingMaximum.xml
----------------- Instantiating /home/travis/build/icyphy/ptII/ptolemy/actor/lib/test/auto/MovingMaximum.xml
2 ms. Memory: 453632K Free: 291231K (64%)
----------------- Invoking toplevel() on ptolemy.moml.MoMLSimpleApplication@ed21666
----------------- Done invoking toplevel() on ptolemy.moml.MoMLSimpleApplication@ed21666
reloadAllAccessors: .MovingMaximum

===========================================================================================
----------------- testing Tue Aug 25 15:38:36 UTC 2020 /home/travis/build/icyphy/ptII/ptolemy/actor/lib/test/auto/MultipleLinksToSameRelation.xml
----------------- Instantiating /home/travis/build/icyphy/ptII/ptolemy/actor/lib/test/auto/MultipleLinksToSameRelation.xml
3 ms. Memory: 453632K Free: 287135K (63%)
----------------- Invoking toplevel() on ptolemy.moml.MoMLSimpleApplication@1a8b510e
----------------- Done invoking toplevel() on ptolemy.moml.MoMLSimpleApplication@1a8b510e
reloadAllAccessors: .MultipleLinksToSameRelation

===========================================================================================
----------------- testing Tue Aug 25 15:38:36 UTC 2020 /home/travis/build/icyphy/ptII/ptolemy/actor/lib/test/auto/MultipleLinksToSameRelationDE.xml
----------------- Instantiating /home/travis/build/icyphy/ptII/ptolemy/actor/lib/test/auto/MultipleLinksToSameRelationDE.xml
4 ms. Memory: 453632K Free: 282495K (62%)
----------------- Invoking toplevel() on ptolemy.moml.MoMLSimpleApplication@2e389fa1
----------------- Done invoking toplevel() on ptolemy.moml.MoMLSimpleApplication@2e389fa1
reloadAllAccessors: .MultipleLinksToSameRelationDE

===========================================================================================
----------------- testing Tue Aug 25 15:38:36 UTC 2020 /home/travis/build/icyphy/ptII/ptolemy/actor/lib/test/auto/Multiplexor.xml
----------------- Instantiating /home/travis/build/icyphy/ptII/ptolemy/actor/lib/test/auto/Multiplexor.xml
1 ms. Memory: 453632K Free: 276895K (61%)
----------------- Invoking toplevel() on ptolemy.moml.MoMLSimpleApplication@9955b73
----------------- Done invoking toplevel() on ptolemy.moml.MoMLSimpleApplication@9955b73
reloadAllAccessors: .Multiplexor

===========================================================================================
----------------- testing Tue Aug 25 15:38:37 UTC 2020 /home/travis/build/icyphy/ptII/ptolemy/actor/lib/test/auto/Multiplexor1.xml
----------------- Instantiating /home/travis/build/icyphy/ptII/ptolemy/actor/lib/test/auto/Multiplexor1.xml
1 ms. Memory: 453632K Free: 271255K (60%)
----------------- Invoking toplevel() on ptolemy.moml.MoMLSimpleApplication@500f4c3
----------------- Done invoking toplevel() on ptolemy.moml.MoMLSimpleApplication@500f4c3
reloadAllAccessors: .Multiplexor1

===========================================================================================
----------------- testing Tue Aug 25 15:38:37 UTC 2020 /home/travis/build/icyphy/ptII/ptolemy/actor/lib/test/auto/Multiplexor2.xml
----------------- Instantiating /home/travis/build/icyphy/ptII/ptolemy/actor/lib/test/auto/Multiplexor2.xml
2 ms. Memory: 453632K Free: 264607K (58%)
----------------- Invoking toplevel() on ptolemy.moml.MoMLSimpleApplication@72ba23a2
----------------- Done invoking toplevel() on ptolemy.moml.MoMLSimpleApplication@72ba23a2
reloadAllAccessors: .Multiplexor2

===========================================================================================
----------------- testing Tue Aug 25 15:38:37 UTC 2020 /home/travis/build/icyphy/ptII/ptolemy/actor/lib/test/auto/Multiplexor3.xml
----------------- Instantiating /home/travis/build/icyphy/ptII/ptolemy/actor/lib/test/auto/Multiplexor3.xml
1 ms. Memory: 453632K Free: 259997K (57%)
----------------- Invoking toplevel() on ptolemy.moml.MoMLSimpleApplication@5b1fc116
----------------- Done invoking toplevel() on ptolemy.moml.MoMLSimpleApplication@5b1fc116
reloadAllAccessors: .Multiplexor3

===========================================================================================
----------------- testing Tue Aug 25 15:38:37 UTC 2020 /home/travis/build/icyphy/ptII/ptolemy/actor/lib/test/auto/MultiplexorDE.xml
----------------- Instantiating /home/travis/build/icyphy/ptII/ptolemy/actor/lib/test/auto/MultiplexorDE.xml
2 ms. Memory: 453632K Free: 252319K (56%)
----------------- Invoking toplevel() on ptolemy.moml.MoMLSimpleApplication@3246e4de
----------------- Done invoking toplevel() on ptolemy.moml.MoMLSimpleApplication@3246e4de
reloadAllAccessors: .MultiplexorDE

===========================================================================================
----------------- testing Tue Aug 25 15:38:37 UTC 2020 /home/travis/build/icyphy/ptII/ptolemy/actor/lib/test/auto/MultiportBroadcastTest.xml
----------------- Instantiating /home/travis/build/icyphy/ptII/ptolemy/actor/lib/test/auto/MultiportBroadcastTest.xml
92 ms. Memory: 453632K Free: 246175K (54%)
----------------- Invoking toplevel() on ptolemy.moml.MoMLSimpleApplication@1649369c
----------------- Done invoking toplevel() on ptolemy.moml.MoMLSimpleApplication@1649369c
reloadAllAccessors: .MultiportBroadcastTest

===========================================================================================
----------------- testing Tue Aug 25 15:38:37 UTC 2020 /home/travis/build/icyphy/ptII/ptolemy/actor/lib/test/auto/MultiportOutHangDuringGetWidth.xml
----------------- Instantiating /home/travis/build/icyphy/ptII/ptolemy/actor/lib/test/auto/MultiportOutHangDuringGetWidth.xml
6 ms. Memory: 453632K Free: 233887K (52%)
----------------- Invoking toplevel() on ptolemy.moml.MoMLSimpleApplication@4dbb25cc
----------------- Done invoking toplevel() on ptolemy.moml.MoMLSimpleApplication@4dbb25cc
reloadAllAccessors: .MultiportOutHangDuringGetWidth

===========================================================================================
----------------- testing Tue Aug 25 15:38:37 UTC 2020 /home/travis/build/icyphy/ptII/ptolemy/actor/lib/test/auto/NilToken.xml
----------------- Instantiating /home/travis/build/icyphy/ptII/ptolemy/actor/lib/test/auto/NilToken.xml
1 ms. Memory: 453632K Free: 229791K (51%)
----------------- Invoking toplevel() on ptolemy.moml.MoMLSimpleApplication@6025416
----------------- Done invoking toplevel() on ptolemy.moml.MoMLSimpleApplication@6025416
reloadAllAccessors: .NilToken

===========================================================================================
----------------- testing Tue Aug 25 15:38:37 UTC 2020 /home/travis/build/icyphy/ptII/ptolemy/actor/lib/test/auto/NilTokenNonStrictTest.xml
----------------- Instantiating /home/travis/build/icyphy/ptII/ptolemy/actor/lib/test/auto/NilTokenNonStrictTest.xml
2 ms. Memory: 453632K Free: 225181K (50%)
----------------- Invoking toplevel() on ptolemy.moml.MoMLSimpleApplication@3a5a5865
----------------- Done invoking toplevel() on ptolemy.moml.MoMLSimpleApplication@3a5a5865
reloadAllAccessors: .NilTokenNonStrictTest

===========================================================================================
----------------- testing Tue Aug 25 15:38:37 UTC 2020 /home/travis/build/icyphy/ptII/ptolemy/actor/lib/test/auto/NilTokenRecord.xml
----------------- Instantiating /home/travis/build/icyphy/ptII/ptolemy/actor/lib/test/auto/NilTokenRecord.xml
5 ms. Memory: 453632K Free: 218527K (48%)
----------------- Invoking toplevel() on ptolemy.moml.MoMLSimpleApplication@5b343279
----------------- Done invoking toplevel() on ptolemy.moml.MoMLSimpleApplication@5b343279
reloadAllAccessors: .NilTokenRecord

===========================================================================================
----------------- testing Tue Aug 25 15:38:37 UTC 2020 /home/travis/build/icyphy/ptII/ptolemy/actor/lib/test/auto/NilTokenTypeTest.xml
----------------- Instantiating /home/travis/build/icyphy/ptII/ptolemy/actor/lib/test/auto/NilTokenTypeTest.xml
11 ms. Memory: 453632K Free: 208797K (46%)
----------------- Invoking toplevel() on ptolemy.moml.MoMLSimpleApplication@56b50768
----------------- Done invoking toplevel() on ptolemy.moml.MoMLSimpleApplication@56b50768
reloadAllAccessors: .NilTokenTypeTest

===========================================================================================
----------------- testing Tue Aug 25 15:38:37 UTC 2020 /home/travis/build/icyphy/ptII/ptolemy/actor/lib/test/auto/ObjectToken1.xml
----------------- Instantiating /home/travis/build/icyphy/ptII/ptolemy/actor/lib/test/auto/ObjectToken1.xml
3 ms. Memory: 453632K Free: 204701K (45%)
----------------- Invoking toplevel() on ptolemy.moml.MoMLSimpleApplication@182a3f57
----------------- Done invoking toplevel() on ptolemy.moml.MoMLSimpleApplication@182a3f57
reloadAllAccessors: .ObjectToken1

===========================================================================================
----------------- testing Tue Aug 25 15:38:37 UTC 2020 /home/travis/build/icyphy/ptII/ptolemy/actor/lib/test/auto/OrderedMerge.xml
----------------- Instantiating /home/travis/build/icyphy/ptII/ptolemy/actor/lib/test/auto/OrderedMerge.xml
14 ms. Memory: 453632K Free: 199071K (44%)
----------------- Invoking toplevel() on ptolemy.moml.MoMLSimpleApplication@3fe605fd
----------------- Done invoking toplevel() on ptolemy.moml.MoMLSimpleApplication@3fe605fd
reloadAllAccessors: .OrderedMerge

===========================================================================================
----------------- testing Tue Aug 25 15:38:37 UTC 2020 /home/travis/build/icyphy/ptII/ptolemy/actor/lib/test/auto/OrderedRecordDisassembler.xml
----------------- Instantiating /home/travis/build/icyphy/ptII/ptolemy/actor/lib/test/auto/OrderedRecordDisassembler.xml
2 ms. Memory: 453632K Free: 193951K (43%)
----------------- Invoking toplevel() on ptolemy.moml.MoMLSimpleApplication@505c03be
----------------- Done invoking toplevel() on ptolemy.moml.MoMLSimpleApplication@505c03be
reloadAllAccessors: .OrderedRecordDisassembler

===========================================================================================
----------------- testing Tue Aug 25 15:38:37 UTC 2020 /home/travis/build/icyphy/ptII/ptolemy/actor/lib/test/auto/OrderedRecordDisassembler2.xml
----------------- Instantiating /home/travis/build/icyphy/ptII/ptolemy/actor/lib/test/auto/OrderedRecordDisassembler2.xml
4 ms. Memory: 453632K Free: 186269K (41%)
----------------- Invoking toplevel() on ptolemy.moml.MoMLSimpleApplication@4eaa4f91
----------------- Done invoking toplevel() on ptolemy.moml.MoMLSimpleApplication@4eaa4f91
reloadAllAccessors: .OrderedRecordDisassembler2

===========================================================================================
----------------- testing Tue Aug 25 15:38:37 UTC 2020 /home/travis/build/icyphy/ptII/ptolemy/actor/lib/test/auto/OrderedRecordUpdater.xml
----------------- Instantiating /home/travis/build/icyphy/ptII/ptolemy/actor/lib/test/auto/OrderedRecordUpdater.xml
1 ms. Memory: 453632K Free: 181663K (40%)
----------------- Invoking toplevel() on ptolemy.moml.MoMLSimpleApplication@2c607d06
----------------- Done invoking toplevel() on ptolemy.moml.MoMLSimpleApplication@2c607d06
reloadAllAccessors: .RecordUpdater

===========================================================================================
----------------- testing Tue Aug 25 15:38:37 UTC 2020 /home/travis/build/icyphy/ptII/ptolemy/actor/lib/test/auto/OrderedRecordUpdater2.xml
----------------- Instantiating /home/travis/build/icyphy/ptII/ptolemy/actor/lib/test/auto/OrderedRecordUpdater2.xml
3 ms. Memory: 453632K Free: 177053K (39%)
----------------- Invoking toplevel() on ptolemy.moml.MoMLSimpleApplication@7b9213f0
----------------- Done invoking toplevel() on ptolemy.moml.MoMLSimpleApplication@7b9213f0
reloadAllAccessors: .RecordUpdater2

===========================================================================================
----------------- testing Tue Aug 25 15:38:37 UTC 2020 /home/travis/build/icyphy/ptII/ptolemy/actor/lib/test/auto/PhaseUnwrap.xml
----------------- Instantiating /home/travis/build/icyphy/ptII/ptolemy/actor/lib/test/auto/PhaseUnwrap.xml
2 ms. Memory: 453632K Free: 172447K (38%)
----------------- Invoking toplevel() on ptolemy.moml.MoMLSimpleApplication@3e14eea
----------------- Done invoking toplevel() on ptolemy.moml.MoMLSimpleApplication@3e14eea
reloadAllAccessors: .PhaseUnwrap

===========================================================================================
----------------- testing Tue Aug 25 15:38:37 UTC 2020 /home/travis/build/icyphy/ptII/ptolemy/actor/lib/test/auto/PoissonClock.xml
----------------- Instantiating /home/travis/build/icyphy/ptII/ptolemy/actor/lib/test/auto/PoissonClock.xml
2 ms. Memory: 453632K Free: 168351K (37%)
----------------- Invoking toplevel() on ptolemy.moml.MoMLSimpleApplication@386914c9
----------------- Done invoking toplevel() on ptolemy.moml.MoMLSimpleApplication@386914c9
reloadAllAccessors: .PoissonClock

===========================================================================================
----------------- testing Tue Aug 25 15:38:37 UTC 2020 /home/travis/build/icyphy/ptII/ptolemy/actor/lib/test/auto/PoissonClock2.xml
----------------- Instantiating /home/travis/build/icyphy/ptII/ptolemy/actor/lib/test/auto/PoissonClock2.xml
2 ms. Memory: 453632K Free: 163741K (36%)
----------------- Invoking toplevel() on ptolemy.moml.MoMLSimpleApplication@72b486d0
----------------- Done invoking toplevel() on ptolemy.moml.MoMLSimpleApplication@72b486d0
reloadAllAccessors: .PoissonClock2

===========================================================================================
----------------- testing Tue Aug 25 15:38:37 UTC 2020 /home/travis/build/icyphy/ptII/ptolemy/actor/lib/test/auto/PoissonClock3.xml
----------------- Instantiating /home/travis/build/icyphy/ptII/ptolemy/actor/lib/test/auto/PoissonClock3.xml
1 ms. Memory: 453632K Free: 158621K (35%)
----------------- Invoking toplevel() on ptolemy.moml.MoMLSimpleApplication@2e6d8ab3
----------------- Done invoking toplevel() on ptolemy.moml.MoMLSimpleApplication@2e6d8ab3
reloadAllAccessors: .PoissonClock3

===========================================================================================
----------------- testing Tue Aug 25 15:38:37 UTC 2020 /home/travis/build/icyphy/ptII/ptolemy/actor/lib/test/auto/PubSubWithInitialTokens.xml
----------------- Instantiating /home/travis/build/icyphy/ptII/ptolemy/actor/lib/test/auto/PubSubWithInitialTokens.xml
2 ms. Memory: 453632K Free: 152991K (34%)
----------------- Invoking toplevel() on ptolemy.moml.MoMLSimpleApplication@487a31f5
----------------- Done invoking toplevel() on ptolemy.moml.MoMLSimpleApplication@487a31f5
reloadAllAccessors: .PubSubWithInitialTokens

===========================================================================================
----------------- testing Tue Aug 25 15:38:37 UTC 2020 /home/travis/build/icyphy/ptII/ptolemy/actor/lib/test/auto/PubSubWithInitialTokens2.xml
----------------- Instantiating /home/travis/build/icyphy/ptII/ptolemy/actor/lib/test/auto/PubSubWithInitialTokens2.xml
2 ms. Memory: 453632K Free: 146847K (32%)
----------------- Invoking toplevel() on ptolemy.moml.MoMLSimpleApplication@38603514
----------------- Done invoking toplevel() on ptolemy.moml.MoMLSimpleApplication@38603514
reloadAllAccessors: .PubSubWithInitialTokens2

===========================================================================================
----------------- testing Tue Aug 25 15:38:37 UTC 2020 /home/travis/build/icyphy/ptII/ptolemy/actor/lib/test/auto/PublisherClassNoParameter.xml
----------------- Instantiating /home/travis/build/icyphy/ptII/ptolemy/actor/lib/test/auto/PublisherClassNoParameter.xml
3 ms. Memory: 453632K Free: 137117K (30%)
----------------- Invoking toplevel() on ptolemy.moml.MoMLSimpleApplication@62608d60
----------------- Done invoking toplevel() on ptolemy.moml.MoMLSimpleApplication@62608d60
reloadAllAccessors: .PublisherClassNoParameter

===========================================================================================
----------------- testing Tue Aug 25 15:38:37 UTC 2020 /home/travis/build/icyphy/ptII/ptolemy/actor/lib/test/auto/PublisherClassParameter.xml
----------------- Instantiating /home/travis/build/icyphy/ptII/ptolemy/actor/lib/test/auto/PublisherClassParameter.xml
3 ms. Memory: 453632K Free: 394137K (87%)
----------------- Invoking toplevel() on ptolemy.moml.MoMLSimpleApplication@8afc647
----------------- Done invoking toplevel() on ptolemy.moml.MoMLSimpleApplication@8afc647
reloadAllAccessors: .PublisherClassParameter

===========================================================================================
----------------- testing Tue Aug 25 15:38:37 UTC 2020 /home/travis/build/icyphy/ptII/ptolemy/actor/lib/test/auto/PublisherNonStrictTest.xml
----------------- Instantiating /home/travis/build/icyphy/ptII/ptolemy/actor/lib/test/auto/PublisherNonStrictTest.xml
6 ms. Memory: 453632K Free: 385953K (85%)
----------------- Invoking toplevel() on ptolemy.moml.MoMLSimpleApplication@10ef5be4
----------------- Done invoking toplevel() on ptolemy.moml.MoMLSimpleApplication@10ef5be4
reloadAllAccessors: .PublisherNonStrictTest

===========================================================================================
----------------- testing Tue Aug 25 15:38:37 UTC 2020 /home/travis/build/icyphy/ptII/ptolemy/actor/lib/test/auto/PublisherPort1.xml
----------------- Instantiating /home/travis/build/icyphy/ptII/ptolemy/actor/lib/test/auto/PublisherPort1.xml
11 ms. Memory: 453632K Free: 380329K (84%)
----------------- Invoking toplevel() on ptolemy.moml.MoMLSimpleApplication@5d0baf2f
----------------- Done invoking toplevel() on ptolemy.moml.MoMLSimpleApplication@5d0baf2f
reloadAllAccessors: .PublisherPort1

===========================================================================================
----------------- testing Tue Aug 25 15:38:37 UTC 2020 /home/travis/build/icyphy/ptII/ptolemy/actor/lib/test/auto/PublisherPort2.xml
----------------- Instantiating /home/travis/build/icyphy/ptII/ptolemy/actor/lib/test/auto/PublisherPort2.xml
2 ms. Memory: 453632K Free: 375209K (83%)
----------------- Invoking toplevel() on ptolemy.moml.MoMLSimpleApplication@535be912
----------------- Done invoking toplevel() on ptolemy.moml.MoMLSimpleApplication@535be912
reloadAllAccessors: .PublisherPort2

===========================================================================================
----------------- testing Tue Aug 25 15:38:37 UTC 2020 /home/travis/build/icyphy/ptII/ptolemy/actor/lib/test/auto/PublisherPort3.xml
----------------- Instantiating /home/travis/build/icyphy/ptII/ptolemy/actor/lib/test/auto/PublisherPort3.xml
2 ms. Memory: 453632K Free: 368521K (81%)
----------------- Invoking toplevel() on ptolemy.moml.MoMLSimpleApplication@6ab26733
----------------- Done invoking toplevel() on ptolemy.moml.MoMLSimpleApplication@6ab26733
reloadAllAccessors: .PublisherPort3

===========================================================================================
----------------- testing Tue Aug 25 15:38:37 UTC 2020 /home/travis/build/icyphy/ptII/ptolemy/actor/lib/test/auto/PublisherPort4.xml
----------------- Instantiating /home/travis/build/icyphy/ptII/ptolemy/actor/lib/test/auto/PublisherPort4.xml
2 ms. Memory: 453632K Free: 362921K (80%)
----------------- Invoking toplevel() on ptolemy.moml.MoMLSimpleApplication@2187d469
----------------- Done invoking toplevel() on ptolemy.moml.MoMLSimpleApplication@2187d469
reloadAllAccessors: .PublisherPort4

===========================================================================================
----------------- testing Tue Aug 25 15:38:37 UTC 2020 /home/travis/build/icyphy/ptII/ptolemy/actor/lib/test/auto/PublisherPort5.xml
----------------- Instantiating /home/travis/build/icyphy/ptII/ptolemy/actor/lib/test/auto/PublisherPort5.xml
3 ms. Memory: 453632K Free: 355239K (78%)
----------------- Invoking toplevel() on ptolemy.moml.MoMLSimpleApplication@79515019
----------------- Done invoking toplevel() on ptolemy.moml.MoMLSimpleApplication@79515019
reloadAllAccessors: .PublisherPort5

===========================================================================================
----------------- testing Tue Aug 25 15:38:37 UTC 2020 /home/travis/build/icyphy/ptII/ptolemy/actor/lib/test/auto/PublisherPort5LookAlike.xml
----------------- Instantiating /home/travis/build/icyphy/ptII/ptolemy/actor/lib/test/auto/PublisherPort5LookAlike.xml
7 ms. Memory: 453632K Free: 347561K (77%)
----------------- Invoking toplevel() on ptolemy.moml.MoMLSimpleApplication@12ce52b3
----------------- Done invoking toplevel() on ptolemy.moml.MoMLSimpleApplication@12ce52b3
reloadAllAccessors: .PublisherPort5LookAlike

===========================================================================================
----------------- testing Tue Aug 25 15:38:37 UTC 2020 /home/travis/build/icyphy/ptII/ptolemy/actor/lib/test/auto/PublisherPort6.xml
----------------- Instantiating /home/travis/build/icyphy/ptII/ptolemy/actor/lib/test/auto/PublisherPort6.xml
2 ms. Memory: 453632K Free: 340889K (75%)
----------------- Invoking toplevel() on ptolemy.moml.MoMLSimpleApplication@763efa3
----------------- Done invoking toplevel() on ptolemy.moml.MoMLSimpleApplication@763efa3
reloadAllAccessors: .PublisherPort6

===========================================================================================
----------------- testing Tue Aug 25 15:38:37 UTC 2020 /home/travis/build/icyphy/ptII/ptolemy/actor/lib/test/auto/PublisherPort7.xml
----------------- Instantiating /home/travis/build/icyphy/ptII/ptolemy/actor/lib/test/auto/PublisherPort7.xml
3 ms. Memory: 453632K Free: 332711K (73%)
----------------- Invoking toplevel() on ptolemy.moml.MoMLSimpleApplication@36d41f0d
----------------- Done invoking toplevel() on ptolemy.moml.MoMLSimpleApplication@36d41f0d
reloadAllAccessors: .PublisherPort7

===========================================================================================
----------------- testing Tue Aug 25 15:38:37 UTC 2020 /home/travis/build/icyphy/ptII/ptolemy/actor/lib/test/auto/PublisherPort8.xml
----------------- Instantiating /home/travis/build/icyphy/ptII/ptolemy/actor/lib/test/auto/PublisherPort8.xml
4 ms. Memory: 453632K Free: 324009K (71%)
----------------- Invoking toplevel() on ptolemy.moml.MoMLSimpleApplication@3cc00870
----------------- Done invoking toplevel() on ptolemy.moml.MoMLSimpleApplication@3cc00870
reloadAllAccessors: .PublisherPort8

===========================================================================================
----------------- testing Tue Aug 25 15:38:37 UTC 2020 /home/travis/build/icyphy/ptII/ptolemy/actor/lib/test/auto/PublisherPortSubscriberChannelVariablesAOC2.xml
----------------- Instantiating /home/travis/build/icyphy/ptII/ptolemy/actor/lib/test/auto/PublisherPortSubscriberChannelVariablesAOC2.xml
3 ms. Memory: 453632K Free: 306087K (67%)
----------------- Invoking toplevel() on ptolemy.moml.MoMLSimpleApplication@1e132625
----------------- Done invoking toplevel() on ptolemy.moml.MoMLSimpleApplication@1e132625
reloadAllAccessors: .PublisherPortSubscriberChannelVariablesAOC2

===========================================================================================
----------------- testing Tue Aug 25 15:38:37 UTC 2020 /home/travis/build/icyphy/ptII/ptolemy/actor/lib/test/auto/PublisherPortSubscriberOpaqueWidthInference.xml
----------------- Instantiating /home/travis/build/icyphy/ptII/ptolemy/actor/lib/test/auto/PublisherPortSubscriberOpaqueWidthInference.xml
3 ms. Memory: 453632K Free: 298409K (66%)
----------------- Invoking toplevel() on ptolemy.moml.MoMLSimpleApplication@34a1fd57
----------------- Done invoking toplevel() on ptolemy.moml.MoMLSimpleApplication@34a1fd57
reloadAllAccessors: .PublisherPortSubscriberOpaqueWidthInference

===========================================================================================
----------------- testing Tue Aug 25 15:38:37 UTC 2020 /home/travis/build/icyphy/ptII/ptolemy/actor/lib/test/auto/PublisherPortSubscriberPortAdjacent.xml
----------------- Instantiating /home/travis/build/icyphy/ptII/ptolemy/actor/lib/test/auto/PublisherPortSubscriberPortAdjacent.xml
1 ms. Memory: 453632K Free: 290217K (64%)
----------------- Invoking toplevel() on ptolemy.moml.MoMLSimpleApplication@4907c95c
----------------- Done invoking toplevel() on ptolemy.moml.MoMLSimpleApplication@4907c95c
reloadAllAccessors: .PublisherPortSubscriberPortAdjacent

===========================================================================================
----------------- testing Tue Aug 25 15:38:37 UTC 2020 /home/travis/build/icyphy/ptII/ptolemy/actor/lib/test/auto/PublisherPortSubscriberPortExpression.xml
----------------- Instantiating /home/travis/build/icyphy/ptII/ptolemy/actor/lib/test/auto/PublisherPortSubscriberPortExpression.xml
10 ms. Memory: 453632K Free: 282521K (62%)
----------------- Invoking toplevel() on ptolemy.moml.MoMLSimpleApplication@20c201e9
----------------- Done invoking toplevel() on ptolemy.moml.MoMLSimpleApplication@20c201e9
reloadAllAccessors: .PublisherPortSubscriberPortExpression

===========================================================================================
----------------- testing Tue Aug 25 15:38:37 UTC 2020 /home/travis/build/icyphy/ptII/ptolemy/actor/lib/test/auto/PublisherPortSubscriberPortOpaqueD3Reverse.xml
----------------- Instantiating /home/travis/build/icyphy/ptII/ptolemy/actor/lib/test/auto/PublisherPortSubscriberPortOpaqueD3Reverse.xml
9 ms. Memory: 453632K Free: 272295K (60%)
----------------- Invoking toplevel() on ptolemy.moml.MoMLSimpleApplication@1401ba50
----------------- Done invoking toplevel() on ptolemy.moml.MoMLSimpleApplication@1401ba50
reloadAllAccessors: .PublisherPortSubscriberPortOpaqueD3Reverse

===========================================================================================
----------------- testing Tue Aug 25 15:38:37 UTC 2020 /home/travis/build/icyphy/ptII/ptolemy/actor/lib/test/auto/PublisherPortSubscriberPortOpaqueWidthInference.xml
----------------- Instantiating /home/travis/build/icyphy/ptII/ptolemy/actor/lib/test/auto/PublisherPortSubscriberPortOpaqueWidthInference.xml
3 ms. Memory: 453632K Free: 264089K (58%)
----------------- Invoking toplevel() on ptolemy.moml.MoMLSimpleApplication@65a13dad
----------------- Done invoking toplevel() on ptolemy.moml.MoMLSimpleApplication@65a13dad
reloadAllAccessors: .PublisherPortSubscriberPortOpaqueWidthInference

===========================================================================================
----------------- testing Tue Aug 25 15:38:37 UTC 2020 /home/travis/build/icyphy/ptII/ptolemy/actor/lib/test/auto/PublisherPortToplevelSubscriberPortAOC.xml
----------------- Instantiating /home/travis/build/icyphy/ptII/ptolemy/actor/lib/test/auto/PublisherPortToplevelSubscriberPortAOC.xml
.PublisherPortToplevelSubscriberPortAOC.TestExceptionAttribute: initialize() was not invoked, but wrapup() was.  This is unusual, but not always a problem.  For example, exporting JNLP will do this.
1 ms. Memory: 453632K Free: 257959K (57%)
----------------- Invoking toplevel() on ptolemy.moml.MoMLSimpleApplication@37b958f4
----------------- Done invoking toplevel() on ptolemy.moml.MoMLSimpleApplication@37b958f4
reloadAllAccessors: .PublisherPortToplevelSubscriberPortAOC

===========================================================================================
----------------- testing Tue Aug 25 15:38:37 UTC 2020 /home/travis/build/icyphy/ptII/ptolemy/actor/lib/test/auto/PublisherSubscriber.xml
----------------- Instantiating /home/travis/build/icyphy/ptII/ptolemy/actor/lib/test/auto/PublisherSubscriber.xml
3 ms. Memory: 453632K Free: 250761K (55%)
----------------- Invoking toplevel() on ptolemy.moml.MoMLSimpleApplication@3d15efb
----------------- Done invoking toplevel() on ptolemy.moml.MoMLSimpleApplication@3d15efb
reloadAllAccessors: .PublisherSubscriber

===========================================================================================
----------------- testing Tue Aug 25 15:38:37 UTC 2020 /home/travis/build/icyphy/ptII/ptolemy/actor/lib/test/auto/PublisherSubscriber10.xml
----------------- Instantiating /home/travis/build/icyphy/ptII/ptolemy/actor/lib/test/auto/PublisherSubscriber10.xml
8 ms. Memory: 453632K Free: 241575K (53%)
----------------- Invoking toplevel() on ptolemy.moml.MoMLSimpleApplication@23117426
----------------- Done invoking toplevel() on ptolemy.moml.MoMLSimpleApplication@23117426
reloadAllAccessors: .PublisherSubscriber10

===========================================================================================
----------------- testing Tue Aug 25 15:38:38 UTC 2020 /home/travis/build/icyphy/ptII/ptolemy/actor/lib/test/auto/PublisherSubscriber10InitialOutputs.xml
----------------- Instantiating /home/travis/build/icyphy/ptII/ptolemy/actor/lib/test/auto/PublisherSubscriber10InitialOutputs.xml
14 ms. Memory: 453632K Free: 232359K (51%)
----------------- Invoking toplevel() on ptolemy.moml.MoMLSimpleApplication@105e6df7
----------------- Done invoking toplevel() on ptolemy.moml.MoMLSimpleApplication@105e6df7
reloadAllAccessors: .PublisherSubscriber10InitialOutputs

===========================================================================================
----------------- testing Tue Aug 25 15:38:38 UTC 2020 /home/travis/build/icyphy/ptII/ptolemy/actor/lib/test/auto/PublisherSubscriber11.xml
----------------- Instantiating /home/travis/build/icyphy/ptII/ptolemy/actor/lib/test/auto/PublisherSubscriber11.xml
2 ms. Memory: 453632K Free: 225705K (50%)
----------------- Invoking toplevel() on ptolemy.moml.MoMLSimpleApplication@3b788032
----------------- Done invoking toplevel() on ptolemy.moml.MoMLSimpleApplication@3b788032
reloadAllAccessors: .PublisherSubscriber11

===========================================================================================
----------------- testing Tue Aug 25 15:38:38 UTC 2020 /home/travis/build/icyphy/ptII/ptolemy/actor/lib/test/auto/PublisherSubscriber12.xml
----------------- Instantiating /home/travis/build/icyphy/ptII/ptolemy/actor/lib/test/auto/PublisherSubscriber12.xml
6 ms. Memory: 453632K Free: 218537K (48%)
----------------- Invoking toplevel() on ptolemy.moml.MoMLSimpleApplication@2763e51a
----------------- Done invoking toplevel() on ptolemy.moml.MoMLSimpleApplication@2763e51a
reloadAllAccessors: .PublisherSubscriber12

===========================================================================================
----------------- testing Tue Aug 25 15:38:38 UTC 2020 /home/travis/build/icyphy/ptII/ptolemy/actor/lib/test/auto/PublisherSubscriber13.xml
----------------- Instantiating /home/travis/build/icyphy/ptII/ptolemy/actor/lib/test/auto/PublisherSubscriber13.xml
2 ms. Memory: 453632K Free: 212393K (47%)
----------------- Invoking toplevel() on ptolemy.moml.MoMLSimpleApplication@2a007204
----------------- Done invoking toplevel() on ptolemy.moml.MoMLSimpleApplication@2a007204
reloadAllAccessors: .PublisherSubscriber13

===========================================================================================
----------------- testing Tue Aug 25 15:38:38 UTC 2020 /home/travis/build/icyphy/ptII/ptolemy/actor/lib/test/auto/PublisherSubscriber14.xml
----------------- Instantiating /home/travis/build/icyphy/ptII/ptolemy/actor/lib/test/auto/PublisherSubscriber14.xml
2 ms. Memory: 453632K Free: 203673K (45%)
----------------- Invoking toplevel() on ptolemy.moml.MoMLSimpleApplication@5d7a5fa
----------------- Done invoking toplevel() on ptolemy.moml.MoMLSimpleApplication@5d7a5fa
reloadAllAccessors: .PublisherSubscriber14

===========================================================================================
----------------- testing Tue Aug 25 15:38:38 UTC 2020 /home/travis/build/icyphy/ptII/ptolemy/actor/lib/test/auto/PublisherSubscriber2.xml
----------------- Instantiating /home/travis/build/icyphy/ptII/ptolemy/actor/lib/test/auto/PublisherSubscriber2.xml
3 ms. Memory: 453632K Free: 198057K (44%)
----------------- Invoking toplevel() on ptolemy.moml.MoMLSimpleApplication@5af2c2b6
----------------- Done invoking toplevel() on ptolemy.moml.MoMLSimpleApplication@5af2c2b6
reloadAllAccessors: .PublisherSubscriber2

===========================================================================================
----------------- testing Tue Aug 25 15:38:38 UTC 2020 /home/travis/build/icyphy/ptII/ptolemy/actor/lib/test/auto/PublisherSubscriber3.xml
----------------- Instantiating /home/travis/build/icyphy/ptII/ptolemy/actor/lib/test/auto/PublisherSubscriber3.xml
2 ms. Memory: 453632K Free: 192393K (42%)
----------------- Invoking toplevel() on ptolemy.moml.MoMLSimpleApplication@7f56e0c
----------------- Done invoking toplevel() on ptolemy.moml.MoMLSimpleApplication@7f56e0c
reloadAllAccessors: .PublisherSubscriber3

===========================================================================================
----------------- testing Tue Aug 25 15:38:38 UTC 2020 /home/travis/build/icyphy/ptII/ptolemy/actor/lib/test/auto/PublisherSubscriber4.xml
----------------- Instantiating /home/travis/build/icyphy/ptII/ptolemy/actor/lib/test/auto/PublisherSubscriber4.xml
2 ms. Memory: 453632K Free: 187273K (41%)
----------------- Invoking toplevel() on ptolemy.moml.MoMLSimpleApplication@6c8485a9
----------------- Done invoking toplevel() on ptolemy.moml.MoMLSimpleApplication@6c8485a9
reloadAllAccessors: .PublisherSubscriber4

===========================================================================================
----------------- testing Tue Aug 25 15:38:38 UTC 2020 /home/travis/build/icyphy/ptII/ptolemy/actor/lib/test/auto/PublisherSubscriber5.xml
----------------- Instantiating /home/travis/build/icyphy/ptII/ptolemy/actor/lib/test/auto/PublisherSubscriber5.xml
2 ms. Memory: 453632K Free: 180135K (40%)
----------------- Invoking toplevel() on ptolemy.moml.MoMLSimpleApplication@b64998d
----------------- Done invoking toplevel() on ptolemy.moml.MoMLSimpleApplication@b64998d
reloadAllAccessors: .PublisherSubscriber5

===========================================================================================
----------------- testing Tue Aug 25 15:38:38 UTC 2020 /home/travis/build/icyphy/ptII/ptolemy/actor/lib/test/auto/PublisherSubscriber6.xml
----------------- Instantiating /home/travis/build/icyphy/ptII/ptolemy/actor/lib/test/auto/PublisherSubscriber6.xml
4 ms. Memory: 453632K Free: 173481K (38%)
----------------- Invoking toplevel() on ptolemy.moml.MoMLSimpleApplication@5dcb4a5a
----------------- Done invoking toplevel() on ptolemy.moml.MoMLSimpleApplication@5dcb4a5a
reloadAllAccessors: .PublisherSubscriber6

===========================================================================================
----------------- testing Tue Aug 25 15:38:38 UTC 2020 /home/travis/build/icyphy/ptII/ptolemy/actor/lib/test/auto/PublisherSubscriber7.xml
----------------- Instantiating /home/travis/build/icyphy/ptII/ptolemy/actor/lib/test/auto/PublisherSubscriber7.xml
2 ms. Memory: 453632K Free: 166823K (37%)
----------------- Invoking toplevel() on ptolemy.moml.MoMLSimpleApplication@23d58569
----------------- Done invoking toplevel() on ptolemy.moml.MoMLSimpleApplication@23d58569
reloadAllAccessors: .PublisherSubscriber7

===========================================================================================
----------------- testing Tue Aug 25 15:38:38 UTC 2020 /home/travis/build/icyphy/ptII/ptolemy/actor/lib/test/auto/PublisherSubscriber8.xml
----------------- Instantiating /home/travis/build/icyphy/ptII/ptolemy/actor/lib/test/auto/PublisherSubscriber8.xml
9 ms. Memory: 453632K Free: 154535K (34%)
----------------- Invoking toplevel() on ptolemy.moml.MoMLSimpleApplication@44d8b092
----------------- Done invoking toplevel() on ptolemy.moml.MoMLSimpleApplication@44d8b092
reloadAllAccessors: .PublisherSubscriber8

===========================================================================================
----------------- testing Tue Aug 25 15:38:38 UTC 2020 /home/travis/build/icyphy/ptII/ptolemy/actor/lib/test/auto/PublisherSubscriber9.xml
----------------- Instantiating /home/travis/build/icyphy/ptII/ptolemy/actor/lib/test/auto/PublisherSubscriber9.xml
3 ms. Memory: 453632K Free: 147367K (32%)
----------------- Invoking toplevel() on ptolemy.moml.MoMLSimpleApplication@4bff2c72
----------------- Done invoking toplevel() on ptolemy.moml.MoMLSimpleApplication@4bff2c72
reloadAllAccessors: .PublisherSubscriber9

===========================================================================================
----------------- testing Tue Aug 25 15:38:38 UTC 2020 /home/travis/build/icyphy/ptII/ptolemy/actor/lib/test/auto/PublisherSubscriberAdjacent.xml
----------------- Instantiating /home/travis/build/icyphy/ptII/ptolemy/actor/lib/test/auto/PublisherSubscriberAdjacent.xml
2 ms. Memory: 453632K Free: 138665K (31%)
----------------- Invoking toplevel() on ptolemy.moml.MoMLSimpleApplication@49a1135
----------------- Done invoking toplevel() on ptolemy.moml.MoMLSimpleApplication@49a1135
reloadAllAccessors: .PublisherSubscriberAdjacent

===========================================================================================
----------------- testing Tue Aug 25 15:38:38 UTC 2020 /home/travis/build/icyphy/ptII/ptolemy/actor/lib/test/auto/PublisherSubscriberChannelVariablesAOC2.xml
----------------- Instantiating /home/travis/build/icyphy/ptII/ptolemy/actor/lib/test/auto/PublisherSubscriberChannelVariablesAOC2.xml
3 ms. Memory: 453632K Free: 390328K (86%)
----------------- Invoking toplevel() on ptolemy.moml.MoMLSimpleApplication@20dd2835
----------------- Done invoking toplevel() on ptolemy.moml.MoMLSimpleApplication@20dd2835
reloadAllAccessors: .PublisherSubscriberChannelVariablesAOC2

===========================================================================================
----------------- testing Tue Aug 25 15:38:38 UTC 2020 /home/travis/build/icyphy/ptII/ptolemy/actor/lib/test/auto/PublisherSubscriberD3.xml
----------------- Instantiating /home/travis/build/icyphy/ptII/ptolemy/actor/lib/test/auto/PublisherSubscriberD3.xml
1 ms. Memory: 453632K Free: 382650K (84%)
----------------- Invoking toplevel() on ptolemy.moml.MoMLSimpleApplication@69b066e6
----------------- Done invoking toplevel() on ptolemy.moml.MoMLSimpleApplication@69b066e6
reloadAllAccessors: .PublisherSubscriberD3

===========================================================================================
----------------- testing Tue Aug 25 15:38:38 UTC 2020 /home/travis/build/icyphy/ptII/ptolemy/actor/lib/test/auto/PublisherSubscriberD3Reverse.xml
----------------- Instantiating /home/travis/build/icyphy/ptII/ptolemy/actor/lib/test/auto/PublisherSubscriberD3Reverse.xml
2 ms. Memory: 453632K Free: 376506K (83%)
----------------- Invoking toplevel() on ptolemy.moml.MoMLSimpleApplication@67620632
----------------- Done invoking toplevel() on ptolemy.moml.MoMLSimpleApplication@67620632
reloadAllAccessors: .PublisherSubscriberD3Reverse

===========================================================================================
----------------- testing Tue Aug 25 15:38:38 UTC 2020 /home/travis/build/icyphy/ptII/ptolemy/actor/lib/test/auto/PublisherSubscriberExpression.xml
----------------- Instantiating /home/travis/build/icyphy/ptII/ptolemy/actor/lib/test/auto/PublisherSubscriberExpression.xml
4 ms. Memory: 453632K Free: 368314K (81%)
----------------- Invoking toplevel() on ptolemy.moml.MoMLSimpleApplication@2b68867e
----------------- Done invoking toplevel() on ptolemy.moml.MoMLSimpleApplication@2b68867e
reloadAllAccessors: .PublisherSubscriberExpression

===========================================================================================
----------------- testing Tue Aug 25 15:38:38 UTC 2020 /home/travis/build/icyphy/ptII/ptolemy/actor/lib/test/auto/PublisherSubscriberOpaque.xml
----------------- Instantiating /home/travis/build/icyphy/ptII/ptolemy/actor/lib/test/auto/PublisherSubscriberOpaque.xml
4 ms. Memory: 453632K Free: 359608K (79%)
----------------- Invoking toplevel() on ptolemy.moml.MoMLSimpleApplication@3569c89e
----------------- Done invoking toplevel() on ptolemy.moml.MoMLSimpleApplication@3569c89e
reloadAllAccessors: .PublisherSubscriberOpaque

===========================================================================================
----------------- testing Tue Aug 25 15:38:38 UTC 2020 /home/travis/build/icyphy/ptII/ptolemy/actor/lib/test/auto/PublisherSubscriberOpaqueD3.xml
----------------- Instantiating /home/travis/build/icyphy/ptII/ptolemy/actor/lib/test/auto/PublisherSubscriberOpaqueD3.xml
5 ms. Memory: 453632K Free: 347834K (77%)
----------------- Invoking toplevel() on ptolemy.moml.MoMLSimpleApplication@5c3410e1
----------------- Done invoking toplevel() on ptolemy.moml.MoMLSimpleApplication@5c3410e1
reloadAllAccessors: .PublisherSubscriberOpaqueD3

===========================================================================================
----------------- testing Tue Aug 25 15:38:38 UTC 2020 /home/travis/build/icyphy/ptII/ptolemy/actor/lib/test/auto/PublisherSubscriberOpaqueD3Reverse.xml
----------------- Instantiating /home/travis/build/icyphy/ptII/ptolemy/actor/lib/test/auto/PublisherSubscriberOpaqueD3Reverse.xml
8 ms. Memory: 453632K Free: 336570K (74%)
----------------- Invoking toplevel() on ptolemy.moml.MoMLSimpleApplication@7a99d66a
----------------- Done invoking toplevel() on ptolemy.moml.MoMLSimpleApplication@7a99d66a
reloadAllAccessors: .PublisherSubscriberOpaqueD3Reverse

===========================================================================================
----------------- testing Tue Aug 25 15:38:38 UTC 2020 /home/travis/build/icyphy/ptII/ptolemy/actor/lib/test/auto/PublisherSubscriberOpaqueWidthInference.xml
----------------- Instantiating /home/travis/build/icyphy/ptII/ptolemy/actor/lib/test/auto/PublisherSubscriberOpaqueWidthInference.xml
4 ms. Memory: 453632K Free: 328378K (72%)
----------------- Invoking toplevel() on ptolemy.moml.MoMLSimpleApplication@626a6a42
----------------- Done invoking toplevel() on ptolemy.moml.MoMLSimpleApplication@626a6a42
reloadAllAccessors: .PublisherSubscriberOpaqueWidthInference

===========================================================================================
----------------- testing Tue Aug 25 15:38:38 UTC 2020 /home/travis/build/icyphy/ptII/ptolemy/actor/lib/test/auto/PublisherTestSubscriber.xml
----------------- Instantiating /home/travis/build/icyphy/ptII/ptolemy/actor/lib/test/auto/PublisherTestSubscriber.xml
3 ms. Memory: 453632K Free: 320690K (71%)
----------------- Invoking toplevel() on ptolemy.moml.MoMLSimpleApplication@47f6ca54
----------------- Done invoking toplevel() on ptolemy.moml.MoMLSimpleApplication@47f6ca54
reloadAllAccessors: .PublisherTestSubscriber

===========================================================================================
----------------- testing Tue Aug 25 15:38:38 UTC 2020 /home/travis/build/icyphy/ptII/ptolemy/actor/lib/test/auto/PublisherToplevelSubscriberPortAOC.xml
----------------- Instantiating /home/travis/build/icyphy/ptII/ptolemy/actor/lib/test/auto/PublisherToplevelSubscriberPortAOC.xml
1 ms. Memory: 453632K Free: 314546K (69%)
----------------- Invoking toplevel() on ptolemy.moml.MoMLSimpleApplication@2bf910e4
----------------- Done invoking toplevel() on ptolemy.moml.MoMLSimpleApplication@2bf910e4
reloadAllAccessors: .PublisherToplevelSubscriberPortAOC

===========================================================================================
----------------- testing Tue Aug 25 15:38:38 UTC 2020 /home/travis/build/icyphy/ptII/ptolemy/actor/lib/test/auto/PulseFiringLimitDE.xml
----------------- Instantiating /home/travis/build/icyphy/ptII/ptolemy/actor/lib/test/auto/PulseFiringLimitDE.xml
2 ms. Memory: 453632K Free: 307384K (68%)
----------------- Invoking toplevel() on ptolemy.moml.MoMLSimpleApplication@60aef7c8
----------------- Done invoking toplevel() on ptolemy.moml.MoMLSimpleApplication@60aef7c8
reloadAllAccessors: .PulseFiringLimitDE

===========================================================================================
----------------- testing Tue Aug 25 15:38:38 UTC 2020 /home/travis/build/icyphy/ptII/ptolemy/actor/lib/test/auto/Ramp1.xml
----------------- Instantiating /home/travis/build/icyphy/ptII/ptolemy/actor/lib/test/auto/Ramp1.xml
1 ms. Memory: 453632K Free: 303282K (67%)
----------------- Invoking toplevel() on ptolemy.moml.MoMLSimpleApplication@33b25d0b
----------------- Done invoking toplevel() on ptolemy.moml.MoMLSimpleApplication@33b25d0b
reloadAllAccessors: .Ramp1

===========================================================================================
----------------- testing Tue Aug 25 15:38:38 UTC 2020 /home/travis/build/icyphy/ptII/ptolemy/actor/lib/test/auto/RampFiringLimitDE.xml
----------------- Instantiating /home/travis/build/icyphy/ptII/ptolemy/actor/lib/test/auto/RampFiringLimitDE.xml
2 ms. Memory: 453632K Free: 297130K (66%)
----------------- Invoking toplevel() on ptolemy.moml.MoMLSimpleApplication@24b80f51
----------------- Done invoking toplevel() on ptolemy.moml.MoMLSimpleApplication@24b80f51
reloadAllAccessors: .RampFiringLimitDE

===========================================================================================
----------------- testing Tue Aug 25 15:38:38 UTC 2020 /home/travis/build/icyphy/ptII/ptolemy/actor/lib/test/auto/RampFiringLimitSDF.xml
----------------- Instantiating /home/travis/build/icyphy/ptII/ptolemy/actor/lib/test/auto/RampFiringLimitSDF.xml
2 ms. Memory: 453632K Free: 292010K (64%)
----------------- Invoking toplevel() on ptolemy.moml.MoMLSimpleApplication@5c39d7a
----------------- Done invoking toplevel() on ptolemy.moml.MoMLSimpleApplication@5c39d7a
reloadAllAccessors: .RampFiringLimitSDF

===========================================================================================
----------------- testing Tue Aug 25 15:38:38 UTC 2020 /home/travis/build/icyphy/ptII/ptolemy/actor/lib/test/auto/RandomInteger.xml
----------------- Instantiating /home/travis/build/icyphy/ptII/ptolemy/actor/lib/test/auto/RandomInteger.xml
1 ms. Memory: 453632K Free: 287418K (63%)
----------------- Invoking toplevel() on ptolemy.moml.MoMLSimpleApplication@40033da0
----------------- Done invoking toplevel() on ptolemy.moml.MoMLSimpleApplication@40033da0
reloadAllAccessors: .RandomInteger

===========================================================================================
----------------- testing Tue Aug 25 15:38:38 UTC 2020 /home/travis/build/icyphy/ptII/ptolemy/actor/lib/test/auto/ReadFile1.xml
----------------- Instantiating /home/travis/build/icyphy/ptII/ptolemy/actor/lib/test/auto/ReadFile1.xml
1 ms. Memory: 453632K Free: 282808K (62%)
----------------- Invoking toplevel() on ptolemy.moml.MoMLSimpleApplication@5afcc730
----------------- Done invoking toplevel() on ptolemy.moml.MoMLSimpleApplication@5afcc730
reloadAllAccessors: .ReadFile1

===========================================================================================
----------------- testing Tue Aug 25 15:38:38 UTC 2020 /home/travis/build/icyphy/ptII/ptolemy/actor/lib/test/auto/ReadFile2.xml
----------------- Instantiating /home/travis/build/icyphy/ptII/ptolemy/actor/lib/test/auto/ReadFile2.xml
1 ms. Memory: 453632K Free: 278712K (61%)
----------------- Invoking toplevel() on ptolemy.moml.MoMLSimpleApplication@12abbef4
----------------- Done invoking toplevel() on ptolemy.moml.MoMLSimpleApplication@12abbef4
reloadAllAccessors: .ReadFile2

===========================================================================================
----------------- testing Tue Aug 25 15:38:38 UTC 2020 /home/travis/build/icyphy/ptII/ptolemy/actor/lib/test/auto/Reader.xml
----------------- Instantiating /home/travis/build/icyphy/ptII/ptolemy/actor/lib/test/auto/Reader.xml
actor.lib.Reader is obsolete, use actor.lib.io.ExpressionReader instead
5 ms. Memory: 453632K Free: 274616K (61%)
----------------- Invoking toplevel() on ptolemy.moml.MoMLSimpleApplication@2abd501a
----------------- Done invoking toplevel() on ptolemy.moml.MoMLSimpleApplication@2abd501a
reloadAllAccessors: .Reader

===========================================================================================
----------------- testing Tue Aug 25 15:38:38 UTC 2020 /home/travis/build/icyphy/ptII/ptolemy/actor/lib/test/auto/RecordAssemblerDisplayNameTest.xml
----------------- Instantiating /home/travis/build/icyphy/ptII/ptolemy/actor/lib/test/auto/RecordAssemblerDisplayNameTest.xml
4261 ms. Memory: 453632K Free: 391443K (86%)
----------------- Invoking toplevel() on ptolemy.moml.MoMLSimpleApplication@2d2a96f9
----------------- Done invoking toplevel() on ptolemy.moml.MoMLSimpleApplication@2d2a96f9
reloadAllAccessors: .RecordAssemblerDisplayNameTest

===========================================================================================
----------------- testing Tue Aug 25 15:38:42 UTC 2020 /home/travis/build/icyphy/ptII/ptolemy/actor/lib/test/auto/RecordAssemblerTypeError.xml
----------------- Instantiating /home/travis/build/icyphy/ptII/ptolemy/actor/lib/test/auto/RecordAssemblerTypeError.xml
15 ms. Memory: 453632K Free: 381717K (84%)
----------------- Invoking toplevel() on ptolemy.moml.MoMLSimpleApplication@24b113bb
----------------- Done invoking toplevel() on ptolemy.moml.MoMLSimpleApplication@24b113bb
reloadAllAccessors: .RecordAssemblerTypeError

===========================================================================================
----------------- testing Tue Aug 25 15:38:42 UTC 2020 /home/travis/build/icyphy/ptII/ptolemy/actor/lib/test/auto/RecordDisassember.xml
----------------- Instantiating /home/travis/build/icyphy/ptII/ptolemy/actor/lib/test/auto/RecordDisassember.xml
6 ms. Memory: 453632K Free: 376597K (83%)
----------------- Invoking toplevel() on ptolemy.moml.MoMLSimpleApplication@1cd8e17e
----------------- Done invoking toplevel() on ptolemy.moml.MoMLSimpleApplication@1cd8e17e
reloadAllAccessors: .RecordDisassember

===========================================================================================
----------------- testing Tue Aug 25 15:38:42 UTC 2020 /home/travis/build/icyphy/ptII/ptolemy/actor/lib/test/auto/RecordDisassemberDisplayNameTest.xml
----------------- Instantiating /home/travis/build/icyphy/ptII/ptolemy/actor/lib/test/auto/RecordDisassemberDisplayNameTest.xml
6 ms. Memory: 453632K Free: 368915K (81%)
----------------- Invoking toplevel() on ptolemy.moml.MoMLSimpleApplication@1bb354f
----------------- Done invoking toplevel() on ptolemy.moml.MoMLSimpleApplication@1bb354f
reloadAllAccessors: .RecordDisassemberDisplayNameTest

===========================================================================================
----------------- testing Tue Aug 25 15:38:42 UTC 2020 /home/travis/build/icyphy/ptII/ptolemy/actor/lib/test/auto/RecordDisassembler.xml
----------------- Instantiating /home/travis/build/icyphy/ptII/ptolemy/actor/lib/test/auto/RecordDisassembler.xml
3 ms. Memory: 453632K Free: 363789K (80%)
----------------- Invoking toplevel() on ptolemy.moml.MoMLSimpleApplication@7f843af2
----------------- Done invoking toplevel() on ptolemy.moml.MoMLSimpleApplication@7f843af2
reloadAllAccessors: .RecordDisassembler

===========================================================================================
----------------- testing Tue Aug 25 15:38:42 UTC 2020 /home/travis/build/icyphy/ptII/ptolemy/actor/lib/test/auto/RecordDisassembler2.xml
----------------- Instantiating /home/travis/build/icyphy/ptII/ptolemy/actor/lib/test/auto/RecordDisassembler2.xml
3 ms. Memory: 453632K Free: 358661K (79%)
----------------- Invoking toplevel() on ptolemy.moml.MoMLSimpleApplication@a02901a
----------------- Done invoking toplevel() on ptolemy.moml.MoMLSimpleApplication@a02901a
reloadAllAccessors: .RecordDisassembler2

===========================================================================================
----------------- testing Tue Aug 25 15:38:43 UTC 2020 /home/travis/build/icyphy/ptII/ptolemy/actor/lib/test/auto/RecordUpdater.xml
----------------- Instantiating /home/travis/build/icyphy/ptII/ptolemy/actor/lib/test/auto/RecordUpdater.xml
1 ms. Memory: 453632K Free: 353555K (78%)
----------------- Invoking toplevel() on ptolemy.moml.MoMLSimpleApplication@3eeda923
----------------- Done invoking toplevel() on ptolemy.moml.MoMLSimpleApplication@3eeda923
reloadAllAccessors: .RecordUpdater

===========================================================================================
----------------- testing Tue Aug 25 15:38:43 UTC 2020 /home/travis/build/icyphy/ptII/ptolemy/actor/lib/test/auto/RecordUpdater2.xml
----------------- Instantiating /home/travis/build/icyphy/ptII/ptolemy/actor/lib/test/auto/RecordUpdater2.xml
1 ms. Memory: 453632K Free: 348435K (77%)
----------------- Invoking toplevel() on ptolemy.moml.MoMLSimpleApplication@64160ffd
----------------- Done invoking toplevel() on ptolemy.moml.MoMLSimpleApplication@64160ffd
reloadAllAccessors: .RecordUpdater2

===========================================================================================
----------------- testing Tue Aug 25 15:38:43 UTC 2020 /home/travis/build/icyphy/ptII/ptolemy/actor/lib/test/auto/RecursiveLattice.xml
----------------- Instantiating /home/travis/build/icyphy/ptII/ptolemy/actor/lib/test/auto/RecursiveLattice.xml
2 ms. Memory: 453632K Free: 344339K (76%)
----------------- Invoking toplevel() on ptolemy.moml.MoMLSimpleApplication@4a505747
----------------- Done invoking toplevel() on ptolemy.moml.MoMLSimpleApplication@4a505747
reloadAllAccessors: .RecursiveLattice

===========================================================================================
----------------- testing Tue Aug 25 15:38:43 UTC 2020 /home/travis/build/icyphy/ptII/ptolemy/actor/lib/test/auto/Router.xml
----------------- Instantiating /home/travis/build/icyphy/ptII/ptolemy/actor/lib/test/auto/Router.xml
3003 ms. Memory: 453632K Free: 334613K (74%)
----------------- Invoking toplevel() on ptolemy.moml.MoMLSimpleApplication@6ff1361c
----------------- Done invoking toplevel() on ptolemy.moml.MoMLSimpleApplication@6ff1361c
reloadAllAccessors: .Router

===========================================================================================
----------------- testing Tue Aug 25 15:38:46 UTC 2020 /home/travis/build/icyphy/ptII/ptolemy/actor/lib/test/auto/Router2.xml
----------------- Instantiating /home/travis/build/icyphy/ptII/ptolemy/actor/lib/test/auto/Router2.xml
3004 ms. Memory: 453632K Free: 323859K (71%)
----------------- Invoking toplevel() on ptolemy.moml.MoMLSimpleApplication@49338855
----------------- Done invoking toplevel() on ptolemy.moml.MoMLSimpleApplication@49338855
reloadAllAccessors: .Router2

===========================================================================================
----------------- testing Tue Aug 25 15:38:49 UTC 2020 /home/travis/build/icyphy/ptII/ptolemy/actor/lib/test/auto/RunningMaximum.xml
----------------- Instantiating /home/travis/build/icyphy/ptII/ptolemy/actor/lib/test/auto/RunningMaximum.xml
2 ms. Memory: 453632K Free: 319253K (70%)
----------------- Invoking toplevel() on ptolemy.moml.MoMLSimpleApplication@419e2203
----------------- Done invoking toplevel() on ptolemy.moml.MoMLSimpleApplication@419e2203
reloadAllAccessors: .RunningMaximum

===========================================================================================
----------------- testing Tue Aug 25 15:38:49 UTC 2020 /home/travis/build/icyphy/ptII/ptolemy/actor/lib/test/auto/RunningMinimum.xml
----------------- Instantiating /home/travis/build/icyphy/ptII/ptolemy/actor/lib/test/auto/RunningMinimum.xml
2 ms. Memory: 453632K Free: 314643K (69%)
----------------- Invoking toplevel() on ptolemy.moml.MoMLSimpleApplication@7112ed8c
----------------- Done invoking toplevel() on ptolemy.moml.MoMLSimpleApplication@7112ed8c
reloadAllAccessors: .RunningMinimum

===========================================================================================
----------------- testing Tue Aug 25 15:38:49 UTC 2020 /home/travis/build/icyphy/ptII/ptolemy/actor/lib/test/auto/Scale.xml
----------------- Instantiating /home/travis/build/icyphy/ptII/ptolemy/actor/lib/test/auto/Scale.xml
9 ms. Memory: 453632K Free: 310037K (68%)
----------------- Invoking toplevel() on ptolemy.moml.MoMLSimpleApplication@42d9d7aa
----------------- Done invoking toplevel() on ptolemy.moml.MoMLSimpleApplication@42d9d7aa
reloadAllAccessors: .Scale

===========================================================================================
----------------- testing Tue Aug 25 15:38:49 UTC 2020 /home/travis/build/icyphy/ptII/ptolemy/actor/lib/test/auto/Scale2.xml
----------------- Instantiating /home/travis/build/icyphy/ptII/ptolemy/actor/lib/test/auto/Scale2.xml
2 ms. Memory: 453632K Free: 304917K (67%)
----------------- Invoking toplevel() on ptolemy.moml.MoMLSimpleApplication@a06b46a
----------------- Done invoking toplevel() on ptolemy.moml.MoMLSimpleApplication@a06b46a
reloadAllAccessors: .Scale2

===========================================================================================
----------------- testing Tue Aug 25 15:38:49 UTC 2020 /home/travis/build/icyphy/ptII/ptolemy/actor/lib/test/auto/Scale3.xml
----------------- Instantiating /home/travis/build/icyphy/ptII/ptolemy/actor/lib/test/auto/Scale3.xml
3 ms. Memory: 453632K Free: 298773K (66%)
----------------- Invoking toplevel() on ptolemy.moml.MoMLSimpleApplication@206e3286
----------------- Done invoking toplevel() on ptolemy.moml.MoMLSimpleApplication@206e3286
reloadAllAccessors: .Scale3

===========================================================================================
----------------- testing Tue Aug 25 15:38:49 UTC 2020 /home/travis/build/icyphy/ptII/ptolemy/actor/lib/test/auto/ScaleArray.xml
----------------- Instantiating /home/travis/build/icyphy/ptII/ptolemy/actor/lib/test/auto/ScaleArray.xml
2 ms. Memory: 453632K Free: 294163K (65%)
----------------- Invoking toplevel() on ptolemy.moml.MoMLSimpleApplication@159e4849
----------------- Done invoking toplevel() on ptolemy.moml.MoMLSimpleApplication@159e4849
reloadAllAccessors: .ScaleArray

===========================================================================================
----------------- testing Tue Aug 25 15:38:49 UTC 2020 /home/travis/build/icyphy/ptII/ptolemy/actor/lib/test/auto/ScaleArray2.xml
----------------- Instantiating /home/travis/build/icyphy/ptII/ptolemy/actor/lib/test/auto/ScaleArray2.xml
1 ms. Memory: 453632K Free: 289043K (64%)
----------------- Invoking toplevel() on ptolemy.moml.MoMLSimpleApplication@471c3393
----------------- Done invoking toplevel() on ptolemy.moml.MoMLSimpleApplication@471c3393
reloadAllAccessors: .ScaleArray2

===========================================================================================
----------------- testing Tue Aug 25 15:38:49 UTC 2020 /home/travis/build/icyphy/ptII/ptolemy/actor/lib/test/auto/ScaleMatrix.xml
----------------- Instantiating /home/travis/build/icyphy/ptII/ptolemy/actor/lib/test/auto/ScaleMatrix.xml
223 ms. Memory: 453632K Free: 274707K (61%)
----------------- Invoking toplevel() on ptolemy.moml.MoMLSimpleApplication@60169b84
----------------- Done invoking toplevel() on ptolemy.moml.MoMLSimpleApplication@60169b84
reloadAllAccessors: .ScaleMatrix

===========================================================================================
----------------- testing Tue Aug 25 15:38:49 UTC 2020 /home/travis/build/icyphy/ptII/ptolemy/actor/lib/test/auto/Select.xml
----------------- Instantiating /home/travis/build/icyphy/ptII/ptolemy/actor/lib/test/auto/Select.xml
2 ms. Memory: 453632K Free: 268533K (59%)
----------------- Invoking toplevel() on ptolemy.moml.MoMLSimpleApplication@61290045
----------------- Done invoking toplevel() on ptolemy.moml.MoMLSimpleApplication@61290045
reloadAllAccessors: .Select

===========================================================================================
----------------- testing Tue Aug 25 15:38:49 UTC 2020 /home/travis/build/icyphy/ptII/ptolemy/actor/lib/test/auto/Select2.xml
----------------- Instantiating /home/travis/build/icyphy/ptII/ptolemy/actor/lib/test/auto/Select2.xml
1 ms. Memory: 453632K Free: 263443K (58%)
----------------- Invoking toplevel() on ptolemy.moml.MoMLSimpleApplication@247e77ee
----------------- Done invoking toplevel() on ptolemy.moml.MoMLSimpleApplication@247e77ee
reloadAllAccessors: .Select2

===========================================================================================
----------------- testing Tue Aug 25 15:38:49 UTC 2020 /home/travis/build/icyphy/ptII/ptolemy/actor/lib/test/auto/SequenceToArray2.xml
----------------- Instantiating /home/travis/build/icyphy/ptII/ptolemy/actor/lib/test/auto/SequenceToArray2.xml
108 ms. Memory: 453632K Free: 239381K (53%)
----------------- Invoking toplevel() on ptolemy.moml.MoMLSimpleApplication@32bde9dd
----------------- Done invoking toplevel() on ptolemy.moml.MoMLSimpleApplication@32bde9dd
reloadAllAccessors: .SequenceToArray2

===========================================================================================
----------------- testing Tue Aug 25 15:38:49 UTC 2020 /home/travis/build/icyphy/ptII/ptolemy/actor/lib/test/auto/SequentialClock.xml
----------------- Instantiating /home/travis/build/icyphy/ptII/ptolemy/actor/lib/test/auto/SequentialClock.xml
1 ms. Memory: 453632K Free: 235285K (52%)
----------------- Invoking toplevel() on ptolemy.moml.MoMLSimpleApplication@283dd807
----------------- Done invoking toplevel() on ptolemy.moml.MoMLSimpleApplication@283dd807
reloadAllAccessors: .SequentialClock

===========================================================================================
----------------- testing Tue Aug 25 15:38:49 UTC 2020 /home/travis/build/icyphy/ptII/ptolemy/actor/lib/test/auto/SetVariable.xml
----------------- Instantiating /home/travis/build/icyphy/ptII/ptolemy/actor/lib/test/auto/SetVariable.xml
2 ms. Memory: 453632K Free: 230675K (51%)
----------------- Invoking toplevel() on ptolemy.moml.MoMLSimpleApplication@30d39e70
----------------- Done invoking toplevel() on ptolemy.moml.MoMLSimpleApplication@30d39e70
reloadAllAccessors: .SetVariable

===========================================================================================
----------------- testing Tue Aug 25 15:38:49 UTC 2020 /home/travis/build/icyphy/ptII/ptolemy/actor/lib/test/auto/SetVariable2.xml
----------------- Instantiating /home/travis/build/icyphy/ptII/ptolemy/actor/lib/test/auto/SetVariable2.xml
3 ms. Memory: 453632K Free: 225045K (50%)
----------------- Invoking toplevel() on ptolemy.moml.MoMLSimpleApplication@3c3e75a6
----------------- Done invoking toplevel() on ptolemy.moml.MoMLSimpleApplication@3c3e75a6
reloadAllAccessors: .SetVariable2

===========================================================================================
----------------- testing Tue Aug 25 15:38:49 UTC 2020 /home/travis/build/icyphy/ptII/ptolemy/actor/lib/test/auto/SetVariable3.xml
----------------- Instantiating /home/travis/build/icyphy/ptII/ptolemy/actor/lib/test/auto/SetVariable3.xml
8 ms. Memory: 453632K Free: 219925K (48%)
----------------- Invoking toplevel() on ptolemy.moml.MoMLSimpleApplication@727304dc
----------------- Done invoking toplevel() on ptolemy.moml.MoMLSimpleApplication@727304dc
reloadAllAccessors: .SetVariable3

===========================================================================================
----------------- testing Tue Aug 25 15:38:49 UTC 2020 /home/travis/build/icyphy/ptII/ptolemy/actor/lib/test/auto/SetVariable4.xml
----------------- Instantiating /home/travis/build/icyphy/ptII/ptolemy/actor/lib/test/auto/SetVariable4.xml
12 ms. Memory: 453632K Free: 210707K (46%)
----------------- Invoking toplevel() on ptolemy.moml.MoMLSimpleApplication@601094eb
----------------- Done invoking toplevel() on ptolemy.moml.MoMLSimpleApplication@601094eb
reloadAllAccessors: .SetVariable4

===========================================================================================
----------------- testing Tue Aug 25 15:38:49 UTC 2020 /home/travis/build/icyphy/ptII/ptolemy/actor/lib/test/auto/SetVariable5.xml
----------------- Instantiating /home/travis/build/icyphy/ptII/ptolemy/actor/lib/test/auto/SetVariable5.xml
19 ms. Memory: 453632K Free: 200965K (44%)
----------------- Invoking toplevel() on ptolemy.moml.MoMLSimpleApplication@2f5e8c4f
----------------- Done invoking toplevel() on ptolemy.moml.MoMLSimpleApplication@2f5e8c4f
reloadAllAccessors: .SetVariable5

===========================================================================================
----------------- testing Tue Aug 25 15:38:49 UTC 2020 /home/travis/build/icyphy/ptII/ptolemy/actor/lib/test/auto/Sinewave.xml
----------------- Instantiating /home/travis/build/icyphy/ptII/ptolemy/actor/lib/test/auto/Sinewave.xml
5 ms. Memory: 453632K Free: 190739K (42%)
----------------- Invoking toplevel() on ptolemy.moml.MoMLSimpleApplication@39d7ab95
----------------- Done invoking toplevel() on ptolemy.moml.MoMLSimpleApplication@39d7ab95
reloadAllAccessors: .Sinewave

===========================================================================================
----------------- testing Tue Aug 25 15:38:49 UTC 2020 /home/travis/build/icyphy/ptII/ptolemy/actor/lib/test/auto/Sinewave2.xml
----------------- Instantiating /home/travis/build/icyphy/ptII/ptolemy/actor/lib/test/auto/Sinewave2.xml
4 ms. Memory: 453632K Free: 183061K (40%)
----------------- Invoking toplevel() on ptolemy.moml.MoMLSimpleApplication@25558754
----------------- Done invoking toplevel() on ptolemy.moml.MoMLSimpleApplication@25558754
reloadAllAccessors: .Sinewave2

===========================================================================================
----------------- testing Tue Aug 25 15:38:49 UTC 2020 /home/travis/build/icyphy/ptII/ptolemy/actor/lib/test/auto/Sinewave3.xml
----------------- Instantiating /home/travis/build/icyphy/ptII/ptolemy/actor/lib/test/auto/Sinewave3.xml
8 ms. Memory: 453632K Free: 174341K (38%)
----------------- Invoking toplevel() on ptolemy.moml.MoMLSimpleApplication@66c9763b
----------------- Done invoking toplevel() on ptolemy.moml.MoMLSimpleApplication@66c9763b
reloadAllAccessors: .Sinewave3

===========================================================================================
----------------- testing Tue Aug 25 15:38:49 UTC 2020 /home/travis/build/icyphy/ptII/ptolemy/actor/lib/test/auto/SingleEvent.xml
----------------- Instantiating /home/travis/build/icyphy/ptII/ptolemy/actor/lib/test/auto/SingleEvent.xml
1 ms. Memory: 453632K Free: 170259K (38%)
----------------- Invoking toplevel() on ptolemy.moml.MoMLSimpleApplication@535438c5
----------------- Done invoking toplevel() on ptolemy.moml.MoMLSimpleApplication@535438c5
reloadAllAccessors: .SingleEvent

===========================================================================================
----------------- testing Tue Aug 25 15:38:49 UTC 2020 /home/travis/build/icyphy/ptII/ptolemy/actor/lib/test/auto/Sleep.xml
----------------- Instantiating /home/travis/build/icyphy/ptII/ptolemy/actor/lib/test/auto/Sleep.xml
6004 ms. Memory: 453632K Free: 164115K (36%)
----------------- Invoking toplevel() on ptolemy.moml.MoMLSimpleApplication@2752968b
----------------- Done invoking toplevel() on ptolemy.moml.MoMLSimpleApplication@2752968b
reloadAllAccessors: .Sleep

===========================================================================================
----------------- testing Tue Aug 25 15:38:56 UTC 2020 /home/travis/build/icyphy/ptII/ptolemy/actor/lib/test/auto/SleepMultipleFire.xml
----------------- Instantiating /home/travis/build/icyphy/ptII/ptolemy/actor/lib/test/auto/SleepMultipleFire.xml
1007 ms. Memory: 453632K Free: 157971K (35%)
----------------- Invoking toplevel() on ptolemy.moml.MoMLSimpleApplication@50835593
----------------- Done invoking toplevel() on ptolemy.moml.MoMLSimpleApplication@50835593
reloadAllAccessors: .SleepMultipleFire

===========================================================================================
----------------- testing Tue Aug 25 15:38:57 UTC 2020 /home/travis/build/icyphy/ptII/ptolemy/actor/lib/test/auto/StopDE.xml
----------------- Instantiating /home/travis/build/icyphy/ptII/ptolemy/actor/lib/test/auto/StopDE.xml
3 ms. Memory: 453632K Free: 152341K (34%)
----------------- Invoking toplevel() on ptolemy.moml.MoMLSimpleApplication@5d158b8b
----------------- Done invoking toplevel() on ptolemy.moml.MoMLSimpleApplication@5d158b8b
reloadAllAccessors: .StopDE

===========================================================================================
----------------- testing Tue Aug 25 15:38:57 UTC 2020 /home/travis/build/icyphy/ptII/ptolemy/actor/lib/test/auto/StopSDF.xml
----------------- Instantiating /home/travis/build/icyphy/ptII/ptolemy/actor/lib/test/auto/StopSDF.xml
3 ms. Memory: 453632K Free: 147221K (32%)
----------------- Invoking toplevel() on ptolemy.moml.MoMLSimpleApplication@3b129388
----------------- Done invoking toplevel() on ptolemy.moml.MoMLSimpleApplication@3b129388
reloadAllAccessors: .StopSDF

===========================================================================================
----------------- testing Tue Aug 25 15:38:57 UTC 2020 /home/travis/build/icyphy/ptII/ptolemy/actor/lib/test/auto/StringConstant.xml
----------------- Instantiating /home/travis/build/icyphy/ptII/ptolemy/actor/lib/test/auto/StringConstant.xml
10 ms. Memory: 453632K Free: 142611K (31%)
----------------- Invoking toplevel() on ptolemy.moml.MoMLSimpleApplication@2b0493e9
----------------- Done invoking toplevel() on ptolemy.moml.MoMLSimpleApplication@2b0493e9
reloadAllAccessors: .StringConstant

===========================================================================================
----------------- testing Tue Aug 25 15:38:57 UTC 2020 /home/travis/build/icyphy/ptII/ptolemy/actor/lib/test/auto/SubscriberPortInitialValues1.xml
----------------- Instantiating /home/travis/build/icyphy/ptII/ptolemy/actor/lib/test/auto/SubscriberPortInitialValues1.xml
12 ms. Memory: 453632K Free: 133909K (30%)
----------------- Invoking toplevel() on ptolemy.moml.MoMLSimpleApplication@4030dded
----------------- Done invoking toplevel() on ptolemy.moml.MoMLSimpleApplication@4030dded
reloadAllAccessors: .SubscriberPortInitialValues1

===========================================================================================
----------------- testing Tue Aug 25 15:38:57 UTC 2020 /home/travis/build/icyphy/ptII/ptolemy/actor/lib/test/auto/SubscriberPortInitialValues13.xml
----------------- Instantiating /home/travis/build/icyphy/ptII/ptolemy/actor/lib/test/auto/SubscriberPortInitialValues13.xml
7 ms. Memory: 453632K Free: 389224K (86%)
----------------- Invoking toplevel() on ptolemy.moml.MoMLSimpleApplication@ef42d14
----------------- Done invoking toplevel() on ptolemy.moml.MoMLSimpleApplication@ef42d14
reloadAllAccessors: .SubscriberPortInitialValues13

===========================================================================================
----------------- testing Tue Aug 25 15:38:57 UTC 2020 /home/travis/build/icyphy/ptII/ptolemy/actor/lib/test/auto/SubscriberPortInitialValues14.xml
----------------- Instantiating /home/travis/build/icyphy/ptII/ptolemy/actor/lib/test/auto/SubscriberPortInitialValues14.xml
4 ms. Memory: 453632K Free: 381032K (84%)
----------------- Invoking toplevel() on ptolemy.moml.MoMLSimpleApplication@29db9e26
----------------- Done invoking toplevel() on ptolemy.moml.MoMLSimpleApplication@29db9e26
reloadAllAccessors: .SubscriberPortInitialValues14

===========================================================================================
----------------- testing Tue Aug 25 15:38:57 UTC 2020 /home/travis/build/icyphy/ptII/ptolemy/actor/lib/test/auto/SubscriberPortInitialValues2.xml
----------------- Instantiating /home/travis/build/icyphy/ptII/ptolemy/actor/lib/test/auto/SubscriberPortInitialValues2.xml
10 ms. Memory: 453632K Free: 373354K (82%)
----------------- Invoking toplevel() on ptolemy.moml.MoMLSimpleApplication@2816e8dd
----------------- Done invoking toplevel() on ptolemy.moml.MoMLSimpleApplication@2816e8dd
reloadAllAccessors: .SubscriberPortInitialValues2

===========================================================================================
----------------- testing Tue Aug 25 15:38:57 UTC 2020 /home/travis/build/icyphy/ptII/ptolemy/actor/lib/test/auto/SubscriberPortInitialValues3.xml
----------------- Instantiating /home/travis/build/icyphy/ptII/ptolemy/actor/lib/test/auto/SubscriberPortInitialValues3.xml
5 ms. Memory: 453632K Free: 362090K (80%)
----------------- Invoking toplevel() on ptolemy.moml.MoMLSimpleApplication@5385a77d
----------------- Done invoking toplevel() on ptolemy.moml.MoMLSimpleApplication@5385a77d
reloadAllAccessors: .SubscriberPortInitialValues3

===========================================================================================
----------------- testing Tue Aug 25 15:38:57 UTC 2020 /home/travis/build/icyphy/ptII/ptolemy/actor/lib/test/auto/SubscriptionAggregator.xml
----------------- Instantiating /home/travis/build/icyphy/ptII/ptolemy/actor/lib/test/auto/SubscriptionAggregator.xml
3 ms. Memory: 453632K Free: 354922K (78%)
----------------- Invoking toplevel() on ptolemy.moml.MoMLSimpleApplication@13c9d0b4
----------------- Done invoking toplevel() on ptolemy.moml.MoMLSimpleApplication@13c9d0b4
reloadAllAccessors: .SubscriptionAggregator

===========================================================================================
----------------- testing Tue Aug 25 15:38:57 UTC 2020 /home/travis/build/icyphy/ptII/ptolemy/actor/lib/test/auto/SubscriptionAggregator2.xml
----------------- Instantiating /home/travis/build/icyphy/ptII/ptolemy/actor/lib/test/auto/SubscriptionAggregator2.xml
2 ms. Memory: 453632K Free: 348258K (77%)
----------------- Invoking toplevel() on ptolemy.moml.MoMLSimpleApplication@2081a97d
----------------- Done invoking toplevel() on ptolemy.moml.MoMLSimpleApplication@2081a97d
reloadAllAccessors: .SubscriptionAggregator2

===========================================================================================
----------------- testing Tue Aug 25 15:38:57 UTC 2020 /home/travis/build/icyphy/ptII/ptolemy/actor/lib/test/auto/SubscriptionAggregator3.xml
----------------- Instantiating /home/travis/build/icyphy/ptII/ptolemy/actor/lib/test/auto/SubscriptionAggregator3.xml
3 ms. Memory: 453632K Free: 339562K (75%)
----------------- Invoking toplevel() on ptolemy.moml.MoMLSimpleApplication@6686a8ae
----------------- Done invoking toplevel() on ptolemy.moml.MoMLSimpleApplication@6686a8ae
reloadAllAccessors: .SubscriptionAggregator3

===========================================================================================
----------------- testing Tue Aug 25 15:38:57 UTC 2020 /home/travis/build/icyphy/ptII/ptolemy/actor/lib/test/auto/SubscriptionAggregatorMultiply.xml
----------------- Instantiating /home/travis/build/icyphy/ptII/ptolemy/actor/lib/test/auto/SubscriptionAggregatorMultiply.xml
14 ms. Memory: 453632K Free: 330346K (73%)
----------------- Invoking toplevel() on ptolemy.moml.MoMLSimpleApplication@4112e58b
----------------- Done invoking toplevel() on ptolemy.moml.MoMLSimpleApplication@4112e58b
reloadAllAccessors: .SubscriptionAggregatorMultiply

===========================================================================================
----------------- testing Tue Aug 25 15:38:57 UTC 2020 /home/travis/build/icyphy/ptII/ptolemy/actor/lib/test/auto/SubscriptionAggregatorPortMultiply1.xml
----------------- Instantiating /home/travis/build/icyphy/ptII/ptolemy/actor/lib/test/auto/SubscriptionAggregatorPortMultiply1.xml
4 ms. Memory: 453632K Free: 322664K (71%)
----------------- Invoking toplevel() on ptolemy.moml.MoMLSimpleApplication@71c39716
----------------- Done invoking toplevel() on ptolemy.moml.MoMLSimpleApplication@71c39716
reloadAllAccessors: .SubscriptionAggregatorPortMultiply1

===========================================================================================
----------------- testing Tue Aug 25 15:38:57 UTC 2020 /home/travis/build/icyphy/ptII/ptolemy/actor/lib/test/auto/Switch.xml
----------------- Instantiating /home/travis/build/icyphy/ptII/ptolemy/actor/lib/test/auto/Switch.xml
7 ms. Memory: 453632K Free: 313962K (69%)
----------------- Invoking toplevel() on ptolemy.moml.MoMLSimpleApplication@1637716a
----------------- Done invoking toplevel() on ptolemy.moml.MoMLSimpleApplication@1637716a
reloadAllAccessors: .Switch

===========================================================================================
----------------- testing Tue Aug 25 15:38:57 UTC 2020 /home/travis/build/icyphy/ptII/ptolemy/actor/lib/test/auto/Switch2.xml
----------------- Instantiating /home/travis/build/icyphy/ptII/ptolemy/actor/lib/test/auto/Switch2.xml
1 ms. Memory: 453632K Free: 309352K (68%)
----------------- Invoking toplevel() on ptolemy.moml.MoMLSimpleApplication@7c5cf132
----------------- Done invoking toplevel() on ptolemy.moml.MoMLSimpleApplication@7c5cf132
reloadAllAccessors: .Switch2

===========================================================================================
----------------- testing Tue Aug 25 15:38:57 UTC 2020 /home/travis/build/icyphy/ptII/ptolemy/actor/lib/test/auto/SwitchDE.xml
----------------- Instantiating /home/travis/build/icyphy/ptII/ptolemy/actor/lib/test/auto/SwitchDE.xml
7 ms. Memory: 453632K Free: 303178K (67%)
----------------- Invoking toplevel() on ptolemy.moml.MoMLSimpleApplication@1845243c
----------------- Done invoking toplevel() on ptolemy.moml.MoMLSimpleApplication@1845243c
reloadAllAccessors: .SwitchDE

===========================================================================================
----------------- testing Tue Aug 25 15:38:57 UTC 2020 /home/travis/build/icyphy/ptII/ptolemy/actor/lib/test/auto/SynchronizerDE.xml
----------------- Instantiating /home/travis/build/icyphy/ptII/ptolemy/actor/lib/test/auto/SynchronizerDE.xml
6 ms. Memory: 453632K Free: 294506K (65%)
----------------- Invoking toplevel() on ptolemy.moml.MoMLSimpleApplication@24daf730
----------------- Done invoking toplevel() on ptolemy.moml.MoMLSimpleApplication@24daf730
reloadAllAccessors: .SynchronizerDE

===========================================================================================
----------------- testing Tue Aug 25 15:38:57 UTC 2020 /home/travis/build/icyphy/ptII/ptolemy/actor/lib/test/auto/Test.xml
----------------- Instantiating /home/travis/build/icyphy/ptII/ptolemy/actor/lib/test/auto/Test.xml
1 ms. Memory: 453632K Free: 289386K (64%)
----------------- Invoking toplevel() on ptolemy.moml.MoMLSimpleApplication@5e4a41c9
----------------- Done invoking toplevel() on ptolemy.moml.MoMLSimpleApplication@5e4a41c9
reloadAllAccessors: .Test

===========================================================================================
----------------- testing Tue Aug 25 15:38:57 UTC 2020 /home/travis/build/icyphy/ptII/ptolemy/actor/lib/test/auto/TestExceptionAttribute1.xml
----------------- Instantiating /home/travis/build/icyphy/ptII/ptolemy/actor/lib/test/auto/TestExceptionAttribute1.xml
5 ms. Memory: 453632K Free: 285290K (63%)
----------------- Invoking toplevel() on ptolemy.moml.MoMLSimpleApplication@4cdf2868
----------------- Done invoking toplevel() on ptolemy.moml.MoMLSimpleApplication@4cdf2868
reloadAllAccessors: .TestExceptionAttribute1

===========================================================================================
----------------- testing Tue Aug 25 15:38:57 UTC 2020 /home/travis/build/icyphy/ptII/ptolemy/actor/lib/test/auto/TestExceptionAttribute2.xml
----------------- Instantiating /home/travis/build/icyphy/ptII/ptolemy/actor/lib/test/auto/TestExceptionAttribute2.xml
1 ms. Memory: 453632K Free: 281704K (62%)
----------------- Invoking toplevel() on ptolemy.moml.MoMLSimpleApplication@1c59f95d
----------------- Done invoking toplevel() on ptolemy.moml.MoMLSimpleApplication@1c59f95d
reloadAllAccessors: .TestExceptionAttribute2

===========================================================================================
----------------- testing Tue Aug 25 15:38:57 UTC 2020 /home/travis/build/icyphy/ptII/ptolemy/actor/lib/test/auto/TestExceptionAttribute3.xml
----------------- Instantiating /home/travis/build/icyphy/ptII/ptolemy/actor/lib/test/auto/TestExceptionAttribute3.xml
.TestExceptionAttribute3.TestExceptionAttribute: initialize() was not invoked, but wrapup() was.  This is unusual, but not always a problem.  For example, exporting JNLP will do this.
1 ms. Memory: 453632K Free: 278122K (61%)
----------------- Invoking toplevel() on ptolemy.moml.MoMLSimpleApplication@20e68759
----------------- Done invoking toplevel() on ptolemy.moml.MoMLSimpleApplication@20e68759
reloadAllAccessors: .TestExceptionAttribute3

===========================================================================================
----------------- testing Tue Aug 25 15:38:57 UTC 2020 /home/travis/build/icyphy/ptII/ptolemy/actor/lib/test/auto/TestExceptionAttribute4.xml
----------------- Instantiating /home/travis/build/icyphy/ptII/ptolemy/actor/lib/test/auto/TestExceptionAttribute4.xml
.TestExceptionAttribute4.TestExceptionAttribute: initialize() was not invoked, but wrapup() was.  This is unusual, but not always a problem.  For example, exporting JNLP will do this.
.TestExceptionAttribute4.TestExceptionAttribute2: initialize() was not invoked, but wrapup() was.  This is unusual, but not always a problem.  For example, exporting JNLP will do this.
1 ms. Memory: 453632K Free: 273512K (60%)
----------------- Invoking toplevel() on ptolemy.moml.MoMLSimpleApplication@57f0fc95
----------------- Done invoking toplevel() on ptolemy.moml.MoMLSimpleApplication@57f0fc95
reloadAllAccessors: .TestExceptionAttribute4

===========================================================================================
----------------- testing Tue Aug 25 15:38:57 UTC 2020 /home/travis/build/icyphy/ptII/ptolemy/actor/lib/test/auto/TestExceptionHandler1.xml
----------------- Instantiating /home/travis/build/icyphy/ptII/ptolemy/actor/lib/test/auto/TestExceptionHandler1.xml
1 ms. Memory: 453632K Free: 269930K (60%)
----------------- Invoking toplevel() on ptolemy.moml.MoMLSimpleApplication@cdd2099
----------------- Done invoking toplevel() on ptolemy.moml.MoMLSimpleApplication@cdd2099
reloadAllAccessors: .TestExceptionHandler1

===========================================================================================
----------------- testing Tue Aug 25 15:38:57 UTC 2020 /home/travis/build/icyphy/ptII/ptolemy/actor/lib/test/auto/TestExceptionHandler2.xml
----------------- Instantiating /home/travis/build/icyphy/ptII/ptolemy/actor/lib/test/auto/TestExceptionHandler2.xml
1 ms. Memory: 453632K Free: 266344K (59%)
----------------- Invoking toplevel() on ptolemy.moml.MoMLSimpleApplication@5009413b
----------------- Done invoking toplevel() on ptolemy.moml.MoMLSimpleApplication@5009413b
reloadAllAccessors: .TestExceptionHandler2

===========================================================================================
----------------- testing Tue Aug 25 15:38:57 UTC 2020 /home/travis/build/icyphy/ptII/ptolemy/actor/lib/test/auto/TestExceptionHandler3.xml
----------------- Instantiating /home/travis/build/icyphy/ptII/ptolemy/actor/lib/test/auto/TestExceptionHandler3.xml
0 ms. Memory: 453632K Free: 262248K (58%)
----------------- Invoking toplevel() on ptolemy.moml.MoMLSimpleApplication@bd59da0
----------------- Done invoking toplevel() on ptolemy.moml.MoMLSimpleApplication@bd59da0
reloadAllAccessors: .TestExceptionHandler3

===========================================================================================
----------------- testing Tue Aug 25 15:38:57 UTC 2020 /home/travis/build/icyphy/ptII/ptolemy/actor/lib/test/auto/TestExceptionHandler4.xml
----------------- Instantiating /home/travis/build/icyphy/ptII/ptolemy/actor/lib/test/auto/TestExceptionHandler4.xml
1 ms. Memory: 453632K Free: 258152K (57%)
----------------- Invoking toplevel() on ptolemy.moml.MoMLSimpleApplication@7a452cce
----------------- Done invoking toplevel() on ptolemy.moml.MoMLSimpleApplication@7a452cce
reloadAllAccessors: .TestExceptionHandler4

===========================================================================================
----------------- testing Tue Aug 25 15:38:57 UTC 2020 /home/travis/build/icyphy/ptII/ptolemy/actor/lib/test/auto/TestRequireCorrectOrder.xml
----------------- Instantiating /home/travis/build/icyphy/ptII/ptolemy/actor/lib/test/auto/TestRequireCorrectOrder.xml
3 ms. Memory: 453632K Free: 252522K (56%)
----------------- Invoking toplevel() on ptolemy.moml.MoMLSimpleApplication@7669e0d5
----------------- Done invoking toplevel() on ptolemy.moml.MoMLSimpleApplication@7669e0d5
reloadAllAccessors: .TestRequireCorrectOrder

===========================================================================================
----------------- testing Tue Aug 25 15:38:57 UTC 2020 /home/travis/build/icyphy/ptII/ptolemy/actor/lib/test/auto/TestSimple.xml
----------------- Instantiating /home/travis/build/icyphy/ptII/ptolemy/actor/lib/test/auto/TestSimple.xml
2 ms. Memory: 453632K Free: 248426K (55%)
----------------- Invoking toplevel() on ptolemy.moml.MoMLSimpleApplication@3c78c642
----------------- Done invoking toplevel() on ptolemy.moml.MoMLSimpleApplication@3c78c642
reloadAllAccessors: .TestSimple

===========================================================================================
----------------- testing Tue Aug 25 15:38:57 UTC 2020 /home/travis/build/icyphy/ptII/ptolemy/actor/lib/test/auto/ThrowModelError.xml
----------------- Instantiating /home/travis/build/icyphy/ptII/ptolemy/actor/lib/test/auto/ThrowModelError.xml
2 ms. Memory: 453632K Free: 243816K (54%)
----------------- Invoking toplevel() on ptolemy.moml.MoMLSimpleApplication@21441247
----------------- Done invoking toplevel() on ptolemy.moml.MoMLSimpleApplication@21441247
reloadAllAccessors: .ThrowModelError

===========================================================================================
----------------- testing Tue Aug 25 15:38:57 UTC 2020 /home/travis/build/icyphy/ptII/ptolemy/actor/lib/test/auto/TimeDelayMicrosteps.xml
----------------- Instantiating /home/travis/build/icyphy/ptII/ptolemy/actor/lib/test/auto/TimeDelayMicrosteps.xml
2 ms. Memory: 453632K Free: 236618K (52%)
----------------- Invoking toplevel() on ptolemy.moml.MoMLSimpleApplication@7c8374e8
----------------- Done invoking toplevel() on ptolemy.moml.MoMLSimpleApplication@7c8374e8
reloadAllAccessors: .TimeDelayMicrosteps

===========================================================================================
----------------- testing Tue Aug 25 15:38:57 UTC 2020 /home/travis/build/icyphy/ptII/ptolemy/actor/lib/test/auto/TimeDelayMicrosteps2.xml
----------------- Instantiating /home/travis/build/icyphy/ptII/ptolemy/actor/lib/test/auto/TimeDelayMicrosteps2.xml
5 ms. Memory: 453632K Free: 229466K (51%)
----------------- Invoking toplevel() on ptolemy.moml.MoMLSimpleApplication@1a973209
----------------- Done invoking toplevel() on ptolemy.moml.MoMLSimpleApplication@1a973209
reloadAllAccessors: .TimeDelayMicrosteps2

===========================================================================================
----------------- testing Tue Aug 25 15:38:57 UTC 2020 /home/travis/build/icyphy/ptII/ptolemy/actor/lib/test/auto/TimeDelayMicrosteps3.xml
----------------- Instantiating /home/travis/build/icyphy/ptII/ptolemy/actor/lib/test/auto/TimeDelayMicrosteps3.xml
3 ms. Memory: 453632K Free: 222282K (49%)
----------------- Invoking toplevel() on ptolemy.moml.MoMLSimpleApplication@2d485e2f
----------------- Done invoking toplevel() on ptolemy.moml.MoMLSimpleApplication@2d485e2f
reloadAllAccessors: .TimeDelayMicrosteps3

===========================================================================================
----------------- testing Tue Aug 25 15:38:57 UTC 2020 /home/travis/build/icyphy/ptII/ptolemy/actor/lib/test/auto/TimeDelayVariableMicrosteps.xml
----------------- Instantiating /home/travis/build/icyphy/ptII/ptolemy/actor/lib/test/auto/TimeDelayVariableMicrosteps.xml
3 ms. Memory: 453632K Free: 215658K (48%)
----------------- Invoking toplevel() on ptolemy.moml.MoMLSimpleApplication@56eb6190
----------------- Done invoking toplevel() on ptolemy.moml.MoMLSimpleApplication@56eb6190
reloadAllAccessors: .TimeDelayVariableMicrosteps

===========================================================================================
----------------- testing Tue Aug 25 15:38:57 UTC 2020 /home/travis/build/icyphy/ptII/ptolemy/actor/lib/test/auto/TimeGap.xml
----------------- Instantiating /home/travis/build/icyphy/ptII/ptolemy/actor/lib/test/auto/TimeGap.xml
3 ms. Memory: 453632K Free: 209994K (46%)
----------------- Invoking toplevel() on ptolemy.moml.MoMLSimpleApplication@6d62240b
----------------- Done invoking toplevel() on ptolemy.moml.MoMLSimpleApplication@6d62240b
reloadAllAccessors: .TimeGap

===========================================================================================
----------------- testing Tue Aug 25 15:38:57 UTC 2020 /home/travis/build/icyphy/ptII/ptolemy/actor/lib/test/auto/TimeGap2.xml
----------------- Instantiating /home/travis/build/icyphy/ptII/ptolemy/actor/lib/test/auto/TimeGap2.xml
2 ms. Memory: 453632K Free: 204394K (45%)
----------------- Invoking toplevel() on ptolemy.moml.MoMLSimpleApplication@4315c1e6
----------------- Done invoking toplevel() on ptolemy.moml.MoMLSimpleApplication@4315c1e6
reloadAllAccessors: .TimeGap2

===========================================================================================
----------------- testing Tue Aug 25 15:38:57 UTC 2020 /home/travis/build/icyphy/ptII/ptolemy/actor/lib/test/auto/TimedSinewave.xml
----------------- Instantiating /home/travis/build/icyphy/ptII/ptolemy/actor/lib/test/auto/TimedSinewave.xml
24 ms. Memory: 453632K Free: 189544K (42%)
----------------- Invoking toplevel() on ptolemy.moml.MoMLSimpleApplication@54d7f9e4
----------------- Done invoking toplevel() on ptolemy.moml.MoMLSimpleApplication@54d7f9e4
reloadAllAccessors: .TimedSinewave

===========================================================================================
----------------- testing Tue Aug 25 15:38:57 UTC 2020 /home/travis/build/icyphy/ptII/ptolemy/actor/lib/test/auto/TimedSinewavePhase.xml
----------------- Instantiating /home/travis/build/icyphy/ptII/ptolemy/actor/lib/test/auto/TimedSinewavePhase.xml
9 ms. Memory: 453632K Free: 179818K (40%)
----------------- Invoking toplevel() on ptolemy.moml.MoMLSimpleApplication@33d1214f
----------------- Done invoking toplevel() on ptolemy.moml.MoMLSimpleApplication@33d1214f
reloadAllAccessors: .TimedSinewavePhase

===========================================================================================
----------------- testing Tue Aug 25 15:38:57 UTC 2020 /home/travis/build/icyphy/ptII/ptolemy/actor/lib/test/auto/Timer.xml
----------------- Instantiating /home/travis/build/icyphy/ptII/ptolemy/actor/lib/test/auto/Timer.xml
3 ms. Memory: 453632K Free: 173674K (38%)
----------------- Invoking toplevel() on ptolemy.moml.MoMLSimpleApplication@32746d23
----------------- Done invoking toplevel() on ptolemy.moml.MoMLSimpleApplication@32746d23
reloadAllAccessors: .Timer

===========================================================================================
----------------- testing Tue Aug 25 15:38:57 UTC 2020 /home/travis/build/icyphy/ptII/ptolemy/actor/lib/test/auto/TriangularDistTestModel.xml
----------------- Instantiating /home/travis/build/icyphy/ptII/ptolemy/actor/lib/test/auto/TriangularDistTestModel.xml
2 ms. Memory: 453632K Free: 168026K (37%)
----------------- Invoking toplevel() on ptolemy.moml.MoMLSimpleApplication@43da62be
----------------- Done invoking toplevel() on ptolemy.moml.MoMLSimpleApplication@43da62be
reloadAllAccessors: .TriangularDistTestModel

===========================================================================================
----------------- testing Tue Aug 25 15:38:57 UTC 2020 /home/travis/build/icyphy/ptII/ptolemy/actor/lib/test/auto/TrigFunction.xml
----------------- Instantiating /home/travis/build/icyphy/ptII/ptolemy/actor/lib/test/auto/TrigFunction.xml
2 ms. Memory: 453632K Free: 162920K (36%)
----------------- Invoking toplevel() on ptolemy.moml.MoMLSimpleApplication@645e5621
----------------- Done invoking toplevel() on ptolemy.moml.MoMLSimpleApplication@645e5621
reloadAllAccessors: .TrigFunction

===========================================================================================
----------------- testing Tue Aug 25 15:38:57 UTC 2020 /home/travis/build/icyphy/ptII/ptolemy/actor/lib/test/auto/TrigFunctionDE.xml
----------------- Instantiating /home/travis/build/icyphy/ptII/ptolemy/actor/lib/test/auto/TrigFunctionDE.xml
1 ms. Memory: 453632K Free: 156770K (35%)
----------------- Invoking toplevel() on ptolemy.moml.MoMLSimpleApplication@114293a2
----------------- Done invoking toplevel() on ptolemy.moml.MoMLSimpleApplication@114293a2
reloadAllAccessors: .TrigFunctionDE

===========================================================================================
----------------- testing Tue Aug 25 15:38:57 UTC 2020 /home/travis/build/icyphy/ptII/ptolemy/actor/lib/test/auto/TrigFunctionInverse.xml
----------------- Instantiating /home/travis/build/icyphy/ptII/ptolemy/actor/lib/test/auto/TrigFunctionInverse.xml
2 ms. Memory: 453632K Free: 151656K (33%)
----------------- Invoking toplevel() on ptolemy.moml.MoMLSimpleApplication@74813b00
----------------- Done invoking toplevel() on ptolemy.moml.MoMLSimpleApplication@74813b00
reloadAllAccessors: .TrigFunctionInverse

===========================================================================================
----------------- testing Tue Aug 25 15:38:57 UTC 2020 /home/travis/build/icyphy/ptII/ptolemy/actor/lib/test/auto/TrigFunctionTan.xml
----------------- Instantiating /home/travis/build/icyphy/ptII/ptolemy/actor/lib/test/auto/TrigFunctionTan.xml
2 ms. Memory: 453632K Free: 146536K (32%)
----------------- Invoking toplevel() on ptolemy.moml.MoMLSimpleApplication@29c5015f
----------------- Done invoking toplevel() on ptolemy.moml.MoMLSimpleApplication@29c5015f
reloadAllAccessors: .TrigFunctionTan

===========================================================================================
----------------- testing Tue Aug 25 15:38:57 UTC 2020 /home/travis/build/icyphy/ptII/ptolemy/actor/lib/test/auto/TriggeredClock.xml
----------------- Instantiating /home/travis/build/icyphy/ptII/ptolemy/actor/lib/test/auto/TriggeredClock.xml
1 ms. Memory: 453632K Free: 141402K (31%)
----------------- Invoking toplevel() on ptolemy.moml.MoMLSimpleApplication@3f4fe887
----------------- Done invoking toplevel() on ptolemy.moml.MoMLSimpleApplication@3f4fe887
reloadAllAccessors: .TriggeredClock

===========================================================================================
----------------- testing Tue Aug 25 15:38:57 UTC 2020 /home/travis/build/icyphy/ptII/ptolemy/actor/lib/test/auto/URLDirectoryReader.xml
----------------- Instantiating /home/travis/build/icyphy/ptII/ptolemy/actor/lib/test/auto/URLDirectoryReader.xml
37 ms. Memory: 453632K Free: 400067K (88%)
----------------- Invoking toplevel() on ptolemy.moml.MoMLSimpleApplication@49724f2c
----------------- Done invoking toplevel() on ptolemy.moml.MoMLSimpleApplication@49724f2c
reloadAllAccessors: .URLDirectoryReader

===========================================================================================
----------------- testing Tue Aug 25 15:38:58 UTC 2020 /home/travis/build/icyphy/ptII/ptolemy/actor/lib/test/auto/URLDirectoryReader3.xml
----------------- Instantiating /home/travis/build/icyphy/ptII/ptolemy/actor/lib/test/auto/URLDirectoryReader3.xml
1459 ms. Memory: 453632K Free: 393764K (87%)
----------------- Invoking toplevel() on ptolemy.moml.MoMLSimpleApplication@15fce167
----------------- Done invoking toplevel() on ptolemy.moml.MoMLSimpleApplication@15fce167
reloadAllAccessors: .URLDirectoryReader3

===========================================================================================
----------------- testing Tue Aug 25 15:38:59 UTC 2020 /home/travis/build/icyphy/ptII/ptolemy/actor/lib/test/auto/UnaryMathFunction.xml
----------------- Instantiating /home/travis/build/icyphy/ptII/ptolemy/actor/lib/test/auto/UnaryMathFunction.xml
4 ms. Memory: 453632K Free: 386026K (85%)
----------------- Invoking toplevel() on ptolemy.moml.MoMLSimpleApplication@d3bdd47
----------------- Done invoking toplevel() on ptolemy.moml.MoMLSimpleApplication@d3bdd47
reloadAllAccessors: .UnaryMathFunction

===========================================================================================
----------------- testing Tue Aug 25 15:38:59 UTC 2020 /home/travis/build/icyphy/ptII/ptolemy/actor/lib/test/auto/Uniform.xml
----------------- Instantiating /home/travis/build/icyphy/ptII/ptolemy/actor/lib/test/auto/Uniform.xml
7 ms. Memory: 453632K Free: 381420K (84%)
----------------- Invoking toplevel() on ptolemy.moml.MoMLSimpleApplication@52faab15
----------------- Done invoking toplevel() on ptolemy.moml.MoMLSimpleApplication@52faab15
reloadAllAccessors: .Uniform

===========================================================================================
----------------- testing Tue Aug 25 15:39:00 UTC 2020 /home/travis/build/icyphy/ptII/ptolemy/actor/lib/test/auto/UnionDisassemblerTest.xml
----------------- Instantiating /home/travis/build/icyphy/ptII/ptolemy/actor/lib/test/auto/UnionDisassemblerTest.xml
16 ms. Memory: 453632K Free: 377324K (83%)
----------------- Invoking toplevel() on ptolemy.moml.MoMLSimpleApplication@7a1f00be
----------------- Done invoking toplevel() on ptolemy.moml.MoMLSimpleApplication@7a1f00be
reloadAllAccessors: .UnionDisassemblerTest

===========================================================================================
----------------- testing Tue Aug 25 15:39:00 UTC 2020 /home/travis/build/icyphy/ptII/ptolemy/actor/lib/test/auto/UtilityFunctions.xml
----------------- Instantiating /home/travis/build/icyphy/ptII/ptolemy/actor/lib/test/auto/UtilityFunctions.xml
1 ms. Memory: 453632K Free: 373228K (82%)
----------------- Invoking toplevel() on ptolemy.moml.MoMLSimpleApplication@326d824e
----------------- Done invoking toplevel() on ptolemy.moml.MoMLSimpleApplication@326d824e
reloadAllAccessors: .UtilityFunctions

===========================================================================================
----------------- testing Tue Aug 25 15:39:00 UTC 2020 /home/travis/build/icyphy/ptII/ptolemy/actor/lib/test/auto/VariableSleep.xml
----------------- Instantiating /home/travis/build/icyphy/ptII/ptolemy/actor/lib/test/auto/VariableSleep.xml
502 ms. Memory: 453632K Free: 368108K (81%)
----------------- Invoking toplevel() on ptolemy.moml.MoMLSimpleApplication@4fca12d0
----------------- Done invoking toplevel() on ptolemy.moml.MoMLSimpleApplication@4fca12d0
reloadAllAccessors: .VariableSleep

===========================================================================================
----------------- testing Tue Aug 25 15:39:00 UTC 2020 /home/travis/build/icyphy/ptII/ptolemy/actor/lib/test/auto/VectorAssemblerDisassemblerCT.xml
----------------- Instantiating /home/travis/build/icyphy/ptII/ptolemy/actor/lib/test/auto/VectorAssemblerDisassemblerCT.xml
76 ms. Memory: 453632K Free: 347628K (77%)
----------------- Invoking toplevel() on ptolemy.moml.MoMLSimpleApplication@7252778f
----------------- Done invoking toplevel() on ptolemy.moml.MoMLSimpleApplication@7252778f
reloadAllAccessors: .VectorAssemblerDisassemblerCT

===========================================================================================
----------------- testing Tue Aug 25 15:39:00 UTC 2020 /home/travis/build/icyphy/ptII/ptolemy/actor/lib/test/auto/VectorAssemblerDisassemblerDE.xml
----------------- Instantiating /home/travis/build/icyphy/ptII/ptolemy/actor/lib/test/auto/VectorAssemblerDisassemblerDE.xml
3 ms. Memory: 453632K Free: 340460K (75%)
----------------- Invoking toplevel() on ptolemy.moml.MoMLSimpleApplication@359fbfa8
----------------- Done invoking toplevel() on ptolemy.moml.MoMLSimpleApplication@359fbfa8
reloadAllAccessors: .VectorAssemblerDisassemblerDE

===========================================================================================
----------------- testing Tue Aug 25 15:39:00 UTC 2020 /home/travis/build/icyphy/ptII/ptolemy/actor/lib/test/auto/VectorAssemblerDisassemblerSDF.xml
----------------- Instantiating /home/travis/build/icyphy/ptII/ptolemy/actor/lib/test/auto/VectorAssemblerDisassemblerSDF.xml
5 ms. Memory: 453632K Free: 333796K (74%)
----------------- Invoking toplevel() on ptolemy.moml.MoMLSimpleApplication@c82bf3
----------------- Done invoking toplevel() on ptolemy.moml.MoMLSimpleApplication@c82bf3
reloadAllAccessors: .VectorAssemblerDisassemblerSDF

===========================================================================================
----------------- testing Tue Aug 25 15:39:00 UTC 2020 /home/travis/build/icyphy/ptII/ptolemy/actor/lib/test/auto/WallClockTime.xml
----------------- Instantiating /home/travis/build/icyphy/ptII/ptolemy/actor/lib/test/auto/WallClockTime.xml
1004 ms. Memory: 453632K Free: 328172K (72%)
----------------- Invoking toplevel() on ptolemy.moml.MoMLSimpleApplication@552d6429
----------------- Done invoking toplevel() on ptolemy.moml.MoMLSimpleApplication@552d6429
reloadAllAccessors: .WallClockTime

===========================================================================================
----------------- testing Tue Aug 25 15:39:01 UTC 2020 /home/travis/build/icyphy/ptII/ptolemy/actor/lib/test/auto/WidthTestWithSubscriberPublisher.xml
----------------- Instantiating /home/travis/build/icyphy/ptII/ptolemy/actor/lib/test/auto/WidthTestWithSubscriberPublisher.xml
8 ms. Memory: 453632K Free: 310250K (68%)
----------------- Invoking toplevel() on ptolemy.moml.MoMLSimpleApplication@2adbfb3a
----------------- Done invoking toplevel() on ptolemy.moml.MoMLSimpleApplication@2adbfb3a
reloadAllAccessors: .WidthTestWithSubscriberPublisher

===========================================================================================
----------------- testing Tue Aug 25 15:39:01 UTC 2020 /home/travis/build/icyphy/ptII/ptolemy/actor/lib/test/auto/WidthTestWithSubscriberPublisher2.xml
----------------- Instantiating /home/travis/build/icyphy/ptII/ptolemy/actor/lib/test/auto/WidthTestWithSubscriberPublisher2.xml
2 ms. Memory: 453632K Free: 304106K (67%)
----------------- Invoking toplevel() on ptolemy.moml.MoMLSimpleApplication@17aca3be
----------------- Done invoking toplevel() on ptolemy.moml.MoMLSimpleApplication@17aca3be
reloadAllAccessors: .WidthTestWithSubscriberPublisher2

===========================================================================================
----------------- testing Tue Aug 25 15:39:01 UTC 2020 /home/travis/build/icyphy/ptII/ptolemy/actor/lib/test/auto/WidthTestWithSubscriberPublisher3.xml
----------------- Instantiating /home/travis/build/icyphy/ptII/ptolemy/actor/lib/test/auto/WidthTestWithSubscriberPublisher3.xml
2 ms. Memory: 453632K Free: 297452K (66%)
----------------- Invoking toplevel() on ptolemy.moml.MoMLSimpleApplication@30921eaa
----------------- Done invoking toplevel() on ptolemy.moml.MoMLSimpleApplication@30921eaa
reloadAllAccessors: .WidthTestWithSubscriberPublisher3

===========================================================================================
----------------- testing Tue Aug 25 15:39:01 UTC 2020 /home/travis/build/icyphy/ptII/ptolemy/actor/lib/test/auto/Writer.xml
----------------- Instantiating /home/travis/build/icyphy/ptII/ptolemy/actor/lib/test/auto/Writer.xml
0
1
2
3
4
1 ms. Memory: 453632K Free: 293356K (65%)
----------------- Invoking toplevel() on ptolemy.moml.MoMLSimpleApplication@161ee0a4
----------------- Done invoking toplevel() on ptolemy.moml.MoMLSimpleApplication@161ee0a4
reloadAllAccessors: .Writer

===========================================================================================
----------------- testing Tue Aug 25 15:39:01 UTC 2020 /home/travis/build/icyphy/ptII/ptolemy/actor/lib/test/auto/array.xml
----------------- Instantiating /home/travis/build/icyphy/ptII/ptolemy/actor/lib/test/auto/array.xml
2 ms. Memory: 453632K Free: 288746K (64%)
----------------- Invoking toplevel() on ptolemy.moml.MoMLSimpleApplication@4e98a37d
----------------- Done invoking toplevel() on ptolemy.moml.MoMLSimpleApplication@4e98a37d
reloadAllAccessors: .array

===========================================================================================
----------------- testing Tue Aug 25 15:39:01 UTC 2020 /home/travis/build/icyphy/ptII/ptolemy/actor/lib/test/auto/array2.xml
----------------- Instantiating /home/travis/build/icyphy/ptII/ptolemy/actor/lib/test/auto/array2.xml
7 ms. Memory: 453632K Free: 283116K (62%)
----------------- Invoking toplevel() on ptolemy.moml.MoMLSimpleApplication@1bc04a27
----------------- Done invoking toplevel() on ptolemy.moml.MoMLSimpleApplication@1bc04a27
reloadAllAccessors: .array2

===========================================================================================
----------------- testing Tue Aug 25 15:39:01 UTC 2020 /home/travis/build/icyphy/ptII/ptolemy/actor/lib/test/auto/arrayType.xml
----------------- Instantiating /home/travis/build/icyphy/ptII/ptolemy/actor/lib/test/auto/arrayType.xml
2 ms. Memory: 453632K Free: 277996K (61%)
----------------- Invoking toplevel() on ptolemy.moml.MoMLSimpleApplication@4971fb58
----------------- Done invoking toplevel() on ptolemy.moml.MoMLSimpleApplication@4971fb58
reloadAllAccessors: .arrayType

===========================================================================================
----------------- testing Tue Aug 25 15:39:01 UTC 2020 /home/travis/build/icyphy/ptII/ptolemy/actor/lib/test/auto/arrayType10.xml
----------------- Instantiating /home/travis/build/icyphy/ptII/ptolemy/actor/lib/test/auto/arrayType10.xml
2 ms. Memory: 453632K Free: 273386K (60%)
----------------- Invoking toplevel() on ptolemy.moml.MoMLSimpleApplication@683e6420
----------------- Done invoking toplevel() on ptolemy.moml.MoMLSimpleApplication@683e6420
reloadAllAccessors: .arrayType10

===========================================================================================
----------------- testing Tue Aug 25 15:39:01 UTC 2020 /home/travis/build/icyphy/ptII/ptolemy/actor/lib/test/auto/arrayType11.xml
----------------- Instantiating /home/travis/build/icyphy/ptII/ptolemy/actor/lib/test/auto/arrayType11.xml
2 ms. Memory: 453632K Free: 268266K (59%)
----------------- Invoking toplevel() on ptolemy.moml.MoMLSimpleApplication@2ce009e7
----------------- Done invoking toplevel() on ptolemy.moml.MoMLSimpleApplication@2ce009e7
reloadAllAccessors: .arrayType11

===========================================================================================
----------------- testing Tue Aug 25 15:39:01 UTC 2020 /home/travis/build/icyphy/ptII/ptolemy/actor/lib/test/auto/arrayType12.xml
----------------- Instantiating /home/travis/build/icyphy/ptII/ptolemy/actor/lib/test/auto/arrayType12.xml
1 ms. Memory: 453632K Free: 263660K (58%)
----------------- Invoking toplevel() on ptolemy.moml.MoMLSimpleApplication@5345fc78
----------------- Done invoking toplevel() on ptolemy.moml.MoMLSimpleApplication@5345fc78
reloadAllAccessors: .arrayType12

===========================================================================================
----------------- testing Tue Aug 25 15:39:01 UTC 2020 /home/travis/build/icyphy/ptII/ptolemy/actor/lib/test/auto/arrayType13.xml
----------------- Instantiating /home/travis/build/icyphy/ptII/ptolemy/actor/lib/test/auto/arrayType13.xml
1 ms. Memory: 453632K Free: 258026K (57%)
----------------- Invoking toplevel() on ptolemy.moml.MoMLSimpleApplication@7f5027f5
----------------- Done invoking toplevel() on ptolemy.moml.MoMLSimpleApplication@7f5027f5
reloadAllAccessors: .arrayType13

===========================================================================================
----------------- testing Tue Aug 25 15:39:01 UTC 2020 /home/travis/build/icyphy/ptII/ptolemy/actor/lib/test/auto/arrayType14.xml
----------------- Instantiating /home/travis/build/icyphy/ptII/ptolemy/actor/lib/test/auto/arrayType14.xml
2 ms. Memory: 453632K Free: 252906K (56%)
----------------- Invoking toplevel() on ptolemy.moml.MoMLSimpleApplication@6d2d7043
----------------- Done invoking toplevel() on ptolemy.moml.MoMLSimpleApplication@6d2d7043
reloadAllAccessors: .arrayType14

===========================================================================================
----------------- testing Tue Aug 25 15:39:01 UTC 2020 /home/travis/build/icyphy/ptII/ptolemy/actor/lib/test/auto/arrayType15.xml
----------------- Instantiating /home/travis/build/icyphy/ptII/ptolemy/actor/lib/test/auto/arrayType15.xml
3 ms. Memory: 453632K Free: 247786K (55%)
----------------- Invoking toplevel() on ptolemy.moml.MoMLSimpleApplication@ad4ee6c
----------------- Done invoking toplevel() on ptolemy.moml.MoMLSimpleApplication@ad4ee6c
reloadAllAccessors: .arrayType15

===========================================================================================
----------------- testing Tue Aug 25 15:39:01 UTC 2020 /home/travis/build/icyphy/ptII/ptolemy/actor/lib/test/auto/arrayType16.xml
----------------- Instantiating /home/travis/build/icyphy/ptII/ptolemy/actor/lib/test/auto/arrayType16.xml
2 ms. Memory: 453632K Free: 242156K (53%)
----------------- Invoking toplevel() on ptolemy.moml.MoMLSimpleApplication@4cd2e0b6
----------------- Done invoking toplevel() on ptolemy.moml.MoMLSimpleApplication@4cd2e0b6
reloadAllAccessors: .arrayType16

===========================================================================================
----------------- testing Tue Aug 25 15:39:01 UTC 2020 /home/travis/build/icyphy/ptII/ptolemy/actor/lib/test/auto/arrayType17.xml
----------------- Instantiating /home/travis/build/icyphy/ptII/ptolemy/actor/lib/test/auto/arrayType17.xml
2 ms. Memory: 453632K Free: 237036K (52%)
----------------- Invoking toplevel() on ptolemy.moml.MoMLSimpleApplication@5ff4e35c
----------------- Done invoking toplevel() on ptolemy.moml.MoMLSimpleApplication@5ff4e35c
reloadAllAccessors: .arrayType17

===========================================================================================
----------------- testing Tue Aug 25 15:39:01 UTC 2020 /home/travis/build/icyphy/ptII/ptolemy/actor/lib/test/auto/arrayType18.xml
----------------- Instantiating /home/travis/build/icyphy/ptII/ptolemy/actor/lib/test/auto/arrayType18.xml
1 ms. Memory: 453632K Free: 232426K (51%)
----------------- Invoking toplevel() on ptolemy.moml.MoMLSimpleApplication@51ee051f
----------------- Done invoking toplevel() on ptolemy.moml.MoMLSimpleApplication@51ee051f
reloadAllAccessors: .arrayType18

===========================================================================================
----------------- testing Tue Aug 25 15:39:01 UTC 2020 /home/travis/build/icyphy/ptII/ptolemy/actor/lib/test/auto/arrayType19.xml
----------------- Instantiating /home/travis/build/icyphy/ptII/ptolemy/actor/lib/test/auto/arrayType19.xml
2 ms. Memory: 453632K Free: 227306K (50%)
----------------- Invoking toplevel() on ptolemy.moml.MoMLSimpleApplication@69a3cb77
----------------- Done invoking toplevel() on ptolemy.moml.MoMLSimpleApplication@69a3cb77
reloadAllAccessors: .arrayType19

===========================================================================================
----------------- testing Tue Aug 25 15:39:01 UTC 2020 /home/travis/build/icyphy/ptII/ptolemy/actor/lib/test/auto/arrayType2.xml
----------------- Instantiating /home/travis/build/icyphy/ptII/ptolemy/actor/lib/test/auto/arrayType2.xml
2 ms. Memory: 453632K Free: 222186K (49%)
----------------- Invoking toplevel() on ptolemy.moml.MoMLSimpleApplication@4c7aa3a5
----------------- Done invoking toplevel() on ptolemy.moml.MoMLSimpleApplication@4c7aa3a5
reloadAllAccessors: .arrayType2

===========================================================================================
----------------- testing Tue Aug 25 15:39:01 UTC 2020 /home/travis/build/icyphy/ptII/ptolemy/actor/lib/test/auto/arrayType20.xml
----------------- Instantiating /home/travis/build/icyphy/ptII/ptolemy/actor/lib/test/auto/arrayType20.xml
2 ms. Memory: 453632K Free: 216042K (48%)
----------------- Invoking toplevel() on ptolemy.moml.MoMLSimpleApplication@7bf810fa
----------------- Done invoking toplevel() on ptolemy.moml.MoMLSimpleApplication@7bf810fa
reloadAllAccessors: .arrayType20

===========================================================================================
----------------- testing Tue Aug 25 15:39:01 UTC 2020 /home/travis/build/icyphy/ptII/ptolemy/actor/lib/test/auto/arrayType21.xml
----------------- Instantiating /home/travis/build/icyphy/ptII/ptolemy/actor/lib/test/auto/arrayType21.xml
1 ms. Memory: 453632K Free: 211436K (47%)
----------------- Invoking toplevel() on ptolemy.moml.MoMLSimpleApplication@36b2e705
----------------- Done invoking toplevel() on ptolemy.moml.MoMLSimpleApplication@36b2e705
reloadAllAccessors: .arrayType21

===========================================================================================
----------------- testing Tue Aug 25 15:39:02 UTC 2020 /home/travis/build/icyphy/ptII/ptolemy/actor/lib/test/auto/arrayType22.xml
----------------- Instantiating /home/travis/build/icyphy/ptII/ptolemy/actor/lib/test/auto/arrayType22.xml
2 ms. Memory: 453632K Free: 206826K (46%)
----------------- Invoking toplevel() on ptolemy.moml.MoMLSimpleApplication@7d5c70b1
----------------- Done invoking toplevel() on ptolemy.moml.MoMLSimpleApplication@7d5c70b1
reloadAllAccessors: .arrayType22

===========================================================================================
----------------- testing Tue Aug 25 15:39:02 UTC 2020 /home/travis/build/icyphy/ptII/ptolemy/actor/lib/test/auto/arrayType23.xml
----------------- Instantiating /home/travis/build/icyphy/ptII/ptolemy/actor/lib/test/auto/arrayType23.xml
1 ms. Memory: 453632K Free: 201706K (44%)
----------------- Invoking toplevel() on ptolemy.moml.MoMLSimpleApplication@36328b1b
----------------- Done invoking toplevel() on ptolemy.moml.MoMLSimpleApplication@36328b1b
reloadAllAccessors: .arrayType23

===========================================================================================
----------------- testing Tue Aug 25 15:39:02 UTC 2020 /home/travis/build/icyphy/ptII/ptolemy/actor/lib/test/auto/arrayType24.xml
----------------- Instantiating /home/travis/build/icyphy/ptII/ptolemy/actor/lib/test/auto/arrayType24.xml
6 ms. Memory: 453632K Free: 197100K (43%)
----------------- Invoking toplevel() on ptolemy.moml.MoMLSimpleApplication@7b840cb3
----------------- Done invoking toplevel() on ptolemy.moml.MoMLSimpleApplication@7b840cb3
reloadAllAccessors: .arrayType24

===========================================================================================
----------------- testing Tue Aug 25 15:39:02 UTC 2020 /home/travis/build/icyphy/ptII/ptolemy/actor/lib/test/auto/arrayType25.xml
----------------- Instantiating /home/travis/build/icyphy/ptII/ptolemy/actor/lib/test/auto/arrayType25.xml
1 ms. Memory: 453632K Free: 191980K (42%)
----------------- Invoking toplevel() on ptolemy.moml.MoMLSimpleApplication@387a59ba
----------------- Done invoking toplevel() on ptolemy.moml.MoMLSimpleApplication@387a59ba
reloadAllAccessors: .arrayType25

===========================================================================================
----------------- testing Tue Aug 25 15:39:02 UTC 2020 /home/travis/build/icyphy/ptII/ptolemy/actor/lib/test/auto/arrayType26.xml
----------------- Instantiating /home/travis/build/icyphy/ptII/ptolemy/actor/lib/test/auto/arrayType26.xml
1 ms. Memory: 453632K Free: 186346K (41%)
----------------- Invoking toplevel() on ptolemy.moml.MoMLSimpleApplication@3f293464
----------------- Done invoking toplevel() on ptolemy.moml.MoMLSimpleApplication@3f293464
reloadAllAccessors: .arrayType26

===========================================================================================
----------------- testing Tue Aug 25 15:39:02 UTC 2020 /home/travis/build/icyphy/ptII/ptolemy/actor/lib/test/auto/arrayType27.xml
----------------- Instantiating /home/travis/build/icyphy/ptII/ptolemy/actor/lib/test/auto/arrayType27.xml
1 ms. Memory: 453632K Free: 181226K (40%)
----------------- Invoking toplevel() on ptolemy.moml.MoMLSimpleApplication@7f3fe95b
----------------- Done invoking toplevel() on ptolemy.moml.MoMLSimpleApplication@7f3fe95b
reloadAllAccessors: .arrayType27

===========================================================================================
----------------- testing Tue Aug 25 15:39:02 UTC 2020 /home/travis/build/icyphy/ptII/ptolemy/actor/lib/test/auto/arrayType28.xml
----------------- Instantiating /home/travis/build/icyphy/ptII/ptolemy/actor/lib/test/auto/arrayType28.xml
4 ms. Memory: 453632K Free: 175596K (39%)
----------------- Invoking toplevel() on ptolemy.moml.MoMLSimpleApplication@35533570
----------------- Done invoking toplevel() on ptolemy.moml.MoMLSimpleApplication@35533570
reloadAllAccessors: .arrayType28

===========================================================================================
----------------- testing Tue Aug 25 15:39:02 UTC 2020 /home/travis/build/icyphy/ptII/ptolemy/actor/lib/test/auto/arrayType3.xml
----------------- Instantiating /home/travis/build/icyphy/ptII/ptolemy/actor/lib/test/auto/arrayType3.xml
2 ms. Memory: 453632K Free: 170476K (38%)
----------------- Invoking toplevel() on ptolemy.moml.MoMLSimpleApplication@3bf51217
----------------- Done invoking toplevel() on ptolemy.moml.MoMLSimpleApplication@3bf51217
reloadAllAccessors: .arrayType3

===========================================================================================
----------------- testing Tue Aug 25 15:39:02 UTC 2020 /home/travis/build/icyphy/ptII/ptolemy/actor/lib/test/auto/arrayType4.xml
----------------- Instantiating /home/travis/build/icyphy/ptII/ptolemy/actor/lib/test/auto/arrayType4.xml
1 ms. Memory: 453632K Free: 164828K (36%)
----------------- Invoking toplevel() on ptolemy.moml.MoMLSimpleApplication@5cc0750c
----------------- Done invoking toplevel() on ptolemy.moml.MoMLSimpleApplication@5cc0750c
reloadAllAccessors: .arrayType4

===========================================================================================
----------------- testing Tue Aug 25 15:39:02 UTC 2020 /home/travis/build/icyphy/ptII/ptolemy/actor/lib/test/auto/arrayType5.xml
----------------- Instantiating /home/travis/build/icyphy/ptII/ptolemy/actor/lib/test/auto/arrayType5.xml
2 ms. Memory: 453632K Free: 396091K (87%)
----------------- Invoking toplevel() on ptolemy.moml.MoMLSimpleApplication@582d009e
----------------- Done invoking toplevel() on ptolemy.moml.MoMLSimpleApplication@582d009e
reloadAllAccessors: .arrayType5

===========================================================================================
----------------- testing Tue Aug 25 15:39:02 UTC 2020 /home/travis/build/icyphy/ptII/ptolemy/actor/lib/test/auto/arrayType6.xml
----------------- Instantiating /home/travis/build/icyphy/ptII/ptolemy/actor/lib/test/auto/arrayType6.xml
1 ms. Memory: 453632K Free: 390971K (86%)
----------------- Invoking toplevel() on ptolemy.moml.MoMLSimpleApplication@3b830718
----------------- Done invoking toplevel() on ptolemy.moml.MoMLSimpleApplication@3b830718
reloadAllAccessors: .arrayType6

===========================================================================================
----------------- testing Tue Aug 25 15:39:02 UTC 2020 /home/travis/build/icyphy/ptII/ptolemy/actor/lib/test/auto/arrayType7.xml
----------------- Instantiating /home/travis/build/icyphy/ptII/ptolemy/actor/lib/test/auto/arrayType7.xml
1 ms. Memory: 453632K Free: 386361K (85%)
----------------- Invoking toplevel() on ptolemy.moml.MoMLSimpleApplication@7465afd4
----------------- Done invoking toplevel() on ptolemy.moml.MoMLSimpleApplication@7465afd4
reloadAllAccessors: .arrayType7

===========================================================================================
----------------- testing Tue Aug 25 15:39:02 UTC 2020 /home/travis/build/icyphy/ptII/ptolemy/actor/lib/test/auto/arrayType8.xml
----------------- Instantiating /home/travis/build/icyphy/ptII/ptolemy/actor/lib/test/auto/arrayType8.xml
2 ms. Memory: 453632K Free: 381241K (84%)
----------------- Invoking toplevel() on ptolemy.moml.MoMLSimpleApplication@3b0ebac2
----------------- Done invoking toplevel() on ptolemy.moml.MoMLSimpleApplication@3b0ebac2
reloadAllAccessors: .arrayType8

===========================================================================================
----------------- testing Tue Aug 25 15:39:02 UTC 2020 /home/travis/build/icyphy/ptII/ptolemy/actor/lib/test/auto/arrayType9.xml
----------------- Instantiating /home/travis/build/icyphy/ptII/ptolemy/actor/lib/test/auto/arrayType9.xml
1 ms. Memory: 453632K Free: 376635K (83%)
----------------- Invoking toplevel() on ptolemy.moml.MoMLSimpleApplication@3f3f6137
----------------- Done invoking toplevel() on ptolemy.moml.MoMLSimpleApplication@3f3f6137
reloadAllAccessors: .arrayType9

===========================================================================================
----------------- testing Tue Aug 25 15:39:02 UTC 2020 /home/travis/build/icyphy/ptII/ptolemy/actor/lib/test/auto/cast.xml
----------------- Instantiating /home/travis/build/icyphy/ptII/ptolemy/actor/lib/test/auto/cast.xml
2 ms. Memory: 453632K Free: 371515K (82%)
----------------- Invoking toplevel() on ptolemy.moml.MoMLSimpleApplication@697b0b94
----------------- Done invoking toplevel() on ptolemy.moml.MoMLSimpleApplication@697b0b94
reloadAllAccessors: .cast

===========================================================================================
----------------- testing Tue Aug 25 15:39:02 UTC 2020 /home/travis/build/icyphy/ptII/ptolemy/actor/lib/test/auto/compositeMultiPort.xml
----------------- Instantiating /home/travis/build/icyphy/ptII/ptolemy/actor/lib/test/auto/compositeMultiPort.xml
3 ms. Memory: 453632K Free: 362779K (80%)
----------------- Invoking toplevel() on ptolemy.moml.MoMLSimpleApplication@589f09b4
----------------- Done invoking toplevel() on ptolemy.moml.MoMLSimpleApplication@589f09b4
reloadAllAccessors: .compositeMultiPort

===========================================================================================
----------------- testing Tue Aug 25 15:39:02 UTC 2020 /home/travis/build/icyphy/ptII/ptolemy/actor/lib/test/auto/expressionCastInference.xml
----------------- Instantiating /home/travis/build/icyphy/ptII/ptolemy/actor/lib/test/auto/expressionCastInference.xml
2 ms. Memory: 453632K Free: 357689K (79%)
----------------- Invoking toplevel() on ptolemy.moml.MoMLSimpleApplication@3f50921e
----------------- Done invoking toplevel() on ptolemy.moml.MoMLSimpleApplication@3f50921e
reloadAllAccessors: .expressionCastInference

===========================================================================================
----------------- testing Tue Aug 25 15:39:02 UTC 2020 /home/travis/build/icyphy/ptII/ptolemy/actor/lib/test/auto/expressionCastInference2.xml
----------------- Instantiating /home/travis/build/icyphy/ptII/ptolemy/actor/lib/test/auto/expressionCastInference2.xml
2 ms. Memory: 453632K Free: 353083K (78%)
----------------- Invoking toplevel() on ptolemy.moml.MoMLSimpleApplication@67ee30cc
----------------- Done invoking toplevel() on ptolemy.moml.MoMLSimpleApplication@67ee30cc
reloadAllAccessors: .expressionCastInference2

===========================================================================================
----------------- testing Tue Aug 25 15:39:02 UTC 2020 /home/travis/build/icyphy/ptII/ptolemy/actor/lib/test/auto/expressionInference.xml
----------------- Instantiating /home/travis/build/icyphy/ptII/ptolemy/actor/lib/test/auto/expressionInference.xml
2 ms. Memory: 453632K Free: 348987K (77%)
----------------- Invoking toplevel() on ptolemy.moml.MoMLSimpleApplication@6cb09a2b
----------------- Done invoking toplevel() on ptolemy.moml.MoMLSimpleApplication@6cb09a2b
reloadAllAccessors: .expressionInference

===========================================================================================
----------------- testing Tue Aug 25 15:39:02 UTC 2020 /home/travis/build/icyphy/ptII/ptolemy/actor/lib/test/auto/expression_bug.xml
----------------- Instantiating /home/travis/build/icyphy/ptII/ptolemy/actor/lib/test/auto/expression_bug.xml
30 ms. Memory: 453632K Free: 344377K (76%)
----------------- Invoking toplevel() on ptolemy.moml.MoMLSimpleApplication@1ec7c4b9
----------------- Done invoking toplevel() on ptolemy.moml.MoMLSimpleApplication@1ec7c4b9
reloadAllAccessors: .expression_bug

===========================================================================================
----------------- testing Tue Aug 25 15:39:02 UTC 2020 /home/travis/build/icyphy/ptII/ptolemy/actor/lib/test/auto/factorial.xml
----------------- Instantiating /home/travis/build/icyphy/ptII/ptolemy/actor/lib/test/auto/factorial.xml
43 ms. Memory: 453632K Free: 336185K (74%)
----------------- Invoking toplevel() on ptolemy.moml.MoMLSimpleApplication@2eb957a9
----------------- Done invoking toplevel() on ptolemy.moml.MoMLSimpleApplication@2eb957a9
reloadAllAccessors: .factorial

===========================================================================================
----------------- testing Tue Aug 25 15:39:02 UTC 2020 /home/travis/build/icyphy/ptII/ptolemy/actor/lib/test/auto/filterTest1.xml
----------------- Instantiating /home/travis/build/icyphy/ptII/ptolemy/actor/lib/test/auto/filterTest1.xml
3 ms. Memory: 453632K Free: 330041K (73%)
----------------- Invoking toplevel() on ptolemy.moml.MoMLSimpleApplication@2a4a00f
----------------- Done invoking toplevel() on ptolemy.moml.MoMLSimpleApplication@2a4a00f
reloadAllAccessors: .filterTest1

===========================================================================================
----------------- testing Tue Aug 25 15:39:02 UTC 2020 /home/travis/build/icyphy/ptII/ptolemy/actor/lib/test/auto/funcApplyInConst.xml
----------------- Instantiating /home/travis/build/icyphy/ptII/ptolemy/actor/lib/test/auto/funcApplyInConst.xml
1 ms. Memory: 453632K Free: 326459K (72%)
----------------- Invoking toplevel() on ptolemy.moml.MoMLSimpleApplication@1a19e8bd
----------------- Done invoking toplevel() on ptolemy.moml.MoMLSimpleApplication@1a19e8bd
reloadAllAccessors: .funcApplyInConst

===========================================================================================
----------------- testing Tue Aug 25 15:39:02 UTC 2020 /home/travis/build/icyphy/ptII/ptolemy/actor/lib/test/auto/funcApplyInExpr.xml
----------------- Instantiating /home/travis/build/icyphy/ptII/ptolemy/actor/lib/test/auto/funcApplyInExpr.xml
1 ms. Memory: 453632K Free: 322363K (71%)
----------------- Invoking toplevel() on ptolemy.moml.MoMLSimpleApplication@43e69a8
----------------- Done invoking toplevel() on ptolemy.moml.MoMLSimpleApplication@43e69a8
reloadAllAccessors: .funcApplyInExpr

===========================================================================================
----------------- testing Tue Aug 25 15:39:02 UTC 2020 /home/travis/build/icyphy/ptII/ptolemy/actor/lib/test/auto/function.xml
----------------- Instantiating /home/travis/build/icyphy/ptII/ptolemy/actor/lib/test/auto/function.xml
8 ms. Memory: 453632K Free: 317753K (70%)
----------------- Invoking toplevel() on ptolemy.moml.MoMLSimpleApplication@2134595e
----------------- Done invoking toplevel() on ptolemy.moml.MoMLSimpleApplication@2134595e
reloadAllAccessors: .function

===========================================================================================
----------------- testing Tue Aug 25 15:39:02 UTC 2020 /home/travis/build/icyphy/ptII/ptolemy/actor/lib/test/auto/function2.xml
----------------- Instantiating /home/travis/build/icyphy/ptII/ptolemy/actor/lib/test/auto/function2.xml
2 ms. Memory: 453632K Free: 312633K (69%)
----------------- Invoking toplevel() on ptolemy.moml.MoMLSimpleApplication@701bb1e5
----------------- Done invoking toplevel() on ptolemy.moml.MoMLSimpleApplication@701bb1e5
reloadAllAccessors: .function2

===========================================================================================
----------------- testing Tue Aug 25 15:39:02 UTC 2020 /home/travis/build/icyphy/ptII/ptolemy/actor/lib/test/auto/function3.xml
----------------- Instantiating /home/travis/build/icyphy/ptII/ptolemy/actor/lib/test/auto/function3.xml
2 ms. Memory: 453632K Free: 309051K (68%)
----------------- Invoking toplevel() on ptolemy.moml.MoMLSimpleApplication@5d57ccc8
----------------- Done invoking toplevel() on ptolemy.moml.MoMLSimpleApplication@5d57ccc8
reloadAllAccessors: .function3

===========================================================================================
----------------- testing Tue Aug 25 15:39:02 UTC 2020 /home/travis/build/icyphy/ptII/ptolemy/actor/lib/test/auto/functionClosureTest1.xml
----------------- Instantiating /home/travis/build/icyphy/ptII/ptolemy/actor/lib/test/auto/functionClosureTest1.xml
3 ms. Memory: 453632K Free: 302907K (67%)
----------------- Invoking toplevel() on ptolemy.moml.MoMLSimpleApplication@58247cb3
----------------- Done invoking toplevel() on ptolemy.moml.MoMLSimpleApplication@58247cb3
reloadAllAccessors: .functionClosureTest1

===========================================================================================
----------------- testing Tue Aug 25 15:39:02 UTC 2020 /home/travis/build/icyphy/ptII/ptolemy/actor/lib/test/auto/functionClosureTest2.xml
----------------- Instantiating /home/travis/build/icyphy/ptII/ptolemy/actor/lib/test/auto/functionClosureTest2.xml
3 ms. Memory: 453632K Free: 299321K (66%)
----------------- Invoking toplevel() on ptolemy.moml.MoMLSimpleApplication@29c01e3a
----------------- Done invoking toplevel() on ptolemy.moml.MoMLSimpleApplication@29c01e3a
reloadAllAccessors: .functionClosureTest2

===========================================================================================
----------------- testing Tue Aug 25 15:39:02 UTC 2020 /home/travis/build/icyphy/ptII/ptolemy/actor/lib/test/auto/functionClosureTest3.xml
----------------- Instantiating /home/travis/build/icyphy/ptII/ptolemy/actor/lib/test/auto/functionClosureTest3.xml
5 ms. Memory: 453632K Free: 294201K (65%)
----------------- Invoking toplevel() on ptolemy.moml.MoMLSimpleApplication@414fb785
----------------- Done invoking toplevel() on ptolemy.moml.MoMLSimpleApplication@414fb785
reloadAllAccessors: .functionClosureTest3

===========================================================================================
----------------- testing Tue Aug 25 15:39:02 UTC 2020 /home/travis/build/icyphy/ptII/ptolemy/actor/lib/test/auto/functionClosureTest4.xml
----------------- Instantiating /home/travis/build/icyphy/ptII/ptolemy/actor/lib/test/auto/functionClosureTest4.xml
7 ms. Memory: 453632K Free: 287547K (63%)
----------------- Invoking toplevel() on ptolemy.moml.MoMLSimpleApplication@2660beaf
----------------- Done invoking toplevel() on ptolemy.moml.MoMLSimpleApplication@2660beaf
reloadAllAccessors: .functionClosureTest4

===========================================================================================
----------------- testing Tue Aug 25 15:39:02 UTC 2020 /home/travis/build/icyphy/ptII/ptolemy/actor/lib/test/auto/functionClosureTest5.xml
----------------- Instantiating /home/travis/build/icyphy/ptII/ptolemy/actor/lib/test/auto/functionClosureTest5.xml
5 ms. Memory: 453632K Free: 282427K (62%)
----------------- Invoking toplevel() on ptolemy.moml.MoMLSimpleApplication@29e1c417
----------------- Done invoking toplevel() on ptolemy.moml.MoMLSimpleApplication@29e1c417
reloadAllAccessors: .functionClosureTest5

===========================================================================================
----------------- testing Tue Aug 25 15:39:02 UTC 2020 /home/travis/build/icyphy/ptII/ptolemy/actor/lib/test/auto/functionClosureTest6.xml
----------------- Instantiating /home/travis/build/icyphy/ptII/ptolemy/actor/lib/test/auto/functionClosureTest6.xml
2 ms. Memory: 453632K Free: 277307K (61%)
----------------- Invoking toplevel() on ptolemy.moml.MoMLSimpleApplication@e2ed86a
----------------- Done invoking toplevel() on ptolemy.moml.MoMLSimpleApplication@e2ed86a
reloadAllAccessors: .functionClosureTest6

===========================================================================================
----------------- testing Tue Aug 25 15:39:02 UTC 2020 /home/travis/build/icyphy/ptII/ptolemy/actor/lib/test/auto/functionsOnArcs.xml
----------------- Instantiating /home/travis/build/icyphy/ptII/ptolemy/actor/lib/test/auto/functionsOnArcs.xml
2 ms. Memory: 453632K Free: 272187K (60%)
----------------- Invoking toplevel() on ptolemy.moml.MoMLSimpleApplication@3be79f54
----------------- Done invoking toplevel() on ptolemy.moml.MoMLSimpleApplication@3be79f54
reloadAllAccessors: .functionsOnArcs

===========================================================================================
----------------- testing Tue Aug 25 15:39:02 UTC 2020 /home/travis/build/icyphy/ptII/ptolemy/actor/lib/test/auto/functionsOnArcsHOF.xml
----------------- Instantiating /home/travis/build/icyphy/ptII/ptolemy/actor/lib/test/auto/functionsOnArcsHOF.xml
4 ms. Memory: 453632K Free: 266043K (59%)
----------------- Invoking toplevel() on ptolemy.moml.MoMLSimpleApplication@461b086a
----------------- Done invoking toplevel() on ptolemy.moml.MoMLSimpleApplication@461b086a
reloadAllAccessors: .functionsOnArcsHOF

===========================================================================================
----------------- testing Tue Aug 25 15:39:02 UTC 2020 /home/travis/build/icyphy/ptII/ptolemy/actor/lib/test/auto/logic.xml
----------------- Instantiating /home/travis/build/icyphy/ptII/ptolemy/actor/lib/test/auto/logic.xml
2 ms. Memory: 453632K Free: 258875K (57%)
----------------- Invoking toplevel() on ptolemy.moml.MoMLSimpleApplication@345e79fe
----------------- Done invoking toplevel() on ptolemy.moml.MoMLSimpleApplication@345e79fe
reloadAllAccessors: .logic

===========================================================================================
----------------- testing Tue Aug 25 15:39:02 UTC 2020 /home/travis/build/icyphy/ptII/ptolemy/actor/lib/test/auto/matrixType.xml
----------------- Instantiating /home/travis/build/icyphy/ptII/ptolemy/actor/lib/test/auto/matrixType.xml
2 ms. Memory: 453632K Free: 253241K (56%)
----------------- Invoking toplevel() on ptolemy.moml.MoMLSimpleApplication@67f9c45f
----------------- Done invoking toplevel() on ptolemy.moml.MoMLSimpleApplication@67f9c45f
reloadAllAccessors: .matrixType

===========================================================================================
----------------- testing Tue Aug 25 15:39:02 UTC 2020 /home/travis/build/icyphy/ptII/ptolemy/actor/lib/test/auto/matrixType10.xml
----------------- Instantiating /home/travis/build/icyphy/ptII/ptolemy/actor/lib/test/auto/matrixType10.xml
1 ms. Memory: 453632K Free: 248635K (55%)
----------------- Invoking toplevel() on ptolemy.moml.MoMLSimpleApplication@26b1b057
----------------- Done invoking toplevel() on ptolemy.moml.MoMLSimpleApplication@26b1b057
reloadAllAccessors: .matrixType10

===========================================================================================
----------------- testing Tue Aug 25 15:39:02 UTC 2020 /home/travis/build/icyphy/ptII/ptolemy/actor/lib/test/auto/matrixType11.xml
----------------- Instantiating /home/travis/build/icyphy/ptII/ptolemy/actor/lib/test/auto/matrixType11.xml
2 ms. Memory: 453632K Free: 243515K (54%)
----------------- Invoking toplevel() on ptolemy.moml.MoMLSimpleApplication@3e854653
----------------- Done invoking toplevel() on ptolemy.moml.MoMLSimpleApplication@3e854653
reloadAllAccessors: .matrixType11

===========================================================================================
----------------- testing Tue Aug 25 15:39:02 UTC 2020 /home/travis/build/icyphy/ptII/ptolemy/actor/lib/test/auto/matrixType12.xml
----------------- Instantiating /home/travis/build/icyphy/ptII/ptolemy/actor/lib/test/auto/matrixType12.xml
1 ms. Memory: 453632K Free: 238905K (53%)
----------------- Invoking toplevel() on ptolemy.moml.MoMLSimpleApplication@bbdf233
----------------- Done invoking toplevel() on ptolemy.moml.MoMLSimpleApplication@bbdf233
reloadAllAccessors: .matrixType12

===========================================================================================
----------------- testing Tue Aug 25 15:39:02 UTC 2020 /home/travis/build/icyphy/ptII/ptolemy/actor/lib/test/auto/matrixType13.xml
----------------- Instantiating /home/travis/build/icyphy/ptII/ptolemy/actor/lib/test/auto/matrixType13.xml
2 ms. Memory: 453632K Free: 233785K (52%)
----------------- Invoking toplevel() on ptolemy.moml.MoMLSimpleApplication@40ec7dba
----------------- Done invoking toplevel() on ptolemy.moml.MoMLSimpleApplication@40ec7dba
reloadAllAccessors: .matrixType13

===========================================================================================
----------------- testing Tue Aug 25 15:39:02 UTC 2020 /home/travis/build/icyphy/ptII/ptolemy/actor/lib/test/auto/matrixType14.xml
----------------- Instantiating /home/travis/build/icyphy/ptII/ptolemy/actor/lib/test/auto/matrixType14.xml
2 ms. Memory: 453632K Free: 228665K (50%)
----------------- Invoking toplevel() on ptolemy.moml.MoMLSimpleApplication@548d87a
----------------- Done invoking toplevel() on ptolemy.moml.MoMLSimpleApplication@548d87a
reloadAllAccessors: .matrixType14

===========================================================================================
----------------- testing Tue Aug 25 15:39:02 UTC 2020 /home/travis/build/icyphy/ptII/ptolemy/actor/lib/test/auto/matrixType2.xml
----------------- Instantiating /home/travis/build/icyphy/ptII/ptolemy/actor/lib/test/auto/matrixType2.xml
1 ms. Memory: 453632K Free: 223545K (49%)
----------------- Invoking toplevel() on ptolemy.moml.MoMLSimpleApplication@476436e6
----------------- Done invoking toplevel() on ptolemy.moml.MoMLSimpleApplication@476436e6
reloadAllAccessors: .matrixType2

===========================================================================================
----------------- testing Tue Aug 25 15:39:02 UTC 2020 /home/travis/build/icyphy/ptII/ptolemy/actor/lib/test/auto/matrixType3.xml
----------------- Instantiating /home/travis/build/icyphy/ptII/ptolemy/actor/lib/test/auto/matrixType3.xml
4 ms. Memory: 453632K Free: 218939K (48%)
----------------- Invoking toplevel() on ptolemy.moml.MoMLSimpleApplication@1fa059f9
----------------- Done invoking toplevel() on ptolemy.moml.MoMLSimpleApplication@1fa059f9
reloadAllAccessors: .matrixType3

===========================================================================================
----------------- testing Tue Aug 25 15:39:02 UTC 2020 /home/travis/build/icyphy/ptII/ptolemy/actor/lib/test/auto/matrixType4.xml
----------------- Instantiating /home/travis/build/icyphy/ptII/ptolemy/actor/lib/test/auto/matrixType4.xml
1 ms. Memory: 453632K Free: 213819K (47%)
----------------- Invoking toplevel() on ptolemy.moml.MoMLSimpleApplication@2221842c
----------------- Done invoking toplevel() on ptolemy.moml.MoMLSimpleApplication@2221842c
reloadAllAccessors: .matrixType4

===========================================================================================
----------------- testing Tue Aug 25 15:39:02 UTC 2020 /home/travis/build/icyphy/ptII/ptolemy/actor/lib/test/auto/matrixType5.xml
----------------- Instantiating /home/travis/build/icyphy/ptII/ptolemy/actor/lib/test/auto/matrixType5.xml
2 ms. Memory: 453632K Free: 209209K (46%)
----------------- Invoking toplevel() on ptolemy.moml.MoMLSimpleApplication@5d7e81a8
----------------- Done invoking toplevel() on ptolemy.moml.MoMLSimpleApplication@5d7e81a8
reloadAllAccessors: .matrixType5

===========================================================================================
----------------- testing Tue Aug 25 15:39:02 UTC 2020 /home/travis/build/icyphy/ptII/ptolemy/actor/lib/test/auto/matrixType6.xml
----------------- Instantiating /home/travis/build/icyphy/ptII/ptolemy/actor/lib/test/auto/matrixType6.xml
1 ms. Memory: 453632K Free: 204089K (45%)
----------------- Invoking toplevel() on ptolemy.moml.MoMLSimpleApplication@738bf47b
----------------- Done invoking toplevel() on ptolemy.moml.MoMLSimpleApplication@738bf47b
reloadAllAccessors: .matrixType6

===========================================================================================
----------------- testing Tue Aug 25 15:39:02 UTC 2020 /home/travis/build/icyphy/ptII/ptolemy/actor/lib/test/auto/matrixType7.xml
----------------- Instantiating /home/travis/build/icyphy/ptII/ptolemy/actor/lib/test/auto/matrixType7.xml
2 ms. Memory: 453632K Free: 199483K (44%)
----------------- Invoking toplevel() on ptolemy.moml.MoMLSimpleApplication@1c16c82b
----------------- Done invoking toplevel() on ptolemy.moml.MoMLSimpleApplication@1c16c82b
reloadAllAccessors: .matrixType7

===========================================================================================
----------------- testing Tue Aug 25 15:39:02 UTC 2020 /home/travis/build/icyphy/ptII/ptolemy/actor/lib/test/auto/matrixType8.xml
----------------- Instantiating /home/travis/build/icyphy/ptII/ptolemy/actor/lib/test/auto/matrixType8.xml
1 ms. Memory: 453632K Free: 194363K (43%)
----------------- Invoking toplevel() on ptolemy.moml.MoMLSimpleApplication@2ef54dba
----------------- Done invoking toplevel() on ptolemy.moml.MoMLSimpleApplication@2ef54dba
reloadAllAccessors: .matrixType8

===========================================================================================
----------------- testing Tue Aug 25 15:39:02 UTC 2020 /home/travis/build/icyphy/ptII/ptolemy/actor/lib/test/auto/matrixType9.xml
----------------- Instantiating /home/travis/build/icyphy/ptII/ptolemy/actor/lib/test/auto/matrixType9.xml
2 ms. Memory: 453632K Free: 189753K (42%)
----------------- Invoking toplevel() on ptolemy.moml.MoMLSimpleApplication@53e5514
----------------- Done invoking toplevel() on ptolemy.moml.MoMLSimpleApplication@53e5514
reloadAllAccessors: .matrixType9

===========================================================================================
----------------- testing Tue Aug 25 15:39:02 UTC 2020 /home/travis/build/icyphy/ptII/ptolemy/actor/lib/test/auto/paraFunctest.xml
----------------- Instantiating /home/travis/build/icyphy/ptII/ptolemy/actor/lib/test/auto/paraFunctest.xml
2 ms. Memory: 453632K Free: 185657K (41%)
----------------- Invoking toplevel() on ptolemy.moml.MoMLSimpleApplication@452a4d2a
----------------- Done invoking toplevel() on ptolemy.moml.MoMLSimpleApplication@452a4d2a
reloadAllAccessors: .paraFunctest

===========================================================================================
----------------- testing Tue Aug 25 15:39:02 UTC 2020 /home/travis/build/icyphy/ptII/ptolemy/actor/lib/test/auto/paraFunctest2.xml
----------------- Instantiating /home/travis/build/icyphy/ptII/ptolemy/actor/lib/test/auto/paraFunctest2.xml
2 ms. Memory: 453632K Free: 180537K (40%)
----------------- Invoking toplevel() on ptolemy.moml.MoMLSimpleApplication@3b84d403
----------------- Done invoking toplevel() on ptolemy.moml.MoMLSimpleApplication@3b84d403
reloadAllAccessors: .paraFunctest2

===========================================================================================
----------------- testing Tue Aug 25 15:39:02 UTC 2020 /home/travis/build/icyphy/ptII/ptolemy/actor/lib/test/auto/parameterPassing.xml
----------------- Instantiating /home/travis/build/icyphy/ptII/ptolemy/actor/lib/test/auto/parameterPassing.xml
1 ms. Memory: 453632K Free: 176441K (39%)
----------------- Invoking toplevel() on ptolemy.moml.MoMLSimpleApplication@5a22cb8e
----------------- Done invoking toplevel() on ptolemy.moml.MoMLSimpleApplication@5a22cb8e
reloadAllAccessors: .parameterPassing

===========================================================================================
----------------- testing Tue Aug 25 15:39:02 UTC 2020 /home/travis/build/icyphy/ptII/ptolemy/actor/lib/test/auto/record.xml
----------------- Instantiating /home/travis/build/icyphy/ptII/ptolemy/actor/lib/test/auto/record.xml
2 ms. Memory: 453632K Free: 171321K (38%)
----------------- Invoking toplevel() on ptolemy.moml.MoMLSimpleApplication@73cae5eb
----------------- Done invoking toplevel() on ptolemy.moml.MoMLSimpleApplication@73cae5eb
reloadAllAccessors: .record

===========================================================================================
----------------- testing Tue Aug 25 15:39:02 UTC 2020 /home/travis/build/icyphy/ptII/ptolemy/actor/lib/test/auto/sizedarray1.xml
----------------- Instantiating /home/travis/build/icyphy/ptII/ptolemy/actor/lib/test/auto/sizedarray1.xml
2 ms. Memory: 453632K Free: 166201K (37%)
----------------- Invoking toplevel() on ptolemy.moml.MoMLSimpleApplication@7fe0d1bf
----------------- Done invoking toplevel() on ptolemy.moml.MoMLSimpleApplication@7fe0d1bf
reloadAllAccessors: .sizedarray1

===========================================================================================
----------------- testing Tue Aug 25 15:39:02 UTC 2020 /home/travis/build/icyphy/ptII/ptolemy/actor/lib/test/auto/sizedarray2.xml
----------------- Instantiating /home/travis/build/icyphy/ptII/ptolemy/actor/lib/test/auto/sizedarray2.xml
3 ms. Memory: 453632K Free: 160571K (35%)
----------------- Invoking toplevel() on ptolemy.moml.MoMLSimpleApplication@c5e259a
----------------- Done invoking toplevel() on ptolemy.moml.MoMLSimpleApplication@c5e259a
reloadAllAccessors: .sizedarray2

===========================================================================================
----------------- testing Tue Aug 25 15:39:02 UTC 2020 /home/travis/build/icyphy/ptII/ptolemy/actor/lib/test/auto/twoPublishers.xml
----------------- Instantiating /home/travis/build/icyphy/ptII/ptolemy/actor/lib/test/auto/twoPublishers.xml
6 ms. Memory: 453632K Free: 150331K (33%)
----------------- Invoking toplevel() on ptolemy.moml.MoMLSimpleApplication@185755d2
----------------- Done invoking toplevel() on ptolemy.moml.MoMLSimpleApplication@185755d2
reloadAllAccessors: .twoPublishers
AutoTests.java: About to close Vertx.
AutoTests.java: Vertx closed.
]]></system-out>
  <system-err><![CDATA[java.lang.RuntimeException: Execution failed
	at ptolemy.moml.MoMLSimpleApplication$UnloadThread.run(MoMLSimpleApplication.java:402)
Caused by: java.lang.RuntimeException: StringUtilities.exit() was called. Normally, we would exit here because Manager.exitAfterWrapup() was called.  However, because the ptolemy.ptII.exitAfterWrapup property is set, we throw this exception instead.
	at ptolemy.util.StringUtilities.exit(StringUtilities.java:365)
	at ptolemy.actor.Manager.wrapup(Manager.java:1549)
	at ptolemy.actor.Manager.execute(Manager.java:407)
	at ptolemy.actor.Manager.run(Manager.java:1263)
	at ptolemy.actor.Manager$PtolemyRunThread.run(Manager.java:1933)
Warning: '.top.test' is in training mode, set the trainingMode parameter to false before checking in
Warning: '.top.test' is in training mode, set the trainingMode parameter to false before checking in
Warning: '.top.test' is in training mode, set the trainingMode parameter to false before checking in
Warning: '.BooleanSwitch_RegressionTest_WrongTrainingValues.Test' is in training mode, set the trainingMode parameter to false before checking in
Warning: '.BooleanSwitch_RegressionTest_WrongTrainingValues.Test2' is in training mode, set the trainingMode parameter to false before checking in
Warning: '.BooleanSwitch_RegressionTest_WrongTrainingValues.Test2' The test produced 0 tokens.
Warning: '.top.testExceptionHandler' is in training mode, set the trainingMode parameter to false before checking in
java.lang.RuntimeException: Execution failed
	at ptolemy.moml.MoMLSimpleApplication$UnloadThread.run(MoMLSimpleApplication.java:402)
Caused by: ptolemy.kernel.util.IllegalActionException: PublisherPorts cannot be used at the top level, use a Publisher actor instead.
  in .PublisherPortToplevelSubscriber.PublisherPort
	at ptolemy.actor.PublisherPort.preinitialize(PublisherPort.java:403)
	at ptolemy.actor.CompositeActor.preinitialize(CompositeActor.java:1769)
	at ptolemy.actor.Manager.preinitializeAndResolveTypes(Manager.java:1040)
	at ptolemy.actor.Manager.initialize(Manager.java:710)
	at ptolemy.actor.Manager.execute(Manager.java:356)
	at ptolemy.actor.Manager.run(Manager.java:1263)
	at ptolemy.actor.Manager$PtolemyRunThread.run(Manager.java:1933)
java.lang.reflect.InvocationTargetException
	at java.base/jdk.internal.reflect.NativeConstructorAccessorImpl.newInstance0(Native Method)
	at java.base/jdk.internal.reflect.NativeConstructorAccessorImpl.newInstance(NativeConstructorAccessorImpl.java:62)
	at java.base/jdk.internal.reflect.DelegatingConstructorAccessorImpl.newInstance(DelegatingConstructorAccessorImpl.java:45)
	at java.base/java.lang.reflect.Constructor.newInstance(Constructor.java:490)
	at ptolemy.util.test.junit.AutoKnownFailedTests.RunModel(AutoKnownFailedTests.java:105)
	at java.base/jdk.internal.reflect.NativeMethodAccessorImpl.invoke0(Native Method)
	at java.base/jdk.internal.reflect.NativeMethodAccessorImpl.invoke(NativeMethodAccessorImpl.java:62)
	at java.base/jdk.internal.reflect.DelegatingMethodAccessorImpl.invoke(DelegatingMethodAccessorImpl.java:43)
	at java.base/java.lang.reflect.Method.invoke(Method.java:566)
	at org.junit.runners.model.FrameworkMethod$1.runReflectiveCall(FrameworkMethod.java:44)
	at org.junit.internal.runners.model.ReflectiveCallable.run(ReflectiveCallable.java:15)
	at org.junit.runners.model.FrameworkMethod.invokeExplosively(FrameworkMethod.java:41)
	at junitparams.internal.InvokeParameterisedMethod.evaluate(InvokeParameterisedMethod.java:102)
	at org.junit.internal.runners.statements.FailOnTimeout$1.run(FailOnTimeout.java:28)
Caused by: ptolemy.kernel.util.IllegalActionException: PublisherPorts cannot be used at the top level, use a Publisher actor instead.
  in .PublisherPortToplevelSubscriber.PublisherPort
	at ptolemy.actor.PublisherPort.preinitialize(PublisherPort.java:403)
	at ptolemy.actor.CompositeActor.preinitialize(CompositeActor.java:1769)
	at ptolemy.actor.Manager.preinitializeAndResolveTypes(Manager.java:1040)
	at ptolemy.actor.Manager.initialize(Manager.java:710)
	at ptolemy.actor.Manager.execute(Manager.java:356)
	at ptolemy.actor.Manager.run(Manager.java:1263)
	at ptolemy.actor.Manager$PtolemyRunThread.run(Manager.java:1933)
java.lang.RuntimeException: Execution failed
	at ptolemy.moml.MoMLSimpleApplication$UnloadThread.run(MoMLSimpleApplication.java:402)
Caused by: ptolemy.kernel.util.IllegalActionException: SubscriberPorts cannot be used at the top level, use a Subscriber actor instead.
  in .PublisherSubscriberPortToplevel.SubscriberPort
	at ptolemy.actor.SubscriberPort.preinitialize(SubscriberPort.java:328)
	at ptolemy.actor.CompositeActor.preinitialize(CompositeActor.java:1769)
	at ptolemy.actor.Manager.preinitializeAndResolveTypes(Manager.java:1040)
	at ptolemy.actor.Manager.initialize(Manager.java:710)
	at ptolemy.actor.Manager.execute(Manager.java:356)
	at ptolemy.actor.Manager.run(Manager.java:1263)
	at ptolemy.actor.Manager$PtolemyRunThread.run(Manager.java:1933)
java.lang.reflect.InvocationTargetException
	at java.base/jdk.internal.reflect.NativeConstructorAccessorImpl.newInstance0(Native Method)
	at java.base/jdk.internal.reflect.NativeConstructorAccessorImpl.newInstance(NativeConstructorAccessorImpl.java:62)
	at java.base/jdk.internal.reflect.DelegatingConstructorAccessorImpl.newInstance(DelegatingConstructorAccessorImpl.java:45)
	at java.base/java.lang.reflect.Constructor.newInstance(Constructor.java:490)
	at ptolemy.util.test.junit.AutoKnownFailedTests.RunModel(AutoKnownFailedTests.java:105)
	at java.base/jdk.internal.reflect.NativeMethodAccessorImpl.invoke0(Native Method)
	at java.base/jdk.internal.reflect.NativeMethodAccessorImpl.invoke(NativeMethodAccessorImpl.java:62)
	at java.base/jdk.internal.reflect.DelegatingMethodAccessorImpl.invoke(DelegatingMethodAccessorImpl.java:43)
	at java.base/java.lang.reflect.Method.invoke(Method.java:566)
	at org.junit.runners.model.FrameworkMethod$1.runReflectiveCall(FrameworkMethod.java:44)
	at org.junit.internal.runners.model.ReflectiveCallable.run(ReflectiveCallable.java:15)
	at org.junit.runners.model.FrameworkMethod.invokeExplosively(FrameworkMethod.java:41)
	at junitparams.internal.InvokeParameterisedMethod.evaluate(InvokeParameterisedMethod.java:102)
	at org.junit.internal.runners.statements.FailOnTimeout$1.run(FailOnTimeout.java:28)
Caused by: ptolemy.kernel.util.IllegalActionException: SubscriberPorts cannot be used at the top level, use a Subscriber actor instead.
  in .PublisherSubscriberPortToplevel.SubscriberPort
	at ptolemy.actor.SubscriberPort.preinitialize(SubscriberPort.java:328)
	at ptolemy.actor.CompositeActor.preinitialize(CompositeActor.java:1769)
	at ptolemy.actor.Manager.preinitializeAndResolveTypes(Manager.java:1040)
	at ptolemy.actor.Manager.initialize(Manager.java:710)
	at ptolemy.actor.Manager.execute(Manager.java:356)
	at ptolemy.actor.Manager.run(Manager.java:1263)
	at ptolemy.actor.Manager$PtolemyRunThread.run(Manager.java:1933)
java.lang.RuntimeException: Execution failed
	at ptolemy.moml.MoMLSimpleApplication$UnloadThread.run(MoMLSimpleApplication.java:402)
Caused by: ptolemy.kernel.util.IllegalActionException: SubscriptionAggregatorPorts cannot be used at the top level, use a SubscriptionAggregator actor instead.
  in .PublisherSubscriptionAggregatorPort.SubscriptionAggregatorPort
	at ptolemy.actor.SubscriptionAggregatorPort.preinitialize(SubscriptionAggregatorPort.java:353)
	at ptolemy.actor.CompositeActor.preinitialize(CompositeActor.java:1769)
	at ptolemy.actor.Manager.preinitializeAndResolveTypes(Manager.java:1040)
	at ptolemy.actor.Manager.initialize(Manager.java:710)
	at ptolemy.actor.Manager.execute(Manager.java:356)
	at ptolemy.actor.Manager.run(Manager.java:1263)
	at ptolemy.actor.Manager$PtolemyRunThread.run(Manager.java:1933)
java.lang.reflect.InvocationTargetException
	at java.base/jdk.internal.reflect.NativeConstructorAccessorImpl.newInstance0(Native Method)
	at java.base/jdk.internal.reflect.NativeConstructorAccessorImpl.newInstance(NativeConstructorAccessorImpl.java:62)
	at java.base/jdk.internal.reflect.DelegatingConstructorAccessorImpl.newInstance(DelegatingConstructorAccessorImpl.java:45)
	at java.base/java.lang.reflect.Constructor.newInstance(Constructor.java:490)
	at ptolemy.util.test.junit.AutoKnownFailedTests.RunModel(AutoKnownFailedTests.java:105)
	at java.base/jdk.internal.reflect.NativeMethodAccessorImpl.invoke0(Native Method)
	at java.base/jdk.internal.reflect.NativeMethodAccessorImpl.invoke(NativeMethodAccessorImpl.java:62)
	at java.base/jdk.internal.reflect.DelegatingMethodAccessorImpl.invoke(DelegatingMethodAccessorImpl.java:43)
	at java.base/java.lang.reflect.Method.invoke(Method.java:566)
	at org.junit.runners.model.FrameworkMethod$1.runReflectiveCall(FrameworkMethod.java:44)
	at org.junit.internal.runners.model.ReflectiveCallable.run(ReflectiveCallable.java:15)
	at org.junit.runners.model.FrameworkMethod.invokeExplosively(FrameworkMethod.java:41)
	at junitparams.internal.InvokeParameterisedMethod.evaluate(InvokeParameterisedMethod.java:102)
	at org.junit.internal.runners.statements.FailOnTimeout$1.run(FailOnTimeout.java:28)
Caused by: ptolemy.kernel.util.IllegalActionException: SubscriptionAggregatorPorts cannot be used at the top level, use a SubscriptionAggregator actor instead.
  in .PublisherSubscriptionAggregatorPort.SubscriptionAggregatorPort
	at ptolemy.actor.SubscriptionAggregatorPort.preinitialize(SubscriptionAggregatorPort.java:353)
	at ptolemy.actor.CompositeActor.preinitialize(CompositeActor.java:1769)
	at ptolemy.actor.Manager.preinitializeAndResolveTypes(Manager.java:1040)
	at ptolemy.actor.Manager.initialize(Manager.java:710)
	at ptolemy.actor.Manager.execute(Manager.java:356)
	at ptolemy.actor.Manager.run(Manager.java:1263)
	at ptolemy.actor.Manager$PtolemyRunThread.run(Manager.java:1933)
java.lang.RuntimeException: Execution failed
	at ptolemy.moml.MoMLSimpleApplication$UnloadThread.run(MoMLSimpleApplication.java:402)
Caused by: ptolemy.kernel.util.IllegalActionException: TypeTest actor has no training data.
  in .sizedarray3.TypeTest
	at ptolemy.actor.lib.TypeTest.initialize(TypeTest.java:250)
	at ptolemy.actor.Director.initialize(Director.java:938)
	at ptolemy.actor.Director.initialize(Director.java:907)
	at ptolemy.actor.sched.StaticSchedulingDirector.initialize(StaticSchedulingDirector.java:159)
	at ptolemy.domains.sdf.kernel.SDFDirector.initialize(SDFDirector.java:544)
	at ptolemy.actor.CompositeActor.initialize(CompositeActor.java:935)
	at ptolemy.actor.Manager.initialize(Manager.java:724)
	at ptolemy.actor.Manager.execute(Manager.java:356)
	at ptolemy.actor.Manager.run(Manager.java:1263)
	at ptolemy.actor.Manager$PtolemyRunThread.run(Manager.java:1933)
java.lang.reflect.InvocationTargetException
	at java.base/jdk.internal.reflect.NativeConstructorAccessorImpl.newInstance0(Native Method)
	at java.base/jdk.internal.reflect.NativeConstructorAccessorImpl.newInstance(NativeConstructorAccessorImpl.java:62)
	at java.base/jdk.internal.reflect.DelegatingConstructorAccessorImpl.newInstance(DelegatingConstructorAccessorImpl.java:45)
	at java.base/java.lang.reflect.Constructor.newInstance(Constructor.java:490)
	at ptolemy.util.test.junit.AutoKnownFailedTests.RunModel(AutoKnownFailedTests.java:105)
	at java.base/jdk.internal.reflect.NativeMethodAccessorImpl.invoke0(Native Method)
	at java.base/jdk.internal.reflect.NativeMethodAccessorImpl.invoke(NativeMethodAccessorImpl.java:62)
	at java.base/jdk.internal.reflect.DelegatingMethodAccessorImpl.invoke(DelegatingMethodAccessorImpl.java:43)
	at java.base/java.lang.reflect.Method.invoke(Method.java:566)
	at org.junit.runners.model.FrameworkMethod$1.runReflectiveCall(FrameworkMethod.java:44)
	at org.junit.internal.runners.model.ReflectiveCallable.run(ReflectiveCallable.java:15)
	at org.junit.runners.model.FrameworkMethod.invokeExplosively(FrameworkMethod.java:41)
	at junitparams.internal.InvokeParameterisedMethod.evaluate(InvokeParameterisedMethod.java:102)
	at org.junit.internal.runners.statements.FailOnTimeout$1.run(FailOnTimeout.java:28)
Caused by: ptolemy.kernel.util.IllegalActionException: TypeTest actor has no training data.
  in .sizedarray3.TypeTest
	at ptolemy.actor.lib.TypeTest.initialize(TypeTest.java:250)
	at ptolemy.actor.Director.initialize(Director.java:938)
	at ptolemy.actor.Director.initialize(Director.java:907)
	at ptolemy.actor.sched.StaticSchedulingDirector.initialize(StaticSchedulingDirector.java:159)
	at ptolemy.domains.sdf.kernel.SDFDirector.initialize(SDFDirector.java:544)
	at ptolemy.actor.CompositeActor.initialize(CompositeActor.java:935)
	at ptolemy.actor.Manager.initialize(Manager.java:724)
	at ptolemy.actor.Manager.execute(Manager.java:356)
	at ptolemy.actor.Manager.run(Manager.java:1263)
	at ptolemy.actor.Manager$PtolemyRunThread.run(Manager.java:1933)
]]></system-err>
</testsuite>
