<?xml version="1.0" encoding="UTF-8" ?>
<testsuite errors="0" failures="0" hostname="travis-job-e4940b3f-c3e5-403f-a68f-a5637153f1cf" name="ptolemy.actor.lib.test.junit.JUnitTclTest" skipped="0" tests="517" time="59.56" timestamp="2018-12-17T03:02:10">
  <properties>
    <property name="npm.executable" value="npm" />
    <property name="file.encoding.pkg" value="sun.io" />
    <property name="env.TRAVIS_ROOT" value="/" />
    <property name="ptII.mk.exists" value="true" />
    <property name="env.TRAVIS_APP_HOST" value="build.travis-ci.org" />
    <property name="env.rvm_bin_path" value="/home/travis/.rvm/bin" />
    <property name="java.home" value="/usr/lib/jvm/java-8-oracle/jre" />
    <property name="env.TRAVIS_JOB_NUMBER" value="870.8" />
    <property name="env.TRAVIS_HOME" value="/home/travis" />
    <property name="env.DISPLAY" value=":99.0" />
    <property name="java.net.preferIPv4Stack" value="true" />
    <property name="env.TRAVIS_INIT" value="upstart" />
    <property name="env.SSH_TTY" value="/dev/pts/0" />
    <property name="env.RUN_TESTS" value="false" />
    <property name="timeout.short" value="1000000" />
    <property name="env.TRAVIS_JOB_NAME" value="" />
    <property name="env.TRAVIS_STACK_NODE_ATTRIBUTES" value="/.node-attributes.yml" />
    <property name="junit.formatter" value="xml" />
    <property name="java.endorsed.dirs" value="/usr/lib/jvm/java-8-oracle/jre/lib/endorsed" />
    <property name="env.TRAVIS_SUDO" value="true" />
    <property name="env.LOGNAME" value="travis" />
    <property name="env.PT_TRAVIS_TEST_CORE1_XML" value="true" />
    <property name="jsdoc.home" value="node_modules/@terraswarm/jsdoc" />
    <property name="debuglevel" value="source,lines,vars" />
    <property name="checkstyle.formatter" value="xml" />
    <property name="bin.vergil.makeable" value="true" />
    <property name="env._system_version" value="14.04" />
    <property name="sun.os.patch.level" value="unknown" />
    <property name="java.vendor.url" value="http://java.oracle.com/" />
    <property name="env.TRAVIS_BUILD_WEB_URL" value="https://travis-ci.org/icyphy/ptII/builds/468835903" />
    <property name="java.version" value="1.8.0_151" />
    <property name="env.TZ" value="UTC" />
    <property name="env.PT_NO_NET" value="true" />
    <property name="env.TRAVIS_PULL_REQUEST_SHA" value="" />
    <property name="env.TRAVIS_SECURE_ENV_VARS" value="true" />
    <property name="env._system_type" value="Linux" />
    <property name="java.vendor.url.bug" value="http://bugreport.sun.com/bugreport/" />
    <property name="env.SSH_CLIENT" value="10.10.4.100 52214 22" />
    <property name="npmjs-org-is-up" value="true" />
    <property name="env.GEM_HOME" value="/home/travis/.rvm/gems/ruby-2.4.1" />
    <property name="env.HAS_ANTARES_THREE_LITTLE_FRONZIES_BADGE" value="true" />
    <property name="env.PS4" value="+" />
    <property name="ant.project.invoked-targets" value="build,test.core1.xml" />
    <property name="env.TRAVIS_PULL_REQUEST_BRANCH" value="" />
    <property name="env.TRAVIS_REPO_SLUG" value="icyphy/ptII" />
    <property name="env.TRAVIS_APT_PROXY" value="http://build-cache.travisci.net" />
    <property name="node.in.path" value="true" />
    <property name="java.maxmemory" value="1400m" />
    <property name="env.RUBY_VERSION" value="ruby-2.4.1" />
    <property name="user.name" value="travis" />
    <property name="env.LANG" value="en_US.UTF-8" />
    <property name="sun.io.unicode.encoding" value="UnicodeLittle" />
    <property name="sun.jnu.encoding" value="UTF-8" />
    <property name="java.runtime.name" value="Java(TM) SE Runtime Environment" />
    <property name="usefile" value="false" />
    <property name="return.code" value="0" />
    <property name="junit.single.formatter" value="plain" />
    <property name="env.DYLD_LIBRARY_PATH" value="/home/travis/pthla/certi-tools/lib:" />
    <property name="env.DEBIAN_FRONTEND" value="noninteractive" />
    <property name="env.SSH_CONNECTION" value="10.10.4.100 52214 10.20.0.218 22" />
    <property name="env.MYSQL_UNIX_PORT" value="/var/run/mysqld/mysqld.sock" />
    <property name="env.TRAVIS_ALLOW_FAILURE" value="false" />
    <property name="env.LC_ALL" value="en_US.UTF-8" />
    <property name="env.TRAVIS_JOB_WEB_URL" value="https://travis-ci.org/icyphy/ptII/jobs/468835911" />
    <property name="java.specification.name" value="Java Platform API Specification" />
    <property name="node.works" value="true" />
    <property name="user.timezone" value="" />
    <property name="path.separator" value=":" />
    <property name="env.TRAVIS_ENABLE_INFRA_DETECTION" value="true" />
    <property name="env.PYTHON_CFLAGS" value="-g -fstack-protector --param=ssp-buffer-size=4 -Wformat -Werror=format-security" />
    <property name="timeout.long" value="4000000" />
    <property name="env.CERTI_HOME" value="/home/travis/pthla/certi-tools" />
    <property name="file.encoding" value="UTF-8" />
    <property name="ant.file.ptII" value="/home/travis/build/icyphy/ptII/build.xml" />
    <property name="javadoc.packagenames" value="com.*,diva.*,lbnl.*,org.hlacerti.*,org.json.*,org.ptolemy.*,org.terraswarm.*,ptolemy.*,ptserver.*" />
    <property name="env.TRAVIS_PULL_REQUEST_SLUG" value="" />
    <property name="ant.project.default-target" value="build" />
    <property name="env.GIT_ASKPASS" value="echo" />
    <property name="env.HOME" value="/home/travis" />
    <property name="sun.java.command" value="org.apache.tools.ant.taskdefs.optional.junit.JUnitTestRunner ptolemy.actor.lib.test.junit.JUnitTclTest skipNonTests=false filtertrace=true haltOnError=false haltOnFailure=false formatter=org.apache.tools.ant.taskdefs.optional.junit.OutErrSummaryJUnitResultFormatter showoutput=true outputtoformatters=true logfailedtests=true threadid=0 logtestlistenerevents=false formatter=org.apache.tools.ant.taskdefs.optional.junit.XMLJUnitResultFormatter,/home/travis/build/icyphy/ptII/reports/junit/TEST-ptolemy.actor.lib.test.junit.JUnitTclTest.xml crashfile=/home/travis/build/icyphy/ptII/junitvmwatcher6819552641821792903.properties propsfile=/home/travis/build/icyphy/ptII/junit1587823286433578714.properties" />
    <property name="env.MANPATH" value="/home/travis/.nvm/versions/node/v7.10.1/share/man:/home/travis/.kiex/elixirs/elixir-1.4.5/man:/home/travis/.rvm/rubies/ruby-2.4.1/share/man:/usr/local/man:/usr/local/cmake-3.9.2/man:/usr/local/clang-5.0.0/share/man:/usr/local/share/man:/usr/share/man:/home/travis/.rvm/man" />
    <property name="env.COMPOSER_NO_INTERACTION" value="1" />
    <property name="env.JDK_SWITCHER_DEFAULT" value="oraclejdk8" />
    <property name="env.TRAVIS_TIMER_ID" value="0123ea8d" />
    <property name="ant.file" value="/home/travis/build/icyphy/ptII/build.xml" />
    <property name="env.TRAVIS_COMMIT_RANGE" value="2aab4bde3fee2a25a2bd6be7846641f9b4410aa2...e7bd42712ffb51f5432da14dc7e0fa472ccdc4e7" />
    <property name="env._system_name" value="Ubuntu" />
    <property name="timeout" value="2400000" />
    <property name="ptII.classpath.optional.property" value="/home/travis/build/icyphy/ptII/lib/bsh-2.0b4.jar:/home/travis/build/icyphy/ptII/lib/ptCal.jar:/home/travis/build/icyphy/ptII/lib/java_cup.jar:/home/travis/build/icyphy/ptII/lib/saxon8.jar:/home/travis/build/icyphy/ptII/lib/saxon8-dom.jar:/home/travis/build/icyphy/ptII/lib/chic.jar:/home/travis/build/icyphy/ptII/lib/ptcolt.jar:/usr/lib/jvm/java-8-oracle/lib/tools.jar:/usr/lib/eclipse/plugins/org.eclipse.jdt.core_3.8.2.dist.jar:/usr/lib/eclipse/plugins/org.eclipse.core.runtime_3.8.0.dist.jar:/usr/lib/eclipse/plugins/org.eclipse.osgi_3.8.1.dist.jar:/usr/lib/eclipse/plugins/org.eclipse.core.resources_3.8.1.dist.jar:/usr/lib/eclipse/plugins/org.eclipse.equinox.common_3.6.100.dist.jar:/usr/lib/eclipse/plugins/org.eclipse.core.jobs_3.5.200.dist.jar:/usr/lib/eclipse/plugins/org.eclipse.core.contenttype_3.4.200.dist.jar:/usr/lib/eclipse/plugins/org.eclipse.equinox.preferences_3.5.0.dist.jar:/usr/lib/eclipse/plugins/org.eclipse.text_3.5.200.dist.jar:/usr/lib/eclipse/plugins/org.eclipse.ui.workbench_3.8.1.dist.jar:/usr/lib/eclipse/plugins/org.eclipse.jface_3.8.0.dist.jar:/usr/lib/eclipse/plugins/org.eclipse.swt_3.8.2.jar:/usr/lib/eclipse/plugins/org.eclipse.jface.text_3.8.1.dist.jar:/usr/lib/eclipse/plugins/org.eclipse.ui.workbench.texteditor_3.8.0.dist.jar:/usr/lib/eclipse/plugins/org.eclipse.ui.editors_3.8.0.dist.jar:/usr/lib/eclipse/plugins/org.eclipse.core.commands_3.6.1.dist.jar:/usr/lib/eclipse/plugins/org.eclipse.equinox.registry_3.5.200.dist.jar:/usr/lib/eclipse/plugins/org.eclipse.ui.console_3.5.100.dist.jar:/usr/lib/eclipse/plugins/org.eclipse.ui.forms_3.5.200.dist.jar:/usr/lib/eclipse/plugins/org.eclipse.ui.ide_3.8.1.dist.jar:/home/travis/build/icyphy/ptII/vendors/oracle/dbxml.jar:/home/travis/build/icyphy/ptII/vendors/oracle/db.jar:/home/travis/build/icyphy/ptII/vendors/misc/itext/iText.jar:/home/travis/build/icyphy/ptII/lib/g4ltl.jar:/home/travis/build/icyphy/ptII/lib/StructuralCoder.jar:/home/travis/build/icyphy/ptII/lib/org-openide-util.jar:/home/travis/build/icyphy/ptII/lib/org-openide-util-lookup.jar:/home/travis/build/icyphy/ptII/lib/org-netbeans-api-visual.jar:/home/travis/build/icyphy/ptII/vendors/jai-1_1_2_01/lib/jai_core.jar:/home/travis/build/icyphy/ptII/vendors/jai-1_1_2_01/lib/jai_codec.jar:/home/travis/build/icyphy/ptII/lib/jcerti.jar:/home/travis/build/icyphy/ptII/lib/smack.jar:/home/travis/build/icyphy/ptII/lib/smackx.jar:/home/travis/build/icyphy/ptII/lib/jetty-all-8.1.5-v20120716.jar:/home/travis/build/icyphy/ptII/lib/javax.servlet-api-3.0.1.jar:/home/travis/build/icyphy/ptII/lib/javax.mail.jar:/home/travis/build/icyphy/ptII/vendors/JMF-2.1.1e/lib/jmf.jar:/home/travis/build/icyphy/ptII/lib/jna-4.0.0-variadic.jar:/home/travis/build/icyphy/ptII/vendors/misc/joystick/Joystick.jar:/home/travis/build/icyphy/ptII/lib/ptjacl.jar:/home/travis/build/icyphy/ptII/lib/jsoup-1.8.2.jar:/home/travis/build/icyphy/ptII/lib/junit-4.8.2.jar:/home/travis/build/icyphy/ptII/lib/JUnitParams-0.4.0.jar:/home/travis/build/icyphy/ptII/ptolemy/actor/lib/excel/jxl.jar:/home/travis/build/icyphy/ptII/lib/jython.jar:/home/travis/build/icyphy/ptII/lib/kieler.jar:/home/travis/build/icyphy/ptII/vendors/opencv/share/OpenCV/java/opencv-341.jar:/home/travis/build/icyphy/ptII/lib/oscP5.jar:/home/travis/build/icyphy/ptII/lib/nrjavaserial-3.11.0.devel.jar:/home/travis/build/icyphy/ptII/vendors/j3d/lib/j3dcore.jar:/home/travis/build/icyphy/ptII/vendors/j3d/lib/j3dutils.jar:/home/travis/build/icyphy/ptII/vendors/j3d/lib/vecmath.jar:/home/travis/build/icyphy/ptII/ptolemy/distributed/jini/jar/jini-core.jar:/home/travis/build/icyphy/ptII/ptolemy/distributed/jini/jar/jini-ext.jar:/home/travis/build/icyphy/ptII/ptolemy/distributed/jini/jar/sun-util.jar:/home/travis/build/icyphy/ptII/lib/protobuf-java-2.4.1.jar:/home/travis/build/icyphy/ptII/lib/org.eclipse.paho.client.mqttv3.jar:/home/travis/build/icyphy/ptII/ptserver/lib/hessian-4.0.7.jar:/home/travis/build/icyphy/ptII/ptserver/lib/wmqtt.jar:/home/travis/build/icyphy/ptII/lib/mapss.jar:/home/travis/build/icyphy/ptII/ptolemy/actor/ptalon/antlr/antlr.jar:/home/travis/build/icyphy/ptII/lib/JRI.jar:/home/travis/build/icyphy/ptII/lib/commons-lang-2.6.jar:/home/travis/build/icyphy/ptII/lib/commons-logging-1.1.1.jar:/home/travis/build/icyphy/ptII/lib/sootclasses.jar:/home/travis/build/icyphy/ptII/ptolemy/actor/lib/database/mysql-connector-java-5.1.6-bin.jar:/home/travis/build/icyphy/ptII/vendors/misc/sphinx4/sphinx4-data-5prealpha.jar:/home/travis/build/icyphy/ptII/vendors/misc/sphinx4/sphinx4-core-5prealpha.jar:/home/travis/build/icyphy/ptII/lib/PDFRenderer.jar:/home/travis/build/icyphy/ptII/lib/svgSalamander.jar:/home/travis/build/icyphy/ptII/lib/rsyntaxtextarea-2.6.0-SNAPSHOT.jar:/home/travis/build/icyphy/ptII/lib/hazelcast-3.8.2.jar:/home/travis/build/icyphy/ptII/lib/jackson-annotations-2.9.0.jar:/home/travis/build/icyphy/ptII/lib/jackson-core-2.9.3.jar:/home/travis/build/icyphy/ptII/lib/jackson-databind-2.9.3.jar:/home/travis/build/icyphy/ptII/lib/netty-buffer-4.1.19.Final.jar:/home/travis/build/icyphy/ptII/lib/netty-codec-4.1.19.Final.jar:/home/travis/build/icyphy/ptII/lib/netty-codec-dns-4.1.19.Final.jar:/home/travis/build/icyphy/ptII/lib/netty-codec-http-4.1.19.Final.jar:/home/travis/build/icyphy/ptII/lib/netty-codec-http2-4.1.19.Final.jar:/home/travis/build/icyphy/ptII/lib/netty-common-4.1.19.Final.jar:/home/travis/build/icyphy/ptII/lib/netty-handler-4.1.19.Final.jar:/home/travis/build/icyphy/ptII/lib/netty-resolver-4.1.19.Final.jar:/home/travis/build/icyphy/ptII/lib/netty-resolver-dns-4.1.19.Final.jar:/home/travis/build/icyphy/ptII/lib/netty-transport-4.1.19.Final.jar:/home/travis/build/icyphy/ptII/lib/vertx-codegen-3.5.1.jar:/home/travis/build/icyphy/ptII/lib/vertx-core-3.5.2-SNAPSHOT.jar:/home/travis/build/icyphy/ptII/lib/vertx-hazelcast-3.5.1.jar:/home/travis/build/icyphy/ptII/lib/vertx-lang-js-3.5.1.jar:/home/travis/build/icyphy/ptII/lib/vertx-service-proxy-3.5.1.jar:/home/travis/build/icyphy/ptII/lib/vertx-web-3.5.1.jar:/home/travis/build/icyphy/ptII/lib/slf4j-api-1.7.13.jar:/home/travis/build/icyphy/ptII/lib/slf4j-simple-1.7.13.jar:/home/travis/build/icyphy/ptII/lib/webcam-capture-0.3.12.jar:/home/travis/build/icyphy/ptII/lib/bridj-0.7.0.jar:/home/travis/build/icyphy/ptII/lib/xbjlib-1.1.0.nrjavaserial.jar" />
    <property name="test.batch" value="**/junit/*.java" />
    <property name="env._" value="/usr/bin/timeout" />
    <property name="java.io.tmpdir" value="/tmp" />
    <property name="env.TRAVIS_INTERNAL_RUBY_REGEX" value="^ruby-(2\.[0-4]\.[0-9]|1\.9\.3)" />
    <property name="user.language" value="en" />
    <property name="env.HISTCONTROL" value="ignoredups:ignorespace" />
    <property name="env.GOROOT" value="/home/travis/.gimme/versions/go1.7.4.linux.amd64" />
    <property name="line.separator" value="&#xa;" />
    <property name="target" value="1.8" />
    <property name="env.TRAVIS_BUILD_DIR" value="/home/travis/build/icyphy/ptII" />
    <property name="env.ANT_OPTS" value="-Xmx2048m" />
    <property name="ant.file.type" value="file" />
    <property name="ptolemy.ptII.batchMode" value="true" />
    <property name="env.HISTSIZE" value="1000" />
    <property name="env.MERB_ENV" value="test" />
    <property name="java.vm.info" value="mixed mode" />
    <property name="source" value="1.8" />
    <property name="java.vm.specification.name" value="Java Virtual Machine Specification" />
    <property name="env.TRAVIS_TEST_RESULT" value="0" />
    <property name="jsdoc.command" value="node_modules/@terraswarm/jsdoc/jsdoc.js" />
    <property name="npm.works" value="true" />
    <property name="cobertura.dir" value="/home/travis/build/icyphy/ptII/vendors/cobertura-2.0.3" />
    <property name="env.rvm_path" value="/home/travis/.rvm" />
    <property name="env.GEM_PATH" value="/home/travis/.rvm/gems/ruby-2.4.1:/home/travis/.rvm/gems/ruby-2.4.1@global" />
    <property name="env.LC_CTYPE" value="en_US.UTF-8" />
    <property name="java.awt.printerjob" value="sun.print.PSPrinterJob" />
    <property name="env.TRAVIS_CMD" value="$PTII/bin/ptIITravisBuild.sh $SECONDS" />
    <property name="env.TRAVIS_STACK_NAME" value="garnet" />
    <property name="env.TRAVIS_TIMER_START_TIME" value="1545015374031607593" />
    <property name="ant.version" value="Apache Ant(TM) version 1.10.1 compiled on February 2 2017" />
    <property name="ptII.reports" value="/home/travis/build/icyphy/ptII/reports" />
    <property name="env.TRAVIS_STACK_TIMESTAMP" value="2017-12-05 19:33:09 UTC" />
    <property name="ant.file.type.ptII" value="file" />
    <property name="env.RBENV_SHELL" value="bash" />
    <property name="os.name" value="Linux" />
    <property name="java.specification.vendor" value="Oracle Corporation" />
    <property name="env.rvm_version" value="1.29.3 (latest)" />
    <property name="env.TRAVIS_INFRA" value="gce" />
    <property name="env.TERM" value="xterm" />
    <property name="java.vm.name" value="Java HotSpot(TM) 64-Bit Server VM" />
    <property name="env.TRAVIS_BUILD_NUMBER" value="870" />
    <property name="env.CI" value="true" />
    <property name="java.library.path" value="/home/travis/pthla/certi-tools/lib:/usr/lib/jni:/usr/local/share/OpenCV/java/:/usr/share/OpenCV/java::/usr/java/packages/lib/amd64:/usr/lib64:/lib64:/lib:/usr/lib" />
    <property name="env.rvm_prefix" value="/home/travis" />
    <property name="env.PATH" value="/home/travis/pthla/certi-tools/share/scripts:/home/travis/.rvm/gems/ruby-2.4.1/bin:/home/travis/.rvm/gems/ruby-2.4.1@global/bin:/home/travis/.rvm/rubies/ruby-2.4.1/bin:/home/travis/.rvm/bin:/home/travis/.nvm/versions/node/v7.10.1/bin:./node_modules/.bin:/home/travis/build/icyphy/ptII/bin:/home/travis/pthla/certi-tools/bin:/home/travis/bin:/home/travis/.local/bin:/opt/pyenv/shims:/home/travis/.phpenv/shims:/home/travis/perl5/perlbrew/bin:/home/travis/.kiex/elixirs/elixir-1.4.5/bin:/home/travis/.kiex/bin:/home/travis/gopath/bin:/home/travis/.gimme/versions/go1.7.4.linux.amd64/bin:/usr/local/phantomjs/bin:/usr/local/phantomjs:/usr/local/neo4j-3.2.7/bin:/usr/local/maven-3.5.2/bin:/usr/local/cmake-3.9.2/bin:/usr/local/clang-5.0.0/bin:/usr/local/sbin:/usr/local/bin:/usr/sbin:/usr/bin:/sbin:/bin:/home/travis/.phpenv/bin:/opt/pyenv/bin:/home/travis/.yarn/bin" />
    <property name="env.TRAVIS_OS_NAME" value="linux" />
    <property name="ant.java.version" value="1.8" />
    <property name="basedir" value="/home/travis/build/icyphy/ptII" />
    <property name="java.class.version" value="52.0" />
    <property name="env.SHLVL" value="3" />
    <property name="env.LD_LIBRARY_PATH" value="/home/travis/pthla/certi-tools/lib:/usr/lib/jni:/usr/local/share/OpenCV/java/:/usr/share/OpenCV/java:" />
    <property name="env.RACK_ENV" value="test" />
    <property name="ant.home" value="/home/travis/build/icyphy/ptII/ant" />
    <property name="env.PERLBREW_BASHRC_VERSION" value="0.80" />
    <property name="env.NVM_DIR" value="/home/travis/.nvm" />
    <property name="env.TRAVIS_BUILD_ID" value="468835903" />
    <property name="env.CERTI_FOM_PATH" value="/home/travis/pthla/certi-tools/share/federations" />
    <property name="env.PYENV_ROOT" value="/opt/pyenv" />
    <property name="env.TRAVIS_UID" value="2000" />
    <property name="env.rvm_pretty_print_flag" value="auto" />
    <property name="env.NVM_BIN" value="/home/travis/.nvm/versions/node/v7.10.1/bin" />
    <property name="env.TRAVIS_COMMIT" value="e7bd42712ffb51f5432da14dc7e0fa472ccdc4e7" />
    <property name="env._system_arch" value="x86_64" />
    <property name="node.executable" value="node" />
    <property name="sun.boot.library.path" value="/usr/lib/jvm/java-8-oracle/jre/lib/amd64" />
    <property name="sun.management.compiler" value="HotSpot 64-Bit Tiered Compilers" />
    <property name="env.GOPATH" value="/home/travis/gopath" />
    <property name="java.awt.graphicsenv" value="sun.awt.X11GraphicsEnvironment" />
    <property name="ptolemy.ptII.dir" value="/home/travis/build/icyphy/ptII" />
    <property name="env.USER" value="travis" />
    <property name="env.HISTFILESIZE" value="2000" />
    <property name="timeout.longest" value="19000000" />
    <property name="env.TRAVIS_STACK_FEATURES" value="basic cassandra chromium couchdb disabled-ipv6 docker docker-compose elasticsearch firefox go-toolchain google-chrome jdk memcached mongodb mysql neo4j nodejs_interpreter perl_interpreter perlbrew phantomjs postgresql python_interpreter rabbitmq redis riak ruby_interpreter sqlite xserver" />
    <property name="env.TRAVIS_PULL_REQUEST" value="false" />
    <property name="env.PYENV_SHELL" value="bash" />
    <property name="ant.project.name" value="ptII" />
    <property name="java.vm.specification.version" value="1.8" />
    <property name="env.ANSI_RESET" value="\033[0m" />
    <property name="env.TRAVIS_DIST" value="trusty" />
    <property name="env.CERTI_VERSION" value="4.0.0" />
    <property name="env.NLSPATH" value="/usr/dt/lib/nls/msg/%L/%N.cat" />
    <property name="awt.toolkit" value="sun.awt.X11.XToolkit" />
    <property name="env.CERTI_HOST" value="localhost" />
    <property name="env.MY_RUBY_HOME" value="/home/travis/.rvm/rubies/ruby-2.4.1" />
    <property name="sun.cpu.isalist" value="" />
    <property name="env.TRAVIS_TMPDIR" value="/tmp/tmp.MY3JYRf0Az" />
    <property name="java.ext.dirs" value="/usr/lib/jvm/java-8-oracle/jre/lib/ext:/usr/java/packages/lib/ext" />
    <property name="os.version" value="4.4.0-101-generic" />
    <property name="user.home" value="/home/travis" />
    <property name="env.MIX_ARCHIVES" value="/home/travis/.kiex/mix/elixir-1.4.5" />
    <property name="java.vm.vendor" value="Oracle Corporation" />
    <property name="env.TRAVIS_TAG" value="nightly" />
    <property name="env.ANSI_YELLOW" value="\033[33;1m" />
    <property name="env.TRAVIS_FILTERED" value="redirect_io" />
    <property name="env.ANSI_GREEN" value="\033[32;1m" />
    <property name="env.JAVA_HOME" value="/usr/lib/jvm/java-8-oracle" />
    <property name="env.PTII" value="/home/travis/build/icyphy/ptII" />
    <property name="javadoc.excludepackagenames" value="adm.cvs2svn.*,build.*,config.*,doc.coding.templates.*,jni.test.jni.meaningOfLife.*,jni.test.jni.testDeux.*,jni.test.jni.testTrois.*,org.terraswarm.accessor.accessors.web.node_modules.*,org.terraswarm.accessor.accessors.web.hosts.cordova.demo.*,org.terraswarm.accessor.accessors.web.hosts.cordova.plugins.*,org.terraswarm.accessor.accessors-svn.*,pt-modules.*,ptolemy.apps.agilent.*,ptolemy.apps.anytimecontrol.*,ptolemy.apps.apes.*,ptolemy.apps.charon.*,ptolemy.apps.crazyboard.*,ptolemy.apps.eclipse.*,ptolemy.apps.etherealSting.*,ptolemy.apps.fullscreen.*,ptolemy.apps.giotto.*,ptolemy.apps.ia.*,ptolemy.apps.interfaces.*,ptolemy.apps.jmf.*,ptolemy.apps.kurt.*,ptolemy.apps.kvm.*,ptolemy.apps.lego.*,ptolemy.apps.lejos.*,ptolemy.apps.midp.*,ptolemy.apps.mobileCoding.*,ptolemy.apps.pendulum.*,ptolemy.apps.rijndael.*,ptolemy.apps.robot.*,ptolemy.apps.security.*,ptolemy.apps.sobel.*,ptolemy.apps.soot.*,ptolemy.apps.throttle.*,ptolemy.apps.tini.*,ptolemy.apps.transmission.*,ptolemy.apps.vergil.*,ptolemy.apps.waba.*,ptolemy.apps.websensor.*,ptolemy.apps.webstart.*,ptolemy.apps.xsl.*,ptolemy.apps.zaurus.*,ptolemy.backtrack.eclipse.plugin.*,ptolemy.backtrack.test.*,ptolemy.codegen.c.actor.lib.oldJavaFiles.*,ptolemy.codegen.dsp.lib.*,ptolemy.codegen.kernel.newInterfaces.*,ptolemy.codegen.lib.*,ptolemy.copernicus.kernel.fragment.*,ptolemy.copernicus.shallow.cg.*,ptolemy.domains.giotto.demo.Hierarchy.Hierarchy.*,ptolemy.domains.giotto.demo.Multimode.Multimode.*,ptolemy.domains.giotto.demo.Simple.Simple.*,ptolemy.domains.gr.lib.experimental.*,ptolemy.domains.gro.*,ptolemy.domains.pdf.*,ptolemy.domains.ptinyos.demo.Surge.output.*,ptolemy.moml.test.NoPackageActor.java*,ptolemy.plot.adm.*,ptolemy.plot.servlet.*,reports.*,signed.*,src.*,target.*,vendors.*,ptolemy.cg.adapter.generic.program.procedural.c.mbed*,ptolemy.actor.lib.fmi.fmus.omc*,ptolemy.domains.openmodelica*,ptdb.kernel.bl.save.test.*,ptdb.kernel.bl.load.test.*,ptdb.kernel.bl.search.test.*,ptdb.kernel.bl.migration.test.*,ptdb.kernel.database.test.*,ptdb.test.*,ptdb.gui.test.*,org.ptolemy.scala.*,diva.util.java2d.svg.*,ptolemy.domains.ptinyos.*,ptolemy.actor.lib.fmi.fmipp.*,,org.terraswarm.accessor.accessors.web.node_modules.*,org.terraswarm.accessor.accessors-svn,ptolemy.apps.*,ptolemy.actor.ptalon.demo.ptinyos.SendAndReceiveCnt.output,ptolemy.actor.ptalon.demo.ptinyos.SenseToLeds.output,ptolemy.domains.ptinyos.demo.CntToLedsAndRfm.output,ptolemy.domains.ptinyos.demo.RfmToLeds.output,ptolemy.domains.ptinyos.demo.SendAndReceiveCnt.output,ptolemy.domains.ptinyos.demo.SenseToLeds.output,ptolemy.actor.lib.jjs.modules.udpSocket.*" />
    <property name="env.TRAVIS_COMMIT_MESSAGE" value="add a simple demo for a parameterizable ParallelMutable" />
    <property name="keystore" value="ptKeystore" />
    <property name="env.XDG_SESSION_ID" value="2" />
    <property name="junit.output.dir" value="/home/travis/build/icyphy/ptII/reports/junit" />
    <property name="npm.return.code" value="0" />
    <property name="user.dir" value="/home/travis/build/icyphy/ptII/ptolemy/actor/lib/test" />
    <property name="env.TRAVIS_NODE_VERSION" value="7" />
    <property name="env.XFILESEARCHPATH" value="/usr/dt/app-defaults/%L/Dt" />
    <property name="env.TRAVIS_EVENT_TYPE" value="cron" />
    <property name="env.MAIL" value="/var/mail/travis" />
    <property name="env.PWD" value="/home/travis/build/icyphy/ptII" />
    <property name="env.PERLBREW_ROOT" value="/home/travis/perl5/perlbrew" />
    <property name="timeout.npm" value="45000" />
    <property name="env.TRAVIS_ARCH" value="amd64" />
    <property name="env.PAGER" value="cat" />
    <property name="sun.cpu.endian" value="little" />
    <property name="env.TRAVIS_BUILD_STAGE_NAME" value="Test" />
    <property name="env.PERLBREW_HOME" value="/home/travis/.perlbrew" />
    <property name="env.RAILS_ENV" value="test" />
    <property name="java.vm.version" value="25.151-b12" />
    <property name="java.class.path" value="/home/travis/.ptolemyII:/home/travis/.ptolemyII/*:/home/travis/build/icyphy/ptII:/home/travis/build/icyphy/ptII/lib/bsh-2.0b4.jar:/home/travis/build/icyphy/ptII/lib/ptCal.jar:/home/travis/build/icyphy/ptII/lib/java_cup.jar:/home/travis/build/icyphy/ptII/lib/saxon8.jar:/home/travis/build/icyphy/ptII/lib/saxon8-dom.jar:/home/travis/build/icyphy/ptII/lib/chic.jar:/home/travis/build/icyphy/ptII/lib/ptcolt.jar:/usr/lib/jvm/java-8-oracle/lib/tools.jar:/usr/lib/eclipse/plugins/org.eclipse.jdt.core_3.8.2.dist.jar:/usr/lib/eclipse/plugins/org.eclipse.core.runtime_3.8.0.dist.jar:/usr/lib/eclipse/plugins/org.eclipse.osgi_3.8.1.dist.jar:/usr/lib/eclipse/plugins/org.eclipse.core.resources_3.8.1.dist.jar:/usr/lib/eclipse/plugins/org.eclipse.equinox.common_3.6.100.dist.jar:/usr/lib/eclipse/plugins/org.eclipse.core.jobs_3.5.200.dist.jar:/usr/lib/eclipse/plugins/org.eclipse.core.contenttype_3.4.200.dist.jar:/usr/lib/eclipse/plugins/org.eclipse.equinox.preferences_3.5.0.dist.jar:/usr/lib/eclipse/plugins/org.eclipse.text_3.5.200.dist.jar:/usr/lib/eclipse/plugins/org.eclipse.ui.workbench_3.8.1.dist.jar:/usr/lib/eclipse/plugins/org.eclipse.jface_3.8.0.dist.jar:/usr/lib/eclipse/plugins/org.eclipse.swt_3.8.2.jar:/usr/lib/eclipse/plugins/org.eclipse.jface.text_3.8.1.dist.jar:/usr/lib/eclipse/plugins/org.eclipse.ui.workbench.texteditor_3.8.0.dist.jar:/usr/lib/eclipse/plugins/org.eclipse.ui.editors_3.8.0.dist.jar:/usr/lib/eclipse/plugins/org.eclipse.core.commands_3.6.1.dist.jar:/usr/lib/eclipse/plugins/org.eclipse.equinox.registry_3.5.200.dist.jar:/usr/lib/eclipse/plugins/org.eclipse.ui.console_3.5.100.dist.jar:/usr/lib/eclipse/plugins/org.eclipse.ui.forms_3.5.200.dist.jar:/usr/lib/eclipse/plugins/org.eclipse.ui.ide_3.8.1.dist.jar:/home/travis/build/icyphy/ptII/vendors/oracle/dbxml.jar:/home/travis/build/icyphy/ptII/vendors/oracle/db.jar:/home/travis/build/icyphy/ptII/vendors/misc/itext/iText.jar:/home/travis/build/icyphy/ptII/lib/g4ltl.jar:/home/travis/build/icyphy/ptII/lib/StructuralCoder.jar:/home/travis/build/icyphy/ptII/lib/org-openide-util.jar:/home/travis/build/icyphy/ptII/lib/org-openide-util-lookup.jar:/home/travis/build/icyphy/ptII/lib/org-netbeans-api-visual.jar:/home/travis/build/icyphy/ptII/vendors/jai-1_1_2_01/lib/jai_core.jar:/home/travis/build/icyphy/ptII/vendors/jai-1_1_2_01/lib/jai_codec.jar:/home/travis/build/icyphy/ptII/lib/jcerti.jar:/home/travis/build/icyphy/ptII/lib/smack.jar:/home/travis/build/icyphy/ptII/lib/smackx.jar:/home/travis/build/icyphy/ptII/lib/jetty-all-8.1.5-v20120716.jar:/home/travis/build/icyphy/ptII/lib/javax.servlet-api-3.0.1.jar:/home/travis/build/icyphy/ptII/lib/javax.mail.jar:/home/travis/build/icyphy/ptII/vendors/JMF-2.1.1e/lib/jmf.jar:/home/travis/build/icyphy/ptII/lib/jna-4.0.0-variadic.jar:/home/travis/build/icyphy/ptII/vendors/misc/joystick/Joystick.jar:/home/travis/build/icyphy/ptII/lib/ptjacl.jar:/home/travis/build/icyphy/ptII/lib/jsoup-1.8.2.jar:/home/travis/build/icyphy/ptII/lib/junit-4.8.2.jar:/home/travis/build/icyphy/ptII/lib/JUnitParams-0.4.0.jar:/home/travis/build/icyphy/ptII/ptolemy/actor/lib/excel/jxl.jar:/home/travis/build/icyphy/ptII/lib/jython.jar:/home/travis/build/icyphy/ptII/lib/kieler.jar:/home/travis/build/icyphy/ptII/vendors/opencv/share/OpenCV/java/opencv-341.jar:/home/travis/build/icyphy/ptII/lib/oscP5.jar:/home/travis/build/icyphy/ptII/lib/nrjavaserial-3.11.0.devel.jar:/home/travis/build/icyphy/ptII/vendors/j3d/lib/j3dcore.jar:/home/travis/build/icyphy/ptII/vendors/j3d/lib/j3dutils.jar:/home/travis/build/icyphy/ptII/vendors/j3d/lib/vecmath.jar:/home/travis/build/icyphy/ptII/ptolemy/distributed/jini/jar/jini-core.jar:/home/travis/build/icyphy/ptII/ptolemy/distributed/jini/jar/jini-ext.jar:/home/travis/build/icyphy/ptII/ptolemy/distributed/jini/jar/sun-util.jar:/home/travis/build/icyphy/ptII/lib/protobuf-java-2.4.1.jar:/home/travis/build/icyphy/ptII/lib/org.eclipse.paho.client.mqttv3.jar:/home/travis/build/icyphy/ptII/ptserver/lib/hessian-4.0.7.jar:/home/travis/build/icyphy/ptII/ptserver/lib/wmqtt.jar:/home/travis/build/icyphy/ptII/lib/mapss.jar:/home/travis/build/icyphy/ptII/ptolemy/actor/ptalon/antlr/antlr.jar:/home/travis/build/icyphy/ptII/lib/JRI.jar:/home/travis/build/icyphy/ptII/lib/commons-lang-2.6.jar:/home/travis/build/icyphy/ptII/lib/commons-logging-1.1.1.jar:/home/travis/build/icyphy/ptII/lib/sootclasses.jar:/home/travis/build/icyphy/ptII/ptolemy/actor/lib/database/mysql-connector-java-5.1.6-bin.jar:/home/travis/build/icyphy/ptII/vendors/misc/sphinx4/sphinx4-data-5prealpha.jar:/home/travis/build/icyphy/ptII/vendors/misc/sphinx4/sphinx4-core-5prealpha.jar:/home/travis/build/icyphy/ptII/lib/PDFRenderer.jar:/home/travis/build/icyphy/ptII/lib/svgSalamander.jar:/home/travis/build/icyphy/ptII/lib/rsyntaxtextarea-2.6.0-SNAPSHOT.jar:/home/travis/build/icyphy/ptII/lib/hazelcast-3.8.2.jar:/home/travis/build/icyphy/ptII/lib/jackson-annotations-2.9.0.jar:/home/travis/build/icyphy/ptII/lib/jackson-core-2.9.3.jar:/home/travis/build/icyphy/ptII/lib/jackson-databind-2.9.3.jar:/home/travis/build/icyphy/ptII/lib/netty-buffer-4.1.19.Final.jar:/home/travis/build/icyphy/ptII/lib/netty-codec-4.1.19.Final.jar:/home/travis/build/icyphy/ptII/lib/netty-codec-dns-4.1.19.Final.jar:/home/travis/build/icyphy/ptII/lib/netty-codec-http-4.1.19.Final.jar:/home/travis/build/icyphy/ptII/lib/netty-codec-http2-4.1.19.Final.jar:/home/travis/build/icyphy/ptII/lib/netty-common-4.1.19.Final.jar:/home/travis/build/icyphy/ptII/lib/netty-handler-4.1.19.Final.jar:/home/travis/build/icyphy/ptII/lib/netty-resolver-4.1.19.Final.jar:/home/travis/build/icyphy/ptII/lib/netty-resolver-dns-4.1.19.Final.jar:/home/travis/build/icyphy/ptII/lib/netty-transport-4.1.19.Final.jar:/home/travis/build/icyphy/ptII/lib/vertx-codegen-3.5.1.jar:/home/travis/build/icyphy/ptII/lib/vertx-core-3.5.2-SNAPSHOT.jar:/home/travis/build/icyphy/ptII/lib/vertx-hazelcast-3.5.1.jar:/home/travis/build/icyphy/ptII/lib/vertx-lang-js-3.5.1.jar:/home/travis/build/icyphy/ptII/lib/vertx-service-proxy-3.5.1.jar:/home/travis/build/icyphy/ptII/lib/vertx-web-3.5.1.jar:/home/travis/build/icyphy/ptII/lib/slf4j-api-1.7.13.jar:/home/travis/build/icyphy/ptII/lib/slf4j-simple-1.7.13.jar:/home/travis/build/icyphy/ptII/lib/webcam-capture-0.3.12.jar:/home/travis/build/icyphy/ptII/lib/bridj-0.7.0.jar:/home/travis/build/icyphy/ptII/lib/xbjlib-1.1.0.nrjavaserial.jar:/home/travis/build/icyphy/ptII/ptolemy/moml/test:/home/travis/build/icyphy/ptII/ant/lib/ant-launcher.jar:/home/travis/build/icyphy/ptII/ant/lib/ant.jar:/home/travis/build/icyphy/ptII/ant/lib/ant-junit.jar:/home/travis/build/icyphy/ptII/ant/lib/ant-junit4.jar" />
    <property name="ant.library.dir" value="/home/travis/build/icyphy/ptII/ant/lib" />
    <property name="os.arch" value="amd64" />
    <property name="env.TRAVIS_LANGUAGE" value="node_js" />
    <property name="env.CONTINUOUS_INTEGRATION" value="true" />
    <property name="env.TRAVIS_STACK_LANGUAGES" value="__garnet__ c c++ clojure cplusplus cpp default go groovy java node_js php pure_java python ruby scala" />
    <property name="test.name" value="ptolemy.actor.lib.test.junit.JUnitTclTest" />
    <property name="sun.java.launcher" value="SUN_STANDARD" />
    <property name="env.PYTHON_CONFIGURE_OPTS" value="--enable-unicode=ucs4 --with-wide-unicode --enable-shared --enable-ipv6 --enable-loadable-sqlite-extensions --with-computed-gotos" />
    <property name="ant.core.lib" value="/home/travis/build/icyphy/ptII/ant/lib/ant.jar" />
    <property name="java.vm.specification.vendor" value="Oracle Corporation" />
    <property name="env.BCVTB_HOME" value="/home/travis/build/icyphy/ptII/lbnl" />
    <property name="file.separator" value="/" />
    <property name="spotbugs.home" value="/home/travis/build/icyphy/ptII/vendors/spotbugs-3.1.1" />
    <property name="java.runtime.version" value="1.8.0_151-b12" />
    <property name="sun.boot.class.path" value="/usr/lib/jvm/java-8-oracle/jre/lib/resources.jar:/usr/lib/jvm/java-8-oracle/jre/lib/rt.jar:/usr/lib/jvm/java-8-oracle/jre/lib/sunrsasign.jar:/usr/lib/jvm/java-8-oracle/jre/lib/jsse.jar:/usr/lib/jvm/java-8-oracle/jre/lib/jce.jar:/usr/lib/jvm/java-8-oracle/jre/lib/charsets.jar:/usr/lib/jvm/java-8-oracle/jre/lib/jfr.jar:/usr/lib/jvm/java-8-oracle/jre/classes" />
    <property name="env.ANSI_CLEAR" value="\033[0K" />
    <property name="env.HAS_JOSH_K_SEAL_OF_APPROVAL" value="true" />
    <property name="env.XDG_RUNTIME_DIR" value="/run/user/2000" />
    <property name="env.TRAVIS_OSX_IMAGE" value="" />
    <property name="env.TRAVIS_BRANCH" value="master" />
    <property name="env.TRAVIS_JOB_ID" value="468835911" />
    <property name="user.country" value="US" />
    <property name="env.CERTI_HOME_TRAVIS" value="/home/travis/pthla/certi-tools" />
    <property name="env.SHELL" value="/bin/bash" />
    <property name="java.maxmemory.large" value="5000m" />
    <property name="model" value="" />
    <property name="env.CASHER_DIR" value="/home/travis/.casher" />
    <property name="env.NVM_CD_FLAGS" value="" />
    <property name="jshint.executable" value="/home/travis/node_modules/jshint/bin/jshint" />
    <property name="java.vendor" value="Oracle Corporation" />
    <property name="env.JRUBY_OPTS" value=" --client -J-XX:+TieredCompilation -J-XX:TieredStopAtLevel=1 -J-Xss2m -Xcompile.invokedynamic=false" />
    <property name="env.TRAVIS_PRE_CHEF_BOOTSTRAP_TIME" value="2017-12-05T19:32:55" />
    <property name="env.TRAVIS_STACK_JOB_BOARD_REGISTER" value="/.job-board-register.yml" />
    <property name="env.ELIXIR_VERSION" value="1.4.5" />
    <property name="env.ANSI_RED" value="\033[31;1m" />
    <property name="java.specification.version" value="1.8" />
    <property name="env.TRAVIS" value="true" />
    <property name="env.IRBRC" value="/home/travis/.rvm/rubies/ruby-2.4.1/.irbrc" />
    <property name="sun.arch.data.model" value="64" />
  </properties>
  <testcase classname="ptolemy.util.test.junit.TclTests" name="[0] /home/travis/build/icyphy/ptII/ptolemy/actor/lib/test/AbsoluteValue.tcl (RunTclFile)" time="0.465" />
  <testcase classname="ptolemy.util.test.junit.TclTests" name="[1] /home/travis/build/icyphy/ptII/ptolemy/actor/lib/test/AddSubtract.tcl (RunTclFile)" time="0.082" />
  <testcase classname="ptolemy.util.test.junit.TclTests" name="[2] /home/travis/build/icyphy/ptII/ptolemy/actor/lib/test/Average.tcl (RunTclFile)" time="0.06" />
  <testcase classname="ptolemy.util.test.junit.TclTests" name="[3] /home/travis/build/icyphy/ptII/ptolemy/actor/lib/test/Bernoulli.tcl (RunTclFile)" time="0.023" />
  <testcase classname="ptolemy.util.test.junit.TclTests" name="[4] /home/travis/build/icyphy/ptII/ptolemy/actor/lib/test/Clock.tcl (RunTclFile)" time="0.101" />
  <testcase classname="ptolemy.util.test.junit.TclTests" name="[5] /home/travis/build/icyphy/ptII/ptolemy/actor/lib/test/Commutator.tcl (RunTclFile)" time="0.151" />
  <testcase classname="ptolemy.util.test.junit.TclTests" name="[6] /home/travis/build/icyphy/ptII/ptolemy/actor/lib/test/Const.tcl (RunTclFile)" time="0.127" />
  <testcase classname="ptolemy.util.test.junit.TclTests" name="[7] /home/travis/build/icyphy/ptII/ptolemy/actor/lib/test/CurrentTime.tcl (RunTclFile)" time="0.022" />
  <testcase classname="ptolemy.util.test.junit.TclTests" name="[8] /home/travis/build/icyphy/ptII/ptolemy/actor/lib/test/DB.tcl (RunTclFile)" time="0.038" />
  <testcase classname="ptolemy.util.test.junit.TclTests" name="[9] /home/travis/build/icyphy/ptII/ptolemy/actor/lib/test/DiscreteRandomSource.tcl (RunTclFile)" time="0.05" />
  <testcase classname="ptolemy.util.test.junit.TclTests" name="[10] /home/travis/build/icyphy/ptII/ptolemy/actor/lib/test/Distributor.tcl (RunTclFile)" time="0.056" />
  <testcase classname="ptolemy.util.test.junit.TclTests" name="[11] /home/travis/build/icyphy/ptII/ptolemy/actor/lib/test/Exit.tcl (RunTclFile)" time="0.054" />
  <testcase classname="ptolemy.util.test.junit.TclTests" name="[12] /home/travis/build/icyphy/ptII/ptolemy/actor/lib/test/Expression.tcl (RunTclFile)" time="0.123" />
  <testcase classname="ptolemy.util.test.junit.TclTests" name="[13] /home/travis/build/icyphy/ptII/ptolemy/actor/lib/test/Gaussian.tcl (RunTclFile)" time="0.128" />
  <testcase classname="ptolemy.util.test.junit.TclTests" name="[14] /home/travis/build/icyphy/ptII/ptolemy/actor/lib/test/IIR.tcl (RunTclFile)" time="0.032" />
  <testcase classname="ptolemy.util.test.junit.TclTests" name="[15] /home/travis/build/icyphy/ptII/ptolemy/actor/lib/test/Interpolator.tcl (RunTclFile)" time="0.107" />
  <testcase classname="ptolemy.util.test.junit.TclTests" name="[16] /home/travis/build/icyphy/ptII/ptolemy/actor/lib/test/MathFunction.tcl (RunTclFile)" time="0.08" />
  <testcase classname="ptolemy.util.test.junit.TclTests" name="[17] /home/travis/build/icyphy/ptII/ptolemy/actor/lib/test/Maximum.tcl (RunTclFile)" time="0.037" />
  <testcase classname="ptolemy.util.test.junit.TclTests" name="[18] /home/travis/build/icyphy/ptII/ptolemy/actor/lib/test/Minimum.tcl (RunTclFile)" time="0.03" />
  <testcase classname="ptolemy.util.test.junit.TclTests" name="[19] /home/travis/build/icyphy/ptII/ptolemy/actor/lib/test/MultiplyDivide.tcl (RunTclFile)" time="0.034" />
  <testcase classname="ptolemy.util.test.junit.TclTests" name="[20] /home/travis/build/icyphy/ptII/ptolemy/actor/lib/test/OrderedMerge.tcl (RunTclFile)" time="0.086" />
  <testcase classname="ptolemy.util.test.junit.TclTests" name="[21] /home/travis/build/icyphy/ptII/ptolemy/actor/lib/test/Publisher.tcl (RunTclFile)" time="0.582" />
  <testcase classname="ptolemy.util.test.junit.TclTests" name="[22] /home/travis/build/icyphy/ptII/ptolemy/actor/lib/test/Pulse.tcl (RunTclFile)" time="0.029" />
  <testcase classname="ptolemy.util.test.junit.TclTests" name="[23] /home/travis/build/icyphy/ptII/ptolemy/actor/lib/test/Ramp.tcl (RunTclFile)" time="1.78" />
  <testcase classname="ptolemy.util.test.junit.TclTests" name="[24] /home/travis/build/icyphy/ptII/ptolemy/actor/lib/test/RampContinuous.tcl (RunTclFile)" time="0.016" />
  <testcase classname="ptolemy.util.test.junit.TclTests" name="[25] /home/travis/build/icyphy/ptII/ptolemy/actor/lib/test/RecordAssembler.tcl (RunTclFile)" time="0.016" />
  <testcase classname="ptolemy.util.test.junit.TclTests" name="[26] /home/travis/build/icyphy/ptII/ptolemy/actor/lib/test/RecordDisassembler.tcl (RunTclFile)" time="0.024" />
  <testcase classname="ptolemy.util.test.junit.TclTests" name="[27] /home/travis/build/icyphy/ptII/ptolemy/actor/lib/test/Scale.tcl (RunTclFile)" time="0.022" />
  <testcase classname="ptolemy.util.test.junit.TclTests" name="[28] /home/travis/build/icyphy/ptII/ptolemy/actor/lib/test/SequentialClock.tcl (RunTclFile)" time="0.015" />
  <testcase classname="ptolemy.util.test.junit.TclTests" name="[29] /home/travis/build/icyphy/ptII/ptolemy/actor/lib/test/SetVariable.tcl (RunTclFile)" time="0.012" />
  <testcase classname="ptolemy.util.test.junit.TclTests" name="[30] /home/travis/build/icyphy/ptII/ptolemy/actor/lib/test/Sinewave.tcl (RunTclFile)" time="0.047" />
  <testcase classname="ptolemy.util.test.junit.TclTests" name="[31] /home/travis/build/icyphy/ptII/ptolemy/actor/lib/test/SubscriptionAggregator.tcl (RunTclFile)" time="2.065" />
  <testcase classname="ptolemy.util.test.junit.TclTests" name="[32] /home/travis/build/icyphy/ptII/ptolemy/actor/lib/test/Test.tcl (RunTclFile)" time="0.109" />
  <testcase classname="ptolemy.util.test.junit.TclTests" name="[33] /home/travis/build/icyphy/ptII/ptolemy/actor/lib/test/TestExceptionHandler.tcl (RunTclFile)" time="0.01" />
  <testcase classname="ptolemy.util.test.junit.TclTests" name="[34] /home/travis/build/icyphy/ptII/ptolemy/actor/lib/test/UnionDisassembler.tcl (RunTclFile)" time="0.061" />
  <testcase classname="ptolemy.util.test.junit.TclTests" name="[35] /home/travis/build/icyphy/ptII/ptolemy/actor/lib/test/VariableClock.tcl (RunTclFile)" time="0.025" />
  <testcase classname="ptolemy.util.test.junit.AutoKnownFailedTests" name="[0] /home/travis/build/icyphy/ptII/ptolemy/actor/lib/test/auto/knownFailedTests/PublisherPortToplevelSubscriber.xml (RunModel)" time="0.019" />
  <testcase classname="ptolemy.util.test.junit.AutoKnownFailedTests" name="[1] /home/travis/build/icyphy/ptII/ptolemy/actor/lib/test/auto/knownFailedTests/PublisherSubscriberPortToplevel.xml (RunModel)" time="0.02" />
  <testcase classname="ptolemy.util.test.junit.AutoKnownFailedTests" name="[2] /home/travis/build/icyphy/ptII/ptolemy/actor/lib/test/auto/knownFailedTests/PublisherSubscriptionAggregatorPort.xml (RunModel)" time="0.024" />
  <testcase classname="ptolemy.util.test.junit.AutoKnownFailedTests" name="[3] /home/travis/build/icyphy/ptII/ptolemy/actor/lib/test/auto/knownFailedTests/sizedarray3.xml (RunModel)" time="0.031" />
  <testcase classname="ptolemy.util.test.junit.AutoNameArchTests" name="[0] ThereAreNoAutoArchTests (RunModel)" time="0.001" />
  <testcase classname="ptolemy.util.test.junit.AutoTests" name="[0] /home/travis/build/icyphy/ptII/ptolemy/actor/lib/test/auto/AbsoluteValue.xml (RunModel)" time="0.107" />
  <testcase classname="ptolemy.util.test.junit.AutoTests" name="[1] /home/travis/build/icyphy/ptII/ptolemy/actor/lib/test/auto/AbsoluteValue2.xml (RunModel)" time="0.062" />
  <testcase classname="ptolemy.util.test.junit.AutoTests" name="[2] /home/travis/build/icyphy/ptII/ptolemy/actor/lib/test/auto/Accumulator.xml (RunModel)" time="0.065" />
  <testcase classname="ptolemy.util.test.junit.AutoTests" name="[3] /home/travis/build/icyphy/ptII/ptolemy/actor/lib/test/auto/Accumulator2.xml (RunModel)" time="0.023" />
  <testcase classname="ptolemy.util.test.junit.AutoTests" name="[4] /home/travis/build/icyphy/ptII/ptolemy/actor/lib/test/auto/Accumulator3.xml (RunModel)" time="0.019" />
  <testcase classname="ptolemy.util.test.junit.AutoTests" name="[5] /home/travis/build/icyphy/ptII/ptolemy/actor/lib/test/auto/ArrayAppend.xml (RunModel)" time="0.031" />
  <testcase classname="ptolemy.util.test.junit.AutoTests" name="[6] /home/travis/build/icyphy/ptII/ptolemy/actor/lib/test/auto/ArrayAppend2.xml (RunModel)" time="0.78" />
  <testcase classname="ptolemy.util.test.junit.AutoTests" name="[7] /home/travis/build/icyphy/ptII/ptolemy/actor/lib/test/auto/ArrayAppend3.xml (RunModel)" time="0.03" />
  <testcase classname="ptolemy.util.test.junit.AutoTests" name="[8] /home/travis/build/icyphy/ptII/ptolemy/actor/lib/test/auto/ArrayAppend4.xml (RunModel)" time="0.031" />
  <testcase classname="ptolemy.util.test.junit.AutoTests" name="[9] /home/travis/build/icyphy/ptII/ptolemy/actor/lib/test/auto/ArrayAppend5.xml (RunModel)" time="0.026" />
  <testcase classname="ptolemy.util.test.junit.AutoTests" name="[10] /home/travis/build/icyphy/ptII/ptolemy/actor/lib/test/auto/ArrayAppend6.xml (RunModel)" time="0.021" />
  <testcase classname="ptolemy.util.test.junit.AutoTests" name="[11] /home/travis/build/icyphy/ptII/ptolemy/actor/lib/test/auto/ArrayAppendPerformanceTest.xml (RunModel)" time="0.047" />
  <testcase classname="ptolemy.util.test.junit.AutoTests" name="[12] /home/travis/build/icyphy/ptII/ptolemy/actor/lib/test/auto/ArrayAppendWithEmptyInput.xml (RunModel)" time="0.039" />
  <testcase classname="ptolemy.util.test.junit.AutoTests" name="[13] /home/travis/build/icyphy/ptII/ptolemy/actor/lib/test/auto/ArrayAverage.xml (RunModel)" time="0.063" />
  <testcase classname="ptolemy.util.test.junit.AutoTests" name="[14] /home/travis/build/icyphy/ptII/ptolemy/actor/lib/test/auto/ArrayContains.xml (RunModel)" time="0.037" />
  <testcase classname="ptolemy.util.test.junit.AutoTests" name="[15] /home/travis/build/icyphy/ptII/ptolemy/actor/lib/test/auto/ArrayElement.xml (RunModel)" time="0.027" />
  <testcase classname="ptolemy.util.test.junit.AutoTests" name="[16] /home/travis/build/icyphy/ptII/ptolemy/actor/lib/test/auto/ArrayElementAsMatrix.xml (RunModel)" time="0.063" />
  <testcase classname="ptolemy.util.test.junit.AutoTests" name="[17] /home/travis/build/icyphy/ptII/ptolemy/actor/lib/test/auto/ArrayElementI.xml (RunModel)" time="0.022" />
  <testcase classname="ptolemy.util.test.junit.AutoTests" name="[18] /home/travis/build/icyphy/ptII/ptolemy/actor/lib/test/auto/ArrayExtract.xml (RunModel)" time="0.04" />
  <testcase classname="ptolemy.util.test.junit.AutoTests" name="[19] /home/travis/build/icyphy/ptII/ptolemy/actor/lib/test/auto/ArrayExtract2.xml (RunModel)" time="0.019" />
  <testcase classname="ptolemy.util.test.junit.AutoTests" name="[20] /home/travis/build/icyphy/ptII/ptolemy/actor/lib/test/auto/ArrayLength.xml (RunModel)" time="0.031" />
  <testcase classname="ptolemy.util.test.junit.AutoTests" name="[21] /home/travis/build/icyphy/ptII/ptolemy/actor/lib/test/auto/ArrayLevelCrossing.xml (RunModel)" time="0.029" />
  <testcase classname="ptolemy.util.test.junit.AutoTests" name="[22] /home/travis/build/icyphy/ptII/ptolemy/actor/lib/test/auto/ArrayLevelCrossing2.xml (RunModel)" time="0.025" />
  <testcase classname="ptolemy.util.test.junit.AutoTests" name="[23] /home/travis/build/icyphy/ptII/ptolemy/actor/lib/test/auto/ArrayPeakSearch.xml (RunModel)" time="0.03" />
  <testcase classname="ptolemy.util.test.junit.AutoTests" name="[24] /home/travis/build/icyphy/ptII/ptolemy/actor/lib/test/auto/ArrayPeakSearch2.xml (RunModel)" time="0.036" />
  <testcase classname="ptolemy.util.test.junit.AutoTests" name="[25] /home/travis/build/icyphy/ptII/ptolemy/actor/lib/test/auto/ArrayPeakSearch3.xml (RunModel)" time="0.038" />
  <testcase classname="ptolemy.util.test.junit.AutoTests" name="[26] /home/travis/build/icyphy/ptII/ptolemy/actor/lib/test/auto/ArrayRemoveElement.xml (RunModel)" time="0.04" />
  <testcase classname="ptolemy.util.test.junit.AutoTests" name="[27] /home/travis/build/icyphy/ptII/ptolemy/actor/lib/test/auto/ArraySort.xml (RunModel)" time="0.033" />
  <testcase classname="ptolemy.util.test.junit.AutoTests" name="[28] /home/travis/build/icyphy/ptII/ptolemy/actor/lib/test/auto/ArraySum.xml (RunModel)" time="0.02" />
  <testcase classname="ptolemy.util.test.junit.AutoTests" name="[29] /home/travis/build/icyphy/ptII/ptolemy/actor/lib/test/auto/ArrayToElements.xml (RunModel)" time="0.016" />
  <testcase classname="ptolemy.util.test.junit.AutoTests" name="[30] /home/travis/build/icyphy/ptII/ptolemy/actor/lib/test/auto/ArrayToMatrix.xml (RunModel)" time="0.055" />
  <testcase classname="ptolemy.util.test.junit.AutoTests" name="[31] /home/travis/build/icyphy/ptII/ptolemy/actor/lib/test/auto/ArrayUpdate1.xml (RunModel)" time="0.03" />
  <testcase classname="ptolemy.util.test.junit.AutoTests" name="[32] /home/travis/build/icyphy/ptII/ptolemy/actor/lib/test/auto/ArrayUpdate2.xml (RunModel)" time="0.022" />
  <testcase classname="ptolemy.util.test.junit.AutoTests" name="[33] /home/travis/build/icyphy/ptII/ptolemy/actor/lib/test/auto/ArrayUpdate3.xml (RunModel)" time="0.017" />
  <testcase classname="ptolemy.util.test.junit.AutoTests" name="[34] /home/travis/build/icyphy/ptII/ptolemy/actor/lib/test/auto/Assert1.xml (RunModel)" time="0.021" />
  <testcase classname="ptolemy.util.test.junit.AutoTests" name="[35] /home/travis/build/icyphy/ptII/ptolemy/actor/lib/test/auto/Assert2.xml (RunModel)" time="0.016" />
  <testcase classname="ptolemy.util.test.junit.AutoTests" name="[36] /home/travis/build/icyphy/ptII/ptolemy/actor/lib/test/auto/BooleanMultiplexor.xml (RunModel)" time="0.014" />
  <testcase classname="ptolemy.util.test.junit.AutoTests" name="[37] /home/travis/build/icyphy/ptII/ptolemy/actor/lib/test/auto/BooleanMultiplexor2.xml (RunModel)" time="0.016" />
  <testcase classname="ptolemy.util.test.junit.AutoTests" name="[38] /home/travis/build/icyphy/ptII/ptolemy/actor/lib/test/auto/BooleanMultiplexor3.xml (RunModel)" time="0.022" />
  <testcase classname="ptolemy.util.test.junit.AutoTests" name="[39] /home/travis/build/icyphy/ptII/ptolemy/actor/lib/test/auto/BooleanSelect.xml (RunModel)" time="0.028" />
  <testcase classname="ptolemy.util.test.junit.AutoTests" name="[40] /home/travis/build/icyphy/ptII/ptolemy/actor/lib/test/auto/BooleanSelect2.xml (RunModel)" time="0.017" />
  <testcase classname="ptolemy.util.test.junit.AutoTests" name="[41] /home/travis/build/icyphy/ptII/ptolemy/actor/lib/test/auto/BooleanSwitch.xml (RunModel)" time="0.018" />
  <testcase classname="ptolemy.util.test.junit.AutoTests" name="[42] /home/travis/build/icyphy/ptII/ptolemy/actor/lib/test/auto/BooleanSwitch2.xml (RunModel)" time="0.014" />
  <testcase classname="ptolemy.util.test.junit.AutoTests" name="[43] /home/travis/build/icyphy/ptII/ptolemy/actor/lib/test/auto/BooleanSwitchCloningBugWithClassRelationGroup.xml (RunModel)" time="0.043" />
  <testcase classname="ptolemy.util.test.junit.AutoTests" name="[44] /home/travis/build/icyphy/ptII/ptolemy/actor/lib/test/auto/BusActors.xml (RunModel)" time="0.068" />
  <testcase classname="ptolemy.util.test.junit.AutoTests" name="[45] /home/travis/build/icyphy/ptII/ptolemy/actor/lib/test/auto/ClassWrapper.xml (RunModel)" time="0.016" />
  <testcase classname="ptolemy.util.test.junit.AutoTests" name="[46] /home/travis/build/icyphy/ptII/ptolemy/actor/lib/test/auto/Clock.xml (RunModel)" time="0.01" />
  <testcase classname="ptolemy.util.test.junit.AutoTests" name="[47] /home/travis/build/icyphy/ptII/ptolemy/actor/lib/test/auto/Clock10.xml (RunModel)" time="0.013" />
  <testcase classname="ptolemy.util.test.junit.AutoTests" name="[48] /home/travis/build/icyphy/ptII/ptolemy/actor/lib/test/auto/Clock11.xml (RunModel)" time="0.012" />
  <testcase classname="ptolemy.util.test.junit.AutoTests" name="[49] /home/travis/build/icyphy/ptII/ptolemy/actor/lib/test/auto/Clock12.xml (RunModel)" time="0.011" />
  <testcase classname="ptolemy.util.test.junit.AutoTests" name="[50] /home/travis/build/icyphy/ptII/ptolemy/actor/lib/test/auto/Clock13.xml (RunModel)" time="0.011" />
  <testcase classname="ptolemy.util.test.junit.AutoTests" name="[51] /home/travis/build/icyphy/ptII/ptolemy/actor/lib/test/auto/Clock14.xml (RunModel)" time="0.014" />
  <testcase classname="ptolemy.util.test.junit.AutoTests" name="[52] /home/travis/build/icyphy/ptII/ptolemy/actor/lib/test/auto/Clock15.xml (RunModel)" time="0.018" />
  <testcase classname="ptolemy.util.test.junit.AutoTests" name="[53] /home/travis/build/icyphy/ptII/ptolemy/actor/lib/test/auto/Clock16.xml (RunModel)" time="0.081" />
  <testcase classname="ptolemy.util.test.junit.AutoTests" name="[54] /home/travis/build/icyphy/ptII/ptolemy/actor/lib/test/auto/Clock17.xml (RunModel)" time="0.07" />
  <testcase classname="ptolemy.util.test.junit.AutoTests" name="[55] /home/travis/build/icyphy/ptII/ptolemy/actor/lib/test/auto/Clock18.xml (RunModel)" time="0.046" />
  <testcase classname="ptolemy.util.test.junit.AutoTests" name="[56] /home/travis/build/icyphy/ptII/ptolemy/actor/lib/test/auto/Clock19.xml (RunModel)" time="0.039" />
  <testcase classname="ptolemy.util.test.junit.AutoTests" name="[57] /home/travis/build/icyphy/ptII/ptolemy/actor/lib/test/auto/Clock2.xml (RunModel)" time="0.013" />
  <testcase classname="ptolemy.util.test.junit.AutoTests" name="[58] /home/travis/build/icyphy/ptII/ptolemy/actor/lib/test/auto/Clock20.xml (RunModel)" time="0.02" />
  <testcase classname="ptolemy.util.test.junit.AutoTests" name="[59] /home/travis/build/icyphy/ptII/ptolemy/actor/lib/test/auto/Clock21.xml (RunModel)" time="0.013" />
  <testcase classname="ptolemy.util.test.junit.AutoTests" name="[60] /home/travis/build/icyphy/ptII/ptolemy/actor/lib/test/auto/Clock22.xml (RunModel)" time="0.009" />
  <testcase classname="ptolemy.util.test.junit.AutoTests" name="[61] /home/travis/build/icyphy/ptII/ptolemy/actor/lib/test/auto/Clock23.xml (RunModel)" time="0.011" />
  <testcase classname="ptolemy.util.test.junit.AutoTests" name="[62] /home/travis/build/icyphy/ptII/ptolemy/actor/lib/test/auto/Clock24.xml (RunModel)" time="0.012" />
  <testcase classname="ptolemy.util.test.junit.AutoTests" name="[63] /home/travis/build/icyphy/ptII/ptolemy/actor/lib/test/auto/Clock4.xml (RunModel)" time="0.012" />
  <testcase classname="ptolemy.util.test.junit.AutoTests" name="[64] /home/travis/build/icyphy/ptII/ptolemy/actor/lib/test/auto/Clock5.xml (RunModel)" time="0.017" />
  <testcase classname="ptolemy.util.test.junit.AutoTests" name="[65] /home/travis/build/icyphy/ptII/ptolemy/actor/lib/test/auto/Clock6.xml (RunModel)" time="0.007" />
  <testcase classname="ptolemy.util.test.junit.AutoTests" name="[66] /home/travis/build/icyphy/ptII/ptolemy/actor/lib/test/auto/Clock7.xml (RunModel)" time="0.008" />
  <testcase classname="ptolemy.util.test.junit.AutoTests" name="[67] /home/travis/build/icyphy/ptII/ptolemy/actor/lib/test/auto/Clock8.xml (RunModel)" time="0.011" />
  <testcase classname="ptolemy.util.test.junit.AutoTests" name="[68] /home/travis/build/icyphy/ptII/ptolemy/actor/lib/test/auto/Clock9.xml (RunModel)" time="0.013" />
  <testcase classname="ptolemy.util.test.junit.AutoTests" name="[69] /home/travis/build/icyphy/ptII/ptolemy/actor/lib/test/auto/CommDistDiscard.xml (RunModel)" time="0.015" />
  <testcase classname="ptolemy.util.test.junit.AutoTests" name="[70] /home/travis/build/icyphy/ptII/ptolemy/actor/lib/test/auto/Commutator.xml (RunModel)" time="0.01" />
  <testcase classname="ptolemy.util.test.junit.AutoTests" name="[71] /home/travis/build/icyphy/ptII/ptolemy/actor/lib/test/auto/Commutator2.xml (RunModel)" time="0.009" />
  <testcase classname="ptolemy.util.test.junit.AutoTests" name="[72] /home/travis/build/icyphy/ptII/ptolemy/actor/lib/test/auto/Commutator3.xml (RunModel)" time="0.009" />
  <testcase classname="ptolemy.util.test.junit.AutoTests" name="[73] /home/travis/build/icyphy/ptII/ptolemy/actor/lib/test/auto/Compare.xml (RunModel)" time="0.015" />
  <testcase classname="ptolemy.util.test.junit.AutoTests" name="[74] /home/travis/build/icyphy/ptII/ptolemy/actor/lib/test/auto/CompareDE.xml (RunModel)" time="0.015" />
  <testcase classname="ptolemy.util.test.junit.AutoTests" name="[75] /home/travis/build/icyphy/ptII/ptolemy/actor/lib/test/auto/ComplexDivide.xml (RunModel)" time="0.007" />
  <testcase classname="ptolemy.util.test.junit.AutoTests" name="[76] /home/travis/build/icyphy/ptII/ptolemy/actor/lib/test/auto/ComputeHistogram.xml (RunModel)" time="0.046" />
  <testcase classname="ptolemy.util.test.junit.AutoTests" name="[77] /home/travis/build/icyphy/ptII/ptolemy/actor/lib/test/auto/ConfigurationSelect.xml (RunModel)" time="0.012" />
  <testcase classname="ptolemy.util.test.junit.AutoTests" name="[78] /home/travis/build/icyphy/ptII/ptolemy/actor/lib/test/auto/ConfigurationSelect2.xml (RunModel)" time="0.009" />
  <testcase classname="ptolemy.util.test.junit.AutoTests" name="[79] /home/travis/build/icyphy/ptII/ptolemy/actor/lib/test/auto/ConfigurationSwitch.xml (RunModel)" time="0.011" />
  <testcase classname="ptolemy.util.test.junit.AutoTests" name="[80] /home/travis/build/icyphy/ptII/ptolemy/actor/lib/test/auto/ConfigurationSwitch2.xml (RunModel)" time="0.01" />
  <testcase classname="ptolemy.util.test.junit.AutoTests" name="[81] /home/travis/build/icyphy/ptII/ptolemy/actor/lib/test/auto/ConfigurationSwitchCloningBugWithClassRelationGroup.xml (RunModel)" time="0.014" />
  <testcase classname="ptolemy.util.test.junit.AutoTests" name="[82] /home/travis/build/icyphy/ptII/ptolemy/actor/lib/test/auto/ConfigurationSwitchSelectSDF.xml (RunModel)" time="0.011" />
  <testcase classname="ptolemy.util.test.junit.AutoTests" name="[83] /home/travis/build/icyphy/ptII/ptolemy/actor/lib/test/auto/ConfigurationSwitchSelectSDF2.xml (RunModel)" time="0.012" />
  <testcase classname="ptolemy.util.test.junit.AutoTests" name="[84] /home/travis/build/icyphy/ptII/ptolemy/actor/lib/test/auto/Const.xml (RunModel)" time="0.008" />
  <testcase classname="ptolemy.util.test.junit.AutoTests" name="[85] /home/travis/build/icyphy/ptII/ptolemy/actor/lib/test/auto/Const2.xml (RunModel)" time="0.008" />
  <testcase classname="ptolemy.util.test.junit.AutoTests" name="[86] /home/travis/build/icyphy/ptII/ptolemy/actor/lib/test/auto/Const3.xml (RunModel)" time="0.008" />
  <testcase classname="ptolemy.util.test.junit.AutoTests" name="[87] /home/travis/build/icyphy/ptII/ptolemy/actor/lib/test/auto/ConstantPublisherPort1.xml (RunModel)" time="0.017" />
  <testcase classname="ptolemy.util.test.junit.AutoTests" name="[88] /home/travis/build/icyphy/ptII/ptolemy/actor/lib/test/auto/ConstantPublisherPort2.xml (RunModel)" time="0.015" />
  <testcase classname="ptolemy.util.test.junit.AutoTests" name="[89] /home/travis/build/icyphy/ptII/ptolemy/actor/lib/test/auto/ConstantPublisherPort3.xml (RunModel)" time="0.016" />
  <testcase classname="ptolemy.util.test.junit.AutoTests" name="[90] /home/travis/build/icyphy/ptII/ptolemy/actor/lib/test/auto/ConstantPublisherPort4.xml (RunModel)" time="0.015" />
  <testcase classname="ptolemy.util.test.junit.AutoTests" name="[91] /home/travis/build/icyphy/ptII/ptolemy/actor/lib/test/auto/ConstantPublisherPort5.xml (RunModel)" time="0.029" />
  <testcase classname="ptolemy.util.test.junit.AutoTests" name="[92] /home/travis/build/icyphy/ptII/ptolemy/actor/lib/test/auto/ConstantPublisherPort6.xml (RunModel)" time="0.032" />
  <testcase classname="ptolemy.util.test.junit.AutoTests" name="[93] /home/travis/build/icyphy/ptII/ptolemy/actor/lib/test/auto/ConstantPublisherPort7.xml (RunModel)" time="0.036" />
  <testcase classname="ptolemy.util.test.junit.AutoTests" name="[94] /home/travis/build/icyphy/ptII/ptolemy/actor/lib/test/auto/ConstraintMonitor1.xml (RunModel)" time="0.028" />
  <testcase classname="ptolemy.util.test.junit.AutoTests" name="[95] /home/travis/build/icyphy/ptII/ptolemy/actor/lib/test/auto/ConstraintMonitor2.xml (RunModel)" time="0.018" />
  <testcase classname="ptolemy.util.test.junit.AutoTests" name="[96] /home/travis/build/icyphy/ptII/ptolemy/actor/lib/test/auto/ConstraintMonitor3.xml (RunModel)" time="0.013" />
  <testcase classname="ptolemy.util.test.junit.AutoTests" name="[97] /home/travis/build/icyphy/ptII/ptolemy/actor/lib/test/auto/ConstraintMonitor4.xml (RunModel)" time="0.016" />
  <testcase classname="ptolemy.util.test.junit.AutoTests" name="[98] /home/travis/build/icyphy/ptII/ptolemy/actor/lib/test/auto/ConstraintMonitor5.xml (RunModel)" time="0.014" />
  <testcase classname="ptolemy.util.test.junit.AutoTests" name="[99] /home/travis/build/icyphy/ptII/ptolemy/actor/lib/test/auto/ConstraintMonitor6.xml (RunModel)" time="0.013" />
  <testcase classname="ptolemy.util.test.junit.AutoTests" name="[100] /home/travis/build/icyphy/ptII/ptolemy/actor/lib/test/auto/ConstraintMonitor7.xml (RunModel)" time="0.015" />
  <testcase classname="ptolemy.util.test.junit.AutoTests" name="[101] /home/travis/build/icyphy/ptII/ptolemy/actor/lib/test/auto/ConstraintMonitor8.xml (RunModel)" time="0.022" />
  <testcase classname="ptolemy.util.test.junit.AutoTests" name="[102] /home/travis/build/icyphy/ptII/ptolemy/actor/lib/test/auto/Counter.xml (RunModel)" time="0.013" />
  <testcase classname="ptolemy.util.test.junit.AutoTests" name="[103] /home/travis/build/icyphy/ptII/ptolemy/actor/lib/test/auto/CurrentTimeSDF.xml (RunModel)" time="0.009" />
  <testcase classname="ptolemy.util.test.junit.AutoTests" name="[104] /home/travis/build/icyphy/ptII/ptolemy/actor/lib/test/auto/DB.xml (RunModel)" time="0.014" />
  <testcase classname="ptolemy.util.test.junit.AutoTests" name="[105] /home/travis/build/icyphy/ptII/ptolemy/actor/lib/test/auto/DBDE.xml (RunModel)" time="0.017" />
  <testcase classname="ptolemy.util.test.junit.AutoTests" name="[106] /home/travis/build/icyphy/ptII/ptolemy/actor/lib/test/auto/DateConstructor.xml (RunModel)" time="0.048" />
  <testcase classname="ptolemy.util.test.junit.AutoTests" name="[107] /home/travis/build/icyphy/ptII/ptolemy/actor/lib/test/auto/DelayTime.xml (RunModel)" time="0.042" />
  <testcase classname="ptolemy.util.test.junit.AutoTests" name="[108] /home/travis/build/icyphy/ptII/ptolemy/actor/lib/test/auto/Dictionary1.xml (RunModel)" time="0.014" />
  <testcase classname="ptolemy.util.test.junit.AutoTests" name="[109] /home/travis/build/icyphy/ptII/ptolemy/actor/lib/test/auto/Dictionary2.xml (RunModel)" time="0.015" />
  <testcase classname="ptolemy.util.test.junit.AutoTests" name="[110] /home/travis/build/icyphy/ptII/ptolemy/actor/lib/test/auto/Dictionary3.xml (RunModel)" time="0.013" />
  <testcase classname="ptolemy.util.test.junit.AutoTests" name="[111] /home/travis/build/icyphy/ptII/ptolemy/actor/lib/test/auto/Dictionary4.xml (RunModel)" time="0.019" />
  <testcase classname="ptolemy.util.test.junit.AutoTests" name="[112] /home/travis/build/icyphy/ptII/ptolemy/actor/lib/test/auto/Differential.xml (RunModel)" time="0.012" />
  <testcase classname="ptolemy.util.test.junit.AutoTests" name="[113] /home/travis/build/icyphy/ptII/ptolemy/actor/lib/test/auto/Director.xml (RunModel)" time="0.009" />
  <testcase classname="ptolemy.util.test.junit.AutoTests" name="[114] /home/travis/build/icyphy/ptII/ptolemy/actor/lib/test/auto/DiscreteClock.xml (RunModel)" time="0.01" />
  <testcase classname="ptolemy.util.test.junit.AutoTests" name="[115] /home/travis/build/icyphy/ptII/ptolemy/actor/lib/test/auto/DiscreteClock10.xml (RunModel)" time="0.011" />
  <testcase classname="ptolemy.util.test.junit.AutoTests" name="[116] /home/travis/build/icyphy/ptII/ptolemy/actor/lib/test/auto/DiscreteClock11.xml (RunModel)" time="0.013" />
  <testcase classname="ptolemy.util.test.junit.AutoTests" name="[117] /home/travis/build/icyphy/ptII/ptolemy/actor/lib/test/auto/DiscreteClock12.xml (RunModel)" time="0.012" />
  <testcase classname="ptolemy.util.test.junit.AutoTests" name="[118] /home/travis/build/icyphy/ptII/ptolemy/actor/lib/test/auto/DiscreteClock13.xml (RunModel)" time="0.017" />
  <testcase classname="ptolemy.util.test.junit.AutoTests" name="[119] /home/travis/build/icyphy/ptII/ptolemy/actor/lib/test/auto/DiscreteClock14.xml (RunModel)" time="0.016" />
  <testcase classname="ptolemy.util.test.junit.AutoTests" name="[120] /home/travis/build/icyphy/ptII/ptolemy/actor/lib/test/auto/DiscreteClock15.xml (RunModel)" time="0.02" />
  <testcase classname="ptolemy.util.test.junit.AutoTests" name="[121] /home/travis/build/icyphy/ptII/ptolemy/actor/lib/test/auto/DiscreteClock16.xml (RunModel)" time="0.036" />
  <testcase classname="ptolemy.util.test.junit.AutoTests" name="[122] /home/travis/build/icyphy/ptII/ptolemy/actor/lib/test/auto/DiscreteClock17.xml (RunModel)" time="0.04" />
  <testcase classname="ptolemy.util.test.junit.AutoTests" name="[123] /home/travis/build/icyphy/ptII/ptolemy/actor/lib/test/auto/DiscreteClock18.xml (RunModel)" time="0.044" />
  <testcase classname="ptolemy.util.test.junit.AutoTests" name="[124] /home/travis/build/icyphy/ptII/ptolemy/actor/lib/test/auto/DiscreteClock19.xml (RunModel)" time="0.047" />
  <testcase classname="ptolemy.util.test.junit.AutoTests" name="[125] /home/travis/build/icyphy/ptII/ptolemy/actor/lib/test/auto/DiscreteClock2.xml (RunModel)" time="0.012" />
  <testcase classname="ptolemy.util.test.junit.AutoTests" name="[126] /home/travis/build/icyphy/ptII/ptolemy/actor/lib/test/auto/DiscreteClock20.xml (RunModel)" time="0.014" />
  <testcase classname="ptolemy.util.test.junit.AutoTests" name="[127] /home/travis/build/icyphy/ptII/ptolemy/actor/lib/test/auto/DiscreteClock21.xml (RunModel)" time="0.02" />
  <testcase classname="ptolemy.util.test.junit.AutoTests" name="[128] /home/travis/build/icyphy/ptII/ptolemy/actor/lib/test/auto/DiscreteClock22.xml (RunModel)" time="0.018" />
  <testcase classname="ptolemy.util.test.junit.AutoTests" name="[129] /home/travis/build/icyphy/ptII/ptolemy/actor/lib/test/auto/DiscreteClock23.xml (RunModel)" time="0.011" />
  <testcase classname="ptolemy.util.test.junit.AutoTests" name="[130] /home/travis/build/icyphy/ptII/ptolemy/actor/lib/test/auto/DiscreteClock24.xml (RunModel)" time="0.01" />
  <testcase classname="ptolemy.util.test.junit.AutoTests" name="[131] /home/travis/build/icyphy/ptII/ptolemy/actor/lib/test/auto/DiscreteClock4.xml (RunModel)" time="0.008" />
  <testcase classname="ptolemy.util.test.junit.AutoTests" name="[132] /home/travis/build/icyphy/ptII/ptolemy/actor/lib/test/auto/DiscreteClock5.xml (RunModel)" time="0.011" />
  <testcase classname="ptolemy.util.test.junit.AutoTests" name="[133] /home/travis/build/icyphy/ptII/ptolemy/actor/lib/test/auto/DiscreteClock6.xml (RunModel)" time="0.008" />
  <testcase classname="ptolemy.util.test.junit.AutoTests" name="[134] /home/travis/build/icyphy/ptII/ptolemy/actor/lib/test/auto/DiscreteClock7.xml (RunModel)" time="0.008" />
  <testcase classname="ptolemy.util.test.junit.AutoTests" name="[135] /home/travis/build/icyphy/ptII/ptolemy/actor/lib/test/auto/DiscreteClock8.xml (RunModel)" time="0.009" />
  <testcase classname="ptolemy.util.test.junit.AutoTests" name="[136] /home/travis/build/icyphy/ptII/ptolemy/actor/lib/test/auto/DiscreteClock9.xml (RunModel)" time="0.009" />
  <testcase classname="ptolemy.util.test.junit.AutoTests" name="[137] /home/travis/build/icyphy/ptII/ptolemy/actor/lib/test/auto/DisplayArray.xml (RunModel)" time="0.555" />
  <testcase classname="ptolemy.util.test.junit.AutoTests" name="[138] /home/travis/build/icyphy/ptII/ptolemy/actor/lib/test/auto/Distributor.xml (RunModel)" time="0.008" />
  <testcase classname="ptolemy.util.test.junit.AutoTests" name="[139] /home/travis/build/icyphy/ptII/ptolemy/actor/lib/test/auto/Distributor2.xml (RunModel)" time="0.009" />
  <testcase classname="ptolemy.util.test.junit.AutoTests" name="[140] /home/travis/build/icyphy/ptII/ptolemy/actor/lib/test/auto/DownSample.xml (RunModel)" time="0.009" />
  <testcase classname="ptolemy.util.test.junit.AutoTests" name="[141] /home/travis/build/icyphy/ptII/ptolemy/actor/lib/test/auto/ElectronicUnitBase1.xml (RunModel)" time="0.051" />
  <testcase classname="ptolemy.util.test.junit.AutoTests" name="[142] /home/travis/build/icyphy/ptII/ptolemy/actor/lib/test/auto/ElementsToArray.xml (RunModel)" time="0.009" />
  <testcase classname="ptolemy.util.test.junit.AutoTests" name="[143] /home/travis/build/icyphy/ptII/ptolemy/actor/lib/test/auto/Equals.xml (RunModel)" time="0.009" />
  <testcase classname="ptolemy.util.test.junit.AutoTests" name="[144] /home/travis/build/icyphy/ptII/ptolemy/actor/lib/test/auto/Exec.xml (RunModel)" time="0.02" />
  <testcase classname="ptolemy.util.test.junit.AutoTests" name="[145] /home/travis/build/icyphy/ptII/ptolemy/actor/lib/test/auto/ExecEnvironment.xml (RunModel)" time="0.035" />
  <testcase classname="ptolemy.util.test.junit.AutoTests" name="[146] /home/travis/build/icyphy/ptII/ptolemy/actor/lib/test/auto/ExecNonZeroReturnOutput.xml (RunModel)" time="0.149" />
  <testcase classname="ptolemy.util.test.junit.AutoTests" name="[147] /home/travis/build/icyphy/ptII/ptolemy/actor/lib/test/auto/ExecRunDemos.xml (RunModel)" time="9.535" />
  <testcase classname="ptolemy.util.test.junit.AutoTests" name="[148] /home/travis/build/icyphy/ptII/ptolemy/actor/lib/test/auto/ExecStop.xml (RunModel)" time="5.037" />
  <testcase classname="ptolemy.util.test.junit.AutoTests" name="[149] /home/travis/build/icyphy/ptII/ptolemy/actor/lib/test/auto/ExecutionTimeSDF.xml (RunModel)" time="6.027" />
  <testcase classname="ptolemy.util.test.junit.AutoTests" name="[150] /home/travis/build/icyphy/ptII/ptolemy/actor/lib/test/auto/Expression1.xml (RunModel)" time="0.008" />
  <testcase classname="ptolemy.util.test.junit.AutoTests" name="[151] /home/travis/build/icyphy/ptII/ptolemy/actor/lib/test/auto/Expression10.xml (RunModel)" time="0.014" />
  <testcase classname="ptolemy.util.test.junit.AutoTests" name="[152] /home/travis/build/icyphy/ptII/ptolemy/actor/lib/test/auto/Expression11.xml (RunModel)" time="0.012" />
  <testcase classname="ptolemy.util.test.junit.AutoTests" name="[153] /home/travis/build/icyphy/ptII/ptolemy/actor/lib/test/auto/Expression12.xml (RunModel)" time="0.013" />
  <testcase classname="ptolemy.util.test.junit.AutoTests" name="[154] /home/travis/build/icyphy/ptII/ptolemy/actor/lib/test/auto/Expression13.xml (RunModel)" time="0.013" />
  <testcase classname="ptolemy.util.test.junit.AutoTests" name="[155] /home/travis/build/icyphy/ptII/ptolemy/actor/lib/test/auto/Expression14.xml (RunModel)" time="0.016" />
  <testcase classname="ptolemy.util.test.junit.AutoTests" name="[156] /home/travis/build/icyphy/ptII/ptolemy/actor/lib/test/auto/Expression15.xml (RunModel)" time="0.007" />
  <testcase classname="ptolemy.util.test.junit.AutoTests" name="[157] /home/travis/build/icyphy/ptII/ptolemy/actor/lib/test/auto/Expression16.xml (RunModel)" time="0.013" />
  <testcase classname="ptolemy.util.test.junit.AutoTests" name="[158] /home/travis/build/icyphy/ptII/ptolemy/actor/lib/test/auto/Expression17.xml (RunModel)" time="0.012" />
  <testcase classname="ptolemy.util.test.junit.AutoTests" name="[159] /home/travis/build/icyphy/ptII/ptolemy/actor/lib/test/auto/Expression18.xml (RunModel)" time="0.014" />
  <testcase classname="ptolemy.util.test.junit.AutoTests" name="[160] /home/travis/build/icyphy/ptII/ptolemy/actor/lib/test/auto/Expression2.xml (RunModel)" time="0.012" />
  <testcase classname="ptolemy.util.test.junit.AutoTests" name="[161] /home/travis/build/icyphy/ptII/ptolemy/actor/lib/test/auto/Expression3.xml (RunModel)" time="0.011" />
  <testcase classname="ptolemy.util.test.junit.AutoTests" name="[162] /home/travis/build/icyphy/ptII/ptolemy/actor/lib/test/auto/Expression4.xml (RunModel)" time="0.02" />
  <testcase classname="ptolemy.util.test.junit.AutoTests" name="[163] /home/travis/build/icyphy/ptII/ptolemy/actor/lib/test/auto/Expression5.xml (RunModel)" time="0.013" />
  <testcase classname="ptolemy.util.test.junit.AutoTests" name="[164] /home/travis/build/icyphy/ptII/ptolemy/actor/lib/test/auto/Expression6.xml (RunModel)" time="0.01" />
  <testcase classname="ptolemy.util.test.junit.AutoTests" name="[165] /home/travis/build/icyphy/ptII/ptolemy/actor/lib/test/auto/Expression7.xml (RunModel)" time="0.014" />
  <testcase classname="ptolemy.util.test.junit.AutoTests" name="[166] /home/travis/build/icyphy/ptII/ptolemy/actor/lib/test/auto/Expression8.xml (RunModel)" time="0.014" />
  <testcase classname="ptolemy.util.test.junit.AutoTests" name="[167] /home/travis/build/icyphy/ptII/ptolemy/actor/lib/test/auto/Expression9.xml (RunModel)" time="0.01" />
  <testcase classname="ptolemy.util.test.junit.AutoTests" name="[168] /home/travis/build/icyphy/ptII/ptolemy/actor/lib/test/auto/ExpressionConcatenateArrayType.xml (RunModel)" time="0.024" />
  <testcase classname="ptolemy.util.test.junit.AutoTests" name="[169] /home/travis/build/icyphy/ptII/ptolemy/actor/lib/test/auto/ExpressionConcatenateArrayType2.xml (RunModel)" time="0.015" />
  <testcase classname="ptolemy.util.test.junit.AutoTests" name="[170] /home/travis/build/icyphy/ptII/ptolemy/actor/lib/test/auto/ExpressionFix.xml (RunModel)" time="0.026" />
  <testcase classname="ptolemy.util.test.junit.AutoTests" name="[171] /home/travis/build/icyphy/ptII/ptolemy/actor/lib/test/auto/ExpressionFix2.xml (RunModel)" time="0.011" />
  <testcase classname="ptolemy.util.test.junit.AutoTests" name="[172] /home/travis/build/icyphy/ptII/ptolemy/actor/lib/test/auto/ExpressionFix3.xml (RunModel)" time="0.01" />
  <testcase classname="ptolemy.util.test.junit.AutoTests" name="[173] /home/travis/build/icyphy/ptII/ptolemy/actor/lib/test/auto/FileWriter1.xml (RunModel)" time="0.009" />
  <testcase classname="ptolemy.util.test.junit.AutoTests" name="[174] /home/travis/build/icyphy/ptII/ptolemy/actor/lib/test/auto/FileWriter2.xml (RunModel)" time="0.011" />
  <testcase classname="ptolemy.util.test.junit.AutoTests" name="[175] /home/travis/build/icyphy/ptII/ptolemy/actor/lib/test/auto/FileWriter3.xml (RunModel)" time="0.016" />
  <testcase classname="ptolemy.util.test.junit.AutoTests" name="[176] /home/travis/build/icyphy/ptII/ptolemy/actor/lib/test/auto/Gaussian.xml (RunModel)" time="0.011" />
  <testcase classname="ptolemy.util.test.junit.AutoTests" name="[177] /home/travis/build/icyphy/ptII/ptolemy/actor/lib/test/auto/Gaussian1.xml (RunModel)" time="0.014" />
  <testcase classname="ptolemy.util.test.junit.AutoTests" name="[178] /home/travis/build/icyphy/ptII/ptolemy/actor/lib/test/auto/Gaussian2.xml (RunModel)" time="0.017" />
  <testcase classname="ptolemy.util.test.junit.AutoTests" name="[179] /home/travis/build/icyphy/ptII/ptolemy/actor/lib/test/auto/GradientAdaptiveLattice.xml (RunModel)" time="0.027" />
  <testcase classname="ptolemy.util.test.junit.AutoTests" name="[180] /home/travis/build/icyphy/ptII/ptolemy/actor/lib/test/auto/IIR.xml (RunModel)" time="0.01" />
  <testcase classname="ptolemy.util.test.junit.AutoTests" name="[181] /home/travis/build/icyphy/ptII/ptolemy/actor/lib/test/auto/InputOutputTransparentPorts.xml (RunModel)" time="0.017" />
  <testcase classname="ptolemy.util.test.junit.AutoTests" name="[182] /home/travis/build/icyphy/ptII/ptolemy/actor/lib/test/auto/Interpolator.xml (RunModel)" time="0.01" />
  <testcase classname="ptolemy.util.test.junit.AutoTests" name="[183] /home/travis/build/icyphy/ptII/ptolemy/actor/lib/test/auto/InterpolatorFiringLimitDE.xml (RunModel)" time="0.013" />
  <testcase classname="ptolemy.util.test.junit.AutoTests" name="[184] /home/travis/build/icyphy/ptII/ptolemy/actor/lib/test/auto/Lattice.xml (RunModel)" time="0.008" />
  <testcase classname="ptolemy.util.test.junit.AutoTests" name="[185] /home/travis/build/icyphy/ptII/ptolemy/actor/lib/test/auto/LazyAOCTestLazy.xml (RunModel)" time="0.02" />
  <testcase classname="ptolemy.util.test.junit.AutoTests" name="[186] /home/travis/build/icyphy/ptII/ptolemy/actor/lib/test/auto/LazyAOCTestNonLazy.xml (RunModel)" time="0.019" />
  <testcase classname="ptolemy.util.test.junit.AutoTests" name="[187] /home/travis/build/icyphy/ptII/ptolemy/actor/lib/test/auto/LazyInnerClass.xml (RunModel)" time="0.052" />
  <testcase classname="ptolemy.util.test.junit.AutoTests" name="[188] /home/travis/build/icyphy/ptII/ptolemy/actor/lib/test/auto/LazyPubSub.xml (RunModel)" time="0.045" />
  <testcase classname="ptolemy.util.test.junit.AutoTests" name="[189] /home/travis/build/icyphy/ptII/ptolemy/actor/lib/test/auto/LazyPubSub2.xml (RunModel)" time="0.028" />
  <testcase classname="ptolemy.util.test.junit.AutoTests" name="[190] /home/travis/build/icyphy/ptII/ptolemy/actor/lib/test/auto/LazyPubSub3.xml (RunModel)" time="0.04" />
  <testcase classname="ptolemy.util.test.junit.AutoTests" name="[191] /home/travis/build/icyphy/ptII/ptolemy/actor/lib/test/auto/LazySubClassModel.xml (RunModel)" time="0.057" />
  <testcase classname="ptolemy.util.test.junit.AutoTests" name="[192] /home/travis/build/icyphy/ptII/ptolemy/actor/lib/test/auto/LevelCrossTest1.xml (RunModel)" time="0.023" />
  <testcase classname="ptolemy.util.test.junit.AutoTests" name="[193] /home/travis/build/icyphy/ptII/ptolemy/actor/lib/test/auto/LevelCrossTest10.xml (RunModel)" time="0.018" />
  <testcase classname="ptolemy.util.test.junit.AutoTests" name="[194] /home/travis/build/icyphy/ptII/ptolemy/actor/lib/test/auto/LevelCrossTest11.xml (RunModel)" time="0.013" />
  <testcase classname="ptolemy.util.test.junit.AutoTests" name="[195] /home/travis/build/icyphy/ptII/ptolemy/actor/lib/test/auto/LevelCrossTest12.xml (RunModel)" time="0.017" />
  <testcase classname="ptolemy.util.test.junit.AutoTests" name="[196] /home/travis/build/icyphy/ptII/ptolemy/actor/lib/test/auto/LevelCrossTest13.xml (RunModel)" time="0.012" />
  <testcase classname="ptolemy.util.test.junit.AutoTests" name="[197] /home/travis/build/icyphy/ptII/ptolemy/actor/lib/test/auto/LevelCrossTest2.xml (RunModel)" time="0.01" />
  <testcase classname="ptolemy.util.test.junit.AutoTests" name="[198] /home/travis/build/icyphy/ptII/ptolemy/actor/lib/test/auto/LevelCrossTest3.xml (RunModel)" time="0.014" />
  <testcase classname="ptolemy.util.test.junit.AutoTests" name="[199] /home/travis/build/icyphy/ptII/ptolemy/actor/lib/test/auto/LevelCrossTest4.xml (RunModel)" time="0.01" />
  <testcase classname="ptolemy.util.test.junit.AutoTests" name="[200] /home/travis/build/icyphy/ptII/ptolemy/actor/lib/test/auto/LevelCrossTest5.xml (RunModel)" time="0.013" />
  <testcase classname="ptolemy.util.test.junit.AutoTests" name="[201] /home/travis/build/icyphy/ptII/ptolemy/actor/lib/test/auto/LevelCrossTest6.xml (RunModel)" time="0.012" />
  <testcase classname="ptolemy.util.test.junit.AutoTests" name="[202] /home/travis/build/icyphy/ptII/ptolemy/actor/lib/test/auto/LevelCrossTest7.xml (RunModel)" time="0.018" />
  <testcase classname="ptolemy.util.test.junit.AutoTests" name="[203] /home/travis/build/icyphy/ptII/ptolemy/actor/lib/test/auto/LevelCrossTest8.xml (RunModel)" time="0.012" />
  <testcase classname="ptolemy.util.test.junit.AutoTests" name="[204] /home/travis/build/icyphy/ptII/ptolemy/actor/lib/test/auto/LevelCrossTest9.xml (RunModel)" time="0.013" />
  <testcase classname="ptolemy.util.test.junit.AutoTests" name="[205] /home/travis/build/icyphy/ptII/ptolemy/actor/lib/test/auto/LevinsonDurbin.xml (RunModel)" time="0.008" />
  <testcase classname="ptolemy.util.test.junit.AutoTests" name="[206] /home/travis/build/icyphy/ptII/ptolemy/actor/lib/test/auto/LevinsonDurbin2.xml (RunModel)" time="0.008" />
  <testcase classname="ptolemy.util.test.junit.AutoTests" name="[207] /home/travis/build/icyphy/ptII/ptolemy/actor/lib/test/auto/LevinsonDurbin3.xml (RunModel)" time="0.008" />
  <testcase classname="ptolemy.util.test.junit.AutoTests" name="[208] /home/travis/build/icyphy/ptII/ptolemy/actor/lib/test/auto/Limiter.xml (RunModel)" time="0.021" />
  <testcase classname="ptolemy.util.test.junit.AutoTests" name="[209] /home/travis/build/icyphy/ptII/ptolemy/actor/lib/test/auto/LinearDifferenceEquationSystem.xml (RunModel)" time="0.02" />
  <testcase classname="ptolemy.util.test.junit.AutoTests" name="[210] /home/travis/build/icyphy/ptII/ptolemy/actor/lib/test/auto/LookupTable.xml (RunModel)" time="0.008" />
  <testcase classname="ptolemy.util.test.junit.AutoTests" name="[211] /home/travis/build/icyphy/ptII/ptolemy/actor/lib/test/auto/MathFunction.xml (RunModel)" time="0.024" />
  <testcase classname="ptolemy.util.test.junit.AutoTests" name="[212] /home/travis/build/icyphy/ptII/ptolemy/actor/lib/test/auto/MathFunction2.xml (RunModel)" time="0.011" />
  <testcase classname="ptolemy.util.test.junit.AutoTests" name="[213] /home/travis/build/icyphy/ptII/ptolemy/actor/lib/test/auto/MathFunction3.xml (RunModel)" time="0.02" />
  <testcase classname="ptolemy.util.test.junit.AutoTests" name="[214] /home/travis/build/icyphy/ptII/ptolemy/actor/lib/test/auto/MatrixCropBoolean.xml (RunModel)" time="0.011" />
  <testcase classname="ptolemy.util.test.junit.AutoTests" name="[215] /home/travis/build/icyphy/ptII/ptolemy/actor/lib/test/auto/MatrixCropComplex.xml (RunModel)" time="0.01" />
  <testcase classname="ptolemy.util.test.junit.AutoTests" name="[216] /home/travis/build/icyphy/ptII/ptolemy/actor/lib/test/auto/MatrixCropDouble.xml (RunModel)" time="0.009" />
  <testcase classname="ptolemy.util.test.junit.AutoTests" name="[217] /home/travis/build/icyphy/ptII/ptolemy/actor/lib/test/auto/MatrixCropFix.xml (RunModel)" time="0.011" />
  <testcase classname="ptolemy.util.test.junit.AutoTests" name="[218] /home/travis/build/icyphy/ptII/ptolemy/actor/lib/test/auto/MatrixCropInt.xml (RunModel)" time="0.013" />
  <testcase classname="ptolemy.util.test.junit.AutoTests" name="[219] /home/travis/build/icyphy/ptII/ptolemy/actor/lib/test/auto/MatrixCropLong.xml (RunModel)" time="0.008" />
  <testcase classname="ptolemy.util.test.junit.AutoTests" name="[220] /home/travis/build/icyphy/ptII/ptolemy/actor/lib/test/auto/MatrixToArray.xml (RunModel)" time="0.04" />
  <testcase classname="ptolemy.util.test.junit.AutoTests" name="[221] /home/travis/build/icyphy/ptII/ptolemy/actor/lib/test/auto/MaxIndex.xml (RunModel)" time="0.01" />
  <testcase classname="ptolemy.util.test.junit.AutoTests" name="[222] /home/travis/build/icyphy/ptII/ptolemy/actor/lib/test/auto/Maximum.xml (RunModel)" time="0.011" />
  <testcase classname="ptolemy.util.test.junit.AutoTests" name="[223] /home/travis/build/icyphy/ptII/ptolemy/actor/lib/test/auto/MaximumComplex.xml (RunModel)" time="0.012" />
  <testcase classname="ptolemy.util.test.junit.AutoTests" name="[224] /home/travis/build/icyphy/ptII/ptolemy/actor/lib/test/auto/MethodCallTest.xml (RunModel)" time="0.016" />
  <testcase classname="ptolemy.util.test.junit.AutoTests" name="[225] /home/travis/build/icyphy/ptII/ptolemy/actor/lib/test/auto/Minimum.xml (RunModel)" time="0.011" />
  <testcase classname="ptolemy.util.test.junit.AutoTests" name="[226] /home/travis/build/icyphy/ptII/ptolemy/actor/lib/test/auto/MinimumComplex.xml (RunModel)" time="0.012" />
  <testcase classname="ptolemy.util.test.junit.AutoTests" name="[227] /home/travis/build/icyphy/ptII/ptolemy/actor/lib/test/auto/MinimumMultiports.xml (RunModel)" time="0.017" />
  <testcase classname="ptolemy.util.test.junit.AutoTests" name="[228] /home/travis/build/icyphy/ptII/ptolemy/actor/lib/test/auto/ModifyDate.xml (RunModel)" time="0.041" />
  <testcase classname="ptolemy.util.test.junit.AutoTests" name="[229] /home/travis/build/icyphy/ptII/ptolemy/actor/lib/test/auto/ModifyDate2.xml (RunModel)" time="0.031" />
  <testcase classname="ptolemy.util.test.junit.AutoTests" name="[230] /home/travis/build/icyphy/ptII/ptolemy/actor/lib/test/auto/MovingAverage.xml (RunModel)" time="0.011" />
  <testcase classname="ptolemy.util.test.junit.AutoTests" name="[231] /home/travis/build/icyphy/ptII/ptolemy/actor/lib/test/auto/MovingMaximum.xml (RunModel)" time="0.011" />
  <testcase classname="ptolemy.util.test.junit.AutoTests" name="[232] /home/travis/build/icyphy/ptII/ptolemy/actor/lib/test/auto/MultipleLinksToSameRelation.xml (RunModel)" time="0.01" />
  <testcase classname="ptolemy.util.test.junit.AutoTests" name="[233] /home/travis/build/icyphy/ptII/ptolemy/actor/lib/test/auto/MultipleLinksToSameRelationDE.xml (RunModel)" time="0.011" />
  <testcase classname="ptolemy.util.test.junit.AutoTests" name="[234] /home/travis/build/icyphy/ptII/ptolemy/actor/lib/test/auto/Multiplexor.xml (RunModel)" time="0.012" />
  <testcase classname="ptolemy.util.test.junit.AutoTests" name="[235] /home/travis/build/icyphy/ptII/ptolemy/actor/lib/test/auto/Multiplexor1.xml (RunModel)" time="0.016" />
  <testcase classname="ptolemy.util.test.junit.AutoTests" name="[236] /home/travis/build/icyphy/ptII/ptolemy/actor/lib/test/auto/Multiplexor2.xml (RunModel)" time="0.018" />
  <testcase classname="ptolemy.util.test.junit.AutoTests" name="[237] /home/travis/build/icyphy/ptII/ptolemy/actor/lib/test/auto/Multiplexor3.xml (RunModel)" time="0.007" />
  <testcase classname="ptolemy.util.test.junit.AutoTests" name="[238] /home/travis/build/icyphy/ptII/ptolemy/actor/lib/test/auto/MultiplexorDE.xml (RunModel)" time="0.015" />
  <testcase classname="ptolemy.util.test.junit.AutoTests" name="[239] /home/travis/build/icyphy/ptII/ptolemy/actor/lib/test/auto/MultiportBroadcastTest.xml (RunModel)" time="0.103" />
  <testcase classname="ptolemy.util.test.junit.AutoTests" name="[240] /home/travis/build/icyphy/ptII/ptolemy/actor/lib/test/auto/MultiportOutHangDuringGetWidth.xml (RunModel)" time="0.032" />
  <testcase classname="ptolemy.util.test.junit.AutoTests" name="[241] /home/travis/build/icyphy/ptII/ptolemy/actor/lib/test/auto/NilToken.xml (RunModel)" time="0.014" />
  <testcase classname="ptolemy.util.test.junit.AutoTests" name="[242] /home/travis/build/icyphy/ptII/ptolemy/actor/lib/test/auto/NilTokenNonStrictTest.xml (RunModel)" time="0.013" />
  <testcase classname="ptolemy.util.test.junit.AutoTests" name="[243] /home/travis/build/icyphy/ptII/ptolemy/actor/lib/test/auto/NilTokenRecord.xml (RunModel)" time="0.022" />
  <testcase classname="ptolemy.util.test.junit.AutoTests" name="[244] /home/travis/build/icyphy/ptII/ptolemy/actor/lib/test/auto/NilTokenTypeTest.xml (RunModel)" time="0.031" />
  <testcase classname="ptolemy.util.test.junit.AutoTests" name="[245] /home/travis/build/icyphy/ptII/ptolemy/actor/lib/test/auto/ObjectToken1.xml (RunModel)" time="0.007" />
  <testcase classname="ptolemy.util.test.junit.AutoTests" name="[246] /home/travis/build/icyphy/ptII/ptolemy/actor/lib/test/auto/OrderedMerge.xml (RunModel)" time="0.014" />
  <testcase classname="ptolemy.util.test.junit.AutoTests" name="[247] /home/travis/build/icyphy/ptII/ptolemy/actor/lib/test/auto/OrderedRecordDisassembler.xml (RunModel)" time="0.018" />
  <testcase classname="ptolemy.util.test.junit.AutoTests" name="[248] /home/travis/build/icyphy/ptII/ptolemy/actor/lib/test/auto/OrderedRecordDisassembler2.xml (RunModel)" time="0.018" />
  <testcase classname="ptolemy.util.test.junit.AutoTests" name="[249] /home/travis/build/icyphy/ptII/ptolemy/actor/lib/test/auto/OrderedRecordUpdater.xml (RunModel)" time="0.01" />
  <testcase classname="ptolemy.util.test.junit.AutoTests" name="[250] /home/travis/build/icyphy/ptII/ptolemy/actor/lib/test/auto/OrderedRecordUpdater2.xml (RunModel)" time="0.027" />
  <testcase classname="ptolemy.util.test.junit.AutoTests" name="[251] /home/travis/build/icyphy/ptII/ptolemy/actor/lib/test/auto/PhaseUnwrap.xml (RunModel)" time="0.012" />
  <testcase classname="ptolemy.util.test.junit.AutoTests" name="[252] /home/travis/build/icyphy/ptII/ptolemy/actor/lib/test/auto/PoissonClock.xml (RunModel)" time="0.009" />
  <testcase classname="ptolemy.util.test.junit.AutoTests" name="[253] /home/travis/build/icyphy/ptII/ptolemy/actor/lib/test/auto/PoissonClock2.xml (RunModel)" time="0.008" />
  <testcase classname="ptolemy.util.test.junit.AutoTests" name="[254] /home/travis/build/icyphy/ptII/ptolemy/actor/lib/test/auto/PoissonClock3.xml (RunModel)" time="0.013" />
  <testcase classname="ptolemy.util.test.junit.AutoTests" name="[255] /home/travis/build/icyphy/ptII/ptolemy/actor/lib/test/auto/PubSubWithInitialTokens.xml (RunModel)" time="0.015" />
  <testcase classname="ptolemy.util.test.junit.AutoTests" name="[256] /home/travis/build/icyphy/ptII/ptolemy/actor/lib/test/auto/PubSubWithInitialTokens2.xml (RunModel)" time="0.012" />
  <testcase classname="ptolemy.util.test.junit.AutoTests" name="[257] /home/travis/build/icyphy/ptII/ptolemy/actor/lib/test/auto/PublisherClassNoParameter.xml (RunModel)" time="0.039" />
  <testcase classname="ptolemy.util.test.junit.AutoTests" name="[258] /home/travis/build/icyphy/ptII/ptolemy/actor/lib/test/auto/PublisherClassParameter.xml (RunModel)" time="0.019" />
  <testcase classname="ptolemy.util.test.junit.AutoTests" name="[259] /home/travis/build/icyphy/ptII/ptolemy/actor/lib/test/auto/PublisherNonStrictTest.xml (RunModel)" time="0.014" />
  <testcase classname="ptolemy.util.test.junit.AutoTests" name="[260] /home/travis/build/icyphy/ptII/ptolemy/actor/lib/test/auto/PublisherPort1.xml (RunModel)" time="0.01" />
  <testcase classname="ptolemy.util.test.junit.AutoTests" name="[261] /home/travis/build/icyphy/ptII/ptolemy/actor/lib/test/auto/PublisherPort2.xml (RunModel)" time="0.014" />
  <testcase classname="ptolemy.util.test.junit.AutoTests" name="[262] /home/travis/build/icyphy/ptII/ptolemy/actor/lib/test/auto/PublisherPort3.xml (RunModel)" time="0.011" />
  <testcase classname="ptolemy.util.test.junit.AutoTests" name="[263] /home/travis/build/icyphy/ptII/ptolemy/actor/lib/test/auto/PublisherPort4.xml (RunModel)" time="0.011" />
  <testcase classname="ptolemy.util.test.junit.AutoTests" name="[264] /home/travis/build/icyphy/ptII/ptolemy/actor/lib/test/auto/PublisherPort5.xml (RunModel)" time="0.014" />
  <testcase classname="ptolemy.util.test.junit.AutoTests" name="[265] /home/travis/build/icyphy/ptII/ptolemy/actor/lib/test/auto/PublisherPort5LookAlike.xml (RunModel)" time="0.014" />
  <testcase classname="ptolemy.util.test.junit.AutoTests" name="[266] /home/travis/build/icyphy/ptII/ptolemy/actor/lib/test/auto/PublisherPort6.xml (RunModel)" time="0.015" />
  <testcase classname="ptolemy.util.test.junit.AutoTests" name="[267] /home/travis/build/icyphy/ptII/ptolemy/actor/lib/test/auto/PublisherPort7.xml (RunModel)" time="0.013" />
  <testcase classname="ptolemy.util.test.junit.AutoTests" name="[268] /home/travis/build/icyphy/ptII/ptolemy/actor/lib/test/auto/PublisherPort8.xml (RunModel)" time="0.017" />
  <testcase classname="ptolemy.util.test.junit.AutoTests" name="[269] /home/travis/build/icyphy/ptII/ptolemy/actor/lib/test/auto/PublisherPortSubscriberChannelVariablesAOC2.xml (RunModel)" time="0.029" />
  <testcase classname="ptolemy.util.test.junit.AutoTests" name="[270] /home/travis/build/icyphy/ptII/ptolemy/actor/lib/test/auto/PublisherPortSubscriberOpaqueWidthInference.xml (RunModel)" time="0.014" />
  <testcase classname="ptolemy.util.test.junit.AutoTests" name="[271] /home/travis/build/icyphy/ptII/ptolemy/actor/lib/test/auto/PublisherPortSubscriberPortAdjacent.xml (RunModel)" time="0.016" />
  <testcase classname="ptolemy.util.test.junit.AutoTests" name="[272] /home/travis/build/icyphy/ptII/ptolemy/actor/lib/test/auto/PublisherPortSubscriberPortExpression.xml (RunModel)" time="0.016" />
  <testcase classname="ptolemy.util.test.junit.AutoTests" name="[273] /home/travis/build/icyphy/ptII/ptolemy/actor/lib/test/auto/PublisherPortSubscriberPortOpaqueD3Reverse.xml (RunModel)" time="0.021" />
  <testcase classname="ptolemy.util.test.junit.AutoTests" name="[274] /home/travis/build/icyphy/ptII/ptolemy/actor/lib/test/auto/PublisherPortSubscriberPortOpaqueWidthInference.xml (RunModel)" time="0.014" />
  <testcase classname="ptolemy.util.test.junit.AutoTests" name="[275] /home/travis/build/icyphy/ptII/ptolemy/actor/lib/test/auto/PublisherPortToplevelSubscriberPortAOC.xml (RunModel)" time="0.009" />
  <testcase classname="ptolemy.util.test.junit.AutoTests" name="[276] /home/travis/build/icyphy/ptII/ptolemy/actor/lib/test/auto/PublisherSubscriber.xml (RunModel)" time="0.013" />
  <testcase classname="ptolemy.util.test.junit.AutoTests" name="[277] /home/travis/build/icyphy/ptII/ptolemy/actor/lib/test/auto/PublisherSubscriber10.xml (RunModel)" time="0.018" />
  <testcase classname="ptolemy.util.test.junit.AutoTests" name="[278] /home/travis/build/icyphy/ptII/ptolemy/actor/lib/test/auto/PublisherSubscriber10InitialOutputs.xml (RunModel)" time="0.019" />
  <testcase classname="ptolemy.util.test.junit.AutoTests" name="[279] /home/travis/build/icyphy/ptII/ptolemy/actor/lib/test/auto/PublisherSubscriber11.xml (RunModel)" time="0.028" />
  <testcase classname="ptolemy.util.test.junit.AutoTests" name="[280] /home/travis/build/icyphy/ptII/ptolemy/actor/lib/test/auto/PublisherSubscriber12.xml (RunModel)" time="0.015" />
  <testcase classname="ptolemy.util.test.junit.AutoTests" name="[281] /home/travis/build/icyphy/ptII/ptolemy/actor/lib/test/auto/PublisherSubscriber13.xml (RunModel)" time="0.01" />
  <testcase classname="ptolemy.util.test.junit.AutoTests" name="[282] /home/travis/build/icyphy/ptII/ptolemy/actor/lib/test/auto/PublisherSubscriber14.xml (RunModel)" time="0.027" />
  <testcase classname="ptolemy.util.test.junit.AutoTests" name="[283] /home/travis/build/icyphy/ptII/ptolemy/actor/lib/test/auto/PublisherSubscriber2.xml (RunModel)" time="0.012" />
  <testcase classname="ptolemy.util.test.junit.AutoTests" name="[284] /home/travis/build/icyphy/ptII/ptolemy/actor/lib/test/auto/PublisherSubscriber3.xml (RunModel)" time="0.01" />
  <testcase classname="ptolemy.util.test.junit.AutoTests" name="[285] /home/travis/build/icyphy/ptII/ptolemy/actor/lib/test/auto/PublisherSubscriber4.xml (RunModel)" time="0.008" />
  <testcase classname="ptolemy.util.test.junit.AutoTests" name="[286] /home/travis/build/icyphy/ptII/ptolemy/actor/lib/test/auto/PublisherSubscriber5.xml (RunModel)" time="0.016" />
  <testcase classname="ptolemy.util.test.junit.AutoTests" name="[287] /home/travis/build/icyphy/ptII/ptolemy/actor/lib/test/auto/PublisherSubscriber6.xml (RunModel)" time="0.015" />
  <testcase classname="ptolemy.util.test.junit.AutoTests" name="[288] /home/travis/build/icyphy/ptII/ptolemy/actor/lib/test/auto/PublisherSubscriber7.xml (RunModel)" time="0.015" />
  <testcase classname="ptolemy.util.test.junit.AutoTests" name="[289] /home/travis/build/icyphy/ptII/ptolemy/actor/lib/test/auto/PublisherSubscriber8.xml (RunModel)" time="0.049" />
  <testcase classname="ptolemy.util.test.junit.AutoTests" name="[290] /home/travis/build/icyphy/ptII/ptolemy/actor/lib/test/auto/PublisherSubscriber9.xml (RunModel)" time="0.015" />
  <testcase classname="ptolemy.util.test.junit.AutoTests" name="[291] /home/travis/build/icyphy/ptII/ptolemy/actor/lib/test/auto/PublisherSubscriberAdjacent.xml (RunModel)" time="0.017" />
  <testcase classname="ptolemy.util.test.junit.AutoTests" name="[292] /home/travis/build/icyphy/ptII/ptolemy/actor/lib/test/auto/PublisherSubscriberChannelVariablesAOC2.xml (RunModel)" time="0.03" />
  <testcase classname="ptolemy.util.test.junit.AutoTests" name="[293] /home/travis/build/icyphy/ptII/ptolemy/actor/lib/test/auto/PublisherSubscriberD3.xml (RunModel)" time="0.016" />
  <testcase classname="ptolemy.util.test.junit.AutoTests" name="[294] /home/travis/build/icyphy/ptII/ptolemy/actor/lib/test/auto/PublisherSubscriberD3Reverse.xml (RunModel)" time="0.013" />
  <testcase classname="ptolemy.util.test.junit.AutoTests" name="[295] /home/travis/build/icyphy/ptII/ptolemy/actor/lib/test/auto/PublisherSubscriberExpression.xml (RunModel)" time="0.016" />
  <testcase classname="ptolemy.util.test.junit.AutoTests" name="[296] /home/travis/build/icyphy/ptII/ptolemy/actor/lib/test/auto/PublisherSubscriberOpaque.xml (RunModel)" time="0.014" />
  <testcase classname="ptolemy.util.test.junit.AutoTests" name="[297] /home/travis/build/icyphy/ptII/ptolemy/actor/lib/test/auto/PublisherSubscriberOpaqueD3.xml (RunModel)" time="0.023" />
  <testcase classname="ptolemy.util.test.junit.AutoTests" name="[298] /home/travis/build/icyphy/ptII/ptolemy/actor/lib/test/auto/PublisherSubscriberOpaqueD3Reverse.xml (RunModel)" time="0.019" />
  <testcase classname="ptolemy.util.test.junit.AutoTests" name="[299] /home/travis/build/icyphy/ptII/ptolemy/actor/lib/test/auto/PublisherSubscriberOpaqueWidthInference.xml (RunModel)" time="0.016" />
  <testcase classname="ptolemy.util.test.junit.AutoTests" name="[300] /home/travis/build/icyphy/ptII/ptolemy/actor/lib/test/auto/PublisherTestSubscriber.xml (RunModel)" time="0.015" />
  <testcase classname="ptolemy.util.test.junit.AutoTests" name="[301] /home/travis/build/icyphy/ptII/ptolemy/actor/lib/test/auto/PublisherToplevelSubscriberPortAOC.xml (RunModel)" time="0.011" />
  <testcase classname="ptolemy.util.test.junit.AutoTests" name="[302] /home/travis/build/icyphy/ptII/ptolemy/actor/lib/test/auto/PulseFiringLimitDE.xml (RunModel)" time="0.019" />
  <testcase classname="ptolemy.util.test.junit.AutoTests" name="[303] /home/travis/build/icyphy/ptII/ptolemy/actor/lib/test/auto/Ramp1.xml (RunModel)" time="0.007" />
  <testcase classname="ptolemy.util.test.junit.AutoTests" name="[304] /home/travis/build/icyphy/ptII/ptolemy/actor/lib/test/auto/RampFiringLimitDE.xml (RunModel)" time="0.011" />
  <testcase classname="ptolemy.util.test.junit.AutoTests" name="[305] /home/travis/build/icyphy/ptII/ptolemy/actor/lib/test/auto/RampFiringLimitSDF.xml (RunModel)" time="0.013" />
  <testcase classname="ptolemy.util.test.junit.AutoTests" name="[306] /home/travis/build/icyphy/ptII/ptolemy/actor/lib/test/auto/RandomInteger.xml (RunModel)" time="0.009" />
  <testcase classname="ptolemy.util.test.junit.AutoTests" name="[307] /home/travis/build/icyphy/ptII/ptolemy/actor/lib/test/auto/ReadFile1.xml (RunModel)" time="0.008" />
  <testcase classname="ptolemy.util.test.junit.AutoTests" name="[308] /home/travis/build/icyphy/ptII/ptolemy/actor/lib/test/auto/ReadFile2.xml (RunModel)" time="0.008" />
  <testcase classname="ptolemy.util.test.junit.AutoTests" name="[309] /home/travis/build/icyphy/ptII/ptolemy/actor/lib/test/auto/Reader.xml (RunModel)" time="0.014" />
  <testcase classname="ptolemy.util.test.junit.AutoTests" name="[310] /home/travis/build/icyphy/ptII/ptolemy/actor/lib/test/auto/RecordAssemblerDisplayNameTest.xml (RunModel)" time="3.079" />
  <testcase classname="ptolemy.util.test.junit.AutoTests" name="[311] /home/travis/build/icyphy/ptII/ptolemy/actor/lib/test/auto/RecordAssemblerTypeError.xml (RunModel)" time="0.03" />
  <testcase classname="ptolemy.util.test.junit.AutoTests" name="[312] /home/travis/build/icyphy/ptII/ptolemy/actor/lib/test/auto/RecordDisassember.xml (RunModel)" time="0.011" />
  <testcase classname="ptolemy.util.test.junit.AutoTests" name="[313] /home/travis/build/icyphy/ptII/ptolemy/actor/lib/test/auto/RecordDisassemberDisplayNameTest.xml (RunModel)" time="0.022" />
  <testcase classname="ptolemy.util.test.junit.AutoTests" name="[314] /home/travis/build/icyphy/ptII/ptolemy/actor/lib/test/auto/RecordDisassembler.xml (RunModel)" time="0.01" />
  <testcase classname="ptolemy.util.test.junit.AutoTests" name="[315] /home/travis/build/icyphy/ptII/ptolemy/actor/lib/test/auto/RecordDisassembler2.xml (RunModel)" time="0.01" />
  <testcase classname="ptolemy.util.test.junit.AutoTests" name="[316] /home/travis/build/icyphy/ptII/ptolemy/actor/lib/test/auto/RecordUpdater.xml (RunModel)" time="0.009" />
  <testcase classname="ptolemy.util.test.junit.AutoTests" name="[317] /home/travis/build/icyphy/ptII/ptolemy/actor/lib/test/auto/RecordUpdater2.xml (RunModel)" time="0.01" />
  <testcase classname="ptolemy.util.test.junit.AutoTests" name="[318] /home/travis/build/icyphy/ptII/ptolemy/actor/lib/test/auto/RecursiveLattice.xml (RunModel)" time="0.009" />
  <testcase classname="ptolemy.util.test.junit.AutoTests" name="[319] /home/travis/build/icyphy/ptII/ptolemy/actor/lib/test/auto/Router.xml (RunModel)" time="3.028" />
  <testcase classname="ptolemy.util.test.junit.AutoTests" name="[320] /home/travis/build/icyphy/ptII/ptolemy/actor/lib/test/auto/Router2.xml (RunModel)" time="3.049" />
  <testcase classname="ptolemy.util.test.junit.AutoTests" name="[321] /home/travis/build/icyphy/ptII/ptolemy/actor/lib/test/auto/RunningMaximum.xml (RunModel)" time="0.015" />
  <testcase classname="ptolemy.util.test.junit.AutoTests" name="[322] /home/travis/build/icyphy/ptII/ptolemy/actor/lib/test/auto/RunningMinimum.xml (RunModel)" time="0.017" />
  <testcase classname="ptolemy.util.test.junit.AutoTests" name="[323] /home/travis/build/icyphy/ptII/ptolemy/actor/lib/test/auto/Scale.xml (RunModel)" time="0.008" />
  <testcase classname="ptolemy.util.test.junit.AutoTests" name="[324] /home/travis/build/icyphy/ptII/ptolemy/actor/lib/test/auto/Scale2.xml (RunModel)" time="0.01" />
  <testcase classname="ptolemy.util.test.junit.AutoTests" name="[325] /home/travis/build/icyphy/ptII/ptolemy/actor/lib/test/auto/Scale3.xml (RunModel)" time="0.012" />
  <testcase classname="ptolemy.util.test.junit.AutoTests" name="[326] /home/travis/build/icyphy/ptII/ptolemy/actor/lib/test/auto/ScaleArray.xml (RunModel)" time="0.008" />
  <testcase classname="ptolemy.util.test.junit.AutoTests" name="[327] /home/travis/build/icyphy/ptII/ptolemy/actor/lib/test/auto/ScaleArray2.xml (RunModel)" time="0.008" />
  <testcase classname="ptolemy.util.test.junit.AutoTests" name="[328] /home/travis/build/icyphy/ptII/ptolemy/actor/lib/test/auto/ScaleMatrix.xml (RunModel)" time="0.139" />
  <testcase classname="ptolemy.util.test.junit.AutoTests" name="[329] /home/travis/build/icyphy/ptII/ptolemy/actor/lib/test/auto/Select.xml (RunModel)" time="0.012" />
  <testcase classname="ptolemy.util.test.junit.AutoTests" name="[330] /home/travis/build/icyphy/ptII/ptolemy/actor/lib/test/auto/Select2.xml (RunModel)" time="0.01" />
  <testcase classname="ptolemy.util.test.junit.AutoTests" name="[331] /home/travis/build/icyphy/ptII/ptolemy/actor/lib/test/auto/SequenceToArray2.xml (RunModel)" time="0.112" />
  <testcase classname="ptolemy.util.test.junit.AutoTests" name="[332] /home/travis/build/icyphy/ptII/ptolemy/actor/lib/test/auto/SequentialClock.xml (RunModel)" time="0.012" />
  <testcase classname="ptolemy.util.test.junit.AutoTests" name="[333] /home/travis/build/icyphy/ptII/ptolemy/actor/lib/test/auto/SetVariable.xml (RunModel)" time="0.01" />
  <testcase classname="ptolemy.util.test.junit.AutoTests" name="[334] /home/travis/build/icyphy/ptII/ptolemy/actor/lib/test/auto/SetVariable2.xml (RunModel)" time="0.012" />
  <testcase classname="ptolemy.util.test.junit.AutoTests" name="[335] /home/travis/build/icyphy/ptII/ptolemy/actor/lib/test/auto/SetVariable3.xml (RunModel)" time="0.018" />
  <testcase classname="ptolemy.util.test.junit.AutoTests" name="[336] /home/travis/build/icyphy/ptII/ptolemy/actor/lib/test/auto/SetVariable4.xml (RunModel)" time="0.029" />
  <testcase classname="ptolemy.util.test.junit.AutoTests" name="[337] /home/travis/build/icyphy/ptII/ptolemy/actor/lib/test/auto/SetVariable5.xml (RunModel)" time="0.033" />
  <testcase classname="ptolemy.util.test.junit.AutoTests" name="[338] /home/travis/build/icyphy/ptII/ptolemy/actor/lib/test/auto/Sinewave.xml (RunModel)" time="0.04" />
  <testcase classname="ptolemy.util.test.junit.AutoTests" name="[339] /home/travis/build/icyphy/ptII/ptolemy/actor/lib/test/auto/Sinewave2.xml (RunModel)" time="0.013" />
  <testcase classname="ptolemy.util.test.junit.AutoTests" name="[340] /home/travis/build/icyphy/ptII/ptolemy/actor/lib/test/auto/Sinewave3.xml (RunModel)" time="0.021" />
  <testcase classname="ptolemy.util.test.junit.AutoTests" name="[341] /home/travis/build/icyphy/ptII/ptolemy/actor/lib/test/auto/SingleEvent.xml (RunModel)" time="0.008" />
  <testcase classname="ptolemy.util.test.junit.AutoTests" name="[342] /home/travis/build/icyphy/ptII/ptolemy/actor/lib/test/auto/Sleep.xml (RunModel)" time="6.016" />
  <testcase classname="ptolemy.util.test.junit.AutoTests" name="[343] /home/travis/build/icyphy/ptII/ptolemy/actor/lib/test/auto/SleepMultipleFire.xml (RunModel)" time="1.017" />
  <testcase classname="ptolemy.util.test.junit.AutoTests" name="[344] /home/travis/build/icyphy/ptII/ptolemy/actor/lib/test/auto/StopDE.xml (RunModel)" time="0.013" />
  <testcase classname="ptolemy.util.test.junit.AutoTests" name="[345] /home/travis/build/icyphy/ptII/ptolemy/actor/lib/test/auto/StopSDF.xml (RunModel)" time="0.015" />
  <testcase classname="ptolemy.util.test.junit.AutoTests" name="[346] /home/travis/build/icyphy/ptII/ptolemy/actor/lib/test/auto/StringConstant.xml (RunModel)" time="0.009" />
  <testcase classname="ptolemy.util.test.junit.AutoTests" name="[347] /home/travis/build/icyphy/ptII/ptolemy/actor/lib/test/auto/SubscriberPortInitialValues1.xml (RunModel)" time="0.017" />
  <testcase classname="ptolemy.util.test.junit.AutoTests" name="[348] /home/travis/build/icyphy/ptII/ptolemy/actor/lib/test/auto/SubscriberPortInitialValues13.xml (RunModel)" time="0.03" />
  <testcase classname="ptolemy.util.test.junit.AutoTests" name="[349] /home/travis/build/icyphy/ptII/ptolemy/actor/lib/test/auto/SubscriberPortInitialValues14.xml (RunModel)" time="0.015" />
  <testcase classname="ptolemy.util.test.junit.AutoTests" name="[350] /home/travis/build/icyphy/ptII/ptolemy/actor/lib/test/auto/SubscriberPortInitialValues2.xml (RunModel)" time="0.015" />
  <testcase classname="ptolemy.util.test.junit.AutoTests" name="[351] /home/travis/build/icyphy/ptII/ptolemy/actor/lib/test/auto/SubscriberPortInitialValues3.xml (RunModel)" time="0.019" />
  <testcase classname="ptolemy.util.test.junit.AutoTests" name="[352] /home/travis/build/icyphy/ptII/ptolemy/actor/lib/test/auto/SubscriptionAggregator.xml (RunModel)" time="0.012" />
  <testcase classname="ptolemy.util.test.junit.AutoTests" name="[353] /home/travis/build/icyphy/ptII/ptolemy/actor/lib/test/auto/SubscriptionAggregator2.xml (RunModel)" time="0.012" />
  <testcase classname="ptolemy.util.test.junit.AutoTests" name="[354] /home/travis/build/icyphy/ptII/ptolemy/actor/lib/test/auto/SubscriptionAggregator3.xml (RunModel)" time="0.014" />
  <testcase classname="ptolemy.util.test.junit.AutoTests" name="[355] /home/travis/build/icyphy/ptII/ptolemy/actor/lib/test/auto/SubscriptionAggregatorMultiply.xml (RunModel)" time="0.014" />
  <testcase classname="ptolemy.util.test.junit.AutoTests" name="[356] /home/travis/build/icyphy/ptII/ptolemy/actor/lib/test/auto/SubscriptionAggregatorPortMultiply1.xml (RunModel)" time="0.014" />
  <testcase classname="ptolemy.util.test.junit.AutoTests" name="[357] /home/travis/build/icyphy/ptII/ptolemy/actor/lib/test/auto/Switch.xml (RunModel)" time="0.014" />
  <testcase classname="ptolemy.util.test.junit.AutoTests" name="[358] /home/travis/build/icyphy/ptII/ptolemy/actor/lib/test/auto/Switch2.xml (RunModel)" time="0.015" />
  <testcase classname="ptolemy.util.test.junit.AutoTests" name="[359] /home/travis/build/icyphy/ptII/ptolemy/actor/lib/test/auto/SwitchDE.xml (RunModel)" time="0.014" />
  <testcase classname="ptolemy.util.test.junit.AutoTests" name="[360] /home/travis/build/icyphy/ptII/ptolemy/actor/lib/test/auto/SynchronizerDE.xml (RunModel)" time="0.025" />
  <testcase classname="ptolemy.util.test.junit.AutoTests" name="[361] /home/travis/build/icyphy/ptII/ptolemy/actor/lib/test/auto/Test.xml (RunModel)" time="0.02" />
  <testcase classname="ptolemy.util.test.junit.AutoTests" name="[362] /home/travis/build/icyphy/ptII/ptolemy/actor/lib/test/auto/TestExceptionAttribute1.xml (RunModel)" time="0.008" />
  <testcase classname="ptolemy.util.test.junit.AutoTests" name="[363] /home/travis/build/icyphy/ptII/ptolemy/actor/lib/test/auto/TestExceptionAttribute2.xml (RunModel)" time="0.011" />
  <testcase classname="ptolemy.util.test.junit.AutoTests" name="[364] /home/travis/build/icyphy/ptII/ptolemy/actor/lib/test/auto/TestExceptionAttribute3.xml (RunModel)" time="0.01" />
  <testcase classname="ptolemy.util.test.junit.AutoTests" name="[365] /home/travis/build/icyphy/ptII/ptolemy/actor/lib/test/auto/TestExceptionAttribute4.xml (RunModel)" time="0.006" />
  <testcase classname="ptolemy.util.test.junit.AutoTests" name="[366] /home/travis/build/icyphy/ptII/ptolemy/actor/lib/test/auto/TestExceptionHandler1.xml (RunModel)" time="0.008" />
  <testcase classname="ptolemy.util.test.junit.AutoTests" name="[367] /home/travis/build/icyphy/ptII/ptolemy/actor/lib/test/auto/TestExceptionHandler2.xml (RunModel)" time="0.01" />
  <testcase classname="ptolemy.util.test.junit.AutoTests" name="[368] /home/travis/build/icyphy/ptII/ptolemy/actor/lib/test/auto/TestExceptionHandler3.xml (RunModel)" time="0.011" />
  <testcase classname="ptolemy.util.test.junit.AutoTests" name="[369] /home/travis/build/icyphy/ptII/ptolemy/actor/lib/test/auto/TestExceptionHandler4.xml (RunModel)" time="0.007" />
  <testcase classname="ptolemy.util.test.junit.AutoTests" name="[370] /home/travis/build/icyphy/ptII/ptolemy/actor/lib/test/auto/TestRequireCorrectOrder.xml (RunModel)" time="0.01" />
  <testcase classname="ptolemy.util.test.junit.AutoTests" name="[371] /home/travis/build/icyphy/ptII/ptolemy/actor/lib/test/auto/TestSimple.xml (RunModel)" time="0.007" />
  <testcase classname="ptolemy.util.test.junit.AutoTests" name="[372] /home/travis/build/icyphy/ptII/ptolemy/actor/lib/test/auto/ThrowModelError.xml (RunModel)" time="0.011" />
  <testcase classname="ptolemy.util.test.junit.AutoTests" name="[373] /home/travis/build/icyphy/ptII/ptolemy/actor/lib/test/auto/TimeDelayMicrosteps.xml (RunModel)" time="0.015" />
  <testcase classname="ptolemy.util.test.junit.AutoTests" name="[374] /home/travis/build/icyphy/ptII/ptolemy/actor/lib/test/auto/TimeDelayMicrosteps2.xml (RunModel)" time="0.016" />
  <testcase classname="ptolemy.util.test.junit.AutoTests" name="[375] /home/travis/build/icyphy/ptII/ptolemy/actor/lib/test/auto/TimeDelayMicrosteps3.xml (RunModel)" time="0.012" />
  <testcase classname="ptolemy.util.test.junit.AutoTests" name="[376] /home/travis/build/icyphy/ptII/ptolemy/actor/lib/test/auto/TimeDelayVariableMicrosteps.xml (RunModel)" time="0.013" />
  <testcase classname="ptolemy.util.test.junit.AutoTests" name="[377] /home/travis/build/icyphy/ptII/ptolemy/actor/lib/test/auto/TimeGap.xml (RunModel)" time="0.016" />
  <testcase classname="ptolemy.util.test.junit.AutoTests" name="[378] /home/travis/build/icyphy/ptII/ptolemy/actor/lib/test/auto/TimeGap2.xml (RunModel)" time="0.011" />
  <testcase classname="ptolemy.util.test.junit.AutoTests" name="[379] /home/travis/build/icyphy/ptII/ptolemy/actor/lib/test/auto/TimedSinewave.xml (RunModel)" time="0.065" />
  <testcase classname="ptolemy.util.test.junit.AutoTests" name="[380] /home/travis/build/icyphy/ptII/ptolemy/actor/lib/test/auto/TimedSinewavePhase.xml (RunModel)" time="0.036" />
  <testcase classname="ptolemy.util.test.junit.AutoTests" name="[381] /home/travis/build/icyphy/ptII/ptolemy/actor/lib/test/auto/Timer.xml (RunModel)" time="0.017" />
  <testcase classname="ptolemy.util.test.junit.AutoTests" name="[382] /home/travis/build/icyphy/ptII/ptolemy/actor/lib/test/auto/TriangularDistTestModel.xml (RunModel)" time="0.015" />
  <testcase classname="ptolemy.util.test.junit.AutoTests" name="[383] /home/travis/build/icyphy/ptII/ptolemy/actor/lib/test/auto/TrigFunction.xml (RunModel)" time="0.009" />
  <testcase classname="ptolemy.util.test.junit.AutoTests" name="[384] /home/travis/build/icyphy/ptII/ptolemy/actor/lib/test/auto/TrigFunctionDE.xml (RunModel)" time="0.012" />
  <testcase classname="ptolemy.util.test.junit.AutoTests" name="[385] /home/travis/build/icyphy/ptII/ptolemy/actor/lib/test/auto/TrigFunctionInverse.xml (RunModel)" time="0.009" />
  <testcase classname="ptolemy.util.test.junit.AutoTests" name="[386] /home/travis/build/icyphy/ptII/ptolemy/actor/lib/test/auto/TrigFunctionTan.xml (RunModel)" time="0.014" />
  <testcase classname="ptolemy.util.test.junit.AutoTests" name="[387] /home/travis/build/icyphy/ptII/ptolemy/actor/lib/test/auto/TriggeredClock.xml (RunModel)" time="0.009" />
  <testcase classname="ptolemy.util.test.junit.AutoTests" name="[388] /home/travis/build/icyphy/ptII/ptolemy/actor/lib/test/auto/URLDirectoryReader.xml (RunModel)" time="0.092" />
  <testcase classname="ptolemy.util.test.junit.AutoTests" name="[389] /home/travis/build/icyphy/ptII/ptolemy/actor/lib/test/auto/URLDirectoryReader3.xml (RunModel)" time="1.416" />
  <testcase classname="ptolemy.util.test.junit.AutoTests" name="[390] /home/travis/build/icyphy/ptII/ptolemy/actor/lib/test/auto/UnaryMathFunction.xml (RunModel)" time="0.025" />
  <testcase classname="ptolemy.util.test.junit.AutoTests" name="[391] /home/travis/build/icyphy/ptII/ptolemy/actor/lib/test/auto/Uniform.xml (RunModel)" time="0.031" />
  <testcase classname="ptolemy.util.test.junit.AutoTests" name="[392] /home/travis/build/icyphy/ptII/ptolemy/actor/lib/test/auto/UnionDisassemblerTest.xml (RunModel)" time="0.028" />
  <testcase classname="ptolemy.util.test.junit.AutoTests" name="[393] /home/travis/build/icyphy/ptII/ptolemy/actor/lib/test/auto/UtilityFunctions.xml (RunModel)" time="0.029" />
  <testcase classname="ptolemy.util.test.junit.AutoTests" name="[394] /home/travis/build/icyphy/ptII/ptolemy/actor/lib/test/auto/VariableSleep.xml (RunModel)" time="0.539" />
  <testcase classname="ptolemy.util.test.junit.AutoTests" name="[395] /home/travis/build/icyphy/ptII/ptolemy/actor/lib/test/auto/VectorAssemblerDisassemblerCT.xml (RunModel)" time="0.111" />
  <testcase classname="ptolemy.util.test.junit.AutoTests" name="[396] /home/travis/build/icyphy/ptII/ptolemy/actor/lib/test/auto/VectorAssemblerDisassemblerDE.xml (RunModel)" time="0.013" />
  <testcase classname="ptolemy.util.test.junit.AutoTests" name="[397] /home/travis/build/icyphy/ptII/ptolemy/actor/lib/test/auto/VectorAssemblerDisassemblerSDF.xml (RunModel)" time="0.013" />
  <testcase classname="ptolemy.util.test.junit.AutoTests" name="[398] /home/travis/build/icyphy/ptII/ptolemy/actor/lib/test/auto/WallClockTime.xml (RunModel)" time="1.014" />
  <testcase classname="ptolemy.util.test.junit.AutoTests" name="[399] /home/travis/build/icyphy/ptII/ptolemy/actor/lib/test/auto/WidthTestWithSubscriberPublisher.xml (RunModel)" time="0.04" />
  <testcase classname="ptolemy.util.test.junit.AutoTests" name="[400] /home/travis/build/icyphy/ptII/ptolemy/actor/lib/test/auto/WidthTestWithSubscriberPublisher2.xml (RunModel)" time="0.027" />
  <testcase classname="ptolemy.util.test.junit.AutoTests" name="[401] /home/travis/build/icyphy/ptII/ptolemy/actor/lib/test/auto/WidthTestWithSubscriberPublisher3.xml (RunModel)" time="0.028" />
  <testcase classname="ptolemy.util.test.junit.AutoTests" name="[402] /home/travis/build/icyphy/ptII/ptolemy/actor/lib/test/auto/Writer.xml (RunModel)" time="0.008" />
  <testcase classname="ptolemy.util.test.junit.AutoTests" name="[403] /home/travis/build/icyphy/ptII/ptolemy/actor/lib/test/auto/array.xml (RunModel)" time="0.009" />
  <testcase classname="ptolemy.util.test.junit.AutoTests" name="[404] /home/travis/build/icyphy/ptII/ptolemy/actor/lib/test/auto/array2.xml (RunModel)" time="0.013" />
  <testcase classname="ptolemy.util.test.junit.AutoTests" name="[405] /home/travis/build/icyphy/ptII/ptolemy/actor/lib/test/auto/arrayType.xml (RunModel)" time="0.011" />
  <testcase classname="ptolemy.util.test.junit.AutoTests" name="[406] /home/travis/build/icyphy/ptII/ptolemy/actor/lib/test/auto/arrayType10.xml (RunModel)" time="0.009" />
  <testcase classname="ptolemy.util.test.junit.AutoTests" name="[407] /home/travis/build/icyphy/ptII/ptolemy/actor/lib/test/auto/arrayType11.xml (RunModel)" time="0.009" />
  <testcase classname="ptolemy.util.test.junit.AutoTests" name="[408] /home/travis/build/icyphy/ptII/ptolemy/actor/lib/test/auto/arrayType12.xml (RunModel)" time="0.01" />
  <testcase classname="ptolemy.util.test.junit.AutoTests" name="[409] /home/travis/build/icyphy/ptII/ptolemy/actor/lib/test/auto/arrayType13.xml (RunModel)" time="0.011" />
  <testcase classname="ptolemy.util.test.junit.AutoTests" name="[410] /home/travis/build/icyphy/ptII/ptolemy/actor/lib/test/auto/arrayType14.xml (RunModel)" time="0.016" />
  <testcase classname="ptolemy.util.test.junit.AutoTests" name="[411] /home/travis/build/icyphy/ptII/ptolemy/actor/lib/test/auto/arrayType15.xml (RunModel)" time="0.011" />
  <testcase classname="ptolemy.util.test.junit.AutoTests" name="[412] /home/travis/build/icyphy/ptII/ptolemy/actor/lib/test/auto/arrayType16.xml (RunModel)" time="0.011" />
  <testcase classname="ptolemy.util.test.junit.AutoTests" name="[413] /home/travis/build/icyphy/ptII/ptolemy/actor/lib/test/auto/arrayType17.xml (RunModel)" time="0.012" />
  <testcase classname="ptolemy.util.test.junit.AutoTests" name="[414] /home/travis/build/icyphy/ptII/ptolemy/actor/lib/test/auto/arrayType18.xml (RunModel)" time="0.011" />
  <testcase classname="ptolemy.util.test.junit.AutoTests" name="[415] /home/travis/build/icyphy/ptII/ptolemy/actor/lib/test/auto/arrayType19.xml (RunModel)" time="0.012" />
  <testcase classname="ptolemy.util.test.junit.AutoTests" name="[416] /home/travis/build/icyphy/ptII/ptolemy/actor/lib/test/auto/arrayType2.xml (RunModel)" time="0.013" />
  <testcase classname="ptolemy.util.test.junit.AutoTests" name="[417] /home/travis/build/icyphy/ptII/ptolemy/actor/lib/test/auto/arrayType20.xml (RunModel)" time="0.01" />
  <testcase classname="ptolemy.util.test.junit.AutoTests" name="[418] /home/travis/build/icyphy/ptII/ptolemy/actor/lib/test/auto/arrayType21.xml (RunModel)" time="0.008" />
  <testcase classname="ptolemy.util.test.junit.AutoTests" name="[419] /home/travis/build/icyphy/ptII/ptolemy/actor/lib/test/auto/arrayType22.xml (RunModel)" time="0.009" />
  <testcase classname="ptolemy.util.test.junit.AutoTests" name="[420] /home/travis/build/icyphy/ptII/ptolemy/actor/lib/test/auto/arrayType23.xml (RunModel)" time="0.012" />
  <testcase classname="ptolemy.util.test.junit.AutoTests" name="[421] /home/travis/build/icyphy/ptII/ptolemy/actor/lib/test/auto/arrayType24.xml (RunModel)" time="0.01" />
  <testcase classname="ptolemy.util.test.junit.AutoTests" name="[422] /home/travis/build/icyphy/ptII/ptolemy/actor/lib/test/auto/arrayType25.xml (RunModel)" time="0.009" />
  <testcase classname="ptolemy.util.test.junit.AutoTests" name="[423] /home/travis/build/icyphy/ptII/ptolemy/actor/lib/test/auto/arrayType26.xml (RunModel)" time="0.009" />
  <testcase classname="ptolemy.util.test.junit.AutoTests" name="[424] /home/travis/build/icyphy/ptII/ptolemy/actor/lib/test/auto/arrayType27.xml (RunModel)" time="0.008" />
  <testcase classname="ptolemy.util.test.junit.AutoTests" name="[425] /home/travis/build/icyphy/ptII/ptolemy/actor/lib/test/auto/arrayType28.xml (RunModel)" time="0.009" />
  <testcase classname="ptolemy.util.test.junit.AutoTests" name="[426] /home/travis/build/icyphy/ptII/ptolemy/actor/lib/test/auto/arrayType3.xml (RunModel)" time="0.009" />
  <testcase classname="ptolemy.util.test.junit.AutoTests" name="[427] /home/travis/build/icyphy/ptII/ptolemy/actor/lib/test/auto/arrayType4.xml (RunModel)" time="0.008" />
  <testcase classname="ptolemy.util.test.junit.AutoTests" name="[428] /home/travis/build/icyphy/ptII/ptolemy/actor/lib/test/auto/arrayType5.xml (RunModel)" time="0.021" />
  <testcase classname="ptolemy.util.test.junit.AutoTests" name="[429] /home/travis/build/icyphy/ptII/ptolemy/actor/lib/test/auto/arrayType6.xml (RunModel)" time="0.008" />
  <testcase classname="ptolemy.util.test.junit.AutoTests" name="[430] /home/travis/build/icyphy/ptII/ptolemy/actor/lib/test/auto/arrayType7.xml (RunModel)" time="0.008" />
  <testcase classname="ptolemy.util.test.junit.AutoTests" name="[431] /home/travis/build/icyphy/ptII/ptolemy/actor/lib/test/auto/arrayType8.xml (RunModel)" time="0.009" />
  <testcase classname="ptolemy.util.test.junit.AutoTests" name="[432] /home/travis/build/icyphy/ptII/ptolemy/actor/lib/test/auto/arrayType9.xml (RunModel)" time="0.008" />
  <testcase classname="ptolemy.util.test.junit.AutoTests" name="[433] /home/travis/build/icyphy/ptII/ptolemy/actor/lib/test/auto/cast.xml (RunModel)" time="0.009" />
  <testcase classname="ptolemy.util.test.junit.AutoTests" name="[434] /home/travis/build/icyphy/ptII/ptolemy/actor/lib/test/auto/compositeMultiPort.xml (RunModel)" time="0.017" />
  <testcase classname="ptolemy.util.test.junit.AutoTests" name="[435] /home/travis/build/icyphy/ptII/ptolemy/actor/lib/test/auto/expressionCastInference.xml (RunModel)" time="0.008" />
  <testcase classname="ptolemy.util.test.junit.AutoTests" name="[436] /home/travis/build/icyphy/ptII/ptolemy/actor/lib/test/auto/expressionCastInference2.xml (RunModel)" time="0.008" />
  <testcase classname="ptolemy.util.test.junit.AutoTests" name="[437] /home/travis/build/icyphy/ptII/ptolemy/actor/lib/test/auto/expressionInference.xml (RunModel)" time="0.007" />
  <testcase classname="ptolemy.util.test.junit.AutoTests" name="[438] /home/travis/build/icyphy/ptII/ptolemy/actor/lib/test/auto/expression_bug.xml (RunModel)" time="0.007" />
  <testcase classname="ptolemy.util.test.junit.AutoTests" name="[439] /home/travis/build/icyphy/ptII/ptolemy/actor/lib/test/auto/factorial.xml (RunModel)" time="0.049" />
  <testcase classname="ptolemy.util.test.junit.AutoTests" name="[440] /home/travis/build/icyphy/ptII/ptolemy/actor/lib/test/auto/filterTest1.xml (RunModel)" time="0.013" />
  <testcase classname="ptolemy.util.test.junit.AutoTests" name="[441] /home/travis/build/icyphy/ptII/ptolemy/actor/lib/test/auto/funcApplyInConst.xml (RunModel)" time="0.006" />
  <testcase classname="ptolemy.util.test.junit.AutoTests" name="[442] /home/travis/build/icyphy/ptII/ptolemy/actor/lib/test/auto/funcApplyInExpr.xml (RunModel)" time="0.007" />
  <testcase classname="ptolemy.util.test.junit.AutoTests" name="[443] /home/travis/build/icyphy/ptII/ptolemy/actor/lib/test/auto/function.xml (RunModel)" time="0.01" />
  <testcase classname="ptolemy.util.test.junit.AutoTests" name="[444] /home/travis/build/icyphy/ptII/ptolemy/actor/lib/test/auto/function2.xml (RunModel)" time="0.01" />
  <testcase classname="ptolemy.util.test.junit.AutoTests" name="[445] /home/travis/build/icyphy/ptII/ptolemy/actor/lib/test/auto/function3.xml (RunModel)" time="0.008" />
  <testcase classname="ptolemy.util.test.junit.AutoTests" name="[446] /home/travis/build/icyphy/ptII/ptolemy/actor/lib/test/auto/functionClosureTest1.xml (RunModel)" time="0.011" />
  <testcase classname="ptolemy.util.test.junit.AutoTests" name="[447] /home/travis/build/icyphy/ptII/ptolemy/actor/lib/test/auto/functionClosureTest2.xml (RunModel)" time="0.007" />
  <testcase classname="ptolemy.util.test.junit.AutoTests" name="[448] /home/travis/build/icyphy/ptII/ptolemy/actor/lib/test/auto/functionClosureTest3.xml (RunModel)" time="0.01" />
  <testcase classname="ptolemy.util.test.junit.AutoTests" name="[449] /home/travis/build/icyphy/ptII/ptolemy/actor/lib/test/auto/functionClosureTest4.xml (RunModel)" time="0.016" />
  <testcase classname="ptolemy.util.test.junit.AutoTests" name="[450] /home/travis/build/icyphy/ptII/ptolemy/actor/lib/test/auto/functionClosureTest5.xml (RunModel)" time="0.015" />
  <testcase classname="ptolemy.util.test.junit.AutoTests" name="[451] /home/travis/build/icyphy/ptII/ptolemy/actor/lib/test/auto/functionClosureTest6.xml (RunModel)" time="0.007" />
  <testcase classname="ptolemy.util.test.junit.AutoTests" name="[452] /home/travis/build/icyphy/ptII/ptolemy/actor/lib/test/auto/functionsOnArcs.xml (RunModel)" time="0.012" />
  <testcase classname="ptolemy.util.test.junit.AutoTests" name="[453] /home/travis/build/icyphy/ptII/ptolemy/actor/lib/test/auto/functionsOnArcsHOF.xml (RunModel)" time="0.012" />
  <testcase classname="ptolemy.util.test.junit.AutoTests" name="[454] /home/travis/build/icyphy/ptII/ptolemy/actor/lib/test/auto/logic.xml (RunModel)" time="0.017" />
  <testcase classname="ptolemy.util.test.junit.AutoTests" name="[455] /home/travis/build/icyphy/ptII/ptolemy/actor/lib/test/auto/matrixType.xml (RunModel)" time="0.009" />
  <testcase classname="ptolemy.util.test.junit.AutoTests" name="[456] /home/travis/build/icyphy/ptII/ptolemy/actor/lib/test/auto/matrixType10.xml (RunModel)" time="0.009" />
  <testcase classname="ptolemy.util.test.junit.AutoTests" name="[457] /home/travis/build/icyphy/ptII/ptolemy/actor/lib/test/auto/matrixType11.xml (RunModel)" time="0.008" />
  <testcase classname="ptolemy.util.test.junit.AutoTests" name="[458] /home/travis/build/icyphy/ptII/ptolemy/actor/lib/test/auto/matrixType12.xml (RunModel)" time="0.01" />
  <testcase classname="ptolemy.util.test.junit.AutoTests" name="[459] /home/travis/build/icyphy/ptII/ptolemy/actor/lib/test/auto/matrixType13.xml (RunModel)" time="0.009" />
  <testcase classname="ptolemy.util.test.junit.AutoTests" name="[460] /home/travis/build/icyphy/ptII/ptolemy/actor/lib/test/auto/matrixType14.xml (RunModel)" time="0.01" />
  <testcase classname="ptolemy.util.test.junit.AutoTests" name="[461] /home/travis/build/icyphy/ptII/ptolemy/actor/lib/test/auto/matrixType2.xml (RunModel)" time="0.009" />
  <testcase classname="ptolemy.util.test.junit.AutoTests" name="[462] /home/travis/build/icyphy/ptII/ptolemy/actor/lib/test/auto/matrixType3.xml (RunModel)" time="0.01" />
  <testcase classname="ptolemy.util.test.junit.AutoTests" name="[463] /home/travis/build/icyphy/ptII/ptolemy/actor/lib/test/auto/matrixType4.xml (RunModel)" time="0.009" />
  <testcase classname="ptolemy.util.test.junit.AutoTests" name="[464] /home/travis/build/icyphy/ptII/ptolemy/actor/lib/test/auto/matrixType5.xml (RunModel)" time="0.009" />
  <testcase classname="ptolemy.util.test.junit.AutoTests" name="[465] /home/travis/build/icyphy/ptII/ptolemy/actor/lib/test/auto/matrixType6.xml (RunModel)" time="0.008" />
  <testcase classname="ptolemy.util.test.junit.AutoTests" name="[466] /home/travis/build/icyphy/ptII/ptolemy/actor/lib/test/auto/matrixType7.xml (RunModel)" time="0.009" />
  <testcase classname="ptolemy.util.test.junit.AutoTests" name="[467] /home/travis/build/icyphy/ptII/ptolemy/actor/lib/test/auto/matrixType8.xml (RunModel)" time="0.008" />
  <testcase classname="ptolemy.util.test.junit.AutoTests" name="[468] /home/travis/build/icyphy/ptII/ptolemy/actor/lib/test/auto/matrixType9.xml (RunModel)" time="0.007" />
  <testcase classname="ptolemy.util.test.junit.AutoTests" name="[469] /home/travis/build/icyphy/ptII/ptolemy/actor/lib/test/auto/paraFunctest.xml (RunModel)" time="0.007" />
  <testcase classname="ptolemy.util.test.junit.AutoTests" name="[470] /home/travis/build/icyphy/ptII/ptolemy/actor/lib/test/auto/paraFunctest2.xml (RunModel)" time="0.008" />
  <testcase classname="ptolemy.util.test.junit.AutoTests" name="[471] /home/travis/build/icyphy/ptII/ptolemy/actor/lib/test/auto/parameterPassing.xml (RunModel)" time="0.008" />
  <testcase classname="ptolemy.util.test.junit.AutoTests" name="[472] /home/travis/build/icyphy/ptII/ptolemy/actor/lib/test/auto/record.xml (RunModel)" time="0.01" />
  <testcase classname="ptolemy.util.test.junit.AutoTests" name="[473] /home/travis/build/icyphy/ptII/ptolemy/actor/lib/test/auto/sizedarray1.xml (RunModel)" time="0.01" />
  <testcase classname="ptolemy.util.test.junit.AutoTests" name="[474] /home/travis/build/icyphy/ptII/ptolemy/actor/lib/test/auto/sizedarray2.xml (RunModel)" time="0.01" />
  <testcase classname="ptolemy.util.test.junit.AutoTests" name="[475] /home/travis/build/icyphy/ptII/ptolemy/actor/lib/test/auto/twoPublishers.xml (RunModel)" time="0.02" />
  <system-out><![CDATA[/home/travis/build/icyphy/ptII/ptolemy/actor/lib/test/AbsoluteValue.tcl
testDefs.tcl: setting time out to 9000 seconds at Mon Dec 17 03:02:10 UTC 2018
76 ms. Memory: 116224K Free: 106181K (91%)
4 ms. Memory: 116224K Free: 105578K (91%)
4 ms. Memory: 116224K Free: 104349K (90%)
4 ms. Memory: 116224K Free: 103746K (89%)
/home/travis/build/icyphy/ptII/ptolemy/actor/lib/test/AddSubtract.tcl
10 ms. Memory: 116224K Free: 101930K (88%)
5 ms. Memory: 116224K Free: 100724K (87%)
14 ms. Memory: 116224K Free: 100130K (86%)
8 ms. Memory: 116224K Free: 99535K (86%)
6 ms. Memory: 116224K Free: 98900K (85%)
4 ms. Memory: 116224K Free: 97695K (84%)
/home/travis/build/icyphy/ptII/ptolemy/actor/lib/test/Average.tcl
14 ms. Memory: 116224K Free: 96505K (83%)
5 ms. Memory: 116224K Free: 94681K (81%)
/home/travis/build/icyphy/ptII/ptolemy/actor/lib/test/Bernoulli.tcl
4 ms. Memory: 116224K Free: 93475K (80%)
2 ms. Memory: 116224K Free: 92856K (80%)
/home/travis/build/icyphy/ptII/ptolemy/actor/lib/test/Clock.tcl
preinitializing
resolving types
initializing
executing number 1
wrapping up
idle
22 ms. Memory: 116224K Free: 90442K (78%)
Completed execution with 5 iterations
preinitializing
resolving types
initializing
executing number 1
wrapping up
idle
9 ms. Memory: 116224K Free: 89823K (77%)
Completed execution with 5 iterations
preinitializing
resolving types
initializing
executing number 1
wrapping up
idle
6 ms. Memory: 116224K Free: 89220K (77%)
Completed execution with 5 iterations
/home/travis/build/icyphy/ptII/ptolemy/actor/lib/test/Commutator.tcl
15 ms. Memory: 116224K Free: 87420K (75%)
12 ms. Memory: 116224K Free: 86222K (74%)
16 ms. Memory: 116224K Free: 81292K (70%)
/home/travis/build/icyphy/ptII/ptolemy/actor/lib/test/Const.tcl
3 ms. Memory: 146944K Free: 138794K (94%)
3 ms. Memory: 146944K Free: 138794K (94%)
7 ms. Memory: 146944K Free: 138794K (94%)
2 ms. Memory: 146944K Free: 137591K (94%)
9 ms. Memory: 146944K Free: 137591K (94%)
20 ms. Memory: 146944K Free: 135181K (92%)
6 ms. Memory: 146944K Free: 133978K (91%)
3 ms. Memory: 146944K Free: 133978K (91%)
/home/travis/build/icyphy/ptII/ptolemy/actor/lib/test/CurrentTime.tcl
preinitializing
resolving types
initializing
executing number 1
wrapping up
idle
7 ms. Memory: 146944K Free: 131572K (90%)
Completed execution with 11 iterations
/home/travis/build/icyphy/ptII/ptolemy/actor/lib/test/DB.tcl
3 ms. Memory: 146944K Free: 129165K (88%)
3 ms. Memory: 146944K Free: 129165K (88%)
3 ms. Memory: 146944K Free: 129165K (88%)
/home/travis/build/icyphy/ptII/ptolemy/actor/lib/test/DiscreteRandomSource.tcl
preinitializing
resolving types
initializing
executing number 1
wrapping up
idle
14 ms. Memory: 146944K Free: 126759K (86%)
Completed execution with 4 iterations
preinitializing
resolving types
initializing
executing number 1
wrapping up
idle
3 ms. Memory: 146944K Free: 126759K (86%)
Completed execution with 4 iterations
preinitializing
resolving types
initializing
executing number 1
wrapping up
idle
7 ms. Memory: 146944K Free: 126759K (86%)
Completed execution with 4 iterations
preinitializing
resolving types
initializing
executing number 1
wrapping up
idle
3 ms. Memory: 146944K Free: 125555K (85%)
Completed execution with 4 iterations
preinitializing
resolving types
initializing
executing number 1
wrapping up
idle
12 ms. Memory: 146944K Free: 125555K (85%)
Completed execution with 4 iterations
/home/travis/build/icyphy/ptII/ptolemy/actor/lib/test/Distributor.tcl
5 ms. Memory: 146944K Free: 124352K (85%)
7 ms. Memory: 146944K Free: 123149K (84%)
StreamChangeRequest.changeExecuted(): <deleteEntity name="rec2"/> succeeded
StreamChangeRequest.changeExecuted(): <deleteRelation name="r2"/> succeeded
StreamChangeRequest.changeExecuted(): Record firings per iteration succeeded
4 ms. Memory: 146944K Free: 120743K (82%)
/home/travis/build/icyphy/ptII/ptolemy/actor/lib/test/Exit.tcl
Exit.tcl: this will print a message about Manager.exitAfterWrapup, which can be ignored.
5 ms. Memory: 146944K Free: 117722K (80%)
/home/travis/build/icyphy/ptII/ptolemy/actor/lib/test/Expression.tcl
5 ms. Memory: 146944K Free: 114087K (78%)
12 ms. Memory: 146944K Free: 112883K (77%)
3 ms. Memory: 146944K Free: 112883K (77%)
preinitializing
resolving types
initializing
executing number 1
wrapping up
idle
11 ms. Memory: 146944K Free: 111680K (76%)
Completed execution with 6 iterations
3 ms. Memory: 146944K Free: 110477K (75%)
16 ms. Memory: 146944K Free: 109274K (74%)
13 ms. Memory: 146944K Free: 108071K (74%)
7 ms. Memory: 146944K Free: 106867K (73%)
12 ms. Memory: 146944K Free: 105664K (72%)
/home/travis/build/icyphy/ptII/ptolemy/actor/lib/test/Gaussian.tcl
8 ms. Memory: 146944K Free: 104461K (71%)
sleeping 1 seconds: .........................................................................................................................................................................................................................................................................................................................................................................................................................................................................................................................................................................................................................................................................................................................................................................................................................................................................................................................................................................................................................................................................................................................................................................................................................................................................................................................................................................................................................................................................................................................................................................................................................................................................................................................................................................................................................................................................................................................................................................................................................................4 ms. Memory: 146944K Free: 94835K (65%)
3 ms. Memory: 146944K Free: 94835K (65%)
2 ms. Memory: 146944K Free: 93632K (64%)
6 ms. Memory: 146944K Free: 93632K (64%)
4 ms. Memory: 146944K Free: 92429K (63%)
/home/travis/build/icyphy/ptII/ptolemy/actor/lib/test/IIR.tcl
/home/travis/build/icyphy/ptII/ptolemy/actor/lib/test/Interpolator.tcl
3 ms. Memory: 146944K Free: 88819K (60%)
2 ms. Memory: 146944K Free: 87616K (60%)
1 ms. Memory: 146944K Free: 87616K (60%)
2 ms. Memory: 146944K Free: 86413K (59%)
6 ms. Memory: 146944K Free: 86413K (59%)
5 ms. Memory: 146944K Free: 85210K (58%)
2 ms. Memory: 146944K Free: 84007K (57%)
3 ms. Memory: 146944K Free: 84007K (57%)
2 ms. Memory: 146944K Free: 82803K (56%)
9 ms. Memory: 146944K Free: 81600K (56%)
/home/travis/build/icyphy/ptII/ptolemy/actor/lib/test/MathFunction.tcl
4 ms. Memory: 146944K Free: 138992K (95%)
3 ms. Memory: 146944K Free: 138992K (95%)
2 ms. Memory: 146944K Free: 137805K (94%)
10 ms. Memory: 146944K Free: 136617K (93%)
7 ms. Memory: 146944K Free: 135430K (92%)
7 ms. Memory: 146944K Free: 133056K (91%)
/home/travis/build/icyphy/ptII/ptolemy/actor/lib/test/Maximum.tcl
4 ms. Memory: 146944K Free: 131869K (90%)
7 ms. Memory: 146944K Free: 130682K (89%)
8 ms. Memory: 146944K Free: 129495K (88%)
2 ms. Memory: 146944K Free: 129495K (88%)
/home/travis/build/icyphy/ptII/ptolemy/actor/lib/test/Minimum.tcl
6 ms. Memory: 146944K Free: 127121K (87%)
3 ms. Memory: 146944K Free: 127121K (87%)
3 ms. Memory: 146944K Free: 125934K (86%)
2 ms. Memory: 146944K Free: 125934K (86%)
/home/travis/build/icyphy/ptII/ptolemy/actor/lib/test/MultiplyDivide.tcl
8 ms. Memory: 146944K Free: 123559K (84%)
4 ms. Memory: 146944K Free: 122372K (83%)
7 ms. Memory: 146944K Free: 122372K (83%)
2 ms. Memory: 146944K Free: 121185K (82%)
2 ms. Memory: 146944K Free: 121185K (82%)
/home/travis/build/icyphy/ptII/ptolemy/actor/lib/test/OrderedMerge.tcl
Connections changed on port: inputA
Connections changed on port: inputB
Connections changed on port: output
Connections changed on port: output
Connections changed on port: output
Connections changed on port: input
.top. Preinitializing ...
Invoking preinitialize():  .top.OrderedMerge
Called preinitialize()
Invoking preinitialize():  .top.Ramp
Called preinitialize()
Invoking preinitialize():  .top.Ramp2
Called preinitialize()
Invoking preinitialize():  .top.Test
Called preinitialize()
Connections changed on port: inputA
Connections changed on port: output
Connections changed on port: inputB
Connections changed on port: output
Connections changed on port: output
Connections changed on port: input
.top. Finished preinitialize().
Called initialize().
Invoking initialize():  .top.OrderedMerge
Initializing actor: .top.OrderedMerge
Adding a thread: .top.OrderedMerge
Invoking initialize():  .top.Ramp
Initializing actor: .top.Ramp
Adding a thread: .top.Ramp
Invoking initialize():  .top.Ramp2
Initializing actor: .top.Ramp2
Adding a thread: .top.Ramp2
Invoking initialize():  .top.Test
Initializing actor: .top.Test
Adding a thread: .top.Test
-- Starting thread.
Called initialize()
Called prefire()
Called fire()
-- Starting thread.
Called initialize()
Called prefire()
Called fire()
Called postfire()
Called prefire()
Called fire()
-- Starting thread.
Called initialize()
Called prefire()
Called fire()
Called postfire()
Called prefire()
Called fire()
Called fire().
Checking for deadlock:
There are 3 Blocked actors, 0 Stopped actors, and 4 active threads.
Waiting for actors to stop.
-- Starting thread.
Called initialize()
Called prefire()
Called fire()
Checking for deadlock:
There are 2 Blocked actors, 0 Stopped actors, and 4 active threads.
Waiting for actors to stop.
Called postfire()
Called prefire()
Called fire()
Checking for deadlock:
There are 3 Blocked actors, 0 Stopped actors, and 4 active threads.
Waiting for actors to stop.
Read input token from inputA with value 0.0
Next port to read input from is inputB
Called postfire()
Called prefire()
Called fire()
Checking for deadlock:
There are 2 Blocked actors, 0 Stopped actors, and 4 active threads.
Waiting for actors to stop.
Called postfire()
Called prefire()
Called fire()
Checking for deadlock:
There are 3 Blocked actors, 0 Stopped actors, and 4 active threads.
Waiting for actors to stop.
Read input token from inputB with value 0.0
Checking for deadlock:
There are 2 Blocked actors, 0 Stopped actors, and 4 active threads.
Waiting for actors to stop.
-- Read input: 0.0, which is expected to match: 0.0
Called prefire()
Called fire()
Checking for deadlock:
There are 3 Blocked actors, 0 Stopped actors, and 4 active threads.
Waiting for actors to stop.
Sent output token with value 0.0
Next port to read input from is inputA
Called postfire()
Called prefire()
Called fire()
Called postfire()
Called prefire()
Called fire()
Checking for deadlock:
There are 3 Blocked actors, 0 Stopped actors, and 4 active threads.
Waiting for actors to stop.
Read input token from inputA with value 1.0
-- Read input: 0.0, which is expected to match: 0.0
Called prefire()
Called fire()
Checking for deadlock:
There are 3 Blocked actors, 0 Stopped actors, and 4 active threads.
Waiting for actors to stop.
Sent output token with value 0.0
Next port to read input from is inputB
Called postfire()
Called prefire()
Called fire()
Checking for deadlock:
There are 2 Blocked actors, 0 Stopped actors, and 4 active threads.
Waiting for actors to stop.
Called postfire()
Called prefire()
Called fire()
Checking for deadlock:
There are 3 Blocked actors, 0 Stopped actors, and 4 active threads.
Waiting for actors to stop.
Read input token from inputB with value 1.5
Checking for deadlock:
There are 2 Blocked actors, 0 Stopped actors, and 4 active threads.
Waiting for actors to stop.
-- Read input: 1.0, which is expected to match: 1.0
Called prefire()
Called fire()
Checking for deadlock:
There are 3 Blocked actors, 0 Stopped actors, and 4 active threads.
Waiting for actors to stop.
Sent output token with value 1.0
Next port to read input from is inputA
Called postfire()
Called prefire()
Called fire()
Called postfire()
Called prefire()
Called fire()
Checking for deadlock:
There are 3 Blocked actors, 0 Stopped actors, and 4 active threads.
Waiting for actors to stop.
Read input token from inputA with value 2.0
-- Read input: 1.5, which is expected to match: 1.5
Called prefire()
Called fire()
Checking for deadlock:
There are 3 Blocked actors, 0 Stopped actors, and 4 active threads.
Waiting for actors to stop.
Sent output token with value 1.5
Next port to read input from is inputB
Called postfire()
Called prefire()
Called fire()
Checking for deadlock:
There are 2 Blocked actors, 0 Stopped actors, and 4 active threads.
Waiting for actors to stop.
Called postfire()
Called prefire()
Called fire()
Checking for deadlock:
There are 3 Blocked actors, 0 Stopped actors, and 4 active threads.
Waiting for actors to stop.
Read input token from inputB with value 3.0
Checking for deadlock:
There are 2 Blocked actors, 0 Stopped actors, and 4 active threads.
Waiting for actors to stop.
-- Read input: 2.0, which is expected to match: 2.0
Called prefire()
Called fire()
Checking for deadlock:
There are 3 Blocked actors, 0 Stopped actors, and 4 active threads.
Waiting for actors to stop.
Sent output token with value 2.0
Next port to read input from is inputA
Called postfire()
Called prefire()
Called fire()
Called postfire()
Called prefire()
Called fire()
Checking for deadlock:
There are 3 Blocked actors, 0 Stopped actors, and 4 active threads.
Waiting for actors to stop.
Read input token from inputA with value 3.0
-- Read input: 3.0, which is expected to match: 3.0
Called prefire()
Called fire()
Checking for deadlock:
There are 3 Blocked actors, 0 Stopped actors, and 4 active threads.
Waiting for actors to stop.
Sent output token with value 3.0
Next port to read input from is inputB
Called postfire()
Called prefire()
Called fire()
Checking for deadlock:
There are 2 Blocked actors, 0 Stopped actors, and 4 active threads.
Waiting for actors to stop.
Called postfire()
Called prefire()
Called fire()
Checking for deadlock:
There are 3 Blocked actors, 0 Stopped actors, and 4 active threads.
Waiting for actors to stop.
Read input token from inputB with value 4.5
Checking for deadlock:
There are 2 Blocked actors, 0 Stopped actors, and 4 active threads.
Waiting for actors to stop.
-- Read input: 3.0, which is expected to match: 3.0
Called prefire()
Called fire()
Checking for deadlock:
There are 3 Blocked actors, 0 Stopped actors, and 4 active threads.
Waiting for actors to stop.
Sent output token with value 3.0
Next port to read input from is inputA
Called postfire()
Called prefire()
Called fire()
Called postfire()
Called prefire()
Called fire()
Checking for deadlock:
There are 3 Blocked actors, 0 Stopped actors, and 4 active threads.
Waiting for actors to stop.
Read input token from inputA with value 4.0
-- Read input: 4.0, which is expected to match: 4.0
Called prefire()
Called fire()
Past the end of training data. Read and discard all inputs.
Checking for deadlock:
There are 3 Blocked actors, 0 Stopped actors, and 4 active threads.
Waiting for actors to stop.
Sent output token with value 4.0
Next port to read input from is inputA
Called postfire()
Called prefire()
Called fire()
Called postfire()
Called prefire()
Called fire()
Checking for deadlock:
There are 3 Blocked actors, 0 Stopped actors, and 4 active threads.
Waiting for actors to stop.
Read input token from inputA with value 5.0
Called prefire()
Called fire()
Past the end of training data. Read and discard all inputs.
Checking for deadlock:
There are 3 Blocked actors, 0 Stopped actors, and 4 active threads.
Waiting for actors to stop.
Sent output token with value 4.5
Next port to read input from is inputB
Called postfire()
Called prefire()
Called fire()
Checking for deadlock:
There are 2 Blocked actors, 0 Stopped actors, and 4 active threads.
Waiting for actors to stop.
Called postfire()
Called prefire()
Called fire()
Checking for deadlock:
There are 3 Blocked actors, 0 Stopped actors, and 4 active threads.
Waiting for actors to stop.
Read input token from inputB with value 6.0
Checking for deadlock:
There are 2 Blocked actors, 0 Stopped actors, and 4 active threads.
Waiting for actors to stop.
Called prefire()
Called fire()
Past the end of training data. Read and discard all inputs.
Checking for deadlock:
There are 3 Blocked actors, 0 Stopped actors, and 4 active threads.
Waiting for actors to stop.
Sent output token with value 5.0
Next port to read input from is inputA
Called postfire()
Called prefire()
Called fire()
Called postfire()
Called prefire()
Called fire()
Checking for deadlock:
There are 3 Blocked actors, 0 Stopped actors, and 4 active threads.
Waiting for actors to stop.
Read input token from inputA with value 6.0
Called prefire()
Called fire()
Past the end of training data. Read and discard all inputs.
Checking for deadlock:
There are 3 Blocked actors, 0 Stopped actors, and 4 active threads.
Waiting for actors to stop.
Sent output token with value 6.0
Next port to read input from is inputB
Called postfire()
Called prefire()
Called fire()
Checking for deadlock:
There are 2 Blocked actors, 0 Stopped actors, and 4 active threads.
Waiting for actors to stop.
Called postfire()
Called prefire()
Called fire()
Checking for deadlock:
There are 3 Blocked actors, 0 Stopped actors, and 4 active threads.
Waiting for actors to stop.
Read input token from inputB with value 7.5
Checking for deadlock:
There are 2 Blocked actors, 0 Stopped actors, and 4 active threads.
Waiting for actors to stop.
Called prefire()
Called fire()
Past the end of training data. Read and discard all inputs.
Checking for deadlock:
There are 3 Blocked actors, 0 Stopped actors, and 4 active threads.
Waiting for actors to stop.
Sent output token with value 6.0
Next port to read input from is inputA
Called postfire()
Called prefire()
Called fire()
Called postfire()
Called prefire()
Called fire()
Checking for deadlock:
There are 3 Blocked actors, 0 Stopped actors, and 4 active threads.
Waiting for actors to stop.
Read input token from inputA with value 7.0
Called prefire()
Called fire()
Past the end of training data. Read and discard all inputs.
Checking for deadlock:
There are 3 Blocked actors, 0 Stopped actors, and 4 active threads.
Waiting for actors to stop.
Sent output token with value 7.0
Next port to read input from is inputA
Called postfire()
Called prefire()
Called fire()
-- Thread wrapup() called.
Called wrapup()
Thread .top.Ramp is exiting.
-- Thread stopped.
Checking for deadlock:
There are 2 Blocked actors, 0 Stopped actors, and 3 active threads.
Waiting for actors to stop.
Read input token from inputA with value 8.0
Called prefire()
Called fire()
Past the end of training data. Read and discard all inputs.
Checking for deadlock:
There are 2 Blocked actors, 0 Stopped actors, and 3 active threads.
Waiting for actors to stop.
Sent output token with value 7.5
Next port to read input from is inputB
Called postfire()
Called prefire()
Called fire()
Checking for deadlock:
There are 1 Blocked actors, 0 Stopped actors, and 3 active threads.
Waiting for actors to stop.
Called postfire()
Called prefire()
Called fire()
Checking for deadlock:
There are 2 Blocked actors, 0 Stopped actors, and 3 active threads.
Waiting for actors to stop.
Read input token from inputB with value 9.0
Checking for deadlock:
There are 1 Blocked actors, 0 Stopped actors, and 3 active threads.
Waiting for actors to stop.
Called prefire()
Called fire()
Past the end of training data. Read and discard all inputs.
Checking for deadlock:
There are 2 Blocked actors, 0 Stopped actors, and 3 active threads.
Waiting for actors to stop.
Sent output token with value 8.0
Next port to read input from is inputA
Called postfire()
Called prefire()
Called fire()
Read input token from inputA with value 9.0
Checking for deadlock:
There are 1 Blocked actors, 0 Stopped actors, and 3 active threads.
Waiting for actors to stop.
Called prefire()
Called fire()
Past the end of training data. Read and discard all inputs.
Checking for deadlock:
There are 2 Blocked actors, 0 Stopped actors, and 3 active threads.
Waiting for actors to stop.
Sent output token with value 9.0
Next port to read input from is inputB
Called postfire()
Called prefire()
Called fire()
Checking for deadlock:
There are 1 Blocked actors, 0 Stopped actors, and 3 active threads.
Waiting for actors to stop.
Called postfire()
Called prefire()
Called fire()
Checking for deadlock:
There are 2 Blocked actors, 0 Stopped actors, and 3 active threads.
Waiting for actors to stop.
Read input token from inputB with value 10.5
Checking for deadlock:
There are 1 Blocked actors, 0 Stopped actors, and 3 active threads.
Waiting for actors to stop.
Called prefire()
Called fire()
Past the end of training data. Read and discard all inputs.
Checking for deadlock:
There are 2 Blocked actors, 0 Stopped actors, and 3 active threads.
Waiting for actors to stop.
Sent output token with value 9.0
Next port to read input from is inputA
Called postfire()
Called prefire()
Called fire()
Checking for deadlock:
There are 3 Blocked actors, 0 Stopped actors, and 3 active threads.
Actors have stopped.
Checking for deadlock:
There are 3 Blocked actors, 0 Stopped actors, and 3 active threads.
Deadlock detected.
Resolving Deadlock
Checking for deadlock:
There are 3 Blocked actors, 0 Stopped actors, and 3 active threads.
Artificial Deadlock - increasing queue capacity.
increasing the capacity of receiver ptolemy.actor.TypedIOPort {.top.OrderedMerge.inputB} to 2
Director: Called postfire().
Called postfire().
_stopRequested = false
_stopFireRequested = false
Returning from postfire(): true
Called fire().
Checking for deadlock:
There are 2 Blocked actors, 0 Stopped actors, and 3 active threads.
Waiting for actors to stop.
-- Thread wrapup() called.
Called wrapup()
Thread .top.Ramp2 is exiting.
-- Thread stopped.
Checking for deadlock:
There are 2 Blocked actors, 0 Stopped actors, and 2 active threads.
Actors have stopped.
Checking for deadlock:
There are 2 Blocked actors, 0 Stopped actors, and 2 active threads.
Deadlock detected.
Resolving Deadlock
Checking for deadlock:
There are 2 Blocked actors, 0 Stopped actors, and 2 active threads.
Deadlock detected: no processes blocked on write, but some are blocked on read.
Called postfire().
_stopRequested = false
_stopFireRequested = false
Returning from postfire(): false
Finished deactivating branches.
Called wrapup().
-- Thread wrapup() called.
Called wrapup()
Thread .top.Test is exiting.
-- Thread stopped.
-- Blocked Receiver call threw TerminateProcessException.
-- Thread wrapup() called.
Called wrapup()
Thread .top.OrderedMerge is exiting.
25 ms. Memory: 146944K Free: 117172K (80%)
.top. Preinitializing ...
Invoking preinitialize():  .top.OrderedMerge
Called preinitialize()
Invoking preinitialize():  .top.Ramp
Called preinitialize()
Invoking preinitialize():  .top.Ramp2
Called preinitialize()
Invoking preinitialize():  .top.Test
Called preinitialize()
.top. Finished preinitialize().
Called initialize().
Invoking initialize():  .top.OrderedMerge
Initializing actor: .top.OrderedMerge
Adding a thread: .top.OrderedMerge
Invoking initialize():  .top.Ramp
Initializing actor: .top.Ramp
Adding a thread: .top.Ramp
Invoking initialize():  .top.Ramp2
Initializing actor: .top.Ramp2
Adding a thread: .top.Ramp2
Invoking initialize():  .top.Test
Initializing actor: .top.Test
Adding a thread: .top.Test
-- Thread stopped.
-- Blocked Receiver call threw TerminateProcessException.
-- Starting thread.
Called initialize()
Called prefire()
Called fire()
-- Starting thread.
Called initialize()
Called prefire()
Called fire()
Called postfire()
Called prefire()
Called fire()
-- Starting thread.
Called initialize()
Called prefire()
Called fire()
Called postfire()
Called prefire()
Called fire()
Called fire().
Checking for deadlock:
There are 3 Blocked actors, 0 Stopped actors, and 4 active threads.
Waiting for actors to stop.
-- Starting thread.
Called initialize()
Called prefire()
Called fire()
Checking for deadlock:
There are 2 Blocked actors, 0 Stopped actors, and 4 active threads.
Waiting for actors to stop.
Called postfire()
Called prefire()
Called fire()
Checking for deadlock:
There are 3 Blocked actors, 0 Stopped actors, and 4 active threads.
Waiting for actors to stop.
Read input token from inputA with value 0.0
Next port to read input from is inputB
Called postfire()
Called prefire()
Called fire()
Checking for deadlock:
There are 2 Blocked actors, 0 Stopped actors, and 4 active threads.
Waiting for actors to stop.
Called postfire()
Called prefire()
Called fire()
Checking for deadlock:
There are 3 Blocked actors, 0 Stopped actors, and 4 active threads.
Waiting for actors to stop.
Read input token from inputB with value 0.0
Checking for deadlock:
There are 2 Blocked actors, 0 Stopped actors, and 4 active threads.
Waiting for actors to stop.
-- Read input: 0.0, which is expected to match: 0.0
Called prefire()
Called fire()
Checking for deadlock:
There are 3 Blocked actors, 0 Stopped actors, and 4 active threads.
Waiting for actors to stop.
Sent output token with value 0.0
Next port to read input from is inputA
Called postfire()
Called prefire()
Called fire()
Checking for deadlock:
There are 2 Blocked actors, 0 Stopped actors, and 4 active threads.
Waiting for actors to stop.
Called postfire()
Called prefire()
Called fire()
Checking for deadlock:
There are 3 Blocked actors, 0 Stopped actors, and 4 active threads.
Waiting for actors to stop.
Read input token from inputA with value 1.0
Checking for deadlock:
There are 2 Blocked actors, 0 Stopped actors, and 4 active threads.
Waiting for actors to stop.
-- Read input: 0.0, which is expected to match: 0.0
Called prefire()
Called fire()
Checking for deadlock:
There are 3 Blocked actors, 0 Stopped actors, and 4 active threads.
Waiting for actors to stop.
Sent output token with value 0.0
Next port to read input from is inputB
Called postfire()
Called prefire()
Called fire()
Checking for deadlock:
There are 2 Blocked actors, 0 Stopped actors, and 4 active threads.
Waiting for actors to stop.
Called postfire()
Called prefire()
Called fire()
Checking for deadlock:
There are 3 Blocked actors, 0 Stopped actors, and 4 active threads.
Waiting for actors to stop.
Read input token from inputB with value 1.5
Checking for deadlock:
There are 2 Blocked actors, 0 Stopped actors, and 4 active threads.
Waiting for actors to stop.
-- Read input: 1.0, which is expected to match: 1.0
Called prefire()
Called fire()
Checking for deadlock:
There are 3 Blocked actors, 0 Stopped actors, and 4 active threads.
Waiting for actors to stop.
Sent output token with value 1.0
Next port to read input from is inputA
Called postfire()
Called prefire()
Called fire()
Checking for deadlock:
There are 2 Blocked actors, 0 Stopped actors, and 4 active threads.
Waiting for actors to stop.
Called postfire()
Called prefire()
Called fire()
Checking for deadlock:
There are 3 Blocked actors, 0 Stopped actors, and 4 active threads.
Waiting for actors to stop.
Read input token from inputA with value 2.0
Checking for deadlock:
There are 2 Blocked actors, 0 Stopped actors, and 4 active threads.
Waiting for actors to stop.
-- Read input: 1.5, which is expected to match: 1.5
Called prefire()
Called fire()
Checking for deadlock:
There are 3 Blocked actors, 0 Stopped actors, and 4 active threads.
Waiting for actors to stop.
Sent output token with value 1.5
Next port to read input from is inputB
Called postfire()
Called prefire()
Called fire()
Checking for deadlock:
There are 2 Blocked actors, 0 Stopped actors, and 4 active threads.
Waiting for actors to stop.
Called postfire()
Called prefire()
Called fire()
Checking for deadlock:
There are 3 Blocked actors, 0 Stopped actors, and 4 active threads.
Waiting for actors to stop.
Read input token from inputB with value 3.0
Checking for deadlock:
There are 2 Blocked actors, 0 Stopped actors, and 4 active threads.
Waiting for actors to stop.
-- Read input: 2.0, which is expected to match: 2.0
Called prefire()
Called fire()
Checking for deadlock:
There are 3 Blocked actors, 0 Stopped actors, and 4 active threads.
Waiting for actors to stop.
Sent output token with value 2.0
Next port to read input from is inputA
Called postfire()
Called prefire()
Called fire()
Checking for deadlock:
There are 2 Blocked actors, 0 Stopped actors, and 4 active threads.
Waiting for actors to stop.
Called postfire()
Called prefire()
Called fire()
Checking for deadlock:
There are 3 Blocked actors, 0 Stopped actors, and 4 active threads.
Waiting for actors to stop.
Read input token from inputA with value 3.0
Checking for deadlock:
There are 2 Blocked actors, 0 Stopped actors, and 4 active threads.
Waiting for actors to stop.
-- Read input: 3.0, which is expected to match: 3.0
Called prefire()
Called fire()
Checking for deadlock:
There are 3 Blocked actors, 0 Stopped actors, and 4 active threads.
Waiting for actors to stop.
Sent output token with value 3.0
Next port to read input from is inputB
Called postfire()
Called prefire()
Called fire()
Checking for deadlock:
There are 2 Blocked actors, 0 Stopped actors, and 4 active threads.
Waiting for actors to stop.
Called postfire()
Called prefire()
Called fire()
Checking for deadlock:
There are 3 Blocked actors, 0 Stopped actors, and 4 active threads.
Waiting for actors to stop.
Read input token from inputB with value 4.5
Checking for deadlock:
There are 2 Blocked actors, 0 Stopped actors, and 4 active threads.
Waiting for actors to stop.
-- Read input: 3.0, which is expected to match: 3.0
Called prefire()
Called fire()
Checking for deadlock:
There are 3 Blocked actors, 0 Stopped actors, and 4 active threads.
Waiting for actors to stop.
Sent output token with value 3.0
Next port to read input from is inputA
Called postfire()
Called prefire()
Called fire()
Checking for deadlock:
There are 2 Blocked actors, 0 Stopped actors, and 4 active threads.
Waiting for actors to stop.
Called postfire()
Called prefire()
Called fire()
Checking for deadlock:
There are 3 Blocked actors, 0 Stopped actors, and 4 active threads.
Waiting for actors to stop.
Read input token from inputA with value 4.0
Checking for deadlock:
There are 2 Blocked actors, 0 Stopped actors, and 4 active threads.
Waiting for actors to stop.
-- Read input: 4.0, which is expected to match: 4.0
Called prefire()
Called fire()
Past the end of training data. Read and discard all inputs.
Checking for deadlock:
There are 3 Blocked actors, 0 Stopped actors, and 4 active threads.
Waiting for actors to stop.
Sent output token with value 4.0
Next port to read input from is inputA
Called postfire()
Called prefire()
Called fire()
Checking for deadlock:
There are 2 Blocked actors, 0 Stopped actors, and 4 active threads.
Waiting for actors to stop.
Called postfire()
Called prefire()
Called fire()
Checking for deadlock:
There are 3 Blocked actors, 0 Stopped actors, and 4 active threads.
Waiting for actors to stop.
Read input token from inputA with value 5.0
Checking for deadlock:
There are 2 Blocked actors, 0 Stopped actors, and 4 active threads.
Waiting for actors to stop.
Called prefire()
Called fire()
Past the end of training data. Read and discard all inputs.
Checking for deadlock:
There are 3 Blocked actors, 0 Stopped actors, and 4 active threads.
Waiting for actors to stop.
Sent output token with value 4.5
Next port to read input from is inputB
Called postfire()
Called prefire()
Called fire()
Checking for deadlock:
There are 2 Blocked actors, 0 Stopped actors, and 4 active threads.
Waiting for actors to stop.
Called postfire()
Called prefire()
Called fire()
Checking for deadlock:
There are 3 Blocked actors, 0 Stopped actors, and 4 active threads.
Waiting for actors to stop.
Read input token from inputB with value 6.0
Checking for deadlock:
There are 2 Blocked actors, 0 Stopped actors, and 4 active threads.
Waiting for actors to stop.
Called prefire()
Called fire()
Past the end of training data. Read and discard all inputs.
Checking for deadlock:
There are 3 Blocked actors, 0 Stopped actors, and 4 active threads.
Waiting for actors to stop.
Sent output token with value 5.0
Next port to read input from is inputA
Called postfire()
Called prefire()
Called fire()
Checking for deadlock:
There are 2 Blocked actors, 0 Stopped actors, and 4 active threads.
Waiting for actors to stop.
Called postfire()
Called prefire()
Called fire()
Checking for deadlock:
There are 3 Blocked actors, 0 Stopped actors, and 4 active threads.
Waiting for actors to stop.
Read input token from inputA with value 6.0
Checking for deadlock:
There are 2 Blocked actors, 0 Stopped actors, and 4 active threads.
Waiting for actors to stop.
Called prefire()
Called fire()
Past the end of training data. Read and discard all inputs.
Checking for deadlock:
There are 3 Blocked actors, 0 Stopped actors, and 4 active threads.
Waiting for actors to stop.
Sent output token with value 6.0
Next port to read input from is inputB
Called postfire()
Called prefire()
Called fire()
Checking for deadlock:
There are 2 Blocked actors, 0 Stopped actors, and 4 active threads.
Waiting for actors to stop.
Called postfire()
Called prefire()
Called fire()
Checking for deadlock:
There are 3 Blocked actors, 0 Stopped actors, and 4 active threads.
Waiting for actors to stop.
Read input token from inputB with value 7.5
Checking for deadlock:
There are 2 Blocked actors, 0 Stopped actors, and 4 active threads.
Waiting for actors to stop.
Called prefire()
Called fire()
Past the end of training data. Read and discard all inputs.
Checking for deadlock:
There are 3 Blocked actors, 0 Stopped actors, and 4 active threads.
Waiting for actors to stop.
Sent output token with value 6.0
Next port to read input from is inputA
Called postfire()
Called prefire()
Called fire()
Checking for deadlock:
There are 2 Blocked actors, 0 Stopped actors, and 4 active threads.
Waiting for actors to stop.
Called postfire()
Called prefire()
Called fire()
Checking for deadlock:
There are 3 Blocked actors, 0 Stopped actors, and 4 active threads.
Waiting for actors to stop.
Read input token from inputA with value 7.0
Checking for deadlock:
There are 2 Blocked actors, 0 Stopped actors, and 4 active threads.
Waiting for actors to stop.
Called prefire()
Called fire()
Past the end of training data. Read and discard all inputs.
Checking for deadlock:
There are 3 Blocked actors, 0 Stopped actors, and 4 active threads.
Waiting for actors to stop.
Sent output token with value 7.0
Next port to read input from is inputA
Called postfire()
Called prefire()
Called fire()
Checking for deadlock:
There are 2 Blocked actors, 0 Stopped actors, and 4 active threads.
Waiting for actors to stop.
-- Thread wrapup() called.
Called wrapup()
Thread .top.Ramp is exiting.
Checking for deadlock:
There are 2 Blocked actors, 0 Stopped actors, and 3 active threads.
Waiting for actors to stop.
-- Thread stopped.
Read input token from inputA with value 8.0
Checking for deadlock:
There are 1 Blocked actors, 0 Stopped actors, and 3 active threads.
Waiting for actors to stop.
Called prefire()
Called fire()
Past the end of training data. Read and discard all inputs.
Checking for deadlock:
There are 2 Blocked actors, 0 Stopped actors, and 3 active threads.
Waiting for actors to stop.
Sent output token with value 7.5
Next port to read input from is inputB
Called postfire()
Called prefire()
Called fire()
Checking for deadlock:
There are 1 Blocked actors, 0 Stopped actors, and 3 active threads.
Waiting for actors to stop.
Called postfire()
Called prefire()
Called fire()
Checking for deadlock:
There are 2 Blocked actors, 0 Stopped actors, and 3 active threads.
Waiting for actors to stop.
Read input token from inputB with value 9.0
Checking for deadlock:
There are 1 Blocked actors, 0 Stopped actors, and 3 active threads.
Waiting for actors to stop.
Called prefire()
Called fire()
Past the end of training data. Read and discard all inputs.
Checking for deadlock:
There are 2 Blocked actors, 0 Stopped actors, and 3 active threads.
Waiting for actors to stop.
Sent output token with value 8.0
Next port to read input from is inputA
Called postfire()
Called prefire()
Called fire()
Read input token from inputA with value 9.0
Checking for deadlock:
There are 1 Blocked actors, 0 Stopped actors, and 3 active threads.
Waiting for actors to stop.
Called prefire()
Called fire()
Past the end of training data. Read and discard all inputs.
Checking for deadlock:
There are 2 Blocked actors, 0 Stopped actors, and 3 active threads.
Waiting for actors to stop.
Sent output token with value 9.0
Next port to read input from is inputB
Called postfire()
Called prefire()
Called fire()
Checking for deadlock:
There are 1 Blocked actors, 0 Stopped actors, and 3 active threads.
Waiting for actors to stop.
Called postfire()
Called prefire()
Called fire()
Checking for deadlock:
There are 2 Blocked actors, 0 Stopped actors, and 3 active threads.
Waiting for actors to stop.
Read input token from inputB with value 10.5
Checking for deadlock:
There are 1 Blocked actors, 0 Stopped actors, and 3 active threads.
Waiting for actors to stop.
Called prefire()
Called fire()
Past the end of training data. Read and discard all inputs.
Checking for deadlock:
There are 2 Blocked actors, 0 Stopped actors, and 3 active threads.
Waiting for actors to stop.
Sent output token with value 9.0
Next port to read input from is inputA
Called postfire()
Called prefire()
Called fire()
Checking for deadlock:
There are 3 Blocked actors, 0 Stopped actors, and 3 active threads.
Actors have stopped.
Checking for deadlock:
There are 3 Blocked actors, 0 Stopped actors, and 3 active threads.
Deadlock detected.
Resolving Deadlock
Checking for deadlock:
There are 3 Blocked actors, 0 Stopped actors, and 3 active threads.
Artificial Deadlock - increasing queue capacity.
increasing the capacity of receiver ptolemy.actor.TypedIOPort {.top.OrderedMerge.inputB} to 2
Director: Called postfire().
Called postfire().
_stopRequested = false
_stopFireRequested = false
Returning from postfire(): true
Called fire().
Checking for deadlock:
There are 2 Blocked actors, 0 Stopped actors, and 3 active threads.
Waiting for actors to stop.
-- Thread wrapup() called.
Called wrapup()
Thread .top.Ramp2 is exiting.
-- Thread stopped.
Checking for deadlock:
There are 2 Blocked actors, 0 Stopped actors, and 2 active threads.
Actors have stopped.
Checking for deadlock:
There are 2 Blocked actors, 0 Stopped actors, and 2 active threads.
Deadlock detected.
Resolving Deadlock
Checking for deadlock:
There are 2 Blocked actors, 0 Stopped actors, and 2 active threads.
Deadlock detected: no processes blocked on write, but some are blocked on read.
Called postfire().
_stopRequested = false
_stopFireRequested = false
Returning from postfire(): false
Finished deactivating branches.
Called wrapup().
-- Thread wrapup() called.
Called wrapup()
Thread .top.OrderedMerge is exiting.
-- Thread stopped.
-- Blocked Receiver call threw TerminateProcessException.
-- Thread wrapup() called.
Called wrapup()
Thread .top.Test is exiting.
-- Thread stopped.
-- Blocked Receiver call threw TerminateProcessException.
34 ms. Memory: 146944K Free: 114347K (78%)
/home/travis/build/icyphy/ptII/ptolemy/actor/lib/test/Publisher.tcl
12 ms. Memory: 146944K Free: 108412K (74%)
5 ms. Memory: 146944K Free: 102460K (70%)
3 ms. Memory: 146944K Free: 97712K (66%)
3 ms. Memory: 146944K Free: 97712K (66%)
2 ms. Memory: 146944K Free: 96525K (66%)
3 ms. Memory: 146944K Free: 95338K (65%)
2 ms. Memory: 146944K Free: 95338K (65%)
5 ms. Memory: 146944K Free: 94151K (64%)
0 ms. Memory: 146944K Free: 84654K (58%)
3 ms. Memory: 146944K Free: 81093K (55%)
2 ms. Memory: 146944K Free: 80186K (55%)
1 ms. Memory: 208384K Free: 199527K (96%)
5 ms. Memory: 208384K Free: 189734K (91%)
4 ms. Memory: 208384K Free: 180278K (87%)
5 ms. Memory: 208384K Free: 168458K (81%)
/home/travis/build/icyphy/ptII/ptolemy/actor/lib/test/Pulse.tcl
2 ms. Memory: 208384K Free: 125907K (60%)
2 ms. Memory: 208384K Free: 125907K (60%)
1 ms. Memory: 208384K Free: 125907K (60%)
2 ms. Memory: 208384K Free: 123543K (59%)
1 ms. Memory: 208384K Free: 123543K (59%)
2 ms. Memory: 208384K Free: 123543K (59%)
3 ms. Memory: 208384K Free: 121179K (58%)
1 ms. Memory: 208384K Free: 121179K (58%)
1 ms. Memory: 208384K Free: 121179K (58%)
/home/travis/build/icyphy/ptII/ptolemy/actor/lib/test/Ramp.tcl
2 ms. Memory: 208384K Free: 118815K (57%)
2 ms. Memory: 208384K Free: 118815K (57%)
1 ms. Memory: 208384K Free: 116451K (56%)
2 ms. Memory: 208384K Free: 116451K (56%)
3 ms. Memory: 208384K Free: 116451K (56%)
3 ms. Memory: 208384K Free: 114087K (55%)
7 ms. Memory: 208384K Free: 114087K (55%)
5 actors
7000 microseconds per iteration to create
5 ms. Memory: 208384K Free: 111723K (54%)
2 ms. Memory: 208384K Free: 109359K (52%)
2 ms. Memory: 208384K Free: 109359K (52%)
2 ms. Memory: 208384K Free: 109359K (52%)
50 actors
26000 microseconds per iteration to create
25 ms. Memory: 208384K Free: 92811K (45%)
5 ms. Memory: 208384K Free: 92811K (45%)
5 ms. Memory: 208384K Free: 90447K (43%)
4 ms. Memory: 208384K Free: 90447K (43%)
500 actors
1269000 microseconds per iteration to create
256 ms. Memory: 333312K Free: 287469K (86%)
36 ms. Memory: 333312K Free: 277831K (83%)
47 ms. Memory: 333312K Free: 273020K (82%)
49 ms. Memory: 333312K Free: 268209K (80%)
/home/travis/build/icyphy/ptII/ptolemy/actor/lib/test/RampContinuous.tcl
7 ms. Memory: 333312K Free: 268209K (80%)
/home/travis/build/icyphy/ptII/ptolemy/actor/lib/test/RecordAssembler.tcl
4 ms. Memory: 333312K Free: 268209K (80%)
4 ms. Memory: 333312K Free: 263381K (79%)
/home/travis/build/icyphy/ptII/ptolemy/actor/lib/test/RecordDisassembler.tcl
4 ms. Memory: 333312K Free: 263381K (79%)
4 ms. Memory: 333312K Free: 263381K (79%)
5 ms. Memory: 333312K Free: 263381K (79%)
/home/travis/build/icyphy/ptII/ptolemy/actor/lib/test/Scale.tcl
2 ms. Memory: 333312K Free: 258570K (78%)
2 ms. Memory: 333312K Free: 258570K (78%)
1 ms. Memory: 333312K Free: 258570K (78%)
2 ms. Memory: 333312K Free: 258570K (78%)
3 ms. Memory: 333312K Free: 258570K (78%)
/home/travis/build/icyphy/ptII/ptolemy/actor/lib/test/SequentialClock.tcl
preinitializing
resolving types
initializing
executing number 1
wrapping up
idle
6 ms. Memory: 333312K Free: 253759K (76%)
Completed execution with 5 iterations
preinitializing
resolving types
initializing
executing number 1
wrapping up
idle
3 ms. Memory: 333312K Free: 253759K (76%)
Completed execution with 5 iterations
preinitializing
resolving types
initializing
executing number 1
wrapping up
idle
1 ms. Memory: 333312K Free: 253759K (76%)
Completed execution with 5 iterations
/home/travis/build/icyphy/ptII/ptolemy/actor/lib/test/SetVariable.tcl
3 ms. Memory: 333312K Free: 253759K (76%)
/home/travis/build/icyphy/ptII/ptolemy/actor/lib/test/Sinewave.tcl
/home/travis/build/icyphy/ptII/ptolemy/actor/lib/test/SubscriptionAggregator.tcl
3 ms. Memory: 333312K Free: 239293K (72%)
2 ms. Memory: 333312K Free: 239293K (72%)
0 ms. Memory: 333312K Free: 239293K (72%)
0 ms. Memory: 333312K Free: 234466K (70%)
1 ms. Memory: 333312K Free: 234466K (70%)
3 ms. Memory: 333312K Free: 229647K (69%)
...............................................................1030 ms. Memory: 583680K Free: 366733K (63%)
/home/travis/build/icyphy/ptII/ptolemy/actor/lib/test/Test.tcl
 The next command will produce a warning about training mode,
   which may be ignored.
4 ms. Memory: 583680K Free: 357024K (61%)
2 ms. Memory: 583680K Free: 357024K (61%)
1 ms. Memory: 583680K Free: 357024K (61%)
2 ms. Memory: 583680K Free: 357024K (61%)
3 ms. Memory: 583680K Free: 357024K (61%)
3 ms. Memory: 583680K Free: 357024K (61%)
4 ms. Memory: 583680K Free: 357024K (61%)
 The next command will produce a warning about training mode,
   which may be ignored.
6 ms. Memory: 583680K Free: 357024K (61%)
 The next command will produce a warning about training mode,
   which may be ignored.
2 ms. Memory: 583680K Free: 357024K (61%)
8 ms. Memory: 583680K Free: 357024K (61%)
1 ms. Memory: 583680K Free: 347315K (60%)
1 ms. Memory: 583680K Free: 347315K (60%)
2 ms. Memory: 583680K Free: 347315K (60%)
3 ms. Memory: 583680K Free: 347315K (60%)
/home/travis/build/icyphy/ptII/ptolemy/actor/lib/test/TestExceptionHandler.tcl
 The next command will produce a warning about training mode,
   which may be ignored.
2 ms. Memory: 583680K Free: 347315K (60%)
1 ms. Memory: 583680K Free: 347315K (60%)
1 ms. Memory: 583680K Free: 347315K (60%)
/home/travis/build/icyphy/ptII/ptolemy/actor/lib/test/UnionDisassembler.tcl
21 ms. Memory: 583680K Free: 337606K (58%)
/home/travis/build/icyphy/ptII/ptolemy/actor/lib/test/VariableClock.tcl
preinitializing
resolving types
initializing
executing number 1
wrapping up
idle
9 ms. Memory: 583680K Free: 337606K (58%)
Completed execution with 11 iterations
preinitializing
resolving types
initializing
executing number 1
wrapping up
idle
3 ms. Memory: 583680K Free: 337606K (58%)
Completed execution with 10 iterations
12/17/18 03:02:17
Failed: 0  Total Tests: 234  ((Passed: 234, Newly Passed: 0)  Known Failed: 0) /home/travis/build/icyphy/ptII/ptolemy/actor/lib/test
----------------- testing (KnownFailure) /home/travis/build/icyphy/ptII/ptolemy/actor/lib/test/auto/knownFailedTests/PublisherPortToplevelSubscriber.xml
1 ms. Memory: 583680K Free: 318107K (55%)
Known Failure: java.lang.reflect.InvocationTargetException
----------------- testing (KnownFailure) /home/travis/build/icyphy/ptII/ptolemy/actor/lib/test/auto/knownFailedTests/PublisherSubscriberPortToplevel.xml
0 ms. Memory: 583680K Free: 298528K (51%)
Known Failure: java.lang.reflect.InvocationTargetException
----------------- testing (KnownFailure) /home/travis/build/icyphy/ptII/ptolemy/actor/lib/test/auto/knownFailedTests/PublisherSubscriptionAggregatorPort.xml
1 ms. Memory: 583680K Free: 278949K (48%)
Known Failure: java.lang.reflect.InvocationTargetException
----------------- testing (KnownFailure) /home/travis/build/icyphy/ptII/ptolemy/actor/lib/test/auto/knownFailedTests/sizedarray3.xml
8 ms. Memory: 583680K Free: 259370K (44%)
Known Failure: java.lang.reflect.InvocationTargetException
No auto/linux-amd64/*.xml tests in /home/travis/build/icyphy/ptII/ptolemy/actor/lib/test
AutoTests.java: About to close Vertx.
AutoTests.java: Vertx closed.

===========================================================================================
----------------- testing Mon Dec 17 03:02:17 UTC 2018 /home/travis/build/icyphy/ptII/ptolemy/actor/lib/test/auto/AbsoluteValue.xml
----------------- Instantiating /home/travis/build/icyphy/ptII/ptolemy/actor/lib/test/auto/AbsoluteValue.xml
17 ms. Memory: 583680K Free: 181214K (31%)
----------------- Invoking toplevel() on ptolemy.moml.MoMLSimpleApplication@2a10fb3c
----------------- Done invoking toplevel() on ptolemy.moml.MoMLSimpleApplication@2a10fb3c
reloadAllAccessors: .AbsoluteValue

===========================================================================================
----------------- testing Mon Dec 17 03:02:17 UTC 2018 /home/travis/build/icyphy/ptII/ptolemy/actor/lib/test/auto/AbsoluteValue2.xml
----------------- Instantiating /home/travis/build/icyphy/ptII/ptolemy/actor/lib/test/auto/AbsoluteValue2.xml
4 ms. Memory: 583680K Free: 166514K (29%)
----------------- Invoking toplevel() on ptolemy.moml.MoMLSimpleApplication@65a2b364
----------------- Done invoking toplevel() on ptolemy.moml.MoMLSimpleApplication@65a2b364
reloadAllAccessors: .AbsoluteValue2

===========================================================================================
----------------- testing Mon Dec 17 03:02:17 UTC 2018 /home/travis/build/icyphy/ptII/ptolemy/actor/lib/test/auto/Accumulator.xml
----------------- Instantiating /home/travis/build/icyphy/ptII/ptolemy/actor/lib/test/auto/Accumulator.xml
6 ms. Memory: 583680K Free: 147015K (25%)
----------------- Invoking toplevel() on ptolemy.moml.MoMLSimpleApplication@5c8aba01
----------------- Done invoking toplevel() on ptolemy.moml.MoMLSimpleApplication@5c8aba01
reloadAllAccessors: .Accumulator

===========================================================================================
----------------- testing Mon Dec 17 03:02:17 UTC 2018 /home/travis/build/icyphy/ptII/ptolemy/actor/lib/test/auto/Accumulator2.xml
----------------- Instantiating /home/travis/build/icyphy/ptII/ptolemy/actor/lib/test/auto/Accumulator2.xml
4 ms. Memory: 583680K Free: 137226K (24%)
----------------- Invoking toplevel() on ptolemy.moml.MoMLSimpleApplication@31c59f43
----------------- Done invoking toplevel() on ptolemy.moml.MoMLSimpleApplication@31c59f43
reloadAllAccessors: .Accumulator2

===========================================================================================
----------------- testing Mon Dec 17 03:02:17 UTC 2018 /home/travis/build/icyphy/ptII/ptolemy/actor/lib/test/auto/Accumulator3.xml
----------------- Instantiating /home/travis/build/icyphy/ptII/ptolemy/actor/lib/test/auto/Accumulator3.xml
6 ms. Memory: 583680K Free: 127436K (22%)
----------------- Invoking toplevel() on ptolemy.moml.MoMLSimpleApplication@73268a11
----------------- Done invoking toplevel() on ptolemy.moml.MoMLSimpleApplication@73268a11
reloadAllAccessors: .Accumulator3

===========================================================================================
----------------- testing Mon Dec 17 03:02:17 UTC 2018 /home/travis/build/icyphy/ptII/ptolemy/actor/lib/test/auto/ArrayAppend.xml
----------------- Instantiating /home/travis/build/icyphy/ptII/ptolemy/actor/lib/test/auto/ArrayAppend.xml
8 ms. Memory: 583680K Free: 117647K (20%)
----------------- Invoking toplevel() on ptolemy.moml.MoMLSimpleApplication@60052c5a
----------------- Done invoking toplevel() on ptolemy.moml.MoMLSimpleApplication@60052c5a
reloadAllAccessors: .ArrayAppend

===========================================================================================
----------------- testing Mon Dec 17 03:02:18 UTC 2018 /home/travis/build/icyphy/ptII/ptolemy/actor/lib/test/auto/ArrayAppend2.xml
----------------- Instantiating /home/travis/build/icyphy/ptII/ptolemy/actor/lib/test/auto/ArrayAppend2.xml
730 ms. Memory: 583680K Free: 491285K (84%)
----------------- Invoking toplevel() on ptolemy.moml.MoMLSimpleApplication@7015a2f3
----------------- Done invoking toplevel() on ptolemy.moml.MoMLSimpleApplication@7015a2f3
reloadAllAccessors: .ArrayAppend2

===========================================================================================
----------------- testing Mon Dec 17 03:02:18 UTC 2018 /home/travis/build/icyphy/ptII/ptolemy/actor/lib/test/auto/ArrayAppend3.xml
----------------- Instantiating /home/travis/build/icyphy/ptII/ptolemy/actor/lib/test/auto/ArrayAppend3.xml
2 ms. Memory: 583680K Free: 474009K (81%)
----------------- Invoking toplevel() on ptolemy.moml.MoMLSimpleApplication@514ea451
----------------- Done invoking toplevel() on ptolemy.moml.MoMLSimpleApplication@514ea451
reloadAllAccessors: .ArrayAppend3

===========================================================================================
----------------- testing Mon Dec 17 03:02:18 UTC 2018 /home/travis/build/icyphy/ptII/ptolemy/actor/lib/test/auto/ArrayAppend4.xml
----------------- Instantiating /home/travis/build/icyphy/ptII/ptolemy/actor/lib/test/auto/ArrayAppend4.xml
2 ms. Memory: 583680K Free: 467483K (80%)
----------------- Invoking toplevel() on ptolemy.moml.MoMLSimpleApplication@36654fde
----------------- Done invoking toplevel() on ptolemy.moml.MoMLSimpleApplication@36654fde
reloadAllAccessors: .ArrayAppend4

===========================================================================================
----------------- testing Mon Dec 17 03:02:18 UTC 2018 /home/travis/build/icyphy/ptII/ptolemy/actor/lib/test/auto/ArrayAppend5.xml
----------------- Instantiating /home/travis/build/icyphy/ptII/ptolemy/actor/lib/test/auto/ArrayAppend5.xml
4 ms. Memory: 583680K Free: 460956K (79%)
----------------- Invoking toplevel() on ptolemy.moml.MoMLSimpleApplication@51bc2c9b
----------------- Done invoking toplevel() on ptolemy.moml.MoMLSimpleApplication@51bc2c9b
reloadAllAccessors: .ArrayAppend5

===========================================================================================
----------------- testing Mon Dec 17 03:02:18 UTC 2018 /home/travis/build/icyphy/ptII/ptolemy/actor/lib/test/auto/ArrayAppend6.xml
----------------- Instantiating /home/travis/build/icyphy/ptII/ptolemy/actor/lib/test/auto/ArrayAppend6.xml
2 ms. Memory: 583680K Free: 446284K (76%)
----------------- Invoking toplevel() on ptolemy.moml.MoMLSimpleApplication@efcf3fc
----------------- Done invoking toplevel() on ptolemy.moml.MoMLSimpleApplication@efcf3fc
reloadAllAccessors: .ArrayAppend6

===========================================================================================
----------------- testing Mon Dec 17 03:02:18 UTC 2018 /home/travis/build/icyphy/ptII/ptolemy/actor/lib/test/auto/ArrayAppendPerformanceTest.xml
----------------- Instantiating /home/travis/build/icyphy/ptII/ptolemy/actor/lib/test/auto/ArrayAppendPerformanceTest.xml
16 ms. Memory: 583680K Free: 433199K (74%)
----------------- Invoking toplevel() on ptolemy.moml.MoMLSimpleApplication@15ef2ba2
----------------- Done invoking toplevel() on ptolemy.moml.MoMLSimpleApplication@15ef2ba2
reloadAllAccessors: .ArrayAppendPerformanceTest

===========================================================================================
----------------- testing Mon Dec 17 03:02:19 UTC 2018 /home/travis/build/icyphy/ptII/ptolemy/actor/lib/test/auto/ArrayAppendWithEmptyInput.xml
----------------- Instantiating /home/travis/build/icyphy/ptII/ptolemy/actor/lib/test/auto/ArrayAppendWithEmptyInput.xml
20 ms. Memory: 583680K Free: 418499K (72%)
----------------- Invoking toplevel() on ptolemy.moml.MoMLSimpleApplication@2aff8f54
----------------- Done invoking toplevel() on ptolemy.moml.MoMLSimpleApplication@2aff8f54
reloadAllAccessors: .ArrayAppendWithEmptyInput

===========================================================================================
----------------- testing Mon Dec 17 03:02:19 UTC 2018 /home/travis/build/icyphy/ptII/ptolemy/actor/lib/test/auto/ArrayAverage.xml
----------------- Instantiating /home/travis/build/icyphy/ptII/ptolemy/actor/lib/test/auto/ArrayAverage.xml
5 ms. Memory: 583680K Free: 408694K (70%)
----------------- Invoking toplevel() on ptolemy.moml.MoMLSimpleApplication@4f18258d
----------------- Done invoking toplevel() on ptolemy.moml.MoMLSimpleApplication@4f18258d
reloadAllAccessors: .ArrayAverage

===========================================================================================
----------------- testing Mon Dec 17 03:02:19 UTC 2018 /home/travis/build/icyphy/ptII/ptolemy/actor/lib/test/auto/ArrayContains.xml
----------------- Instantiating /home/travis/build/icyphy/ptII/ptolemy/actor/lib/test/auto/ArrayContains.xml
13 ms. Memory: 583680K Free: 390742K (67%)
----------------- Invoking toplevel() on ptolemy.moml.MoMLSimpleApplication@26286c7a
----------------- Done invoking toplevel() on ptolemy.moml.MoMLSimpleApplication@26286c7a
reloadAllAccessors: .ArrayContains

===========================================================================================
----------------- testing Mon Dec 17 03:02:19 UTC 2018 /home/travis/build/icyphy/ptII/ptolemy/actor/lib/test/auto/ArrayElement.xml
----------------- Instantiating /home/travis/build/icyphy/ptII/ptolemy/actor/lib/test/auto/ArrayElement.xml
4 ms. Memory: 583680K Free: 384216K (66%)
----------------- Invoking toplevel() on ptolemy.moml.MoMLSimpleApplication@432b8e0
----------------- Done invoking toplevel() on ptolemy.moml.MoMLSimpleApplication@432b8e0
reloadAllAccessors: .ArrayElement

===========================================================================================
----------------- testing Mon Dec 17 03:02:19 UTC 2018 /home/travis/build/icyphy/ptII/ptolemy/actor/lib/test/auto/ArrayElementAsMatrix.xml
----------------- Instantiating /home/travis/build/icyphy/ptII/ptolemy/actor/lib/test/auto/ArrayElementAsMatrix.xml
21 ms. Memory: 583680K Free: 374426K (64%)
----------------- Invoking toplevel() on ptolemy.moml.MoMLSimpleApplication@437d2baf
----------------- Done invoking toplevel() on ptolemy.moml.MoMLSimpleApplication@437d2baf
reloadAllAccessors: .ArrayElementAsMatrix

===========================================================================================
----------------- testing Mon Dec 17 03:02:19 UTC 2018 /home/travis/build/icyphy/ptII/ptolemy/actor/lib/test/auto/ArrayElementI.xml
----------------- Instantiating /home/travis/build/icyphy/ptII/ptolemy/actor/lib/test/auto/ArrayElementI.xml
4 ms. Memory: 583680K Free: 367900K (63%)
----------------- Invoking toplevel() on ptolemy.moml.MoMLSimpleApplication@3d0c7880
----------------- Done invoking toplevel() on ptolemy.moml.MoMLSimpleApplication@3d0c7880
reloadAllAccessors: .ArrayElementI

===========================================================================================
----------------- testing Mon Dec 17 03:02:19 UTC 2018 /home/travis/build/icyphy/ptII/ptolemy/actor/lib/test/auto/ArrayExtract.xml
----------------- Instantiating /home/travis/build/icyphy/ptII/ptolemy/actor/lib/test/auto/ArrayExtract.xml
4 ms. Memory: 583680K Free: 349948K (60%)
----------------- Invoking toplevel() on ptolemy.moml.MoMLSimpleApplication@41ff1c3c
----------------- Done invoking toplevel() on ptolemy.moml.MoMLSimpleApplication@41ff1c3c
reloadAllAccessors: .ArrayExtract

===========================================================================================
----------------- testing Mon Dec 17 03:02:19 UTC 2018 /home/travis/build/icyphy/ptII/ptolemy/actor/lib/test/auto/ArrayExtract2.xml
----------------- Instantiating /home/travis/build/icyphy/ptII/ptolemy/actor/lib/test/auto/ArrayExtract2.xml
2 ms. Memory: 583680K Free: 343422K (59%)
----------------- Invoking toplevel() on ptolemy.moml.MoMLSimpleApplication@4c994a50
----------------- Done invoking toplevel() on ptolemy.moml.MoMLSimpleApplication@4c994a50
reloadAllAccessors: .ArrayExtract2

===========================================================================================
----------------- testing Mon Dec 17 03:02:19 UTC 2018 /home/travis/build/icyphy/ptII/ptolemy/actor/lib/test/auto/ArrayLength.xml
----------------- Instantiating /home/travis/build/icyphy/ptII/ptolemy/actor/lib/test/auto/ArrayLength.xml
2 ms. Memory: 583680K Free: 336896K (58%)
----------------- Invoking toplevel() on ptolemy.moml.MoMLSimpleApplication@29392e7a
----------------- Done invoking toplevel() on ptolemy.moml.MoMLSimpleApplication@29392e7a
reloadAllAccessors: .ArrayLength

===========================================================================================
----------------- testing Mon Dec 17 03:02:19 UTC 2018 /home/travis/build/icyphy/ptII/ptolemy/actor/lib/test/auto/ArrayLevelCrossing.xml
----------------- Instantiating /home/travis/build/icyphy/ptII/ptolemy/actor/lib/test/auto/ArrayLevelCrossing.xml
3 ms. Memory: 583680K Free: 318960K (55%)
----------------- Invoking toplevel() on ptolemy.moml.MoMLSimpleApplication@3e8f65a2
----------------- Done invoking toplevel() on ptolemy.moml.MoMLSimpleApplication@3e8f65a2
reloadAllAccessors: .ArrayLevelCrossing

===========================================================================================
----------------- testing Mon Dec 17 03:02:19 UTC 2018 /home/travis/build/icyphy/ptII/ptolemy/actor/lib/test/auto/ArrayLevelCrossing2.xml
----------------- Instantiating /home/travis/build/icyphy/ptII/ptolemy/actor/lib/test/auto/ArrayLevelCrossing2.xml
2 ms. Memory: 583680K Free: 309171K (53%)
----------------- Invoking toplevel() on ptolemy.moml.MoMLSimpleApplication@4723291c
----------------- Done invoking toplevel() on ptolemy.moml.MoMLSimpleApplication@4723291c
reloadAllAccessors: .ArrayLevelCrossing2

===========================================================================================
----------------- testing Mon Dec 17 03:02:19 UTC 2018 /home/travis/build/icyphy/ptII/ptolemy/actor/lib/test/auto/ArrayPeakSearch.xml
----------------- Instantiating /home/travis/build/icyphy/ptII/ptolemy/actor/lib/test/auto/ArrayPeakSearch.xml
3 ms. Memory: 583680K Free: 296102K (51%)
----------------- Invoking toplevel() on ptolemy.moml.MoMLSimpleApplication@645d0007
----------------- Done invoking toplevel() on ptolemy.moml.MoMLSimpleApplication@645d0007
reloadAllAccessors: .ArrayPeakSearch

===========================================================================================
----------------- testing Mon Dec 17 03:02:19 UTC 2018 /home/travis/build/icyphy/ptII/ptolemy/actor/lib/test/auto/ArrayPeakSearch2.xml
----------------- Instantiating /home/travis/build/icyphy/ptII/ptolemy/actor/lib/test/auto/ArrayPeakSearch2.xml
5 ms. Memory: 583680K Free: 283017K (48%)
----------------- Invoking toplevel() on ptolemy.moml.MoMLSimpleApplication@1c360f17
----------------- Done invoking toplevel() on ptolemy.moml.MoMLSimpleApplication@1c360f17
reloadAllAccessors: .ArrayPeakSearch2

===========================================================================================
----------------- testing Mon Dec 17 03:02:19 UTC 2018 /home/travis/build/icyphy/ptII/ptolemy/actor/lib/test/auto/ArrayPeakSearch3.xml
----------------- Instantiating /home/travis/build/icyphy/ptII/ptolemy/actor/lib/test/auto/ArrayPeakSearch3.xml
6 ms. Memory: 583680K Free: 261810K (45%)
----------------- Invoking toplevel() on ptolemy.moml.MoMLSimpleApplication@4ec556d6
----------------- Done invoking toplevel() on ptolemy.moml.MoMLSimpleApplication@4ec556d6
reloadAllAccessors: .ArrayPeakSearch3

===========================================================================================
----------------- testing Mon Dec 17 03:02:19 UTC 2018 /home/travis/build/icyphy/ptII/ptolemy/actor/lib/test/auto/ArrayRemoveElement.xml
----------------- Instantiating /home/travis/build/icyphy/ptII/ptolemy/actor/lib/test/auto/ArrayRemoveElement.xml
8 ms. Memory: 583680K Free: 252004K (43%)
----------------- Invoking toplevel() on ptolemy.moml.MoMLSimpleApplication@79267e5
----------------- Done invoking toplevel() on ptolemy.moml.MoMLSimpleApplication@79267e5
reloadAllAccessors: .ArrayRemoveElement

===========================================================================================
----------------- testing Mon Dec 17 03:02:19 UTC 2018 /home/travis/build/icyphy/ptII/ptolemy/actor/lib/test/auto/ArraySort.xml
----------------- Instantiating /home/travis/build/icyphy/ptII/ptolemy/actor/lib/test/auto/ArraySort.xml
7 ms. Memory: 583680K Free: 238936K (41%)
----------------- Invoking toplevel() on ptolemy.moml.MoMLSimpleApplication@723a4ac2
----------------- Done invoking toplevel() on ptolemy.moml.MoMLSimpleApplication@723a4ac2
reloadAllAccessors: .ArraySort

===========================================================================================
----------------- testing Mon Dec 17 03:02:19 UTC 2018 /home/travis/build/icyphy/ptII/ptolemy/actor/lib/test/auto/ArraySum.xml
----------------- Instantiating /home/travis/build/icyphy/ptII/ptolemy/actor/lib/test/auto/ArraySum.xml
6 ms. Memory: 583680K Free: 229146K (39%)
----------------- Invoking toplevel() on ptolemy.moml.MoMLSimpleApplication@7f9da358
----------------- Done invoking toplevel() on ptolemy.moml.MoMLSimpleApplication@7f9da358
reloadAllAccessors: .ArraySum

===========================================================================================
----------------- testing Mon Dec 17 03:02:19 UTC 2018 /home/travis/build/icyphy/ptII/ptolemy/actor/lib/test/auto/ArrayToElements.xml
----------------- Instantiating /home/travis/build/icyphy/ptII/ptolemy/actor/lib/test/auto/ArrayToElements.xml
3 ms. Memory: 583680K Free: 211195K (36%)
----------------- Invoking toplevel() on ptolemy.moml.MoMLSimpleApplication@232bce5a
----------------- Done invoking toplevel() on ptolemy.moml.MoMLSimpleApplication@232bce5a
reloadAllAccessors: .ArrayToElements

===========================================================================================
----------------- testing Mon Dec 17 03:02:19 UTC 2018 /home/travis/build/icyphy/ptII/ptolemy/actor/lib/test/auto/ArrayToMatrix.xml
----------------- Instantiating /home/travis/build/icyphy/ptII/ptolemy/actor/lib/test/auto/ArrayToMatrix.xml
6 ms. Memory: 583680K Free: 191599K (33%)
----------------- Invoking toplevel() on ptolemy.moml.MoMLSimpleApplication@deaa199
----------------- Done invoking toplevel() on ptolemy.moml.MoMLSimpleApplication@deaa199
reloadAllAccessors: .ArrayToMatrix

===========================================================================================
----------------- testing Mon Dec 17 03:02:19 UTC 2018 /home/travis/build/icyphy/ptII/ptolemy/actor/lib/test/auto/ArrayUpdate1.xml
----------------- Instantiating /home/travis/build/icyphy/ptII/ptolemy/actor/lib/test/auto/ArrayUpdate1.xml
8 ms. Memory: 583680K Free: 185073K (32%)
----------------- Invoking toplevel() on ptolemy.moml.MoMLSimpleApplication@478de64e
----------------- Done invoking toplevel() on ptolemy.moml.MoMLSimpleApplication@478de64e
reloadAllAccessors: .ArrayUpdate1

===========================================================================================
----------------- testing Mon Dec 17 03:02:19 UTC 2018 /home/travis/build/icyphy/ptII/ptolemy/actor/lib/test/auto/ArrayUpdate2.xml
----------------- Instantiating /home/travis/build/icyphy/ptII/ptolemy/actor/lib/test/auto/ArrayUpdate2.xml
7 ms. Memory: 583680K Free: 167121K (29%)
----------------- Invoking toplevel() on ptolemy.moml.MoMLSimpleApplication@e8dcec3
----------------- Done invoking toplevel() on ptolemy.moml.MoMLSimpleApplication@e8dcec3
reloadAllAccessors: .ArrayUpdate2

===========================================================================================
----------------- testing Mon Dec 17 03:02:19 UTC 2018 /home/travis/build/icyphy/ptII/ptolemy/actor/lib/test/auto/ArrayUpdate3.xml
----------------- Instantiating /home/travis/build/icyphy/ptII/ptolemy/actor/lib/test/auto/ArrayUpdate3.xml
2 ms. Memory: 583680K Free: 160595K (28%)
----------------- Invoking toplevel() on ptolemy.moml.MoMLSimpleApplication@774a6149
----------------- Done invoking toplevel() on ptolemy.moml.MoMLSimpleApplication@774a6149
reloadAllAccessors: .ArrayUpdate3

===========================================================================================
----------------- testing Mon Dec 17 03:02:19 UTC 2018 /home/travis/build/icyphy/ptII/ptolemy/actor/lib/test/auto/Assert1.xml
----------------- Instantiating /home/travis/build/icyphy/ptII/ptolemy/actor/lib/test/auto/Assert1.xml
3 ms. Memory: 583680K Free: 154069K (26%)
----------------- Invoking toplevel() on ptolemy.moml.MoMLSimpleApplication@45956c4f
----------------- Done invoking toplevel() on ptolemy.moml.MoMLSimpleApplication@45956c4f
reloadAllAccessors: .Assert1

===========================================================================================
----------------- testing Mon Dec 17 03:02:19 UTC 2018 /home/travis/build/icyphy/ptII/ptolemy/actor/lib/test/auto/Assert2.xml
----------------- Instantiating /home/travis/build/icyphy/ptII/ptolemy/actor/lib/test/auto/Assert2.xml
6 ms. Memory: 583680K Free: 147542K (25%)
----------------- Invoking toplevel() on ptolemy.moml.MoMLSimpleApplication@1774b7a7
----------------- Done invoking toplevel() on ptolemy.moml.MoMLSimpleApplication@1774b7a7
reloadAllAccessors: .Assert2

===========================================================================================
----------------- testing Mon Dec 17 03:02:19 UTC 2018 /home/travis/build/icyphy/ptII/ptolemy/actor/lib/test/auto/BooleanMultiplexor.xml
----------------- Instantiating /home/travis/build/icyphy/ptII/ptolemy/actor/lib/test/auto/BooleanMultiplexor.xml
2 ms. Memory: 583680K Free: 129590K (22%)
----------------- Invoking toplevel() on ptolemy.moml.MoMLSimpleApplication@261470e3
----------------- Done invoking toplevel() on ptolemy.moml.MoMLSimpleApplication@261470e3
reloadAllAccessors: .BooleanMultiplexor

===========================================================================================
----------------- testing Mon Dec 17 03:02:19 UTC 2018 /home/travis/build/icyphy/ptII/ptolemy/actor/lib/test/auto/BooleanMultiplexor2.xml
----------------- Instantiating /home/travis/build/icyphy/ptII/ptolemy/actor/lib/test/auto/BooleanMultiplexor2.xml
3 ms. Memory: 583680K Free: 119801K (21%)
----------------- Invoking toplevel() on ptolemy.moml.MoMLSimpleApplication@2383d5df
----------------- Done invoking toplevel() on ptolemy.moml.MoMLSimpleApplication@2383d5df
reloadAllAccessors: .BooleanMultiplexor2

===========================================================================================
----------------- testing Mon Dec 17 03:02:19 UTC 2018 /home/travis/build/icyphy/ptII/ptolemy/actor/lib/test/auto/BooleanMultiplexor3.xml
----------------- Instantiating /home/travis/build/icyphy/ptII/ptolemy/actor/lib/test/auto/BooleanMultiplexor3.xml
4 ms. Memory: 583680K Free: 113275K (19%)
----------------- Invoking toplevel() on ptolemy.moml.MoMLSimpleApplication@2de3eb51
----------------- Done invoking toplevel() on ptolemy.moml.MoMLSimpleApplication@2de3eb51
reloadAllAccessors: .BooleanMultiplexor3

===========================================================================================
----------------- testing Mon Dec 17 03:02:19 UTC 2018 /home/travis/build/icyphy/ptII/ptolemy/actor/lib/test/auto/BooleanSelect.xml
----------------- Instantiating /home/travis/build/icyphy/ptII/ptolemy/actor/lib/test/auto/BooleanSelect.xml
7 ms. Memory: 583680K Free: 103469K (18%)
----------------- Invoking toplevel() on ptolemy.moml.MoMLSimpleApplication@1db5ecd7
----------------- Done invoking toplevel() on ptolemy.moml.MoMLSimpleApplication@1db5ecd7
reloadAllAccessors: .BooleanSelect

===========================================================================================
----------------- testing Mon Dec 17 03:02:20 UTC 2018 /home/travis/build/icyphy/ptII/ptolemy/actor/lib/test/auto/BooleanSelect2.xml
----------------- Instantiating /home/travis/build/icyphy/ptII/ptolemy/actor/lib/test/auto/BooleanSelect2.xml
1 ms. Memory: 583680K Free: 88797K (15%)
----------------- Invoking toplevel() on ptolemy.moml.MoMLSimpleApplication@33ed35c7
----------------- Done invoking toplevel() on ptolemy.moml.MoMLSimpleApplication@33ed35c7
reloadAllAccessors: .BooleanSelect2

===========================================================================================
----------------- testing Mon Dec 17 03:02:20 UTC 2018 /home/travis/build/icyphy/ptII/ptolemy/actor/lib/test/auto/BooleanSwitch.xml
----------------- Instantiating /home/travis/build/icyphy/ptII/ptolemy/actor/lib/test/auto/BooleanSwitch.xml
5 ms. Memory: 583680K Free: 79007K (14%)
----------------- Invoking toplevel() on ptolemy.moml.MoMLSimpleApplication@4f806d8c
----------------- Done invoking toplevel() on ptolemy.moml.MoMLSimpleApplication@4f806d8c
reloadAllAccessors: .BooleanSwitch

===========================================================================================
----------------- testing Mon Dec 17 03:02:20 UTC 2018 /home/travis/build/icyphy/ptII/ptolemy/actor/lib/test/auto/BooleanSwitch2.xml
----------------- Instantiating /home/travis/build/icyphy/ptII/ptolemy/actor/lib/test/auto/BooleanSwitch2.xml
1 ms. Memory: 583680K Free: 72481K (12%)
----------------- Invoking toplevel() on ptolemy.moml.MoMLSimpleApplication@7e6d5edc
----------------- Done invoking toplevel() on ptolemy.moml.MoMLSimpleApplication@7e6d5edc
reloadAllAccessors: .BooleanSwitch2

===========================================================================================
----------------- testing Mon Dec 17 03:02:20 UTC 2018 /home/travis/build/icyphy/ptII/ptolemy/actor/lib/test/auto/BooleanSwitchCloningBugWithClassRelationGroup.xml
----------------- Instantiating /home/travis/build/icyphy/ptII/ptolemy/actor/lib/test/auto/BooleanSwitchCloningBugWithClassRelationGroup.xml
3 ms. Memory: 583680K Free: 54530K (9%)
----------------- Invoking toplevel() on ptolemy.moml.MoMLSimpleApplication@605ea02a
----------------- Done invoking toplevel() on ptolemy.moml.MoMLSimpleApplication@605ea02a
reloadAllAccessors: .BooleanSwitchCloningBugWithClassRelationGroup

===========================================================================================
----------------- testing Mon Dec 17 03:02:20 UTC 2018 /home/travis/build/icyphy/ptII/ptolemy/actor/lib/test/auto/BusActors.xml
----------------- Instantiating /home/travis/build/icyphy/ptII/ptolemy/actor/lib/test/auto/BusActors.xml
4 ms. Memory: 883712K Free: 831428K (94%)
----------------- Invoking toplevel() on ptolemy.moml.MoMLSimpleApplication@1bf89cd8
----------------- Done invoking toplevel() on ptolemy.moml.MoMLSimpleApplication@1bf89cd8
reloadAllAccessors: .BusActors

===========================================================================================
----------------- testing Mon Dec 17 03:02:20 UTC 2018 /home/travis/build/icyphy/ptII/ptolemy/actor/lib/test/auto/ClassWrapper.xml
----------------- Instantiating /home/travis/build/icyphy/ptII/ptolemy/actor/lib/test/auto/ClassWrapper.xml
2 ms. Memory: 883712K Free: 814196K (92%)
----------------- Invoking toplevel() on ptolemy.moml.MoMLSimpleApplication@7573f6b6
----------------- Done invoking toplevel() on ptolemy.moml.MoMLSimpleApplication@7573f6b6
reloadAllAccessors: .ClassWrapper

===========================================================================================
----------------- testing Mon Dec 17 03:02:20 UTC 2018 /home/travis/build/icyphy/ptII/ptolemy/actor/lib/test/auto/Clock.xml
----------------- Instantiating /home/travis/build/icyphy/ptII/ptolemy/actor/lib/test/auto/Clock.xml
1 ms. Memory: 883712K Free: 806200K (91%)
----------------- Invoking toplevel() on ptolemy.moml.MoMLSimpleApplication@3c39a9a9
----------------- Done invoking toplevel() on ptolemy.moml.MoMLSimpleApplication@3c39a9a9
reloadAllAccessors: .Clock

===========================================================================================
----------------- testing Mon Dec 17 03:02:20 UTC 2018 /home/travis/build/icyphy/ptII/ptolemy/actor/lib/test/auto/Clock10.xml
----------------- Instantiating /home/travis/build/icyphy/ptII/ptolemy/actor/lib/test/auto/Clock10.xml
2 ms. Memory: 883712K Free: 798366K (90%)
----------------- Invoking toplevel() on ptolemy.moml.MoMLSimpleApplication@4585f8d1
----------------- Done invoking toplevel() on ptolemy.moml.MoMLSimpleApplication@4585f8d1
reloadAllAccessors: .Clock10

===========================================================================================
----------------- testing Mon Dec 17 03:02:20 UTC 2018 /home/travis/build/icyphy/ptII/ptolemy/actor/lib/test/auto/Clock11.xml
----------------- Instantiating /home/travis/build/icyphy/ptII/ptolemy/actor/lib/test/auto/Clock11.xml
2 ms. Memory: 883712K Free: 790532K (89%)
----------------- Invoking toplevel() on ptolemy.moml.MoMLSimpleApplication@1a6f801a
----------------- Done invoking toplevel() on ptolemy.moml.MoMLSimpleApplication@1a6f801a
reloadAllAccessors: .Clock11

===========================================================================================
----------------- testing Mon Dec 17 03:02:20 UTC 2018 /home/travis/build/icyphy/ptII/ptolemy/actor/lib/test/auto/Clock12.xml
----------------- Instantiating /home/travis/build/icyphy/ptII/ptolemy/actor/lib/test/auto/Clock12.xml
2 ms. Memory: 883712K Free: 773300K (88%)
----------------- Invoking toplevel() on ptolemy.moml.MoMLSimpleApplication@2b7db133
----------------- Done invoking toplevel() on ptolemy.moml.MoMLSimpleApplication@2b7db133
reloadAllAccessors: .Clock12

===========================================================================================
----------------- testing Mon Dec 17 03:02:20 UTC 2018 /home/travis/build/icyphy/ptII/ptolemy/actor/lib/test/auto/Clock13.xml
----------------- Instantiating /home/travis/build/icyphy/ptII/ptolemy/actor/lib/test/auto/Clock13.xml
1 ms. Memory: 883712K Free: 765467K (87%)
----------------- Invoking toplevel() on ptolemy.moml.MoMLSimpleApplication@331ef216
----------------- Done invoking toplevel() on ptolemy.moml.MoMLSimpleApplication@331ef216
reloadAllAccessors: .Clock13

===========================================================================================
----------------- testing Mon Dec 17 03:02:20 UTC 2018 /home/travis/build/icyphy/ptII/ptolemy/actor/lib/test/auto/Clock14.xml
----------------- Instantiating /home/travis/build/icyphy/ptII/ptolemy/actor/lib/test/auto/Clock14.xml
3 ms. Memory: 883712K Free: 757633K (86%)
----------------- Invoking toplevel() on ptolemy.moml.MoMLSimpleApplication@4c22da58
----------------- Done invoking toplevel() on ptolemy.moml.MoMLSimpleApplication@4c22da58
reloadAllAccessors: .Clock14

===========================================================================================
----------------- testing Mon Dec 17 03:02:20 UTC 2018 /home/travis/build/icyphy/ptII/ptolemy/actor/lib/test/auto/Clock15.xml
----------------- Instantiating /home/travis/build/icyphy/ptII/ptolemy/actor/lib/test/auto/Clock15.xml
6 ms. Memory: 883712K Free: 749799K (85%)
----------------- Invoking toplevel() on ptolemy.moml.MoMLSimpleApplication@6419ff37
----------------- Done invoking toplevel() on ptolemy.moml.MoMLSimpleApplication@6419ff37
reloadAllAccessors: .Clock15

===========================================================================================
----------------- testing Mon Dec 17 03:02:20 UTC 2018 /home/travis/build/icyphy/ptII/ptolemy/actor/lib/test/auto/Clock16.xml
----------------- Instantiating /home/travis/build/icyphy/ptII/ptolemy/actor/lib/test/auto/Clock16.xml
27 ms. Memory: 883712K Free: 724726K (82%)
----------------- Invoking toplevel() on ptolemy.moml.MoMLSimpleApplication@42ebfb92
----------------- Done invoking toplevel() on ptolemy.moml.MoMLSimpleApplication@42ebfb92
reloadAllAccessors: .Clock16

===========================================================================================
----------------- testing Mon Dec 17 03:02:20 UTC 2018 /home/travis/build/icyphy/ptII/ptolemy/actor/lib/test/auto/Clock17.xml
----------------- Instantiating /home/travis/build/icyphy/ptII/ptolemy/actor/lib/test/auto/Clock17.xml
27 ms. Memory: 883712K Free: 709042K (80%)
----------------- Invoking toplevel() on ptolemy.moml.MoMLSimpleApplication@10e578f7
----------------- Done invoking toplevel() on ptolemy.moml.MoMLSimpleApplication@10e578f7
reloadAllAccessors: .Clock17

===========================================================================================
----------------- testing Mon Dec 17 03:02:20 UTC 2018 /home/travis/build/icyphy/ptII/ptolemy/actor/lib/test/auto/Clock18.xml
----------------- Instantiating /home/travis/build/icyphy/ptII/ptolemy/actor/lib/test/auto/Clock18.xml
21 ms. Memory: 883712K Free: 693375K (78%)
----------------- Invoking toplevel() on ptolemy.moml.MoMLSimpleApplication@75b9a5ef
----------------- Done invoking toplevel() on ptolemy.moml.MoMLSimpleApplication@75b9a5ef
reloadAllAccessors: .Clock18

===========================================================================================
----------------- testing Mon Dec 17 03:02:20 UTC 2018 /home/travis/build/icyphy/ptII/ptolemy/actor/lib/test/auto/Clock19.xml
----------------- Instantiating /home/travis/build/icyphy/ptII/ptolemy/actor/lib/test/auto/Clock19.xml
13 ms. Memory: 883712K Free: 677699K (77%)
----------------- Invoking toplevel() on ptolemy.moml.MoMLSimpleApplication@3441c8d4
----------------- Done invoking toplevel() on ptolemy.moml.MoMLSimpleApplication@3441c8d4
reloadAllAccessors: .Clock19

===========================================================================================
----------------- testing Mon Dec 17 03:02:20 UTC 2018 /home/travis/build/icyphy/ptII/ptolemy/actor/lib/test/auto/Clock2.xml
----------------- Instantiating /home/travis/build/icyphy/ptII/ptolemy/actor/lib/test/auto/Clock2.xml
7 ms. Memory: 883712K Free: 660467K (75%)
----------------- Invoking toplevel() on ptolemy.moml.MoMLSimpleApplication@402aac2a
----------------- Done invoking toplevel() on ptolemy.moml.MoMLSimpleApplication@402aac2a
reloadAllAccessors: .Clock2

===========================================================================================
----------------- testing Mon Dec 17 03:02:20 UTC 2018 /home/travis/build/icyphy/ptII/ptolemy/actor/lib/test/auto/Clock20.xml
----------------- Instantiating /home/travis/build/icyphy/ptII/ptolemy/actor/lib/test/auto/Clock20.xml
3 ms. Memory: 883712K Free: 652634K (74%)
----------------- Invoking toplevel() on ptolemy.moml.MoMLSimpleApplication@402d7fda
----------------- Done invoking toplevel() on ptolemy.moml.MoMLSimpleApplication@402d7fda
reloadAllAccessors: .Clock20

===========================================================================================
----------------- testing Mon Dec 17 03:02:20 UTC 2018 /home/travis/build/icyphy/ptII/ptolemy/actor/lib/test/auto/Clock21.xml
----------------- Instantiating /home/travis/build/icyphy/ptII/ptolemy/actor/lib/test/auto/Clock21.xml
1 ms. Memory: 883712K Free: 644800K (73%)
----------------- Invoking toplevel() on ptolemy.moml.MoMLSimpleApplication@4dd9b264
----------------- Done invoking toplevel() on ptolemy.moml.MoMLSimpleApplication@4dd9b264
reloadAllAccessors: .Clock21

===========================================================================================
----------------- testing Mon Dec 17 03:02:20 UTC 2018 /home/travis/build/icyphy/ptII/ptolemy/actor/lib/test/auto/Clock22.xml
----------------- Instantiating /home/travis/build/icyphy/ptII/ptolemy/actor/lib/test/auto/Clock22.xml
2 ms. Memory: 883712K Free: 636966K (72%)
----------------- Invoking toplevel() on ptolemy.moml.MoMLSimpleApplication@10c7493d
----------------- Done invoking toplevel() on ptolemy.moml.MoMLSimpleApplication@10c7493d
reloadAllAccessors: .Clock22

===========================================================================================
----------------- testing Mon Dec 17 03:02:20 UTC 2018 /home/travis/build/icyphy/ptII/ptolemy/actor/lib/test/auto/Clock23.xml
----------------- Instantiating /home/travis/build/icyphy/ptII/ptolemy/actor/lib/test/auto/Clock23.xml
2 ms. Memory: 883712K Free: 619734K (70%)
----------------- Invoking toplevel() on ptolemy.moml.MoMLSimpleApplication@5f8551e8
----------------- Done invoking toplevel() on ptolemy.moml.MoMLSimpleApplication@5f8551e8
reloadAllAccessors: .Clock23

===========================================================================================
----------------- testing Mon Dec 17 03:02:20 UTC 2018 /home/travis/build/icyphy/ptII/ptolemy/actor/lib/test/auto/Clock24.xml
----------------- Instantiating /home/travis/build/icyphy/ptII/ptolemy/actor/lib/test/auto/Clock24.xml
2 ms. Memory: 883712K Free: 611900K (69%)
----------------- Invoking toplevel() on ptolemy.moml.MoMLSimpleApplication@7ae93f9d
----------------- Done invoking toplevel() on ptolemy.moml.MoMLSimpleApplication@7ae93f9d
reloadAllAccessors: .Clock24

===========================================================================================
----------------- testing Mon Dec 17 03:02:20 UTC 2018 /home/travis/build/icyphy/ptII/ptolemy/actor/lib/test/auto/Clock4.xml
----------------- Instantiating /home/travis/build/icyphy/ptII/ptolemy/actor/lib/test/auto/Clock4.xml
1 ms. Memory: 883712K Free: 604067K (68%)
----------------- Invoking toplevel() on ptolemy.moml.MoMLSimpleApplication@3b3eba49
----------------- Done invoking toplevel() on ptolemy.moml.MoMLSimpleApplication@3b3eba49
reloadAllAccessors: .Clock4

===========================================================================================
----------------- testing Mon Dec 17 03:02:20 UTC 2018 /home/travis/build/icyphy/ptII/ptolemy/actor/lib/test/auto/Clock5.xml
----------------- Instantiating /home/travis/build/icyphy/ptII/ptolemy/actor/lib/test/auto/Clock5.xml
2 ms. Memory: 883712K Free: 596233K (67%)
----------------- Invoking toplevel() on ptolemy.moml.MoMLSimpleApplication@79e6e7d8
----------------- Done invoking toplevel() on ptolemy.moml.MoMLSimpleApplication@79e6e7d8
reloadAllAccessors: .Clock5

===========================================================================================
----------------- testing Mon Dec 17 03:02:20 UTC 2018 /home/travis/build/icyphy/ptII/ptolemy/actor/lib/test/auto/Clock6.xml
----------------- Instantiating /home/travis/build/icyphy/ptII/ptolemy/actor/lib/test/auto/Clock6.xml
1 ms. Memory: 883712K Free: 579001K (66%)
----------------- Invoking toplevel() on ptolemy.moml.MoMLSimpleApplication@535e13df
----------------- Done invoking toplevel() on ptolemy.moml.MoMLSimpleApplication@535e13df
reloadAllAccessors: .Clock6

===========================================================================================
----------------- testing Mon Dec 17 03:02:20 UTC 2018 /home/travis/build/icyphy/ptII/ptolemy/actor/lib/test/auto/Clock7.xml
----------------- Instantiating /home/travis/build/icyphy/ptII/ptolemy/actor/lib/test/auto/Clock7.xml
1 ms. Memory: 883712K Free: 571167K (65%)
----------------- Invoking toplevel() on ptolemy.moml.MoMLSimpleApplication@3555efbf
----------------- Done invoking toplevel() on ptolemy.moml.MoMLSimpleApplication@3555efbf
reloadAllAccessors: .Clock7

===========================================================================================
----------------- testing Mon Dec 17 03:02:20 UTC 2018 /home/travis/build/icyphy/ptII/ptolemy/actor/lib/test/auto/Clock8.xml
----------------- Instantiating /home/travis/build/icyphy/ptII/ptolemy/actor/lib/test/auto/Clock8.xml
2 ms. Memory: 883712K Free: 563334K (64%)
----------------- Invoking toplevel() on ptolemy.moml.MoMLSimpleApplication@6b32273e
----------------- Done invoking toplevel() on ptolemy.moml.MoMLSimpleApplication@6b32273e
reloadAllAccessors: .Clock8

===========================================================================================
----------------- testing Mon Dec 17 03:02:20 UTC 2018 /home/travis/build/icyphy/ptII/ptolemy/actor/lib/test/auto/Clock9.xml
----------------- Instantiating /home/travis/build/icyphy/ptII/ptolemy/actor/lib/test/auto/Clock9.xml
6 ms. Memory: 883712K Free: 555500K (63%)
----------------- Invoking toplevel() on ptolemy.moml.MoMLSimpleApplication@69d881cb
----------------- Done invoking toplevel() on ptolemy.moml.MoMLSimpleApplication@69d881cb
reloadAllAccessors: .Clock9

===========================================================================================
----------------- testing Mon Dec 17 03:02:20 UTC 2018 /home/travis/build/icyphy/ptII/ptolemy/actor/lib/test/auto/CommDistDiscard.xml
----------------- Instantiating /home/travis/build/icyphy/ptII/ptolemy/actor/lib/test/auto/CommDistDiscard.xml
1 ms. Memory: 883712K Free: 547666K (62%)
----------------- Invoking toplevel() on ptolemy.moml.MoMLSimpleApplication@7229950f
----------------- Done invoking toplevel() on ptolemy.moml.MoMLSimpleApplication@7229950f
reloadAllAccessors: .CommDistDiscard

===========================================================================================
----------------- testing Mon Dec 17 03:02:20 UTC 2018 /home/travis/build/icyphy/ptII/ptolemy/actor/lib/test/auto/Commutator.xml
----------------- Instantiating /home/travis/build/icyphy/ptII/ptolemy/actor/lib/test/auto/Commutator.xml
1 ms. Memory: 883712K Free: 530434K (60%)
----------------- Invoking toplevel() on ptolemy.moml.MoMLSimpleApplication@3fea7430
----------------- Done invoking toplevel() on ptolemy.moml.MoMLSimpleApplication@3fea7430
reloadAllAccessors: .Commutator

===========================================================================================
----------------- testing Mon Dec 17 03:02:20 UTC 2018 /home/travis/build/icyphy/ptII/ptolemy/actor/lib/test/auto/Commutator2.xml
----------------- Instantiating /home/travis/build/icyphy/ptII/ptolemy/actor/lib/test/auto/Commutator2.xml
1 ms. Memory: 883712K Free: 522601K (59%)
----------------- Invoking toplevel() on ptolemy.moml.MoMLSimpleApplication@24bb3d4b
----------------- Done invoking toplevel() on ptolemy.moml.MoMLSimpleApplication@24bb3d4b
reloadAllAccessors: .Commutator2

===========================================================================================
----------------- testing Mon Dec 17 03:02:20 UTC 2018 /home/travis/build/icyphy/ptII/ptolemy/actor/lib/test/auto/Commutator3.xml
----------------- Instantiating /home/travis/build/icyphy/ptII/ptolemy/actor/lib/test/auto/Commutator3.xml
1 ms. Memory: 883712K Free: 514767K (58%)
----------------- Invoking toplevel() on ptolemy.moml.MoMLSimpleApplication@5277ee0c
----------------- Done invoking toplevel() on ptolemy.moml.MoMLSimpleApplication@5277ee0c
reloadAllAccessors: .Commutator3

===========================================================================================
----------------- testing Mon Dec 17 03:02:20 UTC 2018 /home/travis/build/icyphy/ptII/ptolemy/actor/lib/test/auto/Compare.xml
----------------- Instantiating /home/travis/build/icyphy/ptII/ptolemy/actor/lib/test/auto/Compare.xml
2 ms. Memory: 883712K Free: 503016K (57%)
----------------- Invoking toplevel() on ptolemy.moml.MoMLSimpleApplication@2edd8f2a
----------------- Done invoking toplevel() on ptolemy.moml.MoMLSimpleApplication@2edd8f2a
reloadAllAccessors: .Compare

===========================================================================================
----------------- testing Mon Dec 17 03:02:20 UTC 2018 /home/travis/build/icyphy/ptII/ptolemy/actor/lib/test/auto/CompareDE.xml
----------------- Instantiating /home/travis/build/icyphy/ptII/ptolemy/actor/lib/test/auto/CompareDE.xml
2 ms. Memory: 883712K Free: 481852K (55%)
----------------- Invoking toplevel() on ptolemy.moml.MoMLSimpleApplication@2b319760
----------------- Done invoking toplevel() on ptolemy.moml.MoMLSimpleApplication@2b319760
reloadAllAccessors: .CompareDE

===========================================================================================
----------------- testing Mon Dec 17 03:02:20 UTC 2018 /home/travis/build/icyphy/ptII/ptolemy/actor/lib/test/auto/ComplexDivide.xml
----------------- Instantiating /home/travis/build/icyphy/ptII/ptolemy/actor/lib/test/auto/ComplexDivide.xml
1 ms. Memory: 883712K Free: 474018K (54%)
----------------- Invoking toplevel() on ptolemy.moml.MoMLSimpleApplication@3644a001
----------------- Done invoking toplevel() on ptolemy.moml.MoMLSimpleApplication@3644a001
reloadAllAccessors: .ComplexDivide

===========================================================================================
----------------- testing Mon Dec 17 03:02:20 UTC 2018 /home/travis/build/icyphy/ptII/ptolemy/actor/lib/test/auto/ComputeHistogram.xml
----------------- Instantiating /home/travis/build/icyphy/ptII/ptolemy/actor/lib/test/auto/ComputeHistogram.xml
22 ms. Memory: 883712K Free: 458319K (52%)
----------------- Invoking toplevel() on ptolemy.moml.MoMLSimpleApplication@75429c3
----------------- Done invoking toplevel() on ptolemy.moml.MoMLSimpleApplication@75429c3
reloadAllAccessors: .ComputeHistogram

===========================================================================================
----------------- testing Mon Dec 17 03:02:21 UTC 2018 /home/travis/build/icyphy/ptII/ptolemy/actor/lib/test/auto/ConfigurationSelect.xml
----------------- Instantiating /home/travis/build/icyphy/ptII/ptolemy/actor/lib/test/auto/ConfigurationSelect.xml
2 ms. Memory: 883712K Free: 450485K (51%)
----------------- Invoking toplevel() on ptolemy.moml.MoMLSimpleApplication@6d1be1d7
----------------- Done invoking toplevel() on ptolemy.moml.MoMLSimpleApplication@6d1be1d7
reloadAllAccessors: .ConfigurationSelect

===========================================================================================
----------------- testing Mon Dec 17 03:02:21 UTC 2018 /home/travis/build/icyphy/ptII/ptolemy/actor/lib/test/auto/ConfigurationSelect2.xml
----------------- Instantiating /home/travis/build/icyphy/ptII/ptolemy/actor/lib/test/auto/ConfigurationSelect2.xml
1 ms. Memory: 883712K Free: 433253K (49%)
----------------- Invoking toplevel() on ptolemy.moml.MoMLSimpleApplication@5191699a
----------------- Done invoking toplevel() on ptolemy.moml.MoMLSimpleApplication@5191699a
reloadAllAccessors: .ConfigurationSelect2

===========================================================================================
----------------- testing Mon Dec 17 03:02:21 UTC 2018 /home/travis/build/icyphy/ptII/ptolemy/actor/lib/test/auto/ConfigurationSwitch.xml
----------------- Instantiating /home/travis/build/icyphy/ptII/ptolemy/actor/lib/test/auto/ConfigurationSwitch.xml
2 ms. Memory: 883712K Free: 425419K (48%)
----------------- Invoking toplevel() on ptolemy.moml.MoMLSimpleApplication@2fa85ad3
----------------- Done invoking toplevel() on ptolemy.moml.MoMLSimpleApplication@2fa85ad3
reloadAllAccessors: .ConfigurationSwitch

===========================================================================================
----------------- testing Mon Dec 17 03:02:21 UTC 2018 /home/travis/build/icyphy/ptII/ptolemy/actor/lib/test/auto/ConfigurationSwitch2.xml
----------------- Instantiating /home/travis/build/icyphy/ptII/ptolemy/actor/lib/test/auto/ConfigurationSwitch2.xml
1 ms. Memory: 883712K Free: 417585K (47%)
----------------- Invoking toplevel() on ptolemy.moml.MoMLSimpleApplication@20a6ba3f
----------------- Done invoking toplevel() on ptolemy.moml.MoMLSimpleApplication@20a6ba3f
reloadAllAccessors: .ConfigurationSwitch2

===========================================================================================
----------------- testing Mon Dec 17 03:02:21 UTC 2018 /home/travis/build/icyphy/ptII/ptolemy/actor/lib/test/auto/ConfigurationSwitchCloningBugWithClassRelationGroup.xml
----------------- Instantiating /home/travis/build/icyphy/ptII/ptolemy/actor/lib/test/auto/ConfigurationSwitchCloningBugWithClassRelationGroup.xml
1 ms. Memory: 883712K Free: 405819K (46%)
----------------- Invoking toplevel() on ptolemy.moml.MoMLSimpleApplication@49cb7d
----------------- Done invoking toplevel() on ptolemy.moml.MoMLSimpleApplication@49cb7d
reloadAllAccessors: .ConfigurationSwitchCloningBugWithClassRelationGroup

===========================================================================================
----------------- testing Mon Dec 17 03:02:21 UTC 2018 /home/travis/build/icyphy/ptII/ptolemy/actor/lib/test/auto/ConfigurationSwitchSelectSDF.xml
----------------- Instantiating /home/travis/build/icyphy/ptII/ptolemy/actor/lib/test/auto/ConfigurationSwitchSelectSDF.xml
2 ms. Memory: 883712K Free: 388587K (44%)
----------------- Invoking toplevel() on ptolemy.moml.MoMLSimpleApplication@6ebb9b5
----------------- Done invoking toplevel() on ptolemy.moml.MoMLSimpleApplication@6ebb9b5
reloadAllAccessors: .ConfigurationSwitchSelectSDF

===========================================================================================
----------------- testing Mon Dec 17 03:02:21 UTC 2018 /home/travis/build/icyphy/ptII/ptolemy/actor/lib/test/auto/ConfigurationSwitchSelectSDF2.xml
----------------- Instantiating /home/travis/build/icyphy/ptII/ptolemy/actor/lib/test/auto/ConfigurationSwitchSelectSDF2.xml
1 ms. Memory: 883712K Free: 380753K (43%)
----------------- Invoking toplevel() on ptolemy.moml.MoMLSimpleApplication@28bc54a5
----------------- Done invoking toplevel() on ptolemy.moml.MoMLSimpleApplication@28bc54a5
reloadAllAccessors: .ConfigurationSwitchSelectSDF2

===========================================================================================
----------------- testing Mon Dec 17 03:02:21 UTC 2018 /home/travis/build/icyphy/ptII/ptolemy/actor/lib/test/auto/Const.xml
----------------- Instantiating /home/travis/build/icyphy/ptII/ptolemy/actor/lib/test/auto/Const.xml
1 ms. Memory: 883712K Free: 372920K (42%)
----------------- Invoking toplevel() on ptolemy.moml.MoMLSimpleApplication@6ac5116d
----------------- Done invoking toplevel() on ptolemy.moml.MoMLSimpleApplication@6ac5116d
reloadAllAccessors: .Const

===========================================================================================
----------------- testing Mon Dec 17 03:02:21 UTC 2018 /home/travis/build/icyphy/ptII/ptolemy/actor/lib/test/auto/Const2.xml
----------------- Instantiating /home/travis/build/icyphy/ptII/ptolemy/actor/lib/test/auto/Const2.xml
1 ms. Memory: 883712K Free: 365086K (41%)
----------------- Invoking toplevel() on ptolemy.moml.MoMLSimpleApplication@7bc3e40d
----------------- Done invoking toplevel() on ptolemy.moml.MoMLSimpleApplication@7bc3e40d
reloadAllAccessors: .Const2

===========================================================================================
----------------- testing Mon Dec 17 03:02:21 UTC 2018 /home/travis/build/icyphy/ptII/ptolemy/actor/lib/test/auto/Const3.xml
----------------- Instantiating /home/travis/build/icyphy/ptII/ptolemy/actor/lib/test/auto/Const3.xml
0 ms. Memory: 883712K Free: 347854K (39%)
----------------- Invoking toplevel() on ptolemy.moml.MoMLSimpleApplication@4bc5a50d
----------------- Done invoking toplevel() on ptolemy.moml.MoMLSimpleApplication@4bc5a50d
reloadAllAccessors: .Const3

===========================================================================================
----------------- testing Mon Dec 17 03:02:21 UTC 2018 /home/travis/build/icyphy/ptII/ptolemy/actor/lib/test/auto/ConstantPublisherPort1.xml
----------------- Instantiating /home/travis/build/icyphy/ptII/ptolemy/actor/lib/test/auto/ConstantPublisherPort1.xml
4 ms. Memory: 883712K Free: 336087K (38%)
----------------- Invoking toplevel() on ptolemy.moml.MoMLSimpleApplication@20675dba
----------------- Done invoking toplevel() on ptolemy.moml.MoMLSimpleApplication@20675dba
reloadAllAccessors: .ConstantPublisherPort1

===========================================================================================
----------------- testing Mon Dec 17 03:02:21 UTC 2018 /home/travis/build/icyphy/ptII/ptolemy/actor/lib/test/auto/ConstantPublisherPort2.xml
----------------- Instantiating /home/travis/build/icyphy/ptII/ptolemy/actor/lib/test/auto/ConstantPublisherPort2.xml
4 ms. Memory: 883712K Free: 324321K (37%)
----------------- Invoking toplevel() on ptolemy.moml.MoMLSimpleApplication@a17ff89
----------------- Done invoking toplevel() on ptolemy.moml.MoMLSimpleApplication@a17ff89
reloadAllAccessors: .ConstantPublisherPort2

===========================================================================================
----------------- testing Mon Dec 17 03:02:21 UTC 2018 /home/travis/build/icyphy/ptII/ptolemy/actor/lib/test/auto/ConstantPublisherPort3.xml
----------------- Instantiating /home/travis/build/icyphy/ptII/ptolemy/actor/lib/test/auto/ConstantPublisherPort3.xml
5 ms. Memory: 883712K Free: 312554K (35%)
----------------- Invoking toplevel() on ptolemy.moml.MoMLSimpleApplication@1e2e00ed
----------------- Done invoking toplevel() on ptolemy.moml.MoMLSimpleApplication@1e2e00ed
reloadAllAccessors: .ConstantPublisherPort3

===========================================================================================
----------------- testing Mon Dec 17 03:02:21 UTC 2018 /home/travis/build/icyphy/ptII/ptolemy/actor/lib/test/auto/ConstantPublisherPort4.xml
----------------- Instantiating /home/travis/build/icyphy/ptII/ptolemy/actor/lib/test/auto/ConstantPublisherPort4.xml
3 ms. Memory: 883712K Free: 291389K (33%)
----------------- Invoking toplevel() on ptolemy.moml.MoMLSimpleApplication@5d95d6e7
----------------- Done invoking toplevel() on ptolemy.moml.MoMLSimpleApplication@5d95d6e7
reloadAllAccessors: .ConstantPublisherPort4

===========================================================================================
----------------- testing Mon Dec 17 03:02:21 UTC 2018 /home/travis/build/icyphy/ptII/ptolemy/actor/lib/test/auto/ConstantPublisherPort5.xml
----------------- Instantiating /home/travis/build/icyphy/ptII/ptolemy/actor/lib/test/auto/ConstantPublisherPort5.xml
16 ms. Memory: 883712K Free: 271797K (31%)
----------------- Invoking toplevel() on ptolemy.moml.MoMLSimpleApplication@55eb1930
----------------- Done invoking toplevel() on ptolemy.moml.MoMLSimpleApplication@55eb1930
reloadAllAccessors: .ConstantPublisherPort5

===========================================================================================
----------------- testing Mon Dec 17 03:02:21 UTC 2018 /home/travis/build/icyphy/ptII/ptolemy/actor/lib/test/auto/ConstantPublisherPort6.xml
----------------- Instantiating /home/travis/build/icyphy/ptII/ptolemy/actor/lib/test/auto/ConstantPublisherPort6.xml
14 ms. Memory: 883712K Free: 248280K (28%)
----------------- Invoking toplevel() on ptolemy.moml.MoMLSimpleApplication@497a44ec
----------------- Done invoking toplevel() on ptolemy.moml.MoMLSimpleApplication@497a44ec
reloadAllAccessors: .ConstantPublisherPort6

===========================================================================================
----------------- testing Mon Dec 17 03:02:21 UTC 2018 /home/travis/build/icyphy/ptII/ptolemy/actor/lib/test/auto/ConstantPublisherPort7.xml
----------------- Instantiating /home/travis/build/icyphy/ptII/ptolemy/actor/lib/test/auto/ConstantPublisherPort7.xml
18 ms. Memory: 883712K Free: 224763K (25%)
----------------- Invoking toplevel() on ptolemy.moml.MoMLSimpleApplication@23da1882
----------------- Done invoking toplevel() on ptolemy.moml.MoMLSimpleApplication@23da1882
reloadAllAccessors: .ConstantPublisherPort7

===========================================================================================
----------------- testing Mon Dec 17 03:02:21 UTC 2018 /home/travis/build/icyphy/ptII/ptolemy/actor/lib/test/auto/ConstraintMonitor1.xml
----------------- Instantiating /home/travis/build/icyphy/ptII/ptolemy/actor/lib/test/auto/ConstraintMonitor1.xml
2 ms. Memory: 883712K Free: 207531K (23%)
----------------- Invoking toplevel() on ptolemy.moml.MoMLSimpleApplication@276e7982
----------------- Done invoking toplevel() on ptolemy.moml.MoMLSimpleApplication@276e7982
reloadAllAccessors: .ConstraintMonitor1

===========================================================================================
----------------- testing Mon Dec 17 03:02:21 UTC 2018 /home/travis/build/icyphy/ptII/ptolemy/actor/lib/test/auto/ConstraintMonitor2.xml
----------------- Instantiating /home/travis/build/icyphy/ptII/ptolemy/actor/lib/test/auto/ConstraintMonitor2.xml
6 ms. Memory: 883712K Free: 199697K (23%)
----------------- Invoking toplevel() on ptolemy.moml.MoMLSimpleApplication@7276329f
----------------- Done invoking toplevel() on ptolemy.moml.MoMLSimpleApplication@7276329f
reloadAllAccessors: .ConstraintMonitor2

===========================================================================================
----------------- testing Mon Dec 17 03:02:21 UTC 2018 /home/travis/build/icyphy/ptII/ptolemy/actor/lib/test/auto/ConstraintMonitor3.xml
----------------- Instantiating /home/travis/build/icyphy/ptII/ptolemy/actor/lib/test/auto/ConstraintMonitor3.xml
2 ms. Memory: 883712K Free: 191864K (22%)
----------------- Invoking toplevel() on ptolemy.moml.MoMLSimpleApplication@40507bd
----------------- Done invoking toplevel() on ptolemy.moml.MoMLSimpleApplication@40507bd
reloadAllAccessors: .ConstraintMonitor3

===========================================================================================
----------------- testing Mon Dec 17 03:02:21 UTC 2018 /home/travis/build/icyphy/ptII/ptolemy/actor/lib/test/auto/ConstraintMonitor4.xml
----------------- Instantiating /home/travis/build/icyphy/ptII/ptolemy/actor/lib/test/auto/ConstraintMonitor4.xml
6 ms. Memory: 883712K Free: 184030K (21%)
----------------- Invoking toplevel() on ptolemy.moml.MoMLSimpleApplication@1d060dbd
----------------- Done invoking toplevel() on ptolemy.moml.MoMLSimpleApplication@1d060dbd
reloadAllAccessors: .ConstraintMonitor4

===========================================================================================
----------------- testing Mon Dec 17 03:02:21 UTC 2018 /home/travis/build/icyphy/ptII/ptolemy/actor/lib/test/auto/ConstraintMonitor5.xml
----------------- Instantiating /home/travis/build/icyphy/ptII/ptolemy/actor/lib/test/auto/ConstraintMonitor5.xml
1 ms. Memory: 883712K Free: 166798K (19%)
----------------- Invoking toplevel() on ptolemy.moml.MoMLSimpleApplication@1626586b
----------------- Done invoking toplevel() on ptolemy.moml.MoMLSimpleApplication@1626586b
reloadAllAccessors: .ConstraintMonitor5

===========================================================================================
----------------- testing Mon Dec 17 03:02:21 UTC 2018 /home/travis/build/icyphy/ptII/ptolemy/actor/lib/test/auto/ConstraintMonitor6.xml
----------------- Instantiating /home/travis/build/icyphy/ptII/ptolemy/actor/lib/test/auto/ConstraintMonitor6.xml
3 ms. Memory: 883712K Free: 155032K (18%)
----------------- Invoking toplevel() on ptolemy.moml.MoMLSimpleApplication@d7d6704
----------------- Done invoking toplevel() on ptolemy.moml.MoMLSimpleApplication@d7d6704
reloadAllAccessors: .ConstraintMonitor6

===========================================================================================
----------------- testing Mon Dec 17 03:02:21 UTC 2018 /home/travis/build/icyphy/ptII/ptolemy/actor/lib/test/auto/ConstraintMonitor7.xml
----------------- Instantiating /home/travis/build/icyphy/ptII/ptolemy/actor/lib/test/auto/ConstraintMonitor7.xml
4 ms. Memory: 883712K Free: 143265K (16%)
----------------- Invoking toplevel() on ptolemy.moml.MoMLSimpleApplication@1b674c71
----------------- Done invoking toplevel() on ptolemy.moml.MoMLSimpleApplication@1b674c71
reloadAllAccessors: .ConstraintMonitor7

===========================================================================================
----------------- testing Mon Dec 17 03:02:21 UTC 2018 /home/travis/build/icyphy/ptII/ptolemy/actor/lib/test/auto/ConstraintMonitor8.xml
----------------- Instantiating /home/travis/build/icyphy/ptII/ptolemy/actor/lib/test/auto/ConstraintMonitor8.xml
8 ms. Memory: 883712K Free: 131515K (15%)
----------------- Invoking toplevel() on ptolemy.moml.MoMLSimpleApplication@78509667
----------------- Done invoking toplevel() on ptolemy.moml.MoMLSimpleApplication@78509667
reloadAllAccessors: .ConstraintMonitor8

===========================================================================================
----------------- testing Mon Dec 17 03:02:21 UTC 2018 /home/travis/build/icyphy/ptII/ptolemy/actor/lib/test/auto/Counter.xml
----------------- Instantiating /home/travis/build/icyphy/ptII/ptolemy/actor/lib/test/auto/Counter.xml
2 ms. Memory: 883712K Free: 114283K (13%)
----------------- Invoking toplevel() on ptolemy.moml.MoMLSimpleApplication@45740f04
----------------- Done invoking toplevel() on ptolemy.moml.MoMLSimpleApplication@45740f04
reloadAllAccessors: .Counter

===========================================================================================
----------------- testing Mon Dec 17 03:02:21 UTC 2018 /home/travis/build/icyphy/ptII/ptolemy/actor/lib/test/auto/CurrentTimeSDF.xml
----------------- Instantiating /home/travis/build/icyphy/ptII/ptolemy/actor/lib/test/auto/CurrentTimeSDF.xml
1 ms. Memory: 883712K Free: 106449K (12%)
----------------- Invoking toplevel() on ptolemy.moml.MoMLSimpleApplication@52bd2b8
----------------- Done invoking toplevel() on ptolemy.moml.MoMLSimpleApplication@52bd2b8
reloadAllAccessors: .CurrentTimeSDF

===========================================================================================
----------------- testing Mon Dec 17 03:02:21 UTC 2018 /home/travis/build/icyphy/ptII/ptolemy/actor/lib/test/auto/DB.xml
----------------- Instantiating /home/travis/build/icyphy/ptII/ptolemy/actor/lib/test/auto/DB.xml
2 ms. Memory: 883712K Free: 98615K (11%)
----------------- Invoking toplevel() on ptolemy.moml.MoMLSimpleApplication@23fa7e27
----------------- Done invoking toplevel() on ptolemy.moml.MoMLSimpleApplication@23fa7e27
reloadAllAccessors: .DB

===========================================================================================
----------------- testing Mon Dec 17 03:02:21 UTC 2018 /home/travis/build/icyphy/ptII/ptolemy/actor/lib/test/auto/DBDE.xml
----------------- Instantiating /home/travis/build/icyphy/ptII/ptolemy/actor/lib/test/auto/DBDE.xml
2 ms. Memory: 883712K Free: 86857K (10%)
----------------- Invoking toplevel() on ptolemy.moml.MoMLSimpleApplication@1632cb66
----------------- Done invoking toplevel() on ptolemy.moml.MoMLSimpleApplication@1632cb66
reloadAllAccessors: .DBDE

===========================================================================================
----------------- testing Mon Dec 17 03:02:21 UTC 2018 /home/travis/build/icyphy/ptII/ptolemy/actor/lib/test/auto/DateConstructor.xml
----------------- Instantiating /home/travis/build/icyphy/ptII/ptolemy/actor/lib/test/auto/DateConstructor.xml
13 ms. Memory: 883712K Free: 67241K (8%)
----------------- Invoking toplevel() on ptolemy.moml.MoMLSimpleApplication@3d25274d
----------------- Done invoking toplevel() on ptolemy.moml.MoMLSimpleApplication@3d25274d
reloadAllAccessors: .DateConstructor

===========================================================================================
----------------- testing Mon Dec 17 03:02:21 UTC 2018 /home/travis/build/icyphy/ptII/ptolemy/actor/lib/test/auto/DelayTime.xml
----------------- Instantiating /home/travis/build/icyphy/ptII/ptolemy/actor/lib/test/auto/DelayTime.xml
2 ms. Memory: 884224K Free: 829094K (94%)
----------------- Invoking toplevel() on ptolemy.moml.MoMLSimpleApplication@54e2fd0a
----------------- Done invoking toplevel() on ptolemy.moml.MoMLSimpleApplication@54e2fd0a
reloadAllAccessors: .DelayTime

===========================================================================================
----------------- testing Mon Dec 17 03:02:21 UTC 2018 /home/travis/build/icyphy/ptII/ptolemy/actor/lib/test/auto/Dictionary1.xml
----------------- Instantiating /home/travis/build/icyphy/ptII/ptolemy/actor/lib/test/auto/Dictionary1.xml
2 ms. Memory: 884224K Free: 811471K (92%)
----------------- Invoking toplevel() on ptolemy.moml.MoMLSimpleApplication@7ba9c64e
----------------- Done invoking toplevel() on ptolemy.moml.MoMLSimpleApplication@7ba9c64e
reloadAllAccessors: .Dictionary1

===========================================================================================
----------------- testing Mon Dec 17 03:02:21 UTC 2018 /home/travis/build/icyphy/ptII/ptolemy/actor/lib/test/auto/Dictionary2.xml
----------------- Instantiating /home/travis/build/icyphy/ptII/ptolemy/actor/lib/test/auto/Dictionary2.xml
4 ms. Memory: 884224K Free: 801026K (91%)
----------------- Invoking toplevel() on ptolemy.moml.MoMLSimpleApplication@a742d16
----------------- Done invoking toplevel() on ptolemy.moml.MoMLSimpleApplication@a742d16
reloadAllAccessors: .Dictionary2

===========================================================================================
----------------- testing Mon Dec 17 03:02:21 UTC 2018 /home/travis/build/icyphy/ptII/ptolemy/actor/lib/test/auto/Dictionary3.xml
----------------- Instantiating /home/travis/build/icyphy/ptII/ptolemy/actor/lib/test/auto/Dictionary3.xml
1 ms. Memory: 884224K Free: 790581K (89%)
----------------- Invoking toplevel() on ptolemy.moml.MoMLSimpleApplication@641330af
----------------- Done invoking toplevel() on ptolemy.moml.MoMLSimpleApplication@641330af
reloadAllAccessors: .Dictionary3

===========================================================================================
----------------- testing Mon Dec 17 03:02:21 UTC 2018 /home/travis/build/icyphy/ptII/ptolemy/actor/lib/test/auto/Dictionary4.xml
----------------- Instantiating /home/travis/build/icyphy/ptII/ptolemy/actor/lib/test/auto/Dictionary4.xml
6 ms. Memory: 884224K Free: 772958K (87%)
----------------- Invoking toplevel() on ptolemy.moml.MoMLSimpleApplication@7169c132
----------------- Done invoking toplevel() on ptolemy.moml.MoMLSimpleApplication@7169c132
reloadAllAccessors: .Dictionary4

===========================================================================================
----------------- testing Mon Dec 17 03:02:21 UTC 2018 /home/travis/build/icyphy/ptII/ptolemy/actor/lib/test/auto/Differential.xml
----------------- Instantiating /home/travis/build/icyphy/ptII/ptolemy/actor/lib/test/auto/Differential.xml
3 ms. Memory: 884224K Free: 762514K (86%)
----------------- Invoking toplevel() on ptolemy.moml.MoMLSimpleApplication@1f2e625
----------------- Done invoking toplevel() on ptolemy.moml.MoMLSimpleApplication@1f2e625
reloadAllAccessors: .Differential

===========================================================================================
----------------- testing Mon Dec 17 03:02:21 UTC 2018 /home/travis/build/icyphy/ptII/ptolemy/actor/lib/test/auto/Director.xml
----------------- Instantiating /home/travis/build/icyphy/ptII/ptolemy/actor/lib/test/auto/Director.xml
2 ms. Memory: 884224K Free: 752069K (85%)
----------------- Invoking toplevel() on ptolemy.moml.MoMLSimpleApplication@163bb9de
----------------- Done invoking toplevel() on ptolemy.moml.MoMLSimpleApplication@163bb9de
reloadAllAccessors: .Director

===========================================================================================
----------------- testing Mon Dec 17 03:02:21 UTC 2018 /home/travis/build/icyphy/ptII/ptolemy/actor/lib/test/auto/DiscreteClock.xml
----------------- Instantiating /home/travis/build/icyphy/ptII/ptolemy/actor/lib/test/auto/DiscreteClock.xml
3 ms. Memory: 884224K Free: 734445K (83%)
----------------- Invoking toplevel() on ptolemy.moml.MoMLSimpleApplication@31f89a6a
----------------- Done invoking toplevel() on ptolemy.moml.MoMLSimpleApplication@31f89a6a
reloadAllAccessors: .DiscreteClock

===========================================================================================
----------------- testing Mon Dec 17 03:02:21 UTC 2018 /home/travis/build/icyphy/ptII/ptolemy/actor/lib/test/auto/DiscreteClock10.xml
----------------- Instantiating /home/travis/build/icyphy/ptII/ptolemy/actor/lib/test/auto/DiscreteClock10.xml
2 ms. Memory: 884224K Free: 724001K (82%)
----------------- Invoking toplevel() on ptolemy.moml.MoMLSimpleApplication@6c76aa8b
----------------- Done invoking toplevel() on ptolemy.moml.MoMLSimpleApplication@6c76aa8b
reloadAllAccessors: .DiscreteClock10

===========================================================================================
----------------- testing Mon Dec 17 03:02:21 UTC 2018 /home/travis/build/icyphy/ptII/ptolemy/actor/lib/test/auto/DiscreteClock11.xml
----------------- Instantiating /home/travis/build/icyphy/ptII/ptolemy/actor/lib/test/auto/DiscreteClock11.xml
2 ms. Memory: 884224K Free: 713450K (81%)
----------------- Invoking toplevel() on ptolemy.moml.MoMLSimpleApplication@3a7b4a4d
----------------- Done invoking toplevel() on ptolemy.moml.MoMLSimpleApplication@3a7b4a4d
reloadAllAccessors: .DiscreteClock11

===========================================================================================
----------------- testing Mon Dec 17 03:02:21 UTC 2018 /home/travis/build/icyphy/ptII/ptolemy/actor/lib/test/auto/DiscreteClock12.xml
----------------- Instantiating /home/travis/build/icyphy/ptII/ptolemy/actor/lib/test/auto/DiscreteClock12.xml
2 ms. Memory: 884224K Free: 695827K (79%)
----------------- Invoking toplevel() on ptolemy.moml.MoMLSimpleApplication@139e12a3
----------------- Done invoking toplevel() on ptolemy.moml.MoMLSimpleApplication@139e12a3
reloadAllAccessors: .DiscreteClock12

===========================================================================================
----------------- testing Mon Dec 17 03:02:21 UTC 2018 /home/travis/build/icyphy/ptII/ptolemy/actor/lib/test/auto/DiscreteClock13.xml
----------------- Instantiating /home/travis/build/icyphy/ptII/ptolemy/actor/lib/test/auto/DiscreteClock13.xml
6 ms. Memory: 884224K Free: 685382K (78%)
----------------- Invoking toplevel() on ptolemy.moml.MoMLSimpleApplication@47937642
----------------- Done invoking toplevel() on ptolemy.moml.MoMLSimpleApplication@47937642
reloadAllAccessors: .DiscreteClock13

===========================================================================================
----------------- testing Mon Dec 17 03:02:21 UTC 2018 /home/travis/build/icyphy/ptII/ptolemy/actor/lib/test/auto/DiscreteClock14.xml
----------------- Instantiating /home/travis/build/icyphy/ptII/ptolemy/actor/lib/test/auto/DiscreteClock14.xml
6 ms. Memory: 884224K Free: 674937K (76%)
----------------- Invoking toplevel() on ptolemy.moml.MoMLSimpleApplication@bd45ad5
----------------- Done invoking toplevel() on ptolemy.moml.MoMLSimpleApplication@bd45ad5
reloadAllAccessors: .DiscreteClock14

===========================================================================================
----------------- testing Mon Dec 17 03:02:22 UTC 2018 /home/travis/build/icyphy/ptII/ptolemy/actor/lib/test/auto/DiscreteClock15.xml
----------------- Instantiating /home/travis/build/icyphy/ptII/ptolemy/actor/lib/test/auto/DiscreteClock15.xml
6 ms. Memory: 884224K Free: 657314K (74%)
----------------- Invoking toplevel() on ptolemy.moml.MoMLSimpleApplication@432f5bb3
----------------- Done invoking toplevel() on ptolemy.moml.MoMLSimpleApplication@432f5bb3
reloadAllAccessors: .DiscreteClock15

===========================================================================================
----------------- testing Mon Dec 17 03:02:22 UTC 2018 /home/travis/build/icyphy/ptII/ptolemy/actor/lib/test/auto/DiscreteClock16.xml
----------------- Instantiating /home/travis/build/icyphy/ptII/ptolemy/actor/lib/test/auto/DiscreteClock16.xml
10 ms. Memory: 884224K Free: 641638K (73%)
----------------- Invoking toplevel() on ptolemy.moml.MoMLSimpleApplication@129b69a5
----------------- Done invoking toplevel() on ptolemy.moml.MoMLSimpleApplication@129b69a5
reloadAllAccessors: .DiscreteClock16

===========================================================================================
----------------- testing Mon Dec 17 03:02:22 UTC 2018 /home/travis/build/icyphy/ptII/ptolemy/actor/lib/test/auto/DiscreteClock17.xml
----------------- Instantiating /home/travis/build/icyphy/ptII/ptolemy/actor/lib/test/auto/DiscreteClock17.xml
18 ms. Memory: 884224K Free: 625955K (71%)
----------------- Invoking toplevel() on ptolemy.moml.MoMLSimpleApplication@2f7ee9c6
----------------- Done invoking toplevel() on ptolemy.moml.MoMLSimpleApplication@2f7ee9c6
reloadAllAccessors: .DiscreteClock17

===========================================================================================
----------------- testing Mon Dec 17 03:02:22 UTC 2018 /home/travis/build/icyphy/ptII/ptolemy/actor/lib/test/auto/DiscreteClock18.xml
----------------- Instantiating /home/travis/build/icyphy/ptII/ptolemy/actor/lib/test/auto/DiscreteClock18.xml
25 ms. Memory: 884224K Free: 603110K (68%)
----------------- Invoking toplevel() on ptolemy.moml.MoMLSimpleApplication@5b9ddd93
----------------- Done invoking toplevel() on ptolemy.moml.MoMLSimpleApplication@5b9ddd93
reloadAllAccessors: .DiscreteClock18

===========================================================================================
----------------- testing Mon Dec 17 03:02:22 UTC 2018 /home/travis/build/icyphy/ptII/ptolemy/actor/lib/test/auto/DiscreteClock19.xml
----------------- Instantiating /home/travis/build/icyphy/ptII/ptolemy/actor/lib/test/auto/DiscreteClock19.xml
19 ms. Memory: 884224K Free: 587442K (66%)
----------------- Invoking toplevel() on ptolemy.moml.MoMLSimpleApplication@3e635f0
----------------- Done invoking toplevel() on ptolemy.moml.MoMLSimpleApplication@3e635f0
reloadAllAccessors: .DiscreteClock19

===========================================================================================
----------------- testing Mon Dec 17 03:02:22 UTC 2018 /home/travis/build/icyphy/ptII/ptolemy/actor/lib/test/auto/DiscreteClock2.xml
----------------- Instantiating /home/travis/build/icyphy/ptII/ptolemy/actor/lib/test/auto/DiscreteClock2.xml
6 ms. Memory: 884224K Free: 576997K (65%)
----------------- Invoking toplevel() on ptolemy.moml.MoMLSimpleApplication@71ab94d4
----------------- Done invoking toplevel() on ptolemy.moml.MoMLSimpleApplication@71ab94d4
reloadAllAccessors: .DiscreteClock2

===========================================================================================
----------------- testing Mon Dec 17 03:02:22 UTC 2018 /home/travis/build/icyphy/ptII/ptolemy/actor/lib/test/auto/DiscreteClock20.xml
----------------- Instantiating /home/travis/build/icyphy/ptII/ptolemy/actor/lib/test/auto/DiscreteClock20.xml
5 ms. Memory: 884224K Free: 559374K (63%)
----------------- Invoking toplevel() on ptolemy.moml.MoMLSimpleApplication@173c858f
----------------- Done invoking toplevel() on ptolemy.moml.MoMLSimpleApplication@173c858f
reloadAllAccessors: .DiscreteClock20

===========================================================================================
----------------- testing Mon Dec 17 03:02:22 UTC 2018 /home/travis/build/icyphy/ptII/ptolemy/actor/lib/test/auto/DiscreteClock21.xml
----------------- Instantiating /home/travis/build/icyphy/ptII/ptolemy/actor/lib/test/auto/DiscreteClock21.xml
7 ms. Memory: 884224K Free: 548929K (62%)
----------------- Invoking toplevel() on ptolemy.moml.MoMLSimpleApplication@44d68ff2
----------------- Done invoking toplevel() on ptolemy.moml.MoMLSimpleApplication@44d68ff2
reloadAllAccessors: .DiscreteClock21

===========================================================================================
----------------- testing Mon Dec 17 03:02:22 UTC 2018 /home/travis/build/icyphy/ptII/ptolemy/actor/lib/test/auto/DiscreteClock22.xml
----------------- Instantiating /home/travis/build/icyphy/ptII/ptolemy/actor/lib/test/auto/DiscreteClock22.xml
8 ms. Memory: 884224K Free: 538484K (61%)
----------------- Invoking toplevel() on ptolemy.moml.MoMLSimpleApplication@1bb13fa8
----------------- Done invoking toplevel() on ptolemy.moml.MoMLSimpleApplication@1bb13fa8
reloadAllAccessors: .DiscreteClock22

===========================================================================================
----------------- testing Mon Dec 17 03:02:22 UTC 2018 /home/travis/build/icyphy/ptII/ptolemy/actor/lib/test/auto/DiscreteClock23.xml
----------------- Instantiating /home/travis/build/icyphy/ptII/ptolemy/actor/lib/test/auto/DiscreteClock23.xml
3 ms. Memory: 884224K Free: 520861K (59%)
----------------- Invoking toplevel() on ptolemy.moml.MoMLSimpleApplication@4c24c4d9
----------------- Done invoking toplevel() on ptolemy.moml.MoMLSimpleApplication@4c24c4d9
reloadAllAccessors: .DiscreteClock23

===========================================================================================
----------------- testing Mon Dec 17 03:02:22 UTC 2018 /home/travis/build/icyphy/ptII/ptolemy/actor/lib/test/auto/DiscreteClock24.xml
----------------- Instantiating /home/travis/build/icyphy/ptII/ptolemy/actor/lib/test/auto/DiscreteClock24.xml
2 ms. Memory: 884224K Free: 510416K (58%)
----------------- Invoking toplevel() on ptolemy.moml.MoMLSimpleApplication@1ba55022
----------------- Done invoking toplevel() on ptolemy.moml.MoMLSimpleApplication@1ba55022
reloadAllAccessors: .DiscreteClock24

===========================================================================================
----------------- testing Mon Dec 17 03:02:22 UTC 2018 /home/travis/build/icyphy/ptII/ptolemy/actor/lib/test/auto/DiscreteClock4.xml
----------------- Instantiating /home/travis/build/icyphy/ptII/ptolemy/actor/lib/test/auto/DiscreteClock4.xml
1 ms. Memory: 884224K Free: 499971K (57%)
----------------- Invoking toplevel() on ptolemy.moml.MoMLSimpleApplication@cfc343c
----------------- Done invoking toplevel() on ptolemy.moml.MoMLSimpleApplication@cfc343c
reloadAllAccessors: .DiscreteClock4

===========================================================================================
----------------- testing Mon Dec 17 03:02:22 UTC 2018 /home/travis/build/icyphy/ptII/ptolemy/actor/lib/test/auto/DiscreteClock5.xml
----------------- Instantiating /home/travis/build/icyphy/ptII/ptolemy/actor/lib/test/auto/DiscreteClock5.xml
1 ms. Memory: 884224K Free: 482348K (55%)
----------------- Invoking toplevel() on ptolemy.moml.MoMLSimpleApplication@21798b71
----------------- Done invoking toplevel() on ptolemy.moml.MoMLSimpleApplication@21798b71
reloadAllAccessors: .DiscreteClock5

===========================================================================================
----------------- testing Mon Dec 17 03:02:22 UTC 2018 /home/travis/build/icyphy/ptII/ptolemy/actor/lib/test/auto/DiscreteClock6.xml
----------------- Instantiating /home/travis/build/icyphy/ptII/ptolemy/actor/lib/test/auto/DiscreteClock6.xml
1 ms. Memory: 884224K Free: 471903K (53%)
----------------- Invoking toplevel() on ptolemy.moml.MoMLSimpleApplication@23d9d1c4
----------------- Done invoking toplevel() on ptolemy.moml.MoMLSimpleApplication@23d9d1c4
reloadAllAccessors: .DiscreteClock6

===========================================================================================
----------------- testing Mon Dec 17 03:02:22 UTC 2018 /home/travis/build/icyphy/ptII/ptolemy/actor/lib/test/auto/DiscreteClock7.xml
----------------- Instantiating /home/travis/build/icyphy/ptII/ptolemy/actor/lib/test/auto/DiscreteClock7.xml
1 ms. Memory: 884224K Free: 461458K (52%)
----------------- Invoking toplevel() on ptolemy.moml.MoMLSimpleApplication@68a3dabb
----------------- Done invoking toplevel() on ptolemy.moml.MoMLSimpleApplication@68a3dabb
reloadAllAccessors: .DiscreteClock7

===========================================================================================
----------------- testing Mon Dec 17 03:02:22 UTC 2018 /home/travis/build/icyphy/ptII/ptolemy/actor/lib/test/auto/DiscreteClock8.xml
----------------- Instantiating /home/travis/build/icyphy/ptII/ptolemy/actor/lib/test/auto/DiscreteClock8.xml
2 ms. Memory: 884224K Free: 443835K (50%)
----------------- Invoking toplevel() on ptolemy.moml.MoMLSimpleApplication@17f55e15
----------------- Done invoking toplevel() on ptolemy.moml.MoMLSimpleApplication@17f55e15
reloadAllAccessors: .DiscreteClock8

===========================================================================================
----------------- testing Mon Dec 17 03:02:22 UTC 2018 /home/travis/build/icyphy/ptII/ptolemy/actor/lib/test/auto/DiscreteClock9.xml
----------------- Instantiating /home/travis/build/icyphy/ptII/ptolemy/actor/lib/test/auto/DiscreteClock9.xml
2 ms. Memory: 884224K Free: 433390K (49%)
----------------- Invoking toplevel() on ptolemy.moml.MoMLSimpleApplication@542d01ec
----------------- Done invoking toplevel() on ptolemy.moml.MoMLSimpleApplication@542d01ec
reloadAllAccessors: .DiscreteClock9

===========================================================================================
----------------- testing Mon Dec 17 03:02:22 UTC 2018 /home/travis/build/icyphy/ptII/ptolemy/actor/lib/test/auto/DisplayArray.xml
----------------- Instantiating /home/travis/build/icyphy/ptII/ptolemy/actor/lib/test/auto/DisplayArray.xml
6 ms. Memory: 1371648K Free: 1316534K (96%)
----------------- Invoking toplevel() on ptolemy.moml.MoMLSimpleApplication@45bf89a9
----------------- Done invoking toplevel() on ptolemy.moml.MoMLSimpleApplication@45bf89a9
reloadAllAccessors: .DisplayArray

===========================================================================================
----------------- testing Mon Dec 17 03:02:22 UTC 2018 /home/travis/build/icyphy/ptII/ptolemy/actor/lib/test/auto/Distributor.xml
----------------- Instantiating /home/travis/build/icyphy/ptII/ptolemy/actor/lib/test/auto/Distributor.xml
2 ms. Memory: 1371648K Free: 1290955K (94%)
----------------- Invoking toplevel() on ptolemy.moml.MoMLSimpleApplication@37d150f4
----------------- Done invoking toplevel() on ptolemy.moml.MoMLSimpleApplication@37d150f4
reloadAllAccessors: .Distributor

===========================================================================================
----------------- testing Mon Dec 17 03:02:23 UTC 2018 /home/travis/build/icyphy/ptII/ptolemy/actor/lib/test/auto/Distributor2.xml
----------------- Instantiating /home/travis/build/icyphy/ptII/ptolemy/actor/lib/test/auto/Distributor2.xml
2 ms. Memory: 1371648K Free: 1274250K (93%)
----------------- Invoking toplevel() on ptolemy.moml.MoMLSimpleApplication@7aa329f4
----------------- Done invoking toplevel() on ptolemy.moml.MoMLSimpleApplication@7aa329f4
reloadAllAccessors: .Distributor2

===========================================================================================
----------------- testing Mon Dec 17 03:02:23 UTC 2018 /home/travis/build/icyphy/ptII/ptolemy/actor/lib/test/auto/DownSample.xml
----------------- Instantiating /home/travis/build/icyphy/ptII/ptolemy/actor/lib/test/auto/DownSample.xml
1 ms. Memory: 1371648K Free: 1257546K (92%)
----------------- Invoking toplevel() on ptolemy.moml.MoMLSimpleApplication@7e9370ef
----------------- Done invoking toplevel() on ptolemy.moml.MoMLSimpleApplication@7e9370ef
reloadAllAccessors: .DownSample

===========================================================================================
----------------- testing Mon Dec 17 03:02:23 UTC 2018 /home/travis/build/icyphy/ptII/ptolemy/actor/lib/test/auto/ElectronicUnitBase1.xml
----------------- Instantiating /home/travis/build/icyphy/ptII/ptolemy/actor/lib/test/auto/ElectronicUnitBase1.xml
16 ms. Memory: 1371648K Free: 1223598K (89%)
----------------- Invoking toplevel() on ptolemy.moml.MoMLSimpleApplication@1a1d162d
----------------- Done invoking toplevel() on ptolemy.moml.MoMLSimpleApplication@1a1d162d
reloadAllAccessors: .ElectronicUnitBase1

===========================================================================================
----------------- testing Mon Dec 17 03:02:23 UTC 2018 /home/travis/build/icyphy/ptII/ptolemy/actor/lib/test/auto/ElementsToArray.xml
----------------- Instantiating /home/travis/build/icyphy/ptII/ptolemy/actor/lib/test/auto/ElementsToArray.xml
2 ms. Memory: 1371648K Free: 1206893K (88%)
----------------- Invoking toplevel() on ptolemy.moml.MoMLSimpleApplication@4c5c626a
----------------- Done invoking toplevel() on ptolemy.moml.MoMLSimpleApplication@4c5c626a
reloadAllAccessors: .ElementsToArray

===========================================================================================
----------------- testing Mon Dec 17 03:02:23 UTC 2018 /home/travis/build/icyphy/ptII/ptolemy/actor/lib/test/auto/Equals.xml
----------------- Instantiating /home/travis/build/icyphy/ptII/ptolemy/actor/lib/test/auto/Equals.xml
1 ms. Memory: 1371648K Free: 1190188K (87%)
----------------- Invoking toplevel() on ptolemy.moml.MoMLSimpleApplication@326aae59
----------------- Done invoking toplevel() on ptolemy.moml.MoMLSimpleApplication@326aae59
reloadAllAccessors: .Equals

===========================================================================================
----------------- testing Mon Dec 17 03:02:23 UTC 2018 /home/travis/build/icyphy/ptII/ptolemy/actor/lib/test/auto/Exec.xml
----------------- Instantiating /home/travis/build/icyphy/ptII/ptolemy/actor/lib/test/auto/Exec.xml
12 ms. Memory: 1371648K Free: 1152602K (84%)
----------------- Invoking toplevel() on ptolemy.moml.MoMLSimpleApplication@1f852ebd
----------------- Done invoking toplevel() on ptolemy.moml.MoMLSimpleApplication@1f852ebd
reloadAllAccessors: .Exec

===========================================================================================
----------------- testing Mon Dec 17 03:02:23 UTC 2018 /home/travis/build/icyphy/ptII/ptolemy/actor/lib/test/auto/ExecEnvironment.xml
----------------- Instantiating /home/travis/build/icyphy/ptII/ptolemy/actor/lib/test/auto/ExecEnvironment.xml
25 ms. Memory: 1371648K Free: 1093613K (80%)
----------------- Invoking toplevel() on ptolemy.moml.MoMLSimpleApplication@35189a87
----------------- Done invoking toplevel() on ptolemy.moml.MoMLSimpleApplication@35189a87
reloadAllAccessors: .ExecEnvironment

===========================================================================================
----------------- testing Mon Dec 17 03:02:23 UTC 2018 /home/travis/build/icyphy/ptII/ptolemy/actor/lib/test/auto/ExecNonZeroReturnOutput.xml
----------------- Instantiating /home/travis/build/icyphy/ptII/ptolemy/actor/lib/test/auto/ExecNonZeroReturnOutput.xml
132 ms. Memory: 1371648K Free: 968326K (71%)
----------------- Invoking toplevel() on ptolemy.moml.MoMLSimpleApplication@6445f037
----------------- Done invoking toplevel() on ptolemy.moml.MoMLSimpleApplication@6445f037
reloadAllAccessors: .ExecNonZeroReturnOutput

===========================================================================================
----------------- testing Mon Dec 17 03:02:23 UTC 2018 /home/travis/build/icyphy/ptII/ptolemy/actor/lib/test/auto/ExecRunDemos.xml
----------------- Instantiating /home/travis/build/icyphy/ptII/ptolemy/actor/lib/test/auto/ExecRunDemos.xml
Finished: 52 ms. Memory: 116224K Free: 100103K (86%)

Finished: 30 ms. Memory: 116224K Free: 96359K (83%)

Finished: 52 ms. Memory: 116224K Free: 96933K (83%)

Finished: 50 ms. Memory: 116224K Free: 98268K (85%)

Finished: 55 ms. Memory: 116224K Free: 99505K (86%)

9496 ms. Memory: 1371648K Free: 859617K (63%)
----------------- Invoking toplevel() on ptolemy.moml.MoMLSimpleApplication@1729eba4
----------------- Done invoking toplevel() on ptolemy.moml.MoMLSimpleApplication@1729eba4
reloadAllAccessors: .ExecRunDemos

===========================================================================================
----------------- testing Mon Dec 17 03:02:32 UTC 2018 /home/travis/build/icyphy/ptII/ptolemy/actor/lib/test/auto/ExecStop.xml
----------------- Instantiating /home/travis/build/icyphy/ptII/ptolemy/actor/lib/test/auto/ExecStop.xml
5012 ms. Memory: 1371648K Free: 667510K (49%)
----------------- Invoking toplevel() on ptolemy.moml.MoMLSimpleApplication@739fc542
----------------- Done invoking toplevel() on ptolemy.moml.MoMLSimpleApplication@739fc542
reloadAllAccessors: .ExecStop

===========================================================================================
----------------- testing Mon Dec 17 03:02:37 UTC 2018 /home/travis/build/icyphy/ptII/ptolemy/actor/lib/test/auto/ExecutionTimeSDF.xml
----------------- Instantiating /home/travis/build/icyphy/ptII/ptolemy/actor/lib/test/auto/ExecutionTimeSDF.xml
Fired ExecutionTime: -771767296
Fired ExecutionTime: 985600000
Fired ExecutionTime: -1711367296
6004 ms. Memory: 1371648K Free: 633562K (46%)
----------------- Invoking toplevel() on ptolemy.moml.MoMLSimpleApplication@1d71b6a6
----------------- Done invoking toplevel() on ptolemy.moml.MoMLSimpleApplication@1d71b6a6
reloadAllAccessors: .ExecutionTimeSDF

===========================================================================================
----------------- testing Mon Dec 17 03:02:43 UTC 2018 /home/travis/build/icyphy/ptII/ptolemy/actor/lib/test/auto/Expression1.xml
----------------- Instantiating /home/travis/build/icyphy/ptII/ptolemy/actor/lib/test/auto/Expression1.xml
1 ms. Memory: 1371648K Free: 616857K (45%)
----------------- Invoking toplevel() on ptolemy.moml.MoMLSimpleApplication@1ca32d2b
----------------- Done invoking toplevel() on ptolemy.moml.MoMLSimpleApplication@1ca32d2b
reloadAllAccessors: .Expression1

===========================================================================================
----------------- testing Mon Dec 17 03:02:43 UTC 2018 /home/travis/build/icyphy/ptII/ptolemy/actor/lib/test/auto/Expression10.xml
----------------- Instantiating /home/travis/build/icyphy/ptII/ptolemy/actor/lib/test/auto/Expression10.xml
4 ms. Memory: 1371648K Free: 600152K (44%)
----------------- Invoking toplevel() on ptolemy.moml.MoMLSimpleApplication@2b5f9f5f
----------------- Done invoking toplevel() on ptolemy.moml.MoMLSimpleApplication@2b5f9f5f
reloadAllAccessors: .Expression10

===========================================================================================
----------------- testing Mon Dec 17 03:02:43 UTC 2018 /home/travis/build/icyphy/ptII/ptolemy/actor/lib/test/auto/Expression11.xml
----------------- Instantiating /home/travis/build/icyphy/ptII/ptolemy/actor/lib/test/auto/Expression11.xml
2 ms. Memory: 1371648K Free: 583448K (43%)
----------------- Invoking toplevel() on ptolemy.moml.MoMLSimpleApplication@7b7a2f43
----------------- Done invoking toplevel() on ptolemy.moml.MoMLSimpleApplication@7b7a2f43
reloadAllAccessors: .Expression11

===========================================================================================
----------------- testing Mon Dec 17 03:02:44 UTC 2018 /home/travis/build/icyphy/ptII/ptolemy/actor/lib/test/auto/Expression12.xml
----------------- Instantiating /home/travis/build/icyphy/ptII/ptolemy/actor/lib/test/auto/Expression12.xml
2 ms. Memory: 1371648K Free: 557869K (41%)
----------------- Invoking toplevel() on ptolemy.moml.MoMLSimpleApplication@69ab1817
----------------- Done invoking toplevel() on ptolemy.moml.MoMLSimpleApplication@69ab1817
reloadAllAccessors: .Expression12

===========================================================================================
----------------- testing Mon Dec 17 03:02:44 UTC 2018 /home/travis/build/icyphy/ptII/ptolemy/actor/lib/test/auto/Expression13.xml
----------------- Instantiating /home/travis/build/icyphy/ptII/ptolemy/actor/lib/test/auto/Expression13.xml
3 ms. Memory: 1371648K Free: 541164K (39%)
----------------- Invoking toplevel() on ptolemy.moml.MoMLSimpleApplication@2dbf21a9
----------------- Done invoking toplevel() on ptolemy.moml.MoMLSimpleApplication@2dbf21a9
reloadAllAccessors: .Expression13

===========================================================================================
----------------- testing Mon Dec 17 03:02:44 UTC 2018 /home/travis/build/icyphy/ptII/ptolemy/actor/lib/test/auto/Expression14.xml
----------------- Instantiating /home/travis/build/icyphy/ptII/ptolemy/actor/lib/test/auto/Expression14.xml
4 ms. Memory: 1371648K Free: 524459K (38%)
----------------- Invoking toplevel() on ptolemy.moml.MoMLSimpleApplication@35e28ebe
----------------- Done invoking toplevel() on ptolemy.moml.MoMLSimpleApplication@35e28ebe
reloadAllAccessors: .Expression14

===========================================================================================
----------------- testing Mon Dec 17 03:02:44 UTC 2018 /home/travis/build/icyphy/ptII/ptolemy/actor/lib/test/auto/Expression15.xml
----------------- Instantiating /home/travis/build/icyphy/ptII/ptolemy/actor/lib/test/auto/Expression15.xml
2 ms. Memory: 1371648K Free: 507754K (37%)
----------------- Invoking toplevel() on ptolemy.moml.MoMLSimpleApplication@7a5a2360
----------------- Done invoking toplevel() on ptolemy.moml.MoMLSimpleApplication@7a5a2360
reloadAllAccessors: .Expression15

===========================================================================================
----------------- testing Mon Dec 17 03:02:44 UTC 2018 /home/travis/build/icyphy/ptII/ptolemy/actor/lib/test/auto/Expression16.xml
----------------- Instantiating /home/travis/build/icyphy/ptII/ptolemy/actor/lib/test/auto/Expression16.xml
3 ms. Memory: 1371648K Free: 482175K (35%)
----------------- Invoking toplevel() on ptolemy.moml.MoMLSimpleApplication@768d7410
----------------- Done invoking toplevel() on ptolemy.moml.MoMLSimpleApplication@768d7410
reloadAllAccessors: .Expression16

===========================================================================================
----------------- testing Mon Dec 17 03:02:44 UTC 2018 /home/travis/build/icyphy/ptII/ptolemy/actor/lib/test/auto/Expression17.xml
----------------- Instantiating /home/travis/build/icyphy/ptII/ptolemy/actor/lib/test/auto/Expression17.xml
3 ms. Memory: 1371648K Free: 465471K (34%)
----------------- Invoking toplevel() on ptolemy.moml.MoMLSimpleApplication@75fb8880
----------------- Done invoking toplevel() on ptolemy.moml.MoMLSimpleApplication@75fb8880
reloadAllAccessors: .Expression17

===========================================================================================
----------------- testing Mon Dec 17 03:02:44 UTC 2018 /home/travis/build/icyphy/ptII/ptolemy/actor/lib/test/auto/Expression18.xml
----------------- Instantiating /home/travis/build/icyphy/ptII/ptolemy/actor/lib/test/auto/Expression18.xml
2 ms. Memory: 1371648K Free: 448766K (33%)
----------------- Invoking toplevel() on ptolemy.moml.MoMLSimpleApplication@7f4a9544
----------------- Done invoking toplevel() on ptolemy.moml.MoMLSimpleApplication@7f4a9544
reloadAllAccessors: .Expression18

===========================================================================================
----------------- testing Mon Dec 17 03:02:44 UTC 2018 /home/travis/build/icyphy/ptII/ptolemy/actor/lib/test/auto/Expression2.xml
----------------- Instantiating /home/travis/build/icyphy/ptII/ptolemy/actor/lib/test/auto/Expression2.xml
3 ms. Memory: 1371648K Free: 432061K (31%)
----------------- Invoking toplevel() on ptolemy.moml.MoMLSimpleApplication@303607f4
----------------- Done invoking toplevel() on ptolemy.moml.MoMLSimpleApplication@303607f4
reloadAllAccessors: .Expression2

===========================================================================================
----------------- testing Mon Dec 17 03:02:44 UTC 2018 /home/travis/build/icyphy/ptII/ptolemy/actor/lib/test/auto/Expression3.xml
----------------- Instantiating /home/travis/build/icyphy/ptII/ptolemy/actor/lib/test/auto/Expression3.xml
3 ms. Memory: 1371648K Free: 406482K (30%)
----------------- Invoking toplevel() on ptolemy.moml.MoMLSimpleApplication@3f95aba5
----------------- Done invoking toplevel() on ptolemy.moml.MoMLSimpleApplication@3f95aba5
reloadAllAccessors: .Expression3

===========================================================================================
----------------- testing Mon Dec 17 03:02:44 UTC 2018 /home/travis/build/icyphy/ptII/ptolemy/actor/lib/test/auto/Expression4.xml
----------------- Instantiating /home/travis/build/icyphy/ptII/ptolemy/actor/lib/test/auto/Expression4.xml
4 ms. Memory: 1371648K Free: 389777K (28%)
----------------- Invoking toplevel() on ptolemy.moml.MoMLSimpleApplication@6d8574d
----------------- Done invoking toplevel() on ptolemy.moml.MoMLSimpleApplication@6d8574d
reloadAllAccessors: .Expression4

===========================================================================================
----------------- testing Mon Dec 17 03:02:44 UTC 2018 /home/travis/build/icyphy/ptII/ptolemy/actor/lib/test/auto/Expression5.xml
----------------- Instantiating /home/travis/build/icyphy/ptII/ptolemy/actor/lib/test/auto/Expression5.xml
2 ms. Memory: 1371648K Free: 373072K (27%)
----------------- Invoking toplevel() on ptolemy.moml.MoMLSimpleApplication@3eda7599
----------------- Done invoking toplevel() on ptolemy.moml.MoMLSimpleApplication@3eda7599
reloadAllAccessors: .Expression5

===========================================================================================
----------------- testing Mon Dec 17 03:02:44 UTC 2018 /home/travis/build/icyphy/ptII/ptolemy/actor/lib/test/auto/Expression6.xml
----------------- Instantiating /home/travis/build/icyphy/ptII/ptolemy/actor/lib/test/auto/Expression6.xml
2 ms. Memory: 1371648K Free: 356368K (26%)
----------------- Invoking toplevel() on ptolemy.moml.MoMLSimpleApplication@365cc153
----------------- Done invoking toplevel() on ptolemy.moml.MoMLSimpleApplication@365cc153
reloadAllAccessors: .Expression6

===========================================================================================
----------------- testing Mon Dec 17 03:02:44 UTC 2018 /home/travis/build/icyphy/ptII/ptolemy/actor/lib/test/auto/Expression7.xml
----------------- Instantiating /home/travis/build/icyphy/ptII/ptolemy/actor/lib/test/auto/Expression7.xml
3 ms. Memory: 1371648K Free: 330789K (24%)
----------------- Invoking toplevel() on ptolemy.moml.MoMLSimpleApplication@2c74a9d
----------------- Done invoking toplevel() on ptolemy.moml.MoMLSimpleApplication@2c74a9d
reloadAllAccessors: .Expression7

===========================================================================================
----------------- testing Mon Dec 17 03:02:44 UTC 2018 /home/travis/build/icyphy/ptII/ptolemy/actor/lib/test/auto/Expression8.xml
----------------- Instantiating /home/travis/build/icyphy/ptII/ptolemy/actor/lib/test/auto/Expression8.xml
4 ms. Memory: 1371648K Free: 314084K (23%)
----------------- Invoking toplevel() on ptolemy.moml.MoMLSimpleApplication@5cbc43d1
----------------- Done invoking toplevel() on ptolemy.moml.MoMLSimpleApplication@5cbc43d1
reloadAllAccessors: .Expression8

===========================================================================================
----------------- testing Mon Dec 17 03:02:44 UTC 2018 /home/travis/build/icyphy/ptII/ptolemy/actor/lib/test/auto/Expression9.xml
----------------- Instantiating /home/travis/build/icyphy/ptII/ptolemy/actor/lib/test/auto/Expression9.xml
1 ms. Memory: 1371648K Free: 297379K (22%)
----------------- Invoking toplevel() on ptolemy.moml.MoMLSimpleApplication@777a384e
----------------- Done invoking toplevel() on ptolemy.moml.MoMLSimpleApplication@777a384e
reloadAllAccessors: .Expression9

===========================================================================================
----------------- testing Mon Dec 17 03:02:44 UTC 2018 /home/travis/build/icyphy/ptII/ptolemy/actor/lib/test/auto/ExpressionConcatenateArrayType.xml
----------------- Instantiating /home/travis/build/icyphy/ptII/ptolemy/actor/lib/test/auto/ExpressionConcatenateArrayType.xml
2 ms. Memory: 1371648K Free: 280674K (20%)
----------------- Invoking toplevel() on ptolemy.moml.MoMLSimpleApplication@7b38f7cd
----------------- Done invoking toplevel() on ptolemy.moml.MoMLSimpleApplication@7b38f7cd
reloadAllAccessors: .ExpressionConcatenateArrayType

===========================================================================================
----------------- testing Mon Dec 17 03:02:44 UTC 2018 /home/travis/build/icyphy/ptII/ptolemy/actor/lib/test/auto/ExpressionConcatenateArrayType2.xml
----------------- Instantiating /home/travis/build/icyphy/ptII/ptolemy/actor/lib/test/auto/ExpressionConcatenateArrayType2.xml
3 ms. Memory: 1371648K Free: 255095K (19%)
----------------- Invoking toplevel() on ptolemy.moml.MoMLSimpleApplication@52070a0b
----------------- Done invoking toplevel() on ptolemy.moml.MoMLSimpleApplication@52070a0b
reloadAllAccessors: .ExpressionConcatenateArrayType2

===========================================================================================
----------------- testing Mon Dec 17 03:02:44 UTC 2018 /home/travis/build/icyphy/ptII/ptolemy/actor/lib/test/auto/ExpressionFix.xml
----------------- Instantiating /home/travis/build/icyphy/ptII/ptolemy/actor/lib/test/auto/ExpressionFix.xml
9 ms. Memory: 1371648K Free: 238391K (17%)
----------------- Invoking toplevel() on ptolemy.moml.MoMLSimpleApplication@284afba7
----------------- Done invoking toplevel() on ptolemy.moml.MoMLSimpleApplication@284afba7
reloadAllAccessors: .ExpressionFix

===========================================================================================
----------------- testing Mon Dec 17 03:02:44 UTC 2018 /home/travis/build/icyphy/ptII/ptolemy/actor/lib/test/auto/ExpressionFix2.xml
----------------- Instantiating /home/travis/build/icyphy/ptII/ptolemy/actor/lib/test/auto/ExpressionFix2.xml
3 ms. Memory: 1371648K Free: 221686K (16%)
----------------- Invoking toplevel() on ptolemy.moml.MoMLSimpleApplication@33d051a
----------------- Done invoking toplevel() on ptolemy.moml.MoMLSimpleApplication@33d051a
reloadAllAccessors: .ExpressionFix2

===========================================================================================
----------------- testing Mon Dec 17 03:02:44 UTC 2018 /home/travis/build/icyphy/ptII/ptolemy/actor/lib/test/auto/ExpressionFix3.xml
----------------- Instantiating /home/travis/build/icyphy/ptII/ptolemy/actor/lib/test/auto/ExpressionFix3.xml
2 ms. Memory: 1371648K Free: 196107K (14%)
----------------- Invoking toplevel() on ptolemy.moml.MoMLSimpleApplication@2f627b7e
----------------- Done invoking toplevel() on ptolemy.moml.MoMLSimpleApplication@2f627b7e
reloadAllAccessors: .ExpressionFix3

===========================================================================================
----------------- testing Mon Dec 17 03:02:44 UTC 2018 /home/travis/build/icyphy/ptII/ptolemy/actor/lib/test/auto/FileWriter1.xml
----------------- Instantiating /home/travis/build/icyphy/ptII/ptolemy/actor/lib/test/auto/FileWriter1.xml
2 ms. Memory: 1371648K Free: 179402K (13%)
----------------- Invoking toplevel() on ptolemy.moml.MoMLSimpleApplication@407692a4
----------------- Done invoking toplevel() on ptolemy.moml.MoMLSimpleApplication@407692a4
reloadAllAccessors: .FileWriter1

===========================================================================================
----------------- testing Mon Dec 17 03:02:44 UTC 2018 /home/travis/build/icyphy/ptII/ptolemy/actor/lib/test/auto/FileWriter2.xml
----------------- Instantiating /home/travis/build/icyphy/ptII/ptolemy/actor/lib/test/auto/FileWriter2.xml
3 ms. Memory: 1371648K Free: 162697K (12%)
----------------- Invoking toplevel() on ptolemy.moml.MoMLSimpleApplication@92dd669
----------------- Done invoking toplevel() on ptolemy.moml.MoMLSimpleApplication@92dd669
reloadAllAccessors: .FileWriter2

===========================================================================================
----------------- testing Mon Dec 17 03:02:44 UTC 2018 /home/travis/build/icyphy/ptII/ptolemy/actor/lib/test/auto/FileWriter3.xml
----------------- Instantiating /home/travis/build/icyphy/ptII/ptolemy/actor/lib/test/auto/FileWriter3.xml
6 ms. Memory: 1371648K Free: 145992K (11%)
----------------- Invoking toplevel() on ptolemy.moml.MoMLSimpleApplication@4b7b85b0
----------------- Done invoking toplevel() on ptolemy.moml.MoMLSimpleApplication@4b7b85b0
reloadAllAccessors: .FileWriter3

===========================================================================================
----------------- testing Mon Dec 17 03:02:44 UTC 2018 /home/travis/build/icyphy/ptII/ptolemy/actor/lib/test/auto/Gaussian.xml
----------------- Instantiating /home/travis/build/icyphy/ptII/ptolemy/actor/lib/test/auto/Gaussian.xml
2 ms. Memory: 1371648K Free: 120414K (9%)
----------------- Invoking toplevel() on ptolemy.moml.MoMLSimpleApplication@5808303d
----------------- Done invoking toplevel() on ptolemy.moml.MoMLSimpleApplication@5808303d
reloadAllAccessors: .Gaussian

===========================================================================================
----------------- testing Mon Dec 17 03:02:44 UTC 2018 /home/travis/build/icyphy/ptII/ptolemy/actor/lib/test/auto/Gaussian1.xml
----------------- Instantiating /home/travis/build/icyphy/ptII/ptolemy/actor/lib/test/auto/Gaussian1.xml
2 ms. Memory: 1371648K Free: 103709K (8%)
----------------- Invoking toplevel() on ptolemy.moml.MoMLSimpleApplication@32eadfc7
----------------- Done invoking toplevel() on ptolemy.moml.MoMLSimpleApplication@32eadfc7
reloadAllAccessors: .Gaussian1

===========================================================================================
----------------- testing Mon Dec 17 03:02:44 UTC 2018 /home/travis/build/icyphy/ptII/ptolemy/actor/lib/test/auto/Gaussian2.xml
----------------- Instantiating /home/travis/build/icyphy/ptII/ptolemy/actor/lib/test/auto/Gaussian2.xml
3 ms. Memory: 1371648K Free: 87004K (6%)
----------------- Invoking toplevel() on ptolemy.moml.MoMLSimpleApplication@6f854236
----------------- Done invoking toplevel() on ptolemy.moml.MoMLSimpleApplication@6f854236
reloadAllAccessors: .Gaussian2

===========================================================================================
----------------- testing Mon Dec 17 03:02:44 UTC 2018 /home/travis/build/icyphy/ptII/ptolemy/actor/lib/test/auto/GradientAdaptiveLattice.xml
----------------- Instantiating /home/travis/build/icyphy/ptII/ptolemy/actor/lib/test/auto/GradientAdaptiveLattice.xml
13 ms. Memory: 1372160K Free: 1329584K (97%)
----------------- Invoking toplevel() on ptolemy.moml.MoMLSimpleApplication@78029404
----------------- Done invoking toplevel() on ptolemy.moml.MoMLSimpleApplication@78029404
reloadAllAccessors: .GradientAdaptiveLattice

===========================================================================================
----------------- testing Mon Dec 17 03:02:44 UTC 2018 /home/travis/build/icyphy/ptII/ptolemy/actor/lib/test/auto/IIR.xml
----------------- Instantiating /home/travis/build/icyphy/ptII/ptolemy/actor/lib/test/auto/IIR.xml
1 ms. Memory: 1372160K Free: 1306490K (95%)
----------------- Invoking toplevel() on ptolemy.moml.MoMLSimpleApplication@73634715
----------------- Done invoking toplevel() on ptolemy.moml.MoMLSimpleApplication@73634715
reloadAllAccessors: .IIR

===========================================================================================
----------------- testing Mon Dec 17 03:02:44 UTC 2018 /home/travis/build/icyphy/ptII/ptolemy/actor/lib/test/auto/InputOutputTransparentPorts.xml
----------------- Instantiating /home/travis/build/icyphy/ptII/ptolemy/actor/lib/test/auto/InputOutputTransparentPorts.xml
2 ms. Memory: 1372160K Free: 1293961K (94%)
----------------- Invoking toplevel() on ptolemy.moml.MoMLSimpleApplication@6a5fd1ef
----------------- Done invoking toplevel() on ptolemy.moml.MoMLSimpleApplication@6a5fd1ef
reloadAllAccessors: .InputOutputTransparentPorts

===========================================================================================
----------------- testing Mon Dec 17 03:02:44 UTC 2018 /home/travis/build/icyphy/ptII/ptolemy/actor/lib/test/auto/Interpolator.xml
----------------- Instantiating /home/travis/build/icyphy/ptII/ptolemy/actor/lib/test/auto/Interpolator.xml
2 ms. Memory: 1372160K Free: 1275043K (93%)
----------------- Invoking toplevel() on ptolemy.moml.MoMLSimpleApplication@5dc523b8
----------------- Done invoking toplevel() on ptolemy.moml.MoMLSimpleApplication@5dc523b8
reloadAllAccessors: .Interpolator

===========================================================================================
----------------- testing Mon Dec 17 03:02:44 UTC 2018 /home/travis/build/icyphy/ptII/ptolemy/actor/lib/test/auto/InterpolatorFiringLimitDE.xml
----------------- Instantiating /home/travis/build/icyphy/ptII/ptolemy/actor/lib/test/auto/InterpolatorFiringLimitDE.xml
1 ms. Memory: 1372160K Free: 1262514K (92%)
----------------- Invoking toplevel() on ptolemy.moml.MoMLSimpleApplication@735b2836
----------------- Done invoking toplevel() on ptolemy.moml.MoMLSimpleApplication@735b2836
reloadAllAccessors: .InterpolatorFiringLimitDE

===========================================================================================
----------------- testing Mon Dec 17 03:02:44 UTC 2018 /home/travis/build/icyphy/ptII/ptolemy/actor/lib/test/auto/Lattice.xml
----------------- Instantiating /home/travis/build/icyphy/ptII/ptolemy/actor/lib/test/auto/Lattice.xml
1 ms. Memory: 1372160K Free: 1249986K (91%)
----------------- Invoking toplevel() on ptolemy.moml.MoMLSimpleApplication@191f5444
----------------- Done invoking toplevel() on ptolemy.moml.MoMLSimpleApplication@191f5444
reloadAllAccessors: .Lattice

===========================================================================================
----------------- testing Mon Dec 17 03:02:44 UTC 2018 /home/travis/build/icyphy/ptII/ptolemy/actor/lib/test/auto/LazyAOCTestLazy.xml
----------------- Instantiating /home/travis/build/icyphy/ptII/ptolemy/actor/lib/test/auto/LazyAOCTestLazy.xml
7 ms. Memory: 1372160K Free: 1231068K (90%)
----------------- Invoking toplevel() on ptolemy.moml.MoMLSimpleApplication@529b3d97
----------------- Done invoking toplevel() on ptolemy.moml.MoMLSimpleApplication@529b3d97
reloadAllAccessors: .LazyAOCTestLazy

===========================================================================================
----------------- testing Mon Dec 17 03:02:44 UTC 2018 /home/travis/build/icyphy/ptII/ptolemy/actor/lib/test/auto/LazyAOCTestNonLazy.xml
----------------- Instantiating /home/travis/build/icyphy/ptII/ptolemy/actor/lib/test/auto/LazyAOCTestNonLazy.xml
1 ms. Memory: 1372160K Free: 1218539K (89%)
----------------- Invoking toplevel() on ptolemy.moml.MoMLSimpleApplication@2032bd70
----------------- Done invoking toplevel() on ptolemy.moml.MoMLSimpleApplication@2032bd70
reloadAllAccessors: .LazyAOCTestNonLazy

===========================================================================================
----------------- testing Mon Dec 17 03:02:44 UTC 2018 /home/travis/build/icyphy/ptII/ptolemy/actor/lib/test/auto/LazyInnerClass.xml
----------------- Instantiating /home/travis/build/icyphy/ptII/ptolemy/actor/lib/test/auto/LazyInnerClass.xml
25 ms. Memory: 1372160K Free: 1206010K (88%)
----------------- Invoking toplevel() on ptolemy.moml.MoMLSimpleApplication@5e7b6df1
----------------- Done invoking toplevel() on ptolemy.moml.MoMLSimpleApplication@5e7b6df1
reloadAllAccessors: .LazyInnerClass

===========================================================================================
----------------- testing Mon Dec 17 03:02:44 UTC 2018 /home/travis/build/icyphy/ptII/ptolemy/actor/lib/test/auto/LazyPubSub.xml
----------------- Instantiating /home/travis/build/icyphy/ptII/ptolemy/actor/lib/test/auto/LazyPubSub.xml
19 ms. Memory: 1372160K Free: 1187092K (87%)
----------------- Invoking toplevel() on ptolemy.moml.MoMLSimpleApplication@5771ab52
----------------- Done invoking toplevel() on ptolemy.moml.MoMLSimpleApplication@5771ab52
reloadAllAccessors: .LazyPubSub

===========================================================================================
----------------- testing Mon Dec 17 03:02:44 UTC 2018 /home/travis/build/icyphy/ptII/ptolemy/actor/lib/test/auto/LazyPubSub2.xml
----------------- Instantiating /home/travis/build/icyphy/ptII/ptolemy/actor/lib/test/auto/LazyPubSub2.xml
15 ms. Memory: 1372160K Free: 1174564K (86%)
----------------- Invoking toplevel() on ptolemy.moml.MoMLSimpleApplication@5a1a3a32
----------------- Done invoking toplevel() on ptolemy.moml.MoMLSimpleApplication@5a1a3a32
reloadAllAccessors: .LazyPubSub2

===========================================================================================
----------------- testing Mon Dec 17 03:02:44 UTC 2018 /home/travis/build/icyphy/ptII/ptolemy/actor/lib/test/auto/LazyPubSub3.xml
----------------- Instantiating /home/travis/build/icyphy/ptII/ptolemy/actor/lib/test/auto/LazyPubSub3.xml
23 ms. Memory: 1372160K Free: 1162035K (85%)
----------------- Invoking toplevel() on ptolemy.moml.MoMLSimpleApplication@62fe12d2
----------------- Done invoking toplevel() on ptolemy.moml.MoMLSimpleApplication@62fe12d2
reloadAllAccessors: .LazyPubSub3

===========================================================================================
----------------- testing Mon Dec 17 03:02:44 UTC 2018 /home/travis/build/icyphy/ptII/ptolemy/actor/lib/test/auto/LazySubClassModel.xml
----------------- Instantiating /home/travis/build/icyphy/ptII/ptolemy/actor/lib/test/auto/LazySubClassModel.xml
9 ms. Memory: 1372160K Free: 1136836K (83%)
----------------- Invoking toplevel() on ptolemy.moml.MoMLSimpleApplication@2ea76cb
----------------- Done invoking toplevel() on ptolemy.moml.MoMLSimpleApplication@2ea76cb
reloadAllAccessors: .LazySubClassModel

===========================================================================================
----------------- testing Mon Dec 17 03:02:44 UTC 2018 /home/travis/build/icyphy/ptII/ptolemy/actor/lib/test/auto/LevelCrossTest1.xml
----------------- Instantiating /home/travis/build/icyphy/ptII/ptolemy/actor/lib/test/auto/LevelCrossTest1.xml
1 ms. Memory: 1372160K Free: 1124236K (82%)
----------------- Invoking toplevel() on ptolemy.moml.MoMLSimpleApplication@4d25102d
----------------- Done invoking toplevel() on ptolemy.moml.MoMLSimpleApplication@4d25102d
reloadAllAccessors: .broken

===========================================================================================
----------------- testing Mon Dec 17 03:02:44 UTC 2018 /home/travis/build/icyphy/ptII/ptolemy/actor/lib/test/auto/LevelCrossTest10.xml
----------------- Instantiating /home/travis/build/icyphy/ptII/ptolemy/actor/lib/test/auto/LevelCrossTest10.xml
1 ms. Memory: 1372160K Free: 1105318K (81%)
----------------- Invoking toplevel() on ptolemy.moml.MoMLSimpleApplication@32e5895b
----------------- Done invoking toplevel() on ptolemy.moml.MoMLSimpleApplication@32e5895b
reloadAllAccessors: .LevelCrossTest10

===========================================================================================
----------------- testing Mon Dec 17 03:02:44 UTC 2018 /home/travis/build/icyphy/ptII/ptolemy/actor/lib/test/auto/LevelCrossTest11.xml
----------------- Instantiating /home/travis/build/icyphy/ptII/ptolemy/actor/lib/test/auto/LevelCrossTest11.xml
1 ms. Memory: 1372160K Free: 1092790K (80%)
----------------- Invoking toplevel() on ptolemy.moml.MoMLSimpleApplication@76c02bec
----------------- Done invoking toplevel() on ptolemy.moml.MoMLSimpleApplication@76c02bec
reloadAllAccessors: .LevelCrossTest11

===========================================================================================
----------------- testing Mon Dec 17 03:02:44 UTC 2018 /home/travis/build/icyphy/ptII/ptolemy/actor/lib/test/auto/LevelCrossTest12.xml
----------------- Instantiating /home/travis/build/icyphy/ptII/ptolemy/actor/lib/test/auto/LevelCrossTest12.xml
1 ms. Memory: 1372160K Free: 1080261K (79%)
----------------- Invoking toplevel() on ptolemy.moml.MoMLSimpleApplication@2c6afd1b
----------------- Done invoking toplevel() on ptolemy.moml.MoMLSimpleApplication@2c6afd1b
reloadAllAccessors: .LevelCrossTest12

===========================================================================================
----------------- testing Mon Dec 17 03:02:44 UTC 2018 /home/travis/build/icyphy/ptII/ptolemy/actor/lib/test/auto/LevelCrossTest13.xml
----------------- Instantiating /home/travis/build/icyphy/ptII/ptolemy/actor/lib/test/auto/LevelCrossTest13.xml
1 ms. Memory: 1372160K Free: 1055062K (77%)
----------------- Invoking toplevel() on ptolemy.moml.MoMLSimpleApplication@1f042c65
----------------- Done invoking toplevel() on ptolemy.moml.MoMLSimpleApplication@1f042c65
reloadAllAccessors: .LevelCrossTest13

===========================================================================================
----------------- testing Mon Dec 17 03:02:45 UTC 2018 /home/travis/build/icyphy/ptII/ptolemy/actor/lib/test/auto/LevelCrossTest2.xml
----------------- Instantiating /home/travis/build/icyphy/ptII/ptolemy/actor/lib/test/auto/LevelCrossTest2.xml
2 ms. Memory: 1372160K Free: 1042534K (76%)
----------------- Invoking toplevel() on ptolemy.moml.MoMLSimpleApplication@3cd05eb2
----------------- Done invoking toplevel() on ptolemy.moml.MoMLSimpleApplication@3cd05eb2
reloadAllAccessors: .broken

===========================================================================================
----------------- testing Mon Dec 17 03:02:45 UTC 2018 /home/travis/build/icyphy/ptII/ptolemy/actor/lib/test/auto/LevelCrossTest3.xml
----------------- Instantiating /home/travis/build/icyphy/ptII/ptolemy/actor/lib/test/auto/LevelCrossTest3.xml
1 ms. Memory: 1372160K Free: 1030005K (75%)
----------------- Invoking toplevel() on ptolemy.moml.MoMLSimpleApplication@ef029f8
----------------- Done invoking toplevel() on ptolemy.moml.MoMLSimpleApplication@ef029f8
reloadAllAccessors: .LevelCrossTest3

===========================================================================================
----------------- testing Mon Dec 17 03:02:45 UTC 2018 /home/travis/build/icyphy/ptII/ptolemy/actor/lib/test/auto/LevelCrossTest4.xml
----------------- Instantiating /home/travis/build/icyphy/ptII/ptolemy/actor/lib/test/auto/LevelCrossTest4.xml
1 ms. Memory: 1372160K Free: 1011087K (74%)
----------------- Invoking toplevel() on ptolemy.moml.MoMLSimpleApplication@3d1a63b2
----------------- Done invoking toplevel() on ptolemy.moml.MoMLSimpleApplication@3d1a63b2
reloadAllAccessors: .broken

===========================================================================================
----------------- testing Mon Dec 17 03:02:45 UTC 2018 /home/travis/build/icyphy/ptII/ptolemy/actor/lib/test/auto/LevelCrossTest5.xml
----------------- Instantiating /home/travis/build/icyphy/ptII/ptolemy/actor/lib/test/auto/LevelCrossTest5.xml
1 ms. Memory: 1372160K Free: 998558K (73%)
----------------- Invoking toplevel() on ptolemy.moml.MoMLSimpleApplication@6baf2a4
----------------- Done invoking toplevel() on ptolemy.moml.MoMLSimpleApplication@6baf2a4
reloadAllAccessors: .LevelCrossTest5

===========================================================================================
----------------- testing Mon Dec 17 03:02:45 UTC 2018 /home/travis/build/icyphy/ptII/ptolemy/actor/lib/test/auto/LevelCrossTest6.xml
----------------- Instantiating /home/travis/build/icyphy/ptII/ptolemy/actor/lib/test/auto/LevelCrossTest6.xml
2 ms. Memory: 1372160K Free: 986030K (72%)
----------------- Invoking toplevel() on ptolemy.moml.MoMLSimpleApplication@4e123407
----------------- Done invoking toplevel() on ptolemy.moml.MoMLSimpleApplication@4e123407
reloadAllAccessors: .LevelCrossTest6

===========================================================================================
----------------- testing Mon Dec 17 03:02:45 UTC 2018 /home/travis/build/icyphy/ptII/ptolemy/actor/lib/test/auto/LevelCrossTest7.xml
----------------- Instantiating /home/travis/build/icyphy/ptII/ptolemy/actor/lib/test/auto/LevelCrossTest7.xml
1 ms. Memory: 1372160K Free: 967112K (70%)
----------------- Invoking toplevel() on ptolemy.moml.MoMLSimpleApplication@58cc6f8d
----------------- Done invoking toplevel() on ptolemy.moml.MoMLSimpleApplication@58cc6f8d
reloadAllAccessors: .LevelCrossTest7

===========================================================================================
----------------- testing Mon Dec 17 03:02:45 UTC 2018 /home/travis/build/icyphy/ptII/ptolemy/actor/lib/test/auto/LevelCrossTest8.xml
----------------- Instantiating /home/travis/build/icyphy/ptII/ptolemy/actor/lib/test/auto/LevelCrossTest8.xml
1 ms. Memory: 1372160K Free: 954583K (70%)
----------------- Invoking toplevel() on ptolemy.moml.MoMLSimpleApplication@6313da23
----------------- Done invoking toplevel() on ptolemy.moml.MoMLSimpleApplication@6313da23
reloadAllAccessors: .LevelCrossTest8

===========================================================================================
----------------- testing Mon Dec 17 03:02:45 UTC 2018 /home/travis/build/icyphy/ptII/ptolemy/actor/lib/test/auto/LevelCrossTest9.xml
----------------- Instantiating /home/travis/build/icyphy/ptII/ptolemy/actor/lib/test/auto/LevelCrossTest9.xml
1 ms. Memory: 1372160K Free: 935665K (68%)
----------------- Invoking toplevel() on ptolemy.moml.MoMLSimpleApplication@286c7c4d
----------------- Done invoking toplevel() on ptolemy.moml.MoMLSimpleApplication@286c7c4d
reloadAllAccessors: .LevelCrossTest9

===========================================================================================
----------------- testing Mon Dec 17 03:02:45 UTC 2018 /home/travis/build/icyphy/ptII/ptolemy/actor/lib/test/auto/LevinsonDurbin.xml
----------------- Instantiating /home/travis/build/icyphy/ptII/ptolemy/actor/lib/test/auto/LevinsonDurbin.xml
1 ms. Memory: 1372160K Free: 923137K (67%)
----------------- Invoking toplevel() on ptolemy.moml.MoMLSimpleApplication@15ee8d31
----------------- Done invoking toplevel() on ptolemy.moml.MoMLSimpleApplication@15ee8d31
reloadAllAccessors: .LevinsonDurbin

===========================================================================================
----------------- testing Mon Dec 17 03:02:45 UTC 2018 /home/travis/build/icyphy/ptII/ptolemy/actor/lib/test/auto/LevinsonDurbin2.xml
----------------- Instantiating /home/travis/build/icyphy/ptII/ptolemy/actor/lib/test/auto/LevinsonDurbin2.xml
1 ms. Memory: 1372160K Free: 910608K (66%)
----------------- Invoking toplevel() on ptolemy.moml.MoMLSimpleApplication@6f73d142
----------------- Done invoking toplevel() on ptolemy.moml.MoMLSimpleApplication@6f73d142
reloadAllAccessors: .LevinsonDurbin2

===========================================================================================
----------------- testing Mon Dec 17 03:02:45 UTC 2018 /home/travis/build/icyphy/ptII/ptolemy/actor/lib/test/auto/LevinsonDurbin3.xml
----------------- Instantiating /home/travis/build/icyphy/ptII/ptolemy/actor/lib/test/auto/LevinsonDurbin3.xml
2 ms. Memory: 1372160K Free: 891690K (65%)
----------------- Invoking toplevel() on ptolemy.moml.MoMLSimpleApplication@60c8d118
----------------- Done invoking toplevel() on ptolemy.moml.MoMLSimpleApplication@60c8d118
reloadAllAccessors: .LevinsonDurbin3

===========================================================================================
----------------- testing Mon Dec 17 03:02:45 UTC 2018 /home/travis/build/icyphy/ptII/ptolemy/actor/lib/test/auto/Limiter.xml
----------------- Instantiating /home/travis/build/icyphy/ptII/ptolemy/actor/lib/test/auto/Limiter.xml
4 ms. Memory: 1372160K Free: 872897K (64%)
----------------- Invoking toplevel() on ptolemy.moml.MoMLSimpleApplication@42cf297a
----------------- Done invoking toplevel() on ptolemy.moml.MoMLSimpleApplication@42cf297a
reloadAllAccessors: .Limiter

===========================================================================================
----------------- testing Mon Dec 17 03:02:45 UTC 2018 /home/travis/build/icyphy/ptII/ptolemy/actor/lib/test/auto/LinearDifferenceEquationSystem.xml
----------------- Instantiating /home/travis/build/icyphy/ptII/ptolemy/actor/lib/test/auto/LinearDifferenceEquationSystem.xml
3 ms. Memory: 1372160K Free: 860368K (63%)
----------------- Invoking toplevel() on ptolemy.moml.MoMLSimpleApplication@66b57363
----------------- Done invoking toplevel() on ptolemy.moml.MoMLSimpleApplication@66b57363
reloadAllAccessors: .LinearDifferenceEquationSystem

===========================================================================================
----------------- testing Mon Dec 17 03:02:45 UTC 2018 /home/travis/build/icyphy/ptII/ptolemy/actor/lib/test/auto/LookupTable.xml
----------------- Instantiating /home/travis/build/icyphy/ptII/ptolemy/actor/lib/test/auto/LookupTable.xml
1 ms. Memory: 1372160K Free: 841451K (61%)
----------------- Invoking toplevel() on ptolemy.moml.MoMLSimpleApplication@4a3428bf
----------------- Done invoking toplevel() on ptolemy.moml.MoMLSimpleApplication@4a3428bf
reloadAllAccessors: .LookupTable

===========================================================================================
----------------- testing Mon Dec 17 03:02:45 UTC 2018 /home/travis/build/icyphy/ptII/ptolemy/actor/lib/test/auto/MathFunction.xml
----------------- Instantiating /home/travis/build/icyphy/ptII/ptolemy/actor/lib/test/auto/MathFunction.xml
2 ms. Memory: 1372160K Free: 828922K (60%)
----------------- Invoking toplevel() on ptolemy.moml.MoMLSimpleApplication@2119a1cd
----------------- Done invoking toplevel() on ptolemy.moml.MoMLSimpleApplication@2119a1cd
reloadAllAccessors: .MathFunction

===========================================================================================
----------------- testing Mon Dec 17 03:02:45 UTC 2018 /home/travis/build/icyphy/ptII/ptolemy/actor/lib/test/auto/MathFunction2.xml
----------------- Instantiating /home/travis/build/icyphy/ptII/ptolemy/actor/lib/test/auto/MathFunction2.xml
1 ms. Memory: 1372160K Free: 816393K (59%)
----------------- Invoking toplevel() on ptolemy.moml.MoMLSimpleApplication@1b2cf4c2
----------------- Done invoking toplevel() on ptolemy.moml.MoMLSimpleApplication@1b2cf4c2
reloadAllAccessors: .MathFunction2

===========================================================================================
----------------- testing Mon Dec 17 03:02:45 UTC 2018 /home/travis/build/icyphy/ptII/ptolemy/actor/lib/test/auto/MathFunction3.xml
----------------- Instantiating /home/travis/build/icyphy/ptII/ptolemy/actor/lib/test/auto/MathFunction3.xml
5 ms. Memory: 1372160K Free: 797475K (58%)
----------------- Invoking toplevel() on ptolemy.moml.MoMLSimpleApplication@152fba1
----------------- Done invoking toplevel() on ptolemy.moml.MoMLSimpleApplication@152fba1
reloadAllAccessors: .MathFunction3

===========================================================================================
----------------- testing Mon Dec 17 03:02:45 UTC 2018 /home/travis/build/icyphy/ptII/ptolemy/actor/lib/test/auto/MatrixCropBoolean.xml
----------------- Instantiating /home/travis/build/icyphy/ptII/ptolemy/actor/lib/test/auto/MatrixCropBoolean.xml
2 ms. Memory: 1372160K Free: 784947K (57%)
----------------- Invoking toplevel() on ptolemy.moml.MoMLSimpleApplication@1cf96e54
----------------- Done invoking toplevel() on ptolemy.moml.MoMLSimpleApplication@1cf96e54
reloadAllAccessors: .MatrixCropBoolean

===========================================================================================
----------------- testing Mon Dec 17 03:02:45 UTC 2018 /home/travis/build/icyphy/ptII/ptolemy/actor/lib/test/auto/MatrixCropComplex.xml
----------------- Instantiating /home/travis/build/icyphy/ptII/ptolemy/actor/lib/test/auto/MatrixCropComplex.xml
2 ms. Memory: 1372160K Free: 766029K (56%)
----------------- Invoking toplevel() on ptolemy.moml.MoMLSimpleApplication@70573f69
----------------- Done invoking toplevel() on ptolemy.moml.MoMLSimpleApplication@70573f69
reloadAllAccessors: .MatrixCropComplex

===========================================================================================
----------------- testing Mon Dec 17 03:02:45 UTC 2018 /home/travis/build/icyphy/ptII/ptolemy/actor/lib/test/auto/MatrixCropDouble.xml
----------------- Instantiating /home/travis/build/icyphy/ptII/ptolemy/actor/lib/test/auto/MatrixCropDouble.xml
2 ms. Memory: 1372160K Free: 753500K (55%)
----------------- Invoking toplevel() on ptolemy.moml.MoMLSimpleApplication@896505f
----------------- Done invoking toplevel() on ptolemy.moml.MoMLSimpleApplication@896505f
reloadAllAccessors: .MatrixCropDouble

===========================================================================================
----------------- testing Mon Dec 17 03:02:45 UTC 2018 /home/travis/build/icyphy/ptII/ptolemy/actor/lib/test/auto/MatrixCropFix.xml
----------------- Instantiating /home/travis/build/icyphy/ptII/ptolemy/actor/lib/test/auto/MatrixCropFix.xml
1 ms. Memory: 1372160K Free: 740972K (54%)
----------------- Invoking toplevel() on ptolemy.moml.MoMLSimpleApplication@1a23d28
----------------- Done invoking toplevel() on ptolemy.moml.MoMLSimpleApplication@1a23d28
reloadAllAccessors: .MatrixCropFix

===========================================================================================
----------------- testing Mon Dec 17 03:02:45 UTC 2018 /home/travis/build/icyphy/ptII/ptolemy/actor/lib/test/auto/MatrixCropInt.xml
----------------- Instantiating /home/travis/build/icyphy/ptII/ptolemy/actor/lib/test/auto/MatrixCropInt.xml
1 ms. Memory: 1372160K Free: 722054K (53%)
----------------- Invoking toplevel() on ptolemy.moml.MoMLSimpleApplication@76cdc9a6
----------------- Done invoking toplevel() on ptolemy.moml.MoMLSimpleApplication@76cdc9a6
reloadAllAccessors: .MatrixCropInt

===========================================================================================
----------------- testing Mon Dec 17 03:02:45 UTC 2018 /home/travis/build/icyphy/ptII/ptolemy/actor/lib/test/auto/MatrixCropLong.xml
----------------- Instantiating /home/travis/build/icyphy/ptII/ptolemy/actor/lib/test/auto/MatrixCropLong.xml
1 ms. Memory: 1372160K Free: 709525K (52%)
----------------- Invoking toplevel() on ptolemy.moml.MoMLSimpleApplication@10a354ef
----------------- Done invoking toplevel() on ptolemy.moml.MoMLSimpleApplication@10a354ef
reloadAllAccessors: .MatrixCropLong

===========================================================================================
----------------- testing Mon Dec 17 03:02:45 UTC 2018 /home/travis/build/icyphy/ptII/ptolemy/actor/lib/test/auto/MatrixToArray.xml
----------------- Instantiating /home/travis/build/icyphy/ptII/ptolemy/actor/lib/test/auto/MatrixToArray.xml
5 ms. Memory: 1372160K Free: 684468K (50%)
----------------- Invoking toplevel() on ptolemy.moml.MoMLSimpleApplication@7cae64e2
----------------- Done invoking toplevel() on ptolemy.moml.MoMLSimpleApplication@7cae64e2
reloadAllAccessors: .MatrixToArray

===========================================================================================
----------------- testing Mon Dec 17 03:02:45 UTC 2018 /home/travis/build/icyphy/ptII/ptolemy/actor/lib/test/auto/MaxIndex.xml
----------------- Instantiating /home/travis/build/icyphy/ptII/ptolemy/actor/lib/test/auto/MaxIndex.xml
1 ms. Memory: 1372160K Free: 665550K (49%)
----------------- Invoking toplevel() on ptolemy.moml.MoMLSimpleApplication@4f010d3a
----------------- Done invoking toplevel() on ptolemy.moml.MoMLSimpleApplication@4f010d3a
reloadAllAccessors: .MaxIndex

===========================================================================================
----------------- testing Mon Dec 17 03:02:45 UTC 2018 /home/travis/build/icyphy/ptII/ptolemy/actor/lib/test/auto/Maximum.xml
----------------- Instantiating /home/travis/build/icyphy/ptII/ptolemy/actor/lib/test/auto/Maximum.xml
2 ms. Memory: 1372160K Free: 653021K (48%)
----------------- Invoking toplevel() on ptolemy.moml.MoMLSimpleApplication@c000182
----------------- Done invoking toplevel() on ptolemy.moml.MoMLSimpleApplication@c000182
reloadAllAccessors: .Maximum

===========================================================================================
----------------- testing Mon Dec 17 03:02:45 UTC 2018 /home/travis/build/icyphy/ptII/ptolemy/actor/lib/test/auto/MaximumComplex.xml
----------------- Instantiating /home/travis/build/icyphy/ptII/ptolemy/actor/lib/test/auto/MaximumComplex.xml
3 ms. Memory: 1372160K Free: 640493K (47%)
----------------- Invoking toplevel() on ptolemy.moml.MoMLSimpleApplication@7f02f021
----------------- Done invoking toplevel() on ptolemy.moml.MoMLSimpleApplication@7f02f021
reloadAllAccessors: .MaximumComplex

===========================================================================================
----------------- testing Mon Dec 17 03:02:45 UTC 2018 /home/travis/build/icyphy/ptII/ptolemy/actor/lib/test/auto/MethodCallTest.xml
----------------- Instantiating /home/travis/build/icyphy/ptII/ptolemy/actor/lib/test/auto/MethodCallTest.xml
2 ms. Memory: 1372160K Free: 621575K (45%)
----------------- Invoking toplevel() on ptolemy.moml.MoMLSimpleApplication@52223f17
----------------- Done invoking toplevel() on ptolemy.moml.MoMLSimpleApplication@52223f17
reloadAllAccessors: .MethodCallTest

===========================================================================================
----------------- testing Mon Dec 17 03:02:45 UTC 2018 /home/travis/build/icyphy/ptII/ptolemy/actor/lib/test/auto/Minimum.xml
----------------- Instantiating /home/travis/build/icyphy/ptII/ptolemy/actor/lib/test/auto/Minimum.xml
2 ms. Memory: 1372160K Free: 609046K (44%)
----------------- Invoking toplevel() on ptolemy.moml.MoMLSimpleApplication@552868e3
----------------- Done invoking toplevel() on ptolemy.moml.MoMLSimpleApplication@552868e3
reloadAllAccessors: .Minimum

===========================================================================================
----------------- testing Mon Dec 17 03:02:45 UTC 2018 /home/travis/build/icyphy/ptII/ptolemy/actor/lib/test/auto/MinimumComplex.xml
----------------- Instantiating /home/travis/build/icyphy/ptII/ptolemy/actor/lib/test/auto/MinimumComplex.xml
3 ms. Memory: 1372160K Free: 590128K (43%)
----------------- Invoking toplevel() on ptolemy.moml.MoMLSimpleApplication@278e1d19
----------------- Done invoking toplevel() on ptolemy.moml.MoMLSimpleApplication@278e1d19
reloadAllAccessors: .MinimumComplex

===========================================================================================
----------------- testing Mon Dec 17 03:02:45 UTC 2018 /home/travis/build/icyphy/ptII/ptolemy/actor/lib/test/auto/MinimumMultiports.xml
----------------- Instantiating /home/travis/build/icyphy/ptII/ptolemy/actor/lib/test/auto/MinimumMultiports.xml
3 ms. Memory: 1372160K Free: 577600K (42%)
----------------- Invoking toplevel() on ptolemy.moml.MoMLSimpleApplication@6a82fad6
----------------- Done invoking toplevel() on ptolemy.moml.MoMLSimpleApplication@6a82fad6
reloadAllAccessors: .MinimumMultiports

===========================================================================================
----------------- testing Mon Dec 17 03:02:45 UTC 2018 /home/travis/build/icyphy/ptII/ptolemy/actor/lib/test/auto/ModifyDate.xml
----------------- Instantiating /home/travis/build/icyphy/ptII/ptolemy/actor/lib/test/auto/ModifyDate.xml
8 ms. Memory: 1372160K Free: 558799K (41%)
----------------- Invoking toplevel() on ptolemy.moml.MoMLSimpleApplication@687b361d
----------------- Done invoking toplevel() on ptolemy.moml.MoMLSimpleApplication@687b361d
reloadAllAccessors: .ModifyDate

===========================================================================================
----------------- testing Mon Dec 17 03:02:45 UTC 2018 /home/travis/build/icyphy/ptII/ptolemy/actor/lib/test/auto/ModifyDate2.xml
----------------- Instantiating /home/travis/build/icyphy/ptII/ptolemy/actor/lib/test/auto/ModifyDate2.xml
3 ms. Memory: 1372160K Free: 533616K (39%)
----------------- Invoking toplevel() on ptolemy.moml.MoMLSimpleApplication@62fcbf5a
----------------- Done invoking toplevel() on ptolemy.moml.MoMLSimpleApplication@62fcbf5a
reloadAllAccessors: .ModifyDate2

===========================================================================================
----------------- testing Mon Dec 17 03:02:45 UTC 2018 /home/travis/build/icyphy/ptII/ptolemy/actor/lib/test/auto/MovingAverage.xml
----------------- Instantiating /home/travis/build/icyphy/ptII/ptolemy/actor/lib/test/auto/MovingAverage.xml
1 ms. Memory: 1372160K Free: 521087K (38%)
----------------- Invoking toplevel() on ptolemy.moml.MoMLSimpleApplication@3fd7b03b
----------------- Done invoking toplevel() on ptolemy.moml.MoMLSimpleApplication@3fd7b03b
reloadAllAccessors: .MovingAverage

===========================================================================================
----------------- testing Mon Dec 17 03:02:45 UTC 2018 /home/travis/build/icyphy/ptII/ptolemy/actor/lib/test/auto/MovingMaximum.xml
----------------- Instantiating /home/travis/build/icyphy/ptII/ptolemy/actor/lib/test/auto/MovingMaximum.xml
1 ms. Memory: 1372160K Free: 508559K (37%)
----------------- Invoking toplevel() on ptolemy.moml.MoMLSimpleApplication@26911356
----------------- Done invoking toplevel() on ptolemy.moml.MoMLSimpleApplication@26911356
reloadAllAccessors: .MovingMaximum

===========================================================================================
----------------- testing Mon Dec 17 03:02:45 UTC 2018 /home/travis/build/icyphy/ptII/ptolemy/actor/lib/test/auto/MultipleLinksToSameRelation.xml
----------------- Instantiating /home/travis/build/icyphy/ptII/ptolemy/actor/lib/test/auto/MultipleLinksToSameRelation.xml
4 ms. Memory: 1372160K Free: 489641K (36%)
----------------- Invoking toplevel() on ptolemy.moml.MoMLSimpleApplication@a1cb42c
----------------- Done invoking toplevel() on ptolemy.moml.MoMLSimpleApplication@a1cb42c
reloadAllAccessors: .MultipleLinksToSameRelation

===========================================================================================
----------------- testing Mon Dec 17 03:02:45 UTC 2018 /home/travis/build/icyphy/ptII/ptolemy/actor/lib/test/auto/MultipleLinksToSameRelationDE.xml
----------------- Instantiating /home/travis/build/icyphy/ptII/ptolemy/actor/lib/test/auto/MultipleLinksToSameRelationDE.xml
3 ms. Memory: 1372160K Free: 477112K (35%)
----------------- Invoking toplevel() on ptolemy.moml.MoMLSimpleApplication@18a628f6
----------------- Done invoking toplevel() on ptolemy.moml.MoMLSimpleApplication@18a628f6
reloadAllAccessors: .MultipleLinksToSameRelationDE

===========================================================================================
----------------- testing Mon Dec 17 03:02:45 UTC 2018 /home/travis/build/icyphy/ptII/ptolemy/actor/lib/test/auto/Multiplexor.xml
----------------- Instantiating /home/travis/build/icyphy/ptII/ptolemy/actor/lib/test/auto/Multiplexor.xml
2 ms. Memory: 1372160K Free: 464584K (34%)
----------------- Invoking toplevel() on ptolemy.moml.MoMLSimpleApplication@3b77cb37
----------------- Done invoking toplevel() on ptolemy.moml.MoMLSimpleApplication@3b77cb37
reloadAllAccessors: .Multiplexor

===========================================================================================
----------------- testing Mon Dec 17 03:02:45 UTC 2018 /home/travis/build/icyphy/ptII/ptolemy/actor/lib/test/auto/Multiplexor1.xml
----------------- Instantiating /home/travis/build/icyphy/ptII/ptolemy/actor/lib/test/auto/Multiplexor1.xml
4 ms. Memory: 1372160K Free: 445666K (32%)
----------------- Invoking toplevel() on ptolemy.moml.MoMLSimpleApplication@1492fc1f
----------------- Done invoking toplevel() on ptolemy.moml.MoMLSimpleApplication@1492fc1f
reloadAllAccessors: .Multiplexor1

===========================================================================================
----------------- testing Mon Dec 17 03:02:45 UTC 2018 /home/travis/build/icyphy/ptII/ptolemy/actor/lib/test/auto/Multiplexor2.xml
----------------- Instantiating /home/travis/build/icyphy/ptII/ptolemy/actor/lib/test/auto/Multiplexor2.xml
6 ms. Memory: 1372160K Free: 433137K (32%)
----------------- Invoking toplevel() on ptolemy.moml.MoMLSimpleApplication@16b68e8f
----------------- Done invoking toplevel() on ptolemy.moml.MoMLSimpleApplication@16b68e8f
reloadAllAccessors: .Multiplexor2

===========================================================================================
----------------- testing Mon Dec 17 03:02:45 UTC 2018 /home/travis/build/icyphy/ptII/ptolemy/actor/lib/test/auto/Multiplexor3.xml
----------------- Instantiating /home/travis/build/icyphy/ptII/ptolemy/actor/lib/test/auto/Multiplexor3.xml
1 ms. Memory: 1372160K Free: 414219K (30%)
----------------- Invoking toplevel() on ptolemy.moml.MoMLSimpleApplication@16fcd87e
----------------- Done invoking toplevel() on ptolemy.moml.MoMLSimpleApplication@16fcd87e
reloadAllAccessors: .Multiplexor3

===========================================================================================
----------------- testing Mon Dec 17 03:02:45 UTC 2018 /home/travis/build/icyphy/ptII/ptolemy/actor/lib/test/auto/MultiplexorDE.xml
----------------- Instantiating /home/travis/build/icyphy/ptII/ptolemy/actor/lib/test/auto/MultiplexorDE.xml
1 ms. Memory: 1372160K Free: 401690K (29%)
----------------- Invoking toplevel() on ptolemy.moml.MoMLSimpleApplication@59b78a0d
----------------- Done invoking toplevel() on ptolemy.moml.MoMLSimpleApplication@59b78a0d
reloadAllAccessors: .MultiplexorDE

===========================================================================================
----------------- testing Mon Dec 17 03:02:45 UTC 2018 /home/travis/build/icyphy/ptII/ptolemy/actor/lib/test/auto/MultiportBroadcastTest.xml
----------------- Instantiating /home/travis/build/icyphy/ptII/ptolemy/actor/lib/test/auto/MultiportBroadcastTest.xml
88 ms. Memory: 1372160K Free: 389162K (28%)
----------------- Invoking toplevel() on ptolemy.moml.MoMLSimpleApplication@561fa873
----------------- Done invoking toplevel() on ptolemy.moml.MoMLSimpleApplication@561fa873
reloadAllAccessors: .MultiportBroadcastTest

===========================================================================================
----------------- testing Mon Dec 17 03:02:45 UTC 2018 /home/travis/build/icyphy/ptII/ptolemy/actor/lib/test/auto/MultiportOutHangDuringGetWidth.xml
----------------- Instantiating /home/travis/build/icyphy/ptII/ptolemy/actor/lib/test/auto/MultiportOutHangDuringGetWidth.xml
4 ms. Memory: 1372160K Free: 363980K (27%)
----------------- Invoking toplevel() on ptolemy.moml.MoMLSimpleApplication@2da8e3fe
----------------- Done invoking toplevel() on ptolemy.moml.MoMLSimpleApplication@2da8e3fe
reloadAllAccessors: .MultiportOutHangDuringGetWidth

===========================================================================================
----------------- testing Mon Dec 17 03:02:45 UTC 2018 /home/travis/build/icyphy/ptII/ptolemy/actor/lib/test/auto/NilToken.xml
----------------- Instantiating /home/travis/build/icyphy/ptII/ptolemy/actor/lib/test/auto/NilToken.xml
1 ms. Memory: 1372160K Free: 351451K (26%)
----------------- Invoking toplevel() on ptolemy.moml.MoMLSimpleApplication@177a1aae
----------------- Done invoking toplevel() on ptolemy.moml.MoMLSimpleApplication@177a1aae
reloadAllAccessors: .NilToken

===========================================================================================
----------------- testing Mon Dec 17 03:02:45 UTC 2018 /home/travis/build/icyphy/ptII/ptolemy/actor/lib/test/auto/NilTokenNonStrictTest.xml
----------------- Instantiating /home/travis/build/icyphy/ptII/ptolemy/actor/lib/test/auto/NilTokenNonStrictTest.xml
3 ms. Memory: 1372160K Free: 338922K (25%)
----------------- Invoking toplevel() on ptolemy.moml.MoMLSimpleApplication@1cb8a4ba
----------------- Done invoking toplevel() on ptolemy.moml.MoMLSimpleApplication@1cb8a4ba
reloadAllAccessors: .NilTokenNonStrictTest

===========================================================================================
----------------- testing Mon Dec 17 03:02:45 UTC 2018 /home/travis/build/icyphy/ptII/ptolemy/actor/lib/test/auto/NilTokenRecord.xml
----------------- Instantiating /home/travis/build/icyphy/ptII/ptolemy/actor/lib/test/auto/NilTokenRecord.xml
5 ms. Memory: 1372160K Free: 320005K (23%)
----------------- Invoking toplevel() on ptolemy.moml.MoMLSimpleApplication@1ee5b081
----------------- Done invoking toplevel() on ptolemy.moml.MoMLSimpleApplication@1ee5b081
reloadAllAccessors: .NilTokenRecord

===========================================================================================
----------------- testing Mon Dec 17 03:02:46 UTC 2018 /home/travis/build/icyphy/ptII/ptolemy/actor/lib/test/auto/NilTokenTypeTest.xml
----------------- Instantiating /home/travis/build/icyphy/ptII/ptolemy/actor/lib/test/auto/NilTokenTypeTest.xml
7 ms. Memory: 1372160K Free: 301196K (22%)
----------------- Invoking toplevel() on ptolemy.moml.MoMLSimpleApplication@6c8a95e
----------------- Done invoking toplevel() on ptolemy.moml.MoMLSimpleApplication@6c8a95e
reloadAllAccessors: .NilTokenTypeTest

===========================================================================================
----------------- testing Mon Dec 17 03:02:46 UTC 2018 /home/travis/build/icyphy/ptII/ptolemy/actor/lib/test/auto/ObjectToken1.xml
----------------- Instantiating /home/travis/build/icyphy/ptII/ptolemy/actor/lib/test/auto/ObjectToken1.xml
2 ms. Memory: 1372160K Free: 282277K (21%)
----------------- Invoking toplevel() on ptolemy.moml.MoMLSimpleApplication@202facf
----------------- Done invoking toplevel() on ptolemy.moml.MoMLSimpleApplication@202facf
reloadAllAccessors: .ObjectToken1

===========================================================================================
----------------- testing Mon Dec 17 03:02:46 UTC 2018 /home/travis/build/icyphy/ptII/ptolemy/actor/lib/test/auto/OrderedMerge.xml
----------------- Instantiating /home/travis/build/icyphy/ptII/ptolemy/actor/lib/test/auto/OrderedMerge.xml
4 ms. Memory: 1372160K Free: 244691K (18%)
----------------- Invoking toplevel() on ptolemy.moml.MoMLSimpleApplication@1cb353da
----------------- Done invoking toplevel() on ptolemy.moml.MoMLSimpleApplication@1cb353da
reloadAllAccessors: .OrderedMerge

===========================================================================================
----------------- testing Mon Dec 17 03:02:46 UTC 2018 /home/travis/build/icyphy/ptII/ptolemy/actor/lib/test/auto/OrderedRecordDisassembler.xml
----------------- Instantiating /home/travis/build/icyphy/ptII/ptolemy/actor/lib/test/auto/OrderedRecordDisassembler.xml
2 ms. Memory: 1372160K Free: 232163K (17%)
----------------- Invoking toplevel() on ptolemy.moml.MoMLSimpleApplication@2cb213f0
----------------- Done invoking toplevel() on ptolemy.moml.MoMLSimpleApplication@2cb213f0
reloadAllAccessors: .OrderedRecordDisassembler

===========================================================================================
----------------- testing Mon Dec 17 03:02:46 UTC 2018 /home/travis/build/icyphy/ptII/ptolemy/actor/lib/test/auto/OrderedRecordDisassembler2.xml
----------------- Instantiating /home/travis/build/icyphy/ptII/ptolemy/actor/lib/test/auto/OrderedRecordDisassembler2.xml
3 ms. Memory: 1372160K Free: 213245K (16%)
----------------- Invoking toplevel() on ptolemy.moml.MoMLSimpleApplication@32b2c20b
----------------- Done invoking toplevel() on ptolemy.moml.MoMLSimpleApplication@32b2c20b
reloadAllAccessors: .OrderedRecordDisassembler2

===========================================================================================
----------------- testing Mon Dec 17 03:02:46 UTC 2018 /home/travis/build/icyphy/ptII/ptolemy/actor/lib/test/auto/OrderedRecordUpdater.xml
----------------- Instantiating /home/travis/build/icyphy/ptII/ptolemy/actor/lib/test/auto/OrderedRecordUpdater.xml
2 ms. Memory: 1372160K Free: 200716K (15%)
----------------- Invoking toplevel() on ptolemy.moml.MoMLSimpleApplication@53b74bb6
----------------- Done invoking toplevel() on ptolemy.moml.MoMLSimpleApplication@53b74bb6
reloadAllAccessors: .RecordUpdater

===========================================================================================
----------------- testing Mon Dec 17 03:02:46 UTC 2018 /home/travis/build/icyphy/ptII/ptolemy/actor/lib/test/auto/OrderedRecordUpdater2.xml
----------------- Instantiating /home/travis/build/icyphy/ptII/ptolemy/actor/lib/test/auto/OrderedRecordUpdater2.xml
2 ms. Memory: 1372160K Free: 188187K (14%)
----------------- Invoking toplevel() on ptolemy.moml.MoMLSimpleApplication@59c0d517
----------------- Done invoking toplevel() on ptolemy.moml.MoMLSimpleApplication@59c0d517
reloadAllAccessors: .RecordUpdater2

===========================================================================================
----------------- testing Mon Dec 17 03:02:46 UTC 2018 /home/travis/build/icyphy/ptII/ptolemy/actor/lib/test/auto/PhaseUnwrap.xml
----------------- Instantiating /home/travis/build/icyphy/ptII/ptolemy/actor/lib/test/auto/PhaseUnwrap.xml
2 ms. Memory: 1372160K Free: 169269K (12%)
----------------- Invoking toplevel() on ptolemy.moml.MoMLSimpleApplication@4877503b
----------------- Done invoking toplevel() on ptolemy.moml.MoMLSimpleApplication@4877503b
reloadAllAccessors: .PhaseUnwrap

===========================================================================================
----------------- testing Mon Dec 17 03:02:46 UTC 2018 /home/travis/build/icyphy/ptII/ptolemy/actor/lib/test/auto/PoissonClock.xml
----------------- Instantiating /home/travis/build/icyphy/ptII/ptolemy/actor/lib/test/auto/PoissonClock.xml
2 ms. Memory: 1372160K Free: 156741K (11%)
----------------- Invoking toplevel() on ptolemy.moml.MoMLSimpleApplication@6d05ea00
----------------- Done invoking toplevel() on ptolemy.moml.MoMLSimpleApplication@6d05ea00
reloadAllAccessors: .PoissonClock

===========================================================================================
----------------- testing Mon Dec 17 03:02:46 UTC 2018 /home/travis/build/icyphy/ptII/ptolemy/actor/lib/test/auto/PoissonClock2.xml
----------------- Instantiating /home/travis/build/icyphy/ptII/ptolemy/actor/lib/test/auto/PoissonClock2.xml
1 ms. Memory: 1372160K Free: 137823K (10%)
----------------- Invoking toplevel() on ptolemy.moml.MoMLSimpleApplication@47a882a5
----------------- Done invoking toplevel() on ptolemy.moml.MoMLSimpleApplication@47a882a5
reloadAllAccessors: .PoissonClock2

===========================================================================================
----------------- testing Mon Dec 17 03:02:46 UTC 2018 /home/travis/build/icyphy/ptII/ptolemy/actor/lib/test/auto/PoissonClock3.xml
----------------- Instantiating /home/travis/build/icyphy/ptII/ptolemy/actor/lib/test/auto/PoissonClock3.xml
1 ms. Memory: 1372160K Free: 125294K (9%)
----------------- Invoking toplevel() on ptolemy.moml.MoMLSimpleApplication@573c092f
----------------- Done invoking toplevel() on ptolemy.moml.MoMLSimpleApplication@573c092f
reloadAllAccessors: .PoissonClock3

===========================================================================================
----------------- testing Mon Dec 17 03:02:46 UTC 2018 /home/travis/build/icyphy/ptII/ptolemy/actor/lib/test/auto/PubSubWithInitialTokens.xml
----------------- Instantiating /home/travis/build/icyphy/ptII/ptolemy/actor/lib/test/auto/PubSubWithInitialTokens.xml
2 ms. Memory: 1372160K Free: 112766K (8%)
----------------- Invoking toplevel() on ptolemy.moml.MoMLSimpleApplication@58cd5685
----------------- Done invoking toplevel() on ptolemy.moml.MoMLSimpleApplication@58cd5685
reloadAllAccessors: .PubSubWithInitialTokens

===========================================================================================
----------------- testing Mon Dec 17 03:02:46 UTC 2018 /home/travis/build/icyphy/ptII/ptolemy/actor/lib/test/auto/PubSubWithInitialTokens2.xml
----------------- Instantiating /home/travis/build/icyphy/ptII/ptolemy/actor/lib/test/auto/PubSubWithInitialTokens2.xml
2 ms. Memory: 1372160K Free: 93848K (7%)
----------------- Invoking toplevel() on ptolemy.moml.MoMLSimpleApplication@1232d2b4
----------------- Done invoking toplevel() on ptolemy.moml.MoMLSimpleApplication@1232d2b4
reloadAllAccessors: .PubSubWithInitialTokens2

===========================================================================================
----------------- testing Mon Dec 17 03:02:46 UTC 2018 /home/travis/build/icyphy/ptII/ptolemy/actor/lib/test/auto/PublisherClassNoParameter.xml
----------------- Instantiating /home/travis/build/icyphy/ptII/ptolemy/actor/lib/test/auto/PublisherClassNoParameter.xml
11 ms. Memory: 1544192K Free: 1501579K (97%)
----------------- Invoking toplevel() on ptolemy.moml.MoMLSimpleApplication@3bd698bd
----------------- Done invoking toplevel() on ptolemy.moml.MoMLSimpleApplication@3bd698bd
reloadAllAccessors: .PublisherClassNoParameter

===========================================================================================
----------------- testing Mon Dec 17 03:02:46 UTC 2018 /home/travis/build/icyphy/ptII/ptolemy/actor/lib/test/auto/PublisherClassParameter.xml
----------------- Instantiating /home/travis/build/icyphy/ptII/ptolemy/actor/lib/test/auto/PublisherClassParameter.xml
2 ms. Memory: 1544192K Free: 1469963K (95%)
----------------- Invoking toplevel() on ptolemy.moml.MoMLSimpleApplication@3867ee2c
----------------- Done invoking toplevel() on ptolemy.moml.MoMLSimpleApplication@3867ee2c
reloadAllAccessors: .PublisherClassParameter

===========================================================================================
----------------- testing Mon Dec 17 03:02:46 UTC 2018 /home/travis/build/icyphy/ptII/ptolemy/actor/lib/test/auto/PublisherNonStrictTest.xml
----------------- Instantiating /home/travis/build/icyphy/ptII/ptolemy/actor/lib/test/auto/PublisherNonStrictTest.xml
2 ms. Memory: 1544192K Free: 1455530K (94%)
----------------- Invoking toplevel() on ptolemy.moml.MoMLSimpleApplication@44c8f86e
----------------- Done invoking toplevel() on ptolemy.moml.MoMLSimpleApplication@44c8f86e
reloadAllAccessors: .PublisherNonStrictTest

===========================================================================================
----------------- testing Mon Dec 17 03:02:46 UTC 2018 /home/travis/build/icyphy/ptII/ptolemy/actor/lib/test/auto/PublisherPort1.xml
----------------- Instantiating /home/travis/build/icyphy/ptII/ptolemy/actor/lib/test/auto/PublisherPort1.xml
2 ms. Memory: 1544192K Free: 1434811K (93%)
----------------- Invoking toplevel() on ptolemy.moml.MoMLSimpleApplication@6de4c647
----------------- Done invoking toplevel() on ptolemy.moml.MoMLSimpleApplication@6de4c647
reloadAllAccessors: .PublisherPort1

===========================================================================================
----------------- testing Mon Dec 17 03:02:46 UTC 2018 /home/travis/build/icyphy/ptII/ptolemy/actor/lib/test/auto/PublisherPort2.xml
----------------- Instantiating /home/travis/build/icyphy/ptII/ptolemy/actor/lib/test/auto/PublisherPort2.xml
1 ms. Memory: 1544192K Free: 1420378K (92%)
----------------- Invoking toplevel() on ptolemy.moml.MoMLSimpleApplication@3585084c
----------------- Done invoking toplevel() on ptolemy.moml.MoMLSimpleApplication@3585084c
reloadAllAccessors: .PublisherPort2

===========================================================================================
----------------- testing Mon Dec 17 03:02:46 UTC 2018 /home/travis/build/icyphy/ptII/ptolemy/actor/lib/test/auto/PublisherPort3.xml
----------------- Instantiating /home/travis/build/icyphy/ptII/ptolemy/actor/lib/test/auto/PublisherPort3.xml
3 ms. Memory: 1544192K Free: 1405945K (91%)
----------------- Invoking toplevel() on ptolemy.moml.MoMLSimpleApplication@a56f255
----------------- Done invoking toplevel() on ptolemy.moml.MoMLSimpleApplication@a56f255
reloadAllAccessors: .PublisherPort3

===========================================================================================
----------------- testing Mon Dec 17 03:02:46 UTC 2018 /home/travis/build/icyphy/ptII/ptolemy/actor/lib/test/auto/PublisherPort4.xml
----------------- Instantiating /home/travis/build/icyphy/ptII/ptolemy/actor/lib/test/auto/PublisherPort4.xml
1 ms. Memory: 1544192K Free: 1385226K (90%)
----------------- Invoking toplevel() on ptolemy.moml.MoMLSimpleApplication@412960e6
----------------- Done invoking toplevel() on ptolemy.moml.MoMLSimpleApplication@412960e6
reloadAllAccessors: .PublisherPort4

===========================================================================================
----------------- testing Mon Dec 17 03:02:46 UTC 2018 /home/travis/build/icyphy/ptII/ptolemy/actor/lib/test/auto/PublisherPort5.xml
----------------- Instantiating /home/travis/build/icyphy/ptII/ptolemy/actor/lib/test/auto/PublisherPort5.xml
3 ms. Memory: 1544192K Free: 1370793K (89%)
----------------- Invoking toplevel() on ptolemy.moml.MoMLSimpleApplication@36670e5d
----------------- Done invoking toplevel() on ptolemy.moml.MoMLSimpleApplication@36670e5d
reloadAllAccessors: .PublisherPort5

===========================================================================================
----------------- testing Mon Dec 17 03:02:46 UTC 2018 /home/travis/build/icyphy/ptII/ptolemy/actor/lib/test/auto/PublisherPort5LookAlike.xml
----------------- Instantiating /home/travis/build/icyphy/ptII/ptolemy/actor/lib/test/auto/PublisherPort5LookAlike.xml
3 ms. Memory: 1544192K Free: 1350021K (87%)
----------------- Invoking toplevel() on ptolemy.moml.MoMLSimpleApplication@1ed75532
----------------- Done invoking toplevel() on ptolemy.moml.MoMLSimpleApplication@1ed75532
reloadAllAccessors: .PublisherPort5LookAlike

===========================================================================================
----------------- testing Mon Dec 17 03:02:46 UTC 2018 /home/travis/build/icyphy/ptII/ptolemy/actor/lib/test/auto/PublisherPort6.xml
----------------- Instantiating /home/travis/build/icyphy/ptII/ptolemy/actor/lib/test/auto/PublisherPort6.xml
2 ms. Memory: 1544192K Free: 1335588K (86%)
----------------- Invoking toplevel() on ptolemy.moml.MoMLSimpleApplication@3669948e
----------------- Done invoking toplevel() on ptolemy.moml.MoMLSimpleApplication@3669948e
reloadAllAccessors: .PublisherPort6

===========================================================================================
----------------- testing Mon Dec 17 03:02:46 UTC 2018 /home/travis/build/icyphy/ptII/ptolemy/actor/lib/test/auto/PublisherPort7.xml
----------------- Instantiating /home/travis/build/icyphy/ptII/ptolemy/actor/lib/test/auto/PublisherPort7.xml
3 ms. Memory: 1544192K Free: 1321154K (86%)
----------------- Invoking toplevel() on ptolemy.moml.MoMLSimpleApplication@2925f09d
----------------- Done invoking toplevel() on ptolemy.moml.MoMLSimpleApplication@2925f09d
reloadAllAccessors: .PublisherPort7

===========================================================================================
----------------- testing Mon Dec 17 03:02:46 UTC 2018 /home/travis/build/icyphy/ptII/ptolemy/actor/lib/test/auto/PublisherPort8.xml
----------------- Instantiating /home/travis/build/icyphy/ptII/ptolemy/actor/lib/test/auto/PublisherPort8.xml
3 ms. Memory: 1544192K Free: 1300436K (84%)
----------------- Invoking toplevel() on ptolemy.moml.MoMLSimpleApplication@351814a2
----------------- Done invoking toplevel() on ptolemy.moml.MoMLSimpleApplication@351814a2
reloadAllAccessors: .PublisherPort8

===========================================================================================
----------------- testing Mon Dec 17 03:02:46 UTC 2018 /home/travis/build/icyphy/ptII/ptolemy/actor/lib/test/auto/PublisherPortSubscriberChannelVariablesAOC2.xml
----------------- Instantiating /home/travis/build/icyphy/ptII/ptolemy/actor/lib/test/auto/PublisherPortSubscriberChannelVariablesAOC2.xml
2 ms. Memory: 1544192K Free: 1271553K (82%)
----------------- Invoking toplevel() on ptolemy.moml.MoMLSimpleApplication@4e39eef3
----------------- Done invoking toplevel() on ptolemy.moml.MoMLSimpleApplication@4e39eef3
reloadAllAccessors: .PublisherPortSubscriberChannelVariablesAOC2

===========================================================================================
----------------- testing Mon Dec 17 03:02:46 UTC 2018 /home/travis/build/icyphy/ptII/ptolemy/actor/lib/test/auto/PublisherPortSubscriberOpaqueWidthInference.xml
----------------- Instantiating /home/travis/build/icyphy/ptII/ptolemy/actor/lib/test/auto/PublisherPortSubscriberOpaqueWidthInference.xml
3 ms. Memory: 1544192K Free: 1257120K (81%)
----------------- Invoking toplevel() on ptolemy.moml.MoMLSimpleApplication@5d1fe38b
----------------- Done invoking toplevel() on ptolemy.moml.MoMLSimpleApplication@5d1fe38b
reloadAllAccessors: .PublisherPortSubscriberOpaqueWidthInference

===========================================================================================
----------------- testing Mon Dec 17 03:02:46 UTC 2018 /home/travis/build/icyphy/ptII/ptolemy/actor/lib/test/auto/PublisherPortSubscriberPortAdjacent.xml
----------------- Instantiating /home/travis/build/icyphy/ptII/ptolemy/actor/lib/test/auto/PublisherPortSubscriberPortAdjacent.xml
1 ms. Memory: 1544192K Free: 1236401K (80%)
----------------- Invoking toplevel() on ptolemy.moml.MoMLSimpleApplication@7cd5240e
----------------- Done invoking toplevel() on ptolemy.moml.MoMLSimpleApplication@7cd5240e
reloadAllAccessors: .PublisherPortSubscriberPortAdjacent

===========================================================================================
----------------- testing Mon Dec 17 03:02:46 UTC 2018 /home/travis/build/icyphy/ptII/ptolemy/actor/lib/test/auto/PublisherPortSubscriberPortExpression.xml
----------------- Instantiating /home/travis/build/icyphy/ptII/ptolemy/actor/lib/test/auto/PublisherPortSubscriberPortExpression.xml
3 ms. Memory: 1544192K Free: 1221968K (79%)
----------------- Invoking toplevel() on ptolemy.moml.MoMLSimpleApplication@114327a7
----------------- Done invoking toplevel() on ptolemy.moml.MoMLSimpleApplication@114327a7
reloadAllAccessors: .PublisherPortSubscriberPortExpression

===========================================================================================
----------------- testing Mon Dec 17 03:02:46 UTC 2018 /home/travis/build/icyphy/ptII/ptolemy/actor/lib/test/auto/PublisherPortSubscriberPortOpaqueD3Reverse.xml
----------------- Instantiating /home/travis/build/icyphy/ptII/ptolemy/actor/lib/test/auto/PublisherPortSubscriberPortOpaqueD3Reverse.xml
5 ms. Memory: 1544192K Free: 1201249K (78%)
----------------- Invoking toplevel() on ptolemy.moml.MoMLSimpleApplication@3a2a6f43
----------------- Done invoking toplevel() on ptolemy.moml.MoMLSimpleApplication@3a2a6f43
reloadAllAccessors: .PublisherPortSubscriberPortOpaqueD3Reverse

===========================================================================================
----------------- testing Mon Dec 17 03:02:46 UTC 2018 /home/travis/build/icyphy/ptII/ptolemy/actor/lib/test/auto/PublisherPortSubscriberPortOpaqueWidthInference.xml
----------------- Instantiating /home/travis/build/icyphy/ptII/ptolemy/actor/lib/test/auto/PublisherPortSubscriberPortOpaqueWidthInference.xml
3 ms. Memory: 1544192K Free: 1186816K (77%)
----------------- Invoking toplevel() on ptolemy.moml.MoMLSimpleApplication@5122b55a
----------------- Done invoking toplevel() on ptolemy.moml.MoMLSimpleApplication@5122b55a
reloadAllAccessors: .PublisherPortSubscriberPortOpaqueWidthInference

===========================================================================================
----------------- testing Mon Dec 17 03:02:46 UTC 2018 /home/travis/build/icyphy/ptII/ptolemy/actor/lib/test/auto/PublisherPortToplevelSubscriberPortAOC.xml
----------------- Instantiating /home/travis/build/icyphy/ptII/ptolemy/actor/lib/test/auto/PublisherPortToplevelSubscriberPortAOC.xml
.PublisherPortToplevelSubscriberPortAOC.TestExceptionAttribute: initialize() was not invoked, but wrapup() was.  This is unusual, but not always a problem.  For example, exporting JNLP will do this.
0 ms. Memory: 1544192K Free: 1172383K (76%)
----------------- Invoking toplevel() on ptolemy.moml.MoMLSimpleApplication@57486691
----------------- Done invoking toplevel() on ptolemy.moml.MoMLSimpleApplication@57486691
reloadAllAccessors: .PublisherPortToplevelSubscriberPortAOC

===========================================================================================
----------------- testing Mon Dec 17 03:02:46 UTC 2018 /home/travis/build/icyphy/ptII/ptolemy/actor/lib/test/auto/PublisherSubscriber.xml
----------------- Instantiating /home/travis/build/icyphy/ptII/ptolemy/actor/lib/test/auto/PublisherSubscriber.xml
3 ms. Memory: 1544192K Free: 1151665K (75%)
----------------- Invoking toplevel() on ptolemy.moml.MoMLSimpleApplication@1fea7cc7
----------------- Done invoking toplevel() on ptolemy.moml.MoMLSimpleApplication@1fea7cc7
reloadAllAccessors: .PublisherSubscriber

===========================================================================================
----------------- testing Mon Dec 17 03:02:46 UTC 2018 /home/travis/build/icyphy/ptII/ptolemy/actor/lib/test/auto/PublisherSubscriber10.xml
----------------- Instantiating /home/travis/build/icyphy/ptII/ptolemy/actor/lib/test/auto/PublisherSubscriber10.xml
4 ms. Memory: 1544192K Free: 1137231K (74%)
----------------- Invoking toplevel() on ptolemy.moml.MoMLSimpleApplication@3b721828
----------------- Done invoking toplevel() on ptolemy.moml.MoMLSimpleApplication@3b721828
reloadAllAccessors: .PublisherSubscriber10

===========================================================================================
----------------- testing Mon Dec 17 03:02:46 UTC 2018 /home/travis/build/icyphy/ptII/ptolemy/actor/lib/test/auto/PublisherSubscriber10InitialOutputs.xml
----------------- Instantiating /home/travis/build/icyphy/ptII/ptolemy/actor/lib/test/auto/PublisherSubscriber10InitialOutputs.xml
4 ms. Memory: 1544192K Free: 1116513K (72%)
----------------- Invoking toplevel() on ptolemy.moml.MoMLSimpleApplication@5fe55d85
----------------- Done invoking toplevel() on ptolemy.moml.MoMLSimpleApplication@5fe55d85
reloadAllAccessors: .PublisherSubscriber10InitialOutputs

===========================================================================================
----------------- testing Mon Dec 17 03:02:46 UTC 2018 /home/travis/build/icyphy/ptII/ptolemy/actor/lib/test/auto/PublisherSubscriber11.xml
----------------- Instantiating /home/travis/build/icyphy/ptII/ptolemy/actor/lib/test/auto/PublisherSubscriber11.xml
2 ms. Memory: 1544192K Free: 1102080K (71%)
----------------- Invoking toplevel() on ptolemy.moml.MoMLSimpleApplication@6305c40e
----------------- Done invoking toplevel() on ptolemy.moml.MoMLSimpleApplication@6305c40e
reloadAllAccessors: .PublisherSubscriber11

===========================================================================================
----------------- testing Mon Dec 17 03:02:46 UTC 2018 /home/travis/build/icyphy/ptII/ptolemy/actor/lib/test/auto/PublisherSubscriber12.xml
----------------- Instantiating /home/travis/build/icyphy/ptII/ptolemy/actor/lib/test/auto/PublisherSubscriber12.xml
5 ms. Memory: 1544192K Free: 1087646K (70%)
----------------- Invoking toplevel() on ptolemy.moml.MoMLSimpleApplication@20dfd56a
----------------- Done invoking toplevel() on ptolemy.moml.MoMLSimpleApplication@20dfd56a
reloadAllAccessors: .PublisherSubscriber12

===========================================================================================
----------------- testing Mon Dec 17 03:02:46 UTC 2018 /home/travis/build/icyphy/ptII/ptolemy/actor/lib/test/auto/PublisherSubscriber13.xml
----------------- Instantiating /home/travis/build/icyphy/ptII/ptolemy/actor/lib/test/auto/PublisherSubscriber13.xml
2 ms. Memory: 1544192K Free: 1066928K (69%)
----------------- Invoking toplevel() on ptolemy.moml.MoMLSimpleApplication@4ad97a54
----------------- Done invoking toplevel() on ptolemy.moml.MoMLSimpleApplication@4ad97a54
reloadAllAccessors: .PublisherSubscriber13

===========================================================================================
----------------- testing Mon Dec 17 03:02:46 UTC 2018 /home/travis/build/icyphy/ptII/ptolemy/actor/lib/test/auto/PublisherSubscriber14.xml
----------------- Instantiating /home/travis/build/icyphy/ptII/ptolemy/actor/lib/test/auto/PublisherSubscriber14.xml
1 ms. Memory: 1544192K Free: 1052494K (68%)
----------------- Invoking toplevel() on ptolemy.moml.MoMLSimpleApplication@62fe429d
----------------- Done invoking toplevel() on ptolemy.moml.MoMLSimpleApplication@62fe429d
reloadAllAccessors: .PublisherSubscriber14

===========================================================================================
----------------- testing Mon Dec 17 03:02:46 UTC 2018 /home/travis/build/icyphy/ptII/ptolemy/actor/lib/test/auto/PublisherSubscriber2.xml
----------------- Instantiating /home/travis/build/icyphy/ptII/ptolemy/actor/lib/test/auto/PublisherSubscriber2.xml
3 ms. Memory: 1544192K Free: 1038061K (67%)
----------------- Invoking toplevel() on ptolemy.moml.MoMLSimpleApplication@78ee1f01
----------------- Done invoking toplevel() on ptolemy.moml.MoMLSimpleApplication@78ee1f01
reloadAllAccessors: .PublisherSubscriber2

===========================================================================================
----------------- testing Mon Dec 17 03:02:46 UTC 2018 /home/travis/build/icyphy/ptII/ptolemy/actor/lib/test/auto/PublisherSubscriber3.xml
----------------- Instantiating /home/travis/build/icyphy/ptII/ptolemy/actor/lib/test/auto/PublisherSubscriber3.xml
2 ms. Memory: 1544192K Free: 1017343K (66%)
----------------- Invoking toplevel() on ptolemy.moml.MoMLSimpleApplication@30af8503
----------------- Done invoking toplevel() on ptolemy.moml.MoMLSimpleApplication@30af8503
reloadAllAccessors: .PublisherSubscriber3

===========================================================================================
----------------- testing Mon Dec 17 03:02:46 UTC 2018 /home/travis/build/icyphy/ptII/ptolemy/actor/lib/test/auto/PublisherSubscriber4.xml
----------------- Instantiating /home/travis/build/icyphy/ptII/ptolemy/actor/lib/test/auto/PublisherSubscriber4.xml
2 ms. Memory: 1544192K Free: 1002909K (65%)
----------------- Invoking toplevel() on ptolemy.moml.MoMLSimpleApplication@6c6206e0
----------------- Done invoking toplevel() on ptolemy.moml.MoMLSimpleApplication@6c6206e0
reloadAllAccessors: .PublisherSubscriber4

===========================================================================================
----------------- testing Mon Dec 17 03:02:46 UTC 2018 /home/travis/build/icyphy/ptII/ptolemy/actor/lib/test/auto/PublisherSubscriber5.xml
----------------- Instantiating /home/travis/build/icyphy/ptII/ptolemy/actor/lib/test/auto/PublisherSubscriber5.xml
2 ms. Memory: 1544192K Free: 982191K (64%)
----------------- Invoking toplevel() on ptolemy.moml.MoMLSimpleApplication@17933c9
----------------- Done invoking toplevel() on ptolemy.moml.MoMLSimpleApplication@17933c9
reloadAllAccessors: .PublisherSubscriber5

===========================================================================================
----------------- testing Mon Dec 17 03:02:46 UTC 2018 /home/travis/build/icyphy/ptII/ptolemy/actor/lib/test/auto/PublisherSubscriber6.xml
----------------- Instantiating /home/travis/build/icyphy/ptII/ptolemy/actor/lib/test/auto/PublisherSubscriber6.xml
4 ms. Memory: 1544192K Free: 967758K (63%)
----------------- Invoking toplevel() on ptolemy.moml.MoMLSimpleApplication@60563843
----------------- Done invoking toplevel() on ptolemy.moml.MoMLSimpleApplication@60563843
reloadAllAccessors: .PublisherSubscriber6

===========================================================================================
----------------- testing Mon Dec 17 03:02:46 UTC 2018 /home/travis/build/icyphy/ptII/ptolemy/actor/lib/test/auto/PublisherSubscriber7.xml
----------------- Instantiating /home/travis/build/icyphy/ptII/ptolemy/actor/lib/test/auto/PublisherSubscriber7.xml
5 ms. Memory: 1544192K Free: 953324K (62%)
----------------- Invoking toplevel() on ptolemy.moml.MoMLSimpleApplication@1296a3cc
----------------- Done invoking toplevel() on ptolemy.moml.MoMLSimpleApplication@1296a3cc
reloadAllAccessors: .PublisherSubscriber7

===========================================================================================
----------------- testing Mon Dec 17 03:02:46 UTC 2018 /home/travis/build/icyphy/ptII/ptolemy/actor/lib/test/auto/PublisherSubscriber8.xml
----------------- Instantiating /home/travis/build/icyphy/ptII/ptolemy/actor/lib/test/auto/PublisherSubscriber8.xml
35 ms. Memory: 1544192K Free: 860439K (56%)
----------------- Invoking toplevel() on ptolemy.moml.MoMLSimpleApplication@241c930f
----------------- Done invoking toplevel() on ptolemy.moml.MoMLSimpleApplication@241c930f
reloadAllAccessors: .PublisherSubscriber8

===========================================================================================
----------------- testing Mon Dec 17 03:02:46 UTC 2018 /home/travis/build/icyphy/ptII/ptolemy/actor/lib/test/auto/PublisherSubscriber9.xml
----------------- Instantiating /home/travis/build/icyphy/ptII/ptolemy/actor/lib/test/auto/PublisherSubscriber9.xml
3 ms. Memory: 1544192K Free: 846005K (55%)
----------------- Invoking toplevel() on ptolemy.moml.MoMLSimpleApplication@1300eae7
----------------- Done invoking toplevel() on ptolemy.moml.MoMLSimpleApplication@1300eae7
reloadAllAccessors: .PublisherSubscriber9

===========================================================================================
----------------- testing Mon Dec 17 03:02:47 UTC 2018 /home/travis/build/icyphy/ptII/ptolemy/actor/lib/test/auto/PublisherSubscriberAdjacent.xml
----------------- Instantiating /home/travis/build/icyphy/ptII/ptolemy/actor/lib/test/auto/PublisherSubscriberAdjacent.xml
1 ms. Memory: 1544192K Free: 825287K (53%)
----------------- Invoking toplevel() on ptolemy.moml.MoMLSimpleApplication@3111bace
----------------- Done invoking toplevel() on ptolemy.moml.MoMLSimpleApplication@3111bace
reloadAllAccessors: .PublisherSubscriberAdjacent

===========================================================================================
----------------- testing Mon Dec 17 03:02:47 UTC 2018 /home/travis/build/icyphy/ptII/ptolemy/actor/lib/test/auto/PublisherSubscriberChannelVariablesAOC2.xml
----------------- Instantiating /home/travis/build/icyphy/ptII/ptolemy/actor/lib/test/auto/PublisherSubscriberChannelVariablesAOC2.xml
3 ms. Memory: 1544192K Free: 803637K (52%)
----------------- Invoking toplevel() on ptolemy.moml.MoMLSimpleApplication@3f3d8e02
----------------- Done invoking toplevel() on ptolemy.moml.MoMLSimpleApplication@3f3d8e02
reloadAllAccessors: .PublisherSubscriberChannelVariablesAOC2

===========================================================================================
----------------- testing Mon Dec 17 03:02:47 UTC 2018 /home/travis/build/icyphy/ptII/ptolemy/actor/lib/test/auto/PublisherSubscriberD3.xml
----------------- Instantiating /home/travis/build/icyphy/ptII/ptolemy/actor/lib/test/auto/PublisherSubscriberD3.xml
2 ms. Memory: 1544192K Free: 789204K (51%)
----------------- Invoking toplevel() on ptolemy.moml.MoMLSimpleApplication@611b9f7e
----------------- Done invoking toplevel() on ptolemy.moml.MoMLSimpleApplication@611b9f7e
reloadAllAccessors: .PublisherSubscriberD3

===========================================================================================
----------------- testing Mon Dec 17 03:02:47 UTC 2018 /home/travis/build/icyphy/ptII/ptolemy/actor/lib/test/auto/PublisherSubscriberD3Reverse.xml
----------------- Instantiating /home/travis/build/icyphy/ptII/ptolemy/actor/lib/test/auto/PublisherSubscriberD3Reverse.xml
2 ms. Memory: 1544192K Free: 768486K (50%)
----------------- Invoking toplevel() on ptolemy.moml.MoMLSimpleApplication@338e09e
----------------- Done invoking toplevel() on ptolemy.moml.MoMLSimpleApplication@338e09e
reloadAllAccessors: .PublisherSubscriberD3Reverse

===========================================================================================
----------------- testing Mon Dec 17 03:02:47 UTC 2018 /home/travis/build/icyphy/ptII/ptolemy/actor/lib/test/auto/PublisherSubscriberExpression.xml
----------------- Instantiating /home/travis/build/icyphy/ptII/ptolemy/actor/lib/test/auto/PublisherSubscriberExpression.xml
3 ms. Memory: 1544192K Free: 754052K (49%)
----------------- Invoking toplevel() on ptolemy.moml.MoMLSimpleApplication@1cd34c99
----------------- Done invoking toplevel() on ptolemy.moml.MoMLSimpleApplication@1cd34c99
reloadAllAccessors: .PublisherSubscriberExpression

===========================================================================================
----------------- testing Mon Dec 17 03:02:47 UTC 2018 /home/travis/build/icyphy/ptII/ptolemy/actor/lib/test/auto/PublisherSubscriberOpaque.xml
----------------- Instantiating /home/travis/build/icyphy/ptII/ptolemy/actor/lib/test/auto/PublisherSubscriberOpaque.xml
3 ms. Memory: 1544192K Free: 739619K (48%)
----------------- Invoking toplevel() on ptolemy.moml.MoMLSimpleApplication@571d722
----------------- Done invoking toplevel() on ptolemy.moml.MoMLSimpleApplication@571d722
reloadAllAccessors: .PublisherSubscriberOpaque

===========================================================================================
----------------- testing Mon Dec 17 03:02:47 UTC 2018 /home/travis/build/icyphy/ptII/ptolemy/actor/lib/test/auto/PublisherSubscriberOpaqueD3.xml
----------------- Instantiating /home/travis/build/icyphy/ptII/ptolemy/actor/lib/test/auto/PublisherSubscriberOpaqueD3.xml
5 ms. Memory: 1544192K Free: 711668K (46%)
----------------- Invoking toplevel() on ptolemy.moml.MoMLSimpleApplication@5fe3ed88
----------------- Done invoking toplevel() on ptolemy.moml.MoMLSimpleApplication@5fe3ed88
reloadAllAccessors: .PublisherSubscriberOpaqueD3

===========================================================================================
----------------- testing Mon Dec 17 03:02:47 UTC 2018 /home/travis/build/icyphy/ptII/ptolemy/actor/lib/test/auto/PublisherSubscriberOpaqueD3Reverse.xml
----------------- Instantiating /home/travis/build/icyphy/ptII/ptolemy/actor/lib/test/auto/PublisherSubscriberOpaqueD3Reverse.xml
5 ms. Memory: 1544192K Free: 697235K (45%)
----------------- Invoking toplevel() on ptolemy.moml.MoMLSimpleApplication@5a291fa0
----------------- Done invoking toplevel() on ptolemy.moml.MoMLSimpleApplication@5a291fa0
reloadAllAccessors: .PublisherSubscriberOpaqueD3Reverse

===========================================================================================
----------------- testing Mon Dec 17 03:02:47 UTC 2018 /home/travis/build/icyphy/ptII/ptolemy/actor/lib/test/auto/PublisherSubscriberOpaqueWidthInference.xml
----------------- Instantiating /home/travis/build/icyphy/ptII/ptolemy/actor/lib/test/auto/PublisherSubscriberOpaqueWidthInference.xml
3 ms. Memory: 1544192K Free: 676516K (44%)
----------------- Invoking toplevel() on ptolemy.moml.MoMLSimpleApplication@4048d2fe
----------------- Done invoking toplevel() on ptolemy.moml.MoMLSimpleApplication@4048d2fe
reloadAllAccessors: .PublisherSubscriberOpaqueWidthInference

===========================================================================================
----------------- testing Mon Dec 17 03:02:47 UTC 2018 /home/travis/build/icyphy/ptII/ptolemy/actor/lib/test/auto/PublisherTestSubscriber.xml
----------------- Instantiating /home/travis/build/icyphy/ptII/ptolemy/actor/lib/test/auto/PublisherTestSubscriber.xml
2 ms. Memory: 1544192K Free: 662083K (43%)
----------------- Invoking toplevel() on ptolemy.moml.MoMLSimpleApplication@4ee45469
----------------- Done invoking toplevel() on ptolemy.moml.MoMLSimpleApplication@4ee45469
reloadAllAccessors: .PublisherTestSubscriber

===========================================================================================
----------------- testing Mon Dec 17 03:02:47 UTC 2018 /home/travis/build/icyphy/ptII/ptolemy/actor/lib/test/auto/PublisherToplevelSubscriberPortAOC.xml
----------------- Instantiating /home/travis/build/icyphy/ptII/ptolemy/actor/lib/test/auto/PublisherToplevelSubscriberPortAOC.xml
1 ms. Memory: 1544192K Free: 647650K (42%)
----------------- Invoking toplevel() on ptolemy.moml.MoMLSimpleApplication@3b3f44d6
----------------- Done invoking toplevel() on ptolemy.moml.MoMLSimpleApplication@3b3f44d6
reloadAllAccessors: .PublisherToplevelSubscriberPortAOC

===========================================================================================
----------------- testing Mon Dec 17 03:02:47 UTC 2018 /home/travis/build/icyphy/ptII/ptolemy/actor/lib/test/auto/PulseFiringLimitDE.xml
----------------- Instantiating /home/travis/build/icyphy/ptII/ptolemy/actor/lib/test/auto/PulseFiringLimitDE.xml
2 ms. Memory: 1544192K Free: 626931K (41%)
----------------- Invoking toplevel() on ptolemy.moml.MoMLSimpleApplication@21908e6d
----------------- Done invoking toplevel() on ptolemy.moml.MoMLSimpleApplication@21908e6d
reloadAllAccessors: .PulseFiringLimitDE

===========================================================================================
----------------- testing Mon Dec 17 03:02:47 UTC 2018 /home/travis/build/icyphy/ptII/ptolemy/actor/lib/test/auto/Ramp1.xml
----------------- Instantiating /home/travis/build/icyphy/ptII/ptolemy/actor/lib/test/auto/Ramp1.xml
1 ms. Memory: 1544192K Free: 612498K (40%)
----------------- Invoking toplevel() on ptolemy.moml.MoMLSimpleApplication@3d02cd43
----------------- Done invoking toplevel() on ptolemy.moml.MoMLSimpleApplication@3d02cd43
reloadAllAccessors: .Ramp1

===========================================================================================
----------------- testing Mon Dec 17 03:02:47 UTC 2018 /home/travis/build/icyphy/ptII/ptolemy/actor/lib/test/auto/RampFiringLimitDE.xml
----------------- Instantiating /home/travis/build/icyphy/ptII/ptolemy/actor/lib/test/auto/RampFiringLimitDE.xml
2 ms. Memory: 1544192K Free: 591779K (38%)
----------------- Invoking toplevel() on ptolemy.moml.MoMLSimpleApplication@340672ba
----------------- Done invoking toplevel() on ptolemy.moml.MoMLSimpleApplication@340672ba
reloadAllAccessors: .RampFiringLimitDE

===========================================================================================
----------------- testing Mon Dec 17 03:02:47 UTC 2018 /home/travis/build/icyphy/ptII/ptolemy/actor/lib/test/auto/RampFiringLimitSDF.xml
----------------- Instantiating /home/travis/build/icyphy/ptII/ptolemy/actor/lib/test/auto/RampFiringLimitSDF.xml
2 ms. Memory: 1544192K Free: 577346K (37%)
----------------- Invoking toplevel() on ptolemy.moml.MoMLSimpleApplication@466bcf67
----------------- Done invoking toplevel() on ptolemy.moml.MoMLSimpleApplication@466bcf67
reloadAllAccessors: .RampFiringLimitSDF

===========================================================================================
----------------- testing Mon Dec 17 03:02:47 UTC 2018 /home/travis/build/icyphy/ptII/ptolemy/actor/lib/test/auto/RandomInteger.xml
----------------- Instantiating /home/travis/build/icyphy/ptII/ptolemy/actor/lib/test/auto/RandomInteger.xml
1 ms. Memory: 1544192K Free: 562913K (36%)
----------------- Invoking toplevel() on ptolemy.moml.MoMLSimpleApplication@8535580
----------------- Done invoking toplevel() on ptolemy.moml.MoMLSimpleApplication@8535580
reloadAllAccessors: .RandomInteger

===========================================================================================
----------------- testing Mon Dec 17 03:02:47 UTC 2018 /home/travis/build/icyphy/ptII/ptolemy/actor/lib/test/auto/ReadFile1.xml
----------------- Instantiating /home/travis/build/icyphy/ptII/ptolemy/actor/lib/test/auto/ReadFile1.xml
1 ms. Memory: 1544192K Free: 542194K (35%)
----------------- Invoking toplevel() on ptolemy.moml.MoMLSimpleApplication@282f1791
----------------- Done invoking toplevel() on ptolemy.moml.MoMLSimpleApplication@282f1791
reloadAllAccessors: .ReadFile1

===========================================================================================
----------------- testing Mon Dec 17 03:02:47 UTC 2018 /home/travis/build/icyphy/ptII/ptolemy/actor/lib/test/auto/ReadFile2.xml
----------------- Instantiating /home/travis/build/icyphy/ptII/ptolemy/actor/lib/test/auto/ReadFile2.xml
1 ms. Memory: 1544192K Free: 527761K (34%)
----------------- Invoking toplevel() on ptolemy.moml.MoMLSimpleApplication@24771750
----------------- Done invoking toplevel() on ptolemy.moml.MoMLSimpleApplication@24771750
reloadAllAccessors: .ReadFile2

===========================================================================================
----------------- testing Mon Dec 17 03:02:47 UTC 2018 /home/travis/build/icyphy/ptII/ptolemy/actor/lib/test/auto/Reader.xml
----------------- Instantiating /home/travis/build/icyphy/ptII/ptolemy/actor/lib/test/auto/Reader.xml
actor.lib.Reader is obsolete, use actor.lib.io.ExpressionReader instead
6 ms. Memory: 1544192K Free: 507043K (33%)
----------------- Invoking toplevel() on ptolemy.moml.MoMLSimpleApplication@16838eb
----------------- Done invoking toplevel() on ptolemy.moml.MoMLSimpleApplication@16838eb
reloadAllAccessors: .Reader

===========================================================================================
----------------- testing Mon Dec 17 03:02:47 UTC 2018 /home/travis/build/icyphy/ptII/ptolemy/actor/lib/test/auto/RecordAssemblerDisplayNameTest.xml
----------------- Instantiating /home/travis/build/icyphy/ptII/ptolemy/actor/lib/test/auto/RecordAssemblerDisplayNameTest.xml
3065 ms. Memory: 1580032K Free: 699946K (44%)
----------------- Invoking toplevel() on ptolemy.moml.MoMLSimpleApplication@fbe67dd
----------------- Done invoking toplevel() on ptolemy.moml.MoMLSimpleApplication@fbe67dd
reloadAllAccessors: .RecordAssemblerDisplayNameTest

===========================================================================================
----------------- testing Mon Dec 17 03:02:50 UTC 2018 /home/travis/build/icyphy/ptII/ptolemy/actor/lib/test/auto/RecordAssemblerTypeError.xml
----------------- Instantiating /home/travis/build/icyphy/ptII/ptolemy/actor/lib/test/auto/RecordAssemblerTypeError.xml
3 ms. Memory: 1580032K Free: 669323K (42%)
----------------- Invoking toplevel() on ptolemy.moml.MoMLSimpleApplication@71c4c727
----------------- Done invoking toplevel() on ptolemy.moml.MoMLSimpleApplication@71c4c727
reloadAllAccessors: .RecordAssemblerTypeError

===========================================================================================
----------------- testing Mon Dec 17 03:02:50 UTC 2018 /home/travis/build/icyphy/ptII/ptolemy/actor/lib/test/auto/RecordDisassember.xml
----------------- Instantiating /home/travis/build/icyphy/ptII/ptolemy/actor/lib/test/auto/RecordDisassember.xml
3 ms. Memory: 1580032K Free: 654711K (41%)
----------------- Invoking toplevel() on ptolemy.moml.MoMLSimpleApplication@15c7dd5d
----------------- Done invoking toplevel() on ptolemy.moml.MoMLSimpleApplication@15c7dd5d
reloadAllAccessors: .RecordDisassember

===========================================================================================
----------------- testing Mon Dec 17 03:02:50 UTC 2018 /home/travis/build/icyphy/ptII/ptolemy/actor/lib/test/auto/RecordDisassemberDisplayNameTest.xml
----------------- Instantiating /home/travis/build/icyphy/ptII/ptolemy/actor/lib/test/auto/RecordDisassemberDisplayNameTest.xml
4 ms. Memory: 1580032K Free: 635047K (40%)
----------------- Invoking toplevel() on ptolemy.moml.MoMLSimpleApplication@60973956
----------------- Done invoking toplevel() on ptolemy.moml.MoMLSimpleApplication@60973956
reloadAllAccessors: .RecordDisassemberDisplayNameTest

===========================================================================================
----------------- testing Mon Dec 17 03:02:50 UTC 2018 /home/travis/build/icyphy/ptII/ptolemy/actor/lib/test/auto/RecordDisassembler.xml
----------------- Instantiating /home/travis/build/icyphy/ptII/ptolemy/actor/lib/test/auto/RecordDisassembler.xml
2 ms. Memory: 1580032K Free: 620435K (39%)
----------------- Invoking toplevel() on ptolemy.moml.MoMLSimpleApplication@20158b34
----------------- Done invoking toplevel() on ptolemy.moml.MoMLSimpleApplication@20158b34
reloadAllAccessors: .RecordDisassembler

===========================================================================================
----------------- testing Mon Dec 17 03:02:50 UTC 2018 /home/travis/build/icyphy/ptII/ptolemy/actor/lib/test/auto/RecordDisassembler2.xml
----------------- Instantiating /home/travis/build/icyphy/ptII/ptolemy/actor/lib/test/auto/RecordDisassembler2.xml
2 ms. Memory: 1580032K Free: 600771K (38%)
----------------- Invoking toplevel() on ptolemy.moml.MoMLSimpleApplication@429c7f76
----------------- Done invoking toplevel() on ptolemy.moml.MoMLSimpleApplication@429c7f76
reloadAllAccessors: .RecordDisassembler2

===========================================================================================
----------------- testing Mon Dec 17 03:02:50 UTC 2018 /home/travis/build/icyphy/ptII/ptolemy/actor/lib/test/auto/RecordUpdater.xml
----------------- Instantiating /home/travis/build/icyphy/ptII/ptolemy/actor/lib/test/auto/RecordUpdater.xml
2 ms. Memory: 1580032K Free: 586159K (37%)
----------------- Invoking toplevel() on ptolemy.moml.MoMLSimpleApplication@4c8a3dc3
----------------- Done invoking toplevel() on ptolemy.moml.MoMLSimpleApplication@4c8a3dc3
reloadAllAccessors: .RecordUpdater

===========================================================================================
----------------- testing Mon Dec 17 03:02:50 UTC 2018 /home/travis/build/icyphy/ptII/ptolemy/actor/lib/test/auto/RecordUpdater2.xml
----------------- Instantiating /home/travis/build/icyphy/ptII/ptolemy/actor/lib/test/auto/RecordUpdater2.xml
2 ms. Memory: 1580032K Free: 566495K (36%)
----------------- Invoking toplevel() on ptolemy.moml.MoMLSimpleApplication@2da6ac92
----------------- Done invoking toplevel() on ptolemy.moml.MoMLSimpleApplication@2da6ac92
reloadAllAccessors: .RecordUpdater2

===========================================================================================
----------------- testing Mon Dec 17 03:02:50 UTC 2018 /home/travis/build/icyphy/ptII/ptolemy/actor/lib/test/auto/RecursiveLattice.xml
----------------- Instantiating /home/travis/build/icyphy/ptII/ptolemy/actor/lib/test/auto/RecursiveLattice.xml
1 ms. Memory: 1580032K Free: 551883K (35%)
----------------- Invoking toplevel() on ptolemy.moml.MoMLSimpleApplication@63f48fab
----------------- Done invoking toplevel() on ptolemy.moml.MoMLSimpleApplication@63f48fab
reloadAllAccessors: .RecursiveLattice

===========================================================================================
----------------- testing Mon Dec 17 03:02:50 UTC 2018 /home/travis/build/icyphy/ptII/ptolemy/actor/lib/test/auto/Router.xml
----------------- Instantiating /home/travis/build/icyphy/ptII/ptolemy/actor/lib/test/auto/Router.xml
3004 ms. Memory: 1580032K Free: 532220K (34%)
----------------- Invoking toplevel() on ptolemy.moml.MoMLSimpleApplication@733cb2de
----------------- Done invoking toplevel() on ptolemy.moml.MoMLSimpleApplication@733cb2de
reloadAllAccessors: .Router

===========================================================================================
----------------- testing Mon Dec 17 03:02:53 UTC 2018 /home/travis/build/icyphy/ptII/ptolemy/actor/lib/test/auto/Router2.xml
----------------- Instantiating /home/travis/build/icyphy/ptII/ptolemy/actor/lib/test/auto/Router2.xml
3011 ms. Memory: 1580032K Free: 517607K (33%)
----------------- Invoking toplevel() on ptolemy.moml.MoMLSimpleApplication@42f4b4ab
----------------- Done invoking toplevel() on ptolemy.moml.MoMLSimpleApplication@42f4b4ab
reloadAllAccessors: .Router2

===========================================================================================
----------------- testing Mon Dec 17 03:02:56 UTC 2018 /home/travis/build/icyphy/ptII/ptolemy/actor/lib/test/auto/RunningMaximum.xml
----------------- Instantiating /home/travis/build/icyphy/ptII/ptolemy/actor/lib/test/auto/RunningMaximum.xml
1 ms. Memory: 1580032K Free: 497944K (32%)
----------------- Invoking toplevel() on ptolemy.moml.MoMLSimpleApplication@2a380860
----------------- Done invoking toplevel() on ptolemy.moml.MoMLSimpleApplication@2a380860
reloadAllAccessors: .RunningMaximum

===========================================================================================
----------------- testing Mon Dec 17 03:02:56 UTC 2018 /home/travis/build/icyphy/ptII/ptolemy/actor/lib/test/auto/RunningMinimum.xml
----------------- Instantiating /home/travis/build/icyphy/ptII/ptolemy/actor/lib/test/auto/RunningMinimum.xml
4 ms. Memory: 1580032K Free: 483331K (31%)
----------------- Invoking toplevel() on ptolemy.moml.MoMLSimpleApplication@3dfe572
----------------- Done invoking toplevel() on ptolemy.moml.MoMLSimpleApplication@3dfe572
reloadAllAccessors: .RunningMinimum

===========================================================================================
----------------- testing Mon Dec 17 03:02:56 UTC 2018 /home/travis/build/icyphy/ptII/ptolemy/actor/lib/test/auto/Scale.xml
----------------- Instantiating /home/travis/build/icyphy/ptII/ptolemy/actor/lib/test/auto/Scale.xml
1 ms. Memory: 1580032K Free: 463668K (29%)
----------------- Invoking toplevel() on ptolemy.moml.MoMLSimpleApplication@653cd62d
----------------- Done invoking toplevel() on ptolemy.moml.MoMLSimpleApplication@653cd62d
reloadAllAccessors: .Scale

===========================================================================================
----------------- testing Mon Dec 17 03:02:56 UTC 2018 /home/travis/build/icyphy/ptII/ptolemy/actor/lib/test/auto/Scale2.xml
----------------- Instantiating /home/travis/build/icyphy/ptII/ptolemy/actor/lib/test/auto/Scale2.xml
2 ms. Memory: 1580032K Free: 449055K (28%)
----------------- Invoking toplevel() on ptolemy.moml.MoMLSimpleApplication@748ff96c
----------------- Done invoking toplevel() on ptolemy.moml.MoMLSimpleApplication@748ff96c
reloadAllAccessors: .Scale2

===========================================================================================
----------------- testing Mon Dec 17 03:02:56 UTC 2018 /home/travis/build/icyphy/ptII/ptolemy/actor/lib/test/auto/Scale3.xml
----------------- Instantiating /home/travis/build/icyphy/ptII/ptolemy/actor/lib/test/auto/Scale3.xml
2 ms. Memory: 1580032K Free: 429392K (27%)
----------------- Invoking toplevel() on ptolemy.moml.MoMLSimpleApplication@7d28e62e
----------------- Done invoking toplevel() on ptolemy.moml.MoMLSimpleApplication@7d28e62e
reloadAllAccessors: .Scale3

===========================================================================================
----------------- testing Mon Dec 17 03:02:56 UTC 2018 /home/travis/build/icyphy/ptII/ptolemy/actor/lib/test/auto/ScaleArray.xml
----------------- Instantiating /home/travis/build/icyphy/ptII/ptolemy/actor/lib/test/auto/ScaleArray.xml
1 ms. Memory: 1580032K Free: 414779K (26%)
----------------- Invoking toplevel() on ptolemy.moml.MoMLSimpleApplication@b4d7356
----------------- Done invoking toplevel() on ptolemy.moml.MoMLSimpleApplication@b4d7356
reloadAllAccessors: .ScaleArray

===========================================================================================
----------------- testing Mon Dec 17 03:02:56 UTC 2018 /home/travis/build/icyphy/ptII/ptolemy/actor/lib/test/auto/ScaleArray2.xml
----------------- Instantiating /home/travis/build/icyphy/ptII/ptolemy/actor/lib/test/auto/ScaleArray2.xml
1 ms. Memory: 1580032K Free: 395116K (25%)
----------------- Invoking toplevel() on ptolemy.moml.MoMLSimpleApplication@2c0f417b
----------------- Done invoking toplevel() on ptolemy.moml.MoMLSimpleApplication@2c0f417b
reloadAllAccessors: .ScaleArray2

===========================================================================================
----------------- testing Mon Dec 17 03:02:56 UTC 2018 /home/travis/build/icyphy/ptII/ptolemy/actor/lib/test/auto/ScaleMatrix.xml
----------------- Instantiating /home/travis/build/icyphy/ptII/ptolemy/actor/lib/test/auto/ScaleMatrix.xml
130 ms. Memory: 1580032K Free: 373162K (24%)
----------------- Invoking toplevel() on ptolemy.moml.MoMLSimpleApplication@4b16af5b
----------------- Done invoking toplevel() on ptolemy.moml.MoMLSimpleApplication@4b16af5b
reloadAllAccessors: .ScaleMatrix

===========================================================================================
----------------- testing Mon Dec 17 03:02:56 UTC 2018 /home/travis/build/icyphy/ptII/ptolemy/actor/lib/test/auto/Select.xml
----------------- Instantiating /home/travis/build/icyphy/ptII/ptolemy/actor/lib/test/auto/Select.xml
2 ms. Memory: 1580032K Free: 353498K (22%)
----------------- Invoking toplevel() on ptolemy.moml.MoMLSimpleApplication@291abfc1
----------------- Done invoking toplevel() on ptolemy.moml.MoMLSimpleApplication@291abfc1
reloadAllAccessors: .Select

===========================================================================================
----------------- testing Mon Dec 17 03:02:56 UTC 2018 /home/travis/build/icyphy/ptII/ptolemy/actor/lib/test/auto/Select2.xml
----------------- Instantiating /home/travis/build/icyphy/ptII/ptolemy/actor/lib/test/auto/Select2.xml
0 ms. Memory: 1580032K Free: 338886K (21%)
----------------- Invoking toplevel() on ptolemy.moml.MoMLSimpleApplication@4b775e3
----------------- Done invoking toplevel() on ptolemy.moml.MoMLSimpleApplication@4b775e3
reloadAllAccessors: .Select2

===========================================================================================
----------------- testing Mon Dec 17 03:02:56 UTC 2018 /home/travis/build/icyphy/ptII/ptolemy/actor/lib/test/auto/SequenceToArray2.xml
----------------- Instantiating /home/travis/build/icyphy/ptII/ptolemy/actor/lib/test/auto/SequenceToArray2.xml
74 ms. Memory: 1580032K Free: 246152K (16%)
----------------- Invoking toplevel() on ptolemy.moml.MoMLSimpleApplication@2310d096
----------------- Done invoking toplevel() on ptolemy.moml.MoMLSimpleApplication@2310d096
reloadAllAccessors: .SequenceToArray2

===========================================================================================
----------------- testing Mon Dec 17 03:02:57 UTC 2018 /home/travis/build/icyphy/ptII/ptolemy/actor/lib/test/auto/SequentialClock.xml
----------------- Instantiating /home/travis/build/icyphy/ptII/ptolemy/actor/lib/test/auto/SequentialClock.xml
1 ms. Memory: 1580032K Free: 231539K (15%)
----------------- Invoking toplevel() on ptolemy.moml.MoMLSimpleApplication@7f46dfb0
----------------- Done invoking toplevel() on ptolemy.moml.MoMLSimpleApplication@7f46dfb0
reloadAllAccessors: .SequentialClock

===========================================================================================
----------------- testing Mon Dec 17 03:02:57 UTC 2018 /home/travis/build/icyphy/ptII/ptolemy/actor/lib/test/auto/SetVariable.xml
----------------- Instantiating /home/travis/build/icyphy/ptII/ptolemy/actor/lib/test/auto/SetVariable.xml
2 ms. Memory: 1580032K Free: 211876K (13%)
----------------- Invoking toplevel() on ptolemy.moml.MoMLSimpleApplication@6f3827a5
----------------- Done invoking toplevel() on ptolemy.moml.MoMLSimpleApplication@6f3827a5
reloadAllAccessors: .SetVariable

===========================================================================================
----------------- testing Mon Dec 17 03:02:57 UTC 2018 /home/travis/build/icyphy/ptII/ptolemy/actor/lib/test/auto/SetVariable2.xml
----------------- Instantiating /home/travis/build/icyphy/ptII/ptolemy/actor/lib/test/auto/SetVariable2.xml
4 ms. Memory: 1580032K Free: 197263K (12%)
----------------- Invoking toplevel() on ptolemy.moml.MoMLSimpleApplication@72c812dd
----------------- Done invoking toplevel() on ptolemy.moml.MoMLSimpleApplication@72c812dd
reloadAllAccessors: .SetVariable2

===========================================================================================
----------------- testing Mon Dec 17 03:02:57 UTC 2018 /home/travis/build/icyphy/ptII/ptolemy/actor/lib/test/auto/SetVariable3.xml
----------------- Instantiating /home/travis/build/icyphy/ptII/ptolemy/actor/lib/test/auto/SetVariable3.xml
9 ms. Memory: 1580032K Free: 177600K (11%)
----------------- Invoking toplevel() on ptolemy.moml.MoMLSimpleApplication@7b514658
----------------- Done invoking toplevel() on ptolemy.moml.MoMLSimpleApplication@7b514658
reloadAllAccessors: .SetVariable3

===========================================================================================
----------------- testing Mon Dec 17 03:02:57 UTC 2018 /home/travis/build/icyphy/ptII/ptolemy/actor/lib/test/auto/SetVariable4.xml
----------------- Instantiating /home/travis/build/icyphy/ptII/ptolemy/actor/lib/test/auto/SetVariable4.xml
18 ms. Memory: 1580032K Free: 111844K (7%)
----------------- Invoking toplevel() on ptolemy.moml.MoMLSimpleApplication@19ba428b
----------------- Done invoking toplevel() on ptolemy.moml.MoMLSimpleApplication@19ba428b
reloadAllAccessors: .SetVariable4

===========================================================================================
----------------- testing Mon Dec 17 03:02:57 UTC 2018 /home/travis/build/icyphy/ptII/ptolemy/actor/lib/test/auto/SetVariable5.xml
----------------- Instantiating /home/travis/build/icyphy/ptII/ptolemy/actor/lib/test/auto/SetVariable5.xml
12 ms. Memory: 1580032K Free: 92180K (6%)
----------------- Invoking toplevel() on ptolemy.moml.MoMLSimpleApplication@97835b1
----------------- Done invoking toplevel() on ptolemy.moml.MoMLSimpleApplication@97835b1
reloadAllAccessors: .SetVariable5

===========================================================================================
----------------- testing Mon Dec 17 03:02:57 UTC 2018 /home/travis/build/icyphy/ptII/ptolemy/actor/lib/test/auto/Sinewave.xml
----------------- Instantiating /home/travis/build/icyphy/ptII/ptolemy/actor/lib/test/auto/Sinewave.xml
17 ms. Memory: 1714176K Free: 1670662K (97%)
----------------- Invoking toplevel() on ptolemy.moml.MoMLSimpleApplication@488e014f
----------------- Done invoking toplevel() on ptolemy.moml.MoMLSimpleApplication@488e014f
reloadAllAccessors: .Sinewave

===========================================================================================
----------------- testing Mon Dec 17 03:02:57 UTC 2018 /home/travis/build/icyphy/ptII/ptolemy/actor/lib/test/auto/Sinewave2.xml
----------------- Instantiating /home/travis/build/icyphy/ptII/ptolemy/actor/lib/test/auto/Sinewave2.xml
4 ms. Memory: 1714176K Free: 1646292K (96%)
----------------- Invoking toplevel() on ptolemy.moml.MoMLSimpleApplication@154215eb
----------------- Done invoking toplevel() on ptolemy.moml.MoMLSimpleApplication@154215eb
reloadAllAccessors: .Sinewave2

===========================================================================================
----------------- testing Mon Dec 17 03:02:57 UTC 2018 /home/travis/build/icyphy/ptII/ptolemy/actor/lib/test/auto/Sinewave3.xml
----------------- Instantiating /home/travis/build/icyphy/ptII/ptolemy/actor/lib/test/auto/Sinewave3.xml
10 ms. Memory: 1714176K Free: 1626005K (95%)
----------------- Invoking toplevel() on ptolemy.moml.MoMLSimpleApplication@757e5554
----------------- Done invoking toplevel() on ptolemy.moml.MoMLSimpleApplication@757e5554
reloadAllAccessors: .Sinewave3

===========================================================================================
----------------- testing Mon Dec 17 03:02:57 UTC 2018 /home/travis/build/icyphy/ptII/ptolemy/actor/lib/test/auto/SingleEvent.xml
----------------- Instantiating /home/travis/build/icyphy/ptII/ptolemy/actor/lib/test/auto/SingleEvent.xml
1 ms. Memory: 1714176K Free: 1609892K (94%)
----------------- Invoking toplevel() on ptolemy.moml.MoMLSimpleApplication@71e45133
----------------- Done invoking toplevel() on ptolemy.moml.MoMLSimpleApplication@71e45133
reloadAllAccessors: .SingleEvent

===========================================================================================
----------------- testing Mon Dec 17 03:02:57 UTC 2018 /home/travis/build/icyphy/ptII/ptolemy/actor/lib/test/auto/Sleep.xml
----------------- Instantiating /home/travis/build/icyphy/ptII/ptolemy/actor/lib/test/auto/Sleep.xml
6002 ms. Memory: 1714176K Free: 1589631K (93%)
----------------- Invoking toplevel() on ptolemy.moml.MoMLSimpleApplication@124bbf72
----------------- Done invoking toplevel() on ptolemy.moml.MoMLSimpleApplication@124bbf72
reloadAllAccessors: .Sleep

===========================================================================================
----------------- testing Mon Dec 17 03:03:03 UTC 2018 /home/travis/build/icyphy/ptII/ptolemy/actor/lib/test/auto/SleepMultipleFire.xml
----------------- Instantiating /home/travis/build/icyphy/ptII/ptolemy/actor/lib/test/auto/SleepMultipleFire.xml
1005 ms. Memory: 1714176K Free: 1573518K (92%)
----------------- Invoking toplevel() on ptolemy.moml.MoMLSimpleApplication@467c73b9
----------------- Done invoking toplevel() on ptolemy.moml.MoMLSimpleApplication@467c73b9
reloadAllAccessors: .SleepMultipleFire

===========================================================================================
----------------- testing Mon Dec 17 03:03:04 UTC 2018 /home/travis/build/icyphy/ptII/ptolemy/actor/lib/test/auto/StopDE.xml
----------------- Instantiating /home/travis/build/icyphy/ptII/ptolemy/actor/lib/test/auto/StopDE.xml
3 ms. Memory: 1714176K Free: 1553257K (91%)
----------------- Invoking toplevel() on ptolemy.moml.MoMLSimpleApplication@6df2944e
----------------- Done invoking toplevel() on ptolemy.moml.MoMLSimpleApplication@6df2944e
reloadAllAccessors: .StopDE

===========================================================================================
----------------- testing Mon Dec 17 03:03:04 UTC 2018 /home/travis/build/icyphy/ptII/ptolemy/actor/lib/test/auto/StopSDF.xml
----------------- Instantiating /home/travis/build/icyphy/ptII/ptolemy/actor/lib/test/auto/StopSDF.xml
2 ms. Memory: 1714176K Free: 1532995K (89%)
----------------- Invoking toplevel() on ptolemy.moml.MoMLSimpleApplication@379c3036
----------------- Done invoking toplevel() on ptolemy.moml.MoMLSimpleApplication@379c3036
reloadAllAccessors: .StopSDF

===========================================================================================
----------------- testing Mon Dec 17 03:03:04 UTC 2018 /home/travis/build/icyphy/ptII/ptolemy/actor/lib/test/auto/StringConstant.xml
----------------- Instantiating /home/travis/build/icyphy/ptII/ptolemy/actor/lib/test/auto/StringConstant.xml
1 ms. Memory: 1714176K Free: 1516883K (88%)
----------------- Invoking toplevel() on ptolemy.moml.MoMLSimpleApplication@54839a69
----------------- Done invoking toplevel() on ptolemy.moml.MoMLSimpleApplication@54839a69
reloadAllAccessors: .StringConstant

===========================================================================================
----------------- testing Mon Dec 17 03:03:04 UTC 2018 /home/travis/build/icyphy/ptII/ptolemy/actor/lib/test/auto/SubscriberPortInitialValues1.xml
----------------- Instantiating /home/travis/build/icyphy/ptII/ptolemy/actor/lib/test/auto/SubscriberPortInitialValues1.xml
5 ms. Memory: 1714176K Free: 1496621K (87%)
----------------- Invoking toplevel() on ptolemy.moml.MoMLSimpleApplication@7114fa82
----------------- Done invoking toplevel() on ptolemy.moml.MoMLSimpleApplication@7114fa82
reloadAllAccessors: .SubscriberPortInitialValues1

===========================================================================================
----------------- testing Mon Dec 17 03:03:04 UTC 2018 /home/travis/build/icyphy/ptII/ptolemy/actor/lib/test/auto/SubscriberPortInitialValues13.xml
----------------- Instantiating /home/travis/build/icyphy/ptII/ptolemy/actor/lib/test/auto/SubscriberPortInitialValues13.xml
4 ms. Memory: 1714176K Free: 1472452K (86%)
----------------- Invoking toplevel() on ptolemy.moml.MoMLSimpleApplication@1573457d
----------------- Done invoking toplevel() on ptolemy.moml.MoMLSimpleApplication@1573457d
reloadAllAccessors: .SubscriberPortInitialValues13

===========================================================================================
----------------- testing Mon Dec 17 03:03:04 UTC 2018 /home/travis/build/icyphy/ptII/ptolemy/actor/lib/test/auto/SubscriberPortInitialValues14.xml
----------------- Instantiating /home/travis/build/icyphy/ptII/ptolemy/actor/lib/test/auto/SubscriberPortInitialValues14.xml
4 ms. Memory: 1714176K Free: 1452191K (85%)
----------------- Invoking toplevel() on ptolemy.moml.MoMLSimpleApplication@7120f1fb
----------------- Done invoking toplevel() on ptolemy.moml.MoMLSimpleApplication@7120f1fb
reloadAllAccessors: .SubscriberPortInitialValues14

===========================================================================================
----------------- testing Mon Dec 17 03:03:04 UTC 2018 /home/travis/build/icyphy/ptII/ptolemy/actor/lib/test/auto/SubscriberPortInitialValues2.xml
----------------- Instantiating /home/travis/build/icyphy/ptII/ptolemy/actor/lib/test/auto/SubscriberPortInitialValues2.xml
3 ms. Memory: 1714176K Free: 1431929K (84%)
----------------- Invoking toplevel() on ptolemy.moml.MoMLSimpleApplication@167eaf93
----------------- Done invoking toplevel() on ptolemy.moml.MoMLSimpleApplication@167eaf93
reloadAllAccessors: .SubscriberPortInitialValues2

===========================================================================================
----------------- testing Mon Dec 17 03:03:04 UTC 2018 /home/travis/build/icyphy/ptII/ptolemy/actor/lib/test/auto/SubscriberPortInitialValues3.xml
----------------- Instantiating /home/travis/build/icyphy/ptII/ptolemy/actor/lib/test/auto/SubscriberPortInitialValues3.xml
3 ms. Memory: 1714176K Free: 1415817K (83%)
----------------- Invoking toplevel() on ptolemy.moml.MoMLSimpleApplication@c61fa58
----------------- Done invoking toplevel() on ptolemy.moml.MoMLSimpleApplication@c61fa58
reloadAllAccessors: .SubscriberPortInitialValues3

===========================================================================================
----------------- testing Mon Dec 17 03:03:04 UTC 2018 /home/travis/build/icyphy/ptII/ptolemy/actor/lib/test/auto/SubscriptionAggregator.xml
----------------- Instantiating /home/travis/build/icyphy/ptII/ptolemy/actor/lib/test/auto/SubscriptionAggregator.xml
2 ms. Memory: 1714176K Free: 1395555K (81%)
----------------- Invoking toplevel() on ptolemy.moml.MoMLSimpleApplication@440da6f9
----------------- Done invoking toplevel() on ptolemy.moml.MoMLSimpleApplication@440da6f9
reloadAllAccessors: .SubscriptionAggregator

===========================================================================================
----------------- testing Mon Dec 17 03:03:04 UTC 2018 /home/travis/build/icyphy/ptII/ptolemy/actor/lib/test/auto/SubscriptionAggregator2.xml
----------------- Instantiating /home/travis/build/icyphy/ptII/ptolemy/actor/lib/test/auto/SubscriptionAggregator2.xml
2 ms. Memory: 1714176K Free: 1379443K (80%)
----------------- Invoking toplevel() on ptolemy.moml.MoMLSimpleApplication@7ea8641
----------------- Done invoking toplevel() on ptolemy.moml.MoMLSimpleApplication@7ea8641
reloadAllAccessors: .SubscriptionAggregator2

===========================================================================================
----------------- testing Mon Dec 17 03:03:04 UTC 2018 /home/travis/build/icyphy/ptII/ptolemy/actor/lib/test/auto/SubscriptionAggregator3.xml
----------------- Instantiating /home/travis/build/icyphy/ptII/ptolemy/actor/lib/test/auto/SubscriptionAggregator3.xml
2 ms. Memory: 1714176K Free: 1359181K (79%)
----------------- Invoking toplevel() on ptolemy.moml.MoMLSimpleApplication@2759b8dc
----------------- Done invoking toplevel() on ptolemy.moml.MoMLSimpleApplication@2759b8dc
reloadAllAccessors: .SubscriptionAggregator3

===========================================================================================
----------------- testing Mon Dec 17 03:03:04 UTC 2018 /home/travis/build/icyphy/ptII/ptolemy/actor/lib/test/auto/SubscriptionAggregatorMultiply.xml
----------------- Instantiating /home/travis/build/icyphy/ptII/ptolemy/actor/lib/test/auto/SubscriptionAggregatorMultiply.xml
3 ms. Memory: 1714176K Free: 1338920K (78%)
----------------- Invoking toplevel() on ptolemy.moml.MoMLSimpleApplication@7ae19d07
----------------- Done invoking toplevel() on ptolemy.moml.MoMLSimpleApplication@7ae19d07
reloadAllAccessors: .SubscriptionAggregatorMultiply

===========================================================================================
----------------- testing Mon Dec 17 03:03:04 UTC 2018 /home/travis/build/icyphy/ptII/ptolemy/actor/lib/test/auto/SubscriptionAggregatorPortMultiply1.xml
----------------- Instantiating /home/travis/build/icyphy/ptII/ptolemy/actor/lib/test/auto/SubscriptionAggregatorPortMultiply1.xml
3 ms. Memory: 1714176K Free: 1322807K (77%)
----------------- Invoking toplevel() on ptolemy.moml.MoMLSimpleApplication@384a99d2
----------------- Done invoking toplevel() on ptolemy.moml.MoMLSimpleApplication@384a99d2
reloadAllAccessors: .SubscriptionAggregatorPortMultiply1

===========================================================================================
----------------- testing Mon Dec 17 03:03:04 UTC 2018 /home/travis/build/icyphy/ptII/ptolemy/actor/lib/test/auto/Switch.xml
----------------- Instantiating /home/travis/build/icyphy/ptII/ptolemy/actor/lib/test/auto/Switch.xml
3 ms. Memory: 1714176K Free: 1254208K (73%)
----------------- Invoking toplevel() on ptolemy.moml.MoMLSimpleApplication@7e51f7e0
----------------- Done invoking toplevel() on ptolemy.moml.MoMLSimpleApplication@7e51f7e0
reloadAllAccessors: .Switch

===========================================================================================
----------------- testing Mon Dec 17 03:03:04 UTC 2018 /home/travis/build/icyphy/ptII/ptolemy/actor/lib/test/auto/Switch2.xml
----------------- Instantiating /home/travis/build/icyphy/ptII/ptolemy/actor/lib/test/auto/Switch2.xml
1 ms. Memory: 1714176K Free: 1238095K (72%)
----------------- Invoking toplevel() on ptolemy.moml.MoMLSimpleApplication@4e6cc8c
----------------- Done invoking toplevel() on ptolemy.moml.MoMLSimpleApplication@4e6cc8c
reloadAllAccessors: .Switch2

===========================================================================================
----------------- testing Mon Dec 17 03:03:04 UTC 2018 /home/travis/build/icyphy/ptII/ptolemy/actor/lib/test/auto/SwitchDE.xml
----------------- Instantiating /home/travis/build/icyphy/ptII/ptolemy/actor/lib/test/auto/SwitchDE.xml
2 ms. Memory: 1714176K Free: 1217834K (71%)
----------------- Invoking toplevel() on ptolemy.moml.MoMLSimpleApplication@3097927b
----------------- Done invoking toplevel() on ptolemy.moml.MoMLSimpleApplication@3097927b
reloadAllAccessors: .SwitchDE

===========================================================================================
----------------- testing Mon Dec 17 03:03:04 UTC 2018 /home/travis/build/icyphy/ptII/ptolemy/actor/lib/test/auto/SynchronizerDE.xml
----------------- Instantiating /home/travis/build/icyphy/ptII/ptolemy/actor/lib/test/auto/SynchronizerDE.xml
6 ms. Memory: 1714176K Free: 1197572K (70%)
----------------- Invoking toplevel() on ptolemy.moml.MoMLSimpleApplication@6ec09ddd
----------------- Done invoking toplevel() on ptolemy.moml.MoMLSimpleApplication@6ec09ddd
reloadAllAccessors: .SynchronizerDE

===========================================================================================
----------------- testing Mon Dec 17 03:03:04 UTC 2018 /home/travis/build/icyphy/ptII/ptolemy/actor/lib/test/auto/Test.xml
----------------- Instantiating /home/travis/build/icyphy/ptII/ptolemy/actor/lib/test/auto/Test.xml
7 ms. Memory: 1714176K Free: 1181459K (69%)
----------------- Invoking toplevel() on ptolemy.moml.MoMLSimpleApplication@df01ceb
----------------- Done invoking toplevel() on ptolemy.moml.MoMLSimpleApplication@df01ceb
reloadAllAccessors: .Test

===========================================================================================
----------------- testing Mon Dec 17 03:03:04 UTC 2018 /home/travis/build/icyphy/ptII/ptolemy/actor/lib/test/auto/TestExceptionAttribute1.xml
----------------- Instantiating /home/travis/build/icyphy/ptII/ptolemy/actor/lib/test/auto/TestExceptionAttribute1.xml
1 ms. Memory: 1714176K Free: 1161198K (68%)
----------------- Invoking toplevel() on ptolemy.moml.MoMLSimpleApplication@1298709c
----------------- Done invoking toplevel() on ptolemy.moml.MoMLSimpleApplication@1298709c
reloadAllAccessors: .TestExceptionAttribute1

===========================================================================================
----------------- testing Mon Dec 17 03:03:04 UTC 2018 /home/travis/build/icyphy/ptII/ptolemy/actor/lib/test/auto/TestExceptionAttribute2.xml
----------------- Instantiating /home/travis/build/icyphy/ptII/ptolemy/actor/lib/test/auto/TestExceptionAttribute2.xml
1 ms. Memory: 1714176K Free: 1145085K (67%)
----------------- Invoking toplevel() on ptolemy.moml.MoMLSimpleApplication@1900674c
----------------- Done invoking toplevel() on ptolemy.moml.MoMLSimpleApplication@1900674c
reloadAllAccessors: .TestExceptionAttribute2

===========================================================================================
----------------- testing Mon Dec 17 03:03:04 UTC 2018 /home/travis/build/icyphy/ptII/ptolemy/actor/lib/test/auto/TestExceptionAttribute3.xml
----------------- Instantiating /home/travis/build/icyphy/ptII/ptolemy/actor/lib/test/auto/TestExceptionAttribute3.xml
.TestExceptionAttribute3.TestExceptionAttribute: initialize() was not invoked, but wrapup() was.  This is unusual, but not always a problem.  For example, exporting JNLP will do this.
1 ms. Memory: 1714176K Free: 1124824K (66%)
----------------- Invoking toplevel() on ptolemy.moml.MoMLSimpleApplication@610ff55
----------------- Done invoking toplevel() on ptolemy.moml.MoMLSimpleApplication@610ff55
reloadAllAccessors: .TestExceptionAttribute3

===========================================================================================
----------------- testing Mon Dec 17 03:03:04 UTC 2018 /home/travis/build/icyphy/ptII/ptolemy/actor/lib/test/auto/TestExceptionAttribute4.xml
----------------- Instantiating /home/travis/build/icyphy/ptII/ptolemy/actor/lib/test/auto/TestExceptionAttribute4.xml
.TestExceptionAttribute4.TestExceptionAttribute: initialize() was not invoked, but wrapup() was.  This is unusual, but not always a problem.  For example, exporting JNLP will do this.
.TestExceptionAttribute4.TestExceptionAttribute2: initialize() was not invoked, but wrapup() was.  This is unusual, but not always a problem.  For example, exporting JNLP will do this.
1 ms. Memory: 1714176K Free: 1104562K (64%)
----------------- Invoking toplevel() on ptolemy.moml.MoMLSimpleApplication@35c1615
----------------- Done invoking toplevel() on ptolemy.moml.MoMLSimpleApplication@35c1615
reloadAllAccessors: .TestExceptionAttribute4

===========================================================================================
----------------- testing Mon Dec 17 03:03:04 UTC 2018 /home/travis/build/icyphy/ptII/ptolemy/actor/lib/test/auto/TestExceptionHandler1.xml
----------------- Instantiating /home/travis/build/icyphy/ptII/ptolemy/actor/lib/test/auto/TestExceptionHandler1.xml
1 ms. Memory: 1714176K Free: 1088450K (63%)
----------------- Invoking toplevel() on ptolemy.moml.MoMLSimpleApplication@6b8158e9
----------------- Done invoking toplevel() on ptolemy.moml.MoMLSimpleApplication@6b8158e9
reloadAllAccessors: .TestExceptionHandler1

===========================================================================================
----------------- testing Mon Dec 17 03:03:04 UTC 2018 /home/travis/build/icyphy/ptII/ptolemy/actor/lib/test/auto/TestExceptionHandler2.xml
----------------- Instantiating /home/travis/build/icyphy/ptII/ptolemy/actor/lib/test/auto/TestExceptionHandler2.xml
2 ms. Memory: 1714176K Free: 1068188K (62%)
----------------- Invoking toplevel() on ptolemy.moml.MoMLSimpleApplication@636f7490
----------------- Done invoking toplevel() on ptolemy.moml.MoMLSimpleApplication@636f7490
reloadAllAccessors: .TestExceptionHandler2

===========================================================================================
----------------- testing Mon Dec 17 03:03:04 UTC 2018 /home/travis/build/icyphy/ptII/ptolemy/actor/lib/test/auto/TestExceptionHandler3.xml
----------------- Instantiating /home/travis/build/icyphy/ptII/ptolemy/actor/lib/test/auto/TestExceptionHandler3.xml
0 ms. Memory: 1714176K Free: 1052076K (61%)
----------------- Invoking toplevel() on ptolemy.moml.MoMLSimpleApplication@40eb984a
----------------- Done invoking toplevel() on ptolemy.moml.MoMLSimpleApplication@40eb984a
reloadAllAccessors: .TestExceptionHandler3

===========================================================================================
----------------- testing Mon Dec 17 03:03:04 UTC 2018 /home/travis/build/icyphy/ptII/ptolemy/actor/lib/test/auto/TestExceptionHandler4.xml
----------------- Instantiating /home/travis/build/icyphy/ptII/ptolemy/actor/lib/test/auto/TestExceptionHandler4.xml
0 ms. Memory: 1714176K Free: 1031814K (60%)
----------------- Invoking toplevel() on ptolemy.moml.MoMLSimpleApplication@2f104c0e
----------------- Done invoking toplevel() on ptolemy.moml.MoMLSimpleApplication@2f104c0e
reloadAllAccessors: .TestExceptionHandler4

===========================================================================================
----------------- testing Mon Dec 17 03:03:04 UTC 2018 /home/travis/build/icyphy/ptII/ptolemy/actor/lib/test/auto/TestRequireCorrectOrder.xml
----------------- Instantiating /home/travis/build/icyphy/ptII/ptolemy/actor/lib/test/auto/TestRequireCorrectOrder.xml
2 ms. Memory: 1714176K Free: 1011553K (59%)
----------------- Invoking toplevel() on ptolemy.moml.MoMLSimpleApplication@3cce123e
----------------- Done invoking toplevel() on ptolemy.moml.MoMLSimpleApplication@3cce123e
reloadAllAccessors: .TestRequireCorrectOrder

===========================================================================================
----------------- testing Mon Dec 17 03:03:04 UTC 2018 /home/travis/build/icyphy/ptII/ptolemy/actor/lib/test/auto/TestSimple.xml
----------------- Instantiating /home/travis/build/icyphy/ptII/ptolemy/actor/lib/test/auto/TestSimple.xml
1 ms. Memory: 1714176K Free: 995440K (58%)
----------------- Invoking toplevel() on ptolemy.moml.MoMLSimpleApplication@74263d14
----------------- Done invoking toplevel() on ptolemy.moml.MoMLSimpleApplication@74263d14
reloadAllAccessors: .TestSimple

===========================================================================================
----------------- testing Mon Dec 17 03:03:04 UTC 2018 /home/travis/build/icyphy/ptII/ptolemy/actor/lib/test/auto/ThrowModelError.xml
----------------- Instantiating /home/travis/build/icyphy/ptII/ptolemy/actor/lib/test/auto/ThrowModelError.xml
1 ms. Memory: 1714176K Free: 975179K (57%)
----------------- Invoking toplevel() on ptolemy.moml.MoMLSimpleApplication@73791b0f
----------------- Done invoking toplevel() on ptolemy.moml.MoMLSimpleApplication@73791b0f
reloadAllAccessors: .ThrowModelError

===========================================================================================
----------------- testing Mon Dec 17 03:03:04 UTC 2018 /home/travis/build/icyphy/ptII/ptolemy/actor/lib/test/auto/TimeDelayMicrosteps.xml
----------------- Instantiating /home/travis/build/icyphy/ptII/ptolemy/actor/lib/test/auto/TimeDelayMicrosteps.xml
4 ms. Memory: 1714176K Free: 959066K (56%)
----------------- Invoking toplevel() on ptolemy.moml.MoMLSimpleApplication@573841fe
----------------- Done invoking toplevel() on ptolemy.moml.MoMLSimpleApplication@573841fe
reloadAllAccessors: .TimeDelayMicrosteps

===========================================================================================
----------------- testing Mon Dec 17 03:03:04 UTC 2018 /home/travis/build/icyphy/ptII/ptolemy/actor/lib/test/auto/TimeDelayMicrosteps2.xml
----------------- Instantiating /home/travis/build/icyphy/ptII/ptolemy/actor/lib/test/auto/TimeDelayMicrosteps2.xml
3 ms. Memory: 1714176K Free: 938805K (55%)
----------------- Invoking toplevel() on ptolemy.moml.MoMLSimpleApplication@293d3470
----------------- Done invoking toplevel() on ptolemy.moml.MoMLSimpleApplication@293d3470
reloadAllAccessors: .TimeDelayMicrosteps2

===========================================================================================
----------------- testing Mon Dec 17 03:03:04 UTC 2018 /home/travis/build/icyphy/ptII/ptolemy/actor/lib/test/auto/TimeDelayMicrosteps3.xml
----------------- Instantiating /home/travis/build/icyphy/ptII/ptolemy/actor/lib/test/auto/TimeDelayMicrosteps3.xml
2 ms. Memory: 1714176K Free: 918543K (54%)
----------------- Invoking toplevel() on ptolemy.moml.MoMLSimpleApplication@16f76332
----------------- Done invoking toplevel() on ptolemy.moml.MoMLSimpleApplication@16f76332
reloadAllAccessors: .TimeDelayMicrosteps3

===========================================================================================
----------------- testing Mon Dec 17 03:03:04 UTC 2018 /home/travis/build/icyphy/ptII/ptolemy/actor/lib/test/auto/TimeDelayVariableMicrosteps.xml
----------------- Instantiating /home/travis/build/icyphy/ptII/ptolemy/actor/lib/test/auto/TimeDelayVariableMicrosteps.xml
2 ms. Memory: 1714176K Free: 902431K (53%)
----------------- Invoking toplevel() on ptolemy.moml.MoMLSimpleApplication@7ec68a38
----------------- Done invoking toplevel() on ptolemy.moml.MoMLSimpleApplication@7ec68a38
reloadAllAccessors: .TimeDelayVariableMicrosteps

===========================================================================================
----------------- testing Mon Dec 17 03:03:05 UTC 2018 /home/travis/build/icyphy/ptII/ptolemy/actor/lib/test/auto/TimeGap.xml
----------------- Instantiating /home/travis/build/icyphy/ptII/ptolemy/actor/lib/test/auto/TimeGap.xml
3 ms. Memory: 1714176K Free: 882169K (51%)
----------------- Invoking toplevel() on ptolemy.moml.MoMLSimpleApplication@35250252
----------------- Done invoking toplevel() on ptolemy.moml.MoMLSimpleApplication@35250252
reloadAllAccessors: .TimeGap

===========================================================================================
----------------- testing Mon Dec 17 03:03:05 UTC 2018 /home/travis/build/icyphy/ptII/ptolemy/actor/lib/test/auto/TimeGap2.xml
----------------- Instantiating /home/travis/build/icyphy/ptII/ptolemy/actor/lib/test/auto/TimeGap2.xml
2 ms. Memory: 1714176K Free: 866056K (51%)
----------------- Invoking toplevel() on ptolemy.moml.MoMLSimpleApplication@320dc81a
----------------- Done invoking toplevel() on ptolemy.moml.MoMLSimpleApplication@320dc81a
reloadAllAccessors: .TimeGap2

===========================================================================================
----------------- testing Mon Dec 17 03:03:05 UTC 2018 /home/travis/build/icyphy/ptII/ptolemy/actor/lib/test/auto/TimedSinewave.xml
----------------- Instantiating /home/travis/build/icyphy/ptII/ptolemy/actor/lib/test/auto/TimedSinewave.xml
32 ms. Memory: 1714176K Free: 837723K (49%)
----------------- Invoking toplevel() on ptolemy.moml.MoMLSimpleApplication@2ec0237c
----------------- Done invoking toplevel() on ptolemy.moml.MoMLSimpleApplication@2ec0237c
reloadAllAccessors: .TimedSinewave

===========================================================================================
----------------- testing Mon Dec 17 03:03:05 UTC 2018 /home/travis/build/icyphy/ptII/ptolemy/actor/lib/test/auto/TimedSinewavePhase.xml
----------------- Instantiating /home/travis/build/icyphy/ptII/ptolemy/actor/lib/test/auto/TimedSinewavePhase.xml
9 ms. Memory: 1714176K Free: 817461K (48%)
----------------- Invoking toplevel() on ptolemy.moml.MoMLSimpleApplication@7ad7d395
----------------- Done invoking toplevel() on ptolemy.moml.MoMLSimpleApplication@7ad7d395
reloadAllAccessors: .TimedSinewavePhase

===========================================================================================
----------------- testing Mon Dec 17 03:03:05 UTC 2018 /home/travis/build/icyphy/ptII/ptolemy/actor/lib/test/auto/Timer.xml
----------------- Instantiating /home/travis/build/icyphy/ptII/ptolemy/actor/lib/test/auto/Timer.xml
2 ms. Memory: 1714176K Free: 801349K (47%)
----------------- Invoking toplevel() on ptolemy.moml.MoMLSimpleApplication@41d24dd1
----------------- Done invoking toplevel() on ptolemy.moml.MoMLSimpleApplication@41d24dd1
reloadAllAccessors: .Timer

===========================================================================================
----------------- testing Mon Dec 17 03:03:05 UTC 2018 /home/travis/build/icyphy/ptII/ptolemy/actor/lib/test/auto/TriangularDistTestModel.xml
----------------- Instantiating /home/travis/build/icyphy/ptII/ptolemy/actor/lib/test/auto/TriangularDistTestModel.xml
2 ms. Memory: 1714176K Free: 781087K (46%)
----------------- Invoking toplevel() on ptolemy.moml.MoMLSimpleApplication@4eb4d7cc
----------------- Done invoking toplevel() on ptolemy.moml.MoMLSimpleApplication@4eb4d7cc
reloadAllAccessors: .TriangularDistTestModel

===========================================================================================
----------------- testing Mon Dec 17 03:03:05 UTC 2018 /home/travis/build/icyphy/ptII/ptolemy/actor/lib/test/auto/TrigFunction.xml
----------------- Instantiating /home/travis/build/icyphy/ptII/ptolemy/actor/lib/test/auto/TrigFunction.xml
1 ms. Memory: 1714176K Free: 764975K (45%)
----------------- Invoking toplevel() on ptolemy.moml.MoMLSimpleApplication@2982775e
----------------- Done invoking toplevel() on ptolemy.moml.MoMLSimpleApplication@2982775e
reloadAllAccessors: .TrigFunction

===========================================================================================
----------------- testing Mon Dec 17 03:03:05 UTC 2018 /home/travis/build/icyphy/ptII/ptolemy/actor/lib/test/auto/TrigFunctionDE.xml
----------------- Instantiating /home/travis/build/icyphy/ptII/ptolemy/actor/lib/test/auto/TrigFunctionDE.xml
2 ms. Memory: 1714176K Free: 744713K (43%)
----------------- Invoking toplevel() on ptolemy.moml.MoMLSimpleApplication@50284fbe
----------------- Done invoking toplevel() on ptolemy.moml.MoMLSimpleApplication@50284fbe
reloadAllAccessors: .TrigFunctionDE

===========================================================================================
----------------- testing Mon Dec 17 03:03:05 UTC 2018 /home/travis/build/icyphy/ptII/ptolemy/actor/lib/test/auto/TrigFunctionInverse.xml
----------------- Instantiating /home/travis/build/icyphy/ptII/ptolemy/actor/lib/test/auto/TrigFunctionInverse.xml
2 ms. Memory: 1714176K Free: 724452K (42%)
----------------- Invoking toplevel() on ptolemy.moml.MoMLSimpleApplication@510b112d
----------------- Done invoking toplevel() on ptolemy.moml.MoMLSimpleApplication@510b112d
reloadAllAccessors: .TrigFunctionInverse

===========================================================================================
----------------- testing Mon Dec 17 03:03:05 UTC 2018 /home/travis/build/icyphy/ptII/ptolemy/actor/lib/test/auto/TrigFunctionTan.xml
----------------- Instantiating /home/travis/build/icyphy/ptII/ptolemy/actor/lib/test/auto/TrigFunctionTan.xml
5 ms. Memory: 1714176K Free: 708339K (41%)
----------------- Invoking toplevel() on ptolemy.moml.MoMLSimpleApplication@62ead4ae
----------------- Done invoking toplevel() on ptolemy.moml.MoMLSimpleApplication@62ead4ae
reloadAllAccessors: .TrigFunctionTan

===========================================================================================
----------------- testing Mon Dec 17 03:03:05 UTC 2018 /home/travis/build/icyphy/ptII/ptolemy/actor/lib/test/auto/TriggeredClock.xml
----------------- Instantiating /home/travis/build/icyphy/ptII/ptolemy/actor/lib/test/auto/TriggeredClock.xml
1 ms. Memory: 1714176K Free: 688078K (40%)
----------------- Invoking toplevel() on ptolemy.moml.MoMLSimpleApplication@3ee2895d
----------------- Done invoking toplevel() on ptolemy.moml.MoMLSimpleApplication@3ee2895d
reloadAllAccessors: .TriggeredClock

===========================================================================================
----------------- testing Mon Dec 17 03:03:05 UTC 2018 /home/travis/build/icyphy/ptII/ptolemy/actor/lib/test/auto/URLDirectoryReader.xml
----------------- Instantiating /home/travis/build/icyphy/ptII/ptolemy/actor/lib/test/auto/URLDirectoryReader.xml
40 ms. Memory: 1714176K Free: 671965K (39%)
----------------- Invoking toplevel() on ptolemy.moml.MoMLSimpleApplication@3c2d35bd
----------------- Done invoking toplevel() on ptolemy.moml.MoMLSimpleApplication@3c2d35bd
reloadAllAccessors: .URLDirectoryReader

===========================================================================================
----------------- testing Mon Dec 17 03:03:05 UTC 2018 /home/travis/build/icyphy/ptII/ptolemy/actor/lib/test/auto/URLDirectoryReader3.xml
----------------- Instantiating /home/travis/build/icyphy/ptII/ptolemy/actor/lib/test/auto/URLDirectoryReader3.xml
1207 ms. Memory: 1714176K Free: 603365K (35%)
----------------- Invoking toplevel() on ptolemy.moml.MoMLSimpleApplication@423053b2
----------------- Done invoking toplevel() on ptolemy.moml.MoMLSimpleApplication@423053b2
reloadAllAccessors: .URLDirectoryReader3

===========================================================================================
----------------- testing Mon Dec 17 03:03:06 UTC 2018 /home/travis/build/icyphy/ptII/ptolemy/actor/lib/test/auto/UnaryMathFunction.xml
----------------- Instantiating /home/travis/build/icyphy/ptII/ptolemy/actor/lib/test/auto/UnaryMathFunction.xml
2 ms. Memory: 1714176K Free: 583104K (34%)
----------------- Invoking toplevel() on ptolemy.moml.MoMLSimpleApplication@39732c10
----------------- Done invoking toplevel() on ptolemy.moml.MoMLSimpleApplication@39732c10
reloadAllAccessors: .UnaryMathFunction

===========================================================================================
----------------- testing Mon Dec 17 03:03:06 UTC 2018 /home/travis/build/icyphy/ptII/ptolemy/actor/lib/test/auto/Uniform.xml
----------------- Instantiating /home/travis/build/icyphy/ptII/ptolemy/actor/lib/test/auto/Uniform.xml
2 ms. Memory: 1714176K Free: 566991K (33%)
----------------- Invoking toplevel() on ptolemy.moml.MoMLSimpleApplication@30960277
----------------- Done invoking toplevel() on ptolemy.moml.MoMLSimpleApplication@30960277
reloadAllAccessors: .Uniform

===========================================================================================
----------------- testing Mon Dec 17 03:03:06 UTC 2018 /home/travis/build/icyphy/ptII/ptolemy/actor/lib/test/auto/UnionDisassemblerTest.xml
----------------- Instantiating /home/travis/build/icyphy/ptII/ptolemy/actor/lib/test/auto/UnionDisassemblerTest.xml
10 ms. Memory: 1714176K Free: 546730K (32%)
----------------- Invoking toplevel() on ptolemy.moml.MoMLSimpleApplication@187957a5
----------------- Done invoking toplevel() on ptolemy.moml.MoMLSimpleApplication@187957a5
reloadAllAccessors: .UnionDisassemblerTest

===========================================================================================
----------------- testing Mon Dec 17 03:03:06 UTC 2018 /home/travis/build/icyphy/ptII/ptolemy/actor/lib/test/auto/UtilityFunctions.xml
----------------- Instantiating /home/travis/build/icyphy/ptII/ptolemy/actor/lib/test/auto/UtilityFunctions.xml
5 ms. Memory: 1714176K Free: 530617K (31%)
----------------- Invoking toplevel() on ptolemy.moml.MoMLSimpleApplication@34cc18cd
----------------- Done invoking toplevel() on ptolemy.moml.MoMLSimpleApplication@34cc18cd
reloadAllAccessors: .UtilityFunctions

===========================================================================================
----------------- testing Mon Dec 17 03:03:06 UTC 2018 /home/travis/build/icyphy/ptII/ptolemy/actor/lib/test/auto/VariableSleep.xml
----------------- Instantiating /home/travis/build/icyphy/ptII/ptolemy/actor/lib/test/auto/VariableSleep.xml
511 ms. Memory: 1714176K Free: 510356K (30%)
----------------- Invoking toplevel() on ptolemy.moml.MoMLSimpleApplication@406594c4
----------------- Done invoking toplevel() on ptolemy.moml.MoMLSimpleApplication@406594c4
reloadAllAccessors: .VariableSleep

===========================================================================================
----------------- testing Mon Dec 17 03:03:07 UTC 2018 /home/travis/build/icyphy/ptII/ptolemy/actor/lib/test/auto/VectorAssemblerDisassemblerCT.xml
----------------- Instantiating /home/travis/build/icyphy/ptII/ptolemy/actor/lib/test/auto/VectorAssemblerDisassemblerCT.xml
63 ms. Memory: 1714176K Free: 473950K (28%)
----------------- Invoking toplevel() on ptolemy.moml.MoMLSimpleApplication@7ae91ba4
----------------- Done invoking toplevel() on ptolemy.moml.MoMLSimpleApplication@7ae91ba4
reloadAllAccessors: .VectorAssemblerDisassemblerCT

===========================================================================================
----------------- testing Mon Dec 17 03:03:07 UTC 2018 /home/travis/build/icyphy/ptII/ptolemy/actor/lib/test/auto/VectorAssemblerDisassemblerDE.xml
----------------- Instantiating /home/travis/build/icyphy/ptII/ptolemy/actor/lib/test/auto/VectorAssemblerDisassemblerDE.xml
2 ms. Memory: 1714176K Free: 457837K (27%)
----------------- Invoking toplevel() on ptolemy.moml.MoMLSimpleApplication@8908f41
----------------- Done invoking toplevel() on ptolemy.moml.MoMLSimpleApplication@8908f41
reloadAllAccessors: .VectorAssemblerDisassemblerDE

===========================================================================================
----------------- testing Mon Dec 17 03:03:07 UTC 2018 /home/travis/build/icyphy/ptII/ptolemy/actor/lib/test/auto/VectorAssemblerDisassemblerSDF.xml
----------------- Instantiating /home/travis/build/icyphy/ptII/ptolemy/actor/lib/test/auto/VectorAssemblerDisassemblerSDF.xml
2 ms. Memory: 1714176K Free: 437575K (26%)
----------------- Invoking toplevel() on ptolemy.moml.MoMLSimpleApplication@5512c97
----------------- Done invoking toplevel() on ptolemy.moml.MoMLSimpleApplication@5512c97
reloadAllAccessors: .VectorAssemblerDisassemblerSDF

===========================================================================================
----------------- testing Mon Dec 17 03:03:07 UTC 2018 /home/travis/build/icyphy/ptII/ptolemy/actor/lib/test/auto/WallClockTime.xml
----------------- Instantiating /home/travis/build/icyphy/ptII/ptolemy/actor/lib/test/auto/WallClockTime.xml
1004 ms. Memory: 1714176K Free: 421463K (25%)
----------------- Invoking toplevel() on ptolemy.moml.MoMLSimpleApplication@78a2c4c0
----------------- Done invoking toplevel() on ptolemy.moml.MoMLSimpleApplication@78a2c4c0
reloadAllAccessors: .WallClockTime

===========================================================================================
----------------- testing Mon Dec 17 03:03:08 UTC 2018 /home/travis/build/icyphy/ptII/ptolemy/actor/lib/test/auto/WidthTestWithSubscriberPublisher.xml
----------------- Instantiating /home/travis/build/icyphy/ptII/ptolemy/actor/lib/test/auto/WidthTestWithSubscriberPublisher.xml
6 ms. Memory: 1714176K Free: 393129K (23%)
----------------- Invoking toplevel() on ptolemy.moml.MoMLSimpleApplication@5c6d5c3e
----------------- Done invoking toplevel() on ptolemy.moml.MoMLSimpleApplication@5c6d5c3e
reloadAllAccessors: .WidthTestWithSubscriberPublisher

===========================================================================================
----------------- testing Mon Dec 17 03:03:08 UTC 2018 /home/travis/build/icyphy/ptII/ptolemy/actor/lib/test/auto/WidthTestWithSubscriberPublisher2.xml
----------------- Instantiating /home/travis/build/icyphy/ptII/ptolemy/actor/lib/test/auto/WidthTestWithSubscriberPublisher2.xml
3 ms. Memory: 1714176K Free: 372868K (22%)
----------------- Invoking toplevel() on ptolemy.moml.MoMLSimpleApplication@4de2581a
----------------- Done invoking toplevel() on ptolemy.moml.MoMLSimpleApplication@4de2581a
reloadAllAccessors: .WidthTestWithSubscriberPublisher2

===========================================================================================
----------------- testing Mon Dec 17 03:03:08 UTC 2018 /home/travis/build/icyphy/ptII/ptolemy/actor/lib/test/auto/WidthTestWithSubscriberPublisher3.xml
----------------- Instantiating /home/travis/build/icyphy/ptII/ptolemy/actor/lib/test/auto/WidthTestWithSubscriberPublisher3.xml
4 ms. Memory: 1714176K Free: 356755K (21%)
----------------- Invoking toplevel() on ptolemy.moml.MoMLSimpleApplication@68155ff
----------------- Done invoking toplevel() on ptolemy.moml.MoMLSimpleApplication@68155ff
reloadAllAccessors: .WidthTestWithSubscriberPublisher3

===========================================================================================
----------------- testing Mon Dec 17 03:03:08 UTC 2018 /home/travis/build/icyphy/ptII/ptolemy/actor/lib/test/auto/Writer.xml
----------------- Instantiating /home/travis/build/icyphy/ptII/ptolemy/actor/lib/test/auto/Writer.xml
0
1
2
3
4
1 ms. Memory: 1714176K Free: 336494K (20%)
----------------- Invoking toplevel() on ptolemy.moml.MoMLSimpleApplication@4ac4d12f
----------------- Done invoking toplevel() on ptolemy.moml.MoMLSimpleApplication@4ac4d12f
reloadAllAccessors: .Writer

===========================================================================================
----------------- testing Mon Dec 17 03:03:08 UTC 2018 /home/travis/build/icyphy/ptII/ptolemy/actor/lib/test/auto/array.xml
----------------- Instantiating /home/travis/build/icyphy/ptII/ptolemy/actor/lib/test/auto/array.xml
2 ms. Memory: 1714176K Free: 320381K (19%)
----------------- Invoking toplevel() on ptolemy.moml.MoMLSimpleApplication@6a70e96f
----------------- Done invoking toplevel() on ptolemy.moml.MoMLSimpleApplication@6a70e96f
reloadAllAccessors: .array

===========================================================================================
----------------- testing Mon Dec 17 03:03:08 UTC 2018 /home/travis/build/icyphy/ptII/ptolemy/actor/lib/test/auto/array2.xml
----------------- Instantiating /home/travis/build/icyphy/ptII/ptolemy/actor/lib/test/auto/array2.xml
2 ms. Memory: 1714176K Free: 300119K (18%)
----------------- Invoking toplevel() on ptolemy.moml.MoMLSimpleApplication@6c85c899
----------------- Done invoking toplevel() on ptolemy.moml.MoMLSimpleApplication@6c85c899
reloadAllAccessors: .array2

===========================================================================================
----------------- testing Mon Dec 17 03:03:08 UTC 2018 /home/travis/build/icyphy/ptII/ptolemy/actor/lib/test/auto/arrayType.xml
----------------- Instantiating /home/travis/build/icyphy/ptII/ptolemy/actor/lib/test/auto/arrayType.xml
1 ms. Memory: 1714176K Free: 279858K (16%)
----------------- Invoking toplevel() on ptolemy.moml.MoMLSimpleApplication@66f2d67b
----------------- Done invoking toplevel() on ptolemy.moml.MoMLSimpleApplication@66f2d67b
reloadAllAccessors: .arrayType

===========================================================================================
----------------- testing Mon Dec 17 03:03:08 UTC 2018 /home/travis/build/icyphy/ptII/ptolemy/actor/lib/test/auto/arrayType10.xml
----------------- Instantiating /home/travis/build/icyphy/ptII/ptolemy/actor/lib/test/auto/arrayType10.xml
1 ms. Memory: 1714176K Free: 263745K (15%)
----------------- Invoking toplevel() on ptolemy.moml.MoMLSimpleApplication@279c8fe3
----------------- Done invoking toplevel() on ptolemy.moml.MoMLSimpleApplication@279c8fe3
reloadAllAccessors: .arrayType10

===========================================================================================
----------------- testing Mon Dec 17 03:03:08 UTC 2018 /home/travis/build/icyphy/ptII/ptolemy/actor/lib/test/auto/arrayType11.xml
----------------- Instantiating /home/travis/build/icyphy/ptII/ptolemy/actor/lib/test/auto/arrayType11.xml
2 ms. Memory: 1714176K Free: 243484K (14%)
----------------- Invoking toplevel() on ptolemy.moml.MoMLSimpleApplication@665dcff3
----------------- Done invoking toplevel() on ptolemy.moml.MoMLSimpleApplication@665dcff3
reloadAllAccessors: .arrayType11

===========================================================================================
----------------- testing Mon Dec 17 03:03:08 UTC 2018 /home/travis/build/icyphy/ptII/ptolemy/actor/lib/test/auto/arrayType12.xml
----------------- Instantiating /home/travis/build/icyphy/ptII/ptolemy/actor/lib/test/auto/arrayType12.xml
1 ms. Memory: 1714176K Free: 223222K (13%)
----------------- Invoking toplevel() on ptolemy.moml.MoMLSimpleApplication@32c61ee5
----------------- Done invoking toplevel() on ptolemy.moml.MoMLSimpleApplication@32c61ee5
reloadAllAccessors: .arrayType12

===========================================================================================
----------------- testing Mon Dec 17 03:03:08 UTC 2018 /home/travis/build/icyphy/ptII/ptolemy/actor/lib/test/auto/arrayType13.xml
----------------- Instantiating /home/travis/build/icyphy/ptII/ptolemy/actor/lib/test/auto/arrayType13.xml
2 ms. Memory: 1714176K Free: 207110K (12%)
----------------- Invoking toplevel() on ptolemy.moml.MoMLSimpleApplication@5c7780bc
----------------- Done invoking toplevel() on ptolemy.moml.MoMLSimpleApplication@5c7780bc
reloadAllAccessors: .arrayType13

===========================================================================================
----------------- testing Mon Dec 17 03:03:08 UTC 2018 /home/travis/build/icyphy/ptII/ptolemy/actor/lib/test/auto/arrayType14.xml
----------------- Instantiating /home/travis/build/icyphy/ptII/ptolemy/actor/lib/test/auto/arrayType14.xml
7 ms. Memory: 1714176K Free: 186848K (11%)
----------------- Invoking toplevel() on ptolemy.moml.MoMLSimpleApplication@345974cc
----------------- Done invoking toplevel() on ptolemy.moml.MoMLSimpleApplication@345974cc
reloadAllAccessors: .arrayType14

===========================================================================================
----------------- testing Mon Dec 17 03:03:08 UTC 2018 /home/travis/build/icyphy/ptII/ptolemy/actor/lib/test/auto/arrayType15.xml
----------------- Instantiating /home/travis/build/icyphy/ptII/ptolemy/actor/lib/test/auto/arrayType15.xml
2 ms. Memory: 1714176K Free: 170736K (10%)
----------------- Invoking toplevel() on ptolemy.moml.MoMLSimpleApplication@7f2e186c
----------------- Done invoking toplevel() on ptolemy.moml.MoMLSimpleApplication@7f2e186c
reloadAllAccessors: .arrayType15

===========================================================================================
----------------- testing Mon Dec 17 03:03:08 UTC 2018 /home/travis/build/icyphy/ptII/ptolemy/actor/lib/test/auto/arrayType16.xml
----------------- Instantiating /home/travis/build/icyphy/ptII/ptolemy/actor/lib/test/auto/arrayType16.xml
2 ms. Memory: 1714176K Free: 150474K (9%)
----------------- Invoking toplevel() on ptolemy.moml.MoMLSimpleApplication@108ee544
----------------- Done invoking toplevel() on ptolemy.moml.MoMLSimpleApplication@108ee544
reloadAllAccessors: .arrayType16

===========================================================================================
----------------- testing Mon Dec 17 03:03:08 UTC 2018 /home/travis/build/icyphy/ptII/ptolemy/actor/lib/test/auto/arrayType17.xml
----------------- Instantiating /home/travis/build/icyphy/ptII/ptolemy/actor/lib/test/auto/arrayType17.xml
2 ms. Memory: 1714176K Free: 130212K (8%)
----------------- Invoking toplevel() on ptolemy.moml.MoMLSimpleApplication@409eae4f
----------------- Done invoking toplevel() on ptolemy.moml.MoMLSimpleApplication@409eae4f
reloadAllAccessors: .arrayType17

===========================================================================================
----------------- testing Mon Dec 17 03:03:08 UTC 2018 /home/travis/build/icyphy/ptII/ptolemy/actor/lib/test/auto/arrayType18.xml
----------------- Instantiating /home/travis/build/icyphy/ptII/ptolemy/actor/lib/test/auto/arrayType18.xml
2 ms. Memory: 1714176K Free: 114100K (7%)
----------------- Invoking toplevel() on ptolemy.moml.MoMLSimpleApplication@303c8f09
----------------- Done invoking toplevel() on ptolemy.moml.MoMLSimpleApplication@303c8f09
reloadAllAccessors: .arrayType18

===========================================================================================
----------------- testing Mon Dec 17 03:03:08 UTC 2018 /home/travis/build/icyphy/ptII/ptolemy/actor/lib/test/auto/arrayType19.xml
----------------- Instantiating /home/travis/build/icyphy/ptII/ptolemy/actor/lib/test/auto/arrayType19.xml
2 ms. Memory: 1714176K Free: 93838K (5%)
----------------- Invoking toplevel() on ptolemy.moml.MoMLSimpleApplication@79a630bc
----------------- Done invoking toplevel() on ptolemy.moml.MoMLSimpleApplication@79a630bc
reloadAllAccessors: .arrayType19

===========================================================================================
----------------- testing Mon Dec 17 03:03:08 UTC 2018 /home/travis/build/icyphy/ptII/ptolemy/actor/lib/test/auto/arrayType2.xml
----------------- Instantiating /home/travis/build/icyphy/ptII/ptolemy/actor/lib/test/auto/arrayType2.xml
2 ms. Memory: 1714176K Free: 77725K (5%)
----------------- Invoking toplevel() on ptolemy.moml.MoMLSimpleApplication@3c1dd446
----------------- Done invoking toplevel() on ptolemy.moml.MoMLSimpleApplication@3c1dd446
reloadAllAccessors: .arrayType2

===========================================================================================
----------------- testing Mon Dec 17 03:03:09 UTC 2018 /home/travis/build/icyphy/ptII/ptolemy/actor/lib/test/auto/arrayType20.xml
----------------- Instantiating /home/travis/build/icyphy/ptII/ptolemy/actor/lib/test/auto/arrayType20.xml
2 ms. Memory: 1714176K Free: 63426K (4%)
----------------- Invoking toplevel() on ptolemy.moml.MoMLSimpleApplication@4d69e006
----------------- Done invoking toplevel() on ptolemy.moml.MoMLSimpleApplication@4d69e006
reloadAllAccessors: .arrayType20

===========================================================================================
----------------- testing Mon Dec 17 03:03:09 UTC 2018 /home/travis/build/icyphy/ptII/ptolemy/actor/lib/test/auto/arrayType21.xml
----------------- Instantiating /home/travis/build/icyphy/ptII/ptolemy/actor/lib/test/auto/arrayType21.xml
1 ms. Memory: 1729024K Free: 1660402K (96%)
----------------- Invoking toplevel() on ptolemy.moml.MoMLSimpleApplication@519dc603
----------------- Done invoking toplevel() on ptolemy.moml.MoMLSimpleApplication@519dc603
reloadAllAccessors: .arrayType21

===========================================================================================
----------------- testing Mon Dec 17 03:03:09 UTC 2018 /home/travis/build/icyphy/ptII/ptolemy/actor/lib/test/auto/arrayType22.xml
----------------- Instantiating /home/travis/build/icyphy/ptII/ptolemy/actor/lib/test/auto/arrayType22.xml
1 ms. Memory: 1729024K Free: 1644289K (95%)
----------------- Invoking toplevel() on ptolemy.moml.MoMLSimpleApplication@3115365
----------------- Done invoking toplevel() on ptolemy.moml.MoMLSimpleApplication@3115365
reloadAllAccessors: .arrayType22

===========================================================================================
----------------- testing Mon Dec 17 03:03:09 UTC 2018 /home/travis/build/icyphy/ptII/ptolemy/actor/lib/test/auto/arrayType23.xml
----------------- Instantiating /home/travis/build/icyphy/ptII/ptolemy/actor/lib/test/auto/arrayType23.xml
1 ms. Memory: 1729024K Free: 1624067K (94%)
----------------- Invoking toplevel() on ptolemy.moml.MoMLSimpleApplication@31f09844
----------------- Done invoking toplevel() on ptolemy.moml.MoMLSimpleApplication@31f09844
reloadAllAccessors: .arrayType23

===========================================================================================
----------------- testing Mon Dec 17 03:03:09 UTC 2018 /home/travis/build/icyphy/ptII/ptolemy/actor/lib/test/auto/arrayType24.xml
----------------- Instantiating /home/travis/build/icyphy/ptII/ptolemy/actor/lib/test/auto/arrayType24.xml
3 ms. Memory: 1729024K Free: 1603828K (93%)
----------------- Invoking toplevel() on ptolemy.moml.MoMLSimpleApplication@38b67061
----------------- Done invoking toplevel() on ptolemy.moml.MoMLSimpleApplication@38b67061
reloadAllAccessors: .arrayType24

===========================================================================================
----------------- testing Mon Dec 17 03:03:09 UTC 2018 /home/travis/build/icyphy/ptII/ptolemy/actor/lib/test/auto/arrayType25.xml
----------------- Instantiating /home/travis/build/icyphy/ptII/ptolemy/actor/lib/test/auto/arrayType25.xml
1 ms. Memory: 1729024K Free: 1587715K (92%)
----------------- Invoking toplevel() on ptolemy.moml.MoMLSimpleApplication@27b4186a
----------------- Done invoking toplevel() on ptolemy.moml.MoMLSimpleApplication@27b4186a
reloadAllAccessors: .arrayType25

===========================================================================================
----------------- testing Mon Dec 17 03:03:09 UTC 2018 /home/travis/build/icyphy/ptII/ptolemy/actor/lib/test/auto/arrayType26.xml
----------------- Instantiating /home/travis/build/icyphy/ptII/ptolemy/actor/lib/test/auto/arrayType26.xml
1 ms. Memory: 1729024K Free: 1567493K (91%)
----------------- Invoking toplevel() on ptolemy.moml.MoMLSimpleApplication@5d13fe41
----------------- Done invoking toplevel() on ptolemy.moml.MoMLSimpleApplication@5d13fe41
reloadAllAccessors: .arrayType26

===========================================================================================
----------------- testing Mon Dec 17 03:03:09 UTC 2018 /home/travis/build/icyphy/ptII/ptolemy/actor/lib/test/auto/arrayType27.xml
----------------- Instantiating /home/travis/build/icyphy/ptII/ptolemy/actor/lib/test/auto/arrayType27.xml
1 ms. Memory: 1729024K Free: 1551381K (90%)
----------------- Invoking toplevel() on ptolemy.moml.MoMLSimpleApplication@37f911b1
----------------- Done invoking toplevel() on ptolemy.moml.MoMLSimpleApplication@37f911b1
reloadAllAccessors: .arrayType27

===========================================================================================
----------------- testing Mon Dec 17 03:03:09 UTC 2018 /home/travis/build/icyphy/ptII/ptolemy/actor/lib/test/auto/arrayType28.xml
----------------- Instantiating /home/travis/build/icyphy/ptII/ptolemy/actor/lib/test/auto/arrayType28.xml
2 ms. Memory: 1729024K Free: 1531158K (89%)
----------------- Invoking toplevel() on ptolemy.moml.MoMLSimpleApplication@53e7567b
----------------- Done invoking toplevel() on ptolemy.moml.MoMLSimpleApplication@53e7567b
reloadAllAccessors: .arrayType28

===========================================================================================
----------------- testing Mon Dec 17 03:03:09 UTC 2018 /home/travis/build/icyphy/ptII/ptolemy/actor/lib/test/auto/arrayType3.xml
----------------- Instantiating /home/travis/build/icyphy/ptII/ptolemy/actor/lib/test/auto/arrayType3.xml
1 ms. Memory: 1729024K Free: 1510936K (87%)
----------------- Invoking toplevel() on ptolemy.moml.MoMLSimpleApplication@4e749624
----------------- Done invoking toplevel() on ptolemy.moml.MoMLSimpleApplication@4e749624
reloadAllAccessors: .arrayType3

===========================================================================================
----------------- testing Mon Dec 17 03:03:09 UTC 2018 /home/travis/build/icyphy/ptII/ptolemy/actor/lib/test/auto/arrayType4.xml
----------------- Instantiating /home/travis/build/icyphy/ptII/ptolemy/actor/lib/test/auto/arrayType4.xml
1 ms. Memory: 1729024K Free: 1494824K (86%)
----------------- Invoking toplevel() on ptolemy.moml.MoMLSimpleApplication@ea4fa8
----------------- Done invoking toplevel() on ptolemy.moml.MoMLSimpleApplication@ea4fa8
reloadAllAccessors: .arrayType4

===========================================================================================
----------------- testing Mon Dec 17 03:03:09 UTC 2018 /home/travis/build/icyphy/ptII/ptolemy/actor/lib/test/auto/arrayType5.xml
----------------- Instantiating /home/travis/build/icyphy/ptII/ptolemy/actor/lib/test/auto/arrayType5.xml
2 ms. Memory: 1729024K Free: 1474601K (85%)
----------------- Invoking toplevel() on ptolemy.moml.MoMLSimpleApplication@f741cc
----------------- Done invoking toplevel() on ptolemy.moml.MoMLSimpleApplication@f741cc
reloadAllAccessors: .arrayType5

===========================================================================================
----------------- testing Mon Dec 17 03:03:09 UTC 2018 /home/travis/build/icyphy/ptII/ptolemy/actor/lib/test/auto/arrayType6.xml
----------------- Instantiating /home/travis/build/icyphy/ptII/ptolemy/actor/lib/test/auto/arrayType6.xml
1 ms. Memory: 1729024K Free: 1458489K (84%)
----------------- Invoking toplevel() on ptolemy.moml.MoMLSimpleApplication@5ed4857f
----------------- Done invoking toplevel() on ptolemy.moml.MoMLSimpleApplication@5ed4857f
reloadAllAccessors: .arrayType6

===========================================================================================
----------------- testing Mon Dec 17 03:03:09 UTC 2018 /home/travis/build/icyphy/ptII/ptolemy/actor/lib/test/auto/arrayType7.xml
----------------- Instantiating /home/travis/build/icyphy/ptII/ptolemy/actor/lib/test/auto/arrayType7.xml
1 ms. Memory: 1729024K Free: 1438267K (83%)
----------------- Invoking toplevel() on ptolemy.moml.MoMLSimpleApplication@147ddcba
----------------- Done invoking toplevel() on ptolemy.moml.MoMLSimpleApplication@147ddcba
reloadAllAccessors: .arrayType7

===========================================================================================
----------------- testing Mon Dec 17 03:03:09 UTC 2018 /home/travis/build/icyphy/ptII/ptolemy/actor/lib/test/auto/arrayType8.xml
----------------- Instantiating /home/travis/build/icyphy/ptII/ptolemy/actor/lib/test/auto/arrayType8.xml
1 ms. Memory: 1729024K Free: 1418044K (82%)
----------------- Invoking toplevel() on ptolemy.moml.MoMLSimpleApplication@74f650b
----------------- Done invoking toplevel() on ptolemy.moml.MoMLSimpleApplication@74f650b
reloadAllAccessors: .arrayType8

===========================================================================================
----------------- testing Mon Dec 17 03:03:09 UTC 2018 /home/travis/build/icyphy/ptII/ptolemy/actor/lib/test/auto/arrayType9.xml
----------------- Instantiating /home/travis/build/icyphy/ptII/ptolemy/actor/lib/test/auto/arrayType9.xml
1 ms. Memory: 1729024K Free: 1401932K (81%)
----------------- Invoking toplevel() on ptolemy.moml.MoMLSimpleApplication@6dea30aa
----------------- Done invoking toplevel() on ptolemy.moml.MoMLSimpleApplication@6dea30aa
reloadAllAccessors: .arrayType9

===========================================================================================
----------------- testing Mon Dec 17 03:03:09 UTC 2018 /home/travis/build/icyphy/ptII/ptolemy/actor/lib/test/auto/cast.xml
----------------- Instantiating /home/travis/build/icyphy/ptII/ptolemy/actor/lib/test/auto/cast.xml
2 ms. Memory: 1729024K Free: 1381710K (80%)
----------------- Invoking toplevel() on ptolemy.moml.MoMLSimpleApplication@44707596
----------------- Done invoking toplevel() on ptolemy.moml.MoMLSimpleApplication@44707596
reloadAllAccessors: .cast

===========================================================================================
----------------- testing Mon Dec 17 03:03:09 UTC 2018 /home/travis/build/icyphy/ptII/ptolemy/actor/lib/test/auto/compositeMultiPort.xml
----------------- Instantiating /home/travis/build/icyphy/ptII/ptolemy/actor/lib/test/auto/compositeMultiPort.xml
3 ms. Memory: 1729024K Free: 1361487K (79%)
----------------- Invoking toplevel() on ptolemy.moml.MoMLSimpleApplication@3df6da1f
----------------- Done invoking toplevel() on ptolemy.moml.MoMLSimpleApplication@3df6da1f
reloadAllAccessors: .compositeMultiPort

===========================================================================================
----------------- testing Mon Dec 17 03:03:09 UTC 2018 /home/travis/build/icyphy/ptII/ptolemy/actor/lib/test/auto/expressionCastInference.xml
----------------- Instantiating /home/travis/build/icyphy/ptII/ptolemy/actor/lib/test/auto/expressionCastInference.xml
2 ms. Memory: 1729024K Free: 1345375K (78%)
----------------- Invoking toplevel() on ptolemy.moml.MoMLSimpleApplication@67622c6
----------------- Done invoking toplevel() on ptolemy.moml.MoMLSimpleApplication@67622c6
reloadAllAccessors: .expressionCastInference

===========================================================================================
----------------- testing Mon Dec 17 03:03:09 UTC 2018 /home/travis/build/icyphy/ptII/ptolemy/actor/lib/test/auto/expressionCastInference2.xml
----------------- Instantiating /home/travis/build/icyphy/ptII/ptolemy/actor/lib/test/auto/expressionCastInference2.xml
2 ms. Memory: 1729024K Free: 1325152K (77%)
----------------- Invoking toplevel() on ptolemy.moml.MoMLSimpleApplication@4e808db8
----------------- Done invoking toplevel() on ptolemy.moml.MoMLSimpleApplication@4e808db8
reloadAllAccessors: .expressionCastInference2

===========================================================================================
----------------- testing Mon Dec 17 03:03:09 UTC 2018 /home/travis/build/icyphy/ptII/ptolemy/actor/lib/test/auto/expressionInference.xml
----------------- Instantiating /home/travis/build/icyphy/ptII/ptolemy/actor/lib/test/auto/expressionInference.xml
1 ms. Memory: 1729024K Free: 1309040K (76%)
----------------- Invoking toplevel() on ptolemy.moml.MoMLSimpleApplication@2cfd85d5
----------------- Done invoking toplevel() on ptolemy.moml.MoMLSimpleApplication@2cfd85d5
reloadAllAccessors: .expressionInference

===========================================================================================
----------------- testing Mon Dec 17 03:03:09 UTC 2018 /home/travis/build/icyphy/ptII/ptolemy/actor/lib/test/auto/expression_bug.xml
----------------- Instantiating /home/travis/build/icyphy/ptII/ptolemy/actor/lib/test/auto/expression_bug.xml
1 ms. Memory: 1729024K Free: 1288818K (75%)
----------------- Invoking toplevel() on ptolemy.moml.MoMLSimpleApplication@3298de53
----------------- Done invoking toplevel() on ptolemy.moml.MoMLSimpleApplication@3298de53
reloadAllAccessors: .expression_bug

===========================================================================================
----------------- testing Mon Dec 17 03:03:09 UTC 2018 /home/travis/build/icyphy/ptII/ptolemy/actor/lib/test/auto/factorial.xml
----------------- Instantiating /home/travis/build/icyphy/ptII/ptolemy/actor/lib/test/auto/factorial.xml
33 ms. Memory: 1729024K Free: 1268595K (73%)
----------------- Invoking toplevel() on ptolemy.moml.MoMLSimpleApplication@414dfcbc
----------------- Done invoking toplevel() on ptolemy.moml.MoMLSimpleApplication@414dfcbc
reloadAllAccessors: .factorial

===========================================================================================
----------------- testing Mon Dec 17 03:03:09 UTC 2018 /home/travis/build/icyphy/ptII/ptolemy/actor/lib/test/auto/filterTest1.xml
----------------- Instantiating /home/travis/build/icyphy/ptII/ptolemy/actor/lib/test/auto/filterTest1.xml
3 ms. Memory: 1729024K Free: 1252483K (72%)
----------------- Invoking toplevel() on ptolemy.moml.MoMLSimpleApplication@61d34675
----------------- Done invoking toplevel() on ptolemy.moml.MoMLSimpleApplication@61d34675
reloadAllAccessors: .filterTest1

===========================================================================================
----------------- testing Mon Dec 17 03:03:09 UTC 2018 /home/travis/build/icyphy/ptII/ptolemy/actor/lib/test/auto/funcApplyInConst.xml
----------------- Instantiating /home/travis/build/icyphy/ptII/ptolemy/actor/lib/test/auto/funcApplyInConst.xml
0 ms. Memory: 1729024K Free: 1232261K (71%)
----------------- Invoking toplevel() on ptolemy.moml.MoMLSimpleApplication@37b2eed4
----------------- Done invoking toplevel() on ptolemy.moml.MoMLSimpleApplication@37b2eed4
reloadAllAccessors: .funcApplyInConst

===========================================================================================
----------------- testing Mon Dec 17 03:03:09 UTC 2018 /home/travis/build/icyphy/ptII/ptolemy/actor/lib/test/auto/funcApplyInExpr.xml
----------------- Instantiating /home/travis/build/icyphy/ptII/ptolemy/actor/lib/test/auto/funcApplyInExpr.xml
1 ms. Memory: 1729024K Free: 1212038K (70%)
----------------- Invoking toplevel() on ptolemy.moml.MoMLSimpleApplication@440f464a
----------------- Done invoking toplevel() on ptolemy.moml.MoMLSimpleApplication@440f464a
reloadAllAccessors: .funcApplyInExpr

===========================================================================================
----------------- testing Mon Dec 17 03:03:09 UTC 2018 /home/travis/build/icyphy/ptII/ptolemy/actor/lib/test/auto/function.xml
----------------- Instantiating /home/travis/build/icyphy/ptII/ptolemy/actor/lib/test/auto/function.xml
1 ms. Memory: 1729024K Free: 1195926K (69%)
----------------- Invoking toplevel() on ptolemy.moml.MoMLSimpleApplication@78c7d3af
----------------- Done invoking toplevel() on ptolemy.moml.MoMLSimpleApplication@78c7d3af
reloadAllAccessors: .function

===========================================================================================
----------------- testing Mon Dec 17 03:03:09 UTC 2018 /home/travis/build/icyphy/ptII/ptolemy/actor/lib/test/auto/function2.xml
----------------- Instantiating /home/travis/build/icyphy/ptII/ptolemy/actor/lib/test/auto/function2.xml
2 ms. Memory: 1729024K Free: 1175703K (68%)
----------------- Invoking toplevel() on ptolemy.moml.MoMLSimpleApplication@2e01e6bc
----------------- Done invoking toplevel() on ptolemy.moml.MoMLSimpleApplication@2e01e6bc
reloadAllAccessors: .function2

===========================================================================================
----------------- testing Mon Dec 17 03:03:09 UTC 2018 /home/travis/build/icyphy/ptII/ptolemy/actor/lib/test/auto/function3.xml
----------------- Instantiating /home/travis/build/icyphy/ptII/ptolemy/actor/lib/test/auto/function3.xml
1 ms. Memory: 1729024K Free: 1155481K (67%)
----------------- Invoking toplevel() on ptolemy.moml.MoMLSimpleApplication@135cf3f6
----------------- Done invoking toplevel() on ptolemy.moml.MoMLSimpleApplication@135cf3f6
reloadAllAccessors: .function3

===========================================================================================
----------------- testing Mon Dec 17 03:03:09 UTC 2018 /home/travis/build/icyphy/ptII/ptolemy/actor/lib/test/auto/functionClosureTest1.xml
----------------- Instantiating /home/travis/build/icyphy/ptII/ptolemy/actor/lib/test/auto/functionClosureTest1.xml
2 ms. Memory: 1729024K Free: 1139369K (66%)
----------------- Invoking toplevel() on ptolemy.moml.MoMLSimpleApplication@4648359b
----------------- Done invoking toplevel() on ptolemy.moml.MoMLSimpleApplication@4648359b
reloadAllAccessors: .functionClosureTest1

===========================================================================================
----------------- testing Mon Dec 17 03:03:09 UTC 2018 /home/travis/build/icyphy/ptII/ptolemy/actor/lib/test/auto/functionClosureTest2.xml
----------------- Instantiating /home/travis/build/icyphy/ptII/ptolemy/actor/lib/test/auto/functionClosureTest2.xml
1 ms. Memory: 1729024K Free: 1119146K (65%)
----------------- Invoking toplevel() on ptolemy.moml.MoMLSimpleApplication@74fee8e2
----------------- Done invoking toplevel() on ptolemy.moml.MoMLSimpleApplication@74fee8e2
reloadAllAccessors: .functionClosureTest2

===========================================================================================
----------------- testing Mon Dec 17 03:03:09 UTC 2018 /home/travis/build/icyphy/ptII/ptolemy/actor/lib/test/auto/functionClosureTest3.xml
----------------- Instantiating /home/travis/build/icyphy/ptII/ptolemy/actor/lib/test/auto/functionClosureTest3.xml
2 ms. Memory: 1729024K Free: 1103034K (64%)
----------------- Invoking toplevel() on ptolemy.moml.MoMLSimpleApplication@7ef9c864
----------------- Done invoking toplevel() on ptolemy.moml.MoMLSimpleApplication@7ef9c864
reloadAllAccessors: .functionClosureTest3

===========================================================================================
----------------- testing Mon Dec 17 03:03:09 UTC 2018 /home/travis/build/icyphy/ptII/ptolemy/actor/lib/test/auto/functionClosureTest4.xml
----------------- Instantiating /home/travis/build/icyphy/ptII/ptolemy/actor/lib/test/auto/functionClosureTest4.xml
3 ms. Memory: 1729024K Free: 1082812K (63%)
----------------- Invoking toplevel() on ptolemy.moml.MoMLSimpleApplication@5da82218
----------------- Done invoking toplevel() on ptolemy.moml.MoMLSimpleApplication@5da82218
reloadAllAccessors: .functionClosureTest4

===========================================================================================
----------------- testing Mon Dec 17 03:03:09 UTC 2018 /home/travis/build/icyphy/ptII/ptolemy/actor/lib/test/auto/functionClosureTest5.xml
----------------- Instantiating /home/travis/build/icyphy/ptII/ptolemy/actor/lib/test/auto/functionClosureTest5.xml
5 ms. Memory: 1729024K Free: 1062589K (61%)
----------------- Invoking toplevel() on ptolemy.moml.MoMLSimpleApplication@2392f351
----------------- Done invoking toplevel() on ptolemy.moml.MoMLSimpleApplication@2392f351
reloadAllAccessors: .functionClosureTest5

===========================================================================================
----------------- testing Mon Dec 17 03:03:09 UTC 2018 /home/travis/build/icyphy/ptII/ptolemy/actor/lib/test/auto/functionClosureTest6.xml
----------------- Instantiating /home/travis/build/icyphy/ptII/ptolemy/actor/lib/test/auto/functionClosureTest6.xml
1 ms. Memory: 1729024K Free: 1046477K (61%)
----------------- Invoking toplevel() on ptolemy.moml.MoMLSimpleApplication@241dbf41
----------------- Done invoking toplevel() on ptolemy.moml.MoMLSimpleApplication@241dbf41
reloadAllAccessors: .functionClosureTest6

===========================================================================================
----------------- testing Mon Dec 17 03:03:09 UTC 2018 /home/travis/build/icyphy/ptII/ptolemy/actor/lib/test/auto/functionsOnArcs.xml
----------------- Instantiating /home/travis/build/icyphy/ptII/ptolemy/actor/lib/test/auto/functionsOnArcs.xml
1 ms. Memory: 1729024K Free: 1026254K (59%)
----------------- Invoking toplevel() on ptolemy.moml.MoMLSimpleApplication@1d5f28d0
----------------- Done invoking toplevel() on ptolemy.moml.MoMLSimpleApplication@1d5f28d0
reloadAllAccessors: .functionsOnArcs

===========================================================================================
----------------- testing Mon Dec 17 03:03:09 UTC 2018 /home/travis/build/icyphy/ptII/ptolemy/actor/lib/test/auto/functionsOnArcsHOF.xml
----------------- Instantiating /home/travis/build/icyphy/ptII/ptolemy/actor/lib/test/auto/functionsOnArcsHOF.xml
3 ms. Memory: 1729024K Free: 1006032K (58%)
----------------- Invoking toplevel() on ptolemy.moml.MoMLSimpleApplication@4b5ad98f
----------------- Done invoking toplevel() on ptolemy.moml.MoMLSimpleApplication@4b5ad98f
reloadAllAccessors: .functionsOnArcsHOF

===========================================================================================
----------------- testing Mon Dec 17 03:03:09 UTC 2018 /home/travis/build/icyphy/ptII/ptolemy/actor/lib/test/auto/logic.xml
----------------- Instantiating /home/travis/build/icyphy/ptII/ptolemy/actor/lib/test/auto/logic.xml
1 ms. Memory: 1729024K Free: 989920K (57%)
----------------- Invoking toplevel() on ptolemy.moml.MoMLSimpleApplication@4c308bd1
----------------- Done invoking toplevel() on ptolemy.moml.MoMLSimpleApplication@4c308bd1
reloadAllAccessors: .logic

===========================================================================================
----------------- testing Mon Dec 17 03:03:09 UTC 2018 /home/travis/build/icyphy/ptII/ptolemy/actor/lib/test/auto/matrixType.xml
----------------- Instantiating /home/travis/build/icyphy/ptII/ptolemy/actor/lib/test/auto/matrixType.xml
1 ms. Memory: 1729024K Free: 969697K (56%)
----------------- Invoking toplevel() on ptolemy.moml.MoMLSimpleApplication@29831be
----------------- Done invoking toplevel() on ptolemy.moml.MoMLSimpleApplication@29831be
reloadAllAccessors: .matrixType

===========================================================================================
----------------- testing Mon Dec 17 03:03:09 UTC 2018 /home/travis/build/icyphy/ptII/ptolemy/actor/lib/test/auto/matrixType10.xml
----------------- Instantiating /home/travis/build/icyphy/ptII/ptolemy/actor/lib/test/auto/matrixType10.xml
2 ms. Memory: 1729024K Free: 953585K (55%)
----------------- Invoking toplevel() on ptolemy.moml.MoMLSimpleApplication@35d8f7d8
----------------- Done invoking toplevel() on ptolemy.moml.MoMLSimpleApplication@35d8f7d8
reloadAllAccessors: .matrixType10

===========================================================================================
----------------- testing Mon Dec 17 03:03:09 UTC 2018 /home/travis/build/icyphy/ptII/ptolemy/actor/lib/test/auto/matrixType11.xml
----------------- Instantiating /home/travis/build/icyphy/ptII/ptolemy/actor/lib/test/auto/matrixType11.xml
1 ms. Memory: 1729024K Free: 933362K (54%)
----------------- Invoking toplevel() on ptolemy.moml.MoMLSimpleApplication@3b6e8c5e
----------------- Done invoking toplevel() on ptolemy.moml.MoMLSimpleApplication@3b6e8c5e
reloadAllAccessors: .matrixType11

===========================================================================================
----------------- testing Mon Dec 17 03:03:09 UTC 2018 /home/travis/build/icyphy/ptII/ptolemy/actor/lib/test/auto/matrixType12.xml
----------------- Instantiating /home/travis/build/icyphy/ptII/ptolemy/actor/lib/test/auto/matrixType12.xml
1 ms. Memory: 1729024K Free: 913140K (53%)
----------------- Invoking toplevel() on ptolemy.moml.MoMLSimpleApplication@63cee197
----------------- Done invoking toplevel() on ptolemy.moml.MoMLSimpleApplication@63cee197
reloadAllAccessors: .matrixType12

===========================================================================================
----------------- testing Mon Dec 17 03:03:09 UTC 2018 /home/travis/build/icyphy/ptII/ptolemy/actor/lib/test/auto/matrixType13.xml
----------------- Instantiating /home/travis/build/icyphy/ptII/ptolemy/actor/lib/test/auto/matrixType13.xml
2 ms. Memory: 1729024K Free: 897027K (52%)
----------------- Invoking toplevel() on ptolemy.moml.MoMLSimpleApplication@6b05dfd4
----------------- Done invoking toplevel() on ptolemy.moml.MoMLSimpleApplication@6b05dfd4
reloadAllAccessors: .matrixType13

===========================================================================================
----------------- testing Mon Dec 17 03:03:09 UTC 2018 /home/travis/build/icyphy/ptII/ptolemy/actor/lib/test/auto/matrixType14.xml
----------------- Instantiating /home/travis/build/icyphy/ptII/ptolemy/actor/lib/test/auto/matrixType14.xml
1 ms. Memory: 1729024K Free: 876805K (51%)
----------------- Invoking toplevel() on ptolemy.moml.MoMLSimpleApplication@6e3a1c1d
----------------- Done invoking toplevel() on ptolemy.moml.MoMLSimpleApplication@6e3a1c1d
reloadAllAccessors: .matrixType14

===========================================================================================
----------------- testing Mon Dec 17 03:03:09 UTC 2018 /home/travis/build/icyphy/ptII/ptolemy/actor/lib/test/auto/matrixType2.xml
----------------- Instantiating /home/travis/build/icyphy/ptII/ptolemy/actor/lib/test/auto/matrixType2.xml
1 ms. Memory: 1729024K Free: 856583K (50%)
----------------- Invoking toplevel() on ptolemy.moml.MoMLSimpleApplication@42e85128
----------------- Done invoking toplevel() on ptolemy.moml.MoMLSimpleApplication@42e85128
reloadAllAccessors: .matrixType2

===========================================================================================
----------------- testing Mon Dec 17 03:03:09 UTC 2018 /home/travis/build/icyphy/ptII/ptolemy/actor/lib/test/auto/matrixType3.xml
----------------- Instantiating /home/travis/build/icyphy/ptII/ptolemy/actor/lib/test/auto/matrixType3.xml
3 ms. Memory: 1729024K Free: 840470K (49%)
----------------- Invoking toplevel() on ptolemy.moml.MoMLSimpleApplication@74d07f08
----------------- Done invoking toplevel() on ptolemy.moml.MoMLSimpleApplication@74d07f08
reloadAllAccessors: .matrixType3

===========================================================================================
----------------- testing Mon Dec 17 03:03:09 UTC 2018 /home/travis/build/icyphy/ptII/ptolemy/actor/lib/test/auto/matrixType4.xml
----------------- Instantiating /home/travis/build/icyphy/ptII/ptolemy/actor/lib/test/auto/matrixType4.xml
2 ms. Memory: 1729024K Free: 820248K (47%)
----------------- Invoking toplevel() on ptolemy.moml.MoMLSimpleApplication@5fe8f174
----------------- Done invoking toplevel() on ptolemy.moml.MoMLSimpleApplication@5fe8f174
reloadAllAccessors: .matrixType4

===========================================================================================
----------------- testing Mon Dec 17 03:03:09 UTC 2018 /home/travis/build/icyphy/ptII/ptolemy/actor/lib/test/auto/matrixType5.xml
----------------- Instantiating /home/travis/build/icyphy/ptII/ptolemy/actor/lib/test/auto/matrixType5.xml
1 ms. Memory: 1729024K Free: 800026K (46%)
----------------- Invoking toplevel() on ptolemy.moml.MoMLSimpleApplication@2ac54fba
----------------- Done invoking toplevel() on ptolemy.moml.MoMLSimpleApplication@2ac54fba
reloadAllAccessors: .matrixType5

===========================================================================================
----------------- testing Mon Dec 17 03:03:09 UTC 2018 /home/travis/build/icyphy/ptII/ptolemy/actor/lib/test/auto/matrixType6.xml
----------------- Instantiating /home/travis/build/icyphy/ptII/ptolemy/actor/lib/test/auto/matrixType6.xml
1 ms. Memory: 1729024K Free: 783913K (45%)
----------------- Invoking toplevel() on ptolemy.moml.MoMLSimpleApplication@4cf26ed8
----------------- Done invoking toplevel() on ptolemy.moml.MoMLSimpleApplication@4cf26ed8
reloadAllAccessors: .matrixType6

===========================================================================================
----------------- testing Mon Dec 17 03:03:09 UTC 2018 /home/travis/build/icyphy/ptII/ptolemy/actor/lib/test/auto/matrixType7.xml
----------------- Instantiating /home/travis/build/icyphy/ptII/ptolemy/actor/lib/test/auto/matrixType7.xml
2 ms. Memory: 1729024K Free: 763691K (44%)
----------------- Invoking toplevel() on ptolemy.moml.MoMLSimpleApplication@395db308
----------------- Done invoking toplevel() on ptolemy.moml.MoMLSimpleApplication@395db308
reloadAllAccessors: .matrixType7

===========================================================================================
----------------- testing Mon Dec 17 03:03:09 UTC 2018 /home/travis/build/icyphy/ptII/ptolemy/actor/lib/test/auto/matrixType8.xml
----------------- Instantiating /home/travis/build/icyphy/ptII/ptolemy/actor/lib/test/auto/matrixType8.xml
1 ms. Memory: 1729024K Free: 747579K (43%)
----------------- Invoking toplevel() on ptolemy.moml.MoMLSimpleApplication@728df56e
----------------- Done invoking toplevel() on ptolemy.moml.MoMLSimpleApplication@728df56e
reloadAllAccessors: .matrixType8

===========================================================================================
----------------- testing Mon Dec 17 03:03:09 UTC 2018 /home/travis/build/icyphy/ptII/ptolemy/actor/lib/test/auto/matrixType9.xml
----------------- Instantiating /home/travis/build/icyphy/ptII/ptolemy/actor/lib/test/auto/matrixType9.xml
1 ms. Memory: 1729024K Free: 727357K (42%)
----------------- Invoking toplevel() on ptolemy.moml.MoMLSimpleApplication@4819ae6f
----------------- Done invoking toplevel() on ptolemy.moml.MoMLSimpleApplication@4819ae6f
reloadAllAccessors: .matrixType9

===========================================================================================
----------------- testing Mon Dec 17 03:03:09 UTC 2018 /home/travis/build/icyphy/ptII/ptolemy/actor/lib/test/auto/paraFunctest.xml
----------------- Instantiating /home/travis/build/icyphy/ptII/ptolemy/actor/lib/test/auto/paraFunctest.xml
1 ms. Memory: 1729024K Free: 707134K (41%)
----------------- Invoking toplevel() on ptolemy.moml.MoMLSimpleApplication@671e91a3
----------------- Done invoking toplevel() on ptolemy.moml.MoMLSimpleApplication@671e91a3
reloadAllAccessors: .paraFunctest

===========================================================================================
----------------- testing Mon Dec 17 03:03:09 UTC 2018 /home/travis/build/icyphy/ptII/ptolemy/actor/lib/test/auto/paraFunctest2.xml
----------------- Instantiating /home/travis/build/icyphy/ptII/ptolemy/actor/lib/test/auto/paraFunctest2.xml
1 ms. Memory: 1729024K Free: 691022K (40%)
----------------- Invoking toplevel() on ptolemy.moml.MoMLSimpleApplication@2ffdca90
----------------- Done invoking toplevel() on ptolemy.moml.MoMLSimpleApplication@2ffdca90
reloadAllAccessors: .paraFunctest2

===========================================================================================
----------------- testing Mon Dec 17 03:03:09 UTC 2018 /home/travis/build/icyphy/ptII/ptolemy/actor/lib/test/auto/parameterPassing.xml
----------------- Instantiating /home/travis/build/icyphy/ptII/ptolemy/actor/lib/test/auto/parameterPassing.xml
1 ms. Memory: 1729024K Free: 670799K (39%)
----------------- Invoking toplevel() on ptolemy.moml.MoMLSimpleApplication@cde30a9
----------------- Done invoking toplevel() on ptolemy.moml.MoMLSimpleApplication@cde30a9
reloadAllAccessors: .parameterPassing

===========================================================================================
----------------- testing Mon Dec 17 03:03:09 UTC 2018 /home/travis/build/icyphy/ptII/ptolemy/actor/lib/test/auto/record.xml
----------------- Instantiating /home/travis/build/icyphy/ptII/ptolemy/actor/lib/test/auto/record.xml
1 ms. Memory: 1729024K Free: 650577K (38%)
----------------- Invoking toplevel() on ptolemy.moml.MoMLSimpleApplication@101f397f
----------------- Done invoking toplevel() on ptolemy.moml.MoMLSimpleApplication@101f397f
reloadAllAccessors: .record

===========================================================================================
----------------- testing Mon Dec 17 03:03:09 UTC 2018 /home/travis/build/icyphy/ptII/ptolemy/actor/lib/test/auto/sizedarray1.xml
----------------- Instantiating /home/travis/build/icyphy/ptII/ptolemy/actor/lib/test/auto/sizedarray1.xml
1 ms. Memory: 1729024K Free: 634465K (37%)
----------------- Invoking toplevel() on ptolemy.moml.MoMLSimpleApplication@6ea51f55
----------------- Done invoking toplevel() on ptolemy.moml.MoMLSimpleApplication@6ea51f55
reloadAllAccessors: .sizedarray1

===========================================================================================
----------------- testing Mon Dec 17 03:03:09 UTC 2018 /home/travis/build/icyphy/ptII/ptolemy/actor/lib/test/auto/sizedarray2.xml
----------------- Instantiating /home/travis/build/icyphy/ptII/ptolemy/actor/lib/test/auto/sizedarray2.xml
2 ms. Memory: 1729024K Free: 614242K (36%)
----------------- Invoking toplevel() on ptolemy.moml.MoMLSimpleApplication@4247f265
----------------- Done invoking toplevel() on ptolemy.moml.MoMLSimpleApplication@4247f265
reloadAllAccessors: .sizedarray2

===========================================================================================
----------------- testing Mon Dec 17 03:03:09 UTC 2018 /home/travis/build/icyphy/ptII/ptolemy/actor/lib/test/auto/twoPublishers.xml
----------------- Instantiating /home/travis/build/icyphy/ptII/ptolemy/actor/lib/test/auto/twoPublishers.xml
4 ms. Memory: 1729024K Free: 585948K (34%)
----------------- Invoking toplevel() on ptolemy.moml.MoMLSimpleApplication@697f0805
----------------- Done invoking toplevel() on ptolemy.moml.MoMLSimpleApplication@697f0805
reloadAllAccessors: .twoPublishers
AutoTests.java: About to close Vertx.
AutoTests.java: Vertx closed.
]]></system-out>
  <system-err><![CDATA[java.lang.RuntimeException: Execution failed
	at ptolemy.moml.MoMLSimpleApplication$UnloadThread.run(MoMLSimpleApplication.java:402)
Caused by: java.lang.RuntimeException: Normally, we would exit here because Manager.exitAfterWrapup() was called.  However, because the ptolemy.ptII.exitAfterWrapup property is set, we throw this exception instead.
	at ptolemy.util.StringUtilities.exit(StringUtilities.java:363)
	at ptolemy.actor.Manager.wrapup(Manager.java:1531)
	at ptolemy.actor.Manager.execute(Manager.java:407)
	at ptolemy.actor.Manager.run(Manager.java:1263)
	at ptolemy.actor.Manager$PtolemyRunThread.run(Manager.java:1915)
Warning: '.top.test' is in training mode, set the trainingMode parameter to false before checking in
Warning: '.top.test' is in training mode, set the trainingMode parameter to false before checking in
Warning: '.top.test' is in training mode, set the trainingMode parameter to false before checking in
Warning: '.BooleanSwitch_RegressionTest_WrongTrainingValues.Test' is in training mode, set the trainingMode parameter to false before checking in
Warning: '.BooleanSwitch_RegressionTest_WrongTrainingValues.Test2' is in training mode, set the trainingMode parameter to false before checking in
Warning: '.BooleanSwitch_RegressionTest_WrongTrainingValues.Test2' The test produced 0 tokens.
Warning: '.top.testExceptionHandler' is in training mode, set the trainingMode parameter to false before checking in
java.lang.RuntimeException: Execution failed
	at ptolemy.moml.MoMLSimpleApplication$UnloadThread.run(MoMLSimpleApplication.java:402)
Caused by: ptolemy.kernel.util.IllegalActionException: PublisherPorts cannot be used at the top level, use a Publisher actor instead.
  in .PublisherPortToplevelSubscriber.PublisherPort
	at ptolemy.actor.PublisherPort.preinitialize(PublisherPort.java:403)
	at ptolemy.actor.CompositeActor.preinitialize(CompositeActor.java:1769)
	at ptolemy.actor.Manager.preinitializeAndResolveTypes(Manager.java:1040)
	at ptolemy.actor.Manager.initialize(Manager.java:710)
	at ptolemy.actor.Manager.execute(Manager.java:356)
	at ptolemy.actor.Manager.run(Manager.java:1263)
	at ptolemy.actor.Manager$PtolemyRunThread.run(Manager.java:1915)
java.lang.reflect.InvocationTargetException
	at sun.reflect.NativeConstructorAccessorImpl.newInstance0(Native Method)
	at sun.reflect.NativeConstructorAccessorImpl.newInstance(NativeConstructorAccessorImpl.java:62)
	at sun.reflect.DelegatingConstructorAccessorImpl.newInstance(DelegatingConstructorAccessorImpl.java:45)
	at java.lang.reflect.Constructor.newInstance(Constructor.java:423)
	at ptolemy.util.test.junit.AutoKnownFailedTests.RunModel(AutoKnownFailedTests.java:105)
	at sun.reflect.NativeMethodAccessorImpl.invoke0(Native Method)
	at sun.reflect.NativeMethodAccessorImpl.invoke(NativeMethodAccessorImpl.java:62)
	at sun.reflect.DelegatingMethodAccessorImpl.invoke(DelegatingMethodAccessorImpl.java:43)
	at java.lang.reflect.Method.invoke(Method.java:498)
	at org.junit.runners.model.FrameworkMethod$1.runReflectiveCall(FrameworkMethod.java:44)
	at org.junit.internal.runners.model.ReflectiveCallable.run(ReflectiveCallable.java:15)
	at org.junit.runners.model.FrameworkMethod.invokeExplosively(FrameworkMethod.java:41)
	at junitparams.internal.InvokeParameterisedMethod.evaluate(InvokeParameterisedMethod.java:102)
	at org.junit.internal.runners.statements.FailOnTimeout$1.run(FailOnTimeout.java:28)
Caused by: ptolemy.kernel.util.IllegalActionException: PublisherPorts cannot be used at the top level, use a Publisher actor instead.
  in .PublisherPortToplevelSubscriber.PublisherPort
	at ptolemy.actor.PublisherPort.preinitialize(PublisherPort.java:403)
	at ptolemy.actor.CompositeActor.preinitialize(CompositeActor.java:1769)
	at ptolemy.actor.Manager.preinitializeAndResolveTypes(Manager.java:1040)
	at ptolemy.actor.Manager.initialize(Manager.java:710)
	at ptolemy.actor.Manager.execute(Manager.java:356)
	at ptolemy.actor.Manager.run(Manager.java:1263)
	at ptolemy.actor.Manager$PtolemyRunThread.run(Manager.java:1915)
java.lang.RuntimeException: Execution failed
	at ptolemy.moml.MoMLSimpleApplication$UnloadThread.run(MoMLSimpleApplication.java:402)
Caused by: ptolemy.kernel.util.IllegalActionException: SubscriberPorts cannot be used at the top level, use a Subscriber actor instead.
  in .PublisherSubscriberPortToplevel.SubscriberPort
	at ptolemy.actor.SubscriberPort.preinitialize(SubscriberPort.java:328)
	at ptolemy.actor.CompositeActor.preinitialize(CompositeActor.java:1769)
	at ptolemy.actor.Manager.preinitializeAndResolveTypes(Manager.java:1040)
	at ptolemy.actor.Manager.initialize(Manager.java:710)
	at ptolemy.actor.Manager.execute(Manager.java:356)
	at ptolemy.actor.Manager.run(Manager.java:1263)
	at ptolemy.actor.Manager$PtolemyRunThread.run(Manager.java:1915)
java.lang.reflect.InvocationTargetException
	at sun.reflect.NativeConstructorAccessorImpl.newInstance0(Native Method)
	at sun.reflect.NativeConstructorAccessorImpl.newInstance(NativeConstructorAccessorImpl.java:62)
	at sun.reflect.DelegatingConstructorAccessorImpl.newInstance(DelegatingConstructorAccessorImpl.java:45)
	at java.lang.reflect.Constructor.newInstance(Constructor.java:423)
	at ptolemy.util.test.junit.AutoKnownFailedTests.RunModel(AutoKnownFailedTests.java:105)
	at sun.reflect.NativeMethodAccessorImpl.invoke0(Native Method)
	at sun.reflect.NativeMethodAccessorImpl.invoke(NativeMethodAccessorImpl.java:62)
	at sun.reflect.DelegatingMethodAccessorImpl.invoke(DelegatingMethodAccessorImpl.java:43)
	at java.lang.reflect.Method.invoke(Method.java:498)
	at org.junit.runners.model.FrameworkMethod$1.runReflectiveCall(FrameworkMethod.java:44)
	at org.junit.internal.runners.model.ReflectiveCallable.run(ReflectiveCallable.java:15)
	at org.junit.runners.model.FrameworkMethod.invokeExplosively(FrameworkMethod.java:41)
	at junitparams.internal.InvokeParameterisedMethod.evaluate(InvokeParameterisedMethod.java:102)
	at org.junit.internal.runners.statements.FailOnTimeout$1.run(FailOnTimeout.java:28)
Caused by: ptolemy.kernel.util.IllegalActionException: SubscriberPorts cannot be used at the top level, use a Subscriber actor instead.
  in .PublisherSubscriberPortToplevel.SubscriberPort
	at ptolemy.actor.SubscriberPort.preinitialize(SubscriberPort.java:328)
	at ptolemy.actor.CompositeActor.preinitialize(CompositeActor.java:1769)
	at ptolemy.actor.Manager.preinitializeAndResolveTypes(Manager.java:1040)
	at ptolemy.actor.Manager.initialize(Manager.java:710)
	at ptolemy.actor.Manager.execute(Manager.java:356)
	at ptolemy.actor.Manager.run(Manager.java:1263)
	at ptolemy.actor.Manager$PtolemyRunThread.run(Manager.java:1915)
java.lang.RuntimeException: Execution failed
	at ptolemy.moml.MoMLSimpleApplication$UnloadThread.run(MoMLSimpleApplication.java:402)
Caused by: ptolemy.kernel.util.IllegalActionException: SubscriptionAggregatorPorts cannot be used at the top level, use a SubscriptionAggregator actor instead.
  in .PublisherSubscriptionAggregatorPort.SubscriptionAggregatorPort
	at ptolemy.actor.SubscriptionAggregatorPort.preinitialize(SubscriptionAggregatorPort.java:353)
	at ptolemy.actor.CompositeActor.preinitialize(CompositeActor.java:1769)
	at ptolemy.actor.Manager.preinitializeAndResolveTypes(Manager.java:1040)
	at ptolemy.actor.Manager.initialize(Manager.java:710)
	at ptolemy.actor.Manager.execute(Manager.java:356)
	at ptolemy.actor.Manager.run(Manager.java:1263)
	at ptolemy.actor.Manager$PtolemyRunThread.run(Manager.java:1915)
java.lang.reflect.InvocationTargetException
	at sun.reflect.NativeConstructorAccessorImpl.newInstance0(Native Method)
	at sun.reflect.NativeConstructorAccessorImpl.newInstance(NativeConstructorAccessorImpl.java:62)
	at sun.reflect.DelegatingConstructorAccessorImpl.newInstance(DelegatingConstructorAccessorImpl.java:45)
	at java.lang.reflect.Constructor.newInstance(Constructor.java:423)
	at ptolemy.util.test.junit.AutoKnownFailedTests.RunModel(AutoKnownFailedTests.java:105)
	at sun.reflect.NativeMethodAccessorImpl.invoke0(Native Method)
	at sun.reflect.NativeMethodAccessorImpl.invoke(NativeMethodAccessorImpl.java:62)
	at sun.reflect.DelegatingMethodAccessorImpl.invoke(DelegatingMethodAccessorImpl.java:43)
	at java.lang.reflect.Method.invoke(Method.java:498)
	at org.junit.runners.model.FrameworkMethod$1.runReflectiveCall(FrameworkMethod.java:44)
	at org.junit.internal.runners.model.ReflectiveCallable.run(ReflectiveCallable.java:15)
	at org.junit.runners.model.FrameworkMethod.invokeExplosively(FrameworkMethod.java:41)
	at junitparams.internal.InvokeParameterisedMethod.evaluate(InvokeParameterisedMethod.java:102)
	at org.junit.internal.runners.statements.FailOnTimeout$1.run(FailOnTimeout.java:28)
Caused by: ptolemy.kernel.util.IllegalActionException: SubscriptionAggregatorPorts cannot be used at the top level, use a SubscriptionAggregator actor instead.
  in .PublisherSubscriptionAggregatorPort.SubscriptionAggregatorPort
	at ptolemy.actor.SubscriptionAggregatorPort.preinitialize(SubscriptionAggregatorPort.java:353)
	at ptolemy.actor.CompositeActor.preinitialize(CompositeActor.java:1769)
	at ptolemy.actor.Manager.preinitializeAndResolveTypes(Manager.java:1040)
	at ptolemy.actor.Manager.initialize(Manager.java:710)
	at ptolemy.actor.Manager.execute(Manager.java:356)
	at ptolemy.actor.Manager.run(Manager.java:1263)
	at ptolemy.actor.Manager$PtolemyRunThread.run(Manager.java:1915)
java.lang.RuntimeException: Execution failed
	at ptolemy.moml.MoMLSimpleApplication$UnloadThread.run(MoMLSimpleApplication.java:402)
Caused by: ptolemy.kernel.util.IllegalActionException: TypeTest actor has no training data.
  in .sizedarray3.TypeTest
	at ptolemy.actor.lib.TypeTest.initialize(TypeTest.java:250)
	at ptolemy.actor.Director.initialize(Director.java:938)
	at ptolemy.actor.Director.initialize(Director.java:907)
	at ptolemy.actor.sched.StaticSchedulingDirector.initialize(StaticSchedulingDirector.java:159)
	at ptolemy.domains.sdf.kernel.SDFDirector.initialize(SDFDirector.java:544)
	at ptolemy.actor.CompositeActor.initialize(CompositeActor.java:935)
	at ptolemy.actor.Manager.initialize(Manager.java:724)
	at ptolemy.actor.Manager.execute(Manager.java:356)
	at ptolemy.actor.Manager.run(Manager.java:1263)
	at ptolemy.actor.Manager$PtolemyRunThread.run(Manager.java:1915)
java.lang.reflect.InvocationTargetException
	at sun.reflect.NativeConstructorAccessorImpl.newInstance0(Native Method)
	at sun.reflect.NativeConstructorAccessorImpl.newInstance(NativeConstructorAccessorImpl.java:62)
	at sun.reflect.DelegatingConstructorAccessorImpl.newInstance(DelegatingConstructorAccessorImpl.java:45)
	at java.lang.reflect.Constructor.newInstance(Constructor.java:423)
	at ptolemy.util.test.junit.AutoKnownFailedTests.RunModel(AutoKnownFailedTests.java:105)
	at sun.reflect.NativeMethodAccessorImpl.invoke0(Native Method)
	at sun.reflect.NativeMethodAccessorImpl.invoke(NativeMethodAccessorImpl.java:62)
	at sun.reflect.DelegatingMethodAccessorImpl.invoke(DelegatingMethodAccessorImpl.java:43)
	at java.lang.reflect.Method.invoke(Method.java:498)
	at org.junit.runners.model.FrameworkMethod$1.runReflectiveCall(FrameworkMethod.java:44)
	at org.junit.internal.runners.model.ReflectiveCallable.run(ReflectiveCallable.java:15)
	at org.junit.runners.model.FrameworkMethod.invokeExplosively(FrameworkMethod.java:41)
	at junitparams.internal.InvokeParameterisedMethod.evaluate(InvokeParameterisedMethod.java:102)
	at org.junit.internal.runners.statements.FailOnTimeout$1.run(FailOnTimeout.java:28)
Caused by: ptolemy.kernel.util.IllegalActionException: TypeTest actor has no training data.
  in .sizedarray3.TypeTest
	at ptolemy.actor.lib.TypeTest.initialize(TypeTest.java:250)
	at ptolemy.actor.Director.initialize(Director.java:938)
	at ptolemy.actor.Director.initialize(Director.java:907)
	at ptolemy.actor.sched.StaticSchedulingDirector.initialize(StaticSchedulingDirector.java:159)
	at ptolemy.domains.sdf.kernel.SDFDirector.initialize(SDFDirector.java:544)
	at ptolemy.actor.CompositeActor.initialize(CompositeActor.java:935)
	at ptolemy.actor.Manager.initialize(Manager.java:724)
	at ptolemy.actor.Manager.execute(Manager.java:356)
	at ptolemy.actor.Manager.run(Manager.java:1263)
	at ptolemy.actor.Manager$PtolemyRunThread.run(Manager.java:1915)
ptolemy.kernel.util.InternalErrorException: Exec Stdout Gobbler-6: Failed while reading from java.lang.UNIXProcess$ProcessPipeInputStream@40df331e. To avoid this, try setting the ignoreIOExceptionReadErrors parameter to true.null
  in .ExecEnvironment.Exec
Because:
Stream closed
	at ptolemy.actor.lib.Exec$_StreamReaderThread._read(Exec.java:762)
	at ptolemy.actor.lib.Exec$_StreamReaderThread.run(Exec.java:706)
Caused by: java.io.IOException: Stream closed
	at sun.nio.cs.StreamDecoder.ensureOpen(StreamDecoder.java:46)
	at sun.nio.cs.StreamDecoder.read(StreamDecoder.java:148)
	at java.io.InputStreamReader.read(InputStreamReader.java:184)
	at ptolemy.actor.lib.Exec$_StreamReaderThread._read(Exec.java:724)
	... 1 more
Caused by: java.io.IOException: Stream closed
	at sun.nio.cs.StreamDecoder.ensureOpen(StreamDecoder.java:46)
	at sun.nio.cs.StreamDecoder.read(StreamDecoder.java:148)
	at java.io.InputStreamReader.read(InputStreamReader.java:184)
	at ptolemy.actor.lib.Exec$_StreamReaderThread._read(Exec.java:724)
	at ptolemy.actor.lib.Exec$_StreamReaderThread.run(Exec.java:706)
]]></system-err>
</testsuite>
