<?xml version="1.0" encoding="UTF-8" ?>
<testsuite errors="0" failures="0" hostname="travis-job-933d5b60-84f6-4d71-8c08-63cf1529b2d7" name="ptolemy.actor.lib.test.junit.JUnitTclTest" skipped="0" tests="517" time="61.618" timestamp="2020-01-08T07:02:29">
  <properties>
    <property name="npm.executable" value="npm" />
    <property name="env.TRAVIS_ROOT" value="/" />
    <property name="ptII.mk.exists" value="true" />
    <property name="env.TRAVIS_APP_HOST" value="build.travis-ci.org" />
    <property name="env.rvm_bin_path" value="/home/travis/.rvm/bin" />
    <property name="java.home" value="/usr/local/lib/jvm/openjdk11" />
    <property name="env.TRAVIS_JOB_NUMBER" value="1460.8" />
    <property name="env.TRAVIS_HOME" value="/home/travis" />
    <property name="env.DISPLAY" value=":99.0" />
    <property name="env.TRAVIS_INIT" value="systemd" />
    <property name="env.SSH_TTY" value="/dev/pts/0" />
    <property name="java.net.preferIPv4Stack" value="true" />
    <property name="env.RUN_TESTS" value="true" />
    <property name="timeout.short" value="1000000" />
    <property name="junit.formatter" value="xml" />
    <property name="env.TRAVIS_SUDO" value="true" />
    <property name="env.TRAVIS_JOB_NAME" value="" />
    <property name="env.TRAVIS_STACK_NODE_ATTRIBUTES" value="/.node-attributes.yml" />
    <property name="env.LOGNAME" value="travis" />
    <property name="env.PT_TRAVIS_TEST_CORE1_XML" value="true" />
    <property name="jsdoc.home" value="node_modules/@terraswarm/jsdoc" />
    <property name="debuglevel" value="source,lines,vars" />
    <property name="checkstyle.formatter" value="xml" />
    <property name="env._system_version" value="16.04" />
    <property name="bin.vergil.makeable" value="true" />
    <property name="sun.os.patch.level" value="unknown" />
    <property name="java.vendor.url" value="http://java.oracle.com/" />
    <property name="env.TRAVIS_BUILD_WEB_URL" value="https://travis-ci.org/icyphy/ptII/builds/634094232" />
    <property name="java.version" value="11.0.2" />
    <property name="env.TZ" value="UTC" />
    <property name="env.TRAVIS_PULL_REQUEST_SHA" value="" />
    <property name="env.PT_NO_NET" value="true" />
    <property name="env.TRAVIS_SECURE_ENV_VARS" value="true" />
    <property name="env._system_type" value="Linux" />
    <property name="java.vendor.url.bug" value="http://bugreport.java.com/bugreport/" />
    <property name="npmjs-org-is-up" value="true" />
    <property name="env.LANGUAGE" value="en_US.UTF-8" />
    <property name="env.SSH_CLIENT" value="10.24.6.42 37090 22" />
    <property name="env.GEM_HOME" value="/home/travis/.rvm/gems/ruby-2.5.3" />
    <property name="env.HAS_ANTARES_THREE_LITTLE_FRONZIES_BADGE" value="true" />
    <property name="java.version.date" value="2019-01-15" />
    <property name="env.PS4" value="+" />
    <property name="ant.project.invoked-targets" value="build,test.core1.xml" />
    <property name="env.TRAVIS_PULL_REQUEST_BRANCH" value="" />
    <property name="env.TRAVIS_REPO_SLUG" value="icyphy/ptII" />
    <property name="env.XDG_DATA_DIRS" value="/usr/local/share:/usr/share:/var/lib/snapd/desktop" />
    <property name="jdk.debug" value="release" />
    <property name="env.TRAVIS_APT_PROXY" value="http://build-cache.travisci.net" />
    <property name="env.TRAVIS_CPU_ARCH" value="amd64" />
    <property name="node.in.path" value="true" />
    <property name="user.name" value="travis" />
    <property name="java.maxmemory" value="1400m" />
    <property name="env.RUBY_VERSION" value="ruby-2.5.3" />
    <property name="env.LANG" value="en_US.UTF-8" />
    <property name="sun.io.unicode.encoding" value="UnicodeLittle" />
    <property name="sun.jnu.encoding" value="UTF-8" />
    <property name="java.runtime.name" value="OpenJDK Runtime Environment" />
    <property name="usefile" value="false" />
    <property name="return.code" value="0" />
    <property name="junit.single.formatter" value="plain" />
    <property name="env.DYLD_LIBRARY_PATH" value="/home/travis/pthla/certi-tools/lib:" />
    <property name="env.DEBIAN_FRONTEND" value="noninteractive" />
    <property name="env.SSH_CONNECTION" value="10.24.6.42 37090 10.20.0.64 22" />
    <property name="env.MYSQL_UNIX_PORT" value="/var/run/mysqld/mysqld.sock" />
    <property name="env.LC_ALL" value="en_US.UTF-8" />
    <property name="env.TRAVIS_ALLOW_FAILURE" value="false" />
    <property name="env.TRAVIS_JOB_WEB_URL" value="https://travis-ci.org/icyphy/ptII/jobs/634094240" />
    <property name="java.specification.name" value="Java Platform API Specification" />
    <property name="node.works" value="true" />
    <property name="user.timezone" value="" />
    <property name="path.separator" value=":" />
    <property name="env.TRAVIS_ENABLE_INFRA_DETECTION" value="true" />
    <property name="env.PYTHON_CFLAGS" value="-g -fstack-protector --param=ssp-buffer-size=4 -Wformat -Werror=format-security" />
    <property name="timeout.long" value="4000000" />
    <property name="env.CERTI_HOME" value="/home/travis/pthla/certi-tools" />
    <property name="ant.file.ptII" value="/home/travis/build/icyphy/ptII/build.xml" />
    <property name="javadoc.packagenames" value="com.*,diva.*,lbnl.*,org.hlacerti.*,org.json.*,org.ptolemy.*,org.terraswarm.*,ptolemy.*,ptserver.*" />
    <property name="file.encoding" value="UTF-8" />
    <property name="env.TRAVIS_PULL_REQUEST_SLUG" value="" />
    <property name="ant.project.default-target" value="build" />
    <property name="env.GIT_ASKPASS" value="echo" />
    <property name="env.HOME" value="/home/travis" />
    <property name="sun.java.command" value="org.apache.tools.ant.taskdefs.optional.junit.JUnitTestRunner ptolemy.actor.lib.test.junit.JUnitTclTest skipNonTests=false filtertrace=true haltOnError=false haltOnFailure=false formatter=org.apache.tools.ant.taskdefs.optional.junit.OutErrSummaryJUnitResultFormatter showoutput=true outputtoformatters=true logfailedtests=true threadid=0 logtestlistenerevents=false formatter=org.apache.tools.ant.taskdefs.optional.junit.XMLJUnitResultFormatter,/home/travis/build/icyphy/ptII/reports/junit/TEST-ptolemy.actor.lib.test.junit.JUnitTclTest.xml crashfile=/home/travis/build/icyphy/ptII/junitvmwatcher13315639751740336947.properties propsfile=/home/travis/build/icyphy/ptII/junit12830707631023628141.properties" />
    <property name="env.COMPOSER_NO_INTERACTION" value="1" />
    <property name="env.MANPATH" value="/home/travis/.nvm/versions/node/v7.10.1/share/man:/home/travis/.rvm/rubies/ruby-2.5.3/share/man:/usr/local/cmake-3.12.4/man:/usr/local/clang-7.0.0/share/man:/usr/local/man:/usr/local/share/man:/usr/share/man:/home/travis/.rvm/man" />
    <property name="env.TRAVIS_TIMER_ID" value="0b464fe9" />
    <property name="ant.file" value="/home/travis/build/icyphy/ptII/build.xml" />
    <property name="env.TRAVIS_COMMIT_RANGE" value="306228930c82f8432c4c29642b91a70b1d158448...91c18494ffb61df2b5c9e9587cdacc264ddd6f9b" />
    <property name="env._system_name" value="Ubuntu" />
    <property name="ptII.classpath.optional.property" value="/home/travis/build/icyphy/ptII/lib/bsh-2.0b4.jar:/home/travis/build/icyphy/ptII/lib/ptCal.jar:/home/travis/build/icyphy/ptII/lib/java_cup.jar:/home/travis/build/icyphy/ptII/lib/saxon8.jar:/home/travis/build/icyphy/ptII/lib/saxon8-dom.jar:/home/travis/build/icyphy/ptII/lib/chic.jar:/home/travis/build/icyphy/ptII/lib/ptcolt.jar:/home/travis/build/icyphy/ptII/vendors/misc/itext/iText.jar:/home/travis/build/icyphy/ptII/lib/g4ltl.jar:/home/travis/build/icyphy/ptII/lib/StructuralCoder.jar:/home/travis/build/icyphy/ptII/lib/jcerti.jar:/home/travis/build/icyphy/ptII/lib/javax.mail.jar:/home/travis/build/icyphy/ptII/vendors/JMF-2.1.1e/lib/jmf.jar:/home/travis/build/icyphy/ptII/lib/jna-4.0.0-variadic.jar:/home/travis/build/icyphy/ptII/vendors/misc/joystick/Joystick.jar:/home/travis/build/icyphy/ptII/lib/ptjacl.jar:/home/travis/build/icyphy/ptII/lib/jsoup-1.8.2.jar:/home/travis/build/icyphy/ptII/lib/junit-4.8.2.jar:/home/travis/build/icyphy/ptII/lib/JUnitParams-0.4.0.jar:/home/travis/build/icyphy/ptII/ptolemy/actor/lib/excel/jxl.jar:/home/travis/build/icyphy/ptII/lib/jython.jar:/home/travis/build/icyphy/ptII/lib/kieler.jar:/home/travis/build/icyphy/ptII/vendors/opencv/share/OpenCV/java/opencv-341.jar:/home/travis/build/icyphy/ptII/lib/oscP5.jar:/home/travis/build/icyphy/ptII/lib/nrjavaserial-3.11.0.devel.jar:/home/travis/build/icyphy/ptII/vendors/j3d/lib/Linux/j3dcore.jar:/home/travis/build/icyphy/ptII/vendors/j3d/lib/Linux/j3dutils.jar:/home/travis/build/icyphy/ptII/vendors/j3d/lib/Linux/vecmath.jar:/home/travis/build/icyphy/ptII/vendors/jogl/lib/Linux/gluegen-rt-natives-linux-amd64.jar:/home/travis/build/icyphy/ptII/vendors/jogl/lib/Linux/gluegen-rt.jar:/home/travis/build/icyphy/ptII/vendors/jogl/lib/Linux/jogl-all-natives-linux-amd64.jar:/home/travis/build/icyphy/ptII/vendors/jogl/lib/Linux/jogl-all.jar:/home/travis/build/icyphy/ptII/ptolemy/distributed/jini/jar/jini-core.jar:/home/travis/build/icyphy/ptII/ptolemy/distributed/jini/jar/jini-ext.jar:/home/travis/build/icyphy/ptII/ptolemy/distributed/jini/jar/sun-util.jar:/home/travis/build/icyphy/ptII/lib/protobuf-java-2.4.1.jar:/home/travis/build/icyphy/ptII/lib/org.eclipse.paho.client.mqttv3.jar:/home/travis/build/icyphy/ptII/lib/mapss.jar:/home/travis/build/icyphy/ptII/ptolemy/actor/ptalon/antlr/antlr.jar:/home/travis/build/icyphy/ptII/lib/JRI.jar:/home/travis/build/icyphy/ptII/lib/commons-lang-2.6.jar:/home/travis/build/icyphy/ptII/lib/commons-logging-1.1.1.jar:/home/travis/build/icyphy/ptII/lib/sootclasses.jar:/home/travis/build/icyphy/ptII/ptolemy/actor/lib/database/mysql-connector-java-5.1.6-bin.jar:/home/travis/build/icyphy/ptII/vendors/misc/sphinx4/sphinx4-data-5prealpha.jar:/home/travis/build/icyphy/ptII/vendors/misc/sphinx4/sphinx4-core-5prealpha.jar:/home/travis/build/icyphy/ptII/lib/PDFRenderer.jar:/home/travis/build/icyphy/ptII/lib/svgSalamander.jar:/home/travis/build/icyphy/ptII/lib/rsyntaxtextarea-2.6.0-SNAPSHOT.jar:/home/travis/build/icyphy/ptII/lib/hazelcast-3.8.2.jar:/home/travis/build/icyphy/ptII/lib/jackson-annotations-2.9.0.jar:/home/travis/build/icyphy/ptII/lib/jackson-core-2.9.3.jar:/home/travis/build/icyphy/ptII/lib/jackson-databind-2.9.3.jar:/home/travis/build/icyphy/ptII/lib/netty-buffer-4.1.19.Final.jar:/home/travis/build/icyphy/ptII/lib/netty-codec-4.1.19.Final.jar:/home/travis/build/icyphy/ptII/lib/netty-codec-dns-4.1.19.Final.jar:/home/travis/build/icyphy/ptII/lib/netty-codec-http-4.1.19.Final.jar:/home/travis/build/icyphy/ptII/lib/netty-codec-http2-4.1.19.Final.jar:/home/travis/build/icyphy/ptII/lib/netty-common-4.1.19.Final.jar:/home/travis/build/icyphy/ptII/lib/netty-handler-4.1.19.Final.jar:/home/travis/build/icyphy/ptII/lib/netty-resolver-4.1.19.Final.jar:/home/travis/build/icyphy/ptII/lib/netty-resolver-dns-4.1.19.Final.jar:/home/travis/build/icyphy/ptII/lib/netty-transport-4.1.19.Final.jar:/home/travis/build/icyphy/ptII/lib/vertx-codegen-3.5.1.jar:/home/travis/build/icyphy/ptII/lib/vertx-core-3.5.2-SNAPSHOT.jar:/home/travis/build/icyphy/ptII/lib/vertx-hazelcast-3.5.1.jar:/home/travis/build/icyphy/ptII/lib/vertx-lang-js-3.5.1.jar:/home/travis/build/icyphy/ptII/lib/vertx-service-proxy-3.5.1.jar:/home/travis/build/icyphy/ptII/lib/vertx-web-3.5.1.jar:/home/travis/build/icyphy/ptII/lib/slf4j-api-1.7.13.jar:/home/travis/build/icyphy/ptII/lib/slf4j-simple-1.7.13.jar:/home/travis/build/icyphy/ptII/lib/webcam-capture-0.3.12.jar:/home/travis/build/icyphy/ptII/lib/bridj-0.7.0.jar:/home/travis/build/icyphy/ptII/lib/xbjlib-1.1.0.nrjavaserial.jar" />
    <property name="timeout" value="2400000" />
    <property name="test.batch" value="**/junit/*.java" />
    <property name="env._" value="/usr/bin/timeout" />
    <property name="java.io.tmpdir" value="/tmp" />
    <property name="user.language" value="en" />
    <property name="env.TRAVIS_INTERNAL_RUBY_REGEX" value="^ruby-(2\.[0-4]\.[0-9]|1\.9\.3)" />
    <property name="env.HISTCONTROL" value="ignoredups:ignorespace" />
    <property name="env.GOROOT" value="/home/travis/.gimme/versions/go1.11.1.linux.amd64" />
    <property name="line.separator" value="&#xa;" />
    <property name="target" value="11" />
    <property name="env.TRAVIS_BUILD_DIR" value="/home/travis/build/icyphy/ptII" />
    <property name="env.ANT_OPTS" value="-Xmx2048m" />
    <property name="ant.file.type" value="file" />
    <property name="ptolemy.ptII.batchMode" value="true" />
    <property name="env.HISTSIZE" value="1000" />
    <property name="env.MERB_ENV" value="test" />
    <property name="java.vm.info" value="mixed mode" />
    <property name="source" value="11" />
    <property name="java.vm.specification.name" value="Java Virtual Machine Specification" />
    <property name="env.TRAVIS_TEST_RESULT" value="0" />
    <property name="jsdoc.command" value="node_modules/@terraswarm/jsdoc/jsdoc.js" />
    <property name="npm.works" value="true" />
    <property name="cobertura.dir" value="/home/travis/build/icyphy/ptII/vendors/cobertura-2.0.3" />
    <property name="jsdoc.command.exists" value="true" />
    <property name="env.rvm_path" value="/home/travis/.rvm" />
    <property name="env.GEM_PATH" value="/home/travis/.rvm/gems/ruby-2.5.3:/home/travis/.rvm/gems/ruby-2.5.3@global" />
    <property name="env.LC_CTYPE" value="en_US.UTF-8" />
    <property name="env.TRAVIS_CMD" value="$PTII/bin/ptIITravisBuild.sh $SECONDS" />
    <property name="java.awt.printerjob" value="sun.print.PSPrinterJob" />
    <property name="env.TRAVIS_STACK_NAME" value="sardonyx" />
    <property name="env.TRAVIS_TIMER_START_TIME" value="1578466343594205570" />
    <property name="ant.version" value="Apache Ant(TM) version 1.10.1 compiled on February 2 2017" />
    <property name="ptII.reports" value="/home/travis/build/icyphy/ptII/reports" />
    <property name="env.TRAVIS_STACK_TIMESTAMP" value="2019-03-25 16:16:56 UTC" />
    <property name="ant.file.type.ptII" value="file" />
    <property name="env.RBENV_SHELL" value="bash" />
    <property name="os.name" value="Linux" />
    <property name="java.specification.vendor" value="Oracle Corporation" />
    <property name="env.rvm_version" value="1.29.7 (latest)" />
    <property name="env.TRAVIS_INFRA" value="gce" />
    <property name="env.TERM" value="xterm" />
    <property name="java.vm.name" value="OpenJDK 64-Bit Server VM" />
    <property name="env.TRAVIS_BUILD_NUMBER" value="1460" />
    <property name="env.CI" value="true" />
    <property name="java.library.path" value="/home/travis/pthla/certi-tools/lib:/usr/lib/jni:/usr/local/share/OpenCV/java/:/usr/share/OpenCV/java::/usr/java/packages/lib:/usr/lib64:/lib64:/lib:/usr/lib" />
    <property name="jdk.module.path" value="/home/travis/build/icyphy/ptII/vendors/javafx/javafx-sdk-11.0.2/lib:" />
    <property name="env.rvm_prefix" value="/home/travis" />
    <property name="env.PATH" value="/home/travis/pthla/certi-tools/share/scripts:/home/travis/.rvm/gems/ruby-2.5.3/bin:/home/travis/.rvm/gems/ruby-2.5.3@global/bin:/home/travis/.rvm/rubies/ruby-2.5.3/bin:/home/travis/.rvm/bin:/home/travis/.nvm/versions/node/v7.10.1/bin:./node_modules/.bin:/home/travis/build/icyphy/ptII/bin:/home/travis/pthla/certi-tools/bin:/home/travis/bin:/home/travis/.local/bin:/usr/local/lib/jvm/openjdk11/bin:/opt/pyenv/shims:/home/travis/.phpenv/shims:/home/travis/perl5/perlbrew/bin:/home/travis/gopath/bin:/home/travis/.gimme/versions/go1.11.1.linux.amd64/bin:/usr/local/maven-3.6.0/bin:/usr/local/cmake-3.12.4/bin:/usr/local/clang-7.0.0/bin:/usr/local/sbin:/usr/local/bin:/usr/sbin:/usr/bin:/sbin:/bin:/snap/bin:/home/travis/.phpenv/bin:/opt/pyenv/bin:/home/travis/.yarn/bin" />
    <property name="env.TRAVIS_OS_NAME" value="linux" />
    <property name="ant.java.version" value="9" />
    <property name="basedir" value="/home/travis/build/icyphy/ptII" />
    <property name="java.class.version" value="55.0" />
    <property name="env.SHLVL" value="3" />
    <property name="env.LD_LIBRARY_PATH" value="/home/travis/pthla/certi-tools/lib:/usr/lib/jni:/usr/local/share/OpenCV/java/:/usr/share/OpenCV/java:" />
    <property name="env.RACK_ENV" value="test" />
    <property name="ant.home" value="/home/travis/build/icyphy/ptII/ant" />
    <property name="env.NVM_DIR" value="/home/travis/.nvm" />
    <property name="env.CERTI_FOM_PATH" value="/home/travis/pthla/certi-tools/share/federations" />
    <property name="env.TRAVIS_BUILD_ID" value="634094232" />
    <property name="env.PYENV_ROOT" value="/opt/pyenv" />
    <property name="env.TRAVIS_UID" value="2000" />
    <property name="prism.verbose" value="true" />
    <property name="env.NVM_BIN" value="/home/travis/.nvm/versions/node/v7.10.1/bin" />
    <property name="env.TRAVIS_COMMIT" value="91c18494ffb61df2b5c9e9587cdacc264ddd6f9b" />
    <property name="env._system_arch" value="x86_64" />
    <property name="node.executable" value="node" />
    <property name="sun.boot.library.path" value="/usr/local/lib/jvm/openjdk11/lib" />
    <property name="sun.management.compiler" value="HotSpot 64-Bit Tiered Compilers" />
    <property name="java.awt.graphicsenv" value="sun.awt.X11GraphicsEnvironment" />
    <property name="env.GOPATH" value="/home/travis/gopath" />
    <property name="ptolemy.ptII.dir" value="/home/travis/build/icyphy/ptII" />
    <property name="env.USER" value="travis" />
    <property name="env.HISTFILESIZE" value="2000" />
    <property name="timeout.longest" value="19000000" />
    <property name="env.PERLBREW_SHELLRC_VERSION" value="0.86" />
    <property name="env.TRAVIS_STACK_FEATURES" value="basic couchdb disabled-ipv6 docker docker-compose elasticsearch firefox go-toolchain google-chrome jdk memcached mongodb mysql nodejs_interpreter perl_interpreter perlbrew phantomjs postgresql python_interpreter redis ruby_interpreter sqlite xserver" />
    <property name="env.TRAVIS_PULL_REQUEST" value="false" />
    <property name="env.PYENV_SHELL" value="bash" />
    <property name="ant.project.name" value="ptII" />
    <property name="env.ANSI_RESET" value="\033[0m" />
    <property name="java.vm.specification.version" value="11" />
    <property name="env.TRAVIS_DIST" value="xenial" />
    <property name="env.CERTI_VERSION" value="4.0.0" />
    <property name="env.CERTI_HOST" value="localhost" />
    <property name="awt.toolkit" value="sun.awt.X11.XToolkit" />
    <property name="env.MY_RUBY_HOME" value="/home/travis/.rvm/rubies/ruby-2.5.3" />
    <property name="sun.cpu.isalist" value="" />
    <property name="env.TRAVIS_TMPDIR" value="/tmp/tmp.X5qdHK5rj7" />
    <property name="java.vm.compressedOopsMode" value="Zero based" />
    <property name="os.version" value="4.15.0-1028-gcp" />
    <property name="user.home" value="/home/travis" />
    <property name="java.vm.vendor" value="Oracle Corporation" />
    <property name="env.TRAVIS_TAG" value="nightly" />
    <property name="env.ANSI_YELLOW" value="\033[33;1m" />
    <property name="env.TRAVIS_FILTERED" value="redirect_io" />
    <property name="env.ANSI_GREEN" value="\033[32;1m" />
    <property name="env.JAVA_HOME" value="/usr/local/lib/jvm/openjdk11" />
    <property name="javadoc.excludepackagenames" value="adm.cvs2svn.*,build.*,config.*,doc.coding.templates.*,jni.test.jni.meaningOfLife.*,jni.test.jni.testDeux.*,jni.test.jni.testTrois.*,org.terraswarm.accessor.accessors.web.node_modules.*,org.terraswarm.accessor.accessors.web.hosts.cordova.demo.*,org.terraswarm.accessor.accessors.web.hosts.cordova.plugins.*,org.terraswarm.accessor.accessors-svn.*,pt-modules.*,ptolemy.apps.agilent.*,ptolemy.apps.anytimecontrol.*,ptolemy.apps.apes.*,ptolemy.apps.charon.*,ptolemy.apps.crazyboard.*,ptolemy.apps.eclipse.*,ptolemy.apps.etherealSting.*,ptolemy.apps.fullscreen.*,ptolemy.apps.giotto.*,ptolemy.apps.ia.*,ptolemy.apps.interfaces.*,ptolemy.apps.jmf.*,ptolemy.apps.kurt.*,ptolemy.apps.kvm.*,ptolemy.apps.lego.*,ptolemy.apps.lejos.*,ptolemy.apps.midp.*,ptolemy.apps.mobileCoding.*,ptolemy.apps.pendulum.*,ptolemy.apps.rijndael.*,ptolemy.apps.robot.*,ptolemy.apps.security.*,ptolemy.apps.sobel.*,ptolemy.apps.soot.*,ptolemy.apps.throttle.*,ptolemy.apps.tini.*,ptolemy.apps.transmission.*,ptolemy.apps.vergil.*,ptolemy.apps.waba.*,ptolemy.apps.websensor.*,ptolemy.apps.webstart.*,ptolemy.apps.xsl.*,ptolemy.apps.zaurus.*,ptolemy.codegen.c.actor.lib.oldJavaFiles.*,ptolemy.codegen.dsp.lib.*,ptolemy.codegen.kernel.newInterfaces.*,ptolemy.codegen.lib.*,ptolemy.copernicus.kernel.fragment.*,ptolemy.copernicus.shallow.cg.*,ptolemy.domains.giotto.demo.Hierarchy.Hierarchy.*,ptolemy.domains.giotto.demo.Multimode.Multimode.*,ptolemy.domains.giotto.demo.Simple.Simple.*,ptolemy.domains.gr.lib.experimental.*,ptolemy.domains.gro.*,ptolemy.domains.pdf.*,ptolemy.domains.ptinyos.demo.Surge.output.*,ptolemy.moml.test.NoPackageActor.java*,ptolemy.plot.adm.*,ptolemy.plot.servlet.*,reports.*,signed.*,src.*,target.*,vendors.*,ptolemy.copernicus.applet.*,ptolemy.media.viewer.*,ptolemy.actor.corba.*,doc.doclets.*,ptolemy.apps.eclipse.awt.*,ptolemy.backtrack.*,ptolemy.backtrack.ast.*,ptolemy.cg.adapter.generic.program.procedural.c.mbed*,ptolemy.homer.*,ptolemy.actor.lib.jai.*,org.ptolemy.scala.*,diva.util.java2d.svg.*,ptolemy.domains.ptinyos.*,ptolemy.actor.lib.fmi.fmipp.*,,org.terraswarm.accessor.accessors.web.node_modules.*,org.terraswarm.accessor.accessors-svn,ptolemy.apps.*,ptolemy.actor.ptalon.demo.ptinyos.SendAndReceiveCnt.output,ptolemy.actor.ptalon.demo.ptinyos.SenseToLeds.output,ptolemy.domains.ptinyos.demo.CntToLedsAndRfm.output,ptolemy.domains.ptinyos.demo.RfmToLeds.output,ptolemy.domains.ptinyos.demo.SendAndReceiveCnt.output,ptolemy.domains.ptinyos.demo.SenseToLeds.output,ptolemy.actor.lib.jjs.modules.udpSocket.*" />
    <property name="env.PTII" value="/home/travis/build/icyphy/ptII" />
    <property name="env.XDG_SESSION_ID" value="2" />
    <property name="keystore" value="ptKeystore" />
    <property name="env.TRAVIS_COMMIT_MESSAGE" value="Removed annotation in Buttefly demo about code generation because code generation is no longer present." />
    <property name="junit.output.dir" value="/home/travis/build/icyphy/ptII/reports/junit" />
    <property name="npm.return.code" value="0" />
    <property name="user.dir" value="/home/travis/build/icyphy/ptII/ptolemy/actor/lib/test" />
    <property name="env.TRAVIS_NODE_VERSION" value="7" />
    <property name="env.TRAVIS_EVENT_TYPE" value="cron" />
    <property name="env.MAIL" value="/var/mail/travis" />
    <property name="env.PERLBREW_ROOT" value="/home/travis/perl5/perlbrew" />
    <property name="env.PWD" value="/home/travis/build/icyphy/ptII" />
    <property name="timeout.npm" value="45000" />
    <property name="env.TRAVIS_ARCH" value="amd64" />
    <property name="sun.cpu.endian" value="little" />
    <property name="env.PAGER" value="cat" />
    <property name="env.TRAVIS_BUILD_STAGE_NAME" value="Test" />
    <property name="env.PERLBREW_HOME" value="/home/travis/.perlbrew" />
    <property name="java.vm.version" value="11.0.2+9" />
    <property name="env.RAILS_ENV" value="test" />
    <property name="java.class.path" value="/home/travis/.ptolemyII:/home/travis/.ptolemyII/*:/home/travis/build/icyphy/ptII:/home/travis/build/icyphy/ptII/lib/bsh-2.0b4.jar:/home/travis/build/icyphy/ptII/lib/ptCal.jar:/home/travis/build/icyphy/ptII/lib/java_cup.jar:/home/travis/build/icyphy/ptII/lib/saxon8.jar:/home/travis/build/icyphy/ptII/lib/saxon8-dom.jar:/home/travis/build/icyphy/ptII/lib/chic.jar:/home/travis/build/icyphy/ptII/lib/ptcolt.jar:/home/travis/build/icyphy/ptII/vendors/misc/itext/iText.jar:/home/travis/build/icyphy/ptII/lib/g4ltl.jar:/home/travis/build/icyphy/ptII/lib/StructuralCoder.jar:/home/travis/build/icyphy/ptII/lib/jcerti.jar:/home/travis/build/icyphy/ptII/lib/javax.mail.jar:/home/travis/build/icyphy/ptII/vendors/JMF-2.1.1e/lib/jmf.jar:/home/travis/build/icyphy/ptII/lib/jna-4.0.0-variadic.jar:/home/travis/build/icyphy/ptII/vendors/misc/joystick/Joystick.jar:/home/travis/build/icyphy/ptII/lib/ptjacl.jar:/home/travis/build/icyphy/ptII/lib/jsoup-1.8.2.jar:/home/travis/build/icyphy/ptII/lib/junit-4.8.2.jar:/home/travis/build/icyphy/ptII/lib/JUnitParams-0.4.0.jar:/home/travis/build/icyphy/ptII/ptolemy/actor/lib/excel/jxl.jar:/home/travis/build/icyphy/ptII/lib/jython.jar:/home/travis/build/icyphy/ptII/lib/kieler.jar:/home/travis/build/icyphy/ptII/vendors/opencv/share/OpenCV/java/opencv-341.jar:/home/travis/build/icyphy/ptII/lib/oscP5.jar:/home/travis/build/icyphy/ptII/lib/nrjavaserial-3.11.0.devel.jar:/home/travis/build/icyphy/ptII/vendors/j3d/lib/Linux/j3dcore.jar:/home/travis/build/icyphy/ptII/vendors/j3d/lib/Linux/j3dutils.jar:/home/travis/build/icyphy/ptII/vendors/j3d/lib/Linux/vecmath.jar:/home/travis/build/icyphy/ptII/vendors/jogl/lib/Linux/gluegen-rt-natives-linux-amd64.jar:/home/travis/build/icyphy/ptII/vendors/jogl/lib/Linux/gluegen-rt.jar:/home/travis/build/icyphy/ptII/vendors/jogl/lib/Linux/jogl-all-natives-linux-amd64.jar:/home/travis/build/icyphy/ptII/vendors/jogl/lib/Linux/jogl-all.jar:/home/travis/build/icyphy/ptII/ptolemy/distributed/jini/jar/jini-core.jar:/home/travis/build/icyphy/ptII/ptolemy/distributed/jini/jar/jini-ext.jar:/home/travis/build/icyphy/ptII/ptolemy/distributed/jini/jar/sun-util.jar:/home/travis/build/icyphy/ptII/lib/protobuf-java-2.4.1.jar:/home/travis/build/icyphy/ptII/lib/org.eclipse.paho.client.mqttv3.jar:/home/travis/build/icyphy/ptII/lib/mapss.jar:/home/travis/build/icyphy/ptII/ptolemy/actor/ptalon/antlr/antlr.jar:/home/travis/build/icyphy/ptII/lib/JRI.jar:/home/travis/build/icyphy/ptII/lib/commons-lang-2.6.jar:/home/travis/build/icyphy/ptII/lib/commons-logging-1.1.1.jar:/home/travis/build/icyphy/ptII/lib/sootclasses.jar:/home/travis/build/icyphy/ptII/ptolemy/actor/lib/database/mysql-connector-java-5.1.6-bin.jar:/home/travis/build/icyphy/ptII/vendors/misc/sphinx4/sphinx4-data-5prealpha.jar:/home/travis/build/icyphy/ptII/vendors/misc/sphinx4/sphinx4-core-5prealpha.jar:/home/travis/build/icyphy/ptII/lib/PDFRenderer.jar:/home/travis/build/icyphy/ptII/lib/svgSalamander.jar:/home/travis/build/icyphy/ptII/lib/rsyntaxtextarea-2.6.0-SNAPSHOT.jar:/home/travis/build/icyphy/ptII/lib/hazelcast-3.8.2.jar:/home/travis/build/icyphy/ptII/lib/jackson-annotations-2.9.0.jar:/home/travis/build/icyphy/ptII/lib/jackson-core-2.9.3.jar:/home/travis/build/icyphy/ptII/lib/jackson-databind-2.9.3.jar:/home/travis/build/icyphy/ptII/lib/netty-buffer-4.1.19.Final.jar:/home/travis/build/icyphy/ptII/lib/netty-codec-4.1.19.Final.jar:/home/travis/build/icyphy/ptII/lib/netty-codec-dns-4.1.19.Final.jar:/home/travis/build/icyphy/ptII/lib/netty-codec-http-4.1.19.Final.jar:/home/travis/build/icyphy/ptII/lib/netty-codec-http2-4.1.19.Final.jar:/home/travis/build/icyphy/ptII/lib/netty-common-4.1.19.Final.jar:/home/travis/build/icyphy/ptII/lib/netty-handler-4.1.19.Final.jar:/home/travis/build/icyphy/ptII/lib/netty-resolver-4.1.19.Final.jar:/home/travis/build/icyphy/ptII/lib/netty-resolver-dns-4.1.19.Final.jar:/home/travis/build/icyphy/ptII/lib/netty-transport-4.1.19.Final.jar:/home/travis/build/icyphy/ptII/lib/vertx-codegen-3.5.1.jar:/home/travis/build/icyphy/ptII/lib/vertx-core-3.5.2-SNAPSHOT.jar:/home/travis/build/icyphy/ptII/lib/vertx-hazelcast-3.5.1.jar:/home/travis/build/icyphy/ptII/lib/vertx-lang-js-3.5.1.jar:/home/travis/build/icyphy/ptII/lib/vertx-service-proxy-3.5.1.jar:/home/travis/build/icyphy/ptII/lib/vertx-web-3.5.1.jar:/home/travis/build/icyphy/ptII/lib/slf4j-api-1.7.13.jar:/home/travis/build/icyphy/ptII/lib/slf4j-simple-1.7.13.jar:/home/travis/build/icyphy/ptII/lib/webcam-capture-0.3.12.jar:/home/travis/build/icyphy/ptII/lib/bridj-0.7.0.jar:/home/travis/build/icyphy/ptII/lib/xbjlib-1.1.0.nrjavaserial.jar:/home/travis/build/icyphy/ptII/ptolemy/moml/test:/home/travis/build/icyphy/ptII/ant/lib/ant-launcher.jar:/home/travis/build/icyphy/ptII/ant/lib/ant.jar:/home/travis/build/icyphy/ptII/ant/lib/ant-junit.jar:/home/travis/build/icyphy/ptII/ant/lib/ant-junit4.jar" />
    <property name="ant.library.dir" value="/home/travis/build/icyphy/ptII/ant/lib" />
    <property name="os.arch" value="amd64" />
    <property name="env.CONTINUOUS_INTEGRATION" value="true" />
    <property name="env.TRAVIS_LANGUAGE" value="node_js" />
    <property name="env.TRAVIS_STACK_LANGUAGES" value="__sardonyx__ c c++ clojure cplusplus cpp default generic go groovy java node_js php pure_java python ruby scala" />
    <property name="test.name" value="ptolemy.actor.lib.test.junit.JUnitTclTest" />
    <property name="env.APT_KEY_DONT_WARN_ON_DANGEROUS_USAGE" value="1" />
    <property name="sun.java.launcher" value="SUN_STANDARD" />
    <property name="env.PYTHON_CONFIGURE_OPTS" value="--enable-unicode=ucs4 --with-wide-unicode --enable-shared --enable-ipv6 --enable-loadable-sqlite-extensions --with-computed-gotos" />
    <property name="ant.core.lib" value="/home/travis/build/icyphy/ptII/ant/lib/ant.jar" />
    <property name="java.vm.specification.vendor" value="Oracle Corporation" />
    <property name="env.BCVTB_HOME" value="/home/travis/build/icyphy/ptII/lbnl" />
    <property name="file.separator" value="/" />
    <property name="spotbugs.home" value="/home/travis/build/icyphy/ptII/vendors/spotbugs-3.1.1" />
    <property name="java.runtime.version" value="11.0.2+9" />
    <property name="env.ANSI_CLEAR" value="\033[0K" />
    <property name="javafx.verbose" value="true" />
    <property name="env.HAS_JOSH_K_SEAL_OF_APPROVAL" value="true" />
    <property name="env.XDG_RUNTIME_DIR" value="/run/user/2000" />
    <property name="env.TRAVIS_OSX_IMAGE" value="" />
    <property name="env.TRAVIS_JOB_ID" value="634094240" />
    <property name="env.TRAVIS_BRANCH" value="master" />
    <property name="user.country" value="US" />
    <property name="env.CERTI_HOME_TRAVIS" value="/home/travis/pthla/certi-tools" />
    <property name="env.SHELL" value="/bin/bash" />
    <property name="java.maxmemory.large" value="3200m" />
    <property name="model" value="" />
    <property name="env.CASHER_DIR" value="/home/travis/.casher" />
    <property name="env.NVM_CD_FLAGS" value="" />
    <property name="java.vendor.version" value="18.9" />
    <property name="jshint.executable" value="/home/travis/node_modules/jshint/bin/jshint" />
    <property name="env.JRUBY_OPTS" value=" --client -J-XX:+TieredCompilation -J-XX:TieredStopAtLevel=1 -J-Xss2m -Xcompile.invokedynamic=false" />
    <property name="java.vendor" value="Oracle Corporation" />
    <property name="env.TRAVIS_PRE_CHEF_BOOTSTRAP_TIME" value="2019-03-25T16:16:42" />
    <property name="env.TRAVIS_STACK_JOB_BOARD_REGISTER" value="/.job-board-register.yml" />
    <property name="env.ANSI_RED" value="\033[31;1m" />
    <property name="java.specification.version" value="11" />
    <property name="env.IRBRC" value="/home/travis/.rvm/rubies/ruby-2.5.3/.irbrc" />
    <property name="env.TRAVIS" value="true" />
    <property name="sun.arch.data.model" value="64" />
  </properties>
  <testcase classname="ptolemy.util.test.junit.TclTests" name="[0] /home/travis/build/icyphy/ptII/ptolemy/actor/lib/test/AbsoluteValue.tcl (RunTclFile)" time="0.614" />
  <testcase classname="ptolemy.util.test.junit.TclTests" name="[1] /home/travis/build/icyphy/ptII/ptolemy/actor/lib/test/AddSubtract.tcl (RunTclFile)" time="0.106" />
  <testcase classname="ptolemy.util.test.junit.TclTests" name="[2] /home/travis/build/icyphy/ptII/ptolemy/actor/lib/test/Average.tcl (RunTclFile)" time="0.033" />
  <testcase classname="ptolemy.util.test.junit.TclTests" name="[3] /home/travis/build/icyphy/ptII/ptolemy/actor/lib/test/Bernoulli.tcl (RunTclFile)" time="0.02" />
  <testcase classname="ptolemy.util.test.junit.TclTests" name="[4] /home/travis/build/icyphy/ptII/ptolemy/actor/lib/test/Clock.tcl (RunTclFile)" time="0.12" />
  <testcase classname="ptolemy.util.test.junit.TclTests" name="[5] /home/travis/build/icyphy/ptII/ptolemy/actor/lib/test/Commutator.tcl (RunTclFile)" time="0.136" />
  <testcase classname="ptolemy.util.test.junit.TclTests" name="[6] /home/travis/build/icyphy/ptII/ptolemy/actor/lib/test/Const.tcl (RunTclFile)" time="0.127" />
  <testcase classname="ptolemy.util.test.junit.TclTests" name="[7] /home/travis/build/icyphy/ptII/ptolemy/actor/lib/test/CurrentTime.tcl (RunTclFile)" time="0.054" />
  <testcase classname="ptolemy.util.test.junit.TclTests" name="[8] /home/travis/build/icyphy/ptII/ptolemy/actor/lib/test/DB.tcl (RunTclFile)" time="0.051" />
  <testcase classname="ptolemy.util.test.junit.TclTests" name="[9] /home/travis/build/icyphy/ptII/ptolemy/actor/lib/test/DiscreteRandomSource.tcl (RunTclFile)" time="0.059" />
  <testcase classname="ptolemy.util.test.junit.TclTests" name="[10] /home/travis/build/icyphy/ptII/ptolemy/actor/lib/test/Distributor.tcl (RunTclFile)" time="0.096" />
  <testcase classname="ptolemy.util.test.junit.TclTests" name="[11] /home/travis/build/icyphy/ptII/ptolemy/actor/lib/test/Exit.tcl (RunTclFile)" time="0.088" />
  <testcase classname="ptolemy.util.test.junit.TclTests" name="[12] /home/travis/build/icyphy/ptII/ptolemy/actor/lib/test/Expression.tcl (RunTclFile)" time="0.127" />
  <testcase classname="ptolemy.util.test.junit.TclTests" name="[13] /home/travis/build/icyphy/ptII/ptolemy/actor/lib/test/Gaussian.tcl (RunTclFile)" time="0.539" />
  <testcase classname="ptolemy.util.test.junit.TclTests" name="[14] /home/travis/build/icyphy/ptII/ptolemy/actor/lib/test/IIR.tcl (RunTclFile)" time="0.038" />
  <testcase classname="ptolemy.util.test.junit.TclTests" name="[15] /home/travis/build/icyphy/ptII/ptolemy/actor/lib/test/Interpolator.tcl (RunTclFile)" time="0.099" />
  <testcase classname="ptolemy.util.test.junit.TclTests" name="[16] /home/travis/build/icyphy/ptII/ptolemy/actor/lib/test/MathFunction.tcl (RunTclFile)" time="0.038" />
  <testcase classname="ptolemy.util.test.junit.TclTests" name="[17] /home/travis/build/icyphy/ptII/ptolemy/actor/lib/test/Maximum.tcl (RunTclFile)" time="0.028" />
  <testcase classname="ptolemy.util.test.junit.TclTests" name="[18] /home/travis/build/icyphy/ptII/ptolemy/actor/lib/test/Minimum.tcl (RunTclFile)" time="0.036" />
  <testcase classname="ptolemy.util.test.junit.TclTests" name="[19] /home/travis/build/icyphy/ptII/ptolemy/actor/lib/test/MultiplyDivide.tcl (RunTclFile)" time="0.056" />
  <testcase classname="ptolemy.util.test.junit.TclTests" name="[20] /home/travis/build/icyphy/ptII/ptolemy/actor/lib/test/OrderedMerge.tcl (RunTclFile)" time="0.133" />
  <testcase classname="ptolemy.util.test.junit.TclTests" name="[21] /home/travis/build/icyphy/ptII/ptolemy/actor/lib/test/Publisher.tcl (RunTclFile)" time="0.881" />
  <testcase classname="ptolemy.util.test.junit.TclTests" name="[22] /home/travis/build/icyphy/ptII/ptolemy/actor/lib/test/Pulse.tcl (RunTclFile)" time="0.071" />
  <testcase classname="ptolemy.util.test.junit.TclTests" name="[23] /home/travis/build/icyphy/ptII/ptolemy/actor/lib/test/Ramp.tcl (RunTclFile)" time="1.895" />
  <testcase classname="ptolemy.util.test.junit.TclTests" name="[24] /home/travis/build/icyphy/ptII/ptolemy/actor/lib/test/RampContinuous.tcl (RunTclFile)" time="0.021" />
  <testcase classname="ptolemy.util.test.junit.TclTests" name="[25] /home/travis/build/icyphy/ptII/ptolemy/actor/lib/test/RecordAssembler.tcl (RunTclFile)" time="0.036" />
  <testcase classname="ptolemy.util.test.junit.TclTests" name="[26] /home/travis/build/icyphy/ptII/ptolemy/actor/lib/test/RecordDisassembler.tcl (RunTclFile)" time="0.041" />
  <testcase classname="ptolemy.util.test.junit.TclTests" name="[27] /home/travis/build/icyphy/ptII/ptolemy/actor/lib/test/Scale.tcl (RunTclFile)" time="0.037" />
  <testcase classname="ptolemy.util.test.junit.TclTests" name="[28] /home/travis/build/icyphy/ptII/ptolemy/actor/lib/test/SequentialClock.tcl (RunTclFile)" time="0.024" />
  <testcase classname="ptolemy.util.test.junit.TclTests" name="[29] /home/travis/build/icyphy/ptII/ptolemy/actor/lib/test/SetVariable.tcl (RunTclFile)" time="0.017" />
  <testcase classname="ptolemy.util.test.junit.TclTests" name="[30] /home/travis/build/icyphy/ptII/ptolemy/actor/lib/test/Sinewave.tcl (RunTclFile)" time="0.045" />
  <testcase classname="ptolemy.util.test.junit.TclTests" name="[31] /home/travis/build/icyphy/ptII/ptolemy/actor/lib/test/SubscriptionAggregator.tcl (RunTclFile)" time="2.149" />
  <testcase classname="ptolemy.util.test.junit.TclTests" name="[32] /home/travis/build/icyphy/ptII/ptolemy/actor/lib/test/Test.tcl (RunTclFile)" time="0.157" />
  <testcase classname="ptolemy.util.test.junit.TclTests" name="[33] /home/travis/build/icyphy/ptII/ptolemy/actor/lib/test/TestExceptionHandler.tcl (RunTclFile)" time="0.016" />
  <testcase classname="ptolemy.util.test.junit.TclTests" name="[34] /home/travis/build/icyphy/ptII/ptolemy/actor/lib/test/UnionDisassembler.tcl (RunTclFile)" time="0.076" />
  <testcase classname="ptolemy.util.test.junit.TclTests" name="[35] /home/travis/build/icyphy/ptII/ptolemy/actor/lib/test/VariableClock.tcl (RunTclFile)" time="0.027" />
  <testcase classname="ptolemy.util.test.junit.AutoKnownFailedTests" name="[0] /home/travis/build/icyphy/ptII/ptolemy/actor/lib/test/auto/knownFailedTests/PublisherPortToplevelSubscriber.xml (RunModel)" time="0.03" />
  <testcase classname="ptolemy.util.test.junit.AutoKnownFailedTests" name="[1] /home/travis/build/icyphy/ptII/ptolemy/actor/lib/test/auto/knownFailedTests/PublisherSubscriberPortToplevel.xml (RunModel)" time="0.018" />
  <testcase classname="ptolemy.util.test.junit.AutoKnownFailedTests" name="[2] /home/travis/build/icyphy/ptII/ptolemy/actor/lib/test/auto/knownFailedTests/PublisherSubscriptionAggregatorPort.xml (RunModel)" time="0.018" />
  <testcase classname="ptolemy.util.test.junit.AutoKnownFailedTests" name="[3] /home/travis/build/icyphy/ptII/ptolemy/actor/lib/test/auto/knownFailedTests/sizedarray3.xml (RunModel)" time="0.023" />
  <testcase classname="ptolemy.util.test.junit.AutoNameArchTests" name="[0] ThereAreNoAutoArchTests (RunModel)" time="0.004" />
  <testcase classname="ptolemy.util.test.junit.AutoTests" name="[0] /home/travis/build/icyphy/ptII/ptolemy/actor/lib/test/auto/AbsoluteValue.xml (RunModel)" time="0.096" />
  <testcase classname="ptolemy.util.test.junit.AutoTests" name="[1] /home/travis/build/icyphy/ptII/ptolemy/actor/lib/test/auto/AbsoluteValue2.xml (RunModel)" time="0.077" />
  <testcase classname="ptolemy.util.test.junit.AutoTests" name="[2] /home/travis/build/icyphy/ptII/ptolemy/actor/lib/test/auto/Accumulator.xml (RunModel)" time="0.059" />
  <testcase classname="ptolemy.util.test.junit.AutoTests" name="[3] /home/travis/build/icyphy/ptII/ptolemy/actor/lib/test/auto/Accumulator2.xml (RunModel)" time="0.117" />
  <testcase classname="ptolemy.util.test.junit.AutoTests" name="[4] /home/travis/build/icyphy/ptII/ptolemy/actor/lib/test/auto/Accumulator3.xml (RunModel)" time="0.024" />
  <testcase classname="ptolemy.util.test.junit.AutoTests" name="[5] /home/travis/build/icyphy/ptII/ptolemy/actor/lib/test/auto/ArrayAppend.xml (RunModel)" time="0.021" />
  <testcase classname="ptolemy.util.test.junit.AutoTests" name="[6] /home/travis/build/icyphy/ptII/ptolemy/actor/lib/test/auto/ArrayAppend2.xml (RunModel)" time="0.302" />
  <testcase classname="ptolemy.util.test.junit.AutoTests" name="[7] /home/travis/build/icyphy/ptII/ptolemy/actor/lib/test/auto/ArrayAppend3.xml (RunModel)" time="0.043" />
  <testcase classname="ptolemy.util.test.junit.AutoTests" name="[8] /home/travis/build/icyphy/ptII/ptolemy/actor/lib/test/auto/ArrayAppend4.xml (RunModel)" time="0.019" />
  <testcase classname="ptolemy.util.test.junit.AutoTests" name="[9] /home/travis/build/icyphy/ptII/ptolemy/actor/lib/test/auto/ArrayAppend5.xml (RunModel)" time="0.018" />
  <testcase classname="ptolemy.util.test.junit.AutoTests" name="[10] /home/travis/build/icyphy/ptII/ptolemy/actor/lib/test/auto/ArrayAppend6.xml (RunModel)" time="0.016" />
  <testcase classname="ptolemy.util.test.junit.AutoTests" name="[11] /home/travis/build/icyphy/ptII/ptolemy/actor/lib/test/auto/ArrayAppendPerformanceTest.xml (RunModel)" time="0.056" />
  <testcase classname="ptolemy.util.test.junit.AutoTests" name="[12] /home/travis/build/icyphy/ptII/ptolemy/actor/lib/test/auto/ArrayAppendWithEmptyInput.xml (RunModel)" time="0.043" />
  <testcase classname="ptolemy.util.test.junit.AutoTests" name="[13] /home/travis/build/icyphy/ptII/ptolemy/actor/lib/test/auto/ArrayAverage.xml (RunModel)" time="0.048" />
  <testcase classname="ptolemy.util.test.junit.AutoTests" name="[14] /home/travis/build/icyphy/ptII/ptolemy/actor/lib/test/auto/ArrayContains.xml (RunModel)" time="0.029" />
  <testcase classname="ptolemy.util.test.junit.AutoTests" name="[15] /home/travis/build/icyphy/ptII/ptolemy/actor/lib/test/auto/ArrayElement.xml (RunModel)" time="0.084" />
  <testcase classname="ptolemy.util.test.junit.AutoTests" name="[16] /home/travis/build/icyphy/ptII/ptolemy/actor/lib/test/auto/ArrayElementAsMatrix.xml (RunModel)" time="0.036" />
  <testcase classname="ptolemy.util.test.junit.AutoTests" name="[17] /home/travis/build/icyphy/ptII/ptolemy/actor/lib/test/auto/ArrayElementI.xml (RunModel)" time="0.014" />
  <testcase classname="ptolemy.util.test.junit.AutoTests" name="[18] /home/travis/build/icyphy/ptII/ptolemy/actor/lib/test/auto/ArrayExtract.xml (RunModel)" time="0.019" />
  <testcase classname="ptolemy.util.test.junit.AutoTests" name="[19] /home/travis/build/icyphy/ptII/ptolemy/actor/lib/test/auto/ArrayExtract2.xml (RunModel)" time="0.013" />
  <testcase classname="ptolemy.util.test.junit.AutoTests" name="[20] /home/travis/build/icyphy/ptII/ptolemy/actor/lib/test/auto/ArrayLength.xml (RunModel)" time="0.012" />
  <testcase classname="ptolemy.util.test.junit.AutoTests" name="[21] /home/travis/build/icyphy/ptII/ptolemy/actor/lib/test/auto/ArrayLevelCrossing.xml (RunModel)" time="0.021" />
  <testcase classname="ptolemy.util.test.junit.AutoTests" name="[22] /home/travis/build/icyphy/ptII/ptolemy/actor/lib/test/auto/ArrayLevelCrossing2.xml (RunModel)" time="0.02" />
  <testcase classname="ptolemy.util.test.junit.AutoTests" name="[23] /home/travis/build/icyphy/ptII/ptolemy/actor/lib/test/auto/ArrayPeakSearch.xml (RunModel)" time="0.039" />
  <testcase classname="ptolemy.util.test.junit.AutoTests" name="[24] /home/travis/build/icyphy/ptII/ptolemy/actor/lib/test/auto/ArrayPeakSearch2.xml (RunModel)" time="0.036" />
  <testcase classname="ptolemy.util.test.junit.AutoTests" name="[25] /home/travis/build/icyphy/ptII/ptolemy/actor/lib/test/auto/ArrayPeakSearch3.xml (RunModel)" time="0.026" />
  <testcase classname="ptolemy.util.test.junit.AutoTests" name="[26] /home/travis/build/icyphy/ptII/ptolemy/actor/lib/test/auto/ArrayRemoveElement.xml (RunModel)" time="0.024" />
  <testcase classname="ptolemy.util.test.junit.AutoTests" name="[27] /home/travis/build/icyphy/ptII/ptolemy/actor/lib/test/auto/ArraySort.xml (RunModel)" time="0.029" />
  <testcase classname="ptolemy.util.test.junit.AutoTests" name="[28] /home/travis/build/icyphy/ptII/ptolemy/actor/lib/test/auto/ArraySum.xml (RunModel)" time="0.018" />
  <testcase classname="ptolemy.util.test.junit.AutoTests" name="[29] /home/travis/build/icyphy/ptII/ptolemy/actor/lib/test/auto/ArrayToElements.xml (RunModel)" time="0.018" />
  <testcase classname="ptolemy.util.test.junit.AutoTests" name="[30] /home/travis/build/icyphy/ptII/ptolemy/actor/lib/test/auto/ArrayToMatrix.xml (RunModel)" time="0.048" />
  <testcase classname="ptolemy.util.test.junit.AutoTests" name="[31] /home/travis/build/icyphy/ptII/ptolemy/actor/lib/test/auto/ArrayUpdate1.xml (RunModel)" time="0.015" />
  <testcase classname="ptolemy.util.test.junit.AutoTests" name="[32] /home/travis/build/icyphy/ptII/ptolemy/actor/lib/test/auto/ArrayUpdate2.xml (RunModel)" time="0.025" />
  <testcase classname="ptolemy.util.test.junit.AutoTests" name="[33] /home/travis/build/icyphy/ptII/ptolemy/actor/lib/test/auto/ArrayUpdate3.xml (RunModel)" time="0.014" />
  <testcase classname="ptolemy.util.test.junit.AutoTests" name="[34] /home/travis/build/icyphy/ptII/ptolemy/actor/lib/test/auto/Assert1.xml (RunModel)" time="0.019" />
  <testcase classname="ptolemy.util.test.junit.AutoTests" name="[35] /home/travis/build/icyphy/ptII/ptolemy/actor/lib/test/auto/Assert2.xml (RunModel)" time="0.009" />
  <testcase classname="ptolemy.util.test.junit.AutoTests" name="[36] /home/travis/build/icyphy/ptII/ptolemy/actor/lib/test/auto/BooleanMultiplexor.xml (RunModel)" time="0.012" />
  <testcase classname="ptolemy.util.test.junit.AutoTests" name="[37] /home/travis/build/icyphy/ptII/ptolemy/actor/lib/test/auto/BooleanMultiplexor2.xml (RunModel)" time="0.014" />
  <testcase classname="ptolemy.util.test.junit.AutoTests" name="[38] /home/travis/build/icyphy/ptII/ptolemy/actor/lib/test/auto/BooleanMultiplexor3.xml (RunModel)" time="0.031" />
  <testcase classname="ptolemy.util.test.junit.AutoTests" name="[39] /home/travis/build/icyphy/ptII/ptolemy/actor/lib/test/auto/BooleanSelect.xml (RunModel)" time="0.019" />
  <testcase classname="ptolemy.util.test.junit.AutoTests" name="[40] /home/travis/build/icyphy/ptII/ptolemy/actor/lib/test/auto/BooleanSelect2.xml (RunModel)" time="0.013" />
  <testcase classname="ptolemy.util.test.junit.AutoTests" name="[41] /home/travis/build/icyphy/ptII/ptolemy/actor/lib/test/auto/BooleanSwitch.xml (RunModel)" time="0.021" />
  <testcase classname="ptolemy.util.test.junit.AutoTests" name="[42] /home/travis/build/icyphy/ptII/ptolemy/actor/lib/test/auto/BooleanSwitch2.xml (RunModel)" time="0.011" />
  <testcase classname="ptolemy.util.test.junit.AutoTests" name="[43] /home/travis/build/icyphy/ptII/ptolemy/actor/lib/test/auto/BooleanSwitchCloningBugWithClassRelationGroup.xml (RunModel)" time="0.03" />
  <testcase classname="ptolemy.util.test.junit.AutoTests" name="[44] /home/travis/build/icyphy/ptII/ptolemy/actor/lib/test/auto/BusActors.xml (RunModel)" time="0.036" />
  <testcase classname="ptolemy.util.test.junit.AutoTests" name="[45] /home/travis/build/icyphy/ptII/ptolemy/actor/lib/test/auto/ClassWrapper.xml (RunModel)" time="0.021" />
  <testcase classname="ptolemy.util.test.junit.AutoTests" name="[46] /home/travis/build/icyphy/ptII/ptolemy/actor/lib/test/auto/Clock.xml (RunModel)" time="0.025" />
  <testcase classname="ptolemy.util.test.junit.AutoTests" name="[47] /home/travis/build/icyphy/ptII/ptolemy/actor/lib/test/auto/Clock10.xml (RunModel)" time="0.029" />
  <testcase classname="ptolemy.util.test.junit.AutoTests" name="[48] /home/travis/build/icyphy/ptII/ptolemy/actor/lib/test/auto/Clock11.xml (RunModel)" time="0.02" />
  <testcase classname="ptolemy.util.test.junit.AutoTests" name="[49] /home/travis/build/icyphy/ptII/ptolemy/actor/lib/test/auto/Clock12.xml (RunModel)" time="0.022" />
  <testcase classname="ptolemy.util.test.junit.AutoTests" name="[50] /home/travis/build/icyphy/ptII/ptolemy/actor/lib/test/auto/Clock13.xml (RunModel)" time="0.016" />
  <testcase classname="ptolemy.util.test.junit.AutoTests" name="[51] /home/travis/build/icyphy/ptII/ptolemy/actor/lib/test/auto/Clock14.xml (RunModel)" time="0.012" />
  <testcase classname="ptolemy.util.test.junit.AutoTests" name="[52] /home/travis/build/icyphy/ptII/ptolemy/actor/lib/test/auto/Clock15.xml (RunModel)" time="0.016" />
  <testcase classname="ptolemy.util.test.junit.AutoTests" name="[53] /home/travis/build/icyphy/ptII/ptolemy/actor/lib/test/auto/Clock16.xml (RunModel)" time="0.112" />
  <testcase classname="ptolemy.util.test.junit.AutoTests" name="[54] /home/travis/build/icyphy/ptII/ptolemy/actor/lib/test/auto/Clock17.xml (RunModel)" time="0.041" />
  <testcase classname="ptolemy.util.test.junit.AutoTests" name="[55] /home/travis/build/icyphy/ptII/ptolemy/actor/lib/test/auto/Clock18.xml (RunModel)" time="0.038" />
  <testcase classname="ptolemy.util.test.junit.AutoTests" name="[56] /home/travis/build/icyphy/ptII/ptolemy/actor/lib/test/auto/Clock19.xml (RunModel)" time="0.034" />
  <testcase classname="ptolemy.util.test.junit.AutoTests" name="[57] /home/travis/build/icyphy/ptII/ptolemy/actor/lib/test/auto/Clock2.xml (RunModel)" time="0.012" />
  <testcase classname="ptolemy.util.test.junit.AutoTests" name="[58] /home/travis/build/icyphy/ptII/ptolemy/actor/lib/test/auto/Clock20.xml (RunModel)" time="0.016" />
  <testcase classname="ptolemy.util.test.junit.AutoTests" name="[59] /home/travis/build/icyphy/ptII/ptolemy/actor/lib/test/auto/Clock21.xml (RunModel)" time="0.014" />
  <testcase classname="ptolemy.util.test.junit.AutoTests" name="[60] /home/travis/build/icyphy/ptII/ptolemy/actor/lib/test/auto/Clock22.xml (RunModel)" time="0.065" />
  <testcase classname="ptolemy.util.test.junit.AutoTests" name="[61] /home/travis/build/icyphy/ptII/ptolemy/actor/lib/test/auto/Clock23.xml (RunModel)" time="0.022" />
  <testcase classname="ptolemy.util.test.junit.AutoTests" name="[62] /home/travis/build/icyphy/ptII/ptolemy/actor/lib/test/auto/Clock24.xml (RunModel)" time="0.013" />
  <testcase classname="ptolemy.util.test.junit.AutoTests" name="[63] /home/travis/build/icyphy/ptII/ptolemy/actor/lib/test/auto/Clock4.xml (RunModel)" time="0.016" />
  <testcase classname="ptolemy.util.test.junit.AutoTests" name="[64] /home/travis/build/icyphy/ptII/ptolemy/actor/lib/test/auto/Clock5.xml (RunModel)" time="0.012" />
  <testcase classname="ptolemy.util.test.junit.AutoTests" name="[65] /home/travis/build/icyphy/ptII/ptolemy/actor/lib/test/auto/Clock6.xml (RunModel)" time="0.01" />
  <testcase classname="ptolemy.util.test.junit.AutoTests" name="[66] /home/travis/build/icyphy/ptII/ptolemy/actor/lib/test/auto/Clock7.xml (RunModel)" time="0.013" />
  <testcase classname="ptolemy.util.test.junit.AutoTests" name="[67] /home/travis/build/icyphy/ptII/ptolemy/actor/lib/test/auto/Clock8.xml (RunModel)" time="0.016" />
  <testcase classname="ptolemy.util.test.junit.AutoTests" name="[68] /home/travis/build/icyphy/ptII/ptolemy/actor/lib/test/auto/Clock9.xml (RunModel)" time="0.016" />
  <testcase classname="ptolemy.util.test.junit.AutoTests" name="[69] /home/travis/build/icyphy/ptII/ptolemy/actor/lib/test/auto/CommDistDiscard.xml (RunModel)" time="0.024" />
  <testcase classname="ptolemy.util.test.junit.AutoTests" name="[70] /home/travis/build/icyphy/ptII/ptolemy/actor/lib/test/auto/Commutator.xml (RunModel)" time="0.015" />
  <testcase classname="ptolemy.util.test.junit.AutoTests" name="[71] /home/travis/build/icyphy/ptII/ptolemy/actor/lib/test/auto/Commutator2.xml (RunModel)" time="0.012" />
  <testcase classname="ptolemy.util.test.junit.AutoTests" name="[72] /home/travis/build/icyphy/ptII/ptolemy/actor/lib/test/auto/Commutator3.xml (RunModel)" time="0.015" />
  <testcase classname="ptolemy.util.test.junit.AutoTests" name="[73] /home/travis/build/icyphy/ptII/ptolemy/actor/lib/test/auto/Compare.xml (RunModel)" time="0.021" />
  <testcase classname="ptolemy.util.test.junit.AutoTests" name="[74] /home/travis/build/icyphy/ptII/ptolemy/actor/lib/test/auto/CompareDE.xml (RunModel)" time="0.022" />
  <testcase classname="ptolemy.util.test.junit.AutoTests" name="[75] /home/travis/build/icyphy/ptII/ptolemy/actor/lib/test/auto/ComplexDivide.xml (RunModel)" time="0.014" />
  <testcase classname="ptolemy.util.test.junit.AutoTests" name="[76] /home/travis/build/icyphy/ptII/ptolemy/actor/lib/test/auto/ComputeHistogram.xml (RunModel)" time="0.077" />
  <testcase classname="ptolemy.util.test.junit.AutoTests" name="[77] /home/travis/build/icyphy/ptII/ptolemy/actor/lib/test/auto/ConfigurationSelect.xml (RunModel)" time="0.022" />
  <testcase classname="ptolemy.util.test.junit.AutoTests" name="[78] /home/travis/build/icyphy/ptII/ptolemy/actor/lib/test/auto/ConfigurationSelect2.xml (RunModel)" time="0.014" />
  <testcase classname="ptolemy.util.test.junit.AutoTests" name="[79] /home/travis/build/icyphy/ptII/ptolemy/actor/lib/test/auto/ConfigurationSwitch.xml (RunModel)" time="0.026" />
  <testcase classname="ptolemy.util.test.junit.AutoTests" name="[80] /home/travis/build/icyphy/ptII/ptolemy/actor/lib/test/auto/ConfigurationSwitch2.xml (RunModel)" time="0.023" />
  <testcase classname="ptolemy.util.test.junit.AutoTests" name="[81] /home/travis/build/icyphy/ptII/ptolemy/actor/lib/test/auto/ConfigurationSwitchCloningBugWithClassRelationGroup.xml (RunModel)" time="0.02" />
  <testcase classname="ptolemy.util.test.junit.AutoTests" name="[82] /home/travis/build/icyphy/ptII/ptolemy/actor/lib/test/auto/ConfigurationSwitchSelectSDF.xml (RunModel)" time="0.016" />
  <testcase classname="ptolemy.util.test.junit.AutoTests" name="[83] /home/travis/build/icyphy/ptII/ptolemy/actor/lib/test/auto/ConfigurationSwitchSelectSDF2.xml (RunModel)" time="0.017" />
  <testcase classname="ptolemy.util.test.junit.AutoTests" name="[84] /home/travis/build/icyphy/ptII/ptolemy/actor/lib/test/auto/Const.xml (RunModel)" time="0.008" />
  <testcase classname="ptolemy.util.test.junit.AutoTests" name="[85] /home/travis/build/icyphy/ptII/ptolemy/actor/lib/test/auto/Const2.xml (RunModel)" time="0.011" />
  <testcase classname="ptolemy.util.test.junit.AutoTests" name="[86] /home/travis/build/icyphy/ptII/ptolemy/actor/lib/test/auto/Const3.xml (RunModel)" time="0.008" />
  <testcase classname="ptolemy.util.test.junit.AutoTests" name="[87] /home/travis/build/icyphy/ptII/ptolemy/actor/lib/test/auto/ConstantPublisherPort1.xml (RunModel)" time="0.033" />
  <testcase classname="ptolemy.util.test.junit.AutoTests" name="[88] /home/travis/build/icyphy/ptII/ptolemy/actor/lib/test/auto/ConstantPublisherPort2.xml (RunModel)" time="0.03" />
  <testcase classname="ptolemy.util.test.junit.AutoTests" name="[89] /home/travis/build/icyphy/ptII/ptolemy/actor/lib/test/auto/ConstantPublisherPort3.xml (RunModel)" time="0.029" />
  <testcase classname="ptolemy.util.test.junit.AutoTests" name="[90] /home/travis/build/icyphy/ptII/ptolemy/actor/lib/test/auto/ConstantPublisherPort4.xml (RunModel)" time="0.026" />
  <testcase classname="ptolemy.util.test.junit.AutoTests" name="[91] /home/travis/build/icyphy/ptII/ptolemy/actor/lib/test/auto/ConstantPublisherPort5.xml (RunModel)" time="0.06" />
  <testcase classname="ptolemy.util.test.junit.AutoTests" name="[92] /home/travis/build/icyphy/ptII/ptolemy/actor/lib/test/auto/ConstantPublisherPort6.xml (RunModel)" time="0.03" />
  <testcase classname="ptolemy.util.test.junit.AutoTests" name="[93] /home/travis/build/icyphy/ptII/ptolemy/actor/lib/test/auto/ConstantPublisherPort7.xml (RunModel)" time="0.035" />
  <testcase classname="ptolemy.util.test.junit.AutoTests" name="[94] /home/travis/build/icyphy/ptII/ptolemy/actor/lib/test/auto/ConstraintMonitor1.xml (RunModel)" time="0.042" />
  <testcase classname="ptolemy.util.test.junit.AutoTests" name="[95] /home/travis/build/icyphy/ptII/ptolemy/actor/lib/test/auto/ConstraintMonitor2.xml (RunModel)" time="0.013" />
  <testcase classname="ptolemy.util.test.junit.AutoTests" name="[96] /home/travis/build/icyphy/ptII/ptolemy/actor/lib/test/auto/ConstraintMonitor3.xml (RunModel)" time="0.018" />
  <testcase classname="ptolemy.util.test.junit.AutoTests" name="[97] /home/travis/build/icyphy/ptII/ptolemy/actor/lib/test/auto/ConstraintMonitor4.xml (RunModel)" time="0.014" />
  <testcase classname="ptolemy.util.test.junit.AutoTests" name="[98] /home/travis/build/icyphy/ptII/ptolemy/actor/lib/test/auto/ConstraintMonitor5.xml (RunModel)" time="0.017" />
  <testcase classname="ptolemy.util.test.junit.AutoTests" name="[99] /home/travis/build/icyphy/ptII/ptolemy/actor/lib/test/auto/ConstraintMonitor6.xml (RunModel)" time="0.016" />
  <testcase classname="ptolemy.util.test.junit.AutoTests" name="[100] /home/travis/build/icyphy/ptII/ptolemy/actor/lib/test/auto/ConstraintMonitor7.xml (RunModel)" time="0.027" />
  <testcase classname="ptolemy.util.test.junit.AutoTests" name="[101] /home/travis/build/icyphy/ptII/ptolemy/actor/lib/test/auto/ConstraintMonitor8.xml (RunModel)" time="0.022" />
  <testcase classname="ptolemy.util.test.junit.AutoTests" name="[102] /home/travis/build/icyphy/ptII/ptolemy/actor/lib/test/auto/Counter.xml (RunModel)" time="0.017" />
  <testcase classname="ptolemy.util.test.junit.AutoTests" name="[103] /home/travis/build/icyphy/ptII/ptolemy/actor/lib/test/auto/CurrentTimeSDF.xml (RunModel)" time="0.01" />
  <testcase classname="ptolemy.util.test.junit.AutoTests" name="[104] /home/travis/build/icyphy/ptII/ptolemy/actor/lib/test/auto/DB.xml (RunModel)" time="0.022" />
  <testcase classname="ptolemy.util.test.junit.AutoTests" name="[105] /home/travis/build/icyphy/ptII/ptolemy/actor/lib/test/auto/DBDE.xml (RunModel)" time="0.029" />
  <testcase classname="ptolemy.util.test.junit.AutoTests" name="[106] /home/travis/build/icyphy/ptII/ptolemy/actor/lib/test/auto/DateConstructor.xml (RunModel)" time="0.079" />
  <testcase classname="ptolemy.util.test.junit.AutoTests" name="[107] /home/travis/build/icyphy/ptII/ptolemy/actor/lib/test/auto/DelayTime.xml (RunModel)" time="0.018" />
  <testcase classname="ptolemy.util.test.junit.AutoTests" name="[108] /home/travis/build/icyphy/ptII/ptolemy/actor/lib/test/auto/Dictionary1.xml (RunModel)" time="0.019" />
  <testcase classname="ptolemy.util.test.junit.AutoTests" name="[109] /home/travis/build/icyphy/ptII/ptolemy/actor/lib/test/auto/Dictionary2.xml (RunModel)" time="0.014" />
  <testcase classname="ptolemy.util.test.junit.AutoTests" name="[110] /home/travis/build/icyphy/ptII/ptolemy/actor/lib/test/auto/Dictionary3.xml (RunModel)" time="0.014" />
  <testcase classname="ptolemy.util.test.junit.AutoTests" name="[111] /home/travis/build/icyphy/ptII/ptolemy/actor/lib/test/auto/Dictionary4.xml (RunModel)" time="0.017" />
  <testcase classname="ptolemy.util.test.junit.AutoTests" name="[112] /home/travis/build/icyphy/ptII/ptolemy/actor/lib/test/auto/Differential.xml (RunModel)" time="0.017" />
  <testcase classname="ptolemy.util.test.junit.AutoTests" name="[113] /home/travis/build/icyphy/ptII/ptolemy/actor/lib/test/auto/Director.xml (RunModel)" time="0.012" />
  <testcase classname="ptolemy.util.test.junit.AutoTests" name="[114] /home/travis/build/icyphy/ptII/ptolemy/actor/lib/test/auto/DiscreteClock.xml (RunModel)" time="0.009" />
  <testcase classname="ptolemy.util.test.junit.AutoTests" name="[115] /home/travis/build/icyphy/ptII/ptolemy/actor/lib/test/auto/DiscreteClock10.xml (RunModel)" time="0.013" />
  <testcase classname="ptolemy.util.test.junit.AutoTests" name="[116] /home/travis/build/icyphy/ptII/ptolemy/actor/lib/test/auto/DiscreteClock11.xml (RunModel)" time="0.011" />
  <testcase classname="ptolemy.util.test.junit.AutoTests" name="[117] /home/travis/build/icyphy/ptII/ptolemy/actor/lib/test/auto/DiscreteClock12.xml (RunModel)" time="0.013" />
  <testcase classname="ptolemy.util.test.junit.AutoTests" name="[118] /home/travis/build/icyphy/ptII/ptolemy/actor/lib/test/auto/DiscreteClock13.xml (RunModel)" time="0.017" />
  <testcase classname="ptolemy.util.test.junit.AutoTests" name="[119] /home/travis/build/icyphy/ptII/ptolemy/actor/lib/test/auto/DiscreteClock14.xml (RunModel)" time="0.015" />
  <testcase classname="ptolemy.util.test.junit.AutoTests" name="[120] /home/travis/build/icyphy/ptII/ptolemy/actor/lib/test/auto/DiscreteClock15.xml (RunModel)" time="0.014" />
  <testcase classname="ptolemy.util.test.junit.AutoTests" name="[121] /home/travis/build/icyphy/ptII/ptolemy/actor/lib/test/auto/DiscreteClock16.xml (RunModel)" time="0.041" />
  <testcase classname="ptolemy.util.test.junit.AutoTests" name="[122] /home/travis/build/icyphy/ptII/ptolemy/actor/lib/test/auto/DiscreteClock17.xml (RunModel)" time="0.038" />
  <testcase classname="ptolemy.util.test.junit.AutoTests" name="[123] /home/travis/build/icyphy/ptII/ptolemy/actor/lib/test/auto/DiscreteClock18.xml (RunModel)" time="0.047" />
  <testcase classname="ptolemy.util.test.junit.AutoTests" name="[124] /home/travis/build/icyphy/ptII/ptolemy/actor/lib/test/auto/DiscreteClock19.xml (RunModel)" time="0.047" />
  <testcase classname="ptolemy.util.test.junit.AutoTests" name="[125] /home/travis/build/icyphy/ptII/ptolemy/actor/lib/test/auto/DiscreteClock2.xml (RunModel)" time="0.01" />
  <testcase classname="ptolemy.util.test.junit.AutoTests" name="[126] /home/travis/build/icyphy/ptII/ptolemy/actor/lib/test/auto/DiscreteClock20.xml (RunModel)" time="0.022" />
  <testcase classname="ptolemy.util.test.junit.AutoTests" name="[127] /home/travis/build/icyphy/ptII/ptolemy/actor/lib/test/auto/DiscreteClock21.xml (RunModel)" time="0.019" />
  <testcase classname="ptolemy.util.test.junit.AutoTests" name="[128] /home/travis/build/icyphy/ptII/ptolemy/actor/lib/test/auto/DiscreteClock22.xml (RunModel)" time="0.014" />
  <testcase classname="ptolemy.util.test.junit.AutoTests" name="[129] /home/travis/build/icyphy/ptII/ptolemy/actor/lib/test/auto/DiscreteClock23.xml (RunModel)" time="0.018" />
  <testcase classname="ptolemy.util.test.junit.AutoTests" name="[130] /home/travis/build/icyphy/ptII/ptolemy/actor/lib/test/auto/DiscreteClock24.xml (RunModel)" time="0.012" />
  <testcase classname="ptolemy.util.test.junit.AutoTests" name="[131] /home/travis/build/icyphy/ptII/ptolemy/actor/lib/test/auto/DiscreteClock4.xml (RunModel)" time="0.014" />
  <testcase classname="ptolemy.util.test.junit.AutoTests" name="[132] /home/travis/build/icyphy/ptII/ptolemy/actor/lib/test/auto/DiscreteClock5.xml (RunModel)" time="0.011" />
  <testcase classname="ptolemy.util.test.junit.AutoTests" name="[133] /home/travis/build/icyphy/ptII/ptolemy/actor/lib/test/auto/DiscreteClock6.xml (RunModel)" time="0.011" />
  <testcase classname="ptolemy.util.test.junit.AutoTests" name="[134] /home/travis/build/icyphy/ptII/ptolemy/actor/lib/test/auto/DiscreteClock7.xml (RunModel)" time="0.01" />
  <testcase classname="ptolemy.util.test.junit.AutoTests" name="[135] /home/travis/build/icyphy/ptII/ptolemy/actor/lib/test/auto/DiscreteClock8.xml (RunModel)" time="0.022" />
  <testcase classname="ptolemy.util.test.junit.AutoTests" name="[136] /home/travis/build/icyphy/ptII/ptolemy/actor/lib/test/auto/DiscreteClock9.xml (RunModel)" time="0.014" />
  <testcase classname="ptolemy.util.test.junit.AutoTests" name="[137] /home/travis/build/icyphy/ptII/ptolemy/actor/lib/test/auto/DisplayArray.xml (RunModel)" time="0.008" />
  <testcase classname="ptolemy.util.test.junit.AutoTests" name="[138] /home/travis/build/icyphy/ptII/ptolemy/actor/lib/test/auto/Distributor.xml (RunModel)" time="0.009" />
  <testcase classname="ptolemy.util.test.junit.AutoTests" name="[139] /home/travis/build/icyphy/ptII/ptolemy/actor/lib/test/auto/Distributor2.xml (RunModel)" time="0.01" />
  <testcase classname="ptolemy.util.test.junit.AutoTests" name="[140] /home/travis/build/icyphy/ptII/ptolemy/actor/lib/test/auto/DownSample.xml (RunModel)" time="0.009" />
  <testcase classname="ptolemy.util.test.junit.AutoTests" name="[141] /home/travis/build/icyphy/ptII/ptolemy/actor/lib/test/auto/ElectronicUnitBase1.xml (RunModel)" time="0.054" />
  <testcase classname="ptolemy.util.test.junit.AutoTests" name="[142] /home/travis/build/icyphy/ptII/ptolemy/actor/lib/test/auto/ElementsToArray.xml (RunModel)" time="0.014" />
  <testcase classname="ptolemy.util.test.junit.AutoTests" name="[143] /home/travis/build/icyphy/ptII/ptolemy/actor/lib/test/auto/Equals.xml (RunModel)" time="0.018" />
  <testcase classname="ptolemy.util.test.junit.AutoTests" name="[144] /home/travis/build/icyphy/ptII/ptolemy/actor/lib/test/auto/Exec.xml (RunModel)" time="0.029" />
  <testcase classname="ptolemy.util.test.junit.AutoTests" name="[145] /home/travis/build/icyphy/ptII/ptolemy/actor/lib/test/auto/ExecEnvironment.xml (RunModel)" time="0.053" />
  <testcase classname="ptolemy.util.test.junit.AutoTests" name="[146] /home/travis/build/icyphy/ptII/ptolemy/actor/lib/test/auto/ExecNonZeroReturnOutput.xml (RunModel)" time="0.195" />
  <testcase classname="ptolemy.util.test.junit.AutoTests" name="[147] /home/travis/build/icyphy/ptII/ptolemy/actor/lib/test/auto/ExecRunDemos.xml (RunModel)" time="10.618" />
  <testcase classname="ptolemy.util.test.junit.AutoTests" name="[148] /home/travis/build/icyphy/ptII/ptolemy/actor/lib/test/auto/ExecStop.xml (RunModel)" time="5.021" />
  <testcase classname="ptolemy.util.test.junit.AutoTests" name="[149] /home/travis/build/icyphy/ptII/ptolemy/actor/lib/test/auto/ExecutionTimeSDF.xml (RunModel)" time="6.037" />
  <testcase classname="ptolemy.util.test.junit.AutoTests" name="[150] /home/travis/build/icyphy/ptII/ptolemy/actor/lib/test/auto/Expression1.xml (RunModel)" time="0.01" />
  <testcase classname="ptolemy.util.test.junit.AutoTests" name="[151] /home/travis/build/icyphy/ptII/ptolemy/actor/lib/test/auto/Expression10.xml (RunModel)" time="0.031" />
  <testcase classname="ptolemy.util.test.junit.AutoTests" name="[152] /home/travis/build/icyphy/ptII/ptolemy/actor/lib/test/auto/Expression11.xml (RunModel)" time="0.012" />
  <testcase classname="ptolemy.util.test.junit.AutoTests" name="[153] /home/travis/build/icyphy/ptII/ptolemy/actor/lib/test/auto/Expression12.xml (RunModel)" time="0.017" />
  <testcase classname="ptolemy.util.test.junit.AutoTests" name="[154] /home/travis/build/icyphy/ptII/ptolemy/actor/lib/test/auto/Expression13.xml (RunModel)" time="0.012" />
  <testcase classname="ptolemy.util.test.junit.AutoTests" name="[155] /home/travis/build/icyphy/ptII/ptolemy/actor/lib/test/auto/Expression14.xml (RunModel)" time="0.015" />
  <testcase classname="ptolemy.util.test.junit.AutoTests" name="[156] /home/travis/build/icyphy/ptII/ptolemy/actor/lib/test/auto/Expression15.xml (RunModel)" time="0.008" />
  <testcase classname="ptolemy.util.test.junit.AutoTests" name="[157] /home/travis/build/icyphy/ptII/ptolemy/actor/lib/test/auto/Expression16.xml (RunModel)" time="0.014" />
  <testcase classname="ptolemy.util.test.junit.AutoTests" name="[158] /home/travis/build/icyphy/ptII/ptolemy/actor/lib/test/auto/Expression17.xml (RunModel)" time="0.011" />
  <testcase classname="ptolemy.util.test.junit.AutoTests" name="[159] /home/travis/build/icyphy/ptII/ptolemy/actor/lib/test/auto/Expression18.xml (RunModel)" time="0.02" />
  <testcase classname="ptolemy.util.test.junit.AutoTests" name="[160] /home/travis/build/icyphy/ptII/ptolemy/actor/lib/test/auto/Expression2.xml (RunModel)" time="0.017" />
  <testcase classname="ptolemy.util.test.junit.AutoTests" name="[161] /home/travis/build/icyphy/ptII/ptolemy/actor/lib/test/auto/Expression3.xml (RunModel)" time="0.013" />
  <testcase classname="ptolemy.util.test.junit.AutoTests" name="[162] /home/travis/build/icyphy/ptII/ptolemy/actor/lib/test/auto/Expression4.xml (RunModel)" time="0.02" />
  <testcase classname="ptolemy.util.test.junit.AutoTests" name="[163] /home/travis/build/icyphy/ptII/ptolemy/actor/lib/test/auto/Expression5.xml (RunModel)" time="0.011" />
  <testcase classname="ptolemy.util.test.junit.AutoTests" name="[164] /home/travis/build/icyphy/ptII/ptolemy/actor/lib/test/auto/Expression6.xml (RunModel)" time="0.008" />
  <testcase classname="ptolemy.util.test.junit.AutoTests" name="[165] /home/travis/build/icyphy/ptII/ptolemy/actor/lib/test/auto/Expression7.xml (RunModel)" time="0.012" />
  <testcase classname="ptolemy.util.test.junit.AutoTests" name="[166] /home/travis/build/icyphy/ptII/ptolemy/actor/lib/test/auto/Expression8.xml (RunModel)" time="0.014" />
  <testcase classname="ptolemy.util.test.junit.AutoTests" name="[167] /home/travis/build/icyphy/ptII/ptolemy/actor/lib/test/auto/Expression9.xml (RunModel)" time="0.007" />
  <testcase classname="ptolemy.util.test.junit.AutoTests" name="[168] /home/travis/build/icyphy/ptII/ptolemy/actor/lib/test/auto/ExpressionConcatenateArrayType.xml (RunModel)" time="0.041" />
  <testcase classname="ptolemy.util.test.junit.AutoTests" name="[169] /home/travis/build/icyphy/ptII/ptolemy/actor/lib/test/auto/ExpressionConcatenateArrayType2.xml (RunModel)" time="0.023" />
  <testcase classname="ptolemy.util.test.junit.AutoTests" name="[170] /home/travis/build/icyphy/ptII/ptolemy/actor/lib/test/auto/ExpressionFix.xml (RunModel)" time="0.043" />
  <testcase classname="ptolemy.util.test.junit.AutoTests" name="[171] /home/travis/build/icyphy/ptII/ptolemy/actor/lib/test/auto/ExpressionFix2.xml (RunModel)" time="0.016" />
  <testcase classname="ptolemy.util.test.junit.AutoTests" name="[172] /home/travis/build/icyphy/ptII/ptolemy/actor/lib/test/auto/ExpressionFix3.xml (RunModel)" time="0.026" />
  <testcase classname="ptolemy.util.test.junit.AutoTests" name="[173] /home/travis/build/icyphy/ptII/ptolemy/actor/lib/test/auto/FileWriter1.xml (RunModel)" time="0.008" />
  <testcase classname="ptolemy.util.test.junit.AutoTests" name="[174] /home/travis/build/icyphy/ptII/ptolemy/actor/lib/test/auto/FileWriter2.xml (RunModel)" time="0.009" />
  <testcase classname="ptolemy.util.test.junit.AutoTests" name="[175] /home/travis/build/icyphy/ptII/ptolemy/actor/lib/test/auto/FileWriter3.xml (RunModel)" time="0.008" />
  <testcase classname="ptolemy.util.test.junit.AutoTests" name="[176] /home/travis/build/icyphy/ptII/ptolemy/actor/lib/test/auto/Gaussian.xml (RunModel)" time="0.017" />
  <testcase classname="ptolemy.util.test.junit.AutoTests" name="[177] /home/travis/build/icyphy/ptII/ptolemy/actor/lib/test/auto/Gaussian1.xml (RunModel)" time="0.017" />
  <testcase classname="ptolemy.util.test.junit.AutoTests" name="[178] /home/travis/build/icyphy/ptII/ptolemy/actor/lib/test/auto/Gaussian2.xml (RunModel)" time="0.017" />
  <testcase classname="ptolemy.util.test.junit.AutoTests" name="[179] /home/travis/build/icyphy/ptII/ptolemy/actor/lib/test/auto/GradientAdaptiveLattice.xml (RunModel)" time="0.015" />
  <testcase classname="ptolemy.util.test.junit.AutoTests" name="[180] /home/travis/build/icyphy/ptII/ptolemy/actor/lib/test/auto/IIR.xml (RunModel)" time="0.014" />
  <testcase classname="ptolemy.util.test.junit.AutoTests" name="[181] /home/travis/build/icyphy/ptII/ptolemy/actor/lib/test/auto/InputOutputTransparentPorts.xml (RunModel)" time="0.019" />
  <testcase classname="ptolemy.util.test.junit.AutoTests" name="[182] /home/travis/build/icyphy/ptII/ptolemy/actor/lib/test/auto/Interpolator.xml (RunModel)" time="0.012" />
  <testcase classname="ptolemy.util.test.junit.AutoTests" name="[183] /home/travis/build/icyphy/ptII/ptolemy/actor/lib/test/auto/InterpolatorFiringLimitDE.xml (RunModel)" time="0.014" />
  <testcase classname="ptolemy.util.test.junit.AutoTests" name="[184] /home/travis/build/icyphy/ptII/ptolemy/actor/lib/test/auto/Lattice.xml (RunModel)" time="0.009" />
  <testcase classname="ptolemy.util.test.junit.AutoTests" name="[185] /home/travis/build/icyphy/ptII/ptolemy/actor/lib/test/auto/LazyAOCTestLazy.xml (RunModel)" time="0.026" />
  <testcase classname="ptolemy.util.test.junit.AutoTests" name="[186] /home/travis/build/icyphy/ptII/ptolemy/actor/lib/test/auto/LazyAOCTestNonLazy.xml (RunModel)" time="0.045" />
  <testcase classname="ptolemy.util.test.junit.AutoTests" name="[187] /home/travis/build/icyphy/ptII/ptolemy/actor/lib/test/auto/LazyInnerClass.xml (RunModel)" time="0.048" />
  <testcase classname="ptolemy.util.test.junit.AutoTests" name="[188] /home/travis/build/icyphy/ptII/ptolemy/actor/lib/test/auto/LazyPubSub.xml (RunModel)" time="0.073" />
  <testcase classname="ptolemy.util.test.junit.AutoTests" name="[189] /home/travis/build/icyphy/ptII/ptolemy/actor/lib/test/auto/LazyPubSub2.xml (RunModel)" time="0.024" />
  <testcase classname="ptolemy.util.test.junit.AutoTests" name="[190] /home/travis/build/icyphy/ptII/ptolemy/actor/lib/test/auto/LazyPubSub3.xml (RunModel)" time="0.062" />
  <testcase classname="ptolemy.util.test.junit.AutoTests" name="[191] /home/travis/build/icyphy/ptII/ptolemy/actor/lib/test/auto/LazySubClassModel.xml (RunModel)" time="0.022" />
  <testcase classname="ptolemy.util.test.junit.AutoTests" name="[192] /home/travis/build/icyphy/ptII/ptolemy/actor/lib/test/auto/LevelCrossTest1.xml (RunModel)" time="0.011" />
  <testcase classname="ptolemy.util.test.junit.AutoTests" name="[193] /home/travis/build/icyphy/ptII/ptolemy/actor/lib/test/auto/LevelCrossTest10.xml (RunModel)" time="0.016" />
  <testcase classname="ptolemy.util.test.junit.AutoTests" name="[194] /home/travis/build/icyphy/ptII/ptolemy/actor/lib/test/auto/LevelCrossTest11.xml (RunModel)" time="0.014" />
  <testcase classname="ptolemy.util.test.junit.AutoTests" name="[195] /home/travis/build/icyphy/ptII/ptolemy/actor/lib/test/auto/LevelCrossTest12.xml (RunModel)" time="0.013" />
  <testcase classname="ptolemy.util.test.junit.AutoTests" name="[196] /home/travis/build/icyphy/ptII/ptolemy/actor/lib/test/auto/LevelCrossTest13.xml (RunModel)" time="0.014" />
  <testcase classname="ptolemy.util.test.junit.AutoTests" name="[197] /home/travis/build/icyphy/ptII/ptolemy/actor/lib/test/auto/LevelCrossTest2.xml (RunModel)" time="0.01" />
  <testcase classname="ptolemy.util.test.junit.AutoTests" name="[198] /home/travis/build/icyphy/ptII/ptolemy/actor/lib/test/auto/LevelCrossTest3.xml (RunModel)" time="0.012" />
  <testcase classname="ptolemy.util.test.junit.AutoTests" name="[199] /home/travis/build/icyphy/ptII/ptolemy/actor/lib/test/auto/LevelCrossTest4.xml (RunModel)" time="0.011" />
  <testcase classname="ptolemy.util.test.junit.AutoTests" name="[200] /home/travis/build/icyphy/ptII/ptolemy/actor/lib/test/auto/LevelCrossTest5.xml (RunModel)" time="0.016" />
  <testcase classname="ptolemy.util.test.junit.AutoTests" name="[201] /home/travis/build/icyphy/ptII/ptolemy/actor/lib/test/auto/LevelCrossTest6.xml (RunModel)" time="0.013" />
  <testcase classname="ptolemy.util.test.junit.AutoTests" name="[202] /home/travis/build/icyphy/ptII/ptolemy/actor/lib/test/auto/LevelCrossTest7.xml (RunModel)" time="0.02" />
  <testcase classname="ptolemy.util.test.junit.AutoTests" name="[203] /home/travis/build/icyphy/ptII/ptolemy/actor/lib/test/auto/LevelCrossTest8.xml (RunModel)" time="0.013" />
  <testcase classname="ptolemy.util.test.junit.AutoTests" name="[204] /home/travis/build/icyphy/ptII/ptolemy/actor/lib/test/auto/LevelCrossTest9.xml (RunModel)" time="0.025" />
  <testcase classname="ptolemy.util.test.junit.AutoTests" name="[205] /home/travis/build/icyphy/ptII/ptolemy/actor/lib/test/auto/LevinsonDurbin.xml (RunModel)" time="0.025" />
  <testcase classname="ptolemy.util.test.junit.AutoTests" name="[206] /home/travis/build/icyphy/ptII/ptolemy/actor/lib/test/auto/LevinsonDurbin2.xml (RunModel)" time="0.009" />
  <testcase classname="ptolemy.util.test.junit.AutoTests" name="[207] /home/travis/build/icyphy/ptII/ptolemy/actor/lib/test/auto/LevinsonDurbin3.xml (RunModel)" time="0.011" />
  <testcase classname="ptolemy.util.test.junit.AutoTests" name="[208] /home/travis/build/icyphy/ptII/ptolemy/actor/lib/test/auto/Limiter.xml (RunModel)" time="0.035" />
  <testcase classname="ptolemy.util.test.junit.AutoTests" name="[209] /home/travis/build/icyphy/ptII/ptolemy/actor/lib/test/auto/LinearDifferenceEquationSystem.xml (RunModel)" time="0.021" />
  <testcase classname="ptolemy.util.test.junit.AutoTests" name="[210] /home/travis/build/icyphy/ptII/ptolemy/actor/lib/test/auto/LookupTable.xml (RunModel)" time="0.009" />
  <testcase classname="ptolemy.util.test.junit.AutoTests" name="[211] /home/travis/build/icyphy/ptII/ptolemy/actor/lib/test/auto/MathFunction.xml (RunModel)" time="0.019" />
  <testcase classname="ptolemy.util.test.junit.AutoTests" name="[212] /home/travis/build/icyphy/ptII/ptolemy/actor/lib/test/auto/MathFunction2.xml (RunModel)" time="0.01" />
  <testcase classname="ptolemy.util.test.junit.AutoTests" name="[213] /home/travis/build/icyphy/ptII/ptolemy/actor/lib/test/auto/MathFunction3.xml (RunModel)" time="0.022" />
  <testcase classname="ptolemy.util.test.junit.AutoTests" name="[214] /home/travis/build/icyphy/ptII/ptolemy/actor/lib/test/auto/MatrixCropBoolean.xml (RunModel)" time="0.015" />
  <testcase classname="ptolemy.util.test.junit.AutoTests" name="[215] /home/travis/build/icyphy/ptII/ptolemy/actor/lib/test/auto/MatrixCropComplex.xml (RunModel)" time="0.013" />
  <testcase classname="ptolemy.util.test.junit.AutoTests" name="[216] /home/travis/build/icyphy/ptII/ptolemy/actor/lib/test/auto/MatrixCropDouble.xml (RunModel)" time="0.012" />
  <testcase classname="ptolemy.util.test.junit.AutoTests" name="[217] /home/travis/build/icyphy/ptII/ptolemy/actor/lib/test/auto/MatrixCropFix.xml (RunModel)" time="0.026" />
  <testcase classname="ptolemy.util.test.junit.AutoTests" name="[218] /home/travis/build/icyphy/ptII/ptolemy/actor/lib/test/auto/MatrixCropInt.xml (RunModel)" time="0.01" />
  <testcase classname="ptolemy.util.test.junit.AutoTests" name="[219] /home/travis/build/icyphy/ptII/ptolemy/actor/lib/test/auto/MatrixCropLong.xml (RunModel)" time="0.008" />
  <testcase classname="ptolemy.util.test.junit.AutoTests" name="[220] /home/travis/build/icyphy/ptII/ptolemy/actor/lib/test/auto/MatrixToArray.xml (RunModel)" time="0.047" />
  <testcase classname="ptolemy.util.test.junit.AutoTests" name="[221] /home/travis/build/icyphy/ptII/ptolemy/actor/lib/test/auto/MaxIndex.xml (RunModel)" time="0.019" />
  <testcase classname="ptolemy.util.test.junit.AutoTests" name="[222] /home/travis/build/icyphy/ptII/ptolemy/actor/lib/test/auto/Maximum.xml (RunModel)" time="0.015" />
  <testcase classname="ptolemy.util.test.junit.AutoTests" name="[223] /home/travis/build/icyphy/ptII/ptolemy/actor/lib/test/auto/MaximumComplex.xml (RunModel)" time="0.012" />
  <testcase classname="ptolemy.util.test.junit.AutoTests" name="[224] /home/travis/build/icyphy/ptII/ptolemy/actor/lib/test/auto/MethodCallTest.xml (RunModel)" time="0.025" />
  <testcase classname="ptolemy.util.test.junit.AutoTests" name="[225] /home/travis/build/icyphy/ptII/ptolemy/actor/lib/test/auto/Minimum.xml (RunModel)" time="0.015" />
  <testcase classname="ptolemy.util.test.junit.AutoTests" name="[226] /home/travis/build/icyphy/ptII/ptolemy/actor/lib/test/auto/MinimumComplex.xml (RunModel)" time="0.025" />
  <testcase classname="ptolemy.util.test.junit.AutoTests" name="[227] /home/travis/build/icyphy/ptII/ptolemy/actor/lib/test/auto/MinimumMultiports.xml (RunModel)" time="0.016" />
  <testcase classname="ptolemy.util.test.junit.AutoTests" name="[228] /home/travis/build/icyphy/ptII/ptolemy/actor/lib/test/auto/ModifyDate.xml (RunModel)" time="0.042" />
  <testcase classname="ptolemy.util.test.junit.AutoTests" name="[229] /home/travis/build/icyphy/ptII/ptolemy/actor/lib/test/auto/ModifyDate2.xml (RunModel)" time="0.03" />
  <testcase classname="ptolemy.util.test.junit.AutoTests" name="[230] /home/travis/build/icyphy/ptII/ptolemy/actor/lib/test/auto/MovingAverage.xml (RunModel)" time="0.013" />
  <testcase classname="ptolemy.util.test.junit.AutoTests" name="[231] /home/travis/build/icyphy/ptII/ptolemy/actor/lib/test/auto/MovingMaximum.xml (RunModel)" time="0.012" />
  <testcase classname="ptolemy.util.test.junit.AutoTests" name="[232] /home/travis/build/icyphy/ptII/ptolemy/actor/lib/test/auto/MultipleLinksToSameRelation.xml (RunModel)" time="0.007" />
  <testcase classname="ptolemy.util.test.junit.AutoTests" name="[233] /home/travis/build/icyphy/ptII/ptolemy/actor/lib/test/auto/MultipleLinksToSameRelationDE.xml (RunModel)" time="0.008" />
  <testcase classname="ptolemy.util.test.junit.AutoTests" name="[234] /home/travis/build/icyphy/ptII/ptolemy/actor/lib/test/auto/Multiplexor.xml (RunModel)" time="0.01" />
  <testcase classname="ptolemy.util.test.junit.AutoTests" name="[235] /home/travis/build/icyphy/ptII/ptolemy/actor/lib/test/auto/Multiplexor1.xml (RunModel)" time="0.01" />
  <testcase classname="ptolemy.util.test.junit.AutoTests" name="[236] /home/travis/build/icyphy/ptII/ptolemy/actor/lib/test/auto/Multiplexor2.xml (RunModel)" time="0.011" />
  <testcase classname="ptolemy.util.test.junit.AutoTests" name="[237] /home/travis/build/icyphy/ptII/ptolemy/actor/lib/test/auto/Multiplexor3.xml (RunModel)" time="0.01" />
  <testcase classname="ptolemy.util.test.junit.AutoTests" name="[238] /home/travis/build/icyphy/ptII/ptolemy/actor/lib/test/auto/MultiplexorDE.xml (RunModel)" time="0.017" />
  <testcase classname="ptolemy.util.test.junit.AutoTests" name="[239] /home/travis/build/icyphy/ptII/ptolemy/actor/lib/test/auto/MultiportBroadcastTest.xml (RunModel)" time="0.145" />
  <testcase classname="ptolemy.util.test.junit.AutoTests" name="[240] /home/travis/build/icyphy/ptII/ptolemy/actor/lib/test/auto/MultiportOutHangDuringGetWidth.xml (RunModel)" time="0.036" />
  <testcase classname="ptolemy.util.test.junit.AutoTests" name="[241] /home/travis/build/icyphy/ptII/ptolemy/actor/lib/test/auto/NilToken.xml (RunModel)" time="0.012" />
  <testcase classname="ptolemy.util.test.junit.AutoTests" name="[242] /home/travis/build/icyphy/ptII/ptolemy/actor/lib/test/auto/NilTokenNonStrictTest.xml (RunModel)" time="0.013" />
  <testcase classname="ptolemy.util.test.junit.AutoTests" name="[243] /home/travis/build/icyphy/ptII/ptolemy/actor/lib/test/auto/NilTokenRecord.xml (RunModel)" time="0.028" />
  <testcase classname="ptolemy.util.test.junit.AutoTests" name="[244] /home/travis/build/icyphy/ptII/ptolemy/actor/lib/test/auto/NilTokenTypeTest.xml (RunModel)" time="0.032" />
  <testcase classname="ptolemy.util.test.junit.AutoTests" name="[245] /home/travis/build/icyphy/ptII/ptolemy/actor/lib/test/auto/ObjectToken1.xml (RunModel)" time="0.009" />
  <testcase classname="ptolemy.util.test.junit.AutoTests" name="[246] /home/travis/build/icyphy/ptII/ptolemy/actor/lib/test/auto/OrderedMerge.xml (RunModel)" time="0.017" />
  <testcase classname="ptolemy.util.test.junit.AutoTests" name="[247] /home/travis/build/icyphy/ptII/ptolemy/actor/lib/test/auto/OrderedRecordDisassembler.xml (RunModel)" time="0.018" />
  <testcase classname="ptolemy.util.test.junit.AutoTests" name="[248] /home/travis/build/icyphy/ptII/ptolemy/actor/lib/test/auto/OrderedRecordDisassembler2.xml (RunModel)" time="0.02" />
  <testcase classname="ptolemy.util.test.junit.AutoTests" name="[249] /home/travis/build/icyphy/ptII/ptolemy/actor/lib/test/auto/OrderedRecordUpdater.xml (RunModel)" time="0.011" />
  <testcase classname="ptolemy.util.test.junit.AutoTests" name="[250] /home/travis/build/icyphy/ptII/ptolemy/actor/lib/test/auto/OrderedRecordUpdater2.xml (RunModel)" time="0.016" />
  <testcase classname="ptolemy.util.test.junit.AutoTests" name="[251] /home/travis/build/icyphy/ptII/ptolemy/actor/lib/test/auto/PhaseUnwrap.xml (RunModel)" time="0.014" />
  <testcase classname="ptolemy.util.test.junit.AutoTests" name="[252] /home/travis/build/icyphy/ptII/ptolemy/actor/lib/test/auto/PoissonClock.xml (RunModel)" time="0.01" />
  <testcase classname="ptolemy.util.test.junit.AutoTests" name="[253] /home/travis/build/icyphy/ptII/ptolemy/actor/lib/test/auto/PoissonClock2.xml (RunModel)" time="0.008" />
  <testcase classname="ptolemy.util.test.junit.AutoTests" name="[254] /home/travis/build/icyphy/ptII/ptolemy/actor/lib/test/auto/PoissonClock3.xml (RunModel)" time="0.022" />
  <testcase classname="ptolemy.util.test.junit.AutoTests" name="[255] /home/travis/build/icyphy/ptII/ptolemy/actor/lib/test/auto/PubSubWithInitialTokens.xml (RunModel)" time="0.016" />
  <testcase classname="ptolemy.util.test.junit.AutoTests" name="[256] /home/travis/build/icyphy/ptII/ptolemy/actor/lib/test/auto/PubSubWithInitialTokens2.xml (RunModel)" time="0.013" />
  <testcase classname="ptolemy.util.test.junit.AutoTests" name="[257] /home/travis/build/icyphy/ptII/ptolemy/actor/lib/test/auto/PublisherClassNoParameter.xml (RunModel)" time="0.022" />
  <testcase classname="ptolemy.util.test.junit.AutoTests" name="[258] /home/travis/build/icyphy/ptII/ptolemy/actor/lib/test/auto/PublisherClassParameter.xml (RunModel)" time="0.017" />
  <testcase classname="ptolemy.util.test.junit.AutoTests" name="[259] /home/travis/build/icyphy/ptII/ptolemy/actor/lib/test/auto/PublisherNonStrictTest.xml (RunModel)" time="0.015" />
  <testcase classname="ptolemy.util.test.junit.AutoTests" name="[260] /home/travis/build/icyphy/ptII/ptolemy/actor/lib/test/auto/PublisherPort1.xml (RunModel)" time="0.013" />
  <testcase classname="ptolemy.util.test.junit.AutoTests" name="[261] /home/travis/build/icyphy/ptII/ptolemy/actor/lib/test/auto/PublisherPort2.xml (RunModel)" time="0.008" />
  <testcase classname="ptolemy.util.test.junit.AutoTests" name="[262] /home/travis/build/icyphy/ptII/ptolemy/actor/lib/test/auto/PublisherPort3.xml (RunModel)" time="0.02" />
  <testcase classname="ptolemy.util.test.junit.AutoTests" name="[263] /home/travis/build/icyphy/ptII/ptolemy/actor/lib/test/auto/PublisherPort4.xml (RunModel)" time="0.023" />
  <testcase classname="ptolemy.util.test.junit.AutoTests" name="[264] /home/travis/build/icyphy/ptII/ptolemy/actor/lib/test/auto/PublisherPort5.xml (RunModel)" time="0.013" />
  <testcase classname="ptolemy.util.test.junit.AutoTests" name="[265] /home/travis/build/icyphy/ptII/ptolemy/actor/lib/test/auto/PublisherPort5LookAlike.xml (RunModel)" time="0.017" />
  <testcase classname="ptolemy.util.test.junit.AutoTests" name="[266] /home/travis/build/icyphy/ptII/ptolemy/actor/lib/test/auto/PublisherPort6.xml (RunModel)" time="0.011" />
  <testcase classname="ptolemy.util.test.junit.AutoTests" name="[267] /home/travis/build/icyphy/ptII/ptolemy/actor/lib/test/auto/PublisherPort7.xml (RunModel)" time="0.016" />
  <testcase classname="ptolemy.util.test.junit.AutoTests" name="[268] /home/travis/build/icyphy/ptII/ptolemy/actor/lib/test/auto/PublisherPort8.xml (RunModel)" time="0.015" />
  <testcase classname="ptolemy.util.test.junit.AutoTests" name="[269] /home/travis/build/icyphy/ptII/ptolemy/actor/lib/test/auto/PublisherPortSubscriberChannelVariablesAOC2.xml (RunModel)" time="0.039" />
  <testcase classname="ptolemy.util.test.junit.AutoTests" name="[270] /home/travis/build/icyphy/ptII/ptolemy/actor/lib/test/auto/PublisherPortSubscriberOpaqueWidthInference.xml (RunModel)" time="0.014" />
  <testcase classname="ptolemy.util.test.junit.AutoTests" name="[271] /home/travis/build/icyphy/ptII/ptolemy/actor/lib/test/auto/PublisherPortSubscriberPortAdjacent.xml (RunModel)" time="0.018" />
  <testcase classname="ptolemy.util.test.junit.AutoTests" name="[272] /home/travis/build/icyphy/ptII/ptolemy/actor/lib/test/auto/PublisherPortSubscriberPortExpression.xml (RunModel)" time="0.015" />
  <testcase classname="ptolemy.util.test.junit.AutoTests" name="[273] /home/travis/build/icyphy/ptII/ptolemy/actor/lib/test/auto/PublisherPortSubscriberPortOpaqueD3Reverse.xml (RunModel)" time="0.02" />
  <testcase classname="ptolemy.util.test.junit.AutoTests" name="[274] /home/travis/build/icyphy/ptII/ptolemy/actor/lib/test/auto/PublisherPortSubscriberPortOpaqueWidthInference.xml (RunModel)" time="0.014" />
  <testcase classname="ptolemy.util.test.junit.AutoTests" name="[275] /home/travis/build/icyphy/ptII/ptolemy/actor/lib/test/auto/PublisherPortToplevelSubscriberPortAOC.xml (RunModel)" time="0.011" />
  <testcase classname="ptolemy.util.test.junit.AutoTests" name="[276] /home/travis/build/icyphy/ptII/ptolemy/actor/lib/test/auto/PublisherSubscriber.xml (RunModel)" time="0.013" />
  <testcase classname="ptolemy.util.test.junit.AutoTests" name="[277] /home/travis/build/icyphy/ptII/ptolemy/actor/lib/test/auto/PublisherSubscriber10.xml (RunModel)" time="0.017" />
  <testcase classname="ptolemy.util.test.junit.AutoTests" name="[278] /home/travis/build/icyphy/ptII/ptolemy/actor/lib/test/auto/PublisherSubscriber10InitialOutputs.xml (RunModel)" time="0.027" />
  <testcase classname="ptolemy.util.test.junit.AutoTests" name="[279] /home/travis/build/icyphy/ptII/ptolemy/actor/lib/test/auto/PublisherSubscriber11.xml (RunModel)" time="0.025" />
  <testcase classname="ptolemy.util.test.junit.AutoTests" name="[280] /home/travis/build/icyphy/ptII/ptolemy/actor/lib/test/auto/PublisherSubscriber12.xml (RunModel)" time="0.013" />
  <testcase classname="ptolemy.util.test.junit.AutoTests" name="[281] /home/travis/build/icyphy/ptII/ptolemy/actor/lib/test/auto/PublisherSubscriber13.xml (RunModel)" time="0.01" />
  <testcase classname="ptolemy.util.test.junit.AutoTests" name="[282] /home/travis/build/icyphy/ptII/ptolemy/actor/lib/test/auto/PublisherSubscriber14.xml (RunModel)" time="0.018" />
  <testcase classname="ptolemy.util.test.junit.AutoTests" name="[283] /home/travis/build/icyphy/ptII/ptolemy/actor/lib/test/auto/PublisherSubscriber2.xml (RunModel)" time="0.011" />
  <testcase classname="ptolemy.util.test.junit.AutoTests" name="[284] /home/travis/build/icyphy/ptII/ptolemy/actor/lib/test/auto/PublisherSubscriber3.xml (RunModel)" time="0.009" />
  <testcase classname="ptolemy.util.test.junit.AutoTests" name="[285] /home/travis/build/icyphy/ptII/ptolemy/actor/lib/test/auto/PublisherSubscriber4.xml (RunModel)" time="0.012" />
  <testcase classname="ptolemy.util.test.junit.AutoTests" name="[286] /home/travis/build/icyphy/ptII/ptolemy/actor/lib/test/auto/PublisherSubscriber5.xml (RunModel)" time="0.011" />
  <testcase classname="ptolemy.util.test.junit.AutoTests" name="[287] /home/travis/build/icyphy/ptII/ptolemy/actor/lib/test/auto/PublisherSubscriber6.xml (RunModel)" time="0.012" />
  <testcase classname="ptolemy.util.test.junit.AutoTests" name="[288] /home/travis/build/icyphy/ptII/ptolemy/actor/lib/test/auto/PublisherSubscriber7.xml (RunModel)" time="0.01" />
  <testcase classname="ptolemy.util.test.junit.AutoTests" name="[289] /home/travis/build/icyphy/ptII/ptolemy/actor/lib/test/auto/PublisherSubscriber8.xml (RunModel)" time="0.03" />
  <testcase classname="ptolemy.util.test.junit.AutoTests" name="[290] /home/travis/build/icyphy/ptII/ptolemy/actor/lib/test/auto/PublisherSubscriber9.xml (RunModel)" time="0.014" />
  <testcase classname="ptolemy.util.test.junit.AutoTests" name="[291] /home/travis/build/icyphy/ptII/ptolemy/actor/lib/test/auto/PublisherSubscriberAdjacent.xml (RunModel)" time="0.014" />
  <testcase classname="ptolemy.util.test.junit.AutoTests" name="[292] /home/travis/build/icyphy/ptII/ptolemy/actor/lib/test/auto/PublisherSubscriberChannelVariablesAOC2.xml (RunModel)" time="0.025" />
  <testcase classname="ptolemy.util.test.junit.AutoTests" name="[293] /home/travis/build/icyphy/ptII/ptolemy/actor/lib/test/auto/PublisherSubscriberD3.xml (RunModel)" time="0.014" />
  <testcase classname="ptolemy.util.test.junit.AutoTests" name="[294] /home/travis/build/icyphy/ptII/ptolemy/actor/lib/test/auto/PublisherSubscriberD3Reverse.xml (RunModel)" time="0.011" />
  <testcase classname="ptolemy.util.test.junit.AutoTests" name="[295] /home/travis/build/icyphy/ptII/ptolemy/actor/lib/test/auto/PublisherSubscriberExpression.xml (RunModel)" time="0.017" />
  <testcase classname="ptolemy.util.test.junit.AutoTests" name="[296] /home/travis/build/icyphy/ptII/ptolemy/actor/lib/test/auto/PublisherSubscriberOpaque.xml (RunModel)" time="0.023" />
  <testcase classname="ptolemy.util.test.junit.AutoTests" name="[297] /home/travis/build/icyphy/ptII/ptolemy/actor/lib/test/auto/PublisherSubscriberOpaqueD3.xml (RunModel)" time="0.02" />
  <testcase classname="ptolemy.util.test.junit.AutoTests" name="[298] /home/travis/build/icyphy/ptII/ptolemy/actor/lib/test/auto/PublisherSubscriberOpaqueD3Reverse.xml (RunModel)" time="0.02" />
  <testcase classname="ptolemy.util.test.junit.AutoTests" name="[299] /home/travis/build/icyphy/ptII/ptolemy/actor/lib/test/auto/PublisherSubscriberOpaqueWidthInference.xml (RunModel)" time="0.015" />
  <testcase classname="ptolemy.util.test.junit.AutoTests" name="[300] /home/travis/build/icyphy/ptII/ptolemy/actor/lib/test/auto/PublisherTestSubscriber.xml (RunModel)" time="0.014" />
  <testcase classname="ptolemy.util.test.junit.AutoTests" name="[301] /home/travis/build/icyphy/ptII/ptolemy/actor/lib/test/auto/PublisherToplevelSubscriberPortAOC.xml (RunModel)" time="0.009" />
  <testcase classname="ptolemy.util.test.junit.AutoTests" name="[302] /home/travis/build/icyphy/ptII/ptolemy/actor/lib/test/auto/PulseFiringLimitDE.xml (RunModel)" time="0.012" />
  <testcase classname="ptolemy.util.test.junit.AutoTests" name="[303] /home/travis/build/icyphy/ptII/ptolemy/actor/lib/test/auto/Ramp1.xml (RunModel)" time="0.006" />
  <testcase classname="ptolemy.util.test.junit.AutoTests" name="[304] /home/travis/build/icyphy/ptII/ptolemy/actor/lib/test/auto/RampFiringLimitDE.xml (RunModel)" time="0.013" />
  <testcase classname="ptolemy.util.test.junit.AutoTests" name="[305] /home/travis/build/icyphy/ptII/ptolemy/actor/lib/test/auto/RampFiringLimitSDF.xml (RunModel)" time="0.007" />
  <testcase classname="ptolemy.util.test.junit.AutoTests" name="[306] /home/travis/build/icyphy/ptII/ptolemy/actor/lib/test/auto/RandomInteger.xml (RunModel)" time="0.007" />
  <testcase classname="ptolemy.util.test.junit.AutoTests" name="[307] /home/travis/build/icyphy/ptII/ptolemy/actor/lib/test/auto/ReadFile1.xml (RunModel)" time="0.006" />
  <testcase classname="ptolemy.util.test.junit.AutoTests" name="[308] /home/travis/build/icyphy/ptII/ptolemy/actor/lib/test/auto/ReadFile2.xml (RunModel)" time="0.008" />
  <testcase classname="ptolemy.util.test.junit.AutoTests" name="[309] /home/travis/build/icyphy/ptII/ptolemy/actor/lib/test/auto/Reader.xml (RunModel)" time="0.008" />
  <testcase classname="ptolemy.util.test.junit.AutoTests" name="[310] /home/travis/build/icyphy/ptII/ptolemy/actor/lib/test/auto/RecordAssemblerDisplayNameTest.xml (RunModel)" time="3.372" />
  <testcase classname="ptolemy.util.test.junit.AutoTests" name="[311] /home/travis/build/icyphy/ptII/ptolemy/actor/lib/test/auto/RecordAssemblerTypeError.xml (RunModel)" time="0.04" />
  <testcase classname="ptolemy.util.test.junit.AutoTests" name="[312] /home/travis/build/icyphy/ptII/ptolemy/actor/lib/test/auto/RecordDisassember.xml (RunModel)" time="0.011" />
  <testcase classname="ptolemy.util.test.junit.AutoTests" name="[313] /home/travis/build/icyphy/ptII/ptolemy/actor/lib/test/auto/RecordDisassemberDisplayNameTest.xml (RunModel)" time="0.018" />
  <testcase classname="ptolemy.util.test.junit.AutoTests" name="[314] /home/travis/build/icyphy/ptII/ptolemy/actor/lib/test/auto/RecordDisassembler.xml (RunModel)" time="0.011" />
  <testcase classname="ptolemy.util.test.junit.AutoTests" name="[315] /home/travis/build/icyphy/ptII/ptolemy/actor/lib/test/auto/RecordDisassembler2.xml (RunModel)" time="0.01" />
  <testcase classname="ptolemy.util.test.junit.AutoTests" name="[316] /home/travis/build/icyphy/ptII/ptolemy/actor/lib/test/auto/RecordUpdater.xml (RunModel)" time="0.008" />
  <testcase classname="ptolemy.util.test.junit.AutoTests" name="[317] /home/travis/build/icyphy/ptII/ptolemy/actor/lib/test/auto/RecordUpdater2.xml (RunModel)" time="0.009" />
  <testcase classname="ptolemy.util.test.junit.AutoTests" name="[318] /home/travis/build/icyphy/ptII/ptolemy/actor/lib/test/auto/RecursiveLattice.xml (RunModel)" time="0.007" />
  <testcase classname="ptolemy.util.test.junit.AutoTests" name="[319] /home/travis/build/icyphy/ptII/ptolemy/actor/lib/test/auto/Router.xml (RunModel)" time="3.023" />
  <testcase classname="ptolemy.util.test.junit.AutoTests" name="[320] /home/travis/build/icyphy/ptII/ptolemy/actor/lib/test/auto/Router2.xml (RunModel)" time="3.034" />
  <testcase classname="ptolemy.util.test.junit.AutoTests" name="[321] /home/travis/build/icyphy/ptII/ptolemy/actor/lib/test/auto/RunningMaximum.xml (RunModel)" time="0.02" />
  <testcase classname="ptolemy.util.test.junit.AutoTests" name="[322] /home/travis/build/icyphy/ptII/ptolemy/actor/lib/test/auto/RunningMinimum.xml (RunModel)" time="0.016" />
  <testcase classname="ptolemy.util.test.junit.AutoTests" name="[323] /home/travis/build/icyphy/ptII/ptolemy/actor/lib/test/auto/Scale.xml (RunModel)" time="0.007" />
  <testcase classname="ptolemy.util.test.junit.AutoTests" name="[324] /home/travis/build/icyphy/ptII/ptolemy/actor/lib/test/auto/Scale2.xml (RunModel)" time="0.008" />
  <testcase classname="ptolemy.util.test.junit.AutoTests" name="[325] /home/travis/build/icyphy/ptII/ptolemy/actor/lib/test/auto/Scale3.xml (RunModel)" time="0.013" />
  <testcase classname="ptolemy.util.test.junit.AutoTests" name="[326] /home/travis/build/icyphy/ptII/ptolemy/actor/lib/test/auto/ScaleArray.xml (RunModel)" time="0.007" />
  <testcase classname="ptolemy.util.test.junit.AutoTests" name="[327] /home/travis/build/icyphy/ptII/ptolemy/actor/lib/test/auto/ScaleArray2.xml (RunModel)" time="0.007" />
  <testcase classname="ptolemy.util.test.junit.AutoTests" name="[328] /home/travis/build/icyphy/ptII/ptolemy/actor/lib/test/auto/ScaleMatrix.xml (RunModel)" time="0.111" />
  <testcase classname="ptolemy.util.test.junit.AutoTests" name="[329] /home/travis/build/icyphy/ptII/ptolemy/actor/lib/test/auto/Select.xml (RunModel)" time="0.013" />
  <testcase classname="ptolemy.util.test.junit.AutoTests" name="[330] /home/travis/build/icyphy/ptII/ptolemy/actor/lib/test/auto/Select2.xml (RunModel)" time="0.009" />
  <testcase classname="ptolemy.util.test.junit.AutoTests" name="[331] /home/travis/build/icyphy/ptII/ptolemy/actor/lib/test/auto/SequenceToArray2.xml (RunModel)" time="0.129" />
  <testcase classname="ptolemy.util.test.junit.AutoTests" name="[332] /home/travis/build/icyphy/ptII/ptolemy/actor/lib/test/auto/SequentialClock.xml (RunModel)" time="0.013" />
  <testcase classname="ptolemy.util.test.junit.AutoTests" name="[333] /home/travis/build/icyphy/ptII/ptolemy/actor/lib/test/auto/SetVariable.xml (RunModel)" time="0.012" />
  <testcase classname="ptolemy.util.test.junit.AutoTests" name="[334] /home/travis/build/icyphy/ptII/ptolemy/actor/lib/test/auto/SetVariable2.xml (RunModel)" time="0.008" />
  <testcase classname="ptolemy.util.test.junit.AutoTests" name="[335] /home/travis/build/icyphy/ptII/ptolemy/actor/lib/test/auto/SetVariable3.xml (RunModel)" time="0.013" />
  <testcase classname="ptolemy.util.test.junit.AutoTests" name="[336] /home/travis/build/icyphy/ptII/ptolemy/actor/lib/test/auto/SetVariable4.xml (RunModel)" time="0.024" />
  <testcase classname="ptolemy.util.test.junit.AutoTests" name="[337] /home/travis/build/icyphy/ptII/ptolemy/actor/lib/test/auto/SetVariable5.xml (RunModel)" time="0.034" />
  <testcase classname="ptolemy.util.test.junit.AutoTests" name="[338] /home/travis/build/icyphy/ptII/ptolemy/actor/lib/test/auto/Sinewave.xml (RunModel)" time="0.031" />
  <testcase classname="ptolemy.util.test.junit.AutoTests" name="[339] /home/travis/build/icyphy/ptII/ptolemy/actor/lib/test/auto/Sinewave2.xml (RunModel)" time="0.019" />
  <testcase classname="ptolemy.util.test.junit.AutoTests" name="[340] /home/travis/build/icyphy/ptII/ptolemy/actor/lib/test/auto/Sinewave3.xml (RunModel)" time="0.058" />
  <testcase classname="ptolemy.util.test.junit.AutoTests" name="[341] /home/travis/build/icyphy/ptII/ptolemy/actor/lib/test/auto/SingleEvent.xml (RunModel)" time="0.007" />
  <testcase classname="ptolemy.util.test.junit.AutoTests" name="[342] /home/travis/build/icyphy/ptII/ptolemy/actor/lib/test/auto/Sleep.xml (RunModel)" time="6.018" />
  <testcase classname="ptolemy.util.test.junit.AutoTests" name="[343] /home/travis/build/icyphy/ptII/ptolemy/actor/lib/test/auto/SleepMultipleFire.xml (RunModel)" time="1.032" />
  <testcase classname="ptolemy.util.test.junit.AutoTests" name="[344] /home/travis/build/icyphy/ptII/ptolemy/actor/lib/test/auto/StopDE.xml (RunModel)" time="0.014" />
  <testcase classname="ptolemy.util.test.junit.AutoTests" name="[345] /home/travis/build/icyphy/ptII/ptolemy/actor/lib/test/auto/StopSDF.xml (RunModel)" time="0.01" />
  <testcase classname="ptolemy.util.test.junit.AutoTests" name="[346] /home/travis/build/icyphy/ptII/ptolemy/actor/lib/test/auto/StringConstant.xml (RunModel)" time="0.015" />
  <testcase classname="ptolemy.util.test.junit.AutoTests" name="[347] /home/travis/build/icyphy/ptII/ptolemy/actor/lib/test/auto/SubscriberPortInitialValues1.xml (RunModel)" time="0.024" />
  <testcase classname="ptolemy.util.test.junit.AutoTests" name="[348] /home/travis/build/icyphy/ptII/ptolemy/actor/lib/test/auto/SubscriberPortInitialValues13.xml (RunModel)" time="0.023" />
  <testcase classname="ptolemy.util.test.junit.AutoTests" name="[349] /home/travis/build/icyphy/ptII/ptolemy/actor/lib/test/auto/SubscriberPortInitialValues14.xml (RunModel)" time="0.013" />
  <testcase classname="ptolemy.util.test.junit.AutoTests" name="[350] /home/travis/build/icyphy/ptII/ptolemy/actor/lib/test/auto/SubscriberPortInitialValues2.xml (RunModel)" time="0.018" />
  <testcase classname="ptolemy.util.test.junit.AutoTests" name="[351] /home/travis/build/icyphy/ptII/ptolemy/actor/lib/test/auto/SubscriberPortInitialValues3.xml (RunModel)" time="0.021" />
  <testcase classname="ptolemy.util.test.junit.AutoTests" name="[352] /home/travis/build/icyphy/ptII/ptolemy/actor/lib/test/auto/SubscriptionAggregator.xml (RunModel)" time="0.012" />
  <testcase classname="ptolemy.util.test.junit.AutoTests" name="[353] /home/travis/build/icyphy/ptII/ptolemy/actor/lib/test/auto/SubscriptionAggregator2.xml (RunModel)" time="0.009" />
  <testcase classname="ptolemy.util.test.junit.AutoTests" name="[354] /home/travis/build/icyphy/ptII/ptolemy/actor/lib/test/auto/SubscriptionAggregator3.xml (RunModel)" time="0.014" />
  <testcase classname="ptolemy.util.test.junit.AutoTests" name="[355] /home/travis/build/icyphy/ptII/ptolemy/actor/lib/test/auto/SubscriptionAggregatorMultiply.xml (RunModel)" time="0.02" />
  <testcase classname="ptolemy.util.test.junit.AutoTests" name="[356] /home/travis/build/icyphy/ptII/ptolemy/actor/lib/test/auto/SubscriptionAggregatorPortMultiply1.xml (RunModel)" time="0.016" />
  <testcase classname="ptolemy.util.test.junit.AutoTests" name="[357] /home/travis/build/icyphy/ptII/ptolemy/actor/lib/test/auto/Switch.xml (RunModel)" time="0.015" />
  <testcase classname="ptolemy.util.test.junit.AutoTests" name="[358] /home/travis/build/icyphy/ptII/ptolemy/actor/lib/test/auto/Switch2.xml (RunModel)" time="0.013" />
  <testcase classname="ptolemy.util.test.junit.AutoTests" name="[359] /home/travis/build/icyphy/ptII/ptolemy/actor/lib/test/auto/SwitchDE.xml (RunModel)" time="0.011" />
  <testcase classname="ptolemy.util.test.junit.AutoTests" name="[360] /home/travis/build/icyphy/ptII/ptolemy/actor/lib/test/auto/SynchronizerDE.xml (RunModel)" time="0.022" />
  <testcase classname="ptolemy.util.test.junit.AutoTests" name="[361] /home/travis/build/icyphy/ptII/ptolemy/actor/lib/test/auto/Test.xml (RunModel)" time="0.008" />
  <testcase classname="ptolemy.util.test.junit.AutoTests" name="[362] /home/travis/build/icyphy/ptII/ptolemy/actor/lib/test/auto/TestExceptionAttribute1.xml (RunModel)" time="0.006" />
  <testcase classname="ptolemy.util.test.junit.AutoTests" name="[363] /home/travis/build/icyphy/ptII/ptolemy/actor/lib/test/auto/TestExceptionAttribute2.xml (RunModel)" time="0.009" />
  <testcase classname="ptolemy.util.test.junit.AutoTests" name="[364] /home/travis/build/icyphy/ptII/ptolemy/actor/lib/test/auto/TestExceptionAttribute3.xml (RunModel)" time="0.01" />
  <testcase classname="ptolemy.util.test.junit.AutoTests" name="[365] /home/travis/build/icyphy/ptII/ptolemy/actor/lib/test/auto/TestExceptionAttribute4.xml (RunModel)" time="0.007" />
  <testcase classname="ptolemy.util.test.junit.AutoTests" name="[366] /home/travis/build/icyphy/ptII/ptolemy/actor/lib/test/auto/TestExceptionHandler1.xml (RunModel)" time="0.006" />
  <testcase classname="ptolemy.util.test.junit.AutoTests" name="[367] /home/travis/build/icyphy/ptII/ptolemy/actor/lib/test/auto/TestExceptionHandler2.xml (RunModel)" time="0.012" />
  <testcase classname="ptolemy.util.test.junit.AutoTests" name="[368] /home/travis/build/icyphy/ptII/ptolemy/actor/lib/test/auto/TestExceptionHandler3.xml (RunModel)" time="0.005" />
  <testcase classname="ptolemy.util.test.junit.AutoTests" name="[369] /home/travis/build/icyphy/ptII/ptolemy/actor/lib/test/auto/TestExceptionHandler4.xml (RunModel)" time="0.005" />
  <testcase classname="ptolemy.util.test.junit.AutoTests" name="[370] /home/travis/build/icyphy/ptII/ptolemy/actor/lib/test/auto/TestRequireCorrectOrder.xml (RunModel)" time="0.012" />
  <testcase classname="ptolemy.util.test.junit.AutoTests" name="[371] /home/travis/build/icyphy/ptII/ptolemy/actor/lib/test/auto/TestSimple.xml (RunModel)" time="0.006" />
  <testcase classname="ptolemy.util.test.junit.AutoTests" name="[372] /home/travis/build/icyphy/ptII/ptolemy/actor/lib/test/auto/ThrowModelError.xml (RunModel)" time="0.01" />
  <testcase classname="ptolemy.util.test.junit.AutoTests" name="[373] /home/travis/build/icyphy/ptII/ptolemy/actor/lib/test/auto/TimeDelayMicrosteps.xml (RunModel)" time="0.011" />
  <testcase classname="ptolemy.util.test.junit.AutoTests" name="[374] /home/travis/build/icyphy/ptII/ptolemy/actor/lib/test/auto/TimeDelayMicrosteps2.xml (RunModel)" time="0.017" />
  <testcase classname="ptolemy.util.test.junit.AutoTests" name="[375] /home/travis/build/icyphy/ptII/ptolemy/actor/lib/test/auto/TimeDelayMicrosteps3.xml (RunModel)" time="0.011" />
  <testcase classname="ptolemy.util.test.junit.AutoTests" name="[376] /home/travis/build/icyphy/ptII/ptolemy/actor/lib/test/auto/TimeDelayVariableMicrosteps.xml (RunModel)" time="0.014" />
  <testcase classname="ptolemy.util.test.junit.AutoTests" name="[377] /home/travis/build/icyphy/ptII/ptolemy/actor/lib/test/auto/TimeGap.xml (RunModel)" time="0.033" />
  <testcase classname="ptolemy.util.test.junit.AutoTests" name="[378] /home/travis/build/icyphy/ptII/ptolemy/actor/lib/test/auto/TimeGap2.xml (RunModel)" time="0.015" />
  <testcase classname="ptolemy.util.test.junit.AutoTests" name="[379] /home/travis/build/icyphy/ptII/ptolemy/actor/lib/test/auto/TimedSinewave.xml (RunModel)" time="0.051" />
  <testcase classname="ptolemy.util.test.junit.AutoTests" name="[380] /home/travis/build/icyphy/ptII/ptolemy/actor/lib/test/auto/TimedSinewavePhase.xml (RunModel)" time="0.04" />
  <testcase classname="ptolemy.util.test.junit.AutoTests" name="[381] /home/travis/build/icyphy/ptII/ptolemy/actor/lib/test/auto/Timer.xml (RunModel)" time="0.023" />
  <testcase classname="ptolemy.util.test.junit.AutoTests" name="[382] /home/travis/build/icyphy/ptII/ptolemy/actor/lib/test/auto/TriangularDistTestModel.xml (RunModel)" time="0.016" />
  <testcase classname="ptolemy.util.test.junit.AutoTests" name="[383] /home/travis/build/icyphy/ptII/ptolemy/actor/lib/test/auto/TrigFunction.xml (RunModel)" time="0.008" />
  <testcase classname="ptolemy.util.test.junit.AutoTests" name="[384] /home/travis/build/icyphy/ptII/ptolemy/actor/lib/test/auto/TrigFunctionDE.xml (RunModel)" time="0.01" />
  <testcase classname="ptolemy.util.test.junit.AutoTests" name="[385] /home/travis/build/icyphy/ptII/ptolemy/actor/lib/test/auto/TrigFunctionInverse.xml (RunModel)" time="0.008" />
  <testcase classname="ptolemy.util.test.junit.AutoTests" name="[386] /home/travis/build/icyphy/ptII/ptolemy/actor/lib/test/auto/TrigFunctionTan.xml (RunModel)" time="0.007" />
  <testcase classname="ptolemy.util.test.junit.AutoTests" name="[387] /home/travis/build/icyphy/ptII/ptolemy/actor/lib/test/auto/TriggeredClock.xml (RunModel)" time="0.007" />
  <testcase classname="ptolemy.util.test.junit.AutoTests" name="[388] /home/travis/build/icyphy/ptII/ptolemy/actor/lib/test/auto/URLDirectoryReader.xml (RunModel)" time="0.098" />
  <testcase classname="ptolemy.util.test.junit.AutoTests" name="[389] /home/travis/build/icyphy/ptII/ptolemy/actor/lib/test/auto/URLDirectoryReader3.xml (RunModel)" time="1.354" />
  <testcase classname="ptolemy.util.test.junit.AutoTests" name="[390] /home/travis/build/icyphy/ptII/ptolemy/actor/lib/test/auto/UnaryMathFunction.xml (RunModel)" time="0.022" />
  <testcase classname="ptolemy.util.test.junit.AutoTests" name="[391] /home/travis/build/icyphy/ptII/ptolemy/actor/lib/test/auto/Uniform.xml (RunModel)" time="0.018" />
  <testcase classname="ptolemy.util.test.junit.AutoTests" name="[392] /home/travis/build/icyphy/ptII/ptolemy/actor/lib/test/auto/UnionDisassemblerTest.xml (RunModel)" time="0.008" />
  <testcase classname="ptolemy.util.test.junit.AutoTests" name="[393] /home/travis/build/icyphy/ptII/ptolemy/actor/lib/test/auto/UtilityFunctions.xml (RunModel)" time="0.007" />
  <testcase classname="ptolemy.util.test.junit.AutoTests" name="[394] /home/travis/build/icyphy/ptII/ptolemy/actor/lib/test/auto/VariableSleep.xml (RunModel)" time="0.51" />
  <testcase classname="ptolemy.util.test.junit.AutoTests" name="[395] /home/travis/build/icyphy/ptII/ptolemy/actor/lib/test/auto/VectorAssemblerDisassemblerCT.xml (RunModel)" time="0.102" />
  <testcase classname="ptolemy.util.test.junit.AutoTests" name="[396] /home/travis/build/icyphy/ptII/ptolemy/actor/lib/test/auto/VectorAssemblerDisassemblerDE.xml (RunModel)" time="0.022" />
  <testcase classname="ptolemy.util.test.junit.AutoTests" name="[397] /home/travis/build/icyphy/ptII/ptolemy/actor/lib/test/auto/VectorAssemblerDisassemblerSDF.xml (RunModel)" time="0.019" />
  <testcase classname="ptolemy.util.test.junit.AutoTests" name="[398] /home/travis/build/icyphy/ptII/ptolemy/actor/lib/test/auto/WallClockTime.xml (RunModel)" time="1.011" />
  <testcase classname="ptolemy.util.test.junit.AutoTests" name="[399] /home/travis/build/icyphy/ptII/ptolemy/actor/lib/test/auto/WidthTestWithSubscriberPublisher.xml (RunModel)" time="0.038" />
  <testcase classname="ptolemy.util.test.junit.AutoTests" name="[400] /home/travis/build/icyphy/ptII/ptolemy/actor/lib/test/auto/WidthTestWithSubscriberPublisher2.xml (RunModel)" time="0.014" />
  <testcase classname="ptolemy.util.test.junit.AutoTests" name="[401] /home/travis/build/icyphy/ptII/ptolemy/actor/lib/test/auto/WidthTestWithSubscriberPublisher3.xml (RunModel)" time="0.012" />
  <testcase classname="ptolemy.util.test.junit.AutoTests" name="[402] /home/travis/build/icyphy/ptII/ptolemy/actor/lib/test/auto/Writer.xml (RunModel)" time="0.007" />
  <testcase classname="ptolemy.util.test.junit.AutoTests" name="[403] /home/travis/build/icyphy/ptII/ptolemy/actor/lib/test/auto/array.xml (RunModel)" time="0.008" />
  <testcase classname="ptolemy.util.test.junit.AutoTests" name="[404] /home/travis/build/icyphy/ptII/ptolemy/actor/lib/test/auto/array2.xml (RunModel)" time="0.012" />
  <testcase classname="ptolemy.util.test.junit.AutoTests" name="[405] /home/travis/build/icyphy/ptII/ptolemy/actor/lib/test/auto/arrayType.xml (RunModel)" time="0.009" />
  <testcase classname="ptolemy.util.test.junit.AutoTests" name="[406] /home/travis/build/icyphy/ptII/ptolemy/actor/lib/test/auto/arrayType10.xml (RunModel)" time="0.008" />
  <testcase classname="ptolemy.util.test.junit.AutoTests" name="[407] /home/travis/build/icyphy/ptII/ptolemy/actor/lib/test/auto/arrayType11.xml (RunModel)" time="0.008" />
  <testcase classname="ptolemy.util.test.junit.AutoTests" name="[408] /home/travis/build/icyphy/ptII/ptolemy/actor/lib/test/auto/arrayType12.xml (RunModel)" time="0.008" />
  <testcase classname="ptolemy.util.test.junit.AutoTests" name="[409] /home/travis/build/icyphy/ptII/ptolemy/actor/lib/test/auto/arrayType13.xml (RunModel)" time="0.009" />
  <testcase classname="ptolemy.util.test.junit.AutoTests" name="[410] /home/travis/build/icyphy/ptII/ptolemy/actor/lib/test/auto/arrayType14.xml (RunModel)" time="0.008" />
  <testcase classname="ptolemy.util.test.junit.AutoTests" name="[411] /home/travis/build/icyphy/ptII/ptolemy/actor/lib/test/auto/arrayType15.xml (RunModel)" time="0.009" />
  <testcase classname="ptolemy.util.test.junit.AutoTests" name="[412] /home/travis/build/icyphy/ptII/ptolemy/actor/lib/test/auto/arrayType16.xml (RunModel)" time="0.008" />
  <testcase classname="ptolemy.util.test.junit.AutoTests" name="[413] /home/travis/build/icyphy/ptII/ptolemy/actor/lib/test/auto/arrayType17.xml (RunModel)" time="0.016" />
  <testcase classname="ptolemy.util.test.junit.AutoTests" name="[414] /home/travis/build/icyphy/ptII/ptolemy/actor/lib/test/auto/arrayType18.xml (RunModel)" time="0.007" />
  <testcase classname="ptolemy.util.test.junit.AutoTests" name="[415] /home/travis/build/icyphy/ptII/ptolemy/actor/lib/test/auto/arrayType19.xml (RunModel)" time="0.009" />
  <testcase classname="ptolemy.util.test.junit.AutoTests" name="[416] /home/travis/build/icyphy/ptII/ptolemy/actor/lib/test/auto/arrayType2.xml (RunModel)" time="0.009" />
  <testcase classname="ptolemy.util.test.junit.AutoTests" name="[417] /home/travis/build/icyphy/ptII/ptolemy/actor/lib/test/auto/arrayType20.xml (RunModel)" time="0.009" />
  <testcase classname="ptolemy.util.test.junit.AutoTests" name="[418] /home/travis/build/icyphy/ptII/ptolemy/actor/lib/test/auto/arrayType21.xml (RunModel)" time="0.008" />
  <testcase classname="ptolemy.util.test.junit.AutoTests" name="[419] /home/travis/build/icyphy/ptII/ptolemy/actor/lib/test/auto/arrayType22.xml (RunModel)" time="0.008" />
  <testcase classname="ptolemy.util.test.junit.AutoTests" name="[420] /home/travis/build/icyphy/ptII/ptolemy/actor/lib/test/auto/arrayType23.xml (RunModel)" time="0.007" />
  <testcase classname="ptolemy.util.test.junit.AutoTests" name="[421] /home/travis/build/icyphy/ptII/ptolemy/actor/lib/test/auto/arrayType24.xml (RunModel)" time="0.009" />
  <testcase classname="ptolemy.util.test.junit.AutoTests" name="[422] /home/travis/build/icyphy/ptII/ptolemy/actor/lib/test/auto/arrayType25.xml (RunModel)" time="0.008" />
  <testcase classname="ptolemy.util.test.junit.AutoTests" name="[423] /home/travis/build/icyphy/ptII/ptolemy/actor/lib/test/auto/arrayType26.xml (RunModel)" time="0.008" />
  <testcase classname="ptolemy.util.test.junit.AutoTests" name="[424] /home/travis/build/icyphy/ptII/ptolemy/actor/lib/test/auto/arrayType27.xml (RunModel)" time="0.007" />
  <testcase classname="ptolemy.util.test.junit.AutoTests" name="[425] /home/travis/build/icyphy/ptII/ptolemy/actor/lib/test/auto/arrayType28.xml (RunModel)" time="0.008" />
  <testcase classname="ptolemy.util.test.junit.AutoTests" name="[426] /home/travis/build/icyphy/ptII/ptolemy/actor/lib/test/auto/arrayType3.xml (RunModel)" time="0.013" />
  <testcase classname="ptolemy.util.test.junit.AutoTests" name="[427] /home/travis/build/icyphy/ptII/ptolemy/actor/lib/test/auto/arrayType4.xml (RunModel)" time="0.008" />
  <testcase classname="ptolemy.util.test.junit.AutoTests" name="[428] /home/travis/build/icyphy/ptII/ptolemy/actor/lib/test/auto/arrayType5.xml (RunModel)" time="0.018" />
  <testcase classname="ptolemy.util.test.junit.AutoTests" name="[429] /home/travis/build/icyphy/ptII/ptolemy/actor/lib/test/auto/arrayType6.xml (RunModel)" time="0.008" />
  <testcase classname="ptolemy.util.test.junit.AutoTests" name="[430] /home/travis/build/icyphy/ptII/ptolemy/actor/lib/test/auto/arrayType7.xml (RunModel)" time="0.008" />
  <testcase classname="ptolemy.util.test.junit.AutoTests" name="[431] /home/travis/build/icyphy/ptII/ptolemy/actor/lib/test/auto/arrayType8.xml (RunModel)" time="0.01" />
  <testcase classname="ptolemy.util.test.junit.AutoTests" name="[432] /home/travis/build/icyphy/ptII/ptolemy/actor/lib/test/auto/arrayType9.xml (RunModel)" time="0.008" />
  <testcase classname="ptolemy.util.test.junit.AutoTests" name="[433] /home/travis/build/icyphy/ptII/ptolemy/actor/lib/test/auto/cast.xml (RunModel)" time="0.008" />
  <testcase classname="ptolemy.util.test.junit.AutoTests" name="[434] /home/travis/build/icyphy/ptII/ptolemy/actor/lib/test/auto/compositeMultiPort.xml (RunModel)" time="0.018" />
  <testcase classname="ptolemy.util.test.junit.AutoTests" name="[435] /home/travis/build/icyphy/ptII/ptolemy/actor/lib/test/auto/expressionCastInference.xml (RunModel)" time="0.008" />
  <testcase classname="ptolemy.util.test.junit.AutoTests" name="[436] /home/travis/build/icyphy/ptII/ptolemy/actor/lib/test/auto/expressionCastInference2.xml (RunModel)" time="0.008" />
  <testcase classname="ptolemy.util.test.junit.AutoTests" name="[437] /home/travis/build/icyphy/ptII/ptolemy/actor/lib/test/auto/expressionInference.xml (RunModel)" time="0.006" />
  <testcase classname="ptolemy.util.test.junit.AutoTests" name="[438] /home/travis/build/icyphy/ptII/ptolemy/actor/lib/test/auto/expression_bug.xml (RunModel)" time="0.006" />
  <testcase classname="ptolemy.util.test.junit.AutoTests" name="[439] /home/travis/build/icyphy/ptII/ptolemy/actor/lib/test/auto/factorial.xml (RunModel)" time="0.051" />
  <testcase classname="ptolemy.util.test.junit.AutoTests" name="[440] /home/travis/build/icyphy/ptII/ptolemy/actor/lib/test/auto/filterTest1.xml (RunModel)" time="0.015" />
  <testcase classname="ptolemy.util.test.junit.AutoTests" name="[441] /home/travis/build/icyphy/ptII/ptolemy/actor/lib/test/auto/funcApplyInConst.xml (RunModel)" time="0.005" />
  <testcase classname="ptolemy.util.test.junit.AutoTests" name="[442] /home/travis/build/icyphy/ptII/ptolemy/actor/lib/test/auto/funcApplyInExpr.xml (RunModel)" time="0.005" />
  <testcase classname="ptolemy.util.test.junit.AutoTests" name="[443] /home/travis/build/icyphy/ptII/ptolemy/actor/lib/test/auto/function.xml (RunModel)" time="0.01" />
  <testcase classname="ptolemy.util.test.junit.AutoTests" name="[444] /home/travis/build/icyphy/ptII/ptolemy/actor/lib/test/auto/function2.xml (RunModel)" time="0.008" />
  <testcase classname="ptolemy.util.test.junit.AutoTests" name="[445] /home/travis/build/icyphy/ptII/ptolemy/actor/lib/test/auto/function3.xml (RunModel)" time="0.006" />
  <testcase classname="ptolemy.util.test.junit.AutoTests" name="[446] /home/travis/build/icyphy/ptII/ptolemy/actor/lib/test/auto/functionClosureTest1.xml (RunModel)" time="0.032" />
  <testcase classname="ptolemy.util.test.junit.AutoTests" name="[447] /home/travis/build/icyphy/ptII/ptolemy/actor/lib/test/auto/functionClosureTest2.xml (RunModel)" time="0.032" />
  <testcase classname="ptolemy.util.test.junit.AutoTests" name="[448] /home/travis/build/icyphy/ptII/ptolemy/actor/lib/test/auto/functionClosureTest3.xml (RunModel)" time="0.032" />
  <testcase classname="ptolemy.util.test.junit.AutoTests" name="[449] /home/travis/build/icyphy/ptII/ptolemy/actor/lib/test/auto/functionClosureTest4.xml (RunModel)" time="0.055" />
  <testcase classname="ptolemy.util.test.junit.AutoTests" name="[450] /home/travis/build/icyphy/ptII/ptolemy/actor/lib/test/auto/functionClosureTest5.xml (RunModel)" time="0.033" />
  <testcase classname="ptolemy.util.test.junit.AutoTests" name="[451] /home/travis/build/icyphy/ptII/ptolemy/actor/lib/test/auto/functionClosureTest6.xml (RunModel)" time="0.037" />
  <testcase classname="ptolemy.util.test.junit.AutoTests" name="[452] /home/travis/build/icyphy/ptII/ptolemy/actor/lib/test/auto/functionsOnArcs.xml (RunModel)" time="0.018" />
  <testcase classname="ptolemy.util.test.junit.AutoTests" name="[453] /home/travis/build/icyphy/ptII/ptolemy/actor/lib/test/auto/functionsOnArcsHOF.xml (RunModel)" time="0.013" />
  <testcase classname="ptolemy.util.test.junit.AutoTests" name="[454] /home/travis/build/icyphy/ptII/ptolemy/actor/lib/test/auto/logic.xml (RunModel)" time="0.014" />
  <testcase classname="ptolemy.util.test.junit.AutoTests" name="[455] /home/travis/build/icyphy/ptII/ptolemy/actor/lib/test/auto/matrixType.xml (RunModel)" time="0.007" />
  <testcase classname="ptolemy.util.test.junit.AutoTests" name="[456] /home/travis/build/icyphy/ptII/ptolemy/actor/lib/test/auto/matrixType10.xml (RunModel)" time="0.008" />
  <testcase classname="ptolemy.util.test.junit.AutoTests" name="[457] /home/travis/build/icyphy/ptII/ptolemy/actor/lib/test/auto/matrixType11.xml (RunModel)" time="0.006" />
  <testcase classname="ptolemy.util.test.junit.AutoTests" name="[458] /home/travis/build/icyphy/ptII/ptolemy/actor/lib/test/auto/matrixType12.xml (RunModel)" time="0.009" />
  <testcase classname="ptolemy.util.test.junit.AutoTests" name="[459] /home/travis/build/icyphy/ptII/ptolemy/actor/lib/test/auto/matrixType13.xml (RunModel)" time="0.008" />
  <testcase classname="ptolemy.util.test.junit.AutoTests" name="[460] /home/travis/build/icyphy/ptII/ptolemy/actor/lib/test/auto/matrixType14.xml (RunModel)" time="0.007" />
  <testcase classname="ptolemy.util.test.junit.AutoTests" name="[461] /home/travis/build/icyphy/ptII/ptolemy/actor/lib/test/auto/matrixType2.xml (RunModel)" time="0.007" />
  <testcase classname="ptolemy.util.test.junit.AutoTests" name="[462] /home/travis/build/icyphy/ptII/ptolemy/actor/lib/test/auto/matrixType3.xml (RunModel)" time="0.009" />
  <testcase classname="ptolemy.util.test.junit.AutoTests" name="[463] /home/travis/build/icyphy/ptII/ptolemy/actor/lib/test/auto/matrixType4.xml (RunModel)" time="0.006" />
  <testcase classname="ptolemy.util.test.junit.AutoTests" name="[464] /home/travis/build/icyphy/ptII/ptolemy/actor/lib/test/auto/matrixType5.xml (RunModel)" time="0.007" />
  <testcase classname="ptolemy.util.test.junit.AutoTests" name="[465] /home/travis/build/icyphy/ptII/ptolemy/actor/lib/test/auto/matrixType6.xml (RunModel)" time="0.007" />
  <testcase classname="ptolemy.util.test.junit.AutoTests" name="[466] /home/travis/build/icyphy/ptII/ptolemy/actor/lib/test/auto/matrixType7.xml (RunModel)" time="0.007" />
  <testcase classname="ptolemy.util.test.junit.AutoTests" name="[467] /home/travis/build/icyphy/ptII/ptolemy/actor/lib/test/auto/matrixType8.xml (RunModel)" time="0.007" />
  <testcase classname="ptolemy.util.test.junit.AutoTests" name="[468] /home/travis/build/icyphy/ptII/ptolemy/actor/lib/test/auto/matrixType9.xml (RunModel)" time="0.007" />
  <testcase classname="ptolemy.util.test.junit.AutoTests" name="[469] /home/travis/build/icyphy/ptII/ptolemy/actor/lib/test/auto/paraFunctest.xml (RunModel)" time="0.006" />
  <testcase classname="ptolemy.util.test.junit.AutoTests" name="[470] /home/travis/build/icyphy/ptII/ptolemy/actor/lib/test/auto/paraFunctest2.xml (RunModel)" time="0.006" />
  <testcase classname="ptolemy.util.test.junit.AutoTests" name="[471] /home/travis/build/icyphy/ptII/ptolemy/actor/lib/test/auto/parameterPassing.xml (RunModel)" time="0.01" />
  <testcase classname="ptolemy.util.test.junit.AutoTests" name="[472] /home/travis/build/icyphy/ptII/ptolemy/actor/lib/test/auto/record.xml (RunModel)" time="0.009" />
  <testcase classname="ptolemy.util.test.junit.AutoTests" name="[473] /home/travis/build/icyphy/ptII/ptolemy/actor/lib/test/auto/sizedarray1.xml (RunModel)" time="0.008" />
  <testcase classname="ptolemy.util.test.junit.AutoTests" name="[474] /home/travis/build/icyphy/ptII/ptolemy/actor/lib/test/auto/sizedarray2.xml (RunModel)" time="0.008" />
  <testcase classname="ptolemy.util.test.junit.AutoTests" name="[475] /home/travis/build/icyphy/ptII/ptolemy/actor/lib/test/auto/twoPublishers.xml (RunModel)" time="0.019" />
  <system-out><![CDATA[/home/travis/build/icyphy/ptII/ptolemy/actor/lib/test/AbsoluteValue.tcl
testDefs.tcl: setting time out to 9000 seconds at Wed Jan 08 07:02:29 UTC 2020
106 ms. Memory: 129024K Free: 93128K (72%)
4 ms. Memory: 129024K Free: 91590K (71%)
5 ms. Memory: 129024K Free: 90551K (70%)
5 ms. Memory: 129024K Free: 90056K (70%)
/home/travis/build/icyphy/ptII/ptolemy/actor/lib/test/AddSubtract.tcl
9 ms. Memory: 129024K Free: 88008K (68%)
6 ms. Memory: 129024K Free: 87487K (68%)
5 ms. Memory: 129024K Free: 86470K (67%)
7 ms. Memory: 129024K Free: 85446K (66%)
46 ms. Memory: 129024K Free: 82888K (64%)
5 ms. Memory: 129024K Free: 81864K (63%)
/home/travis/build/icyphy/ptII/ptolemy/actor/lib/test/Average.tcl
7 ms. Memory: 129024K Free: 80326K (62%)
6 ms. Memory: 129024K Free: 79287K (61%)
/home/travis/build/icyphy/ptII/ptolemy/actor/lib/test/Bernoulli.tcl
6 ms. Memory: 129024K Free: 77768K (60%)
2 ms. Memory: 129024K Free: 77254K (60%)
/home/travis/build/icyphy/ptII/ptolemy/actor/lib/test/Clock.tcl
preinitializing
resolving types
initializing
executing number 1
wrapping up
idle
37 ms. Memory: 129024K Free: 74696K (58%)
Completed execution with 5 iterations
preinitializing
resolving types
initializing
executing number 1
wrapping up
idle
12 ms. Memory: 129024K Free: 73672K (57%)
Completed execution with 5 iterations
preinitializing
resolving types
initializing
executing number 1
wrapping up
idle
8 ms. Memory: 129024K Free: 73151K (57%)
Completed execution with 5 iterations
/home/travis/build/icyphy/ptII/ptolemy/actor/lib/test/Commutator.tcl
15 ms. Memory: 129024K Free: 71095K (55%)
13 ms. Memory: 129024K Free: 70086K (54%)
8 ms. Memory: 129024K Free: 64456K (50%)
/home/travis/build/icyphy/ptII/ptolemy/actor/lib/test/Const.tcl
3 ms. Memory: 129024K Free: 62887K (49%)
1 ms. Memory: 129024K Free: 62408K (48%)
3 ms. Memory: 129024K Free: 61894K (48%)
8 ms. Memory: 129024K Free: 61384K (48%)
2 ms. Memory: 129024K Free: 60360K (47%)
18 ms. Memory: 129024K Free: 58822K (46%)
5 ms. Memory: 129024K Free: 57798K (45%)
4 ms. Memory: 129024K Free: 57288K (44%)
/home/travis/build/icyphy/ptII/ptolemy/actor/lib/test/CurrentTime.tcl
preinitializing
resolving types
initializing
executing number 1
wrapping up
idle
12 ms. Memory: 129024K Free: 55240K (43%)
Completed execution with 11 iterations
/home/travis/build/icyphy/ptII/ptolemy/actor/lib/test/DB.tcl
10 ms. Memory: 129024K Free: 53192K (41%)
10 ms. Memory: 129024K Free: 52663K (41%)
4 ms. Memory: 129024K Free: 52663K (41%)
/home/travis/build/icyphy/ptII/ptolemy/actor/lib/test/DiscreteRandomSource.tcl
preinitializing
resolving types
initializing
executing number 1
wrapping up
idle
12 ms. Memory: 129024K Free: 51144K (40%)
Completed execution with 4 iterations
preinitializing
resolving types
initializing
executing number 1
wrapping up
idle
6 ms. Memory: 129024K Free: 50615K (39%)
Completed execution with 4 iterations
preinitializing
resolving types
initializing
executing number 1
wrapping up
idle
5 ms. Memory: 129024K Free: 50120K (39%)
Completed execution with 4 iterations
preinitializing
resolving types
initializing
executing number 1
wrapping up
idle
3 ms. Memory: 129024K Free: 49599K (38%)
Completed execution with 4 iterations
preinitializing
resolving types
initializing
executing number 1
wrapping up
idle
3 ms. Memory: 129024K Free: 49096K (38%)
Completed execution with 4 iterations
/home/travis/build/icyphy/ptII/ptolemy/actor/lib/test/Distributor.tcl
40 ms. Memory: 129024K Free: 114133K (88%)
7 ms. Memory: 129024K Free: 113250K (88%)
StreamChangeRequest.changeExecuted(): <deleteEntity name="rec2"/> succeeded
StreamChangeRequest.changeExecuted(): <deleteRelation name="r2"/> succeeded
StreamChangeRequest.changeExecuted(): Record firings per iteration succeeded
10 ms. Memory: 129024K Free: 110764K (86%)
/home/travis/build/icyphy/ptII/ptolemy/actor/lib/test/Exit.tcl
Exit.tcl: this will print a message about Manager.exitAfterWrapup, which can be ignored.
9 ms. Memory: 129024K Free: 108099K (84%)
/home/travis/build/icyphy/ptII/ptolemy/actor/lib/test/Expression.tcl
30 ms. Memory: 129024K Free: 104673K (81%)
8 ms. Memory: 129024K Free: 104033K (81%)
8 ms. Memory: 129024K Free: 103395K (80%)
preinitializing
resolving types
initializing
executing number 1
wrapping up
idle
5 ms. Memory: 129024K Free: 101586K (79%)
Completed execution with 6 iterations
13 ms. Memory: 129024K Free: 100947K (78%)
2 ms. Memory: 129024K Free: 100323K (78%)
14 ms. Memory: 129024K Free: 98913K (77%)
6 ms. Memory: 129024K Free: 97492K (76%)
6 ms. Memory: 129024K Free: 96444K (75%)
/home/travis/build/icyphy/ptII/ptolemy/actor/lib/test/Gaussian.tcl
8 ms. Memory: 129024K Free: 112025K (87%)
sleeping 1 seconds: .........................................................................................................................................................................................................................................................................................................................................................................................................................................................................................................................................................................................................................................................................................................................................................................................................................................................................................................................................................................................................................................................................................................................................................................................................................................................................................................................................................................................................................................................................................................................................................................................................................................................................................................................................................................................................................................................................................................................................................................................................................................................................................................................................................................................................................................................................................................................................................................................................................................................................................................................................................................................................................................................................................................................................................................................................................................................................................................................................................................................................................................................................................................................................................................................................................................................................................................................................................................................................................................................................................................................................................................................................................................................................................................................................................................................................................................................................................................................................................................................................................................................................................................................................................................................................................................................................................................................................................................................................................................................................................................................................................................................................................................................................................................................................................................................................................................................................................................................................................................................................................................................................................................................................................................................................................................................................................................................................................................................................................................................................................................................................................................................................................................................................................................................................................................................................................................................................................................................................................................................................................................................................................................................................................................................................................................................................................................................................................................................................................................................................................................................................................................................................................................................................................................................................................................................................................................................................................................................................................................................................................................................................................................................................................................................................................................................................................................................................................................................................................................................................................................................................................................................................................................................................................................................................................................................................................................................................................................................................................................................................................................................................................................................................................................................................................................................................................................................................................................................................................................................................................................................................................................................................................................................................................................................................................................................................................................................................................................................................................................................................................................................................................................................................................................................................................................................................................................................................................................................................................................................................................................................................................................................................................................................................................................................................................................................................................................................................................................................................................................................................................................................................................................................................................................................................................................................................................................................................................................................................................................................................................................................................................................................................................................................................................................................................................................................................................................................................................................................................................................................................................................................................................................................................................................................................................................................................................................................................................................................................................................................................................................................................................................................................................................................................................................................................................................................................................................................................................................................................................................................................................................................................................................................................................................................................................................................................................................................................................................................................................................................................................................................................................................................................................................................................................................................................................................................................................................................................................................................................................................................................................................................................................................................................................................................................................................................................................................................................................................................................................................................................................................................................................................................................................................................................................................................................................................................................................................................................................................................................................................................................................................................................................................................................................................................................................................................................................................................................................................................................................................................................................................................................................................................................................................................................................................................................................................................................................................................................................................................................................................................................................................................................................................................................................................................................................................................................................................................................................................................................................................................................................................................................................................................................................................................................................................................................................................................................................................................................................................................................................................................................................................................................................................................................................................................................................................................................................................................................................................................................................................................................................................................................................................................................................................................................................................................................................................................................................................................................................................................................................................................................................................................................................................................................................................................................................................................................................................................................................................................................................................................................................................................................................................................................................................................................................................................................................................................................................................................................................................................................................................................................................................................................................................................................................................................................................................................................................................................................................................................................................................................................................................................................................................................................................................................................................................................................................................................................................................................................................................................................................................................................................................................................................................................................................................................................................................................................................................................................................................................................................................................................................................................................................................................................................................................................................................................................................................................................................................................................................................................................................................................................................................................................................................................................................................................................................................................................................................................................................................................................................................................................................................................................................................................................................................................................................................................................................................................................................................................................................................................................................................................................................................................................................................................................................................................................................................................................................................................................................................................................................................................................................................................................................................................................................................................................................................................................................................................................................................................................................................................................................................................................................................................................................................................................................................................................................................................................................................................................................................................................................................................................................................................................................................................................................................................................................................................................................................................................................................................................................................................................................................................................................................................................................................................................................................................................................................................................................................................................................................................................................................................................................................................................................................................................................................................................................................................................................................................................................................................................................................................................................................................................................................................................................................................................................................................................................................................................................................................................................................................................................................................................................................................................................................................................................................................................................................................................................................................................................................................................................................................................................................................................................................................................................................................................................................................................................................................................................................................................................................................................................................................................................2 ms. Memory: 129024K Free: 86684K (67%)
2 ms. Memory: 129024K Free: 86188K (67%)
2 ms. Memory: 129024K Free: 85674K (66%)
2 ms. Memory: 129024K Free: 85164K (66%)
3 ms. Memory: 129024K Free: 84140K (65%)
/home/travis/build/icyphy/ptII/ptolemy/actor/lib/test/IIR.tcl
/home/travis/build/icyphy/ptII/ptolemy/actor/lib/test/Interpolator.tcl
5 ms. Memory: 129024K Free: 80540K (62%)
2 ms. Memory: 129024K Free: 80044K (62%)
3 ms. Memory: 129024K Free: 79530K (62%)
3 ms. Memory: 129024K Free: 78506K (61%)
11 ms. Memory: 129024K Free: 77996K (60%)
2 ms. Memory: 129024K Free: 76972K (60%)
2 ms. Memory: 129024K Free: 75948K (59%)
2 ms. Memory: 129024K Free: 75434K (58%)
2 ms. Memory: 129024K Free: 74404K (58%)
2 ms. Memory: 129024K Free: 73386K (57%)
/home/travis/build/icyphy/ptII/ptolemy/actor/lib/test/MathFunction.tcl
4 ms. Memory: 129024K Free: 71338K (55%)
2 ms. Memory: 129024K Free: 70314K (54%)
2 ms. Memory: 129024K Free: 69276K (54%)
2 ms. Memory: 129024K Free: 68236K (53%)
3 ms. Memory: 129024K Free: 67228K (52%)
5 ms. Memory: 129024K Free: 65194K (51%)
/home/travis/build/icyphy/ptII/ptolemy/actor/lib/test/Maximum.tcl
4 ms. Memory: 129024K Free: 63146K (49%)
2 ms. Memory: 129024K Free: 62636K (49%)
2 ms. Memory: 129024K Free: 62116K (48%)
5 ms. Memory: 129024K Free: 61098K (47%)
/home/travis/build/icyphy/ptII/ptolemy/actor/lib/test/Minimum.tcl
7 ms. Memory: 129024K Free: 59564K (46%)
5 ms. Memory: 129024K Free: 59036K (46%)
4 ms. Memory: 129024K Free: 58540K (45%)
2 ms. Memory: 129024K Free: 57516K (45%)
/home/travis/build/icyphy/ptII/ptolemy/actor/lib/test/MultiplyDivide.tcl
12 ms. Memory: 129024K Free: 112249K (87%)
17 ms. Memory: 129024K Free: 111611K (87%)
4 ms. Memory: 129024K Free: 110697K (86%)
3 ms. Memory: 129024K Free: 110201K (85%)
5 ms. Memory: 129024K Free: 109681K (85%)
/home/travis/build/icyphy/ptII/ptolemy/actor/lib/test/OrderedMerge.tcl
Connections changed on port: inputA
Connections changed on port: inputB
Connections changed on port: output
Connections changed on port: output
Connections changed on port: output
Connections changed on port: input
.top. Preinitializing ...
Invoking preinitialize():  .top.OrderedMerge
Called preinitialize()
Invoking preinitialize():  .top.Ramp
Called preinitialize()
Invoking preinitialize():  .top.Ramp2
Called preinitialize()
Invoking preinitialize():  .top.Test
Called preinitialize()
Connections changed on port: inputA
Connections changed on port: output
Connections changed on port: output
Connections changed on port: input
Connections changed on port: inputB
Connections changed on port: output
.top. Finished preinitialize().
Called initialize().
Invoking initialize():  .top.OrderedMerge
Initializing actor: .top.OrderedMerge
Adding a thread: .top.OrderedMerge
Invoking initialize():  .top.Ramp
Initializing actor: .top.Ramp
Adding a thread: .top.Ramp
Invoking initialize():  .top.Ramp2
Initializing actor: .top.Ramp2
Adding a thread: .top.Ramp2
Invoking initialize():  .top.Test
Initializing actor: .top.Test
Adding a thread: .top.Test
Called fire().
Checking for deadlock:
-- Starting thread.
Called initialize()
Called prefire()
Called fire()
-- Starting thread.
Called initialize()
-- Starting thread.
Called initialize()
Called prefire()
Called prefire()
Called fire()
Called fire()
-- Starting thread.
Called initialize()
Called prefire()
Called fire()
There are 0 Blocked actors, 0 Stopped actors, and 4 active threads.
Waiting for actors to stop.
Called postfire()
Called prefire()
Called fire()
Called postfire()
Called prefire()
Called fire()
Read input token from inputA with value 0.0
Next port to read input from is inputB
Called postfire()
Called prefire()
Called fire()
Read input token from inputB with value 0.0
Sent output token with value 0.0
Next port to read input from is inputA
Called postfire()
Called prefire()
Called fire()
Checking for deadlock:
There are 1 Blocked actors, 0 Stopped actors, and 4 active threads.
Waiting for actors to stop.
Called postfire()
Called prefire()
Called fire()
Called postfire()
Called prefire()
Called fire()
-- Read input: 0.0, which is expected to match: 0.0
Called prefire()
Called fire()
Checking for deadlock:
There are 3 Blocked actors, 0 Stopped actors, and 4 active threads.
Waiting for actors to stop.
Called postfire()
Called prefire()
Called fire()
Read input token from inputA with value 1.0
Sent output token with value 0.0
Next port to read input from is inputB
Called postfire()
Called prefire()
Called fire()
Read input token from inputB with value 1.5
Checking for deadlock:
There are 2 Blocked actors, 0 Stopped actors, and 4 active threads.
Waiting for actors to stop.
Called postfire()
Called prefire()
Called fire()
-- Read input: 0.0, which is expected to match: 0.0
Called prefire()
Called fire()
Checking for deadlock:
There are 3 Blocked actors, 0 Stopped actors, and 4 active threads.
Waiting for actors to stop.
-- Read input: 1.0, which is expected to match: 1.0
Called prefire()
Called fire()
Sent output token with value 1.0
Next port to read input from is inputA
Called postfire()
Called prefire()
Called fire()
Read input token from inputA with value 2.0
Sent output token with value 1.5
Next port to read input from is inputB
Called postfire()
Called prefire()
Called fire()
Read input token from inputB with value 3.0
Checking for deadlock:
There are 1 Blocked actors, 0 Stopped actors, and 4 active threads.
Waiting for actors to stop.
Called postfire()
Called prefire()
Called fire()
Called postfire()
Called prefire()
Called fire()
-- Read input: 1.5, which is expected to match: 1.5
Called prefire()
Called fire()
Checking for deadlock:
There are 3 Blocked actors, 0 Stopped actors, and 4 active threads.
Waiting for actors to stop.
-- Read input: 2.0, which is expected to match: 2.0
Called prefire()
Called fire()
Sent output token with value 2.0
Next port to read input from is inputA
Called postfire()
Called prefire()
Called fire()
Read input token from inputA with value 3.0
Sent output token with value 3.0
Next port to read input from is inputB
Called postfire()
Called prefire()
Called fire()
Read input token from inputB with value 4.5
Checking for deadlock:
There are 1 Blocked actors, 0 Stopped actors, and 4 active threads.
Waiting for actors to stop.
Called postfire()
Called prefire()
Called fire()
Called postfire()
Called prefire()
Called fire()
-- Read input: 3.0, which is expected to match: 3.0
Called prefire()
Called fire()
Checking for deadlock:
There are 3 Blocked actors, 0 Stopped actors, and 4 active threads.
Waiting for actors to stop.
-- Read input: 3.0, which is expected to match: 3.0
Called prefire()
Called fire()
Sent output token with value 3.0
Next port to read input from is inputA
Called postfire()
Called prefire()
Called fire()
Read input token from inputA with value 4.0
Sent output token with value 4.0
Next port to read input from is inputA
Called postfire()
Called prefire()
Called fire()
Checking for deadlock:
There are 2 Blocked actors, 0 Stopped actors, and 4 active threads.
Waiting for actors to stop.
Called postfire()
Called prefire()
Called fire()
-- Read input: 4.0, which is expected to match: 4.0
Called prefire()
Called fire()
Past the end of training data. Read and discard all inputs.
Checking for deadlock:
There are 3 Blocked actors, 0 Stopped actors, and 4 active threads.
Waiting for actors to stop.
Called postfire()
Called prefire()
Called fire()
Read input token from inputA with value 5.0
Sent output token with value 4.5
Next port to read input from is inputB
Called postfire()
Called prefire()
Called fire()
Read input token from inputB with value 6.0
Checking for deadlock:
There are 2 Blocked actors, 0 Stopped actors, and 4 active threads.
Waiting for actors to stop.
Called postfire()
Called prefire()
Called fire()
Called prefire()
Called fire()
Past the end of training data. Read and discard all inputs.
Checking for deadlock:
There are 3 Blocked actors, 0 Stopped actors, and 4 active threads.
Waiting for actors to stop.
Called prefire()
Called fire()
Past the end of training data. Read and discard all inputs.
Sent output token with value 5.0
Next port to read input from is inputA
Called postfire()
Called prefire()
Called fire()
Read input token from inputA with value 6.0
Sent output token with value 6.0
Next port to read input from is inputB
Called postfire()
Called prefire()
Called fire()
Read input token from inputB with value 7.5
Checking for deadlock:
There are 1 Blocked actors, 0 Stopped actors, and 4 active threads.
Waiting for actors to stop.
Called postfire()
Called prefire()
Called fire()
Called postfire()
Called prefire()
Called fire()
Called prefire()
Called fire()
Past the end of training data. Read and discard all inputs.
Checking for deadlock:
There are 3 Blocked actors, 0 Stopped actors, and 4 active threads.
Waiting for actors to stop.
Called prefire()
Called fire()
Past the end of training data. Read and discard all inputs.
Checking for deadlock:
There are 3 Blocked actors, 0 Stopped actors, and 4 active threads.
Waiting for actors to stop.
Sent output token with value 6.0
Next port to read input from is inputA
Called postfire()
Called prefire()
Called fire()
Called postfire()
Called prefire()
Called fire()
Checking for deadlock:
There are 3 Blocked actors, 0 Stopped actors, and 4 active threads.
Waiting for actors to stop.
Read input token from inputA with value 7.0
Called prefire()
Called fire()
Past the end of training data. Read and discard all inputs.
Checking for deadlock:
There are 3 Blocked actors, 0 Stopped actors, and 4 active threads.
Waiting for actors to stop.
Sent output token with value 7.0
Next port to read input from is inputA
Called postfire()
Called prefire()
Called fire()
-- Thread wrapup() called.
Called wrapup()
Thread .top.Ramp is exiting.
-- Thread stopped.
Read input token from inputA with value 8.0
Sent output token with value 7.5
Next port to read input from is inputB
Called postfire()
Called prefire()
Called fire()
Read input token from inputB with value 9.0
Checking for deadlock:
There are 1 Blocked actors, 0 Stopped actors, and 3 active threads.
Waiting for actors to stop.
Called postfire()
Called prefire()
Called fire()
Called prefire()
Called fire()
Past the end of training data. Read and discard all inputs.
Checking for deadlock:
There are 2 Blocked actors, 0 Stopped actors, and 3 active threads.
Waiting for actors to stop.
Called prefire()
Called fire()
Past the end of training data. Read and discard all inputs.
Checking for deadlock:
There are 2 Blocked actors, 0 Stopped actors, and 3 active threads.
Waiting for actors to stop.
Sent output token with value 8.0
Next port to read input from is inputA
Called postfire()
Called prefire()
Called fire()
Read input token from inputA with value 9.0
Called prefire()
Called fire()
Past the end of training data. Read and discard all inputs.
Checking for deadlock:
There are 2 Blocked actors, 0 Stopped actors, and 3 active threads.
Waiting for actors to stop.
Sent output token with value 9.0
Next port to read input from is inputB
Called postfire()
Called prefire()
Called fire()
Called postfire()
Called prefire()
Called fire()
Checking for deadlock:
There are 2 Blocked actors, 0 Stopped actors, and 3 active threads.
Waiting for actors to stop.
Read input token from inputB with value 10.5
Called prefire()
Called fire()
Past the end of training data. Read and discard all inputs.
Checking for deadlock:
There are 2 Blocked actors, 0 Stopped actors, and 3 active threads.
Waiting for actors to stop.
Sent output token with value 9.0
Next port to read input from is inputA
Called postfire()
Called prefire()
Called fire()
Checking for deadlock:
There are 3 Blocked actors, 0 Stopped actors, and 3 active threads.
Actors have stopped.
Checking for deadlock:
There are 3 Blocked actors, 0 Stopped actors, and 3 active threads.
Deadlock detected.
Resolving Deadlock
Checking for deadlock:
There are 3 Blocked actors, 0 Stopped actors, and 3 active threads.
Artificial Deadlock - increasing queue capacity.
increasing the capacity of receiver ptolemy.actor.TypedIOPort {.top.OrderedMerge.inputB} to 2
-- Thread wrapup() called.
Called wrapup()
Thread .top.Ramp2 is exiting.
-- Thread stopped.
Director: Called postfire().
Called postfire().
_stopRequested = false
_stopFireRequested = false
Returning from postfire(): true
Called fire().
Checking for deadlock:
There are 2 Blocked actors, 0 Stopped actors, and 2 active threads.
Actors have stopped.
Checking for deadlock:
There are 2 Blocked actors, 0 Stopped actors, and 2 active threads.
Deadlock detected.
Resolving Deadlock
Checking for deadlock:
There are 2 Blocked actors, 0 Stopped actors, and 2 active threads.
Deadlock detected: no processes blocked on write, but some are blocked on read.
Called postfire().
_stopRequested = false
_stopFireRequested = false
Returning from postfire(): false
Finished deactivating branches.
Called wrapup().
-- Thread wrapup() called.
Called wrapup()
-- Thread wrapup() called.
Called wrapup()
Thread .top.OrderedMerge is exiting.
-- Thread stopped.
-- Blocked Receiver call threw TerminateProcessException.
Thread .top.Test is exiting.
-- Thread stopped.
-- Blocked Receiver call threw TerminateProcessException.
75 ms. Memory: 129024K Free: 104567K (81%)
.top. Preinitializing ...
Invoking preinitialize():  .top.OrderedMerge
Called preinitialize()
Invoking preinitialize():  .top.Ramp
Called preinitialize()
Invoking preinitialize():  .top.Ramp2
Called preinitialize()
Invoking preinitialize():  .top.Test
Called preinitialize()
.top. Finished preinitialize().
Called initialize().
Invoking initialize():  .top.OrderedMerge
Initializing actor: .top.OrderedMerge
Adding a thread: .top.OrderedMerge
Invoking initialize():  .top.Ramp
Initializing actor: .top.Ramp
Adding a thread: .top.Ramp
Invoking initialize():  .top.Ramp2
Initializing actor: .top.Ramp2
Adding a thread: .top.Ramp2
Invoking initialize():  .top.Test
Initializing actor: .top.Test
Adding a thread: .top.Test
-- Starting thread.
Called initialize()
Called prefire()
Called fire()
Called postfire()
Called prefire()
Called fire()
-- Starting thread.
Called initialize()
Called prefire()
Called fire()
Called postfire()
Called prefire()
Called fire()
Called fire().
Checking for deadlock:
There are 2 Blocked actors, 0 Stopped actors, and 4 active threads.
Waiting for actors to stop.
-- Starting thread.
Called initialize()
Called prefire()
Called fire()
Checking for deadlock:
There are 3 Blocked actors, 0 Stopped actors, and 4 active threads.
Waiting for actors to stop.
-- Starting thread.
Called initialize()
Called prefire()
Called fire()
Checking for deadlock:
There are 2 Blocked actors, 0 Stopped actors, and 4 active threads.
Waiting for actors to stop.
Called postfire()
Called prefire()
Called fire()
Checking for deadlock:
There are 3 Blocked actors, 0 Stopped actors, and 4 active threads.
Waiting for actors to stop.
Read input token from inputA with value 0.0
Next port to read input from is inputB
Called postfire()
Called prefire()
Called fire()
Called postfire()
Called prefire()
Called fire()
Checking for deadlock:
There are 3 Blocked actors, 0 Stopped actors, and 4 active threads.
Waiting for actors to stop.
Read input token from inputB with value 0.0
-- Read input: 0.0, which is expected to match: 0.0
Called prefire()
Called fire()
Checking for deadlock:
There are 3 Blocked actors, 0 Stopped actors, and 4 active threads.
Waiting for actors to stop.
Sent output token with value 0.0
Next port to read input from is inputA
Called postfire()
Called prefire()
Called fire()
Checking for deadlock:
There are 2 Blocked actors, 0 Stopped actors, and 4 active threads.
Waiting for actors to stop.
Called postfire()
Called prefire()
Called fire()
Checking for deadlock:
There are 3 Blocked actors, 0 Stopped actors, and 4 active threads.
Waiting for actors to stop.
Read input token from inputA with value 1.0
Checking for deadlock:
There are 2 Blocked actors, 0 Stopped actors, and 4 active threads.
Waiting for actors to stop.
-- Read input: 0.0, which is expected to match: 0.0
Called prefire()
Called fire()
Checking for deadlock:
There are 3 Blocked actors, 0 Stopped actors, and 4 active threads.
Waiting for actors to stop.
Sent output token with value 0.0
Next port to read input from is inputB
Called postfire()
Called prefire()
Called fire()
Checking for deadlock:
There are 2 Blocked actors, 0 Stopped actors, and 4 active threads.
Waiting for actors to stop.
Called postfire()
Called prefire()
Called fire()
Checking for deadlock:
There are 3 Blocked actors, 0 Stopped actors, and 4 active threads.
Waiting for actors to stop.
Read input token from inputB with value 1.5
Checking for deadlock:
There are 2 Blocked actors, 0 Stopped actors, and 4 active threads.
Waiting for actors to stop.
-- Read input: 1.0, which is expected to match: 1.0
Called prefire()
Called fire()
Checking for deadlock:
There are 3 Blocked actors, 0 Stopped actors, and 4 active threads.
Waiting for actors to stop.
Sent output token with value 1.0
Next port to read input from is inputA
Called postfire()
Called prefire()
Called fire()
Checking for deadlock:
There are 2 Blocked actors, 0 Stopped actors, and 4 active threads.
Waiting for actors to stop.
Called postfire()
Called prefire()
Called fire()
Checking for deadlock:
There are 3 Blocked actors, 0 Stopped actors, and 4 active threads.
Waiting for actors to stop.
Read input token from inputA with value 2.0
Checking for deadlock:
There are 2 Blocked actors, 0 Stopped actors, and 4 active threads.
Waiting for actors to stop.
-- Read input: 1.5, which is expected to match: 1.5
Called prefire()
Called fire()
Checking for deadlock:
There are 3 Blocked actors, 0 Stopped actors, and 4 active threads.
Waiting for actors to stop.
Sent output token with value 1.5
Next port to read input from is inputB
Called postfire()
Called prefire()
Called fire()
Called postfire()
Called prefire()
Called fire()
Checking for deadlock:
There are 3 Blocked actors, 0 Stopped actors, and 4 active threads.
Waiting for actors to stop.
Read input token from inputB with value 3.0
-- Read input: 2.0, which is expected to match: 2.0
Called prefire()
Called fire()
Checking for deadlock:
There are 3 Blocked actors, 0 Stopped actors, and 4 active threads.
Waiting for actors to stop.
Sent output token with value 2.0
Next port to read input from is inputA
Called postfire()
Called prefire()
Called fire()
Checking for deadlock:
There are 2 Blocked actors, 0 Stopped actors, and 4 active threads.
Waiting for actors to stop.
Called postfire()
Called prefire()
Called fire()
Checking for deadlock:
There are 3 Blocked actors, 0 Stopped actors, and 4 active threads.
Waiting for actors to stop.
Read input token from inputA with value 3.0
Checking for deadlock:
There are 2 Blocked actors, 0 Stopped actors, and 4 active threads.
Waiting for actors to stop.
-- Read input: 3.0, which is expected to match: 3.0
Called prefire()
Called fire()
Checking for deadlock:
There are 3 Blocked actors, 0 Stopped actors, and 4 active threads.
Waiting for actors to stop.
Sent output token with value 3.0
Next port to read input from is inputB
Called postfire()
Called prefire()
Called fire()
Checking for deadlock:
There are 2 Blocked actors, 0 Stopped actors, and 4 active threads.
Waiting for actors to stop.
Called postfire()
Called prefire()
Called fire()
Checking for deadlock:
There are 3 Blocked actors, 0 Stopped actors, and 4 active threads.
Waiting for actors to stop.
Read input token from inputB with value 4.5
Checking for deadlock:
There are 2 Blocked actors, 0 Stopped actors, and 4 active threads.
Waiting for actors to stop.
-- Read input: 3.0, which is expected to match: 3.0
Called prefire()
Called fire()
Checking for deadlock:
There are 3 Blocked actors, 0 Stopped actors, and 4 active threads.
Waiting for actors to stop.
Sent output token with value 3.0
Next port to read input from is inputA
Called postfire()
Called prefire()
Called fire()
Called postfire()
Called prefire()
Called fire()
Checking for deadlock:
There are 3 Blocked actors, 0 Stopped actors, and 4 active threads.
Waiting for actors to stop.
Read input token from inputA with value 4.0
-- Read input: 4.0, which is expected to match: 4.0
Called prefire()
Called fire()
Past the end of training data. Read and discard all inputs.
Checking for deadlock:
There are 3 Blocked actors, 0 Stopped actors, and 4 active threads.
Waiting for actors to stop.
Sent output token with value 4.0
Next port to read input from is inputA
Called postfire()
Called prefire()
Called fire()
Called postfire()
Called prefire()
Called fire()
Checking for deadlock:
There are 3 Blocked actors, 0 Stopped actors, and 4 active threads.
Waiting for actors to stop.
Read input token from inputA with value 5.0
Called prefire()
Called fire()
Past the end of training data. Read and discard all inputs.
Checking for deadlock:
There are 3 Blocked actors, 0 Stopped actors, and 4 active threads.
Waiting for actors to stop.
Sent output token with value 4.5
Next port to read input from is inputB
Called postfire()
Called prefire()
Called fire()
Checking for deadlock:
There are 2 Blocked actors, 0 Stopped actors, and 4 active threads.
Waiting for actors to stop.
Called postfire()
Called prefire()
Called fire()
Checking for deadlock:
There are 3 Blocked actors, 0 Stopped actors, and 4 active threads.
Waiting for actors to stop.
Read input token from inputB with value 6.0
Checking for deadlock:
There are 2 Blocked actors, 0 Stopped actors, and 4 active threads.
Waiting for actors to stop.
Called prefire()
Called fire()
Past the end of training data. Read and discard all inputs.
Checking for deadlock:
There are 3 Blocked actors, 0 Stopped actors, and 4 active threads.
Waiting for actors to stop.
Sent output token with value 5.0
Next port to read input from is inputA
Called postfire()
Called prefire()
Called fire()
Called postfire()
Called prefire()
Called fire()
Checking for deadlock:
There are 3 Blocked actors, 0 Stopped actors, and 4 active threads.
Waiting for actors to stop.
Read input token from inputA with value 6.0
Called prefire()
Called fire()
Past the end of training data. Read and discard all inputs.
Checking for deadlock:
There are 3 Blocked actors, 0 Stopped actors, and 4 active threads.
Waiting for actors to stop.
Sent output token with value 6.0
Next port to read input from is inputB
Called postfire()
Called prefire()
Called fire()
Checking for deadlock:
There are 2 Blocked actors, 0 Stopped actors, and 4 active threads.
Waiting for actors to stop.
Called postfire()
Called prefire()
Called fire()
Checking for deadlock:
There are 3 Blocked actors, 0 Stopped actors, and 4 active threads.
Waiting for actors to stop.
Read input token from inputB with value 7.5
Checking for deadlock:
There are 2 Blocked actors, 0 Stopped actors, and 4 active threads.
Waiting for actors to stop.
Called prefire()
Called fire()
Past the end of training data. Read and discard all inputs.
Checking for deadlock:
There are 3 Blocked actors, 0 Stopped actors, and 4 active threads.
Waiting for actors to stop.
Sent output token with value 6.0
Next port to read input from is inputA
Called postfire()
Called prefire()
Called fire()
Called postfire()
Called prefire()
Called fire()
Checking for deadlock:
There are 3 Blocked actors, 0 Stopped actors, and 4 active threads.
Waiting for actors to stop.
Read input token from inputA with value 7.0
Called prefire()
Called fire()
Past the end of training data. Read and discard all inputs.
Checking for deadlock:
There are 3 Blocked actors, 0 Stopped actors, and 4 active threads.
Waiting for actors to stop.
Sent output token with value 7.0
Next port to read input from is inputA
Called postfire()
Called prefire()
Called fire()
-- Thread wrapup() called.
Called wrapup()
Thread .top.Ramp is exiting.
-- Thread stopped.
Checking for deadlock:
There are 2 Blocked actors, 0 Stopped actors, and 3 active threads.
Waiting for actors to stop.
Read input token from inputA with value 8.0
Checking for deadlock:
There are 1 Blocked actors, 0 Stopped actors, and 3 active threads.
Waiting for actors to stop.
Called prefire()
Called fire()
Past the end of training data. Read and discard all inputs.
Checking for deadlock:
There are 2 Blocked actors, 0 Stopped actors, and 3 active threads.
Waiting for actors to stop.
Sent output token with value 7.5
Next port to read input from is inputB
Called postfire()
Called prefire()
Called fire()
Checking for deadlock:
There are 1 Blocked actors, 0 Stopped actors, and 3 active threads.
Waiting for actors to stop.
Called postfire()
Called prefire()
Called fire()
Checking for deadlock:
There are 2 Blocked actors, 0 Stopped actors, and 3 active threads.
Waiting for actors to stop.
Read input token from inputB with value 9.0
Checking for deadlock:
There are 1 Blocked actors, 0 Stopped actors, and 3 active threads.
Waiting for actors to stop.
Called prefire()
Called fire()
Past the end of training data. Read and discard all inputs.
Checking for deadlock:
There are 2 Blocked actors, 0 Stopped actors, and 3 active threads.
Waiting for actors to stop.
Sent output token with value 8.0
Next port to read input from is inputA
Called postfire()
Called prefire()
Called fire()
Read input token from inputA with value 9.0
Called prefire()
Called fire()
Past the end of training data. Read and discard all inputs.
Checking for deadlock:
There are 2 Blocked actors, 0 Stopped actors, and 3 active threads.
Waiting for actors to stop.
Sent output token with value 9.0
Next port to read input from is inputB
Called postfire()
Called prefire()
Called fire()
Called postfire()
Called prefire()
Called fire()
Checking for deadlock:
There are 2 Blocked actors, 0 Stopped actors, and 3 active threads.
Waiting for actors to stop.
Read input token from inputB with value 10.5
Called prefire()
Called fire()
Past the end of training data. Read and discard all inputs.
Checking for deadlock:
There are 2 Blocked actors, 0 Stopped actors, and 3 active threads.
Waiting for actors to stop.
Sent output token with value 9.0
Next port to read input from is inputA
Called postfire()
Called prefire()
Called fire()
Checking for deadlock:
There are 3 Blocked actors, 0 Stopped actors, and 3 active threads.
Actors have stopped.
Checking for deadlock:
There are 3 Blocked actors, 0 Stopped actors, and 3 active threads.
Deadlock detected.
Resolving Deadlock
Checking for deadlock:
There are 3 Blocked actors, 0 Stopped actors, and 3 active threads.
Artificial Deadlock - increasing queue capacity.
increasing the capacity of receiver ptolemy.actor.TypedIOPort {.top.OrderedMerge.inputB} to 2
Director: Called postfire().
Called postfire().
_stopRequested = false
_stopFireRequested = false
Returning from postfire(): true
Called fire().
Checking for deadlock:
There are 2 Blocked actors, 0 Stopped actors, and 3 active threads.
Waiting for actors to stop.
-- Thread wrapup() called.
Called wrapup()
Thread .top.Ramp2 is exiting.
-- Thread stopped.
Checking for deadlock:
There are 2 Blocked actors, 0 Stopped actors, and 2 active threads.
Actors have stopped.
Checking for deadlock:
There are 2 Blocked actors, 0 Stopped actors, and 2 active threads.
Deadlock detected.
Resolving Deadlock
Checking for deadlock:
There are 2 Blocked actors, 0 Stopped actors, and 2 active threads.
Deadlock detected: no processes blocked on write, but some are blocked on read.
Called postfire().
_stopRequested = false
_stopFireRequested = false
Returning from postfire(): false
Finished deactivating branches.
Called wrapup().
-- Thread wrapup() called.
Called wrapup()
-- Thread wrapup() called.
Called wrapup()
Thread .top.Test is exiting.
-- Thread stopped.
-- Blocked Receiver call threw TerminateProcessException.
Thread .top.OrderedMerge is exiting.
-- Thread stopped.
-- Blocked Receiver call threw TerminateProcessException.
33 ms. Memory: 129024K Free: 102009K (79%)
/home/travis/build/icyphy/ptII/ptolemy/actor/lib/test/Publisher.tcl
15 ms. Memory: 129024K Free: 95865K (74%)
10 ms. Memory: 129024K Free: 90745K (70%)
7 ms. Memory: 129024K Free: 109027K (85%)
19 ms. Memory: 129024K Free: 107973K (84%)
5 ms. Memory: 129024K Free: 106973K (83%)
11 ms. Memory: 129024K Free: 106469K (83%)
6 ms. Memory: 129024K Free: 105445K (82%)
8 ms. Memory: 129024K Free: 104901K (81%)
20 ms. Memory: 129024K Free: 94691K (73%)
8 ms. Memory: 129024K Free: 91109K (71%)
2 ms. Memory: 129024K Free: 90085K (70%)
4 ms. Memory: 129024K Free: 88037K (68%)
6 ms. Memory: 129024K Free: 80355K (62%)
5 ms. Memory: 129024K Free: 70629K (55%)
6 ms. Memory: 129024K Free: 59861K (46%)
/home/travis/build/icyphy/ptII/ptolemy/actor/lib/test/Pulse.tcl
8 ms. Memory: 159744K Free: 114568K (72%)
1 ms. Memory: 159744K Free: 114058K (71%)
5 ms. Memory: 159744K Free: 113530K (71%)
6 ms. Memory: 159744K Free: 113034K (71%)
4 ms. Memory: 159744K Free: 112426K (70%)
7 ms. Memory: 159744K Free: 111466K (70%)
7 ms. Memory: 159744K Free: 110458K (69%)
1 ms. Memory: 159744K Free: 109434K (69%)
7 ms. Memory: 159744K Free: 108938K (68%)
/home/travis/build/icyphy/ptII/ptolemy/actor/lib/test/Ramp.tcl
8 ms. Memory: 159744K Free: 106890K (67%)
3 ms. Memory: 159744K Free: 106346K (67%)
3 ms. Memory: 159744K Free: 105338K (66%)
2 ms. Memory: 159744K Free: 104842K (66%)
6 ms. Memory: 159744K Free: 103818K (65%)
10 ms. Memory: 159744K Free: 102794K (64%)
6 ms. Memory: 159744K Free: 102266K (64%)
5 actors
5000 microseconds per iteration to create
10 ms. Memory: 159744K Free: 99202K (62%)
9 ms. Memory: 159744K Free: 98698K (62%)
2 ms. Memory: 159744K Free: 98170K (61%)
2 ms. Memory: 159744K Free: 97674K (61%)
50 actors
43000 microseconds per iteration to create
42 ms. Memory: 159744K Free: 81770K (51%)
18 ms. Memory: 159744K Free: 80770K (51%)
5 ms. Memory: 159744K Free: 79738K (50%)
8 ms. Memory: 159744K Free: 78698K (49%)
500 actors
1321000 microseconds per iteration to create
201 ms. Memory: 159744K Free: 74401K (47%)
48 ms. Memory: 159744K Free: 68771K (43%)
47 ms. Memory: 159744K Free: 63651K (40%)
56 ms. Memory: 159744K Free: 58531K (37%)
/home/travis/build/icyphy/ptII/ptolemy/actor/lib/test/RampContinuous.tcl
9 ms. Memory: 159744K Free: 56979K (36%)
/home/travis/build/icyphy/ptII/ptolemy/actor/lib/test/RecordAssembler.tcl
23 ms. Memory: 159744K Free: 135933K (85%)
3 ms. Memory: 159744K Free: 134909K (84%)
/home/travis/build/icyphy/ptII/ptolemy/actor/lib/test/RecordDisassembler.tcl
16 ms. Memory: 159744K Free: 132861K (83%)
3 ms. Memory: 159744K Free: 132347K (83%)
5 ms. Memory: 159744K Free: 131309K (82%)
/home/travis/build/icyphy/ptII/ptolemy/actor/lib/test/Scale.tcl
2 ms. Memory: 159744K Free: 129261K (81%)
1 ms. Memory: 159744K Free: 128765K (81%)
2 ms. Memory: 159744K Free: 127741K (80%)
3 ms. Memory: 159744K Free: 126717K (79%)
3 ms. Memory: 159744K Free: 126189K (79%)
/home/travis/build/icyphy/ptII/ptolemy/actor/lib/test/SequentialClock.tcl
preinitializing
resolving types
initializing
executing number 1
wrapping up
idle
5 ms. Memory: 159744K Free: 124669K (78%)
Completed execution with 5 iterations
preinitializing
resolving types
initializing
executing number 1
wrapping up
idle
1 ms. Memory: 159744K Free: 124141K (78%)
Completed execution with 5 iterations
preinitializing
resolving types
initializing
executing number 1
wrapping up
idle
2 ms. Memory: 159744K Free: 123645K (77%)
Completed execution with 5 iterations
/home/travis/build/icyphy/ptII/ptolemy/actor/lib/test/SetVariable.tcl
5 ms. Memory: 159744K Free: 122107K (76%)
/home/travis/build/icyphy/ptII/ptolemy/actor/lib/test/Sinewave.tcl
/home/travis/build/icyphy/ptII/ptolemy/actor/lib/test/SubscriptionAggregator.tcl
12 ms. Memory: 159744K Free: 110333K (69%)
4 ms. Memory: 159744K Free: 109819K (69%)
1 ms. Memory: 159744K Free: 109309K (68%)
1 ms. Memory: 159744K Free: 108765K (68%)
4 ms. Memory: 159744K Free: 105213K (66%)
9 ms. Memory: 159744K Free: 103165K (65%)
...............................................................996 ms. Memory: 281600K Free: 186204K (66%)
/home/travis/build/icyphy/ptII/ptolemy/actor/lib/test/Test.tcl
 The next command will produce a warning about training mode,
   which may be ignored.
22 ms. Memory: 281600K Free: 184169K (65%)
3 ms. Memory: 281600K Free: 183130K (65%)
1 ms. Memory: 281600K Free: 182635K (65%)
1 ms. Memory: 281600K Free: 182106K (65%)
2 ms. Memory: 281600K Free: 181066K (64%)
6 ms. Memory: 281600K Free: 180073K (64%)
4 ms. Memory: 281600K Free: 178539K (63%)
 The next command will produce a warning about training mode,
   which may be ignored.
4 ms. Memory: 281600K Free: 176491K (63%)
 The next command will produce a warning about training mode,
   which may be ignored.
7 ms. Memory: 281600K Free: 175467K (62%)
2 ms. Memory: 281600K Free: 174953K (62%)
2 ms. Memory: 281600K Free: 174443K (62%)
3 ms. Memory: 281600K Free: 173929K (62%)
11 ms. Memory: 281600K Free: 172905K (61%)
7 ms. Memory: 281600K Free: 168778K (60%)
/home/travis/build/icyphy/ptII/ptolemy/actor/lib/test/TestExceptionHandler.tcl
 The next command will produce a warning about training mode,
   which may be ignored.
3 ms. Memory: 281600K Free: 167754K (60%)
1 ms. Memory: 281600K Free: 167275K (59%)
1 ms. Memory: 281600K Free: 166730K (59%)
/home/travis/build/icyphy/ptII/ptolemy/actor/lib/test/UnionDisassembler.tcl
25 ms. Memory: 281600K Free: 159578K (57%)
/home/travis/build/icyphy/ptII/ptolemy/actor/lib/test/VariableClock.tcl
preinitializing
resolving types
initializing
executing number 1
wrapping up
idle
5 ms. Memory: 281600K Free: 157530K (56%)
Completed execution with 11 iterations
preinitializing
resolving types
initializing
executing number 1
wrapping up
idle
5 ms. Memory: 281600K Free: 156011K (55%)
Completed execution with 10 iterations
01/08/20 07:02:37
Failed: 0  Total Tests: 233  ((Passed: 233, Newly Passed: 0)  Known Failed: 0) /home/travis/build/icyphy/ptII/ptolemy/actor/lib/test
----------------- testing (KnownFailure) /home/travis/build/icyphy/ptII/ptolemy/actor/lib/test/auto/knownFailedTests/PublisherPortToplevelSubscriber.xml
0 ms. Memory: 281600K Free: 152425K (54%)
Known Failure: java.lang.reflect.InvocationTargetException
----------------- testing (KnownFailure) /home/travis/build/icyphy/ptII/ptolemy/actor/lib/test/auto/knownFailedTests/PublisherSubscriberPortToplevel.xml
0 ms. Memory: 281600K Free: 148329K (53%)
Known Failure: java.lang.reflect.InvocationTargetException
----------------- testing (KnownFailure) /home/travis/build/icyphy/ptII/ptolemy/actor/lib/test/auto/knownFailedTests/PublisherSubscriptionAggregatorPort.xml
0 ms. Memory: 281600K Free: 144233K (51%)
Known Failure: java.lang.reflect.InvocationTargetException
----------------- testing (KnownFailure) /home/travis/build/icyphy/ptII/ptolemy/actor/lib/test/auto/knownFailedTests/sizedarray3.xml
4 ms. Memory: 281600K Free: 140137K (50%)
Known Failure: java.lang.reflect.InvocationTargetException
No auto/linux-amd64/*.xml tests in /home/travis/build/icyphy/ptII/ptolemy/actor/lib/test
AutoTests.java: About to close Vertx.
AutoTests.java: Vertx closed.

===========================================================================================
----------------- testing Wed Jan 08 07:02:38 UTC 2020 /home/travis/build/icyphy/ptII/ptolemy/actor/lib/test/auto/AbsoluteValue.xml
----------------- Instantiating /home/travis/build/icyphy/ptII/ptolemy/actor/lib/test/auto/AbsoluteValue.xml
11 ms. Memory: 281600K Free: 117099K (42%)
----------------- Invoking toplevel() on ptolemy.moml.MoMLSimpleApplication@4ab745d6
----------------- Done invoking toplevel() on ptolemy.moml.MoMLSimpleApplication@4ab745d6
reloadAllAccessors: .AbsoluteValue

===========================================================================================
----------------- testing Wed Jan 08 07:02:38 UTC 2020 /home/travis/build/icyphy/ptII/ptolemy/actor/lib/test/auto/AbsoluteValue2.xml
----------------- Instantiating /home/travis/build/icyphy/ptII/ptolemy/actor/lib/test/auto/AbsoluteValue2.xml
5 ms. Memory: 281600K Free: 109931K (39%)
----------------- Invoking toplevel() on ptolemy.moml.MoMLSimpleApplication@57d3c4c8
----------------- Done invoking toplevel() on ptolemy.moml.MoMLSimpleApplication@57d3c4c8
reloadAllAccessors: .AbsoluteValue2

===========================================================================================
----------------- testing Wed Jan 08 07:02:38 UTC 2020 /home/travis/build/icyphy/ptII/ptolemy/actor/lib/test/auto/Accumulator.xml
----------------- Instantiating /home/travis/build/icyphy/ptII/ptolemy/actor/lib/test/auto/Accumulator.xml
5 ms. Memory: 281600K Free: 103273K (37%)
----------------- Invoking toplevel() on ptolemy.moml.MoMLSimpleApplication@1c54d55a
----------------- Done invoking toplevel() on ptolemy.moml.MoMLSimpleApplication@1c54d55a
reloadAllAccessors: .Accumulator

===========================================================================================
----------------- testing Wed Jan 08 07:02:38 UTC 2020 /home/travis/build/icyphy/ptII/ptolemy/actor/lib/test/auto/Accumulator2.xml
----------------- Instantiating /home/travis/build/icyphy/ptII/ptolemy/actor/lib/test/auto/Accumulator2.xml
16 ms. Memory: 281600K Free: 230903K (82%)
----------------- Invoking toplevel() on ptolemy.moml.MoMLSimpleApplication@48b6653e
----------------- Done invoking toplevel() on ptolemy.moml.MoMLSimpleApplication@48b6653e
reloadAllAccessors: .Accumulator2

===========================================================================================
----------------- testing Wed Jan 08 07:02:38 UTC 2020 /home/travis/build/icyphy/ptII/ptolemy/actor/lib/test/auto/Accumulator3.xml
----------------- Instantiating /home/travis/build/icyphy/ptII/ptolemy/actor/lib/test/auto/Accumulator3.xml
2 ms. Memory: 281600K Free: 226304K (80%)
----------------- Invoking toplevel() on ptolemy.moml.MoMLSimpleApplication@6f20e273
----------------- Done invoking toplevel() on ptolemy.moml.MoMLSimpleApplication@6f20e273
reloadAllAccessors: .Accumulator3

===========================================================================================
----------------- testing Wed Jan 08 07:02:38 UTC 2020 /home/travis/build/icyphy/ptII/ptolemy/actor/lib/test/auto/ArrayAppend.xml
----------------- Instantiating /home/travis/build/icyphy/ptII/ptolemy/actor/lib/test/auto/ArrayAppend.xml
4 ms. Memory: 281600K Free: 220160K (78%)
----------------- Invoking toplevel() on ptolemy.moml.MoMLSimpleApplication@3664d
----------------- Done invoking toplevel() on ptolemy.moml.MoMLSimpleApplication@3664d
reloadAllAccessors: .ArrayAppend

===========================================================================================
----------------- testing Wed Jan 08 07:02:38 UTC 2020 /home/travis/build/icyphy/ptII/ptolemy/actor/lib/test/auto/ArrayAppend2.xml
----------------- Instantiating /home/travis/build/icyphy/ptII/ptolemy/actor/lib/test/auto/ArrayAppend2.xml
280 ms. Memory: 281600K Free: 137216K (49%)
----------------- Invoking toplevel() on ptolemy.moml.MoMLSimpleApplication@4c60941e
----------------- Done invoking toplevel() on ptolemy.moml.MoMLSimpleApplication@4c60941e
reloadAllAccessors: .ArrayAppend2

===========================================================================================
----------------- testing Wed Jan 08 07:02:39 UTC 2020 /home/travis/build/icyphy/ptII/ptolemy/actor/lib/test/auto/ArrayAppend3.xml
----------------- Instantiating /home/travis/build/icyphy/ptII/ptolemy/actor/lib/test/auto/ArrayAppend3.xml
4 ms. Memory: 281600K Free: 132096K (47%)
----------------- Invoking toplevel() on ptolemy.moml.MoMLSimpleApplication@867055c
----------------- Done invoking toplevel() on ptolemy.moml.MoMLSimpleApplication@867055c
reloadAllAccessors: .ArrayAppend3

===========================================================================================
----------------- testing Wed Jan 08 07:02:39 UTC 2020 /home/travis/build/icyphy/ptII/ptolemy/actor/lib/test/auto/ArrayAppend4.xml
----------------- Instantiating /home/travis/build/icyphy/ptII/ptolemy/actor/lib/test/auto/ArrayAppend4.xml
2 ms. Memory: 281600K Free: 126462K (45%)
----------------- Invoking toplevel() on ptolemy.moml.MoMLSimpleApplication@7cccdaa4
----------------- Done invoking toplevel() on ptolemy.moml.MoMLSimpleApplication@7cccdaa4
reloadAllAccessors: .ArrayAppend4

===========================================================================================
----------------- testing Wed Jan 08 07:02:39 UTC 2020 /home/travis/build/icyphy/ptII/ptolemy/actor/lib/test/auto/ArrayAppend5.xml
----------------- Instantiating /home/travis/build/icyphy/ptII/ptolemy/actor/lib/test/auto/ArrayAppend5.xml
2 ms. Memory: 281600K Free: 121342K (43%)
----------------- Invoking toplevel() on ptolemy.moml.MoMLSimpleApplication@48dcea7f
----------------- Done invoking toplevel() on ptolemy.moml.MoMLSimpleApplication@48dcea7f
reloadAllAccessors: .ArrayAppend5

===========================================================================================
----------------- testing Wed Jan 08 07:02:39 UTC 2020 /home/travis/build/icyphy/ptII/ptolemy/actor/lib/test/auto/ArrayAppend6.xml
----------------- Instantiating /home/travis/build/icyphy/ptII/ptolemy/actor/lib/test/auto/ArrayAppend6.xml
2 ms. Memory: 281600K Free: 116222K (41%)
----------------- Invoking toplevel() on ptolemy.moml.MoMLSimpleApplication@f9742f0
----------------- Done invoking toplevel() on ptolemy.moml.MoMLSimpleApplication@f9742f0
reloadAllAccessors: .ArrayAppend6

===========================================================================================
----------------- testing Wed Jan 08 07:02:39 UTC 2020 /home/travis/build/icyphy/ptII/ptolemy/actor/lib/test/auto/ArrayAppendPerformanceTest.xml
----------------- Instantiating /home/travis/build/icyphy/ptII/ptolemy/actor/lib/test/auto/ArrayAppendPerformanceTest.xml
30 ms. Memory: 281600K Free: 104958K (37%)
----------------- Invoking toplevel() on ptolemy.moml.MoMLSimpleApplication@78c32565
----------------- Done invoking toplevel() on ptolemy.moml.MoMLSimpleApplication@78c32565
reloadAllAccessors: .ArrayAppendPerformanceTest

===========================================================================================
----------------- testing Wed Jan 08 07:02:39 UTC 2020 /home/travis/build/icyphy/ptII/ptolemy/actor/lib/test/auto/ArrayAppendWithEmptyInput.xml
----------------- Instantiating /home/travis/build/icyphy/ptII/ptolemy/actor/lib/test/auto/ArrayAppendWithEmptyInput.xml
13 ms. Memory: 281600K Free: 97280K (35%)
----------------- Invoking toplevel() on ptolemy.moml.MoMLSimpleApplication@76eecc20
----------------- Done invoking toplevel() on ptolemy.moml.MoMLSimpleApplication@76eecc20
reloadAllAccessors: .ArrayAppendWithEmptyInput

===========================================================================================
----------------- testing Wed Jan 08 07:02:39 UTC 2020 /home/travis/build/icyphy/ptII/ptolemy/actor/lib/test/auto/ArrayAverage.xml
----------------- Instantiating /home/travis/build/icyphy/ptII/ptolemy/actor/lib/test/auto/ArrayAverage.xml
10 ms. Memory: 281600K Free: 89088K (32%)
----------------- Invoking toplevel() on ptolemy.moml.MoMLSimpleApplication@1e5d1629
----------------- Done invoking toplevel() on ptolemy.moml.MoMLSimpleApplication@1e5d1629
reloadAllAccessors: .ArrayAverage

===========================================================================================
----------------- testing Wed Jan 08 07:02:39 UTC 2020 /home/travis/build/icyphy/ptII/ptolemy/actor/lib/test/auto/ArrayContains.xml
----------------- Instantiating /home/travis/build/icyphy/ptII/ptolemy/actor/lib/test/auto/ArrayContains.xml
10 ms. Memory: 281600K Free: 83454K (30%)
----------------- Invoking toplevel() on ptolemy.moml.MoMLSimpleApplication@3a99e439
----------------- Done invoking toplevel() on ptolemy.moml.MoMLSimpleApplication@3a99e439
reloadAllAccessors: .ArrayContains

===========================================================================================
----------------- testing Wed Jan 08 07:02:39 UTC 2020 /home/travis/build/icyphy/ptII/ptolemy/actor/lib/test/auto/ArrayElement.xml
----------------- Instantiating /home/travis/build/icyphy/ptII/ptolemy/actor/lib/test/auto/ArrayElement.xml
10 ms. Memory: 281600K Free: 229023K (81%)
----------------- Invoking toplevel() on ptolemy.moml.MoMLSimpleApplication@7040c2ba
----------------- Done invoking toplevel() on ptolemy.moml.MoMLSimpleApplication@7040c2ba
reloadAllAccessors: .ArrayElement

===========================================================================================
----------------- testing Wed Jan 08 07:02:39 UTC 2020 /home/travis/build/icyphy/ptII/ptolemy/actor/lib/test/auto/ArrayElementAsMatrix.xml
----------------- Instantiating /home/travis/build/icyphy/ptII/ptolemy/actor/lib/test/auto/ArrayElementAsMatrix.xml
12 ms. Memory: 281600K Free: 218783K (78%)
----------------- Invoking toplevel() on ptolemy.moml.MoMLSimpleApplication@54e55d57
----------------- Done invoking toplevel() on ptolemy.moml.MoMLSimpleApplication@54e55d57
reloadAllAccessors: .ArrayElementAsMatrix

===========================================================================================
----------------- testing Wed Jan 08 07:02:39 UTC 2020 /home/travis/build/icyphy/ptII/ptolemy/actor/lib/test/auto/ArrayElementI.xml
----------------- Instantiating /home/travis/build/icyphy/ptII/ptolemy/actor/lib/test/auto/ArrayElementI.xml
6 ms. Memory: 281600K Free: 214173K (76%)
----------------- Invoking toplevel() on ptolemy.moml.MoMLSimpleApplication@49be7197
----------------- Done invoking toplevel() on ptolemy.moml.MoMLSimpleApplication@49be7197
reloadAllAccessors: .ArrayElementI

===========================================================================================
----------------- testing Wed Jan 08 07:02:39 UTC 2020 /home/travis/build/icyphy/ptII/ptolemy/actor/lib/test/auto/ArrayExtract.xml
----------------- Instantiating /home/travis/build/icyphy/ptII/ptolemy/actor/lib/test/auto/ArrayExtract.xml
4 ms. Memory: 281600K Free: 205471K (73%)
----------------- Invoking toplevel() on ptolemy.moml.MoMLSimpleApplication@1218d089
----------------- Done invoking toplevel() on ptolemy.moml.MoMLSimpleApplication@1218d089
reloadAllAccessors: .ArrayExtract

===========================================================================================
----------------- testing Wed Jan 08 07:02:39 UTC 2020 /home/travis/build/icyphy/ptII/ptolemy/actor/lib/test/auto/ArrayExtract2.xml
----------------- Instantiating /home/travis/build/icyphy/ptII/ptolemy/actor/lib/test/auto/ArrayExtract2.xml
1 ms. Memory: 281600K Free: 200351K (71%)
----------------- Invoking toplevel() on ptolemy.moml.MoMLSimpleApplication@e74ecbe
----------------- Done invoking toplevel() on ptolemy.moml.MoMLSimpleApplication@e74ecbe
reloadAllAccessors: .ArrayExtract2

===========================================================================================
----------------- testing Wed Jan 08 07:02:39 UTC 2020 /home/travis/build/icyphy/ptII/ptolemy/actor/lib/test/auto/ArrayLength.xml
----------------- Instantiating /home/travis/build/icyphy/ptII/ptolemy/actor/lib/test/auto/ArrayLength.xml
1 ms. Memory: 281600K Free: 196255K (70%)
----------------- Invoking toplevel() on ptolemy.moml.MoMLSimpleApplication@1daa2d85
----------------- Done invoking toplevel() on ptolemy.moml.MoMLSimpleApplication@1daa2d85
reloadAllAccessors: .ArrayLength

===========================================================================================
----------------- testing Wed Jan 08 07:02:39 UTC 2020 /home/travis/build/icyphy/ptII/ptolemy/actor/lib/test/auto/ArrayLevelCrossing.xml
----------------- Instantiating /home/travis/build/icyphy/ptII/ptolemy/actor/lib/test/auto/ArrayLevelCrossing.xml
3 ms. Memory: 281600K Free: 188573K (67%)
----------------- Invoking toplevel() on ptolemy.moml.MoMLSimpleApplication@601bc7ff
----------------- Done invoking toplevel() on ptolemy.moml.MoMLSimpleApplication@601bc7ff
reloadAllAccessors: .ArrayLevelCrossing

===========================================================================================
----------------- testing Wed Jan 08 07:02:39 UTC 2020 /home/travis/build/icyphy/ptII/ptolemy/actor/lib/test/auto/ArrayLevelCrossing2.xml
----------------- Instantiating /home/travis/build/icyphy/ptII/ptolemy/actor/lib/test/auto/ArrayLevelCrossing2.xml
3 ms. Memory: 281600K Free: 180895K (64%)
----------------- Invoking toplevel() on ptolemy.moml.MoMLSimpleApplication@6b78fac6
----------------- Done invoking toplevel() on ptolemy.moml.MoMLSimpleApplication@6b78fac6
reloadAllAccessors: .ArrayLevelCrossing2

===========================================================================================
----------------- testing Wed Jan 08 07:02:39 UTC 2020 /home/travis/build/icyphy/ptII/ptolemy/actor/lib/test/auto/ArrayPeakSearch.xml
----------------- Instantiating /home/travis/build/icyphy/ptII/ptolemy/actor/lib/test/auto/ArrayPeakSearch.xml
5 ms. Memory: 281600K Free: 172189K (61%)
----------------- Invoking toplevel() on ptolemy.moml.MoMLSimpleApplication@7f5efc61
----------------- Done invoking toplevel() on ptolemy.moml.MoMLSimpleApplication@7f5efc61
reloadAllAccessors: .ArrayPeakSearch

===========================================================================================
----------------- testing Wed Jan 08 07:02:39 UTC 2020 /home/travis/build/icyphy/ptII/ptolemy/actor/lib/test/auto/ArrayPeakSearch2.xml
----------------- Instantiating /home/travis/build/icyphy/ptII/ptolemy/actor/lib/test/auto/ArrayPeakSearch2.xml
8 ms. Memory: 281600K Free: 161439K (57%)
----------------- Invoking toplevel() on ptolemy.moml.MoMLSimpleApplication@679e8070
----------------- Done invoking toplevel() on ptolemy.moml.MoMLSimpleApplication@679e8070
reloadAllAccessors: .ArrayPeakSearch2

===========================================================================================
----------------- testing Wed Jan 08 07:02:39 UTC 2020 /home/travis/build/icyphy/ptII/ptolemy/actor/lib/test/auto/ArrayPeakSearch3.xml
----------------- Instantiating /home/travis/build/icyphy/ptII/ptolemy/actor/lib/test/auto/ArrayPeakSearch3.xml
3 ms. Memory: 281600K Free: 152733K (54%)
----------------- Invoking toplevel() on ptolemy.moml.MoMLSimpleApplication@721f8630
----------------- Done invoking toplevel() on ptolemy.moml.MoMLSimpleApplication@721f8630
reloadAllAccessors: .ArrayPeakSearch3

===========================================================================================
----------------- testing Wed Jan 08 07:02:39 UTC 2020 /home/travis/build/icyphy/ptII/ptolemy/actor/lib/test/auto/ArrayRemoveElement.xml
----------------- Instantiating /home/travis/build/icyphy/ptII/ptolemy/actor/lib/test/auto/ArrayRemoveElement.xml
3 ms. Memory: 281600K Free: 144541K (51%)
----------------- Invoking toplevel() on ptolemy.moml.MoMLSimpleApplication@5aec906
----------------- Done invoking toplevel() on ptolemy.moml.MoMLSimpleApplication@5aec906
reloadAllAccessors: .ArrayRemoveElement

===========================================================================================
----------------- testing Wed Jan 08 07:02:39 UTC 2020 /home/travis/build/icyphy/ptII/ptolemy/actor/lib/test/auto/ArraySort.xml
----------------- Instantiating /home/travis/build/icyphy/ptII/ptolemy/actor/lib/test/auto/ArraySort.xml
6 ms. Memory: 281600K Free: 135839K (48%)
----------------- Invoking toplevel() on ptolemy.moml.MoMLSimpleApplication@2df57d1b
----------------- Done invoking toplevel() on ptolemy.moml.MoMLSimpleApplication@2df57d1b
reloadAllAccessors: .ArraySort

===========================================================================================
----------------- testing Wed Jan 08 07:02:39 UTC 2020 /home/travis/build/icyphy/ptII/ptolemy/actor/lib/test/auto/ArraySum.xml
----------------- Instantiating /home/travis/build/icyphy/ptII/ptolemy/actor/lib/test/auto/ArraySum.xml
5 ms. Memory: 281600K Free: 130205K (46%)
----------------- Invoking toplevel() on ptolemy.moml.MoMLSimpleApplication@135f346b
----------------- Done invoking toplevel() on ptolemy.moml.MoMLSimpleApplication@135f346b
reloadAllAccessors: .ArraySum

===========================================================================================
----------------- testing Wed Jan 08 07:02:39 UTC 2020 /home/travis/build/icyphy/ptII/ptolemy/actor/lib/test/auto/ArrayToElements.xml
----------------- Instantiating /home/travis/build/icyphy/ptII/ptolemy/actor/lib/test/auto/ArrayToElements.xml
6 ms. Memory: 281600K Free: 125085K (44%)
----------------- Invoking toplevel() on ptolemy.moml.MoMLSimpleApplication@2656bce
----------------- Done invoking toplevel() on ptolemy.moml.MoMLSimpleApplication@2656bce
reloadAllAccessors: .ArrayToElements

===========================================================================================
----------------- testing Wed Jan 08 07:02:39 UTC 2020 /home/travis/build/icyphy/ptII/ptolemy/actor/lib/test/auto/ArrayToMatrix.xml
----------------- Instantiating /home/travis/build/icyphy/ptII/ptolemy/actor/lib/test/auto/ArrayToMatrix.xml
9 ms. Memory: 281600K Free: 110749K (39%)
----------------- Invoking toplevel() on ptolemy.moml.MoMLSimpleApplication@512c7f09
----------------- Done invoking toplevel() on ptolemy.moml.MoMLSimpleApplication@512c7f09
reloadAllAccessors: .ArrayToMatrix

===========================================================================================
----------------- testing Wed Jan 08 07:02:39 UTC 2020 /home/travis/build/icyphy/ptII/ptolemy/actor/lib/test/auto/ArrayUpdate1.xml
----------------- Instantiating /home/travis/build/icyphy/ptII/ptolemy/actor/lib/test/auto/ArrayUpdate1.xml
4 ms. Memory: 281600K Free: 106143K (38%)
----------------- Invoking toplevel() on ptolemy.moml.MoMLSimpleApplication@4a7bddc5
----------------- Done invoking toplevel() on ptolemy.moml.MoMLSimpleApplication@4a7bddc5
reloadAllAccessors: .ArrayUpdate1

===========================================================================================
----------------- testing Wed Jan 08 07:02:39 UTC 2020 /home/travis/build/icyphy/ptII/ptolemy/actor/lib/test/auto/ArrayUpdate2.xml
----------------- Instantiating /home/travis/build/icyphy/ptII/ptolemy/actor/lib/test/auto/ArrayUpdate2.xml
9 ms. Memory: 281600K Free: 99470K (35%)
----------------- Invoking toplevel() on ptolemy.moml.MoMLSimpleApplication@38149fdb
----------------- Done invoking toplevel() on ptolemy.moml.MoMLSimpleApplication@38149fdb
reloadAllAccessors: .ArrayUpdate2

===========================================================================================
----------------- testing Wed Jan 08 07:02:40 UTC 2020 /home/travis/build/icyphy/ptII/ptolemy/actor/lib/test/auto/ArrayUpdate3.xml
----------------- Instantiating /home/travis/build/icyphy/ptII/ptolemy/actor/lib/test/auto/ArrayUpdate3.xml
4 ms. Memory: 281600K Free: 94879K (34%)
----------------- Invoking toplevel() on ptolemy.moml.MoMLSimpleApplication@46de42ca
----------------- Done invoking toplevel() on ptolemy.moml.MoMLSimpleApplication@46de42ca
reloadAllAccessors: .ArrayUpdate3

===========================================================================================
----------------- testing Wed Jan 08 07:02:40 UTC 2020 /home/travis/build/icyphy/ptII/ptolemy/actor/lib/test/auto/Assert1.xml
----------------- Instantiating /home/travis/build/icyphy/ptII/ptolemy/actor/lib/test/auto/Assert1.xml
4 ms. Memory: 281600K Free: 90269K (32%)
----------------- Invoking toplevel() on ptolemy.moml.MoMLSimpleApplication@46c4573c
----------------- Done invoking toplevel() on ptolemy.moml.MoMLSimpleApplication@46c4573c
reloadAllAccessors: .Assert1

===========================================================================================
----------------- testing Wed Jan 08 07:02:40 UTC 2020 /home/travis/build/icyphy/ptII/ptolemy/actor/lib/test/auto/Assert2.xml
----------------- Instantiating /home/travis/build/icyphy/ptII/ptolemy/actor/lib/test/auto/Assert2.xml
1 ms. Memory: 281600K Free: 85149K (30%)
----------------- Invoking toplevel() on ptolemy.moml.MoMLSimpleApplication@899d980
----------------- Done invoking toplevel() on ptolemy.moml.MoMLSimpleApplication@899d980
reloadAllAccessors: .Assert2

===========================================================================================
----------------- testing Wed Jan 08 07:02:40 UTC 2020 /home/travis/build/icyphy/ptII/ptolemy/actor/lib/test/auto/BooleanMultiplexor.xml
----------------- Instantiating /home/travis/build/icyphy/ptII/ptolemy/actor/lib/test/auto/BooleanMultiplexor.xml
2 ms. Memory: 281600K Free: 79519K (28%)
----------------- Invoking toplevel() on ptolemy.moml.MoMLSimpleApplication@78c6d82c
----------------- Done invoking toplevel() on ptolemy.moml.MoMLSimpleApplication@78c6d82c
reloadAllAccessors: .BooleanMultiplexor

===========================================================================================
----------------- testing Wed Jan 08 07:02:40 UTC 2020 /home/travis/build/icyphy/ptII/ptolemy/actor/lib/test/auto/BooleanMultiplexor2.xml
----------------- Instantiating /home/travis/build/icyphy/ptII/ptolemy/actor/lib/test/auto/BooleanMultiplexor2.xml
3 ms. Memory: 281600K Free: 73375K (26%)
----------------- Invoking toplevel() on ptolemy.moml.MoMLSimpleApplication@1b34a1c8
----------------- Done invoking toplevel() on ptolemy.moml.MoMLSimpleApplication@1b34a1c8
reloadAllAccessors: .BooleanMultiplexor2

===========================================================================================
----------------- testing Wed Jan 08 07:02:40 UTC 2020 /home/travis/build/icyphy/ptII/ptolemy/actor/lib/test/auto/BooleanMultiplexor3.xml
----------------- Instantiating /home/travis/build/icyphy/ptII/ptolemy/actor/lib/test/auto/BooleanMultiplexor3.xml
1 ms. Memory: 281600K Free: 227344K (81%)
----------------- Invoking toplevel() on ptolemy.moml.MoMLSimpleApplication@6811c731
----------------- Done invoking toplevel() on ptolemy.moml.MoMLSimpleApplication@6811c731
reloadAllAccessors: .BooleanMultiplexor3

===========================================================================================
----------------- testing Wed Jan 08 07:02:40 UTC 2020 /home/travis/build/icyphy/ptII/ptolemy/actor/lib/test/auto/BooleanSelect.xml
----------------- Instantiating /home/travis/build/icyphy/ptII/ptolemy/actor/lib/test/auto/BooleanSelect.xml
3 ms. Memory: 281600K Free: 221696K (79%)
----------------- Invoking toplevel() on ptolemy.moml.MoMLSimpleApplication@734f1fe3
----------------- Done invoking toplevel() on ptolemy.moml.MoMLSimpleApplication@734f1fe3
reloadAllAccessors: .BooleanSelect

===========================================================================================
----------------- testing Wed Jan 08 07:02:40 UTC 2020 /home/travis/build/icyphy/ptII/ptolemy/actor/lib/test/auto/BooleanSelect2.xml
----------------- Instantiating /home/travis/build/icyphy/ptII/ptolemy/actor/lib/test/auto/BooleanSelect2.xml
2 ms. Memory: 281600K Free: 217104K (77%)
----------------- Invoking toplevel() on ptolemy.moml.MoMLSimpleApplication@75847583
----------------- Done invoking toplevel() on ptolemy.moml.MoMLSimpleApplication@75847583
reloadAllAccessors: .BooleanSelect2

===========================================================================================
----------------- testing Wed Jan 08 07:02:40 UTC 2020 /home/travis/build/icyphy/ptII/ptolemy/actor/lib/test/auto/BooleanSwitch.xml
----------------- Instantiating /home/travis/build/icyphy/ptII/ptolemy/actor/lib/test/auto/BooleanSwitch.xml
9 ms. Memory: 281600K Free: 210960K (75%)
----------------- Invoking toplevel() on ptolemy.moml.MoMLSimpleApplication@4b709e2b
----------------- Done invoking toplevel() on ptolemy.moml.MoMLSimpleApplication@4b709e2b
reloadAllAccessors: .BooleanSwitch

===========================================================================================
----------------- testing Wed Jan 08 07:02:40 UTC 2020 /home/travis/build/icyphy/ptII/ptolemy/actor/lib/test/auto/BooleanSwitch2.xml
----------------- Instantiating /home/travis/build/icyphy/ptII/ptolemy/actor/lib/test/auto/BooleanSwitch2.xml
2 ms. Memory: 281600K Free: 206350K (73%)
----------------- Invoking toplevel() on ptolemy.moml.MoMLSimpleApplication@7f403ab6
----------------- Done invoking toplevel() on ptolemy.moml.MoMLSimpleApplication@7f403ab6
reloadAllAccessors: .BooleanSwitch2

===========================================================================================
----------------- testing Wed Jan 08 07:02:40 UTC 2020 /home/travis/build/icyphy/ptII/ptolemy/actor/lib/test/auto/BooleanSwitchCloningBugWithClassRelationGroup.xml
----------------- Instantiating /home/travis/build/icyphy/ptII/ptolemy/actor/lib/test/auto/BooleanSwitchCloningBugWithClassRelationGroup.xml
4 ms. Memory: 281600K Free: 200206K (71%)
----------------- Invoking toplevel() on ptolemy.moml.MoMLSimpleApplication@69a10857
----------------- Done invoking toplevel() on ptolemy.moml.MoMLSimpleApplication@69a10857
reloadAllAccessors: .BooleanSwitchCloningBugWithClassRelationGroup

===========================================================================================
----------------- testing Wed Jan 08 07:02:40 UTC 2020 /home/travis/build/icyphy/ptII/ptolemy/actor/lib/test/auto/BusActors.xml
----------------- Instantiating /home/travis/build/icyphy/ptII/ptolemy/actor/lib/test/auto/BusActors.xml
6 ms. Memory: 281600K Free: 192014K (68%)
----------------- Invoking toplevel() on ptolemy.moml.MoMLSimpleApplication@2e071a11
----------------- Done invoking toplevel() on ptolemy.moml.MoMLSimpleApplication@2e071a11
reloadAllAccessors: .BusActors

===========================================================================================
----------------- testing Wed Jan 08 07:02:40 UTC 2020 /home/travis/build/icyphy/ptII/ptolemy/actor/lib/test/auto/ClassWrapper.xml
----------------- Instantiating /home/travis/build/icyphy/ptII/ptolemy/actor/lib/test/auto/ClassWrapper.xml
3 ms. Memory: 281600K Free: 187918K (67%)
----------------- Invoking toplevel() on ptolemy.moml.MoMLSimpleApplication@6f3445d
----------------- Done invoking toplevel() on ptolemy.moml.MoMLSimpleApplication@6f3445d
reloadAllAccessors: .ClassWrapper

===========================================================================================
----------------- testing Wed Jan 08 07:02:40 UTC 2020 /home/travis/build/icyphy/ptII/ptolemy/actor/lib/test/auto/Clock.xml
----------------- Instantiating /home/travis/build/icyphy/ptII/ptolemy/actor/lib/test/auto/Clock.xml
1 ms. Memory: 281600K Free: 183822K (65%)
----------------- Invoking toplevel() on ptolemy.moml.MoMLSimpleApplication@2234b2d2
----------------- Done invoking toplevel() on ptolemy.moml.MoMLSimpleApplication@2234b2d2
reloadAllAccessors: .Clock

===========================================================================================
----------------- testing Wed Jan 08 07:02:40 UTC 2020 /home/travis/build/icyphy/ptII/ptolemy/actor/lib/test/auto/Clock10.xml
----------------- Instantiating /home/travis/build/icyphy/ptII/ptolemy/actor/lib/test/auto/Clock10.xml
2 ms. Memory: 281600K Free: 178192K (63%)
----------------- Invoking toplevel() on ptolemy.moml.MoMLSimpleApplication@73fc13de
----------------- Done invoking toplevel() on ptolemy.moml.MoMLSimpleApplication@73fc13de
reloadAllAccessors: .Clock10

===========================================================================================
----------------- testing Wed Jan 08 07:02:40 UTC 2020 /home/travis/build/icyphy/ptII/ptolemy/actor/lib/test/auto/Clock11.xml
----------------- Instantiating /home/travis/build/icyphy/ptII/ptolemy/actor/lib/test/auto/Clock11.xml
3 ms. Memory: 281600K Free: 172048K (61%)
----------------- Invoking toplevel() on ptolemy.moml.MoMLSimpleApplication@1df6a068
----------------- Done invoking toplevel() on ptolemy.moml.MoMLSimpleApplication@1df6a068
reloadAllAccessors: .Clock11

===========================================================================================
----------------- testing Wed Jan 08 07:02:40 UTC 2020 /home/travis/build/icyphy/ptII/ptolemy/actor/lib/test/auto/Clock12.xml
----------------- Instantiating /home/travis/build/icyphy/ptII/ptolemy/actor/lib/test/auto/Clock12.xml
5 ms. Memory: 281600K Free: 166414K (59%)
----------------- Invoking toplevel() on ptolemy.moml.MoMLSimpleApplication@3f00e598
----------------- Done invoking toplevel() on ptolemy.moml.MoMLSimpleApplication@3f00e598
reloadAllAccessors: .Clock12

===========================================================================================
----------------- testing Wed Jan 08 07:02:40 UTC 2020 /home/travis/build/icyphy/ptII/ptolemy/actor/lib/test/auto/Clock13.xml
----------------- Instantiating /home/travis/build/icyphy/ptII/ptolemy/actor/lib/test/auto/Clock13.xml
3 ms. Memory: 281600K Free: 160264K (57%)
----------------- Invoking toplevel() on ptolemy.moml.MoMLSimpleApplication@25262f05
----------------- Done invoking toplevel() on ptolemy.moml.MoMLSimpleApplication@25262f05
reloadAllAccessors: .Clock13

===========================================================================================
----------------- testing Wed Jan 08 07:02:40 UTC 2020 /home/travis/build/icyphy/ptII/ptolemy/actor/lib/test/auto/Clock14.xml
----------------- Instantiating /home/travis/build/icyphy/ptII/ptolemy/actor/lib/test/auto/Clock14.xml
3 ms. Memory: 281600K Free: 154640K (55%)
----------------- Invoking toplevel() on ptolemy.moml.MoMLSimpleApplication@76a11a69
----------------- Done invoking toplevel() on ptolemy.moml.MoMLSimpleApplication@76a11a69
reloadAllAccessors: .Clock14

===========================================================================================
----------------- testing Wed Jan 08 07:02:40 UTC 2020 /home/travis/build/icyphy/ptII/ptolemy/actor/lib/test/auto/Clock15.xml
----------------- Instantiating /home/travis/build/icyphy/ptII/ptolemy/actor/lib/test/auto/Clock15.xml
5 ms. Memory: 281600K Free: 148496K (53%)
----------------- Invoking toplevel() on ptolemy.moml.MoMLSimpleApplication@206299c0
----------------- Done invoking toplevel() on ptolemy.moml.MoMLSimpleApplication@206299c0
reloadAllAccessors: .Clock15

===========================================================================================
----------------- testing Wed Jan 08 07:02:40 UTC 2020 /home/travis/build/icyphy/ptII/ptolemy/actor/lib/test/auto/Clock16.xml
----------------- Instantiating /home/travis/build/icyphy/ptII/ptolemy/actor/lib/test/auto/Clock16.xml
41 ms. Memory: 281600K Free: 133640K (47%)
----------------- Invoking toplevel() on ptolemy.moml.MoMLSimpleApplication@2c8c1173
----------------- Done invoking toplevel() on ptolemy.moml.MoMLSimpleApplication@2c8c1173
reloadAllAccessors: .Clock16

===========================================================================================
----------------- testing Wed Jan 08 07:02:40 UTC 2020 /home/travis/build/icyphy/ptII/ptolemy/actor/lib/test/auto/Clock17.xml
----------------- Instantiating /home/travis/build/icyphy/ptII/ptolemy/actor/lib/test/auto/Clock17.xml
14 ms. Memory: 281600K Free: 119824K (43%)
----------------- Invoking toplevel() on ptolemy.moml.MoMLSimpleApplication@10799c57
----------------- Done invoking toplevel() on ptolemy.moml.MoMLSimpleApplication@10799c57
reloadAllAccessors: .Clock17

===========================================================================================
----------------- testing Wed Jan 08 07:02:40 UTC 2020 /home/travis/build/icyphy/ptII/ptolemy/actor/lib/test/auto/Clock18.xml
----------------- Instantiating /home/travis/build/icyphy/ptII/ptolemy/actor/lib/test/auto/Clock18.xml
13 ms. Memory: 281600K Free: 105968K (38%)
----------------- Invoking toplevel() on ptolemy.moml.MoMLSimpleApplication@1255c167
----------------- Done invoking toplevel() on ptolemy.moml.MoMLSimpleApplication@1255c167
reloadAllAccessors: .Clock18

===========================================================================================
----------------- testing Wed Jan 08 07:02:40 UTC 2020 /home/travis/build/icyphy/ptII/ptolemy/actor/lib/test/auto/Clock19.xml
----------------- Instantiating /home/travis/build/icyphy/ptII/ptolemy/actor/lib/test/auto/Clock19.xml
12 ms. Memory: 281600K Free: 93200K (33%)
----------------- Invoking toplevel() on ptolemy.moml.MoMLSimpleApplication@66c53c4d
----------------- Done invoking toplevel() on ptolemy.moml.MoMLSimpleApplication@66c53c4d
reloadAllAccessors: .Clock19

===========================================================================================
----------------- testing Wed Jan 08 07:02:40 UTC 2020 /home/travis/build/icyphy/ptII/ptolemy/actor/lib/test/auto/Clock2.xml
----------------- Instantiating /home/travis/build/icyphy/ptII/ptolemy/actor/lib/test/auto/Clock2.xml
5 ms. Memory: 281600K Free: 88576K (31%)
----------------- Invoking toplevel() on ptolemy.moml.MoMLSimpleApplication@60623a68
----------------- Done invoking toplevel() on ptolemy.moml.MoMLSimpleApplication@60623a68
reloadAllAccessors: .Clock2

===========================================================================================
----------------- testing Wed Jan 08 07:02:40 UTC 2020 /home/travis/build/icyphy/ptII/ptolemy/actor/lib/test/auto/Clock20.xml
----------------- Instantiating /home/travis/build/icyphy/ptII/ptolemy/actor/lib/test/auto/Clock20.xml
5 ms. Memory: 281600K Free: 83470K (30%)
----------------- Invoking toplevel() on ptolemy.moml.MoMLSimpleApplication@15619187
----------------- Done invoking toplevel() on ptolemy.moml.MoMLSimpleApplication@15619187
reloadAllAccessors: .Clock20

===========================================================================================
----------------- testing Wed Jan 08 07:02:40 UTC 2020 /home/travis/build/icyphy/ptII/ptolemy/actor/lib/test/auto/Clock21.xml
----------------- Instantiating /home/travis/build/icyphy/ptII/ptolemy/actor/lib/test/auto/Clock21.xml
2 ms. Memory: 281600K Free: 77840K (28%)
----------------- Invoking toplevel() on ptolemy.moml.MoMLSimpleApplication@76be30c0
----------------- Done invoking toplevel() on ptolemy.moml.MoMLSimpleApplication@76be30c0
reloadAllAccessors: .Clock21

===========================================================================================
----------------- testing Wed Jan 08 07:02:40 UTC 2020 /home/travis/build/icyphy/ptII/ptolemy/actor/lib/test/auto/Clock22.xml
----------------- Instantiating /home/travis/build/icyphy/ptII/ptolemy/actor/lib/test/auto/Clock22.xml
53 ms. Memory: 557056K Free: 506053K (91%)
----------------- Invoking toplevel() on ptolemy.moml.MoMLSimpleApplication@574ba3c3
----------------- Done invoking toplevel() on ptolemy.moml.MoMLSimpleApplication@574ba3c3
reloadAllAccessors: .Clock22

===========================================================================================
----------------- testing Wed Jan 08 07:02:40 UTC 2020 /home/travis/build/icyphy/ptII/ptolemy/actor/lib/test/auto/Clock23.xml
----------------- Instantiating /home/travis/build/icyphy/ptII/ptolemy/actor/lib/test/auto/Clock23.xml
2 ms. Memory: 557056K Free: 499869K (90%)
----------------- Invoking toplevel() on ptolemy.moml.MoMLSimpleApplication@7ae10994
----------------- Done invoking toplevel() on ptolemy.moml.MoMLSimpleApplication@7ae10994
reloadAllAccessors: .Clock23

===========================================================================================
----------------- testing Wed Jan 08 07:02:40 UTC 2020 /home/travis/build/icyphy/ptII/ptolemy/actor/lib/test/auto/Clock24.xml
----------------- Instantiating /home/travis/build/icyphy/ptII/ptolemy/actor/lib/test/auto/Clock24.xml
2 ms. Memory: 557056K Free: 494239K (89%)
----------------- Invoking toplevel() on ptolemy.moml.MoMLSimpleApplication@2f89cca7
----------------- Done invoking toplevel() on ptolemy.moml.MoMLSimpleApplication@2f89cca7
reloadAllAccessors: .Clock24

===========================================================================================
----------------- testing Wed Jan 08 07:02:40 UTC 2020 /home/travis/build/icyphy/ptII/ptolemy/actor/lib/test/auto/Clock4.xml
----------------- Instantiating /home/travis/build/icyphy/ptII/ptolemy/actor/lib/test/auto/Clock4.xml
1 ms. Memory: 557056K Free: 489598K (88%)
----------------- Invoking toplevel() on ptolemy.moml.MoMLSimpleApplication@224cd547
----------------- Done invoking toplevel() on ptolemy.moml.MoMLSimpleApplication@224cd547
reloadAllAccessors: .Clock4

===========================================================================================
----------------- testing Wed Jan 08 07:02:41 UTC 2020 /home/travis/build/icyphy/ptII/ptolemy/actor/lib/test/auto/Clock5.xml
----------------- Instantiating /home/travis/build/icyphy/ptII/ptolemy/actor/lib/test/auto/Clock5.xml
2 ms. Memory: 557056K Free: 483999K (87%)
----------------- Invoking toplevel() on ptolemy.moml.MoMLSimpleApplication@6f994c5d
----------------- Done invoking toplevel() on ptolemy.moml.MoMLSimpleApplication@6f994c5d
reloadAllAccessors: .Clock5

===========================================================================================
----------------- testing Wed Jan 08 07:02:41 UTC 2020 /home/travis/build/icyphy/ptII/ptolemy/actor/lib/test/auto/Clock6.xml
----------------- Instantiating /home/travis/build/icyphy/ptII/ptolemy/actor/lib/test/auto/Clock6.xml
1 ms. Memory: 557056K Free: 480398K (86%)
----------------- Invoking toplevel() on ptolemy.moml.MoMLSimpleApplication@588426f9
----------------- Done invoking toplevel() on ptolemy.moml.MoMLSimpleApplication@588426f9
reloadAllAccessors: .Clock6

===========================================================================================
----------------- testing Wed Jan 08 07:02:41 UTC 2020 /home/travis/build/icyphy/ptII/ptolemy/actor/lib/test/auto/Clock7.xml
----------------- Instantiating /home/travis/build/icyphy/ptII/ptolemy/actor/lib/test/auto/Clock7.xml
3 ms. Memory: 557056K Free: 475293K (85%)
----------------- Invoking toplevel() on ptolemy.moml.MoMLSimpleApplication@d90af89
----------------- Done invoking toplevel() on ptolemy.moml.MoMLSimpleApplication@d90af89
reloadAllAccessors: .Clock7

===========================================================================================
----------------- testing Wed Jan 08 07:02:41 UTC 2020 /home/travis/build/icyphy/ptII/ptolemy/actor/lib/test/auto/Clock8.xml
----------------- Instantiating /home/travis/build/icyphy/ptII/ptolemy/actor/lib/test/auto/Clock8.xml
6 ms. Memory: 557056K Free: 469663K (84%)
----------------- Invoking toplevel() on ptolemy.moml.MoMLSimpleApplication@67abd4f7
----------------- Done invoking toplevel() on ptolemy.moml.MoMLSimpleApplication@67abd4f7
reloadAllAccessors: .Clock8

===========================================================================================
----------------- testing Wed Jan 08 07:02:41 UTC 2020 /home/travis/build/icyphy/ptII/ptolemy/actor/lib/test/auto/Clock9.xml
----------------- Instantiating /home/travis/build/icyphy/ptII/ptolemy/actor/lib/test/auto/Clock9.xml
5 ms. Memory: 557056K Free: 464543K (83%)
----------------- Invoking toplevel() on ptolemy.moml.MoMLSimpleApplication@3c995ff1
----------------- Done invoking toplevel() on ptolemy.moml.MoMLSimpleApplication@3c995ff1
reloadAllAccessors: .Clock9

===========================================================================================
----------------- testing Wed Jan 08 07:02:41 UTC 2020 /home/travis/build/icyphy/ptII/ptolemy/actor/lib/test/auto/CommDistDiscard.xml
----------------- Instantiating /home/travis/build/icyphy/ptII/ptolemy/actor/lib/test/auto/CommDistDiscard.xml
5 ms. Memory: 557056K Free: 458909K (82%)
----------------- Invoking toplevel() on ptolemy.moml.MoMLSimpleApplication@63cb398b
----------------- Done invoking toplevel() on ptolemy.moml.MoMLSimpleApplication@63cb398b
reloadAllAccessors: .CommDistDiscard

===========================================================================================
----------------- testing Wed Jan 08 07:02:41 UTC 2020 /home/travis/build/icyphy/ptII/ptolemy/actor/lib/test/auto/Commutator.xml
----------------- Instantiating /home/travis/build/icyphy/ptII/ptolemy/actor/lib/test/auto/Commutator.xml
2 ms. Memory: 557056K Free: 454813K (82%)
----------------- Invoking toplevel() on ptolemy.moml.MoMLSimpleApplication@2b3e61c6
----------------- Done invoking toplevel() on ptolemy.moml.MoMLSimpleApplication@2b3e61c6
reloadAllAccessors: .Commutator

===========================================================================================
----------------- testing Wed Jan 08 07:02:41 UTC 2020 /home/travis/build/icyphy/ptII/ptolemy/actor/lib/test/auto/Commutator2.xml
----------------- Instantiating /home/travis/build/icyphy/ptII/ptolemy/actor/lib/test/auto/Commutator2.xml
2 ms. Memory: 557056K Free: 450207K (81%)
----------------- Invoking toplevel() on ptolemy.moml.MoMLSimpleApplication@481e2f05
----------------- Done invoking toplevel() on ptolemy.moml.MoMLSimpleApplication@481e2f05
reloadAllAccessors: .Commutator2

===========================================================================================
----------------- testing Wed Jan 08 07:02:41 UTC 2020 /home/travis/build/icyphy/ptII/ptolemy/actor/lib/test/auto/Commutator3.xml
----------------- Instantiating /home/travis/build/icyphy/ptII/ptolemy/actor/lib/test/auto/Commutator3.xml
2 ms. Memory: 557056K Free: 445597K (80%)
----------------- Invoking toplevel() on ptolemy.moml.MoMLSimpleApplication@d5d1045
----------------- Done invoking toplevel() on ptolemy.moml.MoMLSimpleApplication@d5d1045
reloadAllAccessors: .Commutator3

===========================================================================================
----------------- testing Wed Jan 08 07:02:41 UTC 2020 /home/travis/build/icyphy/ptII/ptolemy/actor/lib/test/auto/Compare.xml
----------------- Instantiating /home/travis/build/icyphy/ptII/ptolemy/actor/lib/test/auto/Compare.xml
2 ms. Memory: 557056K Free: 439453K (79%)
----------------- Invoking toplevel() on ptolemy.moml.MoMLSimpleApplication@637947f
----------------- Done invoking toplevel() on ptolemy.moml.MoMLSimpleApplication@637947f
reloadAllAccessors: .Compare

===========================================================================================
----------------- testing Wed Jan 08 07:02:41 UTC 2020 /home/travis/build/icyphy/ptII/ptolemy/actor/lib/test/auto/CompareDE.xml
----------------- Instantiating /home/travis/build/icyphy/ptII/ptolemy/actor/lib/test/auto/CompareDE.xml
5 ms. Memory: 557056K Free: 432270K (78%)
----------------- Invoking toplevel() on ptolemy.moml.MoMLSimpleApplication@72c453aa
----------------- Done invoking toplevel() on ptolemy.moml.MoMLSimpleApplication@72c453aa
reloadAllAccessors: .CompareDE

===========================================================================================
----------------- testing Wed Jan 08 07:02:41 UTC 2020 /home/travis/build/icyphy/ptII/ptolemy/actor/lib/test/auto/ComplexDivide.xml
----------------- Instantiating /home/travis/build/icyphy/ptII/ptolemy/actor/lib/test/auto/ComplexDivide.xml
1 ms. Memory: 557056K Free: 428703K (77%)
----------------- Invoking toplevel() on ptolemy.moml.MoMLSimpleApplication@23e92c1d
----------------- Done invoking toplevel() on ptolemy.moml.MoMLSimpleApplication@23e92c1d
reloadAllAccessors: .ComplexDivide

===========================================================================================
----------------- testing Wed Jan 08 07:02:41 UTC 2020 /home/travis/build/icyphy/ptII/ptolemy/actor/lib/test/auto/ComputeHistogram.xml
----------------- Instantiating /home/travis/build/icyphy/ptII/ptolemy/actor/lib/test/auto/ComputeHistogram.xml
34 ms. Memory: 557056K Free: 415901K (75%)
----------------- Invoking toplevel() on ptolemy.moml.MoMLSimpleApplication@7bf9d27d
----------------- Done invoking toplevel() on ptolemy.moml.MoMLSimpleApplication@7bf9d27d
reloadAllAccessors: .ComputeHistogram

===========================================================================================
----------------- testing Wed Jan 08 07:02:41 UTC 2020 /home/travis/build/icyphy/ptII/ptolemy/actor/lib/test/auto/ConfigurationSelect.xml
----------------- Instantiating /home/travis/build/icyphy/ptII/ptolemy/actor/lib/test/auto/ConfigurationSelect.xml
7 ms. Memory: 557056K Free: 410271K (74%)
----------------- Invoking toplevel() on ptolemy.moml.MoMLSimpleApplication@5488d9f
----------------- Done invoking toplevel() on ptolemy.moml.MoMLSimpleApplication@5488d9f
reloadAllAccessors: .ConfigurationSelect

===========================================================================================
----------------- testing Wed Jan 08 07:02:41 UTC 2020 /home/travis/build/icyphy/ptII/ptolemy/actor/lib/test/auto/ConfigurationSelect2.xml
----------------- Instantiating /home/travis/build/icyphy/ptII/ptolemy/actor/lib/test/auto/ConfigurationSelect2.xml
2 ms. Memory: 557056K Free: 406175K (73%)
----------------- Invoking toplevel() on ptolemy.moml.MoMLSimpleApplication@341c46f
----------------- Done invoking toplevel() on ptolemy.moml.MoMLSimpleApplication@341c46f
reloadAllAccessors: .ConfigurationSelect2

===========================================================================================
----------------- testing Wed Jan 08 07:02:41 UTC 2020 /home/travis/build/icyphy/ptII/ptolemy/actor/lib/test/auto/ConfigurationSwitch.xml
----------------- Instantiating /home/travis/build/icyphy/ptII/ptolemy/actor/lib/test/auto/ConfigurationSwitch.xml
6 ms. Memory: 557056K Free: 400541K (72%)
----------------- Invoking toplevel() on ptolemy.moml.MoMLSimpleApplication@31cf9fc4
----------------- Done invoking toplevel() on ptolemy.moml.MoMLSimpleApplication@31cf9fc4
reloadAllAccessors: .ConfigurationSwitch

===========================================================================================
----------------- testing Wed Jan 08 07:02:41 UTC 2020 /home/travis/build/icyphy/ptII/ptolemy/actor/lib/test/auto/ConfigurationSwitch2.xml
----------------- Instantiating /home/travis/build/icyphy/ptII/ptolemy/actor/lib/test/auto/ConfigurationSwitch2.xml
2 ms. Memory: 557056K Free: 395421K (71%)
----------------- Invoking toplevel() on ptolemy.moml.MoMLSimpleApplication@6faf82f5
----------------- Done invoking toplevel() on ptolemy.moml.MoMLSimpleApplication@6faf82f5
reloadAllAccessors: .ConfigurationSwitch2

===========================================================================================
----------------- testing Wed Jan 08 07:02:41 UTC 2020 /home/travis/build/icyphy/ptII/ptolemy/actor/lib/test/auto/ConfigurationSwitchCloningBugWithClassRelationGroup.xml
----------------- Instantiating /home/travis/build/icyphy/ptII/ptolemy/actor/lib/test/auto/ConfigurationSwitchCloningBugWithClassRelationGroup.xml
2 ms. Memory: 557056K Free: 388767K (70%)
----------------- Invoking toplevel() on ptolemy.moml.MoMLSimpleApplication@7baeab13
----------------- Done invoking toplevel() on ptolemy.moml.MoMLSimpleApplication@7baeab13
reloadAllAccessors: .ConfigurationSwitchCloningBugWithClassRelationGroup

===========================================================================================
----------------- testing Wed Jan 08 07:02:41 UTC 2020 /home/travis/build/icyphy/ptII/ptolemy/actor/lib/test/auto/ConfigurationSwitchSelectSDF.xml
----------------- Instantiating /home/travis/build/icyphy/ptII/ptolemy/actor/lib/test/auto/ConfigurationSwitchSelectSDF.xml
3 ms. Memory: 557056K Free: 383133K (69%)
----------------- Invoking toplevel() on ptolemy.moml.MoMLSimpleApplication@7dc6b023
----------------- Done invoking toplevel() on ptolemy.moml.MoMLSimpleApplication@7dc6b023
reloadAllAccessors: .ConfigurationSwitchSelectSDF

===========================================================================================
----------------- testing Wed Jan 08 07:02:41 UTC 2020 /home/travis/build/icyphy/ptII/ptolemy/actor/lib/test/auto/ConfigurationSwitchSelectSDF2.xml
----------------- Instantiating /home/travis/build/icyphy/ptII/ptolemy/actor/lib/test/auto/ConfigurationSwitchSelectSDF2.xml
4 ms. Memory: 557056K Free: 377503K (68%)
----------------- Invoking toplevel() on ptolemy.moml.MoMLSimpleApplication@7e6c213e
----------------- Done invoking toplevel() on ptolemy.moml.MoMLSimpleApplication@7e6c213e
reloadAllAccessors: .ConfigurationSwitchSelectSDF2

===========================================================================================
----------------- testing Wed Jan 08 07:02:41 UTC 2020 /home/travis/build/icyphy/ptII/ptolemy/actor/lib/test/auto/Const.xml
----------------- Instantiating /home/travis/build/icyphy/ptII/ptolemy/actor/lib/test/auto/Const.xml
1 ms. Memory: 557056K Free: 373917K (67%)
----------------- Invoking toplevel() on ptolemy.moml.MoMLSimpleApplication@7b72f618
----------------- Done invoking toplevel() on ptolemy.moml.MoMLSimpleApplication@7b72f618
reloadAllAccessors: .Const

===========================================================================================
----------------- testing Wed Jan 08 07:02:41 UTC 2020 /home/travis/build/icyphy/ptII/ptolemy/actor/lib/test/auto/Const2.xml
----------------- Instantiating /home/travis/build/icyphy/ptII/ptolemy/actor/lib/test/auto/Const2.xml
2 ms. Memory: 557056K Free: 369821K (66%)
----------------- Invoking toplevel() on ptolemy.moml.MoMLSimpleApplication@71c25a4a
----------------- Done invoking toplevel() on ptolemy.moml.MoMLSimpleApplication@71c25a4a
reloadAllAccessors: .Const2

===========================================================================================
----------------- testing Wed Jan 08 07:02:41 UTC 2020 /home/travis/build/icyphy/ptII/ptolemy/actor/lib/test/auto/Const3.xml
----------------- Instantiating /home/travis/build/icyphy/ptII/ptolemy/actor/lib/test/auto/Const3.xml
1 ms. Memory: 557056K Free: 367263K (66%)
----------------- Invoking toplevel() on ptolemy.moml.MoMLSimpleApplication@32e45238
----------------- Done invoking toplevel() on ptolemy.moml.MoMLSimpleApplication@32e45238
reloadAllAccessors: .Const3

===========================================================================================
----------------- testing Wed Jan 08 07:02:41 UTC 2020 /home/travis/build/icyphy/ptII/ptolemy/actor/lib/test/auto/ConstantPublisherPort1.xml
----------------- Instantiating /home/travis/build/icyphy/ptII/ptolemy/actor/lib/test/auto/ConstantPublisherPort1.xml
13 ms. Memory: 557056K Free: 358047K (64%)
----------------- Invoking toplevel() on ptolemy.moml.MoMLSimpleApplication@78ada5b0
----------------- Done invoking toplevel() on ptolemy.moml.MoMLSimpleApplication@78ada5b0
reloadAllAccessors: .ConstantPublisherPort1

===========================================================================================
----------------- testing Wed Jan 08 07:02:41 UTC 2020 /home/travis/build/icyphy/ptII/ptolemy/actor/lib/test/auto/ConstantPublisherPort2.xml
----------------- Instantiating /home/travis/build/icyphy/ptII/ptolemy/actor/lib/test/auto/ConstantPublisherPort2.xml
10 ms. Memory: 557056K Free: 349855K (63%)
----------------- Invoking toplevel() on ptolemy.moml.MoMLSimpleApplication@20807f65
----------------- Done invoking toplevel() on ptolemy.moml.MoMLSimpleApplication@20807f65
reloadAllAccessors: .ConstantPublisherPort2

===========================================================================================
----------------- testing Wed Jan 08 07:02:41 UTC 2020 /home/travis/build/icyphy/ptII/ptolemy/actor/lib/test/auto/ConstantPublisherPort3.xml
----------------- Instantiating /home/travis/build/icyphy/ptII/ptolemy/actor/lib/test/auto/ConstantPublisherPort3.xml
8 ms. Memory: 557056K Free: 342687K (62%)
----------------- Invoking toplevel() on ptolemy.moml.MoMLSimpleApplication@126f7ef2
----------------- Done invoking toplevel() on ptolemy.moml.MoMLSimpleApplication@126f7ef2
reloadAllAccessors: .ConstantPublisherPort3

===========================================================================================
----------------- testing Wed Jan 08 07:02:41 UTC 2020 /home/travis/build/icyphy/ptII/ptolemy/actor/lib/test/auto/ConstantPublisherPort4.xml
----------------- Instantiating /home/travis/build/icyphy/ptII/ptolemy/actor/lib/test/auto/ConstantPublisherPort4.xml
4 ms. Memory: 557056K Free: 335519K (60%)
----------------- Invoking toplevel() on ptolemy.moml.MoMLSimpleApplication@4558e2
----------------- Done invoking toplevel() on ptolemy.moml.MoMLSimpleApplication@4558e2
reloadAllAccessors: .ConstantPublisherPort4

===========================================================================================
----------------- testing Wed Jan 08 07:02:41 UTC 2020 /home/travis/build/icyphy/ptII/ptolemy/actor/lib/test/auto/ConstantPublisherPort5.xml
----------------- Instantiating /home/travis/build/icyphy/ptII/ptolemy/actor/lib/test/auto/ConstantPublisherPort5.xml
36 ms. Memory: 557056K Free: 325789K (58%)
----------------- Invoking toplevel() on ptolemy.moml.MoMLSimpleApplication@155afa03
----------------- Done invoking toplevel() on ptolemy.moml.MoMLSimpleApplication@155afa03
reloadAllAccessors: .ConstantPublisherPort5

===========================================================================================
----------------- testing Wed Jan 08 07:02:41 UTC 2020 /home/travis/build/icyphy/ptII/ptolemy/actor/lib/test/auto/ConstantPublisherPort6.xml
----------------- Instantiating /home/travis/build/icyphy/ptII/ptolemy/actor/lib/test/auto/ConstantPublisherPort6.xml
12 ms. Memory: 557056K Free: 317087K (57%)
----------------- Invoking toplevel() on ptolemy.moml.MoMLSimpleApplication@62258e42
----------------- Done invoking toplevel() on ptolemy.moml.MoMLSimpleApplication@62258e42
reloadAllAccessors: .ConstantPublisherPort6

===========================================================================================
----------------- testing Wed Jan 08 07:02:41 UTC 2020 /home/travis/build/icyphy/ptII/ptolemy/actor/lib/test/auto/ConstantPublisherPort7.xml
----------------- Instantiating /home/travis/build/icyphy/ptII/ptolemy/actor/lib/test/auto/ConstantPublisherPort7.xml
16 ms. Memory: 557056K Free: 307871K (55%)
----------------- Invoking toplevel() on ptolemy.moml.MoMLSimpleApplication@2f1ab43
----------------- Done invoking toplevel() on ptolemy.moml.MoMLSimpleApplication@2f1ab43
reloadAllAccessors: .ConstantPublisherPort7

===========================================================================================
----------------- testing Wed Jan 08 07:02:41 UTC 2020 /home/travis/build/icyphy/ptII/ptolemy/actor/lib/test/auto/ConstraintMonitor1.xml
----------------- Instantiating /home/travis/build/icyphy/ptII/ptolemy/actor/lib/test/auto/ConstraintMonitor1.xml
7 ms. Memory: 557056K Free: 302237K (54%)
----------------- Invoking toplevel() on ptolemy.moml.MoMLSimpleApplication@78a6ecb
----------------- Done invoking toplevel() on ptolemy.moml.MoMLSimpleApplication@78a6ecb
reloadAllAccessors: .ConstraintMonitor1

===========================================================================================
----------------- testing Wed Jan 08 07:02:41 UTC 2020 /home/travis/build/icyphy/ptII/ptolemy/actor/lib/test/auto/ConstraintMonitor2.xml
----------------- Instantiating /home/travis/build/icyphy/ptII/ptolemy/actor/lib/test/auto/ConstraintMonitor2.xml
2 ms. Memory: 557056K Free: 298141K (54%)
----------------- Invoking toplevel() on ptolemy.moml.MoMLSimpleApplication@2d9eedbf
----------------- Done invoking toplevel() on ptolemy.moml.MoMLSimpleApplication@2d9eedbf
reloadAllAccessors: .ConstraintMonitor2

===========================================================================================
----------------- testing Wed Jan 08 07:02:41 UTC 2020 /home/travis/build/icyphy/ptII/ptolemy/actor/lib/test/auto/ConstraintMonitor3.xml
----------------- Instantiating /home/travis/build/icyphy/ptII/ptolemy/actor/lib/test/auto/ConstraintMonitor3.xml
4 ms. Memory: 557056K Free: 293535K (53%)
----------------- Invoking toplevel() on ptolemy.moml.MoMLSimpleApplication@589e4dcc
----------------- Done invoking toplevel() on ptolemy.moml.MoMLSimpleApplication@589e4dcc
reloadAllAccessors: .ConstraintMonitor3

===========================================================================================
----------------- testing Wed Jan 08 07:02:41 UTC 2020 /home/travis/build/icyphy/ptII/ptolemy/actor/lib/test/auto/ConstraintMonitor4.xml
----------------- Instantiating /home/travis/build/icyphy/ptII/ptolemy/actor/lib/test/auto/ConstraintMonitor4.xml
4 ms. Memory: 557056K Free: 288415K (52%)
----------------- Invoking toplevel() on ptolemy.moml.MoMLSimpleApplication@43839c5a
----------------- Done invoking toplevel() on ptolemy.moml.MoMLSimpleApplication@43839c5a
reloadAllAccessors: .ConstraintMonitor4

===========================================================================================
----------------- testing Wed Jan 08 07:02:41 UTC 2020 /home/travis/build/icyphy/ptII/ptolemy/actor/lib/test/auto/ConstraintMonitor5.xml
----------------- Instantiating /home/travis/build/icyphy/ptII/ptolemy/actor/lib/test/auto/ConstraintMonitor5.xml
6 ms. Memory: 557056K Free: 283295K (51%)
----------------- Invoking toplevel() on ptolemy.moml.MoMLSimpleApplication@5e93310a
----------------- Done invoking toplevel() on ptolemy.moml.MoMLSimpleApplication@5e93310a
reloadAllAccessors: .ConstraintMonitor5

===========================================================================================
----------------- testing Wed Jan 08 07:02:42 UTC 2020 /home/travis/build/icyphy/ptII/ptolemy/actor/lib/test/auto/ConstraintMonitor6.xml
----------------- Instantiating /home/travis/build/icyphy/ptII/ptolemy/actor/lib/test/auto/ConstraintMonitor6.xml
3 ms. Memory: 557056K Free: 277151K (50%)
----------------- Invoking toplevel() on ptolemy.moml.MoMLSimpleApplication@32e22d2e
----------------- Done invoking toplevel() on ptolemy.moml.MoMLSimpleApplication@32e22d2e
reloadAllAccessors: .ConstraintMonitor6

===========================================================================================
----------------- testing Wed Jan 08 07:02:42 UTC 2020 /home/travis/build/icyphy/ptII/ptolemy/actor/lib/test/auto/ConstraintMonitor7.xml
----------------- Instantiating /home/travis/build/icyphy/ptII/ptolemy/actor/lib/test/auto/ConstraintMonitor7.xml
5 ms. Memory: 557056K Free: 270486K (49%)
----------------- Invoking toplevel() on ptolemy.moml.MoMLSimpleApplication@1719b6c2
----------------- Done invoking toplevel() on ptolemy.moml.MoMLSimpleApplication@1719b6c2
reloadAllAccessors: .ConstraintMonitor7

===========================================================================================
----------------- testing Wed Jan 08 07:02:42 UTC 2020 /home/travis/build/icyphy/ptII/ptolemy/actor/lib/test/auto/ConstraintMonitor8.xml
----------------- Instantiating /home/travis/build/icyphy/ptII/ptolemy/actor/lib/test/auto/ConstraintMonitor8.xml
8 ms. Memory: 557056K Free: 263325K (47%)
----------------- Invoking toplevel() on ptolemy.moml.MoMLSimpleApplication@4575a343
----------------- Done invoking toplevel() on ptolemy.moml.MoMLSimpleApplication@4575a343
reloadAllAccessors: .ConstraintMonitor8

===========================================================================================
----------------- testing Wed Jan 08 07:02:42 UTC 2020 /home/travis/build/icyphy/ptII/ptolemy/actor/lib/test/auto/Counter.xml
----------------- Instantiating /home/travis/build/icyphy/ptII/ptolemy/actor/lib/test/auto/Counter.xml
3 ms. Memory: 557056K Free: 258205K (46%)
----------------- Invoking toplevel() on ptolemy.moml.MoMLSimpleApplication@3f4f801a
----------------- Done invoking toplevel() on ptolemy.moml.MoMLSimpleApplication@3f4f801a
reloadAllAccessors: .Counter

===========================================================================================
----------------- testing Wed Jan 08 07:02:42 UTC 2020 /home/travis/build/icyphy/ptII/ptolemy/actor/lib/test/auto/CurrentTimeSDF.xml
----------------- Instantiating /home/travis/build/icyphy/ptII/ptolemy/actor/lib/test/auto/CurrentTimeSDF.xml
1 ms. Memory: 557056K Free: 254109K (46%)
----------------- Invoking toplevel() on ptolemy.moml.MoMLSimpleApplication@5b445a4a
----------------- Done invoking toplevel() on ptolemy.moml.MoMLSimpleApplication@5b445a4a
reloadAllAccessors: .CurrentTimeSDF

===========================================================================================
----------------- testing Wed Jan 08 07:02:42 UTC 2020 /home/travis/build/icyphy/ptII/ptolemy/actor/lib/test/auto/DB.xml
----------------- Instantiating /home/travis/build/icyphy/ptII/ptolemy/actor/lib/test/auto/DB.xml
2 ms. Memory: 557056K Free: 248989K (45%)
----------------- Invoking toplevel() on ptolemy.moml.MoMLSimpleApplication@753deb16
----------------- Done invoking toplevel() on ptolemy.moml.MoMLSimpleApplication@753deb16
reloadAllAccessors: .DB

===========================================================================================
----------------- testing Wed Jan 08 07:02:42 UTC 2020 /home/travis/build/icyphy/ptII/ptolemy/actor/lib/test/auto/DBDE.xml
----------------- Instantiating /home/travis/build/icyphy/ptII/ptolemy/actor/lib/test/auto/DBDE.xml
2 ms. Memory: 557056K Free: 242814K (44%)
----------------- Invoking toplevel() on ptolemy.moml.MoMLSimpleApplication@69701e12
----------------- Done invoking toplevel() on ptolemy.moml.MoMLSimpleApplication@69701e12
reloadAllAccessors: .DBDE

===========================================================================================
----------------- testing Wed Jan 08 07:02:42 UTC 2020 /home/travis/build/icyphy/ptII/ptolemy/actor/lib/test/auto/DateConstructor.xml
----------------- Instantiating /home/travis/build/icyphy/ptII/ptolemy/actor/lib/test/auto/DateConstructor.xml
27 ms. Memory: 557056K Free: 224413K (40%)
----------------- Invoking toplevel() on ptolemy.moml.MoMLSimpleApplication@35c4d30d
----------------- Done invoking toplevel() on ptolemy.moml.MoMLSimpleApplication@35c4d30d
reloadAllAccessors: .DateConstructor

===========================================================================================
----------------- testing Wed Jan 08 07:02:42 UTC 2020 /home/travis/build/icyphy/ptII/ptolemy/actor/lib/test/auto/DelayTime.xml
----------------- Instantiating /home/travis/build/icyphy/ptII/ptolemy/actor/lib/test/auto/DelayTime.xml
8 ms. Memory: 557056K Free: 219807K (39%)
----------------- Invoking toplevel() on ptolemy.moml.MoMLSimpleApplication@761e86e1
----------------- Done invoking toplevel() on ptolemy.moml.MoMLSimpleApplication@761e86e1
reloadAllAccessors: .DelayTime

===========================================================================================
----------------- testing Wed Jan 08 07:02:42 UTC 2020 /home/travis/build/icyphy/ptII/ptolemy/actor/lib/test/auto/Dictionary1.xml
----------------- Instantiating /home/travis/build/icyphy/ptII/ptolemy/actor/lib/test/auto/Dictionary1.xml
2 ms. Memory: 557056K Free: 500381K (90%)
----------------- Invoking toplevel() on ptolemy.moml.MoMLSimpleApplication@691112fe
----------------- Done invoking toplevel() on ptolemy.moml.MoMLSimpleApplication@691112fe
reloadAllAccessors: .Dictionary1

===========================================================================================
----------------- testing Wed Jan 08 07:02:42 UTC 2020 /home/travis/build/icyphy/ptII/ptolemy/actor/lib/test/auto/Dictionary2.xml
----------------- Instantiating /home/travis/build/icyphy/ptII/ptolemy/actor/lib/test/auto/Dictionary2.xml
2 ms. Memory: 557056K Free: 494751K (89%)
----------------- Invoking toplevel() on ptolemy.moml.MoMLSimpleApplication@7680b7e6
----------------- Done invoking toplevel() on ptolemy.moml.MoMLSimpleApplication@7680b7e6
reloadAllAccessors: .Dictionary2

===========================================================================================
----------------- testing Wed Jan 08 07:02:42 UTC 2020 /home/travis/build/icyphy/ptII/ptolemy/actor/lib/test/auto/Dictionary3.xml
----------------- Instantiating /home/travis/build/icyphy/ptII/ptolemy/actor/lib/test/auto/Dictionary3.xml
2 ms. Memory: 557056K Free: 489117K (88%)
----------------- Invoking toplevel() on ptolemy.moml.MoMLSimpleApplication@493d26b8
----------------- Done invoking toplevel() on ptolemy.moml.MoMLSimpleApplication@493d26b8
reloadAllAccessors: .Dictionary3

===========================================================================================
----------------- testing Wed Jan 08 07:02:42 UTC 2020 /home/travis/build/icyphy/ptII/ptolemy/actor/lib/test/auto/Dictionary4.xml
----------------- Instantiating /home/travis/build/icyphy/ptII/ptolemy/actor/lib/test/auto/Dictionary4.xml
3 ms. Memory: 557056K Free: 482463K (87%)
----------------- Invoking toplevel() on ptolemy.moml.MoMLSimpleApplication@45868476
----------------- Done invoking toplevel() on ptolemy.moml.MoMLSimpleApplication@45868476
reloadAllAccessors: .Dictionary4

===========================================================================================
----------------- testing Wed Jan 08 07:02:42 UTC 2020 /home/travis/build/icyphy/ptII/ptolemy/actor/lib/test/auto/Differential.xml
----------------- Instantiating /home/travis/build/icyphy/ptII/ptolemy/actor/lib/test/auto/Differential.xml
3 ms. Memory: 557056K Free: 477853K (86%)
----------------- Invoking toplevel() on ptolemy.moml.MoMLSimpleApplication@69c0f995
----------------- Done invoking toplevel() on ptolemy.moml.MoMLSimpleApplication@69c0f995
reloadAllAccessors: .Differential

===========================================================================================
----------------- testing Wed Jan 08 07:02:42 UTC 2020 /home/travis/build/icyphy/ptII/ptolemy/actor/lib/test/auto/Director.xml
----------------- Instantiating /home/travis/build/icyphy/ptII/ptolemy/actor/lib/test/auto/Director.xml
4 ms. Memory: 557056K Free: 474271K (85%)
----------------- Invoking toplevel() on ptolemy.moml.MoMLSimpleApplication@6d3e5c2b
----------------- Done invoking toplevel() on ptolemy.moml.MoMLSimpleApplication@6d3e5c2b
reloadAllAccessors: .Director

===========================================================================================
----------------- testing Wed Jan 08 07:02:42 UTC 2020 /home/travis/build/icyphy/ptII/ptolemy/actor/lib/test/auto/DiscreteClock.xml
----------------- Instantiating /home/travis/build/icyphy/ptII/ptolemy/actor/lib/test/auto/DiscreteClock.xml
1 ms. Memory: 557056K Free: 470685K (84%)
----------------- Invoking toplevel() on ptolemy.moml.MoMLSimpleApplication@58b293aa
----------------- Done invoking toplevel() on ptolemy.moml.MoMLSimpleApplication@58b293aa
reloadAllAccessors: .DiscreteClock

===========================================================================================
----------------- testing Wed Jan 08 07:02:42 UTC 2020 /home/travis/build/icyphy/ptII/ptolemy/actor/lib/test/auto/DiscreteClock10.xml
----------------- Instantiating /home/travis/build/icyphy/ptII/ptolemy/actor/lib/test/auto/DiscreteClock10.xml
2 ms. Memory: 557056K Free: 464541K (83%)
----------------- Invoking toplevel() on ptolemy.moml.MoMLSimpleApplication@1c537c6a
----------------- Done invoking toplevel() on ptolemy.moml.MoMLSimpleApplication@1c537c6a
reloadAllAccessors: .DiscreteClock10

===========================================================================================
----------------- testing Wed Jan 08 07:02:42 UTC 2020 /home/travis/build/icyphy/ptII/ptolemy/actor/lib/test/auto/DiscreteClock11.xml
----------------- Instantiating /home/travis/build/icyphy/ptII/ptolemy/actor/lib/test/auto/DiscreteClock11.xml
2 ms. Memory: 557056K Free: 458397K (82%)
----------------- Invoking toplevel() on ptolemy.moml.MoMLSimpleApplication@35553cd1
----------------- Done invoking toplevel() on ptolemy.moml.MoMLSimpleApplication@35553cd1
reloadAllAccessors: .DiscreteClock11

===========================================================================================
----------------- testing Wed Jan 08 07:02:42 UTC 2020 /home/travis/build/icyphy/ptII/ptolemy/actor/lib/test/auto/DiscreteClock12.xml
----------------- Instantiating /home/travis/build/icyphy/ptII/ptolemy/actor/lib/test/auto/DiscreteClock12.xml
2 ms. Memory: 557056K Free: 452253K (81%)
----------------- Invoking toplevel() on ptolemy.moml.MoMLSimpleApplication@6d640d20
----------------- Done invoking toplevel() on ptolemy.moml.MoMLSimpleApplication@6d640d20
reloadAllAccessors: .DiscreteClock12

===========================================================================================
----------------- testing Wed Jan 08 07:02:42 UTC 2020 /home/travis/build/icyphy/ptII/ptolemy/actor/lib/test/auto/DiscreteClock13.xml
----------------- Instantiating /home/travis/build/icyphy/ptII/ptolemy/actor/lib/test/auto/DiscreteClock13.xml
5 ms. Memory: 557056K Free: 446623K (80%)
----------------- Invoking toplevel() on ptolemy.moml.MoMLSimpleApplication@11bedfe1
----------------- Done invoking toplevel() on ptolemy.moml.MoMLSimpleApplication@11bedfe1
reloadAllAccessors: .DiscreteClock13

===========================================================================================
----------------- testing Wed Jan 08 07:02:42 UTC 2020 /home/travis/build/icyphy/ptII/ptolemy/actor/lib/test/auto/DiscreteClock14.xml
----------------- Instantiating /home/travis/build/icyphy/ptII/ptolemy/actor/lib/test/auto/DiscreteClock14.xml
4 ms. Memory: 557056K Free: 440479K (79%)
----------------- Invoking toplevel() on ptolemy.moml.MoMLSimpleApplication@66661435
----------------- Done invoking toplevel() on ptolemy.moml.MoMLSimpleApplication@66661435
reloadAllAccessors: .DiscreteClock14

===========================================================================================
----------------- testing Wed Jan 08 07:02:42 UTC 2020 /home/travis/build/icyphy/ptII/ptolemy/actor/lib/test/auto/DiscreteClock15.xml
----------------- Instantiating /home/travis/build/icyphy/ptII/ptolemy/actor/lib/test/auto/DiscreteClock15.xml
4 ms. Memory: 557056K Free: 434335K (78%)
----------------- Invoking toplevel() on ptolemy.moml.MoMLSimpleApplication@713da20d
----------------- Done invoking toplevel() on ptolemy.moml.MoMLSimpleApplication@713da20d
reloadAllAccessors: .DiscreteClock15

===========================================================================================
----------------- testing Wed Jan 08 07:02:42 UTC 2020 /home/travis/build/icyphy/ptII/ptolemy/actor/lib/test/auto/DiscreteClock16.xml
----------------- Instantiating /home/travis/build/icyphy/ptII/ptolemy/actor/lib/test/auto/DiscreteClock16.xml
16 ms. Memory: 557056K Free: 420509K (75%)
----------------- Invoking toplevel() on ptolemy.moml.MoMLSimpleApplication@4aa97a98
----------------- Done invoking toplevel() on ptolemy.moml.MoMLSimpleApplication@4aa97a98
reloadAllAccessors: .DiscreteClock16

===========================================================================================
----------------- testing Wed Jan 08 07:02:42 UTC 2020 /home/travis/build/icyphy/ptII/ptolemy/actor/lib/test/auto/DiscreteClock17.xml
----------------- Instantiating /home/travis/build/icyphy/ptII/ptolemy/actor/lib/test/auto/DiscreteClock17.xml
15 ms. Memory: 557056K Free: 406166K (73%)
----------------- Invoking toplevel() on ptolemy.moml.MoMLSimpleApplication@54a23e84
----------------- Done invoking toplevel() on ptolemy.moml.MoMLSimpleApplication@54a23e84
reloadAllAccessors: .DiscreteClock17

===========================================================================================
----------------- testing Wed Jan 08 07:02:42 UTC 2020 /home/travis/build/icyphy/ptII/ptolemy/actor/lib/test/auto/DiscreteClock18.xml
----------------- Instantiating /home/travis/build/icyphy/ptII/ptolemy/actor/lib/test/auto/DiscreteClock18.xml
25 ms. Memory: 557056K Free: 392846K (71%)
----------------- Invoking toplevel() on ptolemy.moml.MoMLSimpleApplication@29127403
----------------- Done invoking toplevel() on ptolemy.moml.MoMLSimpleApplication@29127403
reloadAllAccessors: .DiscreteClock18

===========================================================================================
----------------- testing Wed Jan 08 07:02:42 UTC 2020 /home/travis/build/icyphy/ptII/ptolemy/actor/lib/test/auto/DiscreteClock19.xml
----------------- Instantiating /home/travis/build/icyphy/ptII/ptolemy/actor/lib/test/auto/DiscreteClock19.xml
18 ms. Memory: 557056K Free: 379039K (68%)
----------------- Invoking toplevel() on ptolemy.moml.MoMLSimpleApplication@2ff23ccb
----------------- Done invoking toplevel() on ptolemy.moml.MoMLSimpleApplication@2ff23ccb
reloadAllAccessors: .DiscreteClock19

===========================================================================================
----------------- testing Wed Jan 08 07:02:42 UTC 2020 /home/travis/build/icyphy/ptII/ptolemy/actor/lib/test/auto/DiscreteClock2.xml
----------------- Instantiating /home/travis/build/icyphy/ptII/ptolemy/actor/lib/test/auto/DiscreteClock2.xml
4 ms. Memory: 557056K Free: 373919K (67%)
----------------- Invoking toplevel() on ptolemy.moml.MoMLSimpleApplication@79a4689a
----------------- Done invoking toplevel() on ptolemy.moml.MoMLSimpleApplication@79a4689a
reloadAllAccessors: .DiscreteClock2

===========================================================================================
----------------- testing Wed Jan 08 07:02:42 UTC 2020 /home/travis/build/icyphy/ptII/ptolemy/actor/lib/test/auto/DiscreteClock20.xml
----------------- Instantiating /home/travis/build/icyphy/ptII/ptolemy/actor/lib/test/auto/DiscreteClock20.xml
9 ms. Memory: 557056K Free: 368799K (66%)
----------------- Invoking toplevel() on ptolemy.moml.MoMLSimpleApplication@4fe38d8c
----------------- Done invoking toplevel() on ptolemy.moml.MoMLSimpleApplication@4fe38d8c
reloadAllAccessors: .DiscreteClock20

===========================================================================================
----------------- testing Wed Jan 08 07:02:42 UTC 2020 /home/travis/build/icyphy/ptII/ptolemy/actor/lib/test/auto/DiscreteClock21.xml
----------------- Instantiating /home/travis/build/icyphy/ptII/ptolemy/actor/lib/test/auto/DiscreteClock21.xml
4 ms. Memory: 557056K Free: 363165K (65%)
----------------- Invoking toplevel() on ptolemy.moml.MoMLSimpleApplication@5ff281a5
----------------- Done invoking toplevel() on ptolemy.moml.MoMLSimpleApplication@5ff281a5
reloadAllAccessors: .DiscreteClock21

===========================================================================================
----------------- testing Wed Jan 08 07:02:42 UTC 2020 /home/travis/build/icyphy/ptII/ptolemy/actor/lib/test/auto/DiscreteClock22.xml
----------------- Instantiating /home/travis/build/icyphy/ptII/ptolemy/actor/lib/test/auto/DiscreteClock22.xml
4 ms. Memory: 557056K Free: 357535K (64%)
----------------- Invoking toplevel() on ptolemy.moml.MoMLSimpleApplication@2f65232a
----------------- Done invoking toplevel() on ptolemy.moml.MoMLSimpleApplication@2f65232a
reloadAllAccessors: .DiscreteClock22

===========================================================================================
----------------- testing Wed Jan 08 07:02:42 UTC 2020 /home/travis/build/icyphy/ptII/ptolemy/actor/lib/test/auto/DiscreteClock23.xml
----------------- Instantiating /home/travis/build/icyphy/ptII/ptolemy/actor/lib/test/auto/DiscreteClock23.xml
9 ms. Memory: 557056K Free: 351901K (63%)
----------------- Invoking toplevel() on ptolemy.moml.MoMLSimpleApplication@2577b53d
----------------- Done invoking toplevel() on ptolemy.moml.MoMLSimpleApplication@2577b53d
reloadAllAccessors: .DiscreteClock23

===========================================================================================
----------------- testing Wed Jan 08 07:02:42 UTC 2020 /home/travis/build/icyphy/ptII/ptolemy/actor/lib/test/auto/DiscreteClock24.xml
----------------- Instantiating /home/travis/build/icyphy/ptII/ptolemy/actor/lib/test/auto/DiscreteClock24.xml
4 ms. Memory: 557056K Free: 346781K (62%)
----------------- Invoking toplevel() on ptolemy.moml.MoMLSimpleApplication@6e32f910
----------------- Done invoking toplevel() on ptolemy.moml.MoMLSimpleApplication@6e32f910
reloadAllAccessors: .DiscreteClock24

===========================================================================================
----------------- testing Wed Jan 08 07:02:42 UTC 2020 /home/travis/build/icyphy/ptII/ptolemy/actor/lib/test/auto/DiscreteClock4.xml
----------------- Instantiating /home/travis/build/icyphy/ptII/ptolemy/actor/lib/test/auto/DiscreteClock4.xml
6 ms. Memory: 557056K Free: 341151K (61%)
----------------- Invoking toplevel() on ptolemy.moml.MoMLSimpleApplication@2f009a03
----------------- Done invoking toplevel() on ptolemy.moml.MoMLSimpleApplication@2f009a03
reloadAllAccessors: .DiscreteClock4

===========================================================================================
----------------- testing Wed Jan 08 07:02:42 UTC 2020 /home/travis/build/icyphy/ptII/ptolemy/actor/lib/test/auto/DiscreteClock5.xml
----------------- Instantiating /home/travis/build/icyphy/ptII/ptolemy/actor/lib/test/auto/DiscreteClock5.xml
1 ms. Memory: 557056K Free: 335502K (60%)
----------------- Invoking toplevel() on ptolemy.moml.MoMLSimpleApplication@656693a7
----------------- Done invoking toplevel() on ptolemy.moml.MoMLSimpleApplication@656693a7
reloadAllAccessors: .DiscreteClock5

===========================================================================================
----------------- testing Wed Jan 08 07:02:42 UTC 2020 /home/travis/build/icyphy/ptII/ptolemy/actor/lib/test/auto/DiscreteClock6.xml
----------------- Instantiating /home/travis/build/icyphy/ptII/ptolemy/actor/lib/test/auto/DiscreteClock6.xml
1 ms. Memory: 557056K Free: 330911K (59%)
----------------- Invoking toplevel() on ptolemy.moml.MoMLSimpleApplication@56979614
----------------- Done invoking toplevel() on ptolemy.moml.MoMLSimpleApplication@56979614
reloadAllAccessors: .DiscreteClock6

===========================================================================================
----------------- testing Wed Jan 08 07:02:42 UTC 2020 /home/travis/build/icyphy/ptII/ptolemy/actor/lib/test/auto/DiscreteClock7.xml
----------------- Instantiating /home/travis/build/icyphy/ptII/ptolemy/actor/lib/test/auto/DiscreteClock7.xml
2 ms. Memory: 557056K Free: 326301K (59%)
----------------- Invoking toplevel() on ptolemy.moml.MoMLSimpleApplication@4eb6500
----------------- Done invoking toplevel() on ptolemy.moml.MoMLSimpleApplication@4eb6500
reloadAllAccessors: .DiscreteClock7

===========================================================================================
----------------- testing Wed Jan 08 07:02:42 UTC 2020 /home/travis/build/icyphy/ptII/ptolemy/actor/lib/test/auto/DiscreteClock8.xml
----------------- Instantiating /home/travis/build/icyphy/ptII/ptolemy/actor/lib/test/auto/DiscreteClock8.xml
2 ms. Memory: 557056K Free: 321150K (58%)
----------------- Invoking toplevel() on ptolemy.moml.MoMLSimpleApplication@1e23f85c
----------------- Done invoking toplevel() on ptolemy.moml.MoMLSimpleApplication@1e23f85c
reloadAllAccessors: .DiscreteClock8

===========================================================================================
----------------- testing Wed Jan 08 07:02:43 UTC 2020 /home/travis/build/icyphy/ptII/ptolemy/actor/lib/test/auto/DiscreteClock9.xml
----------------- Instantiating /home/travis/build/icyphy/ptII/ptolemy/actor/lib/test/auto/DiscreteClock9.xml
4 ms. Memory: 557056K Free: 315006K (57%)
----------------- Invoking toplevel() on ptolemy.moml.MoMLSimpleApplication@7857dd92
----------------- Done invoking toplevel() on ptolemy.moml.MoMLSimpleApplication@7857dd92
reloadAllAccessors: .DiscreteClock9

===========================================================================================
----------------- testing Wed Jan 08 07:02:43 UTC 2020 /home/travis/build/icyphy/ptII/ptolemy/actor/lib/test/auto/DisplayArray.xml
----------------- Instantiating /home/travis/build/icyphy/ptII/ptolemy/actor/lib/test/auto/DisplayArray.xml
1 ms. Memory: 557056K Free: 311455K (56%)
----------------- Invoking toplevel() on ptolemy.moml.MoMLSimpleApplication@5875409f
----------------- Done invoking toplevel() on ptolemy.moml.MoMLSimpleApplication@5875409f
reloadAllAccessors: .DisplayArray

===========================================================================================
----------------- testing Wed Jan 08 07:02:43 UTC 2020 /home/travis/build/icyphy/ptII/ptolemy/actor/lib/test/auto/Distributor.xml
----------------- Instantiating /home/travis/build/icyphy/ptII/ptolemy/actor/lib/test/auto/Distributor.xml
1 ms. Memory: 557056K Free: 306335K (55%)
----------------- Invoking toplevel() on ptolemy.moml.MoMLSimpleApplication@39fe5a40
----------------- Done invoking toplevel() on ptolemy.moml.MoMLSimpleApplication@39fe5a40
reloadAllAccessors: .Distributor

===========================================================================================
----------------- testing Wed Jan 08 07:02:43 UTC 2020 /home/travis/build/icyphy/ptII/ptolemy/actor/lib/test/auto/Distributor2.xml
----------------- Instantiating /home/travis/build/icyphy/ptII/ptolemy/actor/lib/test/auto/Distributor2.xml
1 ms. Memory: 557056K Free: 301215K (54%)
----------------- Invoking toplevel() on ptolemy.moml.MoMLSimpleApplication@4be3419d
----------------- Done invoking toplevel() on ptolemy.moml.MoMLSimpleApplication@4be3419d
reloadAllAccessors: .Distributor2

===========================================================================================
----------------- testing Wed Jan 08 07:02:43 UTC 2020 /home/travis/build/icyphy/ptII/ptolemy/actor/lib/test/auto/DownSample.xml
----------------- Instantiating /home/travis/build/icyphy/ptII/ptolemy/actor/lib/test/auto/DownSample.xml
1 ms. Memory: 557056K Free: 297119K (53%)
----------------- Invoking toplevel() on ptolemy.moml.MoMLSimpleApplication@27e02475
----------------- Done invoking toplevel() on ptolemy.moml.MoMLSimpleApplication@27e02475
reloadAllAccessors: .DownSample

===========================================================================================
----------------- testing Wed Jan 08 07:02:43 UTC 2020 /home/travis/build/icyphy/ptII/ptolemy/actor/lib/test/auto/ElectronicUnitBase1.xml
----------------- Instantiating /home/travis/build/icyphy/ptII/ptolemy/actor/lib/test/auto/ElectronicUnitBase1.xml
15 ms. Memory: 557056K Free: 280735K (50%)
----------------- Invoking toplevel() on ptolemy.moml.MoMLSimpleApplication@76d4598b
----------------- Done invoking toplevel() on ptolemy.moml.MoMLSimpleApplication@76d4598b
reloadAllAccessors: .ElectronicUnitBase1

===========================================================================================
----------------- testing Wed Jan 08 07:02:43 UTC 2020 /home/travis/build/icyphy/ptII/ptolemy/actor/lib/test/auto/ElementsToArray.xml
----------------- Instantiating /home/travis/build/icyphy/ptII/ptolemy/actor/lib/test/auto/ElementsToArray.xml
2 ms. Memory: 557056K Free: 275615K (49%)
----------------- Invoking toplevel() on ptolemy.moml.MoMLSimpleApplication@3679f044
----------------- Done invoking toplevel() on ptolemy.moml.MoMLSimpleApplication@3679f044
reloadAllAccessors: .ElementsToArray

===========================================================================================
----------------- testing Wed Jan 08 07:02:43 UTC 2020 /home/travis/build/icyphy/ptII/ptolemy/actor/lib/test/auto/Equals.xml
----------------- Instantiating /home/travis/build/icyphy/ptII/ptolemy/actor/lib/test/auto/Equals.xml
3 ms. Memory: 557056K Free: 271005K (49%)
----------------- Invoking toplevel() on ptolemy.moml.MoMLSimpleApplication@13245200
----------------- Done invoking toplevel() on ptolemy.moml.MoMLSimpleApplication@13245200
reloadAllAccessors: .Equals

===========================================================================================
----------------- testing Wed Jan 08 07:02:43 UTC 2020 /home/travis/build/icyphy/ptII/ptolemy/actor/lib/test/auto/Exec.xml
----------------- Instantiating /home/travis/build/icyphy/ptII/ptolemy/actor/lib/test/auto/Exec.xml
19 ms. Memory: 557056K Free: 264861K (48%)
----------------- Invoking toplevel() on ptolemy.moml.MoMLSimpleApplication@2945a890
----------------- Done invoking toplevel() on ptolemy.moml.MoMLSimpleApplication@2945a890
reloadAllAccessors: .Exec

===========================================================================================
----------------- testing Wed Jan 08 07:02:43 UTC 2020 /home/travis/build/icyphy/ptII/ptolemy/actor/lib/test/auto/ExecEnvironment.xml
----------------- Instantiating /home/travis/build/icyphy/ptII/ptolemy/actor/lib/test/auto/ExecEnvironment.xml
37 ms. Memory: 557056K Free: 259231K (47%)
----------------- Invoking toplevel() on ptolemy.moml.MoMLSimpleApplication@4d20bbc7
----------------- Done invoking toplevel() on ptolemy.moml.MoMLSimpleApplication@4d20bbc7
reloadAllAccessors: .ExecEnvironment

===========================================================================================
----------------- testing Wed Jan 08 07:02:43 UTC 2020 /home/travis/build/icyphy/ptII/ptolemy/actor/lib/test/auto/ExecNonZeroReturnOutput.xml
----------------- Instantiating /home/travis/build/icyphy/ptII/ptolemy/actor/lib/test/auto/ExecNonZeroReturnOutput.xml
168 ms. Memory: 557056K Free: 247967K (45%)
----------------- Invoking toplevel() on ptolemy.moml.MoMLSimpleApplication@55f3d2bc
----------------- Done invoking toplevel() on ptolemy.moml.MoMLSimpleApplication@55f3d2bc
reloadAllAccessors: .ExecNonZeroReturnOutput

===========================================================================================
----------------- testing Wed Jan 08 07:02:43 UTC 2020 /home/travis/build/icyphy/ptII/ptolemy/actor/lib/test/auto/ExecRunDemos.xml
----------------- Instantiating /home/travis/build/icyphy/ptII/ptolemy/actor/lib/test/auto/ExecRunDemos.xml
Finished: 115 ms. Memory: 129024K Free: 112067K (87%)

Finished: 49 ms. Memory: 129024K Free: 109393K (85%)

Finished: 102 ms. Memory: 129024K Free: 109501K (85%)

Finished: 58 ms. Memory: 129024K Free: 111025K (86%)

Finished: 77 ms. Memory: 129024K Free: 111835K (87%)

10576 ms. Memory: 557056K Free: 226463K (41%)
----------------- Invoking toplevel() on ptolemy.moml.MoMLSimpleApplication@5c74d2b1
----------------- Done invoking toplevel() on ptolemy.moml.MoMLSimpleApplication@5c74d2b1
reloadAllAccessors: .ExecRunDemos

===========================================================================================
----------------- testing Wed Jan 08 07:02:54 UTC 2020 /home/travis/build/icyphy/ptII/ptolemy/actor/lib/test/auto/ExecStop.xml
----------------- Instantiating /home/travis/build/icyphy/ptII/ptolemy/actor/lib/test/auto/ExecStop.xml
5006 ms. Memory: 557056K Free: 422301K (76%)
----------------- Invoking toplevel() on ptolemy.moml.MoMLSimpleApplication@6c9c7094
----------------- Done invoking toplevel() on ptolemy.moml.MoMLSimpleApplication@6c9c7094
reloadAllAccessors: .ExecStop

===========================================================================================
----------------- testing Wed Jan 08 07:02:59 UTC 2020 /home/travis/build/icyphy/ptII/ptolemy/actor/lib/test/auto/ExecutionTimeSDF.xml
----------------- Instantiating /home/travis/build/icyphy/ptII/ptolemy/actor/lib/test/auto/ExecutionTimeSDF.xml
Fired ExecutionTime: -1817367296
Fired ExecutionTime: 1340000000
Fired ExecutionTime: -190567296
6007 ms. Memory: 557056K Free: 409247K (73%)
----------------- Invoking toplevel() on ptolemy.moml.MoMLSimpleApplication@5dde40a
----------------- Done invoking toplevel() on ptolemy.moml.MoMLSimpleApplication@5dde40a
reloadAllAccessors: .ExecutionTimeSDF

===========================================================================================
----------------- testing Wed Jan 08 07:03:05 UTC 2020 /home/travis/build/icyphy/ptII/ptolemy/actor/lib/test/auto/Expression1.xml
----------------- Instantiating /home/travis/build/icyphy/ptII/ptolemy/actor/lib/test/auto/Expression1.xml
1 ms. Memory: 557056K Free: 405661K (73%)
----------------- Invoking toplevel() on ptolemy.moml.MoMLSimpleApplication@1cda4c0b
----------------- Done invoking toplevel() on ptolemy.moml.MoMLSimpleApplication@1cda4c0b
reloadAllAccessors: .Expression1

===========================================================================================
----------------- testing Wed Jan 08 07:03:05 UTC 2020 /home/travis/build/icyphy/ptII/ptolemy/actor/lib/test/auto/Expression10.xml
----------------- Instantiating /home/travis/build/icyphy/ptII/ptolemy/actor/lib/test/auto/Expression10.xml
8 ms. Memory: 557056K Free: 400031K (72%)
----------------- Invoking toplevel() on ptolemy.moml.MoMLSimpleApplication@cca9b87
----------------- Done invoking toplevel() on ptolemy.moml.MoMLSimpleApplication@cca9b87
reloadAllAccessors: .Expression10

===========================================================================================
----------------- testing Wed Jan 08 07:03:05 UTC 2020 /home/travis/build/icyphy/ptII/ptolemy/actor/lib/test/auto/Expression11.xml
----------------- Instantiating /home/travis/build/icyphy/ptII/ptolemy/actor/lib/test/auto/Expression11.xml
2 ms. Memory: 557056K Free: 395421K (71%)
----------------- Invoking toplevel() on ptolemy.moml.MoMLSimpleApplication@3dd22ca8
----------------- Done invoking toplevel() on ptolemy.moml.MoMLSimpleApplication@3dd22ca8
reloadAllAccessors: .Expression11

===========================================================================================
----------------- testing Wed Jan 08 07:03:05 UTC 2020 /home/travis/build/icyphy/ptII/ptolemy/actor/lib/test/auto/Expression12.xml
----------------- Instantiating /home/travis/build/icyphy/ptII/ptolemy/actor/lib/test/auto/Expression12.xml
3 ms. Memory: 557056K Free: 389791K (70%)
----------------- Invoking toplevel() on ptolemy.moml.MoMLSimpleApplication@3ca121d3
----------------- Done invoking toplevel() on ptolemy.moml.MoMLSimpleApplication@3ca121d3
reloadAllAccessors: .Expression12

===========================================================================================
----------------- testing Wed Jan 08 07:03:05 UTC 2020 /home/travis/build/icyphy/ptII/ptolemy/actor/lib/test/auto/Expression13.xml
----------------- Instantiating /home/travis/build/icyphy/ptII/ptolemy/actor/lib/test/auto/Expression13.xml
3 ms. Memory: 557056K Free: 385181K (69%)
----------------- Invoking toplevel() on ptolemy.moml.MoMLSimpleApplication@7891ce4d
----------------- Done invoking toplevel() on ptolemy.moml.MoMLSimpleApplication@7891ce4d
reloadAllAccessors: .Expression13

===========================================================================================
----------------- testing Wed Jan 08 07:03:05 UTC 2020 /home/travis/build/icyphy/ptII/ptolemy/actor/lib/test/auto/Expression14.xml
----------------- Instantiating /home/travis/build/icyphy/ptII/ptolemy/actor/lib/test/auto/Expression14.xml
4 ms. Memory: 557056K Free: 379037K (68%)
----------------- Invoking toplevel() on ptolemy.moml.MoMLSimpleApplication@64b16628
----------------- Done invoking toplevel() on ptolemy.moml.MoMLSimpleApplication@64b16628
reloadAllAccessors: .Expression14

===========================================================================================
----------------- testing Wed Jan 08 07:03:05 UTC 2020 /home/travis/build/icyphy/ptII/ptolemy/actor/lib/test/auto/Expression15.xml
----------------- Instantiating /home/travis/build/icyphy/ptII/ptolemy/actor/lib/test/auto/Expression15.xml
1 ms. Memory: 557056K Free: 374941K (67%)
----------------- Invoking toplevel() on ptolemy.moml.MoMLSimpleApplication@1d05da0f
----------------- Done invoking toplevel() on ptolemy.moml.MoMLSimpleApplication@1d05da0f
reloadAllAccessors: .Expression15

===========================================================================================
----------------- testing Wed Jan 08 07:03:05 UTC 2020 /home/travis/build/icyphy/ptII/ptolemy/actor/lib/test/auto/Expression16.xml
----------------- Instantiating /home/travis/build/icyphy/ptII/ptolemy/actor/lib/test/auto/Expression16.xml
4 ms. Memory: 557056K Free: 369821K (66%)
----------------- Invoking toplevel() on ptolemy.moml.MoMLSimpleApplication@471d17da
----------------- Done invoking toplevel() on ptolemy.moml.MoMLSimpleApplication@471d17da
reloadAllAccessors: .Expression16

===========================================================================================
----------------- testing Wed Jan 08 07:03:05 UTC 2020 /home/travis/build/icyphy/ptII/ptolemy/actor/lib/test/auto/Expression17.xml
----------------- Instantiating /home/travis/build/icyphy/ptII/ptolemy/actor/lib/test/auto/Expression17.xml
4 ms. Memory: 557056K Free: 364701K (65%)
----------------- Invoking toplevel() on ptolemy.moml.MoMLSimpleApplication@2b33f474
----------------- Done invoking toplevel() on ptolemy.moml.MoMLSimpleApplication@2b33f474
reloadAllAccessors: .Expression17

===========================================================================================
----------------- testing Wed Jan 08 07:03:05 UTC 2020 /home/travis/build/icyphy/ptII/ptolemy/actor/lib/test/auto/Expression18.xml
----------------- Instantiating /home/travis/build/icyphy/ptII/ptolemy/actor/lib/test/auto/Expression18.xml
7 ms. Memory: 557056K Free: 359581K (65%)
----------------- Invoking toplevel() on ptolemy.moml.MoMLSimpleApplication@1b42d97e
----------------- Done invoking toplevel() on ptolemy.moml.MoMLSimpleApplication@1b42d97e
reloadAllAccessors: .Expression18

===========================================================================================
----------------- testing Wed Jan 08 07:03:05 UTC 2020 /home/travis/build/icyphy/ptII/ptolemy/actor/lib/test/auto/Expression2.xml
----------------- Instantiating /home/travis/build/icyphy/ptII/ptolemy/actor/lib/test/auto/Expression2.xml
3 ms. Memory: 557056K Free: 354461K (64%)
----------------- Invoking toplevel() on ptolemy.moml.MoMLSimpleApplication@3d01fc93
----------------- Done invoking toplevel() on ptolemy.moml.MoMLSimpleApplication@3d01fc93
reloadAllAccessors: .Expression2

===========================================================================================
----------------- testing Wed Jan 08 07:03:05 UTC 2020 /home/travis/build/icyphy/ptII/ptolemy/actor/lib/test/auto/Expression3.xml
----------------- Instantiating /home/travis/build/icyphy/ptII/ptolemy/actor/lib/test/auto/Expression3.xml
6 ms. Memory: 557056K Free: 349855K (63%)
----------------- Invoking toplevel() on ptolemy.moml.MoMLSimpleApplication@4ad63da3
----------------- Done invoking toplevel() on ptolemy.moml.MoMLSimpleApplication@4ad63da3
reloadAllAccessors: .Expression3

===========================================================================================
----------------- testing Wed Jan 08 07:03:05 UTC 2020 /home/travis/build/icyphy/ptII/ptolemy/actor/lib/test/auto/Expression4.xml
----------------- Instantiating /home/travis/build/icyphy/ptII/ptolemy/actor/lib/test/auto/Expression4.xml
5 ms. Memory: 557056K Free: 342173K (61%)
----------------- Invoking toplevel() on ptolemy.moml.MoMLSimpleApplication@13632d27
----------------- Done invoking toplevel() on ptolemy.moml.MoMLSimpleApplication@13632d27
reloadAllAccessors: .Expression4

===========================================================================================
----------------- testing Wed Jan 08 07:03:05 UTC 2020 /home/travis/build/icyphy/ptII/ptolemy/actor/lib/test/auto/Expression5.xml
----------------- Instantiating /home/travis/build/icyphy/ptII/ptolemy/actor/lib/test/auto/Expression5.xml
4 ms. Memory: 557056K Free: 337053K (61%)
----------------- Invoking toplevel() on ptolemy.moml.MoMLSimpleApplication@7de5245f
----------------- Done invoking toplevel() on ptolemy.moml.MoMLSimpleApplication@7de5245f
reloadAllAccessors: .Expression5

===========================================================================================
----------------- testing Wed Jan 08 07:03:05 UTC 2020 /home/travis/build/icyphy/ptII/ptolemy/actor/lib/test/auto/Expression6.xml
----------------- Instantiating /home/travis/build/icyphy/ptII/ptolemy/actor/lib/test/auto/Expression6.xml
2 ms. Memory: 557056K Free: 332447K (60%)
----------------- Invoking toplevel() on ptolemy.moml.MoMLSimpleApplication@245abe1a
----------------- Done invoking toplevel() on ptolemy.moml.MoMLSimpleApplication@245abe1a
reloadAllAccessors: .Expression6

===========================================================================================
----------------- testing Wed Jan 08 07:03:05 UTC 2020 /home/travis/build/icyphy/ptII/ptolemy/actor/lib/test/auto/Expression7.xml
----------------- Instantiating /home/travis/build/icyphy/ptII/ptolemy/actor/lib/test/auto/Expression7.xml
2 ms. Memory: 557056K Free: 327327K (59%)
----------------- Invoking toplevel() on ptolemy.moml.MoMLSimpleApplication@2bb19376
----------------- Done invoking toplevel() on ptolemy.moml.MoMLSimpleApplication@2bb19376
reloadAllAccessors: .Expression7

===========================================================================================
----------------- testing Wed Jan 08 07:03:05 UTC 2020 /home/travis/build/icyphy/ptII/ptolemy/actor/lib/test/auto/Expression8.xml
----------------- Instantiating /home/travis/build/icyphy/ptII/ptolemy/actor/lib/test/auto/Expression8.xml
7 ms. Memory: 557056K Free: 322207K (58%)
----------------- Invoking toplevel() on ptolemy.moml.MoMLSimpleApplication@3a26f788
----------------- Done invoking toplevel() on ptolemy.moml.MoMLSimpleApplication@3a26f788
reloadAllAccessors: .Expression8

===========================================================================================
----------------- testing Wed Jan 08 07:03:05 UTC 2020 /home/travis/build/icyphy/ptII/ptolemy/actor/lib/test/auto/Expression9.xml
----------------- Instantiating /home/travis/build/icyphy/ptII/ptolemy/actor/lib/test/auto/Expression9.xml
1 ms. Memory: 557056K Free: 318111K (57%)
----------------- Invoking toplevel() on ptolemy.moml.MoMLSimpleApplication@2491b306
----------------- Done invoking toplevel() on ptolemy.moml.MoMLSimpleApplication@2491b306
reloadAllAccessors: .Expression9

===========================================================================================
----------------- testing Wed Jan 08 07:03:05 UTC 2020 /home/travis/build/icyphy/ptII/ptolemy/actor/lib/test/auto/ExpressionConcatenateArrayType.xml
----------------- Instantiating /home/travis/build/icyphy/ptII/ptolemy/actor/lib/test/auto/ExpressionConcatenateArrayType.xml
3 ms. Memory: 557056K Free: 311967K (56%)
----------------- Invoking toplevel() on ptolemy.moml.MoMLSimpleApplication@73e62f73
----------------- Done invoking toplevel() on ptolemy.moml.MoMLSimpleApplication@73e62f73
reloadAllAccessors: .ExpressionConcatenateArrayType

===========================================================================================
----------------- testing Wed Jan 08 07:03:05 UTC 2020 /home/travis/build/icyphy/ptII/ptolemy/actor/lib/test/auto/ExpressionConcatenateArrayType2.xml
----------------- Instantiating /home/travis/build/icyphy/ptII/ptolemy/actor/lib/test/auto/ExpressionConcatenateArrayType2.xml
2 ms. Memory: 557056K Free: 306333K (55%)
----------------- Invoking toplevel() on ptolemy.moml.MoMLSimpleApplication@1f29e450
----------------- Done invoking toplevel() on ptolemy.moml.MoMLSimpleApplication@1f29e450
reloadAllAccessors: .ExpressionConcatenateArrayType2

===========================================================================================
----------------- testing Wed Jan 08 07:03:05 UTC 2020 /home/travis/build/icyphy/ptII/ptolemy/actor/lib/test/auto/ExpressionFix.xml
----------------- Instantiating /home/travis/build/icyphy/ptII/ptolemy/actor/lib/test/auto/ExpressionFix.xml
21 ms. Memory: 557056K Free: 299679K (54%)
----------------- Invoking toplevel() on ptolemy.moml.MoMLSimpleApplication@1695cbe0
----------------- Done invoking toplevel() on ptolemy.moml.MoMLSimpleApplication@1695cbe0
reloadAllAccessors: .ExpressionFix

===========================================================================================
----------------- testing Wed Jan 08 07:03:05 UTC 2020 /home/travis/build/icyphy/ptII/ptolemy/actor/lib/test/auto/ExpressionFix2.xml
----------------- Instantiating /home/travis/build/icyphy/ptII/ptolemy/actor/lib/test/auto/ExpressionFix2.xml
4 ms. Memory: 557056K Free: 295583K (53%)
----------------- Invoking toplevel() on ptolemy.moml.MoMLSimpleApplication@30a1c77c
----------------- Done invoking toplevel() on ptolemy.moml.MoMLSimpleApplication@30a1c77c
reloadAllAccessors: .ExpressionFix2

===========================================================================================
----------------- testing Wed Jan 08 07:03:05 UTC 2020 /home/travis/build/icyphy/ptII/ptolemy/actor/lib/test/auto/ExpressionFix3.xml
----------------- Instantiating /home/travis/build/icyphy/ptII/ptolemy/actor/lib/test/auto/ExpressionFix3.xml
3 ms. Memory: 557056K Free: 290973K (52%)
----------------- Invoking toplevel() on ptolemy.moml.MoMLSimpleApplication@1a72c195
----------------- Done invoking toplevel() on ptolemy.moml.MoMLSimpleApplication@1a72c195
reloadAllAccessors: .ExpressionFix3

===========================================================================================
----------------- testing Wed Jan 08 07:03:05 UTC 2020 /home/travis/build/icyphy/ptII/ptolemy/actor/lib/test/auto/FileWriter1.xml
----------------- Instantiating /home/travis/build/icyphy/ptII/ptolemy/actor/lib/test/auto/FileWriter1.xml
1 ms. Memory: 557056K Free: 286877K (51%)
----------------- Invoking toplevel() on ptolemy.moml.MoMLSimpleApplication@63e6af2d
----------------- Done invoking toplevel() on ptolemy.moml.MoMLSimpleApplication@63e6af2d
reloadAllAccessors: .FileWriter1

===========================================================================================
----------------- testing Wed Jan 08 07:03:05 UTC 2020 /home/travis/build/icyphy/ptII/ptolemy/actor/lib/test/auto/FileWriter2.xml
----------------- Instantiating /home/travis/build/icyphy/ptII/ptolemy/actor/lib/test/auto/FileWriter2.xml
2 ms. Memory: 557056K Free: 282271K (51%)
----------------- Invoking toplevel() on ptolemy.moml.MoMLSimpleApplication@2621af74
----------------- Done invoking toplevel() on ptolemy.moml.MoMLSimpleApplication@2621af74
reloadAllAccessors: .FileWriter2

===========================================================================================
----------------- testing Wed Jan 08 07:03:05 UTC 2020 /home/travis/build/icyphy/ptII/ptolemy/actor/lib/test/auto/FileWriter3.xml
----------------- Instantiating /home/travis/build/icyphy/ptII/ptolemy/actor/lib/test/auto/FileWriter3.xml
2 ms. Memory: 557056K Free: 278175K (50%)
----------------- Invoking toplevel() on ptolemy.moml.MoMLSimpleApplication@44bea4f6
----------------- Done invoking toplevel() on ptolemy.moml.MoMLSimpleApplication@44bea4f6
reloadAllAccessors: .FileWriter3

===========================================================================================
----------------- testing Wed Jan 08 07:03:05 UTC 2020 /home/travis/build/icyphy/ptII/ptolemy/actor/lib/test/auto/Gaussian.xml
----------------- Instantiating /home/travis/build/icyphy/ptII/ptolemy/actor/lib/test/auto/Gaussian.xml
3 ms. Memory: 557056K Free: 273565K (49%)
----------------- Invoking toplevel() on ptolemy.moml.MoMLSimpleApplication@3fd06f41
----------------- Done invoking toplevel() on ptolemy.moml.MoMLSimpleApplication@3fd06f41
reloadAllAccessors: .Gaussian

===========================================================================================
----------------- testing Wed Jan 08 07:03:05 UTC 2020 /home/travis/build/icyphy/ptII/ptolemy/actor/lib/test/auto/Gaussian1.xml
----------------- Instantiating /home/travis/build/icyphy/ptII/ptolemy/actor/lib/test/auto/Gaussian1.xml
8 ms. Memory: 557056K Free: 268430K (48%)
----------------- Invoking toplevel() on ptolemy.moml.MoMLSimpleApplication@5f1f1029
----------------- Done invoking toplevel() on ptolemy.moml.MoMLSimpleApplication@5f1f1029
reloadAllAccessors: .Gaussian1

===========================================================================================
----------------- testing Wed Jan 08 07:03:05 UTC 2020 /home/travis/build/icyphy/ptII/ptolemy/actor/lib/test/auto/Gaussian2.xml
----------------- Instantiating /home/travis/build/icyphy/ptII/ptolemy/actor/lib/test/auto/Gaussian2.xml
2 ms. Memory: 557056K Free: 262815K (47%)
----------------- Invoking toplevel() on ptolemy.moml.MoMLSimpleApplication@72f6ce10
----------------- Done invoking toplevel() on ptolemy.moml.MoMLSimpleApplication@72f6ce10
reloadAllAccessors: .Gaussian2

===========================================================================================
----------------- testing Wed Jan 08 07:03:05 UTC 2020 /home/travis/build/icyphy/ptII/ptolemy/actor/lib/test/auto/GradientAdaptiveLattice.xml
----------------- Instantiating /home/travis/build/icyphy/ptII/ptolemy/actor/lib/test/auto/GradientAdaptiveLattice.xml
2 ms. Memory: 557056K Free: 257695K (46%)
----------------- Invoking toplevel() on ptolemy.moml.MoMLSimpleApplication@220f1dc5
----------------- Done invoking toplevel() on ptolemy.moml.MoMLSimpleApplication@220f1dc5
reloadAllAccessors: .GradientAdaptiveLattice

===========================================================================================
----------------- testing Wed Jan 08 07:03:05 UTC 2020 /home/travis/build/icyphy/ptII/ptolemy/actor/lib/test/auto/IIR.xml
----------------- Instantiating /home/travis/build/icyphy/ptII/ptolemy/actor/lib/test/auto/IIR.xml
1 ms. Memory: 557056K Free: 253085K (45%)
----------------- Invoking toplevel() on ptolemy.moml.MoMLSimpleApplication@33b97efd
----------------- Done invoking toplevel() on ptolemy.moml.MoMLSimpleApplication@33b97efd
reloadAllAccessors: .IIR

===========================================================================================
----------------- testing Wed Jan 08 07:03:05 UTC 2020 /home/travis/build/icyphy/ptII/ptolemy/actor/lib/test/auto/InputOutputTransparentPorts.xml
----------------- Instantiating /home/travis/build/icyphy/ptII/ptolemy/actor/lib/test/auto/InputOutputTransparentPorts.xml
2 ms. Memory: 557056K Free: 245917K (44%)
----------------- Invoking toplevel() on ptolemy.moml.MoMLSimpleApplication@278182f2
----------------- Done invoking toplevel() on ptolemy.moml.MoMLSimpleApplication@278182f2
reloadAllAccessors: .InputOutputTransparentPorts

===========================================================================================
----------------- testing Wed Jan 08 07:03:05 UTC 2020 /home/travis/build/icyphy/ptII/ptolemy/actor/lib/test/auto/Interpolator.xml
----------------- Instantiating /home/travis/build/icyphy/ptII/ptolemy/actor/lib/test/auto/Interpolator.xml
3 ms. Memory: 557056K Free: 241309K (43%)
----------------- Invoking toplevel() on ptolemy.moml.MoMLSimpleApplication@5716af59
----------------- Done invoking toplevel() on ptolemy.moml.MoMLSimpleApplication@5716af59
reloadAllAccessors: .Interpolator

===========================================================================================
----------------- testing Wed Jan 08 07:03:05 UTC 2020 /home/travis/build/icyphy/ptII/ptolemy/actor/lib/test/auto/InterpolatorFiringLimitDE.xml
----------------- Instantiating /home/travis/build/icyphy/ptII/ptolemy/actor/lib/test/auto/InterpolatorFiringLimitDE.xml
2 ms. Memory: 557056K Free: 234143K (42%)
----------------- Invoking toplevel() on ptolemy.moml.MoMLSimpleApplication@bfb767
----------------- Done invoking toplevel() on ptolemy.moml.MoMLSimpleApplication@bfb767
reloadAllAccessors: .InterpolatorFiringLimitDE

===========================================================================================
----------------- testing Wed Jan 08 07:03:05 UTC 2020 /home/travis/build/icyphy/ptII/ptolemy/actor/lib/test/auto/Lattice.xml
----------------- Instantiating /home/travis/build/icyphy/ptII/ptolemy/actor/lib/test/auto/Lattice.xml
1 ms. Memory: 557056K Free: 230047K (41%)
----------------- Invoking toplevel() on ptolemy.moml.MoMLSimpleApplication@1992f8cb
----------------- Done invoking toplevel() on ptolemy.moml.MoMLSimpleApplication@1992f8cb
reloadAllAccessors: .Lattice

===========================================================================================
----------------- testing Wed Jan 08 07:03:05 UTC 2020 /home/travis/build/icyphy/ptII/ptolemy/actor/lib/test/auto/LazyAOCTestLazy.xml
----------------- Instantiating /home/travis/build/icyphy/ptII/ptolemy/actor/lib/test/auto/LazyAOCTestLazy.xml
14 ms. Memory: 557056K Free: 223903K (40%)
----------------- Invoking toplevel() on ptolemy.moml.MoMLSimpleApplication@44514736
----------------- Done invoking toplevel() on ptolemy.moml.MoMLSimpleApplication@44514736
reloadAllAccessors: .LazyAOCTestLazy

===========================================================================================
----------------- testing Wed Jan 08 07:03:05 UTC 2020 /home/travis/build/icyphy/ptII/ptolemy/actor/lib/test/auto/LazyAOCTestNonLazy.xml
----------------- Instantiating /home/travis/build/icyphy/ptII/ptolemy/actor/lib/test/auto/LazyAOCTestNonLazy.xml
2 ms. Memory: 557056K Free: 217245K (39%)
----------------- Invoking toplevel() on ptolemy.moml.MoMLSimpleApplication@77588a68
----------------- Done invoking toplevel() on ptolemy.moml.MoMLSimpleApplication@77588a68
reloadAllAccessors: .LazyAOCTestNonLazy

===========================================================================================
----------------- testing Wed Jan 08 07:03:05 UTC 2020 /home/travis/build/icyphy/ptII/ptolemy/actor/lib/test/auto/LazyInnerClass.xml
----------------- Instantiating /home/travis/build/icyphy/ptII/ptolemy/actor/lib/test/auto/LazyInnerClass.xml
18 ms. Memory: 557056K Free: 208543K (37%)
----------------- Invoking toplevel() on ptolemy.moml.MoMLSimpleApplication@37dc4f48
----------------- Done invoking toplevel() on ptolemy.moml.MoMLSimpleApplication@37dc4f48
reloadAllAccessors: .LazyInnerClass

===========================================================================================
----------------- testing Wed Jan 08 07:03:06 UTC 2020 /home/travis/build/icyphy/ptII/ptolemy/actor/lib/test/auto/LazyPubSub.xml
----------------- Instantiating /home/travis/build/icyphy/ptII/ptolemy/actor/lib/test/auto/LazyPubSub.xml
38 ms. Memory: 557056K Free: 198813K (36%)
----------------- Invoking toplevel() on ptolemy.moml.MoMLSimpleApplication@1223675d
----------------- Done invoking toplevel() on ptolemy.moml.MoMLSimpleApplication@1223675d
reloadAllAccessors: .LazyPubSub

===========================================================================================
----------------- testing Wed Jan 08 07:03:06 UTC 2020 /home/travis/build/icyphy/ptII/ptolemy/actor/lib/test/auto/LazyPubSub2.xml
----------------- Instantiating /home/travis/build/icyphy/ptII/ptolemy/actor/lib/test/auto/LazyPubSub2.xml
10 ms. Memory: 557056K Free: 188573K (34%)
----------------- Invoking toplevel() on ptolemy.moml.MoMLSimpleApplication@ac404c9
----------------- Done invoking toplevel() on ptolemy.moml.MoMLSimpleApplication@ac404c9
reloadAllAccessors: .LazyPubSub2

===========================================================================================
----------------- testing Wed Jan 08 07:03:06 UTC 2020 /home/travis/build/icyphy/ptII/ptolemy/actor/lib/test/auto/LazyPubSub3.xml
----------------- Instantiating /home/travis/build/icyphy/ptII/ptolemy/actor/lib/test/auto/LazyPubSub3.xml
12 ms. Memory: 557056K Free: 500381K (90%)
----------------- Invoking toplevel() on ptolemy.moml.MoMLSimpleApplication@4adc4391
----------------- Done invoking toplevel() on ptolemy.moml.MoMLSimpleApplication@4adc4391
reloadAllAccessors: .LazyPubSub3

===========================================================================================
----------------- testing Wed Jan 08 07:03:06 UTC 2020 /home/travis/build/icyphy/ptII/ptolemy/actor/lib/test/auto/LazySubClassModel.xml
----------------- Instantiating /home/travis/build/icyphy/ptII/ptolemy/actor/lib/test/auto/LazySubClassModel.xml
2 ms. Memory: 557056K Free: 491165K (88%)
----------------- Invoking toplevel() on ptolemy.moml.MoMLSimpleApplication@3589bf3a
----------------- Done invoking toplevel() on ptolemy.moml.MoMLSimpleApplication@3589bf3a
reloadAllAccessors: .LazySubClassModel

===========================================================================================
----------------- testing Wed Jan 08 07:03:06 UTC 2020 /home/travis/build/icyphy/ptII/ptolemy/actor/lib/test/auto/LevelCrossTest1.xml
----------------- Instantiating /home/travis/build/icyphy/ptII/ptolemy/actor/lib/test/auto/LevelCrossTest1.xml
1 ms. Memory: 557056K Free: 485535K (87%)
----------------- Invoking toplevel() on ptolemy.moml.MoMLSimpleApplication@2ecb9683
----------------- Done invoking toplevel() on ptolemy.moml.MoMLSimpleApplication@2ecb9683
reloadAllAccessors: .broken

===========================================================================================
----------------- testing Wed Jan 08 07:03:06 UTC 2020 /home/travis/build/icyphy/ptII/ptolemy/actor/lib/test/auto/LevelCrossTest10.xml
----------------- Instantiating /home/travis/build/icyphy/ptII/ptolemy/actor/lib/test/auto/LevelCrossTest10.xml
1 ms. Memory: 557056K Free: 477853K (86%)
----------------- Invoking toplevel() on ptolemy.moml.MoMLSimpleApplication@5c070423
----------------- Done invoking toplevel() on ptolemy.moml.MoMLSimpleApplication@5c070423
reloadAllAccessors: .LevelCrossTest10

===========================================================================================
----------------- testing Wed Jan 08 07:03:06 UTC 2020 /home/travis/build/icyphy/ptII/ptolemy/actor/lib/test/auto/LevelCrossTest11.xml
----------------- Instantiating /home/travis/build/icyphy/ptII/ptolemy/actor/lib/test/auto/LevelCrossTest11.xml
1 ms. Memory: 557056K Free: 470685K (84%)
----------------- Invoking toplevel() on ptolemy.moml.MoMLSimpleApplication@553ee00c
----------------- Done invoking toplevel() on ptolemy.moml.MoMLSimpleApplication@553ee00c
reloadAllAccessors: .LevelCrossTest11

===========================================================================================
----------------- testing Wed Jan 08 07:03:06 UTC 2020 /home/travis/build/icyphy/ptII/ptolemy/actor/lib/test/auto/LevelCrossTest12.xml
----------------- Instantiating /home/travis/build/icyphy/ptII/ptolemy/actor/lib/test/auto/LevelCrossTest12.xml
1 ms. Memory: 557056K Free: 464031K (83%)
----------------- Invoking toplevel() on ptolemy.moml.MoMLSimpleApplication@3cd6e396
----------------- Done invoking toplevel() on ptolemy.moml.MoMLSimpleApplication@3cd6e396
reloadAllAccessors: .LevelCrossTest12

===========================================================================================
----------------- testing Wed Jan 08 07:03:06 UTC 2020 /home/travis/build/icyphy/ptII/ptolemy/actor/lib/test/auto/LevelCrossTest13.xml
----------------- Instantiating /home/travis/build/icyphy/ptII/ptolemy/actor/lib/test/auto/LevelCrossTest13.xml
1 ms. Memory: 557056K Free: 455839K (82%)
----------------- Invoking toplevel() on ptolemy.moml.MoMLSimpleApplication@59d95a41
----------------- Done invoking toplevel() on ptolemy.moml.MoMLSimpleApplication@59d95a41
reloadAllAccessors: .LevelCrossTest13

===========================================================================================
----------------- testing Wed Jan 08 07:03:06 UTC 2020 /home/travis/build/icyphy/ptII/ptolemy/actor/lib/test/auto/LevelCrossTest2.xml
----------------- Instantiating /home/travis/build/icyphy/ptII/ptolemy/actor/lib/test/auto/LevelCrossTest2.xml
1 ms. Memory: 557056K Free: 450205K (81%)
----------------- Invoking toplevel() on ptolemy.moml.MoMLSimpleApplication@6f8c03c7
----------------- Done invoking toplevel() on ptolemy.moml.MoMLSimpleApplication@6f8c03c7
reloadAllAccessors: .broken

===========================================================================================
----------------- testing Wed Jan 08 07:03:06 UTC 2020 /home/travis/build/icyphy/ptII/ptolemy/actor/lib/test/auto/LevelCrossTest3.xml
----------------- Instantiating /home/travis/build/icyphy/ptII/ptolemy/actor/lib/test/auto/LevelCrossTest3.xml
1 ms. Memory: 557056K Free: 443551K (80%)
----------------- Invoking toplevel() on ptolemy.moml.MoMLSimpleApplication@4cb758e0
----------------- Done invoking toplevel() on ptolemy.moml.MoMLSimpleApplication@4cb758e0
reloadAllAccessors: .LevelCrossTest3

===========================================================================================
----------------- testing Wed Jan 08 07:03:06 UTC 2020 /home/travis/build/icyphy/ptII/ptolemy/actor/lib/test/auto/LevelCrossTest4.xml
----------------- Instantiating /home/travis/build/icyphy/ptII/ptolemy/actor/lib/test/auto/LevelCrossTest4.xml
2 ms. Memory: 557056K Free: 437917K (79%)
----------------- Invoking toplevel() on ptolemy.moml.MoMLSimpleApplication@1489ed8e
----------------- Done invoking toplevel() on ptolemy.moml.MoMLSimpleApplication@1489ed8e
reloadAllAccessors: .broken

===========================================================================================
----------------- testing Wed Jan 08 07:03:06 UTC 2020 /home/travis/build/icyphy/ptII/ptolemy/actor/lib/test/auto/LevelCrossTest5.xml
----------------- Instantiating /home/travis/build/icyphy/ptII/ptolemy/actor/lib/test/auto/LevelCrossTest5.xml
3 ms. Memory: 557056K Free: 430749K (77%)
----------------- Invoking toplevel() on ptolemy.moml.MoMLSimpleApplication@6ceef1bc
----------------- Done invoking toplevel() on ptolemy.moml.MoMLSimpleApplication@6ceef1bc
reloadAllAccessors: .LevelCrossTest5

===========================================================================================
----------------- testing Wed Jan 08 07:03:06 UTC 2020 /home/travis/build/icyphy/ptII/ptolemy/actor/lib/test/auto/LevelCrossTest6.xml
----------------- Instantiating /home/travis/build/icyphy/ptII/ptolemy/actor/lib/test/auto/LevelCrossTest6.xml
1 ms. Memory: 557056K Free: 424095K (76%)
----------------- Invoking toplevel() on ptolemy.moml.MoMLSimpleApplication@13db4a9b
----------------- Done invoking toplevel() on ptolemy.moml.MoMLSimpleApplication@13db4a9b
reloadAllAccessors: .LevelCrossTest6

===========================================================================================
----------------- testing Wed Jan 08 07:03:06 UTC 2020 /home/travis/build/icyphy/ptII/ptolemy/actor/lib/test/auto/LevelCrossTest7.xml
----------------- Instantiating /home/travis/build/icyphy/ptII/ptolemy/actor/lib/test/auto/LevelCrossTest7.xml
1 ms. Memory: 557056K Free: 415903K (75%)
----------------- Invoking toplevel() on ptolemy.moml.MoMLSimpleApplication@1e32d8aa
----------------- Done invoking toplevel() on ptolemy.moml.MoMLSimpleApplication@1e32d8aa
reloadAllAccessors: .LevelCrossTest7

===========================================================================================
----------------- testing Wed Jan 08 07:03:06 UTC 2020 /home/travis/build/icyphy/ptII/ptolemy/actor/lib/test/auto/LevelCrossTest8.xml
----------------- Instantiating /home/travis/build/icyphy/ptII/ptolemy/actor/lib/test/auto/LevelCrossTest8.xml
1 ms. Memory: 557056K Free: 408735K (73%)
----------------- Invoking toplevel() on ptolemy.moml.MoMLSimpleApplication@57d60af1
----------------- Done invoking toplevel() on ptolemy.moml.MoMLSimpleApplication@57d60af1
reloadAllAccessors: .LevelCrossTest8

===========================================================================================
----------------- testing Wed Jan 08 07:03:06 UTC 2020 /home/travis/build/icyphy/ptII/ptolemy/actor/lib/test/auto/LevelCrossTest9.xml
----------------- Instantiating /home/travis/build/icyphy/ptII/ptolemy/actor/lib/test/auto/LevelCrossTest9.xml
9 ms. Memory: 557056K Free: 401053K (72%)
----------------- Invoking toplevel() on ptolemy.moml.MoMLSimpleApplication@27553eff
----------------- Done invoking toplevel() on ptolemy.moml.MoMLSimpleApplication@27553eff
reloadAllAccessors: .LevelCrossTest9

===========================================================================================
----------------- testing Wed Jan 08 07:03:06 UTC 2020 /home/travis/build/icyphy/ptII/ptolemy/actor/lib/test/auto/LevinsonDurbin.xml
----------------- Instantiating /home/travis/build/icyphy/ptII/ptolemy/actor/lib/test/auto/LevinsonDurbin.xml
9 ms. Memory: 557056K Free: 396957K (71%)
----------------- Invoking toplevel() on ptolemy.moml.MoMLSimpleApplication@2aad3236
----------------- Done invoking toplevel() on ptolemy.moml.MoMLSimpleApplication@2aad3236
reloadAllAccessors: .LevinsonDurbin

===========================================================================================
----------------- testing Wed Jan 08 07:03:06 UTC 2020 /home/travis/build/icyphy/ptII/ptolemy/actor/lib/test/auto/LevinsonDurbin2.xml
----------------- Instantiating /home/travis/build/icyphy/ptII/ptolemy/actor/lib/test/auto/LevinsonDurbin2.xml
1 ms. Memory: 557056K Free: 392861K (71%)
----------------- Invoking toplevel() on ptolemy.moml.MoMLSimpleApplication@7b0eb36
----------------- Done invoking toplevel() on ptolemy.moml.MoMLSimpleApplication@7b0eb36
reloadAllAccessors: .LevinsonDurbin2

===========================================================================================
----------------- testing Wed Jan 08 07:03:06 UTC 2020 /home/travis/build/icyphy/ptII/ptolemy/actor/lib/test/auto/LevinsonDurbin3.xml
----------------- Instantiating /home/travis/build/icyphy/ptII/ptolemy/actor/lib/test/auto/LevinsonDurbin3.xml
2 ms. Memory: 557056K Free: 388765K (70%)
----------------- Invoking toplevel() on ptolemy.moml.MoMLSimpleApplication@2ecc8429
----------------- Done invoking toplevel() on ptolemy.moml.MoMLSimpleApplication@2ecc8429
reloadAllAccessors: .LevinsonDurbin3

===========================================================================================
----------------- testing Wed Jan 08 07:03:06 UTC 2020 /home/travis/build/icyphy/ptII/ptolemy/actor/lib/test/auto/Limiter.xml
----------------- Instantiating /home/travis/build/icyphy/ptII/ptolemy/actor/lib/test/auto/Limiter.xml
4 ms. Memory: 557056K Free: 379542K (68%)
----------------- Invoking toplevel() on ptolemy.moml.MoMLSimpleApplication@44479825
----------------- Done invoking toplevel() on ptolemy.moml.MoMLSimpleApplication@44479825
reloadAllAccessors: .Limiter

===========================================================================================
----------------- testing Wed Jan 08 07:03:06 UTC 2020 /home/travis/build/icyphy/ptII/ptolemy/actor/lib/test/auto/LinearDifferenceEquationSystem.xml
----------------- Instantiating /home/travis/build/icyphy/ptII/ptolemy/actor/lib/test/auto/LinearDifferenceEquationSystem.xml
3 ms. Memory: 557056K Free: 371871K (67%)
----------------- Invoking toplevel() on ptolemy.moml.MoMLSimpleApplication@338d5db1
----------------- Done invoking toplevel() on ptolemy.moml.MoMLSimpleApplication@338d5db1
reloadAllAccessors: .LinearDifferenceEquationSystem

===========================================================================================
----------------- testing Wed Jan 08 07:03:06 UTC 2020 /home/travis/build/icyphy/ptII/ptolemy/actor/lib/test/auto/LookupTable.xml
----------------- Instantiating /home/travis/build/icyphy/ptII/ptolemy/actor/lib/test/auto/LookupTable.xml
1 ms. Memory: 557056K Free: 367261K (66%)
----------------- Invoking toplevel() on ptolemy.moml.MoMLSimpleApplication@542e619a
----------------- Done invoking toplevel() on ptolemy.moml.MoMLSimpleApplication@542e619a
reloadAllAccessors: .LookupTable

===========================================================================================
----------------- testing Wed Jan 08 07:03:06 UTC 2020 /home/travis/build/icyphy/ptII/ptolemy/actor/lib/test/auto/MathFunction.xml
----------------- Instantiating /home/travis/build/icyphy/ptII/ptolemy/actor/lib/test/auto/MathFunction.xml
2 ms. Memory: 557056K Free: 359069K (64%)
----------------- Invoking toplevel() on ptolemy.moml.MoMLSimpleApplication@d0f0814
----------------- Done invoking toplevel() on ptolemy.moml.MoMLSimpleApplication@d0f0814
reloadAllAccessors: .MathFunction

===========================================================================================
----------------- testing Wed Jan 08 07:03:06 UTC 2020 /home/travis/build/icyphy/ptII/ptolemy/actor/lib/test/auto/MathFunction2.xml
----------------- Instantiating /home/travis/build/icyphy/ptII/ptolemy/actor/lib/test/auto/MathFunction2.xml
1 ms. Memory: 557056K Free: 354973K (64%)
----------------- Invoking toplevel() on ptolemy.moml.MoMLSimpleApplication@3c100600
----------------- Done invoking toplevel() on ptolemy.moml.MoMLSimpleApplication@3c100600
reloadAllAccessors: .MathFunction2

===========================================================================================
----------------- testing Wed Jan 08 07:03:06 UTC 2020 /home/travis/build/icyphy/ptII/ptolemy/actor/lib/test/auto/MathFunction3.xml
----------------- Instantiating /home/travis/build/icyphy/ptII/ptolemy/actor/lib/test/auto/MathFunction3.xml
4 ms. Memory: 557056K Free: 347805K (62%)
----------------- Invoking toplevel() on ptolemy.moml.MoMLSimpleApplication@7c1dba5f
----------------- Done invoking toplevel() on ptolemy.moml.MoMLSimpleApplication@7c1dba5f
reloadAllAccessors: .MathFunction3

===========================================================================================
----------------- testing Wed Jan 08 07:03:06 UTC 2020 /home/travis/build/icyphy/ptII/ptolemy/actor/lib/test/auto/MatrixCropBoolean.xml
----------------- Instantiating /home/travis/build/icyphy/ptII/ptolemy/actor/lib/test/auto/MatrixCropBoolean.xml
1 ms. Memory: 557056K Free: 342654K (62%)
----------------- Invoking toplevel() on ptolemy.moml.MoMLSimpleApplication@54fba41a
----------------- Done invoking toplevel() on ptolemy.moml.MoMLSimpleApplication@54fba41a
reloadAllAccessors: .MatrixCropBoolean

===========================================================================================
----------------- testing Wed Jan 08 07:03:06 UTC 2020 /home/travis/build/icyphy/ptII/ptolemy/actor/lib/test/auto/MatrixCropComplex.xml
----------------- Instantiating /home/travis/build/icyphy/ptII/ptolemy/actor/lib/test/auto/MatrixCropComplex.xml
2 ms. Memory: 557056K Free: 337550K (61%)
----------------- Invoking toplevel() on ptolemy.moml.MoMLSimpleApplication@4c8cc97e
----------------- Done invoking toplevel() on ptolemy.moml.MoMLSimpleApplication@4c8cc97e
reloadAllAccessors: .MatrixCropComplex

===========================================================================================
----------------- testing Wed Jan 08 07:03:06 UTC 2020 /home/travis/build/icyphy/ptII/ptolemy/actor/lib/test/auto/MatrixCropDouble.xml
----------------- Instantiating /home/travis/build/icyphy/ptII/ptolemy/actor/lib/test/auto/MatrixCropDouble.xml
1 ms. Memory: 557056K Free: 332959K (60%)
----------------- Invoking toplevel() on ptolemy.moml.MoMLSimpleApplication@1048308c
----------------- Done invoking toplevel() on ptolemy.moml.MoMLSimpleApplication@1048308c
reloadAllAccessors: .MatrixCropDouble

===========================================================================================
----------------- testing Wed Jan 08 07:03:06 UTC 2020 /home/travis/build/icyphy/ptII/ptolemy/actor/lib/test/auto/MatrixCropFix.xml
----------------- Instantiating /home/travis/build/icyphy/ptII/ptolemy/actor/lib/test/auto/MatrixCropFix.xml
15 ms. Memory: 557056K Free: 327318K (59%)
----------------- Invoking toplevel() on ptolemy.moml.MoMLSimpleApplication@65fb0823
----------------- Done invoking toplevel() on ptolemy.moml.MoMLSimpleApplication@65fb0823
reloadAllAccessors: .MatrixCropFix

===========================================================================================
----------------- testing Wed Jan 08 07:03:06 UTC 2020 /home/travis/build/icyphy/ptII/ptolemy/actor/lib/test/auto/MatrixCropInt.xml
----------------- Instantiating /home/travis/build/icyphy/ptII/ptolemy/actor/lib/test/auto/MatrixCropInt.xml
1 ms. Memory: 557056K Free: 322719K (58%)
----------------- Invoking toplevel() on ptolemy.moml.MoMLSimpleApplication@7aa73fe5
----------------- Done invoking toplevel() on ptolemy.moml.MoMLSimpleApplication@7aa73fe5
reloadAllAccessors: .MatrixCropInt

===========================================================================================
----------------- testing Wed Jan 08 07:03:06 UTC 2020 /home/travis/build/icyphy/ptII/ptolemy/actor/lib/test/auto/MatrixCropLong.xml
----------------- Instantiating /home/travis/build/icyphy/ptII/ptolemy/actor/lib/test/auto/MatrixCropLong.xml
2 ms. Memory: 557056K Free: 317599K (57%)
----------------- Invoking toplevel() on ptolemy.moml.MoMLSimpleApplication@19bf768b
----------------- Done invoking toplevel() on ptolemy.moml.MoMLSimpleApplication@19bf768b
reloadAllAccessors: .MatrixCropLong

===========================================================================================
----------------- testing Wed Jan 08 07:03:06 UTC 2020 /home/travis/build/icyphy/ptII/ptolemy/actor/lib/test/auto/MatrixToArray.xml
----------------- Instantiating /home/travis/build/icyphy/ptII/ptolemy/actor/lib/test/auto/MatrixToArray.xml
10 ms. Memory: 557056K Free: 302239K (54%)
----------------- Invoking toplevel() on ptolemy.moml.MoMLSimpleApplication@15ae2057
----------------- Done invoking toplevel() on ptolemy.moml.MoMLSimpleApplication@15ae2057
reloadAllAccessors: .MatrixToArray

===========================================================================================
----------------- testing Wed Jan 08 07:03:06 UTC 2020 /home/travis/build/icyphy/ptII/ptolemy/actor/lib/test/auto/MaxIndex.xml
----------------- Instantiating /home/travis/build/icyphy/ptII/ptolemy/actor/lib/test/auto/MaxIndex.xml
2 ms. Memory: 557056K Free: 297119K (53%)
----------------- Invoking toplevel() on ptolemy.moml.MoMLSimpleApplication@2dc43a9e
----------------- Done invoking toplevel() on ptolemy.moml.MoMLSimpleApplication@2dc43a9e
reloadAllAccessors: .MaxIndex

===========================================================================================
----------------- testing Wed Jan 08 07:03:06 UTC 2020 /home/travis/build/icyphy/ptII/ptolemy/actor/lib/test/auto/Maximum.xml
----------------- Instantiating /home/travis/build/icyphy/ptII/ptolemy/actor/lib/test/auto/Maximum.xml
3 ms. Memory: 557056K Free: 290430K (52%)
----------------- Invoking toplevel() on ptolemy.moml.MoMLSimpleApplication@12282629
----------------- Done invoking toplevel() on ptolemy.moml.MoMLSimpleApplication@12282629
reloadAllAccessors: .Maximum

===========================================================================================
----------------- testing Wed Jan 08 07:03:06 UTC 2020 /home/travis/build/icyphy/ptII/ptolemy/actor/lib/test/auto/MaximumComplex.xml
----------------- Instantiating /home/travis/build/icyphy/ptII/ptolemy/actor/lib/test/auto/MaximumComplex.xml
2 ms. Memory: 557056K Free: 284302K (51%)
----------------- Invoking toplevel() on ptolemy.moml.MoMLSimpleApplication@41bcbc1c
----------------- Done invoking toplevel() on ptolemy.moml.MoMLSimpleApplication@41bcbc1c
reloadAllAccessors: .MaximumComplex

===========================================================================================
----------------- testing Wed Jan 08 07:03:06 UTC 2020 /home/travis/build/icyphy/ptII/ptolemy/actor/lib/test/auto/MethodCallTest.xml
----------------- Instantiating /home/travis/build/icyphy/ptII/ptolemy/actor/lib/test/auto/MethodCallTest.xml
2 ms. Memory: 557056K Free: 277663K (50%)
----------------- Invoking toplevel() on ptolemy.moml.MoMLSimpleApplication@498b0c
----------------- Done invoking toplevel() on ptolemy.moml.MoMLSimpleApplication@498b0c
reloadAllAccessors: .MethodCallTest

===========================================================================================
----------------- testing Wed Jan 08 07:03:06 UTC 2020 /home/travis/build/icyphy/ptII/ptolemy/actor/lib/test/auto/Minimum.xml
----------------- Instantiating /home/travis/build/icyphy/ptII/ptolemy/actor/lib/test/auto/Minimum.xml
3 ms. Memory: 557056K Free: 271519K (49%)
----------------- Invoking toplevel() on ptolemy.moml.MoMLSimpleApplication@4a439657
----------------- Done invoking toplevel() on ptolemy.moml.MoMLSimpleApplication@4a439657
reloadAllAccessors: .Minimum

===========================================================================================
----------------- testing Wed Jan 08 07:03:06 UTC 2020 /home/travis/build/icyphy/ptII/ptolemy/actor/lib/test/auto/MinimumComplex.xml
----------------- Instantiating /home/travis/build/icyphy/ptII/ptolemy/actor/lib/test/auto/MinimumComplex.xml
5 ms. Memory: 557056K Free: 265375K (48%)
----------------- Invoking toplevel() on ptolemy.moml.MoMLSimpleApplication@52db6996
----------------- Done invoking toplevel() on ptolemy.moml.MoMLSimpleApplication@52db6996
reloadAllAccessors: .MinimumComplex

===========================================================================================
----------------- testing Wed Jan 08 07:03:06 UTC 2020 /home/travis/build/icyphy/ptII/ptolemy/actor/lib/test/auto/MinimumMultiports.xml
----------------- Instantiating /home/travis/build/icyphy/ptII/ptolemy/actor/lib/test/auto/MinimumMultiports.xml
3 ms. Memory: 557056K Free: 256654K (46%)
----------------- Invoking toplevel() on ptolemy.moml.MoMLSimpleApplication@21f7b6b3
----------------- Done invoking toplevel() on ptolemy.moml.MoMLSimpleApplication@21f7b6b3
reloadAllAccessors: .MinimumMultiports

===========================================================================================
----------------- testing Wed Jan 08 07:03:06 UTC 2020 /home/travis/build/icyphy/ptII/ptolemy/actor/lib/test/auto/ModifyDate.xml
----------------- Instantiating /home/travis/build/icyphy/ptII/ptolemy/actor/lib/test/auto/ModifyDate.xml
7 ms. Memory: 557056K Free: 243871K (44%)
----------------- Invoking toplevel() on ptolemy.moml.MoMLSimpleApplication@31b92b2a
----------------- Done invoking toplevel() on ptolemy.moml.MoMLSimpleApplication@31b92b2a
reloadAllAccessors: .ModifyDate

===========================================================================================
----------------- testing Wed Jan 08 07:03:06 UTC 2020 /home/travis/build/icyphy/ptII/ptolemy/actor/lib/test/auto/ModifyDate2.xml
----------------- Instantiating /home/travis/build/icyphy/ptII/ptolemy/actor/lib/test/auto/ModifyDate2.xml
4 ms. Memory: 557056K Free: 235165K (42%)
----------------- Invoking toplevel() on ptolemy.moml.MoMLSimpleApplication@3eeb3f20
----------------- Done invoking toplevel() on ptolemy.moml.MoMLSimpleApplication@3eeb3f20
reloadAllAccessors: .ModifyDate2

===========================================================================================
----------------- testing Wed Jan 08 07:03:07 UTC 2020 /home/travis/build/icyphy/ptII/ptolemy/actor/lib/test/auto/MovingAverage.xml
----------------- Instantiating /home/travis/build/icyphy/ptII/ptolemy/actor/lib/test/auto/MovingAverage.xml
1 ms. Memory: 557056K Free: 230045K (41%)
----------------- Invoking toplevel() on ptolemy.moml.MoMLSimpleApplication@24617167
----------------- Done invoking toplevel() on ptolemy.moml.MoMLSimpleApplication@24617167
reloadAllAccessors: .MovingAverage

===========================================================================================
----------------- testing Wed Jan 08 07:03:07 UTC 2020 /home/travis/build/icyphy/ptII/ptolemy/actor/lib/test/auto/MovingMaximum.xml
----------------- Instantiating /home/travis/build/icyphy/ptII/ptolemy/actor/lib/test/auto/MovingMaximum.xml
2 ms. Memory: 557056K Free: 225439K (40%)
----------------- Invoking toplevel() on ptolemy.moml.MoMLSimpleApplication@2d10c1a
----------------- Done invoking toplevel() on ptolemy.moml.MoMLSimpleApplication@2d10c1a
reloadAllAccessors: .MovingMaximum

===========================================================================================
----------------- testing Wed Jan 08 07:03:07 UTC 2020 /home/travis/build/icyphy/ptII/ptolemy/actor/lib/test/auto/MultipleLinksToSameRelation.xml
----------------- Instantiating /home/travis/build/icyphy/ptII/ptolemy/actor/lib/test/auto/MultipleLinksToSameRelation.xml
2 ms. Memory: 557056K Free: 221343K (40%)
----------------- Invoking toplevel() on ptolemy.moml.MoMLSimpleApplication@9ce276a
----------------- Done invoking toplevel() on ptolemy.moml.MoMLSimpleApplication@9ce276a
reloadAllAccessors: .MultipleLinksToSameRelation

===========================================================================================
----------------- testing Wed Jan 08 07:03:07 UTC 2020 /home/travis/build/icyphy/ptII/ptolemy/actor/lib/test/auto/MultipleLinksToSameRelationDE.xml
----------------- Instantiating /home/travis/build/icyphy/ptII/ptolemy/actor/lib/test/auto/MultipleLinksToSameRelationDE.xml
2 ms. Memory: 557056K Free: 216702K (39%)
----------------- Invoking toplevel() on ptolemy.moml.MoMLSimpleApplication@5d74c74b
----------------- Done invoking toplevel() on ptolemy.moml.MoMLSimpleApplication@5d74c74b
reloadAllAccessors: .MultipleLinksToSameRelationDE

===========================================================================================
----------------- testing Wed Jan 08 07:03:07 UTC 2020 /home/travis/build/icyphy/ptII/ptolemy/actor/lib/test/auto/Multiplexor.xml
----------------- Instantiating /home/travis/build/icyphy/ptII/ptolemy/actor/lib/test/auto/Multiplexor.xml
1 ms. Memory: 557056K Free: 210589K (38%)
----------------- Invoking toplevel() on ptolemy.moml.MoMLSimpleApplication@27652e9e
----------------- Done invoking toplevel() on ptolemy.moml.MoMLSimpleApplication@27652e9e
reloadAllAccessors: .Multiplexor

===========================================================================================
----------------- testing Wed Jan 08 07:03:07 UTC 2020 /home/travis/build/icyphy/ptII/ptolemy/actor/lib/test/auto/Multiplexor1.xml
----------------- Instantiating /home/travis/build/icyphy/ptII/ptolemy/actor/lib/test/auto/Multiplexor1.xml
1 ms. Memory: 557056K Free: 204959K (37%)
----------------- Invoking toplevel() on ptolemy.moml.MoMLSimpleApplication@672abff0
----------------- Done invoking toplevel() on ptolemy.moml.MoMLSimpleApplication@672abff0
reloadAllAccessors: .Multiplexor1

===========================================================================================
----------------- testing Wed Jan 08 07:03:07 UTC 2020 /home/travis/build/icyphy/ptII/ptolemy/actor/lib/test/auto/Multiplexor2.xml
----------------- Instantiating /home/travis/build/icyphy/ptII/ptolemy/actor/lib/test/auto/Multiplexor2.xml
2 ms. Memory: 557056K Free: 198301K (36%)
----------------- Invoking toplevel() on ptolemy.moml.MoMLSimpleApplication@3752d6c9
----------------- Done invoking toplevel() on ptolemy.moml.MoMLSimpleApplication@3752d6c9
reloadAllAccessors: .Multiplexor2

===========================================================================================
----------------- testing Wed Jan 08 07:03:07 UTC 2020 /home/travis/build/icyphy/ptII/ptolemy/actor/lib/test/auto/Multiplexor3.xml
----------------- Instantiating /home/travis/build/icyphy/ptII/ptolemy/actor/lib/test/auto/Multiplexor3.xml
2 ms. Memory: 557056K Free: 194205K (35%)
----------------- Invoking toplevel() on ptolemy.moml.MoMLSimpleApplication@2a784ee7
----------------- Done invoking toplevel() on ptolemy.moml.MoMLSimpleApplication@2a784ee7
reloadAllAccessors: .Multiplexor3

===========================================================================================
----------------- testing Wed Jan 08 07:03:07 UTC 2020 /home/travis/build/icyphy/ptII/ptolemy/actor/lib/test/auto/MultiplexorDE.xml
----------------- Instantiating /home/travis/build/icyphy/ptII/ptolemy/actor/lib/test/auto/MultiplexorDE.xml
2 ms. Memory: 557056K Free: 186527K (33%)
----------------- Invoking toplevel() on ptolemy.moml.MoMLSimpleApplication@3604f278
----------------- Done invoking toplevel() on ptolemy.moml.MoMLSimpleApplication@3604f278
reloadAllAccessors: .MultiplexorDE

===========================================================================================
----------------- testing Wed Jan 08 07:03:07 UTC 2020 /home/travis/build/icyphy/ptII/ptolemy/actor/lib/test/auto/MultiportBroadcastTest.xml
----------------- Instantiating /home/travis/build/icyphy/ptII/ptolemy/actor/lib/test/auto/MultiportBroadcastTest.xml
136 ms. Memory: 557056K Free: 503179K (90%)
----------------- Invoking toplevel() on ptolemy.moml.MoMLSimpleApplication@3a84942c
----------------- Done invoking toplevel() on ptolemy.moml.MoMLSimpleApplication@3a84942c
reloadAllAccessors: .MultiportBroadcastTest

===========================================================================================
----------------- testing Wed Jan 08 07:03:07 UTC 2020 /home/travis/build/icyphy/ptII/ptolemy/actor/lib/test/auto/MultiportOutHangDuringGetWidth.xml
----------------- Instantiating /home/travis/build/icyphy/ptII/ptolemy/actor/lib/test/auto/MultiportOutHangDuringGetWidth.xml
6 ms. Memory: 557056K Free: 490126K (88%)
----------------- Invoking toplevel() on ptolemy.moml.MoMLSimpleApplication@1fc34e12
----------------- Done invoking toplevel() on ptolemy.moml.MoMLSimpleApplication@1fc34e12
reloadAllAccessors: .MultiportOutHangDuringGetWidth

===========================================================================================
----------------- testing Wed Jan 08 07:03:07 UTC 2020 /home/travis/build/icyphy/ptII/ptolemy/actor/lib/test/auto/NilToken.xml
----------------- Instantiating /home/travis/build/icyphy/ptII/ptolemy/actor/lib/test/auto/NilToken.xml
1 ms. Memory: 557056K Free: 486045K (87%)
----------------- Invoking toplevel() on ptolemy.moml.MoMLSimpleApplication@11bef79d
----------------- Done invoking toplevel() on ptolemy.moml.MoMLSimpleApplication@11bef79d
reloadAllAccessors: .NilToken

===========================================================================================
----------------- testing Wed Jan 08 07:03:07 UTC 2020 /home/travis/build/icyphy/ptII/ptolemy/actor/lib/test/auto/NilTokenNonStrictTest.xml
----------------- Instantiating /home/travis/build/icyphy/ptII/ptolemy/actor/lib/test/auto/NilTokenNonStrictTest.xml
3 ms. Memory: 557056K Free: 481437K (86%)
----------------- Invoking toplevel() on ptolemy.moml.MoMLSimpleApplication@265a071
----------------- Done invoking toplevel() on ptolemy.moml.MoMLSimpleApplication@265a071
reloadAllAccessors: .NilTokenNonStrictTest

===========================================================================================
----------------- testing Wed Jan 08 07:03:07 UTC 2020 /home/travis/build/icyphy/ptII/ptolemy/actor/lib/test/auto/NilTokenRecord.xml
----------------- Instantiating /home/travis/build/icyphy/ptII/ptolemy/actor/lib/test/auto/NilTokenRecord.xml
10 ms. Memory: 557056K Free: 474781K (85%)
----------------- Invoking toplevel() on ptolemy.moml.MoMLSimpleApplication@3edce2f
----------------- Done invoking toplevel() on ptolemy.moml.MoMLSimpleApplication@3edce2f
reloadAllAccessors: .NilTokenRecord

===========================================================================================
----------------- testing Wed Jan 08 07:03:07 UTC 2020 /home/travis/build/icyphy/ptII/ptolemy/actor/lib/test/auto/NilTokenTypeTest.xml
----------------- Instantiating /home/travis/build/icyphy/ptII/ptolemy/actor/lib/test/auto/NilTokenTypeTest.xml
5 ms. Memory: 557056K Free: 465055K (83%)
----------------- Invoking toplevel() on ptolemy.moml.MoMLSimpleApplication@4dc5277e
----------------- Done invoking toplevel() on ptolemy.moml.MoMLSimpleApplication@4dc5277e
reloadAllAccessors: .NilTokenTypeTest

===========================================================================================
----------------- testing Wed Jan 08 07:03:07 UTC 2020 /home/travis/build/icyphy/ptII/ptolemy/actor/lib/test/auto/ObjectToken1.xml
----------------- Instantiating /home/travis/build/icyphy/ptII/ptolemy/actor/lib/test/auto/ObjectToken1.xml
3 ms. Memory: 557056K Free: 460959K (83%)
----------------- Invoking toplevel() on ptolemy.moml.MoMLSimpleApplication@440a2faf
----------------- Done invoking toplevel() on ptolemy.moml.MoMLSimpleApplication@440a2faf
reloadAllAccessors: .ObjectToken1

===========================================================================================
----------------- testing Wed Jan 08 07:03:07 UTC 2020 /home/travis/build/icyphy/ptII/ptolemy/actor/lib/test/auto/OrderedMerge.xml
----------------- Instantiating /home/travis/build/icyphy/ptII/ptolemy/actor/lib/test/auto/OrderedMerge.xml
7 ms. Memory: 557056K Free: 455325K (82%)
----------------- Invoking toplevel() on ptolemy.moml.MoMLSimpleApplication@5ce45b8
----------------- Done invoking toplevel() on ptolemy.moml.MoMLSimpleApplication@5ce45b8
reloadAllAccessors: .OrderedMerge

===========================================================================================
----------------- testing Wed Jan 08 07:03:07 UTC 2020 /home/travis/build/icyphy/ptII/ptolemy/actor/lib/test/auto/OrderedRecordDisassembler.xml
----------------- Instantiating /home/travis/build/icyphy/ptII/ptolemy/actor/lib/test/auto/OrderedRecordDisassembler.xml
2 ms. Memory: 557056K Free: 450174K (81%)
----------------- Invoking toplevel() on ptolemy.moml.MoMLSimpleApplication@67ba6a0e
----------------- Done invoking toplevel() on ptolemy.moml.MoMLSimpleApplication@67ba6a0e
reloadAllAccessors: .OrderedRecordDisassembler

===========================================================================================
----------------- testing Wed Jan 08 07:03:07 UTC 2020 /home/travis/build/icyphy/ptII/ptolemy/actor/lib/test/auto/OrderedRecordDisassembler2.xml
----------------- Instantiating /home/travis/build/icyphy/ptII/ptolemy/actor/lib/test/auto/OrderedRecordDisassembler2.xml
4 ms. Memory: 557056K Free: 442527K (79%)
----------------- Invoking toplevel() on ptolemy.moml.MoMLSimpleApplication@cc446e1
----------------- Done invoking toplevel() on ptolemy.moml.MoMLSimpleApplication@cc446e1
reloadAllAccessors: .OrderedRecordDisassembler2

===========================================================================================
----------------- testing Wed Jan 08 07:03:07 UTC 2020 /home/travis/build/icyphy/ptII/ptolemy/actor/lib/test/auto/OrderedRecordUpdater.xml
----------------- Instantiating /home/travis/build/icyphy/ptII/ptolemy/actor/lib/test/auto/OrderedRecordUpdater.xml
2 ms. Memory: 557056K Free: 437407K (79%)
----------------- Invoking toplevel() on ptolemy.moml.MoMLSimpleApplication@4f1a51c8
----------------- Done invoking toplevel() on ptolemy.moml.MoMLSimpleApplication@4f1a51c8
reloadAllAccessors: .RecordUpdater

===========================================================================================
----------------- testing Wed Jan 08 07:03:07 UTC 2020 /home/travis/build/icyphy/ptII/ptolemy/actor/lib/test/auto/OrderedRecordUpdater2.xml
----------------- Instantiating /home/travis/build/icyphy/ptII/ptolemy/actor/lib/test/auto/OrderedRecordUpdater2.xml
2 ms. Memory: 557056K Free: 432287K (78%)
----------------- Invoking toplevel() on ptolemy.moml.MoMLSimpleApplication@387792ad
----------------- Done invoking toplevel() on ptolemy.moml.MoMLSimpleApplication@387792ad
reloadAllAccessors: .RecordUpdater2

===========================================================================================
----------------- testing Wed Jan 08 07:03:07 UTC 2020 /home/travis/build/icyphy/ptII/ptolemy/actor/lib/test/auto/PhaseUnwrap.xml
----------------- Instantiating /home/travis/build/icyphy/ptII/ptolemy/actor/lib/test/auto/PhaseUnwrap.xml
1 ms. Memory: 557056K Free: 427677K (77%)
----------------- Invoking toplevel() on ptolemy.moml.MoMLSimpleApplication@7a51d27e
----------------- Done invoking toplevel() on ptolemy.moml.MoMLSimpleApplication@7a51d27e
reloadAllAccessors: .PhaseUnwrap

===========================================================================================
----------------- testing Wed Jan 08 07:03:07 UTC 2020 /home/travis/build/icyphy/ptII/ptolemy/actor/lib/test/auto/PoissonClock.xml
----------------- Instantiating /home/travis/build/icyphy/ptII/ptolemy/actor/lib/test/auto/PoissonClock.xml
2 ms. Memory: 557056K Free: 423581K (76%)
----------------- Invoking toplevel() on ptolemy.moml.MoMLSimpleApplication@45db6083
----------------- Done invoking toplevel() on ptolemy.moml.MoMLSimpleApplication@45db6083
reloadAllAccessors: .PoissonClock

===========================================================================================
----------------- testing Wed Jan 08 07:03:07 UTC 2020 /home/travis/build/icyphy/ptII/ptolemy/actor/lib/test/auto/PoissonClock2.xml
----------------- Instantiating /home/travis/build/icyphy/ptII/ptolemy/actor/lib/test/auto/PoissonClock2.xml
1 ms. Memory: 557056K Free: 418975K (75%)
----------------- Invoking toplevel() on ptolemy.moml.MoMLSimpleApplication@570a34a4
----------------- Done invoking toplevel() on ptolemy.moml.MoMLSimpleApplication@570a34a4
reloadAllAccessors: .PoissonClock2

===========================================================================================
----------------- testing Wed Jan 08 07:03:07 UTC 2020 /home/travis/build/icyphy/ptII/ptolemy/actor/lib/test/auto/PoissonClock3.xml
----------------- Instantiating /home/travis/build/icyphy/ptII/ptolemy/actor/lib/test/auto/PoissonClock3.xml
1 ms. Memory: 557056K Free: 414365K (74%)
----------------- Invoking toplevel() on ptolemy.moml.MoMLSimpleApplication@119510da
----------------- Done invoking toplevel() on ptolemy.moml.MoMLSimpleApplication@119510da
reloadAllAccessors: .PoissonClock3

===========================================================================================
----------------- testing Wed Jan 08 07:03:07 UTC 2020 /home/travis/build/icyphy/ptII/ptolemy/actor/lib/test/auto/PubSubWithInitialTokens.xml
----------------- Instantiating /home/travis/build/icyphy/ptII/ptolemy/actor/lib/test/auto/PubSubWithInitialTokens.xml
2 ms. Memory: 557056K Free: 408735K (73%)
----------------- Invoking toplevel() on ptolemy.moml.MoMLSimpleApplication@f1d12a6
----------------- Done invoking toplevel() on ptolemy.moml.MoMLSimpleApplication@f1d12a6
reloadAllAccessors: .PubSubWithInitialTokens

===========================================================================================
----------------- testing Wed Jan 08 07:03:07 UTC 2020 /home/travis/build/icyphy/ptII/ptolemy/actor/lib/test/auto/PubSubWithInitialTokens2.xml
----------------- Instantiating /home/travis/build/icyphy/ptII/ptolemy/actor/lib/test/auto/PubSubWithInitialTokens2.xml
4 ms. Memory: 557056K Free: 402591K (72%)
----------------- Invoking toplevel() on ptolemy.moml.MoMLSimpleApplication@768cbfad
----------------- Done invoking toplevel() on ptolemy.moml.MoMLSimpleApplication@768cbfad
reloadAllAccessors: .PubSubWithInitialTokens2

===========================================================================================
----------------- testing Wed Jan 08 07:03:07 UTC 2020 /home/travis/build/icyphy/ptII/ptolemy/actor/lib/test/auto/PublisherClassNoParameter.xml
----------------- Instantiating /home/travis/build/icyphy/ptII/ptolemy/actor/lib/test/auto/PublisherClassNoParameter.xml
2 ms. Memory: 557056K Free: 392861K (71%)
----------------- Invoking toplevel() on ptolemy.moml.MoMLSimpleApplication@6ae75b48
----------------- Done invoking toplevel() on ptolemy.moml.MoMLSimpleApplication@6ae75b48
reloadAllAccessors: .PublisherClassNoParameter

===========================================================================================
----------------- testing Wed Jan 08 07:03:07 UTC 2020 /home/travis/build/icyphy/ptII/ptolemy/actor/lib/test/auto/PublisherClassParameter.xml
----------------- Instantiating /home/travis/build/icyphy/ptII/ptolemy/actor/lib/test/auto/PublisherClassParameter.xml
2 ms. Memory: 557056K Free: 382606K (69%)
----------------- Invoking toplevel() on ptolemy.moml.MoMLSimpleApplication@6559b1e
----------------- Done invoking toplevel() on ptolemy.moml.MoMLSimpleApplication@6559b1e
reloadAllAccessors: .PublisherClassParameter

===========================================================================================
----------------- testing Wed Jan 08 07:03:07 UTC 2020 /home/travis/build/icyphy/ptII/ptolemy/actor/lib/test/auto/PublisherNonStrictTest.xml
----------------- Instantiating /home/travis/build/icyphy/ptII/ptolemy/actor/lib/test/auto/PublisherNonStrictTest.xml
3 ms. Memory: 557056K Free: 374943K (67%)
----------------- Invoking toplevel() on ptolemy.moml.MoMLSimpleApplication@1851ebac
----------------- Done invoking toplevel() on ptolemy.moml.MoMLSimpleApplication@1851ebac
reloadAllAccessors: .PublisherNonStrictTest

===========================================================================================
----------------- testing Wed Jan 08 07:03:07 UTC 2020 /home/travis/build/icyphy/ptII/ptolemy/actor/lib/test/auto/PublisherPort1.xml
----------------- Instantiating /home/travis/build/icyphy/ptII/ptolemy/actor/lib/test/auto/PublisherPort1.xml
5 ms. Memory: 557056K Free: 369278K (66%)
----------------- Invoking toplevel() on ptolemy.moml.MoMLSimpleApplication@25e7b44a
----------------- Done invoking toplevel() on ptolemy.moml.MoMLSimpleApplication@25e7b44a
reloadAllAccessors: .PublisherPort1

===========================================================================================
----------------- testing Wed Jan 08 07:03:07 UTC 2020 /home/travis/build/icyphy/ptII/ptolemy/actor/lib/test/auto/PublisherPort2.xml
----------------- Instantiating /home/travis/build/icyphy/ptII/ptolemy/actor/lib/test/auto/PublisherPort2.xml
1 ms. Memory: 557056K Free: 364189K (65%)
----------------- Invoking toplevel() on ptolemy.moml.MoMLSimpleApplication@3ad0974e
----------------- Done invoking toplevel() on ptolemy.moml.MoMLSimpleApplication@3ad0974e
reloadAllAccessors: .PublisherPort2

===========================================================================================
----------------- testing Wed Jan 08 07:03:07 UTC 2020 /home/travis/build/icyphy/ptII/ptolemy/actor/lib/test/auto/PublisherPort3.xml
----------------- Instantiating /home/travis/build/icyphy/ptII/ptolemy/actor/lib/test/auto/PublisherPort3.xml
13 ms. Memory: 557056K Free: 357535K (64%)
----------------- Invoking toplevel() on ptolemy.moml.MoMLSimpleApplication@3340fa4a
----------------- Done invoking toplevel() on ptolemy.moml.MoMLSimpleApplication@3340fa4a
reloadAllAccessors: .PublisherPort3

===========================================================================================
----------------- testing Wed Jan 08 07:03:07 UTC 2020 /home/travis/build/icyphy/ptII/ptolemy/actor/lib/test/auto/PublisherPort4.xml
----------------- Instantiating /home/travis/build/icyphy/ptII/ptolemy/actor/lib/test/auto/PublisherPort4.xml
3 ms. Memory: 557056K Free: 351886K (63%)
----------------- Invoking toplevel() on ptolemy.moml.MoMLSimpleApplication@7aad6bf9
----------------- Done invoking toplevel() on ptolemy.moml.MoMLSimpleApplication@7aad6bf9
reloadAllAccessors: .PublisherPort4

===========================================================================================
----------------- testing Wed Jan 08 07:03:07 UTC 2020 /home/travis/build/icyphy/ptII/ptolemy/actor/lib/test/auto/PublisherPort5.xml
----------------- Instantiating /home/travis/build/icyphy/ptII/ptolemy/actor/lib/test/auto/PublisherPort5.xml
3 ms. Memory: 557056K Free: 344223K (62%)
----------------- Invoking toplevel() on ptolemy.moml.MoMLSimpleApplication@3feeb9e7
----------------- Done invoking toplevel() on ptolemy.moml.MoMLSimpleApplication@3feeb9e7
reloadAllAccessors: .PublisherPort5

===========================================================================================
----------------- testing Wed Jan 08 07:03:07 UTC 2020 /home/travis/build/icyphy/ptII/ptolemy/actor/lib/test/auto/PublisherPort5LookAlike.xml
----------------- Instantiating /home/travis/build/icyphy/ptII/ptolemy/actor/lib/test/auto/PublisherPort5LookAlike.xml
7 ms. Memory: 557056K Free: 336541K (60%)
----------------- Invoking toplevel() on ptolemy.moml.MoMLSimpleApplication@296e94a5
----------------- Done invoking toplevel() on ptolemy.moml.MoMLSimpleApplication@296e94a5
reloadAllAccessors: .PublisherPort5LookAlike

===========================================================================================
----------------- testing Wed Jan 08 07:03:07 UTC 2020 /home/travis/build/icyphy/ptII/ptolemy/actor/lib/test/auto/PublisherPort6.xml
----------------- Instantiating /home/travis/build/icyphy/ptII/ptolemy/actor/lib/test/auto/PublisherPort6.xml
2 ms. Memory: 557056K Free: 329373K (59%)
----------------- Invoking toplevel() on ptolemy.moml.MoMLSimpleApplication@12315349
----------------- Done invoking toplevel() on ptolemy.moml.MoMLSimpleApplication@12315349
reloadAllAccessors: .PublisherPort6

===========================================================================================
----------------- testing Wed Jan 08 07:03:07 UTC 2020 /home/travis/build/icyphy/ptII/ptolemy/actor/lib/test/auto/PublisherPort7.xml
----------------- Instantiating /home/travis/build/icyphy/ptII/ptolemy/actor/lib/test/auto/PublisherPort7.xml
4 ms. Memory: 557056K Free: 321695K (58%)
----------------- Invoking toplevel() on ptolemy.moml.MoMLSimpleApplication@63335d31
----------------- Done invoking toplevel() on ptolemy.moml.MoMLSimpleApplication@63335d31
reloadAllAccessors: .PublisherPort7

===========================================================================================
----------------- testing Wed Jan 08 07:03:07 UTC 2020 /home/travis/build/icyphy/ptII/ptolemy/actor/lib/test/auto/PublisherPort8.xml
----------------- Instantiating /home/travis/build/icyphy/ptII/ptolemy/actor/lib/test/auto/PublisherPort8.xml
4 ms. Memory: 557056K Free: 312989K (56%)
----------------- Invoking toplevel() on ptolemy.moml.MoMLSimpleApplication@6a937ba0
----------------- Done invoking toplevel() on ptolemy.moml.MoMLSimpleApplication@6a937ba0
reloadAllAccessors: .PublisherPort8

===========================================================================================
----------------- testing Wed Jan 08 07:03:07 UTC 2020 /home/travis/build/icyphy/ptII/ptolemy/actor/lib/test/auto/PublisherPortSubscriberChannelVariablesAOC2.xml
----------------- Instantiating /home/travis/build/icyphy/ptII/ptolemy/actor/lib/test/auto/PublisherPortSubscriberChannelVariablesAOC2.xml
3 ms. Memory: 557056K Free: 295071K (53%)
----------------- Invoking toplevel() on ptolemy.moml.MoMLSimpleApplication@754da5d7
----------------- Done invoking toplevel() on ptolemy.moml.MoMLSimpleApplication@754da5d7
reloadAllAccessors: .PublisherPortSubscriberChannelVariablesAOC2

===========================================================================================
----------------- testing Wed Jan 08 07:03:07 UTC 2020 /home/travis/build/icyphy/ptII/ptolemy/actor/lib/test/auto/PublisherPortSubscriberOpaqueWidthInference.xml
----------------- Instantiating /home/travis/build/icyphy/ptII/ptolemy/actor/lib/test/auto/PublisherPortSubscriberOpaqueWidthInference.xml
4 ms. Memory: 557056K Free: 287374K (52%)
----------------- Invoking toplevel() on ptolemy.moml.MoMLSimpleApplication@41fd2fa5
----------------- Done invoking toplevel() on ptolemy.moml.MoMLSimpleApplication@41fd2fa5
reloadAllAccessors: .PublisherPortSubscriberOpaqueWidthInference

===========================================================================================
----------------- testing Wed Jan 08 07:03:07 UTC 2020 /home/travis/build/icyphy/ptII/ptolemy/actor/lib/test/auto/PublisherPortSubscriberPortAdjacent.xml
----------------- Instantiating /home/travis/build/icyphy/ptII/ptolemy/actor/lib/test/auto/PublisherPortSubscriberPortAdjacent.xml
2 ms. Memory: 557056K Free: 279197K (50%)
----------------- Invoking toplevel() on ptolemy.moml.MoMLSimpleApplication@5d90ab78
----------------- Done invoking toplevel() on ptolemy.moml.MoMLSimpleApplication@5d90ab78
reloadAllAccessors: .PublisherPortSubscriberPortAdjacent

===========================================================================================
----------------- testing Wed Jan 08 07:03:07 UTC 2020 /home/travis/build/icyphy/ptII/ptolemy/actor/lib/test/auto/PublisherPortSubscriberPortExpression.xml
----------------- Instantiating /home/travis/build/icyphy/ptII/ptolemy/actor/lib/test/auto/PublisherPortSubscriberPortExpression.xml
3 ms. Memory: 557056K Free: 271519K (49%)
----------------- Invoking toplevel() on ptolemy.moml.MoMLSimpleApplication@4664b6a2
----------------- Done invoking toplevel() on ptolemy.moml.MoMLSimpleApplication@4664b6a2
reloadAllAccessors: .PublisherPortSubscriberPortExpression

===========================================================================================
----------------- testing Wed Jan 08 07:03:07 UTC 2020 /home/travis/build/icyphy/ptII/ptolemy/actor/lib/test/auto/PublisherPortSubscriberPortOpaqueD3Reverse.xml
----------------- Instantiating /home/travis/build/icyphy/ptII/ptolemy/actor/lib/test/auto/PublisherPortSubscriberPortOpaqueD3Reverse.xml
9 ms. Memory: 557056K Free: 261279K (47%)
----------------- Invoking toplevel() on ptolemy.moml.MoMLSimpleApplication@388cc5b4
----------------- Done invoking toplevel() on ptolemy.moml.MoMLSimpleApplication@388cc5b4
reloadAllAccessors: .PublisherPortSubscriberPortOpaqueD3Reverse

===========================================================================================
----------------- testing Wed Jan 08 07:03:08 UTC 2020 /home/travis/build/icyphy/ptII/ptolemy/actor/lib/test/auto/PublisherPortSubscriberPortOpaqueWidthInference.xml
----------------- Instantiating /home/travis/build/icyphy/ptII/ptolemy/actor/lib/test/auto/PublisherPortSubscriberPortOpaqueWidthInference.xml
3 ms. Memory: 557056K Free: 253582K (46%)
----------------- Invoking toplevel() on ptolemy.moml.MoMLSimpleApplication@30ab4280
----------------- Done invoking toplevel() on ptolemy.moml.MoMLSimpleApplication@30ab4280
reloadAllAccessors: .PublisherPortSubscriberPortOpaqueWidthInference

===========================================================================================
----------------- testing Wed Jan 08 07:03:08 UTC 2020 /home/travis/build/icyphy/ptII/ptolemy/actor/lib/test/auto/PublisherPortToplevelSubscriberPortAOC.xml
----------------- Instantiating /home/travis/build/icyphy/ptII/ptolemy/actor/lib/test/auto/PublisherPortToplevelSubscriberPortAOC.xml
.PublisherPortToplevelSubscriberPortAOC.TestExceptionAttribute: initialize() was not invoked, but wrapup() was.  This is unusual, but not always a problem.  For example, exporting JNLP will do this.
1 ms. Memory: 557056K Free: 247967K (45%)
----------------- Invoking toplevel() on ptolemy.moml.MoMLSimpleApplication@677f1c5b
----------------- Done invoking toplevel() on ptolemy.moml.MoMLSimpleApplication@677f1c5b
reloadAllAccessors: .PublisherPortToplevelSubscriberPortAOC

===========================================================================================
----------------- testing Wed Jan 08 07:03:08 UTC 2020 /home/travis/build/icyphy/ptII/ptolemy/actor/lib/test/auto/PublisherSubscriber.xml
----------------- Instantiating /home/travis/build/icyphy/ptII/ptolemy/actor/lib/test/auto/PublisherSubscriber.xml
2 ms. Memory: 557056K Free: 240799K (43%)
----------------- Invoking toplevel() on ptolemy.moml.MoMLSimpleApplication@25ae2acd
----------------- Done invoking toplevel() on ptolemy.moml.MoMLSimpleApplication@25ae2acd
reloadAllAccessors: .PublisherSubscriber

===========================================================================================
----------------- testing Wed Jan 08 07:03:08 UTC 2020 /home/travis/build/icyphy/ptII/ptolemy/actor/lib/test/auto/PublisherSubscriber10.xml
----------------- Instantiating /home/travis/build/icyphy/ptII/ptolemy/actor/lib/test/auto/PublisherSubscriber10.xml
5 ms. Memory: 557056K Free: 231069K (41%)
----------------- Invoking toplevel() on ptolemy.moml.MoMLSimpleApplication@5bd634c4
----------------- Done invoking toplevel() on ptolemy.moml.MoMLSimpleApplication@5bd634c4
reloadAllAccessors: .PublisherSubscriber10

===========================================================================================
----------------- testing Wed Jan 08 07:03:08 UTC 2020 /home/travis/build/icyphy/ptII/ptolemy/actor/lib/test/auto/PublisherSubscriber10InitialOutputs.xml
----------------- Instantiating /home/travis/build/icyphy/ptII/ptolemy/actor/lib/test/auto/PublisherSubscriber10InitialOutputs.xml
15 ms. Memory: 557056K Free: 221343K (40%)
----------------- Invoking toplevel() on ptolemy.moml.MoMLSimpleApplication@63ebe094
----------------- Done invoking toplevel() on ptolemy.moml.MoMLSimpleApplication@63ebe094
reloadAllAccessors: .PublisherSubscriber10InitialOutputs

===========================================================================================
----------------- testing Wed Jan 08 07:03:08 UTC 2020 /home/travis/build/icyphy/ptII/ptolemy/actor/lib/test/auto/PublisherSubscriber11.xml
----------------- Instantiating /home/travis/build/icyphy/ptII/ptolemy/actor/lib/test/auto/PublisherSubscriber11.xml
4 ms. Memory: 557056K Free: 215199K (39%)
----------------- Invoking toplevel() on ptolemy.moml.MoMLSimpleApplication@50058c41
----------------- Done invoking toplevel() on ptolemy.moml.MoMLSimpleApplication@50058c41
reloadAllAccessors: .PublisherSubscriber11

===========================================================================================
----------------- testing Wed Jan 08 07:03:08 UTC 2020 /home/travis/build/icyphy/ptII/ptolemy/actor/lib/test/auto/PublisherSubscriber12.xml
----------------- Instantiating /home/travis/build/icyphy/ptII/ptolemy/actor/lib/test/auto/PublisherSubscriber12.xml
4 ms. Memory: 557056K Free: 208031K (37%)
----------------- Invoking toplevel() on ptolemy.moml.MoMLSimpleApplication@6b62f81d
----------------- Done invoking toplevel() on ptolemy.moml.MoMLSimpleApplication@6b62f81d
reloadAllAccessors: .PublisherSubscriber12

===========================================================================================
----------------- testing Wed Jan 08 07:03:08 UTC 2020 /home/travis/build/icyphy/ptII/ptolemy/actor/lib/test/auto/PublisherSubscriber13.xml
----------------- Instantiating /home/travis/build/icyphy/ptII/ptolemy/actor/lib/test/auto/PublisherSubscriber13.xml
2 ms. Memory: 557056K Free: 202366K (36%)
----------------- Invoking toplevel() on ptolemy.moml.MoMLSimpleApplication@12f7b0e7
----------------- Done invoking toplevel() on ptolemy.moml.MoMLSimpleApplication@12f7b0e7
reloadAllAccessors: .PublisherSubscriber13

===========================================================================================
----------------- testing Wed Jan 08 07:03:08 UTC 2020 /home/travis/build/icyphy/ptII/ptolemy/actor/lib/test/auto/PublisherSubscriber14.xml
----------------- Instantiating /home/travis/build/icyphy/ptII/ptolemy/actor/lib/test/auto/PublisherSubscriber14.xml
2 ms. Memory: 557056K Free: 193695K (35%)
----------------- Invoking toplevel() on ptolemy.moml.MoMLSimpleApplication@77ee756d
----------------- Done invoking toplevel() on ptolemy.moml.MoMLSimpleApplication@77ee756d
reloadAllAccessors: .PublisherSubscriber14

===========================================================================================
----------------- testing Wed Jan 08 07:03:08 UTC 2020 /home/travis/build/icyphy/ptII/ptolemy/actor/lib/test/auto/PublisherSubscriber2.xml
----------------- Instantiating /home/travis/build/icyphy/ptII/ptolemy/actor/lib/test/auto/PublisherSubscriber2.xml
3 ms. Memory: 557056K Free: 188061K (34%)
----------------- Invoking toplevel() on ptolemy.moml.MoMLSimpleApplication@707ac9b2
----------------- Done invoking toplevel() on ptolemy.moml.MoMLSimpleApplication@707ac9b2
reloadAllAccessors: .PublisherSubscriber2

===========================================================================================
----------------- testing Wed Jan 08 07:03:08 UTC 2020 /home/travis/build/icyphy/ptII/ptolemy/actor/lib/test/auto/PublisherSubscriber3.xml
----------------- Instantiating /home/travis/build/icyphy/ptII/ptolemy/actor/lib/test/auto/PublisherSubscriber3.xml
1 ms. Memory: 557056K Free: 182431K (33%)
----------------- Invoking toplevel() on ptolemy.moml.MoMLSimpleApplication@7f89251a
----------------- Done invoking toplevel() on ptolemy.moml.MoMLSimpleApplication@7f89251a
reloadAllAccessors: .PublisherSubscriber3

===========================================================================================
----------------- testing Wed Jan 08 07:03:08 UTC 2020 /home/travis/build/icyphy/ptII/ptolemy/actor/lib/test/auto/PublisherSubscriber4.xml
----------------- Instantiating /home/travis/build/icyphy/ptII/ptolemy/actor/lib/test/auto/PublisherSubscriber4.xml
2 ms. Memory: 557056K Free: 499342K (90%)
----------------- Invoking toplevel() on ptolemy.moml.MoMLSimpleApplication@4e5c69ca
----------------- Done invoking toplevel() on ptolemy.moml.MoMLSimpleApplication@4e5c69ca
reloadAllAccessors: .PublisherSubscriber4

===========================================================================================
----------------- testing Wed Jan 08 07:03:08 UTC 2020 /home/travis/build/icyphy/ptII/ptolemy/actor/lib/test/auto/PublisherSubscriber5.xml
----------------- Instantiating /home/travis/build/icyphy/ptII/ptolemy/actor/lib/test/auto/PublisherSubscriber5.xml
2 ms. Memory: 557056K Free: 492189K (88%)
----------------- Invoking toplevel() on ptolemy.moml.MoMLSimpleApplication@43d53e9e
----------------- Done invoking toplevel() on ptolemy.moml.MoMLSimpleApplication@43d53e9e
reloadAllAccessors: .PublisherSubscriber5

===========================================================================================
----------------- testing Wed Jan 08 07:03:08 UTC 2020 /home/travis/build/icyphy/ptII/ptolemy/actor/lib/test/auto/PublisherSubscriber6.xml
----------------- Instantiating /home/travis/build/icyphy/ptII/ptolemy/actor/lib/test/auto/PublisherSubscriber6.xml
2 ms. Memory: 557056K Free: 485535K (87%)
----------------- Invoking toplevel() on ptolemy.moml.MoMLSimpleApplication@6d595d2d
----------------- Done invoking toplevel() on ptolemy.moml.MoMLSimpleApplication@6d595d2d
reloadAllAccessors: .PublisherSubscriber6

===========================================================================================
----------------- testing Wed Jan 08 07:03:08 UTC 2020 /home/travis/build/icyphy/ptII/ptolemy/actor/lib/test/auto/PublisherSubscriber7.xml
----------------- Instantiating /home/travis/build/icyphy/ptII/ptolemy/actor/lib/test/auto/PublisherSubscriber7.xml
2 ms. Memory: 557056K Free: 478877K (86%)
----------------- Invoking toplevel() on ptolemy.moml.MoMLSimpleApplication@499f88b3
----------------- Done invoking toplevel() on ptolemy.moml.MoMLSimpleApplication@499f88b3
reloadAllAccessors: .PublisherSubscriber7

===========================================================================================
----------------- testing Wed Jan 08 07:03:08 UTC 2020 /home/travis/build/icyphy/ptII/ptolemy/actor/lib/test/auto/PublisherSubscriber8.xml
----------------- Instantiating /home/travis/build/icyphy/ptII/ptolemy/actor/lib/test/auto/PublisherSubscriber8.xml
18 ms. Memory: 557056K Free: 467103K (84%)
----------------- Invoking toplevel() on ptolemy.moml.MoMLSimpleApplication@97b93cb
----------------- Done invoking toplevel() on ptolemy.moml.MoMLSimpleApplication@97b93cb
reloadAllAccessors: .PublisherSubscriber8

===========================================================================================
----------------- testing Wed Jan 08 07:03:08 UTC 2020 /home/travis/build/icyphy/ptII/ptolemy/actor/lib/test/auto/PublisherSubscriber9.xml
----------------- Instantiating /home/travis/build/icyphy/ptII/ptolemy/actor/lib/test/auto/PublisherSubscriber9.xml
2 ms. Memory: 557056K Free: 459935K (83%)
----------------- Invoking toplevel() on ptolemy.moml.MoMLSimpleApplication@6b56c82f
----------------- Done invoking toplevel() on ptolemy.moml.MoMLSimpleApplication@6b56c82f
reloadAllAccessors: .PublisherSubscriber9

===========================================================================================
----------------- testing Wed Jan 08 07:03:08 UTC 2020 /home/travis/build/icyphy/ptII/ptolemy/actor/lib/test/auto/PublisherSubscriberAdjacent.xml
----------------- Instantiating /home/travis/build/icyphy/ptII/ptolemy/actor/lib/test/auto/PublisherSubscriberAdjacent.xml
1 ms. Memory: 557056K Free: 451743K (81%)
----------------- Invoking toplevel() on ptolemy.moml.MoMLSimpleApplication@154b120a
----------------- Done invoking toplevel() on ptolemy.moml.MoMLSimpleApplication@154b120a
reloadAllAccessors: .PublisherSubscriberAdjacent

===========================================================================================
----------------- testing Wed Jan 08 07:03:08 UTC 2020 /home/travis/build/icyphy/ptII/ptolemy/actor/lib/test/auto/PublisherSubscriberChannelVariablesAOC2.xml
----------------- Instantiating /home/travis/build/icyphy/ptII/ptolemy/actor/lib/test/auto/PublisherSubscriberChannelVariablesAOC2.xml
3 ms. Memory: 557056K Free: 436878K (78%)
----------------- Invoking toplevel() on ptolemy.moml.MoMLSimpleApplication@6bc02c77
----------------- Done invoking toplevel() on ptolemy.moml.MoMLSimpleApplication@6bc02c77
reloadAllAccessors: .PublisherSubscriberChannelVariablesAOC2

===========================================================================================
----------------- testing Wed Jan 08 07:03:08 UTC 2020 /home/travis/build/icyphy/ptII/ptolemy/actor/lib/test/auto/PublisherSubscriberD3.xml
----------------- Instantiating /home/travis/build/icyphy/ptII/ptolemy/actor/lib/test/auto/PublisherSubscriberD3.xml
2 ms. Memory: 557056K Free: 429725K (77%)
----------------- Invoking toplevel() on ptolemy.moml.MoMLSimpleApplication@2d2800c0
----------------- Done invoking toplevel() on ptolemy.moml.MoMLSimpleApplication@2d2800c0
reloadAllAccessors: .PublisherSubscriberD3

===========================================================================================
----------------- testing Wed Jan 08 07:03:08 UTC 2020 /home/travis/build/icyphy/ptII/ptolemy/actor/lib/test/auto/PublisherSubscriberD3Reverse.xml
----------------- Instantiating /home/travis/build/icyphy/ptII/ptolemy/actor/lib/test/auto/PublisherSubscriberD3Reverse.xml
2 ms. Memory: 557056K Free: 423071K (76%)
----------------- Invoking toplevel() on ptolemy.moml.MoMLSimpleApplication@6126e66d
----------------- Done invoking toplevel() on ptolemy.moml.MoMLSimpleApplication@6126e66d
reloadAllAccessors: .PublisherSubscriberD3Reverse

===========================================================================================
----------------- testing Wed Jan 08 07:03:08 UTC 2020 /home/travis/build/icyphy/ptII/ptolemy/actor/lib/test/auto/PublisherSubscriberExpression.xml
----------------- Instantiating /home/travis/build/icyphy/ptII/ptolemy/actor/lib/test/auto/PublisherSubscriberExpression.xml
4 ms. Memory: 557056K Free: 414879K (74%)
----------------- Invoking toplevel() on ptolemy.moml.MoMLSimpleApplication@50b804f0
----------------- Done invoking toplevel() on ptolemy.moml.MoMLSimpleApplication@50b804f0
reloadAllAccessors: .PublisherSubscriberExpression

===========================================================================================
----------------- testing Wed Jan 08 07:03:08 UTC 2020 /home/travis/build/icyphy/ptII/ptolemy/actor/lib/test/auto/PublisherSubscriberOpaque.xml
----------------- Instantiating /home/travis/build/icyphy/ptII/ptolemy/actor/lib/test/auto/PublisherSubscriberOpaque.xml
4 ms. Memory: 557056K Free: 406687K (73%)
----------------- Invoking toplevel() on ptolemy.moml.MoMLSimpleApplication@2bc2702b
----------------- Done invoking toplevel() on ptolemy.moml.MoMLSimpleApplication@2bc2702b
reloadAllAccessors: .PublisherSubscriberOpaque

===========================================================================================
----------------- testing Wed Jan 08 07:03:08 UTC 2020 /home/travis/build/icyphy/ptII/ptolemy/actor/lib/test/auto/PublisherSubscriberOpaqueD3.xml
----------------- Instantiating /home/travis/build/icyphy/ptII/ptolemy/actor/lib/test/auto/PublisherSubscriberOpaqueD3.xml
5 ms. Memory: 557056K Free: 394909K (71%)
----------------- Invoking toplevel() on ptolemy.moml.MoMLSimpleApplication@241a9b37
----------------- Done invoking toplevel() on ptolemy.moml.MoMLSimpleApplication@241a9b37
reloadAllAccessors: .PublisherSubscriberOpaqueD3

===========================================================================================
----------------- testing Wed Jan 08 07:03:08 UTC 2020 /home/travis/build/icyphy/ptII/ptolemy/actor/lib/test/auto/PublisherSubscriberOpaqueD3Reverse.xml
----------------- Instantiating /home/travis/build/icyphy/ptII/ptolemy/actor/lib/test/auto/PublisherSubscriberOpaqueD3Reverse.xml
8 ms. Memory: 557056K Free: 384159K (69%)
----------------- Invoking toplevel() on ptolemy.moml.MoMLSimpleApplication@398eb62
----------------- Done invoking toplevel() on ptolemy.moml.MoMLSimpleApplication@398eb62
reloadAllAccessors: .PublisherSubscriberOpaqueD3Reverse

===========================================================================================
----------------- testing Wed Jan 08 07:03:08 UTC 2020 /home/travis/build/icyphy/ptII/ptolemy/actor/lib/test/auto/PublisherSubscriberOpaqueWidthInference.xml
----------------- Instantiating /home/travis/build/icyphy/ptII/ptolemy/actor/lib/test/auto/PublisherSubscriberOpaqueWidthInference.xml
5 ms. Memory: 557056K Free: 375967K (67%)
----------------- Invoking toplevel() on ptolemy.moml.MoMLSimpleApplication@12e4bf0c
----------------- Done invoking toplevel() on ptolemy.moml.MoMLSimpleApplication@12e4bf0c
reloadAllAccessors: .PublisherSubscriberOpaqueWidthInference

===========================================================================================
----------------- testing Wed Jan 08 07:03:08 UTC 2020 /home/travis/build/icyphy/ptII/ptolemy/actor/lib/test/auto/PublisherTestSubscriber.xml
----------------- Instantiating /home/travis/build/icyphy/ptII/ptolemy/actor/lib/test/auto/PublisherTestSubscriber.xml
3 ms. Memory: 557056K Free: 367775K (66%)
----------------- Invoking toplevel() on ptolemy.moml.MoMLSimpleApplication@3d1c983e
----------------- Done invoking toplevel() on ptolemy.moml.MoMLSimpleApplication@3d1c983e
reloadAllAccessors: .PublisherTestSubscriber

===========================================================================================
----------------- testing Wed Jan 08 07:03:08 UTC 2020 /home/travis/build/icyphy/ptII/ptolemy/actor/lib/test/auto/PublisherToplevelSubscriberPortAOC.xml
----------------- Instantiating /home/travis/build/icyphy/ptII/ptolemy/actor/lib/test/auto/PublisherToplevelSubscriberPortAOC.xml
2 ms. Memory: 557056K Free: 361631K (65%)
----------------- Invoking toplevel() on ptolemy.moml.MoMLSimpleApplication@4ae16682
----------------- Done invoking toplevel() on ptolemy.moml.MoMLSimpleApplication@4ae16682
reloadAllAccessors: .PublisherToplevelSubscriberPortAOC

===========================================================================================
----------------- testing Wed Jan 08 07:03:08 UTC 2020 /home/travis/build/icyphy/ptII/ptolemy/actor/lib/test/auto/PulseFiringLimitDE.xml
----------------- Instantiating /home/travis/build/icyphy/ptII/ptolemy/actor/lib/test/auto/PulseFiringLimitDE.xml
2 ms. Memory: 557056K Free: 355487K (64%)
----------------- Invoking toplevel() on ptolemy.moml.MoMLSimpleApplication@6fde12a9
----------------- Done invoking toplevel() on ptolemy.moml.MoMLSimpleApplication@6fde12a9
reloadAllAccessors: .PulseFiringLimitDE

===========================================================================================
----------------- testing Wed Jan 08 07:03:08 UTC 2020 /home/travis/build/icyphy/ptII/ptolemy/actor/lib/test/auto/Ramp1.xml
----------------- Instantiating /home/travis/build/icyphy/ptII/ptolemy/actor/lib/test/auto/Ramp1.xml
1 ms. Memory: 557056K Free: 350877K (63%)
----------------- Invoking toplevel() on ptolemy.moml.MoMLSimpleApplication@32f797fd
----------------- Done invoking toplevel() on ptolemy.moml.MoMLSimpleApplication@32f797fd
reloadAllAccessors: .Ramp1

===========================================================================================
----------------- testing Wed Jan 08 07:03:08 UTC 2020 /home/travis/build/icyphy/ptII/ptolemy/actor/lib/test/auto/RampFiringLimitDE.xml
----------------- Instantiating /home/travis/build/icyphy/ptII/ptolemy/actor/lib/test/auto/RampFiringLimitDE.xml
2 ms. Memory: 557056K Free: 344718K (62%)
----------------- Invoking toplevel() on ptolemy.moml.MoMLSimpleApplication@4375bcd1
----------------- Done invoking toplevel() on ptolemy.moml.MoMLSimpleApplication@4375bcd1
reloadAllAccessors: .RampFiringLimitDE

===========================================================================================
----------------- testing Wed Jan 08 07:03:08 UTC 2020 /home/travis/build/icyphy/ptII/ptolemy/actor/lib/test/auto/RampFiringLimitSDF.xml
----------------- Instantiating /home/travis/build/icyphy/ptII/ptolemy/actor/lib/test/auto/RampFiringLimitSDF.xml
2 ms. Memory: 557056K Free: 339598K (61%)
----------------- Invoking toplevel() on ptolemy.moml.MoMLSimpleApplication@382f8205
----------------- Done invoking toplevel() on ptolemy.moml.MoMLSimpleApplication@382f8205
reloadAllAccessors: .RampFiringLimitSDF

===========================================================================================
----------------- testing Wed Jan 08 07:03:08 UTC 2020 /home/travis/build/icyphy/ptII/ptolemy/actor/lib/test/auto/RandomInteger.xml
----------------- Instantiating /home/travis/build/icyphy/ptII/ptolemy/actor/lib/test/auto/RandomInteger.xml
1 ms. Memory: 557056K Free: 335007K (60%)
----------------- Invoking toplevel() on ptolemy.moml.MoMLSimpleApplication@40a384dc
----------------- Done invoking toplevel() on ptolemy.moml.MoMLSimpleApplication@40a384dc
reloadAllAccessors: .RandomInteger

===========================================================================================
----------------- testing Wed Jan 08 07:03:08 UTC 2020 /home/travis/build/icyphy/ptII/ptolemy/actor/lib/test/auto/ReadFile1.xml
----------------- Instantiating /home/travis/build/icyphy/ptII/ptolemy/actor/lib/test/auto/ReadFile1.xml
2 ms. Memory: 557056K Free: 330397K (59%)
----------------- Invoking toplevel() on ptolemy.moml.MoMLSimpleApplication@4e08fe47
----------------- Done invoking toplevel() on ptolemy.moml.MoMLSimpleApplication@4e08fe47
reloadAllAccessors: .ReadFile1

===========================================================================================
----------------- testing Wed Jan 08 07:03:08 UTC 2020 /home/travis/build/icyphy/ptII/ptolemy/actor/lib/test/auto/ReadFile2.xml
----------------- Instantiating /home/travis/build/icyphy/ptII/ptolemy/actor/lib/test/auto/ReadFile2.xml
1 ms. Memory: 557056K Free: 326301K (59%)
----------------- Invoking toplevel() on ptolemy.moml.MoMLSimpleApplication@4e58667
----------------- Done invoking toplevel() on ptolemy.moml.MoMLSimpleApplication@4e58667
reloadAllAccessors: .ReadFile2

===========================================================================================
----------------- testing Wed Jan 08 07:03:08 UTC 2020 /home/travis/build/icyphy/ptII/ptolemy/actor/lib/test/auto/Reader.xml
----------------- Instantiating /home/travis/build/icyphy/ptII/ptolemy/actor/lib/test/auto/Reader.xml
actor.lib.Reader is obsolete, use actor.lib.io.ExpressionReader instead
1 ms. Memory: 557056K Free: 322205K (58%)
----------------- Invoking toplevel() on ptolemy.moml.MoMLSimpleApplication@923ad51
----------------- Done invoking toplevel() on ptolemy.moml.MoMLSimpleApplication@923ad51
reloadAllAccessors: .Reader

===========================================================================================
----------------- testing Wed Jan 08 07:03:08 UTC 2020 /home/travis/build/icyphy/ptII/ptolemy/actor/lib/test/auto/RecordAssemblerDisplayNameTest.xml
----------------- Instantiating /home/travis/build/icyphy/ptII/ptolemy/actor/lib/test/auto/RecordAssemblerDisplayNameTest.xml
3358 ms. Memory: 557056K Free: 395423K (71%)
----------------- Invoking toplevel() on ptolemy.moml.MoMLSimpleApplication@15389dff
----------------- Done invoking toplevel() on ptolemy.moml.MoMLSimpleApplication@15389dff
reloadAllAccessors: .RecordAssemblerDisplayNameTest

===========================================================================================
----------------- testing Wed Jan 08 07:03:12 UTC 2020 /home/travis/build/icyphy/ptII/ptolemy/actor/lib/test/auto/RecordAssemblerTypeError.xml
----------------- Instantiating /home/travis/build/icyphy/ptII/ptolemy/actor/lib/test/auto/RecordAssemblerTypeError.xml
11 ms. Memory: 557056K Free: 385693K (69%)
----------------- Invoking toplevel() on ptolemy.moml.MoMLSimpleApplication@5f0f3a02
----------------- Done invoking toplevel() on ptolemy.moml.MoMLSimpleApplication@5f0f3a02
reloadAllAccessors: .RecordAssemblerTypeError

===========================================================================================
----------------- testing Wed Jan 08 07:03:12 UTC 2020 /home/travis/build/icyphy/ptII/ptolemy/actor/lib/test/auto/RecordDisassember.xml
----------------- Instantiating /home/travis/build/icyphy/ptII/ptolemy/actor/lib/test/auto/RecordDisassember.xml
4 ms. Memory: 557056K Free: 381087K (68%)
----------------- Invoking toplevel() on ptolemy.moml.MoMLSimpleApplication@62041c0
----------------- Done invoking toplevel() on ptolemy.moml.MoMLSimpleApplication@62041c0
reloadAllAccessors: .RecordDisassember

===========================================================================================
----------------- testing Wed Jan 08 07:03:12 UTC 2020 /home/travis/build/icyphy/ptII/ptolemy/actor/lib/test/auto/RecordDisassemberDisplayNameTest.xml
----------------- Instantiating /home/travis/build/icyphy/ptII/ptolemy/actor/lib/test/auto/RecordDisassemberDisplayNameTest.xml
7 ms. Memory: 557056K Free: 372895K (67%)
----------------- Invoking toplevel() on ptolemy.moml.MoMLSimpleApplication@5315d042
----------------- Done invoking toplevel() on ptolemy.moml.MoMLSimpleApplication@5315d042
reloadAllAccessors: .RecordDisassemberDisplayNameTest

===========================================================================================
----------------- testing Wed Jan 08 07:03:12 UTC 2020 /home/travis/build/icyphy/ptII/ptolemy/actor/lib/test/auto/RecordDisassembler.xml
----------------- Instantiating /home/travis/build/icyphy/ptII/ptolemy/actor/lib/test/auto/RecordDisassembler.xml
3 ms. Memory: 557056K Free: 367775K (66%)
----------------- Invoking toplevel() on ptolemy.moml.MoMLSimpleApplication@721c425b
----------------- Done invoking toplevel() on ptolemy.moml.MoMLSimpleApplication@721c425b
reloadAllAccessors: .RecordDisassembler

===========================================================================================
----------------- testing Wed Jan 08 07:03:12 UTC 2020 /home/travis/build/icyphy/ptII/ptolemy/actor/lib/test/auto/RecordDisassembler2.xml
----------------- Instantiating /home/travis/build/icyphy/ptII/ptolemy/actor/lib/test/auto/RecordDisassembler2.xml
3 ms. Memory: 557056K Free: 362655K (65%)
----------------- Invoking toplevel() on ptolemy.moml.MoMLSimpleApplication@5147330d
----------------- Done invoking toplevel() on ptolemy.moml.MoMLSimpleApplication@5147330d
reloadAllAccessors: .RecordDisassembler2

===========================================================================================
----------------- testing Wed Jan 08 07:03:12 UTC 2020 /home/travis/build/icyphy/ptII/ptolemy/actor/lib/test/auto/RecordUpdater.xml
----------------- Instantiating /home/travis/build/icyphy/ptII/ptolemy/actor/lib/test/auto/RecordUpdater.xml
2 ms. Memory: 557056K Free: 357535K (64%)
----------------- Invoking toplevel() on ptolemy.moml.MoMLSimpleApplication@326f0c67
----------------- Done invoking toplevel() on ptolemy.moml.MoMLSimpleApplication@326f0c67
reloadAllAccessors: .RecordUpdater

===========================================================================================
----------------- testing Wed Jan 08 07:03:12 UTC 2020 /home/travis/build/icyphy/ptII/ptolemy/actor/lib/test/auto/RecordUpdater2.xml
----------------- Instantiating /home/travis/build/icyphy/ptII/ptolemy/actor/lib/test/auto/RecordUpdater2.xml
3 ms. Memory: 557056K Free: 352925K (63%)
----------------- Invoking toplevel() on ptolemy.moml.MoMLSimpleApplication@2914195e
----------------- Done invoking toplevel() on ptolemy.moml.MoMLSimpleApplication@2914195e
reloadAllAccessors: .RecordUpdater2

===========================================================================================
----------------- testing Wed Jan 08 07:03:12 UTC 2020 /home/travis/build/icyphy/ptII/ptolemy/actor/lib/test/auto/RecursiveLattice.xml
----------------- Instantiating /home/travis/build/icyphy/ptII/ptolemy/actor/lib/test/auto/RecursiveLattice.xml
1 ms. Memory: 557056K Free: 347805K (62%)
----------------- Invoking toplevel() on ptolemy.moml.MoMLSimpleApplication@63d06154
----------------- Done invoking toplevel() on ptolemy.moml.MoMLSimpleApplication@63d06154
reloadAllAccessors: .RecursiveLattice

===========================================================================================
----------------- testing Wed Jan 08 07:03:12 UTC 2020 /home/travis/build/icyphy/ptII/ptolemy/actor/lib/test/auto/Router.xml
----------------- Instantiating /home/travis/build/icyphy/ptII/ptolemy/actor/lib/test/auto/Router.xml
3004 ms. Memory: 557056K Free: 337055K (61%)
----------------- Invoking toplevel() on ptolemy.moml.MoMLSimpleApplication@35377f17
----------------- Done invoking toplevel() on ptolemy.moml.MoMLSimpleApplication@35377f17
reloadAllAccessors: .Router

===========================================================================================
----------------- testing Wed Jan 08 07:03:15 UTC 2020 /home/travis/build/icyphy/ptII/ptolemy/actor/lib/test/auto/Router2.xml
----------------- Instantiating /home/travis/build/icyphy/ptII/ptolemy/actor/lib/test/auto/Router2.xml
3003 ms. Memory: 557056K Free: 326815K (59%)
----------------- Invoking toplevel() on ptolemy.moml.MoMLSimpleApplication@7e11c20b
----------------- Done invoking toplevel() on ptolemy.moml.MoMLSimpleApplication@7e11c20b
reloadAllAccessors: .Router2

===========================================================================================
----------------- testing Wed Jan 08 07:03:18 UTC 2020 /home/travis/build/icyphy/ptII/ptolemy/actor/lib/test/auto/RunningMaximum.xml
----------------- Instantiating /home/travis/build/icyphy/ptII/ptolemy/actor/lib/test/auto/RunningMaximum.xml
8 ms. Memory: 557056K Free: 322205K (58%)
----------------- Invoking toplevel() on ptolemy.moml.MoMLSimpleApplication@616f4fc6
----------------- Done invoking toplevel() on ptolemy.moml.MoMLSimpleApplication@616f4fc6
reloadAllAccessors: .RunningMaximum

===========================================================================================
----------------- testing Wed Jan 08 07:03:18 UTC 2020 /home/travis/build/icyphy/ptII/ptolemy/actor/lib/test/auto/RunningMinimum.xml
----------------- Instantiating /home/travis/build/icyphy/ptII/ptolemy/actor/lib/test/auto/RunningMinimum.xml
8 ms. Memory: 557056K Free: 317085K (57%)
----------------- Invoking toplevel() on ptolemy.moml.MoMLSimpleApplication@6d0a8678
----------------- Done invoking toplevel() on ptolemy.moml.MoMLSimpleApplication@6d0a8678
reloadAllAccessors: .RunningMinimum

===========================================================================================
----------------- testing Wed Jan 08 07:03:18 UTC 2020 /home/travis/build/icyphy/ptII/ptolemy/actor/lib/test/auto/Scale.xml
----------------- Instantiating /home/travis/build/icyphy/ptII/ptolemy/actor/lib/test/auto/Scale.xml
2 ms. Memory: 557056K Free: 312479K (56%)
----------------- Invoking toplevel() on ptolemy.moml.MoMLSimpleApplication@7d71b7d
----------------- Done invoking toplevel() on ptolemy.moml.MoMLSimpleApplication@7d71b7d
reloadAllAccessors: .Scale

===========================================================================================
----------------- testing Wed Jan 08 07:03:18 UTC 2020 /home/travis/build/icyphy/ptII/ptolemy/actor/lib/test/auto/Scale2.xml
----------------- Instantiating /home/travis/build/icyphy/ptII/ptolemy/actor/lib/test/auto/Scale2.xml
2 ms. Memory: 557056K Free: 307869K (55%)
----------------- Invoking toplevel() on ptolemy.moml.MoMLSimpleApplication@7a602cd
----------------- Done invoking toplevel() on ptolemy.moml.MoMLSimpleApplication@7a602cd
reloadAllAccessors: .Scale2

===========================================================================================
----------------- testing Wed Jan 08 07:03:18 UTC 2020 /home/travis/build/icyphy/ptII/ptolemy/actor/lib/test/auto/Scale3.xml
----------------- Instantiating /home/travis/build/icyphy/ptII/ptolemy/actor/lib/test/auto/Scale3.xml
3 ms. Memory: 557056K Free: 301725K (54%)
----------------- Invoking toplevel() on ptolemy.moml.MoMLSimpleApplication@35ffd42e
----------------- Done invoking toplevel() on ptolemy.moml.MoMLSimpleApplication@35ffd42e
reloadAllAccessors: .Scale3

===========================================================================================
----------------- testing Wed Jan 08 07:03:18 UTC 2020 /home/travis/build/icyphy/ptII/ptolemy/actor/lib/test/auto/ScaleArray.xml
----------------- Instantiating /home/travis/build/icyphy/ptII/ptolemy/actor/lib/test/auto/ScaleArray.xml
2 ms. Memory: 557056K Free: 297119K (53%)
----------------- Invoking toplevel() on ptolemy.moml.MoMLSimpleApplication@5475e31b
----------------- Done invoking toplevel() on ptolemy.moml.MoMLSimpleApplication@5475e31b
reloadAllAccessors: .ScaleArray

===========================================================================================
----------------- testing Wed Jan 08 07:03:18 UTC 2020 /home/travis/build/icyphy/ptII/ptolemy/actor/lib/test/auto/ScaleArray2.xml
----------------- Instantiating /home/travis/build/icyphy/ptII/ptolemy/actor/lib/test/auto/ScaleArray2.xml
2 ms. Memory: 557056K Free: 291999K (52%)
----------------- Invoking toplevel() on ptolemy.moml.MoMLSimpleApplication@53a06f6c
----------------- Done invoking toplevel() on ptolemy.moml.MoMLSimpleApplication@53a06f6c
reloadAllAccessors: .ScaleArray2

===========================================================================================
----------------- testing Wed Jan 08 07:03:18 UTC 2020 /home/travis/build/icyphy/ptII/ptolemy/actor/lib/test/auto/ScaleMatrix.xml
----------------- Instantiating /home/travis/build/icyphy/ptII/ptolemy/actor/lib/test/auto/ScaleMatrix.xml
105 ms. Memory: 557056K Free: 277149K (50%)
----------------- Invoking toplevel() on ptolemy.moml.MoMLSimpleApplication@7e72cc06
----------------- Done invoking toplevel() on ptolemy.moml.MoMLSimpleApplication@7e72cc06
reloadAllAccessors: .ScaleMatrix

===========================================================================================
----------------- testing Wed Jan 08 07:03:18 UTC 2020 /home/travis/build/icyphy/ptII/ptolemy/actor/lib/test/auto/Select.xml
----------------- Instantiating /home/travis/build/icyphy/ptII/ptolemy/actor/lib/test/auto/Select.xml
2 ms. Memory: 557056K Free: 270974K (49%)
----------------- Invoking toplevel() on ptolemy.moml.MoMLSimpleApplication@4179b34c
----------------- Done invoking toplevel() on ptolemy.moml.MoMLSimpleApplication@4179b34c
reloadAllAccessors: .Select

===========================================================================================
----------------- testing Wed Jan 08 07:03:18 UTC 2020 /home/travis/build/icyphy/ptII/ptolemy/actor/lib/test/auto/Select2.xml
----------------- Instantiating /home/travis/build/icyphy/ptII/ptolemy/actor/lib/test/auto/Select2.xml
1 ms. Memory: 557056K Free: 266399K (48%)
----------------- Invoking toplevel() on ptolemy.moml.MoMLSimpleApplication@8660ebf
----------------- Done invoking toplevel() on ptolemy.moml.MoMLSimpleApplication@8660ebf
reloadAllAccessors: .Select2

===========================================================================================
----------------- testing Wed Jan 08 07:03:18 UTC 2020 /home/travis/build/icyphy/ptII/ptolemy/actor/lib/test/auto/SequenceToArray2.xml
----------------- Instantiating /home/travis/build/icyphy/ptII/ptolemy/actor/lib/test/auto/SequenceToArray2.xml
97 ms. Memory: 557056K Free: 241823K (43%)
----------------- Invoking toplevel() on ptolemy.moml.MoMLSimpleApplication@344358bd
----------------- Done invoking toplevel() on ptolemy.moml.MoMLSimpleApplication@344358bd
reloadAllAccessors: .SequenceToArray2

===========================================================================================
----------------- testing Wed Jan 08 07:03:18 UTC 2020 /home/travis/build/icyphy/ptII/ptolemy/actor/lib/test/auto/SequentialClock.xml
----------------- Instantiating /home/travis/build/icyphy/ptII/ptolemy/actor/lib/test/auto/SequentialClock.xml
2 ms. Memory: 557056K Free: 237727K (43%)
----------------- Invoking toplevel() on ptolemy.moml.MoMLSimpleApplication@4cc39f16
----------------- Done invoking toplevel() on ptolemy.moml.MoMLSimpleApplication@4cc39f16
reloadAllAccessors: .SequentialClock

===========================================================================================
----------------- testing Wed Jan 08 07:03:18 UTC 2020 /home/travis/build/icyphy/ptII/ptolemy/actor/lib/test/auto/SetVariable.xml
----------------- Instantiating /home/travis/build/icyphy/ptII/ptolemy/actor/lib/test/auto/SetVariable.xml
4 ms. Memory: 557056K Free: 233117K (42%)
----------------- Invoking toplevel() on ptolemy.moml.MoMLSimpleApplication@358c40d8
----------------- Done invoking toplevel() on ptolemy.moml.MoMLSimpleApplication@358c40d8
reloadAllAccessors: .SetVariable

===========================================================================================
----------------- testing Wed Jan 08 07:03:18 UTC 2020 /home/travis/build/icyphy/ptII/ptolemy/actor/lib/test/auto/SetVariable2.xml
----------------- Instantiating /home/travis/build/icyphy/ptII/ptolemy/actor/lib/test/auto/SetVariable2.xml
2 ms. Memory: 557056K Free: 227487K (41%)
----------------- Invoking toplevel() on ptolemy.moml.MoMLSimpleApplication@fb0dc3a
----------------- Done invoking toplevel() on ptolemy.moml.MoMLSimpleApplication@fb0dc3a
reloadAllAccessors: .SetVariable2

===========================================================================================
----------------- testing Wed Jan 08 07:03:18 UTC 2020 /home/travis/build/icyphy/ptII/ptolemy/actor/lib/test/auto/SetVariable3.xml
----------------- Instantiating /home/travis/build/icyphy/ptII/ptolemy/actor/lib/test/auto/SetVariable3.xml
6 ms. Memory: 557056K Free: 221853K (40%)
----------------- Invoking toplevel() on ptolemy.moml.MoMLSimpleApplication@3dd4a9d2
----------------- Done invoking toplevel() on ptolemy.moml.MoMLSimpleApplication@3dd4a9d2
reloadAllAccessors: .SetVariable3

===========================================================================================
----------------- testing Wed Jan 08 07:03:18 UTC 2020 /home/travis/build/icyphy/ptII/ptolemy/actor/lib/test/auto/SetVariable4.xml
----------------- Instantiating /home/travis/build/icyphy/ptII/ptolemy/actor/lib/test/auto/SetVariable4.xml
13 ms. Memory: 557056K Free: 212125K (38%)
----------------- Invoking toplevel() on ptolemy.moml.MoMLSimpleApplication@1d32d411
----------------- Done invoking toplevel() on ptolemy.moml.MoMLSimpleApplication@1d32d411
reloadAllAccessors: .SetVariable4

===========================================================================================
----------------- testing Wed Jan 08 07:03:18 UTC 2020 /home/travis/build/icyphy/ptII/ptolemy/actor/lib/test/auto/SetVariable5.xml
----------------- Instantiating /home/travis/build/icyphy/ptII/ptolemy/actor/lib/test/auto/SetVariable5.xml
17 ms. Memory: 557056K Free: 202911K (36%)
----------------- Invoking toplevel() on ptolemy.moml.MoMLSimpleApplication@4dcfc71e
----------------- Done invoking toplevel() on ptolemy.moml.MoMLSimpleApplication@4dcfc71e
reloadAllAccessors: .SetVariable5

===========================================================================================
----------------- testing Wed Jan 08 07:03:18 UTC 2020 /home/travis/build/icyphy/ptII/ptolemy/actor/lib/test/auto/Sinewave.xml
----------------- Instantiating /home/travis/build/icyphy/ptII/ptolemy/actor/lib/test/auto/Sinewave.xml
13 ms. Memory: 557056K Free: 192671K (35%)
----------------- Invoking toplevel() on ptolemy.moml.MoMLSimpleApplication@2b6a9349
----------------- Done invoking toplevel() on ptolemy.moml.MoMLSimpleApplication@2b6a9349
reloadAllAccessors: .Sinewave

===========================================================================================
----------------- testing Wed Jan 08 07:03:18 UTC 2020 /home/travis/build/icyphy/ptII/ptolemy/actor/lib/test/auto/Sinewave2.xml
----------------- Instantiating /home/travis/build/icyphy/ptII/ptolemy/actor/lib/test/auto/Sinewave2.xml
10 ms. Memory: 557056K Free: 183965K (33%)
----------------- Invoking toplevel() on ptolemy.moml.MoMLSimpleApplication@53a5ba40
----------------- Done invoking toplevel() on ptolemy.moml.MoMLSimpleApplication@53a5ba40
reloadAllAccessors: .Sinewave2

===========================================================================================
----------------- testing Wed Jan 08 07:03:18 UTC 2020 /home/travis/build/icyphy/ptII/ptolemy/actor/lib/test/auto/Sinewave3.xml
----------------- Instantiating /home/travis/build/icyphy/ptII/ptolemy/actor/lib/test/auto/Sinewave3.xml
8 ms. Memory: 557056K Free: 494751K (89%)
----------------- Invoking toplevel() on ptolemy.moml.MoMLSimpleApplication@7cfd865
----------------- Done invoking toplevel() on ptolemy.moml.MoMLSimpleApplication@7cfd865
reloadAllAccessors: .Sinewave3

===========================================================================================
----------------- testing Wed Jan 08 07:03:18 UTC 2020 /home/travis/build/icyphy/ptII/ptolemy/actor/lib/test/auto/SingleEvent.xml
----------------- Instantiating /home/travis/build/icyphy/ptII/ptolemy/actor/lib/test/auto/SingleEvent.xml
1 ms. Memory: 557056K Free: 490141K (88%)
----------------- Invoking toplevel() on ptolemy.moml.MoMLSimpleApplication@669498e
----------------- Done invoking toplevel() on ptolemy.moml.MoMLSimpleApplication@669498e
reloadAllAccessors: .SingleEvent

===========================================================================================
----------------- testing Wed Jan 08 07:03:18 UTC 2020 /home/travis/build/icyphy/ptII/ptolemy/actor/lib/test/auto/Sleep.xml
----------------- Instantiating /home/travis/build/icyphy/ptII/ptolemy/actor/lib/test/auto/Sleep.xml
6003 ms. Memory: 557056K Free: 485006K (87%)
----------------- Invoking toplevel() on ptolemy.moml.MoMLSimpleApplication@51958b0a
----------------- Done invoking toplevel() on ptolemy.moml.MoMLSimpleApplication@51958b0a
reloadAllAccessors: .Sleep

===========================================================================================
----------------- testing Wed Jan 08 07:03:24 UTC 2020 /home/travis/build/icyphy/ptII/ptolemy/actor/lib/test/auto/SleepMultipleFire.xml
----------------- Instantiating /home/travis/build/icyphy/ptII/ptolemy/actor/lib/test/auto/SleepMultipleFire.xml
1023 ms. Memory: 557056K Free: 479391K (86%)
----------------- Invoking toplevel() on ptolemy.moml.MoMLSimpleApplication@37d6b444
----------------- Done invoking toplevel() on ptolemy.moml.MoMLSimpleApplication@37d6b444
reloadAllAccessors: .SleepMultipleFire

===========================================================================================
----------------- testing Wed Jan 08 07:03:25 UTC 2020 /home/travis/build/icyphy/ptII/ptolemy/actor/lib/test/auto/StopDE.xml
----------------- Instantiating /home/travis/build/icyphy/ptII/ptolemy/actor/lib/test/auto/StopDE.xml
3 ms. Memory: 557056K Free: 473247K (85%)
----------------- Invoking toplevel() on ptolemy.moml.MoMLSimpleApplication@3b47905b
----------------- Done invoking toplevel() on ptolemy.moml.MoMLSimpleApplication@3b47905b
reloadAllAccessors: .StopDE

===========================================================================================
----------------- testing Wed Jan 08 07:03:25 UTC 2020 /home/travis/build/icyphy/ptII/ptolemy/actor/lib/test/auto/StopSDF.xml
----------------- Instantiating /home/travis/build/icyphy/ptII/ptolemy/actor/lib/test/auto/StopSDF.xml
2 ms. Memory: 557056K Free: 468127K (84%)
----------------- Invoking toplevel() on ptolemy.moml.MoMLSimpleApplication@3f93f40e
----------------- Done invoking toplevel() on ptolemy.moml.MoMLSimpleApplication@3f93f40e
reloadAllAccessors: .StopSDF

===========================================================================================
----------------- testing Wed Jan 08 07:03:25 UTC 2020 /home/travis/build/icyphy/ptII/ptolemy/actor/lib/test/auto/StringConstant.xml
----------------- Instantiating /home/travis/build/icyphy/ptII/ptolemy/actor/lib/test/auto/StringConstant.xml
8 ms. Memory: 557056K Free: 463514K (83%)
----------------- Invoking toplevel() on ptolemy.moml.MoMLSimpleApplication@76228803
----------------- Done invoking toplevel() on ptolemy.moml.MoMLSimpleApplication@76228803
reloadAllAccessors: .StringConstant

===========================================================================================
----------------- testing Wed Jan 08 07:03:26 UTC 2020 /home/travis/build/icyphy/ptII/ptolemy/actor/lib/test/auto/SubscriberPortInitialValues1.xml
----------------- Instantiating /home/travis/build/icyphy/ptII/ptolemy/actor/lib/test/auto/SubscriberPortInitialValues1.xml
9 ms. Memory: 557056K Free: 454301K (82%)
----------------- Invoking toplevel() on ptolemy.moml.MoMLSimpleApplication@3accaf3e
----------------- Done invoking toplevel() on ptolemy.moml.MoMLSimpleApplication@3accaf3e
reloadAllAccessors: .SubscriberPortInitialValues1

===========================================================================================
----------------- testing Wed Jan 08 07:03:26 UTC 2020 /home/travis/build/icyphy/ptII/ptolemy/actor/lib/test/auto/SubscriberPortInitialValues13.xml
----------------- Instantiating /home/travis/build/icyphy/ptII/ptolemy/actor/lib/test/auto/SubscriberPortInitialValues13.xml
6 ms. Memory: 557056K Free: 441503K (79%)
----------------- Invoking toplevel() on ptolemy.moml.MoMLSimpleApplication@761ac4df
----------------- Done invoking toplevel() on ptolemy.moml.MoMLSimpleApplication@761ac4df
reloadAllAccessors: .SubscriberPortInitialValues13

===========================================================================================
----------------- testing Wed Jan 08 07:03:26 UTC 2020 /home/travis/build/icyphy/ptII/ptolemy/actor/lib/test/auto/SubscriberPortInitialValues14.xml
----------------- Instantiating /home/travis/build/icyphy/ptII/ptolemy/actor/lib/test/auto/SubscriberPortInitialValues14.xml
4 ms. Memory: 557056K Free: 433821K (78%)
----------------- Invoking toplevel() on ptolemy.moml.MoMLSimpleApplication@50cfe76
----------------- Done invoking toplevel() on ptolemy.moml.MoMLSimpleApplication@50cfe76
reloadAllAccessors: .SubscriberPortInitialValues14

===========================================================================================
----------------- testing Wed Jan 08 07:03:26 UTC 2020 /home/travis/build/icyphy/ptII/ptolemy/actor/lib/test/auto/SubscriberPortInitialValues2.xml
----------------- Instantiating /home/travis/build/icyphy/ptII/ptolemy/actor/lib/test/auto/SubscriberPortInitialValues2.xml
5 ms. Memory: 557056K Free: 426143K (76%)
----------------- Invoking toplevel() on ptolemy.moml.MoMLSimpleApplication@5ef0f61b
----------------- Done invoking toplevel() on ptolemy.moml.MoMLSimpleApplication@5ef0f61b
reloadAllAccessors: .SubscriberPortInitialValues2

===========================================================================================
----------------- testing Wed Jan 08 07:03:26 UTC 2020 /home/travis/build/icyphy/ptII/ptolemy/actor/lib/test/auto/SubscriberPortInitialValues3.xml
----------------- Instantiating /home/travis/build/icyphy/ptII/ptolemy/actor/lib/test/auto/SubscriberPortInitialValues3.xml
5 ms. Memory: 557056K Free: 414879K (74%)
----------------- Invoking toplevel() on ptolemy.moml.MoMLSimpleApplication@6f6345c1
----------------- Done invoking toplevel() on ptolemy.moml.MoMLSimpleApplication@6f6345c1
reloadAllAccessors: .SubscriberPortInitialValues3

===========================================================================================
----------------- testing Wed Jan 08 07:03:26 UTC 2020 /home/travis/build/icyphy/ptII/ptolemy/actor/lib/test/auto/SubscriptionAggregator.xml
----------------- Instantiating /home/travis/build/icyphy/ptII/ptolemy/actor/lib/test/auto/SubscriptionAggregator.xml
3 ms. Memory: 557056K Free: 408206K (73%)
----------------- Invoking toplevel() on ptolemy.moml.MoMLSimpleApplication@5e8d232d
----------------- Done invoking toplevel() on ptolemy.moml.MoMLSimpleApplication@5e8d232d
reloadAllAccessors: .SubscriptionAggregator

===========================================================================================
----------------- testing Wed Jan 08 07:03:26 UTC 2020 /home/travis/build/icyphy/ptII/ptolemy/actor/lib/test/auto/SubscriptionAggregator2.xml
----------------- Instantiating /home/travis/build/icyphy/ptII/ptolemy/actor/lib/test/auto/SubscriptionAggregator2.xml
3 ms. Memory: 557056K Free: 401567K (72%)
----------------- Invoking toplevel() on ptolemy.moml.MoMLSimpleApplication@634ff018
----------------- Done invoking toplevel() on ptolemy.moml.MoMLSimpleApplication@634ff018
reloadAllAccessors: .SubscriptionAggregator2

===========================================================================================
----------------- testing Wed Jan 08 07:03:26 UTC 2020 /home/travis/build/icyphy/ptII/ptolemy/actor/lib/test/auto/SubscriptionAggregator3.xml
----------------- Instantiating /home/travis/build/icyphy/ptII/ptolemy/actor/lib/test/auto/SubscriptionAggregator3.xml
3 ms. Memory: 557056K Free: 392351K (70%)
----------------- Invoking toplevel() on ptolemy.moml.MoMLSimpleApplication@1eda957d
----------------- Done invoking toplevel() on ptolemy.moml.MoMLSimpleApplication@1eda957d
reloadAllAccessors: .SubscriptionAggregator3

===========================================================================================
----------------- testing Wed Jan 08 07:03:26 UTC 2020 /home/travis/build/icyphy/ptII/ptolemy/actor/lib/test/auto/SubscriptionAggregatorMultiply.xml
----------------- Instantiating /home/travis/build/icyphy/ptII/ptolemy/actor/lib/test/auto/SubscriptionAggregatorMultiply.xml
10 ms. Memory: 557056K Free: 384159K (69%)
----------------- Invoking toplevel() on ptolemy.moml.MoMLSimpleApplication@615b37c6
----------------- Done invoking toplevel() on ptolemy.moml.MoMLSimpleApplication@615b37c6
reloadAllAccessors: .SubscriptionAggregatorMultiply

===========================================================================================
----------------- testing Wed Jan 08 07:03:26 UTC 2020 /home/travis/build/icyphy/ptII/ptolemy/actor/lib/test/auto/SubscriptionAggregatorPortMultiply1.xml
----------------- Instantiating /home/travis/build/icyphy/ptII/ptolemy/actor/lib/test/auto/SubscriptionAggregatorPortMultiply1.xml
3 ms. Memory: 557056K Free: 376477K (68%)
----------------- Invoking toplevel() on ptolemy.moml.MoMLSimpleApplication@7ef0f546
----------------- Done invoking toplevel() on ptolemy.moml.MoMLSimpleApplication@7ef0f546
reloadAllAccessors: .SubscriptionAggregatorPortMultiply1

===========================================================================================
----------------- testing Wed Jan 08 07:03:26 UTC 2020 /home/travis/build/icyphy/ptII/ptolemy/actor/lib/test/auto/Switch.xml
----------------- Instantiating /home/travis/build/icyphy/ptII/ptolemy/actor/lib/test/auto/Switch.xml
6 ms. Memory: 557056K Free: 367775K (66%)
----------------- Invoking toplevel() on ptolemy.moml.MoMLSimpleApplication@1dbb4c7c
----------------- Done invoking toplevel() on ptolemy.moml.MoMLSimpleApplication@1dbb4c7c
reloadAllAccessors: .Switch

===========================================================================================
----------------- testing Wed Jan 08 07:03:26 UTC 2020 /home/travis/build/icyphy/ptII/ptolemy/actor/lib/test/auto/Switch2.xml
----------------- Instantiating /home/travis/build/icyphy/ptII/ptolemy/actor/lib/test/auto/Switch2.xml
1 ms. Memory: 557056K Free: 363165K (65%)
----------------- Invoking toplevel() on ptolemy.moml.MoMLSimpleApplication@12c469c7
----------------- Done invoking toplevel() on ptolemy.moml.MoMLSimpleApplication@12c469c7
reloadAllAccessors: .Switch2

===========================================================================================
----------------- testing Wed Jan 08 07:03:26 UTC 2020 /home/travis/build/icyphy/ptII/ptolemy/actor/lib/test/auto/SwitchDE.xml
----------------- Instantiating /home/travis/build/icyphy/ptII/ptolemy/actor/lib/test/auto/SwitchDE.xml
3 ms. Memory: 557056K Free: 356990K (64%)
----------------- Invoking toplevel() on ptolemy.moml.MoMLSimpleApplication@11721d6f
----------------- Done invoking toplevel() on ptolemy.moml.MoMLSimpleApplication@11721d6f
reloadAllAccessors: .SwitchDE

===========================================================================================
----------------- testing Wed Jan 08 07:03:26 UTC 2020 /home/travis/build/icyphy/ptII/ptolemy/actor/lib/test/auto/SynchronizerDE.xml
----------------- Instantiating /home/travis/build/icyphy/ptII/ptolemy/actor/lib/test/auto/SynchronizerDE.xml
8 ms. Memory: 557056K Free: 348319K (63%)
----------------- Invoking toplevel() on ptolemy.moml.MoMLSimpleApplication@20c2b46d
----------------- Done invoking toplevel() on ptolemy.moml.MoMLSimpleApplication@20c2b46d
reloadAllAccessors: .SynchronizerDE

===========================================================================================
----------------- testing Wed Jan 08 07:03:26 UTC 2020 /home/travis/build/icyphy/ptII/ptolemy/actor/lib/test/auto/Test.xml
----------------- Instantiating /home/travis/build/icyphy/ptII/ptolemy/actor/lib/test/auto/Test.xml
2 ms. Memory: 557056K Free: 343199K (62%)
----------------- Invoking toplevel() on ptolemy.moml.MoMLSimpleApplication@50e74f46
----------------- Done invoking toplevel() on ptolemy.moml.MoMLSimpleApplication@50e74f46
reloadAllAccessors: .Test

===========================================================================================
----------------- testing Wed Jan 08 07:03:26 UTC 2020 /home/travis/build/icyphy/ptII/ptolemy/actor/lib/test/auto/TestExceptionAttribute1.xml
----------------- Instantiating /home/travis/build/icyphy/ptII/ptolemy/actor/lib/test/auto/TestExceptionAttribute1.xml
2 ms. Memory: 557056K Free: 339613K (61%)
----------------- Invoking toplevel() on ptolemy.moml.MoMLSimpleApplication@1f7576e
----------------- Done invoking toplevel() on ptolemy.moml.MoMLSimpleApplication@1f7576e
reloadAllAccessors: .TestExceptionAttribute1

===========================================================================================
----------------- testing Wed Jan 08 07:03:26 UTC 2020 /home/travis/build/icyphy/ptII/ptolemy/actor/lib/test/auto/TestExceptionAttribute2.xml
----------------- Instantiating /home/travis/build/icyphy/ptII/ptolemy/actor/lib/test/auto/TestExceptionAttribute2.xml
1 ms. Memory: 557056K Free: 335517K (60%)
----------------- Invoking toplevel() on ptolemy.moml.MoMLSimpleApplication@14f22941
----------------- Done invoking toplevel() on ptolemy.moml.MoMLSimpleApplication@14f22941
reloadAllAccessors: .TestExceptionAttribute2

===========================================================================================
----------------- testing Wed Jan 08 07:03:26 UTC 2020 /home/travis/build/icyphy/ptII/ptolemy/actor/lib/test/auto/TestExceptionAttribute3.xml
----------------- Instantiating /home/travis/build/icyphy/ptII/ptolemy/actor/lib/test/auto/TestExceptionAttribute3.xml
.TestExceptionAttribute3.TestExceptionAttribute: initialize() was not invoked, but wrapup() was.  This is unusual, but not always a problem.  For example, exporting JNLP will do this.
0 ms. Memory: 557056K Free: 331935K (60%)
----------------- Invoking toplevel() on ptolemy.moml.MoMLSimpleApplication@4bdb11ae
----------------- Done invoking toplevel() on ptolemy.moml.MoMLSimpleApplication@4bdb11ae
reloadAllAccessors: .TestExceptionAttribute3

===========================================================================================
----------------- testing Wed Jan 08 07:03:26 UTC 2020 /home/travis/build/icyphy/ptII/ptolemy/actor/lib/test/auto/TestExceptionAttribute4.xml
----------------- Instantiating /home/travis/build/icyphy/ptII/ptolemy/actor/lib/test/auto/TestExceptionAttribute4.xml
.TestExceptionAttribute4.TestExceptionAttribute: initialize() was not invoked, but wrapup() was.  This is unusual, but not always a problem.  For example, exporting JNLP will do this.
.TestExceptionAttribute4.TestExceptionAttribute2: initialize() was not invoked, but wrapup() was.  This is unusual, but not always a problem.  For example, exporting JNLP will do this.
0 ms. Memory: 557056K Free: 327839K (59%)
----------------- Invoking toplevel() on ptolemy.moml.MoMLSimpleApplication@296f9756
----------------- Done invoking toplevel() on ptolemy.moml.MoMLSimpleApplication@296f9756
reloadAllAccessors: .TestExceptionAttribute4

===========================================================================================
----------------- testing Wed Jan 08 07:03:26 UTC 2020 /home/travis/build/icyphy/ptII/ptolemy/actor/lib/test/auto/TestExceptionHandler1.xml
----------------- Instantiating /home/travis/build/icyphy/ptII/ptolemy/actor/lib/test/auto/TestExceptionHandler1.xml
1 ms. Memory: 557056K Free: 323743K (58%)
----------------- Invoking toplevel() on ptolemy.moml.MoMLSimpleApplication@34e64d9a
----------------- Done invoking toplevel() on ptolemy.moml.MoMLSimpleApplication@34e64d9a
reloadAllAccessors: .TestExceptionHandler1

===========================================================================================
----------------- testing Wed Jan 08 07:03:26 UTC 2020 /home/travis/build/icyphy/ptII/ptolemy/actor/lib/test/auto/TestExceptionHandler2.xml
----------------- Instantiating /home/travis/build/icyphy/ptII/ptolemy/actor/lib/test/auto/TestExceptionHandler2.xml
1 ms. Memory: 557056K Free: 320157K (57%)
----------------- Invoking toplevel() on ptolemy.moml.MoMLSimpleApplication@3aaff6a6
----------------- Done invoking toplevel() on ptolemy.moml.MoMLSimpleApplication@3aaff6a6
reloadAllAccessors: .TestExceptionHandler2

===========================================================================================
----------------- testing Wed Jan 08 07:03:26 UTC 2020 /home/travis/build/icyphy/ptII/ptolemy/actor/lib/test/auto/TestExceptionHandler3.xml
----------------- Instantiating /home/travis/build/icyphy/ptII/ptolemy/actor/lib/test/auto/TestExceptionHandler3.xml
0 ms. Memory: 557056K Free: 316575K (57%)
----------------- Invoking toplevel() on ptolemy.moml.MoMLSimpleApplication@7112c567
----------------- Done invoking toplevel() on ptolemy.moml.MoMLSimpleApplication@7112c567
reloadAllAccessors: .TestExceptionHandler3

===========================================================================================
----------------- testing Wed Jan 08 07:03:26 UTC 2020 /home/travis/build/icyphy/ptII/ptolemy/actor/lib/test/auto/TestExceptionHandler4.xml
----------------- Instantiating /home/travis/build/icyphy/ptII/ptolemy/actor/lib/test/auto/TestExceptionHandler4.xml
0 ms. Memory: 557056K Free: 311965K (56%)
----------------- Invoking toplevel() on ptolemy.moml.MoMLSimpleApplication@73f4a545
----------------- Done invoking toplevel() on ptolemy.moml.MoMLSimpleApplication@73f4a545
reloadAllAccessors: .TestExceptionHandler4

===========================================================================================
----------------- testing Wed Jan 08 07:03:26 UTC 2020 /home/travis/build/icyphy/ptII/ptolemy/actor/lib/test/auto/TestRequireCorrectOrder.xml
----------------- Instantiating /home/travis/build/icyphy/ptII/ptolemy/actor/lib/test/auto/TestRequireCorrectOrder.xml
5 ms. Memory: 557056K Free: 306830K (55%)
----------------- Invoking toplevel() on ptolemy.moml.MoMLSimpleApplication@1f7a80a6
----------------- Done invoking toplevel() on ptolemy.moml.MoMLSimpleApplication@1f7a80a6
reloadAllAccessors: .TestRequireCorrectOrder

===========================================================================================
----------------- testing Wed Jan 08 07:03:26 UTC 2020 /home/travis/build/icyphy/ptII/ptolemy/actor/lib/test/auto/TestSimple.xml
----------------- Instantiating /home/travis/build/icyphy/ptII/ptolemy/actor/lib/test/auto/TestSimple.xml
1 ms. Memory: 557056K Free: 302749K (54%)
----------------- Invoking toplevel() on ptolemy.moml.MoMLSimpleApplication@9a20961
----------------- Done invoking toplevel() on ptolemy.moml.MoMLSimpleApplication@9a20961
reloadAllAccessors: .TestSimple

===========================================================================================
----------------- testing Wed Jan 08 07:03:26 UTC 2020 /home/travis/build/icyphy/ptII/ptolemy/actor/lib/test/auto/ThrowModelError.xml
----------------- Instantiating /home/travis/build/icyphy/ptII/ptolemy/actor/lib/test/auto/ThrowModelError.xml
1 ms. Memory: 557056K Free: 297629K (53%)
----------------- Invoking toplevel() on ptolemy.moml.MoMLSimpleApplication@1f78c0de
----------------- Done invoking toplevel() on ptolemy.moml.MoMLSimpleApplication@1f78c0de
reloadAllAccessors: .ThrowModelError

===========================================================================================
----------------- testing Wed Jan 08 07:03:26 UTC 2020 /home/travis/build/icyphy/ptII/ptolemy/actor/lib/test/auto/TimeDelayMicrosteps.xml
----------------- Instantiating /home/travis/build/icyphy/ptII/ptolemy/actor/lib/test/auto/TimeDelayMicrosteps.xml
2 ms. Memory: 557056K Free: 290975K (52%)
----------------- Invoking toplevel() on ptolemy.moml.MoMLSimpleApplication@43ab31e
----------------- Done invoking toplevel() on ptolemy.moml.MoMLSimpleApplication@43ab31e
reloadAllAccessors: .TimeDelayMicrosteps

===========================================================================================
----------------- testing Wed Jan 08 07:03:26 UTC 2020 /home/travis/build/icyphy/ptII/ptolemy/actor/lib/test/auto/TimeDelayMicrosteps2.xml
----------------- Instantiating /home/travis/build/icyphy/ptII/ptolemy/actor/lib/test/auto/TimeDelayMicrosteps2.xml
6 ms. Memory: 557056K Free: 283278K (51%)
----------------- Invoking toplevel() on ptolemy.moml.MoMLSimpleApplication@3c252c9d
----------------- Done invoking toplevel() on ptolemy.moml.MoMLSimpleApplication@3c252c9d
reloadAllAccessors: .TimeDelayMicrosteps2

===========================================================================================
----------------- testing Wed Jan 08 07:03:26 UTC 2020 /home/travis/build/icyphy/ptII/ptolemy/actor/lib/test/auto/TimeDelayMicrosteps3.xml
----------------- Instantiating /home/travis/build/icyphy/ptII/ptolemy/actor/lib/test/auto/TimeDelayMicrosteps3.xml
3 ms. Memory: 557056K Free: 276639K (50%)
----------------- Invoking toplevel() on ptolemy.moml.MoMLSimpleApplication@24cc62a9
----------------- Done invoking toplevel() on ptolemy.moml.MoMLSimpleApplication@24cc62a9
reloadAllAccessors: .TimeDelayMicrosteps3

===========================================================================================
----------------- testing Wed Jan 08 07:03:26 UTC 2020 /home/travis/build/icyphy/ptII/ptolemy/actor/lib/test/auto/TimeDelayVariableMicrosteps.xml
----------------- Instantiating /home/travis/build/icyphy/ptII/ptolemy/actor/lib/test/auto/TimeDelayVariableMicrosteps.xml
3 ms. Memory: 557056K Free: 269981K (48%)
----------------- Invoking toplevel() on ptolemy.moml.MoMLSimpleApplication@37ea58b5
----------------- Done invoking toplevel() on ptolemy.moml.MoMLSimpleApplication@37ea58b5
reloadAllAccessors: .TimeDelayVariableMicrosteps

===========================================================================================
----------------- testing Wed Jan 08 07:03:26 UTC 2020 /home/travis/build/icyphy/ptII/ptolemy/actor/lib/test/auto/TimeGap.xml
----------------- Instantiating /home/travis/build/icyphy/ptII/ptolemy/actor/lib/test/auto/TimeGap.xml
3 ms. Memory: 557056K Free: 264351K (47%)
----------------- Invoking toplevel() on ptolemy.moml.MoMLSimpleApplication@18b8e2ba
----------------- Done invoking toplevel() on ptolemy.moml.MoMLSimpleApplication@18b8e2ba
reloadAllAccessors: .TimeGap

===========================================================================================
----------------- testing Wed Jan 08 07:03:26 UTC 2020 /home/travis/build/icyphy/ptII/ptolemy/actor/lib/test/auto/TimeGap2.xml
----------------- Instantiating /home/travis/build/icyphy/ptII/ptolemy/actor/lib/test/auto/TimeGap2.xml
1 ms. Memory: 557056K Free: 258686K (46%)
----------------- Invoking toplevel() on ptolemy.moml.MoMLSimpleApplication@6cda43aa
----------------- Done invoking toplevel() on ptolemy.moml.MoMLSimpleApplication@6cda43aa
reloadAllAccessors: .TimeGap2

===========================================================================================
----------------- testing Wed Jan 08 07:03:26 UTC 2020 /home/travis/build/icyphy/ptII/ptolemy/actor/lib/test/auto/TimedSinewave.xml
----------------- Instantiating /home/travis/build/icyphy/ptII/ptolemy/actor/lib/test/auto/TimedSinewave.xml
19 ms. Memory: 557056K Free: 244895K (44%)
----------------- Invoking toplevel() on ptolemy.moml.MoMLSimpleApplication@1e6f9f42
----------------- Done invoking toplevel() on ptolemy.moml.MoMLSimpleApplication@1e6f9f42
reloadAllAccessors: .TimedSinewave

===========================================================================================
----------------- testing Wed Jan 08 07:03:26 UTC 2020 /home/travis/build/icyphy/ptII/ptolemy/actor/lib/test/auto/TimedSinewavePhase.xml
----------------- Instantiating /home/travis/build/icyphy/ptII/ptolemy/actor/lib/test/auto/TimedSinewavePhase.xml
17 ms. Memory: 557056K Free: 233631K (42%)
----------------- Invoking toplevel() on ptolemy.moml.MoMLSimpleApplication@10b36e95
----------------- Done invoking toplevel() on ptolemy.moml.MoMLSimpleApplication@10b36e95
reloadAllAccessors: .TimedSinewavePhase

===========================================================================================
----------------- testing Wed Jan 08 07:03:26 UTC 2020 /home/travis/build/icyphy/ptII/ptolemy/actor/lib/test/auto/Timer.xml
----------------- Instantiating /home/travis/build/icyphy/ptII/ptolemy/actor/lib/test/auto/Timer.xml
3 ms. Memory: 557056K Free: 227990K (41%)
----------------- Invoking toplevel() on ptolemy.moml.MoMLSimpleApplication@22f28c6d
----------------- Done invoking toplevel() on ptolemy.moml.MoMLSimpleApplication@22f28c6d
reloadAllAccessors: .Timer

===========================================================================================
----------------- testing Wed Jan 08 07:03:26 UTC 2020 /home/travis/build/icyphy/ptII/ptolemy/actor/lib/test/auto/TriangularDistTestModel.xml
----------------- Instantiating /home/travis/build/icyphy/ptII/ptolemy/actor/lib/test/auto/TriangularDistTestModel.xml
2 ms. Memory: 557056K Free: 221822K (40%)
----------------- Invoking toplevel() on ptolemy.moml.MoMLSimpleApplication@612b56c9
----------------- Done invoking toplevel() on ptolemy.moml.MoMLSimpleApplication@612b56c9
reloadAllAccessors: .TriangularDistTestModel

===========================================================================================
----------------- testing Wed Jan 08 07:03:26 UTC 2020 /home/travis/build/icyphy/ptII/ptolemy/actor/lib/test/auto/TrigFunction.xml
----------------- Instantiating /home/travis/build/icyphy/ptII/ptolemy/actor/lib/test/auto/TrigFunction.xml
1 ms. Memory: 557056K Free: 217247K (39%)
----------------- Invoking toplevel() on ptolemy.moml.MoMLSimpleApplication@1a392aaf
----------------- Done invoking toplevel() on ptolemy.moml.MoMLSimpleApplication@1a392aaf
reloadAllAccessors: .TrigFunction

===========================================================================================
----------------- testing Wed Jan 08 07:03:26 UTC 2020 /home/travis/build/icyphy/ptII/ptolemy/actor/lib/test/auto/TrigFunctionDE.xml
----------------- Instantiating /home/travis/build/icyphy/ptII/ptolemy/actor/lib/test/auto/TrigFunctionDE.xml
2 ms. Memory: 557056K Free: 211606K (38%)
----------------- Invoking toplevel() on ptolemy.moml.MoMLSimpleApplication@52776e1
----------------- Done invoking toplevel() on ptolemy.moml.MoMLSimpleApplication@52776e1
reloadAllAccessors: .TrigFunctionDE

===========================================================================================
----------------- testing Wed Jan 08 07:03:26 UTC 2020 /home/travis/build/icyphy/ptII/ptolemy/actor/lib/test/auto/TrigFunctionInverse.xml
----------------- Instantiating /home/travis/build/icyphy/ptII/ptolemy/actor/lib/test/auto/TrigFunctionInverse.xml
1 ms. Memory: 557056K Free: 205983K (37%)
----------------- Invoking toplevel() on ptolemy.moml.MoMLSimpleApplication@71f84282
----------------- Done invoking toplevel() on ptolemy.moml.MoMLSimpleApplication@71f84282
reloadAllAccessors: .TrigFunctionInverse

===========================================================================================
----------------- testing Wed Jan 08 07:03:26 UTC 2020 /home/travis/build/icyphy/ptII/ptolemy/actor/lib/test/auto/TrigFunctionTan.xml
----------------- Instantiating /home/travis/build/icyphy/ptII/ptolemy/actor/lib/test/auto/TrigFunctionTan.xml
1 ms. Memory: 557056K Free: 201887K (36%)
----------------- Invoking toplevel() on ptolemy.moml.MoMLSimpleApplication@48b330f0
----------------- Done invoking toplevel() on ptolemy.moml.MoMLSimpleApplication@48b330f0
reloadAllAccessors: .TrigFunctionTan

===========================================================================================
----------------- testing Wed Jan 08 07:03:26 UTC 2020 /home/travis/build/icyphy/ptII/ptolemy/actor/lib/test/auto/TriggeredClock.xml
----------------- Instantiating /home/travis/build/icyphy/ptII/ptolemy/actor/lib/test/auto/TriggeredClock.xml
1 ms. Memory: 557056K Free: 196238K (35%)
----------------- Invoking toplevel() on ptolemy.moml.MoMLSimpleApplication@40aafdc8
----------------- Done invoking toplevel() on ptolemy.moml.MoMLSimpleApplication@40aafdc8
reloadAllAccessors: .TriggeredClock

===========================================================================================
----------------- testing Wed Jan 08 07:03:26 UTC 2020 /home/travis/build/icyphy/ptII/ptolemy/actor/lib/test/auto/URLDirectoryReader.xml
----------------- Instantiating /home/travis/build/icyphy/ptII/ptolemy/actor/lib/test/auto/URLDirectoryReader.xml
34 ms. Memory: 557056K Free: 186527K (33%)
----------------- Invoking toplevel() on ptolemy.moml.MoMLSimpleApplication@6b5e07e0
----------------- Done invoking toplevel() on ptolemy.moml.MoMLSimpleApplication@6b5e07e0
reloadAllAccessors: .URLDirectoryReader

===========================================================================================
----------------- testing Wed Jan 08 07:03:26 UTC 2020 /home/travis/build/icyphy/ptII/ptolemy/actor/lib/test/auto/URLDirectoryReader3.xml
----------------- Instantiating /home/travis/build/icyphy/ptII/ptolemy/actor/lib/test/auto/URLDirectoryReader3.xml
1136 ms. Memory: 557056K Free: 496402K (89%)
----------------- Invoking toplevel() on ptolemy.moml.MoMLSimpleApplication@47c693d4
----------------- Done invoking toplevel() on ptolemy.moml.MoMLSimpleApplication@47c693d4
reloadAllAccessors: .URLDirectoryReader3

===========================================================================================
----------------- testing Wed Jan 08 07:03:28 UTC 2020 /home/travis/build/icyphy/ptII/ptolemy/actor/lib/test/auto/UnaryMathFunction.xml
----------------- Instantiating /home/travis/build/icyphy/ptII/ptolemy/actor/lib/test/auto/UnaryMathFunction.xml
3 ms. Memory: 557056K Free: 488724K (88%)
----------------- Invoking toplevel() on ptolemy.moml.MoMLSimpleApplication@5ba87f74
----------------- Done invoking toplevel() on ptolemy.moml.MoMLSimpleApplication@5ba87f74
reloadAllAccessors: .UnaryMathFunction

===========================================================================================
----------------- testing Wed Jan 08 07:03:28 UTC 2020 /home/travis/build/icyphy/ptII/ptolemy/actor/lib/test/auto/Uniform.xml
----------------- Instantiating /home/travis/build/icyphy/ptII/ptolemy/actor/lib/test/auto/Uniform.xml
1 ms. Memory: 557056K Free: 483604K (87%)
----------------- Invoking toplevel() on ptolemy.moml.MoMLSimpleApplication@39efe336
----------------- Done invoking toplevel() on ptolemy.moml.MoMLSimpleApplication@39efe336
reloadAllAccessors: .Uniform

===========================================================================================
----------------- testing Wed Jan 08 07:03:28 UTC 2020 /home/travis/build/icyphy/ptII/ptolemy/actor/lib/test/auto/UnionDisassemblerTest.xml
----------------- Instantiating /home/travis/build/icyphy/ptII/ptolemy/actor/lib/test/auto/UnionDisassemblerTest.xml
7 ms. Memory: 557056K Free: 480018K (86%)
----------------- Invoking toplevel() on ptolemy.moml.MoMLSimpleApplication@6a4e09fe
----------------- Done invoking toplevel() on ptolemy.moml.MoMLSimpleApplication@6a4e09fe
reloadAllAccessors: .UnionDisassemblerTest

===========================================================================================
----------------- testing Wed Jan 08 07:03:28 UTC 2020 /home/travis/build/icyphy/ptII/ptolemy/actor/lib/test/auto/UtilityFunctions.xml
----------------- Instantiating /home/travis/build/icyphy/ptII/ptolemy/actor/lib/test/auto/UtilityFunctions.xml
1 ms. Memory: 557056K Free: 475412K (85%)
----------------- Invoking toplevel() on ptolemy.moml.MoMLSimpleApplication@7b6811de
----------------- Done invoking toplevel() on ptolemy.moml.MoMLSimpleApplication@7b6811de
reloadAllAccessors: .UtilityFunctions

===========================================================================================
----------------- testing Wed Jan 08 07:03:28 UTC 2020 /home/travis/build/icyphy/ptII/ptolemy/actor/lib/test/auto/VariableSleep.xml
----------------- Instantiating /home/travis/build/icyphy/ptII/ptolemy/actor/lib/test/auto/VariableSleep.xml
502 ms. Memory: 557056K Free: 470292K (84%)
----------------- Invoking toplevel() on ptolemy.moml.MoMLSimpleApplication@1952c364
----------------- Done invoking toplevel() on ptolemy.moml.MoMLSimpleApplication@1952c364
reloadAllAccessors: .VariableSleep

===========================================================================================
----------------- testing Wed Jan 08 07:03:28 UTC 2020 /home/travis/build/icyphy/ptII/ptolemy/actor/lib/test/auto/VectorAssemblerDisassemblerCT.xml
----------------- Instantiating /home/travis/build/icyphy/ptII/ptolemy/actor/lib/test/auto/VectorAssemblerDisassemblerCT.xml
60 ms. Memory: 557056K Free: 449812K (81%)
----------------- Invoking toplevel() on ptolemy.moml.MoMLSimpleApplication@33a02f8d
----------------- Done invoking toplevel() on ptolemy.moml.MoMLSimpleApplication@33a02f8d
reloadAllAccessors: .VectorAssemblerDisassemblerCT

===========================================================================================
----------------- testing Wed Jan 08 07:03:28 UTC 2020 /home/travis/build/icyphy/ptII/ptolemy/actor/lib/test/auto/VectorAssemblerDisassemblerDE.xml
----------------- Instantiating /home/travis/build/icyphy/ptII/ptolemy/actor/lib/test/auto/VectorAssemblerDisassemblerDE.xml
11 ms. Memory: 557056K Free: 442644K (79%)
----------------- Invoking toplevel() on ptolemy.moml.MoMLSimpleApplication@77c72f92
----------------- Done invoking toplevel() on ptolemy.moml.MoMLSimpleApplication@77c72f92
reloadAllAccessors: .VectorAssemblerDisassemblerDE

===========================================================================================
----------------- testing Wed Jan 08 07:03:28 UTC 2020 /home/travis/build/icyphy/ptII/ptolemy/actor/lib/test/auto/VectorAssemblerDisassemblerSDF.xml
----------------- Instantiating /home/travis/build/icyphy/ptII/ptolemy/actor/lib/test/auto/VectorAssemblerDisassemblerSDF.xml
3 ms. Memory: 557056K Free: 435986K (78%)
----------------- Invoking toplevel() on ptolemy.moml.MoMLSimpleApplication@36cbd55d
----------------- Done invoking toplevel() on ptolemy.moml.MoMLSimpleApplication@36cbd55d
reloadAllAccessors: .VectorAssemblerDisassemblerSDF

===========================================================================================
----------------- testing Wed Jan 08 07:03:28 UTC 2020 /home/travis/build/icyphy/ptII/ptolemy/actor/lib/test/auto/WallClockTime.xml
----------------- Instantiating /home/travis/build/icyphy/ptII/ptolemy/actor/lib/test/auto/WallClockTime.xml
1005 ms. Memory: 557056K Free: 430356K (77%)
----------------- Invoking toplevel() on ptolemy.moml.MoMLSimpleApplication@4ed1b5ac
----------------- Done invoking toplevel() on ptolemy.moml.MoMLSimpleApplication@4ed1b5ac
reloadAllAccessors: .WallClockTime

===========================================================================================
----------------- testing Wed Jan 08 07:03:29 UTC 2020 /home/travis/build/icyphy/ptII/ptolemy/actor/lib/test/auto/WidthTestWithSubscriberPublisher.xml
----------------- Instantiating /home/travis/build/icyphy/ptII/ptolemy/actor/lib/test/auto/WidthTestWithSubscriberPublisher.xml
10 ms. Memory: 557056K Free: 412434K (74%)
----------------- Invoking toplevel() on ptolemy.moml.MoMLSimpleApplication@562abdc9
----------------- Done invoking toplevel() on ptolemy.moml.MoMLSimpleApplication@562abdc9
reloadAllAccessors: .WidthTestWithSubscriberPublisher

===========================================================================================
----------------- testing Wed Jan 08 07:03:30 UTC 2020 /home/travis/build/icyphy/ptII/ptolemy/actor/lib/test/auto/WidthTestWithSubscriberPublisher2.xml
----------------- Instantiating /home/travis/build/icyphy/ptII/ptolemy/actor/lib/test/auto/WidthTestWithSubscriberPublisher2.xml
3 ms. Memory: 557056K Free: 405780K (73%)
----------------- Invoking toplevel() on ptolemy.moml.MoMLSimpleApplication@5337b369
----------------- Done invoking toplevel() on ptolemy.moml.MoMLSimpleApplication@5337b369
reloadAllAccessors: .WidthTestWithSubscriberPublisher2

===========================================================================================
----------------- testing Wed Jan 08 07:03:30 UTC 2020 /home/travis/build/icyphy/ptII/ptolemy/actor/lib/test/auto/WidthTestWithSubscriberPublisher3.xml
----------------- Instantiating /home/travis/build/icyphy/ptII/ptolemy/actor/lib/test/auto/WidthTestWithSubscriberPublisher3.xml
2 ms. Memory: 557056K Free: 399636K (72%)
----------------- Invoking toplevel() on ptolemy.moml.MoMLSimpleApplication@3563a32d
----------------- Done invoking toplevel() on ptolemy.moml.MoMLSimpleApplication@3563a32d
reloadAllAccessors: .WidthTestWithSubscriberPublisher3

===========================================================================================
----------------- testing Wed Jan 08 07:03:30 UTC 2020 /home/travis/build/icyphy/ptII/ptolemy/actor/lib/test/auto/Writer.xml
----------------- Instantiating /home/travis/build/icyphy/ptII/ptolemy/actor/lib/test/auto/Writer.xml
0
1
2
3
4
2 ms. Memory: 557056K Free: 395540K (71%)
----------------- Invoking toplevel() on ptolemy.moml.MoMLSimpleApplication@3dda4639
----------------- Done invoking toplevel() on ptolemy.moml.MoMLSimpleApplication@3dda4639
reloadAllAccessors: .Writer

===========================================================================================
----------------- testing Wed Jan 08 07:03:30 UTC 2020 /home/travis/build/icyphy/ptII/ptolemy/actor/lib/test/auto/array.xml
----------------- Instantiating /home/travis/build/icyphy/ptII/ptolemy/actor/lib/test/auto/array.xml
2 ms. Memory: 557056K Free: 390420K (70%)
----------------- Invoking toplevel() on ptolemy.moml.MoMLSimpleApplication@3327c935
----------------- Done invoking toplevel() on ptolemy.moml.MoMLSimpleApplication@3327c935
reloadAllAccessors: .array

===========================================================================================
----------------- testing Wed Jan 08 07:03:30 UTC 2020 /home/travis/build/icyphy/ptII/ptolemy/actor/lib/test/auto/array2.xml
----------------- Instantiating /home/travis/build/icyphy/ptII/ptolemy/actor/lib/test/auto/array2.xml
4 ms. Memory: 557056K Free: 385796K (69%)
----------------- Invoking toplevel() on ptolemy.moml.MoMLSimpleApplication@65fb38ff
----------------- Done invoking toplevel() on ptolemy.moml.MoMLSimpleApplication@65fb38ff
reloadAllAccessors: .array2

===========================================================================================
----------------- testing Wed Jan 08 07:03:30 UTC 2020 /home/travis/build/icyphy/ptII/ptolemy/actor/lib/test/auto/arrayType.xml
----------------- Instantiating /home/travis/build/icyphy/ptII/ptolemy/actor/lib/test/auto/arrayType.xml
1 ms. Memory: 557056K Free: 380690K (68%)
----------------- Invoking toplevel() on ptolemy.moml.MoMLSimpleApplication@2dcd59f1
----------------- Done invoking toplevel() on ptolemy.moml.MoMLSimpleApplication@2dcd59f1
reloadAllAccessors: .arrayType

===========================================================================================
----------------- testing Wed Jan 08 07:03:30 UTC 2020 /home/travis/build/icyphy/ptII/ptolemy/actor/lib/test/auto/arrayType10.xml
----------------- Instantiating /home/travis/build/icyphy/ptII/ptolemy/actor/lib/test/auto/arrayType10.xml
1 ms. Memory: 557056K Free: 375570K (67%)
----------------- Invoking toplevel() on ptolemy.moml.MoMLSimpleApplication@5917aa26
----------------- Done invoking toplevel() on ptolemy.moml.MoMLSimpleApplication@5917aa26
reloadAllAccessors: .arrayType10

===========================================================================================
----------------- testing Wed Jan 08 07:03:30 UTC 2020 /home/travis/build/icyphy/ptII/ptolemy/actor/lib/test/auto/arrayType11.xml
----------------- Instantiating /home/travis/build/icyphy/ptII/ptolemy/actor/lib/test/auto/arrayType11.xml
1 ms. Memory: 557056K Free: 370964K (67%)
----------------- Invoking toplevel() on ptolemy.moml.MoMLSimpleApplication@4457661b
----------------- Done invoking toplevel() on ptolemy.moml.MoMLSimpleApplication@4457661b
reloadAllAccessors: .arrayType11

===========================================================================================
----------------- testing Wed Jan 08 07:03:30 UTC 2020 /home/travis/build/icyphy/ptII/ptolemy/actor/lib/test/auto/arrayType12.xml
----------------- Instantiating /home/travis/build/icyphy/ptII/ptolemy/actor/lib/test/auto/arrayType12.xml
1 ms. Memory: 557056K Free: 365844K (66%)
----------------- Invoking toplevel() on ptolemy.moml.MoMLSimpleApplication@27c60e84
----------------- Done invoking toplevel() on ptolemy.moml.MoMLSimpleApplication@27c60e84
reloadAllAccessors: .arrayType12

===========================================================================================
----------------- testing Wed Jan 08 07:03:30 UTC 2020 /home/travis/build/icyphy/ptII/ptolemy/actor/lib/test/auto/arrayType13.xml
----------------- Instantiating /home/travis/build/icyphy/ptII/ptolemy/actor/lib/test/auto/arrayType13.xml
1 ms. Memory: 557056K Free: 360724K (65%)
----------------- Invoking toplevel() on ptolemy.moml.MoMLSimpleApplication@4629aaf3
----------------- Done invoking toplevel() on ptolemy.moml.MoMLSimpleApplication@4629aaf3
reloadAllAccessors: .arrayType13

===========================================================================================
----------------- testing Wed Jan 08 07:03:30 UTC 2020 /home/travis/build/icyphy/ptII/ptolemy/actor/lib/test/auto/arrayType14.xml
----------------- Instantiating /home/travis/build/icyphy/ptII/ptolemy/actor/lib/test/auto/arrayType14.xml
2 ms. Memory: 557056K Free: 355604K (64%)
----------------- Invoking toplevel() on ptolemy.moml.MoMLSimpleApplication@51d3b83c
----------------- Done invoking toplevel() on ptolemy.moml.MoMLSimpleApplication@51d3b83c
reloadAllAccessors: .arrayType14

===========================================================================================
----------------- testing Wed Jan 08 07:03:30 UTC 2020 /home/travis/build/icyphy/ptII/ptolemy/actor/lib/test/auto/arrayType15.xml
----------------- Instantiating /home/travis/build/icyphy/ptII/ptolemy/actor/lib/test/auto/arrayType15.xml
3 ms. Memory: 557056K Free: 349970K (63%)
----------------- Invoking toplevel() on ptolemy.moml.MoMLSimpleApplication@12f65f51
----------------- Done invoking toplevel() on ptolemy.moml.MoMLSimpleApplication@12f65f51
reloadAllAccessors: .arrayType15

===========================================================================================
----------------- testing Wed Jan 08 07:03:30 UTC 2020 /home/travis/build/icyphy/ptII/ptolemy/actor/lib/test/auto/arrayType16.xml
----------------- Instantiating /home/travis/build/icyphy/ptII/ptolemy/actor/lib/test/auto/arrayType16.xml
1 ms. Memory: 557056K Free: 344850K (62%)
----------------- Invoking toplevel() on ptolemy.moml.MoMLSimpleApplication@1e7776b0
----------------- Done invoking toplevel() on ptolemy.moml.MoMLSimpleApplication@1e7776b0
reloadAllAccessors: .arrayType16

===========================================================================================
----------------- testing Wed Jan 08 07:03:30 UTC 2020 /home/travis/build/icyphy/ptII/ptolemy/actor/lib/test/auto/arrayType17.xml
----------------- Instantiating /home/travis/build/icyphy/ptII/ptolemy/actor/lib/test/auto/arrayType17.xml
2 ms. Memory: 557056K Free: 339220K (61%)
----------------- Invoking toplevel() on ptolemy.moml.MoMLSimpleApplication@5b20b114
----------------- Done invoking toplevel() on ptolemy.moml.MoMLSimpleApplication@5b20b114
reloadAllAccessors: .arrayType17

===========================================================================================
----------------- testing Wed Jan 08 07:03:30 UTC 2020 /home/travis/build/icyphy/ptII/ptolemy/actor/lib/test/auto/arrayType18.xml
----------------- Instantiating /home/travis/build/icyphy/ptII/ptolemy/actor/lib/test/auto/arrayType18.xml
1 ms. Memory: 557056K Free: 334610K (60%)
----------------- Invoking toplevel() on ptolemy.moml.MoMLSimpleApplication@1e435362
----------------- Done invoking toplevel() on ptolemy.moml.MoMLSimpleApplication@1e435362
reloadAllAccessors: .arrayType18

===========================================================================================
----------------- testing Wed Jan 08 07:03:30 UTC 2020 /home/travis/build/icyphy/ptII/ptolemy/actor/lib/test/auto/arrayType19.xml
----------------- Instantiating /home/travis/build/icyphy/ptII/ptolemy/actor/lib/test/auto/arrayType19.xml
3 ms. Memory: 557056K Free: 330004K (59%)
----------------- Invoking toplevel() on ptolemy.moml.MoMLSimpleApplication@7aadcdcc
----------------- Done invoking toplevel() on ptolemy.moml.MoMLSimpleApplication@7aadcdcc
reloadAllAccessors: .arrayType19

===========================================================================================
----------------- testing Wed Jan 08 07:03:30 UTC 2020 /home/travis/build/icyphy/ptII/ptolemy/actor/lib/test/auto/arrayType2.xml
----------------- Instantiating /home/travis/build/icyphy/ptII/ptolemy/actor/lib/test/auto/arrayType2.xml
1 ms. Memory: 557056K Free: 324370K (58%)
----------------- Invoking toplevel() on ptolemy.moml.MoMLSimpleApplication@661aadc1
----------------- Done invoking toplevel() on ptolemy.moml.MoMLSimpleApplication@661aadc1
reloadAllAccessors: .arrayType2

===========================================================================================
----------------- testing Wed Jan 08 07:03:30 UTC 2020 /home/travis/build/icyphy/ptII/ptolemy/actor/lib/test/auto/arrayType20.xml
----------------- Instantiating /home/travis/build/icyphy/ptII/ptolemy/actor/lib/test/auto/arrayType20.xml
1 ms. Memory: 557056K Free: 319764K (57%)
----------------- Invoking toplevel() on ptolemy.moml.MoMLSimpleApplication@4d8dfd2b
----------------- Done invoking toplevel() on ptolemy.moml.MoMLSimpleApplication@4d8dfd2b
reloadAllAccessors: .arrayType20

===========================================================================================
----------------- testing Wed Jan 08 07:03:30 UTC 2020 /home/travis/build/icyphy/ptII/ptolemy/actor/lib/test/auto/arrayType21.xml
----------------- Instantiating /home/travis/build/icyphy/ptII/ptolemy/actor/lib/test/auto/arrayType21.xml
2 ms. Memory: 557056K Free: 314644K (56%)
----------------- Invoking toplevel() on ptolemy.moml.MoMLSimpleApplication@40343fad
----------------- Done invoking toplevel() on ptolemy.moml.MoMLSimpleApplication@40343fad
reloadAllAccessors: .arrayType21

===========================================================================================
----------------- testing Wed Jan 08 07:03:30 UTC 2020 /home/travis/build/icyphy/ptII/ptolemy/actor/lib/test/auto/arrayType22.xml
----------------- Instantiating /home/travis/build/icyphy/ptII/ptolemy/actor/lib/test/auto/arrayType22.xml
1 ms. Memory: 557056K Free: 310034K (56%)
----------------- Invoking toplevel() on ptolemy.moml.MoMLSimpleApplication@69709d46
----------------- Done invoking toplevel() on ptolemy.moml.MoMLSimpleApplication@69709d46
reloadAllAccessors: .arrayType22

===========================================================================================
----------------- testing Wed Jan 08 07:03:30 UTC 2020 /home/travis/build/icyphy/ptII/ptolemy/actor/lib/test/auto/arrayType23.xml
----------------- Instantiating /home/travis/build/icyphy/ptII/ptolemy/actor/lib/test/auto/arrayType23.xml
1 ms. Memory: 557056K Free: 305428K (55%)
----------------- Invoking toplevel() on ptolemy.moml.MoMLSimpleApplication@35db0646
----------------- Done invoking toplevel() on ptolemy.moml.MoMLSimpleApplication@35db0646
reloadAllAccessors: .arrayType23

===========================================================================================
----------------- testing Wed Jan 08 07:03:30 UTC 2020 /home/travis/build/icyphy/ptII/ptolemy/actor/lib/test/auto/arrayType24.xml
----------------- Instantiating /home/travis/build/icyphy/ptII/ptolemy/actor/lib/test/auto/arrayType24.xml
1 ms. Memory: 557056K Free: 300308K (54%)
----------------- Invoking toplevel() on ptolemy.moml.MoMLSimpleApplication@37517bd9
----------------- Done invoking toplevel() on ptolemy.moml.MoMLSimpleApplication@37517bd9
reloadAllAccessors: .arrayType24

===========================================================================================
----------------- testing Wed Jan 08 07:03:30 UTC 2020 /home/travis/build/icyphy/ptII/ptolemy/actor/lib/test/auto/arrayType25.xml
----------------- Instantiating /home/travis/build/icyphy/ptII/ptolemy/actor/lib/test/auto/arrayType25.xml
2 ms. Memory: 557056K Free: 295188K (53%)
----------------- Invoking toplevel() on ptolemy.moml.MoMLSimpleApplication@2ca31349
----------------- Done invoking toplevel() on ptolemy.moml.MoMLSimpleApplication@2ca31349
reloadAllAccessors: .arrayType25

===========================================================================================
----------------- testing Wed Jan 08 07:03:30 UTC 2020 /home/travis/build/icyphy/ptII/ptolemy/actor/lib/test/auto/arrayType26.xml
----------------- Instantiating /home/travis/build/icyphy/ptII/ptolemy/actor/lib/test/auto/arrayType26.xml
1 ms. Memory: 557056K Free: 289554K (52%)
----------------- Invoking toplevel() on ptolemy.moml.MoMLSimpleApplication@64b461e6
----------------- Done invoking toplevel() on ptolemy.moml.MoMLSimpleApplication@64b461e6
reloadAllAccessors: .arrayType26

===========================================================================================
----------------- testing Wed Jan 08 07:03:30 UTC 2020 /home/travis/build/icyphy/ptII/ptolemy/actor/lib/test/auto/arrayType27.xml
----------------- Instantiating /home/travis/build/icyphy/ptII/ptolemy/actor/lib/test/auto/arrayType27.xml
1 ms. Memory: 557056K Free: 284434K (51%)
----------------- Invoking toplevel() on ptolemy.moml.MoMLSimpleApplication@315e7e24
----------------- Done invoking toplevel() on ptolemy.moml.MoMLSimpleApplication@315e7e24
reloadAllAccessors: .arrayType27

===========================================================================================
----------------- testing Wed Jan 08 07:03:30 UTC 2020 /home/travis/build/icyphy/ptII/ptolemy/actor/lib/test/auto/arrayType28.xml
----------------- Instantiating /home/travis/build/icyphy/ptII/ptolemy/actor/lib/test/auto/arrayType28.xml
1 ms. Memory: 557056K Free: 278804K (50%)
----------------- Invoking toplevel() on ptolemy.moml.MoMLSimpleApplication@279703aa
----------------- Done invoking toplevel() on ptolemy.moml.MoMLSimpleApplication@279703aa
reloadAllAccessors: .arrayType28

===========================================================================================
----------------- testing Wed Jan 08 07:03:30 UTC 2020 /home/travis/build/icyphy/ptII/ptolemy/actor/lib/test/auto/arrayType3.xml
----------------- Instantiating /home/travis/build/icyphy/ptII/ptolemy/actor/lib/test/auto/arrayType3.xml
5 ms. Memory: 557056K Free: 274194K (49%)
----------------- Invoking toplevel() on ptolemy.moml.MoMLSimpleApplication@6070bebe
----------------- Done invoking toplevel() on ptolemy.moml.MoMLSimpleApplication@6070bebe
reloadAllAccessors: .arrayType3

===========================================================================================
----------------- testing Wed Jan 08 07:03:30 UTC 2020 /home/travis/build/icyphy/ptII/ptolemy/actor/lib/test/auto/arrayType4.xml
----------------- Instantiating /home/travis/build/icyphy/ptII/ptolemy/actor/lib/test/auto/arrayType4.xml
2 ms. Memory: 557056K Free: 269074K (48%)
----------------- Invoking toplevel() on ptolemy.moml.MoMLSimpleApplication@7bedfecd
----------------- Done invoking toplevel() on ptolemy.moml.MoMLSimpleApplication@7bedfecd
reloadAllAccessors: .arrayType4

===========================================================================================
----------------- testing Wed Jan 08 07:03:30 UTC 2020 /home/travis/build/icyphy/ptII/ptolemy/actor/lib/test/auto/arrayType5.xml
----------------- Instantiating /home/travis/build/icyphy/ptII/ptolemy/actor/lib/test/auto/arrayType5.xml
2 ms. Memory: 557056K Free: 262930K (47%)
----------------- Invoking toplevel() on ptolemy.moml.MoMLSimpleApplication@13cb6eaa
----------------- Done invoking toplevel() on ptolemy.moml.MoMLSimpleApplication@13cb6eaa
reloadAllAccessors: .arrayType5

===========================================================================================
----------------- testing Wed Jan 08 07:03:30 UTC 2020 /home/travis/build/icyphy/ptII/ptolemy/actor/lib/test/auto/arrayType6.xml
----------------- Instantiating /home/travis/build/icyphy/ptII/ptolemy/actor/lib/test/auto/arrayType6.xml
2 ms. Memory: 557056K Free: 258324K (46%)
----------------- Invoking toplevel() on ptolemy.moml.MoMLSimpleApplication@47e2efe3
----------------- Done invoking toplevel() on ptolemy.moml.MoMLSimpleApplication@47e2efe3
reloadAllAccessors: .arrayType6

===========================================================================================
----------------- testing Wed Jan 08 07:03:30 UTC 2020 /home/travis/build/icyphy/ptII/ptolemy/actor/lib/test/auto/arrayType7.xml
----------------- Instantiating /home/travis/build/icyphy/ptII/ptolemy/actor/lib/test/auto/arrayType7.xml
1 ms. Memory: 557056K Free: 253204K (45%)
----------------- Invoking toplevel() on ptolemy.moml.MoMLSimpleApplication@4b0a26fd
----------------- Done invoking toplevel() on ptolemy.moml.MoMLSimpleApplication@4b0a26fd
reloadAllAccessors: .arrayType7

===========================================================================================
----------------- testing Wed Jan 08 07:03:30 UTC 2020 /home/travis/build/icyphy/ptII/ptolemy/actor/lib/test/auto/arrayType8.xml
----------------- Instantiating /home/travis/build/icyphy/ptII/ptolemy/actor/lib/test/auto/arrayType8.xml
2 ms. Memory: 557056K Free: 248084K (45%)
----------------- Invoking toplevel() on ptolemy.moml.MoMLSimpleApplication@57b7ea2e
----------------- Done invoking toplevel() on ptolemy.moml.MoMLSimpleApplication@57b7ea2e
reloadAllAccessors: .arrayType8

===========================================================================================
----------------- testing Wed Jan 08 07:03:30 UTC 2020 /home/travis/build/icyphy/ptII/ptolemy/actor/lib/test/auto/arrayType9.xml
----------------- Instantiating /home/travis/build/icyphy/ptII/ptolemy/actor/lib/test/auto/arrayType9.xml
1 ms. Memory: 557056K Free: 242964K (44%)
----------------- Invoking toplevel() on ptolemy.moml.MoMLSimpleApplication@7fb4d5d9
----------------- Done invoking toplevel() on ptolemy.moml.MoMLSimpleApplication@7fb4d5d9
reloadAllAccessors: .arrayType9

===========================================================================================
----------------- testing Wed Jan 08 07:03:30 UTC 2020 /home/travis/build/icyphy/ptII/ptolemy/actor/lib/test/auto/cast.xml
----------------- Instantiating /home/travis/build/icyphy/ptII/ptolemy/actor/lib/test/auto/cast.xml
2 ms. Memory: 557056K Free: 238354K (43%)
----------------- Invoking toplevel() on ptolemy.moml.MoMLSimpleApplication@268bbaff
----------------- Done invoking toplevel() on ptolemy.moml.MoMLSimpleApplication@268bbaff
reloadAllAccessors: .cast

===========================================================================================
----------------- testing Wed Jan 08 07:03:30 UTC 2020 /home/travis/build/icyphy/ptII/ptolemy/actor/lib/test/auto/compositeMultiPort.xml
----------------- Instantiating /home/travis/build/icyphy/ptII/ptolemy/actor/lib/test/auto/compositeMultiPort.xml
3 ms. Memory: 557056K Free: 229124K (41%)
----------------- Invoking toplevel() on ptolemy.moml.MoMLSimpleApplication@6b24d88a
----------------- Done invoking toplevel() on ptolemy.moml.MoMLSimpleApplication@6b24d88a
reloadAllAccessors: .compositeMultiPort

===========================================================================================
----------------- testing Wed Jan 08 07:03:30 UTC 2020 /home/travis/build/icyphy/ptII/ptolemy/actor/lib/test/auto/expressionCastInference.xml
----------------- Instantiating /home/travis/build/icyphy/ptII/ptolemy/actor/lib/test/auto/expressionCastInference.xml
3 ms. Memory: 557056K Free: 224532K (40%)
----------------- Invoking toplevel() on ptolemy.moml.MoMLSimpleApplication@1f75f37f
----------------- Done invoking toplevel() on ptolemy.moml.MoMLSimpleApplication@1f75f37f
reloadAllAccessors: .expressionCastInference

===========================================================================================
----------------- testing Wed Jan 08 07:03:30 UTC 2020 /home/travis/build/icyphy/ptII/ptolemy/actor/lib/test/auto/expressionCastInference2.xml
----------------- Instantiating /home/travis/build/icyphy/ptII/ptolemy/actor/lib/test/auto/expressionCastInference2.xml
2 ms. Memory: 557056K Free: 219412K (39%)
----------------- Invoking toplevel() on ptolemy.moml.MoMLSimpleApplication@529c74a4
----------------- Done invoking toplevel() on ptolemy.moml.MoMLSimpleApplication@529c74a4
reloadAllAccessors: .expressionCastInference2

===========================================================================================
----------------- testing Wed Jan 08 07:03:30 UTC 2020 /home/travis/build/icyphy/ptII/ptolemy/actor/lib/test/auto/expressionInference.xml
----------------- Instantiating /home/travis/build/icyphy/ptII/ptolemy/actor/lib/test/auto/expressionInference.xml
1 ms. Memory: 557056K Free: 215316K (39%)
----------------- Invoking toplevel() on ptolemy.moml.MoMLSimpleApplication@43a90af8
----------------- Done invoking toplevel() on ptolemy.moml.MoMLSimpleApplication@43a90af8
reloadAllAccessors: .expressionInference

===========================================================================================
----------------- testing Wed Jan 08 07:03:30 UTC 2020 /home/travis/build/icyphy/ptII/ptolemy/actor/lib/test/auto/expression_bug.xml
----------------- Instantiating /home/travis/build/icyphy/ptII/ptolemy/actor/lib/test/auto/expression_bug.xml
1 ms. Memory: 557056K Free: 210706K (38%)
----------------- Invoking toplevel() on ptolemy.moml.MoMLSimpleApplication@6224eafc
----------------- Done invoking toplevel() on ptolemy.moml.MoMLSimpleApplication@6224eafc
reloadAllAccessors: .expression_bug

===========================================================================================
----------------- testing Wed Jan 08 07:03:30 UTC 2020 /home/travis/build/icyphy/ptII/ptolemy/actor/lib/test/auto/factorial.xml
----------------- Instantiating /home/travis/build/icyphy/ptII/ptolemy/actor/lib/test/auto/factorial.xml
35 ms. Memory: 557056K Free: 202514K (36%)
----------------- Invoking toplevel() on ptolemy.moml.MoMLSimpleApplication@64faf6b0
----------------- Done invoking toplevel() on ptolemy.moml.MoMLSimpleApplication@64faf6b0
reloadAllAccessors: .factorial

===========================================================================================
----------------- testing Wed Jan 08 07:03:30 UTC 2020 /home/travis/build/icyphy/ptII/ptolemy/actor/lib/test/auto/filterTest1.xml
----------------- Instantiating /home/travis/build/icyphy/ptII/ptolemy/actor/lib/test/auto/filterTest1.xml
3 ms. Memory: 557056K Free: 196884K (35%)
----------------- Invoking toplevel() on ptolemy.moml.MoMLSimpleApplication@6dab77ec
----------------- Done invoking toplevel() on ptolemy.moml.MoMLSimpleApplication@6dab77ec
reloadAllAccessors: .filterTest1

===========================================================================================
----------------- testing Wed Jan 08 07:03:30 UTC 2020 /home/travis/build/icyphy/ptII/ptolemy/actor/lib/test/auto/funcApplyInConst.xml
----------------- Instantiating /home/travis/build/icyphy/ptII/ptolemy/actor/lib/test/auto/funcApplyInConst.xml
1 ms. Memory: 557056K Free: 192788K (35%)
----------------- Invoking toplevel() on ptolemy.moml.MoMLSimpleApplication@2d30916c
----------------- Done invoking toplevel() on ptolemy.moml.MoMLSimpleApplication@2d30916c
reloadAllAccessors: .funcApplyInConst

===========================================================================================
----------------- testing Wed Jan 08 07:03:30 UTC 2020 /home/travis/build/icyphy/ptII/ptolemy/actor/lib/test/auto/funcApplyInExpr.xml
----------------- Instantiating /home/travis/build/icyphy/ptII/ptolemy/actor/lib/test/auto/funcApplyInExpr.xml
1 ms. Memory: 557056K Free: 189202K (34%)
----------------- Invoking toplevel() on ptolemy.moml.MoMLSimpleApplication@37fd2bb5
----------------- Done invoking toplevel() on ptolemy.moml.MoMLSimpleApplication@37fd2bb5
reloadAllAccessors: .funcApplyInExpr

===========================================================================================
----------------- testing Wed Jan 08 07:03:30 UTC 2020 /home/travis/build/icyphy/ptII/ptolemy/actor/lib/test/auto/function.xml
----------------- Instantiating /home/travis/build/icyphy/ptII/ptolemy/actor/lib/test/auto/function.xml
2 ms. Memory: 557056K Free: 184082K (33%)
----------------- Invoking toplevel() on ptolemy.moml.MoMLSimpleApplication@6fd05883
----------------- Done invoking toplevel() on ptolemy.moml.MoMLSimpleApplication@6fd05883
reloadAllAccessors: .function

===========================================================================================
----------------- testing Wed Jan 08 07:03:30 UTC 2020 /home/travis/build/icyphy/ptII/ptolemy/actor/lib/test/auto/function2.xml
----------------- Instantiating /home/travis/build/icyphy/ptII/ptolemy/actor/lib/test/auto/function2.xml
3 ms. Memory: 557056K Free: 179476K (32%)
----------------- Invoking toplevel() on ptolemy.moml.MoMLSimpleApplication@5b62dff8
----------------- Done invoking toplevel() on ptolemy.moml.MoMLSimpleApplication@5b62dff8
reloadAllAccessors: .function2

===========================================================================================
----------------- testing Wed Jan 08 07:03:30 UTC 2020 /home/travis/build/icyphy/ptII/ptolemy/actor/lib/test/auto/function3.xml
----------------- Instantiating /home/travis/build/icyphy/ptII/ptolemy/actor/lib/test/auto/function3.xml
1 ms. Memory: 557056K Free: 175380K (31%)
----------------- Invoking toplevel() on ptolemy.moml.MoMLSimpleApplication@640ae80
----------------- Done invoking toplevel() on ptolemy.moml.MoMLSimpleApplication@640ae80
reloadAllAccessors: .function3

===========================================================================================
----------------- testing Wed Jan 08 07:03:30 UTC 2020 /home/travis/build/icyphy/ptII/ptolemy/actor/lib/test/auto/functionClosureTest1.xml
----------------- Instantiating /home/travis/build/icyphy/ptII/ptolemy/actor/lib/test/auto/functionClosureTest1.xml
2 ms. Memory: 557056K Free: 496128K (89%)
----------------- Invoking toplevel() on ptolemy.moml.MoMLSimpleApplication@231bc4f2
----------------- Done invoking toplevel() on ptolemy.moml.MoMLSimpleApplication@231bc4f2
reloadAllAccessors: .functionClosureTest1

===========================================================================================
----------------- testing Wed Jan 08 07:03:30 UTC 2020 /home/travis/build/icyphy/ptII/ptolemy/actor/lib/test/auto/functionClosureTest2.xml
----------------- Instantiating /home/travis/build/icyphy/ptII/ptolemy/actor/lib/test/auto/functionClosureTest2.xml
2 ms. Memory: 557056K Free: 492032K (88%)
----------------- Invoking toplevel() on ptolemy.moml.MoMLSimpleApplication@5bb79257
----------------- Done invoking toplevel() on ptolemy.moml.MoMLSimpleApplication@5bb79257
reloadAllAccessors: .functionClosureTest2

===========================================================================================
----------------- testing Wed Jan 08 07:03:30 UTC 2020 /home/travis/build/icyphy/ptII/ptolemy/actor/lib/test/auto/functionClosureTest3.xml
----------------- Instantiating /home/travis/build/icyphy/ptII/ptolemy/actor/lib/test/auto/functionClosureTest3.xml
2 ms. Memory: 557056K Free: 486912K (87%)
----------------- Invoking toplevel() on ptolemy.moml.MoMLSimpleApplication@573e8aa
----------------- Done invoking toplevel() on ptolemy.moml.MoMLSimpleApplication@573e8aa
reloadAllAccessors: .functionClosureTest3

===========================================================================================
----------------- testing Wed Jan 08 07:03:30 UTC 2020 /home/travis/build/icyphy/ptII/ptolemy/actor/lib/test/auto/functionClosureTest4.xml
----------------- Instantiating /home/travis/build/icyphy/ptII/ptolemy/actor/lib/test/auto/functionClosureTest4.xml
4 ms. Memory: 557056K Free: 480254K (86%)
----------------- Invoking toplevel() on ptolemy.moml.MoMLSimpleApplication@18864102
----------------- Done invoking toplevel() on ptolemy.moml.MoMLSimpleApplication@18864102
reloadAllAccessors: .functionClosureTest4

===========================================================================================
----------------- testing Wed Jan 08 07:03:30 UTC 2020 /home/travis/build/icyphy/ptII/ptolemy/actor/lib/test/auto/functionClosureTest5.xml
----------------- Instantiating /home/travis/build/icyphy/ptII/ptolemy/actor/lib/test/auto/functionClosureTest5.xml
4 ms. Memory: 557056K Free: 475119K (85%)
----------------- Invoking toplevel() on ptolemy.moml.MoMLSimpleApplication@41245a7d
----------------- Done invoking toplevel() on ptolemy.moml.MoMLSimpleApplication@41245a7d
reloadAllAccessors: .functionClosureTest5

===========================================================================================
----------------- testing Wed Jan 08 07:03:30 UTC 2020 /home/travis/build/icyphy/ptII/ptolemy/actor/lib/test/auto/functionClosureTest6.xml
----------------- Instantiating /home/travis/build/icyphy/ptII/ptolemy/actor/lib/test/auto/functionClosureTest6.xml
2 ms. Memory: 557056K Free: 470007K (84%)
----------------- Invoking toplevel() on ptolemy.moml.MoMLSimpleApplication@1c939b05
----------------- Done invoking toplevel() on ptolemy.moml.MoMLSimpleApplication@1c939b05
reloadAllAccessors: .functionClosureTest6

===========================================================================================
----------------- testing Wed Jan 08 07:03:30 UTC 2020 /home/travis/build/icyphy/ptII/ptolemy/actor/lib/test/auto/functionsOnArcs.xml
----------------- Instantiating /home/travis/build/icyphy/ptII/ptolemy/actor/lib/test/auto/functionsOnArcs.xml
2 ms. Memory: 557056K Free: 464894K (83%)
----------------- Invoking toplevel() on ptolemy.moml.MoMLSimpleApplication@672d4e50
----------------- Done invoking toplevel() on ptolemy.moml.MoMLSimpleApplication@672d4e50
reloadAllAccessors: .functionsOnArcs

===========================================================================================
----------------- testing Wed Jan 08 07:03:30 UTC 2020 /home/travis/build/icyphy/ptII/ptolemy/actor/lib/test/auto/functionsOnArcsHOF.xml
----------------- Instantiating /home/travis/build/icyphy/ptII/ptolemy/actor/lib/test/auto/functionsOnArcsHOF.xml
5 ms. Memory: 557056K Free: 458750K (82%)
----------------- Invoking toplevel() on ptolemy.moml.MoMLSimpleApplication@c24d10b
----------------- Done invoking toplevel() on ptolemy.moml.MoMLSimpleApplication@c24d10b
reloadAllAccessors: .functionsOnArcsHOF

===========================================================================================
----------------- testing Wed Jan 08 07:03:30 UTC 2020 /home/travis/build/icyphy/ptII/ptolemy/actor/lib/test/auto/logic.xml
----------------- Instantiating /home/travis/build/icyphy/ptII/ptolemy/actor/lib/test/auto/logic.xml
2 ms. Memory: 557056K Free: 451582K (81%)
----------------- Invoking toplevel() on ptolemy.moml.MoMLSimpleApplication@6d39ed1d
----------------- Done invoking toplevel() on ptolemy.moml.MoMLSimpleApplication@6d39ed1d
reloadAllAccessors: .logic

===========================================================================================
----------------- testing Wed Jan 08 07:03:30 UTC 2020 /home/travis/build/icyphy/ptII/ptolemy/actor/lib/test/auto/matrixType.xml
----------------- Instantiating /home/travis/build/icyphy/ptII/ptolemy/actor/lib/test/auto/matrixType.xml
2 ms. Memory: 557056K Free: 446462K (80%)
----------------- Invoking toplevel() on ptolemy.moml.MoMLSimpleApplication@4594dc2f
----------------- Done invoking toplevel() on ptolemy.moml.MoMLSimpleApplication@4594dc2f
reloadAllAccessors: .matrixType

===========================================================================================
----------------- testing Wed Jan 08 07:03:30 UTC 2020 /home/travis/build/icyphy/ptII/ptolemy/actor/lib/test/auto/matrixType10.xml
----------------- Instantiating /home/travis/build/icyphy/ptII/ptolemy/actor/lib/test/auto/matrixType10.xml
2 ms. Memory: 557056K Free: 441342K (79%)
----------------- Invoking toplevel() on ptolemy.moml.MoMLSimpleApplication@a082b69
----------------- Done invoking toplevel() on ptolemy.moml.MoMLSimpleApplication@a082b69
reloadAllAccessors: .matrixType10

===========================================================================================
----------------- testing Wed Jan 08 07:03:30 UTC 2020 /home/travis/build/icyphy/ptII/ptolemy/actor/lib/test/auto/matrixType11.xml
----------------- Instantiating /home/travis/build/icyphy/ptII/ptolemy/actor/lib/test/auto/matrixType11.xml
1 ms. Memory: 557056K Free: 436736K (78%)
----------------- Invoking toplevel() on ptolemy.moml.MoMLSimpleApplication@22186ffb
----------------- Done invoking toplevel() on ptolemy.moml.MoMLSimpleApplication@22186ffb
reloadAllAccessors: .matrixType11

===========================================================================================
----------------- testing Wed Jan 08 07:03:30 UTC 2020 /home/travis/build/icyphy/ptII/ptolemy/actor/lib/test/auto/matrixType12.xml
----------------- Instantiating /home/travis/build/icyphy/ptII/ptolemy/actor/lib/test/auto/matrixType12.xml
1 ms. Memory: 557056K Free: 431616K (77%)
----------------- Invoking toplevel() on ptolemy.moml.MoMLSimpleApplication@19b2dede
----------------- Done invoking toplevel() on ptolemy.moml.MoMLSimpleApplication@19b2dede
reloadAllAccessors: .matrixType12

===========================================================================================
----------------- testing Wed Jan 08 07:03:31 UTC 2020 /home/travis/build/icyphy/ptII/ptolemy/actor/lib/test/auto/matrixType13.xml
----------------- Instantiating /home/travis/build/icyphy/ptII/ptolemy/actor/lib/test/auto/matrixType13.xml
1 ms. Memory: 557056K Free: 427006K (77%)
----------------- Invoking toplevel() on ptolemy.moml.MoMLSimpleApplication@2b3a4165
----------------- Done invoking toplevel() on ptolemy.moml.MoMLSimpleApplication@2b3a4165
reloadAllAccessors: .matrixType13

===========================================================================================
----------------- testing Wed Jan 08 07:03:31 UTC 2020 /home/travis/build/icyphy/ptII/ptolemy/actor/lib/test/auto/matrixType14.xml
----------------- Instantiating /home/travis/build/icyphy/ptII/ptolemy/actor/lib/test/auto/matrixType14.xml
1 ms. Memory: 557056K Free: 421886K (76%)
----------------- Invoking toplevel() on ptolemy.moml.MoMLSimpleApplication@12b523dd
----------------- Done invoking toplevel() on ptolemy.moml.MoMLSimpleApplication@12b523dd
reloadAllAccessors: .matrixType14

===========================================================================================
----------------- testing Wed Jan 08 07:03:31 UTC 2020 /home/travis/build/icyphy/ptII/ptolemy/actor/lib/test/auto/matrixType2.xml
----------------- Instantiating /home/travis/build/icyphy/ptII/ptolemy/actor/lib/test/auto/matrixType2.xml
1 ms. Memory: 557056K Free: 416766K (75%)
----------------- Invoking toplevel() on ptolemy.moml.MoMLSimpleApplication@198091d8
----------------- Done invoking toplevel() on ptolemy.moml.MoMLSimpleApplication@198091d8
reloadAllAccessors: .matrixType2

===========================================================================================
----------------- testing Wed Jan 08 07:03:31 UTC 2020 /home/travis/build/icyphy/ptII/ptolemy/actor/lib/test/auto/matrixType3.xml
----------------- Instantiating /home/travis/build/icyphy/ptII/ptolemy/actor/lib/test/auto/matrixType3.xml
3 ms. Memory: 557056K Free: 411646K (74%)
----------------- Invoking toplevel() on ptolemy.moml.MoMLSimpleApplication@19d2f1cc
----------------- Done invoking toplevel() on ptolemy.moml.MoMLSimpleApplication@19d2f1cc
reloadAllAccessors: .matrixType3

===========================================================================================
----------------- testing Wed Jan 08 07:03:31 UTC 2020 /home/travis/build/icyphy/ptII/ptolemy/actor/lib/test/auto/matrixType4.xml
----------------- Instantiating /home/travis/build/icyphy/ptII/ptolemy/actor/lib/test/auto/matrixType4.xml
2 ms. Memory: 557056K Free: 407040K (73%)
----------------- Invoking toplevel() on ptolemy.moml.MoMLSimpleApplication@53cc8053
----------------- Done invoking toplevel() on ptolemy.moml.MoMLSimpleApplication@53cc8053
reloadAllAccessors: .matrixType4

===========================================================================================
----------------- testing Wed Jan 08 07:03:31 UTC 2020 /home/travis/build/icyphy/ptII/ptolemy/actor/lib/test/auto/matrixType5.xml
----------------- Instantiating /home/travis/build/icyphy/ptII/ptolemy/actor/lib/test/auto/matrixType5.xml
1 ms. Memory: 557056K Free: 401920K (72%)
----------------- Invoking toplevel() on ptolemy.moml.MoMLSimpleApplication@6d54c587
----------------- Done invoking toplevel() on ptolemy.moml.MoMLSimpleApplication@6d54c587
reloadAllAccessors: .matrixType5

===========================================================================================
----------------- testing Wed Jan 08 07:03:31 UTC 2020 /home/travis/build/icyphy/ptII/ptolemy/actor/lib/test/auto/matrixType6.xml
----------------- Instantiating /home/travis/build/icyphy/ptII/ptolemy/actor/lib/test/auto/matrixType6.xml
1 ms. Memory: 557056K Free: 397310K (71%)
----------------- Invoking toplevel() on ptolemy.moml.MoMLSimpleApplication@12d7d88b
----------------- Done invoking toplevel() on ptolemy.moml.MoMLSimpleApplication@12d7d88b
reloadAllAccessors: .matrixType6

===========================================================================================
----------------- testing Wed Jan 08 07:03:31 UTC 2020 /home/travis/build/icyphy/ptII/ptolemy/actor/lib/test/auto/matrixType7.xml
----------------- Instantiating /home/travis/build/icyphy/ptII/ptolemy/actor/lib/test/auto/matrixType7.xml
2 ms. Memory: 557056K Free: 392190K (70%)
----------------- Invoking toplevel() on ptolemy.moml.MoMLSimpleApplication@71c1471a
----------------- Done invoking toplevel() on ptolemy.moml.MoMLSimpleApplication@71c1471a
reloadAllAccessors: .matrixType7

===========================================================================================
----------------- testing Wed Jan 08 07:03:31 UTC 2020 /home/travis/build/icyphy/ptII/ptolemy/actor/lib/test/auto/matrixType8.xml
----------------- Instantiating /home/travis/build/icyphy/ptII/ptolemy/actor/lib/test/auto/matrixType8.xml
2 ms. Memory: 557056K Free: 387584K (70%)
----------------- Invoking toplevel() on ptolemy.moml.MoMLSimpleApplication@35e5a9cc
----------------- Done invoking toplevel() on ptolemy.moml.MoMLSimpleApplication@35e5a9cc
reloadAllAccessors: .matrixType8

===========================================================================================
----------------- testing Wed Jan 08 07:03:31 UTC 2020 /home/travis/build/icyphy/ptII/ptolemy/actor/lib/test/auto/matrixType9.xml
----------------- Instantiating /home/travis/build/icyphy/ptII/ptolemy/actor/lib/test/auto/matrixType9.xml
1 ms. Memory: 557056K Free: 382464K (69%)
----------------- Invoking toplevel() on ptolemy.moml.MoMLSimpleApplication@9503ca0
----------------- Done invoking toplevel() on ptolemy.moml.MoMLSimpleApplication@9503ca0
reloadAllAccessors: .matrixType9

===========================================================================================
----------------- testing Wed Jan 08 07:03:31 UTC 2020 /home/travis/build/icyphy/ptII/ptolemy/actor/lib/test/auto/paraFunctest.xml
----------------- Instantiating /home/travis/build/icyphy/ptII/ptolemy/actor/lib/test/auto/paraFunctest.xml
1 ms. Memory: 557056K Free: 377854K (68%)
----------------- Invoking toplevel() on ptolemy.moml.MoMLSimpleApplication@5afcf95b
----------------- Done invoking toplevel() on ptolemy.moml.MoMLSimpleApplication@5afcf95b
reloadAllAccessors: .paraFunctest

===========================================================================================
----------------- testing Wed Jan 08 07:03:31 UTC 2020 /home/travis/build/icyphy/ptII/ptolemy/actor/lib/test/auto/paraFunctest2.xml
----------------- Instantiating /home/travis/build/icyphy/ptII/ptolemy/actor/lib/test/auto/paraFunctest2.xml
2 ms. Memory: 557056K Free: 373758K (67%)
----------------- Invoking toplevel() on ptolemy.moml.MoMLSimpleApplication@1c4a0914
----------------- Done invoking toplevel() on ptolemy.moml.MoMLSimpleApplication@1c4a0914
reloadAllAccessors: .paraFunctest2

===========================================================================================
----------------- testing Wed Jan 08 07:03:31 UTC 2020 /home/travis/build/icyphy/ptII/ptolemy/actor/lib/test/auto/parameterPassing.xml
----------------- Instantiating /home/travis/build/icyphy/ptII/ptolemy/actor/lib/test/auto/parameterPassing.xml
1 ms. Memory: 557056K Free: 369152K (66%)
----------------- Invoking toplevel() on ptolemy.moml.MoMLSimpleApplication@42120eee
----------------- Done invoking toplevel() on ptolemy.moml.MoMLSimpleApplication@42120eee
reloadAllAccessors: .parameterPassing

===========================================================================================
----------------- testing Wed Jan 08 07:03:31 UTC 2020 /home/travis/build/icyphy/ptII/ptolemy/actor/lib/test/auto/record.xml
----------------- Instantiating /home/travis/build/icyphy/ptII/ptolemy/actor/lib/test/auto/record.xml
2 ms. Memory: 557056K Free: 364542K (65%)
----------------- Invoking toplevel() on ptolemy.moml.MoMLSimpleApplication@2f1b9d5e
----------------- Done invoking toplevel() on ptolemy.moml.MoMLSimpleApplication@2f1b9d5e
reloadAllAccessors: .record

===========================================================================================
----------------- testing Wed Jan 08 07:03:31 UTC 2020 /home/travis/build/icyphy/ptII/ptolemy/actor/lib/test/auto/sizedarray1.xml
----------------- Instantiating /home/travis/build/icyphy/ptII/ptolemy/actor/lib/test/auto/sizedarray1.xml
1 ms. Memory: 557056K Free: 358912K (64%)
----------------- Invoking toplevel() on ptolemy.moml.MoMLSimpleApplication@557045e1
----------------- Done invoking toplevel() on ptolemy.moml.MoMLSimpleApplication@557045e1
reloadAllAccessors: .sizedarray1

===========================================================================================
----------------- testing Wed Jan 08 07:03:31 UTC 2020 /home/travis/build/icyphy/ptII/ptolemy/actor/lib/test/auto/sizedarray2.xml
----------------- Instantiating /home/travis/build/icyphy/ptII/ptolemy/actor/lib/test/auto/sizedarray2.xml
2 ms. Memory: 557056K Free: 353792K (64%)
----------------- Invoking toplevel() on ptolemy.moml.MoMLSimpleApplication@1453cb72
----------------- Done invoking toplevel() on ptolemy.moml.MoMLSimpleApplication@1453cb72
reloadAllAccessors: .sizedarray2

===========================================================================================
----------------- testing Wed Jan 08 07:03:31 UTC 2020 /home/travis/build/icyphy/ptII/ptolemy/actor/lib/test/auto/twoPublishers.xml
----------------- Instantiating /home/travis/build/icyphy/ptII/ptolemy/actor/lib/test/auto/twoPublishers.xml
5 ms. Memory: 557056K Free: 343038K (62%)
----------------- Invoking toplevel() on ptolemy.moml.MoMLSimpleApplication@529cb23
----------------- Done invoking toplevel() on ptolemy.moml.MoMLSimpleApplication@529cb23
reloadAllAccessors: .twoPublishers
AutoTests.java: About to close Vertx.
AutoTests.java: Vertx closed.
]]></system-out>
  <system-err><![CDATA[java.lang.RuntimeException: Execution failed
	at ptolemy.moml.MoMLSimpleApplication$UnloadThread.run(MoMLSimpleApplication.java:402)
Caused by: java.lang.RuntimeException: StringUtilities.exit() was called. Normally, we would exit here because Manager.exitAfterWrapup() was called.  However, because the ptolemy.ptII.exitAfterWrapup property is set, we throw this exception instead.
	at ptolemy.util.StringUtilities.exit(StringUtilities.java:365)
	at ptolemy.actor.Manager.wrapup(Manager.java:1549)
	at ptolemy.actor.Manager.execute(Manager.java:407)
	at ptolemy.actor.Manager.run(Manager.java:1263)
	at ptolemy.actor.Manager$PtolemyRunThread.run(Manager.java:1933)
Warning: '.top.test' is in training mode, set the trainingMode parameter to false before checking in
Warning: '.top.test' is in training mode, set the trainingMode parameter to false before checking in
Warning: '.top.test' is in training mode, set the trainingMode parameter to false before checking in
Warning: '.BooleanSwitch_RegressionTest_WrongTrainingValues.Test' is in training mode, set the trainingMode parameter to false before checking in
Warning: '.BooleanSwitch_RegressionTest_WrongTrainingValues.Test2' is in training mode, set the trainingMode parameter to false before checking in
Warning: '.BooleanSwitch_RegressionTest_WrongTrainingValues.Test2' The test produced 0 tokens.
Warning: '.top.testExceptionHandler' is in training mode, set the trainingMode parameter to false before checking in
java.lang.RuntimeException: Execution failed
	at ptolemy.moml.MoMLSimpleApplication$UnloadThread.run(MoMLSimpleApplication.java:402)
Caused by: ptolemy.kernel.util.IllegalActionException: PublisherPorts cannot be used at the top level, use a Publisher actor instead.
  in .PublisherPortToplevelSubscriber.PublisherPort
	at ptolemy.actor.PublisherPort.preinitialize(PublisherPort.java:403)
	at ptolemy.actor.CompositeActor.preinitialize(CompositeActor.java:1769)
	at ptolemy.actor.Manager.preinitializeAndResolveTypes(Manager.java:1040)
	at ptolemy.actor.Manager.initialize(Manager.java:710)
	at ptolemy.actor.Manager.execute(Manager.java:356)
	at ptolemy.actor.Manager.run(Manager.java:1263)
	at ptolemy.actor.Manager$PtolemyRunThread.run(Manager.java:1933)
java.lang.reflect.InvocationTargetException
	at java.base/jdk.internal.reflect.NativeConstructorAccessorImpl.newInstance0(Native Method)
	at java.base/jdk.internal.reflect.NativeConstructorAccessorImpl.newInstance(NativeConstructorAccessorImpl.java:62)
	at java.base/jdk.internal.reflect.DelegatingConstructorAccessorImpl.newInstance(DelegatingConstructorAccessorImpl.java:45)
	at java.base/java.lang.reflect.Constructor.newInstance(Constructor.java:490)
	at ptolemy.util.test.junit.AutoKnownFailedTests.RunModel(AutoKnownFailedTests.java:105)
	at java.base/jdk.internal.reflect.NativeMethodAccessorImpl.invoke0(Native Method)
	at java.base/jdk.internal.reflect.NativeMethodAccessorImpl.invoke(NativeMethodAccessorImpl.java:62)
	at java.base/jdk.internal.reflect.DelegatingMethodAccessorImpl.invoke(DelegatingMethodAccessorImpl.java:43)
	at java.base/java.lang.reflect.Method.invoke(Method.java:566)
	at org.junit.runners.model.FrameworkMethod$1.runReflectiveCall(FrameworkMethod.java:44)
	at org.junit.internal.runners.model.ReflectiveCallable.run(ReflectiveCallable.java:15)
	at org.junit.runners.model.FrameworkMethod.invokeExplosively(FrameworkMethod.java:41)
	at junitparams.internal.InvokeParameterisedMethod.evaluate(InvokeParameterisedMethod.java:102)
	at org.junit.internal.runners.statements.FailOnTimeout$1.run(FailOnTimeout.java:28)
Caused by: ptolemy.kernel.util.IllegalActionException: PublisherPorts cannot be used at the top level, use a Publisher actor instead.
  in .PublisherPortToplevelSubscriber.PublisherPort
	at ptolemy.actor.PublisherPort.preinitialize(PublisherPort.java:403)
	at ptolemy.actor.CompositeActor.preinitialize(CompositeActor.java:1769)
	at ptolemy.actor.Manager.preinitializeAndResolveTypes(Manager.java:1040)
	at ptolemy.actor.Manager.initialize(Manager.java:710)
	at ptolemy.actor.Manager.execute(Manager.java:356)
	at ptolemy.actor.Manager.run(Manager.java:1263)
	at ptolemy.actor.Manager$PtolemyRunThread.run(Manager.java:1933)
java.lang.RuntimeException: Execution failed
	at ptolemy.moml.MoMLSimpleApplication$UnloadThread.run(MoMLSimpleApplication.java:402)
Caused by: ptolemy.kernel.util.IllegalActionException: SubscriberPorts cannot be used at the top level, use a Subscriber actor instead.
  in .PublisherSubscriberPortToplevel.SubscriberPort
	at ptolemy.actor.SubscriberPort.preinitialize(SubscriberPort.java:328)
	at ptolemy.actor.CompositeActor.preinitialize(CompositeActor.java:1769)
	at ptolemy.actor.Manager.preinitializeAndResolveTypes(Manager.java:1040)
	at ptolemy.actor.Manager.initialize(Manager.java:710)
	at ptolemy.actor.Manager.execute(Manager.java:356)
	at ptolemy.actor.Manager.run(Manager.java:1263)
	at ptolemy.actor.Manager$PtolemyRunThread.run(Manager.java:1933)
java.lang.reflect.InvocationTargetException
	at java.base/jdk.internal.reflect.NativeConstructorAccessorImpl.newInstance0(Native Method)
	at java.base/jdk.internal.reflect.NativeConstructorAccessorImpl.newInstance(NativeConstructorAccessorImpl.java:62)
	at java.base/jdk.internal.reflect.DelegatingConstructorAccessorImpl.newInstance(DelegatingConstructorAccessorImpl.java:45)
	at java.base/java.lang.reflect.Constructor.newInstance(Constructor.java:490)
	at ptolemy.util.test.junit.AutoKnownFailedTests.RunModel(AutoKnownFailedTests.java:105)
	at java.base/jdk.internal.reflect.NativeMethodAccessorImpl.invoke0(Native Method)
	at java.base/jdk.internal.reflect.NativeMethodAccessorImpl.invoke(NativeMethodAccessorImpl.java:62)
	at java.base/jdk.internal.reflect.DelegatingMethodAccessorImpl.invoke(DelegatingMethodAccessorImpl.java:43)
	at java.base/java.lang.reflect.Method.invoke(Method.java:566)
	at org.junit.runners.model.FrameworkMethod$1.runReflectiveCall(FrameworkMethod.java:44)
	at org.junit.internal.runners.model.ReflectiveCallable.run(ReflectiveCallable.java:15)
	at org.junit.runners.model.FrameworkMethod.invokeExplosively(FrameworkMethod.java:41)
	at junitparams.internal.InvokeParameterisedMethod.evaluate(InvokeParameterisedMethod.java:102)
	at org.junit.internal.runners.statements.FailOnTimeout$1.run(FailOnTimeout.java:28)
Caused by: ptolemy.kernel.util.IllegalActionException: SubscriberPorts cannot be used at the top level, use a Subscriber actor instead.
  in .PublisherSubscriberPortToplevel.SubscriberPort
	at ptolemy.actor.SubscriberPort.preinitialize(SubscriberPort.java:328)
	at ptolemy.actor.CompositeActor.preinitialize(CompositeActor.java:1769)
	at ptolemy.actor.Manager.preinitializeAndResolveTypes(Manager.java:1040)
	at ptolemy.actor.Manager.initialize(Manager.java:710)
	at ptolemy.actor.Manager.execute(Manager.java:356)
	at ptolemy.actor.Manager.run(Manager.java:1263)
	at ptolemy.actor.Manager$PtolemyRunThread.run(Manager.java:1933)
java.lang.RuntimeException: Execution failed
	at ptolemy.moml.MoMLSimpleApplication$UnloadThread.run(MoMLSimpleApplication.java:402)
Caused by: ptolemy.kernel.util.IllegalActionException: SubscriptionAggregatorPorts cannot be used at the top level, use a SubscriptionAggregator actor instead.
  in .PublisherSubscriptionAggregatorPort.SubscriptionAggregatorPort
	at ptolemy.actor.SubscriptionAggregatorPort.preinitialize(SubscriptionAggregatorPort.java:353)
	at ptolemy.actor.CompositeActor.preinitialize(CompositeActor.java:1769)
	at ptolemy.actor.Manager.preinitializeAndResolveTypes(Manager.java:1040)
	at ptolemy.actor.Manager.initialize(Manager.java:710)
	at ptolemy.actor.Manager.execute(Manager.java:356)
	at ptolemy.actor.Manager.run(Manager.java:1263)
	at ptolemy.actor.Manager$PtolemyRunThread.run(Manager.java:1933)
java.lang.reflect.InvocationTargetException
	at java.base/jdk.internal.reflect.NativeConstructorAccessorImpl.newInstance0(Native Method)
	at java.base/jdk.internal.reflect.NativeConstructorAccessorImpl.newInstance(NativeConstructorAccessorImpl.java:62)
	at java.base/jdk.internal.reflect.DelegatingConstructorAccessorImpl.newInstance(DelegatingConstructorAccessorImpl.java:45)
	at java.base/java.lang.reflect.Constructor.newInstance(Constructor.java:490)
	at ptolemy.util.test.junit.AutoKnownFailedTests.RunModel(AutoKnownFailedTests.java:105)
	at java.base/jdk.internal.reflect.NativeMethodAccessorImpl.invoke0(Native Method)
	at java.base/jdk.internal.reflect.NativeMethodAccessorImpl.invoke(NativeMethodAccessorImpl.java:62)
	at java.base/jdk.internal.reflect.DelegatingMethodAccessorImpl.invoke(DelegatingMethodAccessorImpl.java:43)
	at java.base/java.lang.reflect.Method.invoke(Method.java:566)
	at org.junit.runners.model.FrameworkMethod$1.runReflectiveCall(FrameworkMethod.java:44)
	at org.junit.internal.runners.model.ReflectiveCallable.run(ReflectiveCallable.java:15)
	at org.junit.runners.model.FrameworkMethod.invokeExplosively(FrameworkMethod.java:41)
	at junitparams.internal.InvokeParameterisedMethod.evaluate(InvokeParameterisedMethod.java:102)
	at org.junit.internal.runners.statements.FailOnTimeout$1.run(FailOnTimeout.java:28)
Caused by: ptolemy.kernel.util.IllegalActionException: SubscriptionAggregatorPorts cannot be used at the top level, use a SubscriptionAggregator actor instead.
  in .PublisherSubscriptionAggregatorPort.SubscriptionAggregatorPort
	at ptolemy.actor.SubscriptionAggregatorPort.preinitialize(SubscriptionAggregatorPort.java:353)
	at ptolemy.actor.CompositeActor.preinitialize(CompositeActor.java:1769)
	at ptolemy.actor.Manager.preinitializeAndResolveTypes(Manager.java:1040)
	at ptolemy.actor.Manager.initialize(Manager.java:710)
	at ptolemy.actor.Manager.execute(Manager.java:356)
	at ptolemy.actor.Manager.run(Manager.java:1263)
	at ptolemy.actor.Manager$PtolemyRunThread.run(Manager.java:1933)
java.lang.RuntimeException: Execution failed
	at ptolemy.moml.MoMLSimpleApplication$UnloadThread.run(MoMLSimpleApplication.java:402)
Caused by: ptolemy.kernel.util.IllegalActionException: TypeTest actor has no training data.
  in .sizedarray3.TypeTest
	at ptolemy.actor.lib.TypeTest.initialize(TypeTest.java:250)
	at ptolemy.actor.Director.initialize(Director.java:938)
	at ptolemy.actor.Director.initialize(Director.java:907)
	at ptolemy.actor.sched.StaticSchedulingDirector.initialize(StaticSchedulingDirector.java:159)
	at ptolemy.domains.sdf.kernel.SDFDirector.initialize(SDFDirector.java:544)
	at ptolemy.actor.CompositeActor.initialize(CompositeActor.java:935)
	at ptolemy.actor.Manager.initialize(Manager.java:724)
	at ptolemy.actor.Manager.execute(Manager.java:356)
	at ptolemy.actor.Manager.run(Manager.java:1263)
	at ptolemy.actor.Manager$PtolemyRunThread.run(Manager.java:1933)
java.lang.reflect.InvocationTargetException
	at java.base/jdk.internal.reflect.NativeConstructorAccessorImpl.newInstance0(Native Method)
	at java.base/jdk.internal.reflect.NativeConstructorAccessorImpl.newInstance(NativeConstructorAccessorImpl.java:62)
	at java.base/jdk.internal.reflect.DelegatingConstructorAccessorImpl.newInstance(DelegatingConstructorAccessorImpl.java:45)
	at java.base/java.lang.reflect.Constructor.newInstance(Constructor.java:490)
	at ptolemy.util.test.junit.AutoKnownFailedTests.RunModel(AutoKnownFailedTests.java:105)
	at java.base/jdk.internal.reflect.NativeMethodAccessorImpl.invoke0(Native Method)
	at java.base/jdk.internal.reflect.NativeMethodAccessorImpl.invoke(NativeMethodAccessorImpl.java:62)
	at java.base/jdk.internal.reflect.DelegatingMethodAccessorImpl.invoke(DelegatingMethodAccessorImpl.java:43)
	at java.base/java.lang.reflect.Method.invoke(Method.java:566)
	at org.junit.runners.model.FrameworkMethod$1.runReflectiveCall(FrameworkMethod.java:44)
	at org.junit.internal.runners.model.ReflectiveCallable.run(ReflectiveCallable.java:15)
	at org.junit.runners.model.FrameworkMethod.invokeExplosively(FrameworkMethod.java:41)
	at junitparams.internal.InvokeParameterisedMethod.evaluate(InvokeParameterisedMethod.java:102)
	at org.junit.internal.runners.statements.FailOnTimeout$1.run(FailOnTimeout.java:28)
Caused by: ptolemy.kernel.util.IllegalActionException: TypeTest actor has no training data.
  in .sizedarray3.TypeTest
	at ptolemy.actor.lib.TypeTest.initialize(TypeTest.java:250)
	at ptolemy.actor.Director.initialize(Director.java:938)
	at ptolemy.actor.Director.initialize(Director.java:907)
	at ptolemy.actor.sched.StaticSchedulingDirector.initialize(StaticSchedulingDirector.java:159)
	at ptolemy.domains.sdf.kernel.SDFDirector.initialize(SDFDirector.java:544)
	at ptolemy.actor.CompositeActor.initialize(CompositeActor.java:935)
	at ptolemy.actor.Manager.initialize(Manager.java:724)
	at ptolemy.actor.Manager.execute(Manager.java:356)
	at ptolemy.actor.Manager.run(Manager.java:1263)
	at ptolemy.actor.Manager$PtolemyRunThread.run(Manager.java:1933)
ptolemy.kernel.util.InternalErrorException: Exec Stderr Gobbler-5: Failed while reading from java.lang.ProcessImpl$ProcessPipeInputStream@71788705. To avoid this, try setting the ignoreIOExceptionReadErrors parameter to true.null
  in .ExecEnvironment.Exec
Because:
Stream closed
	at ptolemy.actor.lib.Exec$_StreamReaderThread._read(Exec.java:762)
	at ptolemy.actor.lib.Exec$_StreamReaderThread.run(Exec.java:706)
Caused by: java.io.IOException: Stream closed
	at java.base/sun.nio.cs.StreamDecoder.ensureOpen(StreamDecoder.java:46)
	at java.base/sun.nio.cs.StreamDecoder.read(StreamDecoder.java:148)
	at java.base/java.io.InputStreamReader.read(InputStreamReader.java:185)
	at ptolemy.actor.lib.Exec$_StreamReaderThread._read(Exec.java:724)
	... 1 more
Caused by: java.io.IOException: Stream closed
	at java.base/sun.nio.cs.StreamDecoder.ensureOpen(StreamDecoder.java:46)
	at java.base/sun.nio.cs.StreamDecoder.read(StreamDecoder.java:148)
	at java.base/java.io.InputStreamReader.read(InputStreamReader.java:185)
	at ptolemy.actor.lib.Exec$_StreamReaderThread._read(Exec.java:724)
	at ptolemy.actor.lib.Exec$_StreamReaderThread.run(Exec.java:706)
]]></system-err>
</testsuite>
