<?xml version="1.0" encoding="UTF-8" ?>
<testsuite errors="0" failures="0" hostname="travis-job-72374447-c7e7-40d7-9e69-663d5399986d" name="ptolemy.domains.de.test.junit.JUnitTclTest" skipped="0" tests="101" time="143.257" timestamp="2019-10-29T06:09:31">
  <properties>
    <property name="npm.executable" value="npm" />
    <property name="env.TRAVIS_ROOT" value="/" />
    <property name="ptII.mk.exists" value="true" />
    <property name="env.TRAVIS_APP_HOST" value="build.travis-ci.org" />
    <property name="env.rvm_bin_path" value="/home/travis/.rvm/bin" />
    <property name="java.home" value="/usr/local/lib/jvm/openjdk11" />
    <property name="env.TRAVIS_JOB_NUMBER" value="1379.9" />
    <property name="env.TRAVIS_HOME" value="/home/travis" />
    <property name="env.DISPLAY" value=":99.0" />
    <property name="env.TRAVIS_INIT" value="systemd" />
    <property name="env.SSH_TTY" value="/dev/pts/0" />
    <property name="java.net.preferIPv4Stack" value="true" />
    <property name="env.RUN_TESTS" value="true" />
    <property name="timeout.short" value="1000000" />
    <property name="junit.formatter" value="xml" />
    <property name="env.TRAVIS_SUDO" value="true" />
    <property name="env.TRAVIS_JOB_NAME" value="" />
    <property name="env.TRAVIS_STACK_NODE_ATTRIBUTES" value="/.node-attributes.yml" />
    <property name="env.LOGNAME" value="travis" />
    <property name="jsdoc.home" value="node_modules/@terraswarm/jsdoc" />
    <property name="debuglevel" value="source,lines,vars" />
    <property name="checkstyle.formatter" value="xml" />
    <property name="env._system_version" value="16.04" />
    <property name="bin.vergil.makeable" value="true" />
    <property name="sun.os.patch.level" value="unknown" />
    <property name="java.vendor.url" value="http://java.oracle.com/" />
    <property name="env.TRAVIS_BUILD_WEB_URL" value="https://travis-ci.org/icyphy/ptII/builds/604278220" />
    <property name="java.version" value="11.0.2" />
    <property name="env.TZ" value="UTC" />
    <property name="env.TRAVIS_PULL_REQUEST_SHA" value="" />
    <property name="env.PT_NO_NET" value="true" />
    <property name="env.TRAVIS_SECURE_ENV_VARS" value="true" />
    <property name="env._system_type" value="Linux" />
    <property name="java.vendor.url.bug" value="http://bugreport.java.com/bugreport/" />
    <property name="npmjs-org-is-up" value="true" />
    <property name="env.LANGUAGE" value="en_US.UTF-8" />
    <property name="env.SSH_CLIENT" value="10.16.4.26 56606 22" />
    <property name="env.GEM_HOME" value="/home/travis/.rvm/gems/ruby-2.5.3" />
    <property name="env.HAS_ANTARES_THREE_LITTLE_FRONZIES_BADGE" value="true" />
    <property name="java.version.date" value="2019-01-15" />
    <property name="env.PS4" value="+" />
    <property name="ant.project.invoked-targets" value="build,test.core2.xml" />
    <property name="env.TRAVIS_PULL_REQUEST_BRANCH" value="" />
    <property name="env.TRAVIS_REPO_SLUG" value="icyphy/ptII" />
    <property name="env.XDG_DATA_DIRS" value="/usr/local/share:/usr/share:/var/lib/snapd/desktop" />
    <property name="jdk.debug" value="release" />
    <property name="env.TRAVIS_APT_PROXY" value="http://apt.cache.travis-ci.com" />
    <property name="node.in.path" value="true" />
    <property name="user.name" value="travis" />
    <property name="java.maxmemory" value="1400m" />
    <property name="env.RUBY_VERSION" value="ruby-2.5.3" />
    <property name="env.LANG" value="en_US.UTF-8" />
    <property name="sun.io.unicode.encoding" value="UnicodeLittle" />
    <property name="sun.jnu.encoding" value="UTF-8" />
    <property name="java.runtime.name" value="OpenJDK Runtime Environment" />
    <property name="usefile" value="false" />
    <property name="return.code" value="0" />
    <property name="junit.single.formatter" value="plain" />
    <property name="env.DYLD_LIBRARY_PATH" value="/home/travis/pthla/certi-tools/lib:" />
    <property name="env.DEBIAN_FRONTEND" value="noninteractive" />
    <property name="env.SSH_CONNECTION" value="10.16.4.26 56606 10.20.0.165 22" />
    <property name="env.MYSQL_UNIX_PORT" value="/var/run/mysqld/mysqld.sock" />
    <property name="env.LC_ALL" value="en_US.UTF-8" />
    <property name="env.TRAVIS_ALLOW_FAILURE" value="false" />
    <property name="env.TRAVIS_JOB_WEB_URL" value="https://travis-ci.org/icyphy/ptII/jobs/604278229" />
    <property name="java.specification.name" value="Java Platform API Specification" />
    <property name="node.works" value="true" />
    <property name="user.timezone" value="" />
    <property name="path.separator" value=":" />
    <property name="env.TRAVIS_ENABLE_INFRA_DETECTION" value="true" />
    <property name="env.PYTHON_CFLAGS" value="-g -fstack-protector --param=ssp-buffer-size=4 -Wformat -Werror=format-security" />
    <property name="timeout.long" value="4000000" />
    <property name="env.CERTI_HOME" value="/home/travis/pthla/certi-tools" />
    <property name="ant.file.ptII" value="/home/travis/build/icyphy/ptII/build.xml" />
    <property name="javadoc.packagenames" value="com.*,diva.*,lbnl.*,org.hlacerti.*,org.json.*,org.ptolemy.*,org.terraswarm.*,ptolemy.*,ptserver.*" />
    <property name="file.encoding" value="UTF-8" />
    <property name="env.TRAVIS_PULL_REQUEST_SLUG" value="" />
    <property name="ant.project.default-target" value="build" />
    <property name="env.GIT_ASKPASS" value="echo" />
    <property name="env.HOME" value="/home/travis" />
    <property name="sun.java.command" value="org.apache.tools.ant.taskdefs.optional.junit.JUnitTestRunner ptolemy.domains.de.test.junit.JUnitTclTest skipNonTests=false filtertrace=true haltOnError=false haltOnFailure=false formatter=org.apache.tools.ant.taskdefs.optional.junit.OutErrSummaryJUnitResultFormatter showoutput=true outputtoformatters=true logfailedtests=true threadid=0 logtestlistenerevents=false formatter=org.apache.tools.ant.taskdefs.optional.junit.XMLJUnitResultFormatter,/home/travis/build/icyphy/ptII/reports/junit/TEST-ptolemy.domains.de.test.junit.JUnitTclTest.xml crashfile=/home/travis/build/icyphy/ptII/junitvmwatcher14047856740832275399.properties propsfile=/home/travis/build/icyphy/ptII/junit4955864513141666524.properties" />
    <property name="env.COMPOSER_NO_INTERACTION" value="1" />
    <property name="env.MANPATH" value="/home/travis/.nvm/versions/node/v7.10.1/share/man:/home/travis/.rvm/rubies/ruby-2.5.3/share/man:/usr/local/cmake-3.12.4/man:/usr/local/clang-7.0.0/share/man:/usr/local/man:/usr/local/share/man:/usr/share/man:/home/travis/.rvm/man" />
    <property name="env.TRAVIS_TIMER_ID" value="09fb37fc" />
    <property name="ant.file" value="/home/travis/build/icyphy/ptII/build.xml" />
    <property name="env.TRAVIS_COMMIT_RANGE" value="948bf656f66248ff65af09b7e6cc9885ef1f544d...4d8f235a1445b5e1cf53b20eaca7c153db736dc2" />
    <property name="env._system_name" value="Ubuntu" />
    <property name="ptII.classpath.optional.property" value="/home/travis/build/icyphy/ptII/lib/bsh-2.0b4.jar:/home/travis/build/icyphy/ptII/lib/ptCal.jar:/home/travis/build/icyphy/ptII/lib/java_cup.jar:/home/travis/build/icyphy/ptII/lib/saxon8.jar:/home/travis/build/icyphy/ptII/lib/saxon8-dom.jar:/home/travis/build/icyphy/ptII/lib/chic.jar:/home/travis/build/icyphy/ptII/lib/ptcolt.jar:/home/travis/build/icyphy/ptII/vendors/misc/itext/iText.jar:/home/travis/build/icyphy/ptII/lib/g4ltl.jar:/home/travis/build/icyphy/ptII/lib/StructuralCoder.jar:/home/travis/build/icyphy/ptII/lib/jcerti.jar:/home/travis/build/icyphy/ptII/lib/javax.mail.jar:/home/travis/build/icyphy/ptII/vendors/JMF-2.1.1e/lib/jmf.jar:/home/travis/build/icyphy/ptII/lib/jna-4.0.0-variadic.jar:/home/travis/build/icyphy/ptII/vendors/misc/joystick/Joystick.jar:/home/travis/build/icyphy/ptII/lib/ptjacl.jar:/home/travis/build/icyphy/ptII/lib/jsoup-1.8.2.jar:/home/travis/build/icyphy/ptII/lib/junit-4.8.2.jar:/home/travis/build/icyphy/ptII/lib/JUnitParams-0.4.0.jar:/home/travis/build/icyphy/ptII/ptolemy/actor/lib/excel/jxl.jar:/home/travis/build/icyphy/ptII/lib/jython.jar:/home/travis/build/icyphy/ptII/lib/kieler.jar:/home/travis/build/icyphy/ptII/vendors/opencv/share/OpenCV/java/opencv-341.jar:/home/travis/build/icyphy/ptII/lib/oscP5.jar:/home/travis/build/icyphy/ptII/lib/nrjavaserial-3.11.0.devel.jar:/home/travis/build/icyphy/ptII/vendors/j3d/lib/Linux/j3dcore.jar:/home/travis/build/icyphy/ptII/vendors/j3d/lib/Linux/j3dutils.jar:/home/travis/build/icyphy/ptII/vendors/j3d/lib/Linux/vecmath.jar:/home/travis/build/icyphy/ptII/vendors/jogl/lib/Linux/gluegen-rt-natives-linux-amd64.jar:/home/travis/build/icyphy/ptII/vendors/jogl/lib/Linux/gluegen-rt.jar:/home/travis/build/icyphy/ptII/vendors/jogl/lib/Linux/jogl-all-natives-linux-amd64.jar:/home/travis/build/icyphy/ptII/vendors/jogl/lib/Linux/jogl-all.jar:/home/travis/build/icyphy/ptII/ptolemy/distributed/jini/jar/jini-core.jar:/home/travis/build/icyphy/ptII/ptolemy/distributed/jini/jar/jini-ext.jar:/home/travis/build/icyphy/ptII/ptolemy/distributed/jini/jar/sun-util.jar:/home/travis/build/icyphy/ptII/lib/protobuf-java-2.4.1.jar:/home/travis/build/icyphy/ptII/lib/org.eclipse.paho.client.mqttv3.jar:/home/travis/build/icyphy/ptII/lib/mapss.jar:/home/travis/build/icyphy/ptII/ptolemy/actor/ptalon/antlr/antlr.jar:/home/travis/build/icyphy/ptII/lib/JRI.jar:/home/travis/build/icyphy/ptII/lib/commons-lang-2.6.jar:/home/travis/build/icyphy/ptII/lib/commons-logging-1.1.1.jar:/home/travis/build/icyphy/ptII/lib/sootclasses.jar:/home/travis/build/icyphy/ptII/ptolemy/actor/lib/database/mysql-connector-java-5.1.6-bin.jar:/home/travis/build/icyphy/ptII/vendors/misc/sphinx4/sphinx4-data-5prealpha.jar:/home/travis/build/icyphy/ptII/vendors/misc/sphinx4/sphinx4-core-5prealpha.jar:/home/travis/build/icyphy/ptII/lib/PDFRenderer.jar:/home/travis/build/icyphy/ptII/lib/svgSalamander.jar:/home/travis/build/icyphy/ptII/lib/rsyntaxtextarea-2.6.0-SNAPSHOT.jar:/home/travis/build/icyphy/ptII/lib/hazelcast-3.8.2.jar:/home/travis/build/icyphy/ptII/lib/jackson-annotations-2.9.0.jar:/home/travis/build/icyphy/ptII/lib/jackson-core-2.9.3.jar:/home/travis/build/icyphy/ptII/lib/jackson-databind-2.9.3.jar:/home/travis/build/icyphy/ptII/lib/netty-buffer-4.1.19.Final.jar:/home/travis/build/icyphy/ptII/lib/netty-codec-4.1.19.Final.jar:/home/travis/build/icyphy/ptII/lib/netty-codec-dns-4.1.19.Final.jar:/home/travis/build/icyphy/ptII/lib/netty-codec-http-4.1.19.Final.jar:/home/travis/build/icyphy/ptII/lib/netty-codec-http2-4.1.19.Final.jar:/home/travis/build/icyphy/ptII/lib/netty-common-4.1.19.Final.jar:/home/travis/build/icyphy/ptII/lib/netty-handler-4.1.19.Final.jar:/home/travis/build/icyphy/ptII/lib/netty-resolver-4.1.19.Final.jar:/home/travis/build/icyphy/ptII/lib/netty-resolver-dns-4.1.19.Final.jar:/home/travis/build/icyphy/ptII/lib/netty-transport-4.1.19.Final.jar:/home/travis/build/icyphy/ptII/lib/vertx-codegen-3.5.1.jar:/home/travis/build/icyphy/ptII/lib/vertx-core-3.5.2-SNAPSHOT.jar:/home/travis/build/icyphy/ptII/lib/vertx-hazelcast-3.5.1.jar:/home/travis/build/icyphy/ptII/lib/vertx-lang-js-3.5.1.jar:/home/travis/build/icyphy/ptII/lib/vertx-service-proxy-3.5.1.jar:/home/travis/build/icyphy/ptII/lib/vertx-web-3.5.1.jar:/home/travis/build/icyphy/ptII/lib/slf4j-api-1.7.13.jar:/home/travis/build/icyphy/ptII/lib/slf4j-simple-1.7.13.jar:/home/travis/build/icyphy/ptII/lib/webcam-capture-0.3.12.jar:/home/travis/build/icyphy/ptII/lib/bridj-0.7.0.jar:/home/travis/build/icyphy/ptII/lib/xbjlib-1.1.0.nrjavaserial.jar" />
    <property name="timeout" value="2400000" />
    <property name="test.batch" value="**/junit/*.java" />
    <property name="env._" value="/usr/bin/timeout" />
    <property name="java.io.tmpdir" value="/tmp" />
    <property name="user.language" value="en" />
    <property name="env.TRAVIS_INTERNAL_RUBY_REGEX" value="^ruby-(2\.[0-4]\.[0-9]|1\.9\.3)" />
    <property name="env.HISTCONTROL" value="ignoredups:ignorespace" />
    <property name="env.GOROOT" value="/home/travis/.gimme/versions/go1.11.1.linux.amd64" />
    <property name="line.separator" value="&#xa;" />
    <property name="target" value="11" />
    <property name="env.TRAVIS_BUILD_DIR" value="/home/travis/build/icyphy/ptII" />
    <property name="env.ANT_OPTS" value="-Xmx2048m" />
    <property name="ant.file.type" value="file" />
    <property name="ptolemy.ptII.batchMode" value="true" />
    <property name="env.HISTSIZE" value="1000" />
    <property name="env.MERB_ENV" value="test" />
    <property name="java.vm.info" value="mixed mode" />
    <property name="source" value="11" />
    <property name="java.vm.specification.name" value="Java Virtual Machine Specification" />
    <property name="env.TRAVIS_TEST_RESULT" value="0" />
    <property name="jsdoc.command" value="node_modules/@terraswarm/jsdoc/jsdoc.js" />
    <property name="npm.works" value="true" />
    <property name="cobertura.dir" value="/home/travis/build/icyphy/ptII/vendors/cobertura-2.0.3" />
    <property name="jsdoc.command.exists" value="true" />
    <property name="env.rvm_path" value="/home/travis/.rvm" />
    <property name="env.GEM_PATH" value="/home/travis/.rvm/gems/ruby-2.5.3:/home/travis/.rvm/gems/ruby-2.5.3@global" />
    <property name="env.LC_CTYPE" value="en_US.UTF-8" />
    <property name="env.TRAVIS_CMD" value="$PTII/bin/ptIITravisBuild.sh $SECONDS" />
    <property name="java.awt.printerjob" value="sun.print.PSPrinterJob" />
    <property name="env.TRAVIS_STACK_NAME" value="sardonyx" />
    <property name="env.TRAVIS_TIMER_START_TIME" value="1572329103938978504" />
    <property name="ant.version" value="Apache Ant(TM) version 1.10.1 compiled on February 2 2017" />
    <property name="ptII.reports" value="/home/travis/build/icyphy/ptII/reports" />
    <property name="env.TRAVIS_STACK_TIMESTAMP" value="2019-03-25 16:16:56 UTC" />
    <property name="ant.file.type.ptII" value="file" />
    <property name="env.RBENV_SHELL" value="bash" />
    <property name="os.name" value="Linux" />
    <property name="java.specification.vendor" value="Oracle Corporation" />
    <property name="env.rvm_version" value="1.29.7 (latest)" />
    <property name="env.TRAVIS_INFRA" value="unknown" />
    <property name="env.TERM" value="xterm" />
    <property name="java.vm.name" value="OpenJDK 64-Bit Server VM" />
    <property name="env.TRAVIS_BUILD_NUMBER" value="1379" />
    <property name="env.CI" value="true" />
    <property name="java.library.path" value="/home/travis/pthla/certi-tools/lib:/usr/lib/jni:/usr/local/share/OpenCV/java/:/usr/share/OpenCV/java::/usr/java/packages/lib:/usr/lib64:/lib64:/lib:/usr/lib" />
    <property name="jdk.module.path" value="/home/travis/build/icyphy/ptII/vendors/javafx/javafx-sdk-11.0.2/lib:" />
    <property name="env.rvm_prefix" value="/home/travis" />
    <property name="env.PATH" value="/home/travis/pthla/certi-tools/share/scripts:/home/travis/.rvm/gems/ruby-2.5.3/bin:/home/travis/.rvm/gems/ruby-2.5.3@global/bin:/home/travis/.rvm/rubies/ruby-2.5.3/bin:/home/travis/.rvm/bin:/home/travis/.nvm/versions/node/v7.10.1/bin:./node_modules/.bin:/home/travis/build/icyphy/ptII/bin:/home/travis/pthla/certi-tools/bin:/home/travis/bin:/home/travis/.local/bin:/usr/local/lib/jvm/openjdk11/bin:/opt/pyenv/shims:/home/travis/.phpenv/shims:/home/travis/perl5/perlbrew/bin:/home/travis/gopath/bin:/home/travis/.gimme/versions/go1.11.1.linux.amd64/bin:/usr/local/maven-3.6.0/bin:/usr/local/cmake-3.12.4/bin:/usr/local/clang-7.0.0/bin:/usr/local/sbin:/usr/local/bin:/usr/sbin:/usr/bin:/sbin:/bin:/snap/bin:/home/travis/.phpenv/bin:/opt/pyenv/bin:/home/travis/.yarn/bin" />
    <property name="env.TRAVIS_OS_NAME" value="linux" />
    <property name="ant.java.version" value="9" />
    <property name="basedir" value="/home/travis/build/icyphy/ptII" />
    <property name="java.class.version" value="55.0" />
    <property name="env.SHLVL" value="3" />
    <property name="env.LD_LIBRARY_PATH" value="/home/travis/pthla/certi-tools/lib:/usr/lib/jni:/usr/local/share/OpenCV/java/:/usr/share/OpenCV/java:" />
    <property name="env.RACK_ENV" value="test" />
    <property name="ant.home" value="/home/travis/build/icyphy/ptII/ant" />
    <property name="env.NVM_DIR" value="/home/travis/.nvm" />
    <property name="env.CERTI_FOM_PATH" value="/home/travis/pthla/certi-tools/share/federations" />
    <property name="env.TRAVIS_BUILD_ID" value="604278220" />
    <property name="env.PYENV_ROOT" value="/opt/pyenv" />
    <property name="env.TRAVIS_UID" value="2000" />
    <property name="prism.verbose" value="true" />
    <property name="env.NVM_BIN" value="/home/travis/.nvm/versions/node/v7.10.1/bin" />
    <property name="env.TRAVIS_COMMIT" value="4d8f235a1445b5e1cf53b20eaca7c153db736dc2" />
    <property name="env._system_arch" value="x86_64" />
    <property name="node.executable" value="node" />
    <property name="sun.boot.library.path" value="/usr/local/lib/jvm/openjdk11/lib" />
    <property name="sun.management.compiler" value="HotSpot 64-Bit Tiered Compilers" />
    <property name="java.awt.graphicsenv" value="sun.awt.X11GraphicsEnvironment" />
    <property name="env.GOPATH" value="/home/travis/gopath" />
    <property name="ptolemy.ptII.dir" value="/home/travis/build/icyphy/ptII" />
    <property name="env.USER" value="travis" />
    <property name="env.HISTFILESIZE" value="2000" />
    <property name="timeout.longest" value="19000000" />
    <property name="env.PERLBREW_SHELLRC_VERSION" value="0.86" />
    <property name="env.TRAVIS_STACK_FEATURES" value="basic couchdb disabled-ipv6 docker docker-compose elasticsearch firefox go-toolchain google-chrome jdk memcached mongodb mysql nodejs_interpreter perl_interpreter perlbrew phantomjs postgresql python_interpreter redis ruby_interpreter sqlite xserver" />
    <property name="env.TRAVIS_PULL_REQUEST" value="false" />
    <property name="env.PYENV_SHELL" value="bash" />
    <property name="ant.project.name" value="ptII" />
    <property name="env.ANSI_RESET" value="\033[0m" />
    <property name="java.vm.specification.version" value="11" />
    <property name="env.TRAVIS_DIST" value="xenial" />
    <property name="env.CERTI_VERSION" value="4.0.0" />
    <property name="env.CERTI_HOST" value="localhost" />
    <property name="awt.toolkit" value="sun.awt.X11.XToolkit" />
    <property name="env.MY_RUBY_HOME" value="/home/travis/.rvm/rubies/ruby-2.5.3" />
    <property name="sun.cpu.isalist" value="" />
    <property name="env.TRAVIS_TMPDIR" value="/tmp/tmp.rDQK3Y54tg" />
    <property name="java.vm.compressedOopsMode" value="Zero based" />
    <property name="os.version" value="4.15.0-1028-gcp" />
    <property name="user.home" value="/home/travis" />
    <property name="java.vm.vendor" value="Oracle Corporation" />
    <property name="env.TRAVIS_TAG" value="nightly" />
    <property name="env.ANSI_YELLOW" value="\033[33;1m" />
    <property name="env.TRAVIS_FILTERED" value="redirect_io" />
    <property name="env.ANSI_GREEN" value="\033[32;1m" />
    <property name="env.JAVA_HOME" value="/usr/local/lib/jvm/openjdk11" />
    <property name="javadoc.excludepackagenames" value="adm.cvs2svn.*,build.*,config.*,doc.coding.templates.*,jni.test.jni.meaningOfLife.*,jni.test.jni.testDeux.*,jni.test.jni.testTrois.*,org.terraswarm.accessor.accessors.web.node_modules.*,org.terraswarm.accessor.accessors.web.hosts.cordova.demo.*,org.terraswarm.accessor.accessors.web.hosts.cordova.plugins.*,org.terraswarm.accessor.accessors-svn.*,pt-modules.*,ptolemy.apps.agilent.*,ptolemy.apps.anytimecontrol.*,ptolemy.apps.apes.*,ptolemy.apps.charon.*,ptolemy.apps.crazyboard.*,ptolemy.apps.eclipse.*,ptolemy.apps.etherealSting.*,ptolemy.apps.fullscreen.*,ptolemy.apps.giotto.*,ptolemy.apps.ia.*,ptolemy.apps.interfaces.*,ptolemy.apps.jmf.*,ptolemy.apps.kurt.*,ptolemy.apps.kvm.*,ptolemy.apps.lego.*,ptolemy.apps.lejos.*,ptolemy.apps.midp.*,ptolemy.apps.mobileCoding.*,ptolemy.apps.pendulum.*,ptolemy.apps.rijndael.*,ptolemy.apps.robot.*,ptolemy.apps.security.*,ptolemy.apps.sobel.*,ptolemy.apps.soot.*,ptolemy.apps.throttle.*,ptolemy.apps.tini.*,ptolemy.apps.transmission.*,ptolemy.apps.vergil.*,ptolemy.apps.waba.*,ptolemy.apps.websensor.*,ptolemy.apps.webstart.*,ptolemy.apps.xsl.*,ptolemy.apps.zaurus.*,ptolemy.codegen.c.actor.lib.oldJavaFiles.*,ptolemy.codegen.dsp.lib.*,ptolemy.codegen.kernel.newInterfaces.*,ptolemy.codegen.lib.*,ptolemy.copernicus.kernel.fragment.*,ptolemy.copernicus.shallow.cg.*,ptolemy.domains.giotto.demo.Hierarchy.Hierarchy.*,ptolemy.domains.giotto.demo.Multimode.Multimode.*,ptolemy.domains.giotto.demo.Simple.Simple.*,ptolemy.domains.gr.lib.experimental.*,ptolemy.domains.gro.*,ptolemy.domains.pdf.*,ptolemy.domains.ptinyos.demo.Surge.output.*,ptolemy.moml.test.NoPackageActor.java*,ptolemy.plot.adm.*,ptolemy.plot.servlet.*,reports.*,signed.*,src.*,target.*,vendors.*,ptolemy.copernicus.applet.*,ptolemy.media.viewer.*,ptolemy.actor.corba.*,doc.doclets.*,ptolemy.apps.eclipse.awt.*,ptolemy.backtrack.*,ptolemy.backtrack.ast.*,ptolemy.cg.adapter.generic.program.procedural.c.mbed*,ptolemy.homer.*,ptolemy.actor.lib.jai.*,org.ptolemy.scala.*,diva.util.java2d.svg.*,ptolemy.domains.ptinyos.*,ptolemy.actor.lib.fmi.fmipp.*,,org.terraswarm.accessor.accessors.web.node_modules.*,org.terraswarm.accessor.accessors-svn,ptolemy.apps.*,ptolemy.actor.ptalon.demo.ptinyos.SendAndReceiveCnt.output,ptolemy.actor.ptalon.demo.ptinyos.SenseToLeds.output,ptolemy.domains.ptinyos.demo.CntToLedsAndRfm.output,ptolemy.domains.ptinyos.demo.RfmToLeds.output,ptolemy.domains.ptinyos.demo.SendAndReceiveCnt.output,ptolemy.domains.ptinyos.demo.SenseToLeds.output,ptolemy.actor.lib.jjs.modules.udpSocket.*" />
    <property name="env.PTII" value="/home/travis/build/icyphy/ptII" />
    <property name="env.XDG_SESSION_ID" value="2" />
    <property name="keystore" value="ptKeystore" />
    <property name="env.TRAVIS_COMMIT_MESSAGE" value="Updated occupancy" />
    <property name="junit.output.dir" value="/home/travis/build/icyphy/ptII/reports/junit" />
    <property name="npm.return.code" value="0" />
    <property name="user.dir" value="/home/travis/build/icyphy/ptII/ptolemy/domains/de/test" />
    <property name="env.TRAVIS_NODE_VERSION" value="7" />
    <property name="env.TRAVIS_EVENT_TYPE" value="cron" />
    <property name="env.MAIL" value="/var/mail/travis" />
    <property name="env.PERLBREW_ROOT" value="/home/travis/perl5/perlbrew" />
    <property name="env.PWD" value="/home/travis/build/icyphy/ptII" />
    <property name="timeout.npm" value="45000" />
    <property name="env.PT_TRAVIS_TEST_CORE2_XML" value="true" />
    <property name="env.TRAVIS_ARCH" value="amd64" />
    <property name="sun.cpu.endian" value="little" />
    <property name="env.PAGER" value="cat" />
    <property name="env.TRAVIS_BUILD_STAGE_NAME" value="Test" />
    <property name="env.PERLBREW_HOME" value="/home/travis/.perlbrew" />
    <property name="java.vm.version" value="11.0.2+9" />
    <property name="env.RAILS_ENV" value="test" />
    <property name="java.class.path" value="/home/travis/build/icyphy/ptII:/home/travis/build/icyphy/ptII/lib/bsh-2.0b4.jar:/home/travis/build/icyphy/ptII/lib/ptCal.jar:/home/travis/build/icyphy/ptII/lib/java_cup.jar:/home/travis/build/icyphy/ptII/lib/saxon8.jar:/home/travis/build/icyphy/ptII/lib/saxon8-dom.jar:/home/travis/build/icyphy/ptII/lib/chic.jar:/home/travis/build/icyphy/ptII/lib/ptcolt.jar:/home/travis/build/icyphy/ptII/vendors/misc/itext/iText.jar:/home/travis/build/icyphy/ptII/lib/g4ltl.jar:/home/travis/build/icyphy/ptII/lib/StructuralCoder.jar:/home/travis/build/icyphy/ptII/lib/jcerti.jar:/home/travis/build/icyphy/ptII/lib/javax.mail.jar:/home/travis/build/icyphy/ptII/vendors/JMF-2.1.1e/lib/jmf.jar:/home/travis/build/icyphy/ptII/lib/jna-4.0.0-variadic.jar:/home/travis/build/icyphy/ptII/vendors/misc/joystick/Joystick.jar:/home/travis/build/icyphy/ptII/lib/ptjacl.jar:/home/travis/build/icyphy/ptII/lib/jsoup-1.8.2.jar:/home/travis/build/icyphy/ptII/lib/junit-4.8.2.jar:/home/travis/build/icyphy/ptII/lib/JUnitParams-0.4.0.jar:/home/travis/build/icyphy/ptII/ptolemy/actor/lib/excel/jxl.jar:/home/travis/build/icyphy/ptII/lib/jython.jar:/home/travis/build/icyphy/ptII/lib/kieler.jar:/home/travis/build/icyphy/ptII/vendors/opencv/share/OpenCV/java/opencv-341.jar:/home/travis/build/icyphy/ptII/lib/oscP5.jar:/home/travis/build/icyphy/ptII/lib/nrjavaserial-3.11.0.devel.jar:/home/travis/build/icyphy/ptII/vendors/j3d/lib/Linux/j3dcore.jar:/home/travis/build/icyphy/ptII/vendors/j3d/lib/Linux/j3dutils.jar:/home/travis/build/icyphy/ptII/vendors/j3d/lib/Linux/vecmath.jar:/home/travis/build/icyphy/ptII/vendors/jogl/lib/Linux/gluegen-rt-natives-linux-amd64.jar:/home/travis/build/icyphy/ptII/vendors/jogl/lib/Linux/gluegen-rt.jar:/home/travis/build/icyphy/ptII/vendors/jogl/lib/Linux/jogl-all-natives-linux-amd64.jar:/home/travis/build/icyphy/ptII/vendors/jogl/lib/Linux/jogl-all.jar:/home/travis/build/icyphy/ptII/ptolemy/distributed/jini/jar/jini-core.jar:/home/travis/build/icyphy/ptII/ptolemy/distributed/jini/jar/jini-ext.jar:/home/travis/build/icyphy/ptII/ptolemy/distributed/jini/jar/sun-util.jar:/home/travis/build/icyphy/ptII/lib/protobuf-java-2.4.1.jar:/home/travis/build/icyphy/ptII/lib/org.eclipse.paho.client.mqttv3.jar:/home/travis/build/icyphy/ptII/lib/mapss.jar:/home/travis/build/icyphy/ptII/ptolemy/actor/ptalon/antlr/antlr.jar:/home/travis/build/icyphy/ptII/lib/JRI.jar:/home/travis/build/icyphy/ptII/lib/commons-lang-2.6.jar:/home/travis/build/icyphy/ptII/lib/commons-logging-1.1.1.jar:/home/travis/build/icyphy/ptII/lib/sootclasses.jar:/home/travis/build/icyphy/ptII/ptolemy/actor/lib/database/mysql-connector-java-5.1.6-bin.jar:/home/travis/build/icyphy/ptII/vendors/misc/sphinx4/sphinx4-data-5prealpha.jar:/home/travis/build/icyphy/ptII/vendors/misc/sphinx4/sphinx4-core-5prealpha.jar:/home/travis/build/icyphy/ptII/lib/PDFRenderer.jar:/home/travis/build/icyphy/ptII/lib/svgSalamander.jar:/home/travis/build/icyphy/ptII/lib/rsyntaxtextarea-2.6.0-SNAPSHOT.jar:/home/travis/build/icyphy/ptII/lib/hazelcast-3.8.2.jar:/home/travis/build/icyphy/ptII/lib/jackson-annotations-2.9.0.jar:/home/travis/build/icyphy/ptII/lib/jackson-core-2.9.3.jar:/home/travis/build/icyphy/ptII/lib/jackson-databind-2.9.3.jar:/home/travis/build/icyphy/ptII/lib/netty-buffer-4.1.19.Final.jar:/home/travis/build/icyphy/ptII/lib/netty-codec-4.1.19.Final.jar:/home/travis/build/icyphy/ptII/lib/netty-codec-dns-4.1.19.Final.jar:/home/travis/build/icyphy/ptII/lib/netty-codec-http-4.1.19.Final.jar:/home/travis/build/icyphy/ptII/lib/netty-codec-http2-4.1.19.Final.jar:/home/travis/build/icyphy/ptII/lib/netty-common-4.1.19.Final.jar:/home/travis/build/icyphy/ptII/lib/netty-handler-4.1.19.Final.jar:/home/travis/build/icyphy/ptII/lib/netty-resolver-4.1.19.Final.jar:/home/travis/build/icyphy/ptII/lib/netty-resolver-dns-4.1.19.Final.jar:/home/travis/build/icyphy/ptII/lib/netty-transport-4.1.19.Final.jar:/home/travis/build/icyphy/ptII/lib/vertx-codegen-3.5.1.jar:/home/travis/build/icyphy/ptII/lib/vertx-core-3.5.2-SNAPSHOT.jar:/home/travis/build/icyphy/ptII/lib/vertx-hazelcast-3.5.1.jar:/home/travis/build/icyphy/ptII/lib/vertx-lang-js-3.5.1.jar:/home/travis/build/icyphy/ptII/lib/vertx-service-proxy-3.5.1.jar:/home/travis/build/icyphy/ptII/lib/vertx-web-3.5.1.jar:/home/travis/build/icyphy/ptII/lib/slf4j-api-1.7.13.jar:/home/travis/build/icyphy/ptII/lib/slf4j-simple-1.7.13.jar:/home/travis/build/icyphy/ptII/lib/webcam-capture-0.3.12.jar:/home/travis/build/icyphy/ptII/lib/bridj-0.7.0.jar:/home/travis/build/icyphy/ptII/lib/xbjlib-1.1.0.nrjavaserial.jar:/home/travis/build/icyphy/ptII/ptolemy/moml/test:/home/travis/build/icyphy/ptII/ant/lib/ant-launcher.jar:/home/travis/build/icyphy/ptII/ant/lib/ant.jar:/home/travis/build/icyphy/ptII/ant/lib/ant-junit.jar:/home/travis/build/icyphy/ptII/ant/lib/ant-junit4.jar" />
    <property name="ant.library.dir" value="/home/travis/build/icyphy/ptII/ant/lib" />
    <property name="os.arch" value="amd64" />
    <property name="env.CONTINUOUS_INTEGRATION" value="true" />
    <property name="env.TRAVIS_LANGUAGE" value="node_js" />
    <property name="env.TRAVIS_STACK_LANGUAGES" value="__sardonyx__ c c++ clojure cplusplus cpp default generic go groovy java node_js php pure_java python ruby scala" />
    <property name="test.name" value="ptolemy.actor.lib.test.junit.JUnitTclTest" />
    <property name="env.APT_KEY_DONT_WARN_ON_DANGEROUS_USAGE" value="1" />
    <property name="sun.java.launcher" value="SUN_STANDARD" />
    <property name="env.PYTHON_CONFIGURE_OPTS" value="--enable-unicode=ucs4 --with-wide-unicode --enable-shared --enable-ipv6 --enable-loadable-sqlite-extensions --with-computed-gotos" />
    <property name="ant.core.lib" value="/home/travis/build/icyphy/ptII/ant/lib/ant.jar" />
    <property name="java.vm.specification.vendor" value="Oracle Corporation" />
    <property name="env.BCVTB_HOME" value="/home/travis/build/icyphy/ptII/lbnl" />
    <property name="file.separator" value="/" />
    <property name="spotbugs.home" value="/home/travis/build/icyphy/ptII/vendors/spotbugs-3.1.1" />
    <property name="java.runtime.version" value="11.0.2+9" />
    <property name="env.ANSI_CLEAR" value="\033[0K" />
    <property name="javafx.verbose" value="true" />
    <property name="env.HAS_JOSH_K_SEAL_OF_APPROVAL" value="true" />
    <property name="env.XDG_RUNTIME_DIR" value="/run/user/2000" />
    <property name="env.TRAVIS_OSX_IMAGE" value="" />
    <property name="env.TRAVIS_JOB_ID" value="604278229" />
    <property name="env.TRAVIS_BRANCH" value="master" />
    <property name="user.country" value="US" />
    <property name="env.CERTI_HOME_TRAVIS" value="/home/travis/pthla/certi-tools" />
    <property name="env.SHELL" value="/bin/bash" />
    <property name="java.maxmemory.large" value="3200m" />
    <property name="model" value="" />
    <property name="env.CASHER_DIR" value="/home/travis/.casher" />
    <property name="env.NVM_CD_FLAGS" value="" />
    <property name="java.vendor.version" value="18.9" />
    <property name="jshint.executable" value="/home/travis/node_modules/jshint/bin/jshint" />
    <property name="env.JRUBY_OPTS" value=" --client -J-XX:+TieredCompilation -J-XX:TieredStopAtLevel=1 -J-Xss2m -Xcompile.invokedynamic=false" />
    <property name="java.vendor" value="Oracle Corporation" />
    <property name="env.TRAVIS_PRE_CHEF_BOOTSTRAP_TIME" value="2019-03-25T16:16:42" />
    <property name="env.TRAVIS_STACK_JOB_BOARD_REGISTER" value="/.job-board-register.yml" />
    <property name="env.ANSI_RED" value="\033[31;1m" />
    <property name="java.specification.version" value="11" />
    <property name="env.IRBRC" value="/home/travis/.rvm/rubies/ruby-2.5.3/.irbrc" />
    <property name="env.TRAVIS" value="true" />
    <property name="sun.arch.data.model" value="64" />
  </properties>
  <testcase classname="ptolemy.util.test.junit.TclTests" name="[0] /home/travis/build/icyphy/ptII/ptolemy/domains/de/test/DependencyLoop.tcl (RunTclFile)" time="1.118" />
  <testcase classname="ptolemy.util.test.junit.TclTests" name="[1] /home/travis/build/icyphy/ptII/ptolemy/domains/de/test/RunDETestsAsQSS.tcl (RunTclFile)" time="98.088" />
  <testcase classname="ptolemy.util.test.junit.AutoKnownFailedTests" name="[0] /home/travis/build/icyphy/ptII/ptolemy/domains/de/test/auto/knownFailedTests/DESDFClockTest.xml (RunModel)" time="2.047" />
  <testcase classname="ptolemy.util.test.junit.AutoKnownFailedTests" name="[1] /home/travis/build/icyphy/ptII/ptolemy/domains/de/test/auto/knownFailedTests/DirectFeedback.xml (RunModel)" time="0.026" />
  <testcase classname="ptolemy.util.test.junit.AutoKnownFailedTests" name="[2] /home/travis/build/icyphy/ptII/ptolemy/domains/de/test/auto/knownFailedTests/FSMSource.xml (RunModel)" time="0.04" />
  <testcase classname="ptolemy.util.test.junit.AutoKnownFailedTests" name="[3] /home/travis/build/icyphy/ptII/ptolemy/domains/de/test/auto/knownFailedTests/HierarchicalModel.xml (RunModel)" time="0.053" />
  <testcase classname="ptolemy.util.test.junit.AutoKnownFailedTests" name="[4] /home/travis/build/icyphy/ptII/ptolemy/domains/de/test/auto/knownFailedTests/dependencyLoop.xml (RunModel)" time="0.043" />
  <testcase classname="ptolemy.util.test.junit.AutoKnownFailedTests" name="[5] /home/travis/build/icyphy/ptII/ptolemy/domains/de/test/auto/knownFailedTests/dependencyLoop2.xml (RunModel)" time="0.048" />
  <testcase classname="ptolemy.util.test.junit.AutoNameArchTests" name="[0] ThereAreNoAutoArchTests (RunModel)" time="0.005" />
  <testcase classname="ptolemy.util.test.junit.AutoTests" name="[0] /home/travis/build/icyphy/ptII/ptolemy/domains/de/test/auto/ActorDepthCalculation_actorWithoutPorts.xml (RunModel)" time="0.024" />
  <testcase classname="ptolemy.util.test.junit.AutoTests" name="[1] /home/travis/build/icyphy/ptII/ptolemy/domains/de/test/auto/AssemblyLine.xml (RunModel)" time="0.035" />
  <testcase classname="ptolemy.util.test.junit.AutoTests" name="[2] /home/travis/build/icyphy/ptII/ptolemy/domains/de/test/auto/CQBug1.xml (RunModel)" time="0.012" />
  <testcase classname="ptolemy.util.test.junit.AutoTests" name="[3] /home/travis/build/icyphy/ptII/ptolemy/domains/de/test/auto/CancelFireAt.xml (RunModel)" time="0.015" />
  <testcase classname="ptolemy.util.test.junit.AutoTests" name="[4] /home/travis/build/icyphy/ptII/ptolemy/domains/de/test/auto/CausalityAndComposabilityAnalysis.xml (RunModel)" time="0.021" />
  <testcase classname="ptolemy.util.test.junit.AutoTests" name="[5] /home/travis/build/icyphy/ptII/ptolemy/domains/de/test/auto/CausalityInterface1.xml (RunModel)" time="0.029" />
  <testcase classname="ptolemy.util.test.junit.AutoTests" name="[6] /home/travis/build/icyphy/ptII/ptolemy/domains/de/test/auto/CausalityInterface15.xml (RunModel)" time="0.026" />
  <testcase classname="ptolemy.util.test.junit.AutoTests" name="[7] /home/travis/build/icyphy/ptII/ptolemy/domains/de/test/auto/CausalityInterface2.xml (RunModel)" time="0.027" />
  <testcase classname="ptolemy.util.test.junit.AutoTests" name="[8] /home/travis/build/icyphy/ptII/ptolemy/domains/de/test/auto/CausalityInterface3.xml (RunModel)" time="0.017" />
  <testcase classname="ptolemy.util.test.junit.AutoTests" name="[9] /home/travis/build/icyphy/ptII/ptolemy/domains/de/test/auto/ClockDrift.xml (RunModel)" time="0.042" />
  <testcase classname="ptolemy.util.test.junit.AutoTests" name="[10] /home/travis/build/icyphy/ptII/ptolemy/domains/de/test/auto/ClockDriftAndValueChange.xml (RunModel)" time="0.04" />
  <testcase classname="ptolemy.util.test.junit.AutoTests" name="[11] /home/travis/build/icyphy/ptII/ptolemy/domains/de/test/auto/ClockDriftChange.xml (RunModel)" time="0.04" />
  <testcase classname="ptolemy.util.test.junit.AutoTests" name="[12] /home/travis/build/icyphy/ptII/ptolemy/domains/de/test/auto/ComposableCausalityAnalysis.xml (RunModel)" time="0.021" />
  <testcase classname="ptolemy.util.test.junit.AutoTests" name="[13] /home/travis/build/icyphy/ptII/ptolemy/domains/de/test/auto/DEFixedPointLimitation.xml (RunModel)" time="0.018" />
  <testcase classname="ptolemy.util.test.junit.AutoTests" name="[14] /home/travis/build/icyphy/ptII/ptolemy/domains/de/test/auto/DEScheduleTest.xml (RunModel)" time="0.028" />
  <testcase classname="ptolemy.util.test.junit.AutoTests" name="[15] /home/travis/build/icyphy/ptII/ptolemy/domains/de/test/auto/DEinDEwithStartTimes.xml (RunModel)" time="0.037" />
  <testcase classname="ptolemy.util.test.junit.AutoTests" name="[16] /home/travis/build/icyphy/ptII/ptolemy/domains/de/test/auto/DEinDEwithStartTimes2.xml (RunModel)" time="0.018" />
  <testcase classname="ptolemy.util.test.junit.AutoTests" name="[17] /home/travis/build/icyphy/ptII/ptolemy/domains/de/test/auto/DateDemo.xml (RunModel)" time="0.039" />
  <testcase classname="ptolemy.util.test.junit.AutoTests" name="[18] /home/travis/build/icyphy/ptII/ptolemy/domains/de/test/auto/DateToEvent.xml (RunModel)" time="2.05" />
  <testcase classname="ptolemy.util.test.junit.AutoTests" name="[19] /home/travis/build/icyphy/ptII/ptolemy/domains/de/test/auto/DepthTest1.xml (RunModel)" time="0.011" />
  <testcase classname="ptolemy.util.test.junit.AutoTests" name="[20] /home/travis/build/icyphy/ptII/ptolemy/domains/de/test/auto/DepthTest2.xml (RunModel)" time="0.027" />
  <testcase classname="ptolemy.util.test.junit.AutoTests" name="[21] /home/travis/build/icyphy/ptII/ptolemy/domains/de/test/auto/DepthTest3.xml (RunModel)" time="0.011" />
  <testcase classname="ptolemy.util.test.junit.AutoTests" name="[22] /home/travis/build/icyphy/ptII/ptolemy/domains/de/test/auto/DepthTest4.xml (RunModel)" time="0.025" />
  <testcase classname="ptolemy.util.test.junit.AutoTests" name="[23] /home/travis/build/icyphy/ptII/ptolemy/domains/de/test/auto/DepthTest5.xml (RunModel)" time="0.031" />
  <testcase classname="ptolemy.util.test.junit.AutoTests" name="[24] /home/travis/build/icyphy/ptII/ptolemy/domains/de/test/auto/DepthTest6.xml (RunModel)" time="0.018" />
  <testcase classname="ptolemy.util.test.junit.AutoTests" name="[25] /home/travis/build/icyphy/ptII/ptolemy/domains/de/test/auto/DepthTest7.xml (RunModel)" time="0.021" />
  <testcase classname="ptolemy.util.test.junit.AutoTests" name="[26] /home/travis/build/icyphy/ptII/ptolemy/domains/de/test/auto/EventToDate.xml (RunModel)" time="3.039" />
  <testcase classname="ptolemy.util.test.junit.AutoTests" name="[27] /home/travis/build/icyphy/ptII/ptolemy/domains/de/test/auto/FSM1.xml (RunModel)" time="0.043" />
  <testcase classname="ptolemy.util.test.junit.AutoTests" name="[28] /home/travis/build/icyphy/ptII/ptolemy/domains/de/test/auto/FSM7.xml (RunModel)" time="0.046" />
  <testcase classname="ptolemy.util.test.junit.AutoTests" name="[29] /home/travis/build/icyphy/ptII/ptolemy/domains/de/test/auto/Inspection.xml (RunModel)" time="0.053" />
  <testcase classname="ptolemy.util.test.junit.AutoTests" name="[30] /home/travis/build/icyphy/ptII/ptolemy/domains/de/test/auto/Iteration.xml (RunModel)" time="0.026" />
  <testcase classname="ptolemy.util.test.junit.AutoTests" name="[31] /home/travis/build/icyphy/ptII/ptolemy/domains/de/test/auto/LineFault.xml (RunModel)" time="0.718" />
  <testcase classname="ptolemy.util.test.junit.AutoTests" name="[32] /home/travis/build/icyphy/ptII/ptolemy/domains/de/test/auto/MergeModel1Add.xml (RunModel)" time="0.069" />
  <testcase classname="ptolemy.util.test.junit.AutoTests" name="[33] /home/travis/build/icyphy/ptII/ptolemy/domains/de/test/auto/MergeModel2Add.xml (RunModel)" time="0.048" />
  <testcase classname="ptolemy.util.test.junit.AutoTests" name="[34] /home/travis/build/icyphy/ptII/ptolemy/domains/de/test/auto/MergeModel3Add.xml (RunModel)" time="0.049" />
  <testcase classname="ptolemy.util.test.junit.AutoTests" name="[35] /home/travis/build/icyphy/ptII/ptolemy/domains/de/test/auto/MergeWithoutDiscard.xml (RunModel)" time="0.022" />
  <testcase classname="ptolemy.util.test.junit.AutoTests" name="[36] /home/travis/build/icyphy/ptII/ptolemy/domains/de/test/auto/Modal1.xml (RunModel)" time="0.04" />
  <testcase classname="ptolemy.util.test.junit.AutoTests" name="[37] /home/travis/build/icyphy/ptII/ptolemy/domains/de/test/auto/Modal2.xml (RunModel)" time="0.034" />
  <testcase classname="ptolemy.util.test.junit.AutoTests" name="[38] /home/travis/build/icyphy/ptII/ptolemy/domains/de/test/auto/Modal3.xml (RunModel)" time="0.048" />
  <testcase classname="ptolemy.util.test.junit.AutoTests" name="[39] /home/travis/build/icyphy/ptII/ptolemy/domains/de/test/auto/Modal4.xml (RunModel)" time="0.043" />
  <testcase classname="ptolemy.util.test.junit.AutoTests" name="[40] /home/travis/build/icyphy/ptII/ptolemy/domains/de/test/auto/Modal5.xml (RunModel)" time="0.037" />
  <testcase classname="ptolemy.util.test.junit.AutoTests" name="[41] /home/travis/build/icyphy/ptII/ptolemy/domains/de/test/auto/Modal6.xml (RunModel)" time="0.043" />
  <testcase classname="ptolemy.util.test.junit.AutoTests" name="[42] /home/travis/build/icyphy/ptII/ptolemy/domains/de/test/auto/Modal7.xml (RunModel)" time="0.032" />
  <testcase classname="ptolemy.util.test.junit.AutoTests" name="[43] /home/travis/build/icyphy/ptII/ptolemy/domains/de/test/auto/ModalModel.xml (RunModel)" time="0.2" />
  <testcase classname="ptolemy.util.test.junit.AutoTests" name="[44] /home/travis/build/icyphy/ptII/ptolemy/domains/de/test/auto/ModalSource.xml (RunModel)" time="0.025" />
  <testcase classname="ptolemy.util.test.junit.AutoTests" name="[45] /home/travis/build/icyphy/ptII/ptolemy/domains/de/test/auto/NonInterruptibleTimerZeroDelay.xml (RunModel)" time="0.011" />
  <testcase classname="ptolemy.util.test.junit.AutoTests" name="[46] /home/travis/build/icyphy/ptII/ptolemy/domains/de/test/auto/OpenQueueingNetwork.xml (RunModel)" time="2.851" />
  <testcase classname="ptolemy.util.test.junit.AutoTests" name="[47] /home/travis/build/icyphy/ptII/ptolemy/domains/de/test/auto/OpenQueuingNetwork.xml (RunModel)" time="0.316" />
  <testcase classname="ptolemy.util.test.junit.AutoTests" name="[48] /home/travis/build/icyphy/ptII/ptolemy/domains/de/test/auto/PeriodicSampler.xml (RunModel)" time="0.018" />
  <testcase classname="ptolemy.util.test.junit.AutoTests" name="[49] /home/travis/build/icyphy/ptII/ptolemy/domains/de/test/auto/PersistentIO.xml (RunModel)" time="0.029" />
  <testcase classname="ptolemy.util.test.junit.AutoTests" name="[50] /home/travis/build/icyphy/ptII/ptolemy/domains/de/test/auto/PortParameterResetOnInitialize.xml (RunModel)" time="0.011" />
  <testcase classname="ptolemy.util.test.junit.AutoTests" name="[51] /home/travis/build/icyphy/ptII/ptolemy/domains/de/test/auto/PortParameterUpdates.xml (RunModel)" time="0.016" />
  <testcase classname="ptolemy.util.test.junit.AutoTests" name="[52] /home/travis/build/icyphy/ptII/ptolemy/domains/de/test/auto/QueueAndServer.xml (RunModel)" time="0.027" />
  <testcase classname="ptolemy.util.test.junit.AutoTests" name="[53] /home/travis/build/icyphy/ptII/ptolemy/domains/de/test/auto/Records.xml (RunModel)" time="0.021" />
  <testcase classname="ptolemy.util.test.junit.AutoTests" name="[54] /home/travis/build/icyphy/ptII/ptolemy/domains/de/test/auto/ResetTransitionWithStartTime1.xml (RunModel)" time="0.022" />
  <testcase classname="ptolemy.util.test.junit.AutoTests" name="[55] /home/travis/build/icyphy/ptII/ptolemy/domains/de/test/auto/ResetTransitionWithStartTime2.xml (RunModel)" time="0.024" />
  <testcase classname="ptolemy.util.test.junit.AutoTests" name="[56] /home/travis/build/icyphy/ptII/ptolemy/domains/de/test/auto/ResetTransitionWithStartTime3.xml (RunModel)" time="0.025" />
  <testcase classname="ptolemy.util.test.junit.AutoTests" name="[57] /home/travis/build/icyphy/ptII/ptolemy/domains/de/test/auto/ResetTransitionWithStartTime4.xml (RunModel)" time="0.021" />
  <testcase classname="ptolemy.util.test.junit.AutoTests" name="[58] /home/travis/build/icyphy/ptII/ptolemy/domains/de/test/auto/ResettableTimer1.xml (RunModel)" time="0.012" />
  <testcase classname="ptolemy.util.test.junit.AutoTests" name="[59] /home/travis/build/icyphy/ptII/ptolemy/domains/de/test/auto/ResettableTimer2.xml (RunModel)" time="0.011" />
  <testcase classname="ptolemy.util.test.junit.AutoTests" name="[60] /home/travis/build/icyphy/ptII/ptolemy/domains/de/test/auto/ResettableTimer3.xml (RunModel)" time="0.01" />
  <testcase classname="ptolemy.util.test.junit.AutoTests" name="[61] /home/travis/build/icyphy/ptII/ptolemy/domains/de/test/auto/ResettableTimer4.xml (RunModel)" time="0.016" />
  <testcase classname="ptolemy.util.test.junit.AutoTests" name="[62] /home/travis/build/icyphy/ptII/ptolemy/domains/de/test/auto/ResettableTimer5.xml (RunModel)" time="0.016" />
  <testcase classname="ptolemy.util.test.junit.AutoTests" name="[63] /home/travis/build/icyphy/ptII/ptolemy/domains/de/test/auto/ResettableTimer6.xml (RunModel)" time="0.02" />
  <testcase classname="ptolemy.util.test.junit.AutoTests" name="[64] /home/travis/build/icyphy/ptII/ptolemy/domains/de/test/auto/ServerZeroDelay.xml (RunModel)" time="0.013" />
  <testcase classname="ptolemy.util.test.junit.AutoTests" name="[65] /home/travis/build/icyphy/ptII/ptolemy/domains/de/test/auto/SmartSender.xml (RunModel)" time="3.013" />
  <testcase classname="ptolemy.util.test.junit.AutoTests" name="[66] /home/travis/build/icyphy/ptII/ptolemy/domains/de/test/auto/ThreadedComposite.xml (RunModel)" time="0.143" />
  <testcase classname="ptolemy.util.test.junit.AutoTests" name="[67] /home/travis/build/icyphy/ptII/ptolemy/domains/de/test/auto/Time.xml (RunModel)" time="0.521" />
  <testcase classname="ptolemy.util.test.junit.AutoTests" name="[68] /home/travis/build/icyphy/ptII/ptolemy/domains/de/test/auto/TimeDelayZeroDelay.xml (RunModel)" time="0.028" />
  <testcase classname="ptolemy.util.test.junit.AutoTests" name="[69] /home/travis/build/icyphy/ptII/ptolemy/domains/de/test/auto/TimerZeroDelay.xml (RunModel)" time="0.013" />
  <testcase classname="ptolemy.util.test.junit.AutoTests" name="[70] /home/travis/build/icyphy/ptII/ptolemy/domains/de/test/auto/TimingParadox.xml (RunModel)" time="0.415" />
  <testcase classname="ptolemy.util.test.junit.AutoTests" name="[71] /home/travis/build/icyphy/ptII/ptolemy/domains/de/test/auto/TransferInputs.xml (RunModel)" time="0.019" />
  <testcase classname="ptolemy.util.test.junit.AutoTests" name="[72] /home/travis/build/icyphy/ptII/ptolemy/domains/de/test/auto/TransferOutputs2.xml (RunModel)" time="0.017" />
  <testcase classname="ptolemy.util.test.junit.AutoTests" name="[73] /home/travis/build/icyphy/ptII/ptolemy/domains/de/test/auto/Trilateration.xml (RunModel)" time="13.808" />
  <testcase classname="ptolemy.util.test.junit.AutoTests" name="[74] /home/travis/build/icyphy/ptII/ptolemy/domains/de/test/auto/TwoSigmaDelta.xml (RunModel)" time="2.303" />
  <testcase classname="ptolemy.util.test.junit.AutoTests" name="[75] /home/travis/build/icyphy/ptII/ptolemy/domains/de/test/auto/VariableDelay.xml (RunModel)" time="0.015" />
  <testcase classname="ptolemy.util.test.junit.AutoTests" name="[76] /home/travis/build/icyphy/ptII/ptolemy/domains/de/test/auto/VariableDelay2.xml (RunModel)" time="0.011" />
  <testcase classname="ptolemy.util.test.junit.AutoTests" name="[77] /home/travis/build/icyphy/ptII/ptolemy/domains/de/test/auto/VariableDelayZeroDelay.xml (RunModel)" time="0.016" />
  <testcase classname="ptolemy.util.test.junit.AutoTests" name="[78] /home/travis/build/icyphy/ptII/ptolemy/domains/de/test/auto/VariableDelayZeroDelay2.xml (RunModel)" time="0.012" />
  <testcase classname="ptolemy.util.test.junit.AutoTests" name="[79] /home/travis/build/icyphy/ptII/ptolemy/domains/de/test/auto/deInCt.xml (RunModel)" time="0.02" />
  <testcase classname="ptolemy.util.test.junit.AutoTests" name="[80] /home/travis/build/icyphy/ptII/ptolemy/domains/de/test/auto/deInCt2.xml (RunModel)" time="0.025" />
  <testcase classname="ptolemy.util.test.junit.AutoTests" name="[81] /home/travis/build/icyphy/ptII/ptolemy/domains/de/test/auto/dynamicCausalityInterface1.xml (RunModel)" time="0.02" />
  <testcase classname="ptolemy.util.test.junit.AutoTests" name="[82] /home/travis/build/icyphy/ptII/ptolemy/domains/de/test/auto/fsm_de_test.xml (RunModel)" time="0.03" />
  <testcase classname="ptolemy.util.test.junit.AutoTests" name="[83] /home/travis/build/icyphy/ptII/ptolemy/domains/de/test/auto/functionDependencyReconstruction.xml (RunModel)" time="0.036" />
  <testcase classname="ptolemy.util.test.junit.AutoTests" name="[84] /home/travis/build/icyphy/ptII/ptolemy/domains/de/test/auto/multirate.xml (RunModel)" time="0.016" />
  <testcase classname="ptolemy.util.test.junit.AutoTests" name="[85] /home/travis/build/icyphy/ptII/ptolemy/domains/de/test/auto/multirate2.xml (RunModel)" time="0.019" />
  <testcase classname="ptolemy.util.test.junit.AutoTests" name="[86] /home/travis/build/icyphy/ptII/ptolemy/domains/de/test/auto/realtime.xml (RunModel)" time="10.011" />
  <testcase classname="ptolemy.util.test.junit.AutoTests" name="[87] /home/travis/build/icyphy/ptII/ptolemy/domains/de/test/auto/relationGroup.xml (RunModel)" time="0.014" />
  <testcase classname="ptolemy.util.test.junit.AutoTests" name="[88] /home/travis/build/icyphy/ptII/ptolemy/domains/de/test/auto/relationGroup2.xml (RunModel)" time="0.009" />
  <testcase classname="ptolemy.util.test.junit.AutoTests" name="[89] /home/travis/build/icyphy/ptII/ptolemy/domains/de/test/auto/sortWithOpaquePorts.xml (RunModel)" time="0.017" />
  <testcase classname="ptolemy.util.test.junit.AutoTests" name="[90] /home/travis/build/icyphy/ptII/ptolemy/domains/de/test/auto/transferInputsandOutputs.xml (RunModel)" time="0.029" />
  <testcase classname="ptolemy.util.test.junit.AutoTests" name="[91] /home/travis/build/icyphy/ptII/ptolemy/domains/de/test/auto/triggerType.xml (RunModel)" time="0.01" />
  <system-out><![CDATA[/home/travis/build/icyphy/ptII/ptolemy/domains/de/test/DependencyLoop.tcl
testDefs.tcl: setting time out to 9000 seconds at Tue Oct 29 06:09:31 UTC 2019
103 ms. Memory: 120832K Free: 72008K (60%)
14 ms. Memory: 120832K Free: 54600K (45%)
/home/travis/build/icyphy/ptII/ptolemy/domains/de/test/RunDETestsAsQSS.tcl
Run the DE tests using ptolemy.domains.qss.test.QSSDirectorTest, which extends QSSDirector and prints a message in the constructors.
------------------ testing $PTII/ptolemy/domains/de/test/auto/knownFailedTests/DirectFeedback.xml (Known Failure) 
81 ms. Memory: 120832K Free: 48970K (41%)


==== $PTIIhome/travis/build/icyphy/ptII/ptolemy/domains/de/test/../../../../: Auto Automatic test in file $PTII/ptolemy/domains/de/test/auto/knownFailedTests/DirectFeedback.xml
==== Contents of test case:

	    # FIXME: we should use $relativeFilename here, but it
	    # might have backslashes under Windows, which causes no end
	    # of trouble.
	    createAndExecute $file
	    list {}
	
.... Test generated KNOWN error:
    while executing
ptolemy.kernel.util.IllegalActionException: Test fails in iteration 1.
Value was: 1.0. Should have been: 2.0
  in .DirectFeedback.Test
	at ptolemy.actor.lib.Test.fire(Test.java:268)
	at ptolemy.domains.de.kernel.DEDirector._fire(DEDirector.java:1949)
	at ptolemy.domains.de.kernel.DEDirector.fire(DEDirector.java:502)
	at ptolemy.actor.CompositeActor.fire(CompositeActor.java:455)
	at ptolemy.actor.Manager.iterate(Manager.java:851)
	at ptolemy.actor.Manager.execute(Manager.java:369)
	at ptolemy.actor.Manager.run(Manager.java:1263)
	at ptolemy.actor.Manager$PtolemyRunThread.run(Manager.java:1933)

    while executing
ptolemy.kernel.util.IllegalActionException: Test fails in iteration 1.
Value was: 1.0. Should have been: 2.0
  in .DirectFeedback.Test
    while executing
"java::new ptolemy.moml.MoMLSimpleApplication $file
"
    (procedure "createAndExecute" line 2)
    invoked from within
"createAndExecute $file"
    ("uplevel" body line 5)
    invoked from within
"uplevel $contents_of_test"
------------------ testing $PTII/ptolemy/domains/de/test/auto/knownFailedTests/dependencyLoop.xml (Known Failure) 
23 ms. Memory: 120832K Free: 45898K (38%)


==== $PTIIhome/travis/build/icyphy/ptII/ptolemy/domains/de/test/../../../../: Auto Automatic test in file $PTII/ptolemy/domains/de/test/auto/knownFailedTests/dependencyLoop.xml
==== Contents of test case:

	    # FIXME: we should use $relativeFilename here, but it
	    # might have backslashes under Windows, which causes no end
	    # of trouble.
	    createAndExecute $file
	    list {}
	
.... Test generated KNOWN error:
    while executing
ptolemy.kernel.util.IllegalActionException: Found a zero delay loop containing .dependencyLoop.original
  in .dependencyLoop and .dependencyLoop.original
	at ptolemy.actor.util.CausalityInterfaceForComposites._computeOutputPortDepth(CausalityInterfaceForComposites.java:759)
	at ptolemy.actor.util.CausalityInterfaceForComposites._computeInputDepth(CausalityInterfaceForComposites.java:696)
	at ptolemy.actor.util.CausalityInterfaceForComposites._computeOutputPortDepth(CausalityInterfaceForComposites.java:765)
	at ptolemy.actor.util.CausalityInterfaceForComposites._computeInputDepth(CausalityInterfaceForComposites.java:696)
	at ptolemy.actor.util.CausalityInterfaceForComposites._computeOutputPortDepth(CausalityInterfaceForComposites.java:765)
	at ptolemy.actor.util.CausalityInterfaceForComposites._computeInputDepth(CausalityInterfaceForComposites.java:696)
	at ptolemy.actor.util.CausalityInterfaceForComposites._computeActorDepth(CausalityInterfaceForComposites.java:532)
	at ptolemy.actor.util.CausalityInterfaceForComposites.checkForCycles(CausalityInterfaceForComposites.java:96)
	at ptolemy.domains.de.kernel.DEDirector.preinitialize(DEDirector.java:1338)
	at ptolemy.actor.CompositeActor.preinitialize(CompositeActor.java:1828)
	at ptolemy.actor.Manager.preinitializeAndResolveTypes(Manager.java:1040)
	at ptolemy.actor.Manager.initialize(Manager.java:710)
	at ptolemy.actor.Manager.execute(Manager.java:356)
	at ptolemy.actor.Manager.run(Manager.java:1263)
	at ptolemy.actor.Manager$PtolemyRunThread.run(Manager.java:1933)

    while executing
ptolemy.kernel.util.IllegalActionException: Found a zero delay loop containing .dependencyLoop.original
  in .dependencyLoop and .dependencyLoop.original
    while executing
"java::new ptolemy.moml.MoMLSimpleApplication $file
"
    (procedure "createAndExecute" line 2)
    invoked from within
"createAndExecute $file"
    ("uplevel" body line 5)
    invoked from within
"uplevel $contents_of_test"
------------------ testing $PTII/ptolemy/domains/de/test/auto/knownFailedTests/FSMSource.xml (Known Failure) 
94 ms. Memory: 120832K Free: 99606K (82%)
!!!! Auto was marked as failing, but now passes
------------------ testing $PTII/ptolemy/domains/de/test/auto/knownFailedTests/HierarchicalModel.xml (Known Failure) 
15 ms. Memory: 120832K Free: 82230K (68%)


==== $PTIIhome/travis/build/icyphy/ptII/ptolemy/domains/de/test/../../../../: Auto Automatic test in file $PTII/ptolemy/domains/de/test/auto/knownFailedTests/HierarchicalModel.xml
==== Contents of test case:

	    # FIXME: we should use $relativeFilename here, but it
	    # might have backslashes under Windows, which causes no end
	    # of trouble.
	    createAndExecute $file
	    list {}
	
.... Test generated KNOWN error:
    while executing
ptolemy.kernel.util.IllegalActionException: Found a zero delay loop containing .HierarchicalModel.A
  in .HierarchicalModel and .HierarchicalModel.A
	at ptolemy.actor.util.CausalityInterfaceForComposites._computeOutputPortDepth(CausalityInterfaceForComposites.java:759)
	at ptolemy.actor.util.CausalityInterfaceForComposites._computeInputDepth(CausalityInterfaceForComposites.java:696)
	at ptolemy.actor.util.CausalityInterfaceForComposites._computeOutputPortDepth(CausalityInterfaceForComposites.java:765)
	at ptolemy.actor.util.CausalityInterfaceForComposites._computeInputDepth(CausalityInterfaceForComposites.java:696)
	at ptolemy.actor.util.CausalityInterfaceForComposites._computeOutputPortDepth(CausalityInterfaceForComposites.java:765)
	at ptolemy.actor.util.CausalityInterfaceForComposites._computeInputDepth(CausalityInterfaceForComposites.java:696)
	at ptolemy.actor.util.CausalityInterfaceForComposites._computeActorDepth(CausalityInterfaceForComposites.java:532)
	at ptolemy.actor.util.CausalityInterfaceForComposites.checkForCycles(CausalityInterfaceForComposites.java:96)
	at ptolemy.domains.de.kernel.DEDirector.preinitialize(DEDirector.java:1338)
	at ptolemy.actor.CompositeActor.preinitialize(CompositeActor.java:1828)
	at ptolemy.actor.Manager.preinitializeAndResolveTypes(Manager.java:1040)
	at ptolemy.actor.Manager.initialize(Manager.java:710)
	at ptolemy.actor.Manager.execute(Manager.java:356)
	at ptolemy.actor.Manager.run(Manager.java:1263)
	at ptolemy.actor.Manager$PtolemyRunThread.run(Manager.java:1933)

    while executing
ptolemy.kernel.util.IllegalActionException: Found a zero delay loop containing .HierarchicalModel.A
  in .HierarchicalModel and .HierarchicalModel.A
    while executing
"java::new ptolemy.moml.MoMLSimpleApplication $file
"
    (procedure "createAndExecute" line 2)
    invoked from within
"createAndExecute $file"
    ("uplevel" body line 5)
    invoked from within
"uplevel $contents_of_test"
------------------ testing $PTII/ptolemy/domains/de/test/auto/knownFailedTests/dependencyLoop2.xml (Known Failure) 
27 ms. Memory: 120832K Free: 106522K (88%)


==== $PTIIhome/travis/build/icyphy/ptII/ptolemy/domains/de/test/../../../../: Auto Automatic test in file $PTII/ptolemy/domains/de/test/auto/knownFailedTests/dependencyLoop2.xml
==== Contents of test case:

	    # FIXME: we should use $relativeFilename here, but it
	    # might have backslashes under Windows, which causes no end
	    # of trouble.
	    createAndExecute $file
	    list {}
	
.... Test generated KNOWN error:
    while executing
ptolemy.kernel.util.IllegalActionException: Found a zero delay loop containing .dependencyLoop2.original
  in .dependencyLoop2 and .dependencyLoop2.original
	at ptolemy.actor.util.CausalityInterfaceForComposites._computeOutputPortDepth(CausalityInterfaceForComposites.java:759)
	at ptolemy.actor.util.CausalityInterfaceForComposites._computeInputDepth(CausalityInterfaceForComposites.java:696)
	at ptolemy.actor.util.CausalityInterfaceForComposites._computeOutputPortDepth(CausalityInterfaceForComposites.java:765)
	at ptolemy.actor.util.CausalityInterfaceForComposites._computeInputDepth(CausalityInterfaceForComposites.java:696)
	at ptolemy.actor.util.CausalityInterfaceForComposites._computeOutputPortDepth(CausalityInterfaceForComposites.java:765)
	at ptolemy.actor.util.CausalityInterfaceForComposites._computeInputDepth(CausalityInterfaceForComposites.java:696)
	at ptolemy.actor.util.CausalityInterfaceForComposites._computeActorDepth(CausalityInterfaceForComposites.java:532)
	at ptolemy.actor.util.CausalityInterfaceForComposites.checkForCycles(CausalityInterfaceForComposites.java:96)
	at ptolemy.domains.de.kernel.DEDirector.preinitialize(DEDirector.java:1338)
	at ptolemy.actor.CompositeActor.preinitialize(CompositeActor.java:1828)
	at ptolemy.actor.Manager.preinitializeAndResolveTypes(Manager.java:1040)
	at ptolemy.actor.Manager.initialize(Manager.java:710)
	at ptolemy.actor.Manager.execute(Manager.java:356)
	at ptolemy.actor.Manager.run(Manager.java:1263)
	at ptolemy.actor.Manager$PtolemyRunThread.run(Manager.java:1933)

    while executing
ptolemy.kernel.util.IllegalActionException: Found a zero delay loop containing .dependencyLoop2.original
  in .dependencyLoop2 and .dependencyLoop2.original
    while executing
"java::new ptolemy.moml.MoMLSimpleApplication $file
"
    (procedure "createAndExecute" line 2)
    invoked from within
"createAndExecute $file"
    ("uplevel" body line 5)
    invoked from within
"uplevel $contents_of_test"
------------------ testing $PTII/ptolemy/domains/de/test/auto/knownFailedTests/DESDFClockTest.xml (Known Failure) 
2074 ms. Memory: 120832K Free: 93376K (77%)


==== $PTIIhome/travis/build/icyphy/ptII/ptolemy/domains/de/test/../../../../: Auto Automatic test in file $PTII/ptolemy/domains/de/test/auto/knownFailedTests/DESDFClockTest.xml
==== Contents of test case:

	    # FIXME: we should use $relativeFilename here, but it
	    # might have backslashes under Windows, which causes no end
	    # of trouble.
	    createAndExecute $file
	    list {}
	
.... Test generated KNOWN error:
    while executing
ptolemy.kernel.util.IllegalActionException: Actor is not ready to fire.  Perhaps UpSample.prefire() returned false? Try debugging the actor by selecting "Listen to Actor".  Also, for SDF check moml for tokenConsumptionRate on input.
  in .DESDFClockTest.Play Bell.Copy1:SDF Director and .DESDFClockTest.Play Bell.UpSample
	at ptolemy.actor.sched.StaticSchedulingDirector.fire(StaticSchedulingDirector.java:227)
	at ptolemy.domains.sdf.kernel.SDFDirector.fire(SDFDirector.java:500)
	at ptolemy.actor.CompositeActor.fire(CompositeActor.java:455)
	at ptolemy.domains.de.kernel.DEDirector._fire(DEDirector.java:1949)
	at ptolemy.domains.de.kernel.DEDirector.fire(DEDirector.java:502)
	at ptolemy.actor.CompositeActor.fire(CompositeActor.java:455)
	at ptolemy.actor.Manager.iterate(Manager.java:851)
	at ptolemy.actor.Manager.execute(Manager.java:369)
	at ptolemy.actor.Manager.run(Manager.java:1263)
	at ptolemy.actor.Manager$PtolemyRunThread.run(Manager.java:1933)

    while executing
ptolemy.kernel.util.IllegalActionException: Actor is not ready to fire.  Perhaps UpSample.prefire() returned false? Try debugging the actor by selecting "Listen to Actor".  Also, for SDF check moml for tokenConsumptionRate on input.
  in .DESDFClockTest.Play Bell.Copy1:SDF Director and .DESDFClockTest.Play Bell.UpSample
    while executing
"java::new ptolemy.moml.MoMLSimpleApplication $file
"
    (procedure "createAndExecute" line 2)
    invoked from within
"createAndExecute $file"
    ("uplevel" body line 5)
    invoked from within
"uplevel $contents_of_test"
------------------ testing $PTII/ptolemy/domains/de/test/auto/ActorDepthCalculation_actorWithoutPorts.xml
auto.tcl: Setting watchdog for 200 seconds at Tue Oct 29 06:09:35 UTC 2019
6 ms. Memory: 120832K Free: 86154K (71%)
ptolemy.util.test.WatchDog.cancel(): canceling Tue Oct 29 06:09:35 UTC 2019
auto.tcl: Setting watchdog for 200 seconds at Tue Oct 29 06:09:35 UTC 2019
10 ms. Memory: 120832K Free: 84899K (70%)
ptolemy.util.test.WatchDog.cancel(): canceling Tue Oct 29 06:09:35 UTC 2019
------------------ testing $PTII/ptolemy/domains/de/test/auto/AssemblyLine.xml
auto.tcl: Setting watchdog for 200 seconds at Tue Oct 29 06:09:36 UTC 2019
15 ms. Memory: 45056K Free: 22471K (50%)
ptolemy.util.test.WatchDog.cancel(): canceling Tue Oct 29 06:09:36 UTC 2019
auto.tcl: Setting watchdog for 200 seconds at Tue Oct 29 06:09:36 UTC 2019
19 ms. Memory: 45056K Free: 21674K (48%)
ptolemy.util.test.WatchDog.cancel(): canceling Tue Oct 29 06:09:36 UTC 2019
------------------ testing $PTII/ptolemy/domains/de/test/auto/CQBug1.xml
auto.tcl: Setting watchdog for 200 seconds at Tue Oct 29 06:09:36 UTC 2019
16 ms. Memory: 45056K Free: 28435K (63%)
ptolemy.util.test.WatchDog.cancel(): canceling Tue Oct 29 06:09:36 UTC 2019
auto.tcl: Setting watchdog for 200 seconds at Tue Oct 29 06:09:36 UTC 2019
3 ms. Memory: 45056K Free: 28020K (62%)
ptolemy.util.test.WatchDog.cancel(): canceling Tue Oct 29 06:09:36 UTC 2019
------------------ testing $PTII/ptolemy/domains/de/test/auto/CancelFireAt.xml
auto.tcl: Setting watchdog for 200 seconds at Tue Oct 29 06:09:36 UTC 2019
19 ms. Memory: 45056K Free: 29719K (66%)
ptolemy.util.test.WatchDog.cancel(): canceling Tue Oct 29 06:09:36 UTC 2019
auto.tcl: Setting watchdog for 200 seconds at Tue Oct 29 06:09:36 UTC 2019
2 ms. Memory: 45056K Free: 29225K (65%)
ptolemy.util.test.WatchDog.cancel(): canceling Tue Oct 29 06:09:36 UTC 2019
------------------ testing $PTII/ptolemy/domains/de/test/auto/CausalityAndComposabilityAnalysis.xml
auto.tcl: Setting watchdog for 200 seconds at Tue Oct 29 06:09:36 UTC 2019
16 ms. Memory: 45056K Free: 27453K (61%)
ptolemy.util.test.WatchDog.cancel(): canceling Tue Oct 29 06:09:36 UTC 2019
auto.tcl: Setting watchdog for 200 seconds at Tue Oct 29 06:09:36 UTC 2019
6 ms. Memory: 45056K Free: 27022K (60%)
ptolemy.util.test.WatchDog.cancel(): canceling Tue Oct 29 06:09:36 UTC 2019
------------------ testing $PTII/ptolemy/domains/de/test/auto/CausalityInterface1.xml
auto.tcl: Setting watchdog for 200 seconds at Tue Oct 29 06:09:36 UTC 2019
44 ms. Memory: 45056K Free: 26410K (59%)
ptolemy.util.test.WatchDog.cancel(): canceling Tue Oct 29 06:09:36 UTC 2019
auto.tcl: Setting watchdog for 200 seconds at Tue Oct 29 06:09:36 UTC 2019
6 ms. Memory: 45056K Free: 25055K (56%)
ptolemy.util.test.WatchDog.cancel(): canceling Tue Oct 29 06:09:36 UTC 2019
------------------ testing $PTII/ptolemy/domains/de/test/auto/CausalityInterface15.xml
auto.tcl: Setting watchdog for 200 seconds at Tue Oct 29 06:09:36 UTC 2019
6 ms. Memory: 45056K Free: 25944K (58%)
ptolemy.util.test.WatchDog.cancel(): canceling Tue Oct 29 06:09:36 UTC 2019
auto.tcl: Setting watchdog for 200 seconds at Tue Oct 29 06:09:36 UTC 2019
8 ms. Memory: 45056K Free: 24859K (55%)
ptolemy.util.test.WatchDog.cancel(): canceling Tue Oct 29 06:09:37 UTC 2019
------------------ testing $PTII/ptolemy/domains/de/test/auto/CausalityInterface2.xml
auto.tcl: Setting watchdog for 200 seconds at Tue Oct 29 06:09:37 UTC 2019
6 ms. Memory: 45056K Free: 26999K (60%)
ptolemy.util.test.WatchDog.cancel(): canceling Tue Oct 29 06:09:37 UTC 2019
auto.tcl: Setting watchdog for 200 seconds at Tue Oct 29 06:09:37 UTC 2019
6 ms. Memory: 45056K Free: 26258K (58%)
ptolemy.util.test.WatchDog.cancel(): canceling Tue Oct 29 06:09:37 UTC 2019
------------------ testing $PTII/ptolemy/domains/de/test/auto/CausalityInterface3.xml
auto.tcl: Setting watchdog for 200 seconds at Tue Oct 29 06:09:37 UTC 2019
6 ms. Memory: 45056K Free: 26465K (59%)
ptolemy.util.test.WatchDog.cancel(): canceling Tue Oct 29 06:09:37 UTC 2019
auto.tcl: Setting watchdog for 200 seconds at Tue Oct 29 06:09:37 UTC 2019
5 ms. Memory: 45056K Free: 25658K (57%)
ptolemy.util.test.WatchDog.cancel(): canceling Tue Oct 29 06:09:37 UTC 2019
------------------ testing $PTII/ptolemy/domains/de/test/auto/ClockDrift.xml
auto.tcl: Setting watchdog for 200 seconds at Tue Oct 29 06:09:37 UTC 2019
99 ms. Memory: 45056K Free: 19070K (42%)
ptolemy.util.test.WatchDog.cancel(): canceling Tue Oct 29 06:09:37 UTC 2019
auto.tcl: Setting watchdog for 200 seconds at Tue Oct 29 06:09:37 UTC 2019
61 ms. Memory: 45056K Free: 16047K (36%)
ptolemy.util.test.WatchDog.cancel(): canceling Tue Oct 29 06:09:37 UTC 2019
------------------ testing $PTII/ptolemy/domains/de/test/auto/ClockDriftAndValueChange.xml
auto.tcl: Setting watchdog for 200 seconds at Tue Oct 29 06:09:37 UTC 2019
50 ms. Memory: 45056K Free: 19505K (43%)
ptolemy.util.test.WatchDog.cancel(): canceling Tue Oct 29 06:09:37 UTC 2019
auto.tcl: Setting watchdog for 200 seconds at Tue Oct 29 06:09:37 UTC 2019
40 ms. Memory: 45056K Free: 16565K (37%)
ptolemy.util.test.WatchDog.cancel(): canceling Tue Oct 29 06:09:37 UTC 2019
------------------ testing $PTII/ptolemy/domains/de/test/auto/ClockDriftChange.xml
auto.tcl: Setting watchdog for 200 seconds at Tue Oct 29 06:09:37 UTC 2019
31 ms. Memory: 45056K Free: 21175K (47%)
ptolemy.util.test.WatchDog.cancel(): canceling Tue Oct 29 06:09:37 UTC 2019
auto.tcl: Setting watchdog for 200 seconds at Tue Oct 29 06:09:37 UTC 2019
30 ms. Memory: 45056K Free: 18630K (41%)
ptolemy.util.test.WatchDog.cancel(): canceling Tue Oct 29 06:09:37 UTC 2019
------------------ testing $PTII/ptolemy/domains/de/test/auto/ComposableCausalityAnalysis.xml
auto.tcl: Setting watchdog for 200 seconds at Tue Oct 29 06:09:37 UTC 2019
3 ms. Memory: 45056K Free: 25729K (57%)
ptolemy.util.test.WatchDog.cancel(): canceling Tue Oct 29 06:09:37 UTC 2019
auto.tcl: Setting watchdog for 200 seconds at Tue Oct 29 06:09:37 UTC 2019
7 ms. Memory: 45056K Free: 24503K (54%)
ptolemy.util.test.WatchDog.cancel(): canceling Tue Oct 29 06:09:38 UTC 2019
------------------ testing $PTII/ptolemy/domains/de/test/auto/DEFixedPointLimitation.xml
auto.tcl: Setting watchdog for 200 seconds at Tue Oct 29 06:09:38 UTC 2019
3 ms. Memory: 45056K Free: 27143K (60%)
ptolemy.util.test.WatchDog.cancel(): canceling Tue Oct 29 06:09:38 UTC 2019
auto.tcl: Setting watchdog for 200 seconds at Tue Oct 29 06:09:38 UTC 2019
2 ms. Memory: 45056K Free: 26260K (58%)
ptolemy.util.test.WatchDog.cancel(): canceling Tue Oct 29 06:09:38 UTC 2019
------------------ testing $PTII/ptolemy/domains/de/test/auto/DEScheduleTest.xml
auto.tcl: Setting watchdog for 200 seconds at Tue Oct 29 06:09:38 UTC 2019
5 ms. Memory: 45056K Free: 27450K (61%)
ptolemy.util.test.WatchDog.cancel(): canceling Tue Oct 29 06:09:38 UTC 2019
auto.tcl: Setting watchdog for 200 seconds at Tue Oct 29 06:09:38 UTC 2019
4 ms. Memory: 45056K Free: 26665K (59%)
ptolemy.util.test.WatchDog.cancel(): canceling Tue Oct 29 06:09:38 UTC 2019
------------------ testing $PTII/ptolemy/domains/de/test/auto/DEinDEwithStartTimes.xml
auto.tcl: Setting watchdog for 200 seconds at Tue Oct 29 06:09:38 UTC 2019
8 ms. Memory: 45056K Free: 25651K (57%)
ptolemy.util.test.WatchDog.cancel(): canceling Tue Oct 29 06:09:38 UTC 2019
auto.tcl: Setting watchdog for 200 seconds at Tue Oct 29 06:09:38 UTC 2019
8 ms. Memory: 45056K Free: 24568K (55%)
ptolemy.util.test.WatchDog.cancel(): canceling Tue Oct 29 06:09:38 UTC 2019
------------------ testing $PTII/ptolemy/domains/de/test/auto/DEinDEwithStartTimes2.xml
auto.tcl: Setting watchdog for 200 seconds at Tue Oct 29 06:09:38 UTC 2019
9 ms. Memory: 45056K Free: 24900K (55%)
ptolemy.util.test.WatchDog.cancel(): canceling Tue Oct 29 06:09:38 UTC 2019
auto.tcl: Setting watchdog for 200 seconds at Tue Oct 29 06:09:38 UTC 2019
8 ms. Memory: 45056K Free: 23521K (52%)
ptolemy.util.test.WatchDog.cancel(): canceling Tue Oct 29 06:09:38 UTC 2019
------------------ testing $PTII/ptolemy/domains/de/test/auto/DateDemo.xml
auto.tcl: Setting watchdog for 200 seconds at Tue Oct 29 06:09:38 UTC 2019
14 ms. Memory: 45056K Free: 19707K (44%)
ptolemy.util.test.WatchDog.cancel(): canceling Tue Oct 29 06:09:38 UTC 2019
auto.tcl: Setting watchdog for 200 seconds at Tue Oct 29 06:09:38 UTC 2019
8 ms. Memory: 45056K Free: 18016K (40%)
ptolemy.util.test.WatchDog.cancel(): canceling Tue Oct 29 06:09:38 UTC 2019
------------------ testing $PTII/ptolemy/domains/de/test/auto/DateToEvent.xml
auto.tcl: Setting watchdog for 200 seconds at Tue Oct 29 06:09:38 UTC 2019
2013 ms. Memory: 45056K Free: 15084K (33%)
ptolemy.util.test.WatchDog.cancel(): canceling Tue Oct 29 06:09:40 UTC 2019
auto.tcl: Setting watchdog for 200 seconds at Tue Oct 29 06:09:40 UTC 2019
2006 ms. Memory: 45056K Free: 14388K (32%)
ptolemy.util.test.WatchDog.cancel(): canceling Tue Oct 29 06:09:42 UTC 2019
------------------ testing $PTII/ptolemy/domains/de/test/auto/DepthTest1.xml
auto.tcl: Setting watchdog for 200 seconds at Tue Oct 29 06:09:42 UTC 2019
5 ms. Memory: 45056K Free: 28377K (63%)
ptolemy.util.test.WatchDog.cancel(): canceling Tue Oct 29 06:09:42 UTC 2019
auto.tcl: Setting watchdog for 200 seconds at Tue Oct 29 06:09:42 UTC 2019
3 ms. Memory: 45056K Free: 27836K (62%)
ptolemy.util.test.WatchDog.cancel(): canceling Tue Oct 29 06:09:42 UTC 2019
------------------ testing $PTII/ptolemy/domains/de/test/auto/DepthTest2.xml
auto.tcl: Setting watchdog for 200 seconds at Tue Oct 29 06:09:42 UTC 2019
16 ms. Memory: 45056K Free: 25043K (56%)
ptolemy.util.test.WatchDog.cancel(): canceling Tue Oct 29 06:09:42 UTC 2019
auto.tcl: Setting watchdog for 200 seconds at Tue Oct 29 06:09:42 UTC 2019
2 ms. Memory: 45056K Free: 24561K (55%)
ptolemy.util.test.WatchDog.cancel(): canceling Tue Oct 29 06:09:42 UTC 2019
------------------ testing $PTII/ptolemy/domains/de/test/auto/DepthTest3.xml
auto.tcl: Setting watchdog for 200 seconds at Tue Oct 29 06:09:42 UTC 2019
2 ms. Memory: 45056K Free: 28679K (64%)
ptolemy.util.test.WatchDog.cancel(): canceling Tue Oct 29 06:09:42 UTC 2019
auto.tcl: Setting watchdog for 200 seconds at Tue Oct 29 06:09:42 UTC 2019
3 ms. Memory: 45056K Free: 28196K (63%)
ptolemy.util.test.WatchDog.cancel(): canceling Tue Oct 29 06:09:42 UTC 2019
------------------ testing $PTII/ptolemy/domains/de/test/auto/DepthTest4.xml
auto.tcl: Setting watchdog for 200 seconds at Tue Oct 29 06:09:42 UTC 2019
4 ms. Memory: 45056K Free: 26599K (59%)
ptolemy.util.test.WatchDog.cancel(): canceling Tue Oct 29 06:09:43 UTC 2019
auto.tcl: Setting watchdog for 200 seconds at Tue Oct 29 06:09:43 UTC 2019
3 ms. Memory: 45056K Free: 26217K (58%)
ptolemy.util.test.WatchDog.cancel(): canceling Tue Oct 29 06:09:43 UTC 2019
------------------ testing $PTII/ptolemy/domains/de/test/auto/DepthTest5.xml
auto.tcl: Setting watchdog for 200 seconds at Tue Oct 29 06:09:43 UTC 2019
5 ms. Memory: 45056K Free: 26331K (58%)
ptolemy.util.test.WatchDog.cancel(): canceling Tue Oct 29 06:09:43 UTC 2019
auto.tcl: Setting watchdog for 200 seconds at Tue Oct 29 06:09:43 UTC 2019
3 ms. Memory: 45056K Free: 25567K (57%)
ptolemy.util.test.WatchDog.cancel(): canceling Tue Oct 29 06:09:43 UTC 2019
------------------ testing $PTII/ptolemy/domains/de/test/auto/DepthTest6.xml
auto.tcl: Setting watchdog for 200 seconds at Tue Oct 29 06:09:43 UTC 2019
6 ms. Memory: 45056K Free: 25992K (58%)
ptolemy.util.test.WatchDog.cancel(): canceling Tue Oct 29 06:09:43 UTC 2019
auto.tcl: Setting watchdog for 200 seconds at Tue Oct 29 06:09:43 UTC 2019
3 ms. Memory: 45056K Free: 25602K (57%)
ptolemy.util.test.WatchDog.cancel(): canceling Tue Oct 29 06:09:43 UTC 2019
------------------ testing $PTII/ptolemy/domains/de/test/auto/DepthTest7.xml
auto.tcl: Setting watchdog for 200 seconds at Tue Oct 29 06:09:43 UTC 2019
3 ms. Memory: 45056K Free: 26522K (59%)
ptolemy.util.test.WatchDog.cancel(): canceling Tue Oct 29 06:09:43 UTC 2019
auto.tcl: Setting watchdog for 200 seconds at Tue Oct 29 06:09:43 UTC 2019
3 ms. Memory: 45056K Free: 26140K (58%)
ptolemy.util.test.WatchDog.cancel(): canceling Tue Oct 29 06:09:43 UTC 2019
------------------ testing $PTII/ptolemy/domains/de/test/auto/EventToDate.xml
auto.tcl: Setting watchdog for 200 seconds at Tue Oct 29 06:09:43 UTC 2019
3006 ms. Memory: 45056K Free: 17649K (39%)
ptolemy.util.test.WatchDog.cancel(): canceling Tue Oct 29 06:09:46 UTC 2019
auto.tcl: Setting watchdog for 200 seconds at Tue Oct 29 06:09:46 UTC 2019
3005 ms. Memory: 45056K Free: 16959K (38%)
ptolemy.util.test.WatchDog.cancel(): canceling Tue Oct 29 06:09:49 UTC 2019
------------------ testing $PTII/ptolemy/domains/de/test/auto/FSM1.xml
auto.tcl: Setting watchdog for 200 seconds at Tue Oct 29 06:09:49 UTC 2019
30 ms. Memory: 45056K Free: 18850K (42%)
ptolemy.util.test.WatchDog.cancel(): canceling Tue Oct 29 06:09:49 UTC 2019
auto.tcl: Setting watchdog for 200 seconds at Tue Oct 29 06:09:49 UTC 2019
18 ms. Memory: 45056K Free: 15591K (35%)
ptolemy.util.test.WatchDog.cancel(): canceling Tue Oct 29 06:09:49 UTC 2019
------------------ testing $PTII/ptolemy/domains/de/test/auto/FSM7.xml
auto.tcl: Setting watchdog for 200 seconds at Tue Oct 29 06:09:49 UTC 2019
20 ms. Memory: 45056K Free: 18775K (42%)
ptolemy.util.test.WatchDog.cancel(): canceling Tue Oct 29 06:09:49 UTC 2019
auto.tcl: Setting watchdog for 200 seconds at Tue Oct 29 06:09:49 UTC 2019
20 ms. Memory: 45056K Free: 15826K (35%)
ptolemy.util.test.WatchDog.cancel(): canceling Tue Oct 29 06:09:49 UTC 2019
------------------ testing $PTII/ptolemy/domains/de/test/auto/Inspection.xml
auto.tcl: Setting watchdog for 200 seconds at Tue Oct 29 06:09:49 UTC 2019
27 ms. Memory: 45056K Free: 18394K (41%)
ptolemy.util.test.WatchDog.cancel(): canceling Tue Oct 29 06:09:49 UTC 2019
auto.tcl: Setting watchdog for 200 seconds at Tue Oct 29 06:09:49 UTC 2019
24 ms. Memory: 45056K Free: 16858K (37%)
ptolemy.util.test.WatchDog.cancel(): canceling Tue Oct 29 06:09:49 UTC 2019
------------------ testing $PTII/ptolemy/domains/de/test/auto/Iteration.xml
auto.tcl: Setting watchdog for 200 seconds at Tue Oct 29 06:09:49 UTC 2019
13 ms. Memory: 45056K Free: 24349K (54%)
ptolemy.util.test.WatchDog.cancel(): canceling Tue Oct 29 06:09:50 UTC 2019
auto.tcl: Setting watchdog for 200 seconds at Tue Oct 29 06:09:50 UTC 2019
12 ms. Memory: 45056K Free: 23268K (52%)
ptolemy.util.test.WatchDog.cancel(): canceling Tue Oct 29 06:09:50 UTC 2019
------------------ testing $PTII/ptolemy/domains/de/test/auto/LineFault.xml
auto.tcl: Setting watchdog for 200 seconds at Tue Oct 29 06:09:50 UTC 2019
766 ms. Memory: 55296K Free: 38396K (69%)
ptolemy.util.test.WatchDog.cancel(): canceling Tue Oct 29 06:09:51 UTC 2019
auto.tcl: Setting watchdog for 200 seconds at Tue Oct 29 06:09:51 UTC 2019
657 ms. Memory: 55296K Free: 32775K (59%)
ptolemy.util.test.WatchDog.cancel(): canceling Tue Oct 29 06:09:51 UTC 2019
------------------ testing $PTII/ptolemy/domains/de/test/auto/MergeModel1Add.xml
auto.tcl: Setting watchdog for 200 seconds at Tue Oct 29 06:09:51 UTC 2019
27 ms. Memory: 51200K Free: 15891K (31%)
ptolemy.util.test.WatchDog.cancel(): canceling Tue Oct 29 06:09:52 UTC 2019
auto.tcl: Setting watchdog for 200 seconds at Tue Oct 29 06:09:52 UTC 2019
21 ms. Memory: 51200K Free: 14635K (29%)
ptolemy.util.test.WatchDog.cancel(): canceling Tue Oct 29 06:09:52 UTC 2019
------------------ testing $PTII/ptolemy/domains/de/test/auto/MergeModel2Add.xml
auto.tcl: Setting watchdog for 200 seconds at Tue Oct 29 06:09:52 UTC 2019
12 ms. Memory: 48128K Free: 15675K (33%)
ptolemy.util.test.WatchDog.cancel(): canceling Tue Oct 29 06:09:52 UTC 2019
auto.tcl: Setting watchdog for 200 seconds at Tue Oct 29 06:09:52 UTC 2019
12 ms. Memory: 48128K Free: 14000K (29%)
ptolemy.util.test.WatchDog.cancel(): canceling Tue Oct 29 06:09:52 UTC 2019
------------------ testing $PTII/ptolemy/domains/de/test/auto/MergeModel3Add.xml
auto.tcl: Setting watchdog for 200 seconds at Tue Oct 29 06:09:52 UTC 2019
11 ms. Memory: 48128K Free: 15438K (32%)
ptolemy.util.test.WatchDog.cancel(): canceling Tue Oct 29 06:09:52 UTC 2019
auto.tcl: Setting watchdog for 200 seconds at Tue Oct 29 06:09:52 UTC 2019
11 ms. Memory: 48128K Free: 14017K (29%)
ptolemy.util.test.WatchDog.cancel(): canceling Tue Oct 29 06:09:52 UTC 2019
------------------ testing $PTII/ptolemy/domains/de/test/auto/MergeWithoutDiscard.xml
auto.tcl: Setting watchdog for 200 seconds at Tue Oct 29 06:09:52 UTC 2019
2 ms. Memory: 48128K Free: 30298K (63%)
ptolemy.util.test.WatchDog.cancel(): canceling Tue Oct 29 06:09:52 UTC 2019
auto.tcl: Setting watchdog for 200 seconds at Tue Oct 29 06:09:52 UTC 2019
1 ms. Memory: 48128K Free: 29820K (62%)
ptolemy.util.test.WatchDog.cancel(): canceling Tue Oct 29 06:09:52 UTC 2019
------------------ testing $PTII/ptolemy/domains/de/test/auto/Modal1.xml
auto.tcl: Setting watchdog for 200 seconds at Tue Oct 29 06:09:52 UTC 2019
23 ms. Memory: 48128K Free: 22401K (47%)
ptolemy.util.test.WatchDog.cancel(): canceling Tue Oct 29 06:09:52 UTC 2019
auto.tcl: Setting watchdog for 200 seconds at Tue Oct 29 06:09:52 UTC 2019
27 ms. Memory: 48128K Free: 18836K (39%)
ptolemy.util.test.WatchDog.cancel(): canceling Tue Oct 29 06:09:52 UTC 2019
------------------ testing $PTII/ptolemy/domains/de/test/auto/Modal2.xml
auto.tcl: Setting watchdog for 200 seconds at Tue Oct 29 06:09:52 UTC 2019
23 ms. Memory: 48128K Free: 22013K (46%)
ptolemy.util.test.WatchDog.cancel(): canceling Tue Oct 29 06:09:52 UTC 2019
auto.tcl: Setting watchdog for 200 seconds at Tue Oct 29 06:09:52 UTC 2019
21 ms. Memory: 48128K Free: 18739K (39%)
ptolemy.util.test.WatchDog.cancel(): canceling Tue Oct 29 06:09:52 UTC 2019
------------------ testing $PTII/ptolemy/domains/de/test/auto/Modal3.xml
auto.tcl: Setting watchdog for 200 seconds at Tue Oct 29 06:09:52 UTC 2019
12 ms. Memory: 48128K Free: 21766K (45%)
ptolemy.util.test.WatchDog.cancel(): canceling Tue Oct 29 06:09:52 UTC 2019
auto.tcl: Setting watchdog for 200 seconds at Tue Oct 29 06:09:52 UTC 2019
15 ms. Memory: 48128K Free: 18752K (39%)
ptolemy.util.test.WatchDog.cancel(): canceling Tue Oct 29 06:09:52 UTC 2019
------------------ testing $PTII/ptolemy/domains/de/test/auto/Modal4.xml
auto.tcl: Setting watchdog for 200 seconds at Tue Oct 29 06:09:52 UTC 2019
15 ms. Memory: 48128K Free: 20984K (44%)
ptolemy.util.test.WatchDog.cancel(): canceling Tue Oct 29 06:09:52 UTC 2019
auto.tcl: Setting watchdog for 200 seconds at Tue Oct 29 06:09:52 UTC 2019
15 ms. Memory: 48128K Free: 17136K (36%)
ptolemy.util.test.WatchDog.cancel(): canceling Tue Oct 29 06:09:52 UTC 2019
------------------ testing $PTII/ptolemy/domains/de/test/auto/Modal5.xml
auto.tcl: Setting watchdog for 200 seconds at Tue Oct 29 06:09:53 UTC 2019
19 ms. Memory: 48128K Free: 20971K (44%)
ptolemy.util.test.WatchDog.cancel(): canceling Tue Oct 29 06:09:53 UTC 2019
auto.tcl: Setting watchdog for 200 seconds at Tue Oct 29 06:09:53 UTC 2019
17 ms. Memory: 48128K Free: 17322K (36%)
ptolemy.util.test.WatchDog.cancel(): canceling Tue Oct 29 06:09:53 UTC 2019
------------------ testing $PTII/ptolemy/domains/de/test/auto/Modal6.xml
auto.tcl: Setting watchdog for 200 seconds at Tue Oct 29 06:09:53 UTC 2019
21 ms. Memory: 48128K Free: 21733K (45%)
ptolemy.util.test.WatchDog.cancel(): canceling Tue Oct 29 06:09:53 UTC 2019
auto.tcl: Setting watchdog for 200 seconds at Tue Oct 29 06:09:53 UTC 2019
21 ms. Memory: 48128K Free: 18143K (38%)
ptolemy.util.test.WatchDog.cancel(): canceling Tue Oct 29 06:09:53 UTC 2019
------------------ testing $PTII/ptolemy/domains/de/test/auto/Modal7.xml
auto.tcl: Setting watchdog for 200 seconds at Tue Oct 29 06:09:53 UTC 2019
23 ms. Memory: 48128K Free: 20686K (43%)
ptolemy.util.test.WatchDog.cancel(): canceling Tue Oct 29 06:09:53 UTC 2019
auto.tcl: Setting watchdog for 200 seconds at Tue Oct 29 06:09:53 UTC 2019
12 ms. Memory: 48128K Free: 17333K (36%)
ptolemy.util.test.WatchDog.cancel(): canceling Tue Oct 29 06:09:53 UTC 2019
------------------ testing $PTII/ptolemy/domains/de/test/auto/ModalModel.xml
auto.tcl: Setting watchdog for 200 seconds at Tue Oct 29 06:09:53 UTC 2019
193 ms. Memory: 61440K Free: 26133K (43%)
ptolemy.util.test.WatchDog.cancel(): canceling Tue Oct 29 06:09:53 UTC 2019
auto.tcl: Setting watchdog for 200 seconds at Tue Oct 29 06:09:53 UTC 2019
214 ms. Memory: 61440K Free: 26581K (43%)
ptolemy.util.test.WatchDog.cancel(): canceling Tue Oct 29 06:09:53 UTC 2019
------------------ testing $PTII/ptolemy/domains/de/test/auto/ModalSource.xml
auto.tcl: Setting watchdog for 200 seconds at Tue Oct 29 06:09:53 UTC 2019
14 ms. Memory: 48128K Free: 25795K (54%)
ptolemy.util.test.WatchDog.cancel(): canceling Tue Oct 29 06:09:53 UTC 2019
auto.tcl: Setting watchdog for 200 seconds at Tue Oct 29 06:09:53 UTC 2019
6 ms. Memory: 48128K Free: 23747K (49%)
ptolemy.util.test.WatchDog.cancel(): canceling Tue Oct 29 06:09:54 UTC 2019
------------------ testing $PTII/ptolemy/domains/de/test/auto/NonInterruptibleTimerZeroDelay.xml
auto.tcl: Setting watchdog for 200 seconds at Tue Oct 29 06:09:54 UTC 2019
4 ms. Memory: 48128K Free: 30738K (64%)
ptolemy.util.test.WatchDog.cancel(): canceling Tue Oct 29 06:09:54 UTC 2019
auto.tcl: Setting watchdog for 200 seconds at Tue Oct 29 06:09:54 UTC 2019
3 ms. Memory: 48128K Free: 30083K (63%)
ptolemy.util.test.WatchDog.cancel(): canceling Tue Oct 29 06:09:54 UTC 2019
------------------ testing $PTII/ptolemy/domains/de/test/auto/OpenQueueingNetwork.xml
auto.tcl: Setting watchdog for 200 seconds at Tue Oct 29 06:09:54 UTC 2019
3017 ms. Memory: 84992K Free: 23762K (28%)
ptolemy.util.test.WatchDog.cancel(): canceling Tue Oct 29 06:09:57 UTC 2019
auto.tcl: Setting watchdog for 200 seconds at Tue Oct 29 06:09:57 UTC 2019
3075 ms. Memory: 84992K Free: 31375K (37%)
ptolemy.util.test.WatchDog.cancel(): canceling Tue Oct 29 06:10:00 UTC 2019
------------------ testing $PTII/ptolemy/domains/de/test/auto/OpenQueuingNetwork.xml
auto.tcl: Setting watchdog for 200 seconds at Tue Oct 29 06:10:00 UTC 2019
264 ms. Memory: 51200K Free: 14986K (29%)
ptolemy.util.test.WatchDog.cancel(): canceling Tue Oct 29 06:10:00 UTC 2019
auto.tcl: Setting watchdog for 200 seconds at Tue Oct 29 06:10:00 UTC 2019
266 ms. Memory: 51200K Free: 18583K (36%)
ptolemy.util.test.WatchDog.cancel(): canceling Tue Oct 29 06:10:01 UTC 2019
------------------ testing $PTII/ptolemy/domains/de/test/auto/PeriodicSampler.xml
auto.tcl: Setting watchdog for 200 seconds at Tue Oct 29 06:10:01 UTC 2019
2 ms. Memory: 48128K Free: 29936K (62%)
ptolemy.util.test.WatchDog.cancel(): canceling Tue Oct 29 06:10:01 UTC 2019
auto.tcl: Setting watchdog for 200 seconds at Tue Oct 29 06:10:01 UTC 2019
2 ms. Memory: 48128K Free: 29448K (61%)
ptolemy.util.test.WatchDog.cancel(): canceling Tue Oct 29 06:10:01 UTC 2019
------------------ testing $PTII/ptolemy/domains/de/test/auto/PersistentIO.xml
auto.tcl: Setting watchdog for 200 seconds at Tue Oct 29 06:10:01 UTC 2019
6 ms. Memory: 48128K Free: 24874K (52%)
ptolemy.util.test.WatchDog.cancel(): canceling Tue Oct 29 06:10:01 UTC 2019
auto.tcl: Setting watchdog for 200 seconds at Tue Oct 29 06:10:01 UTC 2019
4 ms. Memory: 48128K Free: 23420K (49%)
ptolemy.util.test.WatchDog.cancel(): canceling Tue Oct 29 06:10:01 UTC 2019
------------------ testing $PTII/ptolemy/domains/de/test/auto/PortParameterResetOnInitialize.xml
auto.tcl: Setting watchdog for 200 seconds at Tue Oct 29 06:10:01 UTC 2019
2 ms. Memory: 48128K Free: 29858K (62%)
ptolemy.util.test.WatchDog.cancel(): canceling Tue Oct 29 06:10:01 UTC 2019
auto.tcl: Setting watchdog for 200 seconds at Tue Oct 29 06:10:01 UTC 2019
2 ms. Memory: 48128K Free: 29356K (61%)
ptolemy.util.test.WatchDog.cancel(): canceling Tue Oct 29 06:10:01 UTC 2019
------------------ testing $PTII/ptolemy/domains/de/test/auto/PortParameterUpdates.xml
auto.tcl: Setting watchdog for 200 seconds at Tue Oct 29 06:10:01 UTC 2019
6 ms. Memory: 48128K Free: 28188K (59%)
ptolemy.util.test.WatchDog.cancel(): canceling Tue Oct 29 06:10:01 UTC 2019
auto.tcl: Setting watchdog for 200 seconds at Tue Oct 29 06:10:01 UTC 2019
3 ms. Memory: 48128K Free: 26972K (56%)
ptolemy.util.test.WatchDog.cancel(): canceling Tue Oct 29 06:10:01 UTC 2019
------------------ testing $PTII/ptolemy/domains/de/test/auto/QueueAndServer.xml
auto.tcl: Setting watchdog for 200 seconds at Tue Oct 29 06:10:01 UTC 2019
8 ms. Memory: 48128K Free: 27127K (56%)
ptolemy.util.test.WatchDog.cancel(): canceling Tue Oct 29 06:10:01 UTC 2019
auto.tcl: Setting watchdog for 200 seconds at Tue Oct 29 06:10:01 UTC 2019
7 ms. Memory: 48128K Free: 25899K (54%)
ptolemy.util.test.WatchDog.cancel(): canceling Tue Oct 29 06:10:01 UTC 2019
------------------ testing $PTII/ptolemy/domains/de/test/auto/Records.xml
auto.tcl: Setting watchdog for 200 seconds at Tue Oct 29 06:10:01 UTC 2019
4 ms. Memory: 48128K Free: 29392K (61%)
ptolemy.util.test.WatchDog.cancel(): canceling Tue Oct 29 06:10:01 UTC 2019
auto.tcl: Setting watchdog for 200 seconds at Tue Oct 29 06:10:01 UTC 2019
2 ms. Memory: 48128K Free: 28909K (60%)
ptolemy.util.test.WatchDog.cancel(): canceling Tue Oct 29 06:10:01 UTC 2019
------------------ testing $PTII/ptolemy/domains/de/test/auto/ResetTransitionWithStartTime1.xml
auto.tcl: Setting watchdog for 200 seconds at Tue Oct 29 06:10:01 UTC 2019
7 ms. Memory: 48128K Free: 26344K (55%)
ptolemy.util.test.WatchDog.cancel(): canceling Tue Oct 29 06:10:01 UTC 2019
auto.tcl: Setting watchdog for 200 seconds at Tue Oct 29 06:10:01 UTC 2019
8 ms. Memory: 48128K Free: 23824K (50%)
ptolemy.util.test.WatchDog.cancel(): canceling Tue Oct 29 06:10:01 UTC 2019
------------------ testing $PTII/ptolemy/domains/de/test/auto/ResetTransitionWithStartTime2.xml
auto.tcl: Setting watchdog for 200 seconds at Tue Oct 29 06:10:01 UTC 2019
6 ms. Memory: 48128K Free: 26299K (55%)
ptolemy.util.test.WatchDog.cancel(): canceling Tue Oct 29 06:10:01 UTC 2019
auto.tcl: Setting watchdog for 200 seconds at Tue Oct 29 06:10:01 UTC 2019
7 ms. Memory: 48128K Free: 23792K (49%)
ptolemy.util.test.WatchDog.cancel(): canceling Tue Oct 29 06:10:01 UTC 2019
------------------ testing $PTII/ptolemy/domains/de/test/auto/ResetTransitionWithStartTime3.xml
auto.tcl: Setting watchdog for 200 seconds at Tue Oct 29 06:10:01 UTC 2019
10 ms. Memory: 48128K Free: 26297K (55%)
ptolemy.util.test.WatchDog.cancel(): canceling Tue Oct 29 06:10:01 UTC 2019
auto.tcl: Setting watchdog for 200 seconds at Tue Oct 29 06:10:01 UTC 2019
9 ms. Memory: 48128K Free: 23761K (49%)
ptolemy.util.test.WatchDog.cancel(): canceling Tue Oct 29 06:10:01 UTC 2019
------------------ testing $PTII/ptolemy/domains/de/test/auto/ResetTransitionWithStartTime4.xml
auto.tcl: Setting watchdog for 200 seconds at Tue Oct 29 06:10:01 UTC 2019
15 ms. Memory: 48128K Free: 26998K (56%)
ptolemy.util.test.WatchDog.cancel(): canceling Tue Oct 29 06:10:01 UTC 2019
auto.tcl: Setting watchdog for 200 seconds at Tue Oct 29 06:10:01 UTC 2019
5 ms. Memory: 48128K Free: 25336K (53%)
ptolemy.util.test.WatchDog.cancel(): canceling Tue Oct 29 06:10:02 UTC 2019
------------------ testing $PTII/ptolemy/domains/de/test/auto/ResettableTimer1.xml
auto.tcl: Setting watchdog for 200 seconds at Tue Oct 29 06:10:02 UTC 2019
4 ms. Memory: 48128K Free: 30374K (63%)
ptolemy.util.test.WatchDog.cancel(): canceling Tue Oct 29 06:10:02 UTC 2019
auto.tcl: Setting watchdog for 200 seconds at Tue Oct 29 06:10:02 UTC 2019
3 ms. Memory: 48128K Free: 29430K (61%)
ptolemy.util.test.WatchDog.cancel(): canceling Tue Oct 29 06:10:02 UTC 2019
------------------ testing $PTII/ptolemy/domains/de/test/auto/ResettableTimer2.xml
auto.tcl: Setting watchdog for 200 seconds at Tue Oct 29 06:10:02 UTC 2019
3 ms. Memory: 48128K Free: 30431K (63%)
ptolemy.util.test.WatchDog.cancel(): canceling Tue Oct 29 06:10:02 UTC 2019
auto.tcl: Setting watchdog for 200 seconds at Tue Oct 29 06:10:02 UTC 2019
2 ms. Memory: 48128K Free: 29501K (61%)
ptolemy.util.test.WatchDog.cancel(): canceling Tue Oct 29 06:10:02 UTC 2019
------------------ testing $PTII/ptolemy/domains/de/test/auto/ResettableTimer3.xml
auto.tcl: Setting watchdog for 200 seconds at Tue Oct 29 06:10:02 UTC 2019
1 ms. Memory: 48128K Free: 30925K (64%)
ptolemy.util.test.WatchDog.cancel(): canceling Tue Oct 29 06:10:02 UTC 2019
auto.tcl: Setting watchdog for 200 seconds at Tue Oct 29 06:10:02 UTC 2019
1 ms. Memory: 48128K Free: 30468K (63%)
ptolemy.util.test.WatchDog.cancel(): canceling Tue Oct 29 06:10:02 UTC 2019
------------------ testing $PTII/ptolemy/domains/de/test/auto/ResettableTimer4.xml
auto.tcl: Setting watchdog for 200 seconds at Tue Oct 29 06:10:02 UTC 2019
2 ms. Memory: 48128K Free: 30939K (64%)
ptolemy.util.test.WatchDog.cancel(): canceling Tue Oct 29 06:10:02 UTC 2019
auto.tcl: Setting watchdog for 200 seconds at Tue Oct 29 06:10:02 UTC 2019
1 ms. Memory: 48128K Free: 30443K (63%)
ptolemy.util.test.WatchDog.cancel(): canceling Tue Oct 29 06:10:02 UTC 2019
------------------ testing $PTII/ptolemy/domains/de/test/auto/ResettableTimer5.xml
auto.tcl: Setting watchdog for 200 seconds at Tue Oct 29 06:10:02 UTC 2019
2 ms. Memory: 48128K Free: 30463K (63%)
ptolemy.util.test.WatchDog.cancel(): canceling Tue Oct 29 06:10:02 UTC 2019
auto.tcl: Setting watchdog for 200 seconds at Tue Oct 29 06:10:02 UTC 2019
2 ms. Memory: 48128K Free: 29526K (61%)
ptolemy.util.test.WatchDog.cancel(): canceling Tue Oct 29 06:10:02 UTC 2019
------------------ testing $PTII/ptolemy/domains/de/test/auto/ResettableTimer6.xml
auto.tcl: Setting watchdog for 200 seconds at Tue Oct 29 06:10:02 UTC 2019
2 ms. Memory: 48128K Free: 29904K (62%)
ptolemy.util.test.WatchDog.cancel(): canceling Tue Oct 29 06:10:02 UTC 2019
auto.tcl: Setting watchdog for 200 seconds at Tue Oct 29 06:10:02 UTC 2019
2 ms. Memory: 48128K Free: 29432K (61%)
ptolemy.util.test.WatchDog.cancel(): canceling Tue Oct 29 06:10:02 UTC 2019
------------------ testing $PTII/ptolemy/domains/de/test/auto/ServerZeroDelay.xml
auto.tcl: Setting watchdog for 200 seconds at Tue Oct 29 06:10:02 UTC 2019
2 ms. Memory: 48128K Free: 30422K (63%)
ptolemy.util.test.WatchDog.cancel(): canceling Tue Oct 29 06:10:02 UTC 2019
auto.tcl: Setting watchdog for 200 seconds at Tue Oct 29 06:10:02 UTC 2019
4 ms. Memory: 48128K Free: 29508K (61%)
ptolemy.util.test.WatchDog.cancel(): canceling Tue Oct 29 06:10:02 UTC 2019
------------------ testing $PTII/ptolemy/domains/de/test/auto/SmartSender.xml
auto.tcl: Setting watchdog for 200 seconds at Tue Oct 29 06:10:02 UTC 2019
3001 ms. Memory: 48128K Free: 30457K (63%)
ptolemy.util.test.WatchDog.cancel(): canceling Tue Oct 29 06:10:05 UTC 2019
auto.tcl: Setting watchdog for 200 seconds at Tue Oct 29 06:10:05 UTC 2019
3001 ms. Memory: 48128K Free: 29959K (62%)
ptolemy.util.test.WatchDog.cancel(): canceling Tue Oct 29 06:10:08 UTC 2019
------------------ testing $PTII/ptolemy/domains/de/test/auto/ThreadedComposite.xml
auto.tcl: Setting watchdog for 200 seconds at Tue Oct 29 06:10:08 UTC 2019
250 ms. Memory: 48128K Free: 11485K (24%)
ptolemy.util.test.WatchDog.cancel(): canceling Tue Oct 29 06:10:08 UTC 2019
auto.tcl: Setting watchdog for 200 seconds at Tue Oct 29 06:10:08 UTC 2019
152 ms. Memory: 48128K Free: 24642K (51%)
ptolemy.util.test.WatchDog.cancel(): canceling Tue Oct 29 06:10:09 UTC 2019
------------------ testing $PTII/ptolemy/domains/de/test/auto/Time.xml
auto.tcl: Setting watchdog for 200 seconds at Tue Oct 29 06:10:09 UTC 2019
665 ms. Memory: 48128K Free: 25467K (53%)
ptolemy.util.test.WatchDog.cancel(): canceling Tue Oct 29 06:10:09 UTC 2019
auto.tcl: Setting watchdog for 200 seconds at Tue Oct 29 06:10:09 UTC 2019
551 ms. Memory: 48128K Free: 21027K (44%)
ptolemy.util.test.WatchDog.cancel(): canceling Tue Oct 29 06:10:10 UTC 2019
------------------ testing $PTII/ptolemy/domains/de/test/auto/TimeDelayZeroDelay.xml
auto.tcl: Setting watchdog for 200 seconds at Tue Oct 29 06:10:10 UTC 2019
2 ms. Memory: 48128K Free: 30842K (64%)
ptolemy.util.test.WatchDog.cancel(): canceling Tue Oct 29 06:10:10 UTC 2019
auto.tcl: Setting watchdog for 200 seconds at Tue Oct 29 06:10:10 UTC 2019
3 ms. Memory: 48128K Free: 29960K (62%)
ptolemy.util.test.WatchDog.cancel(): canceling Tue Oct 29 06:10:10 UTC 2019
------------------ testing $PTII/ptolemy/domains/de/test/auto/TimerZeroDelay.xml
auto.tcl: Setting watchdog for 200 seconds at Tue Oct 29 06:10:10 UTC 2019
4 ms. Memory: 48128K Free: 30899K (64%)
ptolemy.util.test.WatchDog.cancel(): canceling Tue Oct 29 06:10:10 UTC 2019
auto.tcl: Setting watchdog for 200 seconds at Tue Oct 29 06:10:10 UTC 2019
3 ms. Memory: 48128K Free: 30389K (63%)
ptolemy.util.test.WatchDog.cancel(): canceling Tue Oct 29 06:10:10 UTC 2019
------------------ testing $PTII/ptolemy/domains/de/test/auto/TimingParadox.xml
auto.tcl: Setting watchdog for 200 seconds at Tue Oct 29 06:10:10 UTC 2019
365 ms. Memory: 48128K Free: 10020K (21%)
ptolemy.util.test.WatchDog.cancel(): canceling Tue Oct 29 06:10:11 UTC 2019
auto.tcl: Setting watchdog for 200 seconds at Tue Oct 29 06:10:11 UTC 2019
370 ms. Memory: 48128K Free: 18716K (39%)
ptolemy.util.test.WatchDog.cancel(): canceling Tue Oct 29 06:10:11 UTC 2019
------------------ testing $PTII/ptolemy/domains/de/test/auto/TransferInputs.xml
auto.tcl: Setting watchdog for 200 seconds at Tue Oct 29 06:10:11 UTC 2019
2 ms. Memory: 48128K Free: 28861K (60%)
ptolemy.util.test.WatchDog.cancel(): canceling Tue Oct 29 06:10:11 UTC 2019
auto.tcl: Setting watchdog for 200 seconds at Tue Oct 29 06:10:11 UTC 2019
2 ms. Memory: 48128K Free: 27994K (58%)
ptolemy.util.test.WatchDog.cancel(): canceling Tue Oct 29 06:10:11 UTC 2019
------------------ testing $PTII/ptolemy/domains/de/test/auto/TransferOutputs2.xml
auto.tcl: Setting watchdog for 200 seconds at Tue Oct 29 06:10:11 UTC 2019
3 ms. Memory: 48128K Free: 26299K (55%)
ptolemy.util.test.WatchDog.cancel(): canceling Tue Oct 29 06:10:11 UTC 2019
auto.tcl: Setting watchdog for 200 seconds at Tue Oct 29 06:10:11 UTC 2019
3 ms. Memory: 48128K Free: 24893K (52%)
ptolemy.util.test.WatchDog.cancel(): canceling Tue Oct 29 06:10:11 UTC 2019
------------------ testing $PTII/ptolemy/domains/de/test/auto/Trilateration.xml
auto.tcl: Setting watchdog for 200 seconds at Tue Oct 29 06:10:11 UTC 2019
17384 ms. Memory: 439296K Free: 185968K (42%)
ptolemy.util.test.WatchDog.cancel(): canceling Tue Oct 29 06:10:30 UTC 2019
auto.tcl: Setting watchdog for 200 seconds at Tue Oct 29 06:10:30 UTC 2019
12747 ms. Memory: 439296K Free: 337509K (77%)
ptolemy.util.test.WatchDog.cancel(): canceling Tue Oct 29 06:10:43 UTC 2019
------------------ testing $PTII/ptolemy/domains/de/test/auto/TwoSigmaDelta.xml
auto.tcl: Setting watchdog for 200 seconds at Tue Oct 29 06:10:43 UTC 2019
2916 ms. Memory: 89088K Free: 61825K (69%)
ptolemy.util.test.WatchDog.cancel(): canceling Tue Oct 29 06:10:46 UTC 2019
auto.tcl: Setting watchdog for 200 seconds at Tue Oct 29 06:10:46 UTC 2019
2465 ms. Memory: 89088K Free: 49016K (55%)
ptolemy.util.test.WatchDog.cancel(): canceling Tue Oct 29 06:10:48 UTC 2019
------------------ testing $PTII/ptolemy/domains/de/test/auto/VariableDelay.xml
auto.tcl: Setting watchdog for 200 seconds at Tue Oct 29 06:10:48 UTC 2019
3 ms. Memory: 51200K Free: 32417K (63%)
ptolemy.util.test.WatchDog.cancel(): canceling Tue Oct 29 06:10:48 UTC 2019
auto.tcl: Setting watchdog for 200 seconds at Tue Oct 29 06:10:48 UTC 2019
2 ms. Memory: 51200K Free: 31401K (61%)
ptolemy.util.test.WatchDog.cancel(): canceling Tue Oct 29 06:10:48 UTC 2019
------------------ testing $PTII/ptolemy/domains/de/test/auto/VariableDelay2.xml
auto.tcl: Setting watchdog for 200 seconds at Tue Oct 29 06:10:48 UTC 2019
8 ms. Memory: 51200K Free: 33343K (65%)
ptolemy.util.test.WatchDog.cancel(): canceling Tue Oct 29 06:10:49 UTC 2019
auto.tcl: Setting watchdog for 200 seconds at Tue Oct 29 06:10:49 UTC 2019
3 ms. Memory: 51200K Free: 32319K (63%)
ptolemy.util.test.WatchDog.cancel(): canceling Tue Oct 29 06:10:49 UTC 2019
------------------ testing $PTII/ptolemy/domains/de/test/auto/VariableDelayZeroDelay.xml
auto.tcl: Setting watchdog for 200 seconds at Tue Oct 29 06:10:49 UTC 2019
2 ms. Memory: 48128K Free: 30270K (63%)
ptolemy.util.test.WatchDog.cancel(): canceling Tue Oct 29 06:10:49 UTC 2019
auto.tcl: Setting watchdog for 200 seconds at Tue Oct 29 06:10:49 UTC 2019
3 ms. Memory: 48128K Free: 29756K (62%)
ptolemy.util.test.WatchDog.cancel(): canceling Tue Oct 29 06:10:49 UTC 2019
------------------ testing $PTII/ptolemy/domains/de/test/auto/VariableDelayZeroDelay2.xml
auto.tcl: Setting watchdog for 200 seconds at Tue Oct 29 06:10:49 UTC 2019
5 ms. Memory: 48128K Free: 30389K (63%)
ptolemy.util.test.WatchDog.cancel(): canceling Tue Oct 29 06:10:49 UTC 2019
auto.tcl: Setting watchdog for 200 seconds at Tue Oct 29 06:10:49 UTC 2019
2 ms. Memory: 48128K Free: 29244K (61%)
ptolemy.util.test.WatchDog.cancel(): canceling Tue Oct 29 06:10:49 UTC 2019
------------------ testing $PTII/ptolemy/domains/de/test/auto/deInCt.xml
auto.tcl: Setting watchdog for 200 seconds at Tue Oct 29 06:10:49 UTC 2019
0
1
1
1
0
0
0
0
0
1
1
1
0
0
0
1
1
1
0
0
0
1
1
1
0
0
0
1
1
1
0
0
0
1
1
1
0
0
0
0
0
1
1
1
0
0
0
1
1
1
0
0
0
1
1
1
17 ms. Memory: 48128K Free: 29242K (61%)
ptolemy.util.test.WatchDog.cancel(): canceling Tue Oct 29 06:10:49 UTC 2019
auto.tcl: Setting watchdog for 200 seconds at Tue Oct 29 06:10:49 UTC 2019
0
1
1
1
0
0
0
1
1
1
0
0
0
1
1
1
1
0
0
0
1
1
1
1
1
0
0
0
0
1
1
1
0
0
0
1
1
1
1
11 ms. Memory: 48128K Free: 27704K (58%)
ptolemy.util.test.WatchDog.cancel(): canceling Tue Oct 29 06:10:49 UTC 2019
------------------ testing $PTII/ptolemy/domains/de/test/auto/deInCt2.xml
auto.tcl: Setting watchdog for 200 seconds at Tue Oct 29 06:10:49 UTC 2019
0
1
1
1
0
0
1
1
1
0
0
1
1
1
0
0
1
1
1
0
0
1
1
1
0
0
1
1
1
0
0
1
1
1
0
0
1
1
1
0
0
0
13 ms. Memory: 48128K Free: 29293K (61%)
ptolemy.util.test.WatchDog.cancel(): canceling Tue Oct 29 06:10:49 UTC 2019
auto.tcl: Setting watchdog for 200 seconds at Tue Oct 29 06:10:49 UTC 2019
0
1
1
1
0
0
1
1
1
0
0
1
1
1
0
0
1
1
1
0
0
1
1
1
0
0
1
1
1
0
0
1
1
1
0
0
1
1
1
0
0
0
4 ms. Memory: 48128K Free: 27722K (58%)
ptolemy.util.test.WatchDog.cancel(): canceling Tue Oct 29 06:10:49 UTC 2019
------------------ testing $PTII/ptolemy/domains/de/test/auto/dynamicCausalityInterface1.xml
auto.tcl: Setting watchdog for 200 seconds at Tue Oct 29 06:10:49 UTC 2019
2 ms. Memory: 48128K Free: 25142K (52%)
ptolemy.util.test.WatchDog.cancel(): canceling Tue Oct 29 06:10:49 UTC 2019
auto.tcl: Setting watchdog for 200 seconds at Tue Oct 29 06:10:49 UTC 2019
2 ms. Memory: 48128K Free: 24628K (51%)
ptolemy.util.test.WatchDog.cancel(): canceling Tue Oct 29 06:10:49 UTC 2019
------------------ testing $PTII/ptolemy/domains/de/test/auto/fsm_de_test.xml
auto.tcl: Setting watchdog for 200 seconds at Tue Oct 29 06:10:49 UTC 2019
12 ms. Memory: 48128K Free: 25075K (52%)
ptolemy.util.test.WatchDog.cancel(): canceling Tue Oct 29 06:10:49 UTC 2019
auto.tcl: Setting watchdog for 200 seconds at Tue Oct 29 06:10:49 UTC 2019
19 ms. Memory: 48128K Free: 23027K (48%)
ptolemy.util.test.WatchDog.cancel(): canceling Tue Oct 29 06:10:49 UTC 2019
------------------ testing $PTII/ptolemy/domains/de/test/auto/functionDependencyReconstruction.xml
auto.tcl: Setting watchdog for 200 seconds at Tue Oct 29 06:10:49 UTC 2019
4 ms. Memory: 48128K Free: 19072K (40%)
ptolemy.util.test.WatchDog.cancel(): canceling Tue Oct 29 06:10:49 UTC 2019
auto.tcl: Setting watchdog for 200 seconds at Tue Oct 29 06:10:49 UTC 2019
3 ms. Memory: 48128K Free: 17385K (36%)
ptolemy.util.test.WatchDog.cancel(): canceling Tue Oct 29 06:10:49 UTC 2019
------------------ testing $PTII/ptolemy/domains/de/test/auto/multirate.xml
auto.tcl: Setting watchdog for 200 seconds at Tue Oct 29 06:10:49 UTC 2019
4 ms. Memory: 48128K Free: 27725K (58%)
ptolemy.util.test.WatchDog.cancel(): canceling Tue Oct 29 06:10:49 UTC 2019
auto.tcl: Setting watchdog for 200 seconds at Tue Oct 29 06:10:49 UTC 2019
3 ms. Memory: 48128K Free: 26456K (55%)
ptolemy.util.test.WatchDog.cancel(): canceling Tue Oct 29 06:10:49 UTC 2019
------------------ testing $PTII/ptolemy/domains/de/test/auto/multirate2.xml
auto.tcl: Setting watchdog for 200 seconds at Tue Oct 29 06:10:50 UTC 2019
10 ms. Memory: 48128K Free: 27901K (58%)
ptolemy.util.test.WatchDog.cancel(): canceling Tue Oct 29 06:10:50 UTC 2019
auto.tcl: Setting watchdog for 200 seconds at Tue Oct 29 06:10:50 UTC 2019
5 ms. Memory: 48128K Free: 26656K (55%)
ptolemy.util.test.WatchDog.cancel(): canceling Tue Oct 29 06:10:50 UTC 2019
------------------ testing $PTII/ptolemy/domains/de/test/auto/realtime.xml
auto.tcl: Setting watchdog for 200 seconds at Tue Oct 29 06:10:50 UTC 2019
10003 ms. Memory: 48128K Free: 29978K (62%)
ptolemy.util.test.WatchDog.cancel(): canceling Tue Oct 29 06:11:00 UTC 2019
auto.tcl: Setting watchdog for 200 seconds at Tue Oct 29 06:11:00 UTC 2019
10002 ms. Memory: 48128K Free: 29222K (61%)
ptolemy.util.test.WatchDog.cancel(): canceling Tue Oct 29 06:11:10 UTC 2019
------------------ testing $PTII/ptolemy/domains/de/test/auto/relationGroup.xml
auto.tcl: Setting watchdog for 200 seconds at Tue Oct 29 06:11:10 UTC 2019
2 ms. Memory: 48128K Free: 31027K (64%)
ptolemy.util.test.WatchDog.cancel(): canceling Tue Oct 29 06:11:10 UTC 2019
auto.tcl: Setting watchdog for 200 seconds at Tue Oct 29 06:11:10 UTC 2019
2 ms. Memory: 48128K Free: 30271K (63%)
ptolemy.util.test.WatchDog.cancel(): canceling Tue Oct 29 06:11:10 UTC 2019
------------------ testing $PTII/ptolemy/domains/de/test/auto/relationGroup2.xml
auto.tcl: Setting watchdog for 200 seconds at Tue Oct 29 06:11:10 UTC 2019
1 ms. Memory: 48128K Free: 31053K (65%)
ptolemy.util.test.WatchDog.cancel(): canceling Tue Oct 29 06:11:10 UTC 2019
auto.tcl: Setting watchdog for 200 seconds at Tue Oct 29 06:11:10 UTC 2019
2 ms. Memory: 48128K Free: 30298K (63%)
ptolemy.util.test.WatchDog.cancel(): canceling Tue Oct 29 06:11:10 UTC 2019
------------------ testing $PTII/ptolemy/domains/de/test/auto/sortWithOpaquePorts.xml
auto.tcl: Setting watchdog for 200 seconds at Tue Oct 29 06:11:10 UTC 2019
2 ms. Memory: 48128K Free: 29770K (62%)
ptolemy.util.test.WatchDog.cancel(): canceling Tue Oct 29 06:11:10 UTC 2019
auto.tcl: Setting watchdog for 200 seconds at Tue Oct 29 06:11:10 UTC 2019
3 ms. Memory: 48128K Free: 28760K (60%)
ptolemy.util.test.WatchDog.cancel(): canceling Tue Oct 29 06:11:10 UTC 2019
------------------ testing $PTII/ptolemy/domains/de/test/auto/transferInputsandOutputs.xml
auto.tcl: Setting watchdog for 200 seconds at Tue Oct 29 06:11:10 UTC 2019
7 ms. Memory: 48128K Free: 27214K (57%)
ptolemy.util.test.WatchDog.cancel(): canceling Tue Oct 29 06:11:10 UTC 2019
auto.tcl: Setting watchdog for 200 seconds at Tue Oct 29 06:11:10 UTC 2019
3 ms. Memory: 48128K Free: 26190K (54%)
ptolemy.util.test.WatchDog.cancel(): canceling Tue Oct 29 06:11:10 UTC 2019
------------------ testing $PTII/ptolemy/domains/de/test/auto/triggerType.xml
auto.tcl: Setting watchdog for 200 seconds at Tue Oct 29 06:11:10 UTC 2019
2 ms. Memory: 48128K Free: 30239K (63%)
ptolemy.util.test.WatchDog.cancel(): canceling Tue Oct 29 06:11:10 UTC 2019
auto.tcl: Setting watchdog for 200 seconds at Tue Oct 29 06:11:10 UTC 2019
2 ms. Memory: 48128K Free: 29255K (61%)
ptolemy.util.test.WatchDog.cancel(): canceling Tue Oct 29 06:11:10 UTC 2019
10/29/19 06:11:10
Failed: 0  Total Tests: 192  ((Passed: 187, Newly Passed: 1)  Known Failed: 5) /home/travis/build/icyphy/ptII/ptolemy/domains/de/test
10/29/19 06:11:10
Failed: 0  Total Tests: 192  ((Passed: 187, Newly Passed: 1)  Known Failed: 5) /home/travis/build/icyphy/ptII/ptolemy/domains/de/test
----------------- testing (KnownFailure) /home/travis/build/icyphy/ptII/ptolemy/domains/de/test/auto/knownFailedTests/DESDFClockTest.xml
2013 ms. Memory: 48128K Free: 23124K (48%)
Known Failure: java.lang.reflect.InvocationTargetException
----------------- testing (KnownFailure) /home/travis/build/icyphy/ptII/ptolemy/domains/de/test/auto/knownFailedTests/DirectFeedback.xml
9 ms. Memory: 48128K Free: 19538K (41%)
Known Failure: java.lang.reflect.InvocationTargetException
----------------- testing (KnownFailure) /home/travis/build/icyphy/ptII/ptolemy/domains/de/test/auto/knownFailedTests/FSMSource.xml
22 ms. Memory: 48128K Free: 11860K (25%)
----------------- testing (KnownFailure) /home/travis/build/icyphy/ptII/ptolemy/domains/de/test/auto/knownFailedTests/HierarchicalModel.xml
3 ms. Memory: 48128K Free: 21858K (45%)
Known Failure: java.lang.reflect.InvocationTargetException
----------------- testing (KnownFailure) /home/travis/build/icyphy/ptII/ptolemy/domains/de/test/auto/knownFailedTests/dependencyLoop.xml
8 ms. Memory: 48128K Free: 32503K (68%)
Known Failure: java.lang.reflect.InvocationTargetException
----------------- testing (KnownFailure) /home/travis/build/icyphy/ptII/ptolemy/domains/de/test/auto/knownFailedTests/dependencyLoop2.xml
8 ms. Memory: 48128K Free: 17578K (37%)
Known Failure: java.lang.reflect.InvocationTargetException
No auto/linux-amd64/*.xml tests in /home/travis/build/icyphy/ptII/ptolemy/domains/de/test
AutoTests.java: About to close Vertx.
AutoTests.java: Vertx closed.

===========================================================================================
----------------- testing Tue Oct 29 06:11:12 UTC 2019 /home/travis/build/icyphy/ptII/ptolemy/domains/de/test/auto/ActorDepthCalculation_actorWithoutPorts.xml
----------------- Instantiating /home/travis/build/icyphy/ptII/ptolemy/domains/de/test/auto/ActorDepthCalculation_actorWithoutPorts.xml
2 ms. Memory: 48128K Free: 11588K (24%)
----------------- Invoking toplevel() on ptolemy.moml.MoMLSimpleApplication@4ce6c99e
----------------- Done invoking toplevel() on ptolemy.moml.MoMLSimpleApplication@4ce6c99e
reloadAllAccessors: .ActorDepthCalculation_actorWithoutPorts

===========================================================================================
----------------- testing Tue Oct 29 06:11:12 UTC 2019 /home/travis/build/icyphy/ptII/ptolemy/domains/de/test/auto/AssemblyLine.xml
----------------- Instantiating /home/travis/build/icyphy/ptII/ptolemy/domains/de/test/auto/AssemblyLine.xml
4 ms. Memory: 48128K Free: 30366K (63%)
----------------- Invoking toplevel() on ptolemy.moml.MoMLSimpleApplication@483efcef
----------------- Done invoking toplevel() on ptolemy.moml.MoMLSimpleApplication@483efcef
reloadAllAccessors: .AssemblyLine

===========================================================================================
----------------- testing Tue Oct 29 06:11:12 UTC 2019 /home/travis/build/icyphy/ptII/ptolemy/domains/de/test/auto/CQBug1.xml
----------------- Instantiating /home/travis/build/icyphy/ptII/ptolemy/domains/de/test/auto/CQBug1.xml
3 ms. Memory: 48128K Free: 27489K (57%)
----------------- Invoking toplevel() on ptolemy.moml.MoMLSimpleApplication@235d42f1
----------------- Done invoking toplevel() on ptolemy.moml.MoMLSimpleApplication@235d42f1
reloadAllAccessors: .CQBug1

===========================================================================================
----------------- testing Tue Oct 29 06:11:13 UTC 2019 /home/travis/build/icyphy/ptII/ptolemy/domains/de/test/auto/CancelFireAt.xml
----------------- Instantiating /home/travis/build/icyphy/ptII/ptolemy/domains/de/test/auto/CancelFireAt.xml
1 ms. Memory: 48128K Free: 25099K (52%)
----------------- Invoking toplevel() on ptolemy.moml.MoMLSimpleApplication@47294cbe
----------------- Done invoking toplevel() on ptolemy.moml.MoMLSimpleApplication@47294cbe
reloadAllAccessors: .CancelFireAt

===========================================================================================
----------------- testing Tue Oct 29 06:11:13 UTC 2019 /home/travis/build/icyphy/ptII/ptolemy/domains/de/test/auto/CausalityAndComposabilityAnalysis.xml
----------------- Instantiating /home/travis/build/icyphy/ptII/ptolemy/domains/de/test/auto/CausalityAndComposabilityAnalysis.xml
10 ms. Memory: 48128K Free: 20979K (44%)
----------------- Invoking toplevel() on ptolemy.moml.MoMLSimpleApplication@6ec5b75a
----------------- Done invoking toplevel() on ptolemy.moml.MoMLSimpleApplication@6ec5b75a
reloadAllAccessors: .CausalityAndComposabilityAnalysis

===========================================================================================
----------------- testing Tue Oct 29 06:11:13 UTC 2019 /home/travis/build/icyphy/ptII/ptolemy/domains/de/test/auto/CausalityInterface1.xml
----------------- Instantiating /home/travis/build/icyphy/ptII/ptolemy/domains/de/test/auto/CausalityInterface1.xml
9 ms. Memory: 48128K Free: 16086K (33%)
----------------- Invoking toplevel() on ptolemy.moml.MoMLSimpleApplication@22697339
----------------- Done invoking toplevel() on ptolemy.moml.MoMLSimpleApplication@22697339
reloadAllAccessors: .CausalityInterface1

===========================================================================================
----------------- testing Tue Oct 29 06:11:13 UTC 2019 /home/travis/build/icyphy/ptII/ptolemy/domains/de/test/auto/CausalityInterface15.xml
----------------- Instantiating /home/travis/build/icyphy/ptII/ptolemy/domains/de/test/auto/CausalityInterface15.xml
6 ms. Memory: 48128K Free: 10683K (22%)
----------------- Invoking toplevel() on ptolemy.moml.MoMLSimpleApplication@1b0d432d
----------------- Done invoking toplevel() on ptolemy.moml.MoMLSimpleApplication@1b0d432d
reloadAllAccessors: .CausalityInterface15

===========================================================================================
----------------- testing Tue Oct 29 06:11:13 UTC 2019 /home/travis/build/icyphy/ptII/ptolemy/domains/de/test/auto/CausalityInterface2.xml
----------------- Instantiating /home/travis/build/icyphy/ptII/ptolemy/domains/de/test/auto/CausalityInterface2.xml
2 ms. Memory: 48128K Free: 31807K (66%)
----------------- Invoking toplevel() on ptolemy.moml.MoMLSimpleApplication@6326d5ac
----------------- Done invoking toplevel() on ptolemy.moml.MoMLSimpleApplication@6326d5ac
reloadAllAccessors: .CausalityInterface2

===========================================================================================
----------------- testing Tue Oct 29 06:11:13 UTC 2019 /home/travis/build/icyphy/ptII/ptolemy/domains/de/test/auto/CausalityInterface3.xml
----------------- Instantiating /home/travis/build/icyphy/ptII/ptolemy/domains/de/test/auto/CausalityInterface3.xml
3 ms. Memory: 48128K Free: 26725K (56%)
----------------- Invoking toplevel() on ptolemy.moml.MoMLSimpleApplication@2a6e4ee
----------------- Done invoking toplevel() on ptolemy.moml.MoMLSimpleApplication@2a6e4ee
reloadAllAccessors: .CausalityInterface3

===========================================================================================
----------------- testing Tue Oct 29 06:11:13 UTC 2019 /home/travis/build/icyphy/ptII/ptolemy/domains/de/test/auto/ClockDrift.xml
----------------- Instantiating /home/travis/build/icyphy/ptII/ptolemy/domains/de/test/auto/ClockDrift.xml
16 ms. Memory: 48128K Free: 14949K (31%)
----------------- Invoking toplevel() on ptolemy.moml.MoMLSimpleApplication@4b7ae9e4
----------------- Done invoking toplevel() on ptolemy.moml.MoMLSimpleApplication@4b7ae9e4
reloadAllAccessors: .ClockDrift

===========================================================================================
----------------- testing Tue Oct 29 06:11:13 UTC 2019 /home/travis/build/icyphy/ptII/ptolemy/domains/de/test/auto/ClockDriftAndValueChange.xml
----------------- Instantiating /home/travis/build/icyphy/ptII/ptolemy/domains/de/test/auto/ClockDriftAndValueChange.xml
11 ms. Memory: 48128K Free: 28802K (60%)
----------------- Invoking toplevel() on ptolemy.moml.MoMLSimpleApplication@155a51dd
----------------- Done invoking toplevel() on ptolemy.moml.MoMLSimpleApplication@155a51dd
reloadAllAccessors: .ClockDriftAndValueChange

===========================================================================================
----------------- testing Tue Oct 29 06:11:13 UTC 2019 /home/travis/build/icyphy/ptII/ptolemy/domains/de/test/auto/ClockDriftChange.xml
----------------- Instantiating /home/travis/build/icyphy/ptII/ptolemy/domains/de/test/auto/ClockDriftChange.xml
11 ms. Memory: 48128K Free: 18890K (39%)
----------------- Invoking toplevel() on ptolemy.moml.MoMLSimpleApplication@77478857
----------------- Done invoking toplevel() on ptolemy.moml.MoMLSimpleApplication@77478857
reloadAllAccessors: .ClockDriftChange

===========================================================================================
----------------- testing Tue Oct 29 06:11:13 UTC 2019 /home/travis/build/icyphy/ptII/ptolemy/domains/de/test/auto/ComposableCausalityAnalysis.xml
----------------- Instantiating /home/travis/build/icyphy/ptII/ptolemy/domains/de/test/auto/ComposableCausalityAnalysis.xml
2 ms. Memory: 48128K Free: 13224K (27%)
----------------- Invoking toplevel() on ptolemy.moml.MoMLSimpleApplication@32bba684
----------------- Done invoking toplevel() on ptolemy.moml.MoMLSimpleApplication@32bba684
reloadAllAccessors: .ComposableCausalityAnalysis

===========================================================================================
----------------- testing Tue Oct 29 06:11:13 UTC 2019 /home/travis/build/icyphy/ptII/ptolemy/domains/de/test/auto/DEFixedPointLimitation.xml
----------------- Instantiating /home/travis/build/icyphy/ptII/ptolemy/domains/de/test/auto/DEFixedPointLimitation.xml
5 ms. Memory: 48128K Free: 33564K (70%)
----------------- Invoking toplevel() on ptolemy.moml.MoMLSimpleApplication@3846dced
----------------- Done invoking toplevel() on ptolemy.moml.MoMLSimpleApplication@3846dced
reloadAllAccessors: .DEFixedPointLimitation

===========================================================================================
----------------- testing Tue Oct 29 06:11:13 UTC 2019 /home/travis/build/icyphy/ptII/ptolemy/domains/de/test/auto/DEScheduleTest.xml
----------------- Instantiating /home/travis/build/icyphy/ptII/ptolemy/domains/de/test/auto/DEScheduleTest.xml
2 ms. Memory: 48128K Free: 29170K (61%)
----------------- Invoking toplevel() on ptolemy.moml.MoMLSimpleApplication@33a7ed29
----------------- Done invoking toplevel() on ptolemy.moml.MoMLSimpleApplication@33a7ed29
reloadAllAccessors: .DEScheduleTest

===========================================================================================
----------------- testing Tue Oct 29 06:11:13 UTC 2019 /home/travis/build/icyphy/ptII/ptolemy/domains/de/test/auto/DEinDEwithStartTimes.xml
----------------- Instantiating /home/travis/build/icyphy/ptII/ptolemy/domains/de/test/auto/DEinDEwithStartTimes.xml
2 ms. Memory: 48128K Free: 23490K (49%)
----------------- Invoking toplevel() on ptolemy.moml.MoMLSimpleApplication@64df1464
----------------- Done invoking toplevel() on ptolemy.moml.MoMLSimpleApplication@64df1464
reloadAllAccessors: .DEinDEwithStartTimes

===========================================================================================
----------------- testing Tue Oct 29 06:11:13 UTC 2019 /home/travis/build/icyphy/ptII/ptolemy/domains/de/test/auto/DEinDEwithStartTimes2.xml
----------------- Instantiating /home/travis/build/icyphy/ptII/ptolemy/domains/de/test/auto/DEinDEwithStartTimes2.xml
3 ms. Memory: 48128K Free: 17055K (35%)
----------------- Invoking toplevel() on ptolemy.moml.MoMLSimpleApplication@27068d52
----------------- Done invoking toplevel() on ptolemy.moml.MoMLSimpleApplication@27068d52
reloadAllAccessors: .DEinDEwithStartTimes2

===========================================================================================
----------------- testing Tue Oct 29 06:11:13 UTC 2019 /home/travis/build/icyphy/ptII/ptolemy/domains/de/test/auto/DateDemo.xml
----------------- Instantiating /home/travis/build/icyphy/ptII/ptolemy/domains/de/test/auto/DateDemo.xml
8 ms. Memory: 48128K Free: 30212K (63%)
----------------- Invoking toplevel() on ptolemy.moml.MoMLSimpleApplication@1f9ad188
----------------- Done invoking toplevel() on ptolemy.moml.MoMLSimpleApplication@1f9ad188
reloadAllAccessors: .DateDemo

===========================================================================================
----------------- testing Tue Oct 29 06:11:13 UTC 2019 /home/travis/build/icyphy/ptII/ptolemy/domains/de/test/auto/DateToEvent.xml
----------------- Instantiating /home/travis/build/icyphy/ptII/ptolemy/domains/de/test/auto/DateToEvent.xml
2006 ms. Memory: 48128K Free: 14758K (31%)
----------------- Invoking toplevel() on ptolemy.moml.MoMLSimpleApplication@12595b7c
----------------- Done invoking toplevel() on ptolemy.moml.MoMLSimpleApplication@12595b7c
reloadAllAccessors: .DateToEvent

===========================================================================================
----------------- testing Tue Oct 29 06:11:15 UTC 2019 /home/travis/build/icyphy/ptII/ptolemy/domains/de/test/auto/DepthTest1.xml
----------------- Instantiating /home/travis/build/icyphy/ptII/ptolemy/domains/de/test/auto/DepthTest1.xml
2 ms. Memory: 48128K Free: 11984K (25%)
----------------- Invoking toplevel() on ptolemy.moml.MoMLSimpleApplication@5a580c14
----------------- Done invoking toplevel() on ptolemy.moml.MoMLSimpleApplication@5a580c14
reloadAllAccessors: .DepthTest1

===========================================================================================
----------------- testing Tue Oct 29 06:11:15 UTC 2019 /home/travis/build/icyphy/ptII/ptolemy/domains/de/test/auto/DepthTest2.xml
----------------- Instantiating /home/travis/build/icyphy/ptII/ptolemy/domains/de/test/auto/DepthTest2.xml
2 ms. Memory: 48128K Free: 30346K (63%)
----------------- Invoking toplevel() on ptolemy.moml.MoMLSimpleApplication@2515cea8
----------------- Done invoking toplevel() on ptolemy.moml.MoMLSimpleApplication@2515cea8
reloadAllAccessors: .DepthTest2

===========================================================================================
----------------- testing Tue Oct 29 06:11:15 UTC 2019 /home/travis/build/icyphy/ptII/ptolemy/domains/de/test/auto/DepthTest3.xml
----------------- Instantiating /home/travis/build/icyphy/ptII/ptolemy/domains/de/test/auto/DepthTest3.xml
2 ms. Memory: 48128K Free: 27454K (57%)
----------------- Invoking toplevel() on ptolemy.moml.MoMLSimpleApplication@4e741170
----------------- Done invoking toplevel() on ptolemy.moml.MoMLSimpleApplication@4e741170
reloadAllAccessors: .DepthTest3

===========================================================================================
----------------- testing Tue Oct 29 06:11:15 UTC 2019 /home/travis/build/icyphy/ptII/ptolemy/domains/de/test/auto/DepthTest4.xml
----------------- Instantiating /home/travis/build/icyphy/ptII/ptolemy/domains/de/test/auto/DepthTest4.xml
2 ms. Memory: 48128K Free: 22606K (47%)
----------------- Invoking toplevel() on ptolemy.moml.MoMLSimpleApplication@4a2bdea3
----------------- Done invoking toplevel() on ptolemy.moml.MoMLSimpleApplication@4a2bdea3
reloadAllAccessors: .DepthTest4

===========================================================================================
----------------- testing Tue Oct 29 06:11:15 UTC 2019 /home/travis/build/icyphy/ptII/ptolemy/domains/de/test/auto/DepthTest5.xml
----------------- Instantiating /home/travis/build/icyphy/ptII/ptolemy/domains/de/test/auto/DepthTest5.xml
14 ms. Memory: 48128K Free: 17276K (36%)
----------------- Invoking toplevel() on ptolemy.moml.MoMLSimpleApplication@73c82167
----------------- Done invoking toplevel() on ptolemy.moml.MoMLSimpleApplication@73c82167
reloadAllAccessors: .DepthTest5

===========================================================================================
----------------- testing Tue Oct 29 06:11:15 UTC 2019 /home/travis/build/icyphy/ptII/ptolemy/domains/de/test/auto/DepthTest6.xml
----------------- Instantiating /home/travis/build/icyphy/ptII/ptolemy/domains/de/test/auto/DepthTest6.xml
2 ms. Memory: 48128K Free: 11976K (25%)
----------------- Invoking toplevel() on ptolemy.moml.MoMLSimpleApplication@4965bfd7
----------------- Done invoking toplevel() on ptolemy.moml.MoMLSimpleApplication@4965bfd7
reloadAllAccessors: .DepthTest6

===========================================================================================
----------------- testing Tue Oct 29 06:11:15 UTC 2019 /home/travis/build/icyphy/ptII/ptolemy/domains/de/test/auto/DepthTest7.xml
----------------- Instantiating /home/travis/build/icyphy/ptII/ptolemy/domains/de/test/auto/DepthTest7.xml
1 ms. Memory: 48128K Free: 31655K (66%)
----------------- Invoking toplevel() on ptolemy.moml.MoMLSimpleApplication@212416db
----------------- Done invoking toplevel() on ptolemy.moml.MoMLSimpleApplication@212416db
reloadAllAccessors: .DepthTest7

===========================================================================================
----------------- testing Tue Oct 29 06:11:15 UTC 2019 /home/travis/build/icyphy/ptII/ptolemy/domains/de/test/auto/EventToDate.xml
----------------- Instantiating /home/travis/build/icyphy/ptII/ptolemy/domains/de/test/auto/EventToDate.xml
3004 ms. Memory: 48128K Free: 18155K (38%)
----------------- Invoking toplevel() on ptolemy.moml.MoMLSimpleApplication@6661b1d5
----------------- Done invoking toplevel() on ptolemy.moml.MoMLSimpleApplication@6661b1d5
reloadAllAccessors: .EventToDate

===========================================================================================
----------------- testing Tue Oct 29 06:11:18 UTC 2019 /home/travis/build/icyphy/ptII/ptolemy/domains/de/test/auto/FSM1.xml
----------------- Instantiating /home/travis/build/icyphy/ptII/ptolemy/domains/de/test/auto/FSM1.xml
16 ms. Memory: 48128K Free: 30777K (64%)
----------------- Invoking toplevel() on ptolemy.moml.MoMLSimpleApplication@6380326e
----------------- Done invoking toplevel() on ptolemy.moml.MoMLSimpleApplication@6380326e
reloadAllAccessors: .FSM1

===========================================================================================
----------------- testing Tue Oct 29 06:11:18 UTC 2019 /home/travis/build/icyphy/ptII/ptolemy/domains/de/test/auto/FSM7.xml
----------------- Instantiating /home/travis/build/icyphy/ptII/ptolemy/domains/de/test/auto/FSM7.xml
23 ms. Memory: 48128K Free: 18309K (38%)
----------------- Invoking toplevel() on ptolemy.moml.MoMLSimpleApplication@29323404
----------------- Done invoking toplevel() on ptolemy.moml.MoMLSimpleApplication@29323404
reloadAllAccessors: .FSM7

===========================================================================================
----------------- testing Tue Oct 29 06:11:18 UTC 2019 /home/travis/build/icyphy/ptII/ptolemy/domains/de/test/auto/Inspection.xml
----------------- Instantiating /home/travis/build/icyphy/ptII/ptolemy/domains/de/test/auto/Inspection.xml
15 ms. Memory: 48128K Free: 30395K (63%)
----------------- Invoking toplevel() on ptolemy.moml.MoMLSimpleApplication@4a9d4a5f
----------------- Done invoking toplevel() on ptolemy.moml.MoMLSimpleApplication@4a9d4a5f
reloadAllAccessors: .Inspection

===========================================================================================
----------------- testing Tue Oct 29 06:11:18 UTC 2019 /home/travis/build/icyphy/ptII/ptolemy/domains/de/test/auto/Iteration.xml
----------------- Instantiating /home/travis/build/icyphy/ptII/ptolemy/domains/de/test/auto/Iteration.xml
11 ms. Memory: 48128K Free: 23421K (49%)
----------------- Invoking toplevel() on ptolemy.moml.MoMLSimpleApplication@52574b24
----------------- Done invoking toplevel() on ptolemy.moml.MoMLSimpleApplication@52574b24
reloadAllAccessors: .Iteration

===========================================================================================
----------------- testing Tue Oct 29 06:11:18 UTC 2019 /home/travis/build/icyphy/ptII/ptolemy/domains/de/test/auto/LineFault.xml
----------------- Instantiating /home/travis/build/icyphy/ptII/ptolemy/domains/de/test/auto/LineFault.xml
558 ms. Memory: 58368K Free: 18826K (32%)
----------------- Invoking toplevel() on ptolemy.moml.MoMLSimpleApplication@3d5353b0
----------------- Done invoking toplevel() on ptolemy.moml.MoMLSimpleApplication@3d5353b0
reloadAllAccessors: .LineFault

===========================================================================================
----------------- testing Tue Oct 29 06:11:19 UTC 2019 /home/travis/build/icyphy/ptII/ptolemy/domains/de/test/auto/MergeModel1Add.xml
----------------- Instantiating /home/travis/build/icyphy/ptII/ptolemy/domains/de/test/auto/MergeModel1Add.xml
8 ms. Memory: 58368K Free: 27944K (48%)
----------------- Invoking toplevel() on ptolemy.moml.MoMLSimpleApplication@4c476a67
----------------- Done invoking toplevel() on ptolemy.moml.MoMLSimpleApplication@4c476a67
reloadAllAccessors: .MergeModel1Add

===========================================================================================
----------------- testing Tue Oct 29 06:11:19 UTC 2019 /home/travis/build/icyphy/ptII/ptolemy/domains/de/test/auto/MergeModel2Add.xml
----------------- Instantiating /home/travis/build/icyphy/ptII/ptolemy/domains/de/test/auto/MergeModel2Add.xml
6 ms. Memory: 58368K Free: 38164K (65%)
----------------- Invoking toplevel() on ptolemy.moml.MoMLSimpleApplication@4a2de0a0
----------------- Done invoking toplevel() on ptolemy.moml.MoMLSimpleApplication@4a2de0a0
reloadAllAccessors: .MergeModel2Add

===========================================================================================
----------------- testing Tue Oct 29 06:11:19 UTC 2019 /home/travis/build/icyphy/ptII/ptolemy/domains/de/test/auto/MergeModel3Add.xml
----------------- Instantiating /home/travis/build/icyphy/ptII/ptolemy/domains/de/test/auto/MergeModel3Add.xml
7 ms. Memory: 58368K Free: 20287K (35%)
----------------- Invoking toplevel() on ptolemy.moml.MoMLSimpleApplication@3c415105
----------------- Done invoking toplevel() on ptolemy.moml.MoMLSimpleApplication@3c415105
reloadAllAccessors: .MergeModel3Add

===========================================================================================
----------------- testing Tue Oct 29 06:11:19 UTC 2019 /home/travis/build/icyphy/ptII/ptolemy/domains/de/test/auto/MergeWithoutDiscard.xml
----------------- Instantiating /home/travis/build/icyphy/ptII/ptolemy/domains/de/test/auto/MergeWithoutDiscard.xml
1 ms. Memory: 58368K Free: 15913K (27%)
----------------- Invoking toplevel() on ptolemy.moml.MoMLSimpleApplication@ffd3679
----------------- Done invoking toplevel() on ptolemy.moml.MoMLSimpleApplication@ffd3679
reloadAllAccessors: .MergeWithoutDiscard

===========================================================================================
----------------- testing Tue Oct 29 06:11:19 UTC 2019 /home/travis/build/icyphy/ptII/ptolemy/domains/de/test/auto/Modal1.xml
----------------- Instantiating /home/travis/build/icyphy/ptII/ptolemy/domains/de/test/auto/Modal1.xml
8 ms. Memory: 58368K Free: 31797K (54%)
----------------- Invoking toplevel() on ptolemy.moml.MoMLSimpleApplication@788979d6
----------------- Done invoking toplevel() on ptolemy.moml.MoMLSimpleApplication@788979d6
reloadAllAccessors: .Modal1

===========================================================================================
----------------- testing Tue Oct 29 06:11:19 UTC 2019 /home/travis/build/icyphy/ptII/ptolemy/domains/de/test/auto/Modal2.xml
----------------- Instantiating /home/travis/build/icyphy/ptII/ptolemy/domains/de/test/auto/Modal2.xml
14 ms. Memory: 58368K Free: 19493K (33%)
----------------- Invoking toplevel() on ptolemy.moml.MoMLSimpleApplication@53018785
----------------- Done invoking toplevel() on ptolemy.moml.MoMLSimpleApplication@53018785
reloadAllAccessors: .Modal2

===========================================================================================
----------------- testing Tue Oct 29 06:11:19 UTC 2019 /home/travis/build/icyphy/ptII/ptolemy/domains/de/test/auto/Modal3.xml
----------------- Instantiating /home/travis/build/icyphy/ptII/ptolemy/domains/de/test/auto/Modal3.xml
10 ms. Memory: 70656K Free: 48232K (68%)
----------------- Invoking toplevel() on ptolemy.moml.MoMLSimpleApplication@2113af2c
----------------- Done invoking toplevel() on ptolemy.moml.MoMLSimpleApplication@2113af2c
reloadAllAccessors: .Modal3

===========================================================================================
----------------- testing Tue Oct 29 06:11:19 UTC 2019 /home/travis/build/icyphy/ptII/ptolemy/domains/de/test/auto/Modal4.xml
----------------- Instantiating /home/travis/build/icyphy/ptII/ptolemy/domains/de/test/auto/Modal4.xml
16 ms. Memory: 70656K Free: 34952K (49%)
----------------- Invoking toplevel() on ptolemy.moml.MoMLSimpleApplication@4789b39a
----------------- Done invoking toplevel() on ptolemy.moml.MoMLSimpleApplication@4789b39a
reloadAllAccessors: .Modal4

===========================================================================================
----------------- testing Tue Oct 29 06:11:19 UTC 2019 /home/travis/build/icyphy/ptII/ptolemy/domains/de/test/auto/Modal5.xml
----------------- Instantiating /home/travis/build/icyphy/ptII/ptolemy/domains/de/test/auto/Modal5.xml
10 ms. Memory: 70656K Free: 21994K (31%)
----------------- Invoking toplevel() on ptolemy.moml.MoMLSimpleApplication@6b7bd46c
----------------- Done invoking toplevel() on ptolemy.moml.MoMLSimpleApplication@6b7bd46c
reloadAllAccessors: .Modal5

===========================================================================================
----------------- testing Tue Oct 29 06:11:20 UTC 2019 /home/travis/build/icyphy/ptII/ptolemy/domains/de/test/auto/Modal6.xml
----------------- Instantiating /home/travis/build/icyphy/ptII/ptolemy/domains/de/test/auto/Modal6.xml
13 ms. Memory: 70656K Free: 43569K (62%)
----------------- Invoking toplevel() on ptolemy.moml.MoMLSimpleApplication@13347105
----------------- Done invoking toplevel() on ptolemy.moml.MoMLSimpleApplication@13347105
reloadAllAccessors: .Modal6

===========================================================================================
----------------- testing Tue Oct 29 06:11:20 UTC 2019 /home/travis/build/icyphy/ptII/ptolemy/domains/de/test/auto/Modal7.xml
----------------- Instantiating /home/travis/build/icyphy/ptII/ptolemy/domains/de/test/auto/Modal7.xml
9 ms. Memory: 70656K Free: 30279K (43%)
----------------- Invoking toplevel() on ptolemy.moml.MoMLSimpleApplication@79f871e7
----------------- Done invoking toplevel() on ptolemy.moml.MoMLSimpleApplication@79f871e7
reloadAllAccessors: .Modal7

===========================================================================================
----------------- testing Tue Oct 29 06:11:20 UTC 2019 /home/travis/build/icyphy/ptII/ptolemy/domains/de/test/auto/ModalModel.xml
----------------- Instantiating /home/travis/build/icyphy/ptII/ptolemy/domains/de/test/auto/ModalModel.xml
148 ms. Memory: 70656K Free: 33792K (48%)
----------------- Invoking toplevel() on ptolemy.moml.MoMLSimpleApplication@161226c
----------------- Done invoking toplevel() on ptolemy.moml.MoMLSimpleApplication@161226c
reloadAllAccessors: .ModalModel

===========================================================================================
----------------- testing Tue Oct 29 06:11:20 UTC 2019 /home/travis/build/icyphy/ptII/ptolemy/domains/de/test/auto/ModalSource.xml
----------------- Instantiating /home/travis/build/icyphy/ptII/ptolemy/domains/de/test/auto/ModalSource.xml
5 ms. Memory: 70656K Free: 25329K (36%)
----------------- Invoking toplevel() on ptolemy.moml.MoMLSimpleApplication@2217bc
----------------- Done invoking toplevel() on ptolemy.moml.MoMLSimpleApplication@2217bc
reloadAllAccessors: .ModalSource

===========================================================================================
----------------- testing Tue Oct 29 06:11:20 UTC 2019 /home/travis/build/icyphy/ptII/ptolemy/domains/de/test/auto/NonInterruptibleTimerZeroDelay.xml
----------------- Instantiating /home/travis/build/icyphy/ptII/ptolemy/domains/de/test/auto/NonInterruptibleTimerZeroDelay.xml
2 ms. Memory: 70656K Free: 21609K (31%)
----------------- Invoking toplevel() on ptolemy.moml.MoMLSimpleApplication@6edf0a65
----------------- Done invoking toplevel() on ptolemy.moml.MoMLSimpleApplication@6edf0a65
reloadAllAccessors: .NonInterruptibleTimerZeroDelay

===========================================================================================
----------------- testing Tue Oct 29 06:11:20 UTC 2019 /home/travis/build/icyphy/ptII/ptolemy/domains/de/test/auto/OpenQueueingNetwork.xml
----------------- Instantiating /home/travis/build/icyphy/ptII/ptolemy/domains/de/test/auto/OpenQueueingNetwork.xml
2723 ms. Memory: 194560K Free: 133082K (68%)
----------------- Invoking toplevel() on ptolemy.moml.MoMLSimpleApplication@3a85eb36
----------------- Done invoking toplevel() on ptolemy.moml.MoMLSimpleApplication@3a85eb36
reloadAllAccessors: .OpenQueueingNetwork

===========================================================================================
----------------- testing Tue Oct 29 06:11:23 UTC 2019 /home/travis/build/icyphy/ptII/ptolemy/domains/de/test/auto/OpenQueuingNetwork.xml
----------------- Instantiating /home/travis/build/icyphy/ptII/ptolemy/domains/de/test/auto/OpenQueuingNetwork.xml
257 ms. Memory: 194560K Free: 171475K (88%)
----------------- Invoking toplevel() on ptolemy.moml.MoMLSimpleApplication@488afcfc
----------------- Done invoking toplevel() on ptolemy.moml.MoMLSimpleApplication@488afcfc
reloadAllAccessors: .OpenQueuingNetwork

===========================================================================================
----------------- testing Tue Oct 29 06:11:23 UTC 2019 /home/travis/build/icyphy/ptII/ptolemy/domains/de/test/auto/PeriodicSampler.xml
----------------- Instantiating /home/travis/build/icyphy/ptII/ptolemy/domains/de/test/auto/PeriodicSampler.xml
2 ms. Memory: 194560K Free: 166865K (86%)
----------------- Invoking toplevel() on ptolemy.moml.MoMLSimpleApplication@386d6fbf
----------------- Done invoking toplevel() on ptolemy.moml.MoMLSimpleApplication@386d6fbf
reloadAllAccessors: .PeriodicSampler

===========================================================================================
----------------- testing Tue Oct 29 06:11:23 UTC 2019 /home/travis/build/icyphy/ptII/ptolemy/domains/de/test/auto/PersistentIO.xml
----------------- Instantiating /home/travis/build/icyphy/ptII/ptolemy/domains/de/test/auto/PersistentIO.xml
11 ms. Memory: 194560K Free: 157619K (81%)
----------------- Invoking toplevel() on ptolemy.moml.MoMLSimpleApplication@386e4749
----------------- Done invoking toplevel() on ptolemy.moml.MoMLSimpleApplication@386e4749
reloadAllAccessors: .PersistentIO

===========================================================================================
----------------- testing Tue Oct 29 06:11:23 UTC 2019 /home/travis/build/icyphy/ptII/ptolemy/domains/de/test/auto/PortParameterResetOnInitialize.xml
----------------- Instantiating /home/travis/build/icyphy/ptII/ptolemy/domains/de/test/auto/PortParameterResetOnInitialize.xml
1 ms. Memory: 194560K Free: 153043K (79%)
----------------- Invoking toplevel() on ptolemy.moml.MoMLSimpleApplication@17b1b74a
----------------- Done invoking toplevel() on ptolemy.moml.MoMLSimpleApplication@17b1b74a
reloadAllAccessors: .PortParameterResetOnInitialize

===========================================================================================
----------------- testing Tue Oct 29 06:11:23 UTC 2019 /home/travis/build/icyphy/ptII/ptolemy/domains/de/test/auto/PortParameterUpdates.xml
----------------- Instantiating /home/travis/build/icyphy/ptII/ptolemy/domains/de/test/auto/PortParameterUpdates.xml
3 ms. Memory: 194560K Free: 146371K (75%)
----------------- Invoking toplevel() on ptolemy.moml.MoMLSimpleApplication@6d89676d
----------------- Done invoking toplevel() on ptolemy.moml.MoMLSimpleApplication@6d89676d
reloadAllAccessors: .PortParameterUpdates

===========================================================================================
----------------- testing Tue Oct 29 06:11:23 UTC 2019 /home/travis/build/icyphy/ptII/ptolemy/domains/de/test/auto/QueueAndServer.xml
----------------- Instantiating /home/travis/build/icyphy/ptII/ptolemy/domains/de/test/auto/QueueAndServer.xml
5 ms. Memory: 194560K Free: 138707K (71%)
----------------- Invoking toplevel() on ptolemy.moml.MoMLSimpleApplication@13f33af9
----------------- Done invoking toplevel() on ptolemy.moml.MoMLSimpleApplication@13f33af9
reloadAllAccessors: .QueueAndServer

===========================================================================================
----------------- testing Tue Oct 29 06:11:23 UTC 2019 /home/travis/build/icyphy/ptII/ptolemy/domains/de/test/auto/Records.xml
----------------- Instantiating /home/travis/build/icyphy/ptII/ptolemy/domains/de/test/auto/Records.xml
9 ms. Memory: 194560K Free: 133073K (68%)
----------------- Invoking toplevel() on ptolemy.moml.MoMLSimpleApplication@2350a518
----------------- Done invoking toplevel() on ptolemy.moml.MoMLSimpleApplication@2350a518
reloadAllAccessors: .Records

===========================================================================================
----------------- testing Tue Oct 29 06:11:23 UTC 2019 /home/travis/build/icyphy/ptII/ptolemy/domains/de/test/auto/ResetTransitionWithStartTime1.xml
----------------- Instantiating /home/travis/build/icyphy/ptII/ptolemy/domains/de/test/auto/ResetTransitionWithStartTime1.xml
6 ms. Memory: 194560K Free: 124867K (64%)
----------------- Invoking toplevel() on ptolemy.moml.MoMLSimpleApplication@68af5737
----------------- Done invoking toplevel() on ptolemy.moml.MoMLSimpleApplication@68af5737
reloadAllAccessors: .ResetTransitionWithStartTime1

===========================================================================================
----------------- testing Tue Oct 29 06:11:23 UTC 2019 /home/travis/build/icyphy/ptII/ptolemy/domains/de/test/auto/ResetTransitionWithStartTime2.xml
----------------- Instantiating /home/travis/build/icyphy/ptII/ptolemy/domains/de/test/auto/ResetTransitionWithStartTime2.xml
6 ms. Memory: 194560K Free: 116689K (60%)
----------------- Invoking toplevel() on ptolemy.moml.MoMLSimpleApplication@74df6854
----------------- Done invoking toplevel() on ptolemy.moml.MoMLSimpleApplication@74df6854
reloadAllAccessors: .ResetTransitionWithStartTime2

===========================================================================================
----------------- testing Tue Oct 29 06:11:23 UTC 2019 /home/travis/build/icyphy/ptII/ptolemy/domains/de/test/auto/ResetTransitionWithStartTime3.xml
----------------- Instantiating /home/travis/build/icyphy/ptII/ptolemy/domains/de/test/auto/ResetTransitionWithStartTime3.xml
4 ms. Memory: 194560K Free: 108497K (56%)
----------------- Invoking toplevel() on ptolemy.moml.MoMLSimpleApplication@3b0c0f8c
----------------- Done invoking toplevel() on ptolemy.moml.MoMLSimpleApplication@3b0c0f8c
reloadAllAccessors: .ResetTransitionWithStartTime3

===========================================================================================
----------------- testing Tue Oct 29 06:11:23 UTC 2019 /home/travis/build/icyphy/ptII/ptolemy/domains/de/test/auto/ResetTransitionWithStartTime4.xml
----------------- Instantiating /home/travis/build/icyphy/ptII/ptolemy/domains/de/test/auto/ResetTransitionWithStartTime4.xml
3 ms. Memory: 194560K Free: 100819K (52%)
----------------- Invoking toplevel() on ptolemy.moml.MoMLSimpleApplication@240a252
----------------- Done invoking toplevel() on ptolemy.moml.MoMLSimpleApplication@240a252
reloadAllAccessors: .ResetTransitionWithStartTime4

===========================================================================================
----------------- testing Tue Oct 29 06:11:23 UTC 2019 /home/travis/build/icyphy/ptII/ptolemy/domains/de/test/auto/ResettableTimer1.xml
----------------- Instantiating /home/travis/build/icyphy/ptII/ptolemy/domains/de/test/auto/ResettableTimer1.xml
2 ms. Memory: 194560K Free: 96723K (50%)
----------------- Invoking toplevel() on ptolemy.moml.MoMLSimpleApplication@7af57c48
----------------- Done invoking toplevel() on ptolemy.moml.MoMLSimpleApplication@7af57c48
reloadAllAccessors: .ResettableTimer1

===========================================================================================
----------------- testing Tue Oct 29 06:11:23 UTC 2019 /home/travis/build/icyphy/ptII/ptolemy/domains/de/test/auto/ResettableTimer2.xml
----------------- Instantiating /home/travis/build/icyphy/ptII/ptolemy/domains/de/test/auto/ResettableTimer2.xml
2 ms. Memory: 194560K Free: 92627K (48%)
----------------- Invoking toplevel() on ptolemy.moml.MoMLSimpleApplication@32dbc530
----------------- Done invoking toplevel() on ptolemy.moml.MoMLSimpleApplication@32dbc530
reloadAllAccessors: .ResettableTimer2

===========================================================================================
----------------- testing Tue Oct 29 06:11:23 UTC 2019 /home/travis/build/icyphy/ptII/ptolemy/domains/de/test/auto/ResettableTimer3.xml
----------------- Instantiating /home/travis/build/icyphy/ptII/ptolemy/domains/de/test/auto/ResettableTimer3.xml
2 ms. Memory: 194560K Free: 88531K (46%)
----------------- Invoking toplevel() on ptolemy.moml.MoMLSimpleApplication@2fee1bf7
----------------- Done invoking toplevel() on ptolemy.moml.MoMLSimpleApplication@2fee1bf7
reloadAllAccessors: .ResettableTimer3

===========================================================================================
----------------- testing Tue Oct 29 06:11:23 UTC 2019 /home/travis/build/icyphy/ptII/ptolemy/domains/de/test/auto/ResettableTimer4.xml
----------------- Instantiating /home/travis/build/icyphy/ptII/ptolemy/domains/de/test/auto/ResettableTimer4.xml
3 ms. Memory: 194560K Free: 84435K (43%)
----------------- Invoking toplevel() on ptolemy.moml.MoMLSimpleApplication@5b43e720
----------------- Done invoking toplevel() on ptolemy.moml.MoMLSimpleApplication@5b43e720
reloadAllAccessors: .ResettableTimer4

===========================================================================================
----------------- testing Tue Oct 29 06:11:23 UTC 2019 /home/travis/build/icyphy/ptII/ptolemy/domains/de/test/auto/ResettableTimer5.xml
----------------- Instantiating /home/travis/build/icyphy/ptII/ptolemy/domains/de/test/auto/ResettableTimer5.xml
5 ms. Memory: 194560K Free: 80339K (41%)
----------------- Invoking toplevel() on ptolemy.moml.MoMLSimpleApplication@755fb6a
----------------- Done invoking toplevel() on ptolemy.moml.MoMLSimpleApplication@755fb6a
reloadAllAccessors: .ResettableTimer5

===========================================================================================
----------------- testing Tue Oct 29 06:11:23 UTC 2019 /home/travis/build/icyphy/ptII/ptolemy/domains/de/test/auto/ResettableTimer6.xml
----------------- Instantiating /home/travis/build/icyphy/ptII/ptolemy/domains/de/test/auto/ResettableTimer6.xml
7 ms. Memory: 194560K Free: 75729K (39%)
----------------- Invoking toplevel() on ptolemy.moml.MoMLSimpleApplication@40b8a365
----------------- Done invoking toplevel() on ptolemy.moml.MoMLSimpleApplication@40b8a365
reloadAllAccessors: .ResettableTimer6

===========================================================================================
----------------- testing Tue Oct 29 06:11:23 UTC 2019 /home/travis/build/icyphy/ptII/ptolemy/domains/de/test/auto/ServerZeroDelay.xml
----------------- Instantiating /home/travis/build/icyphy/ptII/ptolemy/domains/de/test/auto/ServerZeroDelay.xml
2 ms. Memory: 194560K Free: 71603K (37%)
----------------- Invoking toplevel() on ptolemy.moml.MoMLSimpleApplication@6bb6959d
----------------- Done invoking toplevel() on ptolemy.moml.MoMLSimpleApplication@6bb6959d
reloadAllAccessors: .ServerZeroDelay

===========================================================================================
----------------- testing Tue Oct 29 06:11:23 UTC 2019 /home/travis/build/icyphy/ptII/ptolemy/domains/de/test/auto/SmartSender.xml
----------------- Instantiating /home/travis/build/icyphy/ptII/ptolemy/domains/de/test/auto/SmartSender.xml
3001 ms. Memory: 194560K Free: 67537K (35%)
----------------- Invoking toplevel() on ptolemy.moml.MoMLSimpleApplication@60654e13
----------------- Done invoking toplevel() on ptolemy.moml.MoMLSimpleApplication@60654e13
reloadAllAccessors: .SmartSender

===========================================================================================
----------------- testing Tue Oct 29 06:11:26 UTC 2019 /home/travis/build/icyphy/ptII/ptolemy/domains/de/test/auto/ThreadedComposite.xml
----------------- Instantiating /home/travis/build/icyphy/ptII/ptolemy/domains/de/test/auto/ThreadedComposite.xml
109 ms. Memory: 269312K Free: 237840K (88%)
----------------- Invoking toplevel() on ptolemy.moml.MoMLSimpleApplication@13cff216
----------------- Done invoking toplevel() on ptolemy.moml.MoMLSimpleApplication@13cff216
reloadAllAccessors: .ThreadedComposite

===========================================================================================
----------------- testing Tue Oct 29 06:11:27 UTC 2019 /home/travis/build/icyphy/ptII/ptolemy/domains/de/test/auto/Time.xml
----------------- Instantiating /home/travis/build/icyphy/ptII/ptolemy/domains/de/test/auto/Time.xml
507 ms. Memory: 269312K Free: 182544K (68%)
----------------- Invoking toplevel() on ptolemy.moml.MoMLSimpleApplication@3d89a6eb
----------------- Done invoking toplevel() on ptolemy.moml.MoMLSimpleApplication@3d89a6eb
reloadAllAccessors: .Time

===========================================================================================
----------------- testing Tue Oct 29 06:11:27 UTC 2019 /home/travis/build/icyphy/ptII/ptolemy/domains/de/test/auto/TimeDelayZeroDelay.xml
----------------- Instantiating /home/travis/build/icyphy/ptII/ptolemy/domains/de/test/auto/TimeDelayZeroDelay.xml
3 ms. Memory: 269312K Free: 178448K (66%)
----------------- Invoking toplevel() on ptolemy.moml.MoMLSimpleApplication@2ee34583
----------------- Done invoking toplevel() on ptolemy.moml.MoMLSimpleApplication@2ee34583
reloadAllAccessors: .TimeDelayZeroDelay

===========================================================================================
----------------- testing Tue Oct 29 06:11:27 UTC 2019 /home/travis/build/icyphy/ptII/ptolemy/domains/de/test/auto/TimerZeroDelay.xml
----------------- Instantiating /home/travis/build/icyphy/ptII/ptolemy/domains/de/test/auto/TimerZeroDelay.xml
3 ms. Memory: 269312K Free: 174322K (65%)
----------------- Invoking toplevel() on ptolemy.moml.MoMLSimpleApplication@392dacd3
----------------- Done invoking toplevel() on ptolemy.moml.MoMLSimpleApplication@392dacd3
reloadAllAccessors: .TimerZeroDelay

===========================================================================================
----------------- testing Tue Oct 29 06:11:27 UTC 2019 /home/travis/build/icyphy/ptII/ptolemy/domains/de/test/auto/TimingParadox.xml
----------------- Instantiating /home/travis/build/icyphy/ptII/ptolemy/domains/de/test/auto/TimingParadox.xml
343 ms. Memory: 269312K Free: 106768K (40%)
----------------- Invoking toplevel() on ptolemy.moml.MoMLSimpleApplication@4ba2d037
----------------- Done invoking toplevel() on ptolemy.moml.MoMLSimpleApplication@4ba2d037
reloadAllAccessors: .TimingParadox

===========================================================================================
----------------- testing Tue Oct 29 06:11:28 UTC 2019 /home/travis/build/icyphy/ptII/ptolemy/domains/de/test/auto/TransferInputs.xml
----------------- Instantiating /home/travis/build/icyphy/ptII/ptolemy/domains/de/test/auto/TransferInputs.xml
2 ms. Memory: 269312K Free: 102162K (38%)
----------------- Invoking toplevel() on ptolemy.moml.MoMLSimpleApplication@6e67fefb
----------------- Done invoking toplevel() on ptolemy.moml.MoMLSimpleApplication@6e67fefb
reloadAllAccessors: .TransferInputs

===========================================================================================
----------------- testing Tue Oct 29 06:11:28 UTC 2019 /home/travis/build/icyphy/ptII/ptolemy/domains/de/test/auto/TransferOutputs2.xml
----------------- Instantiating /home/travis/build/icyphy/ptII/ptolemy/domains/de/test/auto/TransferOutputs2.xml
3 ms. Memory: 269312K Free: 94466K (35%)
----------------- Invoking toplevel() on ptolemy.moml.MoMLSimpleApplication@21b2f326
----------------- Done invoking toplevel() on ptolemy.moml.MoMLSimpleApplication@21b2f326
reloadAllAccessors: .TransferOutputs2

===========================================================================================
----------------- testing Tue Oct 29 06:11:28 UTC 2019 /home/travis/build/icyphy/ptII/ptolemy/domains/de/test/auto/Trilateration.xml
----------------- Instantiating /home/travis/build/icyphy/ptII/ptolemy/domains/de/test/auto/Trilateration.xml
12999 ms. Memory: 389120K Free: 309777K (80%)
----------------- Invoking toplevel() on ptolemy.moml.MoMLSimpleApplication@4b5c74e
----------------- Done invoking toplevel() on ptolemy.moml.MoMLSimpleApplication@4b5c74e
reloadAllAccessors: .Trilateration

===========================================================================================
----------------- testing Tue Oct 29 06:11:41 UTC 2019 /home/travis/build/icyphy/ptII/ptolemy/domains/de/test/auto/TwoSigmaDelta.xml
----------------- Instantiating /home/travis/build/icyphy/ptII/ptolemy/domains/de/test/auto/TwoSigmaDelta.xml
2224 ms. Memory: 389120K Free: 329711K (85%)
----------------- Invoking toplevel() on ptolemy.moml.MoMLSimpleApplication@28c72830
----------------- Done invoking toplevel() on ptolemy.moml.MoMLSimpleApplication@28c72830
reloadAllAccessors: .TwoSigmaDelta

===========================================================================================
----------------- testing Tue Oct 29 06:11:44 UTC 2019 /home/travis/build/icyphy/ptII/ptolemy/domains/de/test/auto/VariableDelay.xml
----------------- Instantiating /home/travis/build/icyphy/ptII/ptolemy/domains/de/test/auto/VariableDelay.xml
2 ms. Memory: 389120K Free: 324591K (83%)
----------------- Invoking toplevel() on ptolemy.moml.MoMLSimpleApplication@62cfb442
----------------- Done invoking toplevel() on ptolemy.moml.MoMLSimpleApplication@62cfb442
reloadAllAccessors: .VariableDelay

===========================================================================================
----------------- testing Tue Oct 29 06:11:44 UTC 2019 /home/travis/build/icyphy/ptII/ptolemy/domains/de/test/auto/VariableDelay2.xml
----------------- Instantiating /home/travis/build/icyphy/ptII/ptolemy/domains/de/test/auto/VariableDelay2.xml
2 ms. Memory: 389120K Free: 319951K (82%)
----------------- Invoking toplevel() on ptolemy.moml.MoMLSimpleApplication@11e85b10
----------------- Done invoking toplevel() on ptolemy.moml.MoMLSimpleApplication@11e85b10
reloadAllAccessors: .VariableDelay2

===========================================================================================
----------------- testing Tue Oct 29 06:11:44 UTC 2019 /home/travis/build/icyphy/ptII/ptolemy/domains/de/test/auto/VariableDelayZeroDelay.xml
----------------- Instantiating /home/travis/build/icyphy/ptII/ptolemy/domains/de/test/auto/VariableDelayZeroDelay.xml
6 ms. Memory: 389120K Free: 315885K (81%)
----------------- Invoking toplevel() on ptolemy.moml.MoMLSimpleApplication@71ba2fcf
----------------- Done invoking toplevel() on ptolemy.moml.MoMLSimpleApplication@71ba2fcf
reloadAllAccessors: .VariableDelayZeroDelay

===========================================================================================
----------------- testing Tue Oct 29 06:11:44 UTC 2019 /home/travis/build/icyphy/ptII/ptolemy/domains/de/test/auto/VariableDelayZeroDelay2.xml
----------------- Instantiating /home/travis/build/icyphy/ptII/ptolemy/domains/de/test/auto/VariableDelayZeroDelay2.xml
2 ms. Memory: 389120K Free: 311789K (80%)
----------------- Invoking toplevel() on ptolemy.moml.MoMLSimpleApplication@36ef1c7
----------------- Done invoking toplevel() on ptolemy.moml.MoMLSimpleApplication@36ef1c7
reloadAllAccessors: .VariableDelayZeroDelay2

===========================================================================================
----------------- testing Tue Oct 29 06:11:44 UTC 2019 /home/travis/build/icyphy/ptII/ptolemy/domains/de/test/auto/deInCt.xml
----------------- Instantiating /home/travis/build/icyphy/ptII/ptolemy/domains/de/test/auto/deInCt.xml
0
1
1
1
0
0
0
1
1
1
1
0
0
0
1
1
1
0
0
0
1
1
1
1
0
0
0
1
1
1
0
0
0
0
0
8 ms. Memory: 389120K Free: 306669K (79%)
----------------- Invoking toplevel() on ptolemy.moml.MoMLSimpleApplication@233906e7
----------------- Done invoking toplevel() on ptolemy.moml.MoMLSimpleApplication@233906e7
reloadAllAccessors: .deInCt

===========================================================================================
----------------- testing Tue Oct 29 06:11:44 UTC 2019 /home/travis/build/icyphy/ptII/ptolemy/domains/de/test/auto/deInCt2.xml
----------------- Instantiating /home/travis/build/icyphy/ptII/ptolemy/domains/de/test/auto/deInCt2.xml
0
1
1
1
0
0
1
1
1
0
0
1
1
1
0
0
1
1
1
0
0
1
1
1
0
0
1
1
1
0
0
1
1
1
0
0
1
1
1
0
0
0
15 ms. Memory: 389120K Free: 301540K (77%)
----------------- Invoking toplevel() on ptolemy.moml.MoMLSimpleApplication@489da408
----------------- Done invoking toplevel() on ptolemy.moml.MoMLSimpleApplication@489da408
reloadAllAccessors: .deInCt2

===========================================================================================
----------------- testing Tue Oct 29 06:11:44 UTC 2019 /home/travis/build/icyphy/ptII/ptolemy/domains/de/test/auto/dynamicCausalityInterface1.xml
----------------- Instantiating /home/travis/build/icyphy/ptII/ptolemy/domains/de/test/auto/dynamicCausalityInterface1.xml
1 ms. Memory: 389120K Free: 292333K (75%)
----------------- Invoking toplevel() on ptolemy.moml.MoMLSimpleApplication@64545f1d
----------------- Done invoking toplevel() on ptolemy.moml.MoMLSimpleApplication@64545f1d
reloadAllAccessors: .dynamicCausalityInterface1

===========================================================================================
----------------- testing Tue Oct 29 06:11:44 UTC 2019 /home/travis/build/icyphy/ptII/ptolemy/domains/de/test/auto/fsm_de_test.xml
----------------- Instantiating /home/travis/build/icyphy/ptII/ptolemy/domains/de/test/auto/fsm_de_test.xml
7 ms. Memory: 389120K Free: 283087K (73%)
----------------- Invoking toplevel() on ptolemy.moml.MoMLSimpleApplication@362046f9
----------------- Done invoking toplevel() on ptolemy.moml.MoMLSimpleApplication@362046f9
reloadAllAccessors: .fsm_de_test

===========================================================================================
----------------- testing Tue Oct 29 06:11:44 UTC 2019 /home/travis/build/icyphy/ptII/ptolemy/domains/de/test/auto/functionDependencyReconstruction.xml
----------------- Instantiating /home/travis/build/icyphy/ptII/ptolemy/domains/de/test/auto/functionDependencyReconstruction.xml
2 ms. Memory: 389120K Free: 268271K (69%)
----------------- Invoking toplevel() on ptolemy.moml.MoMLSimpleApplication@76dd3b75
----------------- Done invoking toplevel() on ptolemy.moml.MoMLSimpleApplication@76dd3b75
reloadAllAccessors: .functionDependencyReconstruction

===========================================================================================
----------------- testing Tue Oct 29 06:11:44 UTC 2019 /home/travis/build/icyphy/ptII/ptolemy/domains/de/test/auto/multirate.xml
----------------- Instantiating /home/travis/build/icyphy/ptII/ptolemy/domains/de/test/auto/multirate.xml
3 ms. Memory: 389120K Free: 261599K (67%)
----------------- Invoking toplevel() on ptolemy.moml.MoMLSimpleApplication@663a171d
----------------- Done invoking toplevel() on ptolemy.moml.MoMLSimpleApplication@663a171d
reloadAllAccessors: .multirate

===========================================================================================
----------------- testing Tue Oct 29 06:11:44 UTC 2019 /home/travis/build/icyphy/ptII/ptolemy/domains/de/test/auto/multirate2.xml
----------------- Instantiating /home/travis/build/icyphy/ptII/ptolemy/domains/de/test/auto/multirate2.xml
3 ms. Memory: 389120K Free: 254959K (66%)
----------------- Invoking toplevel() on ptolemy.moml.MoMLSimpleApplication@77c1f137
----------------- Done invoking toplevel() on ptolemy.moml.MoMLSimpleApplication@77c1f137
reloadAllAccessors: .multirate2

===========================================================================================
----------------- testing Tue Oct 29 06:11:44 UTC 2019 /home/travis/build/icyphy/ptII/ptolemy/domains/de/test/auto/realtime.xml
----------------- Instantiating /home/travis/build/icyphy/ptII/ptolemy/domains/de/test/auto/realtime.xml
10002 ms. Memory: 389120K Free: 250349K (64%)
----------------- Invoking toplevel() on ptolemy.moml.MoMLSimpleApplication@3ba73623
----------------- Done invoking toplevel() on ptolemy.moml.MoMLSimpleApplication@3ba73623
reloadAllAccessors: .realtime

===========================================================================================
----------------- testing Tue Oct 29 06:11:54 UTC 2019 /home/travis/build/icyphy/ptII/ptolemy/domains/de/test/auto/relationGroup.xml
----------------- Instantiating /home/travis/build/icyphy/ptII/ptolemy/domains/de/test/auto/relationGroup.xml
2 ms. Memory: 389120K Free: 246767K (63%)
----------------- Invoking toplevel() on ptolemy.moml.MoMLSimpleApplication@6b400de2
----------------- Done invoking toplevel() on ptolemy.moml.MoMLSimpleApplication@6b400de2
reloadAllAccessors: .relationGroup

===========================================================================================
----------------- testing Tue Oct 29 06:11:54 UTC 2019 /home/travis/build/icyphy/ptII/ptolemy/domains/de/test/auto/relationGroup2.xml
----------------- Instantiating /home/travis/build/icyphy/ptII/ptolemy/domains/de/test/auto/relationGroup2.xml
1 ms. Memory: 389120K Free: 243181K (62%)
----------------- Invoking toplevel() on ptolemy.moml.MoMLSimpleApplication@3bae0308
----------------- Done invoking toplevel() on ptolemy.moml.MoMLSimpleApplication@3bae0308
reloadAllAccessors: .relationGroup2

===========================================================================================
----------------- testing Tue Oct 29 06:11:54 UTC 2019 /home/travis/build/icyphy/ptII/ptolemy/domains/de/test/auto/sortWithOpaquePorts.xml
----------------- Instantiating /home/travis/build/icyphy/ptII/ptolemy/domains/de/test/auto/sortWithOpaquePorts.xml
1 ms. Memory: 389120K Free: 238575K (61%)
----------------- Invoking toplevel() on ptolemy.moml.MoMLSimpleApplication@17536026
----------------- Done invoking toplevel() on ptolemy.moml.MoMLSimpleApplication@17536026
reloadAllAccessors: .sortWithOpaquePorts

===========================================================================================
----------------- testing Tue Oct 29 06:11:54 UTC 2019 /home/travis/build/icyphy/ptII/ptolemy/domains/de/test/auto/transferInputsandOutputs.xml
----------------- Instantiating /home/travis/build/icyphy/ptII/ptolemy/domains/de/test/auto/transferInputsandOutputs.xml
2 ms. Memory: 389120K Free: 231407K (59%)
----------------- Invoking toplevel() on ptolemy.moml.MoMLSimpleApplication@1f6fe4cf
----------------- Done invoking toplevel() on ptolemy.moml.MoMLSimpleApplication@1f6fe4cf
reloadAllAccessors: .transferInputsandOutputs

===========================================================================================
----------------- testing Tue Oct 29 06:11:54 UTC 2019 /home/travis/build/icyphy/ptII/ptolemy/domains/de/test/auto/triggerType.xml
----------------- Instantiating /home/travis/build/icyphy/ptII/ptolemy/domains/de/test/auto/triggerType.xml
1 ms. Memory: 389120K Free: 227311K (58%)
----------------- Invoking toplevel() on ptolemy.moml.MoMLSimpleApplication@1fd08d80
----------------- Done invoking toplevel() on ptolemy.moml.MoMLSimpleApplication@1fd08d80
reloadAllAccessors: .triggerType
AutoTests.java: About to close Vertx.
AutoTests.java: Vertx closed.
]]></system-out>
  <system-err><![CDATA[java.lang.RuntimeException: Execution failed
	at ptolemy.moml.MoMLSimpleApplication$UnloadThread.run(MoMLSimpleApplication.java:402)
Caused by: ptolemy.kernel.util.IllegalActionException: Found a zero delay loop containing .dependencyLoop.original
  in .dependencyLoop and .dependencyLoop.original
	at ptolemy.actor.util.CausalityInterfaceForComposites._computeOutputPortDepth(CausalityInterfaceForComposites.java:759)
	at ptolemy.actor.util.CausalityInterfaceForComposites._computeInputDepth(CausalityInterfaceForComposites.java:696)
	at ptolemy.actor.util.CausalityInterfaceForComposites._computeOutputPortDepth(CausalityInterfaceForComposites.java:765)
	at ptolemy.actor.util.CausalityInterfaceForComposites._computeInputDepth(CausalityInterfaceForComposites.java:696)
	at ptolemy.actor.util.CausalityInterfaceForComposites._computeOutputPortDepth(CausalityInterfaceForComposites.java:765)
	at ptolemy.actor.util.CausalityInterfaceForComposites._computeInputDepth(CausalityInterfaceForComposites.java:696)
	at ptolemy.actor.util.CausalityInterfaceForComposites._computeActorDepth(CausalityInterfaceForComposites.java:532)
	at ptolemy.actor.util.CausalityInterfaceForComposites.checkForCycles(CausalityInterfaceForComposites.java:96)
	at ptolemy.domains.de.kernel.DEDirector.preinitialize(DEDirector.java:1338)
	at ptolemy.actor.CompositeActor.preinitialize(CompositeActor.java:1828)
	at ptolemy.actor.Manager.preinitializeAndResolveTypes(Manager.java:1040)
	at ptolemy.actor.Manager.initialize(Manager.java:710)
	at ptolemy.actor.Manager.execute(Manager.java:356)
	at ptolemy.actor.Manager.run(Manager.java:1263)
	at ptolemy.actor.Manager$PtolemyRunThread.run(Manager.java:1933)
java.lang.RuntimeException: Execution failed
	at ptolemy.moml.MoMLSimpleApplication$UnloadThread.run(MoMLSimpleApplication.java:402)
Caused by: ptolemy.kernel.util.IllegalActionException: Found a zero delay loop containing .dependencyLoop2.original
  in .dependencyLoop2 and .dependencyLoop2.original
	at ptolemy.actor.util.CausalityInterfaceForComposites._computeOutputPortDepth(CausalityInterfaceForComposites.java:759)
	at ptolemy.actor.util.CausalityInterfaceForComposites._computeInputDepth(CausalityInterfaceForComposites.java:696)
	at ptolemy.actor.util.CausalityInterfaceForComposites._computeOutputPortDepth(CausalityInterfaceForComposites.java:765)
	at ptolemy.actor.util.CausalityInterfaceForComposites._computeInputDepth(CausalityInterfaceForComposites.java:696)
	at ptolemy.actor.util.CausalityInterfaceForComposites._computeOutputPortDepth(CausalityInterfaceForComposites.java:765)
	at ptolemy.actor.util.CausalityInterfaceForComposites._computeInputDepth(CausalityInterfaceForComposites.java:696)
	at ptolemy.actor.util.CausalityInterfaceForComposites._computeActorDepth(CausalityInterfaceForComposites.java:532)
	at ptolemy.actor.util.CausalityInterfaceForComposites.checkForCycles(CausalityInterfaceForComposites.java:96)
	at ptolemy.domains.de.kernel.DEDirector.preinitialize(DEDirector.java:1338)
	at ptolemy.actor.CompositeActor.preinitialize(CompositeActor.java:1828)
	at ptolemy.actor.Manager.preinitializeAndResolveTypes(Manager.java:1040)
	at ptolemy.actor.Manager.initialize(Manager.java:710)
	at ptolemy.actor.Manager.execute(Manager.java:356)
	at ptolemy.actor.Manager.run(Manager.java:1263)
	at ptolemy.actor.Manager$PtolemyRunThread.run(Manager.java:1933)
java.lang.RuntimeException: Execution failed
	at ptolemy.moml.MoMLSimpleApplication$UnloadThread.run(MoMLSimpleApplication.java:402)
Caused by: ptolemy.kernel.util.IllegalActionException: Test fails in iteration 1.
Value was: 1.0. Should have been: 2.0
  in .DirectFeedback.Test
	at ptolemy.actor.lib.Test.fire(Test.java:268)
	at ptolemy.domains.de.kernel.DEDirector._fire(DEDirector.java:1949)
	at ptolemy.domains.de.kernel.DEDirector.fire(DEDirector.java:502)
	at ptolemy.actor.CompositeActor.fire(CompositeActor.java:455)
	at ptolemy.actor.Manager.iterate(Manager.java:851)
	at ptolemy.actor.Manager.execute(Manager.java:369)
	at ptolemy.actor.Manager.run(Manager.java:1263)
	at ptolemy.actor.Manager$PtolemyRunThread.run(Manager.java:1933)
java.lang.RuntimeException: Execution failed
	at ptolemy.moml.MoMLSimpleApplication$UnloadThread.run(MoMLSimpleApplication.java:402)
Caused by: ptolemy.kernel.util.IllegalActionException: Found a zero delay loop containing .dependencyLoop.original
  in .dependencyLoop and .dependencyLoop.original
	at ptolemy.actor.util.CausalityInterfaceForComposites._computeOutputPortDepth(CausalityInterfaceForComposites.java:759)
	at ptolemy.actor.util.CausalityInterfaceForComposites._computeInputDepth(CausalityInterfaceForComposites.java:696)
	at ptolemy.actor.util.CausalityInterfaceForComposites._computeOutputPortDepth(CausalityInterfaceForComposites.java:765)
	at ptolemy.actor.util.CausalityInterfaceForComposites._computeInputDepth(CausalityInterfaceForComposites.java:696)
	at ptolemy.actor.util.CausalityInterfaceForComposites._computeOutputPortDepth(CausalityInterfaceForComposites.java:765)
	at ptolemy.actor.util.CausalityInterfaceForComposites._computeInputDepth(CausalityInterfaceForComposites.java:696)
	at ptolemy.actor.util.CausalityInterfaceForComposites._computeActorDepth(CausalityInterfaceForComposites.java:532)
	at ptolemy.actor.util.CausalityInterfaceForComposites.checkForCycles(CausalityInterfaceForComposites.java:96)
	at ptolemy.domains.de.kernel.DEDirector.preinitialize(DEDirector.java:1338)
	at ptolemy.actor.CompositeActor.preinitialize(CompositeActor.java:1828)
	at ptolemy.actor.Manager.preinitializeAndResolveTypes(Manager.java:1040)
	at ptolemy.actor.Manager.initialize(Manager.java:710)
	at ptolemy.actor.Manager.execute(Manager.java:356)
	at ptolemy.actor.Manager.run(Manager.java:1263)
	at ptolemy.actor.Manager$PtolemyRunThread.run(Manager.java:1933)
java.lang.RuntimeException: Execution failed
	at ptolemy.moml.MoMLSimpleApplication$UnloadThread.run(MoMLSimpleApplication.java:402)
Caused by: ptolemy.kernel.util.IllegalActionException: Found a zero delay loop containing .HierarchicalModel.A
  in .HierarchicalModel and .HierarchicalModel.A
	at ptolemy.actor.util.CausalityInterfaceForComposites._computeOutputPortDepth(CausalityInterfaceForComposites.java:759)
	at ptolemy.actor.util.CausalityInterfaceForComposites._computeInputDepth(CausalityInterfaceForComposites.java:696)
	at ptolemy.actor.util.CausalityInterfaceForComposites._computeOutputPortDepth(CausalityInterfaceForComposites.java:765)
	at ptolemy.actor.util.CausalityInterfaceForComposites._computeInputDepth(CausalityInterfaceForComposites.java:696)
	at ptolemy.actor.util.CausalityInterfaceForComposites._computeOutputPortDepth(CausalityInterfaceForComposites.java:765)
	at ptolemy.actor.util.CausalityInterfaceForComposites._computeInputDepth(CausalityInterfaceForComposites.java:696)
	at ptolemy.actor.util.CausalityInterfaceForComposites._computeActorDepth(CausalityInterfaceForComposites.java:532)
	at ptolemy.actor.util.CausalityInterfaceForComposites.checkForCycles(CausalityInterfaceForComposites.java:96)
	at ptolemy.domains.de.kernel.DEDirector.preinitialize(DEDirector.java:1338)
	at ptolemy.actor.CompositeActor.preinitialize(CompositeActor.java:1828)
	at ptolemy.actor.Manager.preinitializeAndResolveTypes(Manager.java:1040)
	at ptolemy.actor.Manager.initialize(Manager.java:710)
	at ptolemy.actor.Manager.execute(Manager.java:356)
	at ptolemy.actor.Manager.run(Manager.java:1263)
	at ptolemy.actor.Manager$PtolemyRunThread.run(Manager.java:1933)
java.lang.RuntimeException: Execution failed
	at ptolemy.moml.MoMLSimpleApplication$UnloadThread.run(MoMLSimpleApplication.java:402)
Caused by: ptolemy.kernel.util.IllegalActionException: Found a zero delay loop containing .dependencyLoop2.original
  in .dependencyLoop2 and .dependencyLoop2.original
	at ptolemy.actor.util.CausalityInterfaceForComposites._computeOutputPortDepth(CausalityInterfaceForComposites.java:759)
	at ptolemy.actor.util.CausalityInterfaceForComposites._computeInputDepth(CausalityInterfaceForComposites.java:696)
	at ptolemy.actor.util.CausalityInterfaceForComposites._computeOutputPortDepth(CausalityInterfaceForComposites.java:765)
	at ptolemy.actor.util.CausalityInterfaceForComposites._computeInputDepth(CausalityInterfaceForComposites.java:696)
	at ptolemy.actor.util.CausalityInterfaceForComposites._computeOutputPortDepth(CausalityInterfaceForComposites.java:765)
	at ptolemy.actor.util.CausalityInterfaceForComposites._computeInputDepth(CausalityInterfaceForComposites.java:696)
	at ptolemy.actor.util.CausalityInterfaceForComposites._computeActorDepth(CausalityInterfaceForComposites.java:532)
	at ptolemy.actor.util.CausalityInterfaceForComposites.checkForCycles(CausalityInterfaceForComposites.java:96)
	at ptolemy.domains.de.kernel.DEDirector.preinitialize(DEDirector.java:1338)
	at ptolemy.actor.CompositeActor.preinitialize(CompositeActor.java:1828)
	at ptolemy.actor.Manager.preinitializeAndResolveTypes(Manager.java:1040)
	at ptolemy.actor.Manager.initialize(Manager.java:710)
	at ptolemy.actor.Manager.execute(Manager.java:356)
	at ptolemy.actor.Manager.run(Manager.java:1263)
	at ptolemy.actor.Manager$PtolemyRunThread.run(Manager.java:1933)
java.lang.RuntimeException: Execution failed
	at ptolemy.moml.MoMLSimpleApplication$UnloadThread.run(MoMLSimpleApplication.java:402)
Caused by: ptolemy.kernel.util.IllegalActionException: Actor is not ready to fire.  Perhaps UpSample.prefire() returned false? Try debugging the actor by selecting "Listen to Actor".  Also, for SDF check moml for tokenConsumptionRate on input.
  in .DESDFClockTest.Play Bell.Copy1:SDF Director and .DESDFClockTest.Play Bell.UpSample
	at ptolemy.actor.sched.StaticSchedulingDirector.fire(StaticSchedulingDirector.java:227)
	at ptolemy.domains.sdf.kernel.SDFDirector.fire(SDFDirector.java:500)
	at ptolemy.actor.CompositeActor.fire(CompositeActor.java:455)
	at ptolemy.domains.de.kernel.DEDirector._fire(DEDirector.java:1949)
	at ptolemy.domains.de.kernel.DEDirector.fire(DEDirector.java:502)
	at ptolemy.actor.CompositeActor.fire(CompositeActor.java:455)
	at ptolemy.actor.Manager.iterate(Manager.java:851)
	at ptolemy.actor.Manager.execute(Manager.java:369)
	at ptolemy.actor.Manager.run(Manager.java:1263)
	at ptolemy.actor.Manager$PtolemyRunThread.run(Manager.java:1933)
java.lang.RuntimeException: Execution failed
	at ptolemy.moml.MoMLSimpleApplication$UnloadThread.run(MoMLSimpleApplication.java:402)
Caused by: ptolemy.kernel.util.IllegalActionException: Actor is not ready to fire.  Perhaps UpSample.prefire() returned false? Try debugging the actor by selecting "Listen to Actor".  Also, for SDF check moml for tokenConsumptionRate on input.
  in .DESDFClockTest.Play Bell.Copy1:SDF Director and .DESDFClockTest.Play Bell.UpSample
	at ptolemy.actor.sched.StaticSchedulingDirector.fire(StaticSchedulingDirector.java:227)
	at ptolemy.domains.sdf.kernel.SDFDirector.fire(SDFDirector.java:500)
	at ptolemy.actor.CompositeActor.fire(CompositeActor.java:455)
	at ptolemy.domains.de.kernel.DEDirector._fire(DEDirector.java:1949)
	at ptolemy.domains.de.kernel.DEDirector.fire(DEDirector.java:502)
	at ptolemy.actor.CompositeActor.fire(CompositeActor.java:455)
	at ptolemy.actor.Manager.iterate(Manager.java:851)
	at ptolemy.actor.Manager.execute(Manager.java:369)
	at ptolemy.actor.Manager.run(Manager.java:1263)
	at ptolemy.actor.Manager$PtolemyRunThread.run(Manager.java:1933)
java.lang.reflect.InvocationTargetException
	at java.base/jdk.internal.reflect.NativeConstructorAccessorImpl.newInstance0(Native Method)
	at java.base/jdk.internal.reflect.NativeConstructorAccessorImpl.newInstance(NativeConstructorAccessorImpl.java:62)
	at java.base/jdk.internal.reflect.DelegatingConstructorAccessorImpl.newInstance(DelegatingConstructorAccessorImpl.java:45)
	at java.base/java.lang.reflect.Constructor.newInstance(Constructor.java:490)
	at ptolemy.util.test.junit.AutoKnownFailedTests.RunModel(AutoKnownFailedTests.java:105)
	at java.base/jdk.internal.reflect.NativeMethodAccessorImpl.invoke0(Native Method)
	at java.base/jdk.internal.reflect.NativeMethodAccessorImpl.invoke(NativeMethodAccessorImpl.java:62)
	at java.base/jdk.internal.reflect.DelegatingMethodAccessorImpl.invoke(DelegatingMethodAccessorImpl.java:43)
	at java.base/java.lang.reflect.Method.invoke(Method.java:566)
	at org.junit.runners.model.FrameworkMethod$1.runReflectiveCall(FrameworkMethod.java:44)
	at org.junit.internal.runners.model.ReflectiveCallable.run(ReflectiveCallable.java:15)
	at org.junit.runners.model.FrameworkMethod.invokeExplosively(FrameworkMethod.java:41)
	at junitparams.internal.InvokeParameterisedMethod.evaluate(InvokeParameterisedMethod.java:102)
	at org.junit.internal.runners.statements.FailOnTimeout$1.run(FailOnTimeout.java:28)
Caused by: ptolemy.kernel.util.IllegalActionException: Actor is not ready to fire.  Perhaps UpSample.prefire() returned false? Try debugging the actor by selecting "Listen to Actor".  Also, for SDF check moml for tokenConsumptionRate on input.
  in .DESDFClockTest.Play Bell.Copy1:SDF Director and .DESDFClockTest.Play Bell.UpSample
	at ptolemy.actor.sched.StaticSchedulingDirector.fire(StaticSchedulingDirector.java:227)
	at ptolemy.domains.sdf.kernel.SDFDirector.fire(SDFDirector.java:500)
	at ptolemy.actor.CompositeActor.fire(CompositeActor.java:455)
	at ptolemy.domains.de.kernel.DEDirector._fire(DEDirector.java:1949)
	at ptolemy.domains.de.kernel.DEDirector.fire(DEDirector.java:502)
	at ptolemy.actor.CompositeActor.fire(CompositeActor.java:455)
	at ptolemy.actor.Manager.iterate(Manager.java:851)
	at ptolemy.actor.Manager.execute(Manager.java:369)
	at ptolemy.actor.Manager.run(Manager.java:1263)
	at ptolemy.actor.Manager$PtolemyRunThread.run(Manager.java:1933)
java.lang.RuntimeException: Execution failed
	at ptolemy.moml.MoMLSimpleApplication$UnloadThread.run(MoMLSimpleApplication.java:402)
Caused by: ptolemy.kernel.util.IllegalActionException: Test fails in iteration 1.
Value was: 1.0. Should have been: 2.0
  in .DirectFeedback.Test
	at ptolemy.actor.lib.Test.fire(Test.java:268)
	at ptolemy.domains.de.kernel.DEDirector._fire(DEDirector.java:1949)
	at ptolemy.domains.de.kernel.DEDirector.fire(DEDirector.java:502)
	at ptolemy.actor.CompositeActor.fire(CompositeActor.java:455)
	at ptolemy.actor.Manager.iterate(Manager.java:851)
	at ptolemy.actor.Manager.execute(Manager.java:369)
	at ptolemy.actor.Manager.run(Manager.java:1263)
	at ptolemy.actor.Manager$PtolemyRunThread.run(Manager.java:1933)
java.lang.reflect.InvocationTargetException
	at java.base/jdk.internal.reflect.NativeConstructorAccessorImpl.newInstance0(Native Method)
	at java.base/jdk.internal.reflect.NativeConstructorAccessorImpl.newInstance(NativeConstructorAccessorImpl.java:62)
	at java.base/jdk.internal.reflect.DelegatingConstructorAccessorImpl.newInstance(DelegatingConstructorAccessorImpl.java:45)
	at java.base/java.lang.reflect.Constructor.newInstance(Constructor.java:490)
	at ptolemy.util.test.junit.AutoKnownFailedTests.RunModel(AutoKnownFailedTests.java:105)
	at java.base/jdk.internal.reflect.NativeMethodAccessorImpl.invoke0(Native Method)
	at java.base/jdk.internal.reflect.NativeMethodAccessorImpl.invoke(NativeMethodAccessorImpl.java:62)
	at java.base/jdk.internal.reflect.DelegatingMethodAccessorImpl.invoke(DelegatingMethodAccessorImpl.java:43)
	at java.base/java.lang.reflect.Method.invoke(Method.java:566)
	at org.junit.runners.model.FrameworkMethod$1.runReflectiveCall(FrameworkMethod.java:44)
	at org.junit.internal.runners.model.ReflectiveCallable.run(ReflectiveCallable.java:15)
	at org.junit.runners.model.FrameworkMethod.invokeExplosively(FrameworkMethod.java:41)
	at junitparams.internal.InvokeParameterisedMethod.evaluate(InvokeParameterisedMethod.java:102)
	at org.junit.internal.runners.statements.FailOnTimeout$1.run(FailOnTimeout.java:28)
Caused by: ptolemy.kernel.util.IllegalActionException: Test fails in iteration 1.
Value was: 1.0. Should have been: 2.0
  in .DirectFeedback.Test
	at ptolemy.actor.lib.Test.fire(Test.java:268)
	at ptolemy.domains.de.kernel.DEDirector._fire(DEDirector.java:1949)
	at ptolemy.domains.de.kernel.DEDirector.fire(DEDirector.java:502)
	at ptolemy.actor.CompositeActor.fire(CompositeActor.java:455)
	at ptolemy.actor.Manager.iterate(Manager.java:851)
	at ptolemy.actor.Manager.execute(Manager.java:369)
	at ptolemy.actor.Manager.run(Manager.java:1263)
	at ptolemy.actor.Manager$PtolemyRunThread.run(Manager.java:1933)
java.lang.RuntimeException: Execution failed
	at ptolemy.moml.MoMLSimpleApplication$UnloadThread.run(MoMLSimpleApplication.java:402)
Caused by: ptolemy.kernel.util.IllegalActionException: Found a zero delay loop containing .HierarchicalModel.A
  in .HierarchicalModel and .HierarchicalModel.A
	at ptolemy.actor.util.CausalityInterfaceForComposites._computeOutputPortDepth(CausalityInterfaceForComposites.java:759)
	at ptolemy.actor.util.CausalityInterfaceForComposites._computeInputDepth(CausalityInterfaceForComposites.java:696)
	at ptolemy.actor.util.CausalityInterfaceForComposites._computeOutputPortDepth(CausalityInterfaceForComposites.java:765)
	at ptolemy.actor.util.CausalityInterfaceForComposites._computeInputDepth(CausalityInterfaceForComposites.java:696)
	at ptolemy.actor.util.CausalityInterfaceForComposites._computeOutputPortDepth(CausalityInterfaceForComposites.java:765)
	at ptolemy.actor.util.CausalityInterfaceForComposites._computeInputDepth(CausalityInterfaceForComposites.java:696)
	at ptolemy.actor.util.CausalityInterfaceForComposites._computeActorDepth(CausalityInterfaceForComposites.java:532)
	at ptolemy.actor.util.CausalityInterfaceForComposites.checkForCycles(CausalityInterfaceForComposites.java:96)
	at ptolemy.domains.de.kernel.DEDirector.preinitialize(DEDirector.java:1338)
	at ptolemy.actor.CompositeActor.preinitialize(CompositeActor.java:1828)
	at ptolemy.actor.Manager.preinitializeAndResolveTypes(Manager.java:1040)
	at ptolemy.actor.Manager.initialize(Manager.java:710)
	at ptolemy.actor.Manager.execute(Manager.java:356)
	at ptolemy.actor.Manager.run(Manager.java:1263)
	at ptolemy.actor.Manager$PtolemyRunThread.run(Manager.java:1933)
java.lang.reflect.InvocationTargetException
	at java.base/jdk.internal.reflect.NativeConstructorAccessorImpl.newInstance0(Native Method)
	at java.base/jdk.internal.reflect.NativeConstructorAccessorImpl.newInstance(NativeConstructorAccessorImpl.java:62)
	at java.base/jdk.internal.reflect.DelegatingConstructorAccessorImpl.newInstance(DelegatingConstructorAccessorImpl.java:45)
	at java.base/java.lang.reflect.Constructor.newInstance(Constructor.java:490)
	at ptolemy.util.test.junit.AutoKnownFailedTests.RunModel(AutoKnownFailedTests.java:105)
	at java.base/jdk.internal.reflect.NativeMethodAccessorImpl.invoke0(Native Method)
	at java.base/jdk.internal.reflect.NativeMethodAccessorImpl.invoke(NativeMethodAccessorImpl.java:62)
	at java.base/jdk.internal.reflect.DelegatingMethodAccessorImpl.invoke(DelegatingMethodAccessorImpl.java:43)
	at java.base/java.lang.reflect.Method.invoke(Method.java:566)
	at org.junit.runners.model.FrameworkMethod$1.runReflectiveCall(FrameworkMethod.java:44)
	at org.junit.internal.runners.model.ReflectiveCallable.run(ReflectiveCallable.java:15)
	at org.junit.runners.model.FrameworkMethod.invokeExplosively(FrameworkMethod.java:41)
	at junitparams.internal.InvokeParameterisedMethod.evaluate(InvokeParameterisedMethod.java:102)
	at org.junit.internal.runners.statements.FailOnTimeout$1.run(FailOnTimeout.java:28)
Caused by: ptolemy.kernel.util.IllegalActionException: Found a zero delay loop containing .HierarchicalModel.A
  in .HierarchicalModel and .HierarchicalModel.A
	at ptolemy.actor.util.CausalityInterfaceForComposites._computeOutputPortDepth(CausalityInterfaceForComposites.java:759)
	at ptolemy.actor.util.CausalityInterfaceForComposites._computeInputDepth(CausalityInterfaceForComposites.java:696)
	at ptolemy.actor.util.CausalityInterfaceForComposites._computeOutputPortDepth(CausalityInterfaceForComposites.java:765)
	at ptolemy.actor.util.CausalityInterfaceForComposites._computeInputDepth(CausalityInterfaceForComposites.java:696)
	at ptolemy.actor.util.CausalityInterfaceForComposites._computeOutputPortDepth(CausalityInterfaceForComposites.java:765)
	at ptolemy.actor.util.CausalityInterfaceForComposites._computeInputDepth(CausalityInterfaceForComposites.java:696)
	at ptolemy.actor.util.CausalityInterfaceForComposites._computeActorDepth(CausalityInterfaceForComposites.java:532)
	at ptolemy.actor.util.CausalityInterfaceForComposites.checkForCycles(CausalityInterfaceForComposites.java:96)
	at ptolemy.domains.de.kernel.DEDirector.preinitialize(DEDirector.java:1338)
	at ptolemy.actor.CompositeActor.preinitialize(CompositeActor.java:1828)
	at ptolemy.actor.Manager.preinitializeAndResolveTypes(Manager.java:1040)
	at ptolemy.actor.Manager.initialize(Manager.java:710)
	at ptolemy.actor.Manager.execute(Manager.java:356)
	at ptolemy.actor.Manager.run(Manager.java:1263)
	at ptolemy.actor.Manager$PtolemyRunThread.run(Manager.java:1933)
java.lang.RuntimeException: Execution failed
	at ptolemy.moml.MoMLSimpleApplication$UnloadThread.run(MoMLSimpleApplication.java:402)
Caused by: ptolemy.kernel.util.IllegalActionException: Found a zero delay loop containing .dependencyLoop.original
  in .dependencyLoop and .dependencyLoop.original
	at ptolemy.actor.util.CausalityInterfaceForComposites._computeOutputPortDepth(CausalityInterfaceForComposites.java:759)
	at ptolemy.actor.util.CausalityInterfaceForComposites._computeInputDepth(CausalityInterfaceForComposites.java:696)
	at ptolemy.actor.util.CausalityInterfaceForComposites._computeOutputPortDepth(CausalityInterfaceForComposites.java:765)
	at ptolemy.actor.util.CausalityInterfaceForComposites._computeInputDepth(CausalityInterfaceForComposites.java:696)
	at ptolemy.actor.util.CausalityInterfaceForComposites._computeOutputPortDepth(CausalityInterfaceForComposites.java:765)
	at ptolemy.actor.util.CausalityInterfaceForComposites._computeInputDepth(CausalityInterfaceForComposites.java:696)
	at ptolemy.actor.util.CausalityInterfaceForComposites._computeActorDepth(CausalityInterfaceForComposites.java:532)
	at ptolemy.actor.util.CausalityInterfaceForComposites.checkForCycles(CausalityInterfaceForComposites.java:96)
	at ptolemy.domains.de.kernel.DEDirector.preinitialize(DEDirector.java:1338)
	at ptolemy.actor.CompositeActor.preinitialize(CompositeActor.java:1828)
	at ptolemy.actor.Manager.preinitializeAndResolveTypes(Manager.java:1040)
	at ptolemy.actor.Manager.initialize(Manager.java:710)
	at ptolemy.actor.Manager.execute(Manager.java:356)
	at ptolemy.actor.Manager.run(Manager.java:1263)
	at ptolemy.actor.Manager$PtolemyRunThread.run(Manager.java:1933)
java.lang.reflect.InvocationTargetException
	at java.base/jdk.internal.reflect.NativeConstructorAccessorImpl.newInstance0(Native Method)
	at java.base/jdk.internal.reflect.NativeConstructorAccessorImpl.newInstance(NativeConstructorAccessorImpl.java:62)
	at java.base/jdk.internal.reflect.DelegatingConstructorAccessorImpl.newInstance(DelegatingConstructorAccessorImpl.java:45)
	at java.base/java.lang.reflect.Constructor.newInstance(Constructor.java:490)
	at ptolemy.util.test.junit.AutoKnownFailedTests.RunModel(AutoKnownFailedTests.java:105)
	at java.base/jdk.internal.reflect.NativeMethodAccessorImpl.invoke0(Native Method)
	at java.base/jdk.internal.reflect.NativeMethodAccessorImpl.invoke(NativeMethodAccessorImpl.java:62)
	at java.base/jdk.internal.reflect.DelegatingMethodAccessorImpl.invoke(DelegatingMethodAccessorImpl.java:43)
	at java.base/java.lang.reflect.Method.invoke(Method.java:566)
	at org.junit.runners.model.FrameworkMethod$1.runReflectiveCall(FrameworkMethod.java:44)
	at org.junit.internal.runners.model.ReflectiveCallable.run(ReflectiveCallable.java:15)
	at org.junit.runners.model.FrameworkMethod.invokeExplosively(FrameworkMethod.java:41)
	at junitparams.internal.InvokeParameterisedMethod.evaluate(InvokeParameterisedMethod.java:102)
	at org.junit.internal.runners.statements.FailOnTimeout$1.run(FailOnTimeout.java:28)
Caused by: ptolemy.kernel.util.IllegalActionException: Found a zero delay loop containing .dependencyLoop.original
  in .dependencyLoop and .dependencyLoop.original
	at ptolemy.actor.util.CausalityInterfaceForComposites._computeOutputPortDepth(CausalityInterfaceForComposites.java:759)
	at ptolemy.actor.util.CausalityInterfaceForComposites._computeInputDepth(CausalityInterfaceForComposites.java:696)
	at ptolemy.actor.util.CausalityInterfaceForComposites._computeOutputPortDepth(CausalityInterfaceForComposites.java:765)
	at ptolemy.actor.util.CausalityInterfaceForComposites._computeInputDepth(CausalityInterfaceForComposites.java:696)
	at ptolemy.actor.util.CausalityInterfaceForComposites._computeOutputPortDepth(CausalityInterfaceForComposites.java:765)
	at ptolemy.actor.util.CausalityInterfaceForComposites._computeInputDepth(CausalityInterfaceForComposites.java:696)
	at ptolemy.actor.util.CausalityInterfaceForComposites._computeActorDepth(CausalityInterfaceForComposites.java:532)
	at ptolemy.actor.util.CausalityInterfaceForComposites.checkForCycles(CausalityInterfaceForComposites.java:96)
	at ptolemy.domains.de.kernel.DEDirector.preinitialize(DEDirector.java:1338)
	at ptolemy.actor.CompositeActor.preinitialize(CompositeActor.java:1828)
	at ptolemy.actor.Manager.preinitializeAndResolveTypes(Manager.java:1040)
	at ptolemy.actor.Manager.initialize(Manager.java:710)
	at ptolemy.actor.Manager.execute(Manager.java:356)
	at ptolemy.actor.Manager.run(Manager.java:1263)
	at ptolemy.actor.Manager$PtolemyRunThread.run(Manager.java:1933)
java.lang.RuntimeException: Execution failed
	at ptolemy.moml.MoMLSimpleApplication$UnloadThread.run(MoMLSimpleApplication.java:402)
Caused by: ptolemy.kernel.util.IllegalActionException: Found a zero delay loop containing .dependencyLoop2.original
  in .dependencyLoop2 and .dependencyLoop2.original
	at ptolemy.actor.util.CausalityInterfaceForComposites._computeOutputPortDepth(CausalityInterfaceForComposites.java:759)
	at ptolemy.actor.util.CausalityInterfaceForComposites._computeInputDepth(CausalityInterfaceForComposites.java:696)
	at ptolemy.actor.util.CausalityInterfaceForComposites._computeOutputPortDepth(CausalityInterfaceForComposites.java:765)
	at ptolemy.actor.util.CausalityInterfaceForComposites._computeInputDepth(CausalityInterfaceForComposites.java:696)
	at ptolemy.actor.util.CausalityInterfaceForComposites._computeOutputPortDepth(CausalityInterfaceForComposites.java:765)
	at ptolemy.actor.util.CausalityInterfaceForComposites._computeInputDepth(CausalityInterfaceForComposites.java:696)
	at ptolemy.actor.util.CausalityInterfaceForComposites._computeActorDepth(CausalityInterfaceForComposites.java:532)
	at ptolemy.actor.util.CausalityInterfaceForComposites.checkForCycles(CausalityInterfaceForComposites.java:96)
	at ptolemy.domains.de.kernel.DEDirector.preinitialize(DEDirector.java:1338)
	at ptolemy.actor.CompositeActor.preinitialize(CompositeActor.java:1828)
	at ptolemy.actor.Manager.preinitializeAndResolveTypes(Manager.java:1040)
	at ptolemy.actor.Manager.initialize(Manager.java:710)
	at ptolemy.actor.Manager.execute(Manager.java:356)
	at ptolemy.actor.Manager.run(Manager.java:1263)
	at ptolemy.actor.Manager$PtolemyRunThread.run(Manager.java:1933)
java.lang.reflect.InvocationTargetException
	at java.base/jdk.internal.reflect.NativeConstructorAccessorImpl.newInstance0(Native Method)
	at java.base/jdk.internal.reflect.NativeConstructorAccessorImpl.newInstance(NativeConstructorAccessorImpl.java:62)
	at java.base/jdk.internal.reflect.DelegatingConstructorAccessorImpl.newInstance(DelegatingConstructorAccessorImpl.java:45)
	at java.base/java.lang.reflect.Constructor.newInstance(Constructor.java:490)
	at ptolemy.util.test.junit.AutoKnownFailedTests.RunModel(AutoKnownFailedTests.java:105)
	at java.base/jdk.internal.reflect.NativeMethodAccessorImpl.invoke0(Native Method)
	at java.base/jdk.internal.reflect.NativeMethodAccessorImpl.invoke(NativeMethodAccessorImpl.java:62)
	at java.base/jdk.internal.reflect.DelegatingMethodAccessorImpl.invoke(DelegatingMethodAccessorImpl.java:43)
	at java.base/java.lang.reflect.Method.invoke(Method.java:566)
	at org.junit.runners.model.FrameworkMethod$1.runReflectiveCall(FrameworkMethod.java:44)
	at org.junit.internal.runners.model.ReflectiveCallable.run(ReflectiveCallable.java:15)
	at org.junit.runners.model.FrameworkMethod.invokeExplosively(FrameworkMethod.java:41)
	at junitparams.internal.InvokeParameterisedMethod.evaluate(InvokeParameterisedMethod.java:102)
	at org.junit.internal.runners.statements.FailOnTimeout$1.run(FailOnTimeout.java:28)
Caused by: ptolemy.kernel.util.IllegalActionException: Found a zero delay loop containing .dependencyLoop2.original
  in .dependencyLoop2 and .dependencyLoop2.original
	at ptolemy.actor.util.CausalityInterfaceForComposites._computeOutputPortDepth(CausalityInterfaceForComposites.java:759)
	at ptolemy.actor.util.CausalityInterfaceForComposites._computeInputDepth(CausalityInterfaceForComposites.java:696)
	at ptolemy.actor.util.CausalityInterfaceForComposites._computeOutputPortDepth(CausalityInterfaceForComposites.java:765)
	at ptolemy.actor.util.CausalityInterfaceForComposites._computeInputDepth(CausalityInterfaceForComposites.java:696)
	at ptolemy.actor.util.CausalityInterfaceForComposites._computeOutputPortDepth(CausalityInterfaceForComposites.java:765)
	at ptolemy.actor.util.CausalityInterfaceForComposites._computeInputDepth(CausalityInterfaceForComposites.java:696)
	at ptolemy.actor.util.CausalityInterfaceForComposites._computeActorDepth(CausalityInterfaceForComposites.java:532)
	at ptolemy.actor.util.CausalityInterfaceForComposites.checkForCycles(CausalityInterfaceForComposites.java:96)
	at ptolemy.domains.de.kernel.DEDirector.preinitialize(DEDirector.java:1338)
	at ptolemy.actor.CompositeActor.preinitialize(CompositeActor.java:1828)
	at ptolemy.actor.Manager.preinitializeAndResolveTypes(Manager.java:1040)
	at ptolemy.actor.Manager.initialize(Manager.java:710)
	at ptolemy.actor.Manager.execute(Manager.java:356)
	at ptolemy.actor.Manager.run(Manager.java:1263)
	at ptolemy.actor.Manager$PtolemyRunThread.run(Manager.java:1933)
]]></system-err>
</testsuite>
