<?xml version="1.0" encoding="UTF-8" ?>
<testsuite errors="0" failures="0" hostname="travis-job-173c6be9-7976-44e5-b680-5306f4b7ebc8" name="ptolemy.domains.de.test.junit.JUnitTclTest" skipped="0" tests="101" time="137.372" timestamp="2018-06-09T01:34:30">
  <properties>
    <property name="npm.executable" value="npm" />
    <property name="file.encoding.pkg" value="sun.io" />
    <property name="ptII.mk.exists" value="true" />
    <property name="env.rvm_bin_path" value="/home/travis/.rvm/bin" />
    <property name="java.home" value="/usr/lib/jvm/java-8-oracle/jre" />
    <property name="env.TRAVIS_JOB_NUMBER" value="553.8" />
    <property name="env.DISPLAY" value=":99.0" />
    <property name="java.net.preferIPv4Stack" value="true" />
    <property name="env.SSH_TTY" value="/dev/pts/0" />
    <property name="env.RUN_TESTS" value="true" />
    <property name="timeout.short" value="1000000" />
    <property name="env.TRAVIS_STACK_NODE_ATTRIBUTES" value="/.node-attributes.yml" />
    <property name="junit.formatter" value="xml" />
    <property name="java.endorsed.dirs" value="/usr/lib/jvm/java-8-oracle/jre/lib/endorsed" />
    <property name="env.TRAVIS_SUDO" value="true" />
    <property name="env.LOGNAME" value="travis" />
    <property name="jsdoc.home" value="node_modules/@terraswarm/jsdoc" />
    <property name="debuglevel" value="source,lines,vars" />
    <property name="checkstyle.formatter" value="xml" />
    <property name="bin.vergil.makeable" value="true" />
    <property name="env._system_version" value="14.04" />
    <property name="sun.os.patch.level" value="unknown" />
    <property name="java.vendor.url" value="http://java.oracle.com/" />
    <property name="java.version" value="1.8.0_151" />
    <property name="env.TZ" value="UTC" />
    <property name="env.PT_NO_NET" value="true" />
    <property name="env.TRAVIS_PULL_REQUEST_SHA" value="" />
    <property name="env.TRAVIS_SECURE_ENV_VARS" value="true" />
    <property name="env._system_type" value="Linux" />
    <property name="java.vendor.url.bug" value="http://bugreport.sun.com/bugreport/" />
    <property name="env.SSH_CLIENT" value="10.10.16.3 40478 22" />
    <property name="npmjs-org-is-up" value="true" />
    <property name="env.GEM_HOME" value="/home/travis/.rvm/gems/ruby-2.4.1" />
    <property name="env.HAS_ANTARES_THREE_LITTLE_FRONZIES_BADGE" value="true" />
    <property name="env.PS4" value="+" />
    <property name="ant.project.invoked-targets" value="build,test.core2.xml" />
    <property name="env.TRAVIS_PULL_REQUEST_BRANCH" value="" />
    <property name="env.TRAVIS_REPO_SLUG" value="icyphy/ptII" />
    <property name="node.in.path" value="true" />
    <property name="java.maxmemory" value="1400m" />
    <property name="env.RUBY_VERSION" value="ruby-2.4.1" />
    <property name="user.name" value="travis" />
    <property name="env.LANG" value="en_US.UTF-8" />
    <property name="sun.io.unicode.encoding" value="UnicodeLittle" />
    <property name="sun.jnu.encoding" value="UTF-8" />
    <property name="java.runtime.name" value="Java(TM) SE Runtime Environment" />
    <property name="usefile" value="false" />
    <property name="return.code" value="0" />
    <property name="junit.single.formatter" value="plain" />
    <property name="env.DYLD_LIBRARY_PATH" value="/home/travis/pthla/certi-tools/lib:" />
    <property name="env.DEBIAN_FRONTEND" value="noninteractive" />
    <property name="env.SSH_CONNECTION" value="10.10.16.3 40478 10.20.0.47 22" />
    <property name="env.MYSQL_UNIX_PORT" value="/var/run/mysqld/mysqld.sock" />
    <property name="env.TRAVIS_ALLOW_FAILURE" value="false" />
    <property name="env.LC_ALL" value="en_US.UTF-8" />
    <property name="java.specification.name" value="Java Platform API Specification" />
    <property name="node.works" value="true" />
    <property name="user.timezone" value="" />
    <property name="path.separator" value=":" />
    <property name="env.PYTHON_CFLAGS" value="-g -fstack-protector --param=ssp-buffer-size=4 -Wformat -Werror=format-security" />
    <property name="timeout.long" value="4000000" />
    <property name="env.CERTI_HOME" value="/home/travis/pthla/certi-tools" />
    <property name="file.encoding" value="UTF-8" />
    <property name="ant.file.ptII" value="/home/travis/build/icyphy/ptII/build.xml" />
    <property name="javadoc.packagenames" value="com.*,diva.*,lbnl.*,org.hlacerti.*,org.json.*,org.ptolemy.*,org.terraswarm.*,ptolemy.*,ptserver.*" />
    <property name="env.TRAVIS_PULL_REQUEST_SLUG" value="" />
    <property name="ant.project.default-target" value="build" />
    <property name="env.GIT_ASKPASS" value="echo" />
    <property name="env.HOME" value="/home/travis" />
    <property name="sun.java.command" value="org.apache.tools.ant.taskdefs.optional.junit.JUnitTestRunner ptolemy.domains.de.test.junit.JUnitTclTest skipNonTests=false filtertrace=true haltOnError=false haltOnFailure=false formatter=org.apache.tools.ant.taskdefs.optional.junit.OutErrSummaryJUnitResultFormatter showoutput=true outputtoformatters=true logfailedtests=true threadid=0 logtestlistenerevents=false formatter=org.apache.tools.ant.taskdefs.optional.junit.XMLJUnitResultFormatter,/home/travis/build/icyphy/ptII/reports/junit/TEST-ptolemy.domains.de.test.junit.JUnitTclTest.xml crashfile=/home/travis/build/icyphy/ptII/junitvmwatcher263981509864181821.properties propsfile=/home/travis/build/icyphy/ptII/junit2974867807059121381.properties" />
    <property name="env.MANPATH" value="/home/travis/.nvm/versions/node/v7.10.1/share/man:/home/travis/.kiex/elixirs/elixir-1.4.5/man:/home/travis/.rvm/rubies/ruby-2.4.1/share/man:/usr/local/man:/usr/local/cmake-3.9.2/man:/usr/local/clang-5.0.0/share/man:/usr/local/share/man:/usr/share/man:/home/travis/.rvm/man" />
    <property name="env.COMPOSER_NO_INTERACTION" value="1" />
    <property name="env.JDK_SWITCHER_DEFAULT" value="oraclejdk8" />
    <property name="ant.file" value="/home/travis/build/icyphy/ptII/build.xml" />
    <property name="env.TRAVIS_COMMIT_RANGE" value="fee0e27943f8...c56155127719" />
    <property name="env._system_name" value="Ubuntu" />
    <property name="timeout" value="2400000" />
    <property name="ptII.classpath.optional.property" value="/home/travis/build/icyphy/ptII/lib/bsh-2.0b4.jar:/home/travis/build/icyphy/ptII/lib/ptCal.jar:/home/travis/build/icyphy/ptII/lib/java_cup.jar:/home/travis/build/icyphy/ptII/lib/saxon8.jar:/home/travis/build/icyphy/ptII/lib/saxon8-dom.jar:/home/travis/build/icyphy/ptII/lib/chic.jar:/home/travis/build/icyphy/ptII/lib/ptcolt.jar:/usr/lib/jvm/java-8-oracle/lib/tools.jar:/usr/lib/eclipse/plugins/org.eclipse.jdt.core_3.8.2.dist.jar:/usr/lib/eclipse/plugins/org.eclipse.core.runtime_3.8.0.dist.jar:/usr/lib/eclipse/plugins/org.eclipse.osgi_3.8.1.dist.jar:/usr/lib/eclipse/plugins/org.eclipse.core.resources_3.8.1.dist.jar:/usr/lib/eclipse/plugins/org.eclipse.equinox.common_3.6.100.dist.jar:/usr/lib/eclipse/plugins/org.eclipse.core.jobs_3.5.200.dist.jar:/usr/lib/eclipse/plugins/org.eclipse.core.contenttype_3.4.200.dist.jar:/usr/lib/eclipse/plugins/org.eclipse.equinox.preferences_3.5.0.dist.jar:/usr/lib/eclipse/plugins/org.eclipse.text_3.5.200.dist.jar:/usr/lib/eclipse/plugins/org.eclipse.ui.workbench_3.8.1.dist.jar:/usr/lib/eclipse/plugins/org.eclipse.jface_3.8.0.dist.jar:/usr/lib/eclipse/plugins/org.eclipse.swt_3.8.2.jar:/usr/lib/eclipse/plugins/org.eclipse.jface.text_3.8.1.dist.jar:/usr/lib/eclipse/plugins/org.eclipse.ui.workbench.texteditor_3.8.0.dist.jar:/usr/lib/eclipse/plugins/org.eclipse.ui.editors_3.8.0.dist.jar:/usr/lib/eclipse/plugins/org.eclipse.core.commands_3.6.1.dist.jar:/usr/lib/eclipse/plugins/org.eclipse.equinox.registry_3.5.200.dist.jar:/usr/lib/eclipse/plugins/org.eclipse.ui.console_3.5.100.dist.jar:/usr/lib/eclipse/plugins/org.eclipse.ui.forms_3.5.200.dist.jar:/usr/lib/eclipse/plugins/org.eclipse.ui.ide_3.8.1.dist.jar:/home/travis/build/icyphy/ptII/vendors/oracle/dbxml.jar:/home/travis/build/icyphy/ptII/vendors/oracle/db.jar:/home/travis/build/icyphy/ptII/vendors/misc/itext/iText.jar:/home/travis/build/icyphy/ptII/lib/g4ltl.jar:/home/travis/build/icyphy/ptII/lib/StructuralCoder.jar:/home/travis/build/icyphy/ptII/lib/org-openide-util.jar:/home/travis/build/icyphy/ptII/lib/org-openide-util-lookup.jar:/home/travis/build/icyphy/ptII/lib/org-netbeans-api-visual.jar:/home/travis/build/icyphy/ptII/vendors/jai-1_1_2_01/lib/jai_core.jar:/home/travis/build/icyphy/ptII/vendors/jai-1_1_2_01/lib/jai_codec.jar:/home/travis/build/icyphy/ptII/lib/jcerti.jar:/home/travis/build/icyphy/ptII/lib/smack.jar:/home/travis/build/icyphy/ptII/lib/smackx.jar:/home/travis/build/icyphy/ptII/lib/jetty-all-8.1.5-v20120716.jar:/home/travis/build/icyphy/ptII/lib/javax.servlet-api-3.0.1.jar:/home/travis/build/icyphy/ptII/lib/javax.mail.jar:/home/travis/build/icyphy/ptII/vendors/JMF-2.1.1e/lib/jmf.jar:/home/travis/build/icyphy/ptII/lib/jna-4.0.0-variadic.jar:/home/travis/build/icyphy/ptII/vendors/misc/joystick/Joystick.jar:/home/travis/build/icyphy/ptII/lib/ptjacl.jar:/home/travis/build/icyphy/ptII/lib/jsoup-1.8.2.jar:/home/travis/build/icyphy/ptII/lib/junit-4.8.2.jar:/home/travis/build/icyphy/ptII/lib/JUnitParams-0.4.0.jar:/home/travis/build/icyphy/ptII/ptolemy/actor/lib/excel/jxl.jar:/home/travis/build/icyphy/ptII/lib/jython.jar:/home/travis/build/icyphy/ptII/lib/kieler.jar:/home/travis/build/icyphy/ptII/vendors/opencv/share/OpenCV/java/opencv-341.jar:/home/travis/build/icyphy/ptII/lib/oscP5.jar:/home/travis/build/icyphy/ptII/lib/nrjavaserial-3.11.0.devel.jar:/usr/share/java/j3dcore.jar:/usr/share/java/j3dutils.jar:/usr/share/java/vecmath.jar:/home/travis/build/icyphy/ptII/ptolemy/distributed/jini/jar/jini-core.jar:/home/travis/build/icyphy/ptII/ptolemy/distributed/jini/jar/jini-ext.jar:/home/travis/build/icyphy/ptII/ptolemy/distributed/jini/jar/sun-util.jar:/home/travis/build/icyphy/ptII/lib/protobuf-java-2.4.1.jar:/home/travis/build/icyphy/ptII/lib/org.eclipse.paho.client.mqttv3.jar:/home/travis/build/icyphy/ptII/ptserver/lib/hessian-4.0.7.jar:/home/travis/build/icyphy/ptII/ptserver/lib/wmqtt.jar:/home/travis/build/icyphy/ptII/lib/mapss.jar:/home/travis/build/icyphy/ptII/ptolemy/actor/ptalon/antlr/antlr.jar:/home/travis/build/icyphy/ptII/lib/JRI.jar:/home/travis/build/icyphy/ptII/lib/commons-lang-2.6.jar:/home/travis/build/icyphy/ptII/lib/commons-logging-1.1.1.jar:/home/travis/build/icyphy/ptII/lib/sootclasses.jar:/home/travis/build/icyphy/ptII/ptolemy/actor/lib/database/mysql-connector-java-5.1.6-bin.jar:/home/travis/build/icyphy/ptII/vendors/misc/sphinx4/sphinx4-data-5prealpha.jar:/home/travis/build/icyphy/ptII/vendors/misc/sphinx4/sphinx4-core-5prealpha.jar:/home/travis/build/icyphy/ptII/lib/PDFRenderer.jar:/home/travis/build/icyphy/ptII/lib/svgSalamander.jar:/home/travis/build/icyphy/ptII/lib/rsyntaxtextarea-2.6.0-SNAPSHOT.jar:/home/travis/build/icyphy/ptII/lib/hazelcast-3.8.2.jar:/home/travis/build/icyphy/ptII/lib/jackson-annotations-2.9.0.jar:/home/travis/build/icyphy/ptII/lib/jackson-core-2.9.3.jar:/home/travis/build/icyphy/ptII/lib/jackson-databind-2.9.3.jar:/home/travis/build/icyphy/ptII/lib/netty-buffer-4.1.19.Final.jar:/home/travis/build/icyphy/ptII/lib/netty-codec-4.1.19.Final.jar:/home/travis/build/icyphy/ptII/lib/netty-codec-dns-4.1.19.Final.jar:/home/travis/build/icyphy/ptII/lib/netty-codec-http-4.1.19.Final.jar:/home/travis/build/icyphy/ptII/lib/netty-codec-http2-4.1.19.Final.jar:/home/travis/build/icyphy/ptII/lib/netty-common-4.1.19.Final.jar:/home/travis/build/icyphy/ptII/lib/netty-handler-4.1.19.Final.jar:/home/travis/build/icyphy/ptII/lib/netty-resolver-4.1.19.Final.jar:/home/travis/build/icyphy/ptII/lib/netty-resolver-dns-4.1.19.Final.jar:/home/travis/build/icyphy/ptII/lib/netty-transport-4.1.19.Final.jar:/home/travis/build/icyphy/ptII/lib/vertx-codegen-3.5.1.jar:/home/travis/build/icyphy/ptII/lib/vertx-core-3.5.2-SNAPSHOT.jar:/home/travis/build/icyphy/ptII/lib/vertx-hazelcast-3.5.1.jar:/home/travis/build/icyphy/ptII/lib/vertx-lang-js-3.5.1.jar:/home/travis/build/icyphy/ptII/lib/vertx-service-proxy-3.5.1.jar:/home/travis/build/icyphy/ptII/lib/vertx-web-3.5.1.jar:/home/travis/build/icyphy/ptII/lib/slf4j-api-1.7.13.jar:/home/travis/build/icyphy/ptII/lib/slf4j-simple-1.7.13.jar:/home/travis/build/icyphy/ptII/lib/webcam-capture-0.3.12.jar:/home/travis/build/icyphy/ptII/lib/bridj-0.7.0.jar:/home/travis/build/icyphy/ptII/lib/xbjlib-1.1.0.nrjavaserial.jar" />
    <property name="test.batch" value="**/junit/*.java" />
    <property name="env._" value="/usr/bin/timeout" />
    <property name="java.io.tmpdir" value="/tmp" />
    <property name="user.language" value="en" />
    <property name="env.HISTCONTROL" value="ignoredups:ignorespace" />
    <property name="env.GOROOT" value="/home/travis/.gimme/versions/go1.7.4.linux.amd64" />
    <property name="line.separator" value="&#xa;" />
    <property name="target" value="1.8" />
    <property name="env.TRAVIS_BUILD_DIR" value="/home/travis/build/icyphy/ptII" />
    <property name="env.ANT_OPTS" value="-Xmx2048m" />
    <property name="ant.file.type" value="file" />
    <property name="ptolemy.ptII.batchMode" value="true" />
    <property name="env.HISTSIZE" value="1000" />
    <property name="env.MERB_ENV" value="test" />
    <property name="java.vm.info" value="mixed mode" />
    <property name="source" value="1.8" />
    <property name="java.vm.specification.name" value="Java Virtual Machine Specification" />
    <property name="env.TRAVIS_TEST_RESULT" value="0" />
    <property name="jsdoc.command" value="node_modules/@terraswarm/jsdoc/jsdoc.js" />
    <property name="npm.works" value="true" />
    <property name="cobertura.dir" value="/home/travis/build/icyphy/ptII/vendors/cobertura-2.0.3" />
    <property name="env.rvm_path" value="/home/travis/.rvm" />
    <property name="env.GEM_PATH" value="/home/travis/.rvm/gems/ruby-2.4.1:/home/travis/.rvm/gems/ruby-2.4.1@global" />
    <property name="env.LC_CTYPE" value="en_US.UTF-8" />
    <property name="java.awt.printerjob" value="sun.print.PSPrinterJob" />
    <property name="env.TRAVIS_STACK_NAME" value="garnet" />
    <property name="ant.version" value="Apache Ant(TM) version 1.10.1 compiled on February 2 2017" />
    <property name="ptII.reports" value="/home/travis/build/icyphy/ptII/reports" />
    <property name="env.TRAVIS_STACK_TIMESTAMP" value="2017-12-05 19:33:09 UTC" />
    <property name="ant.file.type.ptII" value="file" />
    <property name="env.RBENV_SHELL" value="bash" />
    <property name="os.name" value="Linux" />
    <property name="java.specification.vendor" value="Oracle Corporation" />
    <property name="env.rvm_version" value="1.29.3 (latest)" />
    <property name="env.TERM" value="xterm" />
    <property name="java.vm.name" value="Java HotSpot(TM) 64-Bit Server VM" />
    <property name="env.TRAVIS_BUILD_NUMBER" value="553" />
    <property name="env.CI" value="true" />
    <property name="java.library.path" value="/home/travis/pthla/certi-tools/lib:/usr/lib/jni:/usr/local/share/OpenCV/java/:/usr/share/OpenCV/java::/usr/java/packages/lib/amd64:/usr/lib64:/lib64:/lib:/usr/lib" />
    <property name="env.rvm_prefix" value="/home/travis" />
    <property name="env.PATH" value="/home/travis/pthla/certi-tools/share/scripts:/home/travis/.rvm/gems/ruby-2.4.1/bin:/home/travis/.rvm/gems/ruby-2.4.1@global/bin:/home/travis/.rvm/rubies/ruby-2.4.1/bin:/home/travis/.rvm/bin:/home/travis/.nvm/versions/node/v7.10.1/bin:./node_modules/.bin:/home/travis/build/icyphy/ptII/bin:/home/travis/pthla/certi-tools/bin:/home/travis/bin:/home/travis/.local/bin:/opt/pyenv/shims:/home/travis/.phpenv/shims:/home/travis/perl5/perlbrew/bin:/home/travis/.kiex/elixirs/elixir-1.4.5/bin:/home/travis/.kiex/bin:/home/travis/gopath/bin:/home/travis/.gimme/versions/go1.7.4.linux.amd64/bin:/usr/local/phantomjs/bin:/usr/local/phantomjs:/usr/local/neo4j-3.2.7/bin:/usr/local/maven-3.5.2/bin:/usr/local/cmake-3.9.2/bin:/usr/local/clang-5.0.0/bin:/usr/local/sbin:/usr/local/bin:/usr/sbin:/usr/bin:/sbin:/bin:/home/travis/.phpenv/bin:/opt/pyenv/bin:/home/travis/.yarn/bin" />
    <property name="env.TRAVIS_OS_NAME" value="linux" />
    <property name="ant.java.version" value="1.8" />
    <property name="basedir" value="/home/travis/build/icyphy/ptII" />
    <property name="java.class.version" value="52.0" />
    <property name="env.SHLVL" value="3" />
    <property name="env.LD_LIBRARY_PATH" value="/home/travis/pthla/certi-tools/lib:/usr/lib/jni:/usr/local/share/OpenCV/java/:/usr/share/OpenCV/java:" />
    <property name="env.RACK_ENV" value="test" />
    <property name="ant.home" value="/home/travis/build/icyphy/ptII/ant" />
    <property name="env.NVM_DIR" value="/home/travis/.nvm" />
    <property name="env.PERLBREW_BASHRC_VERSION" value="0.80" />
    <property name="env.CERTI_FOM_PATH" value="/home/travis/pthla/certi-tools/share/federations" />
    <property name="env.TRAVIS_BUILD_ID" value="389982878" />
    <property name="env.PYENV_ROOT" value="/opt/pyenv" />
    <property name="env.TRAVIS_UID" value="2000" />
    <property name="env.rvm_pretty_print_flag" value="auto" />
    <property name="env.NVM_BIN" value="/home/travis/.nvm/versions/node/v7.10.1/bin" />
    <property name="env.TRAVIS_COMMIT" value="c56155127719f60d5c1634c8e07533182912a504" />
    <property name="env._system_arch" value="x86_64" />
    <property name="node.executable" value="node" />
    <property name="sun.boot.library.path" value="/usr/lib/jvm/java-8-oracle/jre/lib/amd64" />
    <property name="sun.management.compiler" value="HotSpot 64-Bit Tiered Compilers" />
    <property name="env.GOPATH" value="/home/travis/gopath" />
    <property name="java.awt.graphicsenv" value="sun.awt.X11GraphicsEnvironment" />
    <property name="ptolemy.ptII.dir" value="/home/travis/build/icyphy/ptII" />
    <property name="env.USER" value="travis" />
    <property name="env.HISTFILESIZE" value="2000" />
    <property name="timeout.longest" value="19000000" />
    <property name="env.TRAVIS_STACK_FEATURES" value="basic cassandra chromium couchdb disabled-ipv6 docker docker-compose elasticsearch firefox go-toolchain google-chrome jdk memcached mongodb mysql neo4j nodejs_interpreter perl_interpreter perlbrew phantomjs postgresql python_interpreter rabbitmq redis riak ruby_interpreter sqlite xserver" />
    <property name="env.TRAVIS_PULL_REQUEST" value="false" />
    <property name="env.PYENV_SHELL" value="bash" />
    <property name="ant.project.name" value="ptII" />
    <property name="java.vm.specification.version" value="1.8" />
    <property name="env.CERTI_VERSION" value="4.0.0" />
    <property name="env.NLSPATH" value="/usr/dt/lib/nls/msg/%L/%N.cat" />
    <property name="awt.toolkit" value="sun.awt.X11.XToolkit" />
    <property name="env.CERTI_HOST" value="localhost" />
    <property name="env.MY_RUBY_HOME" value="/home/travis/.rvm/rubies/ruby-2.4.1" />
    <property name="sun.cpu.isalist" value="" />
    <property name="java.ext.dirs" value="/usr/lib/jvm/java-8-oracle/jre/lib/ext:/usr/java/packages/lib/ext" />
    <property name="os.version" value="4.4.0-101-generic" />
    <property name="user.home" value="/home/travis" />
    <property name="env.MIX_ARCHIVES" value="/home/travis/.kiex/mix/elixir-1.4.5" />
    <property name="java.vm.vendor" value="Oracle Corporation" />
    <property name="env.TRAVIS_TAG" value="nightly" />
    <property name="env.TRAVIS_FILTERED" value="redirect_io" />
    <property name="javadoc.excludepackagenames" value="adm.cvs2svn.*,build.*,config.*,doc.coding.templates.*,jni.test.jni.meaningOfLife.*,jni.test.jni.testDeux.*,jni.test.jni.testTrois.*,org.terraswarm.accessor.accessors.web.node_modules.*,org.terraswarm.accessor.accessors.web.hosts.cordova.demo.*,org.terraswarm.accessor.accessors.web.hosts.cordova.plugins.*,org.terraswarm.accessor.accessors-svn.*,pt-modules.*,ptolemy.apps.agilent.*,ptolemy.apps.anytimecontrol.*,ptolemy.apps.apes.*,ptolemy.apps.charon.*,ptolemy.apps.crazyboard.*,ptolemy.apps.eclipse.*,ptolemy.apps.etherealSting.*,ptolemy.apps.fullscreen.*,ptolemy.apps.giotto.*,ptolemy.apps.ia.*,ptolemy.apps.interfaces.*,ptolemy.apps.jmf.*,ptolemy.apps.kurt.*,ptolemy.apps.kvm.*,ptolemy.apps.lego.*,ptolemy.apps.lejos.*,ptolemy.apps.midp.*,ptolemy.apps.mobileCoding.*,ptolemy.apps.pendulum.*,ptolemy.apps.rijndael.*,ptolemy.apps.robot.*,ptolemy.apps.security.*,ptolemy.apps.sobel.*,ptolemy.apps.soot.*,ptolemy.apps.throttle.*,ptolemy.apps.tini.*,ptolemy.apps.transmission.*,ptolemy.apps.vergil.*,ptolemy.apps.waba.*,ptolemy.apps.websensor.*,ptolemy.apps.webstart.*,ptolemy.apps.xsl.*,ptolemy.apps.zaurus.*,ptolemy.backtrack.eclipse.plugin.*,ptolemy.backtrack.test.*,ptolemy.codegen.c.actor.lib.oldJavaFiles.*,ptolemy.codegen.dsp.lib.*,ptolemy.codegen.kernel.newInterfaces.*,ptolemy.codegen.lib.*,ptolemy.copernicus.kernel.fragment.*,ptolemy.copernicus.shallow.cg.*,ptolemy.domains.giotto.demo.Hierarchy.Hierarchy.*,ptolemy.domains.giotto.demo.Multimode.Multimode.*,ptolemy.domains.giotto.demo.Simple.Simple.*,ptolemy.domains.gr.lib.experimental.*,ptolemy.domains.gro.*,ptolemy.domains.pdf.*,ptolemy.domains.ptinyos.demo.Surge.output.*,ptolemy.moml.test.NoPackageActor.java*,ptolemy.plot.adm.*,ptolemy.plot.servlet.*,reports.*,signed.*,src.*,target.*,vendors.*,ptolemy.cg.adapter.generic.program.procedural.c.mbed*,ptolemy.actor.lib.fmi.fmus.omc*,ptolemy.domains.openmodelica*,ptdb.kernel.bl.save.test.*,ptdb.kernel.bl.load.test.*,ptdb.kernel.bl.search.test.*,ptdb.kernel.bl.migration.test.*,ptdb.kernel.database.test.*,ptdb.test.*,ptdb.gui.test.*,org.ptolemy.scala.*,diva.util.java2d.svg.*,ptolemy.domains.ptinyos.*,ptolemy.actor.lib.fmi.fmipp.*,,org.terraswarm.accessor.accessors.web.node_modules.*,org.terraswarm.accessor.accessors-svn,ptolemy.apps.*,ptolemy.actor.ptalon.demo.ptinyos.SendAndReceiveCnt.output,ptolemy.actor.ptalon.demo.ptinyos.SenseToLeds.output,ptolemy.domains.ptinyos.demo.CntToLedsAndRfm.output,ptolemy.domains.ptinyos.demo.RfmToLeds.output,ptolemy.domains.ptinyos.demo.SendAndReceiveCnt.output,ptolemy.domains.ptinyos.demo.SenseToLeds.output,ptolemy.actor.lib.jjs.modules.udpSocket.*" />
    <property name="env.JAVA_HOME" value="/usr/lib/jvm/java-8-oracle" />
    <property name="env.PTII" value="/home/travis/build/icyphy/ptII" />
    <property name="env.TRAVIS_COMMIT_MESSAGE" value="Removed mention of /js/ demos that are no longer listed in whatsNew10.0.htm" />
    <property name="keystore" value="ptKeystore" />
    <property name="env.XDG_SESSION_ID" value="2" />
    <property name="junit.output.dir" value="/home/travis/build/icyphy/ptII/reports/junit" />
    <property name="npm.return.code" value="0" />
    <property name="user.dir" value="/home/travis/build/icyphy/ptII/ptolemy/domains/de/test" />
    <property name="env.TRAVIS_NODE_VERSION" value="7" />
    <property name="env.XFILESEARCHPATH" value="/usr/dt/app-defaults/%L/Dt" />
    <property name="env.TRAVIS_EVENT_TYPE" value="push" />
    <property name="env.MAIL" value="/var/mail/travis" />
    <property name="env.PWD" value="/home/travis/build/icyphy/ptII" />
    <property name="env.PERLBREW_ROOT" value="/home/travis/perl5/perlbrew" />
    <property name="timeout.npm" value="45000" />
    <property name="env.PT_TRAVIS_TEST_CORE2_XML" value="true" />
    <property name="env.PAGER" value="cat" />
    <property name="sun.cpu.endian" value="little" />
    <property name="env.TRAVIS_BUILD_STAGE_NAME" value="Test" />
    <property name="env.PERLBREW_HOME" value="/home/travis/.perlbrew" />
    <property name="env.RAILS_ENV" value="test" />
    <property name="java.vm.version" value="25.151-b12" />
    <property name="java.class.path" value="/home/travis/build/icyphy/ptII:/home/travis/build/icyphy/ptII/lib/bsh-2.0b4.jar:/home/travis/build/icyphy/ptII/lib/ptCal.jar:/home/travis/build/icyphy/ptII/lib/java_cup.jar:/home/travis/build/icyphy/ptII/lib/saxon8.jar:/home/travis/build/icyphy/ptII/lib/saxon8-dom.jar:/home/travis/build/icyphy/ptII/lib/chic.jar:/home/travis/build/icyphy/ptII/lib/ptcolt.jar:/usr/lib/jvm/java-8-oracle/lib/tools.jar:/usr/lib/eclipse/plugins/org.eclipse.jdt.core_3.8.2.dist.jar:/usr/lib/eclipse/plugins/org.eclipse.core.runtime_3.8.0.dist.jar:/usr/lib/eclipse/plugins/org.eclipse.osgi_3.8.1.dist.jar:/usr/lib/eclipse/plugins/org.eclipse.core.resources_3.8.1.dist.jar:/usr/lib/eclipse/plugins/org.eclipse.equinox.common_3.6.100.dist.jar:/usr/lib/eclipse/plugins/org.eclipse.core.jobs_3.5.200.dist.jar:/usr/lib/eclipse/plugins/org.eclipse.core.contenttype_3.4.200.dist.jar:/usr/lib/eclipse/plugins/org.eclipse.equinox.preferences_3.5.0.dist.jar:/usr/lib/eclipse/plugins/org.eclipse.text_3.5.200.dist.jar:/usr/lib/eclipse/plugins/org.eclipse.ui.workbench_3.8.1.dist.jar:/usr/lib/eclipse/plugins/org.eclipse.jface_3.8.0.dist.jar:/usr/lib/eclipse/plugins/org.eclipse.swt_3.8.2.jar:/usr/lib/eclipse/plugins/org.eclipse.jface.text_3.8.1.dist.jar:/usr/lib/eclipse/plugins/org.eclipse.ui.workbench.texteditor_3.8.0.dist.jar:/usr/lib/eclipse/plugins/org.eclipse.ui.editors_3.8.0.dist.jar:/usr/lib/eclipse/plugins/org.eclipse.core.commands_3.6.1.dist.jar:/usr/lib/eclipse/plugins/org.eclipse.equinox.registry_3.5.200.dist.jar:/usr/lib/eclipse/plugins/org.eclipse.ui.console_3.5.100.dist.jar:/usr/lib/eclipse/plugins/org.eclipse.ui.forms_3.5.200.dist.jar:/usr/lib/eclipse/plugins/org.eclipse.ui.ide_3.8.1.dist.jar:/home/travis/build/icyphy/ptII/vendors/oracle/dbxml.jar:/home/travis/build/icyphy/ptII/vendors/oracle/db.jar:/home/travis/build/icyphy/ptII/vendors/misc/itext/iText.jar:/home/travis/build/icyphy/ptII/lib/g4ltl.jar:/home/travis/build/icyphy/ptII/lib/StructuralCoder.jar:/home/travis/build/icyphy/ptII/lib/org-openide-util.jar:/home/travis/build/icyphy/ptII/lib/org-openide-util-lookup.jar:/home/travis/build/icyphy/ptII/lib/org-netbeans-api-visual.jar:/home/travis/build/icyphy/ptII/vendors/jai-1_1_2_01/lib/jai_core.jar:/home/travis/build/icyphy/ptII/vendors/jai-1_1_2_01/lib/jai_codec.jar:/home/travis/build/icyphy/ptII/lib/jcerti.jar:/home/travis/build/icyphy/ptII/lib/smack.jar:/home/travis/build/icyphy/ptII/lib/smackx.jar:/home/travis/build/icyphy/ptII/lib/jetty-all-8.1.5-v20120716.jar:/home/travis/build/icyphy/ptII/lib/javax.servlet-api-3.0.1.jar:/home/travis/build/icyphy/ptII/lib/javax.mail.jar:/home/travis/build/icyphy/ptII/vendors/JMF-2.1.1e/lib/jmf.jar:/home/travis/build/icyphy/ptII/lib/jna-4.0.0-variadic.jar:/home/travis/build/icyphy/ptII/vendors/misc/joystick/Joystick.jar:/home/travis/build/icyphy/ptII/lib/ptjacl.jar:/home/travis/build/icyphy/ptII/lib/jsoup-1.8.2.jar:/home/travis/build/icyphy/ptII/lib/junit-4.8.2.jar:/home/travis/build/icyphy/ptII/lib/JUnitParams-0.4.0.jar:/home/travis/build/icyphy/ptII/ptolemy/actor/lib/excel/jxl.jar:/home/travis/build/icyphy/ptII/lib/jython.jar:/home/travis/build/icyphy/ptII/lib/kieler.jar:/home/travis/build/icyphy/ptII/vendors/opencv/share/OpenCV/java/opencv-341.jar:/home/travis/build/icyphy/ptII/lib/oscP5.jar:/home/travis/build/icyphy/ptII/lib/nrjavaserial-3.11.0.devel.jar:/usr/share/java/j3dcore.jar:/usr/share/java/j3dutils.jar:/usr/share/java/vecmath.jar:/home/travis/build/icyphy/ptII/ptolemy/distributed/jini/jar/jini-core.jar:/home/travis/build/icyphy/ptII/ptolemy/distributed/jini/jar/jini-ext.jar:/home/travis/build/icyphy/ptII/ptolemy/distributed/jini/jar/sun-util.jar:/home/travis/build/icyphy/ptII/lib/protobuf-java-2.4.1.jar:/home/travis/build/icyphy/ptII/lib/org.eclipse.paho.client.mqttv3.jar:/home/travis/build/icyphy/ptII/ptserver/lib/hessian-4.0.7.jar:/home/travis/build/icyphy/ptII/ptserver/lib/wmqtt.jar:/home/travis/build/icyphy/ptII/lib/mapss.jar:/home/travis/build/icyphy/ptII/ptolemy/actor/ptalon/antlr/antlr.jar:/home/travis/build/icyphy/ptII/lib/JRI.jar:/home/travis/build/icyphy/ptII/lib/commons-lang-2.6.jar:/home/travis/build/icyphy/ptII/lib/commons-logging-1.1.1.jar:/home/travis/build/icyphy/ptII/lib/sootclasses.jar:/home/travis/build/icyphy/ptII/ptolemy/actor/lib/database/mysql-connector-java-5.1.6-bin.jar:/home/travis/build/icyphy/ptII/vendors/misc/sphinx4/sphinx4-data-5prealpha.jar:/home/travis/build/icyphy/ptII/vendors/misc/sphinx4/sphinx4-core-5prealpha.jar:/home/travis/build/icyphy/ptII/lib/PDFRenderer.jar:/home/travis/build/icyphy/ptII/lib/svgSalamander.jar:/home/travis/build/icyphy/ptII/lib/rsyntaxtextarea-2.6.0-SNAPSHOT.jar:/home/travis/build/icyphy/ptII/lib/hazelcast-3.8.2.jar:/home/travis/build/icyphy/ptII/lib/jackson-annotations-2.9.0.jar:/home/travis/build/icyphy/ptII/lib/jackson-core-2.9.3.jar:/home/travis/build/icyphy/ptII/lib/jackson-databind-2.9.3.jar:/home/travis/build/icyphy/ptII/lib/netty-buffer-4.1.19.Final.jar:/home/travis/build/icyphy/ptII/lib/netty-codec-4.1.19.Final.jar:/home/travis/build/icyphy/ptII/lib/netty-codec-dns-4.1.19.Final.jar:/home/travis/build/icyphy/ptII/lib/netty-codec-http-4.1.19.Final.jar:/home/travis/build/icyphy/ptII/lib/netty-codec-http2-4.1.19.Final.jar:/home/travis/build/icyphy/ptII/lib/netty-common-4.1.19.Final.jar:/home/travis/build/icyphy/ptII/lib/netty-handler-4.1.19.Final.jar:/home/travis/build/icyphy/ptII/lib/netty-resolver-4.1.19.Final.jar:/home/travis/build/icyphy/ptII/lib/netty-resolver-dns-4.1.19.Final.jar:/home/travis/build/icyphy/ptII/lib/netty-transport-4.1.19.Final.jar:/home/travis/build/icyphy/ptII/lib/vertx-codegen-3.5.1.jar:/home/travis/build/icyphy/ptII/lib/vertx-core-3.5.2-SNAPSHOT.jar:/home/travis/build/icyphy/ptII/lib/vertx-hazelcast-3.5.1.jar:/home/travis/build/icyphy/ptII/lib/vertx-lang-js-3.5.1.jar:/home/travis/build/icyphy/ptII/lib/vertx-service-proxy-3.5.1.jar:/home/travis/build/icyphy/ptII/lib/vertx-web-3.5.1.jar:/home/travis/build/icyphy/ptII/lib/slf4j-api-1.7.13.jar:/home/travis/build/icyphy/ptII/lib/slf4j-simple-1.7.13.jar:/home/travis/build/icyphy/ptII/lib/webcam-capture-0.3.12.jar:/home/travis/build/icyphy/ptII/lib/bridj-0.7.0.jar:/home/travis/build/icyphy/ptII/lib/xbjlib-1.1.0.nrjavaserial.jar:/home/travis/build/icyphy/ptII/ptolemy/moml/test:/home/travis/build/icyphy/ptII/ant/lib/ant-launcher.jar:/home/travis/build/icyphy/ptII/ant/lib/ant.jar:/home/travis/build/icyphy/ptII/ant/lib/ant-junit.jar:/home/travis/build/icyphy/ptII/ant/lib/ant-junit4.jar" />
    <property name="ant.library.dir" value="/home/travis/build/icyphy/ptII/ant/lib" />
    <property name="os.arch" value="amd64" />
    <property name="env.TRAVIS_LANGUAGE" value="node_js" />
    <property name="env.CONTINUOUS_INTEGRATION" value="true" />
    <property name="env.TRAVIS_STACK_LANGUAGES" value="__garnet__ c c++ clojure cplusplus cpp default go groovy java node_js php pure_java python ruby scala" />
    <property name="test.name" value="ptolemy.actor.lib.test.junit.JUnitTclTest" />
    <property name="sun.java.launcher" value="SUN_STANDARD" />
    <property name="env.PYTHON_CONFIGURE_OPTS" value="--enable-unicode=ucs4 --with-wide-unicode --enable-shared --enable-ipv6 --enable-loadable-sqlite-extensions --with-computed-gotos" />
    <property name="ant.core.lib" value="/home/travis/build/icyphy/ptII/ant/lib/ant.jar" />
    <property name="java.vm.specification.vendor" value="Oracle Corporation" />
    <property name="env.BCVTB_HOME" value="/home/travis/build/icyphy/ptII/lbnl" />
    <property name="file.separator" value="/" />
    <property name="java.runtime.version" value="1.8.0_151-b12" />
    <property name="spotbugs.home" value="/home/travis/build/icyphy/ptII/vendors/spotbugs-3.1.1" />
    <property name="sun.boot.class.path" value="/usr/lib/jvm/java-8-oracle/jre/lib/resources.jar:/usr/lib/jvm/java-8-oracle/jre/lib/rt.jar:/usr/lib/jvm/java-8-oracle/jre/lib/sunrsasign.jar:/usr/lib/jvm/java-8-oracle/jre/lib/jsse.jar:/usr/lib/jvm/java-8-oracle/jre/lib/jce.jar:/usr/lib/jvm/java-8-oracle/jre/lib/charsets.jar:/usr/lib/jvm/java-8-oracle/jre/lib/jfr.jar:/usr/lib/jvm/java-8-oracle/jre/classes" />
    <property name="env.HAS_JOSH_K_SEAL_OF_APPROVAL" value="true" />
    <property name="env.TRAVIS_OSX_IMAGE" value="" />
    <property name="env.XDG_RUNTIME_DIR" value="/run/user/2000" />
    <property name="env.TRAVIS_BRANCH" value="master" />
    <property name="env.TRAVIS_JOB_ID" value="389982886" />
    <property name="env.CERTI_HOME_TRAVIS" value="/home/travis/pthla/certi-tools" />
    <property name="user.country" value="US" />
    <property name="env.SHELL" value="/bin/bash" />
    <property name="java.maxmemory.large" value="5000m" />
    <property name="model" value="" />
    <property name="env.CASHER_DIR" value="/home/travis/.casher" />
    <property name="env.NVM_CD_FLAGS" value="" />
    <property name="jshint.executable" value="/home/travis/node_modules/jshint/bin/jshint" />
    <property name="java.vendor" value="Oracle Corporation" />
    <property name="env.JRUBY_OPTS" value=" --client -J-XX:+TieredCompilation -J-XX:TieredStopAtLevel=1 -J-Xss2m -Xcompile.invokedynamic=false" />
    <property name="env.TRAVIS_PRE_CHEF_BOOTSTRAP_TIME" value="2017-12-05T19:32:55" />
    <property name="env.TRAVIS_STACK_JOB_BOARD_REGISTER" value="/.job-board-register.yml" />
    <property name="env.ELIXIR_VERSION" value="1.4.5" />
    <property name="java.specification.version" value="1.8" />
    <property name="env.IRBRC" value="/home/travis/.rvm/rubies/ruby-2.4.1/.irbrc" />
    <property name="env.TRAVIS" value="true" />
    <property name="sun.arch.data.model" value="64" />
  </properties>
  <testcase classname="ptolemy.util.test.junit.TclTests" name="[0] /home/travis/build/icyphy/ptII/ptolemy/domains/de/test/DependencyLoop.tcl (RunTclFile)" time="0.879" />
  <testcase classname="ptolemy.util.test.junit.TclTests" name="[1] /home/travis/build/icyphy/ptII/ptolemy/domains/de/test/RunDETestsAsQSS.tcl (RunTclFile)" time="94.887" />
  <testcase classname="ptolemy.util.test.junit.AutoKnownFailedTests" name="[0] /home/travis/build/icyphy/ptII/ptolemy/domains/de/test/auto/knownFailedTests/DESDFClockTest.xml (RunModel)" time="2.025" />
  <testcase classname="ptolemy.util.test.junit.AutoKnownFailedTests" name="[1] /home/travis/build/icyphy/ptII/ptolemy/domains/de/test/auto/knownFailedTests/DirectFeedback.xml (RunModel)" time="0.012" />
  <testcase classname="ptolemy.util.test.junit.AutoKnownFailedTests" name="[2] /home/travis/build/icyphy/ptII/ptolemy/domains/de/test/auto/knownFailedTests/FSMSource.xml (RunModel)" time="0.026" />
  <testcase classname="ptolemy.util.test.junit.AutoKnownFailedTests" name="[3] /home/travis/build/icyphy/ptII/ptolemy/domains/de/test/auto/knownFailedTests/HierarchicalModel.xml (RunModel)" time="0.036" />
  <testcase classname="ptolemy.util.test.junit.AutoKnownFailedTests" name="[4] /home/travis/build/icyphy/ptII/ptolemy/domains/de/test/auto/knownFailedTests/dependencyLoop.xml (RunModel)" time="0.041" />
  <testcase classname="ptolemy.util.test.junit.AutoKnownFailedTests" name="[5] /home/travis/build/icyphy/ptII/ptolemy/domains/de/test/auto/knownFailedTests/dependencyLoop2.xml (RunModel)" time="0.037" />
  <testcase classname="ptolemy.util.test.junit.AutoNameArchTests" name="[0] ThereAreNoAutoArchTests (RunModel)" time="0.001" />
  <testcase classname="ptolemy.util.test.junit.AutoTests" name="[0] /home/travis/build/icyphy/ptII/ptolemy/domains/de/test/auto/ActorDepthCalculation_actorWithoutPorts.xml (RunModel)" time="0.015" />
  <testcase classname="ptolemy.util.test.junit.AutoTests" name="[1] /home/travis/build/icyphy/ptII/ptolemy/domains/de/test/auto/AssemblyLine.xml (RunModel)" time="0.021" />
  <testcase classname="ptolemy.util.test.junit.AutoTests" name="[2] /home/travis/build/icyphy/ptII/ptolemy/domains/de/test/auto/CQBug1.xml (RunModel)" time="0.006" />
  <testcase classname="ptolemy.util.test.junit.AutoTests" name="[3] /home/travis/build/icyphy/ptII/ptolemy/domains/de/test/auto/CancelFireAt.xml (RunModel)" time="0.005" />
  <testcase classname="ptolemy.util.test.junit.AutoTests" name="[4] /home/travis/build/icyphy/ptII/ptolemy/domains/de/test/auto/CausalityAndComposabilityAnalysis.xml (RunModel)" time="0.009" />
  <testcase classname="ptolemy.util.test.junit.AutoTests" name="[5] /home/travis/build/icyphy/ptII/ptolemy/domains/de/test/auto/CausalityInterface1.xml (RunModel)" time="0.013" />
  <testcase classname="ptolemy.util.test.junit.AutoTests" name="[6] /home/travis/build/icyphy/ptII/ptolemy/domains/de/test/auto/CausalityInterface15.xml (RunModel)" time="0.012" />
  <testcase classname="ptolemy.util.test.junit.AutoTests" name="[7] /home/travis/build/icyphy/ptII/ptolemy/domains/de/test/auto/CausalityInterface2.xml (RunModel)" time="0.008" />
  <testcase classname="ptolemy.util.test.junit.AutoTests" name="[8] /home/travis/build/icyphy/ptII/ptolemy/domains/de/test/auto/CausalityInterface3.xml (RunModel)" time="0.01" />
  <testcase classname="ptolemy.util.test.junit.AutoTests" name="[9] /home/travis/build/icyphy/ptII/ptolemy/domains/de/test/auto/ClockDrift.xml (RunModel)" time="0.029" />
  <testcase classname="ptolemy.util.test.junit.AutoTests" name="[10] /home/travis/build/icyphy/ptII/ptolemy/domains/de/test/auto/ClockDriftAndValueChange.xml (RunModel)" time="0.025" />
  <testcase classname="ptolemy.util.test.junit.AutoTests" name="[11] /home/travis/build/icyphy/ptII/ptolemy/domains/de/test/auto/ClockDriftChange.xml (RunModel)" time="0.02" />
  <testcase classname="ptolemy.util.test.junit.AutoTests" name="[12] /home/travis/build/icyphy/ptII/ptolemy/domains/de/test/auto/ComposableCausalityAnalysis.xml (RunModel)" time="0.013" />
  <testcase classname="ptolemy.util.test.junit.AutoTests" name="[13] /home/travis/build/icyphy/ptII/ptolemy/domains/de/test/auto/DEFixedPointLimitation.xml (RunModel)" time="0.008" />
  <testcase classname="ptolemy.util.test.junit.AutoTests" name="[14] /home/travis/build/icyphy/ptII/ptolemy/domains/de/test/auto/DEScheduleTest.xml (RunModel)" time="0.011" />
  <testcase classname="ptolemy.util.test.junit.AutoTests" name="[15] /home/travis/build/icyphy/ptII/ptolemy/domains/de/test/auto/DEinDEwithStartTimes.xml (RunModel)" time="0.012" />
  <testcase classname="ptolemy.util.test.junit.AutoTests" name="[16] /home/travis/build/icyphy/ptII/ptolemy/domains/de/test/auto/DEinDEwithStartTimes2.xml (RunModel)" time="0.015" />
  <testcase classname="ptolemy.util.test.junit.AutoTests" name="[17] /home/travis/build/icyphy/ptII/ptolemy/domains/de/test/auto/DateDemo.xml (RunModel)" time="0.02" />
  <testcase classname="ptolemy.util.test.junit.AutoTests" name="[18] /home/travis/build/icyphy/ptII/ptolemy/domains/de/test/auto/DateToEvent.xml (RunModel)" time="2.028" />
  <testcase classname="ptolemy.util.test.junit.AutoTests" name="[19] /home/travis/build/icyphy/ptII/ptolemy/domains/de/test/auto/DepthTest1.xml (RunModel)" time="0.01" />
  <testcase classname="ptolemy.util.test.junit.AutoTests" name="[20] /home/travis/build/icyphy/ptII/ptolemy/domains/de/test/auto/DepthTest2.xml (RunModel)" time="0.021" />
  <testcase classname="ptolemy.util.test.junit.AutoTests" name="[21] /home/travis/build/icyphy/ptII/ptolemy/domains/de/test/auto/DepthTest3.xml (RunModel)" time="0.01" />
  <testcase classname="ptolemy.util.test.junit.AutoTests" name="[22] /home/travis/build/icyphy/ptII/ptolemy/domains/de/test/auto/DepthTest4.xml (RunModel)" time="0.013" />
  <testcase classname="ptolemy.util.test.junit.AutoTests" name="[23] /home/travis/build/icyphy/ptII/ptolemy/domains/de/test/auto/DepthTest5.xml (RunModel)" time="0.015" />
  <testcase classname="ptolemy.util.test.junit.AutoTests" name="[24] /home/travis/build/icyphy/ptII/ptolemy/domains/de/test/auto/DepthTest6.xml (RunModel)" time="0.022" />
  <testcase classname="ptolemy.util.test.junit.AutoTests" name="[25] /home/travis/build/icyphy/ptII/ptolemy/domains/de/test/auto/DepthTest7.xml (RunModel)" time="0.019" />
  <testcase classname="ptolemy.util.test.junit.AutoTests" name="[26] /home/travis/build/icyphy/ptII/ptolemy/domains/de/test/auto/EventToDate.xml (RunModel)" time="3.043" />
  <testcase classname="ptolemy.util.test.junit.AutoTests" name="[27] /home/travis/build/icyphy/ptII/ptolemy/domains/de/test/auto/FSM1.xml (RunModel)" time="0.037" />
  <testcase classname="ptolemy.util.test.junit.AutoTests" name="[28] /home/travis/build/icyphy/ptII/ptolemy/domains/de/test/auto/FSM7.xml (RunModel)" time="0.051" />
  <testcase classname="ptolemy.util.test.junit.AutoTests" name="[29] /home/travis/build/icyphy/ptII/ptolemy/domains/de/test/auto/Inspection.xml (RunModel)" time="0.064" />
  <testcase classname="ptolemy.util.test.junit.AutoTests" name="[30] /home/travis/build/icyphy/ptII/ptolemy/domains/de/test/auto/Iteration.xml (RunModel)" time="0.022" />
  <testcase classname="ptolemy.util.test.junit.AutoTests" name="[31] /home/travis/build/icyphy/ptII/ptolemy/domains/de/test/auto/LineFault.xml (RunModel)" time="0.592" />
  <testcase classname="ptolemy.util.test.junit.AutoTests" name="[32] /home/travis/build/icyphy/ptII/ptolemy/domains/de/test/auto/MergeModel1Add.xml (RunModel)" time="0.055" />
  <testcase classname="ptolemy.util.test.junit.AutoTests" name="[33] /home/travis/build/icyphy/ptII/ptolemy/domains/de/test/auto/MergeModel2Add.xml (RunModel)" time="0.042" />
  <testcase classname="ptolemy.util.test.junit.AutoTests" name="[34] /home/travis/build/icyphy/ptII/ptolemy/domains/de/test/auto/MergeModel3Add.xml (RunModel)" time="0.046" />
  <testcase classname="ptolemy.util.test.junit.AutoTests" name="[35] /home/travis/build/icyphy/ptII/ptolemy/domains/de/test/auto/MergeWithoutDiscard.xml (RunModel)" time="0.01" />
  <testcase classname="ptolemy.util.test.junit.AutoTests" name="[36] /home/travis/build/icyphy/ptII/ptolemy/domains/de/test/auto/Modal1.xml (RunModel)" time="0.048" />
  <testcase classname="ptolemy.util.test.junit.AutoTests" name="[37] /home/travis/build/icyphy/ptII/ptolemy/domains/de/test/auto/Modal2.xml (RunModel)" time="0.033" />
  <testcase classname="ptolemy.util.test.junit.AutoTests" name="[38] /home/travis/build/icyphy/ptII/ptolemy/domains/de/test/auto/Modal3.xml (RunModel)" time="0.034" />
  <testcase classname="ptolemy.util.test.junit.AutoTests" name="[39] /home/travis/build/icyphy/ptII/ptolemy/domains/de/test/auto/Modal4.xml (RunModel)" time="0.035" />
  <testcase classname="ptolemy.util.test.junit.AutoTests" name="[40] /home/travis/build/icyphy/ptII/ptolemy/domains/de/test/auto/Modal5.xml (RunModel)" time="0.033" />
  <testcase classname="ptolemy.util.test.junit.AutoTests" name="[41] /home/travis/build/icyphy/ptII/ptolemy/domains/de/test/auto/Modal6.xml (RunModel)" time="0.035" />
  <testcase classname="ptolemy.util.test.junit.AutoTests" name="[42] /home/travis/build/icyphy/ptII/ptolemy/domains/de/test/auto/Modal7.xml (RunModel)" time="0.037" />
  <testcase classname="ptolemy.util.test.junit.AutoTests" name="[43] /home/travis/build/icyphy/ptII/ptolemy/domains/de/test/auto/ModalModel.xml (RunModel)" time="0.211" />
  <testcase classname="ptolemy.util.test.junit.AutoTests" name="[44] /home/travis/build/icyphy/ptII/ptolemy/domains/de/test/auto/ModalSource.xml (RunModel)" time="0.022" />
  <testcase classname="ptolemy.util.test.junit.AutoTests" name="[45] /home/travis/build/icyphy/ptII/ptolemy/domains/de/test/auto/NonInterruptibleTimerZeroDelay.xml (RunModel)" time="0.011" />
  <testcase classname="ptolemy.util.test.junit.AutoTests" name="[46] /home/travis/build/icyphy/ptII/ptolemy/domains/de/test/auto/OpenQueueingNetwork.xml (RunModel)" time="2.869" />
  <testcase classname="ptolemy.util.test.junit.AutoTests" name="[47] /home/travis/build/icyphy/ptII/ptolemy/domains/de/test/auto/OpenQueuingNetwork.xml (RunModel)" time="0.31" />
  <testcase classname="ptolemy.util.test.junit.AutoTests" name="[48] /home/travis/build/icyphy/ptII/ptolemy/domains/de/test/auto/PeriodicSampler.xml (RunModel)" time="0.01" />
  <testcase classname="ptolemy.util.test.junit.AutoTests" name="[49] /home/travis/build/icyphy/ptII/ptolemy/domains/de/test/auto/PersistentIO.xml (RunModel)" time="0.033" />
  <testcase classname="ptolemy.util.test.junit.AutoTests" name="[50] /home/travis/build/icyphy/ptII/ptolemy/domains/de/test/auto/PortParameterResetOnInitialize.xml (RunModel)" time="0.01" />
  <testcase classname="ptolemy.util.test.junit.AutoTests" name="[51] /home/travis/build/icyphy/ptII/ptolemy/domains/de/test/auto/PortParameterUpdates.xml (RunModel)" time="0.021" />
  <testcase classname="ptolemy.util.test.junit.AutoTests" name="[52] /home/travis/build/icyphy/ptII/ptolemy/domains/de/test/auto/QueueAndServer.xml (RunModel)" time="0.024" />
  <testcase classname="ptolemy.util.test.junit.AutoTests" name="[53] /home/travis/build/icyphy/ptII/ptolemy/domains/de/test/auto/Records.xml (RunModel)" time="0.022" />
  <testcase classname="ptolemy.util.test.junit.AutoTests" name="[54] /home/travis/build/icyphy/ptII/ptolemy/domains/de/test/auto/ResetTransitionWithStartTime1.xml (RunModel)" time="0.021" />
  <testcase classname="ptolemy.util.test.junit.AutoTests" name="[55] /home/travis/build/icyphy/ptII/ptolemy/domains/de/test/auto/ResetTransitionWithStartTime2.xml (RunModel)" time="0.024" />
  <testcase classname="ptolemy.util.test.junit.AutoTests" name="[56] /home/travis/build/icyphy/ptII/ptolemy/domains/de/test/auto/ResetTransitionWithStartTime3.xml (RunModel)" time="0.021" />
  <testcase classname="ptolemy.util.test.junit.AutoTests" name="[57] /home/travis/build/icyphy/ptII/ptolemy/domains/de/test/auto/ResetTransitionWithStartTime4.xml (RunModel)" time="0.023" />
  <testcase classname="ptolemy.util.test.junit.AutoTests" name="[58] /home/travis/build/icyphy/ptII/ptolemy/domains/de/test/auto/ResettableTimer1.xml (RunModel)" time="0.011" />
  <testcase classname="ptolemy.util.test.junit.AutoTests" name="[59] /home/travis/build/icyphy/ptII/ptolemy/domains/de/test/auto/ResettableTimer2.xml (RunModel)" time="0.01" />
  <testcase classname="ptolemy.util.test.junit.AutoTests" name="[60] /home/travis/build/icyphy/ptII/ptolemy/domains/de/test/auto/ResettableTimer3.xml (RunModel)" time="0.01" />
  <testcase classname="ptolemy.util.test.junit.AutoTests" name="[61] /home/travis/build/icyphy/ptII/ptolemy/domains/de/test/auto/ResettableTimer4.xml (RunModel)" time="0.01" />
  <testcase classname="ptolemy.util.test.junit.AutoTests" name="[62] /home/travis/build/icyphy/ptII/ptolemy/domains/de/test/auto/ResettableTimer5.xml (RunModel)" time="0.015" />
  <testcase classname="ptolemy.util.test.junit.AutoTests" name="[63] /home/travis/build/icyphy/ptII/ptolemy/domains/de/test/auto/ResettableTimer6.xml (RunModel)" time="0.018" />
  <testcase classname="ptolemy.util.test.junit.AutoTests" name="[64] /home/travis/build/icyphy/ptII/ptolemy/domains/de/test/auto/ServerZeroDelay.xml (RunModel)" time="0.021" />
  <testcase classname="ptolemy.util.test.junit.AutoTests" name="[65] /home/travis/build/icyphy/ptII/ptolemy/domains/de/test/auto/SmartSender.xml (RunModel)" time="3.01" />
  <testcase classname="ptolemy.util.test.junit.AutoTests" name="[66] /home/travis/build/icyphy/ptII/ptolemy/domains/de/test/auto/ThreadedComposite.xml (RunModel)" time="0.191" />
  <testcase classname="ptolemy.util.test.junit.AutoTests" name="[67] /home/travis/build/icyphy/ptII/ptolemy/domains/de/test/auto/Time.xml (RunModel)" time="0.499" />
  <testcase classname="ptolemy.util.test.junit.AutoTests" name="[68] /home/travis/build/icyphy/ptII/ptolemy/domains/de/test/auto/TimeDelayZeroDelay.xml (RunModel)" time="0.013" />
  <testcase classname="ptolemy.util.test.junit.AutoTests" name="[69] /home/travis/build/icyphy/ptII/ptolemy/domains/de/test/auto/TimerZeroDelay.xml (RunModel)" time="0.01" />
  <testcase classname="ptolemy.util.test.junit.AutoTests" name="[70] /home/travis/build/icyphy/ptII/ptolemy/domains/de/test/auto/TimingParadox.xml (RunModel)" time="0.378" />
  <testcase classname="ptolemy.util.test.junit.AutoTests" name="[71] /home/travis/build/icyphy/ptII/ptolemy/domains/de/test/auto/TransferInputs.xml (RunModel)" time="0.016" />
  <testcase classname="ptolemy.util.test.junit.AutoTests" name="[72] /home/travis/build/icyphy/ptII/ptolemy/domains/de/test/auto/TransferOutputs2.xml (RunModel)" time="0.018" />
  <testcase classname="ptolemy.util.test.junit.AutoTests" name="[73] /home/travis/build/icyphy/ptII/ptolemy/domains/de/test/auto/Trilateration.xml (RunModel)" time="12.071" />
  <testcase classname="ptolemy.util.test.junit.AutoTests" name="[74] /home/travis/build/icyphy/ptII/ptolemy/domains/de/test/auto/TwoSigmaDelta.xml (RunModel)" time="2.323" />
  <testcase classname="ptolemy.util.test.junit.AutoTests" name="[75] /home/travis/build/icyphy/ptII/ptolemy/domains/de/test/auto/VariableDelay.xml (RunModel)" time="0.013" />
  <testcase classname="ptolemy.util.test.junit.AutoTests" name="[76] /home/travis/build/icyphy/ptII/ptolemy/domains/de/test/auto/VariableDelay2.xml (RunModel)" time="0.008" />
  <testcase classname="ptolemy.util.test.junit.AutoTests" name="[77] /home/travis/build/icyphy/ptII/ptolemy/domains/de/test/auto/VariableDelayZeroDelay.xml (RunModel)" time="0.014" />
  <testcase classname="ptolemy.util.test.junit.AutoTests" name="[78] /home/travis/build/icyphy/ptII/ptolemy/domains/de/test/auto/VariableDelayZeroDelay2.xml (RunModel)" time="0.011" />
  <testcase classname="ptolemy.util.test.junit.AutoTests" name="[79] /home/travis/build/icyphy/ptII/ptolemy/domains/de/test/auto/deInCt.xml (RunModel)" time="0.017" />
  <testcase classname="ptolemy.util.test.junit.AutoTests" name="[80] /home/travis/build/icyphy/ptII/ptolemy/domains/de/test/auto/deInCt2.xml (RunModel)" time="0.016" />
  <testcase classname="ptolemy.util.test.junit.AutoTests" name="[81] /home/travis/build/icyphy/ptII/ptolemy/domains/de/test/auto/dynamicCausalityInterface1.xml (RunModel)" time="0.02" />
  <testcase classname="ptolemy.util.test.junit.AutoTests" name="[82] /home/travis/build/icyphy/ptII/ptolemy/domains/de/test/auto/fsm_de_test.xml (RunModel)" time="0.027" />
  <testcase classname="ptolemy.util.test.junit.AutoTests" name="[83] /home/travis/build/icyphy/ptII/ptolemy/domains/de/test/auto/functionDependencyReconstruction.xml (RunModel)" time="0.034" />
  <testcase classname="ptolemy.util.test.junit.AutoTests" name="[84] /home/travis/build/icyphy/ptII/ptolemy/domains/de/test/auto/multirate.xml (RunModel)" time="0.018" />
  <testcase classname="ptolemy.util.test.junit.AutoTests" name="[85] /home/travis/build/icyphy/ptII/ptolemy/domains/de/test/auto/multirate2.xml (RunModel)" time="0.017" />
  <testcase classname="ptolemy.util.test.junit.AutoTests" name="[86] /home/travis/build/icyphy/ptII/ptolemy/domains/de/test/auto/realtime.xml (RunModel)" time="10.012" />
  <testcase classname="ptolemy.util.test.junit.AutoTests" name="[87] /home/travis/build/icyphy/ptII/ptolemy/domains/de/test/auto/relationGroup.xml (RunModel)" time="0.012" />
  <testcase classname="ptolemy.util.test.junit.AutoTests" name="[88] /home/travis/build/icyphy/ptII/ptolemy/domains/de/test/auto/relationGroup2.xml (RunModel)" time="0.009" />
  <testcase classname="ptolemy.util.test.junit.AutoTests" name="[89] /home/travis/build/icyphy/ptII/ptolemy/domains/de/test/auto/sortWithOpaquePorts.xml (RunModel)" time="0.014" />
  <testcase classname="ptolemy.util.test.junit.AutoTests" name="[90] /home/travis/build/icyphy/ptII/ptolemy/domains/de/test/auto/transferInputsandOutputs.xml (RunModel)" time="0.021" />
  <testcase classname="ptolemy.util.test.junit.AutoTests" name="[91] /home/travis/build/icyphy/ptII/ptolemy/domains/de/test/auto/triggerType.xml (RunModel)" time="0.011" />
  <system-out><![CDATA[/home/travis/build/icyphy/ptII/ptolemy/domains/de/test/DependencyLoop.tcl
testDefs.tcl: setting time out to 9000 seconds at Sat Jun 09 01:34:30 UTC 2018
18 ms. Memory: 116224K Free: 95031K (82%)
12 ms. Memory: 146944K Free: 137813K (94%)
/home/travis/build/icyphy/ptII/ptolemy/domains/de/test/RunDETestsAsQSS.tcl
Run the DE tests using ptolemy.domains.qss.test.QSSDirectorTest, which extends QSSDirector and prints a message in the constructors.
------------------ testing $PTII/ptolemy/domains/de/test/auto/knownFailedTests/dependencyLoop.xml (Known Failure) 
12 ms. Memory: 146944K Free: 133540K (91%)


==== $PTIIhome/travis/build/icyphy/ptII/ptolemy/domains/de/test/../../../../: Auto Automatic test in file $PTII/ptolemy/domains/de/test/auto/knownFailedTests/dependencyLoop.xml
==== Contents of test case:

	    # FIXME: we should use $relativeFilename here, but it
	    # might have backslashes under Windows, which causes no end
	    # of trouble.
	    createAndExecute $file
	    list {}
	
.... Test generated KNOWN error:
    while executing
ptolemy.kernel.util.IllegalActionException: Found a zero delay loop containing .dependencyLoop.original
  in .dependencyLoop and .dependencyLoop.original
	at ptolemy.actor.util.CausalityInterfaceForComposites._computeOutputPortDepth(CausalityInterfaceForComposites.java:759)
	at ptolemy.actor.util.CausalityInterfaceForComposites._computeInputDepth(CausalityInterfaceForComposites.java:696)
	at ptolemy.actor.util.CausalityInterfaceForComposites._computeOutputPortDepth(CausalityInterfaceForComposites.java:765)
	at ptolemy.actor.util.CausalityInterfaceForComposites._computeInputDepth(CausalityInterfaceForComposites.java:696)
	at ptolemy.actor.util.CausalityInterfaceForComposites._computeOutputPortDepth(CausalityInterfaceForComposites.java:765)
	at ptolemy.actor.util.CausalityInterfaceForComposites._computeInputDepth(CausalityInterfaceForComposites.java:696)
	at ptolemy.actor.util.CausalityInterfaceForComposites._computeActorDepth(CausalityInterfaceForComposites.java:532)
	at ptolemy.actor.util.CausalityInterfaceForComposites.checkForCycles(CausalityInterfaceForComposites.java:96)
	at ptolemy.domains.de.kernel.DEDirector.preinitialize(DEDirector.java:1338)
	at ptolemy.actor.CompositeActor.preinitialize(CompositeActor.java:1828)
	at ptolemy.actor.Manager.preinitializeAndResolveTypes(Manager.java:1040)
	at ptolemy.actor.Manager.initialize(Manager.java:710)
	at ptolemy.actor.Manager.execute(Manager.java:356)
	at ptolemy.actor.Manager.run(Manager.java:1263)
	at ptolemy.actor.Manager$PtolemyRunThread.run(Manager.java:1915)

    while executing
ptolemy.kernel.util.IllegalActionException: Found a zero delay loop containing .dependencyLoop.original
  in .dependencyLoop and .dependencyLoop.original
    while executing
"java::new ptolemy.moml.MoMLSimpleApplication $file
"
    (procedure "createAndExecute" line 2)
    invoked from within
"createAndExecute $file"
    ("uplevel" body line 5)
    invoked from within
"uplevel $contents_of_test"
------------------ testing $PTII/ptolemy/domains/de/test/auto/knownFailedTests/DESDFClockTest.xml (Known Failure) 
2072 ms. Memory: 146944K Free: 117664K (80%)


==== $PTIIhome/travis/build/icyphy/ptII/ptolemy/domains/de/test/../../../../: Auto Automatic test in file $PTII/ptolemy/domains/de/test/auto/knownFailedTests/DESDFClockTest.xml
==== Contents of test case:

	    # FIXME: we should use $relativeFilename here, but it
	    # might have backslashes under Windows, which causes no end
	    # of trouble.
	    createAndExecute $file
	    list {}
	
.... Test generated KNOWN error:
    while executing
ptolemy.kernel.util.IllegalActionException: Actor is not ready to fire.  Perhaps UpSample.prefire() returned false? Try debugging the actor by selecting "Listen to Actor".  Also, for SDF check moml for tokenConsumptionRate on input.
  in .DESDFClockTest.Play Bell.Copy1:SDF Director and .DESDFClockTest.Play Bell.UpSample
	at ptolemy.actor.sched.StaticSchedulingDirector.fire(StaticSchedulingDirector.java:227)
	at ptolemy.domains.sdf.kernel.SDFDirector.fire(SDFDirector.java:500)
	at ptolemy.actor.CompositeActor.fire(CompositeActor.java:455)
	at ptolemy.domains.de.kernel.DEDirector._fire(DEDirector.java:1949)
	at ptolemy.domains.de.kernel.DEDirector.fire(DEDirector.java:502)
	at ptolemy.actor.CompositeActor.fire(CompositeActor.java:455)
	at ptolemy.actor.Manager.iterate(Manager.java:851)
	at ptolemy.actor.Manager.execute(Manager.java:369)
	at ptolemy.actor.Manager.run(Manager.java:1263)
	at ptolemy.actor.Manager$PtolemyRunThread.run(Manager.java:1915)

    while executing
ptolemy.kernel.util.IllegalActionException: Actor is not ready to fire.  Perhaps UpSample.prefire() returned false? Try debugging the actor by selecting "Listen to Actor".  Also, for SDF check moml for tokenConsumptionRate on input.
  in .DESDFClockTest.Play Bell.Copy1:SDF Director and .DESDFClockTest.Play Bell.UpSample
    while executing
"java::new ptolemy.moml.MoMLSimpleApplication $file
"
    (procedure "createAndExecute" line 2)
    invoked from within
"createAndExecute $file"
    ("uplevel" body line 5)
    invoked from within
"uplevel $contents_of_test"
------------------ testing $PTII/ptolemy/domains/de/test/auto/knownFailedTests/FSMSource.xml (Known Failure) 
46 ms. Memory: 146944K Free: 108650K (74%)
!!!! Auto was marked as failing, but now passes
------------------ testing $PTII/ptolemy/domains/de/test/auto/knownFailedTests/dependencyLoop2.xml (Known Failure) 
17 ms. Memory: 146944K Free: 106791K (73%)


==== $PTIIhome/travis/build/icyphy/ptII/ptolemy/domains/de/test/../../../../: Auto Automatic test in file $PTII/ptolemy/domains/de/test/auto/knownFailedTests/dependencyLoop2.xml
==== Contents of test case:

	    # FIXME: we should use $relativeFilename here, but it
	    # might have backslashes under Windows, which causes no end
	    # of trouble.
	    createAndExecute $file
	    list {}
	
.... Test generated KNOWN error:
    while executing
ptolemy.kernel.util.IllegalActionException: Found a zero delay loop containing .dependencyLoop2.original
  in .dependencyLoop2 and .dependencyLoop2.original
	at ptolemy.actor.util.CausalityInterfaceForComposites._computeOutputPortDepth(CausalityInterfaceForComposites.java:759)
	at ptolemy.actor.util.CausalityInterfaceForComposites._computeInputDepth(CausalityInterfaceForComposites.java:696)
	at ptolemy.actor.util.CausalityInterfaceForComposites._computeOutputPortDepth(CausalityInterfaceForComposites.java:765)
	at ptolemy.actor.util.CausalityInterfaceForComposites._computeInputDepth(CausalityInterfaceForComposites.java:696)
	at ptolemy.actor.util.CausalityInterfaceForComposites._computeOutputPortDepth(CausalityInterfaceForComposites.java:765)
	at ptolemy.actor.util.CausalityInterfaceForComposites._computeInputDepth(CausalityInterfaceForComposites.java:696)
	at ptolemy.actor.util.CausalityInterfaceForComposites._computeActorDepth(CausalityInterfaceForComposites.java:532)
	at ptolemy.actor.util.CausalityInterfaceForComposites.checkForCycles(CausalityInterfaceForComposites.java:96)
	at ptolemy.domains.de.kernel.DEDirector.preinitialize(DEDirector.java:1338)
	at ptolemy.actor.CompositeActor.preinitialize(CompositeActor.java:1828)
	at ptolemy.actor.Manager.preinitializeAndResolveTypes(Manager.java:1040)
	at ptolemy.actor.Manager.initialize(Manager.java:710)
	at ptolemy.actor.Manager.execute(Manager.java:356)
	at ptolemy.actor.Manager.run(Manager.java:1263)
	at ptolemy.actor.Manager$PtolemyRunThread.run(Manager.java:1915)

    while executing
ptolemy.kernel.util.IllegalActionException: Found a zero delay loop containing .dependencyLoop2.original
  in .dependencyLoop2 and .dependencyLoop2.original
    while executing
"java::new ptolemy.moml.MoMLSimpleApplication $file
"
    (procedure "createAndExecute" line 2)
    invoked from within
"createAndExecute $file"
    ("uplevel" body line 5)
    invoked from within
"uplevel $contents_of_test"
------------------ testing $PTII/ptolemy/domains/de/test/auto/knownFailedTests/HierarchicalModel.xml (Known Failure) 
5 ms. Memory: 146944K Free: 86287K (59%)


==== $PTIIhome/travis/build/icyphy/ptII/ptolemy/domains/de/test/../../../../: Auto Automatic test in file $PTII/ptolemy/domains/de/test/auto/knownFailedTests/HierarchicalModel.xml
==== Contents of test case:

	    # FIXME: we should use $relativeFilename here, but it
	    # might have backslashes under Windows, which causes no end
	    # of trouble.
	    createAndExecute $file
	    list {}
	
.... Test generated KNOWN error:
    while executing
ptolemy.kernel.util.IllegalActionException: Found a zero delay loop containing .HierarchicalModel.A
  in .HierarchicalModel and .HierarchicalModel.A
	at ptolemy.actor.util.CausalityInterfaceForComposites._computeOutputPortDepth(CausalityInterfaceForComposites.java:759)
	at ptolemy.actor.util.CausalityInterfaceForComposites._computeInputDepth(CausalityInterfaceForComposites.java:696)
	at ptolemy.actor.util.CausalityInterfaceForComposites._computeOutputPortDepth(CausalityInterfaceForComposites.java:765)
	at ptolemy.actor.util.CausalityInterfaceForComposites._computeInputDepth(CausalityInterfaceForComposites.java:696)
	at ptolemy.actor.util.CausalityInterfaceForComposites._computeOutputPortDepth(CausalityInterfaceForComposites.java:765)
	at ptolemy.actor.util.CausalityInterfaceForComposites._computeInputDepth(CausalityInterfaceForComposites.java:696)
	at ptolemy.actor.util.CausalityInterfaceForComposites._computeActorDepth(CausalityInterfaceForComposites.java:532)
	at ptolemy.actor.util.CausalityInterfaceForComposites.checkForCycles(CausalityInterfaceForComposites.java:96)
	at ptolemy.domains.de.kernel.DEDirector.preinitialize(DEDirector.java:1338)
	at ptolemy.actor.CompositeActor.preinitialize(CompositeActor.java:1828)
	at ptolemy.actor.Manager.preinitializeAndResolveTypes(Manager.java:1040)
	at ptolemy.actor.Manager.initialize(Manager.java:710)
	at ptolemy.actor.Manager.execute(Manager.java:356)
	at ptolemy.actor.Manager.run(Manager.java:1263)
	at ptolemy.actor.Manager$PtolemyRunThread.run(Manager.java:1915)

    while executing
ptolemy.kernel.util.IllegalActionException: Found a zero delay loop containing .HierarchicalModel.A
  in .HierarchicalModel and .HierarchicalModel.A
    while executing
"java::new ptolemy.moml.MoMLSimpleApplication $file
"
    (procedure "createAndExecute" line 2)
    invoked from within
"createAndExecute $file"
    ("uplevel" body line 5)
    invoked from within
"uplevel $contents_of_test"
------------------ testing $PTII/ptolemy/domains/de/test/auto/knownFailedTests/DirectFeedback.xml (Known Failure) 
13 ms. Memory: 146944K Free: 142543K (97%)


==== $PTIIhome/travis/build/icyphy/ptII/ptolemy/domains/de/test/../../../../: Auto Automatic test in file $PTII/ptolemy/domains/de/test/auto/knownFailedTests/DirectFeedback.xml
==== Contents of test case:

	    # FIXME: we should use $relativeFilename here, but it
	    # might have backslashes under Windows, which causes no end
	    # of trouble.
	    createAndExecute $file
	    list {}
	
.... Test generated KNOWN error:
    while executing
ptolemy.kernel.util.IllegalActionException: Test fails in iteration 1.
Value was: 1.0. Should have been: 2.0
  in .DirectFeedback.Test
	at ptolemy.actor.lib.Test.fire(Test.java:268)
	at ptolemy.domains.de.kernel.DEDirector._fire(DEDirector.java:1949)
	at ptolemy.domains.de.kernel.DEDirector.fire(DEDirector.java:502)
	at ptolemy.actor.CompositeActor.fire(CompositeActor.java:455)
	at ptolemy.actor.Manager.iterate(Manager.java:851)
	at ptolemy.actor.Manager.execute(Manager.java:369)
	at ptolemy.actor.Manager.run(Manager.java:1263)
	at ptolemy.actor.Manager$PtolemyRunThread.run(Manager.java:1915)

    while executing
ptolemy.kernel.util.IllegalActionException: Test fails in iteration 1.
Value was: 1.0. Should have been: 2.0
  in .DirectFeedback.Test
    while executing
"java::new ptolemy.moml.MoMLSimpleApplication $file
"
    (procedure "createAndExecute" line 2)
    invoked from within
"createAndExecute $file"
    ("uplevel" body line 5)
    invoked from within
"uplevel $contents_of_test"
------------------ testing $PTII/ptolemy/domains/de/test/auto/ActorDepthCalculation_actorWithoutPorts.xml
auto.tcl: Setting watchdog for 200 seconds at Sat Jun 09 01:34:33 UTC 2018
10 ms. Memory: 146944K Free: 133571K (91%)
ptolemy.util.test.WatchDog.cancel(): canceling Sat Jun 09 01:34:33 UTC 2018
auto.tcl: Setting watchdog for 200 seconds at Sat Jun 09 01:34:33 UTC 2018
10 ms. Memory: 146944K Free: 132532K (90%)
ptolemy.util.test.WatchDog.cancel(): canceling Sat Jun 09 01:34:33 UTC 2018
------------------ testing $PTII/ptolemy/domains/de/test/auto/AssemblyLine.xml
auto.tcl: Setting watchdog for 200 seconds at Sat Jun 09 01:34:34 UTC 2018
34 ms. Memory: 208384K Free: 186357K (89%)
ptolemy.util.test.WatchDog.cancel(): canceling Sat Jun 09 01:34:34 UTC 2018
auto.tcl: Setting watchdog for 200 seconds at Sat Jun 09 01:34:34 UTC 2018
16 ms. Memory: 208384K Free: 186357K (89%)
ptolemy.util.test.WatchDog.cancel(): canceling Sat Jun 09 01:34:34 UTC 2018
------------------ testing $PTII/ptolemy/domains/de/test/auto/CQBug1.xml
auto.tcl: Setting watchdog for 200 seconds at Sat Jun 09 01:34:34 UTC 2018
11 ms. Memory: 208384K Free: 197743K (95%)
ptolemy.util.test.WatchDog.cancel(): canceling Sat Jun 09 01:34:34 UTC 2018
auto.tcl: Setting watchdog for 200 seconds at Sat Jun 09 01:34:34 UTC 2018
3 ms. Memory: 208384K Free: 197743K (95%)
ptolemy.util.test.WatchDog.cancel(): canceling Sat Jun 09 01:34:34 UTC 2018
------------------ testing $PTII/ptolemy/domains/de/test/auto/CancelFireAt.xml
auto.tcl: Setting watchdog for 200 seconds at Sat Jun 09 01:34:34 UTC 2018
4 ms. Memory: 208384K Free: 201448K (97%)
ptolemy.util.test.WatchDog.cancel(): canceling Sat Jun 09 01:34:34 UTC 2018
auto.tcl: Setting watchdog for 200 seconds at Sat Jun 09 01:34:34 UTC 2018
3 ms. Memory: 208384K Free: 199362K (96%)
ptolemy.util.test.WatchDog.cancel(): canceling Sat Jun 09 01:34:34 UTC 2018
------------------ testing $PTII/ptolemy/domains/de/test/auto/CausalityAndComposabilityAnalysis.xml
auto.tcl: Setting watchdog for 200 seconds at Sat Jun 09 01:34:34 UTC 2018
10 ms. Memory: 208384K Free: 196535K (94%)
ptolemy.util.test.WatchDog.cancel(): canceling Sat Jun 09 01:34:34 UTC 2018
auto.tcl: Setting watchdog for 200 seconds at Sat Jun 09 01:34:34 UTC 2018
19 ms. Memory: 208384K Free: 196535K (94%)
ptolemy.util.test.WatchDog.cancel(): canceling Sat Jun 09 01:34:34 UTC 2018
------------------ testing $PTII/ptolemy/domains/de/test/auto/CausalityInterface1.xml
auto.tcl: Setting watchdog for 200 seconds at Sat Jun 09 01:34:34 UTC 2018
16 ms. Memory: 208384K Free: 196472K (94%)
ptolemy.util.test.WatchDog.cancel(): canceling Sat Jun 09 01:34:34 UTC 2018
auto.tcl: Setting watchdog for 200 seconds at Sat Jun 09 01:34:34 UTC 2018
7 ms. Memory: 208384K Free: 196472K (94%)
ptolemy.util.test.WatchDog.cancel(): canceling Sat Jun 09 01:34:34 UTC 2018
------------------ testing $PTII/ptolemy/domains/de/test/auto/CausalityInterface15.xml
auto.tcl: Setting watchdog for 200 seconds at Sat Jun 09 01:34:35 UTC 2018
6 ms. Memory: 208384K Free: 196461K (94%)
ptolemy.util.test.WatchDog.cancel(): canceling Sat Jun 09 01:34:35 UTC 2018
auto.tcl: Setting watchdog for 200 seconds at Sat Jun 09 01:34:35 UTC 2018
7 ms. Memory: 208384K Free: 194374K (93%)
ptolemy.util.test.WatchDog.cancel(): canceling Sat Jun 09 01:34:35 UTC 2018
------------------ testing $PTII/ptolemy/domains/de/test/auto/CausalityInterface2.xml
auto.tcl: Setting watchdog for 200 seconds at Sat Jun 09 01:34:35 UTC 2018
9 ms. Memory: 208384K Free: 196443K (94%)
ptolemy.util.test.WatchDog.cancel(): canceling Sat Jun 09 01:34:35 UTC 2018
auto.tcl: Setting watchdog for 200 seconds at Sat Jun 09 01:34:35 UTC 2018
3 ms. Memory: 208384K Free: 196443K (94%)
ptolemy.util.test.WatchDog.cancel(): canceling Sat Jun 09 01:34:35 UTC 2018
------------------ testing $PTII/ptolemy/domains/de/test/auto/CausalityInterface3.xml
auto.tcl: Setting watchdog for 200 seconds at Sat Jun 09 01:34:35 UTC 2018
5 ms. Memory: 208384K Free: 196456K (94%)
ptolemy.util.test.WatchDog.cancel(): canceling Sat Jun 09 01:34:35 UTC 2018
auto.tcl: Setting watchdog for 200 seconds at Sat Jun 09 01:34:35 UTC 2018
7 ms. Memory: 208384K Free: 196456K (94%)
ptolemy.util.test.WatchDog.cancel(): canceling Sat Jun 09 01:34:35 UTC 2018
------------------ testing $PTII/ptolemy/domains/de/test/auto/ClockDrift.xml
auto.tcl: Setting watchdog for 200 seconds at Sat Jun 09 01:34:35 UTC 2018
125 ms. Memory: 208384K Free: 187728K (90%)
ptolemy.util.test.WatchDog.cancel(): canceling Sat Jun 09 01:34:35 UTC 2018
auto.tcl: Setting watchdog for 200 seconds at Sat Jun 09 01:34:35 UTC 2018
80 ms. Memory: 208384K Free: 185641K (89%)
ptolemy.util.test.WatchDog.cancel(): canceling Sat Jun 09 01:34:35 UTC 2018
------------------ testing $PTII/ptolemy/domains/de/test/auto/ClockDriftAndValueChange.xml
auto.tcl: Setting watchdog for 200 seconds at Sat Jun 09 01:34:35 UTC 2018
68 ms. Memory: 208384K Free: 187562K (90%)
ptolemy.util.test.WatchDog.cancel(): canceling Sat Jun 09 01:34:35 UTC 2018
auto.tcl: Setting watchdog for 200 seconds at Sat Jun 09 01:34:35 UTC 2018
46 ms. Memory: 208384K Free: 185475K (89%)
ptolemy.util.test.WatchDog.cancel(): canceling Sat Jun 09 01:34:35 UTC 2018
------------------ testing $PTII/ptolemy/domains/de/test/auto/ClockDriftChange.xml
auto.tcl: Setting watchdog for 200 seconds at Sat Jun 09 01:34:35 UTC 2018
29 ms. Memory: 208384K Free: 190876K (92%)
ptolemy.util.test.WatchDog.cancel(): canceling Sat Jun 09 01:34:35 UTC 2018
auto.tcl: Setting watchdog for 200 seconds at Sat Jun 09 01:34:35 UTC 2018
33 ms. Memory: 208384K Free: 188790K (91%)
ptolemy.util.test.WatchDog.cancel(): canceling Sat Jun 09 01:34:36 UTC 2018
------------------ testing $PTII/ptolemy/domains/de/test/auto/ComposableCausalityAnalysis.xml
auto.tcl: Setting watchdog for 200 seconds at Sat Jun 09 01:34:36 UTC 2018
8 ms. Memory: 208384K Free: 196317K (94%)
ptolemy.util.test.WatchDog.cancel(): canceling Sat Jun 09 01:34:36 UTC 2018
auto.tcl: Setting watchdog for 200 seconds at Sat Jun 09 01:34:36 UTC 2018
3 ms. Memory: 208384K Free: 194230K (93%)
ptolemy.util.test.WatchDog.cancel(): canceling Sat Jun 09 01:34:36 UTC 2018
------------------ testing $PTII/ptolemy/domains/de/test/auto/DEFixedPointLimitation.xml
auto.tcl: Setting watchdog for 200 seconds at Sat Jun 09 01:34:36 UTC 2018
10 ms. Memory: 208384K Free: 196397K (94%)
ptolemy.util.test.WatchDog.cancel(): canceling Sat Jun 09 01:34:36 UTC 2018
auto.tcl: Setting watchdog for 200 seconds at Sat Jun 09 01:34:36 UTC 2018
1 ms. Memory: 208384K Free: 196397K (94%)
ptolemy.util.test.WatchDog.cancel(): canceling Sat Jun 09 01:34:36 UTC 2018
------------------ testing $PTII/ptolemy/domains/de/test/auto/DEScheduleTest.xml
auto.tcl: Setting watchdog for 200 seconds at Sat Jun 09 01:34:36 UTC 2018
3 ms. Memory: 208384K Free: 198519K (95%)
ptolemy.util.test.WatchDog.cancel(): canceling Sat Jun 09 01:34:36 UTC 2018
auto.tcl: Setting watchdog for 200 seconds at Sat Jun 09 01:34:36 UTC 2018
3 ms. Memory: 208384K Free: 196432K (94%)
ptolemy.util.test.WatchDog.cancel(): canceling Sat Jun 09 01:34:36 UTC 2018
------------------ testing $PTII/ptolemy/domains/de/test/auto/DEinDEwithStartTimes.xml
auto.tcl: Setting watchdog for 200 seconds at Sat Jun 09 01:34:36 UTC 2018
7 ms. Memory: 208384K Free: 196402K (94%)
ptolemy.util.test.WatchDog.cancel(): canceling Sat Jun 09 01:34:36 UTC 2018
auto.tcl: Setting watchdog for 200 seconds at Sat Jun 09 01:34:36 UTC 2018
4 ms. Memory: 208384K Free: 194315K (93%)
ptolemy.util.test.WatchDog.cancel(): canceling Sat Jun 09 01:34:36 UTC 2018
------------------ testing $PTII/ptolemy/domains/de/test/auto/DEinDEwithStartTimes2.xml
auto.tcl: Setting watchdog for 200 seconds at Sat Jun 09 01:34:36 UTC 2018
9 ms. Memory: 208384K Free: 196381K (94%)
ptolemy.util.test.WatchDog.cancel(): canceling Sat Jun 09 01:34:36 UTC 2018
auto.tcl: Setting watchdog for 200 seconds at Sat Jun 09 01:34:36 UTC 2018
7 ms. Memory: 208384K Free: 194294K (93%)
ptolemy.util.test.WatchDog.cancel(): canceling Sat Jun 09 01:34:36 UTC 2018
------------------ testing $PTII/ptolemy/domains/de/test/auto/DateDemo.xml
auto.tcl: Setting watchdog for 200 seconds at Sat Jun 09 01:34:36 UTC 2018
19 ms. Memory: 208384K Free: 188859K (91%)
ptolemy.util.test.WatchDog.cancel(): canceling Sat Jun 09 01:34:36 UTC 2018
auto.tcl: Setting watchdog for 200 seconds at Sat Jun 09 01:34:36 UTC 2018
7 ms. Memory: 208384K Free: 186773K (90%)
ptolemy.util.test.WatchDog.cancel(): canceling Sat Jun 09 01:34:36 UTC 2018
------------------ testing $PTII/ptolemy/domains/de/test/auto/DateToEvent.xml
auto.tcl: Setting watchdog for 200 seconds at Sat Jun 09 01:34:36 UTC 2018
2022 ms. Memory: 208384K Free: 183612K (88%)
ptolemy.util.test.WatchDog.cancel(): canceling Sat Jun 09 01:34:38 UTC 2018
auto.tcl: Setting watchdog for 200 seconds at Sat Jun 09 01:34:38 UTC 2018
2010 ms. Memory: 208384K Free: 183612K (88%)
ptolemy.util.test.WatchDog.cancel(): canceling Sat Jun 09 01:34:40 UTC 2018
------------------ testing $PTII/ptolemy/domains/de/test/auto/DepthTest1.xml
auto.tcl: Setting watchdog for 200 seconds at Sat Jun 09 01:34:40 UTC 2018
7 ms. Memory: 208384K Free: 198061K (95%)
ptolemy.util.test.WatchDog.cancel(): canceling Sat Jun 09 01:34:40 UTC 2018
auto.tcl: Setting watchdog for 200 seconds at Sat Jun 09 01:34:40 UTC 2018
3 ms. Memory: 208384K Free: 198061K (95%)
ptolemy.util.test.WatchDog.cancel(): canceling Sat Jun 09 01:34:40 UTC 2018
------------------ testing $PTII/ptolemy/domains/de/test/auto/DepthTest2.xml
auto.tcl: Setting watchdog for 200 seconds at Sat Jun 09 01:34:40 UTC 2018
4 ms. Memory: 208384K Free: 193981K (93%)
ptolemy.util.test.WatchDog.cancel(): canceling Sat Jun 09 01:34:40 UTC 2018
auto.tcl: Setting watchdog for 200 seconds at Sat Jun 09 01:34:40 UTC 2018
3 ms. Memory: 208384K Free: 193981K (93%)
ptolemy.util.test.WatchDog.cancel(): canceling Sat Jun 09 01:34:40 UTC 2018
------------------ testing $PTII/ptolemy/domains/de/test/auto/DepthTest3.xml
auto.tcl: Setting watchdog for 200 seconds at Sat Jun 09 01:34:41 UTC 2018
3 ms. Memory: 208384K Free: 198056K (95%)
ptolemy.util.test.WatchDog.cancel(): canceling Sat Jun 09 01:34:41 UTC 2018
auto.tcl: Setting watchdog for 200 seconds at Sat Jun 09 01:34:41 UTC 2018
2 ms. Memory: 208384K Free: 198056K (95%)
ptolemy.util.test.WatchDog.cancel(): canceling Sat Jun 09 01:34:41 UTC 2018
------------------ testing $PTII/ptolemy/domains/de/test/auto/DepthTest4.xml
auto.tcl: Setting watchdog for 200 seconds at Sat Jun 09 01:34:41 UTC 2018
6 ms. Memory: 208384K Free: 196057K (94%)
ptolemy.util.test.WatchDog.cancel(): canceling Sat Jun 09 01:34:41 UTC 2018
auto.tcl: Setting watchdog for 200 seconds at Sat Jun 09 01:34:41 UTC 2018
3 ms. Memory: 208384K Free: 196057K (94%)
ptolemy.util.test.WatchDog.cancel(): canceling Sat Jun 09 01:34:41 UTC 2018
------------------ testing $PTII/ptolemy/domains/de/test/auto/DepthTest5.xml
auto.tcl: Setting watchdog for 200 seconds at Sat Jun 09 01:34:41 UTC 2018
3 ms. Memory: 208384K Free: 196342K (94%)
ptolemy.util.test.WatchDog.cancel(): canceling Sat Jun 09 01:34:41 UTC 2018
auto.tcl: Setting watchdog for 200 seconds at Sat Jun 09 01:34:41 UTC 2018
2 ms. Memory: 208384K Free: 196342K (94%)
ptolemy.util.test.WatchDog.cancel(): canceling Sat Jun 09 01:34:41 UTC 2018
------------------ testing $PTII/ptolemy/domains/de/test/auto/DepthTest6.xml
auto.tcl: Setting watchdog for 200 seconds at Sat Jun 09 01:34:41 UTC 2018
7 ms. Memory: 208384K Free: 195981K (94%)
ptolemy.util.test.WatchDog.cancel(): canceling Sat Jun 09 01:34:41 UTC 2018
auto.tcl: Setting watchdog for 200 seconds at Sat Jun 09 01:34:41 UTC 2018
2 ms. Memory: 208384K Free: 195981K (94%)
ptolemy.util.test.WatchDog.cancel(): canceling Sat Jun 09 01:34:41 UTC 2018
------------------ testing $PTII/ptolemy/domains/de/test/auto/DepthTest7.xml
auto.tcl: Setting watchdog for 200 seconds at Sat Jun 09 01:34:41 UTC 2018
3 ms. Memory: 208384K Free: 195961K (94%)
ptolemy.util.test.WatchDog.cancel(): canceling Sat Jun 09 01:34:41 UTC 2018
auto.tcl: Setting watchdog for 200 seconds at Sat Jun 09 01:34:41 UTC 2018
2 ms. Memory: 208384K Free: 195961K (94%)
ptolemy.util.test.WatchDog.cancel(): canceling Sat Jun 09 01:34:41 UTC 2018
------------------ testing $PTII/ptolemy/domains/de/test/auto/EventToDate.xml
auto.tcl: Setting watchdog for 200 seconds at Sat Jun 09 01:34:41 UTC 2018
3008 ms. Memory: 208384K Free: 185548K (89%)
ptolemy.util.test.WatchDog.cancel(): canceling Sat Jun 09 01:34:44 UTC 2018
auto.tcl: Setting watchdog for 200 seconds at Sat Jun 09 01:34:44 UTC 2018
3004 ms. Memory: 208384K Free: 185548K (89%)
ptolemy.util.test.WatchDog.cancel(): canceling Sat Jun 09 01:34:47 UTC 2018
------------------ testing $PTII/ptolemy/domains/de/test/auto/FSM1.xml
auto.tcl: Setting watchdog for 200 seconds at Sat Jun 09 01:34:47 UTC 2018
41 ms. Memory: 208384K Free: 186953K (90%)
ptolemy.util.test.WatchDog.cancel(): canceling Sat Jun 09 01:34:47 UTC 2018
auto.tcl: Setting watchdog for 200 seconds at Sat Jun 09 01:34:47 UTC 2018
28 ms. Memory: 208384K Free: 184850K (89%)
ptolemy.util.test.WatchDog.cancel(): canceling Sat Jun 09 01:34:47 UTC 2018
------------------ testing $PTII/ptolemy/domains/de/test/auto/FSM7.xml
auto.tcl: Setting watchdog for 200 seconds at Sat Jun 09 01:34:47 UTC 2018
26 ms. Memory: 208384K Free: 187090K (90%)
ptolemy.util.test.WatchDog.cancel(): canceling Sat Jun 09 01:34:47 UTC 2018
auto.tcl: Setting watchdog for 200 seconds at Sat Jun 09 01:34:47 UTC 2018
15 ms. Memory: 208384K Free: 184988K (89%)
ptolemy.util.test.WatchDog.cancel(): canceling Sat Jun 09 01:34:47 UTC 2018
------------------ testing $PTII/ptolemy/domains/de/test/auto/Inspection.xml
auto.tcl: Setting watchdog for 200 seconds at Sat Jun 09 01:34:47 UTC 2018
39 ms. Memory: 208384K Free: 188680K (91%)
ptolemy.util.test.WatchDog.cancel(): canceling Sat Jun 09 01:34:47 UTC 2018
auto.tcl: Setting watchdog for 200 seconds at Sat Jun 09 01:34:47 UTC 2018
23 ms. Memory: 208384K Free: 186578K (90%)
ptolemy.util.test.WatchDog.cancel(): canceling Sat Jun 09 01:34:47 UTC 2018
------------------ testing $PTII/ptolemy/domains/de/test/auto/Iteration.xml
auto.tcl: Setting watchdog for 200 seconds at Sat Jun 09 01:34:47 UTC 2018
14 ms. Memory: 208384K Free: 193654K (93%)
ptolemy.util.test.WatchDog.cancel(): canceling Sat Jun 09 01:34:48 UTC 2018
auto.tcl: Setting watchdog for 200 seconds at Sat Jun 09 01:34:48 UTC 2018
10 ms. Memory: 208384K Free: 193654K (93%)
ptolemy.util.test.WatchDog.cancel(): canceling Sat Jun 09 01:34:48 UTC 2018
------------------ testing $PTII/ptolemy/domains/de/test/auto/LineFault.xml
auto.tcl: Setting watchdog for 200 seconds at Sat Jun 09 01:34:48 UTC 2018
879 ms. Memory: 208384K Free: 195890K (94%)
ptolemy.util.test.WatchDog.cancel(): canceling Sat Jun 09 01:34:49 UTC 2018
auto.tcl: Setting watchdog for 200 seconds at Sat Jun 09 01:34:49 UTC 2018
715 ms. Memory: 208384K Free: 138785K (67%)
ptolemy.util.test.WatchDog.cancel(): canceling Sat Jun 09 01:34:50 UTC 2018
------------------ testing $PTII/ptolemy/domains/de/test/auto/MergeModel1Add.xml
auto.tcl: Setting watchdog for 200 seconds at Sat Jun 09 01:34:50 UTC 2018
31 ms. Memory: 208384K Free: 179637K (86%)
ptolemy.util.test.WatchDog.cancel(): canceling Sat Jun 09 01:34:50 UTC 2018
auto.tcl: Setting watchdog for 200 seconds at Sat Jun 09 01:34:50 UTC 2018
19 ms. Memory: 208384K Free: 177660K (85%)
ptolemy.util.test.WatchDog.cancel(): canceling Sat Jun 09 01:34:50 UTC 2018
------------------ testing $PTII/ptolemy/domains/de/test/auto/MergeModel2Add.xml
auto.tcl: Setting watchdog for 200 seconds at Sat Jun 09 01:34:50 UTC 2018
11 ms. Memory: 208384K Free: 180953K (87%)
ptolemy.util.test.WatchDog.cancel(): canceling Sat Jun 09 01:34:50 UTC 2018
auto.tcl: Setting watchdog for 200 seconds at Sat Jun 09 01:34:50 UTC 2018
14 ms. Memory: 208384K Free: 178976K (86%)
ptolemy.util.test.WatchDog.cancel(): canceling Sat Jun 09 01:34:50 UTC 2018
------------------ testing $PTII/ptolemy/domains/de/test/auto/MergeModel3Add.xml
auto.tcl: Setting watchdog for 200 seconds at Sat Jun 09 01:34:50 UTC 2018
9 ms. Memory: 208384K Free: 180987K (87%)
ptolemy.util.test.WatchDog.cancel(): canceling Sat Jun 09 01:34:50 UTC 2018
auto.tcl: Setting watchdog for 200 seconds at Sat Jun 09 01:34:50 UTC 2018
9 ms. Memory: 208384K Free: 178994K (86%)
ptolemy.util.test.WatchDog.cancel(): canceling Sat Jun 09 01:34:50 UTC 2018
------------------ testing $PTII/ptolemy/domains/de/test/auto/MergeWithoutDiscard.xml
auto.tcl: Setting watchdog for 200 seconds at Sat Jun 09 01:34:50 UTC 2018
3 ms. Memory: 208384K Free: 198236K (95%)
ptolemy.util.test.WatchDog.cancel(): canceling Sat Jun 09 01:34:50 UTC 2018
auto.tcl: Setting watchdog for 200 seconds at Sat Jun 09 01:34:50 UTC 2018
2 ms. Memory: 208384K Free: 196255K (94%)
ptolemy.util.test.WatchDog.cancel(): canceling Sat Jun 09 01:34:50 UTC 2018
------------------ testing $PTII/ptolemy/domains/de/test/auto/Modal1.xml
auto.tcl: Setting watchdog for 200 seconds at Sat Jun 09 01:34:50 UTC 2018
13 ms. Memory: 208384K Free: 188010K (90%)
ptolemy.util.test.WatchDog.cancel(): canceling Sat Jun 09 01:34:50 UTC 2018
auto.tcl: Setting watchdog for 200 seconds at Sat Jun 09 01:34:50 UTC 2018
15 ms. Memory: 208384K Free: 186033K (89%)
ptolemy.util.test.WatchDog.cancel(): canceling Sat Jun 09 01:34:50 UTC 2018
------------------ testing $PTII/ptolemy/domains/de/test/auto/Modal2.xml
auto.tcl: Setting watchdog for 200 seconds at Sat Jun 09 01:34:50 UTC 2018
19 ms. Memory: 208384K Free: 187851K (90%)
ptolemy.util.test.WatchDog.cancel(): canceling Sat Jun 09 01:34:50 UTC 2018
auto.tcl: Setting watchdog for 200 seconds at Sat Jun 09 01:34:50 UTC 2018
22 ms. Memory: 208384K Free: 185875K (89%)
ptolemy.util.test.WatchDog.cancel(): canceling Sat Jun 09 01:34:50 UTC 2018
------------------ testing $PTII/ptolemy/domains/de/test/auto/Modal3.xml
auto.tcl: Setting watchdog for 200 seconds at Sat Jun 09 01:34:50 UTC 2018
16 ms. Memory: 208384K Free: 187882K (90%)
ptolemy.util.test.WatchDog.cancel(): canceling Sat Jun 09 01:34:50 UTC 2018
auto.tcl: Setting watchdog for 200 seconds at Sat Jun 09 01:34:50 UTC 2018
18 ms. Memory: 208384K Free: 183912K (88%)
ptolemy.util.test.WatchDog.cancel(): canceling Sat Jun 09 01:34:50 UTC 2018
------------------ testing $PTII/ptolemy/domains/de/test/auto/Modal4.xml
auto.tcl: Setting watchdog for 200 seconds at Sat Jun 09 01:34:51 UTC 2018
34 ms. Memory: 208384K Free: 186634K (90%)
ptolemy.util.test.WatchDog.cancel(): canceling Sat Jun 09 01:34:51 UTC 2018
auto.tcl: Setting watchdog for 200 seconds at Sat Jun 09 01:34:51 UTC 2018
32 ms. Memory: 208384K Free: 182672K (88%)
ptolemy.util.test.WatchDog.cancel(): canceling Sat Jun 09 01:34:51 UTC 2018
------------------ testing $PTII/ptolemy/domains/de/test/auto/Modal5.xml
auto.tcl: Setting watchdog for 200 seconds at Sat Jun 09 01:34:51 UTC 2018
15 ms. Memory: 208384K Free: 186621K (90%)
ptolemy.util.test.WatchDog.cancel(): canceling Sat Jun 09 01:34:51 UTC 2018
auto.tcl: Setting watchdog for 200 seconds at Sat Jun 09 01:34:51 UTC 2018
17 ms. Memory: 208384K Free: 182652K (88%)
ptolemy.util.test.WatchDog.cancel(): canceling Sat Jun 09 01:34:51 UTC 2018
------------------ testing $PTII/ptolemy/domains/de/test/auto/Modal6.xml
auto.tcl: Setting watchdog for 200 seconds at Sat Jun 09 01:34:51 UTC 2018
14 ms. Memory: 208384K Free: 186626K (90%)
ptolemy.util.test.WatchDog.cancel(): canceling Sat Jun 09 01:34:51 UTC 2018
auto.tcl: Setting watchdog for 200 seconds at Sat Jun 09 01:34:51 UTC 2018
18 ms. Memory: 208384K Free: 182672K (88%)
ptolemy.util.test.WatchDog.cancel(): canceling Sat Jun 09 01:34:51 UTC 2018
------------------ testing $PTII/ptolemy/domains/de/test/auto/Modal7.xml
auto.tcl: Setting watchdog for 200 seconds at Sat Jun 09 01:34:51 UTC 2018
21 ms. Memory: 208384K Free: 187879K (90%)
ptolemy.util.test.WatchDog.cancel(): canceling Sat Jun 09 01:34:51 UTC 2018
auto.tcl: Setting watchdog for 200 seconds at Sat Jun 09 01:34:51 UTC 2018
15 ms. Memory: 208384K Free: 183901K (88%)
ptolemy.util.test.WatchDog.cancel(): canceling Sat Jun 09 01:34:51 UTC 2018
------------------ testing $PTII/ptolemy/domains/de/test/auto/ModalModel.xml
auto.tcl: Setting watchdog for 200 seconds at Sat Jun 09 01:34:51 UTC 2018
237 ms. Memory: 208384K Free: 127172K (61%)
ptolemy.util.test.WatchDog.cancel(): canceling Sat Jun 09 01:34:51 UTC 2018
auto.tcl: Setting watchdog for 200 seconds at Sat Jun 09 01:34:51 UTC 2018
258 ms. Memory: 200192K Free: 184189K (92%)
ptolemy.util.test.WatchDog.cancel(): canceling Sat Jun 09 01:34:52 UTC 2018
------------------ testing $PTII/ptolemy/domains/de/test/auto/ModalSource.xml
auto.tcl: Setting watchdog for 200 seconds at Sat Jun 09 01:34:52 UTC 2018
12 ms. Memory: 200192K Free: 185575K (93%)
ptolemy.util.test.WatchDog.cancel(): canceling Sat Jun 09 01:34:52 UTC 2018
auto.tcl: Setting watchdog for 200 seconds at Sat Jun 09 01:34:52 UTC 2018
8 ms. Memory: 200192K Free: 182167K (91%)
ptolemy.util.test.WatchDog.cancel(): canceling Sat Jun 09 01:34:52 UTC 2018
------------------ testing $PTII/ptolemy/domains/de/test/auto/NonInterruptibleTimerZeroDelay.xml
auto.tcl: Setting watchdog for 200 seconds at Sat Jun 09 01:34:52 UTC 2018
4 ms. Memory: 199680K Free: 190393K (95%)
ptolemy.util.test.WatchDog.cancel(): canceling Sat Jun 09 01:34:52 UTC 2018
auto.tcl: Setting watchdog for 200 seconds at Sat Jun 09 01:34:52 UTC 2018
3 ms. Memory: 199680K Free: 188680K (94%)
ptolemy.util.test.WatchDog.cancel(): canceling Sat Jun 09 01:34:52 UTC 2018
------------------ testing $PTII/ptolemy/domains/de/test/auto/OpenQueueingNetwork.xml
auto.tcl: Setting watchdog for 200 seconds at Sat Jun 09 01:34:52 UTC 2018
4746 ms. Memory: 177664K Free: 158056K (89%)
ptolemy.util.test.WatchDog.cancel(): canceling Sat Jun 09 01:34:57 UTC 2018
auto.tcl: Setting watchdog for 200 seconds at Sat Jun 09 01:34:57 UTC 2018
3680 ms. Memory: 159744K Free: 91997K (58%)
ptolemy.util.test.WatchDog.cancel(): canceling Sat Jun 09 01:35:00 UTC 2018
------------------ testing $PTII/ptolemy/domains/de/test/auto/OpenQueuingNetwork.xml
auto.tcl: Setting watchdog for 200 seconds at Sat Jun 09 01:35:01 UTC 2018
328 ms. Memory: 157184K Free: 135552K (86%)
ptolemy.util.test.WatchDog.cancel(): canceling Sat Jun 09 01:35:01 UTC 2018
auto.tcl: Setting watchdog for 200 seconds at Sat Jun 09 01:35:01 UTC 2018
329 ms. Memory: 153600K Free: 145325K (95%)
ptolemy.util.test.WatchDog.cancel(): canceling Sat Jun 09 01:35:01 UTC 2018
------------------ testing $PTII/ptolemy/domains/de/test/auto/PeriodicSampler.xml
auto.tcl: Setting watchdog for 200 seconds at Sat Jun 09 01:35:01 UTC 2018
3 ms. Memory: 154624K Free: 144478K (93%)
ptolemy.util.test.WatchDog.cancel(): canceling Sat Jun 09 01:35:01 UTC 2018
auto.tcl: Setting watchdog for 200 seconds at Sat Jun 09 01:35:01 UTC 2018
2 ms. Memory: 154624K Free: 143340K (93%)
ptolemy.util.test.WatchDog.cancel(): canceling Sat Jun 09 01:35:01 UTC 2018
------------------ testing $PTII/ptolemy/domains/de/test/auto/PersistentIO.xml
auto.tcl: Setting watchdog for 200 seconds at Sat Jun 09 01:35:01 UTC 2018
5 ms. Memory: 153600K Free: 138417K (90%)
ptolemy.util.test.WatchDog.cancel(): canceling Sat Jun 09 01:35:01 UTC 2018
auto.tcl: Setting watchdog for 200 seconds at Sat Jun 09 01:35:01 UTC 2018
4 ms. Memory: 153600K Free: 136170K (89%)
ptolemy.util.test.WatchDog.cancel(): canceling Sat Jun 09 01:35:01 UTC 2018
------------------ testing $PTII/ptolemy/domains/de/test/auto/PortParameterResetOnInitialize.xml
auto.tcl: Setting watchdog for 200 seconds at Sat Jun 09 01:35:02 UTC 2018
3 ms. Memory: 154624K Free: 143757K (93%)
ptolemy.util.test.WatchDog.cancel(): canceling Sat Jun 09 01:35:02 UTC 2018
auto.tcl: Setting watchdog for 200 seconds at Sat Jun 09 01:35:02 UTC 2018
2 ms. Memory: 154624K Free: 143757K (93%)
ptolemy.util.test.WatchDog.cancel(): canceling Sat Jun 09 01:35:02 UTC 2018
------------------ testing $PTII/ptolemy/domains/de/test/auto/PortParameterUpdates.xml
auto.tcl: Setting watchdog for 200 seconds at Sat Jun 09 01:35:02 UTC 2018
4 ms. Memory: 153600K Free: 141795K (92%)
ptolemy.util.test.WatchDog.cancel(): canceling Sat Jun 09 01:35:02 UTC 2018
auto.tcl: Setting watchdog for 200 seconds at Sat Jun 09 01:35:02 UTC 2018
3 ms. Memory: 153600K Free: 139535K (91%)
ptolemy.util.test.WatchDog.cancel(): canceling Sat Jun 09 01:35:02 UTC 2018
------------------ testing $PTII/ptolemy/domains/de/test/auto/QueueAndServer.xml
auto.tcl: Setting watchdog for 200 seconds at Sat Jun 09 01:35:02 UTC 2018
15 ms. Memory: 154624K Free: 141601K (92%)
ptolemy.util.test.WatchDog.cancel(): canceling Sat Jun 09 01:35:02 UTC 2018
auto.tcl: Setting watchdog for 200 seconds at Sat Jun 09 01:35:02 UTC 2018
11 ms. Memory: 154624K Free: 140463K (91%)
ptolemy.util.test.WatchDog.cancel(): canceling Sat Jun 09 01:35:02 UTC 2018
------------------ testing $PTII/ptolemy/domains/de/test/auto/Records.xml
auto.tcl: Setting watchdog for 200 seconds at Sat Jun 09 01:35:02 UTC 2018
10 ms. Memory: 153600K Free: 142362K (93%)
ptolemy.util.test.WatchDog.cancel(): canceling Sat Jun 09 01:35:02 UTC 2018
auto.tcl: Setting watchdog for 200 seconds at Sat Jun 09 01:35:02 UTC 2018
3 ms. Memory: 153600K Free: 142362K (93%)
ptolemy.util.test.WatchDog.cancel(): canceling Sat Jun 09 01:35:02 UTC 2018
------------------ testing $PTII/ptolemy/domains/de/test/auto/ResetTransitionWithStartTime1.xml
auto.tcl: Setting watchdog for 200 seconds at Sat Jun 09 01:35:02 UTC 2018
16 ms. Memory: 154112K Free: 140325K (91%)
ptolemy.util.test.WatchDog.cancel(): canceling Sat Jun 09 01:35:02 UTC 2018
auto.tcl: Setting watchdog for 200 seconds at Sat Jun 09 01:35:02 UTC 2018
7 ms. Memory: 154112K Free: 138063K (90%)
ptolemy.util.test.WatchDog.cancel(): canceling Sat Jun 09 01:35:02 UTC 2018
------------------ testing $PTII/ptolemy/domains/de/test/auto/ResetTransitionWithStartTime2.xml
auto.tcl: Setting watchdog for 200 seconds at Sat Jun 09 01:35:02 UTC 2018
10 ms. Memory: 153600K Free: 138717K (90%)
ptolemy.util.test.WatchDog.cancel(): canceling Sat Jun 09 01:35:02 UTC 2018
auto.tcl: Setting watchdog for 200 seconds at Sat Jun 09 01:35:02 UTC 2018
9 ms. Memory: 153600K Free: 137579K (90%)
ptolemy.util.test.WatchDog.cancel(): canceling Sat Jun 09 01:35:02 UTC 2018
------------------ testing $PTII/ptolemy/domains/de/test/auto/ResetTransitionWithStartTime3.xml
auto.tcl: Setting watchdog for 200 seconds at Sat Jun 09 01:35:02 UTC 2018
8 ms. Memory: 154112K Free: 139168K (90%)
ptolemy.util.test.WatchDog.cancel(): canceling Sat Jun 09 01:35:02 UTC 2018
auto.tcl: Setting watchdog for 200 seconds at Sat Jun 09 01:35:02 UTC 2018
6 ms. Memory: 154112K Free: 138046K (90%)
ptolemy.util.test.WatchDog.cancel(): canceling Sat Jun 09 01:35:02 UTC 2018
------------------ testing $PTII/ptolemy/domains/de/test/auto/ResetTransitionWithStartTime4.xml
auto.tcl: Setting watchdog for 200 seconds at Sat Jun 09 01:35:02 UTC 2018
6 ms. Memory: 153600K Free: 139427K (91%)
ptolemy.util.test.WatchDog.cancel(): canceling Sat Jun 09 01:35:02 UTC 2018
auto.tcl: Setting watchdog for 200 seconds at Sat Jun 09 01:35:02 UTC 2018
4 ms. Memory: 153600K Free: 138305K (90%)
ptolemy.util.test.WatchDog.cancel(): canceling Sat Jun 09 01:35:02 UTC 2018
------------------ testing $PTII/ptolemy/domains/de/test/auto/ResettableTimer1.xml
auto.tcl: Setting watchdog for 200 seconds at Sat Jun 09 01:35:02 UTC 2018
3 ms. Memory: 154112K Free: 144471K (94%)
ptolemy.util.test.WatchDog.cancel(): canceling Sat Jun 09 01:35:02 UTC 2018
auto.tcl: Setting watchdog for 200 seconds at Sat Jun 09 01:35:02 UTC 2018
3 ms. Memory: 154112K Free: 143349K (93%)
ptolemy.util.test.WatchDog.cancel(): canceling Sat Jun 09 01:35:02 UTC 2018
------------------ testing $PTII/ptolemy/domains/de/test/auto/ResettableTimer2.xml
auto.tcl: Setting watchdog for 200 seconds at Sat Jun 09 01:35:02 UTC 2018
2 ms. Memory: 153600K Free: 142912K (93%)
ptolemy.util.test.WatchDog.cancel(): canceling Sat Jun 09 01:35:02 UTC 2018
auto.tcl: Setting watchdog for 200 seconds at Sat Jun 09 01:35:02 UTC 2018
3 ms. Memory: 153600K Free: 142912K (93%)
ptolemy.util.test.WatchDog.cancel(): canceling Sat Jun 09 01:35:02 UTC 2018
------------------ testing $PTII/ptolemy/domains/de/test/auto/ResettableTimer3.xml
auto.tcl: Setting watchdog for 200 seconds at Sat Jun 09 01:35:02 UTC 2018
1 ms. Memory: 154112K Free: 143355K (93%)
ptolemy.util.test.WatchDog.cancel(): canceling Sat Jun 09 01:35:02 UTC 2018
auto.tcl: Setting watchdog for 200 seconds at Sat Jun 09 01:35:02 UTC 2018
1 ms. Memory: 154112K Free: 143355K (93%)
ptolemy.util.test.WatchDog.cancel(): canceling Sat Jun 09 01:35:02 UTC 2018
------------------ testing $PTII/ptolemy/domains/de/test/auto/ResettableTimer4.xml
auto.tcl: Setting watchdog for 200 seconds at Sat Jun 09 01:35:02 UTC 2018
2 ms. Memory: 153600K Free: 142908K (93%)
ptolemy.util.test.WatchDog.cancel(): canceling Sat Jun 09 01:35:02 UTC 2018
auto.tcl: Setting watchdog for 200 seconds at Sat Jun 09 01:35:02 UTC 2018
1 ms. Memory: 153600K Free: 142908K (93%)
ptolemy.util.test.WatchDog.cancel(): canceling Sat Jun 09 01:35:02 UTC 2018
------------------ testing $PTII/ptolemy/domains/de/test/auto/ResettableTimer5.xml
auto.tcl: Setting watchdog for 200 seconds at Sat Jun 09 01:35:03 UTC 2018
1 ms. Memory: 154112K Free: 143402K (93%)
ptolemy.util.test.WatchDog.cancel(): canceling Sat Jun 09 01:35:03 UTC 2018
auto.tcl: Setting watchdog for 200 seconds at Sat Jun 09 01:35:03 UTC 2018
1 ms. Memory: 154112K Free: 142280K (92%)
ptolemy.util.test.WatchDog.cancel(): canceling Sat Jun 09 01:35:03 UTC 2018
------------------ testing $PTII/ptolemy/domains/de/test/auto/ResettableTimer6.xml
auto.tcl: Setting watchdog for 200 seconds at Sat Jun 09 01:35:03 UTC 2018
1 ms. Memory: 153600K Free: 142819K (93%)
ptolemy.util.test.WatchDog.cancel(): canceling Sat Jun 09 01:35:03 UTC 2018
auto.tcl: Setting watchdog for 200 seconds at Sat Jun 09 01:35:03 UTC 2018
1 ms. Memory: 153600K Free: 141681K (92%)
ptolemy.util.test.WatchDog.cancel(): canceling Sat Jun 09 01:35:03 UTC 2018
------------------ testing $PTII/ptolemy/domains/de/test/auto/ServerZeroDelay.xml
auto.tcl: Setting watchdog for 200 seconds at Sat Jun 09 01:35:03 UTC 2018
4 ms. Memory: 153600K Free: 143976K (94%)
ptolemy.util.test.WatchDog.cancel(): canceling Sat Jun 09 01:35:03 UTC 2018
auto.tcl: Setting watchdog for 200 seconds at Sat Jun 09 01:35:03 UTC 2018
3 ms. Memory: 153600K Free: 142846K (93%)
ptolemy.util.test.WatchDog.cancel(): canceling Sat Jun 09 01:35:03 UTC 2018
------------------ testing $PTII/ptolemy/domains/de/test/auto/SmartSender.xml
auto.tcl: Setting watchdog for 200 seconds at Sat Jun 09 01:35:03 UTC 2018
3002 ms. Memory: 153600K Free: 142824K (93%)
ptolemy.util.test.WatchDog.cancel(): canceling Sat Jun 09 01:35:06 UTC 2018
auto.tcl: Setting watchdog for 200 seconds at Sat Jun 09 01:35:06 UTC 2018
3003 ms. Memory: 153600K Free: 142824K (93%)
ptolemy.util.test.WatchDog.cancel(): canceling Sat Jun 09 01:35:09 UTC 2018
------------------ testing $PTII/ptolemy/domains/de/test/auto/ThreadedComposite.xml
auto.tcl: Setting watchdog for 200 seconds at Sat Jun 09 01:35:09 UTC 2018
233 ms. Memory: 153600K Free: 121911K (79%)
ptolemy.util.test.WatchDog.cancel(): canceling Sat Jun 09 01:35:09 UTC 2018
auto.tcl: Setting watchdog for 200 seconds at Sat Jun 09 01:35:09 UTC 2018
235 ms. Memory: 153600K Free: 107629K (70%)
ptolemy.util.test.WatchDog.cancel(): canceling Sat Jun 09 01:35:09 UTC 2018
------------------ testing $PTII/ptolemy/domains/de/test/auto/Time.xml
auto.tcl: Setting watchdog for 200 seconds at Sat Jun 09 01:35:09 UTC 2018
659 ms. Memory: 153600K Free: 88210K (57%)
ptolemy.util.test.WatchDog.cancel(): canceling Sat Jun 09 01:35:10 UTC 2018
auto.tcl: Setting watchdog for 200 seconds at Sat Jun 09 01:35:10 UTC 2018
608 ms. Memory: 152064K Free: 103825K (68%)
ptolemy.util.test.WatchDog.cancel(): canceling Sat Jun 09 01:35:11 UTC 2018
------------------ testing $PTII/ptolemy/domains/de/test/auto/TimeDelayZeroDelay.xml
auto.tcl: Setting watchdog for 200 seconds at Sat Jun 09 01:35:11 UTC 2018
2 ms. Memory: 151552K Free: 142145K (94%)
ptolemy.util.test.WatchDog.cancel(): canceling Sat Jun 09 01:35:11 UTC 2018
auto.tcl: Setting watchdog for 200 seconds at Sat Jun 09 01:35:11 UTC 2018
2 ms. Memory: 151552K Free: 141188K (93%)
ptolemy.util.test.WatchDog.cancel(): canceling Sat Jun 09 01:35:11 UTC 2018
------------------ testing $PTII/ptolemy/domains/de/test/auto/TimerZeroDelay.xml
auto.tcl: Setting watchdog for 200 seconds at Sat Jun 09 01:35:11 UTC 2018
3 ms. Memory: 151552K Free: 142234K (94%)
ptolemy.util.test.WatchDog.cancel(): canceling Sat Jun 09 01:35:11 UTC 2018
auto.tcl: Setting watchdog for 200 seconds at Sat Jun 09 01:35:11 UTC 2018
2 ms. Memory: 151552K Free: 142234K (94%)
ptolemy.util.test.WatchDog.cancel(): canceling Sat Jun 09 01:35:11 UTC 2018
------------------ testing $PTII/ptolemy/domains/de/test/auto/TimingParadox.xml
auto.tcl: Setting watchdog for 200 seconds at Sat Jun 09 01:35:11 UTC 2018
413 ms. Memory: 149504K Free: 141384K (95%)
ptolemy.util.test.WatchDog.cancel(): canceling Sat Jun 09 01:35:11 UTC 2018
auto.tcl: Setting watchdog for 200 seconds at Sat Jun 09 01:35:11 UTC 2018
403 ms. Memory: 149504K Free: 105080K (70%)
ptolemy.util.test.WatchDog.cancel(): canceling Sat Jun 09 01:35:12 UTC 2018
------------------ testing $PTII/ptolemy/domains/de/test/auto/TransferInputs.xml
auto.tcl: Setting watchdog for 200 seconds at Sat Jun 09 01:35:12 UTC 2018
2 ms. Memory: 149504K Free: 138255K (92%)
ptolemy.util.test.WatchDog.cancel(): canceling Sat Jun 09 01:35:12 UTC 2018
auto.tcl: Setting watchdog for 200 seconds at Sat Jun 09 01:35:12 UTC 2018
3 ms. Memory: 149504K Free: 137253K (92%)
ptolemy.util.test.WatchDog.cancel(): canceling Sat Jun 09 01:35:12 UTC 2018
------------------ testing $PTII/ptolemy/domains/de/test/auto/TransferOutputs2.xml
auto.tcl: Setting watchdog for 200 seconds at Sat Jun 09 01:35:12 UTC 2018
4 ms. Memory: 150016K Free: 135897K (91%)
ptolemy.util.test.WatchDog.cancel(): canceling Sat Jun 09 01:35:12 UTC 2018
auto.tcl: Setting watchdog for 200 seconds at Sat Jun 09 01:35:12 UTC 2018
3 ms. Memory: 150016K Free: 134910K (90%)
ptolemy.util.test.WatchDog.cancel(): canceling Sat Jun 09 01:35:12 UTC 2018
------------------ testing $PTII/ptolemy/domains/de/test/auto/Trilateration.xml
auto.tcl: Setting watchdog for 200 seconds at Sat Jun 09 01:35:12 UTC 2018
13959 ms. Memory: 244224K Free: 126497K (52%)
ptolemy.util.test.WatchDog.cancel(): canceling Sat Jun 09 01:35:27 UTC 2018
auto.tcl: Setting watchdog for 200 seconds at Sat Jun 09 01:35:27 UTC 2018
11229 ms. Memory: 146432K Free: 90071K (62%)
ptolemy.util.test.WatchDog.cancel(): canceling Sat Jun 09 01:35:39 UTC 2018
------------------ testing $PTII/ptolemy/domains/de/test/auto/TwoSigmaDelta.xml
auto.tcl: Setting watchdog for 200 seconds at Sat Jun 09 01:35:39 UTC 2018
2896 ms. Memory: 139264K Free: 100766K (72%)
ptolemy.util.test.WatchDog.cancel(): canceling Sat Jun 09 01:35:42 UTC 2018
auto.tcl: Setting watchdog for 200 seconds at Sat Jun 09 01:35:42 UTC 2018
2393 ms. Memory: 133120K Free: 89845K (67%)
ptolemy.util.test.WatchDog.cancel(): canceling Sat Jun 09 01:35:44 UTC 2018
------------------ testing $PTII/ptolemy/domains/de/test/auto/VariableDelay.xml
auto.tcl: Setting watchdog for 200 seconds at Sat Jun 09 01:35:44 UTC 2018
3 ms. Memory: 133120K Free: 122786K (92%)
ptolemy.util.test.WatchDog.cancel(): canceling Sat Jun 09 01:35:44 UTC 2018
auto.tcl: Setting watchdog for 200 seconds at Sat Jun 09 01:35:44 UTC 2018
2 ms. Memory: 133120K Free: 121809K (92%)
ptolemy.util.test.WatchDog.cancel(): canceling Sat Jun 09 01:35:44 UTC 2018
------------------ testing $PTII/ptolemy/domains/de/test/auto/VariableDelay2.xml
auto.tcl: Setting watchdog for 200 seconds at Sat Jun 09 01:35:44 UTC 2018
2 ms. Memory: 133120K Free: 123209K (93%)
ptolemy.util.test.WatchDog.cancel(): canceling Sat Jun 09 01:35:44 UTC 2018
auto.tcl: Setting watchdog for 200 seconds at Sat Jun 09 01:35:44 UTC 2018
2 ms. Memory: 133120K Free: 122225K (92%)
ptolemy.util.test.WatchDog.cancel(): canceling Sat Jun 09 01:35:44 UTC 2018
------------------ testing $PTII/ptolemy/domains/de/test/auto/VariableDelayZeroDelay.xml
auto.tcl: Setting watchdog for 200 seconds at Sat Jun 09 01:35:44 UTC 2018
2 ms. Memory: 133120K Free: 123161K (93%)
ptolemy.util.test.WatchDog.cancel(): canceling Sat Jun 09 01:35:44 UTC 2018
auto.tcl: Setting watchdog for 200 seconds at Sat Jun 09 01:35:44 UTC 2018
2 ms. Memory: 133120K Free: 123161K (93%)
ptolemy.util.test.WatchDog.cancel(): canceling Sat Jun 09 01:35:44 UTC 2018
------------------ testing $PTII/ptolemy/domains/de/test/auto/VariableDelayZeroDelay2.xml
auto.tcl: Setting watchdog for 200 seconds at Sat Jun 09 01:35:44 UTC 2018
2 ms. Memory: 133120K Free: 123191K (93%)
ptolemy.util.test.WatchDog.cancel(): canceling Sat Jun 09 01:35:44 UTC 2018
auto.tcl: Setting watchdog for 200 seconds at Sat Jun 09 01:35:44 UTC 2018
2 ms. Memory: 133120K Free: 122222K (92%)
ptolemy.util.test.WatchDog.cancel(): canceling Sat Jun 09 01:35:44 UTC 2018
------------------ testing $PTII/ptolemy/domains/de/test/auto/deInCt.xml
auto.tcl: Setting watchdog for 200 seconds at Sat Jun 09 01:35:44 UTC 2018
0
1
1
1
0
0
0
0
0
1
1
1
1
0
0
0
1
1
1
0
0
0
0
1
1
1
1
0
0
1
1
0
0
0
1
1
1
1
12 ms. Memory: 133120K Free: 121191K (91%)
ptolemy.util.test.WatchDog.cancel(): canceling Sat Jun 09 01:35:45 UTC 2018
auto.tcl: Setting watchdog for 200 seconds at Sat Jun 09 01:35:45 UTC 2018
0
1
1
1
0
0
0
0
1
1
1
1
1
1
1
0
0
0
1
1
1
0
0
0
0
0
11 ms. Memory: 133120K Free: 120207K (90%)
ptolemy.util.test.WatchDog.cancel(): canceling Sat Jun 09 01:35:45 UTC 2018
------------------ testing $PTII/ptolemy/domains/de/test/auto/deInCt2.xml
auto.tcl: Setting watchdog for 200 seconds at Sat Jun 09 01:35:45 UTC 2018
0
1
1
1
0
0
1
1
1
0
0
1
1
1
0
0
1
1
1
0
0
1
1
1
0
0
1
1
1
0
0
1
1
1
0
0
1
1
1
0
0
0
19 ms. Memory: 133120K Free: 121183K (91%)
ptolemy.util.test.WatchDog.cancel(): canceling Sat Jun 09 01:35:45 UTC 2018
auto.tcl: Setting watchdog for 200 seconds at Sat Jun 09 01:35:45 UTC 2018
0
1
1
1
0
0
1
1
1
0
0
1
1
1
0
0
1
1
1
0
0
1
1
1
0
0
1
1
1
0
0
1
1
1
0
0
1
1
1
0
0
0
9 ms. Memory: 133120K Free: 120175K (90%)
ptolemy.util.test.WatchDog.cancel(): canceling Sat Jun 09 01:35:45 UTC 2018
------------------ testing $PTII/ptolemy/domains/de/test/auto/dynamicCausalityInterface1.xml
auto.tcl: Setting watchdog for 200 seconds at Sat Jun 09 01:35:45 UTC 2018
1 ms. Memory: 133120K Free: 117857K (89%)
ptolemy.util.test.WatchDog.cancel(): canceling Sat Jun 09 01:35:45 UTC 2018
auto.tcl: Setting watchdog for 200 seconds at Sat Jun 09 01:35:45 UTC 2018
1 ms. Memory: 133120K Free: 116873K (88%)
ptolemy.util.test.WatchDog.cancel(): canceling Sat Jun 09 01:35:45 UTC 2018
------------------ testing $PTII/ptolemy/domains/de/test/auto/fsm_de_test.xml
auto.tcl: Setting watchdog for 200 seconds at Sat Jun 09 01:35:45 UTC 2018
8 ms. Memory: 133120K Free: 117170K (88%)
ptolemy.util.test.WatchDog.cancel(): canceling Sat Jun 09 01:35:45 UTC 2018
auto.tcl: Setting watchdog for 200 seconds at Sat Jun 09 01:35:45 UTC 2018
6 ms. Memory: 133120K Free: 115210K (87%)
ptolemy.util.test.WatchDog.cancel(): canceling Sat Jun 09 01:35:45 UTC 2018
------------------ testing $PTII/ptolemy/domains/de/test/auto/functionDependencyReconstruction.xml
auto.tcl: Setting watchdog for 200 seconds at Sat Jun 09 01:35:45 UTC 2018
3 ms. Memory: 133120K Free: 110351K (83%)
ptolemy.util.test.WatchDog.cancel(): canceling Sat Jun 09 01:35:45 UTC 2018
auto.tcl: Setting watchdog for 200 seconds at Sat Jun 09 01:35:45 UTC 2018
3 ms. Memory: 133120K Free: 108383K (81%)
ptolemy.util.test.WatchDog.cancel(): canceling Sat Jun 09 01:35:45 UTC 2018
------------------ testing $PTII/ptolemy/domains/de/test/auto/multirate.xml
auto.tcl: Setting watchdog for 200 seconds at Sat Jun 09 01:35:45 UTC 2018
9 ms. Memory: 133120K Free: 119959K (90%)
ptolemy.util.test.WatchDog.cancel(): canceling Sat Jun 09 01:35:45 UTC 2018
auto.tcl: Setting watchdog for 200 seconds at Sat Jun 09 01:35:45 UTC 2018
4 ms. Memory: 133120K Free: 117996K (89%)
ptolemy.util.test.WatchDog.cancel(): canceling Sat Jun 09 01:35:45 UTC 2018
------------------ testing $PTII/ptolemy/domains/de/test/auto/multirate2.xml
auto.tcl: Setting watchdog for 200 seconds at Sat Jun 09 01:35:45 UTC 2018
9 ms. Memory: 133120K Free: 120153K (90%)
ptolemy.util.test.WatchDog.cancel(): canceling Sat Jun 09 01:35:45 UTC 2018
auto.tcl: Setting watchdog for 200 seconds at Sat Jun 09 01:35:45 UTC 2018
3 ms. Memory: 133120K Free: 119168K (90%)
ptolemy.util.test.WatchDog.cancel(): canceling Sat Jun 09 01:35:45 UTC 2018
------------------ testing $PTII/ptolemy/domains/de/test/auto/realtime.xml
auto.tcl: Setting watchdog for 200 seconds at Sat Jun 09 01:35:45 UTC 2018
10001 ms. Memory: 133120K Free: 122160K (92%)
ptolemy.util.test.WatchDog.cancel(): canceling Sat Jun 09 01:35:55 UTC 2018
auto.tcl: Setting watchdog for 200 seconds at Sat Jun 09 01:35:55 UTC 2018
10001 ms. Memory: 133120K Free: 122160K (92%)
ptolemy.util.test.WatchDog.cancel(): canceling Sat Jun 09 01:36:05 UTC 2018
------------------ testing $PTII/ptolemy/domains/de/test/auto/relationGroup.xml
auto.tcl: Setting watchdog for 200 seconds at Sat Jun 09 01:36:05 UTC 2018
1 ms. Memory: 133120K Free: 124124K (93%)
ptolemy.util.test.WatchDog.cancel(): canceling Sat Jun 09 01:36:05 UTC 2018
auto.tcl: Setting watchdog for 200 seconds at Sat Jun 09 01:36:05 UTC 2018
1 ms. Memory: 133120K Free: 123140K (93%)
ptolemy.util.test.WatchDog.cancel(): canceling Sat Jun 09 01:36:05 UTC 2018
------------------ testing $PTII/ptolemy/domains/de/test/auto/relationGroup2.xml
auto.tcl: Setting watchdog for 200 seconds at Sat Jun 09 01:36:05 UTC 2018
1 ms. Memory: 133120K Free: 124160K (93%)
ptolemy.util.test.WatchDog.cancel(): canceling Sat Jun 09 01:36:05 UTC 2018
auto.tcl: Setting watchdog for 200 seconds at Sat Jun 09 01:36:05 UTC 2018
1 ms. Memory: 133120K Free: 123175K (93%)
ptolemy.util.test.WatchDog.cancel(): canceling Sat Jun 09 01:36:05 UTC 2018
------------------ testing $PTII/ptolemy/domains/de/test/auto/sortWithOpaquePorts.xml
auto.tcl: Setting watchdog for 200 seconds at Sat Jun 09 01:36:05 UTC 2018
1 ms. Memory: 133120K Free: 123184K (93%)
ptolemy.util.test.WatchDog.cancel(): canceling Sat Jun 09 01:36:05 UTC 2018
auto.tcl: Setting watchdog for 200 seconds at Sat Jun 09 01:36:05 UTC 2018
2 ms. Memory: 133120K Free: 122216K (92%)
ptolemy.util.test.WatchDog.cancel(): canceling Sat Jun 09 01:36:05 UTC 2018
------------------ testing $PTII/ptolemy/domains/de/test/auto/transferInputsandOutputs.xml
auto.tcl: Setting watchdog for 200 seconds at Sat Jun 09 01:36:05 UTC 2018
2 ms. Memory: 133120K Free: 119224K (90%)
ptolemy.util.test.WatchDog.cancel(): canceling Sat Jun 09 01:36:05 UTC 2018
auto.tcl: Setting watchdog for 200 seconds at Sat Jun 09 01:36:05 UTC 2018
1 ms. Memory: 133120K Free: 118240K (89%)
ptolemy.util.test.WatchDog.cancel(): canceling Sat Jun 09 01:36:05 UTC 2018
------------------ testing $PTII/ptolemy/domains/de/test/auto/triggerType.xml
auto.tcl: Setting watchdog for 200 seconds at Sat Jun 09 01:36:05 UTC 2018
3 ms. Memory: 133120K Free: 123122K (92%)
ptolemy.util.test.WatchDog.cancel(): canceling Sat Jun 09 01:36:05 UTC 2018
auto.tcl: Setting watchdog for 200 seconds at Sat Jun 09 01:36:05 UTC 2018
1 ms. Memory: 133120K Free: 122146K (92%)
ptolemy.util.test.WatchDog.cancel(): canceling Sat Jun 09 01:36:05 UTC 2018
06/09/18 01:36:05
Failed: 0  Total Tests: 192  ((Passed: 187, Newly Passed: 1)  Known Failed: 5) /home/travis/build/icyphy/ptII/ptolemy/domains/de/test
06/09/18 01:36:05
Failed: 0  Total Tests: 192  ((Passed: 187, Newly Passed: 1)  Known Failed: 5) /home/travis/build/icyphy/ptII/ptolemy/domains/de/test
----------------- testing (KnownFailure) /home/travis/build/icyphy/ptII/ptolemy/domains/de/test/auto/knownFailedTests/DESDFClockTest.xml
2008 ms. Memory: 133120K Free: 114648K (86%)
Known Failure: java.lang.reflect.InvocationTargetException
----------------- testing (KnownFailure) /home/travis/build/icyphy/ptII/ptolemy/domains/de/test/auto/knownFailedTests/DirectFeedback.xml
2 ms. Memory: 133120K Free: 108424K (81%)
Known Failure: java.lang.reflect.InvocationTargetException
----------------- testing (KnownFailure) /home/travis/build/icyphy/ptII/ptolemy/domains/de/test/auto/knownFailedTests/FSMSource.xml
11 ms. Memory: 133120K Free: 99027K (74%)
----------------- testing (KnownFailure) /home/travis/build/icyphy/ptII/ptolemy/domains/de/test/auto/knownFailedTests/HierarchicalModel.xml
1 ms. Memory: 133120K Free: 80313K (60%)
Known Failure: java.lang.reflect.InvocationTargetException
----------------- testing (KnownFailure) /home/travis/build/icyphy/ptII/ptolemy/domains/de/test/auto/knownFailedTests/dependencyLoop.xml
6 ms. Memory: 131584K Free: 110659K (84%)
Known Failure: java.lang.reflect.InvocationTargetException
----------------- testing (KnownFailure) /home/travis/build/icyphy/ptII/ptolemy/domains/de/test/auto/knownFailedTests/dependencyLoop2.xml
3 ms. Memory: 131584K Free: 91964K (70%)
Known Failure: java.lang.reflect.InvocationTargetException
No auto/linux-amd64/*.xml tests in /home/travis/build/icyphy/ptII/ptolemy/domains/de/test
AutoTests.java: About to close Vertx.
AutoTests.java: Vertx closed.

===========================================================================================
----------------- testing Sat Jun 09 01:36:08 UTC 2018 /home/travis/build/icyphy/ptII/ptolemy/domains/de/test/auto/ActorDepthCalculation_actorWithoutPorts.xml
----------------- Instantiating /home/travis/build/icyphy/ptII/ptolemy/domains/de/test/auto/ActorDepthCalculation_actorWithoutPorts.xml
1 ms. Memory: 131584K Free: 83675K (64%)
----------------- Invoking toplevel() on ptolemy.moml.MoMLSimpleApplication@364d555b
----------------- Done invoking toplevel() on ptolemy.moml.MoMLSimpleApplication@364d555b
reloadAllAccessors: .ActorDepthCalculation_actorWithoutPorts

===========================================================================================
----------------- testing Sat Jun 09 01:36:08 UTC 2018 /home/travis/build/icyphy/ptII/ptolemy/domains/de/test/auto/AssemblyLine.xml
----------------- Instantiating /home/travis/build/icyphy/ptII/ptolemy/domains/de/test/auto/AssemblyLine.xml
8 ms. Memory: 130048K Free: 123616K (95%)
----------------- Invoking toplevel() on ptolemy.moml.MoMLSimpleApplication@724b8d7
----------------- Done invoking toplevel() on ptolemy.moml.MoMLSimpleApplication@724b8d7
reloadAllAccessors: .AssemblyLine

===========================================================================================
----------------- testing Sat Jun 09 01:36:08 UTC 2018 /home/travis/build/icyphy/ptII/ptolemy/domains/de/test/auto/CQBug1.xml
----------------- Instantiating /home/travis/build/icyphy/ptII/ptolemy/domains/de/test/auto/CQBug1.xml
1 ms. Memory: 130048K Free: 119576K (92%)
----------------- Invoking toplevel() on ptolemy.moml.MoMLSimpleApplication@39d3d821
----------------- Done invoking toplevel() on ptolemy.moml.MoMLSimpleApplication@39d3d821
reloadAllAccessors: .CQBug1

===========================================================================================
----------------- testing Sat Jun 09 01:36:08 UTC 2018 /home/travis/build/icyphy/ptII/ptolemy/domains/de/test/auto/CancelFireAt.xml
----------------- Instantiating /home/travis/build/icyphy/ptII/ptolemy/domains/de/test/auto/CancelFireAt.xml
1 ms. Memory: 130048K Free: 116690K (90%)
----------------- Invoking toplevel() on ptolemy.moml.MoMLSimpleApplication@432faea8
----------------- Done invoking toplevel() on ptolemy.moml.MoMLSimpleApplication@432faea8
reloadAllAccessors: .CancelFireAt

===========================================================================================
----------------- testing Sat Jun 09 01:36:08 UTC 2018 /home/travis/build/icyphy/ptII/ptolemy/domains/de/test/auto/CausalityAndComposabilityAnalysis.xml
----------------- Instantiating /home/travis/build/icyphy/ptII/ptolemy/domains/de/test/auto/CausalityAndComposabilityAnalysis.xml
1 ms. Memory: 130048K Free: 110877K (85%)
----------------- Invoking toplevel() on ptolemy.moml.MoMLSimpleApplication@44205485
----------------- Done invoking toplevel() on ptolemy.moml.MoMLSimpleApplication@44205485
reloadAllAccessors: .CausalityAndComposabilityAnalysis

===========================================================================================
----------------- testing Sat Jun 09 01:36:08 UTC 2018 /home/travis/build/icyphy/ptII/ptolemy/domains/de/test/auto/CausalityInterface1.xml
----------------- Instantiating /home/travis/build/icyphy/ptII/ptolemy/domains/de/test/auto/CausalityInterface1.xml
3 ms. Memory: 130048K Free: 104539K (80%)
----------------- Invoking toplevel() on ptolemy.moml.MoMLSimpleApplication@7f9a51ec
----------------- Done invoking toplevel() on ptolemy.moml.MoMLSimpleApplication@7f9a51ec
reloadAllAccessors: .CausalityInterface1

===========================================================================================
----------------- testing Sat Jun 09 01:36:08 UTC 2018 /home/travis/build/icyphy/ptII/ptolemy/domains/de/test/auto/CausalityInterface15.xml
----------------- Instantiating /home/travis/build/icyphy/ptII/ptolemy/domains/de/test/auto/CausalityInterface15.xml
1 ms. Memory: 130048K Free: 97705K (75%)
----------------- Invoking toplevel() on ptolemy.moml.MoMLSimpleApplication@60c0b8b9
----------------- Done invoking toplevel() on ptolemy.moml.MoMLSimpleApplication@60c0b8b9
reloadAllAccessors: .CausalityInterface15

===========================================================================================
----------------- testing Sat Jun 09 01:36:08 UTC 2018 /home/travis/build/icyphy/ptII/ptolemy/domains/de/test/auto/CausalityInterface2.xml
----------------- Instantiating /home/travis/build/icyphy/ptII/ptolemy/domains/de/test/auto/CausalityInterface2.xml
1 ms. Memory: 130048K Free: 91868K (71%)
----------------- Invoking toplevel() on ptolemy.moml.MoMLSimpleApplication@2d7c43f2
----------------- Done invoking toplevel() on ptolemy.moml.MoMLSimpleApplication@2d7c43f2
reloadAllAccessors: .CausalityInterface2

===========================================================================================
----------------- testing Sat Jun 09 01:36:08 UTC 2018 /home/travis/build/icyphy/ptII/ptolemy/domains/de/test/auto/CausalityInterface3.xml
----------------- Instantiating /home/travis/build/icyphy/ptII/ptolemy/domains/de/test/auto/CausalityInterface3.xml
1 ms. Memory: 130048K Free: 85528K (66%)
----------------- Invoking toplevel() on ptolemy.moml.MoMLSimpleApplication@678aa639
----------------- Done invoking toplevel() on ptolemy.moml.MoMLSimpleApplication@678aa639
reloadAllAccessors: .CausalityInterface3

===========================================================================================
----------------- testing Sat Jun 09 01:36:08 UTC 2018 /home/travis/build/icyphy/ptII/ptolemy/domains/de/test/auto/ClockDrift.xml
----------------- Instantiating /home/travis/build/icyphy/ptII/ptolemy/domains/de/test/auto/ClockDrift.xml
9 ms. Memory: 139776K Free: 129058K (92%)
----------------- Invoking toplevel() on ptolemy.moml.MoMLSimpleApplication@594f4df6
----------------- Done invoking toplevel() on ptolemy.moml.MoMLSimpleApplication@594f4df6
reloadAllAccessors: .ClockDrift

===========================================================================================
----------------- testing Sat Jun 09 01:36:08 UTC 2018 /home/travis/build/icyphy/ptII/ptolemy/domains/de/test/auto/ClockDriftAndValueChange.xml
----------------- Instantiating /home/travis/build/icyphy/ptII/ptolemy/domains/de/test/auto/ClockDriftAndValueChange.xml
7 ms. Memory: 139776K Free: 114742K (82%)
----------------- Invoking toplevel() on ptolemy.moml.MoMLSimpleApplication@292db595
----------------- Done invoking toplevel() on ptolemy.moml.MoMLSimpleApplication@292db595
reloadAllAccessors: .ClockDriftAndValueChange

===========================================================================================
----------------- testing Sat Jun 09 01:36:08 UTC 2018 /home/travis/build/icyphy/ptII/ptolemy/domains/de/test/auto/ClockDriftChange.xml
----------------- Instantiating /home/travis/build/icyphy/ptII/ptolemy/domains/de/test/auto/ClockDriftChange.xml
7 ms. Memory: 139776K Free: 103146K (74%)
----------------- Invoking toplevel() on ptolemy.moml.MoMLSimpleApplication@208b85aa
----------------- Done invoking toplevel() on ptolemy.moml.MoMLSimpleApplication@208b85aa
reloadAllAccessors: .ClockDriftChange

===========================================================================================
----------------- testing Sat Jun 09 01:36:08 UTC 2018 /home/travis/build/icyphy/ptII/ptolemy/domains/de/test/auto/ComposableCausalityAnalysis.xml
----------------- Instantiating /home/travis/build/icyphy/ptII/ptolemy/domains/de/test/auto/ComposableCausalityAnalysis.xml
1 ms. Memory: 139776K Free: 95939K (69%)
----------------- Invoking toplevel() on ptolemy.moml.MoMLSimpleApplication@1b8b6ea4
----------------- Done invoking toplevel() on ptolemy.moml.MoMLSimpleApplication@1b8b6ea4
reloadAllAccessors: .ComposableCausalityAnalysis

===========================================================================================
----------------- testing Sat Jun 09 01:36:08 UTC 2018 /home/travis/build/icyphy/ptII/ptolemy/domains/de/test/auto/DEFixedPointLimitation.xml
----------------- Instantiating /home/travis/build/icyphy/ptII/ptolemy/domains/de/test/auto/DEFixedPointLimitation.xml
1 ms. Memory: 139776K Free: 90229K (65%)
----------------- Invoking toplevel() on ptolemy.moml.MoMLSimpleApplication@1528bfb6
----------------- Done invoking toplevel() on ptolemy.moml.MoMLSimpleApplication@1528bfb6
reloadAllAccessors: .DEFixedPointLimitation

===========================================================================================
----------------- testing Sat Jun 09 01:36:08 UTC 2018 /home/travis/build/icyphy/ptII/ptolemy/domains/de/test/auto/DEScheduleTest.xml
----------------- Instantiating /home/travis/build/icyphy/ptII/ptolemy/domains/de/test/auto/DEScheduleTest.xml
2 ms. Memory: 139776K Free: 85158K (61%)
----------------- Invoking toplevel() on ptolemy.moml.MoMLSimpleApplication@16806639
----------------- Done invoking toplevel() on ptolemy.moml.MoMLSimpleApplication@16806639
reloadAllAccessors: .DEScheduleTest

===========================================================================================
----------------- testing Sat Jun 09 01:36:08 UTC 2018 /home/travis/build/icyphy/ptII/ptolemy/domains/de/test/auto/DEinDEwithStartTimes.xml
----------------- Instantiating /home/travis/build/icyphy/ptII/ptolemy/domains/de/test/auto/DEinDEwithStartTimes.xml
2 ms. Memory: 139776K Free: 77967K (56%)
----------------- Invoking toplevel() on ptolemy.moml.MoMLSimpleApplication@2846de0c
----------------- Done invoking toplevel() on ptolemy.moml.MoMLSimpleApplication@2846de0c
reloadAllAccessors: .DEinDEwithStartTimes

===========================================================================================
----------------- testing Sat Jun 09 01:36:08 UTC 2018 /home/travis/build/icyphy/ptII/ptolemy/domains/de/test/auto/DEinDEwithStartTimes2.xml
----------------- Instantiating /home/travis/build/icyphy/ptII/ptolemy/domains/de/test/auto/DEinDEwithStartTimes2.xml
2 ms. Memory: 152064K Free: 141094K (93%)
----------------- Invoking toplevel() on ptolemy.moml.MoMLSimpleApplication@7116140e
----------------- Done invoking toplevel() on ptolemy.moml.MoMLSimpleApplication@7116140e
reloadAllAccessors: .DEinDEwithStartTimes2

===========================================================================================
----------------- testing Sat Jun 09 01:36:08 UTC 2018 /home/travis/build/icyphy/ptII/ptolemy/domains/de/test/auto/DateDemo.xml
----------------- Instantiating /home/travis/build/icyphy/ptII/ptolemy/domains/de/test/auto/DateDemo.xml
3 ms. Memory: 152064K Free: 128061K (84%)
----------------- Invoking toplevel() on ptolemy.moml.MoMLSimpleApplication@20ed960b
----------------- Done invoking toplevel() on ptolemy.moml.MoMLSimpleApplication@20ed960b
reloadAllAccessors: .DateDemo

===========================================================================================
----------------- testing Sat Jun 09 01:36:08 UTC 2018 /home/travis/build/icyphy/ptII/ptolemy/domains/de/test/auto/DateToEvent.xml
----------------- Instantiating /home/travis/build/icyphy/ptII/ptolemy/domains/de/test/auto/DateToEvent.xml
2003 ms. Memory: 152064K Free: 109572K (72%)
----------------- Invoking toplevel() on ptolemy.moml.MoMLSimpleApplication@6c2fe0c9
----------------- Done invoking toplevel() on ptolemy.moml.MoMLSimpleApplication@6c2fe0c9
reloadAllAccessors: .DateToEvent

===========================================================================================
----------------- testing Sat Jun 09 01:36:10 UTC 2018 /home/travis/build/icyphy/ptII/ptolemy/domains/de/test/auto/DepthTest1.xml
----------------- Instantiating /home/travis/build/icyphy/ptII/ptolemy/domains/de/test/auto/DepthTest1.xml
1 ms. Memory: 152064K Free: 105482K (69%)
----------------- Invoking toplevel() on ptolemy.moml.MoMLSimpleApplication@5b1b53ff
----------------- Done invoking toplevel() on ptolemy.moml.MoMLSimpleApplication@5b1b53ff
reloadAllAccessors: .DepthTest1

===========================================================================================
----------------- testing Sat Jun 09 01:36:10 UTC 2018 /home/travis/build/icyphy/ptII/ptolemy/domains/de/test/auto/DepthTest2.xml
----------------- Instantiating /home/travis/build/icyphy/ptII/ptolemy/domains/de/test/auto/DepthTest2.xml
2 ms. Memory: 152064K Free: 97731K (64%)
----------------- Invoking toplevel() on ptolemy.moml.MoMLSimpleApplication@2686f95b
----------------- Done invoking toplevel() on ptolemy.moml.MoMLSimpleApplication@2686f95b
reloadAllAccessors: .DepthTest2

===========================================================================================
----------------- testing Sat Jun 09 01:36:10 UTC 2018 /home/travis/build/icyphy/ptII/ptolemy/domains/de/test/auto/DepthTest3.xml
----------------- Instantiating /home/travis/build/icyphy/ptII/ptolemy/domains/de/test/auto/DepthTest3.xml
1 ms. Memory: 152064K Free: 94085K (62%)
----------------- Invoking toplevel() on ptolemy.moml.MoMLSimpleApplication@3c8b6a88
----------------- Done invoking toplevel() on ptolemy.moml.MoMLSimpleApplication@3c8b6a88
reloadAllAccessors: .DepthTest3

===========================================================================================
----------------- testing Sat Jun 09 01:36:10 UTC 2018 /home/travis/build/icyphy/ptII/ptolemy/domains/de/test/auto/DepthTest4.xml
----------------- Instantiating /home/travis/build/icyphy/ptII/ptolemy/domains/de/test/auto/DepthTest4.xml
1 ms. Memory: 152064K Free: 87801K (58%)
----------------- Invoking toplevel() on ptolemy.moml.MoMLSimpleApplication@296ac814
----------------- Done invoking toplevel() on ptolemy.moml.MoMLSimpleApplication@296ac814
reloadAllAccessors: .DepthTest4

===========================================================================================
----------------- testing Sat Jun 09 01:36:10 UTC 2018 /home/travis/build/icyphy/ptII/ptolemy/domains/de/test/auto/DepthTest5.xml
----------------- Instantiating /home/travis/build/icyphy/ptII/ptolemy/domains/de/test/auto/DepthTest5.xml
2 ms. Memory: 152064K Free: 80993K (53%)
----------------- Invoking toplevel() on ptolemy.moml.MoMLSimpleApplication@33099d78
----------------- Done invoking toplevel() on ptolemy.moml.MoMLSimpleApplication@33099d78
reloadAllAccessors: .DepthTest5

===========================================================================================
----------------- testing Sat Jun 09 01:36:10 UTC 2018 /home/travis/build/icyphy/ptII/ptolemy/domains/de/test/auto/DepthTest6.xml
----------------- Instantiating /home/travis/build/icyphy/ptII/ptolemy/domains/de/test/auto/DepthTest6.xml
10 ms. Memory: 165888K Free: 158597K (96%)
----------------- Invoking toplevel() on ptolemy.moml.MoMLSimpleApplication@680ec98b
----------------- Done invoking toplevel() on ptolemy.moml.MoMLSimpleApplication@680ec98b
reloadAllAccessors: .DepthTest6

===========================================================================================
----------------- testing Sat Jun 09 01:36:10 UTC 2018 /home/travis/build/icyphy/ptII/ptolemy/domains/de/test/auto/DepthTest7.xml
----------------- Instantiating /home/travis/build/icyphy/ptII/ptolemy/domains/de/test/auto/DepthTest7.xml
2 ms. Memory: 165888K Free: 151986K (92%)
----------------- Invoking toplevel() on ptolemy.moml.MoMLSimpleApplication@56ca07e9
----------------- Done invoking toplevel() on ptolemy.moml.MoMLSimpleApplication@56ca07e9
reloadAllAccessors: .DepthTest7

===========================================================================================
----------------- testing Sat Jun 09 01:36:10 UTC 2018 /home/travis/build/icyphy/ptII/ptolemy/domains/de/test/auto/EventToDate.xml
----------------- Instantiating /home/travis/build/icyphy/ptII/ptolemy/domains/de/test/auto/EventToDate.xml
3005 ms. Memory: 165888K Free: 135961K (82%)
----------------- Invoking toplevel() on ptolemy.moml.MoMLSimpleApplication@7077609d
----------------- Done invoking toplevel() on ptolemy.moml.MoMLSimpleApplication@7077609d
reloadAllAccessors: .EventToDate

===========================================================================================
----------------- testing Sat Jun 09 01:36:13 UTC 2018 /home/travis/build/icyphy/ptII/ptolemy/domains/de/test/auto/FSM1.xml
----------------- Instantiating /home/travis/build/icyphy/ptII/ptolemy/domains/de/test/auto/FSM1.xml
12 ms. Memory: 165888K Free: 121644K (73%)
----------------- Invoking toplevel() on ptolemy.moml.MoMLSimpleApplication@5f2e1825
----------------- Done invoking toplevel() on ptolemy.moml.MoMLSimpleApplication@5f2e1825
reloadAllAccessors: .FSM1

===========================================================================================
----------------- testing Sat Jun 09 01:36:13 UTC 2018 /home/travis/build/icyphy/ptII/ptolemy/domains/de/test/auto/FSM7.xml
----------------- Instantiating /home/travis/build/icyphy/ptII/ptolemy/domains/de/test/auto/FSM7.xml
20 ms. Memory: 165888K Free: 107319K (65%)
----------------- Invoking toplevel() on ptolemy.moml.MoMLSimpleApplication@3e4a331e
----------------- Done invoking toplevel() on ptolemy.moml.MoMLSimpleApplication@3e4a331e
reloadAllAccessors: .FSM7

===========================================================================================
----------------- testing Sat Jun 09 01:36:13 UTC 2018 /home/travis/build/icyphy/ptII/ptolemy/domains/de/test/auto/Inspection.xml
----------------- Instantiating /home/travis/build/icyphy/ptII/ptolemy/domains/de/test/auto/Inspection.xml
16 ms. Memory: 165888K Free: 93629K (56%)
----------------- Invoking toplevel() on ptolemy.moml.MoMLSimpleApplication@4179ad30
----------------- Done invoking toplevel() on ptolemy.moml.MoMLSimpleApplication@4179ad30
reloadAllAccessors: .Inspection

===========================================================================================
----------------- testing Sat Jun 09 01:36:13 UTC 2018 /home/travis/build/icyphy/ptII/ptolemy/domains/de/test/auto/Iteration.xml
----------------- Instantiating /home/travis/build/icyphy/ptII/ptolemy/domains/de/test/auto/Iteration.xml
5 ms. Memory: 165888K Free: 85393K (51%)
----------------- Invoking toplevel() on ptolemy.moml.MoMLSimpleApplication@5c1d4bcb
----------------- Done invoking toplevel() on ptolemy.moml.MoMLSimpleApplication@5c1d4bcb
reloadAllAccessors: .Iteration

===========================================================================================
----------------- testing Sat Jun 09 01:36:13 UTC 2018 /home/travis/build/icyphy/ptII/ptolemy/domains/de/test/auto/LineFault.xml
----------------- Instantiating /home/travis/build/icyphy/ptII/ptolemy/domains/de/test/auto/LineFault.xml
421 ms. Memory: 179712K Free: 143211K (80%)
----------------- Invoking toplevel() on ptolemy.moml.MoMLSimpleApplication@178ee82f
----------------- Done invoking toplevel() on ptolemy.moml.MoMLSimpleApplication@178ee82f
reloadAllAccessors: .LineFault

===========================================================================================
----------------- testing Sat Jun 09 01:36:14 UTC 2018 /home/travis/build/icyphy/ptII/ptolemy/domains/de/test/auto/MergeModel1Add.xml
----------------- Instantiating /home/travis/build/icyphy/ptII/ptolemy/domains/de/test/auto/MergeModel1Add.xml
11 ms. Memory: 179712K Free: 121270K (67%)
----------------- Invoking toplevel() on ptolemy.moml.MoMLSimpleApplication@3ce1dbbd
----------------- Done invoking toplevel() on ptolemy.moml.MoMLSimpleApplication@3ce1dbbd
reloadAllAccessors: .MergeModel1Add

===========================================================================================
----------------- testing Sat Jun 09 01:36:14 UTC 2018 /home/travis/build/icyphy/ptII/ptolemy/domains/de/test/auto/MergeModel2Add.xml
----------------- Instantiating /home/travis/build/icyphy/ptII/ptolemy/domains/de/test/auto/MergeModel2Add.xml
6 ms. Memory: 179712K Free: 100937K (56%)
----------------- Invoking toplevel() on ptolemy.moml.MoMLSimpleApplication@7c1b9f2c
----------------- Done invoking toplevel() on ptolemy.moml.MoMLSimpleApplication@7c1b9f2c
reloadAllAccessors: .MergeModel2Add

===========================================================================================
----------------- testing Sat Jun 09 01:36:14 UTC 2018 /home/travis/build/icyphy/ptII/ptolemy/domains/de/test/auto/MergeModel3Add.xml
----------------- Instantiating /home/travis/build/icyphy/ptII/ptolemy/domains/de/test/auto/MergeModel3Add.xml
5 ms. Memory: 179712K Free: 81297K (45%)
----------------- Invoking toplevel() on ptolemy.moml.MoMLSimpleApplication@6fef1a37
----------------- Done invoking toplevel() on ptolemy.moml.MoMLSimpleApplication@6fef1a37
reloadAllAccessors: .MergeModel3Add

===========================================================================================
----------------- testing Sat Jun 09 01:36:14 UTC 2018 /home/travis/build/icyphy/ptII/ptolemy/domains/de/test/auto/MergeWithoutDiscard.xml
----------------- Instantiating /home/travis/build/icyphy/ptII/ptolemy/domains/de/test/auto/MergeWithoutDiscard.xml
1 ms. Memory: 179712K Free: 76160K (42%)
----------------- Invoking toplevel() on ptolemy.moml.MoMLSimpleApplication@e81bc11
----------------- Done invoking toplevel() on ptolemy.moml.MoMLSimpleApplication@e81bc11
reloadAllAccessors: .MergeWithoutDiscard

===========================================================================================
----------------- testing Sat Jun 09 01:36:14 UTC 2018 /home/travis/build/icyphy/ptII/ptolemy/domains/de/test/auto/Modal1.xml
----------------- Instantiating /home/travis/build/icyphy/ptII/ptolemy/domains/de/test/auto/Modal1.xml
13 ms. Memory: 199168K Free: 178731K (90%)
----------------- Invoking toplevel() on ptolemy.moml.MoMLSimpleApplication@7b4df5ab
----------------- Done invoking toplevel() on ptolemy.moml.MoMLSimpleApplication@7b4df5ab
reloadAllAccessors: .Modal1

===========================================================================================
----------------- testing Sat Jun 09 01:36:14 UTC 2018 /home/travis/build/icyphy/ptII/ptolemy/domains/de/test/auto/Modal2.xml
----------------- Instantiating /home/travis/build/icyphy/ptII/ptolemy/domains/de/test/auto/Modal2.xml
7 ms. Memory: 199168K Free: 163925K (82%)
----------------- Invoking toplevel() on ptolemy.moml.MoMLSimpleApplication@1f6b881d
----------------- Done invoking toplevel() on ptolemy.moml.MoMLSimpleApplication@1f6b881d
reloadAllAccessors: .Modal2

===========================================================================================
----------------- testing Sat Jun 09 01:36:14 UTC 2018 /home/travis/build/icyphy/ptII/ptolemy/domains/de/test/auto/Modal3.xml
----------------- Instantiating /home/travis/build/icyphy/ptII/ptolemy/domains/de/test/auto/Modal3.xml
9 ms. Memory: 199168K Free: 149151K (75%)
----------------- Invoking toplevel() on ptolemy.moml.MoMLSimpleApplication@14432052
----------------- Done invoking toplevel() on ptolemy.moml.MoMLSimpleApplication@14432052
reloadAllAccessors: .Modal3

===========================================================================================
----------------- testing Sat Jun 09 01:36:14 UTC 2018 /home/travis/build/icyphy/ptII/ptolemy/domains/de/test/auto/Modal4.xml
----------------- Instantiating /home/travis/build/icyphy/ptII/ptolemy/domains/de/test/auto/Modal4.xml
11 ms. Memory: 199168K Free: 133384K (67%)
----------------- Invoking toplevel() on ptolemy.moml.MoMLSimpleApplication@52c204b8
----------------- Done invoking toplevel() on ptolemy.moml.MoMLSimpleApplication@52c204b8
reloadAllAccessors: .Modal4

===========================================================================================
----------------- testing Sat Jun 09 01:36:14 UTC 2018 /home/travis/build/icyphy/ptII/ptolemy/domains/de/test/auto/Modal5.xml
----------------- Instantiating /home/travis/build/icyphy/ptII/ptolemy/domains/de/test/auto/Modal5.xml
9 ms. Memory: 199168K Free: 117401K (59%)
----------------- Invoking toplevel() on ptolemy.moml.MoMLSimpleApplication@2451667a
----------------- Done invoking toplevel() on ptolemy.moml.MoMLSimpleApplication@2451667a
reloadAllAccessors: .Modal5

===========================================================================================
----------------- testing Sat Jun 09 01:36:14 UTC 2018 /home/travis/build/icyphy/ptII/ptolemy/domains/de/test/auto/Modal6.xml
----------------- Instantiating /home/travis/build/icyphy/ptII/ptolemy/domains/de/test/auto/Modal6.xml
10 ms. Memory: 199168K Free: 102739K (52%)
----------------- Invoking toplevel() on ptolemy.moml.MoMLSimpleApplication@5c398159
----------------- Done invoking toplevel() on ptolemy.moml.MoMLSimpleApplication@5c398159
reloadAllAccessors: .Modal6

===========================================================================================
----------------- testing Sat Jun 09 01:36:14 UTC 2018 /home/travis/build/icyphy/ptII/ptolemy/domains/de/test/auto/Modal7.xml
----------------- Instantiating /home/travis/build/icyphy/ptII/ptolemy/domains/de/test/auto/Modal7.xml
8 ms. Memory: 199168K Free: 86739K (44%)
----------------- Invoking toplevel() on ptolemy.moml.MoMLSimpleApplication@15d8c5f6
----------------- Done invoking toplevel() on ptolemy.moml.MoMLSimpleApplication@15d8c5f6
reloadAllAccessors: .Modal7

===========================================================================================
----------------- testing Sat Jun 09 01:36:14 UTC 2018 /home/travis/build/icyphy/ptII/ptolemy/domains/de/test/auto/ModalModel.xml
----------------- Instantiating /home/travis/build/icyphy/ptII/ptolemy/domains/de/test/auto/ModalModel.xml
156 ms. Memory: 223744K Free: 157242K (70%)
----------------- Invoking toplevel() on ptolemy.moml.MoMLSimpleApplication@20eb9992
----------------- Done invoking toplevel() on ptolemy.moml.MoMLSimpleApplication@20eb9992
reloadAllAccessors: .ModalModel

===========================================================================================
----------------- testing Sat Jun 09 01:36:15 UTC 2018 /home/travis/build/icyphy/ptII/ptolemy/domains/de/test/auto/ModalSource.xml
----------------- Instantiating /home/travis/build/icyphy/ptII/ptolemy/domains/de/test/auto/ModalSource.xml
6 ms. Memory: 223744K Free: 146747K (66%)
----------------- Invoking toplevel() on ptolemy.moml.MoMLSimpleApplication@5741b052
----------------- Done invoking toplevel() on ptolemy.moml.MoMLSimpleApplication@5741b052
reloadAllAccessors: .ModalSource

===========================================================================================
----------------- testing Sat Jun 09 01:36:15 UTC 2018 /home/travis/build/icyphy/ptII/ptolemy/domains/de/test/auto/NonInterruptibleTimerZeroDelay.xml
----------------- Instantiating /home/travis/build/icyphy/ptII/ptolemy/domains/de/test/auto/NonInterruptibleTimerZeroDelay.xml
2 ms. Memory: 223744K Free: 140538K (63%)
----------------- Invoking toplevel() on ptolemy.moml.MoMLSimpleApplication@273ac790
----------------- Done invoking toplevel() on ptolemy.moml.MoMLSimpleApplication@273ac790
reloadAllAccessors: .NonInterruptibleTimerZeroDelay

===========================================================================================
----------------- testing Sat Jun 09 01:36:15 UTC 2018 /home/travis/build/icyphy/ptII/ptolemy/domains/de/test/auto/OpenQueueingNetwork.xml
----------------- Instantiating /home/travis/build/icyphy/ptII/ptolemy/domains/de/test/auto/OpenQueueingNetwork.xml
2775 ms. Memory: 296448K Free: 116580K (39%)
----------------- Invoking toplevel() on ptolemy.moml.MoMLSimpleApplication@3efa7340
----------------- Done invoking toplevel() on ptolemy.moml.MoMLSimpleApplication@3efa7340
reloadAllAccessors: .OpenQueueingNetwork

===========================================================================================
----------------- testing Sat Jun 09 01:36:17 UTC 2018 /home/travis/build/icyphy/ptII/ptolemy/domains/de/test/auto/OpenQueuingNetwork.xml
----------------- Instantiating /home/travis/build/icyphy/ptII/ptolemy/domains/de/test/auto/OpenQueuingNetwork.xml
258 ms. Memory: 328192K Free: 272652K (83%)
----------------- Invoking toplevel() on ptolemy.moml.MoMLSimpleApplication@64dc911e
----------------- Done invoking toplevel() on ptolemy.moml.MoMLSimpleApplication@64dc911e
reloadAllAccessors: .OpenQueuingNetwork

===========================================================================================
----------------- testing Sat Jun 09 01:36:18 UTC 2018 /home/travis/build/icyphy/ptII/ptolemy/domains/de/test/auto/PeriodicSampler.xml
----------------- Instantiating /home/travis/build/icyphy/ptII/ptolemy/domains/de/test/auto/PeriodicSampler.xml
1 ms. Memory: 328192K Free: 263167K (80%)
----------------- Invoking toplevel() on ptolemy.moml.MoMLSimpleApplication@1f1a4b1
----------------- Done invoking toplevel() on ptolemy.moml.MoMLSimpleApplication@1f1a4b1
reloadAllAccessors: .PeriodicSampler

===========================================================================================
----------------- testing Sat Jun 09 01:36:18 UTC 2018 /home/travis/build/icyphy/ptII/ptolemy/domains/de/test/auto/PersistentIO.xml
----------------- Instantiating /home/travis/build/icyphy/ptII/ptolemy/domains/de/test/auto/PersistentIO.xml
4 ms. Memory: 328192K Free: 250430K (76%)
----------------- Invoking toplevel() on ptolemy.moml.MoMLSimpleApplication@4d14fe11
----------------- Done invoking toplevel() on ptolemy.moml.MoMLSimpleApplication@4d14fe11
reloadAllAccessors: .PersistentIO

===========================================================================================
----------------- testing Sat Jun 09 01:36:18 UTC 2018 /home/travis/build/icyphy/ptII/ptolemy/domains/de/test/auto/PortParameterResetOnInitialize.xml
----------------- Instantiating /home/travis/build/icyphy/ptII/ptolemy/domains/de/test/auto/PortParameterResetOnInitialize.xml
1 ms. Memory: 328192K Free: 242466K (74%)
----------------- Invoking toplevel() on ptolemy.moml.MoMLSimpleApplication@2c0e8779
----------------- Done invoking toplevel() on ptolemy.moml.MoMLSimpleApplication@2c0e8779
reloadAllAccessors: .PortParameterResetOnInitialize

===========================================================================================
----------------- testing Sat Jun 09 01:36:18 UTC 2018 /home/travis/build/icyphy/ptII/ptolemy/domains/de/test/auto/PortParameterUpdates.xml
----------------- Instantiating /home/travis/build/icyphy/ptII/ptolemy/domains/de/test/auto/PortParameterUpdates.xml
8 ms. Memory: 328192K Free: 232180K (71%)
----------------- Invoking toplevel() on ptolemy.moml.MoMLSimpleApplication@4539277d
----------------- Done invoking toplevel() on ptolemy.moml.MoMLSimpleApplication@4539277d
reloadAllAccessors: .PortParameterUpdates

===========================================================================================
----------------- testing Sat Jun 09 01:36:18 UTC 2018 /home/travis/build/icyphy/ptII/ptolemy/domains/de/test/auto/QueueAndServer.xml
----------------- Instantiating /home/travis/build/icyphy/ptII/ptolemy/domains/de/test/auto/QueueAndServer.xml
5 ms. Memory: 328192K Free: 221764K (68%)
----------------- Invoking toplevel() on ptolemy.moml.MoMLSimpleApplication@4862f1c5
----------------- Done invoking toplevel() on ptolemy.moml.MoMLSimpleApplication@4862f1c5
reloadAllAccessors: .QueueAndServer

===========================================================================================
----------------- testing Sat Jun 09 01:36:18 UTC 2018 /home/travis/build/icyphy/ptII/ptolemy/domains/de/test/auto/Records.xml
----------------- Instantiating /home/travis/build/icyphy/ptII/ptolemy/domains/de/test/auto/Records.xml
4 ms. Memory: 328192K Free: 213948K (65%)
----------------- Invoking toplevel() on ptolemy.moml.MoMLSimpleApplication@34f32f1e
----------------- Done invoking toplevel() on ptolemy.moml.MoMLSimpleApplication@34f32f1e
reloadAllAccessors: .Records

===========================================================================================
----------------- testing Sat Jun 09 01:36:18 UTC 2018 /home/travis/build/icyphy/ptII/ptolemy/domains/de/test/auto/ResetTransitionWithStartTime1.xml
----------------- Instantiating /home/travis/build/icyphy/ptII/ptolemy/domains/de/test/auto/ResetTransitionWithStartTime1.xml
5 ms. Memory: 328192K Free: 203532K (62%)
----------------- Invoking toplevel() on ptolemy.moml.MoMLSimpleApplication@26b61dc8
----------------- Done invoking toplevel() on ptolemy.moml.MoMLSimpleApplication@26b61dc8
reloadAllAccessors: .ResetTransitionWithStartTime1

===========================================================================================
----------------- testing Sat Jun 09 01:36:18 UTC 2018 /home/travis/build/icyphy/ptII/ptolemy/domains/de/test/auto/ResetTransitionWithStartTime2.xml
----------------- Instantiating /home/travis/build/icyphy/ptII/ptolemy/domains/de/test/auto/ResetTransitionWithStartTime2.xml
4 ms. Memory: 328192K Free: 193264K (59%)
----------------- Invoking toplevel() on ptolemy.moml.MoMLSimpleApplication@3b1a1b8f
----------------- Done invoking toplevel() on ptolemy.moml.MoMLSimpleApplication@3b1a1b8f
reloadAllAccessors: .ResetTransitionWithStartTime2

===========================================================================================
----------------- testing Sat Jun 09 01:36:18 UTC 2018 /home/travis/build/icyphy/ptII/ptolemy/domains/de/test/auto/ResetTransitionWithStartTime3.xml
----------------- Instantiating /home/travis/build/icyphy/ptII/ptolemy/domains/de/test/auto/ResetTransitionWithStartTime3.xml
4 ms. Memory: 328192K Free: 183004K (56%)
----------------- Invoking toplevel() on ptolemy.moml.MoMLSimpleApplication@992505b
----------------- Done invoking toplevel() on ptolemy.moml.MoMLSimpleApplication@992505b
reloadAllAccessors: .ResetTransitionWithStartTime3

===========================================================================================
----------------- testing Sat Jun 09 01:36:18 UTC 2018 /home/travis/build/icyphy/ptII/ptolemy/domains/de/test/auto/ResetTransitionWithStartTime4.xml
----------------- Instantiating /home/travis/build/icyphy/ptII/ptolemy/domains/de/test/auto/ResetTransitionWithStartTime4.xml
3 ms. Memory: 328192K Free: 172588K (53%)
----------------- Invoking toplevel() on ptolemy.moml.MoMLSimpleApplication@6d4e8bce
----------------- Done invoking toplevel() on ptolemy.moml.MoMLSimpleApplication@6d4e8bce
reloadAllAccessors: .ResetTransitionWithStartTime4

===========================================================================================
----------------- testing Sat Jun 09 01:36:18 UTC 2018 /home/travis/build/icyphy/ptII/ptolemy/domains/de/test/auto/ResettableTimer1.xml
----------------- Instantiating /home/travis/build/icyphy/ptII/ptolemy/domains/de/test/auto/ResettableTimer1.xml
2 ms. Memory: 328192K Free: 164632K (50%)
----------------- Invoking toplevel() on ptolemy.moml.MoMLSimpleApplication@389d237f
----------------- Done invoking toplevel() on ptolemy.moml.MoMLSimpleApplication@389d237f
reloadAllAccessors: .ResettableTimer1

===========================================================================================
----------------- testing Sat Jun 09 01:36:18 UTC 2018 /home/travis/build/icyphy/ptII/ptolemy/domains/de/test/auto/ResettableTimer2.xml
----------------- Instantiating /home/travis/build/icyphy/ptII/ptolemy/domains/de/test/auto/ResettableTimer2.xml
2 ms. Memory: 328192K Free: 156817K (48%)
----------------- Invoking toplevel() on ptolemy.moml.MoMLSimpleApplication@739286f3
----------------- Done invoking toplevel() on ptolemy.moml.MoMLSimpleApplication@739286f3
reloadAllAccessors: .ResettableTimer2

===========================================================================================
----------------- testing Sat Jun 09 01:36:18 UTC 2018 /home/travis/build/icyphy/ptII/ptolemy/domains/de/test/auto/ResettableTimer3.xml
----------------- Instantiating /home/travis/build/icyphy/ptII/ptolemy/domains/de/test/auto/ResettableTimer3.xml
2 ms. Memory: 328192K Free: 149001K (45%)
----------------- Invoking toplevel() on ptolemy.moml.MoMLSimpleApplication@2dfef3f9
----------------- Done invoking toplevel() on ptolemy.moml.MoMLSimpleApplication@2dfef3f9
reloadAllAccessors: .ResettableTimer3

===========================================================================================
----------------- testing Sat Jun 09 01:36:18 UTC 2018 /home/travis/build/icyphy/ptII/ptolemy/domains/de/test/auto/ResettableTimer4.xml
----------------- Instantiating /home/travis/build/icyphy/ptII/ptolemy/domains/de/test/auto/ResettableTimer4.xml
1 ms. Memory: 328192K Free: 141037K (43%)
----------------- Invoking toplevel() on ptolemy.moml.MoMLSimpleApplication@7fcf893c
----------------- Done invoking toplevel() on ptolemy.moml.MoMLSimpleApplication@7fcf893c
reloadAllAccessors: .ResettableTimer4

===========================================================================================
----------------- testing Sat Jun 09 01:36:18 UTC 2018 /home/travis/build/icyphy/ptII/ptolemy/domains/de/test/auto/ResettableTimer5.xml
----------------- Instantiating /home/travis/build/icyphy/ptII/ptolemy/domains/de/test/auto/ResettableTimer5.xml
5 ms. Memory: 328192K Free: 133074K (41%)
----------------- Invoking toplevel() on ptolemy.moml.MoMLSimpleApplication@47031810
----------------- Done invoking toplevel() on ptolemy.moml.MoMLSimpleApplication@47031810
reloadAllAccessors: .ResettableTimer5

===========================================================================================
----------------- testing Sat Jun 09 01:36:18 UTC 2018 /home/travis/build/icyphy/ptII/ptolemy/domains/de/test/auto/ResettableTimer6.xml
----------------- Instantiating /home/travis/build/icyphy/ptII/ptolemy/domains/de/test/auto/ResettableTimer6.xml
6 ms. Memory: 328192K Free: 125266K (38%)
----------------- Invoking toplevel() on ptolemy.moml.MoMLSimpleApplication@2ca38554
----------------- Done invoking toplevel() on ptolemy.moml.MoMLSimpleApplication@2ca38554
reloadAllAccessors: .ResettableTimer6

===========================================================================================
----------------- testing Sat Jun 09 01:36:18 UTC 2018 /home/travis/build/icyphy/ptII/ptolemy/domains/de/test/auto/ServerZeroDelay.xml
----------------- Instantiating /home/travis/build/icyphy/ptII/ptolemy/domains/de/test/auto/ServerZeroDelay.xml
2 ms. Memory: 328192K Free: 117302K (36%)
----------------- Invoking toplevel() on ptolemy.moml.MoMLSimpleApplication@3e010dd4
----------------- Done invoking toplevel() on ptolemy.moml.MoMLSimpleApplication@3e010dd4
reloadAllAccessors: .ServerZeroDelay

===========================================================================================
----------------- testing Sat Jun 09 01:36:18 UTC 2018 /home/travis/build/icyphy/ptII/ptolemy/domains/de/test/auto/SmartSender.xml
----------------- Instantiating /home/travis/build/icyphy/ptII/ptolemy/domains/de/test/auto/SmartSender.xml
3001 ms. Memory: 328192K Free: 109494K (33%)
----------------- Invoking toplevel() on ptolemy.moml.MoMLSimpleApplication@4cbad2a0
----------------- Done invoking toplevel() on ptolemy.moml.MoMLSimpleApplication@4cbad2a0
reloadAllAccessors: .SmartSender

===========================================================================================
----------------- testing Sat Jun 09 01:36:21 UTC 2018 /home/travis/build/icyphy/ptII/ptolemy/domains/de/test/auto/ThreadedComposite.xml
----------------- Instantiating /home/travis/build/icyphy/ptII/ptolemy/domains/de/test/auto/ThreadedComposite.xml
167 ms. Memory: 328192K Free: 84331K (26%)
----------------- Invoking toplevel() on ptolemy.moml.MoMLSimpleApplication@56464b6a
----------------- Done invoking toplevel() on ptolemy.moml.MoMLSimpleApplication@56464b6a
reloadAllAccessors: .ThreadedComposite

===========================================================================================
----------------- testing Sat Jun 09 01:36:21 UTC 2018 /home/travis/build/icyphy/ptII/ptolemy/domains/de/test/auto/Time.xml
----------------- Instantiating /home/travis/build/icyphy/ptII/ptolemy/domains/de/test/auto/Time.xml
487 ms. Memory: 315904K Free: 260851K (83%)
----------------- Invoking toplevel() on ptolemy.moml.MoMLSimpleApplication@1dba21ee
----------------- Done invoking toplevel() on ptolemy.moml.MoMLSimpleApplication@1dba21ee
reloadAllAccessors: .Time

===========================================================================================
----------------- testing Sat Jun 09 01:36:22 UTC 2018 /home/travis/build/icyphy/ptII/ptolemy/domains/de/test/auto/TimeDelayZeroDelay.xml
----------------- Instantiating /home/travis/build/icyphy/ptII/ptolemy/domains/de/test/auto/TimeDelayZeroDelay.xml
3 ms. Memory: 315904K Free: 254306K (81%)
----------------- Invoking toplevel() on ptolemy.moml.MoMLSimpleApplication@58622dfd
----------------- Done invoking toplevel() on ptolemy.moml.MoMLSimpleApplication@58622dfd
reloadAllAccessors: .TimeDelayZeroDelay

===========================================================================================
----------------- testing Sat Jun 09 01:36:22 UTC 2018 /home/travis/build/icyphy/ptII/ptolemy/domains/de/test/auto/TimerZeroDelay.xml
----------------- Instantiating /home/travis/build/icyphy/ptII/ptolemy/domains/de/test/auto/TimerZeroDelay.xml
2 ms. Memory: 315904K Free: 249118K (79%)
----------------- Invoking toplevel() on ptolemy.moml.MoMLSimpleApplication@1bbc475b
----------------- Done invoking toplevel() on ptolemy.moml.MoMLSimpleApplication@1bbc475b
reloadAllAccessors: .TimerZeroDelay

===========================================================================================
----------------- testing Sat Jun 09 01:36:22 UTC 2018 /home/travis/build/icyphy/ptII/ptolemy/domains/de/test/auto/TimingParadox.xml
----------------- Instantiating /home/travis/build/icyphy/ptII/ptolemy/domains/de/test/auto/TimingParadox.xml
312 ms. Memory: 315904K Free: 179704K (57%)
----------------- Invoking toplevel() on ptolemy.moml.MoMLSimpleApplication@70d908b
----------------- Done invoking toplevel() on ptolemy.moml.MoMLSimpleApplication@70d908b
reloadAllAccessors: .TimingParadox

===========================================================================================
----------------- testing Sat Jun 09 01:36:22 UTC 2018 /home/travis/build/icyphy/ptII/ptolemy/domains/de/test/auto/TransferInputs.xml
----------------- Instantiating /home/travis/build/icyphy/ptII/ptolemy/domains/de/test/auto/TransferInputs.xml
1 ms. Memory: 315904K Free: 172792K (55%)
----------------- Invoking toplevel() on ptolemy.moml.MoMLSimpleApplication@471d496c
----------------- Done invoking toplevel() on ptolemy.moml.MoMLSimpleApplication@471d496c
reloadAllAccessors: .TransferInputs

===========================================================================================
----------------- testing Sat Jun 09 01:36:22 UTC 2018 /home/travis/build/icyphy/ptII/ptolemy/domains/de/test/auto/TransferOutputs2.xml
----------------- Instantiating /home/travis/build/icyphy/ptII/ptolemy/domains/de/test/auto/TransferOutputs2.xml
2 ms. Memory: 315904K Free: 162906K (52%)
----------------- Invoking toplevel() on ptolemy.moml.MoMLSimpleApplication@202d2e5d
----------------- Done invoking toplevel() on ptolemy.moml.MoMLSimpleApplication@202d2e5d
reloadAllAccessors: .TransferOutputs2

===========================================================================================
----------------- testing Sat Jun 09 01:36:22 UTC 2018 /home/travis/build/icyphy/ptII/ptolemy/domains/de/test/auto/Trilateration.xml
----------------- Instantiating /home/travis/build/icyphy/ptII/ptolemy/domains/de/test/auto/Trilateration.xml
11206 ms. Memory: 354816K Free: 85607K (24%)
----------------- Invoking toplevel() on ptolemy.moml.MoMLSimpleApplication@fb371e6
----------------- Done invoking toplevel() on ptolemy.moml.MoMLSimpleApplication@fb371e6
reloadAllAccessors: .Trilateration

===========================================================================================
----------------- testing Sat Jun 09 01:36:34 UTC 2018 /home/travis/build/icyphy/ptII/ptolemy/domains/de/test/auto/TwoSigmaDelta.xml
----------------- Instantiating /home/travis/build/icyphy/ptII/ptolemy/domains/de/test/auto/TwoSigmaDelta.xml
2274 ms. Memory: 339968K Free: 57991K (17%)
----------------- Invoking toplevel() on ptolemy.moml.MoMLSimpleApplication@4afc3e0
----------------- Done invoking toplevel() on ptolemy.moml.MoMLSimpleApplication@4afc3e0
reloadAllAccessors: .TwoSigmaDelta

===========================================================================================
----------------- testing Sat Jun 09 01:36:37 UTC 2018 /home/travis/build/icyphy/ptII/ptolemy/domains/de/test/auto/VariableDelay.xml
----------------- Instantiating /home/travis/build/icyphy/ptII/ptolemy/domains/de/test/auto/VariableDelay.xml
1 ms. Memory: 328192K Free: 291119K (89%)
----------------- Invoking toplevel() on ptolemy.moml.MoMLSimpleApplication@296eca3e
----------------- Done invoking toplevel() on ptolemy.moml.MoMLSimpleApplication@296eca3e
reloadAllAccessors: .VariableDelay

===========================================================================================
----------------- testing Sat Jun 09 01:36:37 UTC 2018 /home/travis/build/icyphy/ptII/ptolemy/domains/de/test/auto/VariableDelay2.xml
----------------- Instantiating /home/travis/build/icyphy/ptII/ptolemy/domains/de/test/auto/VariableDelay2.xml
1 ms. Memory: 328192K Free: 280696K (86%)
----------------- Invoking toplevel() on ptolemy.moml.MoMLSimpleApplication@1ff119b
----------------- Done invoking toplevel() on ptolemy.moml.MoMLSimpleApplication@1ff119b
reloadAllAccessors: .VariableDelay2

===========================================================================================
----------------- testing Sat Jun 09 01:36:37 UTC 2018 /home/travis/build/icyphy/ptII/ptolemy/domains/de/test/auto/VariableDelayZeroDelay.xml
----------------- Instantiating /home/travis/build/icyphy/ptII/ptolemy/domains/de/test/auto/VariableDelayZeroDelay.xml
3 ms. Memory: 328192K Free: 270266K (82%)
----------------- Invoking toplevel() on ptolemy.moml.MoMLSimpleApplication@2d433637
----------------- Done invoking toplevel() on ptolemy.moml.MoMLSimpleApplication@2d433637
reloadAllAccessors: .VariableDelayZeroDelay

===========================================================================================
----------------- testing Sat Jun 09 01:36:37 UTC 2018 /home/travis/build/icyphy/ptII/ptolemy/domains/de/test/auto/VariableDelayZeroDelay2.xml
----------------- Instantiating /home/travis/build/icyphy/ptII/ptolemy/domains/de/test/auto/VariableDelayZeroDelay2.xml
2 ms. Memory: 328192K Free: 259905K (79%)
----------------- Invoking toplevel() on ptolemy.moml.MoMLSimpleApplication@2fd940ba
----------------- Done invoking toplevel() on ptolemy.moml.MoMLSimpleApplication@2fd940ba
reloadAllAccessors: .VariableDelayZeroDelay2

===========================================================================================
----------------- testing Sat Jun 09 01:36:37 UTC 2018 /home/travis/build/icyphy/ptII/ptolemy/domains/de/test/auto/deInCt.xml
----------------- Instantiating /home/travis/build/icyphy/ptII/ptolemy/domains/de/test/auto/deInCt.xml
0
1
1
1
0
0
0
0
0
1
1
1
0
0
0
0
0
0
1
1
1
0
0
0
1
1
1
0
0
0
1
1
1
0
0
0
0
6 ms. Memory: 328192K Free: 249483K (76%)
----------------- Invoking toplevel() on ptolemy.moml.MoMLSimpleApplication@74002ee3
----------------- Done invoking toplevel() on ptolemy.moml.MoMLSimpleApplication@74002ee3
reloadAllAccessors: .deInCt

===========================================================================================
----------------- testing Sat Jun 09 01:36:37 UTC 2018 /home/travis/build/icyphy/ptII/ptolemy/domains/de/test/auto/deInCt2.xml
----------------- Instantiating /home/travis/build/icyphy/ptII/ptolemy/domains/de/test/auto/deInCt2.xml
0
1
1
1
0
0
1
1
1
0
0
1
1
1
0
0
1
1
1
0
0
1
1
1
0
0
1
1
1
0
0
1
1
1
0
0
1
1
1
0
0
0
6 ms. Memory: 328192K Free: 239061K (73%)
----------------- Invoking toplevel() on ptolemy.moml.MoMLSimpleApplication@52ca3397
----------------- Done invoking toplevel() on ptolemy.moml.MoMLSimpleApplication@52ca3397
reloadAllAccessors: .deInCt2

===========================================================================================
----------------- testing Sat Jun 09 01:36:37 UTC 2018 /home/travis/build/icyphy/ptII/ptolemy/domains/de/test/auto/dynamicCausalityInterface1.xml
----------------- Instantiating /home/travis/build/icyphy/ptII/ptolemy/domains/de/test/auto/dynamicCausalityInterface1.xml
0 ms. Memory: 328192K Free: 223687K (68%)
----------------- Invoking toplevel() on ptolemy.moml.MoMLSimpleApplication@22dd3d60
----------------- Done invoking toplevel() on ptolemy.moml.MoMLSimpleApplication@22dd3d60
reloadAllAccessors: .dynamicCausalityInterface1

===========================================================================================
----------------- testing Sat Jun 09 01:36:37 UTC 2018 /home/travis/build/icyphy/ptII/ptolemy/domains/de/test/auto/fsm_de_test.xml
----------------- Instantiating /home/travis/build/icyphy/ptII/ptolemy/domains/de/test/auto/fsm_de_test.xml
5 ms. Memory: 328192K Free: 208329K (63%)
----------------- Invoking toplevel() on ptolemy.moml.MoMLSimpleApplication@16587311
----------------- Done invoking toplevel() on ptolemy.moml.MoMLSimpleApplication@16587311
reloadAllAccessors: .fsm_de_test

===========================================================================================
----------------- testing Sat Jun 09 01:36:37 UTC 2018 /home/travis/build/icyphy/ptII/ptolemy/domains/de/test/auto/functionDependencyReconstruction.xml
----------------- Instantiating /home/travis/build/icyphy/ptII/ptolemy/domains/de/test/auto/functionDependencyReconstruction.xml
2 ms. Memory: 328192K Free: 188019K (57%)
----------------- Invoking toplevel() on ptolemy.moml.MoMLSimpleApplication@7c285270
----------------- Done invoking toplevel() on ptolemy.moml.MoMLSimpleApplication@7c285270
reloadAllAccessors: .functionDependencyReconstruction

===========================================================================================
----------------- testing Sat Jun 09 01:36:37 UTC 2018 /home/travis/build/icyphy/ptII/ptolemy/domains/de/test/auto/multirate.xml
----------------- Instantiating /home/travis/build/icyphy/ptII/ptolemy/domains/de/test/auto/multirate.xml
4 ms. Memory: 328192K Free: 172645K (53%)
----------------- Invoking toplevel() on ptolemy.moml.MoMLSimpleApplication@43f39dbc
----------------- Done invoking toplevel() on ptolemy.moml.MoMLSimpleApplication@43f39dbc
reloadAllAccessors: .multirate

===========================================================================================
----------------- testing Sat Jun 09 01:36:37 UTC 2018 /home/travis/build/icyphy/ptII/ptolemy/domains/de/test/auto/multirate2.xml
----------------- Instantiating /home/travis/build/icyphy/ptII/ptolemy/domains/de/test/auto/multirate2.xml
3 ms. Memory: 328192K Free: 157271K (48%)
----------------- Invoking toplevel() on ptolemy.moml.MoMLSimpleApplication@1a3aea0f
----------------- Done invoking toplevel() on ptolemy.moml.MoMLSimpleApplication@1a3aea0f
reloadAllAccessors: .multirate2

===========================================================================================
----------------- testing Sat Jun 09 01:36:37 UTC 2018 /home/travis/build/icyphy/ptII/ptolemy/domains/de/test/auto/realtime.xml
----------------- Instantiating /home/travis/build/icyphy/ptII/ptolemy/domains/de/test/auto/realtime.xml
10002 ms. Memory: 328192K Free: 146849K (45%)
----------------- Invoking toplevel() on ptolemy.moml.MoMLSimpleApplication@6ee7a245
----------------- Done invoking toplevel() on ptolemy.moml.MoMLSimpleApplication@6ee7a245
reloadAllAccessors: .realtime

===========================================================================================
----------------- testing Sat Jun 09 01:36:47 UTC 2018 /home/travis/build/icyphy/ptII/ptolemy/domains/de/test/auto/relationGroup.xml
----------------- Instantiating /home/travis/build/icyphy/ptII/ptolemy/domains/de/test/auto/relationGroup.xml
5 ms. Memory: 328192K Free: 136424K (42%)
----------------- Invoking toplevel() on ptolemy.moml.MoMLSimpleApplication@77750010
----------------- Done invoking toplevel() on ptolemy.moml.MoMLSimpleApplication@77750010
reloadAllAccessors: .relationGroup

===========================================================================================
----------------- testing Sat Jun 09 01:36:47 UTC 2018 /home/travis/build/icyphy/ptII/ptolemy/domains/de/test/auto/relationGroup2.xml
----------------- Instantiating /home/travis/build/icyphy/ptII/ptolemy/domains/de/test/auto/relationGroup2.xml
1 ms. Memory: 328192K Free: 126002K (38%)
----------------- Invoking toplevel() on ptolemy.moml.MoMLSimpleApplication@232dda2e
----------------- Done invoking toplevel() on ptolemy.moml.MoMLSimpleApplication@232dda2e
reloadAllAccessors: .relationGroup2

===========================================================================================
----------------- testing Sat Jun 09 01:36:47 UTC 2018 /home/travis/build/icyphy/ptII/ptolemy/domains/de/test/auto/sortWithOpaquePorts.xml
----------------- Instantiating /home/travis/build/icyphy/ptII/ptolemy/domains/de/test/auto/sortWithOpaquePorts.xml
1 ms. Memory: 328192K Free: 115518K (35%)
----------------- Invoking toplevel() on ptolemy.moml.MoMLSimpleApplication@22c18c6e
----------------- Done invoking toplevel() on ptolemy.moml.MoMLSimpleApplication@22c18c6e
reloadAllAccessors: .sortWithOpaquePorts

===========================================================================================
----------------- testing Sat Jun 09 01:36:47 UTC 2018 /home/travis/build/icyphy/ptII/ptolemy/domains/de/test/auto/transferInputsandOutputs.xml
----------------- Instantiating /home/travis/build/icyphy/ptII/ptolemy/domains/de/test/auto/transferInputsandOutputs.xml
2 ms. Memory: 328192K Free: 100144K (31%)
----------------- Invoking toplevel() on ptolemy.moml.MoMLSimpleApplication@f839bb8
----------------- Done invoking toplevel() on ptolemy.moml.MoMLSimpleApplication@f839bb8
reloadAllAccessors: .transferInputsandOutputs

===========================================================================================
----------------- testing Sat Jun 09 01:36:47 UTC 2018 /home/travis/build/icyphy/ptII/ptolemy/domains/de/test/auto/triggerType.xml
----------------- Instantiating /home/travis/build/icyphy/ptII/ptolemy/domains/de/test/auto/triggerType.xml
1 ms. Memory: 328192K Free: 89721K (27%)
----------------- Invoking toplevel() on ptolemy.moml.MoMLSimpleApplication@3aba3650
----------------- Done invoking toplevel() on ptolemy.moml.MoMLSimpleApplication@3aba3650
reloadAllAccessors: .triggerType
AutoTests.java: About to close Vertx.
AutoTests.java: Vertx closed.
]]></system-out>
  <system-err><![CDATA[java.lang.RuntimeException: Execution failed
	at ptolemy.moml.MoMLSimpleApplication$UnloadThread.run(MoMLSimpleApplication.java:402)
Caused by: ptolemy.kernel.util.IllegalActionException: Found a zero delay loop containing .dependencyLoop.original
  in .dependencyLoop and .dependencyLoop.original
	at ptolemy.actor.util.CausalityInterfaceForComposites._computeOutputPortDepth(CausalityInterfaceForComposites.java:759)
	at ptolemy.actor.util.CausalityInterfaceForComposites._computeInputDepth(CausalityInterfaceForComposites.java:696)
	at ptolemy.actor.util.CausalityInterfaceForComposites._computeOutputPortDepth(CausalityInterfaceForComposites.java:765)
	at ptolemy.actor.util.CausalityInterfaceForComposites._computeInputDepth(CausalityInterfaceForComposites.java:696)
	at ptolemy.actor.util.CausalityInterfaceForComposites._computeOutputPortDepth(CausalityInterfaceForComposites.java:765)
	at ptolemy.actor.util.CausalityInterfaceForComposites._computeInputDepth(CausalityInterfaceForComposites.java:696)
	at ptolemy.actor.util.CausalityInterfaceForComposites._computeActorDepth(CausalityInterfaceForComposites.java:532)
	at ptolemy.actor.util.CausalityInterfaceForComposites.checkForCycles(CausalityInterfaceForComposites.java:96)
	at ptolemy.domains.de.kernel.DEDirector.preinitialize(DEDirector.java:1338)
	at ptolemy.actor.CompositeActor.preinitialize(CompositeActor.java:1828)
	at ptolemy.actor.Manager.preinitializeAndResolveTypes(Manager.java:1040)
	at ptolemy.actor.Manager.initialize(Manager.java:710)
	at ptolemy.actor.Manager.execute(Manager.java:356)
	at ptolemy.actor.Manager.run(Manager.java:1263)
	at ptolemy.actor.Manager$PtolemyRunThread.run(Manager.java:1915)
java.lang.RuntimeException: Execution failed
	at ptolemy.moml.MoMLSimpleApplication$UnloadThread.run(MoMLSimpleApplication.java:402)
Caused by: ptolemy.kernel.util.IllegalActionException: Found a zero delay loop containing .dependencyLoop2.original
  in .dependencyLoop2 and .dependencyLoop2.original
	at ptolemy.actor.util.CausalityInterfaceForComposites._computeOutputPortDepth(CausalityInterfaceForComposites.java:759)
	at ptolemy.actor.util.CausalityInterfaceForComposites._computeInputDepth(CausalityInterfaceForComposites.java:696)
	at ptolemy.actor.util.CausalityInterfaceForComposites._computeOutputPortDepth(CausalityInterfaceForComposites.java:765)
	at ptolemy.actor.util.CausalityInterfaceForComposites._computeInputDepth(CausalityInterfaceForComposites.java:696)
	at ptolemy.actor.util.CausalityInterfaceForComposites._computeOutputPortDepth(CausalityInterfaceForComposites.java:765)
	at ptolemy.actor.util.CausalityInterfaceForComposites._computeInputDepth(CausalityInterfaceForComposites.java:696)
	at ptolemy.actor.util.CausalityInterfaceForComposites._computeActorDepth(CausalityInterfaceForComposites.java:532)
	at ptolemy.actor.util.CausalityInterfaceForComposites.checkForCycles(CausalityInterfaceForComposites.java:96)
	at ptolemy.domains.de.kernel.DEDirector.preinitialize(DEDirector.java:1338)
	at ptolemy.actor.CompositeActor.preinitialize(CompositeActor.java:1828)
	at ptolemy.actor.Manager.preinitializeAndResolveTypes(Manager.java:1040)
	at ptolemy.actor.Manager.initialize(Manager.java:710)
	at ptolemy.actor.Manager.execute(Manager.java:356)
	at ptolemy.actor.Manager.run(Manager.java:1263)
	at ptolemy.actor.Manager$PtolemyRunThread.run(Manager.java:1915)
java.lang.RuntimeException: Execution failed
	at ptolemy.moml.MoMLSimpleApplication$UnloadThread.run(MoMLSimpleApplication.java:402)
Caused by: ptolemy.kernel.util.IllegalActionException: Found a zero delay loop containing .dependencyLoop.original
  in .dependencyLoop and .dependencyLoop.original
	at ptolemy.actor.util.CausalityInterfaceForComposites._computeOutputPortDepth(CausalityInterfaceForComposites.java:759)
	at ptolemy.actor.util.CausalityInterfaceForComposites._computeInputDepth(CausalityInterfaceForComposites.java:696)
	at ptolemy.actor.util.CausalityInterfaceForComposites._computeOutputPortDepth(CausalityInterfaceForComposites.java:765)
	at ptolemy.actor.util.CausalityInterfaceForComposites._computeInputDepth(CausalityInterfaceForComposites.java:696)
	at ptolemy.actor.util.CausalityInterfaceForComposites._computeOutputPortDepth(CausalityInterfaceForComposites.java:765)
	at ptolemy.actor.util.CausalityInterfaceForComposites._computeInputDepth(CausalityInterfaceForComposites.java:696)
	at ptolemy.actor.util.CausalityInterfaceForComposites._computeActorDepth(CausalityInterfaceForComposites.java:532)
	at ptolemy.actor.util.CausalityInterfaceForComposites.checkForCycles(CausalityInterfaceForComposites.java:96)
	at ptolemy.domains.de.kernel.DEDirector.preinitialize(DEDirector.java:1338)
	at ptolemy.actor.CompositeActor.preinitialize(CompositeActor.java:1828)
	at ptolemy.actor.Manager.preinitializeAndResolveTypes(Manager.java:1040)
	at ptolemy.actor.Manager.initialize(Manager.java:710)
	at ptolemy.actor.Manager.execute(Manager.java:356)
	at ptolemy.actor.Manager.run(Manager.java:1263)
	at ptolemy.actor.Manager$PtolemyRunThread.run(Manager.java:1915)
java.lang.RuntimeException: Execution failed
	at ptolemy.moml.MoMLSimpleApplication$UnloadThread.run(MoMLSimpleApplication.java:402)
Caused by: ptolemy.kernel.util.IllegalActionException: Actor is not ready to fire.  Perhaps UpSample.prefire() returned false? Try debugging the actor by selecting "Listen to Actor".  Also, for SDF check moml for tokenConsumptionRate on input.
  in .DESDFClockTest.Play Bell.Copy1:SDF Director and .DESDFClockTest.Play Bell.UpSample
	at ptolemy.actor.sched.StaticSchedulingDirector.fire(StaticSchedulingDirector.java:227)
	at ptolemy.domains.sdf.kernel.SDFDirector.fire(SDFDirector.java:500)
	at ptolemy.actor.CompositeActor.fire(CompositeActor.java:455)
	at ptolemy.domains.de.kernel.DEDirector._fire(DEDirector.java:1949)
	at ptolemy.domains.de.kernel.DEDirector.fire(DEDirector.java:502)
	at ptolemy.actor.CompositeActor.fire(CompositeActor.java:455)
	at ptolemy.actor.Manager.iterate(Manager.java:851)
	at ptolemy.actor.Manager.execute(Manager.java:369)
	at ptolemy.actor.Manager.run(Manager.java:1263)
	at ptolemy.actor.Manager$PtolemyRunThread.run(Manager.java:1915)
java.lang.RuntimeException: Execution failed
	at ptolemy.moml.MoMLSimpleApplication$UnloadThread.run(MoMLSimpleApplication.java:402)
Caused by: ptolemy.kernel.util.IllegalActionException: Found a zero delay loop containing .dependencyLoop2.original
  in .dependencyLoop2 and .dependencyLoop2.original
	at ptolemy.actor.util.CausalityInterfaceForComposites._computeOutputPortDepth(CausalityInterfaceForComposites.java:759)
	at ptolemy.actor.util.CausalityInterfaceForComposites._computeInputDepth(CausalityInterfaceForComposites.java:696)
	at ptolemy.actor.util.CausalityInterfaceForComposites._computeOutputPortDepth(CausalityInterfaceForComposites.java:765)
	at ptolemy.actor.util.CausalityInterfaceForComposites._computeInputDepth(CausalityInterfaceForComposites.java:696)
	at ptolemy.actor.util.CausalityInterfaceForComposites._computeOutputPortDepth(CausalityInterfaceForComposites.java:765)
	at ptolemy.actor.util.CausalityInterfaceForComposites._computeInputDepth(CausalityInterfaceForComposites.java:696)
	at ptolemy.actor.util.CausalityInterfaceForComposites._computeActorDepth(CausalityInterfaceForComposites.java:532)
	at ptolemy.actor.util.CausalityInterfaceForComposites.checkForCycles(CausalityInterfaceForComposites.java:96)
	at ptolemy.domains.de.kernel.DEDirector.preinitialize(DEDirector.java:1338)
	at ptolemy.actor.CompositeActor.preinitialize(CompositeActor.java:1828)
	at ptolemy.actor.Manager.preinitializeAndResolveTypes(Manager.java:1040)
	at ptolemy.actor.Manager.initialize(Manager.java:710)
	at ptolemy.actor.Manager.execute(Manager.java:356)
	at ptolemy.actor.Manager.run(Manager.java:1263)
	at ptolemy.actor.Manager$PtolemyRunThread.run(Manager.java:1915)
java.lang.RuntimeException: Execution failed
	at ptolemy.moml.MoMLSimpleApplication$UnloadThread.run(MoMLSimpleApplication.java:402)
Caused by: ptolemy.kernel.util.IllegalActionException: Found a zero delay loop containing .HierarchicalModel.A
  in .HierarchicalModel and .HierarchicalModel.A
	at ptolemy.actor.util.CausalityInterfaceForComposites._computeOutputPortDepth(CausalityInterfaceForComposites.java:759)
	at ptolemy.actor.util.CausalityInterfaceForComposites._computeInputDepth(CausalityInterfaceForComposites.java:696)
	at ptolemy.actor.util.CausalityInterfaceForComposites._computeOutputPortDepth(CausalityInterfaceForComposites.java:765)
	at ptolemy.actor.util.CausalityInterfaceForComposites._computeInputDepth(CausalityInterfaceForComposites.java:696)
	at ptolemy.actor.util.CausalityInterfaceForComposites._computeOutputPortDepth(CausalityInterfaceForComposites.java:765)
	at ptolemy.actor.util.CausalityInterfaceForComposites._computeInputDepth(CausalityInterfaceForComposites.java:696)
	at ptolemy.actor.util.CausalityInterfaceForComposites._computeActorDepth(CausalityInterfaceForComposites.java:532)
	at ptolemy.actor.util.CausalityInterfaceForComposites.checkForCycles(CausalityInterfaceForComposites.java:96)
	at ptolemy.domains.de.kernel.DEDirector.preinitialize(DEDirector.java:1338)
	at ptolemy.actor.CompositeActor.preinitialize(CompositeActor.java:1828)
	at ptolemy.actor.Manager.preinitializeAndResolveTypes(Manager.java:1040)
	at ptolemy.actor.Manager.initialize(Manager.java:710)
	at ptolemy.actor.Manager.execute(Manager.java:356)
	at ptolemy.actor.Manager.run(Manager.java:1263)
	at ptolemy.actor.Manager$PtolemyRunThread.run(Manager.java:1915)
java.lang.RuntimeException: Execution failed
	at ptolemy.moml.MoMLSimpleApplication$UnloadThread.run(MoMLSimpleApplication.java:402)
Caused by: ptolemy.kernel.util.IllegalActionException: Test fails in iteration 1.
Value was: 1.0. Should have been: 2.0
  in .DirectFeedback.Test
	at ptolemy.actor.lib.Test.fire(Test.java:268)
	at ptolemy.domains.de.kernel.DEDirector._fire(DEDirector.java:1949)
	at ptolemy.domains.de.kernel.DEDirector.fire(DEDirector.java:502)
	at ptolemy.actor.CompositeActor.fire(CompositeActor.java:455)
	at ptolemy.actor.Manager.iterate(Manager.java:851)
	at ptolemy.actor.Manager.execute(Manager.java:369)
	at ptolemy.actor.Manager.run(Manager.java:1263)
	at ptolemy.actor.Manager$PtolemyRunThread.run(Manager.java:1915)
java.lang.RuntimeException: Execution failed
	at ptolemy.moml.MoMLSimpleApplication$UnloadThread.run(MoMLSimpleApplication.java:402)
Caused by: ptolemy.kernel.util.IllegalActionException: Actor is not ready to fire.  Perhaps UpSample.prefire() returned false? Try debugging the actor by selecting "Listen to Actor".  Also, for SDF check moml for tokenConsumptionRate on input.
  in .DESDFClockTest.Play Bell.Copy1:SDF Director and .DESDFClockTest.Play Bell.UpSample
	at ptolemy.actor.sched.StaticSchedulingDirector.fire(StaticSchedulingDirector.java:227)
	at ptolemy.domains.sdf.kernel.SDFDirector.fire(SDFDirector.java:500)
	at ptolemy.actor.CompositeActor.fire(CompositeActor.java:455)
	at ptolemy.domains.de.kernel.DEDirector._fire(DEDirector.java:1949)
	at ptolemy.domains.de.kernel.DEDirector.fire(DEDirector.java:502)
	at ptolemy.actor.CompositeActor.fire(CompositeActor.java:455)
	at ptolemy.actor.Manager.iterate(Manager.java:851)
	at ptolemy.actor.Manager.execute(Manager.java:369)
	at ptolemy.actor.Manager.run(Manager.java:1263)
	at ptolemy.actor.Manager$PtolemyRunThread.run(Manager.java:1915)
java.lang.reflect.InvocationTargetException
	at sun.reflect.NativeConstructorAccessorImpl.newInstance0(Native Method)
	at sun.reflect.NativeConstructorAccessorImpl.newInstance(NativeConstructorAccessorImpl.java:62)
	at sun.reflect.DelegatingConstructorAccessorImpl.newInstance(DelegatingConstructorAccessorImpl.java:45)
	at java.lang.reflect.Constructor.newInstance(Constructor.java:423)
	at ptolemy.util.test.junit.AutoKnownFailedTests.RunModel(AutoKnownFailedTests.java:107)
	at sun.reflect.NativeMethodAccessorImpl.invoke0(Native Method)
	at sun.reflect.NativeMethodAccessorImpl.invoke(NativeMethodAccessorImpl.java:62)
	at sun.reflect.DelegatingMethodAccessorImpl.invoke(DelegatingMethodAccessorImpl.java:43)
	at java.lang.reflect.Method.invoke(Method.java:498)
	at org.junit.runners.model.FrameworkMethod$1.runReflectiveCall(FrameworkMethod.java:44)
	at org.junit.internal.runners.model.ReflectiveCallable.run(ReflectiveCallable.java:15)
	at org.junit.runners.model.FrameworkMethod.invokeExplosively(FrameworkMethod.java:41)
	at junitparams.internal.InvokeParameterisedMethod.evaluate(InvokeParameterisedMethod.java:102)
	at org.junit.internal.runners.statements.FailOnTimeout$1.run(FailOnTimeout.java:28)
Caused by: ptolemy.kernel.util.IllegalActionException: Actor is not ready to fire.  Perhaps UpSample.prefire() returned false? Try debugging the actor by selecting "Listen to Actor".  Also, for SDF check moml for tokenConsumptionRate on input.
  in .DESDFClockTest.Play Bell.Copy1:SDF Director and .DESDFClockTest.Play Bell.UpSample
	at ptolemy.actor.sched.StaticSchedulingDirector.fire(StaticSchedulingDirector.java:227)
	at ptolemy.domains.sdf.kernel.SDFDirector.fire(SDFDirector.java:500)
	at ptolemy.actor.CompositeActor.fire(CompositeActor.java:455)
	at ptolemy.domains.de.kernel.DEDirector._fire(DEDirector.java:1949)
	at ptolemy.domains.de.kernel.DEDirector.fire(DEDirector.java:502)
	at ptolemy.actor.CompositeActor.fire(CompositeActor.java:455)
	at ptolemy.actor.Manager.iterate(Manager.java:851)
	at ptolemy.actor.Manager.execute(Manager.java:369)
	at ptolemy.actor.Manager.run(Manager.java:1263)
	at ptolemy.actor.Manager$PtolemyRunThread.run(Manager.java:1915)
java.lang.RuntimeException: Execution failed
	at ptolemy.moml.MoMLSimpleApplication$UnloadThread.run(MoMLSimpleApplication.java:402)
Caused by: ptolemy.kernel.util.IllegalActionException: Test fails in iteration 1.
Value was: 1.0. Should have been: 2.0
  in .DirectFeedback.Test
	at ptolemy.actor.lib.Test.fire(Test.java:268)
	at ptolemy.domains.de.kernel.DEDirector._fire(DEDirector.java:1949)
	at ptolemy.domains.de.kernel.DEDirector.fire(DEDirector.java:502)
	at ptolemy.actor.CompositeActor.fire(CompositeActor.java:455)
	at ptolemy.actor.Manager.iterate(Manager.java:851)
	at ptolemy.actor.Manager.execute(Manager.java:369)
	at ptolemy.actor.Manager.run(Manager.java:1263)
	at ptolemy.actor.Manager$PtolemyRunThread.run(Manager.java:1915)
java.lang.reflect.InvocationTargetException
	at sun.reflect.NativeConstructorAccessorImpl.newInstance0(Native Method)
	at sun.reflect.NativeConstructorAccessorImpl.newInstance(NativeConstructorAccessorImpl.java:62)
	at sun.reflect.DelegatingConstructorAccessorImpl.newInstance(DelegatingConstructorAccessorImpl.java:45)
	at java.lang.reflect.Constructor.newInstance(Constructor.java:423)
	at ptolemy.util.test.junit.AutoKnownFailedTests.RunModel(AutoKnownFailedTests.java:107)
	at sun.reflect.NativeMethodAccessorImpl.invoke0(Native Method)
	at sun.reflect.NativeMethodAccessorImpl.invoke(NativeMethodAccessorImpl.java:62)
	at sun.reflect.DelegatingMethodAccessorImpl.invoke(DelegatingMethodAccessorImpl.java:43)
	at java.lang.reflect.Method.invoke(Method.java:498)
	at org.junit.runners.model.FrameworkMethod$1.runReflectiveCall(FrameworkMethod.java:44)
	at org.junit.internal.runners.model.ReflectiveCallable.run(ReflectiveCallable.java:15)
	at org.junit.runners.model.FrameworkMethod.invokeExplosively(FrameworkMethod.java:41)
	at junitparams.internal.InvokeParameterisedMethod.evaluate(InvokeParameterisedMethod.java:102)
	at org.junit.internal.runners.statements.FailOnTimeout$1.run(FailOnTimeout.java:28)
Caused by: ptolemy.kernel.util.IllegalActionException: Test fails in iteration 1.
Value was: 1.0. Should have been: 2.0
  in .DirectFeedback.Test
	at ptolemy.actor.lib.Test.fire(Test.java:268)
	at ptolemy.domains.de.kernel.DEDirector._fire(DEDirector.java:1949)
	at ptolemy.domains.de.kernel.DEDirector.fire(DEDirector.java:502)
	at ptolemy.actor.CompositeActor.fire(CompositeActor.java:455)
	at ptolemy.actor.Manager.iterate(Manager.java:851)
	at ptolemy.actor.Manager.execute(Manager.java:369)
	at ptolemy.actor.Manager.run(Manager.java:1263)
	at ptolemy.actor.Manager$PtolemyRunThread.run(Manager.java:1915)
java.lang.RuntimeException: Execution failed
	at ptolemy.moml.MoMLSimpleApplication$UnloadThread.run(MoMLSimpleApplication.java:402)
Caused by: ptolemy.kernel.util.IllegalActionException: Found a zero delay loop containing .HierarchicalModel.A
  in .HierarchicalModel and .HierarchicalModel.A
	at ptolemy.actor.util.CausalityInterfaceForComposites._computeOutputPortDepth(CausalityInterfaceForComposites.java:759)
	at ptolemy.actor.util.CausalityInterfaceForComposites._computeInputDepth(CausalityInterfaceForComposites.java:696)
	at ptolemy.actor.util.CausalityInterfaceForComposites._computeOutputPortDepth(CausalityInterfaceForComposites.java:765)
	at ptolemy.actor.util.CausalityInterfaceForComposites._computeInputDepth(CausalityInterfaceForComposites.java:696)
	at ptolemy.actor.util.CausalityInterfaceForComposites._computeOutputPortDepth(CausalityInterfaceForComposites.java:765)
	at ptolemy.actor.util.CausalityInterfaceForComposites._computeInputDepth(CausalityInterfaceForComposites.java:696)
	at ptolemy.actor.util.CausalityInterfaceForComposites._computeActorDepth(CausalityInterfaceForComposites.java:532)
	at ptolemy.actor.util.CausalityInterfaceForComposites.checkForCycles(CausalityInterfaceForComposites.java:96)
	at ptolemy.domains.de.kernel.DEDirector.preinitialize(DEDirector.java:1338)
	at ptolemy.actor.CompositeActor.preinitialize(CompositeActor.java:1828)
	at ptolemy.actor.Manager.preinitializeAndResolveTypes(Manager.java:1040)
	at ptolemy.actor.Manager.initialize(Manager.java:710)
	at ptolemy.actor.Manager.execute(Manager.java:356)
	at ptolemy.actor.Manager.run(Manager.java:1263)
	at ptolemy.actor.Manager$PtolemyRunThread.run(Manager.java:1915)
java.lang.reflect.InvocationTargetException
	at sun.reflect.NativeConstructorAccessorImpl.newInstance0(Native Method)
	at sun.reflect.NativeConstructorAccessorImpl.newInstance(NativeConstructorAccessorImpl.java:62)
	at sun.reflect.DelegatingConstructorAccessorImpl.newInstance(DelegatingConstructorAccessorImpl.java:45)
	at java.lang.reflect.Constructor.newInstance(Constructor.java:423)
	at ptolemy.util.test.junit.AutoKnownFailedTests.RunModel(AutoKnownFailedTests.java:107)
	at sun.reflect.NativeMethodAccessorImpl.invoke0(Native Method)
	at sun.reflect.NativeMethodAccessorImpl.invoke(NativeMethodAccessorImpl.java:62)
	at sun.reflect.DelegatingMethodAccessorImpl.invoke(DelegatingMethodAccessorImpl.java:43)
	at java.lang.reflect.Method.invoke(Method.java:498)
	at org.junit.runners.model.FrameworkMethod$1.runReflectiveCall(FrameworkMethod.java:44)
	at org.junit.internal.runners.model.ReflectiveCallable.run(ReflectiveCallable.java:15)
	at org.junit.runners.model.FrameworkMethod.invokeExplosively(FrameworkMethod.java:41)
	at junitparams.internal.InvokeParameterisedMethod.evaluate(InvokeParameterisedMethod.java:102)
	at org.junit.internal.runners.statements.FailOnTimeout$1.run(FailOnTimeout.java:28)
Caused by: ptolemy.kernel.util.IllegalActionException: Found a zero delay loop containing .HierarchicalModel.A
  in .HierarchicalModel and .HierarchicalModel.A
	at ptolemy.actor.util.CausalityInterfaceForComposites._computeOutputPortDepth(CausalityInterfaceForComposites.java:759)
	at ptolemy.actor.util.CausalityInterfaceForComposites._computeInputDepth(CausalityInterfaceForComposites.java:696)
	at ptolemy.actor.util.CausalityInterfaceForComposites._computeOutputPortDepth(CausalityInterfaceForComposites.java:765)
	at ptolemy.actor.util.CausalityInterfaceForComposites._computeInputDepth(CausalityInterfaceForComposites.java:696)
	at ptolemy.actor.util.CausalityInterfaceForComposites._computeOutputPortDepth(CausalityInterfaceForComposites.java:765)
	at ptolemy.actor.util.CausalityInterfaceForComposites._computeInputDepth(CausalityInterfaceForComposites.java:696)
	at ptolemy.actor.util.CausalityInterfaceForComposites._computeActorDepth(CausalityInterfaceForComposites.java:532)
	at ptolemy.actor.util.CausalityInterfaceForComposites.checkForCycles(CausalityInterfaceForComposites.java:96)
	at ptolemy.domains.de.kernel.DEDirector.preinitialize(DEDirector.java:1338)
	at ptolemy.actor.CompositeActor.preinitialize(CompositeActor.java:1828)
	at ptolemy.actor.Manager.preinitializeAndResolveTypes(Manager.java:1040)
	at ptolemy.actor.Manager.initialize(Manager.java:710)
	at ptolemy.actor.Manager.execute(Manager.java:356)
	at ptolemy.actor.Manager.run(Manager.java:1263)
	at ptolemy.actor.Manager$PtolemyRunThread.run(Manager.java:1915)
java.lang.RuntimeException: Execution failed
	at ptolemy.moml.MoMLSimpleApplication$UnloadThread.run(MoMLSimpleApplication.java:402)
Caused by: ptolemy.kernel.util.IllegalActionException: Found a zero delay loop containing .dependencyLoop.original
  in .dependencyLoop and .dependencyLoop.original
	at ptolemy.actor.util.CausalityInterfaceForComposites._computeOutputPortDepth(CausalityInterfaceForComposites.java:759)
	at ptolemy.actor.util.CausalityInterfaceForComposites._computeInputDepth(CausalityInterfaceForComposites.java:696)
	at ptolemy.actor.util.CausalityInterfaceForComposites._computeOutputPortDepth(CausalityInterfaceForComposites.java:765)
	at ptolemy.actor.util.CausalityInterfaceForComposites._computeInputDepth(CausalityInterfaceForComposites.java:696)
	at ptolemy.actor.util.CausalityInterfaceForComposites._computeOutputPortDepth(CausalityInterfaceForComposites.java:765)
	at ptolemy.actor.util.CausalityInterfaceForComposites._computeInputDepth(CausalityInterfaceForComposites.java:696)
	at ptolemy.actor.util.CausalityInterfaceForComposites._computeActorDepth(CausalityInterfaceForComposites.java:532)
	at ptolemy.actor.util.CausalityInterfaceForComposites.checkForCycles(CausalityInterfaceForComposites.java:96)
	at ptolemy.domains.de.kernel.DEDirector.preinitialize(DEDirector.java:1338)
	at ptolemy.actor.CompositeActor.preinitialize(CompositeActor.java:1828)
	at ptolemy.actor.Manager.preinitializeAndResolveTypes(Manager.java:1040)
	at ptolemy.actor.Manager.initialize(Manager.java:710)
	at ptolemy.actor.Manager.execute(Manager.java:356)
	at ptolemy.actor.Manager.run(Manager.java:1263)
	at ptolemy.actor.Manager$PtolemyRunThread.run(Manager.java:1915)
java.lang.reflect.InvocationTargetException
	at sun.reflect.NativeConstructorAccessorImpl.newInstance0(Native Method)
	at sun.reflect.NativeConstructorAccessorImpl.newInstance(NativeConstructorAccessorImpl.java:62)
	at sun.reflect.DelegatingConstructorAccessorImpl.newInstance(DelegatingConstructorAccessorImpl.java:45)
	at java.lang.reflect.Constructor.newInstance(Constructor.java:423)
	at ptolemy.util.test.junit.AutoKnownFailedTests.RunModel(AutoKnownFailedTests.java:107)
	at sun.reflect.NativeMethodAccessorImpl.invoke0(Native Method)
	at sun.reflect.NativeMethodAccessorImpl.invoke(NativeMethodAccessorImpl.java:62)
	at sun.reflect.DelegatingMethodAccessorImpl.invoke(DelegatingMethodAccessorImpl.java:43)
	at java.lang.reflect.Method.invoke(Method.java:498)
	at org.junit.runners.model.FrameworkMethod$1.runReflectiveCall(FrameworkMethod.java:44)
	at org.junit.internal.runners.model.ReflectiveCallable.run(ReflectiveCallable.java:15)
	at org.junit.runners.model.FrameworkMethod.invokeExplosively(FrameworkMethod.java:41)
	at junitparams.internal.InvokeParameterisedMethod.evaluate(InvokeParameterisedMethod.java:102)
	at org.junit.internal.runners.statements.FailOnTimeout$1.run(FailOnTimeout.java:28)
Caused by: ptolemy.kernel.util.IllegalActionException: Found a zero delay loop containing .dependencyLoop.original
  in .dependencyLoop and .dependencyLoop.original
	at ptolemy.actor.util.CausalityInterfaceForComposites._computeOutputPortDepth(CausalityInterfaceForComposites.java:759)
	at ptolemy.actor.util.CausalityInterfaceForComposites._computeInputDepth(CausalityInterfaceForComposites.java:696)
	at ptolemy.actor.util.CausalityInterfaceForComposites._computeOutputPortDepth(CausalityInterfaceForComposites.java:765)
	at ptolemy.actor.util.CausalityInterfaceForComposites._computeInputDepth(CausalityInterfaceForComposites.java:696)
	at ptolemy.actor.util.CausalityInterfaceForComposites._computeOutputPortDepth(CausalityInterfaceForComposites.java:765)
	at ptolemy.actor.util.CausalityInterfaceForComposites._computeInputDepth(CausalityInterfaceForComposites.java:696)
	at ptolemy.actor.util.CausalityInterfaceForComposites._computeActorDepth(CausalityInterfaceForComposites.java:532)
	at ptolemy.actor.util.CausalityInterfaceForComposites.checkForCycles(CausalityInterfaceForComposites.java:96)
	at ptolemy.domains.de.kernel.DEDirector.preinitialize(DEDirector.java:1338)
	at ptolemy.actor.CompositeActor.preinitialize(CompositeActor.java:1828)
	at ptolemy.actor.Manager.preinitializeAndResolveTypes(Manager.java:1040)
	at ptolemy.actor.Manager.initialize(Manager.java:710)
	at ptolemy.actor.Manager.execute(Manager.java:356)
	at ptolemy.actor.Manager.run(Manager.java:1263)
	at ptolemy.actor.Manager$PtolemyRunThread.run(Manager.java:1915)
java.lang.RuntimeException: Execution failed
	at ptolemy.moml.MoMLSimpleApplication$UnloadThread.run(MoMLSimpleApplication.java:402)
Caused by: ptolemy.kernel.util.IllegalActionException: Found a zero delay loop containing .dependencyLoop2.original
  in .dependencyLoop2 and .dependencyLoop2.original
	at ptolemy.actor.util.CausalityInterfaceForComposites._computeOutputPortDepth(CausalityInterfaceForComposites.java:759)
	at ptolemy.actor.util.CausalityInterfaceForComposites._computeInputDepth(CausalityInterfaceForComposites.java:696)
	at ptolemy.actor.util.CausalityInterfaceForComposites._computeOutputPortDepth(CausalityInterfaceForComposites.java:765)
	at ptolemy.actor.util.CausalityInterfaceForComposites._computeInputDepth(CausalityInterfaceForComposites.java:696)
	at ptolemy.actor.util.CausalityInterfaceForComposites._computeOutputPortDepth(CausalityInterfaceForComposites.java:765)
	at ptolemy.actor.util.CausalityInterfaceForComposites._computeInputDepth(CausalityInterfaceForComposites.java:696)
	at ptolemy.actor.util.CausalityInterfaceForComposites._computeActorDepth(CausalityInterfaceForComposites.java:532)
	at ptolemy.actor.util.CausalityInterfaceForComposites.checkForCycles(CausalityInterfaceForComposites.java:96)
	at ptolemy.domains.de.kernel.DEDirector.preinitialize(DEDirector.java:1338)
	at ptolemy.actor.CompositeActor.preinitialize(CompositeActor.java:1828)
	at ptolemy.actor.Manager.preinitializeAndResolveTypes(Manager.java:1040)
	at ptolemy.actor.Manager.initialize(Manager.java:710)
	at ptolemy.actor.Manager.execute(Manager.java:356)
	at ptolemy.actor.Manager.run(Manager.java:1263)
	at ptolemy.actor.Manager$PtolemyRunThread.run(Manager.java:1915)
java.lang.reflect.InvocationTargetException
	at sun.reflect.NativeConstructorAccessorImpl.newInstance0(Native Method)
	at sun.reflect.NativeConstructorAccessorImpl.newInstance(NativeConstructorAccessorImpl.java:62)
	at sun.reflect.DelegatingConstructorAccessorImpl.newInstance(DelegatingConstructorAccessorImpl.java:45)
	at java.lang.reflect.Constructor.newInstance(Constructor.java:423)
	at ptolemy.util.test.junit.AutoKnownFailedTests.RunModel(AutoKnownFailedTests.java:107)
	at sun.reflect.NativeMethodAccessorImpl.invoke0(Native Method)
	at sun.reflect.NativeMethodAccessorImpl.invoke(NativeMethodAccessorImpl.java:62)
	at sun.reflect.DelegatingMethodAccessorImpl.invoke(DelegatingMethodAccessorImpl.java:43)
	at java.lang.reflect.Method.invoke(Method.java:498)
	at org.junit.runners.model.FrameworkMethod$1.runReflectiveCall(FrameworkMethod.java:44)
	at org.junit.internal.runners.model.ReflectiveCallable.run(ReflectiveCallable.java:15)
	at org.junit.runners.model.FrameworkMethod.invokeExplosively(FrameworkMethod.java:41)
	at junitparams.internal.InvokeParameterisedMethod.evaluate(InvokeParameterisedMethod.java:102)
	at org.junit.internal.runners.statements.FailOnTimeout$1.run(FailOnTimeout.java:28)
Caused by: ptolemy.kernel.util.IllegalActionException: Found a zero delay loop containing .dependencyLoop2.original
  in .dependencyLoop2 and .dependencyLoop2.original
	at ptolemy.actor.util.CausalityInterfaceForComposites._computeOutputPortDepth(CausalityInterfaceForComposites.java:759)
	at ptolemy.actor.util.CausalityInterfaceForComposites._computeInputDepth(CausalityInterfaceForComposites.java:696)
	at ptolemy.actor.util.CausalityInterfaceForComposites._computeOutputPortDepth(CausalityInterfaceForComposites.java:765)
	at ptolemy.actor.util.CausalityInterfaceForComposites._computeInputDepth(CausalityInterfaceForComposites.java:696)
	at ptolemy.actor.util.CausalityInterfaceForComposites._computeOutputPortDepth(CausalityInterfaceForComposites.java:765)
	at ptolemy.actor.util.CausalityInterfaceForComposites._computeInputDepth(CausalityInterfaceForComposites.java:696)
	at ptolemy.actor.util.CausalityInterfaceForComposites._computeActorDepth(CausalityInterfaceForComposites.java:532)
	at ptolemy.actor.util.CausalityInterfaceForComposites.checkForCycles(CausalityInterfaceForComposites.java:96)
	at ptolemy.domains.de.kernel.DEDirector.preinitialize(DEDirector.java:1338)
	at ptolemy.actor.CompositeActor.preinitialize(CompositeActor.java:1828)
	at ptolemy.actor.Manager.preinitializeAndResolveTypes(Manager.java:1040)
	at ptolemy.actor.Manager.initialize(Manager.java:710)
	at ptolemy.actor.Manager.execute(Manager.java:356)
	at ptolemy.actor.Manager.run(Manager.java:1263)
	at ptolemy.actor.Manager$PtolemyRunThread.run(Manager.java:1915)
]]></system-err>
</testsuite>
