<?xml version="1.0" encoding="UTF-8" ?>
<testsuite errors="0" failures="1" hostname="travis-job-43181024-fc95-4379-a14f-e97d47019a1f" name="ptolemy.actor.lib.test.junit.JUnitTclTest" skipped="0" tests="517" time="64.8" timestamp="2019-11-25T06:26:24">
  <properties>
    <property name="npm.executable" value="npm" />
    <property name="env.TRAVIS_ROOT" value="/" />
    <property name="ptII.mk.exists" value="true" />
    <property name="env.TRAVIS_APP_HOST" value="build.travis-ci.org" />
    <property name="env.rvm_bin_path" value="/home/travis/.rvm/bin" />
    <property name="java.home" value="/usr/local/lib/jvm/openjdk11" />
    <property name="env.TRAVIS_JOB_NUMBER" value="1408.8" />
    <property name="env.TRAVIS_HOME" value="/home/travis" />
    <property name="env.DISPLAY" value=":99.0" />
    <property name="env.TRAVIS_INIT" value="systemd" />
    <property name="env.SSH_TTY" value="/dev/pts/0" />
    <property name="java.net.preferIPv4Stack" value="true" />
    <property name="env.RUN_TESTS" value="true" />
    <property name="timeout.short" value="1000000" />
    <property name="junit.formatter" value="xml" />
    <property name="env.TRAVIS_SUDO" value="true" />
    <property name="env.TRAVIS_JOB_NAME" value="" />
    <property name="env.TRAVIS_STACK_NODE_ATTRIBUTES" value="/.node-attributes.yml" />
    <property name="env.LOGNAME" value="travis" />
    <property name="env.PT_TRAVIS_TEST_CORE1_XML" value="true" />
    <property name="jsdoc.home" value="node_modules/@terraswarm/jsdoc" />
    <property name="debuglevel" value="source,lines,vars" />
    <property name="checkstyle.formatter" value="xml" />
    <property name="env._system_version" value="16.04" />
    <property name="bin.vergil.makeable" value="true" />
    <property name="sun.os.patch.level" value="unknown" />
    <property name="java.vendor.url" value="http://java.oracle.com/" />
    <property name="env.TRAVIS_BUILD_WEB_URL" value="https://travis-ci.org/icyphy/ptII/builds/616513937" />
    <property name="java.version" value="11.0.2" />
    <property name="env.TZ" value="UTC" />
    <property name="env.TRAVIS_PULL_REQUEST_SHA" value="" />
    <property name="env.PT_NO_NET" value="true" />
    <property name="env.TRAVIS_SECURE_ENV_VARS" value="true" />
    <property name="env._system_type" value="Linux" />
    <property name="java.vendor.url.bug" value="http://bugreport.java.com/bugreport/" />
    <property name="npmjs-org-is-up" value="true" />
    <property name="env.LANGUAGE" value="en_US.UTF-8" />
    <property name="env.SSH_CLIENT" value="10.24.6.11 37662 22" />
    <property name="env.GEM_HOME" value="/home/travis/.rvm/gems/ruby-2.5.3" />
    <property name="env.HAS_ANTARES_THREE_LITTLE_FRONZIES_BADGE" value="true" />
    <property name="java.version.date" value="2019-01-15" />
    <property name="env.PS4" value="+" />
    <property name="ant.project.invoked-targets" value="build,test.core1.xml" />
    <property name="env.TRAVIS_PULL_REQUEST_BRANCH" value="" />
    <property name="env.TRAVIS_REPO_SLUG" value="icyphy/ptII" />
    <property name="env.XDG_DATA_DIRS" value="/usr/local/share:/usr/share:/var/lib/snapd/desktop" />
    <property name="jdk.debug" value="release" />
    <property name="env.TRAVIS_APT_PROXY" value="http://apt.cache.travis-ci.com" />
    <property name="env.TRAVIS_CPU_ARCH" value="amd64" />
    <property name="node.in.path" value="true" />
    <property name="user.name" value="travis" />
    <property name="java.maxmemory" value="1400m" />
    <property name="env.RUBY_VERSION" value="ruby-2.5.3" />
    <property name="env.LANG" value="en_US.UTF-8" />
    <property name="sun.io.unicode.encoding" value="UnicodeLittle" />
    <property name="sun.jnu.encoding" value="UTF-8" />
    <property name="java.runtime.name" value="OpenJDK Runtime Environment" />
    <property name="usefile" value="false" />
    <property name="return.code" value="0" />
    <property name="junit.single.formatter" value="plain" />
    <property name="env.DYLD_LIBRARY_PATH" value="/home/travis/pthla/certi-tools/lib:" />
    <property name="env.DEBIAN_FRONTEND" value="noninteractive" />
    <property name="env.SSH_CONNECTION" value="10.24.6.11 37662 10.20.0.78 22" />
    <property name="env.MYSQL_UNIX_PORT" value="/var/run/mysqld/mysqld.sock" />
    <property name="env.LC_ALL" value="en_US.UTF-8" />
    <property name="env.TRAVIS_ALLOW_FAILURE" value="false" />
    <property name="env.TRAVIS_JOB_WEB_URL" value="https://travis-ci.org/icyphy/ptII/jobs/616513945" />
    <property name="java.specification.name" value="Java Platform API Specification" />
    <property name="node.works" value="true" />
    <property name="user.timezone" value="" />
    <property name="path.separator" value=":" />
    <property name="env.TRAVIS_ENABLE_INFRA_DETECTION" value="true" />
    <property name="env.PYTHON_CFLAGS" value="-g -fstack-protector --param=ssp-buffer-size=4 -Wformat -Werror=format-security" />
    <property name="timeout.long" value="4000000" />
    <property name="env.CERTI_HOME" value="/home/travis/pthla/certi-tools" />
    <property name="ant.file.ptII" value="/home/travis/build/icyphy/ptII/build.xml" />
    <property name="javadoc.packagenames" value="com.*,diva.*,lbnl.*,org.hlacerti.*,org.json.*,org.ptolemy.*,org.terraswarm.*,ptolemy.*,ptserver.*" />
    <property name="file.encoding" value="UTF-8" />
    <property name="env.TRAVIS_PULL_REQUEST_SLUG" value="" />
    <property name="ant.project.default-target" value="build" />
    <property name="env.GIT_ASKPASS" value="echo" />
    <property name="env.HOME" value="/home/travis" />
    <property name="sun.java.command" value="org.apache.tools.ant.taskdefs.optional.junit.JUnitTestRunner ptolemy.actor.lib.test.junit.JUnitTclTest skipNonTests=false filtertrace=true haltOnError=false haltOnFailure=false formatter=org.apache.tools.ant.taskdefs.optional.junit.OutErrSummaryJUnitResultFormatter showoutput=true outputtoformatters=true logfailedtests=true threadid=0 logtestlistenerevents=false formatter=org.apache.tools.ant.taskdefs.optional.junit.XMLJUnitResultFormatter,/home/travis/build/icyphy/ptII/reports/junit/TEST-ptolemy.actor.lib.test.junit.JUnitTclTest.xml crashfile=/home/travis/build/icyphy/ptII/junitvmwatcher11801153552206869190.properties propsfile=/home/travis/build/icyphy/ptII/junit5443790231037979192.properties" />
    <property name="env.COMPOSER_NO_INTERACTION" value="1" />
    <property name="env.MANPATH" value="/home/travis/.nvm/versions/node/v7.10.1/share/man:/home/travis/.rvm/rubies/ruby-2.5.3/share/man:/usr/local/cmake-3.12.4/man:/usr/local/clang-7.0.0/share/man:/usr/local/man:/usr/local/share/man:/usr/share/man:/home/travis/.rvm/man" />
    <property name="env.TRAVIS_TIMER_ID" value="04ca6ef8" />
    <property name="ant.file" value="/home/travis/build/icyphy/ptII/build.xml" />
    <property name="env.TRAVIS_COMMIT_RANGE" value="45a1af74cde64810f1a740ff9bd66386be4e642c...11deb69804adb5926cd4863c8231df6048994796" />
    <property name="env._system_name" value="Ubuntu" />
    <property name="ptII.classpath.optional.property" value="/home/travis/build/icyphy/ptII/lib/bsh-2.0b4.jar:/home/travis/build/icyphy/ptII/lib/ptCal.jar:/home/travis/build/icyphy/ptII/lib/java_cup.jar:/home/travis/build/icyphy/ptII/lib/saxon8.jar:/home/travis/build/icyphy/ptII/lib/saxon8-dom.jar:/home/travis/build/icyphy/ptII/lib/chic.jar:/home/travis/build/icyphy/ptII/lib/ptcolt.jar:/home/travis/build/icyphy/ptII/vendors/misc/itext/iText.jar:/home/travis/build/icyphy/ptII/lib/g4ltl.jar:/home/travis/build/icyphy/ptII/lib/StructuralCoder.jar:/home/travis/build/icyphy/ptII/lib/jcerti.jar:/home/travis/build/icyphy/ptII/lib/javax.mail.jar:/home/travis/build/icyphy/ptII/vendors/JMF-2.1.1e/lib/jmf.jar:/home/travis/build/icyphy/ptII/lib/jna-4.0.0-variadic.jar:/home/travis/build/icyphy/ptII/vendors/misc/joystick/Joystick.jar:/home/travis/build/icyphy/ptII/lib/ptjacl.jar:/home/travis/build/icyphy/ptII/lib/jsoup-1.8.2.jar:/home/travis/build/icyphy/ptII/lib/junit-4.8.2.jar:/home/travis/build/icyphy/ptII/lib/JUnitParams-0.4.0.jar:/home/travis/build/icyphy/ptII/ptolemy/actor/lib/excel/jxl.jar:/home/travis/build/icyphy/ptII/lib/jython.jar:/home/travis/build/icyphy/ptII/lib/kieler.jar:/home/travis/build/icyphy/ptII/vendors/opencv/share/OpenCV/java/opencv-341.jar:/home/travis/build/icyphy/ptII/lib/oscP5.jar:/home/travis/build/icyphy/ptII/lib/nrjavaserial-3.11.0.devel.jar:/home/travis/build/icyphy/ptII/vendors/j3d/lib/Linux/j3dcore.jar:/home/travis/build/icyphy/ptII/vendors/j3d/lib/Linux/j3dutils.jar:/home/travis/build/icyphy/ptII/vendors/j3d/lib/Linux/vecmath.jar:/home/travis/build/icyphy/ptII/vendors/jogl/lib/Linux/gluegen-rt-natives-linux-amd64.jar:/home/travis/build/icyphy/ptII/vendors/jogl/lib/Linux/gluegen-rt.jar:/home/travis/build/icyphy/ptII/vendors/jogl/lib/Linux/jogl-all-natives-linux-amd64.jar:/home/travis/build/icyphy/ptII/vendors/jogl/lib/Linux/jogl-all.jar:/home/travis/build/icyphy/ptII/ptolemy/distributed/jini/jar/jini-core.jar:/home/travis/build/icyphy/ptII/ptolemy/distributed/jini/jar/jini-ext.jar:/home/travis/build/icyphy/ptII/ptolemy/distributed/jini/jar/sun-util.jar:/home/travis/build/icyphy/ptII/lib/protobuf-java-2.4.1.jar:/home/travis/build/icyphy/ptII/lib/org.eclipse.paho.client.mqttv3.jar:/home/travis/build/icyphy/ptII/lib/mapss.jar:/home/travis/build/icyphy/ptII/ptolemy/actor/ptalon/antlr/antlr.jar:/home/travis/build/icyphy/ptII/lib/JRI.jar:/home/travis/build/icyphy/ptII/lib/commons-lang-2.6.jar:/home/travis/build/icyphy/ptII/lib/commons-logging-1.1.1.jar:/home/travis/build/icyphy/ptII/lib/sootclasses.jar:/home/travis/build/icyphy/ptII/ptolemy/actor/lib/database/mysql-connector-java-5.1.6-bin.jar:/home/travis/build/icyphy/ptII/vendors/misc/sphinx4/sphinx4-data-5prealpha.jar:/home/travis/build/icyphy/ptII/vendors/misc/sphinx4/sphinx4-core-5prealpha.jar:/home/travis/build/icyphy/ptII/lib/PDFRenderer.jar:/home/travis/build/icyphy/ptII/lib/svgSalamander.jar:/home/travis/build/icyphy/ptII/lib/rsyntaxtextarea-2.6.0-SNAPSHOT.jar:/home/travis/build/icyphy/ptII/lib/hazelcast-3.8.2.jar:/home/travis/build/icyphy/ptII/lib/jackson-annotations-2.9.0.jar:/home/travis/build/icyphy/ptII/lib/jackson-core-2.9.3.jar:/home/travis/build/icyphy/ptII/lib/jackson-databind-2.9.3.jar:/home/travis/build/icyphy/ptII/lib/netty-buffer-4.1.19.Final.jar:/home/travis/build/icyphy/ptII/lib/netty-codec-4.1.19.Final.jar:/home/travis/build/icyphy/ptII/lib/netty-codec-dns-4.1.19.Final.jar:/home/travis/build/icyphy/ptII/lib/netty-codec-http-4.1.19.Final.jar:/home/travis/build/icyphy/ptII/lib/netty-codec-http2-4.1.19.Final.jar:/home/travis/build/icyphy/ptII/lib/netty-common-4.1.19.Final.jar:/home/travis/build/icyphy/ptII/lib/netty-handler-4.1.19.Final.jar:/home/travis/build/icyphy/ptII/lib/netty-resolver-4.1.19.Final.jar:/home/travis/build/icyphy/ptII/lib/netty-resolver-dns-4.1.19.Final.jar:/home/travis/build/icyphy/ptII/lib/netty-transport-4.1.19.Final.jar:/home/travis/build/icyphy/ptII/lib/vertx-codegen-3.5.1.jar:/home/travis/build/icyphy/ptII/lib/vertx-core-3.5.2-SNAPSHOT.jar:/home/travis/build/icyphy/ptII/lib/vertx-hazelcast-3.5.1.jar:/home/travis/build/icyphy/ptII/lib/vertx-lang-js-3.5.1.jar:/home/travis/build/icyphy/ptII/lib/vertx-service-proxy-3.5.1.jar:/home/travis/build/icyphy/ptII/lib/vertx-web-3.5.1.jar:/home/travis/build/icyphy/ptII/lib/slf4j-api-1.7.13.jar:/home/travis/build/icyphy/ptII/lib/slf4j-simple-1.7.13.jar:/home/travis/build/icyphy/ptII/lib/webcam-capture-0.3.12.jar:/home/travis/build/icyphy/ptII/lib/bridj-0.7.0.jar:/home/travis/build/icyphy/ptII/lib/xbjlib-1.1.0.nrjavaserial.jar" />
    <property name="timeout" value="2400000" />
    <property name="test.batch" value="**/junit/*.java" />
    <property name="env._" value="/usr/bin/timeout" />
    <property name="java.io.tmpdir" value="/tmp" />
    <property name="user.language" value="en" />
    <property name="env.TRAVIS_INTERNAL_RUBY_REGEX" value="^ruby-(2\.[0-4]\.[0-9]|1\.9\.3)" />
    <property name="env.HISTCONTROL" value="ignoredups:ignorespace" />
    <property name="env.GOROOT" value="/home/travis/.gimme/versions/go1.11.1.linux.amd64" />
    <property name="line.separator" value="&#xa;" />
    <property name="target" value="11" />
    <property name="env.TRAVIS_BUILD_DIR" value="/home/travis/build/icyphy/ptII" />
    <property name="env.ANT_OPTS" value="-Xmx2048m" />
    <property name="ant.file.type" value="file" />
    <property name="ptolemy.ptII.batchMode" value="true" />
    <property name="env.HISTSIZE" value="1000" />
    <property name="env.MERB_ENV" value="test" />
    <property name="java.vm.info" value="mixed mode" />
    <property name="source" value="11" />
    <property name="java.vm.specification.name" value="Java Virtual Machine Specification" />
    <property name="env.TRAVIS_TEST_RESULT" value="0" />
    <property name="jsdoc.command" value="node_modules/@terraswarm/jsdoc/jsdoc.js" />
    <property name="npm.works" value="true" />
    <property name="cobertura.dir" value="/home/travis/build/icyphy/ptII/vendors/cobertura-2.0.3" />
    <property name="jsdoc.command.exists" value="true" />
    <property name="env.rvm_path" value="/home/travis/.rvm" />
    <property name="env.GEM_PATH" value="/home/travis/.rvm/gems/ruby-2.5.3:/home/travis/.rvm/gems/ruby-2.5.3@global" />
    <property name="env.LC_CTYPE" value="en_US.UTF-8" />
    <property name="env.TRAVIS_CMD" value="$PTII/bin/ptIITravisBuild.sh $SECONDS" />
    <property name="java.awt.printerjob" value="sun.print.PSPrinterJob" />
    <property name="env.TRAVIS_STACK_NAME" value="sardonyx" />
    <property name="env.TRAVIS_TIMER_START_TIME" value="1574662461815641610" />
    <property name="ant.version" value="Apache Ant(TM) version 1.10.1 compiled on February 2 2017" />
    <property name="ptII.reports" value="/home/travis/build/icyphy/ptII/reports" />
    <property name="env.TRAVIS_STACK_TIMESTAMP" value="2019-03-25 16:16:56 UTC" />
    <property name="ant.file.type.ptII" value="file" />
    <property name="env.RBENV_SHELL" value="bash" />
    <property name="os.name" value="Linux" />
    <property name="java.specification.vendor" value="Oracle Corporation" />
    <property name="env.rvm_version" value="1.29.7 (latest)" />
    <property name="env.TRAVIS_INFRA" value="gce" />
    <property name="env.TERM" value="xterm" />
    <property name="java.vm.name" value="OpenJDK 64-Bit Server VM" />
    <property name="env.TRAVIS_BUILD_NUMBER" value="1408" />
    <property name="env.CI" value="true" />
    <property name="java.library.path" value="/home/travis/pthla/certi-tools/lib:/usr/lib/jni:/usr/local/share/OpenCV/java/:/usr/share/OpenCV/java::/usr/java/packages/lib:/usr/lib64:/lib64:/lib:/usr/lib" />
    <property name="jdk.module.path" value="/home/travis/build/icyphy/ptII/vendors/javafx/javafx-sdk-11.0.2/lib:" />
    <property name="env.rvm_prefix" value="/home/travis" />
    <property name="env.PATH" value="/home/travis/pthla/certi-tools/share/scripts:/home/travis/.rvm/gems/ruby-2.5.3/bin:/home/travis/.rvm/gems/ruby-2.5.3@global/bin:/home/travis/.rvm/rubies/ruby-2.5.3/bin:/home/travis/.rvm/bin:/home/travis/.nvm/versions/node/v7.10.1/bin:./node_modules/.bin:/home/travis/build/icyphy/ptII/bin:/home/travis/pthla/certi-tools/bin:/home/travis/bin:/home/travis/.local/bin:/usr/local/lib/jvm/openjdk11/bin:/opt/pyenv/shims:/home/travis/.phpenv/shims:/home/travis/perl5/perlbrew/bin:/home/travis/gopath/bin:/home/travis/.gimme/versions/go1.11.1.linux.amd64/bin:/usr/local/maven-3.6.0/bin:/usr/local/cmake-3.12.4/bin:/usr/local/clang-7.0.0/bin:/usr/local/sbin:/usr/local/bin:/usr/sbin:/usr/bin:/sbin:/bin:/snap/bin:/home/travis/.phpenv/bin:/opt/pyenv/bin:/home/travis/.yarn/bin" />
    <property name="env.TRAVIS_OS_NAME" value="linux" />
    <property name="ant.java.version" value="9" />
    <property name="basedir" value="/home/travis/build/icyphy/ptII" />
    <property name="java.class.version" value="55.0" />
    <property name="env.SHLVL" value="3" />
    <property name="env.LD_LIBRARY_PATH" value="/home/travis/pthla/certi-tools/lib:/usr/lib/jni:/usr/local/share/OpenCV/java/:/usr/share/OpenCV/java:" />
    <property name="env.RACK_ENV" value="test" />
    <property name="ant.home" value="/home/travis/build/icyphy/ptII/ant" />
    <property name="env.NVM_DIR" value="/home/travis/.nvm" />
    <property name="env.CERTI_FOM_PATH" value="/home/travis/pthla/certi-tools/share/federations" />
    <property name="env.TRAVIS_BUILD_ID" value="616513937" />
    <property name="env.PYENV_ROOT" value="/opt/pyenv" />
    <property name="env.TRAVIS_UID" value="2000" />
    <property name="prism.verbose" value="true" />
    <property name="env.NVM_BIN" value="/home/travis/.nvm/versions/node/v7.10.1/bin" />
    <property name="env.TRAVIS_COMMIT" value="11deb69804adb5926cd4863c8231df6048994796" />
    <property name="env._system_arch" value="x86_64" />
    <property name="node.executable" value="node" />
    <property name="sun.boot.library.path" value="/usr/local/lib/jvm/openjdk11/lib" />
    <property name="sun.management.compiler" value="HotSpot 64-Bit Tiered Compilers" />
    <property name="java.awt.graphicsenv" value="sun.awt.X11GraphicsEnvironment" />
    <property name="env.GOPATH" value="/home/travis/gopath" />
    <property name="ptolemy.ptII.dir" value="/home/travis/build/icyphy/ptII" />
    <property name="env.USER" value="travis" />
    <property name="env.HISTFILESIZE" value="2000" />
    <property name="timeout.longest" value="19000000" />
    <property name="env.PERLBREW_SHELLRC_VERSION" value="0.86" />
    <property name="env.TRAVIS_STACK_FEATURES" value="basic couchdb disabled-ipv6 docker docker-compose elasticsearch firefox go-toolchain google-chrome jdk memcached mongodb mysql nodejs_interpreter perl_interpreter perlbrew phantomjs postgresql python_interpreter redis ruby_interpreter sqlite xserver" />
    <property name="env.TRAVIS_PULL_REQUEST" value="false" />
    <property name="env.PYENV_SHELL" value="bash" />
    <property name="ant.project.name" value="ptII" />
    <property name="env.ANSI_RESET" value="\033[0m" />
    <property name="java.vm.specification.version" value="11" />
    <property name="env.TRAVIS_DIST" value="xenial" />
    <property name="env.CERTI_VERSION" value="4.0.0" />
    <property name="env.CERTI_HOST" value="localhost" />
    <property name="awt.toolkit" value="sun.awt.X11.XToolkit" />
    <property name="env.MY_RUBY_HOME" value="/home/travis/.rvm/rubies/ruby-2.5.3" />
    <property name="sun.cpu.isalist" value="" />
    <property name="env.TRAVIS_TMPDIR" value="/tmp/tmp.HSWq8Cp6E9" />
    <property name="java.vm.compressedOopsMode" value="Zero based" />
    <property name="os.version" value="4.15.0-1028-gcp" />
    <property name="user.home" value="/home/travis" />
    <property name="java.vm.vendor" value="Oracle Corporation" />
    <property name="env.TRAVIS_TAG" value="nightly" />
    <property name="env.ANSI_YELLOW" value="\033[33;1m" />
    <property name="env.TRAVIS_FILTERED" value="redirect_io" />
    <property name="env.ANSI_GREEN" value="\033[32;1m" />
    <property name="env.JAVA_HOME" value="/usr/local/lib/jvm/openjdk11" />
    <property name="javadoc.excludepackagenames" value="adm.cvs2svn.*,build.*,config.*,doc.coding.templates.*,jni.test.jni.meaningOfLife.*,jni.test.jni.testDeux.*,jni.test.jni.testTrois.*,org.terraswarm.accessor.accessors.web.node_modules.*,org.terraswarm.accessor.accessors.web.hosts.cordova.demo.*,org.terraswarm.accessor.accessors.web.hosts.cordova.plugins.*,org.terraswarm.accessor.accessors-svn.*,pt-modules.*,ptolemy.apps.agilent.*,ptolemy.apps.anytimecontrol.*,ptolemy.apps.apes.*,ptolemy.apps.charon.*,ptolemy.apps.crazyboard.*,ptolemy.apps.eclipse.*,ptolemy.apps.etherealSting.*,ptolemy.apps.fullscreen.*,ptolemy.apps.giotto.*,ptolemy.apps.ia.*,ptolemy.apps.interfaces.*,ptolemy.apps.jmf.*,ptolemy.apps.kurt.*,ptolemy.apps.kvm.*,ptolemy.apps.lego.*,ptolemy.apps.lejos.*,ptolemy.apps.midp.*,ptolemy.apps.mobileCoding.*,ptolemy.apps.pendulum.*,ptolemy.apps.rijndael.*,ptolemy.apps.robot.*,ptolemy.apps.security.*,ptolemy.apps.sobel.*,ptolemy.apps.soot.*,ptolemy.apps.throttle.*,ptolemy.apps.tini.*,ptolemy.apps.transmission.*,ptolemy.apps.vergil.*,ptolemy.apps.waba.*,ptolemy.apps.websensor.*,ptolemy.apps.webstart.*,ptolemy.apps.xsl.*,ptolemy.apps.zaurus.*,ptolemy.codegen.c.actor.lib.oldJavaFiles.*,ptolemy.codegen.dsp.lib.*,ptolemy.codegen.kernel.newInterfaces.*,ptolemy.codegen.lib.*,ptolemy.copernicus.kernel.fragment.*,ptolemy.copernicus.shallow.cg.*,ptolemy.domains.giotto.demo.Hierarchy.Hierarchy.*,ptolemy.domains.giotto.demo.Multimode.Multimode.*,ptolemy.domains.giotto.demo.Simple.Simple.*,ptolemy.domains.gr.lib.experimental.*,ptolemy.domains.gro.*,ptolemy.domains.pdf.*,ptolemy.domains.ptinyos.demo.Surge.output.*,ptolemy.moml.test.NoPackageActor.java*,ptolemy.plot.adm.*,ptolemy.plot.servlet.*,reports.*,signed.*,src.*,target.*,vendors.*,ptolemy.copernicus.applet.*,ptolemy.media.viewer.*,ptolemy.actor.corba.*,doc.doclets.*,ptolemy.apps.eclipse.awt.*,ptolemy.backtrack.*,ptolemy.backtrack.ast.*,ptolemy.cg.adapter.generic.program.procedural.c.mbed*,ptolemy.homer.*,ptolemy.actor.lib.jai.*,org.ptolemy.scala.*,diva.util.java2d.svg.*,ptolemy.domains.ptinyos.*,ptolemy.actor.lib.fmi.fmipp.*,,org.terraswarm.accessor.accessors.web.node_modules.*,org.terraswarm.accessor.accessors-svn,ptolemy.apps.*,ptolemy.actor.ptalon.demo.ptinyos.SendAndReceiveCnt.output,ptolemy.actor.ptalon.demo.ptinyos.SenseToLeds.output,ptolemy.domains.ptinyos.demo.CntToLedsAndRfm.output,ptolemy.domains.ptinyos.demo.RfmToLeds.output,ptolemy.domains.ptinyos.demo.SendAndReceiveCnt.output,ptolemy.domains.ptinyos.demo.SenseToLeds.output,ptolemy.actor.lib.jjs.modules.udpSocket.*" />
    <property name="env.PTII" value="/home/travis/build/icyphy/ptII" />
    <property name="env.XDG_SESSION_ID" value="2" />
    <property name="keystore" value="ptKeystore" />
    <property name="env.TRAVIS_COMMIT_MESSAGE" value="Conform a model to new HlaManager design." />
    <property name="junit.output.dir" value="/home/travis/build/icyphy/ptII/reports/junit" />
    <property name="npm.return.code" value="0" />
    <property name="user.dir" value="/home/travis/build/icyphy/ptII/ptolemy/actor/lib/test" />
    <property name="env.TRAVIS_NODE_VERSION" value="7" />
    <property name="env.TRAVIS_EVENT_TYPE" value="cron" />
    <property name="env.MAIL" value="/var/mail/travis" />
    <property name="env.PERLBREW_ROOT" value="/home/travis/perl5/perlbrew" />
    <property name="env.PWD" value="/home/travis/build/icyphy/ptII" />
    <property name="timeout.npm" value="45000" />
    <property name="env.TRAVIS_ARCH" value="amd64" />
    <property name="sun.cpu.endian" value="little" />
    <property name="env.PAGER" value="cat" />
    <property name="env.TRAVIS_BUILD_STAGE_NAME" value="Test" />
    <property name="env.PERLBREW_HOME" value="/home/travis/.perlbrew" />
    <property name="java.vm.version" value="11.0.2+9" />
    <property name="env.RAILS_ENV" value="test" />
    <property name="java.class.path" value="/home/travis/.ptolemyII:/home/travis/.ptolemyII/*:/home/travis/build/icyphy/ptII:/home/travis/build/icyphy/ptII/lib/bsh-2.0b4.jar:/home/travis/build/icyphy/ptII/lib/ptCal.jar:/home/travis/build/icyphy/ptII/lib/java_cup.jar:/home/travis/build/icyphy/ptII/lib/saxon8.jar:/home/travis/build/icyphy/ptII/lib/saxon8-dom.jar:/home/travis/build/icyphy/ptII/lib/chic.jar:/home/travis/build/icyphy/ptII/lib/ptcolt.jar:/home/travis/build/icyphy/ptII/vendors/misc/itext/iText.jar:/home/travis/build/icyphy/ptII/lib/g4ltl.jar:/home/travis/build/icyphy/ptII/lib/StructuralCoder.jar:/home/travis/build/icyphy/ptII/lib/jcerti.jar:/home/travis/build/icyphy/ptII/lib/javax.mail.jar:/home/travis/build/icyphy/ptII/vendors/JMF-2.1.1e/lib/jmf.jar:/home/travis/build/icyphy/ptII/lib/jna-4.0.0-variadic.jar:/home/travis/build/icyphy/ptII/vendors/misc/joystick/Joystick.jar:/home/travis/build/icyphy/ptII/lib/ptjacl.jar:/home/travis/build/icyphy/ptII/lib/jsoup-1.8.2.jar:/home/travis/build/icyphy/ptII/lib/junit-4.8.2.jar:/home/travis/build/icyphy/ptII/lib/JUnitParams-0.4.0.jar:/home/travis/build/icyphy/ptII/ptolemy/actor/lib/excel/jxl.jar:/home/travis/build/icyphy/ptII/lib/jython.jar:/home/travis/build/icyphy/ptII/lib/kieler.jar:/home/travis/build/icyphy/ptII/vendors/opencv/share/OpenCV/java/opencv-341.jar:/home/travis/build/icyphy/ptII/lib/oscP5.jar:/home/travis/build/icyphy/ptII/lib/nrjavaserial-3.11.0.devel.jar:/home/travis/build/icyphy/ptII/vendors/j3d/lib/Linux/j3dcore.jar:/home/travis/build/icyphy/ptII/vendors/j3d/lib/Linux/j3dutils.jar:/home/travis/build/icyphy/ptII/vendors/j3d/lib/Linux/vecmath.jar:/home/travis/build/icyphy/ptII/vendors/jogl/lib/Linux/gluegen-rt-natives-linux-amd64.jar:/home/travis/build/icyphy/ptII/vendors/jogl/lib/Linux/gluegen-rt.jar:/home/travis/build/icyphy/ptII/vendors/jogl/lib/Linux/jogl-all-natives-linux-amd64.jar:/home/travis/build/icyphy/ptII/vendors/jogl/lib/Linux/jogl-all.jar:/home/travis/build/icyphy/ptII/ptolemy/distributed/jini/jar/jini-core.jar:/home/travis/build/icyphy/ptII/ptolemy/distributed/jini/jar/jini-ext.jar:/home/travis/build/icyphy/ptII/ptolemy/distributed/jini/jar/sun-util.jar:/home/travis/build/icyphy/ptII/lib/protobuf-java-2.4.1.jar:/home/travis/build/icyphy/ptII/lib/org.eclipse.paho.client.mqttv3.jar:/home/travis/build/icyphy/ptII/lib/mapss.jar:/home/travis/build/icyphy/ptII/ptolemy/actor/ptalon/antlr/antlr.jar:/home/travis/build/icyphy/ptII/lib/JRI.jar:/home/travis/build/icyphy/ptII/lib/commons-lang-2.6.jar:/home/travis/build/icyphy/ptII/lib/commons-logging-1.1.1.jar:/home/travis/build/icyphy/ptII/lib/sootclasses.jar:/home/travis/build/icyphy/ptII/ptolemy/actor/lib/database/mysql-connector-java-5.1.6-bin.jar:/home/travis/build/icyphy/ptII/vendors/misc/sphinx4/sphinx4-data-5prealpha.jar:/home/travis/build/icyphy/ptII/vendors/misc/sphinx4/sphinx4-core-5prealpha.jar:/home/travis/build/icyphy/ptII/lib/PDFRenderer.jar:/home/travis/build/icyphy/ptII/lib/svgSalamander.jar:/home/travis/build/icyphy/ptII/lib/rsyntaxtextarea-2.6.0-SNAPSHOT.jar:/home/travis/build/icyphy/ptII/lib/hazelcast-3.8.2.jar:/home/travis/build/icyphy/ptII/lib/jackson-annotations-2.9.0.jar:/home/travis/build/icyphy/ptII/lib/jackson-core-2.9.3.jar:/home/travis/build/icyphy/ptII/lib/jackson-databind-2.9.3.jar:/home/travis/build/icyphy/ptII/lib/netty-buffer-4.1.19.Final.jar:/home/travis/build/icyphy/ptII/lib/netty-codec-4.1.19.Final.jar:/home/travis/build/icyphy/ptII/lib/netty-codec-dns-4.1.19.Final.jar:/home/travis/build/icyphy/ptII/lib/netty-codec-http-4.1.19.Final.jar:/home/travis/build/icyphy/ptII/lib/netty-codec-http2-4.1.19.Final.jar:/home/travis/build/icyphy/ptII/lib/netty-common-4.1.19.Final.jar:/home/travis/build/icyphy/ptII/lib/netty-handler-4.1.19.Final.jar:/home/travis/build/icyphy/ptII/lib/netty-resolver-4.1.19.Final.jar:/home/travis/build/icyphy/ptII/lib/netty-resolver-dns-4.1.19.Final.jar:/home/travis/build/icyphy/ptII/lib/netty-transport-4.1.19.Final.jar:/home/travis/build/icyphy/ptII/lib/vertx-codegen-3.5.1.jar:/home/travis/build/icyphy/ptII/lib/vertx-core-3.5.2-SNAPSHOT.jar:/home/travis/build/icyphy/ptII/lib/vertx-hazelcast-3.5.1.jar:/home/travis/build/icyphy/ptII/lib/vertx-lang-js-3.5.1.jar:/home/travis/build/icyphy/ptII/lib/vertx-service-proxy-3.5.1.jar:/home/travis/build/icyphy/ptII/lib/vertx-web-3.5.1.jar:/home/travis/build/icyphy/ptII/lib/slf4j-api-1.7.13.jar:/home/travis/build/icyphy/ptII/lib/slf4j-simple-1.7.13.jar:/home/travis/build/icyphy/ptII/lib/webcam-capture-0.3.12.jar:/home/travis/build/icyphy/ptII/lib/bridj-0.7.0.jar:/home/travis/build/icyphy/ptII/lib/xbjlib-1.1.0.nrjavaserial.jar:/home/travis/build/icyphy/ptII/ptolemy/moml/test:/home/travis/build/icyphy/ptII/ant/lib/ant-launcher.jar:/home/travis/build/icyphy/ptII/ant/lib/ant.jar:/home/travis/build/icyphy/ptII/ant/lib/ant-junit.jar:/home/travis/build/icyphy/ptII/ant/lib/ant-junit4.jar" />
    <property name="ant.library.dir" value="/home/travis/build/icyphy/ptII/ant/lib" />
    <property name="os.arch" value="amd64" />
    <property name="env.CONTINUOUS_INTEGRATION" value="true" />
    <property name="env.TRAVIS_LANGUAGE" value="node_js" />
    <property name="env.TRAVIS_STACK_LANGUAGES" value="__sardonyx__ c c++ clojure cplusplus cpp default generic go groovy java node_js php pure_java python ruby scala" />
    <property name="test.name" value="ptolemy.actor.lib.test.junit.JUnitTclTest" />
    <property name="env.APT_KEY_DONT_WARN_ON_DANGEROUS_USAGE" value="1" />
    <property name="sun.java.launcher" value="SUN_STANDARD" />
    <property name="env.PYTHON_CONFIGURE_OPTS" value="--enable-unicode=ucs4 --with-wide-unicode --enable-shared --enable-ipv6 --enable-loadable-sqlite-extensions --with-computed-gotos" />
    <property name="ant.core.lib" value="/home/travis/build/icyphy/ptII/ant/lib/ant.jar" />
    <property name="java.vm.specification.vendor" value="Oracle Corporation" />
    <property name="env.BCVTB_HOME" value="/home/travis/build/icyphy/ptII/lbnl" />
    <property name="file.separator" value="/" />
    <property name="spotbugs.home" value="/home/travis/build/icyphy/ptII/vendors/spotbugs-3.1.1" />
    <property name="java.runtime.version" value="11.0.2+9" />
    <property name="env.ANSI_CLEAR" value="\033[0K" />
    <property name="javafx.verbose" value="true" />
    <property name="env.HAS_JOSH_K_SEAL_OF_APPROVAL" value="true" />
    <property name="env.XDG_RUNTIME_DIR" value="/run/user/2000" />
    <property name="env.TRAVIS_OSX_IMAGE" value="" />
    <property name="env.TRAVIS_JOB_ID" value="616513945" />
    <property name="env.TRAVIS_BRANCH" value="master" />
    <property name="user.country" value="US" />
    <property name="env.CERTI_HOME_TRAVIS" value="/home/travis/pthla/certi-tools" />
    <property name="env.SHELL" value="/bin/bash" />
    <property name="java.maxmemory.large" value="3200m" />
    <property name="model" value="" />
    <property name="env.CASHER_DIR" value="/home/travis/.casher" />
    <property name="env.NVM_CD_FLAGS" value="" />
    <property name="java.vendor.version" value="18.9" />
    <property name="jshint.executable" value="/home/travis/node_modules/jshint/bin/jshint" />
    <property name="env.JRUBY_OPTS" value=" --client -J-XX:+TieredCompilation -J-XX:TieredStopAtLevel=1 -J-Xss2m -Xcompile.invokedynamic=false" />
    <property name="java.vendor" value="Oracle Corporation" />
    <property name="env.TRAVIS_PRE_CHEF_BOOTSTRAP_TIME" value="2019-03-25T16:16:42" />
    <property name="env.TRAVIS_STACK_JOB_BOARD_REGISTER" value="/.job-board-register.yml" />
    <property name="env.ANSI_RED" value="\033[31;1m" />
    <property name="java.specification.version" value="11" />
    <property name="env.IRBRC" value="/home/travis/.rvm/rubies/ruby-2.5.3/.irbrc" />
    <property name="env.TRAVIS" value="true" />
    <property name="sun.arch.data.model" value="64" />
  </properties>
  <testcase classname="ptolemy.util.test.junit.TclTests" name="[0] /home/travis/build/icyphy/ptII/ptolemy/actor/lib/test/AbsoluteValue.tcl (RunTclFile)" time="0.534" />
  <testcase classname="ptolemy.util.test.junit.TclTests" name="[1] /home/travis/build/icyphy/ptII/ptolemy/actor/lib/test/AddSubtract.tcl (RunTclFile)" time="0.204" />
  <testcase classname="ptolemy.util.test.junit.TclTests" name="[2] /home/travis/build/icyphy/ptII/ptolemy/actor/lib/test/Average.tcl (RunTclFile)" time="0.056" />
  <testcase classname="ptolemy.util.test.junit.TclTests" name="[3] /home/travis/build/icyphy/ptII/ptolemy/actor/lib/test/Bernoulli.tcl (RunTclFile)" time="0.044" />
  <testcase classname="ptolemy.util.test.junit.TclTests" name="[4] /home/travis/build/icyphy/ptII/ptolemy/actor/lib/test/Clock.tcl (RunTclFile)" time="0.104" />
  <testcase classname="ptolemy.util.test.junit.TclTests" name="[5] /home/travis/build/icyphy/ptII/ptolemy/actor/lib/test/Commutator.tcl (RunTclFile)" time="0.196" />
  <testcase classname="ptolemy.util.test.junit.TclTests" name="[6] /home/travis/build/icyphy/ptII/ptolemy/actor/lib/test/Const.tcl (RunTclFile)" time="0.116" />
  <testcase classname="ptolemy.util.test.junit.TclTests" name="[7] /home/travis/build/icyphy/ptII/ptolemy/actor/lib/test/CurrentTime.tcl (RunTclFile)" time="0.041" />
  <testcase classname="ptolemy.util.test.junit.TclTests" name="[8] /home/travis/build/icyphy/ptII/ptolemy/actor/lib/test/DB.tcl (RunTclFile)" time="0.072" />
  <testcase classname="ptolemy.util.test.junit.TclTests" name="[9] /home/travis/build/icyphy/ptII/ptolemy/actor/lib/test/DiscreteRandomSource.tcl (RunTclFile)" time="0.071" />
  <testcase classname="ptolemy.util.test.junit.TclTests" name="[10] /home/travis/build/icyphy/ptII/ptolemy/actor/lib/test/Distributor.tcl (RunTclFile)" time="0.078" />
  <testcase classname="ptolemy.util.test.junit.TclTests" name="[11] /home/travis/build/icyphy/ptII/ptolemy/actor/lib/test/Exit.tcl (RunTclFile)" time="0.089" />
  <testcase classname="ptolemy.util.test.junit.TclTests" name="[12] /home/travis/build/icyphy/ptII/ptolemy/actor/lib/test/Expression.tcl (RunTclFile)" time="0.08" />
  <testcase classname="ptolemy.util.test.junit.TclTests" name="[13] /home/travis/build/icyphy/ptII/ptolemy/actor/lib/test/Gaussian.tcl (RunTclFile)" time="0.469" />
  <testcase classname="ptolemy.util.test.junit.TclTests" name="[14] /home/travis/build/icyphy/ptII/ptolemy/actor/lib/test/IIR.tcl (RunTclFile)" time="0.048" />
  <testcase classname="ptolemy.util.test.junit.TclTests" name="[15] /home/travis/build/icyphy/ptII/ptolemy/actor/lib/test/Interpolator.tcl (RunTclFile)" time="0.087" />
  <testcase classname="ptolemy.util.test.junit.TclTests" name="[16] /home/travis/build/icyphy/ptII/ptolemy/actor/lib/test/MathFunction.tcl (RunTclFile)" time="0.048" />
  <testcase classname="ptolemy.util.test.junit.TclTests" name="[17] /home/travis/build/icyphy/ptII/ptolemy/actor/lib/test/Maximum.tcl (RunTclFile)" time="0.048" />
  <testcase classname="ptolemy.util.test.junit.TclTests" name="[18] /home/travis/build/icyphy/ptII/ptolemy/actor/lib/test/Minimum.tcl (RunTclFile)" time="0.035" />
  <testcase classname="ptolemy.util.test.junit.TclTests" name="[19] /home/travis/build/icyphy/ptII/ptolemy/actor/lib/test/MultiplyDivide.tcl (RunTclFile)" time="0.04" />
  <testcase classname="ptolemy.util.test.junit.TclTests" name="[20] /home/travis/build/icyphy/ptII/ptolemy/actor/lib/test/OrderedMerge.tcl (RunTclFile)" time="0.13" />
  <testcase classname="ptolemy.util.test.junit.TclTests" name="[21] /home/travis/build/icyphy/ptII/ptolemy/actor/lib/test/Publisher.tcl (RunTclFile)" time="0.948" />
  <testcase classname="ptolemy.util.test.junit.TclTests" name="[22] /home/travis/build/icyphy/ptII/ptolemy/actor/lib/test/Pulse.tcl (RunTclFile)" time="0.095" />
  <testcase classname="ptolemy.util.test.junit.TclTests" name="[23] /home/travis/build/icyphy/ptII/ptolemy/actor/lib/test/Ramp.tcl (RunTclFile)" time="2.423" />
  <testcase classname="ptolemy.util.test.junit.TclTests" name="[24] /home/travis/build/icyphy/ptII/ptolemy/actor/lib/test/RampContinuous.tcl (RunTclFile)" time="0.023" />
  <testcase classname="ptolemy.util.test.junit.TclTests" name="[25] /home/travis/build/icyphy/ptII/ptolemy/actor/lib/test/RecordAssembler.tcl (RunTclFile)" time="0.021" />
  <testcase classname="ptolemy.util.test.junit.TclTests" name="[26] /home/travis/build/icyphy/ptII/ptolemy/actor/lib/test/RecordDisassembler.tcl (RunTclFile)" time="0.041" />
  <testcase classname="ptolemy.util.test.junit.TclTests" name="[27] /home/travis/build/icyphy/ptII/ptolemy/actor/lib/test/Scale.tcl (RunTclFile)" time="0.033" />
  <testcase classname="ptolemy.util.test.junit.TclTests" name="[28] /home/travis/build/icyphy/ptII/ptolemy/actor/lib/test/SequentialClock.tcl (RunTclFile)" time="0.022" />
  <testcase classname="ptolemy.util.test.junit.TclTests" name="[29] /home/travis/build/icyphy/ptII/ptolemy/actor/lib/test/SetVariable.tcl (RunTclFile)" time="0.029">
    <failure message="Number of failed tests is has increased. expected:&lt;0&gt; but was:&lt;1&gt;" type="junit.framework.AssertionFailedError">junit.framework.AssertionFailedError: Number of failed tests is has increased. expected:&lt;0&gt; but was:&lt;1&gt;
	at ptolemy.util.test.junit.TclTests.RunTclFile(TclTests.java:286)
	at jdk.internal.reflect.GeneratedMethodAccessor19.invoke(Unknown Source)
	at java.base/jdk.internal.reflect.DelegatingMethodAccessorImpl.invoke(DelegatingMethodAccessorImpl.java:43)
	at junitparams.internal.InvokeParameterisedMethod.evaluate(InvokeParameterisedMethod.java:102)
	at junitparams.internal.ParameterisedTestMethodRunner.runMethodInvoker(ParameterisedTestMethodRunner.java:47)
	at junitparams.internal.ParameterisedTestMethodRunner.runTestMethod(ParameterisedTestMethodRunner.java:41)
	at junitparams.internal.ParameterisedTestClassRunner.runParameterisedTest(ParameterisedTestClassRunner.java:143)
	at junitparams.JUnitParamsRunner.runChild(JUnitParamsRunner.java:237)
	at junitparams.JUnitParamsRunner.runChild(JUnitParamsRunner.java:215)
</failure>
  </testcase>
  <testcase classname="ptolemy.util.test.junit.TclTests" name="[30] /home/travis/build/icyphy/ptII/ptolemy/actor/lib/test/Sinewave.tcl (RunTclFile)" time="0.029" />
  <testcase classname="ptolemy.util.test.junit.TclTests" name="[31] /home/travis/build/icyphy/ptII/ptolemy/actor/lib/test/SubscriptionAggregator.tcl (RunTclFile)" time="2.382" />
  <testcase classname="ptolemy.util.test.junit.TclTests" name="[32] /home/travis/build/icyphy/ptII/ptolemy/actor/lib/test/Test.tcl (RunTclFile)" time="0.097" />
  <testcase classname="ptolemy.util.test.junit.TclTests" name="[33] /home/travis/build/icyphy/ptII/ptolemy/actor/lib/test/TestExceptionHandler.tcl (RunTclFile)" time="0.012" />
  <testcase classname="ptolemy.util.test.junit.TclTests" name="[34] /home/travis/build/icyphy/ptII/ptolemy/actor/lib/test/UnionDisassembler.tcl (RunTclFile)" time="0.063" />
  <testcase classname="ptolemy.util.test.junit.TclTests" name="[35] /home/travis/build/icyphy/ptII/ptolemy/actor/lib/test/VariableClock.tcl (RunTclFile)" time="0.038" />
  <testcase classname="ptolemy.util.test.junit.AutoKnownFailedTests" name="[0] /home/travis/build/icyphy/ptII/ptolemy/actor/lib/test/auto/knownFailedTests/PublisherPortToplevelSubscriber.xml (RunModel)" time="0.042" />
  <testcase classname="ptolemy.util.test.junit.AutoKnownFailedTests" name="[1] /home/travis/build/icyphy/ptII/ptolemy/actor/lib/test/auto/knownFailedTests/PublisherSubscriberPortToplevel.xml (RunModel)" time="0.025" />
  <testcase classname="ptolemy.util.test.junit.AutoKnownFailedTests" name="[2] /home/travis/build/icyphy/ptII/ptolemy/actor/lib/test/auto/knownFailedTests/PublisherSubscriptionAggregatorPort.xml (RunModel)" time="0.023" />
  <testcase classname="ptolemy.util.test.junit.AutoKnownFailedTests" name="[3] /home/travis/build/icyphy/ptII/ptolemy/actor/lib/test/auto/knownFailedTests/sizedarray3.xml (RunModel)" time="0.025" />
  <testcase classname="ptolemy.util.test.junit.AutoNameArchTests" name="[0] ThereAreNoAutoArchTests (RunModel)" time="0.002" />
  <testcase classname="ptolemy.util.test.junit.AutoTests" name="[0] /home/travis/build/icyphy/ptII/ptolemy/actor/lib/test/auto/AbsoluteValue.xml (RunModel)" time="0.138" />
  <testcase classname="ptolemy.util.test.junit.AutoTests" name="[1] /home/travis/build/icyphy/ptII/ptolemy/actor/lib/test/auto/AbsoluteValue2.xml (RunModel)" time="0.045" />
  <testcase classname="ptolemy.util.test.junit.AutoTests" name="[2] /home/travis/build/icyphy/ptII/ptolemy/actor/lib/test/auto/Accumulator.xml (RunModel)" time="0.034" />
  <testcase classname="ptolemy.util.test.junit.AutoTests" name="[3] /home/travis/build/icyphy/ptII/ptolemy/actor/lib/test/auto/Accumulator2.xml (RunModel)" time="0.047" />
  <testcase classname="ptolemy.util.test.junit.AutoTests" name="[4] /home/travis/build/icyphy/ptII/ptolemy/actor/lib/test/auto/Accumulator3.xml (RunModel)" time="0.042" />
  <testcase classname="ptolemy.util.test.junit.AutoTests" name="[5] /home/travis/build/icyphy/ptII/ptolemy/actor/lib/test/auto/ArrayAppend.xml (RunModel)" time="0.08" />
  <testcase classname="ptolemy.util.test.junit.AutoTests" name="[6] /home/travis/build/icyphy/ptII/ptolemy/actor/lib/test/auto/ArrayAppend2.xml (RunModel)" time="0.467" />
  <testcase classname="ptolemy.util.test.junit.AutoTests" name="[7] /home/travis/build/icyphy/ptII/ptolemy/actor/lib/test/auto/ArrayAppend3.xml (RunModel)" time="0.05" />
  <testcase classname="ptolemy.util.test.junit.AutoTests" name="[8] /home/travis/build/icyphy/ptII/ptolemy/actor/lib/test/auto/ArrayAppend4.xml (RunModel)" time="0.084" />
  <testcase classname="ptolemy.util.test.junit.AutoTests" name="[9] /home/travis/build/icyphy/ptII/ptolemy/actor/lib/test/auto/ArrayAppend5.xml (RunModel)" time="0.021" />
  <testcase classname="ptolemy.util.test.junit.AutoTests" name="[10] /home/travis/build/icyphy/ptII/ptolemy/actor/lib/test/auto/ArrayAppend6.xml (RunModel)" time="0.023" />
  <testcase classname="ptolemy.util.test.junit.AutoTests" name="[11] /home/travis/build/icyphy/ptII/ptolemy/actor/lib/test/auto/ArrayAppendPerformanceTest.xml (RunModel)" time="0.059" />
  <testcase classname="ptolemy.util.test.junit.AutoTests" name="[12] /home/travis/build/icyphy/ptII/ptolemy/actor/lib/test/auto/ArrayAppendWithEmptyInput.xml (RunModel)" time="0.054" />
  <testcase classname="ptolemy.util.test.junit.AutoTests" name="[13] /home/travis/build/icyphy/ptII/ptolemy/actor/lib/test/auto/ArrayAverage.xml (RunModel)" time="0.068" />
  <testcase classname="ptolemy.util.test.junit.AutoTests" name="[14] /home/travis/build/icyphy/ptII/ptolemy/actor/lib/test/auto/ArrayContains.xml (RunModel)" time="0.031" />
  <testcase classname="ptolemy.util.test.junit.AutoTests" name="[15] /home/travis/build/icyphy/ptII/ptolemy/actor/lib/test/auto/ArrayElement.xml (RunModel)" time="0.037" />
  <testcase classname="ptolemy.util.test.junit.AutoTests" name="[16] /home/travis/build/icyphy/ptII/ptolemy/actor/lib/test/auto/ArrayElementAsMatrix.xml (RunModel)" time="0.071" />
  <testcase classname="ptolemy.util.test.junit.AutoTests" name="[17] /home/travis/build/icyphy/ptII/ptolemy/actor/lib/test/auto/ArrayElementI.xml (RunModel)" time="0.033" />
  <testcase classname="ptolemy.util.test.junit.AutoTests" name="[18] /home/travis/build/icyphy/ptII/ptolemy/actor/lib/test/auto/ArrayExtract.xml (RunModel)" time="0.028" />
  <testcase classname="ptolemy.util.test.junit.AutoTests" name="[19] /home/travis/build/icyphy/ptII/ptolemy/actor/lib/test/auto/ArrayExtract2.xml (RunModel)" time="0.017" />
  <testcase classname="ptolemy.util.test.junit.AutoTests" name="[20] /home/travis/build/icyphy/ptII/ptolemy/actor/lib/test/auto/ArrayLength.xml (RunModel)" time="0.017" />
  <testcase classname="ptolemy.util.test.junit.AutoTests" name="[21] /home/travis/build/icyphy/ptII/ptolemy/actor/lib/test/auto/ArrayLevelCrossing.xml (RunModel)" time="0.031" />
  <testcase classname="ptolemy.util.test.junit.AutoTests" name="[22] /home/travis/build/icyphy/ptII/ptolemy/actor/lib/test/auto/ArrayLevelCrossing2.xml (RunModel)" time="0.024" />
  <testcase classname="ptolemy.util.test.junit.AutoTests" name="[23] /home/travis/build/icyphy/ptII/ptolemy/actor/lib/test/auto/ArrayPeakSearch.xml (RunModel)" time="0.027" />
  <testcase classname="ptolemy.util.test.junit.AutoTests" name="[24] /home/travis/build/icyphy/ptII/ptolemy/actor/lib/test/auto/ArrayPeakSearch2.xml (RunModel)" time="0.033" />
  <testcase classname="ptolemy.util.test.junit.AutoTests" name="[25] /home/travis/build/icyphy/ptII/ptolemy/actor/lib/test/auto/ArrayPeakSearch3.xml (RunModel)" time="0.028" />
  <testcase classname="ptolemy.util.test.junit.AutoTests" name="[26] /home/travis/build/icyphy/ptII/ptolemy/actor/lib/test/auto/ArrayRemoveElement.xml (RunModel)" time="0.023" />
  <testcase classname="ptolemy.util.test.junit.AutoTests" name="[27] /home/travis/build/icyphy/ptII/ptolemy/actor/lib/test/auto/ArraySort.xml (RunModel)" time="0.028" />
  <testcase classname="ptolemy.util.test.junit.AutoTests" name="[28] /home/travis/build/icyphy/ptII/ptolemy/actor/lib/test/auto/ArraySum.xml (RunModel)" time="0.018" />
  <testcase classname="ptolemy.util.test.junit.AutoTests" name="[29] /home/travis/build/icyphy/ptII/ptolemy/actor/lib/test/auto/ArrayToElements.xml (RunModel)" time="0.026" />
  <testcase classname="ptolemy.util.test.junit.AutoTests" name="[30] /home/travis/build/icyphy/ptII/ptolemy/actor/lib/test/auto/ArrayToMatrix.xml (RunModel)" time="0.053" />
  <testcase classname="ptolemy.util.test.junit.AutoTests" name="[31] /home/travis/build/icyphy/ptII/ptolemy/actor/lib/test/auto/ArrayUpdate1.xml (RunModel)" time="0.02" />
  <testcase classname="ptolemy.util.test.junit.AutoTests" name="[32] /home/travis/build/icyphy/ptII/ptolemy/actor/lib/test/auto/ArrayUpdate2.xml (RunModel)" time="0.022" />
  <testcase classname="ptolemy.util.test.junit.AutoTests" name="[33] /home/travis/build/icyphy/ptII/ptolemy/actor/lib/test/auto/ArrayUpdate3.xml (RunModel)" time="0.017" />
  <testcase classname="ptolemy.util.test.junit.AutoTests" name="[34] /home/travis/build/icyphy/ptII/ptolemy/actor/lib/test/auto/Assert1.xml (RunModel)" time="0.027" />
  <testcase classname="ptolemy.util.test.junit.AutoTests" name="[35] /home/travis/build/icyphy/ptII/ptolemy/actor/lib/test/auto/Assert2.xml (RunModel)" time="0.016" />
  <testcase classname="ptolemy.util.test.junit.AutoTests" name="[36] /home/travis/build/icyphy/ptII/ptolemy/actor/lib/test/auto/BooleanMultiplexor.xml (RunModel)" time="0.021" />
  <testcase classname="ptolemy.util.test.junit.AutoTests" name="[37] /home/travis/build/icyphy/ptII/ptolemy/actor/lib/test/auto/BooleanMultiplexor2.xml (RunModel)" time="0.034" />
  <testcase classname="ptolemy.util.test.junit.AutoTests" name="[38] /home/travis/build/icyphy/ptII/ptolemy/actor/lib/test/auto/BooleanMultiplexor3.xml (RunModel)" time="0.021" />
  <testcase classname="ptolemy.util.test.junit.AutoTests" name="[39] /home/travis/build/icyphy/ptII/ptolemy/actor/lib/test/auto/BooleanSelect.xml (RunModel)" time="0.029" />
  <testcase classname="ptolemy.util.test.junit.AutoTests" name="[40] /home/travis/build/icyphy/ptII/ptolemy/actor/lib/test/auto/BooleanSelect2.xml (RunModel)" time="0.02" />
  <testcase classname="ptolemy.util.test.junit.AutoTests" name="[41] /home/travis/build/icyphy/ptII/ptolemy/actor/lib/test/auto/BooleanSwitch.xml (RunModel)" time="0.03" />
  <testcase classname="ptolemy.util.test.junit.AutoTests" name="[42] /home/travis/build/icyphy/ptII/ptolemy/actor/lib/test/auto/BooleanSwitch2.xml (RunModel)" time="0.03" />
  <testcase classname="ptolemy.util.test.junit.AutoTests" name="[43] /home/travis/build/icyphy/ptII/ptolemy/actor/lib/test/auto/BooleanSwitchCloningBugWithClassRelationGroup.xml (RunModel)" time="0.038" />
  <testcase classname="ptolemy.util.test.junit.AutoTests" name="[44] /home/travis/build/icyphy/ptII/ptolemy/actor/lib/test/auto/BusActors.xml (RunModel)" time="0.049" />
  <testcase classname="ptolemy.util.test.junit.AutoTests" name="[45] /home/travis/build/icyphy/ptII/ptolemy/actor/lib/test/auto/ClassWrapper.xml (RunModel)" time="0.018" />
  <testcase classname="ptolemy.util.test.junit.AutoTests" name="[46] /home/travis/build/icyphy/ptII/ptolemy/actor/lib/test/auto/Clock.xml (RunModel)" time="0.012" />
  <testcase classname="ptolemy.util.test.junit.AutoTests" name="[47] /home/travis/build/icyphy/ptII/ptolemy/actor/lib/test/auto/Clock10.xml (RunModel)" time="0.027" />
  <testcase classname="ptolemy.util.test.junit.AutoTests" name="[48] /home/travis/build/icyphy/ptII/ptolemy/actor/lib/test/auto/Clock11.xml (RunModel)" time="0.026" />
  <testcase classname="ptolemy.util.test.junit.AutoTests" name="[49] /home/travis/build/icyphy/ptII/ptolemy/actor/lib/test/auto/Clock12.xml (RunModel)" time="0.024" />
  <testcase classname="ptolemy.util.test.junit.AutoTests" name="[50] /home/travis/build/icyphy/ptII/ptolemy/actor/lib/test/auto/Clock13.xml (RunModel)" time="0.019" />
  <testcase classname="ptolemy.util.test.junit.AutoTests" name="[51] /home/travis/build/icyphy/ptII/ptolemy/actor/lib/test/auto/Clock14.xml (RunModel)" time="0.027" />
  <testcase classname="ptolemy.util.test.junit.AutoTests" name="[52] /home/travis/build/icyphy/ptII/ptolemy/actor/lib/test/auto/Clock15.xml (RunModel)" time="0.017" />
  <testcase classname="ptolemy.util.test.junit.AutoTests" name="[53] /home/travis/build/icyphy/ptII/ptolemy/actor/lib/test/auto/Clock16.xml (RunModel)" time="0.104" />
  <testcase classname="ptolemy.util.test.junit.AutoTests" name="[54] /home/travis/build/icyphy/ptII/ptolemy/actor/lib/test/auto/Clock17.xml (RunModel)" time="0.076" />
  <testcase classname="ptolemy.util.test.junit.AutoTests" name="[55] /home/travis/build/icyphy/ptII/ptolemy/actor/lib/test/auto/Clock18.xml (RunModel)" time="0.056" />
  <testcase classname="ptolemy.util.test.junit.AutoTests" name="[56] /home/travis/build/icyphy/ptII/ptolemy/actor/lib/test/auto/Clock19.xml (RunModel)" time="0.047" />
  <testcase classname="ptolemy.util.test.junit.AutoTests" name="[57] /home/travis/build/icyphy/ptII/ptolemy/actor/lib/test/auto/Clock2.xml (RunModel)" time="0.017" />
  <testcase classname="ptolemy.util.test.junit.AutoTests" name="[58] /home/travis/build/icyphy/ptII/ptolemy/actor/lib/test/auto/Clock20.xml (RunModel)" time="0.026" />
  <testcase classname="ptolemy.util.test.junit.AutoTests" name="[59] /home/travis/build/icyphy/ptII/ptolemy/actor/lib/test/auto/Clock21.xml (RunModel)" time="0.019" />
  <testcase classname="ptolemy.util.test.junit.AutoTests" name="[60] /home/travis/build/icyphy/ptII/ptolemy/actor/lib/test/auto/Clock22.xml (RunModel)" time="0.012" />
  <testcase classname="ptolemy.util.test.junit.AutoTests" name="[61] /home/travis/build/icyphy/ptII/ptolemy/actor/lib/test/auto/Clock23.xml (RunModel)" time="0.017" />
  <testcase classname="ptolemy.util.test.junit.AutoTests" name="[62] /home/travis/build/icyphy/ptII/ptolemy/actor/lib/test/auto/Clock24.xml (RunModel)" time="0.014" />
  <testcase classname="ptolemy.util.test.junit.AutoTests" name="[63] /home/travis/build/icyphy/ptII/ptolemy/actor/lib/test/auto/Clock4.xml (RunModel)" time="0.013" />
  <testcase classname="ptolemy.util.test.junit.AutoTests" name="[64] /home/travis/build/icyphy/ptII/ptolemy/actor/lib/test/auto/Clock5.xml (RunModel)" time="0.015" />
  <testcase classname="ptolemy.util.test.junit.AutoTests" name="[65] /home/travis/build/icyphy/ptII/ptolemy/actor/lib/test/auto/Clock6.xml (RunModel)" time="0.028" />
  <testcase classname="ptolemy.util.test.junit.AutoTests" name="[66] /home/travis/build/icyphy/ptII/ptolemy/actor/lib/test/auto/Clock7.xml (RunModel)" time="0.009" />
  <testcase classname="ptolemy.util.test.junit.AutoTests" name="[67] /home/travis/build/icyphy/ptII/ptolemy/actor/lib/test/auto/Clock8.xml (RunModel)" time="0.017" />
  <testcase classname="ptolemy.util.test.junit.AutoTests" name="[68] /home/travis/build/icyphy/ptII/ptolemy/actor/lib/test/auto/Clock9.xml (RunModel)" time="0.014" />
  <testcase classname="ptolemy.util.test.junit.AutoTests" name="[69] /home/travis/build/icyphy/ptII/ptolemy/actor/lib/test/auto/CommDistDiscard.xml (RunModel)" time="0.027" />
  <testcase classname="ptolemy.util.test.junit.AutoTests" name="[70] /home/travis/build/icyphy/ptII/ptolemy/actor/lib/test/auto/Commutator.xml (RunModel)" time="0.014" />
  <testcase classname="ptolemy.util.test.junit.AutoTests" name="[71] /home/travis/build/icyphy/ptII/ptolemy/actor/lib/test/auto/Commutator2.xml (RunModel)" time="0.01" />
  <testcase classname="ptolemy.util.test.junit.AutoTests" name="[72] /home/travis/build/icyphy/ptII/ptolemy/actor/lib/test/auto/Commutator3.xml (RunModel)" time="0.013" />
  <testcase classname="ptolemy.util.test.junit.AutoTests" name="[73] /home/travis/build/icyphy/ptII/ptolemy/actor/lib/test/auto/Compare.xml (RunModel)" time="0.02" />
  <testcase classname="ptolemy.util.test.junit.AutoTests" name="[74] /home/travis/build/icyphy/ptII/ptolemy/actor/lib/test/auto/CompareDE.xml (RunModel)" time="0.021" />
  <testcase classname="ptolemy.util.test.junit.AutoTests" name="[75] /home/travis/build/icyphy/ptII/ptolemy/actor/lib/test/auto/ComplexDivide.xml (RunModel)" time="0.011" />
  <testcase classname="ptolemy.util.test.junit.AutoTests" name="[76] /home/travis/build/icyphy/ptII/ptolemy/actor/lib/test/auto/ComputeHistogram.xml (RunModel)" time="0.076" />
  <testcase classname="ptolemy.util.test.junit.AutoTests" name="[77] /home/travis/build/icyphy/ptII/ptolemy/actor/lib/test/auto/ConfigurationSelect.xml (RunModel)" time="0.022" />
  <testcase classname="ptolemy.util.test.junit.AutoTests" name="[78] /home/travis/build/icyphy/ptII/ptolemy/actor/lib/test/auto/ConfigurationSelect2.xml (RunModel)" time="0.017" />
  <testcase classname="ptolemy.util.test.junit.AutoTests" name="[79] /home/travis/build/icyphy/ptII/ptolemy/actor/lib/test/auto/ConfigurationSwitch.xml (RunModel)" time="0.021" />
  <testcase classname="ptolemy.util.test.junit.AutoTests" name="[80] /home/travis/build/icyphy/ptII/ptolemy/actor/lib/test/auto/ConfigurationSwitch2.xml (RunModel)" time="0.035" />
  <testcase classname="ptolemy.util.test.junit.AutoTests" name="[81] /home/travis/build/icyphy/ptII/ptolemy/actor/lib/test/auto/ConfigurationSwitchCloningBugWithClassRelationGroup.xml (RunModel)" time="0.02" />
  <testcase classname="ptolemy.util.test.junit.AutoTests" name="[82] /home/travis/build/icyphy/ptII/ptolemy/actor/lib/test/auto/ConfigurationSwitchSelectSDF.xml (RunModel)" time="0.017" />
  <testcase classname="ptolemy.util.test.junit.AutoTests" name="[83] /home/travis/build/icyphy/ptII/ptolemy/actor/lib/test/auto/ConfigurationSwitchSelectSDF2.xml (RunModel)" time="0.016" />
  <testcase classname="ptolemy.util.test.junit.AutoTests" name="[84] /home/travis/build/icyphy/ptII/ptolemy/actor/lib/test/auto/Const.xml (RunModel)" time="0.01" />
  <testcase classname="ptolemy.util.test.junit.AutoTests" name="[85] /home/travis/build/icyphy/ptII/ptolemy/actor/lib/test/auto/Const2.xml (RunModel)" time="0.011" />
  <testcase classname="ptolemy.util.test.junit.AutoTests" name="[86] /home/travis/build/icyphy/ptII/ptolemy/actor/lib/test/auto/Const3.xml (RunModel)" time="0.011" />
  <testcase classname="ptolemy.util.test.junit.AutoTests" name="[87] /home/travis/build/icyphy/ptII/ptolemy/actor/lib/test/auto/ConstantPublisherPort1.xml (RunModel)" time="0.023" />
  <testcase classname="ptolemy.util.test.junit.AutoTests" name="[88] /home/travis/build/icyphy/ptII/ptolemy/actor/lib/test/auto/ConstantPublisherPort2.xml (RunModel)" time="0.023" />
  <testcase classname="ptolemy.util.test.junit.AutoTests" name="[89] /home/travis/build/icyphy/ptII/ptolemy/actor/lib/test/auto/ConstantPublisherPort3.xml (RunModel)" time="0.02" />
  <testcase classname="ptolemy.util.test.junit.AutoTests" name="[90] /home/travis/build/icyphy/ptII/ptolemy/actor/lib/test/auto/ConstantPublisherPort4.xml (RunModel)" time="0.017" />
  <testcase classname="ptolemy.util.test.junit.AutoTests" name="[91] /home/travis/build/icyphy/ptII/ptolemy/actor/lib/test/auto/ConstantPublisherPort5.xml (RunModel)" time="0.049" />
  <testcase classname="ptolemy.util.test.junit.AutoTests" name="[92] /home/travis/build/icyphy/ptII/ptolemy/actor/lib/test/auto/ConstantPublisherPort6.xml (RunModel)" time="0.032" />
  <testcase classname="ptolemy.util.test.junit.AutoTests" name="[93] /home/travis/build/icyphy/ptII/ptolemy/actor/lib/test/auto/ConstantPublisherPort7.xml (RunModel)" time="0.036" />
  <testcase classname="ptolemy.util.test.junit.AutoTests" name="[94] /home/travis/build/icyphy/ptII/ptolemy/actor/lib/test/auto/ConstraintMonitor1.xml (RunModel)" time="0.05" />
  <testcase classname="ptolemy.util.test.junit.AutoTests" name="[95] /home/travis/build/icyphy/ptII/ptolemy/actor/lib/test/auto/ConstraintMonitor2.xml (RunModel)" time="0.015" />
  <testcase classname="ptolemy.util.test.junit.AutoTests" name="[96] /home/travis/build/icyphy/ptII/ptolemy/actor/lib/test/auto/ConstraintMonitor3.xml (RunModel)" time="0.014" />
  <testcase classname="ptolemy.util.test.junit.AutoTests" name="[97] /home/travis/build/icyphy/ptII/ptolemy/actor/lib/test/auto/ConstraintMonitor4.xml (RunModel)" time="0.02" />
  <testcase classname="ptolemy.util.test.junit.AutoTests" name="[98] /home/travis/build/icyphy/ptII/ptolemy/actor/lib/test/auto/ConstraintMonitor5.xml (RunModel)" time="0.011" />
  <testcase classname="ptolemy.util.test.junit.AutoTests" name="[99] /home/travis/build/icyphy/ptII/ptolemy/actor/lib/test/auto/ConstraintMonitor6.xml (RunModel)" time="0.021" />
  <testcase classname="ptolemy.util.test.junit.AutoTests" name="[100] /home/travis/build/icyphy/ptII/ptolemy/actor/lib/test/auto/ConstraintMonitor7.xml (RunModel)" time="0.019" />
  <testcase classname="ptolemy.util.test.junit.AutoTests" name="[101] /home/travis/build/icyphy/ptII/ptolemy/actor/lib/test/auto/ConstraintMonitor8.xml (RunModel)" time="0.019" />
  <testcase classname="ptolemy.util.test.junit.AutoTests" name="[102] /home/travis/build/icyphy/ptII/ptolemy/actor/lib/test/auto/Counter.xml (RunModel)" time="0.012" />
  <testcase classname="ptolemy.util.test.junit.AutoTests" name="[103] /home/travis/build/icyphy/ptII/ptolemy/actor/lib/test/auto/CurrentTimeSDF.xml (RunModel)" time="0.009" />
  <testcase classname="ptolemy.util.test.junit.AutoTests" name="[104] /home/travis/build/icyphy/ptII/ptolemy/actor/lib/test/auto/DB.xml (RunModel)" time="0.012" />
  <testcase classname="ptolemy.util.test.junit.AutoTests" name="[105] /home/travis/build/icyphy/ptII/ptolemy/actor/lib/test/auto/DBDE.xml (RunModel)" time="0.028" />
  <testcase classname="ptolemy.util.test.junit.AutoTests" name="[106] /home/travis/build/icyphy/ptII/ptolemy/actor/lib/test/auto/DateConstructor.xml (RunModel)" time="0.079" />
  <testcase classname="ptolemy.util.test.junit.AutoTests" name="[107] /home/travis/build/icyphy/ptII/ptolemy/actor/lib/test/auto/DelayTime.xml (RunModel)" time="0.017" />
  <testcase classname="ptolemy.util.test.junit.AutoTests" name="[108] /home/travis/build/icyphy/ptII/ptolemy/actor/lib/test/auto/Dictionary1.xml (RunModel)" time="0.021" />
  <testcase classname="ptolemy.util.test.junit.AutoTests" name="[109] /home/travis/build/icyphy/ptII/ptolemy/actor/lib/test/auto/Dictionary2.xml (RunModel)" time="0.019" />
  <testcase classname="ptolemy.util.test.junit.AutoTests" name="[110] /home/travis/build/icyphy/ptII/ptolemy/actor/lib/test/auto/Dictionary3.xml (RunModel)" time="0.016" />
  <testcase classname="ptolemy.util.test.junit.AutoTests" name="[111] /home/travis/build/icyphy/ptII/ptolemy/actor/lib/test/auto/Dictionary4.xml (RunModel)" time="0.021" />
  <testcase classname="ptolemy.util.test.junit.AutoTests" name="[112] /home/travis/build/icyphy/ptII/ptolemy/actor/lib/test/auto/Differential.xml (RunModel)" time="0.013" />
  <testcase classname="ptolemy.util.test.junit.AutoTests" name="[113] /home/travis/build/icyphy/ptII/ptolemy/actor/lib/test/auto/Director.xml (RunModel)" time="0.011" />
  <testcase classname="ptolemy.util.test.junit.AutoTests" name="[114] /home/travis/build/icyphy/ptII/ptolemy/actor/lib/test/auto/DiscreteClock.xml (RunModel)" time="0.01" />
  <testcase classname="ptolemy.util.test.junit.AutoTests" name="[115] /home/travis/build/icyphy/ptII/ptolemy/actor/lib/test/auto/DiscreteClock10.xml (RunModel)" time="0.012" />
  <testcase classname="ptolemy.util.test.junit.AutoTests" name="[116] /home/travis/build/icyphy/ptII/ptolemy/actor/lib/test/auto/DiscreteClock11.xml (RunModel)" time="0.013" />
  <testcase classname="ptolemy.util.test.junit.AutoTests" name="[117] /home/travis/build/icyphy/ptII/ptolemy/actor/lib/test/auto/DiscreteClock12.xml (RunModel)" time="0.015" />
  <testcase classname="ptolemy.util.test.junit.AutoTests" name="[118] /home/travis/build/icyphy/ptII/ptolemy/actor/lib/test/auto/DiscreteClock13.xml (RunModel)" time="0.016" />
  <testcase classname="ptolemy.util.test.junit.AutoTests" name="[119] /home/travis/build/icyphy/ptII/ptolemy/actor/lib/test/auto/DiscreteClock14.xml (RunModel)" time="0.013" />
  <testcase classname="ptolemy.util.test.junit.AutoTests" name="[120] /home/travis/build/icyphy/ptII/ptolemy/actor/lib/test/auto/DiscreteClock15.xml (RunModel)" time="0.018" />
  <testcase classname="ptolemy.util.test.junit.AutoTests" name="[121] /home/travis/build/icyphy/ptII/ptolemy/actor/lib/test/auto/DiscreteClock16.xml (RunModel)" time="0.048" />
  <testcase classname="ptolemy.util.test.junit.AutoTests" name="[122] /home/travis/build/icyphy/ptII/ptolemy/actor/lib/test/auto/DiscreteClock17.xml (RunModel)" time="0.042" />
  <testcase classname="ptolemy.util.test.junit.AutoTests" name="[123] /home/travis/build/icyphy/ptII/ptolemy/actor/lib/test/auto/DiscreteClock18.xml (RunModel)" time="0.048" />
  <testcase classname="ptolemy.util.test.junit.AutoTests" name="[124] /home/travis/build/icyphy/ptII/ptolemy/actor/lib/test/auto/DiscreteClock19.xml (RunModel)" time="0.052" />
  <testcase classname="ptolemy.util.test.junit.AutoTests" name="[125] /home/travis/build/icyphy/ptII/ptolemy/actor/lib/test/auto/DiscreteClock2.xml (RunModel)" time="0.013" />
  <testcase classname="ptolemy.util.test.junit.AutoTests" name="[126] /home/travis/build/icyphy/ptII/ptolemy/actor/lib/test/auto/DiscreteClock20.xml (RunModel)" time="0.022" />
  <testcase classname="ptolemy.util.test.junit.AutoTests" name="[127] /home/travis/build/icyphy/ptII/ptolemy/actor/lib/test/auto/DiscreteClock21.xml (RunModel)" time="0.025" />
  <testcase classname="ptolemy.util.test.junit.AutoTests" name="[128] /home/travis/build/icyphy/ptII/ptolemy/actor/lib/test/auto/DiscreteClock22.xml (RunModel)" time="0.017" />
  <testcase classname="ptolemy.util.test.junit.AutoTests" name="[129] /home/travis/build/icyphy/ptII/ptolemy/actor/lib/test/auto/DiscreteClock23.xml (RunModel)" time="0.023" />
  <testcase classname="ptolemy.util.test.junit.AutoTests" name="[130] /home/travis/build/icyphy/ptII/ptolemy/actor/lib/test/auto/DiscreteClock24.xml (RunModel)" time="0.015" />
  <testcase classname="ptolemy.util.test.junit.AutoTests" name="[131] /home/travis/build/icyphy/ptII/ptolemy/actor/lib/test/auto/DiscreteClock4.xml (RunModel)" time="0.014" />
  <testcase classname="ptolemy.util.test.junit.AutoTests" name="[132] /home/travis/build/icyphy/ptII/ptolemy/actor/lib/test/auto/DiscreteClock5.xml (RunModel)" time="0.012" />
  <testcase classname="ptolemy.util.test.junit.AutoTests" name="[133] /home/travis/build/icyphy/ptII/ptolemy/actor/lib/test/auto/DiscreteClock6.xml (RunModel)" time="0.012" />
  <testcase classname="ptolemy.util.test.junit.AutoTests" name="[134] /home/travis/build/icyphy/ptII/ptolemy/actor/lib/test/auto/DiscreteClock7.xml (RunModel)" time="0.012" />
  <testcase classname="ptolemy.util.test.junit.AutoTests" name="[135] /home/travis/build/icyphy/ptII/ptolemy/actor/lib/test/auto/DiscreteClock8.xml (RunModel)" time="0.026" />
  <testcase classname="ptolemy.util.test.junit.AutoTests" name="[136] /home/travis/build/icyphy/ptII/ptolemy/actor/lib/test/auto/DiscreteClock9.xml (RunModel)" time="0.018" />
  <testcase classname="ptolemy.util.test.junit.AutoTests" name="[137] /home/travis/build/icyphy/ptII/ptolemy/actor/lib/test/auto/DisplayArray.xml (RunModel)" time="0.01" />
  <testcase classname="ptolemy.util.test.junit.AutoTests" name="[138] /home/travis/build/icyphy/ptII/ptolemy/actor/lib/test/auto/Distributor.xml (RunModel)" time="0.014" />
  <testcase classname="ptolemy.util.test.junit.AutoTests" name="[139] /home/travis/build/icyphy/ptII/ptolemy/actor/lib/test/auto/Distributor2.xml (RunModel)" time="0.011" />
  <testcase classname="ptolemy.util.test.junit.AutoTests" name="[140] /home/travis/build/icyphy/ptII/ptolemy/actor/lib/test/auto/DownSample.xml (RunModel)" time="0.01" />
  <testcase classname="ptolemy.util.test.junit.AutoTests" name="[141] /home/travis/build/icyphy/ptII/ptolemy/actor/lib/test/auto/ElectronicUnitBase1.xml (RunModel)" time="0.064" />
  <testcase classname="ptolemy.util.test.junit.AutoTests" name="[142] /home/travis/build/icyphy/ptII/ptolemy/actor/lib/test/auto/ElementsToArray.xml (RunModel)" time="0.012" />
  <testcase classname="ptolemy.util.test.junit.AutoTests" name="[143] /home/travis/build/icyphy/ptII/ptolemy/actor/lib/test/auto/Equals.xml (RunModel)" time="0.015" />
  <testcase classname="ptolemy.util.test.junit.AutoTests" name="[144] /home/travis/build/icyphy/ptII/ptolemy/actor/lib/test/auto/Exec.xml (RunModel)" time="0.034" />
  <testcase classname="ptolemy.util.test.junit.AutoTests" name="[145] /home/travis/build/icyphy/ptII/ptolemy/actor/lib/test/auto/ExecEnvironment.xml (RunModel)" time="0.049" />
  <testcase classname="ptolemy.util.test.junit.AutoTests" name="[146] /home/travis/build/icyphy/ptII/ptolemy/actor/lib/test/auto/ExecNonZeroReturnOutput.xml (RunModel)" time="0.214" />
  <testcase classname="ptolemy.util.test.junit.AutoTests" name="[147] /home/travis/build/icyphy/ptII/ptolemy/actor/lib/test/auto/ExecRunDemos.xml (RunModel)" time="11.376" />
  <testcase classname="ptolemy.util.test.junit.AutoTests" name="[148] /home/travis/build/icyphy/ptII/ptolemy/actor/lib/test/auto/ExecStop.xml (RunModel)" time="5.046" />
  <testcase classname="ptolemy.util.test.junit.AutoTests" name="[149] /home/travis/build/icyphy/ptII/ptolemy/actor/lib/test/auto/ExecutionTimeSDF.xml (RunModel)" time="6.044" />
  <testcase classname="ptolemy.util.test.junit.AutoTests" name="[150] /home/travis/build/icyphy/ptII/ptolemy/actor/lib/test/auto/Expression1.xml (RunModel)" time="0.014" />
  <testcase classname="ptolemy.util.test.junit.AutoTests" name="[151] /home/travis/build/icyphy/ptII/ptolemy/actor/lib/test/auto/Expression10.xml (RunModel)" time="0.017" />
  <testcase classname="ptolemy.util.test.junit.AutoTests" name="[152] /home/travis/build/icyphy/ptII/ptolemy/actor/lib/test/auto/Expression11.xml (RunModel)" time="0.029" />
  <testcase classname="ptolemy.util.test.junit.AutoTests" name="[153] /home/travis/build/icyphy/ptII/ptolemy/actor/lib/test/auto/Expression12.xml (RunModel)" time="0.014" />
  <testcase classname="ptolemy.util.test.junit.AutoTests" name="[154] /home/travis/build/icyphy/ptII/ptolemy/actor/lib/test/auto/Expression13.xml (RunModel)" time="0.014" />
  <testcase classname="ptolemy.util.test.junit.AutoTests" name="[155] /home/travis/build/icyphy/ptII/ptolemy/actor/lib/test/auto/Expression14.xml (RunModel)" time="0.017" />
  <testcase classname="ptolemy.util.test.junit.AutoTests" name="[156] /home/travis/build/icyphy/ptII/ptolemy/actor/lib/test/auto/Expression15.xml (RunModel)" time="0.008" />
  <testcase classname="ptolemy.util.test.junit.AutoTests" name="[157] /home/travis/build/icyphy/ptII/ptolemy/actor/lib/test/auto/Expression16.xml (RunModel)" time="0.015" />
  <testcase classname="ptolemy.util.test.junit.AutoTests" name="[158] /home/travis/build/icyphy/ptII/ptolemy/actor/lib/test/auto/Expression17.xml (RunModel)" time="0.014" />
  <testcase classname="ptolemy.util.test.junit.AutoTests" name="[159] /home/travis/build/icyphy/ptII/ptolemy/actor/lib/test/auto/Expression18.xml (RunModel)" time="0.019" />
  <testcase classname="ptolemy.util.test.junit.AutoTests" name="[160] /home/travis/build/icyphy/ptII/ptolemy/actor/lib/test/auto/Expression2.xml (RunModel)" time="0.017" />
  <testcase classname="ptolemy.util.test.junit.AutoTests" name="[161] /home/travis/build/icyphy/ptII/ptolemy/actor/lib/test/auto/Expression3.xml (RunModel)" time="0.014" />
  <testcase classname="ptolemy.util.test.junit.AutoTests" name="[162] /home/travis/build/icyphy/ptII/ptolemy/actor/lib/test/auto/Expression4.xml (RunModel)" time="0.02" />
  <testcase classname="ptolemy.util.test.junit.AutoTests" name="[163] /home/travis/build/icyphy/ptII/ptolemy/actor/lib/test/auto/Expression5.xml (RunModel)" time="0.012" />
  <testcase classname="ptolemy.util.test.junit.AutoTests" name="[164] /home/travis/build/icyphy/ptII/ptolemy/actor/lib/test/auto/Expression6.xml (RunModel)" time="0.01" />
  <testcase classname="ptolemy.util.test.junit.AutoTests" name="[165] /home/travis/build/icyphy/ptII/ptolemy/actor/lib/test/auto/Expression7.xml (RunModel)" time="0.012" />
  <testcase classname="ptolemy.util.test.junit.AutoTests" name="[166] /home/travis/build/icyphy/ptII/ptolemy/actor/lib/test/auto/Expression8.xml (RunModel)" time="0.018" />
  <testcase classname="ptolemy.util.test.junit.AutoTests" name="[167] /home/travis/build/icyphy/ptII/ptolemy/actor/lib/test/auto/Expression9.xml (RunModel)" time="0.01" />
  <testcase classname="ptolemy.util.test.junit.AutoTests" name="[168] /home/travis/build/icyphy/ptII/ptolemy/actor/lib/test/auto/ExpressionConcatenateArrayType.xml (RunModel)" time="0.03" />
  <testcase classname="ptolemy.util.test.junit.AutoTests" name="[169] /home/travis/build/icyphy/ptII/ptolemy/actor/lib/test/auto/ExpressionConcatenateArrayType2.xml (RunModel)" time="0.022" />
  <testcase classname="ptolemy.util.test.junit.AutoTests" name="[170] /home/travis/build/icyphy/ptII/ptolemy/actor/lib/test/auto/ExpressionFix.xml (RunModel)" time="0.056" />
  <testcase classname="ptolemy.util.test.junit.AutoTests" name="[171] /home/travis/build/icyphy/ptII/ptolemy/actor/lib/test/auto/ExpressionFix2.xml (RunModel)" time="0.01" />
  <testcase classname="ptolemy.util.test.junit.AutoTests" name="[172] /home/travis/build/icyphy/ptII/ptolemy/actor/lib/test/auto/ExpressionFix3.xml (RunModel)" time="0.011" />
  <testcase classname="ptolemy.util.test.junit.AutoTests" name="[173] /home/travis/build/icyphy/ptII/ptolemy/actor/lib/test/auto/FileWriter1.xml (RunModel)" time="0.011" />
  <testcase classname="ptolemy.util.test.junit.AutoTests" name="[174] /home/travis/build/icyphy/ptII/ptolemy/actor/lib/test/auto/FileWriter2.xml (RunModel)" time="0.013" />
  <testcase classname="ptolemy.util.test.junit.AutoTests" name="[175] /home/travis/build/icyphy/ptII/ptolemy/actor/lib/test/auto/FileWriter3.xml (RunModel)" time="0.018" />
  <testcase classname="ptolemy.util.test.junit.AutoTests" name="[176] /home/travis/build/icyphy/ptII/ptolemy/actor/lib/test/auto/Gaussian.xml (RunModel)" time="0.016" />
  <testcase classname="ptolemy.util.test.junit.AutoTests" name="[177] /home/travis/build/icyphy/ptII/ptolemy/actor/lib/test/auto/Gaussian1.xml (RunModel)" time="0.013" />
  <testcase classname="ptolemy.util.test.junit.AutoTests" name="[178] /home/travis/build/icyphy/ptII/ptolemy/actor/lib/test/auto/Gaussian2.xml (RunModel)" time="0.024" />
  <testcase classname="ptolemy.util.test.junit.AutoTests" name="[179] /home/travis/build/icyphy/ptII/ptolemy/actor/lib/test/auto/GradientAdaptiveLattice.xml (RunModel)" time="0.02" />
  <testcase classname="ptolemy.util.test.junit.AutoTests" name="[180] /home/travis/build/icyphy/ptII/ptolemy/actor/lib/test/auto/IIR.xml (RunModel)" time="0.011" />
  <testcase classname="ptolemy.util.test.junit.AutoTests" name="[181] /home/travis/build/icyphy/ptII/ptolemy/actor/lib/test/auto/InputOutputTransparentPorts.xml (RunModel)" time="0.019" />
  <testcase classname="ptolemy.util.test.junit.AutoTests" name="[182] /home/travis/build/icyphy/ptII/ptolemy/actor/lib/test/auto/Interpolator.xml (RunModel)" time="0.012" />
  <testcase classname="ptolemy.util.test.junit.AutoTests" name="[183] /home/travis/build/icyphy/ptII/ptolemy/actor/lib/test/auto/InterpolatorFiringLimitDE.xml (RunModel)" time="0.014" />
  <testcase classname="ptolemy.util.test.junit.AutoTests" name="[184] /home/travis/build/icyphy/ptII/ptolemy/actor/lib/test/auto/Lattice.xml (RunModel)" time="0.01" />
  <testcase classname="ptolemy.util.test.junit.AutoTests" name="[185] /home/travis/build/icyphy/ptII/ptolemy/actor/lib/test/auto/LazyAOCTestLazy.xml (RunModel)" time="0.033" />
  <testcase classname="ptolemy.util.test.junit.AutoTests" name="[186] /home/travis/build/icyphy/ptII/ptolemy/actor/lib/test/auto/LazyAOCTestNonLazy.xml (RunModel)" time="0.043" />
  <testcase classname="ptolemy.util.test.junit.AutoTests" name="[187] /home/travis/build/icyphy/ptII/ptolemy/actor/lib/test/auto/LazyInnerClass.xml (RunModel)" time="0.042" />
  <testcase classname="ptolemy.util.test.junit.AutoTests" name="[188] /home/travis/build/icyphy/ptII/ptolemy/actor/lib/test/auto/LazyPubSub.xml (RunModel)" time="0.065" />
  <testcase classname="ptolemy.util.test.junit.AutoTests" name="[189] /home/travis/build/icyphy/ptII/ptolemy/actor/lib/test/auto/LazyPubSub2.xml (RunModel)" time="0.068" />
  <testcase classname="ptolemy.util.test.junit.AutoTests" name="[190] /home/travis/build/icyphy/ptII/ptolemy/actor/lib/test/auto/LazyPubSub3.xml (RunModel)" time="0.027" />
  <testcase classname="ptolemy.util.test.junit.AutoTests" name="[191] /home/travis/build/icyphy/ptII/ptolemy/actor/lib/test/auto/LazySubClassModel.xml (RunModel)" time="0.021" />
  <testcase classname="ptolemy.util.test.junit.AutoTests" name="[192] /home/travis/build/icyphy/ptII/ptolemy/actor/lib/test/auto/LevelCrossTest1.xml (RunModel)" time="0.012" />
  <testcase classname="ptolemy.util.test.junit.AutoTests" name="[193] /home/travis/build/icyphy/ptII/ptolemy/actor/lib/test/auto/LevelCrossTest10.xml (RunModel)" time="0.021" />
  <testcase classname="ptolemy.util.test.junit.AutoTests" name="[194] /home/travis/build/icyphy/ptII/ptolemy/actor/lib/test/auto/LevelCrossTest11.xml (RunModel)" time="0.014" />
  <testcase classname="ptolemy.util.test.junit.AutoTests" name="[195] /home/travis/build/icyphy/ptII/ptolemy/actor/lib/test/auto/LevelCrossTest12.xml (RunModel)" time="0.014" />
  <testcase classname="ptolemy.util.test.junit.AutoTests" name="[196] /home/travis/build/icyphy/ptII/ptolemy/actor/lib/test/auto/LevelCrossTest13.xml (RunModel)" time="0.018" />
  <testcase classname="ptolemy.util.test.junit.AutoTests" name="[197] /home/travis/build/icyphy/ptII/ptolemy/actor/lib/test/auto/LevelCrossTest2.xml (RunModel)" time="0.011" />
  <testcase classname="ptolemy.util.test.junit.AutoTests" name="[198] /home/travis/build/icyphy/ptII/ptolemy/actor/lib/test/auto/LevelCrossTest3.xml (RunModel)" time="0.016" />
  <testcase classname="ptolemy.util.test.junit.AutoTests" name="[199] /home/travis/build/icyphy/ptII/ptolemy/actor/lib/test/auto/LevelCrossTest4.xml (RunModel)" time="0.013" />
  <testcase classname="ptolemy.util.test.junit.AutoTests" name="[200] /home/travis/build/icyphy/ptII/ptolemy/actor/lib/test/auto/LevelCrossTest5.xml (RunModel)" time="0.014" />
  <testcase classname="ptolemy.util.test.junit.AutoTests" name="[201] /home/travis/build/icyphy/ptII/ptolemy/actor/lib/test/auto/LevelCrossTest6.xml (RunModel)" time="0.019" />
  <testcase classname="ptolemy.util.test.junit.AutoTests" name="[202] /home/travis/build/icyphy/ptII/ptolemy/actor/lib/test/auto/LevelCrossTest7.xml (RunModel)" time="0.017" />
  <testcase classname="ptolemy.util.test.junit.AutoTests" name="[203] /home/travis/build/icyphy/ptII/ptolemy/actor/lib/test/auto/LevelCrossTest8.xml (RunModel)" time="0.014" />
  <testcase classname="ptolemy.util.test.junit.AutoTests" name="[204] /home/travis/build/icyphy/ptII/ptolemy/actor/lib/test/auto/LevelCrossTest9.xml (RunModel)" time="0.015" />
  <testcase classname="ptolemy.util.test.junit.AutoTests" name="[205] /home/travis/build/icyphy/ptII/ptolemy/actor/lib/test/auto/LevinsonDurbin.xml (RunModel)" time="0.01" />
  <testcase classname="ptolemy.util.test.junit.AutoTests" name="[206] /home/travis/build/icyphy/ptII/ptolemy/actor/lib/test/auto/LevinsonDurbin2.xml (RunModel)" time="0.009" />
  <testcase classname="ptolemy.util.test.junit.AutoTests" name="[207] /home/travis/build/icyphy/ptII/ptolemy/actor/lib/test/auto/LevinsonDurbin3.xml (RunModel)" time="0.012" />
  <testcase classname="ptolemy.util.test.junit.AutoTests" name="[208] /home/travis/build/icyphy/ptII/ptolemy/actor/lib/test/auto/Limiter.xml (RunModel)" time="0.061" />
  <testcase classname="ptolemy.util.test.junit.AutoTests" name="[209] /home/travis/build/icyphy/ptII/ptolemy/actor/lib/test/auto/LinearDifferenceEquationSystem.xml (RunModel)" time="0.026" />
  <testcase classname="ptolemy.util.test.junit.AutoTests" name="[210] /home/travis/build/icyphy/ptII/ptolemy/actor/lib/test/auto/LookupTable.xml (RunModel)" time="0.024" />
  <testcase classname="ptolemy.util.test.junit.AutoTests" name="[211] /home/travis/build/icyphy/ptII/ptolemy/actor/lib/test/auto/MathFunction.xml (RunModel)" time="0.019" />
  <testcase classname="ptolemy.util.test.junit.AutoTests" name="[212] /home/travis/build/icyphy/ptII/ptolemy/actor/lib/test/auto/MathFunction2.xml (RunModel)" time="0.013" />
  <testcase classname="ptolemy.util.test.junit.AutoTests" name="[213] /home/travis/build/icyphy/ptII/ptolemy/actor/lib/test/auto/MathFunction3.xml (RunModel)" time="0.025" />
  <testcase classname="ptolemy.util.test.junit.AutoTests" name="[214] /home/travis/build/icyphy/ptII/ptolemy/actor/lib/test/auto/MatrixCropBoolean.xml (RunModel)" time="0.015" />
  <testcase classname="ptolemy.util.test.junit.AutoTests" name="[215] /home/travis/build/icyphy/ptII/ptolemy/actor/lib/test/auto/MatrixCropComplex.xml (RunModel)" time="0.01" />
  <testcase classname="ptolemy.util.test.junit.AutoTests" name="[216] /home/travis/build/icyphy/ptII/ptolemy/actor/lib/test/auto/MatrixCropDouble.xml (RunModel)" time="0.009" />
  <testcase classname="ptolemy.util.test.junit.AutoTests" name="[217] /home/travis/build/icyphy/ptII/ptolemy/actor/lib/test/auto/MatrixCropFix.xml (RunModel)" time="0.015" />
  <testcase classname="ptolemy.util.test.junit.AutoTests" name="[218] /home/travis/build/icyphy/ptII/ptolemy/actor/lib/test/auto/MatrixCropInt.xml (RunModel)" time="0.011" />
  <testcase classname="ptolemy.util.test.junit.AutoTests" name="[219] /home/travis/build/icyphy/ptII/ptolemy/actor/lib/test/auto/MatrixCropLong.xml (RunModel)" time="0.01" />
  <testcase classname="ptolemy.util.test.junit.AutoTests" name="[220] /home/travis/build/icyphy/ptII/ptolemy/actor/lib/test/auto/MatrixToArray.xml (RunModel)" time="0.057" />
  <testcase classname="ptolemy.util.test.junit.AutoTests" name="[221] /home/travis/build/icyphy/ptII/ptolemy/actor/lib/test/auto/MaxIndex.xml (RunModel)" time="0.019" />
  <testcase classname="ptolemy.util.test.junit.AutoTests" name="[222] /home/travis/build/icyphy/ptII/ptolemy/actor/lib/test/auto/Maximum.xml (RunModel)" time="0.013" />
  <testcase classname="ptolemy.util.test.junit.AutoTests" name="[223] /home/travis/build/icyphy/ptII/ptolemy/actor/lib/test/auto/MaximumComplex.xml (RunModel)" time="0.015" />
  <testcase classname="ptolemy.util.test.junit.AutoTests" name="[224] /home/travis/build/icyphy/ptII/ptolemy/actor/lib/test/auto/MethodCallTest.xml (RunModel)" time="0.027" />
  <testcase classname="ptolemy.util.test.junit.AutoTests" name="[225] /home/travis/build/icyphy/ptII/ptolemy/actor/lib/test/auto/Minimum.xml (RunModel)" time="0.017" />
  <testcase classname="ptolemy.util.test.junit.AutoTests" name="[226] /home/travis/build/icyphy/ptII/ptolemy/actor/lib/test/auto/MinimumComplex.xml (RunModel)" time="0.027" />
  <testcase classname="ptolemy.util.test.junit.AutoTests" name="[227] /home/travis/build/icyphy/ptII/ptolemy/actor/lib/test/auto/MinimumMultiports.xml (RunModel)" time="0.017" />
  <testcase classname="ptolemy.util.test.junit.AutoTests" name="[228] /home/travis/build/icyphy/ptII/ptolemy/actor/lib/test/auto/ModifyDate.xml (RunModel)" time="0.04" />
  <testcase classname="ptolemy.util.test.junit.AutoTests" name="[229] /home/travis/build/icyphy/ptII/ptolemy/actor/lib/test/auto/ModifyDate2.xml (RunModel)" time="0.035" />
  <testcase classname="ptolemy.util.test.junit.AutoTests" name="[230] /home/travis/build/icyphy/ptII/ptolemy/actor/lib/test/auto/MovingAverage.xml (RunModel)" time="0.02" />
  <testcase classname="ptolemy.util.test.junit.AutoTests" name="[231] /home/travis/build/icyphy/ptII/ptolemy/actor/lib/test/auto/MovingMaximum.xml (RunModel)" time="0.013" />
  <testcase classname="ptolemy.util.test.junit.AutoTests" name="[232] /home/travis/build/icyphy/ptII/ptolemy/actor/lib/test/auto/MultipleLinksToSameRelation.xml (RunModel)" time="0.008" />
  <testcase classname="ptolemy.util.test.junit.AutoTests" name="[233] /home/travis/build/icyphy/ptII/ptolemy/actor/lib/test/auto/MultipleLinksToSameRelationDE.xml (RunModel)" time="0.017" />
  <testcase classname="ptolemy.util.test.junit.AutoTests" name="[234] /home/travis/build/icyphy/ptII/ptolemy/actor/lib/test/auto/Multiplexor.xml (RunModel)" time="0.014" />
  <testcase classname="ptolemy.util.test.junit.AutoTests" name="[235] /home/travis/build/icyphy/ptII/ptolemy/actor/lib/test/auto/Multiplexor1.xml (RunModel)" time="0.012" />
  <testcase classname="ptolemy.util.test.junit.AutoTests" name="[236] /home/travis/build/icyphy/ptII/ptolemy/actor/lib/test/auto/Multiplexor2.xml (RunModel)" time="0.013" />
  <testcase classname="ptolemy.util.test.junit.AutoTests" name="[237] /home/travis/build/icyphy/ptII/ptolemy/actor/lib/test/auto/Multiplexor3.xml (RunModel)" time="0.009" />
  <testcase classname="ptolemy.util.test.junit.AutoTests" name="[238] /home/travis/build/icyphy/ptII/ptolemy/actor/lib/test/auto/MultiplexorDE.xml (RunModel)" time="0.019" />
  <testcase classname="ptolemy.util.test.junit.AutoTests" name="[239] /home/travis/build/icyphy/ptII/ptolemy/actor/lib/test/auto/MultiportBroadcastTest.xml (RunModel)" time="0.106" />
  <testcase classname="ptolemy.util.test.junit.AutoTests" name="[240] /home/travis/build/icyphy/ptII/ptolemy/actor/lib/test/auto/MultiportOutHangDuringGetWidth.xml (RunModel)" time="0.045" />
  <testcase classname="ptolemy.util.test.junit.AutoTests" name="[241] /home/travis/build/icyphy/ptII/ptolemy/actor/lib/test/auto/NilToken.xml (RunModel)" time="0.009" />
  <testcase classname="ptolemy.util.test.junit.AutoTests" name="[242] /home/travis/build/icyphy/ptII/ptolemy/actor/lib/test/auto/NilTokenNonStrictTest.xml (RunModel)" time="0.011" />
  <testcase classname="ptolemy.util.test.junit.AutoTests" name="[243] /home/travis/build/icyphy/ptII/ptolemy/actor/lib/test/auto/NilTokenRecord.xml (RunModel)" time="0.029" />
  <testcase classname="ptolemy.util.test.junit.AutoTests" name="[244] /home/travis/build/icyphy/ptII/ptolemy/actor/lib/test/auto/NilTokenTypeTest.xml (RunModel)" time="0.034" />
  <testcase classname="ptolemy.util.test.junit.AutoTests" name="[245] /home/travis/build/icyphy/ptII/ptolemy/actor/lib/test/auto/ObjectToken1.xml (RunModel)" time="0.008" />
  <testcase classname="ptolemy.util.test.junit.AutoTests" name="[246] /home/travis/build/icyphy/ptII/ptolemy/actor/lib/test/auto/OrderedMerge.xml (RunModel)" time="0.018" />
  <testcase classname="ptolemy.util.test.junit.AutoTests" name="[247] /home/travis/build/icyphy/ptII/ptolemy/actor/lib/test/auto/OrderedRecordDisassembler.xml (RunModel)" time="0.019" />
  <testcase classname="ptolemy.util.test.junit.AutoTests" name="[248] /home/travis/build/icyphy/ptII/ptolemy/actor/lib/test/auto/OrderedRecordDisassembler2.xml (RunModel)" time="0.035" />
  <testcase classname="ptolemy.util.test.junit.AutoTests" name="[249] /home/travis/build/icyphy/ptII/ptolemy/actor/lib/test/auto/OrderedRecordUpdater.xml (RunModel)" time="0.011" />
  <testcase classname="ptolemy.util.test.junit.AutoTests" name="[250] /home/travis/build/icyphy/ptII/ptolemy/actor/lib/test/auto/OrderedRecordUpdater2.xml (RunModel)" time="0.018" />
  <testcase classname="ptolemy.util.test.junit.AutoTests" name="[251] /home/travis/build/icyphy/ptII/ptolemy/actor/lib/test/auto/PhaseUnwrap.xml (RunModel)" time="0.017" />
  <testcase classname="ptolemy.util.test.junit.AutoTests" name="[252] /home/travis/build/icyphy/ptII/ptolemy/actor/lib/test/auto/PoissonClock.xml (RunModel)" time="0.012" />
  <testcase classname="ptolemy.util.test.junit.AutoTests" name="[253] /home/travis/build/icyphy/ptII/ptolemy/actor/lib/test/auto/PoissonClock2.xml (RunModel)" time="0.007" />
  <testcase classname="ptolemy.util.test.junit.AutoTests" name="[254] /home/travis/build/icyphy/ptII/ptolemy/actor/lib/test/auto/PoissonClock3.xml (RunModel)" time="0.027" />
  <testcase classname="ptolemy.util.test.junit.AutoTests" name="[255] /home/travis/build/icyphy/ptII/ptolemy/actor/lib/test/auto/PubSubWithInitialTokens.xml (RunModel)" time="0.017" />
  <testcase classname="ptolemy.util.test.junit.AutoTests" name="[256] /home/travis/build/icyphy/ptII/ptolemy/actor/lib/test/auto/PubSubWithInitialTokens2.xml (RunModel)" time="0.015" />
  <testcase classname="ptolemy.util.test.junit.AutoTests" name="[257] /home/travis/build/icyphy/ptII/ptolemy/actor/lib/test/auto/PublisherClassNoParameter.xml (RunModel)" time="0.026" />
  <testcase classname="ptolemy.util.test.junit.AutoTests" name="[258] /home/travis/build/icyphy/ptII/ptolemy/actor/lib/test/auto/PublisherClassParameter.xml (RunModel)" time="0.021" />
  <testcase classname="ptolemy.util.test.junit.AutoTests" name="[259] /home/travis/build/icyphy/ptII/ptolemy/actor/lib/test/auto/PublisherNonStrictTest.xml (RunModel)" time="0.015" />
  <testcase classname="ptolemy.util.test.junit.AutoTests" name="[260] /home/travis/build/icyphy/ptII/ptolemy/actor/lib/test/auto/PublisherPort1.xml (RunModel)" time="0.014" />
  <testcase classname="ptolemy.util.test.junit.AutoTests" name="[261] /home/travis/build/icyphy/ptII/ptolemy/actor/lib/test/auto/PublisherPort2.xml (RunModel)" time="0.017" />
  <testcase classname="ptolemy.util.test.junit.AutoTests" name="[262] /home/travis/build/icyphy/ptII/ptolemy/actor/lib/test/auto/PublisherPort3.xml (RunModel)" time="0.013" />
  <testcase classname="ptolemy.util.test.junit.AutoTests" name="[263] /home/travis/build/icyphy/ptII/ptolemy/actor/lib/test/auto/PublisherPort4.xml (RunModel)" time="0.013" />
  <testcase classname="ptolemy.util.test.junit.AutoTests" name="[264] /home/travis/build/icyphy/ptII/ptolemy/actor/lib/test/auto/PublisherPort5.xml (RunModel)" time="0.014" />
  <testcase classname="ptolemy.util.test.junit.AutoTests" name="[265] /home/travis/build/icyphy/ptII/ptolemy/actor/lib/test/auto/PublisherPort5LookAlike.xml (RunModel)" time="0.019" />
  <testcase classname="ptolemy.util.test.junit.AutoTests" name="[266] /home/travis/build/icyphy/ptII/ptolemy/actor/lib/test/auto/PublisherPort6.xml (RunModel)" time="0.013" />
  <testcase classname="ptolemy.util.test.junit.AutoTests" name="[267] /home/travis/build/icyphy/ptII/ptolemy/actor/lib/test/auto/PublisherPort7.xml (RunModel)" time="0.015" />
  <testcase classname="ptolemy.util.test.junit.AutoTests" name="[268] /home/travis/build/icyphy/ptII/ptolemy/actor/lib/test/auto/PublisherPort8.xml (RunModel)" time="0.018" />
  <testcase classname="ptolemy.util.test.junit.AutoTests" name="[269] /home/travis/build/icyphy/ptII/ptolemy/actor/lib/test/auto/PublisherPortSubscriberChannelVariablesAOC2.xml (RunModel)" time="0.042" />
  <testcase classname="ptolemy.util.test.junit.AutoTests" name="[270] /home/travis/build/icyphy/ptII/ptolemy/actor/lib/test/auto/PublisherPortSubscriberOpaqueWidthInference.xml (RunModel)" time="0.023" />
  <testcase classname="ptolemy.util.test.junit.AutoTests" name="[271] /home/travis/build/icyphy/ptII/ptolemy/actor/lib/test/auto/PublisherPortSubscriberPortAdjacent.xml (RunModel)" time="0.016" />
  <testcase classname="ptolemy.util.test.junit.AutoTests" name="[272] /home/travis/build/icyphy/ptII/ptolemy/actor/lib/test/auto/PublisherPortSubscriberPortExpression.xml (RunModel)" time="0.016" />
  <testcase classname="ptolemy.util.test.junit.AutoTests" name="[273] /home/travis/build/icyphy/ptII/ptolemy/actor/lib/test/auto/PublisherPortSubscriberPortOpaqueD3Reverse.xml (RunModel)" time="0.036" />
  <testcase classname="ptolemy.util.test.junit.AutoTests" name="[274] /home/travis/build/icyphy/ptII/ptolemy/actor/lib/test/auto/PublisherPortSubscriberPortOpaqueWidthInference.xml (RunModel)" time="0.021" />
  <testcase classname="ptolemy.util.test.junit.AutoTests" name="[275] /home/travis/build/icyphy/ptII/ptolemy/actor/lib/test/auto/PublisherPortToplevelSubscriberPortAOC.xml (RunModel)" time="0.011" />
  <testcase classname="ptolemy.util.test.junit.AutoTests" name="[276] /home/travis/build/icyphy/ptII/ptolemy/actor/lib/test/auto/PublisherSubscriber.xml (RunModel)" time="0.013" />
  <testcase classname="ptolemy.util.test.junit.AutoTests" name="[277] /home/travis/build/icyphy/ptII/ptolemy/actor/lib/test/auto/PublisherSubscriber10.xml (RunModel)" time="0.023" />
  <testcase classname="ptolemy.util.test.junit.AutoTests" name="[278] /home/travis/build/icyphy/ptII/ptolemy/actor/lib/test/auto/PublisherSubscriber10InitialOutputs.xml (RunModel)" time="0.031" />
  <testcase classname="ptolemy.util.test.junit.AutoTests" name="[279] /home/travis/build/icyphy/ptII/ptolemy/actor/lib/test/auto/PublisherSubscriber11.xml (RunModel)" time="0.018" />
  <testcase classname="ptolemy.util.test.junit.AutoTests" name="[280] /home/travis/build/icyphy/ptII/ptolemy/actor/lib/test/auto/PublisherSubscriber12.xml (RunModel)" time="0.016" />
  <testcase classname="ptolemy.util.test.junit.AutoTests" name="[281] /home/travis/build/icyphy/ptII/ptolemy/actor/lib/test/auto/PublisherSubscriber13.xml (RunModel)" time="0.017" />
  <testcase classname="ptolemy.util.test.junit.AutoTests" name="[282] /home/travis/build/icyphy/ptII/ptolemy/actor/lib/test/auto/PublisherSubscriber14.xml (RunModel)" time="0.032" />
  <testcase classname="ptolemy.util.test.junit.AutoTests" name="[283] /home/travis/build/icyphy/ptII/ptolemy/actor/lib/test/auto/PublisherSubscriber2.xml (RunModel)" time="0.012" />
  <testcase classname="ptolemy.util.test.junit.AutoTests" name="[284] /home/travis/build/icyphy/ptII/ptolemy/actor/lib/test/auto/PublisherSubscriber3.xml (RunModel)" time="0.009" />
  <testcase classname="ptolemy.util.test.junit.AutoTests" name="[285] /home/travis/build/icyphy/ptII/ptolemy/actor/lib/test/auto/PublisherSubscriber4.xml (RunModel)" time="0.009" />
  <testcase classname="ptolemy.util.test.junit.AutoTests" name="[286] /home/travis/build/icyphy/ptII/ptolemy/actor/lib/test/auto/PublisherSubscriber5.xml (RunModel)" time="0.011" />
  <testcase classname="ptolemy.util.test.junit.AutoTests" name="[287] /home/travis/build/icyphy/ptII/ptolemy/actor/lib/test/auto/PublisherSubscriber6.xml (RunModel)" time="0.015" />
  <testcase classname="ptolemy.util.test.junit.AutoTests" name="[288] /home/travis/build/icyphy/ptII/ptolemy/actor/lib/test/auto/PublisherSubscriber7.xml (RunModel)" time="0.018" />
  <testcase classname="ptolemy.util.test.junit.AutoTests" name="[289] /home/travis/build/icyphy/ptII/ptolemy/actor/lib/test/auto/PublisherSubscriber8.xml (RunModel)" time="0.033" />
  <testcase classname="ptolemy.util.test.junit.AutoTests" name="[290] /home/travis/build/icyphy/ptII/ptolemy/actor/lib/test/auto/PublisherSubscriber9.xml (RunModel)" time="0.018" />
  <testcase classname="ptolemy.util.test.junit.AutoTests" name="[291] /home/travis/build/icyphy/ptII/ptolemy/actor/lib/test/auto/PublisherSubscriberAdjacent.xml (RunModel)" time="0.016" />
  <testcase classname="ptolemy.util.test.junit.AutoTests" name="[292] /home/travis/build/icyphy/ptII/ptolemy/actor/lib/test/auto/PublisherSubscriberChannelVariablesAOC2.xml (RunModel)" time="0.027" />
  <testcase classname="ptolemy.util.test.junit.AutoTests" name="[293] /home/travis/build/icyphy/ptII/ptolemy/actor/lib/test/auto/PublisherSubscriberD3.xml (RunModel)" time="0.013" />
  <testcase classname="ptolemy.util.test.junit.AutoTests" name="[294] /home/travis/build/icyphy/ptII/ptolemy/actor/lib/test/auto/PublisherSubscriberD3Reverse.xml (RunModel)" time="0.011" />
  <testcase classname="ptolemy.util.test.junit.AutoTests" name="[295] /home/travis/build/icyphy/ptII/ptolemy/actor/lib/test/auto/PublisherSubscriberExpression.xml (RunModel)" time="0.022" />
  <testcase classname="ptolemy.util.test.junit.AutoTests" name="[296] /home/travis/build/icyphy/ptII/ptolemy/actor/lib/test/auto/PublisherSubscriberOpaque.xml (RunModel)" time="0.017" />
  <testcase classname="ptolemy.util.test.junit.AutoTests" name="[297] /home/travis/build/icyphy/ptII/ptolemy/actor/lib/test/auto/PublisherSubscriberOpaqueD3.xml (RunModel)" time="0.026" />
  <testcase classname="ptolemy.util.test.junit.AutoTests" name="[298] /home/travis/build/icyphy/ptII/ptolemy/actor/lib/test/auto/PublisherSubscriberOpaqueD3Reverse.xml (RunModel)" time="0.025" />
  <testcase classname="ptolemy.util.test.junit.AutoTests" name="[299] /home/travis/build/icyphy/ptII/ptolemy/actor/lib/test/auto/PublisherSubscriberOpaqueWidthInference.xml (RunModel)" time="0.017" />
  <testcase classname="ptolemy.util.test.junit.AutoTests" name="[300] /home/travis/build/icyphy/ptII/ptolemy/actor/lib/test/auto/PublisherTestSubscriber.xml (RunModel)" time="0.016" />
  <testcase classname="ptolemy.util.test.junit.AutoTests" name="[301] /home/travis/build/icyphy/ptII/ptolemy/actor/lib/test/auto/PublisherToplevelSubscriberPortAOC.xml (RunModel)" time="0.016" />
  <testcase classname="ptolemy.util.test.junit.AutoTests" name="[302] /home/travis/build/icyphy/ptII/ptolemy/actor/lib/test/auto/PulseFiringLimitDE.xml (RunModel)" time="0.017" />
  <testcase classname="ptolemy.util.test.junit.AutoTests" name="[303] /home/travis/build/icyphy/ptII/ptolemy/actor/lib/test/auto/Ramp1.xml (RunModel)" time="0.007" />
  <testcase classname="ptolemy.util.test.junit.AutoTests" name="[304] /home/travis/build/icyphy/ptII/ptolemy/actor/lib/test/auto/RampFiringLimitDE.xml (RunModel)" time="0.011" />
  <testcase classname="ptolemy.util.test.junit.AutoTests" name="[305] /home/travis/build/icyphy/ptII/ptolemy/actor/lib/test/auto/RampFiringLimitSDF.xml (RunModel)" time="0.01" />
  <testcase classname="ptolemy.util.test.junit.AutoTests" name="[306] /home/travis/build/icyphy/ptII/ptolemy/actor/lib/test/auto/RandomInteger.xml (RunModel)" time="0.011" />
  <testcase classname="ptolemy.util.test.junit.AutoTests" name="[307] /home/travis/build/icyphy/ptII/ptolemy/actor/lib/test/auto/ReadFile1.xml (RunModel)" time="0.009" />
  <testcase classname="ptolemy.util.test.junit.AutoTests" name="[308] /home/travis/build/icyphy/ptII/ptolemy/actor/lib/test/auto/ReadFile2.xml (RunModel)" time="0.008" />
  <testcase classname="ptolemy.util.test.junit.AutoTests" name="[309] /home/travis/build/icyphy/ptII/ptolemy/actor/lib/test/auto/Reader.xml (RunModel)" time="0.015" />
  <testcase classname="ptolemy.util.test.junit.AutoTests" name="[310] /home/travis/build/icyphy/ptII/ptolemy/actor/lib/test/auto/RecordAssemblerDisplayNameTest.xml (RunModel)" time="3.804" />
  <testcase classname="ptolemy.util.test.junit.AutoTests" name="[311] /home/travis/build/icyphy/ptII/ptolemy/actor/lib/test/auto/RecordAssemblerTypeError.xml (RunModel)" time="0.053" />
  <testcase classname="ptolemy.util.test.junit.AutoTests" name="[312] /home/travis/build/icyphy/ptII/ptolemy/actor/lib/test/auto/RecordDisassember.xml (RunModel)" time="0.024" />
  <testcase classname="ptolemy.util.test.junit.AutoTests" name="[313] /home/travis/build/icyphy/ptII/ptolemy/actor/lib/test/auto/RecordDisassemberDisplayNameTest.xml (RunModel)" time="0.02" />
  <testcase classname="ptolemy.util.test.junit.AutoTests" name="[314] /home/travis/build/icyphy/ptII/ptolemy/actor/lib/test/auto/RecordDisassembler.xml (RunModel)" time="0.013" />
  <testcase classname="ptolemy.util.test.junit.AutoTests" name="[315] /home/travis/build/icyphy/ptII/ptolemy/actor/lib/test/auto/RecordDisassembler2.xml (RunModel)" time="0.011" />
  <testcase classname="ptolemy.util.test.junit.AutoTests" name="[316] /home/travis/build/icyphy/ptII/ptolemy/actor/lib/test/auto/RecordUpdater.xml (RunModel)" time="0.009" />
  <testcase classname="ptolemy.util.test.junit.AutoTests" name="[317] /home/travis/build/icyphy/ptII/ptolemy/actor/lib/test/auto/RecordUpdater2.xml (RunModel)" time="0.009" />
  <testcase classname="ptolemy.util.test.junit.AutoTests" name="[318] /home/travis/build/icyphy/ptII/ptolemy/actor/lib/test/auto/RecursiveLattice.xml (RunModel)" time="0.009" />
  <testcase classname="ptolemy.util.test.junit.AutoTests" name="[319] /home/travis/build/icyphy/ptII/ptolemy/actor/lib/test/auto/Router.xml (RunModel)" time="3.026" />
  <testcase classname="ptolemy.util.test.junit.AutoTests" name="[320] /home/travis/build/icyphy/ptII/ptolemy/actor/lib/test/auto/Router2.xml (RunModel)" time="3.039" />
  <testcase classname="ptolemy.util.test.junit.AutoTests" name="[321] /home/travis/build/icyphy/ptII/ptolemy/actor/lib/test/auto/RunningMaximum.xml (RunModel)" time="0.024" />
  <testcase classname="ptolemy.util.test.junit.AutoTests" name="[322] /home/travis/build/icyphy/ptII/ptolemy/actor/lib/test/auto/RunningMinimum.xml (RunModel)" time="0.02" />
  <testcase classname="ptolemy.util.test.junit.AutoTests" name="[323] /home/travis/build/icyphy/ptII/ptolemy/actor/lib/test/auto/Scale.xml (RunModel)" time="0.019" />
  <testcase classname="ptolemy.util.test.junit.AutoTests" name="[324] /home/travis/build/icyphy/ptII/ptolemy/actor/lib/test/auto/Scale2.xml (RunModel)" time="0.01" />
  <testcase classname="ptolemy.util.test.junit.AutoTests" name="[325] /home/travis/build/icyphy/ptII/ptolemy/actor/lib/test/auto/Scale3.xml (RunModel)" time="0.02" />
  <testcase classname="ptolemy.util.test.junit.AutoTests" name="[326] /home/travis/build/icyphy/ptII/ptolemy/actor/lib/test/auto/ScaleArray.xml (RunModel)" time="0.008" />
  <testcase classname="ptolemy.util.test.junit.AutoTests" name="[327] /home/travis/build/icyphy/ptII/ptolemy/actor/lib/test/auto/ScaleArray2.xml (RunModel)" time="0.009" />
  <testcase classname="ptolemy.util.test.junit.AutoTests" name="[328] /home/travis/build/icyphy/ptII/ptolemy/actor/lib/test/auto/ScaleMatrix.xml (RunModel)" time="0.187" />
  <testcase classname="ptolemy.util.test.junit.AutoTests" name="[329] /home/travis/build/icyphy/ptII/ptolemy/actor/lib/test/auto/Select.xml (RunModel)" time="0.014" />
  <testcase classname="ptolemy.util.test.junit.AutoTests" name="[330] /home/travis/build/icyphy/ptII/ptolemy/actor/lib/test/auto/Select2.xml (RunModel)" time="0.008" />
  <testcase classname="ptolemy.util.test.junit.AutoTests" name="[331] /home/travis/build/icyphy/ptII/ptolemy/actor/lib/test/auto/SequenceToArray2.xml (RunModel)" time="0.156" />
  <testcase classname="ptolemy.util.test.junit.AutoTests" name="[332] /home/travis/build/icyphy/ptII/ptolemy/actor/lib/test/auto/SequentialClock.xml (RunModel)" time="0.015" />
  <testcase classname="ptolemy.util.test.junit.AutoTests" name="[333] /home/travis/build/icyphy/ptII/ptolemy/actor/lib/test/auto/SetVariable.xml (RunModel)" time="0.014" />
  <testcase classname="ptolemy.util.test.junit.AutoTests" name="[334] /home/travis/build/icyphy/ptII/ptolemy/actor/lib/test/auto/SetVariable2.xml (RunModel)" time="0.009" />
  <testcase classname="ptolemy.util.test.junit.AutoTests" name="[335] /home/travis/build/icyphy/ptII/ptolemy/actor/lib/test/auto/SetVariable3.xml (RunModel)" time="0.02" />
  <testcase classname="ptolemy.util.test.junit.AutoTests" name="[336] /home/travis/build/icyphy/ptII/ptolemy/actor/lib/test/auto/SetVariable4.xml (RunModel)" time="0.025" />
  <testcase classname="ptolemy.util.test.junit.AutoTests" name="[337] /home/travis/build/icyphy/ptII/ptolemy/actor/lib/test/auto/SetVariable5.xml (RunModel)" time="0.03" />
  <testcase classname="ptolemy.util.test.junit.AutoTests" name="[338] /home/travis/build/icyphy/ptII/ptolemy/actor/lib/test/auto/Sinewave.xml (RunModel)" time="0.026" />
  <testcase classname="ptolemy.util.test.junit.AutoTests" name="[339] /home/travis/build/icyphy/ptII/ptolemy/actor/lib/test/auto/Sinewave2.xml (RunModel)" time="0.017" />
  <testcase classname="ptolemy.util.test.junit.AutoTests" name="[340] /home/travis/build/icyphy/ptII/ptolemy/actor/lib/test/auto/Sinewave3.xml (RunModel)" time="0.02" />
  <testcase classname="ptolemy.util.test.junit.AutoTests" name="[341] /home/travis/build/icyphy/ptII/ptolemy/actor/lib/test/auto/SingleEvent.xml (RunModel)" time="0.007" />
  <testcase classname="ptolemy.util.test.junit.AutoTests" name="[342] /home/travis/build/icyphy/ptII/ptolemy/actor/lib/test/auto/Sleep.xml (RunModel)" time="6.023" />
  <testcase classname="ptolemy.util.test.junit.AutoTests" name="[343] /home/travis/build/icyphy/ptII/ptolemy/actor/lib/test/auto/SleepMultipleFire.xml (RunModel)" time="1.027" />
  <testcase classname="ptolemy.util.test.junit.AutoTests" name="[344] /home/travis/build/icyphy/ptII/ptolemy/actor/lib/test/auto/StopDE.xml (RunModel)" time="0.018" />
  <testcase classname="ptolemy.util.test.junit.AutoTests" name="[345] /home/travis/build/icyphy/ptII/ptolemy/actor/lib/test/auto/StopSDF.xml (RunModel)" time="0.011" />
  <testcase classname="ptolemy.util.test.junit.AutoTests" name="[346] /home/travis/build/icyphy/ptII/ptolemy/actor/lib/test/auto/StringConstant.xml (RunModel)" time="0.017" />
  <testcase classname="ptolemy.util.test.junit.AutoTests" name="[347] /home/travis/build/icyphy/ptII/ptolemy/actor/lib/test/auto/SubscriberPortInitialValues1.xml (RunModel)" time="0.023" />
  <testcase classname="ptolemy.util.test.junit.AutoTests" name="[348] /home/travis/build/icyphy/ptII/ptolemy/actor/lib/test/auto/SubscriberPortInitialValues13.xml (RunModel)" time="0.035" />
  <testcase classname="ptolemy.util.test.junit.AutoTests" name="[349] /home/travis/build/icyphy/ptII/ptolemy/actor/lib/test/auto/SubscriberPortInitialValues14.xml (RunModel)" time="0.018" />
  <testcase classname="ptolemy.util.test.junit.AutoTests" name="[350] /home/travis/build/icyphy/ptII/ptolemy/actor/lib/test/auto/SubscriberPortInitialValues2.xml (RunModel)" time="0.019" />
  <testcase classname="ptolemy.util.test.junit.AutoTests" name="[351] /home/travis/build/icyphy/ptII/ptolemy/actor/lib/test/auto/SubscriberPortInitialValues3.xml (RunModel)" time="0.021" />
  <testcase classname="ptolemy.util.test.junit.AutoTests" name="[352] /home/travis/build/icyphy/ptII/ptolemy/actor/lib/test/auto/SubscriptionAggregator.xml (RunModel)" time="0.012" />
  <testcase classname="ptolemy.util.test.junit.AutoTests" name="[353] /home/travis/build/icyphy/ptII/ptolemy/actor/lib/test/auto/SubscriptionAggregator2.xml (RunModel)" time="0.012" />
  <testcase classname="ptolemy.util.test.junit.AutoTests" name="[354] /home/travis/build/icyphy/ptII/ptolemy/actor/lib/test/auto/SubscriptionAggregator3.xml (RunModel)" time="0.019" />
  <testcase classname="ptolemy.util.test.junit.AutoTests" name="[355] /home/travis/build/icyphy/ptII/ptolemy/actor/lib/test/auto/SubscriptionAggregatorMultiply.xml (RunModel)" time="0.016" />
  <testcase classname="ptolemy.util.test.junit.AutoTests" name="[356] /home/travis/build/icyphy/ptII/ptolemy/actor/lib/test/auto/SubscriptionAggregatorPortMultiply1.xml (RunModel)" time="0.014" />
  <testcase classname="ptolemy.util.test.junit.AutoTests" name="[357] /home/travis/build/icyphy/ptII/ptolemy/actor/lib/test/auto/Switch.xml (RunModel)" time="0.02" />
  <testcase classname="ptolemy.util.test.junit.AutoTests" name="[358] /home/travis/build/icyphy/ptII/ptolemy/actor/lib/test/auto/Switch2.xml (RunModel)" time="0.011" />
  <testcase classname="ptolemy.util.test.junit.AutoTests" name="[359] /home/travis/build/icyphy/ptII/ptolemy/actor/lib/test/auto/SwitchDE.xml (RunModel)" time="0.016" />
  <testcase classname="ptolemy.util.test.junit.AutoTests" name="[360] /home/travis/build/icyphy/ptII/ptolemy/actor/lib/test/auto/SynchronizerDE.xml (RunModel)" time="0.037" />
  <testcase classname="ptolemy.util.test.junit.AutoTests" name="[361] /home/travis/build/icyphy/ptII/ptolemy/actor/lib/test/auto/Test.xml (RunModel)" time="0.009" />
  <testcase classname="ptolemy.util.test.junit.AutoTests" name="[362] /home/travis/build/icyphy/ptII/ptolemy/actor/lib/test/auto/TestExceptionAttribute1.xml (RunModel)" time="0.008" />
  <testcase classname="ptolemy.util.test.junit.AutoTests" name="[363] /home/travis/build/icyphy/ptII/ptolemy/actor/lib/test/auto/TestExceptionAttribute2.xml (RunModel)" time="0.008" />
  <testcase classname="ptolemy.util.test.junit.AutoTests" name="[364] /home/travis/build/icyphy/ptII/ptolemy/actor/lib/test/auto/TestExceptionAttribute3.xml (RunModel)" time="0.011" />
  <testcase classname="ptolemy.util.test.junit.AutoTests" name="[365] /home/travis/build/icyphy/ptII/ptolemy/actor/lib/test/auto/TestExceptionAttribute4.xml (RunModel)" time="0.008" />
  <testcase classname="ptolemy.util.test.junit.AutoTests" name="[366] /home/travis/build/icyphy/ptII/ptolemy/actor/lib/test/auto/TestExceptionHandler1.xml (RunModel)" time="0.01" />
  <testcase classname="ptolemy.util.test.junit.AutoTests" name="[367] /home/travis/build/icyphy/ptII/ptolemy/actor/lib/test/auto/TestExceptionHandler2.xml (RunModel)" time="0.012" />
  <testcase classname="ptolemy.util.test.junit.AutoTests" name="[368] /home/travis/build/icyphy/ptII/ptolemy/actor/lib/test/auto/TestExceptionHandler3.xml (RunModel)" time="0.009" />
  <testcase classname="ptolemy.util.test.junit.AutoTests" name="[369] /home/travis/build/icyphy/ptII/ptolemy/actor/lib/test/auto/TestExceptionHandler4.xml (RunModel)" time="0.008" />
  <testcase classname="ptolemy.util.test.junit.AutoTests" name="[370] /home/travis/build/icyphy/ptII/ptolemy/actor/lib/test/auto/TestRequireCorrectOrder.xml (RunModel)" time="0.018" />
  <testcase classname="ptolemy.util.test.junit.AutoTests" name="[371] /home/travis/build/icyphy/ptII/ptolemy/actor/lib/test/auto/TestSimple.xml (RunModel)" time="0.009" />
  <testcase classname="ptolemy.util.test.junit.AutoTests" name="[372] /home/travis/build/icyphy/ptII/ptolemy/actor/lib/test/auto/ThrowModelError.xml (RunModel)" time="0.014" />
  <testcase classname="ptolemy.util.test.junit.AutoTests" name="[373] /home/travis/build/icyphy/ptII/ptolemy/actor/lib/test/auto/TimeDelayMicrosteps.xml (RunModel)" time="0.014" />
  <testcase classname="ptolemy.util.test.junit.AutoTests" name="[374] /home/travis/build/icyphy/ptII/ptolemy/actor/lib/test/auto/TimeDelayMicrosteps2.xml (RunModel)" time="0.02" />
  <testcase classname="ptolemy.util.test.junit.AutoTests" name="[375] /home/travis/build/icyphy/ptII/ptolemy/actor/lib/test/auto/TimeDelayMicrosteps3.xml (RunModel)" time="0.013" />
  <testcase classname="ptolemy.util.test.junit.AutoTests" name="[376] /home/travis/build/icyphy/ptII/ptolemy/actor/lib/test/auto/TimeDelayVariableMicrosteps.xml (RunModel)" time="0.014" />
  <testcase classname="ptolemy.util.test.junit.AutoTests" name="[377] /home/travis/build/icyphy/ptII/ptolemy/actor/lib/test/auto/TimeGap.xml (RunModel)" time="0.017" />
  <testcase classname="ptolemy.util.test.junit.AutoTests" name="[378] /home/travis/build/icyphy/ptII/ptolemy/actor/lib/test/auto/TimeGap2.xml (RunModel)" time="0.012" />
  <testcase classname="ptolemy.util.test.junit.AutoTests" name="[379] /home/travis/build/icyphy/ptII/ptolemy/actor/lib/test/auto/TimedSinewave.xml (RunModel)" time="0.054" />
  <testcase classname="ptolemy.util.test.junit.AutoTests" name="[380] /home/travis/build/icyphy/ptII/ptolemy/actor/lib/test/auto/TimedSinewavePhase.xml (RunModel)" time="0.034" />
  <testcase classname="ptolemy.util.test.junit.AutoTests" name="[381] /home/travis/build/icyphy/ptII/ptolemy/actor/lib/test/auto/Timer.xml (RunModel)" time="0.017" />
  <testcase classname="ptolemy.util.test.junit.AutoTests" name="[382] /home/travis/build/icyphy/ptII/ptolemy/actor/lib/test/auto/TriangularDistTestModel.xml (RunModel)" time="0.021" />
  <testcase classname="ptolemy.util.test.junit.AutoTests" name="[383] /home/travis/build/icyphy/ptII/ptolemy/actor/lib/test/auto/TrigFunction.xml (RunModel)" time="0.008" />
  <testcase classname="ptolemy.util.test.junit.AutoTests" name="[384] /home/travis/build/icyphy/ptII/ptolemy/actor/lib/test/auto/TrigFunctionDE.xml (RunModel)" time="0.011" />
  <testcase classname="ptolemy.util.test.junit.AutoTests" name="[385] /home/travis/build/icyphy/ptII/ptolemy/actor/lib/test/auto/TrigFunctionInverse.xml (RunModel)" time="0.011" />
  <testcase classname="ptolemy.util.test.junit.AutoTests" name="[386] /home/travis/build/icyphy/ptII/ptolemy/actor/lib/test/auto/TrigFunctionTan.xml (RunModel)" time="0.007" />
  <testcase classname="ptolemy.util.test.junit.AutoTests" name="[387] /home/travis/build/icyphy/ptII/ptolemy/actor/lib/test/auto/TriggeredClock.xml (RunModel)" time="0.009" />
  <testcase classname="ptolemy.util.test.junit.AutoTests" name="[388] /home/travis/build/icyphy/ptII/ptolemy/actor/lib/test/auto/URLDirectoryReader.xml (RunModel)" time="0.141" />
  <testcase classname="ptolemy.util.test.junit.AutoTests" name="[389] /home/travis/build/icyphy/ptII/ptolemy/actor/lib/test/auto/URLDirectoryReader3.xml (RunModel)" time="1.318" />
  <testcase classname="ptolemy.util.test.junit.AutoTests" name="[390] /home/travis/build/icyphy/ptII/ptolemy/actor/lib/test/auto/UnaryMathFunction.xml (RunModel)" time="0.048" />
  <testcase classname="ptolemy.util.test.junit.AutoTests" name="[391] /home/travis/build/icyphy/ptII/ptolemy/actor/lib/test/auto/Uniform.xml (RunModel)" time="0.014" />
  <testcase classname="ptolemy.util.test.junit.AutoTests" name="[392] /home/travis/build/icyphy/ptII/ptolemy/actor/lib/test/auto/UnionDisassemblerTest.xml (RunModel)" time="0.017" />
  <testcase classname="ptolemy.util.test.junit.AutoTests" name="[393] /home/travis/build/icyphy/ptII/ptolemy/actor/lib/test/auto/UtilityFunctions.xml (RunModel)" time="0.014" />
  <testcase classname="ptolemy.util.test.junit.AutoTests" name="[394] /home/travis/build/icyphy/ptII/ptolemy/actor/lib/test/auto/VariableSleep.xml (RunModel)" time="0.513" />
  <testcase classname="ptolemy.util.test.junit.AutoTests" name="[395] /home/travis/build/icyphy/ptII/ptolemy/actor/lib/test/auto/VectorAssemblerDisassemblerCT.xml (RunModel)" time="0.129" />
  <testcase classname="ptolemy.util.test.junit.AutoTests" name="[396] /home/travis/build/icyphy/ptII/ptolemy/actor/lib/test/auto/VectorAssemblerDisassemblerDE.xml (RunModel)" time="0.013" />
  <testcase classname="ptolemy.util.test.junit.AutoTests" name="[397] /home/travis/build/icyphy/ptII/ptolemy/actor/lib/test/auto/VectorAssemblerDisassemblerSDF.xml (RunModel)" time="0.011" />
  <testcase classname="ptolemy.util.test.junit.AutoTests" name="[398] /home/travis/build/icyphy/ptII/ptolemy/actor/lib/test/auto/WallClockTime.xml (RunModel)" time="1.013" />
  <testcase classname="ptolemy.util.test.junit.AutoTests" name="[399] /home/travis/build/icyphy/ptII/ptolemy/actor/lib/test/auto/WidthTestWithSubscriberPublisher.xml (RunModel)" time="0.041" />
  <testcase classname="ptolemy.util.test.junit.AutoTests" name="[400] /home/travis/build/icyphy/ptII/ptolemy/actor/lib/test/auto/WidthTestWithSubscriberPublisher2.xml (RunModel)" time="0.018" />
  <testcase classname="ptolemy.util.test.junit.AutoTests" name="[401] /home/travis/build/icyphy/ptII/ptolemy/actor/lib/test/auto/WidthTestWithSubscriberPublisher3.xml (RunModel)" time="0.014" />
  <testcase classname="ptolemy.util.test.junit.AutoTests" name="[402] /home/travis/build/icyphy/ptII/ptolemy/actor/lib/test/auto/Writer.xml (RunModel)" time="0.008" />
  <testcase classname="ptolemy.util.test.junit.AutoTests" name="[403] /home/travis/build/icyphy/ptII/ptolemy/actor/lib/test/auto/array.xml (RunModel)" time="0.01" />
  <testcase classname="ptolemy.util.test.junit.AutoTests" name="[404] /home/travis/build/icyphy/ptII/ptolemy/actor/lib/test/auto/array2.xml (RunModel)" time="0.01" />
  <testcase classname="ptolemy.util.test.junit.AutoTests" name="[405] /home/travis/build/icyphy/ptII/ptolemy/actor/lib/test/auto/arrayType.xml (RunModel)" time="0.012" />
  <testcase classname="ptolemy.util.test.junit.AutoTests" name="[406] /home/travis/build/icyphy/ptII/ptolemy/actor/lib/test/auto/arrayType10.xml (RunModel)" time="0.01" />
  <testcase classname="ptolemy.util.test.junit.AutoTests" name="[407] /home/travis/build/icyphy/ptII/ptolemy/actor/lib/test/auto/arrayType11.xml (RunModel)" time="0.009" />
  <testcase classname="ptolemy.util.test.junit.AutoTests" name="[408] /home/travis/build/icyphy/ptII/ptolemy/actor/lib/test/auto/arrayType12.xml (RunModel)" time="0.01" />
  <testcase classname="ptolemy.util.test.junit.AutoTests" name="[409] /home/travis/build/icyphy/ptII/ptolemy/actor/lib/test/auto/arrayType13.xml (RunModel)" time="0.009" />
  <testcase classname="ptolemy.util.test.junit.AutoTests" name="[410] /home/travis/build/icyphy/ptII/ptolemy/actor/lib/test/auto/arrayType14.xml (RunModel)" time="0.009" />
  <testcase classname="ptolemy.util.test.junit.AutoTests" name="[411] /home/travis/build/icyphy/ptII/ptolemy/actor/lib/test/auto/arrayType15.xml (RunModel)" time="0.011" />
  <testcase classname="ptolemy.util.test.junit.AutoTests" name="[412] /home/travis/build/icyphy/ptII/ptolemy/actor/lib/test/auto/arrayType16.xml (RunModel)" time="0.01" />
  <testcase classname="ptolemy.util.test.junit.AutoTests" name="[413] /home/travis/build/icyphy/ptII/ptolemy/actor/lib/test/auto/arrayType17.xml (RunModel)" time="0.009" />
  <testcase classname="ptolemy.util.test.junit.AutoTests" name="[414] /home/travis/build/icyphy/ptII/ptolemy/actor/lib/test/auto/arrayType18.xml (RunModel)" time="0.008" />
  <testcase classname="ptolemy.util.test.junit.AutoTests" name="[415] /home/travis/build/icyphy/ptII/ptolemy/actor/lib/test/auto/arrayType19.xml (RunModel)" time="0.009" />
  <testcase classname="ptolemy.util.test.junit.AutoTests" name="[416] /home/travis/build/icyphy/ptII/ptolemy/actor/lib/test/auto/arrayType2.xml (RunModel)" time="0.009" />
  <testcase classname="ptolemy.util.test.junit.AutoTests" name="[417] /home/travis/build/icyphy/ptII/ptolemy/actor/lib/test/auto/arrayType20.xml (RunModel)" time="0.009" />
  <testcase classname="ptolemy.util.test.junit.AutoTests" name="[418] /home/travis/build/icyphy/ptII/ptolemy/actor/lib/test/auto/arrayType21.xml (RunModel)" time="0.008" />
  <testcase classname="ptolemy.util.test.junit.AutoTests" name="[419] /home/travis/build/icyphy/ptII/ptolemy/actor/lib/test/auto/arrayType22.xml (RunModel)" time="0.008" />
  <testcase classname="ptolemy.util.test.junit.AutoTests" name="[420] /home/travis/build/icyphy/ptII/ptolemy/actor/lib/test/auto/arrayType23.xml (RunModel)" time="0.009" />
  <testcase classname="ptolemy.util.test.junit.AutoTests" name="[421] /home/travis/build/icyphy/ptII/ptolemy/actor/lib/test/auto/arrayType24.xml (RunModel)" time="0.009" />
  <testcase classname="ptolemy.util.test.junit.AutoTests" name="[422] /home/travis/build/icyphy/ptII/ptolemy/actor/lib/test/auto/arrayType25.xml (RunModel)" time="0.009" />
  <testcase classname="ptolemy.util.test.junit.AutoTests" name="[423] /home/travis/build/icyphy/ptII/ptolemy/actor/lib/test/auto/arrayType26.xml (RunModel)" time="0.009" />
  <testcase classname="ptolemy.util.test.junit.AutoTests" name="[424] /home/travis/build/icyphy/ptII/ptolemy/actor/lib/test/auto/arrayType27.xml (RunModel)" time="0.011" />
  <testcase classname="ptolemy.util.test.junit.AutoTests" name="[425] /home/travis/build/icyphy/ptII/ptolemy/actor/lib/test/auto/arrayType28.xml (RunModel)" time="0.018" />
  <testcase classname="ptolemy.util.test.junit.AutoTests" name="[426] /home/travis/build/icyphy/ptII/ptolemy/actor/lib/test/auto/arrayType3.xml (RunModel)" time="0.01" />
  <testcase classname="ptolemy.util.test.junit.AutoTests" name="[427] /home/travis/build/icyphy/ptII/ptolemy/actor/lib/test/auto/arrayType4.xml (RunModel)" time="0.009" />
  <testcase classname="ptolemy.util.test.junit.AutoTests" name="[428] /home/travis/build/icyphy/ptII/ptolemy/actor/lib/test/auto/arrayType5.xml (RunModel)" time="0.009" />
  <testcase classname="ptolemy.util.test.junit.AutoTests" name="[429] /home/travis/build/icyphy/ptII/ptolemy/actor/lib/test/auto/arrayType6.xml (RunModel)" time="0.007" />
  <testcase classname="ptolemy.util.test.junit.AutoTests" name="[430] /home/travis/build/icyphy/ptII/ptolemy/actor/lib/test/auto/arrayType7.xml (RunModel)" time="0.008" />
  <testcase classname="ptolemy.util.test.junit.AutoTests" name="[431] /home/travis/build/icyphy/ptII/ptolemy/actor/lib/test/auto/arrayType8.xml (RunModel)" time="0.047" />
  <testcase classname="ptolemy.util.test.junit.AutoTests" name="[432] /home/travis/build/icyphy/ptII/ptolemy/actor/lib/test/auto/arrayType9.xml (RunModel)" time="0.033" />
  <testcase classname="ptolemy.util.test.junit.AutoTests" name="[433] /home/travis/build/icyphy/ptII/ptolemy/actor/lib/test/auto/cast.xml (RunModel)" time="0.016" />
  <testcase classname="ptolemy.util.test.junit.AutoTests" name="[434] /home/travis/build/icyphy/ptII/ptolemy/actor/lib/test/auto/compositeMultiPort.xml (RunModel)" time="0.017" />
  <testcase classname="ptolemy.util.test.junit.AutoTests" name="[435] /home/travis/build/icyphy/ptII/ptolemy/actor/lib/test/auto/expressionCastInference.xml (RunModel)" time="0.027" />
  <testcase classname="ptolemy.util.test.junit.AutoTests" name="[436] /home/travis/build/icyphy/ptII/ptolemy/actor/lib/test/auto/expressionCastInference2.xml (RunModel)" time="0.036" />
  <testcase classname="ptolemy.util.test.junit.AutoTests" name="[437] /home/travis/build/icyphy/ptII/ptolemy/actor/lib/test/auto/expressionInference.xml (RunModel)" time="0.047" />
  <testcase classname="ptolemy.util.test.junit.AutoTests" name="[438] /home/travis/build/icyphy/ptII/ptolemy/actor/lib/test/auto/expression_bug.xml (RunModel)" time="0.025" />
  <testcase classname="ptolemy.util.test.junit.AutoTests" name="[439] /home/travis/build/icyphy/ptII/ptolemy/actor/lib/test/auto/factorial.xml (RunModel)" time="0.052" />
  <testcase classname="ptolemy.util.test.junit.AutoTests" name="[440] /home/travis/build/icyphy/ptII/ptolemy/actor/lib/test/auto/filterTest1.xml (RunModel)" time="0.013" />
  <testcase classname="ptolemy.util.test.junit.AutoTests" name="[441] /home/travis/build/icyphy/ptII/ptolemy/actor/lib/test/auto/funcApplyInConst.xml (RunModel)" time="0.006" />
  <testcase classname="ptolemy.util.test.junit.AutoTests" name="[442] /home/travis/build/icyphy/ptII/ptolemy/actor/lib/test/auto/funcApplyInExpr.xml (RunModel)" time="0.012" />
  <testcase classname="ptolemy.util.test.junit.AutoTests" name="[443] /home/travis/build/icyphy/ptII/ptolemy/actor/lib/test/auto/function.xml (RunModel)" time="0.01" />
  <testcase classname="ptolemy.util.test.junit.AutoTests" name="[444] /home/travis/build/icyphy/ptII/ptolemy/actor/lib/test/auto/function2.xml (RunModel)" time="0.012" />
  <testcase classname="ptolemy.util.test.junit.AutoTests" name="[445] /home/travis/build/icyphy/ptII/ptolemy/actor/lib/test/auto/function3.xml (RunModel)" time="0.013" />
  <testcase classname="ptolemy.util.test.junit.AutoTests" name="[446] /home/travis/build/icyphy/ptII/ptolemy/actor/lib/test/auto/functionClosureTest1.xml (RunModel)" time="0.011" />
  <testcase classname="ptolemy.util.test.junit.AutoTests" name="[447] /home/travis/build/icyphy/ptII/ptolemy/actor/lib/test/auto/functionClosureTest2.xml (RunModel)" time="0.007" />
  <testcase classname="ptolemy.util.test.junit.AutoTests" name="[448] /home/travis/build/icyphy/ptII/ptolemy/actor/lib/test/auto/functionClosureTest3.xml (RunModel)" time="0.011" />
  <testcase classname="ptolemy.util.test.junit.AutoTests" name="[449] /home/travis/build/icyphy/ptII/ptolemy/actor/lib/test/auto/functionClosureTest4.xml (RunModel)" time="0.016" />
  <testcase classname="ptolemy.util.test.junit.AutoTests" name="[450] /home/travis/build/icyphy/ptII/ptolemy/actor/lib/test/auto/functionClosureTest5.xml (RunModel)" time="0.013" />
  <testcase classname="ptolemy.util.test.junit.AutoTests" name="[451] /home/travis/build/icyphy/ptII/ptolemy/actor/lib/test/auto/functionClosureTest6.xml (RunModel)" time="0.009" />
  <testcase classname="ptolemy.util.test.junit.AutoTests" name="[452] /home/travis/build/icyphy/ptII/ptolemy/actor/lib/test/auto/functionsOnArcs.xml (RunModel)" time="0.01" />
  <testcase classname="ptolemy.util.test.junit.AutoTests" name="[453] /home/travis/build/icyphy/ptII/ptolemy/actor/lib/test/auto/functionsOnArcsHOF.xml (RunModel)" time="0.014" />
  <testcase classname="ptolemy.util.test.junit.AutoTests" name="[454] /home/travis/build/icyphy/ptII/ptolemy/actor/lib/test/auto/logic.xml (RunModel)" time="0.018" />
  <testcase classname="ptolemy.util.test.junit.AutoTests" name="[455] /home/travis/build/icyphy/ptII/ptolemy/actor/lib/test/auto/matrixType.xml (RunModel)" time="0.01" />
  <testcase classname="ptolemy.util.test.junit.AutoTests" name="[456] /home/travis/build/icyphy/ptII/ptolemy/actor/lib/test/auto/matrixType10.xml (RunModel)" time="0.009" />
  <testcase classname="ptolemy.util.test.junit.AutoTests" name="[457] /home/travis/build/icyphy/ptII/ptolemy/actor/lib/test/auto/matrixType11.xml (RunModel)" time="0.008" />
  <testcase classname="ptolemy.util.test.junit.AutoTests" name="[458] /home/travis/build/icyphy/ptII/ptolemy/actor/lib/test/auto/matrixType12.xml (RunModel)" time="0.011" />
  <testcase classname="ptolemy.util.test.junit.AutoTests" name="[459] /home/travis/build/icyphy/ptII/ptolemy/actor/lib/test/auto/matrixType13.xml (RunModel)" time="0.011" />
  <testcase classname="ptolemy.util.test.junit.AutoTests" name="[460] /home/travis/build/icyphy/ptII/ptolemy/actor/lib/test/auto/matrixType14.xml (RunModel)" time="0.01" />
  <testcase classname="ptolemy.util.test.junit.AutoTests" name="[461] /home/travis/build/icyphy/ptII/ptolemy/actor/lib/test/auto/matrixType2.xml (RunModel)" time="0.009" />
  <testcase classname="ptolemy.util.test.junit.AutoTests" name="[462] /home/travis/build/icyphy/ptII/ptolemy/actor/lib/test/auto/matrixType3.xml (RunModel)" time="0.012" />
  <testcase classname="ptolemy.util.test.junit.AutoTests" name="[463] /home/travis/build/icyphy/ptII/ptolemy/actor/lib/test/auto/matrixType4.xml (RunModel)" time="0.008" />
  <testcase classname="ptolemy.util.test.junit.AutoTests" name="[464] /home/travis/build/icyphy/ptII/ptolemy/actor/lib/test/auto/matrixType5.xml (RunModel)" time="0.007" />
  <testcase classname="ptolemy.util.test.junit.AutoTests" name="[465] /home/travis/build/icyphy/ptII/ptolemy/actor/lib/test/auto/matrixType6.xml (RunModel)" time="0.009" />
  <testcase classname="ptolemy.util.test.junit.AutoTests" name="[466] /home/travis/build/icyphy/ptII/ptolemy/actor/lib/test/auto/matrixType7.xml (RunModel)" time="0.009" />
  <testcase classname="ptolemy.util.test.junit.AutoTests" name="[467] /home/travis/build/icyphy/ptII/ptolemy/actor/lib/test/auto/matrixType8.xml (RunModel)" time="0.01" />
  <testcase classname="ptolemy.util.test.junit.AutoTests" name="[468] /home/travis/build/icyphy/ptII/ptolemy/actor/lib/test/auto/matrixType9.xml (RunModel)" time="0.009" />
  <testcase classname="ptolemy.util.test.junit.AutoTests" name="[469] /home/travis/build/icyphy/ptII/ptolemy/actor/lib/test/auto/paraFunctest.xml (RunModel)" time="0.008" />
  <testcase classname="ptolemy.util.test.junit.AutoTests" name="[470] /home/travis/build/icyphy/ptII/ptolemy/actor/lib/test/auto/paraFunctest2.xml (RunModel)" time="0.012" />
  <testcase classname="ptolemy.util.test.junit.AutoTests" name="[471] /home/travis/build/icyphy/ptII/ptolemy/actor/lib/test/auto/parameterPassing.xml (RunModel)" time="0.007" />
  <testcase classname="ptolemy.util.test.junit.AutoTests" name="[472] /home/travis/build/icyphy/ptII/ptolemy/actor/lib/test/auto/record.xml (RunModel)" time="0.01" />
  <testcase classname="ptolemy.util.test.junit.AutoTests" name="[473] /home/travis/build/icyphy/ptII/ptolemy/actor/lib/test/auto/sizedarray1.xml (RunModel)" time="0.01" />
  <testcase classname="ptolemy.util.test.junit.AutoTests" name="[474] /home/travis/build/icyphy/ptII/ptolemy/actor/lib/test/auto/sizedarray2.xml (RunModel)" time="0.011" />
  <testcase classname="ptolemy.util.test.junit.AutoTests" name="[475] /home/travis/build/icyphy/ptII/ptolemy/actor/lib/test/auto/twoPublishers.xml (RunModel)" time="0.028" />
  <system-out><![CDATA[/home/travis/build/icyphy/ptII/ptolemy/actor/lib/test/AbsoluteValue.tcl
testDefs.tcl: setting time out to 9000 seconds at Mon Nov 25 06:26:24 UTC 2019
112 ms. Memory: 120832K Free: 85419K (71%)
5 ms. Memory: 120832K Free: 83899K (69%)
6 ms. Memory: 120832K Free: 82875K (69%)
5 ms. Memory: 120832K Free: 82347K (68%)
/home/travis/build/icyphy/ptII/ptolemy/actor/lib/test/AddSubtract.tcl
17 ms. Memory: 120832K Free: 80283K (66%)
6 ms. Memory: 120832K Free: 79771K (66%)
6 ms. Memory: 120832K Free: 78779K (65%)
20 ms. Memory: 120832K Free: 77755K (64%)
92 ms. Memory: 120832K Free: 75193K (62%)
12 ms. Memory: 120832K Free: 74163K (61%)
/home/travis/build/icyphy/ptII/ptolemy/actor/lib/test/Average.tcl
8 ms. Memory: 120832K Free: 72635K (60%)
19 ms. Memory: 120832K Free: 71611K (59%)
/home/travis/build/icyphy/ptII/ptolemy/actor/lib/test/Bernoulli.tcl
11 ms. Memory: 120832K Free: 69563K (58%)
2 ms. Memory: 120832K Free: 69563K (58%)
/home/travis/build/icyphy/ptII/ptolemy/actor/lib/test/Clock.tcl
preinitializing
resolving types
initializing
executing number 1
wrapping up
idle
28 ms. Memory: 120832K Free: 66491K (55%)
Completed execution with 5 iterations
preinitializing
resolving types
initializing
executing number 1
wrapping up
idle
16 ms. Memory: 120832K Free: 65947K (55%)
Completed execution with 5 iterations
preinitializing
resolving types
initializing
executing number 1
wrapping up
idle
12 ms. Memory: 120832K Free: 65467K (54%)
Completed execution with 5 iterations
/home/travis/build/icyphy/ptII/ptolemy/actor/lib/test/Commutator.tcl
15 ms. Memory: 120832K Free: 63419K (52%)
7 ms. Memory: 120832K Free: 62395K (52%)
21 ms. Memory: 120832K Free: 56747K (47%)
/home/travis/build/icyphy/ptII/ptolemy/actor/lib/test/Const.tcl
5 ms. Memory: 120832K Free: 55227K (46%)
3 ms. Memory: 120832K Free: 54713K (45%)
4 ms. Memory: 120832K Free: 54203K (45%)
2 ms. Memory: 120832K Free: 53690K (44%)
2 ms. Memory: 120832K Free: 52651K (44%)
21 ms. Memory: 120832K Free: 51131K (42%)
6 ms. Memory: 120832K Free: 50107K (41%)
12 ms. Memory: 120832K Free: 49083K (41%)
/home/travis/build/icyphy/ptII/ptolemy/actor/lib/test/CurrentTime.tcl
preinitializing
resolving types
initializing
executing number 1
wrapping up
idle
15 ms. Memory: 120832K Free: 47515K (39%)
Completed execution with 11 iterations
/home/travis/build/icyphy/ptII/ptolemy/actor/lib/test/DB.tcl
28 ms. Memory: 120832K Free: 107332K (89%)
2 ms. Memory: 120832K Free: 106822K (88%)
1 ms. Memory: 120832K Free: 106308K (88%)
/home/travis/build/icyphy/ptII/ptolemy/actor/lib/test/DiscreteRandomSource.tcl
preinitializing
resolving types
initializing
executing number 1
wrapping up
idle
12 ms. Memory: 120832K Free: 105060K (87%)
Completed execution with 4 iterations
preinitializing
21 ms. Memory: 120832K Free: 106371K (88%)
3 ms. Memory: 120832K Free: 106003K (88%)
8 ms. Memory: 120832K Free: 105422K (87%)
12 ms. Memory: 120832K Free: 105069K (87%)
/home/travis/build/icyphy/ptII/ptolemy/actor/lib/test/Distributor.tcl
5 ms. Memory: 120832K Free: 103374K (86%)
5 ms. Memory: 120832K Free: 102688K (85%)
StreamChangeRequest.changeExecuted(): <deleteEntity name="rec2"/> succeeded
StreamChangeRequest.changeExecuted(): <deleteRelation name="r2"/> succeeded
StreamChangeRequest.changeExecuted(): Record firings per iteration succeeded
10 ms. Memory: 120832K Free: 100280K (83%)
/home/travis/build/icyphy/ptII/ptolemy/actor/lib/test/Exit.tcl
Exit.tcl: this will print a message about Manager.exitAfterWrapup, which can be ignored.
15 ms. Memory: 120832K Free: 97354K (81%)
/home/travis/build/icyphy/ptII/ptolemy/actor/lib/test/Expression.tcl
14 ms. Memory: 120832K Free: 93821K (78%)
4 ms. Memory: 120832K Free: 93120K (77%)
3 ms. Memory: 120832K Free: 92448K (77%)
preinitializing
resolving types
initializing
executing number 1
wrapping up
idle
6 ms. Memory: 120832K Free: 91048K (75%)
Completed execution with 6 iterations
4 ms. Memory: 120832K Free: 90062K (75%)
3 ms. Memory: 120832K Free: 89376K (74%)
8 ms. Memory: 120832K Free: 105309K (87%)
4 ms. Memory: 120832K Free: 104271K (86%)
4 ms. Memory: 120832K Free: 103247K (85%)
/home/travis/build/icyphy/ptII/ptolemy/actor/lib/test/Gaussian.tcl
4 ms. Memory: 120832K Free: 101199K (84%)
sleeping 1 seconds: .....................................................................................................................................................................................................................................................................................................................................................................................................................................................................................................................................................................................................................................................................................................................................................................................................................................................................................................................................................................................................................................................................................................................................................................................................................................................................................................................................................................................................................................................................................................................................................................................................................................................................................................................................................................................................................................................................................................................................................................................................................................................................................................................................................................................................................................................................................................................................................................................................................................................................................................................................................................................................................................................................................................................................................................................................................................................................................................................................................................................................................................................................................................................................................................................................................................................................................................................................................................................................................................................................................................................................................................................................................................................................................................................................................................................................................................................................................................................................................................................................................................................................................................................................................................................................................................................................................................................................................................................................................................................................................................................................................................................................................................................................................................................................................................................................................................................................................................................................................................................................................................................................................................................................................................................................................................................................................................................................................................................................................................................................................................................................................................................................................................................................................................................................................................................................................................................................................................................................................................................................................................................................................................................................................................................................................................................................................................................................................................................................................................................................................................................................................................................................................................................................................................................................................................................................................................................................................................................................................................................................................................................................................................................................................................................................................................................................................................................................................................................................................................................................................................................................................................................................................................................................................................................................................................................................................................................................................................................................................................................................................................................................................................................................................................................................................................................................................................................................................................................................................................................................................................................................................................................................................................................................................................................................................................................................................................................................................................................................................................................................................................................................................................................................................................................................................................................................................................................................................................................................................................................................................................................................................................................................................................................................................................................................................................................................................................................................................................................................................................................................................................................................................................................................................................................................................................................................................................................................................................................................................................................................................................................................................................................................................................................................................................................................................................................................................................................................................................................................................................................................................................................................................................................................................................................................................................................................................................................................................................................................................................................................................................................................................................................................................................................................................................................................................................................................................................................................................................................................................................................................................................................................................................................................................................................................................................................................................................................................................................................................................................................................................................................................................................................................................................................................................................................................................................................................................................................................................................................................................................................................................................................................................................................................................................................................................................................................................................................................................................................................................................................................................................................................................................................................................................................................................................................................................................................................................................................................................................................................................................................................................................................................................................................................................................................................................................................................................................................................................................................................................................................................................................................................................................................................................................................................................................................................................................................................................................................................................................................................................................................................................................................................................................................................................................................................................................................................................................................................................................................................................................................................................................................................................................................................................................................................................................................................................................................................................................................................................................................................................................................................................................................................................................................................................................................................................................................................................................................................................................................................................................................................................................................................................................................................................................................................................................................................................................................................................................................................................................................................................................................................................................................................................................................................................................................................................................................................................................................................................................................................................................................................................................................................................................................................................................................................................................................................................................................................................................................................................................................................................................................................................................................................................................................................................................................................................................................................................................................................................................................................................................................................................................................................................................................................................................................................................................................................................................................................................................................................................................................................................................................................................................................................................................................................................................................................................................................................................................................................................................................................................................................................................................................................................................................................................................................................................................................................................................................................................................................................................................................................................................................................................................................................................................................................................................................................................................................................................................................................................................................................................................................................................................................................................................................................................................................................................................................................................................................................................................................................................................................................................................................................................7 ms. Memory: 120832K Free: 93527K (77%)
3 ms. Memory: 120832K Free: 92503K (77%)
3 ms. Memory: 120832K Free: 91959K (76%)
8 ms. Memory: 120832K Free: 91479K (76%)
13 ms. Memory: 120832K Free: 90951K (75%)
/home/travis/build/icyphy/ptII/ptolemy/actor/lib/test/IIR.tcl
/home/travis/build/icyphy/ptII/ptolemy/actor/lib/test/Interpolator.tcl
4 ms. Memory: 120832K Free: 86869K (72%)
3 ms. Memory: 120832K Free: 86359K (71%)
6 ms. Memory: 120832K Free: 85831K (71%)
7 ms. Memory: 120832K Free: 85335K (71%)
2 ms. Memory: 120832K Free: 84311K (70%)
2 ms. Memory: 120832K Free: 83797K (69%)
3 ms. Memory: 120832K Free: 82759K (68%)
2 ms. Memory: 120832K Free: 81719K (68%)
2 ms. Memory: 120832K Free: 81239K (67%)
2 ms. Memory: 120832K Free: 80215K (66%)
/home/travis/build/icyphy/ptII/ptolemy/actor/lib/test/MathFunction.tcl
4 ms. Memory: 120832K Free: 78167K (65%)
2 ms. Memory: 120832K Free: 77143K (64%)
2 ms. Memory: 120832K Free: 76119K (63%)
2 ms. Memory: 120832K Free: 75095K (62%)
4 ms. Memory: 120832K Free: 73543K (61%)
6 ms. Memory: 120832K Free: 72023K (60%)
/home/travis/build/icyphy/ptII/ptolemy/actor/lib/test/Maximum.tcl
4 ms. Memory: 120832K Free: 69975K (58%)
2 ms. Memory: 120832K Free: 69447K (57%)
3 ms. Memory: 120832K Free: 68437K (57%)
6 ms. Memory: 120832K Free: 67927K (56%)
/home/travis/build/icyphy/ptII/ptolemy/actor/lib/test/Minimum.tcl
8 ms. Memory: 120832K Free: 66389K (55%)
2 ms. Memory: 120832K Free: 65879K (55%)
2 ms. Memory: 120832K Free: 64855K (54%)
3 ms. Memory: 120832K Free: 64335K (53%)
/home/travis/build/icyphy/ptII/ptolemy/actor/lib/test/MultiplyDivide.tcl
4 ms. Memory: 120832K Free: 62293K (52%)
2 ms. Memory: 120832K Free: 61783K (51%)
4 ms. Memory: 120832K Free: 61269K (51%)
7 ms. Memory: 120832K Free: 60245K (50%)
6 ms. Memory: 120832K Free: 59735K (49%)
/home/travis/build/icyphy/ptII/ptolemy/actor/lib/test/OrderedMerge.tcl
Connections changed on port: inputA
Connections changed on port: inputB
Connections changed on port: output
Connections changed on port: output
Connections changed on port: output
Connections changed on port: input
.top. Preinitializing ...
Invoking preinitialize():  .top.OrderedMerge
Called preinitialize()
Invoking preinitialize():  .top.Ramp
Called preinitialize()
Invoking preinitialize():  .top.Ramp2
Called preinitialize()
Invoking preinitialize():  .top.Test
Called preinitialize()
Connections changed on port: inputA
Connections changed on port: output
Connections changed on port: output
Connections changed on port: input
Connections changed on port: inputB
Connections changed on port: output
.top. Finished preinitialize().
Called initialize().
Invoking initialize():  .top.OrderedMerge
Initializing actor: .top.OrderedMerge
Adding a thread: .top.OrderedMerge
Invoking initialize():  .top.Ramp
Initializing actor: .top.Ramp
Adding a thread: .top.Ramp
Invoking initialize():  .top.Ramp2
Initializing actor: .top.Ramp2
Adding a thread: .top.Ramp2
Invoking initialize():  .top.Test
Initializing actor: .top.Test
Adding a thread: .top.Test
Called fire().
Checking for deadlock:
-- Starting thread.
-- Starting thread.
-- Starting thread.
Called initialize()
Called initialize()
Called prefire()
Called fire()
Called prefire()
Called initialize()
Called fire()
Called prefire()
Called fire()
There are 0 Blocked actors, 0 Stopped actors, and 4 active threads.
Waiting for actors to stop.
Checking for deadlock:
-- Starting thread.
Called initialize()
Called prefire()
Called fire()
There are 1 Blocked actors, 0 Stopped actors, and 4 active threads.
Waiting for actors to stop.
Called postfire()
Called postfire()
Called prefire()
Called prefire()
Called fire()
Called fire()
Checking for deadlock:
There are 2 Blocked actors, 0 Stopped actors, and 4 active threads.
Waiting for actors to stop.
Called postfire()
Called prefire()
Called fire()
Checking for deadlock:
There are 3 Blocked actors, 0 Stopped actors, and 4 active threads.
Waiting for actors to stop.
Read input token from inputA with value 0.0
Next port to read input from is inputB
Called postfire()
Called prefire()
Called fire()
Checking for deadlock:
There are 2 Blocked actors, 0 Stopped actors, and 4 active threads.
Waiting for actors to stop.
Called postfire()
Called prefire()
Read input token from inputB with value 0.0
Called fire()
Checking for deadlock:
There are 3 Blocked actors, 0 Stopped actors, and 4 active threads.
Waiting for actors to stop.
-- Read input: 0.0, which is expected to match: 0.0
Called prefire()
Called fire()
Checking for deadlock:
There are 3 Blocked actors, 0 Stopped actors, and 4 active threads.
Waiting for actors to stop.
Sent output token with value 0.0
Next port to read input from is inputA
Called postfire()
Called prefire()
Called fire()
Read input token from inputA with value 1.0
Sent output token with value 0.0
Next port to read input from is inputB
Called postfire()
Called prefire()
Called fire()
Read input token from inputB with value 1.5
Called postfire()
Called postfire()
Checking for deadlock:
Called prefire()
Called fire()
There are 1 Blocked actors, 0 Stopped actors, and 4 active threads.
Waiting for actors to stop.
-- Read input: 0.0, which is expected to match: 0.0
Called prefire()
Called fire()
Called prefire()
Called fire()
Checking for deadlock:
There are 3 Blocked actors, 0 Stopped actors, and 4 active threads.
Waiting for actors to stop.
-- Read input: 1.0, which is expected to match: 1.0
Called prefire()
Called fire()
Checking for deadlock:
There are 3 Blocked actors, 0 Stopped actors, and 4 active threads.
Waiting for actors to stop.
Sent output token with value 1.0
Next port to read input from is inputA
Called postfire()
Called prefire()
Called fire()
Called postfire()
Called prefire()
Called fire()
Checking for deadlock:
There are 3 Blocked actors, 0 Stopped actors, and 4 active threads.
Waiting for actors to stop.
Read input token from inputA with value 2.0
-- Read input: 1.5, which is expected to match: 1.5
Called prefire()
Called fire()
Checking for deadlock:
There are 3 Blocked actors, 0 Stopped actors, and 4 active threads.
Waiting for actors to stop.
Sent output token with value 1.5
Next port to read input from is inputB
Called postfire()
Called prefire()
Called fire()
Checking for deadlock:
Called postfire()
There are 2 Blocked actors, 0 Stopped actors, and 4 active threads.
Called prefire()
Called fire()
Waiting for actors to stop.
Checking for deadlock:
There are 3 Blocked actors, 0 Stopped actors, and 4 active threads.
Waiting for actors to stop.
Read input token from inputB with value 3.0
Checking for deadlock:
There are 2 Blocked actors, 0 Stopped actors, and 4 active threads.
Waiting for actors to stop.
-- Read input: 2.0, which is expected to match: 2.0
Called prefire()
Called fire()
Checking for deadlock:
There are 3 Blocked actors, 0 Stopped actors, and 4 active threads.
Waiting for actors to stop.
Sent output token with value 2.0
Next port to read input from is inputA
Called postfire()
Called prefire()
Called fire()
Called postfire()
Called prefire()
Called fire()
Checking for deadlock:
There are 3 Blocked actors, 0 Stopped actors, and 4 active threads.
Waiting for actors to stop.
Read input token from inputA with value 3.0
-- Read input: 3.0, which is expected to match: 3.0
Called prefire()
Called fire()
Checking for deadlock:
There are 3 Blocked actors, 0 Stopped actors, and 4 active threads.
Waiting for actors to stop.
Sent output token with value 3.0
Next port to read input from is inputB
Called postfire()
Called prefire()
Called fire()
Checking for deadlock:
There are 2 Blocked actors, 0 Stopped actors, and 4 active threads.
Waiting for actors to stop.
Called postfire()
Called prefire()
Called fire()
Checking for deadlock:
There are 3 Blocked actors, 0 Stopped actors, and 4 active threads.
Waiting for actors to stop.
Read input token from inputB with value 4.5
Checking for deadlock:
There are 2 Blocked actors, 0 Stopped actors, and 4 active threads.
Waiting for actors to stop.
-- Read input: 3.0, which is expected to match: 3.0
Called prefire()
Called fire()
Checking for deadlock:
There are 3 Blocked actors, 0 Stopped actors, and 4 active threads.
Waiting for actors to stop.
Sent output token with value 3.0
Next port to read input from is inputA
Called postfire()
Called prefire()
Called fire()
Called postfire()
Called prefire()
Called fire()
Checking for deadlock:
There are 3 Blocked actors, 0 Stopped actors, and 4 active threads.
Waiting for actors to stop.
Read input token from inputA with value 4.0
-- Read input: 4.0, which is expected to match: 4.0
Called prefire()
Called fire()
Past the end of training data. Read and discard all inputs.
Checking for deadlock:
There are 3 Blocked actors, 0 Stopped actors, and 4 active threads.
Waiting for actors to stop.
Sent output token with value 4.0
Next port to read input from is inputA
Called postfire()
Called prefire()
Called fire()
Called postfire()
Called prefire()
Called fire()
Checking for deadlock:
There are 3 Blocked actors, 0 Stopped actors, and 4 active threads.
Waiting for actors to stop.
Read input token from inputA with value 5.0
Called prefire()
Called fire()
Past the end of training data. Read and discard all inputs.
Checking for deadlock:
There are 3 Blocked actors, 0 Stopped actors, and 4 active threads.
Waiting for actors to stop.
Sent output token with value 4.5
Next port to read input from is inputB
Called postfire()
Called prefire()
Called fire()
Checking for deadlock:
There are 2 Blocked actors, 0 Stopped actors, and 4 active threads.
Waiting for actors to stop.
Called postfire()
Called prefire()
Called fire()
Checking for deadlock:
There are 3 Blocked actors, 0 Stopped actors, and 4 active threads.
Waiting for actors to stop.
Read input token from inputB with value 6.0
Checking for deadlock:
There are 2 Blocked actors, 0 Stopped actors, and 4 active threads.
Waiting for actors to stop.
Called prefire()
Called fire()
Past the end of training data. Read and discard all inputs.
Checking for deadlock:
There are 3 Blocked actors, 0 Stopped actors, and 4 active threads.
Waiting for actors to stop.
Sent output token with value 5.0
Next port to read input from is inputA
Called postfire()
Called prefire()
Called fire()
Called postfire()
Called prefire()
Called fire()
Checking for deadlock:
There are 3 Blocked actors, 0 Stopped actors, and 4 active threads.
Waiting for actors to stop.
Read input token from inputA with value 6.0
Called prefire()
Called fire()
Past the end of training data. Read and discard all inputs.
Checking for deadlock:
There are 3 Blocked actors, 0 Stopped actors, and 4 active threads.
Waiting for actors to stop.
Sent output token with value 6.0
Next port to read input from is inputB
Called postfire()
Called prefire()
Called fire()
Checking for deadlock:
There are 2 Blocked actors, 0 Stopped actors, and 4 active threads.
Waiting for actors to stop.
Called postfire()
Called prefire()
Called fire()
Checking for deadlock:
There are 3 Blocked actors, 0 Stopped actors, and 4 active threads.
Waiting for actors to stop.
Read input token from inputB with value 7.5
Checking for deadlock:
There are 2 Blocked actors, 0 Stopped actors, and 4 active threads.
Waiting for actors to stop.
Called prefire()
Called fire()
Past the end of training data. Read and discard all inputs.
Checking for deadlock:
There are 3 Blocked actors, 0 Stopped actors, and 4 active threads.
Waiting for actors to stop.
Sent output token with value 6.0
Next port to read input from is inputA
Called postfire()
Called prefire()
Called fire()
Called postfire()
Called prefire()
Called fire()
Checking for deadlock:
There are 3 Blocked actors, 0 Stopped actors, and 4 active threads.
Waiting for actors to stop.
Read input token from inputA with value 7.0
Called prefire()
Called fire()
Past the end of training data. Read and discard all inputs.
Checking for deadlock:
There are 3 Blocked actors, 0 Stopped actors, and 4 active threads.
Waiting for actors to stop.
Sent output token with value 7.0
Next port to read input from is inputA
Called postfire()
Called prefire()
Called fire()
-- Thread wrapup() called.
Called wrapup()
Thread .top.Ramp is exiting.
-- Thread stopped.
Checking for deadlock:
There are 2 Blocked actors, 0 Stopped actors, and 3 active threads.
Waiting for actors to stop.
Read input token from inputA with value 8.0
Checking for deadlock:
There are 1 Blocked actors, 0 Stopped actors, and 3 active threads.
Waiting for actors to stop.
Called prefire()
Called fire()
Past the end of training data. Read and discard all inputs.
Checking for deadlock:
There are 2 Blocked actors, 0 Stopped actors, and 3 active threads.
Waiting for actors to stop.
Sent output token with value 7.5
Next port to read input from is inputB
Called postfire()
Called prefire()
Called fire()
Checking for deadlock:
There are 1 Blocked actors, 0 Stopped actors, and 3 active threads.
Waiting for actors to stop.
Called postfire()
Called prefire()
Called fire()
Checking for deadlock:
There are 2 Blocked actors, 0 Stopped actors, and 3 active threads.
Waiting for actors to stop.
Read input token from inputB with value 9.0
Checking for deadlock:
There are 1 Blocked actors, 0 Stopped actors, and 3 active threads.
Waiting for actors to stop.
Called prefire()
Called fire()
Past the end of training data. Read and discard all inputs.
Checking for deadlock:
There are 2 Blocked actors, 0 Stopped actors, and 3 active threads.
Waiting for actors to stop.
Sent output token with value 8.0
Next port to read input from is inputA
Called postfire()
Called prefire()
Called fire()
Read input token from inputA with value 9.0
Called prefire()
Called fire()
Past the end of training data. Read and discard all inputs.
Checking for deadlock:
There are 2 Blocked actors, 0 Stopped actors, and 3 active threads.
Waiting for actors to stop.
Sent output token with value 9.0
Next port to read input from is inputB
Called postfire()
Called prefire()
Called fire()
Called postfire()
Called prefire()
Called fire()
Checking for deadlock:
There are 2 Blocked actors, 0 Stopped actors, and 3 active threads.
Waiting for actors to stop.
Read input token from inputB with value 10.5
Called prefire()
Called fire()
Past the end of training data. Read and discard all inputs.
Checking for deadlock:
There are 2 Blocked actors, 0 Stopped actors, and 3 active threads.
Waiting for actors to stop.
Sent output token with value 9.0
Next port to read input from is inputA
Called postfire()
Called prefire()
Called fire()
Checking for deadlock:
There are 3 Blocked actors, 0 Stopped actors, and 3 active threads.
Actors have stopped.
Checking for deadlock:
There are 3 Blocked actors, 0 Stopped actors, and 3 active threads.
Deadlock detected.
Resolving Deadlock
Checking for deadlock:
There are 3 Blocked actors, 0 Stopped actors, and 3 active threads.
Artificial Deadlock - increasing queue capacity.
increasing the capacity of receiver ptolemy.actor.TypedIOPort {.top.OrderedMerge.inputB} to 2
Director: Called postfire().
Called postfire().
_stopRequested = false
_stopFireRequested = false
Returning from postfire(): true
Called fire().
Checking for deadlock:
There are 2 Blocked actors, 0 Stopped actors, and 3 active threads.
Waiting for actors to stop.
-- Thread wrapup() called.
Called wrapup()
Thread .top.Ramp2 is exiting.
-- Thread stopped.
Checking for deadlock:
There are 2 Blocked actors, 0 Stopped actors, and 2 active threads.
Actors have stopped.
Checking for deadlock:
There are 2 Blocked actors, 0 Stopped actors, and 2 active threads.
Deadlock detected.
Resolving Deadlock
Checking for deadlock:
There are 2 Blocked actors, 0 Stopped actors, and 2 active threads.
Deadlock detected: no processes blocked on write, but some are blocked on read.
Called postfire().
_stopRequested = false
_stopFireRequested = false
Returning from postfire(): false
Finished deactivating branches.
Called wrapup().
-- Thread wrapup() called.
Called wrapup()
-- Thread wrapup() called.
Called wrapup()
Thread .top.Test is exiting.
-- Thread stopped.
-- Blocked Receiver call threw TerminateProcessException.
Thread .top.OrderedMerge is exiting.
-- Thread stopped.
-- Blocked Receiver call threw TerminateProcessException.
56 ms. Memory: 120832K Free: 54615K (45%)
.top. Preinitializing ...
Invoking preinitialize():  .top.OrderedMerge
Called preinitialize()
Invoking preinitialize():  .top.Ramp
Called preinitialize()
Invoking preinitialize():  .top.Ramp2
Called preinitialize()
Invoking preinitialize():  .top.Test
Called preinitialize()
.top. Finished preinitialize().
Called initialize().
Invoking initialize():  .top.OrderedMerge
Initializing actor: .top.OrderedMerge
Adding a thread: .top.OrderedMerge
Invoking initialize():  .top.Ramp
Initializing actor: .top.Ramp
Adding a thread: .top.Ramp
Invoking initialize():  .top.Ramp2
Initializing actor: .top.Ramp2
Adding a thread: .top.Ramp2
Invoking initialize():  .top.Test
Initializing actor: .top.Test
Adding a thread: .top.Test
-- Starting thread.
Called initialize()
Called prefire()
Called fire()
-- Starting thread.
Called initialize()
Called prefire()
Called fire()
Called postfire()
Called prefire()
Called fire()
Called fire().
Checking for deadlock:
There are 2 Blocked actors, 0 Stopped actors, and 4 active threads.
-- Starting thread.
Waiting for actors to stop.
-- Starting thread.
Called initialize()
Called prefire()
Called fire()
Checking for deadlock:
Called initialize()
There are 3 Blocked actors, 0 Stopped actors, and 4 active threads.
Waiting for actors to stop.
Called prefire()
Called fire()
Called postfire()
Called prefire()
Called fire()
Checking for deadlock:
There are 2 Blocked actors, 0 Stopped actors, and 4 active threads.
Waiting for actors to stop.
Read input token from inputA with value 0.0
Next port to read input from is inputB
Called postfire()
Called prefire()
Called fire()
Read input token from inputB with value 0.0
Sent output token with value 0.0
Next port to read input from is inputA
Called postfire()
Called prefire()
Called fire()
Called postfire()
Called prefire()
Called fire()
-- Read input: 0.0, which is expected to match: 0.0
Called prefire()
Called fire()
Checking for deadlock:
There are 2 Blocked actors, 0 Stopped actors, and 4 active threads.
Waiting for actors to stop.
Called postfire()
Called prefire()
Called fire()
Checking for deadlock:
There are 3 Blocked actors, 0 Stopped actors, and 4 active threads.
Waiting for actors to stop.
Checking for deadlock:
There are 2 Blocked actors, 0 Stopped actors, and 4 active threads.
Waiting for actors to stop.
Read input token from inputA with value 1.0
Sent output token with value 0.0
Next port to read input from is inputB
Called postfire()
Called prefire()
Called fire()
Read input token from inputB with value 1.5
Checking for deadlock:
There are 1 Blocked actors, 0 Stopped actors, and 4 active threads.
Waiting for actors to stop.
-- Read input: 0.0, which is expected to match: 0.0
Called prefire()
Called fire()
Checking for deadlock:
There are 1 Blocked actors, 0 Stopped actors, and 4 active threads.
Waiting for actors to stop.
Sent output token with value 1.0
Next port to read input from is inputA
Called postfire()
Called prefire()
Called fire()
Called postfire()
Called prefire()
Called fire()
Checking for deadlock:
There are 0 Blocked actors, 0 Stopped actors, and 4 active threads.
Waiting for actors to stop.
-- Read input: 1.0, which is expected to match: 1.0
Called prefire()
Called fire()
Checking for deadlock:
Called postfire()
There are 1 Blocked actors, 0 Stopped actors, and 4 active threads.
Called prefire()
Waiting for actors to stop.
Called fire()
Checking for deadlock:
There are 2 Blocked actors, 0 Stopped actors, and 4 active threads.
Read input token from inputA with value 2.0
Waiting for actors to stop.
Called postfire()
Called prefire()
Called fire()
Checking for deadlock:
There are 3 Blocked actors, 0 Stopped actors, and 4 active threads.
Waiting for actors to stop.
Sent output token with value 1.5
Checking for deadlock:
There are 2 Blocked actors, 0 Stopped actors, and 4 active threads.
Waiting for actors to stop.
-- Read input: 1.5, which is expected to match: 1.5
Called prefire()
Called fire()
Checking for deadlock:
There are 3 Blocked actors, 0 Stopped actors, and 4 active threads.
Waiting for actors to stop.
Next port to read input from is inputB
Called postfire()
Called prefire()
Called fire()
Read input token from inputB with value 3.0
Checking for deadlock:
Sent output token with value 2.0
There are 1 Blocked actors, 0 Stopped actors, and 4 active threads.
Waiting for actors to stop.
-- Read input: 2.0, which is expected to match: 2.0
Called prefire()
Called fire()
Checking for deadlock:
Called postfire()
There are 2 Blocked actors, 0 Stopped actors, and 4 active threads.
Called prefire()
Waiting for actors to stop.
Called fire()
Next port to read input from is inputA
Called postfire()
Called prefire()
Called fire()
Checking for deadlock:
There are 1 Blocked actors, 0 Stopped actors, and 4 active threads.
Waiting for actors to stop.
Checking for deadlock:
There are 2 Blocked actors, 0 Stopped actors, and 4 active threads.
Waiting for actors to stop.
Read input token from inputA with value 3.0
Sent output token with value 3.0
Next port to read input from is inputB
Called postfire()
Called prefire()
Called fire()
Read input token from inputB with value 4.5
Checking for deadlock:
Called postfire()
There are 1 Blocked actors, 0 Stopped actors, and 4 active threads.
Called prefire()
Waiting for actors to stop.
-- Read input: 3.0, which is expected to match: 3.0
Called prefire()
Called fire()
Checking for deadlock:
Called fire()
There are 1 Blocked actors, 0 Stopped actors, and 4 active threads.
Waiting for actors to stop.
Checking for deadlock:
There are 2 Blocked actors, 0 Stopped actors, and 4 active threads.
Waiting for actors to stop.
Called postfire()
Called prefire()
Called fire()
Checking for deadlock:
There are 2 Blocked actors, 0 Stopped actors, and 4 active threads.
Waiting for actors to stop.
-- Read input: 3.0, which is expected to match: 3.0
Called prefire()
Called fire()
Checking for deadlock:
There are 3 Blocked actors, 0 Stopped actors, and 4 active threads.
Waiting for actors to stop.
Sent output token with value 3.0
Next port to read input from is inputA
Called postfire()
Called prefire()
Called fire()
Checking for deadlock:
There are 2 Blocked actors, 0 Stopped actors, and 4 active threads.
Waiting for actors to stop.
Called postfire()
Called prefire()
Called fire()
Checking for deadlock:
There are 3 Blocked actors, 0 Stopped actors, and 4 active threads.
Waiting for actors to stop.
Read input token from inputA with value 4.0
Sent output token with value 4.0
Next port to read input from is inputA
Called postfire()
Called prefire()
Called fire()
Read input token from inputA with value 5.0
Checking for deadlock:
There are 2 Blocked actors, 0 Stopped actors, and 4 active threads.
Waiting for actors to stop.
-- Read input: 4.0, which is expected to match: 4.0
Called prefire()
Called fire()
Past the end of training data. Read and discard all inputs.
Checking for deadlock:
Called postfire()
There are 2 Blocked actors, 0 Stopped actors, and 4 active threads.
Called prefire()
Waiting for actors to stop.
Called fire()
Checking for deadlock:
There are 3 Blocked actors, 0 Stopped actors, and 4 active threads.
Waiting for actors to stop.
Sent output token with value 4.5
Next port to read input from is inputB
Called postfire()
Called prefire()
Called fire()
Read input token from inputB with value 6.0
Called postfire()
Called prefire()
Called fire()
Checking for deadlock:
Called prefire()
Called fire()
There are 2 Blocked actors, 0 Stopped actors, and 4 active threads.
Past the end of training data. Read and discard all inputs.
Waiting for actors to stop.
Checking for deadlock:
There are 3 Blocked actors, 0 Stopped actors, and 4 active threads.
Waiting for actors to stop.
Checking for deadlock:
There are 2 Blocked actors, 0 Stopped actors, and 4 active threads.
Called prefire()
Waiting for actors to stop.
Called fire()
Past the end of training data. Read and discard all inputs.
Checking for deadlock:
There are 3 Blocked actors, 0 Stopped actors, and 4 active threads.
Waiting for actors to stop.
Sent output token with value 5.0
Next port to read input from is inputA
Called postfire()
Called prefire()
Called fire()
Checking for deadlock:
There are 2 Blocked actors, 0 Stopped actors, and 4 active threads.
Waiting for actors to stop.
Read input token from inputA with value 6.0
Sent output token with value 6.0
Next port to read input from is inputB
Called postfire()
Called prefire()
Called fire()
Read input token from inputB with value 7.5
Checking for deadlock:
Called postfire()
There are 1 Blocked actors, 0 Stopped actors, and 4 active threads.
Called prefire()
Waiting for actors to stop.
Called postfire()
Called prefire()
Called fire()
Checking for deadlock:
Called prefire()
Called fire()
Past the end of training data. Read and discard all inputs.
Called fire()
There are 1 Blocked actors, 0 Stopped actors, and 4 active threads.
Waiting for actors to stop.
Checking for deadlock:
There are 2 Blocked actors, 0 Stopped actors, and 4 active threads.
Waiting for actors to stop.
Checking for deadlock:
There are 3 Blocked actors, 0 Stopped actors, and 4 active threads.
Waiting for actors to stop.
Called prefire()
Called fire()
Past the end of training data. Read and discard all inputs.
Checking for deadlock:
There are 3 Blocked actors, 0 Stopped actors, and 4 active threads.
Waiting for actors to stop.
Sent output token with value 6.0
Next port to read input from is inputA
Called postfire()
Called prefire()
Called fire()
Checking for deadlock:
There are 2 Blocked actors, 0 Stopped actors, and 4 active threads.
Waiting for actors to stop.
Read input token from inputA with value 7.0
Sent output token with value 7.0
Next port to read input from is inputA
Called postfire()
Called prefire()
Called fire()
Called postfire()
Called prefire()
Called fire()
Checking for deadlock:
Read input token from inputA with value 8.0
There are 1 Blocked actors, 0 Stopped actors, and 4 active threads.
Waiting for actors to stop.
Called prefire()
Called fire()
Past the end of training data. Read and discard all inputs.
Sent output token with value 7.5
Next port to read input from is inputB
Called postfire()
Checking for deadlock:
Called prefire()
There are 1 Blocked actors, 0 Stopped actors, and 4 active threads.
Called fire()
Waiting for actors to stop.
Past the end of training data. Read and discard all inputs.
-- Thread wrapup() called.
Checking for deadlock:
Called prefire()
Called fire()
Called wrapup()
There are 2 Blocked actors, 0 Stopped actors, and 4 active threads.
Waiting for actors to stop.
Thread .top.Ramp is exiting.
-- Thread stopped.
Checking for deadlock:
Called postfire()
There are 1 Blocked actors, 0 Stopped actors, and 3 active threads.
Called prefire()
Waiting for actors to stop.
Called fire()
Checking for deadlock:
There are 2 Blocked actors, 0 Stopped actors, and 3 active threads.
Waiting for actors to stop.
Read input token from inputB with value 9.0
Called prefire()
Sent output token with value 8.0
Checking for deadlock:
There are 1 Blocked actors, 0 Stopped actors, and 3 active threads.
Waiting for actors to stop.
Called fire()
Next port to read input from is inputA
Called postfire()
Called prefire()
Called fire()
Past the end of training data. Read and discard all inputs.
Checking for deadlock:
There are 2 Blocked actors, 0 Stopped actors, and 3 active threads.
Waiting for actors to stop.
Read input token from inputA with value 9.0
Called prefire()
Called fire()
Sent output token with value 9.0
Checking for deadlock:
There are 1 Blocked actors, 0 Stopped actors, and 3 active threads.
Waiting for actors to stop.
Next port to read input from is inputB
Called postfire()
Called prefire()
Called fire()
Past the end of training data. Read and discard all inputs.
Called postfire()
Checking for deadlock:
Called prefire()
There are 1 Blocked actors, 0 Stopped actors, and 3 active threads.
Called fire()
Waiting for actors to stop.
Checking for deadlock:
There are 2 Blocked actors, 0 Stopped actors, and 3 active threads.
Read input token from inputB with value 10.5
Waiting for actors to stop.
Checking for deadlock:
There are 1 Blocked actors, 0 Stopped actors, and 3 active threads.
Waiting for actors to stop.
Sent output token with value 9.0
Called prefire()
Called fire()
Past the end of training data. Read and discard all inputs.
Checking for deadlock:
There are 2 Blocked actors, 0 Stopped actors, and 3 active threads.
Waiting for actors to stop.
Next port to read input from is inputA
Called postfire()
Called prefire()
Called fire()
Checking for deadlock:
There are 3 Blocked actors, 0 Stopped actors, and 3 active threads.
Actors have stopped.
Checking for deadlock:
There are 3 Blocked actors, 0 Stopped actors, and 3 active threads.
Deadlock detected.
Resolving Deadlock
Checking for deadlock:
There are 3 Blocked actors, 0 Stopped actors, and 3 active threads.
Artificial Deadlock - increasing queue capacity.
increasing the capacity of receiver ptolemy.actor.TypedIOPort {.top.OrderedMerge.inputB} to 2
Director: Called postfire().
Called postfire().
_stopRequested = false
_stopFireRequested = false
Returning from postfire(): true
Called fire().
Checking for deadlock:
There are 2 Blocked actors, 0 Stopped actors, and 3 active threads.
Waiting for actors to stop.
-- Thread wrapup() called.
Called wrapup()
Thread .top.Ramp2 is exiting.
-- Thread stopped.
Checking for deadlock:
There are 2 Blocked actors, 0 Stopped actors, and 2 active threads.
Actors have stopped.
Checking for deadlock:
There are 2 Blocked actors, 0 Stopped actors, and 2 active threads.
Deadlock detected.
Resolving Deadlock
Checking for deadlock:
There are 2 Blocked actors, 0 Stopped actors, and 2 active threads.
Deadlock detected: no processes blocked on write, but some are blocked on read.
Called postfire().
_stopRequested = false
_stopFireRequested = false
Returning from postfire(): false
Finished deactivating branches.
Called wrapup().
-- Thread wrapup() called.
Called wrapup()
-- Thread wrapup() called.
Called wrapup()
Thread .top.OrderedMerge is exiting.
-- Thread stopped.
Thread .top.Test is exiting.
-- Thread stopped.
-- Blocked Receiver call threw TerminateProcessException.
-- Blocked Receiver call threw TerminateProcessException.
48 ms. Memory: 120832K Free: 103844K (86%)
/home/travis/build/icyphy/ptII/ptolemy/actor/lib/test/Publisher.tcl
10 ms. Memory: 120832K Free: 97702K (81%)
4 ms. Memory: 120832K Free: 92068K (76%)
2 ms. Memory: 120832K Free: 88486K (73%)
13 ms. Memory: 120832K Free: 87462K (72%)
11 ms. Memory: 120832K Free: 86948K (72%)
4 ms. Memory: 120832K Free: 85924K (71%)
11 ms. Memory: 120832K Free: 85412K (71%)
4 ms. Memory: 120832K Free: 84390K (70%)
26 ms. Memory: 145408K Free: 120343K (83%)
8 ms. Memory: 145408K Free: 116247K (80%)
5 ms. Memory: 145408K Free: 115737K (80%)
4 ms. Memory: 145408K Free: 113689K (78%)
7 ms. Memory: 145408K Free: 106007K (73%)
7 ms. Memory: 145408K Free: 96281K (66%)
21 ms. Memory: 145408K Free: 85527K (59%)
/home/travis/build/icyphy/ptII/ptolemy/actor/lib/test/Pulse.tcl
5 ms. Memory: 145408K Free: 105728K (73%)
10 ms. Memory: 145408K Free: 105214K (72%)
4 ms. Memory: 145408K Free: 104704K (72%)
2 ms. Memory: 145408K Free: 104160K (72%)
8 ms. Memory: 145408K Free: 103680K (71%)
14 ms. Memory: 145408K Free: 102656K (71%)
9 ms. Memory: 145408K Free: 101632K (70%)
2 ms. Memory: 145408K Free: 100608K (69%)
9 ms. Memory: 145408K Free: 100080K (69%)
/home/travis/build/icyphy/ptII/ptolemy/actor/lib/test/Ramp.tcl
8 ms. Memory: 145408K Free: 98032K (67%)
4 ms. Memory: 145408K Free: 97536K (67%)
3 ms. Memory: 145408K Free: 96512K (66%)
2 ms. Memory: 145408K Free: 95998K (66%)
5 ms. Memory: 145408K Free: 94974K (65%)
10 ms. Memory: 145408K Free: 94464K (65%)
6 ms. Memory: 145408K Free: 93440K (64%)
5 actors
6000 microseconds per iteration to create
11 ms. Memory: 145408K Free: 90878K (62%)
2 ms. Memory: 145408K Free: 89824K (62%)
6 ms. Memory: 145408K Free: 89344K (61%)
3 ms. Memory: 145408K Free: 88824K (61%)
50 actors
51000 microseconds per iteration to create
47 ms. Memory: 145408K Free: 73470K (51%)
12 ms. Memory: 145408K Free: 72446K (50%)
13 ms. Memory: 145408K Free: 71422K (49%)
6 ms. Memory: 145408K Free: 70398K (48%)
500 actors
1709000 microseconds per iteration to create
319 ms. Memory: 175104K Free: 137309K (78%)
51 ms. Memory: 175104K Free: 132189K (75%)
59 ms. Memory: 175104K Free: 126555K (72%)
42 ms. Memory: 175104K Free: 121421K (69%)
/home/travis/build/icyphy/ptII/ptolemy/actor/lib/test/RampContinuous.tcl
9 ms. Memory: 175104K Free: 119901K (68%)
/home/travis/build/icyphy/ptII/ptolemy/actor/lib/test/RecordAssembler.tcl
7 ms. Memory: 175104K Free: 118362K (68%)
5 ms. Memory: 175104K Free: 117339K (67%)
/home/travis/build/icyphy/ptII/ptolemy/actor/lib/test/RecordDisassembler.tcl
15 ms. Memory: 175104K Free: 115805K (66%)
5 ms. Memory: 175104K Free: 114781K (66%)
5 ms. Memory: 175104K Free: 113757K (65%)
/home/travis/build/icyphy/ptII/ptolemy/actor/lib/test/Scale.tcl
3 ms. Memory: 175104K Free: 112219K (64%)
1 ms. Memory: 175104K Free: 111181K (63%)
1 ms. Memory: 175104K Free: 110685K (63%)
3 ms. Memory: 175104K Free: 109661K (63%)
7 ms. Memory: 175104K Free: 108637K (62%)
/home/travis/build/icyphy/ptII/ptolemy/actor/lib/test/SequentialClock.tcl
preinitializing
resolving types
initializing
executing number 1
wrapping up
idle
5 ms. Memory: 175104K Free: 107613K (61%)
Completed execution with 5 iterations
preinitializing
resolving types
initializing
executing number 1
wrapping up
idle
2 ms. Memory: 175104K Free: 107099K (61%)
Completed execution with 5 iterations
preinitializing
resolving types
initializing
executing number 1
wrapping up
idle
1 ms. Memory: 175104K Free: 106589K (61%)
Completed execution with 5 iterations
/home/travis/build/icyphy/ptII/ptolemy/actor/lib/test/SetVariable.tcl
4 ms. Memory: 175104K Free: 104541K (60%)


==== $PTII/ptolemy/actor/lib/test/SetVariable.tcl: SetVariable-3.1 changeFailed
==== Contents of test case:

    #Uses 2.1 above
    jdkCaptureErr {
        # This test was failing if we ran Exit.tcl and then this test.
        # MessageHandler.error() now actually throws the Exception.
	catch {$setVariable changeFailed [java::null]  [java::new Exception {Test exception for SetVariable.changeFailed()}]} errMsg
    } results
    list [string range $results 0 89] "\n" $errMsg

==== Result was:
{java.lang.Exception: Test exception for SetVariable.changeFailed()
	at java.base/jdk.inter} {
} {java.lang.RuntimeException: java.lang.Exception: Test exception for SetVariable.changeFailed()}
---- Result should have been:
{Failed to set variable.
java.lang.Exception: Test exception for SetVariable.changeFailed()} {
} {java.lang.RuntimeException: java.lang.Exception: Test exception for SetVariable.changeFailed()}
---- SetVariable-3.1 FAILED
/home/travis/build/icyphy/ptII/ptolemy/actor/lib/test/Sinewave.tcl
/home/travis/build/icyphy/ptII/ptolemy/actor/lib/test/SubscriptionAggregator.tcl
5 ms. Memory: 175104K Free: 92253K (53%)
2 ms. Memory: 175104K Free: 91739K (52%)
1 ms. Memory: 175104K Free: 91229K (52%)
1 ms. Memory: 175104K Free: 91229K (52%)
2 ms. Memory: 175104K Free: 87643K (50%)
15 ms. Memory: 175104K Free: 85085K (49%)
...............................................................1091 ms. Memory: 261120K Free: 133426K (51%)
/home/travis/build/icyphy/ptII/ptolemy/actor/lib/test/Test.tcl
 The next command will produce a warning about training mode,
   which may be ignored.
8 ms. Memory: 261120K Free: 131372K (50%)
4 ms. Memory: 261120K Free: 130363K (50%)
1 ms. Memory: 261120K Free: 129853K (50%)
1 ms. Memory: 261120K Free: 129308K (50%)
1 ms. Memory: 261120K Free: 128829K (49%)
3 ms. Memory: 261120K Free: 127284K (49%)
3 ms. Memory: 261120K Free: 126252K (48%)
 The next command will produce a warning about training mode,
   which may be ignored.
4 ms. Memory: 261120K Free: 123709K (47%)
 The next command will produce a warning about training mode,
   which may be ignored.
3 ms. Memory: 261120K Free: 122685K (47%)
1 ms. Memory: 261120K Free: 122156K (47%)
1 ms. Memory: 261120K Free: 121661K (47%)
1 ms. Memory: 261120K Free: 121132K (46%)
13 ms. Memory: 261120K Free: 120123K (46%)
4 ms. Memory: 261120K Free: 116027K (44%)
/home/travis/build/icyphy/ptII/ptolemy/actor/lib/test/TestExceptionHandler.tcl
 The next command will produce a warning about training mode,
   which may be ignored.
2 ms. Memory: 261120K Free: 115003K (44%)
1 ms. Memory: 261120K Free: 114493K (44%)
1 ms. Memory: 261120K Free: 113979K (44%)
/home/travis/build/icyphy/ptII/ptolemy/actor/lib/test/UnionDisassembler.tcl
23 ms. Memory: 261120K Free: 106780K (41%)
/home/travis/build/icyphy/ptII/ptolemy/actor/lib/test/VariableClock.tcl
preinitializing
resolving types
initializing
executing number 1
wrapping up
idle
13 ms. Memory: 261120K Free: 104748K (40%)
Completed execution with 11 iterations
preinitializing
resolving types
initializing
executing number 1
wrapping up
idle
6 ms. Memory: 261120K Free: 103229K (40%)
Completed execution with 10 iterations
11/25/19 06:26:33
Failed: 1  Total Tests: 234  ((Passed: 233, Newly Passed: 0)  Known Failed: 0) /home/travis/build/icyphy/ptII/ptolemy/actor/lib/test
----------------- testing (KnownFailure) /home/travis/build/icyphy/ptII/ptolemy/actor/lib/test/auto/knownFailedTests/PublisherPortToplevelSubscriber.xml
1 ms. Memory: 261120K Free: 100157K (38%)
Known Failure: java.lang.reflect.InvocationTargetException
----------------- testing (KnownFailure) /home/travis/build/icyphy/ptII/ptolemy/actor/lib/test/auto/knownFailedTests/PublisherSubscriberPortToplevel.xml
1 ms. Memory: 261120K Free: 96571K (37%)
Known Failure: java.lang.reflect.InvocationTargetException
----------------- testing (KnownFailure) /home/travis/build/icyphy/ptII/ptolemy/actor/lib/test/auto/knownFailedTests/PublisherSubscriptionAggregatorPort.xml
0 ms. Memory: 261120K Free: 92475K (35%)
Known Failure: java.lang.reflect.InvocationTargetException
----------------- testing (KnownFailure) /home/travis/build/icyphy/ptII/ptolemy/actor/lib/test/auto/knownFailedTests/sizedarray3.xml
4 ms. Memory: 261120K Free: 87355K (33%)
Known Failure: java.lang.reflect.InvocationTargetException
No auto/linux-amd64/*.xml tests in /home/travis/build/icyphy/ptII/ptolemy/actor/lib/test
AutoTests.java: About to close Vertx.
AutoTests.java: Vertx closed.

===========================================================================================
----------------- testing Mon Nov 25 06:26:34 UTC 2019 /home/travis/build/icyphy/ptII/ptolemy/actor/lib/test/auto/AbsoluteValue.xml
----------------- Instantiating /home/travis/build/icyphy/ptII/ptolemy/actor/lib/test/auto/AbsoluteValue.xml
18 ms. Memory: 261120K Free: 198857K (76%)
----------------- Invoking toplevel() on ptolemy.moml.MoMLSimpleApplication@3f396487
----------------- Done invoking toplevel() on ptolemy.moml.MoMLSimpleApplication@3f396487
reloadAllAccessors: .AbsoluteValue

===========================================================================================
----------------- testing Mon Nov 25 06:26:34 UTC 2019 /home/travis/build/icyphy/ptII/ptolemy/actor/lib/test/auto/AbsoluteValue2.xml
----------------- Instantiating /home/travis/build/icyphy/ptII/ptolemy/actor/lib/test/auto/AbsoluteValue2.xml
11 ms. Memory: 261120K Free: 192199K (74%)
----------------- Invoking toplevel() on ptolemy.moml.MoMLSimpleApplication@3a1cae62
----------------- Done invoking toplevel() on ptolemy.moml.MoMLSimpleApplication@3a1cae62
reloadAllAccessors: .AbsoluteValue2

===========================================================================================
----------------- testing Mon Nov 25 06:26:34 UTC 2019 /home/travis/build/icyphy/ptII/ptolemy/actor/lib/test/auto/Accumulator.xml
----------------- Instantiating /home/travis/build/icyphy/ptII/ptolemy/actor/lib/test/auto/Accumulator.xml
6 ms. Memory: 261120K Free: 185545K (71%)
----------------- Invoking toplevel() on ptolemy.moml.MoMLSimpleApplication@6b2c3ef6
----------------- Done invoking toplevel() on ptolemy.moml.MoMLSimpleApplication@6b2c3ef6
reloadAllAccessors: .Accumulator

===========================================================================================
----------------- testing Mon Nov 25 06:26:34 UTC 2019 /home/travis/build/icyphy/ptII/ptolemy/actor/lib/test/auto/Accumulator2.xml
----------------- Instantiating /home/travis/build/icyphy/ptII/ptolemy/actor/lib/test/auto/Accumulator2.xml
3 ms. Memory: 261120K Free: 180425K (69%)
----------------- Invoking toplevel() on ptolemy.moml.MoMLSimpleApplication@1d391b11
----------------- Done invoking toplevel() on ptolemy.moml.MoMLSimpleApplication@1d391b11
reloadAllAccessors: .Accumulator2

===========================================================================================
----------------- testing Mon Nov 25 06:26:34 UTC 2019 /home/travis/build/icyphy/ptII/ptolemy/actor/lib/test/auto/Accumulator3.xml
----------------- Instantiating /home/travis/build/icyphy/ptII/ptolemy/actor/lib/test/auto/Accumulator3.xml
3 ms. Memory: 261120K Free: 175815K (67%)
----------------- Invoking toplevel() on ptolemy.moml.MoMLSimpleApplication@65b6c861
----------------- Done invoking toplevel() on ptolemy.moml.MoMLSimpleApplication@65b6c861
reloadAllAccessors: .Accumulator3

===========================================================================================
----------------- testing Mon Nov 25 06:26:34 UTC 2019 /home/travis/build/icyphy/ptII/ptolemy/actor/lib/test/auto/ArrayAppend.xml
----------------- Instantiating /home/travis/build/icyphy/ptII/ptolemy/actor/lib/test/auto/ArrayAppend.xml
5 ms. Memory: 261120K Free: 169656K (65%)
----------------- Invoking toplevel() on ptolemy.moml.MoMLSimpleApplication@6496441
----------------- Done invoking toplevel() on ptolemy.moml.MoMLSimpleApplication@6496441
reloadAllAccessors: .ArrayAppend

===========================================================================================
----------------- testing Mon Nov 25 06:26:34 UTC 2019 /home/travis/build/icyphy/ptII/ptolemy/actor/lib/test/auto/ArrayAppend2.xml
----------------- Instantiating /home/travis/build/icyphy/ptII/ptolemy/actor/lib/test/auto/ArrayAppend2.xml
412 ms. Memory: 261120K Free: 87241K (33%)
----------------- Invoking toplevel() on ptolemy.moml.MoMLSimpleApplication@6f23450b
----------------- Done invoking toplevel() on ptolemy.moml.MoMLSimpleApplication@6f23450b
reloadAllAccessors: .ArrayAppend2

===========================================================================================
----------------- testing Mon Nov 25 06:26:35 UTC 2019 /home/travis/build/icyphy/ptII/ptolemy/actor/lib/test/auto/ArrayAppend3.xml
----------------- Instantiating /home/travis/build/icyphy/ptII/ptolemy/actor/lib/test/auto/ArrayAppend3.xml
7 ms. Memory: 261120K Free: 81607K (31%)
----------------- Invoking toplevel() on ptolemy.moml.MoMLSimpleApplication@59c82a3d
----------------- Done invoking toplevel() on ptolemy.moml.MoMLSimpleApplication@59c82a3d
reloadAllAccessors: .ArrayAppend3

===========================================================================================
----------------- testing Mon Nov 25 06:26:35 UTC 2019 /home/travis/build/icyphy/ptII/ptolemy/actor/lib/test/auto/ArrayAppend4.xml
----------------- Instantiating /home/travis/build/icyphy/ptII/ptolemy/actor/lib/test/auto/ArrayAppend4.xml
3 ms. Memory: 261120K Free: 213886K (82%)
----------------- Invoking toplevel() on ptolemy.moml.MoMLSimpleApplication@4de7a546
----------------- Done invoking toplevel() on ptolemy.moml.MoMLSimpleApplication@4de7a546
reloadAllAccessors: .ArrayAppend4

===========================================================================================
----------------- testing Mon Nov 25 06:26:35 UTC 2019 /home/travis/build/icyphy/ptII/ptolemy/actor/lib/test/auto/ArrayAppend5.xml
----------------- Instantiating /home/travis/build/icyphy/ptII/ptolemy/actor/lib/test/auto/ArrayAppend5.xml
2 ms. Memory: 261120K Free: 208252K (80%)
----------------- Invoking toplevel() on ptolemy.moml.MoMLSimpleApplication@497337d4
----------------- Done invoking toplevel() on ptolemy.moml.MoMLSimpleApplication@497337d4
reloadAllAccessors: .ArrayAppend5

===========================================================================================
----------------- testing Mon Nov 25 06:26:35 UTC 2019 /home/travis/build/icyphy/ptII/ptolemy/actor/lib/test/auto/ArrayAppend6.xml
----------------- Instantiating /home/travis/build/icyphy/ptII/ptolemy/actor/lib/test/auto/ArrayAppend6.xml
4 ms. Memory: 261120K Free: 203132K (78%)
----------------- Invoking toplevel() on ptolemy.moml.MoMLSimpleApplication@5128d9a1
----------------- Done invoking toplevel() on ptolemy.moml.MoMLSimpleApplication@5128d9a1
reloadAllAccessors: .ArrayAppend6

===========================================================================================
----------------- testing Mon Nov 25 06:26:35 UTC 2019 /home/travis/build/icyphy/ptII/ptolemy/actor/lib/test/auto/ArrayAppendPerformanceTest.xml
----------------- Instantiating /home/travis/build/icyphy/ptII/ptolemy/actor/lib/test/auto/ArrayAppendPerformanceTest.xml
26 ms. Memory: 261120K Free: 191868K (73%)
----------------- Invoking toplevel() on ptolemy.moml.MoMLSimpleApplication@750e7622
----------------- Done invoking toplevel() on ptolemy.moml.MoMLSimpleApplication@750e7622
reloadAllAccessors: .ArrayAppendPerformanceTest

===========================================================================================
----------------- testing Mon Nov 25 06:26:35 UTC 2019 /home/travis/build/icyphy/ptII/ptolemy/actor/lib/test/auto/ArrayAppendWithEmptyInput.xml
----------------- Instantiating /home/travis/build/icyphy/ptII/ptolemy/actor/lib/test/auto/ArrayAppendWithEmptyInput.xml
15 ms. Memory: 261120K Free: 184190K (71%)
----------------- Invoking toplevel() on ptolemy.moml.MoMLSimpleApplication@75cb1e82
----------------- Done invoking toplevel() on ptolemy.moml.MoMLSimpleApplication@75cb1e82
reloadAllAccessors: .ArrayAppendWithEmptyInput

===========================================================================================
----------------- testing Mon Nov 25 06:26:35 UTC 2019 /home/travis/build/icyphy/ptII/ptolemy/actor/lib/test/auto/ArrayAverage.xml
----------------- Instantiating /home/travis/build/icyphy/ptII/ptolemy/actor/lib/test/auto/ArrayAverage.xml
12 ms. Memory: 261120K Free: 175998K (67%)
----------------- Invoking toplevel() on ptolemy.moml.MoMLSimpleApplication@4c4a4a64
----------------- Done invoking toplevel() on ptolemy.moml.MoMLSimpleApplication@4c4a4a64
reloadAllAccessors: .ArrayAverage

===========================================================================================
----------------- testing Mon Nov 25 06:26:35 UTC 2019 /home/travis/build/icyphy/ptII/ptolemy/actor/lib/test/auto/ArrayContains.xml
----------------- Instantiating /home/travis/build/icyphy/ptII/ptolemy/actor/lib/test/auto/ArrayContains.xml
3 ms. Memory: 261120K Free: 170364K (65%)
----------------- Invoking toplevel() on ptolemy.moml.MoMLSimpleApplication@50a1a7e5
----------------- Done invoking toplevel() on ptolemy.moml.MoMLSimpleApplication@50a1a7e5
reloadAllAccessors: .ArrayContains

===========================================================================================
----------------- testing Mon Nov 25 06:26:35 UTC 2019 /home/travis/build/icyphy/ptII/ptolemy/actor/lib/test/auto/ArrayElement.xml
----------------- Instantiating /home/travis/build/icyphy/ptII/ptolemy/actor/lib/test/auto/ArrayElement.xml
8 ms. Memory: 261120K Free: 164220K (63%)
----------------- Invoking toplevel() on ptolemy.moml.MoMLSimpleApplication@2d2d9789
----------------- Done invoking toplevel() on ptolemy.moml.MoMLSimpleApplication@2d2d9789
reloadAllAccessors: .ArrayElement

===========================================================================================
----------------- testing Mon Nov 25 06:26:35 UTC 2019 /home/travis/build/icyphy/ptII/ptolemy/actor/lib/test/auto/ArrayElementAsMatrix.xml
----------------- Instantiating /home/travis/build/icyphy/ptII/ptolemy/actor/lib/test/auto/ArrayElementAsMatrix.xml
25 ms. Memory: 261120K Free: 154494K (59%)
----------------- Invoking toplevel() on ptolemy.moml.MoMLSimpleApplication@71c4a515
----------------- Done invoking toplevel() on ptolemy.moml.MoMLSimpleApplication@71c4a515
reloadAllAccessors: .ArrayElementAsMatrix

===========================================================================================
----------------- testing Mon Nov 25 06:26:35 UTC 2019 /home/travis/build/icyphy/ptII/ptolemy/actor/lib/test/auto/ArrayElementI.xml
----------------- Instantiating /home/travis/build/icyphy/ptII/ptolemy/actor/lib/test/auto/ArrayElementI.xml
4 ms. Memory: 261120K Free: 149374K (57%)
----------------- Invoking toplevel() on ptolemy.moml.MoMLSimpleApplication@185f4988
----------------- Done invoking toplevel() on ptolemy.moml.MoMLSimpleApplication@185f4988
reloadAllAccessors: .ArrayElementI

===========================================================================================
----------------- testing Mon Nov 25 06:26:35 UTC 2019 /home/travis/build/icyphy/ptII/ptolemy/actor/lib/test/auto/ArrayExtract.xml
----------------- Instantiating /home/travis/build/icyphy/ptII/ptolemy/actor/lib/test/auto/ArrayExtract.xml
5 ms. Memory: 261120K Free: 140668K (54%)
----------------- Invoking toplevel() on ptolemy.moml.MoMLSimpleApplication@2464ade5
----------------- Done invoking toplevel() on ptolemy.moml.MoMLSimpleApplication@2464ade5
reloadAllAccessors: .ArrayExtract

===========================================================================================
----------------- testing Mon Nov 25 06:26:35 UTC 2019 /home/travis/build/icyphy/ptII/ptolemy/actor/lib/test/auto/ArrayExtract2.xml
----------------- Instantiating /home/travis/build/icyphy/ptII/ptolemy/actor/lib/test/auto/ArrayExtract2.xml
3 ms. Memory: 261120K Free: 135533K (52%)
----------------- Invoking toplevel() on ptolemy.moml.MoMLSimpleApplication@6ac1b37d
----------------- Done invoking toplevel() on ptolemy.moml.MoMLSimpleApplication@6ac1b37d
reloadAllAccessors: .ArrayExtract2

===========================================================================================
----------------- testing Mon Nov 25 06:26:35 UTC 2019 /home/travis/build/icyphy/ptII/ptolemy/actor/lib/test/auto/ArrayLength.xml
----------------- Instantiating /home/travis/build/icyphy/ptII/ptolemy/actor/lib/test/auto/ArrayLength.xml
2 ms. Memory: 261120K Free: 131452K (50%)
----------------- Invoking toplevel() on ptolemy.moml.MoMLSimpleApplication@7f2ef586
----------------- Done invoking toplevel() on ptolemy.moml.MoMLSimpleApplication@7f2ef586
reloadAllAccessors: .ArrayLength

===========================================================================================
----------------- testing Mon Nov 25 06:26:35 UTC 2019 /home/travis/build/icyphy/ptII/ptolemy/actor/lib/test/auto/ArrayLevelCrossing.xml
----------------- Instantiating /home/travis/build/icyphy/ptII/ptolemy/actor/lib/test/auto/ArrayLevelCrossing.xml
6 ms. Memory: 261120K Free: 123774K (47%)
----------------- Invoking toplevel() on ptolemy.moml.MoMLSimpleApplication@2f727d3e
----------------- Done invoking toplevel() on ptolemy.moml.MoMLSimpleApplication@2f727d3e
reloadAllAccessors: .ArrayLevelCrossing

===========================================================================================
----------------- testing Mon Nov 25 06:26:35 UTC 2019 /home/travis/build/icyphy/ptII/ptolemy/actor/lib/test/auto/ArrayLevelCrossing2.xml
----------------- Instantiating /home/travis/build/icyphy/ptII/ptolemy/actor/lib/test/auto/ArrayLevelCrossing2.xml
3 ms. Memory: 261120K Free: 116606K (45%)
----------------- Invoking toplevel() on ptolemy.moml.MoMLSimpleApplication@7e595d4f
----------------- Done invoking toplevel() on ptolemy.moml.MoMLSimpleApplication@7e595d4f
reloadAllAccessors: .ArrayLevelCrossing2

===========================================================================================
----------------- testing Mon Nov 25 06:26:35 UTC 2019 /home/travis/build/icyphy/ptII/ptolemy/actor/lib/test/auto/ArrayPeakSearch.xml
----------------- Instantiating /home/travis/build/icyphy/ptII/ptolemy/actor/lib/test/auto/ArrayPeakSearch.xml
4 ms. Memory: 261120K Free: 107900K (41%)
----------------- Invoking toplevel() on ptolemy.moml.MoMLSimpleApplication@522a4afa
----------------- Done invoking toplevel() on ptolemy.moml.MoMLSimpleApplication@522a4afa
reloadAllAccessors: .ArrayPeakSearch

===========================================================================================
----------------- testing Mon Nov 25 06:26:35 UTC 2019 /home/travis/build/icyphy/ptII/ptolemy/actor/lib/test/auto/ArrayPeakSearch2.xml
----------------- Instantiating /home/travis/build/icyphy/ptII/ptolemy/actor/lib/test/auto/ArrayPeakSearch2.xml
4 ms. Memory: 261120K Free: 97150K (37%)
----------------- Invoking toplevel() on ptolemy.moml.MoMLSimpleApplication@70ad954b
----------------- Done invoking toplevel() on ptolemy.moml.MoMLSimpleApplication@70ad954b
reloadAllAccessors: .ArrayPeakSearch2

===========================================================================================
----------------- testing Mon Nov 25 06:26:35 UTC 2019 /home/travis/build/icyphy/ptII/ptolemy/actor/lib/test/auto/ArrayPeakSearch3.xml
----------------- Instantiating /home/travis/build/icyphy/ptII/ptolemy/actor/lib/test/auto/ArrayPeakSearch3.xml
4 ms. Memory: 261120K Free: 88444K (34%)
----------------- Invoking toplevel() on ptolemy.moml.MoMLSimpleApplication@3e2a42bb
----------------- Done invoking toplevel() on ptolemy.moml.MoMLSimpleApplication@3e2a42bb
reloadAllAccessors: .ArrayPeakSearch3

===========================================================================================
----------------- testing Mon Nov 25 06:26:35 UTC 2019 /home/travis/build/icyphy/ptII/ptolemy/actor/lib/test/auto/ArrayRemoveElement.xml
----------------- Instantiating /home/travis/build/icyphy/ptII/ptolemy/actor/lib/test/auto/ArrayRemoveElement.xml
3 ms. Memory: 261120K Free: 80252K (31%)
----------------- Invoking toplevel() on ptolemy.moml.MoMLSimpleApplication@17693e20
----------------- Done invoking toplevel() on ptolemy.moml.MoMLSimpleApplication@17693e20
reloadAllAccessors: .ArrayRemoveElement

===========================================================================================
----------------- testing Mon Nov 25 06:26:36 UTC 2019 /home/travis/build/icyphy/ptII/ptolemy/actor/lib/test/auto/ArraySort.xml
----------------- Instantiating /home/travis/build/icyphy/ptII/ptolemy/actor/lib/test/auto/ArraySort.xml
6 ms. Memory: 261120K Free: 71550K (27%)
----------------- Invoking toplevel() on ptolemy.moml.MoMLSimpleApplication@20b92cc5
----------------- Done invoking toplevel() on ptolemy.moml.MoMLSimpleApplication@20b92cc5
reloadAllAccessors: .ArraySort

===========================================================================================
----------------- testing Mon Nov 25 06:26:36 UTC 2019 /home/travis/build/icyphy/ptII/ptolemy/actor/lib/test/auto/ArraySum.xml
----------------- Instantiating /home/travis/build/icyphy/ptII/ptolemy/actor/lib/test/auto/ArraySum.xml
3 ms. Memory: 261120K Free: 65916K (25%)
----------------- Invoking toplevel() on ptolemy.moml.MoMLSimpleApplication@379ea30b
----------------- Done invoking toplevel() on ptolemy.moml.MoMLSimpleApplication@379ea30b
reloadAllAccessors: .ArraySum

===========================================================================================
----------------- testing Mon Nov 25 06:26:36 UTC 2019 /home/travis/build/icyphy/ptII/ptolemy/actor/lib/test/auto/ArrayToElements.xml
----------------- Instantiating /home/travis/build/icyphy/ptII/ptolemy/actor/lib/test/auto/ArrayToElements.xml
14 ms. Memory: 430080K Free: 383122K (89%)
----------------- Invoking toplevel() on ptolemy.moml.MoMLSimpleApplication@5fa5293d
----------------- Done invoking toplevel() on ptolemy.moml.MoMLSimpleApplication@5fa5293d
reloadAllAccessors: .ArrayToElements

===========================================================================================
----------------- testing Mon Nov 25 06:26:36 UTC 2019 /home/travis/build/icyphy/ptII/ptolemy/actor/lib/test/auto/ArrayToMatrix.xml
----------------- Instantiating /home/travis/build/icyphy/ptII/ptolemy/actor/lib/test/auto/ArrayToMatrix.xml
9 ms. Memory: 430080K Free: 368536K (86%)
----------------- Invoking toplevel() on ptolemy.moml.MoMLSimpleApplication@5d909b04
----------------- Done invoking toplevel() on ptolemy.moml.MoMLSimpleApplication@5d909b04
reloadAllAccessors: .ArrayToMatrix

===========================================================================================
----------------- testing Mon Nov 25 06:26:36 UTC 2019 /home/travis/build/icyphy/ptII/ptolemy/actor/lib/test/auto/ArrayUpdate1.xml
----------------- Instantiating /home/travis/build/icyphy/ptII/ptolemy/actor/lib/test/auto/ArrayUpdate1.xml
5 ms. Memory: 430080K Free: 363926K (85%)
----------------- Invoking toplevel() on ptolemy.moml.MoMLSimpleApplication@3129b6fe
----------------- Done invoking toplevel() on ptolemy.moml.MoMLSimpleApplication@3129b6fe
reloadAllAccessors: .ArrayUpdate1

===========================================================================================
----------------- testing Mon Nov 25 06:26:36 UTC 2019 /home/travis/build/icyphy/ptII/ptolemy/actor/lib/test/auto/ArrayUpdate2.xml
----------------- Instantiating /home/travis/build/icyphy/ptII/ptolemy/actor/lib/test/auto/ArrayUpdate2.xml
8 ms. Memory: 430080K Free: 357272K (83%)
----------------- Invoking toplevel() on ptolemy.moml.MoMLSimpleApplication@2004a767
----------------- Done invoking toplevel() on ptolemy.moml.MoMLSimpleApplication@2004a767
reloadAllAccessors: .ArrayUpdate2

===========================================================================================
----------------- testing Mon Nov 25 06:26:36 UTC 2019 /home/travis/build/icyphy/ptII/ptolemy/actor/lib/test/auto/ArrayUpdate3.xml
----------------- Instantiating /home/travis/build/icyphy/ptII/ptolemy/actor/lib/test/auto/ArrayUpdate3.xml
7 ms. Memory: 430080K Free: 352662K (82%)
----------------- Invoking toplevel() on ptolemy.moml.MoMLSimpleApplication@321c5833
----------------- Done invoking toplevel() on ptolemy.moml.MoMLSimpleApplication@321c5833
reloadAllAccessors: .ArrayUpdate3

===========================================================================================
----------------- testing Mon Nov 25 06:26:36 UTC 2019 /home/travis/build/icyphy/ptII/ptolemy/actor/lib/test/auto/Assert1.xml
----------------- Instantiating /home/travis/build/icyphy/ptII/ptolemy/actor/lib/test/auto/Assert1.xml
5 ms. Memory: 430080K Free: 348056K (81%)
----------------- Invoking toplevel() on ptolemy.moml.MoMLSimpleApplication@56e85a7d
----------------- Done invoking toplevel() on ptolemy.moml.MoMLSimpleApplication@56e85a7d
reloadAllAccessors: .Assert1

===========================================================================================
----------------- testing Mon Nov 25 06:26:36 UTC 2019 /home/travis/build/icyphy/ptII/ptolemy/actor/lib/test/auto/Assert2.xml
----------------- Instantiating /home/travis/build/icyphy/ptII/ptolemy/actor/lib/test/auto/Assert2.xml
5 ms. Memory: 430080K Free: 342936K (80%)
----------------- Invoking toplevel() on ptolemy.moml.MoMLSimpleApplication@155178cf
----------------- Done invoking toplevel() on ptolemy.moml.MoMLSimpleApplication@155178cf
reloadAllAccessors: .Assert2

===========================================================================================
----------------- testing Mon Nov 25 06:26:36 UTC 2019 /home/travis/build/icyphy/ptII/ptolemy/actor/lib/test/auto/BooleanMultiplexor.xml
----------------- Instantiating /home/travis/build/icyphy/ptII/ptolemy/actor/lib/test/auto/BooleanMultiplexor.xml
5 ms. Memory: 430080K Free: 337272K (78%)
----------------- Invoking toplevel() on ptolemy.moml.MoMLSimpleApplication@62e14e3d
----------------- Done invoking toplevel() on ptolemy.moml.MoMLSimpleApplication@62e14e3d
reloadAllAccessors: .BooleanMultiplexor

===========================================================================================
----------------- testing Mon Nov 25 06:26:36 UTC 2019 /home/travis/build/icyphy/ptII/ptolemy/actor/lib/test/auto/BooleanMultiplexor2.xml
----------------- Instantiating /home/travis/build/icyphy/ptII/ptolemy/actor/lib/test/auto/BooleanMultiplexor2.xml
11 ms. Memory: 430080K Free: 330648K (77%)
----------------- Invoking toplevel() on ptolemy.moml.MoMLSimpleApplication@51da9e59
----------------- Done invoking toplevel() on ptolemy.moml.MoMLSimpleApplication@51da9e59
reloadAllAccessors: .BooleanMultiplexor2

===========================================================================================
----------------- testing Mon Nov 25 06:26:36 UTC 2019 /home/travis/build/icyphy/ptII/ptolemy/actor/lib/test/auto/BooleanMultiplexor3.xml
----------------- Instantiating /home/travis/build/icyphy/ptII/ptolemy/actor/lib/test/auto/BooleanMultiplexor3.xml
4 ms. Memory: 430080K Free: 327062K (76%)
----------------- Invoking toplevel() on ptolemy.moml.MoMLSimpleApplication@c8877a1
----------------- Done invoking toplevel() on ptolemy.moml.MoMLSimpleApplication@c8877a1
reloadAllAccessors: .BooleanMultiplexor3

===========================================================================================
----------------- testing Mon Nov 25 06:26:36 UTC 2019 /home/travis/build/icyphy/ptII/ptolemy/actor/lib/test/auto/BooleanSelect.xml
----------------- Instantiating /home/travis/build/icyphy/ptII/ptolemy/actor/lib/test/auto/BooleanSelect.xml
10 ms. Memory: 430080K Free: 320904K (75%)
----------------- Invoking toplevel() on ptolemy.moml.MoMLSimpleApplication@114078ca
----------------- Done invoking toplevel() on ptolemy.moml.MoMLSimpleApplication@114078ca
reloadAllAccessors: .BooleanSelect

===========================================================================================
----------------- testing Mon Nov 25 06:26:36 UTC 2019 /home/travis/build/icyphy/ptII/ptolemy/actor/lib/test/auto/BooleanSelect2.xml
----------------- Instantiating /home/travis/build/icyphy/ptII/ptolemy/actor/lib/test/auto/BooleanSelect2.xml
4 ms. Memory: 430080K Free: 316822K (74%)
----------------- Invoking toplevel() on ptolemy.moml.MoMLSimpleApplication@5288abd0
----------------- Done invoking toplevel() on ptolemy.moml.MoMLSimpleApplication@5288abd0
reloadAllAccessors: .BooleanSelect2

===========================================================================================
----------------- testing Mon Nov 25 06:26:36 UTC 2019 /home/travis/build/icyphy/ptII/ptolemy/actor/lib/test/auto/BooleanSwitch.xml
----------------- Instantiating /home/travis/build/icyphy/ptII/ptolemy/actor/lib/test/auto/BooleanSwitch.xml
10 ms. Memory: 430080K Free: 310678K (72%)
----------------- Invoking toplevel() on ptolemy.moml.MoMLSimpleApplication@7371df37
----------------- Done invoking toplevel() on ptolemy.moml.MoMLSimpleApplication@7371df37
reloadAllAccessors: .BooleanSwitch

===========================================================================================
----------------- testing Mon Nov 25 06:26:36 UTC 2019 /home/travis/build/icyphy/ptII/ptolemy/actor/lib/test/auto/BooleanSwitch2.xml
----------------- Instantiating /home/travis/build/icyphy/ptII/ptolemy/actor/lib/test/auto/BooleanSwitch2.xml
9 ms. Memory: 430080K Free: 306582K (71%)
----------------- Invoking toplevel() on ptolemy.moml.MoMLSimpleApplication@62ef10ed
----------------- Done invoking toplevel() on ptolemy.moml.MoMLSimpleApplication@62ef10ed
reloadAllAccessors: .BooleanSwitch2

===========================================================================================
----------------- testing Mon Nov 25 06:26:36 UTC 2019 /home/travis/build/icyphy/ptII/ptolemy/actor/lib/test/auto/BooleanSwitchCloningBugWithClassRelationGroup.xml
----------------- Instantiating /home/travis/build/icyphy/ptII/ptolemy/actor/lib/test/auto/BooleanSwitchCloningBugWithClassRelationGroup.xml
4 ms. Memory: 430080K Free: 299928K (70%)
----------------- Invoking toplevel() on ptolemy.moml.MoMLSimpleApplication@7192a0be
----------------- Done invoking toplevel() on ptolemy.moml.MoMLSimpleApplication@7192a0be
reloadAllAccessors: .BooleanSwitchCloningBugWithClassRelationGroup

===========================================================================================
----------------- testing Mon Nov 25 06:26:36 UTC 2019 /home/travis/build/icyphy/ptII/ptolemy/actor/lib/test/auto/BusActors.xml
----------------- Instantiating /home/travis/build/icyphy/ptII/ptolemy/actor/lib/test/auto/BusActors.xml
10 ms. Memory: 430080K Free: 292760K (68%)
----------------- Invoking toplevel() on ptolemy.moml.MoMLSimpleApplication@28835823
----------------- Done invoking toplevel() on ptolemy.moml.MoMLSimpleApplication@28835823
reloadAllAccessors: .BusActors

===========================================================================================
----------------- testing Mon Nov 25 06:26:36 UTC 2019 /home/travis/build/icyphy/ptII/ptolemy/actor/lib/test/auto/ClassWrapper.xml
----------------- Instantiating /home/travis/build/icyphy/ptII/ptolemy/actor/lib/test/auto/ClassWrapper.xml
3 ms. Memory: 430080K Free: 288150K (67%)
----------------- Invoking toplevel() on ptolemy.moml.MoMLSimpleApplication@79630822
----------------- Done invoking toplevel() on ptolemy.moml.MoMLSimpleApplication@79630822
reloadAllAccessors: .ClassWrapper

===========================================================================================
----------------- testing Mon Nov 25 06:26:36 UTC 2019 /home/travis/build/icyphy/ptII/ptolemy/actor/lib/test/auto/Clock.xml
----------------- Instantiating /home/travis/build/icyphy/ptII/ptolemy/actor/lib/test/auto/Clock.xml
1 ms. Memory: 430080K Free: 284568K (66%)
----------------- Invoking toplevel() on ptolemy.moml.MoMLSimpleApplication@62e5bc0f
----------------- Done invoking toplevel() on ptolemy.moml.MoMLSimpleApplication@62e5bc0f
reloadAllAccessors: .Clock

===========================================================================================
----------------- testing Mon Nov 25 06:26:36 UTC 2019 /home/travis/build/icyphy/ptII/ptolemy/actor/lib/test/auto/Clock10.xml
----------------- Instantiating /home/travis/build/icyphy/ptII/ptolemy/actor/lib/test/auto/Clock10.xml
6 ms. Memory: 430080K Free: 278424K (65%)
----------------- Invoking toplevel() on ptolemy.moml.MoMLSimpleApplication@3838e628
----------------- Done invoking toplevel() on ptolemy.moml.MoMLSimpleApplication@3838e628
reloadAllAccessors: .Clock10

===========================================================================================
----------------- testing Mon Nov 25 06:26:36 UTC 2019 /home/travis/build/icyphy/ptII/ptolemy/actor/lib/test/auto/Clock11.xml
----------------- Instantiating /home/travis/build/icyphy/ptII/ptolemy/actor/lib/test/auto/Clock11.xml
5 ms. Memory: 430080K Free: 272790K (63%)
----------------- Invoking toplevel() on ptolemy.moml.MoMLSimpleApplication@4d30e73c
----------------- Done invoking toplevel() on ptolemy.moml.MoMLSimpleApplication@4d30e73c
reloadAllAccessors: .Clock11

===========================================================================================
----------------- testing Mon Nov 25 06:26:36 UTC 2019 /home/travis/build/icyphy/ptII/ptolemy/actor/lib/test/auto/Clock12.xml
----------------- Instantiating /home/travis/build/icyphy/ptII/ptolemy/actor/lib/test/auto/Clock12.xml
6 ms. Memory: 430080K Free: 266646K (62%)
----------------- Invoking toplevel() on ptolemy.moml.MoMLSimpleApplication@ded6758
----------------- Done invoking toplevel() on ptolemy.moml.MoMLSimpleApplication@ded6758
reloadAllAccessors: .Clock12

===========================================================================================
----------------- testing Mon Nov 25 06:26:36 UTC 2019 /home/travis/build/icyphy/ptII/ptolemy/actor/lib/test/auto/Clock13.xml
----------------- Instantiating /home/travis/build/icyphy/ptII/ptolemy/actor/lib/test/auto/Clock13.xml
4 ms. Memory: 430080K Free: 261016K (61%)
----------------- Invoking toplevel() on ptolemy.moml.MoMLSimpleApplication@1e9df63c
----------------- Done invoking toplevel() on ptolemy.moml.MoMLSimpleApplication@1e9df63c
reloadAllAccessors: .Clock13

===========================================================================================
----------------- testing Mon Nov 25 06:26:36 UTC 2019 /home/travis/build/icyphy/ptII/ptolemy/actor/lib/test/auto/Clock14.xml
----------------- Instantiating /home/travis/build/icyphy/ptII/ptolemy/actor/lib/test/auto/Clock14.xml
7 ms. Memory: 430080K Free: 254872K (59%)
----------------- Invoking toplevel() on ptolemy.moml.MoMLSimpleApplication@2da17ecd
----------------- Done invoking toplevel() on ptolemy.moml.MoMLSimpleApplication@2da17ecd
reloadAllAccessors: .Clock14

===========================================================================================
----------------- testing Mon Nov 25 06:26:36 UTC 2019 /home/travis/build/icyphy/ptII/ptolemy/actor/lib/test/auto/Clock15.xml
----------------- Instantiating /home/travis/build/icyphy/ptII/ptolemy/actor/lib/test/auto/Clock15.xml
5 ms. Memory: 430080K Free: 249208K (58%)
----------------- Invoking toplevel() on ptolemy.moml.MoMLSimpleApplication@6d46bc10
----------------- Done invoking toplevel() on ptolemy.moml.MoMLSimpleApplication@6d46bc10
reloadAllAccessors: .Clock15

===========================================================================================
----------------- testing Mon Nov 25 06:26:36 UTC 2019 /home/travis/build/icyphy/ptII/ptolemy/actor/lib/test/auto/Clock16.xml
----------------- Instantiating /home/travis/build/icyphy/ptII/ptolemy/actor/lib/test/auto/Clock16.xml
40 ms. Memory: 430080K Free: 234392K (54%)
----------------- Invoking toplevel() on ptolemy.moml.MoMLSimpleApplication@246d23ef
----------------- Done invoking toplevel() on ptolemy.moml.MoMLSimpleApplication@246d23ef
reloadAllAccessors: .Clock16

===========================================================================================
----------------- testing Mon Nov 25 06:26:36 UTC 2019 /home/travis/build/icyphy/ptII/ptolemy/actor/lib/test/auto/Clock17.xml
----------------- Instantiating /home/travis/build/icyphy/ptII/ptolemy/actor/lib/test/auto/Clock17.xml
29 ms. Memory: 430080K Free: 219528K (51%)
----------------- Invoking toplevel() on ptolemy.moml.MoMLSimpleApplication@6e49512c
----------------- Done invoking toplevel() on ptolemy.moml.MoMLSimpleApplication@6e49512c
reloadAllAccessors: .Clock17

===========================================================================================
----------------- testing Mon Nov 25 06:26:37 UTC 2019 /home/travis/build/icyphy/ptII/ptolemy/actor/lib/test/auto/Clock18.xml
----------------- Instantiating /home/travis/build/icyphy/ptII/ptolemy/actor/lib/test/auto/Clock18.xml
26 ms. Memory: 430080K Free: 206744K (48%)
----------------- Invoking toplevel() on ptolemy.moml.MoMLSimpleApplication@8a2cc08
----------------- Done invoking toplevel() on ptolemy.moml.MoMLSimpleApplication@8a2cc08
reloadAllAccessors: .Clock18

===========================================================================================
----------------- testing Mon Nov 25 06:26:37 UTC 2019 /home/travis/build/icyphy/ptII/ptolemy/actor/lib/test/auto/Clock19.xml
----------------- Instantiating /home/travis/build/icyphy/ptII/ptolemy/actor/lib/test/auto/Clock19.xml
20 ms. Memory: 430080K Free: 193432K (45%)
----------------- Invoking toplevel() on ptolemy.moml.MoMLSimpleApplication@1e8c9bdd
----------------- Done invoking toplevel() on ptolemy.moml.MoMLSimpleApplication@1e8c9bdd
reloadAllAccessors: .Clock19

===========================================================================================
----------------- testing Mon Nov 25 06:26:37 UTC 2019 /home/travis/build/icyphy/ptII/ptolemy/actor/lib/test/auto/Clock2.xml
----------------- Instantiating /home/travis/build/icyphy/ptII/ptolemy/actor/lib/test/auto/Clock2.xml
5 ms. Memory: 430080K Free: 188792K (44%)
----------------- Invoking toplevel() on ptolemy.moml.MoMLSimpleApplication@1a2764e2
----------------- Done invoking toplevel() on ptolemy.moml.MoMLSimpleApplication@1a2764e2
reloadAllAccessors: .Clock2

===========================================================================================
----------------- testing Mon Nov 25 06:26:37 UTC 2019 /home/travis/build/icyphy/ptII/ptolemy/actor/lib/test/auto/Clock20.xml
----------------- Instantiating /home/travis/build/icyphy/ptII/ptolemy/actor/lib/test/auto/Clock20.xml
9 ms. Memory: 430080K Free: 183192K (43%)
----------------- Invoking toplevel() on ptolemy.moml.MoMLSimpleApplication@324526b0
----------------- Done invoking toplevel() on ptolemy.moml.MoMLSimpleApplication@324526b0
reloadAllAccessors: .Clock20

===========================================================================================
----------------- testing Mon Nov 25 06:26:37 UTC 2019 /home/travis/build/icyphy/ptII/ptolemy/actor/lib/test/auto/Clock21.xml
----------------- Instantiating /home/travis/build/icyphy/ptII/ptolemy/actor/lib/test/auto/Clock21.xml
5 ms. Memory: 430080K Free: 177558K (41%)
----------------- Invoking toplevel() on ptolemy.moml.MoMLSimpleApplication@5ccd7722
----------------- Done invoking toplevel() on ptolemy.moml.MoMLSimpleApplication@5ccd7722
reloadAllAccessors: .Clock21

===========================================================================================
----------------- testing Mon Nov 25 06:26:37 UTC 2019 /home/travis/build/icyphy/ptII/ptolemy/actor/lib/test/auto/Clock22.xml
----------------- Instantiating /home/travis/build/icyphy/ptII/ptolemy/actor/lib/test/auto/Clock22.xml
3 ms. Memory: 430080K Free: 172438K (40%)
----------------- Invoking toplevel() on ptolemy.moml.MoMLSimpleApplication@50f73e48
----------------- Done invoking toplevel() on ptolemy.moml.MoMLSimpleApplication@50f73e48
reloadAllAccessors: .Clock22

===========================================================================================
----------------- testing Mon Nov 25 06:26:37 UTC 2019 /home/travis/build/icyphy/ptII/ptolemy/actor/lib/test/auto/Clock23.xml
----------------- Instantiating /home/travis/build/icyphy/ptII/ptolemy/actor/lib/test/auto/Clock23.xml
4 ms. Memory: 430080K Free: 166808K (39%)
----------------- Invoking toplevel() on ptolemy.moml.MoMLSimpleApplication@140637a4
----------------- Done invoking toplevel() on ptolemy.moml.MoMLSimpleApplication@140637a4
reloadAllAccessors: .Clock23

===========================================================================================
----------------- testing Mon Nov 25 06:26:37 UTC 2019 /home/travis/build/icyphy/ptII/ptolemy/actor/lib/test/auto/Clock24.xml
----------------- Instantiating /home/travis/build/icyphy/ptII/ptolemy/actor/lib/test/auto/Clock24.xml
2 ms. Memory: 430080K Free: 161688K (38%)
----------------- Invoking toplevel() on ptolemy.moml.MoMLSimpleApplication@d228d12
----------------- Done invoking toplevel() on ptolemy.moml.MoMLSimpleApplication@d228d12
reloadAllAccessors: .Clock24

===========================================================================================
----------------- testing Mon Nov 25 06:26:37 UTC 2019 /home/travis/build/icyphy/ptII/ptolemy/actor/lib/test/auto/Clock4.xml
----------------- Instantiating /home/travis/build/icyphy/ptII/ptolemy/actor/lib/test/auto/Clock4.xml
1 ms. Memory: 430080K Free: 156568K (36%)
----------------- Invoking toplevel() on ptolemy.moml.MoMLSimpleApplication@7d8c8157
----------------- Done invoking toplevel() on ptolemy.moml.MoMLSimpleApplication@7d8c8157
reloadAllAccessors: .Clock4

===========================================================================================
----------------- testing Mon Nov 25 06:26:37 UTC 2019 /home/travis/build/icyphy/ptII/ptolemy/actor/lib/test/auto/Clock5.xml
----------------- Instantiating /home/travis/build/icyphy/ptII/ptolemy/actor/lib/test/auto/Clock5.xml
2 ms. Memory: 430080K Free: 378670K (88%)
----------------- Invoking toplevel() on ptolemy.moml.MoMLSimpleApplication@6e54e060
----------------- Done invoking toplevel() on ptolemy.moml.MoMLSimpleApplication@6e54e060
reloadAllAccessors: .Clock5

===========================================================================================
----------------- testing Mon Nov 25 06:26:37 UTC 2019 /home/travis/build/icyphy/ptII/ptolemy/actor/lib/test/auto/Clock6.xml
----------------- Instantiating /home/travis/build/icyphy/ptII/ptolemy/actor/lib/test/auto/Clock6.xml
5 ms. Memory: 430080K Free: 374060K (87%)
----------------- Invoking toplevel() on ptolemy.moml.MoMLSimpleApplication@18ce8a8b
----------------- Done invoking toplevel() on ptolemy.moml.MoMLSimpleApplication@18ce8a8b
reloadAllAccessors: .Clock6

===========================================================================================
----------------- testing Mon Nov 25 06:26:37 UTC 2019 /home/travis/build/icyphy/ptII/ptolemy/actor/lib/test/auto/Clock7.xml
----------------- Instantiating /home/travis/build/icyphy/ptII/ptolemy/actor/lib/test/auto/Clock7.xml
2 ms. Memory: 430080K Free: 368940K (86%)
----------------- Invoking toplevel() on ptolemy.moml.MoMLSimpleApplication@10a34fca
----------------- Done invoking toplevel() on ptolemy.moml.MoMLSimpleApplication@10a34fca
reloadAllAccessors: .Clock7

===========================================================================================
----------------- testing Mon Nov 25 06:26:37 UTC 2019 /home/travis/build/icyphy/ptII/ptolemy/actor/lib/test/auto/Clock8.xml
----------------- Instantiating /home/travis/build/icyphy/ptII/ptolemy/actor/lib/test/auto/Clock8.xml
7 ms. Memory: 430080K Free: 363814K (85%)
----------------- Invoking toplevel() on ptolemy.moml.MoMLSimpleApplication@57d89b95
----------------- Done invoking toplevel() on ptolemy.moml.MoMLSimpleApplication@57d89b95
reloadAllAccessors: .Clock8

===========================================================================================
----------------- testing Mon Nov 25 06:26:37 UTC 2019 /home/travis/build/icyphy/ptII/ptolemy/actor/lib/test/auto/Clock9.xml
----------------- Instantiating /home/travis/build/icyphy/ptII/ptolemy/actor/lib/test/auto/Clock9.xml
3 ms. Memory: 430080K Free: 358190K (83%)
----------------- Invoking toplevel() on ptolemy.moml.MoMLSimpleApplication@58e782c6
----------------- Done invoking toplevel() on ptolemy.moml.MoMLSimpleApplication@58e782c6
reloadAllAccessors: .Clock9

===========================================================================================
----------------- testing Mon Nov 25 06:26:37 UTC 2019 /home/travis/build/icyphy/ptII/ptolemy/actor/lib/test/auto/CommDistDiscard.xml
----------------- Instantiating /home/travis/build/icyphy/ptII/ptolemy/actor/lib/test/auto/CommDistDiscard.xml
6 ms. Memory: 430080K Free: 353070K (82%)
----------------- Invoking toplevel() on ptolemy.moml.MoMLSimpleApplication@53bd80b0
----------------- Done invoking toplevel() on ptolemy.moml.MoMLSimpleApplication@53bd80b0
reloadAllAccessors: .CommDistDiscard

===========================================================================================
----------------- testing Mon Nov 25 06:26:37 UTC 2019 /home/travis/build/icyphy/ptII/ptolemy/actor/lib/test/auto/Commutator.xml
----------------- Instantiating /home/travis/build/icyphy/ptII/ptolemy/actor/lib/test/auto/Commutator.xml
1 ms. Memory: 430080K Free: 348460K (81%)
----------------- Invoking toplevel() on ptolemy.moml.MoMLSimpleApplication@2729ee00
----------------- Done invoking toplevel() on ptolemy.moml.MoMLSimpleApplication@2729ee00
reloadAllAccessors: .Commutator

===========================================================================================
----------------- testing Mon Nov 25 06:26:37 UTC 2019 /home/travis/build/icyphy/ptII/ptolemy/actor/lib/test/auto/Commutator2.xml
----------------- Instantiating /home/travis/build/icyphy/ptII/ptolemy/actor/lib/test/auto/Commutator2.xml
2 ms. Memory: 430080K Free: 343854K (80%)
----------------- Invoking toplevel() on ptolemy.moml.MoMLSimpleApplication@5c7ae1c4
----------------- Done invoking toplevel() on ptolemy.moml.MoMLSimpleApplication@5c7ae1c4
reloadAllAccessors: .Commutator2

===========================================================================================
----------------- testing Mon Nov 25 06:26:37 UTC 2019 /home/travis/build/icyphy/ptII/ptolemy/actor/lib/test/auto/Commutator3.xml
----------------- Instantiating /home/travis/build/icyphy/ptII/ptolemy/actor/lib/test/auto/Commutator3.xml
2 ms. Memory: 430080K Free: 339758K (79%)
----------------- Invoking toplevel() on ptolemy.moml.MoMLSimpleApplication@58093c6b
----------------- Done invoking toplevel() on ptolemy.moml.MoMLSimpleApplication@58093c6b
reloadAllAccessors: .Commutator3

===========================================================================================
----------------- testing Mon Nov 25 06:26:37 UTC 2019 /home/travis/build/icyphy/ptII/ptolemy/actor/lib/test/auto/Compare.xml
----------------- Instantiating /home/travis/build/icyphy/ptII/ptolemy/actor/lib/test/auto/Compare.xml
2 ms. Memory: 430080K Free: 333100K (77%)
----------------- Invoking toplevel() on ptolemy.moml.MoMLSimpleApplication@93e07d6
----------------- Done invoking toplevel() on ptolemy.moml.MoMLSimpleApplication@93e07d6
reloadAllAccessors: .Compare

===========================================================================================
----------------- testing Mon Nov 25 06:26:37 UTC 2019 /home/travis/build/icyphy/ptII/ptolemy/actor/lib/test/auto/CompareDE.xml
----------------- Instantiating /home/travis/build/icyphy/ptII/ptolemy/actor/lib/test/auto/CompareDE.xml
4 ms. Memory: 430080K Free: 326446K (76%)
----------------- Invoking toplevel() on ptolemy.moml.MoMLSimpleApplication@755d7fd8
----------------- Done invoking toplevel() on ptolemy.moml.MoMLSimpleApplication@755d7fd8
reloadAllAccessors: .CompareDE

===========================================================================================
----------------- testing Mon Nov 25 06:26:37 UTC 2019 /home/travis/build/icyphy/ptII/ptolemy/actor/lib/test/auto/ComplexDivide.xml
----------------- Instantiating /home/travis/build/icyphy/ptII/ptolemy/actor/lib/test/auto/ComplexDivide.xml
1 ms. Memory: 430080K Free: 322350K (75%)
----------------- Invoking toplevel() on ptolemy.moml.MoMLSimpleApplication@2e6f691b
----------------- Done invoking toplevel() on ptolemy.moml.MoMLSimpleApplication@2e6f691b
reloadAllAccessors: .ComplexDivide

===========================================================================================
----------------- testing Mon Nov 25 06:26:37 UTC 2019 /home/travis/build/icyphy/ptII/ptolemy/actor/lib/test/auto/ComputeHistogram.xml
----------------- Instantiating /home/travis/build/icyphy/ptII/ptolemy/actor/lib/test/auto/ComputeHistogram.xml
36 ms. Memory: 430080K Free: 309548K (72%)
----------------- Invoking toplevel() on ptolemy.moml.MoMLSimpleApplication@5cf957f9
----------------- Done invoking toplevel() on ptolemy.moml.MoMLSimpleApplication@5cf957f9
reloadAllAccessors: .ComputeHistogram

===========================================================================================
----------------- testing Mon Nov 25 06:26:37 UTC 2019 /home/travis/build/icyphy/ptII/ptolemy/actor/lib/test/auto/ConfigurationSelect.xml
----------------- Instantiating /home/travis/build/icyphy/ptII/ptolemy/actor/lib/test/auto/ConfigurationSelect.xml
9 ms. Memory: 430080K Free: 304398K (71%)
----------------- Invoking toplevel() on ptolemy.moml.MoMLSimpleApplication@14ba0008
----------------- Done invoking toplevel() on ptolemy.moml.MoMLSimpleApplication@14ba0008
reloadAllAccessors: .ConfigurationSelect

===========================================================================================
----------------- testing Mon Nov 25 06:26:37 UTC 2019 /home/travis/build/icyphy/ptII/ptolemy/actor/lib/test/auto/ConfigurationSelect2.xml
----------------- Instantiating /home/travis/build/icyphy/ptII/ptolemy/actor/lib/test/auto/ConfigurationSelect2.xml
2 ms. Memory: 430080K Free: 299822K (70%)
----------------- Invoking toplevel() on ptolemy.moml.MoMLSimpleApplication@24eae083
----------------- Done invoking toplevel() on ptolemy.moml.MoMLSimpleApplication@24eae083
reloadAllAccessors: .ConfigurationSelect2

===========================================================================================
----------------- testing Mon Nov 25 06:26:37 UTC 2019 /home/travis/build/icyphy/ptII/ptolemy/actor/lib/test/auto/ConfigurationSwitch.xml
----------------- Instantiating /home/travis/build/icyphy/ptII/ptolemy/actor/lib/test/auto/ConfigurationSwitch.xml
2 ms. Memory: 430080K Free: 294188K (68%)
----------------- Invoking toplevel() on ptolemy.moml.MoMLSimpleApplication@46eab8d9
----------------- Done invoking toplevel() on ptolemy.moml.MoMLSimpleApplication@46eab8d9
reloadAllAccessors: .ConfigurationSwitch

===========================================================================================
----------------- testing Mon Nov 25 06:26:37 UTC 2019 /home/travis/build/icyphy/ptII/ptolemy/actor/lib/test/auto/ConfigurationSwitch2.xml
----------------- Instantiating /home/travis/build/icyphy/ptII/ptolemy/actor/lib/test/auto/ConfigurationSwitch2.xml
3 ms. Memory: 430080K Free: 289068K (67%)
----------------- Invoking toplevel() on ptolemy.moml.MoMLSimpleApplication@6cb70a28
----------------- Done invoking toplevel() on ptolemy.moml.MoMLSimpleApplication@6cb70a28
reloadAllAccessors: .ConfigurationSwitch2

===========================================================================================
----------------- testing Mon Nov 25 06:26:37 UTC 2019 /home/travis/build/icyphy/ptII/ptolemy/actor/lib/test/auto/ConfigurationSwitchCloningBugWithClassRelationGroup.xml
----------------- Instantiating /home/travis/build/icyphy/ptII/ptolemy/actor/lib/test/auto/ConfigurationSwitchCloningBugWithClassRelationGroup.xml
1 ms. Memory: 430080K Free: 282414K (66%)
----------------- Invoking toplevel() on ptolemy.moml.MoMLSimpleApplication@284630a0
----------------- Done invoking toplevel() on ptolemy.moml.MoMLSimpleApplication@284630a0
reloadAllAccessors: .ConfigurationSwitchCloningBugWithClassRelationGroup

===========================================================================================
----------------- testing Mon Nov 25 06:26:37 UTC 2019 /home/travis/build/icyphy/ptII/ptolemy/actor/lib/test/auto/ConfigurationSwitchSelectSDF.xml
----------------- Instantiating /home/travis/build/icyphy/ptII/ptolemy/actor/lib/test/auto/ConfigurationSwitchSelectSDF.xml
2 ms. Memory: 430080K Free: 277294K (64%)
----------------- Invoking toplevel() on ptolemy.moml.MoMLSimpleApplication@764577e9
----------------- Done invoking toplevel() on ptolemy.moml.MoMLSimpleApplication@764577e9
reloadAllAccessors: .ConfigurationSwitchSelectSDF

===========================================================================================
----------------- testing Mon Nov 25 06:26:37 UTC 2019 /home/travis/build/icyphy/ptII/ptolemy/actor/lib/test/auto/ConfigurationSwitchSelectSDF2.xml
----------------- Instantiating /home/travis/build/icyphy/ptII/ptolemy/actor/lib/test/auto/ConfigurationSwitchSelectSDF2.xml
2 ms. Memory: 430080K Free: 271150K (63%)
----------------- Invoking toplevel() on ptolemy.moml.MoMLSimpleApplication@7fd90fd1
----------------- Done invoking toplevel() on ptolemy.moml.MoMLSimpleApplication@7fd90fd1
reloadAllAccessors: .ConfigurationSwitchSelectSDF2

===========================================================================================
----------------- testing Mon Nov 25 06:26:37 UTC 2019 /home/travis/build/icyphy/ptII/ptolemy/actor/lib/test/auto/Const.xml
----------------- Instantiating /home/travis/build/icyphy/ptII/ptolemy/actor/lib/test/auto/Const.xml
1 ms. Memory: 430080K Free: 267564K (62%)
----------------- Invoking toplevel() on ptolemy.moml.MoMLSimpleApplication@6f8b59a
----------------- Done invoking toplevel() on ptolemy.moml.MoMLSimpleApplication@6f8b59a
reloadAllAccessors: .Const

===========================================================================================
----------------- testing Mon Nov 25 06:26:37 UTC 2019 /home/travis/build/icyphy/ptII/ptolemy/actor/lib/test/auto/Const2.xml
----------------- Instantiating /home/travis/build/icyphy/ptII/ptolemy/actor/lib/test/auto/Const2.xml
1 ms. Memory: 430080K Free: 263982K (61%)
----------------- Invoking toplevel() on ptolemy.moml.MoMLSimpleApplication@58da5b56
----------------- Done invoking toplevel() on ptolemy.moml.MoMLSimpleApplication@58da5b56
reloadAllAccessors: .Const2

===========================================================================================
----------------- testing Mon Nov 25 06:26:37 UTC 2019 /home/travis/build/icyphy/ptII/ptolemy/actor/lib/test/auto/Const3.xml
----------------- Instantiating /home/travis/build/icyphy/ptII/ptolemy/actor/lib/test/auto/Const3.xml
1 ms. Memory: 430080K Free: 260910K (61%)
----------------- Invoking toplevel() on ptolemy.moml.MoMLSimpleApplication@1ecd160a
----------------- Done invoking toplevel() on ptolemy.moml.MoMLSimpleApplication@1ecd160a
reloadAllAccessors: .Const3

===========================================================================================
----------------- testing Mon Nov 25 06:26:37 UTC 2019 /home/travis/build/icyphy/ptII/ptolemy/actor/lib/test/auto/ConstantPublisherPort1.xml
----------------- Instantiating /home/travis/build/icyphy/ptII/ptolemy/actor/lib/test/auto/ConstantPublisherPort1.xml
5 ms. Memory: 430080K Free: 252204K (59%)
----------------- Invoking toplevel() on ptolemy.moml.MoMLSimpleApplication@7a16785a
----------------- Done invoking toplevel() on ptolemy.moml.MoMLSimpleApplication@7a16785a
reloadAllAccessors: .ConstantPublisherPort1

===========================================================================================
----------------- testing Mon Nov 25 06:26:37 UTC 2019 /home/travis/build/icyphy/ptII/ptolemy/actor/lib/test/auto/ConstantPublisherPort2.xml
----------------- Instantiating /home/travis/build/icyphy/ptII/ptolemy/actor/lib/test/auto/ConstantPublisherPort2.xml
10 ms. Memory: 430080K Free: 245036K (57%)
----------------- Invoking toplevel() on ptolemy.moml.MoMLSimpleApplication@57a32b62
----------------- Done invoking toplevel() on ptolemy.moml.MoMLSimpleApplication@57a32b62
reloadAllAccessors: .ConstantPublisherPort2

===========================================================================================
----------------- testing Mon Nov 25 06:26:37 UTC 2019 /home/travis/build/icyphy/ptII/ptolemy/actor/lib/test/auto/ConstantPublisherPort3.xml
----------------- Instantiating /home/travis/build/icyphy/ptII/ptolemy/actor/lib/test/auto/ConstantPublisherPort3.xml
5 ms. Memory: 430080K Free: 237358K (55%)
----------------- Invoking toplevel() on ptolemy.moml.MoMLSimpleApplication@5e234151
----------------- Done invoking toplevel() on ptolemy.moml.MoMLSimpleApplication@5e234151
reloadAllAccessors: .ConstantPublisherPort3

===========================================================================================
----------------- testing Mon Nov 25 06:26:37 UTC 2019 /home/travis/build/icyphy/ptII/ptolemy/actor/lib/test/auto/ConstantPublisherPort4.xml
----------------- Instantiating /home/travis/build/icyphy/ptII/ptolemy/actor/lib/test/auto/ConstantPublisherPort4.xml
4 ms. Memory: 430080K Free: 230190K (54%)
----------------- Invoking toplevel() on ptolemy.moml.MoMLSimpleApplication@5098139d
----------------- Done invoking toplevel() on ptolemy.moml.MoMLSimpleApplication@5098139d
reloadAllAccessors: .ConstantPublisherPort4

===========================================================================================
----------------- testing Mon Nov 25 06:26:37 UTC 2019 /home/travis/build/icyphy/ptII/ptolemy/actor/lib/test/auto/ConstantPublisherPort5.xml
----------------- Instantiating /home/travis/build/icyphy/ptII/ptolemy/actor/lib/test/auto/ConstantPublisherPort5.xml
31 ms. Memory: 430080K Free: 220974K (51%)
----------------- Invoking toplevel() on ptolemy.moml.MoMLSimpleApplication@3d594d4c
----------------- Done invoking toplevel() on ptolemy.moml.MoMLSimpleApplication@3d594d4c
reloadAllAccessors: .ConstantPublisherPort5

===========================================================================================
----------------- testing Mon Nov 25 06:26:38 UTC 2019 /home/travis/build/icyphy/ptII/ptolemy/actor/lib/test/auto/ConstantPublisherPort6.xml
----------------- Instantiating /home/travis/build/icyphy/ptII/ptolemy/actor/lib/test/auto/ConstantPublisherPort6.xml
19 ms. Memory: 430080K Free: 211244K (49%)
----------------- Invoking toplevel() on ptolemy.moml.MoMLSimpleApplication@21432d12
----------------- Done invoking toplevel() on ptolemy.moml.MoMLSimpleApplication@21432d12
reloadAllAccessors: .ConstantPublisherPort6

===========================================================================================
----------------- testing Mon Nov 25 06:26:38 UTC 2019 /home/travis/build/icyphy/ptII/ptolemy/actor/lib/test/auto/ConstantPublisherPort7.xml
----------------- Instantiating /home/travis/build/icyphy/ptII/ptolemy/actor/lib/test/auto/ConstantPublisherPort7.xml
20 ms. Memory: 430080K Free: 202028K (47%)
----------------- Invoking toplevel() on ptolemy.moml.MoMLSimpleApplication@2d9a04a2
----------------- Done invoking toplevel() on ptolemy.moml.MoMLSimpleApplication@2d9a04a2
reloadAllAccessors: .ConstantPublisherPort7

===========================================================================================
----------------- testing Mon Nov 25 06:26:38 UTC 2019 /home/travis/build/icyphy/ptII/ptolemy/actor/lib/test/auto/ConstraintMonitor1.xml
----------------- Instantiating /home/travis/build/icyphy/ptII/ptolemy/actor/lib/test/auto/ConstraintMonitor1.xml
8 ms. Memory: 430080K Free: 197420K (46%)
----------------- Invoking toplevel() on ptolemy.moml.MoMLSimpleApplication@15b8710a
----------------- Done invoking toplevel() on ptolemy.moml.MoMLSimpleApplication@15b8710a
reloadAllAccessors: .ConstraintMonitor1

===========================================================================================
----------------- testing Mon Nov 25 06:26:38 UTC 2019 /home/travis/build/icyphy/ptII/ptolemy/actor/lib/test/auto/ConstraintMonitor2.xml
----------------- Instantiating /home/travis/build/icyphy/ptII/ptolemy/actor/lib/test/auto/ConstraintMonitor2.xml
5 ms. Memory: 430080K Free: 192812K (45%)
----------------- Invoking toplevel() on ptolemy.moml.MoMLSimpleApplication@5f2fe99f
----------------- Done invoking toplevel() on ptolemy.moml.MoMLSimpleApplication@5f2fe99f
reloadAllAccessors: .ConstraintMonitor2

===========================================================================================
----------------- testing Mon Nov 25 06:26:38 UTC 2019 /home/travis/build/icyphy/ptII/ptolemy/actor/lib/test/auto/ConstraintMonitor3.xml
----------------- Instantiating /home/travis/build/icyphy/ptII/ptolemy/actor/lib/test/auto/ConstraintMonitor3.xml
6 ms. Memory: 430080K Free: 188206K (44%)
----------------- Invoking toplevel() on ptolemy.moml.MoMLSimpleApplication@2144d87
----------------- Done invoking toplevel() on ptolemy.moml.MoMLSimpleApplication@2144d87
reloadAllAccessors: .ConstraintMonitor3

===========================================================================================
----------------- testing Mon Nov 25 06:26:38 UTC 2019 /home/travis/build/icyphy/ptII/ptolemy/actor/lib/test/auto/ConstraintMonitor4.xml
----------------- Instantiating /home/travis/build/icyphy/ptII/ptolemy/actor/lib/test/auto/ConstraintMonitor4.xml
12 ms. Memory: 430080K Free: 183596K (43%)
----------------- Invoking toplevel() on ptolemy.moml.MoMLSimpleApplication@5aa84924
----------------- Done invoking toplevel() on ptolemy.moml.MoMLSimpleApplication@5aa84924
reloadAllAccessors: .ConstraintMonitor4

===========================================================================================
----------------- testing Mon Nov 25 06:26:38 UTC 2019 /home/travis/build/icyphy/ptII/ptolemy/actor/lib/test/auto/ConstraintMonitor5.xml
----------------- Instantiating /home/travis/build/icyphy/ptII/ptolemy/actor/lib/test/auto/ConstraintMonitor5.xml
2 ms. Memory: 430080K Free: 178476K (41%)
----------------- Invoking toplevel() on ptolemy.moml.MoMLSimpleApplication@22c6a0f8
----------------- Done invoking toplevel() on ptolemy.moml.MoMLSimpleApplication@22c6a0f8
reloadAllAccessors: .ConstraintMonitor5

===========================================================================================
----------------- testing Mon Nov 25 06:26:38 UTC 2019 /home/travis/build/icyphy/ptII/ptolemy/actor/lib/test/auto/ConstraintMonitor6.xml
----------------- Instantiating /home/travis/build/icyphy/ptII/ptolemy/actor/lib/test/auto/ConstraintMonitor6.xml
6 ms. Memory: 430080K Free: 172318K (40%)
----------------- Invoking toplevel() on ptolemy.moml.MoMLSimpleApplication@4eef7c92
----------------- Done invoking toplevel() on ptolemy.moml.MoMLSimpleApplication@4eef7c92
reloadAllAccessors: .ConstraintMonitor6

===========================================================================================
----------------- testing Mon Nov 25 06:26:38 UTC 2019 /home/travis/build/icyphy/ptII/ptolemy/actor/lib/test/auto/ConstraintMonitor7.xml
----------------- Instantiating /home/travis/build/icyphy/ptII/ptolemy/actor/lib/test/auto/ConstraintMonitor7.xml
3 ms. Memory: 430080K Free: 166174K (39%)
----------------- Invoking toplevel() on ptolemy.moml.MoMLSimpleApplication@fb9b831
----------------- Done invoking toplevel() on ptolemy.moml.MoMLSimpleApplication@fb9b831
reloadAllAccessors: .ConstraintMonitor7

===========================================================================================
----------------- testing Mon Nov 25 06:26:38 UTC 2019 /home/travis/build/icyphy/ptII/ptolemy/actor/lib/test/auto/ConstraintMonitor8.xml
----------------- Instantiating /home/travis/build/icyphy/ptII/ptolemy/actor/lib/test/auto/ConstraintMonitor8.xml
3 ms. Memory: 430080K Free: 158510K (37%)
----------------- Invoking toplevel() on ptolemy.moml.MoMLSimpleApplication@510b52c7
----------------- Done invoking toplevel() on ptolemy.moml.MoMLSimpleApplication@510b52c7
reloadAllAccessors: .ConstraintMonitor8

===========================================================================================
----------------- testing Mon Nov 25 06:26:38 UTC 2019 /home/travis/build/icyphy/ptII/ptolemy/actor/lib/test/auto/Counter.xml
----------------- Instantiating /home/travis/build/icyphy/ptII/ptolemy/actor/lib/test/auto/Counter.xml
2 ms. Memory: 430080K Free: 153388K (36%)
----------------- Invoking toplevel() on ptolemy.moml.MoMLSimpleApplication@1d54dba9
----------------- Done invoking toplevel() on ptolemy.moml.MoMLSimpleApplication@1d54dba9
reloadAllAccessors: .Counter

===========================================================================================
----------------- testing Mon Nov 25 06:26:38 UTC 2019 /home/travis/build/icyphy/ptII/ptolemy/actor/lib/test/auto/CurrentTimeSDF.xml
----------------- Instantiating /home/travis/build/icyphy/ptII/ptolemy/actor/lib/test/auto/CurrentTimeSDF.xml
2 ms. Memory: 430080K Free: 149804K (35%)
----------------- Invoking toplevel() on ptolemy.moml.MoMLSimpleApplication@9820bca
----------------- Done invoking toplevel() on ptolemy.moml.MoMLSimpleApplication@9820bca
reloadAllAccessors: .CurrentTimeSDF

===========================================================================================
----------------- testing Mon Nov 25 06:26:38 UTC 2019 /home/travis/build/icyphy/ptII/ptolemy/actor/lib/test/auto/DB.xml
----------------- Instantiating /home/travis/build/icyphy/ptII/ptolemy/actor/lib/test/auto/DB.xml
2 ms. Memory: 430080K Free: 144684K (34%)
----------------- Invoking toplevel() on ptolemy.moml.MoMLSimpleApplication@4c263ec5
----------------- Done invoking toplevel() on ptolemy.moml.MoMLSimpleApplication@4c263ec5
reloadAllAccessors: .DB

===========================================================================================
----------------- testing Mon Nov 25 06:26:38 UTC 2019 /home/travis/build/icyphy/ptII/ptolemy/actor/lib/test/auto/DBDE.xml
----------------- Instantiating /home/travis/build/icyphy/ptII/ptolemy/actor/lib/test/auto/DBDE.xml
2 ms. Memory: 430080K Free: 138534K (32%)
----------------- Invoking toplevel() on ptolemy.moml.MoMLSimpleApplication@5dcd03bc
----------------- Done invoking toplevel() on ptolemy.moml.MoMLSimpleApplication@5dcd03bc
reloadAllAccessors: .DBDE

===========================================================================================
----------------- testing Mon Nov 25 06:26:38 UTC 2019 /home/travis/build/icyphy/ptII/ptolemy/actor/lib/test/auto/DateConstructor.xml
----------------- Instantiating /home/travis/build/icyphy/ptII/ptolemy/actor/lib/test/auto/DateConstructor.xml
36 ms. Memory: 430080K Free: 376790K (88%)
----------------- Invoking toplevel() on ptolemy.moml.MoMLSimpleApplication@76e463ec
----------------- Done invoking toplevel() on ptolemy.moml.MoMLSimpleApplication@76e463ec
reloadAllAccessors: .DateConstructor

===========================================================================================
----------------- testing Mon Nov 25 06:26:38 UTC 2019 /home/travis/build/icyphy/ptII/ptolemy/actor/lib/test/auto/DelayTime.xml
----------------- Instantiating /home/travis/build/icyphy/ptII/ptolemy/actor/lib/test/auto/DelayTime.xml
6 ms. Memory: 430080K Free: 370914K (86%)
----------------- Invoking toplevel() on ptolemy.moml.MoMLSimpleApplication@17d330ec
----------------- Done invoking toplevel() on ptolemy.moml.MoMLSimpleApplication@17d330ec
reloadAllAccessors: .DelayTime

===========================================================================================
----------------- testing Mon Nov 25 06:26:38 UTC 2019 /home/travis/build/icyphy/ptII/ptolemy/actor/lib/test/auto/Dictionary1.xml
----------------- Instantiating /home/travis/build/icyphy/ptII/ptolemy/actor/lib/test/auto/Dictionary1.xml
7 ms. Memory: 430080K Free: 365280K (85%)
----------------- Invoking toplevel() on ptolemy.moml.MoMLSimpleApplication@7faa120
----------------- Done invoking toplevel() on ptolemy.moml.MoMLSimpleApplication@7faa120
reloadAllAccessors: .Dictionary1

===========================================================================================
----------------- testing Mon Nov 25 06:26:38 UTC 2019 /home/travis/build/icyphy/ptII/ptolemy/actor/lib/test/auto/Dictionary2.xml
----------------- Instantiating /home/travis/build/icyphy/ptII/ptolemy/actor/lib/test/auto/Dictionary2.xml
5 ms. Memory: 430080K Free: 359650K (84%)
----------------- Invoking toplevel() on ptolemy.moml.MoMLSimpleApplication@1f460235
----------------- Done invoking toplevel() on ptolemy.moml.MoMLSimpleApplication@1f460235
reloadAllAccessors: .Dictionary2

===========================================================================================
----------------- testing Mon Nov 25 06:26:38 UTC 2019 /home/travis/build/icyphy/ptII/ptolemy/actor/lib/test/auto/Dictionary3.xml
----------------- Instantiating /home/travis/build/icyphy/ptII/ptolemy/actor/lib/test/auto/Dictionary3.xml
2 ms. Memory: 430080K Free: 354530K (82%)
----------------- Invoking toplevel() on ptolemy.moml.MoMLSimpleApplication@faf472f
----------------- Done invoking toplevel() on ptolemy.moml.MoMLSimpleApplication@faf472f
reloadAllAccessors: .Dictionary3

===========================================================================================
----------------- testing Mon Nov 25 06:26:38 UTC 2019 /home/travis/build/icyphy/ptII/ptolemy/actor/lib/test/auto/Dictionary4.xml
----------------- Instantiating /home/travis/build/icyphy/ptII/ptolemy/actor/lib/test/auto/Dictionary4.xml
6 ms. Memory: 430080K Free: 347362K (81%)
----------------- Invoking toplevel() on ptolemy.moml.MoMLSimpleApplication@2680bde3
----------------- Done invoking toplevel() on ptolemy.moml.MoMLSimpleApplication@2680bde3
reloadAllAccessors: .Dictionary4

===========================================================================================
----------------- testing Mon Nov 25 06:26:38 UTC 2019 /home/travis/build/icyphy/ptII/ptolemy/actor/lib/test/auto/Differential.xml
----------------- Instantiating /home/travis/build/icyphy/ptII/ptolemy/actor/lib/test/auto/Differential.xml
4 ms. Memory: 430080K Free: 342752K (80%)
----------------- Invoking toplevel() on ptolemy.moml.MoMLSimpleApplication@419e1ccd
----------------- Done invoking toplevel() on ptolemy.moml.MoMLSimpleApplication@419e1ccd
reloadAllAccessors: .Differential

===========================================================================================
----------------- testing Mon Nov 25 06:26:38 UTC 2019 /home/travis/build/icyphy/ptII/ptolemy/actor/lib/test/auto/Director.xml
----------------- Instantiating /home/travis/build/icyphy/ptII/ptolemy/actor/lib/test/auto/Director.xml
3 ms. Memory: 430080K Free: 339170K (79%)
----------------- Invoking toplevel() on ptolemy.moml.MoMLSimpleApplication@1818fd53
----------------- Done invoking toplevel() on ptolemy.moml.MoMLSimpleApplication@1818fd53
reloadAllAccessors: .Director

===========================================================================================
----------------- testing Mon Nov 25 06:26:38 UTC 2019 /home/travis/build/icyphy/ptII/ptolemy/actor/lib/test/auto/DiscreteClock.xml
----------------- Instantiating /home/travis/build/icyphy/ptII/ptolemy/actor/lib/test/auto/DiscreteClock.xml
1 ms. Memory: 430080K Free: 335584K (78%)
----------------- Invoking toplevel() on ptolemy.moml.MoMLSimpleApplication@5e3ba50b
----------------- Done invoking toplevel() on ptolemy.moml.MoMLSimpleApplication@5e3ba50b
reloadAllAccessors: .DiscreteClock

===========================================================================================
----------------- testing Mon Nov 25 06:26:38 UTC 2019 /home/travis/build/icyphy/ptII/ptolemy/actor/lib/test/auto/DiscreteClock10.xml
----------------- Instantiating /home/travis/build/icyphy/ptII/ptolemy/actor/lib/test/auto/DiscreteClock10.xml
2 ms. Memory: 430080K Free: 329440K (77%)
----------------- Invoking toplevel() on ptolemy.moml.MoMLSimpleApplication@755a4a89
----------------- Done invoking toplevel() on ptolemy.moml.MoMLSimpleApplication@755a4a89
reloadAllAccessors: .DiscreteClock10

===========================================================================================
----------------- testing Mon Nov 25 06:26:38 UTC 2019 /home/travis/build/icyphy/ptII/ptolemy/actor/lib/test/auto/DiscreteClock11.xml
----------------- Instantiating /home/travis/build/icyphy/ptII/ptolemy/actor/lib/test/auto/DiscreteClock11.xml
2 ms. Memory: 430080K Free: 323296K (75%)
----------------- Invoking toplevel() on ptolemy.moml.MoMLSimpleApplication@359198ba
----------------- Done invoking toplevel() on ptolemy.moml.MoMLSimpleApplication@359198ba
reloadAllAccessors: .DiscreteClock11

===========================================================================================
----------------- testing Mon Nov 25 06:26:38 UTC 2019 /home/travis/build/icyphy/ptII/ptolemy/actor/lib/test/auto/DiscreteClock12.xml
----------------- Instantiating /home/travis/build/icyphy/ptII/ptolemy/actor/lib/test/auto/DiscreteClock12.xml
3 ms. Memory: 430080K Free: 317152K (74%)
----------------- Invoking toplevel() on ptolemy.moml.MoMLSimpleApplication@1885309
----------------- Done invoking toplevel() on ptolemy.moml.MoMLSimpleApplication@1885309
reloadAllAccessors: .DiscreteClock12

===========================================================================================
----------------- testing Mon Nov 25 06:26:38 UTC 2019 /home/travis/build/icyphy/ptII/ptolemy/actor/lib/test/auto/DiscreteClock13.xml
----------------- Instantiating /home/travis/build/icyphy/ptII/ptolemy/actor/lib/test/auto/DiscreteClock13.xml
5 ms. Memory: 430080K Free: 311522K (72%)
----------------- Invoking toplevel() on ptolemy.moml.MoMLSimpleApplication@109cf9b5
----------------- Done invoking toplevel() on ptolemy.moml.MoMLSimpleApplication@109cf9b5
reloadAllAccessors: .DiscreteClock13

===========================================================================================
----------------- testing Mon Nov 25 06:26:38 UTC 2019 /home/travis/build/icyphy/ptII/ptolemy/actor/lib/test/auto/DiscreteClock14.xml
----------------- Instantiating /home/travis/build/icyphy/ptII/ptolemy/actor/lib/test/auto/DiscreteClock14.xml
5 ms. Memory: 430080K Free: 305378K (71%)
----------------- Invoking toplevel() on ptolemy.moml.MoMLSimpleApplication@6ced868c
----------------- Done invoking toplevel() on ptolemy.moml.MoMLSimpleApplication@6ced868c
reloadAllAccessors: .DiscreteClock14

===========================================================================================
----------------- testing Mon Nov 25 06:26:38 UTC 2019 /home/travis/build/icyphy/ptII/ptolemy/actor/lib/test/auto/DiscreteClock15.xml
----------------- Instantiating /home/travis/build/icyphy/ptII/ptolemy/actor/lib/test/auto/DiscreteClock15.xml
5 ms. Memory: 430080K Free: 299234K (70%)
----------------- Invoking toplevel() on ptolemy.moml.MoMLSimpleApplication@1dcee167
----------------- Done invoking toplevel() on ptolemy.moml.MoMLSimpleApplication@1dcee167
reloadAllAccessors: .DiscreteClock15

===========================================================================================
----------------- testing Mon Nov 25 06:26:38 UTC 2019 /home/travis/build/icyphy/ptII/ptolemy/actor/lib/test/auto/DiscreteClock16.xml
----------------- Instantiating /home/travis/build/icyphy/ptII/ptolemy/actor/lib/test/auto/DiscreteClock16.xml
19 ms. Memory: 430080K Free: 285922K (66%)
----------------- Invoking toplevel() on ptolemy.moml.MoMLSimpleApplication@cf1a4a7
----------------- Done invoking toplevel() on ptolemy.moml.MoMLSimpleApplication@cf1a4a7
reloadAllAccessors: .DiscreteClock16

===========================================================================================
----------------- testing Mon Nov 25 06:26:38 UTC 2019 /home/travis/build/icyphy/ptII/ptolemy/actor/lib/test/auto/DiscreteClock17.xml
----------------- Instantiating /home/travis/build/icyphy/ptII/ptolemy/actor/lib/test/auto/DiscreteClock17.xml
17 ms. Memory: 430080K Free: 271058K (63%)
----------------- Invoking toplevel() on ptolemy.moml.MoMLSimpleApplication@485ff1ad
----------------- Done invoking toplevel() on ptolemy.moml.MoMLSimpleApplication@485ff1ad
reloadAllAccessors: .DiscreteClock17

===========================================================================================
----------------- testing Mon Nov 25 06:26:38 UTC 2019 /home/travis/build/icyphy/ptII/ptolemy/actor/lib/test/auto/DiscreteClock18.xml
----------------- Instantiating /home/travis/build/icyphy/ptII/ptolemy/actor/lib/test/auto/DiscreteClock18.xml
27 ms. Memory: 430080K Free: 257250K (60%)
----------------- Invoking toplevel() on ptolemy.moml.MoMLSimpleApplication@7b127273
----------------- Done invoking toplevel() on ptolemy.moml.MoMLSimpleApplication@7b127273
reloadAllAccessors: .DiscreteClock18

===========================================================================================
----------------- testing Mon Nov 25 06:26:38 UTC 2019 /home/travis/build/icyphy/ptII/ptolemy/actor/lib/test/auto/DiscreteClock19.xml
----------------- Instantiating /home/travis/build/icyphy/ptII/ptolemy/actor/lib/test/auto/DiscreteClock19.xml
23 ms. Memory: 430080K Free: 243410K (57%)
----------------- Invoking toplevel() on ptolemy.moml.MoMLSimpleApplication@66efa1b8
----------------- Done invoking toplevel() on ptolemy.moml.MoMLSimpleApplication@66efa1b8
reloadAllAccessors: .DiscreteClock19

===========================================================================================
----------------- testing Mon Nov 25 06:26:39 UTC 2019 /home/travis/build/icyphy/ptII/ptolemy/actor/lib/test/auto/DiscreteClock2.xml
----------------- Instantiating /home/travis/build/icyphy/ptII/ptolemy/actor/lib/test/auto/DiscreteClock2.xml
5 ms. Memory: 430080K Free: 238274K (55%)
----------------- Invoking toplevel() on ptolemy.moml.MoMLSimpleApplication@1fece48e
----------------- Done invoking toplevel() on ptolemy.moml.MoMLSimpleApplication@1fece48e
reloadAllAccessors: .DiscreteClock2

===========================================================================================
----------------- testing Mon Nov 25 06:26:39 UTC 2019 /home/travis/build/icyphy/ptII/ptolemy/actor/lib/test/auto/DiscreteClock20.xml
----------------- Instantiating /home/travis/build/icyphy/ptII/ptolemy/actor/lib/test/auto/DiscreteClock20.xml
9 ms. Memory: 430080K Free: 233184K (54%)
----------------- Invoking toplevel() on ptolemy.moml.MoMLSimpleApplication@632722df
----------------- Done invoking toplevel() on ptolemy.moml.MoMLSimpleApplication@632722df
reloadAllAccessors: .DiscreteClock20

===========================================================================================
----------------- testing Mon Nov 25 06:26:39 UTC 2019 /home/travis/build/icyphy/ptII/ptolemy/actor/lib/test/auto/DiscreteClock21.xml
----------------- Instantiating /home/travis/build/icyphy/ptII/ptolemy/actor/lib/test/auto/DiscreteClock21.xml
10 ms. Memory: 430080K Free: 227554K (53%)
----------------- Invoking toplevel() on ptolemy.moml.MoMLSimpleApplication@599326b6
----------------- Done invoking toplevel() on ptolemy.moml.MoMLSimpleApplication@599326b6
reloadAllAccessors: .DiscreteClock21

===========================================================================================
----------------- testing Mon Nov 25 06:26:39 UTC 2019 /home/travis/build/icyphy/ptII/ptolemy/actor/lib/test/auto/DiscreteClock22.xml
----------------- Instantiating /home/travis/build/icyphy/ptII/ptolemy/actor/lib/test/auto/DiscreteClock22.xml
4 ms. Memory: 430080K Free: 221920K (52%)
----------------- Invoking toplevel() on ptolemy.moml.MoMLSimpleApplication@130fdadf
----------------- Done invoking toplevel() on ptolemy.moml.MoMLSimpleApplication@130fdadf
reloadAllAccessors: .DiscreteClock22

===========================================================================================
----------------- testing Mon Nov 25 06:26:39 UTC 2019 /home/travis/build/icyphy/ptII/ptolemy/actor/lib/test/auto/DiscreteClock23.xml
----------------- Instantiating /home/travis/build/icyphy/ptII/ptolemy/actor/lib/test/auto/DiscreteClock23.xml
12 ms. Memory: 430080K Free: 216290K (50%)
----------------- Invoking toplevel() on ptolemy.moml.MoMLSimpleApplication@669de3fd
----------------- Done invoking toplevel() on ptolemy.moml.MoMLSimpleApplication@669de3fd
reloadAllAccessors: .DiscreteClock23

===========================================================================================
----------------- testing Mon Nov 25 06:26:39 UTC 2019 /home/travis/build/icyphy/ptII/ptolemy/actor/lib/test/auto/DiscreteClock24.xml
----------------- Instantiating /home/travis/build/icyphy/ptII/ptolemy/actor/lib/test/auto/DiscreteClock24.xml
5 ms. Memory: 430080K Free: 211170K (49%)
----------------- Invoking toplevel() on ptolemy.moml.MoMLSimpleApplication@f19189a
----------------- Done invoking toplevel() on ptolemy.moml.MoMLSimpleApplication@f19189a
reloadAllAccessors: .DiscreteClock24

===========================================================================================
----------------- testing Mon Nov 25 06:26:39 UTC 2019 /home/travis/build/icyphy/ptII/ptolemy/actor/lib/test/auto/DiscreteClock4.xml
----------------- Instantiating /home/travis/build/icyphy/ptII/ptolemy/actor/lib/test/auto/DiscreteClock4.xml
5 ms. Memory: 430080K Free: 205522K (48%)
----------------- Invoking toplevel() on ptolemy.moml.MoMLSimpleApplication@634d8f35
----------------- Done invoking toplevel() on ptolemy.moml.MoMLSimpleApplication@634d8f35
reloadAllAccessors: .DiscreteClock4

===========================================================================================
----------------- testing Mon Nov 25 06:26:39 UTC 2019 /home/travis/build/icyphy/ptII/ptolemy/actor/lib/test/auto/DiscreteClock5.xml
----------------- Instantiating /home/travis/build/icyphy/ptII/ptolemy/actor/lib/test/auto/DiscreteClock5.xml
2 ms. Memory: 430080K Free: 199906K (46%)
----------------- Invoking toplevel() on ptolemy.moml.MoMLSimpleApplication@78928672
----------------- Done invoking toplevel() on ptolemy.moml.MoMLSimpleApplication@78928672
reloadAllAccessors: .DiscreteClock5

===========================================================================================
----------------- testing Mon Nov 25 06:26:39 UTC 2019 /home/travis/build/icyphy/ptII/ptolemy/actor/lib/test/auto/DiscreteClock6.xml
----------------- Instantiating /home/travis/build/icyphy/ptII/ptolemy/actor/lib/test/auto/DiscreteClock6.xml
1 ms. Memory: 430080K Free: 195810K (46%)
----------------- Invoking toplevel() on ptolemy.moml.MoMLSimpleApplication@52091d77
----------------- Done invoking toplevel() on ptolemy.moml.MoMLSimpleApplication@52091d77
reloadAllAccessors: .DiscreteClock6

===========================================================================================
----------------- testing Mon Nov 25 06:26:39 UTC 2019 /home/travis/build/icyphy/ptII/ptolemy/actor/lib/test/auto/DiscreteClock7.xml
----------------- Instantiating /home/travis/build/icyphy/ptII/ptolemy/actor/lib/test/auto/DiscreteClock7.xml
1 ms. Memory: 430080K Free: 191200K (44%)
----------------- Invoking toplevel() on ptolemy.moml.MoMLSimpleApplication@45c84d15
----------------- Done invoking toplevel() on ptolemy.moml.MoMLSimpleApplication@45c84d15
reloadAllAccessors: .DiscreteClock7

===========================================================================================
----------------- testing Mon Nov 25 06:26:39 UTC 2019 /home/travis/build/icyphy/ptII/ptolemy/actor/lib/test/auto/DiscreteClock8.xml
----------------- Instantiating /home/travis/build/icyphy/ptII/ptolemy/actor/lib/test/auto/DiscreteClock8.xml
2 ms. Memory: 430080K Free: 185570K (43%)
----------------- Invoking toplevel() on ptolemy.moml.MoMLSimpleApplication@4bb6cb21
----------------- Done invoking toplevel() on ptolemy.moml.MoMLSimpleApplication@4bb6cb21
reloadAllAccessors: .DiscreteClock8

===========================================================================================
----------------- testing Mon Nov 25 06:26:39 UTC 2019 /home/travis/build/icyphy/ptII/ptolemy/actor/lib/test/auto/DiscreteClock9.xml
----------------- Instantiating /home/travis/build/icyphy/ptII/ptolemy/actor/lib/test/auto/DiscreteClock9.xml
5 ms. Memory: 430080K Free: 179426K (42%)
----------------- Invoking toplevel() on ptolemy.moml.MoMLSimpleApplication@3a4fb9ce
----------------- Done invoking toplevel() on ptolemy.moml.MoMLSimpleApplication@3a4fb9ce
reloadAllAccessors: .DiscreteClock9

===========================================================================================
----------------- testing Mon Nov 25 06:26:39 UTC 2019 /home/travis/build/icyphy/ptII/ptolemy/actor/lib/test/auto/DisplayArray.xml
----------------- Instantiating /home/travis/build/icyphy/ptII/ptolemy/actor/lib/test/auto/DisplayArray.xml
1 ms. Memory: 430080K Free: 175840K (41%)
----------------- Invoking toplevel() on ptolemy.moml.MoMLSimpleApplication@6febebe2
----------------- Done invoking toplevel() on ptolemy.moml.MoMLSimpleApplication@6febebe2
reloadAllAccessors: .DisplayArray

===========================================================================================
----------------- testing Mon Nov 25 06:26:39 UTC 2019 /home/travis/build/icyphy/ptII/ptolemy/actor/lib/test/auto/Distributor.xml
----------------- Instantiating /home/travis/build/icyphy/ptII/ptolemy/actor/lib/test/auto/Distributor.xml
1 ms. Memory: 430080K Free: 170720K (40%)
----------------- Invoking toplevel() on ptolemy.moml.MoMLSimpleApplication@722d9ff6
----------------- Done invoking toplevel() on ptolemy.moml.MoMLSimpleApplication@722d9ff6
reloadAllAccessors: .Distributor

===========================================================================================
----------------- testing Mon Nov 25 06:26:39 UTC 2019 /home/travis/build/icyphy/ptII/ptolemy/actor/lib/test/auto/Distributor2.xml
----------------- Instantiating /home/travis/build/icyphy/ptII/ptolemy/actor/lib/test/auto/Distributor2.xml
1 ms. Memory: 430080K Free: 166114K (39%)
----------------- Invoking toplevel() on ptolemy.moml.MoMLSimpleApplication@69d9002b
----------------- Done invoking toplevel() on ptolemy.moml.MoMLSimpleApplication@69d9002b
reloadAllAccessors: .Distributor2

===========================================================================================
----------------- testing Mon Nov 25 06:26:39 UTC 2019 /home/travis/build/icyphy/ptII/ptolemy/actor/lib/test/auto/DownSample.xml
----------------- Instantiating /home/travis/build/icyphy/ptII/ptolemy/actor/lib/test/auto/DownSample.xml
1 ms. Memory: 430080K Free: 160994K (37%)
----------------- Invoking toplevel() on ptolemy.moml.MoMLSimpleApplication@473d71c8
----------------- Done invoking toplevel() on ptolemy.moml.MoMLSimpleApplication@473d71c8
reloadAllAccessors: .DownSample

===========================================================================================
----------------- testing Mon Nov 25 06:26:39 UTC 2019 /home/travis/build/icyphy/ptII/ptolemy/actor/lib/test/auto/ElectronicUnitBase1.xml
----------------- Instantiating /home/travis/build/icyphy/ptII/ptolemy/actor/lib/test/auto/ElectronicUnitBase1.xml
19 ms. Memory: 430080K Free: 145120K (34%)
----------------- Invoking toplevel() on ptolemy.moml.MoMLSimpleApplication@10f650f3
----------------- Done invoking toplevel() on ptolemy.moml.MoMLSimpleApplication@10f650f3
reloadAllAccessors: .ElectronicUnitBase1

===========================================================================================
----------------- testing Mon Nov 25 06:26:39 UTC 2019 /home/travis/build/icyphy/ptII/ptolemy/actor/lib/test/auto/ElementsToArray.xml
----------------- Instantiating /home/travis/build/icyphy/ptII/ptolemy/actor/lib/test/auto/ElementsToArray.xml
2 ms. Memory: 430080K Free: 139490K (32%)
----------------- Invoking toplevel() on ptolemy.moml.MoMLSimpleApplication@55a76a0c
----------------- Done invoking toplevel() on ptolemy.moml.MoMLSimpleApplication@55a76a0c
reloadAllAccessors: .ElementsToArray

===========================================================================================
----------------- testing Mon Nov 25 06:26:39 UTC 2019 /home/travis/build/icyphy/ptII/ptolemy/actor/lib/test/auto/Equals.xml
----------------- Instantiating /home/travis/build/icyphy/ptII/ptolemy/actor/lib/test/auto/Equals.xml
4 ms. Memory: 430080K Free: 134880K (31%)
----------------- Invoking toplevel() on ptolemy.moml.MoMLSimpleApplication@4ae52477
----------------- Done invoking toplevel() on ptolemy.moml.MoMLSimpleApplication@4ae52477
reloadAllAccessors: .Equals

===========================================================================================
----------------- testing Mon Nov 25 06:26:39 UTC 2019 /home/travis/build/icyphy/ptII/ptolemy/actor/lib/test/auto/Exec.xml
----------------- Instantiating /home/travis/build/icyphy/ptII/ptolemy/actor/lib/test/auto/Exec.xml
22 ms. Memory: 430080K Free: 130258K (30%)
----------------- Invoking toplevel() on ptolemy.moml.MoMLSimpleApplication@7cc9c570
----------------- Done invoking toplevel() on ptolemy.moml.MoMLSimpleApplication@7cc9c570
reloadAllAccessors: .Exec

===========================================================================================
----------------- testing Mon Nov 25 06:26:39 UTC 2019 /home/travis/build/icyphy/ptII/ptolemy/actor/lib/test/auto/ExecEnvironment.xml
----------------- Instantiating /home/travis/build/icyphy/ptII/ptolemy/actor/lib/test/auto/ExecEnvironment.xml
21 ms. Memory: 430080K Free: 379923K (88%)
----------------- Invoking toplevel() on ptolemy.moml.MoMLSimpleApplication@220a2653
----------------- Done invoking toplevel() on ptolemy.moml.MoMLSimpleApplication@220a2653
reloadAllAccessors: .ExecEnvironment

===========================================================================================
----------------- testing Mon Nov 25 06:26:39 UTC 2019 /home/travis/build/icyphy/ptII/ptolemy/actor/lib/test/auto/ExecNonZeroReturnOutput.xml
----------------- Instantiating /home/travis/build/icyphy/ptII/ptolemy/actor/lib/test/auto/ExecNonZeroReturnOutput.xml
183 ms. Memory: 430080K Free: 368661K (86%)
----------------- Invoking toplevel() on ptolemy.moml.MoMLSimpleApplication@7e827e93
----------------- Done invoking toplevel() on ptolemy.moml.MoMLSimpleApplication@7e827e93
reloadAllAccessors: .ExecNonZeroReturnOutput

===========================================================================================
----------------- testing Mon Nov 25 06:26:39 UTC 2019 /home/travis/build/icyphy/ptII/ptolemy/actor/lib/test/auto/ExecRunDemos.xml
----------------- Instantiating /home/travis/build/icyphy/ptII/ptolemy/actor/lib/test/auto/ExecRunDemos.xml
Finished: 136 ms. Memory: 120832K Free: 104373K (86%)

Finished: 104 ms. Memory: 120832K Free: 110741K (92%)

Finished: 102 ms. Memory: 120832K Free: 109962K (91%)

Finished: 73 ms. Memory: 120832K Free: 103266K (85%)

Finished: 74 ms. Memory: 120832K Free: 104004K (86%)

11332 ms. Memory: 430080K Free: 347155K (81%)
----------------- Invoking toplevel() on ptolemy.moml.MoMLSimpleApplication@2effc36a
----------------- Done invoking toplevel() on ptolemy.moml.MoMLSimpleApplication@2effc36a
reloadAllAccessors: .ExecRunDemos

===========================================================================================
----------------- testing Mon Nov 25 06:26:51 UTC 2019 /home/travis/build/icyphy/ptII/ptolemy/actor/lib/test/auto/ExecStop.xml
----------------- Instantiating /home/travis/build/icyphy/ptII/ptolemy/actor/lib/test/auto/ExecStop.xml
5020 ms. Memory: 430080K Free: 232979K (54%)
----------------- Invoking toplevel() on ptolemy.moml.MoMLSimpleApplication@5b955982
----------------- Done invoking toplevel() on ptolemy.moml.MoMLSimpleApplication@5b955982
reloadAllAccessors: .ExecStop

===========================================================================================
----------------- testing Mon Nov 25 06:26:56 UTC 2019 /home/travis/build/icyphy/ptII/ptolemy/actor/lib/test/auto/ExecutionTimeSDF.xml
----------------- Instantiating /home/travis/build/icyphy/ptII/ptolemy/actor/lib/test/auto/ExecutionTimeSDF.xml
Fired ExecutionTime: -1872567296
Fired ExecutionTime: 1060000000
Fired ExecutionTime: -1647367296
6011 ms. Memory: 430080K Free: 220677K (51%)
----------------- Invoking toplevel() on ptolemy.moml.MoMLSimpleApplication@7d555252
----------------- Done invoking toplevel() on ptolemy.moml.MoMLSimpleApplication@7d555252
reloadAllAccessors: .ExecutionTimeSDF

===========================================================================================
----------------- testing Mon Nov 25 06:27:02 UTC 2019 /home/travis/build/icyphy/ptII/ptolemy/actor/lib/test/auto/Expression1.xml
----------------- Instantiating /home/travis/build/icyphy/ptII/ptolemy/actor/lib/test/auto/Expression1.xml
2 ms. Memory: 430080K Free: 217109K (50%)
----------------- Invoking toplevel() on ptolemy.moml.MoMLSimpleApplication@1ec83563
----------------- Done invoking toplevel() on ptolemy.moml.MoMLSimpleApplication@1ec83563
reloadAllAccessors: .Expression1

===========================================================================================
----------------- testing Mon Nov 25 06:27:02 UTC 2019 /home/travis/build/icyphy/ptII/ptolemy/actor/lib/test/auto/Expression10.xml
----------------- Instantiating /home/travis/build/icyphy/ptII/ptolemy/actor/lib/test/auto/Expression10.xml
8 ms. Memory: 430080K Free: 211989K (49%)
----------------- Invoking toplevel() on ptolemy.moml.MoMLSimpleApplication@47f5ddda
----------------- Done invoking toplevel() on ptolemy.moml.MoMLSimpleApplication@47f5ddda
reloadAllAccessors: .Expression10

===========================================================================================
----------------- testing Mon Nov 25 06:27:02 UTC 2019 /home/travis/build/icyphy/ptII/ptolemy/actor/lib/test/auto/Expression11.xml
----------------- Instantiating /home/travis/build/icyphy/ptII/ptolemy/actor/lib/test/auto/Expression11.xml
2 ms. Memory: 430080K Free: 207379K (48%)
----------------- Invoking toplevel() on ptolemy.moml.MoMLSimpleApplication@4d438837
----------------- Done invoking toplevel() on ptolemy.moml.MoMLSimpleApplication@4d438837
reloadAllAccessors: .Expression11

===========================================================================================
----------------- testing Mon Nov 25 06:27:02 UTC 2019 /home/travis/build/icyphy/ptII/ptolemy/actor/lib/test/auto/Expression12.xml
----------------- Instantiating /home/travis/build/icyphy/ptII/ptolemy/actor/lib/test/auto/Expression12.xml
2 ms. Memory: 430080K Free: 201749K (47%)
----------------- Invoking toplevel() on ptolemy.moml.MoMLSimpleApplication@68a35cd5
----------------- Done invoking toplevel() on ptolemy.moml.MoMLSimpleApplication@68a35cd5
reloadAllAccessors: .Expression12

===========================================================================================
----------------- testing Mon Nov 25 06:27:02 UTC 2019 /home/travis/build/icyphy/ptII/ptolemy/actor/lib/test/auto/Expression13.xml
----------------- Instantiating /home/travis/build/icyphy/ptII/ptolemy/actor/lib/test/auto/Expression13.xml
3 ms. Memory: 430080K Free: 196629K (46%)
----------------- Invoking toplevel() on ptolemy.moml.MoMLSimpleApplication@6b0f9b09
----------------- Done invoking toplevel() on ptolemy.moml.MoMLSimpleApplication@6b0f9b09
reloadAllAccessors: .Expression13

===========================================================================================
----------------- testing Mon Nov 25 06:27:02 UTC 2019 /home/travis/build/icyphy/ptII/ptolemy/actor/lib/test/auto/Expression14.xml
----------------- Instantiating /home/travis/build/icyphy/ptII/ptolemy/actor/lib/test/auto/Expression14.xml
4 ms. Memory: 430080K Free: 190485K (44%)
----------------- Invoking toplevel() on ptolemy.moml.MoMLSimpleApplication@149473b6
----------------- Done invoking toplevel() on ptolemy.moml.MoMLSimpleApplication@149473b6
reloadAllAccessors: .Expression14

===========================================================================================
----------------- testing Mon Nov 25 06:27:02 UTC 2019 /home/travis/build/icyphy/ptII/ptolemy/actor/lib/test/auto/Expression15.xml
----------------- Instantiating /home/travis/build/icyphy/ptII/ptolemy/actor/lib/test/auto/Expression15.xml
3 ms. Memory: 430080K Free: 187413K (44%)
----------------- Invoking toplevel() on ptolemy.moml.MoMLSimpleApplication@28413e6e
----------------- Done invoking toplevel() on ptolemy.moml.MoMLSimpleApplication@28413e6e
reloadAllAccessors: .Expression15

===========================================================================================
----------------- testing Mon Nov 25 06:27:02 UTC 2019 /home/travis/build/icyphy/ptII/ptolemy/actor/lib/test/auto/Expression16.xml
----------------- Instantiating /home/travis/build/icyphy/ptII/ptolemy/actor/lib/test/auto/Expression16.xml
4 ms. Memory: 430080K Free: 182293K (42%)
----------------- Invoking toplevel() on ptolemy.moml.MoMLSimpleApplication@4fc10f1f
----------------- Done invoking toplevel() on ptolemy.moml.MoMLSimpleApplication@4fc10f1f
reloadAllAccessors: .Expression16

===========================================================================================
----------------- testing Mon Nov 25 06:27:02 UTC 2019 /home/travis/build/icyphy/ptII/ptolemy/actor/lib/test/auto/Expression17.xml
----------------- Instantiating /home/travis/build/icyphy/ptII/ptolemy/actor/lib/test/auto/Expression17.xml
5 ms. Memory: 430080K Free: 177173K (41%)
----------------- Invoking toplevel() on ptolemy.moml.MoMLSimpleApplication@569dc1b0
----------------- Done invoking toplevel() on ptolemy.moml.MoMLSimpleApplication@569dc1b0
reloadAllAccessors: .Expression17

===========================================================================================
----------------- testing Mon Nov 25 06:27:02 UTC 2019 /home/travis/build/icyphy/ptII/ptolemy/actor/lib/test/auto/Expression18.xml
----------------- Instantiating /home/travis/build/icyphy/ptII/ptolemy/actor/lib/test/auto/Expression18.xml
7 ms. Memory: 430080K Free: 171539K (40%)
----------------- Invoking toplevel() on ptolemy.moml.MoMLSimpleApplication@23c27320
----------------- Done invoking toplevel() on ptolemy.moml.MoMLSimpleApplication@23c27320
reloadAllAccessors: .Expression18

===========================================================================================
----------------- testing Mon Nov 25 06:27:02 UTC 2019 /home/travis/build/icyphy/ptII/ptolemy/actor/lib/test/auto/Expression2.xml
----------------- Instantiating /home/travis/build/icyphy/ptII/ptolemy/actor/lib/test/auto/Expression2.xml
3 ms. Memory: 430080K Free: 166419K (39%)
----------------- Invoking toplevel() on ptolemy.moml.MoMLSimpleApplication@1e792b04
----------------- Done invoking toplevel() on ptolemy.moml.MoMLSimpleApplication@1e792b04
reloadAllAccessors: .Expression2

===========================================================================================
----------------- testing Mon Nov 25 06:27:02 UTC 2019 /home/travis/build/icyphy/ptII/ptolemy/actor/lib/test/auto/Expression3.xml
----------------- Instantiating /home/travis/build/icyphy/ptII/ptolemy/actor/lib/test/auto/Expression3.xml
6 ms. Memory: 430080K Free: 161813K (38%)
----------------- Invoking toplevel() on ptolemy.moml.MoMLSimpleApplication@465ba783
----------------- Done invoking toplevel() on ptolemy.moml.MoMLSimpleApplication@465ba783
reloadAllAccessors: .Expression3

===========================================================================================
----------------- testing Mon Nov 25 06:27:02 UTC 2019 /home/travis/build/icyphy/ptII/ptolemy/actor/lib/test/auto/Expression4.xml
----------------- Instantiating /home/travis/build/icyphy/ptII/ptolemy/actor/lib/test/auto/Expression4.xml
6 ms. Memory: 430080K Free: 154131K (36%)
----------------- Invoking toplevel() on ptolemy.moml.MoMLSimpleApplication@189d3491
----------------- Done invoking toplevel() on ptolemy.moml.MoMLSimpleApplication@189d3491
reloadAllAccessors: .Expression4

===========================================================================================
----------------- testing Mon Nov 25 06:27:02 UTC 2019 /home/travis/build/icyphy/ptII/ptolemy/actor/lib/test/auto/Expression5.xml
----------------- Instantiating /home/travis/build/icyphy/ptII/ptolemy/actor/lib/test/auto/Expression5.xml
3 ms. Memory: 430080K Free: 149011K (35%)
----------------- Invoking toplevel() on ptolemy.moml.MoMLSimpleApplication@1f081f
----------------- Done invoking toplevel() on ptolemy.moml.MoMLSimpleApplication@1f081f
reloadAllAccessors: .Expression5

===========================================================================================
----------------- testing Mon Nov 25 06:27:02 UTC 2019 /home/travis/build/icyphy/ptII/ptolemy/actor/lib/test/auto/Expression6.xml
----------------- Instantiating /home/travis/build/icyphy/ptII/ptolemy/actor/lib/test/auto/Expression6.xml
2 ms. Memory: 430080K Free: 144405K (34%)
----------------- Invoking toplevel() on ptolemy.moml.MoMLSimpleApplication@74ce2980
----------------- Done invoking toplevel() on ptolemy.moml.MoMLSimpleApplication@74ce2980
reloadAllAccessors: .Expression6

===========================================================================================
----------------- testing Mon Nov 25 06:27:02 UTC 2019 /home/travis/build/icyphy/ptII/ptolemy/actor/lib/test/auto/Expression7.xml
----------------- Instantiating /home/travis/build/icyphy/ptII/ptolemy/actor/lib/test/auto/Expression7.xml
2 ms. Memory: 430080K Free: 139285K (32%)
----------------- Invoking toplevel() on ptolemy.moml.MoMLSimpleApplication@5b8d309a
----------------- Done invoking toplevel() on ptolemy.moml.MoMLSimpleApplication@5b8d309a
reloadAllAccessors: .Expression7

===========================================================================================
----------------- testing Mon Nov 25 06:27:02 UTC 2019 /home/travis/build/icyphy/ptII/ptolemy/actor/lib/test/auto/Expression8.xml
----------------- Instantiating /home/travis/build/icyphy/ptII/ptolemy/actor/lib/test/auto/Expression8.xml
11 ms. Memory: 430080K Free: 134165K (31%)
----------------- Invoking toplevel() on ptolemy.moml.MoMLSimpleApplication@441cb6d4
----------------- Done invoking toplevel() on ptolemy.moml.MoMLSimpleApplication@441cb6d4
reloadAllAccessors: .Expression8

===========================================================================================
----------------- testing Mon Nov 25 06:27:02 UTC 2019 /home/travis/build/icyphy/ptII/ptolemy/actor/lib/test/auto/Expression9.xml
----------------- Instantiating /home/travis/build/icyphy/ptII/ptolemy/actor/lib/test/auto/Expression9.xml
2 ms. Memory: 430080K Free: 130579K (30%)
----------------- Invoking toplevel() on ptolemy.moml.MoMLSimpleApplication@4a98d66f
----------------- Done invoking toplevel() on ptolemy.moml.MoMLSimpleApplication@4a98d66f
reloadAllAccessors: .Expression9

===========================================================================================
----------------- testing Mon Nov 25 06:27:02 UTC 2019 /home/travis/build/icyphy/ptII/ptolemy/actor/lib/test/auto/ExpressionConcatenateArrayType.xml
----------------- Instantiating /home/travis/build/icyphy/ptII/ptolemy/actor/lib/test/auto/ExpressionConcatenateArrayType.xml
3 ms. Memory: 430080K Free: 378393K (88%)
----------------- Invoking toplevel() on ptolemy.moml.MoMLSimpleApplication@23fcbec3
----------------- Done invoking toplevel() on ptolemy.moml.MoMLSimpleApplication@23fcbec3
reloadAllAccessors: .ExpressionConcatenateArrayType

===========================================================================================
----------------- testing Mon Nov 25 06:27:02 UTC 2019 /home/travis/build/icyphy/ptII/ptolemy/actor/lib/test/auto/ExpressionConcatenateArrayType2.xml
----------------- Instantiating /home/travis/build/icyphy/ptII/ptolemy/actor/lib/test/auto/ExpressionConcatenateArrayType2.xml
2 ms. Memory: 430080K Free: 372759K (87%)
----------------- Invoking toplevel() on ptolemy.moml.MoMLSimpleApplication@4e16ffe1
----------------- Done invoking toplevel() on ptolemy.moml.MoMLSimpleApplication@4e16ffe1
reloadAllAccessors: .ExpressionConcatenateArrayType2

===========================================================================================
----------------- testing Mon Nov 25 06:27:02 UTC 2019 /home/travis/build/icyphy/ptII/ptolemy/actor/lib/test/auto/ExpressionFix.xml
----------------- Instantiating /home/travis/build/icyphy/ptII/ptolemy/actor/lib/test/auto/ExpressionFix.xml
28 ms. Memory: 430080K Free: 366105K (85%)
----------------- Invoking toplevel() on ptolemy.moml.MoMLSimpleApplication@7571fc7c
----------------- Done invoking toplevel() on ptolemy.moml.MoMLSimpleApplication@7571fc7c
reloadAllAccessors: .ExpressionFix

===========================================================================================
----------------- testing Mon Nov 25 06:27:02 UTC 2019 /home/travis/build/icyphy/ptII/ptolemy/actor/lib/test/auto/ExpressionFix2.xml
----------------- Instantiating /home/travis/build/icyphy/ptII/ptolemy/actor/lib/test/auto/ExpressionFix2.xml
3 ms. Memory: 430080K Free: 362009K (84%)
----------------- Invoking toplevel() on ptolemy.moml.MoMLSimpleApplication@4bcfd40a
----------------- Done invoking toplevel() on ptolemy.moml.MoMLSimpleApplication@4bcfd40a
reloadAllAccessors: .ExpressionFix2

===========================================================================================
----------------- testing Mon Nov 25 06:27:02 UTC 2019 /home/travis/build/icyphy/ptII/ptolemy/actor/lib/test/auto/ExpressionFix3.xml
----------------- Instantiating /home/travis/build/icyphy/ptII/ptolemy/actor/lib/test/auto/ExpressionFix3.xml
2 ms. Memory: 430080K Free: 357399K (83%)
----------------- Invoking toplevel() on ptolemy.moml.MoMLSimpleApplication@2ec204cf
----------------- Done invoking toplevel() on ptolemy.moml.MoMLSimpleApplication@2ec204cf
reloadAllAccessors: .ExpressionFix3

===========================================================================================
----------------- testing Mon Nov 25 06:27:02 UTC 2019 /home/travis/build/icyphy/ptII/ptolemy/actor/lib/test/auto/FileWriter1.xml
----------------- Instantiating /home/travis/build/icyphy/ptII/ptolemy/actor/lib/test/auto/FileWriter1.xml
2 ms. Memory: 430080K Free: 353303K (82%)
----------------- Invoking toplevel() on ptolemy.moml.MoMLSimpleApplication@79350e2b
----------------- Done invoking toplevel() on ptolemy.moml.MoMLSimpleApplication@79350e2b
reloadAllAccessors: .FileWriter1

===========================================================================================
----------------- testing Mon Nov 25 06:27:02 UTC 2019 /home/travis/build/icyphy/ptII/ptolemy/actor/lib/test/auto/FileWriter2.xml
----------------- Instantiating /home/travis/build/icyphy/ptII/ptolemy/actor/lib/test/auto/FileWriter2.xml
4 ms. Memory: 430080K Free: 348697K (81%)
----------------- Invoking toplevel() on ptolemy.moml.MoMLSimpleApplication@41f1d6e3
----------------- Done invoking toplevel() on ptolemy.moml.MoMLSimpleApplication@41f1d6e3
reloadAllAccessors: .FileWriter2

===========================================================================================
----------------- testing Mon Nov 25 06:27:02 UTC 2019 /home/travis/build/icyphy/ptII/ptolemy/actor/lib/test/auto/FileWriter3.xml
----------------- Instantiating /home/travis/build/icyphy/ptII/ptolemy/actor/lib/test/auto/FileWriter3.xml
4 ms. Memory: 430080K Free: 345111K (80%)
----------------- Invoking toplevel() on ptolemy.moml.MoMLSimpleApplication@4a0c910c
----------------- Done invoking toplevel() on ptolemy.moml.MoMLSimpleApplication@4a0c910c
reloadAllAccessors: .FileWriter3

===========================================================================================
----------------- testing Mon Nov 25 06:27:02 UTC 2019 /home/travis/build/icyphy/ptII/ptolemy/actor/lib/test/auto/Gaussian.xml
----------------- Instantiating /home/travis/build/icyphy/ptII/ptolemy/actor/lib/test/auto/Gaussian.xml
2 ms. Memory: 430080K Free: 340505K (79%)
----------------- Invoking toplevel() on ptolemy.moml.MoMLSimpleApplication@5c6fcc89
----------------- Done invoking toplevel() on ptolemy.moml.MoMLSimpleApplication@5c6fcc89
reloadAllAccessors: .Gaussian

===========================================================================================
----------------- testing Mon Nov 25 06:27:02 UTC 2019 /home/travis/build/icyphy/ptII/ptolemy/actor/lib/test/auto/Gaussian1.xml
----------------- Instantiating /home/travis/build/icyphy/ptII/ptolemy/actor/lib/test/auto/Gaussian1.xml
2 ms. Memory: 430080K Free: 334841K (78%)
----------------- Invoking toplevel() on ptolemy.moml.MoMLSimpleApplication@2b154acf
----------------- Done invoking toplevel() on ptolemy.moml.MoMLSimpleApplication@2b154acf
reloadAllAccessors: .Gaussian1

===========================================================================================
----------------- testing Mon Nov 25 06:27:02 UTC 2019 /home/travis/build/icyphy/ptII/ptolemy/actor/lib/test/auto/Gaussian2.xml
----------------- Instantiating /home/travis/build/icyphy/ptII/ptolemy/actor/lib/test/auto/Gaussian2.xml
8 ms. Memory: 430080K Free: 329241K (77%)
----------------- Invoking toplevel() on ptolemy.moml.MoMLSimpleApplication@5add8f56
----------------- Done invoking toplevel() on ptolemy.moml.MoMLSimpleApplication@5add8f56
reloadAllAccessors: .Gaussian2

===========================================================================================
----------------- testing Mon Nov 25 06:27:02 UTC 2019 /home/travis/build/icyphy/ptII/ptolemy/actor/lib/test/auto/GradientAdaptiveLattice.xml
----------------- Instantiating /home/travis/build/icyphy/ptII/ptolemy/actor/lib/test/auto/GradientAdaptiveLattice.xml
4 ms. Memory: 430080K Free: 324121K (75%)
----------------- Invoking toplevel() on ptolemy.moml.MoMLSimpleApplication@104a964c
----------------- Done invoking toplevel() on ptolemy.moml.MoMLSimpleApplication@104a964c
reloadAllAccessors: .GradientAdaptiveLattice

===========================================================================================
----------------- testing Mon Nov 25 06:27:02 UTC 2019 /home/travis/build/icyphy/ptII/ptolemy/actor/lib/test/auto/IIR.xml
----------------- Instantiating /home/travis/build/icyphy/ptII/ptolemy/actor/lib/test/auto/IIR.xml
2 ms. Memory: 430080K Free: 319511K (74%)
----------------- Invoking toplevel() on ptolemy.moml.MoMLSimpleApplication@eac66a9
----------------- Done invoking toplevel() on ptolemy.moml.MoMLSimpleApplication@eac66a9
reloadAllAccessors: .IIR

===========================================================================================
----------------- testing Mon Nov 25 06:27:02 UTC 2019 /home/travis/build/icyphy/ptII/ptolemy/actor/lib/test/auto/InputOutputTransparentPorts.xml
----------------- Instantiating /home/travis/build/icyphy/ptII/ptolemy/actor/lib/test/auto/InputOutputTransparentPorts.xml
2 ms. Memory: 430080K Free: 312343K (73%)
----------------- Invoking toplevel() on ptolemy.moml.MoMLSimpleApplication@59072dd5
----------------- Done invoking toplevel() on ptolemy.moml.MoMLSimpleApplication@59072dd5
reloadAllAccessors: .InputOutputTransparentPorts

===========================================================================================
----------------- testing Mon Nov 25 06:27:02 UTC 2019 /home/travis/build/icyphy/ptII/ptolemy/actor/lib/test/auto/Interpolator.xml
----------------- Instantiating /home/travis/build/icyphy/ptII/ptolemy/actor/lib/test/auto/Interpolator.xml
4 ms. Memory: 430080K Free: 308247K (72%)
----------------- Invoking toplevel() on ptolemy.moml.MoMLSimpleApplication@14ae7021
----------------- Done invoking toplevel() on ptolemy.moml.MoMLSimpleApplication@14ae7021
reloadAllAccessors: .Interpolator

===========================================================================================
----------------- testing Mon Nov 25 06:27:02 UTC 2019 /home/travis/build/icyphy/ptII/ptolemy/actor/lib/test/auto/InterpolatorFiringLimitDE.xml
----------------- Instantiating /home/travis/build/icyphy/ptII/ptolemy/actor/lib/test/auto/InterpolatorFiringLimitDE.xml
2 ms. Memory: 430080K Free: 302103K (70%)
----------------- Invoking toplevel() on ptolemy.moml.MoMLSimpleApplication@a77d2e5
----------------- Done invoking toplevel() on ptolemy.moml.MoMLSimpleApplication@a77d2e5
reloadAllAccessors: .InterpolatorFiringLimitDE

===========================================================================================
----------------- testing Mon Nov 25 06:27:02 UTC 2019 /home/travis/build/icyphy/ptII/ptolemy/actor/lib/test/auto/Lattice.xml
----------------- Instantiating /home/travis/build/icyphy/ptII/ptolemy/actor/lib/test/auto/Lattice.xml
2 ms. Memory: 430080K Free: 298521K (69%)
----------------- Invoking toplevel() on ptolemy.moml.MoMLSimpleApplication@260322c0
----------------- Done invoking toplevel() on ptolemy.moml.MoMLSimpleApplication@260322c0
reloadAllAccessors: .Lattice

===========================================================================================
----------------- testing Mon Nov 25 06:27:02 UTC 2019 /home/travis/build/icyphy/ptII/ptolemy/actor/lib/test/auto/LazyAOCTestLazy.xml
----------------- Instantiating /home/travis/build/icyphy/ptII/ptolemy/actor/lib/test/auto/LazyAOCTestLazy.xml
20 ms. Memory: 430080K Free: 292377K (68%)
----------------- Invoking toplevel() on ptolemy.moml.MoMLSimpleApplication@71e305d2
----------------- Done invoking toplevel() on ptolemy.moml.MoMLSimpleApplication@71e305d2
reloadAllAccessors: .LazyAOCTestLazy

===========================================================================================
----------------- testing Mon Nov 25 06:27:03 UTC 2019 /home/travis/build/icyphy/ptII/ptolemy/actor/lib/test/auto/LazyAOCTestNonLazy.xml
----------------- Instantiating /home/travis/build/icyphy/ptII/ptolemy/actor/lib/test/auto/LazyAOCTestNonLazy.xml
2 ms. Memory: 430080K Free: 285209K (66%)
----------------- Invoking toplevel() on ptolemy.moml.MoMLSimpleApplication@28d45189
----------------- Done invoking toplevel() on ptolemy.moml.MoMLSimpleApplication@28d45189
reloadAllAccessors: .LazyAOCTestNonLazy

===========================================================================================
----------------- testing Mon Nov 25 06:27:03 UTC 2019 /home/travis/build/icyphy/ptII/ptolemy/actor/lib/test/auto/LazyInnerClass.xml
----------------- Instantiating /home/travis/build/icyphy/ptII/ptolemy/actor/lib/test/auto/LazyInnerClass.xml
10 ms. Memory: 430080K Free: 276489K (64%)
----------------- Invoking toplevel() on ptolemy.moml.MoMLSimpleApplication@617ec63d
----------------- Done invoking toplevel() on ptolemy.moml.MoMLSimpleApplication@617ec63d
reloadAllAccessors: .LazyInnerClass

===========================================================================================
----------------- testing Mon Nov 25 06:27:03 UTC 2019 /home/travis/build/icyphy/ptII/ptolemy/actor/lib/test/auto/LazyPubSub.xml
----------------- Instantiating /home/travis/build/icyphy/ptII/ptolemy/actor/lib/test/auto/LazyPubSub.xml
26 ms. Memory: 430080K Free: 266263K (62%)
----------------- Invoking toplevel() on ptolemy.moml.MoMLSimpleApplication@55dfc4b2
----------------- Done invoking toplevel() on ptolemy.moml.MoMLSimpleApplication@55dfc4b2
reloadAllAccessors: .LazyPubSub

===========================================================================================
----------------- testing Mon Nov 25 06:27:03 UTC 2019 /home/travis/build/icyphy/ptII/ptolemy/actor/lib/test/auto/LazyPubSub2.xml
----------------- Instantiating /home/travis/build/icyphy/ptII/ptolemy/actor/lib/test/auto/LazyPubSub2.xml
26 ms. Memory: 430080K Free: 255513K (59%)
----------------- Invoking toplevel() on ptolemy.moml.MoMLSimpleApplication@69dc6d5a
----------------- Done invoking toplevel() on ptolemy.moml.MoMLSimpleApplication@69dc6d5a
reloadAllAccessors: .LazyPubSub2

===========================================================================================
----------------- testing Mon Nov 25 06:27:03 UTC 2019 /home/travis/build/icyphy/ptII/ptolemy/actor/lib/test/auto/LazyPubSub3.xml
----------------- Instantiating /home/travis/build/icyphy/ptII/ptolemy/actor/lib/test/auto/LazyPubSub3.xml
14 ms. Memory: 430080K Free: 245273K (57%)
----------------- Invoking toplevel() on ptolemy.moml.MoMLSimpleApplication@799b49ce
----------------- Done invoking toplevel() on ptolemy.moml.MoMLSimpleApplication@799b49ce
reloadAllAccessors: .LazyPubSub3

===========================================================================================
----------------- testing Mon Nov 25 06:27:03 UTC 2019 /home/travis/build/icyphy/ptII/ptolemy/actor/lib/test/auto/LazySubClassModel.xml
----------------- Instantiating /home/travis/build/icyphy/ptII/ptolemy/actor/lib/test/auto/LazySubClassModel.xml
2 ms. Memory: 430080K Free: 236057K (55%)
----------------- Invoking toplevel() on ptolemy.moml.MoMLSimpleApplication@a9e858e
----------------- Done invoking toplevel() on ptolemy.moml.MoMLSimpleApplication@a9e858e
reloadAllAccessors: .LazySubClassModel

===========================================================================================
----------------- testing Mon Nov 25 06:27:03 UTC 2019 /home/travis/build/icyphy/ptII/ptolemy/actor/lib/test/auto/LevelCrossTest1.xml
----------------- Instantiating /home/travis/build/icyphy/ptII/ptolemy/actor/lib/test/auto/LevelCrossTest1.xml
1 ms. Memory: 430080K Free: 230423K (54%)
----------------- Invoking toplevel() on ptolemy.moml.MoMLSimpleApplication@62d0fe0f
----------------- Done invoking toplevel() on ptolemy.moml.MoMLSimpleApplication@62d0fe0f
reloadAllAccessors: .broken

===========================================================================================
----------------- testing Mon Nov 25 06:27:03 UTC 2019 /home/travis/build/icyphy/ptII/ptolemy/actor/lib/test/auto/LevelCrossTest10.xml
----------------- Instantiating /home/travis/build/icyphy/ptII/ptolemy/actor/lib/test/auto/LevelCrossTest10.xml
1 ms. Memory: 430080K Free: 222745K (52%)
----------------- Invoking toplevel() on ptolemy.moml.MoMLSimpleApplication@5daed36f
----------------- Done invoking toplevel() on ptolemy.moml.MoMLSimpleApplication@5daed36f
reloadAllAccessors: .LevelCrossTest10

===========================================================================================
----------------- testing Mon Nov 25 06:27:03 UTC 2019 /home/travis/build/icyphy/ptII/ptolemy/actor/lib/test/auto/LevelCrossTest11.xml
----------------- Instantiating /home/travis/build/icyphy/ptII/ptolemy/actor/lib/test/auto/LevelCrossTest11.xml
1 ms. Memory: 430080K Free: 216087K (50%)
----------------- Invoking toplevel() on ptolemy.moml.MoMLSimpleApplication@36405
----------------- Done invoking toplevel() on ptolemy.moml.MoMLSimpleApplication@36405
reloadAllAccessors: .LevelCrossTest11

===========================================================================================
----------------- testing Mon Nov 25 06:27:03 UTC 2019 /home/travis/build/icyphy/ptII/ptolemy/actor/lib/test/auto/LevelCrossTest12.xml
----------------- Instantiating /home/travis/build/icyphy/ptII/ptolemy/actor/lib/test/auto/LevelCrossTest12.xml
1 ms. Memory: 430080K Free: 208409K (48%)
----------------- Invoking toplevel() on ptolemy.moml.MoMLSimpleApplication@323d17a8
----------------- Done invoking toplevel() on ptolemy.moml.MoMLSimpleApplication@323d17a8
reloadAllAccessors: .LevelCrossTest12

===========================================================================================
----------------- testing Mon Nov 25 06:27:03 UTC 2019 /home/travis/build/icyphy/ptII/ptolemy/actor/lib/test/auto/LevelCrossTest13.xml
----------------- Instantiating /home/travis/build/icyphy/ptII/ptolemy/actor/lib/test/auto/LevelCrossTest13.xml
4 ms. Memory: 430080K Free: 200727K (47%)
----------------- Invoking toplevel() on ptolemy.moml.MoMLSimpleApplication@42b0aaf5
----------------- Done invoking toplevel() on ptolemy.moml.MoMLSimpleApplication@42b0aaf5
reloadAllAccessors: .LevelCrossTest13

===========================================================================================
----------------- testing Mon Nov 25 06:27:03 UTC 2019 /home/travis/build/icyphy/ptII/ptolemy/actor/lib/test/auto/LevelCrossTest2.xml
----------------- Instantiating /home/travis/build/icyphy/ptII/ptolemy/actor/lib/test/auto/LevelCrossTest2.xml
1 ms. Memory: 430080K Free: 195097K (45%)
----------------- Invoking toplevel() on ptolemy.moml.MoMLSimpleApplication@2d6d4e05
----------------- Done invoking toplevel() on ptolemy.moml.MoMLSimpleApplication@2d6d4e05
reloadAllAccessors: .broken

===========================================================================================
----------------- testing Mon Nov 25 06:27:03 UTC 2019 /home/travis/build/icyphy/ptII/ptolemy/actor/lib/test/auto/LevelCrossTest3.xml
----------------- Instantiating /home/travis/build/icyphy/ptII/ptolemy/actor/lib/test/auto/LevelCrossTest3.xml
2 ms. Memory: 430080K Free: 188953K (44%)
----------------- Invoking toplevel() on ptolemy.moml.MoMLSimpleApplication@2cf21f06
----------------- Done invoking toplevel() on ptolemy.moml.MoMLSimpleApplication@2cf21f06
reloadAllAccessors: .LevelCrossTest3

===========================================================================================
----------------- testing Mon Nov 25 06:27:03 UTC 2019 /home/travis/build/icyphy/ptII/ptolemy/actor/lib/test/auto/LevelCrossTest4.xml
----------------- Instantiating /home/travis/build/icyphy/ptII/ptolemy/actor/lib/test/auto/LevelCrossTest4.xml
1 ms. Memory: 430080K Free: 183319K (43%)
----------------- Invoking toplevel() on ptolemy.moml.MoMLSimpleApplication@15fd1f91
----------------- Done invoking toplevel() on ptolemy.moml.MoMLSimpleApplication@15fd1f91
reloadAllAccessors: .broken

===========================================================================================
----------------- testing Mon Nov 25 06:27:03 UTC 2019 /home/travis/build/icyphy/ptII/ptolemy/actor/lib/test/auto/LevelCrossTest5.xml
----------------- Instantiating /home/travis/build/icyphy/ptII/ptolemy/actor/lib/test/auto/LevelCrossTest5.xml
1 ms. Memory: 430080K Free: 176151K (41%)
----------------- Invoking toplevel() on ptolemy.moml.MoMLSimpleApplication@21a9c922
----------------- Done invoking toplevel() on ptolemy.moml.MoMLSimpleApplication@21a9c922
reloadAllAccessors: .LevelCrossTest5

===========================================================================================
----------------- testing Mon Nov 25 06:27:03 UTC 2019 /home/travis/build/icyphy/ptII/ptolemy/actor/lib/test/auto/LevelCrossTest6.xml
----------------- Instantiating /home/travis/build/icyphy/ptII/ptolemy/actor/lib/test/auto/LevelCrossTest6.xml
1 ms. Memory: 430080K Free: 169497K (39%)
----------------- Invoking toplevel() on ptolemy.moml.MoMLSimpleApplication@3112b7a2
----------------- Done invoking toplevel() on ptolemy.moml.MoMLSimpleApplication@3112b7a2
reloadAllAccessors: .LevelCrossTest6

===========================================================================================
----------------- testing Mon Nov 25 06:27:03 UTC 2019 /home/travis/build/icyphy/ptII/ptolemy/actor/lib/test/auto/LevelCrossTest7.xml
----------------- Instantiating /home/travis/build/icyphy/ptII/ptolemy/actor/lib/test/auto/LevelCrossTest7.xml
1 ms. Memory: 430080K Free: 162329K (38%)
----------------- Invoking toplevel() on ptolemy.moml.MoMLSimpleApplication@14813801
----------------- Done invoking toplevel() on ptolemy.moml.MoMLSimpleApplication@14813801
reloadAllAccessors: .LevelCrossTest7

===========================================================================================
----------------- testing Mon Nov 25 06:27:03 UTC 2019 /home/travis/build/icyphy/ptII/ptolemy/actor/lib/test/auto/LevelCrossTest8.xml
----------------- Instantiating /home/travis/build/icyphy/ptII/ptolemy/actor/lib/test/auto/LevelCrossTest8.xml
2 ms. Memory: 430080K Free: 155161K (36%)
----------------- Invoking toplevel() on ptolemy.moml.MoMLSimpleApplication@49260a5
----------------- Done invoking toplevel() on ptolemy.moml.MoMLSimpleApplication@49260a5
reloadAllAccessors: .LevelCrossTest8

===========================================================================================
----------------- testing Mon Nov 25 06:27:03 UTC 2019 /home/travis/build/icyphy/ptII/ptolemy/actor/lib/test/auto/LevelCrossTest9.xml
----------------- Instantiating /home/travis/build/icyphy/ptII/ptolemy/actor/lib/test/auto/LevelCrossTest9.xml
1 ms. Memory: 430080K Free: 147993K (34%)
----------------- Invoking toplevel() on ptolemy.moml.MoMLSimpleApplication@2f31f241
----------------- Done invoking toplevel() on ptolemy.moml.MoMLSimpleApplication@2f31f241
reloadAllAccessors: .LevelCrossTest9

===========================================================================================
----------------- testing Mon Nov 25 06:27:03 UTC 2019 /home/travis/build/icyphy/ptII/ptolemy/actor/lib/test/auto/LevinsonDurbin.xml
----------------- Instantiating /home/travis/build/icyphy/ptII/ptolemy/actor/lib/test/auto/LevinsonDurbin.xml
2 ms. Memory: 430080K Free: 143897K (33%)
----------------- Invoking toplevel() on ptolemy.moml.MoMLSimpleApplication@b40ce
----------------- Done invoking toplevel() on ptolemy.moml.MoMLSimpleApplication@b40ce
reloadAllAccessors: .LevinsonDurbin

===========================================================================================
----------------- testing Mon Nov 25 06:27:03 UTC 2019 /home/travis/build/icyphy/ptII/ptolemy/actor/lib/test/auto/LevinsonDurbin2.xml
----------------- Instantiating /home/travis/build/icyphy/ptII/ptolemy/actor/lib/test/auto/LevinsonDurbin2.xml
1 ms. Memory: 430080K Free: 139801K (33%)
----------------- Invoking toplevel() on ptolemy.moml.MoMLSimpleApplication@363804f8
----------------- Done invoking toplevel() on ptolemy.moml.MoMLSimpleApplication@363804f8
reloadAllAccessors: .LevinsonDurbin2

===========================================================================================
----------------- testing Mon Nov 25 06:27:03 UTC 2019 /home/travis/build/icyphy/ptII/ptolemy/actor/lib/test/auto/LevinsonDurbin3.xml
----------------- Instantiating /home/travis/build/icyphy/ptII/ptolemy/actor/lib/test/auto/LevinsonDurbin3.xml
1 ms. Memory: 430080K Free: 135705K (32%)
----------------- Invoking toplevel() on ptolemy.moml.MoMLSimpleApplication@713eb71f
----------------- Done invoking toplevel() on ptolemy.moml.MoMLSimpleApplication@713eb71f
reloadAllAccessors: .LevinsonDurbin3

===========================================================================================
----------------- testing Mon Nov 25 06:27:03 UTC 2019 /home/travis/build/icyphy/ptII/ptolemy/actor/lib/test/auto/Limiter.xml
----------------- Instantiating /home/travis/build/icyphy/ptII/ptolemy/actor/lib/test/auto/Limiter.xml
23 ms. Memory: 430080K Free: 381825K (89%)
----------------- Invoking toplevel() on ptolemy.moml.MoMLSimpleApplication@73c7b5ad
----------------- Done invoking toplevel() on ptolemy.moml.MoMLSimpleApplication@73c7b5ad
reloadAllAccessors: .Limiter

===========================================================================================
----------------- testing Mon Nov 25 06:27:03 UTC 2019 /home/travis/build/icyphy/ptII/ptolemy/actor/lib/test/auto/LinearDifferenceEquationSystem.xml
----------------- Instantiating /home/travis/build/icyphy/ptII/ptolemy/actor/lib/test/auto/LinearDifferenceEquationSystem.xml
5 ms. Memory: 430080K Free: 374497K (87%)
----------------- Invoking toplevel() on ptolemy.moml.MoMLSimpleApplication@2b869725
----------------- Done invoking toplevel() on ptolemy.moml.MoMLSimpleApplication@2b869725
reloadAllAccessors: .LinearDifferenceEquationSystem

===========================================================================================
----------------- testing Mon Nov 25 06:27:03 UTC 2019 /home/travis/build/icyphy/ptII/ptolemy/actor/lib/test/auto/LookupTable.xml
----------------- Instantiating /home/travis/build/icyphy/ptII/ptolemy/actor/lib/test/auto/LookupTable.xml
15 ms. Memory: 430080K Free: 369887K (86%)
----------------- Invoking toplevel() on ptolemy.moml.MoMLSimpleApplication@556259bb
----------------- Done invoking toplevel() on ptolemy.moml.MoMLSimpleApplication@556259bb
reloadAllAccessors: .LookupTable

===========================================================================================
----------------- testing Mon Nov 25 06:27:03 UTC 2019 /home/travis/build/icyphy/ptII/ptolemy/actor/lib/test/auto/MathFunction.xml
----------------- Instantiating /home/travis/build/icyphy/ptII/ptolemy/actor/lib/test/auto/MathFunction.xml
2 ms. Memory: 430080K Free: 361695K (84%)
----------------- Invoking toplevel() on ptolemy.moml.MoMLSimpleApplication@6d533a83
----------------- Done invoking toplevel() on ptolemy.moml.MoMLSimpleApplication@6d533a83
reloadAllAccessors: .MathFunction

===========================================================================================
----------------- testing Mon Nov 25 06:27:03 UTC 2019 /home/travis/build/icyphy/ptII/ptolemy/actor/lib/test/auto/MathFunction2.xml
----------------- Instantiating /home/travis/build/icyphy/ptII/ptolemy/actor/lib/test/auto/MathFunction2.xml
1 ms. Memory: 430080K Free: 357599K (83%)
----------------- Invoking toplevel() on ptolemy.moml.MoMLSimpleApplication@6597d386
----------------- Done invoking toplevel() on ptolemy.moml.MoMLSimpleApplication@6597d386
reloadAllAccessors: .MathFunction2

===========================================================================================
----------------- testing Mon Nov 25 06:27:03 UTC 2019 /home/travis/build/icyphy/ptII/ptolemy/actor/lib/test/auto/MathFunction3.xml
----------------- Instantiating /home/travis/build/icyphy/ptII/ptolemy/actor/lib/test/auto/MathFunction3.xml
2 ms. Memory: 430080K Free: 350431K (81%)
----------------- Invoking toplevel() on ptolemy.moml.MoMLSimpleApplication@37a90f44
----------------- Done invoking toplevel() on ptolemy.moml.MoMLSimpleApplication@37a90f44
reloadAllAccessors: .MathFunction3

===========================================================================================
----------------- testing Mon Nov 25 06:27:03 UTC 2019 /home/travis/build/icyphy/ptII/ptolemy/actor/lib/test/auto/MatrixCropBoolean.xml
----------------- Instantiating /home/travis/build/icyphy/ptII/ptolemy/actor/lib/test/auto/MatrixCropBoolean.xml
2 ms. Memory: 430080K Free: 345825K (80%)
----------------- Invoking toplevel() on ptolemy.moml.MoMLSimpleApplication@22cd2764
----------------- Done invoking toplevel() on ptolemy.moml.MoMLSimpleApplication@22cd2764
reloadAllAccessors: .MatrixCropBoolean

===========================================================================================
----------------- testing Mon Nov 25 06:27:03 UTC 2019 /home/travis/build/icyphy/ptII/ptolemy/actor/lib/test/auto/MatrixCropComplex.xml
----------------- Instantiating /home/travis/build/icyphy/ptII/ptolemy/actor/lib/test/auto/MatrixCropComplex.xml
2 ms. Memory: 430080K Free: 340705K (79%)
----------------- Invoking toplevel() on ptolemy.moml.MoMLSimpleApplication@8d69c66
----------------- Done invoking toplevel() on ptolemy.moml.MoMLSimpleApplication@8d69c66
reloadAllAccessors: .MatrixCropComplex

===========================================================================================
----------------- testing Mon Nov 25 06:27:03 UTC 2019 /home/travis/build/icyphy/ptII/ptolemy/actor/lib/test/auto/MatrixCropDouble.xml
----------------- Instantiating /home/travis/build/icyphy/ptII/ptolemy/actor/lib/test/auto/MatrixCropDouble.xml
3 ms. Memory: 430080K Free: 335585K (78%)
----------------- Invoking toplevel() on ptolemy.moml.MoMLSimpleApplication@7708d5bd
----------------- Done invoking toplevel() on ptolemy.moml.MoMLSimpleApplication@7708d5bd
reloadAllAccessors: .MatrixCropDouble

===========================================================================================
----------------- testing Mon Nov 25 06:27:03 UTC 2019 /home/travis/build/icyphy/ptII/ptolemy/actor/lib/test/auto/MatrixCropFix.xml
----------------- Instantiating /home/travis/build/icyphy/ptII/ptolemy/actor/lib/test/auto/MatrixCropFix.xml
2 ms. Memory: 430080K Free: 330465K (77%)
----------------- Invoking toplevel() on ptolemy.moml.MoMLSimpleApplication@56b55c68
----------------- Done invoking toplevel() on ptolemy.moml.MoMLSimpleApplication@56b55c68
reloadAllAccessors: .MatrixCropFix

===========================================================================================
----------------- testing Mon Nov 25 06:27:03 UTC 2019 /home/travis/build/icyphy/ptII/ptolemy/actor/lib/test/auto/MatrixCropInt.xml
----------------- Instantiating /home/travis/build/icyphy/ptII/ptolemy/actor/lib/test/auto/MatrixCropInt.xml
2 ms. Memory: 430080K Free: 325345K (76%)
----------------- Invoking toplevel() on ptolemy.moml.MoMLSimpleApplication@3ca914d5
----------------- Done invoking toplevel() on ptolemy.moml.MoMLSimpleApplication@3ca914d5
reloadAllAccessors: .MatrixCropInt

===========================================================================================
----------------- testing Mon Nov 25 06:27:03 UTC 2019 /home/travis/build/icyphy/ptII/ptolemy/actor/lib/test/auto/MatrixCropLong.xml
----------------- Instantiating /home/travis/build/icyphy/ptII/ptolemy/actor/lib/test/auto/MatrixCropLong.xml
3 ms. Memory: 430080K Free: 320225K (74%)
----------------- Invoking toplevel() on ptolemy.moml.MoMLSimpleApplication@44bfebf4
----------------- Done invoking toplevel() on ptolemy.moml.MoMLSimpleApplication@44bfebf4
reloadAllAccessors: .MatrixCropLong

===========================================================================================
----------------- testing Mon Nov 25 06:27:03 UTC 2019 /home/travis/build/icyphy/ptII/ptolemy/actor/lib/test/auto/MatrixToArray.xml
----------------- Instantiating /home/travis/build/icyphy/ptII/ptolemy/actor/lib/test/auto/MatrixToArray.xml
12 ms. Memory: 430080K Free: 304865K (71%)
----------------- Invoking toplevel() on ptolemy.moml.MoMLSimpleApplication@778fe37e
----------------- Done invoking toplevel() on ptolemy.moml.MoMLSimpleApplication@778fe37e
reloadAllAccessors: .MatrixToArray

===========================================================================================
----------------- testing Mon Nov 25 06:27:03 UTC 2019 /home/travis/build/icyphy/ptII/ptolemy/actor/lib/test/auto/MaxIndex.xml
----------------- Instantiating /home/travis/build/icyphy/ptII/ptolemy/actor/lib/test/auto/MaxIndex.xml
2 ms. Memory: 430080K Free: 299745K (70%)
----------------- Invoking toplevel() on ptolemy.moml.MoMLSimpleApplication@fff466c
----------------- Done invoking toplevel() on ptolemy.moml.MoMLSimpleApplication@fff466c
reloadAllAccessors: .MaxIndex

===========================================================================================
----------------- testing Mon Nov 25 06:27:03 UTC 2019 /home/travis/build/icyphy/ptII/ptolemy/actor/lib/test/auto/Maximum.xml
----------------- Instantiating /home/travis/build/icyphy/ptII/ptolemy/actor/lib/test/auto/Maximum.xml
3 ms. Memory: 430080K Free: 293057K (68%)
----------------- Invoking toplevel() on ptolemy.moml.MoMLSimpleApplication@62e451a3
----------------- Done invoking toplevel() on ptolemy.moml.MoMLSimpleApplication@62e451a3
reloadAllAccessors: .Maximum

===========================================================================================
----------------- testing Mon Nov 25 06:27:03 UTC 2019 /home/travis/build/icyphy/ptII/ptolemy/actor/lib/test/auto/MaximumComplex.xml
----------------- Instantiating /home/travis/build/icyphy/ptII/ptolemy/actor/lib/test/auto/MaximumComplex.xml
4 ms. Memory: 430080K Free: 286943K (67%)
----------------- Invoking toplevel() on ptolemy.moml.MoMLSimpleApplication@119a59b1
----------------- Done invoking toplevel() on ptolemy.moml.MoMLSimpleApplication@119a59b1
reloadAllAccessors: .MaximumComplex

===========================================================================================
----------------- testing Mon Nov 25 06:27:04 UTC 2019 /home/travis/build/icyphy/ptII/ptolemy/actor/lib/test/auto/MethodCallTest.xml
----------------- Instantiating /home/travis/build/icyphy/ptII/ptolemy/actor/lib/test/auto/MethodCallTest.xml
7 ms. Memory: 430080K Free: 280289K (65%)
----------------- Invoking toplevel() on ptolemy.moml.MoMLSimpleApplication@706f679b
----------------- Done invoking toplevel() on ptolemy.moml.MoMLSimpleApplication@706f679b
reloadAllAccessors: .MethodCallTest

===========================================================================================
----------------- testing Mon Nov 25 06:27:04 UTC 2019 /home/travis/build/icyphy/ptII/ptolemy/actor/lib/test/auto/Minimum.xml
----------------- Instantiating /home/travis/build/icyphy/ptII/ptolemy/actor/lib/test/auto/Minimum.xml
5 ms. Memory: 430080K Free: 274145K (64%)
----------------- Invoking toplevel() on ptolemy.moml.MoMLSimpleApplication@3a241f45
----------------- Done invoking toplevel() on ptolemy.moml.MoMLSimpleApplication@3a241f45
reloadAllAccessors: .Minimum

===========================================================================================
----------------- testing Mon Nov 25 06:27:04 UTC 2019 /home/travis/build/icyphy/ptII/ptolemy/actor/lib/test/auto/MinimumComplex.xml
----------------- Instantiating /home/travis/build/icyphy/ptII/ptolemy/actor/lib/test/auto/MinimumComplex.xml
4 ms. Memory: 430080K Free: 268001K (62%)
----------------- Invoking toplevel() on ptolemy.moml.MoMLSimpleApplication@6ee4c19c
----------------- Done invoking toplevel() on ptolemy.moml.MoMLSimpleApplication@6ee4c19c
reloadAllAccessors: .MinimumComplex

===========================================================================================
----------------- testing Mon Nov 25 06:27:04 UTC 2019 /home/travis/build/icyphy/ptII/ptolemy/actor/lib/test/auto/MinimumMultiports.xml
----------------- Instantiating /home/travis/build/icyphy/ptII/ptolemy/actor/lib/test/auto/MinimumMultiports.xml
4 ms. Memory: 430080K Free: 259289K (60%)
----------------- Invoking toplevel() on ptolemy.moml.MoMLSimpleApplication@39b72013
----------------- Done invoking toplevel() on ptolemy.moml.MoMLSimpleApplication@39b72013
reloadAllAccessors: .MinimumMultiports

===========================================================================================
----------------- testing Mon Nov 25 06:27:04 UTC 2019 /home/travis/build/icyphy/ptII/ptolemy/actor/lib/test/auto/ModifyDate.xml
----------------- Instantiating /home/travis/build/icyphy/ptII/ptolemy/actor/lib/test/auto/ModifyDate.xml
6 ms. Memory: 430080K Free: 246497K (57%)
----------------- Invoking toplevel() on ptolemy.moml.MoMLSimpleApplication@42252689
----------------- Done invoking toplevel() on ptolemy.moml.MoMLSimpleApplication@42252689
reloadAllAccessors: .ModifyDate

===========================================================================================
----------------- testing Mon Nov 25 06:27:04 UTC 2019 /home/travis/build/icyphy/ptII/ptolemy/actor/lib/test/auto/ModifyDate2.xml
----------------- Instantiating /home/travis/build/icyphy/ptII/ptolemy/actor/lib/test/auto/ModifyDate2.xml
8 ms. Memory: 430080K Free: 237791K (55%)
----------------- Invoking toplevel() on ptolemy.moml.MoMLSimpleApplication@39a72238
----------------- Done invoking toplevel() on ptolemy.moml.MoMLSimpleApplication@39a72238
reloadAllAccessors: .ModifyDate2

===========================================================================================
----------------- testing Mon Nov 25 06:27:04 UTC 2019 /home/travis/build/icyphy/ptII/ptolemy/actor/lib/test/auto/MovingAverage.xml
----------------- Instantiating /home/travis/build/icyphy/ptII/ptolemy/actor/lib/test/auto/MovingAverage.xml
2 ms. Memory: 430080K Free: 232671K (54%)
----------------- Invoking toplevel() on ptolemy.moml.MoMLSimpleApplication@7591a92f
----------------- Done invoking toplevel() on ptolemy.moml.MoMLSimpleApplication@7591a92f
reloadAllAccessors: .MovingAverage

===========================================================================================
----------------- testing Mon Nov 25 06:27:04 UTC 2019 /home/travis/build/icyphy/ptII/ptolemy/actor/lib/test/auto/MovingMaximum.xml
----------------- Instantiating /home/travis/build/icyphy/ptII/ptolemy/actor/lib/test/auto/MovingMaximum.xml
1 ms. Memory: 430080K Free: 228065K (53%)
----------------- Invoking toplevel() on ptolemy.moml.MoMLSimpleApplication@58b28a0d
----------------- Done invoking toplevel() on ptolemy.moml.MoMLSimpleApplication@58b28a0d
reloadAllAccessors: .MovingMaximum

===========================================================================================
----------------- testing Mon Nov 25 06:27:04 UTC 2019 /home/travis/build/icyphy/ptII/ptolemy/actor/lib/test/auto/MultipleLinksToSameRelation.xml
----------------- Instantiating /home/travis/build/icyphy/ptII/ptolemy/actor/lib/test/auto/MultipleLinksToSameRelation.xml
2 ms. Memory: 430080K Free: 223969K (52%)
----------------- Invoking toplevel() on ptolemy.moml.MoMLSimpleApplication@64ea0df4
----------------- Done invoking toplevel() on ptolemy.moml.MoMLSimpleApplication@64ea0df4
reloadAllAccessors: .MultipleLinksToSameRelation

===========================================================================================
----------------- testing Mon Nov 25 06:27:04 UTC 2019 /home/travis/build/icyphy/ptII/ptolemy/actor/lib/test/auto/MultipleLinksToSameRelationDE.xml
----------------- Instantiating /home/travis/build/icyphy/ptII/ptolemy/actor/lib/test/auto/MultipleLinksToSameRelationDE.xml
10 ms. Memory: 430080K Free: 219345K (51%)
----------------- Invoking toplevel() on ptolemy.moml.MoMLSimpleApplication@452b2260
----------------- Done invoking toplevel() on ptolemy.moml.MoMLSimpleApplication@452b2260
reloadAllAccessors: .MultipleLinksToSameRelationDE

===========================================================================================
----------------- testing Mon Nov 25 06:27:04 UTC 2019 /home/travis/build/icyphy/ptII/ptolemy/actor/lib/test/auto/Multiplexor.xml
----------------- Instantiating /home/travis/build/icyphy/ptII/ptolemy/actor/lib/test/auto/Multiplexor.xml
2 ms. Memory: 430080K Free: 213729K (50%)
----------------- Invoking toplevel() on ptolemy.moml.MoMLSimpleApplication@4ed52879
----------------- Done invoking toplevel() on ptolemy.moml.MoMLSimpleApplication@4ed52879
reloadAllAccessors: .Multiplexor

===========================================================================================
----------------- testing Mon Nov 25 06:27:04 UTC 2019 /home/travis/build/icyphy/ptII/ptolemy/actor/lib/test/auto/Multiplexor1.xml
----------------- Instantiating /home/travis/build/icyphy/ptII/ptolemy/actor/lib/test/auto/Multiplexor1.xml
2 ms. Memory: 430080K Free: 208065K (48%)
----------------- Invoking toplevel() on ptolemy.moml.MoMLSimpleApplication@5a9be117
----------------- Done invoking toplevel() on ptolemy.moml.MoMLSimpleApplication@5a9be117
reloadAllAccessors: .Multiplexor1

===========================================================================================
----------------- testing Mon Nov 25 06:27:04 UTC 2019 /home/travis/build/icyphy/ptII/ptolemy/actor/lib/test/auto/Multiplexor2.xml
----------------- Instantiating /home/travis/build/icyphy/ptII/ptolemy/actor/lib/test/auto/Multiplexor2.xml
2 ms. Memory: 430080K Free: 201441K (47%)
----------------- Invoking toplevel() on ptolemy.moml.MoMLSimpleApplication@64ef77ca
----------------- Done invoking toplevel() on ptolemy.moml.MoMLSimpleApplication@64ef77ca
reloadAllAccessors: .Multiplexor2

===========================================================================================
----------------- testing Mon Nov 25 06:27:04 UTC 2019 /home/travis/build/icyphy/ptII/ptolemy/actor/lib/test/auto/Multiplexor3.xml
----------------- Instantiating /home/travis/build/icyphy/ptII/ptolemy/actor/lib/test/auto/Multiplexor3.xml
2 ms. Memory: 430080K Free: 197345K (46%)
----------------- Invoking toplevel() on ptolemy.moml.MoMLSimpleApplication@5f9dad2b
----------------- Done invoking toplevel() on ptolemy.moml.MoMLSimpleApplication@5f9dad2b
reloadAllAccessors: .Multiplexor3

===========================================================================================
----------------- testing Mon Nov 25 06:27:04 UTC 2019 /home/travis/build/icyphy/ptII/ptolemy/actor/lib/test/auto/MultiplexorDE.xml
----------------- Instantiating /home/travis/build/icyphy/ptII/ptolemy/actor/lib/test/auto/MultiplexorDE.xml
4 ms. Memory: 430080K Free: 189153K (44%)
----------------- Invoking toplevel() on ptolemy.moml.MoMLSimpleApplication@59b96040
----------------- Done invoking toplevel() on ptolemy.moml.MoMLSimpleApplication@59b96040
reloadAllAccessors: .MultiplexorDE

===========================================================================================
----------------- testing Mon Nov 25 06:27:04 UTC 2019 /home/travis/build/icyphy/ptII/ptolemy/actor/lib/test/auto/MultiportBroadcastTest.xml
----------------- Instantiating /home/travis/build/icyphy/ptII/ptolemy/actor/lib/test/auto/MultiportBroadcastTest.xml
94 ms. Memory: 430080K Free: 183009K (43%)
----------------- Invoking toplevel() on ptolemy.moml.MoMLSimpleApplication@53288891
----------------- Done invoking toplevel() on ptolemy.moml.MoMLSimpleApplication@53288891
reloadAllAccessors: .MultiportBroadcastTest

===========================================================================================
----------------- testing Mon Nov 25 06:27:04 UTC 2019 /home/travis/build/icyphy/ptII/ptolemy/actor/lib/test/auto/MultiportOutHangDuringGetWidth.xml
----------------- Instantiating /home/travis/build/icyphy/ptII/ptolemy/actor/lib/test/auto/MultiportOutHangDuringGetWidth.xml
6 ms. Memory: 430080K Free: 170721K (40%)
----------------- Invoking toplevel() on ptolemy.moml.MoMLSimpleApplication@4b7a2d1a
----------------- Done invoking toplevel() on ptolemy.moml.MoMLSimpleApplication@4b7a2d1a
reloadAllAccessors: .MultiportOutHangDuringGetWidth

===========================================================================================
----------------- testing Mon Nov 25 06:27:04 UTC 2019 /home/travis/build/icyphy/ptII/ptolemy/actor/lib/test/auto/NilToken.xml
----------------- Instantiating /home/travis/build/icyphy/ptII/ptolemy/actor/lib/test/auto/NilToken.xml
2 ms. Memory: 430080K Free: 166625K (39%)
----------------- Invoking toplevel() on ptolemy.moml.MoMLSimpleApplication@69621874
----------------- Done invoking toplevel() on ptolemy.moml.MoMLSimpleApplication@69621874
reloadAllAccessors: .NilToken

===========================================================================================
----------------- testing Mon Nov 25 06:27:04 UTC 2019 /home/travis/build/icyphy/ptII/ptolemy/actor/lib/test/auto/NilTokenNonStrictTest.xml
----------------- Instantiating /home/travis/build/icyphy/ptII/ptolemy/actor/lib/test/auto/NilTokenNonStrictTest.xml
2 ms. Memory: 430080K Free: 162015K (38%)
----------------- Invoking toplevel() on ptolemy.moml.MoMLSimpleApplication@53496a0d
----------------- Done invoking toplevel() on ptolemy.moml.MoMLSimpleApplication@53496a0d
reloadAllAccessors: .NilTokenNonStrictTest

===========================================================================================
----------------- testing Mon Nov 25 06:27:04 UTC 2019 /home/travis/build/icyphy/ptII/ptolemy/actor/lib/test/auto/NilTokenRecord.xml
----------------- Instantiating /home/travis/build/icyphy/ptII/ptolemy/actor/lib/test/auto/NilTokenRecord.xml
12 ms. Memory: 430080K Free: 155361K (36%)
----------------- Invoking toplevel() on ptolemy.moml.MoMLSimpleApplication@1da96df3
----------------- Done invoking toplevel() on ptolemy.moml.MoMLSimpleApplication@1da96df3
reloadAllAccessors: .NilTokenRecord

===========================================================================================
----------------- testing Mon Nov 25 06:27:04 UTC 2019 /home/travis/build/icyphy/ptII/ptolemy/actor/lib/test/auto/NilTokenTypeTest.xml
----------------- Instantiating /home/travis/build/icyphy/ptII/ptolemy/actor/lib/test/auto/NilTokenTypeTest.xml
4 ms. Memory: 430080K Free: 145631K (34%)
----------------- Invoking toplevel() on ptolemy.moml.MoMLSimpleApplication@3a4bdf49
----------------- Done invoking toplevel() on ptolemy.moml.MoMLSimpleApplication@3a4bdf49
reloadAllAccessors: .NilTokenTypeTest

===========================================================================================
----------------- testing Mon Nov 25 06:27:04 UTC 2019 /home/travis/build/icyphy/ptII/ptolemy/actor/lib/test/auto/ObjectToken1.xml
----------------- Instantiating /home/travis/build/icyphy/ptII/ptolemy/actor/lib/test/auto/ObjectToken1.xml
3 ms. Memory: 430080K Free: 141535K (33%)
----------------- Invoking toplevel() on ptolemy.moml.MoMLSimpleApplication@4bff699
----------------- Done invoking toplevel() on ptolemy.moml.MoMLSimpleApplication@4bff699
reloadAllAccessors: .ObjectToken1

===========================================================================================
----------------- testing Mon Nov 25 06:27:04 UTC 2019 /home/travis/build/icyphy/ptII/ptolemy/actor/lib/test/auto/OrderedMerge.xml
----------------- Instantiating /home/travis/build/icyphy/ptII/ptolemy/actor/lib/test/auto/OrderedMerge.xml
9 ms. Memory: 430080K Free: 135905K (32%)
----------------- Invoking toplevel() on ptolemy.moml.MoMLSimpleApplication@49f39217
----------------- Done invoking toplevel() on ptolemy.moml.MoMLSimpleApplication@49f39217
reloadAllAccessors: .OrderedMerge

===========================================================================================
----------------- testing Mon Nov 25 06:27:04 UTC 2019 /home/travis/build/icyphy/ptII/ptolemy/actor/lib/test/auto/OrderedRecordDisassembler.xml
----------------- Instantiating /home/travis/build/icyphy/ptII/ptolemy/actor/lib/test/auto/OrderedRecordDisassembler.xml
3 ms. Memory: 430080K Free: 130785K (30%)
----------------- Invoking toplevel() on ptolemy.moml.MoMLSimpleApplication@78da0776
----------------- Done invoking toplevel() on ptolemy.moml.MoMLSimpleApplication@78da0776
reloadAllAccessors: .OrderedRecordDisassembler

===========================================================================================
----------------- testing Mon Nov 25 06:27:04 UTC 2019 /home/travis/build/icyphy/ptII/ptolemy/actor/lib/test/auto/OrderedRecordDisassembler2.xml
----------------- Instantiating /home/travis/build/icyphy/ptII/ptolemy/actor/lib/test/auto/OrderedRecordDisassembler2.xml
4 ms. Memory: 430080K Free: 377776K (88%)
----------------- Invoking toplevel() on ptolemy.moml.MoMLSimpleApplication@77ce3e5b
----------------- Done invoking toplevel() on ptolemy.moml.MoMLSimpleApplication@77ce3e5b
reloadAllAccessors: .OrderedRecordDisassembler2

===========================================================================================
----------------- testing Mon Nov 25 06:27:04 UTC 2019 /home/travis/build/icyphy/ptII/ptolemy/actor/lib/test/auto/OrderedRecordUpdater.xml
----------------- Instantiating /home/travis/build/icyphy/ptII/ptolemy/actor/lib/test/auto/OrderedRecordUpdater.xml
2 ms. Memory: 430080K Free: 372670K (87%)
----------------- Invoking toplevel() on ptolemy.moml.MoMLSimpleApplication@35f03f20
----------------- Done invoking toplevel() on ptolemy.moml.MoMLSimpleApplication@35f03f20
reloadAllAccessors: .RecordUpdater

===========================================================================================
----------------- testing Mon Nov 25 06:27:04 UTC 2019 /home/travis/build/icyphy/ptII/ptolemy/actor/lib/test/auto/OrderedRecordUpdater2.xml
----------------- Instantiating /home/travis/build/icyphy/ptII/ptolemy/actor/lib/test/auto/OrderedRecordUpdater2.xml
2 ms. Memory: 430080K Free: 367550K (85%)
----------------- Invoking toplevel() on ptolemy.moml.MoMLSimpleApplication@76656d59
----------------- Done invoking toplevel() on ptolemy.moml.MoMLSimpleApplication@76656d59
reloadAllAccessors: .RecordUpdater2

===========================================================================================
----------------- testing Mon Nov 25 06:27:04 UTC 2019 /home/travis/build/icyphy/ptII/ptolemy/actor/lib/test/auto/PhaseUnwrap.xml
----------------- Instantiating /home/travis/build/icyphy/ptII/ptolemy/actor/lib/test/auto/PhaseUnwrap.xml
1 ms. Memory: 430080K Free: 362944K (84%)
----------------- Invoking toplevel() on ptolemy.moml.MoMLSimpleApplication@20cc11dc
----------------- Done invoking toplevel() on ptolemy.moml.MoMLSimpleApplication@20cc11dc
reloadAllAccessors: .PhaseUnwrap

===========================================================================================
----------------- testing Mon Nov 25 06:27:04 UTC 2019 /home/travis/build/icyphy/ptII/ptolemy/actor/lib/test/auto/PoissonClock.xml
----------------- Instantiating /home/travis/build/icyphy/ptII/ptolemy/actor/lib/test/auto/PoissonClock.xml
1 ms. Memory: 430080K Free: 358848K (83%)
----------------- Invoking toplevel() on ptolemy.moml.MoMLSimpleApplication@54449e2f
----------------- Done invoking toplevel() on ptolemy.moml.MoMLSimpleApplication@54449e2f
reloadAllAccessors: .PoissonClock

===========================================================================================
----------------- testing Mon Nov 25 06:27:04 UTC 2019 /home/travis/build/icyphy/ptII/ptolemy/actor/lib/test/auto/PoissonClock2.xml
----------------- Instantiating /home/travis/build/icyphy/ptII/ptolemy/actor/lib/test/auto/PoissonClock2.xml
2 ms. Memory: 430080K Free: 354752K (82%)
----------------- Invoking toplevel() on ptolemy.moml.MoMLSimpleApplication@264c4ddc
----------------- Done invoking toplevel() on ptolemy.moml.MoMLSimpleApplication@264c4ddc
reloadAllAccessors: .PoissonClock2

===========================================================================================
----------------- testing Mon Nov 25 06:27:04 UTC 2019 /home/travis/build/icyphy/ptII/ptolemy/actor/lib/test/auto/PoissonClock3.xml
----------------- Instantiating /home/travis/build/icyphy/ptII/ptolemy/actor/lib/test/auto/PoissonClock3.xml
1 ms. Memory: 430080K Free: 350142K (81%)
----------------- Invoking toplevel() on ptolemy.moml.MoMLSimpleApplication@349d9d97
----------------- Done invoking toplevel() on ptolemy.moml.MoMLSimpleApplication@349d9d97
reloadAllAccessors: .PoissonClock3

===========================================================================================
----------------- testing Mon Nov 25 06:27:04 UTC 2019 /home/travis/build/icyphy/ptII/ptolemy/actor/lib/test/auto/PubSubWithInitialTokens.xml
----------------- Instantiating /home/travis/build/icyphy/ptII/ptolemy/actor/lib/test/auto/PubSubWithInitialTokens.xml
2 ms. Memory: 430080K Free: 344512K (80%)
----------------- Invoking toplevel() on ptolemy.moml.MoMLSimpleApplication@74150e4e
----------------- Done invoking toplevel() on ptolemy.moml.MoMLSimpleApplication@74150e4e
reloadAllAccessors: .PubSubWithInitialTokens

===========================================================================================
----------------- testing Mon Nov 25 06:27:04 UTC 2019 /home/travis/build/icyphy/ptII/ptolemy/actor/lib/test/auto/PubSubWithInitialTokens2.xml
----------------- Instantiating /home/travis/build/icyphy/ptII/ptolemy/actor/lib/test/auto/PubSubWithInitialTokens2.xml
6 ms. Memory: 430080K Free: 338368K (79%)
----------------- Invoking toplevel() on ptolemy.moml.MoMLSimpleApplication@3db709d6
----------------- Done invoking toplevel() on ptolemy.moml.MoMLSimpleApplication@3db709d6
reloadAllAccessors: .PubSubWithInitialTokens2

===========================================================================================
----------------- testing Mon Nov 25 06:27:04 UTC 2019 /home/travis/build/icyphy/ptII/ptolemy/actor/lib/test/auto/PublisherClassNoParameter.xml
----------------- Instantiating /home/travis/build/icyphy/ptII/ptolemy/actor/lib/test/auto/PublisherClassNoParameter.xml
2 ms. Memory: 430080K Free: 328638K (76%)
----------------- Invoking toplevel() on ptolemy.moml.MoMLSimpleApplication@1a0bd6b0
----------------- Done invoking toplevel() on ptolemy.moml.MoMLSimpleApplication@1a0bd6b0
reloadAllAccessors: .PublisherClassNoParameter

===========================================================================================
----------------- testing Mon Nov 25 06:27:04 UTC 2019 /home/travis/build/icyphy/ptII/ptolemy/actor/lib/test/auto/PublisherClassParameter.xml
----------------- Instantiating /home/travis/build/icyphy/ptII/ptolemy/actor/lib/test/auto/PublisherClassParameter.xml
2 ms. Memory: 430080K Free: 318398K (74%)
----------------- Invoking toplevel() on ptolemy.moml.MoMLSimpleApplication@7f8e6cf1
----------------- Done invoking toplevel() on ptolemy.moml.MoMLSimpleApplication@7f8e6cf1
reloadAllAccessors: .PublisherClassParameter

===========================================================================================
----------------- testing Mon Nov 25 06:27:04 UTC 2019 /home/travis/build/icyphy/ptII/ptolemy/actor/lib/test/auto/PublisherNonStrictTest.xml
----------------- Instantiating /home/travis/build/icyphy/ptII/ptolemy/actor/lib/test/auto/PublisherNonStrictTest.xml
3 ms. Memory: 430080K Free: 310720K (72%)
----------------- Invoking toplevel() on ptolemy.moml.MoMLSimpleApplication@74a3de1d
----------------- Done invoking toplevel() on ptolemy.moml.MoMLSimpleApplication@74a3de1d
reloadAllAccessors: .PublisherNonStrictTest

===========================================================================================
----------------- testing Mon Nov 25 06:27:04 UTC 2019 /home/travis/build/icyphy/ptII/ptolemy/actor/lib/test/auto/PublisherPort1.xml
----------------- Instantiating /home/travis/build/icyphy/ptII/ptolemy/actor/lib/test/auto/PublisherPort1.xml
6 ms. Memory: 430080K Free: 304576K (71%)
----------------- Invoking toplevel() on ptolemy.moml.MoMLSimpleApplication@ac189d
----------------- Done invoking toplevel() on ptolemy.moml.MoMLSimpleApplication@ac189d
reloadAllAccessors: .PublisherPort1

===========================================================================================
----------------- testing Mon Nov 25 06:27:04 UTC 2019 /home/travis/build/icyphy/ptII/ptolemy/actor/lib/test/auto/PublisherPort2.xml
----------------- Instantiating /home/travis/build/icyphy/ptII/ptolemy/actor/lib/test/auto/PublisherPort2.xml
1 ms. Memory: 430080K Free: 299456K (70%)
----------------- Invoking toplevel() on ptolemy.moml.MoMLSimpleApplication@2dd6be4d
----------------- Done invoking toplevel() on ptolemy.moml.MoMLSimpleApplication@2dd6be4d
reloadAllAccessors: .PublisherPort2

===========================================================================================
----------------- testing Mon Nov 25 06:27:04 UTC 2019 /home/travis/build/icyphy/ptII/ptolemy/actor/lib/test/auto/PublisherPort3.xml
----------------- Instantiating /home/travis/build/icyphy/ptII/ptolemy/actor/lib/test/auto/PublisherPort3.xml
4 ms. Memory: 430080K Free: 292768K (68%)
----------------- Invoking toplevel() on ptolemy.moml.MoMLSimpleApplication@4d822966
----------------- Done invoking toplevel() on ptolemy.moml.MoMLSimpleApplication@4d822966
reloadAllAccessors: .PublisherPort3

===========================================================================================
----------------- testing Mon Nov 25 06:27:04 UTC 2019 /home/travis/build/icyphy/ptII/ptolemy/actor/lib/test/auto/PublisherPort4.xml
----------------- Instantiating /home/travis/build/icyphy/ptII/ptolemy/actor/lib/test/auto/PublisherPort4.xml
2 ms. Memory: 430080K Free: 287168K (67%)
----------------- Invoking toplevel() on ptolemy.moml.MoMLSimpleApplication@7e5ecdaf
----------------- Done invoking toplevel() on ptolemy.moml.MoMLSimpleApplication@7e5ecdaf
reloadAllAccessors: .PublisherPort4

===========================================================================================
----------------- testing Mon Nov 25 06:27:05 UTC 2019 /home/travis/build/icyphy/ptII/ptolemy/actor/lib/test/auto/PublisherPort5.xml
----------------- Instantiating /home/travis/build/icyphy/ptII/ptolemy/actor/lib/test/auto/PublisherPort5.xml
3 ms. Memory: 430080K Free: 279486K (65%)
----------------- Invoking toplevel() on ptolemy.moml.MoMLSimpleApplication@4531a8b7
----------------- Done invoking toplevel() on ptolemy.moml.MoMLSimpleApplication@4531a8b7
reloadAllAccessors: .PublisherPort5

===========================================================================================
----------------- testing Mon Nov 25 06:27:05 UTC 2019 /home/travis/build/icyphy/ptII/ptolemy/actor/lib/test/auto/PublisherPort5LookAlike.xml
----------------- Instantiating /home/travis/build/icyphy/ptII/ptolemy/actor/lib/test/auto/PublisherPort5LookAlike.xml
8 ms. Memory: 430080K Free: 271808K (63%)
----------------- Invoking toplevel() on ptolemy.moml.MoMLSimpleApplication@44fb1389
----------------- Done invoking toplevel() on ptolemy.moml.MoMLSimpleApplication@44fb1389
reloadAllAccessors: .PublisherPort5LookAlike

===========================================================================================
----------------- testing Mon Nov 25 06:27:05 UTC 2019 /home/travis/build/icyphy/ptII/ptolemy/actor/lib/test/auto/PublisherPort6.xml
----------------- Instantiating /home/travis/build/icyphy/ptII/ptolemy/actor/lib/test/auto/PublisherPort6.xml
2 ms. Memory: 430080K Free: 265150K (62%)
----------------- Invoking toplevel() on ptolemy.moml.MoMLSimpleApplication@b5aa953
----------------- Done invoking toplevel() on ptolemy.moml.MoMLSimpleApplication@b5aa953
reloadAllAccessors: .PublisherPort6

===========================================================================================
----------------- testing Mon Nov 25 06:27:05 UTC 2019 /home/travis/build/icyphy/ptII/ptolemy/actor/lib/test/auto/PublisherPort7.xml
----------------- Instantiating /home/travis/build/icyphy/ptII/ptolemy/actor/lib/test/auto/PublisherPort7.xml
4 ms. Memory: 430080K Free: 257472K (60%)
----------------- Invoking toplevel() on ptolemy.moml.MoMLSimpleApplication@5b4e47d4
----------------- Done invoking toplevel() on ptolemy.moml.MoMLSimpleApplication@5b4e47d4
reloadAllAccessors: .PublisherPort7

===========================================================================================
----------------- testing Mon Nov 25 06:27:05 UTC 2019 /home/travis/build/icyphy/ptII/ptolemy/actor/lib/test/auto/PublisherPort8.xml
----------------- Instantiating /home/travis/build/icyphy/ptII/ptolemy/actor/lib/test/auto/PublisherPort8.xml
4 ms. Memory: 430080K Free: 248766K (58%)
----------------- Invoking toplevel() on ptolemy.moml.MoMLSimpleApplication@47c050a3
----------------- Done invoking toplevel() on ptolemy.moml.MoMLSimpleApplication@47c050a3
reloadAllAccessors: .PublisherPort8

===========================================================================================
----------------- testing Mon Nov 25 06:27:05 UTC 2019 /home/travis/build/icyphy/ptII/ptolemy/actor/lib/test/auto/PublisherPortSubscriberChannelVariablesAOC2.xml
----------------- Instantiating /home/travis/build/icyphy/ptII/ptolemy/actor/lib/test/auto/PublisherPortSubscriberChannelVariablesAOC2.xml
8 ms. Memory: 430080K Free: 230848K (54%)
----------------- Invoking toplevel() on ptolemy.moml.MoMLSimpleApplication@5d8aed03
----------------- Done invoking toplevel() on ptolemy.moml.MoMLSimpleApplication@5d8aed03
reloadAllAccessors: .PublisherPortSubscriberChannelVariablesAOC2

===========================================================================================
----------------- testing Mon Nov 25 06:27:05 UTC 2019 /home/travis/build/icyphy/ptII/ptolemy/actor/lib/test/auto/PublisherPortSubscriberOpaqueWidthInference.xml
----------------- Instantiating /home/travis/build/icyphy/ptII/ptolemy/actor/lib/test/auto/PublisherPortSubscriberOpaqueWidthInference.xml
4 ms. Memory: 430080K Free: 223152K (52%)
----------------- Invoking toplevel() on ptolemy.moml.MoMLSimpleApplication@6fbb93fe
----------------- Done invoking toplevel() on ptolemy.moml.MoMLSimpleApplication@6fbb93fe
reloadAllAccessors: .PublisherPortSubscriberOpaqueWidthInference

===========================================================================================
----------------- testing Mon Nov 25 06:27:05 UTC 2019 /home/travis/build/icyphy/ptII/ptolemy/actor/lib/test/auto/PublisherPortSubscriberPortAdjacent.xml
----------------- Instantiating /home/travis/build/icyphy/ptII/ptolemy/actor/lib/test/auto/PublisherPortSubscriberPortAdjacent.xml
2 ms. Memory: 430080K Free: 214974K (50%)
----------------- Invoking toplevel() on ptolemy.moml.MoMLSimpleApplication@fc94f15
----------------- Done invoking toplevel() on ptolemy.moml.MoMLSimpleApplication@fc94f15
reloadAllAccessors: .PublisherPortSubscriberPortAdjacent

===========================================================================================
----------------- testing Mon Nov 25 06:27:05 UTC 2019 /home/travis/build/icyphy/ptII/ptolemy/actor/lib/test/auto/PublisherPortSubscriberPortExpression.xml
----------------- Instantiating /home/travis/build/icyphy/ptII/ptolemy/actor/lib/test/auto/PublisherPortSubscriberPortExpression.xml
4 ms. Memory: 430080K Free: 207296K (48%)
----------------- Invoking toplevel() on ptolemy.moml.MoMLSimpleApplication@303f94d8
----------------- Done invoking toplevel() on ptolemy.moml.MoMLSimpleApplication@303f94d8
reloadAllAccessors: .PublisherPortSubscriberPortExpression

===========================================================================================
----------------- testing Mon Nov 25 06:27:05 UTC 2019 /home/travis/build/icyphy/ptII/ptolemy/actor/lib/test/auto/PublisherPortSubscriberPortOpaqueD3Reverse.xml
----------------- Instantiating /home/travis/build/icyphy/ptII/ptolemy/actor/lib/test/auto/PublisherPortSubscriberPortOpaqueD3Reverse.xml
7 ms. Memory: 430080K Free: 197056K (46%)
----------------- Invoking toplevel() on ptolemy.moml.MoMLSimpleApplication@359c0cca
----------------- Done invoking toplevel() on ptolemy.moml.MoMLSimpleApplication@359c0cca
reloadAllAccessors: .PublisherPortSubscriberPortOpaqueD3Reverse

===========================================================================================
----------------- testing Mon Nov 25 06:27:05 UTC 2019 /home/travis/build/icyphy/ptII/ptolemy/actor/lib/test/auto/PublisherPortSubscriberPortOpaqueWidthInference.xml
----------------- Instantiating /home/travis/build/icyphy/ptII/ptolemy/actor/lib/test/auto/PublisherPortSubscriberPortOpaqueWidthInference.xml
3 ms. Memory: 430080K Free: 189360K (44%)
----------------- Invoking toplevel() on ptolemy.moml.MoMLSimpleApplication@5a71cf6d
----------------- Done invoking toplevel() on ptolemy.moml.MoMLSimpleApplication@5a71cf6d
reloadAllAccessors: .PublisherPortSubscriberPortOpaqueWidthInference

===========================================================================================
----------------- testing Mon Nov 25 06:27:05 UTC 2019 /home/travis/build/icyphy/ptII/ptolemy/actor/lib/test/auto/PublisherPortToplevelSubscriberPortAOC.xml
----------------- Instantiating /home/travis/build/icyphy/ptII/ptolemy/actor/lib/test/auto/PublisherPortToplevelSubscriberPortAOC.xml
.PublisherPortToplevelSubscriberPortAOC.TestExceptionAttribute: initialize() was not invoked, but wrapup() was.  This is unusual, but not always a problem.  For example, exporting JNLP will do this.
1 ms. Memory: 430080K Free: 183230K (43%)
----------------- Invoking toplevel() on ptolemy.moml.MoMLSimpleApplication@3e0c248f
----------------- Done invoking toplevel() on ptolemy.moml.MoMLSimpleApplication@3e0c248f
reloadAllAccessors: .PublisherPortToplevelSubscriberPortAOC

===========================================================================================
----------------- testing Mon Nov 25 06:27:05 UTC 2019 /home/travis/build/icyphy/ptII/ptolemy/actor/lib/test/auto/PublisherSubscriber.xml
----------------- Instantiating /home/travis/build/icyphy/ptII/ptolemy/actor/lib/test/auto/PublisherSubscriber.xml
3 ms. Memory: 430080K Free: 175552K (41%)
----------------- Invoking toplevel() on ptolemy.moml.MoMLSimpleApplication@119681d8
----------------- Done invoking toplevel() on ptolemy.moml.MoMLSimpleApplication@119681d8
reloadAllAccessors: .PublisherSubscriber

===========================================================================================
----------------- testing Mon Nov 25 06:27:05 UTC 2019 /home/travis/build/icyphy/ptII/ptolemy/actor/lib/test/auto/PublisherSubscriber10.xml
----------------- Instantiating /home/travis/build/icyphy/ptII/ptolemy/actor/lib/test/auto/PublisherSubscriber10.xml
7 ms. Memory: 430080K Free: 165822K (39%)
----------------- Invoking toplevel() on ptolemy.moml.MoMLSimpleApplication@7d605aa3
----------------- Done invoking toplevel() on ptolemy.moml.MoMLSimpleApplication@7d605aa3
reloadAllAccessors: .PublisherSubscriber10

===========================================================================================
----------------- testing Mon Nov 25 06:27:05 UTC 2019 /home/travis/build/icyphy/ptII/ptolemy/actor/lib/test/auto/PublisherSubscriber10InitialOutputs.xml
----------------- Instantiating /home/travis/build/icyphy/ptII/ptolemy/actor/lib/test/auto/PublisherSubscriber10InitialOutputs.xml
16 ms. Memory: 430080K Free: 156606K (36%)
----------------- Invoking toplevel() on ptolemy.moml.MoMLSimpleApplication@4c11abf7
----------------- Done invoking toplevel() on ptolemy.moml.MoMLSimpleApplication@4c11abf7
reloadAllAccessors: .PublisherSubscriber10InitialOutputs

===========================================================================================
----------------- testing Mon Nov 25 06:27:05 UTC 2019 /home/travis/build/icyphy/ptII/ptolemy/actor/lib/test/auto/PublisherSubscriber11.xml
----------------- Instantiating /home/travis/build/icyphy/ptII/ptolemy/actor/lib/test/auto/PublisherSubscriber11.xml
4 ms. Memory: 430080K Free: 150448K (35%)
----------------- Invoking toplevel() on ptolemy.moml.MoMLSimpleApplication@53c65c42
----------------- Done invoking toplevel() on ptolemy.moml.MoMLSimpleApplication@53c65c42
reloadAllAccessors: .PublisherSubscriber11

===========================================================================================
----------------- testing Mon Nov 25 06:27:05 UTC 2019 /home/travis/build/icyphy/ptII/ptolemy/actor/lib/test/auto/PublisherSubscriber12.xml
----------------- Instantiating /home/travis/build/icyphy/ptII/ptolemy/actor/lib/test/auto/PublisherSubscriber12.xml
6 ms. Memory: 430080K Free: 143294K (33%)
----------------- Invoking toplevel() on ptolemy.moml.MoMLSimpleApplication@2743fc8f
----------------- Done invoking toplevel() on ptolemy.moml.MoMLSimpleApplication@2743fc8f
reloadAllAccessors: .PublisherSubscriber12

===========================================================================================
----------------- testing Mon Nov 25 06:27:05 UTC 2019 /home/travis/build/icyphy/ptII/ptolemy/actor/lib/test/auto/PublisherSubscriber13.xml
----------------- Instantiating /home/travis/build/icyphy/ptII/ptolemy/actor/lib/test/auto/PublisherSubscriber13.xml
10 ms. Memory: 430080K Free: 137664K (32%)
----------------- Invoking toplevel() on ptolemy.moml.MoMLSimpleApplication@79546e29
----------------- Done invoking toplevel() on ptolemy.moml.MoMLSimpleApplication@79546e29
reloadAllAccessors: .PublisherSubscriber13

===========================================================================================
----------------- testing Mon Nov 25 06:27:05 UTC 2019 /home/travis/build/icyphy/ptII/ptolemy/actor/lib/test/auto/PublisherSubscriber14.xml
----------------- Instantiating /home/travis/build/icyphy/ptII/ptolemy/actor/lib/test/auto/PublisherSubscriber14.xml
3 ms. Memory: 430080K Free: 128448K (30%)
----------------- Invoking toplevel() on ptolemy.moml.MoMLSimpleApplication@60b6a1a9
----------------- Done invoking toplevel() on ptolemy.moml.MoMLSimpleApplication@60b6a1a9
reloadAllAccessors: .PublisherSubscriber14

===========================================================================================
----------------- testing Mon Nov 25 06:27:05 UTC 2019 /home/travis/build/icyphy/ptII/ptolemy/actor/lib/test/auto/PublisherSubscriber2.xml
----------------- Instantiating /home/travis/build/icyphy/ptII/ptolemy/actor/lib/test/auto/PublisherSubscriber2.xml
2 ms. Memory: 430080K Free: 377937K (88%)
----------------- Invoking toplevel() on ptolemy.moml.MoMLSimpleApplication@bc25d0d
----------------- Done invoking toplevel() on ptolemy.moml.MoMLSimpleApplication@bc25d0d
reloadAllAccessors: .PublisherSubscriber2

===========================================================================================
----------------- testing Mon Nov 25 06:27:05 UTC 2019 /home/travis/build/icyphy/ptII/ptolemy/actor/lib/test/auto/PublisherSubscriber3.xml
----------------- Instantiating /home/travis/build/icyphy/ptII/ptolemy/actor/lib/test/auto/PublisherSubscriber3.xml
2 ms. Memory: 430080K Free: 372337K (87%)
----------------- Invoking toplevel() on ptolemy.moml.MoMLSimpleApplication@4f42559a
----------------- Done invoking toplevel() on ptolemy.moml.MoMLSimpleApplication@4f42559a
reloadAllAccessors: .PublisherSubscriber3

===========================================================================================
----------------- testing Mon Nov 25 06:27:05 UTC 2019 /home/travis/build/icyphy/ptII/ptolemy/actor/lib/test/auto/PublisherSubscriber4.xml
----------------- Instantiating /home/travis/build/icyphy/ptII/ptolemy/actor/lib/test/auto/PublisherSubscriber4.xml
1 ms. Memory: 430080K Free: 366673K (85%)
----------------- Invoking toplevel() on ptolemy.moml.MoMLSimpleApplication@491e497c
----------------- Done invoking toplevel() on ptolemy.moml.MoMLSimpleApplication@491e497c
reloadAllAccessors: .PublisherSubscriber4

===========================================================================================
----------------- testing Mon Nov 25 06:27:05 UTC 2019 /home/travis/build/icyphy/ptII/ptolemy/actor/lib/test/auto/PublisherSubscriber5.xml
----------------- Instantiating /home/travis/build/icyphy/ptII/ptolemy/actor/lib/test/auto/PublisherSubscriber5.xml
2 ms. Memory: 430080K Free: 360049K (84%)
----------------- Invoking toplevel() on ptolemy.moml.MoMLSimpleApplication@1a5cd97
----------------- Done invoking toplevel() on ptolemy.moml.MoMLSimpleApplication@1a5cd97
reloadAllAccessors: .PublisherSubscriber5

===========================================================================================
----------------- testing Mon Nov 25 06:27:05 UTC 2019 /home/travis/build/icyphy/ptII/ptolemy/actor/lib/test/auto/PublisherSubscriber6.xml
----------------- Instantiating /home/travis/build/icyphy/ptII/ptolemy/actor/lib/test/auto/PublisherSubscriber6.xml
4 ms. Memory: 430080K Free: 352881K (82%)
----------------- Invoking toplevel() on ptolemy.moml.MoMLSimpleApplication@7162a137
----------------- Done invoking toplevel() on ptolemy.moml.MoMLSimpleApplication@7162a137
reloadAllAccessors: .PublisherSubscriber6

===========================================================================================
----------------- testing Mon Nov 25 06:27:05 UTC 2019 /home/travis/build/icyphy/ptII/ptolemy/actor/lib/test/auto/PublisherSubscriber7.xml
----------------- Instantiating /home/travis/build/icyphy/ptII/ptolemy/actor/lib/test/auto/PublisherSubscriber7.xml
7 ms. Memory: 430080K Free: 346223K (81%)
----------------- Invoking toplevel() on ptolemy.moml.MoMLSimpleApplication@225155b9
----------------- Done invoking toplevel() on ptolemy.moml.MoMLSimpleApplication@225155b9
reloadAllAccessors: .PublisherSubscriber7

===========================================================================================
----------------- testing Mon Nov 25 06:27:05 UTC 2019 /home/travis/build/icyphy/ptII/ptolemy/actor/lib/test/auto/PublisherSubscriber8.xml
----------------- Instantiating /home/travis/build/icyphy/ptII/ptolemy/actor/lib/test/auto/PublisherSubscriber8.xml
21 ms. Memory: 430080K Free: 334449K (78%)
----------------- Invoking toplevel() on ptolemy.moml.MoMLSimpleApplication@73c59b06
----------------- Done invoking toplevel() on ptolemy.moml.MoMLSimpleApplication@73c59b06
reloadAllAccessors: .PublisherSubscriber8

===========================================================================================
----------------- testing Mon Nov 25 06:27:05 UTC 2019 /home/travis/build/icyphy/ptII/ptolemy/actor/lib/test/auto/PublisherSubscriber9.xml
----------------- Instantiating /home/travis/build/icyphy/ptII/ptolemy/actor/lib/test/auto/PublisherSubscriber9.xml
3 ms. Memory: 430080K Free: 327281K (76%)
----------------- Invoking toplevel() on ptolemy.moml.MoMLSimpleApplication@79306eaf
----------------- Done invoking toplevel() on ptolemy.moml.MoMLSimpleApplication@79306eaf
reloadAllAccessors: .PublisherSubscriber9

===========================================================================================
----------------- testing Mon Nov 25 06:27:05 UTC 2019 /home/travis/build/icyphy/ptII/ptolemy/actor/lib/test/auto/PublisherSubscriberAdjacent.xml
----------------- Instantiating /home/travis/build/icyphy/ptII/ptolemy/actor/lib/test/auto/PublisherSubscriberAdjacent.xml
2 ms. Memory: 430080K Free: 319089K (74%)
----------------- Invoking toplevel() on ptolemy.moml.MoMLSimpleApplication@a114a7e
----------------- Done invoking toplevel() on ptolemy.moml.MoMLSimpleApplication@a114a7e
reloadAllAccessors: .PublisherSubscriberAdjacent

===========================================================================================
----------------- testing Mon Nov 25 06:27:05 UTC 2019 /home/travis/build/icyphy/ptII/ptolemy/actor/lib/test/auto/PublisherSubscriberChannelVariablesAOC2.xml
----------------- Instantiating /home/travis/build/icyphy/ptII/ptolemy/actor/lib/test/auto/PublisherSubscriberChannelVariablesAOC2.xml
3 ms. Memory: 430080K Free: 304225K (71%)
----------------- Invoking toplevel() on ptolemy.moml.MoMLSimpleApplication@16d68567
----------------- Done invoking toplevel() on ptolemy.moml.MoMLSimpleApplication@16d68567
reloadAllAccessors: .PublisherSubscriberChannelVariablesAOC2

===========================================================================================
----------------- testing Mon Nov 25 06:27:05 UTC 2019 /home/travis/build/icyphy/ptII/ptolemy/actor/lib/test/auto/PublisherSubscriberD3.xml
----------------- Instantiating /home/travis/build/icyphy/ptII/ptolemy/actor/lib/test/auto/PublisherSubscriberD3.xml
1 ms. Memory: 430080K Free: 296561K (69%)
----------------- Invoking toplevel() on ptolemy.moml.MoMLSimpleApplication@387fe6ab
----------------- Done invoking toplevel() on ptolemy.moml.MoMLSimpleApplication@387fe6ab
reloadAllAccessors: .PublisherSubscriberD3

===========================================================================================
----------------- testing Mon Nov 25 06:27:05 UTC 2019 /home/travis/build/icyphy/ptII/ptolemy/actor/lib/test/auto/PublisherSubscriberD3Reverse.xml
----------------- Instantiating /home/travis/build/icyphy/ptII/ptolemy/actor/lib/test/auto/PublisherSubscriberD3Reverse.xml
2 ms. Memory: 430080K Free: 290417K (68%)
----------------- Invoking toplevel() on ptolemy.moml.MoMLSimpleApplication@2844d910
----------------- Done invoking toplevel() on ptolemy.moml.MoMLSimpleApplication@2844d910
reloadAllAccessors: .PublisherSubscriberD3Reverse

===========================================================================================
----------------- testing Mon Nov 25 06:27:05 UTC 2019 /home/travis/build/icyphy/ptII/ptolemy/actor/lib/test/auto/PublisherSubscriberExpression.xml
----------------- Instantiating /home/travis/build/icyphy/ptII/ptolemy/actor/lib/test/auto/PublisherSubscriberExpression.xml
3 ms. Memory: 430080K Free: 281681K (65%)
----------------- Invoking toplevel() on ptolemy.moml.MoMLSimpleApplication@3cbd7bc3
----------------- Done invoking toplevel() on ptolemy.moml.MoMLSimpleApplication@3cbd7bc3
reloadAllAccessors: .PublisherSubscriberExpression

===========================================================================================
----------------- testing Mon Nov 25 06:27:05 UTC 2019 /home/travis/build/icyphy/ptII/ptolemy/actor/lib/test/auto/PublisherSubscriberOpaque.xml
----------------- Instantiating /home/travis/build/icyphy/ptII/ptolemy/actor/lib/test/auto/PublisherSubscriberOpaque.xml
4 ms. Memory: 430080K Free: 273519K (64%)
----------------- Invoking toplevel() on ptolemy.moml.MoMLSimpleApplication@4b892464
----------------- Done invoking toplevel() on ptolemy.moml.MoMLSimpleApplication@4b892464
reloadAllAccessors: .PublisherSubscriberOpaque

===========================================================================================
----------------- testing Mon Nov 25 06:27:05 UTC 2019 /home/travis/build/icyphy/ptII/ptolemy/actor/lib/test/auto/PublisherSubscriberOpaqueD3.xml
----------------- Instantiating /home/travis/build/icyphy/ptII/ptolemy/actor/lib/test/auto/PublisherSubscriberOpaqueD3.xml
6 ms. Memory: 430080K Free: 261745K (61%)
----------------- Invoking toplevel() on ptolemy.moml.MoMLSimpleApplication@90f8f0c
----------------- Done invoking toplevel() on ptolemy.moml.MoMLSimpleApplication@90f8f0c
reloadAllAccessors: .PublisherSubscriberOpaqueD3

===========================================================================================
----------------- testing Mon Nov 25 06:27:05 UTC 2019 /home/travis/build/icyphy/ptII/ptolemy/actor/lib/test/auto/PublisherSubscriberOpaqueD3Reverse.xml
----------------- Instantiating /home/travis/build/icyphy/ptII/ptolemy/actor/lib/test/auto/PublisherSubscriberOpaqueD3Reverse.xml
9 ms. Memory: 430080K Free: 250991K (58%)
----------------- Invoking toplevel() on ptolemy.moml.MoMLSimpleApplication@5052bd27
----------------- Done invoking toplevel() on ptolemy.moml.MoMLSimpleApplication@5052bd27
reloadAllAccessors: .PublisherSubscriberOpaqueD3Reverse

===========================================================================================
----------------- testing Mon Nov 25 06:27:05 UTC 2019 /home/travis/build/icyphy/ptII/ptolemy/actor/lib/test/auto/PublisherSubscriberOpaqueWidthInference.xml
----------------- Instantiating /home/travis/build/icyphy/ptII/ptolemy/actor/lib/test/auto/PublisherSubscriberOpaqueWidthInference.xml
4 ms. Memory: 430080K Free: 242785K (56%)
----------------- Invoking toplevel() on ptolemy.moml.MoMLSimpleApplication@18fcbcc
----------------- Done invoking toplevel() on ptolemy.moml.MoMLSimpleApplication@18fcbcc
reloadAllAccessors: .PublisherSubscriberOpaqueWidthInference

===========================================================================================
----------------- testing Mon Nov 25 06:27:05 UTC 2019 /home/travis/build/icyphy/ptII/ptolemy/actor/lib/test/auto/PublisherTestSubscriber.xml
----------------- Instantiating /home/travis/build/icyphy/ptII/ptolemy/actor/lib/test/auto/PublisherTestSubscriber.xml
3 ms. Memory: 430080K Free: 235121K (55%)
----------------- Invoking toplevel() on ptolemy.moml.MoMLSimpleApplication@222c5511
----------------- Done invoking toplevel() on ptolemy.moml.MoMLSimpleApplication@222c5511
reloadAllAccessors: .PublisherTestSubscriber

===========================================================================================
----------------- testing Mon Nov 25 06:27:05 UTC 2019 /home/travis/build/icyphy/ptII/ptolemy/actor/lib/test/auto/PublisherToplevelSubscriberPortAOC.xml
----------------- Instantiating /home/travis/build/icyphy/ptII/ptolemy/actor/lib/test/auto/PublisherToplevelSubscriberPortAOC.xml
6 ms. Memory: 430080K Free: 228457K (53%)
----------------- Invoking toplevel() on ptolemy.moml.MoMLSimpleApplication@484fd0ef
----------------- Done invoking toplevel() on ptolemy.moml.MoMLSimpleApplication@484fd0ef
reloadAllAccessors: .PublisherToplevelSubscriberPortAOC

===========================================================================================
----------------- testing Mon Nov 25 06:27:05 UTC 2019 /home/travis/build/icyphy/ptII/ptolemy/actor/lib/test/auto/PulseFiringLimitDE.xml
----------------- Instantiating /home/travis/build/icyphy/ptII/ptolemy/actor/lib/test/auto/PulseFiringLimitDE.xml
3 ms. Memory: 430080K Free: 221295K (51%)
----------------- Invoking toplevel() on ptolemy.moml.MoMLSimpleApplication@650c5721
----------------- Done invoking toplevel() on ptolemy.moml.MoMLSimpleApplication@650c5721
reloadAllAccessors: .PulseFiringLimitDE

===========================================================================================
----------------- testing Mon Nov 25 06:27:05 UTC 2019 /home/travis/build/icyphy/ptII/ptolemy/actor/lib/test/auto/Ramp1.xml
----------------- Instantiating /home/travis/build/icyphy/ptII/ptolemy/actor/lib/test/auto/Ramp1.xml
2 ms. Memory: 430080K Free: 217193K (51%)
----------------- Invoking toplevel() on ptolemy.moml.MoMLSimpleApplication@7f12356d
----------------- Done invoking toplevel() on ptolemy.moml.MoMLSimpleApplication@7f12356d
reloadAllAccessors: .Ramp1

===========================================================================================
----------------- testing Mon Nov 25 06:27:05 UTC 2019 /home/travis/build/icyphy/ptII/ptolemy/actor/lib/test/auto/RampFiringLimitDE.xml
----------------- Instantiating /home/travis/build/icyphy/ptII/ptolemy/actor/lib/test/auto/RampFiringLimitDE.xml
3 ms. Memory: 430080K Free: 211041K (49%)
----------------- Invoking toplevel() on ptolemy.moml.MoMLSimpleApplication@210319e8
----------------- Done invoking toplevel() on ptolemy.moml.MoMLSimpleApplication@210319e8
reloadAllAccessors: .RampFiringLimitDE

===========================================================================================
----------------- testing Mon Nov 25 06:27:05 UTC 2019 /home/travis/build/icyphy/ptII/ptolemy/actor/lib/test/auto/RampFiringLimitSDF.xml
----------------- Instantiating /home/travis/build/icyphy/ptII/ptolemy/actor/lib/test/auto/RampFiringLimitSDF.xml
2 ms. Memory: 430080K Free: 205921K (48%)
----------------- Invoking toplevel() on ptolemy.moml.MoMLSimpleApplication@3520f22d
----------------- Done invoking toplevel() on ptolemy.moml.MoMLSimpleApplication@3520f22d
reloadAllAccessors: .RampFiringLimitSDF

===========================================================================================
----------------- testing Mon Nov 25 06:27:05 UTC 2019 /home/travis/build/icyphy/ptII/ptolemy/actor/lib/test/auto/RandomInteger.xml
----------------- Instantiating /home/travis/build/icyphy/ptII/ptolemy/actor/lib/test/auto/RandomInteger.xml
2 ms. Memory: 430080K Free: 201329K (47%)
----------------- Invoking toplevel() on ptolemy.moml.MoMLSimpleApplication@613d1b04
----------------- Done invoking toplevel() on ptolemy.moml.MoMLSimpleApplication@613d1b04
reloadAllAccessors: .RandomInteger

===========================================================================================
----------------- testing Mon Nov 25 06:27:05 UTC 2019 /home/travis/build/icyphy/ptII/ptolemy/actor/lib/test/auto/ReadFile1.xml
----------------- Instantiating /home/travis/build/icyphy/ptII/ptolemy/actor/lib/test/auto/ReadFile1.xml
2 ms. Memory: 430080K Free: 196719K (46%)
----------------- Invoking toplevel() on ptolemy.moml.MoMLSimpleApplication@44b2b8d8
----------------- Done invoking toplevel() on ptolemy.moml.MoMLSimpleApplication@44b2b8d8
reloadAllAccessors: .ReadFile1

===========================================================================================
----------------- testing Mon Nov 25 06:27:05 UTC 2019 /home/travis/build/icyphy/ptII/ptolemy/actor/lib/test/auto/ReadFile2.xml
----------------- Instantiating /home/travis/build/icyphy/ptII/ptolemy/actor/lib/test/auto/ReadFile2.xml
2 ms. Memory: 430080K Free: 192623K (45%)
----------------- Invoking toplevel() on ptolemy.moml.MoMLSimpleApplication@1edde46b
----------------- Done invoking toplevel() on ptolemy.moml.MoMLSimpleApplication@1edde46b
reloadAllAccessors: .ReadFile2

===========================================================================================
----------------- testing Mon Nov 25 06:27:05 UTC 2019 /home/travis/build/icyphy/ptII/ptolemy/actor/lib/test/auto/Reader.xml
----------------- Instantiating /home/travis/build/icyphy/ptII/ptolemy/actor/lib/test/auto/Reader.xml
actor.lib.Reader is obsolete, use actor.lib.io.ExpressionReader instead
5 ms. Memory: 430080K Free: 188527K (44%)
----------------- Invoking toplevel() on ptolemy.moml.MoMLSimpleApplication@1c6688fe
----------------- Done invoking toplevel() on ptolemy.moml.MoMLSimpleApplication@1c6688fe
reloadAllAccessors: .Reader

===========================================================================================
----------------- testing Mon Nov 25 06:27:06 UTC 2019 /home/travis/build/icyphy/ptII/ptolemy/actor/lib/test/auto/RecordAssemblerDisplayNameTest.xml
----------------- Instantiating /home/travis/build/icyphy/ptII/ptolemy/actor/lib/test/auto/RecordAssemblerDisplayNameTest.xml
3795 ms. Memory: 430080K Free: 233854K (54%)
----------------- Invoking toplevel() on ptolemy.moml.MoMLSimpleApplication@4135b7cc
----------------- Done invoking toplevel() on ptolemy.moml.MoMLSimpleApplication@4135b7cc
reloadAllAccessors: .RecordAssemblerDisplayNameTest

===========================================================================================
----------------- testing Mon Nov 25 06:27:09 UTC 2019 /home/travis/build/icyphy/ptII/ptolemy/actor/lib/test/auto/RecordAssemblerTypeError.xml
----------------- Instantiating /home/travis/build/icyphy/ptII/ptolemy/actor/lib/test/auto/RecordAssemblerTypeError.xml
19 ms. Memory: 430080K Free: 224124K (52%)
----------------- Invoking toplevel() on ptolemy.moml.MoMLSimpleApplication@6cb0894e
----------------- Done invoking toplevel() on ptolemy.moml.MoMLSimpleApplication@6cb0894e
reloadAllAccessors: .RecordAssemblerTypeError

===========================================================================================
----------------- testing Mon Nov 25 06:27:09 UTC 2019 /home/travis/build/icyphy/ptII/ptolemy/actor/lib/test/auto/RecordDisassember.xml
----------------- Instantiating /home/travis/build/icyphy/ptII/ptolemy/actor/lib/test/auto/RecordDisassember.xml
6 ms. Memory: 430080K Free: 218973K (51%)
----------------- Invoking toplevel() on ptolemy.moml.MoMLSimpleApplication@2d1c2cb0
----------------- Done invoking toplevel() on ptolemy.moml.MoMLSimpleApplication@2d1c2cb0
reloadAllAccessors: .RecordDisassember

===========================================================================================
----------------- testing Mon Nov 25 06:27:09 UTC 2019 /home/travis/build/icyphy/ptII/ptolemy/actor/lib/test/auto/RecordDisassemberDisplayNameTest.xml
----------------- Instantiating /home/travis/build/icyphy/ptII/ptolemy/actor/lib/test/auto/RecordDisassemberDisplayNameTest.xml
6 ms. Memory: 430080K Free: 210812K (49%)
----------------- Invoking toplevel() on ptolemy.moml.MoMLSimpleApplication@7f491029
----------------- Done invoking toplevel() on ptolemy.moml.MoMLSimpleApplication@7f491029
reloadAllAccessors: .RecordDisassemberDisplayNameTest

===========================================================================================
----------------- testing Mon Nov 25 06:27:09 UTC 2019 /home/travis/build/icyphy/ptII/ptolemy/actor/lib/test/auto/RecordDisassembler.xml
----------------- Instantiating /home/travis/build/icyphy/ptII/ptolemy/actor/lib/test/auto/RecordDisassembler.xml
3 ms. Memory: 430080K Free: 205661K (48%)
----------------- Invoking toplevel() on ptolemy.moml.MoMLSimpleApplication@320d64c4
----------------- Done invoking toplevel() on ptolemy.moml.MoMLSimpleApplication@320d64c4
reloadAllAccessors: .RecordDisassembler

===========================================================================================
----------------- testing Mon Nov 25 06:27:09 UTC 2019 /home/travis/build/icyphy/ptII/ptolemy/actor/lib/test/auto/RecordDisassembler2.xml
----------------- Instantiating /home/travis/build/icyphy/ptII/ptolemy/actor/lib/test/auto/RecordDisassembler2.xml
3 ms. Memory: 430080K Free: 200541K (47%)
----------------- Invoking toplevel() on ptolemy.moml.MoMLSimpleApplication@40982e7d
----------------- Done invoking toplevel() on ptolemy.moml.MoMLSimpleApplication@40982e7d
reloadAllAccessors: .RecordDisassembler2

===========================================================================================
----------------- testing Mon Nov 25 06:27:09 UTC 2019 /home/travis/build/icyphy/ptII/ptolemy/actor/lib/test/auto/RecordUpdater.xml
----------------- Instantiating /home/travis/build/icyphy/ptII/ptolemy/actor/lib/test/auto/RecordUpdater.xml
2 ms. Memory: 430080K Free: 194942K (45%)
----------------- Invoking toplevel() on ptolemy.moml.MoMLSimpleApplication@50c475e8
----------------- Done invoking toplevel() on ptolemy.moml.MoMLSimpleApplication@50c475e8
reloadAllAccessors: .RecordUpdater

===========================================================================================
----------------- testing Mon Nov 25 06:27:09 UTC 2019 /home/travis/build/icyphy/ptII/ptolemy/actor/lib/test/auto/RecordUpdater2.xml
----------------- Instantiating /home/travis/build/icyphy/ptII/ptolemy/actor/lib/test/auto/RecordUpdater2.xml
2 ms. Memory: 430080K Free: 190332K (44%)
----------------- Invoking toplevel() on ptolemy.moml.MoMLSimpleApplication@6fd0deb0
----------------- Done invoking toplevel() on ptolemy.moml.MoMLSimpleApplication@6fd0deb0
reloadAllAccessors: .RecordUpdater2

===========================================================================================
----------------- testing Mon Nov 25 06:27:09 UTC 2019 /home/travis/build/icyphy/ptII/ptolemy/actor/lib/test/auto/RecursiveLattice.xml
----------------- Instantiating /home/travis/build/icyphy/ptII/ptolemy/actor/lib/test/auto/RecursiveLattice.xml
1 ms. Memory: 430080K Free: 186236K (43%)
----------------- Invoking toplevel() on ptolemy.moml.MoMLSimpleApplication@77cd2654
----------------- Done invoking toplevel() on ptolemy.moml.MoMLSimpleApplication@77cd2654
reloadAllAccessors: .RecursiveLattice

===========================================================================================
----------------- testing Mon Nov 25 06:27:10 UTC 2019 /home/travis/build/icyphy/ptII/ptolemy/actor/lib/test/auto/Router.xml
----------------- Instantiating /home/travis/build/icyphy/ptII/ptolemy/actor/lib/test/auto/Router.xml
3005 ms. Memory: 430080K Free: 175996K (41%)
----------------- Invoking toplevel() on ptolemy.moml.MoMLSimpleApplication@57abe1fe
----------------- Done invoking toplevel() on ptolemy.moml.MoMLSimpleApplication@57abe1fe
reloadAllAccessors: .Router

===========================================================================================
----------------- testing Mon Nov 25 06:27:13 UTC 2019 /home/travis/build/icyphy/ptII/ptolemy/actor/lib/test/auto/Router2.xml
----------------- Instantiating /home/travis/build/icyphy/ptII/ptolemy/actor/lib/test/auto/Router2.xml
3004 ms. Memory: 430080K Free: 166270K (39%)
----------------- Invoking toplevel() on ptolemy.moml.MoMLSimpleApplication@79bae172
----------------- Done invoking toplevel() on ptolemy.moml.MoMLSimpleApplication@79bae172
reloadAllAccessors: .Router2

===========================================================================================
----------------- testing Mon Nov 25 06:27:16 UTC 2019 /home/travis/build/icyphy/ptII/ptolemy/actor/lib/test/auto/RunningMaximum.xml
----------------- Instantiating /home/travis/build/icyphy/ptII/ptolemy/actor/lib/test/auto/RunningMaximum.xml
2 ms. Memory: 430080K Free: 161660K (38%)
----------------- Invoking toplevel() on ptolemy.moml.MoMLSimpleApplication@440aa01e
----------------- Done invoking toplevel() on ptolemy.moml.MoMLSimpleApplication@440aa01e
reloadAllAccessors: .RunningMaximum

===========================================================================================
----------------- testing Mon Nov 25 06:27:16 UTC 2019 /home/travis/build/icyphy/ptII/ptolemy/actor/lib/test/auto/RunningMinimum.xml
----------------- Instantiating /home/travis/build/icyphy/ptII/ptolemy/actor/lib/test/auto/RunningMinimum.xml
9 ms. Memory: 430080K Free: 157054K (37%)
----------------- Invoking toplevel() on ptolemy.moml.MoMLSimpleApplication@20eddb8a
----------------- Done invoking toplevel() on ptolemy.moml.MoMLSimpleApplication@20eddb8a
reloadAllAccessors: .RunningMinimum

===========================================================================================
----------------- testing Mon Nov 25 06:27:16 UTC 2019 /home/travis/build/icyphy/ptII/ptolemy/actor/lib/test/auto/Scale.xml
----------------- Instantiating /home/travis/build/icyphy/ptII/ptolemy/actor/lib/test/auto/Scale.xml
1 ms. Memory: 430080K Free: 151934K (35%)
----------------- Invoking toplevel() on ptolemy.moml.MoMLSimpleApplication@1d2ba5fd
----------------- Done invoking toplevel() on ptolemy.moml.MoMLSimpleApplication@1d2ba5fd
reloadAllAccessors: .Scale

===========================================================================================
----------------- testing Mon Nov 25 06:27:16 UTC 2019 /home/travis/build/icyphy/ptII/ptolemy/actor/lib/test/auto/Scale2.xml
----------------- Instantiating /home/travis/build/icyphy/ptII/ptolemy/actor/lib/test/auto/Scale2.xml
2 ms. Memory: 430080K Free: 147324K (34%)
----------------- Invoking toplevel() on ptolemy.moml.MoMLSimpleApplication@59a5e35c
----------------- Done invoking toplevel() on ptolemy.moml.MoMLSimpleApplication@59a5e35c
reloadAllAccessors: .Scale2

===========================================================================================
----------------- testing Mon Nov 25 06:27:16 UTC 2019 /home/travis/build/icyphy/ptII/ptolemy/actor/lib/test/auto/Scale3.xml
----------------- Instantiating /home/travis/build/icyphy/ptII/ptolemy/actor/lib/test/auto/Scale3.xml
8 ms. Memory: 430080K Free: 141180K (33%)
----------------- Invoking toplevel() on ptolemy.moml.MoMLSimpleApplication@745e60a9
----------------- Done invoking toplevel() on ptolemy.moml.MoMLSimpleApplication@745e60a9
reloadAllAccessors: .Scale3

===========================================================================================
----------------- testing Mon Nov 25 06:27:16 UTC 2019 /home/travis/build/icyphy/ptII/ptolemy/actor/lib/test/auto/ScaleArray.xml
----------------- Instantiating /home/travis/build/icyphy/ptII/ptolemy/actor/lib/test/auto/ScaleArray.xml
2 ms. Memory: 430080K Free: 136574K (32%)
----------------- Invoking toplevel() on ptolemy.moml.MoMLSimpleApplication@6b3f666b
----------------- Done invoking toplevel() on ptolemy.moml.MoMLSimpleApplication@6b3f666b
reloadAllAccessors: .ScaleArray

===========================================================================================
----------------- testing Mon Nov 25 06:27:16 UTC 2019 /home/travis/build/icyphy/ptII/ptolemy/actor/lib/test/auto/ScaleArray2.xml
----------------- Instantiating /home/travis/build/icyphy/ptII/ptolemy/actor/lib/test/auto/ScaleArray2.xml
2 ms. Memory: 430080K Free: 131454K (31%)
----------------- Invoking toplevel() on ptolemy.moml.MoMLSimpleApplication@47c6fcd3
----------------- Done invoking toplevel() on ptolemy.moml.MoMLSimpleApplication@47c6fcd3
reloadAllAccessors: .ScaleArray2

===========================================================================================
----------------- testing Mon Nov 25 06:27:16 UTC 2019 /home/travis/build/icyphy/ptII/ptolemy/actor/lib/test/auto/ScaleMatrix.xml
----------------- Instantiating /home/travis/build/icyphy/ptII/ptolemy/actor/lib/test/auto/ScaleMatrix.xml
179 ms. Memory: 430080K Free: 371831K (86%)
----------------- Invoking toplevel() on ptolemy.moml.MoMLSimpleApplication@5a2a68c4
----------------- Done invoking toplevel() on ptolemy.moml.MoMLSimpleApplication@5a2a68c4
reloadAllAccessors: .ScaleMatrix

===========================================================================================
----------------- testing Mon Nov 25 06:27:16 UTC 2019 /home/travis/build/icyphy/ptII/ptolemy/actor/lib/test/auto/Select.xml
----------------- Instantiating /home/travis/build/icyphy/ptII/ptolemy/actor/lib/test/auto/Select.xml
2 ms. Memory: 430080K Free: 364926K (85%)
----------------- Invoking toplevel() on ptolemy.moml.MoMLSimpleApplication@13e99340
----------------- Done invoking toplevel() on ptolemy.moml.MoMLSimpleApplication@13e99340
reloadAllAccessors: .Select

===========================================================================================
----------------- testing Mon Nov 25 06:27:16 UTC 2019 /home/travis/build/icyphy/ptII/ptolemy/actor/lib/test/auto/Select2.xml
----------------- Instantiating /home/travis/build/icyphy/ptII/ptolemy/actor/lib/test/auto/Select2.xml
1 ms. Memory: 430080K Free: 360316K (84%)
----------------- Invoking toplevel() on ptolemy.moml.MoMLSimpleApplication@225e672c
----------------- Done invoking toplevel() on ptolemy.moml.MoMLSimpleApplication@225e672c
reloadAllAccessors: .Select2

===========================================================================================
----------------- testing Mon Nov 25 06:27:16 UTC 2019 /home/travis/build/icyphy/ptII/ptolemy/actor/lib/test/auto/SequenceToArray2.xml
----------------- Instantiating /home/travis/build/icyphy/ptII/ptolemy/actor/lib/test/auto/SequenceToArray2.xml
117 ms. Memory: 430080K Free: 336254K (78%)
----------------- Invoking toplevel() on ptolemy.moml.MoMLSimpleApplication@3374f117
----------------- Done invoking toplevel() on ptolemy.moml.MoMLSimpleApplication@3374f117
reloadAllAccessors: .SequenceToArray2

===========================================================================================
----------------- testing Mon Nov 25 06:27:16 UTC 2019 /home/travis/build/icyphy/ptII/ptolemy/actor/lib/test/auto/SequentialClock.xml
----------------- Instantiating /home/travis/build/icyphy/ptII/ptolemy/actor/lib/test/auto/SequentialClock.xml
2 ms. Memory: 430080K Free: 332158K (77%)
----------------- Invoking toplevel() on ptolemy.moml.MoMLSimpleApplication@3a23310d
----------------- Done invoking toplevel() on ptolemy.moml.MoMLSimpleApplication@3a23310d
reloadAllAccessors: .SequentialClock

===========================================================================================
----------------- testing Mon Nov 25 06:27:16 UTC 2019 /home/travis/build/icyphy/ptII/ptolemy/actor/lib/test/auto/SetVariable.xml
----------------- Instantiating /home/travis/build/icyphy/ptII/ptolemy/actor/lib/test/auto/SetVariable.xml
4 ms. Memory: 430080K Free: 327548K (76%)
----------------- Invoking toplevel() on ptolemy.moml.MoMLSimpleApplication@38945ca4
----------------- Done invoking toplevel() on ptolemy.moml.MoMLSimpleApplication@38945ca4
reloadAllAccessors: .SetVariable

===========================================================================================
----------------- testing Mon Nov 25 06:27:16 UTC 2019 /home/travis/build/icyphy/ptII/ptolemy/actor/lib/test/auto/SetVariable2.xml
----------------- Instantiating /home/travis/build/icyphy/ptII/ptolemy/actor/lib/test/auto/SetVariable2.xml
3 ms. Memory: 430080K Free: 322428K (75%)
----------------- Invoking toplevel() on ptolemy.moml.MoMLSimpleApplication@554e047b
----------------- Done invoking toplevel() on ptolemy.moml.MoMLSimpleApplication@554e047b
reloadAllAccessors: .SetVariable2

===========================================================================================
----------------- testing Mon Nov 25 06:27:16 UTC 2019 /home/travis/build/icyphy/ptII/ptolemy/actor/lib/test/auto/SetVariable3.xml
----------------- Instantiating /home/travis/build/icyphy/ptII/ptolemy/actor/lib/test/auto/SetVariable3.xml
13 ms. Memory: 430080K Free: 316798K (74%)
----------------- Invoking toplevel() on ptolemy.moml.MoMLSimpleApplication@3ad49ae7
----------------- Done invoking toplevel() on ptolemy.moml.MoMLSimpleApplication@3ad49ae7
reloadAllAccessors: .SetVariable3

===========================================================================================
----------------- testing Mon Nov 25 06:27:16 UTC 2019 /home/travis/build/icyphy/ptII/ptolemy/actor/lib/test/auto/SetVariable4.xml
----------------- Instantiating /home/travis/build/icyphy/ptII/ptolemy/actor/lib/test/auto/SetVariable4.xml
12 ms. Memory: 430080K Free: 307580K (72%)
----------------- Invoking toplevel() on ptolemy.moml.MoMLSimpleApplication@3b318aec
----------------- Done invoking toplevel() on ptolemy.moml.MoMLSimpleApplication@3b318aec
reloadAllAccessors: .SetVariable4

===========================================================================================
----------------- testing Mon Nov 25 06:27:16 UTC 2019 /home/travis/build/icyphy/ptII/ptolemy/actor/lib/test/auto/SetVariable5.xml
----------------- Instantiating /home/travis/build/icyphy/ptII/ptolemy/actor/lib/test/auto/SetVariable5.xml
9 ms. Memory: 430080K Free: 298366K (69%)
----------------- Invoking toplevel() on ptolemy.moml.MoMLSimpleApplication@545b5af
----------------- Done invoking toplevel() on ptolemy.moml.MoMLSimpleApplication@545b5af
reloadAllAccessors: .SetVariable5

===========================================================================================
----------------- testing Mon Nov 25 06:27:16 UTC 2019 /home/travis/build/icyphy/ptII/ptolemy/actor/lib/test/auto/Sinewave.xml
----------------- Instantiating /home/travis/build/icyphy/ptII/ptolemy/actor/lib/test/auto/Sinewave.xml
4 ms. Memory: 430080K Free: 287612K (67%)
----------------- Invoking toplevel() on ptolemy.moml.MoMLSimpleApplication@321a4834
----------------- Done invoking toplevel() on ptolemy.moml.MoMLSimpleApplication@321a4834
reloadAllAccessors: .Sinewave

===========================================================================================
----------------- testing Mon Nov 25 06:27:16 UTC 2019 /home/travis/build/icyphy/ptII/ptolemy/actor/lib/test/auto/Sinewave2.xml
----------------- Instantiating /home/travis/build/icyphy/ptII/ptolemy/actor/lib/test/auto/Sinewave2.xml
6 ms. Memory: 430080K Free: 279420K (65%)
----------------- Invoking toplevel() on ptolemy.moml.MoMLSimpleApplication@1f87f357
----------------- Done invoking toplevel() on ptolemy.moml.MoMLSimpleApplication@1f87f357
reloadAllAccessors: .Sinewave2

===========================================================================================
----------------- testing Mon Nov 25 06:27:16 UTC 2019 /home/travis/build/icyphy/ptII/ptolemy/actor/lib/test/auto/Sinewave3.xml
----------------- Instantiating /home/travis/build/icyphy/ptII/ptolemy/actor/lib/test/auto/Sinewave3.xml
8 ms. Memory: 430080K Free: 271197K (63%)
----------------- Invoking toplevel() on ptolemy.moml.MoMLSimpleApplication@617fb968
----------------- Done invoking toplevel() on ptolemy.moml.MoMLSimpleApplication@617fb968
reloadAllAccessors: .Sinewave3

===========================================================================================
----------------- testing Mon Nov 25 06:27:16 UTC 2019 /home/travis/build/icyphy/ptII/ptolemy/actor/lib/test/auto/SingleEvent.xml
----------------- Instantiating /home/travis/build/icyphy/ptII/ptolemy/actor/lib/test/auto/SingleEvent.xml
1 ms. Memory: 430080K Free: 266622K (62%)
----------------- Invoking toplevel() on ptolemy.moml.MoMLSimpleApplication@43daa76b
----------------- Done invoking toplevel() on ptolemy.moml.MoMLSimpleApplication@43daa76b
reloadAllAccessors: .SingleEvent

===========================================================================================
----------------- testing Mon Nov 25 06:27:16 UTC 2019 /home/travis/build/icyphy/ptII/ptolemy/actor/lib/test/auto/Sleep.xml
----------------- Instantiating /home/travis/build/icyphy/ptII/ptolemy/actor/lib/test/auto/Sleep.xml
6004 ms. Memory: 430080K Free: 260957K (61%)
----------------- Invoking toplevel() on ptolemy.moml.MoMLSimpleApplication@1cba0879
----------------- Done invoking toplevel() on ptolemy.moml.MoMLSimpleApplication@1cba0879
reloadAllAccessors: .Sleep

===========================================================================================
----------------- testing Mon Nov 25 06:27:22 UTC 2019 /home/travis/build/icyphy/ptII/ptolemy/actor/lib/test/auto/SleepMultipleFire.xml
----------------- Instantiating /home/travis/build/icyphy/ptII/ptolemy/actor/lib/test/auto/SleepMultipleFire.xml
1009 ms. Memory: 430080K Free: 255358K (59%)
----------------- Invoking toplevel() on ptolemy.moml.MoMLSimpleApplication@75c249f5
----------------- Done invoking toplevel() on ptolemy.moml.MoMLSimpleApplication@75c249f5
reloadAllAccessors: .SleepMultipleFire

===========================================================================================
----------------- testing Mon Nov 25 06:27:23 UTC 2019 /home/travis/build/icyphy/ptII/ptolemy/actor/lib/test/auto/StopDE.xml
----------------- Instantiating /home/travis/build/icyphy/ptII/ptolemy/actor/lib/test/auto/StopDE.xml
4 ms. Memory: 430080K Free: 249214K (58%)
----------------- Invoking toplevel() on ptolemy.moml.MoMLSimpleApplication@7f267026
----------------- Done invoking toplevel() on ptolemy.moml.MoMLSimpleApplication@7f267026
reloadAllAccessors: .StopDE

===========================================================================================
----------------- testing Mon Nov 25 06:27:23 UTC 2019 /home/travis/build/icyphy/ptII/ptolemy/actor/lib/test/auto/StopSDF.xml
----------------- Instantiating /home/travis/build/icyphy/ptII/ptolemy/actor/lib/test/auto/StopSDF.xml
3 ms. Memory: 430080K Free: 244094K (57%)
----------------- Invoking toplevel() on ptolemy.moml.MoMLSimpleApplication@28ab2a17
----------------- Done invoking toplevel() on ptolemy.moml.MoMLSimpleApplication@28ab2a17
reloadAllAccessors: .StopSDF

===========================================================================================
----------------- testing Mon Nov 25 06:27:23 UTC 2019 /home/travis/build/icyphy/ptII/ptolemy/actor/lib/test/auto/StringConstant.xml
----------------- Instantiating /home/travis/build/icyphy/ptII/ptolemy/actor/lib/test/auto/StringConstant.xml
10 ms. Memory: 430080K Free: 239998K (56%)
----------------- Invoking toplevel() on ptolemy.moml.MoMLSimpleApplication@645c0192
----------------- Done invoking toplevel() on ptolemy.moml.MoMLSimpleApplication@645c0192
reloadAllAccessors: .StringConstant

===========================================================================================
----------------- testing Mon Nov 25 06:27:23 UTC 2019 /home/travis/build/icyphy/ptII/ptolemy/actor/lib/test/auto/SubscriberPortInitialValues1.xml
----------------- Instantiating /home/travis/build/icyphy/ptII/ptolemy/actor/lib/test/auto/SubscriberPortInitialValues1.xml
9 ms. Memory: 430080K Free: 230782K (54%)
----------------- Invoking toplevel() on ptolemy.moml.MoMLSimpleApplication@274bc01c
----------------- Done invoking toplevel() on ptolemy.moml.MoMLSimpleApplication@274bc01c
reloadAllAccessors: .SubscriberPortInitialValues1

===========================================================================================
----------------- testing Mon Nov 25 06:27:23 UTC 2019 /home/travis/build/icyphy/ptII/ptolemy/actor/lib/test/auto/SubscriberPortInitialValues13.xml
----------------- Instantiating /home/travis/build/icyphy/ptII/ptolemy/actor/lib/test/auto/SubscriberPortInitialValues13.xml
7 ms. Memory: 430080K Free: 217470K (51%)
----------------- Invoking toplevel() on ptolemy.moml.MoMLSimpleApplication@4979603e
----------------- Done invoking toplevel() on ptolemy.moml.MoMLSimpleApplication@4979603e
reloadAllAccessors: .SubscriberPortInitialValues13

===========================================================================================
----------------- testing Mon Nov 25 06:27:24 UTC 2019 /home/travis/build/icyphy/ptII/ptolemy/actor/lib/test/auto/SubscriberPortInitialValues14.xml
----------------- Instantiating /home/travis/build/icyphy/ptII/ptolemy/actor/lib/test/auto/SubscriberPortInitialValues14.xml
6 ms. Memory: 430080K Free: 209788K (49%)
----------------- Invoking toplevel() on ptolemy.moml.MoMLSimpleApplication@589fbeed
----------------- Done invoking toplevel() on ptolemy.moml.MoMLSimpleApplication@589fbeed
reloadAllAccessors: .SubscriberPortInitialValues14

===========================================================================================
----------------- testing Mon Nov 25 06:27:24 UTC 2019 /home/travis/build/icyphy/ptII/ptolemy/actor/lib/test/auto/SubscriberPortInitialValues2.xml
----------------- Instantiating /home/travis/build/icyphy/ptII/ptolemy/actor/lib/test/auto/SubscriberPortInitialValues2.xml
4 ms. Memory: 430080K Free: 201596K (47%)
----------------- Invoking toplevel() on ptolemy.moml.MoMLSimpleApplication@1da8e608
----------------- Done invoking toplevel() on ptolemy.moml.MoMLSimpleApplication@1da8e608
reloadAllAccessors: .SubscriberPortInitialValues2

===========================================================================================
----------------- testing Mon Nov 25 06:27:24 UTC 2019 /home/travis/build/icyphy/ptII/ptolemy/actor/lib/test/auto/SubscriberPortInitialValues3.xml
----------------- Instantiating /home/travis/build/icyphy/ptII/ptolemy/actor/lib/test/auto/SubscriberPortInitialValues3.xml
4 ms. Memory: 430080K Free: 190846K (44%)
----------------- Invoking toplevel() on ptolemy.moml.MoMLSimpleApplication@62167824
----------------- Done invoking toplevel() on ptolemy.moml.MoMLSimpleApplication@62167824
reloadAllAccessors: .SubscriberPortInitialValues3

===========================================================================================
----------------- testing Mon Nov 25 06:27:24 UTC 2019 /home/travis/build/icyphy/ptII/ptolemy/actor/lib/test/auto/SubscriptionAggregator.xml
----------------- Instantiating /home/travis/build/icyphy/ptII/ptolemy/actor/lib/test/auto/SubscriptionAggregator.xml
2 ms. Memory: 430080K Free: 184173K (43%)
----------------- Invoking toplevel() on ptolemy.moml.MoMLSimpleApplication@6fe26f6a
----------------- Done invoking toplevel() on ptolemy.moml.MoMLSimpleApplication@6fe26f6a
reloadAllAccessors: .SubscriptionAggregator

===========================================================================================
----------------- testing Mon Nov 25 06:27:24 UTC 2019 /home/travis/build/icyphy/ptII/ptolemy/actor/lib/test/auto/SubscriptionAggregator2.xml
----------------- Instantiating /home/travis/build/icyphy/ptII/ptolemy/actor/lib/test/auto/SubscriptionAggregator2.xml
3 ms. Memory: 430080K Free: 177013K (41%)
----------------- Invoking toplevel() on ptolemy.moml.MoMLSimpleApplication@38bdded1
----------------- Done invoking toplevel() on ptolemy.moml.MoMLSimpleApplication@38bdded1
reloadAllAccessors: .SubscriptionAggregator2

===========================================================================================
----------------- testing Mon Nov 25 06:27:24 UTC 2019 /home/travis/build/icyphy/ptII/ptolemy/actor/lib/test/auto/SubscriptionAggregator3.xml
----------------- Instantiating /home/travis/build/icyphy/ptII/ptolemy/actor/lib/test/auto/SubscriptionAggregator3.xml
4 ms. Memory: 430080K Free: 168821K (39%)
----------------- Invoking toplevel() on ptolemy.moml.MoMLSimpleApplication@591746c8
----------------- Done invoking toplevel() on ptolemy.moml.MoMLSimpleApplication@591746c8
reloadAllAccessors: .SubscriptionAggregator3

===========================================================================================
----------------- testing Mon Nov 25 06:27:24 UTC 2019 /home/travis/build/icyphy/ptII/ptolemy/actor/lib/test/auto/SubscriptionAggregatorMultiply.xml
----------------- Instantiating /home/travis/build/icyphy/ptII/ptolemy/actor/lib/test/auto/SubscriptionAggregatorMultiply.xml
4 ms. Memory: 430080K Free: 160126K (37%)
----------------- Invoking toplevel() on ptolemy.moml.MoMLSimpleApplication@1aaa8cd3
----------------- Done invoking toplevel() on ptolemy.moml.MoMLSimpleApplication@1aaa8cd3
reloadAllAccessors: .SubscriptionAggregatorMultiply

===========================================================================================
----------------- testing Mon Nov 25 06:27:24 UTC 2019 /home/travis/build/icyphy/ptII/ptolemy/actor/lib/test/auto/SubscriptionAggregatorPortMultiply1.xml
----------------- Instantiating /home/travis/build/icyphy/ptII/ptolemy/actor/lib/test/auto/SubscriptionAggregatorPortMultiply1.xml
4 ms. Memory: 430080K Free: 152444K (35%)
----------------- Invoking toplevel() on ptolemy.moml.MoMLSimpleApplication@5ba7d27d
----------------- Done invoking toplevel() on ptolemy.moml.MoMLSimpleApplication@5ba7d27d
reloadAllAccessors: .SubscriptionAggregatorPortMultiply1

===========================================================================================
----------------- testing Mon Nov 25 06:27:24 UTC 2019 /home/travis/build/icyphy/ptII/ptolemy/actor/lib/test/auto/Switch.xml
----------------- Instantiating /home/travis/build/icyphy/ptII/ptolemy/actor/lib/test/auto/Switch.xml
9 ms. Memory: 430080K Free: 144252K (34%)
----------------- Invoking toplevel() on ptolemy.moml.MoMLSimpleApplication@4a691838
----------------- Done invoking toplevel() on ptolemy.moml.MoMLSimpleApplication@4a691838
reloadAllAccessors: .Switch

===========================================================================================
----------------- testing Mon Nov 25 06:27:24 UTC 2019 /home/travis/build/icyphy/ptII/ptolemy/actor/lib/test/auto/Switch2.xml
----------------- Instantiating /home/travis/build/icyphy/ptII/ptolemy/actor/lib/test/auto/Switch2.xml
1 ms. Memory: 430080K Free: 139132K (32%)
----------------- Invoking toplevel() on ptolemy.moml.MoMLSimpleApplication@53a7643a
----------------- Done invoking toplevel() on ptolemy.moml.MoMLSimpleApplication@53a7643a
reloadAllAccessors: .Switch2

===========================================================================================
----------------- testing Mon Nov 25 06:27:24 UTC 2019 /home/travis/build/icyphy/ptII/ptolemy/actor/lib/test/auto/SwitchDE.xml
----------------- Instantiating /home/travis/build/icyphy/ptII/ptolemy/actor/lib/test/auto/SwitchDE.xml
4 ms. Memory: 430080K Free: 132973K (31%)
----------------- Invoking toplevel() on ptolemy.moml.MoMLSimpleApplication@748af5e9
----------------- Done invoking toplevel() on ptolemy.moml.MoMLSimpleApplication@748af5e9
reloadAllAccessors: .SwitchDE

===========================================================================================
----------------- testing Mon Nov 25 06:27:24 UTC 2019 /home/travis/build/icyphy/ptII/ptolemy/actor/lib/test/auto/SynchronizerDE.xml
----------------- Instantiating /home/travis/build/icyphy/ptII/ptolemy/actor/lib/test/auto/SynchronizerDE.xml
3 ms. Memory: 430080K Free: 378668K (88%)
----------------- Invoking toplevel() on ptolemy.moml.MoMLSimpleApplication@78c8fbae
----------------- Done invoking toplevel() on ptolemy.moml.MoMLSimpleApplication@78c8fbae
reloadAllAccessors: .SynchronizerDE

===========================================================================================
----------------- testing Mon Nov 25 06:27:24 UTC 2019 /home/travis/build/icyphy/ptII/ptolemy/actor/lib/test/auto/Test.xml
----------------- Instantiating /home/travis/build/icyphy/ptII/ptolemy/actor/lib/test/auto/Test.xml
1 ms. Memory: 430080K Free: 373004K (87%)
----------------- Invoking toplevel() on ptolemy.moml.MoMLSimpleApplication@5953d2a9
----------------- Done invoking toplevel() on ptolemy.moml.MoMLSimpleApplication@5953d2a9
reloadAllAccessors: .Test

===========================================================================================
----------------- testing Mon Nov 25 06:27:24 UTC 2019 /home/travis/build/icyphy/ptII/ptolemy/actor/lib/test/auto/TestExceptionAttribute1.xml
----------------- Instantiating /home/travis/build/icyphy/ptII/ptolemy/actor/lib/test/auto/TestExceptionAttribute1.xml
1 ms. Memory: 430080K Free: 369452K (86%)
----------------- Invoking toplevel() on ptolemy.moml.MoMLSimpleApplication@7546fe0
----------------- Done invoking toplevel() on ptolemy.moml.MoMLSimpleApplication@7546fe0
reloadAllAccessors: .TestExceptionAttribute1

===========================================================================================
----------------- testing Mon Nov 25 06:27:24 UTC 2019 /home/travis/build/icyphy/ptII/ptolemy/actor/lib/test/auto/TestExceptionAttribute2.xml
----------------- Instantiating /home/travis/build/icyphy/ptII/ptolemy/actor/lib/test/auto/TestExceptionAttribute2.xml
1 ms. Memory: 430080K Free: 365356K (85%)
----------------- Invoking toplevel() on ptolemy.moml.MoMLSimpleApplication@5828db3f
----------------- Done invoking toplevel() on ptolemy.moml.MoMLSimpleApplication@5828db3f
reloadAllAccessors: .TestExceptionAttribute2

===========================================================================================
----------------- testing Mon Nov 25 06:27:24 UTC 2019 /home/travis/build/icyphy/ptII/ptolemy/actor/lib/test/auto/TestExceptionAttribute3.xml
----------------- Instantiating /home/travis/build/icyphy/ptII/ptolemy/actor/lib/test/auto/TestExceptionAttribute3.xml
.TestExceptionAttribute3.TestExceptionAttribute: initialize() was not invoked, but wrapup() was.  This is unusual, but not always a problem.  For example, exporting JNLP will do this.
1 ms. Memory: 430080K Free: 361770K (84%)
----------------- Invoking toplevel() on ptolemy.moml.MoMLSimpleApplication@5a8841c8
----------------- Done invoking toplevel() on ptolemy.moml.MoMLSimpleApplication@5a8841c8
reloadAllAccessors: .TestExceptionAttribute3

===========================================================================================
----------------- testing Mon Nov 25 06:27:24 UTC 2019 /home/travis/build/icyphy/ptII/ptolemy/actor/lib/test/auto/TestExceptionAttribute4.xml
----------------- Instantiating /home/travis/build/icyphy/ptII/ptolemy/actor/lib/test/auto/TestExceptionAttribute4.xml
.TestExceptionAttribute4.TestExceptionAttribute: initialize() was not invoked, but wrapup() was.  This is unusual, but not always a problem.  For example, exporting JNLP will do this.
.TestExceptionAttribute4.TestExceptionAttribute2: initialize() was not invoked, but wrapup() was.  This is unusual, but not always a problem.  For example, exporting JNLP will do this.
1 ms. Memory: 430080K Free: 357674K (83%)
----------------- Invoking toplevel() on ptolemy.moml.MoMLSimpleApplication@c9ed13e
----------------- Done invoking toplevel() on ptolemy.moml.MoMLSimpleApplication@c9ed13e
reloadAllAccessors: .TestExceptionAttribute4

===========================================================================================
----------------- testing Mon Nov 25 06:27:24 UTC 2019 /home/travis/build/icyphy/ptII/ptolemy/actor/lib/test/auto/TestExceptionHandler1.xml
----------------- Instantiating /home/travis/build/icyphy/ptII/ptolemy/actor/lib/test/auto/TestExceptionHandler1.xml
1 ms. Memory: 430080K Free: 353578K (82%)
----------------- Invoking toplevel() on ptolemy.moml.MoMLSimpleApplication@45d9af53
----------------- Done invoking toplevel() on ptolemy.moml.MoMLSimpleApplication@45d9af53
reloadAllAccessors: .TestExceptionHandler1

===========================================================================================
----------------- testing Mon Nov 25 06:27:24 UTC 2019 /home/travis/build/icyphy/ptII/ptolemy/actor/lib/test/auto/TestExceptionHandler2.xml
----------------- Instantiating /home/travis/build/icyphy/ptII/ptolemy/actor/lib/test/auto/TestExceptionHandler2.xml
2 ms. Memory: 430080K Free: 349996K (81%)
----------------- Invoking toplevel() on ptolemy.moml.MoMLSimpleApplication@743b0dff
----------------- Done invoking toplevel() on ptolemy.moml.MoMLSimpleApplication@743b0dff
reloadAllAccessors: .TestExceptionHandler2

===========================================================================================
----------------- testing Mon Nov 25 06:27:24 UTC 2019 /home/travis/build/icyphy/ptII/ptolemy/actor/lib/test/auto/TestExceptionHandler3.xml
----------------- Instantiating /home/travis/build/icyphy/ptII/ptolemy/actor/lib/test/auto/TestExceptionHandler3.xml
1 ms. Memory: 430080K Free: 345900K (80%)
----------------- Invoking toplevel() on ptolemy.moml.MoMLSimpleApplication@4201c68e
----------------- Done invoking toplevel() on ptolemy.moml.MoMLSimpleApplication@4201c68e
reloadAllAccessors: .TestExceptionHandler3

===========================================================================================
----------------- testing Mon Nov 25 06:27:24 UTC 2019 /home/travis/build/icyphy/ptII/ptolemy/actor/lib/test/auto/TestExceptionHandler4.xml
----------------- Instantiating /home/travis/build/icyphy/ptII/ptolemy/actor/lib/test/auto/TestExceptionHandler4.xml
1 ms. Memory: 430080K Free: 341804K (79%)
----------------- Invoking toplevel() on ptolemy.moml.MoMLSimpleApplication@c447d5b
----------------- Done invoking toplevel() on ptolemy.moml.MoMLSimpleApplication@c447d5b
reloadAllAccessors: .TestExceptionHandler4

===========================================================================================
----------------- testing Mon Nov 25 06:27:24 UTC 2019 /home/travis/build/icyphy/ptII/ptolemy/actor/lib/test/auto/TestRequireCorrectOrder.xml
----------------- Instantiating /home/travis/build/icyphy/ptII/ptolemy/actor/lib/test/auto/TestRequireCorrectOrder.xml
11 ms. Memory: 430080K Free: 336684K (78%)
----------------- Invoking toplevel() on ptolemy.moml.MoMLSimpleApplication@441ee76f
----------------- Done invoking toplevel() on ptolemy.moml.MoMLSimpleApplication@441ee76f
reloadAllAccessors: .TestRequireCorrectOrder

===========================================================================================
----------------- testing Mon Nov 25 06:27:24 UTC 2019 /home/travis/build/icyphy/ptII/ptolemy/actor/lib/test/auto/TestSimple.xml
----------------- Instantiating /home/travis/build/icyphy/ptII/ptolemy/actor/lib/test/auto/TestSimple.xml
2 ms. Memory: 430080K Free: 332074K (77%)
----------------- Invoking toplevel() on ptolemy.moml.MoMLSimpleApplication@45f635c1
----------------- Done invoking toplevel() on ptolemy.moml.MoMLSimpleApplication@45f635c1
reloadAllAccessors: .TestSimple

===========================================================================================
----------------- testing Mon Nov 25 06:27:24 UTC 2019 /home/travis/build/icyphy/ptII/ptolemy/actor/lib/test/auto/ThrowModelError.xml
----------------- Instantiating /home/travis/build/icyphy/ptII/ptolemy/actor/lib/test/auto/ThrowModelError.xml
4 ms. Memory: 430080K Free: 327468K (76%)
----------------- Invoking toplevel() on ptolemy.moml.MoMLSimpleApplication@2f4f831
----------------- Done invoking toplevel() on ptolemy.moml.MoMLSimpleApplication@2f4f831
reloadAllAccessors: .ThrowModelError

===========================================================================================
----------------- testing Mon Nov 25 06:27:24 UTC 2019 /home/travis/build/icyphy/ptII/ptolemy/actor/lib/test/auto/TimeDelayMicrosteps.xml
----------------- Instantiating /home/travis/build/icyphy/ptII/ptolemy/actor/lib/test/auto/TimeDelayMicrosteps.xml
3 ms. Memory: 430080K Free: 320300K (74%)
----------------- Invoking toplevel() on ptolemy.moml.MoMLSimpleApplication@27bc3499
----------------- Done invoking toplevel() on ptolemy.moml.MoMLSimpleApplication@27bc3499
reloadAllAccessors: .TimeDelayMicrosteps

===========================================================================================
----------------- testing Mon Nov 25 06:27:24 UTC 2019 /home/travis/build/icyphy/ptII/ptolemy/actor/lib/test/auto/TimeDelayMicrosteps2.xml
----------------- Instantiating /home/travis/build/icyphy/ptII/ptolemy/actor/lib/test/auto/TimeDelayMicrosteps2.xml
4 ms. Memory: 430080K Free: 313132K (73%)
----------------- Invoking toplevel() on ptolemy.moml.MoMLSimpleApplication@3a269cea
----------------- Done invoking toplevel() on ptolemy.moml.MoMLSimpleApplication@3a269cea
reloadAllAccessors: .TimeDelayMicrosteps2

===========================================================================================
----------------- testing Mon Nov 25 06:27:24 UTC 2019 /home/travis/build/icyphy/ptII/ptolemy/actor/lib/test/auto/TimeDelayMicrosteps3.xml
----------------- Instantiating /home/travis/build/icyphy/ptII/ptolemy/actor/lib/test/auto/TimeDelayMicrosteps3.xml
2 ms. Memory: 430080K Free: 305964K (71%)
----------------- Invoking toplevel() on ptolemy.moml.MoMLSimpleApplication@1ff03844
----------------- Done invoking toplevel() on ptolemy.moml.MoMLSimpleApplication@1ff03844
reloadAllAccessors: .TimeDelayMicrosteps3

===========================================================================================
----------------- testing Mon Nov 25 06:27:24 UTC 2019 /home/travis/build/icyphy/ptII/ptolemy/actor/lib/test/auto/TimeDelayVariableMicrosteps.xml
----------------- Instantiating /home/travis/build/icyphy/ptII/ptolemy/actor/lib/test/auto/TimeDelayVariableMicrosteps.xml
4 ms. Memory: 430080K Free: 299304K (70%)
----------------- Invoking toplevel() on ptolemy.moml.MoMLSimpleApplication@644da05
----------------- Done invoking toplevel() on ptolemy.moml.MoMLSimpleApplication@644da05
reloadAllAccessors: .TimeDelayVariableMicrosteps

===========================================================================================
----------------- testing Mon Nov 25 06:27:24 UTC 2019 /home/travis/build/icyphy/ptII/ptolemy/actor/lib/test/auto/TimeGap.xml
----------------- Instantiating /home/travis/build/icyphy/ptII/ptolemy/actor/lib/test/auto/TimeGap.xml
5 ms. Memory: 430080K Free: 294156K (68%)
----------------- Invoking toplevel() on ptolemy.moml.MoMLSimpleApplication@27ff31b8
----------------- Done invoking toplevel() on ptolemy.moml.MoMLSimpleApplication@27ff31b8
reloadAllAccessors: .TimeGap

===========================================================================================
----------------- testing Mon Nov 25 06:27:24 UTC 2019 /home/travis/build/icyphy/ptII/ptolemy/actor/lib/test/auto/TimeGap2.xml
----------------- Instantiating /home/travis/build/icyphy/ptII/ptolemy/actor/lib/test/auto/TimeGap2.xml
2 ms. Memory: 430080K Free: 288036K (67%)
----------------- Invoking toplevel() on ptolemy.moml.MoMLSimpleApplication@3205c911
----------------- Done invoking toplevel() on ptolemy.moml.MoMLSimpleApplication@3205c911
reloadAllAccessors: .TimeGap2

===========================================================================================
----------------- testing Mon Nov 25 06:27:24 UTC 2019 /home/travis/build/icyphy/ptII/ptolemy/actor/lib/test/auto/TimedSinewave.xml
----------------- Instantiating /home/travis/build/icyphy/ptII/ptolemy/actor/lib/test/auto/TimedSinewave.xml
25 ms. Memory: 430080K Free: 273706K (64%)
----------------- Invoking toplevel() on ptolemy.moml.MoMLSimpleApplication@1404bc40
----------------- Done invoking toplevel() on ptolemy.moml.MoMLSimpleApplication@1404bc40
reloadAllAccessors: .TimedSinewave

===========================================================================================
----------------- testing Mon Nov 25 06:27:24 UTC 2019 /home/travis/build/icyphy/ptII/ptolemy/actor/lib/test/auto/TimedSinewavePhase.xml
----------------- Instantiating /home/travis/build/icyphy/ptII/ptolemy/actor/lib/test/auto/TimedSinewavePhase.xml
9 ms. Memory: 430080K Free: 263466K (61%)
----------------- Invoking toplevel() on ptolemy.moml.MoMLSimpleApplication@3bd7df84
----------------- Done invoking toplevel() on ptolemy.moml.MoMLSimpleApplication@3bd7df84
reloadAllAccessors: .TimedSinewavePhase

===========================================================================================
----------------- testing Mon Nov 25 06:27:24 UTC 2019 /home/travis/build/icyphy/ptII/ptolemy/actor/lib/test/auto/Timer.xml
----------------- Instantiating /home/travis/build/icyphy/ptII/ptolemy/actor/lib/test/auto/Timer.xml
2 ms. Memory: 430080K Free: 257836K (60%)
----------------- Invoking toplevel() on ptolemy.moml.MoMLSimpleApplication@f8d246b
----------------- Done invoking toplevel() on ptolemy.moml.MoMLSimpleApplication@f8d246b
reloadAllAccessors: .Timer

===========================================================================================
----------------- testing Mon Nov 25 06:27:24 UTC 2019 /home/travis/build/icyphy/ptII/ptolemy/actor/lib/test/auto/TriangularDistTestModel.xml
----------------- Instantiating /home/travis/build/icyphy/ptII/ptolemy/actor/lib/test/auto/TriangularDistTestModel.xml
2 ms. Memory: 430080K Free: 250668K (58%)
----------------- Invoking toplevel() on ptolemy.moml.MoMLSimpleApplication@6ca1841f
----------------- Done invoking toplevel() on ptolemy.moml.MoMLSimpleApplication@6ca1841f
reloadAllAccessors: .TriangularDistTestModel

===========================================================================================
----------------- testing Mon Nov 25 06:27:24 UTC 2019 /home/travis/build/icyphy/ptII/ptolemy/actor/lib/test/auto/TrigFunction.xml
----------------- Instantiating /home/travis/build/icyphy/ptII/ptolemy/actor/lib/test/auto/TrigFunction.xml
2 ms. Memory: 430080K Free: 246058K (57%)
----------------- Invoking toplevel() on ptolemy.moml.MoMLSimpleApplication@44601d75
----------------- Done invoking toplevel() on ptolemy.moml.MoMLSimpleApplication@44601d75
reloadAllAccessors: .TrigFunction

===========================================================================================
----------------- testing Mon Nov 25 06:27:24 UTC 2019 /home/travis/build/icyphy/ptII/ptolemy/actor/lib/test/auto/TrigFunctionDE.xml
----------------- Instantiating /home/travis/build/icyphy/ptII/ptolemy/actor/lib/test/auto/TrigFunctionDE.xml
2 ms. Memory: 430080K Free: 239914K (56%)
----------------- Invoking toplevel() on ptolemy.moml.MoMLSimpleApplication@19b4ad56
----------------- Done invoking toplevel() on ptolemy.moml.MoMLSimpleApplication@19b4ad56
reloadAllAccessors: .TrigFunctionDE

===========================================================================================
----------------- testing Mon Nov 25 06:27:24 UTC 2019 /home/travis/build/icyphy/ptII/ptolemy/actor/lib/test/auto/TrigFunctionInverse.xml
----------------- Instantiating /home/travis/build/icyphy/ptII/ptolemy/actor/lib/test/auto/TrigFunctionInverse.xml
2 ms. Memory: 430080K Free: 234794K (55%)
----------------- Invoking toplevel() on ptolemy.moml.MoMLSimpleApplication@29c8fec4
----------------- Done invoking toplevel() on ptolemy.moml.MoMLSimpleApplication@29c8fec4
reloadAllAccessors: .TrigFunctionInverse

===========================================================================================
----------------- testing Mon Nov 25 06:27:24 UTC 2019 /home/travis/build/icyphy/ptII/ptolemy/actor/lib/test/auto/TrigFunctionTan.xml
----------------- Instantiating /home/travis/build/icyphy/ptII/ptolemy/actor/lib/test/auto/TrigFunctionTan.xml
2 ms. Memory: 430080K Free: 230188K (54%)
----------------- Invoking toplevel() on ptolemy.moml.MoMLSimpleApplication@7522e70d
----------------- Done invoking toplevel() on ptolemy.moml.MoMLSimpleApplication@7522e70d
reloadAllAccessors: .TrigFunctionTan

===========================================================================================
----------------- testing Mon Nov 25 06:27:24 UTC 2019 /home/travis/build/icyphy/ptII/ptolemy/actor/lib/test/auto/TriggeredClock.xml
----------------- Instantiating /home/travis/build/icyphy/ptII/ptolemy/actor/lib/test/auto/TriggeredClock.xml
2 ms. Memory: 430080K Free: 225036K (52%)
----------------- Invoking toplevel() on ptolemy.moml.MoMLSimpleApplication@79be5dcf
----------------- Done invoking toplevel() on ptolemy.moml.MoMLSimpleApplication@79be5dcf
reloadAllAccessors: .TriggeredClock

===========================================================================================
----------------- testing Mon Nov 25 06:27:24 UTC 2019 /home/travis/build/icyphy/ptII/ptolemy/actor/lib/test/auto/URLDirectoryReader.xml
----------------- Instantiating /home/travis/build/icyphy/ptII/ptolemy/actor/lib/test/auto/URLDirectoryReader.xml
48 ms. Memory: 430080K Free: 215338K (50%)
----------------- Invoking toplevel() on ptolemy.moml.MoMLSimpleApplication@1d7155eb
----------------- Done invoking toplevel() on ptolemy.moml.MoMLSimpleApplication@1d7155eb
reloadAllAccessors: .URLDirectoryReader

===========================================================================================
----------------- testing Mon Nov 25 06:27:24 UTC 2019 /home/travis/build/icyphy/ptII/ptolemy/actor/lib/test/auto/URLDirectoryReader3.xml
----------------- Instantiating /home/travis/build/icyphy/ptII/ptolemy/actor/lib/test/auto/URLDirectoryReader3.xml
1097 ms. Memory: 430080K Free: 372681K (87%)
----------------- Invoking toplevel() on ptolemy.moml.MoMLSimpleApplication@7275b90e
----------------- Done invoking toplevel() on ptolemy.moml.MoMLSimpleApplication@7275b90e
reloadAllAccessors: .URLDirectoryReader3

===========================================================================================
----------------- testing Mon Nov 25 06:27:26 UTC 2019 /home/travis/build/icyphy/ptII/ptolemy/actor/lib/test/auto/UnaryMathFunction.xml
----------------- Instantiating /home/travis/build/icyphy/ptII/ptolemy/actor/lib/test/auto/UnaryMathFunction.xml
3 ms. Memory: 430080K Free: 364883K (85%)
----------------- Invoking toplevel() on ptolemy.moml.MoMLSimpleApplication@5d8320df
----------------- Done invoking toplevel() on ptolemy.moml.MoMLSimpleApplication@5d8320df
reloadAllAccessors: .UnaryMathFunction

===========================================================================================
----------------- testing Mon Nov 25 06:27:26 UTC 2019 /home/travis/build/icyphy/ptII/ptolemy/actor/lib/test/auto/Uniform.xml
----------------- Instantiating /home/travis/build/icyphy/ptII/ptolemy/actor/lib/test/auto/Uniform.xml
4 ms. Memory: 430080K Free: 359763K (84%)
----------------- Invoking toplevel() on ptolemy.moml.MoMLSimpleApplication@6820ab95
----------------- Done invoking toplevel() on ptolemy.moml.MoMLSimpleApplication@6820ab95
reloadAllAccessors: .Uniform

===========================================================================================
----------------- testing Mon Nov 25 06:27:26 UTC 2019 /home/travis/build/icyphy/ptII/ptolemy/actor/lib/test/auto/UnionDisassemblerTest.xml
----------------- Instantiating /home/travis/build/icyphy/ptII/ptolemy/actor/lib/test/auto/UnionDisassemblerTest.xml
16 ms. Memory: 430080K Free: 355667K (83%)
----------------- Invoking toplevel() on ptolemy.moml.MoMLSimpleApplication@31aa94dd
----------------- Done invoking toplevel() on ptolemy.moml.MoMLSimpleApplication@31aa94dd
reloadAllAccessors: .UnionDisassemblerTest

===========================================================================================
----------------- testing Mon Nov 25 06:27:26 UTC 2019 /home/travis/build/icyphy/ptII/ptolemy/actor/lib/test/auto/UtilityFunctions.xml
----------------- Instantiating /home/travis/build/icyphy/ptII/ptolemy/actor/lib/test/auto/UtilityFunctions.xml
1 ms. Memory: 430080K Free: 351571K (82%)
----------------- Invoking toplevel() on ptolemy.moml.MoMLSimpleApplication@555db959
----------------- Done invoking toplevel() on ptolemy.moml.MoMLSimpleApplication@555db959
reloadAllAccessors: .UtilityFunctions

===========================================================================================
----------------- testing Mon Nov 25 06:27:26 UTC 2019 /home/travis/build/icyphy/ptII/ptolemy/actor/lib/test/auto/VariableSleep.xml
----------------- Instantiating /home/travis/build/icyphy/ptII/ptolemy/actor/lib/test/auto/VariableSleep.xml
503 ms. Memory: 430080K Free: 345937K (80%)
----------------- Invoking toplevel() on ptolemy.moml.MoMLSimpleApplication@4f75ba2f
----------------- Done invoking toplevel() on ptolemy.moml.MoMLSimpleApplication@4f75ba2f
reloadAllAccessors: .VariableSleep

===========================================================================================
----------------- testing Mon Nov 25 06:27:26 UTC 2019 /home/travis/build/icyphy/ptII/ptolemy/actor/lib/test/auto/VectorAssemblerDisassemblerCT.xml
----------------- Instantiating /home/travis/build/icyphy/ptII/ptolemy/actor/lib/test/auto/VectorAssemblerDisassemblerCT.xml
80 ms. Memory: 430080K Free: 325457K (76%)
----------------- Invoking toplevel() on ptolemy.moml.MoMLSimpleApplication@3e178686
----------------- Done invoking toplevel() on ptolemy.moml.MoMLSimpleApplication@3e178686
reloadAllAccessors: .VectorAssemblerDisassemblerCT

===========================================================================================
----------------- testing Mon Nov 25 06:27:27 UTC 2019 /home/travis/build/icyphy/ptII/ptolemy/actor/lib/test/auto/VectorAssemblerDisassemblerDE.xml
----------------- Instantiating /home/travis/build/icyphy/ptII/ptolemy/actor/lib/test/auto/VectorAssemblerDisassemblerDE.xml
2 ms. Memory: 430080K Free: 317779K (74%)
----------------- Invoking toplevel() on ptolemy.moml.MoMLSimpleApplication@4902dfcf
----------------- Done invoking toplevel() on ptolemy.moml.MoMLSimpleApplication@4902dfcf
reloadAllAccessors: .VectorAssemblerDisassemblerDE

===========================================================================================
----------------- testing Mon Nov 25 06:27:27 UTC 2019 /home/travis/build/icyphy/ptII/ptolemy/actor/lib/test/auto/VectorAssemblerDisassemblerSDF.xml
----------------- Instantiating /home/travis/build/icyphy/ptII/ptolemy/actor/lib/test/auto/VectorAssemblerDisassemblerSDF.xml
3 ms. Memory: 430080K Free: 311107K (72%)
----------------- Invoking toplevel() on ptolemy.moml.MoMLSimpleApplication@e52761a
----------------- Done invoking toplevel() on ptolemy.moml.MoMLSimpleApplication@e52761a
reloadAllAccessors: .VectorAssemblerDisassemblerSDF

===========================================================================================
----------------- testing Mon Nov 25 06:27:27 UTC 2019 /home/travis/build/icyphy/ptII/ptolemy/actor/lib/test/auto/WallClockTime.xml
----------------- Instantiating /home/travis/build/icyphy/ptII/ptolemy/actor/lib/test/auto/WallClockTime.xml
1005 ms. Memory: 430080K Free: 306001K (71%)
----------------- Invoking toplevel() on ptolemy.moml.MoMLSimpleApplication@227f885a
----------------- Done invoking toplevel() on ptolemy.moml.MoMLSimpleApplication@227f885a
reloadAllAccessors: .WallClockTime

===========================================================================================
----------------- testing Mon Nov 25 06:27:28 UTC 2019 /home/travis/build/icyphy/ptII/ptolemy/actor/lib/test/auto/WidthTestWithSubscriberPublisher.xml
----------------- Instantiating /home/travis/build/icyphy/ptII/ptolemy/actor/lib/test/auto/WidthTestWithSubscriberPublisher.xml
8 ms. Memory: 430080K Free: 287569K (67%)
----------------- Invoking toplevel() on ptolemy.moml.MoMLSimpleApplication@6fc5f1aa
----------------- Done invoking toplevel() on ptolemy.moml.MoMLSimpleApplication@6fc5f1aa
reloadAllAccessors: .WidthTestWithSubscriberPublisher

===========================================================================================
----------------- testing Mon Nov 25 06:27:28 UTC 2019 /home/travis/build/icyphy/ptII/ptolemy/actor/lib/test/auto/WidthTestWithSubscriberPublisher2.xml
----------------- Instantiating /home/travis/build/icyphy/ptII/ptolemy/actor/lib/test/auto/WidthTestWithSubscriberPublisher2.xml
4 ms. Memory: 430080K Free: 281425K (65%)
----------------- Invoking toplevel() on ptolemy.moml.MoMLSimpleApplication@38e12d74
----------------- Done invoking toplevel() on ptolemy.moml.MoMLSimpleApplication@38e12d74
reloadAllAccessors: .WidthTestWithSubscriberPublisher2

===========================================================================================
----------------- testing Mon Nov 25 06:27:28 UTC 2019 /home/travis/build/icyphy/ptII/ptolemy/actor/lib/test/auto/WidthTestWithSubscriberPublisher3.xml
----------------- Instantiating /home/travis/build/icyphy/ptII/ptolemy/actor/lib/test/auto/WidthTestWithSubscriberPublisher3.xml
2 ms. Memory: 430080K Free: 275795K (64%)
----------------- Invoking toplevel() on ptolemy.moml.MoMLSimpleApplication@6dfed051
----------------- Done invoking toplevel() on ptolemy.moml.MoMLSimpleApplication@6dfed051
reloadAllAccessors: .WidthTestWithSubscriberPublisher3

===========================================================================================
----------------- testing Mon Nov 25 06:27:28 UTC 2019 /home/travis/build/icyphy/ptII/ptolemy/actor/lib/test/auto/Writer.xml
----------------- Instantiating /home/travis/build/icyphy/ptII/ptolemy/actor/lib/test/auto/Writer.xml
0
1
2
3
4
2 ms. Memory: 430080K Free: 271171K (63%)
----------------- Invoking toplevel() on ptolemy.moml.MoMLSimpleApplication@7e0175a1
----------------- Done invoking toplevel() on ptolemy.moml.MoMLSimpleApplication@7e0175a1
reloadAllAccessors: .Writer

===========================================================================================
----------------- testing Mon Nov 25 06:27:28 UTC 2019 /home/travis/build/icyphy/ptII/ptolemy/actor/lib/test/auto/array.xml
----------------- Instantiating /home/travis/build/icyphy/ptII/ptolemy/actor/lib/test/auto/array.xml
2 ms. Memory: 430080K Free: 266579K (62%)
----------------- Invoking toplevel() on ptolemy.moml.MoMLSimpleApplication@5f9c0f52
----------------- Done invoking toplevel() on ptolemy.moml.MoMLSimpleApplication@5f9c0f52
reloadAllAccessors: .array

===========================================================================================
----------------- testing Mon Nov 25 06:27:28 UTC 2019 /home/travis/build/icyphy/ptII/ptolemy/actor/lib/test/auto/array2.xml
----------------- Instantiating /home/travis/build/icyphy/ptII/ptolemy/actor/lib/test/auto/array2.xml
3 ms. Memory: 430080K Free: 261963K (61%)
----------------- Invoking toplevel() on ptolemy.moml.MoMLSimpleApplication@218bd3b0
----------------- Done invoking toplevel() on ptolemy.moml.MoMLSimpleApplication@218bd3b0
reloadAllAccessors: .array2

===========================================================================================
----------------- testing Mon Nov 25 06:27:28 UTC 2019 /home/travis/build/icyphy/ptII/ptolemy/actor/lib/test/auto/arrayType.xml
----------------- Instantiating /home/travis/build/icyphy/ptII/ptolemy/actor/lib/test/auto/arrayType.xml
2 ms. Memory: 430080K Free: 255825K (59%)
----------------- Invoking toplevel() on ptolemy.moml.MoMLSimpleApplication@4836575d
----------------- Done invoking toplevel() on ptolemy.moml.MoMLSimpleApplication@4836575d
reloadAllAccessors: .arrayType

===========================================================================================
----------------- testing Mon Nov 25 06:27:28 UTC 2019 /home/travis/build/icyphy/ptII/ptolemy/actor/lib/test/auto/arrayType10.xml
----------------- Instantiating /home/travis/build/icyphy/ptII/ptolemy/actor/lib/test/auto/arrayType10.xml
1 ms. Memory: 430080K Free: 251219K (58%)
----------------- Invoking toplevel() on ptolemy.moml.MoMLSimpleApplication@2c382b9d
----------------- Done invoking toplevel() on ptolemy.moml.MoMLSimpleApplication@2c382b9d
reloadAllAccessors: .arrayType10

===========================================================================================
----------------- testing Mon Nov 25 06:27:28 UTC 2019 /home/travis/build/icyphy/ptII/ptolemy/actor/lib/test/auto/arrayType11.xml
----------------- Instantiating /home/travis/build/icyphy/ptII/ptolemy/actor/lib/test/auto/arrayType11.xml
2 ms. Memory: 430080K Free: 246099K (57%)
----------------- Invoking toplevel() on ptolemy.moml.MoMLSimpleApplication@1452d242
----------------- Done invoking toplevel() on ptolemy.moml.MoMLSimpleApplication@1452d242
reloadAllAccessors: .arrayType11

===========================================================================================
----------------- testing Mon Nov 25 06:27:28 UTC 2019 /home/travis/build/icyphy/ptII/ptolemy/actor/lib/test/auto/arrayType12.xml
----------------- Instantiating /home/travis/build/icyphy/ptII/ptolemy/actor/lib/test/auto/arrayType12.xml
2 ms. Memory: 430080K Free: 240979K (56%)
----------------- Invoking toplevel() on ptolemy.moml.MoMLSimpleApplication@57b7ea2e
----------------- Done invoking toplevel() on ptolemy.moml.MoMLSimpleApplication@57b7ea2e
reloadAllAccessors: .arrayType12

===========================================================================================
----------------- testing Mon Nov 25 06:27:28 UTC 2019 /home/travis/build/icyphy/ptII/ptolemy/actor/lib/test/auto/arrayType13.xml
----------------- Instantiating /home/travis/build/icyphy/ptII/ptolemy/actor/lib/test/auto/arrayType13.xml
2 ms. Memory: 430080K Free: 235859K (55%)
----------------- Invoking toplevel() on ptolemy.moml.MoMLSimpleApplication@29057000
----------------- Done invoking toplevel() on ptolemy.moml.MoMLSimpleApplication@29057000
reloadAllAccessors: .arrayType13

===========================================================================================
----------------- testing Mon Nov 25 06:27:28 UTC 2019 /home/travis/build/icyphy/ptII/ptolemy/actor/lib/test/auto/arrayType14.xml
----------------- Instantiating /home/travis/build/icyphy/ptII/ptolemy/actor/lib/test/auto/arrayType14.xml
1 ms. Memory: 430080K Free: 230225K (54%)
----------------- Invoking toplevel() on ptolemy.moml.MoMLSimpleApplication@3aea7944
----------------- Done invoking toplevel() on ptolemy.moml.MoMLSimpleApplication@3aea7944
reloadAllAccessors: .arrayType14

===========================================================================================
----------------- testing Mon Nov 25 06:27:28 UTC 2019 /home/travis/build/icyphy/ptII/ptolemy/actor/lib/test/auto/arrayType15.xml
----------------- Instantiating /home/travis/build/icyphy/ptII/ptolemy/actor/lib/test/auto/arrayType15.xml
3 ms. Memory: 430080K Free: 225105K (52%)
----------------- Invoking toplevel() on ptolemy.moml.MoMLSimpleApplication@45c8b8a6
----------------- Done invoking toplevel() on ptolemy.moml.MoMLSimpleApplication@45c8b8a6
reloadAllAccessors: .arrayType15

===========================================================================================
----------------- testing Mon Nov 25 06:27:28 UTC 2019 /home/travis/build/icyphy/ptII/ptolemy/actor/lib/test/auto/arrayType16.xml
----------------- Instantiating /home/travis/build/icyphy/ptII/ptolemy/actor/lib/test/auto/arrayType16.xml
2 ms. Memory: 430080K Free: 219985K (51%)
----------------- Invoking toplevel() on ptolemy.moml.MoMLSimpleApplication@6e05ad31
----------------- Done invoking toplevel() on ptolemy.moml.MoMLSimpleApplication@6e05ad31
reloadAllAccessors: .arrayType16

===========================================================================================
----------------- testing Mon Nov 25 06:27:28 UTC 2019 /home/travis/build/icyphy/ptII/ptolemy/actor/lib/test/auto/arrayType17.xml
----------------- Instantiating /home/travis/build/icyphy/ptII/ptolemy/actor/lib/test/auto/arrayType17.xml
1 ms. Memory: 430080K Free: 214355K (50%)
----------------- Invoking toplevel() on ptolemy.moml.MoMLSimpleApplication@4cfe4be0
----------------- Done invoking toplevel() on ptolemy.moml.MoMLSimpleApplication@4cfe4be0
reloadAllAccessors: .arrayType17

===========================================================================================
----------------- testing Mon Nov 25 06:27:28 UTC 2019 /home/travis/build/icyphy/ptII/ptolemy/actor/lib/test/auto/arrayType18.xml
----------------- Instantiating /home/travis/build/icyphy/ptII/ptolemy/actor/lib/test/auto/arrayType18.xml
2 ms. Memory: 430080K Free: 209745K (49%)
----------------- Invoking toplevel() on ptolemy.moml.MoMLSimpleApplication@37df46d5
----------------- Done invoking toplevel() on ptolemy.moml.MoMLSimpleApplication@37df46d5
reloadAllAccessors: .arrayType18

===========================================================================================
----------------- testing Mon Nov 25 06:27:28 UTC 2019 /home/travis/build/icyphy/ptII/ptolemy/actor/lib/test/auto/arrayType19.xml
----------------- Instantiating /home/travis/build/icyphy/ptII/ptolemy/actor/lib/test/auto/arrayType19.xml
1 ms. Memory: 430080K Free: 205139K (48%)
----------------- Invoking toplevel() on ptolemy.moml.MoMLSimpleApplication@77e54f7e
----------------- Done invoking toplevel() on ptolemy.moml.MoMLSimpleApplication@77e54f7e
reloadAllAccessors: .arrayType19

===========================================================================================
----------------- testing Mon Nov 25 06:27:28 UTC 2019 /home/travis/build/icyphy/ptII/ptolemy/actor/lib/test/auto/arrayType2.xml
----------------- Instantiating /home/travis/build/icyphy/ptII/ptolemy/actor/lib/test/auto/arrayType2.xml
1 ms. Memory: 430080K Free: 199505K (46%)
----------------- Invoking toplevel() on ptolemy.moml.MoMLSimpleApplication@3a8da35b
----------------- Done invoking toplevel() on ptolemy.moml.MoMLSimpleApplication@3a8da35b
reloadAllAccessors: .arrayType2

===========================================================================================
----------------- testing Mon Nov 25 06:27:28 UTC 2019 /home/travis/build/icyphy/ptII/ptolemy/actor/lib/test/auto/arrayType20.xml
----------------- Instantiating /home/travis/build/icyphy/ptII/ptolemy/actor/lib/test/auto/arrayType20.xml
1 ms. Memory: 430080K Free: 194899K (45%)
----------------- Invoking toplevel() on ptolemy.moml.MoMLSimpleApplication@414c5670
----------------- Done invoking toplevel() on ptolemy.moml.MoMLSimpleApplication@414c5670
reloadAllAccessors: .arrayType20

===========================================================================================
----------------- testing Mon Nov 25 06:27:28 UTC 2019 /home/travis/build/icyphy/ptII/ptolemy/actor/lib/test/auto/arrayType21.xml
----------------- Instantiating /home/travis/build/icyphy/ptII/ptolemy/actor/lib/test/auto/arrayType21.xml
1 ms. Memory: 430080K Free: 189779K (44%)
----------------- Invoking toplevel() on ptolemy.moml.MoMLSimpleApplication@7000a596
----------------- Done invoking toplevel() on ptolemy.moml.MoMLSimpleApplication@7000a596
reloadAllAccessors: .arrayType21

===========================================================================================
----------------- testing Mon Nov 25 06:27:28 UTC 2019 /home/travis/build/icyphy/ptII/ptolemy/actor/lib/test/auto/arrayType22.xml
----------------- Instantiating /home/travis/build/icyphy/ptII/ptolemy/actor/lib/test/auto/arrayType22.xml
1 ms. Memory: 430080K Free: 185169K (43%)
----------------- Invoking toplevel() on ptolemy.moml.MoMLSimpleApplication@e89510e
----------------- Done invoking toplevel() on ptolemy.moml.MoMLSimpleApplication@e89510e
reloadAllAccessors: .arrayType22

===========================================================================================
----------------- testing Mon Nov 25 06:27:28 UTC 2019 /home/travis/build/icyphy/ptII/ptolemy/actor/lib/test/auto/arrayType23.xml
----------------- Instantiating /home/travis/build/icyphy/ptII/ptolemy/actor/lib/test/auto/arrayType23.xml
1 ms. Memory: 430080K Free: 180563K (42%)
----------------- Invoking toplevel() on ptolemy.moml.MoMLSimpleApplication@497ab86b
----------------- Done invoking toplevel() on ptolemy.moml.MoMLSimpleApplication@497ab86b
reloadAllAccessors: .arrayType23

===========================================================================================
----------------- testing Mon Nov 25 06:27:28 UTC 2019 /home/travis/build/icyphy/ptII/ptolemy/actor/lib/test/auto/arrayType24.xml
----------------- Instantiating /home/travis/build/icyphy/ptII/ptolemy/actor/lib/test/auto/arrayType24.xml
2 ms. Memory: 430080K Free: 175441K (41%)
----------------- Invoking toplevel() on ptolemy.moml.MoMLSimpleApplication@672bb087
----------------- Done invoking toplevel() on ptolemy.moml.MoMLSimpleApplication@672bb087
reloadAllAccessors: .arrayType24

===========================================================================================
----------------- testing Mon Nov 25 06:27:28 UTC 2019 /home/travis/build/icyphy/ptII/ptolemy/actor/lib/test/auto/arrayType25.xml
----------------- Instantiating /home/travis/build/icyphy/ptII/ptolemy/actor/lib/test/auto/arrayType25.xml
1 ms. Memory: 430080K Free: 170323K (40%)
----------------- Invoking toplevel() on ptolemy.moml.MoMLSimpleApplication@793c74e7
----------------- Done invoking toplevel() on ptolemy.moml.MoMLSimpleApplication@793c74e7
reloadAllAccessors: .arrayType25

===========================================================================================
----------------- testing Mon Nov 25 06:27:28 UTC 2019 /home/travis/build/icyphy/ptII/ptolemy/actor/lib/test/auto/arrayType26.xml
----------------- Instantiating /home/travis/build/icyphy/ptII/ptolemy/actor/lib/test/auto/arrayType26.xml
2 ms. Memory: 430080K Free: 164689K (38%)
----------------- Invoking toplevel() on ptolemy.moml.MoMLSimpleApplication@4d5be002
----------------- Done invoking toplevel() on ptolemy.moml.MoMLSimpleApplication@4d5be002
reloadAllAccessors: .arrayType26

===========================================================================================
----------------- testing Mon Nov 25 06:27:28 UTC 2019 /home/travis/build/icyphy/ptII/ptolemy/actor/lib/test/auto/arrayType27.xml
----------------- Instantiating /home/travis/build/icyphy/ptII/ptolemy/actor/lib/test/auto/arrayType27.xml
3 ms. Memory: 430080K Free: 159569K (37%)
----------------- Invoking toplevel() on ptolemy.moml.MoMLSimpleApplication@645fbc6e
----------------- Done invoking toplevel() on ptolemy.moml.MoMLSimpleApplication@645fbc6e
reloadAllAccessors: .arrayType27

===========================================================================================
----------------- testing Mon Nov 25 06:27:28 UTC 2019 /home/travis/build/icyphy/ptII/ptolemy/actor/lib/test/auto/arrayType28.xml
----------------- Instantiating /home/travis/build/icyphy/ptII/ptolemy/actor/lib/test/auto/arrayType28.xml
6 ms. Memory: 430080K Free: 154449K (36%)
----------------- Invoking toplevel() on ptolemy.moml.MoMLSimpleApplication@195e25e1
----------------- Done invoking toplevel() on ptolemy.moml.MoMLSimpleApplication@195e25e1
reloadAllAccessors: .arrayType28

===========================================================================================
----------------- testing Mon Nov 25 06:27:28 UTC 2019 /home/travis/build/icyphy/ptII/ptolemy/actor/lib/test/auto/arrayType3.xml
----------------- Instantiating /home/travis/build/icyphy/ptII/ptolemy/actor/lib/test/auto/arrayType3.xml
2 ms. Memory: 430080K Free: 148819K (35%)
----------------- Invoking toplevel() on ptolemy.moml.MoMLSimpleApplication@5e766eba
----------------- Done invoking toplevel() on ptolemy.moml.MoMLSimpleApplication@5e766eba
reloadAllAccessors: .arrayType3

===========================================================================================
----------------- testing Mon Nov 25 06:27:28 UTC 2019 /home/travis/build/icyphy/ptII/ptolemy/actor/lib/test/auto/arrayType4.xml
----------------- Instantiating /home/travis/build/icyphy/ptII/ptolemy/actor/lib/test/auto/arrayType4.xml
1 ms. Memory: 430080K Free: 143699K (33%)
----------------- Invoking toplevel() on ptolemy.moml.MoMLSimpleApplication@c95e396
----------------- Done invoking toplevel() on ptolemy.moml.MoMLSimpleApplication@c95e396
reloadAllAccessors: .arrayType4

===========================================================================================
----------------- testing Mon Nov 25 06:27:28 UTC 2019 /home/travis/build/icyphy/ptII/ptolemy/actor/lib/test/auto/arrayType5.xml
----------------- Instantiating /home/travis/build/icyphy/ptII/ptolemy/actor/lib/test/auto/arrayType5.xml
2 ms. Memory: 430080K Free: 138065K (32%)
----------------- Invoking toplevel() on ptolemy.moml.MoMLSimpleApplication@643b86aa
----------------- Done invoking toplevel() on ptolemy.moml.MoMLSimpleApplication@643b86aa
reloadAllAccessors: .arrayType5

===========================================================================================
----------------- testing Mon Nov 25 06:27:28 UTC 2019 /home/travis/build/icyphy/ptII/ptolemy/actor/lib/test/auto/arrayType6.xml
----------------- Instantiating /home/travis/build/icyphy/ptII/ptolemy/actor/lib/test/auto/arrayType6.xml
1 ms. Memory: 430080K Free: 133459K (31%)
----------------- Invoking toplevel() on ptolemy.moml.MoMLSimpleApplication@61294f50
----------------- Done invoking toplevel() on ptolemy.moml.MoMLSimpleApplication@61294f50
reloadAllAccessors: .arrayType6

===========================================================================================
----------------- testing Mon Nov 25 06:27:28 UTC 2019 /home/travis/build/icyphy/ptII/ptolemy/actor/lib/test/auto/arrayType7.xml
----------------- Instantiating /home/travis/build/icyphy/ptII/ptolemy/actor/lib/test/auto/arrayType7.xml
2 ms. Memory: 430080K Free: 128849K (30%)
----------------- Invoking toplevel() on ptolemy.moml.MoMLSimpleApplication@40ec7dba
----------------- Done invoking toplevel() on ptolemy.moml.MoMLSimpleApplication@40ec7dba
reloadAllAccessors: .arrayType7

===========================================================================================
----------------- testing Mon Nov 25 06:27:28 UTC 2019 /home/travis/build/icyphy/ptII/ptolemy/actor/lib/test/auto/arrayType8.xml
----------------- Instantiating /home/travis/build/icyphy/ptII/ptolemy/actor/lib/test/auto/arrayType8.xml
2 ms. Memory: 430080K Free: 376753K (88%)
----------------- Invoking toplevel() on ptolemy.moml.MoMLSimpleApplication@38fd1798
----------------- Done invoking toplevel() on ptolemy.moml.MoMLSimpleApplication@38fd1798
reloadAllAccessors: .arrayType8

===========================================================================================
----------------- testing Mon Nov 25 06:27:28 UTC 2019 /home/travis/build/icyphy/ptII/ptolemy/actor/lib/test/auto/arrayType9.xml
----------------- Instantiating /home/travis/build/icyphy/ptII/ptolemy/actor/lib/test/auto/arrayType9.xml
2 ms. Memory: 430080K Free: 371633K (86%)
----------------- Invoking toplevel() on ptolemy.moml.MoMLSimpleApplication@1fa059f9
----------------- Done invoking toplevel() on ptolemy.moml.MoMLSimpleApplication@1fa059f9
reloadAllAccessors: .arrayType9

===========================================================================================
----------------- testing Mon Nov 25 06:27:28 UTC 2019 /home/travis/build/icyphy/ptII/ptolemy/actor/lib/test/auto/cast.xml
----------------- Instantiating /home/travis/build/icyphy/ptII/ptolemy/actor/lib/test/auto/cast.xml
2 ms. Memory: 430080K Free: 367027K (85%)
----------------- Invoking toplevel() on ptolemy.moml.MoMLSimpleApplication@4bce5aaa
----------------- Done invoking toplevel() on ptolemy.moml.MoMLSimpleApplication@4bce5aaa
reloadAllAccessors: .cast

===========================================================================================
----------------- testing Mon Nov 25 06:27:28 UTC 2019 /home/travis/build/icyphy/ptII/ptolemy/actor/lib/test/auto/compositeMultiPort.xml
----------------- Instantiating /home/travis/build/icyphy/ptII/ptolemy/actor/lib/test/auto/compositeMultiPort.xml
3 ms. Memory: 430080K Free: 357811K (83%)
----------------- Invoking toplevel() on ptolemy.moml.MoMLSimpleApplication@224950fe
----------------- Done invoking toplevel() on ptolemy.moml.MoMLSimpleApplication@224950fe
reloadAllAccessors: .compositeMultiPort

===========================================================================================
----------------- testing Mon Nov 25 06:27:28 UTC 2019 /home/travis/build/icyphy/ptII/ptolemy/actor/lib/test/auto/expressionCastInference.xml
----------------- Instantiating /home/travis/build/icyphy/ptII/ptolemy/actor/lib/test/auto/expressionCastInference.xml
3 ms. Memory: 430080K Free: 353201K (82%)
----------------- Invoking toplevel() on ptolemy.moml.MoMLSimpleApplication@d58dbb6
----------------- Done invoking toplevel() on ptolemy.moml.MoMLSimpleApplication@d58dbb6
reloadAllAccessors: .expressionCastInference

===========================================================================================
----------------- testing Mon Nov 25 06:27:28 UTC 2019 /home/travis/build/icyphy/ptII/ptolemy/actor/lib/test/auto/expressionCastInference2.xml
----------------- Instantiating /home/travis/build/icyphy/ptII/ptolemy/actor/lib/test/auto/expressionCastInference2.xml
2 ms. Memory: 430080K Free: 348081K (81%)
----------------- Invoking toplevel() on ptolemy.moml.MoMLSimpleApplication@8465a44
----------------- Done invoking toplevel() on ptolemy.moml.MoMLSimpleApplication@8465a44
reloadAllAccessors: .expressionCastInference2

===========================================================================================
----------------- testing Mon Nov 25 06:27:28 UTC 2019 /home/travis/build/icyphy/ptII/ptolemy/actor/lib/test/auto/expressionInference.xml
----------------- Instantiating /home/travis/build/icyphy/ptII/ptolemy/actor/lib/test/auto/expressionInference.xml
2 ms. Memory: 430080K Free: 343985K (80%)
----------------- Invoking toplevel() on ptolemy.moml.MoMLSimpleApplication@54c5a683
----------------- Done invoking toplevel() on ptolemy.moml.MoMLSimpleApplication@54c5a683
reloadAllAccessors: .expressionInference

===========================================================================================
----------------- testing Mon Nov 25 06:27:28 UTC 2019 /home/travis/build/icyphy/ptII/ptolemy/actor/lib/test/auto/expression_bug.xml
----------------- Instantiating /home/travis/build/icyphy/ptII/ptolemy/actor/lib/test/auto/expression_bug.xml
2 ms. Memory: 430080K Free: 338865K (79%)
----------------- Invoking toplevel() on ptolemy.moml.MoMLSimpleApplication@5469c5ab
----------------- Done invoking toplevel() on ptolemy.moml.MoMLSimpleApplication@5469c5ab
reloadAllAccessors: .expression_bug

===========================================================================================
----------------- testing Mon Nov 25 06:27:28 UTC 2019 /home/travis/build/icyphy/ptII/ptolemy/actor/lib/test/auto/factorial.xml
----------------- Instantiating /home/travis/build/icyphy/ptII/ptolemy/actor/lib/test/auto/factorial.xml
32 ms. Memory: 430080K Free: 330163K (77%)
----------------- Invoking toplevel() on ptolemy.moml.MoMLSimpleApplication@34c68973
----------------- Done invoking toplevel() on ptolemy.moml.MoMLSimpleApplication@34c68973
reloadAllAccessors: .factorial

===========================================================================================
----------------- testing Mon Nov 25 06:27:28 UTC 2019 /home/travis/build/icyphy/ptII/ptolemy/actor/lib/test/auto/filterTest1.xml
----------------- Instantiating /home/travis/build/icyphy/ptII/ptolemy/actor/lib/test/auto/filterTest1.xml
3 ms. Memory: 430080K Free: 324515K (75%)
----------------- Invoking toplevel() on ptolemy.moml.MoMLSimpleApplication@3b544db3
----------------- Done invoking toplevel() on ptolemy.moml.MoMLSimpleApplication@3b544db3
reloadAllAccessors: .filterTest1

===========================================================================================
----------------- testing Mon Nov 25 06:27:28 UTC 2019 /home/travis/build/icyphy/ptII/ptolemy/actor/lib/test/auto/funcApplyInConst.xml
----------------- Instantiating /home/travis/build/icyphy/ptII/ptolemy/actor/lib/test/auto/funcApplyInConst.xml
1 ms. Memory: 430080K Free: 320433K (75%)
----------------- Invoking toplevel() on ptolemy.moml.MoMLSimpleApplication@791e1725
----------------- Done invoking toplevel() on ptolemy.moml.MoMLSimpleApplication@791e1725
reloadAllAccessors: .funcApplyInConst

===========================================================================================
----------------- testing Mon Nov 25 06:27:28 UTC 2019 /home/travis/build/icyphy/ptII/ptolemy/actor/lib/test/auto/funcApplyInExpr.xml
----------------- Instantiating /home/travis/build/icyphy/ptII/ptolemy/actor/lib/test/auto/funcApplyInExpr.xml
2 ms. Memory: 430080K Free: 316851K (74%)
----------------- Invoking toplevel() on ptolemy.moml.MoMLSimpleApplication@4ef126b2
----------------- Done invoking toplevel() on ptolemy.moml.MoMLSimpleApplication@4ef126b2
reloadAllAccessors: .funcApplyInExpr

===========================================================================================
----------------- testing Mon Nov 25 06:27:28 UTC 2019 /home/travis/build/icyphy/ptII/ptolemy/actor/lib/test/auto/function.xml
----------------- Instantiating /home/travis/build/icyphy/ptII/ptolemy/actor/lib/test/auto/function.xml
2 ms. Memory: 430080K Free: 311731K (72%)
----------------- Invoking toplevel() on ptolemy.moml.MoMLSimpleApplication@42438d27
----------------- Done invoking toplevel() on ptolemy.moml.MoMLSimpleApplication@42438d27
reloadAllAccessors: .function

===========================================================================================
----------------- testing Mon Nov 25 06:27:28 UTC 2019 /home/travis/build/icyphy/ptII/ptolemy/actor/lib/test/auto/function2.xml
----------------- Instantiating /home/travis/build/icyphy/ptII/ptolemy/actor/lib/test/auto/function2.xml
4 ms. Memory: 430080K Free: 307121K (71%)
----------------- Invoking toplevel() on ptolemy.moml.MoMLSimpleApplication@608bf8d4
----------------- Done invoking toplevel() on ptolemy.moml.MoMLSimpleApplication@608bf8d4
reloadAllAccessors: .function2

===========================================================================================
----------------- testing Mon Nov 25 06:27:28 UTC 2019 /home/travis/build/icyphy/ptII/ptolemy/actor/lib/test/auto/function3.xml
----------------- Instantiating /home/travis/build/icyphy/ptII/ptolemy/actor/lib/test/auto/function3.xml
2 ms. Memory: 430080K Free: 303025K (70%)
----------------- Invoking toplevel() on ptolemy.moml.MoMLSimpleApplication@3ebf2722
----------------- Done invoking toplevel() on ptolemy.moml.MoMLSimpleApplication@3ebf2722
reloadAllAccessors: .function3

===========================================================================================
----------------- testing Mon Nov 25 06:27:28 UTC 2019 /home/travis/build/icyphy/ptII/ptolemy/actor/lib/test/auto/functionClosureTest1.xml
----------------- Instantiating /home/travis/build/icyphy/ptII/ptolemy/actor/lib/test/auto/functionClosureTest1.xml
3 ms. Memory: 430080K Free: 297395K (69%)
----------------- Invoking toplevel() on ptolemy.moml.MoMLSimpleApplication@181de99d
----------------- Done invoking toplevel() on ptolemy.moml.MoMLSimpleApplication@181de99d
reloadAllAccessors: .functionClosureTest1

===========================================================================================
----------------- testing Mon Nov 25 06:27:29 UTC 2019 /home/travis/build/icyphy/ptII/ptolemy/actor/lib/test/auto/functionClosureTest2.xml
----------------- Instantiating /home/travis/build/icyphy/ptII/ptolemy/actor/lib/test/auto/functionClosureTest2.xml
1 ms. Memory: 430080K Free: 293299K (68%)
----------------- Invoking toplevel() on ptolemy.moml.MoMLSimpleApplication@ac0ab62
----------------- Done invoking toplevel() on ptolemy.moml.MoMLSimpleApplication@ac0ab62
reloadAllAccessors: .functionClosureTest2

===========================================================================================
----------------- testing Mon Nov 25 06:27:29 UTC 2019 /home/travis/build/icyphy/ptII/ptolemy/actor/lib/test/auto/functionClosureTest3.xml
----------------- Instantiating /home/travis/build/icyphy/ptII/ptolemy/actor/lib/test/auto/functionClosureTest3.xml
2 ms. Memory: 430080K Free: 288179K (67%)
----------------- Invoking toplevel() on ptolemy.moml.MoMLSimpleApplication@2f0e9695
----------------- Done invoking toplevel() on ptolemy.moml.MoMLSimpleApplication@2f0e9695
reloadAllAccessors: .functionClosureTest3

===========================================================================================
----------------- testing Mon Nov 25 06:27:29 UTC 2019 /home/travis/build/icyphy/ptII/ptolemy/actor/lib/test/auto/functionClosureTest4.xml
----------------- Instantiating /home/travis/build/icyphy/ptII/ptolemy/actor/lib/test/auto/functionClosureTest4.xml
4 ms. Memory: 430080K Free: 281521K (65%)
----------------- Invoking toplevel() on ptolemy.moml.MoMLSimpleApplication@1bf24513
----------------- Done invoking toplevel() on ptolemy.moml.MoMLSimpleApplication@1bf24513
reloadAllAccessors: .functionClosureTest4

===========================================================================================
----------------- testing Mon Nov 25 06:27:29 UTC 2019 /home/travis/build/icyphy/ptII/ptolemy/actor/lib/test/auto/functionClosureTest5.xml
----------------- Instantiating /home/travis/build/icyphy/ptII/ptolemy/actor/lib/test/auto/functionClosureTest5.xml
4 ms. Memory: 430080K Free: 276395K (64%)
----------------- Invoking toplevel() on ptolemy.moml.MoMLSimpleApplication@d678e2a
----------------- Done invoking toplevel() on ptolemy.moml.MoMLSimpleApplication@d678e2a
reloadAllAccessors: .functionClosureTest5

===========================================================================================
----------------- testing Mon Nov 25 06:27:29 UTC 2019 /home/travis/build/icyphy/ptII/ptolemy/actor/lib/test/auto/functionClosureTest6.xml
----------------- Instantiating /home/travis/build/icyphy/ptII/ptolemy/actor/lib/test/auto/functionClosureTest6.xml
2 ms. Memory: 430080K Free: 271281K (63%)
----------------- Invoking toplevel() on ptolemy.moml.MoMLSimpleApplication@7aa785aa
----------------- Done invoking toplevel() on ptolemy.moml.MoMLSimpleApplication@7aa785aa
reloadAllAccessors: .functionClosureTest6

===========================================================================================
----------------- testing Mon Nov 25 06:27:29 UTC 2019 /home/travis/build/icyphy/ptII/ptolemy/actor/lib/test/auto/functionsOnArcs.xml
----------------- Instantiating /home/travis/build/icyphy/ptII/ptolemy/actor/lib/test/auto/functionsOnArcs.xml
2 ms. Memory: 430080K Free: 266161K (62%)
----------------- Invoking toplevel() on ptolemy.moml.MoMLSimpleApplication@6f3a69ff
----------------- Done invoking toplevel() on ptolemy.moml.MoMLSimpleApplication@6f3a69ff
reloadAllAccessors: .functionsOnArcs

===========================================================================================
----------------- testing Mon Nov 25 06:27:29 UTC 2019 /home/travis/build/icyphy/ptII/ptolemy/actor/lib/test/auto/functionsOnArcsHOF.xml
----------------- Instantiating /home/travis/build/icyphy/ptII/ptolemy/actor/lib/test/auto/functionsOnArcsHOF.xml
4 ms. Memory: 430080K Free: 260017K (60%)
----------------- Invoking toplevel() on ptolemy.moml.MoMLSimpleApplication@6e42c29d
----------------- Done invoking toplevel() on ptolemy.moml.MoMLSimpleApplication@6e42c29d
reloadAllAccessors: .functionsOnArcsHOF

===========================================================================================
----------------- testing Mon Nov 25 06:27:29 UTC 2019 /home/travis/build/icyphy/ptII/ptolemy/actor/lib/test/auto/logic.xml
----------------- Instantiating /home/travis/build/icyphy/ptII/ptolemy/actor/lib/test/auto/logic.xml
2 ms. Memory: 430080K Free: 252849K (59%)
----------------- Invoking toplevel() on ptolemy.moml.MoMLSimpleApplication@7ba30d95
----------------- Done invoking toplevel() on ptolemy.moml.MoMLSimpleApplication@7ba30d95
reloadAllAccessors: .logic

===========================================================================================
----------------- testing Mon Nov 25 06:27:29 UTC 2019 /home/travis/build/icyphy/ptII/ptolemy/actor/lib/test/auto/matrixType.xml
----------------- Instantiating /home/travis/build/icyphy/ptII/ptolemy/actor/lib/test/auto/matrixType.xml
1 ms. Memory: 430080K Free: 247729K (58%)
----------------- Invoking toplevel() on ptolemy.moml.MoMLSimpleApplication@5ec0fc81
----------------- Done invoking toplevel() on ptolemy.moml.MoMLSimpleApplication@5ec0fc81
reloadAllAccessors: .matrixType

===========================================================================================
----------------- testing Mon Nov 25 06:27:29 UTC 2019 /home/travis/build/icyphy/ptII/ptolemy/actor/lib/test/auto/matrixType10.xml
----------------- Instantiating /home/travis/build/icyphy/ptII/ptolemy/actor/lib/test/auto/matrixType10.xml
2 ms. Memory: 430080K Free: 243123K (57%)
----------------- Invoking toplevel() on ptolemy.moml.MoMLSimpleApplication@68e19d28
----------------- Done invoking toplevel() on ptolemy.moml.MoMLSimpleApplication@68e19d28
reloadAllAccessors: .matrixType10

===========================================================================================
----------------- testing Mon Nov 25 06:27:29 UTC 2019 /home/travis/build/icyphy/ptII/ptolemy/actor/lib/test/auto/matrixType11.xml
----------------- Instantiating /home/travis/build/icyphy/ptII/ptolemy/actor/lib/test/auto/matrixType11.xml
1 ms. Memory: 430080K Free: 238003K (55%)
----------------- Invoking toplevel() on ptolemy.moml.MoMLSimpleApplication@577c56fa
----------------- Done invoking toplevel() on ptolemy.moml.MoMLSimpleApplication@577c56fa
reloadAllAccessors: .matrixType11

===========================================================================================
----------------- testing Mon Nov 25 06:27:29 UTC 2019 /home/travis/build/icyphy/ptII/ptolemy/actor/lib/test/auto/matrixType12.xml
----------------- Instantiating /home/travis/build/icyphy/ptII/ptolemy/actor/lib/test/auto/matrixType12.xml
1 ms. Memory: 430080K Free: 233393K (54%)
----------------- Invoking toplevel() on ptolemy.moml.MoMLSimpleApplication@3156de2c
----------------- Done invoking toplevel() on ptolemy.moml.MoMLSimpleApplication@3156de2c
reloadAllAccessors: .matrixType12

===========================================================================================
----------------- testing Mon Nov 25 06:27:29 UTC 2019 /home/travis/build/icyphy/ptII/ptolemy/actor/lib/test/auto/matrixType13.xml
----------------- Instantiating /home/travis/build/icyphy/ptII/ptolemy/actor/lib/test/auto/matrixType13.xml
2 ms. Memory: 430080K Free: 228273K (53%)
----------------- Invoking toplevel() on ptolemy.moml.MoMLSimpleApplication@71826e3f
----------------- Done invoking toplevel() on ptolemy.moml.MoMLSimpleApplication@71826e3f
reloadAllAccessors: .matrixType13

===========================================================================================
----------------- testing Mon Nov 25 06:27:29 UTC 2019 /home/travis/build/icyphy/ptII/ptolemy/actor/lib/test/auto/matrixType14.xml
----------------- Instantiating /home/travis/build/icyphy/ptII/ptolemy/actor/lib/test/auto/matrixType14.xml
2 ms. Memory: 430080K Free: 223153K (52%)
----------------- Invoking toplevel() on ptolemy.moml.MoMLSimpleApplication@79d5a3f3
----------------- Done invoking toplevel() on ptolemy.moml.MoMLSimpleApplication@79d5a3f3
reloadAllAccessors: .matrixType14

===========================================================================================
----------------- testing Mon Nov 25 06:27:29 UTC 2019 /home/travis/build/icyphy/ptII/ptolemy/actor/lib/test/auto/matrixType2.xml
----------------- Instantiating /home/travis/build/icyphy/ptII/ptolemy/actor/lib/test/auto/matrixType2.xml
1 ms. Memory: 430080K Free: 218033K (51%)
----------------- Invoking toplevel() on ptolemy.moml.MoMLSimpleApplication@10bb0a80
----------------- Done invoking toplevel() on ptolemy.moml.MoMLSimpleApplication@10bb0a80
reloadAllAccessors: .matrixType2

===========================================================================================
----------------- testing Mon Nov 25 06:27:29 UTC 2019 /home/travis/build/icyphy/ptII/ptolemy/actor/lib/test/auto/matrixType3.xml
----------------- Instantiating /home/travis/build/icyphy/ptII/ptolemy/actor/lib/test/auto/matrixType3.xml
4 ms. Memory: 430080K Free: 213427K (50%)
----------------- Invoking toplevel() on ptolemy.moml.MoMLSimpleApplication@680b3adb
----------------- Done invoking toplevel() on ptolemy.moml.MoMLSimpleApplication@680b3adb
reloadAllAccessors: .matrixType3

===========================================================================================
----------------- testing Mon Nov 25 06:27:29 UTC 2019 /home/travis/build/icyphy/ptII/ptolemy/actor/lib/test/auto/matrixType4.xml
----------------- Instantiating /home/travis/build/icyphy/ptII/ptolemy/actor/lib/test/auto/matrixType4.xml
2 ms. Memory: 430080K Free: 208307K (48%)
----------------- Invoking toplevel() on ptolemy.moml.MoMLSimpleApplication@aeb1cea
----------------- Done invoking toplevel() on ptolemy.moml.MoMLSimpleApplication@aeb1cea
reloadAllAccessors: .matrixType4

===========================================================================================
----------------- testing Mon Nov 25 06:27:29 UTC 2019 /home/travis/build/icyphy/ptII/ptolemy/actor/lib/test/auto/matrixType5.xml
----------------- Instantiating /home/travis/build/icyphy/ptII/ptolemy/actor/lib/test/auto/matrixType5.xml
1 ms. Memory: 430080K Free: 203697K (47%)
----------------- Invoking toplevel() on ptolemy.moml.MoMLSimpleApplication@4fea5c88
----------------- Done invoking toplevel() on ptolemy.moml.MoMLSimpleApplication@4fea5c88
reloadAllAccessors: .matrixType5

===========================================================================================
----------------- testing Mon Nov 25 06:27:29 UTC 2019 /home/travis/build/icyphy/ptII/ptolemy/actor/lib/test/auto/matrixType6.xml
----------------- Instantiating /home/travis/build/icyphy/ptII/ptolemy/actor/lib/test/auto/matrixType6.xml
1 ms. Memory: 430080K Free: 198577K (46%)
----------------- Invoking toplevel() on ptolemy.moml.MoMLSimpleApplication@65f097a9
----------------- Done invoking toplevel() on ptolemy.moml.MoMLSimpleApplication@65f097a9
reloadAllAccessors: .matrixType6

===========================================================================================
----------------- testing Mon Nov 25 06:27:29 UTC 2019 /home/travis/build/icyphy/ptII/ptolemy/actor/lib/test/auto/matrixType7.xml
----------------- Instantiating /home/travis/build/icyphy/ptII/ptolemy/actor/lib/test/auto/matrixType7.xml
2 ms. Memory: 430080K Free: 193971K (45%)
----------------- Invoking toplevel() on ptolemy.moml.MoMLSimpleApplication@1e7a4600
----------------- Done invoking toplevel() on ptolemy.moml.MoMLSimpleApplication@1e7a4600
reloadAllAccessors: .matrixType7

===========================================================================================
----------------- testing Mon Nov 25 06:27:29 UTC 2019 /home/travis/build/icyphy/ptII/ptolemy/actor/lib/test/auto/matrixType8.xml
----------------- Instantiating /home/travis/build/icyphy/ptII/ptolemy/actor/lib/test/auto/matrixType8.xml
1 ms. Memory: 430080K Free: 188851K (44%)
----------------- Invoking toplevel() on ptolemy.moml.MoMLSimpleApplication@52945cf1
----------------- Done invoking toplevel() on ptolemy.moml.MoMLSimpleApplication@52945cf1
reloadAllAccessors: .matrixType8

===========================================================================================
----------------- testing Mon Nov 25 06:27:29 UTC 2019 /home/travis/build/icyphy/ptII/ptolemy/actor/lib/test/auto/matrixType9.xml
----------------- Instantiating /home/travis/build/icyphy/ptII/ptolemy/actor/lib/test/auto/matrixType9.xml
1 ms. Memory: 430080K Free: 184241K (43%)
----------------- Invoking toplevel() on ptolemy.moml.MoMLSimpleApplication@f6f9e44
----------------- Done invoking toplevel() on ptolemy.moml.MoMLSimpleApplication@f6f9e44
reloadAllAccessors: .matrixType9

===========================================================================================
----------------- testing Mon Nov 25 06:27:29 UTC 2019 /home/travis/build/icyphy/ptII/ptolemy/actor/lib/test/auto/paraFunctest.xml
----------------- Instantiating /home/travis/build/icyphy/ptII/ptolemy/actor/lib/test/auto/paraFunctest.xml
2 ms. Memory: 430080K Free: 179635K (42%)
----------------- Invoking toplevel() on ptolemy.moml.MoMLSimpleApplication@658d512a
----------------- Done invoking toplevel() on ptolemy.moml.MoMLSimpleApplication@658d512a
reloadAllAccessors: .paraFunctest

===========================================================================================
----------------- testing Mon Nov 25 06:27:29 UTC 2019 /home/travis/build/icyphy/ptII/ptolemy/actor/lib/test/auto/paraFunctest2.xml
----------------- Instantiating /home/travis/build/icyphy/ptII/ptolemy/actor/lib/test/auto/paraFunctest2.xml
2 ms. Memory: 430080K Free: 176049K (41%)
----------------- Invoking toplevel() on ptolemy.moml.MoMLSimpleApplication@16088897
----------------- Done invoking toplevel() on ptolemy.moml.MoMLSimpleApplication@16088897
reloadAllAccessors: .paraFunctest2

===========================================================================================
----------------- testing Mon Nov 25 06:27:29 UTC 2019 /home/travis/build/icyphy/ptII/ptolemy/actor/lib/test/auto/parameterPassing.xml
----------------- Instantiating /home/travis/build/icyphy/ptII/ptolemy/actor/lib/test/auto/parameterPassing.xml
1 ms. Memory: 430080K Free: 171443K (40%)
----------------- Invoking toplevel() on ptolemy.moml.MoMLSimpleApplication@5b2000ed
----------------- Done invoking toplevel() on ptolemy.moml.MoMLSimpleApplication@5b2000ed
reloadAllAccessors: .parameterPassing

===========================================================================================
----------------- testing Mon Nov 25 06:27:29 UTC 2019 /home/travis/build/icyphy/ptII/ptolemy/actor/lib/test/auto/record.xml
----------------- Instantiating /home/travis/build/icyphy/ptII/ptolemy/actor/lib/test/auto/record.xml
4 ms. Memory: 430080K Free: 166833K (39%)
----------------- Invoking toplevel() on ptolemy.moml.MoMLSimpleApplication@6d65ab27
----------------- Done invoking toplevel() on ptolemy.moml.MoMLSimpleApplication@6d65ab27
reloadAllAccessors: .record

===========================================================================================
----------------- testing Mon Nov 25 06:27:29 UTC 2019 /home/travis/build/icyphy/ptII/ptolemy/actor/lib/test/auto/sizedarray1.xml
----------------- Instantiating /home/travis/build/icyphy/ptII/ptolemy/actor/lib/test/auto/sizedarray1.xml
2 ms. Memory: 430080K Free: 161203K (37%)
----------------- Invoking toplevel() on ptolemy.moml.MoMLSimpleApplication@5b2e6d9e
----------------- Done invoking toplevel() on ptolemy.moml.MoMLSimpleApplication@5b2e6d9e
reloadAllAccessors: .sizedarray1

===========================================================================================
----------------- testing Mon Nov 25 06:27:29 UTC 2019 /home/travis/build/icyphy/ptII/ptolemy/actor/lib/test/auto/sizedarray2.xml
----------------- Instantiating /home/travis/build/icyphy/ptII/ptolemy/actor/lib/test/auto/sizedarray2.xml
3 ms. Memory: 430080K Free: 156083K (36%)
----------------- Invoking toplevel() on ptolemy.moml.MoMLSimpleApplication@3b53e669
----------------- Done invoking toplevel() on ptolemy.moml.MoMLSimpleApplication@3b53e669
reloadAllAccessors: .sizedarray2

===========================================================================================
----------------- testing Mon Nov 25 06:27:29 UTC 2019 /home/travis/build/icyphy/ptII/ptolemy/actor/lib/test/auto/twoPublishers.xml
----------------- Instantiating /home/travis/build/icyphy/ptII/ptolemy/actor/lib/test/auto/twoPublishers.xml
7 ms. Memory: 430080K Free: 145329K (34%)
----------------- Invoking toplevel() on ptolemy.moml.MoMLSimpleApplication@18310c06
----------------- Done invoking toplevel() on ptolemy.moml.MoMLSimpleApplication@18310c06
reloadAllAccessors: .twoPublishers
AutoTests.java: About to close Vertx.
AutoTests.java: Vertx closed.
]]></system-out>
  <system-err><![CDATA[java.lang.RuntimeException: Execution failed
	at ptolemy.moml.MoMLSimpleApplication$UnloadThread.run(MoMLSimpleApplication.java:402)
Caused by: java.lang.RuntimeException: StringUtilities.exit() was called. Normally, we would exit here because Manager.exitAfterWrapup() was called.  However, because the ptolemy.ptII.exitAfterWrapup property is set, we throw this exception instead.
	at ptolemy.util.StringUtilities.exit(StringUtilities.java:365)
	at ptolemy.actor.Manager.wrapup(Manager.java:1549)
	at ptolemy.actor.Manager.execute(Manager.java:407)
	at ptolemy.actor.Manager.run(Manager.java:1263)
	at ptolemy.actor.Manager$PtolemyRunThread.run(Manager.java:1933)
Warning: '.top.test' is in training mode, set the trainingMode parameter to false before checking in
Warning: '.top.test' is in training mode, set the trainingMode parameter to false before checking in
Warning: '.top.test' is in training mode, set the trainingMode parameter to false before checking in
Warning: '.BooleanSwitch_RegressionTest_WrongTrainingValues.Test' is in training mode, set the trainingMode parameter to false before checking in
Warning: '.BooleanSwitch_RegressionTest_WrongTrainingValues.Test2' is in training mode, set the trainingMode parameter to false before checking in
Warning: '.BooleanSwitch_RegressionTest_WrongTrainingValues.Test2' The test produced 0 tokens.
Warning: '.top.testExceptionHandler' is in training mode, set the trainingMode parameter to false before checking in
java.lang.RuntimeException: Execution failed
	at ptolemy.moml.MoMLSimpleApplication$UnloadThread.run(MoMLSimpleApplication.java:402)
Caused by: ptolemy.kernel.util.IllegalActionException: PublisherPorts cannot be used at the top level, use a Publisher actor instead.
  in .PublisherPortToplevelSubscriber.PublisherPort
	at ptolemy.actor.PublisherPort.preinitialize(PublisherPort.java:403)
	at ptolemy.actor.CompositeActor.preinitialize(CompositeActor.java:1769)
	at ptolemy.actor.Manager.preinitializeAndResolveTypes(Manager.java:1040)
	at ptolemy.actor.Manager.initialize(Manager.java:710)
	at ptolemy.actor.Manager.execute(Manager.java:356)
	at ptolemy.actor.Manager.run(Manager.java:1263)
	at ptolemy.actor.Manager$PtolemyRunThread.run(Manager.java:1933)
java.lang.reflect.InvocationTargetException
	at java.base/jdk.internal.reflect.NativeConstructorAccessorImpl.newInstance0(Native Method)
	at java.base/jdk.internal.reflect.NativeConstructorAccessorImpl.newInstance(NativeConstructorAccessorImpl.java:62)
	at java.base/jdk.internal.reflect.DelegatingConstructorAccessorImpl.newInstance(DelegatingConstructorAccessorImpl.java:45)
	at java.base/java.lang.reflect.Constructor.newInstance(Constructor.java:490)
	at ptolemy.util.test.junit.AutoKnownFailedTests.RunModel(AutoKnownFailedTests.java:105)
	at java.base/jdk.internal.reflect.NativeMethodAccessorImpl.invoke0(Native Method)
	at java.base/jdk.internal.reflect.NativeMethodAccessorImpl.invoke(NativeMethodAccessorImpl.java:62)
	at java.base/jdk.internal.reflect.DelegatingMethodAccessorImpl.invoke(DelegatingMethodAccessorImpl.java:43)
	at java.base/java.lang.reflect.Method.invoke(Method.java:566)
	at org.junit.runners.model.FrameworkMethod$1.runReflectiveCall(FrameworkMethod.java:44)
	at org.junit.internal.runners.model.ReflectiveCallable.run(ReflectiveCallable.java:15)
	at org.junit.runners.model.FrameworkMethod.invokeExplosively(FrameworkMethod.java:41)
	at junitparams.internal.InvokeParameterisedMethod.evaluate(InvokeParameterisedMethod.java:102)
	at org.junit.internal.runners.statements.FailOnTimeout$1.run(FailOnTimeout.java:28)
Caused by: ptolemy.kernel.util.IllegalActionException: PublisherPorts cannot be used at the top level, use a Publisher actor instead.
  in .PublisherPortToplevelSubscriber.PublisherPort
	at ptolemy.actor.PublisherPort.preinitialize(PublisherPort.java:403)
	at ptolemy.actor.CompositeActor.preinitialize(CompositeActor.java:1769)
	at ptolemy.actor.Manager.preinitializeAndResolveTypes(Manager.java:1040)
	at ptolemy.actor.Manager.initialize(Manager.java:710)
	at ptolemy.actor.Manager.execute(Manager.java:356)
	at ptolemy.actor.Manager.run(Manager.java:1263)
	at ptolemy.actor.Manager$PtolemyRunThread.run(Manager.java:1933)
java.lang.RuntimeException: Execution failed
	at ptolemy.moml.MoMLSimpleApplication$UnloadThread.run(MoMLSimpleApplication.java:402)
Caused by: ptolemy.kernel.util.IllegalActionException: SubscriberPorts cannot be used at the top level, use a Subscriber actor instead.
  in .PublisherSubscriberPortToplevel.SubscriberPort
	at ptolemy.actor.SubscriberPort.preinitialize(SubscriberPort.java:328)
	at ptolemy.actor.CompositeActor.preinitialize(CompositeActor.java:1769)
	at ptolemy.actor.Manager.preinitializeAndResolveTypes(Manager.java:1040)
	at ptolemy.actor.Manager.initialize(Manager.java:710)
	at ptolemy.actor.Manager.execute(Manager.java:356)
	at ptolemy.actor.Manager.run(Manager.java:1263)
	at ptolemy.actor.Manager$PtolemyRunThread.run(Manager.java:1933)
java.lang.reflect.InvocationTargetException
	at java.base/jdk.internal.reflect.NativeConstructorAccessorImpl.newInstance0(Native Method)
	at java.base/jdk.internal.reflect.NativeConstructorAccessorImpl.newInstance(NativeConstructorAccessorImpl.java:62)
	at java.base/jdk.internal.reflect.DelegatingConstructorAccessorImpl.newInstance(DelegatingConstructorAccessorImpl.java:45)
	at java.base/java.lang.reflect.Constructor.newInstance(Constructor.java:490)
	at ptolemy.util.test.junit.AutoKnownFailedTests.RunModel(AutoKnownFailedTests.java:105)
	at java.base/jdk.internal.reflect.NativeMethodAccessorImpl.invoke0(Native Method)
	at java.base/jdk.internal.reflect.NativeMethodAccessorImpl.invoke(NativeMethodAccessorImpl.java:62)
	at java.base/jdk.internal.reflect.DelegatingMethodAccessorImpl.invoke(DelegatingMethodAccessorImpl.java:43)
	at java.base/java.lang.reflect.Method.invoke(Method.java:566)
	at org.junit.runners.model.FrameworkMethod$1.runReflectiveCall(FrameworkMethod.java:44)
	at org.junit.internal.runners.model.ReflectiveCallable.run(ReflectiveCallable.java:15)
	at org.junit.runners.model.FrameworkMethod.invokeExplosively(FrameworkMethod.java:41)
	at junitparams.internal.InvokeParameterisedMethod.evaluate(InvokeParameterisedMethod.java:102)
	at org.junit.internal.runners.statements.FailOnTimeout$1.run(FailOnTimeout.java:28)
Caused by: ptolemy.kernel.util.IllegalActionException: SubscriberPorts cannot be used at the top level, use a Subscriber actor instead.
  in .PublisherSubscriberPortToplevel.SubscriberPort
	at ptolemy.actor.SubscriberPort.preinitialize(SubscriberPort.java:328)
	at ptolemy.actor.CompositeActor.preinitialize(CompositeActor.java:1769)
	at ptolemy.actor.Manager.preinitializeAndResolveTypes(Manager.java:1040)
	at ptolemy.actor.Manager.initialize(Manager.java:710)
	at ptolemy.actor.Manager.execute(Manager.java:356)
	at ptolemy.actor.Manager.run(Manager.java:1263)
	at ptolemy.actor.Manager$PtolemyRunThread.run(Manager.java:1933)
java.lang.RuntimeException: Execution failed
	at ptolemy.moml.MoMLSimpleApplication$UnloadThread.run(MoMLSimpleApplication.java:402)
Caused by: ptolemy.kernel.util.IllegalActionException: SubscriptionAggregatorPorts cannot be used at the top level, use a SubscriptionAggregator actor instead.
  in .PublisherSubscriptionAggregatorPort.SubscriptionAggregatorPort
	at ptolemy.actor.SubscriptionAggregatorPort.preinitialize(SubscriptionAggregatorPort.java:353)
	at ptolemy.actor.CompositeActor.preinitialize(CompositeActor.java:1769)
	at ptolemy.actor.Manager.preinitializeAndResolveTypes(Manager.java:1040)
	at ptolemy.actor.Manager.initialize(Manager.java:710)
	at ptolemy.actor.Manager.execute(Manager.java:356)
	at ptolemy.actor.Manager.run(Manager.java:1263)
	at ptolemy.actor.Manager$PtolemyRunThread.run(Manager.java:1933)
java.lang.reflect.InvocationTargetException
	at java.base/jdk.internal.reflect.NativeConstructorAccessorImpl.newInstance0(Native Method)
	at java.base/jdk.internal.reflect.NativeConstructorAccessorImpl.newInstance(NativeConstructorAccessorImpl.java:62)
	at java.base/jdk.internal.reflect.DelegatingConstructorAccessorImpl.newInstance(DelegatingConstructorAccessorImpl.java:45)
	at java.base/java.lang.reflect.Constructor.newInstance(Constructor.java:490)
	at ptolemy.util.test.junit.AutoKnownFailedTests.RunModel(AutoKnownFailedTests.java:105)
	at java.base/jdk.internal.reflect.NativeMethodAccessorImpl.invoke0(Native Method)
	at java.base/jdk.internal.reflect.NativeMethodAccessorImpl.invoke(NativeMethodAccessorImpl.java:62)
	at java.base/jdk.internal.reflect.DelegatingMethodAccessorImpl.invoke(DelegatingMethodAccessorImpl.java:43)
	at java.base/java.lang.reflect.Method.invoke(Method.java:566)
	at org.junit.runners.model.FrameworkMethod$1.runReflectiveCall(FrameworkMethod.java:44)
	at org.junit.internal.runners.model.ReflectiveCallable.run(ReflectiveCallable.java:15)
	at org.junit.runners.model.FrameworkMethod.invokeExplosively(FrameworkMethod.java:41)
	at junitparams.internal.InvokeParameterisedMethod.evaluate(InvokeParameterisedMethod.java:102)
	at org.junit.internal.runners.statements.FailOnTimeout$1.run(FailOnTimeout.java:28)
Caused by: ptolemy.kernel.util.IllegalActionException: SubscriptionAggregatorPorts cannot be used at the top level, use a SubscriptionAggregator actor instead.
  in .PublisherSubscriptionAggregatorPort.SubscriptionAggregatorPort
	at ptolemy.actor.SubscriptionAggregatorPort.preinitialize(SubscriptionAggregatorPort.java:353)
	at ptolemy.actor.CompositeActor.preinitialize(CompositeActor.java:1769)
	at ptolemy.actor.Manager.preinitializeAndResolveTypes(Manager.java:1040)
	at ptolemy.actor.Manager.initialize(Manager.java:710)
	at ptolemy.actor.Manager.execute(Manager.java:356)
	at ptolemy.actor.Manager.run(Manager.java:1263)
	at ptolemy.actor.Manager$PtolemyRunThread.run(Manager.java:1933)
java.lang.RuntimeException: Execution failed
	at ptolemy.moml.MoMLSimpleApplication$UnloadThread.run(MoMLSimpleApplication.java:402)
Caused by: ptolemy.kernel.util.IllegalActionException: TypeTest actor has no training data.
  in .sizedarray3.TypeTest
	at ptolemy.actor.lib.TypeTest.initialize(TypeTest.java:250)
	at ptolemy.actor.Director.initialize(Director.java:938)
	at ptolemy.actor.Director.initialize(Director.java:907)
	at ptolemy.actor.sched.StaticSchedulingDirector.initialize(StaticSchedulingDirector.java:159)
	at ptolemy.domains.sdf.kernel.SDFDirector.initialize(SDFDirector.java:544)
	at ptolemy.actor.CompositeActor.initialize(CompositeActor.java:935)
	at ptolemy.actor.Manager.initialize(Manager.java:724)
	at ptolemy.actor.Manager.execute(Manager.java:356)
	at ptolemy.actor.Manager.run(Manager.java:1263)
	at ptolemy.actor.Manager$PtolemyRunThread.run(Manager.java:1933)
java.lang.reflect.InvocationTargetException
	at java.base/jdk.internal.reflect.NativeConstructorAccessorImpl.newInstance0(Native Method)
	at java.base/jdk.internal.reflect.NativeConstructorAccessorImpl.newInstance(NativeConstructorAccessorImpl.java:62)
	at java.base/jdk.internal.reflect.DelegatingConstructorAccessorImpl.newInstance(DelegatingConstructorAccessorImpl.java:45)
	at java.base/java.lang.reflect.Constructor.newInstance(Constructor.java:490)
	at ptolemy.util.test.junit.AutoKnownFailedTests.RunModel(AutoKnownFailedTests.java:105)
	at java.base/jdk.internal.reflect.NativeMethodAccessorImpl.invoke0(Native Method)
	at java.base/jdk.internal.reflect.NativeMethodAccessorImpl.invoke(NativeMethodAccessorImpl.java:62)
	at java.base/jdk.internal.reflect.DelegatingMethodAccessorImpl.invoke(DelegatingMethodAccessorImpl.java:43)
	at java.base/java.lang.reflect.Method.invoke(Method.java:566)
	at org.junit.runners.model.FrameworkMethod$1.runReflectiveCall(FrameworkMethod.java:44)
	at org.junit.internal.runners.model.ReflectiveCallable.run(ReflectiveCallable.java:15)
	at org.junit.runners.model.FrameworkMethod.invokeExplosively(FrameworkMethod.java:41)
	at junitparams.internal.InvokeParameterisedMethod.evaluate(InvokeParameterisedMethod.java:102)
	at org.junit.internal.runners.statements.FailOnTimeout$1.run(FailOnTimeout.java:28)
Caused by: ptolemy.kernel.util.IllegalActionException: TypeTest actor has no training data.
  in .sizedarray3.TypeTest
	at ptolemy.actor.lib.TypeTest.initialize(TypeTest.java:250)
	at ptolemy.actor.Director.initialize(Director.java:938)
	at ptolemy.actor.Director.initialize(Director.java:907)
	at ptolemy.actor.sched.StaticSchedulingDirector.initialize(StaticSchedulingDirector.java:159)
	at ptolemy.domains.sdf.kernel.SDFDirector.initialize(SDFDirector.java:544)
	at ptolemy.actor.CompositeActor.initialize(CompositeActor.java:935)
	at ptolemy.actor.Manager.initialize(Manager.java:724)
	at ptolemy.actor.Manager.execute(Manager.java:356)
	at ptolemy.actor.Manager.run(Manager.java:1263)
	at ptolemy.actor.Manager$PtolemyRunThread.run(Manager.java:1933)
]]></system-err>
</testsuite>
