<?xml version="1.0" encoding="UTF-8" ?>
<testsuite errors="0" failures="0" hostname="travis-job-3bf1fdb5-6a0a-4e53-af3d-6075379da51a" name="ptolemy.domains.de.test.junit.JUnitTclTest" skipped="0" tests="101" time="126.85" timestamp="2018-12-11T02:59:19">
  <properties>
    <property name="npm.executable" value="npm" />
    <property name="file.encoding.pkg" value="sun.io" />
    <property name="env.TRAVIS_ROOT" value="/" />
    <property name="ptII.mk.exists" value="true" />
    <property name="env.TRAVIS_APP_HOST" value="build.travis-ci.org" />
    <property name="env.rvm_bin_path" value="/home/travis/.rvm/bin" />
    <property name="java.home" value="/usr/lib/jvm/java-8-oracle/jre" />
    <property name="env.TRAVIS_JOB_NUMBER" value="862.9" />
    <property name="env.TRAVIS_HOME" value="/home/travis" />
    <property name="env.DISPLAY" value=":99.0" />
    <property name="java.net.preferIPv4Stack" value="true" />
    <property name="env.TRAVIS_INIT" value="upstart" />
    <property name="env.SSH_TTY" value="/dev/pts/0" />
    <property name="env.RUN_TESTS" value="false" />
    <property name="timeout.short" value="1000000" />
    <property name="env.TRAVIS_JOB_NAME" value="" />
    <property name="env.TRAVIS_STACK_NODE_ATTRIBUTES" value="/.node-attributes.yml" />
    <property name="junit.formatter" value="xml" />
    <property name="java.endorsed.dirs" value="/usr/lib/jvm/java-8-oracle/jre/lib/endorsed" />
    <property name="env.TRAVIS_SUDO" value="true" />
    <property name="env.LOGNAME" value="travis" />
    <property name="jsdoc.home" value="node_modules/@terraswarm/jsdoc" />
    <property name="debuglevel" value="source,lines,vars" />
    <property name="checkstyle.formatter" value="xml" />
    <property name="bin.vergil.makeable" value="true" />
    <property name="env._system_version" value="14.04" />
    <property name="sun.os.patch.level" value="unknown" />
    <property name="java.vendor.url" value="http://java.oracle.com/" />
    <property name="env.TRAVIS_BUILD_WEB_URL" value="https://travis-ci.org/icyphy/ptII/builds/466311049" />
    <property name="java.version" value="1.8.0_151" />
    <property name="env.TZ" value="UTC" />
    <property name="env.PT_NO_NET" value="true" />
    <property name="env.TRAVIS_PULL_REQUEST_SHA" value="" />
    <property name="env.TRAVIS_SECURE_ENV_VARS" value="true" />
    <property name="env._system_type" value="Linux" />
    <property name="java.vendor.url.bug" value="http://bugreport.sun.com/bugreport/" />
    <property name="env.SSH_CLIENT" value="10.10.7.231 49176 22" />
    <property name="npmjs-org-is-up" value="true" />
    <property name="env.GEM_HOME" value="/home/travis/.rvm/gems/ruby-2.4.1" />
    <property name="env.HAS_ANTARES_THREE_LITTLE_FRONZIES_BADGE" value="true" />
    <property name="env.PS4" value="+" />
    <property name="ant.project.invoked-targets" value="build,test.core2.xml" />
    <property name="env.TRAVIS_PULL_REQUEST_BRANCH" value="" />
    <property name="env.TRAVIS_REPO_SLUG" value="icyphy/ptII" />
    <property name="env.TRAVIS_APT_PROXY" value="http://build-cache.travisci.net" />
    <property name="node.in.path" value="true" />
    <property name="java.maxmemory" value="1400m" />
    <property name="env.RUBY_VERSION" value="ruby-2.4.1" />
    <property name="user.name" value="travis" />
    <property name="env.LANG" value="en_US.UTF-8" />
    <property name="sun.io.unicode.encoding" value="UnicodeLittle" />
    <property name="sun.jnu.encoding" value="UTF-8" />
    <property name="java.runtime.name" value="Java(TM) SE Runtime Environment" />
    <property name="usefile" value="false" />
    <property name="return.code" value="0" />
    <property name="junit.single.formatter" value="plain" />
    <property name="env.DYLD_LIBRARY_PATH" value="/home/travis/pthla/certi-tools/lib:" />
    <property name="env.DEBIAN_FRONTEND" value="noninteractive" />
    <property name="env.SSH_CONNECTION" value="10.10.7.231 49176 10.20.1.66 22" />
    <property name="env.MYSQL_UNIX_PORT" value="/var/run/mysqld/mysqld.sock" />
    <property name="env.TRAVIS_ALLOW_FAILURE" value="false" />
    <property name="env.LC_ALL" value="en_US.UTF-8" />
    <property name="env.TRAVIS_JOB_WEB_URL" value="https://travis-ci.org/icyphy/ptII/jobs/466311058" />
    <property name="java.specification.name" value="Java Platform API Specification" />
    <property name="node.works" value="true" />
    <property name="user.timezone" value="" />
    <property name="path.separator" value=":" />
    <property name="env.TRAVIS_ENABLE_INFRA_DETECTION" value="true" />
    <property name="env.PYTHON_CFLAGS" value="-g -fstack-protector --param=ssp-buffer-size=4 -Wformat -Werror=format-security" />
    <property name="timeout.long" value="4000000" />
    <property name="env.CERTI_HOME" value="/home/travis/pthla/certi-tools" />
    <property name="file.encoding" value="UTF-8" />
    <property name="ant.file.ptII" value="/home/travis/build/icyphy/ptII/build.xml" />
    <property name="javadoc.packagenames" value="com.*,diva.*,lbnl.*,org.hlacerti.*,org.json.*,org.ptolemy.*,org.terraswarm.*,ptolemy.*,ptserver.*" />
    <property name="env.TRAVIS_PULL_REQUEST_SLUG" value="" />
    <property name="ant.project.default-target" value="build" />
    <property name="env.GIT_ASKPASS" value="echo" />
    <property name="env.HOME" value="/home/travis" />
    <property name="sun.java.command" value="org.apache.tools.ant.taskdefs.optional.junit.JUnitTestRunner ptolemy.domains.de.test.junit.JUnitTclTest skipNonTests=false filtertrace=true haltOnError=false haltOnFailure=false formatter=org.apache.tools.ant.taskdefs.optional.junit.OutErrSummaryJUnitResultFormatter showoutput=true outputtoformatters=true logfailedtests=true threadid=0 logtestlistenerevents=false formatter=org.apache.tools.ant.taskdefs.optional.junit.XMLJUnitResultFormatter,/home/travis/build/icyphy/ptII/reports/junit/TEST-ptolemy.domains.de.test.junit.JUnitTclTest.xml crashfile=/home/travis/build/icyphy/ptII/junitvmwatcher6807600241107727592.properties propsfile=/home/travis/build/icyphy/ptII/junit3998611368414992407.properties" />
    <property name="env.MANPATH" value="/home/travis/.nvm/versions/node/v7.10.1/share/man:/home/travis/.kiex/elixirs/elixir-1.4.5/man:/home/travis/.rvm/rubies/ruby-2.4.1/share/man:/usr/local/man:/usr/local/cmake-3.9.2/man:/usr/local/clang-5.0.0/share/man:/usr/local/share/man:/usr/share/man:/home/travis/.rvm/man" />
    <property name="env.COMPOSER_NO_INTERACTION" value="1" />
    <property name="env.JDK_SWITCHER_DEFAULT" value="oraclejdk8" />
    <property name="env.TRAVIS_TIMER_ID" value="15314868" />
    <property name="ant.file" value="/home/travis/build/icyphy/ptII/build.xml" />
    <property name="env.TRAVIS_COMMIT_RANGE" value="98eff1ac1843239f1052e53ad7be59ce9d273397...75513823451bc508c80d81c488e68b4ef806ca15" />
    <property name="env._system_name" value="Ubuntu" />
    <property name="timeout" value="2400000" />
    <property name="ptII.classpath.optional.property" value="/home/travis/build/icyphy/ptII/lib/bsh-2.0b4.jar:/home/travis/build/icyphy/ptII/lib/ptCal.jar:/home/travis/build/icyphy/ptII/lib/java_cup.jar:/home/travis/build/icyphy/ptII/lib/saxon8.jar:/home/travis/build/icyphy/ptII/lib/saxon8-dom.jar:/home/travis/build/icyphy/ptII/lib/chic.jar:/home/travis/build/icyphy/ptII/lib/ptcolt.jar:/usr/lib/jvm/java-8-oracle/lib/tools.jar:/usr/lib/eclipse/plugins/org.eclipse.jdt.core_3.8.2.dist.jar:/usr/lib/eclipse/plugins/org.eclipse.core.runtime_3.8.0.dist.jar:/usr/lib/eclipse/plugins/org.eclipse.osgi_3.8.1.dist.jar:/usr/lib/eclipse/plugins/org.eclipse.core.resources_3.8.1.dist.jar:/usr/lib/eclipse/plugins/org.eclipse.equinox.common_3.6.100.dist.jar:/usr/lib/eclipse/plugins/org.eclipse.core.jobs_3.5.200.dist.jar:/usr/lib/eclipse/plugins/org.eclipse.core.contenttype_3.4.200.dist.jar:/usr/lib/eclipse/plugins/org.eclipse.equinox.preferences_3.5.0.dist.jar:/usr/lib/eclipse/plugins/org.eclipse.text_3.5.200.dist.jar:/usr/lib/eclipse/plugins/org.eclipse.ui.workbench_3.8.1.dist.jar:/usr/lib/eclipse/plugins/org.eclipse.jface_3.8.0.dist.jar:/usr/lib/eclipse/plugins/org.eclipse.swt_3.8.2.jar:/usr/lib/eclipse/plugins/org.eclipse.jface.text_3.8.1.dist.jar:/usr/lib/eclipse/plugins/org.eclipse.ui.workbench.texteditor_3.8.0.dist.jar:/usr/lib/eclipse/plugins/org.eclipse.ui.editors_3.8.0.dist.jar:/usr/lib/eclipse/plugins/org.eclipse.core.commands_3.6.1.dist.jar:/usr/lib/eclipse/plugins/org.eclipse.equinox.registry_3.5.200.dist.jar:/usr/lib/eclipse/plugins/org.eclipse.ui.console_3.5.100.dist.jar:/usr/lib/eclipse/plugins/org.eclipse.ui.forms_3.5.200.dist.jar:/usr/lib/eclipse/plugins/org.eclipse.ui.ide_3.8.1.dist.jar:/home/travis/build/icyphy/ptII/vendors/oracle/dbxml.jar:/home/travis/build/icyphy/ptII/vendors/oracle/db.jar:/home/travis/build/icyphy/ptII/vendors/misc/itext/iText.jar:/home/travis/build/icyphy/ptII/lib/g4ltl.jar:/home/travis/build/icyphy/ptII/lib/StructuralCoder.jar:/home/travis/build/icyphy/ptII/lib/org-openide-util.jar:/home/travis/build/icyphy/ptII/lib/org-openide-util-lookup.jar:/home/travis/build/icyphy/ptII/lib/org-netbeans-api-visual.jar:/home/travis/build/icyphy/ptII/vendors/jai-1_1_2_01/lib/jai_core.jar:/home/travis/build/icyphy/ptII/vendors/jai-1_1_2_01/lib/jai_codec.jar:/home/travis/build/icyphy/ptII/lib/jcerti.jar:/home/travis/build/icyphy/ptII/lib/smack.jar:/home/travis/build/icyphy/ptII/lib/smackx.jar:/home/travis/build/icyphy/ptII/lib/jetty-all-8.1.5-v20120716.jar:/home/travis/build/icyphy/ptII/lib/javax.servlet-api-3.0.1.jar:/home/travis/build/icyphy/ptII/lib/javax.mail.jar:/home/travis/build/icyphy/ptII/vendors/JMF-2.1.1e/lib/jmf.jar:/home/travis/build/icyphy/ptII/lib/jna-4.0.0-variadic.jar:/home/travis/build/icyphy/ptII/vendors/misc/joystick/Joystick.jar:/home/travis/build/icyphy/ptII/lib/ptjacl.jar:/home/travis/build/icyphy/ptII/lib/jsoup-1.8.2.jar:/home/travis/build/icyphy/ptII/lib/junit-4.8.2.jar:/home/travis/build/icyphy/ptII/lib/JUnitParams-0.4.0.jar:/home/travis/build/icyphy/ptII/ptolemy/actor/lib/excel/jxl.jar:/home/travis/build/icyphy/ptII/lib/jython.jar:/home/travis/build/icyphy/ptII/lib/kieler.jar:/home/travis/build/icyphy/ptII/vendors/opencv/share/OpenCV/java/opencv-341.jar:/home/travis/build/icyphy/ptII/lib/oscP5.jar:/home/travis/build/icyphy/ptII/lib/nrjavaserial-3.11.0.devel.jar:/home/travis/build/icyphy/ptII/vendors/j3d/lib/j3dcore.jar:/home/travis/build/icyphy/ptII/vendors/j3d/lib/j3dutils.jar:/home/travis/build/icyphy/ptII/vendors/j3d/lib/vecmath.jar:/home/travis/build/icyphy/ptII/ptolemy/distributed/jini/jar/jini-core.jar:/home/travis/build/icyphy/ptII/ptolemy/distributed/jini/jar/jini-ext.jar:/home/travis/build/icyphy/ptII/ptolemy/distributed/jini/jar/sun-util.jar:/home/travis/build/icyphy/ptII/lib/protobuf-java-2.4.1.jar:/home/travis/build/icyphy/ptII/lib/org.eclipse.paho.client.mqttv3.jar:/home/travis/build/icyphy/ptII/ptserver/lib/hessian-4.0.7.jar:/home/travis/build/icyphy/ptII/ptserver/lib/wmqtt.jar:/home/travis/build/icyphy/ptII/lib/mapss.jar:/home/travis/build/icyphy/ptII/ptolemy/actor/ptalon/antlr/antlr.jar:/home/travis/build/icyphy/ptII/lib/JRI.jar:/home/travis/build/icyphy/ptII/lib/commons-lang-2.6.jar:/home/travis/build/icyphy/ptII/lib/commons-logging-1.1.1.jar:/home/travis/build/icyphy/ptII/lib/sootclasses.jar:/home/travis/build/icyphy/ptII/ptolemy/actor/lib/database/mysql-connector-java-5.1.6-bin.jar:/home/travis/build/icyphy/ptII/vendors/misc/sphinx4/sphinx4-data-5prealpha.jar:/home/travis/build/icyphy/ptII/vendors/misc/sphinx4/sphinx4-core-5prealpha.jar:/home/travis/build/icyphy/ptII/lib/PDFRenderer.jar:/home/travis/build/icyphy/ptII/lib/svgSalamander.jar:/home/travis/build/icyphy/ptII/lib/rsyntaxtextarea-2.6.0-SNAPSHOT.jar:/home/travis/build/icyphy/ptII/lib/hazelcast-3.8.2.jar:/home/travis/build/icyphy/ptII/lib/jackson-annotations-2.9.0.jar:/home/travis/build/icyphy/ptII/lib/jackson-core-2.9.3.jar:/home/travis/build/icyphy/ptII/lib/jackson-databind-2.9.3.jar:/home/travis/build/icyphy/ptII/lib/netty-buffer-4.1.19.Final.jar:/home/travis/build/icyphy/ptII/lib/netty-codec-4.1.19.Final.jar:/home/travis/build/icyphy/ptII/lib/netty-codec-dns-4.1.19.Final.jar:/home/travis/build/icyphy/ptII/lib/netty-codec-http-4.1.19.Final.jar:/home/travis/build/icyphy/ptII/lib/netty-codec-http2-4.1.19.Final.jar:/home/travis/build/icyphy/ptII/lib/netty-common-4.1.19.Final.jar:/home/travis/build/icyphy/ptII/lib/netty-handler-4.1.19.Final.jar:/home/travis/build/icyphy/ptII/lib/netty-resolver-4.1.19.Final.jar:/home/travis/build/icyphy/ptII/lib/netty-resolver-dns-4.1.19.Final.jar:/home/travis/build/icyphy/ptII/lib/netty-transport-4.1.19.Final.jar:/home/travis/build/icyphy/ptII/lib/vertx-codegen-3.5.1.jar:/home/travis/build/icyphy/ptII/lib/vertx-core-3.5.2-SNAPSHOT.jar:/home/travis/build/icyphy/ptII/lib/vertx-hazelcast-3.5.1.jar:/home/travis/build/icyphy/ptII/lib/vertx-lang-js-3.5.1.jar:/home/travis/build/icyphy/ptII/lib/vertx-service-proxy-3.5.1.jar:/home/travis/build/icyphy/ptII/lib/vertx-web-3.5.1.jar:/home/travis/build/icyphy/ptII/lib/slf4j-api-1.7.13.jar:/home/travis/build/icyphy/ptII/lib/slf4j-simple-1.7.13.jar:/home/travis/build/icyphy/ptII/lib/webcam-capture-0.3.12.jar:/home/travis/build/icyphy/ptII/lib/bridj-0.7.0.jar:/home/travis/build/icyphy/ptII/lib/xbjlib-1.1.0.nrjavaserial.jar" />
    <property name="test.batch" value="**/junit/*.java" />
    <property name="env._" value="/usr/bin/timeout" />
    <property name="java.io.tmpdir" value="/tmp" />
    <property name="env.TRAVIS_INTERNAL_RUBY_REGEX" value="^ruby-(2\.[0-4]\.[0-9]|1\.9\.3)" />
    <property name="user.language" value="en" />
    <property name="env.HISTCONTROL" value="ignoredups:ignorespace" />
    <property name="env.GOROOT" value="/home/travis/.gimme/versions/go1.7.4.linux.amd64" />
    <property name="line.separator" value="&#xa;" />
    <property name="target" value="1.8" />
    <property name="env.TRAVIS_BUILD_DIR" value="/home/travis/build/icyphy/ptII" />
    <property name="env.ANT_OPTS" value="-Xmx2048m" />
    <property name="ant.file.type" value="file" />
    <property name="ptolemy.ptII.batchMode" value="true" />
    <property name="env.HISTSIZE" value="1000" />
    <property name="env.MERB_ENV" value="test" />
    <property name="java.vm.info" value="mixed mode" />
    <property name="source" value="1.8" />
    <property name="java.vm.specification.name" value="Java Virtual Machine Specification" />
    <property name="env.TRAVIS_TEST_RESULT" value="0" />
    <property name="jsdoc.command" value="node_modules/@terraswarm/jsdoc/jsdoc.js" />
    <property name="npm.works" value="true" />
    <property name="cobertura.dir" value="/home/travis/build/icyphy/ptII/vendors/cobertura-2.0.3" />
    <property name="env.rvm_path" value="/home/travis/.rvm" />
    <property name="env.GEM_PATH" value="/home/travis/.rvm/gems/ruby-2.4.1:/home/travis/.rvm/gems/ruby-2.4.1@global" />
    <property name="env.LC_CTYPE" value="en_US.UTF-8" />
    <property name="java.awt.printerjob" value="sun.print.PSPrinterJob" />
    <property name="env.TRAVIS_CMD" value="$PTII/bin/ptIITravisBuild.sh $SECONDS" />
    <property name="env.TRAVIS_STACK_NAME" value="garnet" />
    <property name="env.TRAVIS_TIMER_START_TIME" value="1544496665298388212" />
    <property name="ant.version" value="Apache Ant(TM) version 1.10.1 compiled on February 2 2017" />
    <property name="ptII.reports" value="/home/travis/build/icyphy/ptII/reports" />
    <property name="env.TRAVIS_STACK_TIMESTAMP" value="2017-12-05 19:33:09 UTC" />
    <property name="ant.file.type.ptII" value="file" />
    <property name="env.RBENV_SHELL" value="bash" />
    <property name="os.name" value="Linux" />
    <property name="java.specification.vendor" value="Oracle Corporation" />
    <property name="env.rvm_version" value="1.29.3 (latest)" />
    <property name="env.TRAVIS_INFRA" value="gce" />
    <property name="env.TERM" value="xterm" />
    <property name="java.vm.name" value="Java HotSpot(TM) 64-Bit Server VM" />
    <property name="env.TRAVIS_BUILD_NUMBER" value="862" />
    <property name="env.CI" value="true" />
    <property name="java.library.path" value="/home/travis/pthla/certi-tools/lib:/usr/lib/jni:/usr/local/share/OpenCV/java/:/usr/share/OpenCV/java::/usr/java/packages/lib/amd64:/usr/lib64:/lib64:/lib:/usr/lib" />
    <property name="env.rvm_prefix" value="/home/travis" />
    <property name="env.PATH" value="/home/travis/pthla/certi-tools/share/scripts:/home/travis/.rvm/gems/ruby-2.4.1/bin:/home/travis/.rvm/gems/ruby-2.4.1@global/bin:/home/travis/.rvm/rubies/ruby-2.4.1/bin:/home/travis/.rvm/bin:/home/travis/.nvm/versions/node/v7.10.1/bin:./node_modules/.bin:/home/travis/build/icyphy/ptII/bin:/home/travis/pthla/certi-tools/bin:/home/travis/bin:/home/travis/.local/bin:/opt/pyenv/shims:/home/travis/.phpenv/shims:/home/travis/perl5/perlbrew/bin:/home/travis/.kiex/elixirs/elixir-1.4.5/bin:/home/travis/.kiex/bin:/home/travis/gopath/bin:/home/travis/.gimme/versions/go1.7.4.linux.amd64/bin:/usr/local/phantomjs/bin:/usr/local/phantomjs:/usr/local/neo4j-3.2.7/bin:/usr/local/maven-3.5.2/bin:/usr/local/cmake-3.9.2/bin:/usr/local/clang-5.0.0/bin:/usr/local/sbin:/usr/local/bin:/usr/sbin:/usr/bin:/sbin:/bin:/home/travis/.phpenv/bin:/opt/pyenv/bin:/home/travis/.yarn/bin" />
    <property name="env.TRAVIS_OS_NAME" value="linux" />
    <property name="ant.java.version" value="1.8" />
    <property name="basedir" value="/home/travis/build/icyphy/ptII" />
    <property name="java.class.version" value="52.0" />
    <property name="env.SHLVL" value="3" />
    <property name="env.LD_LIBRARY_PATH" value="/home/travis/pthla/certi-tools/lib:/usr/lib/jni:/usr/local/share/OpenCV/java/:/usr/share/OpenCV/java:" />
    <property name="env.RACK_ENV" value="test" />
    <property name="ant.home" value="/home/travis/build/icyphy/ptII/ant" />
    <property name="env.PERLBREW_BASHRC_VERSION" value="0.80" />
    <property name="env.NVM_DIR" value="/home/travis/.nvm" />
    <property name="env.TRAVIS_BUILD_ID" value="466311049" />
    <property name="env.CERTI_FOM_PATH" value="/home/travis/pthla/certi-tools/share/federations" />
    <property name="env.PYENV_ROOT" value="/opt/pyenv" />
    <property name="env.TRAVIS_UID" value="2000" />
    <property name="env.rvm_pretty_print_flag" value="auto" />
    <property name="env.NVM_BIN" value="/home/travis/.nvm/versions/node/v7.10.1/bin" />
    <property name="env.TRAVIS_COMMIT" value="75513823451bc508c80d81c488e68b4ef806ca15" />
    <property name="env._system_arch" value="x86_64" />
    <property name="node.executable" value="node" />
    <property name="sun.boot.library.path" value="/usr/lib/jvm/java-8-oracle/jre/lib/amd64" />
    <property name="sun.management.compiler" value="HotSpot 64-Bit Tiered Compilers" />
    <property name="env.GOPATH" value="/home/travis/gopath" />
    <property name="java.awt.graphicsenv" value="sun.awt.X11GraphicsEnvironment" />
    <property name="ptolemy.ptII.dir" value="/home/travis/build/icyphy/ptII" />
    <property name="env.USER" value="travis" />
    <property name="env.HISTFILESIZE" value="2000" />
    <property name="timeout.longest" value="19000000" />
    <property name="env.TRAVIS_STACK_FEATURES" value="basic cassandra chromium couchdb disabled-ipv6 docker docker-compose elasticsearch firefox go-toolchain google-chrome jdk memcached mongodb mysql neo4j nodejs_interpreter perl_interpreter perlbrew phantomjs postgresql python_interpreter rabbitmq redis riak ruby_interpreter sqlite xserver" />
    <property name="env.TRAVIS_PULL_REQUEST" value="false" />
    <property name="env.PYENV_SHELL" value="bash" />
    <property name="ant.project.name" value="ptII" />
    <property name="java.vm.specification.version" value="1.8" />
    <property name="env.ANSI_RESET" value="\033[0m" />
    <property name="env.TRAVIS_DIST" value="trusty" />
    <property name="env.CERTI_VERSION" value="4.0.0" />
    <property name="env.NLSPATH" value="/usr/dt/lib/nls/msg/%L/%N.cat" />
    <property name="awt.toolkit" value="sun.awt.X11.XToolkit" />
    <property name="env.CERTI_HOST" value="localhost" />
    <property name="env.MY_RUBY_HOME" value="/home/travis/.rvm/rubies/ruby-2.4.1" />
    <property name="sun.cpu.isalist" value="" />
    <property name="env.TRAVIS_TMPDIR" value="/tmp/tmp.JXGwDlScnk" />
    <property name="java.ext.dirs" value="/usr/lib/jvm/java-8-oracle/jre/lib/ext:/usr/java/packages/lib/ext" />
    <property name="os.version" value="4.4.0-101-generic" />
    <property name="user.home" value="/home/travis" />
    <property name="env.MIX_ARCHIVES" value="/home/travis/.kiex/mix/elixir-1.4.5" />
    <property name="java.vm.vendor" value="Oracle Corporation" />
    <property name="env.TRAVIS_TAG" value="nightly" />
    <property name="env.ANSI_YELLOW" value="\033[33;1m" />
    <property name="env.TRAVIS_FILTERED" value="redirect_io" />
    <property name="env.ANSI_GREEN" value="\033[32;1m" />
    <property name="env.JAVA_HOME" value="/usr/lib/jvm/java-8-oracle" />
    <property name="env.PTII" value="/home/travis/build/icyphy/ptII" />
    <property name="javadoc.excludepackagenames" value="adm.cvs2svn.*,build.*,config.*,doc.coding.templates.*,jni.test.jni.meaningOfLife.*,jni.test.jni.testDeux.*,jni.test.jni.testTrois.*,org.terraswarm.accessor.accessors.web.node_modules.*,org.terraswarm.accessor.accessors.web.hosts.cordova.demo.*,org.terraswarm.accessor.accessors.web.hosts.cordova.plugins.*,org.terraswarm.accessor.accessors-svn.*,pt-modules.*,ptolemy.apps.agilent.*,ptolemy.apps.anytimecontrol.*,ptolemy.apps.apes.*,ptolemy.apps.charon.*,ptolemy.apps.crazyboard.*,ptolemy.apps.eclipse.*,ptolemy.apps.etherealSting.*,ptolemy.apps.fullscreen.*,ptolemy.apps.giotto.*,ptolemy.apps.ia.*,ptolemy.apps.interfaces.*,ptolemy.apps.jmf.*,ptolemy.apps.kurt.*,ptolemy.apps.kvm.*,ptolemy.apps.lego.*,ptolemy.apps.lejos.*,ptolemy.apps.midp.*,ptolemy.apps.mobileCoding.*,ptolemy.apps.pendulum.*,ptolemy.apps.rijndael.*,ptolemy.apps.robot.*,ptolemy.apps.security.*,ptolemy.apps.sobel.*,ptolemy.apps.soot.*,ptolemy.apps.throttle.*,ptolemy.apps.tini.*,ptolemy.apps.transmission.*,ptolemy.apps.vergil.*,ptolemy.apps.waba.*,ptolemy.apps.websensor.*,ptolemy.apps.webstart.*,ptolemy.apps.xsl.*,ptolemy.apps.zaurus.*,ptolemy.backtrack.eclipse.plugin.*,ptolemy.backtrack.test.*,ptolemy.codegen.c.actor.lib.oldJavaFiles.*,ptolemy.codegen.dsp.lib.*,ptolemy.codegen.kernel.newInterfaces.*,ptolemy.codegen.lib.*,ptolemy.copernicus.kernel.fragment.*,ptolemy.copernicus.shallow.cg.*,ptolemy.domains.giotto.demo.Hierarchy.Hierarchy.*,ptolemy.domains.giotto.demo.Multimode.Multimode.*,ptolemy.domains.giotto.demo.Simple.Simple.*,ptolemy.domains.gr.lib.experimental.*,ptolemy.domains.gro.*,ptolemy.domains.pdf.*,ptolemy.domains.ptinyos.demo.Surge.output.*,ptolemy.moml.test.NoPackageActor.java*,ptolemy.plot.adm.*,ptolemy.plot.servlet.*,reports.*,signed.*,src.*,target.*,vendors.*,ptolemy.cg.adapter.generic.program.procedural.c.mbed*,ptolemy.actor.lib.fmi.fmus.omc*,ptolemy.domains.openmodelica*,ptdb.kernel.bl.save.test.*,ptdb.kernel.bl.load.test.*,ptdb.kernel.bl.search.test.*,ptdb.kernel.bl.migration.test.*,ptdb.kernel.database.test.*,ptdb.test.*,ptdb.gui.test.*,org.ptolemy.scala.*,diva.util.java2d.svg.*,ptolemy.domains.ptinyos.*,ptolemy.actor.lib.fmi.fmipp.*,,org.terraswarm.accessor.accessors.web.node_modules.*,org.terraswarm.accessor.accessors-svn,ptolemy.apps.*,ptolemy.actor.ptalon.demo.ptinyos.SendAndReceiveCnt.output,ptolemy.actor.ptalon.demo.ptinyos.SenseToLeds.output,ptolemy.domains.ptinyos.demo.CntToLedsAndRfm.output,ptolemy.domains.ptinyos.demo.RfmToLeds.output,ptolemy.domains.ptinyos.demo.SendAndReceiveCnt.output,ptolemy.domains.ptinyos.demo.SenseToLeds.output,ptolemy.actor.lib.jjs.modules.udpSocket.*" />
    <property name="env.TRAVIS_COMMIT_MESSAGE" value="added the very basic indoor location aware discovery demo. This is still work in progress" />
    <property name="keystore" value="ptKeystore" />
    <property name="env.XDG_SESSION_ID" value="2" />
    <property name="junit.output.dir" value="/home/travis/build/icyphy/ptII/reports/junit" />
    <property name="npm.return.code" value="0" />
    <property name="user.dir" value="/home/travis/build/icyphy/ptII/ptolemy/domains/de/test" />
    <property name="env.TRAVIS_NODE_VERSION" value="7" />
    <property name="env.XFILESEARCHPATH" value="/usr/dt/app-defaults/%L/Dt" />
    <property name="env.TRAVIS_EVENT_TYPE" value="cron" />
    <property name="env.MAIL" value="/var/mail/travis" />
    <property name="env.PWD" value="/home/travis/build/icyphy/ptII" />
    <property name="env.PERLBREW_ROOT" value="/home/travis/perl5/perlbrew" />
    <property name="timeout.npm" value="45000" />
    <property name="env.PT_TRAVIS_TEST_CORE2_XML" value="true" />
    <property name="env.TRAVIS_ARCH" value="amd64" />
    <property name="env.PAGER" value="cat" />
    <property name="sun.cpu.endian" value="little" />
    <property name="env.TRAVIS_BUILD_STAGE_NAME" value="Test" />
    <property name="env.PERLBREW_HOME" value="/home/travis/.perlbrew" />
    <property name="env.RAILS_ENV" value="test" />
    <property name="java.vm.version" value="25.151-b12" />
    <property name="java.class.path" value="/home/travis/build/icyphy/ptII:/home/travis/build/icyphy/ptII/lib/bsh-2.0b4.jar:/home/travis/build/icyphy/ptII/lib/ptCal.jar:/home/travis/build/icyphy/ptII/lib/java_cup.jar:/home/travis/build/icyphy/ptII/lib/saxon8.jar:/home/travis/build/icyphy/ptII/lib/saxon8-dom.jar:/home/travis/build/icyphy/ptII/lib/chic.jar:/home/travis/build/icyphy/ptII/lib/ptcolt.jar:/usr/lib/jvm/java-8-oracle/lib/tools.jar:/usr/lib/eclipse/plugins/org.eclipse.jdt.core_3.8.2.dist.jar:/usr/lib/eclipse/plugins/org.eclipse.core.runtime_3.8.0.dist.jar:/usr/lib/eclipse/plugins/org.eclipse.osgi_3.8.1.dist.jar:/usr/lib/eclipse/plugins/org.eclipse.core.resources_3.8.1.dist.jar:/usr/lib/eclipse/plugins/org.eclipse.equinox.common_3.6.100.dist.jar:/usr/lib/eclipse/plugins/org.eclipse.core.jobs_3.5.200.dist.jar:/usr/lib/eclipse/plugins/org.eclipse.core.contenttype_3.4.200.dist.jar:/usr/lib/eclipse/plugins/org.eclipse.equinox.preferences_3.5.0.dist.jar:/usr/lib/eclipse/plugins/org.eclipse.text_3.5.200.dist.jar:/usr/lib/eclipse/plugins/org.eclipse.ui.workbench_3.8.1.dist.jar:/usr/lib/eclipse/plugins/org.eclipse.jface_3.8.0.dist.jar:/usr/lib/eclipse/plugins/org.eclipse.swt_3.8.2.jar:/usr/lib/eclipse/plugins/org.eclipse.jface.text_3.8.1.dist.jar:/usr/lib/eclipse/plugins/org.eclipse.ui.workbench.texteditor_3.8.0.dist.jar:/usr/lib/eclipse/plugins/org.eclipse.ui.editors_3.8.0.dist.jar:/usr/lib/eclipse/plugins/org.eclipse.core.commands_3.6.1.dist.jar:/usr/lib/eclipse/plugins/org.eclipse.equinox.registry_3.5.200.dist.jar:/usr/lib/eclipse/plugins/org.eclipse.ui.console_3.5.100.dist.jar:/usr/lib/eclipse/plugins/org.eclipse.ui.forms_3.5.200.dist.jar:/usr/lib/eclipse/plugins/org.eclipse.ui.ide_3.8.1.dist.jar:/home/travis/build/icyphy/ptII/vendors/oracle/dbxml.jar:/home/travis/build/icyphy/ptII/vendors/oracle/db.jar:/home/travis/build/icyphy/ptII/vendors/misc/itext/iText.jar:/home/travis/build/icyphy/ptII/lib/g4ltl.jar:/home/travis/build/icyphy/ptII/lib/StructuralCoder.jar:/home/travis/build/icyphy/ptII/lib/org-openide-util.jar:/home/travis/build/icyphy/ptII/lib/org-openide-util-lookup.jar:/home/travis/build/icyphy/ptII/lib/org-netbeans-api-visual.jar:/home/travis/build/icyphy/ptII/vendors/jai-1_1_2_01/lib/jai_core.jar:/home/travis/build/icyphy/ptII/vendors/jai-1_1_2_01/lib/jai_codec.jar:/home/travis/build/icyphy/ptII/lib/jcerti.jar:/home/travis/build/icyphy/ptII/lib/smack.jar:/home/travis/build/icyphy/ptII/lib/smackx.jar:/home/travis/build/icyphy/ptII/lib/jetty-all-8.1.5-v20120716.jar:/home/travis/build/icyphy/ptII/lib/javax.servlet-api-3.0.1.jar:/home/travis/build/icyphy/ptII/lib/javax.mail.jar:/home/travis/build/icyphy/ptII/vendors/JMF-2.1.1e/lib/jmf.jar:/home/travis/build/icyphy/ptII/lib/jna-4.0.0-variadic.jar:/home/travis/build/icyphy/ptII/vendors/misc/joystick/Joystick.jar:/home/travis/build/icyphy/ptII/lib/ptjacl.jar:/home/travis/build/icyphy/ptII/lib/jsoup-1.8.2.jar:/home/travis/build/icyphy/ptII/lib/junit-4.8.2.jar:/home/travis/build/icyphy/ptII/lib/JUnitParams-0.4.0.jar:/home/travis/build/icyphy/ptII/ptolemy/actor/lib/excel/jxl.jar:/home/travis/build/icyphy/ptII/lib/jython.jar:/home/travis/build/icyphy/ptII/lib/kieler.jar:/home/travis/build/icyphy/ptII/vendors/opencv/share/OpenCV/java/opencv-341.jar:/home/travis/build/icyphy/ptII/lib/oscP5.jar:/home/travis/build/icyphy/ptII/lib/nrjavaserial-3.11.0.devel.jar:/home/travis/build/icyphy/ptII/vendors/j3d/lib/j3dcore.jar:/home/travis/build/icyphy/ptII/vendors/j3d/lib/j3dutils.jar:/home/travis/build/icyphy/ptII/vendors/j3d/lib/vecmath.jar:/home/travis/build/icyphy/ptII/ptolemy/distributed/jini/jar/jini-core.jar:/home/travis/build/icyphy/ptII/ptolemy/distributed/jini/jar/jini-ext.jar:/home/travis/build/icyphy/ptII/ptolemy/distributed/jini/jar/sun-util.jar:/home/travis/build/icyphy/ptII/lib/protobuf-java-2.4.1.jar:/home/travis/build/icyphy/ptII/lib/org.eclipse.paho.client.mqttv3.jar:/home/travis/build/icyphy/ptII/ptserver/lib/hessian-4.0.7.jar:/home/travis/build/icyphy/ptII/ptserver/lib/wmqtt.jar:/home/travis/build/icyphy/ptII/lib/mapss.jar:/home/travis/build/icyphy/ptII/ptolemy/actor/ptalon/antlr/antlr.jar:/home/travis/build/icyphy/ptII/lib/JRI.jar:/home/travis/build/icyphy/ptII/lib/commons-lang-2.6.jar:/home/travis/build/icyphy/ptII/lib/commons-logging-1.1.1.jar:/home/travis/build/icyphy/ptII/lib/sootclasses.jar:/home/travis/build/icyphy/ptII/ptolemy/actor/lib/database/mysql-connector-java-5.1.6-bin.jar:/home/travis/build/icyphy/ptII/vendors/misc/sphinx4/sphinx4-data-5prealpha.jar:/home/travis/build/icyphy/ptII/vendors/misc/sphinx4/sphinx4-core-5prealpha.jar:/home/travis/build/icyphy/ptII/lib/PDFRenderer.jar:/home/travis/build/icyphy/ptII/lib/svgSalamander.jar:/home/travis/build/icyphy/ptII/lib/rsyntaxtextarea-2.6.0-SNAPSHOT.jar:/home/travis/build/icyphy/ptII/lib/hazelcast-3.8.2.jar:/home/travis/build/icyphy/ptII/lib/jackson-annotations-2.9.0.jar:/home/travis/build/icyphy/ptII/lib/jackson-core-2.9.3.jar:/home/travis/build/icyphy/ptII/lib/jackson-databind-2.9.3.jar:/home/travis/build/icyphy/ptII/lib/netty-buffer-4.1.19.Final.jar:/home/travis/build/icyphy/ptII/lib/netty-codec-4.1.19.Final.jar:/home/travis/build/icyphy/ptII/lib/netty-codec-dns-4.1.19.Final.jar:/home/travis/build/icyphy/ptII/lib/netty-codec-http-4.1.19.Final.jar:/home/travis/build/icyphy/ptII/lib/netty-codec-http2-4.1.19.Final.jar:/home/travis/build/icyphy/ptII/lib/netty-common-4.1.19.Final.jar:/home/travis/build/icyphy/ptII/lib/netty-handler-4.1.19.Final.jar:/home/travis/build/icyphy/ptII/lib/netty-resolver-4.1.19.Final.jar:/home/travis/build/icyphy/ptII/lib/netty-resolver-dns-4.1.19.Final.jar:/home/travis/build/icyphy/ptII/lib/netty-transport-4.1.19.Final.jar:/home/travis/build/icyphy/ptII/lib/vertx-codegen-3.5.1.jar:/home/travis/build/icyphy/ptII/lib/vertx-core-3.5.2-SNAPSHOT.jar:/home/travis/build/icyphy/ptII/lib/vertx-hazelcast-3.5.1.jar:/home/travis/build/icyphy/ptII/lib/vertx-lang-js-3.5.1.jar:/home/travis/build/icyphy/ptII/lib/vertx-service-proxy-3.5.1.jar:/home/travis/build/icyphy/ptII/lib/vertx-web-3.5.1.jar:/home/travis/build/icyphy/ptII/lib/slf4j-api-1.7.13.jar:/home/travis/build/icyphy/ptII/lib/slf4j-simple-1.7.13.jar:/home/travis/build/icyphy/ptII/lib/webcam-capture-0.3.12.jar:/home/travis/build/icyphy/ptII/lib/bridj-0.7.0.jar:/home/travis/build/icyphy/ptII/lib/xbjlib-1.1.0.nrjavaserial.jar:/home/travis/build/icyphy/ptII/ptolemy/moml/test:/home/travis/build/icyphy/ptII/ant/lib/ant-launcher.jar:/home/travis/build/icyphy/ptII/ant/lib/ant.jar:/home/travis/build/icyphy/ptII/ant/lib/ant-junit.jar:/home/travis/build/icyphy/ptII/ant/lib/ant-junit4.jar" />
    <property name="ant.library.dir" value="/home/travis/build/icyphy/ptII/ant/lib" />
    <property name="os.arch" value="amd64" />
    <property name="env.TRAVIS_LANGUAGE" value="node_js" />
    <property name="env.CONTINUOUS_INTEGRATION" value="true" />
    <property name="env.TRAVIS_STACK_LANGUAGES" value="__garnet__ c c++ clojure cplusplus cpp default go groovy java node_js php pure_java python ruby scala" />
    <property name="test.name" value="ptolemy.actor.lib.test.junit.JUnitTclTest" />
    <property name="sun.java.launcher" value="SUN_STANDARD" />
    <property name="env.PYTHON_CONFIGURE_OPTS" value="--enable-unicode=ucs4 --with-wide-unicode --enable-shared --enable-ipv6 --enable-loadable-sqlite-extensions --with-computed-gotos" />
    <property name="ant.core.lib" value="/home/travis/build/icyphy/ptII/ant/lib/ant.jar" />
    <property name="java.vm.specification.vendor" value="Oracle Corporation" />
    <property name="env.BCVTB_HOME" value="/home/travis/build/icyphy/ptII/lbnl" />
    <property name="file.separator" value="/" />
    <property name="spotbugs.home" value="/home/travis/build/icyphy/ptII/vendors/spotbugs-3.1.1" />
    <property name="java.runtime.version" value="1.8.0_151-b12" />
    <property name="sun.boot.class.path" value="/usr/lib/jvm/java-8-oracle/jre/lib/resources.jar:/usr/lib/jvm/java-8-oracle/jre/lib/rt.jar:/usr/lib/jvm/java-8-oracle/jre/lib/sunrsasign.jar:/usr/lib/jvm/java-8-oracle/jre/lib/jsse.jar:/usr/lib/jvm/java-8-oracle/jre/lib/jce.jar:/usr/lib/jvm/java-8-oracle/jre/lib/charsets.jar:/usr/lib/jvm/java-8-oracle/jre/lib/jfr.jar:/usr/lib/jvm/java-8-oracle/jre/classes" />
    <property name="env.ANSI_CLEAR" value="\033[0K" />
    <property name="env.HAS_JOSH_K_SEAL_OF_APPROVAL" value="true" />
    <property name="env.XDG_RUNTIME_DIR" value="/run/user/2000" />
    <property name="env.TRAVIS_OSX_IMAGE" value="" />
    <property name="env.TRAVIS_BRANCH" value="master" />
    <property name="env.TRAVIS_JOB_ID" value="466311058" />
    <property name="user.country" value="US" />
    <property name="env.CERTI_HOME_TRAVIS" value="/home/travis/pthla/certi-tools" />
    <property name="env.SHELL" value="/bin/bash" />
    <property name="java.maxmemory.large" value="5000m" />
    <property name="model" value="" />
    <property name="env.CASHER_DIR" value="/home/travis/.casher" />
    <property name="env.NVM_CD_FLAGS" value="" />
    <property name="jshint.executable" value="/home/travis/node_modules/jshint/bin/jshint" />
    <property name="java.vendor" value="Oracle Corporation" />
    <property name="env.JRUBY_OPTS" value=" --client -J-XX:+TieredCompilation -J-XX:TieredStopAtLevel=1 -J-Xss2m -Xcompile.invokedynamic=false" />
    <property name="env.TRAVIS_PRE_CHEF_BOOTSTRAP_TIME" value="2017-12-05T19:32:55" />
    <property name="env.TRAVIS_STACK_JOB_BOARD_REGISTER" value="/.job-board-register.yml" />
    <property name="env.ELIXIR_VERSION" value="1.4.5" />
    <property name="env.ANSI_RED" value="\033[31;1m" />
    <property name="java.specification.version" value="1.8" />
    <property name="env.TRAVIS" value="true" />
    <property name="env.IRBRC" value="/home/travis/.rvm/rubies/ruby-2.4.1/.irbrc" />
    <property name="sun.arch.data.model" value="64" />
  </properties>
  <testcase classname="ptolemy.util.test.junit.TclTests" name="[0] /home/travis/build/icyphy/ptII/ptolemy/domains/de/test/DependencyLoop.tcl (RunTclFile)" time="0.738" />
  <testcase classname="ptolemy.util.test.junit.TclTests" name="[1] /home/travis/build/icyphy/ptII/ptolemy/domains/de/test/RunDETestsAsQSS.tcl (RunTclFile)" time="86.426" />
  <testcase classname="ptolemy.util.test.junit.AutoKnownFailedTests" name="[0] /home/travis/build/icyphy/ptII/ptolemy/domains/de/test/auto/knownFailedTests/DESDFClockTest.xml (RunModel)" time="2.038" />
  <testcase classname="ptolemy.util.test.junit.AutoKnownFailedTests" name="[1] /home/travis/build/icyphy/ptII/ptolemy/domains/de/test/auto/knownFailedTests/DirectFeedback.xml (RunModel)" time="0.013" />
  <testcase classname="ptolemy.util.test.junit.AutoKnownFailedTests" name="[2] /home/travis/build/icyphy/ptII/ptolemy/domains/de/test/auto/knownFailedTests/FSMSource.xml (RunModel)" time="0.028" />
  <testcase classname="ptolemy.util.test.junit.AutoKnownFailedTests" name="[3] /home/travis/build/icyphy/ptII/ptolemy/domains/de/test/auto/knownFailedTests/HierarchicalModel.xml (RunModel)" time="0.053" />
  <testcase classname="ptolemy.util.test.junit.AutoKnownFailedTests" name="[4] /home/travis/build/icyphy/ptII/ptolemy/domains/de/test/auto/knownFailedTests/dependencyLoop.xml (RunModel)" time="0.033" />
  <testcase classname="ptolemy.util.test.junit.AutoKnownFailedTests" name="[5] /home/travis/build/icyphy/ptII/ptolemy/domains/de/test/auto/knownFailedTests/dependencyLoop2.xml (RunModel)" time="0.045" />
  <testcase classname="ptolemy.util.test.junit.AutoNameArchTests" name="[0] ThereAreNoAutoArchTests (RunModel)" time="0.001" />
  <testcase classname="ptolemy.util.test.junit.AutoTests" name="[0] /home/travis/build/icyphy/ptII/ptolemy/domains/de/test/auto/ActorDepthCalculation_actorWithoutPorts.xml (RunModel)" time="0.023" />
  <testcase classname="ptolemy.util.test.junit.AutoTests" name="[1] /home/travis/build/icyphy/ptII/ptolemy/domains/de/test/auto/AssemblyLine.xml (RunModel)" time="0.016" />
  <testcase classname="ptolemy.util.test.junit.AutoTests" name="[2] /home/travis/build/icyphy/ptII/ptolemy/domains/de/test/auto/CQBug1.xml (RunModel)" time="0.008" />
  <testcase classname="ptolemy.util.test.junit.AutoTests" name="[3] /home/travis/build/icyphy/ptII/ptolemy/domains/de/test/auto/CancelFireAt.xml (RunModel)" time="0.005" />
  <testcase classname="ptolemy.util.test.junit.AutoTests" name="[4] /home/travis/build/icyphy/ptII/ptolemy/domains/de/test/auto/CausalityAndComposabilityAnalysis.xml (RunModel)" time="0.01" />
  <testcase classname="ptolemy.util.test.junit.AutoTests" name="[5] /home/travis/build/icyphy/ptII/ptolemy/domains/de/test/auto/CausalityInterface1.xml (RunModel)" time="0.015" />
  <testcase classname="ptolemy.util.test.junit.AutoTests" name="[6] /home/travis/build/icyphy/ptII/ptolemy/domains/de/test/auto/CausalityInterface15.xml (RunModel)" time="0.013" />
  <testcase classname="ptolemy.util.test.junit.AutoTests" name="[7] /home/travis/build/icyphy/ptII/ptolemy/domains/de/test/auto/CausalityInterface2.xml (RunModel)" time="0.01" />
  <testcase classname="ptolemy.util.test.junit.AutoTests" name="[8] /home/travis/build/icyphy/ptII/ptolemy/domains/de/test/auto/CausalityInterface3.xml (RunModel)" time="0.01" />
  <testcase classname="ptolemy.util.test.junit.AutoTests" name="[9] /home/travis/build/icyphy/ptII/ptolemy/domains/de/test/auto/ClockDrift.xml (RunModel)" time="0.032" />
  <testcase classname="ptolemy.util.test.junit.AutoTests" name="[10] /home/travis/build/icyphy/ptII/ptolemy/domains/de/test/auto/ClockDriftAndValueChange.xml (RunModel)" time="0.032" />
  <testcase classname="ptolemy.util.test.junit.AutoTests" name="[11] /home/travis/build/icyphy/ptII/ptolemy/domains/de/test/auto/ClockDriftChange.xml (RunModel)" time="0.031" />
  <testcase classname="ptolemy.util.test.junit.AutoTests" name="[12] /home/travis/build/icyphy/ptII/ptolemy/domains/de/test/auto/ComposableCausalityAnalysis.xml (RunModel)" time="0.011" />
  <testcase classname="ptolemy.util.test.junit.AutoTests" name="[13] /home/travis/build/icyphy/ptII/ptolemy/domains/de/test/auto/DEFixedPointLimitation.xml (RunModel)" time="0.01" />
  <testcase classname="ptolemy.util.test.junit.AutoTests" name="[14] /home/travis/build/icyphy/ptII/ptolemy/domains/de/test/auto/DEScheduleTest.xml (RunModel)" time="0.01" />
  <testcase classname="ptolemy.util.test.junit.AutoTests" name="[15] /home/travis/build/icyphy/ptII/ptolemy/domains/de/test/auto/DEinDEwithStartTimes.xml (RunModel)" time="0.012" />
  <testcase classname="ptolemy.util.test.junit.AutoTests" name="[16] /home/travis/build/icyphy/ptII/ptolemy/domains/de/test/auto/DEinDEwithStartTimes2.xml (RunModel)" time="0.014" />
  <testcase classname="ptolemy.util.test.junit.AutoTests" name="[17] /home/travis/build/icyphy/ptII/ptolemy/domains/de/test/auto/DateDemo.xml (RunModel)" time="0.026" />
  <testcase classname="ptolemy.util.test.junit.AutoTests" name="[18] /home/travis/build/icyphy/ptII/ptolemy/domains/de/test/auto/DateToEvent.xml (RunModel)" time="2.041" />
  <testcase classname="ptolemy.util.test.junit.AutoTests" name="[19] /home/travis/build/icyphy/ptII/ptolemy/domains/de/test/auto/DepthTest1.xml (RunModel)" time="0.011" />
  <testcase classname="ptolemy.util.test.junit.AutoTests" name="[20] /home/travis/build/icyphy/ptII/ptolemy/domains/de/test/auto/DepthTest2.xml (RunModel)" time="0.017" />
  <testcase classname="ptolemy.util.test.junit.AutoTests" name="[21] /home/travis/build/icyphy/ptII/ptolemy/domains/de/test/auto/DepthTest3.xml (RunModel)" time="0.01" />
  <testcase classname="ptolemy.util.test.junit.AutoTests" name="[22] /home/travis/build/icyphy/ptII/ptolemy/domains/de/test/auto/DepthTest4.xml (RunModel)" time="0.018" />
  <testcase classname="ptolemy.util.test.junit.AutoTests" name="[23] /home/travis/build/icyphy/ptII/ptolemy/domains/de/test/auto/DepthTest5.xml (RunModel)" time="0.018" />
  <testcase classname="ptolemy.util.test.junit.AutoTests" name="[24] /home/travis/build/icyphy/ptII/ptolemy/domains/de/test/auto/DepthTest6.xml (RunModel)" time="0.011" />
  <testcase classname="ptolemy.util.test.junit.AutoTests" name="[25] /home/travis/build/icyphy/ptII/ptolemy/domains/de/test/auto/DepthTest7.xml (RunModel)" time="0.01" />
  <testcase classname="ptolemy.util.test.junit.AutoTests" name="[26] /home/travis/build/icyphy/ptII/ptolemy/domains/de/test/auto/EventToDate.xml (RunModel)" time="3.031" />
  <testcase classname="ptolemy.util.test.junit.AutoTests" name="[27] /home/travis/build/icyphy/ptII/ptolemy/domains/de/test/auto/FSM1.xml (RunModel)" time="0.036" />
  <testcase classname="ptolemy.util.test.junit.AutoTests" name="[28] /home/travis/build/icyphy/ptII/ptolemy/domains/de/test/auto/FSM7.xml (RunModel)" time="0.028" />
  <testcase classname="ptolemy.util.test.junit.AutoTests" name="[29] /home/travis/build/icyphy/ptII/ptolemy/domains/de/test/auto/Inspection.xml (RunModel)" time="0.041" />
  <testcase classname="ptolemy.util.test.junit.AutoTests" name="[30] /home/travis/build/icyphy/ptII/ptolemy/domains/de/test/auto/Iteration.xml (RunModel)" time="0.025" />
  <testcase classname="ptolemy.util.test.junit.AutoTests" name="[31] /home/travis/build/icyphy/ptII/ptolemy/domains/de/test/auto/LineFault.xml (RunModel)" time="0.568" />
  <testcase classname="ptolemy.util.test.junit.AutoTests" name="[32] /home/travis/build/icyphy/ptII/ptolemy/domains/de/test/auto/MergeModel1Add.xml (RunModel)" time="0.04" />
  <testcase classname="ptolemy.util.test.junit.AutoTests" name="[33] /home/travis/build/icyphy/ptII/ptolemy/domains/de/test/auto/MergeModel2Add.xml (RunModel)" time="0.044" />
  <testcase classname="ptolemy.util.test.junit.AutoTests" name="[34] /home/travis/build/icyphy/ptII/ptolemy/domains/de/test/auto/MergeModel3Add.xml (RunModel)" time="0.052" />
  <testcase classname="ptolemy.util.test.junit.AutoTests" name="[35] /home/travis/build/icyphy/ptII/ptolemy/domains/de/test/auto/MergeWithoutDiscard.xml (RunModel)" time="0.01" />
  <testcase classname="ptolemy.util.test.junit.AutoTests" name="[36] /home/travis/build/icyphy/ptII/ptolemy/domains/de/test/auto/Modal1.xml (RunModel)" time="0.028" />
  <testcase classname="ptolemy.util.test.junit.AutoTests" name="[37] /home/travis/build/icyphy/ptII/ptolemy/domains/de/test/auto/Modal2.xml (RunModel)" time="0.028" />
  <testcase classname="ptolemy.util.test.junit.AutoTests" name="[38] /home/travis/build/icyphy/ptII/ptolemy/domains/de/test/auto/Modal3.xml (RunModel)" time="0.025" />
  <testcase classname="ptolemy.util.test.junit.AutoTests" name="[39] /home/travis/build/icyphy/ptII/ptolemy/domains/de/test/auto/Modal4.xml (RunModel)" time="0.029" />
  <testcase classname="ptolemy.util.test.junit.AutoTests" name="[40] /home/travis/build/icyphy/ptII/ptolemy/domains/de/test/auto/Modal5.xml (RunModel)" time="0.026" />
  <testcase classname="ptolemy.util.test.junit.AutoTests" name="[41] /home/travis/build/icyphy/ptII/ptolemy/domains/de/test/auto/Modal6.xml (RunModel)" time="0.024" />
  <testcase classname="ptolemy.util.test.junit.AutoTests" name="[42] /home/travis/build/icyphy/ptII/ptolemy/domains/de/test/auto/Modal7.xml (RunModel)" time="0.026" />
  <testcase classname="ptolemy.util.test.junit.AutoTests" name="[43] /home/travis/build/icyphy/ptII/ptolemy/domains/de/test/auto/ModalModel.xml (RunModel)" time="0.146" />
  <testcase classname="ptolemy.util.test.junit.AutoTests" name="[44] /home/travis/build/icyphy/ptII/ptolemy/domains/de/test/auto/ModalSource.xml (RunModel)" time="0.021" />
  <testcase classname="ptolemy.util.test.junit.AutoTests" name="[45] /home/travis/build/icyphy/ptII/ptolemy/domains/de/test/auto/NonInterruptibleTimerZeroDelay.xml (RunModel)" time="0.01" />
  <testcase classname="ptolemy.util.test.junit.AutoTests" name="[46] /home/travis/build/icyphy/ptII/ptolemy/domains/de/test/auto/OpenQueueingNetwork.xml (RunModel)" time="2.139" />
  <testcase classname="ptolemy.util.test.junit.AutoTests" name="[47] /home/travis/build/icyphy/ptII/ptolemy/domains/de/test/auto/OpenQueuingNetwork.xml (RunModel)" time="0.251" />
  <testcase classname="ptolemy.util.test.junit.AutoTests" name="[48] /home/travis/build/icyphy/ptII/ptolemy/domains/de/test/auto/PeriodicSampler.xml (RunModel)" time="0.009" />
  <testcase classname="ptolemy.util.test.junit.AutoTests" name="[49] /home/travis/build/icyphy/ptII/ptolemy/domains/de/test/auto/PersistentIO.xml (RunModel)" time="0.016" />
  <testcase classname="ptolemy.util.test.junit.AutoTests" name="[50] /home/travis/build/icyphy/ptII/ptolemy/domains/de/test/auto/PortParameterResetOnInitialize.xml (RunModel)" time="0.009" />
  <testcase classname="ptolemy.util.test.junit.AutoTests" name="[51] /home/travis/build/icyphy/ptII/ptolemy/domains/de/test/auto/PortParameterUpdates.xml (RunModel)" time="0.02" />
  <testcase classname="ptolemy.util.test.junit.AutoTests" name="[52] /home/travis/build/icyphy/ptII/ptolemy/domains/de/test/auto/QueueAndServer.xml (RunModel)" time="0.019" />
  <testcase classname="ptolemy.util.test.junit.AutoTests" name="[53] /home/travis/build/icyphy/ptII/ptolemy/domains/de/test/auto/Records.xml (RunModel)" time="0.012" />
  <testcase classname="ptolemy.util.test.junit.AutoTests" name="[54] /home/travis/build/icyphy/ptII/ptolemy/domains/de/test/auto/ResetTransitionWithStartTime1.xml (RunModel)" time="0.017" />
  <testcase classname="ptolemy.util.test.junit.AutoTests" name="[55] /home/travis/build/icyphy/ptII/ptolemy/domains/de/test/auto/ResetTransitionWithStartTime2.xml (RunModel)" time="0.016" />
  <testcase classname="ptolemy.util.test.junit.AutoTests" name="[56] /home/travis/build/icyphy/ptII/ptolemy/domains/de/test/auto/ResetTransitionWithStartTime3.xml (RunModel)" time="0.017" />
  <testcase classname="ptolemy.util.test.junit.AutoTests" name="[57] /home/travis/build/icyphy/ptII/ptolemy/domains/de/test/auto/ResetTransitionWithStartTime4.xml (RunModel)" time="0.015" />
  <testcase classname="ptolemy.util.test.junit.AutoTests" name="[58] /home/travis/build/icyphy/ptII/ptolemy/domains/de/test/auto/ResettableTimer1.xml (RunModel)" time="0.009" />
  <testcase classname="ptolemy.util.test.junit.AutoTests" name="[59] /home/travis/build/icyphy/ptII/ptolemy/domains/de/test/auto/ResettableTimer2.xml (RunModel)" time="0.009" />
  <testcase classname="ptolemy.util.test.junit.AutoTests" name="[60] /home/travis/build/icyphy/ptII/ptolemy/domains/de/test/auto/ResettableTimer3.xml (RunModel)" time="0.007" />
  <testcase classname="ptolemy.util.test.junit.AutoTests" name="[61] /home/travis/build/icyphy/ptII/ptolemy/domains/de/test/auto/ResettableTimer4.xml (RunModel)" time="0.009" />
  <testcase classname="ptolemy.util.test.junit.AutoTests" name="[62] /home/travis/build/icyphy/ptII/ptolemy/domains/de/test/auto/ResettableTimer5.xml (RunModel)" time="0.008" />
  <testcase classname="ptolemy.util.test.junit.AutoTests" name="[63] /home/travis/build/icyphy/ptII/ptolemy/domains/de/test/auto/ResettableTimer6.xml (RunModel)" time="0.015" />
  <testcase classname="ptolemy.util.test.junit.AutoTests" name="[64] /home/travis/build/icyphy/ptII/ptolemy/domains/de/test/auto/ServerZeroDelay.xml (RunModel)" time="0.01" />
  <testcase classname="ptolemy.util.test.junit.AutoTests" name="[65] /home/travis/build/icyphy/ptII/ptolemy/domains/de/test/auto/SmartSender.xml (RunModel)" time="3.008" />
  <testcase classname="ptolemy.util.test.junit.AutoTests" name="[66] /home/travis/build/icyphy/ptII/ptolemy/domains/de/test/auto/ThreadedComposite.xml (RunModel)" time="0.171" />
  <testcase classname="ptolemy.util.test.junit.AutoTests" name="[67] /home/travis/build/icyphy/ptII/ptolemy/domains/de/test/auto/Time.xml (RunModel)" time="0.438" />
  <testcase classname="ptolemy.util.test.junit.AutoTests" name="[68] /home/travis/build/icyphy/ptII/ptolemy/domains/de/test/auto/TimeDelayZeroDelay.xml (RunModel)" time="0.011" />
  <testcase classname="ptolemy.util.test.junit.AutoTests" name="[69] /home/travis/build/icyphy/ptII/ptolemy/domains/de/test/auto/TimerZeroDelay.xml (RunModel)" time="0.016" />
  <testcase classname="ptolemy.util.test.junit.AutoTests" name="[70] /home/travis/build/icyphy/ptII/ptolemy/domains/de/test/auto/TimingParadox.xml (RunModel)" time="0.339" />
  <testcase classname="ptolemy.util.test.junit.AutoTests" name="[71] /home/travis/build/icyphy/ptII/ptolemy/domains/de/test/auto/TransferInputs.xml (RunModel)" time="0.008" />
  <testcase classname="ptolemy.util.test.junit.AutoTests" name="[72] /home/travis/build/icyphy/ptII/ptolemy/domains/de/test/auto/TransferOutputs2.xml (RunModel)" time="0.014" />
  <testcase classname="ptolemy.util.test.junit.AutoTests" name="[73] /home/travis/build/icyphy/ptII/ptolemy/domains/de/test/auto/Trilateration.xml (RunModel)" time="11.558" />
  <testcase classname="ptolemy.util.test.junit.AutoTests" name="[74] /home/travis/build/icyphy/ptII/ptolemy/domains/de/test/auto/TwoSigmaDelta.xml (RunModel)" time="2.112" />
  <testcase classname="ptolemy.util.test.junit.AutoTests" name="[75] /home/travis/build/icyphy/ptII/ptolemy/domains/de/test/auto/VariableDelay.xml (RunModel)" time="0.013" />
  <testcase classname="ptolemy.util.test.junit.AutoTests" name="[76] /home/travis/build/icyphy/ptII/ptolemy/domains/de/test/auto/VariableDelay2.xml (RunModel)" time="0.008" />
  <testcase classname="ptolemy.util.test.junit.AutoTests" name="[77] /home/travis/build/icyphy/ptII/ptolemy/domains/de/test/auto/VariableDelayZeroDelay.xml (RunModel)" time="0.01" />
  <testcase classname="ptolemy.util.test.junit.AutoTests" name="[78] /home/travis/build/icyphy/ptII/ptolemy/domains/de/test/auto/VariableDelayZeroDelay2.xml (RunModel)" time="0.009" />
  <testcase classname="ptolemy.util.test.junit.AutoTests" name="[79] /home/travis/build/icyphy/ptII/ptolemy/domains/de/test/auto/deInCt.xml (RunModel)" time="0.014" />
  <testcase classname="ptolemy.util.test.junit.AutoTests" name="[80] /home/travis/build/icyphy/ptII/ptolemy/domains/de/test/auto/deInCt2.xml (RunModel)" time="0.017" />
  <testcase classname="ptolemy.util.test.junit.AutoTests" name="[81] /home/travis/build/icyphy/ptII/ptolemy/domains/de/test/auto/dynamicCausalityInterface1.xml (RunModel)" time="0.017" />
  <testcase classname="ptolemy.util.test.junit.AutoTests" name="[82] /home/travis/build/icyphy/ptII/ptolemy/domains/de/test/auto/fsm_de_test.xml (RunModel)" time="0.022" />
  <testcase classname="ptolemy.util.test.junit.AutoTests" name="[83] /home/travis/build/icyphy/ptII/ptolemy/domains/de/test/auto/functionDependencyReconstruction.xml (RunModel)" time="0.032" />
  <testcase classname="ptolemy.util.test.junit.AutoTests" name="[84] /home/travis/build/icyphy/ptII/ptolemy/domains/de/test/auto/multirate.xml (RunModel)" time="0.013" />
  <testcase classname="ptolemy.util.test.junit.AutoTests" name="[85] /home/travis/build/icyphy/ptII/ptolemy/domains/de/test/auto/multirate2.xml (RunModel)" time="0.017" />
  <testcase classname="ptolemy.util.test.junit.AutoTests" name="[86] /home/travis/build/icyphy/ptII/ptolemy/domains/de/test/auto/realtime.xml (RunModel)" time="10.009" />
  <testcase classname="ptolemy.util.test.junit.AutoTests" name="[87] /home/travis/build/icyphy/ptII/ptolemy/domains/de/test/auto/relationGroup.xml (RunModel)" time="0.01" />
  <testcase classname="ptolemy.util.test.junit.AutoTests" name="[88] /home/travis/build/icyphy/ptII/ptolemy/domains/de/test/auto/relationGroup2.xml (RunModel)" time="0.02" />
  <testcase classname="ptolemy.util.test.junit.AutoTests" name="[89] /home/travis/build/icyphy/ptII/ptolemy/domains/de/test/auto/sortWithOpaquePorts.xml (RunModel)" time="0.012" />
  <testcase classname="ptolemy.util.test.junit.AutoTests" name="[90] /home/travis/build/icyphy/ptII/ptolemy/domains/de/test/auto/transferInputsandOutputs.xml (RunModel)" time="0.021" />
  <testcase classname="ptolemy.util.test.junit.AutoTests" name="[91] /home/travis/build/icyphy/ptII/ptolemy/domains/de/test/auto/triggerType.xml (RunModel)" time="0.009" />
  <system-out><![CDATA[/home/travis/build/icyphy/ptII/ptolemy/domains/de/test/DependencyLoop.tcl
testDefs.tcl: setting time out to 9000 seconds at Tue Dec 11 02:59:19 UTC 2018
13 ms. Memory: 116224K Free: 93919K (81%)
10 ms. Memory: 146944K Free: 135439K (92%)
/home/travis/build/icyphy/ptII/ptolemy/domains/de/test/RunDETestsAsQSS.tcl
Run the DE tests using ptolemy.domains.qss.test.QSSDirectorTest, which extends QSSDirector and prints a message in the constructors.
------------------ testing $PTII/ptolemy/domains/de/test/auto/knownFailedTests/dependencyLoop.xml (Known Failure) 
5 ms. Memory: 146944K Free: 132327K (90%)


==== $PTIIhome/travis/build/icyphy/ptII/ptolemy/domains/de/test/../../../../: Auto Automatic test in file $PTII/ptolemy/domains/de/test/auto/knownFailedTests/dependencyLoop.xml
==== Contents of test case:

	    # FIXME: we should use $relativeFilename here, but it
	    # might have backslashes under Windows, which causes no end
	    # of trouble.
	    createAndExecute $file
	    list {}
	
.... Test generated KNOWN error:
    while executing
ptolemy.kernel.util.IllegalActionException: Found a zero delay loop containing .dependencyLoop.original
  in .dependencyLoop and .dependencyLoop.original
	at ptolemy.actor.util.CausalityInterfaceForComposites._computeOutputPortDepth(CausalityInterfaceForComposites.java:759)
	at ptolemy.actor.util.CausalityInterfaceForComposites._computeInputDepth(CausalityInterfaceForComposites.java:696)
	at ptolemy.actor.util.CausalityInterfaceForComposites._computeOutputPortDepth(CausalityInterfaceForComposites.java:765)
	at ptolemy.actor.util.CausalityInterfaceForComposites._computeInputDepth(CausalityInterfaceForComposites.java:696)
	at ptolemy.actor.util.CausalityInterfaceForComposites._computeOutputPortDepth(CausalityInterfaceForComposites.java:765)
	at ptolemy.actor.util.CausalityInterfaceForComposites._computeInputDepth(CausalityInterfaceForComposites.java:696)
	at ptolemy.actor.util.CausalityInterfaceForComposites._computeActorDepth(CausalityInterfaceForComposites.java:532)
	at ptolemy.actor.util.CausalityInterfaceForComposites.checkForCycles(CausalityInterfaceForComposites.java:96)
	at ptolemy.domains.de.kernel.DEDirector.preinitialize(DEDirector.java:1338)
	at ptolemy.actor.CompositeActor.preinitialize(CompositeActor.java:1828)
	at ptolemy.actor.Manager.preinitializeAndResolveTypes(Manager.java:1040)
	at ptolemy.actor.Manager.initialize(Manager.java:710)
	at ptolemy.actor.Manager.execute(Manager.java:356)
	at ptolemy.actor.Manager.run(Manager.java:1263)
	at ptolemy.actor.Manager$PtolemyRunThread.run(Manager.java:1915)

    while executing
ptolemy.kernel.util.IllegalActionException: Found a zero delay loop containing .dependencyLoop.original
  in .dependencyLoop and .dependencyLoop.original
    while executing
"java::new ptolemy.moml.MoMLSimpleApplication $file
"
    (procedure "createAndExecute" line 2)
    invoked from within
"createAndExecute $file"
    ("uplevel" body line 5)
    invoked from within
"uplevel $contents_of_test"
------------------ testing $PTII/ptolemy/domains/de/test/auto/knownFailedTests/DESDFClockTest.xml (Known Failure) 
2085 ms. Memory: 146944K Free: 116459K (79%)


==== $PTIIhome/travis/build/icyphy/ptII/ptolemy/domains/de/test/../../../../: Auto Automatic test in file $PTII/ptolemy/domains/de/test/auto/knownFailedTests/DESDFClockTest.xml
==== Contents of test case:

	    # FIXME: we should use $relativeFilename here, but it
	    # might have backslashes under Windows, which causes no end
	    # of trouble.
	    createAndExecute $file
	    list {}
	
.... Test generated KNOWN error:
    while executing
ptolemy.kernel.util.IllegalActionException: Actor is not ready to fire.  Perhaps UpSample.prefire() returned false? Try debugging the actor by selecting "Listen to Actor".  Also, for SDF check moml for tokenConsumptionRate on input.
  in .DESDFClockTest.Play Bell.Copy1:SDF Director and .DESDFClockTest.Play Bell.UpSample
	at ptolemy.actor.sched.StaticSchedulingDirector.fire(StaticSchedulingDirector.java:227)
	at ptolemy.domains.sdf.kernel.SDFDirector.fire(SDFDirector.java:500)
	at ptolemy.actor.CompositeActor.fire(CompositeActor.java:455)
	at ptolemy.domains.de.kernel.DEDirector._fire(DEDirector.java:1949)
	at ptolemy.domains.de.kernel.DEDirector.fire(DEDirector.java:502)
	at ptolemy.actor.CompositeActor.fire(CompositeActor.java:455)
	at ptolemy.actor.Manager.iterate(Manager.java:851)
	at ptolemy.actor.Manager.execute(Manager.java:369)
	at ptolemy.actor.Manager.run(Manager.java:1263)
	at ptolemy.actor.Manager$PtolemyRunThread.run(Manager.java:1915)

    while executing
ptolemy.kernel.util.IllegalActionException: Actor is not ready to fire.  Perhaps UpSample.prefire() returned false? Try debugging the actor by selecting "Listen to Actor".  Also, for SDF check moml for tokenConsumptionRate on input.
  in .DESDFClockTest.Play Bell.Copy1:SDF Director and .DESDFClockTest.Play Bell.UpSample
    while executing
"java::new ptolemy.moml.MoMLSimpleApplication $file
"
    (procedure "createAndExecute" line 2)
    invoked from within
"createAndExecute $file"
    ("uplevel" body line 5)
    invoked from within
"uplevel $contents_of_test"
------------------ testing $PTII/ptolemy/domains/de/test/auto/knownFailedTests/FSMSource.xml (Known Failure) 
28 ms. Memory: 146944K Free: 106797K (73%)
!!!! Auto was marked as failing, but now passes
------------------ testing $PTII/ptolemy/domains/de/test/auto/knownFailedTests/dependencyLoop2.xml (Known Failure) 
9 ms. Memory: 146944K Free: 104913K (71%)


==== $PTIIhome/travis/build/icyphy/ptII/ptolemy/domains/de/test/../../../../: Auto Automatic test in file $PTII/ptolemy/domains/de/test/auto/knownFailedTests/dependencyLoop2.xml
==== Contents of test case:

	    # FIXME: we should use $relativeFilename here, but it
	    # might have backslashes under Windows, which causes no end
	    # of trouble.
	    createAndExecute $file
	    list {}
	
.... Test generated KNOWN error:
    while executing
ptolemy.kernel.util.IllegalActionException: Found a zero delay loop containing .dependencyLoop2.original
  in .dependencyLoop2 and .dependencyLoop2.original
	at ptolemy.actor.util.CausalityInterfaceForComposites._computeOutputPortDepth(CausalityInterfaceForComposites.java:759)
	at ptolemy.actor.util.CausalityInterfaceForComposites._computeInputDepth(CausalityInterfaceForComposites.java:696)
	at ptolemy.actor.util.CausalityInterfaceForComposites._computeOutputPortDepth(CausalityInterfaceForComposites.java:765)
	at ptolemy.actor.util.CausalityInterfaceForComposites._computeInputDepth(CausalityInterfaceForComposites.java:696)
	at ptolemy.actor.util.CausalityInterfaceForComposites._computeOutputPortDepth(CausalityInterfaceForComposites.java:765)
	at ptolemy.actor.util.CausalityInterfaceForComposites._computeInputDepth(CausalityInterfaceForComposites.java:696)
	at ptolemy.actor.util.CausalityInterfaceForComposites._computeActorDepth(CausalityInterfaceForComposites.java:532)
	at ptolemy.actor.util.CausalityInterfaceForComposites.checkForCycles(CausalityInterfaceForComposites.java:96)
	at ptolemy.domains.de.kernel.DEDirector.preinitialize(DEDirector.java:1338)
	at ptolemy.actor.CompositeActor.preinitialize(CompositeActor.java:1828)
	at ptolemy.actor.Manager.preinitializeAndResolveTypes(Manager.java:1040)
	at ptolemy.actor.Manager.initialize(Manager.java:710)
	at ptolemy.actor.Manager.execute(Manager.java:356)
	at ptolemy.actor.Manager.run(Manager.java:1263)
	at ptolemy.actor.Manager$PtolemyRunThread.run(Manager.java:1915)

    while executing
ptolemy.kernel.util.IllegalActionException: Found a zero delay loop containing .dependencyLoop2.original
  in .dependencyLoop2 and .dependencyLoop2.original
    while executing
"java::new ptolemy.moml.MoMLSimpleApplication $file
"
    (procedure "createAndExecute" line 2)
    invoked from within
"createAndExecute $file"
    ("uplevel" body line 5)
    invoked from within
"uplevel $contents_of_test"
------------------ testing $PTII/ptolemy/domains/de/test/auto/knownFailedTests/HierarchicalModel.xml (Known Failure) 
10 ms. Memory: 146944K Free: 84304K (57%)


==== $PTIIhome/travis/build/icyphy/ptII/ptolemy/domains/de/test/../../../../: Auto Automatic test in file $PTII/ptolemy/domains/de/test/auto/knownFailedTests/HierarchicalModel.xml
==== Contents of test case:

	    # FIXME: we should use $relativeFilename here, but it
	    # might have backslashes under Windows, which causes no end
	    # of trouble.
	    createAndExecute $file
	    list {}
	
.... Test generated KNOWN error:
    while executing
ptolemy.kernel.util.IllegalActionException: Found a zero delay loop containing .HierarchicalModel.A
  in .HierarchicalModel and .HierarchicalModel.A
	at ptolemy.actor.util.CausalityInterfaceForComposites._computeOutputPortDepth(CausalityInterfaceForComposites.java:759)
	at ptolemy.actor.util.CausalityInterfaceForComposites._computeInputDepth(CausalityInterfaceForComposites.java:696)
	at ptolemy.actor.util.CausalityInterfaceForComposites._computeOutputPortDepth(CausalityInterfaceForComposites.java:765)
	at ptolemy.actor.util.CausalityInterfaceForComposites._computeInputDepth(CausalityInterfaceForComposites.java:696)
	at ptolemy.actor.util.CausalityInterfaceForComposites._computeOutputPortDepth(CausalityInterfaceForComposites.java:765)
	at ptolemy.actor.util.CausalityInterfaceForComposites._computeInputDepth(CausalityInterfaceForComposites.java:696)
	at ptolemy.actor.util.CausalityInterfaceForComposites._computeActorDepth(CausalityInterfaceForComposites.java:532)
	at ptolemy.actor.util.CausalityInterfaceForComposites.checkForCycles(CausalityInterfaceForComposites.java:96)
	at ptolemy.domains.de.kernel.DEDirector.preinitialize(DEDirector.java:1338)
	at ptolemy.actor.CompositeActor.preinitialize(CompositeActor.java:1828)
	at ptolemy.actor.Manager.preinitializeAndResolveTypes(Manager.java:1040)
	at ptolemy.actor.Manager.initialize(Manager.java:710)
	at ptolemy.actor.Manager.execute(Manager.java:356)
	at ptolemy.actor.Manager.run(Manager.java:1263)
	at ptolemy.actor.Manager$PtolemyRunThread.run(Manager.java:1915)

    while executing
ptolemy.kernel.util.IllegalActionException: Found a zero delay loop containing .HierarchicalModel.A
  in .HierarchicalModel and .HierarchicalModel.A
    while executing
"java::new ptolemy.moml.MoMLSimpleApplication $file
"
    (procedure "createAndExecute" line 2)
    invoked from within
"createAndExecute $file"
    ("uplevel" body line 5)
    invoked from within
"uplevel $contents_of_test"
------------------ testing $PTII/ptolemy/domains/de/test/auto/knownFailedTests/DirectFeedback.xml (Known Failure) 
9 ms. Memory: 146944K Free: 140314K (95%)


==== $PTIIhome/travis/build/icyphy/ptII/ptolemy/domains/de/test/../../../../: Auto Automatic test in file $PTII/ptolemy/domains/de/test/auto/knownFailedTests/DirectFeedback.xml
==== Contents of test case:

	    # FIXME: we should use $relativeFilename here, but it
	    # might have backslashes under Windows, which causes no end
	    # of trouble.
	    createAndExecute $file
	    list {}
	
.... Test generated KNOWN error:
    while executing
ptolemy.kernel.util.IllegalActionException: Test fails in iteration 1.
Value was: 1.0. Should have been: 2.0
  in .DirectFeedback.Test
	at ptolemy.actor.lib.Test.fire(Test.java:268)
	at ptolemy.domains.de.kernel.DEDirector._fire(DEDirector.java:1949)
	at ptolemy.domains.de.kernel.DEDirector.fire(DEDirector.java:502)
	at ptolemy.actor.CompositeActor.fire(CompositeActor.java:455)
	at ptolemy.actor.Manager.iterate(Manager.java:851)
	at ptolemy.actor.Manager.execute(Manager.java:369)
	at ptolemy.actor.Manager.run(Manager.java:1263)
	at ptolemy.actor.Manager$PtolemyRunThread.run(Manager.java:1915)

    while executing
ptolemy.kernel.util.IllegalActionException: Test fails in iteration 1.
Value was: 1.0. Should have been: 2.0
  in .DirectFeedback.Test
    while executing
"java::new ptolemy.moml.MoMLSimpleApplication $file
"
    (procedure "createAndExecute" line 2)
    invoked from within
"createAndExecute $file"
    ("uplevel" body line 5)
    invoked from within
"uplevel $contents_of_test"
------------------ testing $PTII/ptolemy/domains/de/test/auto/ActorDepthCalculation_actorWithoutPorts.xml
auto.tcl: Setting watchdog for 200 seconds at Tue Dec 11 02:59:22 UTC 2018
12 ms. Memory: 146944K Free: 132364K (90%)
ptolemy.util.test.WatchDog.cancel(): canceling Tue Dec 11 02:59:22 UTC 2018
auto.tcl: Setting watchdog for 200 seconds at Tue Dec 11 02:59:22 UTC 2018
4 ms. Memory: 146944K Free: 131318K (89%)
ptolemy.util.test.WatchDog.cancel(): canceling Tue Dec 11 02:59:22 UTC 2018
------------------ testing $PTII/ptolemy/domains/de/test/auto/AssemblyLine.xml
auto.tcl: Setting watchdog for 200 seconds at Tue Dec 11 02:59:22 UTC 2018
30 ms. Memory: 208384K Free: 182781K (88%)
ptolemy.util.test.WatchDog.cancel(): canceling Tue Dec 11 02:59:23 UTC 2018
auto.tcl: Setting watchdog for 200 seconds at Tue Dec 11 02:59:23 UTC 2018
7 ms. Memory: 208384K Free: 182781K (88%)
ptolemy.util.test.WatchDog.cancel(): canceling Tue Dec 11 02:59:23 UTC 2018
------------------ testing $PTII/ptolemy/domains/de/test/auto/CQBug1.xml
auto.tcl: Setting watchdog for 200 seconds at Tue Dec 11 02:59:23 UTC 2018
11 ms. Memory: 208384K Free: 197675K (95%)
ptolemy.util.test.WatchDog.cancel(): canceling Tue Dec 11 02:59:23 UTC 2018
auto.tcl: Setting watchdog for 200 seconds at Tue Dec 11 02:59:23 UTC 2018
9 ms. Memory: 208384K Free: 197675K (95%)
ptolemy.util.test.WatchDog.cancel(): canceling Tue Dec 11 02:59:23 UTC 2018
------------------ testing $PTII/ptolemy/domains/de/test/auto/CancelFireAt.xml
auto.tcl: Setting watchdog for 200 seconds at Tue Dec 11 02:59:23 UTC 2018
8 ms. Memory: 208384K Free: 201069K (96%)
ptolemy.util.test.WatchDog.cancel(): canceling Tue Dec 11 02:59:23 UTC 2018
auto.tcl: Setting watchdog for 200 seconds at Tue Dec 11 02:59:23 UTC 2018
10 ms. Memory: 208384K Free: 198958K (95%)
ptolemy.util.test.WatchDog.cancel(): canceling Tue Dec 11 02:59:23 UTC 2018
------------------ testing $PTII/ptolemy/domains/de/test/auto/CausalityAndComposabilityAnalysis.xml
auto.tcl: Setting watchdog for 200 seconds at Tue Dec 11 02:59:23 UTC 2018
10 ms. Memory: 208384K Free: 196443K (94%)
ptolemy.util.test.WatchDog.cancel(): canceling Tue Dec 11 02:59:23 UTC 2018
auto.tcl: Setting watchdog for 200 seconds at Tue Dec 11 02:59:23 UTC 2018
5 ms. Memory: 208384K Free: 196443K (94%)
ptolemy.util.test.WatchDog.cancel(): canceling Tue Dec 11 02:59:23 UTC 2018
------------------ testing $PTII/ptolemy/domains/de/test/auto/CausalityInterface1.xml
auto.tcl: Setting watchdog for 200 seconds at Tue Dec 11 02:59:23 UTC 2018
8 ms. Memory: 208384K Free: 196380K (94%)
ptolemy.util.test.WatchDog.cancel(): canceling Tue Dec 11 02:59:23 UTC 2018
auto.tcl: Setting watchdog for 200 seconds at Tue Dec 11 02:59:23 UTC 2018
4 ms. Memory: 208384K Free: 196380K (94%)
ptolemy.util.test.WatchDog.cancel(): canceling Tue Dec 11 02:59:23 UTC 2018
------------------ testing $PTII/ptolemy/domains/de/test/auto/CausalityInterface15.xml
auto.tcl: Setting watchdog for 200 seconds at Tue Dec 11 02:59:23 UTC 2018
3 ms. Memory: 208384K Free: 196372K (94%)
ptolemy.util.test.WatchDog.cancel(): canceling Tue Dec 11 02:59:23 UTC 2018
auto.tcl: Setting watchdog for 200 seconds at Tue Dec 11 02:59:23 UTC 2018
8 ms. Memory: 208384K Free: 196372K (94%)
ptolemy.util.test.WatchDog.cancel(): canceling Tue Dec 11 02:59:23 UTC 2018
------------------ testing $PTII/ptolemy/domains/de/test/auto/CausalityInterface2.xml
auto.tcl: Setting watchdog for 200 seconds at Tue Dec 11 02:59:23 UTC 2018
7 ms. Memory: 208384K Free: 196356K (94%)
ptolemy.util.test.WatchDog.cancel(): canceling Tue Dec 11 02:59:23 UTC 2018
auto.tcl: Setting watchdog for 200 seconds at Tue Dec 11 02:59:23 UTC 2018
3 ms. Memory: 208384K Free: 196356K (94%)
ptolemy.util.test.WatchDog.cancel(): canceling Tue Dec 11 02:59:23 UTC 2018
------------------ testing $PTII/ptolemy/domains/de/test/auto/CausalityInterface3.xml
auto.tcl: Setting watchdog for 200 seconds at Tue Dec 11 02:59:23 UTC 2018
4 ms. Memory: 208384K Free: 196367K (94%)
ptolemy.util.test.WatchDog.cancel(): canceling Tue Dec 11 02:59:23 UTC 2018
auto.tcl: Setting watchdog for 200 seconds at Tue Dec 11 02:59:23 UTC 2018
4 ms. Memory: 208384K Free: 196367K (94%)
ptolemy.util.test.WatchDog.cancel(): canceling Tue Dec 11 02:59:23 UTC 2018
------------------ testing $PTII/ptolemy/domains/de/test/auto/ClockDrift.xml
auto.tcl: Setting watchdog for 200 seconds at Tue Dec 11 02:59:23 UTC 2018
73 ms. Memory: 208384K Free: 187566K (90%)
ptolemy.util.test.WatchDog.cancel(): canceling Tue Dec 11 02:59:24 UTC 2018
auto.tcl: Setting watchdog for 200 seconds at Tue Dec 11 02:59:24 UTC 2018
51 ms. Memory: 208384K Free: 185455K (89%)
ptolemy.util.test.WatchDog.cancel(): canceling Tue Dec 11 02:59:24 UTC 2018
------------------ testing $PTII/ptolemy/domains/de/test/auto/ClockDriftAndValueChange.xml
auto.tcl: Setting watchdog for 200 seconds at Tue Dec 11 02:59:24 UTC 2018
52 ms. Memory: 208384K Free: 187397K (90%)
ptolemy.util.test.WatchDog.cancel(): canceling Tue Dec 11 02:59:24 UTC 2018
auto.tcl: Setting watchdog for 200 seconds at Tue Dec 11 02:59:24 UTC 2018
29 ms. Memory: 208384K Free: 185285K (89%)
ptolemy.util.test.WatchDog.cancel(): canceling Tue Dec 11 02:59:24 UTC 2018
------------------ testing $PTII/ptolemy/domains/de/test/auto/ClockDriftChange.xml
auto.tcl: Setting watchdog for 200 seconds at Tue Dec 11 02:59:24 UTC 2018
38 ms. Memory: 208384K Free: 190736K (92%)
ptolemy.util.test.WatchDog.cancel(): canceling Tue Dec 11 02:59:24 UTC 2018
auto.tcl: Setting watchdog for 200 seconds at Tue Dec 11 02:59:24 UTC 2018
25 ms. Memory: 208384K Free: 188625K (91%)
ptolemy.util.test.WatchDog.cancel(): canceling Tue Dec 11 02:59:24 UTC 2018
------------------ testing $PTII/ptolemy/domains/de/test/auto/ComposableCausalityAnalysis.xml
auto.tcl: Setting watchdog for 200 seconds at Tue Dec 11 02:59:24 UTC 2018
10 ms. Memory: 208384K Free: 196224K (94%)
ptolemy.util.test.WatchDog.cancel(): canceling Tue Dec 11 02:59:24 UTC 2018
auto.tcl: Setting watchdog for 200 seconds at Tue Dec 11 02:59:24 UTC 2018
2 ms. Memory: 208384K Free: 194113K (93%)
ptolemy.util.test.WatchDog.cancel(): canceling Tue Dec 11 02:59:24 UTC 2018
------------------ testing $PTII/ptolemy/domains/de/test/auto/DEFixedPointLimitation.xml
auto.tcl: Setting watchdog for 200 seconds at Tue Dec 11 02:59:24 UTC 2018
2 ms. Memory: 208384K Free: 196305K (94%)
ptolemy.util.test.WatchDog.cancel(): canceling Tue Dec 11 02:59:24 UTC 2018
auto.tcl: Setting watchdog for 200 seconds at Tue Dec 11 02:59:24 UTC 2018
1 ms. Memory: 208384K Free: 196305K (94%)
ptolemy.util.test.WatchDog.cancel(): canceling Tue Dec 11 02:59:24 UTC 2018
------------------ testing $PTII/ptolemy/domains/de/test/auto/DEScheduleTest.xml
auto.tcl: Setting watchdog for 200 seconds at Tue Dec 11 02:59:24 UTC 2018
6 ms. Memory: 208384K Free: 198452K (95%)
ptolemy.util.test.WatchDog.cancel(): canceling Tue Dec 11 02:59:24 UTC 2018
auto.tcl: Setting watchdog for 200 seconds at Tue Dec 11 02:59:24 UTC 2018
3 ms. Memory: 208384K Free: 196340K (94%)
ptolemy.util.test.WatchDog.cancel(): canceling Tue Dec 11 02:59:24 UTC 2018
------------------ testing $PTII/ptolemy/domains/de/test/auto/DEinDEwithStartTimes.xml
auto.tcl: Setting watchdog for 200 seconds at Tue Dec 11 02:59:24 UTC 2018
5 ms. Memory: 208384K Free: 196310K (94%)
ptolemy.util.test.WatchDog.cancel(): canceling Tue Dec 11 02:59:24 UTC 2018
auto.tcl: Setting watchdog for 200 seconds at Tue Dec 11 02:59:24 UTC 2018
4 ms. Memory: 208384K Free: 194199K (93%)
ptolemy.util.test.WatchDog.cancel(): canceling Tue Dec 11 02:59:24 UTC 2018
------------------ testing $PTII/ptolemy/domains/de/test/auto/DEinDEwithStartTimes2.xml
auto.tcl: Setting watchdog for 200 seconds at Tue Dec 11 02:59:24 UTC 2018
7 ms. Memory: 208384K Free: 196290K (94%)
ptolemy.util.test.WatchDog.cancel(): canceling Tue Dec 11 02:59:24 UTC 2018
auto.tcl: Setting watchdog for 200 seconds at Tue Dec 11 02:59:24 UTC 2018
4 ms. Memory: 208384K Free: 194179K (93%)
ptolemy.util.test.WatchDog.cancel(): canceling Tue Dec 11 02:59:24 UTC 2018
------------------ testing $PTII/ptolemy/domains/de/test/auto/DateDemo.xml
auto.tcl: Setting watchdog for 200 seconds at Tue Dec 11 02:59:24 UTC 2018
17 ms. Memory: 208384K Free: 188687K (91%)
ptolemy.util.test.WatchDog.cancel(): canceling Tue Dec 11 02:59:24 UTC 2018
auto.tcl: Setting watchdog for 200 seconds at Tue Dec 11 02:59:24 UTC 2018
6 ms. Memory: 208384K Free: 186576K (90%)
ptolemy.util.test.WatchDog.cancel(): canceling Tue Dec 11 02:59:24 UTC 2018
------------------ testing $PTII/ptolemy/domains/de/test/auto/DateToEvent.xml
auto.tcl: Setting watchdog for 200 seconds at Tue Dec 11 02:59:25 UTC 2018
2010 ms. Memory: 208384K Free: 183358K (88%)
ptolemy.util.test.WatchDog.cancel(): canceling Tue Dec 11 02:59:27 UTC 2018
auto.tcl: Setting watchdog for 200 seconds at Tue Dec 11 02:59:27 UTC 2018
2007 ms. Memory: 208384K Free: 183358K (88%)
ptolemy.util.test.WatchDog.cancel(): canceling Tue Dec 11 02:59:29 UTC 2018
------------------ testing $PTII/ptolemy/domains/de/test/auto/DepthTest1.xml
auto.tcl: Setting watchdog for 200 seconds at Tue Dec 11 02:59:29 UTC 2018
2 ms. Memory: 208384K Free: 195522K (94%)
ptolemy.util.test.WatchDog.cancel(): canceling Tue Dec 11 02:59:29 UTC 2018
auto.tcl: Setting watchdog for 200 seconds at Tue Dec 11 02:59:29 UTC 2018
6 ms. Memory: 208384K Free: 195522K (94%)
ptolemy.util.test.WatchDog.cancel(): canceling Tue Dec 11 02:59:29 UTC 2018
------------------ testing $PTII/ptolemy/domains/de/test/auto/DepthTest2.xml
auto.tcl: Setting watchdog for 200 seconds at Tue Dec 11 02:59:29 UTC 2018
4 ms. Memory: 208384K Free: 194158K (93%)
ptolemy.util.test.WatchDog.cancel(): canceling Tue Dec 11 02:59:29 UTC 2018
auto.tcl: Setting watchdog for 200 seconds at Tue Dec 11 02:59:29 UTC 2018
4 ms. Memory: 208384K Free: 194158K (93%)
ptolemy.util.test.WatchDog.cancel(): canceling Tue Dec 11 02:59:29 UTC 2018
------------------ testing $PTII/ptolemy/domains/de/test/auto/DepthTest3.xml
auto.tcl: Setting watchdog for 200 seconds at Tue Dec 11 02:59:29 UTC 2018
3 ms. Memory: 208384K Free: 198315K (95%)
ptolemy.util.test.WatchDog.cancel(): canceling Tue Dec 11 02:59:29 UTC 2018
auto.tcl: Setting watchdog for 200 seconds at Tue Dec 11 02:59:29 UTC 2018
1 ms. Memory: 208384K Free: 198315K (95%)
ptolemy.util.test.WatchDog.cancel(): canceling Tue Dec 11 02:59:29 UTC 2018
------------------ testing $PTII/ptolemy/domains/de/test/auto/DepthTest4.xml
auto.tcl: Setting watchdog for 200 seconds at Tue Dec 11 02:59:29 UTC 2018
4 ms. Memory: 208384K Free: 196290K (94%)
ptolemy.util.test.WatchDog.cancel(): canceling Tue Dec 11 02:59:29 UTC 2018
auto.tcl: Setting watchdog for 200 seconds at Tue Dec 11 02:59:29 UTC 2018
2 ms. Memory: 208384K Free: 196290K (94%)
ptolemy.util.test.WatchDog.cancel(): canceling Tue Dec 11 02:59:29 UTC 2018
------------------ testing $PTII/ptolemy/domains/de/test/auto/DepthTest5.xml
auto.tcl: Setting watchdog for 200 seconds at Tue Dec 11 02:59:29 UTC 2018
7 ms. Memory: 208384K Free: 196238K (94%)
ptolemy.util.test.WatchDog.cancel(): canceling Tue Dec 11 02:59:29 UTC 2018
auto.tcl: Setting watchdog for 200 seconds at Tue Dec 11 02:59:29 UTC 2018
2 ms. Memory: 208384K Free: 196238K (94%)
ptolemy.util.test.WatchDog.cancel(): canceling Tue Dec 11 02:59:29 UTC 2018
------------------ testing $PTII/ptolemy/domains/de/test/auto/DepthTest6.xml
auto.tcl: Setting watchdog for 200 seconds at Tue Dec 11 02:59:29 UTC 2018
8 ms. Memory: 208384K Free: 196544K (94%)
ptolemy.util.test.WatchDog.cancel(): canceling Tue Dec 11 02:59:29 UTC 2018
auto.tcl: Setting watchdog for 200 seconds at Tue Dec 11 02:59:29 UTC 2018
2 ms. Memory: 208384K Free: 196544K (94%)
ptolemy.util.test.WatchDog.cancel(): canceling Tue Dec 11 02:59:29 UTC 2018
------------------ testing $PTII/ptolemy/domains/de/test/auto/DepthTest7.xml
auto.tcl: Setting watchdog for 200 seconds at Tue Dec 11 02:59:29 UTC 2018
3 ms. Memory: 208384K Free: 196195K (94%)
ptolemy.util.test.WatchDog.cancel(): canceling Tue Dec 11 02:59:29 UTC 2018
auto.tcl: Setting watchdog for 200 seconds at Tue Dec 11 02:59:29 UTC 2018
2 ms. Memory: 208384K Free: 196195K (94%)
ptolemy.util.test.WatchDog.cancel(): canceling Tue Dec 11 02:59:29 UTC 2018
------------------ testing $PTII/ptolemy/domains/de/test/auto/EventToDate.xml
auto.tcl: Setting watchdog for 200 seconds at Tue Dec 11 02:59:29 UTC 2018
3011 ms. Memory: 208384K Free: 185660K (89%)
ptolemy.util.test.WatchDog.cancel(): canceling Tue Dec 11 02:59:32 UTC 2018
auto.tcl: Setting watchdog for 200 seconds at Tue Dec 11 02:59:32 UTC 2018
3005 ms. Memory: 208384K Free: 185660K (89%)
ptolemy.util.test.WatchDog.cancel(): canceling Tue Dec 11 02:59:35 UTC 2018
------------------ testing $PTII/ptolemy/domains/de/test/auto/FSM1.xml
auto.tcl: Setting watchdog for 200 seconds at Tue Dec 11 02:59:35 UTC 2018
24 ms. Memory: 208384K Free: 189226K (91%)
ptolemy.util.test.WatchDog.cancel(): canceling Tue Dec 11 02:59:35 UTC 2018
auto.tcl: Setting watchdog for 200 seconds at Tue Dec 11 02:59:35 UTC 2018
19 ms. Memory: 208384K Free: 185003K (89%)
ptolemy.util.test.WatchDog.cancel(): canceling Tue Dec 11 02:59:35 UTC 2018
------------------ testing $PTII/ptolemy/domains/de/test/auto/FSM7.xml
auto.tcl: Setting watchdog for 200 seconds at Tue Dec 11 02:59:35 UTC 2018
23 ms. Memory: 208384K Free: 187317K (90%)
ptolemy.util.test.WatchDog.cancel(): canceling Tue Dec 11 02:59:36 UTC 2018
auto.tcl: Setting watchdog for 200 seconds at Tue Dec 11 02:59:36 UTC 2018
20 ms. Memory: 208384K Free: 185206K (89%)
ptolemy.util.test.WatchDog.cancel(): canceling Tue Dec 11 02:59:36 UTC 2018
------------------ testing $PTII/ptolemy/domains/de/test/auto/Inspection.xml
auto.tcl: Setting watchdog for 200 seconds at Tue Dec 11 02:59:36 UTC 2018
24 ms. Memory: 208384K Free: 188868K (91%)
ptolemy.util.test.WatchDog.cancel(): canceling Tue Dec 11 02:59:36 UTC 2018
auto.tcl: Setting watchdog for 200 seconds at Tue Dec 11 02:59:36 UTC 2018
26 ms. Memory: 208384K Free: 186757K (90%)
ptolemy.util.test.WatchDog.cancel(): canceling Tue Dec 11 02:59:36 UTC 2018
------------------ testing $PTII/ptolemy/domains/de/test/auto/Iteration.xml
auto.tcl: Setting watchdog for 200 seconds at Tue Dec 11 02:59:36 UTC 2018
8 ms. Memory: 208384K Free: 196338K (94%)
ptolemy.util.test.WatchDog.cancel(): canceling Tue Dec 11 02:59:36 UTC 2018
auto.tcl: Setting watchdog for 200 seconds at Tue Dec 11 02:59:36 UTC 2018
9 ms. Memory: 208384K Free: 193889K (93%)
ptolemy.util.test.WatchDog.cancel(): canceling Tue Dec 11 02:59:36 UTC 2018
------------------ testing $PTII/ptolemy/domains/de/test/auto/LineFault.xml
auto.tcl: Setting watchdog for 200 seconds at Tue Dec 11 02:59:36 UTC 2018
701 ms. Memory: 208384K Free: 196232K (94%)
ptolemy.util.test.WatchDog.cancel(): canceling Tue Dec 11 02:59:37 UTC 2018
auto.tcl: Setting watchdog for 200 seconds at Tue Dec 11 02:59:37 UTC 2018
569 ms. Memory: 208384K Free: 138594K (67%)
ptolemy.util.test.WatchDog.cancel(): canceling Tue Dec 11 02:59:37 UTC 2018
------------------ testing $PTII/ptolemy/domains/de/test/auto/MergeModel1Add.xml
auto.tcl: Setting watchdog for 200 seconds at Tue Dec 11 02:59:37 UTC 2018
23 ms. Memory: 331264K Free: 298824K (90%)
ptolemy.util.test.WatchDog.cancel(): canceling Tue Dec 11 02:59:37 UTC 2018
auto.tcl: Setting watchdog for 200 seconds at Tue Dec 11 02:59:37 UTC 2018
9 ms. Memory: 331264K Free: 298824K (90%)
ptolemy.util.test.WatchDog.cancel(): canceling Tue Dec 11 02:59:37 UTC 2018
------------------ testing $PTII/ptolemy/domains/de/test/auto/MergeModel2Add.xml
auto.tcl: Setting watchdog for 200 seconds at Tue Dec 11 02:59:38 UTC 2018
9 ms. Memory: 331264K Free: 304113K (92%)
ptolemy.util.test.WatchDog.cancel(): canceling Tue Dec 11 02:59:38 UTC 2018
auto.tcl: Setting watchdog for 200 seconds at Tue Dec 11 02:59:38 UTC 2018
8 ms. Memory: 331264K Free: 300161K (91%)
ptolemy.util.test.WatchDog.cancel(): canceling Tue Dec 11 02:59:38 UTC 2018
------------------ testing $PTII/ptolemy/domains/de/test/auto/MergeModel3Add.xml
auto.tcl: Setting watchdog for 200 seconds at Tue Dec 11 02:59:38 UTC 2018
14 ms. Memory: 331264K Free: 304409K (92%)
ptolemy.util.test.WatchDog.cancel(): canceling Tue Dec 11 02:59:38 UTC 2018
auto.tcl: Setting watchdog for 200 seconds at Tue Dec 11 02:59:38 UTC 2018
5 ms. Memory: 331264K Free: 300457K (91%)
ptolemy.util.test.WatchDog.cancel(): canceling Tue Dec 11 02:59:38 UTC 2018
------------------ testing $PTII/ptolemy/domains/de/test/auto/MergeWithoutDiscard.xml
auto.tcl: Setting watchdog for 200 seconds at Tue Dec 11 02:59:38 UTC 2018
2 ms. Memory: 331264K Free: 320213K (97%)
ptolemy.util.test.WatchDog.cancel(): canceling Tue Dec 11 02:59:38 UTC 2018
auto.tcl: Setting watchdog for 200 seconds at Tue Dec 11 02:59:38 UTC 2018
1 ms. Memory: 331264K Free: 316261K (95%)
ptolemy.util.test.WatchDog.cancel(): canceling Tue Dec 11 02:59:38 UTC 2018
------------------ testing $PTII/ptolemy/domains/de/test/auto/Modal1.xml
auto.tcl: Setting watchdog for 200 seconds at Tue Dec 11 02:59:38 UTC 2018
20 ms. Memory: 331264K Free: 309872K (94%)
ptolemy.util.test.WatchDog.cancel(): canceling Tue Dec 11 02:59:38 UTC 2018
auto.tcl: Setting watchdog for 200 seconds at Tue Dec 11 02:59:38 UTC 2018
16 ms. Memory: 331264K Free: 305921K (92%)
ptolemy.util.test.WatchDog.cancel(): canceling Tue Dec 11 02:59:38 UTC 2018
------------------ testing $PTII/ptolemy/domains/de/test/auto/Modal2.xml
auto.tcl: Setting watchdog for 200 seconds at Tue Dec 11 02:59:38 UTC 2018
15 ms. Memory: 331264K Free: 309739K (94%)
ptolemy.util.test.WatchDog.cancel(): canceling Tue Dec 11 02:59:38 UTC 2018
auto.tcl: Setting watchdog for 200 seconds at Tue Dec 11 02:59:38 UTC 2018
9 ms. Memory: 331264K Free: 305787K (92%)
ptolemy.util.test.WatchDog.cancel(): canceling Tue Dec 11 02:59:38 UTC 2018
------------------ testing $PTII/ptolemy/domains/de/test/auto/Modal3.xml
auto.tcl: Setting watchdog for 200 seconds at Tue Dec 11 02:59:38 UTC 2018
12 ms. Memory: 331264K Free: 310030K (94%)
ptolemy.util.test.WatchDog.cancel(): canceling Tue Dec 11 02:59:38 UTC 2018
auto.tcl: Setting watchdog for 200 seconds at Tue Dec 11 02:59:38 UTC 2018
9 ms. Memory: 331264K Free: 305793K (92%)
ptolemy.util.test.WatchDog.cancel(): canceling Tue Dec 11 02:59:38 UTC 2018
------------------ testing $PTII/ptolemy/domains/de/test/auto/Modal4.xml
auto.tcl: Setting watchdog for 200 seconds at Tue Dec 11 02:59:38 UTC 2018
24 ms. Memory: 331264K Free: 309750K (94%)
ptolemy.util.test.WatchDog.cancel(): canceling Tue Dec 11 02:59:38 UTC 2018
auto.tcl: Setting watchdog for 200 seconds at Tue Dec 11 02:59:38 UTC 2018
15 ms. Memory: 331264K Free: 305799K (92%)
ptolemy.util.test.WatchDog.cancel(): canceling Tue Dec 11 02:59:38 UTC 2018
------------------ testing $PTII/ptolemy/domains/de/test/auto/Modal5.xml
auto.tcl: Setting watchdog for 200 seconds at Tue Dec 11 02:59:38 UTC 2018
14 ms. Memory: 331264K Free: 309738K (94%)
ptolemy.util.test.WatchDog.cancel(): canceling Tue Dec 11 02:59:38 UTC 2018
auto.tcl: Setting watchdog for 200 seconds at Tue Dec 11 02:59:38 UTC 2018
11 ms. Memory: 331264K Free: 305786K (92%)
ptolemy.util.test.WatchDog.cancel(): canceling Tue Dec 11 02:59:38 UTC 2018
------------------ testing $PTII/ptolemy/domains/de/test/auto/Modal6.xml
auto.tcl: Setting watchdog for 200 seconds at Tue Dec 11 02:59:38 UTC 2018
11 ms. Memory: 331264K Free: 309735K (94%)
ptolemy.util.test.WatchDog.cancel(): canceling Tue Dec 11 02:59:38 UTC 2018
auto.tcl: Setting watchdog for 200 seconds at Tue Dec 11 02:59:38 UTC 2018
12 ms. Memory: 331264K Free: 305783K (92%)
ptolemy.util.test.WatchDog.cancel(): canceling Tue Dec 11 02:59:38 UTC 2018
------------------ testing $PTII/ptolemy/domains/de/test/auto/Modal7.xml
auto.tcl: Setting watchdog for 200 seconds at Tue Dec 11 02:59:38 UTC 2018
19 ms. Memory: 331264K Free: 309735K (94%)
ptolemy.util.test.WatchDog.cancel(): canceling Tue Dec 11 02:59:38 UTC 2018
auto.tcl: Setting watchdog for 200 seconds at Tue Dec 11 02:59:38 UTC 2018
11 ms. Memory: 331264K Free: 305783K (92%)
ptolemy.util.test.WatchDog.cancel(): canceling Tue Dec 11 02:59:39 UTC 2018
------------------ testing $PTII/ptolemy/domains/de/test/auto/ModalModel.xml
auto.tcl: Setting watchdog for 200 seconds at Tue Dec 11 02:59:39 UTC 2018
174 ms. Memory: 331264K Free: 241323K (73%)
ptolemy.util.test.WatchDog.cancel(): canceling Tue Dec 11 02:59:39 UTC 2018
auto.tcl: Setting watchdog for 200 seconds at Tue Dec 11 02:59:39 UTC 2018
179 ms. Memory: 331264K Free: 186000K (56%)
ptolemy.util.test.WatchDog.cancel(): canceling Tue Dec 11 02:59:39 UTC 2018
------------------ testing $PTII/ptolemy/domains/de/test/auto/ModalSource.xml
auto.tcl: Setting watchdog for 200 seconds at Tue Dec 11 02:59:39 UTC 2018
6 ms. Memory: 331264K Free: 316593K (96%)
ptolemy.util.test.WatchDog.cancel(): canceling Tue Dec 11 02:59:39 UTC 2018
auto.tcl: Setting watchdog for 200 seconds at Tue Dec 11 02:59:39 UTC 2018
5 ms. Memory: 331264K Free: 313108K (95%)
ptolemy.util.test.WatchDog.cancel(): canceling Tue Dec 11 02:59:39 UTC 2018
------------------ testing $PTII/ptolemy/domains/de/test/auto/NonInterruptibleTimerZeroDelay.xml
auto.tcl: Setting watchdog for 200 seconds at Tue Dec 11 02:59:39 UTC 2018
3 ms. Memory: 331264K Free: 320917K (97%)
ptolemy.util.test.WatchDog.cancel(): canceling Tue Dec 11 02:59:39 UTC 2018
auto.tcl: Setting watchdog for 200 seconds at Tue Dec 11 02:59:39 UTC 2018
2 ms. Memory: 331264K Free: 317431K (96%)
ptolemy.util.test.WatchDog.cancel(): canceling Tue Dec 11 02:59:39 UTC 2018
------------------ testing $PTII/ptolemy/domains/de/test/auto/OpenQueueingNetwork.xml
auto.tcl: Setting watchdog for 200 seconds at Tue Dec 11 02:59:39 UTC 2018
2656 ms. Memory: 573952K Free: 421829K (73%)
ptolemy.util.test.WatchDog.cancel(): canceling Tue Dec 11 02:59:42 UTC 2018
auto.tcl: Setting watchdog for 200 seconds at Tue Dec 11 02:59:42 UTC 2018
2403 ms. Memory: 574464K Free: 339886K (59%)
ptolemy.util.test.WatchDog.cancel(): canceling Tue Dec 11 02:59:44 UTC 2018
------------------ testing $PTII/ptolemy/domains/de/test/auto/OpenQueuingNetwork.xml
auto.tcl: Setting watchdog for 200 seconds at Tue Dec 11 02:59:44 UTC 2018
241 ms. Memory: 1064960K Free: 946119K (89%)
ptolemy.util.test.WatchDog.cancel(): canceling Tue Dec 11 02:59:45 UTC 2018
auto.tcl: Setting watchdog for 200 seconds at Tue Dec 11 02:59:45 UTC 2018
228 ms. Memory: 1064960K Free: 889071K (83%)
ptolemy.util.test.WatchDog.cancel(): canceling Tue Dec 11 02:59:45 UTC 2018
------------------ testing $PTII/ptolemy/domains/de/test/auto/PeriodicSampler.xml
auto.tcl: Setting watchdog for 200 seconds at Tue Dec 11 02:59:45 UTC 2018
2 ms. Memory: 1065472K Free: 1028933K (97%)
ptolemy.util.test.WatchDog.cancel(): canceling Tue Dec 11 02:59:45 UTC 2018
auto.tcl: Setting watchdog for 200 seconds at Tue Dec 11 02:59:45 UTC 2018
2 ms. Memory: 1065472K Free: 1028933K (97%)
ptolemy.util.test.WatchDog.cancel(): canceling Tue Dec 11 02:59:45 UTC 2018
------------------ testing $PTII/ptolemy/domains/de/test/auto/PersistentIO.xml
auto.tcl: Setting watchdog for 200 seconds at Tue Dec 11 02:59:45 UTC 2018
5 ms. Memory: 1064960K Free: 1029485K (97%)
ptolemy.util.test.WatchDog.cancel(): canceling Tue Dec 11 02:59:45 UTC 2018
auto.tcl: Setting watchdog for 200 seconds at Tue Dec 11 02:59:45 UTC 2018
3 ms. Memory: 1064960K Free: 1029485K (97%)
ptolemy.util.test.WatchDog.cancel(): canceling Tue Dec 11 02:59:45 UTC 2018
------------------ testing $PTII/ptolemy/domains/de/test/auto/PortParameterResetOnInitialize.xml
auto.tcl: Setting watchdog for 200 seconds at Tue Dec 11 02:59:45 UTC 2018
2 ms. Memory: 1065472K Free: 1029858K (97%)
ptolemy.util.test.WatchDog.cancel(): canceling Tue Dec 11 02:59:45 UTC 2018
auto.tcl: Setting watchdog for 200 seconds at Tue Dec 11 02:59:45 UTC 2018
1 ms. Memory: 1065472K Free: 1029858K (97%)
ptolemy.util.test.WatchDog.cancel(): canceling Tue Dec 11 02:59:45 UTC 2018
------------------ testing $PTII/ptolemy/domains/de/test/auto/PortParameterUpdates.xml
auto.tcl: Setting watchdog for 200 seconds at Tue Dec 11 02:59:45 UTC 2018
5 ms. Memory: 1065472K Free: 1039811K (98%)
ptolemy.util.test.WatchDog.cancel(): canceling Tue Dec 11 02:59:45 UTC 2018
auto.tcl: Setting watchdog for 200 seconds at Tue Dec 11 02:59:45 UTC 2018
3 ms. Memory: 1065472K Free: 1039811K (98%)
ptolemy.util.test.WatchDog.cancel(): canceling Tue Dec 11 02:59:45 UTC 2018
------------------ testing $PTII/ptolemy/domains/de/test/auto/QueueAndServer.xml
auto.tcl: Setting watchdog for 200 seconds at Tue Dec 11 02:59:45 UTC 2018
12 ms. Memory: 1065472K Free: 1029473K (97%)
ptolemy.util.test.WatchDog.cancel(): canceling Tue Dec 11 02:59:45 UTC 2018
auto.tcl: Setting watchdog for 200 seconds at Tue Dec 11 02:59:45 UTC 2018
6 ms. Memory: 1065472K Free: 1029473K (97%)
ptolemy.util.test.WatchDog.cancel(): canceling Tue Dec 11 02:59:45 UTC 2018
------------------ testing $PTII/ptolemy/domains/de/test/auto/Records.xml
auto.tcl: Setting watchdog for 200 seconds at Tue Dec 11 02:59:45 UTC 2018
4 ms. Memory: 1065472K Free: 1039235K (98%)
ptolemy.util.test.WatchDog.cancel(): canceling Tue Dec 11 02:59:45 UTC 2018
auto.tcl: Setting watchdog for 200 seconds at Tue Dec 11 02:59:45 UTC 2018
2 ms. Memory: 1065472K Free: 1039235K (98%)
ptolemy.util.test.WatchDog.cancel(): canceling Tue Dec 11 02:59:45 UTC 2018
------------------ testing $PTII/ptolemy/domains/de/test/auto/ResetTransitionWithStartTime1.xml
auto.tcl: Setting watchdog for 200 seconds at Tue Dec 11 02:59:45 UTC 2018
12 ms. Memory: 1065472K Free: 1039742K (98%)
ptolemy.util.test.WatchDog.cancel(): canceling Tue Dec 11 02:59:45 UTC 2018
auto.tcl: Setting watchdog for 200 seconds at Tue Dec 11 02:59:45 UTC 2018
4 ms. Memory: 1065472K Free: 1039260K (98%)
ptolemy.util.test.WatchDog.cancel(): canceling Tue Dec 11 02:59:45 UTC 2018
------------------ testing $PTII/ptolemy/domains/de/test/auto/ResetTransitionWithStartTime2.xml
auto.tcl: Setting watchdog for 200 seconds at Tue Dec 11 02:59:45 UTC 2018
4 ms. Memory: 1064448K Free: 1038708K (98%)
ptolemy.util.test.WatchDog.cancel(): canceling Tue Dec 11 02:59:45 UTC 2018
auto.tcl: Setting watchdog for 200 seconds at Tue Dec 11 02:59:45 UTC 2018
5 ms. Memory: 1064448K Free: 1038708K (98%)
ptolemy.util.test.WatchDog.cancel(): canceling Tue Dec 11 02:59:46 UTC 2018
------------------ testing $PTII/ptolemy/domains/de/test/auto/ResetTransitionWithStartTime3.xml
auto.tcl: Setting watchdog for 200 seconds at Tue Dec 11 02:59:46 UTC 2018
10 ms. Memory: 1064960K Free: 1038737K (98%)
ptolemy.util.test.WatchDog.cancel(): canceling Tue Dec 11 02:59:46 UTC 2018
auto.tcl: Setting watchdog for 200 seconds at Tue Dec 11 02:59:46 UTC 2018
5 ms. Memory: 1064960K Free: 1038737K (98%)
ptolemy.util.test.WatchDog.cancel(): canceling Tue Dec 11 02:59:46 UTC 2018
------------------ testing $PTII/ptolemy/domains/de/test/auto/ResetTransitionWithStartTime4.xml
auto.tcl: Setting watchdog for 200 seconds at Tue Dec 11 02:59:46 UTC 2018
3 ms. Memory: 1064960K Free: 1038736K (98%)
ptolemy.util.test.WatchDog.cancel(): canceling Tue Dec 11 02:59:46 UTC 2018
auto.tcl: Setting watchdog for 200 seconds at Tue Dec 11 02:59:46 UTC 2018
3 ms. Memory: 1064960K Free: 1038736K (98%)
ptolemy.util.test.WatchDog.cancel(): canceling Tue Dec 11 02:59:46 UTC 2018
------------------ testing $PTII/ptolemy/domains/de/test/auto/ResettableTimer1.xml
auto.tcl: Setting watchdog for 200 seconds at Tue Dec 11 02:59:46 UTC 2018
2 ms. Memory: 1064960K Free: 1038731K (98%)
ptolemy.util.test.WatchDog.cancel(): canceling Tue Dec 11 02:59:46 UTC 2018
auto.tcl: Setting watchdog for 200 seconds at Tue Dec 11 02:59:46 UTC 2018
2 ms. Memory: 1064960K Free: 1038731K (98%)
ptolemy.util.test.WatchDog.cancel(): canceling Tue Dec 11 02:59:46 UTC 2018
------------------ testing $PTII/ptolemy/domains/de/test/auto/ResettableTimer2.xml
auto.tcl: Setting watchdog for 200 seconds at Tue Dec 11 02:59:46 UTC 2018
2 ms. Memory: 1064960K Free: 1039272K (98%)
ptolemy.util.test.WatchDog.cancel(): canceling Tue Dec 11 02:59:46 UTC 2018
auto.tcl: Setting watchdog for 200 seconds at Tue Dec 11 02:59:46 UTC 2018
2 ms. Memory: 1064960K Free: 1039272K (98%)
ptolemy.util.test.WatchDog.cancel(): canceling Tue Dec 11 02:59:46 UTC 2018
------------------ testing $PTII/ptolemy/domains/de/test/auto/ResettableTimer3.xml
auto.tcl: Setting watchdog for 200 seconds at Tue Dec 11 02:59:46 UTC 2018
1 ms. Memory: 1064960K Free: 1038789K (98%)
ptolemy.util.test.WatchDog.cancel(): canceling Tue Dec 11 02:59:46 UTC 2018
auto.tcl: Setting watchdog for 200 seconds at Tue Dec 11 02:59:46 UTC 2018
1 ms. Memory: 1064960K Free: 1038789K (98%)
ptolemy.util.test.WatchDog.cancel(): canceling Tue Dec 11 02:59:46 UTC 2018
------------------ testing $PTII/ptolemy/domains/de/test/auto/ResettableTimer4.xml
auto.tcl: Setting watchdog for 200 seconds at Tue Dec 11 02:59:46 UTC 2018
1 ms. Memory: 1063936K Free: 1038260K (98%)
ptolemy.util.test.WatchDog.cancel(): canceling Tue Dec 11 02:59:46 UTC 2018
auto.tcl: Setting watchdog for 200 seconds at Tue Dec 11 02:59:46 UTC 2018
1 ms. Memory: 1063936K Free: 1038260K (98%)
ptolemy.util.test.WatchDog.cancel(): canceling Tue Dec 11 02:59:46 UTC 2018
------------------ testing $PTII/ptolemy/domains/de/test/auto/ResettableTimer5.xml
auto.tcl: Setting watchdog for 200 seconds at Tue Dec 11 02:59:46 UTC 2018
1 ms. Memory: 1064448K Free: 1028950K (97%)
ptolemy.util.test.WatchDog.cancel(): canceling Tue Dec 11 02:59:46 UTC 2018
auto.tcl: Setting watchdog for 200 seconds at Tue Dec 11 02:59:46 UTC 2018
1 ms. Memory: 1064448K Free: 1028950K (97%)
ptolemy.util.test.WatchDog.cancel(): canceling Tue Dec 11 02:59:46 UTC 2018
------------------ testing $PTII/ptolemy/domains/de/test/auto/ResettableTimer6.xml
auto.tcl: Setting watchdog for 200 seconds at Tue Dec 11 02:59:46 UTC 2018
1 ms. Memory: 1064448K Free: 1028417K (97%)
ptolemy.util.test.WatchDog.cancel(): canceling Tue Dec 11 02:59:46 UTC 2018
auto.tcl: Setting watchdog for 200 seconds at Tue Dec 11 02:59:46 UTC 2018
1 ms. Memory: 1064448K Free: 1028417K (97%)
ptolemy.util.test.WatchDog.cancel(): canceling Tue Dec 11 02:59:46 UTC 2018
------------------ testing $PTII/ptolemy/domains/de/test/auto/ServerZeroDelay.xml
auto.tcl: Setting watchdog for 200 seconds at Tue Dec 11 02:59:46 UTC 2018
2 ms. Memory: 1064448K Free: 1038710K (98%)
ptolemy.util.test.WatchDog.cancel(): canceling Tue Dec 11 02:59:46 UTC 2018
auto.tcl: Setting watchdog for 200 seconds at Tue Dec 11 02:59:46 UTC 2018
2 ms. Memory: 1064448K Free: 1038710K (98%)
ptolemy.util.test.WatchDog.cancel(): canceling Tue Dec 11 02:59:46 UTC 2018
------------------ testing $PTII/ptolemy/domains/de/test/auto/SmartSender.xml
auto.tcl: Setting watchdog for 200 seconds at Tue Dec 11 02:59:46 UTC 2018
3001 ms. Memory: 1064448K Free: 1028886K (97%)
ptolemy.util.test.WatchDog.cancel(): canceling Tue Dec 11 02:59:49 UTC 2018
auto.tcl: Setting watchdog for 200 seconds at Tue Dec 11 02:59:49 UTC 2018
3000 ms. Memory: 1064448K Free: 1028886K (97%)
ptolemy.util.test.WatchDog.cancel(): canceling Tue Dec 11 02:59:52 UTC 2018
------------------ testing $PTII/ptolemy/domains/de/test/auto/ThreadedComposite.xml
auto.tcl: Setting watchdog for 200 seconds at Tue Dec 11 02:59:52 UTC 2018
189 ms. Memory: 1064448K Free: 997345K (94%)
ptolemy.util.test.WatchDog.cancel(): canceling Tue Dec 11 02:59:52 UTC 2018
auto.tcl: Setting watchdog for 200 seconds at Tue Dec 11 02:59:52 UTC 2018
129 ms. Memory: 1064448K Free: 977705K (92%)
ptolemy.util.test.WatchDog.cancel(): canceling Tue Dec 11 02:59:52 UTC 2018
------------------ testing $PTII/ptolemy/domains/de/test/auto/Time.xml
auto.tcl: Setting watchdog for 200 seconds at Tue Dec 11 02:59:53 UTC 2018
484 ms. Memory: 1064448K Free: 988848K (93%)
ptolemy.util.test.WatchDog.cancel(): canceling Tue Dec 11 02:59:53 UTC 2018
auto.tcl: Setting watchdog for 200 seconds at Tue Dec 11 02:59:53 UTC 2018
470 ms. Memory: 1064448K Free: 931770K (88%)
ptolemy.util.test.WatchDog.cancel(): canceling Tue Dec 11 02:59:53 UTC 2018
------------------ testing $PTII/ptolemy/domains/de/test/auto/TimeDelayZeroDelay.xml
auto.tcl: Setting watchdog for 200 seconds at Tue Dec 11 02:59:54 UTC 2018
2 ms. Memory: 1064448K Free: 1038146K (98%)
ptolemy.util.test.WatchDog.cancel(): canceling Tue Dec 11 02:59:54 UTC 2018
auto.tcl: Setting watchdog for 200 seconds at Tue Dec 11 02:59:54 UTC 2018
2 ms. Memory: 1064448K Free: 1038146K (98%)
ptolemy.util.test.WatchDog.cancel(): canceling Tue Dec 11 02:59:54 UTC 2018
------------------ testing $PTII/ptolemy/domains/de/test/auto/TimerZeroDelay.xml
auto.tcl: Setting watchdog for 200 seconds at Tue Dec 11 02:59:54 UTC 2018
1 ms. Memory: 1063424K Free: 1037648K (98%)
ptolemy.util.test.WatchDog.cancel(): canceling Tue Dec 11 02:59:54 UTC 2018
auto.tcl: Setting watchdog for 200 seconds at Tue Dec 11 02:59:54 UTC 2018
2 ms. Memory: 1063424K Free: 1037648K (98%)
ptolemy.util.test.WatchDog.cancel(): canceling Tue Dec 11 02:59:54 UTC 2018
------------------ testing $PTII/ptolemy/domains/de/test/auto/TimingParadox.xml
auto.tcl: Setting watchdog for 200 seconds at Tue Dec 11 02:59:54 UTC 2018
348 ms. Memory: 1063936K Free: 973951K (92%)
ptolemy.util.test.WatchDog.cancel(): canceling Tue Dec 11 02:59:54 UTC 2018
auto.tcl: Setting watchdog for 200 seconds at Tue Dec 11 02:59:54 UTC 2018
334 ms. Memory: 1063936K Free: 939704K (88%)
ptolemy.util.test.WatchDog.cancel(): canceling Tue Dec 11 02:59:54 UTC 2018
------------------ testing $PTII/ptolemy/domains/de/test/auto/TransferInputs.xml
auto.tcl: Setting watchdog for 200 seconds at Tue Dec 11 02:59:55 UTC 2018
2 ms. Memory: 1063424K Free: 1036563K (97%)
ptolemy.util.test.WatchDog.cancel(): canceling Tue Dec 11 02:59:55 UTC 2018
auto.tcl: Setting watchdog for 200 seconds at Tue Dec 11 02:59:55 UTC 2018
1 ms. Memory: 1063424K Free: 1036563K (97%)
ptolemy.util.test.WatchDog.cancel(): canceling Tue Dec 11 02:59:55 UTC 2018
------------------ testing $PTII/ptolemy/domains/de/test/auto/TransferOutputs2.xml
auto.tcl: Setting watchdog for 200 seconds at Tue Dec 11 02:59:55 UTC 2018
3 ms. Memory: 1063936K Free: 1028362K (97%)
ptolemy.util.test.WatchDog.cancel(): canceling Tue Dec 11 02:59:55 UTC 2018
auto.tcl: Setting watchdog for 200 seconds at Tue Dec 11 02:59:55 UTC 2018
2 ms. Memory: 1063936K Free: 1028362K (97%)
ptolemy.util.test.WatchDog.cancel(): canceling Tue Dec 11 02:59:55 UTC 2018
------------------ testing $PTII/ptolemy/domains/de/test/auto/Trilateration.xml
auto.tcl: Setting watchdog for 200 seconds at Tue Dec 11 02:59:55 UTC 2018
13614 ms. Memory: 976384K Free: 861841K (88%)
ptolemy.util.test.WatchDog.cancel(): canceling Tue Dec 11 03:00:09 UTC 2018
auto.tcl: Setting watchdog for 200 seconds at Tue Dec 11 03:00:09 UTC 2018
10716 ms. Memory: 849408K Free: 675340K (80%)
ptolemy.util.test.WatchDog.cancel(): canceling Tue Dec 11 03:00:20 UTC 2018
------------------ testing $PTII/ptolemy/domains/de/test/auto/TwoSigmaDelta.xml
auto.tcl: Setting watchdog for 200 seconds at Tue Dec 11 03:00:20 UTC 2018
2675 ms. Memory: 853504K Free: 549542K (64%)
ptolemy.util.test.WatchDog.cancel(): canceling Tue Dec 11 03:00:23 UTC 2018
auto.tcl: Setting watchdog for 200 seconds at Tue Dec 11 03:00:23 UTC 2018
1859 ms. Memory: 853504K Free: 314343K (37%)
ptolemy.util.test.WatchDog.cancel(): canceling Tue Dec 11 03:00:25 UTC 2018
------------------ testing $PTII/ptolemy/domains/de/test/auto/VariableDelay.xml
auto.tcl: Setting watchdog for 200 seconds at Tue Dec 11 03:00:25 UTC 2018
2 ms. Memory: 849920K Free: 826066K (97%)
ptolemy.util.test.WatchDog.cancel(): canceling Tue Dec 11 03:00:25 UTC 2018
auto.tcl: Setting watchdog for 200 seconds at Tue Dec 11 03:00:25 UTC 2018
2 ms. Memory: 849920K Free: 826066K (97%)
ptolemy.util.test.WatchDog.cancel(): canceling Tue Dec 11 03:00:25 UTC 2018
------------------ testing $PTII/ptolemy/domains/de/test/auto/VariableDelay2.xml
auto.tcl: Setting watchdog for 200 seconds at Tue Dec 11 03:00:25 UTC 2018
5 ms. Memory: 849408K Free: 826011K (97%)
ptolemy.util.test.WatchDog.cancel(): canceling Tue Dec 11 03:00:25 UTC 2018
auto.tcl: Setting watchdog for 200 seconds at Tue Dec 11 03:00:25 UTC 2018
2 ms. Memory: 849408K Free: 826011K (97%)
ptolemy.util.test.WatchDog.cancel(): canceling Tue Dec 11 03:00:25 UTC 2018
------------------ testing $PTII/ptolemy/domains/de/test/auto/VariableDelayZeroDelay.xml
auto.tcl: Setting watchdog for 200 seconds at Tue Dec 11 03:00:25 UTC 2018
2 ms. Memory: 849408K Free: 826010K (97%)
ptolemy.util.test.WatchDog.cancel(): canceling Tue Dec 11 03:00:25 UTC 2018
auto.tcl: Setting watchdog for 200 seconds at Tue Dec 11 03:00:25 UTC 2018
1 ms. Memory: 849408K Free: 826010K (97%)
ptolemy.util.test.WatchDog.cancel(): canceling Tue Dec 11 03:00:25 UTC 2018
------------------ testing $PTII/ptolemy/domains/de/test/auto/VariableDelayZeroDelay2.xml
auto.tcl: Setting watchdog for 200 seconds at Tue Dec 11 03:00:25 UTC 2018
4 ms. Memory: 852480K Free: 821400K (96%)
ptolemy.util.test.WatchDog.cancel(): canceling Tue Dec 11 03:00:25 UTC 2018
auto.tcl: Setting watchdog for 200 seconds at Tue Dec 11 03:00:25 UTC 2018
2 ms. Memory: 852480K Free: 821400K (96%)
ptolemy.util.test.WatchDog.cancel(): canceling Tue Dec 11 03:00:25 UTC 2018
------------------ testing $PTII/ptolemy/domains/de/test/auto/deInCt.xml
auto.tcl: Setting watchdog for 200 seconds at Tue Dec 11 03:00:25 UTC 2018
0
1
1
1
0
0
0
1
1
1
0
0
0
0
0
1
1
1
1
0
0
0
1
1
1
1
1
0
0
0
0
0
15 ms. Memory: 849408K Free: 818282K (96%)
ptolemy.util.test.WatchDog.cancel(): canceling Tue Dec 11 03:00:25 UTC 2018
auto.tcl: Setting watchdog for 200 seconds at Tue Dec 11 03:00:25 UTC 2018
0
1
1
1
1
1
0
0
0
1
1
1
1
1
0
0
0
1
1
1
1
0
0
0
0
1
1
1
0
0
0
0
6 ms. Memory: 849408K Free: 818282K (96%)
ptolemy.util.test.WatchDog.cancel(): canceling Tue Dec 11 03:00:25 UTC 2018
------------------ testing $PTII/ptolemy/domains/de/test/auto/deInCt2.xml
auto.tcl: Setting watchdog for 200 seconds at Tue Dec 11 03:00:25 UTC 2018
0
1
1
1
0
0
1
1
1
0
0
1
1
1
0
0
1
1
1
0
0
1
1
1
0
0
1
1
1
0
0
1
1
1
0
0
1
1
1
0
0
0
11 ms. Memory: 852480K Free: 821354K (96%)
ptolemy.util.test.WatchDog.cancel(): canceling Tue Dec 11 03:00:25 UTC 2018
auto.tcl: Setting watchdog for 200 seconds at Tue Dec 11 03:00:25 UTC 2018
0
1
1
1
0
0
1
1
1
0
0
1
1
1
0
0
1
1
1
0
0
1
1
1
0
0
1
1
1
0
0
1
1
1
0
0
1
1
1
0
0
0
5 ms. Memory: 852480K Free: 821354K (96%)
ptolemy.util.test.WatchDog.cancel(): canceling Tue Dec 11 03:00:25 UTC 2018
------------------ testing $PTII/ptolemy/domains/de/test/auto/dynamicCausalityInterface1.xml
auto.tcl: Setting watchdog for 200 seconds at Tue Dec 11 03:00:25 UTC 2018
3 ms. Memory: 849408K Free: 826001K (97%)
ptolemy.util.test.WatchDog.cancel(): canceling Tue Dec 11 03:00:25 UTC 2018
auto.tcl: Setting watchdog for 200 seconds at Tue Dec 11 03:00:25 UTC 2018
1 ms. Memory: 849408K Free: 826001K (97%)
ptolemy.util.test.WatchDog.cancel(): canceling Tue Dec 11 03:00:25 UTC 2018
------------------ testing $PTII/ptolemy/domains/de/test/auto/fsm_de_test.xml
auto.tcl: Setting watchdog for 200 seconds at Tue Dec 11 03:00:25 UTC 2018
6 ms. Memory: 851968K Free: 820776K (96%)
ptolemy.util.test.WatchDog.cancel(): canceling Tue Dec 11 03:00:25 UTC 2018
auto.tcl: Setting watchdog for 200 seconds at Tue Dec 11 03:00:25 UTC 2018
4 ms. Memory: 851968K Free: 820776K (96%)
ptolemy.util.test.WatchDog.cancel(): canceling Tue Dec 11 03:00:25 UTC 2018
------------------ testing $PTII/ptolemy/domains/de/test/auto/functionDependencyReconstruction.xml
auto.tcl: Setting watchdog for 200 seconds at Tue Dec 11 03:00:25 UTC 2018
2 ms. Memory: 849408K Free: 807143K (95%)
ptolemy.util.test.WatchDog.cancel(): canceling Tue Dec 11 03:00:25 UTC 2018
auto.tcl: Setting watchdog for 200 seconds at Tue Dec 11 03:00:25 UTC 2018
2 ms. Memory: 849408K Free: 807143K (95%)
ptolemy.util.test.WatchDog.cancel(): canceling Tue Dec 11 03:00:25 UTC 2018
------------------ testing $PTII/ptolemy/domains/de/test/auto/multirate.xml
auto.tcl: Setting watchdog for 200 seconds at Tue Dec 11 03:00:25 UTC 2018
3 ms. Memory: 851456K Free: 820131K (96%)
ptolemy.util.test.WatchDog.cancel(): canceling Tue Dec 11 03:00:25 UTC 2018
auto.tcl: Setting watchdog for 200 seconds at Tue Dec 11 03:00:25 UTC 2018
4 ms. Memory: 851456K Free: 820131K (96%)
ptolemy.util.test.WatchDog.cancel(): canceling Tue Dec 11 03:00:25 UTC 2018
------------------ testing $PTII/ptolemy/domains/de/test/auto/multirate2.xml
auto.tcl: Setting watchdog for 200 seconds at Tue Dec 11 03:00:26 UTC 2018
2 ms. Memory: 849408K Free: 818228K (96%)
ptolemy.util.test.WatchDog.cancel(): canceling Tue Dec 11 03:00:26 UTC 2018
auto.tcl: Setting watchdog for 200 seconds at Tue Dec 11 03:00:26 UTC 2018
3 ms. Memory: 849408K Free: 818228K (96%)
ptolemy.util.test.WatchDog.cancel(): canceling Tue Dec 11 03:00:26 UTC 2018
------------------ testing $PTII/ptolemy/domains/de/test/auto/realtime.xml
auto.tcl: Setting watchdog for 200 seconds at Tue Dec 11 03:00:26 UTC 2018
10002 ms. Memory: 851456K Free: 820274K (96%)
ptolemy.util.test.WatchDog.cancel(): canceling Tue Dec 11 03:00:36 UTC 2018
auto.tcl: Setting watchdog for 200 seconds at Tue Dec 11 03:00:36 UTC 2018
10002 ms. Memory: 851456K Free: 820274K (96%)
ptolemy.util.test.WatchDog.cancel(): canceling Tue Dec 11 03:00:46 UTC 2018
------------------ testing $PTII/ptolemy/domains/de/test/auto/relationGroup.xml
auto.tcl: Setting watchdog for 200 seconds at Tue Dec 11 03:00:46 UTC 2018
2 ms. Memory: 849408K Free: 825976K (97%)
ptolemy.util.test.WatchDog.cancel(): canceling Tue Dec 11 03:00:46 UTC 2018
auto.tcl: Setting watchdog for 200 seconds at Tue Dec 11 03:00:46 UTC 2018
2 ms. Memory: 849408K Free: 825976K (97%)
ptolemy.util.test.WatchDog.cancel(): canceling Tue Dec 11 03:00:46 UTC 2018
------------------ testing $PTII/ptolemy/domains/de/test/auto/relationGroup2.xml
auto.tcl: Setting watchdog for 200 seconds at Tue Dec 11 03:00:46 UTC 2018
3 ms. Memory: 850944K Free: 827538K (97%)
ptolemy.util.test.WatchDog.cancel(): canceling Tue Dec 11 03:00:46 UTC 2018
auto.tcl: Setting watchdog for 200 seconds at Tue Dec 11 03:00:46 UTC 2018
2 ms. Memory: 850944K Free: 827538K (97%)
ptolemy.util.test.WatchDog.cancel(): canceling Tue Dec 11 03:00:46 UTC 2018
------------------ testing $PTII/ptolemy/domains/de/test/auto/sortWithOpaquePorts.xml
auto.tcl: Setting watchdog for 200 seconds at Tue Dec 11 03:00:46 UTC 2018
1 ms. Memory: 849408K Free: 818323K (96%)
ptolemy.util.test.WatchDog.cancel(): canceling Tue Dec 11 03:00:46 UTC 2018
auto.tcl: Setting watchdog for 200 seconds at Tue Dec 11 03:00:46 UTC 2018
2 ms. Memory: 849408K Free: 818323K (96%)
ptolemy.util.test.WatchDog.cancel(): canceling Tue Dec 11 03:00:46 UTC 2018
------------------ testing $PTII/ptolemy/domains/de/test/auto/transferInputsandOutputs.xml
auto.tcl: Setting watchdog for 200 seconds at Tue Dec 11 03:00:46 UTC 2018
2 ms. Memory: 850944K Free: 819845K (96%)
ptolemy.util.test.WatchDog.cancel(): canceling Tue Dec 11 03:00:46 UTC 2018
auto.tcl: Setting watchdog for 200 seconds at Tue Dec 11 03:00:46 UTC 2018
2 ms. Memory: 850944K Free: 819845K (96%)
ptolemy.util.test.WatchDog.cancel(): canceling Tue Dec 11 03:00:46 UTC 2018
------------------ testing $PTII/ptolemy/domains/de/test/auto/triggerType.xml
auto.tcl: Setting watchdog for 200 seconds at Tue Dec 11 03:00:46 UTC 2018
2 ms. Memory: 849408K Free: 818259K (96%)
ptolemy.util.test.WatchDog.cancel(): canceling Tue Dec 11 03:00:46 UTC 2018
auto.tcl: Setting watchdog for 200 seconds at Tue Dec 11 03:00:46 UTC 2018
2 ms. Memory: 849408K Free: 818259K (96%)
ptolemy.util.test.WatchDog.cancel(): canceling Tue Dec 11 03:00:46 UTC 2018
12/11/18 03:00:46
Failed: 0  Total Tests: 192  ((Passed: 187, Newly Passed: 1)  Known Failed: 5) /home/travis/build/icyphy/ptII/ptolemy/domains/de/test
12/11/18 03:00:46
Failed: 0  Total Tests: 192  ((Passed: 187, Newly Passed: 1)  Known Failed: 5) /home/travis/build/icyphy/ptII/ptolemy/domains/de/test
----------------- testing (KnownFailure) /home/travis/build/icyphy/ptII/ptolemy/domains/de/test/auto/knownFailedTests/DESDFClockTest.xml
2008 ms. Memory: 850432K Free: 803933K (95%)
Known Failure: java.lang.reflect.InvocationTargetException
----------------- testing (KnownFailure) /home/travis/build/icyphy/ptII/ptolemy/domains/de/test/auto/knownFailedTests/DirectFeedback.xml
1 ms. Memory: 850432K Free: 742493K (87%)
Known Failure: java.lang.reflect.InvocationTargetException
----------------- testing (KnownFailure) /home/travis/build/icyphy/ptII/ptolemy/domains/de/test/auto/knownFailedTests/FSMSource.xml
14 ms. Memory: 850432K Free: 681053K (80%)
----------------- testing (KnownFailure) /home/travis/build/icyphy/ptII/ptolemy/domains/de/test/auto/knownFailedTests/HierarchicalModel.xml
2 ms. Memory: 850432K Free: 634957K (75%)
Known Failure: java.lang.reflect.InvocationTargetException
----------------- testing (KnownFailure) /home/travis/build/icyphy/ptII/ptolemy/domains/de/test/auto/knownFailedTests/dependencyLoop.xml
2 ms. Memory: 850432K Free: 573517K (67%)
Known Failure: java.lang.reflect.InvocationTargetException
----------------- testing (KnownFailure) /home/travis/build/icyphy/ptII/ptolemy/domains/de/test/auto/knownFailedTests/dependencyLoop2.xml
3 ms. Memory: 850432K Free: 512076K (60%)
Known Failure: java.lang.reflect.InvocationTargetException
No auto/linux-amd64/*.xml tests in /home/travis/build/icyphy/ptII/ptolemy/domains/de/test
AutoTests.java: About to close Vertx.
AutoTests.java: Vertx closed.

===========================================================================================
----------------- testing Tue Dec 11 03:00:48 UTC 2018 /home/travis/build/icyphy/ptII/ptolemy/domains/de/test/auto/ActorDepthCalculation_actorWithoutPorts.xml
----------------- Instantiating /home/travis/build/icyphy/ptII/ptolemy/domains/de/test/auto/ActorDepthCalculation_actorWithoutPorts.xml
2 ms. Memory: 850432K Free: 435276K (51%)
----------------- Invoking toplevel() on ptolemy.moml.MoMLSimpleApplication@32458912
----------------- Done invoking toplevel() on ptolemy.moml.MoMLSimpleApplication@32458912
reloadAllAccessors: .ActorDepthCalculation_actorWithoutPorts

===========================================================================================
----------------- testing Tue Dec 11 03:00:48 UTC 2018 /home/travis/build/icyphy/ptII/ptolemy/domains/de/test/auto/AssemblyLine.xml
----------------- Instantiating /home/travis/build/icyphy/ptII/ptolemy/domains/de/test/auto/AssemblyLine.xml
2 ms. Memory: 850432K Free: 404556K (48%)
----------------- Invoking toplevel() on ptolemy.moml.MoMLSimpleApplication@58072322
----------------- Done invoking toplevel() on ptolemy.moml.MoMLSimpleApplication@58072322
reloadAllAccessors: .AssemblyLine

===========================================================================================
----------------- testing Tue Dec 11 03:00:48 UTC 2018 /home/travis/build/icyphy/ptII/ptolemy/domains/de/test/auto/CQBug1.xml
----------------- Instantiating /home/travis/build/icyphy/ptII/ptolemy/domains/de/test/auto/CQBug1.xml
1 ms. Memory: 850432K Free: 373836K (44%)
----------------- Invoking toplevel() on ptolemy.moml.MoMLSimpleApplication@29bdf1bd
----------------- Done invoking toplevel() on ptolemy.moml.MoMLSimpleApplication@29bdf1bd
reloadAllAccessors: .CQBug1

===========================================================================================
----------------- testing Tue Dec 11 03:00:48 UTC 2018 /home/travis/build/icyphy/ptII/ptolemy/domains/de/test/auto/CancelFireAt.xml
----------------- Instantiating /home/travis/build/icyphy/ptII/ptolemy/domains/de/test/auto/CancelFireAt.xml
1 ms. Memory: 850432K Free: 343116K (40%)
----------------- Invoking toplevel() on ptolemy.moml.MoMLSimpleApplication@674f3c8
----------------- Done invoking toplevel() on ptolemy.moml.MoMLSimpleApplication@674f3c8
reloadAllAccessors: .CancelFireAt

===========================================================================================
----------------- testing Tue Dec 11 03:00:48 UTC 2018 /home/travis/build/icyphy/ptII/ptolemy/domains/de/test/auto/CausalityAndComposabilityAnalysis.xml
----------------- Instantiating /home/travis/build/icyphy/ptII/ptolemy/domains/de/test/auto/CausalityAndComposabilityAnalysis.xml
2 ms. Memory: 850432K Free: 312396K (37%)
----------------- Invoking toplevel() on ptolemy.moml.MoMLSimpleApplication@760db36b
----------------- Done invoking toplevel() on ptolemy.moml.MoMLSimpleApplication@760db36b
reloadAllAccessors: .CausalityAndComposabilityAnalysis

===========================================================================================
----------------- testing Tue Dec 11 03:00:48 UTC 2018 /home/travis/build/icyphy/ptII/ptolemy/domains/de/test/auto/CausalityInterface1.xml
----------------- Instantiating /home/travis/build/icyphy/ptII/ptolemy/domains/de/test/auto/CausalityInterface1.xml
7 ms. Memory: 850432K Free: 281676K (33%)
----------------- Invoking toplevel() on ptolemy.moml.MoMLSimpleApplication@12197341
----------------- Done invoking toplevel() on ptolemy.moml.MoMLSimpleApplication@12197341
reloadAllAccessors: .CausalityInterface1

===========================================================================================
----------------- testing Tue Dec 11 03:00:48 UTC 2018 /home/travis/build/icyphy/ptII/ptolemy/domains/de/test/auto/CausalityInterface15.xml
----------------- Instantiating /home/travis/build/icyphy/ptII/ptolemy/domains/de/test/auto/CausalityInterface15.xml
1 ms. Memory: 850432K Free: 250956K (30%)
----------------- Invoking toplevel() on ptolemy.moml.MoMLSimpleApplication@2e2a34ea
----------------- Done invoking toplevel() on ptolemy.moml.MoMLSimpleApplication@2e2a34ea
reloadAllAccessors: .CausalityInterface15

===========================================================================================
----------------- testing Tue Dec 11 03:00:48 UTC 2018 /home/travis/build/icyphy/ptII/ptolemy/domains/de/test/auto/CausalityInterface2.xml
----------------- Instantiating /home/travis/build/icyphy/ptII/ptolemy/domains/de/test/auto/CausalityInterface2.xml
2 ms. Memory: 850432K Free: 220236K (26%)
----------------- Invoking toplevel() on ptolemy.moml.MoMLSimpleApplication@49b56e30
----------------- Done invoking toplevel() on ptolemy.moml.MoMLSimpleApplication@49b56e30
reloadAllAccessors: .CausalityInterface2

===========================================================================================
----------------- testing Tue Dec 11 03:00:48 UTC 2018 /home/travis/build/icyphy/ptII/ptolemy/domains/de/test/auto/CausalityInterface3.xml
----------------- Instantiating /home/travis/build/icyphy/ptII/ptolemy/domains/de/test/auto/CausalityInterface3.xml
1 ms. Memory: 850432K Free: 189516K (22%)
----------------- Invoking toplevel() on ptolemy.moml.MoMLSimpleApplication@2cdac1f
----------------- Done invoking toplevel() on ptolemy.moml.MoMLSimpleApplication@2cdac1f
reloadAllAccessors: .CausalityInterface3

===========================================================================================
----------------- testing Tue Dec 11 03:00:48 UTC 2018 /home/travis/build/icyphy/ptII/ptolemy/domains/de/test/auto/ClockDrift.xml
----------------- Instantiating /home/travis/build/icyphy/ptII/ptolemy/domains/de/test/auto/ClockDrift.xml
12 ms. Memory: 850432K Free: 158796K (19%)
----------------- Invoking toplevel() on ptolemy.moml.MoMLSimpleApplication@1495e70a
----------------- Done invoking toplevel() on ptolemy.moml.MoMLSimpleApplication@1495e70a
reloadAllAccessors: .ClockDrift

===========================================================================================
----------------- testing Tue Dec 11 03:00:48 UTC 2018 /home/travis/build/icyphy/ptII/ptolemy/domains/de/test/auto/ClockDriftAndValueChange.xml
----------------- Instantiating /home/travis/build/icyphy/ptII/ptolemy/domains/de/test/auto/ClockDriftAndValueChange.xml
11 ms. Memory: 850432K Free: 128076K (15%)
----------------- Invoking toplevel() on ptolemy.moml.MoMLSimpleApplication@36831b82
----------------- Done invoking toplevel() on ptolemy.moml.MoMLSimpleApplication@36831b82
reloadAllAccessors: .ClockDriftAndValueChange

===========================================================================================
----------------- testing Tue Dec 11 03:00:48 UTC 2018 /home/travis/build/icyphy/ptII/ptolemy/domains/de/test/auto/ClockDriftChange.xml
----------------- Instantiating /home/travis/build/icyphy/ptII/ptolemy/domains/de/test/auto/ClockDriftChange.xml
11 ms. Memory: 850432K Free: 97356K (11%)
----------------- Invoking toplevel() on ptolemy.moml.MoMLSimpleApplication@f9bae5
----------------- Done invoking toplevel() on ptolemy.moml.MoMLSimpleApplication@f9bae5
reloadAllAccessors: .ClockDriftChange

===========================================================================================
----------------- testing Tue Dec 11 03:00:48 UTC 2018 /home/travis/build/icyphy/ptII/ptolemy/domains/de/test/auto/ComposableCausalityAnalysis.xml
----------------- Instantiating /home/travis/build/icyphy/ptII/ptolemy/domains/de/test/auto/ComposableCausalityAnalysis.xml
1 ms. Memory: 850432K Free: 77745K (9%)
----------------- Invoking toplevel() on ptolemy.moml.MoMLSimpleApplication@50187075
----------------- Done invoking toplevel() on ptolemy.moml.MoMLSimpleApplication@50187075
reloadAllAccessors: .ComposableCausalityAnalysis

===========================================================================================
----------------- testing Tue Dec 11 03:00:48 UTC 2018 /home/travis/build/icyphy/ptII/ptolemy/domains/de/test/auto/DEFixedPointLimitation.xml
----------------- Instantiating /home/travis/build/icyphy/ptII/ptolemy/domains/de/test/auto/DEFixedPointLimitation.xml
1 ms. Memory: 812544K Free: 778322K (96%)
----------------- Invoking toplevel() on ptolemy.moml.MoMLSimpleApplication@a3508a3
----------------- Done invoking toplevel() on ptolemy.moml.MoMLSimpleApplication@a3508a3
reloadAllAccessors: .DEFixedPointLimitation

===========================================================================================
----------------- testing Tue Dec 11 03:00:48 UTC 2018 /home/travis/build/icyphy/ptII/ptolemy/domains/de/test/auto/DEScheduleTest.xml
----------------- Instantiating /home/travis/build/icyphy/ptII/ptolemy/domains/de/test/auto/DEScheduleTest.xml
1 ms. Memory: 812544K Free: 742241K (91%)
----------------- Invoking toplevel() on ptolemy.moml.MoMLSimpleApplication@6975f85b
----------------- Done invoking toplevel() on ptolemy.moml.MoMLSimpleApplication@6975f85b
reloadAllAccessors: .DEScheduleTest

===========================================================================================
----------------- testing Tue Dec 11 03:00:48 UTC 2018 /home/travis/build/icyphy/ptII/ptolemy/domains/de/test/auto/DEinDEwithStartTimes.xml
----------------- Instantiating /home/travis/build/icyphy/ptII/ptolemy/domains/de/test/auto/DEinDEwithStartTimes.xml
2 ms. Memory: 812544K Free: 712995K (88%)
----------------- Invoking toplevel() on ptolemy.moml.MoMLSimpleApplication@57a4ad6b
----------------- Done invoking toplevel() on ptolemy.moml.MoMLSimpleApplication@57a4ad6b
reloadAllAccessors: .DEinDEwithStartTimes

===========================================================================================
----------------- testing Tue Dec 11 03:00:48 UTC 2018 /home/travis/build/icyphy/ptII/ptolemy/domains/de/test/auto/DEinDEwithStartTimes2.xml
----------------- Instantiating /home/travis/build/icyphy/ptII/ptolemy/domains/de/test/auto/DEinDEwithStartTimes2.xml
4 ms. Memory: 812544K Free: 683750K (84%)
----------------- Invoking toplevel() on ptolemy.moml.MoMLSimpleApplication@7cf7600b
----------------- Done invoking toplevel() on ptolemy.moml.MoMLSimpleApplication@7cf7600b
reloadAllAccessors: .DEinDEwithStartTimes2

===========================================================================================
----------------- testing Tue Dec 11 03:00:48 UTC 2018 /home/travis/build/icyphy/ptII/ptolemy/domains/de/test/auto/DateDemo.xml
----------------- Instantiating /home/travis/build/icyphy/ptII/ptolemy/domains/de/test/auto/DateDemo.xml
4 ms. Memory: 812544K Free: 654477K (81%)
----------------- Invoking toplevel() on ptolemy.moml.MoMLSimpleApplication@75ed5547
----------------- Done invoking toplevel() on ptolemy.moml.MoMLSimpleApplication@75ed5547
reloadAllAccessors: .DateDemo

===========================================================================================
----------------- testing Tue Dec 11 03:00:49 UTC 2018 /home/travis/build/icyphy/ptII/ptolemy/domains/de/test/auto/DateToEvent.xml
----------------- Instantiating /home/travis/build/icyphy/ptII/ptolemy/domains/de/test/auto/DateToEvent.xml
2005 ms. Memory: 812544K Free: 610609K (75%)
----------------- Invoking toplevel() on ptolemy.moml.MoMLSimpleApplication@56ff5510
----------------- Done invoking toplevel() on ptolemy.moml.MoMLSimpleApplication@56ff5510
reloadAllAccessors: .DateToEvent

===========================================================================================
----------------- testing Tue Dec 11 03:00:51 UTC 2018 /home/travis/build/icyphy/ptII/ptolemy/domains/de/test/auto/DepthTest1.xml
----------------- Instantiating /home/travis/build/icyphy/ptII/ptolemy/domains/de/test/auto/DepthTest1.xml
2 ms. Memory: 812544K Free: 581364K (72%)
----------------- Invoking toplevel() on ptolemy.moml.MoMLSimpleApplication@34b14774
----------------- Done invoking toplevel() on ptolemy.moml.MoMLSimpleApplication@34b14774
reloadAllAccessors: .DepthTest1

===========================================================================================
----------------- testing Tue Dec 11 03:00:51 UTC 2018 /home/travis/build/icyphy/ptII/ptolemy/domains/de/test/auto/DepthTest2.xml
----------------- Instantiating /home/travis/build/icyphy/ptII/ptolemy/domains/de/test/auto/DepthTest2.xml
2 ms. Memory: 812544K Free: 552118K (68%)
----------------- Invoking toplevel() on ptolemy.moml.MoMLSimpleApplication@20d8811
----------------- Done invoking toplevel() on ptolemy.moml.MoMLSimpleApplication@20d8811
reloadAllAccessors: .DepthTest2

===========================================================================================
----------------- testing Tue Dec 11 03:00:51 UTC 2018 /home/travis/build/icyphy/ptII/ptolemy/domains/de/test/auto/DepthTest3.xml
----------------- Instantiating /home/travis/build/icyphy/ptII/ptolemy/domains/de/test/auto/DepthTest3.xml
1 ms. Memory: 812544K Free: 522873K (64%)
----------------- Invoking toplevel() on ptolemy.moml.MoMLSimpleApplication@24a9f95c
----------------- Done invoking toplevel() on ptolemy.moml.MoMLSimpleApplication@24a9f95c
reloadAllAccessors: .DepthTest3

===========================================================================================
----------------- testing Tue Dec 11 03:00:51 UTC 2018 /home/travis/build/icyphy/ptII/ptolemy/domains/de/test/auto/DepthTest4.xml
----------------- Instantiating /home/travis/build/icyphy/ptII/ptolemy/domains/de/test/auto/DepthTest4.xml
5 ms. Memory: 812544K Free: 493627K (61%)
----------------- Invoking toplevel() on ptolemy.moml.MoMLSimpleApplication@678dd6f4
----------------- Done invoking toplevel() on ptolemy.moml.MoMLSimpleApplication@678dd6f4
reloadAllAccessors: .DepthTest4

===========================================================================================
----------------- testing Tue Dec 11 03:00:51 UTC 2018 /home/travis/build/icyphy/ptII/ptolemy/domains/de/test/auto/DepthTest5.xml
----------------- Instantiating /home/travis/build/icyphy/ptII/ptolemy/domains/de/test/auto/DepthTest5.xml
2 ms. Memory: 812544K Free: 464382K (57%)
----------------- Invoking toplevel() on ptolemy.moml.MoMLSimpleApplication@33e0d291
----------------- Done invoking toplevel() on ptolemy.moml.MoMLSimpleApplication@33e0d291
reloadAllAccessors: .DepthTest5

===========================================================================================
----------------- testing Tue Dec 11 03:00:51 UTC 2018 /home/travis/build/icyphy/ptII/ptolemy/domains/de/test/auto/DepthTest6.xml
----------------- Instantiating /home/travis/build/icyphy/ptII/ptolemy/domains/de/test/auto/DepthTest6.xml
2 ms. Memory: 812544K Free: 435136K (54%)
----------------- Invoking toplevel() on ptolemy.moml.MoMLSimpleApplication@2304f47
----------------- Done invoking toplevel() on ptolemy.moml.MoMLSimpleApplication@2304f47
reloadAllAccessors: .DepthTest6

===========================================================================================
----------------- testing Tue Dec 11 03:00:51 UTC 2018 /home/travis/build/icyphy/ptII/ptolemy/domains/de/test/auto/DepthTest7.xml
----------------- Instantiating /home/travis/build/icyphy/ptII/ptolemy/domains/de/test/auto/DepthTest7.xml
2 ms. Memory: 812544K Free: 405891K (50%)
----------------- Invoking toplevel() on ptolemy.moml.MoMLSimpleApplication@4760e272
----------------- Done invoking toplevel() on ptolemy.moml.MoMLSimpleApplication@4760e272
reloadAllAccessors: .DepthTest7

===========================================================================================
----------------- testing Tue Dec 11 03:00:51 UTC 2018 /home/travis/build/icyphy/ptII/ptolemy/domains/de/test/auto/EventToDate.xml
----------------- Instantiating /home/travis/build/icyphy/ptII/ptolemy/domains/de/test/auto/EventToDate.xml
3002 ms. Memory: 812544K Free: 376645K (46%)
----------------- Invoking toplevel() on ptolemy.moml.MoMLSimpleApplication@4cd23b01
----------------- Done invoking toplevel() on ptolemy.moml.MoMLSimpleApplication@4cd23b01
reloadAllAccessors: .EventToDate

===========================================================================================
----------------- testing Tue Dec 11 03:00:54 UTC 2018 /home/travis/build/icyphy/ptII/ptolemy/domains/de/test/auto/FSM1.xml
----------------- Instantiating /home/travis/build/icyphy/ptII/ptolemy/domains/de/test/auto/FSM1.xml
16 ms. Memory: 812544K Free: 347400K (43%)
----------------- Invoking toplevel() on ptolemy.moml.MoMLSimpleApplication@c4ddd9c
----------------- Done invoking toplevel() on ptolemy.moml.MoMLSimpleApplication@c4ddd9c
reloadAllAccessors: .FSM1

===========================================================================================
----------------- testing Tue Dec 11 03:00:54 UTC 2018 /home/travis/build/icyphy/ptII/ptolemy/domains/de/test/auto/FSM7.xml
----------------- Instantiating /home/travis/build/icyphy/ptII/ptolemy/domains/de/test/auto/FSM7.xml
8 ms. Memory: 812544K Free: 311318K (38%)
----------------- Invoking toplevel() on ptolemy.moml.MoMLSimpleApplication@3ddab443
----------------- Done invoking toplevel() on ptolemy.moml.MoMLSimpleApplication@3ddab443
reloadAllAccessors: .FSM7

===========================================================================================
----------------- testing Tue Dec 11 03:00:54 UTC 2018 /home/travis/build/icyphy/ptII/ptolemy/domains/de/test/auto/Inspection.xml
----------------- Instantiating /home/travis/build/icyphy/ptII/ptolemy/domains/de/test/auto/Inspection.xml
17 ms. Memory: 812544K Free: 282072K (35%)
----------------- Invoking toplevel() on ptolemy.moml.MoMLSimpleApplication@1429ba75
----------------- Done invoking toplevel() on ptolemy.moml.MoMLSimpleApplication@1429ba75
reloadAllAccessors: .Inspection

===========================================================================================
----------------- testing Tue Dec 11 03:00:54 UTC 2018 /home/travis/build/icyphy/ptII/ptolemy/domains/de/test/auto/Iteration.xml
----------------- Instantiating /home/travis/build/icyphy/ptII/ptolemy/domains/de/test/auto/Iteration.xml
7 ms. Memory: 812544K Free: 252827K (31%)
----------------- Invoking toplevel() on ptolemy.moml.MoMLSimpleApplication@3fc00733
----------------- Done invoking toplevel() on ptolemy.moml.MoMLSimpleApplication@3fc00733
reloadAllAccessors: .Iteration

===========================================================================================
----------------- testing Tue Dec 11 03:00:54 UTC 2018 /home/travis/build/icyphy/ptII/ptolemy/domains/de/test/auto/LineFault.xml
----------------- Instantiating /home/travis/build/icyphy/ptII/ptolemy/domains/de/test/auto/LineFault.xml
448 ms. Memory: 812544K Free: 121182K (15%)
----------------- Invoking toplevel() on ptolemy.moml.MoMLSimpleApplication@3b12ddcf
----------------- Done invoking toplevel() on ptolemy.moml.MoMLSimpleApplication@3b12ddcf
reloadAllAccessors: .LineFault

===========================================================================================
----------------- testing Tue Dec 11 03:00:54 UTC 2018 /home/travis/build/icyphy/ptII/ptolemy/domains/de/test/auto/MergeModel1Add.xml
----------------- Instantiating /home/travis/build/icyphy/ptII/ptolemy/domains/de/test/auto/MergeModel1Add.xml
8 ms. Memory: 812544K Free: 77298K (10%)
----------------- Invoking toplevel() on ptolemy.moml.MoMLSimpleApplication@38847471
----------------- Done invoking toplevel() on ptolemy.moml.MoMLSimpleApplication@38847471
reloadAllAccessors: .MergeModel1Add

===========================================================================================
----------------- testing Tue Dec 11 03:00:54 UTC 2018 /home/travis/build/icyphy/ptII/ptolemy/domains/de/test/auto/MergeModel2Add.xml
----------------- Instantiating /home/travis/build/icyphy/ptII/ptolemy/domains/de/test/auto/MergeModel2Add.xml
10 ms. Memory: 778752K Free: 745514K (96%)
----------------- Invoking toplevel() on ptolemy.moml.MoMLSimpleApplication@3b2e4b91
----------------- Done invoking toplevel() on ptolemy.moml.MoMLSimpleApplication@3b2e4b91
reloadAllAccessors: .MergeModel2Add

===========================================================================================
----------------- testing Tue Dec 11 03:00:54 UTC 2018 /home/travis/build/icyphy/ptII/ptolemy/domains/de/test/auto/MergeModel3Add.xml
----------------- Instantiating /home/travis/build/icyphy/ptII/ptolemy/domains/de/test/auto/MergeModel3Add.xml
8 ms. Memory: 778752K Free: 713303K (92%)
----------------- Invoking toplevel() on ptolemy.moml.MoMLSimpleApplication@2cbd6133
----------------- Done invoking toplevel() on ptolemy.moml.MoMLSimpleApplication@2cbd6133
reloadAllAccessors: .MergeModel3Add

===========================================================================================
----------------- testing Tue Dec 11 03:00:55 UTC 2018 /home/travis/build/icyphy/ptII/ptolemy/domains/de/test/auto/MergeWithoutDiscard.xml
----------------- Instantiating /home/travis/build/icyphy/ptII/ptolemy/domains/de/test/auto/MergeWithoutDiscard.xml
2 ms. Memory: 778752K Free: 699376K (90%)
----------------- Invoking toplevel() on ptolemy.moml.MoMLSimpleApplication@6634fb39
----------------- Done invoking toplevel() on ptolemy.moml.MoMLSimpleApplication@6634fb39
reloadAllAccessors: .MergeWithoutDiscard

===========================================================================================
----------------- testing Tue Dec 11 03:00:55 UTC 2018 /home/travis/build/icyphy/ptII/ptolemy/domains/de/test/auto/Modal1.xml
----------------- Instantiating /home/travis/build/icyphy/ptII/ptolemy/domains/de/test/auto/Modal1.xml
9 ms. Memory: 778752K Free: 678487K (87%)
----------------- Invoking toplevel() on ptolemy.moml.MoMLSimpleApplication@4837975b
----------------- Done invoking toplevel() on ptolemy.moml.MoMLSimpleApplication@4837975b
reloadAllAccessors: .Modal1

===========================================================================================
----------------- testing Tue Dec 11 03:00:55 UTC 2018 /home/travis/build/icyphy/ptII/ptolemy/domains/de/test/auto/Modal2.xml
----------------- Instantiating /home/travis/build/icyphy/ptII/ptolemy/domains/de/test/auto/Modal2.xml
7 ms. Memory: 778752K Free: 657589K (84%)
----------------- Invoking toplevel() on ptolemy.moml.MoMLSimpleApplication@6060ecb1
----------------- Done invoking toplevel() on ptolemy.moml.MoMLSimpleApplication@6060ecb1
reloadAllAccessors: .Modal2

===========================================================================================
----------------- testing Tue Dec 11 03:00:55 UTC 2018 /home/travis/build/icyphy/ptII/ptolemy/domains/de/test/auto/Modal3.xml
----------------- Instantiating /home/travis/build/icyphy/ptII/ptolemy/domains/de/test/auto/Modal3.xml
6 ms. Memory: 778752K Free: 636699K (82%)
----------------- Invoking toplevel() on ptolemy.moml.MoMLSimpleApplication@1a00c581
----------------- Done invoking toplevel() on ptolemy.moml.MoMLSimpleApplication@1a00c581
reloadAllAccessors: .Modal3

===========================================================================================
----------------- testing Tue Dec 11 03:00:55 UTC 2018 /home/travis/build/icyphy/ptII/ptolemy/domains/de/test/auto/Modal4.xml
----------------- Instantiating /home/travis/build/icyphy/ptII/ptolemy/domains/de/test/auto/Modal4.xml
8 ms. Memory: 778752K Free: 615794K (79%)
----------------- Invoking toplevel() on ptolemy.moml.MoMLSimpleApplication@2f0d87bd
----------------- Done invoking toplevel() on ptolemy.moml.MoMLSimpleApplication@2f0d87bd
reloadAllAccessors: .Modal4

===========================================================================================
----------------- testing Tue Dec 11 03:00:55 UTC 2018 /home/travis/build/icyphy/ptII/ptolemy/domains/de/test/auto/Modal5.xml
----------------- Instantiating /home/travis/build/icyphy/ptII/ptolemy/domains/de/test/auto/Modal5.xml
8 ms. Memory: 778752K Free: 594904K (76%)
----------------- Invoking toplevel() on ptolemy.moml.MoMLSimpleApplication@4567e578
----------------- Done invoking toplevel() on ptolemy.moml.MoMLSimpleApplication@4567e578
reloadAllAccessors: .Modal5

===========================================================================================
----------------- testing Tue Dec 11 03:00:55 UTC 2018 /home/travis/build/icyphy/ptII/ptolemy/domains/de/test/auto/Modal6.xml
----------------- Instantiating /home/travis/build/icyphy/ptII/ptolemy/domains/de/test/auto/Modal6.xml
6 ms. Memory: 778752K Free: 573999K (74%)
----------------- Invoking toplevel() on ptolemy.moml.MoMLSimpleApplication@5984fee5
----------------- Done invoking toplevel() on ptolemy.moml.MoMLSimpleApplication@5984fee5
reloadAllAccessors: .Modal6

===========================================================================================
----------------- testing Tue Dec 11 03:00:55 UTC 2018 /home/travis/build/icyphy/ptII/ptolemy/domains/de/test/auto/Modal7.xml
----------------- Instantiating /home/travis/build/icyphy/ptII/ptolemy/domains/de/test/auto/Modal7.xml
6 ms. Memory: 778752K Free: 548767K (70%)
----------------- Invoking toplevel() on ptolemy.moml.MoMLSimpleApplication@3967d76e
----------------- Done invoking toplevel() on ptolemy.moml.MoMLSimpleApplication@3967d76e
reloadAllAccessors: .Modal7

===========================================================================================
----------------- testing Tue Dec 11 03:00:55 UTC 2018 /home/travis/build/icyphy/ptII/ptolemy/domains/de/test/auto/ModalModel.xml
----------------- Instantiating /home/travis/build/icyphy/ptII/ptolemy/domains/de/test/auto/ModalModel.xml
106 ms. Memory: 778752K Free: 472067K (61%)
----------------- Invoking toplevel() on ptolemy.moml.MoMLSimpleApplication@9d16353
----------------- Done invoking toplevel() on ptolemy.moml.MoMLSimpleApplication@9d16353
reloadAllAccessors: .ModalModel

===========================================================================================
----------------- testing Tue Dec 11 03:00:55 UTC 2018 /home/travis/build/icyphy/ptII/ptolemy/domains/de/test/auto/ModalSource.xml
----------------- Instantiating /home/travis/build/icyphy/ptII/ptolemy/domains/de/test/auto/ModalSource.xml
4 ms. Memory: 778752K Free: 458141K (59%)
----------------- Invoking toplevel() on ptolemy.moml.MoMLSimpleApplication@f4750c4
----------------- Done invoking toplevel() on ptolemy.moml.MoMLSimpleApplication@f4750c4
reloadAllAccessors: .ModalSource

===========================================================================================
----------------- testing Tue Dec 11 03:00:55 UTC 2018 /home/travis/build/icyphy/ptII/ptolemy/domains/de/test/auto/NonInterruptibleTimerZeroDelay.xml
----------------- Instantiating /home/travis/build/icyphy/ptII/ptolemy/domains/de/test/auto/NonInterruptibleTimerZeroDelay.xml
1 ms. Memory: 778752K Free: 444215K (57%)
----------------- Invoking toplevel() on ptolemy.moml.MoMLSimpleApplication@44fde03
----------------- Done invoking toplevel() on ptolemy.moml.MoMLSimpleApplication@44fde03
reloadAllAccessors: .NonInterruptibleTimerZeroDelay

===========================================================================================
----------------- testing Tue Dec 11 03:00:55 UTC 2018 /home/travis/build/icyphy/ptII/ptolemy/domains/de/test/auto/OpenQueueingNetwork.xml
----------------- Instantiating /home/travis/build/icyphy/ptII/ptolemy/domains/de/test/auto/OpenQueueingNetwork.xml
2052 ms. Memory: 745472K Free: 472064K (63%)
----------------- Invoking toplevel() on ptolemy.moml.MoMLSimpleApplication@6d75ab1e
----------------- Done invoking toplevel() on ptolemy.moml.MoMLSimpleApplication@6d75ab1e
reloadAllAccessors: .OpenQueueingNetwork

===========================================================================================
----------------- testing Tue Dec 11 03:00:57 UTC 2018 /home/travis/build/icyphy/ptII/ptolemy/domains/de/test/auto/OpenQueuingNetwork.xml
----------------- Instantiating /home/travis/build/icyphy/ptII/ptolemy/domains/de/test/auto/OpenQueuingNetwork.xml
202 ms. Memory: 745472K Free: 372812K (50%)
----------------- Invoking toplevel() on ptolemy.moml.MoMLSimpleApplication@16a3547
----------------- Done invoking toplevel() on ptolemy.moml.MoMLSimpleApplication@16a3547
reloadAllAccessors: .OpenQueuingNetwork

===========================================================================================
----------------- testing Tue Dec 11 03:00:57 UTC 2018 /home/travis/build/icyphy/ptII/ptolemy/domains/de/test/auto/PeriodicSampler.xml
----------------- Instantiating /home/travis/build/icyphy/ptII/ptolemy/domains/de/test/auto/PeriodicSampler.xml
2 ms. Memory: 745472K Free: 363971K (49%)
----------------- Invoking toplevel() on ptolemy.moml.MoMLSimpleApplication@4455fd0c
----------------- Done invoking toplevel() on ptolemy.moml.MoMLSimpleApplication@4455fd0c
reloadAllAccessors: .PeriodicSampler

===========================================================================================
----------------- testing Tue Dec 11 03:00:57 UTC 2018 /home/travis/build/icyphy/ptII/ptolemy/domains/de/test/auto/PersistentIO.xml
----------------- Instantiating /home/travis/build/icyphy/ptII/ptolemy/domains/de/test/auto/PersistentIO.xml
3 ms. Memory: 745472K Free: 350694K (47%)
----------------- Invoking toplevel() on ptolemy.moml.MoMLSimpleApplication@1af759de
----------------- Done invoking toplevel() on ptolemy.moml.MoMLSimpleApplication@1af759de
reloadAllAccessors: .PersistentIO

===========================================================================================
----------------- testing Tue Dec 11 03:00:57 UTC 2018 /home/travis/build/icyphy/ptII/ptolemy/domains/de/test/auto/PortParameterResetOnInitialize.xml
----------------- Instantiating /home/travis/build/icyphy/ptII/ptolemy/domains/de/test/auto/PortParameterResetOnInitialize.xml
3 ms. Memory: 745472K Free: 341854K (46%)
----------------- Invoking toplevel() on ptolemy.moml.MoMLSimpleApplication@235a1fb8
----------------- Done invoking toplevel() on ptolemy.moml.MoMLSimpleApplication@235a1fb8
reloadAllAccessors: .PortParameterResetOnInitialize

===========================================================================================
----------------- testing Tue Dec 11 03:00:57 UTC 2018 /home/travis/build/icyphy/ptII/ptolemy/domains/de/test/auto/PortParameterUpdates.xml
----------------- Instantiating /home/travis/build/icyphy/ptII/ptolemy/domains/de/test/auto/PortParameterUpdates.xml
4 ms. Memory: 745472K Free: 328577K (44%)
----------------- Invoking toplevel() on ptolemy.moml.MoMLSimpleApplication@17e61e70
----------------- Done invoking toplevel() on ptolemy.moml.MoMLSimpleApplication@17e61e70
reloadAllAccessors: .PortParameterUpdates

===========================================================================================
----------------- testing Tue Dec 11 03:00:57 UTC 2018 /home/travis/build/icyphy/ptII/ptolemy/domains/de/test/auto/QueueAndServer.xml
----------------- Instantiating /home/travis/build/icyphy/ptII/ptolemy/domains/de/test/auto/QueueAndServer.xml
5 ms. Memory: 745472K Free: 312566K (42%)
----------------- Invoking toplevel() on ptolemy.moml.MoMLSimpleApplication@56e598ba
----------------- Done invoking toplevel() on ptolemy.moml.MoMLSimpleApplication@56e598ba
reloadAllAccessors: .QueueAndServer

===========================================================================================
----------------- testing Tue Dec 11 03:00:57 UTC 2018 /home/travis/build/icyphy/ptII/ptolemy/domains/de/test/auto/Records.xml
----------------- Instantiating /home/travis/build/icyphy/ptII/ptolemy/domains/de/test/auto/Records.xml
3 ms. Memory: 745472K Free: 299297K (40%)
----------------- Invoking toplevel() on ptolemy.moml.MoMLSimpleApplication@4271ca33
----------------- Done invoking toplevel() on ptolemy.moml.MoMLSimpleApplication@4271ca33
reloadAllAccessors: .Records

===========================================================================================
----------------- testing Tue Dec 11 03:00:57 UTC 2018 /home/travis/build/icyphy/ptII/ptolemy/domains/de/test/auto/ResetTransitionWithStartTime1.xml
----------------- Instantiating /home/travis/build/icyphy/ptII/ptolemy/domains/de/test/auto/ResetTransitionWithStartTime1.xml
3 ms. Memory: 745472K Free: 286036K (38%)
----------------- Invoking toplevel() on ptolemy.moml.MoMLSimpleApplication@3f791c15
----------------- Done invoking toplevel() on ptolemy.moml.MoMLSimpleApplication@3f791c15
reloadAllAccessors: .ResetTransitionWithStartTime1

===========================================================================================
----------------- testing Tue Dec 11 03:00:57 UTC 2018 /home/travis/build/icyphy/ptII/ptolemy/domains/de/test/auto/ResetTransitionWithStartTime2.xml
----------------- Instantiating /home/travis/build/icyphy/ptII/ptolemy/domains/de/test/auto/ResetTransitionWithStartTime2.xml
4 ms. Memory: 745472K Free: 272776K (37%)
----------------- Invoking toplevel() on ptolemy.moml.MoMLSimpleApplication@23e56209
----------------- Done invoking toplevel() on ptolemy.moml.MoMLSimpleApplication@23e56209
reloadAllAccessors: .ResetTransitionWithStartTime2

===========================================================================================
----------------- testing Tue Dec 11 03:00:57 UTC 2018 /home/travis/build/icyphy/ptII/ptolemy/domains/de/test/auto/ResetTransitionWithStartTime3.xml
----------------- Instantiating /home/travis/build/icyphy/ptII/ptolemy/domains/de/test/auto/ResetTransitionWithStartTime3.xml
3 ms. Memory: 745472K Free: 259515K (35%)
----------------- Invoking toplevel() on ptolemy.moml.MoMLSimpleApplication@6228e290
----------------- Done invoking toplevel() on ptolemy.moml.MoMLSimpleApplication@6228e290
reloadAllAccessors: .ResetTransitionWithStartTime3

===========================================================================================
----------------- testing Tue Dec 11 03:00:57 UTC 2018 /home/travis/build/icyphy/ptII/ptolemy/domains/de/test/auto/ResetTransitionWithStartTime4.xml
----------------- Instantiating /home/travis/build/icyphy/ptII/ptolemy/domains/de/test/auto/ResetTransitionWithStartTime4.xml
3 ms. Memory: 745472K Free: 243514K (33%)
----------------- Invoking toplevel() on ptolemy.moml.MoMLSimpleApplication@205c50f8
----------------- Done invoking toplevel() on ptolemy.moml.MoMLSimpleApplication@205c50f8
reloadAllAccessors: .ResetTransitionWithStartTime4

===========================================================================================
----------------- testing Tue Dec 11 03:00:57 UTC 2018 /home/travis/build/icyphy/ptII/ptolemy/domains/de/test/auto/ResettableTimer1.xml
----------------- Instantiating /home/travis/build/icyphy/ptII/ptolemy/domains/de/test/auto/ResettableTimer1.xml
1 ms. Memory: 745472K Free: 234674K (31%)
----------------- Invoking toplevel() on ptolemy.moml.MoMLSimpleApplication@30d51f31
----------------- Done invoking toplevel() on ptolemy.moml.MoMLSimpleApplication@30d51f31
reloadAllAccessors: .ResettableTimer1

===========================================================================================
----------------- testing Tue Dec 11 03:00:58 UTC 2018 /home/travis/build/icyphy/ptII/ptolemy/domains/de/test/auto/ResettableTimer2.xml
----------------- Instantiating /home/travis/build/icyphy/ptII/ptolemy/domains/de/test/auto/ResettableTimer2.xml
3 ms. Memory: 745472K Free: 225833K (30%)
----------------- Invoking toplevel() on ptolemy.moml.MoMLSimpleApplication@13c2e735
----------------- Done invoking toplevel() on ptolemy.moml.MoMLSimpleApplication@13c2e735
reloadAllAccessors: .ResettableTimer2

===========================================================================================
----------------- testing Tue Dec 11 03:00:58 UTC 2018 /home/travis/build/icyphy/ptII/ptolemy/domains/de/test/auto/ResettableTimer3.xml
----------------- Instantiating /home/travis/build/icyphy/ptII/ptolemy/domains/de/test/auto/ResettableTimer3.xml
1 ms. Memory: 745472K Free: 216993K (29%)
----------------- Invoking toplevel() on ptolemy.moml.MoMLSimpleApplication@7f3db256
----------------- Done invoking toplevel() on ptolemy.moml.MoMLSimpleApplication@7f3db256
reloadAllAccessors: .ResettableTimer3

===========================================================================================
----------------- testing Tue Dec 11 03:00:58 UTC 2018 /home/travis/build/icyphy/ptII/ptolemy/domains/de/test/auto/ResettableTimer4.xml
----------------- Instantiating /home/travis/build/icyphy/ptII/ptolemy/domains/de/test/auto/ResettableTimer4.xml
1 ms. Memory: 745472K Free: 208152K (28%)
----------------- Invoking toplevel() on ptolemy.moml.MoMLSimpleApplication@43e0944a
----------------- Done invoking toplevel() on ptolemy.moml.MoMLSimpleApplication@43e0944a
reloadAllAccessors: .ResettableTimer4

===========================================================================================
----------------- testing Tue Dec 11 03:00:58 UTC 2018 /home/travis/build/icyphy/ptII/ptolemy/domains/de/test/auto/ResettableTimer5.xml
----------------- Instantiating /home/travis/build/icyphy/ptII/ptolemy/domains/de/test/auto/ResettableTimer5.xml
1 ms. Memory: 745472K Free: 196588K (26%)
----------------- Invoking toplevel() on ptolemy.moml.MoMLSimpleApplication@4d1621c0
----------------- Done invoking toplevel() on ptolemy.moml.MoMLSimpleApplication@4d1621c0
reloadAllAccessors: .ResettableTimer5

===========================================================================================
----------------- testing Tue Dec 11 03:00:58 UTC 2018 /home/travis/build/icyphy/ptII/ptolemy/domains/de/test/auto/ResettableTimer6.xml
----------------- Instantiating /home/travis/build/icyphy/ptII/ptolemy/domains/de/test/auto/ResettableTimer6.xml
8 ms. Memory: 745472K Free: 187748K (25%)
----------------- Invoking toplevel() on ptolemy.moml.MoMLSimpleApplication@3022e8e0
----------------- Done invoking toplevel() on ptolemy.moml.MoMLSimpleApplication@3022e8e0
reloadAllAccessors: .ResettableTimer6

===========================================================================================
----------------- testing Tue Dec 11 03:00:58 UTC 2018 /home/travis/build/icyphy/ptII/ptolemy/domains/de/test/auto/ServerZeroDelay.xml
----------------- Instantiating /home/travis/build/icyphy/ptII/ptolemy/domains/de/test/auto/ServerZeroDelay.xml
1 ms. Memory: 745472K Free: 178907K (24%)
----------------- Invoking toplevel() on ptolemy.moml.MoMLSimpleApplication@797d08a5
----------------- Done invoking toplevel() on ptolemy.moml.MoMLSimpleApplication@797d08a5
reloadAllAccessors: .ServerZeroDelay

===========================================================================================
----------------- testing Tue Dec 11 03:00:58 UTC 2018 /home/travis/build/icyphy/ptII/ptolemy/domains/de/test/auto/SmartSender.xml
----------------- Instantiating /home/travis/build/icyphy/ptII/ptolemy/domains/de/test/auto/SmartSender.xml
3002 ms. Memory: 745472K Free: 170066K (23%)
----------------- Invoking toplevel() on ptolemy.moml.MoMLSimpleApplication@3a87a099
----------------- Done invoking toplevel() on ptolemy.moml.MoMLSimpleApplication@3a87a099
reloadAllAccessors: .SmartSender

===========================================================================================
----------------- testing Tue Dec 11 03:01:01 UTC 2018 /home/travis/build/icyphy/ptII/ptolemy/domains/de/test/auto/ThreadedComposite.xml
----------------- Instantiating /home/travis/build/icyphy/ptII/ptolemy/domains/de/test/auto/ThreadedComposite.xml
129 ms. Memory: 745472K Free: 139092K (19%)
----------------- Invoking toplevel() on ptolemy.moml.MoMLSimpleApplication@698e9e02
----------------- Done invoking toplevel() on ptolemy.moml.MoMLSimpleApplication@698e9e02
reloadAllAccessors: .ThreadedComposite

===========================================================================================
----------------- testing Tue Dec 11 03:01:01 UTC 2018 /home/travis/build/icyphy/ptII/ptolemy/domains/de/test/auto/Time.xml
----------------- Instantiating /home/travis/build/icyphy/ptII/ptolemy/domains/de/test/auto/Time.xml
417 ms. Memory: 745472K Free: 81629K (11%)
----------------- Invoking toplevel() on ptolemy.moml.MoMLSimpleApplication@e1d1c02
----------------- Done invoking toplevel() on ptolemy.moml.MoMLSimpleApplication@e1d1c02
reloadAllAccessors: .Time

===========================================================================================
----------------- testing Tue Dec 11 03:01:01 UTC 2018 /home/travis/build/icyphy/ptII/ptolemy/domains/de/test/auto/TimeDelayZeroDelay.xml
----------------- Instantiating /home/travis/build/icyphy/ptII/ptolemy/domains/de/test/auto/TimeDelayZeroDelay.xml
2 ms. Memory: 745472K Free: 71947K (10%)
----------------- Invoking toplevel() on ptolemy.moml.MoMLSimpleApplication@219bc4db
----------------- Done invoking toplevel() on ptolemy.moml.MoMLSimpleApplication@219bc4db
reloadAllAccessors: .TimeDelayZeroDelay

===========================================================================================
----------------- testing Tue Dec 11 03:01:01 UTC 2018 /home/travis/build/icyphy/ptII/ptolemy/domains/de/test/auto/TimerZeroDelay.xml
----------------- Instantiating /home/travis/build/icyphy/ptII/ptolemy/domains/de/test/auto/TimerZeroDelay.xml
2 ms. Memory: 713216K Free: 691998K (97%)
----------------- Invoking toplevel() on ptolemy.moml.MoMLSimpleApplication@74765cf3
----------------- Done invoking toplevel() on ptolemy.moml.MoMLSimpleApplication@74765cf3
reloadAllAccessors: .TimerZeroDelay

===========================================================================================
----------------- testing Tue Dec 11 03:01:01 UTC 2018 /home/travis/build/icyphy/ptII/ptolemy/domains/de/test/auto/TimingParadox.xml
----------------- Instantiating /home/travis/build/icyphy/ptII/ptolemy/domains/de/test/auto/TimingParadox.xml
279 ms. Memory: 713216K Free: 614344K (86%)
----------------- Invoking toplevel() on ptolemy.moml.MoMLSimpleApplication@27466eba
----------------- Done invoking toplevel() on ptolemy.moml.MoMLSimpleApplication@27466eba
reloadAllAccessors: .TimingParadox

===========================================================================================
----------------- testing Tue Dec 11 03:01:02 UTC 2018 /home/travis/build/icyphy/ptII/ptolemy/domains/de/test/auto/TransferInputs.xml
----------------- Instantiating /home/travis/build/icyphy/ptII/ptolemy/domains/de/test/auto/TransferInputs.xml
1 ms. Memory: 713216K Free: 601707K (84%)
----------------- Invoking toplevel() on ptolemy.moml.MoMLSimpleApplication@25ca7418
----------------- Done invoking toplevel() on ptolemy.moml.MoMLSimpleApplication@25ca7418
reloadAllAccessors: .TransferInputs

===========================================================================================
----------------- testing Tue Dec 11 03:01:02 UTC 2018 /home/travis/build/icyphy/ptII/ptolemy/domains/de/test/auto/TransferOutputs2.xml
----------------- Instantiating /home/travis/build/icyphy/ptII/ptolemy/domains/de/test/auto/TransferOutputs2.xml
2 ms. Memory: 713216K Free: 582753K (82%)
----------------- Invoking toplevel() on ptolemy.moml.MoMLSimpleApplication@24a46570
----------------- Done invoking toplevel() on ptolemy.moml.MoMLSimpleApplication@24a46570
reloadAllAccessors: .TransferOutputs2

===========================================================================================
----------------- testing Tue Dec 11 03:01:02 UTC 2018 /home/travis/build/icyphy/ptII/ptolemy/domains/de/test/auto/Trilateration.xml
----------------- Instantiating /home/travis/build/icyphy/ptII/ptolemy/domains/de/test/auto/Trilateration.xml
10867 ms. Memory: 883200K Free: 194336K (22%)
----------------- Invoking toplevel() on ptolemy.moml.MoMLSimpleApplication@49d7d6ca
----------------- Done invoking toplevel() on ptolemy.moml.MoMLSimpleApplication@49d7d6ca
reloadAllAccessors: .Trilateration

===========================================================================================
----------------- testing Tue Dec 11 03:01:13 UTC 2018 /home/travis/build/icyphy/ptII/ptolemy/domains/de/test/auto/TwoSigmaDelta.xml
----------------- Instantiating /home/travis/build/icyphy/ptII/ptolemy/domains/de/test/auto/TwoSigmaDelta.xml
2068 ms. Memory: 851456K Free: 668238K (78%)
----------------- Invoking toplevel() on ptolemy.moml.MoMLSimpleApplication@1207f9bc
----------------- Done invoking toplevel() on ptolemy.moml.MoMLSimpleApplication@1207f9bc
reloadAllAccessors: .TwoSigmaDelta

===========================================================================================
----------------- testing Tue Dec 11 03:01:15 UTC 2018 /home/travis/build/icyphy/ptII/ptolemy/domains/de/test/auto/VariableDelay.xml
----------------- Instantiating /home/travis/build/icyphy/ptII/ptolemy/domains/de/test/auto/VariableDelay.xml
2 ms. Memory: 851456K Free: 648080K (76%)
----------------- Invoking toplevel() on ptolemy.moml.MoMLSimpleApplication@7960b374
----------------- Done invoking toplevel() on ptolemy.moml.MoMLSimpleApplication@7960b374
reloadAllAccessors: .VariableDelay

===========================================================================================
----------------- testing Tue Dec 11 03:01:15 UTC 2018 /home/travis/build/icyphy/ptII/ptolemy/domains/de/test/auto/VariableDelay2.xml
----------------- Instantiating /home/travis/build/icyphy/ptII/ptolemy/domains/de/test/auto/VariableDelay2.xml
2 ms. Memory: 851456K Free: 631892K (74%)
----------------- Invoking toplevel() on ptolemy.moml.MoMLSimpleApplication@6ce1b5ca
----------------- Done invoking toplevel() on ptolemy.moml.MoMLSimpleApplication@6ce1b5ca
reloadAllAccessors: .VariableDelay2

===========================================================================================
----------------- testing Tue Dec 11 03:01:15 UTC 2018 /home/travis/build/icyphy/ptII/ptolemy/domains/de/test/auto/VariableDelayZeroDelay.xml
----------------- Instantiating /home/travis/build/icyphy/ptII/ptolemy/domains/de/test/auto/VariableDelayZeroDelay.xml
3 ms. Memory: 851456K Free: 616624K (72%)
----------------- Invoking toplevel() on ptolemy.moml.MoMLSimpleApplication@66e13343
----------------- Done invoking toplevel() on ptolemy.moml.MoMLSimpleApplication@66e13343
reloadAllAccessors: .VariableDelayZeroDelay

===========================================================================================
----------------- testing Tue Dec 11 03:01:15 UTC 2018 /home/travis/build/icyphy/ptII/ptolemy/domains/de/test/auto/VariableDelayZeroDelay2.xml
----------------- Instantiating /home/travis/build/icyphy/ptII/ptolemy/domains/de/test/auto/VariableDelayZeroDelay2.xml
2 ms. Memory: 851456K Free: 600436K (71%)
----------------- Invoking toplevel() on ptolemy.moml.MoMLSimpleApplication@9eda6b3
----------------- Done invoking toplevel() on ptolemy.moml.MoMLSimpleApplication@9eda6b3
reloadAllAccessors: .VariableDelayZeroDelay2

===========================================================================================
----------------- testing Tue Dec 11 03:01:15 UTC 2018 /home/travis/build/icyphy/ptII/ptolemy/domains/de/test/auto/deInCt.xml
----------------- Instantiating /home/travis/build/icyphy/ptII/ptolemy/domains/de/test/auto/deInCt.xml
0
1
1
1
1
0
0
0
0
1
1
1
0
0
0
1
1
1
0
0
1
1
1
0
0
0
1
1
1
0
0
0
1
1
1
1
1
1
1
5 ms. Memory: 851456K Free: 585168K (69%)
----------------- Invoking toplevel() on ptolemy.moml.MoMLSimpleApplication@6f2f7d9c
----------------- Done invoking toplevel() on ptolemy.moml.MoMLSimpleApplication@6f2f7d9c
reloadAllAccessors: .deInCt

===========================================================================================
----------------- testing Tue Dec 11 03:01:15 UTC 2018 /home/travis/build/icyphy/ptII/ptolemy/domains/de/test/auto/deInCt2.xml
----------------- Instantiating /home/travis/build/icyphy/ptII/ptolemy/domains/de/test/auto/deInCt2.xml
0
1
1
1
0
0
1
1
1
0
0
1
1
1
0
0
1
1
1
0
0
1
1
1
0
0
1
1
1
0
0
1
1
1
0
0
1
1
1
0
0
0
8 ms. Memory: 851456K Free: 568980K (67%)
----------------- Invoking toplevel() on ptolemy.moml.MoMLSimpleApplication@4cc06a49
----------------- Done invoking toplevel() on ptolemy.moml.MoMLSimpleApplication@4cc06a49
reloadAllAccessors: .deInCt2

===========================================================================================
----------------- testing Tue Dec 11 03:01:15 UTC 2018 /home/travis/build/icyphy/ptII/ptolemy/domains/de/test/auto/dynamicCausalityInterface1.xml
----------------- Instantiating /home/travis/build/icyphy/ptII/ptolemy/domains/de/test/auto/dynamicCausalityInterface1.xml
1 ms. Memory: 851456K Free: 545157K (64%)
----------------- Invoking toplevel() on ptolemy.moml.MoMLSimpleApplication@2bc8ae3a
----------------- Done invoking toplevel() on ptolemy.moml.MoMLSimpleApplication@2bc8ae3a
reloadAllAccessors: .dynamicCausalityInterface1

===========================================================================================
----------------- testing Tue Dec 11 03:01:15 UTC 2018 /home/travis/build/icyphy/ptII/ptolemy/domains/de/test/auto/fsm_de_test.xml
----------------- Instantiating /home/travis/build/icyphy/ptII/ptolemy/domains/de/test/auto/fsm_de_test.xml
4 ms. Memory: 851456K Free: 522234K (61%)
----------------- Invoking toplevel() on ptolemy.moml.MoMLSimpleApplication@784df379
----------------- Done invoking toplevel() on ptolemy.moml.MoMLSimpleApplication@784df379
reloadAllAccessors: .fsm_de_test

===========================================================================================
----------------- testing Tue Dec 11 03:01:15 UTC 2018 /home/travis/build/icyphy/ptII/ptolemy/domains/de/test/auto/functionDependencyReconstruction.xml
----------------- Instantiating /home/travis/build/icyphy/ptII/ptolemy/domains/de/test/auto/functionDependencyReconstruction.xml
2 ms. Memory: 851456K Free: 498396K (59%)
----------------- Invoking toplevel() on ptolemy.moml.MoMLSimpleApplication@73d6c3c
----------------- Done invoking toplevel() on ptolemy.moml.MoMLSimpleApplication@73d6c3c
reloadAllAccessors: .functionDependencyReconstruction

===========================================================================================
----------------- testing Tue Dec 11 03:01:15 UTC 2018 /home/travis/build/icyphy/ptII/ptolemy/domains/de/test/auto/multirate.xml
----------------- Instantiating /home/travis/build/icyphy/ptII/ptolemy/domains/de/test/auto/multirate.xml
2 ms. Memory: 851456K Free: 483128K (57%)
----------------- Invoking toplevel() on ptolemy.moml.MoMLSimpleApplication@22366645
----------------- Done invoking toplevel() on ptolemy.moml.MoMLSimpleApplication@22366645
reloadAllAccessors: .multirate

===========================================================================================
----------------- testing Tue Dec 11 03:01:15 UTC 2018 /home/travis/build/icyphy/ptII/ptolemy/domains/de/test/auto/multirate2.xml
----------------- Instantiating /home/travis/build/icyphy/ptII/ptolemy/domains/de/test/auto/multirate2.xml
2 ms. Memory: 851456K Free: 466939K (55%)
----------------- Invoking toplevel() on ptolemy.moml.MoMLSimpleApplication@61697995
----------------- Done invoking toplevel() on ptolemy.moml.MoMLSimpleApplication@61697995
reloadAllAccessors: .multirate2

===========================================================================================
----------------- testing Tue Dec 11 03:01:15 UTC 2018 /home/travis/build/icyphy/ptII/ptolemy/domains/de/test/auto/realtime.xml
----------------- Instantiating /home/travis/build/icyphy/ptII/ptolemy/domains/de/test/auto/realtime.xml
10002 ms. Memory: 851456K Free: 450751K (53%)
----------------- Invoking toplevel() on ptolemy.moml.MoMLSimpleApplication@26f761cf
----------------- Done invoking toplevel() on ptolemy.moml.MoMLSimpleApplication@26f761cf
reloadAllAccessors: .realtime

===========================================================================================
----------------- testing Tue Dec 11 03:01:25 UTC 2018 /home/travis/build/icyphy/ptII/ptolemy/domains/de/test/auto/relationGroup.xml
----------------- Instantiating /home/travis/build/icyphy/ptII/ptolemy/domains/de/test/auto/relationGroup.xml
2 ms. Memory: 851456K Free: 435483K (51%)
----------------- Invoking toplevel() on ptolemy.moml.MoMLSimpleApplication@14793ee7
----------------- Done invoking toplevel() on ptolemy.moml.MoMLSimpleApplication@14793ee7
reloadAllAccessors: .relationGroup

===========================================================================================
----------------- testing Tue Dec 11 03:01:25 UTC 2018 /home/travis/build/icyphy/ptII/ptolemy/domains/de/test/auto/relationGroup2.xml
----------------- Instantiating /home/travis/build/icyphy/ptII/ptolemy/domains/de/test/auto/relationGroup2.xml
2 ms. Memory: 851456K Free: 419295K (49%)
----------------- Invoking toplevel() on ptolemy.moml.MoMLSimpleApplication@14ef0dff
----------------- Done invoking toplevel() on ptolemy.moml.MoMLSimpleApplication@14ef0dff
reloadAllAccessors: .relationGroup2

===========================================================================================
----------------- testing Tue Dec 11 03:01:26 UTC 2018 /home/travis/build/icyphy/ptII/ptolemy/domains/de/test/auto/sortWithOpaquePorts.xml
----------------- Instantiating /home/travis/build/icyphy/ptII/ptolemy/domains/de/test/auto/sortWithOpaquePorts.xml
2 ms. Memory: 851456K Free: 404027K (47%)
----------------- Invoking toplevel() on ptolemy.moml.MoMLSimpleApplication@5df7b092
----------------- Done invoking toplevel() on ptolemy.moml.MoMLSimpleApplication@5df7b092
reloadAllAccessors: .sortWithOpaquePorts

===========================================================================================
----------------- testing Tue Dec 11 03:01:26 UTC 2018 /home/travis/build/icyphy/ptII/ptolemy/domains/de/test/auto/transferInputsandOutputs.xml
----------------- Instantiating /home/travis/build/icyphy/ptII/ptolemy/domains/de/test/auto/transferInputsandOutputs.xml
2 ms. Memory: 851456K Free: 387839K (46%)
----------------- Invoking toplevel() on ptolemy.moml.MoMLSimpleApplication@3b046fe7
----------------- Done invoking toplevel() on ptolemy.moml.MoMLSimpleApplication@3b046fe7
reloadAllAccessors: .transferInputsandOutputs

===========================================================================================
----------------- testing Tue Dec 11 03:01:26 UTC 2018 /home/travis/build/icyphy/ptII/ptolemy/domains/de/test/auto/triggerType.xml
----------------- Instantiating /home/travis/build/icyphy/ptII/ptolemy/domains/de/test/auto/triggerType.xml
1 ms. Memory: 851456K Free: 371650K (44%)
----------------- Invoking toplevel() on ptolemy.moml.MoMLSimpleApplication@1726a620
----------------- Done invoking toplevel() on ptolemy.moml.MoMLSimpleApplication@1726a620
reloadAllAccessors: .triggerType
AutoTests.java: About to close Vertx.
AutoTests.java: Vertx closed.
]]></system-out>
  <system-err><![CDATA[java.lang.RuntimeException: Execution failed
	at ptolemy.moml.MoMLSimpleApplication$UnloadThread.run(MoMLSimpleApplication.java:402)
Caused by: ptolemy.kernel.util.IllegalActionException: Found a zero delay loop containing .dependencyLoop.original
  in .dependencyLoop and .dependencyLoop.original
	at ptolemy.actor.util.CausalityInterfaceForComposites._computeOutputPortDepth(CausalityInterfaceForComposites.java:759)
	at ptolemy.actor.util.CausalityInterfaceForComposites._computeInputDepth(CausalityInterfaceForComposites.java:696)
	at ptolemy.actor.util.CausalityInterfaceForComposites._computeOutputPortDepth(CausalityInterfaceForComposites.java:765)
	at ptolemy.actor.util.CausalityInterfaceForComposites._computeInputDepth(CausalityInterfaceForComposites.java:696)
	at ptolemy.actor.util.CausalityInterfaceForComposites._computeOutputPortDepth(CausalityInterfaceForComposites.java:765)
	at ptolemy.actor.util.CausalityInterfaceForComposites._computeInputDepth(CausalityInterfaceForComposites.java:696)
	at ptolemy.actor.util.CausalityInterfaceForComposites._computeActorDepth(CausalityInterfaceForComposites.java:532)
	at ptolemy.actor.util.CausalityInterfaceForComposites.checkForCycles(CausalityInterfaceForComposites.java:96)
	at ptolemy.domains.de.kernel.DEDirector.preinitialize(DEDirector.java:1338)
	at ptolemy.actor.CompositeActor.preinitialize(CompositeActor.java:1828)
	at ptolemy.actor.Manager.preinitializeAndResolveTypes(Manager.java:1040)
	at ptolemy.actor.Manager.initialize(Manager.java:710)
	at ptolemy.actor.Manager.execute(Manager.java:356)
	at ptolemy.actor.Manager.run(Manager.java:1263)
	at ptolemy.actor.Manager$PtolemyRunThread.run(Manager.java:1915)
java.lang.RuntimeException: Execution failed
	at ptolemy.moml.MoMLSimpleApplication$UnloadThread.run(MoMLSimpleApplication.java:402)
Caused by: ptolemy.kernel.util.IllegalActionException: Found a zero delay loop containing .dependencyLoop2.original
  in .dependencyLoop2 and .dependencyLoop2.original
	at ptolemy.actor.util.CausalityInterfaceForComposites._computeOutputPortDepth(CausalityInterfaceForComposites.java:759)
	at ptolemy.actor.util.CausalityInterfaceForComposites._computeInputDepth(CausalityInterfaceForComposites.java:696)
	at ptolemy.actor.util.CausalityInterfaceForComposites._computeOutputPortDepth(CausalityInterfaceForComposites.java:765)
	at ptolemy.actor.util.CausalityInterfaceForComposites._computeInputDepth(CausalityInterfaceForComposites.java:696)
	at ptolemy.actor.util.CausalityInterfaceForComposites._computeOutputPortDepth(CausalityInterfaceForComposites.java:765)
	at ptolemy.actor.util.CausalityInterfaceForComposites._computeInputDepth(CausalityInterfaceForComposites.java:696)
	at ptolemy.actor.util.CausalityInterfaceForComposites._computeActorDepth(CausalityInterfaceForComposites.java:532)
	at ptolemy.actor.util.CausalityInterfaceForComposites.checkForCycles(CausalityInterfaceForComposites.java:96)
	at ptolemy.domains.de.kernel.DEDirector.preinitialize(DEDirector.java:1338)
	at ptolemy.actor.CompositeActor.preinitialize(CompositeActor.java:1828)
	at ptolemy.actor.Manager.preinitializeAndResolveTypes(Manager.java:1040)
	at ptolemy.actor.Manager.initialize(Manager.java:710)
	at ptolemy.actor.Manager.execute(Manager.java:356)
	at ptolemy.actor.Manager.run(Manager.java:1263)
	at ptolemy.actor.Manager$PtolemyRunThread.run(Manager.java:1915)
java.lang.RuntimeException: Execution failed
	at ptolemy.moml.MoMLSimpleApplication$UnloadThread.run(MoMLSimpleApplication.java:402)
Caused by: ptolemy.kernel.util.IllegalActionException: Found a zero delay loop containing .dependencyLoop.original
  in .dependencyLoop and .dependencyLoop.original
	at ptolemy.actor.util.CausalityInterfaceForComposites._computeOutputPortDepth(CausalityInterfaceForComposites.java:759)
	at ptolemy.actor.util.CausalityInterfaceForComposites._computeInputDepth(CausalityInterfaceForComposites.java:696)
	at ptolemy.actor.util.CausalityInterfaceForComposites._computeOutputPortDepth(CausalityInterfaceForComposites.java:765)
	at ptolemy.actor.util.CausalityInterfaceForComposites._computeInputDepth(CausalityInterfaceForComposites.java:696)
	at ptolemy.actor.util.CausalityInterfaceForComposites._computeOutputPortDepth(CausalityInterfaceForComposites.java:765)
	at ptolemy.actor.util.CausalityInterfaceForComposites._computeInputDepth(CausalityInterfaceForComposites.java:696)
	at ptolemy.actor.util.CausalityInterfaceForComposites._computeActorDepth(CausalityInterfaceForComposites.java:532)
	at ptolemy.actor.util.CausalityInterfaceForComposites.checkForCycles(CausalityInterfaceForComposites.java:96)
	at ptolemy.domains.de.kernel.DEDirector.preinitialize(DEDirector.java:1338)
	at ptolemy.actor.CompositeActor.preinitialize(CompositeActor.java:1828)
	at ptolemy.actor.Manager.preinitializeAndResolveTypes(Manager.java:1040)
	at ptolemy.actor.Manager.initialize(Manager.java:710)
	at ptolemy.actor.Manager.execute(Manager.java:356)
	at ptolemy.actor.Manager.run(Manager.java:1263)
	at ptolemy.actor.Manager$PtolemyRunThread.run(Manager.java:1915)
java.lang.RuntimeException: Execution failed
	at ptolemy.moml.MoMLSimpleApplication$UnloadThread.run(MoMLSimpleApplication.java:402)
Caused by: ptolemy.kernel.util.IllegalActionException: Actor is not ready to fire.  Perhaps UpSample.prefire() returned false? Try debugging the actor by selecting "Listen to Actor".  Also, for SDF check moml for tokenConsumptionRate on input.
  in .DESDFClockTest.Play Bell.Copy1:SDF Director and .DESDFClockTest.Play Bell.UpSample
	at ptolemy.actor.sched.StaticSchedulingDirector.fire(StaticSchedulingDirector.java:227)
	at ptolemy.domains.sdf.kernel.SDFDirector.fire(SDFDirector.java:500)
	at ptolemy.actor.CompositeActor.fire(CompositeActor.java:455)
	at ptolemy.domains.de.kernel.DEDirector._fire(DEDirector.java:1949)
	at ptolemy.domains.de.kernel.DEDirector.fire(DEDirector.java:502)
	at ptolemy.actor.CompositeActor.fire(CompositeActor.java:455)
	at ptolemy.actor.Manager.iterate(Manager.java:851)
	at ptolemy.actor.Manager.execute(Manager.java:369)
	at ptolemy.actor.Manager.run(Manager.java:1263)
	at ptolemy.actor.Manager$PtolemyRunThread.run(Manager.java:1915)
java.lang.RuntimeException: Execution failed
	at ptolemy.moml.MoMLSimpleApplication$UnloadThread.run(MoMLSimpleApplication.java:402)
Caused by: ptolemy.kernel.util.IllegalActionException: Found a zero delay loop containing .dependencyLoop2.original
  in .dependencyLoop2 and .dependencyLoop2.original
	at ptolemy.actor.util.CausalityInterfaceForComposites._computeOutputPortDepth(CausalityInterfaceForComposites.java:759)
	at ptolemy.actor.util.CausalityInterfaceForComposites._computeInputDepth(CausalityInterfaceForComposites.java:696)
	at ptolemy.actor.util.CausalityInterfaceForComposites._computeOutputPortDepth(CausalityInterfaceForComposites.java:765)
	at ptolemy.actor.util.CausalityInterfaceForComposites._computeInputDepth(CausalityInterfaceForComposites.java:696)
	at ptolemy.actor.util.CausalityInterfaceForComposites._computeOutputPortDepth(CausalityInterfaceForComposites.java:765)
	at ptolemy.actor.util.CausalityInterfaceForComposites._computeInputDepth(CausalityInterfaceForComposites.java:696)
	at ptolemy.actor.util.CausalityInterfaceForComposites._computeActorDepth(CausalityInterfaceForComposites.java:532)
	at ptolemy.actor.util.CausalityInterfaceForComposites.checkForCycles(CausalityInterfaceForComposites.java:96)
	at ptolemy.domains.de.kernel.DEDirector.preinitialize(DEDirector.java:1338)
	at ptolemy.actor.CompositeActor.preinitialize(CompositeActor.java:1828)
	at ptolemy.actor.Manager.preinitializeAndResolveTypes(Manager.java:1040)
	at ptolemy.actor.Manager.initialize(Manager.java:710)
	at ptolemy.actor.Manager.execute(Manager.java:356)
	at ptolemy.actor.Manager.run(Manager.java:1263)
	at ptolemy.actor.Manager$PtolemyRunThread.run(Manager.java:1915)
java.lang.RuntimeException: Execution failed
	at ptolemy.moml.MoMLSimpleApplication$UnloadThread.run(MoMLSimpleApplication.java:402)
Caused by: ptolemy.kernel.util.IllegalActionException: Found a zero delay loop containing .HierarchicalModel.A
  in .HierarchicalModel and .HierarchicalModel.A
	at ptolemy.actor.util.CausalityInterfaceForComposites._computeOutputPortDepth(CausalityInterfaceForComposites.java:759)
	at ptolemy.actor.util.CausalityInterfaceForComposites._computeInputDepth(CausalityInterfaceForComposites.java:696)
	at ptolemy.actor.util.CausalityInterfaceForComposites._computeOutputPortDepth(CausalityInterfaceForComposites.java:765)
	at ptolemy.actor.util.CausalityInterfaceForComposites._computeInputDepth(CausalityInterfaceForComposites.java:696)
	at ptolemy.actor.util.CausalityInterfaceForComposites._computeOutputPortDepth(CausalityInterfaceForComposites.java:765)
	at ptolemy.actor.util.CausalityInterfaceForComposites._computeInputDepth(CausalityInterfaceForComposites.java:696)
	at ptolemy.actor.util.CausalityInterfaceForComposites._computeActorDepth(CausalityInterfaceForComposites.java:532)
	at ptolemy.actor.util.CausalityInterfaceForComposites.checkForCycles(CausalityInterfaceForComposites.java:96)
	at ptolemy.domains.de.kernel.DEDirector.preinitialize(DEDirector.java:1338)
	at ptolemy.actor.CompositeActor.preinitialize(CompositeActor.java:1828)
	at ptolemy.actor.Manager.preinitializeAndResolveTypes(Manager.java:1040)
	at ptolemy.actor.Manager.initialize(Manager.java:710)
	at ptolemy.actor.Manager.execute(Manager.java:356)
	at ptolemy.actor.Manager.run(Manager.java:1263)
	at ptolemy.actor.Manager$PtolemyRunThread.run(Manager.java:1915)
java.lang.RuntimeException: Execution failed
	at ptolemy.moml.MoMLSimpleApplication$UnloadThread.run(MoMLSimpleApplication.java:402)
Caused by: ptolemy.kernel.util.IllegalActionException: Test fails in iteration 1.
Value was: 1.0. Should have been: 2.0
  in .DirectFeedback.Test
	at ptolemy.actor.lib.Test.fire(Test.java:268)
	at ptolemy.domains.de.kernel.DEDirector._fire(DEDirector.java:1949)
	at ptolemy.domains.de.kernel.DEDirector.fire(DEDirector.java:502)
	at ptolemy.actor.CompositeActor.fire(CompositeActor.java:455)
	at ptolemy.actor.Manager.iterate(Manager.java:851)
	at ptolemy.actor.Manager.execute(Manager.java:369)
	at ptolemy.actor.Manager.run(Manager.java:1263)
	at ptolemy.actor.Manager$PtolemyRunThread.run(Manager.java:1915)
java.lang.RuntimeException: Execution failed
	at ptolemy.moml.MoMLSimpleApplication$UnloadThread.run(MoMLSimpleApplication.java:402)
Caused by: ptolemy.kernel.util.IllegalActionException: Actor is not ready to fire.  Perhaps UpSample.prefire() returned false? Try debugging the actor by selecting "Listen to Actor".  Also, for SDF check moml for tokenConsumptionRate on input.
  in .DESDFClockTest.Play Bell.Copy1:SDF Director and .DESDFClockTest.Play Bell.UpSample
	at ptolemy.actor.sched.StaticSchedulingDirector.fire(StaticSchedulingDirector.java:227)
	at ptolemy.domains.sdf.kernel.SDFDirector.fire(SDFDirector.java:500)
	at ptolemy.actor.CompositeActor.fire(CompositeActor.java:455)
	at ptolemy.domains.de.kernel.DEDirector._fire(DEDirector.java:1949)
	at ptolemy.domains.de.kernel.DEDirector.fire(DEDirector.java:502)
	at ptolemy.actor.CompositeActor.fire(CompositeActor.java:455)
	at ptolemy.actor.Manager.iterate(Manager.java:851)
	at ptolemy.actor.Manager.execute(Manager.java:369)
	at ptolemy.actor.Manager.run(Manager.java:1263)
	at ptolemy.actor.Manager$PtolemyRunThread.run(Manager.java:1915)
java.lang.reflect.InvocationTargetException
	at sun.reflect.NativeConstructorAccessorImpl.newInstance0(Native Method)
	at sun.reflect.NativeConstructorAccessorImpl.newInstance(NativeConstructorAccessorImpl.java:62)
	at sun.reflect.DelegatingConstructorAccessorImpl.newInstance(DelegatingConstructorAccessorImpl.java:45)
	at java.lang.reflect.Constructor.newInstance(Constructor.java:423)
	at ptolemy.util.test.junit.AutoKnownFailedTests.RunModel(AutoKnownFailedTests.java:105)
	at sun.reflect.NativeMethodAccessorImpl.invoke0(Native Method)
	at sun.reflect.NativeMethodAccessorImpl.invoke(NativeMethodAccessorImpl.java:62)
	at sun.reflect.DelegatingMethodAccessorImpl.invoke(DelegatingMethodAccessorImpl.java:43)
	at java.lang.reflect.Method.invoke(Method.java:498)
	at org.junit.runners.model.FrameworkMethod$1.runReflectiveCall(FrameworkMethod.java:44)
	at org.junit.internal.runners.model.ReflectiveCallable.run(ReflectiveCallable.java:15)
	at org.junit.runners.model.FrameworkMethod.invokeExplosively(FrameworkMethod.java:41)
	at junitparams.internal.InvokeParameterisedMethod.evaluate(InvokeParameterisedMethod.java:102)
	at org.junit.internal.runners.statements.FailOnTimeout$1.run(FailOnTimeout.java:28)
Caused by: ptolemy.kernel.util.IllegalActionException: Actor is not ready to fire.  Perhaps UpSample.prefire() returned false? Try debugging the actor by selecting "Listen to Actor".  Also, for SDF check moml for tokenConsumptionRate on input.
  in .DESDFClockTest.Play Bell.Copy1:SDF Director and .DESDFClockTest.Play Bell.UpSample
	at ptolemy.actor.sched.StaticSchedulingDirector.fire(StaticSchedulingDirector.java:227)
	at ptolemy.domains.sdf.kernel.SDFDirector.fire(SDFDirector.java:500)
	at ptolemy.actor.CompositeActor.fire(CompositeActor.java:455)
	at ptolemy.domains.de.kernel.DEDirector._fire(DEDirector.java:1949)
	at ptolemy.domains.de.kernel.DEDirector.fire(DEDirector.java:502)
	at ptolemy.actor.CompositeActor.fire(CompositeActor.java:455)
	at ptolemy.actor.Manager.iterate(Manager.java:851)
	at ptolemy.actor.Manager.execute(Manager.java:369)
	at ptolemy.actor.Manager.run(Manager.java:1263)
	at ptolemy.actor.Manager$PtolemyRunThread.run(Manager.java:1915)
java.lang.RuntimeException: Execution failed
	at ptolemy.moml.MoMLSimpleApplication$UnloadThread.run(MoMLSimpleApplication.java:402)
Caused by: ptolemy.kernel.util.IllegalActionException: Test fails in iteration 1.
Value was: 1.0. Should have been: 2.0
  in .DirectFeedback.Test
	at ptolemy.actor.lib.Test.fire(Test.java:268)
	at ptolemy.domains.de.kernel.DEDirector._fire(DEDirector.java:1949)
	at ptolemy.domains.de.kernel.DEDirector.fire(DEDirector.java:502)
	at ptolemy.actor.CompositeActor.fire(CompositeActor.java:455)
	at ptolemy.actor.Manager.iterate(Manager.java:851)
	at ptolemy.actor.Manager.execute(Manager.java:369)
	at ptolemy.actor.Manager.run(Manager.java:1263)
	at ptolemy.actor.Manager$PtolemyRunThread.run(Manager.java:1915)
java.lang.reflect.InvocationTargetException
	at sun.reflect.NativeConstructorAccessorImpl.newInstance0(Native Method)
	at sun.reflect.NativeConstructorAccessorImpl.newInstance(NativeConstructorAccessorImpl.java:62)
	at sun.reflect.DelegatingConstructorAccessorImpl.newInstance(DelegatingConstructorAccessorImpl.java:45)
	at java.lang.reflect.Constructor.newInstance(Constructor.java:423)
	at ptolemy.util.test.junit.AutoKnownFailedTests.RunModel(AutoKnownFailedTests.java:105)
	at sun.reflect.NativeMethodAccessorImpl.invoke0(Native Method)
	at sun.reflect.NativeMethodAccessorImpl.invoke(NativeMethodAccessorImpl.java:62)
	at sun.reflect.DelegatingMethodAccessorImpl.invoke(DelegatingMethodAccessorImpl.java:43)
	at java.lang.reflect.Method.invoke(Method.java:498)
	at org.junit.runners.model.FrameworkMethod$1.runReflectiveCall(FrameworkMethod.java:44)
	at org.junit.internal.runners.model.ReflectiveCallable.run(ReflectiveCallable.java:15)
	at org.junit.runners.model.FrameworkMethod.invokeExplosively(FrameworkMethod.java:41)
	at junitparams.internal.InvokeParameterisedMethod.evaluate(InvokeParameterisedMethod.java:102)
	at org.junit.internal.runners.statements.FailOnTimeout$1.run(FailOnTimeout.java:28)
Caused by: ptolemy.kernel.util.IllegalActionException: Test fails in iteration 1.
Value was: 1.0. Should have been: 2.0
  in .DirectFeedback.Test
	at ptolemy.actor.lib.Test.fire(Test.java:268)
	at ptolemy.domains.de.kernel.DEDirector._fire(DEDirector.java:1949)
	at ptolemy.domains.de.kernel.DEDirector.fire(DEDirector.java:502)
	at ptolemy.actor.CompositeActor.fire(CompositeActor.java:455)
	at ptolemy.actor.Manager.iterate(Manager.java:851)
	at ptolemy.actor.Manager.execute(Manager.java:369)
	at ptolemy.actor.Manager.run(Manager.java:1263)
	at ptolemy.actor.Manager$PtolemyRunThread.run(Manager.java:1915)
java.lang.RuntimeException: Execution failed
	at ptolemy.moml.MoMLSimpleApplication$UnloadThread.run(MoMLSimpleApplication.java:402)
Caused by: ptolemy.kernel.util.IllegalActionException: Found a zero delay loop containing .HierarchicalModel.A
  in .HierarchicalModel and .HierarchicalModel.A
	at ptolemy.actor.util.CausalityInterfaceForComposites._computeOutputPortDepth(CausalityInterfaceForComposites.java:759)
	at ptolemy.actor.util.CausalityInterfaceForComposites._computeInputDepth(CausalityInterfaceForComposites.java:696)
	at ptolemy.actor.util.CausalityInterfaceForComposites._computeOutputPortDepth(CausalityInterfaceForComposites.java:765)
	at ptolemy.actor.util.CausalityInterfaceForComposites._computeInputDepth(CausalityInterfaceForComposites.java:696)
	at ptolemy.actor.util.CausalityInterfaceForComposites._computeOutputPortDepth(CausalityInterfaceForComposites.java:765)
	at ptolemy.actor.util.CausalityInterfaceForComposites._computeInputDepth(CausalityInterfaceForComposites.java:696)
	at ptolemy.actor.util.CausalityInterfaceForComposites._computeActorDepth(CausalityInterfaceForComposites.java:532)
	at ptolemy.actor.util.CausalityInterfaceForComposites.checkForCycles(CausalityInterfaceForComposites.java:96)
	at ptolemy.domains.de.kernel.DEDirector.preinitialize(DEDirector.java:1338)
	at ptolemy.actor.CompositeActor.preinitialize(CompositeActor.java:1828)
	at ptolemy.actor.Manager.preinitializeAndResolveTypes(Manager.java:1040)
	at ptolemy.actor.Manager.initialize(Manager.java:710)
	at ptolemy.actor.Manager.execute(Manager.java:356)
	at ptolemy.actor.Manager.run(Manager.java:1263)
	at ptolemy.actor.Manager$PtolemyRunThread.run(Manager.java:1915)
java.lang.reflect.InvocationTargetException
	at sun.reflect.NativeConstructorAccessorImpl.newInstance0(Native Method)
	at sun.reflect.NativeConstructorAccessorImpl.newInstance(NativeConstructorAccessorImpl.java:62)
	at sun.reflect.DelegatingConstructorAccessorImpl.newInstance(DelegatingConstructorAccessorImpl.java:45)
	at java.lang.reflect.Constructor.newInstance(Constructor.java:423)
	at ptolemy.util.test.junit.AutoKnownFailedTests.RunModel(AutoKnownFailedTests.java:105)
	at sun.reflect.NativeMethodAccessorImpl.invoke0(Native Method)
	at sun.reflect.NativeMethodAccessorImpl.invoke(NativeMethodAccessorImpl.java:62)
	at sun.reflect.DelegatingMethodAccessorImpl.invoke(DelegatingMethodAccessorImpl.java:43)
	at java.lang.reflect.Method.invoke(Method.java:498)
	at org.junit.runners.model.FrameworkMethod$1.runReflectiveCall(FrameworkMethod.java:44)
	at org.junit.internal.runners.model.ReflectiveCallable.run(ReflectiveCallable.java:15)
	at org.junit.runners.model.FrameworkMethod.invokeExplosively(FrameworkMethod.java:41)
	at junitparams.internal.InvokeParameterisedMethod.evaluate(InvokeParameterisedMethod.java:102)
	at org.junit.internal.runners.statements.FailOnTimeout$1.run(FailOnTimeout.java:28)
Caused by: ptolemy.kernel.util.IllegalActionException: Found a zero delay loop containing .HierarchicalModel.A
  in .HierarchicalModel and .HierarchicalModel.A
	at ptolemy.actor.util.CausalityInterfaceForComposites._computeOutputPortDepth(CausalityInterfaceForComposites.java:759)
	at ptolemy.actor.util.CausalityInterfaceForComposites._computeInputDepth(CausalityInterfaceForComposites.java:696)
	at ptolemy.actor.util.CausalityInterfaceForComposites._computeOutputPortDepth(CausalityInterfaceForComposites.java:765)
	at ptolemy.actor.util.CausalityInterfaceForComposites._computeInputDepth(CausalityInterfaceForComposites.java:696)
	at ptolemy.actor.util.CausalityInterfaceForComposites._computeOutputPortDepth(CausalityInterfaceForComposites.java:765)
	at ptolemy.actor.util.CausalityInterfaceForComposites._computeInputDepth(CausalityInterfaceForComposites.java:696)
	at ptolemy.actor.util.CausalityInterfaceForComposites._computeActorDepth(CausalityInterfaceForComposites.java:532)
	at ptolemy.actor.util.CausalityInterfaceForComposites.checkForCycles(CausalityInterfaceForComposites.java:96)
	at ptolemy.domains.de.kernel.DEDirector.preinitialize(DEDirector.java:1338)
	at ptolemy.actor.CompositeActor.preinitialize(CompositeActor.java:1828)
	at ptolemy.actor.Manager.preinitializeAndResolveTypes(Manager.java:1040)
	at ptolemy.actor.Manager.initialize(Manager.java:710)
	at ptolemy.actor.Manager.execute(Manager.java:356)
	at ptolemy.actor.Manager.run(Manager.java:1263)
	at ptolemy.actor.Manager$PtolemyRunThread.run(Manager.java:1915)
java.lang.RuntimeException: Execution failed
	at ptolemy.moml.MoMLSimpleApplication$UnloadThread.run(MoMLSimpleApplication.java:402)
Caused by: ptolemy.kernel.util.IllegalActionException: Found a zero delay loop containing .dependencyLoop.original
  in .dependencyLoop and .dependencyLoop.original
	at ptolemy.actor.util.CausalityInterfaceForComposites._computeOutputPortDepth(CausalityInterfaceForComposites.java:759)
	at ptolemy.actor.util.CausalityInterfaceForComposites._computeInputDepth(CausalityInterfaceForComposites.java:696)
	at ptolemy.actor.util.CausalityInterfaceForComposites._computeOutputPortDepth(CausalityInterfaceForComposites.java:765)
	at ptolemy.actor.util.CausalityInterfaceForComposites._computeInputDepth(CausalityInterfaceForComposites.java:696)
	at ptolemy.actor.util.CausalityInterfaceForComposites._computeOutputPortDepth(CausalityInterfaceForComposites.java:765)
	at ptolemy.actor.util.CausalityInterfaceForComposites._computeInputDepth(CausalityInterfaceForComposites.java:696)
	at ptolemy.actor.util.CausalityInterfaceForComposites._computeActorDepth(CausalityInterfaceForComposites.java:532)
	at ptolemy.actor.util.CausalityInterfaceForComposites.checkForCycles(CausalityInterfaceForComposites.java:96)
	at ptolemy.domains.de.kernel.DEDirector.preinitialize(DEDirector.java:1338)
	at ptolemy.actor.CompositeActor.preinitialize(CompositeActor.java:1828)
	at ptolemy.actor.Manager.preinitializeAndResolveTypes(Manager.java:1040)
	at ptolemy.actor.Manager.initialize(Manager.java:710)
	at ptolemy.actor.Manager.execute(Manager.java:356)
	at ptolemy.actor.Manager.run(Manager.java:1263)
	at ptolemy.actor.Manager$PtolemyRunThread.run(Manager.java:1915)
java.lang.reflect.InvocationTargetException
	at sun.reflect.NativeConstructorAccessorImpl.newInstance0(Native Method)
	at sun.reflect.NativeConstructorAccessorImpl.newInstance(NativeConstructorAccessorImpl.java:62)
	at sun.reflect.DelegatingConstructorAccessorImpl.newInstance(DelegatingConstructorAccessorImpl.java:45)
	at java.lang.reflect.Constructor.newInstance(Constructor.java:423)
	at ptolemy.util.test.junit.AutoKnownFailedTests.RunModel(AutoKnownFailedTests.java:105)
	at sun.reflect.NativeMethodAccessorImpl.invoke0(Native Method)
	at sun.reflect.NativeMethodAccessorImpl.invoke(NativeMethodAccessorImpl.java:62)
	at sun.reflect.DelegatingMethodAccessorImpl.invoke(DelegatingMethodAccessorImpl.java:43)
	at java.lang.reflect.Method.invoke(Method.java:498)
	at org.junit.runners.model.FrameworkMethod$1.runReflectiveCall(FrameworkMethod.java:44)
	at org.junit.internal.runners.model.ReflectiveCallable.run(ReflectiveCallable.java:15)
	at org.junit.runners.model.FrameworkMethod.invokeExplosively(FrameworkMethod.java:41)
	at junitparams.internal.InvokeParameterisedMethod.evaluate(InvokeParameterisedMethod.java:102)
	at org.junit.internal.runners.statements.FailOnTimeout$1.run(FailOnTimeout.java:28)
Caused by: ptolemy.kernel.util.IllegalActionException: Found a zero delay loop containing .dependencyLoop.original
  in .dependencyLoop and .dependencyLoop.original
	at ptolemy.actor.util.CausalityInterfaceForComposites._computeOutputPortDepth(CausalityInterfaceForComposites.java:759)
	at ptolemy.actor.util.CausalityInterfaceForComposites._computeInputDepth(CausalityInterfaceForComposites.java:696)
	at ptolemy.actor.util.CausalityInterfaceForComposites._computeOutputPortDepth(CausalityInterfaceForComposites.java:765)
	at ptolemy.actor.util.CausalityInterfaceForComposites._computeInputDepth(CausalityInterfaceForComposites.java:696)
	at ptolemy.actor.util.CausalityInterfaceForComposites._computeOutputPortDepth(CausalityInterfaceForComposites.java:765)
	at ptolemy.actor.util.CausalityInterfaceForComposites._computeInputDepth(CausalityInterfaceForComposites.java:696)
	at ptolemy.actor.util.CausalityInterfaceForComposites._computeActorDepth(CausalityInterfaceForComposites.java:532)
	at ptolemy.actor.util.CausalityInterfaceForComposites.checkForCycles(CausalityInterfaceForComposites.java:96)
	at ptolemy.domains.de.kernel.DEDirector.preinitialize(DEDirector.java:1338)
	at ptolemy.actor.CompositeActor.preinitialize(CompositeActor.java:1828)
	at ptolemy.actor.Manager.preinitializeAndResolveTypes(Manager.java:1040)
	at ptolemy.actor.Manager.initialize(Manager.java:710)
	at ptolemy.actor.Manager.execute(Manager.java:356)
	at ptolemy.actor.Manager.run(Manager.java:1263)
	at ptolemy.actor.Manager$PtolemyRunThread.run(Manager.java:1915)
java.lang.RuntimeException: Execution failed
	at ptolemy.moml.MoMLSimpleApplication$UnloadThread.run(MoMLSimpleApplication.java:402)
Caused by: ptolemy.kernel.util.IllegalActionException: Found a zero delay loop containing .dependencyLoop2.original
  in .dependencyLoop2 and .dependencyLoop2.original
	at ptolemy.actor.util.CausalityInterfaceForComposites._computeOutputPortDepth(CausalityInterfaceForComposites.java:759)
	at ptolemy.actor.util.CausalityInterfaceForComposites._computeInputDepth(CausalityInterfaceForComposites.java:696)
	at ptolemy.actor.util.CausalityInterfaceForComposites._computeOutputPortDepth(CausalityInterfaceForComposites.java:765)
	at ptolemy.actor.util.CausalityInterfaceForComposites._computeInputDepth(CausalityInterfaceForComposites.java:696)
	at ptolemy.actor.util.CausalityInterfaceForComposites._computeOutputPortDepth(CausalityInterfaceForComposites.java:765)
	at ptolemy.actor.util.CausalityInterfaceForComposites._computeInputDepth(CausalityInterfaceForComposites.java:696)
	at ptolemy.actor.util.CausalityInterfaceForComposites._computeActorDepth(CausalityInterfaceForComposites.java:532)
	at ptolemy.actor.util.CausalityInterfaceForComposites.checkForCycles(CausalityInterfaceForComposites.java:96)
	at ptolemy.domains.de.kernel.DEDirector.preinitialize(DEDirector.java:1338)
	at ptolemy.actor.CompositeActor.preinitialize(CompositeActor.java:1828)
	at ptolemy.actor.Manager.preinitializeAndResolveTypes(Manager.java:1040)
	at ptolemy.actor.Manager.initialize(Manager.java:710)
	at ptolemy.actor.Manager.execute(Manager.java:356)
	at ptolemy.actor.Manager.run(Manager.java:1263)
	at ptolemy.actor.Manager$PtolemyRunThread.run(Manager.java:1915)
java.lang.reflect.InvocationTargetException
	at sun.reflect.NativeConstructorAccessorImpl.newInstance0(Native Method)
	at sun.reflect.NativeConstructorAccessorImpl.newInstance(NativeConstructorAccessorImpl.java:62)
	at sun.reflect.DelegatingConstructorAccessorImpl.newInstance(DelegatingConstructorAccessorImpl.java:45)
	at java.lang.reflect.Constructor.newInstance(Constructor.java:423)
	at ptolemy.util.test.junit.AutoKnownFailedTests.RunModel(AutoKnownFailedTests.java:105)
	at sun.reflect.NativeMethodAccessorImpl.invoke0(Native Method)
	at sun.reflect.NativeMethodAccessorImpl.invoke(NativeMethodAccessorImpl.java:62)
	at sun.reflect.DelegatingMethodAccessorImpl.invoke(DelegatingMethodAccessorImpl.java:43)
	at java.lang.reflect.Method.invoke(Method.java:498)
	at org.junit.runners.model.FrameworkMethod$1.runReflectiveCall(FrameworkMethod.java:44)
	at org.junit.internal.runners.model.ReflectiveCallable.run(ReflectiveCallable.java:15)
	at org.junit.runners.model.FrameworkMethod.invokeExplosively(FrameworkMethod.java:41)
	at junitparams.internal.InvokeParameterisedMethod.evaluate(InvokeParameterisedMethod.java:102)
	at org.junit.internal.runners.statements.FailOnTimeout$1.run(FailOnTimeout.java:28)
Caused by: ptolemy.kernel.util.IllegalActionException: Found a zero delay loop containing .dependencyLoop2.original
  in .dependencyLoop2 and .dependencyLoop2.original
	at ptolemy.actor.util.CausalityInterfaceForComposites._computeOutputPortDepth(CausalityInterfaceForComposites.java:759)
	at ptolemy.actor.util.CausalityInterfaceForComposites._computeInputDepth(CausalityInterfaceForComposites.java:696)
	at ptolemy.actor.util.CausalityInterfaceForComposites._computeOutputPortDepth(CausalityInterfaceForComposites.java:765)
	at ptolemy.actor.util.CausalityInterfaceForComposites._computeInputDepth(CausalityInterfaceForComposites.java:696)
	at ptolemy.actor.util.CausalityInterfaceForComposites._computeOutputPortDepth(CausalityInterfaceForComposites.java:765)
	at ptolemy.actor.util.CausalityInterfaceForComposites._computeInputDepth(CausalityInterfaceForComposites.java:696)
	at ptolemy.actor.util.CausalityInterfaceForComposites._computeActorDepth(CausalityInterfaceForComposites.java:532)
	at ptolemy.actor.util.CausalityInterfaceForComposites.checkForCycles(CausalityInterfaceForComposites.java:96)
	at ptolemy.domains.de.kernel.DEDirector.preinitialize(DEDirector.java:1338)
	at ptolemy.actor.CompositeActor.preinitialize(CompositeActor.java:1828)
	at ptolemy.actor.Manager.preinitializeAndResolveTypes(Manager.java:1040)
	at ptolemy.actor.Manager.initialize(Manager.java:710)
	at ptolemy.actor.Manager.execute(Manager.java:356)
	at ptolemy.actor.Manager.run(Manager.java:1263)
	at ptolemy.actor.Manager$PtolemyRunThread.run(Manager.java:1915)
]]></system-err>
</testsuite>
