<?xml version="1.0" encoding="UTF-8" ?>
<testsuite errors="1" failures="1" hostname="travis-job-937c6bea-0247-4ff0-8359-1d6f8335a3f7" name="ptolemy.actor.lib.test.junit.JUnitTclTest" skipped="0" tests="517" time="67.244" timestamp="2019-09-17T05:48:48">
  <properties>
    <property name="npm.executable" value="npm" />
    <property name="env.TRAVIS_ROOT" value="/" />
    <property name="ptII.mk.exists" value="true" />
    <property name="env.TRAVIS_APP_HOST" value="build.travis-ci.org" />
    <property name="env.rvm_bin_path" value="/home/travis/.rvm/bin" />
    <property name="java.home" value="/usr/local/lib/jvm/openjdk11" />
    <property name="env.TRAVIS_JOB_NUMBER" value="1332.8" />
    <property name="env.TRAVIS_HOME" value="/home/travis" />
    <property name="env.DISPLAY" value=":99.0" />
    <property name="env.TRAVIS_INIT" value="systemd" />
    <property name="env.SSH_TTY" value="/dev/pts/0" />
    <property name="java.net.preferIPv4Stack" value="true" />
    <property name="env.RUN_TESTS" value="true" />
    <property name="timeout.short" value="1000000" />
    <property name="junit.formatter" value="xml" />
    <property name="env.TRAVIS_SUDO" value="true" />
    <property name="env.TRAVIS_JOB_NAME" value="" />
    <property name="env.TRAVIS_STACK_NODE_ATTRIBUTES" value="/.node-attributes.yml" />
    <property name="env.LOGNAME" value="travis" />
    <property name="env.PT_TRAVIS_TEST_CORE1_XML" value="true" />
    <property name="jsdoc.home" value="node_modules/@terraswarm/jsdoc" />
    <property name="debuglevel" value="source,lines,vars" />
    <property name="checkstyle.formatter" value="xml" />
    <property name="env._system_version" value="16.04" />
    <property name="bin.vergil.makeable" value="true" />
    <property name="sun.os.patch.level" value="unknown" />
    <property name="java.vendor.url" value="http://java.oracle.com/" />
    <property name="env.TRAVIS_BUILD_WEB_URL" value="https://travis-ci.org/icyphy/ptII/builds/585895069" />
    <property name="java.version" value="11.0.2" />
    <property name="env.TZ" value="UTC" />
    <property name="env.TRAVIS_PULL_REQUEST_SHA" value="" />
    <property name="env.PT_NO_NET" value="true" />
    <property name="env.TRAVIS_SECURE_ENV_VARS" value="true" />
    <property name="env._system_type" value="Linux" />
    <property name="java.vendor.url.bug" value="http://bugreport.java.com/bugreport/" />
    <property name="npmjs-org-is-up" value="true" />
    <property name="env.LANGUAGE" value="en_US.UTF-8" />
    <property name="env.SSH_CLIENT" value="10.16.58.3 50578 22" />
    <property name="env.GEM_HOME" value="/home/travis/.rvm/gems/ruby-2.5.3" />
    <property name="env.HAS_ANTARES_THREE_LITTLE_FRONZIES_BADGE" value="true" />
    <property name="java.version.date" value="2019-01-15" />
    <property name="env.PS4" value="+" />
    <property name="ant.project.invoked-targets" value="build,test.core1.xml" />
    <property name="env.TRAVIS_PULL_REQUEST_BRANCH" value="" />
    <property name="env.TRAVIS_REPO_SLUG" value="icyphy/ptII" />
    <property name="env.XDG_DATA_DIRS" value="/usr/local/share:/usr/share:/var/lib/snapd/desktop" />
    <property name="jdk.debug" value="release" />
    <property name="env.TRAVIS_APT_PROXY" value="http://apt.cache.travis-ci.com" />
    <property name="node.in.path" value="true" />
    <property name="user.name" value="travis" />
    <property name="java.maxmemory" value="1400m" />
    <property name="env.RUBY_VERSION" value="ruby-2.5.3" />
    <property name="env.LANG" value="en_US.UTF-8" />
    <property name="sun.io.unicode.encoding" value="UnicodeLittle" />
    <property name="sun.jnu.encoding" value="UTF-8" />
    <property name="java.runtime.name" value="OpenJDK Runtime Environment" />
    <property name="usefile" value="false" />
    <property name="return.code" value="0" />
    <property name="junit.single.formatter" value="plain" />
    <property name="env.DYLD_LIBRARY_PATH" value="/home/travis/pthla/certi-tools/lib:" />
    <property name="env.DEBIAN_FRONTEND" value="noninteractive" />
    <property name="env.SSH_CONNECTION" value="10.16.58.3 50578 10.20.1.185 22" />
    <property name="env.MYSQL_UNIX_PORT" value="/var/run/mysqld/mysqld.sock" />
    <property name="env.LC_ALL" value="en_US.UTF-8" />
    <property name="env.TRAVIS_ALLOW_FAILURE" value="false" />
    <property name="env.TRAVIS_JOB_WEB_URL" value="https://travis-ci.org/icyphy/ptII/jobs/585895077" />
    <property name="java.specification.name" value="Java Platform API Specification" />
    <property name="node.works" value="true" />
    <property name="user.timezone" value="" />
    <property name="path.separator" value=":" />
    <property name="env.TRAVIS_ENABLE_INFRA_DETECTION" value="true" />
    <property name="env.PYTHON_CFLAGS" value="-g -fstack-protector --param=ssp-buffer-size=4 -Wformat -Werror=format-security" />
    <property name="timeout.long" value="4000000" />
    <property name="env.CERTI_HOME" value="/home/travis/pthla/certi-tools" />
    <property name="ant.file.ptII" value="/home/travis/build/icyphy/ptII/build.xml" />
    <property name="javadoc.packagenames" value="com.*,diva.*,lbnl.*,org.hlacerti.*,org.json.*,org.ptolemy.*,org.terraswarm.*,ptolemy.*,ptserver.*" />
    <property name="file.encoding" value="UTF-8" />
    <property name="env.TRAVIS_PULL_REQUEST_SLUG" value="" />
    <property name="ant.project.default-target" value="build" />
    <property name="env.GIT_ASKPASS" value="echo" />
    <property name="env.HOME" value="/home/travis" />
    <property name="sun.java.command" value="org.apache.tools.ant.taskdefs.optional.junit.JUnitTestRunner ptolemy.actor.lib.test.junit.JUnitTclTest skipNonTests=false filtertrace=true haltOnError=false haltOnFailure=false formatter=org.apache.tools.ant.taskdefs.optional.junit.OutErrSummaryJUnitResultFormatter showoutput=true outputtoformatters=true logfailedtests=true threadid=0 logtestlistenerevents=false formatter=org.apache.tools.ant.taskdefs.optional.junit.XMLJUnitResultFormatter,/home/travis/build/icyphy/ptII/reports/junit/TEST-ptolemy.actor.lib.test.junit.JUnitTclTest.xml crashfile=/home/travis/build/icyphy/ptII/junitvmwatcher3144084335946586253.properties propsfile=/home/travis/build/icyphy/ptII/junit13363412378368306487.properties" />
    <property name="env.COMPOSER_NO_INTERACTION" value="1" />
    <property name="env.MANPATH" value="/home/travis/.nvm/versions/node/v7.10.1/share/man:/home/travis/.rvm/rubies/ruby-2.5.3/share/man:/usr/local/cmake-3.12.4/man:/usr/local/clang-7.0.0/share/man:/usr/local/man:/usr/local/share/man:/usr/share/man:/home/travis/.rvm/man" />
    <property name="env.TRAVIS_TIMER_ID" value="1556806b" />
    <property name="ant.file" value="/home/travis/build/icyphy/ptII/build.xml" />
    <property name="env.TRAVIS_COMMIT_RANGE" value="bc7bfed3151ace78f6177b95f8054c233d74f1bf...1691c4a63a7f6e8f7441362a7c71a7ee30ba8bb1" />
    <property name="env._system_name" value="Ubuntu" />
    <property name="ptII.classpath.optional.property" value="/home/travis/build/icyphy/ptII/lib/bsh-2.0b4.jar:/home/travis/build/icyphy/ptII/lib/ptCal.jar:/home/travis/build/icyphy/ptII/lib/java_cup.jar:/home/travis/build/icyphy/ptII/lib/saxon8.jar:/home/travis/build/icyphy/ptII/lib/saxon8-dom.jar:/home/travis/build/icyphy/ptII/lib/chic.jar:/home/travis/build/icyphy/ptII/lib/ptcolt.jar:/home/travis/build/icyphy/ptII/vendors/misc/itext/iText.jar:/home/travis/build/icyphy/ptII/lib/g4ltl.jar:/home/travis/build/icyphy/ptII/lib/StructuralCoder.jar:/home/travis/build/icyphy/ptII/lib/jcerti.jar:/home/travis/build/icyphy/ptII/lib/javax.mail.jar:/home/travis/build/icyphy/ptII/vendors/JMF-2.1.1e/lib/jmf.jar:/home/travis/build/icyphy/ptII/lib/jna-4.0.0-variadic.jar:/home/travis/build/icyphy/ptII/vendors/misc/joystick/Joystick.jar:/home/travis/build/icyphy/ptII/lib/ptjacl.jar:/home/travis/build/icyphy/ptII/lib/jsoup-1.8.2.jar:/home/travis/build/icyphy/ptII/lib/junit-4.8.2.jar:/home/travis/build/icyphy/ptII/lib/JUnitParams-0.4.0.jar:/home/travis/build/icyphy/ptII/ptolemy/actor/lib/excel/jxl.jar:/home/travis/build/icyphy/ptII/lib/jython.jar:/home/travis/build/icyphy/ptII/lib/kieler.jar:/home/travis/build/icyphy/ptII/vendors/opencv/share/OpenCV/java/opencv-341.jar:/home/travis/build/icyphy/ptII/lib/oscP5.jar:/home/travis/build/icyphy/ptII/lib/nrjavaserial-3.11.0.devel.jar:/home/travis/build/icyphy/ptII/vendors/j3d/lib/Linux/j3dcore.jar:/home/travis/build/icyphy/ptII/vendors/j3d/lib/Linux/j3dutils.jar:/home/travis/build/icyphy/ptII/vendors/j3d/lib/Linux/vecmath.jar:/home/travis/build/icyphy/ptII/vendors/jogl/lib/Linux/gluegen-rt-natives-linux-amd64.jar:/home/travis/build/icyphy/ptII/vendors/jogl/lib/Linux/gluegen-rt.jar:/home/travis/build/icyphy/ptII/vendors/jogl/lib/Linux/jogl-all-natives-linux-amd64.jar:/home/travis/build/icyphy/ptII/vendors/jogl/lib/Linux/jogl-all.jar:/home/travis/build/icyphy/ptII/ptolemy/distributed/jini/jar/jini-core.jar:/home/travis/build/icyphy/ptII/ptolemy/distributed/jini/jar/jini-ext.jar:/home/travis/build/icyphy/ptII/ptolemy/distributed/jini/jar/sun-util.jar:/home/travis/build/icyphy/ptII/lib/protobuf-java-2.4.1.jar:/home/travis/build/icyphy/ptII/lib/org.eclipse.paho.client.mqttv3.jar:/home/travis/build/icyphy/ptII/lib/mapss.jar:/home/travis/build/icyphy/ptII/ptolemy/actor/ptalon/antlr/antlr.jar:/home/travis/build/icyphy/ptII/lib/JRI.jar:/home/travis/build/icyphy/ptII/lib/commons-lang-2.6.jar:/home/travis/build/icyphy/ptII/lib/commons-logging-1.1.1.jar:/home/travis/build/icyphy/ptII/lib/sootclasses.jar:/home/travis/build/icyphy/ptII/ptolemy/actor/lib/database/mysql-connector-java-5.1.6-bin.jar:/home/travis/build/icyphy/ptII/vendors/misc/sphinx4/sphinx4-data-5prealpha.jar:/home/travis/build/icyphy/ptII/vendors/misc/sphinx4/sphinx4-core-5prealpha.jar:/home/travis/build/icyphy/ptII/lib/PDFRenderer.jar:/home/travis/build/icyphy/ptII/lib/svgSalamander.jar:/home/travis/build/icyphy/ptII/lib/rsyntaxtextarea-2.6.0-SNAPSHOT.jar:/home/travis/build/icyphy/ptII/lib/hazelcast-3.8.2.jar:/home/travis/build/icyphy/ptII/lib/jackson-annotations-2.9.0.jar:/home/travis/build/icyphy/ptII/lib/jackson-core-2.9.3.jar:/home/travis/build/icyphy/ptII/lib/jackson-databind-2.9.3.jar:/home/travis/build/icyphy/ptII/lib/netty-buffer-4.1.19.Final.jar:/home/travis/build/icyphy/ptII/lib/netty-codec-4.1.19.Final.jar:/home/travis/build/icyphy/ptII/lib/netty-codec-dns-4.1.19.Final.jar:/home/travis/build/icyphy/ptII/lib/netty-codec-http-4.1.19.Final.jar:/home/travis/build/icyphy/ptII/lib/netty-codec-http2-4.1.19.Final.jar:/home/travis/build/icyphy/ptII/lib/netty-common-4.1.19.Final.jar:/home/travis/build/icyphy/ptII/lib/netty-handler-4.1.19.Final.jar:/home/travis/build/icyphy/ptII/lib/netty-resolver-4.1.19.Final.jar:/home/travis/build/icyphy/ptII/lib/netty-resolver-dns-4.1.19.Final.jar:/home/travis/build/icyphy/ptII/lib/netty-transport-4.1.19.Final.jar:/home/travis/build/icyphy/ptII/lib/vertx-codegen-3.5.1.jar:/home/travis/build/icyphy/ptII/lib/vertx-core-3.5.2-SNAPSHOT.jar:/home/travis/build/icyphy/ptII/lib/vertx-hazelcast-3.5.1.jar:/home/travis/build/icyphy/ptII/lib/vertx-lang-js-3.5.1.jar:/home/travis/build/icyphy/ptII/lib/vertx-service-proxy-3.5.1.jar:/home/travis/build/icyphy/ptII/lib/vertx-web-3.5.1.jar:/home/travis/build/icyphy/ptII/lib/slf4j-api-1.7.13.jar:/home/travis/build/icyphy/ptII/lib/slf4j-simple-1.7.13.jar:/home/travis/build/icyphy/ptII/lib/webcam-capture-0.3.12.jar:/home/travis/build/icyphy/ptII/lib/bridj-0.7.0.jar:/home/travis/build/icyphy/ptII/lib/xbjlib-1.1.0.nrjavaserial.jar" />
    <property name="timeout" value="2400000" />
    <property name="test.batch" value="**/junit/*.java" />
    <property name="env._" value="/usr/bin/timeout" />
    <property name="java.io.tmpdir" value="/tmp" />
    <property name="user.language" value="en" />
    <property name="env.TRAVIS_INTERNAL_RUBY_REGEX" value="^ruby-(2\.[0-4]\.[0-9]|1\.9\.3)" />
    <property name="env.HISTCONTROL" value="ignoredups:ignorespace" />
    <property name="env.GOROOT" value="/home/travis/.gimme/versions/go1.11.1.linux.amd64" />
    <property name="line.separator" value="&#xa;" />
    <property name="target" value="11" />
    <property name="env.TRAVIS_BUILD_DIR" value="/home/travis/build/icyphy/ptII" />
    <property name="env.ANT_OPTS" value="-Xmx2048m" />
    <property name="ant.file.type" value="file" />
    <property name="ptolemy.ptII.batchMode" value="true" />
    <property name="env.HISTSIZE" value="1000" />
    <property name="env.MERB_ENV" value="test" />
    <property name="java.vm.info" value="mixed mode" />
    <property name="source" value="11" />
    <property name="java.vm.specification.name" value="Java Virtual Machine Specification" />
    <property name="env.TRAVIS_TEST_RESULT" value="0" />
    <property name="jsdoc.command" value="node_modules/@terraswarm/jsdoc/jsdoc.js" />
    <property name="npm.works" value="true" />
    <property name="cobertura.dir" value="/home/travis/build/icyphy/ptII/vendors/cobertura-2.0.3" />
    <property name="jsdoc.command.exists" value="true" />
    <property name="env.rvm_path" value="/home/travis/.rvm" />
    <property name="env.GEM_PATH" value="/home/travis/.rvm/gems/ruby-2.5.3:/home/travis/.rvm/gems/ruby-2.5.3@global" />
    <property name="env.LC_CTYPE" value="en_US.UTF-8" />
    <property name="env.TRAVIS_CMD" value="$PTII/bin/ptIITravisBuild.sh $SECONDS" />
    <property name="java.awt.printerjob" value="sun.print.PSPrinterJob" />
    <property name="env.TRAVIS_STACK_NAME" value="sardonyx" />
    <property name="env.TRAVIS_TIMER_START_TIME" value="1568698565419059907" />
    <property name="ant.version" value="Apache Ant(TM) version 1.10.1 compiled on February 2 2017" />
    <property name="ptII.reports" value="/home/travis/build/icyphy/ptII/reports" />
    <property name="env.TRAVIS_STACK_TIMESTAMP" value="2019-03-25 16:16:56 UTC" />
    <property name="ant.file.type.ptII" value="file" />
    <property name="env.RBENV_SHELL" value="bash" />
    <property name="os.name" value="Linux" />
    <property name="java.specification.vendor" value="Oracle Corporation" />
    <property name="env.rvm_version" value="1.29.7 (latest)" />
    <property name="env.TRAVIS_INFRA" value="unknown" />
    <property name="env.TERM" value="xterm" />
    <property name="java.vm.name" value="OpenJDK 64-Bit Server VM" />
    <property name="env.TRAVIS_BUILD_NUMBER" value="1332" />
    <property name="env.CI" value="true" />
    <property name="java.library.path" value="/home/travis/pthla/certi-tools/lib:/usr/lib/jni:/usr/local/share/OpenCV/java/:/usr/share/OpenCV/java::/usr/java/packages/lib:/usr/lib64:/lib64:/lib:/usr/lib" />
    <property name="jdk.module.path" value="/home/travis/build/icyphy/ptII/vendors/javafx/javafx-sdk-11.0.2/lib:" />
    <property name="env.rvm_prefix" value="/home/travis" />
    <property name="env.PATH" value="/home/travis/pthla/certi-tools/share/scripts:/home/travis/.rvm/gems/ruby-2.5.3/bin:/home/travis/.rvm/gems/ruby-2.5.3@global/bin:/home/travis/.rvm/rubies/ruby-2.5.3/bin:/home/travis/.rvm/bin:/home/travis/.nvm/versions/node/v7.10.1/bin:./node_modules/.bin:/home/travis/build/icyphy/ptII/bin:/home/travis/pthla/certi-tools/bin:/home/travis/bin:/home/travis/.local/bin:/usr/local/lib/jvm/openjdk11/bin:/opt/pyenv/shims:/home/travis/.phpenv/shims:/home/travis/perl5/perlbrew/bin:/home/travis/gopath/bin:/home/travis/.gimme/versions/go1.11.1.linux.amd64/bin:/usr/local/maven-3.6.0/bin:/usr/local/cmake-3.12.4/bin:/usr/local/clang-7.0.0/bin:/usr/local/sbin:/usr/local/bin:/usr/sbin:/usr/bin:/sbin:/bin:/snap/bin:/home/travis/.phpenv/bin:/opt/pyenv/bin:/home/travis/.yarn/bin" />
    <property name="env.TRAVIS_OS_NAME" value="linux" />
    <property name="ant.java.version" value="9" />
    <property name="basedir" value="/home/travis/build/icyphy/ptII" />
    <property name="java.class.version" value="55.0" />
    <property name="env.SHLVL" value="3" />
    <property name="env.LD_LIBRARY_PATH" value="/home/travis/pthla/certi-tools/lib:/usr/lib/jni:/usr/local/share/OpenCV/java/:/usr/share/OpenCV/java:" />
    <property name="env.RACK_ENV" value="test" />
    <property name="ant.home" value="/home/travis/build/icyphy/ptII/ant" />
    <property name="env.NVM_DIR" value="/home/travis/.nvm" />
    <property name="env.CERTI_FOM_PATH" value="/home/travis/pthla/certi-tools/share/federations" />
    <property name="env.TRAVIS_BUILD_ID" value="585895069" />
    <property name="env.PYENV_ROOT" value="/opt/pyenv" />
    <property name="env.TRAVIS_UID" value="2000" />
    <property name="prism.verbose" value="true" />
    <property name="env.NVM_BIN" value="/home/travis/.nvm/versions/node/v7.10.1/bin" />
    <property name="env.TRAVIS_COMMIT" value="1691c4a63a7f6e8f7441362a7c71a7ee30ba8bb1" />
    <property name="env._system_arch" value="x86_64" />
    <property name="node.executable" value="node" />
    <property name="sun.boot.library.path" value="/usr/local/lib/jvm/openjdk11/lib" />
    <property name="sun.management.compiler" value="HotSpot 64-Bit Tiered Compilers" />
    <property name="java.awt.graphicsenv" value="sun.awt.X11GraphicsEnvironment" />
    <property name="env.GOPATH" value="/home/travis/gopath" />
    <property name="ptolemy.ptII.dir" value="/home/travis/build/icyphy/ptII" />
    <property name="env.USER" value="travis" />
    <property name="env.HISTFILESIZE" value="2000" />
    <property name="timeout.longest" value="19000000" />
    <property name="env.PERLBREW_SHELLRC_VERSION" value="0.86" />
    <property name="env.TRAVIS_STACK_FEATURES" value="basic couchdb disabled-ipv6 docker docker-compose elasticsearch firefox go-toolchain google-chrome jdk memcached mongodb mysql nodejs_interpreter perl_interpreter perlbrew phantomjs postgresql python_interpreter redis ruby_interpreter sqlite xserver" />
    <property name="env.TRAVIS_PULL_REQUEST" value="false" />
    <property name="env.PYENV_SHELL" value="bash" />
    <property name="ant.project.name" value="ptII" />
    <property name="env.ANSI_RESET" value="\033[0m" />
    <property name="java.vm.specification.version" value="11" />
    <property name="env.TRAVIS_DIST" value="xenial" />
    <property name="env.CERTI_VERSION" value="4.0.0" />
    <property name="env.CERTI_HOST" value="localhost" />
    <property name="awt.toolkit" value="sun.awt.X11.XToolkit" />
    <property name="env.MY_RUBY_HOME" value="/home/travis/.rvm/rubies/ruby-2.5.3" />
    <property name="sun.cpu.isalist" value="" />
    <property name="env.TRAVIS_TMPDIR" value="/tmp/tmp.pEkeQ9ayh6" />
    <property name="java.vm.compressedOopsMode" value="Zero based" />
    <property name="os.version" value="4.15.0-1028-gcp" />
    <property name="user.home" value="/home/travis" />
    <property name="java.vm.vendor" value="Oracle Corporation" />
    <property name="env.TRAVIS_TAG" value="nightly" />
    <property name="env.ANSI_YELLOW" value="\033[33;1m" />
    <property name="env.TRAVIS_FILTERED" value="redirect_io" />
    <property name="env.ANSI_GREEN" value="\033[32;1m" />
    <property name="env.JAVA_HOME" value="/usr/local/lib/jvm/openjdk11" />
    <property name="javadoc.excludepackagenames" value="adm.cvs2svn.*,build.*,config.*,doc.coding.templates.*,jni.test.jni.meaningOfLife.*,jni.test.jni.testDeux.*,jni.test.jni.testTrois.*,org.terraswarm.accessor.accessors.web.node_modules.*,org.terraswarm.accessor.accessors.web.hosts.cordova.demo.*,org.terraswarm.accessor.accessors.web.hosts.cordova.plugins.*,org.terraswarm.accessor.accessors-svn.*,pt-modules.*,ptolemy.apps.agilent.*,ptolemy.apps.anytimecontrol.*,ptolemy.apps.apes.*,ptolemy.apps.charon.*,ptolemy.apps.crazyboard.*,ptolemy.apps.eclipse.*,ptolemy.apps.etherealSting.*,ptolemy.apps.fullscreen.*,ptolemy.apps.giotto.*,ptolemy.apps.ia.*,ptolemy.apps.interfaces.*,ptolemy.apps.jmf.*,ptolemy.apps.kurt.*,ptolemy.apps.kvm.*,ptolemy.apps.lego.*,ptolemy.apps.lejos.*,ptolemy.apps.midp.*,ptolemy.apps.mobileCoding.*,ptolemy.apps.pendulum.*,ptolemy.apps.rijndael.*,ptolemy.apps.robot.*,ptolemy.apps.security.*,ptolemy.apps.sobel.*,ptolemy.apps.soot.*,ptolemy.apps.throttle.*,ptolemy.apps.tini.*,ptolemy.apps.transmission.*,ptolemy.apps.vergil.*,ptolemy.apps.waba.*,ptolemy.apps.websensor.*,ptolemy.apps.webstart.*,ptolemy.apps.xsl.*,ptolemy.apps.zaurus.*,ptolemy.codegen.c.actor.lib.oldJavaFiles.*,ptolemy.codegen.dsp.lib.*,ptolemy.codegen.kernel.newInterfaces.*,ptolemy.codegen.lib.*,ptolemy.copernicus.kernel.fragment.*,ptolemy.copernicus.shallow.cg.*,ptolemy.domains.giotto.demo.Hierarchy.Hierarchy.*,ptolemy.domains.giotto.demo.Multimode.Multimode.*,ptolemy.domains.giotto.demo.Simple.Simple.*,ptolemy.domains.gr.lib.experimental.*,ptolemy.domains.gro.*,ptolemy.domains.pdf.*,ptolemy.domains.ptinyos.demo.Surge.output.*,ptolemy.moml.test.NoPackageActor.java*,ptolemy.plot.adm.*,ptolemy.plot.servlet.*,reports.*,signed.*,src.*,target.*,vendors.*,ptolemy.copernicus.applet.*,ptolemy.media.viewer.*,ptolemy.actor.corba.*,doc.doclets.*,ptolemy.apps.eclipse.awt.*,ptolemy.backtrack.*,ptolemy.backtrack.ast.*,ptolemy.cg.adapter.generic.program.procedural.c.mbed*,ptolemy.homer.*,ptolemy.actor.lib.jai.*,org.ptolemy.scala.*,diva.util.java2d.svg.*,ptolemy.domains.ptinyos.*,ptolemy.actor.lib.fmi.fmipp.*,,org.terraswarm.accessor.accessors.web.node_modules.*,org.terraswarm.accessor.accessors-svn,ptolemy.apps.*,ptolemy.actor.ptalon.demo.ptinyos.SendAndReceiveCnt.output,ptolemy.actor.ptalon.demo.ptinyos.SenseToLeds.output,ptolemy.domains.ptinyos.demo.CntToLedsAndRfm.output,ptolemy.domains.ptinyos.demo.RfmToLeds.output,ptolemy.domains.ptinyos.demo.SendAndReceiveCnt.output,ptolemy.domains.ptinyos.demo.SenseToLeds.output,ptolemy.actor.lib.jjs.modules.udpSocket.*" />
    <property name="env.PTII" value="/home/travis/build/icyphy/ptII" />
    <property name="env.XDG_SESSION_ID" value="2" />
    <property name="keystore" value="ptKeystore" />
    <property name="env.TRAVIS_COMMIT_MESSAGE" value="Use --release 8 instead of -target 8 -release 8 because --release 8 includes -target 8." />
    <property name="junit.output.dir" value="/home/travis/build/icyphy/ptII/reports/junit" />
    <property name="npm.return.code" value="0" />
    <property name="user.dir" value="/home/travis/build/icyphy/ptII/ptolemy/actor/lib/test" />
    <property name="env.TRAVIS_NODE_VERSION" value="7" />
    <property name="env.TRAVIS_EVENT_TYPE" value="cron" />
    <property name="env.MAIL" value="/var/mail/travis" />
    <property name="env.PERLBREW_ROOT" value="/home/travis/perl5/perlbrew" />
    <property name="env.PWD" value="/home/travis/build/icyphy/ptII" />
    <property name="timeout.npm" value="45000" />
    <property name="env.TRAVIS_ARCH" value="amd64" />
    <property name="sun.cpu.endian" value="little" />
    <property name="env.PAGER" value="cat" />
    <property name="env.TRAVIS_BUILD_STAGE_NAME" value="Test" />
    <property name="env.PERLBREW_HOME" value="/home/travis/.perlbrew" />
    <property name="java.vm.version" value="11.0.2+9" />
    <property name="env.RAILS_ENV" value="test" />
    <property name="java.class.path" value="/home/travis/.ptolemyII:/home/travis/.ptolemyII/*:/home/travis/build/icyphy/ptII:/home/travis/build/icyphy/ptII/lib/bsh-2.0b4.jar:/home/travis/build/icyphy/ptII/lib/ptCal.jar:/home/travis/build/icyphy/ptII/lib/java_cup.jar:/home/travis/build/icyphy/ptII/lib/saxon8.jar:/home/travis/build/icyphy/ptII/lib/saxon8-dom.jar:/home/travis/build/icyphy/ptII/lib/chic.jar:/home/travis/build/icyphy/ptII/lib/ptcolt.jar:/home/travis/build/icyphy/ptII/vendors/misc/itext/iText.jar:/home/travis/build/icyphy/ptII/lib/g4ltl.jar:/home/travis/build/icyphy/ptII/lib/StructuralCoder.jar:/home/travis/build/icyphy/ptII/lib/jcerti.jar:/home/travis/build/icyphy/ptII/lib/javax.mail.jar:/home/travis/build/icyphy/ptII/vendors/JMF-2.1.1e/lib/jmf.jar:/home/travis/build/icyphy/ptII/lib/jna-4.0.0-variadic.jar:/home/travis/build/icyphy/ptII/vendors/misc/joystick/Joystick.jar:/home/travis/build/icyphy/ptII/lib/ptjacl.jar:/home/travis/build/icyphy/ptII/lib/jsoup-1.8.2.jar:/home/travis/build/icyphy/ptII/lib/junit-4.8.2.jar:/home/travis/build/icyphy/ptII/lib/JUnitParams-0.4.0.jar:/home/travis/build/icyphy/ptII/ptolemy/actor/lib/excel/jxl.jar:/home/travis/build/icyphy/ptII/lib/jython.jar:/home/travis/build/icyphy/ptII/lib/kieler.jar:/home/travis/build/icyphy/ptII/vendors/opencv/share/OpenCV/java/opencv-341.jar:/home/travis/build/icyphy/ptII/lib/oscP5.jar:/home/travis/build/icyphy/ptII/lib/nrjavaserial-3.11.0.devel.jar:/home/travis/build/icyphy/ptII/vendors/j3d/lib/Linux/j3dcore.jar:/home/travis/build/icyphy/ptII/vendors/j3d/lib/Linux/j3dutils.jar:/home/travis/build/icyphy/ptII/vendors/j3d/lib/Linux/vecmath.jar:/home/travis/build/icyphy/ptII/vendors/jogl/lib/Linux/gluegen-rt-natives-linux-amd64.jar:/home/travis/build/icyphy/ptII/vendors/jogl/lib/Linux/gluegen-rt.jar:/home/travis/build/icyphy/ptII/vendors/jogl/lib/Linux/jogl-all-natives-linux-amd64.jar:/home/travis/build/icyphy/ptII/vendors/jogl/lib/Linux/jogl-all.jar:/home/travis/build/icyphy/ptII/ptolemy/distributed/jini/jar/jini-core.jar:/home/travis/build/icyphy/ptII/ptolemy/distributed/jini/jar/jini-ext.jar:/home/travis/build/icyphy/ptII/ptolemy/distributed/jini/jar/sun-util.jar:/home/travis/build/icyphy/ptII/lib/protobuf-java-2.4.1.jar:/home/travis/build/icyphy/ptII/lib/org.eclipse.paho.client.mqttv3.jar:/home/travis/build/icyphy/ptII/lib/mapss.jar:/home/travis/build/icyphy/ptII/ptolemy/actor/ptalon/antlr/antlr.jar:/home/travis/build/icyphy/ptII/lib/JRI.jar:/home/travis/build/icyphy/ptII/lib/commons-lang-2.6.jar:/home/travis/build/icyphy/ptII/lib/commons-logging-1.1.1.jar:/home/travis/build/icyphy/ptII/lib/sootclasses.jar:/home/travis/build/icyphy/ptII/ptolemy/actor/lib/database/mysql-connector-java-5.1.6-bin.jar:/home/travis/build/icyphy/ptII/vendors/misc/sphinx4/sphinx4-data-5prealpha.jar:/home/travis/build/icyphy/ptII/vendors/misc/sphinx4/sphinx4-core-5prealpha.jar:/home/travis/build/icyphy/ptII/lib/PDFRenderer.jar:/home/travis/build/icyphy/ptII/lib/svgSalamander.jar:/home/travis/build/icyphy/ptII/lib/rsyntaxtextarea-2.6.0-SNAPSHOT.jar:/home/travis/build/icyphy/ptII/lib/hazelcast-3.8.2.jar:/home/travis/build/icyphy/ptII/lib/jackson-annotations-2.9.0.jar:/home/travis/build/icyphy/ptII/lib/jackson-core-2.9.3.jar:/home/travis/build/icyphy/ptII/lib/jackson-databind-2.9.3.jar:/home/travis/build/icyphy/ptII/lib/netty-buffer-4.1.19.Final.jar:/home/travis/build/icyphy/ptII/lib/netty-codec-4.1.19.Final.jar:/home/travis/build/icyphy/ptII/lib/netty-codec-dns-4.1.19.Final.jar:/home/travis/build/icyphy/ptII/lib/netty-codec-http-4.1.19.Final.jar:/home/travis/build/icyphy/ptII/lib/netty-codec-http2-4.1.19.Final.jar:/home/travis/build/icyphy/ptII/lib/netty-common-4.1.19.Final.jar:/home/travis/build/icyphy/ptII/lib/netty-handler-4.1.19.Final.jar:/home/travis/build/icyphy/ptII/lib/netty-resolver-4.1.19.Final.jar:/home/travis/build/icyphy/ptII/lib/netty-resolver-dns-4.1.19.Final.jar:/home/travis/build/icyphy/ptII/lib/netty-transport-4.1.19.Final.jar:/home/travis/build/icyphy/ptII/lib/vertx-codegen-3.5.1.jar:/home/travis/build/icyphy/ptII/lib/vertx-core-3.5.2-SNAPSHOT.jar:/home/travis/build/icyphy/ptII/lib/vertx-hazelcast-3.5.1.jar:/home/travis/build/icyphy/ptII/lib/vertx-lang-js-3.5.1.jar:/home/travis/build/icyphy/ptII/lib/vertx-service-proxy-3.5.1.jar:/home/travis/build/icyphy/ptII/lib/vertx-web-3.5.1.jar:/home/travis/build/icyphy/ptII/lib/slf4j-api-1.7.13.jar:/home/travis/build/icyphy/ptII/lib/slf4j-simple-1.7.13.jar:/home/travis/build/icyphy/ptII/lib/webcam-capture-0.3.12.jar:/home/travis/build/icyphy/ptII/lib/bridj-0.7.0.jar:/home/travis/build/icyphy/ptII/lib/xbjlib-1.1.0.nrjavaserial.jar:/home/travis/build/icyphy/ptII/ptolemy/moml/test:/home/travis/build/icyphy/ptII/ant/lib/ant-launcher.jar:/home/travis/build/icyphy/ptII/ant/lib/ant.jar:/home/travis/build/icyphy/ptII/ant/lib/ant-junit.jar:/home/travis/build/icyphy/ptII/ant/lib/ant-junit4.jar" />
    <property name="ant.library.dir" value="/home/travis/build/icyphy/ptII/ant/lib" />
    <property name="os.arch" value="amd64" />
    <property name="env.CONTINUOUS_INTEGRATION" value="true" />
    <property name="env.TRAVIS_LANGUAGE" value="node_js" />
    <property name="env.TRAVIS_STACK_LANGUAGES" value="__sardonyx__ c c++ clojure cplusplus cpp default generic go groovy java node_js php pure_java python ruby scala" />
    <property name="test.name" value="ptolemy.actor.lib.test.junit.JUnitTclTest" />
    <property name="env.APT_KEY_DONT_WARN_ON_DANGEROUS_USAGE" value="1" />
    <property name="sun.java.launcher" value="SUN_STANDARD" />
    <property name="env.PYTHON_CONFIGURE_OPTS" value="--enable-unicode=ucs4 --with-wide-unicode --enable-shared --enable-ipv6 --enable-loadable-sqlite-extensions --with-computed-gotos" />
    <property name="ant.core.lib" value="/home/travis/build/icyphy/ptII/ant/lib/ant.jar" />
    <property name="java.vm.specification.vendor" value="Oracle Corporation" />
    <property name="env.BCVTB_HOME" value="/home/travis/build/icyphy/ptII/lbnl" />
    <property name="file.separator" value="/" />
    <property name="spotbugs.home" value="/home/travis/build/icyphy/ptII/vendors/spotbugs-3.1.1" />
    <property name="java.runtime.version" value="11.0.2+9" />
    <property name="env.ANSI_CLEAR" value="\033[0K" />
    <property name="javafx.verbose" value="true" />
    <property name="env.HAS_JOSH_K_SEAL_OF_APPROVAL" value="true" />
    <property name="env.XDG_RUNTIME_DIR" value="/run/user/2000" />
    <property name="env.TRAVIS_OSX_IMAGE" value="" />
    <property name="env.TRAVIS_JOB_ID" value="585895077" />
    <property name="env.TRAVIS_BRANCH" value="master" />
    <property name="user.country" value="US" />
    <property name="env.CERTI_HOME_TRAVIS" value="/home/travis/pthla/certi-tools" />
    <property name="env.SHELL" value="/bin/bash" />
    <property name="java.maxmemory.large" value="3200m" />
    <property name="model" value="" />
    <property name="env.CASHER_DIR" value="/home/travis/.casher" />
    <property name="env.NVM_CD_FLAGS" value="" />
    <property name="java.vendor.version" value="18.9" />
    <property name="jshint.executable" value="/home/travis/node_modules/jshint/bin/jshint" />
    <property name="env.JRUBY_OPTS" value=" --client -J-XX:+TieredCompilation -J-XX:TieredStopAtLevel=1 -J-Xss2m -Xcompile.invokedynamic=false" />
    <property name="java.vendor" value="Oracle Corporation" />
    <property name="env.TRAVIS_PRE_CHEF_BOOTSTRAP_TIME" value="2019-03-25T16:16:42" />
    <property name="env.TRAVIS_STACK_JOB_BOARD_REGISTER" value="/.job-board-register.yml" />
    <property name="env.ANSI_RED" value="\033[31;1m" />
    <property name="java.specification.version" value="11" />
    <property name="env.IRBRC" value="/home/travis/.rvm/rubies/ruby-2.5.3/.irbrc" />
    <property name="env.TRAVIS" value="true" />
    <property name="sun.arch.data.model" value="64" />
  </properties>
  <testcase classname="ptolemy.util.test.junit.TclTests" name="[0] /home/travis/build/icyphy/ptII/ptolemy/actor/lib/test/AbsoluteValue.tcl (RunTclFile)" time="0.617" />
  <testcase classname="ptolemy.util.test.junit.TclTests" name="[1] /home/travis/build/icyphy/ptII/ptolemy/actor/lib/test/AddSubtract.tcl (RunTclFile)" time="0.235" />
  <testcase classname="ptolemy.util.test.junit.TclTests" name="[2] /home/travis/build/icyphy/ptII/ptolemy/actor/lib/test/Average.tcl (RunTclFile)" time="0.077" />
  <testcase classname="ptolemy.util.test.junit.TclTests" name="[3] /home/travis/build/icyphy/ptII/ptolemy/actor/lib/test/Bernoulli.tcl (RunTclFile)" time="0.024" />
  <testcase classname="ptolemy.util.test.junit.TclTests" name="[4] /home/travis/build/icyphy/ptII/ptolemy/actor/lib/test/Clock.tcl (RunTclFile)" time="0.103" />
  <testcase classname="ptolemy.util.test.junit.TclTests" name="[5] /home/travis/build/icyphy/ptII/ptolemy/actor/lib/test/Commutator.tcl (RunTclFile)" time="0.206" />
  <testcase classname="ptolemy.util.test.junit.TclTests" name="[6] /home/travis/build/icyphy/ptII/ptolemy/actor/lib/test/Const.tcl (RunTclFile)" time="0.203" />
  <testcase classname="ptolemy.util.test.junit.TclTests" name="[7] /home/travis/build/icyphy/ptII/ptolemy/actor/lib/test/CurrentTime.tcl (RunTclFile)" time="0.053" />
  <testcase classname="ptolemy.util.test.junit.TclTests" name="[8] /home/travis/build/icyphy/ptII/ptolemy/actor/lib/test/DB.tcl (RunTclFile)" time="0.073" />
  <testcase classname="ptolemy.util.test.junit.TclTests" name="[9] /home/travis/build/icyphy/ptII/ptolemy/actor/lib/test/DiscreteRandomSource.tcl (RunTclFile)" time="0.067" />
  <testcase classname="ptolemy.util.test.junit.TclTests" name="[10] /home/travis/build/icyphy/ptII/ptolemy/actor/lib/test/Distributor.tcl (RunTclFile)" time="0.047" />
  <testcase classname="ptolemy.util.test.junit.TclTests" name="[11] /home/travis/build/icyphy/ptII/ptolemy/actor/lib/test/Exit.tcl (RunTclFile)" time="0.145" />
  <testcase classname="ptolemy.util.test.junit.TclTests" name="[12] /home/travis/build/icyphy/ptII/ptolemy/actor/lib/test/Expression.tcl (RunTclFile)" time="0.103" />
  <testcase classname="ptolemy.util.test.junit.TclTests" name="[13] /home/travis/build/icyphy/ptII/ptolemy/actor/lib/test/Gaussian.tcl (RunTclFile)" time="0.884" />
  <testcase classname="ptolemy.util.test.junit.TclTests" name="[14] /home/travis/build/icyphy/ptII/ptolemy/actor/lib/test/IIR.tcl (RunTclFile)" time="0.053" />
  <testcase classname="ptolemy.util.test.junit.TclTests" name="[15] /home/travis/build/icyphy/ptII/ptolemy/actor/lib/test/Interpolator.tcl (RunTclFile)" time="0.142" />
  <testcase classname="ptolemy.util.test.junit.TclTests" name="[16] /home/travis/build/icyphy/ptII/ptolemy/actor/lib/test/MathFunction.tcl (RunTclFile)" time="0.104" />
  <testcase classname="ptolemy.util.test.junit.TclTests" name="[17] /home/travis/build/icyphy/ptII/ptolemy/actor/lib/test/Maximum.tcl (RunTclFile)" time="0.057" />
  <testcase classname="ptolemy.util.test.junit.TclTests" name="[18] /home/travis/build/icyphy/ptII/ptolemy/actor/lib/test/Minimum.tcl (RunTclFile)" time="0.038" />
  <testcase classname="ptolemy.util.test.junit.TclTests" name="[19] /home/travis/build/icyphy/ptII/ptolemy/actor/lib/test/MultiplyDivide.tcl (RunTclFile)" time="0.053" />
  <testcase classname="ptolemy.util.test.junit.TclTests" name="[20] /home/travis/build/icyphy/ptII/ptolemy/actor/lib/test/OrderedMerge.tcl (RunTclFile)" time="0.146" />
  <testcase classname="ptolemy.util.test.junit.TclTests" name="[21] /home/travis/build/icyphy/ptII/ptolemy/actor/lib/test/Publisher.tcl (RunTclFile)" time="1.023" />
  <testcase classname="ptolemy.util.test.junit.TclTests" name="[22] /home/travis/build/icyphy/ptII/ptolemy/actor/lib/test/Pulse.tcl (RunTclFile)" time="0.087" />
  <testcase classname="ptolemy.util.test.junit.TclTests" name="[23] /home/travis/build/icyphy/ptII/ptolemy/actor/lib/test/Ramp.tcl (RunTclFile)" time="2.538" />
  <testcase classname="ptolemy.util.test.junit.TclTests" name="[24] /home/travis/build/icyphy/ptII/ptolemy/actor/lib/test/RampContinuous.tcl (RunTclFile)" time="0.025" />
  <testcase classname="ptolemy.util.test.junit.TclTests" name="[25] /home/travis/build/icyphy/ptII/ptolemy/actor/lib/test/RecordAssembler.tcl (RunTclFile)" time="0.023" />
  <testcase classname="ptolemy.util.test.junit.TclTests" name="[26] /home/travis/build/icyphy/ptII/ptolemy/actor/lib/test/RecordDisassembler.tcl (RunTclFile)" time="0.044" />
  <testcase classname="ptolemy.util.test.junit.TclTests" name="[27] /home/travis/build/icyphy/ptII/ptolemy/actor/lib/test/Scale.tcl (RunTclFile)" time="0.041" />
  <testcase classname="ptolemy.util.test.junit.TclTests" name="[28] /home/travis/build/icyphy/ptII/ptolemy/actor/lib/test/SequentialClock.tcl (RunTclFile)" time="0.018" />
  <testcase classname="ptolemy.util.test.junit.TclTests" name="[29] /home/travis/build/icyphy/ptII/ptolemy/actor/lib/test/SetVariable.tcl (RunTclFile)" time="0.045">
    <failure message="Number of failed tests is has increased. expected:&lt;0&gt; but was:&lt;1&gt;" type="junit.framework.AssertionFailedError">junit.framework.AssertionFailedError: Number of failed tests is has increased. expected:&lt;0&gt; but was:&lt;1&gt;
	at ptolemy.util.test.junit.TclTests.RunTclFile(TclTests.java:286)
	at jdk.internal.reflect.GeneratedMethodAccessor19.invoke(Unknown Source)
	at java.base/jdk.internal.reflect.DelegatingMethodAccessorImpl.invoke(DelegatingMethodAccessorImpl.java:43)
	at junitparams.internal.InvokeParameterisedMethod.evaluate(InvokeParameterisedMethod.java:102)
	at junitparams.internal.ParameterisedTestMethodRunner.runMethodInvoker(ParameterisedTestMethodRunner.java:47)
	at junitparams.internal.ParameterisedTestMethodRunner.runTestMethod(ParameterisedTestMethodRunner.java:41)
	at junitparams.internal.ParameterisedTestClassRunner.runParameterisedTest(ParameterisedTestClassRunner.java:143)
	at junitparams.JUnitParamsRunner.runChild(JUnitParamsRunner.java:237)
	at junitparams.JUnitParamsRunner.runChild(JUnitParamsRunner.java:215)
</failure>
  </testcase>
  <testcase classname="ptolemy.util.test.junit.TclTests" name="[30] /home/travis/build/icyphy/ptII/ptolemy/actor/lib/test/Sinewave.tcl (RunTclFile)" time="0.055" />
  <testcase classname="ptolemy.util.test.junit.TclTests" name="[31] /home/travis/build/icyphy/ptII/ptolemy/actor/lib/test/SubscriptionAggregator.tcl (RunTclFile)" time="2.454" />
  <testcase classname="ptolemy.util.test.junit.TclTests" name="[32] /home/travis/build/icyphy/ptII/ptolemy/actor/lib/test/Test.tcl (RunTclFile)" time="0.115" />
  <testcase classname="ptolemy.util.test.junit.TclTests" name="[33] /home/travis/build/icyphy/ptII/ptolemy/actor/lib/test/TestExceptionHandler.tcl (RunTclFile)" time="0.013" />
  <testcase classname="ptolemy.util.test.junit.TclTests" name="[34] /home/travis/build/icyphy/ptII/ptolemy/actor/lib/test/UnionDisassembler.tcl (RunTclFile)" time="0.053" />
  <testcase classname="ptolemy.util.test.junit.TclTests" name="[35] /home/travis/build/icyphy/ptII/ptolemy/actor/lib/test/VariableClock.tcl (RunTclFile)" time="0.084" />
  <testcase classname="ptolemy.util.test.junit.AutoKnownFailedTests" name="[0] /home/travis/build/icyphy/ptII/ptolemy/actor/lib/test/auto/knownFailedTests/PublisherPortToplevelSubscriber.xml (RunModel)" time="0.037" />
  <testcase classname="ptolemy.util.test.junit.AutoKnownFailedTests" name="[1] /home/travis/build/icyphy/ptII/ptolemy/actor/lib/test/auto/knownFailedTests/PublisherSubscriberPortToplevel.xml (RunModel)" time="0.021" />
  <testcase classname="ptolemy.util.test.junit.AutoKnownFailedTests" name="[2] /home/travis/build/icyphy/ptII/ptolemy/actor/lib/test/auto/knownFailedTests/PublisherSubscriptionAggregatorPort.xml (RunModel)" time="0.025" />
  <testcase classname="ptolemy.util.test.junit.AutoKnownFailedTests" name="[3] /home/travis/build/icyphy/ptII/ptolemy/actor/lib/test/auto/knownFailedTests/sizedarray3.xml (RunModel)" time="0.04" />
  <testcase classname="ptolemy.util.test.junit.AutoNameArchTests" name="[0] ThereAreNoAutoArchTests (RunModel)" time="0.015" />
  <testcase classname="ptolemy.util.test.junit.AutoTests" name="[0] /home/travis/build/icyphy/ptII/ptolemy/actor/lib/test/auto/AbsoluteValue.xml (RunModel)" time="0.14" />
  <testcase classname="ptolemy.util.test.junit.AutoTests" name="[1] /home/travis/build/icyphy/ptII/ptolemy/actor/lib/test/auto/AbsoluteValue2.xml (RunModel)" time="0.073" />
  <testcase classname="ptolemy.util.test.junit.AutoTests" name="[2] /home/travis/build/icyphy/ptII/ptolemy/actor/lib/test/auto/Accumulator.xml (RunModel)" time="0.088" />
  <testcase classname="ptolemy.util.test.junit.AutoTests" name="[3] /home/travis/build/icyphy/ptII/ptolemy/actor/lib/test/auto/Accumulator2.xml (RunModel)" time="0.067" />
  <testcase classname="ptolemy.util.test.junit.AutoTests" name="[4] /home/travis/build/icyphy/ptII/ptolemy/actor/lib/test/auto/Accumulator3.xml (RunModel)" time="0.051" />
  <testcase classname="ptolemy.util.test.junit.AutoTests" name="[5] /home/travis/build/icyphy/ptII/ptolemy/actor/lib/test/auto/ArrayAppend.xml (RunModel)" time="0.04" />
  <testcase classname="ptolemy.util.test.junit.AutoTests" name="[6] /home/travis/build/icyphy/ptII/ptolemy/actor/lib/test/auto/ArrayAppend2.xml (RunModel)" time="0.529" />
  <testcase classname="ptolemy.util.test.junit.AutoTests" name="[7] /home/travis/build/icyphy/ptII/ptolemy/actor/lib/test/auto/ArrayAppend3.xml (RunModel)" time="0.05" />
  <testcase classname="ptolemy.util.test.junit.AutoTests" name="[8] /home/travis/build/icyphy/ptII/ptolemy/actor/lib/test/auto/ArrayAppend4.xml (RunModel)" time="0.039" />
  <testcase classname="ptolemy.util.test.junit.AutoTests" name="[9] /home/travis/build/icyphy/ptII/ptolemy/actor/lib/test/auto/ArrayAppend5.xml (RunModel)" time="0.024" />
  <testcase classname="ptolemy.util.test.junit.AutoTests" name="[10] /home/travis/build/icyphy/ptII/ptolemy/actor/lib/test/auto/ArrayAppend6.xml (RunModel)" time="0.033" />
  <testcase classname="ptolemy.util.test.junit.AutoTests" name="[11] /home/travis/build/icyphy/ptII/ptolemy/actor/lib/test/auto/ArrayAppendPerformanceTest.xml (RunModel)" time="0.079" />
  <testcase classname="ptolemy.util.test.junit.AutoTests" name="[12] /home/travis/build/icyphy/ptII/ptolemy/actor/lib/test/auto/ArrayAppendWithEmptyInput.xml (RunModel)" time="0.045" />
  <testcase classname="ptolemy.util.test.junit.AutoTests" name="[13] /home/travis/build/icyphy/ptII/ptolemy/actor/lib/test/auto/ArrayAverage.xml (RunModel)" time="0.075" />
  <testcase classname="ptolemy.util.test.junit.AutoTests" name="[14] /home/travis/build/icyphy/ptII/ptolemy/actor/lib/test/auto/ArrayContains.xml (RunModel)" time="0.053" />
  <testcase classname="ptolemy.util.test.junit.AutoTests" name="[15] /home/travis/build/icyphy/ptII/ptolemy/actor/lib/test/auto/ArrayElement.xml (RunModel)" time="0.04" />
  <testcase classname="ptolemy.util.test.junit.AutoTests" name="[16] /home/travis/build/icyphy/ptII/ptolemy/actor/lib/test/auto/ArrayElementAsMatrix.xml (RunModel)" time="0.076" />
  <testcase classname="ptolemy.util.test.junit.AutoTests" name="[17] /home/travis/build/icyphy/ptII/ptolemy/actor/lib/test/auto/ArrayElementI.xml (RunModel)" time="0.032" />
  <testcase classname="ptolemy.util.test.junit.AutoTests" name="[18] /home/travis/build/icyphy/ptII/ptolemy/actor/lib/test/auto/ArrayExtract.xml (RunModel)" time="0.036" />
  <testcase classname="ptolemy.util.test.junit.AutoTests" name="[19] /home/travis/build/icyphy/ptII/ptolemy/actor/lib/test/auto/ArrayExtract2.xml (RunModel)" time="0.021" />
  <testcase classname="ptolemy.util.test.junit.AutoTests" name="[20] /home/travis/build/icyphy/ptII/ptolemy/actor/lib/test/auto/ArrayLength.xml (RunModel)" time="0.029" />
  <testcase classname="ptolemy.util.test.junit.AutoTests" name="[21] /home/travis/build/icyphy/ptII/ptolemy/actor/lib/test/auto/ArrayLevelCrossing.xml (RunModel)" time="0.036" />
  <testcase classname="ptolemy.util.test.junit.AutoTests" name="[22] /home/travis/build/icyphy/ptII/ptolemy/actor/lib/test/auto/ArrayLevelCrossing2.xml (RunModel)" time="0.036" />
  <testcase classname="ptolemy.util.test.junit.AutoTests" name="[23] /home/travis/build/icyphy/ptII/ptolemy/actor/lib/test/auto/ArrayPeakSearch.xml (RunModel)" time="0.056" />
  <testcase classname="ptolemy.util.test.junit.AutoTests" name="[24] /home/travis/build/icyphy/ptII/ptolemy/actor/lib/test/auto/ArrayPeakSearch2.xml (RunModel)" time="0.049" />
  <testcase classname="ptolemy.util.test.junit.AutoTests" name="[25] /home/travis/build/icyphy/ptII/ptolemy/actor/lib/test/auto/ArrayPeakSearch3.xml (RunModel)" time="0.047" />
  <testcase classname="ptolemy.util.test.junit.AutoTests" name="[26] /home/travis/build/icyphy/ptII/ptolemy/actor/lib/test/auto/ArrayRemoveElement.xml (RunModel)" time="0.037" />
  <testcase classname="ptolemy.util.test.junit.AutoTests" name="[27] /home/travis/build/icyphy/ptII/ptolemy/actor/lib/test/auto/ArraySort.xml (RunModel)" time="0.047" />
  <testcase classname="ptolemy.util.test.junit.AutoTests" name="[28] /home/travis/build/icyphy/ptII/ptolemy/actor/lib/test/auto/ArraySum.xml (RunModel)" time="0.028" />
  <testcase classname="ptolemy.util.test.junit.AutoTests" name="[29] /home/travis/build/icyphy/ptII/ptolemy/actor/lib/test/auto/ArrayToElements.xml (RunModel)" time="0.045" />
  <testcase classname="ptolemy.util.test.junit.AutoTests" name="[30] /home/travis/build/icyphy/ptII/ptolemy/actor/lib/test/auto/ArrayToMatrix.xml (RunModel)" time="0.068" />
  <testcase classname="ptolemy.util.test.junit.AutoTests" name="[31] /home/travis/build/icyphy/ptII/ptolemy/actor/lib/test/auto/ArrayUpdate1.xml (RunModel)" time="0.018" />
  <testcase classname="ptolemy.util.test.junit.AutoTests" name="[32] /home/travis/build/icyphy/ptII/ptolemy/actor/lib/test/auto/ArrayUpdate2.xml (RunModel)" time="0.035" />
  <testcase classname="ptolemy.util.test.junit.AutoTests" name="[33] /home/travis/build/icyphy/ptII/ptolemy/actor/lib/test/auto/ArrayUpdate3.xml (RunModel)" time="0.02" />
  <testcase classname="ptolemy.util.test.junit.AutoTests" name="[34] /home/travis/build/icyphy/ptII/ptolemy/actor/lib/test/auto/Assert1.xml (RunModel)" time="0.029" />
  <testcase classname="ptolemy.util.test.junit.AutoTests" name="[35] /home/travis/build/icyphy/ptII/ptolemy/actor/lib/test/auto/Assert2.xml (RunModel)" time="0.017" />
  <testcase classname="ptolemy.util.test.junit.AutoTests" name="[36] /home/travis/build/icyphy/ptII/ptolemy/actor/lib/test/auto/BooleanMultiplexor.xml (RunModel)" time="0.022" />
  <testcase classname="ptolemy.util.test.junit.AutoTests" name="[37] /home/travis/build/icyphy/ptII/ptolemy/actor/lib/test/auto/BooleanMultiplexor2.xml (RunModel)" time="0.04" />
  <testcase classname="ptolemy.util.test.junit.AutoTests" name="[38] /home/travis/build/icyphy/ptII/ptolemy/actor/lib/test/auto/BooleanMultiplexor3.xml (RunModel)" time="0.026" />
  <testcase classname="ptolemy.util.test.junit.AutoTests" name="[39] /home/travis/build/icyphy/ptII/ptolemy/actor/lib/test/auto/BooleanSelect.xml (RunModel)" time="0.032" />
  <testcase classname="ptolemy.util.test.junit.AutoTests" name="[40] /home/travis/build/icyphy/ptII/ptolemy/actor/lib/test/auto/BooleanSelect2.xml (RunModel)" time="0.02" />
  <testcase classname="ptolemy.util.test.junit.AutoTests" name="[41] /home/travis/build/icyphy/ptII/ptolemy/actor/lib/test/auto/BooleanSwitch.xml (RunModel)" time="0.037" />
  <testcase classname="ptolemy.util.test.junit.AutoTests" name="[42] /home/travis/build/icyphy/ptII/ptolemy/actor/lib/test/auto/BooleanSwitch2.xml (RunModel)" time="0.029" />
  <testcase classname="ptolemy.util.test.junit.AutoTests" name="[43] /home/travis/build/icyphy/ptII/ptolemy/actor/lib/test/auto/BooleanSwitchCloningBugWithClassRelationGroup.xml (RunModel)" time="0.042" />
  <testcase classname="ptolemy.util.test.junit.AutoTests" name="[44] /home/travis/build/icyphy/ptII/ptolemy/actor/lib/test/auto/BusActors.xml (RunModel)" time="0.052" />
  <testcase classname="ptolemy.util.test.junit.AutoTests" name="[45] /home/travis/build/icyphy/ptII/ptolemy/actor/lib/test/auto/ClassWrapper.xml (RunModel)" time="0.017" />
  <testcase classname="ptolemy.util.test.junit.AutoTests" name="[46] /home/travis/build/icyphy/ptII/ptolemy/actor/lib/test/auto/Clock.xml (RunModel)" time="0.019" />
  <testcase classname="ptolemy.util.test.junit.AutoTests" name="[47] /home/travis/build/icyphy/ptII/ptolemy/actor/lib/test/auto/Clock10.xml (RunModel)" time="0.031" />
  <testcase classname="ptolemy.util.test.junit.AutoTests" name="[48] /home/travis/build/icyphy/ptII/ptolemy/actor/lib/test/auto/Clock11.xml (RunModel)" time="0.026" />
  <testcase classname="ptolemy.util.test.junit.AutoTests" name="[49] /home/travis/build/icyphy/ptII/ptolemy/actor/lib/test/auto/Clock12.xml (RunModel)" time="0.031" />
  <testcase classname="ptolemy.util.test.junit.AutoTests" name="[50] /home/travis/build/icyphy/ptII/ptolemy/actor/lib/test/auto/Clock13.xml (RunModel)" time="0.024" />
  <testcase classname="ptolemy.util.test.junit.AutoTests" name="[51] /home/travis/build/icyphy/ptII/ptolemy/actor/lib/test/auto/Clock14.xml (RunModel)" time="0.022" />
  <testcase classname="ptolemy.util.test.junit.AutoTests" name="[52] /home/travis/build/icyphy/ptII/ptolemy/actor/lib/test/auto/Clock15.xml (RunModel)" time="0.023" />
  <testcase classname="ptolemy.util.test.junit.AutoTests" name="[53] /home/travis/build/icyphy/ptII/ptolemy/actor/lib/test/auto/Clock16.xml (RunModel)" time="0.108" />
  <testcase classname="ptolemy.util.test.junit.AutoTests" name="[54] /home/travis/build/icyphy/ptII/ptolemy/actor/lib/test/auto/Clock17.xml (RunModel)" time="0.069" />
  <testcase classname="ptolemy.util.test.junit.AutoTests" name="[55] /home/travis/build/icyphy/ptII/ptolemy/actor/lib/test/auto/Clock18.xml (RunModel)" time="0.072" />
  <testcase classname="ptolemy.util.test.junit.AutoTests" name="[56] /home/travis/build/icyphy/ptII/ptolemy/actor/lib/test/auto/Clock19.xml (RunModel)" time="0.056" />
  <testcase classname="ptolemy.util.test.junit.AutoTests" name="[57] /home/travis/build/icyphy/ptII/ptolemy/actor/lib/test/auto/Clock2.xml (RunModel)" time="0.02" />
  <testcase classname="ptolemy.util.test.junit.AutoTests" name="[58] /home/travis/build/icyphy/ptII/ptolemy/actor/lib/test/auto/Clock20.xml (RunModel)" time="0.03" />
  <testcase classname="ptolemy.util.test.junit.AutoTests" name="[59] /home/travis/build/icyphy/ptII/ptolemy/actor/lib/test/auto/Clock21.xml (RunModel)" time="0.022" />
  <testcase classname="ptolemy.util.test.junit.AutoTests" name="[60] /home/travis/build/icyphy/ptII/ptolemy/actor/lib/test/auto/Clock22.xml (RunModel)" time="0.021" />
  <testcase classname="ptolemy.util.test.junit.AutoTests" name="[61] /home/travis/build/icyphy/ptII/ptolemy/actor/lib/test/auto/Clock23.xml (RunModel)" time="0.025" />
  <testcase classname="ptolemy.util.test.junit.AutoTests" name="[62] /home/travis/build/icyphy/ptII/ptolemy/actor/lib/test/auto/Clock24.xml (RunModel)" time="0.02" />
  <testcase classname="ptolemy.util.test.junit.AutoTests" name="[63] /home/travis/build/icyphy/ptII/ptolemy/actor/lib/test/auto/Clock4.xml (RunModel)" time="0.018" />
  <testcase classname="ptolemy.util.test.junit.AutoTests" name="[64] /home/travis/build/icyphy/ptII/ptolemy/actor/lib/test/auto/Clock5.xml (RunModel)" time="0.013" />
  <testcase classname="ptolemy.util.test.junit.AutoTests" name="[65] /home/travis/build/icyphy/ptII/ptolemy/actor/lib/test/auto/Clock6.xml (RunModel)" time="0.025" />
  <testcase classname="ptolemy.util.test.junit.AutoTests" name="[66] /home/travis/build/icyphy/ptII/ptolemy/actor/lib/test/auto/Clock7.xml (RunModel)" time="0.014" />
  <testcase classname="ptolemy.util.test.junit.AutoTests" name="[67] /home/travis/build/icyphy/ptII/ptolemy/actor/lib/test/auto/Clock8.xml (RunModel)" time="0.02" />
  <testcase classname="ptolemy.util.test.junit.AutoTests" name="[68] /home/travis/build/icyphy/ptII/ptolemy/actor/lib/test/auto/Clock9.xml (RunModel)" time="0.021" />
  <testcase classname="ptolemy.util.test.junit.AutoTests" name="[69] /home/travis/build/icyphy/ptII/ptolemy/actor/lib/test/auto/CommDistDiscard.xml (RunModel)" time="0.033" />
  <testcase classname="ptolemy.util.test.junit.AutoTests" name="[70] /home/travis/build/icyphy/ptII/ptolemy/actor/lib/test/auto/Commutator.xml (RunModel)" time="0.017" />
  <testcase classname="ptolemy.util.test.junit.AutoTests" name="[71] /home/travis/build/icyphy/ptII/ptolemy/actor/lib/test/auto/Commutator2.xml (RunModel)" time="0.013" />
  <testcase classname="ptolemy.util.test.junit.AutoTests" name="[72] /home/travis/build/icyphy/ptII/ptolemy/actor/lib/test/auto/Commutator3.xml (RunModel)" time="0.015" />
  <testcase classname="ptolemy.util.test.junit.AutoTests" name="[73] /home/travis/build/icyphy/ptII/ptolemy/actor/lib/test/auto/Compare.xml (RunModel)" time="0.024" />
  <testcase classname="ptolemy.util.test.junit.AutoTests" name="[74] /home/travis/build/icyphy/ptII/ptolemy/actor/lib/test/auto/CompareDE.xml (RunModel)" time="0.049" />
  <testcase classname="ptolemy.util.test.junit.AutoTests" name="[75] /home/travis/build/icyphy/ptII/ptolemy/actor/lib/test/auto/ComplexDivide.xml (RunModel)" time="0.012" />
  <testcase classname="ptolemy.util.test.junit.AutoTests" name="[76] /home/travis/build/icyphy/ptII/ptolemy/actor/lib/test/auto/ComputeHistogram.xml (RunModel)" time="0.087" />
  <testcase classname="ptolemy.util.test.junit.AutoTests" name="[77] /home/travis/build/icyphy/ptII/ptolemy/actor/lib/test/auto/ConfigurationSelect.xml (RunModel)" time="0.029" />
  <testcase classname="ptolemy.util.test.junit.AutoTests" name="[78] /home/travis/build/icyphy/ptII/ptolemy/actor/lib/test/auto/ConfigurationSelect2.xml (RunModel)" time="0.02" />
  <testcase classname="ptolemy.util.test.junit.AutoTests" name="[79] /home/travis/build/icyphy/ptII/ptolemy/actor/lib/test/auto/ConfigurationSwitch.xml (RunModel)" time="0.027" />
  <testcase classname="ptolemy.util.test.junit.AutoTests" name="[80] /home/travis/build/icyphy/ptII/ptolemy/actor/lib/test/auto/ConfigurationSwitch2.xml (RunModel)" time="0.032" />
  <testcase classname="ptolemy.util.test.junit.AutoTests" name="[81] /home/travis/build/icyphy/ptII/ptolemy/actor/lib/test/auto/ConfigurationSwitchCloningBugWithClassRelationGroup.xml (RunModel)" time="0.029" />
  <testcase classname="ptolemy.util.test.junit.AutoTests" name="[82] /home/travis/build/icyphy/ptII/ptolemy/actor/lib/test/auto/ConfigurationSwitchSelectSDF.xml (RunModel)" time="0.018" />
  <testcase classname="ptolemy.util.test.junit.AutoTests" name="[83] /home/travis/build/icyphy/ptII/ptolemy/actor/lib/test/auto/ConfigurationSwitchSelectSDF2.xml (RunModel)" time="0.019" />
  <testcase classname="ptolemy.util.test.junit.AutoTests" name="[84] /home/travis/build/icyphy/ptII/ptolemy/actor/lib/test/auto/Const.xml (RunModel)" time="0.009" />
  <testcase classname="ptolemy.util.test.junit.AutoTests" name="[85] /home/travis/build/icyphy/ptII/ptolemy/actor/lib/test/auto/Const2.xml (RunModel)" time="0.016" />
  <testcase classname="ptolemy.util.test.junit.AutoTests" name="[86] /home/travis/build/icyphy/ptII/ptolemy/actor/lib/test/auto/Const3.xml (RunModel)" time="0.007" />
  <testcase classname="ptolemy.util.test.junit.AutoTests" name="[87] /home/travis/build/icyphy/ptII/ptolemy/actor/lib/test/auto/ConstantPublisherPort1.xml (RunModel)" time="0.029" />
  <testcase classname="ptolemy.util.test.junit.AutoTests" name="[88] /home/travis/build/icyphy/ptII/ptolemy/actor/lib/test/auto/ConstantPublisherPort2.xml (RunModel)" time="0.03" />
  <testcase classname="ptolemy.util.test.junit.AutoTests" name="[89] /home/travis/build/icyphy/ptII/ptolemy/actor/lib/test/auto/ConstantPublisherPort3.xml (RunModel)" time="0.025" />
  <testcase classname="ptolemy.util.test.junit.AutoTests" name="[90] /home/travis/build/icyphy/ptII/ptolemy/actor/lib/test/auto/ConstantPublisherPort4.xml (RunModel)" time="0.019" />
  <testcase classname="ptolemy.util.test.junit.AutoTests" name="[91] /home/travis/build/icyphy/ptII/ptolemy/actor/lib/test/auto/ConstantPublisherPort5.xml (RunModel)" time="0.058" />
  <testcase classname="ptolemy.util.test.junit.AutoTests" name="[92] /home/travis/build/icyphy/ptII/ptolemy/actor/lib/test/auto/ConstantPublisherPort6.xml (RunModel)" time="0.042" />
  <testcase classname="ptolemy.util.test.junit.AutoTests" name="[93] /home/travis/build/icyphy/ptII/ptolemy/actor/lib/test/auto/ConstantPublisherPort7.xml (RunModel)" time="0.037" />
  <testcase classname="ptolemy.util.test.junit.AutoTests" name="[94] /home/travis/build/icyphy/ptII/ptolemy/actor/lib/test/auto/ConstraintMonitor1.xml (RunModel)" time="0.054" />
  <testcase classname="ptolemy.util.test.junit.AutoTests" name="[95] /home/travis/build/icyphy/ptII/ptolemy/actor/lib/test/auto/ConstraintMonitor2.xml (RunModel)" time="0.021" />
  <testcase classname="ptolemy.util.test.junit.AutoTests" name="[96] /home/travis/build/icyphy/ptII/ptolemy/actor/lib/test/auto/ConstraintMonitor3.xml (RunModel)" time="0.02" />
  <testcase classname="ptolemy.util.test.junit.AutoTests" name="[97] /home/travis/build/icyphy/ptII/ptolemy/actor/lib/test/auto/ConstraintMonitor4.xml (RunModel)" time="0.017" />
  <testcase classname="ptolemy.util.test.junit.AutoTests" name="[98] /home/travis/build/icyphy/ptII/ptolemy/actor/lib/test/auto/ConstraintMonitor5.xml (RunModel)" time="0.02" />
  <testcase classname="ptolemy.util.test.junit.AutoTests" name="[99] /home/travis/build/icyphy/ptII/ptolemy/actor/lib/test/auto/ConstraintMonitor6.xml (RunModel)" time="0.019" />
  <testcase classname="ptolemy.util.test.junit.AutoTests" name="[100] /home/travis/build/icyphy/ptII/ptolemy/actor/lib/test/auto/ConstraintMonitor7.xml (RunModel)" time="0.025" />
  <testcase classname="ptolemy.util.test.junit.AutoTests" name="[101] /home/travis/build/icyphy/ptII/ptolemy/actor/lib/test/auto/ConstraintMonitor8.xml (RunModel)" time="0.024" />
  <testcase classname="ptolemy.util.test.junit.AutoTests" name="[102] /home/travis/build/icyphy/ptII/ptolemy/actor/lib/test/auto/Counter.xml (RunModel)" time="0.019" />
  <testcase classname="ptolemy.util.test.junit.AutoTests" name="[103] /home/travis/build/icyphy/ptII/ptolemy/actor/lib/test/auto/CurrentTimeSDF.xml (RunModel)" time="0.011" />
  <testcase classname="ptolemy.util.test.junit.AutoTests" name="[104] /home/travis/build/icyphy/ptII/ptolemy/actor/lib/test/auto/DB.xml (RunModel)" time="0.016" />
  <testcase classname="ptolemy.util.test.junit.AutoTests" name="[105] /home/travis/build/icyphy/ptII/ptolemy/actor/lib/test/auto/DBDE.xml (RunModel)" time="0.018" />
  <testcase classname="ptolemy.util.test.junit.AutoTests" name="[106] /home/travis/build/icyphy/ptII/ptolemy/actor/lib/test/auto/DateConstructor.xml (RunModel)" time="0.078" />
  <testcase classname="ptolemy.util.test.junit.AutoTests" name="[107] /home/travis/build/icyphy/ptII/ptolemy/actor/lib/test/auto/DelayTime.xml (RunModel)" time="0.025" />
  <testcase classname="ptolemy.util.test.junit.AutoTests" name="[108] /home/travis/build/icyphy/ptII/ptolemy/actor/lib/test/auto/Dictionary1.xml (RunModel)" time="0.036" />
  <testcase classname="ptolemy.util.test.junit.AutoTests" name="[109] /home/travis/build/icyphy/ptII/ptolemy/actor/lib/test/auto/Dictionary2.xml (RunModel)" time="0.028" />
  <testcase classname="ptolemy.util.test.junit.AutoTests" name="[110] /home/travis/build/icyphy/ptII/ptolemy/actor/lib/test/auto/Dictionary3.xml (RunModel)" time="0.017" />
  <testcase classname="ptolemy.util.test.junit.AutoTests" name="[111] /home/travis/build/icyphy/ptII/ptolemy/actor/lib/test/auto/Dictionary4.xml (RunModel)" time="0.025" />
  <testcase classname="ptolemy.util.test.junit.AutoTests" name="[112] /home/travis/build/icyphy/ptII/ptolemy/actor/lib/test/auto/Differential.xml (RunModel)" time="0.015" />
  <testcase classname="ptolemy.util.test.junit.AutoTests" name="[113] /home/travis/build/icyphy/ptII/ptolemy/actor/lib/test/auto/Director.xml (RunModel)" time="0.016" />
  <testcase classname="ptolemy.util.test.junit.AutoTests" name="[114] /home/travis/build/icyphy/ptII/ptolemy/actor/lib/test/auto/DiscreteClock.xml (RunModel)" time="0.012" />
  <testcase classname="ptolemy.util.test.junit.AutoTests" name="[115] /home/travis/build/icyphy/ptII/ptolemy/actor/lib/test/auto/DiscreteClock10.xml (RunModel)" time="0.02" />
  <testcase classname="ptolemy.util.test.junit.AutoTests" name="[116] /home/travis/build/icyphy/ptII/ptolemy/actor/lib/test/auto/DiscreteClock11.xml (RunModel)" time="0.017" />
  <testcase classname="ptolemy.util.test.junit.AutoTests" name="[117] /home/travis/build/icyphy/ptII/ptolemy/actor/lib/test/auto/DiscreteClock12.xml (RunModel)" time="0.019" />
  <testcase classname="ptolemy.util.test.junit.AutoTests" name="[118] /home/travis/build/icyphy/ptII/ptolemy/actor/lib/test/auto/DiscreteClock13.xml (RunModel)" time="0.02" />
  <testcase classname="ptolemy.util.test.junit.AutoTests" name="[119] /home/travis/build/icyphy/ptII/ptolemy/actor/lib/test/auto/DiscreteClock14.xml (RunModel)" time="0.019" />
  <testcase classname="ptolemy.util.test.junit.AutoTests" name="[120] /home/travis/build/icyphy/ptII/ptolemy/actor/lib/test/auto/DiscreteClock15.xml (RunModel)" time="0.036" />
  <testcase classname="ptolemy.util.test.junit.AutoTests" name="[121] /home/travis/build/icyphy/ptII/ptolemy/actor/lib/test/auto/DiscreteClock16.xml (RunModel)" time="0.064" />
  <testcase classname="ptolemy.util.test.junit.AutoTests" name="[122] /home/travis/build/icyphy/ptII/ptolemy/actor/lib/test/auto/DiscreteClock17.xml (RunModel)" time="0.049" />
  <testcase classname="ptolemy.util.test.junit.AutoTests" name="[123] /home/travis/build/icyphy/ptII/ptolemy/actor/lib/test/auto/DiscreteClock18.xml (RunModel)" time="0.057" />
  <testcase classname="ptolemy.util.test.junit.AutoTests" name="[124] /home/travis/build/icyphy/ptII/ptolemy/actor/lib/test/auto/DiscreteClock19.xml (RunModel)" time="0.053" />
  <testcase classname="ptolemy.util.test.junit.AutoTests" name="[125] /home/travis/build/icyphy/ptII/ptolemy/actor/lib/test/auto/DiscreteClock2.xml (RunModel)" time="0.014" />
  <testcase classname="ptolemy.util.test.junit.AutoTests" name="[126] /home/travis/build/icyphy/ptII/ptolemy/actor/lib/test/auto/DiscreteClock20.xml (RunModel)" time="0.023" />
  <testcase classname="ptolemy.util.test.junit.AutoTests" name="[127] /home/travis/build/icyphy/ptII/ptolemy/actor/lib/test/auto/DiscreteClock21.xml (RunModel)" time="0.02" />
  <testcase classname="ptolemy.util.test.junit.AutoTests" name="[128] /home/travis/build/icyphy/ptII/ptolemy/actor/lib/test/auto/DiscreteClock22.xml (RunModel)" time="0.017" />
  <testcase classname="ptolemy.util.test.junit.AutoTests" name="[129] /home/travis/build/icyphy/ptII/ptolemy/actor/lib/test/auto/DiscreteClock23.xml (RunModel)" time="0.027" />
  <testcase classname="ptolemy.util.test.junit.AutoTests" name="[130] /home/travis/build/icyphy/ptII/ptolemy/actor/lib/test/auto/DiscreteClock24.xml (RunModel)" time="0.014" />
  <testcase classname="ptolemy.util.test.junit.AutoTests" name="[131] /home/travis/build/icyphy/ptII/ptolemy/actor/lib/test/auto/DiscreteClock4.xml (RunModel)" time="0.02" />
  <testcase classname="ptolemy.util.test.junit.AutoTests" name="[132] /home/travis/build/icyphy/ptII/ptolemy/actor/lib/test/auto/DiscreteClock5.xml (RunModel)" time="0.012" />
  <testcase classname="ptolemy.util.test.junit.AutoTests" name="[133] /home/travis/build/icyphy/ptII/ptolemy/actor/lib/test/auto/DiscreteClock6.xml (RunModel)" time="0.014" />
  <testcase classname="ptolemy.util.test.junit.AutoTests" name="[134] /home/travis/build/icyphy/ptII/ptolemy/actor/lib/test/auto/DiscreteClock7.xml (RunModel)" time="0.012" />
  <testcase classname="ptolemy.util.test.junit.AutoTests" name="[135] /home/travis/build/icyphy/ptII/ptolemy/actor/lib/test/auto/DiscreteClock8.xml (RunModel)" time="0.029" />
  <testcase classname="ptolemy.util.test.junit.AutoTests" name="[136] /home/travis/build/icyphy/ptII/ptolemy/actor/lib/test/auto/DiscreteClock9.xml (RunModel)" time="0.013" />
  <testcase classname="ptolemy.util.test.junit.AutoTests" name="[137] /home/travis/build/icyphy/ptII/ptolemy/actor/lib/test/auto/DisplayArray.xml (RunModel)" time="0.012" />
  <testcase classname="ptolemy.util.test.junit.AutoTests" name="[138] /home/travis/build/icyphy/ptII/ptolemy/actor/lib/test/auto/Distributor.xml (RunModel)" time="0.012" />
  <testcase classname="ptolemy.util.test.junit.AutoTests" name="[139] /home/travis/build/icyphy/ptII/ptolemy/actor/lib/test/auto/Distributor2.xml (RunModel)" time="0.014" />
  <testcase classname="ptolemy.util.test.junit.AutoTests" name="[140] /home/travis/build/icyphy/ptII/ptolemy/actor/lib/test/auto/DownSample.xml (RunModel)" time="0.014" />
  <testcase classname="ptolemy.util.test.junit.AutoTests" name="[141] /home/travis/build/icyphy/ptII/ptolemy/actor/lib/test/auto/ElectronicUnitBase1.xml (RunModel)" time="0.095" />
  <testcase classname="ptolemy.util.test.junit.AutoTests" name="[142] /home/travis/build/icyphy/ptII/ptolemy/actor/lib/test/auto/ElementsToArray.xml (RunModel)" time="0.014" />
  <testcase classname="ptolemy.util.test.junit.AutoTests" name="[143] /home/travis/build/icyphy/ptII/ptolemy/actor/lib/test/auto/Equals.xml (RunModel)" time="0.019" />
  <testcase classname="ptolemy.util.test.junit.AutoTests" name="[144] /home/travis/build/icyphy/ptII/ptolemy/actor/lib/test/auto/Exec.xml (RunModel)" time="0.037" />
  <testcase classname="ptolemy.util.test.junit.AutoTests" name="[145] /home/travis/build/icyphy/ptII/ptolemy/actor/lib/test/auto/ExecEnvironment.xml (RunModel)" time="0.043" />
  <testcase classname="ptolemy.util.test.junit.AutoTests" name="[146] /home/travis/build/icyphy/ptII/ptolemy/actor/lib/test/auto/ExecNonZeroReturnOutput.xml (RunModel)" time="0.217" />
  <testcase classname="ptolemy.util.test.junit.AutoTests" name="[147] /home/travis/build/icyphy/ptII/ptolemy/actor/lib/test/auto/ExecRunDemos.xml (RunModel)" time="11.396" />
  <testcase classname="ptolemy.util.test.junit.AutoTests" name="[148] /home/travis/build/icyphy/ptII/ptolemy/actor/lib/test/auto/ExecStop.xml (RunModel)" time="5.034" />
  <testcase classname="ptolemy.util.test.junit.AutoTests" name="[149] /home/travis/build/icyphy/ptII/ptolemy/actor/lib/test/auto/ExecutionTimeSDF.xml (RunModel)" time="6.055">
    <error type="java.lang.reflect.InvocationTargetException">java.lang.reflect.InvocationTargetException
	at jdk.internal.reflect.GeneratedConstructorAccessor36.newInstance(Unknown Source)
	at java.base/jdk.internal.reflect.DelegatingConstructorAccessorImpl.newInstance(DelegatingConstructorAccessorImpl.java:45)
	at java.base/java.lang.reflect.Constructor.newInstance(Constructor.java:490)
	at ptolemy.util.test.junit.AutoTests.RunModel(AutoTests.java:193)
	at jdk.internal.reflect.GeneratedMethodAccessor43.invoke(Unknown Source)
	at java.base/jdk.internal.reflect.DelegatingMethodAccessorImpl.invoke(DelegatingMethodAccessorImpl.java:43)
	at junitparams.internal.InvokeParameterisedMethod.evaluate(InvokeParameterisedMethod.java:102)
Caused by: ptolemy.kernel.util.IllegalActionException: Test fails in iteration 0.
Value was: 6001L. Should have been: 6000L
  in .ExecutionTimeSDF.NonStrictTest
	at ptolemy.actor.lib.NonStrictTest.postfire(NonStrictTest.java:328)
	at ptolemy.actor.AtomicActor.iterate(AtomicActor.java:518)
	at ptolemy.actor.sched.StaticSchedulingDirector.fire(StaticSchedulingDirector.java:216)
	at ptolemy.domains.sdf.kernel.SDFDirector.fire(SDFDirector.java:500)
	at ptolemy.actor.CompositeActor.fire(CompositeActor.java:455)
	at ptolemy.actor.Manager.iterate(Manager.java:851)
	at ptolemy.actor.Manager.execute(Manager.java:369)
	at ptolemy.actor.Manager.run(Manager.java:1263)
	at ptolemy.actor.Manager$PtolemyRunThread.run(Manager.java:1933)
</error>
  </testcase>
  <testcase classname="ptolemy.util.test.junit.AutoTests" name="[150] /home/travis/build/icyphy/ptII/ptolemy/actor/lib/test/auto/Expression1.xml (RunModel)" time="0.021" />
  <testcase classname="ptolemy.util.test.junit.AutoTests" name="[151] /home/travis/build/icyphy/ptII/ptolemy/actor/lib/test/auto/Expression10.xml (RunModel)" time="0.022" />
  <testcase classname="ptolemy.util.test.junit.AutoTests" name="[152] /home/travis/build/icyphy/ptII/ptolemy/actor/lib/test/auto/Expression11.xml (RunModel)" time="0.015" />
  <testcase classname="ptolemy.util.test.junit.AutoTests" name="[153] /home/travis/build/icyphy/ptII/ptolemy/actor/lib/test/auto/Expression12.xml (RunModel)" time="0.018" />
  <testcase classname="ptolemy.util.test.junit.AutoTests" name="[154] /home/travis/build/icyphy/ptII/ptolemy/actor/lib/test/auto/Expression13.xml (RunModel)" time="0.015" />
  <testcase classname="ptolemy.util.test.junit.AutoTests" name="[155] /home/travis/build/icyphy/ptII/ptolemy/actor/lib/test/auto/Expression14.xml (RunModel)" time="0.022" />
  <testcase classname="ptolemy.util.test.junit.AutoTests" name="[156] /home/travis/build/icyphy/ptII/ptolemy/actor/lib/test/auto/Expression15.xml (RunModel)" time="0.011" />
  <testcase classname="ptolemy.util.test.junit.AutoTests" name="[157] /home/travis/build/icyphy/ptII/ptolemy/actor/lib/test/auto/Expression16.xml (RunModel)" time="0.016" />
  <testcase classname="ptolemy.util.test.junit.AutoTests" name="[158] /home/travis/build/icyphy/ptII/ptolemy/actor/lib/test/auto/Expression17.xml (RunModel)" time="0.012" />
  <testcase classname="ptolemy.util.test.junit.AutoTests" name="[159] /home/travis/build/icyphy/ptII/ptolemy/actor/lib/test/auto/Expression18.xml (RunModel)" time="0.015" />
  <testcase classname="ptolemy.util.test.junit.AutoTests" name="[160] /home/travis/build/icyphy/ptII/ptolemy/actor/lib/test/auto/Expression2.xml (RunModel)" time="0.015" />
  <testcase classname="ptolemy.util.test.junit.AutoTests" name="[161] /home/travis/build/icyphy/ptII/ptolemy/actor/lib/test/auto/Expression3.xml (RunModel)" time="0.016" />
  <testcase classname="ptolemy.util.test.junit.AutoTests" name="[162] /home/travis/build/icyphy/ptII/ptolemy/actor/lib/test/auto/Expression4.xml (RunModel)" time="0.02" />
  <testcase classname="ptolemy.util.test.junit.AutoTests" name="[163] /home/travis/build/icyphy/ptII/ptolemy/actor/lib/test/auto/Expression5.xml (RunModel)" time="0.015" />
  <testcase classname="ptolemy.util.test.junit.AutoTests" name="[164] /home/travis/build/icyphy/ptII/ptolemy/actor/lib/test/auto/Expression6.xml (RunModel)" time="0.011" />
  <testcase classname="ptolemy.util.test.junit.AutoTests" name="[165] /home/travis/build/icyphy/ptII/ptolemy/actor/lib/test/auto/Expression7.xml (RunModel)" time="0.013" />
  <testcase classname="ptolemy.util.test.junit.AutoTests" name="[166] /home/travis/build/icyphy/ptII/ptolemy/actor/lib/test/auto/Expression8.xml (RunModel)" time="0.02" />
  <testcase classname="ptolemy.util.test.junit.AutoTests" name="[167] /home/travis/build/icyphy/ptII/ptolemy/actor/lib/test/auto/Expression9.xml (RunModel)" time="0.009" />
  <testcase classname="ptolemy.util.test.junit.AutoTests" name="[168] /home/travis/build/icyphy/ptII/ptolemy/actor/lib/test/auto/ExpressionConcatenateArrayType.xml (RunModel)" time="0.051" />
  <testcase classname="ptolemy.util.test.junit.AutoTests" name="[169] /home/travis/build/icyphy/ptII/ptolemy/actor/lib/test/auto/ExpressionConcatenateArrayType2.xml (RunModel)" time="0.026" />
  <testcase classname="ptolemy.util.test.junit.AutoTests" name="[170] /home/travis/build/icyphy/ptII/ptolemy/actor/lib/test/auto/ExpressionFix.xml (RunModel)" time="0.05" />
  <testcase classname="ptolemy.util.test.junit.AutoTests" name="[171] /home/travis/build/icyphy/ptII/ptolemy/actor/lib/test/auto/ExpressionFix2.xml (RunModel)" time="0.018" />
  <testcase classname="ptolemy.util.test.junit.AutoTests" name="[172] /home/travis/build/icyphy/ptII/ptolemy/actor/lib/test/auto/ExpressionFix3.xml (RunModel)" time="0.016" />
  <testcase classname="ptolemy.util.test.junit.AutoTests" name="[173] /home/travis/build/icyphy/ptII/ptolemy/actor/lib/test/auto/FileWriter1.xml (RunModel)" time="0.011" />
  <testcase classname="ptolemy.util.test.junit.AutoTests" name="[174] /home/travis/build/icyphy/ptII/ptolemy/actor/lib/test/auto/FileWriter2.xml (RunModel)" time="0.011" />
  <testcase classname="ptolemy.util.test.junit.AutoTests" name="[175] /home/travis/build/icyphy/ptII/ptolemy/actor/lib/test/auto/FileWriter3.xml (RunModel)" time="0.012" />
  <testcase classname="ptolemy.util.test.junit.AutoTests" name="[176] /home/travis/build/icyphy/ptII/ptolemy/actor/lib/test/auto/Gaussian.xml (RunModel)" time="0.012" />
  <testcase classname="ptolemy.util.test.junit.AutoTests" name="[177] /home/travis/build/icyphy/ptII/ptolemy/actor/lib/test/auto/Gaussian1.xml (RunModel)" time="0.022" />
  <testcase classname="ptolemy.util.test.junit.AutoTests" name="[178] /home/travis/build/icyphy/ptII/ptolemy/actor/lib/test/auto/Gaussian2.xml (RunModel)" time="0.018" />
  <testcase classname="ptolemy.util.test.junit.AutoTests" name="[179] /home/travis/build/icyphy/ptII/ptolemy/actor/lib/test/auto/GradientAdaptiveLattice.xml (RunModel)" time="0.016" />
  <testcase classname="ptolemy.util.test.junit.AutoTests" name="[180] /home/travis/build/icyphy/ptII/ptolemy/actor/lib/test/auto/IIR.xml (RunModel)" time="0.011" />
  <testcase classname="ptolemy.util.test.junit.AutoTests" name="[181] /home/travis/build/icyphy/ptII/ptolemy/actor/lib/test/auto/InputOutputTransparentPorts.xml (RunModel)" time="0.021" />
  <testcase classname="ptolemy.util.test.junit.AutoTests" name="[182] /home/travis/build/icyphy/ptII/ptolemy/actor/lib/test/auto/Interpolator.xml (RunModel)" time="0.012" />
  <testcase classname="ptolemy.util.test.junit.AutoTests" name="[183] /home/travis/build/icyphy/ptII/ptolemy/actor/lib/test/auto/InterpolatorFiringLimitDE.xml (RunModel)" time="0.014" />
  <testcase classname="ptolemy.util.test.junit.AutoTests" name="[184] /home/travis/build/icyphy/ptII/ptolemy/actor/lib/test/auto/Lattice.xml (RunModel)" time="0.009" />
  <testcase classname="ptolemy.util.test.junit.AutoTests" name="[185] /home/travis/build/icyphy/ptII/ptolemy/actor/lib/test/auto/LazyAOCTestLazy.xml (RunModel)" time="0.025" />
  <testcase classname="ptolemy.util.test.junit.AutoTests" name="[186] /home/travis/build/icyphy/ptII/ptolemy/actor/lib/test/auto/LazyAOCTestNonLazy.xml (RunModel)" time="0.039" />
  <testcase classname="ptolemy.util.test.junit.AutoTests" name="[187] /home/travis/build/icyphy/ptII/ptolemy/actor/lib/test/auto/LazyInnerClass.xml (RunModel)" time="0.029" />
  <testcase classname="ptolemy.util.test.junit.AutoTests" name="[188] /home/travis/build/icyphy/ptII/ptolemy/actor/lib/test/auto/LazyPubSub.xml (RunModel)" time="0.07" />
  <testcase classname="ptolemy.util.test.junit.AutoTests" name="[189] /home/travis/build/icyphy/ptII/ptolemy/actor/lib/test/auto/LazyPubSub2.xml (RunModel)" time="0.078" />
  <testcase classname="ptolemy.util.test.junit.AutoTests" name="[190] /home/travis/build/icyphy/ptII/ptolemy/actor/lib/test/auto/LazyPubSub3.xml (RunModel)" time="0.054" />
  <testcase classname="ptolemy.util.test.junit.AutoTests" name="[191] /home/travis/build/icyphy/ptII/ptolemy/actor/lib/test/auto/LazySubClassModel.xml (RunModel)" time="0.031" />
  <testcase classname="ptolemy.util.test.junit.AutoTests" name="[192] /home/travis/build/icyphy/ptII/ptolemy/actor/lib/test/auto/LevelCrossTest1.xml (RunModel)" time="0.012" />
  <testcase classname="ptolemy.util.test.junit.AutoTests" name="[193] /home/travis/build/icyphy/ptII/ptolemy/actor/lib/test/auto/LevelCrossTest10.xml (RunModel)" time="0.018" />
  <testcase classname="ptolemy.util.test.junit.AutoTests" name="[194] /home/travis/build/icyphy/ptII/ptolemy/actor/lib/test/auto/LevelCrossTest11.xml (RunModel)" time="0.022" />
  <testcase classname="ptolemy.util.test.junit.AutoTests" name="[195] /home/travis/build/icyphy/ptII/ptolemy/actor/lib/test/auto/LevelCrossTest12.xml (RunModel)" time="0.026" />
  <testcase classname="ptolemy.util.test.junit.AutoTests" name="[196] /home/travis/build/icyphy/ptII/ptolemy/actor/lib/test/auto/LevelCrossTest13.xml (RunModel)" time="0.018" />
  <testcase classname="ptolemy.util.test.junit.AutoTests" name="[197] /home/travis/build/icyphy/ptII/ptolemy/actor/lib/test/auto/LevelCrossTest2.xml (RunModel)" time="0.013" />
  <testcase classname="ptolemy.util.test.junit.AutoTests" name="[198] /home/travis/build/icyphy/ptII/ptolemy/actor/lib/test/auto/LevelCrossTest3.xml (RunModel)" time="0.017" />
  <testcase classname="ptolemy.util.test.junit.AutoTests" name="[199] /home/travis/build/icyphy/ptII/ptolemy/actor/lib/test/auto/LevelCrossTest4.xml (RunModel)" time="0.014" />
  <testcase classname="ptolemy.util.test.junit.AutoTests" name="[200] /home/travis/build/icyphy/ptII/ptolemy/actor/lib/test/auto/LevelCrossTest5.xml (RunModel)" time="0.035" />
  <testcase classname="ptolemy.util.test.junit.AutoTests" name="[201] /home/travis/build/icyphy/ptII/ptolemy/actor/lib/test/auto/LevelCrossTest6.xml (RunModel)" time="0.03" />
  <testcase classname="ptolemy.util.test.junit.AutoTests" name="[202] /home/travis/build/icyphy/ptII/ptolemy/actor/lib/test/auto/LevelCrossTest7.xml (RunModel)" time="0.025" />
  <testcase classname="ptolemy.util.test.junit.AutoTests" name="[203] /home/travis/build/icyphy/ptII/ptolemy/actor/lib/test/auto/LevelCrossTest8.xml (RunModel)" time="0.017" />
  <testcase classname="ptolemy.util.test.junit.AutoTests" name="[204] /home/travis/build/icyphy/ptII/ptolemy/actor/lib/test/auto/LevelCrossTest9.xml (RunModel)" time="0.018" />
  <testcase classname="ptolemy.util.test.junit.AutoTests" name="[205] /home/travis/build/icyphy/ptII/ptolemy/actor/lib/test/auto/LevinsonDurbin.xml (RunModel)" time="0.012" />
  <testcase classname="ptolemy.util.test.junit.AutoTests" name="[206] /home/travis/build/icyphy/ptII/ptolemy/actor/lib/test/auto/LevinsonDurbin2.xml (RunModel)" time="0.009" />
  <testcase classname="ptolemy.util.test.junit.AutoTests" name="[207] /home/travis/build/icyphy/ptII/ptolemy/actor/lib/test/auto/LevinsonDurbin3.xml (RunModel)" time="0.019" />
  <testcase classname="ptolemy.util.test.junit.AutoTests" name="[208] /home/travis/build/icyphy/ptII/ptolemy/actor/lib/test/auto/Limiter.xml (RunModel)" time="0.046" />
  <testcase classname="ptolemy.util.test.junit.AutoTests" name="[209] /home/travis/build/icyphy/ptII/ptolemy/actor/lib/test/auto/LinearDifferenceEquationSystem.xml (RunModel)" time="0.028" />
  <testcase classname="ptolemy.util.test.junit.AutoTests" name="[210] /home/travis/build/icyphy/ptII/ptolemy/actor/lib/test/auto/LookupTable.xml (RunModel)" time="0.012" />
  <testcase classname="ptolemy.util.test.junit.AutoTests" name="[211] /home/travis/build/icyphy/ptII/ptolemy/actor/lib/test/auto/MathFunction.xml (RunModel)" time="0.022" />
  <testcase classname="ptolemy.util.test.junit.AutoTests" name="[212] /home/travis/build/icyphy/ptII/ptolemy/actor/lib/test/auto/MathFunction2.xml (RunModel)" time="0.015" />
  <testcase classname="ptolemy.util.test.junit.AutoTests" name="[213] /home/travis/build/icyphy/ptII/ptolemy/actor/lib/test/auto/MathFunction3.xml (RunModel)" time="0.026" />
  <testcase classname="ptolemy.util.test.junit.AutoTests" name="[214] /home/travis/build/icyphy/ptII/ptolemy/actor/lib/test/auto/MatrixCropBoolean.xml (RunModel)" time="0.014" />
  <testcase classname="ptolemy.util.test.junit.AutoTests" name="[215] /home/travis/build/icyphy/ptII/ptolemy/actor/lib/test/auto/MatrixCropComplex.xml (RunModel)" time="0.012" />
  <testcase classname="ptolemy.util.test.junit.AutoTests" name="[216] /home/travis/build/icyphy/ptII/ptolemy/actor/lib/test/auto/MatrixCropDouble.xml (RunModel)" time="0.011" />
  <testcase classname="ptolemy.util.test.junit.AutoTests" name="[217] /home/travis/build/icyphy/ptII/ptolemy/actor/lib/test/auto/MatrixCropFix.xml (RunModel)" time="0.016" />
  <testcase classname="ptolemy.util.test.junit.AutoTests" name="[218] /home/travis/build/icyphy/ptII/ptolemy/actor/lib/test/auto/MatrixCropInt.xml (RunModel)" time="0.012" />
  <testcase classname="ptolemy.util.test.junit.AutoTests" name="[219] /home/travis/build/icyphy/ptII/ptolemy/actor/lib/test/auto/MatrixCropLong.xml (RunModel)" time="0.01" />
  <testcase classname="ptolemy.util.test.junit.AutoTests" name="[220] /home/travis/build/icyphy/ptII/ptolemy/actor/lib/test/auto/MatrixToArray.xml (RunModel)" time="0.056" />
  <testcase classname="ptolemy.util.test.junit.AutoTests" name="[221] /home/travis/build/icyphy/ptII/ptolemy/actor/lib/test/auto/MaxIndex.xml (RunModel)" time="0.024" />
  <testcase classname="ptolemy.util.test.junit.AutoTests" name="[222] /home/travis/build/icyphy/ptII/ptolemy/actor/lib/test/auto/Maximum.xml (RunModel)" time="0.022" />
  <testcase classname="ptolemy.util.test.junit.AutoTests" name="[223] /home/travis/build/icyphy/ptII/ptolemy/actor/lib/test/auto/MaximumComplex.xml (RunModel)" time="0.016" />
  <testcase classname="ptolemy.util.test.junit.AutoTests" name="[224] /home/travis/build/icyphy/ptII/ptolemy/actor/lib/test/auto/MethodCallTest.xml (RunModel)" time="0.032" />
  <testcase classname="ptolemy.util.test.junit.AutoTests" name="[225] /home/travis/build/icyphy/ptII/ptolemy/actor/lib/test/auto/Minimum.xml (RunModel)" time="0.017" />
  <testcase classname="ptolemy.util.test.junit.AutoTests" name="[226] /home/travis/build/icyphy/ptII/ptolemy/actor/lib/test/auto/MinimumComplex.xml (RunModel)" time="0.03" />
  <testcase classname="ptolemy.util.test.junit.AutoTests" name="[227] /home/travis/build/icyphy/ptII/ptolemy/actor/lib/test/auto/MinimumMultiports.xml (RunModel)" time="0.024" />
  <testcase classname="ptolemy.util.test.junit.AutoTests" name="[228] /home/travis/build/icyphy/ptII/ptolemy/actor/lib/test/auto/ModifyDate.xml (RunModel)" time="0.051" />
  <testcase classname="ptolemy.util.test.junit.AutoTests" name="[229] /home/travis/build/icyphy/ptII/ptolemy/actor/lib/test/auto/ModifyDate2.xml (RunModel)" time="0.033" />
  <testcase classname="ptolemy.util.test.junit.AutoTests" name="[230] /home/travis/build/icyphy/ptII/ptolemy/actor/lib/test/auto/MovingAverage.xml (RunModel)" time="0.014" />
  <testcase classname="ptolemy.util.test.junit.AutoTests" name="[231] /home/travis/build/icyphy/ptII/ptolemy/actor/lib/test/auto/MovingMaximum.xml (RunModel)" time="0.014" />
  <testcase classname="ptolemy.util.test.junit.AutoTests" name="[232] /home/travis/build/icyphy/ptII/ptolemy/actor/lib/test/auto/MultipleLinksToSameRelation.xml (RunModel)" time="0.008" />
  <testcase classname="ptolemy.util.test.junit.AutoTests" name="[233] /home/travis/build/icyphy/ptII/ptolemy/actor/lib/test/auto/MultipleLinksToSameRelationDE.xml (RunModel)" time="0.022" />
  <testcase classname="ptolemy.util.test.junit.AutoTests" name="[234] /home/travis/build/icyphy/ptII/ptolemy/actor/lib/test/auto/Multiplexor.xml (RunModel)" time="0.015" />
  <testcase classname="ptolemy.util.test.junit.AutoTests" name="[235] /home/travis/build/icyphy/ptII/ptolemy/actor/lib/test/auto/Multiplexor1.xml (RunModel)" time="0.013" />
  <testcase classname="ptolemy.util.test.junit.AutoTests" name="[236] /home/travis/build/icyphy/ptII/ptolemy/actor/lib/test/auto/Multiplexor2.xml (RunModel)" time="0.019" />
  <testcase classname="ptolemy.util.test.junit.AutoTests" name="[237] /home/travis/build/icyphy/ptII/ptolemy/actor/lib/test/auto/Multiplexor3.xml (RunModel)" time="0.012" />
  <testcase classname="ptolemy.util.test.junit.AutoTests" name="[238] /home/travis/build/icyphy/ptII/ptolemy/actor/lib/test/auto/MultiplexorDE.xml (RunModel)" time="0.02" />
  <testcase classname="ptolemy.util.test.junit.AutoTests" name="[239] /home/travis/build/icyphy/ptII/ptolemy/actor/lib/test/auto/MultiportBroadcastTest.xml (RunModel)" time="0.115" />
  <testcase classname="ptolemy.util.test.junit.AutoTests" name="[240] /home/travis/build/icyphy/ptII/ptolemy/actor/lib/test/auto/MultiportOutHangDuringGetWidth.xml (RunModel)" time="0.038" />
  <testcase classname="ptolemy.util.test.junit.AutoTests" name="[241] /home/travis/build/icyphy/ptII/ptolemy/actor/lib/test/auto/NilToken.xml (RunModel)" time="0.01" />
  <testcase classname="ptolemy.util.test.junit.AutoTests" name="[242] /home/travis/build/icyphy/ptII/ptolemy/actor/lib/test/auto/NilTokenNonStrictTest.xml (RunModel)" time="0.012" />
  <testcase classname="ptolemy.util.test.junit.AutoTests" name="[243] /home/travis/build/icyphy/ptII/ptolemy/actor/lib/test/auto/NilTokenRecord.xml (RunModel)" time="0.024" />
  <testcase classname="ptolemy.util.test.junit.AutoTests" name="[244] /home/travis/build/icyphy/ptII/ptolemy/actor/lib/test/auto/NilTokenTypeTest.xml (RunModel)" time="0.033" />
  <testcase classname="ptolemy.util.test.junit.AutoTests" name="[245] /home/travis/build/icyphy/ptII/ptolemy/actor/lib/test/auto/ObjectToken1.xml (RunModel)" time="0.017" />
  <testcase classname="ptolemy.util.test.junit.AutoTests" name="[246] /home/travis/build/icyphy/ptII/ptolemy/actor/lib/test/auto/OrderedMerge.xml (RunModel)" time="0.026" />
  <testcase classname="ptolemy.util.test.junit.AutoTests" name="[247] /home/travis/build/icyphy/ptII/ptolemy/actor/lib/test/auto/OrderedRecordDisassembler.xml (RunModel)" time="0.019" />
  <testcase classname="ptolemy.util.test.junit.AutoTests" name="[248] /home/travis/build/icyphy/ptII/ptolemy/actor/lib/test/auto/OrderedRecordDisassembler2.xml (RunModel)" time="0.048" />
  <testcase classname="ptolemy.util.test.junit.AutoTests" name="[249] /home/travis/build/icyphy/ptII/ptolemy/actor/lib/test/auto/OrderedRecordUpdater.xml (RunModel)" time="0.013" />
  <testcase classname="ptolemy.util.test.junit.AutoTests" name="[250] /home/travis/build/icyphy/ptII/ptolemy/actor/lib/test/auto/OrderedRecordUpdater2.xml (RunModel)" time="0.021" />
  <testcase classname="ptolemy.util.test.junit.AutoTests" name="[251] /home/travis/build/icyphy/ptII/ptolemy/actor/lib/test/auto/PhaseUnwrap.xml (RunModel)" time="0.016" />
  <testcase classname="ptolemy.util.test.junit.AutoTests" name="[252] /home/travis/build/icyphy/ptII/ptolemy/actor/lib/test/auto/PoissonClock.xml (RunModel)" time="0.013" />
  <testcase classname="ptolemy.util.test.junit.AutoTests" name="[253] /home/travis/build/icyphy/ptII/ptolemy/actor/lib/test/auto/PoissonClock2.xml (RunModel)" time="0.009" />
  <testcase classname="ptolemy.util.test.junit.AutoTests" name="[254] /home/travis/build/icyphy/ptII/ptolemy/actor/lib/test/auto/PoissonClock3.xml (RunModel)" time="0.027" />
  <testcase classname="ptolemy.util.test.junit.AutoTests" name="[255] /home/travis/build/icyphy/ptII/ptolemy/actor/lib/test/auto/PubSubWithInitialTokens.xml (RunModel)" time="0.015" />
  <testcase classname="ptolemy.util.test.junit.AutoTests" name="[256] /home/travis/build/icyphy/ptII/ptolemy/actor/lib/test/auto/PubSubWithInitialTokens2.xml (RunModel)" time="0.016" />
  <testcase classname="ptolemy.util.test.junit.AutoTests" name="[257] /home/travis/build/icyphy/ptII/ptolemy/actor/lib/test/auto/PublisherClassNoParameter.xml (RunModel)" time="0.031" />
  <testcase classname="ptolemy.util.test.junit.AutoTests" name="[258] /home/travis/build/icyphy/ptII/ptolemy/actor/lib/test/auto/PublisherClassParameter.xml (RunModel)" time="0.029" />
  <testcase classname="ptolemy.util.test.junit.AutoTests" name="[259] /home/travis/build/icyphy/ptII/ptolemy/actor/lib/test/auto/PublisherNonStrictTest.xml (RunModel)" time="0.017" />
  <testcase classname="ptolemy.util.test.junit.AutoTests" name="[260] /home/travis/build/icyphy/ptII/ptolemy/actor/lib/test/auto/PublisherPort1.xml (RunModel)" time="0.012" />
  <testcase classname="ptolemy.util.test.junit.AutoTests" name="[261] /home/travis/build/icyphy/ptII/ptolemy/actor/lib/test/auto/PublisherPort2.xml (RunModel)" time="0.01" />
  <testcase classname="ptolemy.util.test.junit.AutoTests" name="[262] /home/travis/build/icyphy/ptII/ptolemy/actor/lib/test/auto/PublisherPort3.xml (RunModel)" time="0.025" />
  <testcase classname="ptolemy.util.test.junit.AutoTests" name="[263] /home/travis/build/icyphy/ptII/ptolemy/actor/lib/test/auto/PublisherPort4.xml (RunModel)" time="0.02" />
  <testcase classname="ptolemy.util.test.junit.AutoTests" name="[264] /home/travis/build/icyphy/ptII/ptolemy/actor/lib/test/auto/PublisherPort5.xml (RunModel)" time="0.019" />
  <testcase classname="ptolemy.util.test.junit.AutoTests" name="[265] /home/travis/build/icyphy/ptII/ptolemy/actor/lib/test/auto/PublisherPort5LookAlike.xml (RunModel)" time="0.023" />
  <testcase classname="ptolemy.util.test.junit.AutoTests" name="[266] /home/travis/build/icyphy/ptII/ptolemy/actor/lib/test/auto/PublisherPort6.xml (RunModel)" time="0.015" />
  <testcase classname="ptolemy.util.test.junit.AutoTests" name="[267] /home/travis/build/icyphy/ptII/ptolemy/actor/lib/test/auto/PublisherPort7.xml (RunModel)" time="0.018" />
  <testcase classname="ptolemy.util.test.junit.AutoTests" name="[268] /home/travis/build/icyphy/ptII/ptolemy/actor/lib/test/auto/PublisherPort8.xml (RunModel)" time="0.019" />
  <testcase classname="ptolemy.util.test.junit.AutoTests" name="[269] /home/travis/build/icyphy/ptII/ptolemy/actor/lib/test/auto/PublisherPortSubscriberChannelVariablesAOC2.xml (RunModel)" time="0.041" />
  <testcase classname="ptolemy.util.test.junit.AutoTests" name="[270] /home/travis/build/icyphy/ptII/ptolemy/actor/lib/test/auto/PublisherPortSubscriberOpaqueWidthInference.xml (RunModel)" time="0.017" />
  <testcase classname="ptolemy.util.test.junit.AutoTests" name="[271] /home/travis/build/icyphy/ptII/ptolemy/actor/lib/test/auto/PublisherPortSubscriberPortAdjacent.xml (RunModel)" time="0.02" />
  <testcase classname="ptolemy.util.test.junit.AutoTests" name="[272] /home/travis/build/icyphy/ptII/ptolemy/actor/lib/test/auto/PublisherPortSubscriberPortExpression.xml (RunModel)" time="0.029" />
  <testcase classname="ptolemy.util.test.junit.AutoTests" name="[273] /home/travis/build/icyphy/ptII/ptolemy/actor/lib/test/auto/PublisherPortSubscriberPortOpaqueD3Reverse.xml (RunModel)" time="0.025" />
  <testcase classname="ptolemy.util.test.junit.AutoTests" name="[274] /home/travis/build/icyphy/ptII/ptolemy/actor/lib/test/auto/PublisherPortSubscriberPortOpaqueWidthInference.xml (RunModel)" time="0.021" />
  <testcase classname="ptolemy.util.test.junit.AutoTests" name="[275] /home/travis/build/icyphy/ptII/ptolemy/actor/lib/test/auto/PublisherPortToplevelSubscriberPortAOC.xml (RunModel)" time="0.013" />
  <testcase classname="ptolemy.util.test.junit.AutoTests" name="[276] /home/travis/build/icyphy/ptII/ptolemy/actor/lib/test/auto/PublisherSubscriber.xml (RunModel)" time="0.016" />
  <testcase classname="ptolemy.util.test.junit.AutoTests" name="[277] /home/travis/build/icyphy/ptII/ptolemy/actor/lib/test/auto/PublisherSubscriber10.xml (RunModel)" time="0.026" />
  <testcase classname="ptolemy.util.test.junit.AutoTests" name="[278] /home/travis/build/icyphy/ptII/ptolemy/actor/lib/test/auto/PublisherSubscriber10InitialOutputs.xml (RunModel)" time="0.034" />
  <testcase classname="ptolemy.util.test.junit.AutoTests" name="[279] /home/travis/build/icyphy/ptII/ptolemy/actor/lib/test/auto/PublisherSubscriber11.xml (RunModel)" time="0.022" />
  <testcase classname="ptolemy.util.test.junit.AutoTests" name="[280] /home/travis/build/icyphy/ptII/ptolemy/actor/lib/test/auto/PublisherSubscriber12.xml (RunModel)" time="0.018" />
  <testcase classname="ptolemy.util.test.junit.AutoTests" name="[281] /home/travis/build/icyphy/ptII/ptolemy/actor/lib/test/auto/PublisherSubscriber13.xml (RunModel)" time="0.013" />
  <testcase classname="ptolemy.util.test.junit.AutoTests" name="[282] /home/travis/build/icyphy/ptII/ptolemy/actor/lib/test/auto/PublisherSubscriber14.xml (RunModel)" time="0.024" />
  <testcase classname="ptolemy.util.test.junit.AutoTests" name="[283] /home/travis/build/icyphy/ptII/ptolemy/actor/lib/test/auto/PublisherSubscriber2.xml (RunModel)" time="0.024" />
  <testcase classname="ptolemy.util.test.junit.AutoTests" name="[284] /home/travis/build/icyphy/ptII/ptolemy/actor/lib/test/auto/PublisherSubscriber3.xml (RunModel)" time="0.013" />
  <testcase classname="ptolemy.util.test.junit.AutoTests" name="[285] /home/travis/build/icyphy/ptII/ptolemy/actor/lib/test/auto/PublisherSubscriber4.xml (RunModel)" time="0.012" />
  <testcase classname="ptolemy.util.test.junit.AutoTests" name="[286] /home/travis/build/icyphy/ptII/ptolemy/actor/lib/test/auto/PublisherSubscriber5.xml (RunModel)" time="0.014" />
  <testcase classname="ptolemy.util.test.junit.AutoTests" name="[287] /home/travis/build/icyphy/ptII/ptolemy/actor/lib/test/auto/PublisherSubscriber6.xml (RunModel)" time="0.018" />
  <testcase classname="ptolemy.util.test.junit.AutoTests" name="[288] /home/travis/build/icyphy/ptII/ptolemy/actor/lib/test/auto/PublisherSubscriber7.xml (RunModel)" time="0.02" />
  <testcase classname="ptolemy.util.test.junit.AutoTests" name="[289] /home/travis/build/icyphy/ptII/ptolemy/actor/lib/test/auto/PublisherSubscriber8.xml (RunModel)" time="0.045" />
  <testcase classname="ptolemy.util.test.junit.AutoTests" name="[290] /home/travis/build/icyphy/ptII/ptolemy/actor/lib/test/auto/PublisherSubscriber9.xml (RunModel)" time="0.035" />
  <testcase classname="ptolemy.util.test.junit.AutoTests" name="[291] /home/travis/build/icyphy/ptII/ptolemy/actor/lib/test/auto/PublisherSubscriberAdjacent.xml (RunModel)" time="0.017" />
  <testcase classname="ptolemy.util.test.junit.AutoTests" name="[292] /home/travis/build/icyphy/ptII/ptolemy/actor/lib/test/auto/PublisherSubscriberChannelVariablesAOC2.xml (RunModel)" time="0.031" />
  <testcase classname="ptolemy.util.test.junit.AutoTests" name="[293] /home/travis/build/icyphy/ptII/ptolemy/actor/lib/test/auto/PublisherSubscriberD3.xml (RunModel)" time="0.015" />
  <testcase classname="ptolemy.util.test.junit.AutoTests" name="[294] /home/travis/build/icyphy/ptII/ptolemy/actor/lib/test/auto/PublisherSubscriberD3Reverse.xml (RunModel)" time="0.013" />
  <testcase classname="ptolemy.util.test.junit.AutoTests" name="[295] /home/travis/build/icyphy/ptII/ptolemy/actor/lib/test/auto/PublisherSubscriberExpression.xml (RunModel)" time="0.02" />
  <testcase classname="ptolemy.util.test.junit.AutoTests" name="[296] /home/travis/build/icyphy/ptII/ptolemy/actor/lib/test/auto/PublisherSubscriberOpaque.xml (RunModel)" time="0.017" />
  <testcase classname="ptolemy.util.test.junit.AutoTests" name="[297] /home/travis/build/icyphy/ptII/ptolemy/actor/lib/test/auto/PublisherSubscriberOpaqueD3.xml (RunModel)" time="0.025" />
  <testcase classname="ptolemy.util.test.junit.AutoTests" name="[298] /home/travis/build/icyphy/ptII/ptolemy/actor/lib/test/auto/PublisherSubscriberOpaqueD3Reverse.xml (RunModel)" time="0.026" />
  <testcase classname="ptolemy.util.test.junit.AutoTests" name="[299] /home/travis/build/icyphy/ptII/ptolemy/actor/lib/test/auto/PublisherSubscriberOpaqueWidthInference.xml (RunModel)" time="0.019" />
  <testcase classname="ptolemy.util.test.junit.AutoTests" name="[300] /home/travis/build/icyphy/ptII/ptolemy/actor/lib/test/auto/PublisherTestSubscriber.xml (RunModel)" time="0.018" />
  <testcase classname="ptolemy.util.test.junit.AutoTests" name="[301] /home/travis/build/icyphy/ptII/ptolemy/actor/lib/test/auto/PublisherToplevelSubscriberPortAOC.xml (RunModel)" time="0.013" />
  <testcase classname="ptolemy.util.test.junit.AutoTests" name="[302] /home/travis/build/icyphy/ptII/ptolemy/actor/lib/test/auto/PulseFiringLimitDE.xml (RunModel)" time="0.017" />
  <testcase classname="ptolemy.util.test.junit.AutoTests" name="[303] /home/travis/build/icyphy/ptII/ptolemy/actor/lib/test/auto/Ramp1.xml (RunModel)" time="0.008" />
  <testcase classname="ptolemy.util.test.junit.AutoTests" name="[304] /home/travis/build/icyphy/ptII/ptolemy/actor/lib/test/auto/RampFiringLimitDE.xml (RunModel)" time="0.011" />
  <testcase classname="ptolemy.util.test.junit.AutoTests" name="[305] /home/travis/build/icyphy/ptII/ptolemy/actor/lib/test/auto/RampFiringLimitSDF.xml (RunModel)" time="0.01" />
  <testcase classname="ptolemy.util.test.junit.AutoTests" name="[306] /home/travis/build/icyphy/ptII/ptolemy/actor/lib/test/auto/RandomInteger.xml (RunModel)" time="0.009" />
  <testcase classname="ptolemy.util.test.junit.AutoTests" name="[307] /home/travis/build/icyphy/ptII/ptolemy/actor/lib/test/auto/ReadFile1.xml (RunModel)" time="0.008" />
  <testcase classname="ptolemy.util.test.junit.AutoTests" name="[308] /home/travis/build/icyphy/ptII/ptolemy/actor/lib/test/auto/ReadFile2.xml (RunModel)" time="0.008" />
  <testcase classname="ptolemy.util.test.junit.AutoTests" name="[309] /home/travis/build/icyphy/ptII/ptolemy/actor/lib/test/auto/Reader.xml (RunModel)" time="0.016" />
  <testcase classname="ptolemy.util.test.junit.AutoTests" name="[310] /home/travis/build/icyphy/ptII/ptolemy/actor/lib/test/auto/RecordAssemblerDisplayNameTest.xml (RunModel)" time="3.597" />
  <testcase classname="ptolemy.util.test.junit.AutoTests" name="[311] /home/travis/build/icyphy/ptII/ptolemy/actor/lib/test/auto/RecordAssemblerTypeError.xml (RunModel)" time="0.033" />
  <testcase classname="ptolemy.util.test.junit.AutoTests" name="[312] /home/travis/build/icyphy/ptII/ptolemy/actor/lib/test/auto/RecordDisassember.xml (RunModel)" time="0.016" />
  <testcase classname="ptolemy.util.test.junit.AutoTests" name="[313] /home/travis/build/icyphy/ptII/ptolemy/actor/lib/test/auto/RecordDisassemberDisplayNameTest.xml (RunModel)" time="0.02" />
  <testcase classname="ptolemy.util.test.junit.AutoTests" name="[314] /home/travis/build/icyphy/ptII/ptolemy/actor/lib/test/auto/RecordDisassembler.xml (RunModel)" time="0.01" />
  <testcase classname="ptolemy.util.test.junit.AutoTests" name="[315] /home/travis/build/icyphy/ptII/ptolemy/actor/lib/test/auto/RecordDisassembler2.xml (RunModel)" time="0.012" />
  <testcase classname="ptolemy.util.test.junit.AutoTests" name="[316] /home/travis/build/icyphy/ptII/ptolemy/actor/lib/test/auto/RecordUpdater.xml (RunModel)" time="0.011" />
  <testcase classname="ptolemy.util.test.junit.AutoTests" name="[317] /home/travis/build/icyphy/ptII/ptolemy/actor/lib/test/auto/RecordUpdater2.xml (RunModel)" time="0.01" />
  <testcase classname="ptolemy.util.test.junit.AutoTests" name="[318] /home/travis/build/icyphy/ptII/ptolemy/actor/lib/test/auto/RecursiveLattice.xml (RunModel)" time="0.01" />
  <testcase classname="ptolemy.util.test.junit.AutoTests" name="[319] /home/travis/build/icyphy/ptII/ptolemy/actor/lib/test/auto/Router.xml (RunModel)" time="3.027" />
  <testcase classname="ptolemy.util.test.junit.AutoTests" name="[320] /home/travis/build/icyphy/ptII/ptolemy/actor/lib/test/auto/Router2.xml (RunModel)" time="3.052" />
  <testcase classname="ptolemy.util.test.junit.AutoTests" name="[321] /home/travis/build/icyphy/ptII/ptolemy/actor/lib/test/auto/RunningMaximum.xml (RunModel)" time="0.021" />
  <testcase classname="ptolemy.util.test.junit.AutoTests" name="[322] /home/travis/build/icyphy/ptII/ptolemy/actor/lib/test/auto/RunningMinimum.xml (RunModel)" time="0.019" />
  <testcase classname="ptolemy.util.test.junit.AutoTests" name="[323] /home/travis/build/icyphy/ptII/ptolemy/actor/lib/test/auto/Scale.xml (RunModel)" time="0.009" />
  <testcase classname="ptolemy.util.test.junit.AutoTests" name="[324] /home/travis/build/icyphy/ptII/ptolemy/actor/lib/test/auto/Scale2.xml (RunModel)" time="0.01" />
  <testcase classname="ptolemy.util.test.junit.AutoTests" name="[325] /home/travis/build/icyphy/ptII/ptolemy/actor/lib/test/auto/Scale3.xml (RunModel)" time="0.014" />
  <testcase classname="ptolemy.util.test.junit.AutoTests" name="[326] /home/travis/build/icyphy/ptII/ptolemy/actor/lib/test/auto/ScaleArray.xml (RunModel)" time="0.008" />
  <testcase classname="ptolemy.util.test.junit.AutoTests" name="[327] /home/travis/build/icyphy/ptII/ptolemy/actor/lib/test/auto/ScaleArray2.xml (RunModel)" time="0.009" />
  <testcase classname="ptolemy.util.test.junit.AutoTests" name="[328] /home/travis/build/icyphy/ptII/ptolemy/actor/lib/test/auto/ScaleMatrix.xml (RunModel)" time="0.134" />
  <testcase classname="ptolemy.util.test.junit.AutoTests" name="[329] /home/travis/build/icyphy/ptII/ptolemy/actor/lib/test/auto/Select.xml (RunModel)" time="0.015" />
  <testcase classname="ptolemy.util.test.junit.AutoTests" name="[330] /home/travis/build/icyphy/ptII/ptolemy/actor/lib/test/auto/Select2.xml (RunModel)" time="0.008" />
  <testcase classname="ptolemy.util.test.junit.AutoTests" name="[331] /home/travis/build/icyphy/ptII/ptolemy/actor/lib/test/auto/SequenceToArray2.xml (RunModel)" time="0.123" />
  <testcase classname="ptolemy.util.test.junit.AutoTests" name="[332] /home/travis/build/icyphy/ptII/ptolemy/actor/lib/test/auto/SequentialClock.xml (RunModel)" time="0.027" />
  <testcase classname="ptolemy.util.test.junit.AutoTests" name="[333] /home/travis/build/icyphy/ptII/ptolemy/actor/lib/test/auto/SetVariable.xml (RunModel)" time="0.01" />
  <testcase classname="ptolemy.util.test.junit.AutoTests" name="[334] /home/travis/build/icyphy/ptII/ptolemy/actor/lib/test/auto/SetVariable2.xml (RunModel)" time="0.011" />
  <testcase classname="ptolemy.util.test.junit.AutoTests" name="[335] /home/travis/build/icyphy/ptII/ptolemy/actor/lib/test/auto/SetVariable3.xml (RunModel)" time="0.018" />
  <testcase classname="ptolemy.util.test.junit.AutoTests" name="[336] /home/travis/build/icyphy/ptII/ptolemy/actor/lib/test/auto/SetVariable4.xml (RunModel)" time="0.029" />
  <testcase classname="ptolemy.util.test.junit.AutoTests" name="[337] /home/travis/build/icyphy/ptII/ptolemy/actor/lib/test/auto/SetVariable5.xml (RunModel)" time="0.041" />
  <testcase classname="ptolemy.util.test.junit.AutoTests" name="[338] /home/travis/build/icyphy/ptII/ptolemy/actor/lib/test/auto/Sinewave.xml (RunModel)" time="0.027" />
  <testcase classname="ptolemy.util.test.junit.AutoTests" name="[339] /home/travis/build/icyphy/ptII/ptolemy/actor/lib/test/auto/Sinewave2.xml (RunModel)" time="0.016" />
  <testcase classname="ptolemy.util.test.junit.AutoTests" name="[340] /home/travis/build/icyphy/ptII/ptolemy/actor/lib/test/auto/Sinewave3.xml (RunModel)" time="0.021" />
  <testcase classname="ptolemy.util.test.junit.AutoTests" name="[341] /home/travis/build/icyphy/ptII/ptolemy/actor/lib/test/auto/SingleEvent.xml (RunModel)" time="0.01" />
  <testcase classname="ptolemy.util.test.junit.AutoTests" name="[342] /home/travis/build/icyphy/ptII/ptolemy/actor/lib/test/auto/Sleep.xml (RunModel)" time="6.025" />
  <testcase classname="ptolemy.util.test.junit.AutoTests" name="[343] /home/travis/build/icyphy/ptII/ptolemy/actor/lib/test/auto/SleepMultipleFire.xml (RunModel)" time="1.023" />
  <testcase classname="ptolemy.util.test.junit.AutoTests" name="[344] /home/travis/build/icyphy/ptII/ptolemy/actor/lib/test/auto/StopDE.xml (RunModel)" time="0.019" />
  <testcase classname="ptolemy.util.test.junit.AutoTests" name="[345] /home/travis/build/icyphy/ptII/ptolemy/actor/lib/test/auto/StopSDF.xml (RunModel)" time="0.014" />
  <testcase classname="ptolemy.util.test.junit.AutoTests" name="[346] /home/travis/build/icyphy/ptII/ptolemy/actor/lib/test/auto/StringConstant.xml (RunModel)" time="0.018" />
  <testcase classname="ptolemy.util.test.junit.AutoTests" name="[347] /home/travis/build/icyphy/ptII/ptolemy/actor/lib/test/auto/SubscriberPortInitialValues1.xml (RunModel)" time="0.029" />
  <testcase classname="ptolemy.util.test.junit.AutoTests" name="[348] /home/travis/build/icyphy/ptII/ptolemy/actor/lib/test/auto/SubscriberPortInitialValues13.xml (RunModel)" time="0.043" />
  <testcase classname="ptolemy.util.test.junit.AutoTests" name="[349] /home/travis/build/icyphy/ptII/ptolemy/actor/lib/test/auto/SubscriberPortInitialValues14.xml (RunModel)" time="0.018" />
  <testcase classname="ptolemy.util.test.junit.AutoTests" name="[350] /home/travis/build/icyphy/ptII/ptolemy/actor/lib/test/auto/SubscriberPortInitialValues2.xml (RunModel)" time="0.022" />
  <testcase classname="ptolemy.util.test.junit.AutoTests" name="[351] /home/travis/build/icyphy/ptII/ptolemy/actor/lib/test/auto/SubscriberPortInitialValues3.xml (RunModel)" time="0.022" />
  <testcase classname="ptolemy.util.test.junit.AutoTests" name="[352] /home/travis/build/icyphy/ptII/ptolemy/actor/lib/test/auto/SubscriptionAggregator.xml (RunModel)" time="0.013" />
  <testcase classname="ptolemy.util.test.junit.AutoTests" name="[353] /home/travis/build/icyphy/ptII/ptolemy/actor/lib/test/auto/SubscriptionAggregator2.xml (RunModel)" time="0.014" />
  <testcase classname="ptolemy.util.test.junit.AutoTests" name="[354] /home/travis/build/icyphy/ptII/ptolemy/actor/lib/test/auto/SubscriptionAggregator3.xml (RunModel)" time="0.017" />
  <testcase classname="ptolemy.util.test.junit.AutoTests" name="[355] /home/travis/build/icyphy/ptII/ptolemy/actor/lib/test/auto/SubscriptionAggregatorMultiply.xml (RunModel)" time="0.031" />
  <testcase classname="ptolemy.util.test.junit.AutoTests" name="[356] /home/travis/build/icyphy/ptII/ptolemy/actor/lib/test/auto/SubscriptionAggregatorPortMultiply1.xml (RunModel)" time="0.015" />
  <testcase classname="ptolemy.util.test.junit.AutoTests" name="[357] /home/travis/build/icyphy/ptII/ptolemy/actor/lib/test/auto/Switch.xml (RunModel)" time="0.023" />
  <testcase classname="ptolemy.util.test.junit.AutoTests" name="[358] /home/travis/build/icyphy/ptII/ptolemy/actor/lib/test/auto/Switch2.xml (RunModel)" time="0.012" />
  <testcase classname="ptolemy.util.test.junit.AutoTests" name="[359] /home/travis/build/icyphy/ptII/ptolemy/actor/lib/test/auto/SwitchDE.xml (RunModel)" time="0.015" />
  <testcase classname="ptolemy.util.test.junit.AutoTests" name="[360] /home/travis/build/icyphy/ptII/ptolemy/actor/lib/test/auto/SynchronizerDE.xml (RunModel)" time="0.025" />
  <testcase classname="ptolemy.util.test.junit.AutoTests" name="[361] /home/travis/build/icyphy/ptII/ptolemy/actor/lib/test/auto/Test.xml (RunModel)" time="0.017" />
  <testcase classname="ptolemy.util.test.junit.AutoTests" name="[362] /home/travis/build/icyphy/ptII/ptolemy/actor/lib/test/auto/TestExceptionAttribute1.xml (RunModel)" time="0.017" />
  <testcase classname="ptolemy.util.test.junit.AutoTests" name="[363] /home/travis/build/icyphy/ptII/ptolemy/actor/lib/test/auto/TestExceptionAttribute2.xml (RunModel)" time="0.008" />
  <testcase classname="ptolemy.util.test.junit.AutoTests" name="[364] /home/travis/build/icyphy/ptII/ptolemy/actor/lib/test/auto/TestExceptionAttribute3.xml (RunModel)" time="0.013" />
  <testcase classname="ptolemy.util.test.junit.AutoTests" name="[365] /home/travis/build/icyphy/ptII/ptolemy/actor/lib/test/auto/TestExceptionAttribute4.xml (RunModel)" time="0.009" />
  <testcase classname="ptolemy.util.test.junit.AutoTests" name="[366] /home/travis/build/icyphy/ptII/ptolemy/actor/lib/test/auto/TestExceptionHandler1.xml (RunModel)" time="0.007" />
  <testcase classname="ptolemy.util.test.junit.AutoTests" name="[367] /home/travis/build/icyphy/ptII/ptolemy/actor/lib/test/auto/TestExceptionHandler2.xml (RunModel)" time="0.014" />
  <testcase classname="ptolemy.util.test.junit.AutoTests" name="[368] /home/travis/build/icyphy/ptII/ptolemy/actor/lib/test/auto/TestExceptionHandler3.xml (RunModel)" time="0.008" />
  <testcase classname="ptolemy.util.test.junit.AutoTests" name="[369] /home/travis/build/icyphy/ptII/ptolemy/actor/lib/test/auto/TestExceptionHandler4.xml (RunModel)" time="0.006" />
  <testcase classname="ptolemy.util.test.junit.AutoTests" name="[370] /home/travis/build/icyphy/ptII/ptolemy/actor/lib/test/auto/TestRequireCorrectOrder.xml (RunModel)" time="0.015" />
  <testcase classname="ptolemy.util.test.junit.AutoTests" name="[371] /home/travis/build/icyphy/ptII/ptolemy/actor/lib/test/auto/TestSimple.xml (RunModel)" time="0.007" />
  <testcase classname="ptolemy.util.test.junit.AutoTests" name="[372] /home/travis/build/icyphy/ptII/ptolemy/actor/lib/test/auto/ThrowModelError.xml (RunModel)" time="0.011" />
  <testcase classname="ptolemy.util.test.junit.AutoTests" name="[373] /home/travis/build/icyphy/ptII/ptolemy/actor/lib/test/auto/TimeDelayMicrosteps.xml (RunModel)" time="0.015" />
  <testcase classname="ptolemy.util.test.junit.AutoTests" name="[374] /home/travis/build/icyphy/ptII/ptolemy/actor/lib/test/auto/TimeDelayMicrosteps2.xml (RunModel)" time="0.015" />
  <testcase classname="ptolemy.util.test.junit.AutoTests" name="[375] /home/travis/build/icyphy/ptII/ptolemy/actor/lib/test/auto/TimeDelayMicrosteps3.xml (RunModel)" time="0.012" />
  <testcase classname="ptolemy.util.test.junit.AutoTests" name="[376] /home/travis/build/icyphy/ptII/ptolemy/actor/lib/test/auto/TimeDelayVariableMicrosteps.xml (RunModel)" time="0.013" />
  <testcase classname="ptolemy.util.test.junit.AutoTests" name="[377] /home/travis/build/icyphy/ptII/ptolemy/actor/lib/test/auto/TimeGap.xml (RunModel)" time="0.016" />
  <testcase classname="ptolemy.util.test.junit.AutoTests" name="[378] /home/travis/build/icyphy/ptII/ptolemy/actor/lib/test/auto/TimeGap2.xml (RunModel)" time="0.01" />
  <testcase classname="ptolemy.util.test.junit.AutoTests" name="[379] /home/travis/build/icyphy/ptII/ptolemy/actor/lib/test/auto/TimedSinewave.xml (RunModel)" time="0.088" />
  <testcase classname="ptolemy.util.test.junit.AutoTests" name="[380] /home/travis/build/icyphy/ptII/ptolemy/actor/lib/test/auto/TimedSinewavePhase.xml (RunModel)" time="0.032" />
  <testcase classname="ptolemy.util.test.junit.AutoTests" name="[381] /home/travis/build/icyphy/ptII/ptolemy/actor/lib/test/auto/Timer.xml (RunModel)" time="0.014" />
  <testcase classname="ptolemy.util.test.junit.AutoTests" name="[382] /home/travis/build/icyphy/ptII/ptolemy/actor/lib/test/auto/TriangularDistTestModel.xml (RunModel)" time="0.02" />
  <testcase classname="ptolemy.util.test.junit.AutoTests" name="[383] /home/travis/build/icyphy/ptII/ptolemy/actor/lib/test/auto/TrigFunction.xml (RunModel)" time="0.011" />
  <testcase classname="ptolemy.util.test.junit.AutoTests" name="[384] /home/travis/build/icyphy/ptII/ptolemy/actor/lib/test/auto/TrigFunctionDE.xml (RunModel)" time="0.012" />
  <testcase classname="ptolemy.util.test.junit.AutoTests" name="[385] /home/travis/build/icyphy/ptII/ptolemy/actor/lib/test/auto/TrigFunctionInverse.xml (RunModel)" time="0.012" />
  <testcase classname="ptolemy.util.test.junit.AutoTests" name="[386] /home/travis/build/icyphy/ptII/ptolemy/actor/lib/test/auto/TrigFunctionTan.xml (RunModel)" time="0.008" />
  <testcase classname="ptolemy.util.test.junit.AutoTests" name="[387] /home/travis/build/icyphy/ptII/ptolemy/actor/lib/test/auto/TriggeredClock.xml (RunModel)" time="0.01" />
  <testcase classname="ptolemy.util.test.junit.AutoTests" name="[388] /home/travis/build/icyphy/ptII/ptolemy/actor/lib/test/auto/URLDirectoryReader.xml (RunModel)" time="0.154" />
  <testcase classname="ptolemy.util.test.junit.AutoTests" name="[389] /home/travis/build/icyphy/ptII/ptolemy/actor/lib/test/auto/URLDirectoryReader3.xml (RunModel)" time="1.413" />
  <testcase classname="ptolemy.util.test.junit.AutoTests" name="[390] /home/travis/build/icyphy/ptII/ptolemy/actor/lib/test/auto/UnaryMathFunction.xml (RunModel)" time="0.028" />
  <testcase classname="ptolemy.util.test.junit.AutoTests" name="[391] /home/travis/build/icyphy/ptII/ptolemy/actor/lib/test/auto/Uniform.xml (RunModel)" time="0.016" />
  <testcase classname="ptolemy.util.test.junit.AutoTests" name="[392] /home/travis/build/icyphy/ptII/ptolemy/actor/lib/test/auto/UnionDisassemblerTest.xml (RunModel)" time="0.018" />
  <testcase classname="ptolemy.util.test.junit.AutoTests" name="[393] /home/travis/build/icyphy/ptII/ptolemy/actor/lib/test/auto/UtilityFunctions.xml (RunModel)" time="0.009" />
  <testcase classname="ptolemy.util.test.junit.AutoTests" name="[394] /home/travis/build/icyphy/ptII/ptolemy/actor/lib/test/auto/VariableSleep.xml (RunModel)" time="0.514" />
  <testcase classname="ptolemy.util.test.junit.AutoTests" name="[395] /home/travis/build/icyphy/ptII/ptolemy/actor/lib/test/auto/VectorAssemblerDisassemblerCT.xml (RunModel)" time="0.134" />
  <testcase classname="ptolemy.util.test.junit.AutoTests" name="[396] /home/travis/build/icyphy/ptII/ptolemy/actor/lib/test/auto/VectorAssemblerDisassemblerDE.xml (RunModel)" time="0.029" />
  <testcase classname="ptolemy.util.test.junit.AutoTests" name="[397] /home/travis/build/icyphy/ptII/ptolemy/actor/lib/test/auto/VectorAssemblerDisassemblerSDF.xml (RunModel)" time="0.015" />
  <testcase classname="ptolemy.util.test.junit.AutoTests" name="[398] /home/travis/build/icyphy/ptII/ptolemy/actor/lib/test/auto/WallClockTime.xml (RunModel)" time="1.014" />
  <testcase classname="ptolemy.util.test.junit.AutoTests" name="[399] /home/travis/build/icyphy/ptII/ptolemy/actor/lib/test/auto/WidthTestWithSubscriberPublisher.xml (RunModel)" time="0.047" />
  <testcase classname="ptolemy.util.test.junit.AutoTests" name="[400] /home/travis/build/icyphy/ptII/ptolemy/actor/lib/test/auto/WidthTestWithSubscriberPublisher2.xml (RunModel)" time="0.012" />
  <testcase classname="ptolemy.util.test.junit.AutoTests" name="[401] /home/travis/build/icyphy/ptII/ptolemy/actor/lib/test/auto/WidthTestWithSubscriberPublisher3.xml (RunModel)" time="0.009" />
  <testcase classname="ptolemy.util.test.junit.AutoTests" name="[402] /home/travis/build/icyphy/ptII/ptolemy/actor/lib/test/auto/Writer.xml (RunModel)" time="0.007" />
  <testcase classname="ptolemy.util.test.junit.AutoTests" name="[403] /home/travis/build/icyphy/ptII/ptolemy/actor/lib/test/auto/array.xml (RunModel)" time="0.021" />
  <testcase classname="ptolemy.util.test.junit.AutoTests" name="[404] /home/travis/build/icyphy/ptII/ptolemy/actor/lib/test/auto/array2.xml (RunModel)" time="0.025" />
  <testcase classname="ptolemy.util.test.junit.AutoTests" name="[405] /home/travis/build/icyphy/ptII/ptolemy/actor/lib/test/auto/arrayType.xml (RunModel)" time="0.009" />
  <testcase classname="ptolemy.util.test.junit.AutoTests" name="[406] /home/travis/build/icyphy/ptII/ptolemy/actor/lib/test/auto/arrayType10.xml (RunModel)" time="0.008" />
  <testcase classname="ptolemy.util.test.junit.AutoTests" name="[407] /home/travis/build/icyphy/ptII/ptolemy/actor/lib/test/auto/arrayType11.xml (RunModel)" time="0.008" />
  <testcase classname="ptolemy.util.test.junit.AutoTests" name="[408] /home/travis/build/icyphy/ptII/ptolemy/actor/lib/test/auto/arrayType12.xml (RunModel)" time="0.008" />
  <testcase classname="ptolemy.util.test.junit.AutoTests" name="[409] /home/travis/build/icyphy/ptII/ptolemy/actor/lib/test/auto/arrayType13.xml (RunModel)" time="0.008" />
  <testcase classname="ptolemy.util.test.junit.AutoTests" name="[410] /home/travis/build/icyphy/ptII/ptolemy/actor/lib/test/auto/arrayType14.xml (RunModel)" time="0.008" />
  <testcase classname="ptolemy.util.test.junit.AutoTests" name="[411] /home/travis/build/icyphy/ptII/ptolemy/actor/lib/test/auto/arrayType15.xml (RunModel)" time="0.01" />
  <testcase classname="ptolemy.util.test.junit.AutoTests" name="[412] /home/travis/build/icyphy/ptII/ptolemy/actor/lib/test/auto/arrayType16.xml (RunModel)" time="0.007" />
  <testcase classname="ptolemy.util.test.junit.AutoTests" name="[413] /home/travis/build/icyphy/ptII/ptolemy/actor/lib/test/auto/arrayType17.xml (RunModel)" time="0.01" />
  <testcase classname="ptolemy.util.test.junit.AutoTests" name="[414] /home/travis/build/icyphy/ptII/ptolemy/actor/lib/test/auto/arrayType18.xml (RunModel)" time="0.007" />
  <testcase classname="ptolemy.util.test.junit.AutoTests" name="[415] /home/travis/build/icyphy/ptII/ptolemy/actor/lib/test/auto/arrayType19.xml (RunModel)" time="0.007" />
  <testcase classname="ptolemy.util.test.junit.AutoTests" name="[416] /home/travis/build/icyphy/ptII/ptolemy/actor/lib/test/auto/arrayType2.xml (RunModel)" time="0.008" />
  <testcase classname="ptolemy.util.test.junit.AutoTests" name="[417] /home/travis/build/icyphy/ptII/ptolemy/actor/lib/test/auto/arrayType20.xml (RunModel)" time="0.007" />
  <testcase classname="ptolemy.util.test.junit.AutoTests" name="[418] /home/travis/build/icyphy/ptII/ptolemy/actor/lib/test/auto/arrayType21.xml (RunModel)" time="0.007" />
  <testcase classname="ptolemy.util.test.junit.AutoTests" name="[419] /home/travis/build/icyphy/ptII/ptolemy/actor/lib/test/auto/arrayType22.xml (RunModel)" time="0.008" />
  <testcase classname="ptolemy.util.test.junit.AutoTests" name="[420] /home/travis/build/icyphy/ptII/ptolemy/actor/lib/test/auto/arrayType23.xml (RunModel)" time="0.007" />
  <testcase classname="ptolemy.util.test.junit.AutoTests" name="[421] /home/travis/build/icyphy/ptII/ptolemy/actor/lib/test/auto/arrayType24.xml (RunModel)" time="0.009" />
  <testcase classname="ptolemy.util.test.junit.AutoTests" name="[422] /home/travis/build/icyphy/ptII/ptolemy/actor/lib/test/auto/arrayType25.xml (RunModel)" time="0.009" />
  <testcase classname="ptolemy.util.test.junit.AutoTests" name="[423] /home/travis/build/icyphy/ptII/ptolemy/actor/lib/test/auto/arrayType26.xml (RunModel)" time="0.008" />
  <testcase classname="ptolemy.util.test.junit.AutoTests" name="[424] /home/travis/build/icyphy/ptII/ptolemy/actor/lib/test/auto/arrayType27.xml (RunModel)" time="0.008" />
  <testcase classname="ptolemy.util.test.junit.AutoTests" name="[425] /home/travis/build/icyphy/ptII/ptolemy/actor/lib/test/auto/arrayType28.xml (RunModel)" time="0.009" />
  <testcase classname="ptolemy.util.test.junit.AutoTests" name="[426] /home/travis/build/icyphy/ptII/ptolemy/actor/lib/test/auto/arrayType3.xml (RunModel)" time="0.008" />
  <testcase classname="ptolemy.util.test.junit.AutoTests" name="[427] /home/travis/build/icyphy/ptII/ptolemy/actor/lib/test/auto/arrayType4.xml (RunModel)" time="0.009" />
  <testcase classname="ptolemy.util.test.junit.AutoTests" name="[428] /home/travis/build/icyphy/ptII/ptolemy/actor/lib/test/auto/arrayType5.xml (RunModel)" time="0.009" />
  <testcase classname="ptolemy.util.test.junit.AutoTests" name="[429] /home/travis/build/icyphy/ptII/ptolemy/actor/lib/test/auto/arrayType6.xml (RunModel)" time="0.007" />
  <testcase classname="ptolemy.util.test.junit.AutoTests" name="[430] /home/travis/build/icyphy/ptII/ptolemy/actor/lib/test/auto/arrayType7.xml (RunModel)" time="0.012" />
  <testcase classname="ptolemy.util.test.junit.AutoTests" name="[431] /home/travis/build/icyphy/ptII/ptolemy/actor/lib/test/auto/arrayType8.xml (RunModel)" time="0.019" />
  <testcase classname="ptolemy.util.test.junit.AutoTests" name="[432] /home/travis/build/icyphy/ptII/ptolemy/actor/lib/test/auto/arrayType9.xml (RunModel)" time="0.007" />
  <testcase classname="ptolemy.util.test.junit.AutoTests" name="[433] /home/travis/build/icyphy/ptII/ptolemy/actor/lib/test/auto/cast.xml (RunModel)" time="0.009" />
  <testcase classname="ptolemy.util.test.junit.AutoTests" name="[434] /home/travis/build/icyphy/ptII/ptolemy/actor/lib/test/auto/compositeMultiPort.xml (RunModel)" time="0.017" />
  <testcase classname="ptolemy.util.test.junit.AutoTests" name="[435] /home/travis/build/icyphy/ptII/ptolemy/actor/lib/test/auto/expressionCastInference.xml (RunModel)" time="0.008" />
  <testcase classname="ptolemy.util.test.junit.AutoTests" name="[436] /home/travis/build/icyphy/ptII/ptolemy/actor/lib/test/auto/expressionCastInference2.xml (RunModel)" time="0.007" />
  <testcase classname="ptolemy.util.test.junit.AutoTests" name="[437] /home/travis/build/icyphy/ptII/ptolemy/actor/lib/test/auto/expressionInference.xml (RunModel)" time="0.006" />
  <testcase classname="ptolemy.util.test.junit.AutoTests" name="[438] /home/travis/build/icyphy/ptII/ptolemy/actor/lib/test/auto/expression_bug.xml (RunModel)" time="0.007" />
  <testcase classname="ptolemy.util.test.junit.AutoTests" name="[439] /home/travis/build/icyphy/ptII/ptolemy/actor/lib/test/auto/factorial.xml (RunModel)" time="0.051" />
  <testcase classname="ptolemy.util.test.junit.AutoTests" name="[440] /home/travis/build/icyphy/ptII/ptolemy/actor/lib/test/auto/filterTest1.xml (RunModel)" time="0.036" />
  <testcase classname="ptolemy.util.test.junit.AutoTests" name="[441] /home/travis/build/icyphy/ptII/ptolemy/actor/lib/test/auto/funcApplyInConst.xml (RunModel)" time="0.035" />
  <testcase classname="ptolemy.util.test.junit.AutoTests" name="[442] /home/travis/build/icyphy/ptII/ptolemy/actor/lib/test/auto/funcApplyInExpr.xml (RunModel)" time="0.029" />
  <testcase classname="ptolemy.util.test.junit.AutoTests" name="[443] /home/travis/build/icyphy/ptII/ptolemy/actor/lib/test/auto/function.xml (RunModel)" time="0.034" />
  <testcase classname="ptolemy.util.test.junit.AutoTests" name="[444] /home/travis/build/icyphy/ptII/ptolemy/actor/lib/test/auto/function2.xml (RunModel)" time="0.033" />
  <testcase classname="ptolemy.util.test.junit.AutoTests" name="[445] /home/travis/build/icyphy/ptII/ptolemy/actor/lib/test/auto/function3.xml (RunModel)" time="0.059" />
  <testcase classname="ptolemy.util.test.junit.AutoTests" name="[446] /home/travis/build/icyphy/ptII/ptolemy/actor/lib/test/auto/functionClosureTest1.xml (RunModel)" time="0.044" />
  <testcase classname="ptolemy.util.test.junit.AutoTests" name="[447] /home/travis/build/icyphy/ptII/ptolemy/actor/lib/test/auto/functionClosureTest2.xml (RunModel)" time="0.026" />
  <testcase classname="ptolemy.util.test.junit.AutoTests" name="[448] /home/travis/build/icyphy/ptII/ptolemy/actor/lib/test/auto/functionClosureTest3.xml (RunModel)" time="0.031" />
  <testcase classname="ptolemy.util.test.junit.AutoTests" name="[449] /home/travis/build/icyphy/ptII/ptolemy/actor/lib/test/auto/functionClosureTest4.xml (RunModel)" time="0.017" />
  <testcase classname="ptolemy.util.test.junit.AutoTests" name="[450] /home/travis/build/icyphy/ptII/ptolemy/actor/lib/test/auto/functionClosureTest5.xml (RunModel)" time="0.013" />
  <testcase classname="ptolemy.util.test.junit.AutoTests" name="[451] /home/travis/build/icyphy/ptII/ptolemy/actor/lib/test/auto/functionClosureTest6.xml (RunModel)" time="0.01" />
  <testcase classname="ptolemy.util.test.junit.AutoTests" name="[452] /home/travis/build/icyphy/ptII/ptolemy/actor/lib/test/auto/functionsOnArcs.xml (RunModel)" time="0.013" />
  <testcase classname="ptolemy.util.test.junit.AutoTests" name="[453] /home/travis/build/icyphy/ptII/ptolemy/actor/lib/test/auto/functionsOnArcsHOF.xml (RunModel)" time="0.013" />
  <testcase classname="ptolemy.util.test.junit.AutoTests" name="[454] /home/travis/build/icyphy/ptII/ptolemy/actor/lib/test/auto/logic.xml (RunModel)" time="0.018" />
  <testcase classname="ptolemy.util.test.junit.AutoTests" name="[455] /home/travis/build/icyphy/ptII/ptolemy/actor/lib/test/auto/matrixType.xml (RunModel)" time="0.009" />
  <testcase classname="ptolemy.util.test.junit.AutoTests" name="[456] /home/travis/build/icyphy/ptII/ptolemy/actor/lib/test/auto/matrixType10.xml (RunModel)" time="0.01" />
  <testcase classname="ptolemy.util.test.junit.AutoTests" name="[457] /home/travis/build/icyphy/ptII/ptolemy/actor/lib/test/auto/matrixType11.xml (RunModel)" time="0.009" />
  <testcase classname="ptolemy.util.test.junit.AutoTests" name="[458] /home/travis/build/icyphy/ptII/ptolemy/actor/lib/test/auto/matrixType12.xml (RunModel)" time="0.012" />
  <testcase classname="ptolemy.util.test.junit.AutoTests" name="[459] /home/travis/build/icyphy/ptII/ptolemy/actor/lib/test/auto/matrixType13.xml (RunModel)" time="0.01" />
  <testcase classname="ptolemy.util.test.junit.AutoTests" name="[460] /home/travis/build/icyphy/ptII/ptolemy/actor/lib/test/auto/matrixType14.xml (RunModel)" time="0.011" />
  <testcase classname="ptolemy.util.test.junit.AutoTests" name="[461] /home/travis/build/icyphy/ptII/ptolemy/actor/lib/test/auto/matrixType2.xml (RunModel)" time="0.009" />
  <testcase classname="ptolemy.util.test.junit.AutoTests" name="[462] /home/travis/build/icyphy/ptII/ptolemy/actor/lib/test/auto/matrixType3.xml (RunModel)" time="0.011" />
  <testcase classname="ptolemy.util.test.junit.AutoTests" name="[463] /home/travis/build/icyphy/ptII/ptolemy/actor/lib/test/auto/matrixType4.xml (RunModel)" time="0.009" />
  <testcase classname="ptolemy.util.test.junit.AutoTests" name="[464] /home/travis/build/icyphy/ptII/ptolemy/actor/lib/test/auto/matrixType5.xml (RunModel)" time="0.008" />
  <testcase classname="ptolemy.util.test.junit.AutoTests" name="[465] /home/travis/build/icyphy/ptII/ptolemy/actor/lib/test/auto/matrixType6.xml (RunModel)" time="0.009" />
  <testcase classname="ptolemy.util.test.junit.AutoTests" name="[466] /home/travis/build/icyphy/ptII/ptolemy/actor/lib/test/auto/matrixType7.xml (RunModel)" time="0.008" />
  <testcase classname="ptolemy.util.test.junit.AutoTests" name="[467] /home/travis/build/icyphy/ptII/ptolemy/actor/lib/test/auto/matrixType8.xml (RunModel)" time="0.009" />
  <testcase classname="ptolemy.util.test.junit.AutoTests" name="[468] /home/travis/build/icyphy/ptII/ptolemy/actor/lib/test/auto/matrixType9.xml (RunModel)" time="0.008" />
  <testcase classname="ptolemy.util.test.junit.AutoTests" name="[469] /home/travis/build/icyphy/ptII/ptolemy/actor/lib/test/auto/paraFunctest.xml (RunModel)" time="0.007" />
  <testcase classname="ptolemy.util.test.junit.AutoTests" name="[470] /home/travis/build/icyphy/ptII/ptolemy/actor/lib/test/auto/paraFunctest2.xml (RunModel)" time="0.013" />
  <testcase classname="ptolemy.util.test.junit.AutoTests" name="[471] /home/travis/build/icyphy/ptII/ptolemy/actor/lib/test/auto/parameterPassing.xml (RunModel)" time="0.008" />
  <testcase classname="ptolemy.util.test.junit.AutoTests" name="[472] /home/travis/build/icyphy/ptII/ptolemy/actor/lib/test/auto/record.xml (RunModel)" time="0.01" />
  <testcase classname="ptolemy.util.test.junit.AutoTests" name="[473] /home/travis/build/icyphy/ptII/ptolemy/actor/lib/test/auto/sizedarray1.xml (RunModel)" time="0.011" />
  <testcase classname="ptolemy.util.test.junit.AutoTests" name="[474] /home/travis/build/icyphy/ptII/ptolemy/actor/lib/test/auto/sizedarray2.xml (RunModel)" time="0.011" />
  <testcase classname="ptolemy.util.test.junit.AutoTests" name="[475] /home/travis/build/icyphy/ptII/ptolemy/actor/lib/test/auto/twoPublishers.xml (RunModel)" time="0.027" />
  <system-out><![CDATA[/home/travis/build/icyphy/ptII/ptolemy/actor/lib/test/AbsoluteValue.tcl
testDefs.tcl: setting time out to 9000 seconds at Tue Sep 17 05:48:48 UTC 2019
140 ms. Memory: 120832K Free: 85960K (71%)
16 ms. Memory: 120832K Free: 84415K (70%)
14 ms. Memory: 120832K Free: 83398K (69%)
5 ms. Memory: 120832K Free: 82888K (69%)
/home/travis/build/icyphy/ptII/ptolemy/actor/lib/test/AddSubtract.tcl
20 ms. Memory: 120832K Free: 80840K (67%)
17 ms. Memory: 120832K Free: 79816K (66%)
16 ms. Memory: 120832K Free: 79302K (66%)
19 ms. Memory: 120832K Free: 78263K (65%)
85 ms. Memory: 120832K Free: 75720K (63%)
16 ms. Memory: 120832K Free: 74696K (62%)
/home/travis/build/icyphy/ptII/ptolemy/actor/lib/test/Average.tcl
25 ms. Memory: 120832K Free: 73143K (61%)
8 ms. Memory: 120832K Free: 71624K (59%)
/home/travis/build/icyphy/ptII/ptolemy/actor/lib/test/Bernoulli.tcl
6 ms. Memory: 120832K Free: 70071K (58%)
2 ms. Memory: 120832K Free: 70071K (58%)
/home/travis/build/icyphy/ptII/ptolemy/actor/lib/test/Clock.tcl
preinitializing
resolving types
initializing
executing number 1
wrapping up
idle
25 ms. Memory: 120832K Free: 67014K (55%)
Completed execution with 5 iterations
preinitializing
resolving types
initializing
executing number 1
wrapping up
idle
5 ms. Memory: 120832K Free: 66504K (55%)
Completed execution with 5 iterations
preinitializing
resolving types
initializing
executing number 1
wrapping up
idle
16 ms. Memory: 120832K Free: 65983K (55%)
Completed execution with 5 iterations
/home/travis/build/icyphy/ptII/ptolemy/actor/lib/test/Commutator.tcl
17 ms. Memory: 120832K Free: 63942K (53%)
7 ms. Memory: 120832K Free: 62903K (52%)
22 ms. Memory: 120832K Free: 57288K (47%)
/home/travis/build/icyphy/ptII/ptolemy/actor/lib/test/Const.tcl
9 ms. Memory: 120832K Free: 55735K (46%)
7 ms. Memory: 120832K Free: 55240K (46%)
9 ms. Memory: 120832K Free: 54726K (45%)
10 ms. Memory: 120832K Free: 54216K (45%)
4 ms. Memory: 120832K Free: 53192K (44%)
25 ms. Memory: 120832K Free: 51654K (43%)
11 ms. Memory: 120832K Free: 50615K (42%)
5 ms. Memory: 120832K Free: 49591K (41%)
/home/travis/build/icyphy/ptII/ptolemy/actor/lib/test/CurrentTime.tcl
preinitializing
resolving types
initializing
executing number 1
wrapping up
idle
21 ms. Memory: 120832K Free: 48072K (40%)
Completed execution with 11 iterations
/home/travis/build/icyphy/ptII/ptolemy/actor/lib/test/DB.tcl
5 ms. Memory: 120832K Free: 46024K (38%)
36 ms. Memory: 120832K Free: 107207K (89%)
12 ms. Memory: 120832K Free: 106711K (88%)
/home/travis/build/icyphy/ptII/ptolemy/actor/lib/test/DiscreteRandomSource.tcl
preinitializing
resolving types
initializing
executing number 1
wrapping up
idle
12 ms. Memory: 120832K Free: 105687K (87%)
Completed execution with 4 iterations
preinitializing
resolving types
initializing
executing number 1
wrapping up
idle
3 ms. Memory: 120832K Free: 105173K (87%)
Completed execution with 4 iterations
preinitializing
resolving types
initializing
executing number 1
wrapping up
idle
6 ms. Memory: 120832K Free: 104663K (87%)
Completed execution with 4 iterations
preinitializing
26 ms. Memory: 120832K Free: 106493K (88%)
4 ms. Memory: 120832K Free: 106033K (88%)
/home/travis/build/icyphy/ptII/ptolemy/actor/lib/test/Distributor.tcl
4 ms. Memory: 120832K Free: 104461K (86%)
4 ms. Memory: 120832K Free: 103421K (86%)
StreamChangeRequest.changeExecuted(): <deleteEntity name="rec2"/> succeeded
StreamChangeRequest.changeExecuted(): <deleteRelation name="r2"/> succeeded
StreamChangeRequest.changeExecuted(): Record firings per iteration succeeded
8 ms. Memory: 120832K Free: 101008K (84%)
/home/travis/build/icyphy/ptII/ptolemy/actor/lib/test/Exit.tcl
Exit.tcl: this will print a message about Manager.exitAfterWrapup, which can be ignored.
10 ms. Memory: 120832K Free: 98295K (81%)
/home/travis/build/icyphy/ptII/ptolemy/actor/lib/test/Expression.tcl
15 ms. Memory: 120832K Free: 94878K (79%)
4 ms. Memory: 120832K Free: 93840K (78%)
4 ms. Memory: 120832K Free: 93173K (77%)
preinitializing
resolving types
initializing
executing number 1
wrapping up
idle
6 ms. Memory: 120832K Free: 91776K (76%)
Completed execution with 6 iterations
4 ms. Memory: 120832K Free: 90782K (75%)
3 ms. Memory: 120832K Free: 90109K (75%)
6 ms. Memory: 120832K Free: 89115K (74%)
12 ms. Memory: 120832K Free: 106059K (88%)
5 ms. Memory: 120832K Free: 105035K (87%)
/home/travis/build/icyphy/ptII/ptolemy/actor/lib/test/Gaussian.tcl
6 ms. Memory: 120832K Free: 103483K (86%)
sleeping 1 seconds: ..........................................................................................................................................................................................................................................................................................................................................................................................................................................................................................................................................................................................................................................................................................................................................................................................................................................................................................................................................................................................................................................................................................................................................................................................................................................................................................................................................................................................................................................................................................................................................................................................................................................................................................................................................................................................................................................................................................................................................................................................................................................................................................................................................................................................................................................................................................................................................................................................................................................................................................................................................................................................................................................................................................................................................................................................................................................................................................................................................................................................................................................................................................................................................................................................................................................................................................................................................................................................................................................................................................................................................................................................................................................................................................................................................................................................................................................................................................................................................................................................................................................................................................................................................................................................................................................................................................................................................................................................................................................................................................................................................................................................................................................................................................................................................................................................................................................................................................................................................................................................................................................................................................................................................................................................................................................................................................................................................................................................................................................................................................................................................................................................................................................................................................................................................................................................................................................................................................................................................................................................................................................................................................................................................................................................................................................................................................................................................................................................................................................................................................................................................................................................................................................................................................................................................................................................................................................................................................................................................................................................................................................................................................................................................................................................................................................................................................................................................................................................................................................................................................................................................................................................................................................................................................................................................................................................................................................................................................................................................................................................................................................................................................................................................................................................................................................................................................................................................................................................................................................................................................................................................................................................................................................................................................................................................................................................................................................................................................................................................................................................................................................................................................................................................................................................................................................................................................................................................................................................................................................................................................................................................................................................................................................................................................................................................................................................................................................................................................................................................................................................................................................................................................................................................................................................................................................................................................................................................................................................................................................................................................................................................................................................................................................................................................................................................................................................................................................................................................................................................................................................................................................................................................................................................................................................................................................................................................................................................................................................................................................................................................................................................................................................................................................................................................................................................................................................................................................................................................................................................................................................................................................................................................................................................................................................................................................................................................................................................................................................................................................................................................................................................................................................................................................................................................................................................................................................................................................................................................................................................................................................................................................................................................................................................................................................................................................................................................................................................................................................................................................................................................................................................................................................................................................................................................................................................................................................................................................................................................................................................................................................................................................................................................................................................................................................................................................................................................................................................................................................................................................................................................................................................................................................................................................................................................................................................................................................................................................................................................................................................................................................................................................................................................................................................................................................................................................................................................................................................................................................................................................................................................................................................................................................................................................................................................................................................................................................................................................................................................................................................................................................................................................................................................................................................................................................................................................................................................................................................................................................................................................................................................................................................................................................................................................................................................................................................................................................................................................................................................................................................................................................................................................................................................................................................................................................................................................................................................................................................................................................................................................................................................................................................................................................................................................................................................................................................................................................................................................................................................................................................................................................................................................................................................................................................................................................................................................................................................................................................................................................................................................................................................................................................................................................................................................................................................................................................................................................................................................................................................................................................................................................................................................................................................................................................................................................................................................................................................................................................................................................................................................................................................................................................................................................................................................................................................................................................................................................................................................................................................................................................................................................................................................................................................................................................................................................................................................................................................................................................................................................................................................................................................................................................................................................................................................................................................................................................................................................................................................................................................................................................................................................................................................................................................................................................................................................................................................................................................................................................................................................................................................................................................................................................................................................................................................................................................................................................................................................................................................................................................................................................................................................................................................................................................................................................................................................................................................................................................................................................................................................................................................................................................................................................................................................................................................................................................................................................................................................................................................................................................................................................................................................................................................................................................................................................................................................................................................................................................................................................................................................................................................................................................................................................................................................................................................................................................................................................................................................................................................................................................................................................................................................................................................................................................................................................................................................................................................................................................................................................................................................................................................................................................................................................................................................................................................................................................................................................................................................................................................................................................................................................................................................................................................................................................................................................................................................................................................................................................................................................................................................................................................................................................................................................................................................................................................................................................................................................................................................................................................................................................................................................................................................................................................................................................................................................................................................................................................................................................................................................................................................................................................................................................................................................................................................................................................................................................................................................................................................................................................................................................................................................................................................................................................................................................................................................................................................................................................................................................................................................................................................................................................................................................................................................................................................................................................................................................................................................................................................................................................................................................................................................................................................................................................................................................................................................................................................................................................................................................................................................................................................................................................................................................................................................................................................................................................................................................................................................................................................................................................................................................................................................................................................................................................................................................................................................................................................................................................................................................................................................................................................................................................................................................................................................................................................................................................................................................................................................................................................................................................................................................................................................................................................................................................................................................................................................................................................................................................................................................................................................................................................................................................................................................................................................................................................................................................................................................................................................................................................................................................................................................................................................................................................................................................................................................................................................................................................................................................................................................................................................................................................................................................................................................................................................................................................................................................................................................................................................................................................................................................................................................................................................................................................................................................................................................................................................................................................................................................................................................................................................................................................................................................................................................................................................................................................................................................................................................................................................................................................................................................................................................................................................................................................................................................................................................................................................................................................................................................................................................................................................................................................................................................................................................................................................................................................................................................................................................................................................................................................................................................................................................................................................................................................................................................................................................................................................................................................................................................................................................................................................................................................................................................................................................................................................................................................................................................................................................................................................................................................................................................................................................................................................................................................................................................................................................................................................................................................................................................................................................................................................................................................................................................................................................................................................................................................................................................................................................................................................................................................................................................................................................................................................................................................................................................................................................................................................................................................................................................................................................................................................................................................................................................................................................................................................................................................................................................................................................................................................................................................................................................................................................................................................................................................................................................................................................................................................................................................................................................................................................................................................................................................................................................................................................................................................................................................................................................................................................................................................................................................................................................................................................................................................................................................................................................................................................................................................................................................................................................................................................................................................................................................................................................................................................................................................................................................................................................................................................................................................................................................................................................................................................................................................................................................................................................................................................................................................................................................................................................................................................................................................................................................................................................................................................................................................................................................................................................................................................................................................................................................................................................................................................................................................................................................................................................................................................................................................................................................................................................................................................................................................................................................................................................................................................................................................................................................................................................................................................................................................................................................................................................................................................................................................................................................................................................................................................................................................................................................................................................................................................................................................................................................................................................................................................................................................................................................................................................................................................................................................................................................................................................................................................................................................................................................................................................................................................................................................................................................................................................................................................................................................................................................................................................................................................................................................................................................................................................................................................................................................................................................................................................................................................................................................................................................................................................................................................................................................................................................................................................................................................................................................................................................................................................................................................................................................................................................................................................................................................................................................................................................................................................................................................................................................................................................................................................................................................................................................................................................................................................................................................................................................................................................................................................................................................................................................................................................................................................................................................................................................................................................................................................................................................................................................................................................................................................................................................................................................................................................................................................................................................................................................................................................................................................................................................................................................................................................................................................................................................................................................................................................................................................................................7 ms. Memory: 150528K Free: 135595K (90%)
3 ms. Memory: 150528K Free: 135081K (90%)
3 ms. Memory: 150528K Free: 134571K (89%)
6 ms. Memory: 150528K Free: 134057K (89%)
7 ms. Memory: 150528K Free: 133003K (88%)
/home/travis/build/icyphy/ptII/ptolemy/actor/lib/test/IIR.tcl
/home/travis/build/icyphy/ptII/ptolemy/actor/lib/test/Interpolator.tcl
6 ms. Memory: 150528K Free: 128937K (86%)
3 ms. Memory: 150528K Free: 128427K (85%)
5 ms. Memory: 150528K Free: 127899K (85%)
3 ms. Memory: 150528K Free: 127403K (85%)
10 ms. Memory: 150528K Free: 126379K (84%)
6 ms. Memory: 150528K Free: 125355K (83%)
3 ms. Memory: 150528K Free: 124811K (83%)
6 ms. Memory: 150528K Free: 123787K (82%)
8 ms. Memory: 150528K Free: 122779K (82%)
3 ms. Memory: 150528K Free: 121769K (81%)
/home/travis/build/icyphy/ptII/ptolemy/actor/lib/test/MathFunction.tcl
9 ms. Memory: 150528K Free: 119691K (80%)
4 ms. Memory: 150528K Free: 118697K (79%)
8 ms. Memory: 150528K Free: 117673K (78%)
6 ms. Memory: 150528K Free: 117163K (78%)
5 ms. Memory: 150528K Free: 115611K (77%)
14 ms. Memory: 150528K Free: 113547K (75%)
/home/travis/build/icyphy/ptII/ptolemy/actor/lib/test/Maximum.tcl
7 ms. Memory: 150528K Free: 112043K (74%)
8 ms. Memory: 150528K Free: 111019K (74%)
8 ms. Memory: 150528K Free: 110491K (73%)
5 ms. Memory: 150528K Free: 109995K (73%)
/home/travis/build/icyphy/ptII/ptolemy/actor/lib/test/Minimum.tcl
8 ms. Memory: 150528K Free: 107947K (72%)
6 ms. Memory: 150528K Free: 107419K (71%)
3 ms. Memory: 150528K Free: 106923K (71%)
3 ms. Memory: 150528K Free: 105899K (70%)
/home/travis/build/icyphy/ptII/ptolemy/actor/lib/test/MultiplyDivide.tcl
10 ms. Memory: 150528K Free: 104347K (69%)
10 ms. Memory: 150528K Free: 103337K (69%)
5 ms. Memory: 150528K Free: 102827K (68%)
5 ms. Memory: 150528K Free: 101803K (68%)
6 ms. Memory: 150528K Free: 101283K (67%)
/home/travis/build/icyphy/ptII/ptolemy/actor/lib/test/OrderedMerge.tcl
Connections changed on port: inputA
Connections changed on port: inputB
Connections changed on port: output
Connections changed on port: output
Connections changed on port: output
Connections changed on port: input
.top. Preinitializing ...
Invoking preinitialize():  .top.OrderedMerge
Called preinitialize()
Invoking preinitialize():  .top.Ramp
Called preinitialize()
Invoking preinitialize():  .top.Ramp2
Called preinitialize()
Invoking preinitialize():  .top.Test
Called preinitialize()
Connections changed on port: inputA
Connections changed on port: output
Connections changed on port: output
Connections changed on port: input
Connections changed on port: inputB
Connections changed on port: output
.top. Finished preinitialize().
Called initialize().
Invoking initialize():  .top.OrderedMerge
Initializing actor: .top.OrderedMerge
Adding a thread: .top.OrderedMerge
Invoking initialize():  .top.Ramp
Initializing actor: .top.Ramp
Adding a thread: .top.Ramp
Invoking initialize():  .top.Ramp2
Initializing actor: .top.Ramp2
Adding a thread: .top.Ramp2
Invoking initialize():  .top.Test
Initializing actor: .top.Test
Adding a thread: .top.Test
Called fire().
Checking for deadlock:
-- Starting thread.
-- Starting thread.
-- Starting thread.
Called initialize()
Called initialize()
Called prefire()
Called fire()
Called prefire()
Called fire()
There are 0 Blocked actors, 0 Stopped actors, and 4 active threads.
Waiting for actors to stop.
Called initialize()
Called postfire()
Called prefire()
Called fire()
-- Starting thread.
Called initialize()
Called prefire()
Called fire()
Checking for deadlock:
There are 3 Blocked actors, 0 Stopped actors, and 4 active threads.
Waiting for actors to stop.
Called prefire()
Called fire()
Called postfire()
Called prefire()
Called fire()
Called postfire()
Called prefire()
Called fire()
Read input token from inputA with value 0.0
Next port to read input from is inputB
Called postfire()
Called prefire()
Called fire()
Read input token from inputB with value 0.0
Sent output token with value 0.0
Next port to read input from is inputA
Called postfire()
Called prefire()
Called fire()
Read input token from inputA with value 1.0
Checking for deadlock:
There are 1 Blocked actors, 0 Stopped actors, and 4 active threads.
Waiting for actors to stop.
Called postfire()
Called postfire()
Called prefire()
Called fire()
-- Read input: 0.0, which is expected to match: 0.0
Called prefire()
Called fire()
Called prefire()
Called fire()
Sent output token with value 0.0
Next port to read input from is inputB
Called postfire()
Called prefire()
Called fire()
Read input token from inputB with value 1.5
Checking for deadlock:
There are 2 Blocked actors, 0 Stopped actors, and 4 active threads.
Waiting for actors to stop.
Called postfire()
Called prefire()
Called fire()
-- Read input: 0.0, which is expected to match: 0.0
Called prefire()
Called fire()
Checking for deadlock:
There are 3 Blocked actors, 0 Stopped actors, and 4 active threads.
Waiting for actors to stop.
-- Read input: 1.0, which is expected to match: 1.0
Called prefire()
Called fire()
Checking for deadlock:
There are 3 Blocked actors, 0 Stopped actors, and 4 active threads.
Waiting for actors to stop.
Sent output token with value 1.0
Next port to read input from is inputA
Called postfire()
Called prefire()
Called fire()
Checking for deadlock:
There are 2 Blocked actors, 0 Stopped actors, and 4 active threads.
Waiting for actors to stop.
Read input token from inputA with value 2.0
Called postfire()
Called prefire()
Called fire()
-- Read input: 1.5, which is expected to match: 1.5
Called prefire()
Called fire()
Checking for deadlock:
There are 3 Blocked actors, 0 Stopped actors, and 4 active threads.
Waiting for actors to stop.
Sent output token with value 1.5
Next port to read input from is inputB
Called postfire()
Called prefire()
Called fire()
Checking for deadlock:
There are 2 Blocked actors, 0 Stopped actors, and 4 active threads.
Waiting for actors to stop.
Called postfire()
Called prefire()
Called fire()
Checking for deadlock:
There are 3 Blocked actors, 0 Stopped actors, and 4 active threads.
Waiting for actors to stop.
Read input token from inputB with value 3.0
Checking for deadlock:
There are 2 Blocked actors, 0 Stopped actors, and 4 active threads.
Waiting for actors to stop.
-- Read input: 2.0, which is expected to match: 2.0
Called prefire()
Called fire()
Checking for deadlock:
There are 3 Blocked actors, 0 Stopped actors, and 4 active threads.
Waiting for actors to stop.
Sent output token with value 2.0
Next port to read input from is inputA
Called postfire()
Called prefire()
Called fire()
Checking for deadlock:
There are 2 Blocked actors, 0 Stopped actors, and 4 active threads.
Waiting for actors to stop.
Called postfire()
Read input token from inputA with value 3.0
Called prefire()
Called fire()
-- Read input: 3.0, which is expected to match: 3.0
Called prefire()
Called fire()
Checking for deadlock:
There are 3 Blocked actors, 0 Stopped actors, and 4 active threads.
Waiting for actors to stop.
Sent output token with value 3.0
Next port to read input from is inputB
Called postfire()
Called prefire()
Called fire()
Read input token from inputB with value 4.5
Sent output token with value 3.0
Next port to read input from is inputA
Called postfire()
Called prefire()
Called fire()
Read input token from inputA with value 4.0
Checking for deadlock:
There are 1 Blocked actors, 0 Stopped actors, and 4 active threads.
Waiting for actors to stop.
Called postfire()
Called postfire()
Called prefire()
Called fire()
-- Read input: 3.0, which is expected to match: 3.0
Called prefire()
Called fire()
-- Read input: 4.0, which is expected to match: 4.0
Called prefire()
Called fire()
Past the end of training data. Read and discard all inputs.
Called prefire()
Called fire()
Checking for deadlock:
There are 3 Blocked actors, 0 Stopped actors, and 4 active threads.
Waiting for actors to stop.
Sent output token with value 4.0
Next port to read input from is inputA
Called postfire()
Called prefire()
Called fire()
Called postfire()
Called prefire()
Read input token from inputA with value 5.0
Called fire()
Checking for deadlock:
There are 2 Blocked actors, 0 Stopped actors, and 4 active threads.
Called prefire()
Called fire()
Waiting for actors to stop.
Past the end of training data. Read and discard all inputs.
Sent output token with value 4.5
Checking for deadlock:
There are 3 Blocked actors, 0 Stopped actors, and 4 active threads.
Waiting for actors to stop.
Next port to read input from is inputB
Called postfire()
Called prefire()
Called fire()
Checking for deadlock:
There are 2 Blocked actors, 0 Stopped actors, and 4 active threads.
Waiting for actors to stop.
Called postfire()
Called prefire()
Called fire()
Checking for deadlock:
There are 3 Blocked actors, 0 Stopped actors, and 4 active threads.
Waiting for actors to stop.
Read input token from inputB with value 6.0
Called prefire()
Sent output token with value 5.0
Called fire()
Past the end of training data. Read and discard all inputs.
Next port to read input from is inputA
Checking for deadlock:
There are 3 Blocked actors, 0 Stopped actors, and 4 active threads.
Waiting for actors to stop.
Called postfire()
Called prefire()
Called fire()
Checking for deadlock:
There are 2 Blocked actors, 0 Stopped actors, and 4 active threads.
Waiting for actors to stop.
Called postfire()
Called prefire()
Called fire()
Checking for deadlock:
There are 3 Blocked actors, 0 Stopped actors, and 4 active threads.
Waiting for actors to stop.
Read input token from inputA with value 6.0
Checking for deadlock:
There are 2 Blocked actors, 0 Stopped actors, and 4 active threads.
Waiting for actors to stop.
Sent output token with value 6.0
Called prefire()
Called fire()
Past the end of training data. Read and discard all inputs.
Next port to read input from is inputB
Called postfire()
Called prefire()
Checking for deadlock:
There are 3 Blocked actors, 0 Stopped actors, and 4 active threads.
Waiting for actors to stop.
Called fire()
Called postfire()
Called prefire()
Called fire()
Checking for deadlock:
There are 3 Blocked actors, 0 Stopped actors, and 4 active threads.
Waiting for actors to stop.
Read input token from inputB with value 7.5
Called prefire()
Called fire()
Sent output token with value 6.0
Past the end of training data. Read and discard all inputs.
Checking for deadlock:
There are 3 Blocked actors, 0 Stopped actors, and 4 active threads.
Waiting for actors to stop.
Next port to read input from is inputA
Called postfire()
Called prefire()
Called fire()
Checking for deadlock:
Called postfire()
There are 2 Blocked actors, 0 Stopped actors, and 4 active threads.
Called prefire()
Read input token from inputA with value 7.0
Waiting for actors to stop.
Called fire()
Checking for deadlock:
There are 2 Blocked actors, 0 Stopped actors, and 4 active threads.
Called prefire()
Waiting for actors to stop.
Called fire()
Past the end of training data. Read and discard all inputs.
Sent output token with value 7.0
Checking for deadlock:
There are 3 Blocked actors, 0 Stopped actors, and 4 active threads.
Waiting for actors to stop.
Next port to read input from is inputA
Called postfire()
Called prefire()
Called fire()
Checking for deadlock:
There are 2 Blocked actors, 0 Stopped actors, and 4 active threads.
Waiting for actors to stop.
Read input token from inputA with value 8.0
-- Thread wrapup() called.
Sent output token with value 7.5
Called wrapup()
Next port to read input from is inputB
Called postfire()
Called prefire()
Called fire()
Thread .top.Ramp is exiting.
-- Thread stopped.
Called prefire()
Called fire()
Past the end of training data. Read and discard all inputs.
Called postfire()
Called prefire()
Called fire()
Checking for deadlock:
There are 2 Blocked actors, 0 Stopped actors, and 3 active threads.
Waiting for actors to stop.
Read input token from inputB with value 9.0
Called prefire()
Called fire()
Sent output token with value 8.0
Past the end of training data. Read and discard all inputs.
Checking for deadlock:
Next port to read input from is inputA
Called postfire()
There are 2 Blocked actors, 0 Stopped actors, and 3 active threads.
Called prefire()
Called fire()
Waiting for actors to stop.
Read input token from inputA with value 9.0
Sent output token with value 9.0
Next port to read input from is inputB
Called postfire()
Called prefire()
Called fire()
Read input token from inputB with value 10.5
Checking for deadlock:
There are 1 Blocked actors, 0 Stopped actors, and 3 active threads.
Waiting for actors to stop.
Called postfire()
Checking for deadlock:
Called prefire()
Called prefire()
Called fire()
Called fire()
Past the end of training data. Read and discard all inputs.
There are 0 Blocked actors, 0 Stopped actors, and 3 active threads.
Waiting for actors to stop.
Sent output token with value 9.0
Next port to read input from is inputA
Called postfire()
Called prefire()
Called fire()
Called prefire()
Called fire()
Past the end of training data. Read and discard all inputs.
Checking for deadlock:
There are 3 Blocked actors, 0 Stopped actors, and 3 active threads.
Actors have stopped.
Checking for deadlock:
There are 3 Blocked actors, 0 Stopped actors, and 3 active threads.
Deadlock detected.
Resolving Deadlock
Checking for deadlock:
There are 3 Blocked actors, 0 Stopped actors, and 3 active threads.
Artificial Deadlock - increasing queue capacity.
increasing the capacity of receiver ptolemy.actor.TypedIOPort {.top.OrderedMerge.inputB} to 2
-- Thread wrapup() called.
Called wrapup()
Thread .top.Ramp2 is exiting.
-- Thread stopped.
Director: Called postfire().
Called postfire().
_stopRequested = false
_stopFireRequested = false
Returning from postfire(): true
Called fire().
Checking for deadlock:
There are 2 Blocked actors, 0 Stopped actors, and 2 active threads.
Actors have stopped.
Checking for deadlock:
There are 2 Blocked actors, 0 Stopped actors, and 2 active threads.
Deadlock detected.
Resolving Deadlock
Checking for deadlock:
There are 2 Blocked actors, 0 Stopped actors, and 2 active threads.
Deadlock detected: no processes blocked on write, but some are blocked on read.
Called postfire().
_stopRequested = false
_stopFireRequested = false
Returning from postfire(): false
Finished deactivating branches.
Called wrapup().
-- Thread wrapup() called.
-- Thread wrapup() called.
Called wrapup()
Called wrapup()
Thread .top.OrderedMerge is exiting.
-- Thread stopped.
-- Blocked Receiver call threw TerminateProcessException.
Thread .top.Test is exiting.
-- Thread stopped.
-- Blocked Receiver call threw TerminateProcessException.
91 ms. Memory: 150528K Free: 96169K (64%)
.top. Preinitializing ...
Invoking preinitialize():  .top.OrderedMerge
Called preinitialize()
Invoking preinitialize():  .top.Ramp
Called preinitialize()
Invoking preinitialize():  .top.Ramp2
Called preinitialize()
Invoking preinitialize():  .top.Test
Called preinitialize()
.top. Finished preinitialize().
Called initialize().
Invoking initialize():  .top.OrderedMerge
Initializing actor: .top.OrderedMerge
Adding a thread: .top.OrderedMerge
Invoking initialize():  .top.Ramp
Initializing actor: .top.Ramp
Adding a thread: .top.Ramp
Invoking initialize():  .top.Ramp2
Initializing actor: .top.Ramp2
Adding a thread: .top.Ramp2
Invoking initialize():  .top.Test
Initializing actor: .top.Test
Adding a thread: .top.Test
-- Starting thread.
Called initialize()
Called prefire()
Called fire()
-- Starting thread.
Called initialize()
Called prefire()
Called fire()
Called postfire()
Called prefire()
Called fire()
-- Starting thread.
Called initialize()
Called prefire()
Called fire()
Called postfire()
Called prefire()
Called fire()
Called fire().
Checking for deadlock:
There are 3 Blocked actors, 0 Stopped actors, and 4 active threads.
Waiting for actors to stop.
-- Starting thread.
Called initialize()
Called prefire()
Called fire()
Read input token from inputA with value 0.0
Next port to read input from is inputB
Called postfire()
Called prefire()
Called fire()
Read input token from inputB with value 0.0
Sent output token with value 0.0
Next port to read input from is inputA
Called postfire()
Called prefire()
Called fire()
Checking for deadlock:
There are 1 Blocked actors, 0 Stopped actors, and 4 active threads.
Waiting for actors to stop.
Called postfire()
Called prefire()
Called fire()
Called postfire()
Called prefire()
Called fire()
-- Read input: 0.0, which is expected to match: 0.0
Called prefire()
Called fire()
Checking for deadlock:
There are 3 Blocked actors, 0 Stopped actors, and 4 active threads.
Waiting for actors to stop.
Read input token from inputA with value 1.0
Sent output token with value 0.0
Next port to read input from is inputB
Called postfire()
Called prefire()
Called fire()
Read input token from inputB with value 1.5
Checking for deadlock:
Called postfire()
Called prefire()
There are 1 Blocked actors, 0 Stopped actors, and 4 active threads.
Called fire()
Waiting for actors to stop.
-- Read input: 0.0, which is expected to match: 0.0
Checking for deadlock:
There are 1 Blocked actors, 0 Stopped actors, and 4 active threads.
Waiting for actors to stop.
Called prefire()
Called fire()
Called postfire()
Called prefire()
Called fire()
Checking for deadlock:
There are 3 Blocked actors, 0 Stopped actors, and 4 active threads.
Waiting for actors to stop.
Sent output token with value 1.0
Next port to read input from is inputA
Called postfire()
Called prefire()
Called fire()
Read input token from inputA with value 2.0
Checking for deadlock:
There are 2 Blocked actors, 0 Stopped actors, and 4 active threads.
Waiting for actors to stop.
-- Read input: 1.0, which is expected to match: 1.0
Called prefire()
Called fire()
Checking for deadlock:
There are 2 Blocked actors, 0 Stopped actors, and 4 active threads.
Waiting for actors to stop.
Called postfire()
Called prefire()
Called fire()
Checking for deadlock:
There are 2 Blocked actors, 0 Stopped actors, and 4 active threads.
Waiting for actors to stop.
-- Read input: 1.5, which is expected to match: 1.5
Called prefire()
Called fire()
Sent output token with value 1.5
Next port to read input from is inputB
Called postfire()
Called prefire()
Called fire()
Read input token from inputB with value 3.0
Sent output token with value 2.0
Next port to read input from is inputA
Called postfire()
Called prefire()
Called fire()
Read input token from inputA with value 3.0
Called postfire()
Called prefire()
Called fire()
-- Read input: 2.0, which is expected to match: 2.0
Called prefire()
Called fire()
Checking for deadlock:
There are 2 Blocked actors, 0 Stopped actors, and 4 active threads.
Waiting for actors to stop.
Called postfire()
Called prefire()
Called fire()
Checking for deadlock:
There are 3 Blocked actors, 0 Stopped actors, and 4 active threads.
Waiting for actors to stop.
-- Read input: 3.0, which is expected to match: 3.0
Called prefire()
Called fire()
Checking for deadlock:
There are 3 Blocked actors, 0 Stopped actors, and 4 active threads.
Waiting for actors to stop.
Sent output token with value 3.0
Next port to read input from is inputB
Called postfire()
Called prefire()
Called fire()
Checking for deadlock:
There are 2 Blocked actors, 0 Stopped actors, and 4 active threads.
Waiting for actors to stop.
Called postfire()
Called prefire()
Called fire()
Read input token from inputB with value 4.5
Checking for deadlock:
There are 3 Blocked actors, 0 Stopped actors, and 4 active threads.
Waiting for actors to stop.
Checking for deadlock:
There are 2 Blocked actors, 0 Stopped actors, and 4 active threads.
Waiting for actors to stop.
-- Read input: 3.0, which is expected to match: 3.0
Called prefire()
Called fire()
Checking for deadlock:
There are 3 Blocked actors, 0 Stopped actors, and 4 active threads.
Waiting for actors to stop.
Sent output token with value 3.0
Next port to read input from is inputA
Called postfire()
Called prefire()
Called fire()
Checking for deadlock:
There are 2 Blocked actors, 0 Stopped actors, and 4 active threads.
Waiting for actors to stop.
Called postfire()
Called prefire()
Called fire()
Checking for deadlock:
There are 3 Blocked actors, 0 Stopped actors, and 4 active threads.
Waiting for actors to stop.
Read input token from inputA with value 4.0
Checking for deadlock:
There are 2 Blocked actors, 0 Stopped actors, and 4 active threads.
Waiting for actors to stop.
-- Read input: 4.0, which is expected to match: 4.0
Called prefire()
Called fire()
Past the end of training data. Read and discard all inputs.
Checking for deadlock:
There are 3 Blocked actors, 0 Stopped actors, and 4 active threads.
Waiting for actors to stop.
Sent output token with value 4.0
Next port to read input from is inputA
Called postfire()
Called prefire()
Called fire()
Checking for deadlock:
There are 2 Blocked actors, 0 Stopped actors, and 4 active threads.
Waiting for actors to stop.
Called postfire()
Called prefire()
Called fire()
Checking for deadlock:
There are 3 Blocked actors, 0 Stopped actors, and 4 active threads.
Waiting for actors to stop.
Read input token from inputA with value 5.0
Checking for deadlock:
There are 2 Blocked actors, 0 Stopped actors, and 4 active threads.
Waiting for actors to stop.
Called prefire()
Called fire()
Past the end of training data. Read and discard all inputs.
Checking for deadlock:
There are 3 Blocked actors, 0 Stopped actors, and 4 active threads.
Waiting for actors to stop.
Sent output token with value 4.5
Next port to read input from is inputB
Called postfire()
Called prefire()
Called fire()
Checking for deadlock:
There are 2 Blocked actors, 0 Stopped actors, and 4 active threads.
Waiting for actors to stop.
Called postfire()
Called prefire()
Read input token from inputB with value 6.0
Called fire()
Called prefire()
Called fire()
Past the end of training data. Read and discard all inputs.
Checking for deadlock:
There are 3 Blocked actors, 0 Stopped actors, and 4 active threads.
Waiting for actors to stop.
Sent output token with value 5.0
Next port to read input from is inputA
Called postfire()
Called prefire()
Called fire()
Checking for deadlock:
There are 2 Blocked actors, 0 Stopped actors, and 4 active threads.
Waiting for actors to stop.
Called postfire()
Called prefire()
Called fire()
Checking for deadlock:
There are 3 Blocked actors, 0 Stopped actors, and 4 active threads.
Waiting for actors to stop.
Read input token from inputA with value 6.0
Checking for deadlock:
There are 2 Blocked actors, 0 Stopped actors, and 4 active threads.
Waiting for actors to stop.
Called prefire()
Called fire()
Past the end of training data. Read and discard all inputs.
Checking for deadlock:
There are 3 Blocked actors, 0 Stopped actors, and 4 active threads.
Waiting for actors to stop.
Sent output token with value 6.0
Next port to read input from is inputB
Called postfire()
Called prefire()
Called fire()
Checking for deadlock:
There are 2 Blocked actors, 0 Stopped actors, and 4 active threads.
Waiting for actors to stop.
Called postfire()
Called prefire()
Called fire()
Read input token from inputB with value 7.5
Called prefire()
Called fire()
Past the end of training data. Read and discard all inputs.
Checking for deadlock:
There are 3 Blocked actors, 0 Stopped actors, and 4 active threads.
Waiting for actors to stop.
Sent output token with value 6.0
Next port to read input from is inputA
Called postfire()
Called prefire()
Called fire()
Checking for deadlock:
There are 2 Blocked actors, 0 Stopped actors, and 4 active threads.
Waiting for actors to stop.
Called postfire()
Called prefire()
Called fire()
Checking for deadlock:
There are 3 Blocked actors, 0 Stopped actors, and 4 active threads.
Waiting for actors to stop.
Read input token from inputA with value 7.0
Checking for deadlock:
There are 2 Blocked actors, 0 Stopped actors, and 4 active threads.
Waiting for actors to stop.
Called prefire()
Called fire()
Past the end of training data. Read and discard all inputs.
Checking for deadlock:
There are 3 Blocked actors, 0 Stopped actors, and 4 active threads.
Waiting for actors to stop.
Sent output token with value 7.0
Next port to read input from is inputA
Called postfire()
Called prefire()
Called fire()
Checking for deadlock:
There are 2 Blocked actors, 0 Stopped actors, and 4 active threads.
Waiting for actors to stop.
-- Thread wrapup() called.
Called wrapup()
Thread .top.Ramp is exiting.
-- Thread stopped.
Checking for deadlock:
There are 2 Blocked actors, 0 Stopped actors, and 3 active threads.
Waiting for actors to stop.
Read input token from inputA with value 8.0
Called prefire()
Called fire()
Past the end of training data. Read and discard all inputs.
Checking for deadlock:
There are 2 Blocked actors, 0 Stopped actors, and 3 active threads.
Waiting for actors to stop.
Sent output token with value 7.5
Next port to read input from is inputB
Called postfire()
Called prefire()
Called fire()
Checking for deadlock:
There are 1 Blocked actors, 0 Stopped actors, and 3 active threads.
Waiting for actors to stop.
Called postfire()
Read input token from inputB with value 9.0
Called prefire()
Called fire()
Called prefire()
Called fire()
Past the end of training data. Read and discard all inputs.
Checking for deadlock:
There are 2 Blocked actors, 0 Stopped actors, and 3 active threads.
Waiting for actors to stop.
Sent output token with value 8.0
Next port to read input from is inputA
Called postfire()
Called prefire()
Called fire()
Read input token from inputA with value 9.0
Called prefire()
Called fire()
Past the end of training data. Read and discard all inputs.
Checking for deadlock:
There are 2 Blocked actors, 0 Stopped actors, and 3 active threads.
Waiting for actors to stop.
Sent output token with value 9.0
Next port to read input from is inputB
Called postfire()
Called prefire()
Called fire()
Read input token from inputB with value 10.5
Checking for deadlock:
There are 1 Blocked actors, 0 Stopped actors, and 3 active threads.
Waiting for actors to stop.
Called postfire()
Called prefire()
Called fire()
Called prefire()
Past the end of training data. Read and discard all inputs.
Called fire()
Checking for deadlock:
There are 2 Blocked actors, 0 Stopped actors, and 3 active threads.
Waiting for actors to stop.
Sent output token with value 9.0
Next port to read input from is inputA
Called postfire()
Called prefire()
Called fire()
Checking for deadlock:
There are 3 Blocked actors, 0 Stopped actors, and 3 active threads.
Actors have stopped.
Checking for deadlock:
There are 3 Blocked actors, 0 Stopped actors, and 3 active threads.
Deadlock detected.
Resolving Deadlock
Checking for deadlock:
There are 3 Blocked actors, 0 Stopped actors, and 3 active threads.
Artificial Deadlock - increasing queue capacity.
increasing the capacity of receiver ptolemy.actor.TypedIOPort {.top.OrderedMerge.inputB} to 2
Director: Called postfire().
Called postfire().
_stopRequested = false
_stopFireRequested = false
Returning from postfire(): true
Called fire().
Checking for deadlock:
There are 2 Blocked actors, 0 Stopped actors, and 3 active threads.
Waiting for actors to stop.
-- Thread wrapup() called.
Called wrapup()
Thread .top.Ramp2 is exiting.
-- Thread stopped.
Checking for deadlock:
There are 2 Blocked actors, 0 Stopped actors, and 2 active threads.
Actors have stopped.
Checking for deadlock:
There are 2 Blocked actors, 0 Stopped actors, and 2 active threads.
Deadlock detected.
Resolving Deadlock
Checking for deadlock:
There are 2 Blocked actors, 0 Stopped actors, and 2 active threads.
Deadlock detected: no processes blocked on write, but some are blocked on read.
Called postfire().
_stopRequested = false
_stopFireRequested = false
Returning from postfire(): false
Finished deactivating branches.
Called wrapup().
-- Thread wrapup() called.
Called wrapup()
Thread .top.Test is exiting.
-- Thread stopped.
-- Blocked Receiver call threw TerminateProcessException.
-- Thread wrapup() called.
Called wrapup()
Thread .top.OrderedMerge is exiting.
-- Thread stopped.
-- Blocked Receiver call threw TerminateProcessException.
26 ms. Memory: 150528K Free: 94121K (63%)
/home/travis/build/icyphy/ptII/ptolemy/actor/lib/test/Publisher.tcl
12 ms. Memory: 150528K Free: 87963K (58%)
14 ms. Memory: 150528K Free: 82347K (55%)
5 ms. Memory: 150528K Free: 78731K (52%)
13 ms. Memory: 150528K Free: 77737K (52%)
3 ms. Memory: 150528K Free: 76713K (51%)
4 ms. Memory: 150528K Free: 76203K (51%)
11 ms. Memory: 150528K Free: 75179K (50%)
4 ms. Memory: 150528K Free: 74651K (50%)
56 ms. Memory: 150528K Free: 134294K (89%)
4 ms. Memory: 150528K Free: 130198K (86%)
3 ms. Memory: 150528K Free: 129684K (86%)
5 ms. Memory: 150528K Free: 127636K (85%)
8 ms. Memory: 150528K Free: 119958K (80%)
15 ms. Memory: 150528K Free: 110222K (73%)
7 ms. Memory: 150528K Free: 99478K (66%)
/home/travis/build/icyphy/ptII/ptolemy/actor/lib/test/Pulse.tcl
5 ms. Memory: 150528K Free: 132013K (88%)
12 ms. Memory: 150528K Free: 131493K (87%)
2 ms. Memory: 150528K Free: 130989K (87%)
1 ms. Memory: 150528K Free: 130461K (87%)
1 ms. Memory: 150528K Free: 129965K (86%)
11 ms. Memory: 150528K Free: 128941K (86%)
10 ms. Memory: 150528K Free: 127917K (85%)
6 ms. Memory: 150528K Free: 127403K (85%)
3 ms. Memory: 150528K Free: 126365K (84%)
/home/travis/build/icyphy/ptII/ptolemy/actor/lib/test/Ramp.tcl
7 ms. Memory: 150528K Free: 124845K (83%)
5 ms. Memory: 150528K Free: 123821K (82%)
4 ms. Memory: 150528K Free: 123293K (82%)
2 ms. Memory: 150528K Free: 122269K (81%)
6 ms. Memory: 150528K Free: 121773K (81%)
9 ms. Memory: 150528K Free: 120749K (80%)
6 ms. Memory: 150528K Free: 119725K (80%)
5 actors
13000 microseconds per iteration to create
12 ms. Memory: 150528K Free: 117102K (78%)
2 ms. Memory: 150528K Free: 116109K (77%)
5 ms. Memory: 150528K Free: 115629K (77%)
3 ms. Memory: 150528K Free: 115109K (76%)
50 actors
67000 microseconds per iteration to create
50 ms. Memory: 150528K Free: 99755K (66%)
14 ms. Memory: 150528K Free: 98731K (66%)
6 ms. Memory: 150528K Free: 97707K (65%)
14 ms. Memory: 150528K Free: 96683K (64%)
500 actors
1799000 microseconds per iteration to create
300 ms. Memory: 181248K Free: 143685K (79%)
56 ms. Memory: 181248K Free: 138051K (76%)
60 ms. Memory: 181248K Free: 132916K (73%)
56 ms. Memory: 181248K Free: 127811K (71%)
/home/travis/build/icyphy/ptII/ptolemy/actor/lib/test/RampContinuous.tcl
11 ms. Memory: 181248K Free: 126277K (70%)
/home/travis/build/icyphy/ptII/ptolemy/actor/lib/test/RecordAssembler.tcl
7 ms. Memory: 181248K Free: 124739K (69%)
5 ms. Memory: 181248K Free: 123700K (68%)
/home/travis/build/icyphy/ptII/ptolemy/actor/lib/test/RecordDisassembler.tcl
17 ms. Memory: 181248K Free: 122181K (67%)
8 ms. Memory: 181248K Free: 121157K (67%)
5 ms. Memory: 181248K Free: 120133K (66%)
/home/travis/build/icyphy/ptII/ptolemy/actor/lib/test/Scale.tcl
4 ms. Memory: 181248K Free: 118085K (65%)
2 ms. Memory: 181248K Free: 117556K (65%)
2 ms. Memory: 181248K Free: 116532K (64%)
3 ms. Memory: 181248K Free: 116037K (64%)
4 ms. Memory: 181248K Free: 115013K (63%)
/home/travis/build/icyphy/ptII/ptolemy/actor/lib/test/SequentialClock.tcl
preinitializing
resolving types
initializing
executing number 1
wrapping up
idle
5 ms. Memory: 181248K Free: 113989K (63%)
Completed execution with 5 iterations
preinitializing
resolving types
initializing
executing number 1
wrapping up
idle
2 ms. Memory: 181248K Free: 112965K (62%)
Completed execution with 5 iterations
preinitializing
resolving types
initializing
executing number 1
wrapping up
idle
1 ms. Memory: 181248K Free: 112965K (62%)
Completed execution with 5 iterations
/home/travis/build/icyphy/ptII/ptolemy/actor/lib/test/SetVariable.tcl
7 ms. Memory: 181248K Free: 110917K (61%)


==== $PTII/ptolemy/actor/lib/test/SetVariable.tcl: SetVariable-3.1 changeFailed
==== Contents of test case:

    #Uses 2.1 above
    jdkCaptureErr {
        # This test was failing if we ran Exit.tcl and then this test.
        # MessageHandler.error() now actually throws the Exception.
	catch {$setVariable changeFailed [java::null]  [java::new Exception {Test exception for SetVariable.changeFailed()}]} errMsg
    } results
    list [string range $results 0 89] "\n" $errMsg

==== Result was:
{java.lang.Exception: Test exception for SetVariable.changeFailed()
	at java.base/jdk.inter} {
} {java.lang.RuntimeException: java.lang.Exception: Test exception for SetVariable.changeFailed()}
---- Result should have been:
{Failed to set variable.
java.lang.Exception: Test exception for SetVariable.changeFailed()} {
} {java.lang.RuntimeException: java.lang.Exception: Test exception for SetVariable.changeFailed()}
---- SetVariable-3.1 FAILED
/home/travis/build/icyphy/ptII/ptolemy/actor/lib/test/Sinewave.tcl
/home/travis/build/icyphy/ptII/ptolemy/actor/lib/test/SubscriptionAggregator.tcl
5 ms. Memory: 181248K Free: 98629K (54%)
5 ms. Memory: 181248K Free: 98100K (54%)
1 ms. Memory: 181248K Free: 97605K (54%)
1 ms. Memory: 181248K Free: 97076K (54%)
9 ms. Memory: 181248K Free: 93988K (52%)
10 ms. Memory: 181248K Free: 91461K (50%)
...............................................................1125 ms. Memory: 282624K Free: 118782K (42%)
/home/travis/build/icyphy/ptII/ptolemy/actor/lib/test/Test.tcl
 The next command will produce a warning about training mode,
   which may be ignored.
5 ms. Memory: 282624K Free: 116719K (41%)
6 ms. Memory: 282624K Free: 116224K (41%)
2 ms. Memory: 282624K Free: 115695K (41%)
1 ms. Memory: 282624K Free: 114671K (41%)
3 ms. Memory: 282624K Free: 114176K (40%)
3 ms. Memory: 282624K Free: 113152K (40%)
4 ms. Memory: 282624K Free: 111607K (39%)
 The next command will produce a warning about training mode,
   which may be ignored.
4 ms. Memory: 282624K Free: 109559K (39%)
 The next command will produce a warning about training mode,
   which may be ignored.
3 ms. Memory: 282624K Free: 108032K (38%)
1 ms. Memory: 282624K Free: 108032K (38%)
1 ms. Memory: 282624K Free: 107518K (38%)
1 ms. Memory: 282624K Free: 107008K (38%)
6 ms. Memory: 282624K Free: 105984K (38%)
4 ms. Memory: 282624K Free: 101888K (36%)
/home/travis/build/icyphy/ptII/ptolemy/actor/lib/test/TestExceptionHandler.tcl
 The next command will produce a warning about training mode,
   which may be ignored.
3 ms. Memory: 282624K Free: 100864K (36%)
1 ms. Memory: 282624K Free: 100350K (36%)
1 ms. Memory: 282624K Free: 99840K (35%)
/home/travis/build/icyphy/ptII/ptolemy/actor/lib/test/UnionDisassembler.tcl
16 ms. Memory: 282624K Free: 92158K (33%)
/home/travis/build/icyphy/ptII/ptolemy/actor/lib/test/VariableClock.tcl
preinitializing
resolving types
initializing
executing number 1
wrapping up
idle
4 ms. Memory: 282624K Free: 90624K (32%)
Completed execution with 11 iterations
7 ms. Memory: 282624K Free: 236015K (84%)
09/17/19 05:48:58
Failed: 1  Total Tests: 234  ((Passed: 233, Newly Passed: 0)  Known Failed: 0) /home/travis/build/icyphy/ptII/ptolemy/actor/lib/test
----------------- testing (KnownFailure) /home/travis/build/icyphy/ptII/ptolemy/actor/lib/test/auto/knownFailedTests/PublisherPortToplevelSubscriber.xml
2 ms. Memory: 282624K Free: 232448K (82%)
Known Failure: java.lang.reflect.InvocationTargetException
----------------- testing (KnownFailure) /home/travis/build/icyphy/ptII/ptolemy/actor/lib/test/auto/knownFailedTests/PublisherSubscriberPortToplevel.xml
1 ms. Memory: 282624K Free: 228862K (81%)
Known Failure: java.lang.reflect.InvocationTargetException
----------------- testing (KnownFailure) /home/travis/build/icyphy/ptII/ptolemy/actor/lib/test/auto/knownFailedTests/PublisherSubscriptionAggregatorPort.xml
1 ms. Memory: 282624K Free: 224766K (80%)
Known Failure: java.lang.reflect.InvocationTargetException
----------------- testing (KnownFailure) /home/travis/build/icyphy/ptII/ptolemy/actor/lib/test/auto/knownFailedTests/sizedarray3.xml
6 ms. Memory: 282624K Free: 220160K (78%)
Known Failure: java.lang.reflect.InvocationTargetException
No auto/linux-amd64/*.xml tests in /home/travis/build/icyphy/ptII/ptolemy/actor/lib/test
AutoTests.java: About to close Vertx.
AutoTests.java: Vertx closed.

===========================================================================================
----------------- testing Tue Sep 17 05:48:58 UTC 2019 /home/travis/build/icyphy/ptII/ptolemy/actor/lib/test/auto/AbsoluteValue.xml
----------------- Instantiating /home/travis/build/icyphy/ptII/ptolemy/actor/lib/test/auto/AbsoluteValue.xml
11 ms. Memory: 282624K Free: 198142K (70%)
----------------- Invoking toplevel() on ptolemy.moml.MoMLSimpleApplication@280d5a69
----------------- Done invoking toplevel() on ptolemy.moml.MoMLSimpleApplication@280d5a69
reloadAllAccessors: .AbsoluteValue

===========================================================================================
----------------- testing Tue Sep 17 05:48:58 UTC 2019 /home/travis/build/icyphy/ptII/ptolemy/actor/lib/test/auto/AbsoluteValue2.xml
----------------- Instantiating /home/travis/build/icyphy/ptII/ptolemy/actor/lib/test/auto/AbsoluteValue2.xml
5 ms. Memory: 282624K Free: 190974K (68%)
----------------- Invoking toplevel() on ptolemy.moml.MoMLSimpleApplication@43ed9a4d
----------------- Done invoking toplevel() on ptolemy.moml.MoMLSimpleApplication@43ed9a4d
reloadAllAccessors: .AbsoluteValue2

===========================================================================================
----------------- testing Tue Sep 17 05:48:59 UTC 2019 /home/travis/build/icyphy/ptII/ptolemy/actor/lib/test/auto/Accumulator.xml
----------------- Instantiating /home/travis/build/icyphy/ptII/ptolemy/actor/lib/test/auto/Accumulator.xml
15 ms. Memory: 282624K Free: 184830K (65%)
----------------- Invoking toplevel() on ptolemy.moml.MoMLSimpleApplication@7e5e507
----------------- Done invoking toplevel() on ptolemy.moml.MoMLSimpleApplication@7e5e507
reloadAllAccessors: .Accumulator

===========================================================================================
----------------- testing Tue Sep 17 05:48:59 UTC 2019 /home/travis/build/icyphy/ptII/ptolemy/actor/lib/test/auto/Accumulator2.xml
----------------- Instantiating /home/travis/build/icyphy/ptII/ptolemy/actor/lib/test/auto/Accumulator2.xml
16 ms. Memory: 282624K Free: 179200K (63%)
----------------- Invoking toplevel() on ptolemy.moml.MoMLSimpleApplication@7412bbc
----------------- Done invoking toplevel() on ptolemy.moml.MoMLSimpleApplication@7412bbc
reloadAllAccessors: .Accumulator2

===========================================================================================
----------------- testing Tue Sep 17 05:48:59 UTC 2019 /home/travis/build/icyphy/ptII/ptolemy/actor/lib/test/auto/Accumulator3.xml
----------------- Instantiating /home/travis/build/icyphy/ptII/ptolemy/actor/lib/test/auto/Accumulator3.xml
9 ms. Memory: 282624K Free: 175104K (62%)
----------------- Invoking toplevel() on ptolemy.moml.MoMLSimpleApplication@2bf37f18
----------------- Done invoking toplevel() on ptolemy.moml.MoMLSimpleApplication@2bf37f18
reloadAllAccessors: .Accumulator3

===========================================================================================
----------------- testing Tue Sep 17 05:48:59 UTC 2019 /home/travis/build/icyphy/ptII/ptolemy/actor/lib/test/auto/ArrayAppend.xml
----------------- Instantiating /home/travis/build/icyphy/ptII/ptolemy/actor/lib/test/auto/ArrayAppend.xml
8 ms. Memory: 282624K Free: 168960K (60%)
----------------- Invoking toplevel() on ptolemy.moml.MoMLSimpleApplication@10f8bb7d
----------------- Done invoking toplevel() on ptolemy.moml.MoMLSimpleApplication@10f8bb7d
reloadAllAccessors: .ArrayAppend

===========================================================================================
----------------- testing Tue Sep 17 05:48:59 UTC 2019 /home/travis/build/icyphy/ptII/ptolemy/actor/lib/test/auto/ArrayAppend2.xml
----------------- Instantiating /home/travis/build/icyphy/ptII/ptolemy/actor/lib/test/auto/ArrayAppend2.xml
507 ms. Memory: 282624K Free: 231963K (82%)
----------------- Invoking toplevel() on ptolemy.moml.MoMLSimpleApplication@67b72f84
----------------- Done invoking toplevel() on ptolemy.moml.MoMLSimpleApplication@67b72f84
reloadAllAccessors: .ArrayAppend2

===========================================================================================
----------------- testing Tue Sep 17 05:48:59 UTC 2019 /home/travis/build/icyphy/ptII/ptolemy/actor/lib/test/auto/ArrayAppend3.xml
----------------- Instantiating /home/travis/build/icyphy/ptII/ptolemy/actor/lib/test/auto/ArrayAppend3.xml
3 ms. Memory: 282624K Free: 226329K (80%)
----------------- Invoking toplevel() on ptolemy.moml.MoMLSimpleApplication@62de68ea
----------------- Done invoking toplevel() on ptolemy.moml.MoMLSimpleApplication@62de68ea
reloadAllAccessors: .ArrayAppend3

===========================================================================================
----------------- testing Tue Sep 17 05:48:59 UTC 2019 /home/travis/build/icyphy/ptII/ptolemy/actor/lib/test/auto/ArrayAppend4.xml
----------------- Instantiating /home/travis/build/icyphy/ptII/ptolemy/actor/lib/test/auto/ArrayAppend4.xml
3 ms. Memory: 282624K Free: 220699K (78%)
----------------- Invoking toplevel() on ptolemy.moml.MoMLSimpleApplication@75ec0f02
----------------- Done invoking toplevel() on ptolemy.moml.MoMLSimpleApplication@75ec0f02
reloadAllAccessors: .ArrayAppend4

===========================================================================================
----------------- testing Tue Sep 17 05:48:59 UTC 2019 /home/travis/build/icyphy/ptII/ptolemy/actor/lib/test/auto/ArrayAppend5.xml
----------------- Instantiating /home/travis/build/icyphy/ptII/ptolemy/actor/lib/test/auto/ArrayAppend5.xml
2 ms. Memory: 282624K Free: 216089K (76%)
----------------- Invoking toplevel() on ptolemy.moml.MoMLSimpleApplication@18f2b8f5
----------------- Done invoking toplevel() on ptolemy.moml.MoMLSimpleApplication@18f2b8f5
reloadAllAccessors: .ArrayAppend5

===========================================================================================
----------------- testing Tue Sep 17 05:48:59 UTC 2019 /home/travis/build/icyphy/ptII/ptolemy/actor/lib/test/auto/ArrayAppend6.xml
----------------- Instantiating /home/travis/build/icyphy/ptII/ptolemy/actor/lib/test/auto/ArrayAppend6.xml
7 ms. Memory: 282624K Free: 210969K (75%)
----------------- Invoking toplevel() on ptolemy.moml.MoMLSimpleApplication@4302bbb7
----------------- Done invoking toplevel() on ptolemy.moml.MoMLSimpleApplication@4302bbb7
reloadAllAccessors: .ArrayAppend6

===========================================================================================
----------------- testing Tue Sep 17 05:49:00 UTC 2019 /home/travis/build/icyphy/ptII/ptolemy/actor/lib/test/auto/ArrayAppendPerformanceTest.xml
----------------- Instantiating /home/travis/build/icyphy/ptII/ptolemy/actor/lib/test/auto/ArrayAppendPerformanceTest.xml
58 ms. Memory: 282624K Free: 200729K (71%)
----------------- Invoking toplevel() on ptolemy.moml.MoMLSimpleApplication@2f17cd5b
----------------- Done invoking toplevel() on ptolemy.moml.MoMLSimpleApplication@2f17cd5b
reloadAllAccessors: .ArrayAppendPerformanceTest

===========================================================================================
----------------- testing Tue Sep 17 05:49:00 UTC 2019 /home/travis/build/icyphy/ptII/ptolemy/actor/lib/test/auto/ArrayAppendWithEmptyInput.xml
----------------- Instantiating /home/travis/build/icyphy/ptII/ptolemy/actor/lib/test/auto/ArrayAppendWithEmptyInput.xml
18 ms. Memory: 282624K Free: 192537K (68%)
----------------- Invoking toplevel() on ptolemy.moml.MoMLSimpleApplication@407515a9
----------------- Done invoking toplevel() on ptolemy.moml.MoMLSimpleApplication@407515a9
reloadAllAccessors: .ArrayAppendWithEmptyInput

===========================================================================================
----------------- testing Tue Sep 17 05:49:00 UTC 2019 /home/travis/build/icyphy/ptII/ptolemy/actor/lib/test/auto/ArrayAverage.xml
----------------- Instantiating /home/travis/build/icyphy/ptII/ptolemy/actor/lib/test/auto/ArrayAverage.xml
18 ms. Memory: 282624K Free: 184859K (65%)
----------------- Invoking toplevel() on ptolemy.moml.MoMLSimpleApplication@68ef5aa3
----------------- Done invoking toplevel() on ptolemy.moml.MoMLSimpleApplication@68ef5aa3
reloadAllAccessors: .ArrayAverage

===========================================================================================
----------------- testing Tue Sep 17 05:49:00 UTC 2019 /home/travis/build/icyphy/ptII/ptolemy/actor/lib/test/auto/ArrayContains.xml
----------------- Instantiating /home/travis/build/icyphy/ptII/ptolemy/actor/lib/test/auto/ArrayContains.xml
6 ms. Memory: 282624K Free: 178715K (63%)
----------------- Invoking toplevel() on ptolemy.moml.MoMLSimpleApplication@176c112c
----------------- Done invoking toplevel() on ptolemy.moml.MoMLSimpleApplication@176c112c
reloadAllAccessors: .ArrayContains

===========================================================================================
----------------- testing Tue Sep 17 05:49:00 UTC 2019 /home/travis/build/icyphy/ptII/ptolemy/actor/lib/test/auto/ArrayElement.xml
----------------- Instantiating /home/travis/build/icyphy/ptII/ptolemy/actor/lib/test/auto/ArrayElement.xml
10 ms. Memory: 282624K Free: 173595K (61%)
----------------- Invoking toplevel() on ptolemy.moml.MoMLSimpleApplication@2bcf0c2f
----------------- Done invoking toplevel() on ptolemy.moml.MoMLSimpleApplication@2bcf0c2f
reloadAllAccessors: .ArrayElement

===========================================================================================
----------------- testing Tue Sep 17 05:49:00 UTC 2019 /home/travis/build/icyphy/ptII/ptolemy/actor/lib/test/auto/ArrayElementAsMatrix.xml
----------------- Instantiating /home/travis/build/icyphy/ptII/ptolemy/actor/lib/test/auto/ArrayElementAsMatrix.xml
24 ms. Memory: 282624K Free: 163355K (58%)
----------------- Invoking toplevel() on ptolemy.moml.MoMLSimpleApplication@4dae8365
----------------- Done invoking toplevel() on ptolemy.moml.MoMLSimpleApplication@4dae8365
reloadAllAccessors: .ArrayElementAsMatrix

===========================================================================================
----------------- testing Tue Sep 17 05:49:00 UTC 2019 /home/travis/build/icyphy/ptII/ptolemy/actor/lib/test/auto/ArrayElementI.xml
----------------- Instantiating /home/travis/build/icyphy/ptII/ptolemy/actor/lib/test/auto/ArrayElementI.xml
4 ms. Memory: 282624K Free: 157721K (56%)
----------------- Invoking toplevel() on ptolemy.moml.MoMLSimpleApplication@48736dd6
----------------- Done invoking toplevel() on ptolemy.moml.MoMLSimpleApplication@48736dd6
reloadAllAccessors: .ArrayElementI

===========================================================================================
----------------- testing Tue Sep 17 05:49:00 UTC 2019 /home/travis/build/icyphy/ptII/ptolemy/actor/lib/test/auto/ArrayExtract.xml
----------------- Instantiating /home/travis/build/icyphy/ptII/ptolemy/actor/lib/test/auto/ArrayExtract.xml
5 ms. Memory: 282624K Free: 149529K (53%)
----------------- Invoking toplevel() on ptolemy.moml.MoMLSimpleApplication@60b98768
----------------- Done invoking toplevel() on ptolemy.moml.MoMLSimpleApplication@60b98768
reloadAllAccessors: .ArrayExtract

===========================================================================================
----------------- testing Tue Sep 17 05:49:00 UTC 2019 /home/travis/build/icyphy/ptII/ptolemy/actor/lib/test/auto/ArrayExtract2.xml
----------------- Instantiating /home/travis/build/icyphy/ptII/ptolemy/actor/lib/test/auto/ArrayExtract2.xml
2 ms. Memory: 282624K Free: 143899K (51%)
----------------- Invoking toplevel() on ptolemy.moml.MoMLSimpleApplication@25345cb1
----------------- Done invoking toplevel() on ptolemy.moml.MoMLSimpleApplication@25345cb1
reloadAllAccessors: .ArrayExtract2

===========================================================================================
----------------- testing Tue Sep 17 05:49:00 UTC 2019 /home/travis/build/icyphy/ptII/ptolemy/actor/lib/test/auto/ArrayLength.xml
----------------- Instantiating /home/travis/build/icyphy/ptII/ptolemy/actor/lib/test/auto/ArrayLength.xml
3 ms. Memory: 282624K Free: 139803K (49%)
----------------- Invoking toplevel() on ptolemy.moml.MoMLSimpleApplication@2280735e
----------------- Done invoking toplevel() on ptolemy.moml.MoMLSimpleApplication@2280735e
reloadAllAccessors: .ArrayLength

===========================================================================================
----------------- testing Tue Sep 17 05:49:00 UTC 2019 /home/travis/build/icyphy/ptII/ptolemy/actor/lib/test/auto/ArrayLevelCrossing.xml
----------------- Instantiating /home/travis/build/icyphy/ptII/ptolemy/actor/lib/test/auto/ArrayLevelCrossing.xml
6 ms. Memory: 282624K Free: 131611K (47%)
----------------- Invoking toplevel() on ptolemy.moml.MoMLSimpleApplication@57a1a676
----------------- Done invoking toplevel() on ptolemy.moml.MoMLSimpleApplication@57a1a676
reloadAllAccessors: .ArrayLevelCrossing

===========================================================================================
----------------- testing Tue Sep 17 05:49:00 UTC 2019 /home/travis/build/icyphy/ptII/ptolemy/actor/lib/test/auto/ArrayLevelCrossing2.xml
----------------- Instantiating /home/travis/build/icyphy/ptII/ptolemy/actor/lib/test/auto/ArrayLevelCrossing2.xml
7 ms. Memory: 282624K Free: 124443K (44%)
----------------- Invoking toplevel() on ptolemy.moml.MoMLSimpleApplication@159b1824
----------------- Done invoking toplevel() on ptolemy.moml.MoMLSimpleApplication@159b1824
reloadAllAccessors: .ArrayLevelCrossing2

===========================================================================================
----------------- testing Tue Sep 17 05:49:00 UTC 2019 /home/travis/build/icyphy/ptII/ptolemy/actor/lib/test/auto/ArrayPeakSearch.xml
----------------- Instantiating /home/travis/build/icyphy/ptII/ptolemy/actor/lib/test/auto/ArrayPeakSearch.xml
9 ms. Memory: 282624K Free: 115227K (41%)
----------------- Invoking toplevel() on ptolemy.moml.MoMLSimpleApplication@7dc33f12
----------------- Done invoking toplevel() on ptolemy.moml.MoMLSimpleApplication@7dc33f12
reloadAllAccessors: .ArrayPeakSearch

===========================================================================================
----------------- testing Tue Sep 17 05:49:00 UTC 2019 /home/travis/build/icyphy/ptII/ptolemy/actor/lib/test/auto/ArrayPeakSearch2.xml
----------------- Instantiating /home/travis/build/icyphy/ptII/ptolemy/actor/lib/test/auto/ArrayPeakSearch2.xml
10 ms. Memory: 282624K Free: 104987K (37%)
----------------- Invoking toplevel() on ptolemy.moml.MoMLSimpleApplication@85c63a4
----------------- Done invoking toplevel() on ptolemy.moml.MoMLSimpleApplication@85c63a4
reloadAllAccessors: .ArrayPeakSearch2

===========================================================================================
----------------- testing Tue Sep 17 05:49:00 UTC 2019 /home/travis/build/icyphy/ptII/ptolemy/actor/lib/test/auto/ArrayPeakSearch3.xml
----------------- Instantiating /home/travis/build/icyphy/ptII/ptolemy/actor/lib/test/auto/ArrayPeakSearch3.xml
5 ms. Memory: 282624K Free: 95771K (34%)
----------------- Invoking toplevel() on ptolemy.moml.MoMLSimpleApplication@6a1774c3
----------------- Done invoking toplevel() on ptolemy.moml.MoMLSimpleApplication@6a1774c3
reloadAllAccessors: .ArrayPeakSearch3

===========================================================================================
----------------- testing Tue Sep 17 05:49:00 UTC 2019 /home/travis/build/icyphy/ptII/ptolemy/actor/lib/test/auto/ArrayRemoveElement.xml
----------------- Instantiating /home/travis/build/icyphy/ptII/ptolemy/actor/lib/test/auto/ArrayRemoveElement.xml
4 ms. Memory: 282624K Free: 88089K (31%)
----------------- Invoking toplevel() on ptolemy.moml.MoMLSimpleApplication@66497b59
----------------- Done invoking toplevel() on ptolemy.moml.MoMLSimpleApplication@66497b59
reloadAllAccessors: .ArrayRemoveElement

===========================================================================================
----------------- testing Tue Sep 17 05:49:00 UTC 2019 /home/travis/build/icyphy/ptII/ptolemy/actor/lib/test/auto/ArraySort.xml
----------------- Instantiating /home/travis/build/icyphy/ptII/ptolemy/actor/lib/test/auto/ArraySort.xml
10 ms. Memory: 282624K Free: 78873K (28%)
----------------- Invoking toplevel() on ptolemy.moml.MoMLSimpleApplication@33609fc2
----------------- Done invoking toplevel() on ptolemy.moml.MoMLSimpleApplication@33609fc2
reloadAllAccessors: .ArraySort

===========================================================================================
----------------- testing Tue Sep 17 05:49:00 UTC 2019 /home/travis/build/icyphy/ptII/ptolemy/actor/lib/test/auto/ArraySum.xml
----------------- Instantiating /home/travis/build/icyphy/ptII/ptolemy/actor/lib/test/auto/ArraySum.xml
11 ms. Memory: 282624K Free: 73753K (26%)
----------------- Invoking toplevel() on ptolemy.moml.MoMLSimpleApplication@7984e3e9
----------------- Done invoking toplevel() on ptolemy.moml.MoMLSimpleApplication@7984e3e9
reloadAllAccessors: .ArraySum

===========================================================================================
----------------- testing Tue Sep 17 05:49:00 UTC 2019 /home/travis/build/icyphy/ptII/ptolemy/actor/lib/test/auto/ArrayToElements.xml
----------------- Instantiating /home/travis/build/icyphy/ptII/ptolemy/actor/lib/test/auto/ArrayToElements.xml
22 ms. Memory: 510976K Free: 463387K (91%)
----------------- Invoking toplevel() on ptolemy.moml.MoMLSimpleApplication@32ff2edd
----------------- Done invoking toplevel() on ptolemy.moml.MoMLSimpleApplication@32ff2edd
reloadAllAccessors: .ArrayToElements

===========================================================================================
----------------- testing Tue Sep 17 05:49:01 UTC 2019 /home/travis/build/icyphy/ptII/ptolemy/actor/lib/test/auto/ArrayToMatrix.xml
----------------- Instantiating /home/travis/build/icyphy/ptII/ptolemy/actor/lib/test/auto/ArrayToMatrix.xml
12 ms. Memory: 510976K Free: 448537K (88%)
----------------- Invoking toplevel() on ptolemy.moml.MoMLSimpleApplication@1cc0324e
----------------- Done invoking toplevel() on ptolemy.moml.MoMLSimpleApplication@1cc0324e
reloadAllAccessors: .ArrayToMatrix

===========================================================================================
----------------- testing Tue Sep 17 05:49:01 UTC 2019 /home/travis/build/icyphy/ptII/ptolemy/actor/lib/test/auto/ArrayUpdate1.xml
----------------- Instantiating /home/travis/build/icyphy/ptII/ptolemy/actor/lib/test/auto/ArrayUpdate1.xml
3 ms. Memory: 510976K Free: 443931K (87%)
----------------- Invoking toplevel() on ptolemy.moml.MoMLSimpleApplication@12e29b67
----------------- Done invoking toplevel() on ptolemy.moml.MoMLSimpleApplication@12e29b67
reloadAllAccessors: .ArrayUpdate1

===========================================================================================
----------------- testing Tue Sep 17 05:49:01 UTC 2019 /home/travis/build/icyphy/ptII/ptolemy/actor/lib/test/auto/ArrayUpdate2.xml
----------------- Instantiating /home/travis/build/icyphy/ptII/ptolemy/actor/lib/test/auto/ArrayUpdate2.xml
7 ms. Memory: 510976K Free: 437273K (86%)
----------------- Invoking toplevel() on ptolemy.moml.MoMLSimpleApplication@5f0f72f0
----------------- Done invoking toplevel() on ptolemy.moml.MoMLSimpleApplication@5f0f72f0
reloadAllAccessors: .ArrayUpdate2

===========================================================================================
----------------- testing Tue Sep 17 05:49:01 UTC 2019 /home/travis/build/icyphy/ptII/ptolemy/actor/lib/test/auto/ArrayUpdate3.xml
----------------- Instantiating /home/travis/build/icyphy/ptII/ptolemy/actor/lib/test/auto/ArrayUpdate3.xml
4 ms. Memory: 510976K Free: 432667K (85%)
----------------- Invoking toplevel() on ptolemy.moml.MoMLSimpleApplication@9760c7
----------------- Done invoking toplevel() on ptolemy.moml.MoMLSimpleApplication@9760c7
reloadAllAccessors: .ArrayUpdate3

===========================================================================================
----------------- testing Tue Sep 17 05:49:01 UTC 2019 /home/travis/build/icyphy/ptII/ptolemy/actor/lib/test/auto/Assert1.xml
----------------- Instantiating /home/travis/build/icyphy/ptII/ptolemy/actor/lib/test/auto/Assert1.xml
5 ms. Memory: 510976K Free: 428057K (84%)
----------------- Invoking toplevel() on ptolemy.moml.MoMLSimpleApplication@24a601bb
----------------- Done invoking toplevel() on ptolemy.moml.MoMLSimpleApplication@24a601bb
reloadAllAccessors: .Assert1

===========================================================================================
----------------- testing Tue Sep 17 05:49:01 UTC 2019 /home/travis/build/icyphy/ptII/ptolemy/actor/lib/test/auto/Assert2.xml
----------------- Instantiating /home/travis/build/icyphy/ptII/ptolemy/actor/lib/test/auto/Assert2.xml
3 ms. Memory: 510976K Free: 422937K (83%)
----------------- Invoking toplevel() on ptolemy.moml.MoMLSimpleApplication@76bcb5ad
----------------- Done invoking toplevel() on ptolemy.moml.MoMLSimpleApplication@76bcb5ad
reloadAllAccessors: .Assert2

===========================================================================================
----------------- testing Tue Sep 17 05:49:01 UTC 2019 /home/travis/build/icyphy/ptII/ptolemy/actor/lib/test/auto/BooleanMultiplexor.xml
----------------- Instantiating /home/travis/build/icyphy/ptII/ptolemy/actor/lib/test/auto/BooleanMultiplexor.xml
4 ms. Memory: 510976K Free: 417307K (82%)
----------------- Invoking toplevel() on ptolemy.moml.MoMLSimpleApplication@5d1cfa7e
----------------- Done invoking toplevel() on ptolemy.moml.MoMLSimpleApplication@5d1cfa7e
reloadAllAccessors: .BooleanMultiplexor

===========================================================================================
----------------- testing Tue Sep 17 05:49:01 UTC 2019 /home/travis/build/icyphy/ptII/ptolemy/actor/lib/test/auto/BooleanMultiplexor2.xml
----------------- Instantiating /home/travis/build/icyphy/ptII/ptolemy/actor/lib/test/auto/BooleanMultiplexor2.xml
19 ms. Memory: 510976K Free: 411163K (80%)
----------------- Invoking toplevel() on ptolemy.moml.MoMLSimpleApplication@2f148f51
----------------- Done invoking toplevel() on ptolemy.moml.MoMLSimpleApplication@2f148f51
reloadAllAccessors: .BooleanMultiplexor2

===========================================================================================
----------------- testing Tue Sep 17 05:49:01 UTC 2019 /home/travis/build/icyphy/ptII/ptolemy/actor/lib/test/auto/BooleanMultiplexor3.xml
----------------- Instantiating /home/travis/build/icyphy/ptII/ptolemy/actor/lib/test/auto/BooleanMultiplexor3.xml
5 ms. Memory: 510976K Free: 407067K (80%)
----------------- Invoking toplevel() on ptolemy.moml.MoMLSimpleApplication@37f62086
----------------- Done invoking toplevel() on ptolemy.moml.MoMLSimpleApplication@37f62086
reloadAllAccessors: .BooleanMultiplexor3

===========================================================================================
----------------- testing Tue Sep 17 05:49:01 UTC 2019 /home/travis/build/icyphy/ptII/ptolemy/actor/lib/test/auto/BooleanSelect.xml
----------------- Instantiating /home/travis/build/icyphy/ptII/ptolemy/actor/lib/test/auto/BooleanSelect.xml
12 ms. Memory: 510976K Free: 401403K (79%)
----------------- Invoking toplevel() on ptolemy.moml.MoMLSimpleApplication@6a3248c2
----------------- Done invoking toplevel() on ptolemy.moml.MoMLSimpleApplication@6a3248c2
reloadAllAccessors: .BooleanSelect

===========================================================================================
----------------- testing Tue Sep 17 05:49:01 UTC 2019 /home/travis/build/icyphy/ptII/ptolemy/actor/lib/test/auto/BooleanSelect2.xml
----------------- Instantiating /home/travis/build/icyphy/ptII/ptolemy/actor/lib/test/auto/BooleanSelect2.xml
2 ms. Memory: 510976K Free: 396827K (78%)
----------------- Invoking toplevel() on ptolemy.moml.MoMLSimpleApplication@2ebe0702
----------------- Done invoking toplevel() on ptolemy.moml.MoMLSimpleApplication@2ebe0702
reloadAllAccessors: .BooleanSelect2

===========================================================================================
----------------- testing Tue Sep 17 05:49:01 UTC 2019 /home/travis/build/icyphy/ptII/ptolemy/actor/lib/test/auto/BooleanSwitch.xml
----------------- Instantiating /home/travis/build/icyphy/ptII/ptolemy/actor/lib/test/auto/BooleanSwitch.xml
15 ms. Memory: 510976K Free: 391193K (77%)
----------------- Invoking toplevel() on ptolemy.moml.MoMLSimpleApplication@7ed1ca15
----------------- Done invoking toplevel() on ptolemy.moml.MoMLSimpleApplication@7ed1ca15
reloadAllAccessors: .BooleanSwitch

===========================================================================================
----------------- testing Tue Sep 17 05:49:01 UTC 2019 /home/travis/build/icyphy/ptII/ptolemy/actor/lib/test/auto/BooleanSwitch2.xml
----------------- Instantiating /home/travis/build/icyphy/ptII/ptolemy/actor/lib/test/auto/BooleanSwitch2.xml
3 ms. Memory: 510976K Free: 386587K (76%)
----------------- Invoking toplevel() on ptolemy.moml.MoMLSimpleApplication@76ca563f
----------------- Done invoking toplevel() on ptolemy.moml.MoMLSimpleApplication@76ca563f
reloadAllAccessors: .BooleanSwitch2

===========================================================================================
----------------- testing Tue Sep 17 05:49:01 UTC 2019 /home/travis/build/icyphy/ptII/ptolemy/actor/lib/test/auto/BooleanSwitchCloningBugWithClassRelationGroup.xml
----------------- Instantiating /home/travis/build/icyphy/ptII/ptolemy/actor/lib/test/auto/BooleanSwitchCloningBugWithClassRelationGroup.xml
5 ms. Memory: 510976K Free: 380443K (74%)
----------------- Invoking toplevel() on ptolemy.moml.MoMLSimpleApplication@5ad914d2
----------------- Done invoking toplevel() on ptolemy.moml.MoMLSimpleApplication@5ad914d2
reloadAllAccessors: .BooleanSwitchCloningBugWithClassRelationGroup

===========================================================================================
----------------- testing Tue Sep 17 05:49:01 UTC 2019 /home/travis/build/icyphy/ptII/ptolemy/actor/lib/test/auto/BusActors.xml
----------------- Instantiating /home/travis/build/icyphy/ptII/ptolemy/actor/lib/test/auto/BusActors.xml
8 ms. Memory: 510976K Free: 372251K (73%)
----------------- Invoking toplevel() on ptolemy.moml.MoMLSimpleApplication@4f82134a
----------------- Done invoking toplevel() on ptolemy.moml.MoMLSimpleApplication@4f82134a
reloadAllAccessors: .BusActors

===========================================================================================
----------------- testing Tue Sep 17 05:49:01 UTC 2019 /home/travis/build/icyphy/ptII/ptolemy/actor/lib/test/auto/ClassWrapper.xml
----------------- Instantiating /home/travis/build/icyphy/ptII/ptolemy/actor/lib/test/auto/ClassWrapper.xml
4 ms. Memory: 510976K Free: 367641K (72%)
----------------- Invoking toplevel() on ptolemy.moml.MoMLSimpleApplication@447aac82
----------------- Done invoking toplevel() on ptolemy.moml.MoMLSimpleApplication@447aac82
reloadAllAccessors: .ClassWrapper

===========================================================================================
----------------- testing Tue Sep 17 05:49:01 UTC 2019 /home/travis/build/icyphy/ptII/ptolemy/actor/lib/test/auto/Clock.xml
----------------- Instantiating /home/travis/build/icyphy/ptII/ptolemy/actor/lib/test/auto/Clock.xml
2 ms. Memory: 510976K Free: 364059K (71%)
----------------- Invoking toplevel() on ptolemy.moml.MoMLSimpleApplication@6832bd35
----------------- Done invoking toplevel() on ptolemy.moml.MoMLSimpleApplication@6832bd35
reloadAllAccessors: .Clock

===========================================================================================
----------------- testing Tue Sep 17 05:49:01 UTC 2019 /home/travis/build/icyphy/ptII/ptolemy/actor/lib/test/auto/Clock10.xml
----------------- Instantiating /home/travis/build/icyphy/ptII/ptolemy/actor/lib/test/auto/Clock10.xml
4 ms. Memory: 510976K Free: 357915K (70%)
----------------- Invoking toplevel() on ptolemy.moml.MoMLSimpleApplication@37da1f2c
----------------- Done invoking toplevel() on ptolemy.moml.MoMLSimpleApplication@37da1f2c
reloadAllAccessors: .Clock10

===========================================================================================
----------------- testing Tue Sep 17 05:49:01 UTC 2019 /home/travis/build/icyphy/ptII/ptolemy/actor/lib/test/auto/Clock11.xml
----------------- Instantiating /home/travis/build/icyphy/ptII/ptolemy/actor/lib/test/auto/Clock11.xml
11 ms. Memory: 510976K Free: 352281K (69%)
----------------- Invoking toplevel() on ptolemy.moml.MoMLSimpleApplication@17f29ae3
----------------- Done invoking toplevel() on ptolemy.moml.MoMLSimpleApplication@17f29ae3
reloadAllAccessors: .Clock11

===========================================================================================
----------------- testing Tue Sep 17 05:49:01 UTC 2019 /home/travis/build/icyphy/ptII/ptolemy/actor/lib/test/auto/Clock12.xml
----------------- Instantiating /home/travis/build/icyphy/ptII/ptolemy/actor/lib/test/auto/Clock12.xml
7 ms. Memory: 510976K Free: 346137K (68%)
----------------- Invoking toplevel() on ptolemy.moml.MoMLSimpleApplication@34565297
----------------- Done invoking toplevel() on ptolemy.moml.MoMLSimpleApplication@34565297
reloadAllAccessors: .Clock12

===========================================================================================
----------------- testing Tue Sep 17 05:49:01 UTC 2019 /home/travis/build/icyphy/ptII/ptolemy/actor/lib/test/auto/Clock13.xml
----------------- Instantiating /home/travis/build/icyphy/ptII/ptolemy/actor/lib/test/auto/Clock13.xml
8 ms. Memory: 510976K Free: 340507K (67%)
----------------- Invoking toplevel() on ptolemy.moml.MoMLSimpleApplication@62a28d87
----------------- Done invoking toplevel() on ptolemy.moml.MoMLSimpleApplication@62a28d87
reloadAllAccessors: .Clock13

===========================================================================================
----------------- testing Tue Sep 17 05:49:01 UTC 2019 /home/travis/build/icyphy/ptII/ptolemy/actor/lib/test/auto/Clock14.xml
----------------- Instantiating /home/travis/build/icyphy/ptII/ptolemy/actor/lib/test/auto/Clock14.xml
5 ms. Memory: 510976K Free: 334363K (65%)
----------------- Invoking toplevel() on ptolemy.moml.MoMLSimpleApplication@1e9df63c
----------------- Done invoking toplevel() on ptolemy.moml.MoMLSimpleApplication@1e9df63c
reloadAllAccessors: .Clock14

===========================================================================================
----------------- testing Tue Sep 17 05:49:01 UTC 2019 /home/travis/build/icyphy/ptII/ptolemy/actor/lib/test/auto/Clock15.xml
----------------- Instantiating /home/travis/build/icyphy/ptII/ptolemy/actor/lib/test/auto/Clock15.xml
5 ms. Memory: 510976K Free: 328699K (64%)
----------------- Invoking toplevel() on ptolemy.moml.MoMLSimpleApplication@1b706ab7
----------------- Done invoking toplevel() on ptolemy.moml.MoMLSimpleApplication@1b706ab7
reloadAllAccessors: .Clock15

===========================================================================================
----------------- testing Tue Sep 17 05:49:01 UTC 2019 /home/travis/build/icyphy/ptII/ptolemy/actor/lib/test/auto/Clock16.xml
----------------- Instantiating /home/travis/build/icyphy/ptII/ptolemy/actor/lib/test/auto/Clock16.xml
36 ms. Memory: 510976K Free: 313851K (61%)
----------------- Invoking toplevel() on ptolemy.moml.MoMLSimpleApplication@2d591048
----------------- Done invoking toplevel() on ptolemy.moml.MoMLSimpleApplication@2d591048
reloadAllAccessors: .Clock16

===========================================================================================
----------------- testing Tue Sep 17 05:49:01 UTC 2019 /home/travis/build/icyphy/ptII/ptolemy/actor/lib/test/auto/Clock17.xml
----------------- Instantiating /home/travis/build/icyphy/ptII/ptolemy/actor/lib/test/auto/Clock17.xml
32 ms. Memory: 510976K Free: 299547K (59%)
----------------- Invoking toplevel() on ptolemy.moml.MoMLSimpleApplication@34a2bbe2
----------------- Done invoking toplevel() on ptolemy.moml.MoMLSimpleApplication@34a2bbe2
reloadAllAccessors: .Clock17

===========================================================================================
----------------- testing Tue Sep 17 05:49:02 UTC 2019 /home/travis/build/icyphy/ptII/ptolemy/actor/lib/test/auto/Clock18.xml
----------------- Instantiating /home/travis/build/icyphy/ptII/ptolemy/actor/lib/test/auto/Clock18.xml
30 ms. Memory: 510976K Free: 286715K (56%)
----------------- Invoking toplevel() on ptolemy.moml.MoMLSimpleApplication@13dbb9c4
----------------- Done invoking toplevel() on ptolemy.moml.MoMLSimpleApplication@13dbb9c4
reloadAllAccessors: .Clock18

===========================================================================================
----------------- testing Tue Sep 17 05:49:02 UTC 2019 /home/travis/build/icyphy/ptII/ptolemy/actor/lib/test/auto/Clock19.xml
----------------- Instantiating /home/travis/build/icyphy/ptII/ptolemy/actor/lib/test/auto/Clock19.xml
19 ms. Memory: 510976K Free: 273419K (54%)
----------------- Invoking toplevel() on ptolemy.moml.MoMLSimpleApplication@222e8a75
----------------- Done invoking toplevel() on ptolemy.moml.MoMLSimpleApplication@222e8a75
reloadAllAccessors: .Clock19

===========================================================================================
----------------- testing Tue Sep 17 05:49:02 UTC 2019 /home/travis/build/icyphy/ptII/ptolemy/actor/lib/test/auto/Clock2.xml
----------------- Instantiating /home/travis/build/icyphy/ptII/ptolemy/actor/lib/test/auto/Clock2.xml
9 ms. Memory: 510976K Free: 268827K (53%)
----------------- Invoking toplevel() on ptolemy.moml.MoMLSimpleApplication@45911132
----------------- Done invoking toplevel() on ptolemy.moml.MoMLSimpleApplication@45911132
reloadAllAccessors: .Clock2

===========================================================================================
----------------- testing Tue Sep 17 05:49:02 UTC 2019 /home/travis/build/icyphy/ptII/ptolemy/actor/lib/test/auto/Clock20.xml
----------------- Instantiating /home/travis/build/icyphy/ptII/ptolemy/actor/lib/test/auto/Clock20.xml
11 ms. Memory: 510976K Free: 263193K (52%)
----------------- Invoking toplevel() on ptolemy.moml.MoMLSimpleApplication@35186593
----------------- Done invoking toplevel() on ptolemy.moml.MoMLSimpleApplication@35186593
reloadAllAccessors: .Clock20

===========================================================================================
----------------- testing Tue Sep 17 05:49:02 UTC 2019 /home/travis/build/icyphy/ptII/ptolemy/actor/lib/test/auto/Clock21.xml
----------------- Instantiating /home/travis/build/icyphy/ptII/ptolemy/actor/lib/test/auto/Clock21.xml
7 ms. Memory: 510976K Free: 258073K (51%)
----------------- Invoking toplevel() on ptolemy.moml.MoMLSimpleApplication@134fd558
----------------- Done invoking toplevel() on ptolemy.moml.MoMLSimpleApplication@134fd558
reloadAllAccessors: .Clock21

===========================================================================================
----------------- testing Tue Sep 17 05:49:02 UTC 2019 /home/travis/build/icyphy/ptII/ptolemy/actor/lib/test/auto/Clock22.xml
----------------- Instantiating /home/travis/build/icyphy/ptII/ptolemy/actor/lib/test/auto/Clock22.xml
6 ms. Memory: 510976K Free: 252443K (49%)
----------------- Invoking toplevel() on ptolemy.moml.MoMLSimpleApplication@361cc032
----------------- Done invoking toplevel() on ptolemy.moml.MoMLSimpleApplication@361cc032
reloadAllAccessors: .Clock22

===========================================================================================
----------------- testing Tue Sep 17 05:49:02 UTC 2019 /home/travis/build/icyphy/ptII/ptolemy/actor/lib/test/auto/Clock23.xml
----------------- Instantiating /home/travis/build/icyphy/ptII/ptolemy/actor/lib/test/auto/Clock23.xml
7 ms. Memory: 510976K Free: 246809K (48%)
----------------- Invoking toplevel() on ptolemy.moml.MoMLSimpleApplication@4bbdef2c
----------------- Done invoking toplevel() on ptolemy.moml.MoMLSimpleApplication@4bbdef2c
reloadAllAccessors: .Clock23

===========================================================================================
----------------- testing Tue Sep 17 05:49:02 UTC 2019 /home/travis/build/icyphy/ptII/ptolemy/actor/lib/test/auto/Clock24.xml
----------------- Instantiating /home/travis/build/icyphy/ptII/ptolemy/actor/lib/test/auto/Clock24.xml
5 ms. Memory: 510976K Free: 241689K (47%)
----------------- Invoking toplevel() on ptolemy.moml.MoMLSimpleApplication@5e9a9513
----------------- Done invoking toplevel() on ptolemy.moml.MoMLSimpleApplication@5e9a9513
reloadAllAccessors: .Clock24

===========================================================================================
----------------- testing Tue Sep 17 05:49:02 UTC 2019 /home/travis/build/icyphy/ptII/ptolemy/actor/lib/test/auto/Clock4.xml
----------------- Instantiating /home/travis/build/icyphy/ptII/ptolemy/actor/lib/test/auto/Clock4.xml
2 ms. Memory: 510976K Free: 236539K (46%)
----------------- Invoking toplevel() on ptolemy.moml.MoMLSimpleApplication@37cc6dd0
----------------- Done invoking toplevel() on ptolemy.moml.MoMLSimpleApplication@37cc6dd0
reloadAllAccessors: .Clock4

===========================================================================================
----------------- testing Tue Sep 17 05:49:02 UTC 2019 /home/travis/build/icyphy/ptII/ptolemy/actor/lib/test/auto/Clock5.xml
----------------- Instantiating /home/travis/build/icyphy/ptII/ptolemy/actor/lib/test/auto/Clock5.xml
1 ms. Memory: 510976K Free: 231443K (45%)
----------------- Invoking toplevel() on ptolemy.moml.MoMLSimpleApplication@74e548f
----------------- Done invoking toplevel() on ptolemy.moml.MoMLSimpleApplication@74e548f
reloadAllAccessors: .Clock5

===========================================================================================
----------------- testing Tue Sep 17 05:49:02 UTC 2019 /home/travis/build/icyphy/ptII/ptolemy/actor/lib/test/auto/Clock6.xml
----------------- Instantiating /home/travis/build/icyphy/ptII/ptolemy/actor/lib/test/auto/Clock6.xml
4 ms. Memory: 510976K Free: 226843K (44%)
----------------- Invoking toplevel() on ptolemy.moml.MoMLSimpleApplication@277fec09
----------------- Done invoking toplevel() on ptolemy.moml.MoMLSimpleApplication@277fec09
reloadAllAccessors: .Clock6

===========================================================================================
----------------- testing Tue Sep 17 05:49:02 UTC 2019 /home/travis/build/icyphy/ptII/ptolemy/actor/lib/test/auto/Clock7.xml
----------------- Instantiating /home/travis/build/icyphy/ptII/ptolemy/actor/lib/test/auto/Clock7.xml
3 ms. Memory: 510976K Free: 222233K (43%)
----------------- Invoking toplevel() on ptolemy.moml.MoMLSimpleApplication@2e56662a
----------------- Done invoking toplevel() on ptolemy.moml.MoMLSimpleApplication@2e56662a
reloadAllAccessors: .Clock7

===========================================================================================
----------------- testing Tue Sep 17 05:49:02 UTC 2019 /home/travis/build/icyphy/ptII/ptolemy/actor/lib/test/auto/Clock8.xml
----------------- Instantiating /home/travis/build/icyphy/ptII/ptolemy/actor/lib/test/auto/Clock8.xml
8 ms. Memory: 510976K Free: 217083K (42%)
----------------- Invoking toplevel() on ptolemy.moml.MoMLSimpleApplication@4d43da2e
----------------- Done invoking toplevel() on ptolemy.moml.MoMLSimpleApplication@4d43da2e
reloadAllAccessors: .Clock8

===========================================================================================
----------------- testing Tue Sep 17 05:49:02 UTC 2019 /home/travis/build/icyphy/ptII/ptolemy/actor/lib/test/auto/Clock9.xml
----------------- Instantiating /home/travis/build/icyphy/ptII/ptolemy/actor/lib/test/auto/Clock9.xml
8 ms. Memory: 510976K Free: 211483K (41%)
----------------- Invoking toplevel() on ptolemy.moml.MoMLSimpleApplication@2da17402
----------------- Done invoking toplevel() on ptolemy.moml.MoMLSimpleApplication@2da17402
reloadAllAccessors: .Clock9

===========================================================================================
----------------- testing Tue Sep 17 05:49:02 UTC 2019 /home/travis/build/icyphy/ptII/ptolemy/actor/lib/test/auto/CommDistDiscard.xml
----------------- Instantiating /home/travis/build/icyphy/ptII/ptolemy/actor/lib/test/auto/CommDistDiscard.xml
5 ms. Memory: 510976K Free: 206363K (40%)
----------------- Invoking toplevel() on ptolemy.moml.MoMLSimpleApplication@1d7f8f0b
----------------- Done invoking toplevel() on ptolemy.moml.MoMLSimpleApplication@1d7f8f0b
reloadAllAccessors: .CommDistDiscard

===========================================================================================
----------------- testing Tue Sep 17 05:49:02 UTC 2019 /home/travis/build/icyphy/ptII/ptolemy/actor/lib/test/auto/Commutator.xml
----------------- Instantiating /home/travis/build/icyphy/ptII/ptolemy/actor/lib/test/auto/Commutator.xml
1 ms. Memory: 510976K Free: 201753K (39%)
----------------- Invoking toplevel() on ptolemy.moml.MoMLSimpleApplication@7d307342
----------------- Done invoking toplevel() on ptolemy.moml.MoMLSimpleApplication@7d307342
reloadAllAccessors: .Commutator

===========================================================================================
----------------- testing Tue Sep 17 05:49:02 UTC 2019 /home/travis/build/icyphy/ptII/ptolemy/actor/lib/test/auto/Commutator2.xml
----------------- Instantiating /home/travis/build/icyphy/ptII/ptolemy/actor/lib/test/auto/Commutator2.xml
2 ms. Memory: 510976K Free: 460612K (90%)
----------------- Invoking toplevel() on ptolemy.moml.MoMLSimpleApplication@1a7e4eda
----------------- Done invoking toplevel() on ptolemy.moml.MoMLSimpleApplication@1a7e4eda
reloadAllAccessors: .Commutator2

===========================================================================================
----------------- testing Tue Sep 17 05:49:02 UTC 2019 /home/travis/build/icyphy/ptII/ptolemy/actor/lib/test/auto/Commutator3.xml
----------------- Instantiating /home/travis/build/icyphy/ptII/ptolemy/actor/lib/test/auto/Commutator3.xml
3 ms. Memory: 510976K Free: 456516K (89%)
----------------- Invoking toplevel() on ptolemy.moml.MoMLSimpleApplication@781ac55d
----------------- Done invoking toplevel() on ptolemy.moml.MoMLSimpleApplication@781ac55d
reloadAllAccessors: .Commutator3

===========================================================================================
----------------- testing Tue Sep 17 05:49:02 UTC 2019 /home/travis/build/icyphy/ptII/ptolemy/actor/lib/test/auto/Compare.xml
----------------- Instantiating /home/travis/build/icyphy/ptII/ptolemy/actor/lib/test/auto/Compare.xml
3 ms. Memory: 510976K Free: 449858K (88%)
----------------- Invoking toplevel() on ptolemy.moml.MoMLSimpleApplication@356bd6a1
----------------- Done invoking toplevel() on ptolemy.moml.MoMLSimpleApplication@356bd6a1
reloadAllAccessors: .Compare

===========================================================================================
----------------- testing Tue Sep 17 05:49:02 UTC 2019 /home/travis/build/icyphy/ptII/ptolemy/actor/lib/test/auto/CompareDE.xml
----------------- Instantiating /home/travis/build/icyphy/ptII/ptolemy/actor/lib/test/auto/CompareDE.xml
5 ms. Memory: 510976K Free: 443204K (87%)
----------------- Invoking toplevel() on ptolemy.moml.MoMLSimpleApplication@7548c6d5
----------------- Done invoking toplevel() on ptolemy.moml.MoMLSimpleApplication@7548c6d5
reloadAllAccessors: .CompareDE

===========================================================================================
----------------- testing Tue Sep 17 05:49:02 UTC 2019 /home/travis/build/icyphy/ptII/ptolemy/actor/lib/test/auto/ComplexDivide.xml
----------------- Instantiating /home/travis/build/icyphy/ptII/ptolemy/actor/lib/test/auto/ComplexDivide.xml
2 ms. Memory: 510976K Free: 439108K (86%)
----------------- Invoking toplevel() on ptolemy.moml.MoMLSimpleApplication@15112634
----------------- Done invoking toplevel() on ptolemy.moml.MoMLSimpleApplication@15112634
reloadAllAccessors: .ComplexDivide

===========================================================================================
----------------- testing Tue Sep 17 05:49:02 UTC 2019 /home/travis/build/icyphy/ptII/ptolemy/actor/lib/test/auto/ComputeHistogram.xml
----------------- Instantiating /home/travis/build/icyphy/ptII/ptolemy/actor/lib/test/auto/ComputeHistogram.xml
39 ms. Memory: 510976K Free: 426306K (83%)
----------------- Invoking toplevel() on ptolemy.moml.MoMLSimpleApplication@54ed52eb
----------------- Done invoking toplevel() on ptolemy.moml.MoMLSimpleApplication@54ed52eb
reloadAllAccessors: .ComputeHistogram

===========================================================================================
----------------- testing Tue Sep 17 05:49:02 UTC 2019 /home/travis/build/icyphy/ptII/ptolemy/actor/lib/test/auto/ConfigurationSelect.xml
----------------- Instantiating /home/travis/build/icyphy/ptII/ptolemy/actor/lib/test/auto/ConfigurationSelect.xml
11 ms. Memory: 510976K Free: 421156K (82%)
----------------- Invoking toplevel() on ptolemy.moml.MoMLSimpleApplication@aa2a376
----------------- Done invoking toplevel() on ptolemy.moml.MoMLSimpleApplication@aa2a376
reloadAllAccessors: .ConfigurationSelect

===========================================================================================
----------------- testing Tue Sep 17 05:49:02 UTC 2019 /home/travis/build/icyphy/ptII/ptolemy/actor/lib/test/auto/ConfigurationSelect2.xml
----------------- Instantiating /home/travis/build/icyphy/ptII/ptolemy/actor/lib/test/auto/ConfigurationSelect2.xml
3 ms. Memory: 510976K Free: 416580K (82%)
----------------- Invoking toplevel() on ptolemy.moml.MoMLSimpleApplication@7dee0883
----------------- Done invoking toplevel() on ptolemy.moml.MoMLSimpleApplication@7dee0883
reloadAllAccessors: .ConfigurationSelect2

===========================================================================================
----------------- testing Tue Sep 17 05:49:02 UTC 2019 /home/travis/build/icyphy/ptII/ptolemy/actor/lib/test/auto/ConfigurationSwitch.xml
----------------- Instantiating /home/travis/build/icyphy/ptII/ptolemy/actor/lib/test/auto/ConfigurationSwitch.xml
2 ms. Memory: 510976K Free: 410946K (80%)
----------------- Invoking toplevel() on ptolemy.moml.MoMLSimpleApplication@37351a02
----------------- Done invoking toplevel() on ptolemy.moml.MoMLSimpleApplication@37351a02
reloadAllAccessors: .ConfigurationSwitch

===========================================================================================
----------------- testing Tue Sep 17 05:49:02 UTC 2019 /home/travis/build/icyphy/ptII/ptolemy/actor/lib/test/auto/ConfigurationSwitch2.xml
----------------- Instantiating /home/travis/build/icyphy/ptII/ptolemy/actor/lib/test/auto/ConfigurationSwitch2.xml
4 ms. Memory: 510976K Free: 405826K (79%)
----------------- Invoking toplevel() on ptolemy.moml.MoMLSimpleApplication@333132b
----------------- Done invoking toplevel() on ptolemy.moml.MoMLSimpleApplication@333132b
reloadAllAccessors: .ConfigurationSwitch2

===========================================================================================
----------------- testing Tue Sep 17 05:49:02 UTC 2019 /home/travis/build/icyphy/ptII/ptolemy/actor/lib/test/auto/ConfigurationSwitchCloningBugWithClassRelationGroup.xml
----------------- Instantiating /home/travis/build/icyphy/ptII/ptolemy/actor/lib/test/auto/ConfigurationSwitchCloningBugWithClassRelationGroup.xml
1 ms. Memory: 510976K Free: 399172K (78%)
----------------- Invoking toplevel() on ptolemy.moml.MoMLSimpleApplication@44b3f0b5
----------------- Done invoking toplevel() on ptolemy.moml.MoMLSimpleApplication@44b3f0b5
reloadAllAccessors: .ConfigurationSwitchCloningBugWithClassRelationGroup

===========================================================================================
----------------- testing Tue Sep 17 05:49:03 UTC 2019 /home/travis/build/icyphy/ptII/ptolemy/actor/lib/test/auto/ConfigurationSwitchSelectSDF.xml
----------------- Instantiating /home/travis/build/icyphy/ptII/ptolemy/actor/lib/test/auto/ConfigurationSwitchSelectSDF.xml
3 ms. Memory: 510976K Free: 394052K (77%)
----------------- Invoking toplevel() on ptolemy.moml.MoMLSimpleApplication@61f71725
----------------- Done invoking toplevel() on ptolemy.moml.MoMLSimpleApplication@61f71725
reloadAllAccessors: .ConfigurationSwitchSelectSDF

===========================================================================================
----------------- testing Tue Sep 17 05:49:03 UTC 2019 /home/travis/build/icyphy/ptII/ptolemy/actor/lib/test/auto/ConfigurationSwitchSelectSDF2.xml
----------------- Instantiating /home/travis/build/icyphy/ptII/ptolemy/actor/lib/test/auto/ConfigurationSwitchSelectSDF2.xml
3 ms. Memory: 510976K Free: 387908K (76%)
----------------- Invoking toplevel() on ptolemy.moml.MoMLSimpleApplication@3b726a73
----------------- Done invoking toplevel() on ptolemy.moml.MoMLSimpleApplication@3b726a73
reloadAllAccessors: .ConfigurationSwitchSelectSDF2

===========================================================================================
----------------- testing Tue Sep 17 05:49:03 UTC 2019 /home/travis/build/icyphy/ptII/ptolemy/actor/lib/test/auto/Const.xml
----------------- Instantiating /home/travis/build/icyphy/ptII/ptolemy/actor/lib/test/auto/Const.xml
1 ms. Memory: 510976K Free: 384322K (75%)
----------------- Invoking toplevel() on ptolemy.moml.MoMLSimpleApplication@7588d8d8
----------------- Done invoking toplevel() on ptolemy.moml.MoMLSimpleApplication@7588d8d8
reloadAllAccessors: .Const

===========================================================================================
----------------- testing Tue Sep 17 05:49:03 UTC 2019 /home/travis/build/icyphy/ptII/ptolemy/actor/lib/test/auto/Const2.xml
----------------- Instantiating /home/travis/build/icyphy/ptII/ptolemy/actor/lib/test/auto/Const2.xml
2 ms. Memory: 510976K Free: 380740K (75%)
----------------- Invoking toplevel() on ptolemy.moml.MoMLSimpleApplication@36345b56
----------------- Done invoking toplevel() on ptolemy.moml.MoMLSimpleApplication@36345b56
reloadAllAccessors: .Const2

===========================================================================================
----------------- testing Tue Sep 17 05:49:03 UTC 2019 /home/travis/build/icyphy/ptII/ptolemy/actor/lib/test/auto/Const3.xml
----------------- Instantiating /home/travis/build/icyphy/ptII/ptolemy/actor/lib/test/auto/Const3.xml
1 ms. Memory: 510976K Free: 377668K (74%)
----------------- Invoking toplevel() on ptolemy.moml.MoMLSimpleApplication@6a9b7192
----------------- Done invoking toplevel() on ptolemy.moml.MoMLSimpleApplication@6a9b7192
reloadAllAccessors: .Const3

===========================================================================================
----------------- testing Tue Sep 17 05:49:03 UTC 2019 /home/travis/build/icyphy/ptII/ptolemy/actor/lib/test/auto/ConstantPublisherPort1.xml
----------------- Instantiating /home/travis/build/icyphy/ptII/ptolemy/actor/lib/test/auto/ConstantPublisherPort1.xml
9 ms. Memory: 510976K Free: 368962K (72%)
----------------- Invoking toplevel() on ptolemy.moml.MoMLSimpleApplication@6ab36bbd
----------------- Done invoking toplevel() on ptolemy.moml.MoMLSimpleApplication@6ab36bbd
reloadAllAccessors: .ConstantPublisherPort1

===========================================================================================
----------------- testing Tue Sep 17 05:49:03 UTC 2019 /home/travis/build/icyphy/ptII/ptolemy/actor/lib/test/auto/ConstantPublisherPort2.xml
----------------- Instantiating /home/travis/build/icyphy/ptII/ptolemy/actor/lib/test/auto/ConstantPublisherPort2.xml
14 ms. Memory: 510976K Free: 361789K (71%)
----------------- Invoking toplevel() on ptolemy.moml.MoMLSimpleApplication@3795096e
----------------- Done invoking toplevel() on ptolemy.moml.MoMLSimpleApplication@3795096e
reloadAllAccessors: .ConstantPublisherPort2

===========================================================================================
----------------- testing Tue Sep 17 05:49:03 UTC 2019 /home/travis/build/icyphy/ptII/ptolemy/actor/lib/test/auto/ConstantPublisherPort3.xml
----------------- Instantiating /home/travis/build/icyphy/ptII/ptolemy/actor/lib/test/auto/ConstantPublisherPort3.xml
9 ms. Memory: 510976K Free: 353602K (69%)
----------------- Invoking toplevel() on ptolemy.moml.MoMLSimpleApplication@11ff6ea1
----------------- Done invoking toplevel() on ptolemy.moml.MoMLSimpleApplication@11ff6ea1
reloadAllAccessors: .ConstantPublisherPort3

===========================================================================================
----------------- testing Tue Sep 17 05:49:03 UTC 2019 /home/travis/build/icyphy/ptII/ptolemy/actor/lib/test/auto/ConstantPublisherPort4.xml
----------------- Instantiating /home/travis/build/icyphy/ptII/ptolemy/actor/lib/test/auto/ConstantPublisherPort4.xml
3 ms. Memory: 510976K Free: 346420K (68%)
----------------- Invoking toplevel() on ptolemy.moml.MoMLSimpleApplication@73c9fc2a
----------------- Done invoking toplevel() on ptolemy.moml.MoMLSimpleApplication@73c9fc2a
reloadAllAccessors: .ConstantPublisherPort4

===========================================================================================
----------------- testing Tue Sep 17 05:49:03 UTC 2019 /home/travis/build/icyphy/ptII/ptolemy/actor/lib/test/auto/ConstantPublisherPort5.xml
----------------- Instantiating /home/travis/build/icyphy/ptII/ptolemy/actor/lib/test/auto/ConstantPublisherPort5.xml
34 ms. Memory: 510976K Free: 337218K (66%)
----------------- Invoking toplevel() on ptolemy.moml.MoMLSimpleApplication@6d56699e
----------------- Done invoking toplevel() on ptolemy.moml.MoMLSimpleApplication@6d56699e
reloadAllAccessors: .ConstantPublisherPort5

===========================================================================================
----------------- testing Tue Sep 17 05:49:03 UTC 2019 /home/travis/build/icyphy/ptII/ptolemy/actor/lib/test/auto/ConstantPublisherPort6.xml
----------------- Instantiating /home/travis/build/icyphy/ptII/ptolemy/actor/lib/test/auto/ConstantPublisherPort6.xml
25 ms. Memory: 510976K Free: 327492K (64%)
----------------- Invoking toplevel() on ptolemy.moml.MoMLSimpleApplication@23b3c14b
----------------- Done invoking toplevel() on ptolemy.moml.MoMLSimpleApplication@23b3c14b
reloadAllAccessors: .ConstantPublisherPort6

===========================================================================================
----------------- testing Tue Sep 17 05:49:03 UTC 2019 /home/travis/build/icyphy/ptII/ptolemy/actor/lib/test/auto/ConstantPublisherPort7.xml
----------------- Instantiating /home/travis/build/icyphy/ptII/ptolemy/actor/lib/test/auto/ConstantPublisherPort7.xml
16 ms. Memory: 510976K Free: 318276K (62%)
----------------- Invoking toplevel() on ptolemy.moml.MoMLSimpleApplication@5042d0d9
----------------- Done invoking toplevel() on ptolemy.moml.MoMLSimpleApplication@5042d0d9
reloadAllAccessors: .ConstantPublisherPort7

===========================================================================================
----------------- testing Tue Sep 17 05:49:03 UTC 2019 /home/travis/build/icyphy/ptII/ptolemy/actor/lib/test/auto/ConstraintMonitor1.xml
----------------- Instantiating /home/travis/build/icyphy/ptII/ptolemy/actor/lib/test/auto/ConstraintMonitor1.xml
6 ms. Memory: 510976K Free: 313666K (61%)
----------------- Invoking toplevel() on ptolemy.moml.MoMLSimpleApplication@1173dbe6
----------------- Done invoking toplevel() on ptolemy.moml.MoMLSimpleApplication@1173dbe6
reloadAllAccessors: .ConstraintMonitor1

===========================================================================================
----------------- testing Tue Sep 17 05:49:03 UTC 2019 /home/travis/build/icyphy/ptII/ptolemy/actor/lib/test/auto/ConstraintMonitor2.xml
----------------- Instantiating /home/travis/build/icyphy/ptII/ptolemy/actor/lib/test/auto/ConstraintMonitor2.xml
3 ms. Memory: 510976K Free: 309060K (60%)
----------------- Invoking toplevel() on ptolemy.moml.MoMLSimpleApplication@2c017974
----------------- Done invoking toplevel() on ptolemy.moml.MoMLSimpleApplication@2c017974
reloadAllAccessors: .ConstraintMonitor2

===========================================================================================
----------------- testing Tue Sep 17 05:49:03 UTC 2019 /home/travis/build/icyphy/ptII/ptolemy/actor/lib/test/auto/ConstraintMonitor3.xml
----------------- Instantiating /home/travis/build/icyphy/ptII/ptolemy/actor/lib/test/auto/ConstraintMonitor3.xml
4 ms. Memory: 510976K Free: 304450K (60%)
----------------- Invoking toplevel() on ptolemy.moml.MoMLSimpleApplication@77d48051
----------------- Done invoking toplevel() on ptolemy.moml.MoMLSimpleApplication@77d48051
reloadAllAccessors: .ConstraintMonitor3

===========================================================================================
----------------- testing Tue Sep 17 05:49:03 UTC 2019 /home/travis/build/icyphy/ptII/ptolemy/actor/lib/test/auto/ConstraintMonitor4.xml
----------------- Instantiating /home/travis/build/icyphy/ptII/ptolemy/actor/lib/test/auto/ConstraintMonitor4.xml
5 ms. Memory: 510976K Free: 299844K (59%)
----------------- Invoking toplevel() on ptolemy.moml.MoMLSimpleApplication@319a4073
----------------- Done invoking toplevel() on ptolemy.moml.MoMLSimpleApplication@319a4073
reloadAllAccessors: .ConstraintMonitor4

===========================================================================================
----------------- testing Tue Sep 17 05:49:03 UTC 2019 /home/travis/build/icyphy/ptII/ptolemy/actor/lib/test/auto/ConstraintMonitor5.xml
----------------- Instantiating /home/travis/build/icyphy/ptII/ptolemy/actor/lib/test/auto/ConstraintMonitor5.xml
7 ms. Memory: 510976K Free: 294724K (58%)
----------------- Invoking toplevel() on ptolemy.moml.MoMLSimpleApplication@4dc7fc11
----------------- Done invoking toplevel() on ptolemy.moml.MoMLSimpleApplication@4dc7fc11
reloadAllAccessors: .ConstraintMonitor5

===========================================================================================
----------------- testing Tue Sep 17 05:49:03 UTC 2019 /home/travis/build/icyphy/ptII/ptolemy/actor/lib/test/auto/ConstraintMonitor6.xml
----------------- Instantiating /home/travis/build/icyphy/ptII/ptolemy/actor/lib/test/auto/ConstraintMonitor6.xml
4 ms. Memory: 510976K Free: 288580K (56%)
----------------- Invoking toplevel() on ptolemy.moml.MoMLSimpleApplication@cb50451
----------------- Done invoking toplevel() on ptolemy.moml.MoMLSimpleApplication@cb50451
reloadAllAccessors: .ConstraintMonitor6

===========================================================================================
----------------- testing Tue Sep 17 05:49:03 UTC 2019 /home/travis/build/icyphy/ptII/ptolemy/actor/lib/test/auto/ConstraintMonitor7.xml
----------------- Instantiating /home/travis/build/icyphy/ptII/ptolemy/actor/lib/test/auto/ConstraintMonitor7.xml
7 ms. Memory: 510976K Free: 282436K (55%)
----------------- Invoking toplevel() on ptolemy.moml.MoMLSimpleApplication@70cc9d82
----------------- Done invoking toplevel() on ptolemy.moml.MoMLSimpleApplication@70cc9d82
reloadAllAccessors: .ConstraintMonitor7

===========================================================================================
----------------- testing Tue Sep 17 05:49:03 UTC 2019 /home/travis/build/icyphy/ptII/ptolemy/actor/lib/test/auto/ConstraintMonitor8.xml
----------------- Instantiating /home/travis/build/icyphy/ptII/ptolemy/actor/lib/test/auto/ConstraintMonitor8.xml
9 ms. Memory: 510976K Free: 274754K (54%)
----------------- Invoking toplevel() on ptolemy.moml.MoMLSimpleApplication@69e88adb
----------------- Done invoking toplevel() on ptolemy.moml.MoMLSimpleApplication@69e88adb
reloadAllAccessors: .ConstraintMonitor8

===========================================================================================
----------------- testing Tue Sep 17 05:49:03 UTC 2019 /home/travis/build/icyphy/ptII/ptolemy/actor/lib/test/auto/Counter.xml
----------------- Instantiating /home/travis/build/icyphy/ptII/ptolemy/actor/lib/test/auto/Counter.xml
3 ms. Memory: 510976K Free: 269634K (53%)
----------------- Invoking toplevel() on ptolemy.moml.MoMLSimpleApplication@662c61cf
----------------- Done invoking toplevel() on ptolemy.moml.MoMLSimpleApplication@662c61cf
reloadAllAccessors: .Counter

===========================================================================================
----------------- testing Tue Sep 17 05:49:03 UTC 2019 /home/travis/build/icyphy/ptII/ptolemy/actor/lib/test/auto/CurrentTimeSDF.xml
----------------- Instantiating /home/travis/build/icyphy/ptII/ptolemy/actor/lib/test/auto/CurrentTimeSDF.xml
2 ms. Memory: 510976K Free: 265538K (52%)
----------------- Invoking toplevel() on ptolemy.moml.MoMLSimpleApplication@24804081
----------------- Done invoking toplevel() on ptolemy.moml.MoMLSimpleApplication@24804081
reloadAllAccessors: .CurrentTimeSDF

===========================================================================================
----------------- testing Tue Sep 17 05:49:03 UTC 2019 /home/travis/build/icyphy/ptII/ptolemy/actor/lib/test/auto/DB.xml
----------------- Instantiating /home/travis/build/icyphy/ptII/ptolemy/actor/lib/test/auto/DB.xml
2 ms. Memory: 510976K Free: 260418K (51%)
----------------- Invoking toplevel() on ptolemy.moml.MoMLSimpleApplication@7aa8c09e
----------------- Done invoking toplevel() on ptolemy.moml.MoMLSimpleApplication@7aa8c09e
reloadAllAccessors: .DB

===========================================================================================
----------------- testing Tue Sep 17 05:49:03 UTC 2019 /home/travis/build/icyphy/ptII/ptolemy/actor/lib/test/auto/DBDE.xml
----------------- Instantiating /home/travis/build/icyphy/ptII/ptolemy/actor/lib/test/auto/DBDE.xml
3 ms. Memory: 510976K Free: 254260K (50%)
----------------- Invoking toplevel() on ptolemy.moml.MoMLSimpleApplication@3c6328a0
----------------- Done invoking toplevel() on ptolemy.moml.MoMLSimpleApplication@3c6328a0
reloadAllAccessors: .DBDE

===========================================================================================
----------------- testing Tue Sep 17 05:49:03 UTC 2019 /home/travis/build/icyphy/ptII/ptolemy/actor/lib/test/auto/DateConstructor.xml
----------------- Instantiating /home/travis/build/icyphy/ptII/ptolemy/actor/lib/test/auto/DateConstructor.xml
31 ms. Memory: 510976K Free: 236866K (46%)
----------------- Invoking toplevel() on ptolemy.moml.MoMLSimpleApplication@278e5822
----------------- Done invoking toplevel() on ptolemy.moml.MoMLSimpleApplication@278e5822
reloadAllAccessors: .DateConstructor

===========================================================================================
----------------- testing Tue Sep 17 05:49:03 UTC 2019 /home/travis/build/icyphy/ptII/ptolemy/actor/lib/test/auto/DelayTime.xml
----------------- Instantiating /home/travis/build/icyphy/ptII/ptolemy/actor/lib/test/auto/DelayTime.xml
9 ms. Memory: 510976K Free: 231746K (45%)
----------------- Invoking toplevel() on ptolemy.moml.MoMLSimpleApplication@3fb24f0f
----------------- Done invoking toplevel() on ptolemy.moml.MoMLSimpleApplication@3fb24f0f
reloadAllAccessors: .DelayTime

===========================================================================================
----------------- testing Tue Sep 17 05:49:03 UTC 2019 /home/travis/build/icyphy/ptII/ptolemy/actor/lib/test/auto/Dictionary1.xml
----------------- Instantiating /home/travis/build/icyphy/ptII/ptolemy/actor/lib/test/auto/Dictionary1.xml
13 ms. Memory: 510976K Free: 226116K (44%)
----------------- Invoking toplevel() on ptolemy.moml.MoMLSimpleApplication@b6731c5
----------------- Done invoking toplevel() on ptolemy.moml.MoMLSimpleApplication@b6731c5
reloadAllAccessors: .Dictionary1

===========================================================================================
----------------- testing Tue Sep 17 05:49:03 UTC 2019 /home/travis/build/icyphy/ptII/ptolemy/actor/lib/test/auto/Dictionary2.xml
----------------- Instantiating /home/travis/build/icyphy/ptII/ptolemy/actor/lib/test/auto/Dictionary2.xml
5 ms. Memory: 510976K Free: 220482K (43%)
----------------- Invoking toplevel() on ptolemy.moml.MoMLSimpleApplication@6bb64262
----------------- Done invoking toplevel() on ptolemy.moml.MoMLSimpleApplication@6bb64262
reloadAllAccessors: .Dictionary2

===========================================================================================
----------------- testing Tue Sep 17 05:49:03 UTC 2019 /home/travis/build/icyphy/ptII/ptolemy/actor/lib/test/auto/Dictionary3.xml
----------------- Instantiating /home/travis/build/icyphy/ptII/ptolemy/actor/lib/test/auto/Dictionary3.xml
2 ms. Memory: 510976K Free: 215362K (42%)
----------------- Invoking toplevel() on ptolemy.moml.MoMLSimpleApplication@57f16145
----------------- Done invoking toplevel() on ptolemy.moml.MoMLSimpleApplication@57f16145
reloadAllAccessors: .Dictionary3

===========================================================================================
----------------- testing Tue Sep 17 05:49:03 UTC 2019 /home/travis/build/icyphy/ptII/ptolemy/actor/lib/test/auto/Dictionary4.xml
----------------- Instantiating /home/travis/build/icyphy/ptII/ptolemy/actor/lib/test/auto/Dictionary4.xml
4 ms. Memory: 510976K Free: 208194K (41%)
----------------- Invoking toplevel() on ptolemy.moml.MoMLSimpleApplication@44eaea5a
----------------- Done invoking toplevel() on ptolemy.moml.MoMLSimpleApplication@44eaea5a
reloadAllAccessors: .Dictionary4

===========================================================================================
----------------- testing Tue Sep 17 05:49:04 UTC 2019 /home/travis/build/icyphy/ptII/ptolemy/actor/lib/test/auto/Differential.xml
----------------- Instantiating /home/travis/build/icyphy/ptII/ptolemy/actor/lib/test/auto/Differential.xml
3 ms. Memory: 510976K Free: 203588K (40%)
----------------- Invoking toplevel() on ptolemy.moml.MoMLSimpleApplication@3c76cf38
----------------- Done invoking toplevel() on ptolemy.moml.MoMLSimpleApplication@3c76cf38
reloadAllAccessors: .Differential

===========================================================================================
----------------- testing Tue Sep 17 05:49:04 UTC 2019 /home/travis/build/icyphy/ptII/ptolemy/actor/lib/test/auto/Director.xml
----------------- Instantiating /home/travis/build/icyphy/ptII/ptolemy/actor/lib/test/auto/Director.xml
6 ms. Memory: 510976K Free: 200516K (39%)
----------------- Invoking toplevel() on ptolemy.moml.MoMLSimpleApplication@66c71a6e
----------------- Done invoking toplevel() on ptolemy.moml.MoMLSimpleApplication@66c71a6e
reloadAllAccessors: .Director

===========================================================================================
----------------- testing Tue Sep 17 05:49:04 UTC 2019 /home/travis/build/icyphy/ptII/ptolemy/actor/lib/test/auto/DiscreteClock.xml
----------------- Instantiating /home/travis/build/icyphy/ptII/ptolemy/actor/lib/test/auto/DiscreteClock.xml
2 ms. Memory: 510976K Free: 196420K (38%)
----------------- Invoking toplevel() on ptolemy.moml.MoMLSimpleApplication@b4a1e01
----------------- Done invoking toplevel() on ptolemy.moml.MoMLSimpleApplication@b4a1e01
reloadAllAccessors: .DiscreteClock

===========================================================================================
----------------- testing Tue Sep 17 05:49:04 UTC 2019 /home/travis/build/icyphy/ptII/ptolemy/actor/lib/test/auto/DiscreteClock10.xml
----------------- Instantiating /home/travis/build/icyphy/ptII/ptolemy/actor/lib/test/auto/DiscreteClock10.xml
5 ms. Memory: 510976K Free: 190276K (37%)
----------------- Invoking toplevel() on ptolemy.moml.MoMLSimpleApplication@2fb460e4
----------------- Done invoking toplevel() on ptolemy.moml.MoMLSimpleApplication@2fb460e4
reloadAllAccessors: .DiscreteClock10

===========================================================================================
----------------- testing Tue Sep 17 05:49:04 UTC 2019 /home/travis/build/icyphy/ptII/ptolemy/actor/lib/test/auto/DiscreteClock11.xml
----------------- Instantiating /home/travis/build/icyphy/ptII/ptolemy/actor/lib/test/auto/DiscreteClock11.xml
3 ms. Memory: 510976K Free: 184132K (36%)
----------------- Invoking toplevel() on ptolemy.moml.MoMLSimpleApplication@2c17f275
----------------- Done invoking toplevel() on ptolemy.moml.MoMLSimpleApplication@2c17f275
reloadAllAccessors: .DiscreteClock11

===========================================================================================
----------------- testing Tue Sep 17 05:49:04 UTC 2019 /home/travis/build/icyphy/ptII/ptolemy/actor/lib/test/auto/DiscreteClock12.xml
----------------- Instantiating /home/travis/build/icyphy/ptII/ptolemy/actor/lib/test/auto/DiscreteClock12.xml
3 ms. Memory: 510976K Free: 178498K (35%)
----------------- Invoking toplevel() on ptolemy.moml.MoMLSimpleApplication@6fcfb579
----------------- Done invoking toplevel() on ptolemy.moml.MoMLSimpleApplication@6fcfb579
reloadAllAccessors: .DiscreteClock12

===========================================================================================
----------------- testing Tue Sep 17 05:49:04 UTC 2019 /home/travis/build/icyphy/ptII/ptolemy/actor/lib/test/auto/DiscreteClock13.xml
----------------- Instantiating /home/travis/build/icyphy/ptII/ptolemy/actor/lib/test/auto/DiscreteClock13.xml
6 ms. Memory: 510976K Free: 172324K (34%)
----------------- Invoking toplevel() on ptolemy.moml.MoMLSimpleApplication@18138b7a
----------------- Done invoking toplevel() on ptolemy.moml.MoMLSimpleApplication@18138b7a
reloadAllAccessors: .DiscreteClock13

===========================================================================================
----------------- testing Tue Sep 17 05:49:04 UTC 2019 /home/travis/build/icyphy/ptII/ptolemy/actor/lib/test/auto/DiscreteClock14.xml
----------------- Instantiating /home/travis/build/icyphy/ptII/ptolemy/actor/lib/test/auto/DiscreteClock14.xml
7 ms. Memory: 510976K Free: 166180K (33%)
----------------- Invoking toplevel() on ptolemy.moml.MoMLSimpleApplication@23c43bb1
----------------- Done invoking toplevel() on ptolemy.moml.MoMLSimpleApplication@23c43bb1
reloadAllAccessors: .DiscreteClock14

===========================================================================================
----------------- testing Tue Sep 17 05:49:04 UTC 2019 /home/travis/build/icyphy/ptII/ptolemy/actor/lib/test/auto/DiscreteClock15.xml
----------------- Instantiating /home/travis/build/icyphy/ptII/ptolemy/actor/lib/test/auto/DiscreteClock15.xml
23 ms. Memory: 510976K Free: 463761K (91%)
----------------- Invoking toplevel() on ptolemy.moml.MoMLSimpleApplication@73036e87
----------------- Done invoking toplevel() on ptolemy.moml.MoMLSimpleApplication@73036e87
reloadAllAccessors: .DiscreteClock15

===========================================================================================
----------------- testing Tue Sep 17 05:49:04 UTC 2019 /home/travis/build/icyphy/ptII/ptolemy/actor/lib/test/auto/DiscreteClock16.xml
----------------- Instantiating /home/travis/build/icyphy/ptII/ptolemy/actor/lib/test/auto/DiscreteClock16.xml
22 ms. Memory: 510976K Free: 449712K (88%)
----------------- Invoking toplevel() on ptolemy.moml.MoMLSimpleApplication@801a0d9
----------------- Done invoking toplevel() on ptolemy.moml.MoMLSimpleApplication@801a0d9
reloadAllAccessors: .DiscreteClock16

===========================================================================================
----------------- testing Tue Sep 17 05:49:04 UTC 2019 /home/travis/build/icyphy/ptII/ptolemy/actor/lib/test/auto/DiscreteClock17.xml
----------------- Instantiating /home/travis/build/icyphy/ptII/ptolemy/actor/lib/test/auto/DiscreteClock17.xml
19 ms. Memory: 510976K Free: 434848K (85%)
----------------- Invoking toplevel() on ptolemy.moml.MoMLSimpleApplication@10359097
----------------- Done invoking toplevel() on ptolemy.moml.MoMLSimpleApplication@10359097
reloadAllAccessors: .DiscreteClock17

===========================================================================================
----------------- testing Tue Sep 17 05:49:04 UTC 2019 /home/travis/build/icyphy/ptII/ptolemy/actor/lib/test/auto/DiscreteClock18.xml
----------------- Instantiating /home/travis/build/icyphy/ptII/ptolemy/actor/lib/test/auto/DiscreteClock18.xml
28 ms. Memory: 510976K Free: 421040K (82%)
----------------- Invoking toplevel() on ptolemy.moml.MoMLSimpleApplication@13c9c45a
----------------- Done invoking toplevel() on ptolemy.moml.MoMLSimpleApplication@13c9c45a
reloadAllAccessors: .DiscreteClock18

===========================================================================================
----------------- testing Tue Sep 17 05:49:04 UTC 2019 /home/travis/build/icyphy/ptII/ptolemy/actor/lib/test/auto/DiscreteClock19.xml
----------------- Instantiating /home/travis/build/icyphy/ptII/ptolemy/actor/lib/test/auto/DiscreteClock19.xml
21 ms. Memory: 510976K Free: 407184K (80%)
----------------- Invoking toplevel() on ptolemy.moml.MoMLSimpleApplication@1a61caf8
----------------- Done invoking toplevel() on ptolemy.moml.MoMLSimpleApplication@1a61caf8
reloadAllAccessors: .DiscreteClock19

===========================================================================================
----------------- testing Tue Sep 17 05:49:04 UTC 2019 /home/travis/build/icyphy/ptII/ptolemy/actor/lib/test/auto/DiscreteClock2.xml
----------------- Instantiating /home/travis/build/icyphy/ptII/ptolemy/actor/lib/test/auto/DiscreteClock2.xml
2 ms. Memory: 510976K Free: 402608K (79%)
----------------- Invoking toplevel() on ptolemy.moml.MoMLSimpleApplication@1fece48e
----------------- Done invoking toplevel() on ptolemy.moml.MoMLSimpleApplication@1fece48e
reloadAllAccessors: .DiscreteClock2

===========================================================================================
----------------- testing Tue Sep 17 05:49:04 UTC 2019 /home/travis/build/icyphy/ptII/ptolemy/actor/lib/test/auto/DiscreteClock20.xml
----------------- Instantiating /home/travis/build/icyphy/ptII/ptolemy/actor/lib/test/auto/DiscreteClock20.xml
6 ms. Memory: 510976K Free: 396974K (78%)
----------------- Invoking toplevel() on ptolemy.moml.MoMLSimpleApplication@5e00f90
----------------- Done invoking toplevel() on ptolemy.moml.MoMLSimpleApplication@5e00f90
reloadAllAccessors: .DiscreteClock20

===========================================================================================
----------------- testing Tue Sep 17 05:49:04 UTC 2019 /home/travis/build/icyphy/ptII/ptolemy/actor/lib/test/auto/DiscreteClock21.xml
----------------- Instantiating /home/travis/build/icyphy/ptII/ptolemy/actor/lib/test/auto/DiscreteClock21.xml
4 ms. Memory: 510976K Free: 391344K (77%)
----------------- Invoking toplevel() on ptolemy.moml.MoMLSimpleApplication@52dfda58
----------------- Done invoking toplevel() on ptolemy.moml.MoMLSimpleApplication@52dfda58
reloadAllAccessors: .DiscreteClock21

===========================================================================================
----------------- testing Tue Sep 17 05:49:04 UTC 2019 /home/travis/build/icyphy/ptII/ptolemy/actor/lib/test/auto/DiscreteClock22.xml
----------------- Instantiating /home/travis/build/icyphy/ptII/ptolemy/actor/lib/test/auto/DiscreteClock22.xml
4 ms. Memory: 510976K Free: 385710K (75%)
----------------- Invoking toplevel() on ptolemy.moml.MoMLSimpleApplication@130fdadf
----------------- Done invoking toplevel() on ptolemy.moml.MoMLSimpleApplication@130fdadf
reloadAllAccessors: .DiscreteClock22

===========================================================================================
----------------- testing Tue Sep 17 05:49:04 UTC 2019 /home/travis/build/icyphy/ptII/ptolemy/actor/lib/test/auto/DiscreteClock23.xml
----------------- Instantiating /home/travis/build/icyphy/ptII/ptolemy/actor/lib/test/auto/DiscreteClock23.xml
9 ms. Memory: 510976K Free: 380590K (74%)
----------------- Invoking toplevel() on ptolemy.moml.MoMLSimpleApplication@713d3eba
----------------- Done invoking toplevel() on ptolemy.moml.MoMLSimpleApplication@713d3eba
reloadAllAccessors: .DiscreteClock23

===========================================================================================
----------------- testing Tue Sep 17 05:49:04 UTC 2019 /home/travis/build/icyphy/ptII/ptolemy/actor/lib/test/auto/DiscreteClock24.xml
----------------- Instantiating /home/travis/build/icyphy/ptII/ptolemy/actor/lib/test/auto/DiscreteClock24.xml
2 ms. Memory: 510976K Free: 374960K (73%)
----------------- Invoking toplevel() on ptolemy.moml.MoMLSimpleApplication@748242bb
----------------- Done invoking toplevel() on ptolemy.moml.MoMLSimpleApplication@748242bb
reloadAllAccessors: .DiscreteClock24

===========================================================================================
----------------- testing Tue Sep 17 05:49:04 UTC 2019 /home/travis/build/icyphy/ptII/ptolemy/actor/lib/test/auto/DiscreteClock4.xml
----------------- Instantiating /home/travis/build/icyphy/ptII/ptolemy/actor/lib/test/auto/DiscreteClock4.xml
5 ms. Memory: 510976K Free: 369312K (72%)
----------------- Invoking toplevel() on ptolemy.moml.MoMLSimpleApplication@42e2758b
----------------- Done invoking toplevel() on ptolemy.moml.MoMLSimpleApplication@42e2758b
reloadAllAccessors: .DiscreteClock4

===========================================================================================
----------------- testing Tue Sep 17 05:49:04 UTC 2019 /home/travis/build/icyphy/ptII/ptolemy/actor/lib/test/auto/DiscreteClock5.xml
----------------- Instantiating /home/travis/build/icyphy/ptII/ptolemy/actor/lib/test/auto/DiscreteClock5.xml
1 ms. Memory: 510976K Free: 363696K (71%)
----------------- Invoking toplevel() on ptolemy.moml.MoMLSimpleApplication@6d9c27a1
----------------- Done invoking toplevel() on ptolemy.moml.MoMLSimpleApplication@6d9c27a1
reloadAllAccessors: .DiscreteClock5

===========================================================================================
----------------- testing Tue Sep 17 05:49:04 UTC 2019 /home/travis/build/icyphy/ptII/ptolemy/actor/lib/test/auto/DiscreteClock6.xml
----------------- Instantiating /home/travis/build/icyphy/ptII/ptolemy/actor/lib/test/auto/DiscreteClock6.xml
1 ms. Memory: 510976K Free: 359086K (70%)
----------------- Invoking toplevel() on ptolemy.moml.MoMLSimpleApplication@2bf327a4
----------------- Done invoking toplevel() on ptolemy.moml.MoMLSimpleApplication@2bf327a4
reloadAllAccessors: .DiscreteClock6

===========================================================================================
----------------- testing Tue Sep 17 05:49:04 UTC 2019 /home/travis/build/icyphy/ptII/ptolemy/actor/lib/test/auto/DiscreteClock7.xml
----------------- Instantiating /home/travis/build/icyphy/ptII/ptolemy/actor/lib/test/auto/DiscreteClock7.xml
1 ms. Memory: 510976K Free: 354990K (69%)
----------------- Invoking toplevel() on ptolemy.moml.MoMLSimpleApplication@d429e71
----------------- Done invoking toplevel() on ptolemy.moml.MoMLSimpleApplication@d429e71
reloadAllAccessors: .DiscreteClock7

===========================================================================================
----------------- testing Tue Sep 17 05:49:04 UTC 2019 /home/travis/build/icyphy/ptII/ptolemy/actor/lib/test/auto/DiscreteClock8.xml
----------------- Instantiating /home/travis/build/icyphy/ptII/ptolemy/actor/lib/test/auto/DiscreteClock8.xml
3 ms. Memory: 510976K Free: 349360K (68%)
----------------- Invoking toplevel() on ptolemy.moml.MoMLSimpleApplication@7a21daef
----------------- Done invoking toplevel() on ptolemy.moml.MoMLSimpleApplication@7a21daef
reloadAllAccessors: .DiscreteClock8

===========================================================================================
----------------- testing Tue Sep 17 05:49:04 UTC 2019 /home/travis/build/icyphy/ptII/ptolemy/actor/lib/test/auto/DiscreteClock9.xml
----------------- Instantiating /home/travis/build/icyphy/ptII/ptolemy/actor/lib/test/auto/DiscreteClock9.xml
2 ms. Memory: 510976K Free: 343216K (67%)
----------------- Invoking toplevel() on ptolemy.moml.MoMLSimpleApplication@52466358
----------------- Done invoking toplevel() on ptolemy.moml.MoMLSimpleApplication@52466358
reloadAllAccessors: .DiscreteClock9

===========================================================================================
----------------- testing Tue Sep 17 05:49:04 UTC 2019 /home/travis/build/icyphy/ptII/ptolemy/actor/lib/test/auto/DisplayArray.xml
----------------- Instantiating /home/travis/build/icyphy/ptII/ptolemy/actor/lib/test/auto/DisplayArray.xml
2 ms. Memory: 510976K Free: 339630K (66%)
----------------- Invoking toplevel() on ptolemy.moml.MoMLSimpleApplication@7187ba5
----------------- Done invoking toplevel() on ptolemy.moml.MoMLSimpleApplication@7187ba5
reloadAllAccessors: .DisplayArray

===========================================================================================
----------------- testing Tue Sep 17 05:49:04 UTC 2019 /home/travis/build/icyphy/ptII/ptolemy/actor/lib/test/auto/Distributor.xml
----------------- Instantiating /home/travis/build/icyphy/ptII/ptolemy/actor/lib/test/auto/Distributor.xml
2 ms. Memory: 510976K Free: 335024K (66%)
----------------- Invoking toplevel() on ptolemy.moml.MoMLSimpleApplication@4208006d
----------------- Done invoking toplevel() on ptolemy.moml.MoMLSimpleApplication@4208006d
reloadAllAccessors: .Distributor

===========================================================================================
----------------- testing Tue Sep 17 05:49:04 UTC 2019 /home/travis/build/icyphy/ptII/ptolemy/actor/lib/test/auto/Distributor2.xml
----------------- Instantiating /home/travis/build/icyphy/ptII/ptolemy/actor/lib/test/auto/Distributor2.xml
1 ms. Memory: 510976K Free: 329904K (65%)
----------------- Invoking toplevel() on ptolemy.moml.MoMLSimpleApplication@6cd9b2d9
----------------- Done invoking toplevel() on ptolemy.moml.MoMLSimpleApplication@6cd9b2d9
reloadAllAccessors: .Distributor2

===========================================================================================
----------------- testing Tue Sep 17 05:49:04 UTC 2019 /home/travis/build/icyphy/ptII/ptolemy/actor/lib/test/auto/DownSample.xml
----------------- Instantiating /home/travis/build/icyphy/ptII/ptolemy/actor/lib/test/auto/DownSample.xml
1 ms. Memory: 510976K Free: 325294K (64%)
----------------- Invoking toplevel() on ptolemy.moml.MoMLSimpleApplication@2fe8448c
----------------- Done invoking toplevel() on ptolemy.moml.MoMLSimpleApplication@2fe8448c
reloadAllAccessors: .DownSample

===========================================================================================
----------------- testing Tue Sep 17 05:49:04 UTC 2019 /home/travis/build/icyphy/ptII/ptolemy/actor/lib/test/auto/ElectronicUnitBase1.xml
----------------- Instantiating /home/travis/build/icyphy/ptII/ptolemy/actor/lib/test/auto/ElectronicUnitBase1.xml
21 ms. Memory: 510976K Free: 308910K (60%)
----------------- Invoking toplevel() on ptolemy.moml.MoMLSimpleApplication@6e87b8eb
----------------- Done invoking toplevel() on ptolemy.moml.MoMLSimpleApplication@6e87b8eb
reloadAllAccessors: .ElectronicUnitBase1

===========================================================================================
----------------- testing Tue Sep 17 05:49:04 UTC 2019 /home/travis/build/icyphy/ptII/ptolemy/actor/lib/test/auto/ElementsToArray.xml
----------------- Instantiating /home/travis/build/icyphy/ptII/ptolemy/actor/lib/test/auto/ElementsToArray.xml
4 ms. Memory: 510976K Free: 303790K (59%)
----------------- Invoking toplevel() on ptolemy.moml.MoMLSimpleApplication@100d5391
----------------- Done invoking toplevel() on ptolemy.moml.MoMLSimpleApplication@100d5391
reloadAllAccessors: .ElementsToArray

===========================================================================================
----------------- testing Tue Sep 17 05:49:04 UTC 2019 /home/travis/build/icyphy/ptII/ptolemy/actor/lib/test/auto/Equals.xml
----------------- Instantiating /home/travis/build/icyphy/ptII/ptolemy/actor/lib/test/auto/Equals.xml
3 ms. Memory: 510976K Free: 299694K (59%)
----------------- Invoking toplevel() on ptolemy.moml.MoMLSimpleApplication@34c781b6
----------------- Done invoking toplevel() on ptolemy.moml.MoMLSimpleApplication@34c781b6
reloadAllAccessors: .Equals

===========================================================================================
----------------- testing Tue Sep 17 05:49:04 UTC 2019 /home/travis/build/icyphy/ptII/ptolemy/actor/lib/test/auto/Exec.xml
----------------- Instantiating /home/travis/build/icyphy/ptII/ptolemy/actor/lib/test/auto/Exec.xml
26 ms. Memory: 510976K Free: 293550K (57%)
----------------- Invoking toplevel() on ptolemy.moml.MoMLSimpleApplication@7b565585
----------------- Done invoking toplevel() on ptolemy.moml.MoMLSimpleApplication@7b565585
reloadAllAccessors: .Exec

===========================================================================================
----------------- testing Tue Sep 17 05:49:05 UTC 2019 /home/travis/build/icyphy/ptII/ptolemy/actor/lib/test/auto/ExecEnvironment.xml
----------------- Instantiating /home/travis/build/icyphy/ptII/ptolemy/actor/lib/test/auto/ExecEnvironment.xml
30 ms. Memory: 510976K Free: 288416K (56%)
----------------- Invoking toplevel() on ptolemy.moml.MoMLSimpleApplication@47139808
----------------- Done invoking toplevel() on ptolemy.moml.MoMLSimpleApplication@47139808
reloadAllAccessors: .ExecEnvironment

===========================================================================================
----------------- testing Tue Sep 17 05:49:05 UTC 2019 /home/travis/build/icyphy/ptII/ptolemy/actor/lib/test/auto/ExecNonZeroReturnOutput.xml
----------------- Instantiating /home/travis/build/icyphy/ptII/ptolemy/actor/lib/test/auto/ExecNonZeroReturnOutput.xml
195 ms. Memory: 510976K Free: 276656K (54%)
----------------- Invoking toplevel() on ptolemy.moml.MoMLSimpleApplication@18bb878e
----------------- Done invoking toplevel() on ptolemy.moml.MoMLSimpleApplication@18bb878e
reloadAllAccessors: .ExecNonZeroReturnOutput

===========================================================================================
----------------- testing Tue Sep 17 05:49:05 UTC 2019 /home/travis/build/icyphy/ptII/ptolemy/actor/lib/test/auto/ExecRunDemos.xml
----------------- Instantiating /home/travis/build/icyphy/ptII/ptolemy/actor/lib/test/auto/ExecRunDemos.xml
Finished: 77 ms. Memory: 120832K Free: 104377K (86%)

Finished: 90 ms. Memory: 120832K Free: 110699K (92%)

Finished: 130 ms. Memory: 120832K Free: 110867K (92%)

Finished: 123 ms. Memory: 120832K Free: 103146K (85%)

Finished: 84 ms. Memory: 120832K Free: 104017K (86%)

11332 ms. Memory: 510976K Free: 255150K (50%)
----------------- Invoking toplevel() on ptolemy.moml.MoMLSimpleApplication@7c9f796a
----------------- Done invoking toplevel() on ptolemy.moml.MoMLSimpleApplication@7c9f796a
reloadAllAccessors: .ExecRunDemos

===========================================================================================
----------------- testing Tue Sep 17 05:49:16 UTC 2019 /home/travis/build/icyphy/ptII/ptolemy/actor/lib/test/auto/ExecStop.xml
----------------- Instantiating /home/travis/build/icyphy/ptII/ptolemy/actor/lib/test/auto/ExecStop.xml
5011 ms. Memory: 510976K Free: 163502K (32%)
----------------- Invoking toplevel() on ptolemy.moml.MoMLSimpleApplication@1acd66c7
----------------- Done invoking toplevel() on ptolemy.moml.MoMLSimpleApplication@1acd66c7
reloadAllAccessors: .ExecStop

===========================================================================================
----------------- testing Tue Sep 17 05:49:21 UTC 2019 /home/travis/build/icyphy/ptII/ptolemy/actor/lib/test/auto/ExecutionTimeSDF.xml
----------------- Instantiating /home/travis/build/icyphy/ptII/ptolemy/actor/lib/test/auto/ExecutionTimeSDF.xml
Fired ExecutionTime: 916000000
Fired ExecutionTime: 1050000000
Fired ExecutionTime: -1078167296
6007 ms. Memory: 510976K Free: 453495K (89%)

===========================================================================================
----------------- testing Tue Sep 17 05:49:27 UTC 2019 /home/travis/build/icyphy/ptII/ptolemy/actor/lib/test/auto/Expression1.xml
----------------- Instantiating /home/travis/build/icyphy/ptII/ptolemy/actor/lib/test/auto/Expression1.xml
1 ms. Memory: 510976K Free: 449399K (88%)
----------------- Invoking toplevel() on ptolemy.moml.MoMLSimpleApplication@3da5bbad
----------------- Done invoking toplevel() on ptolemy.moml.MoMLSimpleApplication@3da5bbad
reloadAllAccessors: .Expression1

===========================================================================================
----------------- testing Tue Sep 17 05:49:27 UTC 2019 /home/travis/build/icyphy/ptII/ptolemy/actor/lib/test/auto/Expression10.xml
----------------- Instantiating /home/travis/build/icyphy/ptII/ptolemy/actor/lib/test/auto/Expression10.xml
11 ms. Memory: 510976K Free: 443765K (87%)
----------------- Invoking toplevel() on ptolemy.moml.MoMLSimpleApplication@5ae539ab
----------------- Done invoking toplevel() on ptolemy.moml.MoMLSimpleApplication@5ae539ab
reloadAllAccessors: .Expression10

===========================================================================================
----------------- testing Tue Sep 17 05:49:27 UTC 2019 /home/travis/build/icyphy/ptII/ptolemy/actor/lib/test/auto/Expression11.xml
----------------- Instantiating /home/travis/build/icyphy/ptII/ptolemy/actor/lib/test/auto/Expression11.xml
3 ms. Memory: 510976K Free: 439669K (86%)
----------------- Invoking toplevel() on ptolemy.moml.MoMLSimpleApplication@66f6fdee
----------------- Done invoking toplevel() on ptolemy.moml.MoMLSimpleApplication@66f6fdee
reloadAllAccessors: .Expression11

===========================================================================================
----------------- testing Tue Sep 17 05:49:27 UTC 2019 /home/travis/build/icyphy/ptII/ptolemy/actor/lib/test/auto/Expression12.xml
----------------- Instantiating /home/travis/build/icyphy/ptII/ptolemy/actor/lib/test/auto/Expression12.xml
4 ms. Memory: 510976K Free: 434039K (85%)
----------------- Invoking toplevel() on ptolemy.moml.MoMLSimpleApplication@496be9b2
----------------- Done invoking toplevel() on ptolemy.moml.MoMLSimpleApplication@496be9b2
reloadAllAccessors: .Expression12

===========================================================================================
----------------- testing Tue Sep 17 05:49:27 UTC 2019 /home/travis/build/icyphy/ptII/ptolemy/actor/lib/test/auto/Expression13.xml
----------------- Instantiating /home/travis/build/icyphy/ptII/ptolemy/actor/lib/test/auto/Expression13.xml
5 ms. Memory: 510976K Free: 428919K (84%)
----------------- Invoking toplevel() on ptolemy.moml.MoMLSimpleApplication@169797f5
----------------- Done invoking toplevel() on ptolemy.moml.MoMLSimpleApplication@169797f5
reloadAllAccessors: .Expression13

===========================================================================================
----------------- testing Tue Sep 17 05:49:27 UTC 2019 /home/travis/build/icyphy/ptII/ptolemy/actor/lib/test/auto/Expression14.xml
----------------- Instantiating /home/travis/build/icyphy/ptII/ptolemy/actor/lib/test/auto/Expression14.xml
8 ms. Memory: 510976K Free: 423285K (83%)
----------------- Invoking toplevel() on ptolemy.moml.MoMLSimpleApplication@39df5db6
----------------- Done invoking toplevel() on ptolemy.moml.MoMLSimpleApplication@39df5db6
reloadAllAccessors: .Expression14

===========================================================================================
----------------- testing Tue Sep 17 05:49:27 UTC 2019 /home/travis/build/icyphy/ptII/ptolemy/actor/lib/test/auto/Expression15.xml
----------------- Instantiating /home/travis/build/icyphy/ptII/ptolemy/actor/lib/test/auto/Expression15.xml
1 ms. Memory: 510976K Free: 419189K (82%)
----------------- Invoking toplevel() on ptolemy.moml.MoMLSimpleApplication@65dfa4b7
----------------- Done invoking toplevel() on ptolemy.moml.MoMLSimpleApplication@65dfa4b7
reloadAllAccessors: .Expression15

===========================================================================================
----------------- testing Tue Sep 17 05:49:27 UTC 2019 /home/travis/build/icyphy/ptII/ptolemy/actor/lib/test/auto/Expression16.xml
----------------- Instantiating /home/travis/build/icyphy/ptII/ptolemy/actor/lib/test/auto/Expression16.xml
5 ms. Memory: 510976K Free: 414583K (81%)
----------------- Invoking toplevel() on ptolemy.moml.MoMLSimpleApplication@218addc9
----------------- Done invoking toplevel() on ptolemy.moml.MoMLSimpleApplication@218addc9
reloadAllAccessors: .Expression16

===========================================================================================
----------------- testing Tue Sep 17 05:49:27 UTC 2019 /home/travis/build/icyphy/ptII/ptolemy/actor/lib/test/auto/Expression17.xml
----------------- Instantiating /home/travis/build/icyphy/ptII/ptolemy/actor/lib/test/auto/Expression17.xml
3 ms. Memory: 510976K Free: 409463K (80%)
----------------- Invoking toplevel() on ptolemy.moml.MoMLSimpleApplication@6e21ca48
----------------- Done invoking toplevel() on ptolemy.moml.MoMLSimpleApplication@6e21ca48
reloadAllAccessors: .Expression17

===========================================================================================
----------------- testing Tue Sep 17 05:49:27 UTC 2019 /home/travis/build/icyphy/ptII/ptolemy/actor/lib/test/auto/Expression18.xml
----------------- Instantiating /home/travis/build/icyphy/ptII/ptolemy/actor/lib/test/auto/Expression18.xml
2 ms. Memory: 510976K Free: 404853K (79%)
----------------- Invoking toplevel() on ptolemy.moml.MoMLSimpleApplication@6338814f
----------------- Done invoking toplevel() on ptolemy.moml.MoMLSimpleApplication@6338814f
reloadAllAccessors: .Expression18

===========================================================================================
----------------- testing Tue Sep 17 05:49:27 UTC 2019 /home/travis/build/icyphy/ptII/ptolemy/actor/lib/test/auto/Expression2.xml
----------------- Instantiating /home/travis/build/icyphy/ptII/ptolemy/actor/lib/test/auto/Expression2.xml
3 ms. Memory: 510976K Free: 399733K (78%)
----------------- Invoking toplevel() on ptolemy.moml.MoMLSimpleApplication@17e370f
----------------- Done invoking toplevel() on ptolemy.moml.MoMLSimpleApplication@17e370f
reloadAllAccessors: .Expression2

===========================================================================================
----------------- testing Tue Sep 17 05:49:28 UTC 2019 /home/travis/build/icyphy/ptII/ptolemy/actor/lib/test/auto/Expression3.xml
----------------- Instantiating /home/travis/build/icyphy/ptII/ptolemy/actor/lib/test/auto/Expression3.xml
8 ms. Memory: 510976K Free: 394613K (77%)
----------------- Invoking toplevel() on ptolemy.moml.MoMLSimpleApplication@43032e5d
----------------- Done invoking toplevel() on ptolemy.moml.MoMLSimpleApplication@43032e5d
reloadAllAccessors: .Expression3

===========================================================================================
----------------- testing Tue Sep 17 05:49:28 UTC 2019 /home/travis/build/icyphy/ptII/ptolemy/actor/lib/test/auto/Expression4.xml
----------------- Instantiating /home/travis/build/icyphy/ptII/ptolemy/actor/lib/test/auto/Expression4.xml
5 ms. Memory: 510976K Free: 387445K (76%)
----------------- Invoking toplevel() on ptolemy.moml.MoMLSimpleApplication@54a9d944
----------------- Done invoking toplevel() on ptolemy.moml.MoMLSimpleApplication@54a9d944
reloadAllAccessors: .Expression4

===========================================================================================
----------------- testing Tue Sep 17 05:49:28 UTC 2019 /home/travis/build/icyphy/ptII/ptolemy/actor/lib/test/auto/Expression5.xml
----------------- Instantiating /home/travis/build/icyphy/ptII/ptolemy/actor/lib/test/auto/Expression5.xml
6 ms. Memory: 510976K Free: 382325K (75%)
----------------- Invoking toplevel() on ptolemy.moml.MoMLSimpleApplication@7e9cc137
----------------- Done invoking toplevel() on ptolemy.moml.MoMLSimpleApplication@7e9cc137
reloadAllAccessors: .Expression5

===========================================================================================
----------------- testing Tue Sep 17 05:49:28 UTC 2019 /home/travis/build/icyphy/ptII/ptolemy/actor/lib/test/auto/Expression6.xml
----------------- Instantiating /home/travis/build/icyphy/ptII/ptolemy/actor/lib/test/auto/Expression6.xml
2 ms. Memory: 510976K Free: 377719K (74%)
----------------- Invoking toplevel() on ptolemy.moml.MoMLSimpleApplication@45bce671
----------------- Done invoking toplevel() on ptolemy.moml.MoMLSimpleApplication@45bce671
reloadAllAccessors: .Expression6

===========================================================================================
----------------- testing Tue Sep 17 05:49:28 UTC 2019 /home/travis/build/icyphy/ptII/ptolemy/actor/lib/test/auto/Expression7.xml
----------------- Instantiating /home/travis/build/icyphy/ptII/ptolemy/actor/lib/test/auto/Expression7.xml
3 ms. Memory: 510976K Free: 373109K (73%)
----------------- Invoking toplevel() on ptolemy.moml.MoMLSimpleApplication@521da3d3
----------------- Done invoking toplevel() on ptolemy.moml.MoMLSimpleApplication@521da3d3
reloadAllAccessors: .Expression7

===========================================================================================
----------------- testing Tue Sep 17 05:49:28 UTC 2019 /home/travis/build/icyphy/ptII/ptolemy/actor/lib/test/auto/Expression8.xml
----------------- Instantiating /home/travis/build/icyphy/ptII/ptolemy/actor/lib/test/auto/Expression8.xml
11 ms. Memory: 510976K Free: 367989K (72%)
----------------- Invoking toplevel() on ptolemy.moml.MoMLSimpleApplication@1b42cb2a
----------------- Done invoking toplevel() on ptolemy.moml.MoMLSimpleApplication@1b42cb2a
reloadAllAccessors: .Expression8

===========================================================================================
----------------- testing Tue Sep 17 05:49:28 UTC 2019 /home/travis/build/icyphy/ptII/ptolemy/actor/lib/test/auto/Expression9.xml
----------------- Instantiating /home/travis/build/icyphy/ptII/ptolemy/actor/lib/test/auto/Expression9.xml
1 ms. Memory: 510976K Free: 364407K (71%)
----------------- Invoking toplevel() on ptolemy.moml.MoMLSimpleApplication@40fe6feb
----------------- Done invoking toplevel() on ptolemy.moml.MoMLSimpleApplication@40fe6feb
reloadAllAccessors: .Expression9

===========================================================================================
----------------- testing Tue Sep 17 05:49:28 UTC 2019 /home/travis/build/icyphy/ptII/ptolemy/actor/lib/test/auto/ExpressionConcatenateArrayType.xml
----------------- Instantiating /home/travis/build/icyphy/ptII/ptolemy/actor/lib/test/auto/ExpressionConcatenateArrayType.xml
3 ms. Memory: 510976K Free: 357749K (70%)
----------------- Invoking toplevel() on ptolemy.moml.MoMLSimpleApplication@709dd6c9
----------------- Done invoking toplevel() on ptolemy.moml.MoMLSimpleApplication@709dd6c9
reloadAllAccessors: .ExpressionConcatenateArrayType

===========================================================================================
----------------- testing Tue Sep 17 05:49:28 UTC 2019 /home/travis/build/icyphy/ptII/ptolemy/actor/lib/test/auto/ExpressionConcatenateArrayType2.xml
----------------- Instantiating /home/travis/build/icyphy/ptII/ptolemy/actor/lib/test/auto/ExpressionConcatenateArrayType2.xml
3 ms. Memory: 510976K Free: 352119K (69%)
----------------- Invoking toplevel() on ptolemy.moml.MoMLSimpleApplication@43fe4fa5
----------------- Done invoking toplevel() on ptolemy.moml.MoMLSimpleApplication@43fe4fa5
reloadAllAccessors: .ExpressionConcatenateArrayType2

===========================================================================================
----------------- testing Tue Sep 17 05:49:28 UTC 2019 /home/travis/build/icyphy/ptII/ptolemy/actor/lib/test/auto/ExpressionFix.xml
----------------- Instantiating /home/travis/build/icyphy/ptII/ptolemy/actor/lib/test/auto/ExpressionFix.xml
25 ms. Memory: 510976K Free: 345975K (68%)
----------------- Invoking toplevel() on ptolemy.moml.MoMLSimpleApplication@700e8d20
----------------- Done invoking toplevel() on ptolemy.moml.MoMLSimpleApplication@700e8d20
reloadAllAccessors: .ExpressionFix

===========================================================================================
----------------- testing Tue Sep 17 05:49:28 UTC 2019 /home/travis/build/icyphy/ptII/ptolemy/actor/lib/test/auto/ExpressionFix2.xml
----------------- Instantiating /home/travis/build/icyphy/ptII/ptolemy/actor/lib/test/auto/ExpressionFix2.xml
6 ms. Memory: 510976K Free: 341879K (67%)
----------------- Invoking toplevel() on ptolemy.moml.MoMLSimpleApplication@1a547787
----------------- Done invoking toplevel() on ptolemy.moml.MoMLSimpleApplication@1a547787
reloadAllAccessors: .ExpressionFix2

===========================================================================================
----------------- testing Tue Sep 17 05:49:28 UTC 2019 /home/travis/build/icyphy/ptII/ptolemy/actor/lib/test/auto/ExpressionFix3.xml
----------------- Instantiating /home/travis/build/icyphy/ptII/ptolemy/actor/lib/test/auto/ExpressionFix3.xml
3 ms. Memory: 510976K Free: 337783K (66%)
----------------- Invoking toplevel() on ptolemy.moml.MoMLSimpleApplication@468fe813
----------------- Done invoking toplevel() on ptolemy.moml.MoMLSimpleApplication@468fe813
reloadAllAccessors: .ExpressionFix3

===========================================================================================
----------------- testing Tue Sep 17 05:49:28 UTC 2019 /home/travis/build/icyphy/ptII/ptolemy/actor/lib/test/auto/FileWriter1.xml
----------------- Instantiating /home/travis/build/icyphy/ptII/ptolemy/actor/lib/test/auto/FileWriter1.xml
2 ms. Memory: 510976K Free: 333687K (65%)
----------------- Invoking toplevel() on ptolemy.moml.MoMLSimpleApplication@774759c3
----------------- Done invoking toplevel() on ptolemy.moml.MoMLSimpleApplication@774759c3
reloadAllAccessors: .FileWriter1

===========================================================================================
----------------- testing Tue Sep 17 05:49:28 UTC 2019 /home/travis/build/icyphy/ptII/ptolemy/actor/lib/test/auto/FileWriter2.xml
----------------- Instantiating /home/travis/build/icyphy/ptII/ptolemy/actor/lib/test/auto/FileWriter2.xml
2 ms. Memory: 510976K Free: 329063K (64%)
----------------- Invoking toplevel() on ptolemy.moml.MoMLSimpleApplication@7fe7dcfd
----------------- Done invoking toplevel() on ptolemy.moml.MoMLSimpleApplication@7fe7dcfd
reloadAllAccessors: .FileWriter2

===========================================================================================
----------------- testing Tue Sep 17 05:49:28 UTC 2019 /home/travis/build/icyphy/ptII/ptolemy/actor/lib/test/auto/FileWriter3.xml
----------------- Instantiating /home/travis/build/icyphy/ptII/ptolemy/actor/lib/test/auto/FileWriter3.xml
2 ms. Memory: 510976K Free: 325495K (64%)
----------------- Invoking toplevel() on ptolemy.moml.MoMLSimpleApplication@128b2764
----------------- Done invoking toplevel() on ptolemy.moml.MoMLSimpleApplication@128b2764
reloadAllAccessors: .FileWriter3

===========================================================================================
----------------- testing Tue Sep 17 05:49:28 UTC 2019 /home/travis/build/icyphy/ptII/ptolemy/actor/lib/test/auto/Gaussian.xml
----------------- Instantiating /home/travis/build/icyphy/ptII/ptolemy/actor/lib/test/auto/Gaussian.xml
3 ms. Memory: 510976K Free: 320885K (63%)
----------------- Invoking toplevel() on ptolemy.moml.MoMLSimpleApplication@45008a49
----------------- Done invoking toplevel() on ptolemy.moml.MoMLSimpleApplication@45008a49
reloadAllAccessors: .Gaussian

===========================================================================================
----------------- testing Tue Sep 17 05:49:28 UTC 2019 /home/travis/build/icyphy/ptII/ptolemy/actor/lib/test/auto/Gaussian1.xml
----------------- Instantiating /home/travis/build/icyphy/ptII/ptolemy/actor/lib/test/auto/Gaussian1.xml
12 ms. Memory: 510976K Free: 315255K (62%)
----------------- Invoking toplevel() on ptolemy.moml.MoMLSimpleApplication@77258a5f
----------------- Done invoking toplevel() on ptolemy.moml.MoMLSimpleApplication@77258a5f
reloadAllAccessors: .Gaussian1

===========================================================================================
----------------- testing Tue Sep 17 05:49:28 UTC 2019 /home/travis/build/icyphy/ptII/ptolemy/actor/lib/test/auto/Gaussian2.xml
----------------- Instantiating /home/travis/build/icyphy/ptII/ptolemy/actor/lib/test/auto/Gaussian2.xml
2 ms. Memory: 510976K Free: 310135K (61%)
----------------- Invoking toplevel() on ptolemy.moml.MoMLSimpleApplication@17e45e4c
----------------- Done invoking toplevel() on ptolemy.moml.MoMLSimpleApplication@17e45e4c
reloadAllAccessors: .Gaussian2

===========================================================================================
----------------- testing Tue Sep 17 05:49:28 UTC 2019 /home/travis/build/icyphy/ptII/ptolemy/actor/lib/test/auto/GradientAdaptiveLattice.xml
----------------- Instantiating /home/travis/build/icyphy/ptII/ptolemy/actor/lib/test/auto/GradientAdaptiveLattice.xml
3 ms. Memory: 510976K Free: 305015K (60%)
----------------- Invoking toplevel() on ptolemy.moml.MoMLSimpleApplication@2665b746
----------------- Done invoking toplevel() on ptolemy.moml.MoMLSimpleApplication@2665b746
reloadAllAccessors: .GradientAdaptiveLattice

===========================================================================================
----------------- testing Tue Sep 17 05:49:28 UTC 2019 /home/travis/build/icyphy/ptII/ptolemy/actor/lib/test/auto/IIR.xml
----------------- Instantiating /home/travis/build/icyphy/ptII/ptolemy/actor/lib/test/auto/IIR.xml
2 ms. Memory: 510976K Free: 300405K (59%)
----------------- Invoking toplevel() on ptolemy.moml.MoMLSimpleApplication@2449c094
----------------- Done invoking toplevel() on ptolemy.moml.MoMLSimpleApplication@2449c094
reloadAllAccessors: .IIR

===========================================================================================
----------------- testing Tue Sep 17 05:49:28 UTC 2019 /home/travis/build/icyphy/ptII/ptolemy/actor/lib/test/auto/InputOutputTransparentPorts.xml
----------------- Instantiating /home/travis/build/icyphy/ptII/ptolemy/actor/lib/test/auto/InputOutputTransparentPorts.xml
2 ms. Memory: 510976K Free: 293237K (57%)
----------------- Invoking toplevel() on ptolemy.moml.MoMLSimpleApplication@559ab1a3
----------------- Done invoking toplevel() on ptolemy.moml.MoMLSimpleApplication@559ab1a3
reloadAllAccessors: .InputOutputTransparentPorts

===========================================================================================
----------------- testing Tue Sep 17 05:49:28 UTC 2019 /home/travis/build/icyphy/ptII/ptolemy/actor/lib/test/auto/Interpolator.xml
----------------- Instantiating /home/travis/build/icyphy/ptII/ptolemy/actor/lib/test/auto/Interpolator.xml
4 ms. Memory: 510976K Free: 289141K (57%)
----------------- Invoking toplevel() on ptolemy.moml.MoMLSimpleApplication@27797efc
----------------- Done invoking toplevel() on ptolemy.moml.MoMLSimpleApplication@27797efc
reloadAllAccessors: .Interpolator

===========================================================================================
----------------- testing Tue Sep 17 05:49:28 UTC 2019 /home/travis/build/icyphy/ptII/ptolemy/actor/lib/test/auto/InterpolatorFiringLimitDE.xml
----------------- Instantiating /home/travis/build/icyphy/ptII/ptolemy/actor/lib/test/auto/InterpolatorFiringLimitDE.xml
3 ms. Memory: 510976K Free: 282997K (55%)
----------------- Invoking toplevel() on ptolemy.moml.MoMLSimpleApplication@7f555e1
----------------- Done invoking toplevel() on ptolemy.moml.MoMLSimpleApplication@7f555e1
reloadAllAccessors: .InterpolatorFiringLimitDE

===========================================================================================
----------------- testing Tue Sep 17 05:49:28 UTC 2019 /home/travis/build/icyphy/ptII/ptolemy/actor/lib/test/auto/Lattice.xml
----------------- Instantiating /home/travis/build/icyphy/ptII/ptolemy/actor/lib/test/auto/Lattice.xml
2 ms. Memory: 510976K Free: 279415K (55%)
----------------- Invoking toplevel() on ptolemy.moml.MoMLSimpleApplication@536714bd
----------------- Done invoking toplevel() on ptolemy.moml.MoMLSimpleApplication@536714bd
reloadAllAccessors: .Lattice

===========================================================================================
----------------- testing Tue Sep 17 05:49:28 UTC 2019 /home/travis/build/icyphy/ptII/ptolemy/actor/lib/test/auto/LazyAOCTestLazy.xml
----------------- Instantiating /home/travis/build/icyphy/ptII/ptolemy/actor/lib/test/auto/LazyAOCTestLazy.xml
11 ms. Memory: 510976K Free: 273271K (53%)
----------------- Invoking toplevel() on ptolemy.moml.MoMLSimpleApplication@2adcd80c
----------------- Done invoking toplevel() on ptolemy.moml.MoMLSimpleApplication@2adcd80c
reloadAllAccessors: .LazyAOCTestLazy

===========================================================================================
----------------- testing Tue Sep 17 05:49:28 UTC 2019 /home/travis/build/icyphy/ptII/ptolemy/actor/lib/test/auto/LazyAOCTestNonLazy.xml
----------------- Instantiating /home/travis/build/icyphy/ptII/ptolemy/actor/lib/test/auto/LazyAOCTestNonLazy.xml
2 ms. Memory: 510976K Free: 266613K (52%)
----------------- Invoking toplevel() on ptolemy.moml.MoMLSimpleApplication@5cc87a44
----------------- Done invoking toplevel() on ptolemy.moml.MoMLSimpleApplication@5cc87a44
reloadAllAccessors: .LazyAOCTestNonLazy

===========================================================================================
----------------- testing Tue Sep 17 05:49:28 UTC 2019 /home/travis/build/icyphy/ptII/ptolemy/actor/lib/test/auto/LazyInnerClass.xml
----------------- Instantiating /home/travis/build/icyphy/ptII/ptolemy/actor/lib/test/auto/LazyInnerClass.xml
20 ms. Memory: 510976K Free: 258421K (51%)
----------------- Invoking toplevel() on ptolemy.moml.MoMLSimpleApplication@288af91a
----------------- Done invoking toplevel() on ptolemy.moml.MoMLSimpleApplication@288af91a
reloadAllAccessors: .LazyInnerClass

===========================================================================================
----------------- testing Tue Sep 17 05:49:28 UTC 2019 /home/travis/build/icyphy/ptII/ptolemy/actor/lib/test/auto/LazyPubSub.xml
----------------- Instantiating /home/travis/build/icyphy/ptII/ptolemy/actor/lib/test/auto/LazyPubSub.xml
28 ms. Memory: 510976K Free: 248181K (49%)
----------------- Invoking toplevel() on ptolemy.moml.MoMLSimpleApplication@730aef3f
----------------- Done invoking toplevel() on ptolemy.moml.MoMLSimpleApplication@730aef3f
reloadAllAccessors: .LazyPubSub

===========================================================================================
----------------- testing Tue Sep 17 05:49:28 UTC 2019 /home/travis/build/icyphy/ptII/ptolemy/actor/lib/test/auto/LazyPubSub2.xml
----------------- Instantiating /home/travis/build/icyphy/ptII/ptolemy/actor/lib/test/auto/LazyPubSub2.xml
25 ms. Memory: 510976K Free: 238455K (47%)
----------------- Invoking toplevel() on ptolemy.moml.MoMLSimpleApplication@10d1789a
----------------- Done invoking toplevel() on ptolemy.moml.MoMLSimpleApplication@10d1789a
reloadAllAccessors: .LazyPubSub2

===========================================================================================
----------------- testing Tue Sep 17 05:49:28 UTC 2019 /home/travis/build/icyphy/ptII/ptolemy/actor/lib/test/auto/LazyPubSub3.xml
----------------- Instantiating /home/travis/build/icyphy/ptII/ptolemy/actor/lib/test/auto/LazyPubSub3.xml
18 ms. Memory: 510976K Free: 228725K (45%)
----------------- Invoking toplevel() on ptolemy.moml.MoMLSimpleApplication@5e7837aa
----------------- Done invoking toplevel() on ptolemy.moml.MoMLSimpleApplication@5e7837aa
reloadAllAccessors: .LazyPubSub3

===========================================================================================
----------------- testing Tue Sep 17 05:49:28 UTC 2019 /home/travis/build/icyphy/ptII/ptolemy/actor/lib/test/auto/LazySubClassModel.xml
----------------- Instantiating /home/travis/build/icyphy/ptII/ptolemy/actor/lib/test/auto/LazySubClassModel.xml
2 ms. Memory: 510976K Free: 218999K (43%)
----------------- Invoking toplevel() on ptolemy.moml.MoMLSimpleApplication@78f2997b
----------------- Done invoking toplevel() on ptolemy.moml.MoMLSimpleApplication@78f2997b
reloadAllAccessors: .LazySubClassModel

===========================================================================================
----------------- testing Tue Sep 17 05:49:28 UTC 2019 /home/travis/build/icyphy/ptII/ptolemy/actor/lib/test/auto/LevelCrossTest1.xml
----------------- Instantiating /home/travis/build/icyphy/ptII/ptolemy/actor/lib/test/auto/LevelCrossTest1.xml
2 ms. Memory: 510976K Free: 213365K (42%)
----------------- Invoking toplevel() on ptolemy.moml.MoMLSimpleApplication@52002695
----------------- Done invoking toplevel() on ptolemy.moml.MoMLSimpleApplication@52002695
reloadAllAccessors: .broken

===========================================================================================
----------------- testing Tue Sep 17 05:49:28 UTC 2019 /home/travis/build/icyphy/ptII/ptolemy/actor/lib/test/auto/LevelCrossTest10.xml
----------------- Instantiating /home/travis/build/icyphy/ptII/ptolemy/actor/lib/test/auto/LevelCrossTest10.xml
2 ms. Memory: 510976K Free: 206711K (40%)
----------------- Invoking toplevel() on ptolemy.moml.MoMLSimpleApplication@2f7f89d4
----------------- Done invoking toplevel() on ptolemy.moml.MoMLSimpleApplication@2f7f89d4
reloadAllAccessors: .LevelCrossTest10

===========================================================================================
----------------- testing Tue Sep 17 05:49:28 UTC 2019 /home/travis/build/icyphy/ptII/ptolemy/actor/lib/test/auto/LevelCrossTest11.xml
----------------- Instantiating /home/travis/build/icyphy/ptII/ptolemy/actor/lib/test/auto/LevelCrossTest11.xml
1 ms. Memory: 510976K Free: 199543K (39%)
----------------- Invoking toplevel() on ptolemy.moml.MoMLSimpleApplication@125b09ff
----------------- Done invoking toplevel() on ptolemy.moml.MoMLSimpleApplication@125b09ff
reloadAllAccessors: .LevelCrossTest11

===========================================================================================
----------------- testing Tue Sep 17 05:49:28 UTC 2019 /home/travis/build/icyphy/ptII/ptolemy/actor/lib/test/auto/LevelCrossTest12.xml
----------------- Instantiating /home/travis/build/icyphy/ptII/ptolemy/actor/lib/test/auto/LevelCrossTest12.xml
1 ms. Memory: 510976K Free: 191351K (37%)
----------------- Invoking toplevel() on ptolemy.moml.MoMLSimpleApplication@40a955bd
----------------- Done invoking toplevel() on ptolemy.moml.MoMLSimpleApplication@40a955bd
reloadAllAccessors: .LevelCrossTest12

===========================================================================================
----------------- testing Tue Sep 17 05:49:28 UTC 2019 /home/travis/build/icyphy/ptII/ptolemy/actor/lib/test/auto/LevelCrossTest13.xml
----------------- Instantiating /home/travis/build/icyphy/ptII/ptolemy/actor/lib/test/auto/LevelCrossTest13.xml
1 ms. Memory: 510976K Free: 184183K (36%)
----------------- Invoking toplevel() on ptolemy.moml.MoMLSimpleApplication@e1abe1d
----------------- Done invoking toplevel() on ptolemy.moml.MoMLSimpleApplication@e1abe1d
reloadAllAccessors: .LevelCrossTest13

===========================================================================================
----------------- testing Tue Sep 17 05:49:29 UTC 2019 /home/travis/build/icyphy/ptII/ptolemy/actor/lib/test/auto/LevelCrossTest2.xml
----------------- Instantiating /home/travis/build/icyphy/ptII/ptolemy/actor/lib/test/auto/LevelCrossTest2.xml
1 ms. Memory: 510976K Free: 178549K (35%)
----------------- Invoking toplevel() on ptolemy.moml.MoMLSimpleApplication@389a1509
----------------- Done invoking toplevel() on ptolemy.moml.MoMLSimpleApplication@389a1509
reloadAllAccessors: .broken

===========================================================================================
----------------- testing Tue Sep 17 05:49:29 UTC 2019 /home/travis/build/icyphy/ptII/ptolemy/actor/lib/test/auto/LevelCrossTest3.xml
----------------- Instantiating /home/travis/build/icyphy/ptII/ptolemy/actor/lib/test/auto/LevelCrossTest3.xml
2 ms. Memory: 510976K Free: 172391K (34%)
----------------- Invoking toplevel() on ptolemy.moml.MoMLSimpleApplication@27b34d7e
----------------- Done invoking toplevel() on ptolemy.moml.MoMLSimpleApplication@27b34d7e
reloadAllAccessors: .LevelCrossTest3

===========================================================================================
----------------- testing Tue Sep 17 05:49:29 UTC 2019 /home/travis/build/icyphy/ptII/ptolemy/actor/lib/test/auto/LevelCrossTest4.xml
----------------- Instantiating /home/travis/build/icyphy/ptII/ptolemy/actor/lib/test/auto/LevelCrossTest4.xml
1 ms. Memory: 510976K Free: 166261K (33%)
----------------- Invoking toplevel() on ptolemy.moml.MoMLSimpleApplication@7d0cb5c6
----------------- Done invoking toplevel() on ptolemy.moml.MoMLSimpleApplication@7d0cb5c6
reloadAllAccessors: .broken

===========================================================================================
----------------- testing Tue Sep 17 05:49:29 UTC 2019 /home/travis/build/icyphy/ptII/ptolemy/actor/lib/test/auto/LevelCrossTest5.xml
----------------- Instantiating /home/travis/build/icyphy/ptII/ptolemy/actor/lib/test/auto/LevelCrossTest5.xml
10 ms. Memory: 510976K Free: 462279K (90%)
----------------- Invoking toplevel() on ptolemy.moml.MoMLSimpleApplication@672b9457
----------------- Done invoking toplevel() on ptolemy.moml.MoMLSimpleApplication@672b9457
reloadAllAccessors: .LevelCrossTest5

===========================================================================================
----------------- testing Tue Sep 17 05:49:29 UTC 2019 /home/travis/build/icyphy/ptII/ptolemy/actor/lib/test/auto/LevelCrossTest6.xml
----------------- Instantiating /home/travis/build/icyphy/ptII/ptolemy/actor/lib/test/auto/LevelCrossTest6.xml
2 ms. Memory: 510976K Free: 454911K (89%)
----------------- Invoking toplevel() on ptolemy.moml.MoMLSimpleApplication@330740bf
----------------- Done invoking toplevel() on ptolemy.moml.MoMLSimpleApplication@330740bf
reloadAllAccessors: .LevelCrossTest6

===========================================================================================
----------------- testing Tue Sep 17 05:49:29 UTC 2019 /home/travis/build/icyphy/ptII/ptolemy/actor/lib/test/auto/LevelCrossTest7.xml
----------------- Instantiating /home/travis/build/icyphy/ptII/ptolemy/actor/lib/test/auto/LevelCrossTest7.xml
1 ms. Memory: 510976K Free: 447743K (88%)
----------------- Invoking toplevel() on ptolemy.moml.MoMLSimpleApplication@743ce4d1
----------------- Done invoking toplevel() on ptolemy.moml.MoMLSimpleApplication@743ce4d1
reloadAllAccessors: .LevelCrossTest7

===========================================================================================
----------------- testing Tue Sep 17 05:49:29 UTC 2019 /home/travis/build/icyphy/ptII/ptolemy/actor/lib/test/auto/LevelCrossTest8.xml
----------------- Instantiating /home/travis/build/icyphy/ptII/ptolemy/actor/lib/test/auto/LevelCrossTest8.xml
1 ms. Memory: 510976K Free: 441599K (86%)
----------------- Invoking toplevel() on ptolemy.moml.MoMLSimpleApplication@69ed17ba
----------------- Done invoking toplevel() on ptolemy.moml.MoMLSimpleApplication@69ed17ba
reloadAllAccessors: .LevelCrossTest8

===========================================================================================
----------------- testing Tue Sep 17 05:49:29 UTC 2019 /home/travis/build/icyphy/ptII/ptolemy/actor/lib/test/auto/LevelCrossTest9.xml
----------------- Instantiating /home/travis/build/icyphy/ptII/ptolemy/actor/lib/test/auto/LevelCrossTest9.xml
3 ms. Memory: 510976K Free: 434938K (85%)
----------------- Invoking toplevel() on ptolemy.moml.MoMLSimpleApplication@376f38ad
----------------- Done invoking toplevel() on ptolemy.moml.MoMLSimpleApplication@376f38ad
reloadAllAccessors: .LevelCrossTest9

===========================================================================================
----------------- testing Tue Sep 17 05:49:29 UTC 2019 /home/travis/build/icyphy/ptII/ptolemy/actor/lib/test/auto/LevinsonDurbin.xml
----------------- Instantiating /home/travis/build/icyphy/ptII/ptolemy/actor/lib/test/auto/LevinsonDurbin.xml
1 ms. Memory: 510976K Free: 430845K (84%)
----------------- Invoking toplevel() on ptolemy.moml.MoMLSimpleApplication@1c712f46
----------------- Done invoking toplevel() on ptolemy.moml.MoMLSimpleApplication@1c712f46
reloadAllAccessors: .LevinsonDurbin

===========================================================================================
----------------- testing Tue Sep 17 05:49:29 UTC 2019 /home/travis/build/icyphy/ptII/ptolemy/actor/lib/test/auto/LevinsonDurbin2.xml
----------------- Instantiating /home/travis/build/icyphy/ptII/ptolemy/actor/lib/test/auto/LevinsonDurbin2.xml
1 ms. Memory: 510976K Free: 427263K (84%)
----------------- Invoking toplevel() on ptolemy.moml.MoMLSimpleApplication@a5224f6
----------------- Done invoking toplevel() on ptolemy.moml.MoMLSimpleApplication@a5224f6
reloadAllAccessors: .LevinsonDurbin2

===========================================================================================
----------------- testing Tue Sep 17 05:49:29 UTC 2019 /home/travis/build/icyphy/ptII/ptolemy/actor/lib/test/auto/LevinsonDurbin3.xml
----------------- Instantiating /home/travis/build/icyphy/ptII/ptolemy/actor/lib/test/auto/LevinsonDurbin3.xml
2 ms. Memory: 510976K Free: 423167K (83%)
----------------- Invoking toplevel() on ptolemy.moml.MoMLSimpleApplication@6b18ea
----------------- Done invoking toplevel() on ptolemy.moml.MoMLSimpleApplication@6b18ea
reloadAllAccessors: .LevinsonDurbin3

===========================================================================================
----------------- testing Tue Sep 17 05:49:29 UTC 2019 /home/travis/build/icyphy/ptII/ptolemy/actor/lib/test/auto/Limiter.xml
----------------- Instantiating /home/travis/build/icyphy/ptII/ptolemy/actor/lib/test/auto/Limiter.xml
5 ms. Memory: 510976K Free: 413951K (81%)
----------------- Invoking toplevel() on ptolemy.moml.MoMLSimpleApplication@2d73323b
----------------- Done invoking toplevel() on ptolemy.moml.MoMLSimpleApplication@2d73323b
reloadAllAccessors: .Limiter

===========================================================================================
----------------- testing Tue Sep 17 05:49:29 UTC 2019 /home/travis/build/icyphy/ptII/ptolemy/actor/lib/test/auto/LinearDifferenceEquationSystem.xml
----------------- Instantiating /home/travis/build/icyphy/ptII/ptolemy/actor/lib/test/auto/LinearDifferenceEquationSystem.xml
5 ms. Memory: 510976K Free: 406269K (80%)
----------------- Invoking toplevel() on ptolemy.moml.MoMLSimpleApplication@4286bc1a
----------------- Done invoking toplevel() on ptolemy.moml.MoMLSimpleApplication@4286bc1a
reloadAllAccessors: .LinearDifferenceEquationSystem

===========================================================================================
----------------- testing Tue Sep 17 05:49:29 UTC 2019 /home/travis/build/icyphy/ptII/ptolemy/actor/lib/test/auto/LookupTable.xml
----------------- Instantiating /home/travis/build/icyphy/ptII/ptolemy/actor/lib/test/auto/LookupTable.xml
1 ms. Memory: 510976K Free: 402173K (79%)
----------------- Invoking toplevel() on ptolemy.moml.MoMLSimpleApplication@366effe0
----------------- Done invoking toplevel() on ptolemy.moml.MoMLSimpleApplication@366effe0
reloadAllAccessors: .LookupTable

===========================================================================================
----------------- testing Tue Sep 17 05:49:29 UTC 2019 /home/travis/build/icyphy/ptII/ptolemy/actor/lib/test/auto/MathFunction.xml
----------------- Instantiating /home/travis/build/icyphy/ptII/ptolemy/actor/lib/test/auto/MathFunction.xml
2 ms. Memory: 510976K Free: 393981K (77%)
----------------- Invoking toplevel() on ptolemy.moml.MoMLSimpleApplication@ada24ec
----------------- Done invoking toplevel() on ptolemy.moml.MoMLSimpleApplication@ada24ec
reloadAllAccessors: .MathFunction

===========================================================================================
----------------- testing Tue Sep 17 05:49:29 UTC 2019 /home/travis/build/icyphy/ptII/ptolemy/actor/lib/test/auto/MathFunction2.xml
----------------- Instantiating /home/travis/build/icyphy/ptII/ptolemy/actor/lib/test/auto/MathFunction2.xml
5 ms. Memory: 510976K Free: 389885K (76%)
----------------- Invoking toplevel() on ptolemy.moml.MoMLSimpleApplication@25d6fffd
----------------- Done invoking toplevel() on ptolemy.moml.MoMLSimpleApplication@25d6fffd
reloadAllAccessors: .MathFunction2

===========================================================================================
----------------- testing Tue Sep 17 05:49:29 UTC 2019 /home/travis/build/icyphy/ptII/ptolemy/actor/lib/test/auto/MathFunction3.xml
----------------- Instantiating /home/travis/build/icyphy/ptII/ptolemy/actor/lib/test/auto/MathFunction3.xml
3 ms. Memory: 510976K Free: 382717K (75%)
----------------- Invoking toplevel() on ptolemy.moml.MoMLSimpleApplication@d959a7f
----------------- Done invoking toplevel() on ptolemy.moml.MoMLSimpleApplication@d959a7f
reloadAllAccessors: .MathFunction3

===========================================================================================
----------------- testing Tue Sep 17 05:49:29 UTC 2019 /home/travis/build/icyphy/ptII/ptolemy/actor/lib/test/auto/MatrixCropBoolean.xml
----------------- Instantiating /home/travis/build/icyphy/ptII/ptolemy/actor/lib/test/auto/MatrixCropBoolean.xml
3 ms. Memory: 510976K Free: 378111K (74%)
----------------- Invoking toplevel() on ptolemy.moml.MoMLSimpleApplication@6732b7f8
----------------- Done invoking toplevel() on ptolemy.moml.MoMLSimpleApplication@6732b7f8
reloadAllAccessors: .MatrixCropBoolean

===========================================================================================
----------------- testing Tue Sep 17 05:49:29 UTC 2019 /home/travis/build/icyphy/ptII/ptolemy/actor/lib/test/auto/MatrixCropComplex.xml
----------------- Instantiating /home/travis/build/icyphy/ptII/ptolemy/actor/lib/test/auto/MatrixCropComplex.xml
2 ms. Memory: 510976K Free: 373501K (73%)
----------------- Invoking toplevel() on ptolemy.moml.MoMLSimpleApplication@5cfb5a05
----------------- Done invoking toplevel() on ptolemy.moml.MoMLSimpleApplication@5cfb5a05
reloadAllAccessors: .MatrixCropComplex

===========================================================================================
----------------- testing Tue Sep 17 05:49:29 UTC 2019 /home/travis/build/icyphy/ptII/ptolemy/actor/lib/test/auto/MatrixCropDouble.xml
----------------- Instantiating /home/travis/build/icyphy/ptII/ptolemy/actor/lib/test/auto/MatrixCropDouble.xml
3 ms. Memory: 510976K Free: 368375K (72%)
----------------- Invoking toplevel() on ptolemy.moml.MoMLSimpleApplication@457d7bb4
----------------- Done invoking toplevel() on ptolemy.moml.MoMLSimpleApplication@457d7bb4
reloadAllAccessors: .MatrixCropDouble

===========================================================================================
----------------- testing Tue Sep 17 05:49:29 UTC 2019 /home/travis/build/icyphy/ptII/ptolemy/actor/lib/test/auto/MatrixCropFix.xml
----------------- Instantiating /home/travis/build/icyphy/ptII/ptolemy/actor/lib/test/auto/MatrixCropFix.xml
3 ms. Memory: 510976K Free: 363247K (71%)
----------------- Invoking toplevel() on ptolemy.moml.MoMLSimpleApplication@2f787973
----------------- Done invoking toplevel() on ptolemy.moml.MoMLSimpleApplication@2f787973
reloadAllAccessors: .MatrixCropFix

===========================================================================================
----------------- testing Tue Sep 17 05:49:29 UTC 2019 /home/travis/build/icyphy/ptII/ptolemy/actor/lib/test/auto/MatrixCropInt.xml
----------------- Instantiating /home/travis/build/icyphy/ptII/ptolemy/actor/lib/test/auto/MatrixCropInt.xml
2 ms. Memory: 510976K Free: 359159K (70%)
----------------- Invoking toplevel() on ptolemy.moml.MoMLSimpleApplication@74c42b31
----------------- Done invoking toplevel() on ptolemy.moml.MoMLSimpleApplication@74c42b31
reloadAllAccessors: .MatrixCropInt

===========================================================================================
----------------- testing Tue Sep 17 05:49:29 UTC 2019 /home/travis/build/icyphy/ptII/ptolemy/actor/lib/test/auto/MatrixCropLong.xml
----------------- Instantiating /home/travis/build/icyphy/ptII/ptolemy/actor/lib/test/auto/MatrixCropLong.xml
2 ms. Memory: 510976K Free: 354015K (69%)
----------------- Invoking toplevel() on ptolemy.moml.MoMLSimpleApplication@7d40888
----------------- Done invoking toplevel() on ptolemy.moml.MoMLSimpleApplication@7d40888
reloadAllAccessors: .MatrixCropLong

===========================================================================================
----------------- testing Tue Sep 17 05:49:29 UTC 2019 /home/travis/build/icyphy/ptII/ptolemy/actor/lib/test/auto/MatrixToArray.xml
----------------- Instantiating /home/travis/build/icyphy/ptII/ptolemy/actor/lib/test/auto/MatrixToArray.xml
6 ms. Memory: 510976K Free: 339199K (66%)
----------------- Invoking toplevel() on ptolemy.moml.MoMLSimpleApplication@4c9bd381
----------------- Done invoking toplevel() on ptolemy.moml.MoMLSimpleApplication@4c9bd381
reloadAllAccessors: .MatrixToArray

===========================================================================================
----------------- testing Tue Sep 17 05:49:29 UTC 2019 /home/travis/build/icyphy/ptII/ptolemy/actor/lib/test/auto/MaxIndex.xml
----------------- Instantiating /home/travis/build/icyphy/ptII/ptolemy/actor/lib/test/auto/MaxIndex.xml
13 ms. Memory: 510976K Free: 334079K (65%)
----------------- Invoking toplevel() on ptolemy.moml.MoMLSimpleApplication@640b346c
----------------- Done invoking toplevel() on ptolemy.moml.MoMLSimpleApplication@640b346c
reloadAllAccessors: .MaxIndex

===========================================================================================
----------------- testing Tue Sep 17 05:49:29 UTC 2019 /home/travis/build/icyphy/ptII/ptolemy/actor/lib/test/auto/Maximum.xml
----------------- Instantiating /home/travis/build/icyphy/ptII/ptolemy/actor/lib/test/auto/Maximum.xml
4 ms. Memory: 510976K Free: 327391K (64%)
----------------- Invoking toplevel() on ptolemy.moml.MoMLSimpleApplication@5e635faa
----------------- Done invoking toplevel() on ptolemy.moml.MoMLSimpleApplication@5e635faa
reloadAllAccessors: .Maximum

===========================================================================================
----------------- testing Tue Sep 17 05:49:29 UTC 2019 /home/travis/build/icyphy/ptII/ptolemy/actor/lib/test/auto/MaximumComplex.xml
----------------- Instantiating /home/travis/build/icyphy/ptII/ptolemy/actor/lib/test/auto/MaximumComplex.xml
5 ms. Memory: 510976K Free: 321791K (63%)
----------------- Invoking toplevel() on ptolemy.moml.MoMLSimpleApplication@66eaeccb
----------------- Done invoking toplevel() on ptolemy.moml.MoMLSimpleApplication@66eaeccb
reloadAllAccessors: .MaximumComplex

===========================================================================================
----------------- testing Tue Sep 17 05:49:29 UTC 2019 /home/travis/build/icyphy/ptII/ptolemy/actor/lib/test/auto/MethodCallTest.xml
----------------- Instantiating /home/travis/build/icyphy/ptII/ptolemy/actor/lib/test/auto/MethodCallTest.xml
3 ms. Memory: 510976K Free: 315133K (62%)
----------------- Invoking toplevel() on ptolemy.moml.MoMLSimpleApplication@24914128
----------------- Done invoking toplevel() on ptolemy.moml.MoMLSimpleApplication@24914128
reloadAllAccessors: .MethodCallTest

===========================================================================================
----------------- testing Tue Sep 17 05:49:29 UTC 2019 /home/travis/build/icyphy/ptII/ptolemy/actor/lib/test/auto/Minimum.xml
----------------- Instantiating /home/travis/build/icyphy/ptII/ptolemy/actor/lib/test/auto/Minimum.xml
2 ms. Memory: 510976K Free: 308479K (60%)
----------------- Invoking toplevel() on ptolemy.moml.MoMLSimpleApplication@4c95c2c1
----------------- Done invoking toplevel() on ptolemy.moml.MoMLSimpleApplication@4c95c2c1
reloadAllAccessors: .Minimum

===========================================================================================
----------------- testing Tue Sep 17 05:49:29 UTC 2019 /home/travis/build/icyphy/ptII/ptolemy/actor/lib/test/auto/MinimumComplex.xml
----------------- Instantiating /home/travis/build/icyphy/ptII/ptolemy/actor/lib/test/auto/MinimumComplex.xml
4 ms. Memory: 510976K Free: 302335K (59%)
----------------- Invoking toplevel() on ptolemy.moml.MoMLSimpleApplication@425133df
----------------- Done invoking toplevel() on ptolemy.moml.MoMLSimpleApplication@425133df
reloadAllAccessors: .MinimumComplex

===========================================================================================
----------------- testing Tue Sep 17 05:49:29 UTC 2019 /home/travis/build/icyphy/ptII/ptolemy/actor/lib/test/auto/MinimumMultiports.xml
----------------- Instantiating /home/travis/build/icyphy/ptII/ptolemy/actor/lib/test/auto/MinimumMultiports.xml
4 ms. Memory: 510976K Free: 294143K (58%)
----------------- Invoking toplevel() on ptolemy.moml.MoMLSimpleApplication@33d7ec0
----------------- Done invoking toplevel() on ptolemy.moml.MoMLSimpleApplication@33d7ec0
reloadAllAccessors: .MinimumMultiports

===========================================================================================
----------------- testing Tue Sep 17 05:49:29 UTC 2019 /home/travis/build/icyphy/ptII/ptolemy/actor/lib/test/auto/ModifyDate.xml
----------------- Instantiating /home/travis/build/icyphy/ptII/ptolemy/actor/lib/test/auto/ModifyDate.xml
9 ms. Memory: 510976K Free: 280831K (55%)
----------------- Invoking toplevel() on ptolemy.moml.MoMLSimpleApplication@5b1c5b42
----------------- Done invoking toplevel() on ptolemy.moml.MoMLSimpleApplication@5b1c5b42
reloadAllAccessors: .ModifyDate

===========================================================================================
----------------- testing Tue Sep 17 05:49:29 UTC 2019 /home/travis/build/icyphy/ptII/ptolemy/actor/lib/test/auto/ModifyDate2.xml
----------------- Instantiating /home/travis/build/icyphy/ptII/ptolemy/actor/lib/test/auto/ModifyDate2.xml
5 ms. Memory: 510976K Free: 272125K (53%)
----------------- Invoking toplevel() on ptolemy.moml.MoMLSimpleApplication@4a258f70
----------------- Done invoking toplevel() on ptolemy.moml.MoMLSimpleApplication@4a258f70
reloadAllAccessors: .ModifyDate2

===========================================================================================
----------------- testing Tue Sep 17 05:49:29 UTC 2019 /home/travis/build/icyphy/ptII/ptolemy/actor/lib/test/auto/MovingAverage.xml
----------------- Instantiating /home/travis/build/icyphy/ptII/ptolemy/actor/lib/test/auto/MovingAverage.xml
2 ms. Memory: 510976K Free: 267005K (52%)
----------------- Invoking toplevel() on ptolemy.moml.MoMLSimpleApplication@2aafe450
----------------- Done invoking toplevel() on ptolemy.moml.MoMLSimpleApplication@2aafe450
reloadAllAccessors: .MovingAverage

===========================================================================================
----------------- testing Tue Sep 17 05:49:29 UTC 2019 /home/travis/build/icyphy/ptII/ptolemy/actor/lib/test/auto/MovingMaximum.xml
----------------- Instantiating /home/travis/build/icyphy/ptII/ptolemy/actor/lib/test/auto/MovingMaximum.xml
1 ms. Memory: 510976K Free: 262399K (51%)
----------------- Invoking toplevel() on ptolemy.moml.MoMLSimpleApplication@5e80078f
----------------- Done invoking toplevel() on ptolemy.moml.MoMLSimpleApplication@5e80078f
reloadAllAccessors: .MovingMaximum

===========================================================================================
----------------- testing Tue Sep 17 05:49:29 UTC 2019 /home/travis/build/icyphy/ptII/ptolemy/actor/lib/test/auto/MultipleLinksToSameRelation.xml
----------------- Instantiating /home/travis/build/icyphy/ptII/ptolemy/actor/lib/test/auto/MultipleLinksToSameRelation.xml
2 ms. Memory: 510976K Free: 258813K (51%)
----------------- Invoking toplevel() on ptolemy.moml.MoMLSimpleApplication@46948793
----------------- Done invoking toplevel() on ptolemy.moml.MoMLSimpleApplication@46948793
reloadAllAccessors: .MultipleLinksToSameRelation

===========================================================================================
----------------- testing Tue Sep 17 05:49:29 UTC 2019 /home/travis/build/icyphy/ptII/ptolemy/actor/lib/test/auto/MultipleLinksToSameRelationDE.xml
----------------- Instantiating /home/travis/build/icyphy/ptII/ptolemy/actor/lib/test/auto/MultipleLinksToSameRelationDE.xml
12 ms. Memory: 510976K Free: 254207K (50%)
----------------- Invoking toplevel() on ptolemy.moml.MoMLSimpleApplication@6a1df2c9
----------------- Done invoking toplevel() on ptolemy.moml.MoMLSimpleApplication@6a1df2c9
reloadAllAccessors: .MultipleLinksToSameRelationDE

===========================================================================================
----------------- testing Tue Sep 17 05:49:29 UTC 2019 /home/travis/build/icyphy/ptII/ptolemy/actor/lib/test/auto/Multiplexor.xml
----------------- Instantiating /home/travis/build/icyphy/ptII/ptolemy/actor/lib/test/auto/Multiplexor.xml
3 ms. Memory: 510976K Free: 248573K (49%)
----------------- Invoking toplevel() on ptolemy.moml.MoMLSimpleApplication@fe832ec
----------------- Done invoking toplevel() on ptolemy.moml.MoMLSimpleApplication@fe832ec
reloadAllAccessors: .Multiplexor

===========================================================================================
----------------- testing Tue Sep 17 05:49:29 UTC 2019 /home/travis/build/icyphy/ptII/ptolemy/actor/lib/test/auto/Multiplexor1.xml
----------------- Instantiating /home/travis/build/icyphy/ptII/ptolemy/actor/lib/test/auto/Multiplexor1.xml
2 ms. Memory: 510976K Free: 242943K (48%)
----------------- Invoking toplevel() on ptolemy.moml.MoMLSimpleApplication@ac62afd
----------------- Done invoking toplevel() on ptolemy.moml.MoMLSimpleApplication@ac62afd
reloadAllAccessors: .Multiplexor1

===========================================================================================
----------------- testing Tue Sep 17 05:49:29 UTC 2019 /home/travis/build/icyphy/ptII/ptolemy/actor/lib/test/auto/Multiplexor2.xml
----------------- Instantiating /home/travis/build/icyphy/ptII/ptolemy/actor/lib/test/auto/Multiplexor2.xml
7 ms. Memory: 510976K Free: 236285K (46%)
----------------- Invoking toplevel() on ptolemy.moml.MoMLSimpleApplication@451c7a28
----------------- Done invoking toplevel() on ptolemy.moml.MoMLSimpleApplication@451c7a28
reloadAllAccessors: .Multiplexor2

===========================================================================================
----------------- testing Tue Sep 17 05:49:30 UTC 2019 /home/travis/build/icyphy/ptII/ptolemy/actor/lib/test/auto/Multiplexor3.xml
----------------- Instantiating /home/travis/build/icyphy/ptII/ptolemy/actor/lib/test/auto/Multiplexor3.xml
3 ms. Memory: 510976K Free: 232703K (46%)
----------------- Invoking toplevel() on ptolemy.moml.MoMLSimpleApplication@18052e8c
----------------- Done invoking toplevel() on ptolemy.moml.MoMLSimpleApplication@18052e8c
reloadAllAccessors: .Multiplexor3

===========================================================================================
----------------- testing Tue Sep 17 05:49:30 UTC 2019 /home/travis/build/icyphy/ptII/ptolemy/actor/lib/test/auto/MultiplexorDE.xml
----------------- Instantiating /home/travis/build/icyphy/ptII/ptolemy/actor/lib/test/auto/MultiplexorDE.xml
3 ms. Memory: 510976K Free: 225007K (44%)
----------------- Invoking toplevel() on ptolemy.moml.MoMLSimpleApplication@4b8677df
----------------- Done invoking toplevel() on ptolemy.moml.MoMLSimpleApplication@4b8677df
reloadAllAccessors: .MultiplexorDE

===========================================================================================
----------------- testing Tue Sep 17 05:49:30 UTC 2019 /home/travis/build/icyphy/ptII/ptolemy/actor/lib/test/auto/MultiportBroadcastTest.xml
----------------- Instantiating /home/travis/build/icyphy/ptII/ptolemy/actor/lib/test/auto/MultiportBroadcastTest.xml
104 ms. Memory: 510976K Free: 218874K (43%)
----------------- Invoking toplevel() on ptolemy.moml.MoMLSimpleApplication@3c3bf72b
----------------- Done invoking toplevel() on ptolemy.moml.MoMLSimpleApplication@3c3bf72b
reloadAllAccessors: .MultiportBroadcastTest

===========================================================================================
----------------- testing Tue Sep 17 05:49:30 UTC 2019 /home/travis/build/icyphy/ptII/ptolemy/actor/lib/test/auto/MultiportOutHangDuringGetWidth.xml
----------------- Instantiating /home/travis/build/icyphy/ptII/ptolemy/actor/lib/test/auto/MultiportOutHangDuringGetWidth.xml
7 ms. Memory: 510976K Free: 206079K (40%)
----------------- Invoking toplevel() on ptolemy.moml.MoMLSimpleApplication@156c1beb
----------------- Done invoking toplevel() on ptolemy.moml.MoMLSimpleApplication@156c1beb
reloadAllAccessors: .MultiportOutHangDuringGetWidth

===========================================================================================
----------------- testing Tue Sep 17 05:49:30 UTC 2019 /home/travis/build/icyphy/ptII/ptolemy/actor/lib/test/auto/NilToken.xml
----------------- Instantiating /home/travis/build/icyphy/ptII/ptolemy/actor/lib/test/auto/NilToken.xml
2 ms. Memory: 510976K Free: 201983K (40%)
----------------- Invoking toplevel() on ptolemy.moml.MoMLSimpleApplication@5f635a48
----------------- Done invoking toplevel() on ptolemy.moml.MoMLSimpleApplication@5f635a48
reloadAllAccessors: .NilToken

===========================================================================================
----------------- testing Tue Sep 17 05:49:30 UTC 2019 /home/travis/build/icyphy/ptII/ptolemy/actor/lib/test/auto/NilTokenNonStrictTest.xml
----------------- Instantiating /home/travis/build/icyphy/ptII/ptolemy/actor/lib/test/auto/NilTokenNonStrictTest.xml
1 ms. Memory: 510976K Free: 197373K (39%)
----------------- Invoking toplevel() on ptolemy.moml.MoMLSimpleApplication@3e02089e
----------------- Done invoking toplevel() on ptolemy.moml.MoMLSimpleApplication@3e02089e
reloadAllAccessors: .NilTokenNonStrictTest

===========================================================================================
----------------- testing Tue Sep 17 05:49:30 UTC 2019 /home/travis/build/icyphy/ptII/ptolemy/actor/lib/test/auto/NilTokenRecord.xml
----------------- Instantiating /home/travis/build/icyphy/ptII/ptolemy/actor/lib/test/auto/NilTokenRecord.xml
6 ms. Memory: 510976K Free: 191229K (37%)
----------------- Invoking toplevel() on ptolemy.moml.MoMLSimpleApplication@379202f5
----------------- Done invoking toplevel() on ptolemy.moml.MoMLSimpleApplication@379202f5
reloadAllAccessors: .NilTokenRecord

===========================================================================================
----------------- testing Tue Sep 17 05:49:30 UTC 2019 /home/travis/build/icyphy/ptII/ptolemy/actor/lib/test/auto/NilTokenTypeTest.xml
----------------- Instantiating /home/travis/build/icyphy/ptII/ptolemy/actor/lib/test/auto/NilTokenTypeTest.xml
8 ms. Memory: 510976K Free: 181503K (36%)
----------------- Invoking toplevel() on ptolemy.moml.MoMLSimpleApplication@3952d887
----------------- Done invoking toplevel() on ptolemy.moml.MoMLSimpleApplication@3952d887
reloadAllAccessors: .NilTokenTypeTest

===========================================================================================
----------------- testing Tue Sep 17 05:49:30 UTC 2019 /home/travis/build/icyphy/ptII/ptolemy/actor/lib/test/auto/ObjectToken1.xml
----------------- Instantiating /home/travis/build/icyphy/ptII/ptolemy/actor/lib/test/auto/ObjectToken1.xml
3 ms. Memory: 510976K Free: 177407K (35%)
----------------- Invoking toplevel() on ptolemy.moml.MoMLSimpleApplication@3b63df47
----------------- Done invoking toplevel() on ptolemy.moml.MoMLSimpleApplication@3b63df47
reloadAllAccessors: .ObjectToken1

===========================================================================================
----------------- testing Tue Sep 17 05:49:30 UTC 2019 /home/travis/build/icyphy/ptII/ptolemy/actor/lib/test/auto/OrderedMerge.xml
----------------- Instantiating /home/travis/build/icyphy/ptII/ptolemy/actor/lib/test/auto/OrderedMerge.xml
11 ms. Memory: 510976K Free: 171773K (34%)
----------------- Invoking toplevel() on ptolemy.moml.MoMLSimpleApplication@2f3902f0
----------------- Done invoking toplevel() on ptolemy.moml.MoMLSimpleApplication@2f3902f0
reloadAllAccessors: .OrderedMerge

===========================================================================================
----------------- testing Tue Sep 17 05:49:30 UTC 2019 /home/travis/build/icyphy/ptII/ptolemy/actor/lib/test/auto/OrderedRecordDisassembler.xml
----------------- Instantiating /home/travis/build/icyphy/ptII/ptolemy/actor/lib/test/auto/OrderedRecordDisassembler.xml
3 ms. Memory: 510976K Free: 166647K (33%)
----------------- Invoking toplevel() on ptolemy.moml.MoMLSimpleApplication@2be71141
----------------- Done invoking toplevel() on ptolemy.moml.MoMLSimpleApplication@2be71141
reloadAllAccessors: .OrderedRecordDisassembler

===========================================================================================
----------------- testing Tue Sep 17 05:49:30 UTC 2019 /home/travis/build/icyphy/ptII/ptolemy/actor/lib/test/auto/OrderedRecordDisassembler2.xml
----------------- Instantiating /home/travis/build/icyphy/ptII/ptolemy/actor/lib/test/auto/OrderedRecordDisassembler2.xml
5 ms. Memory: 510976K Free: 460784K (90%)
----------------- Invoking toplevel() on ptolemy.moml.MoMLSimpleApplication@1bca3bd1
----------------- Done invoking toplevel() on ptolemy.moml.MoMLSimpleApplication@1bca3bd1
reloadAllAccessors: .OrderedRecordDisassembler2

===========================================================================================
----------------- testing Tue Sep 17 05:49:30 UTC 2019 /home/travis/build/icyphy/ptII/ptolemy/actor/lib/test/auto/OrderedRecordUpdater.xml
----------------- Instantiating /home/travis/build/icyphy/ptII/ptolemy/actor/lib/test/auto/OrderedRecordUpdater.xml
2 ms. Memory: 510976K Free: 455664K (89%)
----------------- Invoking toplevel() on ptolemy.moml.MoMLSimpleApplication@1efa2b26
----------------- Done invoking toplevel() on ptolemy.moml.MoMLSimpleApplication@1efa2b26
reloadAllAccessors: .RecordUpdater

===========================================================================================
----------------- testing Tue Sep 17 05:49:30 UTC 2019 /home/travis/build/icyphy/ptII/ptolemy/actor/lib/test/auto/OrderedRecordUpdater2.xml
----------------- Instantiating /home/travis/build/icyphy/ptII/ptolemy/actor/lib/test/auto/OrderedRecordUpdater2.xml
3 ms. Memory: 510976K Free: 450544K (88%)
----------------- Invoking toplevel() on ptolemy.moml.MoMLSimpleApplication@43c74c6c
----------------- Done invoking toplevel() on ptolemy.moml.MoMLSimpleApplication@43c74c6c
reloadAllAccessors: .RecordUpdater2

===========================================================================================
----------------- testing Tue Sep 17 05:49:30 UTC 2019 /home/travis/build/icyphy/ptII/ptolemy/actor/lib/test/auto/PhaseUnwrap.xml
----------------- Instantiating /home/travis/build/icyphy/ptII/ptolemy/actor/lib/test/auto/PhaseUnwrap.xml
2 ms. Memory: 510976K Free: 445934K (87%)
----------------- Invoking toplevel() on ptolemy.moml.MoMLSimpleApplication@5c57a6f
----------------- Done invoking toplevel() on ptolemy.moml.MoMLSimpleApplication@5c57a6f
reloadAllAccessors: .PhaseUnwrap

===========================================================================================
----------------- testing Tue Sep 17 05:49:30 UTC 2019 /home/travis/build/icyphy/ptII/ptolemy/actor/lib/test/auto/PoissonClock.xml
----------------- Instantiating /home/travis/build/icyphy/ptII/ptolemy/actor/lib/test/auto/PoissonClock.xml
1 ms. Memory: 510976K Free: 441838K (86%)
----------------- Invoking toplevel() on ptolemy.moml.MoMLSimpleApplication@1419b974
----------------- Done invoking toplevel() on ptolemy.moml.MoMLSimpleApplication@1419b974
reloadAllAccessors: .PoissonClock

===========================================================================================
----------------- testing Tue Sep 17 05:49:30 UTC 2019 /home/travis/build/icyphy/ptII/ptolemy/actor/lib/test/auto/PoissonClock2.xml
----------------- Instantiating /home/travis/build/icyphy/ptII/ptolemy/actor/lib/test/auto/PoissonClock2.xml
1 ms. Memory: 510976K Free: 437232K (86%)
----------------- Invoking toplevel() on ptolemy.moml.MoMLSimpleApplication@4fb81b9c
----------------- Done invoking toplevel() on ptolemy.moml.MoMLSimpleApplication@4fb81b9c
reloadAllAccessors: .PoissonClock2

===========================================================================================
----------------- testing Tue Sep 17 05:49:30 UTC 2019 /home/travis/build/icyphy/ptII/ptolemy/actor/lib/test/auto/PoissonClock3.xml
----------------- Instantiating /home/travis/build/icyphy/ptII/ptolemy/actor/lib/test/auto/PoissonClock3.xml
1 ms. Memory: 510976K Free: 432622K (85%)
----------------- Invoking toplevel() on ptolemy.moml.MoMLSimpleApplication@4575a5a8
----------------- Done invoking toplevel() on ptolemy.moml.MoMLSimpleApplication@4575a5a8
reloadAllAccessors: .PoissonClock3

===========================================================================================
----------------- testing Tue Sep 17 05:49:30 UTC 2019 /home/travis/build/icyphy/ptII/ptolemy/actor/lib/test/auto/PubSubWithInitialTokens.xml
----------------- Instantiating /home/travis/build/icyphy/ptII/ptolemy/actor/lib/test/auto/PubSubWithInitialTokens.xml
3 ms. Memory: 510976K Free: 427472K (84%)
----------------- Invoking toplevel() on ptolemy.moml.MoMLSimpleApplication@43f6f888
----------------- Done invoking toplevel() on ptolemy.moml.MoMLSimpleApplication@43f6f888
reloadAllAccessors: .PubSubWithInitialTokens

===========================================================================================
----------------- testing Tue Sep 17 05:49:30 UTC 2019 /home/travis/build/icyphy/ptII/ptolemy/actor/lib/test/auto/PubSubWithInitialTokens2.xml
----------------- Instantiating /home/travis/build/icyphy/ptII/ptolemy/actor/lib/test/auto/PubSubWithInitialTokens2.xml
5 ms. Memory: 510976K Free: 421344K (82%)
----------------- Invoking toplevel() on ptolemy.moml.MoMLSimpleApplication@7cceebb7
----------------- Done invoking toplevel() on ptolemy.moml.MoMLSimpleApplication@7cceebb7
reloadAllAccessors: .PubSubWithInitialTokens2

===========================================================================================
----------------- testing Tue Sep 17 05:49:30 UTC 2019 /home/travis/build/icyphy/ptII/ptolemy/actor/lib/test/auto/PublisherClassNoParameter.xml
----------------- Instantiating /home/travis/build/icyphy/ptII/ptolemy/actor/lib/test/auto/PublisherClassNoParameter.xml
3 ms. Memory: 510976K Free: 411632K (81%)
----------------- Invoking toplevel() on ptolemy.moml.MoMLSimpleApplication@490d16fc
----------------- Done invoking toplevel() on ptolemy.moml.MoMLSimpleApplication@490d16fc
reloadAllAccessors: .PublisherClassNoParameter

===========================================================================================
----------------- testing Tue Sep 17 05:49:30 UTC 2019 /home/travis/build/icyphy/ptII/ptolemy/actor/lib/test/auto/PublisherClassParameter.xml
----------------- Instantiating /home/travis/build/icyphy/ptII/ptolemy/actor/lib/test/auto/PublisherClassParameter.xml
3 ms. Memory: 510976K Free: 401392K (79%)
----------------- Invoking toplevel() on ptolemy.moml.MoMLSimpleApplication@780a7166
----------------- Done invoking toplevel() on ptolemy.moml.MoMLSimpleApplication@780a7166
reloadAllAccessors: .PublisherClassParameter

===========================================================================================
----------------- testing Tue Sep 17 05:49:30 UTC 2019 /home/travis/build/icyphy/ptII/ptolemy/actor/lib/test/auto/PublisherNonStrictTest.xml
----------------- Instantiating /home/travis/build/icyphy/ptII/ptolemy/actor/lib/test/auto/PublisherNonStrictTest.xml
3 ms. Memory: 510976K Free: 393704K (77%)
----------------- Invoking toplevel() on ptolemy.moml.MoMLSimpleApplication@3cf07bf
----------------- Done invoking toplevel() on ptolemy.moml.MoMLSimpleApplication@3cf07bf
reloadAllAccessors: .PublisherNonStrictTest

===========================================================================================
----------------- testing Tue Sep 17 05:49:30 UTC 2019 /home/travis/build/icyphy/ptII/ptolemy/actor/lib/test/auto/PublisherPort1.xml
----------------- Instantiating /home/travis/build/icyphy/ptII/ptolemy/actor/lib/test/auto/PublisherPort1.xml
3 ms. Memory: 510976K Free: 388080K (76%)
----------------- Invoking toplevel() on ptolemy.moml.MoMLSimpleApplication@664c1eb9
----------------- Done invoking toplevel() on ptolemy.moml.MoMLSimpleApplication@664c1eb9
reloadAllAccessors: .PublisherPort1

===========================================================================================
----------------- testing Tue Sep 17 05:49:30 UTC 2019 /home/travis/build/icyphy/ptII/ptolemy/actor/lib/test/auto/PublisherPort2.xml
----------------- Instantiating /home/travis/build/icyphy/ptII/ptolemy/actor/lib/test/auto/PublisherPort2.xml
2 ms. Memory: 510976K Free: 382960K (75%)
----------------- Invoking toplevel() on ptolemy.moml.MoMLSimpleApplication@6f4c1015
----------------- Done invoking toplevel() on ptolemy.moml.MoMLSimpleApplication@6f4c1015
reloadAllAccessors: .PublisherPort2

===========================================================================================
----------------- testing Tue Sep 17 05:49:30 UTC 2019 /home/travis/build/icyphy/ptII/ptolemy/actor/lib/test/auto/PublisherPort3.xml
----------------- Instantiating /home/travis/build/icyphy/ptII/ptolemy/actor/lib/test/auto/PublisherPort3.xml
14 ms. Memory: 510976K Free: 376272K (74%)
----------------- Invoking toplevel() on ptolemy.moml.MoMLSimpleApplication@54c82287
----------------- Done invoking toplevel() on ptolemy.moml.MoMLSimpleApplication@54c82287
reloadAllAccessors: .PublisherPort3

===========================================================================================
----------------- testing Tue Sep 17 05:49:30 UTC 2019 /home/travis/build/icyphy/ptII/ptolemy/actor/lib/test/auto/PublisherPort4.xml
----------------- Instantiating /home/travis/build/icyphy/ptII/ptolemy/actor/lib/test/auto/PublisherPort4.xml
2 ms. Memory: 510976K Free: 370672K (73%)
----------------- Invoking toplevel() on ptolemy.moml.MoMLSimpleApplication@2ae2fdbe
----------------- Done invoking toplevel() on ptolemy.moml.MoMLSimpleApplication@2ae2fdbe
reloadAllAccessors: .PublisherPort4

===========================================================================================
----------------- testing Tue Sep 17 05:49:30 UTC 2019 /home/travis/build/icyphy/ptII/ptolemy/actor/lib/test/auto/PublisherPort5.xml
----------------- Instantiating /home/travis/build/icyphy/ptII/ptolemy/actor/lib/test/auto/PublisherPort5.xml
8 ms. Memory: 510976K Free: 362990K (71%)
----------------- Invoking toplevel() on ptolemy.moml.MoMLSimpleApplication@57decdb9
----------------- Done invoking toplevel() on ptolemy.moml.MoMLSimpleApplication@57decdb9
reloadAllAccessors: .PublisherPort5

===========================================================================================
----------------- testing Tue Sep 17 05:49:30 UTC 2019 /home/travis/build/icyphy/ptII/ptolemy/actor/lib/test/auto/PublisherPort5LookAlike.xml
----------------- Instantiating /home/travis/build/icyphy/ptII/ptolemy/actor/lib/test/auto/PublisherPort5LookAlike.xml
9 ms. Memory: 510976K Free: 355816K (70%)
----------------- Invoking toplevel() on ptolemy.moml.MoMLSimpleApplication@726031d0
----------------- Done invoking toplevel() on ptolemy.moml.MoMLSimpleApplication@726031d0
reloadAllAccessors: .PublisherPort5LookAlike

===========================================================================================
----------------- testing Tue Sep 17 05:49:30 UTC 2019 /home/travis/build/icyphy/ptII/ptolemy/actor/lib/test/auto/PublisherPort6.xml
----------------- Instantiating /home/travis/build/icyphy/ptII/ptolemy/actor/lib/test/auto/PublisherPort6.xml
4 ms. Memory: 510976K Free: 349168K (68%)
----------------- Invoking toplevel() on ptolemy.moml.MoMLSimpleApplication@a208297
----------------- Done invoking toplevel() on ptolemy.moml.MoMLSimpleApplication@a208297
reloadAllAccessors: .PublisherPort6

===========================================================================================
----------------- testing Tue Sep 17 05:49:30 UTC 2019 /home/travis/build/icyphy/ptII/ptolemy/actor/lib/test/auto/PublisherPort7.xml
----------------- Instantiating /home/travis/build/icyphy/ptII/ptolemy/actor/lib/test/auto/PublisherPort7.xml
4 ms. Memory: 510976K Free: 341486K (67%)
----------------- Invoking toplevel() on ptolemy.moml.MoMLSimpleApplication@34eddd0f
----------------- Done invoking toplevel() on ptolemy.moml.MoMLSimpleApplication@34eddd0f
reloadAllAccessors: .PublisherPort7

===========================================================================================
----------------- testing Tue Sep 17 05:49:30 UTC 2019 /home/travis/build/icyphy/ptII/ptolemy/actor/lib/test/auto/PublisherPort8.xml
----------------- Instantiating /home/travis/build/icyphy/ptII/ptolemy/actor/lib/test/auto/PublisherPort8.xml
5 ms. Memory: 510976K Free: 332784K (65%)
----------------- Invoking toplevel() on ptolemy.moml.MoMLSimpleApplication@2105e3fb
----------------- Done invoking toplevel() on ptolemy.moml.MoMLSimpleApplication@2105e3fb
reloadAllAccessors: .PublisherPort8

===========================================================================================
----------------- testing Tue Sep 17 05:49:30 UTC 2019 /home/travis/build/icyphy/ptII/ptolemy/actor/lib/test/auto/PublisherPortSubscriberChannelVariablesAOC2.xml
----------------- Instantiating /home/travis/build/icyphy/ptII/ptolemy/actor/lib/test/auto/PublisherPortSubscriberChannelVariablesAOC2.xml
3 ms. Memory: 510976K Free: 314862K (62%)
----------------- Invoking toplevel() on ptolemy.moml.MoMLSimpleApplication@2d12fff9
----------------- Done invoking toplevel() on ptolemy.moml.MoMLSimpleApplication@2d12fff9
reloadAllAccessors: .PublisherPortSubscriberChannelVariablesAOC2

===========================================================================================
----------------- testing Tue Sep 17 05:49:30 UTC 2019 /home/travis/build/icyphy/ptII/ptolemy/actor/lib/test/auto/PublisherPortSubscriberOpaqueWidthInference.xml
----------------- Instantiating /home/travis/build/icyphy/ptII/ptolemy/actor/lib/test/auto/PublisherPortSubscriberOpaqueWidthInference.xml
5 ms. Memory: 510976K Free: 307184K (60%)
----------------- Invoking toplevel() on ptolemy.moml.MoMLSimpleApplication@92932d6
----------------- Done invoking toplevel() on ptolemy.moml.MoMLSimpleApplication@92932d6
reloadAllAccessors: .PublisherPortSubscriberOpaqueWidthInference

===========================================================================================
----------------- testing Tue Sep 17 05:49:30 UTC 2019 /home/travis/build/icyphy/ptII/ptolemy/actor/lib/test/auto/PublisherPortSubscriberPortAdjacent.xml
----------------- Instantiating /home/travis/build/icyphy/ptII/ptolemy/actor/lib/test/auto/PublisherPortSubscriberPortAdjacent.xml
2 ms. Memory: 510976K Free: 298992K (59%)
----------------- Invoking toplevel() on ptolemy.moml.MoMLSimpleApplication@106d7d53
----------------- Done invoking toplevel() on ptolemy.moml.MoMLSimpleApplication@106d7d53
reloadAllAccessors: .PublisherPortSubscriberPortAdjacent

===========================================================================================
----------------- testing Tue Sep 17 05:49:30 UTC 2019 /home/travis/build/icyphy/ptII/ptolemy/actor/lib/test/auto/PublisherPortSubscriberPortExpression.xml
----------------- Instantiating /home/travis/build/icyphy/ptII/ptolemy/actor/lib/test/auto/PublisherPortSubscriberPortExpression.xml
4 ms. Memory: 510976K Free: 291296K (57%)
----------------- Invoking toplevel() on ptolemy.moml.MoMLSimpleApplication@2b7cbba0
----------------- Done invoking toplevel() on ptolemy.moml.MoMLSimpleApplication@2b7cbba0
reloadAllAccessors: .PublisherPortSubscriberPortExpression

===========================================================================================
----------------- testing Tue Sep 17 05:49:31 UTC 2019 /home/travis/build/icyphy/ptII/ptolemy/actor/lib/test/auto/PublisherPortSubscriberPortOpaqueD3Reverse.xml
----------------- Instantiating /home/travis/build/icyphy/ptII/ptolemy/actor/lib/test/auto/PublisherPortSubscriberPortOpaqueD3Reverse.xml
7 ms. Memory: 510976K Free: 281070K (55%)
----------------- Invoking toplevel() on ptolemy.moml.MoMLSimpleApplication@6336cc83
----------------- Done invoking toplevel() on ptolemy.moml.MoMLSimpleApplication@6336cc83
reloadAllAccessors: .PublisherPortSubscriberPortOpaqueD3Reverse

===========================================================================================
----------------- testing Tue Sep 17 05:49:31 UTC 2019 /home/travis/build/icyphy/ptII/ptolemy/actor/lib/test/auto/PublisherPortSubscriberPortOpaqueWidthInference.xml
----------------- Instantiating /home/travis/build/icyphy/ptII/ptolemy/actor/lib/test/auto/PublisherPortSubscriberPortOpaqueWidthInference.xml
4 ms. Memory: 510976K Free: 273392K (54%)
----------------- Invoking toplevel() on ptolemy.moml.MoMLSimpleApplication@2db82ce6
----------------- Done invoking toplevel() on ptolemy.moml.MoMLSimpleApplication@2db82ce6
reloadAllAccessors: .PublisherPortSubscriberPortOpaqueWidthInference

===========================================================================================
----------------- testing Tue Sep 17 05:49:31 UTC 2019 /home/travis/build/icyphy/ptII/ptolemy/actor/lib/test/auto/PublisherPortToplevelSubscriberPortAOC.xml
----------------- Instantiating /home/travis/build/icyphy/ptII/ptolemy/actor/lib/test/auto/PublisherPortToplevelSubscriberPortAOC.xml
.PublisherPortToplevelSubscriberPortAOC.TestExceptionAttribute: initialize() was not invoked, but wrapup() was.  This is unusual, but not always a problem.  For example, exporting JNLP will do this.
1 ms. Memory: 510976K Free: 267248K (52%)
----------------- Invoking toplevel() on ptolemy.moml.MoMLSimpleApplication@b2bc1b5
----------------- Done invoking toplevel() on ptolemy.moml.MoMLSimpleApplication@b2bc1b5
reloadAllAccessors: .PublisherPortToplevelSubscriberPortAOC

===========================================================================================
----------------- testing Tue Sep 17 05:49:31 UTC 2019 /home/travis/build/icyphy/ptII/ptolemy/actor/lib/test/auto/PublisherSubscriber.xml
----------------- Instantiating /home/travis/build/icyphy/ptII/ptolemy/actor/lib/test/auto/PublisherSubscriber.xml
3 ms. Memory: 510976K Free: 260584K (51%)
----------------- Invoking toplevel() on ptolemy.moml.MoMLSimpleApplication@3417333d
----------------- Done invoking toplevel() on ptolemy.moml.MoMLSimpleApplication@3417333d
reloadAllAccessors: .PublisherSubscriber

===========================================================================================
----------------- testing Tue Sep 17 05:49:31 UTC 2019 /home/travis/build/icyphy/ptII/ptolemy/actor/lib/test/auto/PublisherSubscriber10.xml
----------------- Instantiating /home/travis/build/icyphy/ptII/ptolemy/actor/lib/test/auto/PublisherSubscriber10.xml
8 ms. Memory: 510976K Free: 250864K (49%)
----------------- Invoking toplevel() on ptolemy.moml.MoMLSimpleApplication@377081a8
----------------- Done invoking toplevel() on ptolemy.moml.MoMLSimpleApplication@377081a8
reloadAllAccessors: .PublisherSubscriber10

===========================================================================================
----------------- testing Tue Sep 17 05:49:31 UTC 2019 /home/travis/build/icyphy/ptII/ptolemy/actor/lib/test/auto/PublisherSubscriber10InitialOutputs.xml
----------------- Instantiating /home/travis/build/icyphy/ptII/ptolemy/actor/lib/test/auto/PublisherSubscriber10InitialOutputs.xml
16 ms. Memory: 510976K Free: 241648K (47%)
----------------- Invoking toplevel() on ptolemy.moml.MoMLSimpleApplication@51a7f2c1
----------------- Done invoking toplevel() on ptolemy.moml.MoMLSimpleApplication@51a7f2c1
reloadAllAccessors: .PublisherSubscriber10InitialOutputs

===========================================================================================
----------------- testing Tue Sep 17 05:49:31 UTC 2019 /home/travis/build/icyphy/ptII/ptolemy/actor/lib/test/auto/PublisherSubscriber11.xml
----------------- Instantiating /home/travis/build/icyphy/ptII/ptolemy/actor/lib/test/auto/PublisherSubscriber11.xml
4 ms. Memory: 510976K Free: 235504K (46%)
----------------- Invoking toplevel() on ptolemy.moml.MoMLSimpleApplication@168b23a1
----------------- Done invoking toplevel() on ptolemy.moml.MoMLSimpleApplication@168b23a1
reloadAllAccessors: .PublisherSubscriber11

===========================================================================================
----------------- testing Tue Sep 17 05:49:31 UTC 2019 /home/travis/build/icyphy/ptII/ptolemy/actor/lib/test/auto/PublisherSubscriber12.xml
----------------- Instantiating /home/travis/build/icyphy/ptII/ptolemy/actor/lib/test/auto/PublisherSubscriber12.xml
6 ms. Memory: 510976K Free: 228336K (45%)
----------------- Invoking toplevel() on ptolemy.moml.MoMLSimpleApplication@7bf87d11
----------------- Done invoking toplevel() on ptolemy.moml.MoMLSimpleApplication@7bf87d11
reloadAllAccessors: .PublisherSubscriber12

===========================================================================================
----------------- testing Tue Sep 17 05:49:31 UTC 2019 /home/travis/build/icyphy/ptII/ptolemy/actor/lib/test/auto/PublisherSubscriber13.xml
----------------- Instantiating /home/travis/build/icyphy/ptII/ptolemy/actor/lib/test/auto/PublisherSubscriber13.xml
2 ms. Memory: 510976K Free: 222672K (44%)
----------------- Invoking toplevel() on ptolemy.moml.MoMLSimpleApplication@369710fa
----------------- Done invoking toplevel() on ptolemy.moml.MoMLSimpleApplication@369710fa
reloadAllAccessors: .PublisherSubscriber13

===========================================================================================
----------------- testing Tue Sep 17 05:49:31 UTC 2019 /home/travis/build/icyphy/ptII/ptolemy/actor/lib/test/auto/PublisherSubscriber14.xml
----------------- Instantiating /home/travis/build/icyphy/ptII/ptolemy/actor/lib/test/auto/PublisherSubscriber14.xml
2 ms. Memory: 510976K Free: 214000K (42%)
----------------- Invoking toplevel() on ptolemy.moml.MoMLSimpleApplication@7d542916
----------------- Done invoking toplevel() on ptolemy.moml.MoMLSimpleApplication@7d542916
reloadAllAccessors: .PublisherSubscriber14

===========================================================================================
----------------- testing Tue Sep 17 05:49:31 UTC 2019 /home/travis/build/icyphy/ptII/ptolemy/actor/lib/test/auto/PublisherSubscriber2.xml
----------------- Instantiating /home/travis/build/icyphy/ptII/ptolemy/actor/lib/test/auto/PublisherSubscriber2.xml
4 ms. Memory: 510976K Free: 208352K (41%)
----------------- Invoking toplevel() on ptolemy.moml.MoMLSimpleApplication@724001ba
----------------- Done invoking toplevel() on ptolemy.moml.MoMLSimpleApplication@724001ba
reloadAllAccessors: .PublisherSubscriber2

===========================================================================================
----------------- testing Tue Sep 17 05:49:31 UTC 2019 /home/travis/build/icyphy/ptII/ptolemy/actor/lib/test/auto/PublisherSubscriber3.xml
----------------- Instantiating /home/travis/build/icyphy/ptII/ptolemy/actor/lib/test/auto/PublisherSubscriber3.xml
3 ms. Memory: 510976K Free: 202736K (40%)
----------------- Invoking toplevel() on ptolemy.moml.MoMLSimpleApplication@27c4db7e
----------------- Done invoking toplevel() on ptolemy.moml.MoMLSimpleApplication@27c4db7e
reloadAllAccessors: .PublisherSubscriber3

===========================================================================================
----------------- testing Tue Sep 17 05:49:31 UTC 2019 /home/travis/build/icyphy/ptII/ptolemy/actor/lib/test/auto/PublisherSubscriber4.xml
----------------- Instantiating /home/travis/build/icyphy/ptII/ptolemy/actor/lib/test/auto/PublisherSubscriber4.xml
2 ms. Memory: 510976K Free: 197616K (39%)
----------------- Invoking toplevel() on ptolemy.moml.MoMLSimpleApplication@4c86161a
----------------- Done invoking toplevel() on ptolemy.moml.MoMLSimpleApplication@4c86161a
reloadAllAccessors: .PublisherSubscriber4

===========================================================================================
----------------- testing Tue Sep 17 05:49:31 UTC 2019 /home/travis/build/icyphy/ptII/ptolemy/actor/lib/test/auto/PublisherSubscriber5.xml
----------------- Instantiating /home/travis/build/icyphy/ptII/ptolemy/actor/lib/test/auto/PublisherSubscriber5.xml
3 ms. Memory: 510976K Free: 190448K (37%)
----------------- Invoking toplevel() on ptolemy.moml.MoMLSimpleApplication@225da7e0
----------------- Done invoking toplevel() on ptolemy.moml.MoMLSimpleApplication@225da7e0
reloadAllAccessors: .PublisherSubscriber5

===========================================================================================
----------------- testing Tue Sep 17 05:49:31 UTC 2019 /home/travis/build/icyphy/ptII/ptolemy/actor/lib/test/auto/PublisherSubscriber6.xml
----------------- Instantiating /home/travis/build/icyphy/ptII/ptolemy/actor/lib/test/auto/PublisherSubscriber6.xml
5 ms. Memory: 510976K Free: 183790K (36%)
----------------- Invoking toplevel() on ptolemy.moml.MoMLSimpleApplication@5adcd1ee
----------------- Done invoking toplevel() on ptolemy.moml.MoMLSimpleApplication@5adcd1ee
reloadAllAccessors: .PublisherSubscriber6

===========================================================================================
----------------- testing Tue Sep 17 05:49:31 UTC 2019 /home/travis/build/icyphy/ptII/ptolemy/actor/lib/test/auto/PublisherSubscriber7.xml
----------------- Instantiating /home/travis/build/icyphy/ptII/ptolemy/actor/lib/test/auto/PublisherSubscriber7.xml
9 ms. Memory: 510976K Free: 177136K (35%)
----------------- Invoking toplevel() on ptolemy.moml.MoMLSimpleApplication@7ec38406
----------------- Done invoking toplevel() on ptolemy.moml.MoMLSimpleApplication@7ec38406
reloadAllAccessors: .PublisherSubscriber7

===========================================================================================
----------------- testing Tue Sep 17 05:49:31 UTC 2019 /home/travis/build/icyphy/ptII/ptolemy/actor/lib/test/auto/PublisherSubscriber8.xml
----------------- Instantiating /home/travis/build/icyphy/ptII/ptolemy/actor/lib/test/auto/PublisherSubscriber8.xml
26 ms. Memory: 510976K Free: 165870K (32%)
----------------- Invoking toplevel() on ptolemy.moml.MoMLSimpleApplication@47b62789
----------------- Done invoking toplevel() on ptolemy.moml.MoMLSimpleApplication@47b62789
reloadAllAccessors: .PublisherSubscriber8

===========================================================================================
----------------- testing Tue Sep 17 05:49:31 UTC 2019 /home/travis/build/icyphy/ptII/ptolemy/actor/lib/test/auto/PublisherSubscriber9.xml
----------------- Instantiating /home/travis/build/icyphy/ptII/ptolemy/actor/lib/test/auto/PublisherSubscriber9.xml
3 ms. Memory: 510976K Free: 460754K (90%)
----------------- Invoking toplevel() on ptolemy.moml.MoMLSimpleApplication@651bda76
----------------- Done invoking toplevel() on ptolemy.moml.MoMLSimpleApplication@651bda76
reloadAllAccessors: .PublisherSubscriber9

===========================================================================================
----------------- testing Tue Sep 17 05:49:31 UTC 2019 /home/travis/build/icyphy/ptII/ptolemy/actor/lib/test/auto/PublisherSubscriberAdjacent.xml
----------------- Instantiating /home/travis/build/icyphy/ptII/ptolemy/actor/lib/test/auto/PublisherSubscriberAdjacent.xml
3 ms. Memory: 510976K Free: 452562K (89%)
----------------- Invoking toplevel() on ptolemy.moml.MoMLSimpleApplication@43316245
----------------- Done invoking toplevel() on ptolemy.moml.MoMLSimpleApplication@43316245
reloadAllAccessors: .PublisherSubscriberAdjacent

===========================================================================================
----------------- testing Tue Sep 17 05:49:31 UTC 2019 /home/travis/build/icyphy/ptII/ptolemy/actor/lib/test/auto/PublisherSubscriberChannelVariablesAOC2.xml
----------------- Instantiating /home/travis/build/icyphy/ptII/ptolemy/actor/lib/test/auto/PublisherSubscriberChannelVariablesAOC2.xml
3 ms. Memory: 510976K Free: 437698K (86%)
----------------- Invoking toplevel() on ptolemy.moml.MoMLSimpleApplication@4d234104
----------------- Done invoking toplevel() on ptolemy.moml.MoMLSimpleApplication@4d234104
reloadAllAccessors: .PublisherSubscriberChannelVariablesAOC2

===========================================================================================
----------------- testing Tue Sep 17 05:49:31 UTC 2019 /home/travis/build/icyphy/ptII/ptolemy/actor/lib/test/auto/PublisherSubscriberD3.xml
----------------- Instantiating /home/travis/build/icyphy/ptII/ptolemy/actor/lib/test/auto/PublisherSubscriberD3.xml
2 ms. Memory: 510976K Free: 430544K (84%)
----------------- Invoking toplevel() on ptolemy.moml.MoMLSimpleApplication@417f129b
----------------- Done invoking toplevel() on ptolemy.moml.MoMLSimpleApplication@417f129b
reloadAllAccessors: .PublisherSubscriberD3

===========================================================================================
----------------- testing Tue Sep 17 05:49:31 UTC 2019 /home/travis/build/icyphy/ptII/ptolemy/actor/lib/test/auto/PublisherSubscriberD3Reverse.xml
----------------- Instantiating /home/travis/build/icyphy/ptII/ptolemy/actor/lib/test/auto/PublisherSubscriberD3Reverse.xml
2 ms. Memory: 510976K Free: 424400K (83%)
----------------- Invoking toplevel() on ptolemy.moml.MoMLSimpleApplication@3dede5e8
----------------- Done invoking toplevel() on ptolemy.moml.MoMLSimpleApplication@3dede5e8
reloadAllAccessors: .PublisherSubscriberD3Reverse

===========================================================================================
----------------- testing Tue Sep 17 05:49:31 UTC 2019 /home/travis/build/icyphy/ptII/ptolemy/actor/lib/test/auto/PublisherSubscriberExpression.xml
----------------- Instantiating /home/travis/build/icyphy/ptII/ptolemy/actor/lib/test/auto/PublisherSubscriberExpression.xml
4 ms. Memory: 510976K Free: 415698K (81%)
----------------- Invoking toplevel() on ptolemy.moml.MoMLSimpleApplication@5bb9e12f
----------------- Done invoking toplevel() on ptolemy.moml.MoMLSimpleApplication@5bb9e12f
reloadAllAccessors: .PublisherSubscriberExpression

===========================================================================================
----------------- testing Tue Sep 17 05:49:31 UTC 2019 /home/travis/build/icyphy/ptII/ptolemy/actor/lib/test/auto/PublisherSubscriberOpaque.xml
----------------- Instantiating /home/travis/build/icyphy/ptII/ptolemy/actor/lib/test/auto/PublisherSubscriberOpaque.xml
4 ms. Memory: 510976K Free: 407506K (80%)
----------------- Invoking toplevel() on ptolemy.moml.MoMLSimpleApplication@3865deb1
----------------- Done invoking toplevel() on ptolemy.moml.MoMLSimpleApplication@3865deb1
reloadAllAccessors: .PublisherSubscriberOpaque

===========================================================================================
----------------- testing Tue Sep 17 05:49:31 UTC 2019 /home/travis/build/icyphy/ptII/ptolemy/actor/lib/test/auto/PublisherSubscriberOpaqueD3.xml
----------------- Instantiating /home/travis/build/icyphy/ptII/ptolemy/actor/lib/test/auto/PublisherSubscriberOpaqueD3.xml
5 ms. Memory: 510976K Free: 396242K (78%)
----------------- Invoking toplevel() on ptolemy.moml.MoMLSimpleApplication@1303a802
----------------- Done invoking toplevel() on ptolemy.moml.MoMLSimpleApplication@1303a802
reloadAllAccessors: .PublisherSubscriberOpaqueD3

===========================================================================================
----------------- testing Tue Sep 17 05:49:31 UTC 2019 /home/travis/build/icyphy/ptII/ptolemy/actor/lib/test/auto/PublisherSubscriberOpaqueD3Reverse.xml
----------------- Instantiating /home/travis/build/icyphy/ptII/ptolemy/actor/lib/test/auto/PublisherSubscriberOpaqueD3Reverse.xml
9 ms. Memory: 510976K Free: 385488K (75%)
----------------- Invoking toplevel() on ptolemy.moml.MoMLSimpleApplication@675e22a8
----------------- Done invoking toplevel() on ptolemy.moml.MoMLSimpleApplication@675e22a8
reloadAllAccessors: .PublisherSubscriberOpaqueD3Reverse

===========================================================================================
----------------- testing Tue Sep 17 05:49:31 UTC 2019 /home/travis/build/icyphy/ptII/ptolemy/actor/lib/test/auto/PublisherSubscriberOpaqueWidthInference.xml
----------------- Instantiating /home/travis/build/icyphy/ptII/ptolemy/actor/lib/test/auto/PublisherSubscriberOpaqueWidthInference.xml
5 ms. Memory: 510976K Free: 377282K (74%)
----------------- Invoking toplevel() on ptolemy.moml.MoMLSimpleApplication@1fec5ee7
----------------- Done invoking toplevel() on ptolemy.moml.MoMLSimpleApplication@1fec5ee7
reloadAllAccessors: .PublisherSubscriberOpaqueWidthInference

===========================================================================================
----------------- testing Tue Sep 17 05:49:31 UTC 2019 /home/travis/build/icyphy/ptII/ptolemy/actor/lib/test/auto/PublisherTestSubscriber.xml
----------------- Instantiating /home/travis/build/icyphy/ptII/ptolemy/actor/lib/test/auto/PublisherTestSubscriber.xml
3 ms. Memory: 510976K Free: 369618K (72%)
----------------- Invoking toplevel() on ptolemy.moml.MoMLSimpleApplication@5d92281c
----------------- Done invoking toplevel() on ptolemy.moml.MoMLSimpleApplication@5d92281c
reloadAllAccessors: .PublisherTestSubscriber

===========================================================================================
----------------- testing Tue Sep 17 05:49:31 UTC 2019 /home/travis/build/icyphy/ptII/ptolemy/actor/lib/test/auto/PublisherToplevelSubscriberPortAOC.xml
----------------- Instantiating /home/travis/build/icyphy/ptII/ptolemy/actor/lib/test/auto/PublisherToplevelSubscriberPortAOC.xml
2 ms. Memory: 510976K Free: 362946K (71%)
----------------- Invoking toplevel() on ptolemy.moml.MoMLSimpleApplication@6eefa519
----------------- Done invoking toplevel() on ptolemy.moml.MoMLSimpleApplication@6eefa519
reloadAllAccessors: .PublisherToplevelSubscriberPortAOC

===========================================================================================
----------------- testing Tue Sep 17 05:49:31 UTC 2019 /home/travis/build/icyphy/ptII/ptolemy/actor/lib/test/auto/PulseFiringLimitDE.xml
----------------- Instantiating /home/travis/build/icyphy/ptII/ptolemy/actor/lib/test/auto/PulseFiringLimitDE.xml
4 ms. Memory: 510976K Free: 356816K (70%)
----------------- Invoking toplevel() on ptolemy.moml.MoMLSimpleApplication@23c22060
----------------- Done invoking toplevel() on ptolemy.moml.MoMLSimpleApplication@23c22060
reloadAllAccessors: .PulseFiringLimitDE

===========================================================================================
----------------- testing Tue Sep 17 05:49:31 UTC 2019 /home/travis/build/icyphy/ptII/ptolemy/actor/lib/test/auto/Ramp1.xml
----------------- Instantiating /home/travis/build/icyphy/ptII/ptolemy/actor/lib/test/auto/Ramp1.xml
1 ms. Memory: 510976K Free: 352714K (69%)
----------------- Invoking toplevel() on ptolemy.moml.MoMLSimpleApplication@5a2ee8fa
----------------- Done invoking toplevel() on ptolemy.moml.MoMLSimpleApplication@5a2ee8fa
reloadAllAccessors: .Ramp1

===========================================================================================
----------------- testing Tue Sep 17 05:49:31 UTC 2019 /home/travis/build/icyphy/ptII/ptolemy/actor/lib/test/auto/RampFiringLimitDE.xml
----------------- Instantiating /home/travis/build/icyphy/ptII/ptolemy/actor/lib/test/auto/RampFiringLimitDE.xml
3 ms. Memory: 510976K Free: 346562K (68%)
----------------- Invoking toplevel() on ptolemy.moml.MoMLSimpleApplication@50d1bba3
----------------- Done invoking toplevel() on ptolemy.moml.MoMLSimpleApplication@50d1bba3
reloadAllAccessors: .RampFiringLimitDE

===========================================================================================
----------------- testing Tue Sep 17 05:49:31 UTC 2019 /home/travis/build/icyphy/ptII/ptolemy/actor/lib/test/auto/RampFiringLimitSDF.xml
----------------- Instantiating /home/travis/build/icyphy/ptII/ptolemy/actor/lib/test/auto/RampFiringLimitSDF.xml
2 ms. Memory: 510976K Free: 341426K (67%)
----------------- Invoking toplevel() on ptolemy.moml.MoMLSimpleApplication@75bf6cf0
----------------- Done invoking toplevel() on ptolemy.moml.MoMLSimpleApplication@75bf6cf0
reloadAllAccessors: .RampFiringLimitSDF

===========================================================================================
----------------- testing Tue Sep 17 05:49:31 UTC 2019 /home/travis/build/icyphy/ptII/ptolemy/actor/lib/test/auto/RandomInteger.xml
----------------- Instantiating /home/travis/build/icyphy/ptII/ptolemy/actor/lib/test/auto/RandomInteger.xml
2 ms. Memory: 510976K Free: 337360K (66%)
----------------- Invoking toplevel() on ptolemy.moml.MoMLSimpleApplication@c33b2f3
----------------- Done invoking toplevel() on ptolemy.moml.MoMLSimpleApplication@c33b2f3
reloadAllAccessors: .RandomInteger

===========================================================================================
----------------- testing Tue Sep 17 05:49:31 UTC 2019 /home/travis/build/icyphy/ptII/ptolemy/actor/lib/test/auto/ReadFile1.xml
----------------- Instantiating /home/travis/build/icyphy/ptII/ptolemy/actor/lib/test/auto/ReadFile1.xml
2 ms. Memory: 510976K Free: 332754K (65%)
----------------- Invoking toplevel() on ptolemy.moml.MoMLSimpleApplication@34e39349
----------------- Done invoking toplevel() on ptolemy.moml.MoMLSimpleApplication@34e39349
reloadAllAccessors: .ReadFile1

===========================================================================================
----------------- testing Tue Sep 17 05:49:31 UTC 2019 /home/travis/build/icyphy/ptII/ptolemy/actor/lib/test/auto/ReadFile2.xml
----------------- Instantiating /home/travis/build/icyphy/ptII/ptolemy/actor/lib/test/auto/ReadFile2.xml
1 ms. Memory: 510976K Free: 328658K (64%)
----------------- Invoking toplevel() on ptolemy.moml.MoMLSimpleApplication@481b4da0
----------------- Done invoking toplevel() on ptolemy.moml.MoMLSimpleApplication@481b4da0
reloadAllAccessors: .ReadFile2

===========================================================================================
----------------- testing Tue Sep 17 05:49:31 UTC 2019 /home/travis/build/icyphy/ptII/ptolemy/actor/lib/test/auto/Reader.xml
----------------- Instantiating /home/travis/build/icyphy/ptII/ptolemy/actor/lib/test/auto/Reader.xml
actor.lib.Reader is obsolete, use actor.lib.io.ExpressionReader instead
4 ms. Memory: 510976K Free: 324048K (63%)
----------------- Invoking toplevel() on ptolemy.moml.MoMLSimpleApplication@3a31f537
----------------- Done invoking toplevel() on ptolemy.moml.MoMLSimpleApplication@3a31f537
reloadAllAccessors: .Reader

===========================================================================================
----------------- testing Tue Sep 17 05:49:31 UTC 2019 /home/travis/build/icyphy/ptII/ptolemy/actor/lib/test/auto/RecordAssemblerDisplayNameTest.xml
----------------- Instantiating /home/travis/build/icyphy/ptII/ptolemy/actor/lib/test/auto/RecordAssemblerDisplayNameTest.xml
3587 ms. Memory: 510976K Free: 315133K (62%)
----------------- Invoking toplevel() on ptolemy.moml.MoMLSimpleApplication@7a60fd42
----------------- Done invoking toplevel() on ptolemy.moml.MoMLSimpleApplication@7a60fd42
reloadAllAccessors: .RecordAssemblerDisplayNameTest

===========================================================================================
----------------- testing Tue Sep 17 05:49:35 UTC 2019 /home/travis/build/icyphy/ptII/ptolemy/actor/lib/test/auto/RecordAssemblerTypeError.xml
----------------- Instantiating /home/travis/build/icyphy/ptII/ptolemy/actor/lib/test/auto/RecordAssemblerTypeError.xml
5 ms. Memory: 510976K Free: 305407K (60%)
----------------- Invoking toplevel() on ptolemy.moml.MoMLSimpleApplication@54a17a76
----------------- Done invoking toplevel() on ptolemy.moml.MoMLSimpleApplication@54a17a76
reloadAllAccessors: .RecordAssemblerTypeError

===========================================================================================
----------------- testing Tue Sep 17 05:49:35 UTC 2019 /home/travis/build/icyphy/ptII/ptolemy/actor/lib/test/auto/RecordDisassember.xml
----------------- Instantiating /home/travis/build/icyphy/ptII/ptolemy/actor/lib/test/auto/RecordDisassember.xml
3 ms. Memory: 510976K Free: 300767K (59%)
----------------- Invoking toplevel() on ptolemy.moml.MoMLSimpleApplication@320a2fc6
----------------- Done invoking toplevel() on ptolemy.moml.MoMLSimpleApplication@320a2fc6
reloadAllAccessors: .RecordDisassember

===========================================================================================
----------------- testing Tue Sep 17 05:49:35 UTC 2019 /home/travis/build/icyphy/ptII/ptolemy/actor/lib/test/auto/RecordDisassemberDisplayNameTest.xml
----------------- Instantiating /home/travis/build/icyphy/ptII/ptolemy/actor/lib/test/auto/RecordDisassemberDisplayNameTest.xml
5 ms. Memory: 510976K Free: 293119K (57%)
----------------- Invoking toplevel() on ptolemy.moml.MoMLSimpleApplication@7310baaa
----------------- Done invoking toplevel() on ptolemy.moml.MoMLSimpleApplication@7310baaa
reloadAllAccessors: .RecordDisassemberDisplayNameTest

===========================================================================================
----------------- testing Tue Sep 17 05:49:35 UTC 2019 /home/travis/build/icyphy/ptII/ptolemy/actor/lib/test/auto/RecordDisassembler.xml
----------------- Instantiating /home/travis/build/icyphy/ptII/ptolemy/actor/lib/test/auto/RecordDisassembler.xml
2 ms. Memory: 510976K Free: 287999K (56%)
----------------- Invoking toplevel() on ptolemy.moml.MoMLSimpleApplication@5d5254b3
----------------- Done invoking toplevel() on ptolemy.moml.MoMLSimpleApplication@5d5254b3
reloadAllAccessors: .RecordDisassembler

===========================================================================================
----------------- testing Tue Sep 17 05:49:35 UTC 2019 /home/travis/build/icyphy/ptII/ptolemy/actor/lib/test/auto/RecordDisassembler2.xml
----------------- Instantiating /home/travis/build/icyphy/ptII/ptolemy/actor/lib/test/auto/RecordDisassembler2.xml
3 ms. Memory: 510976K Free: 282879K (55%)
----------------- Invoking toplevel() on ptolemy.moml.MoMLSimpleApplication@6f2cda86
----------------- Done invoking toplevel() on ptolemy.moml.MoMLSimpleApplication@6f2cda86
reloadAllAccessors: .RecordDisassembler2

===========================================================================================
----------------- testing Tue Sep 17 05:49:35 UTC 2019 /home/travis/build/icyphy/ptII/ptolemy/actor/lib/test/auto/RecordUpdater.xml
----------------- Instantiating /home/travis/build/icyphy/ptII/ptolemy/actor/lib/test/auto/RecordUpdater.xml
2 ms. Memory: 510976K Free: 277759K (54%)
----------------- Invoking toplevel() on ptolemy.moml.MoMLSimpleApplication@7357f5dd
----------------- Done invoking toplevel() on ptolemy.moml.MoMLSimpleApplication@7357f5dd
reloadAllAccessors: .RecordUpdater

===========================================================================================
----------------- testing Tue Sep 17 05:49:35 UTC 2019 /home/travis/build/icyphy/ptII/ptolemy/actor/lib/test/auto/RecordUpdater2.xml
----------------- Instantiating /home/travis/build/icyphy/ptII/ptolemy/actor/lib/test/auto/RecordUpdater2.xml
2 ms. Memory: 510976K Free: 273149K (53%)
----------------- Invoking toplevel() on ptolemy.moml.MoMLSimpleApplication@6632d8f8
----------------- Done invoking toplevel() on ptolemy.moml.MoMLSimpleApplication@6632d8f8
reloadAllAccessors: .RecordUpdater2

===========================================================================================
----------------- testing Tue Sep 17 05:49:35 UTC 2019 /home/travis/build/icyphy/ptII/ptolemy/actor/lib/test/auto/RecursiveLattice.xml
----------------- Instantiating /home/travis/build/icyphy/ptII/ptolemy/actor/lib/test/auto/RecursiveLattice.xml
1 ms. Memory: 510976K Free: 269053K (53%)
----------------- Invoking toplevel() on ptolemy.moml.MoMLSimpleApplication@77cd2654
----------------- Done invoking toplevel() on ptolemy.moml.MoMLSimpleApplication@77cd2654
reloadAllAccessors: .RecursiveLattice

===========================================================================================
----------------- testing Tue Sep 17 05:49:35 UTC 2019 /home/travis/build/icyphy/ptII/ptolemy/actor/lib/test/auto/Router.xml
----------------- Instantiating /home/travis/build/icyphy/ptII/ptolemy/actor/lib/test/auto/Router.xml
3005 ms. Memory: 510976K Free: 257789K (50%)
----------------- Invoking toplevel() on ptolemy.moml.MoMLSimpleApplication@57abe1fe
----------------- Done invoking toplevel() on ptolemy.moml.MoMLSimpleApplication@57abe1fe
reloadAllAccessors: .Router

===========================================================================================
----------------- testing Tue Sep 17 05:49:38 UTC 2019 /home/travis/build/icyphy/ptII/ptolemy/actor/lib/test/auto/Router2.xml
----------------- Instantiating /home/travis/build/icyphy/ptII/ptolemy/actor/lib/test/auto/Router2.xml
3005 ms. Memory: 510976K Free: 247549K (48%)
----------------- Invoking toplevel() on ptolemy.moml.MoMLSimpleApplication@79bae172
----------------- Done invoking toplevel() on ptolemy.moml.MoMLSimpleApplication@79bae172
reloadAllAccessors: .Router2

===========================================================================================
----------------- testing Tue Sep 17 05:49:41 UTC 2019 /home/travis/build/icyphy/ptII/ptolemy/actor/lib/test/auto/RunningMaximum.xml
----------------- Instantiating /home/travis/build/icyphy/ptII/ptolemy/actor/lib/test/auto/RunningMaximum.xml
2 ms. Memory: 510976K Free: 242943K (48%)
----------------- Invoking toplevel() on ptolemy.moml.MoMLSimpleApplication@570c8ece
----------------- Done invoking toplevel() on ptolemy.moml.MoMLSimpleApplication@570c8ece
reloadAllAccessors: .RunningMaximum

===========================================================================================
----------------- testing Tue Sep 17 05:49:41 UTC 2019 /home/travis/build/icyphy/ptII/ptolemy/actor/lib/test/auto/RunningMinimum.xml
----------------- Instantiating /home/travis/build/icyphy/ptII/ptolemy/actor/lib/test/auto/RunningMinimum.xml
10 ms. Memory: 510976K Free: 237823K (47%)
----------------- Invoking toplevel() on ptolemy.moml.MoMLSimpleApplication@41f5eacd
----------------- Done invoking toplevel() on ptolemy.moml.MoMLSimpleApplication@41f5eacd
reloadAllAccessors: .RunningMinimum

===========================================================================================
----------------- testing Tue Sep 17 05:49:41 UTC 2019 /home/travis/build/icyphy/ptII/ptolemy/actor/lib/test/auto/Scale.xml
----------------- Instantiating /home/travis/build/icyphy/ptII/ptolemy/actor/lib/test/auto/Scale.xml
1 ms. Memory: 510976K Free: 233213K (46%)
----------------- Invoking toplevel() on ptolemy.moml.MoMLSimpleApplication@32d97b9a
----------------- Done invoking toplevel() on ptolemy.moml.MoMLSimpleApplication@32d97b9a
reloadAllAccessors: .Scale

===========================================================================================
----------------- testing Tue Sep 17 05:49:41 UTC 2019 /home/travis/build/icyphy/ptII/ptolemy/actor/lib/test/auto/Scale2.xml
----------------- Instantiating /home/travis/build/icyphy/ptII/ptolemy/actor/lib/test/auto/Scale2.xml
2 ms. Memory: 510976K Free: 228607K (45%)
----------------- Invoking toplevel() on ptolemy.moml.MoMLSimpleApplication@21449a3e
----------------- Done invoking toplevel() on ptolemy.moml.MoMLSimpleApplication@21449a3e
reloadAllAccessors: .Scale2

===========================================================================================
----------------- testing Tue Sep 17 05:49:41 UTC 2019 /home/travis/build/icyphy/ptII/ptolemy/actor/lib/test/auto/Scale3.xml
----------------- Instantiating /home/travis/build/icyphy/ptII/ptolemy/actor/lib/test/auto/Scale3.xml
3 ms. Memory: 510976K Free: 221949K (43%)
----------------- Invoking toplevel() on ptolemy.moml.MoMLSimpleApplication@14b15ff0
----------------- Done invoking toplevel() on ptolemy.moml.MoMLSimpleApplication@14b15ff0
reloadAllAccessors: .Scale3

===========================================================================================
----------------- testing Tue Sep 17 05:49:41 UTC 2019 /home/travis/build/icyphy/ptII/ptolemy/actor/lib/test/auto/ScaleArray.xml
----------------- Instantiating /home/travis/build/icyphy/ptII/ptolemy/actor/lib/test/auto/ScaleArray.xml
1 ms. Memory: 510976K Free: 217343K (43%)
----------------- Invoking toplevel() on ptolemy.moml.MoMLSimpleApplication@23eafd04
----------------- Done invoking toplevel() on ptolemy.moml.MoMLSimpleApplication@23eafd04
reloadAllAccessors: .ScaleArray

===========================================================================================
----------------- testing Tue Sep 17 05:49:41 UTC 2019 /home/travis/build/icyphy/ptII/ptolemy/actor/lib/test/auto/ScaleArray2.xml
----------------- Instantiating /home/travis/build/icyphy/ptII/ptolemy/actor/lib/test/auto/ScaleArray2.xml
1 ms. Memory: 510976K Free: 212733K (42%)
----------------- Invoking toplevel() on ptolemy.moml.MoMLSimpleApplication@68f1c91
----------------- Done invoking toplevel() on ptolemy.moml.MoMLSimpleApplication@68f1c91
reloadAllAccessors: .ScaleArray2

===========================================================================================
----------------- testing Tue Sep 17 05:49:41 UTC 2019 /home/travis/build/icyphy/ptII/ptolemy/actor/lib/test/auto/ScaleMatrix.xml
----------------- Instantiating /home/travis/build/icyphy/ptII/ptolemy/actor/lib/test/auto/ScaleMatrix.xml
126 ms. Memory: 510976K Free: 198397K (39%)
----------------- Invoking toplevel() on ptolemy.moml.MoMLSimpleApplication@6287ac93
----------------- Done invoking toplevel() on ptolemy.moml.MoMLSimpleApplication@6287ac93
reloadAllAccessors: .ScaleMatrix

===========================================================================================
----------------- testing Tue Sep 17 05:49:41 UTC 2019 /home/travis/build/icyphy/ptII/ptolemy/actor/lib/test/auto/Select.xml
----------------- Instantiating /home/travis/build/icyphy/ptII/ptolemy/actor/lib/test/auto/Select.xml
2 ms. Memory: 510976K Free: 192223K (38%)
----------------- Invoking toplevel() on ptolemy.moml.MoMLSimpleApplication@63355b55
----------------- Done invoking toplevel() on ptolemy.moml.MoMLSimpleApplication@63355b55
reloadAllAccessors: .Select

===========================================================================================
----------------- testing Tue Sep 17 05:49:41 UTC 2019 /home/travis/build/icyphy/ptII/ptolemy/actor/lib/test/auto/Select2.xml
----------------- Instantiating /home/travis/build/icyphy/ptII/ptolemy/actor/lib/test/auto/Select2.xml
1 ms. Memory: 510976K Free: 187647K (37%)
----------------- Invoking toplevel() on ptolemy.moml.MoMLSimpleApplication@225e672c
----------------- Done invoking toplevel() on ptolemy.moml.MoMLSimpleApplication@225e672c
reloadAllAccessors: .Select2

===========================================================================================
----------------- testing Tue Sep 17 05:49:41 UTC 2019 /home/travis/build/icyphy/ptII/ptolemy/actor/lib/test/auto/SequenceToArray2.xml
----------------- Instantiating /home/travis/build/icyphy/ptII/ptolemy/actor/lib/test/auto/SequenceToArray2.xml
87 ms. Memory: 510976K Free: 163567K (32%)
----------------- Invoking toplevel() on ptolemy.moml.MoMLSimpleApplication@3374f117
----------------- Done invoking toplevel() on ptolemy.moml.MoMLSimpleApplication@3374f117
reloadAllAccessors: .SequenceToArray2

===========================================================================================
----------------- testing Tue Sep 17 05:49:42 UTC 2019 /home/travis/build/icyphy/ptII/ptolemy/actor/lib/test/auto/SequentialClock.xml
----------------- Instantiating /home/travis/build/icyphy/ptII/ptolemy/actor/lib/test/auto/SequentialClock.xml
1 ms. Memory: 510976K Free: 460811K (90%)
----------------- Invoking toplevel() on ptolemy.moml.MoMLSimpleApplication@149d7968
----------------- Done invoking toplevel() on ptolemy.moml.MoMLSimpleApplication@149d7968
reloadAllAccessors: .SequentialClock

===========================================================================================
----------------- testing Tue Sep 17 05:49:42 UTC 2019 /home/travis/build/icyphy/ptII/ptolemy/actor/lib/test/auto/SetVariable.xml
----------------- Instantiating /home/travis/build/icyphy/ptII/ptolemy/actor/lib/test/auto/SetVariable.xml
3 ms. Memory: 510976K Free: 455705K (89%)
----------------- Invoking toplevel() on ptolemy.moml.MoMLSimpleApplication@1a677c2f
----------------- Done invoking toplevel() on ptolemy.moml.MoMLSimpleApplication@1a677c2f
reloadAllAccessors: .SetVariable

===========================================================================================
----------------- testing Tue Sep 17 05:49:42 UTC 2019 /home/travis/build/icyphy/ptII/ptolemy/actor/lib/test/auto/SetVariable2.xml
----------------- Instantiating /home/travis/build/icyphy/ptII/ptolemy/actor/lib/test/auto/SetVariable2.xml
4 ms. Memory: 510976K Free: 450585K (88%)
----------------- Invoking toplevel() on ptolemy.moml.MoMLSimpleApplication@2e55cd3f
----------------- Done invoking toplevel() on ptolemy.moml.MoMLSimpleApplication@2e55cd3f
reloadAllAccessors: .SetVariable2

===========================================================================================
----------------- testing Tue Sep 17 05:49:42 UTC 2019 /home/travis/build/icyphy/ptII/ptolemy/actor/lib/test/auto/SetVariable3.xml
----------------- Instantiating /home/travis/build/icyphy/ptII/ptolemy/actor/lib/test/auto/SetVariable3.xml
9 ms. Memory: 510976K Free: 445465K (87%)
----------------- Invoking toplevel() on ptolemy.moml.MoMLSimpleApplication@1703b891
----------------- Done invoking toplevel() on ptolemy.moml.MoMLSimpleApplication@1703b891
reloadAllAccessors: .SetVariable3

===========================================================================================
----------------- testing Tue Sep 17 05:49:42 UTC 2019 /home/travis/build/icyphy/ptII/ptolemy/actor/lib/test/auto/SetVariable4.xml
----------------- Instantiating /home/travis/build/icyphy/ptII/ptolemy/actor/lib/test/auto/SetVariable4.xml
18 ms. Memory: 510976K Free: 435737K (85%)
----------------- Invoking toplevel() on ptolemy.moml.MoMLSimpleApplication@67051ddc
----------------- Done invoking toplevel() on ptolemy.moml.MoMLSimpleApplication@67051ddc
reloadAllAccessors: .SetVariable4

===========================================================================================
----------------- testing Tue Sep 17 05:49:42 UTC 2019 /home/travis/build/icyphy/ptII/ptolemy/actor/lib/test/auto/SetVariable5.xml
----------------- Instantiating /home/travis/build/icyphy/ptII/ptolemy/actor/lib/test/auto/SetVariable5.xml
20 ms. Memory: 510976K Free: 426523K (83%)
----------------- Invoking toplevel() on ptolemy.moml.MoMLSimpleApplication@545b5af
----------------- Done invoking toplevel() on ptolemy.moml.MoMLSimpleApplication@545b5af
reloadAllAccessors: .SetVariable5

===========================================================================================
----------------- testing Tue Sep 17 05:49:42 UTC 2019 /home/travis/build/icyphy/ptII/ptolemy/actor/lib/test/auto/Sinewave.xml
----------------- Instantiating /home/travis/build/icyphy/ptII/ptolemy/actor/lib/test/auto/Sinewave.xml
5 ms. Memory: 510976K Free: 416283K (81%)
----------------- Invoking toplevel() on ptolemy.moml.MoMLSimpleApplication@59e3bc1b
----------------- Done invoking toplevel() on ptolemy.moml.MoMLSimpleApplication@59e3bc1b
reloadAllAccessors: .Sinewave

===========================================================================================
----------------- testing Tue Sep 17 05:49:42 UTC 2019 /home/travis/build/icyphy/ptII/ptolemy/actor/lib/test/auto/Sinewave2.xml
----------------- Instantiating /home/travis/build/icyphy/ptII/ptolemy/actor/lib/test/auto/Sinewave2.xml
5 ms. Memory: 510976K Free: 408091K (80%)
----------------- Invoking toplevel() on ptolemy.moml.MoMLSimpleApplication@15eae947
----------------- Done invoking toplevel() on ptolemy.moml.MoMLSimpleApplication@15eae947
reloadAllAccessors: .Sinewave2

===========================================================================================
----------------- testing Tue Sep 17 05:49:42 UTC 2019 /home/travis/build/icyphy/ptII/ptolemy/actor/lib/test/auto/Sinewave3.xml
----------------- Instantiating /home/travis/build/icyphy/ptII/ptolemy/actor/lib/test/auto/Sinewave3.xml
8 ms. Memory: 510976K Free: 399899K (78%)
----------------- Invoking toplevel() on ptolemy.moml.MoMLSimpleApplication@493ab615
----------------- Done invoking toplevel() on ptolemy.moml.MoMLSimpleApplication@493ab615
reloadAllAccessors: .Sinewave3

===========================================================================================
----------------- testing Tue Sep 17 05:49:42 UTC 2019 /home/travis/build/icyphy/ptII/ptolemy/actor/lib/test/auto/SingleEvent.xml
----------------- Instantiating /home/travis/build/icyphy/ptII/ptolemy/actor/lib/test/auto/SingleEvent.xml
1 ms. Memory: 510976K Free: 395803K (77%)
----------------- Invoking toplevel() on ptolemy.moml.MoMLSimpleApplication@23246dc8
----------------- Done invoking toplevel() on ptolemy.moml.MoMLSimpleApplication@23246dc8
reloadAllAccessors: .SingleEvent

===========================================================================================
----------------- testing Tue Sep 17 05:49:42 UTC 2019 /home/travis/build/icyphy/ptII/ptolemy/actor/lib/test/auto/Sleep.xml
----------------- Instantiating /home/travis/build/icyphy/ptII/ptolemy/actor/lib/test/auto/Sleep.xml
6003 ms. Memory: 510976K Free: 390169K (76%)
----------------- Invoking toplevel() on ptolemy.moml.MoMLSimpleApplication@1a1f806c
----------------- Done invoking toplevel() on ptolemy.moml.MoMLSimpleApplication@1a1f806c
reloadAllAccessors: .Sleep

===========================================================================================
----------------- testing Tue Sep 17 05:49:48 UTC 2019 /home/travis/build/icyphy/ptII/ptolemy/actor/lib/test/auto/SleepMultipleFire.xml
----------------- Instantiating /home/travis/build/icyphy/ptII/ptolemy/actor/lib/test/auto/SleepMultipleFire.xml
1006 ms. Memory: 510976K Free: 384025K (75%)
----------------- Invoking toplevel() on ptolemy.moml.MoMLSimpleApplication@482b986d
----------------- Done invoking toplevel() on ptolemy.moml.MoMLSimpleApplication@482b986d
reloadAllAccessors: .SleepMultipleFire

===========================================================================================
----------------- testing Tue Sep 17 05:49:49 UTC 2019 /home/travis/build/icyphy/ptII/ptolemy/actor/lib/test/auto/StopDE.xml
----------------- Instantiating /home/travis/build/icyphy/ptII/ptolemy/actor/lib/test/auto/StopDE.xml
7 ms. Memory: 510976K Free: 378395K (74%)
----------------- Invoking toplevel() on ptolemy.moml.MoMLSimpleApplication@76c869e7
----------------- Done invoking toplevel() on ptolemy.moml.MoMLSimpleApplication@76c869e7
reloadAllAccessors: .StopDE

===========================================================================================
----------------- testing Tue Sep 17 05:49:49 UTC 2019 /home/travis/build/icyphy/ptII/ptolemy/actor/lib/test/auto/StopSDF.xml
----------------- Instantiating /home/travis/build/icyphy/ptII/ptolemy/actor/lib/test/auto/StopSDF.xml
4 ms. Memory: 510976K Free: 373275K (73%)
----------------- Invoking toplevel() on ptolemy.moml.MoMLSimpleApplication@47d2ed2c
----------------- Done invoking toplevel() on ptolemy.moml.MoMLSimpleApplication@47d2ed2c
reloadAllAccessors: .StopSDF

===========================================================================================
----------------- testing Tue Sep 17 05:49:49 UTC 2019 /home/travis/build/icyphy/ptII/ptolemy/actor/lib/test/auto/StringConstant.xml
----------------- Instantiating /home/travis/build/icyphy/ptII/ptolemy/actor/lib/test/auto/StringConstant.xml
11 ms. Memory: 510976K Free: 369179K (72%)
----------------- Invoking toplevel() on ptolemy.moml.MoMLSimpleApplication@7457176b
----------------- Done invoking toplevel() on ptolemy.moml.MoMLSimpleApplication@7457176b
reloadAllAccessors: .StringConstant

===========================================================================================
----------------- testing Tue Sep 17 05:49:49 UTC 2019 /home/travis/build/icyphy/ptII/ptolemy/actor/lib/test/auto/SubscriberPortInitialValues1.xml
----------------- Instantiating /home/travis/build/icyphy/ptII/ptolemy/actor/lib/test/auto/SubscriberPortInitialValues1.xml
7 ms. Memory: 510976K Free: 359449K (70%)
----------------- Invoking toplevel() on ptolemy.moml.MoMLSimpleApplication@4585f9e4
----------------- Done invoking toplevel() on ptolemy.moml.MoMLSimpleApplication@4585f9e4
reloadAllAccessors: .SubscriberPortInitialValues1

===========================================================================================
----------------- testing Tue Sep 17 05:49:49 UTC 2019 /home/travis/build/icyphy/ptII/ptolemy/actor/lib/test/auto/SubscriberPortInitialValues13.xml
----------------- Instantiating /home/travis/build/icyphy/ptII/ptolemy/actor/lib/test/auto/SubscriberPortInitialValues13.xml
17 ms. Memory: 510976K Free: 346137K (68%)
----------------- Invoking toplevel() on ptolemy.moml.MoMLSimpleApplication@4979603e
----------------- Done invoking toplevel() on ptolemy.moml.MoMLSimpleApplication@4979603e
reloadAllAccessors: .SubscriberPortInitialValues13

===========================================================================================
----------------- testing Tue Sep 17 05:49:49 UTC 2019 /home/travis/build/icyphy/ptII/ptolemy/actor/lib/test/auto/SubscriberPortInitialValues14.xml
----------------- Instantiating /home/travis/build/icyphy/ptII/ptolemy/actor/lib/test/auto/SubscriberPortInitialValues14.xml
7 ms. Memory: 510976K Free: 338459K (66%)
----------------- Invoking toplevel() on ptolemy.moml.MoMLSimpleApplication@589fbeed
----------------- Done invoking toplevel() on ptolemy.moml.MoMLSimpleApplication@589fbeed
reloadAllAccessors: .SubscriberPortInitialValues14

===========================================================================================
----------------- testing Tue Sep 17 05:49:49 UTC 2019 /home/travis/build/icyphy/ptII/ptolemy/actor/lib/test/auto/SubscriberPortInitialValues2.xml
----------------- Instantiating /home/travis/build/icyphy/ptII/ptolemy/actor/lib/test/auto/SubscriberPortInitialValues2.xml
6 ms. Memory: 510976K Free: 330777K (65%)
----------------- Invoking toplevel() on ptolemy.moml.MoMLSimpleApplication@420a6206
----------------- Done invoking toplevel() on ptolemy.moml.MoMLSimpleApplication@420a6206
reloadAllAccessors: .SubscriberPortInitialValues2

===========================================================================================
----------------- testing Tue Sep 17 05:49:49 UTC 2019 /home/travis/build/icyphy/ptII/ptolemy/actor/lib/test/auto/SubscriberPortInitialValues3.xml
----------------- Instantiating /home/travis/build/icyphy/ptII/ptolemy/actor/lib/test/auto/SubscriberPortInitialValues3.xml
5 ms. Memory: 510976K Free: 320027K (63%)
----------------- Invoking toplevel() on ptolemy.moml.MoMLSimpleApplication@3a23e5d9
----------------- Done invoking toplevel() on ptolemy.moml.MoMLSimpleApplication@3a23e5d9
reloadAllAccessors: .SubscriberPortInitialValues3

===========================================================================================
----------------- testing Tue Sep 17 05:49:49 UTC 2019 /home/travis/build/icyphy/ptII/ptolemy/actor/lib/test/auto/SubscriptionAggregator.xml
----------------- Instantiating /home/travis/build/icyphy/ptII/ptolemy/actor/lib/test/auto/SubscriptionAggregator.xml
3 ms. Memory: 510976K Free: 312859K (61%)
----------------- Invoking toplevel() on ptolemy.moml.MoMLSimpleApplication@6fe26f6a
----------------- Done invoking toplevel() on ptolemy.moml.MoMLSimpleApplication@6fe26f6a
reloadAllAccessors: .SubscriptionAggregator

===========================================================================================
----------------- testing Tue Sep 17 05:49:49 UTC 2019 /home/travis/build/icyphy/ptII/ptolemy/actor/lib/test/auto/SubscriptionAggregator2.xml
----------------- Instantiating /home/travis/build/icyphy/ptII/ptolemy/actor/lib/test/auto/SubscriptionAggregator2.xml
3 ms. Memory: 510976K Free: 305691K (60%)
----------------- Invoking toplevel() on ptolemy.moml.MoMLSimpleApplication@426703d4
----------------- Done invoking toplevel() on ptolemy.moml.MoMLSimpleApplication@426703d4
reloadAllAccessors: .SubscriptionAggregator2

===========================================================================================
----------------- testing Tue Sep 17 05:49:49 UTC 2019 /home/travis/build/icyphy/ptII/ptolemy/actor/lib/test/auto/SubscriptionAggregator3.xml
----------------- Instantiating /home/travis/build/icyphy/ptII/ptolemy/actor/lib/test/auto/SubscriptionAggregator3.xml
4 ms. Memory: 510976K Free: 296979K (58%)
----------------- Invoking toplevel() on ptolemy.moml.MoMLSimpleApplication@591746c8
----------------- Done invoking toplevel() on ptolemy.moml.MoMLSimpleApplication@591746c8
reloadAllAccessors: .SubscriptionAggregator3

===========================================================================================
----------------- testing Tue Sep 17 05:49:49 UTC 2019 /home/travis/build/icyphy/ptII/ptolemy/actor/lib/test/auto/SubscriptionAggregatorMultiply.xml
----------------- Instantiating /home/travis/build/icyphy/ptII/ptolemy/actor/lib/test/auto/SubscriptionAggregatorMultiply.xml
17 ms. Memory: 510976K Free: 288787K (57%)
----------------- Invoking toplevel() on ptolemy.moml.MoMLSimpleApplication@46defc39
----------------- Done invoking toplevel() on ptolemy.moml.MoMLSimpleApplication@46defc39
reloadAllAccessors: .SubscriptionAggregatorMultiply

===========================================================================================
----------------- testing Tue Sep 17 05:49:49 UTC 2019 /home/travis/build/icyphy/ptII/ptolemy/actor/lib/test/auto/SubscriptionAggregatorPortMultiply1.xml
----------------- Instantiating /home/travis/build/icyphy/ptII/ptolemy/actor/lib/test/auto/SubscriptionAggregatorPortMultiply1.xml
4 ms. Memory: 510976K Free: 281115K (55%)
----------------- Invoking toplevel() on ptolemy.moml.MoMLSimpleApplication@3a1bc9ac
----------------- Done invoking toplevel() on ptolemy.moml.MoMLSimpleApplication@3a1bc9ac
reloadAllAccessors: .SubscriptionAggregatorPortMultiply1

===========================================================================================
----------------- testing Tue Sep 17 05:49:49 UTC 2019 /home/travis/build/icyphy/ptII/ptolemy/actor/lib/test/auto/Switch.xml
----------------- Instantiating /home/travis/build/icyphy/ptII/ptolemy/actor/lib/test/auto/Switch.xml
11 ms. Memory: 510976K Free: 272923K (53%)
----------------- Invoking toplevel() on ptolemy.moml.MoMLSimpleApplication@2e2e78e9
----------------- Done invoking toplevel() on ptolemy.moml.MoMLSimpleApplication@2e2e78e9
reloadAllAccessors: .Switch

===========================================================================================
----------------- testing Tue Sep 17 05:49:49 UTC 2019 /home/travis/build/icyphy/ptII/ptolemy/actor/lib/test/auto/Switch2.xml
----------------- Instantiating /home/travis/build/icyphy/ptII/ptolemy/actor/lib/test/auto/Switch2.xml
1 ms. Memory: 510976K Free: 268313K (53%)
----------------- Invoking toplevel() on ptolemy.moml.MoMLSimpleApplication@6377ab27
----------------- Done invoking toplevel() on ptolemy.moml.MoMLSimpleApplication@6377ab27
reloadAllAccessors: .Switch2

===========================================================================================
----------------- testing Tue Sep 17 05:49:49 UTC 2019 /home/travis/build/icyphy/ptII/ptolemy/actor/lib/test/auto/SwitchDE.xml
----------------- Instantiating /home/travis/build/icyphy/ptII/ptolemy/actor/lib/test/auto/SwitchDE.xml
4 ms. Memory: 510976K Free: 262139K (51%)
----------------- Invoking toplevel() on ptolemy.moml.MoMLSimpleApplication@43586f4a
----------------- Done invoking toplevel() on ptolemy.moml.MoMLSimpleApplication@43586f4a
reloadAllAccessors: .SwitchDE

===========================================================================================
----------------- testing Tue Sep 17 05:49:49 UTC 2019 /home/travis/build/icyphy/ptII/ptolemy/actor/lib/test/auto/SynchronizerDE.xml
----------------- Instantiating /home/travis/build/icyphy/ptII/ptolemy/actor/lib/test/auto/SynchronizerDE.xml
9 ms. Memory: 510976K Free: 253971K (50%)
----------------- Invoking toplevel() on ptolemy.moml.MoMLSimpleApplication@7b001b3e
----------------- Done invoking toplevel() on ptolemy.moml.MoMLSimpleApplication@7b001b3e
reloadAllAccessors: .SynchronizerDE

===========================================================================================
----------------- testing Tue Sep 17 05:49:49 UTC 2019 /home/travis/build/icyphy/ptII/ptolemy/actor/lib/test/auto/Test.xml
----------------- Instantiating /home/travis/build/icyphy/ptII/ptolemy/actor/lib/test/auto/Test.xml
9 ms. Memory: 510976K Free: 248827K (49%)
----------------- Invoking toplevel() on ptolemy.moml.MoMLSimpleApplication@17e8cd99
----------------- Done invoking toplevel() on ptolemy.moml.MoMLSimpleApplication@17e8cd99
reloadAllAccessors: .Test

===========================================================================================
----------------- testing Tue Sep 17 05:49:49 UTC 2019 /home/travis/build/icyphy/ptII/ptolemy/actor/lib/test/auto/TestExceptionAttribute1.xml
----------------- Instantiating /home/travis/build/icyphy/ptII/ptolemy/actor/lib/test/auto/TestExceptionAttribute1.xml
1 ms. Memory: 510976K Free: 245275K (48%)
----------------- Invoking toplevel() on ptolemy.moml.MoMLSimpleApplication@7cd5f15a
----------------- Done invoking toplevel() on ptolemy.moml.MoMLSimpleApplication@7cd5f15a
reloadAllAccessors: .TestExceptionAttribute1

===========================================================================================
----------------- testing Tue Sep 17 05:49:49 UTC 2019 /home/travis/build/icyphy/ptII/ptolemy/actor/lib/test/auto/TestExceptionAttribute2.xml
----------------- Instantiating /home/travis/build/icyphy/ptII/ptolemy/actor/lib/test/auto/TestExceptionAttribute2.xml
2 ms. Memory: 510976K Free: 241689K (47%)
----------------- Invoking toplevel() on ptolemy.moml.MoMLSimpleApplication@445c25e6
----------------- Done invoking toplevel() on ptolemy.moml.MoMLSimpleApplication@445c25e6
reloadAllAccessors: .TestExceptionAttribute2

===========================================================================================
----------------- testing Tue Sep 17 05:49:49 UTC 2019 /home/travis/build/icyphy/ptII/ptolemy/actor/lib/test/auto/TestExceptionAttribute3.xml
----------------- Instantiating /home/travis/build/icyphy/ptII/ptolemy/actor/lib/test/auto/TestExceptionAttribute3.xml
.TestExceptionAttribute3.TestExceptionAttribute: initialize() was not invoked, but wrapup() was.  This is unusual, but not always a problem.  For example, exporting JNLP will do this.
1 ms. Memory: 510976K Free: 237593K (46%)
----------------- Invoking toplevel() on ptolemy.moml.MoMLSimpleApplication@1b130556
----------------- Done invoking toplevel() on ptolemy.moml.MoMLSimpleApplication@1b130556
reloadAllAccessors: .TestExceptionAttribute3

===========================================================================================
----------------- testing Tue Sep 17 05:49:49 UTC 2019 /home/travis/build/icyphy/ptII/ptolemy/actor/lib/test/auto/TestExceptionAttribute4.xml
----------------- Instantiating /home/travis/build/icyphy/ptII/ptolemy/actor/lib/test/auto/TestExceptionAttribute4.xml
.TestExceptionAttribute4.TestExceptionAttribute: initialize() was not invoked, but wrapup() was.  This is unusual, but not always a problem.  For example, exporting JNLP will do this.
.TestExceptionAttribute4.TestExceptionAttribute2: initialize() was not invoked, but wrapup() was.  This is unusual, but not always a problem.  For example, exporting JNLP will do this.
1 ms. Memory: 510976K Free: 233497K (46%)
----------------- Invoking toplevel() on ptolemy.moml.MoMLSimpleApplication@7e66e0d3
----------------- Done invoking toplevel() on ptolemy.moml.MoMLSimpleApplication@7e66e0d3
reloadAllAccessors: .TestExceptionAttribute4

===========================================================================================
----------------- testing Tue Sep 17 05:49:49 UTC 2019 /home/travis/build/icyphy/ptII/ptolemy/actor/lib/test/auto/TestExceptionHandler1.xml
----------------- Instantiating /home/travis/build/icyphy/ptII/ptolemy/actor/lib/test/auto/TestExceptionHandler1.xml
1 ms. Memory: 510976K Free: 229915K (45%)
----------------- Invoking toplevel() on ptolemy.moml.MoMLSimpleApplication@2b3050ff
----------------- Done invoking toplevel() on ptolemy.moml.MoMLSimpleApplication@2b3050ff
reloadAllAccessors: .TestExceptionHandler1

===========================================================================================
----------------- testing Tue Sep 17 05:49:49 UTC 2019 /home/travis/build/icyphy/ptII/ptolemy/actor/lib/test/auto/TestExceptionHandler2.xml
----------------- Instantiating /home/travis/build/icyphy/ptII/ptolemy/actor/lib/test/auto/TestExceptionHandler2.xml
1 ms. Memory: 510976K Free: 226329K (44%)
----------------- Invoking toplevel() on ptolemy.moml.MoMLSimpleApplication@5c5d5280
----------------- Done invoking toplevel() on ptolemy.moml.MoMLSimpleApplication@5c5d5280
reloadAllAccessors: .TestExceptionHandler2

===========================================================================================
----------------- testing Tue Sep 17 05:49:49 UTC 2019 /home/travis/build/icyphy/ptII/ptolemy/actor/lib/test/auto/TestExceptionHandler3.xml
----------------- Instantiating /home/travis/build/icyphy/ptII/ptolemy/actor/lib/test/auto/TestExceptionHandler3.xml
1 ms. Memory: 510976K Free: 222747K (44%)
----------------- Invoking toplevel() on ptolemy.moml.MoMLSimpleApplication@f652dd8
----------------- Done invoking toplevel() on ptolemy.moml.MoMLSimpleApplication@f652dd8
reloadAllAccessors: .TestExceptionHandler3

===========================================================================================
----------------- testing Tue Sep 17 05:49:49 UTC 2019 /home/travis/build/icyphy/ptII/ptolemy/actor/lib/test/auto/TestExceptionHandler4.xml
----------------- Instantiating /home/travis/build/icyphy/ptII/ptolemy/actor/lib/test/auto/TestExceptionHandler4.xml
1 ms. Memory: 510976K Free: 218651K (43%)
----------------- Invoking toplevel() on ptolemy.moml.MoMLSimpleApplication@64e4225a
----------------- Done invoking toplevel() on ptolemy.moml.MoMLSimpleApplication@64e4225a
reloadAllAccessors: .TestExceptionHandler4

===========================================================================================
----------------- testing Tue Sep 17 05:49:49 UTC 2019 /home/travis/build/icyphy/ptII/ptolemy/actor/lib/test/auto/TestRequireCorrectOrder.xml
----------------- Instantiating /home/travis/build/icyphy/ptII/ptolemy/actor/lib/test/auto/TestRequireCorrectOrder.xml
8 ms. Memory: 510976K Free: 213531K (42%)
----------------- Invoking toplevel() on ptolemy.moml.MoMLSimpleApplication@1536afab
----------------- Done invoking toplevel() on ptolemy.moml.MoMLSimpleApplication@1536afab
reloadAllAccessors: .TestRequireCorrectOrder

===========================================================================================
----------------- testing Tue Sep 17 05:49:50 UTC 2019 /home/travis/build/icyphy/ptII/ptolemy/actor/lib/test/auto/TestSimple.xml
----------------- Instantiating /home/travis/build/icyphy/ptII/ptolemy/actor/lib/test/auto/TestSimple.xml
2 ms. Memory: 510976K Free: 208915K (41%)
----------------- Invoking toplevel() on ptolemy.moml.MoMLSimpleApplication@42f13141
----------------- Done invoking toplevel() on ptolemy.moml.MoMLSimpleApplication@42f13141
reloadAllAccessors: .TestSimple

===========================================================================================
----------------- testing Tue Sep 17 05:49:50 UTC 2019 /home/travis/build/icyphy/ptII/ptolemy/actor/lib/test/auto/ThrowModelError.xml
----------------- Instantiating /home/travis/build/icyphy/ptII/ptolemy/actor/lib/test/auto/ThrowModelError.xml
1 ms. Memory: 510976K Free: 204315K (40%)
----------------- Invoking toplevel() on ptolemy.moml.MoMLSimpleApplication@19fb351f
----------------- Done invoking toplevel() on ptolemy.moml.MoMLSimpleApplication@19fb351f
reloadAllAccessors: .ThrowModelError

===========================================================================================
----------------- testing Tue Sep 17 05:49:50 UTC 2019 /home/travis/build/icyphy/ptII/ptolemy/actor/lib/test/auto/TimeDelayMicrosteps.xml
----------------- Instantiating /home/travis/build/icyphy/ptII/ptolemy/actor/lib/test/auto/TimeDelayMicrosteps.xml
5 ms. Memory: 510976K Free: 197627K (39%)
----------------- Invoking toplevel() on ptolemy.moml.MoMLSimpleApplication@33defa4b
----------------- Done invoking toplevel() on ptolemy.moml.MoMLSimpleApplication@33defa4b
reloadAllAccessors: .TimeDelayMicrosteps

===========================================================================================
----------------- testing Tue Sep 17 05:49:50 UTC 2019 /home/travis/build/icyphy/ptII/ptolemy/actor/lib/test/auto/TimeDelayMicrosteps2.xml
----------------- Instantiating /home/travis/build/icyphy/ptII/ptolemy/actor/lib/test/auto/TimeDelayMicrosteps2.xml
3 ms. Memory: 510976K Free: 189979K (37%)
----------------- Invoking toplevel() on ptolemy.moml.MoMLSimpleApplication@60916975
----------------- Done invoking toplevel() on ptolemy.moml.MoMLSimpleApplication@60916975
reloadAllAccessors: .TimeDelayMicrosteps2

===========================================================================================
----------------- testing Tue Sep 17 05:49:50 UTC 2019 /home/travis/build/icyphy/ptII/ptolemy/actor/lib/test/auto/TimeDelayMicrosteps3.xml
----------------- Instantiating /home/travis/build/icyphy/ptII/ptolemy/actor/lib/test/auto/TimeDelayMicrosteps3.xml
3 ms. Memory: 510976K Free: 183291K (36%)
----------------- Invoking toplevel() on ptolemy.moml.MoMLSimpleApplication@2c0a6aca
----------------- Done invoking toplevel() on ptolemy.moml.MoMLSimpleApplication@2c0a6aca
reloadAllAccessors: .TimeDelayMicrosteps3

===========================================================================================
----------------- testing Tue Sep 17 05:49:50 UTC 2019 /home/travis/build/icyphy/ptII/ptolemy/actor/lib/test/auto/TimeDelayVariableMicrosteps.xml
----------------- Instantiating /home/travis/build/icyphy/ptII/ptolemy/actor/lib/test/auto/TimeDelayVariableMicrosteps.xml
3 ms. Memory: 510976K Free: 176667K (35%)
----------------- Invoking toplevel() on ptolemy.moml.MoMLSimpleApplication@362c4c08
----------------- Done invoking toplevel() on ptolemy.moml.MoMLSimpleApplication@362c4c08
reloadAllAccessors: .TimeDelayVariableMicrosteps

===========================================================================================
----------------- testing Tue Sep 17 05:49:50 UTC 2019 /home/travis/build/icyphy/ptII/ptolemy/actor/lib/test/auto/TimeGap.xml
----------------- Instantiating /home/travis/build/icyphy/ptII/ptolemy/actor/lib/test/auto/TimeGap.xml
4 ms. Memory: 510976K Free: 171547K (34%)
----------------- Invoking toplevel() on ptolemy.moml.MoMLSimpleApplication@1c0c8c48
----------------- Done invoking toplevel() on ptolemy.moml.MoMLSimpleApplication@1c0c8c48
reloadAllAccessors: .TimeGap

===========================================================================================
----------------- testing Tue Sep 17 05:49:50 UTC 2019 /home/travis/build/icyphy/ptII/ptolemy/actor/lib/test/auto/TimeGap2.xml
----------------- Instantiating /home/travis/build/icyphy/ptII/ptolemy/actor/lib/test/auto/TimeGap2.xml
2 ms. Memory: 510976K Free: 165883K (32%)
----------------- Invoking toplevel() on ptolemy.moml.MoMLSimpleApplication@270a6c0b
----------------- Done invoking toplevel() on ptolemy.moml.MoMLSimpleApplication@270a6c0b
reloadAllAccessors: .TimeGap2

===========================================================================================
----------------- testing Tue Sep 17 05:49:50 UTC 2019 /home/travis/build/icyphy/ptII/ptolemy/actor/lib/test/auto/TimedSinewave.xml
----------------- Instantiating /home/travis/build/icyphy/ptII/ptolemy/actor/lib/test/auto/TimedSinewave.xml
32 ms. Memory: 510976K Free: 454588K (89%)
----------------- Invoking toplevel() on ptolemy.moml.MoMLSimpleApplication@56b55568
----------------- Done invoking toplevel() on ptolemy.moml.MoMLSimpleApplication@56b55568
reloadAllAccessors: .TimedSinewave

===========================================================================================
----------------- testing Tue Sep 17 05:49:50 UTC 2019 /home/travis/build/icyphy/ptII/ptolemy/actor/lib/test/auto/TimedSinewavePhase.xml
----------------- Instantiating /home/travis/build/icyphy/ptII/ptolemy/actor/lib/test/auto/TimedSinewavePhase.xml
10 ms. Memory: 510976K Free: 444348K (87%)
----------------- Invoking toplevel() on ptolemy.moml.MoMLSimpleApplication@7259fd7d
----------------- Done invoking toplevel() on ptolemy.moml.MoMLSimpleApplication@7259fd7d
reloadAllAccessors: .TimedSinewavePhase

===========================================================================================
----------------- testing Tue Sep 17 05:49:50 UTC 2019 /home/travis/build/icyphy/ptII/ptolemy/actor/lib/test/auto/Timer.xml
----------------- Instantiating /home/travis/build/icyphy/ptII/ptolemy/actor/lib/test/auto/Timer.xml
2 ms. Memory: 510976K Free: 438708K (86%)
----------------- Invoking toplevel() on ptolemy.moml.MoMLSimpleApplication@26166126
----------------- Done invoking toplevel() on ptolemy.moml.MoMLSimpleApplication@26166126
reloadAllAccessors: .Timer

===========================================================================================
----------------- testing Tue Sep 17 05:49:50 UTC 2019 /home/travis/build/icyphy/ptII/ptolemy/actor/lib/test/auto/TriangularDistTestModel.xml
----------------- Instantiating /home/travis/build/icyphy/ptII/ptolemy/actor/lib/test/auto/TriangularDistTestModel.xml
2 ms. Memory: 510976K Free: 433084K (85%)
----------------- Invoking toplevel() on ptolemy.moml.MoMLSimpleApplication@2c20d9bb
----------------- Done invoking toplevel() on ptolemy.moml.MoMLSimpleApplication@2c20d9bb
reloadAllAccessors: .TriangularDistTestModel

===========================================================================================
----------------- testing Tue Sep 17 05:49:50 UTC 2019 /home/travis/build/icyphy/ptII/ptolemy/actor/lib/test/auto/TrigFunction.xml
----------------- Instantiating /home/travis/build/icyphy/ptII/ptolemy/actor/lib/test/auto/TrigFunction.xml
2 ms. Memory: 510976K Free: 428474K (84%)
----------------- Invoking toplevel() on ptolemy.moml.MoMLSimpleApplication@101f30a0
----------------- Done invoking toplevel() on ptolemy.moml.MoMLSimpleApplication@101f30a0
reloadAllAccessors: .TrigFunction

===========================================================================================
----------------- testing Tue Sep 17 05:49:50 UTC 2019 /home/travis/build/icyphy/ptII/ptolemy/actor/lib/test/auto/TrigFunctionDE.xml
----------------- Instantiating /home/travis/build/icyphy/ptII/ptolemy/actor/lib/test/auto/TrigFunctionDE.xml
2 ms. Memory: 510976K Free: 422844K (83%)
----------------- Invoking toplevel() on ptolemy.moml.MoMLSimpleApplication@2f9991c3
----------------- Done invoking toplevel() on ptolemy.moml.MoMLSimpleApplication@2f9991c3
reloadAllAccessors: .TrigFunctionDE

===========================================================================================
----------------- testing Tue Sep 17 05:49:50 UTC 2019 /home/travis/build/icyphy/ptII/ptolemy/actor/lib/test/auto/TrigFunctionInverse.xml
----------------- Instantiating /home/travis/build/icyphy/ptII/ptolemy/actor/lib/test/auto/TrigFunctionInverse.xml
4 ms. Memory: 510976K Free: 417724K (82%)
----------------- Invoking toplevel() on ptolemy.moml.MoMLSimpleApplication@fcacfaa
----------------- Done invoking toplevel() on ptolemy.moml.MoMLSimpleApplication@fcacfaa
reloadAllAccessors: .TrigFunctionInverse

===========================================================================================
----------------- testing Tue Sep 17 05:49:50 UTC 2019 /home/travis/build/icyphy/ptII/ptolemy/actor/lib/test/auto/TrigFunctionTan.xml
----------------- Instantiating /home/travis/build/icyphy/ptII/ptolemy/actor/lib/test/auto/TrigFunctionTan.xml
1 ms. Memory: 510976K Free: 413114K (81%)
----------------- Invoking toplevel() on ptolemy.moml.MoMLSimpleApplication@14ce0ccd
----------------- Done invoking toplevel() on ptolemy.moml.MoMLSimpleApplication@14ce0ccd
reloadAllAccessors: .TrigFunctionTan

===========================================================================================
----------------- testing Tue Sep 17 05:49:50 UTC 2019 /home/travis/build/icyphy/ptII/ptolemy/actor/lib/test/auto/TriggeredClock.xml
----------------- Instantiating /home/travis/build/icyphy/ptII/ptolemy/actor/lib/test/auto/TriggeredClock.xml
2 ms. Memory: 510976K Free: 407980K (80%)
----------------- Invoking toplevel() on ptolemy.moml.MoMLSimpleApplication@692d1fcf
----------------- Done invoking toplevel() on ptolemy.moml.MoMLSimpleApplication@692d1fcf
reloadAllAccessors: .TriggeredClock

===========================================================================================
----------------- testing Tue Sep 17 05:49:50 UTC 2019 /home/travis/build/icyphy/ptII/ptolemy/actor/lib/test/auto/URLDirectoryReader.xml
----------------- Instantiating /home/travis/build/icyphy/ptII/ptolemy/actor/lib/test/auto/URLDirectoryReader.xml
51 ms. Memory: 510976K Free: 398268K (78%)
----------------- Invoking toplevel() on ptolemy.moml.MoMLSimpleApplication@54b36055
----------------- Done invoking toplevel() on ptolemy.moml.MoMLSimpleApplication@54b36055
reloadAllAccessors: .URLDirectoryReader

===========================================================================================
----------------- testing Tue Sep 17 05:49:50 UTC 2019 /home/travis/build/icyphy/ptII/ptolemy/actor/lib/test/auto/URLDirectoryReader3.xml
----------------- Instantiating /home/travis/build/icyphy/ptII/ptolemy/actor/lib/test/auto/URLDirectoryReader3.xml
1183 ms. Memory: 510976K Free: 452291K (89%)
----------------- Invoking toplevel() on ptolemy.moml.MoMLSimpleApplication@3bd853f4
----------------- Done invoking toplevel() on ptolemy.moml.MoMLSimpleApplication@3bd853f4
reloadAllAccessors: .URLDirectoryReader3

===========================================================================================
----------------- testing Tue Sep 17 05:49:51 UTC 2019 /home/travis/build/icyphy/ptII/ptolemy/actor/lib/test/auto/UnaryMathFunction.xml
----------------- Instantiating /home/travis/build/icyphy/ptII/ptolemy/actor/lib/test/auto/UnaryMathFunction.xml
3 ms. Memory: 510976K Free: 444096K (87%)
----------------- Invoking toplevel() on ptolemy.moml.MoMLSimpleApplication@5f439646
----------------- Done invoking toplevel() on ptolemy.moml.MoMLSimpleApplication@5f439646
reloadAllAccessors: .UnaryMathFunction

===========================================================================================
----------------- testing Tue Sep 17 05:49:51 UTC 2019 /home/travis/build/icyphy/ptII/ptolemy/actor/lib/test/auto/Uniform.xml
----------------- Instantiating /home/travis/build/icyphy/ptII/ptolemy/actor/lib/test/auto/Uniform.xml
6 ms. Memory: 510976K Free: 439490K (86%)
----------------- Invoking toplevel() on ptolemy.moml.MoMLSimpleApplication@76cbbf00
----------------- Done invoking toplevel() on ptolemy.moml.MoMLSimpleApplication@76cbbf00
reloadAllAccessors: .Uniform

===========================================================================================
----------------- testing Tue Sep 17 05:49:52 UTC 2019 /home/travis/build/icyphy/ptII/ptolemy/actor/lib/test/auto/UnionDisassemblerTest.xml
----------------- Instantiating /home/travis/build/icyphy/ptII/ptolemy/actor/lib/test/auto/UnionDisassemblerTest.xml
17 ms. Memory: 510976K Free: 435890K (85%)
----------------- Invoking toplevel() on ptolemy.moml.MoMLSimpleApplication@6ef55383
----------------- Done invoking toplevel() on ptolemy.moml.MoMLSimpleApplication@6ef55383
reloadAllAccessors: .UnionDisassemblerTest

===========================================================================================
----------------- testing Tue Sep 17 05:49:52 UTC 2019 /home/travis/build/icyphy/ptII/ptolemy/actor/lib/test/auto/UtilityFunctions.xml
----------------- Instantiating /home/travis/build/icyphy/ptII/ptolemy/actor/lib/test/auto/UtilityFunctions.xml
1 ms. Memory: 510976K Free: 431808K (85%)
----------------- Invoking toplevel() on ptolemy.moml.MoMLSimpleApplication@174002d1
----------------- Done invoking toplevel() on ptolemy.moml.MoMLSimpleApplication@174002d1
reloadAllAccessors: .UtilityFunctions

===========================================================================================
----------------- testing Tue Sep 17 05:49:52 UTC 2019 /home/travis/build/icyphy/ptII/ptolemy/actor/lib/test/auto/VariableSleep.xml
----------------- Instantiating /home/travis/build/icyphy/ptII/ptolemy/actor/lib/test/auto/VariableSleep.xml
503 ms. Memory: 510976K Free: 426688K (84%)
----------------- Invoking toplevel() on ptolemy.moml.MoMLSimpleApplication@5c39dfd3
----------------- Done invoking toplevel() on ptolemy.moml.MoMLSimpleApplication@5c39dfd3
reloadAllAccessors: .VariableSleep

===========================================================================================
----------------- testing Tue Sep 17 05:49:52 UTC 2019 /home/travis/build/icyphy/ptII/ptolemy/actor/lib/test/auto/VectorAssemblerDisassemblerCT.xml
----------------- Instantiating /home/travis/build/icyphy/ptII/ptolemy/actor/lib/test/auto/VectorAssemblerDisassemblerCT.xml
85 ms. Memory: 510976K Free: 406208K (79%)
----------------- Invoking toplevel() on ptolemy.moml.MoMLSimpleApplication@79362a07
----------------- Done invoking toplevel() on ptolemy.moml.MoMLSimpleApplication@79362a07
reloadAllAccessors: .VectorAssemblerDisassemblerCT

===========================================================================================
----------------- testing Tue Sep 17 05:49:52 UTC 2019 /home/travis/build/icyphy/ptII/ptolemy/actor/lib/test/auto/VectorAssemblerDisassemblerDE.xml
----------------- Instantiating /home/travis/build/icyphy/ptII/ptolemy/actor/lib/test/auto/VectorAssemblerDisassemblerDE.xml
16 ms. Memory: 510976K Free: 399040K (78%)
----------------- Invoking toplevel() on ptolemy.moml.MoMLSimpleApplication@1f67c114
----------------- Done invoking toplevel() on ptolemy.moml.MoMLSimpleApplication@1f67c114
reloadAllAccessors: .VectorAssemblerDisassemblerDE

===========================================================================================
----------------- testing Tue Sep 17 05:49:52 UTC 2019 /home/travis/build/icyphy/ptII/ptolemy/actor/lib/test/auto/VectorAssemblerDisassemblerSDF.xml
----------------- Instantiating /home/travis/build/icyphy/ptII/ptolemy/actor/lib/test/auto/VectorAssemblerDisassemblerSDF.xml
3 ms. Memory: 510976K Free: 392386K (77%)
----------------- Invoking toplevel() on ptolemy.moml.MoMLSimpleApplication@4b0bdd55
----------------- Done invoking toplevel() on ptolemy.moml.MoMLSimpleApplication@4b0bdd55
reloadAllAccessors: .VectorAssemblerDisassemblerSDF

===========================================================================================
----------------- testing Tue Sep 17 05:49:52 UTC 2019 /home/travis/build/icyphy/ptII/ptolemy/actor/lib/test/auto/WallClockTime.xml
----------------- Instantiating /home/travis/build/icyphy/ptII/ptolemy/actor/lib/test/auto/WallClockTime.xml
1006 ms. Memory: 510976K Free: 387266K (76%)
----------------- Invoking toplevel() on ptolemy.moml.MoMLSimpleApplication@cd5e4f9
----------------- Done invoking toplevel() on ptolemy.moml.MoMLSimpleApplication@cd5e4f9
reloadAllAccessors: .WallClockTime

===========================================================================================
----------------- testing Tue Sep 17 05:49:53 UTC 2019 /home/travis/build/icyphy/ptII/ptolemy/actor/lib/test/auto/WidthTestWithSubscriberPublisher.xml
----------------- Instantiating /home/travis/build/icyphy/ptII/ptolemy/actor/lib/test/auto/WidthTestWithSubscriberPublisher.xml
6 ms. Memory: 510976K Free: 369344K (72%)
----------------- Invoking toplevel() on ptolemy.moml.MoMLSimpleApplication@6e84f439
----------------- Done invoking toplevel() on ptolemy.moml.MoMLSimpleApplication@6e84f439
reloadAllAccessors: .WidthTestWithSubscriberPublisher

===========================================================================================
----------------- testing Tue Sep 17 05:49:53 UTC 2019 /home/travis/build/icyphy/ptII/ptolemy/actor/lib/test/auto/WidthTestWithSubscriberPublisher2.xml
----------------- Instantiating /home/travis/build/icyphy/ptII/ptolemy/actor/lib/test/auto/WidthTestWithSubscriberPublisher2.xml
2 ms. Memory: 510976K Free: 362690K (71%)
----------------- Invoking toplevel() on ptolemy.moml.MoMLSimpleApplication@43b89a6
----------------- Done invoking toplevel() on ptolemy.moml.MoMLSimpleApplication@43b89a6
reloadAllAccessors: .WidthTestWithSubscriberPublisher2

===========================================================================================
----------------- testing Tue Sep 17 05:49:53 UTC 2019 /home/travis/build/icyphy/ptII/ptolemy/actor/lib/test/auto/WidthTestWithSubscriberPublisher3.xml
----------------- Instantiating /home/travis/build/icyphy/ptII/ptolemy/actor/lib/test/auto/WidthTestWithSubscriberPublisher3.xml
2 ms. Memory: 510976K Free: 357056K (70%)
----------------- Invoking toplevel() on ptolemy.moml.MoMLSimpleApplication@4d3f1736
----------------- Done invoking toplevel() on ptolemy.moml.MoMLSimpleApplication@4d3f1736
reloadAllAccessors: .WidthTestWithSubscriberPublisher3

===========================================================================================
----------------- testing Tue Sep 17 05:49:53 UTC 2019 /home/travis/build/icyphy/ptII/ptolemy/actor/lib/test/auto/Writer.xml
----------------- Instantiating /home/travis/build/icyphy/ptII/ptolemy/actor/lib/test/auto/Writer.xml
0
1
2
3
4
2 ms. Memory: 510976K Free: 352930K (69%)
----------------- Invoking toplevel() on ptolemy.moml.MoMLSimpleApplication@1c1f4fca
----------------- Done invoking toplevel() on ptolemy.moml.MoMLSimpleApplication@1c1f4fca
reloadAllAccessors: .Writer

===========================================================================================
----------------- testing Tue Sep 17 05:49:53 UTC 2019 /home/travis/build/icyphy/ptII/ptolemy/actor/lib/test/auto/array.xml
----------------- Instantiating /home/travis/build/icyphy/ptII/ptolemy/actor/lib/test/auto/array.xml
2 ms. Memory: 510976K Free: 348354K (68%)
----------------- Invoking toplevel() on ptolemy.moml.MoMLSimpleApplication@672f6b51
----------------- Done invoking toplevel() on ptolemy.moml.MoMLSimpleApplication@672f6b51
reloadAllAccessors: .array

===========================================================================================
----------------- testing Tue Sep 17 05:49:53 UTC 2019 /home/travis/build/icyphy/ptII/ptolemy/actor/lib/test/auto/array2.xml
----------------- Instantiating /home/travis/build/icyphy/ptII/ptolemy/actor/lib/test/auto/array2.xml
5 ms. Memory: 510976K Free: 343730K (67%)
----------------- Invoking toplevel() on ptolemy.moml.MoMLSimpleApplication@75d420bf
----------------- Done invoking toplevel() on ptolemy.moml.MoMLSimpleApplication@75d420bf
reloadAllAccessors: .array2

===========================================================================================
----------------- testing Tue Sep 17 05:49:53 UTC 2019 /home/travis/build/icyphy/ptII/ptolemy/actor/lib/test/auto/arrayType.xml
----------------- Instantiating /home/travis/build/icyphy/ptII/ptolemy/actor/lib/test/auto/arrayType.xml
2 ms. Memory: 510976K Free: 337600K (66%)
----------------- Invoking toplevel() on ptolemy.moml.MoMLSimpleApplication@6070bebe
----------------- Done invoking toplevel() on ptolemy.moml.MoMLSimpleApplication@6070bebe
reloadAllAccessors: .arrayType

===========================================================================================
----------------- testing Tue Sep 17 05:49:53 UTC 2019 /home/travis/build/icyphy/ptII/ptolemy/actor/lib/test/auto/arrayType10.xml
----------------- Instantiating /home/travis/build/icyphy/ptII/ptolemy/actor/lib/test/auto/arrayType10.xml
2 ms. Memory: 510976K Free: 332994K (65%)
----------------- Invoking toplevel() on ptolemy.moml.MoMLSimpleApplication@51eac9c9
----------------- Done invoking toplevel() on ptolemy.moml.MoMLSimpleApplication@51eac9c9
reloadAllAccessors: .arrayType10

===========================================================================================
----------------- testing Tue Sep 17 05:49:53 UTC 2019 /home/travis/build/icyphy/ptII/ptolemy/actor/lib/test/auto/arrayType11.xml
----------------- Instantiating /home/travis/build/icyphy/ptII/ptolemy/actor/lib/test/auto/arrayType11.xml
1 ms. Memory: 510976K Free: 328384K (64%)
----------------- Invoking toplevel() on ptolemy.moml.MoMLSimpleApplication@eb88d71
----------------- Done invoking toplevel() on ptolemy.moml.MoMLSimpleApplication@eb88d71
reloadAllAccessors: .arrayType11

===========================================================================================
----------------- testing Tue Sep 17 05:49:53 UTC 2019 /home/travis/build/icyphy/ptII/ptolemy/actor/lib/test/auto/arrayType12.xml
----------------- Instantiating /home/travis/build/icyphy/ptII/ptolemy/actor/lib/test/auto/arrayType12.xml
1 ms. Memory: 510976K Free: 323778K (63%)
----------------- Invoking toplevel() on ptolemy.moml.MoMLSimpleApplication@6c70e7b1
----------------- Done invoking toplevel() on ptolemy.moml.MoMLSimpleApplication@6c70e7b1
reloadAllAccessors: .arrayType12

===========================================================================================
----------------- testing Tue Sep 17 05:49:53 UTC 2019 /home/travis/build/icyphy/ptII/ptolemy/actor/lib/test/auto/arrayType13.xml
----------------- Instantiating /home/travis/build/icyphy/ptII/ptolemy/actor/lib/test/auto/arrayType13.xml
1 ms. Memory: 510976K Free: 318658K (62%)
----------------- Invoking toplevel() on ptolemy.moml.MoMLSimpleApplication@5e4db58d
----------------- Done invoking toplevel() on ptolemy.moml.MoMLSimpleApplication@5e4db58d
reloadAllAccessors: .arrayType13

===========================================================================================
----------------- testing Tue Sep 17 05:49:53 UTC 2019 /home/travis/build/icyphy/ptII/ptolemy/actor/lib/test/auto/arrayType14.xml
----------------- Instantiating /home/travis/build/icyphy/ptII/ptolemy/actor/lib/test/auto/arrayType14.xml
2 ms. Memory: 510976K Free: 313024K (61%)
----------------- Invoking toplevel() on ptolemy.moml.MoMLSimpleApplication@8ab7fd2
----------------- Done invoking toplevel() on ptolemy.moml.MoMLSimpleApplication@8ab7fd2
reloadAllAccessors: .arrayType14

===========================================================================================
----------------- testing Tue Sep 17 05:49:53 UTC 2019 /home/travis/build/icyphy/ptII/ptolemy/actor/lib/test/auto/arrayType15.xml
----------------- Instantiating /home/travis/build/icyphy/ptII/ptolemy/actor/lib/test/auto/arrayType15.xml
2 ms. Memory: 510976K Free: 307904K (60%)
----------------- Invoking toplevel() on ptolemy.moml.MoMLSimpleApplication@54852cf6
----------------- Done invoking toplevel() on ptolemy.moml.MoMLSimpleApplication@54852cf6
reloadAllAccessors: .arrayType15

===========================================================================================
----------------- testing Tue Sep 17 05:49:54 UTC 2019 /home/travis/build/icyphy/ptII/ptolemy/actor/lib/test/auto/arrayType16.xml
----------------- Instantiating /home/travis/build/icyphy/ptII/ptolemy/actor/lib/test/auto/arrayType16.xml
1 ms. Memory: 510976K Free: 302784K (59%)
----------------- Invoking toplevel() on ptolemy.moml.MoMLSimpleApplication@3aea7944
----------------- Done invoking toplevel() on ptolemy.moml.MoMLSimpleApplication@3aea7944
reloadAllAccessors: .arrayType16

===========================================================================================
----------------- testing Tue Sep 17 05:49:54 UTC 2019 /home/travis/build/icyphy/ptII/ptolemy/actor/lib/test/auto/arrayType17.xml
----------------- Instantiating /home/travis/build/icyphy/ptII/ptolemy/actor/lib/test/auto/arrayType17.xml
2 ms. Memory: 510976K Free: 297664K (58%)
----------------- Invoking toplevel() on ptolemy.moml.MoMLSimpleApplication@45c8b8a6
----------------- Done invoking toplevel() on ptolemy.moml.MoMLSimpleApplication@45c8b8a6
reloadAllAccessors: .arrayType17

===========================================================================================
----------------- testing Tue Sep 17 05:49:54 UTC 2019 /home/travis/build/icyphy/ptII/ptolemy/actor/lib/test/auto/arrayType18.xml
----------------- Instantiating /home/travis/build/icyphy/ptII/ptolemy/actor/lib/test/auto/arrayType18.xml
1 ms. Memory: 510976K Free: 292544K (57%)
----------------- Invoking toplevel() on ptolemy.moml.MoMLSimpleApplication@4161b41a
----------------- Done invoking toplevel() on ptolemy.moml.MoMLSimpleApplication@4161b41a
reloadAllAccessors: .arrayType18

===========================================================================================
----------------- testing Tue Sep 17 05:49:54 UTC 2019 /home/travis/build/icyphy/ptII/ptolemy/actor/lib/test/auto/arrayType19.xml
----------------- Instantiating /home/travis/build/icyphy/ptII/ptolemy/actor/lib/test/auto/arrayType19.xml
1 ms. Memory: 510976K Free: 287938K (56%)
----------------- Invoking toplevel() on ptolemy.moml.MoMLSimpleApplication@4eada9f1
----------------- Done invoking toplevel() on ptolemy.moml.MoMLSimpleApplication@4eada9f1
reloadAllAccessors: .arrayType19

===========================================================================================
----------------- testing Tue Sep 17 05:49:54 UTC 2019 /home/travis/build/icyphy/ptII/ptolemy/actor/lib/test/auto/arrayType2.xml
----------------- Instantiating /home/travis/build/icyphy/ptII/ptolemy/actor/lib/test/auto/arrayType2.xml
1 ms. Memory: 510976K Free: 282818K (55%)
----------------- Invoking toplevel() on ptolemy.moml.MoMLSimpleApplication@699d91b5
----------------- Done invoking toplevel() on ptolemy.moml.MoMLSimpleApplication@699d91b5
reloadAllAccessors: .arrayType2

===========================================================================================
----------------- testing Tue Sep 17 05:49:54 UTC 2019 /home/travis/build/icyphy/ptII/ptolemy/actor/lib/test/auto/arrayType20.xml
----------------- Instantiating /home/travis/build/icyphy/ptII/ptolemy/actor/lib/test/auto/arrayType20.xml
1 ms. Memory: 510976K Free: 278208K (54%)
----------------- Invoking toplevel() on ptolemy.moml.MoMLSimpleApplication@610d3026
----------------- Done invoking toplevel() on ptolemy.moml.MoMLSimpleApplication@610d3026
reloadAllAccessors: .arrayType20

===========================================================================================
----------------- testing Tue Sep 17 05:49:54 UTC 2019 /home/travis/build/icyphy/ptII/ptolemy/actor/lib/test/auto/arrayType21.xml
----------------- Instantiating /home/travis/build/icyphy/ptII/ptolemy/actor/lib/test/auto/arrayType21.xml
1 ms. Memory: 510976K Free: 273088K (53%)
----------------- Invoking toplevel() on ptolemy.moml.MoMLSimpleApplication@52303e93
----------------- Done invoking toplevel() on ptolemy.moml.MoMLSimpleApplication@52303e93
reloadAllAccessors: .arrayType21

===========================================================================================
----------------- testing Tue Sep 17 05:49:54 UTC 2019 /home/travis/build/icyphy/ptII/ptolemy/actor/lib/test/auto/arrayType22.xml
----------------- Instantiating /home/travis/build/icyphy/ptII/ptolemy/actor/lib/test/auto/arrayType22.xml
1 ms. Memory: 510976K Free: 268482K (53%)
----------------- Invoking toplevel() on ptolemy.moml.MoMLSimpleApplication@36bb8a08
----------------- Done invoking toplevel() on ptolemy.moml.MoMLSimpleApplication@36bb8a08
reloadAllAccessors: .arrayType22

===========================================================================================
----------------- testing Tue Sep 17 05:49:54 UTC 2019 /home/travis/build/icyphy/ptII/ptolemy/actor/lib/test/auto/arrayType23.xml
----------------- Instantiating /home/travis/build/icyphy/ptII/ptolemy/actor/lib/test/auto/arrayType23.xml
1 ms. Memory: 510976K Free: 263872K (52%)
----------------- Invoking toplevel() on ptolemy.moml.MoMLSimpleApplication@7000a596
----------------- Done invoking toplevel() on ptolemy.moml.MoMLSimpleApplication@7000a596
reloadAllAccessors: .arrayType23

===========================================================================================
----------------- testing Tue Sep 17 05:49:54 UTC 2019 /home/travis/build/icyphy/ptII/ptolemy/actor/lib/test/auto/arrayType24.xml
----------------- Instantiating /home/travis/build/icyphy/ptII/ptolemy/actor/lib/test/auto/arrayType24.xml
1 ms. Memory: 510976K Free: 259266K (51%)
----------------- Invoking toplevel() on ptolemy.moml.MoMLSimpleApplication@1dc0de4c
----------------- Done invoking toplevel() on ptolemy.moml.MoMLSimpleApplication@1dc0de4c
reloadAllAccessors: .arrayType24

===========================================================================================
----------------- testing Tue Sep 17 05:49:54 UTC 2019 /home/travis/build/icyphy/ptII/ptolemy/actor/lib/test/auto/arrayType25.xml
----------------- Instantiating /home/travis/build/icyphy/ptII/ptolemy/actor/lib/test/auto/arrayType25.xml
1 ms. Memory: 510976K Free: 253632K (50%)
----------------- Invoking toplevel() on ptolemy.moml.MoMLSimpleApplication@73fcaf08
----------------- Done invoking toplevel() on ptolemy.moml.MoMLSimpleApplication@73fcaf08
reloadAllAccessors: .arrayType25

===========================================================================================
----------------- testing Tue Sep 17 05:49:54 UTC 2019 /home/travis/build/icyphy/ptII/ptolemy/actor/lib/test/auto/arrayType26.xml
----------------- Instantiating /home/travis/build/icyphy/ptII/ptolemy/actor/lib/test/auto/arrayType26.xml
1 ms. Memory: 510976K Free: 248512K (49%)
----------------- Invoking toplevel() on ptolemy.moml.MoMLSimpleApplication@12082da0
----------------- Done invoking toplevel() on ptolemy.moml.MoMLSimpleApplication@12082da0
reloadAllAccessors: .arrayType26

===========================================================================================
----------------- testing Tue Sep 17 05:49:54 UTC 2019 /home/travis/build/icyphy/ptII/ptolemy/actor/lib/test/auto/arrayType27.xml
----------------- Instantiating /home/travis/build/icyphy/ptII/ptolemy/actor/lib/test/auto/arrayType27.xml
1 ms. Memory: 510976K Free: 243392K (48%)
----------------- Invoking toplevel() on ptolemy.moml.MoMLSimpleApplication@45c4857
----------------- Done invoking toplevel() on ptolemy.moml.MoMLSimpleApplication@45c4857
reloadAllAccessors: .arrayType27

===========================================================================================
----------------- testing Tue Sep 17 05:49:54 UTC 2019 /home/travis/build/icyphy/ptII/ptolemy/actor/lib/test/auto/arrayType28.xml
----------------- Instantiating /home/travis/build/icyphy/ptII/ptolemy/actor/lib/test/auto/arrayType28.xml
2 ms. Memory: 510976K Free: 238272K (47%)
----------------- Invoking toplevel() on ptolemy.moml.MoMLSimpleApplication@49396cdf
----------------- Done invoking toplevel() on ptolemy.moml.MoMLSimpleApplication@49396cdf
reloadAllAccessors: .arrayType28

===========================================================================================
----------------- testing Tue Sep 17 05:49:54 UTC 2019 /home/travis/build/icyphy/ptII/ptolemy/actor/lib/test/auto/arrayType3.xml
----------------- Instantiating /home/travis/build/icyphy/ptII/ptolemy/actor/lib/test/auto/arrayType3.xml
1 ms. Memory: 510976K Free: 232642K (46%)
----------------- Invoking toplevel() on ptolemy.moml.MoMLSimpleApplication@724ad146
----------------- Done invoking toplevel() on ptolemy.moml.MoMLSimpleApplication@724ad146
reloadAllAccessors: .arrayType3

===========================================================================================
----------------- testing Tue Sep 17 05:49:54 UTC 2019 /home/travis/build/icyphy/ptII/ptolemy/actor/lib/test/auto/arrayType4.xml
----------------- Instantiating /home/travis/build/icyphy/ptII/ptolemy/actor/lib/test/auto/arrayType4.xml
1 ms. Memory: 510976K Free: 227522K (45%)
----------------- Invoking toplevel() on ptolemy.moml.MoMLSimpleApplication@67f9c45f
----------------- Done invoking toplevel() on ptolemy.moml.MoMLSimpleApplication@67f9c45f
reloadAllAccessors: .arrayType4

===========================================================================================
----------------- testing Tue Sep 17 05:49:54 UTC 2019 /home/travis/build/icyphy/ptII/ptolemy/actor/lib/test/auto/arrayType5.xml
----------------- Instantiating /home/travis/build/icyphy/ptII/ptolemy/actor/lib/test/auto/arrayType5.xml
1 ms. Memory: 510976K Free: 222402K (44%)
----------------- Invoking toplevel() on ptolemy.moml.MoMLSimpleApplication@5e766eba
----------------- Done invoking toplevel() on ptolemy.moml.MoMLSimpleApplication@5e766eba
reloadAllAccessors: .arrayType5

===========================================================================================
----------------- testing Tue Sep 17 05:49:54 UTC 2019 /home/travis/build/icyphy/ptII/ptolemy/actor/lib/test/auto/arrayType6.xml
----------------- Instantiating /home/travis/build/icyphy/ptII/ptolemy/actor/lib/test/auto/arrayType6.xml
2 ms. Memory: 510976K Free: 217792K (43%)
----------------- Invoking toplevel() on ptolemy.moml.MoMLSimpleApplication@47a041f
----------------- Done invoking toplevel() on ptolemy.moml.MoMLSimpleApplication@47a041f
reloadAllAccessors: .arrayType6

===========================================================================================
----------------- testing Tue Sep 17 05:49:54 UTC 2019 /home/travis/build/icyphy/ptII/ptolemy/actor/lib/test/auto/arrayType7.xml
----------------- Instantiating /home/travis/build/icyphy/ptII/ptolemy/actor/lib/test/auto/arrayType7.xml
6 ms. Memory: 510976K Free: 212672K (42%)
----------------- Invoking toplevel() on ptolemy.moml.MoMLSimpleApplication@5b62dff8
----------------- Done invoking toplevel() on ptolemy.moml.MoMLSimpleApplication@5b62dff8
reloadAllAccessors: .arrayType7

===========================================================================================
----------------- testing Tue Sep 17 05:49:54 UTC 2019 /home/travis/build/icyphy/ptII/ptolemy/actor/lib/test/auto/arrayType8.xml
----------------- Instantiating /home/travis/build/icyphy/ptII/ptolemy/actor/lib/test/auto/arrayType8.xml
1 ms. Memory: 510976K Free: 208066K (41%)
----------------- Invoking toplevel() on ptolemy.moml.MoMLSimpleApplication@2147e086
----------------- Done invoking toplevel() on ptolemy.moml.MoMLSimpleApplication@2147e086
reloadAllAccessors: .arrayType8

===========================================================================================
----------------- testing Tue Sep 17 05:49:54 UTC 2019 /home/travis/build/icyphy/ptII/ptolemy/actor/lib/test/auto/arrayType9.xml
----------------- Instantiating /home/travis/build/icyphy/ptII/ptolemy/actor/lib/test/auto/arrayType9.xml
1 ms. Memory: 510976K Free: 203456K (40%)
----------------- Invoking toplevel() on ptolemy.moml.MoMLSimpleApplication@21021541
----------------- Done invoking toplevel() on ptolemy.moml.MoMLSimpleApplication@21021541
reloadAllAccessors: .arrayType9

===========================================================================================
----------------- testing Tue Sep 17 05:49:54 UTC 2019 /home/travis/build/icyphy/ptII/ptolemy/actor/lib/test/auto/cast.xml
----------------- Instantiating /home/travis/build/icyphy/ptII/ptolemy/actor/lib/test/auto/cast.xml
2 ms. Memory: 510976K Free: 198336K (39%)
----------------- Invoking toplevel() on ptolemy.moml.MoMLSimpleApplication@39d93f98
----------------- Done invoking toplevel() on ptolemy.moml.MoMLSimpleApplication@39d93f98
reloadAllAccessors: .cast

===========================================================================================
----------------- testing Tue Sep 17 05:49:54 UTC 2019 /home/travis/build/icyphy/ptII/ptolemy/actor/lib/test/auto/compositeMultiPort.xml
----------------- Instantiating /home/travis/build/icyphy/ptII/ptolemy/actor/lib/test/auto/compositeMultiPort.xml
3 ms. Memory: 510976K Free: 189634K (37%)
----------------- Invoking toplevel() on ptolemy.moml.MoMLSimpleApplication@7f4fa2ed
----------------- Done invoking toplevel() on ptolemy.moml.MoMLSimpleApplication@7f4fa2ed
reloadAllAccessors: .compositeMultiPort

===========================================================================================
----------------- testing Tue Sep 17 05:49:54 UTC 2019 /home/travis/build/icyphy/ptII/ptolemy/actor/lib/test/auto/expressionCastInference.xml
----------------- Instantiating /home/travis/build/icyphy/ptII/ptolemy/actor/lib/test/auto/expressionCastInference.xml
3 ms. Memory: 510976K Free: 185024K (36%)
----------------- Invoking toplevel() on ptolemy.moml.MoMLSimpleApplication@2fa9fb7e
----------------- Done invoking toplevel() on ptolemy.moml.MoMLSimpleApplication@2fa9fb7e
reloadAllAccessors: .expressionCastInference

===========================================================================================
----------------- testing Tue Sep 17 05:49:54 UTC 2019 /home/travis/build/icyphy/ptII/ptolemy/actor/lib/test/auto/expressionCastInference2.xml
----------------- Instantiating /home/travis/build/icyphy/ptII/ptolemy/actor/lib/test/auto/expressionCastInference2.xml
1 ms. Memory: 510976K Free: 180418K (35%)
----------------- Invoking toplevel() on ptolemy.moml.MoMLSimpleApplication@16eb635
----------------- Done invoking toplevel() on ptolemy.moml.MoMLSimpleApplication@16eb635
reloadAllAccessors: .expressionCastInference2

===========================================================================================
----------------- testing Tue Sep 17 05:49:54 UTC 2019 /home/travis/build/icyphy/ptII/ptolemy/actor/lib/test/auto/expressionInference.xml
----------------- Instantiating /home/travis/build/icyphy/ptII/ptolemy/actor/lib/test/auto/expressionInference.xml
1 ms. Memory: 510976K Free: 175808K (34%)
----------------- Invoking toplevel() on ptolemy.moml.MoMLSimpleApplication@d58dbb6
----------------- Done invoking toplevel() on ptolemy.moml.MoMLSimpleApplication@d58dbb6
reloadAllAccessors: .expressionInference

===========================================================================================
----------------- testing Tue Sep 17 05:49:54 UTC 2019 /home/travis/build/icyphy/ptII/ptolemy/actor/lib/test/auto/expression_bug.xml
----------------- Instantiating /home/travis/build/icyphy/ptII/ptolemy/actor/lib/test/auto/expression_bug.xml
1 ms. Memory: 510976K Free: 171712K (34%)
----------------- Invoking toplevel() on ptolemy.moml.MoMLSimpleApplication@7285992d
----------------- Done invoking toplevel() on ptolemy.moml.MoMLSimpleApplication@7285992d
reloadAllAccessors: .expression_bug

===========================================================================================
----------------- testing Tue Sep 17 05:49:54 UTC 2019 /home/travis/build/icyphy/ptII/ptolemy/actor/lib/test/auto/factorial.xml
----------------- Instantiating /home/travis/build/icyphy/ptII/ptolemy/actor/lib/test/auto/factorial.xml
40 ms. Memory: 510976K Free: 163520K (32%)
----------------- Invoking toplevel() on ptolemy.moml.MoMLSimpleApplication@141eb40c
----------------- Done invoking toplevel() on ptolemy.moml.MoMLSimpleApplication@141eb40c
reloadAllAccessors: .factorial

===========================================================================================
----------------- testing Tue Sep 17 05:49:54 UTC 2019 /home/travis/build/icyphy/ptII/ptolemy/actor/lib/test/auto/filterTest1.xml
----------------- Instantiating /home/travis/build/icyphy/ptII/ptolemy/actor/lib/test/auto/filterTest1.xml
3 ms. Memory: 510976K Free: 456249K (89%)
----------------- Invoking toplevel() on ptolemy.moml.MoMLSimpleApplication@63f58cd6
----------------- Done invoking toplevel() on ptolemy.moml.MoMLSimpleApplication@63f58cd6
reloadAllAccessors: .filterTest1

===========================================================================================
----------------- testing Tue Sep 17 05:49:54 UTC 2019 /home/travis/build/icyphy/ptII/ptolemy/actor/lib/test/auto/funcApplyInConst.xml
----------------- Instantiating /home/travis/build/icyphy/ptII/ptolemy/actor/lib/test/auto/funcApplyInConst.xml
1 ms. Memory: 510976K Free: 451643K (88%)
----------------- Invoking toplevel() on ptolemy.moml.MoMLSimpleApplication@14144e01
----------------- Done invoking toplevel() on ptolemy.moml.MoMLSimpleApplication@14144e01
reloadAllAccessors: .funcApplyInConst

===========================================================================================
----------------- testing Tue Sep 17 05:49:54 UTC 2019 /home/travis/build/icyphy/ptII/ptolemy/actor/lib/test/auto/funcApplyInExpr.xml
----------------- Instantiating /home/travis/build/icyphy/ptII/ptolemy/actor/lib/test/auto/funcApplyInExpr.xml
2 ms. Memory: 510976K Free: 448057K (88%)
----------------- Invoking toplevel() on ptolemy.moml.MoMLSimpleApplication@53b2bc01
----------------- Done invoking toplevel() on ptolemy.moml.MoMLSimpleApplication@53b2bc01
reloadAllAccessors: .funcApplyInExpr

===========================================================================================
----------------- testing Tue Sep 17 05:49:54 UTC 2019 /home/travis/build/icyphy/ptII/ptolemy/actor/lib/test/auto/function.xml
----------------- Instantiating /home/travis/build/icyphy/ptII/ptolemy/actor/lib/test/auto/function.xml
2 ms. Memory: 510976K Free: 443451K (87%)
----------------- Invoking toplevel() on ptolemy.moml.MoMLSimpleApplication@6717b482
----------------- Done invoking toplevel() on ptolemy.moml.MoMLSimpleApplication@6717b482
reloadAllAccessors: .function

===========================================================================================
----------------- testing Tue Sep 17 05:49:54 UTC 2019 /home/travis/build/icyphy/ptII/ptolemy/actor/lib/test/auto/function2.xml
----------------- Instantiating /home/travis/build/icyphy/ptII/ptolemy/actor/lib/test/auto/function2.xml
4 ms. Memory: 510976K Free: 438331K (86%)
----------------- Invoking toplevel() on ptolemy.moml.MoMLSimpleApplication@dd27cb2
----------------- Done invoking toplevel() on ptolemy.moml.MoMLSimpleApplication@dd27cb2
reloadAllAccessors: .function2

===========================================================================================
----------------- testing Tue Sep 17 05:49:54 UTC 2019 /home/travis/build/icyphy/ptII/ptolemy/actor/lib/test/auto/function3.xml
----------------- Instantiating /home/travis/build/icyphy/ptII/ptolemy/actor/lib/test/auto/function3.xml
1 ms. Memory: 510976K Free: 434745K (85%)
----------------- Invoking toplevel() on ptolemy.moml.MoMLSimpleApplication@6868c45
----------------- Done invoking toplevel() on ptolemy.moml.MoMLSimpleApplication@6868c45
reloadAllAccessors: .function3

===========================================================================================
----------------- testing Tue Sep 17 05:49:54 UTC 2019 /home/travis/build/icyphy/ptII/ptolemy/actor/lib/test/auto/functionClosureTest1.xml
----------------- Instantiating /home/travis/build/icyphy/ptII/ptolemy/actor/lib/test/auto/functionClosureTest1.xml
2 ms. Memory: 510976K Free: 429115K (84%)
----------------- Invoking toplevel() on ptolemy.moml.MoMLSimpleApplication@90c8b88
----------------- Done invoking toplevel() on ptolemy.moml.MoMLSimpleApplication@90c8b88
reloadAllAccessors: .functionClosureTest1

===========================================================================================
----------------- testing Tue Sep 17 05:49:54 UTC 2019 /home/travis/build/icyphy/ptII/ptolemy/actor/lib/test/auto/functionClosureTest2.xml
----------------- Instantiating /home/travis/build/icyphy/ptII/ptolemy/actor/lib/test/auto/functionClosureTest2.xml
1 ms. Memory: 510976K Free: 425019K (83%)
----------------- Invoking toplevel() on ptolemy.moml.MoMLSimpleApplication@3e170394
----------------- Done invoking toplevel() on ptolemy.moml.MoMLSimpleApplication@3e170394
reloadAllAccessors: .functionClosureTest2

===========================================================================================
----------------- testing Tue Sep 17 05:49:54 UTC 2019 /home/travis/build/icyphy/ptII/ptolemy/actor/lib/test/auto/functionClosureTest3.xml
----------------- Instantiating /home/travis/build/icyphy/ptII/ptolemy/actor/lib/test/auto/functionClosureTest3.xml
2 ms. Memory: 510976K Free: 419899K (82%)
----------------- Invoking toplevel() on ptolemy.moml.MoMLSimpleApplication@55207404
----------------- Done invoking toplevel() on ptolemy.moml.MoMLSimpleApplication@55207404
reloadAllAccessors: .functionClosureTest3

===========================================================================================
----------------- testing Tue Sep 17 05:49:54 UTC 2019 /home/travis/build/icyphy/ptII/ptolemy/actor/lib/test/auto/functionClosureTest4.xml
----------------- Instantiating /home/travis/build/icyphy/ptII/ptolemy/actor/lib/test/auto/functionClosureTest4.xml
4 ms. Memory: 510976K Free: 413755K (81%)
----------------- Invoking toplevel() on ptolemy.moml.MoMLSimpleApplication@51726706
----------------- Done invoking toplevel() on ptolemy.moml.MoMLSimpleApplication@51726706
reloadAllAccessors: .functionClosureTest4

===========================================================================================
----------------- testing Tue Sep 17 05:49:54 UTC 2019 /home/travis/build/icyphy/ptII/ptolemy/actor/lib/test/auto/functionClosureTest5.xml
----------------- Instantiating /home/travis/build/icyphy/ptII/ptolemy/actor/lib/test/auto/functionClosureTest5.xml
4 ms. Memory: 510976K Free: 408107K (80%)
----------------- Invoking toplevel() on ptolemy.moml.MoMLSimpleApplication@6435f7f8
----------------- Done invoking toplevel() on ptolemy.moml.MoMLSimpleApplication@6435f7f8
reloadAllAccessors: .functionClosureTest5

===========================================================================================
----------------- testing Tue Sep 17 05:49:54 UTC 2019 /home/travis/build/icyphy/ptII/ptolemy/actor/lib/test/auto/functionClosureTest6.xml
----------------- Instantiating /home/travis/build/icyphy/ptII/ptolemy/actor/lib/test/auto/functionClosureTest6.xml
4 ms. Memory: 510976K Free: 403515K (79%)
----------------- Invoking toplevel() on ptolemy.moml.MoMLSimpleApplication@36092a96
----------------- Done invoking toplevel() on ptolemy.moml.MoMLSimpleApplication@36092a96
reloadAllAccessors: .functionClosureTest6

===========================================================================================
----------------- testing Tue Sep 17 05:49:54 UTC 2019 /home/travis/build/icyphy/ptII/ptolemy/actor/lib/test/auto/functionsOnArcs.xml
----------------- Instantiating /home/travis/build/icyphy/ptII/ptolemy/actor/lib/test/auto/functionsOnArcs.xml
5 ms. Memory: 510976K Free: 398395K (78%)
----------------- Invoking toplevel() on ptolemy.moml.MoMLSimpleApplication@b262974
----------------- Done invoking toplevel() on ptolemy.moml.MoMLSimpleApplication@b262974
reloadAllAccessors: .functionsOnArcs

===========================================================================================
----------------- testing Tue Sep 17 05:49:54 UTC 2019 /home/travis/build/icyphy/ptII/ptolemy/actor/lib/test/auto/functionsOnArcsHOF.xml
----------------- Instantiating /home/travis/build/icyphy/ptII/ptolemy/actor/lib/test/auto/functionsOnArcsHOF.xml
4 ms. Memory: 510976K Free: 392251K (77%)
----------------- Invoking toplevel() on ptolemy.moml.MoMLSimpleApplication@466fe94c
----------------- Done invoking toplevel() on ptolemy.moml.MoMLSimpleApplication@466fe94c
reloadAllAccessors: .functionsOnArcsHOF

===========================================================================================
----------------- testing Tue Sep 17 05:49:54 UTC 2019 /home/travis/build/icyphy/ptII/ptolemy/actor/lib/test/auto/logic.xml
----------------- Instantiating /home/travis/build/icyphy/ptII/ptolemy/actor/lib/test/auto/logic.xml
2 ms. Memory: 510976K Free: 385083K (75%)
----------------- Invoking toplevel() on ptolemy.moml.MoMLSimpleApplication@261ef659
----------------- Done invoking toplevel() on ptolemy.moml.MoMLSimpleApplication@261ef659
reloadAllAccessors: .logic

===========================================================================================
----------------- testing Tue Sep 17 05:49:54 UTC 2019 /home/travis/build/icyphy/ptII/ptolemy/actor/lib/test/auto/matrixType.xml
----------------- Instantiating /home/travis/build/icyphy/ptII/ptolemy/actor/lib/test/auto/matrixType.xml
2 ms. Memory: 510976K Free: 380473K (74%)
----------------- Invoking toplevel() on ptolemy.moml.MoMLSimpleApplication@122f32c1
----------------- Done invoking toplevel() on ptolemy.moml.MoMLSimpleApplication@122f32c1
reloadAllAccessors: .matrixType

===========================================================================================
----------------- testing Tue Sep 17 05:49:54 UTC 2019 /home/travis/build/icyphy/ptII/ptolemy/actor/lib/test/auto/matrixType10.xml
----------------- Instantiating /home/travis/build/icyphy/ptII/ptolemy/actor/lib/test/auto/matrixType10.xml
3 ms. Memory: 510976K Free: 375353K (73%)
----------------- Invoking toplevel() on ptolemy.moml.MoMLSimpleApplication@6dd9ca84
----------------- Done invoking toplevel() on ptolemy.moml.MoMLSimpleApplication@6dd9ca84
reloadAllAccessors: .matrixType10

===========================================================================================
----------------- testing Tue Sep 17 05:49:54 UTC 2019 /home/travis/build/icyphy/ptII/ptolemy/actor/lib/test/auto/matrixType11.xml
----------------- Instantiating /home/travis/build/icyphy/ptII/ptolemy/actor/lib/test/auto/matrixType11.xml
1 ms. Memory: 510976K Free: 370747K (73%)
----------------- Invoking toplevel() on ptolemy.moml.MoMLSimpleApplication@52cc6b75
----------------- Done invoking toplevel() on ptolemy.moml.MoMLSimpleApplication@52cc6b75
reloadAllAccessors: .matrixType11

===========================================================================================
----------------- testing Tue Sep 17 05:49:54 UTC 2019 /home/travis/build/icyphy/ptII/ptolemy/actor/lib/test/auto/matrixType12.xml
----------------- Instantiating /home/travis/build/icyphy/ptII/ptolemy/actor/lib/test/auto/matrixType12.xml
1 ms. Memory: 510976K Free: 365627K (72%)
----------------- Invoking toplevel() on ptolemy.moml.MoMLSimpleApplication@2bd269b
----------------- Done invoking toplevel() on ptolemy.moml.MoMLSimpleApplication@2bd269b
reloadAllAccessors: .matrixType12

===========================================================================================
----------------- testing Tue Sep 17 05:49:54 UTC 2019 /home/travis/build/icyphy/ptII/ptolemy/actor/lib/test/auto/matrixType13.xml
----------------- Instantiating /home/travis/build/icyphy/ptII/ptolemy/actor/lib/test/auto/matrixType13.xml
1 ms. Memory: 510976K Free: 361017K (71%)
----------------- Invoking toplevel() on ptolemy.moml.MoMLSimpleApplication@2f5c4e0d
----------------- Done invoking toplevel() on ptolemy.moml.MoMLSimpleApplication@2f5c4e0d
reloadAllAccessors: .matrixType13

===========================================================================================
----------------- testing Tue Sep 17 05:49:54 UTC 2019 /home/travis/build/icyphy/ptII/ptolemy/actor/lib/test/auto/matrixType14.xml
----------------- Instantiating /home/travis/build/icyphy/ptII/ptolemy/actor/lib/test/auto/matrixType14.xml
2 ms. Memory: 510976K Free: 355897K (70%)
----------------- Invoking toplevel() on ptolemy.moml.MoMLSimpleApplication@6ecca682
----------------- Done invoking toplevel() on ptolemy.moml.MoMLSimpleApplication@6ecca682
reloadAllAccessors: .matrixType14

===========================================================================================
----------------- testing Tue Sep 17 05:49:54 UTC 2019 /home/travis/build/icyphy/ptII/ptolemy/actor/lib/test/auto/matrixType2.xml
----------------- Instantiating /home/travis/build/icyphy/ptII/ptolemy/actor/lib/test/auto/matrixType2.xml
2 ms. Memory: 510976K Free: 350777K (69%)
----------------- Invoking toplevel() on ptolemy.moml.MoMLSimpleApplication@4604105b
----------------- Done invoking toplevel() on ptolemy.moml.MoMLSimpleApplication@4604105b
reloadAllAccessors: .matrixType2

===========================================================================================
----------------- testing Tue Sep 17 05:49:54 UTC 2019 /home/travis/build/icyphy/ptII/ptolemy/actor/lib/test/auto/matrixType3.xml
----------------- Instantiating /home/travis/build/icyphy/ptII/ptolemy/actor/lib/test/auto/matrixType3.xml
4 ms. Memory: 510976K Free: 346171K (68%)
----------------- Invoking toplevel() on ptolemy.moml.MoMLSimpleApplication@57c2d794
----------------- Done invoking toplevel() on ptolemy.moml.MoMLSimpleApplication@57c2d794
reloadAllAccessors: .matrixType3

===========================================================================================
----------------- testing Tue Sep 17 05:49:55 UTC 2019 /home/travis/build/icyphy/ptII/ptolemy/actor/lib/test/auto/matrixType4.xml
----------------- Instantiating /home/travis/build/icyphy/ptII/ptolemy/actor/lib/test/auto/matrixType4.xml
2 ms. Memory: 510976K Free: 341561K (67%)
----------------- Invoking toplevel() on ptolemy.moml.MoMLSimpleApplication@5e76710d
----------------- Done invoking toplevel() on ptolemy.moml.MoMLSimpleApplication@5e76710d
reloadAllAccessors: .matrixType4

===========================================================================================
----------------- testing Tue Sep 17 05:49:55 UTC 2019 /home/travis/build/icyphy/ptII/ptolemy/actor/lib/test/auto/matrixType5.xml
----------------- Instantiating /home/travis/build/icyphy/ptII/ptolemy/actor/lib/test/auto/matrixType5.xml
1 ms. Memory: 510976K Free: 336441K (66%)
----------------- Invoking toplevel() on ptolemy.moml.MoMLSimpleApplication@27a645b7
----------------- Done invoking toplevel() on ptolemy.moml.MoMLSimpleApplication@27a645b7
reloadAllAccessors: .matrixType5

===========================================================================================
----------------- testing Tue Sep 17 05:49:55 UTC 2019 /home/travis/build/icyphy/ptII/ptolemy/actor/lib/test/auto/matrixType6.xml
----------------- Instantiating /home/travis/build/icyphy/ptII/ptolemy/actor/lib/test/auto/matrixType6.xml
2 ms. Memory: 510976K Free: 331835K (65%)
----------------- Invoking toplevel() on ptolemy.moml.MoMLSimpleApplication@4fea5c88
----------------- Done invoking toplevel() on ptolemy.moml.MoMLSimpleApplication@4fea5c88
reloadAllAccessors: .matrixType6

===========================================================================================
----------------- testing Tue Sep 17 05:49:55 UTC 2019 /home/travis/build/icyphy/ptII/ptolemy/actor/lib/test/auto/matrixType7.xml
----------------- Instantiating /home/travis/build/icyphy/ptII/ptolemy/actor/lib/test/auto/matrixType7.xml
2 ms. Memory: 510976K Free: 327225K (64%)
----------------- Invoking toplevel() on ptolemy.moml.MoMLSimpleApplication@1a44f8a0
----------------- Done invoking toplevel() on ptolemy.moml.MoMLSimpleApplication@1a44f8a0
reloadAllAccessors: .matrixType7

===========================================================================================
----------------- testing Tue Sep 17 05:49:55 UTC 2019 /home/travis/build/icyphy/ptII/ptolemy/actor/lib/test/auto/matrixType8.xml
----------------- Instantiating /home/travis/build/icyphy/ptII/ptolemy/actor/lib/test/auto/matrixType8.xml
2 ms. Memory: 510976K Free: 322105K (63%)
----------------- Invoking toplevel() on ptolemy.moml.MoMLSimpleApplication@270d0f07
----------------- Done invoking toplevel() on ptolemy.moml.MoMLSimpleApplication@270d0f07
reloadAllAccessors: .matrixType8

===========================================================================================
----------------- testing Tue Sep 17 05:49:55 UTC 2019 /home/travis/build/icyphy/ptII/ptolemy/actor/lib/test/auto/matrixType9.xml
----------------- Instantiating /home/travis/build/icyphy/ptII/ptolemy/actor/lib/test/auto/matrixType9.xml
2 ms. Memory: 510976K Free: 317499K (62%)
----------------- Invoking toplevel() on ptolemy.moml.MoMLSimpleApplication@6a3f2105
----------------- Done invoking toplevel() on ptolemy.moml.MoMLSimpleApplication@6a3f2105
reloadAllAccessors: .matrixType9

===========================================================================================
----------------- testing Tue Sep 17 05:49:55 UTC 2019 /home/travis/build/icyphy/ptII/ptolemy/actor/lib/test/auto/paraFunctest.xml
----------------- Instantiating /home/travis/build/icyphy/ptII/ptolemy/actor/lib/test/auto/paraFunctest.xml
2 ms. Memory: 510976K Free: 312889K (61%)
----------------- Invoking toplevel() on ptolemy.moml.MoMLSimpleApplication@2cb0fec2
----------------- Done invoking toplevel() on ptolemy.moml.MoMLSimpleApplication@2cb0fec2
reloadAllAccessors: .paraFunctest

===========================================================================================
----------------- testing Tue Sep 17 05:49:55 UTC 2019 /home/travis/build/icyphy/ptII/ptolemy/actor/lib/test/auto/paraFunctest2.xml
----------------- Instantiating /home/travis/build/icyphy/ptII/ptolemy/actor/lib/test/auto/paraFunctest2.xml
2 ms. Memory: 510976K Free: 308793K (60%)
----------------- Invoking toplevel() on ptolemy.moml.MoMLSimpleApplication@f0fd306
----------------- Done invoking toplevel() on ptolemy.moml.MoMLSimpleApplication@f0fd306
reloadAllAccessors: .paraFunctest2

===========================================================================================
----------------- testing Tue Sep 17 05:49:55 UTC 2019 /home/travis/build/icyphy/ptII/ptolemy/actor/lib/test/auto/parameterPassing.xml
----------------- Instantiating /home/travis/build/icyphy/ptII/ptolemy/actor/lib/test/auto/parameterPassing.xml
1 ms. Memory: 510976K Free: 304697K (60%)
----------------- Invoking toplevel() on ptolemy.moml.MoMLSimpleApplication@55827742
----------------- Done invoking toplevel() on ptolemy.moml.MoMLSimpleApplication@55827742
reloadAllAccessors: .parameterPassing

===========================================================================================
----------------- testing Tue Sep 17 05:49:55 UTC 2019 /home/travis/build/icyphy/ptII/ptolemy/actor/lib/test/auto/record.xml
----------------- Instantiating /home/travis/build/icyphy/ptII/ptolemy/actor/lib/test/auto/record.xml
2 ms. Memory: 510976K Free: 299577K (59%)
----------------- Invoking toplevel() on ptolemy.moml.MoMLSimpleApplication@51d0d432
----------------- Done invoking toplevel() on ptolemy.moml.MoMLSimpleApplication@51d0d432
reloadAllAccessors: .record

===========================================================================================
----------------- testing Tue Sep 17 05:49:55 UTC 2019 /home/travis/build/icyphy/ptII/ptolemy/actor/lib/test/auto/sizedarray1.xml
----------------- Instantiating /home/travis/build/icyphy/ptII/ptolemy/actor/lib/test/auto/sizedarray1.xml
2 ms. Memory: 510976K Free: 294457K (58%)
----------------- Invoking toplevel() on ptolemy.moml.MoMLSimpleApplication@66c00441
----------------- Done invoking toplevel() on ptolemy.moml.MoMLSimpleApplication@66c00441
reloadAllAccessors: .sizedarray1

===========================================================================================
----------------- testing Tue Sep 17 05:49:55 UTC 2019 /home/travis/build/icyphy/ptII/ptolemy/actor/lib/test/auto/sizedarray2.xml
----------------- Instantiating /home/travis/build/icyphy/ptII/ptolemy/actor/lib/test/auto/sizedarray2.xml
3 ms. Memory: 510976K Free: 288313K (56%)
----------------- Invoking toplevel() on ptolemy.moml.MoMLSimpleApplication@212f36fc
----------------- Done invoking toplevel() on ptolemy.moml.MoMLSimpleApplication@212f36fc
reloadAllAccessors: .sizedarray2

===========================================================================================
----------------- testing Tue Sep 17 05:49:55 UTC 2019 /home/travis/build/icyphy/ptII/ptolemy/actor/lib/test/auto/twoPublishers.xml
----------------- Instantiating /home/travis/build/icyphy/ptII/ptolemy/actor/lib/test/auto/twoPublishers.xml
7 ms. Memory: 510976K Free: 277563K (54%)
----------------- Invoking toplevel() on ptolemy.moml.MoMLSimpleApplication@5d02d608
----------------- Done invoking toplevel() on ptolemy.moml.MoMLSimpleApplication@5d02d608
reloadAllAccessors: .twoPublishers
AutoTests.java: About to close Vertx.
AutoTests.java: Vertx closed.
]]></system-out>
  <system-err><![CDATA[java.lang.RuntimeException: Execution failed
	at ptolemy.moml.MoMLSimpleApplication$UnloadThread.run(MoMLSimpleApplication.java:402)
Caused by: java.lang.RuntimeException: StringUtilities.exit() was called. Normally, we would exit here because Manager.exitAfterWrapup() was called.  However, because the ptolemy.ptII.exitAfterWrapup property is set, we throw this exception instead.
	at ptolemy.util.StringUtilities.exit(StringUtilities.java:365)
	at ptolemy.actor.Manager.wrapup(Manager.java:1549)
	at ptolemy.actor.Manager.execute(Manager.java:407)
	at ptolemy.actor.Manager.run(Manager.java:1263)
	at ptolemy.actor.Manager$PtolemyRunThread.run(Manager.java:1933)
Warning: '.top.test' is in training mode, set the trainingMode parameter to false before checking in
Warning: '.top.test' is in training mode, set the trainingMode parameter to false before checking in
Warning: '.top.test' is in training mode, set the trainingMode parameter to false before checking in
Warning: '.BooleanSwitch_RegressionTest_WrongTrainingValues.Test' is in training mode, set the trainingMode parameter to false before checking in
Warning: '.BooleanSwitch_RegressionTest_WrongTrainingValues.Test2' is in training mode, set the trainingMode parameter to false before checking in
Warning: '.BooleanSwitch_RegressionTest_WrongTrainingValues.Test2' The test produced 0 tokens.
Warning: '.top.testExceptionHandler' is in training mode, set the trainingMode parameter to false before checking in
java.lang.RuntimeException: Execution failed
	at ptolemy.moml.MoMLSimpleApplication$UnloadThread.run(MoMLSimpleApplication.java:402)
Caused by: ptolemy.kernel.util.IllegalActionException: PublisherPorts cannot be used at the top level, use a Publisher actor instead.
  in .PublisherPortToplevelSubscriber.PublisherPort
	at ptolemy.actor.PublisherPort.preinitialize(PublisherPort.java:403)
	at ptolemy.actor.CompositeActor.preinitialize(CompositeActor.java:1769)
	at ptolemy.actor.Manager.preinitializeAndResolveTypes(Manager.java:1040)
	at ptolemy.actor.Manager.initialize(Manager.java:710)
	at ptolemy.actor.Manager.execute(Manager.java:356)
	at ptolemy.actor.Manager.run(Manager.java:1263)
	at ptolemy.actor.Manager$PtolemyRunThread.run(Manager.java:1933)
java.lang.reflect.InvocationTargetException
	at java.base/jdk.internal.reflect.NativeConstructorAccessorImpl.newInstance0(Native Method)
	at java.base/jdk.internal.reflect.NativeConstructorAccessorImpl.newInstance(NativeConstructorAccessorImpl.java:62)
	at java.base/jdk.internal.reflect.DelegatingConstructorAccessorImpl.newInstance(DelegatingConstructorAccessorImpl.java:45)
	at java.base/java.lang.reflect.Constructor.newInstance(Constructor.java:490)
	at ptolemy.util.test.junit.AutoKnownFailedTests.RunModel(AutoKnownFailedTests.java:105)
	at java.base/jdk.internal.reflect.NativeMethodAccessorImpl.invoke0(Native Method)
	at java.base/jdk.internal.reflect.NativeMethodAccessorImpl.invoke(NativeMethodAccessorImpl.java:62)
	at java.base/jdk.internal.reflect.DelegatingMethodAccessorImpl.invoke(DelegatingMethodAccessorImpl.java:43)
	at java.base/java.lang.reflect.Method.invoke(Method.java:566)
	at org.junit.runners.model.FrameworkMethod$1.runReflectiveCall(FrameworkMethod.java:44)
	at org.junit.internal.runners.model.ReflectiveCallable.run(ReflectiveCallable.java:15)
	at org.junit.runners.model.FrameworkMethod.invokeExplosively(FrameworkMethod.java:41)
	at junitparams.internal.InvokeParameterisedMethod.evaluate(InvokeParameterisedMethod.java:102)
	at org.junit.internal.runners.statements.FailOnTimeout$1.run(FailOnTimeout.java:28)
Caused by: ptolemy.kernel.util.IllegalActionException: PublisherPorts cannot be used at the top level, use a Publisher actor instead.
  in .PublisherPortToplevelSubscriber.PublisherPort
	at ptolemy.actor.PublisherPort.preinitialize(PublisherPort.java:403)
	at ptolemy.actor.CompositeActor.preinitialize(CompositeActor.java:1769)
	at ptolemy.actor.Manager.preinitializeAndResolveTypes(Manager.java:1040)
	at ptolemy.actor.Manager.initialize(Manager.java:710)
	at ptolemy.actor.Manager.execute(Manager.java:356)
	at ptolemy.actor.Manager.run(Manager.java:1263)
	at ptolemy.actor.Manager$PtolemyRunThread.run(Manager.java:1933)
java.lang.RuntimeException: Execution failed
	at ptolemy.moml.MoMLSimpleApplication$UnloadThread.run(MoMLSimpleApplication.java:402)
Caused by: ptolemy.kernel.util.IllegalActionException: SubscriberPorts cannot be used at the top level, use a Subscriber actor instead.
  in .PublisherSubscriberPortToplevel.SubscriberPort
	at ptolemy.actor.SubscriberPort.preinitialize(SubscriberPort.java:328)
	at ptolemy.actor.CompositeActor.preinitialize(CompositeActor.java:1769)
	at ptolemy.actor.Manager.preinitializeAndResolveTypes(Manager.java:1040)
	at ptolemy.actor.Manager.initialize(Manager.java:710)
	at ptolemy.actor.Manager.execute(Manager.java:356)
	at ptolemy.actor.Manager.run(Manager.java:1263)
	at ptolemy.actor.Manager$PtolemyRunThread.run(Manager.java:1933)
java.lang.reflect.InvocationTargetException
	at java.base/jdk.internal.reflect.NativeConstructorAccessorImpl.newInstance0(Native Method)
	at java.base/jdk.internal.reflect.NativeConstructorAccessorImpl.newInstance(NativeConstructorAccessorImpl.java:62)
	at java.base/jdk.internal.reflect.DelegatingConstructorAccessorImpl.newInstance(DelegatingConstructorAccessorImpl.java:45)
	at java.base/java.lang.reflect.Constructor.newInstance(Constructor.java:490)
	at ptolemy.util.test.junit.AutoKnownFailedTests.RunModel(AutoKnownFailedTests.java:105)
	at java.base/jdk.internal.reflect.NativeMethodAccessorImpl.invoke0(Native Method)
	at java.base/jdk.internal.reflect.NativeMethodAccessorImpl.invoke(NativeMethodAccessorImpl.java:62)
	at java.base/jdk.internal.reflect.DelegatingMethodAccessorImpl.invoke(DelegatingMethodAccessorImpl.java:43)
	at java.base/java.lang.reflect.Method.invoke(Method.java:566)
	at org.junit.runners.model.FrameworkMethod$1.runReflectiveCall(FrameworkMethod.java:44)
	at org.junit.internal.runners.model.ReflectiveCallable.run(ReflectiveCallable.java:15)
	at org.junit.runners.model.FrameworkMethod.invokeExplosively(FrameworkMethod.java:41)
	at junitparams.internal.InvokeParameterisedMethod.evaluate(InvokeParameterisedMethod.java:102)
	at org.junit.internal.runners.statements.FailOnTimeout$1.run(FailOnTimeout.java:28)
Caused by: ptolemy.kernel.util.IllegalActionException: SubscriberPorts cannot be used at the top level, use a Subscriber actor instead.
  in .PublisherSubscriberPortToplevel.SubscriberPort
	at ptolemy.actor.SubscriberPort.preinitialize(SubscriberPort.java:328)
	at ptolemy.actor.CompositeActor.preinitialize(CompositeActor.java:1769)
	at ptolemy.actor.Manager.preinitializeAndResolveTypes(Manager.java:1040)
	at ptolemy.actor.Manager.initialize(Manager.java:710)
	at ptolemy.actor.Manager.execute(Manager.java:356)
	at ptolemy.actor.Manager.run(Manager.java:1263)
	at ptolemy.actor.Manager$PtolemyRunThread.run(Manager.java:1933)
java.lang.RuntimeException: Execution failed
	at ptolemy.moml.MoMLSimpleApplication$UnloadThread.run(MoMLSimpleApplication.java:402)
Caused by: ptolemy.kernel.util.IllegalActionException: SubscriptionAggregatorPorts cannot be used at the top level, use a SubscriptionAggregator actor instead.
  in .PublisherSubscriptionAggregatorPort.SubscriptionAggregatorPort
	at ptolemy.actor.SubscriptionAggregatorPort.preinitialize(SubscriptionAggregatorPort.java:353)
	at ptolemy.actor.CompositeActor.preinitialize(CompositeActor.java:1769)
	at ptolemy.actor.Manager.preinitializeAndResolveTypes(Manager.java:1040)
	at ptolemy.actor.Manager.initialize(Manager.java:710)
	at ptolemy.actor.Manager.execute(Manager.java:356)
	at ptolemy.actor.Manager.run(Manager.java:1263)
	at ptolemy.actor.Manager$PtolemyRunThread.run(Manager.java:1933)
java.lang.reflect.InvocationTargetException
	at java.base/jdk.internal.reflect.NativeConstructorAccessorImpl.newInstance0(Native Method)
	at java.base/jdk.internal.reflect.NativeConstructorAccessorImpl.newInstance(NativeConstructorAccessorImpl.java:62)
	at java.base/jdk.internal.reflect.DelegatingConstructorAccessorImpl.newInstance(DelegatingConstructorAccessorImpl.java:45)
	at java.base/java.lang.reflect.Constructor.newInstance(Constructor.java:490)
	at ptolemy.util.test.junit.AutoKnownFailedTests.RunModel(AutoKnownFailedTests.java:105)
	at java.base/jdk.internal.reflect.NativeMethodAccessorImpl.invoke0(Native Method)
	at java.base/jdk.internal.reflect.NativeMethodAccessorImpl.invoke(NativeMethodAccessorImpl.java:62)
	at java.base/jdk.internal.reflect.DelegatingMethodAccessorImpl.invoke(DelegatingMethodAccessorImpl.java:43)
	at java.base/java.lang.reflect.Method.invoke(Method.java:566)
	at org.junit.runners.model.FrameworkMethod$1.runReflectiveCall(FrameworkMethod.java:44)
	at org.junit.internal.runners.model.ReflectiveCallable.run(ReflectiveCallable.java:15)
	at org.junit.runners.model.FrameworkMethod.invokeExplosively(FrameworkMethod.java:41)
	at junitparams.internal.InvokeParameterisedMethod.evaluate(InvokeParameterisedMethod.java:102)
	at org.junit.internal.runners.statements.FailOnTimeout$1.run(FailOnTimeout.java:28)
Caused by: ptolemy.kernel.util.IllegalActionException: SubscriptionAggregatorPorts cannot be used at the top level, use a SubscriptionAggregator actor instead.
  in .PublisherSubscriptionAggregatorPort.SubscriptionAggregatorPort
	at ptolemy.actor.SubscriptionAggregatorPort.preinitialize(SubscriptionAggregatorPort.java:353)
	at ptolemy.actor.CompositeActor.preinitialize(CompositeActor.java:1769)
	at ptolemy.actor.Manager.preinitializeAndResolveTypes(Manager.java:1040)
	at ptolemy.actor.Manager.initialize(Manager.java:710)
	at ptolemy.actor.Manager.execute(Manager.java:356)
	at ptolemy.actor.Manager.run(Manager.java:1263)
	at ptolemy.actor.Manager$PtolemyRunThread.run(Manager.java:1933)
java.lang.RuntimeException: Execution failed
	at ptolemy.moml.MoMLSimpleApplication$UnloadThread.run(MoMLSimpleApplication.java:402)
Caused by: ptolemy.kernel.util.IllegalActionException: TypeTest actor has no training data.
  in .sizedarray3.TypeTest
	at ptolemy.actor.lib.TypeTest.initialize(TypeTest.java:250)
	at ptolemy.actor.Director.initialize(Director.java:938)
	at ptolemy.actor.Director.initialize(Director.java:907)
	at ptolemy.actor.sched.StaticSchedulingDirector.initialize(StaticSchedulingDirector.java:159)
	at ptolemy.domains.sdf.kernel.SDFDirector.initialize(SDFDirector.java:544)
	at ptolemy.actor.CompositeActor.initialize(CompositeActor.java:935)
	at ptolemy.actor.Manager.initialize(Manager.java:724)
	at ptolemy.actor.Manager.execute(Manager.java:356)
	at ptolemy.actor.Manager.run(Manager.java:1263)
	at ptolemy.actor.Manager$PtolemyRunThread.run(Manager.java:1933)
java.lang.reflect.InvocationTargetException
	at java.base/jdk.internal.reflect.NativeConstructorAccessorImpl.newInstance0(Native Method)
	at java.base/jdk.internal.reflect.NativeConstructorAccessorImpl.newInstance(NativeConstructorAccessorImpl.java:62)
	at java.base/jdk.internal.reflect.DelegatingConstructorAccessorImpl.newInstance(DelegatingConstructorAccessorImpl.java:45)
	at java.base/java.lang.reflect.Constructor.newInstance(Constructor.java:490)
	at ptolemy.util.test.junit.AutoKnownFailedTests.RunModel(AutoKnownFailedTests.java:105)
	at java.base/jdk.internal.reflect.NativeMethodAccessorImpl.invoke0(Native Method)
	at java.base/jdk.internal.reflect.NativeMethodAccessorImpl.invoke(NativeMethodAccessorImpl.java:62)
	at java.base/jdk.internal.reflect.DelegatingMethodAccessorImpl.invoke(DelegatingMethodAccessorImpl.java:43)
	at java.base/java.lang.reflect.Method.invoke(Method.java:566)
	at org.junit.runners.model.FrameworkMethod$1.runReflectiveCall(FrameworkMethod.java:44)
	at org.junit.internal.runners.model.ReflectiveCallable.run(ReflectiveCallable.java:15)
	at org.junit.runners.model.FrameworkMethod.invokeExplosively(FrameworkMethod.java:41)
	at junitparams.internal.InvokeParameterisedMethod.evaluate(InvokeParameterisedMethod.java:102)
	at org.junit.internal.runners.statements.FailOnTimeout$1.run(FailOnTimeout.java:28)
Caused by: ptolemy.kernel.util.IllegalActionException: TypeTest actor has no training data.
  in .sizedarray3.TypeTest
	at ptolemy.actor.lib.TypeTest.initialize(TypeTest.java:250)
	at ptolemy.actor.Director.initialize(Director.java:938)
	at ptolemy.actor.Director.initialize(Director.java:907)
	at ptolemy.actor.sched.StaticSchedulingDirector.initialize(StaticSchedulingDirector.java:159)
	at ptolemy.domains.sdf.kernel.SDFDirector.initialize(SDFDirector.java:544)
	at ptolemy.actor.CompositeActor.initialize(CompositeActor.java:935)
	at ptolemy.actor.Manager.initialize(Manager.java:724)
	at ptolemy.actor.Manager.execute(Manager.java:356)
	at ptolemy.actor.Manager.run(Manager.java:1263)
	at ptolemy.actor.Manager$PtolemyRunThread.run(Manager.java:1933)
java.lang.RuntimeException: Execution failed
	at ptolemy.moml.MoMLSimpleApplication$UnloadThread.run(MoMLSimpleApplication.java:402)
Caused by: ptolemy.kernel.util.IllegalActionException: Test fails in iteration 0.
Value was: 6001L. Should have been: 6000L
  in .ExecutionTimeSDF.NonStrictTest
	at ptolemy.actor.lib.NonStrictTest.postfire(NonStrictTest.java:328)
	at ptolemy.actor.AtomicActor.iterate(AtomicActor.java:518)
	at ptolemy.actor.sched.StaticSchedulingDirector.fire(StaticSchedulingDirector.java:216)
	at ptolemy.domains.sdf.kernel.SDFDirector.fire(SDFDirector.java:500)
	at ptolemy.actor.CompositeActor.fire(CompositeActor.java:455)
	at ptolemy.actor.Manager.iterate(Manager.java:851)
	at ptolemy.actor.Manager.execute(Manager.java:369)
	at ptolemy.actor.Manager.run(Manager.java:1263)
	at ptolemy.actor.Manager$PtolemyRunThread.run(Manager.java:1933)
]]></system-err>
</testsuite>
