<?xml version="1.0" encoding="UTF-8" ?>
<testsuite errors="0" failures="0" hostname="travis-job-14afa64b-3496-4a8d-8f41-20fd5d693506" name="ptolemy.configs.test.junit.JUnitTclTest" skipped="0" tests="11" time="722.892" timestamp="2018-06-07T23:39:45">
  <properties>
    <property name="npm.executable" value="npm" />
    <property name="file.encoding.pkg" value="sun.io" />
    <property name="ptII.mk.exists" value="true" />
    <property name="env.rvm_bin_path" value="/home/travis/.rvm/bin" />
    <property name="java.home" value="/usr/lib/jvm/java-8-oracle/jre" />
    <property name="env.TRAVIS_JOB_NUMBER" value="536.11" />
    <property name="env.DISPLAY" value=":99.0" />
    <property name="java.net.preferIPv4Stack" value="true" />
    <property name="env.SSH_TTY" value="/dev/pts/0" />
    <property name="env.RUN_TESTS" value="true" />
    <property name="timeout.short" value="1000000" />
    <property name="env.TRAVIS_STACK_NODE_ATTRIBUTES" value="/.node-attributes.yml" />
    <property name="junit.formatter" value="xml" />
    <property name="java.endorsed.dirs" value="/usr/lib/jvm/java-8-oracle/jre/lib/endorsed" />
    <property name="env.TRAVIS_SUDO" value="true" />
    <property name="env.LOGNAME" value="travis" />
    <property name="jsdoc.home" value="node_modules/@terraswarm/jsdoc" />
    <property name="debuglevel" value="source,lines,vars" />
    <property name="checkstyle.formatter" value="xml" />
    <property name="bin.vergil.makeable" value="true" />
    <property name="env._system_version" value="14.04" />
    <property name="sun.os.patch.level" value="unknown" />
    <property name="java.vendor.url" value="http://java.oracle.com/" />
    <property name="java.version" value="1.8.0_151" />
    <property name="env.TZ" value="UTC" />
    <property name="env.PT_NO_NET" value="true" />
    <property name="env.TRAVIS_PULL_REQUEST_SHA" value="" />
    <property name="env.TRAVIS_SECURE_ENV_VARS" value="true" />
    <property name="env._system_type" value="Linux" />
    <property name="java.vendor.url.bug" value="http://bugreport.sun.com/bugreport/" />
    <property name="env.SSH_CLIENT" value="10.10.4.36 39564 22" />
    <property name="npmjs-org-is-up" value="true" />
    <property name="env.GEM_HOME" value="/home/travis/.rvm/gems/ruby-2.4.1" />
    <property name="env.HAS_ANTARES_THREE_LITTLE_FRONZIES_BADGE" value="true" />
    <property name="env.PS4" value="+" />
    <property name="ant.project.invoked-targets" value="build,test.core5.xml" />
    <property name="env.TRAVIS_PULL_REQUEST_BRANCH" value="" />
    <property name="env.TRAVIS_REPO_SLUG" value="icyphy/ptII" />
    <property name="node.in.path" value="true" />
    <property name="java.maxmemory" value="1400m" />
    <property name="env.RUBY_VERSION" value="ruby-2.4.1" />
    <property name="user.name" value="travis" />
    <property name="env.LANG" value="en_US.UTF-8" />
    <property name="sun.io.unicode.encoding" value="UnicodeLittle" />
    <property name="sun.jnu.encoding" value="UTF-8" />
    <property name="java.runtime.name" value="Java(TM) SE Runtime Environment" />
    <property name="usefile" value="false" />
    <property name="return.code" value="0" />
    <property name="junit.single.formatter" value="plain" />
    <property name="env.DYLD_LIBRARY_PATH" value="/home/travis/pthla/certi-tools/lib:" />
    <property name="env.DEBIAN_FRONTEND" value="noninteractive" />
    <property name="env.SSH_CONNECTION" value="10.10.4.36 39564 10.20.1.110 22" />
    <property name="env.MYSQL_UNIX_PORT" value="/var/run/mysqld/mysqld.sock" />
    <property name="env.TRAVIS_ALLOW_FAILURE" value="false" />
    <property name="env.LC_ALL" value="en_US.UTF-8" />
    <property name="java.specification.name" value="Java Platform API Specification" />
    <property name="node.works" value="true" />
    <property name="user.timezone" value="" />
    <property name="path.separator" value=":" />
    <property name="env.PYTHON_CFLAGS" value="-g -fstack-protector --param=ssp-buffer-size=4 -Wformat -Werror=format-security" />
    <property name="timeout.long" value="4000000" />
    <property name="env.CERTI_HOME" value="/home/travis/pthla/certi-tools" />
    <property name="file.encoding" value="UTF-8" />
    <property name="ant.file.ptII" value="/home/travis/build/icyphy/ptII/build.xml" />
    <property name="javadoc.packagenames" value="com.*,diva.*,lbnl.*,org.hlacerti.*,org.json.*,org.ptolemy.*,org.terraswarm.*,ptolemy.*,ptserver.*" />
    <property name="env.TRAVIS_PULL_REQUEST_SLUG" value="" />
    <property name="ant.project.default-target" value="build" />
    <property name="env.GIT_ASKPASS" value="echo" />
    <property name="env.HOME" value="/home/travis" />
    <property name="sun.java.command" value="org.apache.tools.ant.taskdefs.optional.junit.JUnitTestRunner ptolemy.configs.test.junit.JUnitTclTest skipNonTests=false filtertrace=true haltOnError=false haltOnFailure=false formatter=org.apache.tools.ant.taskdefs.optional.junit.OutErrSummaryJUnitResultFormatter showoutput=true outputtoformatters=true logfailedtests=true threadid=0 logtestlistenerevents=false formatter=org.apache.tools.ant.taskdefs.optional.junit.XMLJUnitResultFormatter,/home/travis/build/icyphy/ptII/reports/junit/TEST-ptolemy.configs.test.junit.JUnitTclTest.xml crashfile=/home/travis/build/icyphy/ptII/junitvmwatcher6523964374844164311.properties propsfile=/home/travis/build/icyphy/ptII/junit2836251156644007435.properties" />
    <property name="env.MANPATH" value="/home/travis/.nvm/versions/node/v7.10.1/share/man:/home/travis/.kiex/elixirs/elixir-1.4.5/man:/home/travis/.rvm/rubies/ruby-2.4.1/share/man:/usr/local/man:/usr/local/cmake-3.9.2/man:/usr/local/clang-5.0.0/share/man:/usr/local/share/man:/usr/share/man:/home/travis/.rvm/man" />
    <property name="env.COMPOSER_NO_INTERACTION" value="1" />
    <property name="env.JDK_SWITCHER_DEFAULT" value="oraclejdk8" />
    <property name="ant.file" value="/home/travis/build/icyphy/ptII/build.xml" />
    <property name="env.TRAVIS_COMMIT_RANGE" value="f5b9103285c3...14a6e9e4beaf" />
    <property name="env._system_name" value="Ubuntu" />
    <property name="timeout" value="2400000" />
    <property name="ptII.classpath.optional.property" value="/home/travis/build/icyphy/ptII/lib/bsh-2.0b4.jar:/home/travis/build/icyphy/ptII/lib/ptCal.jar:/home/travis/build/icyphy/ptII/lib/java_cup.jar:/home/travis/build/icyphy/ptII/lib/saxon8.jar:/home/travis/build/icyphy/ptII/lib/saxon8-dom.jar:/home/travis/build/icyphy/ptII/lib/chic.jar:/home/travis/build/icyphy/ptII/lib/ptcolt.jar:/usr/lib/jvm/java-8-oracle/lib/tools.jar:/usr/lib/eclipse/plugins/org.eclipse.jdt.core_3.8.2.dist.jar:/usr/lib/eclipse/plugins/org.eclipse.core.runtime_3.8.0.dist.jar:/usr/lib/eclipse/plugins/org.eclipse.osgi_3.8.1.dist.jar:/usr/lib/eclipse/plugins/org.eclipse.core.resources_3.8.1.dist.jar:/usr/lib/eclipse/plugins/org.eclipse.equinox.common_3.6.100.dist.jar:/usr/lib/eclipse/plugins/org.eclipse.core.jobs_3.5.200.dist.jar:/usr/lib/eclipse/plugins/org.eclipse.core.contenttype_3.4.200.dist.jar:/usr/lib/eclipse/plugins/org.eclipse.equinox.preferences_3.5.0.dist.jar:/usr/lib/eclipse/plugins/org.eclipse.text_3.5.200.dist.jar:/usr/lib/eclipse/plugins/org.eclipse.ui.workbench_3.8.1.dist.jar:/usr/lib/eclipse/plugins/org.eclipse.jface_3.8.0.dist.jar:/usr/lib/eclipse/plugins/org.eclipse.swt_3.8.2.jar:/usr/lib/eclipse/plugins/org.eclipse.jface.text_3.8.1.dist.jar:/usr/lib/eclipse/plugins/org.eclipse.ui.workbench.texteditor_3.8.0.dist.jar:/usr/lib/eclipse/plugins/org.eclipse.ui.editors_3.8.0.dist.jar:/usr/lib/eclipse/plugins/org.eclipse.core.commands_3.6.1.dist.jar:/usr/lib/eclipse/plugins/org.eclipse.equinox.registry_3.5.200.dist.jar:/usr/lib/eclipse/plugins/org.eclipse.ui.console_3.5.100.dist.jar:/usr/lib/eclipse/plugins/org.eclipse.ui.forms_3.5.200.dist.jar:/usr/lib/eclipse/plugins/org.eclipse.ui.ide_3.8.1.dist.jar:/home/travis/build/icyphy/ptII/vendors/oracle/dbxml.jar:/home/travis/build/icyphy/ptII/vendors/oracle/db.jar:/home/travis/build/icyphy/ptII/vendors/misc/itext/iText.jar:/home/travis/build/icyphy/ptII/lib/g4ltl.jar:/home/travis/build/icyphy/ptII/lib/StructuralCoder.jar:/home/travis/build/icyphy/ptII/lib/org-openide-util.jar:/home/travis/build/icyphy/ptII/lib/org-openide-util-lookup.jar:/home/travis/build/icyphy/ptII/lib/org-netbeans-api-visual.jar:/home/travis/build/icyphy/ptII/vendors/jai-1_1_2_01/lib/jai_core.jar:/home/travis/build/icyphy/ptII/vendors/jai-1_1_2_01/lib/jai_codec.jar:/home/travis/build/icyphy/ptII/lib/jcerti.jar:/home/travis/build/icyphy/ptII/lib/smack.jar:/home/travis/build/icyphy/ptII/lib/smackx.jar:/home/travis/build/icyphy/ptII/lib/jetty-all-8.1.5-v20120716.jar:/home/travis/build/icyphy/ptII/lib/javax.servlet-api-3.0.1.jar:/home/travis/build/icyphy/ptII/lib/javax.mail.jar:/home/travis/build/icyphy/ptII/vendors/JMF-2.1.1e/lib/jmf.jar:/home/travis/build/icyphy/ptII/lib/jna-4.0.0-variadic.jar:/home/travis/build/icyphy/ptII/vendors/misc/joystick/Joystick.jar:/home/travis/build/icyphy/ptII/lib/ptjacl.jar:/home/travis/build/icyphy/ptII/lib/jsoup-1.8.2.jar:/home/travis/build/icyphy/ptII/lib/junit-4.8.2.jar:/home/travis/build/icyphy/ptII/lib/JUnitParams-0.4.0.jar:/home/travis/build/icyphy/ptII/ptolemy/actor/lib/excel/jxl.jar:/home/travis/build/icyphy/ptII/lib/jython.jar:/home/travis/build/icyphy/ptII/lib/kieler.jar:/home/travis/build/icyphy/ptII/vendors/opencv/share/OpenCV/java/opencv-341.jar:/home/travis/build/icyphy/ptII/lib/oscP5.jar:/home/travis/build/icyphy/ptII/lib/nrjavaserial-3.11.0.devel.jar:/usr/share/java/j3dcore.jar:/usr/share/java/j3dutils.jar:/usr/share/java/vecmath.jar:/home/travis/build/icyphy/ptII/ptolemy/distributed/jini/jar/jini-core.jar:/home/travis/build/icyphy/ptII/ptolemy/distributed/jini/jar/jini-ext.jar:/home/travis/build/icyphy/ptII/ptolemy/distributed/jini/jar/sun-util.jar:/home/travis/build/icyphy/ptII/lib/protobuf-java-2.4.1.jar:/home/travis/build/icyphy/ptII/lib/org.eclipse.paho.client.mqttv3.jar:/home/travis/build/icyphy/ptII/ptserver/lib/hessian-4.0.7.jar:/home/travis/build/icyphy/ptII/ptserver/lib/wmqtt.jar:/home/travis/build/icyphy/ptII/lib/mapss.jar:/home/travis/build/icyphy/ptII/ptolemy/actor/ptalon/antlr/antlr.jar:/home/travis/build/icyphy/ptII/lib/JRI.jar:/home/travis/build/icyphy/ptII/lib/commons-lang-2.6.jar:/home/travis/build/icyphy/ptII/lib/commons-logging-1.1.1.jar:/home/travis/build/icyphy/ptII/lib/sootclasses.jar:/home/travis/build/icyphy/ptII/ptolemy/actor/lib/database/mysql-connector-java-5.1.6-bin.jar:/home/travis/build/icyphy/ptII/vendors/misc/sphinx4/sphinx4-data-5prealpha.jar:/home/travis/build/icyphy/ptII/vendors/misc/sphinx4/sphinx4-core-5prealpha.jar:/home/travis/build/icyphy/ptII/lib/PDFRenderer.jar:/home/travis/build/icyphy/ptII/lib/svgSalamander.jar:/home/travis/build/icyphy/ptII/lib/rsyntaxtextarea-2.6.0-SNAPSHOT.jar:/home/travis/build/icyphy/ptII/lib/hazelcast-3.8.2.jar:/home/travis/build/icyphy/ptII/lib/jackson-annotations-2.9.0.jar:/home/travis/build/icyphy/ptII/lib/jackson-core-2.9.3.jar:/home/travis/build/icyphy/ptII/lib/jackson-databind-2.9.3.jar:/home/travis/build/icyphy/ptII/lib/netty-buffer-4.1.19.Final.jar:/home/travis/build/icyphy/ptII/lib/netty-codec-4.1.19.Final.jar:/home/travis/build/icyphy/ptII/lib/netty-codec-dns-4.1.19.Final.jar:/home/travis/build/icyphy/ptII/lib/netty-codec-http-4.1.19.Final.jar:/home/travis/build/icyphy/ptII/lib/netty-codec-http2-4.1.19.Final.jar:/home/travis/build/icyphy/ptII/lib/netty-common-4.1.19.Final.jar:/home/travis/build/icyphy/ptII/lib/netty-handler-4.1.19.Final.jar:/home/travis/build/icyphy/ptII/lib/netty-resolver-4.1.19.Final.jar:/home/travis/build/icyphy/ptII/lib/netty-resolver-dns-4.1.19.Final.jar:/home/travis/build/icyphy/ptII/lib/netty-transport-4.1.19.Final.jar:/home/travis/build/icyphy/ptII/lib/vertx-codegen-3.5.1.jar:/home/travis/build/icyphy/ptII/lib/vertx-core-3.5.2-SNAPSHOT.jar:/home/travis/build/icyphy/ptII/lib/vertx-hazelcast-3.5.1.jar:/home/travis/build/icyphy/ptII/lib/vertx-lang-js-3.5.1.jar:/home/travis/build/icyphy/ptII/lib/vertx-service-proxy-3.5.1.jar:/home/travis/build/icyphy/ptII/lib/vertx-web-3.5.1.jar:/home/travis/build/icyphy/ptII/lib/slf4j-api-1.7.13.jar:/home/travis/build/icyphy/ptII/lib/slf4j-simple-1.7.13.jar:/home/travis/build/icyphy/ptII/lib/webcam-capture-0.3.12.jar:/home/travis/build/icyphy/ptII/lib/bridj-0.7.0.jar:/home/travis/build/icyphy/ptII/lib/xbjlib-1.1.0.nrjavaserial.jar" />
    <property name="test.batch" value="**/junit/*.java" />
    <property name="env._" value="/usr/bin/timeout" />
    <property name="java.io.tmpdir" value="/tmp" />
    <property name="user.language" value="en" />
    <property name="env.HISTCONTROL" value="ignoredups:ignorespace" />
    <property name="env.GOROOT" value="/home/travis/.gimme/versions/go1.7.4.linux.amd64" />
    <property name="line.separator" value="&#xa;" />
    <property name="target" value="1.8" />
    <property name="env.TRAVIS_BUILD_DIR" value="/home/travis/build/icyphy/ptII" />
    <property name="env.ANT_OPTS" value="-Xmx2048m" />
    <property name="ant.file.type" value="file" />
    <property name="ptolemy.ptII.batchMode" value="true" />
    <property name="env.HISTSIZE" value="1000" />
    <property name="env.MERB_ENV" value="test" />
    <property name="java.vm.info" value="mixed mode" />
    <property name="source" value="1.8" />
    <property name="java.vm.specification.name" value="Java Virtual Machine Specification" />
    <property name="env.TRAVIS_TEST_RESULT" value="0" />
    <property name="jsdoc.command" value="node_modules/@terraswarm/jsdoc/jsdoc.js" />
    <property name="npm.works" value="true" />
    <property name="cobertura.dir" value="/home/travis/build/icyphy/ptII/vendors/cobertura-2.0.3" />
    <property name="env.rvm_path" value="/home/travis/.rvm" />
    <property name="env.GEM_PATH" value="/home/travis/.rvm/gems/ruby-2.4.1:/home/travis/.rvm/gems/ruby-2.4.1@global" />
    <property name="env.LC_CTYPE" value="en_US.UTF-8" />
    <property name="java.awt.printerjob" value="sun.print.PSPrinterJob" />
    <property name="env.TRAVIS_STACK_NAME" value="garnet" />
    <property name="ant.version" value="Apache Ant(TM) version 1.10.1 compiled on February 2 2017" />
    <property name="ptII.reports" value="/home/travis/build/icyphy/ptII/reports" />
    <property name="env.TRAVIS_STACK_TIMESTAMP" value="2017-12-05 19:33:09 UTC" />
    <property name="ant.file.type.ptII" value="file" />
    <property name="env.RBENV_SHELL" value="bash" />
    <property name="os.name" value="Linux" />
    <property name="java.specification.vendor" value="Oracle Corporation" />
    <property name="env.rvm_version" value="1.29.3 (latest)" />
    <property name="env.TERM" value="xterm" />
    <property name="java.vm.name" value="Java HotSpot(TM) 64-Bit Server VM" />
    <property name="env.TRAVIS_BUILD_NUMBER" value="536" />
    <property name="env.CI" value="true" />
    <property name="java.library.path" value="/home/travis/pthla/certi-tools/lib:/usr/lib/jni:/usr/local/share/OpenCV/java/:/usr/share/OpenCV/java::/usr/java/packages/lib/amd64:/usr/lib64:/lib64:/lib:/usr/lib" />
    <property name="env.rvm_prefix" value="/home/travis" />
    <property name="env.PATH" value="/home/travis/pthla/certi-tools/share/scripts:/home/travis/.rvm/gems/ruby-2.4.1/bin:/home/travis/.rvm/gems/ruby-2.4.1@global/bin:/home/travis/.rvm/rubies/ruby-2.4.1/bin:/home/travis/.rvm/bin:/home/travis/.nvm/versions/node/v7.10.1/bin:./node_modules/.bin:/home/travis/build/icyphy/ptII/bin:/home/travis/pthla/certi-tools/bin:/home/travis/bin:/home/travis/.local/bin:/opt/pyenv/shims:/home/travis/.phpenv/shims:/home/travis/perl5/perlbrew/bin:/home/travis/.kiex/elixirs/elixir-1.4.5/bin:/home/travis/.kiex/bin:/home/travis/gopath/bin:/home/travis/.gimme/versions/go1.7.4.linux.amd64/bin:/usr/local/phantomjs/bin:/usr/local/phantomjs:/usr/local/neo4j-3.2.7/bin:/usr/local/maven-3.5.2/bin:/usr/local/cmake-3.9.2/bin:/usr/local/clang-5.0.0/bin:/usr/local/sbin:/usr/local/bin:/usr/sbin:/usr/bin:/sbin:/bin:/home/travis/.phpenv/bin:/opt/pyenv/bin:/home/travis/.yarn/bin" />
    <property name="env.TRAVIS_OS_NAME" value="linux" />
    <property name="ant.java.version" value="1.8" />
    <property name="basedir" value="/home/travis/build/icyphy/ptII" />
    <property name="java.class.version" value="52.0" />
    <property name="env.SHLVL" value="3" />
    <property name="env.LD_LIBRARY_PATH" value="/home/travis/pthla/certi-tools/lib:/usr/lib/jni:/usr/local/share/OpenCV/java/:/usr/share/OpenCV/java:" />
    <property name="env.RACK_ENV" value="test" />
    <property name="ant.home" value="/home/travis/build/icyphy/ptII/ant" />
    <property name="env.NVM_DIR" value="/home/travis/.nvm" />
    <property name="env.PERLBREW_BASHRC_VERSION" value="0.80" />
    <property name="env.CERTI_FOM_PATH" value="/home/travis/pthla/certi-tools/share/federations" />
    <property name="env.TRAVIS_BUILD_ID" value="389476038" />
    <property name="env.PYENV_ROOT" value="/opt/pyenv" />
    <property name="env.TRAVIS_UID" value="2000" />
    <property name="env.rvm_pretty_print_flag" value="auto" />
    <property name="env.NVM_BIN" value="/home/travis/.nvm/versions/node/v7.10.1/bin" />
    <property name="env.TRAVIS_COMMIT" value="14a6e9e4beaf4a42fd136c21e6f105b5111728ad" />
    <property name="env._system_arch" value="x86_64" />
    <property name="node.executable" value="node" />
    <property name="sun.boot.library.path" value="/usr/lib/jvm/java-8-oracle/jre/lib/amd64" />
    <property name="sun.management.compiler" value="HotSpot 64-Bit Tiered Compilers" />
    <property name="env.GOPATH" value="/home/travis/gopath" />
    <property name="java.awt.graphicsenv" value="sun.awt.X11GraphicsEnvironment" />
    <property name="ptolemy.ptII.dir" value="/home/travis/build/icyphy/ptII" />
    <property name="env.USER" value="travis" />
    <property name="env.HISTFILESIZE" value="2000" />
    <property name="timeout.longest" value="19000000" />
    <property name="env.TRAVIS_STACK_FEATURES" value="basic cassandra chromium couchdb disabled-ipv6 docker docker-compose elasticsearch firefox go-toolchain google-chrome jdk memcached mongodb mysql neo4j nodejs_interpreter perl_interpreter perlbrew phantomjs postgresql python_interpreter rabbitmq redis riak ruby_interpreter sqlite xserver" />
    <property name="env.TRAVIS_PULL_REQUEST" value="false" />
    <property name="env.PYENV_SHELL" value="bash" />
    <property name="ant.project.name" value="ptII" />
    <property name="java.vm.specification.version" value="1.8" />
    <property name="env.CERTI_VERSION" value="4.0.0" />
    <property name="env.NLSPATH" value="/usr/dt/lib/nls/msg/%L/%N.cat" />
    <property name="awt.toolkit" value="sun.awt.X11.XToolkit" />
    <property name="env.CERTI_HOST" value="localhost" />
    <property name="env.MY_RUBY_HOME" value="/home/travis/.rvm/rubies/ruby-2.4.1" />
    <property name="sun.cpu.isalist" value="" />
    <property name="java.ext.dirs" value="/usr/lib/jvm/java-8-oracle/jre/lib/ext:/usr/java/packages/lib/ext" />
    <property name="os.version" value="4.4.0-101-generic" />
    <property name="user.home" value="/home/travis" />
    <property name="env.MIX_ARCHIVES" value="/home/travis/.kiex/mix/elixir-1.4.5" />
    <property name="java.vm.vendor" value="Oracle Corporation" />
    <property name="env.TRAVIS_TAG" value="nightly" />
    <property name="env.TRAVIS_FILTERED" value="redirect_io" />
    <property name="javadoc.excludepackagenames" value="adm.cvs2svn.*,build.*,config.*,doc.coding.templates.*,jni.test.jni.meaningOfLife.*,jni.test.jni.testDeux.*,jni.test.jni.testTrois.*,org.terraswarm.accessor.accessors.web.node_modules.*,org.terraswarm.accessor.accessors.web.hosts.cordova.demo.*,org.terraswarm.accessor.accessors.web.hosts.cordova.plugins.*,org.terraswarm.accessor.accessors-svn.*,pt-modules.*,ptolemy.apps.agilent.*,ptolemy.apps.anytimecontrol.*,ptolemy.apps.apes.*,ptolemy.apps.charon.*,ptolemy.apps.crazyboard.*,ptolemy.apps.eclipse.*,ptolemy.apps.etherealSting.*,ptolemy.apps.fullscreen.*,ptolemy.apps.giotto.*,ptolemy.apps.ia.*,ptolemy.apps.interfaces.*,ptolemy.apps.jmf.*,ptolemy.apps.kurt.*,ptolemy.apps.kvm.*,ptolemy.apps.lego.*,ptolemy.apps.lejos.*,ptolemy.apps.midp.*,ptolemy.apps.mobileCoding.*,ptolemy.apps.pendulum.*,ptolemy.apps.rijndael.*,ptolemy.apps.robot.*,ptolemy.apps.security.*,ptolemy.apps.sobel.*,ptolemy.apps.soot.*,ptolemy.apps.throttle.*,ptolemy.apps.tini.*,ptolemy.apps.transmission.*,ptolemy.apps.vergil.*,ptolemy.apps.waba.*,ptolemy.apps.websensor.*,ptolemy.apps.webstart.*,ptolemy.apps.xsl.*,ptolemy.apps.zaurus.*,ptolemy.backtrack.eclipse.plugin.*,ptolemy.backtrack.test.*,ptolemy.codegen.c.actor.lib.oldJavaFiles.*,ptolemy.codegen.dsp.lib.*,ptolemy.codegen.kernel.newInterfaces.*,ptolemy.codegen.lib.*,ptolemy.copernicus.kernel.fragment.*,ptolemy.copernicus.shallow.cg.*,ptolemy.domains.giotto.demo.Hierarchy.Hierarchy.*,ptolemy.domains.giotto.demo.Multimode.Multimode.*,ptolemy.domains.giotto.demo.Simple.Simple.*,ptolemy.domains.gr.lib.experimental.*,ptolemy.domains.gro.*,ptolemy.domains.pdf.*,ptolemy.domains.ptinyos.demo.Surge.output.*,ptolemy.moml.test.NoPackageActor.java*,ptolemy.plot.adm.*,ptolemy.plot.servlet.*,reports.*,signed.*,src.*,target.*,vendors.*,ptolemy.cg.adapter.generic.program.procedural.c.mbed*,ptolemy.actor.lib.fmi.fmus.omc*,ptolemy.domains.openmodelica*,ptdb.kernel.bl.save.test.*,ptdb.kernel.bl.load.test.*,ptdb.kernel.bl.search.test.*,ptdb.kernel.bl.migration.test.*,ptdb.kernel.database.test.*,ptdb.test.*,ptdb.gui.test.*,org.ptolemy.scala.*,diva.util.java2d.svg.*,ptolemy.domains.ptinyos.*,ptolemy.actor.lib.fmi.fmipp.*,,org.terraswarm.accessor.accessors.web.node_modules.*,org.terraswarm.accessor.accessors-svn,ptolemy.actor.ptalon.demo.ptinyos.SendAndReceiveCnt.output,ptolemy.actor.ptalon.demo.ptinyos.SenseToLeds.output,ptolemy.domains.ptinyos.demo.CntToLedsAndRfm.output,ptolemy.domains.ptinyos.demo.RfmToLeds.output,ptolemy.domains.ptinyos.demo.SendAndReceiveCnt.output,ptolemy.domains.ptinyos.demo.SenseToLeds.output,ptolemy.actor.lib.jjs.modules.udpSocket.*" />
    <property name="env.JAVA_HOME" value="/usr/lib/jvm/java-8-oracle" />
    <property name="env.PTII" value="/home/travis/build/icyphy/ptII" />
    <property name="env.TRAVIS_COMMIT_MESSAGE" value="Update the DOP Center images as part of the installer build." />
    <property name="keystore" value="ptKeystore" />
    <property name="env.XDG_SESSION_ID" value="2" />
    <property name="junit.output.dir" value="/home/travis/build/icyphy/ptII/reports/junit" />
    <property name="npm.return.code" value="0" />
    <property name="user.dir" value="/home/travis/build/icyphy/ptII/ptolemy/configs/test" />
    <property name="env.TRAVIS_NODE_VERSION" value="7" />
    <property name="env.XFILESEARCHPATH" value="/usr/dt/app-defaults/%L/Dt" />
    <property name="env.TRAVIS_EVENT_TYPE" value="push" />
    <property name="env.MAIL" value="/var/mail/travis" />
    <property name="env.PWD" value="/home/travis/build/icyphy/ptII" />
    <property name="env.PERLBREW_ROOT" value="/home/travis/perl5/perlbrew" />
    <property name="timeout.npm" value="45000" />
    <property name="env.PAGER" value="cat" />
    <property name="sun.cpu.endian" value="little" />
    <property name="env.TRAVIS_BUILD_STAGE_NAME" value="Test" />
    <property name="env.PERLBREW_HOME" value="/home/travis/.perlbrew" />
    <property name="env.RAILS_ENV" value="test" />
    <property name="java.vm.version" value="25.151-b12" />
    <property name="java.class.path" value="/home/travis/build/icyphy/ptII:/home/travis/build/icyphy/ptII/lib/bsh-2.0b4.jar:/home/travis/build/icyphy/ptII/lib/ptCal.jar:/home/travis/build/icyphy/ptII/lib/java_cup.jar:/home/travis/build/icyphy/ptII/lib/saxon8.jar:/home/travis/build/icyphy/ptII/lib/saxon8-dom.jar:/home/travis/build/icyphy/ptII/lib/chic.jar:/home/travis/build/icyphy/ptII/lib/ptcolt.jar:/usr/lib/jvm/java-8-oracle/lib/tools.jar:/usr/lib/eclipse/plugins/org.eclipse.jdt.core_3.8.2.dist.jar:/usr/lib/eclipse/plugins/org.eclipse.core.runtime_3.8.0.dist.jar:/usr/lib/eclipse/plugins/org.eclipse.osgi_3.8.1.dist.jar:/usr/lib/eclipse/plugins/org.eclipse.core.resources_3.8.1.dist.jar:/usr/lib/eclipse/plugins/org.eclipse.equinox.common_3.6.100.dist.jar:/usr/lib/eclipse/plugins/org.eclipse.core.jobs_3.5.200.dist.jar:/usr/lib/eclipse/plugins/org.eclipse.core.contenttype_3.4.200.dist.jar:/usr/lib/eclipse/plugins/org.eclipse.equinox.preferences_3.5.0.dist.jar:/usr/lib/eclipse/plugins/org.eclipse.text_3.5.200.dist.jar:/usr/lib/eclipse/plugins/org.eclipse.ui.workbench_3.8.1.dist.jar:/usr/lib/eclipse/plugins/org.eclipse.jface_3.8.0.dist.jar:/usr/lib/eclipse/plugins/org.eclipse.swt_3.8.2.jar:/usr/lib/eclipse/plugins/org.eclipse.jface.text_3.8.1.dist.jar:/usr/lib/eclipse/plugins/org.eclipse.ui.workbench.texteditor_3.8.0.dist.jar:/usr/lib/eclipse/plugins/org.eclipse.ui.editors_3.8.0.dist.jar:/usr/lib/eclipse/plugins/org.eclipse.core.commands_3.6.1.dist.jar:/usr/lib/eclipse/plugins/org.eclipse.equinox.registry_3.5.200.dist.jar:/usr/lib/eclipse/plugins/org.eclipse.ui.console_3.5.100.dist.jar:/usr/lib/eclipse/plugins/org.eclipse.ui.forms_3.5.200.dist.jar:/usr/lib/eclipse/plugins/org.eclipse.ui.ide_3.8.1.dist.jar:/home/travis/build/icyphy/ptII/vendors/oracle/dbxml.jar:/home/travis/build/icyphy/ptII/vendors/oracle/db.jar:/home/travis/build/icyphy/ptII/vendors/misc/itext/iText.jar:/home/travis/build/icyphy/ptII/lib/g4ltl.jar:/home/travis/build/icyphy/ptII/lib/StructuralCoder.jar:/home/travis/build/icyphy/ptII/lib/org-openide-util.jar:/home/travis/build/icyphy/ptII/lib/org-openide-util-lookup.jar:/home/travis/build/icyphy/ptII/lib/org-netbeans-api-visual.jar:/home/travis/build/icyphy/ptII/vendors/jai-1_1_2_01/lib/jai_core.jar:/home/travis/build/icyphy/ptII/vendors/jai-1_1_2_01/lib/jai_codec.jar:/home/travis/build/icyphy/ptII/lib/jcerti.jar:/home/travis/build/icyphy/ptII/lib/smack.jar:/home/travis/build/icyphy/ptII/lib/smackx.jar:/home/travis/build/icyphy/ptII/lib/jetty-all-8.1.5-v20120716.jar:/home/travis/build/icyphy/ptII/lib/javax.servlet-api-3.0.1.jar:/home/travis/build/icyphy/ptII/lib/javax.mail.jar:/home/travis/build/icyphy/ptII/vendors/JMF-2.1.1e/lib/jmf.jar:/home/travis/build/icyphy/ptII/lib/jna-4.0.0-variadic.jar:/home/travis/build/icyphy/ptII/vendors/misc/joystick/Joystick.jar:/home/travis/build/icyphy/ptII/lib/ptjacl.jar:/home/travis/build/icyphy/ptII/lib/jsoup-1.8.2.jar:/home/travis/build/icyphy/ptII/lib/junit-4.8.2.jar:/home/travis/build/icyphy/ptII/lib/JUnitParams-0.4.0.jar:/home/travis/build/icyphy/ptII/ptolemy/actor/lib/excel/jxl.jar:/home/travis/build/icyphy/ptII/lib/jython.jar:/home/travis/build/icyphy/ptII/lib/kieler.jar:/home/travis/build/icyphy/ptII/vendors/opencv/share/OpenCV/java/opencv-341.jar:/home/travis/build/icyphy/ptII/lib/oscP5.jar:/home/travis/build/icyphy/ptII/lib/nrjavaserial-3.11.0.devel.jar:/usr/share/java/j3dcore.jar:/usr/share/java/j3dutils.jar:/usr/share/java/vecmath.jar:/home/travis/build/icyphy/ptII/ptolemy/distributed/jini/jar/jini-core.jar:/home/travis/build/icyphy/ptII/ptolemy/distributed/jini/jar/jini-ext.jar:/home/travis/build/icyphy/ptII/ptolemy/distributed/jini/jar/sun-util.jar:/home/travis/build/icyphy/ptII/lib/protobuf-java-2.4.1.jar:/home/travis/build/icyphy/ptII/lib/org.eclipse.paho.client.mqttv3.jar:/home/travis/build/icyphy/ptII/ptserver/lib/hessian-4.0.7.jar:/home/travis/build/icyphy/ptII/ptserver/lib/wmqtt.jar:/home/travis/build/icyphy/ptII/lib/mapss.jar:/home/travis/build/icyphy/ptII/ptolemy/actor/ptalon/antlr/antlr.jar:/home/travis/build/icyphy/ptII/lib/JRI.jar:/home/travis/build/icyphy/ptII/lib/commons-lang-2.6.jar:/home/travis/build/icyphy/ptII/lib/commons-logging-1.1.1.jar:/home/travis/build/icyphy/ptII/lib/sootclasses.jar:/home/travis/build/icyphy/ptII/ptolemy/actor/lib/database/mysql-connector-java-5.1.6-bin.jar:/home/travis/build/icyphy/ptII/vendors/misc/sphinx4/sphinx4-data-5prealpha.jar:/home/travis/build/icyphy/ptII/vendors/misc/sphinx4/sphinx4-core-5prealpha.jar:/home/travis/build/icyphy/ptII/lib/PDFRenderer.jar:/home/travis/build/icyphy/ptII/lib/svgSalamander.jar:/home/travis/build/icyphy/ptII/lib/rsyntaxtextarea-2.6.0-SNAPSHOT.jar:/home/travis/build/icyphy/ptII/lib/hazelcast-3.8.2.jar:/home/travis/build/icyphy/ptII/lib/jackson-annotations-2.9.0.jar:/home/travis/build/icyphy/ptII/lib/jackson-core-2.9.3.jar:/home/travis/build/icyphy/ptII/lib/jackson-databind-2.9.3.jar:/home/travis/build/icyphy/ptII/lib/netty-buffer-4.1.19.Final.jar:/home/travis/build/icyphy/ptII/lib/netty-codec-4.1.19.Final.jar:/home/travis/build/icyphy/ptII/lib/netty-codec-dns-4.1.19.Final.jar:/home/travis/build/icyphy/ptII/lib/netty-codec-http-4.1.19.Final.jar:/home/travis/build/icyphy/ptII/lib/netty-codec-http2-4.1.19.Final.jar:/home/travis/build/icyphy/ptII/lib/netty-common-4.1.19.Final.jar:/home/travis/build/icyphy/ptII/lib/netty-handler-4.1.19.Final.jar:/home/travis/build/icyphy/ptII/lib/netty-resolver-4.1.19.Final.jar:/home/travis/build/icyphy/ptII/lib/netty-resolver-dns-4.1.19.Final.jar:/home/travis/build/icyphy/ptII/lib/netty-transport-4.1.19.Final.jar:/home/travis/build/icyphy/ptII/lib/vertx-codegen-3.5.1.jar:/home/travis/build/icyphy/ptII/lib/vertx-core-3.5.2-SNAPSHOT.jar:/home/travis/build/icyphy/ptII/lib/vertx-hazelcast-3.5.1.jar:/home/travis/build/icyphy/ptII/lib/vertx-lang-js-3.5.1.jar:/home/travis/build/icyphy/ptII/lib/vertx-service-proxy-3.5.1.jar:/home/travis/build/icyphy/ptII/lib/vertx-web-3.5.1.jar:/home/travis/build/icyphy/ptII/lib/slf4j-api-1.7.13.jar:/home/travis/build/icyphy/ptII/lib/slf4j-simple-1.7.13.jar:/home/travis/build/icyphy/ptII/lib/webcam-capture-0.3.12.jar:/home/travis/build/icyphy/ptII/lib/bridj-0.7.0.jar:/home/travis/build/icyphy/ptII/lib/xbjlib-1.1.0.nrjavaserial.jar:/home/travis/build/icyphy/ptII/ptolemy/moml/test:/home/travis/build/icyphy/ptII/ant/lib/ant-launcher.jar:/home/travis/build/icyphy/ptII/ant/lib/ant.jar:/home/travis/build/icyphy/ptII/ant/lib/ant-junit.jar:/home/travis/build/icyphy/ptII/ant/lib/ant-junit4.jar" />
    <property name="ant.library.dir" value="/home/travis/build/icyphy/ptII/ant/lib" />
    <property name="os.arch" value="amd64" />
    <property name="env.TRAVIS_LANGUAGE" value="node_js" />
    <property name="env.CONTINUOUS_INTEGRATION" value="true" />
    <property name="env.TRAVIS_STACK_LANGUAGES" value="__garnet__ c c++ clojure cplusplus cpp default go groovy java node_js php pure_java python ruby scala" />
    <property name="test.name" value="ptolemy.actor.lib.test.junit.JUnitTclTest" />
    <property name="sun.java.launcher" value="SUN_STANDARD" />
    <property name="env.PYTHON_CONFIGURE_OPTS" value="--enable-unicode=ucs4 --with-wide-unicode --enable-shared --enable-ipv6 --enable-loadable-sqlite-extensions --with-computed-gotos" />
    <property name="ant.core.lib" value="/home/travis/build/icyphy/ptII/ant/lib/ant.jar" />
    <property name="java.vm.specification.vendor" value="Oracle Corporation" />
    <property name="env.BCVTB_HOME" value="/home/travis/build/icyphy/ptII/lbnl" />
    <property name="file.separator" value="/" />
    <property name="java.runtime.version" value="1.8.0_151-b12" />
    <property name="spotbugs.home" value="/home/travis/build/icyphy/ptII/vendors/spotbugs-3.1.1" />
    <property name="sun.boot.class.path" value="/usr/lib/jvm/java-8-oracle/jre/lib/resources.jar:/usr/lib/jvm/java-8-oracle/jre/lib/rt.jar:/usr/lib/jvm/java-8-oracle/jre/lib/sunrsasign.jar:/usr/lib/jvm/java-8-oracle/jre/lib/jsse.jar:/usr/lib/jvm/java-8-oracle/jre/lib/jce.jar:/usr/lib/jvm/java-8-oracle/jre/lib/charsets.jar:/usr/lib/jvm/java-8-oracle/jre/lib/jfr.jar:/usr/lib/jvm/java-8-oracle/jre/classes" />
    <property name="env.HAS_JOSH_K_SEAL_OF_APPROVAL" value="true" />
    <property name="env.TRAVIS_OSX_IMAGE" value="" />
    <property name="env.XDG_RUNTIME_DIR" value="/run/user/2000" />
    <property name="env.TRAVIS_BRANCH" value="master" />
    <property name="env.TRAVIS_JOB_ID" value="389476049" />
    <property name="env.CERTI_HOME_TRAVIS" value="/home/travis/pthla/certi-tools" />
    <property name="user.country" value="US" />
    <property name="env.SHELL" value="/bin/bash" />
    <property name="java.maxmemory.large" value="5000m" />
    <property name="model" value="" />
    <property name="env.PT_TRAVIS_TEST_CORE5_XML" value="true" />
    <property name="env.CASHER_DIR" value="/home/travis/.casher" />
    <property name="env.NVM_CD_FLAGS" value="" />
    <property name="jshint.executable" value="/home/travis/node_modules/jshint/bin/jshint" />
    <property name="java.vendor" value="Oracle Corporation" />
    <property name="env.JRUBY_OPTS" value=" --client -J-XX:+TieredCompilation -J-XX:TieredStopAtLevel=1 -J-Xss2m -Xcompile.invokedynamic=false" />
    <property name="env.TRAVIS_PRE_CHEF_BOOTSTRAP_TIME" value="2017-12-05T19:32:55" />
    <property name="env.TRAVIS_STACK_JOB_BOARD_REGISTER" value="/.job-board-register.yml" />
    <property name="env.ELIXIR_VERSION" value="1.4.5" />
    <property name="java.specification.version" value="1.8" />
    <property name="env.IRBRC" value="/home/travis/.rvm/rubies/ruby-2.4.1/.irbrc" />
    <property name="env.TRAVIS" value="true" />
    <property name="sun.arch.data.model" value="64" />
  </properties>
  <testcase classname="ptolemy.util.test.junit.TclTests" name="[0] /home/travis/build/icyphy/ptII/ptolemy/configs/test/allConfigs.tcl (RunTclFile)" time="271.568" />
  <testcase classname="ptolemy.util.test.junit.TclTests" name="[1] /home/travis/build/icyphy/ptII/ptolemy/configs/test/allDemos.tcl (RunTclFile)" time="0.002" />
  <testcase classname="ptolemy.util.test.junit.TclTests" name="[2] /home/travis/build/icyphy/ptII/ptolemy/configs/test/checkFullConstraints.tcl (RunTclFile)" time="249.061" />
  <testcase classname="ptolemy.util.test.junit.TclTests" name="[3] /home/travis/build/icyphy/ptII/ptolemy/configs/test/cloneTest.tcl (RunTclFile)" time="0.044" />
  <testcase classname="ptolemy.util.test.junit.TclTests" name="[4] /home/travis/build/icyphy/ptII/ptolemy/configs/test/configTest.tcl (RunTclFile)" time="14.712" />
  <testcase classname="ptolemy.util.test.junit.TclTests" name="[5] /home/travis/build/icyphy/ptII/ptolemy/configs/test/configurationTools.tcl (RunTclFile)" time="0.0" />
  <testcase classname="ptolemy.util.test.junit.TclTests" name="[6] /home/travis/build/icyphy/ptII/ptolemy/configs/test/missingDemos.tcl (RunTclFile)" time="159.726" />
  <testcase classname="ptolemy.util.test.junit.TclTests" name="[7] /home/travis/build/icyphy/ptII/ptolemy/configs/test/validDemos.tcl (RunTclFile)" time="27.651" />
  <testcase classname="ptolemy.util.test.junit.AutoKnownFailedTests" name="[0] ThereAreNoKnowFailedTests (RunModel)" time="0.001" />
  <testcase classname="ptolemy.util.test.junit.AutoNameArchTests" name="[0] ThereAreNoAutoArchTests (RunModel)" time="0.0" />
  <testcase classname="ptolemy.util.test.junit.AutoTests" name="[0] ThereAreNoAutoTests (RunModel)" time="0.009" />
  <system-out><![CDATA[/home/travis/build/icyphy/ptII/ptolemy/configs/test/allConfigs.tcl
testDefs.tcl: setting time out to 9000 seconds at Thu Jun 07 23:39:45 UTC 2018
1528414785599 ms. Memory: 116224K Free: 93825K (81%)
 Force everything to get expanded ptolemy/configs/bcvtb/configuration.xml
    (Skipping certain optional packages, jxta and viptos)
-------> Before clone
-------> after clone

Warning: In 'ptolemy.actor.lib.io.FileReader'
  The getName() method returns
   'fileOrURL' but the  field is named
   'fileOrURLPort'
   This is technically a violation  of the coding standard,
   but permissible because the name  ends in 'Port'
-------> Before clone
-------> after clone
1528414798388 ms. Memory: 951808K Free: 719669K (76%)
Setting containers of atomic entities to null
1528414798714 ms. Memory: 989184K Free: 915854K (93%)
 Force everything to get expanded ptolemy/configs/ptiny/configuration.xml
    (Skipping certain optional packages, jxta and viptos)
-------> Before clone
-------> after clone

Warning: In 'ptolemy.actor.lib.io.FileReader'
  The getName() method returns
   'fileOrURL' but the  field is named
   'fileOrURLPort'
   This is technically a violation  of the coding standard,
   but permissible because the name  ends in 'Port'
-------> Before clone
-------> after clone
1528414809266 ms. Memory: 1217536K Free: 433085K (36%)
Setting containers of atomic entities to null
1528414809971 ms. Memory: 1390080K Free: 1262729K (91%)
 Force everything to get expanded ptolemy/configs/space/configuration.xml
    (Skipping certain optional packages, jxta and viptos)
-------> Before clone
-------> after clone
Warning: space/configuration.xml has no 'actor library.Directors'? (this is ok for dsp, viptos)
-------> Before clone
-------> after clone
1528414810177 ms. Memory: 1390080K Free: 1195785K (86%)
Setting containers of atomic entities to null
1528414810623 ms. Memory: 1398784K Free: 1272305K (91%)
 Force everything to get expanded ptolemy/configs/dsp/configuration.xml
    (Skipping certain optional packages, jxta and viptos)
-------> Before clone
-------> after clone

Warning: In 'ptolemy.actor.lib.io.FileReader'
  The getName() method returns
   'fileOrURL' but the  field is named
   'fileOrURLPort'
   This is technically a violation  of the coding standard,
   but permissible because the name  ends in 'Port'
Warning: dsp/configuration.xml has no 'actor library.Directors'? (this is ok for dsp, viptos)
-------> Before clone
-------> after clone
1528414813686 ms. Memory: 1410560K Free: 466601K (33%)
Setting containers of atomic entities to null
1528414814413 ms. Memory: 1407488K Free: 1260436K (90%)
Skipping viptos/configuration.xml, PtinyOS is not typically installed.
 Force everything to get expanded ptolemy/configs/pn/configuration.xml
    (Skipping certain optional packages, jxta and viptos)
-------> Before clone
-------> after clone

Warning: In 'ptolemy.actor.lib.io.FileReader'
  The getName() method returns
   'fileOrURL' but the  field is named
   'fileOrURLPort'
   This is technically a violation  of the coding standard,
   but permissible because the name  ends in 'Port'
Warning: pn/configuration.xml has no 'actor library.Directors'? (this is ok for dsp, viptos)
-------> Before clone
-------> after clone
1528414820005 ms. Memory: 1510912K Free: 1269638K (84%)
Setting containers of atomic entities to null
1528414820581 ms. Memory: 1635840K Free: 1459087K (89%)
 Force everything to get expanded ptolemy/configs/ptdb/configuration.xml
    (Skipping certain optional packages, jxta and viptos)
-------> Before clone
-------> after clone

Warning: In 'ptolemy.actor.lib.io.FileReader'
  The getName() method returns
   'fileOrURL' but the  field is named
   'fileOrURLPort'
   This is technically a violation  of the coding standard,
   but permissible because the name  ends in 'Port'
Skipping drop test of tm.kernel.SchedulePlotter because it must be dropped into a container that has a TMDirector
-------> Before clone
-------> after clone
1528414831709 ms. Memory: 1752064K Free: 271902K (16%)
Setting containers of atomic entities to null
1528414833077 ms. Memory: 1800704K Free: 1538031K (85%)
 Force everything to get expanded ptolemy/configs/cyphysim/configuration.xml
    (Skipping certain optional packages, jxta and viptos)
-------> Before clone
-------> after clone

Warning: In 'ptolemy.actor.lib.io.FileReader'
  The getName() method returns
   'fileOrURL' but the  field is named
   'fileOrURLPort'
   This is technically a violation  of the coding standard,
   but permissible because the name  ends in 'Port'
Skipping StateSpaceModel as this test iterates through the attributes and calls attributeChanged, which triggers a ConcurrentModificationException.  See org/ptolemy/ssm/test/SSMTest.java
Skipping StateSpaceModel as this test iterates through the attributes and calls attributeChanged, which triggers a ConcurrentModificationException.  See org/ptolemy/ssm/test/SSMTest.java
Skipping StateSpaceModel as this test iterates through the attributes and calls attributeChanged, which triggers a ConcurrentModificationException.  See org/ptolemy/ssm/test/SSMTest.java
Warning: cyphysim/configuration.xml has no 'actor library.Directors'? (this is ok for dsp, viptos)
-------> Before clone
-------> after clone
1528414844482 ms. Memory: 1973760K Free: 727399K (37%)
Setting containers of atomic entities to null
1528414845985 ms. Memory: 1975808K Free: 1647213K (83%)
 Force everything to get expanded ptolemy/configs/capecode/configuration.xml
    (Skipping certain optional packages, jxta and viptos)
JSAccessor: PT_NO_NET environment variable is set, so git pull and ptdoc are not being run.
Retrieving library from file:/home/travis/build/icyphy/ptII/org/terraswarm/accessor/accessors/web/index.json
Retrieving library from file:/home/travis/build/icyphy/ptII/org/terraswarm/accessor/accessors/web/audio/index.json
Retrieving library from file:/home/travis/build/icyphy/ptII/org/terraswarm/accessor/accessors/web/cameras/index.json
No physical cameras found, using WebcamDummyDriver.
Retrieving library from file:/home/travis/build/icyphy/ptII/org/terraswarm/accessor/accessors/web/devices/index.json
Retrieving library from file:/home/travis/build/icyphy/ptII/org/terraswarm/accessor/accessors/web/image/index.json
CharacterRecognition: The tesseract module was not present.  The CharacterRecognition accessor is not supported on this accessor host. (Thread[main,5,main])
CharacterRecognition: The tesseract module was not present.  The CharacterRecognition accessor is not supported on this accessor host. (Thread[main,5,main])
Retrieving library from file:/home/travis/build/icyphy/ptII/org/terraswarm/accessor/accessors/web/net/index.json
Retrieving library from file:/home/travis/build/icyphy/ptII/org/terraswarm/accessor/accessors/web/robotics/index.json
Retrieving library from file:/home/travis/build/icyphy/ptII/org/terraswarm/accessor/accessors/web/geodesy/index.json
Retrieving library from file:/home/travis/build/icyphy/ptII/org/terraswarm/accessor/accessors/web/services/index.json
Retrieving library from file:/home/travis/build/icyphy/ptII/org/terraswarm/accessor/accessors/web/signals/index.json
Retrieving library from file:/home/travis/build/icyphy/ptII/org/terraswarm/accessor/accessors/web/test/index.json
Retrieving library from file:/home/travis/build/icyphy/ptII/org/terraswarm/accessor/accessors/web/utilities/index.json
The Mutable accessor original file has no documentation, so we are not running jsdoc on https://accessors.org/utilities/Mutable.js
-------> Before clone
-------> after clone

Warning: In 'ptolemy.actor.lib.io.FileReader'
  The getName() method returns
   'fileOrURL' but the  field is named
   'fileOrURLPort'
   This is technically a violation  of the coding standard,
   but permissible because the name  ends in 'Port'
Skipping StateSpaceModel as this test iterates through the attributes and calls attributeChanged, which triggers a ConcurrentModificationException.  See org/ptolemy/ssm/test/SSMTest.java
Skipping StateSpaceModel as this test iterates through the attributes and calls attributeChanged, which triggers a ConcurrentModificationException.  See org/ptolemy/ssm/test/SSMTest.java
Skipping StateSpaceModel as this test iterates through the attributes and calls attributeChanged, which triggers a ConcurrentModificationException.  See org/ptolemy/ssm/test/SSMTest.java
Warning: capecode/configuration.xml has no 'actor library.Directors'? (this is ok for dsp, viptos)
-------> Before clone
-------> after clone
1528414936474 ms. Memory: 2243072K Free: 1017861K (45%)
Setting containers of atomic entities to null
1528414939567 ms. Memory: 2243072K Free: 1526430K (68%)
 Force everything to get expanded ptolemy/configs/full/configuration.xml
    (Skipping certain optional packages, jxta and viptos)
Retrieving library from file:/home/travis/build/icyphy/ptII/org/terraswarm/accessor/accessors/web/index.json
Retrieving library from file:/home/travis/build/icyphy/ptII/org/terraswarm/accessor/accessors/web/audio/index.json
Retrieving library from file:/home/travis/build/icyphy/ptII/org/terraswarm/accessor/accessors/web/cameras/index.json
Retrieving library from file:/home/travis/build/icyphy/ptII/org/terraswarm/accessor/accessors/web/devices/index.json
Retrieving library from file:/home/travis/build/icyphy/ptII/org/terraswarm/accessor/accessors/web/image/index.json
CharacterRecognition: The tesseract module was not present.  The CharacterRecognition accessor is not supported on this accessor host. (Thread[main,5,main])
CharacterRecognition: The tesseract module was not present.  The CharacterRecognition accessor is not supported on this accessor host. (Thread[main,5,main])
Retrieving library from file:/home/travis/build/icyphy/ptII/org/terraswarm/accessor/accessors/web/net/index.json
Retrieving library from file:/home/travis/build/icyphy/ptII/org/terraswarm/accessor/accessors/web/robotics/index.json
Retrieving library from file:/home/travis/build/icyphy/ptII/org/terraswarm/accessor/accessors/web/geodesy/index.json
Retrieving library from file:/home/travis/build/icyphy/ptII/org/terraswarm/accessor/accessors/web/services/index.json
Retrieving library from file:/home/travis/build/icyphy/ptII/org/terraswarm/accessor/accessors/web/signals/index.json
Retrieving library from file:/home/travis/build/icyphy/ptII/org/terraswarm/accessor/accessors/web/test/index.json
Retrieving library from file:/home/travis/build/icyphy/ptII/org/terraswarm/accessor/accessors/web/utilities/index.json
The Mutable accessor original file has no documentation, so we are not running jsdoc on https://accessors.org/utilities/Mutable.js
-------> Before clone
-------> after clone

Warning: In 'ptolemy.actor.lib.io.FileReader'
  The getName() method returns
   'fileOrURL' but the  field is named
   'fileOrURLPort'
   This is technically a violation  of the coding standard,
   but permissible because the name  ends in 'Port'
Skipping StateSpaceModel as this test iterates through the attributes and calls attributeChanged, which triggers a ConcurrentModificationException.  See org/ptolemy/ssm/test/SSMTest.java
Skipping StateSpaceModel as this test iterates through the attributes and calls attributeChanged, which triggers a ConcurrentModificationException.  See org/ptolemy/ssm/test/SSMTest.java
Skipping StateSpaceModel as this test iterates through the attributes and calls attributeChanged, which triggers a ConcurrentModificationException.  See org/ptolemy/ssm/test/SSMTest.java
Skipping drop test of tm.kernel.SchedulePlotter because it must be dropped into a container that has a TMDirector
-------> Before clone
-------> after clone
1528415017915 ms. Memory: 2751488K Free: 1112926K (40%)
Setting containers of atomic entities to null
1528415021785 ms. Memory: 2753536K Free: 1593761K (58%)
 Force everything to get expanded ptolemy/configs/ptinyViewer/configuration.xml
    (Skipping certain optional packages, jxta and viptos)
-------> Before clone
-------> after clone
Warning: ptinyViewer/configuration.xml has no 'actor library'?  (this is ok for ptinyViewer)
-------> Before clone
-------> after clone
1528415021802 ms. Memory: 2753536K Free: 1593761K (58%)
Setting containers of atomic entities to null
1528415024026 ms. Memory: 2755584K Free: 1617061K (59%)
 Force everything to get expanded ptolemy/configs/ptserver/configuration.xml
    (Skipping certain optional packages, jxta and viptos)
-------> Before clone
-------> after clone

Warning: In 'ptolemy.actor.lib.io.FileReader'
  The getName() method returns
   'fileOrURL' but the  field is named
   'fileOrURLPort'
   This is technically a violation  of the coding standard,
   but permissible because the name  ends in 'Port'
-------> Before clone
-------> after clone
1528415029224 ms. Memory: 2811904K Free: 1237168K (44%)
Setting containers of atomic entities to null
1528415031980 ms. Memory: 2460672K Free: 1272013K (52%)
 Force everything to get expanded ptolemy/configs/visualsense/configuration.xml
    (Skipping certain optional packages, jxta and viptos)
-------> Before clone
-------> after clone

Warning: In 'ptolemy.actor.lib.io.FileReader'
  The getName() method returns
   'fileOrURL' but the  field is named
   'fileOrURLPort'
   This is technically a violation  of the coding standard,
   but permissible because the name  ends in 'Port'
-------> Before clone
-------> after clone
1528415037600 ms. Memory: 2830336K Free: 1586085K (56%)
Setting containers of atomic entities to null
1528415040459 ms. Memory: 2838016K Free: 1606239K (57%)
Skipping jxta/configuration.xml, running vergil -jxta brings up a window
 Force everything to get expanded ptolemy/configs/fullViewer/configuration.xml
    (Skipping certain optional packages, jxta and viptos)
-------> Before clone
-------> after clone
Warning: fullViewer/configuration.xml has no 'actor library'?  (this is ok for ptinyViewer)
-------> Before clone
-------> after clone
1528415040523 ms. Memory: 2838016K Free: 1563576K (55%)
Setting containers of atomic entities to null
1528415043976 ms. Memory: 2542080K Free: 1305560K (51%)
 Force everything to get expanded ptolemy/configs/hyvisual/configuration.xml
    (Skipping certain optional packages, jxta and viptos)
-------> Before clone
-------> after clone
-------> Before clone
-------> after clone
1528415046384 ms. Memory: 2860544K Free: 1030281K (36%)
Setting containers of atomic entities to null
1528415049140 ms. Memory: 2846208K Free: 1588899K (56%)
 Force everything to get expanded ptolemy/configs/ptinyKepler/configuration.xml
    (Skipping certain optional packages, jxta and viptos)
-------> Before clone
-------> after clone

Warning: In 'ptolemy.actor.lib.io.FileReader'
  The getName() method returns
   'fileOrURL' but the  field is named
   'fileOrURLPort'
   This is technically a violation  of the coding standard,
   but permissible because the name  ends in 'Port'
-------> Before clone
-------> after clone
1528415053990 ms. Memory: 2894336K Free: 1290890K (45%)
Setting containers of atomic entities to null
1528415056999 ms. Memory: 2726912K Free: 1429871K (52%)
allConfigs.tcl done!
/home/travis/build/icyphy/ptII/ptolemy/configs/test/allDemos.tcl
Skipping allDemos-1.0, use cd /home/travis/build/icyphy/ptII/ptolemy/configs/test/../../..; ant test.single -Dtest.name=ptolemy.vergil.basic.export.test.junit.ExportModelJUnitTest
/home/travis/build/icyphy/ptII/ptolemy/configs/test/checkFullConstraints.tcl
FIXME FIXME FIXME FIXME FIXME FIXME
ptolemy/configs/test/checkFullConstraints.tcl: FIXME: Invoking Configuration.check() 
results in a memory leak that consumes
more than 4gig of memory and causes problems under Travis.
so, we check the constraints only of the full configuration.
FIXME FIXME FIXME FIXME FIXME FIXME
 Force everything to get expanded ptolemy/configs/configurationFile
    (Skipping certain optional packages, jxta and viptos)
Retrieving library from file:/home/travis/build/icyphy/ptII/org/terraswarm/accessor/accessors/web/index.json
Retrieving library from file:/home/travis/build/icyphy/ptII/org/terraswarm/accessor/accessors/web/audio/index.json
Retrieving library from file:/home/travis/build/icyphy/ptII/org/terraswarm/accessor/accessors/web/cameras/index.json
Retrieving library from file:/home/travis/build/icyphy/ptII/org/terraswarm/accessor/accessors/web/devices/index.json
Retrieving library from file:/home/travis/build/icyphy/ptII/org/terraswarm/accessor/accessors/web/image/index.json
CharacterRecognition: The tesseract module was not present.  The CharacterRecognition accessor is not supported on this accessor host. (Thread[main,5,main])
CharacterRecognition: The tesseract module was not present.  The CharacterRecognition accessor is not supported on this accessor host. (Thread[main,5,main])
Retrieving library from file:/home/travis/build/icyphy/ptII/org/terraswarm/accessor/accessors/web/net/index.json
Retrieving library from file:/home/travis/build/icyphy/ptII/org/terraswarm/accessor/accessors/web/robotics/index.json
Retrieving library from file:/home/travis/build/icyphy/ptII/org/terraswarm/accessor/accessors/web/geodesy/index.json
Retrieving library from file:/home/travis/build/icyphy/ptII/org/terraswarm/accessor/accessors/web/services/index.json
Retrieving library from file:/home/travis/build/icyphy/ptII/org/terraswarm/accessor/accessors/web/signals/index.json
Retrieving library from file:/home/travis/build/icyphy/ptII/org/terraswarm/accessor/accessors/web/test/index.json
Retrieving library from file:/home/travis/build/icyphy/ptII/org/terraswarm/accessor/accessors/web/utilities/index.json
The Mutable accessor original file has no documentation, so we are not running jsdoc on https://accessors.org/utilities/Mutable.js
Retrieving library from file:/home/travis/build/icyphy/ptII/org/terraswarm/accessor/accessors/web/index.json
Retrieving library from file:/home/travis/build/icyphy/ptII/org/terraswarm/accessor/accessors/web/audio/index.json
Retrieving library from file:/home/travis/build/icyphy/ptII/org/terraswarm/accessor/accessors/web/cameras/index.json
Retrieving library from file:/home/travis/build/icyphy/ptII/org/terraswarm/accessor/accessors/web/devices/index.json
Retrieving library from file:/home/travis/build/icyphy/ptII/org/terraswarm/accessor/accessors/web/image/index.json
CharacterRecognition: The tesseract module was not present.  The CharacterRecognition accessor is not supported on this accessor host. (Thread[main,5,main])
CharacterRecognition: The tesseract module was not present.  The CharacterRecognition accessor is not supported on this accessor host. (Thread[main,5,main])
Retrieving library from file:/home/travis/build/icyphy/ptII/org/terraswarm/accessor/accessors/web/net/index.json
Retrieving library from file:/home/travis/build/icyphy/ptII/org/terraswarm/accessor/accessors/web/robotics/index.json
Retrieving library from file:/home/travis/build/icyphy/ptII/org/terraswarm/accessor/accessors/web/geodesy/index.json
Retrieving library from file:/home/travis/build/icyphy/ptII/org/terraswarm/accessor/accessors/web/services/index.json
Retrieving library from file:/home/travis/build/icyphy/ptII/org/terraswarm/accessor/accessors/web/signals/index.json
Retrieving library from file:/home/travis/build/icyphy/ptII/org/terraswarm/accessor/accessors/web/test/index.json
Retrieving library from file:/home/travis/build/icyphy/ptII/org/terraswarm/accessor/accessors/web/utilities/index.json
The Mutable accessor original file has no documentation, so we are not running jsdoc on https://accessors.org/utilities/Mutable.js
Retrieving library from file:/home/travis/build/icyphy/ptII/org/terraswarm/accessor/accessors/web/index.json
Retrieving library from file:/home/travis/build/icyphy/ptII/org/terraswarm/accessor/accessors/web/audio/index.json
Retrieving library from file:/home/travis/build/icyphy/ptII/org/terraswarm/accessor/accessors/web/cameras/index.json
Retrieving library from file:/home/travis/build/icyphy/ptII/org/terraswarm/accessor/accessors/web/devices/index.json
Retrieving library from file:/home/travis/build/icyphy/ptII/org/terraswarm/accessor/accessors/web/image/index.json
CharacterRecognition: The tesseract module was not present.  The CharacterRecognition accessor is not supported on this accessor host. (Thread[main,5,main])
CharacterRecognition: The tesseract module was not present.  The CharacterRecognition accessor is not supported on this accessor host. (Thread[main,5,main])
Retrieving library from file:/home/travis/build/icyphy/ptII/org/terraswarm/accessor/accessors/web/net/index.json
Retrieving library from file:/home/travis/build/icyphy/ptII/org/terraswarm/accessor/accessors/web/robotics/index.json
Retrieving library from file:/home/travis/build/icyphy/ptII/org/terraswarm/accessor/accessors/web/geodesy/index.json
Retrieving library from file:/home/travis/build/icyphy/ptII/org/terraswarm/accessor/accessors/web/services/index.json
Retrieving library from file:/home/travis/build/icyphy/ptII/org/terraswarm/accessor/accessors/web/signals/index.json
Retrieving library from file:/home/travis/build/icyphy/ptII/org/terraswarm/accessor/accessors/web/test/index.json
Retrieving library from file:/home/travis/build/icyphy/ptII/org/terraswarm/accessor/accessors/web/utilities/index.json
The Mutable accessor original file has no documentation, so we are not running jsdoc on https://accessors.org/utilities/Mutable.js
####################################################################################################################################################################################################################################################################################################################################################Retrieving library from file:/home/travis/build/icyphy/ptII/org/terraswarm/accessor/accessors/web/index.json
Retrieving library from file:/home/travis/build/icyphy/ptII/org/terraswarm/accessor/accessors/web/audio/index.json
###Retrieving library from file:/home/travis/build/icyphy/ptII/org/terraswarm/accessor/accessors/web/cameras/index.json
##Retrieving library from file:/home/travis/build/icyphy/ptII/org/terraswarm/accessor/accessors/web/devices/index.json
#######Retrieving library from file:/home/travis/build/icyphy/ptII/org/terraswarm/accessor/accessors/web/image/index.json
CharacterRecognition: The tesseract module was not present.  The CharacterRecognition accessor is not supported on this accessor host. (Thread[main,5,main])
CharacterRecognition: The tesseract module was not present.  The CharacterRecognition accessor is not supported on this accessor host. (Thread[main,5,main])
########Retrieving library from file:/home/travis/build/icyphy/ptII/org/terraswarm/accessor/accessors/web/net/index.json
#####################Retrieving library from file:/home/travis/build/icyphy/ptII/org/terraswarm/accessor/accessors/web/robotics/index.json
######Retrieving library from file:/home/travis/build/icyphy/ptII/org/terraswarm/accessor/accessors/web/geodesy/index.json
###Retrieving library from file:/home/travis/build/icyphy/ptII/org/terraswarm/accessor/accessors/web/services/index.json
##########Retrieving library from file:/home/travis/build/icyphy/ptII/org/terraswarm/accessor/accessors/web/signals/index.json
#Retrieving library from file:/home/travis/build/icyphy/ptII/org/terraswarm/accessor/accessors/web/test/index.json
################Retrieving library from file:/home/travis/build/icyphy/ptII/org/terraswarm/accessor/accessors/web/utilities/index.json
The Mutable accessor original file has no documentation, so we are not running jsdoc on https://accessors.org/utilities/Mutable.js
#########################################################################################################################################################################################################################################################################################################################################---- Second call to Configuration.check
#################################################################################################################################################################################################################################################################################################################################################################CharacterRecognition: The tesseract module was not present.  The CharacterRecognition accessor is not supported on this accessor host. (Thread[main,5,main])
#########################################################################################################################################################################################################################################################################################################################################################################################################1528415306027 ms. Memory: 4512256K Free: 540441K (12%)
Setting containers of atomic entities to null
checkFullConstraints.tcl done!
/home/travis/build/icyphy/ptII/ptolemy/configs/test/cloneTest.tcl
Simple standalone clone test
The constraints of the master:
  1. (TypeConstant, arrayType(double,2)) <= (variable .Top.Map.origin: arrayType(double))
  2. (TypeConstant, double) <= (variable .Top.Map.resolution: double)
  3. (TypeConstant, {grid = arrayType(int,2), height = int, width = int}) <= (variable .Top.Map.map: {grid = arrayType(int), height = int, width = int})
  4. (port .Top.Map.map: unknown) <= (variable .Top.Map.map: {grid = arrayType(int), height = int, width = int})
  5. (variable .Top.Map.map: {grid = arrayType(int), height = int, width = int}) <= (port .Top.Map.map: unknown)
The constraints of the clone:
  1. (TypeConstant, arrayType(double,2)) <= (variable .Top.Map.origin: arrayType(double))
  2. (TypeConstant, double) <= (variable .Top.Map.resolution: double)
  3. (TypeConstant, {grid = arrayType(int,2), height = int, width = int}) <= (variable .Top.Map.map: {grid = arrayType(int), height = int, width = int})
  4. (port .Top.Map.map: unknown) <= (variable .Top.Map.map: {grid = arrayType(int), height = int, width = int})
  5. (variable .Top.Map.map: {grid = arrayType(int), height = int, width = int}) <= (port .Top.Map.map: unknown)
Congrats, the constraints are the same.
/home/travis/build/icyphy/ptII/ptolemy/configs/test/configTest.tcl
Checking file:/home/travis/build/icyphy/ptII/ptolemy/configs/ptdb/configuration.xml
Expanding the configuration
Done expanding
###############################################################################################################################################################################################################################################################################################################################################################################################################################################################################################################################
<?xml version="1.0" standalone="no"?>
<!DOCTYPE entity PUBLIC "-//UC Berkeley//DTD MoML 1//EN"
    "http://ptolemy.eecs.berkeley.edu/xml/dtd/MoML_1.dtd">
<entity name="configuration" class="ptolemy.actor.gui.Configuration">
    <property name="_createdBy" class="ptolemy.kernel.attributes.VersionAttribute" value="11.0.beta">
    </property>
    <property name="_classesToRemove" class="ptolemy.data.expr.Parameter" value="{&quot;ptolemy.codegen.kernel.StaticSchedulingCodeGenerator&quot;,&quot;ptolemy.codegen.c.kernel.CCodeGenerator&quot;}">
        <doc>An array of Strings, where each element names a class&#10;      to removed by the MoMLFilter.</doc>
    </property>
    <doc>Configuration for ptdb.</doc>
    <property name="_actorInteractionAddon" class="ptolemy.data.expr.StringParameter" value="ptdb.gui.DBReferenceActorInteractionAddon">
    </property>
    <property name="_about" class="ptolemy.data.expr.FileParameter" value="$CLASSPATH/ptolemy/configs/ptiny/intro.htm">
    </property>
    <property name="_help" class="ptolemy.data.expr.FileParameter" value="$CLASSPATH/ptolemy/configs/doc/docsPtiny.htm">
    </property>
    <property name="tableauFactory" class="ptolemy.actor.gui.TableauFactory">
        <property name="factoryModal" class="ptolemy.actor.gui.PtolemyTableauFactory">
            <property name="FSM Editor" class="ptolemy.vergil.modal.FSMGraphTableau$Factory">
                <property name="_library" class="ptolemy.moml.LibraryAttribute">
                    <configure>
    <entity name="StateLibrary" class="ptolemy.kernel.CompositeEntity"><input source="ptolemy/configs/basicUtilities.xml"></input><entity name="State" class="ptolemy.domains.modal.kernel.State"><property name="_centerName" class="ptolemy.kernel.util.Attribute"></property></entity></entity>
  </configure>
                </property>
            </property>
            <property name="Run Window" class="ptolemy.actor.gui.RunTableau$TopFactory">
            </property>
            <property name="Tree View" class="ptolemy.vergil.tree.TreeTableau$Factory">
            </property>
            <property name="XML view" class="ptolemy.actor.gui.TextEditorTableau$Factory">
                <property name="syntaxStyle" class="ptolemy.kernel.util.StringAttribute" value="text/xml">
                </property>
            </property>
        </property>
        <property name="factory2" class="ptolemy.actor.gui.PtolemyTableauFactory">
            <property name="Graph Editor" class="ptdb.gui.ActorGraphDBTableau$Factory">
                <property name="gtlibrary" class="ptolemy.moml.LibraryAttribute">
                    <configure>
		        <entity name="gtLibrary" class="ptolemy.kernel.CompositeEntity"><input source="ptolemy/configs/ptdb/searchFrameLibrary.xml"></input></entity>
		      </configure>
                </property>
            </property>
            <property name="Run Window" class="ptolemy.actor.gui.RunTableau$Factory">
            </property>
            <property name="JVM Properties" class="ptolemy.actor.gui.JVMTableau$Factory">
            </property>
        </property>
        <property name="Doc Viewer" class="ptolemy.vergil.actor.DocTableau$Factory">
            <property name="DocML view" class="ptolemy.actor.gui.TextEditorTableau$Factory">
                <property name="syntaxStyle" class="ptolemy.kernel.util.StringAttribute" value="text/xml">
                </property>
            </property>
        </property>
        <property name="Image viewer" class="ptolemy.actor.lib.image.ImageTableau$Factory">
        </property>
        <property name="HTML Viewer" class="ptolemy.actor.gui.HTMLViewerTableau$Factory">
            <property name="Source" class="ptolemy.actor.gui.TextEditorTableau$Factory">
                <property name="syntaxStyle" class="ptolemy.kernel.util.StringAttribute" value="text/html">
                </property>
            </property>
        </property>
        <property name="Web Browser" class="ptolemy.actor.gui.BrowserTableau$Factory">
        </property>
        <property name="Plotter" class="ptolemy.actor.gui.PlotTableau$Factory">
            <property name="PlotML view" class="ptolemy.actor.gui.TextEditorTableau$Factory">
                <property name="syntaxStyle" class="ptolemy.kernel.util.StringAttribute" value="text/xml">
                </property>
            </property>
        </property>
        <property name="Matrix viewer" class="ptolemy.actor.gui.MatrixTokenTableau$Factory">
        </property>
        <property name="Token viewer" class="ptolemy.actor.gui.TokenTableau$Factory">
        </property>
        <property name="Expression Evaluator" class="ptolemy.actor.gui.ExpressionShellTableau$Factory">
        </property>
        <property name="Text Editor" class="ptolemy.actor.gui.TextEditorTableau$Factory">
        </property>
    </property>
    <entity name="directory" class="ptolemy.actor.gui.ModelDirectory">
    </entity>
    <entity name="_stateRefinements" class="ptolemy.kernel.CompositeEntity">
        <entity name="Default Refinement" class="ptolemy.domains.modal.modal.Refinement">
            <property name="SDF Director" class="ptolemy.domains.sdf.kernel.SDFDirector">
                <property name="iterations" class="ptolemy.data.expr.Parameter" value="0">
                </property>
                <property name="_location" class="ptolemy.kernel.util.Location" value="65.0, 35.0">
                </property>
            </property>
        </entity>
        <entity name="State Machine Refinement" class="ptolemy.domains.modal.modal.ModalRefinement">
            <property name="_tableauFactory" class="ptolemy.vergil.modal.modal.ModalTableauFactory">
            </property>
            <entity name="_Controller" class="ptolemy.domains.modal.modal.ModalController">
                <property name="_library" class="ptolemy.moml.LibraryAttribute">
                    <configure>
            <entity name="state library" class="ptolemy.kernel.CompositeEntity">
              <input source="ptolemy/configs/basicUtilities.xml"></input>
              <entity name="state" class="ptolemy.domains.modal.kernel.State">
                <property name="_controllerFactory" class="ptolemy.vergil.modal.modal.HierarchicalStateControllerFactory"></property>
              </entity>
            </entity>
          </configure>
                </property>
            </entity>
        </entity>
    </entity>
    <entity name="_transitionRefinements" class="ptolemy.kernel.CompositeEntity">
        <entity name="Default Refinement" class="ptolemy.domains.modal.modal.Refinement">
            <property name="SDF Director" class="ptolemy.domains.sdf.kernel.SDFDirector">
                <property name="iterations" class="ptolemy.data.expr.Parameter" value="0">
                </property>
                <property name="_location" class="ptolemy.kernel.util.Location" value="65.0, 35.0">
                </property>
            </property>
        </entity>
    </entity>
    <entity name="effigyFactory" class="ptolemy.actor.gui.EffigyFactory">
        <entity name="Graph Editor" class="ptolemy.actor.gui.PtolemyEffigy$Factory">
            <entity name="blank" class="ptolemy.actor.TypedCompositeActor">
            </entity>
        </entity>
        <entity name="Icon Editor" class="ptolemy.actor.gui.PtolemyEffigy$Factory">
            <property name="blank" class="ptolemy.vergil.icon.EditorIcon">
            </property>
        </entity>
        <entity name="FSM Editor" class="ptolemy.actor.gui.PtolemyEffigy$Factory">
            <entity name="blank" class="ptolemy.domains.modal.kernel.FSMActor">
                <property name="_library" class="ptolemy.moml.LibraryAttribute">
                    <configure>
    <entity name="StateLibrary" class="ptolemy.kernel.CompositeEntity"><input source="ptolemy/configs/basicUtilities.xml"></input><entity name="State" class="ptolemy.domains.modal.kernel.State"><property name="_centerName" class="ptolemy.kernel.util.Attribute"></property></entity></entity>
  </configure>
                </property>
                <property name="annotation" class="ptolemy.kernel.util.Attribute">
                    <property name="_hideName" class="ptolemy.kernel.util.SingletonAttribute">
                    </property>
                    <property name="_iconDescription" class="ptolemy.kernel.util.SingletonConfigurableAttribute">
                        <configure><svg><text x="20" y="20" style="font-size:14; font-family:SansSerif; fill:blue">Create a state machine here.  Create transitions by holding 
by holding the (Mac: command key, Windows: control key)
and dragging from  one state to another.
Right click to configure the properties
of this model, including setting the final state(s).
Then delete this annotation.</text>
    </svg></configure>
                    </property>
                    <property name="_location" class="ptolemy.kernel.util.Location" value="120.0, 5.0">
                    </property>
                    <property name="_controllerFactory" class="ptolemy.vergil.basic.NodeControllerFactory">
                    </property>
                    <property name="_editorFactory" class="ptolemy.vergil.toolbox.AnnotationEditorFactory">
                    </property>
                </property>
            </entity>
        </entity>
        <entity name="Modal Model" class="ptolemy.actor.gui.PtolemyEffigy$Factory">
            <entity name="blank" class="ptolemy.domains.modal.modal.ModalModel">
                <property name="_tableauFactory" class="ptolemy.vergil.modal.modal.ModalTableauFactory">
                </property>
                <entity name="_Controller" class="ptolemy.domains.modal.modal.ModalController">
                    <property name="annotation" class="ptolemy.kernel.util.Attribute">
                        <property name="_hideName" class="ptolemy.kernel.util.SingletonAttribute">
                        </property>
                        <property name="_iconDescription" class="ptolemy.kernel.util.SingletonConfigurableAttribute">
                            <configure><svg><text x="20" y="20" style="font-size:14; font-family:SansSerif; fill:blue">Create a state machine here (and ports, if needed) and
create refinements for the states.  Create transitions
by holding the (Mac: command key, Windows: control key)
and dragging from one state to another.  
Right click to configure the properties 
of this model, including setting the final state(s).
Then delete this annotation.</text>
    </svg></configure>
                        </property>
                        <property name="_location" class="ptolemy.kernel.util.Location" value="120.0, 5.0">
                        </property>
                        <property name="_controllerFactory" class="ptolemy.vergil.basic.NodeControllerFactory">
                        </property>
                        <property name="_editorFactory" class="ptolemy.vergil.toolbox.AnnotationEditorFactory">
                        </property>
                    </property>
                    <property name="_library" class="ptolemy.moml.LibraryAttribute">
                        <configure>
      <entity name="state library" class="ptolemy.kernel.CompositeEntity"><input source="ptolemy/configs/basicUtilities.xml"></input><entity name="state" class="ptolemy.domains.modal.kernel.State"><property name="_centerName" class="ptolemy.kernel.util.Attribute"></property><property name="_controllerFactory" class="ptolemy.vergil.modal.modal.HierarchicalStateControllerFactory"></property></entity></entity>
    </configure>
                    </property>
                </entity>
            </entity>
        </entity>
        <entity name="Image viewer" class="ptolemy.actor.gui.ImageTokenEffigy$Factory">
        </entity>
        <entity name="HTML Viewer" class="ptolemy.actor.gui.HTMLEffigyFactory">
        </entity>
        <entity name="Web Browser" class="ptolemy.actor.gui.BrowserEffigy$Factory">
        </entity>
        <entity name="DocViewer" class="ptolemy.vergil.actor.DocEffigy$Factory">
        </entity>
        <entity name="Plotter" class="ptolemy.actor.gui.PlotEffigy$Factory">
        </entity>
        <entity name="Token viewer" class="ptolemy.actor.gui.TokenEffigy$Factory">
        </entity>
        <entity name="Text Editor" class="ptolemy.actor.gui.TextEffigy$Factory">
        </entity>
        <entity name="Expression Evaluator" class="ptolemy.actor.gui.ExpressionShellEffigy$ShellFactory">
        </entity>
    </entity>
    <entity name="actor library" class="ptolemy.kernel.CompositeEntity">
        <property name="_libraryMarker" class="ptolemy.kernel.util.SingletonAttribute">
        </property>
        <entity name="Utilities" class="ptolemy.moml.EntityLibrary">
            <configure>
                <group>
                    <property name="DocViewerAttribute" class="ptolemy.kernel.util.SingletonAttribute">
                        <property name="DocAttribute" class="ptolemy.vergil.basic.DocAttribute">
                            <property name="description" class="ptolemy.kernel.util.StringAttribute" value="To edit the documentation that appears&#10;when the user double clicks on this icon,&#10;right click on the _background_ of the model and select&#10;Documentation-&gt;Customize Documentation.&#10;The description you are currently editing&#10;will not appear when the user double clicks on the Documentation icon.">
                            </property>
                        </property>
                        <property name="viewer" class="ptolemy.vergil.basic.DocViewerFactory">
                        </property>
                        <property name="_hideName" class="ptolemy.kernel.util.SingletonAttribute">
                        </property>
                        <property name="_iconDescription" class="ptolemy.kernel.util.SingletonConfigurableAttribute">
                            <configure>
      <svg>
        <rect x="-50" y="-20" width="100" height="20" style="fill:yellow"></rect>
        <text x="-40" y="-5" style="font-size:12; font-family:SansSerif; fill:black">Documentation</text>
      </svg>
    </configure>
                        </property>
                    </property>
                    <property name="LocalPreferences" class="ptolemy.actor.gui.PtolemyPreferences">
                    </property>
                    <property name="RepaintController" class="ptolemy.actor.gui.ModelRepaintController">
                    </property>
                    <class name="CompositeClassDefinition" extends="ptolemy.actor.TypedCompositeActor">
                    </class>
                    <entity name="CompositeActor" class="ptolemy.actor.TypedCompositeActor">
                    </entity>
                    <entity name="ModalModel" class="ptolemy.domains.modal.modal.ModalModel">
                        <property name="_tableauFactory" class="ptolemy.vergil.modal.modal.ModalTableauFactory">
                        </property>
                        <entity name="_Controller" class="ptolemy.domains.modal.modal.ModalController">
                            <property name="annotation" class="ptolemy.kernel.util.Attribute">
                                <property name="_hideName" class="ptolemy.kernel.util.SingletonAttribute">
                                </property>
                                <property name="_iconDescription" class="ptolemy.kernel.util.SingletonConfigurableAttribute">
                                    <configure><svg><text x="20" y="20" style="font-size:14; font-family:SansSerif; fill:blue">Create a state machine here (and ports, if needed) and
create refinements for the states.  Create transitions
by holding the (Mac: command key, Windows: control key)
and dragging from one state to another.  
Right click to configure the properties 
of this model, including setting the final state(s).
Then delete this annotation.</text>
    </svg></configure>
                                </property>
                                <property name="_location" class="ptolemy.kernel.util.Location" value="120.0, 5.0">
                                </property>
                                <property name="_controllerFactory" class="ptolemy.vergil.basic.NodeControllerFactory">
                                </property>
                                <property name="_editorFactory" class="ptolemy.vergil.toolbox.AnnotationEditorFactory">
                                </property>
                            </property>
                            <property name="_library" class="ptolemy.moml.LibraryAttribute">
                                <configure>
      <entity name="state library" class="ptolemy.kernel.CompositeEntity"><input source="ptolemy/configs/basicUtilities.xml"></input><entity name="state" class="ptolemy.domains.modal.kernel.State"><property name="_centerName" class="ptolemy.kernel.util.Attribute"></property><property name="_controllerFactory" class="ptolemy.vergil.modal.modal.HierarchicalStateControllerFactory"></property></entity></entity>
    </configure>
                            </property>
                        </entity>
                    </entity>
                    <entity name="Decorative" class="ptolemy.moml.EntityLibrary">
                        <configure>
                            <group>
                                <doc>Decortative attributes</doc>
                                <property name="ModelID" class="ptolemy.vergil.kernel.attributes.IDAttribute">
                                    <property name="created" class="ptolemy.kernel.util.StringAttribute" value="Jun 7, 2018 11:48:26 PM">
                                    </property>
                                    <property name="lastUpdated" class="ptolemy.kernel.util.StringAttribute" value="Jun 7, 2018 11:48:26 PM">
                                    </property>
                                    <property name="author" class="ptolemy.kernel.util.StringAttribute" value="travis">
                                    </property>
                                </property>
                                <property name="Annotation" class="ptolemy.vergil.kernel.attributes.TextAttribute">
                                    <property name="textColor" class="ptolemy.actor.gui.ColorAttribute" value="{0.0, 0.0, 0.0, 1.0}">
                                    </property>
                                </property>
                                <property name="Line" class="ptolemy.vergil.kernel.attributes.LineAttribute">
                                </property>
                                <property name="Arrow" class="ptolemy.vergil.kernel.attributes.ArrowAttribute">
                                </property>
                                <property name="Rectangle" class="ptolemy.vergil.kernel.attributes.RectangleAttribute">
                                    <property name="centered" class="ptolemy.data.expr.Parameter" value="true">
                                    </property>
                                </property>
                                <property name="Polygon" class="ptolemy.vergil.kernel.attributes.ResizablePolygonAttribute">
                                    <property name="centered" class="ptolemy.data.expr.Parameter" value="true">
                                    </property>
                                </property>
                                <property name="Ellipse" class="ptolemy.vergil.kernel.attributes.EllipseAttribute">
                                </property>
                                <property name="Arc" class="ptolemy.vergil.kernel.attributes.ArcAttribute">
                                </property>
                                <property name="Image" class="ptolemy.vergil.kernel.attributes.ImageAttribute">
                                </property>
                                <property name="_shadowColor" class="ptolemy.actor.gui.ColorAttribute">
                                    <display name="ShadowColor"/>
                                    <property name="_hideName" class="ptolemy.kernel.util.SingletonAttribute">
                                    </property>
                                    <property name="_icon" class="ptolemy.vergil.icon.ValueIcon">
                                        <property name="_color" class="ptolemy.actor.gui.ColorAttribute" value="{1.0, 0.0, 1.0, 1.0}">
                                        </property>
                                    </property>
                                    <property name="_smallIconDescription" class="ptolemy.kernel.util.SingletonConfigurableAttribute">
                                        <configure>
      <svg>
        <rect x="0" y="0" width="10" height="10" style="fill:#111111"></rect>
        <rect x="-4" y="-4" width="10" height="10" style="fill:#FFFFFF"></rect>
      </svg>
    </configure>
                                    </property>
                                    <property name="_editorFactory" class="ptolemy.vergil.toolbox.VisibleParameterEditorFactory">
                                    </property>
                                </property>
                                <property name="NameIcon" class="ptolemy.vergil.icon.NameIcon">
                                </property>
                                <property name="_hideName" class="ptolemy.data.expr.SingletonParameter" value="true">
                                </property>
                            </group>
                        </configure>
                    </entity>
                    <entity name="Parameters" class="ptolemy.moml.EntityLibrary">
                        <configure>
                            <group>
                                <doc>Parameters</doc>
                                <property name="Parameter" class="ptolemy.data.expr.Parameter">
                                    <property name="_hideName" class="ptolemy.kernel.util.SingletonAttribute">
                                    </property>
                                    <property name="_icon" class="ptolemy.vergil.icon.ValueIcon">
                                        <property name="_color" class="ptolemy.actor.gui.ColorAttribute" value="{0.0, 0.0, 1.0, 1.0}">
                                        </property>
                                    </property>
                                    <property name="_smallIconDescription" class="ptolemy.kernel.util.SingletonConfigurableAttribute">
                                        <configure>
      <svg>
        <text x="20" style="font-size:14; font-family:SansSerif; fill:blue" y="20">-P-</text>
      </svg>
    </configure>
                                    </property>
                                    <property name="_editorFactory" class="ptolemy.vergil.toolbox.VisibleParameterEditorFactory">
                                    </property>
                                </property>
                                <property name="StringParameter" class="ptolemy.data.expr.StringParameter" value="">
                                    <property name="_hideName" class="ptolemy.kernel.util.SingletonAttribute">
                                    </property>
                                    <property name="_icon" class="ptolemy.vergil.icon.ValueIcon">
                                        <property name="_color" class="ptolemy.actor.gui.ColorAttribute" value="{1.0, 0.0, 0.0, 1.0}">
                                        </property>
                                    </property>
                                    <property name="_smallIconDescription" class="ptolemy.kernel.util.SingletonConfigurableAttribute">
                                        <configure>
      <svg>
        <text x="20" style="font-size:14; font-family:SansSerif; fill:red" y="20">-S-</text>
      </svg>
    </configure>
                                    </property>
                                    <property name="_editorFactory" class="ptolemy.vergil.toolbox.VisibleParameterEditorFactory">
                                    </property>
                                </property>
                                <property name="ChoiceStringParameter" class="ptolemy.data.expr.ChoiceStringParameter" value="">
                                    <property name="_hideName" class="ptolemy.kernel.util.SingletonAttribute">
                                    </property>
                                    <property name="_icon" class="ptolemy.vergil.icon.ValueIcon">
                                        <property name="_color" class="ptolemy.actor.gui.ColorAttribute" value="{1.0, 0.0, 0.0, 1.0}">
                                        </property>
                                    </property>
                                    <property name="_smallIconDescription" class="ptolemy.kernel.util.SingletonConfigurableAttribute">
                                        <configure>
      <svg>
        <text x="20" style="font-size:14; font-family:SansSerif; fill:red" y="20">-S-</text>
      </svg>
    </configure>
                                    </property>
                                    <property name="_editorFactory" class="ptolemy.vergil.toolbox.VisibleParameterEditorFactory">
                                    </property>
                                </property>
                                <property name="FileParameter" class="ptolemy.data.expr.FileParameter" value="">
                                    <property name="_hideName" class="ptolemy.kernel.util.SingletonAttribute">
                                    </property>
                                    <property name="_icon" class="ptolemy.vergil.icon.ValueIcon">
                                        <property name="_color" class="ptolemy.actor.gui.ColorAttribute" value="{0.0, 1.0, 0.0, 1.0}">
                                        </property>
                                    </property>
                                    <property name="_smallIconDescription" class="ptolemy.kernel.util.SingletonConfigurableAttribute">
                                        <configure>
      <svg>
        <text x="20" style="font-size:14; font-family:SansSerif; fill:#00BB00" y="20">-F-</text>
      </svg>
    </configure>
                                    </property>
                                    <property name="_editorFactory" class="ptolemy.vergil.toolbox.VisibleParameterEditorFactory">
                                    </property>
                                </property>
                                <property name="ColorAttribute" class="ptolemy.actor.gui.ColorAttribute">
                                    <property name="_hideName" class="ptolemy.kernel.util.SingletonAttribute">
                                    </property>
                                    <property name="_icon" class="ptolemy.vergil.icon.ValueIcon">
                                        <property name="_color" class="ptolemy.actor.gui.ColorAttribute" value="{1.0, 0.0, 1.0, 1.0}">
                                        </property>
                                    </property>
                                    <property name="_smallIconDescription" class="ptolemy.kernel.util.SingletonConfigurableAttribute">
                                        <configure>
      <svg>
        <text x="20" style="font-size:14; font-family:SansSerif; fill:#BB00BB" y="20">-C-</text>
      </svg>
    </configure>
                                    </property>
                                    <property name="_editorFactory" class="ptolemy.vergil.toolbox.VisibleParameterEditorFactory">
                                    </property>
                                </property>
                                <property name="IntRangeParameter" class="ptolemy.actor.parameters.IntRangeParameter" value="50">
                                </property>
                                <property name="SharedParameter" class="ptolemy.actor.parameters.SharedParameter">
                                    <property name="_hideName" class="ptolemy.kernel.util.SingletonAttribute">
                                    </property>
                                    <property name="_icon" class="ptolemy.vergil.icon.ValueIcon">
                                        <property name="_color" class="ptolemy.actor.gui.ColorAttribute" value="{1.0, 0.0, 0.0, 1.0}">
                                        </property>
                                    </property>
                                    <property name="_smallIconDescription" class="ptolemy.kernel.util.SingletonConfigurableAttribute">
                                        <configure>
      <svg>
        <text x="22" style="font-size:14; font-family:SansSerif; fill:grey" y="22">-S-</text>
        <text x="20" style="font-size:14; font-family:SansSerif; fill:red" y="20">-S-</text>
      </svg>
    </configure>
                                    </property>
                                    <property name="_editorFactory" class="ptolemy.vergil.toolbox.VisibleParameterEditorFactory">
                                    </property>
                                </property>
                                <property name="PortParameter" class="ptolemy.actor.parameters.PortParameter">
                                    <property name="_hideName" class="ptolemy.kernel.util.SingletonAttribute">
                                    </property>
                                    <property name="_icon" class="ptolemy.vergil.icon.ValueIcon">
                                    </property>
                                    <property name="_iconDescription" class="ptolemy.kernel.util.SingletonConfigurableAttribute">
                                        <configure>
      <svg>
	<polyline points="-15,-15, -3,-5, -16,5" style="stroke:black"></polyline>
	<polygon points="-22,-1, -22,4, -10,-5, -22,-14, -22,-9, -30,-9, -30, -1" style="fill:lightGray"></polygon>
      </svg>
    </configure>
                                    </property>
                                    <property name="_smallIconDescription" class="ptolemy.kernel.util.SingletonConfigurableAttribute">
                                        <configure>
      <svg>
        <text x="20" style="font-size:14; font-family:SansSerif; fill:black" y="20">-P-</text>
      </svg>
    </configure>
                                    </property>
                                    <property name="_editorFactory" class="ptolemy.vergil.toolbox.VisibleParameterEditorFactory">
                                    </property>
                                </property>
                                <property name="FilePortParameter" class="ptolemy.actor.parameters.FilePortParameter" value="">
                                    <property name="_hideName" class="ptolemy.kernel.util.SingletonAttribute">
                                    </property>
                                    <property name="_icon" class="ptolemy.vergil.icon.ValueIcon">
                                    </property>
                                    <property name="_iconDescription" class="ptolemy.kernel.util.SingletonConfigurableAttribute">
                                        <configure>
      <svg>
	<polyline points="-15,-15, -3,-5, -16,5" style="stroke:black"></polyline>
	<polygon points="-22,-1, -22,4, -10,-5, -22,-14, -22,-9, -30,-9, -30, -1" style="fill:green"></polygon>
      </svg>
    </configure>
                                    </property>
                                    <property name="_smallIconDescription" class="ptolemy.kernel.util.SingletonConfigurableAttribute">
                                        <configure>
      <svg>
        <text x="20" style="font-size:14; font-family:SansSerif; fill:#00BB00" y="20">-P-</text>
      </svg>
    </configure>
                                    </property>
                                    <property name="_editorFactory" class="ptolemy.vergil.toolbox.VisibleParameterEditorFactory">
                                    </property>
                                </property>
                                <property name="LiveLink" class="ptolemy.actor.gui.LiveLink" value="http://ptolemy.org#in_browser">
                                    <property name="_hideName" class="ptolemy.kernel.util.SingletonAttribute">
                                    </property>
                                    <property name="_icon" class="ptolemy.vergil.icon.ValueIcon">
                                        <property name="_color" class="ptolemy.actor.gui.ColorAttribute" value="{0.0, 0.0, 1.0, 1.0}">
                                        </property>
                                    </property>
                                    <property name="_smallIconDescription" class="ptolemy.kernel.util.SingletonConfigurableAttribute">
                                        <configure>
      <svg>
        <text x="20" style="font-size:14; font-family:SansSerif; fill:blue" y="20">LL</text>
      </svg>
    </configure>
                                    </property>
                                    <property name="_editorFactory" class="ptolemy.vergil.toolbox.VisibleParameterEditorFactory">
                                    </property>
                                </property>
                                <property name="NameParameter" class="ptolemy.data.expr.NameParameter" value="">
                                    <property name="_hideName" class="ptolemy.kernel.util.SingletonAttribute">
                                    </property>
                                    <property name="_icon" class="ptolemy.vergil.icon.ValueIcon">
                                        <property name="_color" class="ptolemy.actor.gui.ColorAttribute" value="{0.9,0.5,0.1,1.0}">
                                        </property>
                                    </property>
                                    <property name="_smallIconDescription" class="ptolemy.kernel.util.SingletonConfigurableAttribute">
                                        <configure>
      <svg>
        <text x="20" style="font-size:14; font-family:SansSerif; fill:#FF6600" y="20">-N-</text>
      </svg>
    </configure>
                                    </property>
                                    <property name="_editorFactory" class="ptolemy.vergil.toolbox.VisibleParameterEditorFactory">
                                    </property>
                                </property>
                                <property name="RequireVersion" class="ptolemy.kernel.attributes.RequireVersion" value="11.0.beta">
                                    <property name="_hideName" class="ptolemy.kernel.util.SingletonAttribute">
                                    </property>
                                    <property name="_icon" class="ptolemy.vergil.icon.ValueIcon">
                                    </property>
                                    <property name="_smallIconDescription" class="ptolemy.kernel.util.SingletonConfigurableAttribute">
                                        <configure>
      <svg>
        <text x="20" style="font-size:14; font-family:SansSerif; fill:blue" y="20">-V-</text>
      </svg>
    </configure>
                                    </property>
                                </property>
                                <property name="ScopeExtendingAttribute" class="ptolemy.data.expr.ScopeExtendingAttribute">
                                    <property name="_iconDescription" class="ptolemy.kernel.util.SingletonConfigurableAttribute">
                                        <configure>
      <svg>
           <rect x="-30" y="-15" width="60" height="30" style="fill:grey"></rect>
      </svg>
    </configure>
                                    </property>
                                </property>
                                <property name="ParameterSet" class="ptolemy.actor.parameters.ParameterSet">
                                    <property name="_editorFactory" class="ptolemy.actor.gui.FileOrURLEditorFactory">
                                    </property>
                                    <property name="_iconDescription" class="ptolemy.kernel.util.SingletonConfigurableAttribute">
                                        <configure>
      <svg>
        <rect x="-30" y="-15" width="60" height="30" style="fill:#C0C0C0"></rect>
        <text x="-30" style="font-size:30; font-family:SansSerif; fill:#00BB00" y="10">-PS-</text>
      </svg>
    </configure>
                                    </property>
                                </property>
                                <property name="Priority" class="ptolemy.actor.parameters.Priority" value="0">
                                    <property name="_hideName" class="ptolemy.kernel.util.SingletonAttribute">
                                    </property>
                                    <property name="_icon" class="ptolemy.vergil.icon.ValueIcon">
                                        <property name="_color" class="ptolemy.actor.gui.ColorAttribute" value="{0.0, 0.0, 1.0, 1.0}">
                                        </property>
                                    </property>
                                    <property name="_smallIconDescription" class="ptolemy.kernel.util.SingletonConfigurableAttribute">
                                        <configure>
            <svg>
                <text x="20" style="font-size:14; font-family:SansSerif; fill:blue" y="20">-p-</text>
            </svg>
        </configure>
                                    </property>
                                    <property name="_editorFactory" class="ptolemy.vergil.toolbox.VisibleParameterEditorFactory">
                                    </property>
                                </property>
                                <port name="PortParameter" class="ptolemy.actor.parameters.ParameterPort">
                                    <property name="input"/>
                                    <property name="defaultValue" class="ptolemy.data.expr.Parameter">
                                    </property>
                                </port>
                                <port name="FilePortParameter" class="ptolemy.actor.parameters.ParameterPort">
                                    <property name="input"/>
                                    <property name="defaultValue" class="ptolemy.data.expr.Parameter">
                                    </property>
                                </port>
                            </group>
                        </configure>
                    </entity>
                    <entity name="Ports" class="ptolemy.moml.EntityLibrary">
                        <configure>
                            <group>
                                <doc>Parameters</doc>
                                <property name="PortParameter" class="ptolemy.actor.parameters.PortParameter">
                                    <property name="_hideName" class="ptolemy.kernel.util.SingletonAttribute">
                                    </property>
                                    <property name="_icon" class="ptolemy.vergil.icon.ValueIcon">
                                    </property>
                                    <property name="_iconDescription" class="ptolemy.kernel.util.SingletonConfigurableAttribute">
                                        <configure>
      <svg>
	<polyline points="-15,-15, -3,-5, -16,5" style="stroke:black"></polyline>
	<polygon points="-22,-1, -22,4, -10,-5, -22,-14, -22,-9, -30,-9, -30, -1" style="fill:lightGray"></polygon>
      </svg>
    </configure>
                                    </property>
                                    <property name="_smallIconDescription" class="ptolemy.kernel.util.SingletonConfigurableAttribute">
                                        <configure>
      <svg>
        <text x="20" style="font-size:14; font-family:SansSerif; fill:black" y="20">-P-</text>
      </svg>
    </configure>
                                    </property>
                                    <property name="_editorFactory" class="ptolemy.vergil.toolbox.VisibleParameterEditorFactory">
                                    </property>
                                </property>
                                <property name="FilePortParameter" class="ptolemy.actor.parameters.FilePortParameter" value="">
                                    <property name="_hideName" class="ptolemy.kernel.util.SingletonAttribute">
                                    </property>
                                    <property name="_icon" class="ptolemy.vergil.icon.ValueIcon">
                                    </property>
                                    <property name="_iconDescription" class="ptolemy.kernel.util.SingletonConfigurableAttribute">
                                        <configure>
      <svg>
	<polyline points="-15,-15, -3,-5, -16,5" style="stroke:black"></polyline>
	<polygon points="-22,-1, -22,4, -10,-5, -22,-14, -22,-9, -30,-9, -30, -1" style="fill:green"></polygon>
      </svg>
    </configure>
                                    </property>
                                    <property name="_smallIconDescription" class="ptolemy.kernel.util.SingletonConfigurableAttribute">
                                        <configure>
      <svg>
        <text x="20" style="font-size:14; font-family:SansSerif; fill:#00BB00" y="20">-P-</text>
      </svg>
    </configure>
                                    </property>
                                    <property name="_editorFactory" class="ptolemy.vergil.toolbox.VisibleParameterEditorFactory">
                                    </property>
                                </property>
                                <port name="PortParameter" class="ptolemy.actor.parameters.ParameterPort">
                                    <property name="input"/>
                                    <property name="defaultValue" class="ptolemy.data.expr.Parameter">
                                    </property>
                                </port>
                                <port name="FilePortParameter" class="ptolemy.actor.parameters.ParameterPort">
                                    <property name="input"/>
                                    <property name="defaultValue" class="ptolemy.data.expr.Parameter">
                                    </property>
                                </port>
                                <port name="PublisherPort" class="ptolemy.actor.PublisherPort">
                                    <property name="output"/>
                                </port>
                                <port name="ConstantPublisherPort" class="ptolemy.actor.ConstantPublisherPort">
                                    <property name="output"/>
                                </port>
                                <port name="SubscriberPort" class="ptolemy.actor.SubscriberPort">
                                    <property name="input"/>
                                </port>
                                <port name="SubscriptionAggregatorPort" class="ptolemy.actor.SubscriptionAggregatorPort">
                                    <property name="input"/>
                                    <property name="multiport"/>
                                </port>
                            </group>
                        </configure>
                    </entity>
                    <entity name="Analysis" class="ptolemy.moml.EntityLibrary">
                        <configure>
                            <group>
                                <doc>Attributes for Analysis</doc>
                                <property name="ConstraintMonitor" class="ptolemy.data.expr.ConstraintMonitor" value="0.0">
                                    <property name="_icon" class="ptolemy.vergil.icon.ConstraintMonitorIcon">
                                        <property name="displayWidth" class="ptolemy.data.expr.Parameter" value="30">
                                        </property>
                                    </property>
                                </property>
                                <property name="DependencyHighlighter" class="ptolemy.vergil.basic.DependencyHighlighter">
                                </property>
                                <property name="MonitorReceiverContents" class="ptolemy.vergil.actor.lib.MonitorReceiverContents">
                                </property>
                                <property name="ShowTypes" class="ptolemy.vergil.actor.lib.ShowTypes">
                                </property>
                                <entity name="Assert" class="ptolemy.actor.lib.Assert">
                                    <property name="_icon" class="ptolemy.vergil.icon.BoxedValueIcon">
                                        <property name="attributeName" class="ptolemy.kernel.util.StringAttribute" value="expression">
                                        </property>
                                        <property name="displayWidth" class="ptolemy.data.expr.Parameter" value="60">
                                        </property>
                                        <property name="displayHeight" class="ptolemy.data.expr.Parameter" value="10">
                                        </property>
                                    </property>
                                </entity>
                            </group>
                        </configure>
                    </entity>
                    <entity name="JavaScript" class="ptolemy.moml.EntityLibrary">
                        <configure>
                            <group>
                                <entity name="JavaScript" class="ptolemy.actor.lib.jjs.JavaScript">
                                    <property name="_windowProperties" class="ptolemy.actor.gui.WindowPropertiesAttribute">
                                    </property>
                                    <property name="_paneSize" class="ptolemy.actor.gui.SizeAttribute">
                                    </property>
                                    <property name="script" class="ptolemy.actor.parameters.PortParameter" value="// Put your JavaScript program here.&#10;// Refer to parameters in scope using dollar-sign{parameterName}.&#10;// See: https://wiki.eecs.berkeley.edu/accessors/Version1/AccessorSpecification&#10;">
                                        <property name="style" class="ptolemy.actor.gui.style.NoteStyle">
                                            <property name="note" class="ptolemy.kernel.util.StringAttribute" value="NOTE: To see the script, invoke Open Actor">
                                            </property>
                                        </property>
                                    </property>
                                    <property name="_tableauFactory" class="ptolemy.vergil.toolbox.TextEditorTableauFactory">
                                        <property name="attributeName" class="ptolemy.kernel.util.StringAttribute" value="script">
                                        </property>
                                        <property name="syntaxStyle" class="ptolemy.kernel.util.StringAttribute" value="text/javascript">
                                        </property>
                                    </property>
                                </entity>
                            </group>
                        </configure>
                    </entity>
                    <entity name="UnitSystems" class="ptolemy.moml.EntityLibrary">
                        <configure>
                            <group>
                                <property name="BasicUnits" class="ptolemy.data.unit.UnitSystem">
                                    <property name="meters" class="ptolemy.data.unit.BaseUnit" value="1.0">
                                        <property name="Length" class="ptolemy.data.unit.UnitCategory">
                                        </property>
                                    </property>
                                    <property name="meter" class="ptolemy.data.expr.Parameter" value="meters">
                                    </property>
                                    <property name="m" class="ptolemy.data.expr.Parameter" value="meters">
                                    </property>
                                    <property name="cm" class="ptolemy.data.expr.Parameter" value="0.01*meters">
                                    </property>
                                    <property name="centimeters" class="ptolemy.data.expr.Parameter" value="cm">
                                    </property>
                                    <property name="centimeter" class="ptolemy.data.expr.Parameter" value="cm">
                                    </property>
                                    <property name="mm" class="ptolemy.data.expr.Parameter" value="0.001*meters">
                                    </property>
                                    <property name="millimeter" class="ptolemy.data.expr.Parameter" value="mm">
                                    </property>
                                    <property name="millimeters" class="ptolemy.data.expr.Parameter" value="mm">
                                    </property>
                                    <property name="in" class="ptolemy.data.expr.Parameter" value="2.54*cm">
                                    </property>
                                    <property name="inch" class="ptolemy.data.expr.Parameter" value="in">
                                    </property>
                                    <property name="inches" class="ptolemy.data.expr.Parameter" value="in">
                                    </property>
                                    <property name="seconds" class="ptolemy.data.unit.BaseUnit" value="1.0">
                                        <property name="Time" class="ptolemy.data.unit.UnitCategory">
                                        </property>
                                    </property>
                                    <property name="sec" class="ptolemy.data.expr.Parameter" value="seconds">
                                    </property>
                                    <property name="second" class="ptolemy.data.expr.Parameter" value="seconds">
                                    </property>
                                    <property name="ms" class="ptolemy.data.expr.Parameter" value="0.001*seconds">
                                    </property>
                                    <property name="millisecond" class="ptolemy.data.expr.Parameter" value="ms">
                                    </property>
                                    <property name="milliseconds" class="ptolemy.data.expr.Parameter" value="ms">
                                    </property>
                                    <property name="_iconDescription" class="ptolemy.kernel.util.SingletonConfigurableAttribute">
                                        <configure>
      <svg>
        <rect x="-30" y="-15" width="60" height="30" style="fill:grey"></rect>
      </svg>
    </configure>
                                    </property>
                                </property>
                                <property name="CGSUnitBase" class="ptolemy.data.unit.UnitSystem">
                                    <property name="cm" class="ptolemy.data.unit.BaseUnit" value="1.0">
                                        <property name="Length" class="ptolemy.data.unit.UnitCategory">
                                        </property>
                                    </property>
                                    <property name="gram" class="ptolemy.data.unit.BaseUnit" value="1.0">
                                        <property name="Mass" class="ptolemy.data.unit.UnitCategory">
                                        </property>
                                    </property>
                                    <property name="second" class="ptolemy.data.unit.BaseUnit" value="1.0">
                                        <property name="Time" class="ptolemy.data.unit.UnitCategory">
                                        </property>
                                    </property>
                                    <property name="meter" class="ptolemy.data.expr.Parameter" value="100*cm">
                                    </property>
                                    <property name="kilogram" class="ptolemy.data.expr.Parameter" value="1000*gram">
                                    </property>
                                    <property name="ampere" class="ptolemy.data.unit.BaseUnit" value="1.0">
                                        <property name="electricCurrent" class="ptolemy.data.unit.UnitCategory">
                                        </property>
                                    </property>
                                    <property name="squareAmpere" class="ptolemy.data.expr.Parameter" value="0.01*(lightSpeed^2)*cm*gram/(second^2)">
                                    </property>
                                    <property name="kelvin" class="ptolemy.data.expr.Parameter" value="1.38065E-23*kilogram*(meter^2)/(second^2)">
                                    </property>
                                    <property name="mole" class="ptolemy.data.expr.Parameter" value="6.022142E+23">
                                    </property>
                                    <property name="candela" class="ptolemy.data.expr.Parameter" value="kilogram*(meter^2)/(second^3)/683">
                                    </property>
                                    <property name="volt" class="ptolemy.data.expr.Parameter" value="kilogram*(meter^2)/(second^3)/ampere">
                                    </property>
                                    <property name="ohm" class="ptolemy.data.expr.Parameter" value="volt/ampere">
                                    </property>
                                    <property name="mho" class="ptolemy.data.expr.Parameter" value="ampere/volt">
                                    </property>
                                    <property name="coulomb" class="ptolemy.data.expr.Parameter" value="ampere*second">
                                    </property>
                                    <property name="esu" class="ptolemy.data.expr.Parameter" value="coulomb/(299792458.0*10)">
                                    </property>
                                    <property name="statvolt" class="ptolemy.data.expr.Parameter" value="299.792458*volt">
                                    </property>
                                    <property name="gauss" class="ptolemy.data.expr.Parameter" value="statvolt/(meter/100)">
                                    </property>
                                    <property name="electronCharge" class="ptolemy.data.expr.Parameter" value="1.6021765E-19*coulomb">
                                    </property>
                                    <property name="farad" class="ptolemy.data.expr.Parameter" value="ampere*second/volt">
                                    </property>
                                    <property name="henry" class="ptolemy.data.expr.Parameter" value="volt*second/ampere">
                                    </property>
                                    <property name="planckConstant" class="ptolemy.data.expr.Parameter" value="hBar*2*pi">
                                    </property>
                                    <property name="planckConstantReduced" class="ptolemy.data.expr.Parameter" value="1.0545716E-34*joule*second">
                                    </property>
                                    <property name="hBar" class="ptolemy.data.expr.Parameter" value="planckConstantReduced">
                                    </property>
                                    <property name="lightSpeed" class="ptolemy.data.expr.Parameter" value="299792458.0*meter/second">
                                    </property>
                                    <property name="dyne" class="ptolemy.data.expr.Parameter" value="gram*cm/second^2">
                                    </property>
                                    <property name="newton" class="ptolemy.data.expr.Parameter" value="kilogram*meter/second^2">
                                    </property>
                                    <property name="joule" class="ptolemy.data.expr.Parameter" value="newton*meter">
                                    </property>
                                    <property name="erg" class="ptolemy.data.expr.Parameter" value="dyne*cm">
                                    </property>
                                    <property name="kg" class="ptolemy.data.expr.Parameter" value="kilogram">
                                    </property>
                                    <property name="amp" class="ptolemy.data.expr.Parameter" value="ampere">
                                    </property>
                                    <property name="minute" class="ptolemy.data.expr.Parameter" value="60*second">
                                    </property>
                                    <property name="hour" class="ptolemy.data.expr.Parameter" value="3600*second">
                                    </property>
                                    <property name="day" class="ptolemy.data.expr.Parameter" value="24*hour">
                                    </property>
                                    <property name="yearCalendar" class="ptolemy.data.expr.Parameter" value="365.2425*day">
                                    </property>
                                    <property name="yearSidereal" class="ptolemy.data.expr.Parameter" value="31558150*second">
                                    </property>
                                    <property name="yearTropical" class="ptolemy.data.expr.Parameter" value="31556930*second">
                                    </property>
                                    <property name="curie" class="ptolemy.data.expr.Parameter" value="3.7E+10/second">
                                    </property>
                                    <property name="angstrom" class="ptolemy.data.expr.Parameter" value="1E-10*meter">
                                    </property>
                                    <property name="gallonCanadian" class="ptolemy.data.expr.Parameter" value="4546.09*cm^3">
                                    </property>
                                    <property name="gallonUS" class="ptolemy.data.expr.Parameter" value="3785.412*cm^3">
                                    </property>
                                    <property name="gallon" class="ptolemy.data.expr.Parameter" value="gallonUS">
                                    </property>
                                    <property name="barrel" class="ptolemy.data.expr.Parameter" value="42*gallonUS">
                                    </property>
                                    <property name="ozFluidUS" class="ptolemy.data.expr.Parameter" value="gallonUS/128">
                                    </property>
                                    <property name="tablespoon" class="ptolemy.data.expr.Parameter" value="ozFluidUS/2">
                                    </property>
                                    <property name="teaspoon" class="ptolemy.data.expr.Parameter" value="ozFluidUS/6">
                                    </property>
                                    <property name="cup" class="ptolemy.data.expr.Parameter" value="8*ozFluidUS">
                                    </property>
                                    <property name="pint" class="ptolemy.data.expr.Parameter" value="2*cup">
                                    </property>
                                    <property name="quart" class="ptolemy.data.expr.Parameter" value="2*pint">
                                    </property>
                                    <property name="astronomicalUnit" class="ptolemy.data.expr.Parameter" value="1.495979E+11*meter">
                                    </property>
                                    <property name="inch" class="ptolemy.data.expr.Parameter" value="0.0254*meter">
                                    </property>
                                    <property name="foot" class="ptolemy.data.expr.Parameter" value="0.3048*meter">
                                    </property>
                                    <property name="yard" class="ptolemy.data.expr.Parameter" value="3*foot">
                                    </property>
                                    <property name="cord" class="ptolemy.data.expr.Parameter" value="128*foot^3">
                                    </property>
                                    <property name="footUSSurvey" class="ptolemy.data.expr.Parameter" value="0.3048006*meter">
                                    </property>
                                    <property name="fathom" class="ptolemy.data.expr.Parameter" value="6*footUSSurvey">
                                    </property>
                                    <property name="acre" class="ptolemy.data.expr.Parameter" value="43560*footUSSurvey^2">
                                    </property>
                                    <property name="acreFoot" class="ptolemy.data.expr.Parameter" value="acre*footUSSurvey">
                                    </property>
                                    <property name="mileNautical" class="ptolemy.data.expr.Parameter" value="1852*meter">
                                    </property>
                                    <property name="mile" class="ptolemy.data.expr.Parameter" value="5280*foot">
                                    </property>
                                    <property name="barn" class="ptolemy.data.expr.Parameter" value="1E-28*meter^2">
                                    </property>
                                    <property name="hectare" class="ptolemy.data.expr.Parameter" value="1E+4*meter^2">
                                    </property>
                                    <property name="knot" class="ptolemy.data.expr.Parameter" value="mileNautical/hour">
                                    </property>
                                    <property name="mph" class="ptolemy.data.expr.Parameter" value="mile/hour">
                                    </property>
                                    <property name="tonMetric" class="ptolemy.data.expr.Parameter" value="1000*kg">
                                    </property>
                                    <property name="pound" class="ptolemy.data.expr.Parameter" value="453.5924*gram">
                                    </property>
                                    <property name="ton" class="ptolemy.data.expr.Parameter" value="2000*pound">
                                    </property>
                                    <property name="tonLong" class="ptolemy.data.expr.Parameter" value="2240*pound">
                                    </property>
                                    <property name="oz" class="ptolemy.data.expr.Parameter" value="pound/16">
                                    </property>
                                    <property name="poundTroy" class="ptolemy.data.expr.Parameter" value="373.2417">
                                    </property>
                                    <property name="ounceTroy" class="ptolemy.data.expr.Parameter" value="poundTroy/12">
                                    </property>
                                    <property name="earthGravity" class="ptolemy.data.expr.Parameter" value="9.80665*meter/second^2">
                                    </property>
                                    <property name="ounceForce" class="ptolemy.data.expr.Parameter" value="oz*earthGravity">
                                    </property>
                                    <property name="poundForce" class="ptolemy.data.expr.Parameter" value="pound*earthGravity">
                                    </property>
                                    <property name="psi" class="ptolemy.data.expr.Parameter" value="pound/inch^2">
                                    </property>
                                    <property name="pascal" class="ptolemy.data.expr.Parameter" value="10*dyne/cm^2">
                                    </property>
                                    <property name="atm" class="ptolemy.data.expr.Parameter" value="101325*pascal">
                                    </property>
                                    <property name="bar" class="ptolemy.data.expr.Parameter" value="100000*pascal">
                                    </property>
                                    <property name="millibar" class="ptolemy.data.expr.Parameter" value="100*pascal">
                                    </property>
                                    <property name="inchOfWater" class="ptolemy.data.expr.Parameter" value="249.0889*pascal">
                                    </property>
                                    <property name="mmOfWater" class="ptolemy.data.expr.Parameter" value="inchOfWater/25.4">
                                    </property>
                                    <property name="inchOfMercury" class="ptolemy.data.expr.Parameter" value="3386.389*pascal">
                                    </property>
                                    <property name="mmOfMercury" class="ptolemy.data.expr.Parameter" value="inchOfMercury/25.4">
                                    </property>
                                    <property name="torr" class="ptolemy.data.expr.Parameter" value="mmOfMercury">
                                    </property>
                                    <property name="rankine" class="ptolemy.data.expr.Parameter" value="5*kelvin/9">
                                    </property>
                                    <property name="thermUS" class="ptolemy.data.expr.Parameter" value="1.054804E+8*joule">
                                    </property>
                                    <property name="btuIT" class="ptolemy.data.expr.Parameter" value="1055.056*joule">
                                    </property>
                                    <property name="tonTNT" class="ptolemy.data.expr.Parameter" value="4.184E+9*joule">
                                    </property>
                                    <property name="calorie" class="ptolemy.data.expr.Parameter" value="4.1868*joule">
                                    </property>
                                    <property name="tonOfRefrigeration" class="ptolemy.data.expr.Parameter" value="12000*btuIT/hour">
                                    </property>
                                    <property name="watt" class="ptolemy.data.expr.Parameter" value="joule/second">
                                    </property>
                                    <property name="hp" class="ptolemy.data.expr.Parameter" value="550*foot*poundForce/second">
                                    </property>
                                    <property name="centipoise" class="ptolemy.data.expr.Parameter" value="1E-3*pascal*second">
                                    </property>
                                    <property name="poise" class="ptolemy.data.expr.Parameter" value="1E-1*pascal*second">
                                    </property>
                                    <property name="centistoke" class="ptolemy.data.expr.Parameter" value="1E-6*meter^2/second">
                                    </property>
                                    <property name="stoke" class="ptolemy.data.expr.Parameter" value="1E-4*meter^2/second">
                                    </property>
                                    <property name="_iconDescription" class="ptolemy.kernel.util.SingletonConfigurableAttribute">
                                        <configure>
      <svg>
        <rect x="-30" y="-15" width="60" height="30" style="fill:grey"></rect>
      </svg>
    </configure>
                                    </property>
                                </property>
                                <property name="ElectronicUnitBase" class="ptolemy.data.unit.UnitSystem">
                                    <property name="volt" class="ptolemy.data.unit.BaseUnit" value="1.0">
                                        <property name="electricPotential" class="ptolemy.data.unit.UnitCategory">
                                        </property>
                                    </property>
                                    <property name="ampere" class="ptolemy.data.unit.BaseUnit" value="1.0">
                                        <property name="electricCurrent" class="ptolemy.data.unit.UnitCategory">
                                        </property>
                                    </property>
                                    <property name="second" class="ptolemy.data.unit.BaseUnit" value="1.0">
                                        <property name="Time" class="ptolemy.data.unit.UnitCategory">
                                        </property>
                                    </property>
                                    <property name="meter" class="ptolemy.data.expr.Parameter" value="1E+7*ampere*second/volt/(299792458.0^2)">
                                    </property>
                                    <property name="kilogram" class="ptolemy.data.expr.Parameter" value="ampere*volt*(second^3)/(meter^2)">
                                    </property>
                                    <property name="kelvin" class="ptolemy.data.expr.Parameter" value="1.38065E-23*kilogram*(meter^2)/(second^2)">
                                    </property>
                                    <property name="mole" class="ptolemy.data.expr.Parameter" value="6.022142E+23">
                                    </property>
                                    <property name="candela" class="ptolemy.data.expr.Parameter" value="kilogram*(meter^2)/(second^3)/683">
                                    </property>
                                    <property name="ohm" class="ptolemy.data.expr.Parameter" value="volt/ampere">
                                    </property>
                                    <property name="mho" class="ptolemy.data.expr.Parameter" value="ampere/volt">
                                    </property>
                                    <property name="coulomb" class="ptolemy.data.expr.Parameter" value="ampere*second">
                                    </property>
                                    <property name="esu" class="ptolemy.data.expr.Parameter" value="coulomb/(299792458.0*10)">
                                    </property>
                                    <property name="statvolt" class="ptolemy.data.expr.Parameter" value="299.792458*volt">
                                    </property>
                                    <property name="gauss" class="ptolemy.data.expr.Parameter" value="statvolt/(meter/100)">
                                    </property>
                                    <property name="electronCharge" class="ptolemy.data.expr.Parameter" value="1.6021765E-19*coulomb">
                                    </property>
                                    <property name="farad" class="ptolemy.data.expr.Parameter" value="ampere*second/volt">
                                    </property>
                                    <property name="henry" class="ptolemy.data.expr.Parameter" value="volt*second/ampere">
                                    </property>
                                    <property name="kg" class="ptolemy.data.expr.Parameter" value="kilogram">
                                    </property>
                                    <property name="gram" class="ptolemy.data.expr.Parameter" value="kilogram/1000">
                                    </property>
                                    <property name="cm" class="ptolemy.data.expr.Parameter" value="meter/100">
                                    </property>
                                    <property name="amp" class="ptolemy.data.expr.Parameter" value="ampere">
                                    </property>
                                    <property name="planckConstant" class="ptolemy.data.expr.Parameter" value="hBar*2*pi">
                                    </property>
                                    <property name="planckConstantReduced" class="ptolemy.data.expr.Parameter" value="1.0545716E-34*joule*second">
                                    </property>
                                    <property name="hBar" class="ptolemy.data.expr.Parameter" value="planckConstantReduced">
                                    </property>
                                    <property name="lightSpeed" class="ptolemy.data.expr.Parameter" value="299792458.0*meter/second">
                                    </property>
                                    <property name="dyne" class="ptolemy.data.expr.Parameter" value="gram*cm/second^2">
                                    </property>
                                    <property name="newton" class="ptolemy.data.expr.Parameter" value="kilogram*meter/second^2">
                                    </property>
                                    <property name="joule" class="ptolemy.data.expr.Parameter" value="newton*meter">
                                    </property>
                                    <property name="erg" class="ptolemy.data.expr.Parameter" value="dyne*cm">
                                    </property>
                                    <property name="_iconDescription" class="ptolemy.kernel.util.SingletonConfigurableAttribute">
                                        <configure>
      <svg>
        <rect x="-30" y="-15" width="60" height="30" style="fill:grey"></rect>
      </svg>
    </configure>
                                    </property>
                                </property>
                                <property name="SI" class="ptolemy.data.unit.UnitSystem">
                                    <property name="cm" class="ptolemy.data.unit.BaseUnit" value="1.0">
                                        <property name="Length" class="ptolemy.data.unit.UnitCategory">
                                        </property>
                                    </property>
                                    <property name="gram" class="ptolemy.data.unit.BaseUnit" value="1.0">
                                        <property name="Mass" class="ptolemy.data.unit.UnitCategory">
                                        </property>
                                    </property>
                                    <property name="second" class="ptolemy.data.unit.BaseUnit" value="1.0">
                                        <property name="Time" class="ptolemy.data.unit.UnitCategory">
                                        </property>
                                    </property>
                                    <property name="ampere" class="ptolemy.data.unit.BaseUnit" value="1.0">
                                        <property name="electricCurrent" class="ptolemy.data.unit.UnitCategory">
                                        </property>
                                    </property>
                                    <property name="population" class="ptolemy.data.unit.BaseUnit" value="1.0">
                                        <property name="Count" class="ptolemy.data.unit.UnitCategory">
                                        </property>
                                    </property>
                                    <property name="pi" class="ptolemy.data.expr.Parameter" value="3.1415926535898">
                                    </property>
                                    <property name="meter" class="ptolemy.data.expr.Parameter" value="100*cm">
                                    </property>
                                    <property name="kilogram" class="ptolemy.data.expr.Parameter" value="1000*gram">
                                    </property>
                                    <property name="squareAmpere" class="ptolemy.data.expr.Parameter" value="0.01*(lightSpeed^2)*cm*gram/(second^2)">
                                    </property>
                                    <property name="kelvin" class="ptolemy.data.expr.Parameter" value="1.38065E-23*kilogram*(meter^2)/(second^2)">
                                    </property>
                                    <property name="mole" class="ptolemy.data.expr.Parameter" value="6.022142E+23">
                                    </property>
                                    <property name="candela" class="ptolemy.data.expr.Parameter" value="kilogram*(meter^2)/(second^3)/683">
                                    </property>
                                    <property name="volt" class="ptolemy.data.expr.Parameter" value="kilogram*(meter^2)/(second^3)/ampere">
                                    </property>
                                    <property name="ohm" class="ptolemy.data.expr.Parameter" value="volt/ampere">
                                    </property>
                                    <property name="mho" class="ptolemy.data.expr.Parameter" value="ampere/volt">
                                    </property>
                                    <property name="coulomb" class="ptolemy.data.expr.Parameter" value="ampere*second">
                                    </property>
                                    <property name="esu" class="ptolemy.data.expr.Parameter" value="coulomb/(299792458.0*10)">
                                    </property>
                                    <property name="statvolt" class="ptolemy.data.expr.Parameter" value="299.792458*volt">
                                    </property>
                                    <property name="gauss" class="ptolemy.data.expr.Parameter" value="statvolt/(meter/100)">
                                    </property>
                                    <property name="electronCharge" class="ptolemy.data.expr.Parameter" value="1.6021765E-19*coulomb">
                                    </property>
                                    <property name="farad" class="ptolemy.data.expr.Parameter" value="ampere*second/volt">
                                    </property>
                                    <property name="henry" class="ptolemy.data.expr.Parameter" value="volt*second/ampere">
                                    </property>
                                    <property name="watt" class="ptolemy.data.expr.Parameter" value="joule/second">
                                    </property>
                                    <property name="planckConstant" class="ptolemy.data.expr.Parameter" value="hBar*2*pi">
                                    </property>
                                    <property name="planckConstantReduced" class="ptolemy.data.expr.Parameter" value="1.0545716E-34*joule*second">
                                    </property>
                                    <property name="hBar" class="ptolemy.data.expr.Parameter" value="planckConstantReduced">
                                    </property>
                                    <property name="lightSpeed" class="ptolemy.data.expr.Parameter" value="299792458.0*meter/second">
                                    </property>
                                    <property name="dyne" class="ptolemy.data.expr.Parameter" value="gram*cm/second^2">
                                    </property>
                                    <property name="newton" class="ptolemy.data.expr.Parameter" value="kilogram*meter/second^2">
                                    </property>
                                    <property name="joule" class="ptolemy.data.expr.Parameter" value="newton*meter">
                                    </property>
                                    <property name="erg" class="ptolemy.data.expr.Parameter" value="dyne*cm">
                                    </property>
                                    <property name="degree" class="ptolemy.data.expr.Parameter" value="calorie/cm^3">
                                    </property>
                                    <property name="minute" class="ptolemy.data.expr.Parameter" value="60*second">
                                    </property>
                                    <property name="hour" class="ptolemy.data.expr.Parameter" value="3600*second">
                                    </property>
                                    <property name="day" class="ptolemy.data.expr.Parameter" value="24*hour">
                                    </property>
                                    <property name="yearCalendar" class="ptolemy.data.expr.Parameter" value="365.2425*day">
                                    </property>
                                    <property name="yearSidereal" class="ptolemy.data.expr.Parameter" value="31558150*second">
                                    </property>
                                    <property name="yearTropical" class="ptolemy.data.expr.Parameter" value="31556930*second">
                                    </property>
                                    <property name="curie" class="ptolemy.data.expr.Parameter" value="3.7E+10/second">
                                    </property>
                                    <property name="angstrom" class="ptolemy.data.expr.Parameter" value="1E-10*meter">
                                    </property>
                                    <property name="gallonCanadian" class="ptolemy.data.expr.Parameter" value="4546.09*cm^3">
                                    </property>
                                    <property name="gallonUS" class="ptolemy.data.expr.Parameter" value="3785.412*cm^3">
                                    </property>
                                    <property name="gallon" class="ptolemy.data.expr.Parameter" value="gallonUS">
                                    </property>
                                    <property name="barrel" class="ptolemy.data.expr.Parameter" value="42*gallonUS">
                                    </property>
                                    <property name="ozFluidUS" class="ptolemy.data.expr.Parameter" value="gallonUS/128">
                                    </property>
                                    <property name="tablespoon" class="ptolemy.data.expr.Parameter" value="ozFluidUS/2">
                                    </property>
                                    <property name="teaspoon" class="ptolemy.data.expr.Parameter" value="ozFluidUS/6">
                                    </property>
                                    <property name="cup" class="ptolemy.data.expr.Parameter" value="8*ozFluidUS">
                                    </property>
                                    <property name="pint" class="ptolemy.data.expr.Parameter" value="2*cup">
                                    </property>
                                    <property name="quart" class="ptolemy.data.expr.Parameter" value="2*pint">
                                    </property>
                                    <property name="astronomicalUnit" class="ptolemy.data.expr.Parameter" value="1.495979E+11*meter">
                                    </property>
                                    <property name="inch" class="ptolemy.data.expr.Parameter" value="0.0254*meter">
                                    </property>
                                    <property name="foot" class="ptolemy.data.expr.Parameter" value="0.3048*meter">
                                    </property>
                                    <property name="yard" class="ptolemy.data.expr.Parameter" value="3*foot">
                                    </property>
                                    <property name="cord" class="ptolemy.data.expr.Parameter" value="128*foot^3">
                                    </property>
                                    <property name="footUSSurvey" class="ptolemy.data.expr.Parameter" value="0.3048006*meter">
                                    </property>
                                    <property name="fathom" class="ptolemy.data.expr.Parameter" value="6*footUSSurvey">
                                    </property>
                                    <property name="acre" class="ptolemy.data.expr.Parameter" value="43560*footUSSurvey^2">
                                    </property>
                                    <property name="acreFoot" class="ptolemy.data.expr.Parameter" value="acre*footUSSurvey">
                                    </property>
                                    <property name="mileNautical" class="ptolemy.data.expr.Parameter" value="1852*meter">
                                    </property>
                                    <property name="mile" class="ptolemy.data.expr.Parameter" value="5280*foot">
                                    </property>
                                    <property name="barn" class="ptolemy.data.expr.Parameter" value="1E-28*meter^2">
                                    </property>
                                    <property name="hectare" class="ptolemy.data.expr.Parameter" value="1E+4*meter^2">
                                    </property>
                                    <property name="knot" class="ptolemy.data.expr.Parameter" value="mileNautical/hour">
                                    </property>
                                    <property name="mph" class="ptolemy.data.expr.Parameter" value="mile/hour">
                                    </property>
                                    <property name="tonMetric" class="ptolemy.data.expr.Parameter" value="1000*kg">
                                    </property>
                                    <property name="pound" class="ptolemy.data.expr.Parameter" value="453.5924*gram">
                                    </property>
                                    <property name="ton" class="ptolemy.data.expr.Parameter" value="2000*pound">
                                    </property>
                                    <property name="tonLong" class="ptolemy.data.expr.Parameter" value="2240*pound">
                                    </property>
                                    <property name="oz" class="ptolemy.data.expr.Parameter" value="pound/16">
                                    </property>
                                    <property name="poundTroy" class="ptolemy.data.expr.Parameter" value="373.2417">
                                    </property>
                                    <property name="ounceTroy" class="ptolemy.data.expr.Parameter" value="poundTroy/12">
                                    </property>
                                    <property name="earthGravity" class="ptolemy.data.expr.Parameter" value="9.80665*meter/second^2">
                                    </property>
                                    <property name="ounceForce" class="ptolemy.data.expr.Parameter" value="oz*earthGravity">
                                    </property>
                                    <property name="poundForce" class="ptolemy.data.expr.Parameter" value="pound*earthGravity">
                                    </property>
                                    <property name="psi" class="ptolemy.data.expr.Parameter" value="pound/inch^2">
                                    </property>
                                    <property name="pascal" class="ptolemy.data.expr.Parameter" value="10*dyne/cm^2">
                                    </property>
                                    <property name="atm" class="ptolemy.data.expr.Parameter" value="101325*pascal">
                                    </property>
                                    <property name="bar" class="ptolemy.data.expr.Parameter" value="100000*pascal">
                                    </property>
                                    <property name="millibar" class="ptolemy.data.expr.Parameter" value="100*pascal">
                                    </property>
                                    <property name="inchOfWater" class="ptolemy.data.expr.Parameter" value="249.0889*pascal">
                                    </property>
                                    <property name="mmOfWater" class="ptolemy.data.expr.Parameter" value="inchOfWater/25.4">
                                    </property>
                                    <property name="inchOfMercury" class="ptolemy.data.expr.Parameter" value="3386.389*pascal">
                                    </property>
                                    <property name="mmOfMercury" class="ptolemy.data.expr.Parameter" value="inchOfMercury/25.4">
                                    </property>
                                    <property name="torr" class="ptolemy.data.expr.Parameter" value="mmOfMercury">
                                    </property>
                                    <property name="rankine" class="ptolemy.data.expr.Parameter" value="5*kelvin/9">
                                    </property>
                                    <property name="thermUS" class="ptolemy.data.expr.Parameter" value="1.054804E+8*joule">
                                    </property>
                                    <property name="btuIT" class="ptolemy.data.expr.Parameter" value="1055.056*joule">
                                    </property>
                                    <property name="tonTNT" class="ptolemy.data.expr.Parameter" value="4.184E+9*joule">
                                    </property>
                                    <property name="calorie" class="ptolemy.data.expr.Parameter" value="4.1868*joule">
                                    </property>
                                    <property name="tonOfRefrigeration" class="ptolemy.data.expr.Parameter" value="12000*btuIT/hour">
                                    </property>
                                    <property name="hp" class="ptolemy.data.expr.Parameter" value="550*foot*poundForce/second">
                                    </property>
                                    <property name="centipoise" class="ptolemy.data.expr.Parameter" value="1E-3*pascal*second">
                                    </property>
                                    <property name="poise" class="ptolemy.data.expr.Parameter" value="1E-1*pascal*second">
                                    </property>
                                    <property name="centistoke" class="ptolemy.data.expr.Parameter" value="1E-6*meter^2/second">
                                    </property>
                                    <property name="stoke" class="ptolemy.data.expr.Parameter" value="1E-4*meter^2/second">
                                    </property>
                                    <property name="kg" class="ptolemy.data.expr.Parameter" value="kilogram">
                                    </property>
                                    <property name="amp" class="ptolemy.data.expr.Parameter" value="ampere">
                                    </property>
                                    <property name="sec" class="ptolemy.data.expr.Parameter" value="second">
                                    </property>
                                    <property name="gallons" class="ptolemy.data.expr.Parameter" value="gallon">
                                    </property>
                                    <property name="watts" class="ptolemy.data.expr.Parameter" value="watt">
                                    </property>
                                    <property name="calories" class="ptolemy.data.expr.Parameter" value="calorie">
                                    </property>
                                    <property name="seconds" class="ptolemy.data.expr.Parameter" value="second">
                                    </property>
                                    <property name="secs" class="ptolemy.data.expr.Parameter" value="second">
                                    </property>
                                    <property name="time" class="ptolemy.data.expr.Parameter" value="second">
                                    </property>
                                    <property name="degrees" class="ptolemy.data.expr.Parameter" value="degree">
                                    </property>
                                    <property name="_iconDescription" class="ptolemy.kernel.util.SingletonConfigurableAttribute">
                                        <configure>
      <svg>
        <rect x="-30" y="-15" width="60" height="30" style="fill:grey"></rect>
      </svg>
    </configure>
                                    </property>
                                </property>
                                <property name="minute" class="ptolemy.data.expr.Parameter" value="60*second">
                                </property>
                                <property name="hour" class="ptolemy.data.expr.Parameter" value="3600*second">
                                </property>
                                <property name="day" class="ptolemy.data.expr.Parameter" value="24*hour">
                                </property>
                                <property name="yearCalendar" class="ptolemy.data.expr.Parameter" value="365.2425*day">
                                </property>
                                <property name="yearSidereal" class="ptolemy.data.expr.Parameter" value="31558150*second">
                                </property>
                                <property name="yearTropical" class="ptolemy.data.expr.Parameter" value="31556930*second">
                                </property>
                                <property name="curie" class="ptolemy.data.expr.Parameter" value="3.7E+10/second">
                                </property>
                                <property name="angstrom" class="ptolemy.data.expr.Parameter" value="1E-10*meter">
                                </property>
                                <property name="gallonCanadian" class="ptolemy.data.expr.Parameter" value="4546.09*cm^3">
                                </property>
                                <property name="gallonUS" class="ptolemy.data.expr.Parameter" value="3785.412*cm^3">
                                </property>
                                <property name="gallon" class="ptolemy.data.expr.Parameter" value="gallonUS">
                                </property>
                                <property name="barrel" class="ptolemy.data.expr.Parameter" value="42*gallonUS">
                                </property>
                                <property name="ozFluidUS" class="ptolemy.data.expr.Parameter" value="gallonUS/128">
                                </property>
                                <property name="tablespoon" class="ptolemy.data.expr.Parameter" value="ozFluidUS/2">
                                </property>
                                <property name="teaspoon" class="ptolemy.data.expr.Parameter" value="ozFluidUS/6">
                                </property>
                                <property name="cup" class="ptolemy.data.expr.Parameter" value="8*ozFluidUS">
                                </property>
                                <property name="pint" class="ptolemy.data.expr.Parameter" value="2*cup">
                                </property>
                                <property name="quart" class="ptolemy.data.expr.Parameter" value="2*pint">
                                </property>
                                <property name="astronomicalUnit" class="ptolemy.data.expr.Parameter" value="1.495979E+11*meter">
                                </property>
                                <property name="inch" class="ptolemy.data.expr.Parameter" value="0.0254*meter">
                                </property>
                                <property name="foot" class="ptolemy.data.expr.Parameter" value="0.3048*meter">
                                </property>
                                <property name="yard" class="ptolemy.data.expr.Parameter" value="3*foot">
                                </property>
                                <property name="cord" class="ptolemy.data.expr.Parameter" value="128*foot^3">
                                </property>
                                <property name="footUSSurvey" class="ptolemy.data.expr.Parameter" value="0.3048006*meter">
                                </property>
                                <property name="fathom" class="ptolemy.data.expr.Parameter" value="6*footUSSurvey">
                                </property>
                                <property name="acre" class="ptolemy.data.expr.Parameter" value="43560*footUSSurvey^2">
                                </property>
                                <property name="acreFoot" class="ptolemy.data.expr.Parameter" value="acre*footUSSurvey">
                                </property>
                                <property name="mileNautical" class="ptolemy.data.expr.Parameter" value="1852*meter">
                                </property>
                                <property name="mile" class="ptolemy.data.expr.Parameter" value="5280*foot">
                                </property>
                                <property name="barn" class="ptolemy.data.expr.Parameter" value="1E-28*meter^2">
                                </property>
                                <property name="hectare" class="ptolemy.data.expr.Parameter" value="1E+4*meter^2">
                                </property>
                                <property name="knot" class="ptolemy.data.expr.Parameter" value="mileNautical/hour">
                                </property>
                                <property name="mph" class="ptolemy.data.expr.Parameter" value="mile/hour">
                                </property>
                                <property name="tonMetric" class="ptolemy.data.expr.Parameter" value="1000*kg">
                                </property>
                                <property name="pound" class="ptolemy.data.expr.Parameter" value="453.5924*gram">
                                </property>
                                <property name="ton" class="ptolemy.data.expr.Parameter" value="2000*pound">
                                </property>
                                <property name="tonLong" class="ptolemy.data.expr.Parameter" value="2240*pound">
                                </property>
                                <property name="oz" class="ptolemy.data.expr.Parameter" value="pound/16">
                                </property>
                                <property name="poundTroy" class="ptolemy.data.expr.Parameter" value="373.2417">
                                </property>
                                <property name="ounceTroy" class="ptolemy.data.expr.Parameter" value="poundTroy/12">
                                </property>
                                <property name="earthGravity" class="ptolemy.data.expr.Parameter" value="9.80665*meter/second^2">
                                </property>
                                <property name="ounceForce" class="ptolemy.data.expr.Parameter" value="oz*earthGravity">
                                </property>
                                <property name="poundForce" class="ptolemy.data.expr.Parameter" value="pound*earthGravity">
                                </property>
                                <property name="psi" class="ptolemy.data.expr.Parameter" value="pound/inch^2">
                                </property>
                                <property name="pascal" class="ptolemy.data.expr.Parameter" value="10*dyne/cm^2">
                                </property>
                                <property name="atm" class="ptolemy.data.expr.Parameter" value="101325*pascal">
                                </property>
                                <property name="bar" class="ptolemy.data.expr.Parameter" value="100000*pascal">
                                </property>
                                <property name="millibar" class="ptolemy.data.expr.Parameter" value="100*pascal">
                                </property>
                                <property name="inchOfWater" class="ptolemy.data.expr.Parameter" value="249.0889*pascal">
                                </property>
                                <property name="mmOfWater" class="ptolemy.data.expr.Parameter" value="inchOfWater/25.4">
                                </property>
                                <property name="inchOfMercury" class="ptolemy.data.expr.Parameter" value="3386.389*pascal">
                                </property>
                                <property name="mmOfMercury" class="ptolemy.data.expr.Parameter" value="inchOfMercury/25.4">
                                </property>
                                <property name="torr" class="ptolemy.data.expr.Parameter" value="mmOfMercury">
                                </property>
                                <property name="rankine" class="ptolemy.data.expr.Parameter" value="5*kelvin/9">
                                </property>
                                <property name="thermUS" class="ptolemy.data.expr.Parameter" value="1.054804E+8*joule">
                                </property>
                                <property name="btuIT" class="ptolemy.data.expr.Parameter" value="1055.056*joule">
                                </property>
                                <property name="tonTNT" class="ptolemy.data.expr.Parameter" value="4.184E+9*joule">
                                </property>
                                <property name="calorie" class="ptolemy.data.expr.Parameter" value="4.1868*joule">
                                </property>
                                <property name="tonOfRefrigeration" class="ptolemy.data.expr.Parameter" value="12000*btuIT/hour">
                                </property>
                                <property name="watt" class="ptolemy.data.expr.Parameter" value="joule/second">
                                </property>
                                <property name="hp" class="ptolemy.data.expr.Parameter" value="550*foot*poundForce/second">
                                </property>
                                <property name="centipoise" class="ptolemy.data.expr.Parameter" value="1E-3*pascal*second">
                                </property>
                                <property name="poise" class="ptolemy.data.expr.Parameter" value="1E-1*pascal*second">
                                </property>
                                <property name="centistoke" class="ptolemy.data.expr.Parameter" value="1E-6*meter^2/second">
                                </property>
                                <property name="stoke" class="ptolemy.data.expr.Parameter" value="1E-4*meter^2/second">
                                </property>
                            </group>
                        </configure>
                    </entity>
                    <entity name="PteraModalModel" class="ptolemy.domains.ptera.kernel.PteraModalModel">
                    </entity>
                </group>
            </configure>
        </entity>
        <entity name="Directors" class="ptolemy.moml.EntityLibrary">
            <configure>
                <group>
                    <doc>default director library</doc>
                    <property name="SDF Director" class="ptolemy.domains.sdf.kernel.SDFDirector">
                        <property name="iterations" class="ptolemy.data.expr.Parameter" value="AUTO">
                        </property>
                    </property>
                    <property name="DDF Director" class="ptolemy.domains.ddf.kernel.DDFDirector">
                    </property>
                    <property name="HDF Director" class="ptolemy.domains.hdf.kernel.HDFDirector">
                    </property>
                    <property name="PN Director" class="ptolemy.domains.pn.kernel.PNDirector">
                    </property>
                    <property name="DE Director" class="ptolemy.domains.de.kernel.DEDirector">
                    </property>
                    <property name="SR Director" class="ptolemy.domains.sr.kernel.SRDirector">
                    </property>
                    <property name="Rendezvous Director" class="ptolemy.domains.rendezvous.kernel.RendezvousDirector">
                    </property>
                    <property name="FSM Director" class="ptolemy.domains.modal.kernel.FSMDirector">
                    </property>
                    <property name="Continuous Director" class="ptolemy.domains.continuous.kernel.ContinuousDirector">
                    </property>
                    <property name="Director" class="ptolemy.actor.Director">
                        <doc>Simple director that executes actors in the order in which they were created.</doc>
                        <property name="iterations" class="ptolemy.data.expr.Parameter" value="0">
                        </property>
                    </property>
                    <entity name="ExperimentalDirectors" class="ptolemy.moml.EntityLibrary">
                        <configure>
                            <group>
                                <doc>experimental director library</doc>
                                <property name="CA Director" class="ptolemy.domains.ca.kernel.CADirector">
                                </property>
                                <property name="CI Director" class="ptolemy.domains.ci.kernel.CIDirector">
                                </property>
                                <property name="Do Nothing Director" class="ptolemy.actor.DoNothingDirector">
                                </property>
                                <property name="DT Director" class="ptolemy.domains.dt.kernel.DTDirector">
                                </property>
                                <property name="Giotto Director" class="ptolemy.domains.giotto.kernel.GiottoDirector">
                                </property>
                                <property name="OpenModelica Director" class="ptolemy.domains.openmodelica.kernel.OpenModelicaDirector">
                                </property>
                                <property name="Timed PN Director" class="ptolemy.domains.pn.kernel.TimedPNDirector">
                                </property>
                                <property name="TM Director" class="ptolemy.domains.tm.kernel.TMDirector">
                                </property>
                                <property name="PSDF_Director" class="ptolemy.domains.psdf.kernel.PSDFDirector">
                                </property>
                                <property name="PetriNet Director" class="ptolemy.domains.petrinet.kernel.PetriNetDirector">
                                </property>
                                <property name="DDE Director" class="ptolemy.domains.dde.kernel.DDEDirector">
                                </property>
                                <property name="Pthales Director" class="ptolemy.domains.pthales.kernel.PthalesDirector">
                                </property>
                                <property name="QSSDirector" class="ptolemy.domains.qss.kernel.QSSDirector">
                                </property>
                            </group>
                        </configure>
                    </entity>
                </group>
            </configure>
        </entity>
        <entity name="Actors" class="ptolemy.moml.EntityLibrary">
            <configure>
                <group>
                    <entity name="Sources" class="ptolemy.moml.EntityLibrary">
                        <configure>
                            <group>
                                <entity name="GenericSources" class="ptolemy.moml.EntityLibrary">
                                    <configure>
                                        <group>
                                            <doc>Sources of sequences of values. </doc>
                                            <entity name="Const" class="ptolemy.actor.lib.Const">
                                                <doc>Create a constant sequence.</doc>
                                                <property name="_icon" class="ptolemy.vergil.icon.BoxedValueIcon">
                                                    <property name="attributeName" class="ptolemy.kernel.util.StringAttribute" value="value">
                                                    </property>
                                                    <property name="displayWidth" class="ptolemy.data.expr.Parameter" value="60">
                                                    </property>
                                                </property>
                                            </entity>
                                            <entity name="StringConst" class="ptolemy.actor.lib.StringConst">
                                                <doc>Create a constant sequence with a string value.</doc>
                                                <property name="_icon" class="ptolemy.vergil.icon.BoxedValueIcon">
                                                    <property name="attributeName" class="ptolemy.kernel.util.StringAttribute" value="value">
                                                    </property>
                                                    <property name="displayWidth" class="ptolemy.data.expr.Parameter" value="80">
                                                    </property>
                                                    <property name="displayHeight" class="ptolemy.data.expr.Parameter" value="10">
                                                    </property>
                                                </property>
                                            </entity>
                                            <entity name="Subscriber" class="ptolemy.actor.lib.Subscriber">
                                                <doc>Produce a sequence generated by a matching Publisher.</doc>
                                                <property name="_icon" class="ptolemy.vergil.icon.BoxedValueIcon">
                                                    <property name="attributeName" class="ptolemy.kernel.util.StringAttribute" value="channel">
                                                    </property>
                                                    <property name="displayWidth" class="ptolemy.data.expr.Parameter" value="60">
                                                    </property>
                                                    <property name="boxColor" class="ptolemy.actor.gui.ColorAttribute" value="{0.76, 0.84, 0.6, 1.0}">
                                                    </property>
                                                </property>
                                            </entity>
                                            <entity name="SubscriptionAggregator" class="ptolemy.actor.lib.SubscriptionAggregator">
                                                <doc>Aggregate sequences generated by matching Publishers.</doc>
                                                <property name="_icon" class="ptolemy.vergil.icon.BoxedValueIcon">
                                                    <property name="attributeName" class="ptolemy.kernel.util.StringAttribute" value="channel">
                                                    </property>
                                                    <property name="displayWidth" class="ptolemy.data.expr.Parameter" value="60">
                                                    </property>
                                                    <property name="boxColor" class="ptolemy.actor.gui.ColorAttribute" value="{1.0, 0.8, 0.0, 1.0}">
                                                    </property>
                                                </property>
                                            </entity>
                                        </group>
                                    </configure>
                                </entity>
                                <entity name="TimedSources" class="ptolemy.moml.EntityLibrary">
                                    <configure>
                                        <group>
                                            <doc>Sources that depend on time.</doc>
                                            <entity name="CurrentDate" class="ptolemy.actor.lib.CurrentDate">
                                                <doc>Output the current date.</doc>
                                            </entity>
                                            <entity name="CurrentTime" class="ptolemy.actor.lib.CurrentTime">
                                                <doc>Output the current time.</doc>
                                            </entity>
                                            <entity name="CurrentMicrostep" class="ptolemy.actor.lib.CurrentMicrostep">
                                                <doc>Output the current microstep.</doc>
                                            </entity>
                                            <entity name="DiscreteClock" class="ptolemy.actor.lib.DiscreteClock">
                                                <doc>Create periodic timed events.</doc>
                                            </entity>
                                            <entity name="PoissonClock" class="ptolemy.actor.lib.PoissonClock">
                                            </entity>
                                            <entity name="TriggeredSinewave" class="ptolemy.actor.lib.TriggeredSinewave">
                                            </entity>
                                        </group>
                                    </configure>
                                </entity>
                                <entity name="SequenceSources" class="ptolemy.moml.EntityLibrary">
                                    <configure>
                                        <group>
                                            <doc>Sources of sequences of values. </doc>
                                            <entity name="InteractiveDialog" class="ptolemy.actor.lib.gui.InteractiveDialog">
                                                <property name="_windowProperties" class="ptolemy.actor.gui.WindowPropertiesAttribute">
                                                </property>
                                                <doc>Produce strings from an interactive dialog on the screen</doc>
                                            </entity>
                                            <entity name="InteractiveShell" class="ptolemy.actor.lib.gui.InteractiveShell">
                                                <property name="_windowProperties" class="ptolemy.actor.gui.WindowPropertiesAttribute">
                                                </property>
                                                <doc>Produce strings from an interactive shell on the screen</doc>
                                            </entity>
                                            <entity name="Interpolator" class="ptolemy.actor.lib.Interpolator">
                                            </entity>
                                            <entity name="Pulse" class="ptolemy.actor.lib.Pulse">
                                            </entity>
                                            <entity name="Ramp" class="ptolemy.actor.lib.Ramp">
                                                <doc>Create a sequence of tokens with increasing value</doc>
                                            </entity>
                                            <entity name="Sequence" class="ptolemy.actor.lib.Sequence">
                                            </entity>
                                            <entity name="Sinewave" class="ptolemy.actor.lib.Sinewave">
                                            </entity>
                                            <entity name="SketchedSource" class="ptolemy.actor.lib.gui.SketchedSource">
                                                <property name="_windowProperties" class="ptolemy.actor.gui.WindowPropertiesAttribute">
                                                </property>
                                                <property name="_plotSize" class="ptolemy.actor.gui.SizeAttribute">
                                                </property>
                                                <doc>Create values from a sketch on the screen</doc>
                                            </entity>
                                        </group>
                                    </configure>
                                </entity>
                            </group>
                        </configure>
                    </entity>
                    <entity name="Sinks" class="ptolemy.moml.EntityLibrary">
                        <configure>
                            <group>
                                <doc>Domain-polymorphic sinks</doc>
                                <entity name="GenericSinks" class="ptolemy.moml.EntityLibrary">
                                    <configure>
                                        <group>
                                            <doc>Sinks that work with any style of input (timed or not). </doc>
                                            <entity name="ArrayPlotterXY" class="ptolemy.actor.lib.gui.ArrayPlotterXY">
                                                <property name="_windowProperties" class="ptolemy.actor.gui.WindowPropertiesAttribute">
                                                </property>
                                                <property name="_plotSize" class="ptolemy.actor.gui.SizeAttribute">
                                                </property>
                                            </entity>
                                            <entity name="Discard" class="ptolemy.actor.lib.Discard">
                                                <property name="_hideName" class="ptolemy.data.expr.SingletonParameter" value="true">
                                                </property>
                                                <port name="input" class="ptolemy.actor.TypedIOPort">
                                                    <property name="input"/>
                                                    <property name="multiport"/>
                                                    <property name="_cardinal" class="ptolemy.kernel.util.StringAttribute" value="NORTH">
                                                    </property>
                                                </port>
                                            </entity>
                                            <entity name="Display" class="ptolemy.actor.lib.gui.Display">
                                                <property name="_windowProperties" class="ptolemy.actor.gui.WindowPropertiesAttribute">
                                                </property>
                                                <property name="_paneSize" class="ptolemy.actor.gui.SizeAttribute">
                                                </property>
                                            </entity>
                                            <entity name="MonitorValue" class="ptolemy.actor.lib.gui.MonitorValue">
                                                <doc>Monitor and display values</doc>
                                                <property name="displayWidth" class="ptolemy.data.expr.Parameter" value="20">
                                                </property>
                                                <property name="_icon" class="ptolemy.vergil.icon.UpdatedValueIcon">
                                                    <property name="attributeName" class="ptolemy.kernel.util.StringAttribute" value="value">
                                                    </property>
                                                    <property name="displayWidth" class="ptolemy.data.expr.Parameter" value="displayWidth">
                                                    </property>
                                                </property>
                                            </entity>
                                            <entity name="Publisher" class="ptolemy.actor.lib.Publisher">
                                                <doc>Publish the input values to all matching Subscribers.</doc>
                                                <property name="_icon" class="ptolemy.vergil.icon.BoxedValueIcon">
                                                    <property name="attributeName" class="ptolemy.kernel.util.StringAttribute" value="channel">
                                                    </property>
                                                    <property name="displayWidth" class="ptolemy.data.expr.Parameter" value="60">
                                                    </property>
                                                    <property name="boxColor" class="ptolemy.actor.gui.ColorAttribute" value="{0.85, 0.6, 0.58, 1.0}">
                                                    </property>
                                                </property>
                                            </entity>
                                            <entity name="Recorder" class="ptolemy.actor.lib.Recorder">
                                            </entity>
                                            <entity name="SetVariable" class="ptolemy.actor.lib.SetVariable">
                                                <property name="_icon" class="ptolemy.vergil.icon.BoxedValueIcon">
                                                    <property name="attributeName" class="ptolemy.kernel.util.StringAttribute" value="variableName">
                                                    </property>
                                                    <property name="displayWidth" class="ptolemy.data.expr.Parameter" value="40">
                                                    </property>
                                                </property>
                                            </entity>
                                            <entity name="XYPlotter" class="ptolemy.actor.lib.gui.XYPlotter">
                                                <property name="_windowProperties" class="ptolemy.actor.gui.WindowPropertiesAttribute">
                                                </property>
                                                <property name="_plotSize" class="ptolemy.actor.gui.SizeAttribute">
                                                </property>
                                            </entity>
                                            <entity name="XYScope" class="ptolemy.actor.lib.gui.XYScope">
                                                <property name="_windowProperties" class="ptolemy.actor.gui.WindowPropertiesAttribute">
                                                </property>
                                                <property name="_plotSize" class="ptolemy.actor.gui.SizeAttribute">
                                                </property>
                                            </entity>
                                        </group>
                                    </configure>
                                </entity>
                                <entity name="TimedSinks" class="ptolemy.moml.EntityLibrary">
                                    <configure>
                                        <group>
                                            <doc>Sinks that are time based. </doc>
                                            <entity name="TimedDisplay" class="ptolemy.actor.lib.gui.TimedDisplay">
                                                <property name="_windowProperties" class="ptolemy.actor.gui.WindowPropertiesAttribute">
                                                </property>
                                                <property name="_paneSize" class="ptolemy.actor.gui.SizeAttribute">
                                                </property>
                                            </entity>
                                            <entity name="TimedMonitorValue" class="ptolemy.actor.lib.gui.TimedMonitorValue">
                                                <doc>Monitor and display values</doc>
                                                <property name="displayWidth" class="ptolemy.data.expr.Parameter" value="20">
                                                </property>
                                                <property name="_icon" class="ptolemy.vergil.icon.UpdatedValueIcon">
                                                    <property name="attributeName" class="ptolemy.kernel.util.StringAttribute" value="value">
                                                    </property>
                                                    <property name="displayWidth" class="ptolemy.data.expr.Parameter" value="displayWidth">
                                                    </property>
                                                </property>
                                            </entity>
                                            <entity name="TimedPlotter" class="ptolemy.actor.lib.gui.TimedPlotter">
                                                <property name="_windowProperties" class="ptolemy.actor.gui.WindowPropertiesAttribute">
                                                </property>
                                                <property name="_plotSize" class="ptolemy.actor.gui.SizeAttribute">
                                                </property>
                                            </entity>
                                            <entity name="TimedScope" class="ptolemy.actor.lib.gui.TimedScope">
                                                <property name="_windowProperties" class="ptolemy.actor.gui.WindowPropertiesAttribute">
                                                </property>
                                                <property name="_plotSize" class="ptolemy.actor.gui.SizeAttribute">
                                                </property>
                                            </entity>
                                        </group>
                                    </configure>
                                </entity>
                                <entity name="SequenceSinks" class="ptolemy.moml.EntityLibrary">
                                    <configure>
                                        <group>
                                            <doc>Sinks for inputs that are sequences of tokens. </doc>
                                            <entity name="ArrayPlotter" class="ptolemy.actor.lib.gui.ArrayPlotter">
                                                <property name="_windowProperties" class="ptolemy.actor.gui.WindowPropertiesAttribute">
                                                </property>
                                                <property name="_plotSize" class="ptolemy.actor.gui.SizeAttribute">
                                                </property>
                                            </entity>
                                            <entity name="BarGraph" class="ptolemy.actor.lib.gui.BarGraph">
                                                <property name="_windowProperties" class="ptolemy.actor.gui.WindowPropertiesAttribute">
                                                </property>
                                                <property name="_plotSize" class="ptolemy.actor.gui.SizeAttribute">
                                                </property>
                                            </entity>
                                            <entity name="HistogramPlotter" class="ptolemy.actor.lib.gui.HistogramPlotter">
                                                <property name="_windowProperties" class="ptolemy.actor.gui.WindowPropertiesAttribute">
                                                </property>
                                                <property name="_plotSize" class="ptolemy.actor.gui.SizeAttribute">
                                                </property>
                                            </entity>
                                            <entity name="SequencePlotter" class="ptolemy.actor.lib.gui.SequencePlotter">
                                                <property name="_windowProperties" class="ptolemy.actor.gui.WindowPropertiesAttribute">
                                                </property>
                                                <property name="_plotSize" class="ptolemy.actor.gui.SizeAttribute">
                                                </property>
                                            </entity>
                                            <entity name="SequenceScope" class="ptolemy.actor.lib.gui.SequenceScope">
                                                <property name="_windowProperties" class="ptolemy.actor.gui.WindowPropertiesAttribute">
                                                </property>
                                                <property name="_plotSize" class="ptolemy.actor.gui.SizeAttribute">
                                                </property>
                                            </entity>
                                        </group>
                                    </configure>
                                </entity>
                            </group>
                        </configure>
                    </entity>
                    <entity name="Array" class="ptolemy.moml.EntityLibrary">
                        <configure>
                            <group>
                                <doc>Array manipulation actors</doc>
                                <entity name="ArrayAccumulate" class="ptolemy.actor.lib.ArrayAccumulate">
                                </entity>
                                <entity name="ArrayAppend" class="ptolemy.actor.lib.ArrayAppend">
                                </entity>
                                <entity name="ArrayAverage" class="ptolemy.actor.lib.ArrayAverage">
                                </entity>
                                <entity name="ArrayContains" class="ptolemy.actor.lib.ArrayContains">
                                </entity>
                                <entity name="ArrayElement" class="ptolemy.actor.lib.ArrayElement">
                                </entity>
                                <entity name="ArrayElementAsMatrix" class="ptolemy.actor.lib.ArrayElementAsMatrix">
                                </entity>
                                <entity name="ArrayExtract" class="ptolemy.actor.lib.ArrayExtract">
                                </entity>
                                <entity name="ArrayLength" class="ptolemy.actor.lib.ArrayLength">
                                </entity>
                                <entity name="ArrayLevelCrossing" class="ptolemy.actor.lib.ArrayLevelCrossing">
                                </entity>
                                <entity name="ArrayMaximum" class="ptolemy.actor.lib.ArrayMaximum">
                                </entity>
                                <entity name="ArrayMinimum" class="ptolemy.actor.lib.ArrayMinimum">
                                </entity>
                                <entity name="ArrayPeakSearch" class="ptolemy.actor.lib.ArrayPeakSearch">
                                </entity>
                                <entity name="ArrayRemoveElement" class="ptolemy.actor.lib.ArrayRemoveElement">
                                </entity>
                                <entity name="ArraySort" class="ptolemy.actor.lib.ArraySort">
                                </entity>
                                <entity name="ArraySum" class="ptolemy.actor.lib.ArraySum">
                                </entity>
                                <entity name="ArrayToElements" class="ptolemy.actor.lib.ArrayToElements">
                                </entity>
                                <entity name="ArrayToSequence" class="ptolemy.domains.sdf.lib.ArrayToSequence">
                                </entity>
                                <entity name="ArrayUpdate" class="ptolemy.actor.lib.ArrayUpdate">
                                </entity>
                                <entity name="ElementsToArray" class="ptolemy.actor.lib.ElementsToArray">
                                </entity>
                                <entity name="SequenceToArray" class="ptolemy.domains.sdf.lib.SequenceToArray">
                                </entity>
                            </group>
                        </configure>
                    </entity>
                    <entity name="Conversions" class="ptolemy.moml.EntityLibrary">
                        <configure>
                            <group>
                                <doc>Conversion actors</doc>
                                <entity name="AnythingToDouble" class="ptolemy.actor.lib.conversions.AnythingToDouble">
                                </entity>
                                <entity name="BooleanToAnything" class="ptolemy.actor.lib.conversions.BooleanToAnything">
                                </entity>
                                <entity name="BitsToInt" class="ptolemy.domains.sdf.lib.BitsToInt">
                                </entity>
                                <entity name="CartesianToComplex" class="ptolemy.actor.lib.conversions.CartesianToComplex">
                                </entity>
                                <entity name="CartesianToPolar" class="ptolemy.actor.lib.conversions.CartesianToPolar">
                                </entity>
                                <entity name="ComplexToCartesian" class="ptolemy.actor.lib.conversions.ComplexToCartesian">
                                </entity>
                                <entity name="ComplexToPolar" class="ptolemy.actor.lib.conversions.ComplexToPolar">
                                </entity>
                                <entity name="DateToString" class="ptolemy.actor.lib.conversions.DateToString">
                                </entity>
                                <entity name="DoubleToFix" class="ptolemy.actor.lib.conversions.DoubleToFix">
                                    <property name="quantization" class="ptolemy.kernel.util.Attribute">
                                        <property name="style" class="ptolemy.actor.gui.style.ChoiceStyle">
                                            <property name="round" class="ptolemy.kernel.util.StringAttribute" value="round">
                                            </property>
                                            <property name="truncate" class="ptolemy.kernel.util.StringAttribute" value="truncate">
                                            </property>
                                        </property>
                                    </property>
                                </entity>
                                <entity name="ExpressionToToken" class="ptolemy.actor.lib.conversions.ExpressionToToken">
                                </entity>
                                <entity name="FixToDouble" class="ptolemy.actor.lib.conversions.FixToDouble">
                                </entity>
                                <entity name="FixToFix" class="ptolemy.actor.lib.conversions.FixToFix">
                                    <property name="overflow" class="ptolemy.kernel.util.StringAttribute" value="saturate">
                                        <property name="style" class="ptolemy.actor.gui.style.ChoiceStyle">
                                            <property name="saturate" class="ptolemy.kernel.util.StringAttribute" value="saturate">
                                            </property>
                                            <property name="overflow_to_zero" class="ptolemy.kernel.util.StringAttribute" value="overflow_to_zero">
                                            </property>
                                        </property>
                                    </property>
                                    <property name="quantization" class="ptolemy.kernel.util.Attribute">
                                        <property name="style" class="ptolemy.actor.gui.style.ChoiceStyle">
                                            <property name="round" class="ptolemy.kernel.util.StringAttribute" value="round">
                                            </property>
                                            <property name="truncate" class="ptolemy.kernel.util.StringAttribute" value="truncate">
                                            </property>
                                        </property>
                                    </property>
                                </entity>
                                <entity name="ImageToString" class="ptolemy.actor.lib.conversions.ImageToString">
                                    <property name="compression" class="ptolemy.data.expr.StringParameter" value="png">
                                        <property name="style" class="ptolemy.actor.gui.style.ChoiceStyle">
                                            <property name="gif" class="ptolemy.kernel.util.StringAttribute" value="gif">
                                            </property>
                                            <property name="png" class="ptolemy.kernel.util.StringAttribute" value="png">
                                            </property>
                                            <property name="jpg" class="ptolemy.kernel.util.StringAttribute" value="jpg">
                                            </property>
                                        </property>
                                    </property>
                                </entity>
                                <entity name="IntArrayToString" class="ptolemy.actor.lib.conversions.IntArrayToString">
                                </entity>
                                <entity name="IntToBits" class="ptolemy.domains.sdf.lib.IntToBits">
                                </entity>
                                <entity name="InUnitsOf" class="ptolemy.actor.lib.conversions.InUnitsOf">
                                    <property name="_icon" class="ptolemy.vergil.icon.BoxedValueIcon">
                                        <property name="attributeName" class="ptolemy.kernel.util.StringAttribute" value="units">
                                        </property>
                                        <property name="displayWidth" class="ptolemy.data.expr.Parameter" value="40">
                                        </property>
                                    </property>
                                </entity>
                                <entity name="JSON" class="ptolemy.moml.EntityLibrary">
                                    <configure>
                                        <group>
                                            <doc>JSON Conversion actors</doc>
                                            <entity name="JSONToToken" class="ptolemy.actor.lib.conversions.json.JSONToToken">
                                            </entity>
                                            <entity name="TokenToJSON" class="ptolemy.actor.lib.conversions.json.TokenToJSON">
                                            </entity>
                                        </group>
                                    </configure>
                                </entity>
                                <entity name="LongToDouble" class="ptolemy.actor.lib.conversions.LongToDouble">
                                </entity>
                                <entity name="PolarToCartesian" class="ptolemy.actor.lib.conversions.PolarToCartesian">
                                </entity>
                                <entity name="PolarToComplex" class="ptolemy.actor.lib.conversions.PolarToComplex">
                                </entity>
                                <entity name="Round" class="ptolemy.actor.lib.conversions.Round">
                                    <property name="function" class="ptolemy.kernel.util.StringAttribute" value="round">
                                        <property name="style" class="ptolemy.actor.gui.style.ChoiceStyle">
                                            <property name="ceil" class="ptolemy.kernel.util.StringAttribute" value="ceil">
                                            </property>
                                            <property name="floor" class="ptolemy.kernel.util.StringAttribute" value="floor">
                                            </property>
                                            <property name="round" class="ptolemy.kernel.util.StringAttribute" value="round">
                                            </property>
                                            <property name="truncate" class="ptolemy.kernel.util.StringAttribute" value="truncate">
                                            </property>
                                        </property>
                                    </property>
                                </entity>
                                <entity name="SmoothToDouble" class="ptolemy.actor.lib.conversions.SmoothToDouble">
                                </entity>
                                <entity name="StringToBoolean" class="ptolemy.actor.lib.conversions.StringToBoolean">
                                </entity>
                                <entity name="StringToDouble" class="ptolemy.actor.lib.conversions.StringToDouble">
                                </entity>
                                <entity name="StringToInt" class="ptolemy.actor.lib.conversions.StringToInt">
                                </entity>
                                <entity name="StringToIntArray" class="ptolemy.actor.lib.conversions.StringToIntArray">
                                </entity>
                                <entity name="StringToUnsignedByteArray" class="ptolemy.actor.lib.conversions.StringToUnsignedByteArray">
                                </entity>
                                <entity name="StringToXML" class="ptolemy.actor.lib.conversions.StringToXML">
                                </entity>
                                <entity name="TokenToExpression" class="ptolemy.actor.lib.conversions.TokenToExpression">
                                </entity>
                                <entity name="UnsignedByteArrayToString" class="ptolemy.actor.lib.conversions.UnsignedByteArrayToString">
                                </entity>
                            </group>
                        </configure>
                    </entity>
                    <entity name="FlowControl" class="ptolemy.moml.EntityLibrary">
                        <configure>
                            <group>
                                <doc>Actors that route tokens or otherwise affect the flow of control.</doc>
                                <entity name="Aggregators" class="ptolemy.moml.EntityLibrary">
                                    <configure>
                                        <group>
                                            <doc>Actors that aggregate or disaggregate signals.</doc>
                                            <entity name="BusAssembler" class="ptolemy.actor.lib.BusAssembler">
                                            </entity>
                                            <entity name="BusDisassembler" class="ptolemy.actor.lib.BusDisassembler">
                                            </entity>
                                            <entity name="Commutator" class="ptolemy.actor.lib.Commutator">
                                            </entity>
                                            <entity name="Distributor" class="ptolemy.actor.lib.Distributor">
                                            </entity>
                                            <entity name="Multiplexor" class="ptolemy.actor.lib.Multiplexor">
                                            </entity>
                                            <entity name="OrderedRecordAssembler" class="ptolemy.actor.lib.OrderedRecordAssembler">
                                            </entity>
                                            <entity name="RecordAssembler" class="ptolemy.actor.lib.RecordAssembler">
                                            </entity>
                                            <entity name="RecordDisassembler" class="ptolemy.actor.lib.RecordDisassembler">
                                            </entity>
                                            <entity name="RecordUpdater" class="ptolemy.actor.lib.RecordUpdater">
                                            </entity>
                                            <entity name="Sampler" class="ptolemy.actor.lib.Sampler">
                                            </entity>
                                            <entity name="Select" class="ptolemy.actor.lib.Select">
                                            </entity>
                                            <entity name="SingleTokenCommutator" class="ptolemy.actor.lib.SingleTokenCommutator">
                                            </entity>
                                            <entity name="Switch" class="ptolemy.actor.lib.Switch">
                                            </entity>
                                            <entity name="Synchronizer" class="ptolemy.actor.lib.Synchronizer">
                                            </entity>
                                            <entity name="UnionDisassembler" class="ptolemy.actor.lib.UnionDisassembler">
                                            </entity>
                                            <entity name="UnionMerge" class="ptolemy.actor.lib.UnionMerge">
                                            </entity>
                                            <entity name="VectorAssembler" class="ptolemy.actor.lib.VectorAssembler">
                                            </entity>
                                            <entity name="VectorDisassembler" class="ptolemy.actor.lib.VectorDisassembler">
                                            </entity>
                                        </group>
                                    </configure>
                                </entity>
                                <entity name="BooleanFlowControl" class="ptolemy.moml.EntityLibrary">
                                    <configure>
                                        <group>
                                            <doc>Boolean Flow Control Actors</doc>
                                            <entity name="BooleanMultiplexor" class="ptolemy.actor.lib.BooleanMultiplexor">
                                            </entity>
                                            <entity name="BooleanSelect" class="ptolemy.actor.lib.BooleanSelect">
                                            </entity>
                                            <entity name="BooleanSwitch" class="ptolemy.actor.lib.BooleanSwitch">
                                            </entity>
                                            <entity name="ConfigurationSelect" class="ptolemy.actor.lib.ConfigurationSelect">
                                            </entity>
                                            <entity name="ConfigurationSwitch" class="ptolemy.actor.lib.ConfigurationSwitch">
                                            </entity>
                                            <entity name="CountTrues" class="ptolemy.domains.sdf.lib.CountTrues">
                                            </entity>
                                        </group>
                                    </configure>
                                </entity>
                                <entity name="SequenceControl" class="ptolemy.moml.EntityLibrary">
                                    <configure>
                                        <group>
                                            <doc>Actors that alter sequences.</doc>
                                            <entity name="Chop" class="ptolemy.domains.sdf.lib.Chop">
                                            </entity>
                                            <entity name="Default" class="ptolemy.actor.lib.Default">
                                            </entity>
                                            <entity name="Repeat" class="ptolemy.domains.sdf.lib.Repeat">
                                            </entity>
                                            <entity name="SampleDelay" class="ptolemy.domains.sdf.lib.SampleDelay">
                                                <property name="displayWidth" class="ptolemy.data.expr.Parameter" value="20">
                                                </property>
                                                <property name="_icon" class="ptolemy.vergil.icon.BoxedValueIcon">
                                                    <property name="attributeName" class="ptolemy.kernel.util.StringAttribute" value="initialOutputs">
                                                    </property>
                                                    <property name="displayWidth" class="ptolemy.data.expr.Parameter" value="displayWidth">
                                                    </property>
                                                </property>
                                            </entity>
                                            <entity name="Sequencer" class="ptolemy.actor.lib.Sequencer">
                                            </entity>
                                        </group>
                                    </configure>
                                </entity>
                                <entity name="ExecutionControl" class="ptolemy.moml.EntityLibrary">
                                    <configure>
                                        <group>
                                            <doc>Actors that stop execution of the model.</doc>
                                            <property name="CatchExceptionAttribute" class="ptolemy.actor.lib.CatchExceptionAttribute">
                                                <property name="_icon" class="ptolemy.vergil.icon.BoxedValueIcon">
                                                    <property name="attributeName" class="ptolemy.kernel.util.StringAttribute" value="statusMessage">
                                                    </property>
                                                    <property name="displayWidth" class="ptolemy.data.expr.Parameter" value="60">
                                                    </property>
                                                    <property name="displayHeight" class="ptolemy.data.expr.Parameter" value="10">
                                                    </property>
                                                </property>
                                            </property>
                                            <entity name="Exit" class="ptolemy.actor.lib.Exit">
                                            </entity>
                                            <entity name="Stop" class="ptolemy.actor.lib.Stop">
                                            </entity>
                                            <entity name="Pause" class="ptolemy.actor.lib.Pause">
                                            </entity>
                                            <entity name="ThrowException" class="ptolemy.actor.lib.ThrowException">
                                            </entity>
                                            <entity name="ThrowModelError" class="ptolemy.actor.lib.ThrowModelError">
                                            </entity>
                                        </group>
                                    </configure>
                                </entity>
                            </group>
                        </configure>
                    </entity>
                    <entity name="DataStores" class="ptolemy.moml.EntityLibrary">
                        <configure>
                            <group>
                                <doc>Actors that store data.</doc>
                                <entity name="Dictionary" class="ptolemy.actor.lib.Dictionary">
                                </entity>
                            </group>
                        </configure>
                    </entity>
                    <entity name="HigherOrderActors" class="ptolemy.moml.EntityLibrary">
                        <configure>
                            <group>
                                <doc>Higher-Order Computation Infrastructure.</doc>
                                <entity name="ApplyFunction" class="ptolemy.actor.lib.hoc.ApplyFunction">
                                    <doc>The function is applied to its input data.</doc>
                                </entity>
                                <entity name="CatchUpComposite" class="ptolemy.actor.lib.hoc.CatchUpComposite">
                                    <doc>Composite actor where inside can catch up with the outside</doc>
                                    <property name="_configurer" class="ptolemy.actor.gui.InsideEntityEditorPaneFactory">
                                    </property>
                                    <property name="_tableauFactory" class="ptolemy.actor.gui.LevelSkippingTableauFactory">
                                    </property>
                                    <entity name="Contents" class="ptolemy.actor.TypedCompositeActor">
                                        <property name="annotation" class="ptolemy.kernel.util.Attribute">
                                            <property name="_hideName" class="ptolemy.kernel.util.SingletonAttribute">
                                            </property>
                                            <property name="_iconDescription" class="ptolemy.kernel.util.SingletonConfigurableAttribute">
                                                <configure><svg><text x="20" y="20" style="font-size:14; font-family:SansSerif; fill:blue">Make sure there is a director here!</text></svg></configure>
                                            </property>
                                            <property name="_controllerFactory" class="ptolemy.vergil.basic.NodeControllerFactory">
                                            </property>
                                            <property name="_editorFactory" class="ptolemy.vergil.toolbox.AnnotationEditorFactory">
                                            </property>
                                            <property name="_location" class="ptolemy.kernel.util.Location" value="-5.0, 5.0">
                                            </property>
                                        </property>
                                    </entity>
                                </entity>
                                <entity name="Case" class="ptolemy.actor.lib.hoc.Case">
                                </entity>
                                <entity name="ExecuteActor" class="ptolemy.actor.lib.hoc.ExecuteActor">
                                </entity>
                                <entity name="IterateOverArray" class="ptolemy.actor.lib.hoc.IterateOverArray">
                                    <doc>Iterate a contained actor over input arrays</doc>
                                    <property name="_icon" class="ptolemy.vergil.icon.CopyCatIcon">
                                    </property>
                                    <property name="_configurer" class="ptolemy.actor.gui.InsideEntityEditorPaneFactory">
                                    </property>
                                    <property name="_tableauFactory" class="ptolemy.actor.gui.LevelSkippingTableauFactory">
                                    </property>
                                    <entity name="IterateComposite" class="ptolemy.actor.lib.hoc.IterateOverArray$IterateComposite">
                                        <property name="annotation" class="ptolemy.kernel.util.Attribute">
                                            <property name="_hideName" class="ptolemy.kernel.util.SingletonAttribute">
                                            </property>
                                            <property name="_iconDescription" class="ptolemy.kernel.util.SingletonConfigurableAttribute">
                                                <configure><svg><text x="20" y="20" style="font-size:14; font-family:SansSerif; fill:blue">Make sure there is a director here!</text></svg></configure>
                                            </property>
                                            <property name="_smallIconDescription" class="ptolemy.kernel.util.SingletonConfigurableAttribute">
                                                <configure>
                <svg> 
                    <text x="20" style="font-size:14; font-family:SansSerif; fill:blue" y="20">-A-</text>
                </svg>
              </configure>
                                            </property>
                                            <property name="_controllerFactory" class="ptolemy.vergil.basic.NodeControllerFactory">
                                            </property>
                                            <property name="_editorFactory" class="ptolemy.vergil.toolbox.AnnotationEditorFactory">
                                            </property>
                                            <property name="_location" class="ptolemy.kernel.util.Location" value="-5.0, 5.0">
                                            </property>
                                        </property>
                                    </entity>
                                </entity>
                                <entity name="MobileModel" class="ptolemy.actor.lib.hoc.MobileModel">
                                    <doc>The inside model of this composite actor can be dynamically defined.</doc>
                                </entity>
                                <entity name="ModalModel" class="ptolemy.domains.modal.modal.ModalModel">
                                    <property name="_tableauFactory" class="ptolemy.vergil.modal.modal.ModalTableauFactory">
                                    </property>
                                    <entity name="_Controller" class="ptolemy.domains.modal.modal.ModalController">
                                        <property name="annotation" class="ptolemy.kernel.util.Attribute">
                                            <property name="_hideName" class="ptolemy.kernel.util.SingletonAttribute">
                                            </property>
                                            <property name="_iconDescription" class="ptolemy.kernel.util.SingletonConfigurableAttribute">
                                                <configure><svg><text x="20" y="20" style="font-size:14; font-family:SansSerif; fill:blue">Create a state machine here (and ports, if needed) and
create refinements for the states.  Create transitions
by holding the (Mac: command key, Windows: control key)
and dragging from one state to another.  
Right click to configure the properties 
of this model, including setting the final state(s).
Then delete this annotation.</text>
    </svg></configure>
                                            </property>
                                            <property name="_location" class="ptolemy.kernel.util.Location" value="120.0, 5.0">
                                            </property>
                                            <property name="_controllerFactory" class="ptolemy.vergil.basic.NodeControllerFactory">
                                            </property>
                                            <property name="_editorFactory" class="ptolemy.vergil.toolbox.AnnotationEditorFactory">
                                            </property>
                                        </property>
                                        <property name="_library" class="ptolemy.moml.LibraryAttribute">
                                            <configure>
      <entity name="state library" class="ptolemy.kernel.CompositeEntity"><input source="ptolemy/configs/basicUtilities.xml"></input><entity name="state" class="ptolemy.domains.modal.kernel.State"><property name="_centerName" class="ptolemy.kernel.util.Attribute"></property><property name="_controllerFactory" class="ptolemy.vergil.modal.modal.HierarchicalStateControllerFactory"></property></entity></entity>
    </configure>
                                        </property>
                                    </entity>
                                </entity>
                                <entity name="ModelDisplay" class="ptolemy.vergil.actor.lib.ModelDisplay">
                                    <property name="_windowProperties" class="ptolemy.actor.gui.WindowPropertiesAttribute">
                                    </property>
                                    <property name="_paneSize" class="ptolemy.actor.gui.SizeAttribute">
                                    </property>
                                </entity>
                                <entity name="ModelReference" class="ptolemy.actor.lib.hoc.ModelReference">
                                    <property name="spawnSeparateModels" class="ptolemy.data.expr.Parameter" value="false">
                                    </property>
                                </entity>
                                <entity name="MultiInstanceComposite" class="ptolemy.actor.lib.hoc.MultiInstanceComposite">
                                    <doc>Creates multiple instances of itself</doc>
                                    <property name="annotation" class="ptolemy.kernel.util.Attribute">
                                        <property name="_hideName" class="ptolemy.kernel.util.SingletonAttribute">
                                        </property>
                                        <property name="_iconDescription" class="ptolemy.kernel.util.SingletonConfigurableAttribute">
                                            <configure><svg><text x="20" y="20" style="font-size:14; font-family:SansSerif; fill:blue">Make sure there is a director here!</text></svg></configure>
                                        </property>
                                        <property name="_smallIconDescription" class="ptolemy.kernel.util.SingletonConfigurableAttribute">
                                            <configure>
                <svg> 
                    <text x="20" style="font-size:14; font-family:SansSerif; fill:blue" y="20">-A-</text>
                </svg>
              </configure>
                                        </property>
                                        <property name="_controllerFactory" class="ptolemy.vergil.basic.NodeControllerFactory">
                                        </property>
                                        <property name="_editorFactory" class="ptolemy.vergil.toolbox.AnnotationEditorFactory">
                                        </property>
                                        <property name="_location" class="ptolemy.kernel.util.Location" value="-5.0, 5.0">
                                        </property>
                                    </property>
                                </entity>
                                <entity name="RunCompositeActor" class="ptolemy.actor.lib.hoc.RunCompositeActor">
                                </entity>
                                <entity name="ThreadedComposite" class="ptolemy.actor.lib.hoc.ThreadedComposite">
                                    <doc>Execute the contained model in a separate thread with optional real-time properties.</doc>
                                    <property name="_icon" class="ptolemy.vergil.icon.CopyCatIcon">
                                        <property name="echos" class="ptolemy.data.expr.Parameter" value="1">
                                        </property>
                                        <property name="echoBoxColor" class="ptolemy.actor.gui.ColorAttribute" value="{0.0, 1.0, 0.0, 1.0}">
                                        </property>
                                    </property>
                                    <property name="_configurer" class="ptolemy.actor.gui.EditorPaneFactory">
                                    </property>
                                    <property name="_configurer2" class="ptolemy.actor.gui.InsideEntityEditorPaneFactory">
                                    </property>
                                    <property name="_tableauFactory" class="ptolemy.actor.gui.LevelSkippingTableauFactory">
                                    </property>
                                    <entity name="ThreadedCompositeInside" class="ptolemy.actor.lib.hoc.MirrorComposite$MirrorCompositeContents">
                                        <property name="annotation" class="ptolemy.kernel.util.Attribute">
                                            <property name="_hideName" class="ptolemy.kernel.util.SingletonAttribute">
                                            </property>
                                            <property name="_iconDescription" class="ptolemy.kernel.util.SingletonConfigurableAttribute">
                                                <configure><svg><text x="20" y="20" style="font-size:14; font-family:SansSerif; fill:blue">Make sure there is a director here!</text></svg></configure>
                                            </property>
                                            <property name="_smallIconDescription" class="ptolemy.kernel.util.SingletonConfigurableAttribute">
                                                <configure>
                <svg> 
                    <text x="20" style="font-size:14; font-family:SansSerif; fill:blue" y="20">-A-</text>
                </svg>
              </configure>
                                            </property>
                                            <property name="_controllerFactory" class="ptolemy.vergil.basic.NodeControllerFactory">
                                            </property>
                                            <property name="_editorFactory" class="ptolemy.vergil.toolbox.AnnotationEditorFactory">
                                            </property>
                                            <property name="_location" class="ptolemy.kernel.util.Location" value="-5.0, 5.0">
                                            </property>
                                        </property>
                                    </entity>
                                </entity>
                                <entity name="VisualModelReference" class="ptolemy.vergil.actor.lib.VisualModelReference">
                                    <property name="spawnSeparateModels" class="ptolemy.data.expr.Parameter" value="false">
                                    </property>
                                </entity>
                                <entity name="PtalonActor" class="ptolemy.actor.ptalon.PtalonActor">
                                </entity>
                            </group>
                        </configure>
                    </entity>
                    <entity name="IO" class="ptolemy.moml.EntityLibrary">
                        <configure>
                            <group>
                                <doc>Actors that read and write to the file system or network.</doc>
                                <entity name="ArrowKeySensor" class="ptolemy.actor.lib.gui.ArrowKeySensor">
                                    <doc>Create a JFrame for sensing up, left, right, and down arrow key presses and releases</doc>
                                </entity>
                                <entity name="CSVReader" class="ptolemy.actor.lib.io.CSVReader">
                                </entity>
                                <entity name="CSVWriter" class="ptolemy.actor.lib.io.CSVWriter">
                                </entity>
                                <entity name="DatagramReader" class="ptolemy.actor.lib.net.DatagramReader">
                                </entity>
                                <entity name="DatagramWriter" class="ptolemy.actor.lib.net.DatagramWriter">
                                </entity>
                                <entity name="DirectoryListing" class="ptolemy.actor.lib.io.DirectoryListing">
                                </entity>
                                <entity name="FileReader" class="ptolemy.actor.lib.io.FileReader">
                                    <doc>Read an entire file and output as a string</doc>
                                </entity>
                                <entity name="IPAddress" class="ptolemy.actor.lib.net.IPAddress">
                                    <doc>Send the IP address of the host to the output port.</doc>
                                </entity>
                                <entity name="FileWriter" class="ptolemy.actor.lib.FileWriter">
                                    <doc>Write an entire file from a string</doc>
                                </entity>
                                <entity name="LineReader" class="ptolemy.actor.lib.io.LineReader">
                                    <doc>Read one line at a time from a text file and output as a string</doc>
                                </entity>
                                <entity name="LineWriter" class="ptolemy.actor.lib.io.LineWriter">
                                    <doc>Write the value of a string token, one per line, to a text file.</doc>
                                </entity>
                            </group>
                        </configure>
                    </entity>
                    <entity name="Logic" class="ptolemy.moml.EntityLibrary">
                        <configure>
                            <group>
                                <doc>Logic functions</doc>
                                <entity name="Comparator" class="ptolemy.actor.lib.logic.Comparator">
                                    <property name="comparison" class="ptolemy.kernel.util.StringAttribute" value="&gt;">
                                        <property name="style" class="ptolemy.actor.gui.style.ChoiceStyle">
                                            <property name="gt" class="ptolemy.kernel.util.StringAttribute" value="&gt;">
                                            </property>
                                            <property name="ge" class="ptolemy.kernel.util.StringAttribute" value="&gt;=">
                                            </property>
                                            <property name="lt" class="ptolemy.kernel.util.StringAttribute" value="&lt;">
                                            </property>
                                            <property name="le" class="ptolemy.kernel.util.StringAttribute" value="&lt;=">
                                            </property>
                                            <property name="eq" class="ptolemy.kernel.util.StringAttribute" value="==">
                                            </property>
                                        </property>
                                    </property>
                                    <property name="_icon" class="ptolemy.vergil.icon.AttributeValueIcon">
                                        <property name="attributeName" class="ptolemy.kernel.util.StringAttribute" value="comparison">
                                        </property>
                                    </property>
                                </entity>
                                <entity name="Equals" class="ptolemy.actor.lib.logic.Equals">
                                </entity>
                                <entity name="IsPresent" class="ptolemy.actor.lib.logic.IsPresent">
                                </entity>
                                <entity name="LogicalNot" class="ptolemy.actor.lib.logic.LogicalNot">
                                </entity>
                                <entity name="LogicGate" class="ptolemy.actor.lib.logic.LogicGate">
                                    <property name="LogicGate_Icon" class="ptolemy.vergil.icon.EditorIcon">
                                        <property name="polygon" class="ptolemy.vergil.kernel.attributes.ResizablePolygonAttribute">
                                            <property name="_location" class="ptolemy.kernel.util.Location" value="[9.0, 0.0]">
                                            </property>
                                            <property name="lineColor" class="ptolemy.actor.gui.ColorAttribute" value="{0.0, 0.0, 0.0, 0.0}">
                                            </property>
                                            <property name="width" class="ptolemy.data.expr.Parameter" value="(logic == &quot;and&quot; || logic == &quot;nand&quot;) ? 0 : 35">
                                            </property>
                                            <property name="height" class="ptolemy.data.expr.Parameter" value="(logic == &quot;and&quot; || logic == &quot;nand&quot;) ? 0 : 41">
                                            </property>
                                            <property name="centered" class="ptolemy.data.expr.Parameter" value="true">
                                            </property>
                                            <property name="fillColor" class="ptolemy.actor.gui.ColorAttribute" value="{1.0, 1.0, 1.0, 1.0}">
                                            </property>
                                            <property name="vertices" class="ptolemy.data.expr.Parameter" value="{0.0, 0.0, 35.0, 20.0, 0.0, 40.0}">
                                            </property>
                                            <property name="_renderFirst" class="ptolemy.kernel.util.SingletonAttribute">
                                            </property>
                                        </property>
                                        <property name="rectangle" class="ptolemy.vergil.kernel.attributes.RectangleAttribute">
                                            <property name="_location" class="ptolemy.kernel.util.Location" value="[-24.0, -20.0]">
                                            </property>
                                            <property name="lineColor" class="ptolemy.actor.gui.ColorAttribute" value="{0.0, 0.0, 0.0, 0.0}">
                                            </property>
                                            <property name="width" class="ptolemy.data.expr.Parameter" value="(logic == &quot;and&quot; || logic == &quot;nand&quot;) ? 30 : 16">
                                            </property>
                                            <property name="height" class="ptolemy.data.expr.Parameter" value="40">
                                            </property>
                                            <property name="centered" class="ptolemy.data.expr.Parameter" value="false">
                                            </property>
                                            <property name="fillColor" class="ptolemy.actor.gui.ColorAttribute" value="{1.0, 1.0, 1.0, 1.0}">
                                            </property>
                                        </property>
                                        <property name="arc" class="ptolemy.vergil.kernel.attributes.ArcAttribute">
                                            <property name="_location" class="ptolemy.kernel.util.Location" value="[-14.0, -20.0]">
                                            </property>
                                            <property name="lineColor" class="ptolemy.actor.gui.ColorAttribute" value="(logic == &quot;and&quot; || logic == &quot;nand&quot;) ? {0.0, 0.0, 0.0, 1.0} : {0.0, 0.0, 0.0, 0.0}">
                                            </property>
                                            <property name="width" class="ptolemy.data.expr.Parameter" value="(logic == &quot;and&quot; || logic == &quot;nand&quot;) ? 40 : 0">
                                            </property>
                                            <property name="height" class="ptolemy.data.expr.Parameter" value="(logic == &quot;and&quot; || logic == &quot;nand&quot;) ? 40 : 0">
                                            </property>
                                            <property name="centered" class="ptolemy.data.expr.Parameter" value="false">
                                                <property name="style" class="ptolemy.actor.gui.style.TextStyle">
                                                    <property name="height" class="ptolemy.data.expr.Parameter" value="10">
                                                    </property>
                                                    <property name="width" class="ptolemy.data.expr.Parameter" value="30">
                                                    </property>
                                                </property>
                                            </property>
                                            <property name="fillColor" class="ptolemy.actor.gui.ColorAttribute" value="{1.0, 1.0, 1.0, 1.0}">
                                            </property>
                                            <property name="type" class="ptolemy.data.expr.StringParameter" value="open">
                                            </property>
                                            <property name="start" class="ptolemy.data.expr.Parameter" value="90.0">
                                            </property>
                                            <property name="extent" class="ptolemy.data.expr.Parameter" value="(logic == &quot;and&quot; || logic == &quot;nand&quot;) ? -180.0 : -60.0">
                                            </property>
                                        </property>
                                        <property name="arc2" class="ptolemy.vergil.kernel.attributes.ArcAttribute">
                                            <property name="_location" class="ptolemy.kernel.util.Location" value="{9.0, -10.0}">
                                            </property>
                                            <property name="lineColor" class="ptolemy.actor.gui.ColorAttribute" value="(logic == &quot;and&quot; || logic == &quot;nand&quot;) ? {0.0, 0.0, 0.0, 0.0} : {0.0, 0.0, 0.0, 1.0}">
                                            </property>
                                            <property name="width" class="ptolemy.data.expr.Parameter" value="(logic == &quot;and&quot; || logic == &quot;nand&quot;) ? 0 : 80">
                                            </property>
                                            <property name="height" class="ptolemy.data.expr.Parameter" value="(logic == &quot;and&quot; || logic == &quot;nand&quot;) ? 0 : 80">
                                            </property>
                                            <property name="centered" class="ptolemy.data.expr.Parameter" value="true">
                                                <property name="style" class="ptolemy.actor.gui.style.TextStyle">
                                                    <property name="height" class="ptolemy.data.expr.Parameter" value="10">
                                                    </property>
                                                    <property name="width" class="ptolemy.data.expr.Parameter" value="30">
                                                    </property>
                                                </property>
                                            </property>
                                            <property name="fillColor" class="ptolemy.actor.gui.ColorAttribute" value="{1.0, 1.0, 1.0, 1.0}">
                                            </property>
                                            <property name="type" class="ptolemy.data.expr.StringParameter" value="open">
                                            </property>
                                            <property name="start" class="ptolemy.data.expr.Parameter" value="90.0">
                                            </property>
                                            <property name="extent" class="ptolemy.data.expr.Parameter" value="-60.0">
                                            </property>
                                        </property>
                                        <property name="arc3" class="ptolemy.vergil.kernel.attributes.ArcAttribute">
                                            <property name="_location" class="ptolemy.kernel.util.Location" value="[9.0, 10.0]">
                                            </property>
                                            <property name="lineColor" class="ptolemy.actor.gui.ColorAttribute" value="(logic == &quot;and&quot; || logic == &quot;nand&quot;) ? {0.0, 0.0, 0.0, 0.0} : {0.0, 0.0, 0.0, 1.0}">
                                            </property>
                                            <property name="width" class="ptolemy.data.expr.Parameter" value="(logic == &quot;and&quot; || logic == &quot;nand&quot;) ? 0 : 80">
                                            </property>
                                            <property name="height" class="ptolemy.data.expr.Parameter" value="(logic == &quot;and&quot; || logic == &quot;nand&quot;) ? 0 : 80">
                                            </property>
                                            <property name="centered" class="ptolemy.data.expr.Parameter" value="true">
                                                <property name="style" class="ptolemy.actor.gui.style.TextStyle">
                                                    <property name="height" class="ptolemy.data.expr.Parameter" value="10">
                                                    </property>
                                                    <property name="width" class="ptolemy.data.expr.Parameter" value="30">
                                                    </property>
                                                </property>
                                            </property>
                                            <property name="fillColor" class="ptolemy.actor.gui.ColorAttribute" value="{1.0, 1.0, 1.0, 1.0}">
                                            </property>
                                            <property name="type" class="ptolemy.data.expr.StringParameter" value="open">
                                            </property>
                                            <property name="start" class="ptolemy.data.expr.Parameter" value="-90.0">
                                            </property>
                                            <property name="extent" class="ptolemy.data.expr.Parameter" value="60.0">
                                            </property>
                                        </property>
                                        <property name="arc6" class="ptolemy.vergil.kernel.attributes.ArcAttribute">
                                            <property name="_location" class="ptolemy.kernel.util.Location" value="[33.0, 0.0]">
                                            </property>
                                            <property name="width" class="ptolemy.data.expr.Parameter" value="14">
                                            </property>
                                            <property name="height" class="ptolemy.data.expr.Parameter" value="14">
                                            </property>
                                            <property name="centered" class="ptolemy.data.expr.Parameter" value="true">
                                            </property>
                                            <property name="fillColor" class="ptolemy.actor.gui.ColorAttribute" value="{1.0, 1.0, 1.0, 1.0}">
                                            </property>
                                            <property name="type" class="ptolemy.data.expr.StringParameter" value="chord">
                                            </property>
                                            <property name="start" class="ptolemy.data.expr.Parameter" value="-180.0">
                                            </property>
                                            <property name="extent" class="ptolemy.data.expr.Parameter" value="(logic == &quot;nor&quot; || logic == &quot;nand&quot; || logic == &quot;xnor&quot;) ? 360.0 : 0.0">
                                            </property>
                                        </property>
                                        <property name="line" class="ptolemy.vergil.kernel.attributes.LineAttribute">
                                            <property name="_location" class="ptolemy.kernel.util.Location" value="[-24.0, -20.0]">
                                            </property>
                                            <property name="x" class="ptolemy.data.expr.Parameter" value="(logic == &quot;and&quot; || logic == &quot;nand&quot;) ? 30 : 16">
                                            </property>
                                            <property name="y" class="ptolemy.data.expr.Parameter" value="0.0">
                                            </property>
                                        </property>
                                        <property name="line2" class="ptolemy.vergil.kernel.attributes.LineAttribute">
                                            <property name="_location" class="ptolemy.kernel.util.Location" value="[-24.0, 20.0]">
                                            </property>
                                            <property name="x" class="ptolemy.data.expr.Parameter" value="(logic == &quot;and&quot; || logic == &quot;nand&quot;) ? 30 : 16">
                                            </property>
                                            <property name="y" class="ptolemy.data.expr.Parameter" value="0.0">
                                            </property>
                                        </property>
                                        <property name="line3" class="ptolemy.vergil.kernel.attributes.LineAttribute">
                                            <property name="_location" class="ptolemy.kernel.util.Location" value="[-24.0, -20.0]">
                                            </property>
                                            <property name="x" class="ptolemy.data.expr.Parameter" value="0.0">
                                            </property>
                                            <property name="y" class="ptolemy.data.expr.Parameter" value="(logic == &quot;and&quot; || logic == &quot;nand&quot;) ? 40 : 0">
                                            </property>
                                        </property>
                                        <property name="arc4" class="ptolemy.vergil.kernel.attributes.ArcAttribute">
                                            <property name="_location" class="ptolemy.kernel.util.Location" value="[-20.0, 0.0]">
                                            </property>
                                            <property name="width" class="ptolemy.data.expr.Parameter" value="30">
                                            </property>
                                            <property name="height" class="ptolemy.data.expr.Parameter" value="45">
                                            </property>
                                            <property name="centered" class="ptolemy.data.expr.Parameter" value="true">
                                            </property>
                                            <property name="fillColor" class="ptolemy.actor.gui.ColorAttribute" value="{1.0, 1.0, 1.0, 1.0}">
                                            </property>
                                            <property name="type" class="ptolemy.data.expr.StringParameter" value="open">
                                            </property>
                                            <property name="start" class="ptolemy.data.expr.Parameter" value="-60.0">
                                            </property>
                                            <property name="extent" class="ptolemy.data.expr.Parameter" value="(logic == &quot;and&quot; || logic == &quot;nand&quot;) ? 0 : 120.0">
                                            </property>
                                        </property>
                                        <property name="_windowProperties" class="ptolemy.actor.gui.WindowPropertiesAttribute" value="{bounds={130, 353, 934, 634}, maximized=false}">
                                        </property>
                                        <property name="_vergilSize" class="ptolemy.actor.gui.SizeAttribute" value="[700, 524]">
                                        </property>
                                        <property name="_vergilZoomFactor" class="ptolemy.data.expr.ExpertParameter" value="4.0">
                                        </property>
                                        <property name="_vergilCenter" class="ptolemy.data.expr.ExpertParameter" value="{12.5, 9.25}">
                                        </property>
                                        <property name="arc5" class="ptolemy.vergil.kernel.attributes.ArcAttribute">
                                            <property name="_location" class="ptolemy.kernel.util.Location" value="[-25.0, 0.0]">
                                            </property>
                                            <property name="lineColor" class="ptolemy.actor.gui.ColorAttribute" value="(logic == &quot;xnor&quot; || logic == &quot;xor&quot;) ? {0.0, 0.0, 0.0, 1.0} : {0.0, 0.0, 0.0, 0.0}">
                                            </property>
                                            <property name="width" class="ptolemy.data.expr.Parameter" value="30">
                                            </property>
                                            <property name="height" class="ptolemy.data.expr.Parameter" value="45">
                                            </property>
                                            <property name="centered" class="ptolemy.data.expr.Parameter" value="true">
                                            </property>
                                            <property name="fillColor" class="ptolemy.actor.gui.ColorAttribute" value="{1.0, 1.0, 1.0, 0.0}">
                                            </property>
                                            <property name="type" class="ptolemy.data.expr.StringParameter" value="open">
                                            </property>
                                            <property name="start" class="ptolemy.data.expr.Parameter" value="-60.0">
                                            </property>
                                            <property name="extent" class="ptolemy.data.expr.Parameter" value="(logic == &quot;xnor&quot; || logic == &quot;xor&quot;) ? 120.0 : 0">
                                            </property>
                                        </property>
                                        <property name="ParameterValue" class="ptolemy.vergil.kernel.attributes.AttributeExpressionAttribute">
                                            <property name="attributeName" class="ptolemy.kernel.util.StringAttribute" value="logic">
                                            </property>
                                            <property name="displayWidth" class="ptolemy.data.expr.Parameter" value="6">
                                            </property>
                                            <property name="_location" class="ptolemy.kernel.util.Location" value="[-18.0, -9.0]">
                                            </property>
                                            <property name="_renderLast" class="ptolemy.kernel.util.SingletonAttribute">
                                            </property>
                                        </property>
                                    </property>
                                </entity>
                                <entity name="TrueGate" class="ptolemy.actor.lib.logic.TrueGate">
                                </entity>
                            </group>
                        </configure>
                    </entity>
                    <entity name="Math" class="ptolemy.moml.EntityLibrary">
                        <configure>
                            <group>
                                <doc>Arithmetic and mathematical functions</doc>
                                <entity name="AbsoluteValue" class="ptolemy.actor.lib.AbsoluteValue">
                                </entity>
                                <entity name="AddSubtract" class="ptolemy.actor.lib.AddSubtract">
                                </entity>
                                <entity name="Accumulator" class="ptolemy.actor.lib.Accumulator">
                                </entity>
                                <entity name="Average" class="ptolemy.actor.lib.Average">
                                </entity>
                                <entity name="Counter" class="ptolemy.actor.lib.Counter">
                                </entity>
                                <entity name="Differential" class="ptolemy.actor.lib.Differential">
                                </entity>
                                <entity name="DotProduct" class="ptolemy.domains.sdf.lib.DotProduct">
                                </entity>
                                <entity name="Expression" class="ptolemy.actor.lib.Expression">
                                    <property name="_icon" class="ptolemy.vergil.icon.BoxedValueIcon">
                                        <property name="attributeName" class="ptolemy.kernel.util.StringAttribute" value="expression">
                                        </property>
                                        <property name="displayWidth" class="ptolemy.data.expr.Parameter" value="60">
                                        </property>
                                        <property name="displayHeight" class="ptolemy.data.expr.Parameter" value="10">
                                        </property>
                                    </property>
                                </entity>
                                <entity name="Limiter" class="ptolemy.actor.lib.Limiter">
                                </entity>
                                <entity name="LookupTable" class="ptolemy.actor.lib.LookupTable">
                                </entity>
                                <entity name="Maximum" class="ptolemy.actor.lib.Maximum">
                                </entity>
                                <entity name="Minimum" class="ptolemy.actor.lib.Minimum">
                                </entity>
                                <entity name="MovingAverage" class="ptolemy.actor.lib.MovingAverage">
                                </entity>
                                <entity name="MultiplyDivide" class="ptolemy.actor.lib.MultiplyDivide">
                                </entity>
                                <entity name="Quantizer" class="ptolemy.actor.lib.Quantizer">
                                </entity>
                                <entity name="Remainder" class="ptolemy.actor.lib.Remainder">
                                </entity>
                                <entity name="RunningMaximum" class="ptolemy.actor.lib.RunningMaximum">
                                </entity>
                                <entity name="RunningMinimum" class="ptolemy.actor.lib.RunningMinimum">
                                </entity>
                                <entity name="Scale" class="ptolemy.actor.lib.Scale">
                                    <property name="_icon" class="ptolemy.vergil.icon.AttributeValueIcon">
                                        <property name="attributeName" class="ptolemy.kernel.util.StringAttribute" value="factor">
                                        </property>
                                    </property>
                                </entity>
                                <entity name="TrigFunction" class="ptolemy.actor.lib.TrigFunction">
                                    <property name="_icon" class="ptolemy.vergil.icon.AttributeValueIcon">
                                        <property name="attributeName" class="ptolemy.kernel.util.StringAttribute" value="function">
                                        </property>
                                    </property>
                                </entity>
                                <entity name="UnaryMathFunction" class="ptolemy.actor.lib.UnaryMathFunction">
                                    <property name="_icon" class="ptolemy.vergil.icon.AttributeValueIcon">
                                        <property name="attributeName" class="ptolemy.kernel.util.StringAttribute" value="function">
                                        </property>
                                    </property>
                                </entity>
                            </group>
                        </configure>
                    </entity>
                    <entity name="Matrix" class="ptolemy.moml.EntityLibrary">
                        <configure>
                            <group>
                                <doc>matrix actors</doc>
                                <entity name="ArrayToMatrix" class="ptolemy.actor.lib.ArrayToMatrix">
                                </entity>
                                <entity name="MatrixJoin" class="ptolemy.domains.sdf.lib.MatrixJoin">
                                </entity>
                                <entity name="MatrixSplit" class="ptolemy.domains.sdf.lib.MatrixSplit">
                                </entity>
                                <entity name="MatrixToArray" class="ptolemy.actor.lib.MatrixToArray">
                                </entity>
                                <entity name="MatrixToSequence" class="ptolemy.domains.sdf.lib.MatrixToSequence">
                                </entity>
                                <entity name="MatrixViewer" class="ptolemy.actor.lib.gui.MatrixViewer">
                                    <property name="_windowProperties" class="ptolemy.actor.gui.WindowPropertiesAttribute">
                                    </property>
                                    <property name="_paneSize" class="ptolemy.actor.gui.SizeAttribute">
                                    </property>
                                </entity>
                                <entity name="SequenceToMatrix" class="ptolemy.domains.sdf.lib.SequenceToMatrix">
                                </entity>
                                <entity name="SubMatrix" class="ptolemy.actor.lib.SubMatrix">
                                </entity>
                            </group>
                        </configure>
                    </entity>
                    <entity name="Random" class="ptolemy.moml.EntityLibrary">
                        <configure>
                            <group>
                                <doc>Actors that generate random data.</doc>
                                <entity name="Bernoulli" class="ptolemy.actor.lib.Bernoulli">
                                    <doc>Create a sequence of bernoulli random variables</doc>
                                </entity>
                                <entity name="DiscreteRandomSource" class="ptolemy.actor.lib.DiscreteRandomSource">
                                </entity>
                                <entity name="Gaussian" class="ptolemy.actor.lib.Gaussian">
                                    <doc>Create a sequence of gaussian random variables</doc>
                                </entity>
                                <entity name="RandomInteger" class="ptolemy.actor.lib.RandomInteger">
                                    <doc>Create a sequence of integers that are uniformly sampled from the range 32-bit integers</doc>
                                </entity>
                                <entity name="Rician" class="ptolemy.actor.lib.Rician">
                                    <doc>Create an array of rician random variables</doc>
                                </entity>
                                <entity name="Triangular" class="ptolemy.actor.lib.Triangular">
                                    <doc>Create a sequence of random numbers with a triangular distribution</doc>
                                </entity>
                                <entity name="Uniform" class="ptolemy.actor.lib.Uniform">
                                    <doc>Create a sequence of uniformly distributed random numbers</doc>
                                </entity>
                                <entity name="Colt" class="ptolemy.moml.EntityLibrary">
                                    <configure>
                                        <group>
                                            <doc>Actors that generate random data.</doc>
                                            <entity name="ColtBeta" class="ptolemy.actor.lib.colt.ColtBeta">
                                                <doc>Create a sequence of Beta random variables</doc>
                                            </entity>
                                            <entity name="ColtBinomial" class="ptolemy.actor.lib.colt.ColtBinomial">
                                                <doc>Create a sequence of Binomial random variables</doc>
                                            </entity>
                                            <entity name="ColtBinomialSelector" class="ptolemy.actor.lib.colt.ColtBinomialSelector">
                                                <doc> Assign trials from several populations using a&#10;	conditional Binomial selection process.</doc>
                                            </entity>
                                            <entity name="ColtBreitWigner" class="ptolemy.actor.lib.colt.ColtBreitWigner">
                                                <doc>Create a sequence of BreitWigner random variables</doc>
                                            </entity>
                                            <entity name="ColtChiSquare" class="ptolemy.actor.lib.colt.ColtChiSquare">
                                                <doc>Create a sequence of ChiSquare random variables</doc>
                                            </entity>
                                            <entity name="ColtExponential" class="ptolemy.actor.lib.colt.ColtExponential">
                                                <doc>Create a sequence of Exponential random variables</doc>
                                            </entity>
                                            <entity name="ColtExponentialPower" class="ptolemy.actor.lib.colt.ColtExponentialPower">
                                                <doc>Create a sequence of Exponential Power random variables</doc>
                                            </entity>
                                            <entity name="ColtGamma" class="ptolemy.actor.lib.colt.ColtGamma">
                                                <doc>Create a sequence of Gamma random variables</doc>
                                            </entity>
                                            <entity name="ColtHyperGeometric" class="ptolemy.actor.lib.colt.ColtHyperGeometric">
                                                <doc>Create a sequence of HyperGeometric random variables</doc>
                                            </entity>
                                            <entity name="ColtLogarithmic" class="ptolemy.actor.lib.colt.ColtLogarithmic">
                                                <doc>Create a sequence of Logarithmic random variables</doc>
                                            </entity>
                                            <entity name="ColtNegativeBinomial" class="ptolemy.actor.lib.colt.ColtNegativeBinomial">
                                                <doc>Create a sequence of Negative Binomial random variables</doc>
                                            </entity>
                                            <entity name="ColtNormal" class="ptolemy.actor.lib.colt.ColtNormal">
                                                <doc>Create a sequence of Normal random variables</doc>
                                            </entity>
                                            <entity name="ColtPoisson" class="ptolemy.actor.lib.colt.ColtPoisson">
                                                <doc>Create a sequence of Poisson random variables</doc>
                                            </entity>
                                            <entity name="ColtPoissonSlow" class="ptolemy.actor.lib.colt.ColtPoissonSlow">
                                                <doc>Create a sequence of PoissonSlow random variables</doc>
                                            </entity>
                                            <entity name="ColtStudentT" class="ptolemy.actor.lib.colt.ColtStudentT">
                                                <doc>Create a sequence of StudentT random variables</doc>
                                            </entity>
                                            <entity name="ColtVonMises" class="ptolemy.actor.lib.colt.ColtVonMises">
                                                <doc>Create a sequence of VonMises random variables</doc>
                                            </entity>
                                            <entity name="ColtZeta" class="ptolemy.actor.lib.colt.ColtZeta">
                                                <doc>Create a sequence of Zeta random variables</doc>
                                            </entity>
                                        </group>
                                    </configure>
                                </entity>
                            </group>
                        </configure>
                    </entity>
                    <entity name="RealTime" class="ptolemy.moml.EntityLibrary">
                        <configure>
                            <group>
                                <doc>Real Time Actors</doc>
                                <property name="SynchronizeToRealTime" class="ptolemy.actor.lib.SynchronizeToRealTime">
                                </property>
                                <entity name="DelayStart" class="ptolemy.actor.lib.DelayStart">
                                    <property name="_icon" class="ptolemy.vergil.icon.BoxedValueIcon">
                                        <property name="attributeName" class="ptolemy.kernel.util.StringAttribute" value="startTime">
                                        </property>
                                        <property name="displayWidth" class="ptolemy.data.expr.Parameter" value="40">
                                        </property>
                                    </property>
                                </entity>
                                <entity name="ExecutionTime" class="ptolemy.actor.lib.ExecutionTime">
                                </entity>
                                <entity name="RealTimePlotter" class="ptolemy.actor.lib.gui.RealTimePlotter">
                                    <property name="_windowProperties" class="ptolemy.actor.gui.WindowPropertiesAttribute">
                                    </property>
                                    <property name="_plotSize" class="ptolemy.actor.gui.SizeAttribute">
                                    </property>
                                </entity>
                                <entity name="Sleep" class="ptolemy.actor.lib.Sleep">
                                    <property name="_icon" class="ptolemy.vergil.icon.BoxedValueIcon">
                                        <property name="attributeName" class="ptolemy.kernel.util.StringAttribute" value="sleepTime">
                                        </property>
                                        <property name="displayWidth" class="ptolemy.data.expr.Parameter" value="40">
                                        </property>
                                    </property>
                                </entity>
                                <entity name="VariableSleep" class="ptolemy.actor.lib.VariableSleep">
                                </entity>
                                <entity name="WallClockTime" class="ptolemy.actor.lib.WallClockTime">
                                </entity>
                            </group>
                        </configure>
                    </entity>
                    <entity name="SignalProcessing" class="ptolemy.moml.EntityLibrary">
                        <configure>
                            <group>
                                <doc>Signal processing actors</doc>
                                <entity name="Audio" class="ptolemy.moml.EntityLibrary">
                                    <configure>
                                        <group>
                                            <doc>Audio actors</doc>
                                            <entity name="AudioCapture" class="ptolemy.actor.lib.javasound.AudioCapture">
                                                <property name="sampleRate" class="ptolemy.actor.parameters.SharedParameter" value="8000">
                                                    <property name="style" class="ptolemy.actor.gui.style.ChoiceStyle">
                                                        <property name="8000" class="ptolemy.kernel.util.StringAttribute" value="8000">
                                                        </property>
                                                        <property name="11025" class="ptolemy.kernel.util.StringAttribute" value="11025">
                                                        </property>
                                                        <property name="22050" class="ptolemy.kernel.util.StringAttribute" value="22050">
                                                        </property>
                                                        <property name="44100" class="ptolemy.kernel.util.StringAttribute" value="44100">
                                                        </property>
                                                        <property name="48000" class="ptolemy.kernel.util.StringAttribute" value="48000">
                                                        </property>
                                                    </property>
                                                </property>
                                                <property name="bitsPerSample" class="ptolemy.actor.parameters.SharedParameter" value="16">
                                                    <property name="style" class="ptolemy.actor.gui.style.ChoiceStyle">
                                                        <property name="8" class="ptolemy.kernel.util.StringAttribute" value="8">
                                                        </property>
                                                        <property name="16" class="ptolemy.kernel.util.StringAttribute" value="16">
                                                        </property>
                                                    </property>
                                                </property>
                                                <property name="channels" class="ptolemy.actor.parameters.SharedParameter" value="1">
                                                    <property name="style" class="ptolemy.actor.gui.style.ChoiceStyle">
                                                        <property name="1" class="ptolemy.kernel.util.StringAttribute" value="1">
                                                        </property>
                                                        <property name="2" class="ptolemy.kernel.util.StringAttribute" value="2">
                                                        </property>
                                                    </property>
                                                </property>
                                            </entity>
                                            <entity name="AudioReader" class="ptolemy.actor.lib.javasound.AudioReader">
                                            </entity>
                                            <entity name="AudioPlayer" class="ptolemy.actor.lib.javasound.AudioPlayer">
                                                <property name="sampleRate" class="ptolemy.actor.parameters.SharedParameter" value="8000">
                                                    <property name="style" class="ptolemy.actor.gui.style.ChoiceStyle">
                                                        <property name="8000" class="ptolemy.kernel.util.StringAttribute" value="8000">
                                                        </property>
                                                        <property name="11025" class="ptolemy.kernel.util.StringAttribute" value="11025">
                                                        </property>
                                                        <property name="22050" class="ptolemy.kernel.util.StringAttribute" value="22050">
                                                        </property>
                                                        <property name="44100" class="ptolemy.kernel.util.StringAttribute" value="44100">
                                                        </property>
                                                        <property name="48000" class="ptolemy.kernel.util.StringAttribute" value="48000">
                                                        </property>
                                                    </property>
                                                </property>
                                                <property name="bitsPerSample" class="ptolemy.actor.parameters.SharedParameter" value="16">
                                                    <property name="style" class="ptolemy.actor.gui.style.ChoiceStyle">
                                                        <property name="8" class="ptolemy.kernel.util.StringAttribute" value="8">
                                                        </property>
                                                        <property name="16" class="ptolemy.kernel.util.StringAttribute" value="16">
                                                        </property>
                                                    </property>
                                                </property>
                                                <property name="channels" class="ptolemy.actor.parameters.SharedParameter" value="1">
                                                    <property name="style" class="ptolemy.actor.gui.style.ChoiceStyle">
                                                        <property name="1" class="ptolemy.kernel.util.StringAttribute" value="1">
                                                        </property>
                                                        <property name="2" class="ptolemy.kernel.util.StringAttribute" value="2">
                                                        </property>
                                                    </property>
                                                </property>
                                            </entity>
                                            <entity name="AudioWriter" class="ptolemy.actor.lib.javasound.AudioWriter">
                                                <property name="sampleRate" class="ptolemy.data.expr.Parameter" value="8000">
                                                    <property name="style" class="ptolemy.actor.gui.style.ChoiceStyle">
                                                        <property name="8000" class="ptolemy.kernel.util.StringAttribute" value="8000">
                                                        </property>
                                                        <property name="11025" class="ptolemy.kernel.util.StringAttribute" value="11025">
                                                        </property>
                                                        <property name="22050" class="ptolemy.kernel.util.StringAttribute" value="22050">
                                                        </property>
                                                        <property name="44100" class="ptolemy.kernel.util.StringAttribute" value="44100">
                                                        </property>
                                                        <property name="48000" class="ptolemy.kernel.util.StringAttribute" value="48000">
                                                        </property>
                                                    </property>
                                                </property>
                                                <property name="bitsPerSample" class="ptolemy.data.expr.Parameter" value="16">
                                                    <property name="style" class="ptolemy.actor.gui.style.ChoiceStyle">
                                                        <property name="8" class="ptolemy.kernel.util.StringAttribute" value="8">
                                                        </property>
                                                        <property name="16" class="ptolemy.kernel.util.StringAttribute" value="16">
                                                        </property>
                                                    </property>
                                                </property>
                                                <property name="channels" class="ptolemy.data.expr.Parameter" value="1">
                                                    <property name="style" class="ptolemy.actor.gui.style.ChoiceStyle">
                                                        <property name="1" class="ptolemy.kernel.util.StringAttribute" value="1">
                                                        </property>
                                                        <property name="2" class="ptolemy.kernel.util.StringAttribute" value="2">
                                                        </property>
                                                    </property>
                                                </property>
                                            </entity>
                                            <entity name="ClipPlayer" class="ptolemy.actor.lib.javasound.ClipPlayer">
                                            </entity>
                                        </group>
                                    </configure>
                                </entity>
                                <entity name="communications" class="ptolemy.moml.EntityLibrary">
                                    <configure>
                                        <group>
                                            <entity name="ConvolutionalCoder" class="ptolemy.actor.lib.comm.ConvolutionalCoder">
                                                <port name="input" class="ptolemy.actor.TypedIOPort">
                                                    <property name="input"/>
                                                    <property name="tokenConsumptionRate" class="ptolemy.data.expr.Parameter" value="1">
                                                    </property>
                                                </port>
                                                <port name="output" class="ptolemy.actor.TypedIOPort">
                                                    <property name="output"/>
                                                    <property name="tokenProductionRate" class="ptolemy.data.expr.Parameter" value="2">
                                                    </property>
                                                </port>
                                            </entity>
                                            <entity name="DeScrambler" class="ptolemy.actor.lib.comm.DeScrambler">
                                            </entity>
                                            <entity name="HadamardCode" class="ptolemy.actor.lib.comm.HadamardCode">
                                            </entity>
                                            <entity name="HammingCoder" class="ptolemy.actor.lib.comm.HammingCoder">
                                                <port name="input" class="ptolemy.actor.TypedIOPort">
                                                    <property name="input"/>
                                                    <property name="tokenConsumptionRate" class="ptolemy.data.expr.Parameter" value="4">
                                                    </property>
                                                </port>
                                                <port name="output" class="ptolemy.actor.TypedIOPort">
                                                    <property name="output"/>
                                                    <property name="tokenProductionRate" class="ptolemy.data.expr.Parameter" value="7">
                                                    </property>
                                                </port>
                                            </entity>
                                            <entity name="HammingDecoder" class="ptolemy.actor.lib.comm.HammingDecoder">
                                                <port name="input" class="ptolemy.actor.TypedIOPort">
                                                    <property name="input"/>
                                                    <property name="tokenConsumptionRate" class="ptolemy.data.expr.Parameter" value="7">
                                                    </property>
                                                </port>
                                                <port name="output" class="ptolemy.actor.TypedIOPort">
                                                    <property name="output"/>
                                                    <property name="tokenProductionRate" class="ptolemy.data.expr.Parameter" value="4">
                                                    </property>
                                                </port>
                                            </entity>
                                            <entity name="HuffmanCoder" class="ptolemy.actor.lib.comm.HuffmanCoder">
                                            </entity>
                                            <entity name="HuffmanDecoder" class="ptolemy.actor.lib.comm.HuffmanDecoder">
                                            </entity>
                                            <entity name="LempelZivCoder" class="ptolemy.actor.lib.comm.LempelZivCoder">
                                            </entity>
                                            <entity name="LempelZIvDecoder" class="ptolemy.actor.lib.comm.LempelZivDecoder">
                                            </entity>
                                            <entity name="LineCoder" class="ptolemy.domains.sdf.lib.LineCoder">
                                            </entity>
                                            <entity name="LMSAdaptive" class="ptolemy.domains.sdf.lib.LMSAdaptive">
                                                <property name="taps" class="ptolemy.data.expr.Parameter" value="{1.0, 0.0, 0.0, 0.0}">
                                                </property>
                                            </entity>
                                            <entity name="RaisedCosine" class="ptolemy.domains.sdf.lib.RaisedCosine">
                                            </entity>
                                            <entity name="Scrambler" class="ptolemy.actor.lib.comm.Scrambler">
                                            </entity>
                                            <entity name="Slicer" class="ptolemy.actor.lib.comm.Slicer">
                                            </entity>
                                            <entity name="TrellisDecoder" class="ptolemy.actor.lib.comm.TrellisDecoder">
                                                <port name="input" class="ptolemy.actor.TypedIOPort">
                                                    <property name="input"/>
                                                    <property name="tokenConsumptionRate" class="ptolemy.data.expr.Parameter" value="1">
                                                    </property>
                                                </port>
                                                <port name="output" class="ptolemy.actor.TypedIOPort">
                                                    <property name="output"/>
                                                    <property name="tokenProductionRate" class="ptolemy.data.expr.Parameter" value="1">
                                                    </property>
                                                </port>
                                            </entity>
                                            <entity name="ViterbiDecoder" class="ptolemy.actor.lib.comm.ViterbiDecoder">
                                                <port name="input" class="ptolemy.actor.TypedIOPort">
                                                    <property name="input"/>
                                                    <property name="tokenConsumptionRate" class="ptolemy.data.expr.Parameter" value="2">
                                                    </property>
                                                </port>
                                                <port name="output" class="ptolemy.actor.TypedIOPort">
                                                    <property name="output"/>
                                                    <property name="tokenProductionRate" class="ptolemy.data.expr.Parameter" value="1">
                                                    </property>
                                                </port>
                                            </entity>
                                        </group>
                                    </configure>
                                </entity>
                                <entity name="Filtering" class="ptolemy.moml.EntityLibrary">
                                    <configure>
                                        <group>
                                            <entity name="DelayLine" class="ptolemy.domains.sdf.lib.DelayLine">
                                            </entity>
                                            <entity name="DownSample" class="ptolemy.domains.sdf.lib.DownSample">
                                            </entity>
                                            <entity name="FIR" class="ptolemy.domains.sdf.lib.FIR">
                                            </entity>
                                            <entity name="GradientAdaptiveLattice" class="ptolemy.actor.lib.GradientAdaptiveLattice">
                                            </entity>
                                            <entity name="IIR" class="ptolemy.actor.lib.IIR">
                                            </entity>
                                            <entity name="Lattice" class="ptolemy.actor.lib.Lattice">
                                            </entity>
                                            <entity name="LinearDifferenceEquationSystem" class="ptolemy.actor.lib.LinearDifferenceEquationSystem">
                                            </entity>
                                            <entity name="LMSAdaptive" class="ptolemy.domains.sdf.lib.LMSAdaptive">
                                                <property name="taps" class="ptolemy.data.expr.Parameter" value="{1.0, 0.0, 0.0, 0.0}">
                                                </property>
                                            </entity>
                                            <entity name="RecursiveLattice" class="ptolemy.actor.lib.RecursiveLattice">
                                            </entity>
                                            <entity name="UpSample" class="ptolemy.domains.sdf.lib.UpSample">
                                            </entity>
                                            <entity name="VariableFIR" class="ptolemy.domains.sdf.lib.VariableFIR">
                                            </entity>
                                            <entity name="VariableLattice" class="ptolemy.domains.sdf.lib.VariableLattice">
                                            </entity>
                                            <entity name="VariableRecursiveLattice" class="ptolemy.domains.sdf.lib.VariableRecursiveLattice">
                                            </entity>
                                        </group>
                                    </configure>
                                </entity>
                                <entity name="Spectrum" class="ptolemy.moml.EntityLibrary">
                                    <configure>
                                        <group>
                                            <entity name="DB" class="ptolemy.actor.lib.DB">
                                            </entity>
                                            <entity name="FFT" class="ptolemy.domains.sdf.lib.FFT">
                                            </entity>
                                            <entity name="IFFT" class="ptolemy.domains.sdf.lib.IFFT">
                                            </entity>
                                            <entity name="LevinsonDurbin" class="ptolemy.actor.lib.LevinsonDurbin">
                                            </entity>
                                            <entity name="MaximumEntropySpectrum" class="ptolemy.domains.sdf.lib.MaximumEntropySpectrum">
                                            </entity>
                                            <entity name="PhaseUnwrap" class="ptolemy.actor.lib.PhaseUnwrap">
                                            </entity>
                                            <entity name="SmoothedPeriodogram" class="ptolemy.domains.sdf.lib.SmoothedPeriodogram">
                                            </entity>
                                            <entity name="Spectrum" class="ptolemy.domains.sdf.lib.Spectrum">
                                            </entity>
                                        </group>
                                    </configure>
                                </entity>
                                <entity name="Statistical" class="ptolemy.moml.EntityLibrary">
                                    <configure>
                                        <group>
                                            <entity name="Autocorrelation" class="ptolemy.domains.sdf.lib.Autocorrelation">
                                            </entity>
                                            <entity name="ComputeHistogram" class="ptolemy.actor.lib.ComputeHistogram">
                                            </entity>
                                            <entity name="PowerEstimate" class="ptolemy.actor.lib.PowerEstimate">
                                            </entity>
                                        </group>
                                    </configure>
                                </entity>
                            </group>
                        </configure>
                    </entity>
                    <entity name="String" class="ptolemy.moml.EntityLibrary">
                        <configure>
                            <group>
                                <entity name="StringCompare" class="ptolemy.actor.lib.string.StringCompare">
                                    <doc>Output a comparison function of two strings</doc>
                                    <property name="_icon" class="ptolemy.vergil.icon.AttributeValueIcon">
                                        <property name="attributeName" class="ptolemy.kernel.util.StringAttribute" value="function">
                                        </property>
                                        <property name="displayWidth" class="ptolemy.data.expr.Parameter" value="10">
                                        </property>
                                    </property>
                                </entity>
                                <entity name="StringFunction" class="ptolemy.actor.lib.string.StringFunction">
                                    <doc>Trim a string, convert a string to uppercase, or convert a string to&#10;            lowercase depending on the user's selection.</doc>
                                    <property name="_icon" class="ptolemy.vergil.icon.AttributeValueIcon">
                                        <property name="attributeName" class="ptolemy.kernel.util.StringAttribute" value="function">
                                        </property>
                                        <property name="displayWidth" class="ptolemy.data.expr.Parameter" value="11">
                                        </property>
                                    </property>
                                </entity>
                                <entity name="StringIndexOf" class="ptolemy.actor.lib.string.StringIndexOf">
                                    <doc>Output the length of an input string</doc>
                                </entity>
                                <entity name="StringLength" class="ptolemy.actor.lib.string.StringLength">
                                    <doc>Output the length of an input string</doc>
                                </entity>
                                <entity name="StringMatches" class="ptolemy.actor.lib.string.StringMatches">
                                    <doc>Determine if a string matches a regular expression</doc>
                                </entity>
                                <entity name="StringReplace" class="ptolemy.actor.lib.string.StringReplace">
                                    <doc>Replace the patterns that match a regular expression</doc>
                                </entity>
                                <entity name="StringSplit" class="ptolemy.actor.lib.string.StringSplit">
                                    <doc>Split a string into an array of strings</doc>
                                </entity>
                                <entity name="StringSubstring" class="ptolemy.actor.lib.string.StringSubstring">
                                    <doc>Output a substring of an input string</doc>
                                </entity>
                            </group>
                        </configure>
                    </entity>
                    <entity name="DomainSpecific" class="ptolemy.moml.EntityLibrary">
                        <configure>
                            <group>
                                <doc>Common Domain Specific Actors</doc>
                                <entity name="Continuous" class="ptolemy.moml.EntityLibrary">
                                    <configure>
                                        <group>
                                            <doc>Continuous actors</doc>
                                            <entity name="Signal Generators" class="ptolemy.moml.EntityLibrary">
                                                <configure>
                                                    <group>
                                                        <entity name="ContinuousClock" class="ptolemy.domains.continuous.lib.ContinuousClock">
                                                        </entity>
                                                        <entity name="ContinuousSinewave" class="ptolemy.domains.continuous.lib.ContinuousSinewave">
                                                        </entity>
                                                        <entity name="DiscreteClock" class="ptolemy.actor.lib.DiscreteClock">
                                                        </entity>
                                                        <entity name="PWM" class="ptolemy.domains.continuous.lib.PWM">
                                                        </entity>
                                                        <entity name="SingleEvent" class="ptolemy.actor.lib.SingleEvent">
                                                        </entity>
                                                        <entity name="Waveform" class="ptolemy.domains.continuous.lib.Waveform">
                                                        </entity>
                                                    </group>
                                                </configure>
                                            </entity>
                                            <entity name="Continuous to Discrete" class="ptolemy.moml.EntityLibrary">
                                                <configure>
                                                    <group>
                                                        <entity name="LevelCrossingDetector" class="ptolemy.domains.continuous.lib.LevelCrossingDetector">
                                                        </entity>
                                                        <entity name="PeriodicSampler" class="ptolemy.domains.continuous.lib.PeriodicSampler">
                                                        </entity>
                                                        <entity name="Sampler" class="ptolemy.actor.lib.Sampler">
                                                        </entity>
                                                    </group>
                                                </configure>
                                            </entity>
                                            <entity name="Discrete to Continuous" class="ptolemy.moml.EntityLibrary">
                                                <configure>
                                                    <group>
                                                        <entity name="ZeroOrderHold" class="ptolemy.domains.continuous.lib.ZeroOrderHold">
                                                        </entity>
                                                    </group>
                                                </configure>
                                            </entity>
                                            <entity name="Dynamics" class="ptolemy.moml.EntityLibrary">
                                                <configure>
                                                    <group>
                                                        <entity name="ContinuousTransferFunction" class="ptolemy.domains.continuous.lib.ContinuousTransferFunction">
                                                        </entity>
                                                        <entity name="DCMotor" class="ptolemy.domains.continuous.lib.DCMotor">
                                                        </entity>
                                                        <entity name="Derivative" class="ptolemy.domains.continuous.lib.Derivative">
                                                        </entity>
                                                        <entity name="DifferentialSystem" class="ptolemy.domains.continuous.lib.DifferentialSystem">
                                                        </entity>
                                                        <entity name="Integrator" class="ptolemy.domains.continuous.lib.Integrator">
                                                        </entity>
                                                        <entity name="LinearStateSpace" class="ptolemy.domains.continuous.lib.LinearStateSpace">
                                                        </entity>
                                                    </group>
                                                </configure>
                                            </entity>
                                            <entity name="Random" class="ptolemy.moml.EntityLibrary">
                                                <configure>
                                                    <group>
                                                        <entity name="BandlimitedNoise" class="ptolemy.domains.continuous.lib.BandlimitedNoise">
                                                        </entity>
                                                        <entity name="ContinuousSpectrum" class="ptolemy.domains.continuous.lib.ContinuousSpectrum">
                                                            <entity name="Frequency Domain Display" class="ptolemy.actor.lib.gui.SequencePlotter">
                                                                <configure>
<?plotml <!DOCTYPE plot PUBLIC "-//UC Berkeley//DTD PlotML 1//EN"
"http://ptolemy.eecs.berkeley.edu/xml/dtd/PlotML_1.dtd">
<plot>
<title>Spectrum</title>
<xLabel>frequency</xLabel>
<yLabel>dB</yLabel>
<xRange min="-50.0" max="49.9755859375"/>
<yRange min="-100.0" max="30.163494159740733"/>
<noGrid/>
</plot>?>
                                                                </configure>
                                                            </entity>
                                                        </entity>
                                                        <entity name="Noise" class="ptolemy.domains.continuous.lib.Noise">
                                                        </entity>
                                                    </group>
                                                </configure>
                                            </entity>
                                            <entity name="Miscellaneous" class="ptolemy.moml.EntityLibrary">
                                                <configure>
                                                    <group>
                                                        <entity name="MicrostepDelay" class="ptolemy.actor.lib.MicrostepDelay">
                                                        </entity>
                                                        <entity name="ResettableTimer" class="ptolemy.actor.lib.ResettableTimer">
                                                        </entity>
                                                        <entity name="ContinuousMerge" class="ptolemy.domains.continuous.lib.ContinuousMerge">
                                                        </entity>
                                                    </group>
                                                </configure>
                                            </entity>
                                        </group>
                                    </configure>
                                </entity>
                                <entity name="DynamicDataFlow" class="ptolemy.moml.EntityLibrary">
                                    <configure>
                                        <group>
                                            <doc>Dynamic dataflow actors</doc>
                                            <entity name="ActorRecursion" class="ptolemy.domains.ddf.lib.ActorRecursion">
                                            </entity>
                                            <entity name="DDFSingleTokenCommutator" class="ptolemy.domains.ddf.lib.DDFSingleTokenCommutator">
                                            </entity>
                                        </group>
                                    </configure>
                                </entity>
                                <entity name="DiscreteEvent" class="ptolemy.moml.EntityLibrary">
                                    <configure>
                                        <group>
                                            <doc>Discrete-event actors</doc>
                                            <entity name="Date" class="ptolemy.moml.EntityLibrary">
                                                <configure>
                                                    <group>
                                                        <doc>Date actors</doc>
                                                        <entity name="CurrentDate" class="ptolemy.actor.lib.CurrentDate">
                                                        </entity>
                                                        <entity name="DateElements" class="ptolemy.actor.lib.DateElements">
                                                        </entity>
                                                        <entity name="DateConstructor" class="ptolemy.actor.lib.DateConstructor">
                                                        </entity>
                                                        <entity name="DateToEvent" class="ptolemy.domains.de.lib.DateToEvent">
                                                        </entity>
                                                        <entity name="DateToModelTime" class="ptolemy.domains.de.lib.DateToModelTime">
                                                        </entity>
                                                        <entity name="EventToDate" class="ptolemy.domains.de.lib.EventToDate">
                                                        </entity>
                                                        <entity name="ModifyDate" class="ptolemy.actor.lib.ModifyDate">
                                                        </entity>
                                                        <entity name="StringToDate" class="ptolemy.actor.lib.conversions.StringToDate">
                                                        </entity>
                                                    </group>
                                                </configure>
                                            </entity>
                                            <entity name="AverageOverTime" class="ptolemy.domains.de.lib.AverageOverTime">
                                            </entity>
                                            <entity name="Derivative" class="ptolemy.domains.de.lib.Derivative">
                                                <doc>Discrete derivative.</doc>
                                            </entity>
                                            <entity name="EventButton" class="ptolemy.actor.lib.gui.EventButton">
                                            </entity>
                                            <entity name="EventFilter" class="ptolemy.domains.de.lib.EventFilter">
                                            </entity>
                                            <entity name="Inhibit" class="ptolemy.domains.de.lib.Inhibit">
                                            </entity>
                                            <entity name="Integrator" class="ptolemy.domains.de.lib.Integrator">
                                                <doc>Discrete integrator.</doc>
                                            </entity>
                                            <entity name="Merge" class="ptolemy.domains.de.lib.Merge">
                                            </entity>
                                            <entity name="MicrostepDelay" class="ptolemy.actor.lib.MicrostepDelay">
                                            </entity>
                                            <entity name="MostRecent" class="ptolemy.domains.de.lib.MostRecent">
                                            </entity>
                                            <entity name="PID" class="ptolemy.domains.de.lib.PID">
                                                <doc>Discrete proportional, integral, and derivative controller.</doc>
                                            </entity>
                                            <entity name="Previous" class="ptolemy.domains.de.lib.Previous">
                                            </entity>
                                            <entity name="Queue" class="ptolemy.domains.de.lib.Queue">
                                            </entity>
                                            <entity name="Register" class="ptolemy.domains.de.lib.Register">
                                            </entity>
                                            <entity name="ResettableTimer" class="ptolemy.actor.lib.ResettableTimer">
                                            </entity>
                                            <entity name="Server" class="ptolemy.domains.de.lib.Server">
                                            </entity>
                                            <entity name="SharedQueue" class="ptolemy.domains.de.lib.SharedQueue">
                                            </entity>
                                            <entity name="SingleEvent" class="ptolemy.actor.lib.SingleEvent">
                                            </entity>
                                            <entity name="TimeCompare" class="ptolemy.domains.de.lib.TimeCompare">
                                            </entity>
                                            <entity name="TimeDelay" class="ptolemy.actor.lib.TimeDelay">
                                            </entity>
                                            <entity name="TimeGap" class="ptolemy.domains.de.lib.TimeGap">
                                            </entity>
                                            <entity name="WaitingTime" class="ptolemy.domains.de.lib.WaitingTime">
                                            </entity>
                                        </group>
                                    </configure>
                                </entity>
                                <entity name="ProcessNetworks" class="ptolemy.moml.EntityLibrary">
                                    <configure>
                                        <group>
                                            <doc>Process Network actors</doc>
                                            <entity name="NondeterministicMerge" class="ptolemy.domains.pn.kernel.NondeterministicMerge">
                                            </entity>
                                            <entity name="OrderedMerge" class="ptolemy.actor.lib.OrderedMerge">
                                            </entity>
                                            <entity name="Sequencer" class="ptolemy.actor.lib.Sequencer">
                                            </entity>
                                            <entity name="Starver" class="ptolemy.domains.pn.lib.Starver">
                                            </entity>
                                            <entity name="Stop" class="ptolemy.actor.lib.Stop">
                                            </entity>
                                            <entity name="Synchronizer" class="ptolemy.actor.lib.Synchronizer">
                                            </entity>
                                        </group>
                                    </configure>
                                </entity>
                                <entity name="Rendezvous" class="ptolemy.moml.EntityLibrary">
                                    <configure>
                                        <group>
                                            <doc>Rendezvous actors</doc>
                                            <property name="SuppressDeadlockReporting" class="ptolemy.data.expr.Parameter" value="true">
                                                <property name="_hideName" class="ptolemy.kernel.util.SingletonAttribute">
                                                </property>
                                                <property name="_icon" class="ptolemy.vergil.icon.ValueIcon">
                                                    <property name="_color" class="ptolemy.actor.gui.ColorAttribute" value="{0.0, 0.0, 1.0, 1.0}">
                                                    </property>
                                                </property>
                                                <property name="_smallIconDescription" class="ptolemy.kernel.util.SingletonConfigurableAttribute">
                                                    <configure>
              <svg>
                <text x="20" style="font-size:14; font-family:SansSerif; fill:blue" y="20">-D-</text>
              </svg>
            </configure>
                                                </property>
                                                <property name="_editorFactory" class="ptolemy.vergil.toolbox.VisibleParameterEditorFactory">
                                                </property>
                                            </property>
                                            <entity name="Barrier" class="ptolemy.domains.rendezvous.lib.Barrier">
                                            </entity>
                                            <entity name="Buffer" class="ptolemy.domains.rendezvous.lib.Buffer">
                                            </entity>
                                            <entity name="Merge" class="ptolemy.domains.rendezvous.lib.Merge">
                                            </entity>
                                            <entity name="ResourcePool" class="ptolemy.domains.rendezvous.lib.ResourcePool">
                                            </entity>
                                        </group>
                                    </configure>
                                </entity>
                                <entity name="SynchronousReactive" class="ptolemy.moml.EntityLibrary">
                                    <configure>
                                        <group>
                                            <doc>Synchronous-reactive actors</doc>
                                            <entity name="Absent" class="ptolemy.domains.sr.lib.Absent">
                                                <property name="outputType" class="ptolemy.kernel.util.StringAttribute" value="int">
                                                    <property name="style" class="ptolemy.actor.gui.style.ChoiceStyle">
                                                        <property name="boolean" class="ptolemy.kernel.util.StringAttribute" value="boolean">
                                                        </property>
                                                        <property name="complex" class="ptolemy.kernel.util.StringAttribute" value="complex">
                                                        </property>
                                                        <property name="double" class="ptolemy.kernel.util.StringAttribute" value="double">
                                                        </property>
                                                        <property name="fix" class="ptolemy.kernel.util.StringAttribute" value="fix">
                                                        </property>
                                                        <property name="int" class="ptolemy.kernel.util.StringAttribute" value="int">
                                                        </property>
                                                        <property name="long" class="ptolemy.kernel.util.StringAttribute" value="long">
                                                        </property>
                                                        <property name="string" class="ptolemy.kernel.util.StringAttribute" value="string">
                                                        </property>
                                                    </property>
                                                </property>
                                            </entity>
                                            <entity name="Current" class="ptolemy.domains.sr.lib.Current">
                                            </entity>
                                            <entity name="Default" class="ptolemy.actor.lib.Default">
                                            </entity>
                                            <entity name="EnabledComposite" class="ptolemy.domains.sr.lib.EnabledComposite">
                                            </entity>
                                            <entity name="InstantaneousDialogGenerator" class="ptolemy.domains.sr.lib.InstantaneousDialogGenerator">
                                            </entity>
                                            <entity name="IsPresent" class="ptolemy.actor.lib.logic.IsPresent">
                                            </entity>
                                            <entity name="NonStrictDelay" class="ptolemy.domains.sr.lib.NonStrictDelay">
                                                <property name="_icon" class="ptolemy.vergil.icon.BoxedValueIcon">
                                                    <property name="attributeName" class="ptolemy.kernel.util.StringAttribute" value="initialValue">
                                                    </property>
                                                    <property name="displayWidth" class="ptolemy.data.expr.Parameter" value="20">
                                                    </property>
                                                </property>
                                            </entity>
                                            <entity name="NonStrictDisplay" class="ptolemy.domains.sr.lib.gui.NonStrictDisplay">
                                                <property name="_windowProperties" class="ptolemy.actor.gui.WindowPropertiesAttribute">
                                                </property>
                                                <property name="_paneSize" class="ptolemy.actor.gui.SizeAttribute">
                                                </property>
                                            </entity>
                                            <entity name="BinaryNonStrictLogicGate" class="ptolemy.domains.sr.lib.BinaryNonStrictLogicGate">
                                                <property name="LogicGate_Icon" class="ptolemy.vergil.icon.EditorIcon">
                                                    <property name="polygon" class="ptolemy.vergil.kernel.attributes.ResizablePolygonAttribute">
                                                        <property name="_location" class="ptolemy.kernel.util.Location" value="[9.0, 0.0]">
                                                        </property>
                                                        <property name="lineColor" class="ptolemy.actor.gui.ColorAttribute" value="{0.0, 0.0, 0.0, 0.0}">
                                                        </property>
                                                        <property name="width" class="ptolemy.data.expr.Parameter" value="(logic == &quot;and&quot; || logic == &quot;nand&quot;) ? 0 : 35">
                                                        </property>
                                                        <property name="height" class="ptolemy.data.expr.Parameter" value="(logic == &quot;and&quot; || logic == &quot;nand&quot;) ? 0 : 41">
                                                        </property>
                                                        <property name="centered" class="ptolemy.data.expr.Parameter" value="true">
                                                        </property>
                                                        <property name="fillColor" class="ptolemy.actor.gui.ColorAttribute" value="{1.0, 1.0, 1.0, 1.0}">
                                                        </property>
                                                        <property name="vertices" class="ptolemy.data.expr.Parameter" value="{0.0, 0.0, 35.0, 20.0, 0.0, 40.0}">
                                                        </property>
                                                        <property name="_renderFirst" class="ptolemy.kernel.util.SingletonAttribute">
                                                        </property>
                                                    </property>
                                                    <property name="rectangle" class="ptolemy.vergil.kernel.attributes.RectangleAttribute">
                                                        <property name="_location" class="ptolemy.kernel.util.Location" value="[-24.0, -20.0]">
                                                        </property>
                                                        <property name="lineColor" class="ptolemy.actor.gui.ColorAttribute" value="{0.0, 0.0, 0.0, 0.0}">
                                                        </property>
                                                        <property name="width" class="ptolemy.data.expr.Parameter" value="(logic == &quot;and&quot; || logic == &quot;nand&quot;) ? 30 : 16">
                                                        </property>
                                                        <property name="height" class="ptolemy.data.expr.Parameter" value="40">
                                                        </property>
                                                        <property name="centered" class="ptolemy.data.expr.Parameter" value="false">
                                                        </property>
                                                        <property name="fillColor" class="ptolemy.actor.gui.ColorAttribute" value="{1.0, 1.0, 1.0, 1.0}">
                                                        </property>
                                                    </property>
                                                    <property name="arc" class="ptolemy.vergil.kernel.attributes.ArcAttribute">
                                                        <property name="_location" class="ptolemy.kernel.util.Location" value="[-14.0, -20.0]">
                                                        </property>
                                                        <property name="lineColor" class="ptolemy.actor.gui.ColorAttribute" value="(logic == &quot;and&quot; || logic == &quot;nand&quot;) ? {0.0, 0.0, 0.0, 1.0} : {0.0, 0.0, 0.0, 0.0}">
                                                        </property>
                                                        <property name="width" class="ptolemy.data.expr.Parameter" value="(logic == &quot;and&quot; || logic == &quot;nand&quot;) ? 40 : 0">
                                                        </property>
                                                        <property name="height" class="ptolemy.data.expr.Parameter" value="(logic == &quot;and&quot; || logic == &quot;nand&quot;) ? 40 : 0">
                                                        </property>
                                                        <property name="centered" class="ptolemy.data.expr.Parameter" value="false">
                                                            <property name="style" class="ptolemy.actor.gui.style.TextStyle">
                                                                <property name="height" class="ptolemy.data.expr.Parameter" value="10">
                                                                </property>
                                                                <property name="width" class="ptolemy.data.expr.Parameter" value="30">
                                                                </property>
                                                            </property>
                                                        </property>
                                                        <property name="fillColor" class="ptolemy.actor.gui.ColorAttribute" value="{1.0, 1.0, 1.0, 1.0}">
                                                        </property>
                                                        <property name="type" class="ptolemy.data.expr.StringParameter" value="open">
                                                        </property>
                                                        <property name="start" class="ptolemy.data.expr.Parameter" value="90.0">
                                                        </property>
                                                        <property name="extent" class="ptolemy.data.expr.Parameter" value="(logic == &quot;and&quot; || logic == &quot;nand&quot;) ? -180.0 : -60.0">
                                                        </property>
                                                    </property>
                                                    <property name="arc2" class="ptolemy.vergil.kernel.attributes.ArcAttribute">
                                                        <property name="_location" class="ptolemy.kernel.util.Location" value="{9.0, -10.0}">
                                                        </property>
                                                        <property name="lineColor" class="ptolemy.actor.gui.ColorAttribute" value="(logic == &quot;and&quot; || logic == &quot;nand&quot;) ? {0.0, 0.0, 0.0, 0.0} : {0.0, 0.0, 0.0, 1.0}">
                                                        </property>
                                                        <property name="width" class="ptolemy.data.expr.Parameter" value="(logic == &quot;and&quot; || logic == &quot;nand&quot;) ? 0 : 80">
                                                        </property>
                                                        <property name="height" class="ptolemy.data.expr.Parameter" value="(logic == &quot;and&quot; || logic == &quot;nand&quot;) ? 0 : 80">
                                                        </property>
                                                        <property name="centered" class="ptolemy.data.expr.Parameter" value="true">
                                                            <property name="style" class="ptolemy.actor.gui.style.TextStyle">
                                                                <property name="height" class="ptolemy.data.expr.Parameter" value="10">
                                                                </property>
                                                                <property name="width" class="ptolemy.data.expr.Parameter" value="30">
                                                                </property>
                                                            </property>
                                                        </property>
                                                        <property name="fillColor" class="ptolemy.actor.gui.ColorAttribute" value="{1.0, 1.0, 1.0, 1.0}">
                                                        </property>
                                                        <property name="type" class="ptolemy.data.expr.StringParameter" value="open">
                                                        </property>
                                                        <property name="start" class="ptolemy.data.expr.Parameter" value="90.0">
                                                        </property>
                                                        <property name="extent" class="ptolemy.data.expr.Parameter" value="-60.0">
                                                        </property>
                                                    </property>
                                                    <property name="arc3" class="ptolemy.vergil.kernel.attributes.ArcAttribute">
                                                        <property name="_location" class="ptolemy.kernel.util.Location" value="[9.0, 10.0]">
                                                        </property>
                                                        <property name="lineColor" class="ptolemy.actor.gui.ColorAttribute" value="(logic == &quot;and&quot; || logic == &quot;nand&quot;) ? {0.0, 0.0, 0.0, 0.0} : {0.0, 0.0, 0.0, 1.0}">
                                                        </property>
                                                        <property name="width" class="ptolemy.data.expr.Parameter" value="(logic == &quot;and&quot; || logic == &quot;nand&quot;) ? 0 : 80">
                                                        </property>
                                                        <property name="height" class="ptolemy.data.expr.Parameter" value="(logic == &quot;and&quot; || logic == &quot;nand&quot;) ? 0 : 80">
                                                        </property>
                                                        <property name="centered" class="ptolemy.data.expr.Parameter" value="true">
                                                            <property name="style" class="ptolemy.actor.gui.style.TextStyle">
                                                                <property name="height" class="ptolemy.data.expr.Parameter" value="10">
                                                                </property>
                                                                <property name="width" class="ptolemy.data.expr.Parameter" value="30">
                                                                </property>
                                                            </property>
                                                        </property>
                                                        <property name="fillColor" class="ptolemy.actor.gui.ColorAttribute" value="{1.0, 1.0, 1.0, 1.0}">
                                                        </property>
                                                        <property name="type" class="ptolemy.data.expr.StringParameter" value="open">
                                                        </property>
                                                        <property name="start" class="ptolemy.data.expr.Parameter" value="-90.0">
                                                        </property>
                                                        <property name="extent" class="ptolemy.data.expr.Parameter" value="60.0">
                                                        </property>
                                                    </property>
                                                    <property name="arc6" class="ptolemy.vergil.kernel.attributes.ArcAttribute">
                                                        <property name="_location" class="ptolemy.kernel.util.Location" value="[33.0, 0.0]">
                                                        </property>
                                                        <property name="width" class="ptolemy.data.expr.Parameter" value="14">
                                                        </property>
                                                        <property name="height" class="ptolemy.data.expr.Parameter" value="14">
                                                        </property>
                                                        <property name="centered" class="ptolemy.data.expr.Parameter" value="true">
                                                        </property>
                                                        <property name="fillColor" class="ptolemy.actor.gui.ColorAttribute" value="{1.0, 1.0, 1.0, 1.0}">
                                                        </property>
                                                        <property name="type" class="ptolemy.data.expr.StringParameter" value="chord">
                                                        </property>
                                                        <property name="start" class="ptolemy.data.expr.Parameter" value="-180.0">
                                                        </property>
                                                        <property name="extent" class="ptolemy.data.expr.Parameter" value="(logic == &quot;nor&quot; || logic == &quot;nand&quot; || logic == &quot;xnor&quot;) ? 360.0 : 0.0">
                                                        </property>
                                                    </property>
                                                    <property name="line" class="ptolemy.vergil.kernel.attributes.LineAttribute">
                                                        <property name="_location" class="ptolemy.kernel.util.Location" value="[-24.0, -20.0]">
                                                        </property>
                                                        <property name="x" class="ptolemy.data.expr.Parameter" value="(logic == &quot;and&quot; || logic == &quot;nand&quot;) ? 30 : 16">
                                                        </property>
                                                        <property name="y" class="ptolemy.data.expr.Parameter" value="0.0">
                                                        </property>
                                                    </property>
                                                    <property name="line2" class="ptolemy.vergil.kernel.attributes.LineAttribute">
                                                        <property name="_location" class="ptolemy.kernel.util.Location" value="[-24.0, 20.0]">
                                                        </property>
                                                        <property name="x" class="ptolemy.data.expr.Parameter" value="(logic == &quot;and&quot; || logic == &quot;nand&quot;) ? 30 : 16">
                                                        </property>
                                                        <property name="y" class="ptolemy.data.expr.Parameter" value="0.0">
                                                        </property>
                                                    </property>
                                                    <property name="line3" class="ptolemy.vergil.kernel.attributes.LineAttribute">
                                                        <property name="_location" class="ptolemy.kernel.util.Location" value="[-24.0, -20.0]">
                                                        </property>
                                                        <property name="x" class="ptolemy.data.expr.Parameter" value="0.0">
                                                        </property>
                                                        <property name="y" class="ptolemy.data.expr.Parameter" value="(logic == &quot;and&quot; || logic == &quot;nand&quot;) ? 40 : 0">
                                                        </property>
                                                    </property>
                                                    <property name="arc4" class="ptolemy.vergil.kernel.attributes.ArcAttribute">
                                                        <property name="_location" class="ptolemy.kernel.util.Location" value="[-20.0, 0.0]">
                                                        </property>
                                                        <property name="width" class="ptolemy.data.expr.Parameter" value="30">
                                                        </property>
                                                        <property name="height" class="ptolemy.data.expr.Parameter" value="45">
                                                        </property>
                                                        <property name="centered" class="ptolemy.data.expr.Parameter" value="true">
                                                        </property>
                                                        <property name="fillColor" class="ptolemy.actor.gui.ColorAttribute" value="{1.0, 1.0, 1.0, 1.0}">
                                                        </property>
                                                        <property name="type" class="ptolemy.data.expr.StringParameter" value="open">
                                                        </property>
                                                        <property name="start" class="ptolemy.data.expr.Parameter" value="-60.0">
                                                        </property>
                                                        <property name="extent" class="ptolemy.data.expr.Parameter" value="(logic == &quot;and&quot; || logic == &quot;nand&quot;) ? 0 : 120.0">
                                                        </property>
                                                    </property>
                                                    <property name="_windowProperties" class="ptolemy.actor.gui.WindowPropertiesAttribute" value="{bounds={130, 353, 934, 634}, maximized=false}">
                                                    </property>
                                                    <property name="_vergilSize" class="ptolemy.actor.gui.SizeAttribute" value="[700, 524]">
                                                    </property>
                                                    <property name="_vergilZoomFactor" class="ptolemy.data.expr.ExpertParameter" value="4.0">
                                                    </property>
                                                    <property name="_vergilCenter" class="ptolemy.data.expr.ExpertParameter" value="{12.5, 9.25}">
                                                    </property>
                                                    <property name="arc5" class="ptolemy.vergil.kernel.attributes.ArcAttribute">
                                                        <property name="_location" class="ptolemy.kernel.util.Location" value="[-25.0, 0.0]">
                                                        </property>
                                                        <property name="lineColor" class="ptolemy.actor.gui.ColorAttribute" value="(logic == &quot;xnor&quot; || logic == &quot;xor&quot;) ? {0.0, 0.0, 0.0, 1.0} : {0.0, 0.0, 0.0, 0.0}">
                                                        </property>
                                                        <property name="width" class="ptolemy.data.expr.Parameter" value="30">
                                                        </property>
                                                        <property name="height" class="ptolemy.data.expr.Parameter" value="45">
                                                        </property>
                                                        <property name="centered" class="ptolemy.data.expr.Parameter" value="true">
                                                        </property>
                                                        <property name="fillColor" class="ptolemy.actor.gui.ColorAttribute" value="{1.0, 1.0, 1.0, 0.0}">
                                                        </property>
                                                        <property name="type" class="ptolemy.data.expr.StringParameter" value="open">
                                                        </property>
                                                        <property name="start" class="ptolemy.data.expr.Parameter" value="-60.0">
                                                        </property>
                                                        <property name="extent" class="ptolemy.data.expr.Parameter" value="(logic == &quot;xnor&quot; || logic == &quot;xor&quot;) ? 120.0 : 0">
                                                        </property>
                                                    </property>
                                                    <property name="ParameterValue" class="ptolemy.vergil.kernel.attributes.AttributeExpressionAttribute">
                                                        <property name="attributeName" class="ptolemy.kernel.util.StringAttribute" value="logic">
                                                        </property>
                                                        <property name="displayWidth" class="ptolemy.data.expr.Parameter" value="6">
                                                        </property>
                                                        <property name="_location" class="ptolemy.kernel.util.Location" value="[-18.0, -9.0]">
                                                        </property>
                                                        <property name="_renderLast" class="ptolemy.kernel.util.SingletonAttribute">
                                                        </property>
                                                    </property>
                                                </property>
                                            </entity>
                                            <entity name="NonStrictLogicGate" class="ptolemy.domains.sr.lib.NonStrictLogicGate">
                                                <property name="LogicGate_Icon" class="ptolemy.vergil.icon.EditorIcon">
                                                    <property name="polygon" class="ptolemy.vergil.kernel.attributes.ResizablePolygonAttribute">
                                                        <property name="_location" class="ptolemy.kernel.util.Location" value="[9.0, 0.0]">
                                                        </property>
                                                        <property name="lineColor" class="ptolemy.actor.gui.ColorAttribute" value="{0.0, 0.0, 0.0, 0.0}">
                                                        </property>
                                                        <property name="width" class="ptolemy.data.expr.Parameter" value="(logic == &quot;and&quot; || logic == &quot;nand&quot;) ? 0 : 35">
                                                        </property>
                                                        <property name="height" class="ptolemy.data.expr.Parameter" value="(logic == &quot;and&quot; || logic == &quot;nand&quot;) ? 0 : 41">
                                                        </property>
                                                        <property name="centered" class="ptolemy.data.expr.Parameter" value="true">
                                                        </property>
                                                        <property name="fillColor" class="ptolemy.actor.gui.ColorAttribute" value="{1.0, 1.0, 1.0, 1.0}">
                                                        </property>
                                                        <property name="vertices" class="ptolemy.data.expr.Parameter" value="{0.0, 0.0, 35.0, 20.0, 0.0, 40.0}">
                                                        </property>
                                                        <property name="_renderFirst" class="ptolemy.kernel.util.SingletonAttribute">
                                                        </property>
                                                    </property>
                                                    <property name="rectangle" class="ptolemy.vergil.kernel.attributes.RectangleAttribute">
                                                        <property name="_location" class="ptolemy.kernel.util.Location" value="[-24.0, -20.0]">
                                                        </property>
                                                        <property name="lineColor" class="ptolemy.actor.gui.ColorAttribute" value="{0.0, 0.0, 0.0, 0.0}">
                                                        </property>
                                                        <property name="width" class="ptolemy.data.expr.Parameter" value="(logic == &quot;and&quot; || logic == &quot;nand&quot;) ? 30 : 16">
                                                        </property>
                                                        <property name="height" class="ptolemy.data.expr.Parameter" value="40">
                                                        </property>
                                                        <property name="centered" class="ptolemy.data.expr.Parameter" value="false">
                                                        </property>
                                                        <property name="fillColor" class="ptolemy.actor.gui.ColorAttribute" value="{1.0, 1.0, 1.0, 1.0}">
                                                        </property>
                                                    </property>
                                                    <property name="arc" class="ptolemy.vergil.kernel.attributes.ArcAttribute">
                                                        <property name="_location" class="ptolemy.kernel.util.Location" value="[-14.0, -20.0]">
                                                        </property>
                                                        <property name="lineColor" class="ptolemy.actor.gui.ColorAttribute" value="(logic == &quot;and&quot; || logic == &quot;nand&quot;) ? {0.0, 0.0, 0.0, 1.0} : {0.0, 0.0, 0.0, 0.0}">
                                                        </property>
                                                        <property name="width" class="ptolemy.data.expr.Parameter" value="(logic == &quot;and&quot; || logic == &quot;nand&quot;) ? 40 : 0">
                                                        </property>
                                                        <property name="height" class="ptolemy.data.expr.Parameter" value="(logic == &quot;and&quot; || logic == &quot;nand&quot;) ? 40 : 0">
                                                        </property>
                                                        <property name="centered" class="ptolemy.data.expr.Parameter" value="false">
                                                            <property name="style" class="ptolemy.actor.gui.style.TextStyle">
                                                                <property name="height" class="ptolemy.data.expr.Parameter" value="10">
                                                                </property>
                                                                <property name="width" class="ptolemy.data.expr.Parameter" value="30">
                                                                </property>
                                                            </property>
                                                        </property>
                                                        <property name="fillColor" class="ptolemy.actor.gui.ColorAttribute" value="{1.0, 1.0, 1.0, 1.0}">
                                                        </property>
                                                        <property name="type" class="ptolemy.data.expr.StringParameter" value="open">
                                                        </property>
                                                        <property name="start" class="ptolemy.data.expr.Parameter" value="90.0">
                                                        </property>
                                                        <property name="extent" class="ptolemy.data.expr.Parameter" value="(logic == &quot;and&quot; || logic == &quot;nand&quot;) ? -180.0 : -60.0">
                                                        </property>
                                                    </property>
                                                    <property name="arc2" class="ptolemy.vergil.kernel.attributes.ArcAttribute">
                                                        <property name="_location" class="ptolemy.kernel.util.Location" value="{9.0, -10.0}">
                                                        </property>
                                                        <property name="lineColor" class="ptolemy.actor.gui.ColorAttribute" value="(logic == &quot;and&quot; || logic == &quot;nand&quot;) ? {0.0, 0.0, 0.0, 0.0} : {0.0, 0.0, 0.0, 1.0}">
                                                        </property>
                                                        <property name="width" class="ptolemy.data.expr.Parameter" value="(logic == &quot;and&quot; || logic == &quot;nand&quot;) ? 0 : 80">
                                                        </property>
                                                        <property name="height" class="ptolemy.data.expr.Parameter" value="(logic == &quot;and&quot; || logic == &quot;nand&quot;) ? 0 : 80">
                                                        </property>
                                                        <property name="centered" class="ptolemy.data.expr.Parameter" value="true">
                                                            <property name="style" class="ptolemy.actor.gui.style.TextStyle">
                                                                <property name="height" class="ptolemy.data.expr.Parameter" value="10">
                                                                </property>
                                                                <property name="width" class="ptolemy.data.expr.Parameter" value="30">
                                                                </property>
                                                            </property>
                                                        </property>
                                                        <property name="fillColor" class="ptolemy.actor.gui.ColorAttribute" value="{1.0, 1.0, 1.0, 1.0}">
                                                        </property>
                                                        <property name="type" class="ptolemy.data.expr.StringParameter" value="open">
                                                        </property>
                                                        <property name="start" class="ptolemy.data.expr.Parameter" value="90.0">
                                                        </property>
                                                        <property name="extent" class="ptolemy.data.expr.Parameter" value="-60.0">
                                                        </property>
                                                    </property>
                                                    <property name="arc3" class="ptolemy.vergil.kernel.attributes.ArcAttribute">
                                                        <property name="_location" class="ptolemy.kernel.util.Location" value="[9.0, 10.0]">
                                                        </property>
                                                        <property name="lineColor" class="ptolemy.actor.gui.ColorAttribute" value="(logic == &quot;and&quot; || logic == &quot;nand&quot;) ? {0.0, 0.0, 0.0, 0.0} : {0.0, 0.0, 0.0, 1.0}">
                                                        </property>
                                                        <property name="width" class="ptolemy.data.expr.Parameter" value="(logic == &quot;and&quot; || logic == &quot;nand&quot;) ? 0 : 80">
                                                        </property>
                                                        <property name="height" class="ptolemy.data.expr.Parameter" value="(logic == &quot;and&quot; || logic == &quot;nand&quot;) ? 0 : 80">
                                                        </property>
                                                        <property name="centered" class="ptolemy.data.expr.Parameter" value="true">
                                                            <property name="style" class="ptolemy.actor.gui.style.TextStyle">
                                                                <property name="height" class="ptolemy.data.expr.Parameter" value="10">
                                                                </property>
                                                                <property name="width" class="ptolemy.data.expr.Parameter" value="30">
                                                                </property>
                                                            </property>
                                                        </property>
                                                        <property name="fillColor" class="ptolemy.actor.gui.ColorAttribute" value="{1.0, 1.0, 1.0, 1.0}">
                                                        </property>
                                                        <property name="type" class="ptolemy.data.expr.StringParameter" value="open">
                                                        </property>
                                                        <property name="start" class="ptolemy.data.expr.Parameter" value="-90.0">
                                                        </property>
                                                        <property name="extent" class="ptolemy.data.expr.Parameter" value="60.0">
                                                        </property>
                                                    </property>
                                                    <property name="arc6" class="ptolemy.vergil.kernel.attributes.ArcAttribute">
                                                        <property name="_location" class="ptolemy.kernel.util.Location" value="[33.0, 0.0]">
                                                        </property>
                                                        <property name="width" class="ptolemy.data.expr.Parameter" value="14">
                                                        </property>
                                                        <property name="height" class="ptolemy.data.expr.Parameter" value="14">
                                                        </property>
                                                        <property name="centered" class="ptolemy.data.expr.Parameter" value="true">
                                                        </property>
                                                        <property name="fillColor" class="ptolemy.actor.gui.ColorAttribute" value="{1.0, 1.0, 1.0, 1.0}">
                                                        </property>
                                                        <property name="type" class="ptolemy.data.expr.StringParameter" value="chord">
                                                        </property>
                                                        <property name="start" class="ptolemy.data.expr.Parameter" value="-180.0">
                                                        </property>
                                                        <property name="extent" class="ptolemy.data.expr.Parameter" value="(logic == &quot;nor&quot; || logic == &quot;nand&quot; || logic == &quot;xnor&quot;) ? 360.0 : 0.0">
                                                        </property>
                                                    </property>
                                                    <property name="line" class="ptolemy.vergil.kernel.attributes.LineAttribute">
                                                        <property name="_location" class="ptolemy.kernel.util.Location" value="[-24.0, -20.0]">
                                                        </property>
                                                        <property name="x" class="ptolemy.data.expr.Parameter" value="(logic == &quot;and&quot; || logic == &quot;nand&quot;) ? 30 : 16">
                                                        </property>
                                                        <property name="y" class="ptolemy.data.expr.Parameter" value="0.0">
                                                        </property>
                                                    </property>
                                                    <property name="line2" class="ptolemy.vergil.kernel.attributes.LineAttribute">
                                                        <property name="_location" class="ptolemy.kernel.util.Location" value="[-24.0, 20.0]">
                                                        </property>
                                                        <property name="x" class="ptolemy.data.expr.Parameter" value="(logic == &quot;and&quot; || logic == &quot;nand&quot;) ? 30 : 16">
                                                        </property>
                                                        <property name="y" class="ptolemy.data.expr.Parameter" value="0.0">
                                                        </property>
                                                    </property>
                                                    <property name="line3" class="ptolemy.vergil.kernel.attributes.LineAttribute">
                                                        <property name="_location" class="ptolemy.kernel.util.Location" value="[-24.0, -20.0]">
                                                        </property>
                                                        <property name="x" class="ptolemy.data.expr.Parameter" value="0.0">
                                                        </property>
                                                        <property name="y" class="ptolemy.data.expr.Parameter" value="(logic == &quot;and&quot; || logic == &quot;nand&quot;) ? 40 : 0">
                                                        </property>
                                                    </property>
                                                    <property name="arc4" class="ptolemy.vergil.kernel.attributes.ArcAttribute">
                                                        <property name="_location" class="ptolemy.kernel.util.Location" value="[-20.0, 0.0]">
                                                        </property>
                                                        <property name="width" class="ptolemy.data.expr.Parameter" value="30">
                                                        </property>
                                                        <property name="height" class="ptolemy.data.expr.Parameter" value="45">
                                                        </property>
                                                        <property name="centered" class="ptolemy.data.expr.Parameter" value="true">
                                                        </property>
                                                        <property name="fillColor" class="ptolemy.actor.gui.ColorAttribute" value="{1.0, 1.0, 1.0, 1.0}">
                                                        </property>
                                                        <property name="type" class="ptolemy.data.expr.StringParameter" value="open">
                                                        </property>
                                                        <property name="start" class="ptolemy.data.expr.Parameter" value="-60.0">
                                                        </property>
                                                        <property name="extent" class="ptolemy.data.expr.Parameter" value="(logic == &quot;and&quot; || logic == &quot;nand&quot;) ? 0 : 120.0">
                                                        </property>
                                                    </property>
                                                    <property name="_windowProperties" class="ptolemy.actor.gui.WindowPropertiesAttribute" value="{bounds={130, 353, 934, 634}, maximized=false}">
                                                    </property>
                                                    <property name="_vergilSize" class="ptolemy.actor.gui.SizeAttribute" value="[700, 524]">
                                                    </property>
                                                    <property name="_vergilZoomFactor" class="ptolemy.data.expr.ExpertParameter" value="4.0">
                                                    </property>
                                                    <property name="_vergilCenter" class="ptolemy.data.expr.ExpertParameter" value="{12.5, 9.25}">
                                                    </property>
                                                    <property name="arc5" class="ptolemy.vergil.kernel.attributes.ArcAttribute">
                                                        <property name="_location" class="ptolemy.kernel.util.Location" value="[-25.0, 0.0]">
                                                        </property>
                                                        <property name="lineColor" class="ptolemy.actor.gui.ColorAttribute" value="(logic == &quot;xnor&quot; || logic == &quot;xor&quot;) ? {0.0, 0.0, 0.0, 1.0} : {0.0, 0.0, 0.0, 0.0}">
                                                        </property>
                                                        <property name="width" class="ptolemy.data.expr.Parameter" value="30">
                                                        </property>
                                                        <property name="height" class="ptolemy.data.expr.Parameter" value="45">
                                                        </property>
                                                        <property name="centered" class="ptolemy.data.expr.Parameter" value="true">
                                                        </property>
                                                        <property name="fillColor" class="ptolemy.actor.gui.ColorAttribute" value="{1.0, 1.0, 1.0, 0.0}">
                                                        </property>
                                                        <property name="type" class="ptolemy.data.expr.StringParameter" value="open">
                                                        </property>
                                                        <property name="start" class="ptolemy.data.expr.Parameter" value="-60.0">
                                                        </property>
                                                        <property name="extent" class="ptolemy.data.expr.Parameter" value="(logic == &quot;xnor&quot; || logic == &quot;xor&quot;) ? 120.0 : 0">
                                                        </property>
                                                    </property>
                                                    <property name="ParameterValue" class="ptolemy.vergil.kernel.attributes.AttributeExpressionAttribute">
                                                        <property name="attributeName" class="ptolemy.kernel.util.StringAttribute" value="logic">
                                                        </property>
                                                        <property name="displayWidth" class="ptolemy.data.expr.Parameter" value="6">
                                                        </property>
                                                        <property name="_location" class="ptolemy.kernel.util.Location" value="[-18.0, -9.0]">
                                                        </property>
                                                        <property name="_renderLast" class="ptolemy.kernel.util.SingletonAttribute">
                                                        </property>
                                                    </property>
                                                </property>
                                            </entity>
                                            <entity name="NonStrictAndGate" class="ptolemy.domains.sr.lib.NonStrictAndGate">
                                                <property name="logic" class="ptolemy.data.expr.StringParameter" value="and">
                                                </property>
                                                <property name="LogicGate_Icon" class="ptolemy.vergil.icon.EditorIcon">
                                                    <property name="polygon" class="ptolemy.vergil.kernel.attributes.ResizablePolygonAttribute">
                                                        <property name="_location" class="ptolemy.kernel.util.Location" value="[9.0, 0.0]">
                                                        </property>
                                                        <property name="lineColor" class="ptolemy.actor.gui.ColorAttribute" value="{0.0, 0.0, 0.0, 0.0}">
                                                        </property>
                                                        <property name="width" class="ptolemy.data.expr.Parameter" value="(logic == &quot;and&quot; || logic == &quot;nand&quot;) ? 0 : 35">
                                                        </property>
                                                        <property name="height" class="ptolemy.data.expr.Parameter" value="(logic == &quot;and&quot; || logic == &quot;nand&quot;) ? 0 : 41">
                                                        </property>
                                                        <property name="centered" class="ptolemy.data.expr.Parameter" value="true">
                                                        </property>
                                                        <property name="fillColor" class="ptolemy.actor.gui.ColorAttribute" value="{1.0, 1.0, 1.0, 1.0}">
                                                        </property>
                                                        <property name="vertices" class="ptolemy.data.expr.Parameter" value="{0.0, 0.0, 35.0, 20.0, 0.0, 40.0}">
                                                        </property>
                                                        <property name="_renderFirst" class="ptolemy.kernel.util.SingletonAttribute">
                                                        </property>
                                                    </property>
                                                    <property name="rectangle" class="ptolemy.vergil.kernel.attributes.RectangleAttribute">
                                                        <property name="_location" class="ptolemy.kernel.util.Location" value="[-24.0, -20.0]">
                                                        </property>
                                                        <property name="lineColor" class="ptolemy.actor.gui.ColorAttribute" value="{0.0, 0.0, 0.0, 0.0}">
                                                        </property>
                                                        <property name="width" class="ptolemy.data.expr.Parameter" value="(logic == &quot;and&quot; || logic == &quot;nand&quot;) ? 30 : 16">
                                                        </property>
                                                        <property name="height" class="ptolemy.data.expr.Parameter" value="40">
                                                        </property>
                                                        <property name="centered" class="ptolemy.data.expr.Parameter" value="false">
                                                        </property>
                                                        <property name="fillColor" class="ptolemy.actor.gui.ColorAttribute" value="{1.0, 1.0, 1.0, 1.0}">
                                                        </property>
                                                    </property>
                                                    <property name="arc" class="ptolemy.vergil.kernel.attributes.ArcAttribute">
                                                        <property name="_location" class="ptolemy.kernel.util.Location" value="[-14.0, -20.0]">
                                                        </property>
                                                        <property name="lineColor" class="ptolemy.actor.gui.ColorAttribute" value="(logic == &quot;and&quot; || logic == &quot;nand&quot;) ? {0.0, 0.0, 0.0, 1.0} : {0.0, 0.0, 0.0, 0.0}">
                                                        </property>
                                                        <property name="width" class="ptolemy.data.expr.Parameter" value="(logic == &quot;and&quot; || logic == &quot;nand&quot;) ? 40 : 0">
                                                        </property>
                                                        <property name="height" class="ptolemy.data.expr.Parameter" value="(logic == &quot;and&quot; || logic == &quot;nand&quot;) ? 40 : 0">
                                                        </property>
                                                        <property name="centered" class="ptolemy.data.expr.Parameter" value="false">
                                                            <property name="style" class="ptolemy.actor.gui.style.TextStyle">
                                                                <property name="height" class="ptolemy.data.expr.Parameter" value="10">
                                                                </property>
                                                                <property name="width" class="ptolemy.data.expr.Parameter" value="30">
                                                                </property>
                                                            </property>
                                                        </property>
                                                        <property name="fillColor" class="ptolemy.actor.gui.ColorAttribute" value="{1.0, 1.0, 1.0, 1.0}">
                                                        </property>
                                                        <property name="type" class="ptolemy.data.expr.StringParameter" value="open">
                                                        </property>
                                                        <property name="start" class="ptolemy.data.expr.Parameter" value="90.0">
                                                        </property>
                                                        <property name="extent" class="ptolemy.data.expr.Parameter" value="(logic == &quot;and&quot; || logic == &quot;nand&quot;) ? -180.0 : -60.0">
                                                        </property>
                                                    </property>
                                                    <property name="arc2" class="ptolemy.vergil.kernel.attributes.ArcAttribute">
                                                        <property name="_location" class="ptolemy.kernel.util.Location" value="{9.0, -10.0}">
                                                        </property>
                                                        <property name="lineColor" class="ptolemy.actor.gui.ColorAttribute" value="(logic == &quot;and&quot; || logic == &quot;nand&quot;) ? {0.0, 0.0, 0.0, 0.0} : {0.0, 0.0, 0.0, 1.0}">
                                                        </property>
                                                        <property name="width" class="ptolemy.data.expr.Parameter" value="(logic == &quot;and&quot; || logic == &quot;nand&quot;) ? 0 : 80">
                                                        </property>
                                                        <property name="height" class="ptolemy.data.expr.Parameter" value="(logic == &quot;and&quot; || logic == &quot;nand&quot;) ? 0 : 80">
                                                        </property>
                                                        <property name="centered" class="ptolemy.data.expr.Parameter" value="true">
                                                            <property name="style" class="ptolemy.actor.gui.style.TextStyle">
                                                                <property name="height" class="ptolemy.data.expr.Parameter" value="10">
                                                                </property>
                                                                <property name="width" class="ptolemy.data.expr.Parameter" value="30">
                                                                </property>
                                                            </property>
                                                        </property>
                                                        <property name="fillColor" class="ptolemy.actor.gui.ColorAttribute" value="{1.0, 1.0, 1.0, 1.0}">
                                                        </property>
                                                        <property name="type" class="ptolemy.data.expr.StringParameter" value="open">
                                                        </property>
                                                        <property name="start" class="ptolemy.data.expr.Parameter" value="90.0">
                                                        </property>
                                                        <property name="extent" class="ptolemy.data.expr.Parameter" value="-60.0">
                                                        </property>
                                                    </property>
                                                    <property name="arc3" class="ptolemy.vergil.kernel.attributes.ArcAttribute">
                                                        <property name="_location" class="ptolemy.kernel.util.Location" value="[9.0, 10.0]">
                                                        </property>
                                                        <property name="lineColor" class="ptolemy.actor.gui.ColorAttribute" value="(logic == &quot;and&quot; || logic == &quot;nand&quot;) ? {0.0, 0.0, 0.0, 0.0} : {0.0, 0.0, 0.0, 1.0}">
                                                        </property>
                                                        <property name="width" class="ptolemy.data.expr.Parameter" value="(logic == &quot;and&quot; || logic == &quot;nand&quot;) ? 0 : 80">
                                                        </property>
                                                        <property name="height" class="ptolemy.data.expr.Parameter" value="(logic == &quot;and&quot; || logic == &quot;nand&quot;) ? 0 : 80">
                                                        </property>
                                                        <property name="centered" class="ptolemy.data.expr.Parameter" value="true">
                                                            <property name="style" class="ptolemy.actor.gui.style.TextStyle">
                                                                <property name="height" class="ptolemy.data.expr.Parameter" value="10">
                                                                </property>
                                                                <property name="width" class="ptolemy.data.expr.Parameter" value="30">
                                                                </property>
                                                            </property>
                                                        </property>
                                                        <property name="fillColor" class="ptolemy.actor.gui.ColorAttribute" value="{1.0, 1.0, 1.0, 1.0}">
                                                        </property>
                                                        <property name="type" class="ptolemy.data.expr.StringParameter" value="open">
                                                        </property>
                                                        <property name="start" class="ptolemy.data.expr.Parameter" value="-90.0">
                                                        </property>
                                                        <property name="extent" class="ptolemy.data.expr.Parameter" value="60.0">
                                                        </property>
                                                    </property>
                                                    <property name="arc6" class="ptolemy.vergil.kernel.attributes.ArcAttribute">
                                                        <property name="_location" class="ptolemy.kernel.util.Location" value="[33.0, 0.0]">
                                                        </property>
                                                        <property name="width" class="ptolemy.data.expr.Parameter" value="14">
                                                        </property>
                                                        <property name="height" class="ptolemy.data.expr.Parameter" value="14">
                                                        </property>
                                                        <property name="centered" class="ptolemy.data.expr.Parameter" value="true">
                                                        </property>
                                                        <property name="fillColor" class="ptolemy.actor.gui.ColorAttribute" value="{1.0, 1.0, 1.0, 1.0}">
                                                        </property>
                                                        <property name="type" class="ptolemy.data.expr.StringParameter" value="chord">
                                                        </property>
                                                        <property name="start" class="ptolemy.data.expr.Parameter" value="-180.0">
                                                        </property>
                                                        <property name="extent" class="ptolemy.data.expr.Parameter" value="(logic == &quot;nor&quot; || logic == &quot;nand&quot; || logic == &quot;xnor&quot;) ? 360.0 : 0.0">
                                                        </property>
                                                    </property>
                                                    <property name="line" class="ptolemy.vergil.kernel.attributes.LineAttribute">
                                                        <property name="_location" class="ptolemy.kernel.util.Location" value="[-24.0, -20.0]">
                                                        </property>
                                                        <property name="x" class="ptolemy.data.expr.Parameter" value="(logic == &quot;and&quot; || logic == &quot;nand&quot;) ? 30 : 16">
                                                        </property>
                                                        <property name="y" class="ptolemy.data.expr.Parameter" value="0.0">
                                                        </property>
                                                    </property>
                                                    <property name="line2" class="ptolemy.vergil.kernel.attributes.LineAttribute">
                                                        <property name="_location" class="ptolemy.kernel.util.Location" value="[-24.0, 20.0]">
                                                        </property>
                                                        <property name="x" class="ptolemy.data.expr.Parameter" value="(logic == &quot;and&quot; || logic == &quot;nand&quot;) ? 30 : 16">
                                                        </property>
                                                        <property name="y" class="ptolemy.data.expr.Parameter" value="0.0">
                                                        </property>
                                                    </property>
                                                    <property name="line3" class="ptolemy.vergil.kernel.attributes.LineAttribute">
                                                        <property name="_location" class="ptolemy.kernel.util.Location" value="[-24.0, -20.0]">
                                                        </property>
                                                        <property name="x" class="ptolemy.data.expr.Parameter" value="0.0">
                                                        </property>
                                                        <property name="y" class="ptolemy.data.expr.Parameter" value="(logic == &quot;and&quot; || logic == &quot;nand&quot;) ? 40 : 0">
                                                        </property>
                                                    </property>
                                                    <property name="arc4" class="ptolemy.vergil.kernel.attributes.ArcAttribute">
                                                        <property name="_location" class="ptolemy.kernel.util.Location" value="[-20.0, 0.0]">
                                                        </property>
                                                        <property name="width" class="ptolemy.data.expr.Parameter" value="30">
                                                        </property>
                                                        <property name="height" class="ptolemy.data.expr.Parameter" value="45">
                                                        </property>
                                                        <property name="centered" class="ptolemy.data.expr.Parameter" value="true">
                                                        </property>
                                                        <property name="fillColor" class="ptolemy.actor.gui.ColorAttribute" value="{1.0, 1.0, 1.0, 1.0}">
                                                        </property>
                                                        <property name="type" class="ptolemy.data.expr.StringParameter" value="open">
                                                        </property>
                                                        <property name="start" class="ptolemy.data.expr.Parameter" value="-60.0">
                                                        </property>
                                                        <property name="extent" class="ptolemy.data.expr.Parameter" value="(logic == &quot;and&quot; || logic == &quot;nand&quot;) ? 0 : 120.0">
                                                        </property>
                                                    </property>
                                                    <property name="_windowProperties" class="ptolemy.actor.gui.WindowPropertiesAttribute" value="{bounds={130, 353, 934, 634}, maximized=false}">
                                                    </property>
                                                    <property name="_vergilSize" class="ptolemy.actor.gui.SizeAttribute" value="[700, 524]">
                                                    </property>
                                                    <property name="_vergilZoomFactor" class="ptolemy.data.expr.ExpertParameter" value="4.0">
                                                    </property>
                                                    <property name="_vergilCenter" class="ptolemy.data.expr.ExpertParameter" value="{12.5, 9.25}">
                                                    </property>
                                                    <property name="arc5" class="ptolemy.vergil.kernel.attributes.ArcAttribute">
                                                        <property name="_location" class="ptolemy.kernel.util.Location" value="[-25.0, 0.0]">
                                                        </property>
                                                        <property name="lineColor" class="ptolemy.actor.gui.ColorAttribute" value="(logic == &quot;xnor&quot; || logic == &quot;xor&quot;) ? {0.0, 0.0, 0.0, 1.0} : {0.0, 0.0, 0.0, 0.0}">
                                                        </property>
                                                        <property name="width" class="ptolemy.data.expr.Parameter" value="30">
                                                        </property>
                                                        <property name="height" class="ptolemy.data.expr.Parameter" value="45">
                                                        </property>
                                                        <property name="centered" class="ptolemy.data.expr.Parameter" value="true">
                                                        </property>
                                                        <property name="fillColor" class="ptolemy.actor.gui.ColorAttribute" value="{1.0, 1.0, 1.0, 0.0}">
                                                        </property>
                                                        <property name="type" class="ptolemy.data.expr.StringParameter" value="open">
                                                        </property>
                                                        <property name="start" class="ptolemy.data.expr.Parameter" value="-60.0">
                                                        </property>
                                                        <property name="extent" class="ptolemy.data.expr.Parameter" value="(logic == &quot;xnor&quot; || logic == &quot;xor&quot;) ? 120.0 : 0">
                                                        </property>
                                                    </property>
                                                    <property name="ParameterValue" class="ptolemy.vergil.kernel.attributes.AttributeExpressionAttribute">
                                                        <property name="attributeName" class="ptolemy.kernel.util.StringAttribute" value="logic">
                                                        </property>
                                                        <property name="displayWidth" class="ptolemy.data.expr.Parameter" value="6">
                                                        </property>
                                                        <property name="_location" class="ptolemy.kernel.util.Location" value="[-18.0, -9.0]">
                                                        </property>
                                                        <property name="_renderLast" class="ptolemy.kernel.util.SingletonAttribute">
                                                        </property>
                                                    </property>
                                                </property>
                                            </entity>
                                            <entity name="NonStrictOrGate" class="ptolemy.domains.sr.lib.NonStrictOrGate">
                                                <property name="logic" class="ptolemy.data.expr.StringParameter" value="or">
                                                </property>
                                                <property name="LogicGate_Icon" class="ptolemy.vergil.icon.EditorIcon">
                                                    <property name="polygon" class="ptolemy.vergil.kernel.attributes.ResizablePolygonAttribute">
                                                        <property name="_location" class="ptolemy.kernel.util.Location" value="[9.0, 0.0]">
                                                        </property>
                                                        <property name="lineColor" class="ptolemy.actor.gui.ColorAttribute" value="{0.0, 0.0, 0.0, 0.0}">
                                                        </property>
                                                        <property name="width" class="ptolemy.data.expr.Parameter" value="(logic == &quot;and&quot; || logic == &quot;nand&quot;) ? 0 : 35">
                                                        </property>
                                                        <property name="height" class="ptolemy.data.expr.Parameter" value="(logic == &quot;and&quot; || logic == &quot;nand&quot;) ? 0 : 41">
                                                        </property>
                                                        <property name="centered" class="ptolemy.data.expr.Parameter" value="true">
                                                        </property>
                                                        <property name="fillColor" class="ptolemy.actor.gui.ColorAttribute" value="{1.0, 1.0, 1.0, 1.0}">
                                                        </property>
                                                        <property name="vertices" class="ptolemy.data.expr.Parameter" value="{0.0, 0.0, 35.0, 20.0, 0.0, 40.0}">
                                                        </property>
                                                        <property name="_renderFirst" class="ptolemy.kernel.util.SingletonAttribute">
                                                        </property>
                                                    </property>
                                                    <property name="rectangle" class="ptolemy.vergil.kernel.attributes.RectangleAttribute">
                                                        <property name="_location" class="ptolemy.kernel.util.Location" value="[-24.0, -20.0]">
                                                        </property>
                                                        <property name="lineColor" class="ptolemy.actor.gui.ColorAttribute" value="{0.0, 0.0, 0.0, 0.0}">
                                                        </property>
                                                        <property name="width" class="ptolemy.data.expr.Parameter" value="(logic == &quot;and&quot; || logic == &quot;nand&quot;) ? 30 : 16">
                                                        </property>
                                                        <property name="height" class="ptolemy.data.expr.Parameter" value="40">
                                                        </property>
                                                        <property name="centered" class="ptolemy.data.expr.Parameter" value="false">
                                                        </property>
                                                        <property name="fillColor" class="ptolemy.actor.gui.ColorAttribute" value="{1.0, 1.0, 1.0, 1.0}">
                                                        </property>
                                                    </property>
                                                    <property name="arc" class="ptolemy.vergil.kernel.attributes.ArcAttribute">
                                                        <property name="_location" class="ptolemy.kernel.util.Location" value="[-14.0, -20.0]">
                                                        </property>
                                                        <property name="lineColor" class="ptolemy.actor.gui.ColorAttribute" value="(logic == &quot;and&quot; || logic == &quot;nand&quot;) ? {0.0, 0.0, 0.0, 1.0} : {0.0, 0.0, 0.0, 0.0}">
                                                        </property>
                                                        <property name="width" class="ptolemy.data.expr.Parameter" value="(logic == &quot;and&quot; || logic == &quot;nand&quot;) ? 40 : 0">
                                                        </property>
                                                        <property name="height" class="ptolemy.data.expr.Parameter" value="(logic == &quot;and&quot; || logic == &quot;nand&quot;) ? 40 : 0">
                                                        </property>
                                                        <property name="centered" class="ptolemy.data.expr.Parameter" value="false">
                                                            <property name="style" class="ptolemy.actor.gui.style.TextStyle">
                                                                <property name="height" class="ptolemy.data.expr.Parameter" value="10">
                                                                </property>
                                                                <property name="width" class="ptolemy.data.expr.Parameter" value="30">
                                                                </property>
                                                            </property>
                                                        </property>
                                                        <property name="fillColor" class="ptolemy.actor.gui.ColorAttribute" value="{1.0, 1.0, 1.0, 1.0}">
                                                        </property>
                                                        <property name="type" class="ptolemy.data.expr.StringParameter" value="open">
                                                        </property>
                                                        <property name="start" class="ptolemy.data.expr.Parameter" value="90.0">
                                                        </property>
                                                        <property name="extent" class="ptolemy.data.expr.Parameter" value="(logic == &quot;and&quot; || logic == &quot;nand&quot;) ? -180.0 : -60.0">
                                                        </property>
                                                    </property>
                                                    <property name="arc2" class="ptolemy.vergil.kernel.attributes.ArcAttribute">
                                                        <property name="_location" class="ptolemy.kernel.util.Location" value="{9.0, -10.0}">
                                                        </property>
                                                        <property name="lineColor" class="ptolemy.actor.gui.ColorAttribute" value="(logic == &quot;and&quot; || logic == &quot;nand&quot;) ? {0.0, 0.0, 0.0, 0.0} : {0.0, 0.0, 0.0, 1.0}">
                                                        </property>
                                                        <property name="width" class="ptolemy.data.expr.Parameter" value="(logic == &quot;and&quot; || logic == &quot;nand&quot;) ? 0 : 80">
                                                        </property>
                                                        <property name="height" class="ptolemy.data.expr.Parameter" value="(logic == &quot;and&quot; || logic == &quot;nand&quot;) ? 0 : 80">
                                                        </property>
                                                        <property name="centered" class="ptolemy.data.expr.Parameter" value="true">
                                                            <property name="style" class="ptolemy.actor.gui.style.TextStyle">
                                                                <property name="height" class="ptolemy.data.expr.Parameter" value="10">
                                                                </property>
                                                                <property name="width" class="ptolemy.data.expr.Parameter" value="30">
                                                                </property>
                                                            </property>
                                                        </property>
                                                        <property name="fillColor" class="ptolemy.actor.gui.ColorAttribute" value="{1.0, 1.0, 1.0, 1.0}">
                                                        </property>
                                                        <property name="type" class="ptolemy.data.expr.StringParameter" value="open">
                                                        </property>
                                                        <property name="start" class="ptolemy.data.expr.Parameter" value="90.0">
                                                        </property>
                                                        <property name="extent" class="ptolemy.data.expr.Parameter" value="-60.0">
                                                        </property>
                                                    </property>
                                                    <property name="arc3" class="ptolemy.vergil.kernel.attributes.ArcAttribute">
                                                        <property name="_location" class="ptolemy.kernel.util.Location" value="[9.0, 10.0]">
                                                        </property>
                                                        <property name="lineColor" class="ptolemy.actor.gui.ColorAttribute" value="(logic == &quot;and&quot; || logic == &quot;nand&quot;) ? {0.0, 0.0, 0.0, 0.0} : {0.0, 0.0, 0.0, 1.0}">
                                                        </property>
                                                        <property name="width" class="ptolemy.data.expr.Parameter" value="(logic == &quot;and&quot; || logic == &quot;nand&quot;) ? 0 : 80">
                                                        </property>
                                                        <property name="height" class="ptolemy.data.expr.Parameter" value="(logic == &quot;and&quot; || logic == &quot;nand&quot;) ? 0 : 80">
                                                        </property>
                                                        <property name="centered" class="ptolemy.data.expr.Parameter" value="true">
                                                            <property name="style" class="ptolemy.actor.gui.style.TextStyle">
                                                                <property name="height" class="ptolemy.data.expr.Parameter" value="10">
                                                                </property>
                                                                <property name="width" class="ptolemy.data.expr.Parameter" value="30">
                                                                </property>
                                                            </property>
                                                        </property>
                                                        <property name="fillColor" class="ptolemy.actor.gui.ColorAttribute" value="{1.0, 1.0, 1.0, 1.0}">
                                                        </property>
                                                        <property name="type" class="ptolemy.data.expr.StringParameter" value="open">
                                                        </property>
                                                        <property name="start" class="ptolemy.data.expr.Parameter" value="-90.0">
                                                        </property>
                                                        <property name="extent" class="ptolemy.data.expr.Parameter" value="60.0">
                                                        </property>
                                                    </property>
                                                    <property name="arc6" class="ptolemy.vergil.kernel.attributes.ArcAttribute">
                                                        <property name="_location" class="ptolemy.kernel.util.Location" value="[33.0, 0.0]">
                                                        </property>
                                                        <property name="width" class="ptolemy.data.expr.Parameter" value="14">
                                                        </property>
                                                        <property name="height" class="ptolemy.data.expr.Parameter" value="14">
                                                        </property>
                                                        <property name="centered" class="ptolemy.data.expr.Parameter" value="true">
                                                        </property>
                                                        <property name="fillColor" class="ptolemy.actor.gui.ColorAttribute" value="{1.0, 1.0, 1.0, 1.0}">
                                                        </property>
                                                        <property name="type" class="ptolemy.data.expr.StringParameter" value="chord">
                                                        </property>
                                                        <property name="start" class="ptolemy.data.expr.Parameter" value="-180.0">
                                                        </property>
                                                        <property name="extent" class="ptolemy.data.expr.Parameter" value="(logic == &quot;nor&quot; || logic == &quot;nand&quot; || logic == &quot;xnor&quot;) ? 360.0 : 0.0">
                                                        </property>
                                                    </property>
                                                    <property name="line" class="ptolemy.vergil.kernel.attributes.LineAttribute">
                                                        <property name="_location" class="ptolemy.kernel.util.Location" value="[-24.0, -20.0]">
                                                        </property>
                                                        <property name="x" class="ptolemy.data.expr.Parameter" value="(logic == &quot;and&quot; || logic == &quot;nand&quot;) ? 30 : 16">
                                                        </property>
                                                        <property name="y" class="ptolemy.data.expr.Parameter" value="0.0">
                                                        </property>
                                                    </property>
                                                    <property name="line2" class="ptolemy.vergil.kernel.attributes.LineAttribute">
                                                        <property name="_location" class="ptolemy.kernel.util.Location" value="[-24.0, 20.0]">
                                                        </property>
                                                        <property name="x" class="ptolemy.data.expr.Parameter" value="(logic == &quot;and&quot; || logic == &quot;nand&quot;) ? 30 : 16">
                                                        </property>
                                                        <property name="y" class="ptolemy.data.expr.Parameter" value="0.0">
                                                        </property>
                                                    </property>
                                                    <property name="line3" class="ptolemy.vergil.kernel.attributes.LineAttribute">
                                                        <property name="_location" class="ptolemy.kernel.util.Location" value="[-24.0, -20.0]">
                                                        </property>
                                                        <property name="x" class="ptolemy.data.expr.Parameter" value="0.0">
                                                        </property>
                                                        <property name="y" class="ptolemy.data.expr.Parameter" value="(logic == &quot;and&quot; || logic == &quot;nand&quot;) ? 40 : 0">
                                                        </property>
                                                    </property>
                                                    <property name="arc4" class="ptolemy.vergil.kernel.attributes.ArcAttribute">
                                                        <property name="_location" class="ptolemy.kernel.util.Location" value="[-20.0, 0.0]">
                                                        </property>
                                                        <property name="width" class="ptolemy.data.expr.Parameter" value="30">
                                                        </property>
                                                        <property name="height" class="ptolemy.data.expr.Parameter" value="45">
                                                        </property>
                                                        <property name="centered" class="ptolemy.data.expr.Parameter" value="true">
                                                        </property>
                                                        <property name="fillColor" class="ptolemy.actor.gui.ColorAttribute" value="{1.0, 1.0, 1.0, 1.0}">
                                                        </property>
                                                        <property name="type" class="ptolemy.data.expr.StringParameter" value="open">
                                                        </property>
                                                        <property name="start" class="ptolemy.data.expr.Parameter" value="-60.0">
                                                        </property>
                                                        <property name="extent" class="ptolemy.data.expr.Parameter" value="(logic == &quot;and&quot; || logic == &quot;nand&quot;) ? 0 : 120.0">
                                                        </property>
                                                    </property>
                                                    <property name="_windowProperties" class="ptolemy.actor.gui.WindowPropertiesAttribute" value="{bounds={130, 353, 934, 634}, maximized=false}">
                                                    </property>
                                                    <property name="_vergilSize" class="ptolemy.actor.gui.SizeAttribute" value="[700, 524]">
                                                    </property>
                                                    <property name="_vergilZoomFactor" class="ptolemy.data.expr.ExpertParameter" value="4.0">
                                                    </property>
                                                    <property name="_vergilCenter" class="ptolemy.data.expr.ExpertParameter" value="{12.5, 9.25}">
                                                    </property>
                                                    <property name="arc5" class="ptolemy.vergil.kernel.attributes.ArcAttribute">
                                                        <property name="_location" class="ptolemy.kernel.util.Location" value="[-25.0, 0.0]">
                                                        </property>
                                                        <property name="lineColor" class="ptolemy.actor.gui.ColorAttribute" value="(logic == &quot;xnor&quot; || logic == &quot;xor&quot;) ? {0.0, 0.0, 0.0, 1.0} : {0.0, 0.0, 0.0, 0.0}">
                                                        </property>
                                                        <property name="width" class="ptolemy.data.expr.Parameter" value="30">
                                                        </property>
                                                        <property name="height" class="ptolemy.data.expr.Parameter" value="45">
                                                        </property>
                                                        <property name="centered" class="ptolemy.data.expr.Parameter" value="true">
                                                        </property>
                                                        <property name="fillColor" class="ptolemy.actor.gui.ColorAttribute" value="{1.0, 1.0, 1.0, 0.0}">
                                                        </property>
                                                        <property name="type" class="ptolemy.data.expr.StringParameter" value="open">
                                                        </property>
                                                        <property name="start" class="ptolemy.data.expr.Parameter" value="-60.0">
                                                        </property>
                                                        <property name="extent" class="ptolemy.data.expr.Parameter" value="(logic == &quot;xnor&quot; || logic == &quot;xor&quot;) ? 120.0 : 0">
                                                        </property>
                                                    </property>
                                                    <property name="ParameterValue" class="ptolemy.vergil.kernel.attributes.AttributeExpressionAttribute">
                                                        <property name="attributeName" class="ptolemy.kernel.util.StringAttribute" value="logic">
                                                        </property>
                                                        <property name="displayWidth" class="ptolemy.data.expr.Parameter" value="6">
                                                        </property>
                                                        <property name="_location" class="ptolemy.kernel.util.Location" value="[-18.0, -9.0]">
                                                        </property>
                                                        <property name="_renderLast" class="ptolemy.kernel.util.SingletonAttribute">
                                                        </property>
                                                    </property>
                                                </property>
                                            </entity>
                                            <entity name="NonStrictXorGate" class="ptolemy.domains.sr.lib.NonStrictXorGate">
                                                <property name="logic" class="ptolemy.data.expr.StringParameter" value="xor">
                                                </property>
                                                <property name="LogicGate_Icon" class="ptolemy.vergil.icon.EditorIcon">
                                                    <property name="polygon" class="ptolemy.vergil.kernel.attributes.ResizablePolygonAttribute">
                                                        <property name="_location" class="ptolemy.kernel.util.Location" value="[9.0, 0.0]">
                                                        </property>
                                                        <property name="lineColor" class="ptolemy.actor.gui.ColorAttribute" value="{0.0, 0.0, 0.0, 0.0}">
                                                        </property>
                                                        <property name="width" class="ptolemy.data.expr.Parameter" value="(logic == &quot;and&quot; || logic == &quot;nand&quot;) ? 0 : 35">
                                                        </property>
                                                        <property name="height" class="ptolemy.data.expr.Parameter" value="(logic == &quot;and&quot; || logic == &quot;nand&quot;) ? 0 : 41">
                                                        </property>
                                                        <property name="centered" class="ptolemy.data.expr.Parameter" value="true">
                                                        </property>
                                                        <property name="fillColor" class="ptolemy.actor.gui.ColorAttribute" value="{1.0, 1.0, 1.0, 1.0}">
                                                        </property>
                                                        <property name="vertices" class="ptolemy.data.expr.Parameter" value="{0.0, 0.0, 35.0, 20.0, 0.0, 40.0}">
                                                        </property>
                                                        <property name="_renderFirst" class="ptolemy.kernel.util.SingletonAttribute">
                                                        </property>
                                                    </property>
                                                    <property name="rectangle" class="ptolemy.vergil.kernel.attributes.RectangleAttribute">
                                                        <property name="_location" class="ptolemy.kernel.util.Location" value="[-24.0, -20.0]">
                                                        </property>
                                                        <property name="lineColor" class="ptolemy.actor.gui.ColorAttribute" value="{0.0, 0.0, 0.0, 0.0}">
                                                        </property>
                                                        <property name="width" class="ptolemy.data.expr.Parameter" value="(logic == &quot;and&quot; || logic == &quot;nand&quot;) ? 30 : 16">
                                                        </property>
                                                        <property name="height" class="ptolemy.data.expr.Parameter" value="40">
                                                        </property>
                                                        <property name="centered" class="ptolemy.data.expr.Parameter" value="false">
                                                        </property>
                                                        <property name="fillColor" class="ptolemy.actor.gui.ColorAttribute" value="{1.0, 1.0, 1.0, 1.0}">
                                                        </property>
                                                    </property>
                                                    <property name="arc" class="ptolemy.vergil.kernel.attributes.ArcAttribute">
                                                        <property name="_location" class="ptolemy.kernel.util.Location" value="[-14.0, -20.0]">
                                                        </property>
                                                        <property name="lineColor" class="ptolemy.actor.gui.ColorAttribute" value="(logic == &quot;and&quot; || logic == &quot;nand&quot;) ? {0.0, 0.0, 0.0, 1.0} : {0.0, 0.0, 0.0, 0.0}">
                                                        </property>
                                                        <property name="width" class="ptolemy.data.expr.Parameter" value="(logic == &quot;and&quot; || logic == &quot;nand&quot;) ? 40 : 0">
                                                        </property>
                                                        <property name="height" class="ptolemy.data.expr.Parameter" value="(logic == &quot;and&quot; || logic == &quot;nand&quot;) ? 40 : 0">
                                                        </property>
                                                        <property name="centered" class="ptolemy.data.expr.Parameter" value="false">
                                                            <property name="style" class="ptolemy.actor.gui.style.TextStyle">
                                                                <property name="height" class="ptolemy.data.expr.Parameter" value="10">
                                                                </property>
                                                                <property name="width" class="ptolemy.data.expr.Parameter" value="30">
                                                                </property>
                                                            </property>
                                                        </property>
                                                        <property name="fillColor" class="ptolemy.actor.gui.ColorAttribute" value="{1.0, 1.0, 1.0, 1.0}">
                                                        </property>
                                                        <property name="type" class="ptolemy.data.expr.StringParameter" value="open">
                                                        </property>
                                                        <property name="start" class="ptolemy.data.expr.Parameter" value="90.0">
                                                        </property>
                                                        <property name="extent" class="ptolemy.data.expr.Parameter" value="(logic == &quot;and&quot; || logic == &quot;nand&quot;) ? -180.0 : -60.0">
                                                        </property>
                                                    </property>
                                                    <property name="arc2" class="ptolemy.vergil.kernel.attributes.ArcAttribute">
                                                        <property name="_location" class="ptolemy.kernel.util.Location" value="{9.0, -10.0}">
                                                        </property>
                                                        <property name="lineColor" class="ptolemy.actor.gui.ColorAttribute" value="(logic == &quot;and&quot; || logic == &quot;nand&quot;) ? {0.0, 0.0, 0.0, 0.0} : {0.0, 0.0, 0.0, 1.0}">
                                                        </property>
                                                        <property name="width" class="ptolemy.data.expr.Parameter" value="(logic == &quot;and&quot; || logic == &quot;nand&quot;) ? 0 : 80">
                                                        </property>
                                                        <property name="height" class="ptolemy.data.expr.Parameter" value="(logic == &quot;and&quot; || logic == &quot;nand&quot;) ? 0 : 80">
                                                        </property>
                                                        <property name="centered" class="ptolemy.data.expr.Parameter" value="true">
                                                            <property name="style" class="ptolemy.actor.gui.style.TextStyle">
                                                                <property name="height" class="ptolemy.data.expr.Parameter" value="10">
                                                                </property>
                                                                <property name="width" class="ptolemy.data.expr.Parameter" value="30">
                                                                </property>
                                                            </property>
                                                        </property>
                                                        <property name="fillColor" class="ptolemy.actor.gui.ColorAttribute" value="{1.0, 1.0, 1.0, 1.0}">
                                                        </property>
                                                        <property name="type" class="ptolemy.data.expr.StringParameter" value="open">
                                                        </property>
                                                        <property name="start" class="ptolemy.data.expr.Parameter" value="90.0">
                                                        </property>
                                                        <property name="extent" class="ptolemy.data.expr.Parameter" value="-60.0">
                                                        </property>
                                                    </property>
                                                    <property name="arc3" class="ptolemy.vergil.kernel.attributes.ArcAttribute">
                                                        <property name="_location" class="ptolemy.kernel.util.Location" value="[9.0, 10.0]">
                                                        </property>
                                                        <property name="lineColor" class="ptolemy.actor.gui.ColorAttribute" value="(logic == &quot;and&quot; || logic == &quot;nand&quot;) ? {0.0, 0.0, 0.0, 0.0} : {0.0, 0.0, 0.0, 1.0}">
                                                        </property>
                                                        <property name="width" class="ptolemy.data.expr.Parameter" value="(logic == &quot;and&quot; || logic == &quot;nand&quot;) ? 0 : 80">
                                                        </property>
                                                        <property name="height" class="ptolemy.data.expr.Parameter" value="(logic == &quot;and&quot; || logic == &quot;nand&quot;) ? 0 : 80">
                                                        </property>
                                                        <property name="centered" class="ptolemy.data.expr.Parameter" value="true">
                                                            <property name="style" class="ptolemy.actor.gui.style.TextStyle">
                                                                <property name="height" class="ptolemy.data.expr.Parameter" value="10">
                                                                </property>
                                                                <property name="width" class="ptolemy.data.expr.Parameter" value="30">
                                                                </property>
                                                            </property>
                                                        </property>
                                                        <property name="fillColor" class="ptolemy.actor.gui.ColorAttribute" value="{1.0, 1.0, 1.0, 1.0}">
                                                        </property>
                                                        <property name="type" class="ptolemy.data.expr.StringParameter" value="open">
                                                        </property>
                                                        <property name="start" class="ptolemy.data.expr.Parameter" value="-90.0">
                                                        </property>
                                                        <property name="extent" class="ptolemy.data.expr.Parameter" value="60.0">
                                                        </property>
                                                    </property>
                                                    <property name="arc6" class="ptolemy.vergil.kernel.attributes.ArcAttribute">
                                                        <property name="_location" class="ptolemy.kernel.util.Location" value="[33.0, 0.0]">
                                                        </property>
                                                        <property name="width" class="ptolemy.data.expr.Parameter" value="14">
                                                        </property>
                                                        <property name="height" class="ptolemy.data.expr.Parameter" value="14">
                                                        </property>
                                                        <property name="centered" class="ptolemy.data.expr.Parameter" value="true">
                                                        </property>
                                                        <property name="fillColor" class="ptolemy.actor.gui.ColorAttribute" value="{1.0, 1.0, 1.0, 1.0}">
                                                        </property>
                                                        <property name="type" class="ptolemy.data.expr.StringParameter" value="chord">
                                                        </property>
                                                        <property name="start" class="ptolemy.data.expr.Parameter" value="-180.0">
                                                        </property>
                                                        <property name="extent" class="ptolemy.data.expr.Parameter" value="(logic == &quot;nor&quot; || logic == &quot;nand&quot; || logic == &quot;xnor&quot;) ? 360.0 : 0.0">
                                                        </property>
                                                    </property>
                                                    <property name="line" class="ptolemy.vergil.kernel.attributes.LineAttribute">
                                                        <property name="_location" class="ptolemy.kernel.util.Location" value="[-24.0, -20.0]">
                                                        </property>
                                                        <property name="x" class="ptolemy.data.expr.Parameter" value="(logic == &quot;and&quot; || logic == &quot;nand&quot;) ? 30 : 16">
                                                        </property>
                                                        <property name="y" class="ptolemy.data.expr.Parameter" value="0.0">
                                                        </property>
                                                    </property>
                                                    <property name="line2" class="ptolemy.vergil.kernel.attributes.LineAttribute">
                                                        <property name="_location" class="ptolemy.kernel.util.Location" value="[-24.0, 20.0]">
                                                        </property>
                                                        <property name="x" class="ptolemy.data.expr.Parameter" value="(logic == &quot;and&quot; || logic == &quot;nand&quot;) ? 30 : 16">
                                                        </property>
                                                        <property name="y" class="ptolemy.data.expr.Parameter" value="0.0">
                                                        </property>
                                                    </property>
                                                    <property name="line3" class="ptolemy.vergil.kernel.attributes.LineAttribute">
                                                        <property name="_location" class="ptolemy.kernel.util.Location" value="[-24.0, -20.0]">
                                                        </property>
                                                        <property name="x" class="ptolemy.data.expr.Parameter" value="0.0">
                                                        </property>
                                                        <property name="y" class="ptolemy.data.expr.Parameter" value="(logic == &quot;and&quot; || logic == &quot;nand&quot;) ? 40 : 0">
                                                        </property>
                                                    </property>
                                                    <property name="arc4" class="ptolemy.vergil.kernel.attributes.ArcAttribute">
                                                        <property name="_location" class="ptolemy.kernel.util.Location" value="[-20.0, 0.0]">
                                                        </property>
                                                        <property name="width" class="ptolemy.data.expr.Parameter" value="30">
                                                        </property>
                                                        <property name="height" class="ptolemy.data.expr.Parameter" value="45">
                                                        </property>
                                                        <property name="centered" class="ptolemy.data.expr.Parameter" value="true">
                                                        </property>
                                                        <property name="fillColor" class="ptolemy.actor.gui.ColorAttribute" value="{1.0, 1.0, 1.0, 1.0}">
                                                        </property>
                                                        <property name="type" class="ptolemy.data.expr.StringParameter" value="open">
                                                        </property>
                                                        <property name="start" class="ptolemy.data.expr.Parameter" value="-60.0">
                                                        </property>
                                                        <property name="extent" class="ptolemy.data.expr.Parameter" value="(logic == &quot;and&quot; || logic == &quot;nand&quot;) ? 0 : 120.0">
                                                        </property>
                                                    </property>
                                                    <property name="_windowProperties" class="ptolemy.actor.gui.WindowPropertiesAttribute" value="{bounds={130, 353, 934, 634}, maximized=false}">
                                                    </property>
                                                    <property name="_vergilSize" class="ptolemy.actor.gui.SizeAttribute" value="[700, 524]">
                                                    </property>
                                                    <property name="_vergilZoomFactor" class="ptolemy.data.expr.ExpertParameter" value="4.0">
                                                    </property>
                                                    <property name="_vergilCenter" class="ptolemy.data.expr.ExpertParameter" value="{12.5, 9.25}">
                                                    </property>
                                                    <property name="arc5" class="ptolemy.vergil.kernel.attributes.ArcAttribute">
                                                        <property name="_location" class="ptolemy.kernel.util.Location" value="[-25.0, 0.0]">
                                                        </property>
                                                        <property name="lineColor" class="ptolemy.actor.gui.ColorAttribute" value="(logic == &quot;xnor&quot; || logic == &quot;xor&quot;) ? {0.0, 0.0, 0.0, 1.0} : {0.0, 0.0, 0.0, 0.0}">
                                                        </property>
                                                        <property name="width" class="ptolemy.data.expr.Parameter" value="30">
                                                        </property>
                                                        <property name="height" class="ptolemy.data.expr.Parameter" value="45">
                                                        </property>
                                                        <property name="centered" class="ptolemy.data.expr.Parameter" value="true">
                                                        </property>
                                                        <property name="fillColor" class="ptolemy.actor.gui.ColorAttribute" value="{1.0, 1.0, 1.0, 0.0}">
                                                        </property>
                                                        <property name="type" class="ptolemy.data.expr.StringParameter" value="open">
                                                        </property>
                                                        <property name="start" class="ptolemy.data.expr.Parameter" value="-60.0">
                                                        </property>
                                                        <property name="extent" class="ptolemy.data.expr.Parameter" value="(logic == &quot;xnor&quot; || logic == &quot;xor&quot;) ? 120.0 : 0">
                                                        </property>
                                                    </property>
                                                    <property name="ParameterValue" class="ptolemy.vergil.kernel.attributes.AttributeExpressionAttribute">
                                                        <property name="attributeName" class="ptolemy.kernel.util.StringAttribute" value="logic">
                                                        </property>
                                                        <property name="displayWidth" class="ptolemy.data.expr.Parameter" value="6">
                                                        </property>
                                                        <property name="_location" class="ptolemy.kernel.util.Location" value="[-18.0, -9.0]">
                                                        </property>
                                                        <property name="_renderLast" class="ptolemy.kernel.util.SingletonAttribute">
                                                        </property>
                                                    </property>
                                                </property>
                                            </entity>
                                            <entity name="NonStrictThreeBitAdder" class="ptolemy.domains.sr.lib.NonStrictThreeBitAdder">
                                            </entity>
                                            <entity name="Pre" class="ptolemy.domains.sr.lib.Pre">
                                            </entity>
                                            <entity name="SingleTokenDistributor" class="ptolemy.domains.sr.lib.SingleTokenDistributor">
                                            </entity>
                                            <entity name="When" class="ptolemy.domains.sr.lib.When">
                                            </entity>
                                            <entity name="TrueGate" class="ptolemy.actor.lib.logic.TrueGate">
                                            </entity>
                                        </group>
                                    </configure>
                                </entity>
                            </group>
                        </configure>
                    </entity>
                </group>
            </configure>
        </entity>
        <entity name="MoreLibraries" class="ptolemy.moml.EntityLibrary">
            <configure>
                <group>
                    <entity name="Automata" class="ptolemy.moml.EntityLibrary">
                        <configure>
                            <group>
                                <entity name="FSMActor" class="ptolemy.domains.modal.kernel.FSMActor">
                                    <property name="_library" class="ptolemy.moml.LibraryAttribute">
                                        <configure>
    <entity name="StateLibrary" class="ptolemy.kernel.CompositeEntity"><input source="ptolemy/configs/basicUtilities.xml"></input><entity name="State" class="ptolemy.domains.modal.kernel.State"><property name="_centerName" class="ptolemy.kernel.util.Attribute"></property></entity></entity>
  </configure>
                                    </property>
                                </entity>
                                <entity name="InterfaceAutomaton" class="ptolemy.domains.modal.kernel.ia.InterfaceAutomaton">
                                </entity>
                            </group>
                        </configure>
                    </entity>
                    <entity name="Backtracking" class="ptolemy.moml.EntityLibrary">
                        <configure>
                            <group>
                                <doc>Backtracking Actors</doc>
                                <entity name="Actors" class="ptolemy.moml.EntityLibrary">
                                    <configure>
                                        <group>
                                            <entity name="Sources" class="ptolemy.moml.EntityLibrary">
                                                <configure>
                                                    <group>
                                                        <entity name="TimedSources" class="ptolemy.moml.EntityLibrary">
                                                            <configure>
                                                                <group>
                                                                    <entity name="PoissonClock" class="ptolemy.backtrack.automatic.ptolemy.actor.lib.PoissonClock">
                                                                    </entity>
                                                                </group>
                                                            </configure>
                                                        </entity>
                                                        <entity name="SequenceSources" class="ptolemy.moml.EntityLibrary">
                                                            <configure>
                                                                <group>
                                                                    <entity name="Interpolator" class="ptolemy.backtrack.automatic.ptolemy.actor.lib.Interpolator">
                                                                    </entity>
                                                                    <entity name="Pulse" class="ptolemy.backtrack.automatic.ptolemy.actor.lib.Pulse">
                                                                    </entity>
                                                                    <entity name="Ramp" class="ptolemy.backtrack.automatic.ptolemy.actor.lib.Ramp">
                                                                    </entity>
                                                                    <entity name="Sequence" class="ptolemy.backtrack.automatic.ptolemy.actor.lib.Sequence">
                                                                    </entity>
                                                                </group>
                                                            </configure>
                                                        </entity>
                                                    </group>
                                                </configure>
                                            </entity>
                                            <entity name="Sinks" class="ptolemy.moml.EntityLibrary">
                                                <configure>
                                                    <group>
                                                        <entity name="GenericSinks" class="ptolemy.moml.EntityLibrary">
                                                            <configure>
                                                                <group>
                                                                    <entity name="Recorder" class="ptolemy.backtrack.automatic.ptolemy.actor.lib.Recorder">
                                                                    </entity>
                                                                </group>
                                                            </configure>
                                                        </entity>
                                                    </group>
                                                </configure>
                                            </entity>
                                            <entity name="Array" class="ptolemy.moml.EntityLibrary">
                                                <configure>
                                                    <group>
                                                        <entity name="ArrayPeakSearch" class="ptolemy.backtrack.automatic.ptolemy.actor.lib.ArrayPeakSearch">
                                                        </entity>
                                                    </group>
                                                </configure>
                                            </entity>
                                            <entity name="FlowControl" class="ptolemy.moml.EntityLibrary">
                                                <configure>
                                                    <group>
                                                        <entity name="Aggregators" class="ptolemy.moml.EntityLibrary">
                                                            <configure>
                                                                <group>
                                                                    <entity name="Commutator" class="ptolemy.backtrack.automatic.ptolemy.actor.lib.Commutator">
                                                                    </entity>
                                                                    <entity name="Distributor" class="ptolemy.backtrack.automatic.ptolemy.actor.lib.Distributor">
                                                                    </entity>
                                                                    <entity name="Multiplexor" class="ptolemy.backtrack.automatic.ptolemy.actor.lib.Multiplexor">
                                                                    </entity>
                                                                    <entity name="Select" class="ptolemy.backtrack.automatic.ptolemy.actor.lib.Select">
                                                                    </entity>
                                                                    <entity name="Switch" class="ptolemy.backtrack.automatic.ptolemy.actor.lib.Switch">
                                                                    </entity>
                                                                </group>
                                                            </configure>
                                                        </entity>
                                                        <entity name="BooleanFlowControl" class="ptolemy.moml.EntityLibrary">
                                                            <configure>
                                                                <group>
                                                                    <entity name="BooleanSelect" class="ptolemy.backtrack.automatic.ptolemy.actor.lib.BooleanSelect">
                                                                    </entity>
                                                                    <entity name="BooleanSwitch" class="ptolemy.backtrack.automatic.ptolemy.actor.lib.BooleanSwitch">
                                                                    </entity>
                                                                </group>
                                                            </configure>
                                                        </entity>
                                                        <entity name="SequenceControl" class="ptolemy.moml.EntityLibrary">
                                                            <configure>
                                                                <group>
                                                                    <entity name="Chop" class="ptolemy.backtrack.automatic.ptolemy.domains.sdf.lib.Chop">
                                                                    </entity>
                                                                    <entity name="Sequencer" class="ptolemy.backtrack.automatic.ptolemy.actor.lib.Sequencer">
                                                                    </entity>
                                                                </group>
                                                            </configure>
                                                        </entity>
                                                    </group>
                                                </configure>
                                            </entity>
                                            <entity name="Math" class="ptolemy.moml.EntityLibrary">
                                                <configure>
                                                    <group>
                                                        <entity name="Accumulator" class="ptolemy.backtrack.automatic.ptolemy.actor.lib.Accumulator">
                                                        </entity>
                                                        <entity name="Average" class="ptolemy.backtrack.automatic.ptolemy.actor.lib.Average">
                                                        </entity>
                                                        <entity name="Counter" class="ptolemy.backtrack.automatic.ptolemy.actor.lib.Counter">
                                                        </entity>
                                                        <entity name="Differential" class="ptolemy.backtrack.automatic.ptolemy.actor.lib.Differential">
                                                        </entity>
                                                    </group>
                                                </configure>
                                            </entity>
                                            <entity name="Random" class="ptolemy.moml.EntityLibrary">
                                                <configure>
                                                    <group>
                                                        <entity name="Gaussian" class="ptolemy.backtrack.automatic.ptolemy.actor.lib.Gaussian">
                                                        </entity>
                                                    </group>
                                                </configure>
                                            </entity>
                                            <entity name="SignalProcessing" class="ptolemy.moml.EntityLibrary">
                                                <configure>
                                                    <group>
                                                        <entity name="Filtering" class="ptolemy.moml.EntityLibrary">
                                                            <configure>
                                                                <group>
                                                                    <entity name="DelayLine" class="ptolemy.backtrack.automatic.ptolemy.domains.sdf.lib.DelayLine">
                                                                    </entity>
                                                                    <entity name="GradientAdaptiveLattice" class="ptolemy.backtrack.automatic.ptolemy.actor.lib.GradientAdaptiveLattice">
                                                                    </entity>
                                                                    <entity name="IIR" class="ptolemy.backtrack.automatic.ptolemy.actor.lib.IIR">
                                                                    </entity>
                                                                    <entity name="LinearDifferenceEquationSystem" class="ptolemy.backtrack.automatic.ptolemy.actor.lib.LinearDifferenceEquationSystem">
                                                                    </entity>
                                                                    <entity name="RecursiveLattice" class="ptolemy.backtrack.automatic.ptolemy.actor.lib.RecursiveLattice">
                                                                    </entity>
                                                                </group>
                                                            </configure>
                                                        </entity>
                                                        <entity name="Spectrum" class="ptolemy.moml.EntityLibrary">
                                                            <configure>
                                                                <group>
                                                                    <entity name="DB" class="ptolemy.backtrack.automatic.ptolemy.actor.lib.DB">
                                                                    </entity>
                                                                    <entity name="FFT" class="ptolemy.backtrack.automatic.ptolemy.domains.sdf.lib.FFT">
                                                                    </entity>
                                                                    <entity name="IFFT" class="ptolemy.backtrack.automatic.ptolemy.domains.sdf.lib.IFFT">
                                                                    </entity>
                                                                    <entity name="PhaseUnwrap" class="ptolemy.backtrack.automatic.ptolemy.actor.lib.PhaseUnwrap">
                                                                    </entity>
                                                                </group>
                                                            </configure>
                                                        </entity>
                                                        <entity name="Statistical" class="ptolemy.moml.EntityLibrary">
                                                            <configure>
                                                                <group>
                                                                    <entity name="Autocorrelation" class="ptolemy.backtrack.automatic.ptolemy.domains.sdf.lib.Autocorrelation">
                                                                    </entity>
                                                                    <entity name="ComputeHistogram" class="ptolemy.backtrack.automatic.ptolemy.actor.lib.ComputeHistogram">
                                                                    </entity>
                                                                </group>
                                                            </configure>
                                                        </entity>
                                                    </group>
                                                </configure>
                                            </entity>
                                            <entity name="DomainSpecific" class="ptolemy.moml.EntityLibrary">
                                                <configure>
                                                    <group>
                                                        <entity name="ProcessNetworks" class="ptolemy.moml.EntityLibrary">
                                                            <configure>
                                                                <group>
                                                                    <entity name="OrderedMerge" class="ptolemy.backtrack.automatic.ptolemy.actor.lib.OrderedMerge">
                                                                    </entity>
                                                                    <entity name="Sequencer" class="ptolemy.backtrack.automatic.ptolemy.actor.lib.Sequencer">
                                                                    </entity>
                                                                </group>
                                                            </configure>
                                                        </entity>
                                                    </group>
                                                </configure>
                                            </entity>
                                            <entity name="Domain Specific" class="ptolemy.moml.EntityLibrary">
                                                <configure>
                                                    <group>
                                                    </group>
                                                </configure>
                                            </entity>
                                            <entity name="Backtrack" class="ptolemy.backtrack.manual.ptolemy.actor.lib.Backtrack">
                                            </entity>
                                        </group>
                                    </configure>
                                </entity>
                                <entity name="MoreLibraries" class="ptolemy.moml.EntityLibrary">
                                    <configure>
                                        <group>
                                            <entity name="DesignPatterns" class="ptolemy.moml.EntityLibrary">
                                                <configure>
                                                    <group>
                                                        <entity name="DiscreteEvent" class="ptolemy.moml.EntityLibrary">
                                                            <configure>
                                                                <group>
                                                                    <entity name="DESourceSink" class="ptolemy.actor.TypedCompositeActor">
                                                                        <entity name="PoissonClock" class="ptolemy.backtrack.automatic.ptolemy.actor.lib.PoissonClock">
                                                                        </entity>
                                                                        <entity name="Ramp" class="ptolemy.backtrack.automatic.ptolemy.actor.lib.Ramp">
                                                                        </entity>
                                                                    </entity>
                                                                </group>
                                                            </configure>
                                                        </entity>
                                                        <entity name="DynamicDataFlow" class="ptolemy.moml.EntityLibrary">
                                                            <configure>
                                                                <group>
                                                                    <entity name="DDFRepeatForCount" class="ptolemy.actor.TypedCompositeActor">
                                                                        <entity name="Ramp" class="ptolemy.backtrack.automatic.ptolemy.actor.lib.Ramp">
                                                                        </entity>
                                                                        <entity name="Switch" class="ptolemy.backtrack.automatic.ptolemy.actor.lib.BooleanSwitch">
                                                                        </entity>
                                                                        <entity name="RepeatedAction" class="ptolemy.actor.TypedCompositeActor">
                                                                            <entity name="Counter" class="ptolemy.backtrack.automatic.ptolemy.actor.lib.Counter">
                                                                            </entity>
                                                                        </entity>
                                                                    </entity>
                                                                </group>
                                                            </configure>
                                                        </entity>
                                                    </group>
                                                </configure>
                                            </entity>
                                            <entity name="Esoteric" class="ptolemy.moml.EntityLibrary">
                                                <configure>
                                                    <group>
                                                        <entity name="OrderedMerge" class="ptolemy.backtrack.automatic.ptolemy.actor.lib.OrderedMerge">
                                                        </entity>
                                                    </group>
                                                </configure>
                                            </entity>
                                        </group>
                                    </configure>
                                </entity>
                            </group>
                        </configure>
                    </entity>
                    <entity name="DatabaseActors" class="ptolemy.moml.EntityLibrary">
                        <configure>
                            <group>
                                <doc>Database Actors</doc>
                                <entity name="DatabaseManager" class="ptolemy.actor.lib.database.DatabaseManager">
                                </entity>
                                <entity name="DatabaseQuery" class="ptolemy.actor.lib.database.DatabaseQuery">
                                </entity>
                                <entity name="DatabaseSelect" class="ptolemy.actor.lib.database.DatabaseSelect">
                                </entity>
                                <entity name="DatabaseInsert" class="ptolemy.actor.lib.database.DatabaseInsert">
                                </entity>
                                <entity name="SQLStatement" class="ptolemy.actor.lib.database.SQLStatement">
                                </entity>
                                <entity name="ArrayOfRecordsRecorder" class="ptolemy.actor.lib.database.ArrayOfRecordsRecorder">
                                    <property name="_configurer" class="ptolemy.vergil.toolbox.ArrayOfRecordsConfigureFactory">
                                        <property name="parameterName" class="ptolemy.data.expr.StringParameter" value="records">
                                        </property>
                                        <property name="columns" class="ptolemy.data.expr.Parameter" value="columns">
                                        </property>
                                    </property>
                                </entity>
                            </group>
                        </configure>
                    </entity>
                    <entity name="DesignPatterns" class="ptolemy.moml.EntityLibrary">
                        <configure>
                            <group>
                                <property name="DesignPatternImporter" class="ptolemy.actor.gt.controller.DesignPatternImporter">
                                    <property name="_icon" class="ptolemy.vergil.icon.ValueIcon">
                                        <property name="_color" class="ptolemy.actor.gui.ColorAttribute" value="{0.0, 0.0, 1.0, 1.0}">
                                        </property>
                                    </property>
                                    <property name="_smallIconDescription" class="ptolemy.kernel.util.SingletonConfigurableAttribute">
                                        <configure>
        <svg>
          <text style="font-size:14; font-family:SansSerif; fill:blue">-D-</text>
        </svg>
      </configure>
                                    </property>
                                </property>
                                <entity name="InputOutputPorts" class="ptolemy.actor.TypedCompositeActor">
                                    <property name="_createdBy" class="ptolemy.kernel.attributes.VersionAttribute" value="7.1.devel">
                                    </property>
                                    <property name="_alternateGetMomlAction" class="ptolemy.kernel.util.StringAttribute" value="ptolemy.actor.DesignPatternGetMoMLAction">
                                    </property>
                                    <property name="_designPatternIcon" class="ptolemy.vergil.icon.DesignPatternIcon">
                                        <property name="_hideName" class="ptolemy.data.expr.SingletonParameter" value="true">
                                        </property>
                                        <property name="rounding" class="ptolemy.data.expr.Parameter" value="0.0">
                                        </property>
                                        <property name="spacing" class="ptolemy.data.expr.Parameter" value="0.0">
                                        </property>
                                    </property>
                                    <property name="_hideName" class="ptolemy.data.expr.SingletonParameter" value="true">
                                    </property>
                                    <property name="_windowProperties" class="ptolemy.actor.gui.WindowPropertiesAttribute" value="{bounds={288, 268, 823, 514}, maximized=false}">
                                    </property>
                                    <property name="_vergilSize" class="ptolemy.actor.gui.SizeAttribute" value="[600, 400]">
                                    </property>
                                    <property name="_vergilZoomFactor" class="ptolemy.data.expr.ExpertParameter" value="1.0">
                                    </property>
                                    <property name="_vergilCenter" class="ptolemy.data.expr.ExpertParameter" value="{300.0, 200.0}">
                                    </property>
                                    <port name="input" class="ptolemy.actor.TypedIOPort">
                                        <property name="input"/>
                                        <property name="_location" class="ptolemy.kernel.util.Location" value="{20.0, 200.0}">
                                        </property>
                                    </port>
                                    <port name="output" class="ptolemy.actor.TypedIOPort">
                                        <property name="output"/>
                                        <property name="_location" class="ptolemy.kernel.util.Location" value="[570.0, 200.0]">
                                        </property>
                                    </port>
                                </entity>
                                <entity name="DiscreteEvent" class="ptolemy.moml.EntityLibrary">
                                    <configure>
                                        <group>
                                            <entity name="DESourceSink" class="ptolemy.actor.TypedCompositeActor">
                                                <property name="_createdBy" class="ptolemy.kernel.attributes.VersionAttribute" value="7.1.devel">
                                                </property>
                                                <property name="_alternateGetMomlAction" class="ptolemy.kernel.util.StringAttribute" value="ptolemy.actor.DesignPatternGetMoMLAction">
                                                </property>
                                                <property name="_designPatternIcon" class="ptolemy.vergil.icon.DesignPatternIcon">
                                                    <property name="_hideName" class="ptolemy.data.expr.SingletonParameter" value="true">
                                                    </property>
                                                    <property name="rounding" class="ptolemy.data.expr.Parameter" value="0.0">
                                                    </property>
                                                    <property name="spacing" class="ptolemy.data.expr.Parameter" value="0.0">
                                                    </property>
                                                </property>
                                                <property name="_hideName" class="ptolemy.data.expr.SingletonParameter" value="true">
                                                </property>
                                                <property name="_windowProperties" class="ptolemy.actor.gui.WindowPropertiesAttribute" value="{bounds={288, 268, 823, 514}, maximized=false}">
                                                </property>
                                                <property name="_vergilSize" class="ptolemy.actor.gui.SizeAttribute" value="[600, 400]">
                                                </property>
                                                <property name="_vergilZoomFactor" class="ptolemy.data.expr.ExpertParameter" value="1.0">
                                                </property>
                                                <property name="_vergilCenter" class="ptolemy.data.expr.ExpertParameter" value="{300.0, 200.0}">
                                                </property>
                                                <entity name="PoissonClock" class="ptolemy.actor.lib.PoissonClock">
                                                    <property name="_location" class="ptolemy.kernel.util.Location" value="[50.0, 155.0]">
                                                    </property>
                                                </entity>
                                                <entity name="Ramp" class="ptolemy.actor.lib.Ramp">
                                                    <doc>Create a sequence of tokens with increasing value</doc>
                                                    <property name="_location" class="ptolemy.kernel.util.Location" value="[170.0, 165.0]">
                                                    </property>
                                                </entity>
                                                <entity name="TimedPlotter" class="ptolemy.actor.lib.gui.TimedPlotter">
                                                    <property name="_windowProperties" class="ptolemy.actor.gui.WindowPropertiesAttribute">
                                                    </property>
                                                    <property name="_plotSize" class="ptolemy.actor.gui.SizeAttribute">
                                                    </property>
                                                    <property name="_location" class="ptolemy.kernel.util.Location" value="[525.0, 165.0]">
                                                    </property>
                                                </entity>
                                                <relation name="relation" class="ptolemy.actor.TypedIORelation">
                                                    <property name="width" class="ptolemy.data.expr.Parameter" value="1">
                                                    </property>
                                                </relation>
                                                <link port="PoissonClock.output" relation="relation"/>
                                                <link port="Ramp.trigger" relation="relation"/>
                                            </entity>
                                        </group>
                                    </configure>
                                </entity>
                                <entity name="DynamicDataFlow" class="ptolemy.moml.EntityLibrary">
                                    <configure>
                                        <group>
                                            <entity name="DDFRepeatForCount" class="ptolemy.actor.TypedCompositeActor">
                                                <property name="_createdBy" class="ptolemy.kernel.attributes.VersionAttribute" value="7.2.devel">
                                                </property>
                                                <property name="count" class="ptolemy.data.expr.Parameter" value="3">
                                                    <property name="_hideName" class="ptolemy.kernel.util.SingletonAttribute">
                                                    </property>
                                                    <property name="_icon" class="ptolemy.vergil.icon.ValueIcon">
                                                        <property name="_color" class="ptolemy.actor.gui.ColorAttribute" value="{0.0, 0.0, 1.0, 1.0}">
                                                        </property>
                                                    </property>
                                                    <property name="_smallIconDescription" class="ptolemy.kernel.util.SingletonConfigurableAttribute">
                                                        <configure>
      <svg>
        <text x="20" style="font-size:14; font-family:SansSerif; fill:blue" y="20">-P-</text>
      </svg>
    </configure>
                                                    </property>
                                                    <property name="_editorFactory" class="ptolemy.vergil.toolbox.VisibleParameterEditorFactory">
                                                    </property>
                                                    <property name="_location" class="ptolemy.kernel.util.Location" value="[500.0, 45.0]">
                                                    </property>
                                                </property>
                                                <property name="Annotation" class="ptolemy.vergil.kernel.attributes.TextAttribute">
                                                    <property name="text" class="ptolemy.kernel.util.StringAttribute" value="Fire RepeatedAction for &quot;count&quot; times with Source&#10;as initial input, and send the result to Sink.">
                                                    </property>
                                                    <property name="_location" class="ptolemy.kernel.util.Location" value="[150.0, 25.0]">
                                                    </property>
                                                </property>
                                                <property name="_alternateGetMomlAction" class="ptolemy.kernel.util.StringAttribute" value="ptolemy.actor.DesignPatternGetMoMLAction">
                                                </property>
                                                <property name="_designPatternIcon" class="ptolemy.vergil.icon.DesignPatternIcon">
                                                    <property name="_hideName" class="ptolemy.data.expr.SingletonParameter" value="true">
                                                    </property>
                                                    <property name="rounding" class="ptolemy.data.expr.Parameter" value="0.0">
                                                    </property>
                                                    <property name="spacing" class="ptolemy.data.expr.Parameter" value="0.0">
                                                    </property>
                                                </property>
                                                <property name="_hideName" class="ptolemy.data.expr.SingletonParameter" value="true">
                                                </property>
                                                <property name="_windowProperties" class="ptolemy.actor.gui.WindowPropertiesAttribute" value="{bounds={288, 268, 815, 517}, maximized=false}">
                                                </property>
                                                <property name="_vergilSize" class="ptolemy.actor.gui.SizeAttribute" value="[600, 400]">
                                                </property>
                                                <property name="_vergilZoomFactor" class="ptolemy.data.expr.ExpertParameter" value="1.0">
                                                </property>
                                                <property name="_vergilCenter" class="ptolemy.data.expr.ExpertParameter" value="{300.0, 200.0}">
                                                </property>
                                                <property name="Before" class="ptolemy.actor.gt.controller.TransformationAttribute">
                                                    <property name="_location" class="ptolemy.kernel.util.Location" value="[70.0, 250.0]">
                                                    </property>
                                                    <configure>
                                                        <entity name="ModelUpdater" class="ptolemy.actor.gt.controller.ModelUpdater">
                                                            <entity name="_Controller" class="ptolemy.domains.ptera.kernel.PteraController">
                                                                <entity name="Match" class="ptolemy.actor.gt.controller.Match">
                                                                    <property name="_location" class="ptolemy.kernel.util.Location" value="{105.0, 145.0}">
                                                                    </property>
                                                                    <property name="_hideName" class="ptolemy.data.expr.SingletonParameter" value="true">
                                                                    </property>
                                                                    <configure>
                                                                        <entity name="Transformation" class="ptolemy.actor.gt.TransformationRule">
                                                                            <property name="mode" class="ptolemy.actor.gt.TransformationMode" value="match only">
                                                                            </property>
                                                                            <property name="repeatUntilFixpoint" class="ptolemy.data.expr.Parameter" value="false">
                                                                            </property>
                                                                            <property name="repeatCount" class="ptolemy.data.expr.Parameter" value="1">
                                                                            </property>
                                                                            <property name="GTDirector" class="ptolemy.actor.gt.TransformationRule$TransformationDirector">
                                                                                <property name="timeResolution" class="ptolemy.actor.parameters.SharedParameter" value="1E-10">
                                                                                </property>
                                                                            </property>
                                                                            <entity name="Pattern" class="ptolemy.actor.gt.Pattern">
                                                                                <property name="criteria" class="ptolemy.actor.gt.GTIngredientsAttribute" value="(ptolemy.actor.gt.ingredients.criteria.AttributeCriterion/false/&quot;count&quot;/false//false/)">
                                                                                </property>
                                                                            </entity>
                                                                        </entity>
                                                                    </configure>
                                                                </entity>
                                                                <entity name="Report" class="ptolemy.domains.ptera.lib.Report">
                                                                    <property name="message" class="ptolemy.data.expr.StringParameter" value="There is a &quot;count&quot; parameter in your model. If you apply this pattern, that parameter will be overwritten. Continue?">
                                                                    </property>
                                                                    <property name="mode" class="ptolemy.data.expr.ChoiceParameter" value="yes or no">
                                                                    </property>
                                                                    <property name="_location" class="ptolemy.kernel.util.Location" value="{245.0, 145.0}">
                                                                    </property>
                                                                    <property name="_hideName" class="ptolemy.data.expr.SingletonParameter" value="true">
                                                                    </property>
                                                                </entity>
                                                                <entity name="Exception" class="ptolemy.domains.ptera.lib.Report">
                                                                    <property name="message" class="ptolemy.data.expr.StringParameter" value="User operation cancelled.">
                                                                    </property>
                                                                    <property name="mode" class="ptolemy.data.expr.ChoiceParameter" value="runtime exception">
                                                                    </property>
                                                                    <property name="_location" class="ptolemy.kernel.util.Location" value="{390.0, 145.0}">
                                                                    </property>
                                                                    <property name="_hideName" class="ptolemy.data.expr.SingletonParameter" value="true">
                                                                    </property>
                                                                </entity>
                                                                <relation name="relation" class="ptolemy.domains.ptera.kernel.SchedulingRelation">
                                                                    <property name="annotation" class="ptolemy.data.expr.StringParameter" value="">
                                                                    </property>
                                                                    <property name="guardExpression" class="ptolemy.kernel.util.StringAttribute" value="matched">
                                                                        <display name="condition"/>
                                                                    </property>
                                                                    <property name="exitAngle" class="ptolemy.data.expr.Parameter" value="0.6283185307179586">
                                                                    </property>
                                                                    <property name="gamma" class="ptolemy.data.expr.Parameter" value="1.422126641418444">
                                                                    </property>
                                                                    <property name="defaultTransition" class="ptolemy.data.expr.Parameter" value="false">
                                                                        <display name="default"/>
                                                                    </property>
                                                                    <property name="nondeterministic" class="ptolemy.data.expr.Parameter" value="false">
                                                                    </property>
                                                                    <property name="preemptive" class="ptolemy.data.expr.Parameter" value="false">
                                                                    </property>
                                                                    <property name="delay" class="ptolemy.domains.ptera.kernel.SchedulingRelation$1" value="0.0">
                                                                    </property>
                                                                    <property name="arguments" class="ptolemy.kernel.util.StringAttribute" value="{}">
                                                                    </property>
                                                                    <property name="canceling" class="ptolemy.data.expr.Parameter" value="false">
                                                                    </property>
                                                                    <property name="priority" class="ptolemy.actor.parameters.Priority" value="0">
                                                                    </property>
                                                                    <property name="triggers" class="ptolemy.data.expr.StringParameter" value="">
                                                                    </property>
                                                                    <property name="reset" class="ptolemy.data.expr.Parameter" value="false">
                                                                        <display name="initialize"/>
                                                                    </property>
                                                                </relation>
                                                                <relation name="relation_1_" class="ptolemy.domains.ptera.kernel.SchedulingRelation">
                                                                    <property name="annotation" class="ptolemy.data.expr.StringParameter" value="">
                                                                    </property>
                                                                    <property name="guardExpression" class="ptolemy.kernel.util.StringAttribute" value="!response">
                                                                        <display name="condition"/>
                                                                    </property>
                                                                    <property name="exitAngle" class="ptolemy.data.expr.Parameter" value="0.6283185307179586">
                                                                    </property>
                                                                    <property name="gamma" class="ptolemy.data.expr.Parameter" value="0.057391971584200424">
                                                                    </property>
                                                                    <property name="defaultTransition" class="ptolemy.data.expr.Parameter" value="false">
                                                                        <display name="default"/>
                                                                    </property>
                                                                    <property name="nondeterministic" class="ptolemy.data.expr.Parameter" value="false">
                                                                    </property>
                                                                    <property name="preemptive" class="ptolemy.data.expr.Parameter" value="false">
                                                                    </property>
                                                                    <property name="delay" class="ptolemy.domains.ptera.kernel.SchedulingRelation$1" value="0.0">
                                                                    </property>
                                                                    <property name="arguments" class="ptolemy.kernel.util.StringAttribute" value="{}">
                                                                    </property>
                                                                    <property name="canceling" class="ptolemy.data.expr.Parameter" value="false">
                                                                    </property>
                                                                    <property name="priority" class="ptolemy.actor.parameters.Priority" value="0">
                                                                    </property>
                                                                    <property name="triggers" class="ptolemy.data.expr.StringParameter" value="">
                                                                    </property>
                                                                    <property name="reset" class="ptolemy.data.expr.Parameter" value="false">
                                                                        <display name="initialize"/>
                                                                    </property>
                                                                </relation>
                                                                <relation name="relation_1_2" class="ptolemy.domains.ptera.kernel.SchedulingRelation">
                                                                    <property name="annotation" class="ptolemy.data.expr.StringParameter" value="">
                                                                    </property>
                                                                    <property name="exitAngle" class="ptolemy.data.expr.Parameter" value="0.6283185307179586">
                                                                    </property>
                                                                    <property name="gamma" class="ptolemy.data.expr.Parameter" value="1.5770300327865816">
                                                                    </property>
                                                                    <property name="defaultTransition" class="ptolemy.data.expr.Parameter" value="false">
                                                                        <display name="default"/>
                                                                    </property>
                                                                    <property name="nondeterministic" class="ptolemy.data.expr.Parameter" value="false">
                                                                    </property>
                                                                    <property name="preemptive" class="ptolemy.data.expr.Parameter" value="false">
                                                                    </property>
                                                                    <property name="delay" class="ptolemy.domains.ptera.kernel.SchedulingRelation$1" value="0.0">
                                                                    </property>
                                                                    <property name="arguments" class="ptolemy.kernel.util.StringAttribute" value="{}">
                                                                    </property>
                                                                    <property name="canceling" class="ptolemy.data.expr.Parameter" value="false">
                                                                    </property>
                                                                    <property name="priority" class="ptolemy.actor.parameters.Priority" value="0">
                                                                    </property>
                                                                    <property name="triggers" class="ptolemy.data.expr.StringParameter" value="">
                                                                    </property>
                                                                    <property name="reset" class="ptolemy.data.expr.Parameter" value="false">
                                                                        <display name="initialize"/>
                                                                    </property>
                                                                </relation>
                                                                <link port="InitModelWithContainer.outgoingPort" relation="relation_1_2"/>
                                                                <link port="Match.incomingPort" relation="relation_1_2"/>
                                                                <link port="Match.outgoingPort" relation="relation"/>
                                                                <link port="Report.incomingPort" relation="relation"/>
                                                                <link port="Report.outgoingPort" relation="relation_1_"/>
                                                                <link port="Exception.incomingPort" relation="relation_1_"/>
                                                            </entity>
                                                        </entity>
                                                    </configure>
                                                </property>
                                                <property name="After" class="ptolemy.actor.gt.controller.TransformationAttribute">
                                                    <property name="_location" class="ptolemy.kernel.util.Location" value="[135.0, 250.0]">
                                                    </property>
                                                    <configure>
                                                        <entity name="ModelUpdater" class="ptolemy.actor.gt.controller.ModelUpdater">
                                                            <entity name="_Controller" class="ptolemy.domains.ptera.kernel.PteraController">
                                                                <entity name="Transform" class="ptolemy.actor.gt.controller.Transform">
                                                                    <property name="parameters" class="ptolemy.domains.ptera.kernel.ParametersAttribute" value="(c : int)">
                                                                    </property>
                                                                    <property name="_location" class="ptolemy.kernel.util.Location" value="{150.0, 230.0}">
                                                                    </property>
                                                                    <property name="_hideName" class="ptolemy.data.expr.SingletonParameter" value="true">
                                                                    </property>
                                                                    <configure>
                                                                        <entity name="Transformation" class="ptolemy.actor.gt.TransformationRule">
                                                                            <property name="mode" class="ptolemy.actor.gt.TransformationMode" value="replace first">
                                                                            </property>
                                                                            <property name="repeatUntilFixpoint" class="ptolemy.data.expr.Parameter" value="false">
                                                                            </property>
                                                                            <property name="repeatCount" class="ptolemy.data.expr.Parameter" value="1">
                                                                            </property>
                                                                            <property name="GTDirector" class="ptolemy.actor.gt.TransformationRule$TransformationDirector">
                                                                                <property name="timeResolution" class="ptolemy.actor.parameters.SharedParameter" value="1.0E-10">
                                                                                </property>
                                                                            </property>
                                                                            <property name="_windowProperties" class="ptolemy.actor.gui.WindowPropertiesAttribute" value="{bounds={286, 254, 828, 542}, maximized=false}">
                                                                            </property>
                                                                            <property name="_vergilSize" class="ptolemy.actor.gui.SizeAttribute" value="[600, 400]">
                                                                            </property>
                                                                            <property name="_vergilZoomFactor" class="ptolemy.data.expr.ExpertParameter" value="1.0">
                                                                            </property>
                                                                            <property name="_vergilCenter" class="ptolemy.data.expr.ExpertParameter" value="{300.0, 200.0}">
                                                                            </property>
                                                                            <entity name="Pattern" class="ptolemy.actor.gt.Pattern">
                                                                                <property name="criteria" class="ptolemy.actor.gt.GTIngredientsAttribute" value="(ptolemy.actor.gt.ingredients.criteria.AttributeCriterion/false/&quot;count&quot;/false//false/)">
                                                                                </property>
                                                                            </entity>
                                                                            <entity name="Replacement" class="ptolemy.actor.gt.Replacement">
                                                                                <property name="operations" class="ptolemy.actor.gt.GTIngredientsAttribute" value="(ptolemy.actor.gt.ingredients.operations.AttributeOperation/false/&quot;count&quot;/false//false/&quot;$(c)&quot;)">
                                                                                </property>
                                                                                <property name="RelationHiding" class="ptolemy.actor.gt.RelationHidingAttribute" value="false">
                                                                                    <property name="_iconDescription" class="ptolemy.kernel.util.SingletonConfigurableAttribute">
                                                                                        <configure><svg><rect x="0" y="0" width="94" height="32" style="fill:#00FFFF"></rect><line x1="8" y1="7" x2="20" y2="7" style="stroke:#000000"></line><line x1="20" y1="7" x2="20" y2="25" style="stroke:#000000"></line><line x1="20" y1="25" x2="32" y2="25" style="stroke:#000000"></line><polygon points="20,10 14,16 20,22 26,16" style="fill:#000000"></polygon><line x1="39" y1="14" x2="52" y2="14" style="stroke:#303030; stroke-width:2"></line><line x1="39" y1="18" x2="52" y2="18" style="stroke:#303030; stroke-width:2"></line><line x1="50" y1="11" x2="55" y2="16" style="stroke:#303030; stroke-width:2"></line><line x1="50" y1="21" x2="55" y2="16" style="stroke:#303030; stroke-width:2"></line><line x1="62" y1="7" x2="74" y2="7" style="stroke:#000000"></line><line x1="74" y1="7" x2="74" y2="25" style="stroke:#000000"></line><line x1="74" y1="25" x2="86" y2="25" style="stroke:#000000"></line><line x1="41" y1="9" x2="49" y2="23" style="stroke:#C00000; stroke-width:3"></line></svg></configure>
                                                                                    </property>
                                                                                    <property name="_smallIconDescription" class="ptolemy.kernel.util.SingletonConfigurableAttribute">
                                                                                        <configure>
          <svg>
            <rect x="0" y="0" width="26" height="18" style="fill:#00FFFF"></rect>
            <text x="2" y="15" style="font-size:16; font-family:SansSerif; fill:blue">RH</text>
          </svg>
        </configure>
                                                                                    </property>
                                                                                    <property name="_location" class="ptolemy.kernel.util.Location" value="[235.0, 110.0]">
                                                                                    </property>
                                                                                </property>
                                                                            </entity>
                                                                        </entity>
                                                                    </configure>
                                                                </entity>
                                                                <entity name="Configure" class="ptolemy.domains.ptera.lib.Configure">
                                                                    <property name="_location" class="ptolemy.kernel.util.Location" value="{150.0, 125.0}">
                                                                    </property>
                                                                    <property name="count" class="ptolemy.data.expr.Parameter" value="3">
                                                                    </property>
                                                                    <property name="_hideName" class="ptolemy.data.expr.SingletonParameter" value="true">
                                                                    </property>
                                                                </entity>
                                                                <relation name="relation_1_" class="ptolemy.domains.ptera.kernel.SchedulingRelation">
                                                                    <property name="annotation" class="ptolemy.data.expr.StringParameter" value="">
                                                                    </property>
                                                                    <property name="exitAngle" class="ptolemy.data.expr.Parameter" value="0.3158753078196075">
                                                                    </property>
                                                                    <property name="gamma" class="ptolemy.data.expr.Parameter" value="1.7805222510865935">
                                                                    </property>
                                                                    <property name="defaultTransition" class="ptolemy.data.expr.Parameter" value="false">
                                                                        <display name="default"/>
                                                                    </property>
                                                                    <property name="nondeterministic" class="ptolemy.data.expr.Parameter" value="false">
                                                                    </property>
                                                                    <property name="preemptive" class="ptolemy.data.expr.Parameter" value="false">
                                                                    </property>
                                                                    <property name="delay" class="ptolemy.domains.ptera.kernel.SchedulingRelation$1" value="0.0">
                                                                    </property>
                                                                    <property name="arguments" class="ptolemy.kernel.util.StringAttribute" value="{count}">
                                                                    </property>
                                                                    <property name="canceling" class="ptolemy.data.expr.Parameter" value="false">
                                                                    </property>
                                                                    <property name="priority" class="ptolemy.actor.parameters.Priority" value="0">
                                                                    </property>
                                                                    <property name="triggers" class="ptolemy.data.expr.StringParameter" value="">
                                                                    </property>
                                                                    <property name="reset" class="ptolemy.data.expr.Parameter" value="false">
                                                                        <display name="initialize"/>
                                                                    </property>
                                                                </relation>
                                                                <relation name="relation" class="ptolemy.domains.ptera.kernel.SchedulingRelation">
                                                                    <property name="annotation" class="ptolemy.data.expr.StringParameter" value="">
                                                                    </property>
                                                                    <property name="exitAngle" class="ptolemy.data.expr.Parameter" value="0.32918504506055624">
                                                                    </property>
                                                                    <property name="gamma" class="ptolemy.data.expr.Parameter" value="1.1198809981128832">
                                                                    </property>
                                                                    <property name="defaultTransition" class="ptolemy.data.expr.Parameter" value="false">
                                                                        <display name="default"/>
                                                                    </property>
                                                                    <property name="nondeterministic" class="ptolemy.data.expr.Parameter" value="false">
                                                                    </property>
                                                                    <property name="preemptive" class="ptolemy.data.expr.Parameter" value="false">
                                                                    </property>
                                                                    <property name="delay" class="ptolemy.domains.ptera.kernel.SchedulingRelation$1" value="0.0">
                                                                    </property>
                                                                    <property name="arguments" class="ptolemy.kernel.util.StringAttribute" value="{}">
                                                                    </property>
                                                                    <property name="canceling" class="ptolemy.data.expr.Parameter" value="false">
                                                                    </property>
                                                                    <property name="priority" class="ptolemy.actor.parameters.Priority" value="0">
                                                                    </property>
                                                                    <property name="triggers" class="ptolemy.data.expr.StringParameter" value="">
                                                                    </property>
                                                                    <property name="reset" class="ptolemy.data.expr.Parameter" value="false">
                                                                        <display name="initialize"/>
                                                                    </property>
                                                                </relation>
                                                                <link port="InitModelWithContainer.outgoingPort" relation="relation"/>
                                                                <link port="Transform.incomingPort" relation="relation_1_"/>
                                                                <link port="Configure.incomingPort" relation="relation"/>
                                                                <link port="Configure.outgoingPort" relation="relation_1_"/>
                                                            </entity>
                                                        </entity>
                                                    </configure>
                                                </property>
                                                <entity name="SampleDelay" class="ptolemy.domains.sdf.lib.SampleDelay">
                                                    <property name="initialOutputs" class="ptolemy.data.expr.Parameter" value="{true}">
                                                    </property>
                                                    <property name="_icon" class="ptolemy.vergil.icon.BoxedValueIcon">
                                                        <property name="attributeName" class="ptolemy.kernel.util.StringAttribute" value="initialOutputs">
                                                        </property>
                                                        <property name="displayWidth" class="ptolemy.data.expr.Parameter" value="20">
                                                        </property>
                                                    </property>
                                                    <property name="_location" class="ptolemy.kernel.util.Location" value="[140.0, 180.0]">
                                                    </property>
                                                </entity>
                                                <entity name="Const" class="ptolemy.actor.lib.Const">
                                                    <property name="value" class="ptolemy.data.expr.Parameter" value="false">
                                                    </property>
                                                    <property name="firingCountLimit" class="ptolemy.data.expr.Parameter" value="count">
                                                    </property>
                                                    <doc>Create a constant sequence</doc>
                                                    <property name="_icon" class="ptolemy.vergil.icon.BoxedValueIcon">
                                                        <property name="attributeName" class="ptolemy.kernel.util.StringAttribute" value="value">
                                                        </property>
                                                        <property name="displayWidth" class="ptolemy.data.expr.Parameter" value="60">
                                                        </property>
                                                    </property>
                                                    <property name="_location" class="ptolemy.kernel.util.Location" value="[70.0, 180.0]">
                                                    </property>
                                                </entity>
                                                <entity name="Ramp" class="ptolemy.actor.lib.Ramp">
                                                    <property name="firingCountLimit" class="ptolemy.data.expr.Parameter" value="count">
                                                    </property>
                                                    <doc>Create a sequence of tokens with increasing value</doc>
                                                    <property name="_location" class="ptolemy.kernel.util.Location" value="[290.0, 205.0]">
                                                    </property>
                                                </entity>
                                                <entity name="Expression" class="ptolemy.actor.lib.Expression">
                                                    <property name="expression" class="ptolemy.kernel.util.StringAttribute" value="in+1&gt;=count">
                                                    </property>
                                                    <property name="_icon" class="ptolemy.vergil.icon.BoxedValueIcon">
                                                        <property name="attributeName" class="ptolemy.kernel.util.StringAttribute" value="expression">
                                                        </property>
                                                        <property name="displayWidth" class="ptolemy.data.expr.Parameter" value="60">
                                                        </property>
                                                    </property>
                                                    <property name="_location" class="ptolemy.kernel.util.Location" value="[390.0, 205.0]">
                                                    </property>
                                                    <port name="in" class="ptolemy.actor.TypedIOPort">
                                                        <property name="input"/>
                                                    </port>
                                                </entity>
                                                <entity name="Switch" class="ptolemy.actor.lib.BooleanSwitch">
                                                    <property name="BooleanSwitchIcon" class="ptolemy.vergil.icon.EditorIcon">
                                                        <property name="_windowProperties" class="ptolemy.actor.gui.WindowPropertiesAttribute" value="{bounds = {5, 136, 815, 516}, maximized = false}">
                                                        </property>
                                                        <property name="_vergilSize" class="ptolemy.actor.gui.SizeAttribute" value="[600, 400]">
                                                        </property>
                                                    </property>
                                                    <property name="_location" class="ptolemy.kernel.util.Location" value="[450.0, 120.0]">
                                                    </property>
                                                    <port name="control" class="ptolemy.actor.TypedIOPort">
                                                        <property name="input"/>
                                                        <property name="_cardinal" class="ptolemy.kernel.util.StringAttribute" value="SOUTH">
                                                        </property>
                                                    </port>
                                                </entity>
                                                <entity name="Select" class="ptolemy.domains.ddf.lib.DDFBooleanSelect">
                                                    <property name="DDFBooleanSelectIcon" class="ptolemy.vergil.icon.EditorIcon">
                                                        <property name="_windowProperties" class="ptolemy.actor.gui.WindowPropertiesAttribute" value="{bounds = {17, -12, 815, 516}, maximized = false}">
                                                        </property>
                                                        <property name="_vergilSize" class="ptolemy.actor.gui.SizeAttribute" value="[600, 400]">
                                                        </property>
                                                    </property>
                                                    <property name="_location" class="ptolemy.kernel.util.Location" value="[240.0, 120.0]">
                                                    </property>
                                                </entity>
                                                <entity name="Source" class="ptolemy.actor.lib.Const">
                                                    <property name="firingCountLimit" class="ptolemy.data.expr.Parameter" value="1">
                                                    </property>
                                                    <doc>Create a constant sequence.</doc>
                                                    <property name="_icon" class="ptolemy.vergil.icon.BoxedValueIcon">
                                                        <property name="attributeName" class="ptolemy.kernel.util.StringAttribute" value="value">
                                                        </property>
                                                        <property name="displayWidth" class="ptolemy.data.expr.Parameter" value="60">
                                                        </property>
                                                    </property>
                                                    <property name="_location" class="ptolemy.kernel.util.Location" value="[65.0, 110.0]">
                                                    </property>
                                                </entity>
                                                <entity name="Sink" class="ptolemy.actor.lib.gui.Display">
                                                    <property name="_windowProperties" class="ptolemy.actor.gui.WindowPropertiesAttribute" value="{bounds={529, 403, 342, 243}, maximized=false}">
                                                    </property>
                                                    <property name="_paneSize" class="ptolemy.actor.gui.SizeAttribute" value="[326, 186]">
                                                    </property>
                                                    <property name="_location" class="ptolemy.kernel.util.Location" value="[535.0, 110.0]">
                                                    </property>
                                                </entity>
                                                <entity name="RepeatedAction" class="ptolemy.actor.TypedCompositeActor">
                                                    <property name="_location" class="ptolemy.kernel.util.Location" value="[350.0, 120.0]">
                                                    </property>
                                                    <property name="Annotation" class="ptolemy.vergil.kernel.attributes.TextAttribute">
                                                        <property name="text" class="ptolemy.kernel.util.StringAttribute" value="Remove Counter and add the action to be repeated.">
                                                        </property>
                                                        <property name="_location" class="ptolemy.kernel.util.Location" value="[120.0, 100.0]">
                                                        </property>
                                                    </property>
                                                    <port name="input" class="ptolemy.actor.TypedIOPort">
                                                        <property name="input"/>
                                                        <property name="_location" class="ptolemy.kernel.util.Location" value="{20.0, 200.0}">
                                                        </property>
                                                    </port>
                                                    <port name="output" class="ptolemy.actor.TypedIOPort">
                                                        <property name="output"/>
                                                        <property name="_location" class="ptolemy.kernel.util.Location" value="[570.0, 200.0]">
                                                        </property>
                                                    </port>
                                                    <entity name="Counter" class="ptolemy.actor.lib.Counter">
                                                        <property name="_location" class="ptolemy.kernel.util.Location" value="{295.0, 210.0}">
                                                        </property>
                                                    </entity>
                                                    <relation name="relation" class="ptolemy.actor.TypedIORelation">
                                                        <property name="width" class="ptolemy.data.expr.Parameter" value="1">
                                                        </property>
                                                    </relation>
                                                    <relation name="relation2" class="ptolemy.actor.TypedIORelation">
                                                        <property name="width" class="ptolemy.data.expr.Parameter" value="1">
                                                        </property>
                                                    </relation>
                                                    <link port="input" relation="relation"/>
                                                    <link port="output" relation="relation2"/>
                                                    <link port="Counter.increment" relation="relation"/>
                                                    <link port="Counter.output" relation="relation2"/>
                                                </entity>
                                                <relation name="relation" class="ptolemy.actor.TypedIORelation">
                                                    <property name="width" class="ptolemy.data.expr.Parameter" value="1">
                                                    </property>
                                                </relation>
                                                <relation name="relation2" class="ptolemy.actor.TypedIORelation">
                                                    <property name="width" class="ptolemy.data.expr.Parameter" value="1">
                                                    </property>
                                                </relation>
                                                <relation name="relation3" class="ptolemy.actor.TypedIORelation">
                                                    <property name="width" class="ptolemy.data.expr.Parameter" value="1">
                                                    </property>
                                                </relation>
                                                <relation name="relation4" class="ptolemy.actor.TypedIORelation">
                                                    <property name="width" class="ptolemy.data.expr.Parameter" value="1">
                                                    </property>
                                                    <vertex name="vertex1" value="[485.0, 245.0]">
                                                    </vertex>
                                                </relation>
                                                <relation name="relation5" class="ptolemy.actor.TypedIORelation">
                                                    <property name="width" class="ptolemy.data.expr.Parameter" value="1">
                                                    </property>
                                                </relation>
                                                <relation name="relation6" class="ptolemy.actor.TypedIORelation">
                                                    <property name="width" class="ptolemy.data.expr.Parameter" value="1">
                                                    </property>
                                                    <vertex name="vertex1" value="[200.0, 245.0]">
                                                    </vertex>
                                                </relation>
                                                <relation name="relation7" class="ptolemy.actor.TypedIORelation">
                                                    <property name="width" class="ptolemy.data.expr.Parameter" value="1">
                                                    </property>
                                                </relation>
                                                <relation name="relation8" class="ptolemy.actor.TypedIORelation">
                                                    <property name="width" class="ptolemy.data.expr.Parameter" value="1">
                                                    </property>
                                                </relation>
                                                <relation name="relation9" class="ptolemy.actor.TypedIORelation">
                                                    <property name="width" class="ptolemy.data.expr.Parameter" value="1">
                                                    </property>
                                                </relation>
                                                <relation name="relation10" class="ptolemy.actor.TypedIORelation">
                                                    <property name="width" class="ptolemy.data.expr.Parameter" value="1">
                                                    </property>
                                                </relation>
                                                <link port="SampleDelay.input" relation="relation"/>
                                                <link port="SampleDelay.output" relation="relation5"/>
                                                <link port="Const.output" relation="relation"/>
                                                <link port="Ramp.output" relation="relation2"/>
                                                <link port="Expression.output" relation="relation3"/>
                                                <link port="Expression.in" relation="relation2"/>
                                                <link port="Switch.input" relation="relation10"/>
                                                <link port="Switch.control" relation="relation3"/>
                                                <link port="Switch.trueOutput" relation="relation8"/>
                                                <link port="Switch.falseOutput" relation="relation4"/>
                                                <link port="Select.trueInput" relation="relation7"/>
                                                <link port="Select.falseInput" relation="relation6"/>
                                                <link port="Select.control" relation="relation5"/>
                                                <link port="Select.output" relation="relation9"/>
                                                <link port="Source.output" relation="relation7"/>
                                                <link port="Sink.input" relation="relation8"/>
                                                <link port="RepeatedAction.input" relation="relation9"/>
                                                <link port="RepeatedAction.output" relation="relation10"/>
                                                <link relation1="relation4" relation2="relation6"/>
                                            </entity>
                                        </group>
                                    </configure>
                                </entity>
                                <entity name="Rendezvous" class="ptolemy.moml.EntityLibrary">
                                    <configure>
                                        <group>
                                            <entity name="RendezvousSynchrony" class="ptolemy.actor.TypedCompositeActor">
                                                <property name="_createdBy" class="ptolemy.kernel.attributes.VersionAttribute" value="7.2.devel">
                                                </property>
                                                <property name="_windowProperties" class="ptolemy.actor.gui.WindowPropertiesAttribute" value="{bounds={288, 268, 823, 514}, maximized=false}">
                                                </property>
                                                <property name="_vergilSize" class="ptolemy.actor.gui.SizeAttribute" value="[600, 400]">
                                                </property>
                                                <property name="_vergilZoomFactor" class="ptolemy.data.expr.ExpertParameter" value="1.0">
                                                </property>
                                                <property name="_vergilCenter" class="ptolemy.data.expr.ExpertParameter" value="{300.0, 200.0}">
                                                </property>
                                                <property name="After" class="ptolemy.actor.gt.controller.TransformationAttribute">
                                                    <property name="_location" class="ptolemy.kernel.util.Location" value="[495.0, 125.0]">
                                                    </property>
                                                    <configure>
                                                        <entity name="ModelUpdater" class="ptolemy.actor.gt.controller.ModelUpdater">
                                                            <entity name="_Controller" class="ptolemy.domains.ptera.kernel.PteraController">
                                                                <property name="xOffset" class="ptolemy.data.expr.Parameter" value="5">
                                                                    <property name="_hideName" class="ptolemy.kernel.util.SingletonAttribute">
                                                                    </property>
                                                                    <property name="_icon" class="ptolemy.vergil.icon.ValueIcon">
                                                                        <property name="_color" class="ptolemy.actor.gui.ColorAttribute" value="{0.0, 0.0, 1.0, 1.0}">
                                                                        </property>
                                                                    </property>
                                                                    <property name="_smallIconDescription" class="ptolemy.kernel.util.SingletonConfigurableAttribute">
                                                                        <configure>
      <svg>
        <text x="20" style="font-size:14; font-family:SansSerif; fill:blue" y="20">-P-</text>
      </svg>
    </configure>
                                                                    </property>
                                                                    <property name="_editorFactory" class="ptolemy.vergil.toolbox.VisibleParameterEditorFactory">
                                                                    </property>
                                                                    <property name="_location" class="ptolemy.kernel.util.Location" value="{280.0, 65.0}">
                                                                    </property>
                                                                </property>
                                                                <property name="yOffset" class="ptolemy.data.expr.Parameter" value="30">
                                                                    <property name="_hideName" class="ptolemy.kernel.util.SingletonAttribute">
                                                                    </property>
                                                                    <property name="_icon" class="ptolemy.vergil.icon.ValueIcon">
                                                                        <property name="_color" class="ptolemy.actor.gui.ColorAttribute" value="{0.0, 0.0, 1.0, 1.0}">
                                                                        </property>
                                                                    </property>
                                                                    <property name="_smallIconDescription" class="ptolemy.kernel.util.SingletonConfigurableAttribute">
                                                                        <configure>
      <svg>
        <text x="20" style="font-size:14; font-family:SansSerif; fill:blue" y="20">-P-</text>
      </svg>
    </configure>
                                                                    </property>
                                                                    <property name="_editorFactory" class="ptolemy.vergil.toolbox.VisibleParameterEditorFactory">
                                                                    </property>
                                                                    <property name="_location" class="ptolemy.kernel.util.Location" value="[280.0, 85.0]">
                                                                    </property>
                                                                </property>
                                                                <entity name="Transform" class="ptolemy.actor.gt.controller.Transform">
                                                                    <property name="parameters" class="ptolemy.domains.ptera.kernel.ParametersAttribute" value="(i : int, count : int)">
                                                                    </property>
                                                                    <property name="_location" class="ptolemy.kernel.util.Location" value="[320.0, 145.0]">
                                                                    </property>
                                                                    <property name="_hideName" class="ptolemy.data.expr.SingletonParameter" value="true">
                                                                    </property>
                                                                    <configure>
                                                                        <entity name="Transformation" class="ptolemy.actor.gt.TransformationRule">
                                                                            <property name="mode" class="ptolemy.actor.gt.TransformationMode" value="replace first">
                                                                            </property>
                                                                            <property name="repeatUntilFixpoint" class="ptolemy.data.expr.Parameter" value="false">
                                                                            </property>
                                                                            <property name="repeatCount" class="ptolemy.data.expr.Parameter" value="1">
                                                                            </property>
                                                                            <property name="GTDirector" class="ptolemy.actor.gt.TransformationRule$TransformationDirector">
                                                                                <property name="timeResolution" class="ptolemy.actor.parameters.SharedParameter" value="1.0E-10">
                                                                                </property>
                                                                            </property>
                                                                            <entity name="Pattern" class="ptolemy.actor.gt.Pattern">
                                                                                <property name="Constraint" class="ptolemy.actor.gt.Constraint" value="&#10;A.getName().equals(&quot;_A&quot; + i + &quot;_&quot;) &amp;&amp;&#10;B.getName().equals(&quot;_B&quot; + i + &quot;_&quot;)">
                                                                                    <property name="_icon" class="ptolemy.vergil.icon.ValueIcon">
                                                                                        <property name="_color" class="ptolemy.actor.gui.ColorAttribute" value="{0.0, 0.0, 1.0, 1.0}">
                                                                                        </property>
                                                                                    </property>
                                                                                    <property name="_smallIconDescription" class="ptolemy.kernel.util.SingletonConfigurableAttribute">
                                                                                        <configure>
          <svg>
            <text style="font-size:14; font-family:SansSerif; fill:blue">-C-</text>
          </svg>
        </configure>
                                                                                    </property>
                                                                                    <property name="_location" class="ptolemy.kernel.util.Location" value="[90.0, 180.0]">
                                                                                    </property>
                                                                                </property>
                                                                                <entity name="Barrier" class="ptolemy.domains.rendezvous.lib.Barrier">
                                                                                    <property name="_location" class="ptolemy.kernel.util.Location" value="[230.0, 65.0]">
                                                                                    </property>
                                                                                </entity>
                                                                                <entity name="A" class="ptolemy.actor.TypedCompositeActor">
                                                                                    <property name="_location" class="ptolemy.kernel.util.Location" value="[95.0, 130.0]">
                                                                                    </property>
                                                                                    <property name="_icon" class="ptolemy.vergil.icon.EditorIcon">
                                                                                        <property name="ellipse" class="ptolemy.vergil.kernel.attributes.EllipseAttribute">
                                                                                            <property name="_location" class="ptolemy.kernel.util.Location" value="[0.0, 0.0]">
                                                                                            </property>
                                                                                            <property name="width" class="ptolemy.data.expr.Parameter" value="20">
                                                                                            </property>
                                                                                            <property name="height" class="ptolemy.data.expr.Parameter" value="20">
                                                                                            </property>
                                                                                            <property name="centered" class="ptolemy.data.expr.Parameter" value="true">
                                                                                            </property>
                                                                                            <property name="fillColor" class="ptolemy.actor.gui.ColorAttribute" value="{1.0, 1.0, 1.0, 1.0}">
                                                                                            </property>
                                                                                        </property>
                                                                                    </property>
                                                                                    <property name="_hideName" class="ptolemy.data.expr.SingletonParameter" value="true">
                                                                                    </property>
                                                                                    <port name="input" class="ptolemy.actor.TypedIOPort">
                                                                                        <property name="input"/>
                                                                                        <property name="_location" class="ptolemy.kernel.util.Location" value="{20.0, 200.0}">
                                                                                        </property>
                                                                                    </port>
                                                                                    <port name="output" class="ptolemy.actor.TypedIOPort">
                                                                                        <property name="output"/>
                                                                                        <property name="_location" class="ptolemy.kernel.util.Location" value="[570.0, 200.0]">
                                                                                        </property>
                                                                                    </port>
                                                                                    <relation name="relation" class="ptolemy.actor.TypedIORelation">
                                                                                        <property name="width" class="ptolemy.data.expr.Parameter" value="1">
                                                                                        </property>
                                                                                    </relation>
                                                                                    <link port="input" relation="relation"/>
                                                                                    <link port="output" relation="relation"/>
                                                                                </entity>
                                                                                <entity name="B" class="ptolemy.actor.TypedCompositeActor">
                                                                                    <property name="_location" class="ptolemy.kernel.util.Location" value="[300.0, 130.0]">
                                                                                    </property>
                                                                                    <property name="_icon" class="ptolemy.vergil.icon.EditorIcon">
                                                                                        <property name="ellipse" class="ptolemy.vergil.kernel.attributes.EllipseAttribute">
                                                                                            <property name="_location" class="ptolemy.kernel.util.Location" value="[0.0, 0.0]">
                                                                                            </property>
                                                                                            <property name="width" class="ptolemy.data.expr.Parameter" value="20">
                                                                                            </property>
                                                                                            <property name="height" class="ptolemy.data.expr.Parameter" value="20">
                                                                                            </property>
                                                                                            <property name="centered" class="ptolemy.data.expr.Parameter" value="true">
                                                                                            </property>
                                                                                            <property name="fillColor" class="ptolemy.actor.gui.ColorAttribute" value="{1.0, 1.0, 1.0, 1.0}">
                                                                                            </property>
                                                                                        </property>
                                                                                    </property>
                                                                                    <property name="_hideName" class="ptolemy.data.expr.SingletonParameter" value="true">
                                                                                    </property>
                                                                                    <port name="input" class="ptolemy.actor.TypedIOPort">
                                                                                        <property name="input"/>
                                                                                        <property name="_location" class="ptolemy.kernel.util.Location" value="{20.0, 200.0}">
                                                                                        </property>
                                                                                    </port>
                                                                                    <port name="output" class="ptolemy.actor.TypedIOPort">
                                                                                        <property name="output"/>
                                                                                        <property name="_location" class="ptolemy.kernel.util.Location" value="[570.0, 200.0]">
                                                                                        </property>
                                                                                    </port>
                                                                                    <relation name="relation" class="ptolemy.actor.TypedIORelation">
                                                                                        <property name="width" class="ptolemy.data.expr.Parameter" value="1">
                                                                                        </property>
                                                                                    </relation>
                                                                                    <link port="input" relation="relation"/>
                                                                                    <link port="output" relation="relation"/>
                                                                                </entity>
                                                                                <relation name="relation" class="ptolemy.actor.TypedIORelation">
                                                                                    <property name="width" class="ptolemy.data.expr.Parameter" value="1">
                                                                                    </property>
                                                                                    <vertex name="vertex1" value="[165.0, 130.0]">
                                                                                    </vertex>
                                                                                </relation>
                                                                                <link port="Barrier.input" relation="relation"/>
                                                                                <link port="A.output" relation="relation"/>
                                                                                <link port="B.input" relation="relation"/>
                                                                            </entity>
                                                                            <entity name="Replacement" class="ptolemy.actor.gt.Replacement">
                                                                                <entity name="C" class="ptolemy.actor.TypedCompositeActor">
                                                                                    <property name="_location" class="ptolemy.kernel.util.Location" value="[95.0, 170.0]">
                                                                                    </property>
                                                                                    <property name="_icon" class="ptolemy.vergil.icon.EditorIcon">
                                                                                        <property name="ellipse" class="ptolemy.vergil.kernel.attributes.EllipseAttribute">
                                                                                            <property name="_location" class="ptolemy.kernel.util.Location" value="[0.0, 0.0]">
                                                                                            </property>
                                                                                            <property name="width" class="ptolemy.data.expr.Parameter" value="20">
                                                                                            </property>
                                                                                            <property name="height" class="ptolemy.data.expr.Parameter" value="20">
                                                                                            </property>
                                                                                            <property name="centered" class="ptolemy.data.expr.Parameter" value="true">
                                                                                            </property>
                                                                                            <property name="fillColor" class="ptolemy.actor.gui.ColorAttribute" value="{1.0, 1.0, 1.0, 1.0}">
                                                                                            </property>
                                                                                        </property>
                                                                                    </property>
                                                                                    <property name="_hideName" class="ptolemy.data.expr.SingletonParameter" value="true">
                                                                                    </property>
                                                                                    <property name="patternObject" class="ptolemy.actor.gt.PatternObjectAttribute">
                                                                                    </property>
                                                                                    <property name="operations" class="ptolemy.actor.gt.GTIngredientsAttribute" value="(ptolemy.actor.gt.ingredients.operations.AttributeOperation/false/&quot;_location&quot;/false//false/&quot;{$(A._location.getLocation()(0)), $(A._location.getLocation()(1) + yOffset)}&quot;)(ptolemy.actor.gt.ingredients.operations.RenameOperation/false/&quot;_A$(i+1)_&quot;)">
                                                                                    </property>
                                                                                    <port name="input" class="ptolemy.actor.TypedIOPort">
                                                                                        <property name="input"/>
                                                                                        <property name="_location" class="ptolemy.kernel.util.Location" value="{20.0, 200.0}">
                                                                                        </property>
                                                                                    </port>
                                                                                    <port name="output" class="ptolemy.actor.TypedIOPort">
                                                                                        <property name="output"/>
                                                                                        <property name="_location" class="ptolemy.kernel.util.Location" value="[570.0, 200.0]">
                                                                                        </property>
                                                                                    </port>
                                                                                    <relation name="relation" class="ptolemy.actor.TypedIORelation">
                                                                                        <property name="width" class="ptolemy.data.expr.Parameter" value="1">
                                                                                        </property>
                                                                                    </relation>
                                                                                    <link port="input" relation="relation"/>
                                                                                    <link port="output" relation="relation"/>
                                                                                </entity>
                                                                                <entity name="D" class="ptolemy.actor.TypedCompositeActor">
                                                                                    <property name="_location" class="ptolemy.kernel.util.Location" value="[300.0, 170.0]">
                                                                                    </property>
                                                                                    <property name="_icon" class="ptolemy.vergil.icon.EditorIcon">
                                                                                        <property name="ellipse" class="ptolemy.vergil.kernel.attributes.EllipseAttribute">
                                                                                            <property name="_location" class="ptolemy.kernel.util.Location" value="[0.0, 0.0]">
                                                                                            </property>
                                                                                            <property name="width" class="ptolemy.data.expr.Parameter" value="20">
                                                                                            </property>
                                                                                            <property name="height" class="ptolemy.data.expr.Parameter" value="20">
                                                                                            </property>
                                                                                            <property name="centered" class="ptolemy.data.expr.Parameter" value="true">
                                                                                            </property>
                                                                                            <property name="fillColor" class="ptolemy.actor.gui.ColorAttribute" value="{1.0, 1.0, 1.0, 1.0}">
                                                                                            </property>
                                                                                        </property>
                                                                                    </property>
                                                                                    <property name="_hideName" class="ptolemy.data.expr.SingletonParameter" value="true">
                                                                                    </property>
                                                                                    <property name="patternObject" class="ptolemy.actor.gt.PatternObjectAttribute">
                                                                                    </property>
                                                                                    <property name="operations" class="ptolemy.actor.gt.GTIngredientsAttribute" value="(ptolemy.actor.gt.ingredients.operations.AttributeOperation/false/&quot;_location&quot;/false//false/&quot;{$(B._location.getLocation()(0)), $(B._location.getLocation()(1) + yOffset)}&quot;)(ptolemy.actor.gt.ingredients.operations.RenameOperation/false/&quot;_B$(i+1)_&quot;)">
                                                                                    </property>
                                                                                    <port name="input" class="ptolemy.actor.TypedIOPort">
                                                                                        <property name="input"/>
                                                                                        <property name="_location" class="ptolemy.kernel.util.Location" value="{20.0, 200.0}">
                                                                                        </property>
                                                                                    </port>
                                                                                    <port name="output" class="ptolemy.actor.TypedIOPort">
                                                                                        <property name="output"/>
                                                                                        <property name="_location" class="ptolemy.kernel.util.Location" value="[570.0, 200.0]">
                                                                                        </property>
                                                                                    </port>
                                                                                    <relation name="relation" class="ptolemy.actor.TypedIORelation">
                                                                                        <property name="width" class="ptolemy.data.expr.Parameter" value="1">
                                                                                        </property>
                                                                                    </relation>
                                                                                    <link port="input" relation="relation"/>
                                                                                    <link port="output" relation="relation"/>
                                                                                </entity>
                                                                                <entity name="Barrier" class="ptolemy.domains.rendezvous.lib.Barrier">
                                                                                    <property name="_location" class="ptolemy.kernel.util.Location" value="[230.0, 65.0]">
                                                                                    </property>
                                                                                    <property name="patternObject" class="ptolemy.actor.gt.PatternObjectAttribute" value="Barrier">
                                                                                    </property>
                                                                                </entity>
                                                                                <entity name="A" class="ptolemy.actor.TypedCompositeActor">
                                                                                    <property name="_location" class="ptolemy.kernel.util.Location" value="[95.0, 130.0]">
                                                                                    </property>
                                                                                    <property name="_icon" class="ptolemy.vergil.icon.EditorIcon">
                                                                                        <property name="ellipse" class="ptolemy.vergil.kernel.attributes.EllipseAttribute">
                                                                                            <property name="_location" class="ptolemy.kernel.util.Location" value="[0.0, 0.0]">
                                                                                            </property>
                                                                                            <property name="width" class="ptolemy.data.expr.Parameter" value="20">
                                                                                            </property>
                                                                                            <property name="height" class="ptolemy.data.expr.Parameter" value="20">
                                                                                            </property>
                                                                                            <property name="centered" class="ptolemy.data.expr.Parameter" value="true">
                                                                                            </property>
                                                                                            <property name="fillColor" class="ptolemy.actor.gui.ColorAttribute" value="{1.0, 1.0, 1.0, 1.0}">
                                                                                            </property>
                                                                                        </property>
                                                                                    </property>
                                                                                    <property name="_hideName" class="ptolemy.data.expr.SingletonParameter" value="true">
                                                                                    </property>
                                                                                    <property name="patternObject" class="ptolemy.actor.gt.PatternObjectAttribute" value="A">
                                                                                    </property>
                                                                                    <port name="input" class="ptolemy.actor.TypedIOPort">
                                                                                        <property name="input"/>
                                                                                        <property name="_location" class="ptolemy.kernel.util.Location" value="{20.0, 200.0}">
                                                                                        </property>
                                                                                        <property name="patternObject" class="ptolemy.actor.gt.PatternObjectAttribute" value="A.input">
                                                                                        </property>
                                                                                    </port>
                                                                                    <port name="output" class="ptolemy.actor.TypedIOPort">
                                                                                        <property name="output"/>
                                                                                        <property name="_location" class="ptolemy.kernel.util.Location" value="[570.0, 200.0]">
                                                                                        </property>
                                                                                        <property name="patternObject" class="ptolemy.actor.gt.PatternObjectAttribute" value="A.output">
                                                                                        </property>
                                                                                    </port>
                                                                                    <relation name="relation" class="ptolemy.actor.TypedIORelation">
                                                                                        <property name="width" class="ptolemy.data.expr.Parameter" value="1">
                                                                                        </property>
                                                                                        <property name="patternObject" class="ptolemy.actor.gt.PatternObjectAttribute" value="A.relation">
                                                                                        </property>
                                                                                    </relation>
                                                                                    <link port="input" relation="relation"/>
                                                                                    <link port="output" relation="relation"/>
                                                                                </entity>
                                                                                <entity name="B" class="ptolemy.actor.TypedCompositeActor">
                                                                                    <property name="_location" class="ptolemy.kernel.util.Location" value="[300.0, 130.0]">
                                                                                    </property>
                                                                                    <property name="_icon" class="ptolemy.vergil.icon.EditorIcon">
                                                                                        <property name="ellipse" class="ptolemy.vergil.kernel.attributes.EllipseAttribute">
                                                                                            <property name="_location" class="ptolemy.kernel.util.Location" value="[0.0, 0.0]">
                                                                                            </property>
                                                                                            <property name="width" class="ptolemy.data.expr.Parameter" value="20">
                                                                                            </property>
                                                                                            <property name="height" class="ptolemy.data.expr.Parameter" value="20">
                                                                                            </property>
                                                                                            <property name="centered" class="ptolemy.data.expr.Parameter" value="true">
                                                                                            </property>
                                                                                            <property name="fillColor" class="ptolemy.actor.gui.ColorAttribute" value="{1.0, 1.0, 1.0, 1.0}">
                                                                                            </property>
                                                                                        </property>
                                                                                    </property>
                                                                                    <property name="_hideName" class="ptolemy.data.expr.SingletonParameter" value="true">
                                                                                    </property>
                                                                                    <property name="patternObject" class="ptolemy.actor.gt.PatternObjectAttribute" value="B">
                                                                                    </property>
                                                                                    <port name="input" class="ptolemy.actor.TypedIOPort">
                                                                                        <property name="input"/>
                                                                                        <property name="_location" class="ptolemy.kernel.util.Location" value="{20.0, 200.0}">
                                                                                        </property>
                                                                                        <property name="patternObject" class="ptolemy.actor.gt.PatternObjectAttribute" value="B.input">
                                                                                        </property>
                                                                                    </port>
                                                                                    <port name="output" class="ptolemy.actor.TypedIOPort">
                                                                                        <property name="output"/>
                                                                                        <property name="_location" class="ptolemy.kernel.util.Location" value="[570.0, 200.0]">
                                                                                        </property>
                                                                                        <property name="patternObject" class="ptolemy.actor.gt.PatternObjectAttribute" value="B.output">
                                                                                        </property>
                                                                                    </port>
                                                                                    <relation name="relation" class="ptolemy.actor.TypedIORelation">
                                                                                        <property name="width" class="ptolemy.data.expr.Parameter" value="1">
                                                                                        </property>
                                                                                        <property name="patternObject" class="ptolemy.actor.gt.PatternObjectAttribute" value="B.relation">
                                                                                        </property>
                                                                                    </relation>
                                                                                    <link port="input" relation="relation"/>
                                                                                    <link port="output" relation="relation"/>
                                                                                </entity>
                                                                                <relation name="relation" class="ptolemy.actor.TypedIORelation">
                                                                                    <property name="width" class="ptolemy.data.expr.Parameter" value="1">
                                                                                    </property>
                                                                                    <vertex name="vertex1" value="[165.0, 130.0]">
                                                                                    </vertex>
                                                                                    <property name="patternObject" class="ptolemy.actor.gt.PatternObjectAttribute" value="relation">
                                                                                    </property>
                                                                                </relation>
                                                                                <relation name="relation2" class="ptolemy.actor.TypedIORelation">
                                                                                    <property name="width" class="ptolemy.data.expr.Parameter" value="1">
                                                                                    </property>
                                                                                    <vertex name="vertex1" value="[165.0, 170.0]">
                                                                                    </vertex>
                                                                                    <property name="operations" class="ptolemy.actor.gt.GTIngredientsAttribute" value="(ptolemy.actor.gt.ingredients.operations.AttributeOperation/false/&quot;vertex1&quot;/false//false/&quot;{$(relation.vertex1.getLocation()(0) + xOffset), $(relation.vertex1.getLocation()(1) + yOffset)}&quot;)">
                                                                                    </property>
                                                                                </relation>
                                                                                <link port="C.output" relation="relation2"/>
                                                                                <link port="D.input" relation="relation2"/>
                                                                                <link port="Barrier.input" relation="relation"/>
                                                                                <link port="Barrier.input" relation="relation2"/>
                                                                                <link port="A.output" relation="relation"/>
                                                                                <link port="B.input" relation="relation"/>
                                                                            </entity>
                                                                        </entity>
                                                                    </configure>
                                                                </entity>
                                                                <entity name="Configure" class="ptolemy.domains.ptera.lib.Configure">
                                                                    <property name="_location" class="ptolemy.kernel.util.Location" value="[100.0, 150.0]">
                                                                    </property>
                                                                    <property name="count" class="ptolemy.data.expr.Parameter" value="2">
                                                                    </property>
                                                                    <property name="_hideName" class="ptolemy.data.expr.SingletonParameter" value="true">
                                                                    </property>
                                                                </entity>
                                                                <relation name="relation" class="ptolemy.domains.ptera.kernel.SchedulingRelation">
                                                                    <property name="annotation" class="ptolemy.data.expr.StringParameter" value="">
                                                                    </property>
                                                                    <property name="guardExpression" class="ptolemy.kernel.util.StringAttribute" value="1 &lt; count">
                                                                        <display name="condition"/>
                                                                    </property>
                                                                    <property name="exitAngle" class="ptolemy.data.expr.Parameter" value="0.46513192374471185">
                                                                    </property>
                                                                    <property name="gamma" class="ptolemy.data.expr.Parameter" value="0.053646183862353675">
                                                                    </property>
                                                                    <property name="defaultTransition" class="ptolemy.data.expr.Parameter" value="false">
                                                                        <display name="default"/>
                                                                    </property>
                                                                    <property name="nondeterministic" class="ptolemy.data.expr.Parameter" value="false">
                                                                    </property>
                                                                    <property name="preemptive" class="ptolemy.data.expr.Parameter" value="false">
                                                                    </property>
                                                                    <property name="delay" class="ptolemy.domains.ptera.kernel.SchedulingRelation$1" value="0.0">
                                                                    </property>
                                                                    <property name="arguments" class="ptolemy.kernel.util.StringAttribute" value="{1, count}">
                                                                    </property>
                                                                    <property name="canceling" class="ptolemy.data.expr.Parameter" value="false">
                                                                    </property>
                                                                    <property name="priority" class="ptolemy.actor.parameters.Priority" value="0">
                                                                    </property>
                                                                    <property name="triggers" class="ptolemy.data.expr.StringParameter" value="">
                                                                    </property>
                                                                    <property name="reset" class="ptolemy.data.expr.Parameter" value="false">
                                                                        <display name="initialize"/>
                                                                    </property>
                                                                </relation>
                                                                <relation name="relation_1_3" class="ptolemy.domains.ptera.kernel.SchedulingRelation">
                                                                    <property name="annotation" class="ptolemy.data.expr.StringParameter" value="">
                                                                    </property>
                                                                    <property name="guardExpression" class="ptolemy.kernel.util.StringAttribute" value="i + 1 &lt; count">
                                                                        <display name="condition"/>
                                                                    </property>
                                                                    <property name="exitAngle" class="ptolemy.data.expr.Parameter" value="2.3360429733254624">
                                                                    </property>
                                                                    <property name="gamma" class="ptolemy.data.expr.Parameter" value="-0.126268677155754">
                                                                    </property>
                                                                    <property name="defaultTransition" class="ptolemy.data.expr.Parameter" value="false">
                                                                        <display name="default"/>
                                                                    </property>
                                                                    <property name="nondeterministic" class="ptolemy.data.expr.Parameter" value="false">
                                                                    </property>
                                                                    <property name="preemptive" class="ptolemy.data.expr.Parameter" value="false">
                                                                    </property>
                                                                    <property name="delay" class="ptolemy.domains.ptera.kernel.SchedulingRelation$1" value="0.0">
                                                                    </property>
                                                                    <property name="arguments" class="ptolemy.kernel.util.StringAttribute" value="{i + 1, count}">
                                                                    </property>
                                                                    <property name="canceling" class="ptolemy.data.expr.Parameter" value="false">
                                                                    </property>
                                                                    <property name="priority" class="ptolemy.actor.parameters.Priority" value="0">
                                                                    </property>
                                                                    <property name="triggers" class="ptolemy.data.expr.StringParameter" value="">
                                                                    </property>
                                                                    <property name="reset" class="ptolemy.data.expr.Parameter" value="false">
                                                                        <display name="initialize"/>
                                                                    </property>
                                                                </relation>
                                                                <relation name="relation_1_4" class="ptolemy.domains.ptera.kernel.SchedulingRelation">
                                                                    <property name="annotation" class="ptolemy.data.expr.StringParameter" value="">
                                                                    </property>
                                                                    <property name="exitAngle" class="ptolemy.data.expr.Parameter" value="0.2870977775771039">
                                                                    </property>
                                                                    <property name="gamma" class="ptolemy.data.expr.Parameter" value="1.2373971171868319">
                                                                    </property>
                                                                    <property name="defaultTransition" class="ptolemy.data.expr.Parameter" value="false">
                                                                        <display name="default"/>
                                                                    </property>
                                                                    <property name="nondeterministic" class="ptolemy.data.expr.Parameter" value="false">
                                                                    </property>
                                                                    <property name="preemptive" class="ptolemy.data.expr.Parameter" value="false">
                                                                    </property>
                                                                    <property name="delay" class="ptolemy.domains.ptera.kernel.SchedulingRelation$1" value="0.0">
                                                                    </property>
                                                                    <property name="arguments" class="ptolemy.kernel.util.StringAttribute" value="{}">
                                                                    </property>
                                                                    <property name="canceling" class="ptolemy.data.expr.Parameter" value="false">
                                                                    </property>
                                                                    <property name="priority" class="ptolemy.actor.parameters.Priority" value="0">
                                                                    </property>
                                                                    <property name="triggers" class="ptolemy.data.expr.StringParameter" value="">
                                                                    </property>
                                                                    <property name="reset" class="ptolemy.data.expr.Parameter" value="false">
                                                                        <display name="initialize"/>
                                                                    </property>
                                                                </relation>
                                                                <link port="InitModelWithContainer.outgoingPort" relation="relation_1_4"/>
                                                                <link port="Transform.incomingPort" relation="relation"/>
                                                                <link port="Transform.incomingPort" relation="relation_1_3"/>
                                                                <link port="Transform.outgoingPort" relation="relation_1_3"/>
                                                                <link port="Configure.incomingPort" relation="relation_1_4"/>
                                                                <link port="Configure.outgoingPort" relation="relation"/>
                                                            </entity>
                                                        </entity>
                                                    </configure>
                                                </property>
                                                <property name="_alternateGetMomlAction" class="ptolemy.kernel.util.StringAttribute" value="ptolemy.actor.DesignPatternGetMoMLAction">
                                                </property>
                                                <property name="_designPatternIcon" class="ptolemy.vergil.icon.DesignPatternIcon">
                                                    <property name="_hideName" class="ptolemy.data.expr.SingletonParameter" value="true">
                                                    </property>
                                                    <property name="rounding" class="ptolemy.data.expr.Parameter" value="0.0">
                                                    </property>
                                                    <property name="spacing" class="ptolemy.data.expr.Parameter" value="0.0">
                                                    </property>
                                                </property>
                                                <property name="_hideName" class="ptolemy.data.expr.SingletonParameter" value="true">
                                                </property>
                                                <property name="Before" class="ptolemy.actor.gt.controller.TransformationAttribute">
                                                    <property name="_location" class="ptolemy.kernel.util.Location" value="[430.0, 125.0]">
                                                    </property>
                                                    <configure>
                                                        <entity name="ModelUpdater" class="ptolemy.actor.gt.controller.ModelUpdater">
                                                            <entity name="_Controller" class="ptolemy.domains.ptera.kernel.PteraController">
                                                                <entity name="Match" class="ptolemy.actor.gt.controller.Match">
                                                                    <property name="_location" class="ptolemy.kernel.util.Location" value="[120.0, 120.0]">
                                                                    </property>
                                                                    <property name="_hideName" class="ptolemy.data.expr.SingletonParameter" value="true">
                                                                    </property>
                                                                    <configure>
                                                                        <entity name="Transformation" class="ptolemy.actor.gt.TransformationRule">
                                                                            <property name="mode" class="ptolemy.actor.gt.TransformationMode" value="match only">
                                                                            </property>
                                                                            <property name="repeatUntilFixpoint" class="ptolemy.data.expr.Parameter" value="false">
                                                                            </property>
                                                                            <property name="repeatCount" class="ptolemy.data.expr.Parameter" value="1">
                                                                            </property>
                                                                            <property name="GTDirector" class="ptolemy.actor.gt.TransformationRule$TransformationDirector">
                                                                                <property name="timeResolution" class="ptolemy.actor.parameters.SharedParameter" value="1E-10">
                                                                                </property>
                                                                            </property>
                                                                            <entity name="Pattern" class="ptolemy.actor.gt.Pattern">
                                                                                <entity name="A" class="ptolemy.actor.gt.AtomicActorMatcher">
                                                                                    <property name="criteria" class="ptolemy.actor.gt.GTIngredientsAttribute" value="(ptolemy.actor.gt.ingredients.criteria.NameCriterion/false/&quot;_(A|B)[0-9]+_&quot;)">
                                                                                    </property>
                                                                                    <property name="_location" class="ptolemy.kernel.util.Location" value="{195, 80}">
                                                                                    </property>
                                                                                    <property name="_iconDescription" class="ptolemy.kernel.util.SingletonConfigurableAttribute">
                                                                                        <configure><svg><rect x="0" y="0" width="60" height="40"  style="fill:#C0C0C0"/><rect x="5" y="17" width="16" height="10"  style="fill:#FFFFFF; stroke:#B00000"/><rect x="39" y="25" width="16" height="10"  style="fill:#FFFFFF; stroke:#B00000"/><line x1="25" y1="22" x2="30" y2="22"  style="stroke:#404040"/><line x1="30" y1="22" x2="30" y2="30"  style="stroke:#404040"/><line x1="30" y1="30" x2="35" y2="30"  style="stroke:#404040"/><text x="17" y="13"  style="font-size:12; fill:#E00000; font-family:SansSerif">  match</text></svg></configure>
                                                                                    </property>
                                                                                </entity>
                                                                            </entity>
                                                                        </entity>
                                                                    </configure>
                                                                </entity>
                                                                <entity name="Report" class="ptolemy.domains.ptera.lib.Report">
                                                                    <property name="message" class="ptolemy.data.expr.StringParameter" value="Your model contains entities with name collisions. Automatic renaming can be performed. Continue?">
                                                                    </property>
                                                                    <property name="mode" class="ptolemy.data.expr.ChoiceParameter" value="yes or no">
                                                                    </property>
                                                                    <property name="_location" class="ptolemy.kernel.util.Location" value="[120.0, 195.0]">
                                                                    </property>
                                                                    <property name="_hideName" class="ptolemy.data.expr.SingletonParameter" value="true">
                                                                    </property>
                                                                </entity>
                                                                <entity name="Transform" class="ptolemy.actor.gt.controller.Transform">
                                                                    <property name="_location" class="ptolemy.kernel.util.Location" value="[120.0, 290.0]">
                                                                    </property>
                                                                    <property name="_hideName" class="ptolemy.data.expr.SingletonParameter" value="true">
                                                                    </property>
                                                                    <configure>
                                                                        <entity name="Transformation" class="ptolemy.actor.gt.TransformationRule">
                                                                            <property name="mode" class="ptolemy.actor.gt.TransformationMode" value="replace first">
                                                                            </property>
                                                                            <property name="repeatUntilFixpoint" class="ptolemy.data.expr.Parameter" value="false">
                                                                            </property>
                                                                            <property name="repeatCount" class="ptolemy.data.expr.Parameter" value="1">
                                                                            </property>
                                                                            <property name="GTDirector" class="ptolemy.actor.gt.TransformationRule$TransformationDirector">
                                                                                <property name="timeResolution" class="ptolemy.actor.parameters.SharedParameter" value="1.0E-10">
                                                                                </property>
                                                                            </property>
                                                                            <entity name="Pattern" class="ptolemy.actor.gt.Pattern">
                                                                                <entity name="A" class="ptolemy.actor.gt.AtomicActorMatcher">
                                                                                    <property name="criteria" class="ptolemy.actor.gt.GTIngredientsAttribute" value="(ptolemy.actor.gt.ingredients.criteria.NameCriterion/false/&quot;_(A|B)[0-9]+_&quot;)">
                                                                                    </property>
                                                                                    <property name="_location" class="ptolemy.kernel.util.Location" value="{210, 140}">
                                                                                    </property>
                                                                                    <property name="_iconDescription" class="ptolemy.kernel.util.SingletonConfigurableAttribute">
                                                                                        <configure><svg><rect x="0" y="0" width="60" height="40"  style="fill:#C0C0C0"/><rect x="5" y="17" width="16" height="10"  style="fill:#FFFFFF; stroke:#B00000"/><rect x="39" y="25" width="16" height="10"  style="fill:#FFFFFF; stroke:#B00000"/><line x1="25" y1="22" x2="30" y2="22"  style="stroke:#404040"/><line x1="30" y1="22" x2="30" y2="30"  style="stroke:#404040"/><line x1="30" y1="30" x2="35" y2="30"  style="stroke:#404040"/><text x="17" y="13"  style="font-size:12; fill:#E00000; font-family:SansSerif">  match</text></svg></configure>
                                                                                    </property>
                                                                                </entity>
                                                                            </entity>
                                                                            <entity name="Replacement" class="ptolemy.actor.gt.Replacement">
                                                                                <entity name="A" class="ptolemy.actor.gt.AtomicActorMatcher">
                                                                                    <property name="operations" class="ptolemy.actor.gt.GTIngredientsAttribute" value="(ptolemy.actor.gt.ingredients.operations.RenameOperation/false/&quot;_$(A.getName())_&quot;)">
                                                                                    </property>
                                                                                    <property name="patternObject" class="ptolemy.actor.gt.PatternObjectAttribute" value="A">
                                                                                    </property>
                                                                                    <property name="_location" class="ptolemy.kernel.util.Location" value="{210, 140}">
                                                                                    </property>
                                                                                    <property name="_iconDescription" class="ptolemy.kernel.util.SingletonConfigurableAttribute">
                                                                                        <configure><svg><rect x="0" y="0" width="60" height="40"  style="fill:#C0C0C0"/><rect x="5" y="17" width="16" height="10"  style="fill:#FFFFFF; stroke:#B00000"/><rect x="39" y="25" width="16" height="10"  style="fill:#FFFFFF; stroke:#B00000"/><line x1="25" y1="22" x2="30" y2="22"  style="stroke:#404040"/><line x1="30" y1="22" x2="30" y2="30"  style="stroke:#404040"/><line x1="30" y1="30" x2="35" y2="30"  style="stroke:#404040"/><text x="17" y="13"  style="font-size:12; fill:#E00000; font-family:SansSerif">  match</text></svg></configure>
                                                                                    </property>
                                                                                </entity>
                                                                            </entity>
                                                                        </entity>
                                                                    </configure>
                                                                </entity>
                                                                <entity name="Exception" class="ptolemy.domains.ptera.lib.Report">
                                                                    <property name="message" class="ptolemy.data.expr.StringParameter" value="User operation cancelled.">
                                                                    </property>
                                                                    <property name="mode" class="ptolemy.data.expr.ChoiceParameter" value="runtime exception">
                                                                    </property>
                                                                    <property name="_location" class="ptolemy.kernel.util.Location" value="[240.0, 195.0]">
                                                                    </property>
                                                                    <property name="_hideName" class="ptolemy.data.expr.SingletonParameter" value="true">
                                                                    </property>
                                                                </entity>
                                                                <relation name="relation" class="ptolemy.domains.ptera.kernel.SchedulingRelation">
                                                                    <property name="annotation" class="ptolemy.data.expr.StringParameter" value="">
                                                                    </property>
                                                                    <property name="exitAngle" class="ptolemy.data.expr.Parameter" value="0.6283185307179586">
                                                                    </property>
                                                                    <property name="gamma" class="ptolemy.data.expr.Parameter" value="1.6976782830365942">
                                                                    </property>
                                                                    <property name="defaultTransition" class="ptolemy.data.expr.Parameter" value="false">
                                                                        <display name="default"/>
                                                                    </property>
                                                                    <property name="nondeterministic" class="ptolemy.data.expr.Parameter" value="false">
                                                                    </property>
                                                                    <property name="preemptive" class="ptolemy.data.expr.Parameter" value="false">
                                                                    </property>
                                                                    <property name="delay" class="ptolemy.domains.ptera.kernel.SchedulingRelation$1" value="0.0">
                                                                    </property>
                                                                    <property name="arguments" class="ptolemy.kernel.util.StringAttribute" value="{}">
                                                                    </property>
                                                                    <property name="canceling" class="ptolemy.data.expr.Parameter" value="false">
                                                                    </property>
                                                                    <property name="priority" class="ptolemy.actor.parameters.Priority" value="0">
                                                                    </property>
                                                                    <property name="triggers" class="ptolemy.data.expr.StringParameter" value="">
                                                                    </property>
                                                                    <property name="reset" class="ptolemy.data.expr.Parameter" value="false">
                                                                        <display name="initialize"/>
                                                                    </property>
                                                                </relation>
                                                                <relation name="relation_1_2" class="ptolemy.domains.ptera.kernel.SchedulingRelation">
                                                                    <property name="annotation" class="ptolemy.data.expr.StringParameter" value="">
                                                                    </property>
                                                                    <property name="guardExpression" class="ptolemy.kernel.util.StringAttribute" value="matched">
                                                                        <display name="condition"/>
                                                                    </property>
                                                                    <property name="exitAngle" class="ptolemy.data.expr.Parameter" value="0.6283185307179586">
                                                                    </property>
                                                                    <property name="gamma" class="ptolemy.data.expr.Parameter" value="1.7252882586172558">
                                                                    </property>
                                                                    <property name="defaultTransition" class="ptolemy.data.expr.Parameter" value="false">
                                                                        <display name="default"/>
                                                                    </property>
                                                                    <property name="nondeterministic" class="ptolemy.data.expr.Parameter" value="false">
                                                                    </property>
                                                                    <property name="preemptive" class="ptolemy.data.expr.Parameter" value="false">
                                                                    </property>
                                                                    <property name="delay" class="ptolemy.domains.ptera.kernel.SchedulingRelation$1" value="0.0">
                                                                    </property>
                                                                    <property name="arguments" class="ptolemy.kernel.util.StringAttribute" value="{}">
                                                                    </property>
                                                                    <property name="canceling" class="ptolemy.data.expr.Parameter" value="false">
                                                                    </property>
                                                                    <property name="priority" class="ptolemy.actor.parameters.Priority" value="0">
                                                                    </property>
                                                                    <property name="triggers" class="ptolemy.data.expr.StringParameter" value="">
                                                                    </property>
                                                                    <property name="reset" class="ptolemy.data.expr.Parameter" value="false">
                                                                        <display name="initialize"/>
                                                                    </property>
                                                                </relation>
                                                                <relation name="relation_1_3" class="ptolemy.domains.ptera.kernel.SchedulingRelation">
                                                                    <property name="annotation" class="ptolemy.data.expr.StringParameter" value="">
                                                                    </property>
                                                                    <property name="guardExpression" class="ptolemy.kernel.util.StringAttribute" value="response">
                                                                        <display name="condition"/>
                                                                    </property>
                                                                    <property name="exitAngle" class="ptolemy.data.expr.Parameter" value="0.6096594365021583">
                                                                    </property>
                                                                    <property name="gamma" class="ptolemy.data.expr.Parameter" value="1.6758540925766647">
                                                                    </property>
                                                                    <property name="defaultTransition" class="ptolemy.data.expr.Parameter" value="false">
                                                                        <display name="default"/>
                                                                    </property>
                                                                    <property name="nondeterministic" class="ptolemy.data.expr.Parameter" value="false">
                                                                    </property>
                                                                    <property name="preemptive" class="ptolemy.data.expr.Parameter" value="false">
                                                                    </property>
                                                                    <property name="delay" class="ptolemy.domains.ptera.kernel.SchedulingRelation$1" value="0.0">
                                                                    </property>
                                                                    <property name="arguments" class="ptolemy.kernel.util.StringAttribute" value="{}">
                                                                    </property>
                                                                    <property name="canceling" class="ptolemy.data.expr.Parameter" value="false">
                                                                    </property>
                                                                    <property name="priority" class="ptolemy.actor.parameters.Priority" value="0">
                                                                    </property>
                                                                    <property name="triggers" class="ptolemy.data.expr.StringParameter" value="">
                                                                    </property>
                                                                    <property name="reset" class="ptolemy.data.expr.Parameter" value="false">
                                                                        <display name="initialize"/>
                                                                    </property>
                                                                </relation>
                                                                <relation name="relation_1_4" class="ptolemy.domains.ptera.kernel.SchedulingRelation">
                                                                    <property name="annotation" class="ptolemy.data.expr.StringParameter" value="">
                                                                    </property>
                                                                    <property name="guardExpression" class="ptolemy.kernel.util.StringAttribute" value="matched">
                                                                        <display name="condition"/>
                                                                    </property>
                                                                    <property name="exitAngle" class="ptolemy.data.expr.Parameter" value="2.4360514983322235">
                                                                    </property>
                                                                    <property name="gamma" class="ptolemy.data.expr.Parameter" value="0.07284049670960514">
                                                                    </property>
                                                                    <property name="defaultTransition" class="ptolemy.data.expr.Parameter" value="false">
                                                                        <display name="default"/>
                                                                    </property>
                                                                    <property name="nondeterministic" class="ptolemy.data.expr.Parameter" value="false">
                                                                    </property>
                                                                    <property name="preemptive" class="ptolemy.data.expr.Parameter" value="false">
                                                                    </property>
                                                                    <property name="delay" class="ptolemy.domains.ptera.kernel.SchedulingRelation$1" value="0.0">
                                                                    </property>
                                                                    <property name="arguments" class="ptolemy.kernel.util.StringAttribute" value="{}">
                                                                    </property>
                                                                    <property name="canceling" class="ptolemy.data.expr.Parameter" value="false">
                                                                    </property>
                                                                    <property name="priority" class="ptolemy.actor.parameters.Priority" value="0">
                                                                    </property>
                                                                    <property name="triggers" class="ptolemy.data.expr.StringParameter" value="">
                                                                    </property>
                                                                    <property name="reset" class="ptolemy.data.expr.Parameter" value="false">
                                                                        <display name="initialize"/>
                                                                    </property>
                                                                </relation>
                                                                <relation name="relation_1_5" class="ptolemy.domains.ptera.kernel.SchedulingRelation">
                                                                    <property name="annotation" class="ptolemy.data.expr.StringParameter" value="">
                                                                    </property>
                                                                    <property name="guardExpression" class="ptolemy.kernel.util.StringAttribute" value="!response">
                                                                        <display name="condition"/>
                                                                    </property>
                                                                    <property name="exitAngle" class="ptolemy.data.expr.Parameter" value="0.6283185307179586">
                                                                    </property>
                                                                    <property name="gamma" class="ptolemy.data.expr.Parameter" value="0.08501772930757115">
                                                                    </property>
                                                                    <property name="defaultTransition" class="ptolemy.data.expr.Parameter" value="false">
                                                                        <display name="default"/>
                                                                    </property>
                                                                    <property name="nondeterministic" class="ptolemy.data.expr.Parameter" value="false">
                                                                    </property>
                                                                    <property name="preemptive" class="ptolemy.data.expr.Parameter" value="false">
                                                                    </property>
                                                                    <property name="delay" class="ptolemy.domains.ptera.kernel.SchedulingRelation$1" value="0.0">
                                                                    </property>
                                                                    <property name="arguments" class="ptolemy.kernel.util.StringAttribute" value="{}">
                                                                    </property>
                                                                    <property name="canceling" class="ptolemy.data.expr.Parameter" value="false">
                                                                    </property>
                                                                    <property name="priority" class="ptolemy.actor.parameters.Priority" value="0">
                                                                    </property>
                                                                    <property name="triggers" class="ptolemy.data.expr.StringParameter" value="">
                                                                    </property>
                                                                    <property name="reset" class="ptolemy.data.expr.Parameter" value="false">
                                                                        <display name="initialize"/>
                                                                    </property>
                                                                </relation>
                                                                <link port="InitModelWithContainer.outgoingPort" relation="relation"/>
                                                                <link port="Match.incomingPort" relation="relation"/>
                                                                <link port="Match.outgoingPort" relation="relation_1_2"/>
                                                                <link port="Report.incomingPort" relation="relation_1_2"/>
                                                                <link port="Report.outgoingPort" relation="relation_1_3"/>
                                                                <link port="Report.outgoingPort" relation="relation_1_5"/>
                                                                <link port="Transform.incomingPort" relation="relation_1_3"/>
                                                                <link port="Transform.incomingPort" relation="relation_1_4"/>
                                                                <link port="Transform.outgoingPort" relation="relation_1_4"/>
                                                                <link port="Exception.incomingPort" relation="relation_1_5"/>
                                                            </entity>
                                                        </entity>
                                                    </configure>
                                                </property>
                                                <property name="Annotation" class="ptolemy.vergil.kernel.attributes.TextAttribute">
                                                    <property name="text" class="ptolemy.kernel.util.StringAttribute" value="Synchronize the communication between&#10;left-hand-side actors and right-hand-side&#10;actors in the Rendezvous (CSP) model of&#10;computation.">
                                                    </property>
                                                    <property name="_location" class="ptolemy.kernel.util.Location" value="[285.0, 25.0]">
                                                    </property>
                                                </property>
                                                <entity name="Barrier" class="ptolemy.domains.rendezvous.lib.Barrier">
                                                    <property name="_location" class="ptolemy.kernel.util.Location" value="[215.0, 65.0]">
                                                    </property>
                                                </entity>
                                                <entity name="_A1_" class="ptolemy.actor.TypedCompositeActor">
                                                    <property name="_location" class="ptolemy.kernel.util.Location" value="[80.0, 125.0]">
                                                    </property>
                                                    <property name="_icon" class="ptolemy.vergil.icon.EditorIcon">
                                                        <property name="ellipse" class="ptolemy.vergil.kernel.attributes.EllipseAttribute">
                                                            <property name="_location" class="ptolemy.kernel.util.Location" value="[0.0, 0.0]">
                                                            </property>
                                                            <property name="width" class="ptolemy.data.expr.Parameter" value="20">
                                                            </property>
                                                            <property name="height" class="ptolemy.data.expr.Parameter" value="20">
                                                            </property>
                                                            <property name="centered" class="ptolemy.data.expr.Parameter" value="true">
                                                            </property>
                                                            <property name="fillColor" class="ptolemy.actor.gui.ColorAttribute" value="{1.0, 1.0, 1.0, 1.0}">
                                                            </property>
                                                        </property>
                                                    </property>
                                                    <property name="_hideName" class="ptolemy.data.expr.SingletonParameter" value="true">
                                                    </property>
                                                    <property name="patternObject" class="ptolemy.actor.gt.PatternObjectAttribute" value="A">
                                                    </property>
                                                    <port name="input" class="ptolemy.actor.TypedIOPort">
                                                        <property name="input"/>
                                                        <property name="_location" class="ptolemy.kernel.util.Location" value="{20.0, 200.0}">
                                                        </property>
                                                        <property name="patternObject" class="ptolemy.actor.gt.PatternObjectAttribute" value="A.input">
                                                        </property>
                                                    </port>
                                                    <port name="output" class="ptolemy.actor.TypedIOPort">
                                                        <property name="output"/>
                                                        <property name="_location" class="ptolemy.kernel.util.Location" value="[570.0, 200.0]">
                                                        </property>
                                                        <property name="patternObject" class="ptolemy.actor.gt.PatternObjectAttribute" value="A.output">
                                                        </property>
                                                    </port>
                                                    <relation name="relation" class="ptolemy.actor.TypedIORelation">
                                                        <property name="width" class="ptolemy.data.expr.Parameter" value="1">
                                                        </property>
                                                    </relation>
                                                    <link port="input" relation="relation"/>
                                                    <link port="output" relation="relation"/>
                                                </entity>
                                                <entity name="_B1_" class="ptolemy.actor.TypedCompositeActor">
                                                    <property name="_location" class="ptolemy.kernel.util.Location" value="[285.0, 125.0]">
                                                    </property>
                                                    <property name="_icon" class="ptolemy.vergil.icon.EditorIcon">
                                                        <property name="ellipse" class="ptolemy.vergil.kernel.attributes.EllipseAttribute">
                                                            <property name="_location" class="ptolemy.kernel.util.Location" value="[0.0, 0.0]">
                                                            </property>
                                                            <property name="width" class="ptolemy.data.expr.Parameter" value="20">
                                                            </property>
                                                            <property name="height" class="ptolemy.data.expr.Parameter" value="20">
                                                            </property>
                                                            <property name="centered" class="ptolemy.data.expr.Parameter" value="true">
                                                            </property>
                                                            <property name="fillColor" class="ptolemy.actor.gui.ColorAttribute" value="{1.0, 1.0, 1.0, 1.0}">
                                                            </property>
                                                        </property>
                                                    </property>
                                                    <property name="_hideName" class="ptolemy.data.expr.SingletonParameter" value="true">
                                                    </property>
                                                    <property name="patternObject" class="ptolemy.actor.gt.PatternObjectAttribute" value="B">
                                                    </property>
                                                    <port name="input" class="ptolemy.actor.TypedIOPort">
                                                        <property name="input"/>
                                                        <property name="_location" class="ptolemy.kernel.util.Location" value="{20.0, 200.0}">
                                                        </property>
                                                        <property name="patternObject" class="ptolemy.actor.gt.PatternObjectAttribute" value="B.input">
                                                        </property>
                                                    </port>
                                                    <port name="output" class="ptolemy.actor.TypedIOPort">
                                                        <property name="output"/>
                                                        <property name="_location" class="ptolemy.kernel.util.Location" value="[570.0, 200.0]">
                                                        </property>
                                                        <property name="patternObject" class="ptolemy.actor.gt.PatternObjectAttribute" value="B.output">
                                                        </property>
                                                    </port>
                                                    <relation name="relation" class="ptolemy.actor.TypedIORelation">
                                                        <property name="width" class="ptolemy.data.expr.Parameter" value="1">
                                                        </property>
                                                    </relation>
                                                    <link port="input" relation="relation"/>
                                                    <link port="output" relation="relation"/>
                                                </entity>
                                                <relation name="relation2" class="ptolemy.actor.TypedIORelation">
                                                    <property name="width" class="ptolemy.data.expr.Parameter" value="1">
                                                    </property>
                                                    <vertex name="vertex1" value="[140.0, 125.0]">
                                                    </vertex>
                                                    <property name="patternObject" class="ptolemy.actor.gt.PatternObjectAttribute" value="relation">
                                                    </property>
                                                </relation>
                                                <link port="Barrier.input" relation="relation2"/>
                                                <link port="_A1_.output" relation="relation2"/>
                                                <link port="_B1_.input" relation="relation2"/>
                                            </entity>
                                        </group>
                                    </configure>
                                </entity>
                            </group>
                        </configure>
                    </entity>
                    <entity name="Esoteric" class="ptolemy.moml.EntityLibrary">
                        <configure>
                            <group>
                                <entity name="Exec" class="ptolemy.actor.lib.Exec">
                                </entity>
                                <entity name="CalInterpreter" class="ptolemy.caltrop.actors.CalInterpreter">
                                    <property name="_editorFactory" class="ptolemy.vergil.toolbox.TextEditorTableauFactory">
                                        <property name="attributeName" class="ptolemy.kernel.util.StringAttribute" value="calCode">
                                        </property>
                                    </property>
                                </entity>
                                <entity name="OrderedMerge" class="ptolemy.actor.lib.OrderedMerge">
                                </entity>
                                <entity name="RemoveNilTokens" class="ptolemy.actor.lib.RemoveNilTokens">
                                </entity>
                            </group>
                        </configure>
                    </entity>
                    <entity name="ExperimentalDomains" class="ptolemy.moml.EntityLibrary">
                        <configure>
                            <group>
                                <doc>Experimental Domains</doc>
                                <entity name="CellularAutomata" class="ptolemy.moml.EntityLibrary">
                                    <configure>
                                        <group>
                                            <doc>cellular automata actors</doc>
                                            <property name="CA Director" class="ptolemy.domains.ca.kernel.CADirector">
                                            </property>
                                            <entity name="2D Convolution" class="ptolemy.domains.ca.lib.CA2DConvolution">
                                            </entity>
                                            <entity name="CA Viewer" class="ptolemy.domains.ca.lib.gui.CAViewer">
                                                <property name="_windowProperties" class="ptolemy.actor.gui.WindowPropertiesAttribute">
                                                </property>
                                                <property name="_paneSize" class="ptolemy.actor.gui.SizeAttribute">
                                                </property>
                                            </entity>
                                        </group>
                                    </configure>
                                </entity>
                                <entity name="DDE" class="ptolemy.moml.EntityLibrary">
                                    <configure>
                                        <group>
                                            <doc>Distributed Discrete Event Domain</doc>
                                            <property name="DDE Director" class="ptolemy.domains.dde.kernel.DDEDirector">
                                            </property>
                                            <entity name="dde" class="ptolemy.moml.EntityLibrary">
                                                <configure>
                                                    <group>
                                                        <doc>Distributed Discrete Event actors</doc>
                                                        <entity name="DDESink" class="ptolemy.domains.dde.lib.DDESink">
                                                        </entity>
                                                        <entity name="DoubleFork" class="ptolemy.domains.dde.lib.DoubleFork">
                                                        </entity>
                                                        <entity name="Wire" class="ptolemy.domains.dde.lib.Wire">
                                                        </entity>
                                                    </group>
                                                </configure>
                                            </entity>
                                        </group>
                                    </configure>
                                </entity>
                                <entity name="Giotto" class="ptolemy.moml.EntityLibrary">
                                    <configure>
                                        <group>
                                            <doc>Giotto Domain</doc>
                                            <property name="CodeGenerator" class="ptolemy.domains.giotto.kernel.GiottoCodeGenerator">
                                            </property>
                                        </group>
                                    </configure>
                                </entity>
                                <entity name="PetriNet" class="ptolemy.moml.EntityLibrary">
                                    <configure>
                                        <group>
                                            <doc>Petri net actors</doc>
                                            <entity name="Place" class="ptolemy.domains.petrinet.kernel.Place">
                                            </entity>
                                            <entity name="PetriNetActor" class="ptolemy.domains.petrinet.kernel.PetriNetActor">
                                            </entity>
                                        </group>
                                    </configure>
                                </entity>
                                <entity name="PSDF" class="ptolemy.moml.EntityLibrary">
                                    <configure>
                                        <group>
                                            <doc>PSDF Domain</doc>
                                            <property name="PSDF Director" class="ptolemy.domains.psdf.kernel.PSDFDirector">
                                            </property>
                                        </group>
                                    </configure>
                                </entity>
                                <entity name="Pthales" class="ptolemy.moml.EntityLibrary">
                                    <configure>
                                        <group>
                                            <doc>PThales actors</doc>
                                            <entity name="PthalesGenericActor" class="ptolemy.domains.pthales.lib.PthalesGenericActor">
                                            </entity>
                                            <entity name="PthalesCompositeActor" class="ptolemy.domains.pthales.lib.PthalesCompositeActor">
                                            </entity>
                                            <entity name="PthalesAddHeaderActor" class="ptolemy.domains.pthales.lib.PthalesAddHeaderActor">
                                            </entity>
                                            <entity name="PthalesRemoveHeaderActor" class="ptolemy.domains.pthales.lib.PthalesRemoveHeaderActor">
                                            </entity>
                                        </group>
                                    </configure>
                                </entity>
                                <entity name="Ptides" class="ptolemy.moml.EntityLibrary">
                                    <configure>
                                        <group>
                                            <doc>Ptides actors</doc>
                                            <entity name="PtidesPlatform" class="ptolemy.domains.ptides.kernel.PtidesPlatform">
                                                <property name="_configurer" class="ptolemy.actor.gui.InsideEntityEditorPaneFactory">
                                                </property>
                                                <property name="_tableauFactory" class="ptolemy.actor.gui.LevelSkippingTableauFactory">
                                                </property>
                                                <property name="_location" class="ptolemy.kernel.util.Location" value="[230.0, 365.0]">
                                                </property>
                                                <property name="_icon" class="ptolemy.vergil.icon.EditorIcon">
                                                    <property name="_windowProperties" class="ptolemy.actor.gui.WindowPropertiesAttribute" value="{bounds={195, 129, 934, 634}, maximized=false}">
                                                    </property>
                                                    <property name="_vergilSize" class="ptolemy.actor.gui.SizeAttribute" value="[700, 524]">
                                                    </property>
                                                    <property name="_vergilZoomFactor" class="ptolemy.data.expr.ExpertParameter" value="4.0">
                                                    </property>
                                                    <property name="_vergilCenter" class="ptolemy.data.expr.ExpertParameter" value="{0.0, 0.0}">
                                                    </property>
                                                    <property name="rectangle" class="ptolemy.vergil.kernel.attributes.RectangleAttribute">
                                                        <property name="_location" class="ptolemy.kernel.util.Location" value="{10.0, 6.0}">
                                                        </property>
                                                        <property name="width" class="ptolemy.data.expr.Parameter" value="60">
                                                        </property>
                                                        <property name="height" class="ptolemy.data.expr.Parameter" value="40">
                                                        </property>
                                                        <property name="centered" class="ptolemy.data.expr.Parameter" value="true">
                                                        </property>
                                                        <property name="fillColor" class="ptolemy.actor.gui.ColorAttribute" value="{1.0,0.0,0.0,1.0}">
                                                        </property>
                                                        <property name="_renderFirst" class="ptolemy.kernel.util.SingletonAttribute">
                                                        </property>
                                                    </property>
                                                    <property name="rectangle2" class="ptolemy.vergil.kernel.attributes.RectangleAttribute">
                                                        <property name="_location" class="ptolemy.kernel.util.Location" value="{10.0, 6.0}">
                                                        </property>
                                                        <property name="width" class="ptolemy.data.expr.Parameter" value="56.0">
                                                        </property>
                                                        <property name="height" class="ptolemy.data.expr.Parameter" value="36.0">
                                                        </property>
                                                        <property name="centered" class="ptolemy.data.expr.Parameter" value="true">
                                                        </property>
                                                        <property name="fillColor" class="ptolemy.actor.gui.ColorAttribute" value="{0.8,0.8,0.8,1.0}">
                                                        </property>
                                                    </property>
                                                    <property name="rectangle3" class="ptolemy.vergil.kernel.attributes.RectangleAttribute">
                                                        <property name="_location" class="ptolemy.kernel.util.Location" value="{1.0, 4.0}">
                                                        </property>
                                                        <property name="width" class="ptolemy.data.expr.Parameter" value="10.0">
                                                        </property>
                                                        <property name="height" class="ptolemy.data.expr.Parameter" value="8.0">
                                                        </property>
                                                        <property name="centered" class="ptolemy.data.expr.Parameter" value="true">
                                                        </property>
                                                        <property name="fillColor" class="ptolemy.actor.gui.ColorAttribute" value="{1.0, 1.0, 1.0, 1.0}">
                                                        </property>
                                                        <property name="_renderLast" class="ptolemy.kernel.util.SingletonAttribute">
                                                        </property>
                                                    </property>
                                                    <property name="rectangle4" class="ptolemy.vergil.kernel.attributes.RectangleAttribute">
                                                        <property name="_location" class="ptolemy.kernel.util.Location" value="{1.0, 17.0}">
                                                        </property>
                                                        <property name="width" class="ptolemy.data.expr.Parameter" value="10.0">
                                                        </property>
                                                        <property name="height" class="ptolemy.data.expr.Parameter" value="8.0">
                                                        </property>
                                                        <property name="centered" class="ptolemy.data.expr.Parameter" value="true">
                                                        </property>
                                                        <property name="fillColor" class="ptolemy.actor.gui.ColorAttribute" value="{1.0, 1.0, 1.0, 1.0}">
                                                        </property>
                                                        <property name="_renderLast" class="ptolemy.kernel.util.SingletonAttribute">
                                                        </property>
                                                    </property>
                                                    <property name="rectangle5" class="ptolemy.vergil.kernel.attributes.RectangleAttribute">
                                                        <property name="_location" class="ptolemy.kernel.util.Location" value="{24.0, 12.0}">
                                                        </property>
                                                        <property name="width" class="ptolemy.data.expr.Parameter" value="10.0">
                                                        </property>
                                                        <property name="height" class="ptolemy.data.expr.Parameter" value="8.0">
                                                        </property>
                                                        <property name="centered" class="ptolemy.data.expr.Parameter" value="true">
                                                        </property>
                                                        <property name="fillColor" class="ptolemy.actor.gui.ColorAttribute" value="{1.0, 1.0, 1.0, 1.0}">
                                                        </property>
                                                        <property name="_renderLast" class="ptolemy.kernel.util.SingletonAttribute">
                                                        </property>
                                                    </property>
                                                    <property name="line" class="ptolemy.vergil.kernel.attributes.LineAttribute">
                                                        <property name="_location" class="ptolemy.kernel.util.Location" value="{13.0, 11.0}">
                                                        </property>
                                                        <property name="x" class="ptolemy.data.expr.Parameter" value="5.0">
                                                        </property>
                                                        <property name="y" class="ptolemy.data.expr.Parameter" value="0.0">
                                                        </property>
                                                    </property>
                                                    <property name="line2" class="ptolemy.vergil.kernel.attributes.LineAttribute">
                                                        <property name="_location" class="ptolemy.kernel.util.Location" value="{7.0, 4.0}">
                                                        </property>
                                                        <property name="x" class="ptolemy.data.expr.Parameter" value="5.0">
                                                        </property>
                                                        <property name="y" class="ptolemy.data.expr.Parameter" value="0.0">
                                                        </property>
                                                    </property>
                                                    <property name="line3" class="ptolemy.vergil.kernel.attributes.LineAttribute">
                                                        <property name="_location" class="ptolemy.kernel.util.Location" value="{7.0, 17.0}">
                                                        </property>
                                                        <property name="x" class="ptolemy.data.expr.Parameter" value="5.0">
                                                        </property>
                                                        <property name="y" class="ptolemy.data.expr.Parameter" value="0.0">
                                                        </property>
                                                    </property>
                                                    <property name="line4" class="ptolemy.vergil.kernel.attributes.LineAttribute">
                                                        <property name="_location" class="ptolemy.kernel.util.Location" value="{13.0, 4.0}">
                                                        </property>
                                                        <property name="x" class="ptolemy.data.expr.Parameter" value="0.0">
                                                        </property>
                                                        <property name="y" class="ptolemy.data.expr.Parameter" value="13.0">
                                                        </property>
                                                    </property>
                                                    <property name="line5" class="ptolemy.vergil.kernel.attributes.LineAttribute">
                                                        <property name="_location" class="ptolemy.kernel.util.Location" value="{30.0, 11.0}">
                                                        </property>
                                                        <property name="x" class="ptolemy.data.expr.Parameter" value="5.0">
                                                        </property>
                                                        <property name="y" class="ptolemy.data.expr.Parameter" value="0.0">
                                                        </property>
                                                    </property>
                                                    <property name="rectangle6" class="ptolemy.vergil.kernel.attributes.RectangleAttribute">
                                                        <property name="_location" class="ptolemy.kernel.util.Location" value="{-16.0, 4.0}">
                                                        </property>
                                                        <property name="width" class="ptolemy.data.expr.Parameter" value="4.0">
                                                        </property>
                                                        <property name="height" class="ptolemy.data.expr.Parameter" value="4.0">
                                                        </property>
                                                        <property name="centered" class="ptolemy.data.expr.Parameter" value="true">
                                                        </property>
                                                        <property name="fillColor" class="ptolemy.actor.gui.ColorAttribute" value="{0.0,0.0,0.0,1.0}">
                                                        </property>
                                                        <property name="_renderLast" class="ptolemy.kernel.util.SingletonAttribute">
                                                        </property>
                                                    </property>
                                                    <property name="line6" class="ptolemy.vergil.kernel.attributes.LineAttribute">
                                                        <property name="_location" class="ptolemy.kernel.util.Location" value="{-14.0, 4.0}">
                                                        </property>
                                                        <property name="x" class="ptolemy.data.expr.Parameter" value="10.0">
                                                        </property>
                                                        <property name="y" class="ptolemy.data.expr.Parameter" value="0.0">
                                                        </property>
                                                    </property>
                                                    <property name="rectangle7" class="ptolemy.vergil.kernel.attributes.RectangleAttribute">
                                                        <property name="_location" class="ptolemy.kernel.util.Location" value="{36.0, 11.0}">
                                                        </property>
                                                        <property name="width" class="ptolemy.data.expr.Parameter" value="4.0">
                                                        </property>
                                                        <property name="height" class="ptolemy.data.expr.Parameter" value="4.0">
                                                        </property>
                                                        <property name="centered" class="ptolemy.data.expr.Parameter" value="true">
                                                        </property>
                                                        <property name="fillColor" class="ptolemy.actor.gui.ColorAttribute" value="{0.0,0.0,0.0,1.0}">
                                                        </property>
                                                        <property name="_renderLast" class="ptolemy.kernel.util.SingletonAttribute">
                                                        </property>
                                                    </property>
                                                    <property name="ellipse" class="ptolemy.vergil.kernel.attributes.EllipseAttribute">
                                                        <property name="_location" class="ptolemy.kernel.util.Location" value="{29.0, -3.0}">
                                                        </property>
                                                        <property name="lineColor" class="ptolemy.actor.gui.ColorAttribute" value="{0.0,0.0,0.0,1.0}">
                                                        </property>
                                                        <property name="width" class="ptolemy.data.expr.Parameter" value="13.0">
                                                        </property>
                                                        <property name="height" class="ptolemy.data.expr.Parameter" value="13.0">
                                                        </property>
                                                        <property name="centered" class="ptolemy.data.expr.Parameter" value="true">
                                                        </property>
                                                        <property name="fillColor" class="ptolemy.actor.gui.ColorAttribute" value="{1.0,1.0,0.0,1.0}">
                                                        </property>
                                                    </property>
                                                    <property name="line7" class="ptolemy.vergil.kernel.attributes.LineAttribute">
                                                        <property name="_location" class="ptolemy.kernel.util.Location" value="{26.0, -5.0}">
                                                        </property>
                                                        <property name="x" class="ptolemy.data.expr.Parameter" value="3.0">
                                                        </property>
                                                        <property name="y" class="ptolemy.data.expr.Parameter" value="2.0">
                                                        </property>
                                                    </property>
                                                    <property name="line8" class="ptolemy.vergil.kernel.attributes.LineAttribute">
                                                        <property name="_location" class="ptolemy.kernel.util.Location" value="{29.0, -3.0}">
                                                        </property>
                                                        <property name="x" class="ptolemy.data.expr.Parameter" value="2.0">
                                                        </property>
                                                        <property name="y" class="ptolemy.data.expr.Parameter" value="-2.0">
                                                        </property>
                                                    </property>
                                                </property>
                                                <entity name="PtidesPlatformContents" class="ptolemy.domains.ptides.kernel.PtidesPlatform$PtidesPlatformContents">
                                                    <property name="PtidesDirector" class="ptolemy.domains.ptides.kernel.PtidesDirector">
                                                        <property name="_location" class="ptolemy.kernel.util.Location" value="[95.0, 65.0]">
                                                        </property>
                                                    </property>
                                                    <property name="_windowProperties" class="ptolemy.actor.gui.WindowPropertiesAttribute" value="{bounds={23, 47, 934, 634}, maximized=false}">
                                                    </property>
                                                    <property name="_vergilSize" class="ptolemy.actor.gui.SizeAttribute" value="[700, 524]">
                                                    </property>
                                                    <property name="_vergilZoomFactor" class="ptolemy.data.expr.ExpertParameter" value="1.0">
                                                    </property>
                                                    <property name="_vergilCenter" class="ptolemy.data.expr.ExpertParameter" value="{350.0, 262.0}">
                                                    </property>
                                                </entity>
                                            </entity>
                                        </group>
                                    </configure>
                                </entity>
                                <entity name="TimedMultitasking" class="ptolemy.moml.EntityLibrary">
                                    <configure>
                                        <group>
                                            <doc>TM actors</doc>
                                            <property name="SchedulePlotter" class="ptolemy.domains.tm.kernel.SchedulePlotter">
                                            </property>
                                            <entity name="TMCompositeFacade" class="ptolemy.domains.tm.lib.TMCompositeFacade">
                                            </entity>
                                        </group>
                                    </configure>
                                </entity>
                            </group>
                        </configure>
                    </entity>
                    <entity name="GraphTransformation" class="ptolemy.moml.EntityLibrary">
                        <configure>
                            <group>
                                <property name="TransformationAttribute" class="ptolemy.actor.gt.controller.TransformationAttribute">
                                    <configure>
                                        <entity name="ModelUpdater" class="ptolemy.actor.gt.controller.ModelUpdater">
                                        </entity>
                                    </configure>
                                </property>
                                <entity name="ModelCombine" class="ptolemy.actor.gt.ModelCombine">
                                </entity>
                                <entity name="ModelExecutor" class="ptolemy.actor.gt.ModelExecutor">
                                </entity>
                                <entity name="ModelGenerator" class="ptolemy.actor.gt.ModelGenerator">
                                </entity>
                                <entity name="ModelView" class="ptolemy.actor.gt.ModelView">
                                </entity>
                                <entity name="ModelUpdater" class="ptolemy.actor.gt.controller.ModelUpdater">
                                </entity>
                                <entity name="MoMLGenerator" class="ptolemy.actor.gt.MoMLGenerator">
                                </entity>
                                <entity name="TransformationController" class="ptolemy.actor.gt.controller.TransformationController">
                                </entity>
                                <entity name="TransformationRule" class="ptolemy.actor.gt.TransformationRule">
                                </entity>
                            </group>
                        </configure>
                    </entity>
                    <entity name="Python" class="ptolemy.moml.EntityLibrary">
                        <configure>
                            <group>
                                <doc>Python actors</doc>
                                <entity name="PythonActor" class="ptolemy.actor.lib.python.PythonScript">
                                    <property name="script" class="ptolemy.kernel.util.StringAttribute" value="class Main :&#10;  &quot;scale&quot;&#10;  def fire(self) :&#10;    if not self.input.hasToken(0) :&#10;      return&#10;    s = self.scale.getToken()&#10;    t = self.input.get(0)&#10;    self.output.broadcast(s.multiply(t))&#10;&#10;">
                                        <property name="style" class="ptolemy.actor.gui.style.NoteStyle">
                                            <property name="note" class="ptolemy.kernel.util.StringAttribute" value="NOTE: To see the script, invoke Open Actor">
                                            </property>
                                        </property>
                                    </property>
                                    <property name="_tableauFactory" class="ptolemy.vergil.toolbox.TextEditorTableauFactory">
                                        <property name="attributeName" class="ptolemy.kernel.util.StringAttribute" value="script">
                                        </property>
                                        <property name="syntaxStyle" class="ptolemy.kernel.util.StringAttribute" value="text/python">
                                        </property>
                                    </property>
                                    <port name="input" class="ptolemy.actor.TypedIOPort">
                                        <property name="input"/>
                                    </port>
                                    <port name="output" class="ptolemy.actor.TypedIOPort">
                                        <property name="output"/>
                                    </port>
                                </entity>
                                <entity name="PythonScript" class="ptolemy.actor.lib.python.PythonScript">
                                    <property name="_editorFactory" class="ptolemy.vergil.toolbox.TextEditorConfigureFactory">
                                        <property name="attributeName" class="ptolemy.kernel.util.StringAttribute" value="script">
                                        </property>
                                    </property>
                                </entity>
                            </group>
                        </configure>
                    </entity>
                    <entity name="RegressionTest" class="ptolemy.moml.EntityLibrary">
                        <configure>
                            <group>
                                <property name="TesterDirector" class="ptolemy.domains.tester.kernel.TesterDirector">
                                </property>
                                <property name="TestExceptionAttribute" class="ptolemy.actor.lib.TestExceptionAttribute">
                                </property>
                                <entity name="GetCausalityInterface" class="ptolemy.actor.lib.GetCausalityInterface">
                                </entity>
                                <entity name="CurrentMicrostep" class="ptolemy.actor.lib.CurrentMicrostep">
                                </entity>
                                <entity name="NonStrictTest" class="ptolemy.actor.lib.NonStrictTest">
                                </entity>
                                <entity name="Test" class="ptolemy.actor.lib.Test">
                                </entity>
                                <entity name="TestActorPortDepth" class="ptolemy.domains.de.lib.TestActorPortDepth">
                                </entity>
                                <entity name="TypeTest" class="ptolemy.actor.lib.TypeTest">
                                </entity>
                            </group>
                        </configure>
                    </entity>
                    <entity name="Security" class="ptolemy.moml.EntityLibrary">
                        <configure>
                            <group>
                                <entity name="KeyWriter" class="ptolemy.actor.lib.security.KeyWriter">
                                    <doc>Read a secret key or public key and write it to a key store.&#10;	   </doc>
                                </entity>
                                <entity name="PublicKeyReader" class="ptolemy.actor.lib.security.PublicKeyReader">
                                    <doc>Read a public key from a key store and output it.</doc>
                                </entity>
                                <entity name="PrivateKeyReader" class="ptolemy.actor.lib.security.PrivateKeyReader">
                                    <doc>Read a private key from a key store and output it.</doc>
                                </entity>
                                <entity name="SecretKey" class="ptolemy.actor.lib.security.SecretKey">
                                    <doc>Create a secret key and output it.</doc>
                                </entity>
                                <entity name="SecretKeyReader" class="ptolemy.actor.lib.security.SecretKeyReader">
                                    <doc>Read a secret key from a key store and output it.</doc>
                                </entity>
                                <entity name="SignatureSigner" class="ptolemy.actor.lib.security.SignatureSigner">
                                    <doc>Creates a signature for the given piece of data and&#10;	  creates the key to be sent to the signature verifier.</doc>
                                </entity>
                                <entity name="SignatureVerifier" class="ptolemy.actor.lib.security.SignatureVerifier">
                                    <doc>Receives a key from an AsymmetricDecryption actor and&#10;          uses it to encrypt a data input based on a given asymmetric&#10;          algorithm.</doc>
                                </entity>
                                <entity name="SymmetricDecryption" class="ptolemy.actor.lib.security.SymmetricDecryption">
                                    <doc>Receives a key from a SymmetricEncryption actor and&#10;          uses it to decrypt a data input based on a given symmetric&#10;          algorithm.</doc>
                                </entity>
                                <entity name="SymmetricEncryption" class="ptolemy.actor.lib.security.SymmetricEncryption">
                                    <doc>Creates and sends a key to a SymmetricDecryption and&#10;	  encrypts incoming data based on a given symmetric&#10;	  algorithm.</doc>
                                </entity>
                                <entity name="SymmetricCrypto" class="ptolemy.actor.lib.security.SymmetricCrypto">
                                    <doc>Perform symmetric encryption or decryption using a given key.</doc>
                                </entity>
                            </group>
                        </configure>
                    </entity>
                    <entity name="Wireless" class="ptolemy.moml.EntityLibrary">
                        <configure>
                            <group>
                                <doc>Wireless/Sensor network library</doc>
                                <property name="WirelessDirector" class="ptolemy.domains.wireless.kernel.WirelessDirector">
                                </property>
                                <entity name="WirelessActors" class="ptolemy.moml.EntityLibrary">
                                    <configure>
                                        <group>
                                            <doc>Wireless domain actors</doc>
                                            <entity name="CollisionDetector" class="ptolemy.domains.wireless.lib.CollisionDetector">
                                            </entity>
                                            <entity name="GetProperties" class="ptolemy.domains.wireless.lib.GetProperties">
                                            </entity>
                                            <entity name="GraphicalLocator" class="ptolemy.domains.wireless.lib.GraphicalLocator">
                                            </entity>
                                            <entity name="Locator" class="ptolemy.domains.wireless.lib.Locator">
                                            </entity>
                                            <entity name="NodeRandomizer" class="ptolemy.domains.wireless.lib.NodeRandomizer">
                                            </entity>
                                            <entity name="TerrainProperty" class="ptolemy.domains.wireless.lib.TerrainProperty">
                                                <property name="_icon" class="ptolemy.vergil.icon.EditorIcon">
                                                    <property name="terrain" class="ptolemy.domains.wireless.lib.TerrainProperty$1">
                                                        <property name="width" class="ptolemy.data.expr.Parameter" value="3.0">
                                                        </property>
                                                    </property>
                                                </property>
                                            </entity>
                                            <entity name="LinkVisualizer" class="ptolemy.domains.wireless.lib.LinkVisualizer">
                                            </entity>
                                            <entity name="TransmitPropertyTransformer" class="ptolemy.domains.wireless.lib.TransmitPropertyTransformer">
                                            </entity>
                                            <entity name="Triangulator" class="ptolemy.domains.wireless.lib.Triangulator">
                                            </entity>
                                            <entity name="WirelessComposite" class="ptolemy.domains.wireless.kernel.WirelessComposite">
                                                <property name="DEDirector" class="ptolemy.domains.de.kernel.DEDirector">
                                                    <property name="_location" class="ptolemy.kernel.util.Location" value="[70.0, 35.0]">
                                                    </property>
                                                </property>
                                            </entity>
                                            <entity name="WiredToWireless" class="ptolemy.domains.wireless.lib.WiredToWireless">
                                            </entity>
                                            <entity name="WirelessToWired" class="ptolemy.domains.wireless.lib.WirelessToWired">
                                            </entity>
                                        </group>
                                    </configure>
                                </entity>
                                <entity name="WirelessChannels" class="ptolemy.moml.EntityLibrary">
                                    <configure>
                                        <group>
                                            <doc>Wireless domain channels</doc>
                                            <entity name="AtomicWirelessChannel" class="ptolemy.domains.wireless.kernel.AtomicWirelessChannel">
                                            </entity>
                                            <entity name="DelayChannel" class="ptolemy.domains.wireless.lib.DelayChannel">
                                            </entity>
                                            <entity name="LimitedRangeChannel" class="ptolemy.domains.wireless.lib.LimitedRangeChannel">
                                            </entity>
                                            <entity name="ErasureChannel" class="ptolemy.domains.wireless.lib.ErasureChannel">
                                            </entity>
                                            <entity name="PowerLossChannel" class="ptolemy.domains.wireless.lib.PowerLossChannel">
                                            </entity>
                                        </group>
                                    </configure>
                                </entity>
                            </group>
                        </configure>
                    </entity>
                    <entity name="XML" class="ptolemy.moml.EntityLibrary">
                        <configure>
                            <group>
                                <entity name="StringToXML" class="ptolemy.actor.lib.conversions.StringToXML">
                                </entity>
                                <entity name="XSLTransformer" class="ptolemy.actor.lib.xslt.XSLTransformer">
                                </entity>
                                <entity name="XMLInclusion" class="ptolemy.actor.lib.xslt.XMLInclusion">
                                </entity>
                            </group>
                        </configure>
                    </entity>
                </group>
            </configure>
        </entity>
    </entity>
    <entity name="icon editor library" class="ptolemy.kernel.CompositeEntity">
        <property name="_libraryMarker" class="ptolemy.kernel.util.SingletonAttribute">
        </property>
        <property name="Annotation" class="ptolemy.vergil.kernel.attributes.TextAttribute">
            <property name="textColor" class="ptolemy.actor.gui.ColorAttribute" value="{0.0, 0.0, 0.0, 1.0}">
            </property>
        </property>
        <property name="ellipse" class="ptolemy.vergil.kernel.attributes.EllipseAttribute">
            <property name="width" class="ptolemy.data.expr.Parameter" value="30">
            </property>
            <property name="height" class="ptolemy.data.expr.Parameter" value="30">
            </property>
            <property name="centered" class="ptolemy.data.expr.Parameter" value="true">
            </property>
            <property name="fillColor" class="ptolemy.actor.gui.ColorAttribute" value="{1.0, 1.0, 1.0, 1.0}">
            </property>
        </property>
        <property name="arc" class="ptolemy.vergil.kernel.attributes.ArcAttribute">
            <property name="width" class="ptolemy.data.expr.Parameter" value="30">
            </property>
            <property name="height" class="ptolemy.data.expr.Parameter" value="30">
            </property>
            <property name="centered" class="ptolemy.data.expr.Parameter" value="true">
            </property>
            <property name="fillColor" class="ptolemy.actor.gui.ColorAttribute" value="{1.0, 1.0, 1.0, 1.0}">
            </property>
        </property>
        <property name="image" class="ptolemy.vergil.kernel.attributes.ImageAttribute">
        </property>
        <property name="line" class="ptolemy.vergil.kernel.attributes.LineAttribute">
            <property name="x" class="ptolemy.data.expr.Parameter" value="40.0">
            </property>
            <property name="y" class="ptolemy.data.expr.Parameter" value="0.0">
            </property>
        </property>
        <property name="Arrow" class="ptolemy.vergil.kernel.attributes.ArrowAttribute">
            <property name="x" class="ptolemy.data.expr.Parameter" value="40.0">
            </property>
            <property name="y" class="ptolemy.data.expr.Parameter" value="0.0">
            </property>
        </property>
        <property name="polygon" class="ptolemy.vergil.kernel.attributes.ResizablePolygonAttribute">
            <property name="width" class="ptolemy.data.expr.Parameter" value="35">
            </property>
            <property name="height" class="ptolemy.data.expr.Parameter" value="20">
            </property>
            <property name="centered" class="ptolemy.data.expr.Parameter" value="true">
            </property>
            <property name="fillColor" class="ptolemy.actor.gui.ColorAttribute" value="{1.0, 1.0, 1.0, 1.0}">
            </property>
            <property name="vertices" class="ptolemy.data.expr.Parameter" value="{0.0, 0.0, 20.0, 0.0, 5.0, 20.0, -15.0, 20.0}">
            </property>
        </property>
        <property name="rectangle" class="ptolemy.vergil.kernel.attributes.RectangleAttribute">
            <property name="width" class="ptolemy.data.expr.Parameter" value="60">
            </property>
            <property name="height" class="ptolemy.data.expr.Parameter" value="40">
            </property>
            <property name="centered" class="ptolemy.data.expr.Parameter" value="true">
            </property>
            <property name="fillColor" class="ptolemy.actor.gui.ColorAttribute" value="{1.0, 1.0, 1.0, 1.0}">
            </property>
        </property>
        <property name="ParameterValue" class="ptolemy.vergil.kernel.attributes.AttributeValueAttribute">
            <property name="attributeName" class="ptolemy.kernel.util.StringAttribute">
            </property>
            <property name="displayWidth" class="ptolemy.data.expr.Parameter" value="6">
            </property>
        </property>
        <property name="ParameterExpression" class="ptolemy.vergil.kernel.attributes.AttributeExpressionAttribute">
            <property name="attributeName" class="ptolemy.kernel.util.StringAttribute">
            </property>
            <property name="displayWidth" class="ptolemy.data.expr.Parameter" value="6">
            </property>
        </property>
    </entity>
</entity>

/home/travis/build/icyphy/ptII/ptolemy/configs/test/configurationTools.tcl
/home/travis/build/icyphy/ptII/ptolemy/configs/test/missingDemos.tcl
Updating /home/travis/build/icyphy/ptII/ptolemy/configs/test/../../../ptolemy/configs/doc/models.txt.  This could take a minute.
Done updating /home/travis/build/icyphy/ptII/ptolemy/configs/test/../../../ptolemy/configs/doc/models.txt
Stderr for 'make -C ../doc missingDemos' was
--start--

--end--
Stderr for '/home/travis/build/icyphy/ptII/ptolemy/configs/test/../../../ptolemy/configs/test/missingDemos' was
--start--

--end--
/home/travis/build/icyphy/ptII/ptolemy/configs/test/validDemos.tcl
Validating the xml in /auto/ xml files after removing the configure blocks
...........................................................................................................................................................................................................................................................................................................................................................................................................................................................................................................................................................................................................................................................................................................................................................................................................................................................................................................................................................................................................................................................................................................................................................................................................................................................................................................................................................................................................................................................................................................................................................................................................................................................................................................................................................................................................................................................................................................................................................................................................................................................................................................................................................................................................................................................................................................................................................................................................................................................................................................................................................................................................................................................................................................................................................................................................................................................................................................................................................................................................................................................................................Checked 2971 demos from configs/doc/models.txt
Validating the xml in demo xml files after removing the configure blocks
..........................................................................................................................................................................................................................................................................................................................................................................................................................................................................................................................................................................................................................................................................................................................................................................................Checked 762 demos from configs/doc/models.txt
06/07/18 11:51:48
Failed: 0  Total Tests: 3828  ((Passed: 3828, Newly Passed: 0)  Known Failed: 0) /home/travis/build/icyphy/ptII/ptolemy/configs/test
No auto/knownFailedTests/*.xml tests in /home/travis/build/icyphy/ptII/ptolemy/configs/test
No auto/linux-amd64/*.xml tests in /home/travis/build/icyphy/ptII/ptolemy/configs/test
AutoTests.java: About to close Vertx.
AutoTests.java: Vertx closed.
No auto/*.xml tests in /home/travis/build/icyphy/ptII/ptolemy/configs/test
AutoTests.java: About to close Vertx.
AutoTests.java: Vertx closed.
]]></system-out>
  <system-err><![CDATA[[main] INFO com.github.sarxos.webcam.Webcam - WebcamDefaultDriver capture driver will be used
]]></system-err>
</testsuite>
