<?xml version="1.0" encoding="UTF-8" ?>
<testsuite errors="0" failures="0" hostname="travis-job-6c9a24af-5a4e-4e80-9352-9c2ea8bf1cf4" name="ptolemy.actor.lib.test.junit.JUnitTclTest" skipped="0" tests="517" time="61.281" timestamp="2019-02-27T20:42:06">
  <properties>
    <property name="npm.executable" value="npm" />
    <property name="file.encoding.pkg" value="sun.io" />
    <property name="env.TRAVIS_ROOT" value="/" />
    <property name="ptII.mk.exists" value="true" />
    <property name="env.TRAVIS_APP_HOST" value="build.travis-ci.org" />
    <property name="env.rvm_bin_path" value="/home/travis/.rvm/bin" />
    <property name="java.home" value="/usr/lib/jvm/java-8-oracle/jre" />
    <property name="env.TRAVIS_JOB_NUMBER" value="1022.8" />
    <property name="env.TRAVIS_HOME" value="/home/travis" />
    <property name="env.DISPLAY" value=":99.0" />
    <property name="java.net.preferIPv4Stack" value="true" />
    <property name="env.TRAVIS_INIT" value="upstart" />
    <property name="env.SSH_TTY" value="/dev/pts/0" />
    <property name="env.RUN_TESTS" value="true" />
    <property name="timeout.short" value="1000000" />
    <property name="env.TRAVIS_JOB_NAME" value="" />
    <property name="env.TRAVIS_STACK_NODE_ATTRIBUTES" value="/.node-attributes.yml" />
    <property name="junit.formatter" value="xml" />
    <property name="java.endorsed.dirs" value="/usr/lib/jvm/java-8-oracle/jre/lib/endorsed" />
    <property name="env.TRAVIS_SUDO" value="true" />
    <property name="env.LOGNAME" value="travis" />
    <property name="env.PT_TRAVIS_TEST_CORE1_XML" value="true" />
    <property name="jsdoc.home" value="node_modules/@terraswarm/jsdoc" />
    <property name="debuglevel" value="source,lines,vars" />
    <property name="checkstyle.formatter" value="xml" />
    <property name="bin.vergil.makeable" value="true" />
    <property name="env._system_version" value="14.04" />
    <property name="sun.os.patch.level" value="unknown" />
    <property name="java.vendor.url" value="http://java.oracle.com/" />
    <property name="env.TRAVIS_BUILD_WEB_URL" value="https://travis-ci.org/icyphy/ptII/builds/499471654" />
    <property name="java.version" value="1.8.0_151" />
    <property name="env.TZ" value="UTC" />
    <property name="env.PT_NO_NET" value="true" />
    <property name="env.TRAVIS_PULL_REQUEST_SHA" value="" />
    <property name="env.TRAVIS_SECURE_ENV_VARS" value="true" />
    <property name="env._system_type" value="Linux" />
    <property name="java.vendor.url.bug" value="http://bugreport.sun.com/bugreport/" />
    <property name="env.SSH_CLIENT" value="10.10.4.114 56012 22" />
    <property name="npmjs-org-is-up" value="true" />
    <property name="env.GEM_HOME" value="/home/travis/.rvm/gems/ruby-2.4.1" />
    <property name="env.HAS_ANTARES_THREE_LITTLE_FRONZIES_BADGE" value="true" />
    <property name="env.PS4" value="+" />
    <property name="ant.project.invoked-targets" value="build,test.core1.xml" />
    <property name="env.TRAVIS_PULL_REQUEST_BRANCH" value="" />
    <property name="env.TRAVIS_REPO_SLUG" value="icyphy/ptII" />
    <property name="env.TRAVIS_APT_PROXY" value="http://build-cache.travisci.net" />
    <property name="node.in.path" value="true" />
    <property name="java.maxmemory" value="1400m" />
    <property name="env.RUBY_VERSION" value="ruby-2.4.1" />
    <property name="user.name" value="travis" />
    <property name="env.LANG" value="en_US.UTF-8" />
    <property name="sun.io.unicode.encoding" value="UnicodeLittle" />
    <property name="sun.jnu.encoding" value="UTF-8" />
    <property name="java.runtime.name" value="Java(TM) SE Runtime Environment" />
    <property name="usefile" value="false" />
    <property name="return.code" value="0" />
    <property name="junit.single.formatter" value="plain" />
    <property name="env.DYLD_LIBRARY_PATH" value="/home/travis/pthla/certi-tools/lib:" />
    <property name="env.DEBIAN_FRONTEND" value="noninteractive" />
    <property name="env.SSH_CONNECTION" value="10.10.4.114 56012 10.20.8.46 22" />
    <property name="env.MYSQL_UNIX_PORT" value="/var/run/mysqld/mysqld.sock" />
    <property name="env.TRAVIS_ALLOW_FAILURE" value="false" />
    <property name="env.LC_ALL" value="en_US.UTF-8" />
    <property name="env.TRAVIS_JOB_WEB_URL" value="https://travis-ci.org/icyphy/ptII/jobs/499471662" />
    <property name="java.specification.name" value="Java Platform API Specification" />
    <property name="node.works" value="true" />
    <property name="user.timezone" value="" />
    <property name="path.separator" value=":" />
    <property name="env.TRAVIS_ENABLE_INFRA_DETECTION" value="true" />
    <property name="env.PYTHON_CFLAGS" value="-g -fstack-protector --param=ssp-buffer-size=4 -Wformat -Werror=format-security" />
    <property name="timeout.long" value="4000000" />
    <property name="env.CERTI_HOME" value="/home/travis/pthla/certi-tools" />
    <property name="file.encoding" value="UTF-8" />
    <property name="ant.file.ptII" value="/home/travis/build/icyphy/ptII/build.xml" />
    <property name="javadoc.packagenames" value="com.*,diva.*,lbnl.*,org.hlacerti.*,org.json.*,org.ptolemy.*,org.terraswarm.*,ptolemy.*,ptserver.*" />
    <property name="env.TRAVIS_PULL_REQUEST_SLUG" value="" />
    <property name="ant.project.default-target" value="build" />
    <property name="env.GIT_ASKPASS" value="echo" />
    <property name="env.HOME" value="/home/travis" />
    <property name="sun.java.command" value="org.apache.tools.ant.taskdefs.optional.junit.JUnitTestRunner ptolemy.actor.lib.test.junit.JUnitTclTest skipNonTests=false filtertrace=true haltOnError=false haltOnFailure=false formatter=org.apache.tools.ant.taskdefs.optional.junit.OutErrSummaryJUnitResultFormatter showoutput=true outputtoformatters=true logfailedtests=true threadid=0 logtestlistenerevents=false formatter=org.apache.tools.ant.taskdefs.optional.junit.XMLJUnitResultFormatter,/home/travis/build/icyphy/ptII/reports/junit/TEST-ptolemy.actor.lib.test.junit.JUnitTclTest.xml crashfile=/home/travis/build/icyphy/ptII/junitvmwatcher2956732121240789599.properties propsfile=/home/travis/build/icyphy/ptII/junit2721350783376304566.properties" />
    <property name="env.MANPATH" value="/home/travis/.nvm/versions/node/v7.10.1/share/man:/home/travis/.kiex/elixirs/elixir-1.4.5/man:/home/travis/.rvm/rubies/ruby-2.4.1/share/man:/usr/local/man:/usr/local/cmake-3.9.2/man:/usr/local/clang-5.0.0/share/man:/usr/local/share/man:/usr/share/man:/home/travis/.rvm/man" />
    <property name="env.COMPOSER_NO_INTERACTION" value="1" />
    <property name="env.JDK_SWITCHER_DEFAULT" value="oraclejdk8" />
    <property name="env.TRAVIS_TIMER_ID" value="21b0c2e5" />
    <property name="ant.file" value="/home/travis/build/icyphy/ptII/build.xml" />
    <property name="env.TRAVIS_COMMIT_RANGE" value="003cabe2a2ed...3b6362568b1e" />
    <property name="env._system_name" value="Ubuntu" />
    <property name="timeout" value="2400000" />
    <property name="ptII.classpath.optional.property" value="/home/travis/build/icyphy/ptII/lib/bsh-2.0b4.jar:/home/travis/build/icyphy/ptII/lib/ptCal.jar:/home/travis/build/icyphy/ptII/lib/java_cup.jar:/home/travis/build/icyphy/ptII/lib/saxon8.jar:/home/travis/build/icyphy/ptII/lib/saxon8-dom.jar:/home/travis/build/icyphy/ptII/lib/chic.jar:/home/travis/build/icyphy/ptII/lib/ptcolt.jar:/usr/lib/jvm/java-8-oracle/lib/tools.jar:/home/travis/build/icyphy/ptII/vendors/misc/itext/iText.jar:/home/travis/build/icyphy/ptII/lib/g4ltl.jar:/home/travis/build/icyphy/ptII/lib/StructuralCoder.jar:/home/travis/build/icyphy/ptII/vendors/jai-1_1_2_01/lib/jai_core.jar:/home/travis/build/icyphy/ptII/vendors/jai-1_1_2_01/lib/jai_codec.jar:/home/travis/build/icyphy/ptII/lib/jcerti.jar:/home/travis/build/icyphy/ptII/lib/javax.mail.jar:/home/travis/build/icyphy/ptII/vendors/JMF-2.1.1e/lib/jmf.jar:/home/travis/build/icyphy/ptII/lib/jna-4.0.0-variadic.jar:/home/travis/build/icyphy/ptII/vendors/misc/joystick/Joystick.jar:/home/travis/build/icyphy/ptII/lib/ptjacl.jar:/home/travis/build/icyphy/ptII/lib/jsoup-1.8.2.jar:/home/travis/build/icyphy/ptII/lib/junit-4.8.2.jar:/home/travis/build/icyphy/ptII/lib/JUnitParams-0.4.0.jar:/home/travis/build/icyphy/ptII/ptolemy/actor/lib/excel/jxl.jar:/home/travis/build/icyphy/ptII/lib/jython.jar:/home/travis/build/icyphy/ptII/lib/kieler.jar:/home/travis/build/icyphy/ptII/vendors/opencv/share/OpenCV/java/opencv-341.jar:/home/travis/build/icyphy/ptII/lib/oscP5.jar:/home/travis/build/icyphy/ptII/lib/nrjavaserial-3.11.0.devel.jar:/home/travis/build/icyphy/ptII/vendors/j3d/lib/j3dcore.jar:/home/travis/build/icyphy/ptII/vendors/j3d/lib/j3dutils.jar:/home/travis/build/icyphy/ptII/vendors/j3d/lib/vecmath.jar:/home/travis/build/icyphy/ptII/ptolemy/distributed/jini/jar/jini-core.jar:/home/travis/build/icyphy/ptII/ptolemy/distributed/jini/jar/jini-ext.jar:/home/travis/build/icyphy/ptII/ptolemy/distributed/jini/jar/sun-util.jar:/home/travis/build/icyphy/ptII/lib/protobuf-java-2.4.1.jar:/home/travis/build/icyphy/ptII/lib/org.eclipse.paho.client.mqttv3.jar:/home/travis/build/icyphy/ptII/lib/mapss.jar:/home/travis/build/icyphy/ptII/ptolemy/actor/ptalon/antlr/antlr.jar:/home/travis/build/icyphy/ptII/lib/JRI.jar:/home/travis/build/icyphy/ptII/lib/commons-lang-2.6.jar:/home/travis/build/icyphy/ptII/lib/commons-logging-1.1.1.jar:/home/travis/build/icyphy/ptII/lib/sootclasses.jar:/home/travis/build/icyphy/ptII/ptolemy/actor/lib/database/mysql-connector-java-5.1.6-bin.jar:/home/travis/build/icyphy/ptII/vendors/misc/sphinx4/sphinx4-data-5prealpha.jar:/home/travis/build/icyphy/ptII/vendors/misc/sphinx4/sphinx4-core-5prealpha.jar:/home/travis/build/icyphy/ptII/lib/PDFRenderer.jar:/home/travis/build/icyphy/ptII/lib/svgSalamander.jar:/home/travis/build/icyphy/ptII/lib/rsyntaxtextarea-2.6.0-SNAPSHOT.jar:/home/travis/build/icyphy/ptII/lib/hazelcast-3.8.2.jar:/home/travis/build/icyphy/ptII/lib/jackson-annotations-2.9.0.jar:/home/travis/build/icyphy/ptII/lib/jackson-core-2.9.3.jar:/home/travis/build/icyphy/ptII/lib/jackson-databind-2.9.3.jar:/home/travis/build/icyphy/ptII/lib/netty-buffer-4.1.19.Final.jar:/home/travis/build/icyphy/ptII/lib/netty-codec-4.1.19.Final.jar:/home/travis/build/icyphy/ptII/lib/netty-codec-dns-4.1.19.Final.jar:/home/travis/build/icyphy/ptII/lib/netty-codec-http-4.1.19.Final.jar:/home/travis/build/icyphy/ptII/lib/netty-codec-http2-4.1.19.Final.jar:/home/travis/build/icyphy/ptII/lib/netty-common-4.1.19.Final.jar:/home/travis/build/icyphy/ptII/lib/netty-handler-4.1.19.Final.jar:/home/travis/build/icyphy/ptII/lib/netty-resolver-4.1.19.Final.jar:/home/travis/build/icyphy/ptII/lib/netty-resolver-dns-4.1.19.Final.jar:/home/travis/build/icyphy/ptII/lib/netty-transport-4.1.19.Final.jar:/home/travis/build/icyphy/ptII/lib/vertx-codegen-3.5.1.jar:/home/travis/build/icyphy/ptII/lib/vertx-core-3.5.2-SNAPSHOT.jar:/home/travis/build/icyphy/ptII/lib/vertx-hazelcast-3.5.1.jar:/home/travis/build/icyphy/ptII/lib/vertx-lang-js-3.5.1.jar:/home/travis/build/icyphy/ptII/lib/vertx-service-proxy-3.5.1.jar:/home/travis/build/icyphy/ptII/lib/vertx-web-3.5.1.jar:/home/travis/build/icyphy/ptII/lib/slf4j-api-1.7.13.jar:/home/travis/build/icyphy/ptII/lib/slf4j-simple-1.7.13.jar:/home/travis/build/icyphy/ptII/lib/webcam-capture-0.3.12.jar:/home/travis/build/icyphy/ptII/lib/bridj-0.7.0.jar:/home/travis/build/icyphy/ptII/lib/xbjlib-1.1.0.nrjavaserial.jar" />
    <property name="test.batch" value="**/junit/*.java" />
    <property name="env._" value="/usr/bin/timeout" />
    <property name="java.io.tmpdir" value="/tmp" />
    <property name="env.TRAVIS_INTERNAL_RUBY_REGEX" value="^ruby-(2\.[0-4]\.[0-9]|1\.9\.3)" />
    <property name="user.language" value="en" />
    <property name="env.HISTCONTROL" value="ignoredups:ignorespace" />
    <property name="env.GOROOT" value="/home/travis/.gimme/versions/go1.7.4.linux.amd64" />
    <property name="line.separator" value="&#xa;" />
    <property name="target" value="1.8" />
    <property name="env.TRAVIS_BUILD_DIR" value="/home/travis/build/icyphy/ptII" />
    <property name="env.ANT_OPTS" value="-Xmx2048m" />
    <property name="ant.file.type" value="file" />
    <property name="ptolemy.ptII.batchMode" value="true" />
    <property name="env.HISTSIZE" value="1000" />
    <property name="env.MERB_ENV" value="test" />
    <property name="java.vm.info" value="mixed mode" />
    <property name="source" value="1.8" />
    <property name="java.vm.specification.name" value="Java Virtual Machine Specification" />
    <property name="env.TRAVIS_TEST_RESULT" value="0" />
    <property name="jsdoc.command" value="node_modules/@terraswarm/jsdoc/jsdoc.js" />
    <property name="npm.works" value="true" />
    <property name="cobertura.dir" value="/home/travis/build/icyphy/ptII/vendors/cobertura-2.0.3" />
    <property name="env.rvm_path" value="/home/travis/.rvm" />
    <property name="env.GEM_PATH" value="/home/travis/.rvm/gems/ruby-2.4.1:/home/travis/.rvm/gems/ruby-2.4.1@global" />
    <property name="env.LC_CTYPE" value="en_US.UTF-8" />
    <property name="java.awt.printerjob" value="sun.print.PSPrinterJob" />
    <property name="env.TRAVIS_CMD" value="$PTII/bin/ptIITravisBuild.sh $SECONDS" />
    <property name="env.TRAVIS_STACK_NAME" value="garnet" />
    <property name="env.TRAVIS_TIMER_START_TIME" value="1551299750492147567" />
    <property name="ant.version" value="Apache Ant(TM) version 1.10.1 compiled on February 2 2017" />
    <property name="ptII.reports" value="/home/travis/build/icyphy/ptII/reports" />
    <property name="env.TRAVIS_STACK_TIMESTAMP" value="2017-12-05 19:33:09 UTC" />
    <property name="ant.file.type.ptII" value="file" />
    <property name="env.RBENV_SHELL" value="bash" />
    <property name="os.name" value="Linux" />
    <property name="java.specification.vendor" value="Oracle Corporation" />
    <property name="env.rvm_version" value="1.29.3 (latest)" />
    <property name="env.TRAVIS_INFRA" value="gce" />
    <property name="env.TERM" value="xterm" />
    <property name="java.vm.name" value="Java HotSpot(TM) 64-Bit Server VM" />
    <property name="env.TRAVIS_BUILD_NUMBER" value="1022" />
    <property name="env.CI" value="true" />
    <property name="java.library.path" value="/home/travis/pthla/certi-tools/lib:/usr/lib/jni:/usr/local/share/OpenCV/java/:/usr/share/OpenCV/java::/usr/java/packages/lib/amd64:/usr/lib64:/lib64:/lib:/usr/lib" />
    <property name="env.rvm_prefix" value="/home/travis" />
    <property name="env.PATH" value="/home/travis/pthla/certi-tools/share/scripts:/home/travis/.rvm/gems/ruby-2.4.1/bin:/home/travis/.rvm/gems/ruby-2.4.1@global/bin:/home/travis/.rvm/rubies/ruby-2.4.1/bin:/home/travis/.rvm/bin:/home/travis/.nvm/versions/node/v7.10.1/bin:./node_modules/.bin:/home/travis/build/icyphy/ptII/bin:/home/travis/pthla/certi-tools/bin:/home/travis/bin:/home/travis/.local/bin:/opt/pyenv/shims:/home/travis/.phpenv/shims:/home/travis/perl5/perlbrew/bin:/home/travis/.kiex/elixirs/elixir-1.4.5/bin:/home/travis/.kiex/bin:/home/travis/gopath/bin:/home/travis/.gimme/versions/go1.7.4.linux.amd64/bin:/usr/local/phantomjs/bin:/usr/local/phantomjs:/usr/local/neo4j-3.2.7/bin:/usr/local/maven-3.5.2/bin:/usr/local/cmake-3.9.2/bin:/usr/local/clang-5.0.0/bin:/usr/local/sbin:/usr/local/bin:/usr/sbin:/usr/bin:/sbin:/bin:/home/travis/.phpenv/bin:/opt/pyenv/bin:/home/travis/.yarn/bin" />
    <property name="env.TRAVIS_OS_NAME" value="linux" />
    <property name="ant.java.version" value="1.8" />
    <property name="basedir" value="/home/travis/build/icyphy/ptII" />
    <property name="java.class.version" value="52.0" />
    <property name="env.SHLVL" value="3" />
    <property name="env.LD_LIBRARY_PATH" value="/home/travis/pthla/certi-tools/lib:/usr/lib/jni:/usr/local/share/OpenCV/java/:/usr/share/OpenCV/java:" />
    <property name="env.RACK_ENV" value="test" />
    <property name="ant.home" value="/home/travis/build/icyphy/ptII/ant" />
    <property name="env.PERLBREW_BASHRC_VERSION" value="0.80" />
    <property name="env.NVM_DIR" value="/home/travis/.nvm" />
    <property name="env.TRAVIS_BUILD_ID" value="499471654" />
    <property name="env.CERTI_FOM_PATH" value="/home/travis/pthla/certi-tools/share/federations" />
    <property name="env.PYENV_ROOT" value="/opt/pyenv" />
    <property name="env.TRAVIS_UID" value="2000" />
    <property name="env.rvm_pretty_print_flag" value="auto" />
    <property name="env.NVM_BIN" value="/home/travis/.nvm/versions/node/v7.10.1/bin" />
    <property name="env.TRAVIS_COMMIT" value="3b6362568b1e3a1bb803cf461e968ee49a58b967" />
    <property name="env._system_arch" value="x86_64" />
    <property name="node.executable" value="node" />
    <property name="sun.boot.library.path" value="/usr/lib/jvm/java-8-oracle/jre/lib/amd64" />
    <property name="sun.management.compiler" value="HotSpot 64-Bit Tiered Compilers" />
    <property name="env.GOPATH" value="/home/travis/gopath" />
    <property name="java.awt.graphicsenv" value="sun.awt.X11GraphicsEnvironment" />
    <property name="ptolemy.ptII.dir" value="/home/travis/build/icyphy/ptII" />
    <property name="env.USER" value="travis" />
    <property name="env.HISTFILESIZE" value="2000" />
    <property name="timeout.longest" value="19000000" />
    <property name="env.TRAVIS_STACK_FEATURES" value="basic cassandra chromium couchdb disabled-ipv6 docker docker-compose elasticsearch firefox go-toolchain google-chrome jdk memcached mongodb mysql neo4j nodejs_interpreter perl_interpreter perlbrew phantomjs postgresql python_interpreter rabbitmq redis riak ruby_interpreter sqlite xserver" />
    <property name="env.TRAVIS_PULL_REQUEST" value="false" />
    <property name="env.PYENV_SHELL" value="bash" />
    <property name="ant.project.name" value="ptII" />
    <property name="java.vm.specification.version" value="1.8" />
    <property name="env.ANSI_RESET" value="\033[0m" />
    <property name="env.TRAVIS_DIST" value="trusty" />
    <property name="env.CERTI_VERSION" value="4.0.0" />
    <property name="env.NLSPATH" value="/usr/dt/lib/nls/msg/%L/%N.cat" />
    <property name="awt.toolkit" value="sun.awt.X11.XToolkit" />
    <property name="env.CERTI_HOST" value="localhost" />
    <property name="env.MY_RUBY_HOME" value="/home/travis/.rvm/rubies/ruby-2.4.1" />
    <property name="sun.cpu.isalist" value="" />
    <property name="env.TRAVIS_TMPDIR" value="/tmp/tmp.MndbIVIwq2" />
    <property name="java.ext.dirs" value="/usr/lib/jvm/java-8-oracle/jre/lib/ext:/usr/java/packages/lib/ext" />
    <property name="os.version" value="4.4.0-101-generic" />
    <property name="user.home" value="/home/travis" />
    <property name="env.MIX_ARCHIVES" value="/home/travis/.kiex/mix/elixir-1.4.5" />
    <property name="java.vm.vendor" value="Oracle Corporation" />
    <property name="env.TRAVIS_TAG" value="nightly" />
    <property name="env.ANSI_YELLOW" value="\033[33;1m" />
    <property name="env.TRAVIS_FILTERED" value="redirect_io" />
    <property name="env.ANSI_GREEN" value="\033[32;1m" />
    <property name="env.JAVA_HOME" value="/usr/lib/jvm/java-8-oracle" />
    <property name="env.PTII" value="/home/travis/build/icyphy/ptII" />
    <property name="javadoc.excludepackagenames" value="adm.cvs2svn.*,build.*,config.*,doc.coding.templates.*,jni.test.jni.meaningOfLife.*,jni.test.jni.testDeux.*,jni.test.jni.testTrois.*,org.terraswarm.accessor.accessors.web.node_modules.*,org.terraswarm.accessor.accessors.web.hosts.cordova.demo.*,org.terraswarm.accessor.accessors.web.hosts.cordova.plugins.*,org.terraswarm.accessor.accessors-svn.*,pt-modules.*,ptolemy.apps.agilent.*,ptolemy.apps.anytimecontrol.*,ptolemy.apps.apes.*,ptolemy.apps.charon.*,ptolemy.apps.crazyboard.*,ptolemy.apps.eclipse.*,ptolemy.apps.etherealSting.*,ptolemy.apps.fullscreen.*,ptolemy.apps.giotto.*,ptolemy.apps.ia.*,ptolemy.apps.interfaces.*,ptolemy.apps.jmf.*,ptolemy.apps.kurt.*,ptolemy.apps.kvm.*,ptolemy.apps.lego.*,ptolemy.apps.lejos.*,ptolemy.apps.midp.*,ptolemy.apps.mobileCoding.*,ptolemy.apps.pendulum.*,ptolemy.apps.rijndael.*,ptolemy.apps.robot.*,ptolemy.apps.security.*,ptolemy.apps.sobel.*,ptolemy.apps.soot.*,ptolemy.apps.throttle.*,ptolemy.apps.tini.*,ptolemy.apps.transmission.*,ptolemy.apps.vergil.*,ptolemy.apps.waba.*,ptolemy.apps.websensor.*,ptolemy.apps.webstart.*,ptolemy.apps.xsl.*,ptolemy.apps.zaurus.*,ptolemy.codegen.c.actor.lib.oldJavaFiles.*,ptolemy.codegen.dsp.lib.*,ptolemy.codegen.kernel.newInterfaces.*,ptolemy.codegen.lib.*,ptolemy.copernicus.kernel.fragment.*,ptolemy.copernicus.shallow.cg.*,ptolemy.domains.giotto.demo.Hierarchy.Hierarchy.*,ptolemy.domains.giotto.demo.Multimode.Multimode.*,ptolemy.domains.giotto.demo.Simple.Simple.*,ptolemy.domains.gr.lib.experimental.*,ptolemy.domains.gro.*,ptolemy.domains.pdf.*,ptolemy.domains.ptinyos.demo.Surge.output.*,ptolemy.moml.test.NoPackageActor.java*,ptolemy.plot.adm.*,ptolemy.plot.servlet.*,reports.*,signed.*,src.*,target.*,vendors.*,ptolemy.apps.eclipse.awt.*,ptolemy.backtrack.*,ptolemy.backtrack.ast.*,ptolemy.cg.adapter.generic.program.procedural.c.mbed*,ptolemy.homer.*,org.ptolemy.scala.*,diva.util.java2d.svg.*,ptolemy.domains.ptinyos.*,ptolemy.actor.lib.fmi.fmipp.*,,org.terraswarm.accessor.accessors.web.node_modules.*,org.terraswarm.accessor.accessors-svn,ptolemy.apps.*,ptolemy.actor.ptalon.demo.ptinyos.SendAndReceiveCnt.output,ptolemy.actor.ptalon.demo.ptinyos.SenseToLeds.output,ptolemy.domains.ptinyos.demo.CntToLedsAndRfm.output,ptolemy.domains.ptinyos.demo.RfmToLeds.output,ptolemy.domains.ptinyos.demo.SendAndReceiveCnt.output,ptolemy.domains.ptinyos.demo.SenseToLeds.output,ptolemy.actor.lib.jjs.modules.udpSocket.*" />
    <property name="env.TRAVIS_COMMIT_MESSAGE" value="Desk assignment" />
    <property name="keystore" value="ptKeystore" />
    <property name="env.XDG_SESSION_ID" value="2" />
    <property name="junit.output.dir" value="/home/travis/build/icyphy/ptII/reports/junit" />
    <property name="npm.return.code" value="0" />
    <property name="user.dir" value="/home/travis/build/icyphy/ptII/ptolemy/actor/lib/test" />
    <property name="env.TRAVIS_NODE_VERSION" value="7" />
    <property name="env.XFILESEARCHPATH" value="/usr/dt/app-defaults/%L/Dt" />
    <property name="env.TRAVIS_EVENT_TYPE" value="push" />
    <property name="env.MAIL" value="/var/mail/travis" />
    <property name="env.PWD" value="/home/travis/build/icyphy/ptII" />
    <property name="env.PERLBREW_ROOT" value="/home/travis/perl5/perlbrew" />
    <property name="timeout.npm" value="45000" />
    <property name="env.TRAVIS_ARCH" value="amd64" />
    <property name="env.PAGER" value="cat" />
    <property name="sun.cpu.endian" value="little" />
    <property name="env.TRAVIS_BUILD_STAGE_NAME" value="Test" />
    <property name="env.PERLBREW_HOME" value="/home/travis/.perlbrew" />
    <property name="env.RAILS_ENV" value="test" />
    <property name="java.vm.version" value="25.151-b12" />
    <property name="java.class.path" value="/home/travis/.ptolemyII:/home/travis/.ptolemyII/*:/home/travis/build/icyphy/ptII:/home/travis/build/icyphy/ptII/lib/bsh-2.0b4.jar:/home/travis/build/icyphy/ptII/lib/ptCal.jar:/home/travis/build/icyphy/ptII/lib/java_cup.jar:/home/travis/build/icyphy/ptII/lib/saxon8.jar:/home/travis/build/icyphy/ptII/lib/saxon8-dom.jar:/home/travis/build/icyphy/ptII/lib/chic.jar:/home/travis/build/icyphy/ptII/lib/ptcolt.jar:/usr/lib/jvm/java-8-oracle/lib/tools.jar:/home/travis/build/icyphy/ptII/vendors/misc/itext/iText.jar:/home/travis/build/icyphy/ptII/lib/g4ltl.jar:/home/travis/build/icyphy/ptII/lib/StructuralCoder.jar:/home/travis/build/icyphy/ptII/vendors/jai-1_1_2_01/lib/jai_core.jar:/home/travis/build/icyphy/ptII/vendors/jai-1_1_2_01/lib/jai_codec.jar:/home/travis/build/icyphy/ptII/lib/jcerti.jar:/home/travis/build/icyphy/ptII/lib/javax.mail.jar:/home/travis/build/icyphy/ptII/vendors/JMF-2.1.1e/lib/jmf.jar:/home/travis/build/icyphy/ptII/lib/jna-4.0.0-variadic.jar:/home/travis/build/icyphy/ptII/vendors/misc/joystick/Joystick.jar:/home/travis/build/icyphy/ptII/lib/ptjacl.jar:/home/travis/build/icyphy/ptII/lib/jsoup-1.8.2.jar:/home/travis/build/icyphy/ptII/lib/junit-4.8.2.jar:/home/travis/build/icyphy/ptII/lib/JUnitParams-0.4.0.jar:/home/travis/build/icyphy/ptII/ptolemy/actor/lib/excel/jxl.jar:/home/travis/build/icyphy/ptII/lib/jython.jar:/home/travis/build/icyphy/ptII/lib/kieler.jar:/home/travis/build/icyphy/ptII/vendors/opencv/share/OpenCV/java/opencv-341.jar:/home/travis/build/icyphy/ptII/lib/oscP5.jar:/home/travis/build/icyphy/ptII/lib/nrjavaserial-3.11.0.devel.jar:/home/travis/build/icyphy/ptII/vendors/j3d/lib/j3dcore.jar:/home/travis/build/icyphy/ptII/vendors/j3d/lib/j3dutils.jar:/home/travis/build/icyphy/ptII/vendors/j3d/lib/vecmath.jar:/home/travis/build/icyphy/ptII/ptolemy/distributed/jini/jar/jini-core.jar:/home/travis/build/icyphy/ptII/ptolemy/distributed/jini/jar/jini-ext.jar:/home/travis/build/icyphy/ptII/ptolemy/distributed/jini/jar/sun-util.jar:/home/travis/build/icyphy/ptII/lib/protobuf-java-2.4.1.jar:/home/travis/build/icyphy/ptII/lib/org.eclipse.paho.client.mqttv3.jar:/home/travis/build/icyphy/ptII/lib/mapss.jar:/home/travis/build/icyphy/ptII/ptolemy/actor/ptalon/antlr/antlr.jar:/home/travis/build/icyphy/ptII/lib/JRI.jar:/home/travis/build/icyphy/ptII/lib/commons-lang-2.6.jar:/home/travis/build/icyphy/ptII/lib/commons-logging-1.1.1.jar:/home/travis/build/icyphy/ptII/lib/sootclasses.jar:/home/travis/build/icyphy/ptII/ptolemy/actor/lib/database/mysql-connector-java-5.1.6-bin.jar:/home/travis/build/icyphy/ptII/vendors/misc/sphinx4/sphinx4-data-5prealpha.jar:/home/travis/build/icyphy/ptII/vendors/misc/sphinx4/sphinx4-core-5prealpha.jar:/home/travis/build/icyphy/ptII/lib/PDFRenderer.jar:/home/travis/build/icyphy/ptII/lib/svgSalamander.jar:/home/travis/build/icyphy/ptII/lib/rsyntaxtextarea-2.6.0-SNAPSHOT.jar:/home/travis/build/icyphy/ptII/lib/hazelcast-3.8.2.jar:/home/travis/build/icyphy/ptII/lib/jackson-annotations-2.9.0.jar:/home/travis/build/icyphy/ptII/lib/jackson-core-2.9.3.jar:/home/travis/build/icyphy/ptII/lib/jackson-databind-2.9.3.jar:/home/travis/build/icyphy/ptII/lib/netty-buffer-4.1.19.Final.jar:/home/travis/build/icyphy/ptII/lib/netty-codec-4.1.19.Final.jar:/home/travis/build/icyphy/ptII/lib/netty-codec-dns-4.1.19.Final.jar:/home/travis/build/icyphy/ptII/lib/netty-codec-http-4.1.19.Final.jar:/home/travis/build/icyphy/ptII/lib/netty-codec-http2-4.1.19.Final.jar:/home/travis/build/icyphy/ptII/lib/netty-common-4.1.19.Final.jar:/home/travis/build/icyphy/ptII/lib/netty-handler-4.1.19.Final.jar:/home/travis/build/icyphy/ptII/lib/netty-resolver-4.1.19.Final.jar:/home/travis/build/icyphy/ptII/lib/netty-resolver-dns-4.1.19.Final.jar:/home/travis/build/icyphy/ptII/lib/netty-transport-4.1.19.Final.jar:/home/travis/build/icyphy/ptII/lib/vertx-codegen-3.5.1.jar:/home/travis/build/icyphy/ptII/lib/vertx-core-3.5.2-SNAPSHOT.jar:/home/travis/build/icyphy/ptII/lib/vertx-hazelcast-3.5.1.jar:/home/travis/build/icyphy/ptII/lib/vertx-lang-js-3.5.1.jar:/home/travis/build/icyphy/ptII/lib/vertx-service-proxy-3.5.1.jar:/home/travis/build/icyphy/ptII/lib/vertx-web-3.5.1.jar:/home/travis/build/icyphy/ptII/lib/slf4j-api-1.7.13.jar:/home/travis/build/icyphy/ptII/lib/slf4j-simple-1.7.13.jar:/home/travis/build/icyphy/ptII/lib/webcam-capture-0.3.12.jar:/home/travis/build/icyphy/ptII/lib/bridj-0.7.0.jar:/home/travis/build/icyphy/ptII/lib/xbjlib-1.1.0.nrjavaserial.jar:/home/travis/build/icyphy/ptII/ptolemy/moml/test:/home/travis/build/icyphy/ptII/ant/lib/ant-launcher.jar:/home/travis/build/icyphy/ptII/ant/lib/ant.jar:/home/travis/build/icyphy/ptII/ant/lib/ant-junit.jar:/home/travis/build/icyphy/ptII/ant/lib/ant-junit4.jar" />
    <property name="ant.library.dir" value="/home/travis/build/icyphy/ptII/ant/lib" />
    <property name="os.arch" value="amd64" />
    <property name="env.TRAVIS_LANGUAGE" value="node_js" />
    <property name="env.CONTINUOUS_INTEGRATION" value="true" />
    <property name="env.TRAVIS_STACK_LANGUAGES" value="__garnet__ c c++ clojure cplusplus cpp default go groovy java node_js php pure_java python ruby scala" />
    <property name="test.name" value="ptolemy.actor.lib.test.junit.JUnitTclTest" />
    <property name="sun.java.launcher" value="SUN_STANDARD" />
    <property name="env.PYTHON_CONFIGURE_OPTS" value="--enable-unicode=ucs4 --with-wide-unicode --enable-shared --enable-ipv6 --enable-loadable-sqlite-extensions --with-computed-gotos" />
    <property name="ant.core.lib" value="/home/travis/build/icyphy/ptII/ant/lib/ant.jar" />
    <property name="java.vm.specification.vendor" value="Oracle Corporation" />
    <property name="env.BCVTB_HOME" value="/home/travis/build/icyphy/ptII/lbnl" />
    <property name="file.separator" value="/" />
    <property name="spotbugs.home" value="/home/travis/build/icyphy/ptII/vendors/spotbugs-3.1.1" />
    <property name="java.runtime.version" value="1.8.0_151-b12" />
    <property name="sun.boot.class.path" value="/usr/lib/jvm/java-8-oracle/jre/lib/resources.jar:/usr/lib/jvm/java-8-oracle/jre/lib/rt.jar:/usr/lib/jvm/java-8-oracle/jre/lib/sunrsasign.jar:/usr/lib/jvm/java-8-oracle/jre/lib/jsse.jar:/usr/lib/jvm/java-8-oracle/jre/lib/jce.jar:/usr/lib/jvm/java-8-oracle/jre/lib/charsets.jar:/usr/lib/jvm/java-8-oracle/jre/lib/jfr.jar:/usr/lib/jvm/java-8-oracle/jre/classes" />
    <property name="env.ANSI_CLEAR" value="\033[0K" />
    <property name="env.HAS_JOSH_K_SEAL_OF_APPROVAL" value="true" />
    <property name="env.XDG_RUNTIME_DIR" value="/run/user/2000" />
    <property name="env.TRAVIS_OSX_IMAGE" value="" />
    <property name="env.TRAVIS_BRANCH" value="master" />
    <property name="env.TRAVIS_JOB_ID" value="499471662" />
    <property name="user.country" value="US" />
    <property name="env.CERTI_HOME_TRAVIS" value="/home/travis/pthla/certi-tools" />
    <property name="env.SHELL" value="/bin/bash" />
    <property name="java.maxmemory.large" value="5000m" />
    <property name="model" value="" />
    <property name="env.CASHER_DIR" value="/home/travis/.casher" />
    <property name="env.NVM_CD_FLAGS" value="" />
    <property name="jshint.executable" value="/home/travis/node_modules/jshint/bin/jshint" />
    <property name="java.vendor" value="Oracle Corporation" />
    <property name="env.JRUBY_OPTS" value=" --client -J-XX:+TieredCompilation -J-XX:TieredStopAtLevel=1 -J-Xss2m -Xcompile.invokedynamic=false" />
    <property name="env.TRAVIS_PRE_CHEF_BOOTSTRAP_TIME" value="2017-12-05T19:32:55" />
    <property name="env.TRAVIS_STACK_JOB_BOARD_REGISTER" value="/.job-board-register.yml" />
    <property name="env.ELIXIR_VERSION" value="1.4.5" />
    <property name="env.ANSI_RED" value="\033[31;1m" />
    <property name="java.specification.version" value="1.8" />
    <property name="env.TRAVIS" value="true" />
    <property name="env.IRBRC" value="/home/travis/.rvm/rubies/ruby-2.4.1/.irbrc" />
    <property name="sun.arch.data.model" value="64" />
  </properties>
  <testcase classname="ptolemy.util.test.junit.TclTests" name="[0] /home/travis/build/icyphy/ptII/ptolemy/actor/lib/test/AbsoluteValue.tcl (RunTclFile)" time="0.517" />
  <testcase classname="ptolemy.util.test.junit.TclTests" name="[1] /home/travis/build/icyphy/ptII/ptolemy/actor/lib/test/AddSubtract.tcl (RunTclFile)" time="0.09" />
  <testcase classname="ptolemy.util.test.junit.TclTests" name="[2] /home/travis/build/icyphy/ptII/ptolemy/actor/lib/test/Average.tcl (RunTclFile)" time="0.033" />
  <testcase classname="ptolemy.util.test.junit.TclTests" name="[3] /home/travis/build/icyphy/ptII/ptolemy/actor/lib/test/Bernoulli.tcl (RunTclFile)" time="0.018" />
  <testcase classname="ptolemy.util.test.junit.TclTests" name="[4] /home/travis/build/icyphy/ptII/ptolemy/actor/lib/test/Clock.tcl (RunTclFile)" time="0.118" />
  <testcase classname="ptolemy.util.test.junit.TclTests" name="[5] /home/travis/build/icyphy/ptII/ptolemy/actor/lib/test/Commutator.tcl (RunTclFile)" time="0.127" />
  <testcase classname="ptolemy.util.test.junit.TclTests" name="[6] /home/travis/build/icyphy/ptII/ptolemy/actor/lib/test/Const.tcl (RunTclFile)" time="0.109" />
  <testcase classname="ptolemy.util.test.junit.TclTests" name="[7] /home/travis/build/icyphy/ptII/ptolemy/actor/lib/test/CurrentTime.tcl (RunTclFile)" time="0.041" />
  <testcase classname="ptolemy.util.test.junit.TclTests" name="[8] /home/travis/build/icyphy/ptII/ptolemy/actor/lib/test/DB.tcl (RunTclFile)" time="0.036" />
  <testcase classname="ptolemy.util.test.junit.TclTests" name="[9] /home/travis/build/icyphy/ptII/ptolemy/actor/lib/test/DiscreteRandomSource.tcl (RunTclFile)" time="0.026" />
  <testcase classname="ptolemy.util.test.junit.TclTests" name="[10] /home/travis/build/icyphy/ptII/ptolemy/actor/lib/test/Distributor.tcl (RunTclFile)" time="0.041" />
  <testcase classname="ptolemy.util.test.junit.TclTests" name="[11] /home/travis/build/icyphy/ptII/ptolemy/actor/lib/test/Exit.tcl (RunTclFile)" time="0.063" />
  <testcase classname="ptolemy.util.test.junit.TclTests" name="[12] /home/travis/build/icyphy/ptII/ptolemy/actor/lib/test/Expression.tcl (RunTclFile)" time="0.11" />
  <testcase classname="ptolemy.util.test.junit.TclTests" name="[13] /home/travis/build/icyphy/ptII/ptolemy/actor/lib/test/Gaussian.tcl (RunTclFile)" time="0.806" />
  <testcase classname="ptolemy.util.test.junit.TclTests" name="[14] /home/travis/build/icyphy/ptII/ptolemy/actor/lib/test/IIR.tcl (RunTclFile)" time="0.038" />
  <testcase classname="ptolemy.util.test.junit.TclTests" name="[15] /home/travis/build/icyphy/ptII/ptolemy/actor/lib/test/Interpolator.tcl (RunTclFile)" time="0.067" />
  <testcase classname="ptolemy.util.test.junit.TclTests" name="[16] /home/travis/build/icyphy/ptII/ptolemy/actor/lib/test/MathFunction.tcl (RunTclFile)" time="0.058" />
  <testcase classname="ptolemy.util.test.junit.TclTests" name="[17] /home/travis/build/icyphy/ptII/ptolemy/actor/lib/test/Maximum.tcl (RunTclFile)" time="0.04" />
  <testcase classname="ptolemy.util.test.junit.TclTests" name="[18] /home/travis/build/icyphy/ptII/ptolemy/actor/lib/test/Minimum.tcl (RunTclFile)" time="0.053" />
  <testcase classname="ptolemy.util.test.junit.TclTests" name="[19] /home/travis/build/icyphy/ptII/ptolemy/actor/lib/test/MultiplyDivide.tcl (RunTclFile)" time="0.062" />
  <testcase classname="ptolemy.util.test.junit.TclTests" name="[20] /home/travis/build/icyphy/ptII/ptolemy/actor/lib/test/OrderedMerge.tcl (RunTclFile)" time="0.098" />
  <testcase classname="ptolemy.util.test.junit.TclTests" name="[21] /home/travis/build/icyphy/ptII/ptolemy/actor/lib/test/Publisher.tcl (RunTclFile)" time="0.681" />
  <testcase classname="ptolemy.util.test.junit.TclTests" name="[22] /home/travis/build/icyphy/ptII/ptolemy/actor/lib/test/Pulse.tcl (RunTclFile)" time="0.032" />
  <testcase classname="ptolemy.util.test.junit.TclTests" name="[23] /home/travis/build/icyphy/ptII/ptolemy/actor/lib/test/Ramp.tcl (RunTclFile)" time="1.887" />
  <testcase classname="ptolemy.util.test.junit.TclTests" name="[24] /home/travis/build/icyphy/ptII/ptolemy/actor/lib/test/RampContinuous.tcl (RunTclFile)" time="0.02" />
  <testcase classname="ptolemy.util.test.junit.TclTests" name="[25] /home/travis/build/icyphy/ptII/ptolemy/actor/lib/test/RecordAssembler.tcl (RunTclFile)" time="0.017" />
  <testcase classname="ptolemy.util.test.junit.TclTests" name="[26] /home/travis/build/icyphy/ptII/ptolemy/actor/lib/test/RecordDisassembler.tcl (RunTclFile)" time="0.019" />
  <testcase classname="ptolemy.util.test.junit.TclTests" name="[27] /home/travis/build/icyphy/ptII/ptolemy/actor/lib/test/Scale.tcl (RunTclFile)" time="0.032" />
  <testcase classname="ptolemy.util.test.junit.TclTests" name="[28] /home/travis/build/icyphy/ptII/ptolemy/actor/lib/test/SequentialClock.tcl (RunTclFile)" time="0.029" />
  <testcase classname="ptolemy.util.test.junit.TclTests" name="[29] /home/travis/build/icyphy/ptII/ptolemy/actor/lib/test/SetVariable.tcl (RunTclFile)" time="0.03" />
  <testcase classname="ptolemy.util.test.junit.TclTests" name="[30] /home/travis/build/icyphy/ptII/ptolemy/actor/lib/test/Sinewave.tcl (RunTclFile)" time="0.067" />
  <testcase classname="ptolemy.util.test.junit.TclTests" name="[31] /home/travis/build/icyphy/ptII/ptolemy/actor/lib/test/SubscriptionAggregator.tcl (RunTclFile)" time="2.16" />
  <testcase classname="ptolemy.util.test.junit.TclTests" name="[32] /home/travis/build/icyphy/ptII/ptolemy/actor/lib/test/Test.tcl (RunTclFile)" time="0.11" />
  <testcase classname="ptolemy.util.test.junit.TclTests" name="[33] /home/travis/build/icyphy/ptII/ptolemy/actor/lib/test/TestExceptionHandler.tcl (RunTclFile)" time="0.011" />
  <testcase classname="ptolemy.util.test.junit.TclTests" name="[34] /home/travis/build/icyphy/ptII/ptolemy/actor/lib/test/UnionDisassembler.tcl (RunTclFile)" time="0.073" />
  <testcase classname="ptolemy.util.test.junit.TclTests" name="[35] /home/travis/build/icyphy/ptII/ptolemy/actor/lib/test/VariableClock.tcl (RunTclFile)" time="0.029" />
  <testcase classname="ptolemy.util.test.junit.AutoKnownFailedTests" name="[0] /home/travis/build/icyphy/ptII/ptolemy/actor/lib/test/auto/knownFailedTests/PublisherPortToplevelSubscriber.xml (RunModel)" time="0.02" />
  <testcase classname="ptolemy.util.test.junit.AutoKnownFailedTests" name="[1] /home/travis/build/icyphy/ptII/ptolemy/actor/lib/test/auto/knownFailedTests/PublisherSubscriberPortToplevel.xml (RunModel)" time="0.02" />
  <testcase classname="ptolemy.util.test.junit.AutoKnownFailedTests" name="[2] /home/travis/build/icyphy/ptII/ptolemy/actor/lib/test/auto/knownFailedTests/PublisherSubscriptionAggregatorPort.xml (RunModel)" time="0.024" />
  <testcase classname="ptolemy.util.test.junit.AutoKnownFailedTests" name="[3] /home/travis/build/icyphy/ptII/ptolemy/actor/lib/test/auto/knownFailedTests/sizedarray3.xml (RunModel)" time="0.031" />
  <testcase classname="ptolemy.util.test.junit.AutoNameArchTests" name="[0] ThereAreNoAutoArchTests (RunModel)" time="0.001" />
  <testcase classname="ptolemy.util.test.junit.AutoTests" name="[0] /home/travis/build/icyphy/ptII/ptolemy/actor/lib/test/auto/AbsoluteValue.xml (RunModel)" time="0.109" />
  <testcase classname="ptolemy.util.test.junit.AutoTests" name="[1] /home/travis/build/icyphy/ptII/ptolemy/actor/lib/test/auto/AbsoluteValue2.xml (RunModel)" time="0.077" />
  <testcase classname="ptolemy.util.test.junit.AutoTests" name="[2] /home/travis/build/icyphy/ptII/ptolemy/actor/lib/test/auto/Accumulator.xml (RunModel)" time="0.083" />
  <testcase classname="ptolemy.util.test.junit.AutoTests" name="[3] /home/travis/build/icyphy/ptII/ptolemy/actor/lib/test/auto/Accumulator2.xml (RunModel)" time="0.034" />
  <testcase classname="ptolemy.util.test.junit.AutoTests" name="[4] /home/travis/build/icyphy/ptII/ptolemy/actor/lib/test/auto/Accumulator3.xml (RunModel)" time="0.03" />
  <testcase classname="ptolemy.util.test.junit.AutoTests" name="[5] /home/travis/build/icyphy/ptII/ptolemy/actor/lib/test/auto/ArrayAppend.xml (RunModel)" time="0.033" />
  <testcase classname="ptolemy.util.test.junit.AutoTests" name="[6] /home/travis/build/icyphy/ptII/ptolemy/actor/lib/test/auto/ArrayAppend2.xml (RunModel)" time="0.349" />
  <testcase classname="ptolemy.util.test.junit.AutoTests" name="[7] /home/travis/build/icyphy/ptII/ptolemy/actor/lib/test/auto/ArrayAppend3.xml (RunModel)" time="0.024" />
  <testcase classname="ptolemy.util.test.junit.AutoTests" name="[8] /home/travis/build/icyphy/ptII/ptolemy/actor/lib/test/auto/ArrayAppend4.xml (RunModel)" time="0.018" />
  <testcase classname="ptolemy.util.test.junit.AutoTests" name="[9] /home/travis/build/icyphy/ptII/ptolemy/actor/lib/test/auto/ArrayAppend5.xml (RunModel)" time="0.017" />
  <testcase classname="ptolemy.util.test.junit.AutoTests" name="[10] /home/travis/build/icyphy/ptII/ptolemy/actor/lib/test/auto/ArrayAppend6.xml (RunModel)" time="0.017" />
  <testcase classname="ptolemy.util.test.junit.AutoTests" name="[11] /home/travis/build/icyphy/ptII/ptolemy/actor/lib/test/auto/ArrayAppendPerformanceTest.xml (RunModel)" time="0.055" />
  <testcase classname="ptolemy.util.test.junit.AutoTests" name="[12] /home/travis/build/icyphy/ptII/ptolemy/actor/lib/test/auto/ArrayAppendWithEmptyInput.xml (RunModel)" time="0.057" />
  <testcase classname="ptolemy.util.test.junit.AutoTests" name="[13] /home/travis/build/icyphy/ptII/ptolemy/actor/lib/test/auto/ArrayAverage.xml (RunModel)" time="0.055" />
  <testcase classname="ptolemy.util.test.junit.AutoTests" name="[14] /home/travis/build/icyphy/ptII/ptolemy/actor/lib/test/auto/ArrayContains.xml (RunModel)" time="0.036" />
  <testcase classname="ptolemy.util.test.junit.AutoTests" name="[15] /home/travis/build/icyphy/ptII/ptolemy/actor/lib/test/auto/ArrayElement.xml (RunModel)" time="0.026" />
  <testcase classname="ptolemy.util.test.junit.AutoTests" name="[16] /home/travis/build/icyphy/ptII/ptolemy/actor/lib/test/auto/ArrayElementAsMatrix.xml (RunModel)" time="0.066" />
  <testcase classname="ptolemy.util.test.junit.AutoTests" name="[17] /home/travis/build/icyphy/ptII/ptolemy/actor/lib/test/auto/ArrayElementI.xml (RunModel)" time="0.023" />
  <testcase classname="ptolemy.util.test.junit.AutoTests" name="[18] /home/travis/build/icyphy/ptII/ptolemy/actor/lib/test/auto/ArrayExtract.xml (RunModel)" time="0.038" />
  <testcase classname="ptolemy.util.test.junit.AutoTests" name="[19] /home/travis/build/icyphy/ptII/ptolemy/actor/lib/test/auto/ArrayExtract2.xml (RunModel)" time="0.037" />
  <testcase classname="ptolemy.util.test.junit.AutoTests" name="[20] /home/travis/build/icyphy/ptII/ptolemy/actor/lib/test/auto/ArrayLength.xml (RunModel)" time="0.023" />
  <testcase classname="ptolemy.util.test.junit.AutoTests" name="[21] /home/travis/build/icyphy/ptII/ptolemy/actor/lib/test/auto/ArrayLevelCrossing.xml (RunModel)" time="0.029" />
  <testcase classname="ptolemy.util.test.junit.AutoTests" name="[22] /home/travis/build/icyphy/ptII/ptolemy/actor/lib/test/auto/ArrayLevelCrossing2.xml (RunModel)" time="0.026" />
  <testcase classname="ptolemy.util.test.junit.AutoTests" name="[23] /home/travis/build/icyphy/ptII/ptolemy/actor/lib/test/auto/ArrayPeakSearch.xml (RunModel)" time="0.038" />
  <testcase classname="ptolemy.util.test.junit.AutoTests" name="[24] /home/travis/build/icyphy/ptII/ptolemy/actor/lib/test/auto/ArrayPeakSearch2.xml (RunModel)" time="0.046" />
  <testcase classname="ptolemy.util.test.junit.AutoTests" name="[25] /home/travis/build/icyphy/ptII/ptolemy/actor/lib/test/auto/ArrayPeakSearch3.xml (RunModel)" time="0.037" />
  <testcase classname="ptolemy.util.test.junit.AutoTests" name="[26] /home/travis/build/icyphy/ptII/ptolemy/actor/lib/test/auto/ArrayRemoveElement.xml (RunModel)" time="0.044" />
  <testcase classname="ptolemy.util.test.junit.AutoTests" name="[27] /home/travis/build/icyphy/ptII/ptolemy/actor/lib/test/auto/ArraySort.xml (RunModel)" time="0.074" />
  <testcase classname="ptolemy.util.test.junit.AutoTests" name="[28] /home/travis/build/icyphy/ptII/ptolemy/actor/lib/test/auto/ArraySum.xml (RunModel)" time="0.018" />
  <testcase classname="ptolemy.util.test.junit.AutoTests" name="[29] /home/travis/build/icyphy/ptII/ptolemy/actor/lib/test/auto/ArrayToElements.xml (RunModel)" time="0.019" />
  <testcase classname="ptolemy.util.test.junit.AutoTests" name="[30] /home/travis/build/icyphy/ptII/ptolemy/actor/lib/test/auto/ArrayToMatrix.xml (RunModel)" time="0.049" />
  <testcase classname="ptolemy.util.test.junit.AutoTests" name="[31] /home/travis/build/icyphy/ptII/ptolemy/actor/lib/test/auto/ArrayUpdate1.xml (RunModel)" time="0.017" />
  <testcase classname="ptolemy.util.test.junit.AutoTests" name="[32] /home/travis/build/icyphy/ptII/ptolemy/actor/lib/test/auto/ArrayUpdate2.xml (RunModel)" time="0.018" />
  <testcase classname="ptolemy.util.test.junit.AutoTests" name="[33] /home/travis/build/icyphy/ptII/ptolemy/actor/lib/test/auto/ArrayUpdate3.xml (RunModel)" time="0.016" />
  <testcase classname="ptolemy.util.test.junit.AutoTests" name="[34] /home/travis/build/icyphy/ptII/ptolemy/actor/lib/test/auto/Assert1.xml (RunModel)" time="0.024" />
  <testcase classname="ptolemy.util.test.junit.AutoTests" name="[35] /home/travis/build/icyphy/ptII/ptolemy/actor/lib/test/auto/Assert2.xml (RunModel)" time="0.029" />
  <testcase classname="ptolemy.util.test.junit.AutoTests" name="[36] /home/travis/build/icyphy/ptII/ptolemy/actor/lib/test/auto/BooleanMultiplexor.xml (RunModel)" time="0.026" />
  <testcase classname="ptolemy.util.test.junit.AutoTests" name="[37] /home/travis/build/icyphy/ptII/ptolemy/actor/lib/test/auto/BooleanMultiplexor2.xml (RunModel)" time="0.029" />
  <testcase classname="ptolemy.util.test.junit.AutoTests" name="[38] /home/travis/build/icyphy/ptII/ptolemy/actor/lib/test/auto/BooleanMultiplexor3.xml (RunModel)" time="0.028" />
  <testcase classname="ptolemy.util.test.junit.AutoTests" name="[39] /home/travis/build/icyphy/ptII/ptolemy/actor/lib/test/auto/BooleanSelect.xml (RunModel)" time="0.024" />
  <testcase classname="ptolemy.util.test.junit.AutoTests" name="[40] /home/travis/build/icyphy/ptII/ptolemy/actor/lib/test/auto/BooleanSelect2.xml (RunModel)" time="0.02" />
  <testcase classname="ptolemy.util.test.junit.AutoTests" name="[41] /home/travis/build/icyphy/ptII/ptolemy/actor/lib/test/auto/BooleanSwitch.xml (RunModel)" time="0.021" />
  <testcase classname="ptolemy.util.test.junit.AutoTests" name="[42] /home/travis/build/icyphy/ptII/ptolemy/actor/lib/test/auto/BooleanSwitch2.xml (RunModel)" time="0.015" />
  <testcase classname="ptolemy.util.test.junit.AutoTests" name="[43] /home/travis/build/icyphy/ptII/ptolemy/actor/lib/test/auto/BooleanSwitchCloningBugWithClassRelationGroup.xml (RunModel)" time="0.029" />
  <testcase classname="ptolemy.util.test.junit.AutoTests" name="[44] /home/travis/build/icyphy/ptII/ptolemy/actor/lib/test/auto/BusActors.xml (RunModel)" time="0.033" />
  <testcase classname="ptolemy.util.test.junit.AutoTests" name="[45] /home/travis/build/icyphy/ptII/ptolemy/actor/lib/test/auto/ClassWrapper.xml (RunModel)" time="0.012" />
  <testcase classname="ptolemy.util.test.junit.AutoTests" name="[46] /home/travis/build/icyphy/ptII/ptolemy/actor/lib/test/auto/Clock.xml (RunModel)" time="0.02" />
  <testcase classname="ptolemy.util.test.junit.AutoTests" name="[47] /home/travis/build/icyphy/ptII/ptolemy/actor/lib/test/auto/Clock10.xml (RunModel)" time="0.028" />
  <testcase classname="ptolemy.util.test.junit.AutoTests" name="[48] /home/travis/build/icyphy/ptII/ptolemy/actor/lib/test/auto/Clock11.xml (RunModel)" time="0.021" />
  <testcase classname="ptolemy.util.test.junit.AutoTests" name="[49] /home/travis/build/icyphy/ptII/ptolemy/actor/lib/test/auto/Clock12.xml (RunModel)" time="0.016" />
  <testcase classname="ptolemy.util.test.junit.AutoTests" name="[50] /home/travis/build/icyphy/ptII/ptolemy/actor/lib/test/auto/Clock13.xml (RunModel)" time="0.027" />
  <testcase classname="ptolemy.util.test.junit.AutoTests" name="[51] /home/travis/build/icyphy/ptII/ptolemy/actor/lib/test/auto/Clock14.xml (RunModel)" time="0.023" />
  <testcase classname="ptolemy.util.test.junit.AutoTests" name="[52] /home/travis/build/icyphy/ptII/ptolemy/actor/lib/test/auto/Clock15.xml (RunModel)" time="0.017" />
  <testcase classname="ptolemy.util.test.junit.AutoTests" name="[53] /home/travis/build/icyphy/ptII/ptolemy/actor/lib/test/auto/Clock16.xml (RunModel)" time="0.085" />
  <testcase classname="ptolemy.util.test.junit.AutoTests" name="[54] /home/travis/build/icyphy/ptII/ptolemy/actor/lib/test/auto/Clock17.xml (RunModel)" time="0.082" />
  <testcase classname="ptolemy.util.test.junit.AutoTests" name="[55] /home/travis/build/icyphy/ptII/ptolemy/actor/lib/test/auto/Clock18.xml (RunModel)" time="0.049" />
  <testcase classname="ptolemy.util.test.junit.AutoTests" name="[56] /home/travis/build/icyphy/ptII/ptolemy/actor/lib/test/auto/Clock19.xml (RunModel)" time="0.043" />
  <testcase classname="ptolemy.util.test.junit.AutoTests" name="[57] /home/travis/build/icyphy/ptII/ptolemy/actor/lib/test/auto/Clock2.xml (RunModel)" time="0.015" />
  <testcase classname="ptolemy.util.test.junit.AutoTests" name="[58] /home/travis/build/icyphy/ptII/ptolemy/actor/lib/test/auto/Clock20.xml (RunModel)" time="0.029" />
  <testcase classname="ptolemy.util.test.junit.AutoTests" name="[59] /home/travis/build/icyphy/ptII/ptolemy/actor/lib/test/auto/Clock21.xml (RunModel)" time="0.016" />
  <testcase classname="ptolemy.util.test.junit.AutoTests" name="[60] /home/travis/build/icyphy/ptII/ptolemy/actor/lib/test/auto/Clock22.xml (RunModel)" time="0.015" />
  <testcase classname="ptolemy.util.test.junit.AutoTests" name="[61] /home/travis/build/icyphy/ptII/ptolemy/actor/lib/test/auto/Clock23.xml (RunModel)" time="0.013" />
  <testcase classname="ptolemy.util.test.junit.AutoTests" name="[62] /home/travis/build/icyphy/ptII/ptolemy/actor/lib/test/auto/Clock24.xml (RunModel)" time="0.015" />
  <testcase classname="ptolemy.util.test.junit.AutoTests" name="[63] /home/travis/build/icyphy/ptII/ptolemy/actor/lib/test/auto/Clock4.xml (RunModel)" time="0.013" />
  <testcase classname="ptolemy.util.test.junit.AutoTests" name="[64] /home/travis/build/icyphy/ptII/ptolemy/actor/lib/test/auto/Clock5.xml (RunModel)" time="0.021" />
  <testcase classname="ptolemy.util.test.junit.AutoTests" name="[65] /home/travis/build/icyphy/ptII/ptolemy/actor/lib/test/auto/Clock6.xml (RunModel)" time="0.01" />
  <testcase classname="ptolemy.util.test.junit.AutoTests" name="[66] /home/travis/build/icyphy/ptII/ptolemy/actor/lib/test/auto/Clock7.xml (RunModel)" time="0.012" />
  <testcase classname="ptolemy.util.test.junit.AutoTests" name="[67] /home/travis/build/icyphy/ptII/ptolemy/actor/lib/test/auto/Clock8.xml (RunModel)" time="0.015" />
  <testcase classname="ptolemy.util.test.junit.AutoTests" name="[68] /home/travis/build/icyphy/ptII/ptolemy/actor/lib/test/auto/Clock9.xml (RunModel)" time="0.019" />
  <testcase classname="ptolemy.util.test.junit.AutoTests" name="[69] /home/travis/build/icyphy/ptII/ptolemy/actor/lib/test/auto/CommDistDiscard.xml (RunModel)" time="0.024" />
  <testcase classname="ptolemy.util.test.junit.AutoTests" name="[70] /home/travis/build/icyphy/ptII/ptolemy/actor/lib/test/auto/Commutator.xml (RunModel)" time="0.018" />
  <testcase classname="ptolemy.util.test.junit.AutoTests" name="[71] /home/travis/build/icyphy/ptII/ptolemy/actor/lib/test/auto/Commutator2.xml (RunModel)" time="0.013" />
  <testcase classname="ptolemy.util.test.junit.AutoTests" name="[72] /home/travis/build/icyphy/ptII/ptolemy/actor/lib/test/auto/Commutator3.xml (RunModel)" time="0.013" />
  <testcase classname="ptolemy.util.test.junit.AutoTests" name="[73] /home/travis/build/icyphy/ptII/ptolemy/actor/lib/test/auto/Compare.xml (RunModel)" time="0.022" />
  <testcase classname="ptolemy.util.test.junit.AutoTests" name="[74] /home/travis/build/icyphy/ptII/ptolemy/actor/lib/test/auto/CompareDE.xml (RunModel)" time="0.022" />
  <testcase classname="ptolemy.util.test.junit.AutoTests" name="[75] /home/travis/build/icyphy/ptII/ptolemy/actor/lib/test/auto/ComplexDivide.xml (RunModel)" time="0.01" />
  <testcase classname="ptolemy.util.test.junit.AutoTests" name="[76] /home/travis/build/icyphy/ptII/ptolemy/actor/lib/test/auto/ComputeHistogram.xml (RunModel)" time="0.075" />
  <testcase classname="ptolemy.util.test.junit.AutoTests" name="[77] /home/travis/build/icyphy/ptII/ptolemy/actor/lib/test/auto/ConfigurationSelect.xml (RunModel)" time="0.019" />
  <testcase classname="ptolemy.util.test.junit.AutoTests" name="[78] /home/travis/build/icyphy/ptII/ptolemy/actor/lib/test/auto/ConfigurationSelect2.xml (RunModel)" time="0.016" />
  <testcase classname="ptolemy.util.test.junit.AutoTests" name="[79] /home/travis/build/icyphy/ptII/ptolemy/actor/lib/test/auto/ConfigurationSwitch.xml (RunModel)" time="0.039" />
  <testcase classname="ptolemy.util.test.junit.AutoTests" name="[80] /home/travis/build/icyphy/ptII/ptolemy/actor/lib/test/auto/ConfigurationSwitch2.xml (RunModel)" time="0.029" />
  <testcase classname="ptolemy.util.test.junit.AutoTests" name="[81] /home/travis/build/icyphy/ptII/ptolemy/actor/lib/test/auto/ConfigurationSwitchCloningBugWithClassRelationGroup.xml (RunModel)" time="0.022" />
  <testcase classname="ptolemy.util.test.junit.AutoTests" name="[82] /home/travis/build/icyphy/ptII/ptolemy/actor/lib/test/auto/ConfigurationSwitchSelectSDF.xml (RunModel)" time="0.027" />
  <testcase classname="ptolemy.util.test.junit.AutoTests" name="[83] /home/travis/build/icyphy/ptII/ptolemy/actor/lib/test/auto/ConfigurationSwitchSelectSDF2.xml (RunModel)" time="0.015" />
  <testcase classname="ptolemy.util.test.junit.AutoTests" name="[84] /home/travis/build/icyphy/ptII/ptolemy/actor/lib/test/auto/Const.xml (RunModel)" time="0.037" />
  <testcase classname="ptolemy.util.test.junit.AutoTests" name="[85] /home/travis/build/icyphy/ptII/ptolemy/actor/lib/test/auto/Const2.xml (RunModel)" time="0.011" />
  <testcase classname="ptolemy.util.test.junit.AutoTests" name="[86] /home/travis/build/icyphy/ptII/ptolemy/actor/lib/test/auto/Const3.xml (RunModel)" time="0.008" />
  <testcase classname="ptolemy.util.test.junit.AutoTests" name="[87] /home/travis/build/icyphy/ptII/ptolemy/actor/lib/test/auto/ConstantPublisherPort1.xml (RunModel)" time="0.025" />
  <testcase classname="ptolemy.util.test.junit.AutoTests" name="[88] /home/travis/build/icyphy/ptII/ptolemy/actor/lib/test/auto/ConstantPublisherPort2.xml (RunModel)" time="0.023" />
  <testcase classname="ptolemy.util.test.junit.AutoTests" name="[89] /home/travis/build/icyphy/ptII/ptolemy/actor/lib/test/auto/ConstantPublisherPort3.xml (RunModel)" time="0.022" />
  <testcase classname="ptolemy.util.test.junit.AutoTests" name="[90] /home/travis/build/icyphy/ptII/ptolemy/actor/lib/test/auto/ConstantPublisherPort4.xml (RunModel)" time="0.018" />
  <testcase classname="ptolemy.util.test.junit.AutoTests" name="[91] /home/travis/build/icyphy/ptII/ptolemy/actor/lib/test/auto/ConstantPublisherPort5.xml (RunModel)" time="0.032" />
  <testcase classname="ptolemy.util.test.junit.AutoTests" name="[92] /home/travis/build/icyphy/ptII/ptolemy/actor/lib/test/auto/ConstantPublisherPort6.xml (RunModel)" time="0.025" />
  <testcase classname="ptolemy.util.test.junit.AutoTests" name="[93] /home/travis/build/icyphy/ptII/ptolemy/actor/lib/test/auto/ConstantPublisherPort7.xml (RunModel)" time="0.032" />
  <testcase classname="ptolemy.util.test.junit.AutoTests" name="[94] /home/travis/build/icyphy/ptII/ptolemy/actor/lib/test/auto/ConstraintMonitor1.xml (RunModel)" time="0.036" />
  <testcase classname="ptolemy.util.test.junit.AutoTests" name="[95] /home/travis/build/icyphy/ptII/ptolemy/actor/lib/test/auto/ConstraintMonitor2.xml (RunModel)" time="0.011" />
  <testcase classname="ptolemy.util.test.junit.AutoTests" name="[96] /home/travis/build/icyphy/ptII/ptolemy/actor/lib/test/auto/ConstraintMonitor3.xml (RunModel)" time="0.015" />
  <testcase classname="ptolemy.util.test.junit.AutoTests" name="[97] /home/travis/build/icyphy/ptII/ptolemy/actor/lib/test/auto/ConstraintMonitor4.xml (RunModel)" time="0.012" />
  <testcase classname="ptolemy.util.test.junit.AutoTests" name="[98] /home/travis/build/icyphy/ptII/ptolemy/actor/lib/test/auto/ConstraintMonitor5.xml (RunModel)" time="0.016" />
  <testcase classname="ptolemy.util.test.junit.AutoTests" name="[99] /home/travis/build/icyphy/ptII/ptolemy/actor/lib/test/auto/ConstraintMonitor6.xml (RunModel)" time="0.013" />
  <testcase classname="ptolemy.util.test.junit.AutoTests" name="[100] /home/travis/build/icyphy/ptII/ptolemy/actor/lib/test/auto/ConstraintMonitor7.xml (RunModel)" time="0.017" />
  <testcase classname="ptolemy.util.test.junit.AutoTests" name="[101] /home/travis/build/icyphy/ptII/ptolemy/actor/lib/test/auto/ConstraintMonitor8.xml (RunModel)" time="0.019" />
  <testcase classname="ptolemy.util.test.junit.AutoTests" name="[102] /home/travis/build/icyphy/ptII/ptolemy/actor/lib/test/auto/Counter.xml (RunModel)" time="0.012" />
  <testcase classname="ptolemy.util.test.junit.AutoTests" name="[103] /home/travis/build/icyphy/ptII/ptolemy/actor/lib/test/auto/CurrentTimeSDF.xml (RunModel)" time="0.009" />
  <testcase classname="ptolemy.util.test.junit.AutoTests" name="[104] /home/travis/build/icyphy/ptII/ptolemy/actor/lib/test/auto/DB.xml (RunModel)" time="0.014" />
  <testcase classname="ptolemy.util.test.junit.AutoTests" name="[105] /home/travis/build/icyphy/ptII/ptolemy/actor/lib/test/auto/DBDE.xml (RunModel)" time="0.015" />
  <testcase classname="ptolemy.util.test.junit.AutoTests" name="[106] /home/travis/build/icyphy/ptII/ptolemy/actor/lib/test/auto/DateConstructor.xml (RunModel)" time="0.067" />
  <testcase classname="ptolemy.util.test.junit.AutoTests" name="[107] /home/travis/build/icyphy/ptII/ptolemy/actor/lib/test/auto/DelayTime.xml (RunModel)" time="0.017" />
  <testcase classname="ptolemy.util.test.junit.AutoTests" name="[108] /home/travis/build/icyphy/ptII/ptolemy/actor/lib/test/auto/Dictionary1.xml (RunModel)" time="0.023" />
  <testcase classname="ptolemy.util.test.junit.AutoTests" name="[109] /home/travis/build/icyphy/ptII/ptolemy/actor/lib/test/auto/Dictionary2.xml (RunModel)" time="0.018" />
  <testcase classname="ptolemy.util.test.junit.AutoTests" name="[110] /home/travis/build/icyphy/ptII/ptolemy/actor/lib/test/auto/Dictionary3.xml (RunModel)" time="0.018" />
  <testcase classname="ptolemy.util.test.junit.AutoTests" name="[111] /home/travis/build/icyphy/ptII/ptolemy/actor/lib/test/auto/Dictionary4.xml (RunModel)" time="0.027" />
  <testcase classname="ptolemy.util.test.junit.AutoTests" name="[112] /home/travis/build/icyphy/ptII/ptolemy/actor/lib/test/auto/Differential.xml (RunModel)" time="0.014" />
  <testcase classname="ptolemy.util.test.junit.AutoTests" name="[113] /home/travis/build/icyphy/ptII/ptolemy/actor/lib/test/auto/Director.xml (RunModel)" time="0.009" />
  <testcase classname="ptolemy.util.test.junit.AutoTests" name="[114] /home/travis/build/icyphy/ptII/ptolemy/actor/lib/test/auto/DiscreteClock.xml (RunModel)" time="0.009" />
  <testcase classname="ptolemy.util.test.junit.AutoTests" name="[115] /home/travis/build/icyphy/ptII/ptolemy/actor/lib/test/auto/DiscreteClock10.xml (RunModel)" time="0.012" />
  <testcase classname="ptolemy.util.test.junit.AutoTests" name="[116] /home/travis/build/icyphy/ptII/ptolemy/actor/lib/test/auto/DiscreteClock11.xml (RunModel)" time="0.012" />
  <testcase classname="ptolemy.util.test.junit.AutoTests" name="[117] /home/travis/build/icyphy/ptII/ptolemy/actor/lib/test/auto/DiscreteClock12.xml (RunModel)" time="0.012" />
  <testcase classname="ptolemy.util.test.junit.AutoTests" name="[118] /home/travis/build/icyphy/ptII/ptolemy/actor/lib/test/auto/DiscreteClock13.xml (RunModel)" time="0.016" />
  <testcase classname="ptolemy.util.test.junit.AutoTests" name="[119] /home/travis/build/icyphy/ptII/ptolemy/actor/lib/test/auto/DiscreteClock14.xml (RunModel)" time="0.016" />
  <testcase classname="ptolemy.util.test.junit.AutoTests" name="[120] /home/travis/build/icyphy/ptII/ptolemy/actor/lib/test/auto/DiscreteClock15.xml (RunModel)" time="0.016" />
  <testcase classname="ptolemy.util.test.junit.AutoTests" name="[121] /home/travis/build/icyphy/ptII/ptolemy/actor/lib/test/auto/DiscreteClock16.xml (RunModel)" time="0.038" />
  <testcase classname="ptolemy.util.test.junit.AutoTests" name="[122] /home/travis/build/icyphy/ptII/ptolemy/actor/lib/test/auto/DiscreteClock17.xml (RunModel)" time="0.04" />
  <testcase classname="ptolemy.util.test.junit.AutoTests" name="[123] /home/travis/build/icyphy/ptII/ptolemy/actor/lib/test/auto/DiscreteClock18.xml (RunModel)" time="0.041" />
  <testcase classname="ptolemy.util.test.junit.AutoTests" name="[124] /home/travis/build/icyphy/ptII/ptolemy/actor/lib/test/auto/DiscreteClock19.xml (RunModel)" time="0.039" />
  <testcase classname="ptolemy.util.test.junit.AutoTests" name="[125] /home/travis/build/icyphy/ptII/ptolemy/actor/lib/test/auto/DiscreteClock2.xml (RunModel)" time="0.009" />
  <testcase classname="ptolemy.util.test.junit.AutoTests" name="[126] /home/travis/build/icyphy/ptII/ptolemy/actor/lib/test/auto/DiscreteClock20.xml (RunModel)" time="0.031" />
  <testcase classname="ptolemy.util.test.junit.AutoTests" name="[127] /home/travis/build/icyphy/ptII/ptolemy/actor/lib/test/auto/DiscreteClock21.xml (RunModel)" time="0.016" />
  <testcase classname="ptolemy.util.test.junit.AutoTests" name="[128] /home/travis/build/icyphy/ptII/ptolemy/actor/lib/test/auto/DiscreteClock22.xml (RunModel)" time="0.012" />
  <testcase classname="ptolemy.util.test.junit.AutoTests" name="[129] /home/travis/build/icyphy/ptII/ptolemy/actor/lib/test/auto/DiscreteClock23.xml (RunModel)" time="0.017" />
  <testcase classname="ptolemy.util.test.junit.AutoTests" name="[130] /home/travis/build/icyphy/ptII/ptolemy/actor/lib/test/auto/DiscreteClock24.xml (RunModel)" time="0.525" />
  <testcase classname="ptolemy.util.test.junit.AutoTests" name="[131] /home/travis/build/icyphy/ptII/ptolemy/actor/lib/test/auto/DiscreteClock4.xml (RunModel)" time="0.026" />
  <testcase classname="ptolemy.util.test.junit.AutoTests" name="[132] /home/travis/build/icyphy/ptII/ptolemy/actor/lib/test/auto/DiscreteClock5.xml (RunModel)" time="0.01" />
  <testcase classname="ptolemy.util.test.junit.AutoTests" name="[133] /home/travis/build/icyphy/ptII/ptolemy/actor/lib/test/auto/DiscreteClock6.xml (RunModel)" time="0.008" />
  <testcase classname="ptolemy.util.test.junit.AutoTests" name="[134] /home/travis/build/icyphy/ptII/ptolemy/actor/lib/test/auto/DiscreteClock7.xml (RunModel)" time="0.012" />
  <testcase classname="ptolemy.util.test.junit.AutoTests" name="[135] /home/travis/build/icyphy/ptII/ptolemy/actor/lib/test/auto/DiscreteClock8.xml (RunModel)" time="0.014" />
  <testcase classname="ptolemy.util.test.junit.AutoTests" name="[136] /home/travis/build/icyphy/ptII/ptolemy/actor/lib/test/auto/DiscreteClock9.xml (RunModel)" time="0.016" />
  <testcase classname="ptolemy.util.test.junit.AutoTests" name="[137] /home/travis/build/icyphy/ptII/ptolemy/actor/lib/test/auto/DisplayArray.xml (RunModel)" time="0.028" />
  <testcase classname="ptolemy.util.test.junit.AutoTests" name="[138] /home/travis/build/icyphy/ptII/ptolemy/actor/lib/test/auto/Distributor.xml (RunModel)" time="0.01" />
  <testcase classname="ptolemy.util.test.junit.AutoTests" name="[139] /home/travis/build/icyphy/ptII/ptolemy/actor/lib/test/auto/Distributor2.xml (RunModel)" time="0.01" />
  <testcase classname="ptolemy.util.test.junit.AutoTests" name="[140] /home/travis/build/icyphy/ptII/ptolemy/actor/lib/test/auto/DownSample.xml (RunModel)" time="0.011" />
  <testcase classname="ptolemy.util.test.junit.AutoTests" name="[141] /home/travis/build/icyphy/ptII/ptolemy/actor/lib/test/auto/ElectronicUnitBase1.xml (RunModel)" time="0.06" />
  <testcase classname="ptolemy.util.test.junit.AutoTests" name="[142] /home/travis/build/icyphy/ptII/ptolemy/actor/lib/test/auto/ElementsToArray.xml (RunModel)" time="0.01" />
  <testcase classname="ptolemy.util.test.junit.AutoTests" name="[143] /home/travis/build/icyphy/ptII/ptolemy/actor/lib/test/auto/Equals.xml (RunModel)" time="0.012" />
  <testcase classname="ptolemy.util.test.junit.AutoTests" name="[144] /home/travis/build/icyphy/ptII/ptolemy/actor/lib/test/auto/Exec.xml (RunModel)" time="0.021" />
  <testcase classname="ptolemy.util.test.junit.AutoTests" name="[145] /home/travis/build/icyphy/ptII/ptolemy/actor/lib/test/auto/ExecEnvironment.xml (RunModel)" time="0.04" />
  <testcase classname="ptolemy.util.test.junit.AutoTests" name="[146] /home/travis/build/icyphy/ptII/ptolemy/actor/lib/test/auto/ExecNonZeroReturnOutput.xml (RunModel)" time="0.147" />
  <testcase classname="ptolemy.util.test.junit.AutoTests" name="[147] /home/travis/build/icyphy/ptII/ptolemy/actor/lib/test/auto/ExecRunDemos.xml (RunModel)" time="9.677" />
  <testcase classname="ptolemy.util.test.junit.AutoTests" name="[148] /home/travis/build/icyphy/ptII/ptolemy/actor/lib/test/auto/ExecStop.xml (RunModel)" time="5.024" />
  <testcase classname="ptolemy.util.test.junit.AutoTests" name="[149] /home/travis/build/icyphy/ptII/ptolemy/actor/lib/test/auto/ExecutionTimeSDF.xml (RunModel)" time="6.028" />
  <testcase classname="ptolemy.util.test.junit.AutoTests" name="[150] /home/travis/build/icyphy/ptII/ptolemy/actor/lib/test/auto/Expression1.xml (RunModel)" time="0.018" />
  <testcase classname="ptolemy.util.test.junit.AutoTests" name="[151] /home/travis/build/icyphy/ptII/ptolemy/actor/lib/test/auto/Expression10.xml (RunModel)" time="0.019" />
  <testcase classname="ptolemy.util.test.junit.AutoTests" name="[152] /home/travis/build/icyphy/ptII/ptolemy/actor/lib/test/auto/Expression11.xml (RunModel)" time="0.015" />
  <testcase classname="ptolemy.util.test.junit.AutoTests" name="[153] /home/travis/build/icyphy/ptII/ptolemy/actor/lib/test/auto/Expression12.xml (RunModel)" time="0.017" />
  <testcase classname="ptolemy.util.test.junit.AutoTests" name="[154] /home/travis/build/icyphy/ptII/ptolemy/actor/lib/test/auto/Expression13.xml (RunModel)" time="0.023" />
  <testcase classname="ptolemy.util.test.junit.AutoTests" name="[155] /home/travis/build/icyphy/ptII/ptolemy/actor/lib/test/auto/Expression14.xml (RunModel)" time="0.031" />
  <testcase classname="ptolemy.util.test.junit.AutoTests" name="[156] /home/travis/build/icyphy/ptII/ptolemy/actor/lib/test/auto/Expression15.xml (RunModel)" time="0.008" />
  <testcase classname="ptolemy.util.test.junit.AutoTests" name="[157] /home/travis/build/icyphy/ptII/ptolemy/actor/lib/test/auto/Expression16.xml (RunModel)" time="0.015" />
  <testcase classname="ptolemy.util.test.junit.AutoTests" name="[158] /home/travis/build/icyphy/ptII/ptolemy/actor/lib/test/auto/Expression17.xml (RunModel)" time="0.013" />
  <testcase classname="ptolemy.util.test.junit.AutoTests" name="[159] /home/travis/build/icyphy/ptII/ptolemy/actor/lib/test/auto/Expression18.xml (RunModel)" time="0.015" />
  <testcase classname="ptolemy.util.test.junit.AutoTests" name="[160] /home/travis/build/icyphy/ptII/ptolemy/actor/lib/test/auto/Expression2.xml (RunModel)" time="0.014" />
  <testcase classname="ptolemy.util.test.junit.AutoTests" name="[161] /home/travis/build/icyphy/ptII/ptolemy/actor/lib/test/auto/Expression3.xml (RunModel)" time="0.015" />
  <testcase classname="ptolemy.util.test.junit.AutoTests" name="[162] /home/travis/build/icyphy/ptII/ptolemy/actor/lib/test/auto/Expression4.xml (RunModel)" time="0.021" />
  <testcase classname="ptolemy.util.test.junit.AutoTests" name="[163] /home/travis/build/icyphy/ptII/ptolemy/actor/lib/test/auto/Expression5.xml (RunModel)" time="0.015" />
  <testcase classname="ptolemy.util.test.junit.AutoTests" name="[164] /home/travis/build/icyphy/ptII/ptolemy/actor/lib/test/auto/Expression6.xml (RunModel)" time="0.012" />
  <testcase classname="ptolemy.util.test.junit.AutoTests" name="[165] /home/travis/build/icyphy/ptII/ptolemy/actor/lib/test/auto/Expression7.xml (RunModel)" time="0.015" />
  <testcase classname="ptolemy.util.test.junit.AutoTests" name="[166] /home/travis/build/icyphy/ptII/ptolemy/actor/lib/test/auto/Expression8.xml (RunModel)" time="0.022" />
  <testcase classname="ptolemy.util.test.junit.AutoTests" name="[167] /home/travis/build/icyphy/ptII/ptolemy/actor/lib/test/auto/Expression9.xml (RunModel)" time="0.013" />
  <testcase classname="ptolemy.util.test.junit.AutoTests" name="[168] /home/travis/build/icyphy/ptII/ptolemy/actor/lib/test/auto/ExpressionConcatenateArrayType.xml (RunModel)" time="0.047" />
  <testcase classname="ptolemy.util.test.junit.AutoTests" name="[169] /home/travis/build/icyphy/ptII/ptolemy/actor/lib/test/auto/ExpressionConcatenateArrayType2.xml (RunModel)" time="0.037" />
  <testcase classname="ptolemy.util.test.junit.AutoTests" name="[170] /home/travis/build/icyphy/ptII/ptolemy/actor/lib/test/auto/ExpressionFix.xml (RunModel)" time="0.05" />
  <testcase classname="ptolemy.util.test.junit.AutoTests" name="[171] /home/travis/build/icyphy/ptII/ptolemy/actor/lib/test/auto/ExpressionFix2.xml (RunModel)" time="0.013" />
  <testcase classname="ptolemy.util.test.junit.AutoTests" name="[172] /home/travis/build/icyphy/ptII/ptolemy/actor/lib/test/auto/ExpressionFix3.xml (RunModel)" time="0.017" />
  <testcase classname="ptolemy.util.test.junit.AutoTests" name="[173] /home/travis/build/icyphy/ptII/ptolemy/actor/lib/test/auto/FileWriter1.xml (RunModel)" time="0.018" />
  <testcase classname="ptolemy.util.test.junit.AutoTests" name="[174] /home/travis/build/icyphy/ptII/ptolemy/actor/lib/test/auto/FileWriter2.xml (RunModel)" time="0.009" />
  <testcase classname="ptolemy.util.test.junit.AutoTests" name="[175] /home/travis/build/icyphy/ptII/ptolemy/actor/lib/test/auto/FileWriter3.xml (RunModel)" time="0.011" />
  <testcase classname="ptolemy.util.test.junit.AutoTests" name="[176] /home/travis/build/icyphy/ptII/ptolemy/actor/lib/test/auto/Gaussian.xml (RunModel)" time="0.024" />
  <testcase classname="ptolemy.util.test.junit.AutoTests" name="[177] /home/travis/build/icyphy/ptII/ptolemy/actor/lib/test/auto/Gaussian1.xml (RunModel)" time="0.037" />
  <testcase classname="ptolemy.util.test.junit.AutoTests" name="[178] /home/travis/build/icyphy/ptII/ptolemy/actor/lib/test/auto/Gaussian2.xml (RunModel)" time="0.014" />
  <testcase classname="ptolemy.util.test.junit.AutoTests" name="[179] /home/travis/build/icyphy/ptII/ptolemy/actor/lib/test/auto/GradientAdaptiveLattice.xml (RunModel)" time="0.015" />
  <testcase classname="ptolemy.util.test.junit.AutoTests" name="[180] /home/travis/build/icyphy/ptII/ptolemy/actor/lib/test/auto/IIR.xml (RunModel)" time="0.01" />
  <testcase classname="ptolemy.util.test.junit.AutoTests" name="[181] /home/travis/build/icyphy/ptII/ptolemy/actor/lib/test/auto/InputOutputTransparentPorts.xml (RunModel)" time="0.019" />
  <testcase classname="ptolemy.util.test.junit.AutoTests" name="[182] /home/travis/build/icyphy/ptII/ptolemy/actor/lib/test/auto/Interpolator.xml (RunModel)" time="0.01" />
  <testcase classname="ptolemy.util.test.junit.AutoTests" name="[183] /home/travis/build/icyphy/ptII/ptolemy/actor/lib/test/auto/InterpolatorFiringLimitDE.xml (RunModel)" time="0.012" />
  <testcase classname="ptolemy.util.test.junit.AutoTests" name="[184] /home/travis/build/icyphy/ptII/ptolemy/actor/lib/test/auto/Lattice.xml (RunModel)" time="0.008" />
  <testcase classname="ptolemy.util.test.junit.AutoTests" name="[185] /home/travis/build/icyphy/ptII/ptolemy/actor/lib/test/auto/LazyAOCTestLazy.xml (RunModel)" time="0.019" />
  <testcase classname="ptolemy.util.test.junit.AutoTests" name="[186] /home/travis/build/icyphy/ptII/ptolemy/actor/lib/test/auto/LazyAOCTestNonLazy.xml (RunModel)" time="0.014" />
  <testcase classname="ptolemy.util.test.junit.AutoTests" name="[187] /home/travis/build/icyphy/ptII/ptolemy/actor/lib/test/auto/LazyInnerClass.xml (RunModel)" time="0.018" />
  <testcase classname="ptolemy.util.test.junit.AutoTests" name="[188] /home/travis/build/icyphy/ptII/ptolemy/actor/lib/test/auto/LazyPubSub.xml (RunModel)" time="0.028" />
  <testcase classname="ptolemy.util.test.junit.AutoTests" name="[189] /home/travis/build/icyphy/ptII/ptolemy/actor/lib/test/auto/LazyPubSub2.xml (RunModel)" time="0.026" />
  <testcase classname="ptolemy.util.test.junit.AutoTests" name="[190] /home/travis/build/icyphy/ptII/ptolemy/actor/lib/test/auto/LazyPubSub3.xml (RunModel)" time="0.028" />
  <testcase classname="ptolemy.util.test.junit.AutoTests" name="[191] /home/travis/build/icyphy/ptII/ptolemy/actor/lib/test/auto/LazySubClassModel.xml (RunModel)" time="0.021" />
  <testcase classname="ptolemy.util.test.junit.AutoTests" name="[192] /home/travis/build/icyphy/ptII/ptolemy/actor/lib/test/auto/LevelCrossTest1.xml (RunModel)" time="0.01" />
  <testcase classname="ptolemy.util.test.junit.AutoTests" name="[193] /home/travis/build/icyphy/ptII/ptolemy/actor/lib/test/auto/LevelCrossTest10.xml (RunModel)" time="0.015" />
  <testcase classname="ptolemy.util.test.junit.AutoTests" name="[194] /home/travis/build/icyphy/ptII/ptolemy/actor/lib/test/auto/LevelCrossTest11.xml (RunModel)" time="0.013" />
  <testcase classname="ptolemy.util.test.junit.AutoTests" name="[195] /home/travis/build/icyphy/ptII/ptolemy/actor/lib/test/auto/LevelCrossTest12.xml (RunModel)" time="0.014" />
  <testcase classname="ptolemy.util.test.junit.AutoTests" name="[196] /home/travis/build/icyphy/ptII/ptolemy/actor/lib/test/auto/LevelCrossTest13.xml (RunModel)" time="0.013" />
  <testcase classname="ptolemy.util.test.junit.AutoTests" name="[197] /home/travis/build/icyphy/ptII/ptolemy/actor/lib/test/auto/LevelCrossTest2.xml (RunModel)" time="0.027" />
  <testcase classname="ptolemy.util.test.junit.AutoTests" name="[198] /home/travis/build/icyphy/ptII/ptolemy/actor/lib/test/auto/LevelCrossTest3.xml (RunModel)" time="0.018" />
  <testcase classname="ptolemy.util.test.junit.AutoTests" name="[199] /home/travis/build/icyphy/ptII/ptolemy/actor/lib/test/auto/LevelCrossTest4.xml (RunModel)" time="0.011" />
  <testcase classname="ptolemy.util.test.junit.AutoTests" name="[200] /home/travis/build/icyphy/ptII/ptolemy/actor/lib/test/auto/LevelCrossTest5.xml (RunModel)" time="0.016" />
  <testcase classname="ptolemy.util.test.junit.AutoTests" name="[201] /home/travis/build/icyphy/ptII/ptolemy/actor/lib/test/auto/LevelCrossTest6.xml (RunModel)" time="0.013" />
  <testcase classname="ptolemy.util.test.junit.AutoTests" name="[202] /home/travis/build/icyphy/ptII/ptolemy/actor/lib/test/auto/LevelCrossTest7.xml (RunModel)" time="0.024" />
  <testcase classname="ptolemy.util.test.junit.AutoTests" name="[203] /home/travis/build/icyphy/ptII/ptolemy/actor/lib/test/auto/LevelCrossTest8.xml (RunModel)" time="0.017" />
  <testcase classname="ptolemy.util.test.junit.AutoTests" name="[204] /home/travis/build/icyphy/ptII/ptolemy/actor/lib/test/auto/LevelCrossTest9.xml (RunModel)" time="0.015" />
  <testcase classname="ptolemy.util.test.junit.AutoTests" name="[205] /home/travis/build/icyphy/ptII/ptolemy/actor/lib/test/auto/LevinsonDurbin.xml (RunModel)" time="0.015" />
  <testcase classname="ptolemy.util.test.junit.AutoTests" name="[206] /home/travis/build/icyphy/ptII/ptolemy/actor/lib/test/auto/LevinsonDurbin2.xml (RunModel)" time="0.01" />
  <testcase classname="ptolemy.util.test.junit.AutoTests" name="[207] /home/travis/build/icyphy/ptII/ptolemy/actor/lib/test/auto/LevinsonDurbin3.xml (RunModel)" time="0.009" />
  <testcase classname="ptolemy.util.test.junit.AutoTests" name="[208] /home/travis/build/icyphy/ptII/ptolemy/actor/lib/test/auto/Limiter.xml (RunModel)" time="0.029" />
  <testcase classname="ptolemy.util.test.junit.AutoTests" name="[209] /home/travis/build/icyphy/ptII/ptolemy/actor/lib/test/auto/LinearDifferenceEquationSystem.xml (RunModel)" time="0.024" />
  <testcase classname="ptolemy.util.test.junit.AutoTests" name="[210] /home/travis/build/icyphy/ptII/ptolemy/actor/lib/test/auto/LookupTable.xml (RunModel)" time="0.009" />
  <testcase classname="ptolemy.util.test.junit.AutoTests" name="[211] /home/travis/build/icyphy/ptII/ptolemy/actor/lib/test/auto/MathFunction.xml (RunModel)" time="0.021" />
  <testcase classname="ptolemy.util.test.junit.AutoTests" name="[212] /home/travis/build/icyphy/ptII/ptolemy/actor/lib/test/auto/MathFunction2.xml (RunModel)" time="0.02" />
  <testcase classname="ptolemy.util.test.junit.AutoTests" name="[213] /home/travis/build/icyphy/ptII/ptolemy/actor/lib/test/auto/MathFunction3.xml (RunModel)" time="0.025" />
  <testcase classname="ptolemy.util.test.junit.AutoTests" name="[214] /home/travis/build/icyphy/ptII/ptolemy/actor/lib/test/auto/MatrixCropBoolean.xml (RunModel)" time="0.009" />
  <testcase classname="ptolemy.util.test.junit.AutoTests" name="[215] /home/travis/build/icyphy/ptII/ptolemy/actor/lib/test/auto/MatrixCropComplex.xml (RunModel)" time="0.009" />
  <testcase classname="ptolemy.util.test.junit.AutoTests" name="[216] /home/travis/build/icyphy/ptII/ptolemy/actor/lib/test/auto/MatrixCropDouble.xml (RunModel)" time="0.01" />
  <testcase classname="ptolemy.util.test.junit.AutoTests" name="[217] /home/travis/build/icyphy/ptII/ptolemy/actor/lib/test/auto/MatrixCropFix.xml (RunModel)" time="0.009" />
  <testcase classname="ptolemy.util.test.junit.AutoTests" name="[218] /home/travis/build/icyphy/ptII/ptolemy/actor/lib/test/auto/MatrixCropInt.xml (RunModel)" time="0.009" />
  <testcase classname="ptolemy.util.test.junit.AutoTests" name="[219] /home/travis/build/icyphy/ptII/ptolemy/actor/lib/test/auto/MatrixCropLong.xml (RunModel)" time="0.008" />
  <testcase classname="ptolemy.util.test.junit.AutoTests" name="[220] /home/travis/build/icyphy/ptII/ptolemy/actor/lib/test/auto/MatrixToArray.xml (RunModel)" time="0.041" />
  <testcase classname="ptolemy.util.test.junit.AutoTests" name="[221] /home/travis/build/icyphy/ptII/ptolemy/actor/lib/test/auto/MaxIndex.xml (RunModel)" time="0.011" />
  <testcase classname="ptolemy.util.test.junit.AutoTests" name="[222] /home/travis/build/icyphy/ptII/ptolemy/actor/lib/test/auto/Maximum.xml (RunModel)" time="0.017" />
  <testcase classname="ptolemy.util.test.junit.AutoTests" name="[223] /home/travis/build/icyphy/ptII/ptolemy/actor/lib/test/auto/MaximumComplex.xml (RunModel)" time="0.012" />
  <testcase classname="ptolemy.util.test.junit.AutoTests" name="[224] /home/travis/build/icyphy/ptII/ptolemy/actor/lib/test/auto/MethodCallTest.xml (RunModel)" time="0.018" />
  <testcase classname="ptolemy.util.test.junit.AutoTests" name="[225] /home/travis/build/icyphy/ptII/ptolemy/actor/lib/test/auto/Minimum.xml (RunModel)" time="0.011" />
  <testcase classname="ptolemy.util.test.junit.AutoTests" name="[226] /home/travis/build/icyphy/ptII/ptolemy/actor/lib/test/auto/MinimumComplex.xml (RunModel)" time="0.013" />
  <testcase classname="ptolemy.util.test.junit.AutoTests" name="[227] /home/travis/build/icyphy/ptII/ptolemy/actor/lib/test/auto/MinimumMultiports.xml (RunModel)" time="0.017" />
  <testcase classname="ptolemy.util.test.junit.AutoTests" name="[228] /home/travis/build/icyphy/ptII/ptolemy/actor/lib/test/auto/ModifyDate.xml (RunModel)" time="0.034" />
  <testcase classname="ptolemy.util.test.junit.AutoTests" name="[229] /home/travis/build/icyphy/ptII/ptolemy/actor/lib/test/auto/ModifyDate2.xml (RunModel)" time="0.027" />
  <testcase classname="ptolemy.util.test.junit.AutoTests" name="[230] /home/travis/build/icyphy/ptII/ptolemy/actor/lib/test/auto/MovingAverage.xml (RunModel)" time="0.012" />
  <testcase classname="ptolemy.util.test.junit.AutoTests" name="[231] /home/travis/build/icyphy/ptII/ptolemy/actor/lib/test/auto/MovingMaximum.xml (RunModel)" time="0.015" />
  <testcase classname="ptolemy.util.test.junit.AutoTests" name="[232] /home/travis/build/icyphy/ptII/ptolemy/actor/lib/test/auto/MultipleLinksToSameRelation.xml (RunModel)" time="0.007" />
  <testcase classname="ptolemy.util.test.junit.AutoTests" name="[233] /home/travis/build/icyphy/ptII/ptolemy/actor/lib/test/auto/MultipleLinksToSameRelationDE.xml (RunModel)" time="0.009" />
  <testcase classname="ptolemy.util.test.junit.AutoTests" name="[234] /home/travis/build/icyphy/ptII/ptolemy/actor/lib/test/auto/Multiplexor.xml (RunModel)" time="0.012" />
  <testcase classname="ptolemy.util.test.junit.AutoTests" name="[235] /home/travis/build/icyphy/ptII/ptolemy/actor/lib/test/auto/Multiplexor1.xml (RunModel)" time="0.011" />
  <testcase classname="ptolemy.util.test.junit.AutoTests" name="[236] /home/travis/build/icyphy/ptII/ptolemy/actor/lib/test/auto/Multiplexor2.xml (RunModel)" time="0.012" />
  <testcase classname="ptolemy.util.test.junit.AutoTests" name="[237] /home/travis/build/icyphy/ptII/ptolemy/actor/lib/test/auto/Multiplexor3.xml (RunModel)" time="0.009" />
  <testcase classname="ptolemy.util.test.junit.AutoTests" name="[238] /home/travis/build/icyphy/ptII/ptolemy/actor/lib/test/auto/MultiplexorDE.xml (RunModel)" time="0.016" />
  <testcase classname="ptolemy.util.test.junit.AutoTests" name="[239] /home/travis/build/icyphy/ptII/ptolemy/actor/lib/test/auto/MultiportBroadcastTest.xml (RunModel)" time="0.092" />
  <testcase classname="ptolemy.util.test.junit.AutoTests" name="[240] /home/travis/build/icyphy/ptII/ptolemy/actor/lib/test/auto/MultiportOutHangDuringGetWidth.xml (RunModel)" time="0.029" />
  <testcase classname="ptolemy.util.test.junit.AutoTests" name="[241] /home/travis/build/icyphy/ptII/ptolemy/actor/lib/test/auto/NilToken.xml (RunModel)" time="0.009" />
  <testcase classname="ptolemy.util.test.junit.AutoTests" name="[242] /home/travis/build/icyphy/ptII/ptolemy/actor/lib/test/auto/NilTokenNonStrictTest.xml (RunModel)" time="0.012" />
  <testcase classname="ptolemy.util.test.junit.AutoTests" name="[243] /home/travis/build/icyphy/ptII/ptolemy/actor/lib/test/auto/NilTokenRecord.xml (RunModel)" time="0.022" />
  <testcase classname="ptolemy.util.test.junit.AutoTests" name="[244] /home/travis/build/icyphy/ptII/ptolemy/actor/lib/test/auto/NilTokenTypeTest.xml (RunModel)" time="0.027" />
  <testcase classname="ptolemy.util.test.junit.AutoTests" name="[245] /home/travis/build/icyphy/ptII/ptolemy/actor/lib/test/auto/ObjectToken1.xml (RunModel)" time="0.008" />
  <testcase classname="ptolemy.util.test.junit.AutoTests" name="[246] /home/travis/build/icyphy/ptII/ptolemy/actor/lib/test/auto/OrderedMerge.xml (RunModel)" time="0.013" />
  <testcase classname="ptolemy.util.test.junit.AutoTests" name="[247] /home/travis/build/icyphy/ptII/ptolemy/actor/lib/test/auto/OrderedRecordDisassembler.xml (RunModel)" time="0.014" />
  <testcase classname="ptolemy.util.test.junit.AutoTests" name="[248] /home/travis/build/icyphy/ptII/ptolemy/actor/lib/test/auto/OrderedRecordDisassembler2.xml (RunModel)" time="0.016" />
  <testcase classname="ptolemy.util.test.junit.AutoTests" name="[249] /home/travis/build/icyphy/ptII/ptolemy/actor/lib/test/auto/OrderedRecordUpdater.xml (RunModel)" time="0.009" />
  <testcase classname="ptolemy.util.test.junit.AutoTests" name="[250] /home/travis/build/icyphy/ptII/ptolemy/actor/lib/test/auto/OrderedRecordUpdater2.xml (RunModel)" time="0.009" />
  <testcase classname="ptolemy.util.test.junit.AutoTests" name="[251] /home/travis/build/icyphy/ptII/ptolemy/actor/lib/test/auto/PhaseUnwrap.xml (RunModel)" time="0.012" />
  <testcase classname="ptolemy.util.test.junit.AutoTests" name="[252] /home/travis/build/icyphy/ptII/ptolemy/actor/lib/test/auto/PoissonClock.xml (RunModel)" time="0.008" />
  <testcase classname="ptolemy.util.test.junit.AutoTests" name="[253] /home/travis/build/icyphy/ptII/ptolemy/actor/lib/test/auto/PoissonClock2.xml (RunModel)" time="0.008" />
  <testcase classname="ptolemy.util.test.junit.AutoTests" name="[254] /home/travis/build/icyphy/ptII/ptolemy/actor/lib/test/auto/PoissonClock3.xml (RunModel)" time="0.01" />
  <testcase classname="ptolemy.util.test.junit.AutoTests" name="[255] /home/travis/build/icyphy/ptII/ptolemy/actor/lib/test/auto/PubSubWithInitialTokens.xml (RunModel)" time="0.012" />
  <testcase classname="ptolemy.util.test.junit.AutoTests" name="[256] /home/travis/build/icyphy/ptII/ptolemy/actor/lib/test/auto/PubSubWithInitialTokens2.xml (RunModel)" time="0.011" />
  <testcase classname="ptolemy.util.test.junit.AutoTests" name="[257] /home/travis/build/icyphy/ptII/ptolemy/actor/lib/test/auto/PublisherClassNoParameter.xml (RunModel)" time="0.02" />
  <testcase classname="ptolemy.util.test.junit.AutoTests" name="[258] /home/travis/build/icyphy/ptII/ptolemy/actor/lib/test/auto/PublisherClassParameter.xml (RunModel)" time="0.019" />
  <testcase classname="ptolemy.util.test.junit.AutoTests" name="[259] /home/travis/build/icyphy/ptII/ptolemy/actor/lib/test/auto/PublisherNonStrictTest.xml (RunModel)" time="0.015" />
  <testcase classname="ptolemy.util.test.junit.AutoTests" name="[260] /home/travis/build/icyphy/ptII/ptolemy/actor/lib/test/auto/PublisherPort1.xml (RunModel)" time="0.01" />
  <testcase classname="ptolemy.util.test.junit.AutoTests" name="[261] /home/travis/build/icyphy/ptII/ptolemy/actor/lib/test/auto/PublisherPort2.xml (RunModel)" time="0.009" />
  <testcase classname="ptolemy.util.test.junit.AutoTests" name="[262] /home/travis/build/icyphy/ptII/ptolemy/actor/lib/test/auto/PublisherPort3.xml (RunModel)" time="0.012" />
  <testcase classname="ptolemy.util.test.junit.AutoTests" name="[263] /home/travis/build/icyphy/ptII/ptolemy/actor/lib/test/auto/PublisherPort4.xml (RunModel)" time="0.019" />
  <testcase classname="ptolemy.util.test.junit.AutoTests" name="[264] /home/travis/build/icyphy/ptII/ptolemy/actor/lib/test/auto/PublisherPort5.xml (RunModel)" time="0.014" />
  <testcase classname="ptolemy.util.test.junit.AutoTests" name="[265] /home/travis/build/icyphy/ptII/ptolemy/actor/lib/test/auto/PublisherPort5LookAlike.xml (RunModel)" time="0.013" />
  <testcase classname="ptolemy.util.test.junit.AutoTests" name="[266] /home/travis/build/icyphy/ptII/ptolemy/actor/lib/test/auto/PublisherPort6.xml (RunModel)" time="0.012" />
  <testcase classname="ptolemy.util.test.junit.AutoTests" name="[267] /home/travis/build/icyphy/ptII/ptolemy/actor/lib/test/auto/PublisherPort7.xml (RunModel)" time="0.012" />
  <testcase classname="ptolemy.util.test.junit.AutoTests" name="[268] /home/travis/build/icyphy/ptII/ptolemy/actor/lib/test/auto/PublisherPort8.xml (RunModel)" time="0.015" />
  <testcase classname="ptolemy.util.test.junit.AutoTests" name="[269] /home/travis/build/icyphy/ptII/ptolemy/actor/lib/test/auto/PublisherPortSubscriberChannelVariablesAOC2.xml (RunModel)" time="0.033" />
  <testcase classname="ptolemy.util.test.junit.AutoTests" name="[270] /home/travis/build/icyphy/ptII/ptolemy/actor/lib/test/auto/PublisherPortSubscriberOpaqueWidthInference.xml (RunModel)" time="0.015" />
  <testcase classname="ptolemy.util.test.junit.AutoTests" name="[271] /home/travis/build/icyphy/ptII/ptolemy/actor/lib/test/auto/PublisherPortSubscriberPortAdjacent.xml (RunModel)" time="0.017" />
  <testcase classname="ptolemy.util.test.junit.AutoTests" name="[272] /home/travis/build/icyphy/ptII/ptolemy/actor/lib/test/auto/PublisherPortSubscriberPortExpression.xml (RunModel)" time="0.015" />
  <testcase classname="ptolemy.util.test.junit.AutoTests" name="[273] /home/travis/build/icyphy/ptII/ptolemy/actor/lib/test/auto/PublisherPortSubscriberPortOpaqueD3Reverse.xml (RunModel)" time="0.019" />
  <testcase classname="ptolemy.util.test.junit.AutoTests" name="[274] /home/travis/build/icyphy/ptII/ptolemy/actor/lib/test/auto/PublisherPortSubscriberPortOpaqueWidthInference.xml (RunModel)" time="0.014" />
  <testcase classname="ptolemy.util.test.junit.AutoTests" name="[275] /home/travis/build/icyphy/ptII/ptolemy/actor/lib/test/auto/PublisherPortToplevelSubscriberPortAOC.xml (RunModel)" time="0.009" />
  <testcase classname="ptolemy.util.test.junit.AutoTests" name="[276] /home/travis/build/icyphy/ptII/ptolemy/actor/lib/test/auto/PublisherSubscriber.xml (RunModel)" time="0.012" />
  <testcase classname="ptolemy.util.test.junit.AutoTests" name="[277] /home/travis/build/icyphy/ptII/ptolemy/actor/lib/test/auto/PublisherSubscriber10.xml (RunModel)" time="0.018" />
  <testcase classname="ptolemy.util.test.junit.AutoTests" name="[278] /home/travis/build/icyphy/ptII/ptolemy/actor/lib/test/auto/PublisherSubscriber10InitialOutputs.xml (RunModel)" time="0.019" />
  <testcase classname="ptolemy.util.test.junit.AutoTests" name="[279] /home/travis/build/icyphy/ptII/ptolemy/actor/lib/test/auto/PublisherSubscriber11.xml (RunModel)" time="0.011" />
  <testcase classname="ptolemy.util.test.junit.AutoTests" name="[280] /home/travis/build/icyphy/ptII/ptolemy/actor/lib/test/auto/PublisherSubscriber12.xml (RunModel)" time="0.011" />
  <testcase classname="ptolemy.util.test.junit.AutoTests" name="[281] /home/travis/build/icyphy/ptII/ptolemy/actor/lib/test/auto/PublisherSubscriber13.xml (RunModel)" time="0.009" />
  <testcase classname="ptolemy.util.test.junit.AutoTests" name="[282] /home/travis/build/icyphy/ptII/ptolemy/actor/lib/test/auto/PublisherSubscriber14.xml (RunModel)" time="0.017" />
  <testcase classname="ptolemy.util.test.junit.AutoTests" name="[283] /home/travis/build/icyphy/ptII/ptolemy/actor/lib/test/auto/PublisherSubscriber2.xml (RunModel)" time="0.01" />
  <testcase classname="ptolemy.util.test.junit.AutoTests" name="[284] /home/travis/build/icyphy/ptII/ptolemy/actor/lib/test/auto/PublisherSubscriber3.xml (RunModel)" time="0.01" />
  <testcase classname="ptolemy.util.test.junit.AutoTests" name="[285] /home/travis/build/icyphy/ptII/ptolemy/actor/lib/test/auto/PublisherSubscriber4.xml (RunModel)" time="0.008" />
  <testcase classname="ptolemy.util.test.junit.AutoTests" name="[286] /home/travis/build/icyphy/ptII/ptolemy/actor/lib/test/auto/PublisherSubscriber5.xml (RunModel)" time="0.011" />
  <testcase classname="ptolemy.util.test.junit.AutoTests" name="[287] /home/travis/build/icyphy/ptII/ptolemy/actor/lib/test/auto/PublisherSubscriber6.xml (RunModel)" time="0.013" />
  <testcase classname="ptolemy.util.test.junit.AutoTests" name="[288] /home/travis/build/icyphy/ptII/ptolemy/actor/lib/test/auto/PublisherSubscriber7.xml (RunModel)" time="0.013" />
  <testcase classname="ptolemy.util.test.junit.AutoTests" name="[289] /home/travis/build/icyphy/ptII/ptolemy/actor/lib/test/auto/PublisherSubscriber8.xml (RunModel)" time="0.03" />
  <testcase classname="ptolemy.util.test.junit.AutoTests" name="[290] /home/travis/build/icyphy/ptII/ptolemy/actor/lib/test/auto/PublisherSubscriber9.xml (RunModel)" time="0.016" />
  <testcase classname="ptolemy.util.test.junit.AutoTests" name="[291] /home/travis/build/icyphy/ptII/ptolemy/actor/lib/test/auto/PublisherSubscriberAdjacent.xml (RunModel)" time="0.023" />
  <testcase classname="ptolemy.util.test.junit.AutoTests" name="[292] /home/travis/build/icyphy/ptII/ptolemy/actor/lib/test/auto/PublisherSubscriberChannelVariablesAOC2.xml (RunModel)" time="0.026" />
  <testcase classname="ptolemy.util.test.junit.AutoTests" name="[293] /home/travis/build/icyphy/ptII/ptolemy/actor/lib/test/auto/PublisherSubscriberD3.xml (RunModel)" time="0.013" />
  <testcase classname="ptolemy.util.test.junit.AutoTests" name="[294] /home/travis/build/icyphy/ptII/ptolemy/actor/lib/test/auto/PublisherSubscriberD3Reverse.xml (RunModel)" time="0.013" />
  <testcase classname="ptolemy.util.test.junit.AutoTests" name="[295] /home/travis/build/icyphy/ptII/ptolemy/actor/lib/test/auto/PublisherSubscriberExpression.xml (RunModel)" time="0.017" />
  <testcase classname="ptolemy.util.test.junit.AutoTests" name="[296] /home/travis/build/icyphy/ptII/ptolemy/actor/lib/test/auto/PublisherSubscriberOpaque.xml (RunModel)" time="0.033" />
  <testcase classname="ptolemy.util.test.junit.AutoTests" name="[297] /home/travis/build/icyphy/ptII/ptolemy/actor/lib/test/auto/PublisherSubscriberOpaqueD3.xml (RunModel)" time="0.037" />
  <testcase classname="ptolemy.util.test.junit.AutoTests" name="[298] /home/travis/build/icyphy/ptII/ptolemy/actor/lib/test/auto/PublisherSubscriberOpaqueD3Reverse.xml (RunModel)" time="0.024" />
  <testcase classname="ptolemy.util.test.junit.AutoTests" name="[299] /home/travis/build/icyphy/ptII/ptolemy/actor/lib/test/auto/PublisherSubscriberOpaqueWidthInference.xml (RunModel)" time="0.016" />
  <testcase classname="ptolemy.util.test.junit.AutoTests" name="[300] /home/travis/build/icyphy/ptII/ptolemy/actor/lib/test/auto/PublisherTestSubscriber.xml (RunModel)" time="0.014" />
  <testcase classname="ptolemy.util.test.junit.AutoTests" name="[301] /home/travis/build/icyphy/ptII/ptolemy/actor/lib/test/auto/PublisherToplevelSubscriberPortAOC.xml (RunModel)" time="0.013" />
  <testcase classname="ptolemy.util.test.junit.AutoTests" name="[302] /home/travis/build/icyphy/ptII/ptolemy/actor/lib/test/auto/PulseFiringLimitDE.xml (RunModel)" time="0.02" />
  <testcase classname="ptolemy.util.test.junit.AutoTests" name="[303] /home/travis/build/icyphy/ptII/ptolemy/actor/lib/test/auto/Ramp1.xml (RunModel)" time="0.007" />
  <testcase classname="ptolemy.util.test.junit.AutoTests" name="[304] /home/travis/build/icyphy/ptII/ptolemy/actor/lib/test/auto/RampFiringLimitDE.xml (RunModel)" time="0.011" />
  <testcase classname="ptolemy.util.test.junit.AutoTests" name="[305] /home/travis/build/icyphy/ptII/ptolemy/actor/lib/test/auto/RampFiringLimitSDF.xml (RunModel)" time="0.011" />
  <testcase classname="ptolemy.util.test.junit.AutoTests" name="[306] /home/travis/build/icyphy/ptII/ptolemy/actor/lib/test/auto/RandomInteger.xml (RunModel)" time="0.008" />
  <testcase classname="ptolemy.util.test.junit.AutoTests" name="[307] /home/travis/build/icyphy/ptII/ptolemy/actor/lib/test/auto/ReadFile1.xml (RunModel)" time="0.007" />
  <testcase classname="ptolemy.util.test.junit.AutoTests" name="[308] /home/travis/build/icyphy/ptII/ptolemy/actor/lib/test/auto/ReadFile2.xml (RunModel)" time="0.007" />
  <testcase classname="ptolemy.util.test.junit.AutoTests" name="[309] /home/travis/build/icyphy/ptII/ptolemy/actor/lib/test/auto/Reader.xml (RunModel)" time="0.008" />
  <testcase classname="ptolemy.util.test.junit.AutoTests" name="[310] /home/travis/build/icyphy/ptII/ptolemy/actor/lib/test/auto/RecordAssemblerDisplayNameTest.xml (RunModel)" time="3.223" />
  <testcase classname="ptolemy.util.test.junit.AutoTests" name="[311] /home/travis/build/icyphy/ptII/ptolemy/actor/lib/test/auto/RecordAssemblerTypeError.xml (RunModel)" time="0.032" />
  <testcase classname="ptolemy.util.test.junit.AutoTests" name="[312] /home/travis/build/icyphy/ptII/ptolemy/actor/lib/test/auto/RecordDisassember.xml (RunModel)" time="0.01" />
  <testcase classname="ptolemy.util.test.junit.AutoTests" name="[313] /home/travis/build/icyphy/ptII/ptolemy/actor/lib/test/auto/RecordDisassemberDisplayNameTest.xml (RunModel)" time="0.018" />
  <testcase classname="ptolemy.util.test.junit.AutoTests" name="[314] /home/travis/build/icyphy/ptII/ptolemy/actor/lib/test/auto/RecordDisassembler.xml (RunModel)" time="0.009" />
  <testcase classname="ptolemy.util.test.junit.AutoTests" name="[315] /home/travis/build/icyphy/ptII/ptolemy/actor/lib/test/auto/RecordDisassembler2.xml (RunModel)" time="0.01" />
  <testcase classname="ptolemy.util.test.junit.AutoTests" name="[316] /home/travis/build/icyphy/ptII/ptolemy/actor/lib/test/auto/RecordUpdater.xml (RunModel)" time="0.01" />
  <testcase classname="ptolemy.util.test.junit.AutoTests" name="[317] /home/travis/build/icyphy/ptII/ptolemy/actor/lib/test/auto/RecordUpdater2.xml (RunModel)" time="0.009" />
  <testcase classname="ptolemy.util.test.junit.AutoTests" name="[318] /home/travis/build/icyphy/ptII/ptolemy/actor/lib/test/auto/RecursiveLattice.xml (RunModel)" time="0.014" />
  <testcase classname="ptolemy.util.test.junit.AutoTests" name="[319] /home/travis/build/icyphy/ptII/ptolemy/actor/lib/test/auto/Router.xml (RunModel)" time="3.027" />
  <testcase classname="ptolemy.util.test.junit.AutoTests" name="[320] /home/travis/build/icyphy/ptII/ptolemy/actor/lib/test/auto/Router2.xml (RunModel)" time="3.021" />
  <testcase classname="ptolemy.util.test.junit.AutoTests" name="[321] /home/travis/build/icyphy/ptII/ptolemy/actor/lib/test/auto/RunningMaximum.xml (RunModel)" time="0.017" />
  <testcase classname="ptolemy.util.test.junit.AutoTests" name="[322] /home/travis/build/icyphy/ptII/ptolemy/actor/lib/test/auto/RunningMinimum.xml (RunModel)" time="0.01" />
  <testcase classname="ptolemy.util.test.junit.AutoTests" name="[323] /home/travis/build/icyphy/ptII/ptolemy/actor/lib/test/auto/Scale.xml (RunModel)" time="0.008" />
  <testcase classname="ptolemy.util.test.junit.AutoTests" name="[324] /home/travis/build/icyphy/ptII/ptolemy/actor/lib/test/auto/Scale2.xml (RunModel)" time="0.009" />
  <testcase classname="ptolemy.util.test.junit.AutoTests" name="[325] /home/travis/build/icyphy/ptII/ptolemy/actor/lib/test/auto/Scale3.xml (RunModel)" time="0.013" />
  <testcase classname="ptolemy.util.test.junit.AutoTests" name="[326] /home/travis/build/icyphy/ptII/ptolemy/actor/lib/test/auto/ScaleArray.xml (RunModel)" time="0.008" />
  <testcase classname="ptolemy.util.test.junit.AutoTests" name="[327] /home/travis/build/icyphy/ptII/ptolemy/actor/lib/test/auto/ScaleArray2.xml (RunModel)" time="0.007" />
  <testcase classname="ptolemy.util.test.junit.AutoTests" name="[328] /home/travis/build/icyphy/ptII/ptolemy/actor/lib/test/auto/ScaleMatrix.xml (RunModel)" time="0.119" />
  <testcase classname="ptolemy.util.test.junit.AutoTests" name="[329] /home/travis/build/icyphy/ptII/ptolemy/actor/lib/test/auto/Select.xml (RunModel)" time="0.012" />
  <testcase classname="ptolemy.util.test.junit.AutoTests" name="[330] /home/travis/build/icyphy/ptII/ptolemy/actor/lib/test/auto/Select2.xml (RunModel)" time="0.009" />
  <testcase classname="ptolemy.util.test.junit.AutoTests" name="[331] /home/travis/build/icyphy/ptII/ptolemy/actor/lib/test/auto/SequenceToArray2.xml (RunModel)" time="0.11" />
  <testcase classname="ptolemy.util.test.junit.AutoTests" name="[332] /home/travis/build/icyphy/ptII/ptolemy/actor/lib/test/auto/SequentialClock.xml (RunModel)" time="0.012" />
  <testcase classname="ptolemy.util.test.junit.AutoTests" name="[333] /home/travis/build/icyphy/ptII/ptolemy/actor/lib/test/auto/SetVariable.xml (RunModel)" time="0.011" />
  <testcase classname="ptolemy.util.test.junit.AutoTests" name="[334] /home/travis/build/icyphy/ptII/ptolemy/actor/lib/test/auto/SetVariable2.xml (RunModel)" time="0.009" />
  <testcase classname="ptolemy.util.test.junit.AutoTests" name="[335] /home/travis/build/icyphy/ptII/ptolemy/actor/lib/test/auto/SetVariable3.xml (RunModel)" time="0.013" />
  <testcase classname="ptolemy.util.test.junit.AutoTests" name="[336] /home/travis/build/icyphy/ptII/ptolemy/actor/lib/test/auto/SetVariable4.xml (RunModel)" time="0.025" />
  <testcase classname="ptolemy.util.test.junit.AutoTests" name="[337] /home/travis/build/icyphy/ptII/ptolemy/actor/lib/test/auto/SetVariable5.xml (RunModel)" time="0.039" />
  <testcase classname="ptolemy.util.test.junit.AutoTests" name="[338] /home/travis/build/icyphy/ptII/ptolemy/actor/lib/test/auto/Sinewave.xml (RunModel)" time="0.025" />
  <testcase classname="ptolemy.util.test.junit.AutoTests" name="[339] /home/travis/build/icyphy/ptII/ptolemy/actor/lib/test/auto/Sinewave2.xml (RunModel)" time="0.016" />
  <testcase classname="ptolemy.util.test.junit.AutoTests" name="[340] /home/travis/build/icyphy/ptII/ptolemy/actor/lib/test/auto/Sinewave3.xml (RunModel)" time="0.019" />
  <testcase classname="ptolemy.util.test.junit.AutoTests" name="[341] /home/travis/build/icyphy/ptII/ptolemy/actor/lib/test/auto/SingleEvent.xml (RunModel)" time="0.011" />
  <testcase classname="ptolemy.util.test.junit.AutoTests" name="[342] /home/travis/build/icyphy/ptII/ptolemy/actor/lib/test/auto/Sleep.xml (RunModel)" time="6.013" />
  <testcase classname="ptolemy.util.test.junit.AutoTests" name="[343] /home/travis/build/icyphy/ptII/ptolemy/actor/lib/test/auto/SleepMultipleFire.xml (RunModel)" time="1.025" />
  <testcase classname="ptolemy.util.test.junit.AutoTests" name="[344] /home/travis/build/icyphy/ptII/ptolemy/actor/lib/test/auto/StopDE.xml (RunModel)" time="0.013" />
  <testcase classname="ptolemy.util.test.junit.AutoTests" name="[345] /home/travis/build/icyphy/ptII/ptolemy/actor/lib/test/auto/StopSDF.xml (RunModel)" time="0.017" />
  <testcase classname="ptolemy.util.test.junit.AutoTests" name="[346] /home/travis/build/icyphy/ptII/ptolemy/actor/lib/test/auto/StringConstant.xml (RunModel)" time="0.008" />
  <testcase classname="ptolemy.util.test.junit.AutoTests" name="[347] /home/travis/build/icyphy/ptII/ptolemy/actor/lib/test/auto/SubscriberPortInitialValues1.xml (RunModel)" time="0.015" />
  <testcase classname="ptolemy.util.test.junit.AutoTests" name="[348] /home/travis/build/icyphy/ptII/ptolemy/actor/lib/test/auto/SubscriberPortInitialValues13.xml (RunModel)" time="0.021" />
  <testcase classname="ptolemy.util.test.junit.AutoTests" name="[349] /home/travis/build/icyphy/ptII/ptolemy/actor/lib/test/auto/SubscriberPortInitialValues14.xml (RunModel)" time="0.016" />
  <testcase classname="ptolemy.util.test.junit.AutoTests" name="[350] /home/travis/build/icyphy/ptII/ptolemy/actor/lib/test/auto/SubscriberPortInitialValues2.xml (RunModel)" time="0.014" />
  <testcase classname="ptolemy.util.test.junit.AutoTests" name="[351] /home/travis/build/icyphy/ptII/ptolemy/actor/lib/test/auto/SubscriberPortInitialValues3.xml (RunModel)" time="0.018" />
  <testcase classname="ptolemy.util.test.junit.AutoTests" name="[352] /home/travis/build/icyphy/ptII/ptolemy/actor/lib/test/auto/SubscriptionAggregator.xml (RunModel)" time="0.01" />
  <testcase classname="ptolemy.util.test.junit.AutoTests" name="[353] /home/travis/build/icyphy/ptII/ptolemy/actor/lib/test/auto/SubscriptionAggregator2.xml (RunModel)" time="0.011" />
  <testcase classname="ptolemy.util.test.junit.AutoTests" name="[354] /home/travis/build/icyphy/ptII/ptolemy/actor/lib/test/auto/SubscriptionAggregator3.xml (RunModel)" time="0.015" />
  <testcase classname="ptolemy.util.test.junit.AutoTests" name="[355] /home/travis/build/icyphy/ptII/ptolemy/actor/lib/test/auto/SubscriptionAggregatorMultiply.xml (RunModel)" time="0.015" />
  <testcase classname="ptolemy.util.test.junit.AutoTests" name="[356] /home/travis/build/icyphy/ptII/ptolemy/actor/lib/test/auto/SubscriptionAggregatorPortMultiply1.xml (RunModel)" time="0.013" />
  <testcase classname="ptolemy.util.test.junit.AutoTests" name="[357] /home/travis/build/icyphy/ptII/ptolemy/actor/lib/test/auto/Switch.xml (RunModel)" time="0.014" />
  <testcase classname="ptolemy.util.test.junit.AutoTests" name="[358] /home/travis/build/icyphy/ptII/ptolemy/actor/lib/test/auto/Switch2.xml (RunModel)" time="0.013" />
  <testcase classname="ptolemy.util.test.junit.AutoTests" name="[359] /home/travis/build/icyphy/ptII/ptolemy/actor/lib/test/auto/SwitchDE.xml (RunModel)" time="0.014" />
  <testcase classname="ptolemy.util.test.junit.AutoTests" name="[360] /home/travis/build/icyphy/ptII/ptolemy/actor/lib/test/auto/SynchronizerDE.xml (RunModel)" time="0.02" />
  <testcase classname="ptolemy.util.test.junit.AutoTests" name="[361] /home/travis/build/icyphy/ptII/ptolemy/actor/lib/test/auto/Test.xml (RunModel)" time="0.01" />
  <testcase classname="ptolemy.util.test.junit.AutoTests" name="[362] /home/travis/build/icyphy/ptII/ptolemy/actor/lib/test/auto/TestExceptionAttribute1.xml (RunModel)" time="0.005" />
  <testcase classname="ptolemy.util.test.junit.AutoTests" name="[363] /home/travis/build/icyphy/ptII/ptolemy/actor/lib/test/auto/TestExceptionAttribute2.xml (RunModel)" time="0.006" />
  <testcase classname="ptolemy.util.test.junit.AutoTests" name="[364] /home/travis/build/icyphy/ptII/ptolemy/actor/lib/test/auto/TestExceptionAttribute3.xml (RunModel)" time="0.006" />
  <testcase classname="ptolemy.util.test.junit.AutoTests" name="[365] /home/travis/build/icyphy/ptII/ptolemy/actor/lib/test/auto/TestExceptionAttribute4.xml (RunModel)" time="0.006" />
  <testcase classname="ptolemy.util.test.junit.AutoTests" name="[366] /home/travis/build/icyphy/ptII/ptolemy/actor/lib/test/auto/TestExceptionHandler1.xml (RunModel)" time="0.006" />
  <testcase classname="ptolemy.util.test.junit.AutoTests" name="[367] /home/travis/build/icyphy/ptII/ptolemy/actor/lib/test/auto/TestExceptionHandler2.xml (RunModel)" time="0.006" />
  <testcase classname="ptolemy.util.test.junit.AutoTests" name="[368] /home/travis/build/icyphy/ptII/ptolemy/actor/lib/test/auto/TestExceptionHandler3.xml (RunModel)" time="0.005" />
  <testcase classname="ptolemy.util.test.junit.AutoTests" name="[369] /home/travis/build/icyphy/ptII/ptolemy/actor/lib/test/auto/TestExceptionHandler4.xml (RunModel)" time="0.006" />
  <testcase classname="ptolemy.util.test.junit.AutoTests" name="[370] /home/travis/build/icyphy/ptII/ptolemy/actor/lib/test/auto/TestRequireCorrectOrder.xml (RunModel)" time="0.009" />
  <testcase classname="ptolemy.util.test.junit.AutoTests" name="[371] /home/travis/build/icyphy/ptII/ptolemy/actor/lib/test/auto/TestSimple.xml (RunModel)" time="0.007" />
  <testcase classname="ptolemy.util.test.junit.AutoTests" name="[372] /home/travis/build/icyphy/ptII/ptolemy/actor/lib/test/auto/ThrowModelError.xml (RunModel)" time="0.01" />
  <testcase classname="ptolemy.util.test.junit.AutoTests" name="[373] /home/travis/build/icyphy/ptII/ptolemy/actor/lib/test/auto/TimeDelayMicrosteps.xml (RunModel)" time="0.014" />
  <testcase classname="ptolemy.util.test.junit.AutoTests" name="[374] /home/travis/build/icyphy/ptII/ptolemy/actor/lib/test/auto/TimeDelayMicrosteps2.xml (RunModel)" time="0.015" />
  <testcase classname="ptolemy.util.test.junit.AutoTests" name="[375] /home/travis/build/icyphy/ptII/ptolemy/actor/lib/test/auto/TimeDelayMicrosteps3.xml (RunModel)" time="0.012" />
  <testcase classname="ptolemy.util.test.junit.AutoTests" name="[376] /home/travis/build/icyphy/ptII/ptolemy/actor/lib/test/auto/TimeDelayVariableMicrosteps.xml (RunModel)" time="0.012" />
  <testcase classname="ptolemy.util.test.junit.AutoTests" name="[377] /home/travis/build/icyphy/ptII/ptolemy/actor/lib/test/auto/TimeGap.xml (RunModel)" time="0.012" />
  <testcase classname="ptolemy.util.test.junit.AutoTests" name="[378] /home/travis/build/icyphy/ptII/ptolemy/actor/lib/test/auto/TimeGap2.xml (RunModel)" time="0.01" />
  <testcase classname="ptolemy.util.test.junit.AutoTests" name="[379] /home/travis/build/icyphy/ptII/ptolemy/actor/lib/test/auto/TimedSinewave.xml (RunModel)" time="0.045" />
  <testcase classname="ptolemy.util.test.junit.AutoTests" name="[380] /home/travis/build/icyphy/ptII/ptolemy/actor/lib/test/auto/TimedSinewavePhase.xml (RunModel)" time="0.031" />
  <testcase classname="ptolemy.util.test.junit.AutoTests" name="[381] /home/travis/build/icyphy/ptII/ptolemy/actor/lib/test/auto/Timer.xml (RunModel)" time="0.013" />
  <testcase classname="ptolemy.util.test.junit.AutoTests" name="[382] /home/travis/build/icyphy/ptII/ptolemy/actor/lib/test/auto/TriangularDistTestModel.xml (RunModel)" time="0.019" />
  <testcase classname="ptolemy.util.test.junit.AutoTests" name="[383] /home/travis/build/icyphy/ptII/ptolemy/actor/lib/test/auto/TrigFunction.xml (RunModel)" time="0.009" />
  <testcase classname="ptolemy.util.test.junit.AutoTests" name="[384] /home/travis/build/icyphy/ptII/ptolemy/actor/lib/test/auto/TrigFunctionDE.xml (RunModel)" time="0.011" />
  <testcase classname="ptolemy.util.test.junit.AutoTests" name="[385] /home/travis/build/icyphy/ptII/ptolemy/actor/lib/test/auto/TrigFunctionInverse.xml (RunModel)" time="0.009" />
  <testcase classname="ptolemy.util.test.junit.AutoTests" name="[386] /home/travis/build/icyphy/ptII/ptolemy/actor/lib/test/auto/TrigFunctionTan.xml (RunModel)" time="0.007" />
  <testcase classname="ptolemy.util.test.junit.AutoTests" name="[387] /home/travis/build/icyphy/ptII/ptolemy/actor/lib/test/auto/TriggeredClock.xml (RunModel)" time="0.008" />
  <testcase classname="ptolemy.util.test.junit.AutoTests" name="[388] /home/travis/build/icyphy/ptII/ptolemy/actor/lib/test/auto/URLDirectoryReader.xml (RunModel)" time="0.097" />
  <testcase classname="ptolemy.util.test.junit.AutoTests" name="[389] /home/travis/build/icyphy/ptII/ptolemy/actor/lib/test/auto/URLDirectoryReader3.xml (RunModel)" time="1.599" />
  <testcase classname="ptolemy.util.test.junit.AutoTests" name="[390] /home/travis/build/icyphy/ptII/ptolemy/actor/lib/test/auto/UnaryMathFunction.xml (RunModel)" time="0.047" />
  <testcase classname="ptolemy.util.test.junit.AutoTests" name="[391] /home/travis/build/icyphy/ptII/ptolemy/actor/lib/test/auto/Uniform.xml (RunModel)" time="0.045" />
  <testcase classname="ptolemy.util.test.junit.AutoTests" name="[392] /home/travis/build/icyphy/ptII/ptolemy/actor/lib/test/auto/UnionDisassemblerTest.xml (RunModel)" time="0.023" />
  <testcase classname="ptolemy.util.test.junit.AutoTests" name="[393] /home/travis/build/icyphy/ptII/ptolemy/actor/lib/test/auto/UtilityFunctions.xml (RunModel)" time="0.028" />
  <testcase classname="ptolemy.util.test.junit.AutoTests" name="[394] /home/travis/build/icyphy/ptII/ptolemy/actor/lib/test/auto/VariableSleep.xml (RunModel)" time="0.531" />
  <testcase classname="ptolemy.util.test.junit.AutoTests" name="[395] /home/travis/build/icyphy/ptII/ptolemy/actor/lib/test/auto/VectorAssemblerDisassemblerCT.xml (RunModel)" time="0.089" />
  <testcase classname="ptolemy.util.test.junit.AutoTests" name="[396] /home/travis/build/icyphy/ptII/ptolemy/actor/lib/test/auto/VectorAssemblerDisassemblerDE.xml (RunModel)" time="0.013" />
  <testcase classname="ptolemy.util.test.junit.AutoTests" name="[397] /home/travis/build/icyphy/ptII/ptolemy/actor/lib/test/auto/VectorAssemblerDisassemblerSDF.xml (RunModel)" time="0.011" />
  <testcase classname="ptolemy.util.test.junit.AutoTests" name="[398] /home/travis/build/icyphy/ptII/ptolemy/actor/lib/test/auto/WallClockTime.xml (RunModel)" time="1.013" />
  <testcase classname="ptolemy.util.test.junit.AutoTests" name="[399] /home/travis/build/icyphy/ptII/ptolemy/actor/lib/test/auto/WidthTestWithSubscriberPublisher.xml (RunModel)" time="0.041" />
  <testcase classname="ptolemy.util.test.junit.AutoTests" name="[400] /home/travis/build/icyphy/ptII/ptolemy/actor/lib/test/auto/WidthTestWithSubscriberPublisher2.xml (RunModel)" time="0.015" />
  <testcase classname="ptolemy.util.test.junit.AutoTests" name="[401] /home/travis/build/icyphy/ptII/ptolemy/actor/lib/test/auto/WidthTestWithSubscriberPublisher3.xml (RunModel)" time="0.01" />
  <testcase classname="ptolemy.util.test.junit.AutoTests" name="[402] /home/travis/build/icyphy/ptII/ptolemy/actor/lib/test/auto/Writer.xml (RunModel)" time="0.008" />
  <testcase classname="ptolemy.util.test.junit.AutoTests" name="[403] /home/travis/build/icyphy/ptII/ptolemy/actor/lib/test/auto/array.xml (RunModel)" time="0.008" />
  <testcase classname="ptolemy.util.test.junit.AutoTests" name="[404] /home/travis/build/icyphy/ptII/ptolemy/actor/lib/test/auto/array2.xml (RunModel)" time="0.011" />
  <testcase classname="ptolemy.util.test.junit.AutoTests" name="[405] /home/travis/build/icyphy/ptII/ptolemy/actor/lib/test/auto/arrayType.xml (RunModel)" time="0.01" />
  <testcase classname="ptolemy.util.test.junit.AutoTests" name="[406] /home/travis/build/icyphy/ptII/ptolemy/actor/lib/test/auto/arrayType10.xml (RunModel)" time="0.009" />
  <testcase classname="ptolemy.util.test.junit.AutoTests" name="[407] /home/travis/build/icyphy/ptII/ptolemy/actor/lib/test/auto/arrayType11.xml (RunModel)" time="0.01" />
  <testcase classname="ptolemy.util.test.junit.AutoTests" name="[408] /home/travis/build/icyphy/ptII/ptolemy/actor/lib/test/auto/arrayType12.xml (RunModel)" time="0.008" />
  <testcase classname="ptolemy.util.test.junit.AutoTests" name="[409] /home/travis/build/icyphy/ptII/ptolemy/actor/lib/test/auto/arrayType13.xml (RunModel)" time="0.009" />
  <testcase classname="ptolemy.util.test.junit.AutoTests" name="[410] /home/travis/build/icyphy/ptII/ptolemy/actor/lib/test/auto/arrayType14.xml (RunModel)" time="0.009" />
  <testcase classname="ptolemy.util.test.junit.AutoTests" name="[411] /home/travis/build/icyphy/ptII/ptolemy/actor/lib/test/auto/arrayType15.xml (RunModel)" time="0.01" />
  <testcase classname="ptolemy.util.test.junit.AutoTests" name="[412] /home/travis/build/icyphy/ptII/ptolemy/actor/lib/test/auto/arrayType16.xml (RunModel)" time="0.01" />
  <testcase classname="ptolemy.util.test.junit.AutoTests" name="[413] /home/travis/build/icyphy/ptII/ptolemy/actor/lib/test/auto/arrayType17.xml (RunModel)" time="0.009" />
  <testcase classname="ptolemy.util.test.junit.AutoTests" name="[414] /home/travis/build/icyphy/ptII/ptolemy/actor/lib/test/auto/arrayType18.xml (RunModel)" time="0.008" />
  <testcase classname="ptolemy.util.test.junit.AutoTests" name="[415] /home/travis/build/icyphy/ptII/ptolemy/actor/lib/test/auto/arrayType19.xml (RunModel)" time="0.009" />
  <testcase classname="ptolemy.util.test.junit.AutoTests" name="[416] /home/travis/build/icyphy/ptII/ptolemy/actor/lib/test/auto/arrayType2.xml (RunModel)" time="0.011" />
  <testcase classname="ptolemy.util.test.junit.AutoTests" name="[417] /home/travis/build/icyphy/ptII/ptolemy/actor/lib/test/auto/arrayType20.xml (RunModel)" time="0.011" />
  <testcase classname="ptolemy.util.test.junit.AutoTests" name="[418] /home/travis/build/icyphy/ptII/ptolemy/actor/lib/test/auto/arrayType21.xml (RunModel)" time="0.011" />
  <testcase classname="ptolemy.util.test.junit.AutoTests" name="[419] /home/travis/build/icyphy/ptII/ptolemy/actor/lib/test/auto/arrayType22.xml (RunModel)" time="0.013" />
  <testcase classname="ptolemy.util.test.junit.AutoTests" name="[420] /home/travis/build/icyphy/ptII/ptolemy/actor/lib/test/auto/arrayType23.xml (RunModel)" time="0.01" />
  <testcase classname="ptolemy.util.test.junit.AutoTests" name="[421] /home/travis/build/icyphy/ptII/ptolemy/actor/lib/test/auto/arrayType24.xml (RunModel)" time="0.011" />
  <testcase classname="ptolemy.util.test.junit.AutoTests" name="[422] /home/travis/build/icyphy/ptII/ptolemy/actor/lib/test/auto/arrayType25.xml (RunModel)" time="0.011" />
  <testcase classname="ptolemy.util.test.junit.AutoTests" name="[423] /home/travis/build/icyphy/ptII/ptolemy/actor/lib/test/auto/arrayType26.xml (RunModel)" time="0.009" />
  <testcase classname="ptolemy.util.test.junit.AutoTests" name="[424] /home/travis/build/icyphy/ptII/ptolemy/actor/lib/test/auto/arrayType27.xml (RunModel)" time="0.011" />
  <testcase classname="ptolemy.util.test.junit.AutoTests" name="[425] /home/travis/build/icyphy/ptII/ptolemy/actor/lib/test/auto/arrayType28.xml (RunModel)" time="0.016" />
  <testcase classname="ptolemy.util.test.junit.AutoTests" name="[426] /home/travis/build/icyphy/ptII/ptolemy/actor/lib/test/auto/arrayType3.xml (RunModel)" time="0.01" />
  <testcase classname="ptolemy.util.test.junit.AutoTests" name="[427] /home/travis/build/icyphy/ptII/ptolemy/actor/lib/test/auto/arrayType4.xml (RunModel)" time="0.008" />
  <testcase classname="ptolemy.util.test.junit.AutoTests" name="[428] /home/travis/build/icyphy/ptII/ptolemy/actor/lib/test/auto/arrayType5.xml (RunModel)" time="0.009" />
  <testcase classname="ptolemy.util.test.junit.AutoTests" name="[429] /home/travis/build/icyphy/ptII/ptolemy/actor/lib/test/auto/arrayType6.xml (RunModel)" time="0.008" />
  <testcase classname="ptolemy.util.test.junit.AutoTests" name="[430] /home/travis/build/icyphy/ptII/ptolemy/actor/lib/test/auto/arrayType7.xml (RunModel)" time="0.008" />
  <testcase classname="ptolemy.util.test.junit.AutoTests" name="[431] /home/travis/build/icyphy/ptII/ptolemy/actor/lib/test/auto/arrayType8.xml (RunModel)" time="0.008" />
  <testcase classname="ptolemy.util.test.junit.AutoTests" name="[432] /home/travis/build/icyphy/ptII/ptolemy/actor/lib/test/auto/arrayType9.xml (RunModel)" time="0.008" />
  <testcase classname="ptolemy.util.test.junit.AutoTests" name="[433] /home/travis/build/icyphy/ptII/ptolemy/actor/lib/test/auto/cast.xml (RunModel)" time="0.009" />
  <testcase classname="ptolemy.util.test.junit.AutoTests" name="[434] /home/travis/build/icyphy/ptII/ptolemy/actor/lib/test/auto/compositeMultiPort.xml (RunModel)" time="0.02" />
  <testcase classname="ptolemy.util.test.junit.AutoTests" name="[435] /home/travis/build/icyphy/ptII/ptolemy/actor/lib/test/auto/expressionCastInference.xml (RunModel)" time="0.008" />
  <testcase classname="ptolemy.util.test.junit.AutoTests" name="[436] /home/travis/build/icyphy/ptII/ptolemy/actor/lib/test/auto/expressionCastInference2.xml (RunModel)" time="0.007" />
  <testcase classname="ptolemy.util.test.junit.AutoTests" name="[437] /home/travis/build/icyphy/ptII/ptolemy/actor/lib/test/auto/expressionInference.xml (RunModel)" time="0.007" />
  <testcase classname="ptolemy.util.test.junit.AutoTests" name="[438] /home/travis/build/icyphy/ptII/ptolemy/actor/lib/test/auto/expression_bug.xml (RunModel)" time="0.012" />
  <testcase classname="ptolemy.util.test.junit.AutoTests" name="[439] /home/travis/build/icyphy/ptII/ptolemy/actor/lib/test/auto/factorial.xml (RunModel)" time="0.046" />
  <testcase classname="ptolemy.util.test.junit.AutoTests" name="[440] /home/travis/build/icyphy/ptII/ptolemy/actor/lib/test/auto/filterTest1.xml (RunModel)" time="0.012" />
  <testcase classname="ptolemy.util.test.junit.AutoTests" name="[441] /home/travis/build/icyphy/ptII/ptolemy/actor/lib/test/auto/funcApplyInConst.xml (RunModel)" time="0.005" />
  <testcase classname="ptolemy.util.test.junit.AutoTests" name="[442] /home/travis/build/icyphy/ptII/ptolemy/actor/lib/test/auto/funcApplyInExpr.xml (RunModel)" time="0.005" />
  <testcase classname="ptolemy.util.test.junit.AutoTests" name="[443] /home/travis/build/icyphy/ptII/ptolemy/actor/lib/test/auto/function.xml (RunModel)" time="0.008" />
  <testcase classname="ptolemy.util.test.junit.AutoTests" name="[444] /home/travis/build/icyphy/ptII/ptolemy/actor/lib/test/auto/function2.xml (RunModel)" time="0.008" />
  <testcase classname="ptolemy.util.test.junit.AutoTests" name="[445] /home/travis/build/icyphy/ptII/ptolemy/actor/lib/test/auto/function3.xml (RunModel)" time="0.007" />
  <testcase classname="ptolemy.util.test.junit.AutoTests" name="[446] /home/travis/build/icyphy/ptII/ptolemy/actor/lib/test/auto/functionClosureTest1.xml (RunModel)" time="0.01" />
  <testcase classname="ptolemy.util.test.junit.AutoTests" name="[447] /home/travis/build/icyphy/ptII/ptolemy/actor/lib/test/auto/functionClosureTest2.xml (RunModel)" time="0.006" />
  <testcase classname="ptolemy.util.test.junit.AutoTests" name="[448] /home/travis/build/icyphy/ptII/ptolemy/actor/lib/test/auto/functionClosureTest3.xml (RunModel)" time="0.009" />
  <testcase classname="ptolemy.util.test.junit.AutoTests" name="[449] /home/travis/build/icyphy/ptII/ptolemy/actor/lib/test/auto/functionClosureTest4.xml (RunModel)" time="0.013" />
  <testcase classname="ptolemy.util.test.junit.AutoTests" name="[450] /home/travis/build/icyphy/ptII/ptolemy/actor/lib/test/auto/functionClosureTest5.xml (RunModel)" time="0.01" />
  <testcase classname="ptolemy.util.test.junit.AutoTests" name="[451] /home/travis/build/icyphy/ptII/ptolemy/actor/lib/test/auto/functionClosureTest6.xml (RunModel)" time="0.008" />
  <testcase classname="ptolemy.util.test.junit.AutoTests" name="[452] /home/travis/build/icyphy/ptII/ptolemy/actor/lib/test/auto/functionsOnArcs.xml (RunModel)" time="0.01" />
  <testcase classname="ptolemy.util.test.junit.AutoTests" name="[453] /home/travis/build/icyphy/ptII/ptolemy/actor/lib/test/auto/functionsOnArcsHOF.xml (RunModel)" time="0.012" />
  <testcase classname="ptolemy.util.test.junit.AutoTests" name="[454] /home/travis/build/icyphy/ptII/ptolemy/actor/lib/test/auto/logic.xml (RunModel)" time="0.034" />
  <testcase classname="ptolemy.util.test.junit.AutoTests" name="[455] /home/travis/build/icyphy/ptII/ptolemy/actor/lib/test/auto/matrixType.xml (RunModel)" time="0.029" />
  <testcase classname="ptolemy.util.test.junit.AutoTests" name="[456] /home/travis/build/icyphy/ptII/ptolemy/actor/lib/test/auto/matrixType10.xml (RunModel)" time="0.012" />
  <testcase classname="ptolemy.util.test.junit.AutoTests" name="[457] /home/travis/build/icyphy/ptII/ptolemy/actor/lib/test/auto/matrixType11.xml (RunModel)" time="0.01" />
  <testcase classname="ptolemy.util.test.junit.AutoTests" name="[458] /home/travis/build/icyphy/ptII/ptolemy/actor/lib/test/auto/matrixType12.xml (RunModel)" time="0.012" />
  <testcase classname="ptolemy.util.test.junit.AutoTests" name="[459] /home/travis/build/icyphy/ptII/ptolemy/actor/lib/test/auto/matrixType13.xml (RunModel)" time="0.01" />
  <testcase classname="ptolemy.util.test.junit.AutoTests" name="[460] /home/travis/build/icyphy/ptII/ptolemy/actor/lib/test/auto/matrixType14.xml (RunModel)" time="0.012" />
  <testcase classname="ptolemy.util.test.junit.AutoTests" name="[461] /home/travis/build/icyphy/ptII/ptolemy/actor/lib/test/auto/matrixType2.xml (RunModel)" time="0.009" />
  <testcase classname="ptolemy.util.test.junit.AutoTests" name="[462] /home/travis/build/icyphy/ptII/ptolemy/actor/lib/test/auto/matrixType3.xml (RunModel)" time="0.012" />
  <testcase classname="ptolemy.util.test.junit.AutoTests" name="[463] /home/travis/build/icyphy/ptII/ptolemy/actor/lib/test/auto/matrixType4.xml (RunModel)" time="0.01" />
  <testcase classname="ptolemy.util.test.junit.AutoTests" name="[464] /home/travis/build/icyphy/ptII/ptolemy/actor/lib/test/auto/matrixType5.xml (RunModel)" time="0.009" />
  <testcase classname="ptolemy.util.test.junit.AutoTests" name="[465] /home/travis/build/icyphy/ptII/ptolemy/actor/lib/test/auto/matrixType6.xml (RunModel)" time="0.009" />
  <testcase classname="ptolemy.util.test.junit.AutoTests" name="[466] /home/travis/build/icyphy/ptII/ptolemy/actor/lib/test/auto/matrixType7.xml (RunModel)" time="0.01" />
  <testcase classname="ptolemy.util.test.junit.AutoTests" name="[467] /home/travis/build/icyphy/ptII/ptolemy/actor/lib/test/auto/matrixType8.xml (RunModel)" time="0.009" />
  <testcase classname="ptolemy.util.test.junit.AutoTests" name="[468] /home/travis/build/icyphy/ptII/ptolemy/actor/lib/test/auto/matrixType9.xml (RunModel)" time="0.009" />
  <testcase classname="ptolemy.util.test.junit.AutoTests" name="[469] /home/travis/build/icyphy/ptII/ptolemy/actor/lib/test/auto/paraFunctest.xml (RunModel)" time="0.007" />
  <testcase classname="ptolemy.util.test.junit.AutoTests" name="[470] /home/travis/build/icyphy/ptII/ptolemy/actor/lib/test/auto/paraFunctest2.xml (RunModel)" time="0.008" />
  <testcase classname="ptolemy.util.test.junit.AutoTests" name="[471] /home/travis/build/icyphy/ptII/ptolemy/actor/lib/test/auto/parameterPassing.xml (RunModel)" time="0.009" />
  <testcase classname="ptolemy.util.test.junit.AutoTests" name="[472] /home/travis/build/icyphy/ptII/ptolemy/actor/lib/test/auto/record.xml (RunModel)" time="0.012" />
  <testcase classname="ptolemy.util.test.junit.AutoTests" name="[473] /home/travis/build/icyphy/ptII/ptolemy/actor/lib/test/auto/sizedarray1.xml (RunModel)" time="0.011" />
  <testcase classname="ptolemy.util.test.junit.AutoTests" name="[474] /home/travis/build/icyphy/ptII/ptolemy/actor/lib/test/auto/sizedarray2.xml (RunModel)" time="0.01" />
  <testcase classname="ptolemy.util.test.junit.AutoTests" name="[475] /home/travis/build/icyphy/ptII/ptolemy/actor/lib/test/auto/twoPublishers.xml (RunModel)" time="0.023" />
  <system-out><![CDATA[/home/travis/build/icyphy/ptII/ptolemy/actor/lib/test/AbsoluteValue.tcl
testDefs.tcl: setting time out to 9000 seconds at Wed Feb 27 20:42:06 UTC 2019
93 ms. Memory: 116224K Free: 109653K (94%)
4 ms. Memory: 116224K Free: 108465K (93%)
4 ms. Memory: 116224K Free: 107864K (93%)
5 ms. Memory: 116224K Free: 106669K (92%)
/home/travis/build/icyphy/ptII/ptolemy/actor/lib/test/AddSubtract.tcl
8 ms. Memory: 116224K Free: 104849K (90%)
12 ms. Memory: 116224K Free: 104216K (90%)
12 ms. Memory: 116224K Free: 103021K (89%)
12 ms. Memory: 116224K Free: 102419K (88%)
12 ms. Memory: 116224K Free: 101810K (88%)
4 ms. Memory: 116224K Free: 101193K (87%)
/home/travis/build/icyphy/ptII/ptolemy/actor/lib/test/Average.tcl
6 ms. Memory: 116224K Free: 99372K (86%)
6 ms. Memory: 116224K Free: 98145K (84%)
/home/travis/build/icyphy/ptII/ptolemy/actor/lib/test/Bernoulli.tcl
4 ms. Memory: 116224K Free: 96349K (83%)
2 ms. Memory: 116224K Free: 95755K (82%)
/home/travis/build/icyphy/ptII/ptolemy/actor/lib/test/Clock.tcl
preinitializing
resolving types
initializing
executing number 1
wrapping up
idle
25 ms. Memory: 116224K Free: 93943K (81%)
Completed execution with 5 iterations
preinitializing
resolving types
initializing
executing number 1
wrapping up
idle
12 ms. Memory: 116224K Free: 92740K (80%)
Completed execution with 5 iterations
preinitializing
resolving types
initializing
executing number 1
wrapping up
idle
4 ms. Memory: 116224K Free: 92131K (79%)
Completed execution with 5 iterations
/home/travis/build/icyphy/ptII/ptolemy/actor/lib/test/Commutator.tcl
9 ms. Memory: 116224K Free: 90334K (78%)
11 ms. Memory: 116224K Free: 89131K (77%)
9 ms. Memory: 116224K Free: 84921K (73%)
/home/travis/build/icyphy/ptII/ptolemy/actor/lib/test/Const.tcl
4 ms. Memory: 116224K Free: 83106K (72%)
3 ms. Memory: 116224K Free: 82513K (71%)
3 ms. Memory: 116224K Free: 81919K (70%)
2 ms. Memory: 116224K Free: 81326K (70%)
16 ms. Memory: 146944K Free: 140375K (96%)
15 ms. Memory: 146944K Free: 138774K (94%)
5 ms. Memory: 146944K Free: 136335K (93%)
12 ms. Memory: 146944K Free: 135126K (92%)
/home/travis/build/icyphy/ptII/ptolemy/actor/lib/test/CurrentTime.tcl
preinitializing
resolving types
initializing
executing number 1
wrapping up
idle
15 ms. Memory: 146944K Free: 133908K (91%)
Completed execution with 11 iterations
/home/travis/build/icyphy/ptII/ptolemy/actor/lib/test/DB.tcl
8 ms. Memory: 146944K Free: 131497K (89%)
1 ms. Memory: 146944K Free: 131497K (89%)
2 ms. Memory: 146944K Free: 131497K (89%)
/home/travis/build/icyphy/ptII/ptolemy/actor/lib/test/DiscreteRandomSource.tcl
preinitializing
resolving types
initializing
executing number 1
wrapping up
idle
4 ms. Memory: 146944K Free: 129078K (88%)
Completed execution with 4 iterations
preinitializing
resolving types
initializing
executing number 1
wrapping up
idle
2 ms. Memory: 146944K Free: 129078K (88%)
Completed execution with 4 iterations
preinitializing
resolving types
initializing
executing number 1
wrapping up
idle
2 ms. Memory: 146944K Free: 127877K (87%)
Completed execution with 4 iterations
preinitializing
resolving types
initializing
executing number 1
wrapping up
idle
2 ms. Memory: 146944K Free: 127877K (87%)
Completed execution with 4 iterations
preinitializing
resolving types
initializing
executing number 1
wrapping up
idle
4 ms. Memory: 146944K Free: 127877K (87%)
Completed execution with 4 iterations
/home/travis/build/icyphy/ptII/ptolemy/actor/lib/test/Distributor.tcl
5 ms. Memory: 146944K Free: 125457K (85%)
4 ms. Memory: 146944K Free: 125457K (85%)
StreamChangeRequest.changeExecuted(): <deleteEntity name="rec2"/> succeeded
StreamChangeRequest.changeExecuted(): <deleteRelation name="r2"/> succeeded
StreamChangeRequest.changeExecuted(): Record firings per iteration succeeded
6 ms. Memory: 146944K Free: 123054K (84%)
/home/travis/build/icyphy/ptII/ptolemy/actor/lib/test/Exit.tcl
Exit.tcl: this will print a message about Manager.exitAfterWrapup, which can be ignored.
6 ms. Memory: 146944K Free: 120036K (82%)
/home/travis/build/icyphy/ptII/ptolemy/actor/lib/test/Expression.tcl
14 ms. Memory: 146944K Free: 116404K (79%)
7 ms. Memory: 146944K Free: 115203K (78%)
3 ms. Memory: 146944K Free: 115203K (78%)
preinitializing
resolving types
initializing
executing number 1
wrapping up
idle
6 ms. Memory: 146944K Free: 114002K (78%)
Completed execution with 6 iterations
13 ms. Memory: 146944K Free: 112800K (77%)
4 ms. Memory: 146944K Free: 111599K (76%)
11 ms. Memory: 146944K Free: 110397K (75%)
4 ms. Memory: 146944K Free: 109196K (74%)
9 ms. Memory: 146944K Free: 107994K (73%)
/home/travis/build/icyphy/ptII/ptolemy/actor/lib/test/Gaussian.tcl
13 ms. Memory: 146944K Free: 106793K (73%)
sleeping 1 seconds: ...........................................................................................................................................................................................................................................................................................................................................................................................................................................................................................................................................................................................................................................................................................................................................................................................................................................................................................................................................................................................................................................................................................................................................................................................................................................................................................................................................................................................................................................................................................................................................................................................................................................................................................................................................................................................................................................................................................................................................................................................................................................................................................................................................................................................................................................................................................................................................................................................................................................................................................................................................................................................................................................................................................................................................................................................................................................................................................................................................................................................................................................................................................................................................................................................................................................................................................................................................................................................................................................................................................................................................................................................................................................................................................................................................................................................................................................................................................................................................................................................................................................................................................................................................................................................................................................................................................................................................................................................................................................................................................................................................................................................................................................................................................................................................................................................................................................................................................................................................................................................................................................................................................................................................................................................................................................................................................................................................................................................................................................................................................................................................................................................................................................................................................................................................................................................................................................................................................................................................................................................................................................................................................................................................................................................................................................................................................................................................................................................................................................................................................................................................................................................................................................................................................................................................................................................................................................................................................................................................................................................................................................................................................................................................................................................................................................................................................................................................................................................................................................................................................................................................................................................................................................................................................................................................................................................................................................................................................................................................................................................................................................................................................................................................................................................................................................................................................................................................................................................................................................................................................................................................................................................................................................................................................................................................................................................................................................................................................................................................................................................................................................................................................................................................................................................................................................................................................................................................................................................................................................................................................................................................................................................................................................................................................................................................................................................................................................................................................................................................................................................................................................................................................................................................................................................................................................................................................................................................................................................................................................................................................................................................................................................................................................................................................................................................................................................................................................................................................................................................................................................................................................................................................................................................................................................................................................................................................................................................................................................................................................................................................................................................................................................................................................................................................................................................................................................................................................................................................................................................................................................................................................................................................................................................................................................................................................................................................................................................................................................................................................................................................................................................................................................................................................................................................................................................................................................................................................................................................................................................................................................................................................................................................................................................................................................................................................................................................................................................................................................................................................................................................................................................................................................................................................................................................................................................................................................................................................................................................................................................................................................................................................................................................................................................................................................................................................................................................................................................................................................................................................................................................................................................................................................................................................................................................................................................................................................................................................................................................................................................................................................................................................................................................................................................................................................................................................................................................................................................................................................................................................................................................................................................................................................................................................................................................................................................................................................................................................................................................................................................................................................................................................................................................................................................................................................................................................................................................................................................................................................................................................................................................................................................................................................................................................................................................................................................................................................................................................................................................................................................................................................................................................................................................................................................................................................................................................................................................................................................................................................................................................................................................................................................................................................................................................................................................................................................................................................................................................................................................................................................................................................................................................................................................................................................................................................................................................................................................................................................................................................................................................................................................................................................................................................................................................................................................................................................................................................................................................................................................................................................................................................................................................................................................................................................................................................................................................................................................................................................................................................................................................................................................................................................................................................................................................................................................................................................................................................................................................................................................................................................................................................................................................................................................................................................................................................................................................................................................................................................................................................................................................................................................................................................................................................................................................................................................................................................................................................................................................................................................................................................................................................................................................................................................................................................................................................................................................................................................................................................................................................................................................................................................................................................................................................................................................................................................................................................................................................................................................................................................................................................................................................................................................................................................................................................................................................................................................................................................................................................................................................................................................................................................................................................................................................................................................................................................................................................................................................................................................................................................................................................................................................................................................................................................................................................................................................................................................................................................................................................................................................................................................................................................................................................................................................................................................................................................................................................................................................................................................................................................................................................................................................................................................................................................................................................................................................................................................................................................................................................................................................................................................................................................................................................................................................................................................................................................................................................................................................................................................................................................................................................................................................................................................................................................................................................................................................................................................................................................................................................................................................................................................................................................................................................................................................................................................................................................................................................................................................................................................................................................................................................................................................................................................................................................................................................................................................................................................................................................................................................................................................................................................................................................................................................................................................................................................................................................................................................................................................................................................................................................................................................................................................................................................................................................................................................................................................................................................................................................................................................................................................................................................................................................................................................................................................................................................................................................................................................................................................................................................................................................................................................................................................................................................................................................................................................................................................................................................................................................................................................................................................................................................................................................................................................................................................................................................................................................................................................................................................................................................................................................................................................................................................................................................................................................................................................................................................................................................................................................................................................................................................................................................................................................................................................................................................................................................................................................................................................................................................................................................................................................................................................................................................................................................................................................................................................................................................................................................................................................................................................................................................................................................................................................................................................................................................................................................................................................................................................................................................................................................................................................................................................................................................................................................................................................................................................................................................................................................................................................................................................................................................................................................................................................................................................................................................................................................................................................................................................................................................................................................................................................................................................................................................................................................................................................................................................................................................................................................................................................................................................................................................................................................................................................................................................................................................................................................................................................................................................................................................................................................................................................................................................................................................................................................................................................................................................................................................................................................................................................................................................................................................................................................................................................................................................................................................................................................................................................................................................................................................................................................................................................................................................................................................................................................................................................................................................................................................................................................................................................................................................................................................................................................................................................................................................................................................................................................................................................................................................................................................................................................................................................................................................................................................................................................................................................................................................................................................................................................................................................................................................................................................................................................................................................................................................................................................................................................................................................................................................................................................................................................................................................................................................................................................................................................................................................................................................................................................................................................................................................................................................................................................................................................................................................................................................................................................................................................................................................................................................................................................................................................................................................................................................................................................................................................................................................................................................................................................................................................................................................................................................................................................................................................................................................................................................................................................................................................................................................................................................................................................................................................................................................................................................................................................................................................................................................................................................................................................................................................................................................................................................................................................................................................................................................................................................................................................................................................................................................................................................................................................................................................................................................................................................................................................................................................................................................................................................................................................................................................................................................................................................................................................................................................................................................................................................................................................................................................................................................................................................................................................................................................................................................................................................................................................................................................................................................................................................................................................................................................................................................................................................................................................................................................................................................................................................................................................................................................................................................................................................................................................................................................................................................................................................................................................................................................................................................................................................................................................................................................................................................................................................................................................................................................................................................................................5 ms. Memory: 208384K Free: 119658K (57%)
5 ms. Memory: 208384K Free: 119658K (57%)
3 ms. Memory: 208384K Free: 117265K (56%)
2 ms. Memory: 208384K Free: 117265K (56%)
1 ms. Memory: 208384K Free: 117265K (56%)
/home/travis/build/icyphy/ptII/ptolemy/actor/lib/test/IIR.tcl
/home/travis/build/icyphy/ptII/ptolemy/actor/lib/test/Interpolator.tcl
3 ms. Memory: 208384K Free: 111960K (54%)
2 ms. Memory: 208384K Free: 111960K (54%)
2 ms. Memory: 208384K Free: 111960K (54%)
2 ms. Memory: 208384K Free: 109567K (53%)
3 ms. Memory: 208384K Free: 109567K (53%)
2 ms. Memory: 208384K Free: 109567K (53%)
3 ms. Memory: 208384K Free: 107174K (51%)
3 ms. Memory: 208384K Free: 107174K (51%)
2 ms. Memory: 208384K Free: 107174K (51%)
2 ms. Memory: 208384K Free: 104781K (50%)
/home/travis/build/icyphy/ptII/ptolemy/actor/lib/test/MathFunction.tcl
8 ms. Memory: 208384K Free: 102388K (49%)
2 ms. Memory: 208384K Free: 102388K (49%)
7 ms. Memory: 208384K Free: 99995K (48%)
3 ms. Memory: 208384K Free: 99995K (48%)
5 ms. Memory: 208384K Free: 99995K (48%)
6 ms. Memory: 208384K Free: 97596K (47%)
/home/travis/build/icyphy/ptII/ptolemy/actor/lib/test/Maximum.tcl
5 ms. Memory: 208384K Free: 95203K (46%)
1 ms. Memory: 208384K Free: 95203K (46%)
2 ms. Memory: 208384K Free: 92810K (45%)
10 ms. Memory: 208384K Free: 92810K (45%)
/home/travis/build/icyphy/ptII/ptolemy/actor/lib/test/Minimum.tcl
8 ms. Memory: 208384K Free: 90417K (43%)
8 ms. Memory: 208384K Free: 90417K (43%)
3 ms. Memory: 208384K Free: 90417K (43%)
6 ms. Memory: 208384K Free: 90417K (43%)
/home/travis/build/icyphy/ptII/ptolemy/actor/lib/test/MultiplyDivide.tcl
11 ms. Memory: 208384K Free: 88024K (42%)
14 ms. Memory: 208384K Free: 85631K (41%)
2 ms. Memory: 208384K Free: 85631K (41%)
3 ms. Memory: 208384K Free: 85631K (41%)
6 ms. Memory: 208384K Free: 85631K (41%)
/home/travis/build/icyphy/ptII/ptolemy/actor/lib/test/OrderedMerge.tcl
Connections changed on port: inputA
Connections changed on port: inputB
Connections changed on port: output
Connections changed on port: output
Connections changed on port: output
Connections changed on port: input
.top. Preinitializing ...
Invoking preinitialize():  .top.OrderedMerge
Called preinitialize()
Invoking preinitialize():  .top.Ramp
Called preinitialize()
Invoking preinitialize():  .top.Ramp2
Called preinitialize()
Invoking preinitialize():  .top.Test
Called preinitialize()
Connections changed on port: inputA
Connections changed on port: output
Connections changed on port: inputB
Connections changed on port: output
Connections changed on port: output
Connections changed on port: input
.top. Finished preinitialize().
Called initialize().
Invoking initialize():  .top.OrderedMerge
Initializing actor: .top.OrderedMerge
Adding a thread: .top.OrderedMerge
Invoking initialize():  .top.Ramp
Initializing actor: .top.Ramp
Adding a thread: .top.Ramp
Invoking initialize():  .top.Ramp2
Initializing actor: .top.Ramp2
Adding a thread: .top.Ramp2
Invoking initialize():  .top.Test
Initializing actor: .top.Test
Adding a thread: .top.Test
-- Starting thread.
Called initialize()
Called prefire()
Called fire()
-- Starting thread.
Called initialize()
Called prefire()
Called fire()
Called postfire()
Called prefire()
Called fire()
-- Starting thread.
Called initialize()
Called prefire()
Called fire()
Called postfire()
Called prefire()
Called fire()
Called fire().
Checking for deadlock:
There are 3 Blocked actors, 0 Stopped actors, and 4 active threads.
Waiting for actors to stop.
-- Starting thread.
Called initialize()
Called prefire()
Called fire()
Read input token from inputA with value 0.0
Next port to read input from is inputB
Called postfire()
Called prefire()
Called fire()
Read input token from inputB with value 0.0
Sent output token with value 0.0
Next port to read input from is inputA
Called postfire()
Called prefire()
Called fire()
Checking for deadlock:
There are 1 Blocked actors, 0 Stopped actors, and 4 active threads.
Waiting for actors to stop.
Called postfire()
Called prefire()
Called fire()
-- Read input: 0.0, which is expected to match: 0.0
Called prefire()
Called fire()
Called postfire()
Called prefire()
Called fire()
Checking for deadlock:
There are 3 Blocked actors, 0 Stopped actors, and 4 active threads.
Waiting for actors to stop.
Read input token from inputA with value 1.0
Sent output token with value 0.0
Next port to read input from is inputB
Called postfire()
Called prefire()
Called fire()
Read input token from inputB with value 1.5
-- Read input: 0.0, which is expected to match: 0.0
Called prefire()
Called fire()
Checking for deadlock:
There are 1 Blocked actors, 0 Stopped actors, and 4 active threads.
Waiting for actors to stop.
Called postfire()
Called prefire()
Called fire()
Called postfire()
Called prefire()
Called fire()
Checking for deadlock:
There are 3 Blocked actors, 0 Stopped actors, and 4 active threads.
Waiting for actors to stop.
Sent output token with value 1.0
Next port to read input from is inputA
Called postfire()
Called prefire()
Called fire()
Read input token from inputA with value 2.0
-- Read input: 1.0, which is expected to match: 1.0
Called prefire()
Called fire()
Checking for deadlock:
There are 2 Blocked actors, 0 Stopped actors, and 4 active threads.
Waiting for actors to stop.
Called postfire()
Called prefire()
Called fire()
Sent output token with value 1.5
Next port to read input from is inputB
Called postfire()
Called prefire()
Called fire()
Read input token from inputB with value 3.0
Checking for deadlock:
There are 2 Blocked actors, 0 Stopped actors, and 4 active threads.
Waiting for actors to stop.
-- Read input: 1.5, which is expected to match: 1.5
Called prefire()
Called fire()
Called postfire()
Called prefire()
Called fire()
Checking for deadlock:
There are 3 Blocked actors, 0 Stopped actors, and 4 active threads.
Waiting for actors to stop.
Sent output token with value 2.0
Next port to read input from is inputA
Called postfire()
Called prefire()
Called fire()
Read input token from inputA with value 3.0
Checking for deadlock:
There are 2 Blocked actors, 0 Stopped actors, and 4 active threads.
Waiting for actors to stop.
-- Read input: 2.0, which is expected to match: 2.0
Called prefire()
Called fire()
Called postfire()
Called prefire()
Called fire()
Checking for deadlock:
There are 3 Blocked actors, 0 Stopped actors, and 4 active threads.
Waiting for actors to stop.
Sent output token with value 3.0
Next port to read input from is inputB
Called postfire()
Called prefire()
Called fire()
Read input token from inputB with value 4.5
Checking for deadlock:
There are 2 Blocked actors, 0 Stopped actors, and 4 active threads.
Waiting for actors to stop.
-- Read input: 3.0, which is expected to match: 3.0
Called prefire()
Called fire()
Called postfire()
Called prefire()
Called fire()
Checking for deadlock:
There are 3 Blocked actors, 0 Stopped actors, and 4 active threads.
Waiting for actors to stop.
Sent output token with value 3.0
Next port to read input from is inputA
Called postfire()
Called prefire()
Called fire()
Read input token from inputA with value 4.0
Checking for deadlock:
There are 2 Blocked actors, 0 Stopped actors, and 4 active threads.
Waiting for actors to stop.
-- Read input: 3.0, which is expected to match: 3.0
Called prefire()
Called fire()
Called postfire()
Called prefire()
Called fire()
Checking for deadlock:
There are 3 Blocked actors, 0 Stopped actors, and 4 active threads.
Waiting for actors to stop.
Sent output token with value 4.0
Next port to read input from is inputA
Called postfire()
Called prefire()
Called fire()
Checking for deadlock:
There are 2 Blocked actors, 0 Stopped actors, and 4 active threads.
Waiting for actors to stop.
-- Read input: 4.0, which is expected to match: 4.0
Called prefire()
Called fire()
Past the end of training data. Read and discard all inputs.
Checking for deadlock:
There are 3 Blocked actors, 0 Stopped actors, and 4 active threads.
Waiting for actors to stop.
Read input token from inputA with value 5.0
Sent output token with value 4.5
Next port to read input from is inputB
Called postfire()
Called prefire()
Called fire()
Read input token from inputB with value 6.0
Checking for deadlock:
There are 1 Blocked actors, 0 Stopped actors, and 4 active threads.
Waiting for actors to stop.
Called postfire()
Called prefire()
Called fire()
Called postfire()
Called prefire()
Called fire()
Called prefire()
Called fire()
Past the end of training data. Read and discard all inputs.
Checking for deadlock:
There are 3 Blocked actors, 0 Stopped actors, and 4 active threads.
Waiting for actors to stop.
Sent output token with value 5.0
Next port to read input from is inputA
Called postfire()
Called prefire()
Called fire()
Read input token from inputA with value 6.0
Checking for deadlock:
There are 2 Blocked actors, 0 Stopped actors, and 4 active threads.
Waiting for actors to stop.
Called postfire()
Called prefire()
Called fire()
Called prefire()
Called fire()
Past the end of training data. Read and discard all inputs.
Checking for deadlock:
There are 3 Blocked actors, 0 Stopped actors, and 4 active threads.
Waiting for actors to stop.
Checking for deadlock:
There are 2 Blocked actors, 0 Stopped actors, and 4 active threads.
Waiting for actors to stop.
Called prefire()
Called fire()
Past the end of training data. Read and discard all inputs.
Checking for deadlock:
There are 3 Blocked actors, 0 Stopped actors, and 4 active threads.
Waiting for actors to stop.
Sent output token with value 6.0
Next port to read input from is inputB
Called postfire()
Called prefire()
Called fire()
Called postfire()
Called prefire()
Called fire()
Checking for deadlock:
There are 3 Blocked actors, 0 Stopped actors, and 4 active threads.
Waiting for actors to stop.
Read input token from inputB with value 7.5
Called prefire()
Called fire()
Past the end of training data. Read and discard all inputs.
Checking for deadlock:
There are 3 Blocked actors, 0 Stopped actors, and 4 active threads.
Waiting for actors to stop.
Sent output token with value 6.0
Next port to read input from is inputA
Called postfire()
Called prefire()
Called fire()
Called postfire()
Called prefire()
Called fire()
Checking for deadlock:
There are 3 Blocked actors, 0 Stopped actors, and 4 active threads.
Waiting for actors to stop.
Read input token from inputA with value 7.0
Sent output token with value 7.0
Next port to read input from is inputA
Called postfire()
Called prefire()
Called fire()
Read input token from inputA with value 8.0
Called prefire()
Called fire()
Past the end of training data. Read and discard all inputs.
Checking for deadlock:
There are 2 Blocked actors, 0 Stopped actors, and 4 active threads.
Waiting for actors to stop.
-- Thread wrapup() called.
Called wrapup()
Thread .top.Ramp is exiting.
-- Thread stopped.
Checking for deadlock:
There are 2 Blocked actors, 0 Stopped actors, and 3 active threads.
Waiting for actors to stop.
Sent output token with value 7.5
Next port to read input from is inputB
Called postfire()
Called prefire()
Called fire()
Read input token from inputB with value 9.0
Called prefire()
Called fire()
Past the end of training data. Read and discard all inputs.
Checking for deadlock:
There are 1 Blocked actors, 0 Stopped actors, and 3 active threads.
Waiting for actors to stop.
Called postfire()
Called prefire()
Called fire()
Checking for deadlock:
There are 2 Blocked actors, 0 Stopped actors, and 3 active threads.
Waiting for actors to stop.
Sent output token with value 8.0
Next port to read input from is inputA
Called postfire()
Called prefire()
Called fire()
Read input token from inputA with value 9.0
Called prefire()
Called fire()
Past the end of training data. Read and discard all inputs.
Checking for deadlock:
There are 2 Blocked actors, 0 Stopped actors, and 3 active threads.
Waiting for actors to stop.
Checking for deadlock:
There are 1 Blocked actors, 0 Stopped actors, and 3 active threads.
Waiting for actors to stop.
Called prefire()
Called fire()
Past the end of training data. Read and discard all inputs.
Checking for deadlock:
There are 2 Blocked actors, 0 Stopped actors, and 3 active threads.
Waiting for actors to stop.
Sent output token with value 9.0
Next port to read input from is inputB
Called postfire()
Called prefire()
Called fire()
Called postfire()
Called prefire()
Called fire()
Checking for deadlock:
There are 2 Blocked actors, 0 Stopped actors, and 3 active threads.
Waiting for actors to stop.
Read input token from inputB with value 10.5
Called prefire()
Called fire()
Past the end of training data. Read and discard all inputs.
Checking for deadlock:
There are 2 Blocked actors, 0 Stopped actors, and 3 active threads.
Waiting for actors to stop.
Sent output token with value 9.0
Next port to read input from is inputA
Called postfire()
Called prefire()
Called fire()
Checking for deadlock:
There are 3 Blocked actors, 0 Stopped actors, and 3 active threads.
Actors have stopped.
Checking for deadlock:
There are 3 Blocked actors, 0 Stopped actors, and 3 active threads.
Deadlock detected.
Resolving Deadlock
Checking for deadlock:
There are 3 Blocked actors, 0 Stopped actors, and 3 active threads.
Artificial Deadlock - increasing queue capacity.
increasing the capacity of receiver ptolemy.actor.TypedIOPort {.top.OrderedMerge.inputB} to 2
Director: Called postfire().
Called postfire().
_stopRequested = false
_stopFireRequested = false
Returning from postfire(): true
Called fire().
Checking for deadlock:
There are 2 Blocked actors, 0 Stopped actors, and 3 active threads.
Waiting for actors to stop.
-- Thread wrapup() called.
Called wrapup()
Thread .top.Ramp2 is exiting.
-- Thread stopped.
Checking for deadlock:
There are 2 Blocked actors, 0 Stopped actors, and 2 active threads.
Actors have stopped.
Checking for deadlock:
There are 2 Blocked actors, 0 Stopped actors, and 2 active threads.
Deadlock detected.
Resolving Deadlock
Checking for deadlock:
There are 2 Blocked actors, 0 Stopped actors, and 2 active threads.
Deadlock detected: no processes blocked on write, but some are blocked on read.
Called postfire().
_stopRequested = false
_stopFireRequested = false
Returning from postfire(): false
Finished deactivating branches.
Called wrapup().
-- Thread wrapup() called.
Called wrapup()
Thread .top.OrderedMerge is exiting.
-- Thread stopped.
-- Blocked Receiver call threw TerminateProcessException.
-- Thread wrapup() called.
Called wrapup()
Thread .top.Test is exiting.
-- Thread stopped.
-- Blocked Receiver call threw TerminateProcessException.
45 ms. Memory: 208384K Free: 196764K (94%)
.top. Preinitializing ...
Invoking preinitialize():  .top.OrderedMerge
Called preinitialize()
Invoking preinitialize():  .top.Ramp
Called preinitialize()
Invoking preinitialize():  .top.Ramp2
Called preinitialize()
Invoking preinitialize():  .top.Test
Called preinitialize()
.top. Finished preinitialize().
Called initialize().
Invoking initialize():  .top.OrderedMerge
Initializing actor: .top.OrderedMerge
Adding a thread: .top.OrderedMerge
Invoking initialize():  .top.Ramp
Initializing actor: .top.Ramp
Adding a thread: .top.Ramp
Invoking initialize():  .top.Ramp2
Initializing actor: .top.Ramp2
Adding a thread: .top.Ramp2
Invoking initialize():  .top.Test
Initializing actor: .top.Test
Adding a thread: .top.Test
-- Starting thread.
Called initialize()
Called prefire()
Called fire()
-- Starting thread.
Called initialize()
Called prefire()
Called fire()
Called postfire()
Called prefire()
Called fire()
-- Starting thread.
Called initialize()
Called prefire()
Called fire()
Called postfire()
Called prefire()
Called fire()
Called fire().
Checking for deadlock:
There are 3 Blocked actors, 0 Stopped actors, and 4 active threads.
Waiting for actors to stop.
-- Starting thread.
Called initialize()
Called prefire()
Called fire()
Checking for deadlock:
There are 2 Blocked actors, 0 Stopped actors, and 4 active threads.
Waiting for actors to stop.
Called postfire()
Called prefire()
Called fire()
Checking for deadlock:
There are 3 Blocked actors, 0 Stopped actors, and 4 active threads.
Waiting for actors to stop.
Read input token from inputA with value 0.0
Next port to read input from is inputB
Called postfire()
Called prefire()
Called fire()
Checking for deadlock:
There are 2 Blocked actors, 0 Stopped actors, and 4 active threads.
Waiting for actors to stop.
Called postfire()
Called prefire()
Called fire()
Checking for deadlock:
There are 3 Blocked actors, 0 Stopped actors, and 4 active threads.
Waiting for actors to stop.
Read input token from inputB with value 0.0
Checking for deadlock:
There are 2 Blocked actors, 0 Stopped actors, and 4 active threads.
Waiting for actors to stop.
-- Read input: 0.0, which is expected to match: 0.0
Called prefire()
Called fire()
Checking for deadlock:
There are 3 Blocked actors, 0 Stopped actors, and 4 active threads.
Waiting for actors to stop.
Sent output token with value 0.0
Next port to read input from is inputA
Called postfire()
Called prefire()
Called fire()
Checking for deadlock:
There are 2 Blocked actors, 0 Stopped actors, and 4 active threads.
Waiting for actors to stop.
Called postfire()
Called prefire()
Called fire()
Checking for deadlock:
There are 3 Blocked actors, 0 Stopped actors, and 4 active threads.
Waiting for actors to stop.
Read input token from inputA with value 1.0
Checking for deadlock:
There are 2 Blocked actors, 0 Stopped actors, and 4 active threads.
Waiting for actors to stop.
-- Read input: 0.0, which is expected to match: 0.0
Called prefire()
Called fire()
Checking for deadlock:
There are 3 Blocked actors, 0 Stopped actors, and 4 active threads.
Waiting for actors to stop.
Sent output token with value 0.0
Next port to read input from is inputB
Called postfire()
Called prefire()
Called fire()
Checking for deadlock:
There are 2 Blocked actors, 0 Stopped actors, and 4 active threads.
Waiting for actors to stop.
Called postfire()
Called prefire()
Called fire()
Checking for deadlock:
There are 3 Blocked actors, 0 Stopped actors, and 4 active threads.
Waiting for actors to stop.
Read input token from inputB with value 1.5
Checking for deadlock:
There are 2 Blocked actors, 0 Stopped actors, and 4 active threads.
Waiting for actors to stop.
-- Read input: 1.0, which is expected to match: 1.0
Called prefire()
Called fire()
Checking for deadlock:
There are 3 Blocked actors, 0 Stopped actors, and 4 active threads.
Waiting for actors to stop.
Sent output token with value 1.0
Next port to read input from is inputA
Called postfire()
Called prefire()
Called fire()
Checking for deadlock:
There are 2 Blocked actors, 0 Stopped actors, and 4 active threads.
Waiting for actors to stop.
Called postfire()
Called prefire()
Called fire()
Checking for deadlock:
There are 3 Blocked actors, 0 Stopped actors, and 4 active threads.
Waiting for actors to stop.
Read input token from inputA with value 2.0
Checking for deadlock:
There are 2 Blocked actors, 0 Stopped actors, and 4 active threads.
Waiting for actors to stop.
-- Read input: 1.5, which is expected to match: 1.5
Called prefire()
Called fire()
Checking for deadlock:
There are 3 Blocked actors, 0 Stopped actors, and 4 active threads.
Waiting for actors to stop.
Sent output token with value 1.5
Next port to read input from is inputB
Called postfire()
Called prefire()
Called fire()
Checking for deadlock:
There are 2 Blocked actors, 0 Stopped actors, and 4 active threads.
Waiting for actors to stop.
Called postfire()
Called prefire()
Called fire()
Checking for deadlock:
There are 3 Blocked actors, 0 Stopped actors, and 4 active threads.
Waiting for actors to stop.
Read input token from inputB with value 3.0
Checking for deadlock:
There are 2 Blocked actors, 0 Stopped actors, and 4 active threads.
Waiting for actors to stop.
-- Read input: 2.0, which is expected to match: 2.0
Called prefire()
Called fire()
Checking for deadlock:
There are 3 Blocked actors, 0 Stopped actors, and 4 active threads.
Waiting for actors to stop.
Sent output token with value 2.0
Next port to read input from is inputA
Called postfire()
Called prefire()
Called fire()
Called postfire()
Called prefire()
Called fire()
Checking for deadlock:
There are 3 Blocked actors, 0 Stopped actors, and 4 active threads.
Waiting for actors to stop.
Read input token from inputA with value 3.0
-- Read input: 3.0, which is expected to match: 3.0
Called prefire()
Called fire()
Checking for deadlock:
There are 3 Blocked actors, 0 Stopped actors, and 4 active threads.
Waiting for actors to stop.
Sent output token with value 3.0
Next port to read input from is inputB
Called postfire()
Called prefire()
Called fire()
Checking for deadlock:
There are 2 Blocked actors, 0 Stopped actors, and 4 active threads.
Waiting for actors to stop.
Called postfire()
Called prefire()
Called fire()
Checking for deadlock:
There are 3 Blocked actors, 0 Stopped actors, and 4 active threads.
Waiting for actors to stop.
Read input token from inputB with value 4.5
Checking for deadlock:
There are 2 Blocked actors, 0 Stopped actors, and 4 active threads.
Waiting for actors to stop.
-- Read input: 3.0, which is expected to match: 3.0
Called prefire()
Called fire()
Checking for deadlock:
There are 3 Blocked actors, 0 Stopped actors, and 4 active threads.
Waiting for actors to stop.
Sent output token with value 3.0
Next port to read input from is inputA
Called postfire()
Called prefire()
Called fire()
Called postfire()
Called prefire()
Called fire()
Checking for deadlock:
There are 3 Blocked actors, 0 Stopped actors, and 4 active threads.
Waiting for actors to stop.
Read input token from inputA with value 4.0
-- Read input: 4.0, which is expected to match: 4.0
Called prefire()
Called fire()
Past the end of training data. Read and discard all inputs.
Checking for deadlock:
There are 3 Blocked actors, 0 Stopped actors, and 4 active threads.
Waiting for actors to stop.
Sent output token with value 4.0
Next port to read input from is inputA
Called postfire()
Called prefire()
Called fire()
Called postfire()
Called prefire()
Called fire()
Checking for deadlock:
There are 3 Blocked actors, 0 Stopped actors, and 4 active threads.
Waiting for actors to stop.
Read input token from inputA with value 5.0
Called prefire()
Called fire()
Past the end of training data. Read and discard all inputs.
Checking for deadlock:
There are 3 Blocked actors, 0 Stopped actors, and 4 active threads.
Waiting for actors to stop.
Sent output token with value 4.5
Next port to read input from is inputB
Called postfire()
Called prefire()
Called fire()
Checking for deadlock:
There are 2 Blocked actors, 0 Stopped actors, and 4 active threads.
Waiting for actors to stop.
Called postfire()
Called prefire()
Called fire()
Checking for deadlock:
There are 3 Blocked actors, 0 Stopped actors, and 4 active threads.
Waiting for actors to stop.
Read input token from inputB with value 6.0
Checking for deadlock:
There are 2 Blocked actors, 0 Stopped actors, and 4 active threads.
Waiting for actors to stop.
Called prefire()
Called fire()
Past the end of training data. Read and discard all inputs.
Checking for deadlock:
There are 3 Blocked actors, 0 Stopped actors, and 4 active threads.
Waiting for actors to stop.
Sent output token with value 5.0
Next port to read input from is inputA
Called postfire()
Called prefire()
Called fire()
Called postfire()
Called prefire()
Checking for deadlock:
There are 2 Blocked actors, 0 Stopped actors, and 4 active threads.
Waiting for actors to stop.
Called fire()
Checking for deadlock:
There are 3 Blocked actors, 0 Stopped actors, and 4 active threads.
Waiting for actors to stop.
Read input token from inputA with value 6.0
Checking for deadlock:
There are 2 Blocked actors, 0 Stopped actors, and 4 active threads.
Waiting for actors to stop.
Called prefire()
Called fire()
Past the end of training data. Read and discard all inputs.
Checking for deadlock:
There are 3 Blocked actors, 0 Stopped actors, and 4 active threads.
Waiting for actors to stop.
Sent output token with value 6.0
Next port to read input from is inputB
Called postfire()
Called prefire()
Called fire()
Checking for deadlock:
There are 2 Blocked actors, 0 Stopped actors, and 4 active threads.
Waiting for actors to stop.
Called postfire()
Called prefire()
Called fire()
Checking for deadlock:
There are 3 Blocked actors, 0 Stopped actors, and 4 active threads.
Waiting for actors to stop.
Read input token from inputB with value 7.5
Checking for deadlock:
There are 2 Blocked actors, 0 Stopped actors, and 4 active threads.
Waiting for actors to stop.
Called prefire()
Called fire()
Past the end of training data. Read and discard all inputs.
Checking for deadlock:
There are 3 Blocked actors, 0 Stopped actors, and 4 active threads.
Waiting for actors to stop.
Sent output token with value 6.0
Next port to read input from is inputA
Called postfire()
Called prefire()
Called fire()
Checking for deadlock:
There are 2 Blocked actors, 0 Stopped actors, and 4 active threads.
Waiting for actors to stop.
Called postfire()
Called prefire()
Called fire()
Checking for deadlock:
There are 3 Blocked actors, 0 Stopped actors, and 4 active threads.
Waiting for actors to stop.
Read input token from inputA with value 7.0
Checking for deadlock:
There are 2 Blocked actors, 0 Stopped actors, and 4 active threads.
Waiting for actors to stop.
Called prefire()
Called fire()
Past the end of training data. Read and discard all inputs.
Checking for deadlock:
There are 3 Blocked actors, 0 Stopped actors, and 4 active threads.
Waiting for actors to stop.
Sent output token with value 7.0
Next port to read input from is inputA
Called postfire()
Called prefire()
Called fire()
Checking for deadlock:
There are 2 Blocked actors, 0 Stopped actors, and 4 active threads.
Waiting for actors to stop.
-- Thread wrapup() called.
Called wrapup()
Thread .top.Ramp is exiting.
-- Thread stopped.
Checking for deadlock:
There are 2 Blocked actors, 0 Stopped actors, and 3 active threads.
Waiting for actors to stop.
Read input token from inputA with value 8.0
Checking for deadlock:
There are 1 Blocked actors, 0 Stopped actors, and 3 active threads.
Waiting for actors to stop.
Called prefire()
Called fire()
Past the end of training data. Read and discard all inputs.
Checking for deadlock:
There are 2 Blocked actors, 0 Stopped actors, and 3 active threads.
Waiting for actors to stop.
Sent output token with value 7.5
Next port to read input from is inputB
Called postfire()
Called prefire()
Called fire()
Checking for deadlock:
There are 1 Blocked actors, 0 Stopped actors, and 3 active threads.
Waiting for actors to stop.
Called postfire()
Called prefire()
Called fire()
Checking for deadlock:
There are 2 Blocked actors, 0 Stopped actors, and 3 active threads.
Waiting for actors to stop.
Read input token from inputB with value 9.0
Checking for deadlock:
There are 1 Blocked actors, 0 Stopped actors, and 3 active threads.
Waiting for actors to stop.
Called prefire()
Called fire()
Past the end of training data. Read and discard all inputs.
Checking for deadlock:
There are 2 Blocked actors, 0 Stopped actors, and 3 active threads.
Waiting for actors to stop.
Sent output token with value 8.0
Next port to read input from is inputA
Called postfire()
Called prefire()
Called fire()
Read input token from inputA with value 9.0
Checking for deadlock:
There are 1 Blocked actors, 0 Stopped actors, and 3 active threads.
Waiting for actors to stop.
Called prefire()
Called fire()
Past the end of training data. Read and discard all inputs.
Checking for deadlock:
There are 2 Blocked actors, 0 Stopped actors, and 3 active threads.
Waiting for actors to stop.
Sent output token with value 9.0
Next port to read input from is inputB
Called postfire()
Called prefire()
Called fire()
Checking for deadlock:
There are 1 Blocked actors, 0 Stopped actors, and 3 active threads.
Waiting for actors to stop.
Called postfire()
Called prefire()
Called fire()
Checking for deadlock:
There are 2 Blocked actors, 0 Stopped actors, and 3 active threads.
Waiting for actors to stop.
Read input token from inputB with value 10.5
Checking for deadlock:
There are 1 Blocked actors, 0 Stopped actors, and 3 active threads.
Waiting for actors to stop.
Called prefire()
Called fire()
Past the end of training data. Read and discard all inputs.
Checking for deadlock:
There are 2 Blocked actors, 0 Stopped actors, and 3 active threads.
Waiting for actors to stop.
Sent output token with value 9.0
Next port to read input from is inputA
Called postfire()
Called prefire()
Called fire()
Checking for deadlock:
There are 3 Blocked actors, 0 Stopped actors, and 3 active threads.
Actors have stopped.
Checking for deadlock:
There are 3 Blocked actors, 0 Stopped actors, and 3 active threads.
Deadlock detected.
Resolving Deadlock
Checking for deadlock:
There are 3 Blocked actors, 0 Stopped actors, and 3 active threads.
Artificial Deadlock - increasing queue capacity.
increasing the capacity of receiver ptolemy.actor.TypedIOPort {.top.OrderedMerge.inputB} to 2
Director: Called postfire().
Called postfire().
_stopRequested = false
_stopFireRequested = false
Returning from postfire(): true
Called fire().
Checking for deadlock:
There are 2 Blocked actors, 0 Stopped actors, and 3 active threads.
Waiting for actors to stop.
-- Thread wrapup() called.
Called wrapup()
Thread .top.Ramp2 is exiting.
-- Thread stopped.
Checking for deadlock:
There are 2 Blocked actors, 0 Stopped actors, and 2 active threads.
Actors have stopped.
Checking for deadlock:
There are 2 Blocked actors, 0 Stopped actors, and 2 active threads.
Deadlock detected.
Resolving Deadlock
Checking for deadlock:
There are 2 Blocked actors, 0 Stopped actors, and 2 active threads.
Deadlock detected: no processes blocked on write, but some are blocked on read.
Called postfire().
_stopRequested = false
_stopFireRequested = false
Returning from postfire(): false
Finished deactivating branches.
Called wrapup().
-- Thread wrapup() called.
Called wrapup()
Thread .top.Test is exiting.
-- Thread stopped.
-- Blocked Receiver call threw TerminateProcessException.
-- Thread wrapup() called.
Called wrapup()
Thread .top.OrderedMerge is exiting.
19 ms. Memory: 208384K Free: 193488K (93%)
/home/travis/build/icyphy/ptII/ptolemy/actor/lib/test/Publisher.tcl
-- Thread stopped.
-- Blocked Receiver call threw TerminateProcessException.
7 ms. Memory: 208384K Free: 188735K (91%)
9 ms. Memory: 208384K Free: 181607K (87%)
16 ms. Memory: 208384K Free: 179231K (86%)
14 ms. Memory: 208384K Free: 176855K (85%)
10 ms. Memory: 208384K Free: 176855K (85%)
17 ms. Memory: 208384K Free: 176855K (85%)
3 ms. Memory: 208384K Free: 174479K (84%)
5 ms. Memory: 208384K Free: 174479K (84%)
1 ms. Memory: 208384K Free: 164975K (79%)
3 ms. Memory: 208384K Free: 160222K (77%)
3 ms. Memory: 208384K Free: 160222K (77%)
1 ms. Memory: 208384K Free: 157846K (76%)
7 ms. Memory: 208384K Free: 150718K (72%)
5 ms. Memory: 208384K Free: 141182K (68%)
14 ms. Memory: 208384K Free: 129301K (62%)
/home/travis/build/icyphy/ptII/ptolemy/actor/lib/test/Pulse.tcl
2 ms. Memory: 208384K Free: 88907K (43%)
1 ms. Memory: 208384K Free: 86531K (42%)
1 ms. Memory: 208384K Free: 86531K (42%)
1 ms. Memory: 208384K Free: 86531K (42%)
1 ms. Memory: 208384K Free: 86531K (42%)
2 ms. Memory: 208384K Free: 84155K (40%)
2 ms. Memory: 208384K Free: 84155K (40%)
1 ms. Memory: 208384K Free: 84155K (40%)
2 ms. Memory: 208384K Free: 81779K (39%)
/home/travis/build/icyphy/ptII/ptolemy/actor/lib/test/Ramp.tcl
2 ms. Memory: 208384K Free: 81779K (39%)
2 ms. Memory: 208384K Free: 79670K (38%)
1 ms. Memory: 208384K Free: 79670K (38%)
2 ms. Memory: 208384K Free: 79670K (38%)
36 ms. Memory: 331264K Free: 319050K (96%)
12 ms. Memory: 331264K Free: 319050K (96%)
4 ms. Memory: 331264K Free: 319050K (96%)
5 actors
9000 microseconds per iteration to create
10 ms. Memory: 331264K Free: 313827K (95%)
2 ms. Memory: 331264K Free: 313827K (95%)
7 ms. Memory: 331264K Free: 313827K (95%)
2 ms. Memory: 331264K Free: 313827K (95%)
50 actors
37000 microseconds per iteration to create
26 ms. Memory: 331264K Free: 299469K (90%)
6 ms. Memory: 331264K Free: 299469K (90%)
5 ms. Memory: 331264K Free: 294683K (89%)
5 ms. Memory: 331264K Free: 294683K (89%)
500 actors
1301000 microseconds per iteration to create
236 ms. Memory: 331264K Free: 122233K (37%)
48 ms. Memory: 331264K Free: 117447K (35%)
45 ms. Memory: 331264K Free: 112661K (34%)
45 ms. Memory: 331264K Free: 107875K (33%)
/home/travis/build/icyphy/ptII/ptolemy/actor/lib/test/RampContinuous.tcl
7 ms. Memory: 331264K Free: 103073K (31%)
/home/travis/build/icyphy/ptII/ptolemy/actor/lib/test/RecordAssembler.tcl
7 ms. Memory: 331264K Free: 103073K (31%)
3 ms. Memory: 331264K Free: 103073K (31%)
/home/travis/build/icyphy/ptII/ptolemy/actor/lib/test/RecordDisassembler.tcl
5 ms. Memory: 331264K Free: 103073K (31%)
3 ms. Memory: 331264K Free: 98286K (30%)
3 ms. Memory: 331264K Free: 98286K (30%)
/home/travis/build/icyphy/ptII/ptolemy/actor/lib/test/Scale.tcl
3 ms. Memory: 331264K Free: 98286K (30%)
2 ms. Memory: 331264K Free: 98286K (30%)
2 ms. Memory: 331264K Free: 93492K (28%)
2 ms. Memory: 331264K Free: 93492K (28%)
2 ms. Memory: 331264K Free: 93492K (28%)
/home/travis/build/icyphy/ptII/ptolemy/actor/lib/test/SequentialClock.tcl
preinitializing
resolving types
initializing
executing number 1
wrapping up
idle
3 ms. Memory: 331264K Free: 93492K (28%)
Completed execution with 5 iterations
preinitializing
resolving types
initializing
executing number 1
wrapping up
idle
10 ms. Memory: 331264K Free: 93492K (28%)
Completed execution with 5 iterations
preinitializing
resolving types
initializing
executing number 1
wrapping up
idle
2 ms. Memory: 331264K Free: 93492K (28%)
Completed execution with 5 iterations
/home/travis/build/icyphy/ptII/ptolemy/actor/lib/test/SetVariable.tcl
4 ms. Memory: 331264K Free: 88706K (27%)
/home/travis/build/icyphy/ptII/ptolemy/actor/lib/test/Sinewave.tcl
/home/travis/build/icyphy/ptII/ptolemy/actor/lib/test/SubscriptionAggregator.tcl
60 ms. Memory: 332288K Free: 314612K (95%)
2 ms. Memory: 332288K Free: 314328K (95%)
0 ms. Memory: 332288K Free: 314328K (95%)
0 ms. Memory: 332288K Free: 314328K (95%)
1 ms. Memory: 332288K Free: 309509K (93%)
3 ms. Memory: 332288K Free: 309509K (93%)
...............................................................1073 ms. Memory: 576000K Free: 189346K (33%)
/home/travis/build/icyphy/ptII/ptolemy/actor/lib/test/Test.tcl
 The next command will produce a warning about training mode,
   which may be ignored.
4 ms. Memory: 576000K Free: 189346K (33%)
2 ms. Memory: 576000K Free: 189346K (33%)
5 ms. Memory: 576000K Free: 189346K (33%)
2 ms. Memory: 576000K Free: 189346K (33%)
2 ms. Memory: 576000K Free: 189346K (33%)
3 ms. Memory: 576000K Free: 189346K (33%)
5 ms. Memory: 576000K Free: 179724K (31%)
 The next command will produce a warning about training mode,
   which may be ignored.
7 ms. Memory: 576000K Free: 179724K (31%)
 The next command will produce a warning about training mode,
   which may be ignored.
3 ms. Memory: 576000K Free: 179724K (31%)
1 ms. Memory: 576000K Free: 179724K (31%)
1 ms. Memory: 576000K Free: 179724K (31%)
2 ms. Memory: 576000K Free: 179724K (31%)
4 ms. Memory: 576000K Free: 179724K (31%)
5 ms. Memory: 576000K Free: 170109K (30%)
/home/travis/build/icyphy/ptII/ptolemy/actor/lib/test/TestExceptionHandler.tcl
 The next command will produce a warning about training mode,
   which may be ignored.
2 ms. Memory: 576000K Free: 170109K (30%)
0 ms. Memory: 576000K Free: 170109K (30%)
1 ms. Memory: 576000K Free: 170109K (30%)
/home/travis/build/icyphy/ptII/ptolemy/actor/lib/test/UnionDisassembler.tcl
26 ms. Memory: 576000K Free: 160494K (28%)
/home/travis/build/icyphy/ptII/ptolemy/actor/lib/test/VariableClock.tcl
preinitializing
resolving types
initializing
executing number 1
wrapping up
idle
10 ms. Memory: 576000K Free: 160494K (28%)
Completed execution with 11 iterations
preinitializing
resolving types
initializing
executing number 1
wrapping up
idle
4 ms. Memory: 576000K Free: 160494K (28%)
Completed execution with 10 iterations
02/27/19 08:42:14
Failed: 0  Total Tests: 234  ((Passed: 234, Newly Passed: 0)  Known Failed: 0) /home/travis/build/icyphy/ptII/ptolemy/actor/lib/test
----------------- testing (KnownFailure) /home/travis/build/icyphy/ptII/ptolemy/actor/lib/test/auto/knownFailedTests/PublisherPortToplevelSubscriber.xml
1 ms. Memory: 576000K Free: 150777K (26%)
Known Failure: java.lang.reflect.InvocationTargetException
----------------- testing (KnownFailure) /home/travis/build/icyphy/ptII/ptolemy/actor/lib/test/auto/knownFailedTests/PublisherSubscriberPortToplevel.xml
1 ms. Memory: 576000K Free: 131341K (23%)
Known Failure: java.lang.reflect.InvocationTargetException
----------------- testing (KnownFailure) /home/travis/build/icyphy/ptII/ptolemy/actor/lib/test/auto/knownFailedTests/PublisherSubscriptionAggregatorPort.xml
2 ms. Memory: 576000K Free: 111905K (19%)
Known Failure: java.lang.reflect.InvocationTargetException
----------------- testing (KnownFailure) /home/travis/build/icyphy/ptII/ptolemy/actor/lib/test/auto/knownFailedTests/sizedarray3.xml
4 ms. Memory: 576000K Free: 92469K (16%)
Known Failure: java.lang.reflect.InvocationTargetException
No auto/linux-amd64/*.xml tests in /home/travis/build/icyphy/ptII/ptolemy/actor/lib/test
AutoTests.java: About to close Vertx.
AutoTests.java: Vertx closed.

===========================================================================================
----------------- testing Wed Feb 27 20:42:15 UTC 2019 /home/travis/build/icyphy/ptII/ptolemy/actor/lib/test/auto/AbsoluteValue.xml
----------------- Instantiating /home/travis/build/icyphy/ptII/ptolemy/actor/lib/test/auto/AbsoluteValue.xml
4 ms. Memory: 579584K Free: 479942K (83%)
----------------- Invoking toplevel() on ptolemy.moml.MoMLSimpleApplication@52dda1ab
----------------- Done invoking toplevel() on ptolemy.moml.MoMLSimpleApplication@52dda1ab
reloadAllAccessors: .AbsoluteValue

===========================================================================================
----------------- testing Wed Feb 27 20:42:15 UTC 2019 /home/travis/build/icyphy/ptII/ptolemy/actor/lib/test/auto/AbsoluteValue2.xml
----------------- Instantiating /home/travis/build/icyphy/ptII/ptolemy/actor/lib/test/auto/AbsoluteValue2.xml
8 ms. Memory: 579584K Free: 465349K (80%)
----------------- Invoking toplevel() on ptolemy.moml.MoMLSimpleApplication@3a4cfd0e
----------------- Done invoking toplevel() on ptolemy.moml.MoMLSimpleApplication@3a4cfd0e
reloadAllAccessors: .AbsoluteValue2

===========================================================================================
----------------- testing Wed Feb 27 20:42:15 UTC 2019 /home/travis/build/icyphy/ptII/ptolemy/actor/lib/test/auto/Accumulator.xml
----------------- Instantiating /home/travis/build/icyphy/ptII/ptolemy/actor/lib/test/auto/Accumulator.xml
24 ms. Memory: 579584K Free: 455631K (79%)
----------------- Invoking toplevel() on ptolemy.moml.MoMLSimpleApplication@3197bf85
----------------- Done invoking toplevel() on ptolemy.moml.MoMLSimpleApplication@3197bf85
reloadAllAccessors: .Accumulator

===========================================================================================
----------------- testing Wed Feb 27 20:42:15 UTC 2019 /home/travis/build/icyphy/ptII/ptolemy/actor/lib/test/auto/Accumulator2.xml
----------------- Instantiating /home/travis/build/icyphy/ptII/ptolemy/actor/lib/test/auto/Accumulator2.xml
6 ms. Memory: 579584K Free: 445913K (77%)
----------------- Invoking toplevel() on ptolemy.moml.MoMLSimpleApplication@74d4ee49
----------------- Done invoking toplevel() on ptolemy.moml.MoMLSimpleApplication@74d4ee49
reloadAllAccessors: .Accumulator2

===========================================================================================
----------------- testing Wed Feb 27 20:42:15 UTC 2019 /home/travis/build/icyphy/ptII/ptolemy/actor/lib/test/auto/Accumulator3.xml
----------------- Instantiating /home/travis/build/icyphy/ptII/ptolemy/actor/lib/test/auto/Accumulator3.xml
8 ms. Memory: 579584K Free: 427127K (74%)
----------------- Invoking toplevel() on ptolemy.moml.MoMLSimpleApplication@4366a5bc
----------------- Done invoking toplevel() on ptolemy.moml.MoMLSimpleApplication@4366a5bc
reloadAllAccessors: .Accumulator3

===========================================================================================
----------------- testing Wed Feb 27 20:42:15 UTC 2019 /home/travis/build/icyphy/ptII/ptolemy/actor/lib/test/auto/ArrayAppend.xml
----------------- Instantiating /home/travis/build/icyphy/ptII/ptolemy/actor/lib/test/auto/ArrayAppend.xml
4 ms. Memory: 579584K Free: 417409K (72%)
----------------- Invoking toplevel() on ptolemy.moml.MoMLSimpleApplication@62c82d6f
----------------- Done invoking toplevel() on ptolemy.moml.MoMLSimpleApplication@62c82d6f
reloadAllAccessors: .ArrayAppend

===========================================================================================
----------------- testing Wed Feb 27 20:42:15 UTC 2019 /home/travis/build/icyphy/ptII/ptolemy/actor/lib/test/auto/ArrayAppend2.xml
----------------- Instantiating /home/travis/build/icyphy/ptII/ptolemy/actor/lib/test/auto/ArrayAppend2.xml
327 ms. Memory: 579584K Free: 349384K (60%)
----------------- Invoking toplevel() on ptolemy.moml.MoMLSimpleApplication@4ad3edca
----------------- Done invoking toplevel() on ptolemy.moml.MoMLSimpleApplication@4ad3edca
reloadAllAccessors: .ArrayAppend2

===========================================================================================
----------------- testing Wed Feb 27 20:42:16 UTC 2019 /home/travis/build/icyphy/ptII/ptolemy/actor/lib/test/auto/ArrayAppend3.xml
----------------- Instantiating /home/travis/build/icyphy/ptII/ptolemy/actor/lib/test/auto/ArrayAppend3.xml
4 ms. Memory: 579584K Free: 339666K (59%)
----------------- Invoking toplevel() on ptolemy.moml.MoMLSimpleApplication@634e2bf
----------------- Done invoking toplevel() on ptolemy.moml.MoMLSimpleApplication@634e2bf
reloadAllAccessors: .ArrayAppend3

===========================================================================================
----------------- testing Wed Feb 27 20:42:16 UTC 2019 /home/travis/build/icyphy/ptII/ptolemy/actor/lib/test/auto/ArrayAppend4.xml
----------------- Instantiating /home/travis/build/icyphy/ptII/ptolemy/actor/lib/test/auto/ArrayAppend4.xml
2 ms. Memory: 579584K Free: 329949K (57%)
----------------- Invoking toplevel() on ptolemy.moml.MoMLSimpleApplication@79281ee5
----------------- Done invoking toplevel() on ptolemy.moml.MoMLSimpleApplication@79281ee5
reloadAllAccessors: .ArrayAppend4

===========================================================================================
----------------- testing Wed Feb 27 20:42:16 UTC 2019 /home/travis/build/icyphy/ptII/ptolemy/actor/lib/test/auto/ArrayAppend5.xml
----------------- Instantiating /home/travis/build/icyphy/ptII/ptolemy/actor/lib/test/auto/ArrayAppend5.xml
2 ms. Memory: 579584K Free: 311161K (54%)
----------------- Invoking toplevel() on ptolemy.moml.MoMLSimpleApplication@34bbdeb0
----------------- Done invoking toplevel() on ptolemy.moml.MoMLSimpleApplication@34bbdeb0
reloadAllAccessors: .ArrayAppend5

===========================================================================================
----------------- testing Wed Feb 27 20:42:16 UTC 2019 /home/travis/build/icyphy/ptII/ptolemy/actor/lib/test/auto/ArrayAppend6.xml
----------------- Instantiating /home/travis/build/icyphy/ptII/ptolemy/actor/lib/test/auto/ArrayAppend6.xml
3 ms. Memory: 579584K Free: 301444K (52%)
----------------- Invoking toplevel() on ptolemy.moml.MoMLSimpleApplication@6e643952
----------------- Done invoking toplevel() on ptolemy.moml.MoMLSimpleApplication@6e643952
reloadAllAccessors: .ArrayAppend6

===========================================================================================
----------------- testing Wed Feb 27 20:42:16 UTC 2019 /home/travis/build/icyphy/ptII/ptolemy/actor/lib/test/auto/ArrayAppendPerformanceTest.xml
----------------- Instantiating /home/travis/build/icyphy/ptII/ptolemy/actor/lib/test/auto/ArrayAppendPerformanceTest.xml
33 ms. Memory: 579584K Free: 286851K (49%)
----------------- Invoking toplevel() on ptolemy.moml.MoMLSimpleApplication@4c1fb5e9
----------------- Done invoking toplevel() on ptolemy.moml.MoMLSimpleApplication@4c1fb5e9
reloadAllAccessors: .ArrayAppendPerformanceTest

===========================================================================================
----------------- testing Wed Feb 27 20:42:16 UTC 2019 /home/travis/build/icyphy/ptII/ptolemy/actor/lib/test/auto/ArrayAppendWithEmptyInput.xml
----------------- Instantiating /home/travis/build/icyphy/ptII/ptolemy/actor/lib/test/auto/ArrayAppendWithEmptyInput.xml
18 ms. Memory: 579584K Free: 272274K (47%)
----------------- Invoking toplevel() on ptolemy.moml.MoMLSimpleApplication@e14d8ea
----------------- Done invoking toplevel() on ptolemy.moml.MoMLSimpleApplication@e14d8ea
reloadAllAccessors: .ArrayAppendWithEmptyInput

===========================================================================================
----------------- testing Wed Feb 27 20:42:16 UTC 2019 /home/travis/build/icyphy/ptII/ptolemy/actor/lib/test/auto/ArrayAverage.xml
----------------- Instantiating /home/travis/build/icyphy/ptII/ptolemy/actor/lib/test/auto/ArrayAverage.xml
5 ms. Memory: 579584K Free: 248620K (43%)
----------------- Invoking toplevel() on ptolemy.moml.MoMLSimpleApplication@48146ed
----------------- Done invoking toplevel() on ptolemy.moml.MoMLSimpleApplication@48146ed
reloadAllAccessors: .ArrayAverage

===========================================================================================
----------------- testing Wed Feb 27 20:42:16 UTC 2019 /home/travis/build/icyphy/ptII/ptolemy/actor/lib/test/auto/ArrayContains.xml
----------------- Instantiating /home/travis/build/icyphy/ptII/ptolemy/actor/lib/test/auto/ArrayContains.xml
7 ms. Memory: 579584K Free: 238902K (41%)
----------------- Invoking toplevel() on ptolemy.moml.MoMLSimpleApplication@d815542
----------------- Done invoking toplevel() on ptolemy.moml.MoMLSimpleApplication@d815542
reloadAllAccessors: .ArrayContains

===========================================================================================
----------------- testing Wed Feb 27 20:42:16 UTC 2019 /home/travis/build/icyphy/ptII/ptolemy/actor/lib/test/auto/ArrayElement.xml
----------------- Instantiating /home/travis/build/icyphy/ptII/ptolemy/actor/lib/test/auto/ArrayElement.xml
3 ms. Memory: 579584K Free: 229185K (40%)
----------------- Invoking toplevel() on ptolemy.moml.MoMLSimpleApplication@7f1e9c13
----------------- Done invoking toplevel() on ptolemy.moml.MoMLSimpleApplication@7f1e9c13
reloadAllAccessors: .ArrayElement

===========================================================================================
----------------- testing Wed Feb 27 20:42:16 UTC 2019 /home/travis/build/icyphy/ptII/ptolemy/actor/lib/test/auto/ArrayElementAsMatrix.xml
----------------- Instantiating /home/travis/build/icyphy/ptII/ptolemy/actor/lib/test/auto/ArrayElementAsMatrix.xml
20 ms. Memory: 579584K Free: 214592K (37%)
----------------- Invoking toplevel() on ptolemy.moml.MoMLSimpleApplication@5c24011d
----------------- Done invoking toplevel() on ptolemy.moml.MoMLSimpleApplication@5c24011d
reloadAllAccessors: .ArrayElementAsMatrix

===========================================================================================
----------------- testing Wed Feb 27 20:42:16 UTC 2019 /home/travis/build/icyphy/ptII/ptolemy/actor/lib/test/auto/ArrayElementI.xml
----------------- Instantiating /home/travis/build/icyphy/ptII/ptolemy/actor/lib/test/auto/ArrayElementI.xml
6 ms. Memory: 579584K Free: 195805K (34%)
----------------- Invoking toplevel() on ptolemy.moml.MoMLSimpleApplication@255dd303
----------------- Done invoking toplevel() on ptolemy.moml.MoMLSimpleApplication@255dd303
reloadAllAccessors: .ArrayElementI

===========================================================================================
----------------- testing Wed Feb 27 20:42:16 UTC 2019 /home/travis/build/icyphy/ptII/ptolemy/actor/lib/test/auto/ArrayExtract.xml
----------------- Instantiating /home/travis/build/icyphy/ptII/ptolemy/actor/lib/test/auto/ArrayExtract.xml
12 ms. Memory: 579584K Free: 186087K (32%)
----------------- Invoking toplevel() on ptolemy.moml.MoMLSimpleApplication@294d8029
----------------- Done invoking toplevel() on ptolemy.moml.MoMLSimpleApplication@294d8029
reloadAllAccessors: .ArrayExtract

===========================================================================================
----------------- testing Wed Feb 27 20:42:16 UTC 2019 /home/travis/build/icyphy/ptII/ptolemy/actor/lib/test/auto/ArrayExtract2.xml
----------------- Instantiating /home/travis/build/icyphy/ptII/ptolemy/actor/lib/test/auto/ArrayExtract2.xml
3 ms. Memory: 579584K Free: 176369K (30%)
----------------- Invoking toplevel() on ptolemy.moml.MoMLSimpleApplication@695bbc22
----------------- Done invoking toplevel() on ptolemy.moml.MoMLSimpleApplication@695bbc22
reloadAllAccessors: .ArrayExtract2

===========================================================================================
----------------- testing Wed Feb 27 20:42:16 UTC 2019 /home/travis/build/icyphy/ptII/ptolemy/actor/lib/test/auto/ArrayLength.xml
----------------- Instantiating /home/travis/build/icyphy/ptII/ptolemy/actor/lib/test/auto/ArrayLength.xml
2 ms. Memory: 579584K Free: 166651K (29%)
----------------- Invoking toplevel() on ptolemy.moml.MoMLSimpleApplication@601c2564
----------------- Done invoking toplevel() on ptolemy.moml.MoMLSimpleApplication@601c2564
reloadAllAccessors: .ArrayLength

===========================================================================================
----------------- testing Wed Feb 27 20:42:16 UTC 2019 /home/travis/build/icyphy/ptII/ptolemy/actor/lib/test/auto/ArrayLevelCrossing.xml
----------------- Instantiating /home/travis/build/icyphy/ptII/ptolemy/actor/lib/test/auto/ArrayLevelCrossing.xml
4 ms. Memory: 579584K Free: 142990K (25%)
----------------- Invoking toplevel() on ptolemy.moml.MoMLSimpleApplication@34de2282
----------------- Done invoking toplevel() on ptolemy.moml.MoMLSimpleApplication@34de2282
reloadAllAccessors: .ArrayLevelCrossing

===========================================================================================
----------------- testing Wed Feb 27 20:42:16 UTC 2019 /home/travis/build/icyphy/ptII/ptolemy/actor/lib/test/auto/ArrayLevelCrossing2.xml
----------------- Instantiating /home/travis/build/icyphy/ptII/ptolemy/actor/lib/test/auto/ArrayLevelCrossing2.xml
3 ms. Memory: 579584K Free: 133272K (23%)
----------------- Invoking toplevel() on ptolemy.moml.MoMLSimpleApplication@251f2bd1
----------------- Done invoking toplevel() on ptolemy.moml.MoMLSimpleApplication@251f2bd1
reloadAllAccessors: .ArrayLevelCrossing2

===========================================================================================
----------------- testing Wed Feb 27 20:42:16 UTC 2019 /home/travis/build/icyphy/ptII/ptolemy/actor/lib/test/auto/ArrayPeakSearch.xml
----------------- Instantiating /home/travis/build/icyphy/ptII/ptolemy/actor/lib/test/auto/ArrayPeakSearch.xml
4 ms. Memory: 579584K Free: 118679K (20%)
----------------- Invoking toplevel() on ptolemy.moml.MoMLSimpleApplication@705e725a
----------------- Done invoking toplevel() on ptolemy.moml.MoMLSimpleApplication@705e725a
reloadAllAccessors: .ArrayPeakSearch

===========================================================================================
----------------- testing Wed Feb 27 20:42:16 UTC 2019 /home/travis/build/icyphy/ptII/ptolemy/actor/lib/test/auto/ArrayPeakSearch2.xml
----------------- Instantiating /home/travis/build/icyphy/ptII/ptolemy/actor/lib/test/auto/ArrayPeakSearch2.xml
6 ms. Memory: 579584K Free: 104086K (18%)
----------------- Invoking toplevel() on ptolemy.moml.MoMLSimpleApplication@5a2693d4
----------------- Done invoking toplevel() on ptolemy.moml.MoMLSimpleApplication@5a2693d4
reloadAllAccessors: .ArrayPeakSearch2

===========================================================================================
----------------- testing Wed Feb 27 20:42:16 UTC 2019 /home/travis/build/icyphy/ptII/ptolemy/actor/lib/test/auto/ArrayPeakSearch3.xml
----------------- Instantiating /home/travis/build/icyphy/ptII/ptolemy/actor/lib/test/auto/ArrayPeakSearch3.xml
7 ms. Memory: 579584K Free: 80440K (14%)
----------------- Invoking toplevel() on ptolemy.moml.MoMLSimpleApplication@47faa730
----------------- Done invoking toplevel() on ptolemy.moml.MoMLSimpleApplication@47faa730
reloadAllAccessors: .ArrayPeakSearch3

===========================================================================================
----------------- testing Wed Feb 27 20:42:16 UTC 2019 /home/travis/build/icyphy/ptII/ptolemy/actor/lib/test/auto/ArrayRemoveElement.xml
----------------- Instantiating /home/travis/build/icyphy/ptII/ptolemy/actor/lib/test/auto/ArrayRemoveElement.xml
8 ms. Memory: 579584K Free: 65847K (11%)
----------------- Invoking toplevel() on ptolemy.moml.MoMLSimpleApplication@299bde81
----------------- Done invoking toplevel() on ptolemy.moml.MoMLSimpleApplication@299bde81
reloadAllAccessors: .ArrayRemoveElement

===========================================================================================
----------------- testing Wed Feb 27 20:42:16 UTC 2019 /home/travis/build/icyphy/ptII/ptolemy/actor/lib/test/auto/ArraySort.xml
----------------- Instantiating /home/travis/build/icyphy/ptII/ptolemy/actor/lib/test/auto/ArraySort.xml
43 ms. Memory: 876544K Free: 833285K (95%)
----------------- Invoking toplevel() on ptolemy.moml.MoMLSimpleApplication@5cb630f7
----------------- Done invoking toplevel() on ptolemy.moml.MoMLSimpleApplication@5cb630f7
reloadAllAccessors: .ArraySort

===========================================================================================
----------------- testing Wed Feb 27 20:42:16 UTC 2019 /home/travis/build/icyphy/ptII/ptolemy/actor/lib/test/auto/ArraySum.xml
----------------- Instantiating /home/travis/build/icyphy/ptII/ptolemy/actor/lib/test/auto/ArraySum.xml
2 ms. Memory: 876544K Free: 801025K (91%)
----------------- Invoking toplevel() on ptolemy.moml.MoMLSimpleApplication@47d5610d
----------------- Done invoking toplevel() on ptolemy.moml.MoMLSimpleApplication@47d5610d
reloadAllAccessors: .ArraySum

===========================================================================================
----------------- testing Wed Feb 27 20:42:16 UTC 2019 /home/travis/build/icyphy/ptII/ptolemy/actor/lib/test/auto/ArrayToElements.xml
----------------- Instantiating /home/travis/build/icyphy/ptII/ptolemy/actor/lib/test/auto/ArrayToElements.xml
3 ms. Memory: 876544K Free: 790655K (90%)
----------------- Invoking toplevel() on ptolemy.moml.MoMLSimpleApplication@1ea8667c
----------------- Done invoking toplevel() on ptolemy.moml.MoMLSimpleApplication@1ea8667c
reloadAllAccessors: .ArrayToElements

===========================================================================================
----------------- testing Wed Feb 27 20:42:16 UTC 2019 /home/travis/build/icyphy/ptII/ptolemy/actor/lib/test/auto/ArrayToMatrix.xml
----------------- Instantiating /home/travis/build/icyphy/ptII/ptolemy/actor/lib/test/auto/ArrayToMatrix.xml
5 ms. Memory: 876544K Free: 769908K (88%)
----------------- Invoking toplevel() on ptolemy.moml.MoMLSimpleApplication@10af1b0f
----------------- Done invoking toplevel() on ptolemy.moml.MoMLSimpleApplication@10af1b0f
reloadAllAccessors: .ArrayToMatrix

===========================================================================================
----------------- testing Wed Feb 27 20:42:17 UTC 2019 /home/travis/build/icyphy/ptII/ptolemy/actor/lib/test/auto/ArrayUpdate1.xml
----------------- Instantiating /home/travis/build/icyphy/ptII/ptolemy/actor/lib/test/auto/ArrayUpdate1.xml
3 ms. Memory: 876544K Free: 759538K (87%)
----------------- Invoking toplevel() on ptolemy.moml.MoMLSimpleApplication@46332a4
----------------- Done invoking toplevel() on ptolemy.moml.MoMLSimpleApplication@46332a4
reloadAllAccessors: .ArrayUpdate1

===========================================================================================
----------------- testing Wed Feb 27 20:42:17 UTC 2019 /home/travis/build/icyphy/ptII/ptolemy/actor/lib/test/auto/ArrayUpdate2.xml
----------------- Instantiating /home/travis/build/icyphy/ptII/ptolemy/actor/lib/test/auto/ArrayUpdate2.xml
3 ms. Memory: 876544K Free: 738773K (84%)
----------------- Invoking toplevel() on ptolemy.moml.MoMLSimpleApplication@5ecad3b0
----------------- Done invoking toplevel() on ptolemy.moml.MoMLSimpleApplication@5ecad3b0
reloadAllAccessors: .ArrayUpdate2

===========================================================================================
----------------- testing Wed Feb 27 20:42:17 UTC 2019 /home/travis/build/icyphy/ptII/ptolemy/actor/lib/test/auto/ArrayUpdate3.xml
----------------- Instantiating /home/travis/build/icyphy/ptII/ptolemy/actor/lib/test/auto/ArrayUpdate3.xml
2 ms. Memory: 876544K Free: 728403K (83%)
----------------- Invoking toplevel() on ptolemy.moml.MoMLSimpleApplication@65e70278
----------------- Done invoking toplevel() on ptolemy.moml.MoMLSimpleApplication@65e70278
reloadAllAccessors: .ArrayUpdate3

===========================================================================================
----------------- testing Wed Feb 27 20:42:17 UTC 2019 /home/travis/build/icyphy/ptII/ptolemy/actor/lib/test/auto/Assert1.xml
----------------- Instantiating /home/travis/build/icyphy/ptII/ptolemy/actor/lib/test/auto/Assert1.xml
3 ms. Memory: 876544K Free: 718034K (82%)
----------------- Invoking toplevel() on ptolemy.moml.MoMLSimpleApplication@10ba9c8b
----------------- Done invoking toplevel() on ptolemy.moml.MoMLSimpleApplication@10ba9c8b
reloadAllAccessors: .Assert1

===========================================================================================
----------------- testing Wed Feb 27 20:42:17 UTC 2019 /home/travis/build/icyphy/ptII/ptolemy/actor/lib/test/auto/Assert2.xml
----------------- Instantiating /home/travis/build/icyphy/ptII/ptolemy/actor/lib/test/auto/Assert2.xml
11 ms. Memory: 876544K Free: 707664K (81%)
----------------- Invoking toplevel() on ptolemy.moml.MoMLSimpleApplication@186e5c96
----------------- Done invoking toplevel() on ptolemy.moml.MoMLSimpleApplication@186e5c96
reloadAllAccessors: .Assert2

===========================================================================================
----------------- testing Wed Feb 27 20:42:17 UTC 2019 /home/travis/build/icyphy/ptII/ptolemy/actor/lib/test/auto/BooleanMultiplexor.xml
----------------- Instantiating /home/travis/build/icyphy/ptII/ptolemy/actor/lib/test/auto/BooleanMultiplexor.xml
2 ms. Memory: 876544K Free: 697294K (80%)
----------------- Invoking toplevel() on ptolemy.moml.MoMLSimpleApplication@262845da
----------------- Done invoking toplevel() on ptolemy.moml.MoMLSimpleApplication@262845da
reloadAllAccessors: .BooleanMultiplexor

===========================================================================================
----------------- testing Wed Feb 27 20:42:17 UTC 2019 /home/travis/build/icyphy/ptII/ptolemy/actor/lib/test/auto/BooleanMultiplexor2.xml
----------------- Instantiating /home/travis/build/icyphy/ptII/ptolemy/actor/lib/test/auto/BooleanMultiplexor2.xml
10 ms. Memory: 876544K Free: 676778K (77%)
----------------- Invoking toplevel() on ptolemy.moml.MoMLSimpleApplication@4c714a48
----------------- Done invoking toplevel() on ptolemy.moml.MoMLSimpleApplication@4c714a48
reloadAllAccessors: .BooleanMultiplexor2

===========================================================================================
----------------- testing Wed Feb 27 20:42:17 UTC 2019 /home/travis/build/icyphy/ptII/ptolemy/actor/lib/test/auto/BooleanMultiplexor3.xml
----------------- Instantiating /home/travis/build/icyphy/ptII/ptolemy/actor/lib/test/auto/BooleanMultiplexor3.xml
4 ms. Memory: 876544K Free: 666408K (76%)
----------------- Invoking toplevel() on ptolemy.moml.MoMLSimpleApplication@5d0aa822
----------------- Done invoking toplevel() on ptolemy.moml.MoMLSimpleApplication@5d0aa822
reloadAllAccessors: .BooleanMultiplexor3

===========================================================================================
----------------- testing Wed Feb 27 20:42:17 UTC 2019 /home/travis/build/icyphy/ptII/ptolemy/actor/lib/test/auto/BooleanSelect.xml
----------------- Instantiating /home/travis/build/icyphy/ptII/ptolemy/actor/lib/test/auto/BooleanSelect.xml
9 ms. Memory: 876544K Free: 656038K (75%)
----------------- Invoking toplevel() on ptolemy.moml.MoMLSimpleApplication@5acf46b9
----------------- Done invoking toplevel() on ptolemy.moml.MoMLSimpleApplication@5acf46b9
reloadAllAccessors: .BooleanSelect

===========================================================================================
----------------- testing Wed Feb 27 20:42:17 UTC 2019 /home/travis/build/icyphy/ptII/ptolemy/actor/lib/test/auto/BooleanSelect2.xml
----------------- Instantiating /home/travis/build/icyphy/ptII/ptolemy/actor/lib/test/auto/BooleanSelect2.xml
2 ms. Memory: 876544K Free: 645668K (74%)
----------------- Invoking toplevel() on ptolemy.moml.MoMLSimpleApplication@554632e2
----------------- Done invoking toplevel() on ptolemy.moml.MoMLSimpleApplication@554632e2
reloadAllAccessors: .BooleanSelect2

===========================================================================================
----------------- testing Wed Feb 27 20:42:17 UTC 2019 /home/travis/build/icyphy/ptII/ptolemy/actor/lib/test/auto/BooleanSwitch.xml
----------------- Instantiating /home/travis/build/icyphy/ptII/ptolemy/actor/lib/test/auto/BooleanSwitch.xml
5 ms. Memory: 876544K Free: 625151K (71%)
----------------- Invoking toplevel() on ptolemy.moml.MoMLSimpleApplication@11fc4098
----------------- Done invoking toplevel() on ptolemy.moml.MoMLSimpleApplication@11fc4098
reloadAllAccessors: .BooleanSwitch

===========================================================================================
----------------- testing Wed Feb 27 20:42:17 UTC 2019 /home/travis/build/icyphy/ptII/ptolemy/actor/lib/test/auto/BooleanSwitch2.xml
----------------- Instantiating /home/travis/build/icyphy/ptII/ptolemy/actor/lib/test/auto/BooleanSwitch2.xml
2 ms. Memory: 876544K Free: 614782K (70%)
----------------- Invoking toplevel() on ptolemy.moml.MoMLSimpleApplication@6d76a130
----------------- Done invoking toplevel() on ptolemy.moml.MoMLSimpleApplication@6d76a130
reloadAllAccessors: .BooleanSwitch2

===========================================================================================
----------------- testing Wed Feb 27 20:42:17 UTC 2019 /home/travis/build/icyphy/ptII/ptolemy/actor/lib/test/auto/BooleanSwitchCloningBugWithClassRelationGroup.xml
----------------- Instantiating /home/travis/build/icyphy/ptII/ptolemy/actor/lib/test/auto/BooleanSwitchCloningBugWithClassRelationGroup.xml
3 ms. Memory: 876544K Free: 604412K (69%)
----------------- Invoking toplevel() on ptolemy.moml.MoMLSimpleApplication@17dbf4d5
----------------- Done invoking toplevel() on ptolemy.moml.MoMLSimpleApplication@17dbf4d5
reloadAllAccessors: .BooleanSwitchCloningBugWithClassRelationGroup

===========================================================================================
----------------- testing Wed Feb 27 20:42:17 UTC 2019 /home/travis/build/icyphy/ptII/ptolemy/actor/lib/test/auto/BusActors.xml
----------------- Instantiating /home/travis/build/icyphy/ptII/ptolemy/actor/lib/test/auto/BusActors.xml
4 ms. Memory: 876544K Free: 588841K (67%)
----------------- Invoking toplevel() on ptolemy.moml.MoMLSimpleApplication@17185d87
----------------- Done invoking toplevel() on ptolemy.moml.MoMLSimpleApplication@17185d87
reloadAllAccessors: .BusActors

===========================================================================================
----------------- testing Wed Feb 27 20:42:17 UTC 2019 /home/travis/build/icyphy/ptII/ptolemy/actor/lib/test/auto/ClassWrapper.xml
----------------- Instantiating /home/travis/build/icyphy/ptII/ptolemy/actor/lib/test/auto/ClassWrapper.xml
2 ms. Memory: 876544K Free: 578471K (66%)
----------------- Invoking toplevel() on ptolemy.moml.MoMLSimpleApplication@b5df86e
----------------- Done invoking toplevel() on ptolemy.moml.MoMLSimpleApplication@b5df86e
reloadAllAccessors: .ClassWrapper

===========================================================================================
----------------- testing Wed Feb 27 20:42:17 UTC 2019 /home/travis/build/icyphy/ptII/ptolemy/actor/lib/test/auto/Clock.xml
----------------- Instantiating /home/travis/build/icyphy/ptII/ptolemy/actor/lib/test/auto/Clock.xml
1 ms. Memory: 876544K Free: 557955K (64%)
----------------- Invoking toplevel() on ptolemy.moml.MoMLSimpleApplication@7e4ab5dd
----------------- Done invoking toplevel() on ptolemy.moml.MoMLSimpleApplication@7e4ab5dd
reloadAllAccessors: .Clock

===========================================================================================
----------------- testing Wed Feb 27 20:42:17 UTC 2019 /home/travis/build/icyphy/ptII/ptolemy/actor/lib/test/auto/Clock10.xml
----------------- Instantiating /home/travis/build/icyphy/ptII/ptolemy/actor/lib/test/auto/Clock10.xml
7 ms. Memory: 876544K Free: 547585K (62%)
----------------- Invoking toplevel() on ptolemy.moml.MoMLSimpleApplication@2c39798a
----------------- Done invoking toplevel() on ptolemy.moml.MoMLSimpleApplication@2c39798a
reloadAllAccessors: .Clock10

===========================================================================================
----------------- testing Wed Feb 27 20:42:17 UTC 2019 /home/travis/build/icyphy/ptII/ptolemy/actor/lib/test/auto/Clock11.xml
----------------- Instantiating /home/travis/build/icyphy/ptII/ptolemy/actor/lib/test/auto/Clock11.xml
8 ms. Memory: 876544K Free: 537215K (61%)
----------------- Invoking toplevel() on ptolemy.moml.MoMLSimpleApplication@320f67cf
----------------- Done invoking toplevel() on ptolemy.moml.MoMLSimpleApplication@320f67cf
reloadAllAccessors: .Clock11

===========================================================================================
----------------- testing Wed Feb 27 20:42:17 UTC 2019 /home/travis/build/icyphy/ptII/ptolemy/actor/lib/test/auto/Clock12.xml
----------------- Instantiating /home/travis/build/icyphy/ptII/ptolemy/actor/lib/test/auto/Clock12.xml
4 ms. Memory: 876544K Free: 526845K (60%)
----------------- Invoking toplevel() on ptolemy.moml.MoMLSimpleApplication@2170138a
----------------- Done invoking toplevel() on ptolemy.moml.MoMLSimpleApplication@2170138a
reloadAllAccessors: .Clock12

===========================================================================================
----------------- testing Wed Feb 27 20:42:17 UTC 2019 /home/travis/build/icyphy/ptII/ptolemy/actor/lib/test/auto/Clock13.xml
----------------- Instantiating /home/travis/build/icyphy/ptII/ptolemy/actor/lib/test/auto/Clock13.xml
11 ms. Memory: 876544K Free: 506329K (58%)
----------------- Invoking toplevel() on ptolemy.moml.MoMLSimpleApplication@169dd946
----------------- Done invoking toplevel() on ptolemy.moml.MoMLSimpleApplication@169dd946
reloadAllAccessors: .Clock13

===========================================================================================
----------------- testing Wed Feb 27 20:42:17 UTC 2019 /home/travis/build/icyphy/ptII/ptolemy/actor/lib/test/auto/Clock14.xml
----------------- Instantiating /home/travis/build/icyphy/ptII/ptolemy/actor/lib/test/auto/Clock14.xml
9 ms. Memory: 876544K Free: 495959K (57%)
----------------- Invoking toplevel() on ptolemy.moml.MoMLSimpleApplication@a35301c
----------------- Done invoking toplevel() on ptolemy.moml.MoMLSimpleApplication@a35301c
reloadAllAccessors: .Clock14

===========================================================================================
----------------- testing Wed Feb 27 20:42:17 UTC 2019 /home/travis/build/icyphy/ptII/ptolemy/actor/lib/test/auto/Clock15.xml
----------------- Instantiating /home/travis/build/icyphy/ptII/ptolemy/actor/lib/test/auto/Clock15.xml
6 ms. Memory: 876544K Free: 485589K (55%)
----------------- Invoking toplevel() on ptolemy.moml.MoMLSimpleApplication@7de18e34
----------------- Done invoking toplevel() on ptolemy.moml.MoMLSimpleApplication@7de18e34
reloadAllAccessors: .Clock15

===========================================================================================
----------------- testing Wed Feb 27 20:42:17 UTC 2019 /home/travis/build/icyphy/ptII/ptolemy/actor/lib/test/auto/Clock16.xml
----------------- Instantiating /home/travis/build/icyphy/ptII/ptolemy/actor/lib/test/auto/Clock16.xml
22 ms. Memory: 876544K Free: 470018K (54%)
----------------- Invoking toplevel() on ptolemy.moml.MoMLSimpleApplication@6bccea9
----------------- Done invoking toplevel() on ptolemy.moml.MoMLSimpleApplication@6bccea9
reloadAllAccessors: .Clock16

===========================================================================================
----------------- testing Wed Feb 27 20:42:17 UTC 2019 /home/travis/build/icyphy/ptII/ptolemy/actor/lib/test/auto/Clock17.xml
----------------- Instantiating /home/travis/build/icyphy/ptII/ptolemy/actor/lib/test/auto/Clock17.xml
30 ms. Memory: 876544K Free: 446671K (51%)
----------------- Invoking toplevel() on ptolemy.moml.MoMLSimpleApplication@5651b21b
----------------- Done invoking toplevel() on ptolemy.moml.MoMLSimpleApplication@5651b21b
reloadAllAccessors: .Clock17

===========================================================================================
----------------- testing Wed Feb 27 20:42:17 UTC 2019 /home/travis/build/icyphy/ptII/ptolemy/actor/lib/test/auto/Clock18.xml
----------------- Instantiating /home/travis/build/icyphy/ptII/ptolemy/actor/lib/test/auto/Clock18.xml
22 ms. Memory: 876544K Free: 420961K (48%)
----------------- Invoking toplevel() on ptolemy.moml.MoMLSimpleApplication@560343c3
----------------- Done invoking toplevel() on ptolemy.moml.MoMLSimpleApplication@560343c3
reloadAllAccessors: .Clock18

===========================================================================================
----------------- testing Wed Feb 27 20:42:17 UTC 2019 /home/travis/build/icyphy/ptII/ptolemy/actor/lib/test/auto/Clock19.xml
----------------- Instantiating /home/travis/build/icyphy/ptII/ptolemy/actor/lib/test/auto/Clock19.xml
12 ms. Memory: 876544K Free: 405406K (46%)
----------------- Invoking toplevel() on ptolemy.moml.MoMLSimpleApplication@5b452c58
----------------- Done invoking toplevel() on ptolemy.moml.MoMLSimpleApplication@5b452c58
reloadAllAccessors: .Clock19

===========================================================================================
----------------- testing Wed Feb 27 20:42:17 UTC 2019 /home/travis/build/icyphy/ptII/ptolemy/actor/lib/test/auto/Clock2.xml
----------------- Instantiating /home/travis/build/icyphy/ptII/ptolemy/actor/lib/test/auto/Clock2.xml
6 ms. Memory: 876544K Free: 395036K (45%)
----------------- Invoking toplevel() on ptolemy.moml.MoMLSimpleApplication@240dabb
----------------- Done invoking toplevel() on ptolemy.moml.MoMLSimpleApplication@240dabb
reloadAllAccessors: .Clock2

===========================================================================================
----------------- testing Wed Feb 27 20:42:17 UTC 2019 /home/travis/build/icyphy/ptII/ptolemy/actor/lib/test/auto/Clock20.xml
----------------- Instantiating /home/travis/build/icyphy/ptII/ptolemy/actor/lib/test/auto/Clock20.xml
11 ms. Memory: 876544K Free: 384667K (44%)
----------------- Invoking toplevel() on ptolemy.moml.MoMLSimpleApplication@47348cf1
----------------- Done invoking toplevel() on ptolemy.moml.MoMLSimpleApplication@47348cf1
reloadAllAccessors: .Clock20

===========================================================================================
----------------- testing Wed Feb 27 20:42:18 UTC 2019 /home/travis/build/icyphy/ptII/ptolemy/actor/lib/test/auto/Clock21.xml
----------------- Instantiating /home/travis/build/icyphy/ptII/ptolemy/actor/lib/test/auto/Clock21.xml
4 ms. Memory: 876544K Free: 364150K (42%)
----------------- Invoking toplevel() on ptolemy.moml.MoMLSimpleApplication@10c7493d
----------------- Done invoking toplevel() on ptolemy.moml.MoMLSimpleApplication@10c7493d
reloadAllAccessors: .Clock21

===========================================================================================
----------------- testing Wed Feb 27 20:42:18 UTC 2019 /home/travis/build/icyphy/ptII/ptolemy/actor/lib/test/auto/Clock22.xml
----------------- Instantiating /home/travis/build/icyphy/ptII/ptolemy/actor/lib/test/auto/Clock22.xml
2 ms. Memory: 876544K Free: 353780K (40%)
----------------- Invoking toplevel() on ptolemy.moml.MoMLSimpleApplication@1a368804
----------------- Done invoking toplevel() on ptolemy.moml.MoMLSimpleApplication@1a368804
reloadAllAccessors: .Clock22

===========================================================================================
----------------- testing Wed Feb 27 20:42:18 UTC 2019 /home/travis/build/icyphy/ptII/ptolemy/actor/lib/test/auto/Clock23.xml
----------------- Instantiating /home/travis/build/icyphy/ptII/ptolemy/actor/lib/test/auto/Clock23.xml
3 ms. Memory: 876544K Free: 343410K (39%)
----------------- Invoking toplevel() on ptolemy.moml.MoMLSimpleApplication@8eaf72d
----------------- Done invoking toplevel() on ptolemy.moml.MoMLSimpleApplication@8eaf72d
reloadAllAccessors: .Clock23

===========================================================================================
----------------- testing Wed Feb 27 20:42:18 UTC 2019 /home/travis/build/icyphy/ptII/ptolemy/actor/lib/test/auto/Clock24.xml
----------------- Instantiating /home/travis/build/icyphy/ptII/ptolemy/actor/lib/test/auto/Clock24.xml
2 ms. Memory: 876544K Free: 333040K (38%)
----------------- Invoking toplevel() on ptolemy.moml.MoMLSimpleApplication@3486d82e
----------------- Done invoking toplevel() on ptolemy.moml.MoMLSimpleApplication@3486d82e
reloadAllAccessors: .Clock24

===========================================================================================
----------------- testing Wed Feb 27 20:42:18 UTC 2019 /home/travis/build/icyphy/ptII/ptolemy/actor/lib/test/auto/Clock4.xml
----------------- Instantiating /home/travis/build/icyphy/ptII/ptolemy/actor/lib/test/auto/Clock4.xml
2 ms. Memory: 876544K Free: 322671K (37%)
----------------- Invoking toplevel() on ptolemy.moml.MoMLSimpleApplication@2301dbcb
----------------- Done invoking toplevel() on ptolemy.moml.MoMLSimpleApplication@2301dbcb
reloadAllAccessors: .Clock4

===========================================================================================
----------------- testing Wed Feb 27 20:42:18 UTC 2019 /home/travis/build/icyphy/ptII/ptolemy/actor/lib/test/auto/Clock5.xml
----------------- Instantiating /home/travis/build/icyphy/ptII/ptolemy/actor/lib/test/auto/Clock5.xml
3 ms. Memory: 876544K Free: 302154K (34%)
----------------- Invoking toplevel() on ptolemy.moml.MoMLSimpleApplication@67f119f1
----------------- Done invoking toplevel() on ptolemy.moml.MoMLSimpleApplication@67f119f1
reloadAllAccessors: .Clock5

===========================================================================================
----------------- testing Wed Feb 27 20:42:18 UTC 2019 /home/travis/build/icyphy/ptII/ptolemy/actor/lib/test/auto/Clock6.xml
----------------- Instantiating /home/travis/build/icyphy/ptII/ptolemy/actor/lib/test/auto/Clock6.xml
2 ms. Memory: 876544K Free: 291784K (33%)
----------------- Invoking toplevel() on ptolemy.moml.MoMLSimpleApplication@66cf3f98
----------------- Done invoking toplevel() on ptolemy.moml.MoMLSimpleApplication@66cf3f98
reloadAllAccessors: .Clock6

===========================================================================================
----------------- testing Wed Feb 27 20:42:18 UTC 2019 /home/travis/build/icyphy/ptII/ptolemy/actor/lib/test/auto/Clock7.xml
----------------- Instantiating /home/travis/build/icyphy/ptII/ptolemy/actor/lib/test/auto/Clock7.xml
3 ms. Memory: 876544K Free: 281415K (32%)
----------------- Invoking toplevel() on ptolemy.moml.MoMLSimpleApplication@46563e9b
----------------- Done invoking toplevel() on ptolemy.moml.MoMLSimpleApplication@46563e9b
reloadAllAccessors: .Clock7

===========================================================================================
----------------- testing Wed Feb 27 20:42:18 UTC 2019 /home/travis/build/icyphy/ptII/ptolemy/actor/lib/test/auto/Clock8.xml
----------------- Instantiating /home/travis/build/icyphy/ptII/ptolemy/actor/lib/test/auto/Clock8.xml
2 ms. Memory: 876544K Free: 271045K (31%)
----------------- Invoking toplevel() on ptolemy.moml.MoMLSimpleApplication@70a9f956
----------------- Done invoking toplevel() on ptolemy.moml.MoMLSimpleApplication@70a9f956
reloadAllAccessors: .Clock8

===========================================================================================
----------------- testing Wed Feb 27 20:42:18 UTC 2019 /home/travis/build/icyphy/ptII/ptolemy/actor/lib/test/auto/Clock9.xml
----------------- Instantiating /home/travis/build/icyphy/ptII/ptolemy/actor/lib/test/auto/Clock9.xml
6 ms. Memory: 876544K Free: 250528K (29%)
----------------- Invoking toplevel() on ptolemy.moml.MoMLSimpleApplication@5d941b05
----------------- Done invoking toplevel() on ptolemy.moml.MoMLSimpleApplication@5d941b05
reloadAllAccessors: .Clock9

===========================================================================================
----------------- testing Wed Feb 27 20:42:18 UTC 2019 /home/travis/build/icyphy/ptII/ptolemy/actor/lib/test/auto/CommDistDiscard.xml
----------------- Instantiating /home/travis/build/icyphy/ptII/ptolemy/actor/lib/test/auto/CommDistDiscard.xml
5 ms. Memory: 876544K Free: 240158K (27%)
----------------- Invoking toplevel() on ptolemy.moml.MoMLSimpleApplication@27c76ac5
----------------- Done invoking toplevel() on ptolemy.moml.MoMLSimpleApplication@27c76ac5
reloadAllAccessors: .CommDistDiscard

===========================================================================================
----------------- testing Wed Feb 27 20:42:18 UTC 2019 /home/travis/build/icyphy/ptII/ptolemy/actor/lib/test/auto/Commutator.xml
----------------- Instantiating /home/travis/build/icyphy/ptII/ptolemy/actor/lib/test/auto/Commutator.xml
5 ms. Memory: 876544K Free: 229789K (26%)
----------------- Invoking toplevel() on ptolemy.moml.MoMLSimpleApplication@1069c587
----------------- Done invoking toplevel() on ptolemy.moml.MoMLSimpleApplication@1069c587
reloadAllAccessors: .Commutator

===========================================================================================
----------------- testing Wed Feb 27 20:42:18 UTC 2019 /home/travis/build/icyphy/ptII/ptolemy/actor/lib/test/auto/Commutator2.xml
----------------- Instantiating /home/travis/build/icyphy/ptII/ptolemy/actor/lib/test/auto/Commutator2.xml
3 ms. Memory: 876544K Free: 219419K (25%)
----------------- Invoking toplevel() on ptolemy.moml.MoMLSimpleApplication@1712310b
----------------- Done invoking toplevel() on ptolemy.moml.MoMLSimpleApplication@1712310b
reloadAllAccessors: .Commutator2

===========================================================================================
----------------- testing Wed Feb 27 20:42:18 UTC 2019 /home/travis/build/icyphy/ptII/ptolemy/actor/lib/test/auto/Commutator3.xml
----------------- Instantiating /home/travis/build/icyphy/ptII/ptolemy/actor/lib/test/auto/Commutator3.xml
2 ms. Memory: 876544K Free: 209049K (24%)
----------------- Invoking toplevel() on ptolemy.moml.MoMLSimpleApplication@386b16d1
----------------- Done invoking toplevel() on ptolemy.moml.MoMLSimpleApplication@386b16d1
reloadAllAccessors: .Commutator3

===========================================================================================
----------------- testing Wed Feb 27 20:42:18 UTC 2019 /home/travis/build/icyphy/ptII/ptolemy/actor/lib/test/auto/Compare.xml
----------------- Instantiating /home/travis/build/icyphy/ptII/ptolemy/actor/lib/test/auto/Compare.xml
3 ms. Memory: 876544K Free: 188532K (22%)
----------------- Invoking toplevel() on ptolemy.moml.MoMLSimpleApplication@425cea19
----------------- Done invoking toplevel() on ptolemy.moml.MoMLSimpleApplication@425cea19
reloadAllAccessors: .Compare

===========================================================================================
----------------- testing Wed Feb 27 20:42:18 UTC 2019 /home/travis/build/icyphy/ptII/ptolemy/actor/lib/test/auto/CompareDE.xml
----------------- Instantiating /home/travis/build/icyphy/ptII/ptolemy/actor/lib/test/auto/CompareDE.xml
6 ms. Memory: 876544K Free: 178162K (20%)
----------------- Invoking toplevel() on ptolemy.moml.MoMLSimpleApplication@297b8142
----------------- Done invoking toplevel() on ptolemy.moml.MoMLSimpleApplication@297b8142
reloadAllAccessors: .CompareDE

===========================================================================================
----------------- testing Wed Feb 27 20:42:18 UTC 2019 /home/travis/build/icyphy/ptII/ptolemy/actor/lib/test/auto/ComplexDivide.xml
----------------- Instantiating /home/travis/build/icyphy/ptII/ptolemy/actor/lib/test/auto/ComplexDivide.xml
2 ms. Memory: 876544K Free: 167793K (19%)
----------------- Invoking toplevel() on ptolemy.moml.MoMLSimpleApplication@26408511
----------------- Done invoking toplevel() on ptolemy.moml.MoMLSimpleApplication@26408511
reloadAllAccessors: .ComplexDivide

===========================================================================================
----------------- testing Wed Feb 27 20:42:18 UTC 2019 /home/travis/build/icyphy/ptII/ptolemy/actor/lib/test/auto/ComputeHistogram.xml
----------------- Instantiating /home/travis/build/icyphy/ptII/ptolemy/actor/lib/test/auto/ComputeHistogram.xml
39 ms. Memory: 876544K Free: 152222K (17%)
----------------- Invoking toplevel() on ptolemy.moml.MoMLSimpleApplication@254fbd36
----------------- Done invoking toplevel() on ptolemy.moml.MoMLSimpleApplication@254fbd36
reloadAllAccessors: .ComputeHistogram

===========================================================================================
----------------- testing Wed Feb 27 20:42:18 UTC 2019 /home/travis/build/icyphy/ptII/ptolemy/actor/lib/test/auto/ConfigurationSelect.xml
----------------- Instantiating /home/travis/build/icyphy/ptII/ptolemy/actor/lib/test/auto/ConfigurationSelect.xml
6 ms. Memory: 876544K Free: 131706K (15%)
----------------- Invoking toplevel() on ptolemy.moml.MoMLSimpleApplication@11cfc40e
----------------- Done invoking toplevel() on ptolemy.moml.MoMLSimpleApplication@11cfc40e
reloadAllAccessors: .ConfigurationSelect

===========================================================================================
----------------- testing Wed Feb 27 20:42:18 UTC 2019 /home/travis/build/icyphy/ptII/ptolemy/actor/lib/test/auto/ConfigurationSelect2.xml
----------------- Instantiating /home/travis/build/icyphy/ptII/ptolemy/actor/lib/test/auto/ConfigurationSelect2.xml
2 ms. Memory: 876544K Free: 121336K (14%)
----------------- Invoking toplevel() on ptolemy.moml.MoMLSimpleApplication@606e5d85
----------------- Done invoking toplevel() on ptolemy.moml.MoMLSimpleApplication@606e5d85
reloadAllAccessors: .ConfigurationSelect2

===========================================================================================
----------------- testing Wed Feb 27 20:42:18 UTC 2019 /home/travis/build/icyphy/ptII/ptolemy/actor/lib/test/auto/ConfigurationSwitch.xml
----------------- Instantiating /home/travis/build/icyphy/ptII/ptolemy/actor/lib/test/auto/ConfigurationSwitch.xml
7 ms. Memory: 876544K Free: 110966K (13%)
----------------- Invoking toplevel() on ptolemy.moml.MoMLSimpleApplication@287cb5fd
----------------- Done invoking toplevel() on ptolemy.moml.MoMLSimpleApplication@287cb5fd
reloadAllAccessors: .ConfigurationSwitch

===========================================================================================
----------------- testing Wed Feb 27 20:42:18 UTC 2019 /home/travis/build/icyphy/ptII/ptolemy/actor/lib/test/auto/ConfigurationSwitch2.xml
----------------- Instantiating /home/travis/build/icyphy/ptII/ptolemy/actor/lib/test/auto/ConfigurationSwitch2.xml
4 ms. Memory: 876544K Free: 100596K (11%)
----------------- Invoking toplevel() on ptolemy.moml.MoMLSimpleApplication@55836429
----------------- Done invoking toplevel() on ptolemy.moml.MoMLSimpleApplication@55836429
reloadAllAccessors: .ConfigurationSwitch2

===========================================================================================
----------------- testing Wed Feb 27 20:42:18 UTC 2019 /home/travis/build/icyphy/ptII/ptolemy/actor/lib/test/auto/ConfigurationSwitchCloningBugWithClassRelationGroup.xml
----------------- Instantiating /home/travis/build/icyphy/ptII/ptolemy/actor/lib/test/auto/ConfigurationSwitchCloningBugWithClassRelationGroup.xml
1 ms. Memory: 876544K Free: 90226K (10%)
----------------- Invoking toplevel() on ptolemy.moml.MoMLSimpleApplication@a2e772f
----------------- Done invoking toplevel() on ptolemy.moml.MoMLSimpleApplication@a2e772f
reloadAllAccessors: .ConfigurationSwitchCloningBugWithClassRelationGroup

===========================================================================================
----------------- testing Wed Feb 27 20:42:18 UTC 2019 /home/travis/build/icyphy/ptII/ptolemy/actor/lib/test/auto/ConfigurationSwitchSelectSDF.xml
----------------- Instantiating /home/travis/build/icyphy/ptII/ptolemy/actor/lib/test/auto/ConfigurationSwitchSelectSDF.xml
3 ms. Memory: 876544K Free: 69710K (8%)
----------------- Invoking toplevel() on ptolemy.moml.MoMLSimpleApplication@9c036b2
----------------- Done invoking toplevel() on ptolemy.moml.MoMLSimpleApplication@9c036b2
reloadAllAccessors: .ConfigurationSwitchSelectSDF

===========================================================================================
----------------- testing Wed Feb 27 20:42:18 UTC 2019 /home/travis/build/icyphy/ptII/ptolemy/actor/lib/test/auto/ConfigurationSwitchSelectSDF2.xml
----------------- Instantiating /home/travis/build/icyphy/ptII/ptolemy/actor/lib/test/auto/ConfigurationSwitchSelectSDF2.xml
3 ms. Memory: 876544K Free: 59446K (7%)
----------------- Invoking toplevel() on ptolemy.moml.MoMLSimpleApplication@f8c366a
----------------- Done invoking toplevel() on ptolemy.moml.MoMLSimpleApplication@f8c366a
reloadAllAccessors: .ConfigurationSwitchSelectSDF2

===========================================================================================
----------------- testing Wed Feb 27 20:42:18 UTC 2019 /home/travis/build/icyphy/ptII/ptolemy/actor/lib/test/auto/Const.xml
----------------- Instantiating /home/travis/build/icyphy/ptII/ptolemy/actor/lib/test/auto/Const.xml
1 ms. Memory: 877568K Free: 827835K (94%)
----------------- Invoking toplevel() on ptolemy.moml.MoMLSimpleApplication@7843cfe
----------------- Done invoking toplevel() on ptolemy.moml.MoMLSimpleApplication@7843cfe
reloadAllAccessors: .Const

===========================================================================================
----------------- testing Wed Feb 27 20:42:18 UTC 2019 /home/travis/build/icyphy/ptII/ptolemy/actor/lib/test/auto/Const2.xml
----------------- Instantiating /home/travis/build/icyphy/ptII/ptolemy/actor/lib/test/auto/Const2.xml
1 ms. Memory: 877568K Free: 809981K (92%)
----------------- Invoking toplevel() on ptolemy.moml.MoMLSimpleApplication@51a28d60
----------------- Done invoking toplevel() on ptolemy.moml.MoMLSimpleApplication@51a28d60
reloadAllAccessors: .Const2

===========================================================================================
----------------- testing Wed Feb 27 20:42:18 UTC 2019 /home/travis/build/icyphy/ptII/ptolemy/actor/lib/test/auto/Const3.xml
----------------- Instantiating /home/travis/build/icyphy/ptII/ptolemy/actor/lib/test/auto/Const3.xml
2 ms. Memory: 877568K Free: 799449K (91%)
----------------- Invoking toplevel() on ptolemy.moml.MoMLSimpleApplication@5631e00c
----------------- Done invoking toplevel() on ptolemy.moml.MoMLSimpleApplication@5631e00c
reloadAllAccessors: .Const3

===========================================================================================
----------------- testing Wed Feb 27 20:42:18 UTC 2019 /home/travis/build/icyphy/ptII/ptolemy/actor/lib/test/auto/ConstantPublisherPort1.xml
----------------- Instantiating /home/travis/build/icyphy/ptII/ptolemy/actor/lib/test/auto/ConstantPublisherPort1.xml
7 ms. Memory: 877568K Free: 783879K (89%)
----------------- Invoking toplevel() on ptolemy.moml.MoMLSimpleApplication@2818a10d
----------------- Done invoking toplevel() on ptolemy.moml.MoMLSimpleApplication@2818a10d
reloadAllAccessors: .ConstantPublisherPort1

===========================================================================================
----------------- testing Wed Feb 27 20:42:18 UTC 2019 /home/travis/build/icyphy/ptII/ptolemy/actor/lib/test/auto/ConstantPublisherPort2.xml
----------------- Instantiating /home/travis/build/icyphy/ptII/ptolemy/actor/lib/test/auto/ConstantPublisherPort2.xml
9 ms. Memory: 877568K Free: 766025K (87%)
----------------- Invoking toplevel() on ptolemy.moml.MoMLSimpleApplication@2042d428
----------------- Done invoking toplevel() on ptolemy.moml.MoMLSimpleApplication@2042d428
reloadAllAccessors: .ConstantPublisherPort2

===========================================================================================
----------------- testing Wed Feb 27 20:42:18 UTC 2019 /home/travis/build/icyphy/ptII/ptolemy/actor/lib/test/auto/ConstantPublisherPort3.xml
----------------- Instantiating /home/travis/build/icyphy/ptII/ptolemy/actor/lib/test/auto/ConstantPublisherPort3.xml
8 ms. Memory: 877568K Free: 755655K (86%)
----------------- Invoking toplevel() on ptolemy.moml.MoMLSimpleApplication@131381f6
----------------- Done invoking toplevel() on ptolemy.moml.MoMLSimpleApplication@131381f6
reloadAllAccessors: .ConstantPublisherPort3

===========================================================================================
----------------- testing Wed Feb 27 20:42:18 UTC 2019 /home/travis/build/icyphy/ptII/ptolemy/actor/lib/test/auto/ConstantPublisherPort4.xml
----------------- Instantiating /home/travis/build/icyphy/ptII/ptolemy/actor/lib/test/auto/ConstantPublisherPort4.xml
2 ms. Memory: 877568K Free: 745285K (85%)
----------------- Invoking toplevel() on ptolemy.moml.MoMLSimpleApplication@17750e44
----------------- Done invoking toplevel() on ptolemy.moml.MoMLSimpleApplication@17750e44
reloadAllAccessors: .ConstantPublisherPort4

===========================================================================================
----------------- testing Wed Feb 27 20:42:18 UTC 2019 /home/travis/build/icyphy/ptII/ptolemy/actor/lib/test/auto/ConstantPublisherPort5.xml
----------------- Instantiating /home/travis/build/icyphy/ptII/ptolemy/actor/lib/test/auto/ConstantPublisherPort5.xml
19 ms. Memory: 877568K Free: 711860K (81%)
----------------- Invoking toplevel() on ptolemy.moml.MoMLSimpleApplication@5b79daa1
----------------- Done invoking toplevel() on ptolemy.moml.MoMLSimpleApplication@5b79daa1
reloadAllAccessors: .ConstantPublisherPort5

===========================================================================================
----------------- testing Wed Feb 27 20:42:18 UTC 2019 /home/travis/build/icyphy/ptII/ptolemy/actor/lib/test/auto/ConstantPublisherPort6.xml
----------------- Instantiating /home/travis/build/icyphy/ptII/ptolemy/actor/lib/test/auto/ConstantPublisherPort6.xml
13 ms. Memory: 877568K Free: 685936K (78%)
----------------- Invoking toplevel() on ptolemy.moml.MoMLSimpleApplication@5e338e15
----------------- Done invoking toplevel() on ptolemy.moml.MoMLSimpleApplication@5e338e15
reloadAllAccessors: .ConstantPublisherPort6

===========================================================================================
----------------- testing Wed Feb 27 20:42:18 UTC 2019 /home/travis/build/icyphy/ptII/ptolemy/actor/lib/test/auto/ConstantPublisherPort7.xml
----------------- Instantiating /home/travis/build/icyphy/ptII/ptolemy/actor/lib/test/auto/ConstantPublisherPort7.xml
14 ms. Memory: 877568K Free: 660011K (75%)
----------------- Invoking toplevel() on ptolemy.moml.MoMLSimpleApplication@2269a3b3
----------------- Done invoking toplevel() on ptolemy.moml.MoMLSimpleApplication@2269a3b3
reloadAllAccessors: .ConstantPublisherPort7

===========================================================================================
----------------- testing Wed Feb 27 20:42:19 UTC 2019 /home/travis/build/icyphy/ptII/ptolemy/actor/lib/test/auto/ConstraintMonitor1.xml
----------------- Instantiating /home/travis/build/icyphy/ptII/ptolemy/actor/lib/test/auto/ConstraintMonitor1.xml
2 ms. Memory: 877568K Free: 642158K (73%)
----------------- Invoking toplevel() on ptolemy.moml.MoMLSimpleApplication@4f886739
----------------- Done invoking toplevel() on ptolemy.moml.MoMLSimpleApplication@4f886739
reloadAllAccessors: .ConstraintMonitor1

===========================================================================================
----------------- testing Wed Feb 27 20:42:19 UTC 2019 /home/travis/build/icyphy/ptII/ptolemy/actor/lib/test/auto/ConstraintMonitor2.xml
----------------- Instantiating /home/travis/build/icyphy/ptII/ptolemy/actor/lib/test/auto/ConstraintMonitor2.xml
1 ms. Memory: 877568K Free: 631788K (72%)
----------------- Invoking toplevel() on ptolemy.moml.MoMLSimpleApplication@7a17fea5
----------------- Done invoking toplevel() on ptolemy.moml.MoMLSimpleApplication@7a17fea5
reloadAllAccessors: .ConstraintMonitor2

===========================================================================================
----------------- testing Wed Feb 27 20:42:19 UTC 2019 /home/travis/build/icyphy/ptII/ptolemy/actor/lib/test/auto/ConstraintMonitor3.xml
----------------- Instantiating /home/travis/build/icyphy/ptII/ptolemy/actor/lib/test/auto/ConstraintMonitor3.xml
6 ms. Memory: 877568K Free: 621418K (71%)
----------------- Invoking toplevel() on ptolemy.moml.MoMLSimpleApplication@3475f123
----------------- Done invoking toplevel() on ptolemy.moml.MoMLSimpleApplication@3475f123
reloadAllAccessors: .ConstraintMonitor3

===========================================================================================
----------------- testing Wed Feb 27 20:42:19 UTC 2019 /home/travis/build/icyphy/ptII/ptolemy/actor/lib/test/auto/ConstraintMonitor4.xml
----------------- Instantiating /home/travis/build/icyphy/ptII/ptolemy/actor/lib/test/auto/ConstraintMonitor4.xml
3 ms. Memory: 877568K Free: 611048K (70%)
----------------- Invoking toplevel() on ptolemy.moml.MoMLSimpleApplication@601dfd36
----------------- Done invoking toplevel() on ptolemy.moml.MoMLSimpleApplication@601dfd36
reloadAllAccessors: .ConstraintMonitor4

===========================================================================================
----------------- testing Wed Feb 27 20:42:19 UTC 2019 /home/travis/build/icyphy/ptII/ptolemy/actor/lib/test/auto/ConstraintMonitor5.xml
----------------- Instantiating /home/travis/build/icyphy/ptII/ptolemy/actor/lib/test/auto/ConstraintMonitor5.xml
6 ms. Memory: 877568K Free: 593194K (68%)
----------------- Invoking toplevel() on ptolemy.moml.MoMLSimpleApplication@7edf1e5f
----------------- Done invoking toplevel() on ptolemy.moml.MoMLSimpleApplication@7edf1e5f
reloadAllAccessors: .ConstraintMonitor5

===========================================================================================
----------------- testing Wed Feb 27 20:42:19 UTC 2019 /home/travis/build/icyphy/ptII/ptolemy/actor/lib/test/auto/ConstraintMonitor6.xml
----------------- Instantiating /home/travis/build/icyphy/ptII/ptolemy/actor/lib/test/auto/ConstraintMonitor6.xml
2 ms. Memory: 877568K Free: 582825K (66%)
----------------- Invoking toplevel() on ptolemy.moml.MoMLSimpleApplication@4ca2181
----------------- Done invoking toplevel() on ptolemy.moml.MoMLSimpleApplication@4ca2181
reloadAllAccessors: .ConstraintMonitor6

===========================================================================================
----------------- testing Wed Feb 27 20:42:19 UTC 2019 /home/travis/build/icyphy/ptII/ptolemy/actor/lib/test/auto/ConstraintMonitor7.xml
----------------- Instantiating /home/travis/build/icyphy/ptII/ptolemy/actor/lib/test/auto/ConstraintMonitor7.xml
2 ms. Memory: 877568K Free: 572455K (65%)
----------------- Invoking toplevel() on ptolemy.moml.MoMLSimpleApplication@e29579f
----------------- Done invoking toplevel() on ptolemy.moml.MoMLSimpleApplication@e29579f
reloadAllAccessors: .ConstraintMonitor7

===========================================================================================
----------------- testing Wed Feb 27 20:42:19 UTC 2019 /home/travis/build/icyphy/ptII/ptolemy/actor/lib/test/auto/ConstraintMonitor8.xml
----------------- Instantiating /home/travis/build/icyphy/ptII/ptolemy/actor/lib/test/auto/ConstraintMonitor8.xml
8 ms. Memory: 877568K Free: 554601K (63%)
----------------- Invoking toplevel() on ptolemy.moml.MoMLSimpleApplication@58fdb8cd
----------------- Done invoking toplevel() on ptolemy.moml.MoMLSimpleApplication@58fdb8cd
reloadAllAccessors: .ConstraintMonitor8

===========================================================================================
----------------- testing Wed Feb 27 20:42:19 UTC 2019 /home/travis/build/icyphy/ptII/ptolemy/actor/lib/test/auto/Counter.xml
----------------- Instantiating /home/travis/build/icyphy/ptII/ptolemy/actor/lib/test/auto/Counter.xml
3 ms. Memory: 877568K Free: 544231K (62%)
----------------- Invoking toplevel() on ptolemy.moml.MoMLSimpleApplication@2df33b6c
----------------- Done invoking toplevel() on ptolemy.moml.MoMLSimpleApplication@2df33b6c
reloadAllAccessors: .Counter

===========================================================================================
----------------- testing Wed Feb 27 20:42:19 UTC 2019 /home/travis/build/icyphy/ptII/ptolemy/actor/lib/test/auto/CurrentTimeSDF.xml
----------------- Instantiating /home/travis/build/icyphy/ptII/ptolemy/actor/lib/test/auto/CurrentTimeSDF.xml
1 ms. Memory: 877568K Free: 533861K (61%)
----------------- Invoking toplevel() on ptolemy.moml.MoMLSimpleApplication@3f903d8e
----------------- Done invoking toplevel() on ptolemy.moml.MoMLSimpleApplication@3f903d8e
reloadAllAccessors: .CurrentTimeSDF

===========================================================================================
----------------- testing Wed Feb 27 20:42:19 UTC 2019 /home/travis/build/icyphy/ptII/ptolemy/actor/lib/test/auto/DB.xml
----------------- Instantiating /home/travis/build/icyphy/ptII/ptolemy/actor/lib/test/auto/DB.xml
2 ms. Memory: 877568K Free: 516007K (59%)
----------------- Invoking toplevel() on ptolemy.moml.MoMLSimpleApplication@43ad32d9
----------------- Done invoking toplevel() on ptolemy.moml.MoMLSimpleApplication@43ad32d9
reloadAllAccessors: .DB

===========================================================================================
----------------- testing Wed Feb 27 20:42:19 UTC 2019 /home/travis/build/icyphy/ptII/ptolemy/actor/lib/test/auto/DBDE.xml
----------------- Instantiating /home/travis/build/icyphy/ptII/ptolemy/actor/lib/test/auto/DBDE.xml
3 ms. Memory: 877568K Free: 505637K (58%)
----------------- Invoking toplevel() on ptolemy.moml.MoMLSimpleApplication@12477b43
----------------- Done invoking toplevel() on ptolemy.moml.MoMLSimpleApplication@12477b43
reloadAllAccessors: .DBDE

===========================================================================================
----------------- testing Wed Feb 27 20:42:19 UTC 2019 /home/travis/build/icyphy/ptII/ptolemy/actor/lib/test/auto/DateConstructor.xml
----------------- Instantiating /home/travis/build/icyphy/ptII/ptolemy/actor/lib/test/auto/DateConstructor.xml
16 ms. Memory: 877568K Free: 484882K (55%)
----------------- Invoking toplevel() on ptolemy.moml.MoMLSimpleApplication@ca4c2fd
----------------- Done invoking toplevel() on ptolemy.moml.MoMLSimpleApplication@ca4c2fd
reloadAllAccessors: .DateConstructor

===========================================================================================
----------------- testing Wed Feb 27 20:42:19 UTC 2019 /home/travis/build/icyphy/ptII/ptolemy/actor/lib/test/auto/DelayTime.xml
----------------- Instantiating /home/travis/build/icyphy/ptII/ptolemy/actor/lib/test/auto/DelayTime.xml
3 ms. Memory: 877568K Free: 467028K (53%)
----------------- Invoking toplevel() on ptolemy.moml.MoMLSimpleApplication@1631adda
----------------- Done invoking toplevel() on ptolemy.moml.MoMLSimpleApplication@1631adda
reloadAllAccessors: .DelayTime

===========================================================================================
----------------- testing Wed Feb 27 20:42:19 UTC 2019 /home/travis/build/icyphy/ptII/ptolemy/actor/lib/test/auto/Dictionary1.xml
----------------- Instantiating /home/travis/build/icyphy/ptII/ptolemy/actor/lib/test/auto/Dictionary1.xml
1 ms. Memory: 877568K Free: 456658K (52%)
----------------- Invoking toplevel() on ptolemy.moml.MoMLSimpleApplication@236d7cb
----------------- Done invoking toplevel() on ptolemy.moml.MoMLSimpleApplication@236d7cb
reloadAllAccessors: .Dictionary1

===========================================================================================
----------------- testing Wed Feb 27 20:42:19 UTC 2019 /home/travis/build/icyphy/ptII/ptolemy/actor/lib/test/auto/Dictionary2.xml
----------------- Instantiating /home/travis/build/icyphy/ptII/ptolemy/actor/lib/test/auto/Dictionary2.xml
4 ms. Memory: 877568K Free: 446288K (51%)
----------------- Invoking toplevel() on ptolemy.moml.MoMLSimpleApplication@43f746de
----------------- Done invoking toplevel() on ptolemy.moml.MoMLSimpleApplication@43f746de
reloadAllAccessors: .Dictionary2

===========================================================================================
----------------- testing Wed Feb 27 20:42:19 UTC 2019 /home/travis/build/icyphy/ptII/ptolemy/actor/lib/test/auto/Dictionary3.xml
----------------- Instantiating /home/travis/build/icyphy/ptII/ptolemy/actor/lib/test/auto/Dictionary3.xml
1 ms. Memory: 877568K Free: 435918K (50%)
----------------- Invoking toplevel() on ptolemy.moml.MoMLSimpleApplication@1929303f
----------------- Done invoking toplevel() on ptolemy.moml.MoMLSimpleApplication@1929303f
reloadAllAccessors: .Dictionary3

===========================================================================================
----------------- testing Wed Feb 27 20:42:19 UTC 2019 /home/travis/build/icyphy/ptII/ptolemy/actor/lib/test/auto/Dictionary4.xml
----------------- Instantiating /home/travis/build/icyphy/ptII/ptolemy/actor/lib/test/auto/Dictionary4.xml
5 ms. Memory: 877568K Free: 418064K (48%)
----------------- Invoking toplevel() on ptolemy.moml.MoMLSimpleApplication@5411f3c3
----------------- Done invoking toplevel() on ptolemy.moml.MoMLSimpleApplication@5411f3c3
reloadAllAccessors: .Dictionary4

===========================================================================================
----------------- testing Wed Feb 27 20:42:19 UTC 2019 /home/travis/build/icyphy/ptII/ptolemy/actor/lib/test/auto/Differential.xml
----------------- Instantiating /home/travis/build/icyphy/ptII/ptolemy/actor/lib/test/auto/Differential.xml
3 ms. Memory: 877568K Free: 407695K (46%)
----------------- Invoking toplevel() on ptolemy.moml.MoMLSimpleApplication@3b9dabc0
----------------- Done invoking toplevel() on ptolemy.moml.MoMLSimpleApplication@3b9dabc0
reloadAllAccessors: .Differential

===========================================================================================
----------------- testing Wed Feb 27 20:42:19 UTC 2019 /home/travis/build/icyphy/ptII/ptolemy/actor/lib/test/auto/Director.xml
----------------- Instantiating /home/travis/build/icyphy/ptII/ptolemy/actor/lib/test/auto/Director.xml
2 ms. Memory: 877568K Free: 397325K (45%)
----------------- Invoking toplevel() on ptolemy.moml.MoMLSimpleApplication@4ebf0f2
----------------- Done invoking toplevel() on ptolemy.moml.MoMLSimpleApplication@4ebf0f2
reloadAllAccessors: .Director

===========================================================================================
----------------- testing Wed Feb 27 20:42:19 UTC 2019 /home/travis/build/icyphy/ptII/ptolemy/actor/lib/test/auto/DiscreteClock.xml
----------------- Instantiating /home/travis/build/icyphy/ptII/ptolemy/actor/lib/test/auto/DiscreteClock.xml
2 ms. Memory: 877568K Free: 379471K (43%)
----------------- Invoking toplevel() on ptolemy.moml.MoMLSimpleApplication@715fa038
----------------- Done invoking toplevel() on ptolemy.moml.MoMLSimpleApplication@715fa038
reloadAllAccessors: .DiscreteClock

===========================================================================================
----------------- testing Wed Feb 27 20:42:19 UTC 2019 /home/travis/build/icyphy/ptII/ptolemy/actor/lib/test/auto/DiscreteClock10.xml
----------------- Instantiating /home/travis/build/icyphy/ptII/ptolemy/actor/lib/test/auto/DiscreteClock10.xml
1 ms. Memory: 877568K Free: 369101K (42%)
----------------- Invoking toplevel() on ptolemy.moml.MoMLSimpleApplication@2af1682a
----------------- Done invoking toplevel() on ptolemy.moml.MoMLSimpleApplication@2af1682a
reloadAllAccessors: .DiscreteClock10

===========================================================================================
----------------- testing Wed Feb 27 20:42:19 UTC 2019 /home/travis/build/icyphy/ptII/ptolemy/actor/lib/test/auto/DiscreteClock11.xml
----------------- Instantiating /home/travis/build/icyphy/ptII/ptolemy/actor/lib/test/auto/DiscreteClock11.xml
1 ms. Memory: 877568K Free: 358731K (41%)
----------------- Invoking toplevel() on ptolemy.moml.MoMLSimpleApplication@5de9c42b
----------------- Done invoking toplevel() on ptolemy.moml.MoMLSimpleApplication@5de9c42b
reloadAllAccessors: .DiscreteClock11

===========================================================================================
----------------- testing Wed Feb 27 20:42:19 UTC 2019 /home/travis/build/icyphy/ptII/ptolemy/actor/lib/test/auto/DiscreteClock12.xml
----------------- Instantiating /home/travis/build/icyphy/ptII/ptolemy/actor/lib/test/auto/DiscreteClock12.xml
1 ms. Memory: 877568K Free: 340877K (39%)
----------------- Invoking toplevel() on ptolemy.moml.MoMLSimpleApplication@4b6debdd
----------------- Done invoking toplevel() on ptolemy.moml.MoMLSimpleApplication@4b6debdd
reloadAllAccessors: .DiscreteClock12

===========================================================================================
----------------- testing Wed Feb 27 20:42:19 UTC 2019 /home/travis/build/icyphy/ptII/ptolemy/actor/lib/test/auto/DiscreteClock13.xml
----------------- Instantiating /home/travis/build/icyphy/ptII/ptolemy/actor/lib/test/auto/DiscreteClock13.xml
6 ms. Memory: 877568K Free: 330507K (38%)
----------------- Invoking toplevel() on ptolemy.moml.MoMLSimpleApplication@43b8b188
----------------- Done invoking toplevel() on ptolemy.moml.MoMLSimpleApplication@43b8b188
reloadAllAccessors: .DiscreteClock13

===========================================================================================
----------------- testing Wed Feb 27 20:42:19 UTC 2019 /home/travis/build/icyphy/ptII/ptolemy/actor/lib/test/auto/DiscreteClock14.xml
----------------- Instantiating /home/travis/build/icyphy/ptII/ptolemy/actor/lib/test/auto/DiscreteClock14.xml
6 ms. Memory: 877568K Free: 320138K (36%)
----------------- Invoking toplevel() on ptolemy.moml.MoMLSimpleApplication@3c9ba4c8
----------------- Done invoking toplevel() on ptolemy.moml.MoMLSimpleApplication@3c9ba4c8
reloadAllAccessors: .DiscreteClock14

===========================================================================================
----------------- testing Wed Feb 27 20:42:19 UTC 2019 /home/travis/build/icyphy/ptII/ptolemy/actor/lib/test/auto/DiscreteClock15.xml
----------------- Instantiating /home/travis/build/icyphy/ptII/ptolemy/actor/lib/test/auto/DiscreteClock15.xml
7 ms. Memory: 877568K Free: 302283K (34%)
----------------- Invoking toplevel() on ptolemy.moml.MoMLSimpleApplication@2af0f61a
----------------- Done invoking toplevel() on ptolemy.moml.MoMLSimpleApplication@2af0f61a
reloadAllAccessors: .DiscreteClock15

===========================================================================================
----------------- testing Wed Feb 27 20:42:19 UTC 2019 /home/travis/build/icyphy/ptII/ptolemy/actor/lib/test/auto/DiscreteClock16.xml
----------------- Instantiating /home/travis/build/icyphy/ptII/ptolemy/actor/lib/test/auto/DiscreteClock16.xml
14 ms. Memory: 877568K Free: 286713K (33%)
----------------- Invoking toplevel() on ptolemy.moml.MoMLSimpleApplication@3f953cfb
----------------- Done invoking toplevel() on ptolemy.moml.MoMLSimpleApplication@3f953cfb
reloadAllAccessors: .DiscreteClock16

===========================================================================================
----------------- testing Wed Feb 27 20:42:19 UTC 2019 /home/travis/build/icyphy/ptII/ptolemy/actor/lib/test/auto/DiscreteClock17.xml
----------------- Instantiating /home/travis/build/icyphy/ptII/ptolemy/actor/lib/test/auto/DiscreteClock17.xml
16 ms. Memory: 877568K Free: 271142K (31%)
----------------- Invoking toplevel() on ptolemy.moml.MoMLSimpleApplication@6904d817
----------------- Done invoking toplevel() on ptolemy.moml.MoMLSimpleApplication@6904d817
reloadAllAccessors: .DiscreteClock17

===========================================================================================
----------------- testing Wed Feb 27 20:42:19 UTC 2019 /home/travis/build/icyphy/ptII/ptolemy/actor/lib/test/auto/DiscreteClock18.xml
----------------- Instantiating /home/travis/build/icyphy/ptII/ptolemy/actor/lib/test/auto/DiscreteClock18.xml
15 ms. Memory: 877568K Free: 248103K (28%)
----------------- Invoking toplevel() on ptolemy.moml.MoMLSimpleApplication@11f8ab2
----------------- Done invoking toplevel() on ptolemy.moml.MoMLSimpleApplication@11f8ab2
reloadAllAccessors: .DiscreteClock18

===========================================================================================
----------------- testing Wed Feb 27 20:42:19 UTC 2019 /home/travis/build/icyphy/ptII/ptolemy/actor/lib/test/auto/DiscreteClock19.xml
----------------- Instantiating /home/travis/build/icyphy/ptII/ptolemy/actor/lib/test/auto/DiscreteClock19.xml
11 ms. Memory: 877568K Free: 232532K (26%)
----------------- Invoking toplevel() on ptolemy.moml.MoMLSimpleApplication@54c30f89
----------------- Done invoking toplevel() on ptolemy.moml.MoMLSimpleApplication@54c30f89
reloadAllAccessors: .DiscreteClock19

===========================================================================================
----------------- testing Wed Feb 27 20:42:19 UTC 2019 /home/travis/build/icyphy/ptII/ptolemy/actor/lib/test/auto/DiscreteClock2.xml
----------------- Instantiating /home/travis/build/icyphy/ptII/ptolemy/actor/lib/test/auto/DiscreteClock2.xml
1 ms. Memory: 877568K Free: 222163K (25%)
----------------- Invoking toplevel() on ptolemy.moml.MoMLSimpleApplication@32070595
----------------- Done invoking toplevel() on ptolemy.moml.MoMLSimpleApplication@32070595
reloadAllAccessors: .DiscreteClock2

===========================================================================================
----------------- testing Wed Feb 27 20:42:19 UTC 2019 /home/travis/build/icyphy/ptII/ptolemy/actor/lib/test/auto/DiscreteClock20.xml
----------------- Instantiating /home/travis/build/icyphy/ptII/ptolemy/actor/lib/test/auto/DiscreteClock20.xml
9 ms. Memory: 877568K Free: 211793K (24%)
----------------- Invoking toplevel() on ptolemy.moml.MoMLSimpleApplication@78888b73
----------------- Done invoking toplevel() on ptolemy.moml.MoMLSimpleApplication@78888b73
reloadAllAccessors: .DiscreteClock20

===========================================================================================
----------------- testing Wed Feb 27 20:42:19 UTC 2019 /home/travis/build/icyphy/ptII/ptolemy/actor/lib/test/auto/DiscreteClock21.xml
----------------- Instantiating /home/travis/build/icyphy/ptII/ptolemy/actor/lib/test/auto/DiscreteClock21.xml
3 ms. Memory: 877568K Free: 193939K (22%)
----------------- Invoking toplevel() on ptolemy.moml.MoMLSimpleApplication@44d68ff2
----------------- Done invoking toplevel() on ptolemy.moml.MoMLSimpleApplication@44d68ff2
reloadAllAccessors: .DiscreteClock21

===========================================================================================
----------------- testing Wed Feb 27 20:42:19 UTC 2019 /home/travis/build/icyphy/ptII/ptolemy/actor/lib/test/auto/DiscreteClock22.xml
----------------- Instantiating /home/travis/build/icyphy/ptII/ptolemy/actor/lib/test/auto/DiscreteClock22.xml
3 ms. Memory: 877568K Free: 183569K (21%)
----------------- Invoking toplevel() on ptolemy.moml.MoMLSimpleApplication@1bb13fa8
----------------- Done invoking toplevel() on ptolemy.moml.MoMLSimpleApplication@1bb13fa8
reloadAllAccessors: .DiscreteClock22

===========================================================================================
----------------- testing Wed Feb 27 20:42:19 UTC 2019 /home/travis/build/icyphy/ptII/ptolemy/actor/lib/test/auto/DiscreteClock23.xml
----------------- Instantiating /home/travis/build/icyphy/ptII/ptolemy/actor/lib/test/auto/DiscreteClock23.xml
7 ms. Memory: 877568K Free: 173199K (20%)
----------------- Invoking toplevel() on ptolemy.moml.MoMLSimpleApplication@789602a7
----------------- Done invoking toplevel() on ptolemy.moml.MoMLSimpleApplication@789602a7
reloadAllAccessors: .DiscreteClock23

===========================================================================================
----------------- testing Wed Feb 27 20:42:20 UTC 2019 /home/travis/build/icyphy/ptII/ptolemy/actor/lib/test/auto/DiscreteClock24.xml
----------------- Instantiating /home/travis/build/icyphy/ptII/ptolemy/actor/lib/test/auto/DiscreteClock24.xml
6 ms. Memory: 1362432K Free: 1304677K (96%)
----------------- Invoking toplevel() on ptolemy.moml.MoMLSimpleApplication@159f5f55
----------------- Done invoking toplevel() on ptolemy.moml.MoMLSimpleApplication@159f5f55
reloadAllAccessors: .DiscreteClock24

===========================================================================================
----------------- testing Wed Feb 27 20:42:20 UTC 2019 /home/travis/build/icyphy/ptII/ptolemy/actor/lib/test/auto/DiscreteClock4.xml
----------------- Instantiating /home/travis/build/icyphy/ptII/ptolemy/actor/lib/test/auto/DiscreteClock4.xml
4 ms. Memory: 1362432K Free: 1278700K (94%)
----------------- Invoking toplevel() on ptolemy.moml.MoMLSimpleApplication@620aaf99
----------------- Done invoking toplevel() on ptolemy.moml.MoMLSimpleApplication@620aaf99
reloadAllAccessors: .DiscreteClock4

===========================================================================================
----------------- testing Wed Feb 27 20:42:20 UTC 2019 /home/travis/build/icyphy/ptII/ptolemy/actor/lib/test/auto/DiscreteClock5.xml
----------------- Instantiating /home/travis/build/icyphy/ptII/ptolemy/actor/lib/test/auto/DiscreteClock5.xml
2 ms. Memory: 1362432K Free: 1262104K (93%)
----------------- Invoking toplevel() on ptolemy.moml.MoMLSimpleApplication@390e4de1
----------------- Done invoking toplevel() on ptolemy.moml.MoMLSimpleApplication@390e4de1
reloadAllAccessors: .DiscreteClock5

===========================================================================================
----------------- testing Wed Feb 27 20:42:20 UTC 2019 /home/travis/build/icyphy/ptII/ptolemy/actor/lib/test/auto/DiscreteClock6.xml
----------------- Instantiating /home/travis/build/icyphy/ptII/ptolemy/actor/lib/test/auto/DiscreteClock6.xml
1 ms. Memory: 1362432K Free: 1245508K (91%)
----------------- Invoking toplevel() on ptolemy.moml.MoMLSimpleApplication@305f17d4
----------------- Done invoking toplevel() on ptolemy.moml.MoMLSimpleApplication@305f17d4
reloadAllAccessors: .DiscreteClock6

===========================================================================================
----------------- testing Wed Feb 27 20:42:20 UTC 2019 /home/travis/build/icyphy/ptII/ptolemy/actor/lib/test/auto/DiscreteClock7.xml
----------------- Instantiating /home/travis/build/icyphy/ptII/ptolemy/actor/lib/test/auto/DiscreteClock7.xml
2 ms. Memory: 1362432K Free: 1219700K (90%)
----------------- Invoking toplevel() on ptolemy.moml.MoMLSimpleApplication@110f031f
----------------- Done invoking toplevel() on ptolemy.moml.MoMLSimpleApplication@110f031f
reloadAllAccessors: .DiscreteClock7

===========================================================================================
----------------- testing Wed Feb 27 20:42:20 UTC 2019 /home/travis/build/icyphy/ptII/ptolemy/actor/lib/test/auto/DiscreteClock8.xml
----------------- Instantiating /home/travis/build/icyphy/ptII/ptolemy/actor/lib/test/auto/DiscreteClock8.xml
6 ms. Memory: 1362432K Free: 1203104K (88%)
----------------- Invoking toplevel() on ptolemy.moml.MoMLSimpleApplication@473d48f0
----------------- Done invoking toplevel() on ptolemy.moml.MoMLSimpleApplication@473d48f0
reloadAllAccessors: .DiscreteClock8

===========================================================================================
----------------- testing Wed Feb 27 20:42:20 UTC 2019 /home/travis/build/icyphy/ptII/ptolemy/actor/lib/test/auto/DiscreteClock9.xml
----------------- Instantiating /home/travis/build/icyphy/ptII/ptolemy/actor/lib/test/auto/DiscreteClock9.xml
6 ms. Memory: 1362432K Free: 1186508K (87%)
----------------- Invoking toplevel() on ptolemy.moml.MoMLSimpleApplication@5bd4c7e6
----------------- Done invoking toplevel() on ptolemy.moml.MoMLSimpleApplication@5bd4c7e6
reloadAllAccessors: .DiscreteClock9

===========================================================================================
----------------- testing Wed Feb 27 20:42:20 UTC 2019 /home/travis/build/icyphy/ptII/ptolemy/actor/lib/test/auto/DisplayArray.xml
----------------- Instantiating /home/travis/build/icyphy/ptII/ptolemy/actor/lib/test/auto/DisplayArray.xml
7 ms. Memory: 1362432K Free: 1169912K (86%)
----------------- Invoking toplevel() on ptolemy.moml.MoMLSimpleApplication@795c6360
----------------- Done invoking toplevel() on ptolemy.moml.MoMLSimpleApplication@795c6360
reloadAllAccessors: .DisplayArray

===========================================================================================
----------------- testing Wed Feb 27 20:42:20 UTC 2019 /home/travis/build/icyphy/ptII/ptolemy/actor/lib/test/auto/Distributor.xml
----------------- Instantiating /home/travis/build/icyphy/ptII/ptolemy/actor/lib/test/auto/Distributor.xml
2 ms. Memory: 1362432K Free: 1144103K (84%)
----------------- Invoking toplevel() on ptolemy.moml.MoMLSimpleApplication@724d2e39
----------------- Done invoking toplevel() on ptolemy.moml.MoMLSimpleApplication@724d2e39
reloadAllAccessors: .Distributor

===========================================================================================
----------------- testing Wed Feb 27 20:42:20 UTC 2019 /home/travis/build/icyphy/ptII/ptolemy/actor/lib/test/auto/Distributor2.xml
----------------- Instantiating /home/travis/build/icyphy/ptII/ptolemy/actor/lib/test/auto/Distributor2.xml
1 ms. Memory: 1362432K Free: 1127508K (83%)
----------------- Invoking toplevel() on ptolemy.moml.MoMLSimpleApplication@51282acf
----------------- Done invoking toplevel() on ptolemy.moml.MoMLSimpleApplication@51282acf
reloadAllAccessors: .Distributor2

===========================================================================================
----------------- testing Wed Feb 27 20:42:20 UTC 2019 /home/travis/build/icyphy/ptII/ptolemy/actor/lib/test/auto/DownSample.xml
----------------- Instantiating /home/travis/build/icyphy/ptII/ptolemy/actor/lib/test/auto/DownSample.xml
1 ms. Memory: 1362432K Free: 1110912K (82%)
----------------- Invoking toplevel() on ptolemy.moml.MoMLSimpleApplication@767e70bf
----------------- Done invoking toplevel() on ptolemy.moml.MoMLSimpleApplication@767e70bf
reloadAllAccessors: .DownSample

===========================================================================================
----------------- testing Wed Feb 27 20:42:20 UTC 2019 /home/travis/build/icyphy/ptII/ptolemy/actor/lib/test/auto/ElectronicUnitBase1.xml
----------------- Instantiating /home/travis/build/icyphy/ptII/ptolemy/actor/lib/test/auto/ElectronicUnitBase1.xml
19 ms. Memory: 1362432K Free: 1086002K (80%)
----------------- Invoking toplevel() on ptolemy.moml.MoMLSimpleApplication@22a4bb61
----------------- Done invoking toplevel() on ptolemy.moml.MoMLSimpleApplication@22a4bb61
reloadAllAccessors: .ElectronicUnitBase1

===========================================================================================
----------------- testing Wed Feb 27 20:42:20 UTC 2019 /home/travis/build/icyphy/ptII/ptolemy/actor/lib/test/auto/ElementsToArray.xml
----------------- Instantiating /home/travis/build/icyphy/ptII/ptolemy/actor/lib/test/auto/ElementsToArray.xml
2 ms. Memory: 1362432K Free: 1060194K (78%)
----------------- Invoking toplevel() on ptolemy.moml.MoMLSimpleApplication@6dd4d25
----------------- Done invoking toplevel() on ptolemy.moml.MoMLSimpleApplication@6dd4d25
reloadAllAccessors: .ElementsToArray

===========================================================================================
----------------- testing Wed Feb 27 20:42:20 UTC 2019 /home/travis/build/icyphy/ptII/ptolemy/actor/lib/test/auto/Equals.xml
----------------- Instantiating /home/travis/build/icyphy/ptII/ptolemy/actor/lib/test/auto/Equals.xml
1 ms. Memory: 1362432K Free: 1043598K (77%)
----------------- Invoking toplevel() on ptolemy.moml.MoMLSimpleApplication@52509ea2
----------------- Done invoking toplevel() on ptolemy.moml.MoMLSimpleApplication@52509ea2
reloadAllAccessors: .Equals

===========================================================================================
----------------- testing Wed Feb 27 20:42:20 UTC 2019 /home/travis/build/icyphy/ptII/ptolemy/actor/lib/test/auto/Exec.xml
----------------- Instantiating /home/travis/build/icyphy/ptII/ptolemy/actor/lib/test/auto/Exec.xml
11 ms. Memory: 1362432K Free: 1006258K (74%)
----------------- Invoking toplevel() on ptolemy.moml.MoMLSimpleApplication@3942356e
----------------- Done invoking toplevel() on ptolemy.moml.MoMLSimpleApplication@3942356e
reloadAllAccessors: .Exec

===========================================================================================
----------------- testing Wed Feb 27 20:42:20 UTC 2019 /home/travis/build/icyphy/ptII/ptolemy/actor/lib/test/auto/ExecEnvironment.xml
----------------- Instantiating /home/travis/build/icyphy/ptII/ptolemy/actor/lib/test/auto/ExecEnvironment.xml
26 ms. Memory: 1362432K Free: 989662K (73%)
----------------- Invoking toplevel() on ptolemy.moml.MoMLSimpleApplication@32b0c40a
----------------- Done invoking toplevel() on ptolemy.moml.MoMLSimpleApplication@32b0c40a
reloadAllAccessors: .ExecEnvironment

===========================================================================================
----------------- testing Wed Feb 27 20:42:20 UTC 2019 /home/travis/build/icyphy/ptII/ptolemy/actor/lib/test/auto/ExecNonZeroReturnOutput.xml
----------------- Instantiating /home/travis/build/icyphy/ptII/ptolemy/actor/lib/test/auto/ExecNonZeroReturnOutput.xml
125 ms. Memory: 1362432K Free: 855981K (63%)
----------------- Invoking toplevel() on ptolemy.moml.MoMLSimpleApplication@726108a6
----------------- Done invoking toplevel() on ptolemy.moml.MoMLSimpleApplication@726108a6
reloadAllAccessors: .ExecNonZeroReturnOutput

===========================================================================================
----------------- testing Wed Feb 27 20:42:21 UTC 2019 /home/travis/build/icyphy/ptII/ptolemy/actor/lib/test/auto/ExecRunDemos.xml
----------------- Instantiating /home/travis/build/icyphy/ptII/ptolemy/actor/lib/test/auto/ExecRunDemos.xml
Finished: 101 ms. Memory: 116224K Free: 100720K (87%)

Finished: 63 ms. Memory: 116224K Free: 97676K (84%)

Finished: 45 ms. Memory: 116224K Free: 98219K (85%)

Finished: 63 ms. Memory: 116224K Free: 99544K (86%)

Finished: 39 ms. Memory: 116224K Free: 100658K (87%)

9643 ms. Memory: 1362432K Free: 748091K (55%)
----------------- Invoking toplevel() on ptolemy.moml.MoMLSimpleApplication@22d22369
----------------- Done invoking toplevel() on ptolemy.moml.MoMLSimpleApplication@22d22369
reloadAllAccessors: .ExecRunDemos

===========================================================================================
----------------- testing Wed Feb 27 20:42:30 UTC 2019 /home/travis/build/icyphy/ptII/ptolemy/actor/lib/test/auto/ExecStop.xml
----------------- Instantiating /home/travis/build/icyphy/ptII/ptolemy/actor/lib/test/auto/ExecStop.xml
5010 ms. Memory: 1362432K Free: 557240K (41%)
----------------- Invoking toplevel() on ptolemy.moml.MoMLSimpleApplication@1ce42cd
----------------- Done invoking toplevel() on ptolemy.moml.MoMLSimpleApplication@1ce42cd
reloadAllAccessors: .ExecStop

===========================================================================================
----------------- testing Wed Feb 27 20:42:35 UTC 2019 /home/travis/build/icyphy/ptII/ptolemy/actor/lib/test/auto/ExecutionTimeSDF.xml
----------------- Instantiating /home/travis/build/icyphy/ptII/ptolemy/actor/lib/test/auto/ExecutionTimeSDF.xml
Fired ExecutionTime: 2022000000
Fired ExecutionTime: 914400000
Fired ExecutionTime: -1844967296
6005 ms. Memory: 1362432K Free: 532339K (39%)
----------------- Invoking toplevel() on ptolemy.moml.MoMLSimpleApplication@1b25dab2
----------------- Done invoking toplevel() on ptolemy.moml.MoMLSimpleApplication@1b25dab2
reloadAllAccessors: .ExecutionTimeSDF

===========================================================================================
----------------- testing Wed Feb 27 20:42:41 UTC 2019 /home/travis/build/icyphy/ptII/ptolemy/actor/lib/test/auto/Expression1.xml
----------------- Instantiating /home/travis/build/icyphy/ptII/ptolemy/actor/lib/test/auto/Expression1.xml
1 ms. Memory: 1362432K Free: 506530K (37%)
----------------- Invoking toplevel() on ptolemy.moml.MoMLSimpleApplication@30c278
----------------- Done invoking toplevel() on ptolemy.moml.MoMLSimpleApplication@30c278
reloadAllAccessors: .Expression1

===========================================================================================
----------------- testing Wed Feb 27 20:42:41 UTC 2019 /home/travis/build/icyphy/ptII/ptolemy/actor/lib/test/auto/Expression10.xml
----------------- Instantiating /home/travis/build/icyphy/ptII/ptolemy/actor/lib/test/auto/Expression10.xml
7 ms. Memory: 1362432K Free: 489934K (36%)
----------------- Invoking toplevel() on ptolemy.moml.MoMLSimpleApplication@60ec956c
----------------- Done invoking toplevel() on ptolemy.moml.MoMLSimpleApplication@60ec956c
reloadAllAccessors: .Expression10

===========================================================================================
----------------- testing Wed Feb 27 20:42:41 UTC 2019 /home/travis/build/icyphy/ptII/ptolemy/actor/lib/test/auto/Expression11.xml
----------------- Instantiating /home/travis/build/icyphy/ptII/ptolemy/actor/lib/test/auto/Expression11.xml
3 ms. Memory: 1362432K Free: 473338K (35%)
----------------- Invoking toplevel() on ptolemy.moml.MoMLSimpleApplication@6bab9344
----------------- Done invoking toplevel() on ptolemy.moml.MoMLSimpleApplication@6bab9344
reloadAllAccessors: .Expression11

===========================================================================================
----------------- testing Wed Feb 27 20:42:41 UTC 2019 /home/travis/build/icyphy/ptII/ptolemy/actor/lib/test/auto/Expression12.xml
----------------- Instantiating /home/travis/build/icyphy/ptII/ptolemy/actor/lib/test/auto/Expression12.xml
5 ms. Memory: 1362432K Free: 456743K (34%)
----------------- Invoking toplevel() on ptolemy.moml.MoMLSimpleApplication@1f0b911b
----------------- Done invoking toplevel() on ptolemy.moml.MoMLSimpleApplication@1f0b911b
reloadAllAccessors: .Expression12

===========================================================================================
----------------- testing Wed Feb 27 20:42:41 UTC 2019 /home/travis/build/icyphy/ptII/ptolemy/actor/lib/test/auto/Expression13.xml
----------------- Instantiating /home/travis/build/icyphy/ptII/ptolemy/actor/lib/test/auto/Expression13.xml
9 ms. Memory: 1362432K Free: 430934K (32%)
----------------- Invoking toplevel() on ptolemy.moml.MoMLSimpleApplication@318cbafe
----------------- Done invoking toplevel() on ptolemy.moml.MoMLSimpleApplication@318cbafe
reloadAllAccessors: .Expression13

===========================================================================================
----------------- testing Wed Feb 27 20:42:41 UTC 2019 /home/travis/build/icyphy/ptII/ptolemy/actor/lib/test/auto/Expression14.xml
----------------- Instantiating /home/travis/build/icyphy/ptII/ptolemy/actor/lib/test/auto/Expression14.xml
8 ms. Memory: 1362432K Free: 414338K (30%)
----------------- Invoking toplevel() on ptolemy.moml.MoMLSimpleApplication@2d63bc8f
----------------- Done invoking toplevel() on ptolemy.moml.MoMLSimpleApplication@2d63bc8f
reloadAllAccessors: .Expression14

===========================================================================================
----------------- testing Wed Feb 27 20:42:41 UTC 2019 /home/travis/build/icyphy/ptII/ptolemy/actor/lib/test/auto/Expression15.xml
----------------- Instantiating /home/travis/build/icyphy/ptII/ptolemy/actor/lib/test/auto/Expression15.xml
1 ms. Memory: 1362432K Free: 397743K (29%)
----------------- Invoking toplevel() on ptolemy.moml.MoMLSimpleApplication@25a3442b
----------------- Done invoking toplevel() on ptolemy.moml.MoMLSimpleApplication@25a3442b
reloadAllAccessors: .Expression15

===========================================================================================
----------------- testing Wed Feb 27 20:42:41 UTC 2019 /home/travis/build/icyphy/ptII/ptolemy/actor/lib/test/auto/Expression16.xml
----------------- Instantiating /home/travis/build/icyphy/ptII/ptolemy/actor/lib/test/auto/Expression16.xml
5 ms. Memory: 1362432K Free: 381147K (28%)
----------------- Invoking toplevel() on ptolemy.moml.MoMLSimpleApplication@2b803e10
----------------- Done invoking toplevel() on ptolemy.moml.MoMLSimpleApplication@2b803e10
reloadAllAccessors: .Expression16

===========================================================================================
----------------- testing Wed Feb 27 20:42:42 UTC 2019 /home/travis/build/icyphy/ptII/ptolemy/actor/lib/test/auto/Expression17.xml
----------------- Instantiating /home/travis/build/icyphy/ptII/ptolemy/actor/lib/test/auto/Expression17.xml
3 ms. Memory: 1362432K Free: 355338K (26%)
----------------- Invoking toplevel() on ptolemy.moml.MoMLSimpleApplication@6e308aa6
----------------- Done invoking toplevel() on ptolemy.moml.MoMLSimpleApplication@6e308aa6
reloadAllAccessors: .Expression17

===========================================================================================
----------------- testing Wed Feb 27 20:42:42 UTC 2019 /home/travis/build/icyphy/ptII/ptolemy/actor/lib/test/auto/Expression18.xml
----------------- Instantiating /home/travis/build/icyphy/ptII/ptolemy/actor/lib/test/auto/Expression18.xml
3 ms. Memory: 1362432K Free: 338742K (25%)
----------------- Invoking toplevel() on ptolemy.moml.MoMLSimpleApplication@2f46e7cd
----------------- Done invoking toplevel() on ptolemy.moml.MoMLSimpleApplication@2f46e7cd
reloadAllAccessors: .Expression18

===========================================================================================
----------------- testing Wed Feb 27 20:42:42 UTC 2019 /home/travis/build/icyphy/ptII/ptolemy/actor/lib/test/auto/Expression2.xml
----------------- Instantiating /home/travis/build/icyphy/ptII/ptolemy/actor/lib/test/auto/Expression2.xml
3 ms. Memory: 1362432K Free: 322146K (24%)
----------------- Invoking toplevel() on ptolemy.moml.MoMLSimpleApplication@9301045
----------------- Done invoking toplevel() on ptolemy.moml.MoMLSimpleApplication@9301045
reloadAllAccessors: .Expression2

===========================================================================================
----------------- testing Wed Feb 27 20:42:42 UTC 2019 /home/travis/build/icyphy/ptII/ptolemy/actor/lib/test/auto/Expression3.xml
----------------- Instantiating /home/travis/build/icyphy/ptII/ptolemy/actor/lib/test/auto/Expression3.xml
5 ms. Memory: 1362432K Free: 305551K (22%)
----------------- Invoking toplevel() on ptolemy.moml.MoMLSimpleApplication@6ad4ce30
----------------- Done invoking toplevel() on ptolemy.moml.MoMLSimpleApplication@6ad4ce30
reloadAllAccessors: .Expression3

===========================================================================================
----------------- testing Wed Feb 27 20:42:42 UTC 2019 /home/travis/build/icyphy/ptII/ptolemy/actor/lib/test/auto/Expression4.xml
----------------- Instantiating /home/travis/build/icyphy/ptII/ptolemy/actor/lib/test/auto/Expression4.xml
4 ms. Memory: 1362432K Free: 279742K (21%)
----------------- Invoking toplevel() on ptolemy.moml.MoMLSimpleApplication@362943ac
----------------- Done invoking toplevel() on ptolemy.moml.MoMLSimpleApplication@362943ac
reloadAllAccessors: .Expression4

===========================================================================================
----------------- testing Wed Feb 27 20:42:42 UTC 2019 /home/travis/build/icyphy/ptII/ptolemy/actor/lib/test/auto/Expression5.xml
----------------- Instantiating /home/travis/build/icyphy/ptII/ptolemy/actor/lib/test/auto/Expression5.xml
7 ms. Memory: 1362432K Free: 263146K (19%)
----------------- Invoking toplevel() on ptolemy.moml.MoMLSimpleApplication@4532827b
----------------- Done invoking toplevel() on ptolemy.moml.MoMLSimpleApplication@4532827b
reloadAllAccessors: .Expression5

===========================================================================================
----------------- testing Wed Feb 27 20:42:42 UTC 2019 /home/travis/build/icyphy/ptII/ptolemy/actor/lib/test/auto/Expression6.xml
----------------- Instantiating /home/travis/build/icyphy/ptII/ptolemy/actor/lib/test/auto/Expression6.xml
3 ms. Memory: 1362432K Free: 246551K (18%)
----------------- Invoking toplevel() on ptolemy.moml.MoMLSimpleApplication@50ffb42d
----------------- Done invoking toplevel() on ptolemy.moml.MoMLSimpleApplication@50ffb42d
reloadAllAccessors: .Expression6

===========================================================================================
----------------- testing Wed Feb 27 20:42:42 UTC 2019 /home/travis/build/icyphy/ptII/ptolemy/actor/lib/test/auto/Expression7.xml
----------------- Instantiating /home/travis/build/icyphy/ptII/ptolemy/actor/lib/test/auto/Expression7.xml
3 ms. Memory: 1362432K Free: 229955K (17%)
----------------- Invoking toplevel() on ptolemy.moml.MoMLSimpleApplication@1f928b8b
----------------- Done invoking toplevel() on ptolemy.moml.MoMLSimpleApplication@1f928b8b
reloadAllAccessors: .Expression7

===========================================================================================
----------------- testing Wed Feb 27 20:42:42 UTC 2019 /home/travis/build/icyphy/ptII/ptolemy/actor/lib/test/auto/Expression8.xml
----------------- Instantiating /home/travis/build/icyphy/ptII/ptolemy/actor/lib/test/auto/Expression8.xml
11 ms. Memory: 1362432K Free: 196056K (14%)
----------------- Invoking toplevel() on ptolemy.moml.MoMLSimpleApplication@f554ad3
----------------- Done invoking toplevel() on ptolemy.moml.MoMLSimpleApplication@f554ad3
reloadAllAccessors: .Expression8

===========================================================================================
----------------- testing Wed Feb 27 20:42:42 UTC 2019 /home/travis/build/icyphy/ptII/ptolemy/actor/lib/test/auto/Expression9.xml
----------------- Instantiating /home/travis/build/icyphy/ptII/ptolemy/actor/lib/test/auto/Expression9.xml
2 ms. Memory: 1362432K Free: 179460K (13%)
----------------- Invoking toplevel() on ptolemy.moml.MoMLSimpleApplication@23f0b879
----------------- Done invoking toplevel() on ptolemy.moml.MoMLSimpleApplication@23f0b879
reloadAllAccessors: .Expression9

===========================================================================================
----------------- testing Wed Feb 27 20:42:42 UTC 2019 /home/travis/build/icyphy/ptII/ptolemy/actor/lib/test/auto/ExpressionConcatenateArrayType.xml
----------------- Instantiating /home/travis/build/icyphy/ptII/ptolemy/actor/lib/test/auto/ExpressionConcatenateArrayType.xml
4 ms. Memory: 1362432K Free: 162864K (12%)
----------------- Invoking toplevel() on ptolemy.moml.MoMLSimpleApplication@668a4923
----------------- Done invoking toplevel() on ptolemy.moml.MoMLSimpleApplication@668a4923
reloadAllAccessors: .ExpressionConcatenateArrayType

===========================================================================================
----------------- testing Wed Feb 27 20:42:42 UTC 2019 /home/travis/build/icyphy/ptII/ptolemy/actor/lib/test/auto/ExpressionConcatenateArrayType2.xml
----------------- Instantiating /home/travis/build/icyphy/ptII/ptolemy/actor/lib/test/auto/ExpressionConcatenateArrayType2.xml
3 ms. Memory: 1362432K Free: 146269K (11%)
----------------- Invoking toplevel() on ptolemy.moml.MoMLSimpleApplication@5c7f51ab
----------------- Done invoking toplevel() on ptolemy.moml.MoMLSimpleApplication@5c7f51ab
reloadAllAccessors: .ExpressionConcatenateArrayType2

===========================================================================================
----------------- testing Wed Feb 27 20:42:42 UTC 2019 /home/travis/build/icyphy/ptII/ptolemy/actor/lib/test/auto/ExpressionFix.xml
----------------- Instantiating /home/travis/build/icyphy/ptII/ptolemy/actor/lib/test/auto/ExpressionFix.xml
22 ms. Memory: 1362432K Free: 120460K (9%)
----------------- Invoking toplevel() on ptolemy.moml.MoMLSimpleApplication@7bacda8c
----------------- Done invoking toplevel() on ptolemy.moml.MoMLSimpleApplication@7bacda8c
reloadAllAccessors: .ExpressionFix

===========================================================================================
----------------- testing Wed Feb 27 20:42:42 UTC 2019 /home/travis/build/icyphy/ptII/ptolemy/actor/lib/test/auto/ExpressionFix2.xml
----------------- Instantiating /home/travis/build/icyphy/ptII/ptolemy/actor/lib/test/auto/ExpressionFix2.xml
5 ms. Memory: 1362432K Free: 103864K (8%)
----------------- Invoking toplevel() on ptolemy.moml.MoMLSimpleApplication@6eb53cbd
----------------- Done invoking toplevel() on ptolemy.moml.MoMLSimpleApplication@6eb53cbd
reloadAllAccessors: .ExpressionFix2

===========================================================================================
----------------- testing Wed Feb 27 20:42:42 UTC 2019 /home/travis/build/icyphy/ptII/ptolemy/actor/lib/test/auto/ExpressionFix3.xml
----------------- Instantiating /home/travis/build/icyphy/ptII/ptolemy/actor/lib/test/auto/ExpressionFix3.xml
3 ms. Memory: 1362432K Free: 87269K (6%)
----------------- Invoking toplevel() on ptolemy.moml.MoMLSimpleApplication@7ab1f1d0
----------------- Done invoking toplevel() on ptolemy.moml.MoMLSimpleApplication@7ab1f1d0
reloadAllAccessors: .ExpressionFix3

===========================================================================================
----------------- testing Wed Feb 27 20:42:42 UTC 2019 /home/travis/build/icyphy/ptII/ptolemy/actor/lib/test/auto/FileWriter1.xml
----------------- Instantiating /home/travis/build/icyphy/ptII/ptolemy/actor/lib/test/auto/FileWriter1.xml
11 ms. Memory: 1362432K Free: 1320305K (97%)
----------------- Invoking toplevel() on ptolemy.moml.MoMLSimpleApplication@7c3b4108
----------------- Done invoking toplevel() on ptolemy.moml.MoMLSimpleApplication@7c3b4108
reloadAllAccessors: .FileWriter1

===========================================================================================
----------------- testing Wed Feb 27 20:42:42 UTC 2019 /home/travis/build/icyphy/ptII/ptolemy/actor/lib/test/auto/FileWriter2.xml
----------------- Instantiating /home/travis/build/icyphy/ptII/ptolemy/actor/lib/test/auto/FileWriter2.xml
3 ms. Memory: 1362432K Free: 1299565K (95%)
----------------- Invoking toplevel() on ptolemy.moml.MoMLSimpleApplication@6f28704c
----------------- Done invoking toplevel() on ptolemy.moml.MoMLSimpleApplication@6f28704c
reloadAllAccessors: .FileWriter2

===========================================================================================
----------------- testing Wed Feb 27 20:42:42 UTC 2019 /home/travis/build/icyphy/ptII/ptolemy/actor/lib/test/auto/FileWriter3.xml
----------------- Instantiating /home/travis/build/icyphy/ptII/ptolemy/actor/lib/test/auto/FileWriter3.xml
2 ms. Memory: 1362432K Free: 1289607K (95%)
----------------- Invoking toplevel() on ptolemy.moml.MoMLSimpleApplication@52f64e44
----------------- Done invoking toplevel() on ptolemy.moml.MoMLSimpleApplication@52f64e44
reloadAllAccessors: .FileWriter3

===========================================================================================
----------------- testing Wed Feb 27 20:42:42 UTC 2019 /home/travis/build/icyphy/ptII/ptolemy/actor/lib/test/auto/Gaussian.xml
----------------- Instantiating /home/travis/build/icyphy/ptII/ptolemy/actor/lib/test/auto/Gaussian.xml
5 ms. Memory: 1362432K Free: 1273017K (93%)
----------------- Invoking toplevel() on ptolemy.moml.MoMLSimpleApplication@29f7bd7a
----------------- Done invoking toplevel() on ptolemy.moml.MoMLSimpleApplication@29f7bd7a
reloadAllAccessors: .Gaussian

===========================================================================================
----------------- testing Wed Feb 27 20:42:42 UTC 2019 /home/travis/build/icyphy/ptII/ptolemy/actor/lib/test/auto/Gaussian1.xml
----------------- Instantiating /home/travis/build/icyphy/ptII/ptolemy/actor/lib/test/auto/Gaussian1.xml
10 ms. Memory: 1362432K Free: 1263059K (93%)
----------------- Invoking toplevel() on ptolemy.moml.MoMLSimpleApplication@288c0876
----------------- Done invoking toplevel() on ptolemy.moml.MoMLSimpleApplication@288c0876
reloadAllAccessors: .Gaussian1

===========================================================================================
----------------- testing Wed Feb 27 20:42:42 UTC 2019 /home/travis/build/icyphy/ptII/ptolemy/actor/lib/test/auto/Gaussian2.xml
----------------- Instantiating /home/travis/build/icyphy/ptII/ptolemy/actor/lib/test/auto/Gaussian2.xml
2 ms. Memory: 1362432K Free: 1253102K (92%)
----------------- Invoking toplevel() on ptolemy.moml.MoMLSimpleApplication@21bf7131
----------------- Done invoking toplevel() on ptolemy.moml.MoMLSimpleApplication@21bf7131
reloadAllAccessors: .Gaussian2

===========================================================================================
----------------- testing Wed Feb 27 20:42:42 UTC 2019 /home/travis/build/icyphy/ptII/ptolemy/actor/lib/test/auto/GradientAdaptiveLattice.xml
----------------- Instantiating /home/travis/build/icyphy/ptII/ptolemy/actor/lib/test/auto/GradientAdaptiveLattice.xml
2 ms. Memory: 1362432K Free: 1236511K (91%)
----------------- Invoking toplevel() on ptolemy.moml.MoMLSimpleApplication@6ff9e531
----------------- Done invoking toplevel() on ptolemy.moml.MoMLSimpleApplication@6ff9e531
reloadAllAccessors: .GradientAdaptiveLattice

===========================================================================================
----------------- testing Wed Feb 27 20:42:42 UTC 2019 /home/travis/build/icyphy/ptII/ptolemy/actor/lib/test/auto/IIR.xml
----------------- Instantiating /home/travis/build/icyphy/ptII/ptolemy/actor/lib/test/auto/IIR.xml
1 ms. Memory: 1362432K Free: 1226553K (90%)
----------------- Invoking toplevel() on ptolemy.moml.MoMLSimpleApplication@23da7559
----------------- Done invoking toplevel() on ptolemy.moml.MoMLSimpleApplication@23da7559
reloadAllAccessors: .IIR

===========================================================================================
----------------- testing Wed Feb 27 20:42:42 UTC 2019 /home/travis/build/icyphy/ptII/ptolemy/actor/lib/test/auto/InputOutputTransparentPorts.xml
----------------- Instantiating /home/travis/build/icyphy/ptII/ptolemy/actor/lib/test/auto/InputOutputTransparentPorts.xml
2 ms. Memory: 1362432K Free: 1211609K (89%)
----------------- Invoking toplevel() on ptolemy.moml.MoMLSimpleApplication@179f5c17
----------------- Done invoking toplevel() on ptolemy.moml.MoMLSimpleApplication@179f5c17
reloadAllAccessors: .InputOutputTransparentPorts

===========================================================================================
----------------- testing Wed Feb 27 20:42:42 UTC 2019 /home/travis/build/icyphy/ptII/ptolemy/actor/lib/test/auto/Interpolator.xml
----------------- Instantiating /home/travis/build/icyphy/ptII/ptolemy/actor/lib/test/auto/Interpolator.xml
3 ms. Memory: 1362432K Free: 1195018K (88%)
----------------- Invoking toplevel() on ptolemy.moml.MoMLSimpleApplication@c07a3bd
----------------- Done invoking toplevel() on ptolemy.moml.MoMLSimpleApplication@c07a3bd
reloadAllAccessors: .Interpolator

===========================================================================================
----------------- testing Wed Feb 27 20:42:42 UTC 2019 /home/travis/build/icyphy/ptII/ptolemy/actor/lib/test/auto/InterpolatorFiringLimitDE.xml
----------------- Instantiating /home/travis/build/icyphy/ptII/ptolemy/actor/lib/test/auto/InterpolatorFiringLimitDE.xml
2 ms. Memory: 1362432K Free: 1185061K (87%)
----------------- Invoking toplevel() on ptolemy.moml.MoMLSimpleApplication@2ea2ec74
----------------- Done invoking toplevel() on ptolemy.moml.MoMLSimpleApplication@2ea2ec74
reloadAllAccessors: .InterpolatorFiringLimitDE

===========================================================================================
----------------- testing Wed Feb 27 20:42:42 UTC 2019 /home/travis/build/icyphy/ptII/ptolemy/actor/lib/test/auto/Lattice.xml
----------------- Instantiating /home/travis/build/icyphy/ptII/ptolemy/actor/lib/test/auto/Lattice.xml
1 ms. Memory: 1362432K Free: 1175104K (86%)
----------------- Invoking toplevel() on ptolemy.moml.MoMLSimpleApplication@e17788
----------------- Done invoking toplevel() on ptolemy.moml.MoMLSimpleApplication@e17788
reloadAllAccessors: .Lattice

===========================================================================================
----------------- testing Wed Feb 27 20:42:42 UTC 2019 /home/travis/build/icyphy/ptII/ptolemy/actor/lib/test/auto/LazyAOCTestLazy.xml
----------------- Instantiating /home/travis/build/icyphy/ptII/ptolemy/actor/lib/test/auto/LazyAOCTestLazy.xml
7 ms. Memory: 1362432K Free: 1158513K (85%)
----------------- Invoking toplevel() on ptolemy.moml.MoMLSimpleApplication@15165245
----------------- Done invoking toplevel() on ptolemy.moml.MoMLSimpleApplication@15165245
reloadAllAccessors: .LazyAOCTestLazy

===========================================================================================
----------------- testing Wed Feb 27 20:42:42 UTC 2019 /home/travis/build/icyphy/ptII/ptolemy/actor/lib/test/auto/LazyAOCTestNonLazy.xml
----------------- Instantiating /home/travis/build/icyphy/ptII/ptolemy/actor/lib/test/auto/LazyAOCTestNonLazy.xml
1 ms. Memory: 1362432K Free: 1148555K (84%)
----------------- Invoking toplevel() on ptolemy.moml.MoMLSimpleApplication@2ed0a051
----------------- Done invoking toplevel() on ptolemy.moml.MoMLSimpleApplication@2ed0a051
reloadAllAccessors: .LazyAOCTestNonLazy

===========================================================================================
----------------- testing Wed Feb 27 20:42:42 UTC 2019 /home/travis/build/icyphy/ptII/ptolemy/actor/lib/test/auto/LazyInnerClass.xml
----------------- Instantiating /home/travis/build/icyphy/ptII/ptolemy/actor/lib/test/auto/LazyInnerClass.xml
10 ms. Memory: 1362432K Free: 1138598K (84%)
----------------- Invoking toplevel() on ptolemy.moml.MoMLSimpleApplication@91e1c3b
----------------- Done invoking toplevel() on ptolemy.moml.MoMLSimpleApplication@91e1c3b
reloadAllAccessors: .LazyInnerClass

===========================================================================================
----------------- testing Wed Feb 27 20:42:42 UTC 2019 /home/travis/build/icyphy/ptII/ptolemy/actor/lib/test/auto/LazyPubSub.xml
----------------- Instantiating /home/travis/build/icyphy/ptII/ptolemy/actor/lib/test/auto/LazyPubSub.xml
16 ms. Memory: 1362432K Free: 1117012K (82%)
----------------- Invoking toplevel() on ptolemy.moml.MoMLSimpleApplication@11ae9152
----------------- Done invoking toplevel() on ptolemy.moml.MoMLSimpleApplication@11ae9152
reloadAllAccessors: .LazyPubSub

===========================================================================================
----------------- testing Wed Feb 27 20:42:42 UTC 2019 /home/travis/build/icyphy/ptII/ptolemy/actor/lib/test/auto/LazyPubSub2.xml
----------------- Instantiating /home/travis/build/icyphy/ptII/ptolemy/actor/lib/test/auto/LazyPubSub2.xml
14 ms. Memory: 1362432K Free: 1107054K (81%)
----------------- Invoking toplevel() on ptolemy.moml.MoMLSimpleApplication@6160208d
----------------- Done invoking toplevel() on ptolemy.moml.MoMLSimpleApplication@6160208d
reloadAllAccessors: .LazyPubSub2

===========================================================================================
----------------- testing Wed Feb 27 20:42:42 UTC 2019 /home/travis/build/icyphy/ptII/ptolemy/actor/lib/test/auto/LazyPubSub3.xml
----------------- Instantiating /home/travis/build/icyphy/ptII/ptolemy/actor/lib/test/auto/LazyPubSub3.xml
14 ms. Memory: 1362432K Free: 1097097K (81%)
----------------- Invoking toplevel() on ptolemy.moml.MoMLSimpleApplication@662cfee5
----------------- Done invoking toplevel() on ptolemy.moml.MoMLSimpleApplication@662cfee5
reloadAllAccessors: .LazyPubSub3

===========================================================================================
----------------- testing Wed Feb 27 20:42:42 UTC 2019 /home/travis/build/icyphy/ptII/ptolemy/actor/lib/test/auto/LazySubClassModel.xml
----------------- Instantiating /home/travis/build/icyphy/ptII/ptolemy/actor/lib/test/auto/LazySubClassModel.xml
2 ms. Memory: 1362432K Free: 1075519K (79%)
----------------- Invoking toplevel() on ptolemy.moml.MoMLSimpleApplication@10b790f1
----------------- Done invoking toplevel() on ptolemy.moml.MoMLSimpleApplication@10b790f1
reloadAllAccessors: .LazySubClassModel

===========================================================================================
----------------- testing Wed Feb 27 20:42:42 UTC 2019 /home/travis/build/icyphy/ptII/ptolemy/actor/lib/test/auto/LevelCrossTest1.xml
----------------- Instantiating /home/travis/build/icyphy/ptII/ptolemy/actor/lib/test/auto/LevelCrossTest1.xml
1 ms. Memory: 1362432K Free: 1065562K (78%)
----------------- Invoking toplevel() on ptolemy.moml.MoMLSimpleApplication@23bb280c
----------------- Done invoking toplevel() on ptolemy.moml.MoMLSimpleApplication@23bb280c
reloadAllAccessors: .broken

===========================================================================================
----------------- testing Wed Feb 27 20:42:42 UTC 2019 /home/travis/build/icyphy/ptII/ptolemy/actor/lib/test/auto/LevelCrossTest10.xml
----------------- Instantiating /home/travis/build/icyphy/ptII/ptolemy/actor/lib/test/auto/LevelCrossTest10.xml
1 ms. Memory: 1362432K Free: 1050625K (77%)
----------------- Invoking toplevel() on ptolemy.moml.MoMLSimpleApplication@538071da
----------------- Done invoking toplevel() on ptolemy.moml.MoMLSimpleApplication@538071da
reloadAllAccessors: .LevelCrossTest10

===========================================================================================
----------------- testing Wed Feb 27 20:42:42 UTC 2019 /home/travis/build/icyphy/ptII/ptolemy/actor/lib/test/auto/LevelCrossTest11.xml
----------------- Instantiating /home/travis/build/icyphy/ptII/ptolemy/actor/lib/test/auto/LevelCrossTest11.xml
1 ms. Memory: 1362432K Free: 1034034K (76%)
----------------- Invoking toplevel() on ptolemy.moml.MoMLSimpleApplication@1b1f78ce
----------------- Done invoking toplevel() on ptolemy.moml.MoMLSimpleApplication@1b1f78ce
reloadAllAccessors: .LevelCrossTest11

===========================================================================================
----------------- testing Wed Feb 27 20:42:42 UTC 2019 /home/travis/build/icyphy/ptII/ptolemy/actor/lib/test/auto/LevelCrossTest12.xml
----------------- Instantiating /home/travis/build/icyphy/ptII/ptolemy/actor/lib/test/auto/LevelCrossTest12.xml
1 ms. Memory: 1362432K Free: 1019098K (75%)
----------------- Invoking toplevel() on ptolemy.moml.MoMLSimpleApplication@ef4b62d
----------------- Done invoking toplevel() on ptolemy.moml.MoMLSimpleApplication@ef4b62d
reloadAllAccessors: .LevelCrossTest12

===========================================================================================
----------------- testing Wed Feb 27 20:42:42 UTC 2019 /home/travis/build/icyphy/ptII/ptolemy/actor/lib/test/auto/LevelCrossTest13.xml
----------------- Instantiating /home/travis/build/icyphy/ptII/ptolemy/actor/lib/test/auto/LevelCrossTest13.xml
1 ms. Memory: 1362432K Free: 1004145K (74%)
----------------- Invoking toplevel() on ptolemy.moml.MoMLSimpleApplication@22fa742e
----------------- Done invoking toplevel() on ptolemy.moml.MoMLSimpleApplication@22fa742e
reloadAllAccessors: .LevelCrossTest13

===========================================================================================
----------------- testing Wed Feb 27 20:42:42 UTC 2019 /home/travis/build/icyphy/ptII/ptolemy/actor/lib/test/auto/LevelCrossTest2.xml
----------------- Instantiating /home/travis/build/icyphy/ptII/ptolemy/actor/lib/test/auto/LevelCrossTest2.xml
9 ms. Memory: 1362432K Free: 987555K (72%)
----------------- Invoking toplevel() on ptolemy.moml.MoMLSimpleApplication@42377282
----------------- Done invoking toplevel() on ptolemy.moml.MoMLSimpleApplication@42377282
reloadAllAccessors: .broken

===========================================================================================
----------------- testing Wed Feb 27 20:42:42 UTC 2019 /home/travis/build/icyphy/ptII/ptolemy/actor/lib/test/auto/LevelCrossTest3.xml
----------------- Instantiating /home/travis/build/icyphy/ptII/ptolemy/actor/lib/test/auto/LevelCrossTest3.xml
1 ms. Memory: 1362432K Free: 977597K (72%)
----------------- Invoking toplevel() on ptolemy.moml.MoMLSimpleApplication@5c8af708
----------------- Done invoking toplevel() on ptolemy.moml.MoMLSimpleApplication@5c8af708
reloadAllAccessors: .LevelCrossTest3

===========================================================================================
----------------- testing Wed Feb 27 20:42:42 UTC 2019 /home/travis/build/icyphy/ptII/ptolemy/actor/lib/test/auto/LevelCrossTest4.xml
----------------- Instantiating /home/travis/build/icyphy/ptII/ptolemy/actor/lib/test/auto/LevelCrossTest4.xml
2 ms. Memory: 1362432K Free: 967640K (71%)
----------------- Invoking toplevel() on ptolemy.moml.MoMLSimpleApplication@20a19d46
----------------- Done invoking toplevel() on ptolemy.moml.MoMLSimpleApplication@20a19d46
reloadAllAccessors: .broken

===========================================================================================
----------------- testing Wed Feb 27 20:42:42 UTC 2019 /home/travis/build/icyphy/ptII/ptolemy/actor/lib/test/auto/LevelCrossTest5.xml
----------------- Instantiating /home/travis/build/icyphy/ptII/ptolemy/actor/lib/test/auto/LevelCrossTest5.xml
1 ms. Memory: 1362432K Free: 945945K (69%)
----------------- Invoking toplevel() on ptolemy.moml.MoMLSimpleApplication@3086d9d3
----------------- Done invoking toplevel() on ptolemy.moml.MoMLSimpleApplication@3086d9d3
reloadAllAccessors: .LevelCrossTest5

===========================================================================================
----------------- testing Wed Feb 27 20:42:43 UTC 2019 /home/travis/build/icyphy/ptII/ptolemy/actor/lib/test/auto/LevelCrossTest6.xml
----------------- Instantiating /home/travis/build/icyphy/ptII/ptolemy/actor/lib/test/auto/LevelCrossTest6.xml
1 ms. Memory: 1362432K Free: 930993K (68%)
----------------- Invoking toplevel() on ptolemy.moml.MoMLSimpleApplication@11e87d16
----------------- Done invoking toplevel() on ptolemy.moml.MoMLSimpleApplication@11e87d16
reloadAllAccessors: .LevelCrossTest6

===========================================================================================
----------------- testing Wed Feb 27 20:42:43 UTC 2019 /home/travis/build/icyphy/ptII/ptolemy/actor/lib/test/auto/LevelCrossTest7.xml
----------------- Instantiating /home/travis/build/icyphy/ptII/ptolemy/actor/lib/test/auto/LevelCrossTest7.xml
1 ms. Memory: 1362432K Free: 909407K (67%)
----------------- Invoking toplevel() on ptolemy.moml.MoMLSimpleApplication@79d634ad
----------------- Done invoking toplevel() on ptolemy.moml.MoMLSimpleApplication@79d634ad
reloadAllAccessors: .LevelCrossTest7

===========================================================================================
----------------- testing Wed Feb 27 20:42:43 UTC 2019 /home/travis/build/icyphy/ptII/ptolemy/actor/lib/test/auto/LevelCrossTest8.xml
----------------- Instantiating /home/travis/build/icyphy/ptII/ptolemy/actor/lib/test/auto/LevelCrossTest8.xml
1 ms. Memory: 1362432K Free: 894455K (66%)
----------------- Invoking toplevel() on ptolemy.moml.MoMLSimpleApplication@777b662c
----------------- Done invoking toplevel() on ptolemy.moml.MoMLSimpleApplication@777b662c
reloadAllAccessors: .LevelCrossTest8

===========================================================================================
----------------- testing Wed Feb 27 20:42:43 UTC 2019 /home/travis/build/icyphy/ptII/ptolemy/actor/lib/test/auto/LevelCrossTest9.xml
----------------- Instantiating /home/travis/build/icyphy/ptII/ptolemy/actor/lib/test/auto/LevelCrossTest9.xml
4 ms. Memory: 1362432K Free: 884497K (65%)
----------------- Invoking toplevel() on ptolemy.moml.MoMLSimpleApplication@195ee8ec
----------------- Done invoking toplevel() on ptolemy.moml.MoMLSimpleApplication@195ee8ec
reloadAllAccessors: .LevelCrossTest9

===========================================================================================
----------------- testing Wed Feb 27 20:42:43 UTC 2019 /home/travis/build/icyphy/ptII/ptolemy/actor/lib/test/auto/LevinsonDurbin.xml
----------------- Instantiating /home/travis/build/icyphy/ptII/ptolemy/actor/lib/test/auto/LevinsonDurbin.xml
4 ms. Memory: 1362432K Free: 867906K (64%)
----------------- Invoking toplevel() on ptolemy.moml.MoMLSimpleApplication@4223a69f
----------------- Done invoking toplevel() on ptolemy.moml.MoMLSimpleApplication@4223a69f
reloadAllAccessors: .LevinsonDurbin

===========================================================================================
----------------- testing Wed Feb 27 20:42:43 UTC 2019 /home/travis/build/icyphy/ptII/ptolemy/actor/lib/test/auto/LevinsonDurbin2.xml
----------------- Instantiating /home/travis/build/icyphy/ptII/ptolemy/actor/lib/test/auto/LevinsonDurbin2.xml
1 ms. Memory: 1362432K Free: 857949K (63%)
----------------- Invoking toplevel() on ptolemy.moml.MoMLSimpleApplication@5391f182
----------------- Done invoking toplevel() on ptolemy.moml.MoMLSimpleApplication@5391f182
reloadAllAccessors: .LevinsonDurbin2

===========================================================================================
----------------- testing Wed Feb 27 20:42:43 UTC 2019 /home/travis/build/icyphy/ptII/ptolemy/actor/lib/test/auto/LevinsonDurbin3.xml
----------------- Instantiating /home/travis/build/icyphy/ptII/ptolemy/actor/lib/test/auto/LevinsonDurbin3.xml
1 ms. Memory: 1362432K Free: 847991K (62%)
----------------- Invoking toplevel() on ptolemy.moml.MoMLSimpleApplication@a9070fc
----------------- Done invoking toplevel() on ptolemy.moml.MoMLSimpleApplication@a9070fc
reloadAllAccessors: .LevinsonDurbin3

===========================================================================================
----------------- testing Wed Feb 27 20:42:43 UTC 2019 /home/travis/build/icyphy/ptII/ptolemy/actor/lib/test/auto/Limiter.xml
----------------- Instantiating /home/travis/build/icyphy/ptII/ptolemy/actor/lib/test/auto/Limiter.xml
3 ms. Memory: 1362432K Free: 826406K (61%)
----------------- Invoking toplevel() on ptolemy.moml.MoMLSimpleApplication@1ee8a49f
----------------- Done invoking toplevel() on ptolemy.moml.MoMLSimpleApplication@1ee8a49f
reloadAllAccessors: .Limiter

===========================================================================================
----------------- testing Wed Feb 27 20:42:43 UTC 2019 /home/travis/build/icyphy/ptII/ptolemy/actor/lib/test/auto/LinearDifferenceEquationSystem.xml
----------------- Instantiating /home/travis/build/icyphy/ptII/ptolemy/actor/lib/test/auto/LinearDifferenceEquationSystem.xml
5 ms. Memory: 1362432K Free: 811454K (60%)
----------------- Invoking toplevel() on ptolemy.moml.MoMLSimpleApplication@1d5a037c
----------------- Done invoking toplevel() on ptolemy.moml.MoMLSimpleApplication@1d5a037c
reloadAllAccessors: .LinearDifferenceEquationSystem

===========================================================================================
----------------- testing Wed Feb 27 20:42:43 UTC 2019 /home/travis/build/icyphy/ptII/ptolemy/actor/lib/test/auto/LookupTable.xml
----------------- Instantiating /home/travis/build/icyphy/ptII/ptolemy/actor/lib/test/auto/LookupTable.xml
2 ms. Memory: 1362432K Free: 801496K (59%)
----------------- Invoking toplevel() on ptolemy.moml.MoMLSimpleApplication@364f4f01
----------------- Done invoking toplevel() on ptolemy.moml.MoMLSimpleApplication@364f4f01
reloadAllAccessors: .LookupTable

===========================================================================================
----------------- testing Wed Feb 27 20:42:43 UTC 2019 /home/travis/build/icyphy/ptII/ptolemy/actor/lib/test/auto/MathFunction.xml
----------------- Instantiating /home/travis/build/icyphy/ptII/ptolemy/actor/lib/test/auto/MathFunction.xml
4 ms. Memory: 1362432K Free: 779926K (57%)
----------------- Invoking toplevel() on ptolemy.moml.MoMLSimpleApplication@5cb0db20
----------------- Done invoking toplevel() on ptolemy.moml.MoMLSimpleApplication@5cb0db20
reloadAllAccessors: .MathFunction

===========================================================================================
----------------- testing Wed Feb 27 20:42:43 UTC 2019 /home/travis/build/icyphy/ptII/ptolemy/actor/lib/test/auto/MathFunction2.xml
----------------- Instantiating /home/travis/build/icyphy/ptII/ptolemy/actor/lib/test/auto/MathFunction2.xml
6 ms. Memory: 1362432K Free: 769969K (57%)
----------------- Invoking toplevel() on ptolemy.moml.MoMLSimpleApplication@46bf418d
----------------- Done invoking toplevel() on ptolemy.moml.MoMLSimpleApplication@46bf418d
reloadAllAccessors: .MathFunction2

===========================================================================================
----------------- testing Wed Feb 27 20:42:43 UTC 2019 /home/travis/build/icyphy/ptII/ptolemy/actor/lib/test/auto/MathFunction3.xml
----------------- Instantiating /home/travis/build/icyphy/ptII/ptolemy/actor/lib/test/auto/MathFunction3.xml
2 ms. Memory: 1362432K Free: 760012K (56%)
----------------- Invoking toplevel() on ptolemy.moml.MoMLSimpleApplication@7845307c
----------------- Done invoking toplevel() on ptolemy.moml.MoMLSimpleApplication@7845307c
reloadAllAccessors: .MathFunction3

===========================================================================================
----------------- testing Wed Feb 27 20:42:43 UTC 2019 /home/travis/build/icyphy/ptII/ptolemy/actor/lib/test/auto/MatrixCropBoolean.xml
----------------- Instantiating /home/travis/build/icyphy/ptII/ptolemy/actor/lib/test/auto/MatrixCropBoolean.xml
2 ms. Memory: 1362432K Free: 743421K (55%)
----------------- Invoking toplevel() on ptolemy.moml.MoMLSimpleApplication@58e930ba
----------------- Done invoking toplevel() on ptolemy.moml.MoMLSimpleApplication@58e930ba
reloadAllAccessors: .MatrixCropBoolean

===========================================================================================
----------------- testing Wed Feb 27 20:42:43 UTC 2019 /home/travis/build/icyphy/ptII/ptolemy/actor/lib/test/auto/MatrixCropComplex.xml
----------------- Instantiating /home/travis/build/icyphy/ptII/ptolemy/actor/lib/test/auto/MatrixCropComplex.xml
1 ms. Memory: 1362432K Free: 733464K (54%)
----------------- Invoking toplevel() on ptolemy.moml.MoMLSimpleApplication@6b12ec82
----------------- Done invoking toplevel() on ptolemy.moml.MoMLSimpleApplication@6b12ec82
reloadAllAccessors: .MatrixCropComplex

===========================================================================================
----------------- testing Wed Feb 27 20:42:43 UTC 2019 /home/travis/build/icyphy/ptII/ptolemy/actor/lib/test/auto/MatrixCropDouble.xml
----------------- Instantiating /home/travis/build/icyphy/ptII/ptolemy/actor/lib/test/auto/MatrixCropDouble.xml
1 ms. Memory: 1362432K Free: 723506K (53%)
----------------- Invoking toplevel() on ptolemy.moml.MoMLSimpleApplication@6be597b5
----------------- Done invoking toplevel() on ptolemy.moml.MoMLSimpleApplication@6be597b5
reloadAllAccessors: .MatrixCropDouble

===========================================================================================
----------------- testing Wed Feb 27 20:42:43 UTC 2019 /home/travis/build/icyphy/ptII/ptolemy/actor/lib/test/auto/MatrixCropFix.xml
----------------- Instantiating /home/travis/build/icyphy/ptII/ptolemy/actor/lib/test/auto/MatrixCropFix.xml
2 ms. Memory: 1362432K Free: 706915K (52%)
----------------- Invoking toplevel() on ptolemy.moml.MoMLSimpleApplication@458dfdc3
----------------- Done invoking toplevel() on ptolemy.moml.MoMLSimpleApplication@458dfdc3
reloadAllAccessors: .MatrixCropFix

===========================================================================================
----------------- testing Wed Feb 27 20:42:43 UTC 2019 /home/travis/build/icyphy/ptII/ptolemy/actor/lib/test/auto/MatrixCropInt.xml
----------------- Instantiating /home/travis/build/icyphy/ptII/ptolemy/actor/lib/test/auto/MatrixCropInt.xml
1 ms. Memory: 1362432K Free: 696958K (51%)
----------------- Invoking toplevel() on ptolemy.moml.MoMLSimpleApplication@270a6fe0
----------------- Done invoking toplevel() on ptolemy.moml.MoMLSimpleApplication@270a6fe0
reloadAllAccessors: .MatrixCropInt

===========================================================================================
----------------- testing Wed Feb 27 20:42:43 UTC 2019 /home/travis/build/icyphy/ptII/ptolemy/actor/lib/test/auto/MatrixCropLong.xml
----------------- Instantiating /home/travis/build/icyphy/ptII/ptolemy/actor/lib/test/auto/MatrixCropLong.xml
2 ms. Memory: 1362432K Free: 687000K (50%)
----------------- Invoking toplevel() on ptolemy.moml.MoMLSimpleApplication@4df3fd5
----------------- Done invoking toplevel() on ptolemy.moml.MoMLSimpleApplication@4df3fd5
reloadAllAccessors: .MatrixCropLong

===========================================================================================
----------------- testing Wed Feb 27 20:42:43 UTC 2019 /home/travis/build/icyphy/ptII/ptolemy/actor/lib/test/auto/MatrixToArray.xml
----------------- Instantiating /home/travis/build/icyphy/ptII/ptolemy/actor/lib/test/auto/MatrixToArray.xml
5 ms. Memory: 1362432K Free: 660420K (48%)
----------------- Invoking toplevel() on ptolemy.moml.MoMLSimpleApplication@16a8d26b
----------------- Done invoking toplevel() on ptolemy.moml.MoMLSimpleApplication@16a8d26b
reloadAllAccessors: .MatrixToArray

===========================================================================================
----------------- testing Wed Feb 27 20:42:43 UTC 2019 /home/travis/build/icyphy/ptII/ptolemy/actor/lib/test/auto/MaxIndex.xml
----------------- Instantiating /home/travis/build/icyphy/ptII/ptolemy/actor/lib/test/auto/MaxIndex.xml
1 ms. Memory: 1362432K Free: 650463K (48%)
----------------- Invoking toplevel() on ptolemy.moml.MoMLSimpleApplication@2d474177
----------------- Done invoking toplevel() on ptolemy.moml.MoMLSimpleApplication@2d474177
reloadAllAccessors: .MaxIndex

===========================================================================================
----------------- testing Wed Feb 27 20:42:43 UTC 2019 /home/travis/build/icyphy/ptII/ptolemy/actor/lib/test/auto/Maximum.xml
----------------- Instantiating /home/travis/build/icyphy/ptII/ptolemy/actor/lib/test/auto/Maximum.xml
2 ms. Memory: 1362432K Free: 633872K (47%)
----------------- Invoking toplevel() on ptolemy.moml.MoMLSimpleApplication@463ceaef
----------------- Done invoking toplevel() on ptolemy.moml.MoMLSimpleApplication@463ceaef
reloadAllAccessors: .Maximum

===========================================================================================
----------------- testing Wed Feb 27 20:42:43 UTC 2019 /home/travis/build/icyphy/ptII/ptolemy/actor/lib/test/auto/MaximumComplex.xml
----------------- Instantiating /home/travis/build/icyphy/ptII/ptolemy/actor/lib/test/auto/MaximumComplex.xml
2 ms. Memory: 1362432K Free: 623914K (46%)
----------------- Invoking toplevel() on ptolemy.moml.MoMLSimpleApplication@265c238b
----------------- Done invoking toplevel() on ptolemy.moml.MoMLSimpleApplication@265c238b
reloadAllAccessors: .MaximumComplex

===========================================================================================
----------------- testing Wed Feb 27 20:42:43 UTC 2019 /home/travis/build/icyphy/ptII/ptolemy/actor/lib/test/auto/MethodCallTest.xml
----------------- Instantiating /home/travis/build/icyphy/ptII/ptolemy/actor/lib/test/auto/MethodCallTest.xml
1 ms. Memory: 1362432K Free: 613957K (45%)
----------------- Invoking toplevel() on ptolemy.moml.MoMLSimpleApplication@73dd92a1
----------------- Done invoking toplevel() on ptolemy.moml.MoMLSimpleApplication@73dd92a1
reloadAllAccessors: .MethodCallTest

===========================================================================================
----------------- testing Wed Feb 27 20:42:43 UTC 2019 /home/travis/build/icyphy/ptII/ptolemy/actor/lib/test/auto/Minimum.xml
----------------- Instantiating /home/travis/build/icyphy/ptII/ptolemy/actor/lib/test/auto/Minimum.xml
2 ms. Memory: 1362432K Free: 597364K (44%)
----------------- Invoking toplevel() on ptolemy.moml.MoMLSimpleApplication@2dfb4f2
----------------- Done invoking toplevel() on ptolemy.moml.MoMLSimpleApplication@2dfb4f2
reloadAllAccessors: .Minimum

===========================================================================================
----------------- testing Wed Feb 27 20:42:43 UTC 2019 /home/travis/build/icyphy/ptII/ptolemy/actor/lib/test/auto/MinimumComplex.xml
----------------- Instantiating /home/travis/build/icyphy/ptII/ptolemy/actor/lib/test/auto/MinimumComplex.xml
3 ms. Memory: 1362432K Free: 587407K (43%)
----------------- Invoking toplevel() on ptolemy.moml.MoMLSimpleApplication@4e508c59
----------------- Done invoking toplevel() on ptolemy.moml.MoMLSimpleApplication@4e508c59
reloadAllAccessors: .MinimumComplex

===========================================================================================
----------------- testing Wed Feb 27 20:42:43 UTC 2019 /home/travis/build/icyphy/ptII/ptolemy/actor/lib/test/auto/MinimumMultiports.xml
----------------- Instantiating /home/travis/build/icyphy/ptII/ptolemy/actor/lib/test/auto/MinimumMultiports.xml
4 ms. Memory: 1362432K Free: 572455K (42%)
----------------- Invoking toplevel() on ptolemy.moml.MoMLSimpleApplication@8e94c5f
----------------- Done invoking toplevel() on ptolemy.moml.MoMLSimpleApplication@8e94c5f
reloadAllAccessors: .MinimumMultiports

===========================================================================================
----------------- testing Wed Feb 27 20:42:43 UTC 2019 /home/travis/build/icyphy/ptII/ptolemy/actor/lib/test/auto/ModifyDate.xml
----------------- Instantiating /home/travis/build/icyphy/ptII/ptolemy/actor/lib/test/auto/ModifyDate.xml
6 ms. Memory: 1362432K Free: 545874K (40%)
----------------- Invoking toplevel() on ptolemy.moml.MoMLSimpleApplication@2b6c4a22
----------------- Done invoking toplevel() on ptolemy.moml.MoMLSimpleApplication@2b6c4a22
reloadAllAccessors: .ModifyDate

===========================================================================================
----------------- testing Wed Feb 27 20:42:43 UTC 2019 /home/travis/build/icyphy/ptII/ptolemy/actor/lib/test/auto/ModifyDate2.xml
----------------- Instantiating /home/travis/build/icyphy/ptII/ptolemy/actor/lib/test/auto/ModifyDate2.xml
3 ms. Memory: 1362432K Free: 530938K (39%)
----------------- Invoking toplevel() on ptolemy.moml.MoMLSimpleApplication@9b8ffe1
----------------- Done invoking toplevel() on ptolemy.moml.MoMLSimpleApplication@9b8ffe1
reloadAllAccessors: .ModifyDate2

===========================================================================================
----------------- testing Wed Feb 27 20:42:43 UTC 2019 /home/travis/build/icyphy/ptII/ptolemy/actor/lib/test/auto/MovingAverage.xml
----------------- Instantiating /home/travis/build/icyphy/ptII/ptolemy/actor/lib/test/auto/MovingAverage.xml
2 ms. Memory: 1362432K Free: 520981K (38%)
----------------- Invoking toplevel() on ptolemy.moml.MoMLSimpleApplication@3176c044
----------------- Done invoking toplevel() on ptolemy.moml.MoMLSimpleApplication@3176c044
reloadAllAccessors: .MovingAverage

===========================================================================================
----------------- testing Wed Feb 27 20:42:43 UTC 2019 /home/travis/build/icyphy/ptII/ptolemy/actor/lib/test/auto/MovingMaximum.xml
----------------- Instantiating /home/travis/build/icyphy/ptII/ptolemy/actor/lib/test/auto/MovingMaximum.xml
2 ms. Memory: 1362432K Free: 504390K (37%)
----------------- Invoking toplevel() on ptolemy.moml.MoMLSimpleApplication@6d045267
----------------- Done invoking toplevel() on ptolemy.moml.MoMLSimpleApplication@6d045267
reloadAllAccessors: .MovingMaximum

===========================================================================================
----------------- testing Wed Feb 27 20:42:43 UTC 2019 /home/travis/build/icyphy/ptII/ptolemy/actor/lib/test/auto/MultipleLinksToSameRelation.xml
----------------- Instantiating /home/travis/build/icyphy/ptII/ptolemy/actor/lib/test/auto/MultipleLinksToSameRelation.xml
2 ms. Memory: 1362432K Free: 494432K (36%)
----------------- Invoking toplevel() on ptolemy.moml.MoMLSimpleApplication@4eae0a4e
----------------- Done invoking toplevel() on ptolemy.moml.MoMLSimpleApplication@4eae0a4e
reloadAllAccessors: .MultipleLinksToSameRelation

===========================================================================================
----------------- testing Wed Feb 27 20:42:43 UTC 2019 /home/travis/build/icyphy/ptII/ptolemy/actor/lib/test/auto/MultipleLinksToSameRelationDE.xml
----------------- Instantiating /home/travis/build/icyphy/ptII/ptolemy/actor/lib/test/auto/MultipleLinksToSameRelationDE.xml
2 ms. Memory: 1362432K Free: 484475K (36%)
----------------- Invoking toplevel() on ptolemy.moml.MoMLSimpleApplication@3d77a009
----------------- Done invoking toplevel() on ptolemy.moml.MoMLSimpleApplication@3d77a009
reloadAllAccessors: .MultipleLinksToSameRelationDE

===========================================================================================
----------------- testing Wed Feb 27 20:42:43 UTC 2019 /home/travis/build/icyphy/ptII/ptolemy/actor/lib/test/auto/Multiplexor.xml
----------------- Instantiating /home/travis/build/icyphy/ptII/ptolemy/actor/lib/test/auto/Multiplexor.xml
2 ms. Memory: 1362432K Free: 467884K (34%)
----------------- Invoking toplevel() on ptolemy.moml.MoMLSimpleApplication@43235cf6
----------------- Done invoking toplevel() on ptolemy.moml.MoMLSimpleApplication@43235cf6
reloadAllAccessors: .Multiplexor

===========================================================================================
----------------- testing Wed Feb 27 20:42:43 UTC 2019 /home/travis/build/icyphy/ptII/ptolemy/actor/lib/test/auto/Multiplexor1.xml
----------------- Instantiating /home/travis/build/icyphy/ptII/ptolemy/actor/lib/test/auto/Multiplexor1.xml
2 ms. Memory: 1362432K Free: 457926K (34%)
----------------- Invoking toplevel() on ptolemy.moml.MoMLSimpleApplication@59103f0e
----------------- Done invoking toplevel() on ptolemy.moml.MoMLSimpleApplication@59103f0e
reloadAllAccessors: .Multiplexor1

===========================================================================================
----------------- testing Wed Feb 27 20:42:43 UTC 2019 /home/travis/build/icyphy/ptII/ptolemy/actor/lib/test/auto/Multiplexor2.xml
----------------- Instantiating /home/travis/build/icyphy/ptII/ptolemy/actor/lib/test/auto/Multiplexor2.xml
2 ms. Memory: 1362432K Free: 441336K (32%)
----------------- Invoking toplevel() on ptolemy.moml.MoMLSimpleApplication@56abebac
----------------- Done invoking toplevel() on ptolemy.moml.MoMLSimpleApplication@56abebac
reloadAllAccessors: .Multiplexor2

===========================================================================================
----------------- testing Wed Feb 27 20:42:43 UTC 2019 /home/travis/build/icyphy/ptII/ptolemy/actor/lib/test/auto/Multiplexor3.xml
----------------- Instantiating /home/travis/build/icyphy/ptII/ptolemy/actor/lib/test/auto/Multiplexor3.xml
1 ms. Memory: 1362432K Free: 431378K (32%)
----------------- Invoking toplevel() on ptolemy.moml.MoMLSimpleApplication@11899136
----------------- Done invoking toplevel() on ptolemy.moml.MoMLSimpleApplication@11899136
reloadAllAccessors: .Multiplexor3

===========================================================================================
----------------- testing Wed Feb 27 20:42:43 UTC 2019 /home/travis/build/icyphy/ptII/ptolemy/actor/lib/test/auto/MultiplexorDE.xml
----------------- Instantiating /home/travis/build/icyphy/ptII/ptolemy/actor/lib/test/auto/MultiplexorDE.xml
2 ms. Memory: 1362432K Free: 416426K (31%)
----------------- Invoking toplevel() on ptolemy.moml.MoMLSimpleApplication@3752cdde
----------------- Done invoking toplevel() on ptolemy.moml.MoMLSimpleApplication@3752cdde
reloadAllAccessors: .MultiplexorDE

===========================================================================================
----------------- testing Wed Feb 27 20:42:43 UTC 2019 /home/travis/build/icyphy/ptII/ptolemy/actor/lib/test/auto/MultiportBroadcastTest.xml
----------------- Instantiating /home/travis/build/icyphy/ptII/ptolemy/actor/lib/test/auto/MultiportBroadcastTest.xml
82 ms. Memory: 1362432K Free: 399835K (29%)
----------------- Invoking toplevel() on ptolemy.moml.MoMLSimpleApplication@e7e88a4
----------------- Done invoking toplevel() on ptolemy.moml.MoMLSimpleApplication@e7e88a4
reloadAllAccessors: .MultiportBroadcastTest

===========================================================================================
----------------- testing Wed Feb 27 20:42:43 UTC 2019 /home/travis/build/icyphy/ptII/ptolemy/actor/lib/test/auto/MultiportOutHangDuringGetWidth.xml
----------------- Instantiating /home/travis/build/icyphy/ptII/ptolemy/actor/lib/test/auto/MultiportOutHangDuringGetWidth.xml
4 ms. Memory: 1362432K Free: 384883K (28%)
----------------- Invoking toplevel() on ptolemy.moml.MoMLSimpleApplication@25188714
----------------- Done invoking toplevel() on ptolemy.moml.MoMLSimpleApplication@25188714
reloadAllAccessors: .MultiportOutHangDuringGetWidth

===========================================================================================
----------------- testing Wed Feb 27 20:42:43 UTC 2019 /home/travis/build/icyphy/ptII/ptolemy/actor/lib/test/auto/NilToken.xml
----------------- Instantiating /home/travis/build/icyphy/ptII/ptolemy/actor/lib/test/auto/NilToken.xml
1 ms. Memory: 1362432K Free: 374926K (28%)
----------------- Invoking toplevel() on ptolemy.moml.MoMLSimpleApplication@13b8ec34
----------------- Done invoking toplevel() on ptolemy.moml.MoMLSimpleApplication@13b8ec34
reloadAllAccessors: .NilToken

===========================================================================================
----------------- testing Wed Feb 27 20:42:43 UTC 2019 /home/travis/build/icyphy/ptII/ptolemy/actor/lib/test/auto/NilTokenNonStrictTest.xml
----------------- Instantiating /home/travis/build/icyphy/ptII/ptolemy/actor/lib/test/auto/NilTokenNonStrictTest.xml
2 ms. Memory: 1362432K Free: 358335K (26%)
----------------- Invoking toplevel() on ptolemy.moml.MoMLSimpleApplication@6e946f71
----------------- Done invoking toplevel() on ptolemy.moml.MoMLSimpleApplication@6e946f71
reloadAllAccessors: .NilTokenNonStrictTest

===========================================================================================
----------------- testing Wed Feb 27 20:42:43 UTC 2019 /home/travis/build/icyphy/ptII/ptolemy/actor/lib/test/auto/NilTokenRecord.xml
----------------- Instantiating /home/travis/build/icyphy/ptII/ptolemy/actor/lib/test/auto/NilTokenRecord.xml
4 ms. Memory: 1362432K Free: 348377K (26%)
----------------- Invoking toplevel() on ptolemy.moml.MoMLSimpleApplication@60b6c40d
----------------- Done invoking toplevel() on ptolemy.moml.MoMLSimpleApplication@60b6c40d
reloadAllAccessors: .NilTokenRecord

===========================================================================================
----------------- testing Wed Feb 27 20:42:43 UTC 2019 /home/travis/build/icyphy/ptII/ptolemy/actor/lib/test/auto/NilTokenTypeTest.xml
----------------- Instantiating /home/travis/build/icyphy/ptII/ptolemy/actor/lib/test/auto/NilTokenTypeTest.xml
3 ms. Memory: 1362432K Free: 333425K (24%)
----------------- Invoking toplevel() on ptolemy.moml.MoMLSimpleApplication@16d199cf
----------------- Done invoking toplevel() on ptolemy.moml.MoMLSimpleApplication@16d199cf
reloadAllAccessors: .NilTokenTypeTest

===========================================================================================
----------------- testing Wed Feb 27 20:42:43 UTC 2019 /home/travis/build/icyphy/ptII/ptolemy/actor/lib/test/auto/ObjectToken1.xml
----------------- Instantiating /home/travis/build/icyphy/ptII/ptolemy/actor/lib/test/auto/ObjectToken1.xml
2 ms. Memory: 1362432K Free: 316834K (23%)
----------------- Invoking toplevel() on ptolemy.moml.MoMLSimpleApplication@26d0e5a2
----------------- Done invoking toplevel() on ptolemy.moml.MoMLSimpleApplication@26d0e5a2
reloadAllAccessors: .ObjectToken1

===========================================================================================
----------------- testing Wed Feb 27 20:42:44 UTC 2019 /home/travis/build/icyphy/ptII/ptolemy/actor/lib/test/auto/OrderedMerge.xml
----------------- Instantiating /home/travis/build/icyphy/ptII/ptolemy/actor/lib/test/auto/OrderedMerge.xml
5 ms. Memory: 1362432K Free: 286962K (21%)
----------------- Invoking toplevel() on ptolemy.moml.MoMLSimpleApplication@2c23f507
----------------- Done invoking toplevel() on ptolemy.moml.MoMLSimpleApplication@2c23f507
reloadAllAccessors: .OrderedMerge

===========================================================================================
----------------- testing Wed Feb 27 20:42:44 UTC 2019 /home/travis/build/icyphy/ptII/ptolemy/actor/lib/test/auto/OrderedRecordDisassembler.xml
----------------- Instantiating /home/travis/build/icyphy/ptII/ptolemy/actor/lib/test/auto/OrderedRecordDisassembler.xml
4 ms. Memory: 1362432K Free: 277005K (20%)
----------------- Invoking toplevel() on ptolemy.moml.MoMLSimpleApplication@75b2235c
----------------- Done invoking toplevel() on ptolemy.moml.MoMLSimpleApplication@75b2235c
reloadAllAccessors: .OrderedRecordDisassembler

===========================================================================================
----------------- testing Wed Feb 27 20:42:44 UTC 2019 /home/travis/build/icyphy/ptII/ptolemy/actor/lib/test/auto/OrderedRecordDisassembler2.xml
----------------- Instantiating /home/travis/build/icyphy/ptII/ptolemy/actor/lib/test/auto/OrderedRecordDisassembler2.xml
4 ms. Memory: 1362432K Free: 260414K (19%)
----------------- Invoking toplevel() on ptolemy.moml.MoMLSimpleApplication@291356cf
----------------- Done invoking toplevel() on ptolemy.moml.MoMLSimpleApplication@291356cf
reloadAllAccessors: .OrderedRecordDisassembler2

===========================================================================================
----------------- testing Wed Feb 27 20:42:44 UTC 2019 /home/travis/build/icyphy/ptII/ptolemy/actor/lib/test/auto/OrderedRecordUpdater.xml
----------------- Instantiating /home/travis/build/icyphy/ptII/ptolemy/actor/lib/test/auto/OrderedRecordUpdater.xml
2 ms. Memory: 1362432K Free: 250457K (18%)
----------------- Invoking toplevel() on ptolemy.moml.MoMLSimpleApplication@4f7e40db
----------------- Done invoking toplevel() on ptolemy.moml.MoMLSimpleApplication@4f7e40db
reloadAllAccessors: .RecordUpdater

===========================================================================================
----------------- testing Wed Feb 27 20:42:44 UTC 2019 /home/travis/build/icyphy/ptII/ptolemy/actor/lib/test/auto/OrderedRecordUpdater2.xml
----------------- Instantiating /home/travis/build/icyphy/ptII/ptolemy/actor/lib/test/auto/OrderedRecordUpdater2.xml
2 ms. Memory: 1362432K Free: 233866K (17%)
----------------- Invoking toplevel() on ptolemy.moml.MoMLSimpleApplication@468a6672
----------------- Done invoking toplevel() on ptolemy.moml.MoMLSimpleApplication@468a6672
reloadAllAccessors: .RecordUpdater2

===========================================================================================
----------------- testing Wed Feb 27 20:42:44 UTC 2019 /home/travis/build/icyphy/ptII/ptolemy/actor/lib/test/auto/PhaseUnwrap.xml
----------------- Instantiating /home/travis/build/icyphy/ptII/ptolemy/actor/lib/test/auto/PhaseUnwrap.xml
2 ms. Memory: 1362432K Free: 223908K (16%)
----------------- Invoking toplevel() on ptolemy.moml.MoMLSimpleApplication@8439692
----------------- Done invoking toplevel() on ptolemy.moml.MoMLSimpleApplication@8439692
reloadAllAccessors: .PhaseUnwrap

===========================================================================================
----------------- testing Wed Feb 27 20:42:44 UTC 2019 /home/travis/build/icyphy/ptII/ptolemy/actor/lib/test/auto/PoissonClock.xml
----------------- Instantiating /home/travis/build/icyphy/ptII/ptolemy/actor/lib/test/auto/PoissonClock.xml
1 ms. Memory: 1362432K Free: 213951K (16%)
----------------- Invoking toplevel() on ptolemy.moml.MoMLSimpleApplication@40d6132c
----------------- Done invoking toplevel() on ptolemy.moml.MoMLSimpleApplication@40d6132c
reloadAllAccessors: .PoissonClock

===========================================================================================
----------------- testing Wed Feb 27 20:42:44 UTC 2019 /home/travis/build/icyphy/ptII/ptolemy/actor/lib/test/auto/PoissonClock2.xml
----------------- Instantiating /home/travis/build/icyphy/ptII/ptolemy/actor/lib/test/auto/PoissonClock2.xml
2 ms. Memory: 1362432K Free: 197360K (14%)
----------------- Invoking toplevel() on ptolemy.moml.MoMLSimpleApplication@15445d43
----------------- Done invoking toplevel() on ptolemy.moml.MoMLSimpleApplication@15445d43
reloadAllAccessors: .PoissonClock2

===========================================================================================
----------------- testing Wed Feb 27 20:42:44 UTC 2019 /home/travis/build/icyphy/ptII/ptolemy/actor/lib/test/auto/PoissonClock3.xml
----------------- Instantiating /home/travis/build/icyphy/ptII/ptolemy/actor/lib/test/auto/PoissonClock3.xml
1 ms. Memory: 1362432K Free: 187403K (14%)
----------------- Invoking toplevel() on ptolemy.moml.MoMLSimpleApplication@522728df
----------------- Done invoking toplevel() on ptolemy.moml.MoMLSimpleApplication@522728df
reloadAllAccessors: .PoissonClock3

===========================================================================================
----------------- testing Wed Feb 27 20:42:44 UTC 2019 /home/travis/build/icyphy/ptII/ptolemy/actor/lib/test/auto/PubSubWithInitialTokens.xml
----------------- Instantiating /home/travis/build/icyphy/ptII/ptolemy/actor/lib/test/auto/PubSubWithInitialTokens.xml
2 ms. Memory: 1362432K Free: 177446K (13%)
----------------- Invoking toplevel() on ptolemy.moml.MoMLSimpleApplication@3ccbc526
----------------- Done invoking toplevel() on ptolemy.moml.MoMLSimpleApplication@3ccbc526
reloadAllAccessors: .PubSubWithInitialTokens

===========================================================================================
----------------- testing Wed Feb 27 20:42:44 UTC 2019 /home/travis/build/icyphy/ptII/ptolemy/actor/lib/test/auto/PubSubWithInitialTokens2.xml
----------------- Instantiating /home/travis/build/icyphy/ptII/ptolemy/actor/lib/test/auto/PubSubWithInitialTokens2.xml
3 ms. Memory: 1362432K Free: 160855K (12%)
----------------- Invoking toplevel() on ptolemy.moml.MoMLSimpleApplication@7552c58
----------------- Done invoking toplevel() on ptolemy.moml.MoMLSimpleApplication@7552c58
reloadAllAccessors: .PubSubWithInitialTokens2

===========================================================================================
----------------- testing Wed Feb 27 20:42:44 UTC 2019 /home/travis/build/icyphy/ptII/ptolemy/actor/lib/test/auto/PublisherClassNoParameter.xml
----------------- Instantiating /home/travis/build/icyphy/ptII/ptolemy/actor/lib/test/auto/PublisherClassNoParameter.xml
3 ms. Memory: 1362432K Free: 145902K (11%)
----------------- Invoking toplevel() on ptolemy.moml.MoMLSimpleApplication@44521e32
----------------- Done invoking toplevel() on ptolemy.moml.MoMLSimpleApplication@44521e32
reloadAllAccessors: .PublisherClassNoParameter

===========================================================================================
----------------- testing Wed Feb 27 20:42:44 UTC 2019 /home/travis/build/icyphy/ptII/ptolemy/actor/lib/test/auto/PublisherClassParameter.xml
----------------- Instantiating /home/travis/build/icyphy/ptII/ptolemy/actor/lib/test/auto/PublisherClassParameter.xml
2 ms. Memory: 1362432K Free: 130950K (10%)
----------------- Invoking toplevel() on ptolemy.moml.MoMLSimpleApplication@3e398556
----------------- Done invoking toplevel() on ptolemy.moml.MoMLSimpleApplication@3e398556
reloadAllAccessors: .PublisherClassParameter

===========================================================================================
----------------- testing Wed Feb 27 20:42:44 UTC 2019 /home/travis/build/icyphy/ptII/ptolemy/actor/lib/test/auto/PublisherNonStrictTest.xml
----------------- Instantiating /home/travis/build/icyphy/ptII/ptolemy/actor/lib/test/auto/PublisherNonStrictTest.xml
3 ms. Memory: 1362432K Free: 114360K (8%)
----------------- Invoking toplevel() on ptolemy.moml.MoMLSimpleApplication@178f6f5
----------------- Done invoking toplevel() on ptolemy.moml.MoMLSimpleApplication@178f6f5
reloadAllAccessors: .PublisherNonStrictTest

===========================================================================================
----------------- testing Wed Feb 27 20:42:44 UTC 2019 /home/travis/build/icyphy/ptII/ptolemy/actor/lib/test/auto/PublisherPort1.xml
----------------- Instantiating /home/travis/build/icyphy/ptII/ptolemy/actor/lib/test/auto/PublisherPort1.xml
3 ms. Memory: 1362432K Free: 104402K (8%)
----------------- Invoking toplevel() on ptolemy.moml.MoMLSimpleApplication@18895299
----------------- Done invoking toplevel() on ptolemy.moml.MoMLSimpleApplication@18895299
reloadAllAccessors: .PublisherPort1

===========================================================================================
----------------- testing Wed Feb 27 20:42:44 UTC 2019 /home/travis/build/icyphy/ptII/ptolemy/actor/lib/test/auto/PublisherPort2.xml
----------------- Instantiating /home/travis/build/icyphy/ptII/ptolemy/actor/lib/test/auto/PublisherPort2.xml
2 ms. Memory: 1362432K Free: 94445K (7%)
----------------- Invoking toplevel() on ptolemy.moml.MoMLSimpleApplication@4d13cfb4
----------------- Done invoking toplevel() on ptolemy.moml.MoMLSimpleApplication@4d13cfb4
reloadAllAccessors: .PublisherPort2

===========================================================================================
----------------- testing Wed Feb 27 20:42:44 UTC 2019 /home/travis/build/icyphy/ptII/ptolemy/actor/lib/test/auto/PublisherPort3.xml
----------------- Instantiating /home/travis/build/icyphy/ptII/ptolemy/actor/lib/test/auto/PublisherPort3.xml
3 ms. Memory: 1362432K Free: 79782K (6%)
----------------- Invoking toplevel() on ptolemy.moml.MoMLSimpleApplication@7d1814db
----------------- Done invoking toplevel() on ptolemy.moml.MoMLSimpleApplication@7d1814db
reloadAllAccessors: .PublisherPort3

===========================================================================================
----------------- testing Wed Feb 27 20:42:44 UTC 2019 /home/travis/build/icyphy/ptII/ptolemy/actor/lib/test/auto/PublisherPort4.xml
----------------- Instantiating /home/travis/build/icyphy/ptII/ptolemy/actor/lib/test/auto/PublisherPort4.xml
2 ms. Memory: 1546240K Free: 1494740K (97%)
----------------- Invoking toplevel() on ptolemy.moml.MoMLSimpleApplication@2f23d0a5
----------------- Done invoking toplevel() on ptolemy.moml.MoMLSimpleApplication@2f23d0a5
reloadAllAccessors: .PublisherPort4

===========================================================================================
----------------- testing Wed Feb 27 20:42:44 UTC 2019 /home/travis/build/icyphy/ptII/ptolemy/actor/lib/test/auto/PublisherPort5.xml
----------------- Instantiating /home/travis/build/icyphy/ptII/ptolemy/actor/lib/test/auto/PublisherPort5.xml
4 ms. Memory: 1546240K Free: 1473536K (95%)
----------------- Invoking toplevel() on ptolemy.moml.MoMLSimpleApplication@7c5e38cc
----------------- Done invoking toplevel() on ptolemy.moml.MoMLSimpleApplication@7c5e38cc
reloadAllAccessors: .PublisherPort5

===========================================================================================
----------------- testing Wed Feb 27 20:42:44 UTC 2019 /home/travis/build/icyphy/ptII/ptolemy/actor/lib/test/auto/PublisherPort5LookAlike.xml
----------------- Instantiating /home/travis/build/icyphy/ptII/ptolemy/actor/lib/test/auto/PublisherPort5LookAlike.xml
2 ms. Memory: 1546240K Free: 1458990K (94%)
----------------- Invoking toplevel() on ptolemy.moml.MoMLSimpleApplication@25a557f2
----------------- Done invoking toplevel() on ptolemy.moml.MoMLSimpleApplication@25a557f2
reloadAllAccessors: .PublisherPort5LookAlike

===========================================================================================
----------------- testing Wed Feb 27 20:42:44 UTC 2019 /home/travis/build/icyphy/ptII/ptolemy/actor/lib/test/auto/PublisherPort6.xml
----------------- Instantiating /home/travis/build/icyphy/ptII/ptolemy/actor/lib/test/auto/PublisherPort6.xml
2 ms. Memory: 1546240K Free: 1437786K (93%)
----------------- Invoking toplevel() on ptolemy.moml.MoMLSimpleApplication@61b4705f
----------------- Done invoking toplevel() on ptolemy.moml.MoMLSimpleApplication@61b4705f
reloadAllAccessors: .PublisherPort6

===========================================================================================
----------------- testing Wed Feb 27 20:42:44 UTC 2019 /home/travis/build/icyphy/ptII/ptolemy/actor/lib/test/auto/PublisherPort7.xml
----------------- Instantiating /home/travis/build/icyphy/ptII/ptolemy/actor/lib/test/auto/PublisherPort7.xml
3 ms. Memory: 1546240K Free: 1423322K (92%)
----------------- Invoking toplevel() on ptolemy.moml.MoMLSimpleApplication@2144e6d9
----------------- Done invoking toplevel() on ptolemy.moml.MoMLSimpleApplication@2144e6d9
reloadAllAccessors: .PublisherPort7

===========================================================================================
----------------- testing Wed Feb 27 20:42:44 UTC 2019 /home/travis/build/icyphy/ptII/ptolemy/actor/lib/test/auto/PublisherPort8.xml
----------------- Instantiating /home/travis/build/icyphy/ptII/ptolemy/actor/lib/test/auto/PublisherPort8.xml
4 ms. Memory: 1546240K Free: 1408858K (91%)
----------------- Invoking toplevel() on ptolemy.moml.MoMLSimpleApplication@7990c61b
----------------- Done invoking toplevel() on ptolemy.moml.MoMLSimpleApplication@7990c61b
reloadAllAccessors: .PublisherPort8

===========================================================================================
----------------- testing Wed Feb 27 20:42:44 UTC 2019 /home/travis/build/icyphy/ptII/ptolemy/actor/lib/test/auto/PublisherPortSubscriberChannelVariablesAOC2.xml
----------------- Instantiating /home/travis/build/icyphy/ptII/ptolemy/actor/lib/test/auto/PublisherPortSubscriberChannelVariablesAOC2.xml
4 ms. Memory: 1546240K Free: 1373174K (89%)
----------------- Invoking toplevel() on ptolemy.moml.MoMLSimpleApplication@3e39213e
----------------- Done invoking toplevel() on ptolemy.moml.MoMLSimpleApplication@3e39213e
reloadAllAccessors: .PublisherPortSubscriberChannelVariablesAOC2

===========================================================================================
----------------- testing Wed Feb 27 20:42:44 UTC 2019 /home/travis/build/icyphy/ptII/ptolemy/actor/lib/test/auto/PublisherPortSubscriberOpaqueWidthInference.xml
----------------- Instantiating /home/travis/build/icyphy/ptII/ptolemy/actor/lib/test/auto/PublisherPortSubscriberOpaqueWidthInference.xml
3 ms. Memory: 1546240K Free: 1358710K (88%)
----------------- Invoking toplevel() on ptolemy.moml.MoMLSimpleApplication@5d2d4b8b
----------------- Done invoking toplevel() on ptolemy.moml.MoMLSimpleApplication@5d2d4b8b
reloadAllAccessors: .PublisherPortSubscriberOpaqueWidthInference

===========================================================================================
----------------- testing Wed Feb 27 20:42:44 UTC 2019 /home/travis/build/icyphy/ptII/ptolemy/actor/lib/test/auto/PublisherPortSubscriberPortAdjacent.xml
----------------- Instantiating /home/travis/build/icyphy/ptII/ptolemy/actor/lib/test/auto/PublisherPortSubscriberPortAdjacent.xml
1 ms. Memory: 1546240K Free: 1344246K (87%)
----------------- Invoking toplevel() on ptolemy.moml.MoMLSimpleApplication@5fffdbba
----------------- Done invoking toplevel() on ptolemy.moml.MoMLSimpleApplication@5fffdbba
reloadAllAccessors: .PublisherPortSubscriberPortAdjacent

===========================================================================================
----------------- testing Wed Feb 27 20:42:44 UTC 2019 /home/travis/build/icyphy/ptII/ptolemy/actor/lib/test/auto/PublisherPortSubscriberPortExpression.xml
----------------- Instantiating /home/travis/build/icyphy/ptII/ptolemy/actor/lib/test/auto/PublisherPortSubscriberPortExpression.xml
3 ms. Memory: 1546240K Free: 1323042K (86%)
----------------- Invoking toplevel() on ptolemy.moml.MoMLSimpleApplication@1c6b92ea
----------------- Done invoking toplevel() on ptolemy.moml.MoMLSimpleApplication@1c6b92ea
reloadAllAccessors: .PublisherPortSubscriberPortExpression

===========================================================================================
----------------- testing Wed Feb 27 20:42:44 UTC 2019 /home/travis/build/icyphy/ptII/ptolemy/actor/lib/test/auto/PublisherPortSubscriberPortOpaqueD3Reverse.xml
----------------- Instantiating /home/travis/build/icyphy/ptII/ptolemy/actor/lib/test/auto/PublisherPortSubscriberPortOpaqueD3Reverse.xml
6 ms. Memory: 1546240K Free: 1308578K (85%)
----------------- Invoking toplevel() on ptolemy.moml.MoMLSimpleApplication@4739baf7
----------------- Done invoking toplevel() on ptolemy.moml.MoMLSimpleApplication@4739baf7
reloadAllAccessors: .PublisherPortSubscriberPortOpaqueD3Reverse

===========================================================================================
----------------- testing Wed Feb 27 20:42:44 UTC 2019 /home/travis/build/icyphy/ptII/ptolemy/actor/lib/test/auto/PublisherPortSubscriberPortOpaqueWidthInference.xml
----------------- Instantiating /home/travis/build/icyphy/ptII/ptolemy/actor/lib/test/auto/PublisherPortSubscriberPortOpaqueWidthInference.xml
4 ms. Memory: 1546240K Free: 1294114K (84%)
----------------- Invoking toplevel() on ptolemy.moml.MoMLSimpleApplication@390f8016
----------------- Done invoking toplevel() on ptolemy.moml.MoMLSimpleApplication@390f8016
reloadAllAccessors: .PublisherPortSubscriberPortOpaqueWidthInference

===========================================================================================
----------------- testing Wed Feb 27 20:42:44 UTC 2019 /home/travis/build/icyphy/ptII/ptolemy/actor/lib/test/auto/PublisherPortToplevelSubscriberPortAOC.xml
----------------- Instantiating /home/travis/build/icyphy/ptII/ptolemy/actor/lib/test/auto/PublisherPortToplevelSubscriberPortAOC.xml
.PublisherPortToplevelSubscriberPortAOC.TestExceptionAttribute: initialize() was not invoked, but wrapup() was.  This is unusual, but not always a problem.  For example, exporting JNLP will do this.
0 ms. Memory: 1546240K Free: 1272910K (82%)
----------------- Invoking toplevel() on ptolemy.moml.MoMLSimpleApplication@1521e25d
----------------- Done invoking toplevel() on ptolemy.moml.MoMLSimpleApplication@1521e25d
reloadAllAccessors: .PublisherPortToplevelSubscriberPortAOC

===========================================================================================
----------------- testing Wed Feb 27 20:42:44 UTC 2019 /home/travis/build/icyphy/ptII/ptolemy/actor/lib/test/auto/PublisherSubscriber.xml
----------------- Instantiating /home/travis/build/icyphy/ptII/ptolemy/actor/lib/test/auto/PublisherSubscriber.xml
2 ms. Memory: 1546240K Free: 1258446K (81%)
----------------- Invoking toplevel() on ptolemy.moml.MoMLSimpleApplication@143aa80b
----------------- Done invoking toplevel() on ptolemy.moml.MoMLSimpleApplication@143aa80b
reloadAllAccessors: .PublisherSubscriber

===========================================================================================
----------------- testing Wed Feb 27 20:42:44 UTC 2019 /home/travis/build/icyphy/ptII/ptolemy/actor/lib/test/auto/PublisherSubscriber10.xml
----------------- Instantiating /home/travis/build/icyphy/ptII/ptolemy/actor/lib/test/auto/PublisherSubscriber10.xml
4 ms. Memory: 1546240K Free: 1237243K (80%)
----------------- Invoking toplevel() on ptolemy.moml.MoMLSimpleApplication@5fe6c593
----------------- Done invoking toplevel() on ptolemy.moml.MoMLSimpleApplication@5fe6c593
reloadAllAccessors: .PublisherSubscriber10

===========================================================================================
----------------- testing Wed Feb 27 20:42:44 UTC 2019 /home/travis/build/icyphy/ptII/ptolemy/actor/lib/test/auto/PublisherSubscriber10InitialOutputs.xml
----------------- Instantiating /home/travis/build/icyphy/ptII/ptolemy/actor/lib/test/auto/PublisherSubscriber10InitialOutputs.xml
4 ms. Memory: 1546240K Free: 1222779K (79%)
----------------- Invoking toplevel() on ptolemy.moml.MoMLSimpleApplication@2661f59
----------------- Done invoking toplevel() on ptolemy.moml.MoMLSimpleApplication@2661f59
reloadAllAccessors: .PublisherSubscriber10InitialOutputs

===========================================================================================
----------------- testing Wed Feb 27 20:42:44 UTC 2019 /home/travis/build/icyphy/ptII/ptolemy/actor/lib/test/auto/PublisherSubscriber11.xml
----------------- Instantiating /home/travis/build/icyphy/ptII/ptolemy/actor/lib/test/auto/PublisherSubscriber11.xml
2 ms. Memory: 1546240K Free: 1208315K (78%)
----------------- Invoking toplevel() on ptolemy.moml.MoMLSimpleApplication@4bc84f6f
----------------- Done invoking toplevel() on ptolemy.moml.MoMLSimpleApplication@4bc84f6f
reloadAllAccessors: .PublisherSubscriber11

===========================================================================================
----------------- testing Wed Feb 27 20:42:44 UTC 2019 /home/travis/build/icyphy/ptII/ptolemy/actor/lib/test/auto/PublisherSubscriber12.xml
----------------- Instantiating /home/travis/build/icyphy/ptII/ptolemy/actor/lib/test/auto/PublisherSubscriber12.xml
2 ms. Memory: 1546240K Free: 1187111K (77%)
----------------- Invoking toplevel() on ptolemy.moml.MoMLSimpleApplication@3c1f3c06
----------------- Done invoking toplevel() on ptolemy.moml.MoMLSimpleApplication@3c1f3c06
reloadAllAccessors: .PublisherSubscriber12

===========================================================================================
----------------- testing Wed Feb 27 20:42:44 UTC 2019 /home/travis/build/icyphy/ptII/ptolemy/actor/lib/test/auto/PublisherSubscriber13.xml
----------------- Instantiating /home/travis/build/icyphy/ptII/ptolemy/actor/lib/test/auto/PublisherSubscriber13.xml
3 ms. Memory: 1546240K Free: 1172647K (76%)
----------------- Invoking toplevel() on ptolemy.moml.MoMLSimpleApplication@30874bd7
----------------- Done invoking toplevel() on ptolemy.moml.MoMLSimpleApplication@30874bd7
reloadAllAccessors: .PublisherSubscriber13

===========================================================================================
----------------- testing Wed Feb 27 20:42:44 UTC 2019 /home/travis/build/icyphy/ptII/ptolemy/actor/lib/test/auto/PublisherSubscriber14.xml
----------------- Instantiating /home/travis/build/icyphy/ptII/ptolemy/actor/lib/test/auto/PublisherSubscriber14.xml
2 ms. Memory: 1546240K Free: 1158183K (75%)
----------------- Invoking toplevel() on ptolemy.moml.MoMLSimpleApplication@a54ebb9
----------------- Done invoking toplevel() on ptolemy.moml.MoMLSimpleApplication@a54ebb9
reloadAllAccessors: .PublisherSubscriber14

===========================================================================================
----------------- testing Wed Feb 27 20:42:44 UTC 2019 /home/travis/build/icyphy/ptII/ptolemy/actor/lib/test/auto/PublisherSubscriber2.xml
----------------- Instantiating /home/travis/build/icyphy/ptII/ptolemy/actor/lib/test/auto/PublisherSubscriber2.xml
2 ms. Memory: 1546240K Free: 1136979K (74%)
----------------- Invoking toplevel() on ptolemy.moml.MoMLSimpleApplication@50664d2e
----------------- Done invoking toplevel() on ptolemy.moml.MoMLSimpleApplication@50664d2e
reloadAllAccessors: .PublisherSubscriber2

===========================================================================================
----------------- testing Wed Feb 27 20:42:44 UTC 2019 /home/travis/build/icyphy/ptII/ptolemy/actor/lib/test/auto/PublisherSubscriber3.xml
----------------- Instantiating /home/travis/build/icyphy/ptII/ptolemy/actor/lib/test/auto/PublisherSubscriber3.xml
2 ms. Memory: 1546240K Free: 1122515K (73%)
----------------- Invoking toplevel() on ptolemy.moml.MoMLSimpleApplication@1d704389
----------------- Done invoking toplevel() on ptolemy.moml.MoMLSimpleApplication@1d704389
reloadAllAccessors: .PublisherSubscriber3

===========================================================================================
----------------- testing Wed Feb 27 20:42:44 UTC 2019 /home/travis/build/icyphy/ptII/ptolemy/actor/lib/test/auto/PublisherSubscriber4.xml
----------------- Instantiating /home/travis/build/icyphy/ptII/ptolemy/actor/lib/test/auto/PublisherSubscriber4.xml
2 ms. Memory: 1546240K Free: 1108051K (72%)
----------------- Invoking toplevel() on ptolemy.moml.MoMLSimpleApplication@10b47973
----------------- Done invoking toplevel() on ptolemy.moml.MoMLSimpleApplication@10b47973
reloadAllAccessors: .PublisherSubscriber4

===========================================================================================
----------------- testing Wed Feb 27 20:42:44 UTC 2019 /home/travis/build/icyphy/ptII/ptolemy/actor/lib/test/auto/PublisherSubscriber5.xml
----------------- Instantiating /home/travis/build/icyphy/ptII/ptolemy/actor/lib/test/auto/PublisherSubscriber5.xml
2 ms. Memory: 1546240K Free: 1086847K (70%)
----------------- Invoking toplevel() on ptolemy.moml.MoMLSimpleApplication@15c77926
----------------- Done invoking toplevel() on ptolemy.moml.MoMLSimpleApplication@15c77926
reloadAllAccessors: .PublisherSubscriber5

===========================================================================================
----------------- testing Wed Feb 27 20:42:44 UTC 2019 /home/travis/build/icyphy/ptII/ptolemy/actor/lib/test/auto/PublisherSubscriber6.xml
----------------- Instantiating /home/travis/build/icyphy/ptII/ptolemy/actor/lib/test/auto/PublisherSubscriber6.xml
3 ms. Memory: 1546240K Free: 1072383K (69%)
----------------- Invoking toplevel() on ptolemy.moml.MoMLSimpleApplication@158fac32
----------------- Done invoking toplevel() on ptolemy.moml.MoMLSimpleApplication@158fac32
reloadAllAccessors: .PublisherSubscriber6

===========================================================================================
----------------- testing Wed Feb 27 20:42:44 UTC 2019 /home/travis/build/icyphy/ptII/ptolemy/actor/lib/test/auto/PublisherSubscriber7.xml
----------------- Instantiating /home/travis/build/icyphy/ptII/ptolemy/actor/lib/test/auto/PublisherSubscriber7.xml
2 ms. Memory: 1546240K Free: 1057919K (68%)
----------------- Invoking toplevel() on ptolemy.moml.MoMLSimpleApplication@2401ecec
----------------- Done invoking toplevel() on ptolemy.moml.MoMLSimpleApplication@2401ecec
reloadAllAccessors: .PublisherSubscriber7

===========================================================================================
----------------- testing Wed Feb 27 20:42:44 UTC 2019 /home/travis/build/icyphy/ptII/ptolemy/actor/lib/test/auto/PublisherSubscriber8.xml
----------------- Instantiating /home/travis/build/icyphy/ptII/ptolemy/actor/lib/test/auto/PublisherSubscriber8.xml
9 ms. Memory: 1546240K Free: 964395K (62%)
----------------- Invoking toplevel() on ptolemy.moml.MoMLSimpleApplication@4816da35
----------------- Done invoking toplevel() on ptolemy.moml.MoMLSimpleApplication@4816da35
reloadAllAccessors: .PublisherSubscriber8

===========================================================================================
----------------- testing Wed Feb 27 20:42:44 UTC 2019 /home/travis/build/icyphy/ptII/ptolemy/actor/lib/test/auto/PublisherSubscriber9.xml
----------------- Instantiating /home/travis/build/icyphy/ptII/ptolemy/actor/lib/test/auto/PublisherSubscriber9.xml
3 ms. Memory: 1546240K Free: 949931K (61%)
----------------- Invoking toplevel() on ptolemy.moml.MoMLSimpleApplication@4e5d6b37
----------------- Done invoking toplevel() on ptolemy.moml.MoMLSimpleApplication@4e5d6b37
reloadAllAccessors: .PublisherSubscriber9

===========================================================================================
----------------- testing Wed Feb 27 20:42:44 UTC 2019 /home/travis/build/icyphy/ptII/ptolemy/actor/lib/test/auto/PublisherSubscriberAdjacent.xml
----------------- Instantiating /home/travis/build/icyphy/ptII/ptolemy/actor/lib/test/auto/PublisherSubscriberAdjacent.xml
2 ms. Memory: 1546240K Free: 928727K (60%)
----------------- Invoking toplevel() on ptolemy.moml.MoMLSimpleApplication@3ad3b592
----------------- Done invoking toplevel() on ptolemy.moml.MoMLSimpleApplication@3ad3b592
reloadAllAccessors: .PublisherSubscriberAdjacent

===========================================================================================
----------------- testing Wed Feb 27 20:42:44 UTC 2019 /home/travis/build/icyphy/ptII/ptolemy/actor/lib/test/auto/PublisherSubscriberChannelVariablesAOC2.xml
----------------- Instantiating /home/travis/build/icyphy/ptII/ptolemy/actor/lib/test/auto/PublisherSubscriberChannelVariablesAOC2.xml
3 ms. Memory: 1546240K Free: 907031K (59%)
----------------- Invoking toplevel() on ptolemy.moml.MoMLSimpleApplication@29a33533
----------------- Done invoking toplevel() on ptolemy.moml.MoMLSimpleApplication@29a33533
reloadAllAccessors: .PublisherSubscriberChannelVariablesAOC2

===========================================================================================
----------------- testing Wed Feb 27 20:42:44 UTC 2019 /home/travis/build/icyphy/ptII/ptolemy/actor/lib/test/auto/PublisherSubscriberD3.xml
----------------- Instantiating /home/travis/build/icyphy/ptII/ptolemy/actor/lib/test/auto/PublisherSubscriberD3.xml
2 ms. Memory: 1546240K Free: 892567K (58%)
----------------- Invoking toplevel() on ptolemy.moml.MoMLSimpleApplication@65bc2568
----------------- Done invoking toplevel() on ptolemy.moml.MoMLSimpleApplication@65bc2568
reloadAllAccessors: .PublisherSubscriberD3

===========================================================================================
----------------- testing Wed Feb 27 20:42:44 UTC 2019 /home/travis/build/icyphy/ptII/ptolemy/actor/lib/test/auto/PublisherSubscriberD3Reverse.xml
----------------- Instantiating /home/travis/build/icyphy/ptII/ptolemy/actor/lib/test/auto/PublisherSubscriberD3Reverse.xml
1 ms. Memory: 1546240K Free: 871363K (56%)
----------------- Invoking toplevel() on ptolemy.moml.MoMLSimpleApplication@7bcfcc5a
----------------- Done invoking toplevel() on ptolemy.moml.MoMLSimpleApplication@7bcfcc5a
reloadAllAccessors: .PublisherSubscriberD3Reverse

===========================================================================================
----------------- testing Wed Feb 27 20:42:44 UTC 2019 /home/travis/build/icyphy/ptII/ptolemy/actor/lib/test/auto/PublisherSubscriberExpression.xml
----------------- Instantiating /home/travis/build/icyphy/ptII/ptolemy/actor/lib/test/auto/PublisherSubscriberExpression.xml
4 ms. Memory: 1546240K Free: 856899K (55%)
----------------- Invoking toplevel() on ptolemy.moml.MoMLSimpleApplication@2c7ebcfe
----------------- Done invoking toplevel() on ptolemy.moml.MoMLSimpleApplication@2c7ebcfe
reloadAllAccessors: .PublisherSubscriberExpression

===========================================================================================
----------------- testing Wed Feb 27 20:42:44 UTC 2019 /home/travis/build/icyphy/ptII/ptolemy/actor/lib/test/auto/PublisherSubscriberOpaque.xml
----------------- Instantiating /home/travis/build/icyphy/ptII/ptolemy/actor/lib/test/auto/PublisherSubscriberOpaque.xml
8 ms. Memory: 1546240K Free: 842435K (54%)
----------------- Invoking toplevel() on ptolemy.moml.MoMLSimpleApplication@507b5dc9
----------------- Done invoking toplevel() on ptolemy.moml.MoMLSimpleApplication@507b5dc9
reloadAllAccessors: .PublisherSubscriberOpaque

===========================================================================================
----------------- testing Wed Feb 27 20:42:45 UTC 2019 /home/travis/build/icyphy/ptII/ptolemy/actor/lib/test/auto/PublisherSubscriberOpaqueD3.xml
----------------- Instantiating /home/travis/build/icyphy/ptII/ptolemy/actor/lib/test/auto/PublisherSubscriberOpaqueD3.xml
7 ms. Memory: 1546240K Free: 813983K (53%)
----------------- Invoking toplevel() on ptolemy.moml.MoMLSimpleApplication@210a3367
----------------- Done invoking toplevel() on ptolemy.moml.MoMLSimpleApplication@210a3367
reloadAllAccessors: .PublisherSubscriberOpaqueD3

===========================================================================================
----------------- testing Wed Feb 27 20:42:45 UTC 2019 /home/travis/build/icyphy/ptII/ptolemy/actor/lib/test/auto/PublisherSubscriberOpaqueD3Reverse.xml
----------------- Instantiating /home/travis/build/icyphy/ptII/ptolemy/actor/lib/test/auto/PublisherSubscriberOpaqueD3Reverse.xml
6 ms. Memory: 1546240K Free: 799519K (52%)
----------------- Invoking toplevel() on ptolemy.moml.MoMLSimpleApplication@7b39f2c8
----------------- Done invoking toplevel() on ptolemy.moml.MoMLSimpleApplication@7b39f2c8
reloadAllAccessors: .PublisherSubscriberOpaqueD3Reverse

===========================================================================================
----------------- testing Wed Feb 27 20:42:45 UTC 2019 /home/travis/build/icyphy/ptII/ptolemy/actor/lib/test/auto/PublisherSubscriberOpaqueWidthInference.xml
----------------- Instantiating /home/travis/build/icyphy/ptII/ptolemy/actor/lib/test/auto/PublisherSubscriberOpaqueWidthInference.xml
6 ms. Memory: 1546240K Free: 785055K (51%)
----------------- Invoking toplevel() on ptolemy.moml.MoMLSimpleApplication@74c362e3
----------------- Done invoking toplevel() on ptolemy.moml.MoMLSimpleApplication@74c362e3
reloadAllAccessors: .PublisherSubscriberOpaqueWidthInference

===========================================================================================
----------------- testing Wed Feb 27 20:42:45 UTC 2019 /home/travis/build/icyphy/ptII/ptolemy/actor/lib/test/auto/PublisherTestSubscriber.xml
----------------- Instantiating /home/travis/build/icyphy/ptII/ptolemy/actor/lib/test/auto/PublisherTestSubscriber.xml
3 ms. Memory: 1546240K Free: 763852K (49%)
----------------- Invoking toplevel() on ptolemy.moml.MoMLSimpleApplication@4cfed06b
----------------- Done invoking toplevel() on ptolemy.moml.MoMLSimpleApplication@4cfed06b
reloadAllAccessors: .PublisherTestSubscriber

===========================================================================================
----------------- testing Wed Feb 27 20:42:45 UTC 2019 /home/travis/build/icyphy/ptII/ptolemy/actor/lib/test/auto/PublisherToplevelSubscriberPortAOC.xml
----------------- Instantiating /home/travis/build/icyphy/ptII/ptolemy/actor/lib/test/auto/PublisherToplevelSubscriberPortAOC.xml
1 ms. Memory: 1546240K Free: 749388K (48%)
----------------- Invoking toplevel() on ptolemy.moml.MoMLSimpleApplication@330a1cbd
----------------- Done invoking toplevel() on ptolemy.moml.MoMLSimpleApplication@330a1cbd
reloadAllAccessors: .PublisherToplevelSubscriberPortAOC

===========================================================================================
----------------- testing Wed Feb 27 20:42:45 UTC 2019 /home/travis/build/icyphy/ptII/ptolemy/actor/lib/test/auto/PulseFiringLimitDE.xml
----------------- Instantiating /home/travis/build/icyphy/ptII/ptolemy/actor/lib/test/auto/PulseFiringLimitDE.xml
2 ms. Memory: 1546240K Free: 728184K (47%)
----------------- Invoking toplevel() on ptolemy.moml.MoMLSimpleApplication@7bfcec7a
----------------- Done invoking toplevel() on ptolemy.moml.MoMLSimpleApplication@7bfcec7a
reloadAllAccessors: .PulseFiringLimitDE

===========================================================================================
----------------- testing Wed Feb 27 20:42:45 UTC 2019 /home/travis/build/icyphy/ptII/ptolemy/actor/lib/test/auto/Ramp1.xml
----------------- Instantiating /home/travis/build/icyphy/ptII/ptolemy/actor/lib/test/auto/Ramp1.xml
1 ms. Memory: 1546240K Free: 713720K (46%)
----------------- Invoking toplevel() on ptolemy.moml.MoMLSimpleApplication@fe0b650
----------------- Done invoking toplevel() on ptolemy.moml.MoMLSimpleApplication@fe0b650
reloadAllAccessors: .Ramp1

===========================================================================================
----------------- testing Wed Feb 27 20:42:45 UTC 2019 /home/travis/build/icyphy/ptII/ptolemy/actor/lib/test/auto/RampFiringLimitDE.xml
----------------- Instantiating /home/travis/build/icyphy/ptII/ptolemy/actor/lib/test/auto/RampFiringLimitDE.xml
2 ms. Memory: 1546240K Free: 699256K (45%)
----------------- Invoking toplevel() on ptolemy.moml.MoMLSimpleApplication@21542d18
----------------- Done invoking toplevel() on ptolemy.moml.MoMLSimpleApplication@21542d18
reloadAllAccessors: .RampFiringLimitDE

===========================================================================================
----------------- testing Wed Feb 27 20:42:45 UTC 2019 /home/travis/build/icyphy/ptII/ptolemy/actor/lib/test/auto/RampFiringLimitSDF.xml
----------------- Instantiating /home/travis/build/icyphy/ptII/ptolemy/actor/lib/test/auto/RampFiringLimitSDF.xml
3 ms. Memory: 1546240K Free: 678052K (44%)
----------------- Invoking toplevel() on ptolemy.moml.MoMLSimpleApplication@7fe73185
----------------- Done invoking toplevel() on ptolemy.moml.MoMLSimpleApplication@7fe73185
reloadAllAccessors: .RampFiringLimitSDF

===========================================================================================
----------------- testing Wed Feb 27 20:42:45 UTC 2019 /home/travis/build/icyphy/ptII/ptolemy/actor/lib/test/auto/RandomInteger.xml
----------------- Instantiating /home/travis/build/icyphy/ptII/ptolemy/actor/lib/test/auto/RandomInteger.xml
1 ms. Memory: 1546240K Free: 663588K (43%)
----------------- Invoking toplevel() on ptolemy.moml.MoMLSimpleApplication@2a9d4465
----------------- Done invoking toplevel() on ptolemy.moml.MoMLSimpleApplication@2a9d4465
reloadAllAccessors: .RandomInteger

===========================================================================================
----------------- testing Wed Feb 27 20:42:45 UTC 2019 /home/travis/build/icyphy/ptII/ptolemy/actor/lib/test/auto/ReadFile1.xml
----------------- Instantiating /home/travis/build/icyphy/ptII/ptolemy/actor/lib/test/auto/ReadFile1.xml
1 ms. Memory: 1546240K Free: 649124K (42%)
----------------- Invoking toplevel() on ptolemy.moml.MoMLSimpleApplication@2c45bdf0
----------------- Done invoking toplevel() on ptolemy.moml.MoMLSimpleApplication@2c45bdf0
reloadAllAccessors: .ReadFile1

===========================================================================================
----------------- testing Wed Feb 27 20:42:45 UTC 2019 /home/travis/build/icyphy/ptII/ptolemy/actor/lib/test/auto/ReadFile2.xml
----------------- Instantiating /home/travis/build/icyphy/ptII/ptolemy/actor/lib/test/auto/ReadFile2.xml
1 ms. Memory: 1546240K Free: 627920K (41%)
----------------- Invoking toplevel() on ptolemy.moml.MoMLSimpleApplication@7b9f04e0
----------------- Done invoking toplevel() on ptolemy.moml.MoMLSimpleApplication@7b9f04e0
reloadAllAccessors: .ReadFile2

===========================================================================================
----------------- testing Wed Feb 27 20:42:45 UTC 2019 /home/travis/build/icyphy/ptII/ptolemy/actor/lib/test/auto/Reader.xml
----------------- Instantiating /home/travis/build/icyphy/ptII/ptolemy/actor/lib/test/auto/Reader.xml
actor.lib.Reader is obsolete, use actor.lib.io.ExpressionReader instead
1 ms. Memory: 1546240K Free: 613456K (40%)
----------------- Invoking toplevel() on ptolemy.moml.MoMLSimpleApplication@2412350e
----------------- Done invoking toplevel() on ptolemy.moml.MoMLSimpleApplication@2412350e
reloadAllAccessors: .Reader

===========================================================================================
----------------- testing Wed Feb 27 20:42:45 UTC 2019 /home/travis/build/icyphy/ptII/ptolemy/actor/lib/test/auto/RecordAssemblerDisplayNameTest.xml
----------------- Instantiating /home/travis/build/icyphy/ptII/ptolemy/actor/lib/test/auto/RecordAssemblerDisplayNameTest.xml
3215 ms. Memory: 1578496K Free: 819331K (52%)
----------------- Invoking toplevel() on ptolemy.moml.MoMLSimpleApplication@7ff07165
----------------- Done invoking toplevel() on ptolemy.moml.MoMLSimpleApplication@7ff07165
reloadAllAccessors: .RecordAssemblerDisplayNameTest

===========================================================================================
----------------- testing Wed Feb 27 20:42:48 UTC 2019 /home/travis/build/icyphy/ptII/ptolemy/actor/lib/test/auto/RecordAssemblerTypeError.xml
----------------- Instantiating /home/travis/build/icyphy/ptII/ptolemy/actor/lib/test/auto/RecordAssemblerTypeError.xml
6 ms. Memory: 1578496K Free: 788468K (50%)
----------------- Invoking toplevel() on ptolemy.moml.MoMLSimpleApplication@b4c6b01
----------------- Done invoking toplevel() on ptolemy.moml.MoMLSimpleApplication@b4c6b01
reloadAllAccessors: .RecordAssemblerTypeError

===========================================================================================
----------------- testing Wed Feb 27 20:42:48 UTC 2019 /home/travis/build/icyphy/ptII/ptolemy/actor/lib/test/auto/RecordDisassember.xml
----------------- Instantiating /home/travis/build/icyphy/ptII/ptolemy/actor/lib/test/auto/RecordDisassember.xml
3 ms. Memory: 1578496K Free: 773855K (49%)
----------------- Invoking toplevel() on ptolemy.moml.MoMLSimpleApplication@65b593ab
----------------- Done invoking toplevel() on ptolemy.moml.MoMLSimpleApplication@65b593ab
reloadAllAccessors: .RecordDisassember

===========================================================================================
----------------- testing Wed Feb 27 20:42:48 UTC 2019 /home/travis/build/icyphy/ptII/ptolemy/actor/lib/test/auto/RecordDisassemberDisplayNameTest.xml
----------------- Instantiating /home/travis/build/icyphy/ptII/ptolemy/actor/lib/test/auto/RecordDisassemberDisplayNameTest.xml
5 ms. Memory: 1578496K Free: 754022K (48%)
----------------- Invoking toplevel() on ptolemy.moml.MoMLSimpleApplication@343ced34
----------------- Done invoking toplevel() on ptolemy.moml.MoMLSimpleApplication@343ced34
reloadAllAccessors: .RecordDisassemberDisplayNameTest

===========================================================================================
----------------- testing Wed Feb 27 20:42:48 UTC 2019 /home/travis/build/icyphy/ptII/ptolemy/actor/lib/test/auto/RecordDisassembler.xml
----------------- Instantiating /home/travis/build/icyphy/ptII/ptolemy/actor/lib/test/auto/RecordDisassembler.xml
3 ms. Memory: 1578496K Free: 739409K (47%)
----------------- Invoking toplevel() on ptolemy.moml.MoMLSimpleApplication@1369cf05
----------------- Done invoking toplevel() on ptolemy.moml.MoMLSimpleApplication@1369cf05
reloadAllAccessors: .RecordDisassembler

===========================================================================================
----------------- testing Wed Feb 27 20:42:48 UTC 2019 /home/travis/build/icyphy/ptII/ptolemy/actor/lib/test/auto/RecordDisassembler2.xml
----------------- Instantiating /home/travis/build/icyphy/ptII/ptolemy/actor/lib/test/auto/RecordDisassembler2.xml
3 ms. Memory: 1578496K Free: 719575K (46%)
----------------- Invoking toplevel() on ptolemy.moml.MoMLSimpleApplication@681188bc
----------------- Done invoking toplevel() on ptolemy.moml.MoMLSimpleApplication@681188bc
reloadAllAccessors: .RecordDisassembler2

===========================================================================================
----------------- testing Wed Feb 27 20:42:48 UTC 2019 /home/travis/build/icyphy/ptII/ptolemy/actor/lib/test/auto/RecordUpdater.xml
----------------- Instantiating /home/travis/build/icyphy/ptII/ptolemy/actor/lib/test/auto/RecordUpdater.xml
2 ms. Memory: 1578496K Free: 704963K (45%)
----------------- Invoking toplevel() on ptolemy.moml.MoMLSimpleApplication@66ec6f25
----------------- Done invoking toplevel() on ptolemy.moml.MoMLSimpleApplication@66ec6f25
reloadAllAccessors: .RecordUpdater

===========================================================================================
----------------- testing Wed Feb 27 20:42:48 UTC 2019 /home/travis/build/icyphy/ptII/ptolemy/actor/lib/test/auto/RecordUpdater2.xml
----------------- Instantiating /home/travis/build/icyphy/ptII/ptolemy/actor/lib/test/auto/RecordUpdater2.xml
1 ms. Memory: 1578496K Free: 685129K (43%)
----------------- Invoking toplevel() on ptolemy.moml.MoMLSimpleApplication@5ad2e97f
----------------- Done invoking toplevel() on ptolemy.moml.MoMLSimpleApplication@5ad2e97f
reloadAllAccessors: .RecordUpdater2

===========================================================================================
----------------- testing Wed Feb 27 20:42:48 UTC 2019 /home/travis/build/icyphy/ptII/ptolemy/actor/lib/test/auto/RecursiveLattice.xml
----------------- Instantiating /home/travis/build/icyphy/ptII/ptolemy/actor/lib/test/auto/RecursiveLattice.xml
4 ms. Memory: 1578496K Free: 670516K (42%)
----------------- Invoking toplevel() on ptolemy.moml.MoMLSimpleApplication@5554207
----------------- Done invoking toplevel() on ptolemy.moml.MoMLSimpleApplication@5554207
reloadAllAccessors: .RecursiveLattice

===========================================================================================
----------------- testing Wed Feb 27 20:42:48 UTC 2019 /home/travis/build/icyphy/ptII/ptolemy/actor/lib/test/auto/Router.xml
----------------- Instantiating /home/travis/build/icyphy/ptII/ptolemy/actor/lib/test/auto/Router.xml
3004 ms. Memory: 1578496K Free: 650683K (41%)
----------------- Invoking toplevel() on ptolemy.moml.MoMLSimpleApplication@4ef8f8c5
----------------- Done invoking toplevel() on ptolemy.moml.MoMLSimpleApplication@4ef8f8c5
reloadAllAccessors: .Router

===========================================================================================
----------------- testing Wed Feb 27 20:42:51 UTC 2019 /home/travis/build/icyphy/ptII/ptolemy/actor/lib/test/auto/Router2.xml
----------------- Instantiating /home/travis/build/icyphy/ptII/ptolemy/actor/lib/test/auto/Router2.xml
3003 ms. Memory: 1578496K Free: 636070K (40%)
----------------- Invoking toplevel() on ptolemy.moml.MoMLSimpleApplication@400e717
----------------- Done invoking toplevel() on ptolemy.moml.MoMLSimpleApplication@400e717
reloadAllAccessors: .Router2

===========================================================================================
----------------- testing Wed Feb 27 20:42:54 UTC 2019 /home/travis/build/icyphy/ptII/ptolemy/actor/lib/test/auto/RunningMaximum.xml
----------------- Instantiating /home/travis/build/icyphy/ptII/ptolemy/actor/lib/test/auto/RunningMaximum.xml
2 ms. Memory: 1578496K Free: 616236K (39%)
----------------- Invoking toplevel() on ptolemy.moml.MoMLSimpleApplication@231a0d8b
----------------- Done invoking toplevel() on ptolemy.moml.MoMLSimpleApplication@231a0d8b
reloadAllAccessors: .RunningMaximum

===========================================================================================
----------------- testing Wed Feb 27 20:42:54 UTC 2019 /home/travis/build/icyphy/ptII/ptolemy/actor/lib/test/auto/RunningMinimum.xml
----------------- Instantiating /home/travis/build/icyphy/ptII/ptolemy/actor/lib/test/auto/RunningMinimum.xml
2 ms. Memory: 1578496K Free: 601624K (38%)
----------------- Invoking toplevel() on ptolemy.moml.MoMLSimpleApplication@5bf64aab
----------------- Done invoking toplevel() on ptolemy.moml.MoMLSimpleApplication@5bf64aab
reloadAllAccessors: .RunningMinimum

===========================================================================================
----------------- testing Wed Feb 27 20:42:54 UTC 2019 /home/travis/build/icyphy/ptII/ptolemy/actor/lib/test/auto/Scale.xml
----------------- Instantiating /home/travis/build/icyphy/ptII/ptolemy/actor/lib/test/auto/Scale.xml
1 ms. Memory: 1578496K Free: 581790K (37%)
----------------- Invoking toplevel() on ptolemy.moml.MoMLSimpleApplication@4773ec73
----------------- Done invoking toplevel() on ptolemy.moml.MoMLSimpleApplication@4773ec73
reloadAllAccessors: .Scale

===========================================================================================
----------------- testing Wed Feb 27 20:42:54 UTC 2019 /home/travis/build/icyphy/ptII/ptolemy/actor/lib/test/auto/Scale2.xml
----------------- Instantiating /home/travis/build/icyphy/ptII/ptolemy/actor/lib/test/auto/Scale2.xml
2 ms. Memory: 1578496K Free: 567177K (36%)
----------------- Invoking toplevel() on ptolemy.moml.MoMLSimpleApplication@75e4553d
----------------- Done invoking toplevel() on ptolemy.moml.MoMLSimpleApplication@75e4553d
reloadAllAccessors: .Scale2

===========================================================================================
----------------- testing Wed Feb 27 20:42:54 UTC 2019 /home/travis/build/icyphy/ptII/ptolemy/actor/lib/test/auto/Scale3.xml
----------------- Instantiating /home/travis/build/icyphy/ptII/ptolemy/actor/lib/test/auto/Scale3.xml
3 ms. Memory: 1578496K Free: 547343K (35%)
----------------- Invoking toplevel() on ptolemy.moml.MoMLSimpleApplication@486484d6
----------------- Done invoking toplevel() on ptolemy.moml.MoMLSimpleApplication@486484d6
reloadAllAccessors: .Scale3

===========================================================================================
----------------- testing Wed Feb 27 20:42:54 UTC 2019 /home/travis/build/icyphy/ptII/ptolemy/actor/lib/test/auto/ScaleArray.xml
----------------- Instantiating /home/travis/build/icyphy/ptII/ptolemy/actor/lib/test/auto/ScaleArray.xml
1 ms. Memory: 1578496K Free: 532731K (34%)
----------------- Invoking toplevel() on ptolemy.moml.MoMLSimpleApplication@52144c68
----------------- Done invoking toplevel() on ptolemy.moml.MoMLSimpleApplication@52144c68
reloadAllAccessors: .ScaleArray

===========================================================================================
----------------- testing Wed Feb 27 20:42:54 UTC 2019 /home/travis/build/icyphy/ptII/ptolemy/actor/lib/test/auto/ScaleArray2.xml
----------------- Instantiating /home/travis/build/icyphy/ptII/ptolemy/actor/lib/test/auto/ScaleArray2.xml
1 ms. Memory: 1578496K Free: 512897K (32%)
----------------- Invoking toplevel() on ptolemy.moml.MoMLSimpleApplication@405f2efa
----------------- Done invoking toplevel() on ptolemy.moml.MoMLSimpleApplication@405f2efa
reloadAllAccessors: .ScaleArray2

===========================================================================================
----------------- testing Wed Feb 27 20:42:54 UTC 2019 /home/travis/build/icyphy/ptII/ptolemy/actor/lib/test/auto/ScaleMatrix.xml
----------------- Instantiating /home/travis/build/icyphy/ptII/ptolemy/actor/lib/test/auto/ScaleMatrix.xml
113 ms. Memory: 1578496K Free: 490978K (31%)
----------------- Invoking toplevel() on ptolemy.moml.MoMLSimpleApplication@3797be20
----------------- Done invoking toplevel() on ptolemy.moml.MoMLSimpleApplication@3797be20
reloadAllAccessors: .ScaleMatrix

===========================================================================================
----------------- testing Wed Feb 27 20:42:54 UTC 2019 /home/travis/build/icyphy/ptII/ptolemy/actor/lib/test/auto/Select.xml
----------------- Instantiating /home/travis/build/icyphy/ptII/ptolemy/actor/lib/test/auto/Select.xml
2 ms. Memory: 1578496K Free: 476366K (30%)
----------------- Invoking toplevel() on ptolemy.moml.MoMLSimpleApplication@3fc89726
----------------- Done invoking toplevel() on ptolemy.moml.MoMLSimpleApplication@3fc89726
reloadAllAccessors: .Select

===========================================================================================
----------------- testing Wed Feb 27 20:42:54 UTC 2019 /home/travis/build/icyphy/ptII/ptolemy/actor/lib/test/auto/Select2.xml
----------------- Instantiating /home/travis/build/icyphy/ptII/ptolemy/actor/lib/test/auto/Select2.xml
1 ms. Memory: 1578496K Free: 456532K (29%)
----------------- Invoking toplevel() on ptolemy.moml.MoMLSimpleApplication@1f2a2506
----------------- Done invoking toplevel() on ptolemy.moml.MoMLSimpleApplication@1f2a2506
reloadAllAccessors: .Select2

===========================================================================================
----------------- testing Wed Feb 27 20:42:54 UTC 2019 /home/travis/build/icyphy/ptII/ptolemy/actor/lib/test/auto/SequenceToArray2.xml
----------------- Instantiating /home/travis/build/icyphy/ptII/ptolemy/actor/lib/test/auto/SequenceToArray2.xml
75 ms. Memory: 1578496K Free: 368841K (23%)
----------------- Invoking toplevel() on ptolemy.moml.MoMLSimpleApplication@4d68b4bc
----------------- Done invoking toplevel() on ptolemy.moml.MoMLSimpleApplication@4d68b4bc
reloadAllAccessors: .SequenceToArray2

===========================================================================================
----------------- testing Wed Feb 27 20:42:55 UTC 2019 /home/travis/build/icyphy/ptII/ptolemy/actor/lib/test/auto/SequentialClock.xml
----------------- Instantiating /home/travis/build/icyphy/ptII/ptolemy/actor/lib/test/auto/SequentialClock.xml
1 ms. Memory: 1578496K Free: 349007K (22%)
----------------- Invoking toplevel() on ptolemy.moml.MoMLSimpleApplication@1453c5a8
----------------- Done invoking toplevel() on ptolemy.moml.MoMLSimpleApplication@1453c5a8
reloadAllAccessors: .SequentialClock

===========================================================================================
----------------- testing Wed Feb 27 20:42:55 UTC 2019 /home/travis/build/icyphy/ptII/ptolemy/actor/lib/test/auto/SetVariable.xml
----------------- Instantiating /home/travis/build/icyphy/ptII/ptolemy/actor/lib/test/auto/SetVariable.xml
4 ms. Memory: 1578496K Free: 334395K (21%)
----------------- Invoking toplevel() on ptolemy.moml.MoMLSimpleApplication@1c4135e8
----------------- Done invoking toplevel() on ptolemy.moml.MoMLSimpleApplication@1c4135e8
reloadAllAccessors: .SetVariable

===========================================================================================
----------------- testing Wed Feb 27 20:42:55 UTC 2019 /home/travis/build/icyphy/ptII/ptolemy/actor/lib/test/auto/SetVariable2.xml
----------------- Instantiating /home/travis/build/icyphy/ptII/ptolemy/actor/lib/test/auto/SetVariable2.xml
3 ms. Memory: 1578496K Free: 314561K (20%)
----------------- Invoking toplevel() on ptolemy.moml.MoMLSimpleApplication@1745dd08
----------------- Done invoking toplevel() on ptolemy.moml.MoMLSimpleApplication@1745dd08
reloadAllAccessors: .SetVariable2

===========================================================================================
----------------- testing Wed Feb 27 20:42:55 UTC 2019 /home/travis/build/icyphy/ptII/ptolemy/actor/lib/test/auto/SetVariable3.xml
----------------- Instantiating /home/travis/build/icyphy/ptII/ptolemy/actor/lib/test/auto/SetVariable3.xml
4 ms. Memory: 1578496K Free: 299948K (19%)
----------------- Invoking toplevel() on ptolemy.moml.MoMLSimpleApplication@7bbf710f
----------------- Done invoking toplevel() on ptolemy.moml.MoMLSimpleApplication@7bbf710f
reloadAllAccessors: .SetVariable3

===========================================================================================
----------------- testing Wed Feb 27 20:42:55 UTC 2019 /home/travis/build/icyphy/ptII/ptolemy/actor/lib/test/auto/SetVariable4.xml
----------------- Instantiating /home/travis/build/icyphy/ptII/ptolemy/actor/lib/test/auto/SetVariable4.xml
13 ms. Memory: 1578496K Free: 228971K (15%)
----------------- Invoking toplevel() on ptolemy.moml.MoMLSimpleApplication@6bad553a
----------------- Done invoking toplevel() on ptolemy.moml.MoMLSimpleApplication@6bad553a
reloadAllAccessors: .SetVariable4

===========================================================================================
----------------- testing Wed Feb 27 20:42:55 UTC 2019 /home/travis/build/icyphy/ptII/ptolemy/actor/lib/test/auto/SetVariable5.xml
----------------- Instantiating /home/travis/build/icyphy/ptII/ptolemy/actor/lib/test/auto/SetVariable5.xml
18 ms. Memory: 1578496K Free: 214358K (14%)
----------------- Invoking toplevel() on ptolemy.moml.MoMLSimpleApplication@651ad470
----------------- Done invoking toplevel() on ptolemy.moml.MoMLSimpleApplication@651ad470
reloadAllAccessors: .SetVariable5

===========================================================================================
----------------- testing Wed Feb 27 20:42:55 UTC 2019 /home/travis/build/icyphy/ptII/ptolemy/actor/lib/test/auto/Sinewave.xml
----------------- Instantiating /home/travis/build/icyphy/ptII/ptolemy/actor/lib/test/auto/Sinewave.xml
4 ms. Memory: 1578496K Free: 187202K (12%)
----------------- Invoking toplevel() on ptolemy.moml.MoMLSimpleApplication@4c89490a
----------------- Done invoking toplevel() on ptolemy.moml.MoMLSimpleApplication@4c89490a
reloadAllAccessors: .Sinewave

===========================================================================================
----------------- testing Wed Feb 27 20:42:55 UTC 2019 /home/travis/build/icyphy/ptII/ptolemy/actor/lib/test/auto/Sinewave2.xml
----------------- Instantiating /home/travis/build/icyphy/ptII/ptolemy/actor/lib/test/auto/Sinewave2.xml
5 ms. Memory: 1578496K Free: 172590K (11%)
----------------- Invoking toplevel() on ptolemy.moml.MoMLSimpleApplication@468669fc
----------------- Done invoking toplevel() on ptolemy.moml.MoMLSimpleApplication@468669fc
reloadAllAccessors: .Sinewave2

===========================================================================================
----------------- testing Wed Feb 27 20:42:55 UTC 2019 /home/travis/build/icyphy/ptII/ptolemy/actor/lib/test/auto/Sinewave3.xml
----------------- Instantiating /home/travis/build/icyphy/ptII/ptolemy/actor/lib/test/auto/Sinewave3.xml
5 ms. Memory: 1578496K Free: 152756K (10%)
----------------- Invoking toplevel() on ptolemy.moml.MoMLSimpleApplication@4ec0abd2
----------------- Done invoking toplevel() on ptolemy.moml.MoMLSimpleApplication@4ec0abd2
reloadAllAccessors: .Sinewave3

===========================================================================================
----------------- testing Wed Feb 27 20:42:55 UTC 2019 /home/travis/build/icyphy/ptII/ptolemy/actor/lib/test/auto/SingleEvent.xml
----------------- Instantiating /home/travis/build/icyphy/ptII/ptolemy/actor/lib/test/auto/SingleEvent.xml
1 ms. Memory: 1578496K Free: 138143K (9%)
----------------- Invoking toplevel() on ptolemy.moml.MoMLSimpleApplication@57f9ba3e
----------------- Done invoking toplevel() on ptolemy.moml.MoMLSimpleApplication@57f9ba3e
reloadAllAccessors: .SingleEvent

===========================================================================================
----------------- testing Wed Feb 27 20:42:55 UTC 2019 /home/travis/build/icyphy/ptII/ptolemy/actor/lib/test/auto/Sleep.xml
----------------- Instantiating /home/travis/build/icyphy/ptII/ptolemy/actor/lib/test/auto/Sleep.xml
6003 ms. Memory: 1578496K Free: 118309K (7%)
----------------- Invoking toplevel() on ptolemy.moml.MoMLSimpleApplication@5c722230
----------------- Done invoking toplevel() on ptolemy.moml.MoMLSimpleApplication@5c722230
reloadAllAccessors: .Sleep

===========================================================================================
----------------- testing Wed Feb 27 20:43:01 UTC 2019 /home/travis/build/icyphy/ptII/ptolemy/actor/lib/test/auto/SleepMultipleFire.xml
----------------- Instantiating /home/travis/build/icyphy/ptII/ptolemy/actor/lib/test/auto/SleepMultipleFire.xml
1005 ms. Memory: 1578496K Free: 103697K (7%)
----------------- Invoking toplevel() on ptolemy.moml.MoMLSimpleApplication@44a0476d
----------------- Done invoking toplevel() on ptolemy.moml.MoMLSimpleApplication@44a0476d
reloadAllAccessors: .SleepMultipleFire

===========================================================================================
----------------- testing Wed Feb 27 20:43:02 UTC 2019 /home/travis/build/icyphy/ptII/ptolemy/actor/lib/test/auto/StopDE.xml
----------------- Instantiating /home/travis/build/icyphy/ptII/ptolemy/actor/lib/test/auto/StopDE.xml
3 ms. Memory: 1578496K Free: 83863K (5%)
----------------- Invoking toplevel() on ptolemy.moml.MoMLSimpleApplication@3c40b138
----------------- Done invoking toplevel() on ptolemy.moml.MoMLSimpleApplication@3c40b138
reloadAllAccessors: .StopDE

===========================================================================================
----------------- testing Wed Feb 27 20:43:02 UTC 2019 /home/travis/build/icyphy/ptII/ptolemy/actor/lib/test/auto/StopSDF.xml
----------------- Instantiating /home/travis/build/icyphy/ptII/ptolemy/actor/lib/test/auto/StopSDF.xml
8 ms. Memory: 1720320K Free: 1673140K (97%)
----------------- Invoking toplevel() on ptolemy.moml.MoMLSimpleApplication@b24cceb
----------------- Done invoking toplevel() on ptolemy.moml.MoMLSimpleApplication@b24cceb
reloadAllAccessors: .StopSDF

===========================================================================================
----------------- testing Wed Feb 27 20:43:02 UTC 2019 /home/travis/build/icyphy/ptII/ptolemy/actor/lib/test/auto/StringConstant.xml
----------------- Instantiating /home/travis/build/icyphy/ptII/ptolemy/actor/lib/test/auto/StringConstant.xml
1 ms. Memory: 1720320K Free: 1648430K (96%)
----------------- Invoking toplevel() on ptolemy.moml.MoMLSimpleApplication@3c83de1e
----------------- Done invoking toplevel() on ptolemy.moml.MoMLSimpleApplication@3c83de1e
reloadAllAccessors: .StringConstant

===========================================================================================
----------------- testing Wed Feb 27 20:43:02 UTC 2019 /home/travis/build/icyphy/ptII/ptolemy/actor/lib/test/auto/SubscriberPortInitialValues1.xml
----------------- Instantiating /home/travis/build/icyphy/ptII/ptolemy/actor/lib/test/auto/SubscriberPortInitialValues1.xml
5 ms. Memory: 1720320K Free: 1627770K (95%)
----------------- Invoking toplevel() on ptolemy.moml.MoMLSimpleApplication@7974c885
----------------- Done invoking toplevel() on ptolemy.moml.MoMLSimpleApplication@7974c885
reloadAllAccessors: .SubscriberPortInitialValues1

===========================================================================================
----------------- testing Wed Feb 27 20:43:02 UTC 2019 /home/travis/build/icyphy/ptII/ptolemy/actor/lib/test/auto/SubscriberPortInitialValues13.xml
----------------- Instantiating /home/travis/build/icyphy/ptII/ptolemy/actor/lib/test/auto/SubscriberPortInitialValues13.xml
4 ms. Memory: 1720320K Free: 1603470K (93%)
----------------- Invoking toplevel() on ptolemy.moml.MoMLSimpleApplication@38ed8d0a
----------------- Done invoking toplevel() on ptolemy.moml.MoMLSimpleApplication@38ed8d0a
reloadAllAccessors: .SubscriberPortInitialValues13

===========================================================================================
----------------- testing Wed Feb 27 20:43:02 UTC 2019 /home/travis/build/icyphy/ptII/ptolemy/actor/lib/test/auto/SubscriberPortInitialValues14.xml
----------------- Instantiating /home/travis/build/icyphy/ptII/ptolemy/actor/lib/test/auto/SubscriberPortInitialValues14.xml
6 ms. Memory: 1720320K Free: 1582811K (92%)
----------------- Invoking toplevel() on ptolemy.moml.MoMLSimpleApplication@5a4616c2
----------------- Done invoking toplevel() on ptolemy.moml.MoMLSimpleApplication@5a4616c2
reloadAllAccessors: .SubscriberPortInitialValues14

===========================================================================================
----------------- testing Wed Feb 27 20:43:02 UTC 2019 /home/travis/build/icyphy/ptII/ptolemy/actor/lib/test/auto/SubscriberPortInitialValues2.xml
----------------- Instantiating /home/travis/build/icyphy/ptII/ptolemy/actor/lib/test/auto/SubscriberPortInitialValues2.xml
4 ms. Memory: 1720320K Free: 1566611K (91%)
----------------- Invoking toplevel() on ptolemy.moml.MoMLSimpleApplication@389863ac
----------------- Done invoking toplevel() on ptolemy.moml.MoMLSimpleApplication@389863ac
reloadAllAccessors: .SubscriberPortInitialValues2

===========================================================================================
----------------- testing Wed Feb 27 20:43:02 UTC 2019 /home/travis/build/icyphy/ptII/ptolemy/actor/lib/test/auto/SubscriberPortInitialValues3.xml
----------------- Instantiating /home/travis/build/icyphy/ptII/ptolemy/actor/lib/test/auto/SubscriberPortInitialValues3.xml
4 ms. Memory: 1720320K Free: 1545951K (90%)
----------------- Invoking toplevel() on ptolemy.moml.MoMLSimpleApplication@1e666a6d
----------------- Done invoking toplevel() on ptolemy.moml.MoMLSimpleApplication@1e666a6d
reloadAllAccessors: .SubscriberPortInitialValues3

===========================================================================================
----------------- testing Wed Feb 27 20:43:02 UTC 2019 /home/travis/build/icyphy/ptII/ptolemy/actor/lib/test/auto/SubscriptionAggregator.xml
----------------- Instantiating /home/travis/build/icyphy/ptII/ptolemy/actor/lib/test/auto/SubscriptionAggregator.xml
3 ms. Memory: 1720320K Free: 1529751K (89%)
----------------- Invoking toplevel() on ptolemy.moml.MoMLSimpleApplication@25010b79
----------------- Done invoking toplevel() on ptolemy.moml.MoMLSimpleApplication@25010b79
reloadAllAccessors: .SubscriptionAggregator

===========================================================================================
----------------- testing Wed Feb 27 20:43:02 UTC 2019 /home/travis/build/icyphy/ptII/ptolemy/actor/lib/test/auto/SubscriptionAggregator2.xml
----------------- Instantiating /home/travis/build/icyphy/ptII/ptolemy/actor/lib/test/auto/SubscriptionAggregator2.xml
2 ms. Memory: 1720320K Free: 1509091K (88%)
----------------- Invoking toplevel() on ptolemy.moml.MoMLSimpleApplication@65b212e6
----------------- Done invoking toplevel() on ptolemy.moml.MoMLSimpleApplication@65b212e6
reloadAllAccessors: .SubscriptionAggregator2

===========================================================================================
----------------- testing Wed Feb 27 20:43:02 UTC 2019 /home/travis/build/icyphy/ptII/ptolemy/actor/lib/test/auto/SubscriptionAggregator3.xml
----------------- Instantiating /home/travis/build/icyphy/ptII/ptolemy/actor/lib/test/auto/SubscriptionAggregator3.xml
3 ms. Memory: 1720320K Free: 1488431K (87%)
----------------- Invoking toplevel() on ptolemy.moml.MoMLSimpleApplication@7c8108ce
----------------- Done invoking toplevel() on ptolemy.moml.MoMLSimpleApplication@7c8108ce
reloadAllAccessors: .SubscriptionAggregator3

===========================================================================================
----------------- testing Wed Feb 27 20:43:02 UTC 2019 /home/travis/build/icyphy/ptII/ptolemy/actor/lib/test/auto/SubscriptionAggregatorMultiply.xml
----------------- Instantiating /home/travis/build/icyphy/ptII/ptolemy/actor/lib/test/auto/SubscriptionAggregatorMultiply.xml
4 ms. Memory: 1720320K Free: 1472232K (86%)
----------------- Invoking toplevel() on ptolemy.moml.MoMLSimpleApplication@14f521a5
----------------- Done invoking toplevel() on ptolemy.moml.MoMLSimpleApplication@14f521a5
reloadAllAccessors: .SubscriptionAggregatorMultiply

===========================================================================================
----------------- testing Wed Feb 27 20:43:02 UTC 2019 /home/travis/build/icyphy/ptII/ptolemy/actor/lib/test/auto/SubscriptionAggregatorPortMultiply1.xml
----------------- Instantiating /home/travis/build/icyphy/ptII/ptolemy/actor/lib/test/auto/SubscriptionAggregatorPortMultiply1.xml
3 ms. Memory: 1720320K Free: 1451572K (84%)
----------------- Invoking toplevel() on ptolemy.moml.MoMLSimpleApplication@6309e5d2
----------------- Done invoking toplevel() on ptolemy.moml.MoMLSimpleApplication@6309e5d2
reloadAllAccessors: .SubscriptionAggregatorPortMultiply1

===========================================================================================
----------------- testing Wed Feb 27 20:43:02 UTC 2019 /home/travis/build/icyphy/ptII/ptolemy/actor/lib/test/auto/Switch.xml
----------------- Instantiating /home/travis/build/icyphy/ptII/ptolemy/actor/lib/test/auto/Switch.xml
4 ms. Memory: 1720320K Free: 1386773K (81%)
----------------- Invoking toplevel() on ptolemy.moml.MoMLSimpleApplication@6e330997
----------------- Done invoking toplevel() on ptolemy.moml.MoMLSimpleApplication@6e330997
reloadAllAccessors: .Switch

===========================================================================================
----------------- testing Wed Feb 27 20:43:02 UTC 2019 /home/travis/build/icyphy/ptII/ptolemy/actor/lib/test/auto/Switch2.xml
----------------- Instantiating /home/travis/build/icyphy/ptII/ptolemy/actor/lib/test/auto/Switch2.xml
1 ms. Memory: 1720320K Free: 1366074K (79%)
----------------- Invoking toplevel() on ptolemy.moml.MoMLSimpleApplication@49f68c95
----------------- Done invoking toplevel() on ptolemy.moml.MoMLSimpleApplication@49f68c95
reloadAllAccessors: .Switch2

===========================================================================================
----------------- testing Wed Feb 27 20:43:02 UTC 2019 /home/travis/build/icyphy/ptII/ptolemy/actor/lib/test/auto/SwitchDE.xml
----------------- Instantiating /home/travis/build/icyphy/ptII/ptolemy/actor/lib/test/auto/SwitchDE.xml
2 ms. Memory: 1720320K Free: 1349874K (78%)
----------------- Invoking toplevel() on ptolemy.moml.MoMLSimpleApplication@20a8dee0
----------------- Done invoking toplevel() on ptolemy.moml.MoMLSimpleApplication@20a8dee0
reloadAllAccessors: .SwitchDE

===========================================================================================
----------------- testing Wed Feb 27 20:43:02 UTC 2019 /home/travis/build/icyphy/ptII/ptolemy/actor/lib/test/auto/SynchronizerDE.xml
----------------- Instantiating /home/travis/build/icyphy/ptII/ptolemy/actor/lib/test/auto/SynchronizerDE.xml
4 ms. Memory: 1720320K Free: 1329214K (77%)
----------------- Invoking toplevel() on ptolemy.moml.MoMLSimpleApplication@66ba14a0
----------------- Done invoking toplevel() on ptolemy.moml.MoMLSimpleApplication@66ba14a0
reloadAllAccessors: .SynchronizerDE

===========================================================================================
----------------- testing Wed Feb 27 20:43:02 UTC 2019 /home/travis/build/icyphy/ptII/ptolemy/actor/lib/test/auto/Test.xml
----------------- Instantiating /home/travis/build/icyphy/ptII/ptolemy/actor/lib/test/auto/Test.xml
2 ms. Memory: 1720320K Free: 1313014K (76%)
----------------- Invoking toplevel() on ptolemy.moml.MoMLSimpleApplication@2ea88287
----------------- Done invoking toplevel() on ptolemy.moml.MoMLSimpleApplication@2ea88287
reloadAllAccessors: .Test

===========================================================================================
----------------- testing Wed Feb 27 20:43:02 UTC 2019 /home/travis/build/icyphy/ptII/ptolemy/actor/lib/test/auto/TestExceptionAttribute1.xml
----------------- Instantiating /home/travis/build/icyphy/ptII/ptolemy/actor/lib/test/auto/TestExceptionAttribute1.xml
1 ms. Memory: 1720320K Free: 1292355K (75%)
----------------- Invoking toplevel() on ptolemy.moml.MoMLSimpleApplication@70bffc01
----------------- Done invoking toplevel() on ptolemy.moml.MoMLSimpleApplication@70bffc01
reloadAllAccessors: .TestExceptionAttribute1

===========================================================================================
----------------- testing Wed Feb 27 20:43:02 UTC 2019 /home/travis/build/icyphy/ptII/ptolemy/actor/lib/test/auto/TestExceptionAttribute2.xml
----------------- Instantiating /home/travis/build/icyphy/ptII/ptolemy/actor/lib/test/auto/TestExceptionAttribute2.xml
1 ms. Memory: 1720320K Free: 1271695K (74%)
----------------- Invoking toplevel() on ptolemy.moml.MoMLSimpleApplication@2c49e218
----------------- Done invoking toplevel() on ptolemy.moml.MoMLSimpleApplication@2c49e218
reloadAllAccessors: .TestExceptionAttribute2

===========================================================================================
----------------- testing Wed Feb 27 20:43:02 UTC 2019 /home/travis/build/icyphy/ptII/ptolemy/actor/lib/test/auto/TestExceptionAttribute3.xml
----------------- Instantiating /home/travis/build/icyphy/ptII/ptolemy/actor/lib/test/auto/TestExceptionAttribute3.xml
.TestExceptionAttribute3.TestExceptionAttribute: initialize() was not invoked, but wrapup() was.  This is unusual, but not always a problem.  For example, exporting JNLP will do this.
0 ms. Memory: 1720320K Free: 1255495K (73%)
----------------- Invoking toplevel() on ptolemy.moml.MoMLSimpleApplication@6b119047
----------------- Done invoking toplevel() on ptolemy.moml.MoMLSimpleApplication@6b119047
reloadAllAccessors: .TestExceptionAttribute3

===========================================================================================
----------------- testing Wed Feb 27 20:43:02 UTC 2019 /home/travis/build/icyphy/ptII/ptolemy/actor/lib/test/auto/TestExceptionAttribute4.xml
----------------- Instantiating /home/travis/build/icyphy/ptII/ptolemy/actor/lib/test/auto/TestExceptionAttribute4.xml
.TestExceptionAttribute4.TestExceptionAttribute: initialize() was not invoked, but wrapup() was.  This is unusual, but not always a problem.  For example, exporting JNLP will do this.
.TestExceptionAttribute4.TestExceptionAttribute2: initialize() was not invoked, but wrapup() was.  This is unusual, but not always a problem.  For example, exporting JNLP will do this.
1 ms. Memory: 1720320K Free: 1234835K (72%)
----------------- Invoking toplevel() on ptolemy.moml.MoMLSimpleApplication@13b9513b
----------------- Done invoking toplevel() on ptolemy.moml.MoMLSimpleApplication@13b9513b
reloadAllAccessors: .TestExceptionAttribute4

===========================================================================================
----------------- testing Wed Feb 27 20:43:02 UTC 2019 /home/travis/build/icyphy/ptII/ptolemy/actor/lib/test/auto/TestExceptionHandler1.xml
----------------- Instantiating /home/travis/build/icyphy/ptII/ptolemy/actor/lib/test/auto/TestExceptionHandler1.xml
1 ms. Memory: 1720320K Free: 1218635K (71%)
----------------- Invoking toplevel() on ptolemy.moml.MoMLSimpleApplication@4503c8fc
----------------- Done invoking toplevel() on ptolemy.moml.MoMLSimpleApplication@4503c8fc
reloadAllAccessors: .TestExceptionHandler1

===========================================================================================
----------------- testing Wed Feb 27 20:43:02 UTC 2019 /home/travis/build/icyphy/ptII/ptolemy/actor/lib/test/auto/TestExceptionHandler2.xml
----------------- Instantiating /home/travis/build/icyphy/ptII/ptolemy/actor/lib/test/auto/TestExceptionHandler2.xml
1 ms. Memory: 1720320K Free: 1197975K (70%)
----------------- Invoking toplevel() on ptolemy.moml.MoMLSimpleApplication@6308c88a
----------------- Done invoking toplevel() on ptolemy.moml.MoMLSimpleApplication@6308c88a
reloadAllAccessors: .TestExceptionHandler2

===========================================================================================
----------------- testing Wed Feb 27 20:43:02 UTC 2019 /home/travis/build/icyphy/ptII/ptolemy/actor/lib/test/auto/TestExceptionHandler3.xml
----------------- Instantiating /home/travis/build/icyphy/ptII/ptolemy/actor/lib/test/auto/TestExceptionHandler3.xml
0 ms. Memory: 1720320K Free: 1181776K (69%)
----------------- Invoking toplevel() on ptolemy.moml.MoMLSimpleApplication@48b9c2b
----------------- Done invoking toplevel() on ptolemy.moml.MoMLSimpleApplication@48b9c2b
reloadAllAccessors: .TestExceptionHandler3

===========================================================================================
----------------- testing Wed Feb 27 20:43:02 UTC 2019 /home/travis/build/icyphy/ptII/ptolemy/actor/lib/test/auto/TestExceptionHandler4.xml
----------------- Instantiating /home/travis/build/icyphy/ptII/ptolemy/actor/lib/test/auto/TestExceptionHandler4.xml
1 ms. Memory: 1720320K Free: 1161116K (67%)
----------------- Invoking toplevel() on ptolemy.moml.MoMLSimpleApplication@6c8ab58b
----------------- Done invoking toplevel() on ptolemy.moml.MoMLSimpleApplication@6c8ab58b
reloadAllAccessors: .TestExceptionHandler4

===========================================================================================
----------------- testing Wed Feb 27 20:43:02 UTC 2019 /home/travis/build/icyphy/ptII/ptolemy/actor/lib/test/auto/TestRequireCorrectOrder.xml
----------------- Instantiating /home/travis/build/icyphy/ptII/ptolemy/actor/lib/test/auto/TestRequireCorrectOrder.xml
2 ms. Memory: 1720320K Free: 1144916K (67%)
----------------- Invoking toplevel() on ptolemy.moml.MoMLSimpleApplication@379ca5a9
----------------- Done invoking toplevel() on ptolemy.moml.MoMLSimpleApplication@379ca5a9
reloadAllAccessors: .TestRequireCorrectOrder

===========================================================================================
----------------- testing Wed Feb 27 20:43:02 UTC 2019 /home/travis/build/icyphy/ptII/ptolemy/actor/lib/test/auto/TestSimple.xml
----------------- Instantiating /home/travis/build/icyphy/ptII/ptolemy/actor/lib/test/auto/TestSimple.xml
1 ms. Memory: 1720320K Free: 1124256K (65%)
----------------- Invoking toplevel() on ptolemy.moml.MoMLSimpleApplication@7d90fc56
----------------- Done invoking toplevel() on ptolemy.moml.MoMLSimpleApplication@7d90fc56
reloadAllAccessors: .TestSimple

===========================================================================================
----------------- testing Wed Feb 27 20:43:02 UTC 2019 /home/travis/build/icyphy/ptII/ptolemy/actor/lib/test/auto/ThrowModelError.xml
----------------- Instantiating /home/travis/build/icyphy/ptII/ptolemy/actor/lib/test/auto/ThrowModelError.xml
2 ms. Memory: 1720320K Free: 1103596K (64%)
----------------- Invoking toplevel() on ptolemy.moml.MoMLSimpleApplication@47cdbdcf
----------------- Done invoking toplevel() on ptolemy.moml.MoMLSimpleApplication@47cdbdcf
reloadAllAccessors: .ThrowModelError

===========================================================================================
----------------- testing Wed Feb 27 20:43:02 UTC 2019 /home/travis/build/icyphy/ptII/ptolemy/actor/lib/test/auto/TimeDelayMicrosteps.xml
----------------- Instantiating /home/travis/build/icyphy/ptII/ptolemy/actor/lib/test/auto/TimeDelayMicrosteps.xml
3 ms. Memory: 1720320K Free: 1087397K (63%)
----------------- Invoking toplevel() on ptolemy.moml.MoMLSimpleApplication@36296255
----------------- Done invoking toplevel() on ptolemy.moml.MoMLSimpleApplication@36296255
reloadAllAccessors: .TimeDelayMicrosteps

===========================================================================================
----------------- testing Wed Feb 27 20:43:02 UTC 2019 /home/travis/build/icyphy/ptII/ptolemy/actor/lib/test/auto/TimeDelayMicrosteps2.xml
----------------- Instantiating /home/travis/build/icyphy/ptII/ptolemy/actor/lib/test/auto/TimeDelayMicrosteps2.xml
3 ms. Memory: 1720320K Free: 1066737K (62%)
----------------- Invoking toplevel() on ptolemy.moml.MoMLSimpleApplication@2178a2bd
----------------- Done invoking toplevel() on ptolemy.moml.MoMLSimpleApplication@2178a2bd
reloadAllAccessors: .TimeDelayMicrosteps2

===========================================================================================
----------------- testing Wed Feb 27 20:43:02 UTC 2019 /home/travis/build/icyphy/ptII/ptolemy/actor/lib/test/auto/TimeDelayMicrosteps3.xml
----------------- Instantiating /home/travis/build/icyphy/ptII/ptolemy/actor/lib/test/auto/TimeDelayMicrosteps3.xml
3 ms. Memory: 1720320K Free: 1050537K (61%)
----------------- Invoking toplevel() on ptolemy.moml.MoMLSimpleApplication@3b608f20
----------------- Done invoking toplevel() on ptolemy.moml.MoMLSimpleApplication@3b608f20
reloadAllAccessors: .TimeDelayMicrosteps3

===========================================================================================
----------------- testing Wed Feb 27 20:43:02 UTC 2019 /home/travis/build/icyphy/ptII/ptolemy/actor/lib/test/auto/TimeDelayVariableMicrosteps.xml
----------------- Instantiating /home/travis/build/icyphy/ptII/ptolemy/actor/lib/test/auto/TimeDelayVariableMicrosteps.xml
2 ms. Memory: 1720320K Free: 1029876K (60%)
----------------- Invoking toplevel() on ptolemy.moml.MoMLSimpleApplication@5f084ac9
----------------- Done invoking toplevel() on ptolemy.moml.MoMLSimpleApplication@5f084ac9
reloadAllAccessors: .TimeDelayVariableMicrosteps

===========================================================================================
----------------- testing Wed Feb 27 20:43:02 UTC 2019 /home/travis/build/icyphy/ptII/ptolemy/actor/lib/test/auto/TimeGap.xml
----------------- Instantiating /home/travis/build/icyphy/ptII/ptolemy/actor/lib/test/auto/TimeGap.xml
3 ms. Memory: 1720320K Free: 1013676K (59%)
----------------- Invoking toplevel() on ptolemy.moml.MoMLSimpleApplication@22efd608
----------------- Done invoking toplevel() on ptolemy.moml.MoMLSimpleApplication@22efd608
reloadAllAccessors: .TimeGap

===========================================================================================
----------------- testing Wed Feb 27 20:43:02 UTC 2019 /home/travis/build/icyphy/ptII/ptolemy/actor/lib/test/auto/TimeGap2.xml
----------------- Instantiating /home/travis/build/icyphy/ptII/ptolemy/actor/lib/test/auto/TimeGap2.xml
2 ms. Memory: 1720320K Free: 993016K (58%)
----------------- Invoking toplevel() on ptolemy.moml.MoMLSimpleApplication@3d1025
----------------- Done invoking toplevel() on ptolemy.moml.MoMLSimpleApplication@3d1025
reloadAllAccessors: .TimeGap2

===========================================================================================
----------------- testing Wed Feb 27 20:43:02 UTC 2019 /home/travis/build/icyphy/ptII/ptolemy/actor/lib/test/auto/TimedSinewave.xml
----------------- Instantiating /home/travis/build/icyphy/ptII/ptolemy/actor/lib/test/auto/TimedSinewave.xml
21 ms. Memory: 1720320K Free: 964240K (56%)
----------------- Invoking toplevel() on ptolemy.moml.MoMLSimpleApplication@44fb48c
----------------- Done invoking toplevel() on ptolemy.moml.MoMLSimpleApplication@44fb48c
reloadAllAccessors: .TimedSinewave

===========================================================================================
----------------- testing Wed Feb 27 20:43:02 UTC 2019 /home/travis/build/icyphy/ptII/ptolemy/actor/lib/test/auto/TimedSinewavePhase.xml
----------------- Instantiating /home/travis/build/icyphy/ptII/ptolemy/actor/lib/test/auto/TimedSinewavePhase.xml
9 ms. Memory: 1720320K Free: 948041K (55%)
----------------- Invoking toplevel() on ptolemy.moml.MoMLSimpleApplication@75819dc3
----------------- Done invoking toplevel() on ptolemy.moml.MoMLSimpleApplication@75819dc3
reloadAllAccessors: .TimedSinewavePhase

===========================================================================================
----------------- testing Wed Feb 27 20:43:03 UTC 2019 /home/travis/build/icyphy/ptII/ptolemy/actor/lib/test/auto/Timer.xml
----------------- Instantiating /home/travis/build/icyphy/ptII/ptolemy/actor/lib/test/auto/Timer.xml
2 ms. Memory: 1720320K Free: 927381K (54%)
----------------- Invoking toplevel() on ptolemy.moml.MoMLSimpleApplication@55e2136a
----------------- Done invoking toplevel() on ptolemy.moml.MoMLSimpleApplication@55e2136a
reloadAllAccessors: .Timer

===========================================================================================
----------------- testing Wed Feb 27 20:43:03 UTC 2019 /home/travis/build/icyphy/ptII/ptolemy/actor/lib/test/auto/TriangularDistTestModel.xml
----------------- Instantiating /home/travis/build/icyphy/ptII/ptolemy/actor/lib/test/auto/TriangularDistTestModel.xml
2 ms. Memory: 1720320K Free: 911181K (53%)
----------------- Invoking toplevel() on ptolemy.moml.MoMLSimpleApplication@7281df19
----------------- Done invoking toplevel() on ptolemy.moml.MoMLSimpleApplication@7281df19
reloadAllAccessors: .TriangularDistTestModel

===========================================================================================
----------------- testing Wed Feb 27 20:43:03 UTC 2019 /home/travis/build/icyphy/ptII/ptolemy/actor/lib/test/auto/TrigFunction.xml
----------------- Instantiating /home/travis/build/icyphy/ptII/ptolemy/actor/lib/test/auto/TrigFunction.xml
1 ms. Memory: 1720320K Free: 890521K (52%)
----------------- Invoking toplevel() on ptolemy.moml.MoMLSimpleApplication@3f06c1d2
----------------- Done invoking toplevel() on ptolemy.moml.MoMLSimpleApplication@3f06c1d2
reloadAllAccessors: .TrigFunction

===========================================================================================
----------------- testing Wed Feb 27 20:43:03 UTC 2019 /home/travis/build/icyphy/ptII/ptolemy/actor/lib/test/auto/TrigFunctionDE.xml
----------------- Instantiating /home/travis/build/icyphy/ptII/ptolemy/actor/lib/test/auto/TrigFunctionDE.xml
2 ms. Memory: 1720320K Free: 874322K (51%)
----------------- Invoking toplevel() on ptolemy.moml.MoMLSimpleApplication@11202a50
----------------- Done invoking toplevel() on ptolemy.moml.MoMLSimpleApplication@11202a50
reloadAllAccessors: .TrigFunctionDE

===========================================================================================
----------------- testing Wed Feb 27 20:43:03 UTC 2019 /home/travis/build/icyphy/ptII/ptolemy/actor/lib/test/auto/TrigFunctionInverse.xml
----------------- Instantiating /home/travis/build/icyphy/ptII/ptolemy/actor/lib/test/auto/TrigFunctionInverse.xml
2 ms. Memory: 1720320K Free: 853662K (50%)
----------------- Invoking toplevel() on ptolemy.moml.MoMLSimpleApplication@716b4726
----------------- Done invoking toplevel() on ptolemy.moml.MoMLSimpleApplication@716b4726
reloadAllAccessors: .TrigFunctionInverse

===========================================================================================
----------------- testing Wed Feb 27 20:43:03 UTC 2019 /home/travis/build/icyphy/ptII/ptolemy/actor/lib/test/auto/TrigFunctionTan.xml
----------------- Instantiating /home/travis/build/icyphy/ptII/ptolemy/actor/lib/test/auto/TrigFunctionTan.xml
1 ms. Memory: 1720320K Free: 837462K (49%)
----------------- Invoking toplevel() on ptolemy.moml.MoMLSimpleApplication@6b4bdbf5
----------------- Done invoking toplevel() on ptolemy.moml.MoMLSimpleApplication@6b4bdbf5
reloadAllAccessors: .TrigFunctionTan

===========================================================================================
----------------- testing Wed Feb 27 20:43:03 UTC 2019 /home/travis/build/icyphy/ptII/ptolemy/actor/lib/test/auto/TriggeredClock.xml
----------------- Instantiating /home/travis/build/icyphy/ptII/ptolemy/actor/lib/test/auto/TriggeredClock.xml
1 ms. Memory: 1720320K Free: 816802K (47%)
----------------- Invoking toplevel() on ptolemy.moml.MoMLSimpleApplication@44af09f0
----------------- Done invoking toplevel() on ptolemy.moml.MoMLSimpleApplication@44af09f0
reloadAllAccessors: .TriggeredClock

===========================================================================================
----------------- testing Wed Feb 27 20:43:03 UTC 2019 /home/travis/build/icyphy/ptII/ptolemy/actor/lib/test/auto/URLDirectoryReader.xml
----------------- Instantiating /home/travis/build/icyphy/ptII/ptolemy/actor/lib/test/auto/URLDirectoryReader.xml
39 ms. Memory: 1720320K Free: 796142K (46%)
----------------- Invoking toplevel() on ptolemy.moml.MoMLSimpleApplication@3e18e826
----------------- Done invoking toplevel() on ptolemy.moml.MoMLSimpleApplication@3e18e826
reloadAllAccessors: .URLDirectoryReader

===========================================================================================
----------------- testing Wed Feb 27 20:43:03 UTC 2019 /home/travis/build/icyphy/ptII/ptolemy/actor/lib/test/auto/URLDirectoryReader3.xml
----------------- Instantiating /home/travis/build/icyphy/ptII/ptolemy/actor/lib/test/auto/URLDirectoryReader3.xml
1323 ms. Memory: 1720320K Free: 739443K (43%)
----------------- Invoking toplevel() on ptolemy.moml.MoMLSimpleApplication@203326c6
----------------- Done invoking toplevel() on ptolemy.moml.MoMLSimpleApplication@203326c6
reloadAllAccessors: .URLDirectoryReader3

===========================================================================================
----------------- testing Wed Feb 27 20:43:04 UTC 2019 /home/travis/build/icyphy/ptII/ptolemy/actor/lib/test/auto/UnaryMathFunction.xml
----------------- Instantiating /home/travis/build/icyphy/ptII/ptolemy/actor/lib/test/auto/UnaryMathFunction.xml
10 ms. Memory: 1720320K Free: 718783K (42%)
----------------- Invoking toplevel() on ptolemy.moml.MoMLSimpleApplication@4361fec8
----------------- Done invoking toplevel() on ptolemy.moml.MoMLSimpleApplication@4361fec8
reloadAllAccessors: .UnaryMathFunction

===========================================================================================
----------------- testing Wed Feb 27 20:43:04 UTC 2019 /home/travis/build/icyphy/ptII/ptolemy/actor/lib/test/auto/Uniform.xml
----------------- Instantiating /home/travis/build/icyphy/ptII/ptolemy/actor/lib/test/auto/Uniform.xml
9 ms. Memory: 1720320K Free: 702583K (41%)
----------------- Invoking toplevel() on ptolemy.moml.MoMLSimpleApplication@741afac6
----------------- Done invoking toplevel() on ptolemy.moml.MoMLSimpleApplication@741afac6
reloadAllAccessors: .Uniform

===========================================================================================
----------------- testing Wed Feb 27 20:43:04 UTC 2019 /home/travis/build/icyphy/ptII/ptolemy/actor/lib/test/auto/UnionDisassemblerTest.xml
----------------- Instantiating /home/travis/build/icyphy/ptII/ptolemy/actor/lib/test/auto/UnionDisassemblerTest.xml
10 ms. Memory: 1720320K Free: 681924K (40%)
----------------- Invoking toplevel() on ptolemy.moml.MoMLSimpleApplication@1836fc45
----------------- Done invoking toplevel() on ptolemy.moml.MoMLSimpleApplication@1836fc45
reloadAllAccessors: .UnionDisassemblerTest

===========================================================================================
----------------- testing Wed Feb 27 20:43:04 UTC 2019 /home/travis/build/icyphy/ptII/ptolemy/actor/lib/test/auto/UtilityFunctions.xml
----------------- Instantiating /home/travis/build/icyphy/ptII/ptolemy/actor/lib/test/auto/UtilityFunctions.xml
9 ms. Memory: 1720320K Free: 665724K (39%)
----------------- Invoking toplevel() on ptolemy.moml.MoMLSimpleApplication@130f1a80
----------------- Done invoking toplevel() on ptolemy.moml.MoMLSimpleApplication@130f1a80
reloadAllAccessors: .UtilityFunctions

===========================================================================================
----------------- testing Wed Feb 27 20:43:05 UTC 2019 /home/travis/build/icyphy/ptII/ptolemy/actor/lib/test/auto/VariableSleep.xml
----------------- Instantiating /home/travis/build/icyphy/ptII/ptolemy/actor/lib/test/auto/VariableSleep.xml
505 ms. Memory: 1720320K Free: 645064K (37%)
----------------- Invoking toplevel() on ptolemy.moml.MoMLSimpleApplication@70a7ee32
----------------- Done invoking toplevel() on ptolemy.moml.MoMLSimpleApplication@70a7ee32
reloadAllAccessors: .VariableSleep

===========================================================================================
----------------- testing Wed Feb 27 20:43:05 UTC 2019 /home/travis/build/icyphy/ptII/ptolemy/actor/lib/test/auto/VectorAssemblerDisassemblerCT.xml
----------------- Instantiating /home/travis/build/icyphy/ptII/ptolemy/actor/lib/test/auto/VectorAssemblerDisassemblerCT.xml
48 ms. Memory: 1720320K Free: 608196K (35%)
----------------- Invoking toplevel() on ptolemy.moml.MoMLSimpleApplication@4d50dc1c
----------------- Done invoking toplevel() on ptolemy.moml.MoMLSimpleApplication@4d50dc1c
reloadAllAccessors: .VectorAssemblerDisassemblerCT

===========================================================================================
----------------- testing Wed Feb 27 20:43:05 UTC 2019 /home/travis/build/icyphy/ptII/ptolemy/actor/lib/test/auto/VectorAssemblerDisassemblerDE.xml
----------------- Instantiating /home/travis/build/icyphy/ptII/ptolemy/actor/lib/test/auto/VectorAssemblerDisassemblerDE.xml
2 ms. Memory: 1720320K Free: 591996K (34%)
----------------- Invoking toplevel() on ptolemy.moml.MoMLSimpleApplication@a5de76e
----------------- Done invoking toplevel() on ptolemy.moml.MoMLSimpleApplication@a5de76e
reloadAllAccessors: .VectorAssemblerDisassemblerDE

===========================================================================================
----------------- testing Wed Feb 27 20:43:05 UTC 2019 /home/travis/build/icyphy/ptII/ptolemy/actor/lib/test/auto/VectorAssemblerDisassemblerSDF.xml
----------------- Instantiating /home/travis/build/icyphy/ptII/ptolemy/actor/lib/test/auto/VectorAssemblerDisassemblerSDF.xml
2 ms. Memory: 1720320K Free: 571336K (33%)
----------------- Invoking toplevel() on ptolemy.moml.MoMLSimpleApplication@3f83ad80
----------------- Done invoking toplevel() on ptolemy.moml.MoMLSimpleApplication@3f83ad80
reloadAllAccessors: .VectorAssemblerDisassemblerSDF

===========================================================================================
----------------- testing Wed Feb 27 20:43:05 UTC 2019 /home/travis/build/icyphy/ptII/ptolemy/actor/lib/test/auto/WallClockTime.xml
----------------- Instantiating /home/travis/build/icyphy/ptII/ptolemy/actor/lib/test/auto/WallClockTime.xml
1004 ms. Memory: 1720320K Free: 555137K (32%)
----------------- Invoking toplevel() on ptolemy.moml.MoMLSimpleApplication@62f4b912
----------------- Done invoking toplevel() on ptolemy.moml.MoMLSimpleApplication@62f4b912
reloadAllAccessors: .WallClockTime

===========================================================================================
----------------- testing Wed Feb 27 20:43:06 UTC 2019 /home/travis/build/icyphy/ptII/ptolemy/actor/lib/test/auto/WidthTestWithSubscriberPublisher.xml
----------------- Instantiating /home/travis/build/icyphy/ptII/ptolemy/actor/lib/test/auto/WidthTestWithSubscriberPublisher.xml
7 ms. Memory: 1720320K Free: 526361K (31%)
----------------- Invoking toplevel() on ptolemy.moml.MoMLSimpleApplication@190388f3
----------------- Done invoking toplevel() on ptolemy.moml.MoMLSimpleApplication@190388f3
reloadAllAccessors: .WidthTestWithSubscriberPublisher

===========================================================================================
----------------- testing Wed Feb 27 20:43:06 UTC 2019 /home/travis/build/icyphy/ptII/ptolemy/actor/lib/test/auto/WidthTestWithSubscriberPublisher2.xml
----------------- Instantiating /home/travis/build/icyphy/ptII/ptolemy/actor/lib/test/auto/WidthTestWithSubscriberPublisher2.xml
3 ms. Memory: 1720320K Free: 510161K (30%)
----------------- Invoking toplevel() on ptolemy.moml.MoMLSimpleApplication@4e318156
----------------- Done invoking toplevel() on ptolemy.moml.MoMLSimpleApplication@4e318156
reloadAllAccessors: .WidthTestWithSubscriberPublisher2

===========================================================================================
----------------- testing Wed Feb 27 20:43:06 UTC 2019 /home/travis/build/icyphy/ptII/ptolemy/actor/lib/test/auto/WidthTestWithSubscriberPublisher3.xml
----------------- Instantiating /home/travis/build/icyphy/ptII/ptolemy/actor/lib/test/auto/WidthTestWithSubscriberPublisher3.xml
2 ms. Memory: 1720320K Free: 489501K (28%)
----------------- Invoking toplevel() on ptolemy.moml.MoMLSimpleApplication@2cc9587
----------------- Done invoking toplevel() on ptolemy.moml.MoMLSimpleApplication@2cc9587
reloadAllAccessors: .WidthTestWithSubscriberPublisher3

===========================================================================================
----------------- testing Wed Feb 27 20:43:06 UTC 2019 /home/travis/build/icyphy/ptII/ptolemy/actor/lib/test/auto/Writer.xml
----------------- Instantiating /home/travis/build/icyphy/ptII/ptolemy/actor/lib/test/auto/Writer.xml
0
1
2
3
4
2 ms. Memory: 1720320K Free: 468841K (27%)
----------------- Invoking toplevel() on ptolemy.moml.MoMLSimpleApplication@15562bbe
----------------- Done invoking toplevel() on ptolemy.moml.MoMLSimpleApplication@15562bbe
reloadAllAccessors: .Writer

===========================================================================================
----------------- testing Wed Feb 27 20:43:06 UTC 2019 /home/travis/build/icyphy/ptII/ptolemy/actor/lib/test/auto/array.xml
----------------- Instantiating /home/travis/build/icyphy/ptII/ptolemy/actor/lib/test/auto/array.xml
2 ms. Memory: 1720320K Free: 452642K (26%)
----------------- Invoking toplevel() on ptolemy.moml.MoMLSimpleApplication@185bdb1
----------------- Done invoking toplevel() on ptolemy.moml.MoMLSimpleApplication@185bdb1
reloadAllAccessors: .array

===========================================================================================
----------------- testing Wed Feb 27 20:43:06 UTC 2019 /home/travis/build/icyphy/ptII/ptolemy/actor/lib/test/auto/array2.xml
----------------- Instantiating /home/travis/build/icyphy/ptII/ptolemy/actor/lib/test/auto/array2.xml
3 ms. Memory: 1720320K Free: 431981K (25%)
----------------- Invoking toplevel() on ptolemy.moml.MoMLSimpleApplication@4109c4f4
----------------- Done invoking toplevel() on ptolemy.moml.MoMLSimpleApplication@4109c4f4
reloadAllAccessors: .array2

===========================================================================================
----------------- testing Wed Feb 27 20:43:06 UTC 2019 /home/travis/build/icyphy/ptII/ptolemy/actor/lib/test/auto/arrayType.xml
----------------- Instantiating /home/travis/build/icyphy/ptII/ptolemy/actor/lib/test/auto/arrayType.xml
1 ms. Memory: 1720320K Free: 415782K (24%)
----------------- Invoking toplevel() on ptolemy.moml.MoMLSimpleApplication@2233fa2c
----------------- Done invoking toplevel() on ptolemy.moml.MoMLSimpleApplication@2233fa2c
reloadAllAccessors: .arrayType

===========================================================================================
----------------- testing Wed Feb 27 20:43:06 UTC 2019 /home/travis/build/icyphy/ptII/ptolemy/actor/lib/test/auto/arrayType10.xml
----------------- Instantiating /home/travis/build/icyphy/ptII/ptolemy/actor/lib/test/auto/arrayType10.xml
1 ms. Memory: 1720320K Free: 395122K (23%)
----------------- Invoking toplevel() on ptolemy.moml.MoMLSimpleApplication@79a630bc
----------------- Done invoking toplevel() on ptolemy.moml.MoMLSimpleApplication@79a630bc
reloadAllAccessors: .arrayType10

===========================================================================================
----------------- testing Wed Feb 27 20:43:06 UTC 2019 /home/travis/build/icyphy/ptII/ptolemy/actor/lib/test/auto/arrayType11.xml
----------------- Instantiating /home/travis/build/icyphy/ptII/ptolemy/actor/lib/test/auto/arrayType11.xml
1 ms. Memory: 1720320K Free: 378922K (22%)
----------------- Invoking toplevel() on ptolemy.moml.MoMLSimpleApplication@6d045df2
----------------- Done invoking toplevel() on ptolemy.moml.MoMLSimpleApplication@6d045df2
reloadAllAccessors: .arrayType11

===========================================================================================
----------------- testing Wed Feb 27 20:43:06 UTC 2019 /home/travis/build/icyphy/ptII/ptolemy/actor/lib/test/auto/arrayType12.xml
----------------- Instantiating /home/travis/build/icyphy/ptII/ptolemy/actor/lib/test/auto/arrayType12.xml
1 ms. Memory: 1720320K Free: 358262K (21%)
----------------- Invoking toplevel() on ptolemy.moml.MoMLSimpleApplication@4d69e006
----------------- Done invoking toplevel() on ptolemy.moml.MoMLSimpleApplication@4d69e006
reloadAllAccessors: .arrayType12

===========================================================================================
----------------- testing Wed Feb 27 20:43:06 UTC 2019 /home/travis/build/icyphy/ptII/ptolemy/actor/lib/test/auto/arrayType13.xml
----------------- Instantiating /home/travis/build/icyphy/ptII/ptolemy/actor/lib/test/auto/arrayType13.xml
1 ms. Memory: 1720320K Free: 337603K (20%)
----------------- Invoking toplevel() on ptolemy.moml.MoMLSimpleApplication@5fae4053
----------------- Done invoking toplevel() on ptolemy.moml.MoMLSimpleApplication@5fae4053
reloadAllAccessors: .arrayType13

===========================================================================================
----------------- testing Wed Feb 27 20:43:06 UTC 2019 /home/travis/build/icyphy/ptII/ptolemy/actor/lib/test/auto/arrayType14.xml
----------------- Instantiating /home/travis/build/icyphy/ptII/ptolemy/actor/lib/test/auto/arrayType14.xml
1 ms. Memory: 1720320K Free: 321403K (19%)
----------------- Invoking toplevel() on ptolemy.moml.MoMLSimpleApplication@311efd92
----------------- Done invoking toplevel() on ptolemy.moml.MoMLSimpleApplication@311efd92
reloadAllAccessors: .arrayType14

===========================================================================================
----------------- testing Wed Feb 27 20:43:06 UTC 2019 /home/travis/build/icyphy/ptII/ptolemy/actor/lib/test/auto/arrayType15.xml
----------------- Instantiating /home/travis/build/icyphy/ptII/ptolemy/actor/lib/test/auto/arrayType15.xml
1 ms. Memory: 1720320K Free: 300743K (17%)
----------------- Invoking toplevel() on ptolemy.moml.MoMLSimpleApplication@4730ba10
----------------- Done invoking toplevel() on ptolemy.moml.MoMLSimpleApplication@4730ba10
reloadAllAccessors: .arrayType15

===========================================================================================
----------------- testing Wed Feb 27 20:43:06 UTC 2019 /home/travis/build/icyphy/ptII/ptolemy/actor/lib/test/auto/arrayType16.xml
----------------- Instantiating /home/travis/build/icyphy/ptII/ptolemy/actor/lib/test/auto/arrayType16.xml
2 ms. Memory: 1720320K Free: 284543K (17%)
----------------- Invoking toplevel() on ptolemy.moml.MoMLSimpleApplication@f6ce21c
----------------- Done invoking toplevel() on ptolemy.moml.MoMLSimpleApplication@f6ce21c
reloadAllAccessors: .arrayType16

===========================================================================================
----------------- testing Wed Feb 27 20:43:06 UTC 2019 /home/travis/build/icyphy/ptII/ptolemy/actor/lib/test/auto/arrayType17.xml
----------------- Instantiating /home/travis/build/icyphy/ptII/ptolemy/actor/lib/test/auto/arrayType17.xml
1 ms. Memory: 1720320K Free: 263883K (15%)
----------------- Invoking toplevel() on ptolemy.moml.MoMLSimpleApplication@516429ac
----------------- Done invoking toplevel() on ptolemy.moml.MoMLSimpleApplication@516429ac
reloadAllAccessors: .arrayType17

===========================================================================================
----------------- testing Wed Feb 27 20:43:06 UTC 2019 /home/travis/build/icyphy/ptII/ptolemy/actor/lib/test/auto/arrayType18.xml
----------------- Instantiating /home/travis/build/icyphy/ptII/ptolemy/actor/lib/test/auto/arrayType18.xml
1 ms. Memory: 1720320K Free: 247684K (14%)
----------------- Invoking toplevel() on ptolemy.moml.MoMLSimpleApplication@703e2e10
----------------- Done invoking toplevel() on ptolemy.moml.MoMLSimpleApplication@703e2e10
reloadAllAccessors: .arrayType18

===========================================================================================
----------------- testing Wed Feb 27 20:43:06 UTC 2019 /home/travis/build/icyphy/ptII/ptolemy/actor/lib/test/auto/arrayType19.xml
----------------- Instantiating /home/travis/build/icyphy/ptII/ptolemy/actor/lib/test/auto/arrayType19.xml
2 ms. Memory: 1720320K Free: 227023K (13%)
----------------- Invoking toplevel() on ptolemy.moml.MoMLSimpleApplication@7cf1bf77
----------------- Done invoking toplevel() on ptolemy.moml.MoMLSimpleApplication@7cf1bf77
reloadAllAccessors: .arrayType19

===========================================================================================
----------------- testing Wed Feb 27 20:43:06 UTC 2019 /home/travis/build/icyphy/ptII/ptolemy/actor/lib/test/auto/arrayType2.xml
----------------- Instantiating /home/travis/build/icyphy/ptII/ptolemy/actor/lib/test/auto/arrayType2.xml
3 ms. Memory: 1720320K Free: 206364K (12%)
----------------- Invoking toplevel() on ptolemy.moml.MoMLSimpleApplication@4cf8e13
----------------- Done invoking toplevel() on ptolemy.moml.MoMLSimpleApplication@4cf8e13
reloadAllAccessors: .arrayType2

===========================================================================================
----------------- testing Wed Feb 27 20:43:07 UTC 2019 /home/travis/build/icyphy/ptII/ptolemy/actor/lib/test/auto/arrayType20.xml
----------------- Instantiating /home/travis/build/icyphy/ptII/ptolemy/actor/lib/test/auto/arrayType20.xml
2 ms. Memory: 1720320K Free: 190164K (11%)
----------------- Invoking toplevel() on ptolemy.moml.MoMLSimpleApplication@42c5cfde
----------------- Done invoking toplevel() on ptolemy.moml.MoMLSimpleApplication@42c5cfde
reloadAllAccessors: .arrayType20

===========================================================================================
----------------- testing Wed Feb 27 20:43:07 UTC 2019 /home/travis/build/icyphy/ptII/ptolemy/actor/lib/test/auto/arrayType21.xml
----------------- Instantiating /home/travis/build/icyphy/ptII/ptolemy/actor/lib/test/auto/arrayType21.xml
2 ms. Memory: 1720320K Free: 169504K (10%)
----------------- Invoking toplevel() on ptolemy.moml.MoMLSimpleApplication@3447f050
----------------- Done invoking toplevel() on ptolemy.moml.MoMLSimpleApplication@3447f050
reloadAllAccessors: .arrayType21

===========================================================================================
----------------- testing Wed Feb 27 20:43:07 UTC 2019 /home/travis/build/icyphy/ptII/ptolemy/actor/lib/test/auto/arrayType22.xml
----------------- Instantiating /home/travis/build/icyphy/ptII/ptolemy/actor/lib/test/auto/arrayType22.xml
2 ms. Memory: 1720320K Free: 153304K (9%)
----------------- Invoking toplevel() on ptolemy.moml.MoMLSimpleApplication@760b112a
----------------- Done invoking toplevel() on ptolemy.moml.MoMLSimpleApplication@760b112a
reloadAllAccessors: .arrayType22

===========================================================================================
----------------- testing Wed Feb 27 20:43:07 UTC 2019 /home/travis/build/icyphy/ptII/ptolemy/actor/lib/test/auto/arrayType23.xml
----------------- Instantiating /home/travis/build/icyphy/ptII/ptolemy/actor/lib/test/auto/arrayType23.xml
2 ms. Memory: 1720320K Free: 132644K (8%)
----------------- Invoking toplevel() on ptolemy.moml.MoMLSimpleApplication@e211346
----------------- Done invoking toplevel() on ptolemy.moml.MoMLSimpleApplication@e211346
reloadAllAccessors: .arrayType23

===========================================================================================
----------------- testing Wed Feb 27 20:43:07 UTC 2019 /home/travis/build/icyphy/ptII/ptolemy/actor/lib/test/auto/arrayType24.xml
----------------- Instantiating /home/travis/build/icyphy/ptII/ptolemy/actor/lib/test/auto/arrayType24.xml
2 ms. Memory: 1720320K Free: 116444K (7%)
----------------- Invoking toplevel() on ptolemy.moml.MoMLSimpleApplication@5e1659f6
----------------- Done invoking toplevel() on ptolemy.moml.MoMLSimpleApplication@5e1659f6
reloadAllAccessors: .arrayType24

===========================================================================================
----------------- testing Wed Feb 27 20:43:07 UTC 2019 /home/travis/build/icyphy/ptII/ptolemy/actor/lib/test/auto/arrayType25.xml
----------------- Instantiating /home/travis/build/icyphy/ptII/ptolemy/actor/lib/test/auto/arrayType25.xml
2 ms. Memory: 1720320K Free: 95784K (6%)
----------------- Invoking toplevel() on ptolemy.moml.MoMLSimpleApplication@16aa3692
----------------- Done invoking toplevel() on ptolemy.moml.MoMLSimpleApplication@16aa3692
reloadAllAccessors: .arrayType25

===========================================================================================
----------------- testing Wed Feb 27 20:43:07 UTC 2019 /home/travis/build/icyphy/ptII/ptolemy/actor/lib/test/auto/arrayType26.xml
----------------- Instantiating /home/travis/build/icyphy/ptII/ptolemy/actor/lib/test/auto/arrayType26.xml
2 ms. Memory: 1720320K Free: 75125K (4%)
----------------- Invoking toplevel() on ptolemy.moml.MoMLSimpleApplication@570783b6
----------------- Done invoking toplevel() on ptolemy.moml.MoMLSimpleApplication@570783b6
reloadAllAccessors: .arrayType26

===========================================================================================
----------------- testing Wed Feb 27 20:43:07 UTC 2019 /home/travis/build/icyphy/ptII/ptolemy/actor/lib/test/auto/arrayType27.xml
----------------- Instantiating /home/travis/build/icyphy/ptII/ptolemy/actor/lib/test/auto/arrayType27.xml
3 ms. Memory: 1720320K Free: 61272K (4%)
----------------- Invoking toplevel() on ptolemy.moml.MoMLSimpleApplication@5a44be93
----------------- Done invoking toplevel() on ptolemy.moml.MoMLSimpleApplication@5a44be93
reloadAllAccessors: .arrayType27

===========================================================================================
----------------- testing Wed Feb 27 20:43:07 UTC 2019 /home/travis/build/icyphy/ptII/ptolemy/actor/lib/test/auto/arrayType28.xml
----------------- Instantiating /home/travis/build/icyphy/ptII/ptolemy/actor/lib/test/auto/arrayType28.xml
1 ms. Memory: 1742848K Free: 1671543K (96%)
----------------- Invoking toplevel() on ptolemy.moml.MoMLSimpleApplication@70a6ca54
----------------- Done invoking toplevel() on ptolemy.moml.MoMLSimpleApplication@70a6ca54
reloadAllAccessors: .arrayType28

===========================================================================================
----------------- testing Wed Feb 27 20:43:07 UTC 2019 /home/travis/build/icyphy/ptII/ptolemy/actor/lib/test/auto/arrayType3.xml
----------------- Instantiating /home/travis/build/icyphy/ptII/ptolemy/actor/lib/test/auto/arrayType3.xml
2 ms. Memory: 1742848K Free: 1655277K (95%)
----------------- Invoking toplevel() on ptolemy.moml.MoMLSimpleApplication@700da3b8
----------------- Done invoking toplevel() on ptolemy.moml.MoMLSimpleApplication@700da3b8
reloadAllAccessors: .arrayType3

===========================================================================================
----------------- testing Wed Feb 27 20:43:07 UTC 2019 /home/travis/build/icyphy/ptII/ptolemy/actor/lib/test/auto/arrayType4.xml
----------------- Instantiating /home/travis/build/icyphy/ptII/ptolemy/actor/lib/test/auto/arrayType4.xml
1 ms. Memory: 1742848K Free: 1634665K (94%)
----------------- Invoking toplevel() on ptolemy.moml.MoMLSimpleApplication@6ed53689
----------------- Done invoking toplevel() on ptolemy.moml.MoMLSimpleApplication@6ed53689
reloadAllAccessors: .arrayType4

===========================================================================================
----------------- testing Wed Feb 27 20:43:07 UTC 2019 /home/travis/build/icyphy/ptII/ptolemy/actor/lib/test/auto/arrayType5.xml
----------------- Instantiating /home/travis/build/icyphy/ptII/ptolemy/actor/lib/test/auto/arrayType5.xml
2 ms. Memory: 1742848K Free: 1618398K (93%)
----------------- Invoking toplevel() on ptolemy.moml.MoMLSimpleApplication@76d6446
----------------- Done invoking toplevel() on ptolemy.moml.MoMLSimpleApplication@76d6446
reloadAllAccessors: .arrayType5

===========================================================================================
----------------- testing Wed Feb 27 20:43:07 UTC 2019 /home/travis/build/icyphy/ptII/ptolemy/actor/lib/test/auto/arrayType6.xml
----------------- Instantiating /home/travis/build/icyphy/ptII/ptolemy/actor/lib/test/auto/arrayType6.xml
1 ms. Memory: 1742848K Free: 1597787K (92%)
----------------- Invoking toplevel() on ptolemy.moml.MoMLSimpleApplication@77f3fef0
----------------- Done invoking toplevel() on ptolemy.moml.MoMLSimpleApplication@77f3fef0
reloadAllAccessors: .arrayType6

===========================================================================================
----------------- testing Wed Feb 27 20:43:07 UTC 2019 /home/travis/build/icyphy/ptII/ptolemy/actor/lib/test/auto/arrayType7.xml
----------------- Instantiating /home/travis/build/icyphy/ptII/ptolemy/actor/lib/test/auto/arrayType7.xml
1 ms. Memory: 1742848K Free: 1577175K (90%)
----------------- Invoking toplevel() on ptolemy.moml.MoMLSimpleApplication@47cc4dce
----------------- Done invoking toplevel() on ptolemy.moml.MoMLSimpleApplication@47cc4dce
reloadAllAccessors: .arrayType7

===========================================================================================
----------------- testing Wed Feb 27 20:43:07 UTC 2019 /home/travis/build/icyphy/ptII/ptolemy/actor/lib/test/auto/arrayType8.xml
----------------- Instantiating /home/travis/build/icyphy/ptII/ptolemy/actor/lib/test/auto/arrayType8.xml
1 ms. Memory: 1742848K Free: 1560908K (90%)
----------------- Invoking toplevel() on ptolemy.moml.MoMLSimpleApplication@76115540
----------------- Done invoking toplevel() on ptolemy.moml.MoMLSimpleApplication@76115540
reloadAllAccessors: .arrayType8

===========================================================================================
----------------- testing Wed Feb 27 20:43:07 UTC 2019 /home/travis/build/icyphy/ptII/ptolemy/actor/lib/test/auto/arrayType9.xml
----------------- Instantiating /home/travis/build/icyphy/ptII/ptolemy/actor/lib/test/auto/arrayType9.xml
1 ms. Memory: 1742848K Free: 1540296K (88%)
----------------- Invoking toplevel() on ptolemy.moml.MoMLSimpleApplication@7020ad0b
----------------- Done invoking toplevel() on ptolemy.moml.MoMLSimpleApplication@7020ad0b
reloadAllAccessors: .arrayType9

===========================================================================================
----------------- testing Wed Feb 27 20:43:07 UTC 2019 /home/travis/build/icyphy/ptII/ptolemy/actor/lib/test/auto/cast.xml
----------------- Instantiating /home/travis/build/icyphy/ptII/ptolemy/actor/lib/test/auto/cast.xml
1 ms. Memory: 1742848K Free: 1524030K (87%)
----------------- Invoking toplevel() on ptolemy.moml.MoMLSimpleApplication@d2eaea8
----------------- Done invoking toplevel() on ptolemy.moml.MoMLSimpleApplication@d2eaea8
reloadAllAccessors: .cast

===========================================================================================
----------------- testing Wed Feb 27 20:43:07 UTC 2019 /home/travis/build/icyphy/ptII/ptolemy/actor/lib/test/auto/compositeMultiPort.xml
----------------- Instantiating /home/travis/build/icyphy/ptII/ptolemy/actor/lib/test/auto/compositeMultiPort.xml
3 ms. Memory: 1742848K Free: 1503418K (86%)
----------------- Invoking toplevel() on ptolemy.moml.MoMLSimpleApplication@1f6846
----------------- Done invoking toplevel() on ptolemy.moml.MoMLSimpleApplication@1f6846
reloadAllAccessors: .compositeMultiPort

===========================================================================================
----------------- testing Wed Feb 27 20:43:07 UTC 2019 /home/travis/build/icyphy/ptII/ptolemy/actor/lib/test/auto/expressionCastInference.xml
----------------- Instantiating /home/travis/build/icyphy/ptII/ptolemy/actor/lib/test/auto/expressionCastInference.xml
2 ms. Memory: 1742848K Free: 1482806K (85%)
----------------- Invoking toplevel() on ptolemy.moml.MoMLSimpleApplication@638c9ff7
----------------- Done invoking toplevel() on ptolemy.moml.MoMLSimpleApplication@638c9ff7
reloadAllAccessors: .expressionCastInference

===========================================================================================
----------------- testing Wed Feb 27 20:43:07 UTC 2019 /home/travis/build/icyphy/ptII/ptolemy/actor/lib/test/auto/expressionCastInference2.xml
----------------- Instantiating /home/travis/build/icyphy/ptII/ptolemy/actor/lib/test/auto/expressionCastInference2.xml
2 ms. Memory: 1742848K Free: 1466540K (84%)
----------------- Invoking toplevel() on ptolemy.moml.MoMLSimpleApplication@48eab1
----------------- Done invoking toplevel() on ptolemy.moml.MoMLSimpleApplication@48eab1
reloadAllAccessors: .expressionCastInference2

===========================================================================================
----------------- testing Wed Feb 27 20:43:07 UTC 2019 /home/travis/build/icyphy/ptII/ptolemy/actor/lib/test/auto/expressionInference.xml
----------------- Instantiating /home/travis/build/icyphy/ptII/ptolemy/actor/lib/test/auto/expressionInference.xml
1 ms. Memory: 1742848K Free: 1445928K (83%)
----------------- Invoking toplevel() on ptolemy.moml.MoMLSimpleApplication@7cce310a
----------------- Done invoking toplevel() on ptolemy.moml.MoMLSimpleApplication@7cce310a
reloadAllAccessors: .expressionInference

===========================================================================================
----------------- testing Wed Feb 27 20:43:07 UTC 2019 /home/travis/build/icyphy/ptII/ptolemy/actor/lib/test/auto/expression_bug.xml
----------------- Instantiating /home/travis/build/icyphy/ptII/ptolemy/actor/lib/test/auto/expression_bug.xml
1 ms. Memory: 1742848K Free: 1429662K (82%)
----------------- Invoking toplevel() on ptolemy.moml.MoMLSimpleApplication@3c31fdb3
----------------- Done invoking toplevel() on ptolemy.moml.MoMLSimpleApplication@3c31fdb3
reloadAllAccessors: .expression_bug

===========================================================================================
----------------- testing Wed Feb 27 20:43:07 UTC 2019 /home/travis/build/icyphy/ptII/ptolemy/actor/lib/test/auto/factorial.xml
----------------- Instantiating /home/travis/build/icyphy/ptII/ptolemy/actor/lib/test/auto/factorial.xml
34 ms. Memory: 1742848K Free: 1409050K (81%)
----------------- Invoking toplevel() on ptolemy.moml.MoMLSimpleApplication@55e55cfc
----------------- Done invoking toplevel() on ptolemy.moml.MoMLSimpleApplication@55e55cfc
reloadAllAccessors: .factorial

===========================================================================================
----------------- testing Wed Feb 27 20:43:07 UTC 2019 /home/travis/build/icyphy/ptII/ptolemy/actor/lib/test/auto/filterTest1.xml
----------------- Instantiating /home/travis/build/icyphy/ptII/ptolemy/actor/lib/test/auto/filterTest1.xml
3 ms. Memory: 1742848K Free: 1388438K (80%)
----------------- Invoking toplevel() on ptolemy.moml.MoMLSimpleApplication@7ed1cac7
----------------- Done invoking toplevel() on ptolemy.moml.MoMLSimpleApplication@7ed1cac7
reloadAllAccessors: .filterTest1

===========================================================================================
----------------- testing Wed Feb 27 20:43:07 UTC 2019 /home/travis/build/icyphy/ptII/ptolemy/actor/lib/test/auto/funcApplyInConst.xml
----------------- Instantiating /home/travis/build/icyphy/ptII/ptolemy/actor/lib/test/auto/funcApplyInConst.xml
1 ms. Memory: 1742848K Free: 1372172K (79%)
----------------- Invoking toplevel() on ptolemy.moml.MoMLSimpleApplication@1110c2bf
----------------- Done invoking toplevel() on ptolemy.moml.MoMLSimpleApplication@1110c2bf
reloadAllAccessors: .funcApplyInConst

===========================================================================================
----------------- testing Wed Feb 27 20:43:07 UTC 2019 /home/travis/build/icyphy/ptII/ptolemy/actor/lib/test/auto/funcApplyInExpr.xml
----------------- Instantiating /home/travis/build/icyphy/ptII/ptolemy/actor/lib/test/auto/funcApplyInExpr.xml
1 ms. Memory: 1742848K Free: 1351560K (78%)
----------------- Invoking toplevel() on ptolemy.moml.MoMLSimpleApplication@6a2d340
----------------- Done invoking toplevel() on ptolemy.moml.MoMLSimpleApplication@6a2d340
reloadAllAccessors: .funcApplyInExpr

===========================================================================================
----------------- testing Wed Feb 27 20:43:07 UTC 2019 /home/travis/build/icyphy/ptII/ptolemy/actor/lib/test/auto/function.xml
----------------- Instantiating /home/travis/build/icyphy/ptII/ptolemy/actor/lib/test/auto/function.xml
1 ms. Memory: 1742848K Free: 1335294K (77%)
----------------- Invoking toplevel() on ptolemy.moml.MoMLSimpleApplication@45d1b68
----------------- Done invoking toplevel() on ptolemy.moml.MoMLSimpleApplication@45d1b68
reloadAllAccessors: .function

===========================================================================================
----------------- testing Wed Feb 27 20:43:07 UTC 2019 /home/travis/build/icyphy/ptII/ptolemy/actor/lib/test/auto/function2.xml
----------------- Instantiating /home/travis/build/icyphy/ptII/ptolemy/actor/lib/test/auto/function2.xml
2 ms. Memory: 1742848K Free: 1314681K (75%)
----------------- Invoking toplevel() on ptolemy.moml.MoMLSimpleApplication@36a1d73a
----------------- Done invoking toplevel() on ptolemy.moml.MoMLSimpleApplication@36a1d73a
reloadAllAccessors: .function2

===========================================================================================
----------------- testing Wed Feb 27 20:43:07 UTC 2019 /home/travis/build/icyphy/ptII/ptolemy/actor/lib/test/auto/function3.xml
----------------- Instantiating /home/travis/build/icyphy/ptII/ptolemy/actor/lib/test/auto/function3.xml
1 ms. Memory: 1742848K Free: 1294070K (74%)
----------------- Invoking toplevel() on ptolemy.moml.MoMLSimpleApplication@42367b26
----------------- Done invoking toplevel() on ptolemy.moml.MoMLSimpleApplication@42367b26
reloadAllAccessors: .function3

===========================================================================================
----------------- testing Wed Feb 27 20:43:07 UTC 2019 /home/travis/build/icyphy/ptII/ptolemy/actor/lib/test/auto/functionClosureTest1.xml
----------------- Instantiating /home/travis/build/icyphy/ptII/ptolemy/actor/lib/test/auto/functionClosureTest1.xml
2 ms. Memory: 1742848K Free: 1277803K (73%)
----------------- Invoking toplevel() on ptolemy.moml.MoMLSimpleApplication@77912b81
----------------- Done invoking toplevel() on ptolemy.moml.MoMLSimpleApplication@77912b81
reloadAllAccessors: .functionClosureTest1

===========================================================================================
----------------- testing Wed Feb 27 20:43:07 UTC 2019 /home/travis/build/icyphy/ptII/ptolemy/actor/lib/test/auto/functionClosureTest2.xml
----------------- Instantiating /home/travis/build/icyphy/ptII/ptolemy/actor/lib/test/auto/functionClosureTest2.xml
1 ms. Memory: 1742848K Free: 1257191K (72%)
----------------- Invoking toplevel() on ptolemy.moml.MoMLSimpleApplication@4c1aac63
----------------- Done invoking toplevel() on ptolemy.moml.MoMLSimpleApplication@4c1aac63
reloadAllAccessors: .functionClosureTest2

===========================================================================================
----------------- testing Wed Feb 27 20:43:07 UTC 2019 /home/travis/build/icyphy/ptII/ptolemy/actor/lib/test/auto/functionClosureTest3.xml
----------------- Instantiating /home/travis/build/icyphy/ptII/ptolemy/actor/lib/test/auto/functionClosureTest3.xml
1 ms. Memory: 1742848K Free: 1240925K (71%)
----------------- Invoking toplevel() on ptolemy.moml.MoMLSimpleApplication@c207f4f
----------------- Done invoking toplevel() on ptolemy.moml.MoMLSimpleApplication@c207f4f
reloadAllAccessors: .functionClosureTest3

===========================================================================================
----------------- testing Wed Feb 27 20:43:07 UTC 2019 /home/travis/build/icyphy/ptII/ptolemy/actor/lib/test/auto/functionClosureTest4.xml
----------------- Instantiating /home/travis/build/icyphy/ptII/ptolemy/actor/lib/test/auto/functionClosureTest4.xml
3 ms. Memory: 1742848K Free: 1220313K (70%)
----------------- Invoking toplevel() on ptolemy.moml.MoMLSimpleApplication@12b32a97
----------------- Done invoking toplevel() on ptolemy.moml.MoMLSimpleApplication@12b32a97
reloadAllAccessors: .functionClosureTest4

===========================================================================================
----------------- testing Wed Feb 27 20:43:07 UTC 2019 /home/travis/build/icyphy/ptII/ptolemy/actor/lib/test/auto/functionClosureTest5.xml
----------------- Instantiating /home/travis/build/icyphy/ptII/ptolemy/actor/lib/test/auto/functionClosureTest5.xml
3 ms. Memory: 1742848K Free: 1199701K (69%)
----------------- Invoking toplevel() on ptolemy.moml.MoMLSimpleApplication@2e02cd7b
----------------- Done invoking toplevel() on ptolemy.moml.MoMLSimpleApplication@2e02cd7b
reloadAllAccessors: .functionClosureTest5

===========================================================================================
----------------- testing Wed Feb 27 20:43:07 UTC 2019 /home/travis/build/icyphy/ptII/ptolemy/actor/lib/test/auto/functionClosureTest6.xml
----------------- Instantiating /home/travis/build/icyphy/ptII/ptolemy/actor/lib/test/auto/functionClosureTest6.xml
2 ms. Memory: 1742848K Free: 1183435K (68%)
----------------- Invoking toplevel() on ptolemy.moml.MoMLSimpleApplication@6f766d15
----------------- Done invoking toplevel() on ptolemy.moml.MoMLSimpleApplication@6f766d15
reloadAllAccessors: .functionClosureTest6

===========================================================================================
----------------- testing Wed Feb 27 20:43:07 UTC 2019 /home/travis/build/icyphy/ptII/ptolemy/actor/lib/test/auto/functionsOnArcs.xml
----------------- Instantiating /home/travis/build/icyphy/ptII/ptolemy/actor/lib/test/auto/functionsOnArcs.xml
2 ms. Memory: 1742848K Free: 1162823K (67%)
----------------- Invoking toplevel() on ptolemy.moml.MoMLSimpleApplication@578adb24
----------------- Done invoking toplevel() on ptolemy.moml.MoMLSimpleApplication@578adb24
reloadAllAccessors: .functionsOnArcs

===========================================================================================
----------------- testing Wed Feb 27 20:43:07 UTC 2019 /home/travis/build/icyphy/ptII/ptolemy/actor/lib/test/auto/functionsOnArcsHOF.xml
----------------- Instantiating /home/travis/build/icyphy/ptII/ptolemy/actor/lib/test/auto/functionsOnArcsHOF.xml
2 ms. Memory: 1742848K Free: 1146557K (66%)
----------------- Invoking toplevel() on ptolemy.moml.MoMLSimpleApplication@6be71619
----------------- Done invoking toplevel() on ptolemy.moml.MoMLSimpleApplication@6be71619
reloadAllAccessors: .functionsOnArcsHOF

===========================================================================================
----------------- testing Wed Feb 27 20:43:07 UTC 2019 /home/travis/build/icyphy/ptII/ptolemy/actor/lib/test/auto/logic.xml
----------------- Instantiating /home/travis/build/icyphy/ptII/ptolemy/actor/lib/test/auto/logic.xml
3 ms. Memory: 1742848K Free: 1125945K (65%)
----------------- Invoking toplevel() on ptolemy.moml.MoMLSimpleApplication@bb56a54
----------------- Done invoking toplevel() on ptolemy.moml.MoMLSimpleApplication@bb56a54
reloadAllAccessors: .logic

===========================================================================================
----------------- testing Wed Feb 27 20:43:07 UTC 2019 /home/travis/build/icyphy/ptII/ptolemy/actor/lib/test/auto/matrixType.xml
----------------- Instantiating /home/travis/build/icyphy/ptII/ptolemy/actor/lib/test/auto/matrixType.xml
1 ms. Memory: 1742848K Free: 1105333K (63%)
----------------- Invoking toplevel() on ptolemy.moml.MoMLSimpleApplication@262e0d96
----------------- Done invoking toplevel() on ptolemy.moml.MoMLSimpleApplication@262e0d96
reloadAllAccessors: .matrixType

===========================================================================================
----------------- testing Wed Feb 27 20:43:07 UTC 2019 /home/travis/build/icyphy/ptII/ptolemy/actor/lib/test/auto/matrixType10.xml
----------------- Instantiating /home/travis/build/icyphy/ptII/ptolemy/actor/lib/test/auto/matrixType10.xml
2 ms. Memory: 1742848K Free: 1089067K (62%)
----------------- Invoking toplevel() on ptolemy.moml.MoMLSimpleApplication@1b6c7a94
----------------- Done invoking toplevel() on ptolemy.moml.MoMLSimpleApplication@1b6c7a94
reloadAllAccessors: .matrixType10

===========================================================================================
----------------- testing Wed Feb 27 20:43:07 UTC 2019 /home/travis/build/icyphy/ptII/ptolemy/actor/lib/test/auto/matrixType11.xml
----------------- Instantiating /home/travis/build/icyphy/ptII/ptolemy/actor/lib/test/auto/matrixType11.xml
2 ms. Memory: 1742848K Free: 1068455K (61%)
----------------- Invoking toplevel() on ptolemy.moml.MoMLSimpleApplication@570a451e
----------------- Done invoking toplevel() on ptolemy.moml.MoMLSimpleApplication@570a451e
reloadAllAccessors: .matrixType11

===========================================================================================
----------------- testing Wed Feb 27 20:43:07 UTC 2019 /home/travis/build/icyphy/ptII/ptolemy/actor/lib/test/auto/matrixType12.xml
----------------- Instantiating /home/travis/build/icyphy/ptII/ptolemy/actor/lib/test/auto/matrixType12.xml
2 ms. Memory: 1742848K Free: 1052189K (60%)
----------------- Invoking toplevel() on ptolemy.moml.MoMLSimpleApplication@3f52a808
----------------- Done invoking toplevel() on ptolemy.moml.MoMLSimpleApplication@3f52a808
reloadAllAccessors: .matrixType12

===========================================================================================
----------------- testing Wed Feb 27 20:43:07 UTC 2019 /home/travis/build/icyphy/ptII/ptolemy/actor/lib/test/auto/matrixType13.xml
----------------- Instantiating /home/travis/build/icyphy/ptII/ptolemy/actor/lib/test/auto/matrixType13.xml
2 ms. Memory: 1742848K Free: 1031577K (59%)
----------------- Invoking toplevel() on ptolemy.moml.MoMLSimpleApplication@382d56c8
----------------- Done invoking toplevel() on ptolemy.moml.MoMLSimpleApplication@382d56c8
reloadAllAccessors: .matrixType13

===========================================================================================
----------------- testing Wed Feb 27 20:43:07 UTC 2019 /home/travis/build/icyphy/ptII/ptolemy/actor/lib/test/auto/matrixType14.xml
----------------- Instantiating /home/travis/build/icyphy/ptII/ptolemy/actor/lib/test/auto/matrixType14.xml
2 ms. Memory: 1742848K Free: 1010965K (58%)
----------------- Invoking toplevel() on ptolemy.moml.MoMLSimpleApplication@496b6267
----------------- Done invoking toplevel() on ptolemy.moml.MoMLSimpleApplication@496b6267
reloadAllAccessors: .matrixType14

===========================================================================================
----------------- testing Wed Feb 27 20:43:07 UTC 2019 /home/travis/build/icyphy/ptII/ptolemy/actor/lib/test/auto/matrixType2.xml
----------------- Instantiating /home/travis/build/icyphy/ptII/ptolemy/actor/lib/test/auto/matrixType2.xml
1 ms. Memory: 1742848K Free: 994699K (57%)
----------------- Invoking toplevel() on ptolemy.moml.MoMLSimpleApplication@5fc4000e
----------------- Done invoking toplevel() on ptolemy.moml.MoMLSimpleApplication@5fc4000e
reloadAllAccessors: .matrixType2

===========================================================================================
----------------- testing Wed Feb 27 20:43:07 UTC 2019 /home/travis/build/icyphy/ptII/ptolemy/actor/lib/test/auto/matrixType3.xml
----------------- Instantiating /home/travis/build/icyphy/ptII/ptolemy/actor/lib/test/auto/matrixType3.xml
3 ms. Memory: 1742848K Free: 974087K (56%)
----------------- Invoking toplevel() on ptolemy.moml.MoMLSimpleApplication@51f99288
----------------- Done invoking toplevel() on ptolemy.moml.MoMLSimpleApplication@51f99288
reloadAllAccessors: .matrixType3

===========================================================================================
----------------- testing Wed Feb 27 20:43:07 UTC 2019 /home/travis/build/icyphy/ptII/ptolemy/actor/lib/test/auto/matrixType4.xml
----------------- Instantiating /home/travis/build/icyphy/ptII/ptolemy/actor/lib/test/auto/matrixType4.xml
1 ms. Memory: 1742848K Free: 957820K (55%)
----------------- Invoking toplevel() on ptolemy.moml.MoMLSimpleApplication@5dc37ff
----------------- Done invoking toplevel() on ptolemy.moml.MoMLSimpleApplication@5dc37ff
reloadAllAccessors: .matrixType4

===========================================================================================
----------------- testing Wed Feb 27 20:43:07 UTC 2019 /home/travis/build/icyphy/ptII/ptolemy/actor/lib/test/auto/matrixType5.xml
----------------- Instantiating /home/travis/build/icyphy/ptII/ptolemy/actor/lib/test/auto/matrixType5.xml
1 ms. Memory: 1742848K Free: 937209K (54%)
----------------- Invoking toplevel() on ptolemy.moml.MoMLSimpleApplication@38017886
----------------- Done invoking toplevel() on ptolemy.moml.MoMLSimpleApplication@38017886
reloadAllAccessors: .matrixType5

===========================================================================================
----------------- testing Wed Feb 27 20:43:07 UTC 2019 /home/travis/build/icyphy/ptII/ptolemy/actor/lib/test/auto/matrixType6.xml
----------------- Instantiating /home/travis/build/icyphy/ptII/ptolemy/actor/lib/test/auto/matrixType6.xml
2 ms. Memory: 1742848K Free: 916597K (53%)
----------------- Invoking toplevel() on ptolemy.moml.MoMLSimpleApplication@6fb8ada0
----------------- Done invoking toplevel() on ptolemy.moml.MoMLSimpleApplication@6fb8ada0
reloadAllAccessors: .matrixType6

===========================================================================================
----------------- testing Wed Feb 27 20:43:07 UTC 2019 /home/travis/build/icyphy/ptII/ptolemy/actor/lib/test/auto/matrixType7.xml
----------------- Instantiating /home/travis/build/icyphy/ptII/ptolemy/actor/lib/test/auto/matrixType7.xml
2 ms. Memory: 1742848K Free: 900331K (52%)
----------------- Invoking toplevel() on ptolemy.moml.MoMLSimpleApplication@431de58d
----------------- Done invoking toplevel() on ptolemy.moml.MoMLSimpleApplication@431de58d
reloadAllAccessors: .matrixType7

===========================================================================================
----------------- testing Wed Feb 27 20:43:07 UTC 2019 /home/travis/build/icyphy/ptII/ptolemy/actor/lib/test/auto/matrixType8.xml
----------------- Instantiating /home/travis/build/icyphy/ptII/ptolemy/actor/lib/test/auto/matrixType8.xml
1 ms. Memory: 1742848K Free: 879719K (50%)
----------------- Invoking toplevel() on ptolemy.moml.MoMLSimpleApplication@658c7440
----------------- Done invoking toplevel() on ptolemy.moml.MoMLSimpleApplication@658c7440
reloadAllAccessors: .matrixType8

===========================================================================================
----------------- testing Wed Feb 27 20:43:07 UTC 2019 /home/travis/build/icyphy/ptII/ptolemy/actor/lib/test/auto/matrixType9.xml
----------------- Instantiating /home/travis/build/icyphy/ptII/ptolemy/actor/lib/test/auto/matrixType9.xml
2 ms. Memory: 1742848K Free: 863452K (50%)
----------------- Invoking toplevel() on ptolemy.moml.MoMLSimpleApplication@51aca1a4
----------------- Done invoking toplevel() on ptolemy.moml.MoMLSimpleApplication@51aca1a4
reloadAllAccessors: .matrixType9

===========================================================================================
----------------- testing Wed Feb 27 20:43:07 UTC 2019 /home/travis/build/icyphy/ptII/ptolemy/actor/lib/test/auto/paraFunctest.xml
----------------- Instantiating /home/travis/build/icyphy/ptII/ptolemy/actor/lib/test/auto/paraFunctest.xml
1 ms. Memory: 1742848K Free: 842840K (48%)
----------------- Invoking toplevel() on ptolemy.moml.MoMLSimpleApplication@7b7a2a77
----------------- Done invoking toplevel() on ptolemy.moml.MoMLSimpleApplication@7b7a2a77
reloadAllAccessors: .paraFunctest

===========================================================================================
----------------- testing Wed Feb 27 20:43:07 UTC 2019 /home/travis/build/icyphy/ptII/ptolemy/actor/lib/test/auto/paraFunctest2.xml
----------------- Instantiating /home/travis/build/icyphy/ptII/ptolemy/actor/lib/test/auto/paraFunctest2.xml
2 ms. Memory: 1742848K Free: 822228K (47%)
----------------- Invoking toplevel() on ptolemy.moml.MoMLSimpleApplication@5786e549
----------------- Done invoking toplevel() on ptolemy.moml.MoMLSimpleApplication@5786e549
reloadAllAccessors: .paraFunctest2

===========================================================================================
----------------- testing Wed Feb 27 20:43:07 UTC 2019 /home/travis/build/icyphy/ptII/ptolemy/actor/lib/test/auto/parameterPassing.xml
----------------- Instantiating /home/travis/build/icyphy/ptII/ptolemy/actor/lib/test/auto/parameterPassing.xml
1 ms. Memory: 1742848K Free: 805962K (46%)
----------------- Invoking toplevel() on ptolemy.moml.MoMLSimpleApplication@41d0d9b0
----------------- Done invoking toplevel() on ptolemy.moml.MoMLSimpleApplication@41d0d9b0
reloadAllAccessors: .parameterPassing

===========================================================================================
----------------- testing Wed Feb 27 20:43:07 UTC 2019 /home/travis/build/icyphy/ptII/ptolemy/actor/lib/test/auto/record.xml
----------------- Instantiating /home/travis/build/icyphy/ptII/ptolemy/actor/lib/test/auto/record.xml
3 ms. Memory: 1742848K Free: 785350K (45%)
----------------- Invoking toplevel() on ptolemy.moml.MoMLSimpleApplication@14e1bd81
----------------- Done invoking toplevel() on ptolemy.moml.MoMLSimpleApplication@14e1bd81
reloadAllAccessors: .record

===========================================================================================
----------------- testing Wed Feb 27 20:43:07 UTC 2019 /home/travis/build/icyphy/ptII/ptolemy/actor/lib/test/auto/sizedarray1.xml
----------------- Instantiating /home/travis/build/icyphy/ptII/ptolemy/actor/lib/test/auto/sizedarray1.xml
2 ms. Memory: 1742848K Free: 769084K (44%)
----------------- Invoking toplevel() on ptolemy.moml.MoMLSimpleApplication@76c424ef
----------------- Done invoking toplevel() on ptolemy.moml.MoMLSimpleApplication@76c424ef
reloadAllAccessors: .sizedarray1

===========================================================================================
----------------- testing Wed Feb 27 20:43:07 UTC 2019 /home/travis/build/icyphy/ptII/ptolemy/actor/lib/test/auto/sizedarray2.xml
----------------- Instantiating /home/travis/build/icyphy/ptII/ptolemy/actor/lib/test/auto/sizedarray2.xml
3 ms. Memory: 1742848K Free: 748472K (43%)
----------------- Invoking toplevel() on ptolemy.moml.MoMLSimpleApplication@5444c920
----------------- Done invoking toplevel() on ptolemy.moml.MoMLSimpleApplication@5444c920
reloadAllAccessors: .sizedarray2

===========================================================================================
----------------- testing Wed Feb 27 20:43:07 UTC 2019 /home/travis/build/icyphy/ptII/ptolemy/actor/lib/test/auto/twoPublishers.xml
----------------- Instantiating /home/travis/build/icyphy/ptII/ptolemy/actor/lib/test/auto/twoPublishers.xml
4 ms. Memory: 1742848K Free: 727860K (42%)
----------------- Invoking toplevel() on ptolemy.moml.MoMLSimpleApplication@2cdabe5
----------------- Done invoking toplevel() on ptolemy.moml.MoMLSimpleApplication@2cdabe5
reloadAllAccessors: .twoPublishers
AutoTests.java: About to close Vertx.
AutoTests.java: Vertx closed.
]]></system-out>
  <system-err><![CDATA[java.lang.RuntimeException: Execution failed
	at ptolemy.moml.MoMLSimpleApplication$UnloadThread.run(MoMLSimpleApplication.java:402)
Caused by: java.lang.RuntimeException: StringUtilities.exit() was called. Normally, we would exit here because Manager.exitAfterWrapup() was called.  However, because the ptolemy.ptII.exitAfterWrapup property is set, we throw this exception instead.
	at ptolemy.util.StringUtilities.exit(StringUtilities.java:363)
	at ptolemy.actor.Manager.wrapup(Manager.java:1531)
	at ptolemy.actor.Manager.execute(Manager.java:407)
	at ptolemy.actor.Manager.run(Manager.java:1263)
	at ptolemy.actor.Manager$PtolemyRunThread.run(Manager.java:1915)
Warning: '.top.test' is in training mode, set the trainingMode parameter to false before checking in
Warning: '.top.test' is in training mode, set the trainingMode parameter to false before checking in
Warning: '.top.test' is in training mode, set the trainingMode parameter to false before checking in
Warning: '.BooleanSwitch_RegressionTest_WrongTrainingValues.Test' is in training mode, set the trainingMode parameter to false before checking in
Warning: '.BooleanSwitch_RegressionTest_WrongTrainingValues.Test2' is in training mode, set the trainingMode parameter to false before checking in
Warning: '.BooleanSwitch_RegressionTest_WrongTrainingValues.Test2' The test produced 0 tokens.
Warning: '.top.testExceptionHandler' is in training mode, set the trainingMode parameter to false before checking in
java.lang.RuntimeException: Execution failed
	at ptolemy.moml.MoMLSimpleApplication$UnloadThread.run(MoMLSimpleApplication.java:402)
Caused by: ptolemy.kernel.util.IllegalActionException: PublisherPorts cannot be used at the top level, use a Publisher actor instead.
  in .PublisherPortToplevelSubscriber.PublisherPort
	at ptolemy.actor.PublisherPort.preinitialize(PublisherPort.java:403)
	at ptolemy.actor.CompositeActor.preinitialize(CompositeActor.java:1769)
	at ptolemy.actor.Manager.preinitializeAndResolveTypes(Manager.java:1040)
	at ptolemy.actor.Manager.initialize(Manager.java:710)
	at ptolemy.actor.Manager.execute(Manager.java:356)
	at ptolemy.actor.Manager.run(Manager.java:1263)
	at ptolemy.actor.Manager$PtolemyRunThread.run(Manager.java:1915)
java.lang.reflect.InvocationTargetException
	at sun.reflect.NativeConstructorAccessorImpl.newInstance0(Native Method)
	at sun.reflect.NativeConstructorAccessorImpl.newInstance(NativeConstructorAccessorImpl.java:62)
	at sun.reflect.DelegatingConstructorAccessorImpl.newInstance(DelegatingConstructorAccessorImpl.java:45)
	at java.lang.reflect.Constructor.newInstance(Constructor.java:423)
	at ptolemy.util.test.junit.AutoKnownFailedTests.RunModel(AutoKnownFailedTests.java:105)
	at sun.reflect.NativeMethodAccessorImpl.invoke0(Native Method)
	at sun.reflect.NativeMethodAccessorImpl.invoke(NativeMethodAccessorImpl.java:62)
	at sun.reflect.DelegatingMethodAccessorImpl.invoke(DelegatingMethodAccessorImpl.java:43)
	at java.lang.reflect.Method.invoke(Method.java:498)
	at org.junit.runners.model.FrameworkMethod$1.runReflectiveCall(FrameworkMethod.java:44)
	at org.junit.internal.runners.model.ReflectiveCallable.run(ReflectiveCallable.java:15)
	at org.junit.runners.model.FrameworkMethod.invokeExplosively(FrameworkMethod.java:41)
	at junitparams.internal.InvokeParameterisedMethod.evaluate(InvokeParameterisedMethod.java:102)
	at org.junit.internal.runners.statements.FailOnTimeout$1.run(FailOnTimeout.java:28)
Caused by: ptolemy.kernel.util.IllegalActionException: PublisherPorts cannot be used at the top level, use a Publisher actor instead.
  in .PublisherPortToplevelSubscriber.PublisherPort
	at ptolemy.actor.PublisherPort.preinitialize(PublisherPort.java:403)
	at ptolemy.actor.CompositeActor.preinitialize(CompositeActor.java:1769)
	at ptolemy.actor.Manager.preinitializeAndResolveTypes(Manager.java:1040)
	at ptolemy.actor.Manager.initialize(Manager.java:710)
	at ptolemy.actor.Manager.execute(Manager.java:356)
	at ptolemy.actor.Manager.run(Manager.java:1263)
	at ptolemy.actor.Manager$PtolemyRunThread.run(Manager.java:1915)
java.lang.RuntimeException: Execution failed
	at ptolemy.moml.MoMLSimpleApplication$UnloadThread.run(MoMLSimpleApplication.java:402)
Caused by: ptolemy.kernel.util.IllegalActionException: SubscriberPorts cannot be used at the top level, use a Subscriber actor instead.
  in .PublisherSubscriberPortToplevel.SubscriberPort
	at ptolemy.actor.SubscriberPort.preinitialize(SubscriberPort.java:328)
	at ptolemy.actor.CompositeActor.preinitialize(CompositeActor.java:1769)
	at ptolemy.actor.Manager.preinitializeAndResolveTypes(Manager.java:1040)
	at ptolemy.actor.Manager.initialize(Manager.java:710)
	at ptolemy.actor.Manager.execute(Manager.java:356)
	at ptolemy.actor.Manager.run(Manager.java:1263)
	at ptolemy.actor.Manager$PtolemyRunThread.run(Manager.java:1915)
java.lang.reflect.InvocationTargetException
	at sun.reflect.NativeConstructorAccessorImpl.newInstance0(Native Method)
	at sun.reflect.NativeConstructorAccessorImpl.newInstance(NativeConstructorAccessorImpl.java:62)
	at sun.reflect.DelegatingConstructorAccessorImpl.newInstance(DelegatingConstructorAccessorImpl.java:45)
	at java.lang.reflect.Constructor.newInstance(Constructor.java:423)
	at ptolemy.util.test.junit.AutoKnownFailedTests.RunModel(AutoKnownFailedTests.java:105)
	at sun.reflect.NativeMethodAccessorImpl.invoke0(Native Method)
	at sun.reflect.NativeMethodAccessorImpl.invoke(NativeMethodAccessorImpl.java:62)
	at sun.reflect.DelegatingMethodAccessorImpl.invoke(DelegatingMethodAccessorImpl.java:43)
	at java.lang.reflect.Method.invoke(Method.java:498)
	at org.junit.runners.model.FrameworkMethod$1.runReflectiveCall(FrameworkMethod.java:44)
	at org.junit.internal.runners.model.ReflectiveCallable.run(ReflectiveCallable.java:15)
	at org.junit.runners.model.FrameworkMethod.invokeExplosively(FrameworkMethod.java:41)
	at junitparams.internal.InvokeParameterisedMethod.evaluate(InvokeParameterisedMethod.java:102)
	at org.junit.internal.runners.statements.FailOnTimeout$1.run(FailOnTimeout.java:28)
Caused by: ptolemy.kernel.util.IllegalActionException: SubscriberPorts cannot be used at the top level, use a Subscriber actor instead.
  in .PublisherSubscriberPortToplevel.SubscriberPort
	at ptolemy.actor.SubscriberPort.preinitialize(SubscriberPort.java:328)
	at ptolemy.actor.CompositeActor.preinitialize(CompositeActor.java:1769)
	at ptolemy.actor.Manager.preinitializeAndResolveTypes(Manager.java:1040)
	at ptolemy.actor.Manager.initialize(Manager.java:710)
	at ptolemy.actor.Manager.execute(Manager.java:356)
	at ptolemy.actor.Manager.run(Manager.java:1263)
	at ptolemy.actor.Manager$PtolemyRunThread.run(Manager.java:1915)
java.lang.RuntimeException: Execution failed
	at ptolemy.moml.MoMLSimpleApplication$UnloadThread.run(MoMLSimpleApplication.java:402)
Caused by: ptolemy.kernel.util.IllegalActionException: SubscriptionAggregatorPorts cannot be used at the top level, use a SubscriptionAggregator actor instead.
  in .PublisherSubscriptionAggregatorPort.SubscriptionAggregatorPort
	at ptolemy.actor.SubscriptionAggregatorPort.preinitialize(SubscriptionAggregatorPort.java:353)
	at ptolemy.actor.CompositeActor.preinitialize(CompositeActor.java:1769)
	at ptolemy.actor.Manager.preinitializeAndResolveTypes(Manager.java:1040)
	at ptolemy.actor.Manager.initialize(Manager.java:710)
	at ptolemy.actor.Manager.execute(Manager.java:356)
	at ptolemy.actor.Manager.run(Manager.java:1263)
	at ptolemy.actor.Manager$PtolemyRunThread.run(Manager.java:1915)
java.lang.reflect.InvocationTargetException
	at sun.reflect.NativeConstructorAccessorImpl.newInstance0(Native Method)
	at sun.reflect.NativeConstructorAccessorImpl.newInstance(NativeConstructorAccessorImpl.java:62)
	at sun.reflect.DelegatingConstructorAccessorImpl.newInstance(DelegatingConstructorAccessorImpl.java:45)
	at java.lang.reflect.Constructor.newInstance(Constructor.java:423)
	at ptolemy.util.test.junit.AutoKnownFailedTests.RunModel(AutoKnownFailedTests.java:105)
	at sun.reflect.NativeMethodAccessorImpl.invoke0(Native Method)
	at sun.reflect.NativeMethodAccessorImpl.invoke(NativeMethodAccessorImpl.java:62)
	at sun.reflect.DelegatingMethodAccessorImpl.invoke(DelegatingMethodAccessorImpl.java:43)
	at java.lang.reflect.Method.invoke(Method.java:498)
	at org.junit.runners.model.FrameworkMethod$1.runReflectiveCall(FrameworkMethod.java:44)
	at org.junit.internal.runners.model.ReflectiveCallable.run(ReflectiveCallable.java:15)
	at org.junit.runners.model.FrameworkMethod.invokeExplosively(FrameworkMethod.java:41)
	at junitparams.internal.InvokeParameterisedMethod.evaluate(InvokeParameterisedMethod.java:102)
	at org.junit.internal.runners.statements.FailOnTimeout$1.run(FailOnTimeout.java:28)
Caused by: ptolemy.kernel.util.IllegalActionException: SubscriptionAggregatorPorts cannot be used at the top level, use a SubscriptionAggregator actor instead.
  in .PublisherSubscriptionAggregatorPort.SubscriptionAggregatorPort
	at ptolemy.actor.SubscriptionAggregatorPort.preinitialize(SubscriptionAggregatorPort.java:353)
	at ptolemy.actor.CompositeActor.preinitialize(CompositeActor.java:1769)
	at ptolemy.actor.Manager.preinitializeAndResolveTypes(Manager.java:1040)
	at ptolemy.actor.Manager.initialize(Manager.java:710)
	at ptolemy.actor.Manager.execute(Manager.java:356)
	at ptolemy.actor.Manager.run(Manager.java:1263)
	at ptolemy.actor.Manager$PtolemyRunThread.run(Manager.java:1915)
java.lang.RuntimeException: Execution failed
	at ptolemy.moml.MoMLSimpleApplication$UnloadThread.run(MoMLSimpleApplication.java:402)
Caused by: ptolemy.kernel.util.IllegalActionException: TypeTest actor has no training data.
  in .sizedarray3.TypeTest
	at ptolemy.actor.lib.TypeTest.initialize(TypeTest.java:250)
	at ptolemy.actor.Director.initialize(Director.java:938)
	at ptolemy.actor.Director.initialize(Director.java:907)
	at ptolemy.actor.sched.StaticSchedulingDirector.initialize(StaticSchedulingDirector.java:159)
	at ptolemy.domains.sdf.kernel.SDFDirector.initialize(SDFDirector.java:544)
	at ptolemy.actor.CompositeActor.initialize(CompositeActor.java:935)
	at ptolemy.actor.Manager.initialize(Manager.java:724)
	at ptolemy.actor.Manager.execute(Manager.java:356)
	at ptolemy.actor.Manager.run(Manager.java:1263)
	at ptolemy.actor.Manager$PtolemyRunThread.run(Manager.java:1915)
java.lang.reflect.InvocationTargetException
	at sun.reflect.NativeConstructorAccessorImpl.newInstance0(Native Method)
	at sun.reflect.NativeConstructorAccessorImpl.newInstance(NativeConstructorAccessorImpl.java:62)
	at sun.reflect.DelegatingConstructorAccessorImpl.newInstance(DelegatingConstructorAccessorImpl.java:45)
	at java.lang.reflect.Constructor.newInstance(Constructor.java:423)
	at ptolemy.util.test.junit.AutoKnownFailedTests.RunModel(AutoKnownFailedTests.java:105)
	at sun.reflect.NativeMethodAccessorImpl.invoke0(Native Method)
	at sun.reflect.NativeMethodAccessorImpl.invoke(NativeMethodAccessorImpl.java:62)
	at sun.reflect.DelegatingMethodAccessorImpl.invoke(DelegatingMethodAccessorImpl.java:43)
	at java.lang.reflect.Method.invoke(Method.java:498)
	at org.junit.runners.model.FrameworkMethod$1.runReflectiveCall(FrameworkMethod.java:44)
	at org.junit.internal.runners.model.ReflectiveCallable.run(ReflectiveCallable.java:15)
	at org.junit.runners.model.FrameworkMethod.invokeExplosively(FrameworkMethod.java:41)
	at junitparams.internal.InvokeParameterisedMethod.evaluate(InvokeParameterisedMethod.java:102)
	at org.junit.internal.runners.statements.FailOnTimeout$1.run(FailOnTimeout.java:28)
Caused by: ptolemy.kernel.util.IllegalActionException: TypeTest actor has no training data.
  in .sizedarray3.TypeTest
	at ptolemy.actor.lib.TypeTest.initialize(TypeTest.java:250)
	at ptolemy.actor.Director.initialize(Director.java:938)
	at ptolemy.actor.Director.initialize(Director.java:907)
	at ptolemy.actor.sched.StaticSchedulingDirector.initialize(StaticSchedulingDirector.java:159)
	at ptolemy.domains.sdf.kernel.SDFDirector.initialize(SDFDirector.java:544)
	at ptolemy.actor.CompositeActor.initialize(CompositeActor.java:935)
	at ptolemy.actor.Manager.initialize(Manager.java:724)
	at ptolemy.actor.Manager.execute(Manager.java:356)
	at ptolemy.actor.Manager.run(Manager.java:1263)
	at ptolemy.actor.Manager$PtolemyRunThread.run(Manager.java:1915)
]]></system-err>
</testsuite>
