<?xml version="1.0" encoding="UTF-8" ?>
<testsuite errors="0" failures="0" hostname="travis-job-e9097827-1d31-4f6d-933d-7dcc859c90b1" name="ptolemy.actor.lib.test.junit.JUnitTclTest" skipped="0" tests="517" time="60.601" timestamp="2020-10-01T16:26:40">
  <properties>
    <property name="npm.executable" value="npm" />
    <property name="env.TRAVIS_ROOT" value="/" />
    <property name="ptII.mk.exists" value="true" />
    <property name="env.TRAVIS_APP_HOST" value="build.travis-ci.org" />
    <property name="env.rvm_bin_path" value="/home/travis/.rvm/bin" />
    <property name="java.home" value="/usr/local/lib/jvm/openjdk11" />
    <property name="env.TRAVIS_JOB_NUMBER" value="1781.8" />
    <property name="env.TRAVIS_HOME" value="/home/travis" />
    <property name="env.DISPLAY" value=":99.0" />
    <property name="env.TRAVIS_INIT" value="systemd" />
    <property name="env.SSH_TTY" value="/dev/pts/0" />
    <property name="java.net.preferIPv4Stack" value="true" />
    <property name="env.RUN_TESTS" value="true" />
    <property name="timeout.short" value="1000000" />
    <property name="junit.formatter" value="xml" />
    <property name="env.TRAVIS_SUDO" value="true" />
    <property name="env.TRAVIS_JOB_NAME" value="" />
    <property name="env.TRAVIS_STACK_NODE_ATTRIBUTES" value="/.node-attributes.yml" />
    <property name="env.LOGNAME" value="travis" />
    <property name="env.PT_TRAVIS_TEST_CORE1_XML" value="true" />
    <property name="jsdoc.home" value="node_modules/@terraswarm/jsdoc" />
    <property name="debuglevel" value="source,lines,vars" />
    <property name="checkstyle.formatter" value="xml" />
    <property name="bin.vergil.makeable" value="true" />
    <property name="sun.os.patch.level" value="unknown" />
    <property name="java.vendor.url" value="http://java.oracle.com/" />
    <property name="env.TRAVIS_BUILD_WEB_URL" value="https://travis-ci.org/icyphy/ptII/builds/731979845" />
    <property name="java.version" value="11.0.2" />
    <property name="env.TZ" value="UTC" />
    <property name="env.TRAVIS_PULL_REQUEST_SHA" value="" />
    <property name="env.PT_NO_NET" value="true" />
    <property name="env.TRAVIS_SECURE_ENV_VARS" value="true" />
    <property name="java.vendor.url.bug" value="http://bugreport.java.com/bugreport/" />
    <property name="npmjs-org-is-up" value="true" />
    <property name="env.LANGUAGE" value="en_US.UTF-8" />
    <property name="env.SSH_CLIENT" value="10.16.4.17 50446 22" />
    <property name="env.GEM_HOME" value="/home/travis/.rvm/gems/ruby-2.5.3" />
    <property name="env.HAS_ANTARES_THREE_LITTLE_FRONZIES_BADGE" value="true" />
    <property name="java.version.date" value="2019-01-15" />
    <property name="env.PS4" value="+" />
    <property name="ant.project.invoked-targets" value="build,test.core1.xml" />
    <property name="env.TRAVIS_PULL_REQUEST_BRANCH" value="" />
    <property name="env.TRAVIS_REPO_SLUG" value="icyphy/ptII" />
    <property name="env.XDG_DATA_DIRS" value="/usr/local/share:/usr/share:/var/lib/snapd/desktop" />
    <property name="jdk.debug" value="release" />
    <property name="env.TRAVIS_APT_PROXY" value="http://build-cache.travisci.net" />
    <property name="env.TRAVIS_CPU_ARCH" value="amd64" />
    <property name="node.in.path" value="true" />
    <property name="user.name" value="travis" />
    <property name="java.maxmemory" value="1400m" />
    <property name="env.RUBY_VERSION" value="ruby-2.5.3" />
    <property name="env.LANG" value="en_US.UTF-8" />
    <property name="sun.io.unicode.encoding" value="UnicodeLittle" />
    <property name="sun.jnu.encoding" value="UTF-8" />
    <property name="java.runtime.name" value="OpenJDK Runtime Environment" />
    <property name="usefile" value="false" />
    <property name="return.code" value="0" />
    <property name="junit.single.formatter" value="plain" />
    <property name="env.DYLD_LIBRARY_PATH" value="/home/travis/pthla/certi-tools/lib:" />
    <property name="env.DEBIAN_FRONTEND" value="noninteractive" />
    <property name="env.SSH_CONNECTION" value="10.16.4.17 50446 10.20.255.55 22" />
    <property name="env.MYSQL_UNIX_PORT" value="/var/run/mysqld/mysqld.sock" />
    <property name="env.LC_ALL" value="en_US.UTF-8" />
    <property name="env.TRAVIS_ALLOW_FAILURE" value="" />
    <property name="env.TRAVIS_JOB_WEB_URL" value="https://travis-ci.org/icyphy/ptII/jobs/731979853" />
    <property name="java.specification.name" value="Java Platform API Specification" />
    <property name="node.works" value="true" />
    <property name="user.timezone" value="" />
    <property name="path.separator" value=":" />
    <property name="env.TRAVIS_ENABLE_INFRA_DETECTION" value="true" />
    <property name="env.PYTHON_CFLAGS" value="-g -fstack-protector --param=ssp-buffer-size=4 -Wformat -Werror=format-security" />
    <property name="timeout.long" value="4000000" />
    <property name="env.CERTI_HOME" value="/home/travis/pthla/certi-tools" />
    <property name="ant.file.ptII" value="/home/travis/build/icyphy/ptII/build.xml" />
    <property name="javadoc.packagenames" value="com.*,diva.*,lbnl.*,org.hlacerti.*,org.json.*,org.ptolemy.*,org.terraswarm.*,ptolemy.*,ptserver.*" />
    <property name="file.encoding" value="UTF-8" />
    <property name="env.TRAVIS_PULL_REQUEST_SLUG" value="" />
    <property name="ant.project.default-target" value="build" />
    <property name="env.GIT_ASKPASS" value="echo" />
    <property name="env.HOME" value="/home/travis" />
    <property name="sun.java.command" value="org.apache.tools.ant.taskdefs.optional.junit.JUnitTestRunner ptolemy.actor.lib.test.junit.JUnitTclTest skipNonTests=false filtertrace=true haltOnError=false haltOnFailure=false formatter=org.apache.tools.ant.taskdefs.optional.junit.OutErrSummaryJUnitResultFormatter showoutput=true outputtoformatters=true logfailedtests=true threadid=0 logtestlistenerevents=false formatter=org.apache.tools.ant.taskdefs.optional.junit.XMLJUnitResultFormatter,/home/travis/build/icyphy/ptII/reports/junit/TEST-ptolemy.actor.lib.test.junit.JUnitTclTest.xml crashfile=/home/travis/build/icyphy/ptII/junitvmwatcher6902957610442050727.properties propsfile=/home/travis/build/icyphy/ptII/junit2762814803785197277.properties" />
    <property name="env.COMPOSER_NO_INTERACTION" value="1" />
    <property name="env.MANPATH" value="/home/travis/.nvm/versions/node/v7.10.1/share/man:/home/travis/.rvm/rubies/ruby-2.5.3/share/man:/usr/local/cmake-3.12.4/man:/usr/local/clang-7.0.0/share/man:/usr/local/man:/usr/local/share/man:/usr/share/man:/home/travis/.rvm/man" />
    <property name="env.TRAVIS_TIMER_ID" value="000d65a4" />
    <property name="ant.file" value="/home/travis/build/icyphy/ptII/build.xml" />
    <property name="env.TRAVIS_COMMIT_RANGE" value="3bb573e462e9b4151952318d01b7e361e9f419ad...74248200255084cca0f8d02e5ad09f36c0965423" />
    <property name="ptII.classpath.optional.property" value="/home/travis/build/icyphy/ptII/lib/bsh-2.0b4.jar:/home/travis/build/icyphy/ptII/lib/ptCal.jar:/home/travis/build/icyphy/ptII/lib/java_cup.jar:/home/travis/build/icyphy/ptII/lib/saxon8.jar:/home/travis/build/icyphy/ptII/lib/saxon8-dom.jar:/home/travis/build/icyphy/ptII/lib/chic.jar:/home/travis/build/icyphy/ptII/lib/ptcolt.jar:/home/travis/build/icyphy/ptII/vendors/misc/itext/iText.jar:/home/travis/build/icyphy/ptII/lib/g4ltl.jar:/home/travis/build/icyphy/ptII/lib/StructuralCoder.jar:/home/travis/build/icyphy/ptII/lib/jcerti.jar:/home/travis/build/icyphy/ptII/lib/javax.mail.jar:/home/travis/build/icyphy/ptII/vendors/JMF-2.1.1e/lib/jmf.jar:/home/travis/build/icyphy/ptII/lib/jna-4.0.0-variadic.jar:/home/travis/build/icyphy/ptII/vendors/misc/joystick/Joystick.jar:/home/travis/build/icyphy/ptII/lib/ptjacl.jar:/home/travis/build/icyphy/ptII/lib/jsoup-1.8.2.jar:/home/travis/build/icyphy/ptII/lib/junit-4.8.2.jar:/home/travis/build/icyphy/ptII/lib/JUnitParams-0.4.0.jar:/home/travis/build/icyphy/ptII/ptolemy/actor/lib/excel/jxl.jar:/home/travis/build/icyphy/ptII/lib/jython.jar:/home/travis/build/icyphy/ptII/lib/kieler.jar:/home/travis/build/icyphy/ptII/vendors/opencv/share/OpenCV/java/opencv-341.jar:/home/travis/build/icyphy/ptII/lib/oscP5.jar:/home/travis/build/icyphy/ptII/lib/nrjavaserial-3.11.0.devel.jar:/home/travis/build/icyphy/ptII/vendors/j3d/lib/Linux/j3dcore.jar:/home/travis/build/icyphy/ptII/vendors/j3d/lib/Linux/j3dutils.jar:/home/travis/build/icyphy/ptII/vendors/j3d/lib/Linux/vecmath.jar:/home/travis/build/icyphy/ptII/vendors/jogl/lib/Linux/gluegen-rt-natives-linux-amd64.jar:/home/travis/build/icyphy/ptII/vendors/jogl/lib/Linux/gluegen-rt.jar:/home/travis/build/icyphy/ptII/vendors/jogl/lib/Linux/jogl-all-natives-linux-amd64.jar:/home/travis/build/icyphy/ptII/vendors/jogl/lib/Linux/jogl-all.jar:/home/travis/build/icyphy/ptII/ptolemy/distributed/jini/jar/jini-core.jar:/home/travis/build/icyphy/ptII/ptolemy/distributed/jini/jar/jini-ext.jar:/home/travis/build/icyphy/ptII/ptolemy/distributed/jini/jar/sun-util.jar:/home/travis/build/icyphy/ptII/lib/protobuf-java-2.4.1.jar:/home/travis/build/icyphy/ptII/lib/org.eclipse.paho.client.mqttv3.jar:/home/travis/build/icyphy/ptII/lib/mapss.jar:/home/travis/build/icyphy/ptII/ptolemy/actor/ptalon/antlr/antlr.jar:/home/travis/build/icyphy/ptII/lib/JRI.jar:/home/travis/build/icyphy/ptII/lib/commons-lang-2.6.jar:/home/travis/build/icyphy/ptII/lib/commons-logging-1.1.1.jar:/home/travis/build/icyphy/ptII/lib/sootclasses.jar:/home/travis/build/icyphy/ptII/ptolemy/actor/lib/database/mysql-connector-java-5.1.6-bin.jar:/home/travis/build/icyphy/ptII/vendors/misc/sphinx4/sphinx4-data-5prealpha.jar:/home/travis/build/icyphy/ptII/vendors/misc/sphinx4/sphinx4-core-5prealpha.jar:/home/travis/build/icyphy/ptII/lib/PDFRenderer.jar:/home/travis/build/icyphy/ptII/lib/svgSalamander.jar:/home/travis/build/icyphy/ptII/lib/rsyntaxtextarea-2.6.0-SNAPSHOT.jar:/home/travis/build/icyphy/ptII/lib/hazelcast-3.8.2.jar:/home/travis/build/icyphy/ptII/lib/jackson-annotations-2.9.0.jar:/home/travis/build/icyphy/ptII/lib/jackson-core-2.9.3.jar:/home/travis/build/icyphy/ptII/lib/jackson-databind-2.9.3.jar:/home/travis/build/icyphy/ptII/lib/netty-buffer-4.1.19.Final.jar:/home/travis/build/icyphy/ptII/lib/netty-codec-4.1.19.Final.jar:/home/travis/build/icyphy/ptII/lib/netty-codec-dns-4.1.19.Final.jar:/home/travis/build/icyphy/ptII/lib/netty-codec-http-4.1.19.Final.jar:/home/travis/build/icyphy/ptII/lib/netty-codec-http2-4.1.19.Final.jar:/home/travis/build/icyphy/ptII/lib/netty-common-4.1.19.Final.jar:/home/travis/build/icyphy/ptII/lib/netty-handler-4.1.19.Final.jar:/home/travis/build/icyphy/ptII/lib/netty-resolver-4.1.19.Final.jar:/home/travis/build/icyphy/ptII/lib/netty-resolver-dns-4.1.19.Final.jar:/home/travis/build/icyphy/ptII/lib/netty-transport-4.1.19.Final.jar:/home/travis/build/icyphy/ptII/lib/vertx-codegen-3.5.1.jar:/home/travis/build/icyphy/ptII/lib/vertx-core-3.5.2-SNAPSHOT.jar:/home/travis/build/icyphy/ptII/lib/vertx-hazelcast-3.5.1.jar:/home/travis/build/icyphy/ptII/lib/vertx-lang-js-3.5.1.jar:/home/travis/build/icyphy/ptII/lib/vertx-service-proxy-3.5.1.jar:/home/travis/build/icyphy/ptII/lib/vertx-web-3.5.1.jar:/home/travis/build/icyphy/ptII/lib/slf4j-api-1.7.13.jar:/home/travis/build/icyphy/ptII/lib/slf4j-simple-1.7.13.jar:/home/travis/build/icyphy/ptII/lib/webcam-capture-0.3.12.jar:/home/travis/build/icyphy/ptII/lib/bridj-0.7.0.jar:/home/travis/build/icyphy/ptII/lib/xbjlib-1.1.0.nrjavaserial.jar" />
    <property name="timeout" value="2400000" />
    <property name="test.batch" value="**/junit/*.java" />
    <property name="env._" value="/usr/bin/timeout" />
    <property name="java.io.tmpdir" value="/tmp" />
    <property name="user.language" value="en" />
    <property name="env.TRAVIS_INTERNAL_RUBY_REGEX" value="^ruby-(2\.[0-4]\.[0-9]|1\.9\.3)" />
    <property name="env.HISTCONTROL" value="ignoredups:ignorespace" />
    <property name="env.GOROOT" value="/home/travis/.gimme/versions/go1.11.1.linux.amd64" />
    <property name="line.separator" value="&#xa;" />
    <property name="target" value="11" />
    <property name="env.TRAVIS_BUILD_DIR" value="/home/travis/build/icyphy/ptII" />
    <property name="env.ANT_OPTS" value="-Xmx2048m" />
    <property name="ant.file.type" value="file" />
    <property name="ptolemy.ptII.batchMode" value="true" />
    <property name="env.HISTSIZE" value="1000" />
    <property name="env.MERB_ENV" value="test" />
    <property name="java.vm.info" value="mixed mode" />
    <property name="source" value="11" />
    <property name="java.vm.specification.name" value="Java Virtual Machine Specification" />
    <property name="env.TRAVIS_TEST_RESULT" value="0" />
    <property name="jsdoc.command" value="node_modules/@terraswarm/jsdoc/jsdoc.js" />
    <property name="npm.works" value="true" />
    <property name="cobertura.dir" value="/home/travis/build/icyphy/ptII/vendors/cobertura-2.0.3" />
    <property name="jsdoc.command.exists" value="true" />
    <property name="env.rvm_path" value="/home/travis/.rvm" />
    <property name="env.GEM_PATH" value="/home/travis/.rvm/gems/ruby-2.5.3:/home/travis/.rvm/gems/ruby-2.5.3@global" />
    <property name="env.LC_CTYPE" value="en_US.UTF-8" />
    <property name="env.TRAVIS_CMD" value="$PTII/bin/ptIITravisBuild.sh $SECONDS" />
    <property name="java.awt.printerjob" value="sun.print.PSPrinterJob" />
    <property name="env.TRAVIS_STACK_NAME" value="sardonyx" />
    <property name="env.TRAVIS_TIMER_START_TIME" value="1601569015136777654" />
    <property name="ant.version" value="Apache Ant(TM) version 1.10.1 compiled on February 2 2017" />
    <property name="ptII.reports" value="/home/travis/build/icyphy/ptII/reports" />
    <property name="env.TRAVIS_STACK_TIMESTAMP" value="2020-06-24 13:13:18 UTC" />
    <property name="ant.file.type.ptII" value="file" />
    <property name="env.RBENV_SHELL" value="bash" />
    <property name="os.name" value="Linux" />
    <property name="java.specification.vendor" value="Oracle Corporation" />
    <property name="env.rvm_version" value="1.29.10 (latest)" />
    <property name="env.TRAVIS_INFRA" value="unknown" />
    <property name="env.TERM" value="xterm" />
    <property name="java.vm.name" value="OpenJDK 64-Bit Server VM" />
    <property name="env.TRAVIS_BUILD_NUMBER" value="1781" />
    <property name="env.CI" value="true" />
    <property name="java.library.path" value="/home/travis/pthla/certi-tools/lib:/usr/lib/jni:/usr/local/share/OpenCV/java/:/usr/share/OpenCV/java::/usr/java/packages/lib:/usr/lib64:/lib64:/lib:/usr/lib" />
    <property name="jdk.module.path" value="/home/travis/build/icyphy/ptII/vendors/javafx/javafx-sdk-11.0.2/lib:" />
    <property name="env.rvm_prefix" value="/home/travis" />
    <property name="env.PATH" value="/home/travis/pthla/certi-tools/share/scripts:/home/travis/.rvm/gems/ruby-2.5.3/bin:/home/travis/.rvm/gems/ruby-2.5.3@global/bin:/home/travis/.rvm/rubies/ruby-2.5.3/bin:/home/travis/.rvm/bin:/home/travis/.nvm/versions/node/v7.10.1/bin:./node_modules/.bin:/home/travis/build/icyphy/ptII/bin:/home/travis/pthla/certi-tools/bin:/home/travis/bin:/home/travis/.local/bin:/usr/local/lib/jvm/openjdk11/bin:/opt/pyenv/shims:/home/travis/.phpenv/shims:/home/travis/perl5/perlbrew/bin:/home/travis/gopath/bin:/home/travis/.gimme/versions/go1.11.1.linux.amd64/bin:/usr/local/maven-3.6.3/bin:/usr/local/cmake-3.12.4/bin:/usr/local/clang-7.0.0/bin:/usr/local/sbin:/usr/local/bin:/usr/sbin:/usr/bin:/sbin:/bin:/snap/bin:/home/travis/.phpenv/bin:/opt/pyenv/bin:/home/travis/.yarn/bin" />
    <property name="env.TRAVIS_OS_NAME" value="linux" />
    <property name="ant.java.version" value="9" />
    <property name="basedir" value="/home/travis/build/icyphy/ptII" />
    <property name="java.class.version" value="55.0" />
    <property name="env.SHLVL" value="3" />
    <property name="env.LD_LIBRARY_PATH" value="/home/travis/pthla/certi-tools/lib:/usr/lib/jni:/usr/local/share/OpenCV/java/:/usr/share/OpenCV/java:" />
    <property name="env.RACK_ENV" value="test" />
    <property name="ant.home" value="/home/travis/build/icyphy/ptII/ant" />
    <property name="env.NVM_DIR" value="/home/travis/.nvm" />
    <property name="env.CERTI_FOM_PATH" value="/home/travis/pthla/certi-tools/share/federations" />
    <property name="env.TRAVIS_BUILD_ID" value="731979845" />
    <property name="env.PYENV_ROOT" value="/opt/pyenv" />
    <property name="env.TRAVIS_UID" value="2000" />
    <property name="prism.verbose" value="true" />
    <property name="env.NVM_BIN" value="/home/travis/.nvm/versions/node/v7.10.1/bin" />
    <property name="env.TRAVIS_COMMIT" value="74248200255084cca0f8d02e5ad09f36c0965423" />
    <property name="node.executable" value="node" />
    <property name="sun.boot.library.path" value="/usr/local/lib/jvm/openjdk11/lib" />
    <property name="sun.management.compiler" value="HotSpot 64-Bit Tiered Compilers" />
    <property name="java.awt.graphicsenv" value="sun.awt.X11GraphicsEnvironment" />
    <property name="env.GOPATH" value="/home/travis/gopath" />
    <property name="ptolemy.ptII.dir" value="/home/travis/build/icyphy/ptII" />
    <property name="env.USER" value="travis" />
    <property name="env.HISTFILESIZE" value="2000" />
    <property name="env.NVM_INC" value="/home/travis/.nvm/versions/node/v7.10.1/include/node" />
    <property name="timeout.longest" value="19000000" />
    <property name="env.PERLBREW_SHELLRC_VERSION" value="0.88" />
    <property name="env.TRAVIS_STACK_FEATURES" value="basic couchdb disabled-ipv6 docker docker-compose elasticsearch firefox go-toolchain google-chrome jdk memcached mongodb mysql nodejs_interpreter perl_interpreter perlbrew phantomjs postgresql python_interpreter redis ruby_interpreter sqlite xserver" />
    <property name="env.TRAVIS_PULL_REQUEST" value="false" />
    <property name="env.PYENV_SHELL" value="bash" />
    <property name="ant.project.name" value="ptII" />
    <property name="env.ANSI_RESET" value="\033[0m" />
    <property name="java.vm.specification.version" value="11" />
    <property name="env.TRAVIS_DIST" value="xenial" />
    <property name="env.CERTI_VERSION" value="4.0.0" />
    <property name="env.CERTI_HOST" value="localhost" />
    <property name="awt.toolkit" value="sun.awt.X11.XToolkit" />
    <property name="env.MY_RUBY_HOME" value="/home/travis/.rvm/rubies/ruby-2.5.3" />
    <property name="sun.cpu.isalist" value="" />
    <property name="env.TRAVIS_TMPDIR" value="/tmp/tmp.rC5OwW7bOt" />
    <property name="java.vm.compressedOopsMode" value="Zero based" />
    <property name="os.version" value="4.15.0-1077-gcp" />
    <property name="user.home" value="/home/travis" />
    <property name="java.vm.vendor" value="Oracle Corporation" />
    <property name="env.TRAVIS_TAG" value="nightly" />
    <property name="env.ANSI_YELLOW" value="\033[33;1m" />
    <property name="env.TRAVIS_FILTERED" value="redirect_io" />
    <property name="env.ANSI_GREEN" value="\033[32;1m" />
    <property name="env.JAVA_HOME" value="/usr/local/lib/jvm/openjdk11" />
    <property name="javadoc.excludepackagenames" value="adm.cvs2svn.*,build.*,config.*,doc.coding.templates.*,jni.test.jni.meaningOfLife.*,jni.test.jni.testDeux.*,jni.test.jni.testTrois.*,org.terraswarm.accessor.accessors.web.node_modules.*,org.terraswarm.accessor.accessors.web.hosts.cordova.demo.*,org.terraswarm.accessor.accessors.web.hosts.cordova.plugins.*,org.terraswarm.accessor.accessors-svn.*,pt-modules.*,ptolemy.apps.agilent.*,ptolemy.apps.anytimecontrol.*,ptolemy.apps.apes.*,ptolemy.apps.charon.*,ptolemy.apps.crazyboard.*,ptolemy.apps.eclipse.*,ptolemy.apps.etherealSting.*,ptolemy.apps.fullscreen.*,ptolemy.apps.giotto.*,ptolemy.apps.ia.*,ptolemy.apps.interfaces.*,ptolemy.apps.jmf.*,ptolemy.apps.kurt.*,ptolemy.apps.kvm.*,ptolemy.apps.lego.*,ptolemy.apps.lejos.*,ptolemy.apps.midp.*,ptolemy.apps.mobileCoding.*,ptolemy.apps.pendulum.*,ptolemy.apps.rijndael.*,ptolemy.apps.robot.*,ptolemy.apps.security.*,ptolemy.apps.sobel.*,ptolemy.apps.soot.*,ptolemy.apps.throttle.*,ptolemy.apps.tini.*,ptolemy.apps.transmission.*,ptolemy.apps.vergil.*,ptolemy.apps.waba.*,ptolemy.apps.websensor.*,ptolemy.apps.webstart.*,ptolemy.apps.xsl.*,ptolemy.apps.zaurus.*,ptolemy.codegen.c.actor.lib.oldJavaFiles.*,ptolemy.codegen.dsp.lib.*,ptolemy.codegen.kernel.newInterfaces.*,ptolemy.codegen.lib.*,ptolemy.copernicus.kernel.fragment.*,ptolemy.copernicus.shallow.cg.*,ptolemy.domains.giotto.demo.Hierarchy.Hierarchy.*,ptolemy.domains.giotto.demo.Multimode.Multimode.*,ptolemy.domains.giotto.demo.Simple.Simple.*,ptolemy.domains.gr.lib.experimental.*,ptolemy.domains.gro.*,ptolemy.domains.pdf.*,ptolemy.domains.ptinyos.demo.Surge.output.*,ptolemy.moml.test.NoPackageActor.java*,ptolemy.plot.adm.*,ptolemy.plot.servlet.*,reports.*,signed.*,src.*,target.*,vendors.*,ptolemy.copernicus.applet.*,ptolemy.media.viewer.*,ptolemy.actor.corba.*,doc.doclets.*,ptolemy.apps.eclipse.awt.*,ptolemy.backtrack.*,ptolemy.backtrack.ast.*,ptolemy.cg.adapter.generic.program.procedural.c.mbed*,ptolemy.homer.*,ptolemy.actor.lib.jai.*,org.ptolemy.scala.*,diva.util.java2d.svg.*,ptolemy.domains.ptinyos.*,ptolemy.actor.lib.fmi.fmipp.*,,org.terraswarm.accessor.accessors.web.node_modules.*,org.terraswarm.accessor.accessors-svn,ptolemy.apps.*,ptolemy.actor.ptalon.demo.ptinyos.SendAndReceiveCnt.output,ptolemy.actor.ptalon.demo.ptinyos.SenseToLeds.output,ptolemy.domains.ptinyos.demo.CntToLedsAndRfm.output,ptolemy.domains.ptinyos.demo.RfmToLeds.output,ptolemy.domains.ptinyos.demo.SendAndReceiveCnt.output,ptolemy.domains.ptinyos.demo.SenseToLeds.output,ptolemy.actor.lib.jjs.modules.udpSocket.*" />
    <property name="env.PTII" value="/home/travis/build/icyphy/ptII" />
    <property name="env.XDG_SESSION_ID" value="2" />
    <property name="keystore" value="ptKeystore" />
    <property name="env.TRAVIS_COMMIT_MESSAGE" value="Exclude org/hlacerti/newModels1516e/VariableArrayPTIIJavaFed" />
    <property name="junit.output.dir" value="/home/travis/build/icyphy/ptII/reports/junit" />
    <property name="npm.return.code" value="0" />
    <property name="user.dir" value="/home/travis/build/icyphy/ptII/ptolemy/actor/lib/test" />
    <property name="env.TRAVIS_NODE_VERSION" value="7" />
    <property name="env.TRAVIS_EVENT_TYPE" value="cron" />
    <property name="env.MAIL" value="/var/mail/travis" />
    <property name="env.PERLBREW_ROOT" value="/home/travis/perl5/perlbrew" />
    <property name="env.PWD" value="/home/travis/build/icyphy/ptII" />
    <property name="timeout.npm" value="45000" />
    <property name="env.TRAVIS_ARCH" value="amd64" />
    <property name="sun.cpu.endian" value="little" />
    <property name="env.PAGER" value="cat" />
    <property name="env.TRAVIS_BUILD_STAGE_NAME" value="test" />
    <property name="env.PERLBREW_HOME" value="/home/travis/.perlbrew" />
    <property name="java.vm.version" value="11.0.2+9" />
    <property name="env.RAILS_ENV" value="test" />
    <property name="java.class.path" value="/home/travis/.ptolemyII:/home/travis/.ptolemyII/*:/home/travis/build/icyphy/ptII:/home/travis/build/icyphy/ptII/lib/bsh-2.0b4.jar:/home/travis/build/icyphy/ptII/lib/ptCal.jar:/home/travis/build/icyphy/ptII/lib/java_cup.jar:/home/travis/build/icyphy/ptII/lib/saxon8.jar:/home/travis/build/icyphy/ptII/lib/saxon8-dom.jar:/home/travis/build/icyphy/ptII/lib/chic.jar:/home/travis/build/icyphy/ptII/lib/ptcolt.jar:/home/travis/build/icyphy/ptII/vendors/misc/itext/iText.jar:/home/travis/build/icyphy/ptII/lib/g4ltl.jar:/home/travis/build/icyphy/ptII/lib/StructuralCoder.jar:/home/travis/build/icyphy/ptII/lib/jcerti.jar:/home/travis/build/icyphy/ptII/lib/javax.mail.jar:/home/travis/build/icyphy/ptII/vendors/JMF-2.1.1e/lib/jmf.jar:/home/travis/build/icyphy/ptII/lib/jna-4.0.0-variadic.jar:/home/travis/build/icyphy/ptII/vendors/misc/joystick/Joystick.jar:/home/travis/build/icyphy/ptII/lib/ptjacl.jar:/home/travis/build/icyphy/ptII/lib/jsoup-1.8.2.jar:/home/travis/build/icyphy/ptII/lib/junit-4.8.2.jar:/home/travis/build/icyphy/ptII/lib/JUnitParams-0.4.0.jar:/home/travis/build/icyphy/ptII/ptolemy/actor/lib/excel/jxl.jar:/home/travis/build/icyphy/ptII/lib/jython.jar:/home/travis/build/icyphy/ptII/lib/kieler.jar:/home/travis/build/icyphy/ptII/vendors/opencv/share/OpenCV/java/opencv-341.jar:/home/travis/build/icyphy/ptII/lib/oscP5.jar:/home/travis/build/icyphy/ptII/lib/nrjavaserial-3.11.0.devel.jar:/home/travis/build/icyphy/ptII/vendors/j3d/lib/Linux/j3dcore.jar:/home/travis/build/icyphy/ptII/vendors/j3d/lib/Linux/j3dutils.jar:/home/travis/build/icyphy/ptII/vendors/j3d/lib/Linux/vecmath.jar:/home/travis/build/icyphy/ptII/vendors/jogl/lib/Linux/gluegen-rt-natives-linux-amd64.jar:/home/travis/build/icyphy/ptII/vendors/jogl/lib/Linux/gluegen-rt.jar:/home/travis/build/icyphy/ptII/vendors/jogl/lib/Linux/jogl-all-natives-linux-amd64.jar:/home/travis/build/icyphy/ptII/vendors/jogl/lib/Linux/jogl-all.jar:/home/travis/build/icyphy/ptII/ptolemy/distributed/jini/jar/jini-core.jar:/home/travis/build/icyphy/ptII/ptolemy/distributed/jini/jar/jini-ext.jar:/home/travis/build/icyphy/ptII/ptolemy/distributed/jini/jar/sun-util.jar:/home/travis/build/icyphy/ptII/lib/protobuf-java-2.4.1.jar:/home/travis/build/icyphy/ptII/lib/org.eclipse.paho.client.mqttv3.jar:/home/travis/build/icyphy/ptII/lib/mapss.jar:/home/travis/build/icyphy/ptII/ptolemy/actor/ptalon/antlr/antlr.jar:/home/travis/build/icyphy/ptII/lib/JRI.jar:/home/travis/build/icyphy/ptII/lib/commons-lang-2.6.jar:/home/travis/build/icyphy/ptII/lib/commons-logging-1.1.1.jar:/home/travis/build/icyphy/ptII/lib/sootclasses.jar:/home/travis/build/icyphy/ptII/ptolemy/actor/lib/database/mysql-connector-java-5.1.6-bin.jar:/home/travis/build/icyphy/ptII/vendors/misc/sphinx4/sphinx4-data-5prealpha.jar:/home/travis/build/icyphy/ptII/vendors/misc/sphinx4/sphinx4-core-5prealpha.jar:/home/travis/build/icyphy/ptII/lib/PDFRenderer.jar:/home/travis/build/icyphy/ptII/lib/svgSalamander.jar:/home/travis/build/icyphy/ptII/lib/rsyntaxtextarea-2.6.0-SNAPSHOT.jar:/home/travis/build/icyphy/ptII/lib/hazelcast-3.8.2.jar:/home/travis/build/icyphy/ptII/lib/jackson-annotations-2.9.0.jar:/home/travis/build/icyphy/ptII/lib/jackson-core-2.9.3.jar:/home/travis/build/icyphy/ptII/lib/jackson-databind-2.9.3.jar:/home/travis/build/icyphy/ptII/lib/netty-buffer-4.1.19.Final.jar:/home/travis/build/icyphy/ptII/lib/netty-codec-4.1.19.Final.jar:/home/travis/build/icyphy/ptII/lib/netty-codec-dns-4.1.19.Final.jar:/home/travis/build/icyphy/ptII/lib/netty-codec-http-4.1.19.Final.jar:/home/travis/build/icyphy/ptII/lib/netty-codec-http2-4.1.19.Final.jar:/home/travis/build/icyphy/ptII/lib/netty-common-4.1.19.Final.jar:/home/travis/build/icyphy/ptII/lib/netty-handler-4.1.19.Final.jar:/home/travis/build/icyphy/ptII/lib/netty-resolver-4.1.19.Final.jar:/home/travis/build/icyphy/ptII/lib/netty-resolver-dns-4.1.19.Final.jar:/home/travis/build/icyphy/ptII/lib/netty-transport-4.1.19.Final.jar:/home/travis/build/icyphy/ptII/lib/vertx-codegen-3.5.1.jar:/home/travis/build/icyphy/ptII/lib/vertx-core-3.5.2-SNAPSHOT.jar:/home/travis/build/icyphy/ptII/lib/vertx-hazelcast-3.5.1.jar:/home/travis/build/icyphy/ptII/lib/vertx-lang-js-3.5.1.jar:/home/travis/build/icyphy/ptII/lib/vertx-service-proxy-3.5.1.jar:/home/travis/build/icyphy/ptII/lib/vertx-web-3.5.1.jar:/home/travis/build/icyphy/ptII/lib/slf4j-api-1.7.13.jar:/home/travis/build/icyphy/ptII/lib/slf4j-simple-1.7.13.jar:/home/travis/build/icyphy/ptII/lib/webcam-capture-0.3.12.jar:/home/travis/build/icyphy/ptII/lib/bridj-0.7.0.jar:/home/travis/build/icyphy/ptII/lib/xbjlib-1.1.0.nrjavaserial.jar:/home/travis/build/icyphy/ptII/ptolemy/moml/test:/home/travis/build/icyphy/ptII/ant/lib/ant-launcher.jar:/home/travis/build/icyphy/ptII/ant/lib/ant.jar:/home/travis/build/icyphy/ptII/ant/lib/ant-junit.jar:/home/travis/build/icyphy/ptII/ant/lib/ant-junit4.jar" />
    <property name="ant.library.dir" value="/home/travis/build/icyphy/ptII/ant/lib" />
    <property name="os.arch" value="amd64" />
    <property name="env.CONTINUOUS_INTEGRATION" value="true" />
    <property name="env.TRAVIS_LANGUAGE" value="node_js" />
    <property name="env.TRAVIS_STACK_LANGUAGES" value="__sardonyx__ c c++ clojure cplusplus cpp default generic go groovy java node_js php pure_java python ruby scala" />
    <property name="test.name" value="ptolemy.actor.lib.test.junit.JUnitTclTest" />
    <property name="env.APT_KEY_DONT_WARN_ON_DANGEROUS_USAGE" value="1" />
    <property name="sun.java.launcher" value="SUN_STANDARD" />
    <property name="env.PYTHON_CONFIGURE_OPTS" value="--enable-unicode=ucs4 --with-wide-unicode --enable-shared --enable-ipv6 --enable-loadable-sqlite-extensions --with-computed-gotos" />
    <property name="ant.core.lib" value="/home/travis/build/icyphy/ptII/ant/lib/ant.jar" />
    <property name="java.vm.specification.vendor" value="Oracle Corporation" />
    <property name="env.BCVTB_HOME" value="/home/travis/build/icyphy/ptII/lbnl" />
    <property name="file.separator" value="/" />
    <property name="spotbugs.home" value="/home/travis/build/icyphy/ptII/vendors/spotbugs-3.1.1" />
    <property name="java.runtime.version" value="11.0.2+9" />
    <property name="env.ANSI_CLEAR" value="\033[0K" />
    <property name="javafx.verbose" value="true" />
    <property name="env.HAS_JOSH_K_SEAL_OF_APPROVAL" value="true" />
    <property name="env.XDG_RUNTIME_DIR" value="/run/user/2000" />
    <property name="env.TRAVIS_OSX_IMAGE" value="" />
    <property name="env.TRAVIS_JOB_ID" value="731979853" />
    <property name="env.TRAVIS_BRANCH" value="master" />
    <property name="user.country" value="US" />
    <property name="env.CERTI_HOME_TRAVIS" value="/home/travis/pthla/certi-tools" />
    <property name="env.SHELL" value="/bin/bash" />
    <property name="java.maxmemory.large" value="3200m" />
    <property name="model" value="" />
    <property name="env.CASHER_DIR" value="/home/travis/.casher" />
    <property name="env.NVM_CD_FLAGS" value="" />
    <property name="java.vendor.version" value="18.9" />
    <property name="jshint.executable" value="/home/travis/node_modules/jshint/bin/jshint" />
    <property name="env.JRUBY_OPTS" value=" --client -J-XX:+TieredCompilation -J-XX:TieredStopAtLevel=1 -J-Xss2m -Xcompile.invokedynamic=false" />
    <property name="java.vendor" value="Oracle Corporation" />
    <property name="env.TRAVIS_PRE_CHEF_BOOTSTRAP_TIME" value="2020-06-24T13:13:03" />
    <property name="env.TRAVIS_STACK_JOB_BOARD_REGISTER" value="/.job-board-register.yml" />
    <property name="env.ANSI_RED" value="\033[31;1m" />
    <property name="java.specification.version" value="11" />
    <property name="env.IRBRC" value="/home/travis/.rvm/rubies/ruby-2.5.3/.irbrc" />
    <property name="env.TRAVIS" value="true" />
    <property name="sun.arch.data.model" value="64" />
  </properties>
  <testcase classname="ptolemy.util.test.junit.TclTests" name="[0] /home/travis/build/icyphy/ptII/ptolemy/actor/lib/test/AbsoluteValue.tcl (RunTclFile)" time="0.558" />
  <testcase classname="ptolemy.util.test.junit.TclTests" name="[1] /home/travis/build/icyphy/ptII/ptolemy/actor/lib/test/AddSubtract.tcl (RunTclFile)" time="0.191" />
  <testcase classname="ptolemy.util.test.junit.TclTests" name="[2] /home/travis/build/icyphy/ptII/ptolemy/actor/lib/test/Average.tcl (RunTclFile)" time="0.04" />
  <testcase classname="ptolemy.util.test.junit.TclTests" name="[3] /home/travis/build/icyphy/ptII/ptolemy/actor/lib/test/Bernoulli.tcl (RunTclFile)" time="0.036" />
  <testcase classname="ptolemy.util.test.junit.TclTests" name="[4] /home/travis/build/icyphy/ptII/ptolemy/actor/lib/test/Clock.tcl (RunTclFile)" time="0.073" />
  <testcase classname="ptolemy.util.test.junit.TclTests" name="[5] /home/travis/build/icyphy/ptII/ptolemy/actor/lib/test/Commutator.tcl (RunTclFile)" time="0.182" />
  <testcase classname="ptolemy.util.test.junit.TclTests" name="[6] /home/travis/build/icyphy/ptII/ptolemy/actor/lib/test/Const.tcl (RunTclFile)" time="0.101" />
  <testcase classname="ptolemy.util.test.junit.TclTests" name="[7] /home/travis/build/icyphy/ptII/ptolemy/actor/lib/test/CurrentTime.tcl (RunTclFile)" time="0.018" />
  <testcase classname="ptolemy.util.test.junit.TclTests" name="[8] /home/travis/build/icyphy/ptII/ptolemy/actor/lib/test/DB.tcl (RunTclFile)" time="0.019" />
  <testcase classname="ptolemy.util.test.junit.TclTests" name="[9] /home/travis/build/icyphy/ptII/ptolemy/actor/lib/test/DiscreteRandomSource.tcl (RunTclFile)" time="0.031" />
  <testcase classname="ptolemy.util.test.junit.TclTests" name="[10] /home/travis/build/icyphy/ptII/ptolemy/actor/lib/test/Distributor.tcl (RunTclFile)" time="0.102" />
  <testcase classname="ptolemy.util.test.junit.TclTests" name="[11] /home/travis/build/icyphy/ptII/ptolemy/actor/lib/test/Exit.tcl (RunTclFile)" time="0.108" />
  <testcase classname="ptolemy.util.test.junit.TclTests" name="[12] /home/travis/build/icyphy/ptII/ptolemy/actor/lib/test/Expression.tcl (RunTclFile)" time="0.108" />
  <testcase classname="ptolemy.util.test.junit.TclTests" name="[13] /home/travis/build/icyphy/ptII/ptolemy/actor/lib/test/Gaussian.tcl (RunTclFile)" time="0.8" />
  <testcase classname="ptolemy.util.test.junit.TclTests" name="[14] /home/travis/build/icyphy/ptII/ptolemy/actor/lib/test/IIR.tcl (RunTclFile)" time="0.045" />
  <testcase classname="ptolemy.util.test.junit.TclTests" name="[15] /home/travis/build/icyphy/ptII/ptolemy/actor/lib/test/Interpolator.tcl (RunTclFile)" time="0.099" />
  <testcase classname="ptolemy.util.test.junit.TclTests" name="[16] /home/travis/build/icyphy/ptII/ptolemy/actor/lib/test/MathFunction.tcl (RunTclFile)" time="0.065" />
  <testcase classname="ptolemy.util.test.junit.TclTests" name="[17] /home/travis/build/icyphy/ptII/ptolemy/actor/lib/test/Maximum.tcl (RunTclFile)" time="0.028" />
  <testcase classname="ptolemy.util.test.junit.TclTests" name="[18] /home/travis/build/icyphy/ptII/ptolemy/actor/lib/test/Minimum.tcl (RunTclFile)" time="0.025" />
  <testcase classname="ptolemy.util.test.junit.TclTests" name="[19] /home/travis/build/icyphy/ptII/ptolemy/actor/lib/test/MultiplyDivide.tcl (RunTclFile)" time="0.035" />
  <testcase classname="ptolemy.util.test.junit.TclTests" name="[20] /home/travis/build/icyphy/ptII/ptolemy/actor/lib/test/OrderedMerge.tcl (RunTclFile)" time="0.126" />
  <testcase classname="ptolemy.util.test.junit.TclTests" name="[21] /home/travis/build/icyphy/ptII/ptolemy/actor/lib/test/Publisher.tcl (RunTclFile)" time="0.787" />
  <testcase classname="ptolemy.util.test.junit.TclTests" name="[22] /home/travis/build/icyphy/ptII/ptolemy/actor/lib/test/Pulse.tcl (RunTclFile)" time="0.077" />
  <testcase classname="ptolemy.util.test.junit.TclTests" name="[23] /home/travis/build/icyphy/ptII/ptolemy/actor/lib/test/Ramp.tcl (RunTclFile)" time="1.96" />
  <testcase classname="ptolemy.util.test.junit.TclTests" name="[24] /home/travis/build/icyphy/ptII/ptolemy/actor/lib/test/RampContinuous.tcl (RunTclFile)" time="0.016" />
  <testcase classname="ptolemy.util.test.junit.TclTests" name="[25] /home/travis/build/icyphy/ptII/ptolemy/actor/lib/test/RecordAssembler.tcl (RunTclFile)" time="0.014" />
  <testcase classname="ptolemy.util.test.junit.TclTests" name="[26] /home/travis/build/icyphy/ptII/ptolemy/actor/lib/test/RecordDisassembler.tcl (RunTclFile)" time="0.029" />
  <testcase classname="ptolemy.util.test.junit.TclTests" name="[27] /home/travis/build/icyphy/ptII/ptolemy/actor/lib/test/Scale.tcl (RunTclFile)" time="0.045" />
  <testcase classname="ptolemy.util.test.junit.TclTests" name="[28] /home/travis/build/icyphy/ptII/ptolemy/actor/lib/test/SequentialClock.tcl (RunTclFile)" time="0.016" />
  <testcase classname="ptolemy.util.test.junit.TclTests" name="[29] /home/travis/build/icyphy/ptII/ptolemy/actor/lib/test/SetVariable.tcl (RunTclFile)" time="0.008" />
  <testcase classname="ptolemy.util.test.junit.TclTests" name="[30] /home/travis/build/icyphy/ptII/ptolemy/actor/lib/test/Sinewave.tcl (RunTclFile)" time="0.055" />
  <testcase classname="ptolemy.util.test.junit.TclTests" name="[31] /home/travis/build/icyphy/ptII/ptolemy/actor/lib/test/SubscriptionAggregator.tcl (RunTclFile)" time="2.005" />
  <testcase classname="ptolemy.util.test.junit.TclTests" name="[32] /home/travis/build/icyphy/ptII/ptolemy/actor/lib/test/Test.tcl (RunTclFile)" time="0.094" />
  <testcase classname="ptolemy.util.test.junit.TclTests" name="[33] /home/travis/build/icyphy/ptII/ptolemy/actor/lib/test/TestExceptionHandler.tcl (RunTclFile)" time="0.012" />
  <testcase classname="ptolemy.util.test.junit.TclTests" name="[34] /home/travis/build/icyphy/ptII/ptolemy/actor/lib/test/UnionDisassembler.tcl (RunTclFile)" time="0.14" />
  <testcase classname="ptolemy.util.test.junit.TclTests" name="[35] /home/travis/build/icyphy/ptII/ptolemy/actor/lib/test/VariableClock.tcl (RunTclFile)" time="0.027" />
  <testcase classname="ptolemy.util.test.junit.AutoKnownFailedTests" name="[0] /home/travis/build/icyphy/ptII/ptolemy/actor/lib/test/auto/knownFailedTests/PublisherPortToplevelSubscriber.xml (RunModel)" time="0.033" />
  <testcase classname="ptolemy.util.test.junit.AutoKnownFailedTests" name="[1] /home/travis/build/icyphy/ptII/ptolemy/actor/lib/test/auto/knownFailedTests/PublisherSubscriberPortToplevel.xml (RunModel)" time="0.023" />
  <testcase classname="ptolemy.util.test.junit.AutoKnownFailedTests" name="[2] /home/travis/build/icyphy/ptII/ptolemy/actor/lib/test/auto/knownFailedTests/PublisherSubscriptionAggregatorPort.xml (RunModel)" time="0.026" />
  <testcase classname="ptolemy.util.test.junit.AutoKnownFailedTests" name="[3] /home/travis/build/icyphy/ptII/ptolemy/actor/lib/test/auto/knownFailedTests/sizedarray3.xml (RunModel)" time="0.029" />
  <testcase classname="ptolemy.util.test.junit.AutoNameArchTests" name="[0] ThereAreNoAutoArchTests (RunModel)" time="0.001" />
  <testcase classname="ptolemy.util.test.junit.AutoTests" name="[0] /home/travis/build/icyphy/ptII/ptolemy/actor/lib/test/auto/AbsoluteValue.xml (RunModel)" time="0.101" />
  <testcase classname="ptolemy.util.test.junit.AutoTests" name="[1] /home/travis/build/icyphy/ptII/ptolemy/actor/lib/test/auto/AbsoluteValue2.xml (RunModel)" time="0.063" />
  <testcase classname="ptolemy.util.test.junit.AutoTests" name="[2] /home/travis/build/icyphy/ptII/ptolemy/actor/lib/test/auto/Accumulator.xml (RunModel)" time="0.064" />
  <testcase classname="ptolemy.util.test.junit.AutoTests" name="[3] /home/travis/build/icyphy/ptII/ptolemy/actor/lib/test/auto/Accumulator2.xml (RunModel)" time="0.053" />
  <testcase classname="ptolemy.util.test.junit.AutoTests" name="[4] /home/travis/build/icyphy/ptII/ptolemy/actor/lib/test/auto/Accumulator3.xml (RunModel)" time="0.021" />
  <testcase classname="ptolemy.util.test.junit.AutoTests" name="[5] /home/travis/build/icyphy/ptII/ptolemy/actor/lib/test/auto/ArrayAppend.xml (RunModel)" time="0.037" />
  <testcase classname="ptolemy.util.test.junit.AutoTests" name="[6] /home/travis/build/icyphy/ptII/ptolemy/actor/lib/test/auto/ArrayAppend2.xml (RunModel)" time="0.434" />
  <testcase classname="ptolemy.util.test.junit.AutoTests" name="[7] /home/travis/build/icyphy/ptII/ptolemy/actor/lib/test/auto/ArrayAppend3.xml (RunModel)" time="0.086" />
  <testcase classname="ptolemy.util.test.junit.AutoTests" name="[8] /home/travis/build/icyphy/ptII/ptolemy/actor/lib/test/auto/ArrayAppend4.xml (RunModel)" time="0.023" />
  <testcase classname="ptolemy.util.test.junit.AutoTests" name="[9] /home/travis/build/icyphy/ptII/ptolemy/actor/lib/test/auto/ArrayAppend5.xml (RunModel)" time="0.019" />
  <testcase classname="ptolemy.util.test.junit.AutoTests" name="[10] /home/travis/build/icyphy/ptII/ptolemy/actor/lib/test/auto/ArrayAppend6.xml (RunModel)" time="0.023" />
  <testcase classname="ptolemy.util.test.junit.AutoTests" name="[11] /home/travis/build/icyphy/ptII/ptolemy/actor/lib/test/auto/ArrayAppendPerformanceTest.xml (RunModel)" time="0.062" />
  <testcase classname="ptolemy.util.test.junit.AutoTests" name="[12] /home/travis/build/icyphy/ptII/ptolemy/actor/lib/test/auto/ArrayAppendWithEmptyInput.xml (RunModel)" time="0.062" />
  <testcase classname="ptolemy.util.test.junit.AutoTests" name="[13] /home/travis/build/icyphy/ptII/ptolemy/actor/lib/test/auto/ArrayAverage.xml (RunModel)" time="0.059" />
  <testcase classname="ptolemy.util.test.junit.AutoTests" name="[14] /home/travis/build/icyphy/ptII/ptolemy/actor/lib/test/auto/ArrayContains.xml (RunModel)" time="0.021" />
  <testcase classname="ptolemy.util.test.junit.AutoTests" name="[15] /home/travis/build/icyphy/ptII/ptolemy/actor/lib/test/auto/ArrayElement.xml (RunModel)" time="0.034" />
  <testcase classname="ptolemy.util.test.junit.AutoTests" name="[16] /home/travis/build/icyphy/ptII/ptolemy/actor/lib/test/auto/ArrayElementAsMatrix.xml (RunModel)" time="0.055" />
  <testcase classname="ptolemy.util.test.junit.AutoTests" name="[17] /home/travis/build/icyphy/ptII/ptolemy/actor/lib/test/auto/ArrayElementI.xml (RunModel)" time="0.028" />
  <testcase classname="ptolemy.util.test.junit.AutoTests" name="[18] /home/travis/build/icyphy/ptII/ptolemy/actor/lib/test/auto/ArrayExtract.xml (RunModel)" time="0.039" />
  <testcase classname="ptolemy.util.test.junit.AutoTests" name="[19] /home/travis/build/icyphy/ptII/ptolemy/actor/lib/test/auto/ArrayExtract2.xml (RunModel)" time="0.017" />
  <testcase classname="ptolemy.util.test.junit.AutoTests" name="[20] /home/travis/build/icyphy/ptII/ptolemy/actor/lib/test/auto/ArrayLength.xml (RunModel)" time="0.021" />
  <testcase classname="ptolemy.util.test.junit.AutoTests" name="[21] /home/travis/build/icyphy/ptII/ptolemy/actor/lib/test/auto/ArrayLevelCrossing.xml (RunModel)" time="0.027" />
  <testcase classname="ptolemy.util.test.junit.AutoTests" name="[22] /home/travis/build/icyphy/ptII/ptolemy/actor/lib/test/auto/ArrayLevelCrossing2.xml (RunModel)" time="0.025" />
  <testcase classname="ptolemy.util.test.junit.AutoTests" name="[23] /home/travis/build/icyphy/ptII/ptolemy/actor/lib/test/auto/ArrayPeakSearch.xml (RunModel)" time="0.039" />
  <testcase classname="ptolemy.util.test.junit.AutoTests" name="[24] /home/travis/build/icyphy/ptII/ptolemy/actor/lib/test/auto/ArrayPeakSearch2.xml (RunModel)" time="0.035" />
  <testcase classname="ptolemy.util.test.junit.AutoTests" name="[25] /home/travis/build/icyphy/ptII/ptolemy/actor/lib/test/auto/ArrayPeakSearch3.xml (RunModel)" time="0.042" />
  <testcase classname="ptolemy.util.test.junit.AutoTests" name="[26] /home/travis/build/icyphy/ptII/ptolemy/actor/lib/test/auto/ArrayRemoveElement.xml (RunModel)" time="0.03" />
  <testcase classname="ptolemy.util.test.junit.AutoTests" name="[27] /home/travis/build/icyphy/ptII/ptolemy/actor/lib/test/auto/ArraySort.xml (RunModel)" time="0.03" />
  <testcase classname="ptolemy.util.test.junit.AutoTests" name="[28] /home/travis/build/icyphy/ptII/ptolemy/actor/lib/test/auto/ArraySum.xml (RunModel)" time="0.015" />
  <testcase classname="ptolemy.util.test.junit.AutoTests" name="[29] /home/travis/build/icyphy/ptII/ptolemy/actor/lib/test/auto/ArrayToElements.xml (RunModel)" time="0.02" />
  <testcase classname="ptolemy.util.test.junit.AutoTests" name="[30] /home/travis/build/icyphy/ptII/ptolemy/actor/lib/test/auto/ArrayToMatrix.xml (RunModel)" time="0.069" />
  <testcase classname="ptolemy.util.test.junit.AutoTests" name="[31] /home/travis/build/icyphy/ptII/ptolemy/actor/lib/test/auto/ArrayUpdate1.xml (RunModel)" time="0.02" />
  <testcase classname="ptolemy.util.test.junit.AutoTests" name="[32] /home/travis/build/icyphy/ptII/ptolemy/actor/lib/test/auto/ArrayUpdate2.xml (RunModel)" time="0.02" />
  <testcase classname="ptolemy.util.test.junit.AutoTests" name="[33] /home/travis/build/icyphy/ptII/ptolemy/actor/lib/test/auto/ArrayUpdate3.xml (RunModel)" time="0.014" />
  <testcase classname="ptolemy.util.test.junit.AutoTests" name="[34] /home/travis/build/icyphy/ptII/ptolemy/actor/lib/test/auto/Assert1.xml (RunModel)" time="0.024" />
  <testcase classname="ptolemy.util.test.junit.AutoTests" name="[35] /home/travis/build/icyphy/ptII/ptolemy/actor/lib/test/auto/Assert2.xml (RunModel)" time="0.012" />
  <testcase classname="ptolemy.util.test.junit.AutoTests" name="[36] /home/travis/build/icyphy/ptII/ptolemy/actor/lib/test/auto/BooleanMultiplexor.xml (RunModel)" time="0.014" />
  <testcase classname="ptolemy.util.test.junit.AutoTests" name="[37] /home/travis/build/icyphy/ptII/ptolemy/actor/lib/test/auto/BooleanMultiplexor2.xml (RunModel)" time="0.028" />
  <testcase classname="ptolemy.util.test.junit.AutoTests" name="[38] /home/travis/build/icyphy/ptII/ptolemy/actor/lib/test/auto/BooleanMultiplexor3.xml (RunModel)" time="0.017" />
  <testcase classname="ptolemy.util.test.junit.AutoTests" name="[39] /home/travis/build/icyphy/ptII/ptolemy/actor/lib/test/auto/BooleanSelect.xml (RunModel)" time="0.023" />
  <testcase classname="ptolemy.util.test.junit.AutoTests" name="[40] /home/travis/build/icyphy/ptII/ptolemy/actor/lib/test/auto/BooleanSelect2.xml (RunModel)" time="0.016" />
  <testcase classname="ptolemy.util.test.junit.AutoTests" name="[41] /home/travis/build/icyphy/ptII/ptolemy/actor/lib/test/auto/BooleanSwitch.xml (RunModel)" time="0.021" />
  <testcase classname="ptolemy.util.test.junit.AutoTests" name="[42] /home/travis/build/icyphy/ptII/ptolemy/actor/lib/test/auto/BooleanSwitch2.xml (RunModel)" time="0.013" />
  <testcase classname="ptolemy.util.test.junit.AutoTests" name="[43] /home/travis/build/icyphy/ptII/ptolemy/actor/lib/test/auto/BooleanSwitchCloningBugWithClassRelationGroup.xml (RunModel)" time="0.026" />
  <testcase classname="ptolemy.util.test.junit.AutoTests" name="[44] /home/travis/build/icyphy/ptII/ptolemy/actor/lib/test/auto/BusActors.xml (RunModel)" time="0.042" />
  <testcase classname="ptolemy.util.test.junit.AutoTests" name="[45] /home/travis/build/icyphy/ptII/ptolemy/actor/lib/test/auto/ClassWrapper.xml (RunModel)" time="0.023" />
  <testcase classname="ptolemy.util.test.junit.AutoTests" name="[46] /home/travis/build/icyphy/ptII/ptolemy/actor/lib/test/auto/Clock.xml (RunModel)" time="0.013" />
  <testcase classname="ptolemy.util.test.junit.AutoTests" name="[47] /home/travis/build/icyphy/ptII/ptolemy/actor/lib/test/auto/Clock10.xml (RunModel)" time="0.018" />
  <testcase classname="ptolemy.util.test.junit.AutoTests" name="[48] /home/travis/build/icyphy/ptII/ptolemy/actor/lib/test/auto/Clock11.xml (RunModel)" time="0.014" />
  <testcase classname="ptolemy.util.test.junit.AutoTests" name="[49] /home/travis/build/icyphy/ptII/ptolemy/actor/lib/test/auto/Clock12.xml (RunModel)" time="0.025" />
  <testcase classname="ptolemy.util.test.junit.AutoTests" name="[50] /home/travis/build/icyphy/ptII/ptolemy/actor/lib/test/auto/Clock13.xml (RunModel)" time="0.013" />
  <testcase classname="ptolemy.util.test.junit.AutoTests" name="[51] /home/travis/build/icyphy/ptII/ptolemy/actor/lib/test/auto/Clock14.xml (RunModel)" time="0.013" />
  <testcase classname="ptolemy.util.test.junit.AutoTests" name="[52] /home/travis/build/icyphy/ptII/ptolemy/actor/lib/test/auto/Clock15.xml (RunModel)" time="0.009" />
  <testcase classname="ptolemy.util.test.junit.AutoTests" name="[53] /home/travis/build/icyphy/ptII/ptolemy/actor/lib/test/auto/Clock16.xml (RunModel)" time="0.082" />
  <testcase classname="ptolemy.util.test.junit.AutoTests" name="[54] /home/travis/build/icyphy/ptII/ptolemy/actor/lib/test/auto/Clock17.xml (RunModel)" time="0.053" />
  <testcase classname="ptolemy.util.test.junit.AutoTests" name="[55] /home/travis/build/icyphy/ptII/ptolemy/actor/lib/test/auto/Clock18.xml (RunModel)" time="0.049" />
  <testcase classname="ptolemy.util.test.junit.AutoTests" name="[56] /home/travis/build/icyphy/ptII/ptolemy/actor/lib/test/auto/Clock19.xml (RunModel)" time="0.031" />
  <testcase classname="ptolemy.util.test.junit.AutoTests" name="[57] /home/travis/build/icyphy/ptII/ptolemy/actor/lib/test/auto/Clock2.xml (RunModel)" time="0.012" />
  <testcase classname="ptolemy.util.test.junit.AutoTests" name="[58] /home/travis/build/icyphy/ptII/ptolemy/actor/lib/test/auto/Clock20.xml (RunModel)" time="0.026" />
  <testcase classname="ptolemy.util.test.junit.AutoTests" name="[59] /home/travis/build/icyphy/ptII/ptolemy/actor/lib/test/auto/Clock21.xml (RunModel)" time="0.013" />
  <testcase classname="ptolemy.util.test.junit.AutoTests" name="[60] /home/travis/build/icyphy/ptII/ptolemy/actor/lib/test/auto/Clock22.xml (RunModel)" time="0.012" />
  <testcase classname="ptolemy.util.test.junit.AutoTests" name="[61] /home/travis/build/icyphy/ptII/ptolemy/actor/lib/test/auto/Clock23.xml (RunModel)" time="0.016" />
  <testcase classname="ptolemy.util.test.junit.AutoTests" name="[62] /home/travis/build/icyphy/ptII/ptolemy/actor/lib/test/auto/Clock24.xml (RunModel)" time="0.014" />
  <testcase classname="ptolemy.util.test.junit.AutoTests" name="[63] /home/travis/build/icyphy/ptII/ptolemy/actor/lib/test/auto/Clock4.xml (RunModel)" time="0.01" />
  <testcase classname="ptolemy.util.test.junit.AutoTests" name="[64] /home/travis/build/icyphy/ptII/ptolemy/actor/lib/test/auto/Clock5.xml (RunModel)" time="0.014" />
  <testcase classname="ptolemy.util.test.junit.AutoTests" name="[65] /home/travis/build/icyphy/ptII/ptolemy/actor/lib/test/auto/Clock6.xml (RunModel)" time="0.008" />
  <testcase classname="ptolemy.util.test.junit.AutoTests" name="[66] /home/travis/build/icyphy/ptII/ptolemy/actor/lib/test/auto/Clock7.xml (RunModel)" time="0.015" />
  <testcase classname="ptolemy.util.test.junit.AutoTests" name="[67] /home/travis/build/icyphy/ptII/ptolemy/actor/lib/test/auto/Clock8.xml (RunModel)" time="0.013" />
  <testcase classname="ptolemy.util.test.junit.AutoTests" name="[68] /home/travis/build/icyphy/ptII/ptolemy/actor/lib/test/auto/Clock9.xml (RunModel)" time="0.013" />
  <testcase classname="ptolemy.util.test.junit.AutoTests" name="[69] /home/travis/build/icyphy/ptII/ptolemy/actor/lib/test/auto/CommDistDiscard.xml (RunModel)" time="0.019" />
  <testcase classname="ptolemy.util.test.junit.AutoTests" name="[70] /home/travis/build/icyphy/ptII/ptolemy/actor/lib/test/auto/Commutator.xml (RunModel)" time="0.012" />
  <testcase classname="ptolemy.util.test.junit.AutoTests" name="[71] /home/travis/build/icyphy/ptII/ptolemy/actor/lib/test/auto/Commutator2.xml (RunModel)" time="0.009" />
  <testcase classname="ptolemy.util.test.junit.AutoTests" name="[72] /home/travis/build/icyphy/ptII/ptolemy/actor/lib/test/auto/Commutator3.xml (RunModel)" time="0.012" />
  <testcase classname="ptolemy.util.test.junit.AutoTests" name="[73] /home/travis/build/icyphy/ptII/ptolemy/actor/lib/test/auto/Compare.xml (RunModel)" time="0.017" />
  <testcase classname="ptolemy.util.test.junit.AutoTests" name="[74] /home/travis/build/icyphy/ptII/ptolemy/actor/lib/test/auto/CompareDE.xml (RunModel)" time="0.015" />
  <testcase classname="ptolemy.util.test.junit.AutoTests" name="[75] /home/travis/build/icyphy/ptII/ptolemy/actor/lib/test/auto/ComplexDivide.xml (RunModel)" time="0.009" />
  <testcase classname="ptolemy.util.test.junit.AutoTests" name="[76] /home/travis/build/icyphy/ptII/ptolemy/actor/lib/test/auto/ComputeHistogram.xml (RunModel)" time="0.059" />
  <testcase classname="ptolemy.util.test.junit.AutoTests" name="[77] /home/travis/build/icyphy/ptII/ptolemy/actor/lib/test/auto/ConfigurationSelect.xml (RunModel)" time="0.019" />
  <testcase classname="ptolemy.util.test.junit.AutoTests" name="[78] /home/travis/build/icyphy/ptII/ptolemy/actor/lib/test/auto/ConfigurationSelect2.xml (RunModel)" time="0.016" />
  <testcase classname="ptolemy.util.test.junit.AutoTests" name="[79] /home/travis/build/icyphy/ptII/ptolemy/actor/lib/test/auto/ConfigurationSwitch.xml (RunModel)" time="0.022" />
  <testcase classname="ptolemy.util.test.junit.AutoTests" name="[80] /home/travis/build/icyphy/ptII/ptolemy/actor/lib/test/auto/ConfigurationSwitch2.xml (RunModel)" time="0.022" />
  <testcase classname="ptolemy.util.test.junit.AutoTests" name="[81] /home/travis/build/icyphy/ptII/ptolemy/actor/lib/test/auto/ConfigurationSwitchCloningBugWithClassRelationGroup.xml (RunModel)" time="0.023" />
  <testcase classname="ptolemy.util.test.junit.AutoTests" name="[82] /home/travis/build/icyphy/ptII/ptolemy/actor/lib/test/auto/ConfigurationSwitchSelectSDF.xml (RunModel)" time="0.016" />
  <testcase classname="ptolemy.util.test.junit.AutoTests" name="[83] /home/travis/build/icyphy/ptII/ptolemy/actor/lib/test/auto/ConfigurationSwitchSelectSDF2.xml (RunModel)" time="0.016" />
  <testcase classname="ptolemy.util.test.junit.AutoTests" name="[84] /home/travis/build/icyphy/ptII/ptolemy/actor/lib/test/auto/Const.xml (RunModel)" time="0.008" />
  <testcase classname="ptolemy.util.test.junit.AutoTests" name="[85] /home/travis/build/icyphy/ptII/ptolemy/actor/lib/test/auto/Const2.xml (RunModel)" time="0.01" />
  <testcase classname="ptolemy.util.test.junit.AutoTests" name="[86] /home/travis/build/icyphy/ptII/ptolemy/actor/lib/test/auto/Const3.xml (RunModel)" time="0.007" />
  <testcase classname="ptolemy.util.test.junit.AutoTests" name="[87] /home/travis/build/icyphy/ptII/ptolemy/actor/lib/test/auto/ConstantPublisherPort1.xml (RunModel)" time="0.022" />
  <testcase classname="ptolemy.util.test.junit.AutoTests" name="[88] /home/travis/build/icyphy/ptII/ptolemy/actor/lib/test/auto/ConstantPublisherPort2.xml (RunModel)" time="0.023" />
  <testcase classname="ptolemy.util.test.junit.AutoTests" name="[89] /home/travis/build/icyphy/ptII/ptolemy/actor/lib/test/auto/ConstantPublisherPort3.xml (RunModel)" time="0.018" />
  <testcase classname="ptolemy.util.test.junit.AutoTests" name="[90] /home/travis/build/icyphy/ptII/ptolemy/actor/lib/test/auto/ConstantPublisherPort4.xml (RunModel)" time="0.028" />
  <testcase classname="ptolemy.util.test.junit.AutoTests" name="[91] /home/travis/build/icyphy/ptII/ptolemy/actor/lib/test/auto/ConstantPublisherPort5.xml (RunModel)" time="0.042" />
  <testcase classname="ptolemy.util.test.junit.AutoTests" name="[92] /home/travis/build/icyphy/ptII/ptolemy/actor/lib/test/auto/ConstantPublisherPort6.xml (RunModel)" time="0.03" />
  <testcase classname="ptolemy.util.test.junit.AutoTests" name="[93] /home/travis/build/icyphy/ptII/ptolemy/actor/lib/test/auto/ConstantPublisherPort7.xml (RunModel)" time="0.034" />
  <testcase classname="ptolemy.util.test.junit.AutoTests" name="[94] /home/travis/build/icyphy/ptII/ptolemy/actor/lib/test/auto/ConstraintMonitor1.xml (RunModel)" time="0.038" />
  <testcase classname="ptolemy.util.test.junit.AutoTests" name="[95] /home/travis/build/icyphy/ptII/ptolemy/actor/lib/test/auto/ConstraintMonitor2.xml (RunModel)" time="0.016" />
  <testcase classname="ptolemy.util.test.junit.AutoTests" name="[96] /home/travis/build/icyphy/ptII/ptolemy/actor/lib/test/auto/ConstraintMonitor3.xml (RunModel)" time="0.015" />
  <testcase classname="ptolemy.util.test.junit.AutoTests" name="[97] /home/travis/build/icyphy/ptII/ptolemy/actor/lib/test/auto/ConstraintMonitor4.xml (RunModel)" time="0.013" />
  <testcase classname="ptolemy.util.test.junit.AutoTests" name="[98] /home/travis/build/icyphy/ptII/ptolemy/actor/lib/test/auto/ConstraintMonitor5.xml (RunModel)" time="0.012" />
  <testcase classname="ptolemy.util.test.junit.AutoTests" name="[99] /home/travis/build/icyphy/ptII/ptolemy/actor/lib/test/auto/ConstraintMonitor6.xml (RunModel)" time="0.015" />
  <testcase classname="ptolemy.util.test.junit.AutoTests" name="[100] /home/travis/build/icyphy/ptII/ptolemy/actor/lib/test/auto/ConstraintMonitor7.xml (RunModel)" time="0.017" />
  <testcase classname="ptolemy.util.test.junit.AutoTests" name="[101] /home/travis/build/icyphy/ptII/ptolemy/actor/lib/test/auto/ConstraintMonitor8.xml (RunModel)" time="0.018" />
  <testcase classname="ptolemy.util.test.junit.AutoTests" name="[102] /home/travis/build/icyphy/ptII/ptolemy/actor/lib/test/auto/Counter.xml (RunModel)" time="0.013" />
  <testcase classname="ptolemy.util.test.junit.AutoTests" name="[103] /home/travis/build/icyphy/ptII/ptolemy/actor/lib/test/auto/CurrentTimeSDF.xml (RunModel)" time="0.008" />
  <testcase classname="ptolemy.util.test.junit.AutoTests" name="[104] /home/travis/build/icyphy/ptII/ptolemy/actor/lib/test/auto/DB.xml (RunModel)" time="0.012" />
  <testcase classname="ptolemy.util.test.junit.AutoTests" name="[105] /home/travis/build/icyphy/ptII/ptolemy/actor/lib/test/auto/DBDE.xml (RunModel)" time="0.012" />
  <testcase classname="ptolemy.util.test.junit.AutoTests" name="[106] /home/travis/build/icyphy/ptII/ptolemy/actor/lib/test/auto/DateConstructor.xml (RunModel)" time="0.065" />
  <testcase classname="ptolemy.util.test.junit.AutoTests" name="[107] /home/travis/build/icyphy/ptII/ptolemy/actor/lib/test/auto/DelayTime.xml (RunModel)" time="0.016" />
  <testcase classname="ptolemy.util.test.junit.AutoTests" name="[108] /home/travis/build/icyphy/ptII/ptolemy/actor/lib/test/auto/Dictionary1.xml (RunModel)" time="0.02" />
  <testcase classname="ptolemy.util.test.junit.AutoTests" name="[109] /home/travis/build/icyphy/ptII/ptolemy/actor/lib/test/auto/Dictionary2.xml (RunModel)" time="0.018" />
  <testcase classname="ptolemy.util.test.junit.AutoTests" name="[110] /home/travis/build/icyphy/ptII/ptolemy/actor/lib/test/auto/Dictionary3.xml (RunModel)" time="0.013" />
  <testcase classname="ptolemy.util.test.junit.AutoTests" name="[111] /home/travis/build/icyphy/ptII/ptolemy/actor/lib/test/auto/Dictionary4.xml (RunModel)" time="0.018" />
  <testcase classname="ptolemy.util.test.junit.AutoTests" name="[112] /home/travis/build/icyphy/ptII/ptolemy/actor/lib/test/auto/Differential.xml (RunModel)" time="0.012" />
  <testcase classname="ptolemy.util.test.junit.AutoTests" name="[113] /home/travis/build/icyphy/ptII/ptolemy/actor/lib/test/auto/Director.xml (RunModel)" time="0.011" />
  <testcase classname="ptolemy.util.test.junit.AutoTests" name="[114] /home/travis/build/icyphy/ptII/ptolemy/actor/lib/test/auto/DiscreteClock.xml (RunModel)" time="0.008" />
  <testcase classname="ptolemy.util.test.junit.AutoTests" name="[115] /home/travis/build/icyphy/ptII/ptolemy/actor/lib/test/auto/DiscreteClock10.xml (RunModel)" time="0.012" />
  <testcase classname="ptolemy.util.test.junit.AutoTests" name="[116] /home/travis/build/icyphy/ptII/ptolemy/actor/lib/test/auto/DiscreteClock11.xml (RunModel)" time="0.011" />
  <testcase classname="ptolemy.util.test.junit.AutoTests" name="[117] /home/travis/build/icyphy/ptII/ptolemy/actor/lib/test/auto/DiscreteClock12.xml (RunModel)" time="0.013" />
  <testcase classname="ptolemy.util.test.junit.AutoTests" name="[118] /home/travis/build/icyphy/ptII/ptolemy/actor/lib/test/auto/DiscreteClock13.xml (RunModel)" time="0.011" />
  <testcase classname="ptolemy.util.test.junit.AutoTests" name="[119] /home/travis/build/icyphy/ptII/ptolemy/actor/lib/test/auto/DiscreteClock14.xml (RunModel)" time="0.011" />
  <testcase classname="ptolemy.util.test.junit.AutoTests" name="[120] /home/travis/build/icyphy/ptII/ptolemy/actor/lib/test/auto/DiscreteClock15.xml (RunModel)" time="0.028" />
  <testcase classname="ptolemy.util.test.junit.AutoTests" name="[121] /home/travis/build/icyphy/ptII/ptolemy/actor/lib/test/auto/DiscreteClock16.xml (RunModel)" time="0.042" />
  <testcase classname="ptolemy.util.test.junit.AutoTests" name="[122] /home/travis/build/icyphy/ptII/ptolemy/actor/lib/test/auto/DiscreteClock17.xml (RunModel)" time="0.036" />
  <testcase classname="ptolemy.util.test.junit.AutoTests" name="[123] /home/travis/build/icyphy/ptII/ptolemy/actor/lib/test/auto/DiscreteClock18.xml (RunModel)" time="0.043" />
  <testcase classname="ptolemy.util.test.junit.AutoTests" name="[124] /home/travis/build/icyphy/ptII/ptolemy/actor/lib/test/auto/DiscreteClock19.xml (RunModel)" time="0.046" />
  <testcase classname="ptolemy.util.test.junit.AutoTests" name="[125] /home/travis/build/icyphy/ptII/ptolemy/actor/lib/test/auto/DiscreteClock2.xml (RunModel)" time="0.01" />
  <testcase classname="ptolemy.util.test.junit.AutoTests" name="[126] /home/travis/build/icyphy/ptII/ptolemy/actor/lib/test/auto/DiscreteClock20.xml (RunModel)" time="0.021" />
  <testcase classname="ptolemy.util.test.junit.AutoTests" name="[127] /home/travis/build/icyphy/ptII/ptolemy/actor/lib/test/auto/DiscreteClock21.xml (RunModel)" time="0.017" />
  <testcase classname="ptolemy.util.test.junit.AutoTests" name="[128] /home/travis/build/icyphy/ptII/ptolemy/actor/lib/test/auto/DiscreteClock22.xml (RunModel)" time="0.013" />
  <testcase classname="ptolemy.util.test.junit.AutoTests" name="[129] /home/travis/build/icyphy/ptII/ptolemy/actor/lib/test/auto/DiscreteClock23.xml (RunModel)" time="0.019" />
  <testcase classname="ptolemy.util.test.junit.AutoTests" name="[130] /home/travis/build/icyphy/ptII/ptolemy/actor/lib/test/auto/DiscreteClock24.xml (RunModel)" time="0.014" />
  <testcase classname="ptolemy.util.test.junit.AutoTests" name="[131] /home/travis/build/icyphy/ptII/ptolemy/actor/lib/test/auto/DiscreteClock4.xml (RunModel)" time="0.012" />
  <testcase classname="ptolemy.util.test.junit.AutoTests" name="[132] /home/travis/build/icyphy/ptII/ptolemy/actor/lib/test/auto/DiscreteClock5.xml (RunModel)" time="0.01" />
  <testcase classname="ptolemy.util.test.junit.AutoTests" name="[133] /home/travis/build/icyphy/ptII/ptolemy/actor/lib/test/auto/DiscreteClock6.xml (RunModel)" time="0.01" />
  <testcase classname="ptolemy.util.test.junit.AutoTests" name="[134] /home/travis/build/icyphy/ptII/ptolemy/actor/lib/test/auto/DiscreteClock7.xml (RunModel)" time="0.01" />
  <testcase classname="ptolemy.util.test.junit.AutoTests" name="[135] /home/travis/build/icyphy/ptII/ptolemy/actor/lib/test/auto/DiscreteClock8.xml (RunModel)" time="0.018" />
  <testcase classname="ptolemy.util.test.junit.AutoTests" name="[136] /home/travis/build/icyphy/ptII/ptolemy/actor/lib/test/auto/DiscreteClock9.xml (RunModel)" time="0.014" />
  <testcase classname="ptolemy.util.test.junit.AutoTests" name="[137] /home/travis/build/icyphy/ptII/ptolemy/actor/lib/test/auto/DisplayArray.xml (RunModel)" time="0.008" />
  <testcase classname="ptolemy.util.test.junit.AutoTests" name="[138] /home/travis/build/icyphy/ptII/ptolemy/actor/lib/test/auto/Distributor.xml (RunModel)" time="0.009" />
  <testcase classname="ptolemy.util.test.junit.AutoTests" name="[139] /home/travis/build/icyphy/ptII/ptolemy/actor/lib/test/auto/Distributor2.xml (RunModel)" time="0.01" />
  <testcase classname="ptolemy.util.test.junit.AutoTests" name="[140] /home/travis/build/icyphy/ptII/ptolemy/actor/lib/test/auto/DownSample.xml (RunModel)" time="0.008" />
  <testcase classname="ptolemy.util.test.junit.AutoTests" name="[141] /home/travis/build/icyphy/ptII/ptolemy/actor/lib/test/auto/ElectronicUnitBase1.xml (RunModel)" time="0.069" />
  <testcase classname="ptolemy.util.test.junit.AutoTests" name="[142] /home/travis/build/icyphy/ptII/ptolemy/actor/lib/test/auto/ElementsToArray.xml (RunModel)" time="0.009" />
  <testcase classname="ptolemy.util.test.junit.AutoTests" name="[143] /home/travis/build/icyphy/ptII/ptolemy/actor/lib/test/auto/Equals.xml (RunModel)" time="0.014" />
  <testcase classname="ptolemy.util.test.junit.AutoTests" name="[144] /home/travis/build/icyphy/ptII/ptolemy/actor/lib/test/auto/Exec.xml (RunModel)" time="0.027" />
  <testcase classname="ptolemy.util.test.junit.AutoTests" name="[145] /home/travis/build/icyphy/ptII/ptolemy/actor/lib/test/auto/ExecEnvironment.xml (RunModel)" time="0.042" />
  <testcase classname="ptolemy.util.test.junit.AutoTests" name="[146] /home/travis/build/icyphy/ptII/ptolemy/actor/lib/test/auto/ExecNonZeroReturnOutput.xml (RunModel)" time="0.195" />
  <testcase classname="ptolemy.util.test.junit.AutoTests" name="[147] /home/travis/build/icyphy/ptII/ptolemy/actor/lib/test/auto/ExecRunDemos.xml (RunModel)" time="10.116" />
  <testcase classname="ptolemy.util.test.junit.AutoTests" name="[148] /home/travis/build/icyphy/ptII/ptolemy/actor/lib/test/auto/ExecStop.xml (RunModel)" time="5.032" />
  <testcase classname="ptolemy.util.test.junit.AutoTests" name="[149] /home/travis/build/icyphy/ptII/ptolemy/actor/lib/test/auto/ExecutionTimeSDF.xml (RunModel)" time="6.027" />
  <testcase classname="ptolemy.util.test.junit.AutoTests" name="[150] /home/travis/build/icyphy/ptII/ptolemy/actor/lib/test/auto/Expression1.xml (RunModel)" time="0.009" />
  <testcase classname="ptolemy.util.test.junit.AutoTests" name="[151] /home/travis/build/icyphy/ptII/ptolemy/actor/lib/test/auto/Expression10.xml (RunModel)" time="0.018" />
  <testcase classname="ptolemy.util.test.junit.AutoTests" name="[152] /home/travis/build/icyphy/ptII/ptolemy/actor/lib/test/auto/Expression11.xml (RunModel)" time="0.013" />
  <testcase classname="ptolemy.util.test.junit.AutoTests" name="[153] /home/travis/build/icyphy/ptII/ptolemy/actor/lib/test/auto/Expression12.xml (RunModel)" time="0.011" />
  <testcase classname="ptolemy.util.test.junit.AutoTests" name="[154] /home/travis/build/icyphy/ptII/ptolemy/actor/lib/test/auto/Expression13.xml (RunModel)" time="0.01" />
  <testcase classname="ptolemy.util.test.junit.AutoTests" name="[155] /home/travis/build/icyphy/ptII/ptolemy/actor/lib/test/auto/Expression14.xml (RunModel)" time="0.017" />
  <testcase classname="ptolemy.util.test.junit.AutoTests" name="[156] /home/travis/build/icyphy/ptII/ptolemy/actor/lib/test/auto/Expression15.xml (RunModel)" time="0.006" />
  <testcase classname="ptolemy.util.test.junit.AutoTests" name="[157] /home/travis/build/icyphy/ptII/ptolemy/actor/lib/test/auto/Expression16.xml (RunModel)" time="0.01" />
  <testcase classname="ptolemy.util.test.junit.AutoTests" name="[158] /home/travis/build/icyphy/ptII/ptolemy/actor/lib/test/auto/Expression17.xml (RunModel)" time="0.011" />
  <testcase classname="ptolemy.util.test.junit.AutoTests" name="[159] /home/travis/build/icyphy/ptII/ptolemy/actor/lib/test/auto/Expression18.xml (RunModel)" time="0.012" />
  <testcase classname="ptolemy.util.test.junit.AutoTests" name="[160] /home/travis/build/icyphy/ptII/ptolemy/actor/lib/test/auto/Expression2.xml (RunModel)" time="0.009" />
  <testcase classname="ptolemy.util.test.junit.AutoTests" name="[161] /home/travis/build/icyphy/ptII/ptolemy/actor/lib/test/auto/Expression3.xml (RunModel)" time="0.011" />
  <testcase classname="ptolemy.util.test.junit.AutoTests" name="[162] /home/travis/build/icyphy/ptII/ptolemy/actor/lib/test/auto/Expression4.xml (RunModel)" time="0.021" />
  <testcase classname="ptolemy.util.test.junit.AutoTests" name="[163] /home/travis/build/icyphy/ptII/ptolemy/actor/lib/test/auto/Expression5.xml (RunModel)" time="0.011" />
  <testcase classname="ptolemy.util.test.junit.AutoTests" name="[164] /home/travis/build/icyphy/ptII/ptolemy/actor/lib/test/auto/Expression6.xml (RunModel)" time="0.008" />
  <testcase classname="ptolemy.util.test.junit.AutoTests" name="[165] /home/travis/build/icyphy/ptII/ptolemy/actor/lib/test/auto/Expression7.xml (RunModel)" time="0.01" />
  <testcase classname="ptolemy.util.test.junit.AutoTests" name="[166] /home/travis/build/icyphy/ptII/ptolemy/actor/lib/test/auto/Expression8.xml (RunModel)" time="0.012" />
  <testcase classname="ptolemy.util.test.junit.AutoTests" name="[167] /home/travis/build/icyphy/ptII/ptolemy/actor/lib/test/auto/Expression9.xml (RunModel)" time="0.006" />
  <testcase classname="ptolemy.util.test.junit.AutoTests" name="[168] /home/travis/build/icyphy/ptII/ptolemy/actor/lib/test/auto/ExpressionConcatenateArrayType.xml (RunModel)" time="0.023" />
  <testcase classname="ptolemy.util.test.junit.AutoTests" name="[169] /home/travis/build/icyphy/ptII/ptolemy/actor/lib/test/auto/ExpressionConcatenateArrayType2.xml (RunModel)" time="0.019" />
  <testcase classname="ptolemy.util.test.junit.AutoTests" name="[170] /home/travis/build/icyphy/ptII/ptolemy/actor/lib/test/auto/ExpressionFix.xml (RunModel)" time="0.041" />
  <testcase classname="ptolemy.util.test.junit.AutoTests" name="[171] /home/travis/build/icyphy/ptII/ptolemy/actor/lib/test/auto/ExpressionFix2.xml (RunModel)" time="0.011" />
  <testcase classname="ptolemy.util.test.junit.AutoTests" name="[172] /home/travis/build/icyphy/ptII/ptolemy/actor/lib/test/auto/ExpressionFix3.xml (RunModel)" time="0.009" />
  <testcase classname="ptolemy.util.test.junit.AutoTests" name="[173] /home/travis/build/icyphy/ptII/ptolemy/actor/lib/test/auto/FileWriter1.xml (RunModel)" time="0.011" />
  <testcase classname="ptolemy.util.test.junit.AutoTests" name="[174] /home/travis/build/icyphy/ptII/ptolemy/actor/lib/test/auto/FileWriter2.xml (RunModel)" time="0.012" />
  <testcase classname="ptolemy.util.test.junit.AutoTests" name="[175] /home/travis/build/icyphy/ptII/ptolemy/actor/lib/test/auto/FileWriter3.xml (RunModel)" time="0.011" />
  <testcase classname="ptolemy.util.test.junit.AutoTests" name="[176] /home/travis/build/icyphy/ptII/ptolemy/actor/lib/test/auto/Gaussian.xml (RunModel)" time="0.01" />
  <testcase classname="ptolemy.util.test.junit.AutoTests" name="[177] /home/travis/build/icyphy/ptII/ptolemy/actor/lib/test/auto/Gaussian1.xml (RunModel)" time="0.011" />
  <testcase classname="ptolemy.util.test.junit.AutoTests" name="[178] /home/travis/build/icyphy/ptII/ptolemy/actor/lib/test/auto/Gaussian2.xml (RunModel)" time="0.022" />
  <testcase classname="ptolemy.util.test.junit.AutoTests" name="[179] /home/travis/build/icyphy/ptII/ptolemy/actor/lib/test/auto/GradientAdaptiveLattice.xml (RunModel)" time="0.014" />
  <testcase classname="ptolemy.util.test.junit.AutoTests" name="[180] /home/travis/build/icyphy/ptII/ptolemy/actor/lib/test/auto/IIR.xml (RunModel)" time="0.008" />
  <testcase classname="ptolemy.util.test.junit.AutoTests" name="[181] /home/travis/build/icyphy/ptII/ptolemy/actor/lib/test/auto/InputOutputTransparentPorts.xml (RunModel)" time="0.015" />
  <testcase classname="ptolemy.util.test.junit.AutoTests" name="[182] /home/travis/build/icyphy/ptII/ptolemy/actor/lib/test/auto/Interpolator.xml (RunModel)" time="0.01" />
  <testcase classname="ptolemy.util.test.junit.AutoTests" name="[183] /home/travis/build/icyphy/ptII/ptolemy/actor/lib/test/auto/InterpolatorFiringLimitDE.xml (RunModel)" time="0.012" />
  <testcase classname="ptolemy.util.test.junit.AutoTests" name="[184] /home/travis/build/icyphy/ptII/ptolemy/actor/lib/test/auto/Lattice.xml (RunModel)" time="0.009" />
  <testcase classname="ptolemy.util.test.junit.AutoTests" name="[185] /home/travis/build/icyphy/ptII/ptolemy/actor/lib/test/auto/LazyAOCTestLazy.xml (RunModel)" time="0.026" />
  <testcase classname="ptolemy.util.test.junit.AutoTests" name="[186] /home/travis/build/icyphy/ptII/ptolemy/actor/lib/test/auto/LazyAOCTestNonLazy.xml (RunModel)" time="0.043" />
  <testcase classname="ptolemy.util.test.junit.AutoTests" name="[187] /home/travis/build/icyphy/ptII/ptolemy/actor/lib/test/auto/LazyInnerClass.xml (RunModel)" time="0.062" />
  <testcase classname="ptolemy.util.test.junit.AutoTests" name="[188] /home/travis/build/icyphy/ptII/ptolemy/actor/lib/test/auto/LazyPubSub.xml (RunModel)" time="0.035" />
  <testcase classname="ptolemy.util.test.junit.AutoTests" name="[189] /home/travis/build/icyphy/ptII/ptolemy/actor/lib/test/auto/LazyPubSub2.xml (RunModel)" time="0.031" />
  <testcase classname="ptolemy.util.test.junit.AutoTests" name="[190] /home/travis/build/icyphy/ptII/ptolemy/actor/lib/test/auto/LazyPubSub3.xml (RunModel)" time="0.025" />
  <testcase classname="ptolemy.util.test.junit.AutoTests" name="[191] /home/travis/build/icyphy/ptII/ptolemy/actor/lib/test/auto/LazySubClassModel.xml (RunModel)" time="0.021" />
  <testcase classname="ptolemy.util.test.junit.AutoTests" name="[192] /home/travis/build/icyphy/ptII/ptolemy/actor/lib/test/auto/LevelCrossTest1.xml (RunModel)" time="0.01" />
  <testcase classname="ptolemy.util.test.junit.AutoTests" name="[193] /home/travis/build/icyphy/ptII/ptolemy/actor/lib/test/auto/LevelCrossTest10.xml (RunModel)" time="0.014" />
  <testcase classname="ptolemy.util.test.junit.AutoTests" name="[194] /home/travis/build/icyphy/ptII/ptolemy/actor/lib/test/auto/LevelCrossTest11.xml (RunModel)" time="0.012" />
  <testcase classname="ptolemy.util.test.junit.AutoTests" name="[195] /home/travis/build/icyphy/ptII/ptolemy/actor/lib/test/auto/LevelCrossTest12.xml (RunModel)" time="0.012" />
  <testcase classname="ptolemy.util.test.junit.AutoTests" name="[196] /home/travis/build/icyphy/ptII/ptolemy/actor/lib/test/auto/LevelCrossTest13.xml (RunModel)" time="0.012" />
  <testcase classname="ptolemy.util.test.junit.AutoTests" name="[197] /home/travis/build/icyphy/ptII/ptolemy/actor/lib/test/auto/LevelCrossTest2.xml (RunModel)" time="0.023" />
  <testcase classname="ptolemy.util.test.junit.AutoTests" name="[198] /home/travis/build/icyphy/ptII/ptolemy/actor/lib/test/auto/LevelCrossTest3.xml (RunModel)" time="0.013" />
  <testcase classname="ptolemy.util.test.junit.AutoTests" name="[199] /home/travis/build/icyphy/ptII/ptolemy/actor/lib/test/auto/LevelCrossTest4.xml (RunModel)" time="0.011" />
  <testcase classname="ptolemy.util.test.junit.AutoTests" name="[200] /home/travis/build/icyphy/ptII/ptolemy/actor/lib/test/auto/LevelCrossTest5.xml (RunModel)" time="0.012" />
  <testcase classname="ptolemy.util.test.junit.AutoTests" name="[201] /home/travis/build/icyphy/ptII/ptolemy/actor/lib/test/auto/LevelCrossTest6.xml (RunModel)" time="0.012" />
  <testcase classname="ptolemy.util.test.junit.AutoTests" name="[202] /home/travis/build/icyphy/ptII/ptolemy/actor/lib/test/auto/LevelCrossTest7.xml (RunModel)" time="0.018" />
  <testcase classname="ptolemy.util.test.junit.AutoTests" name="[203] /home/travis/build/icyphy/ptII/ptolemy/actor/lib/test/auto/LevelCrossTest8.xml (RunModel)" time="0.013" />
  <testcase classname="ptolemy.util.test.junit.AutoTests" name="[204] /home/travis/build/icyphy/ptII/ptolemy/actor/lib/test/auto/LevelCrossTest9.xml (RunModel)" time="0.013" />
  <testcase classname="ptolemy.util.test.junit.AutoTests" name="[205] /home/travis/build/icyphy/ptII/ptolemy/actor/lib/test/auto/LevinsonDurbin.xml (RunModel)" time="0.008" />
  <testcase classname="ptolemy.util.test.junit.AutoTests" name="[206] /home/travis/build/icyphy/ptII/ptolemy/actor/lib/test/auto/LevinsonDurbin2.xml (RunModel)" time="0.008" />
  <testcase classname="ptolemy.util.test.junit.AutoTests" name="[207] /home/travis/build/icyphy/ptII/ptolemy/actor/lib/test/auto/LevinsonDurbin3.xml (RunModel)" time="0.008" />
  <testcase classname="ptolemy.util.test.junit.AutoTests" name="[208] /home/travis/build/icyphy/ptII/ptolemy/actor/lib/test/auto/Limiter.xml (RunModel)" time="0.037" />
  <testcase classname="ptolemy.util.test.junit.AutoTests" name="[209] /home/travis/build/icyphy/ptII/ptolemy/actor/lib/test/auto/LinearDifferenceEquationSystem.xml (RunModel)" time="0.019" />
  <testcase classname="ptolemy.util.test.junit.AutoTests" name="[210] /home/travis/build/icyphy/ptII/ptolemy/actor/lib/test/auto/LookupTable.xml (RunModel)" time="0.013" />
  <testcase classname="ptolemy.util.test.junit.AutoTests" name="[211] /home/travis/build/icyphy/ptII/ptolemy/actor/lib/test/auto/MathFunction.xml (RunModel)" time="0.02" />
  <testcase classname="ptolemy.util.test.junit.AutoTests" name="[212] /home/travis/build/icyphy/ptII/ptolemy/actor/lib/test/auto/MathFunction2.xml (RunModel)" time="0.011" />
  <testcase classname="ptolemy.util.test.junit.AutoTests" name="[213] /home/travis/build/icyphy/ptII/ptolemy/actor/lib/test/auto/MathFunction3.xml (RunModel)" time="0.016" />
  <testcase classname="ptolemy.util.test.junit.AutoTests" name="[214] /home/travis/build/icyphy/ptII/ptolemy/actor/lib/test/auto/MatrixCropBoolean.xml (RunModel)" time="0.019" />
  <testcase classname="ptolemy.util.test.junit.AutoTests" name="[215] /home/travis/build/icyphy/ptII/ptolemy/actor/lib/test/auto/MatrixCropComplex.xml (RunModel)" time="0.008" />
  <testcase classname="ptolemy.util.test.junit.AutoTests" name="[216] /home/travis/build/icyphy/ptII/ptolemy/actor/lib/test/auto/MatrixCropDouble.xml (RunModel)" time="0.009" />
  <testcase classname="ptolemy.util.test.junit.AutoTests" name="[217] /home/travis/build/icyphy/ptII/ptolemy/actor/lib/test/auto/MatrixCropFix.xml (RunModel)" time="0.013" />
  <testcase classname="ptolemy.util.test.junit.AutoTests" name="[218] /home/travis/build/icyphy/ptII/ptolemy/actor/lib/test/auto/MatrixCropInt.xml (RunModel)" time="0.009" />
  <testcase classname="ptolemy.util.test.junit.AutoTests" name="[219] /home/travis/build/icyphy/ptII/ptolemy/actor/lib/test/auto/MatrixCropLong.xml (RunModel)" time="0.01" />
  <testcase classname="ptolemy.util.test.junit.AutoTests" name="[220] /home/travis/build/icyphy/ptII/ptolemy/actor/lib/test/auto/MatrixToArray.xml (RunModel)" time="0.051" />
  <testcase classname="ptolemy.util.test.junit.AutoTests" name="[221] /home/travis/build/icyphy/ptII/ptolemy/actor/lib/test/auto/MaxIndex.xml (RunModel)" time="0.011" />
  <testcase classname="ptolemy.util.test.junit.AutoTests" name="[222] /home/travis/build/icyphy/ptII/ptolemy/actor/lib/test/auto/Maximum.xml (RunModel)" time="0.012" />
  <testcase classname="ptolemy.util.test.junit.AutoTests" name="[223] /home/travis/build/icyphy/ptII/ptolemy/actor/lib/test/auto/MaximumComplex.xml (RunModel)" time="0.012" />
  <testcase classname="ptolemy.util.test.junit.AutoTests" name="[224] /home/travis/build/icyphy/ptII/ptolemy/actor/lib/test/auto/MethodCallTest.xml (RunModel)" time="0.016" />
  <testcase classname="ptolemy.util.test.junit.AutoTests" name="[225] /home/travis/build/icyphy/ptII/ptolemy/actor/lib/test/auto/Minimum.xml (RunModel)" time="0.011" />
  <testcase classname="ptolemy.util.test.junit.AutoTests" name="[226] /home/travis/build/icyphy/ptII/ptolemy/actor/lib/test/auto/MinimumComplex.xml (RunModel)" time="0.012" />
  <testcase classname="ptolemy.util.test.junit.AutoTests" name="[227] /home/travis/build/icyphy/ptII/ptolemy/actor/lib/test/auto/MinimumMultiports.xml (RunModel)" time="0.017" />
  <testcase classname="ptolemy.util.test.junit.AutoTests" name="[228] /home/travis/build/icyphy/ptII/ptolemy/actor/lib/test/auto/ModifyDate.xml (RunModel)" time="0.034" />
  <testcase classname="ptolemy.util.test.junit.AutoTests" name="[229] /home/travis/build/icyphy/ptII/ptolemy/actor/lib/test/auto/ModifyDate2.xml (RunModel)" time="0.025" />
  <testcase classname="ptolemy.util.test.junit.AutoTests" name="[230] /home/travis/build/icyphy/ptII/ptolemy/actor/lib/test/auto/MovingAverage.xml (RunModel)" time="0.013" />
  <testcase classname="ptolemy.util.test.junit.AutoTests" name="[231] /home/travis/build/icyphy/ptII/ptolemy/actor/lib/test/auto/MovingMaximum.xml (RunModel)" time="0.011" />
  <testcase classname="ptolemy.util.test.junit.AutoTests" name="[232] /home/travis/build/icyphy/ptII/ptolemy/actor/lib/test/auto/MultipleLinksToSameRelation.xml (RunModel)" time="0.01" />
  <testcase classname="ptolemy.util.test.junit.AutoTests" name="[233] /home/travis/build/icyphy/ptII/ptolemy/actor/lib/test/auto/MultipleLinksToSameRelationDE.xml (RunModel)" time="0.015" />
  <testcase classname="ptolemy.util.test.junit.AutoTests" name="[234] /home/travis/build/icyphy/ptII/ptolemy/actor/lib/test/auto/Multiplexor.xml (RunModel)" time="0.014" />
  <testcase classname="ptolemy.util.test.junit.AutoTests" name="[235] /home/travis/build/icyphy/ptII/ptolemy/actor/lib/test/auto/Multiplexor1.xml (RunModel)" time="0.011" />
  <testcase classname="ptolemy.util.test.junit.AutoTests" name="[236] /home/travis/build/icyphy/ptII/ptolemy/actor/lib/test/auto/Multiplexor2.xml (RunModel)" time="0.014" />
  <testcase classname="ptolemy.util.test.junit.AutoTests" name="[237] /home/travis/build/icyphy/ptII/ptolemy/actor/lib/test/auto/Multiplexor3.xml (RunModel)" time="0.008" />
  <testcase classname="ptolemy.util.test.junit.AutoTests" name="[238] /home/travis/build/icyphy/ptII/ptolemy/actor/lib/test/auto/MultiplexorDE.xml (RunModel)" time="0.016" />
  <testcase classname="ptolemy.util.test.junit.AutoTests" name="[239] /home/travis/build/icyphy/ptII/ptolemy/actor/lib/test/auto/MultiportBroadcastTest.xml (RunModel)" time="0.103" />
  <testcase classname="ptolemy.util.test.junit.AutoTests" name="[240] /home/travis/build/icyphy/ptII/ptolemy/actor/lib/test/auto/MultiportOutHangDuringGetWidth.xml (RunModel)" time="0.031" />
  <testcase classname="ptolemy.util.test.junit.AutoTests" name="[241] /home/travis/build/icyphy/ptII/ptolemy/actor/lib/test/auto/NilToken.xml (RunModel)" time="0.01" />
  <testcase classname="ptolemy.util.test.junit.AutoTests" name="[242] /home/travis/build/icyphy/ptII/ptolemy/actor/lib/test/auto/NilTokenNonStrictTest.xml (RunModel)" time="0.017" />
  <testcase classname="ptolemy.util.test.junit.AutoTests" name="[243] /home/travis/build/icyphy/ptII/ptolemy/actor/lib/test/auto/NilTokenRecord.xml (RunModel)" time="0.034" />
  <testcase classname="ptolemy.util.test.junit.AutoTests" name="[244] /home/travis/build/icyphy/ptII/ptolemy/actor/lib/test/auto/NilTokenTypeTest.xml (RunModel)" time="0.031" />
  <testcase classname="ptolemy.util.test.junit.AutoTests" name="[245] /home/travis/build/icyphy/ptII/ptolemy/actor/lib/test/auto/ObjectToken1.xml (RunModel)" time="0.008" />
  <testcase classname="ptolemy.util.test.junit.AutoTests" name="[246] /home/travis/build/icyphy/ptII/ptolemy/actor/lib/test/auto/OrderedMerge.xml (RunModel)" time="0.017" />
  <testcase classname="ptolemy.util.test.junit.AutoTests" name="[247] /home/travis/build/icyphy/ptII/ptolemy/actor/lib/test/auto/OrderedRecordDisassembler.xml (RunModel)" time="0.018" />
  <testcase classname="ptolemy.util.test.junit.AutoTests" name="[248] /home/travis/build/icyphy/ptII/ptolemy/actor/lib/test/auto/OrderedRecordDisassembler2.xml (RunModel)" time="0.018" />
  <testcase classname="ptolemy.util.test.junit.AutoTests" name="[249] /home/travis/build/icyphy/ptII/ptolemy/actor/lib/test/auto/OrderedRecordUpdater.xml (RunModel)" time="0.009" />
  <testcase classname="ptolemy.util.test.junit.AutoTests" name="[250] /home/travis/build/icyphy/ptII/ptolemy/actor/lib/test/auto/OrderedRecordUpdater2.xml (RunModel)" time="0.016" />
  <testcase classname="ptolemy.util.test.junit.AutoTests" name="[251] /home/travis/build/icyphy/ptII/ptolemy/actor/lib/test/auto/PhaseUnwrap.xml (RunModel)" time="0.011" />
  <testcase classname="ptolemy.util.test.junit.AutoTests" name="[252] /home/travis/build/icyphy/ptII/ptolemy/actor/lib/test/auto/PoissonClock.xml (RunModel)" time="0.009" />
  <testcase classname="ptolemy.util.test.junit.AutoTests" name="[253] /home/travis/build/icyphy/ptII/ptolemy/actor/lib/test/auto/PoissonClock2.xml (RunModel)" time="0.006" />
  <testcase classname="ptolemy.util.test.junit.AutoTests" name="[254] /home/travis/build/icyphy/ptII/ptolemy/actor/lib/test/auto/PoissonClock3.xml (RunModel)" time="0.022" />
  <testcase classname="ptolemy.util.test.junit.AutoTests" name="[255] /home/travis/build/icyphy/ptII/ptolemy/actor/lib/test/auto/PubSubWithInitialTokens.xml (RunModel)" time="0.015" />
  <testcase classname="ptolemy.util.test.junit.AutoTests" name="[256] /home/travis/build/icyphy/ptII/ptolemy/actor/lib/test/auto/PubSubWithInitialTokens2.xml (RunModel)" time="0.012" />
  <testcase classname="ptolemy.util.test.junit.AutoTests" name="[257] /home/travis/build/icyphy/ptII/ptolemy/actor/lib/test/auto/PublisherClassNoParameter.xml (RunModel)" time="0.02" />
  <testcase classname="ptolemy.util.test.junit.AutoTests" name="[258] /home/travis/build/icyphy/ptII/ptolemy/actor/lib/test/auto/PublisherClassParameter.xml (RunModel)" time="0.018" />
  <testcase classname="ptolemy.util.test.junit.AutoTests" name="[259] /home/travis/build/icyphy/ptII/ptolemy/actor/lib/test/auto/PublisherNonStrictTest.xml (RunModel)" time="0.012" />
  <testcase classname="ptolemy.util.test.junit.AutoTests" name="[260] /home/travis/build/icyphy/ptII/ptolemy/actor/lib/test/auto/PublisherPort1.xml (RunModel)" time="0.009" />
  <testcase classname="ptolemy.util.test.junit.AutoTests" name="[261] /home/travis/build/icyphy/ptII/ptolemy/actor/lib/test/auto/PublisherPort2.xml (RunModel)" time="0.007" />
  <testcase classname="ptolemy.util.test.junit.AutoTests" name="[262] /home/travis/build/icyphy/ptII/ptolemy/actor/lib/test/auto/PublisherPort3.xml (RunModel)" time="0.018" />
  <testcase classname="ptolemy.util.test.junit.AutoTests" name="[263] /home/travis/build/icyphy/ptII/ptolemy/actor/lib/test/auto/PublisherPort4.xml (RunModel)" time="0.011" />
  <testcase classname="ptolemy.util.test.junit.AutoTests" name="[264] /home/travis/build/icyphy/ptII/ptolemy/actor/lib/test/auto/PublisherPort5.xml (RunModel)" time="0.012" />
  <testcase classname="ptolemy.util.test.junit.AutoTests" name="[265] /home/travis/build/icyphy/ptII/ptolemy/actor/lib/test/auto/PublisherPort5LookAlike.xml (RunModel)" time="0.015" />
  <testcase classname="ptolemy.util.test.junit.AutoTests" name="[266] /home/travis/build/icyphy/ptII/ptolemy/actor/lib/test/auto/PublisherPort6.xml (RunModel)" time="0.01" />
  <testcase classname="ptolemy.util.test.junit.AutoTests" name="[267] /home/travis/build/icyphy/ptII/ptolemy/actor/lib/test/auto/PublisherPort7.xml (RunModel)" time="0.012" />
  <testcase classname="ptolemy.util.test.junit.AutoTests" name="[268] /home/travis/build/icyphy/ptII/ptolemy/actor/lib/test/auto/PublisherPort8.xml (RunModel)" time="0.012" />
  <testcase classname="ptolemy.util.test.junit.AutoTests" name="[269] /home/travis/build/icyphy/ptII/ptolemy/actor/lib/test/auto/PublisherPortSubscriberChannelVariablesAOC2.xml (RunModel)" time="0.036" />
  <testcase classname="ptolemy.util.test.junit.AutoTests" name="[270] /home/travis/build/icyphy/ptII/ptolemy/actor/lib/test/auto/PublisherPortSubscriberOpaqueWidthInference.xml (RunModel)" time="0.012" />
  <testcase classname="ptolemy.util.test.junit.AutoTests" name="[271] /home/travis/build/icyphy/ptII/ptolemy/actor/lib/test/auto/PublisherPortSubscriberPortAdjacent.xml (RunModel)" time="0.015" />
  <testcase classname="ptolemy.util.test.junit.AutoTests" name="[272] /home/travis/build/icyphy/ptII/ptolemy/actor/lib/test/auto/PublisherPortSubscriberPortExpression.xml (RunModel)" time="0.017" />
  <testcase classname="ptolemy.util.test.junit.AutoTests" name="[273] /home/travis/build/icyphy/ptII/ptolemy/actor/lib/test/auto/PublisherPortSubscriberPortOpaqueD3Reverse.xml (RunModel)" time="0.015" />
  <testcase classname="ptolemy.util.test.junit.AutoTests" name="[274] /home/travis/build/icyphy/ptII/ptolemy/actor/lib/test/auto/PublisherPortSubscriberPortOpaqueWidthInference.xml (RunModel)" time="0.011" />
  <testcase classname="ptolemy.util.test.junit.AutoTests" name="[275] /home/travis/build/icyphy/ptII/ptolemy/actor/lib/test/auto/PublisherPortToplevelSubscriberPortAOC.xml (RunModel)" time="0.009" />
  <testcase classname="ptolemy.util.test.junit.AutoTests" name="[276] /home/travis/build/icyphy/ptII/ptolemy/actor/lib/test/auto/PublisherSubscriber.xml (RunModel)" time="0.01" />
  <testcase classname="ptolemy.util.test.junit.AutoTests" name="[277] /home/travis/build/icyphy/ptII/ptolemy/actor/lib/test/auto/PublisherSubscriber10.xml (RunModel)" time="0.016" />
  <testcase classname="ptolemy.util.test.junit.AutoTests" name="[278] /home/travis/build/icyphy/ptII/ptolemy/actor/lib/test/auto/PublisherSubscriber10InitialOutputs.xml (RunModel)" time="0.026" />
  <testcase classname="ptolemy.util.test.junit.AutoTests" name="[279] /home/travis/build/icyphy/ptII/ptolemy/actor/lib/test/auto/PublisherSubscriber11.xml (RunModel)" time="0.022" />
  <testcase classname="ptolemy.util.test.junit.AutoTests" name="[280] /home/travis/build/icyphy/ptII/ptolemy/actor/lib/test/auto/PublisherSubscriber12.xml (RunModel)" time="0.019" />
  <testcase classname="ptolemy.util.test.junit.AutoTests" name="[281] /home/travis/build/icyphy/ptII/ptolemy/actor/lib/test/auto/PublisherSubscriber13.xml (RunModel)" time="0.015" />
  <testcase classname="ptolemy.util.test.junit.AutoTests" name="[282] /home/travis/build/icyphy/ptII/ptolemy/actor/lib/test/auto/PublisherSubscriber14.xml (RunModel)" time="0.017" />
  <testcase classname="ptolemy.util.test.junit.AutoTests" name="[283] /home/travis/build/icyphy/ptII/ptolemy/actor/lib/test/auto/PublisherSubscriber2.xml (RunModel)" time="0.008" />
  <testcase classname="ptolemy.util.test.junit.AutoTests" name="[284] /home/travis/build/icyphy/ptII/ptolemy/actor/lib/test/auto/PublisherSubscriber3.xml (RunModel)" time="0.008" />
  <testcase classname="ptolemy.util.test.junit.AutoTests" name="[285] /home/travis/build/icyphy/ptII/ptolemy/actor/lib/test/auto/PublisherSubscriber4.xml (RunModel)" time="0.007" />
  <testcase classname="ptolemy.util.test.junit.AutoTests" name="[286] /home/travis/build/icyphy/ptII/ptolemy/actor/lib/test/auto/PublisherSubscriber5.xml (RunModel)" time="0.01" />
  <testcase classname="ptolemy.util.test.junit.AutoTests" name="[287] /home/travis/build/icyphy/ptII/ptolemy/actor/lib/test/auto/PublisherSubscriber6.xml (RunModel)" time="0.012" />
  <testcase classname="ptolemy.util.test.junit.AutoTests" name="[288] /home/travis/build/icyphy/ptII/ptolemy/actor/lib/test/auto/PublisherSubscriber7.xml (RunModel)" time="0.014" />
  <testcase classname="ptolemy.util.test.junit.AutoTests" name="[289] /home/travis/build/icyphy/ptII/ptolemy/actor/lib/test/auto/PublisherSubscriber8.xml (RunModel)" time="0.028" />
  <testcase classname="ptolemy.util.test.junit.AutoTests" name="[290] /home/travis/build/icyphy/ptII/ptolemy/actor/lib/test/auto/PublisherSubscriber9.xml (RunModel)" time="0.017" />
  <testcase classname="ptolemy.util.test.junit.AutoTests" name="[291] /home/travis/build/icyphy/ptII/ptolemy/actor/lib/test/auto/PublisherSubscriberAdjacent.xml (RunModel)" time="0.018" />
  <testcase classname="ptolemy.util.test.junit.AutoTests" name="[292] /home/travis/build/icyphy/ptII/ptolemy/actor/lib/test/auto/PublisherSubscriberChannelVariablesAOC2.xml (RunModel)" time="0.025" />
  <testcase classname="ptolemy.util.test.junit.AutoTests" name="[293] /home/travis/build/icyphy/ptII/ptolemy/actor/lib/test/auto/PublisherSubscriberD3.xml (RunModel)" time="0.012" />
  <testcase classname="ptolemy.util.test.junit.AutoTests" name="[294] /home/travis/build/icyphy/ptII/ptolemy/actor/lib/test/auto/PublisherSubscriberD3Reverse.xml (RunModel)" time="0.011" />
  <testcase classname="ptolemy.util.test.junit.AutoTests" name="[295] /home/travis/build/icyphy/ptII/ptolemy/actor/lib/test/auto/PublisherSubscriberExpression.xml (RunModel)" time="0.016" />
  <testcase classname="ptolemy.util.test.junit.AutoTests" name="[296] /home/travis/build/icyphy/ptII/ptolemy/actor/lib/test/auto/PublisherSubscriberOpaque.xml (RunModel)" time="0.013" />
  <testcase classname="ptolemy.util.test.junit.AutoTests" name="[297] /home/travis/build/icyphy/ptII/ptolemy/actor/lib/test/auto/PublisherSubscriberOpaqueD3.xml (RunModel)" time="0.019" />
  <testcase classname="ptolemy.util.test.junit.AutoTests" name="[298] /home/travis/build/icyphy/ptII/ptolemy/actor/lib/test/auto/PublisherSubscriberOpaqueD3Reverse.xml (RunModel)" time="0.019" />
  <testcase classname="ptolemy.util.test.junit.AutoTests" name="[299] /home/travis/build/icyphy/ptII/ptolemy/actor/lib/test/auto/PublisherSubscriberOpaqueWidthInference.xml (RunModel)" time="0.013" />
  <testcase classname="ptolemy.util.test.junit.AutoTests" name="[300] /home/travis/build/icyphy/ptII/ptolemy/actor/lib/test/auto/PublisherTestSubscriber.xml (RunModel)" time="0.012" />
  <testcase classname="ptolemy.util.test.junit.AutoTests" name="[301] /home/travis/build/icyphy/ptII/ptolemy/actor/lib/test/auto/PublisherToplevelSubscriberPortAOC.xml (RunModel)" time="0.008" />
  <testcase classname="ptolemy.util.test.junit.AutoTests" name="[302] /home/travis/build/icyphy/ptII/ptolemy/actor/lib/test/auto/PulseFiringLimitDE.xml (RunModel)" time="0.013" />
  <testcase classname="ptolemy.util.test.junit.AutoTests" name="[303] /home/travis/build/icyphy/ptII/ptolemy/actor/lib/test/auto/Ramp1.xml (RunModel)" time="0.006" />
  <testcase classname="ptolemy.util.test.junit.AutoTests" name="[304] /home/travis/build/icyphy/ptII/ptolemy/actor/lib/test/auto/RampFiringLimitDE.xml (RunModel)" time="0.01" />
  <testcase classname="ptolemy.util.test.junit.AutoTests" name="[305] /home/travis/build/icyphy/ptII/ptolemy/actor/lib/test/auto/RampFiringLimitSDF.xml (RunModel)" time="0.009" />
  <testcase classname="ptolemy.util.test.junit.AutoTests" name="[306] /home/travis/build/icyphy/ptII/ptolemy/actor/lib/test/auto/RandomInteger.xml (RunModel)" time="0.008" />
  <testcase classname="ptolemy.util.test.junit.AutoTests" name="[307] /home/travis/build/icyphy/ptII/ptolemy/actor/lib/test/auto/ReadFile1.xml (RunModel)" time="0.007" />
  <testcase classname="ptolemy.util.test.junit.AutoTests" name="[308] /home/travis/build/icyphy/ptII/ptolemy/actor/lib/test/auto/ReadFile2.xml (RunModel)" time="0.006" />
  <testcase classname="ptolemy.util.test.junit.AutoTests" name="[309] /home/travis/build/icyphy/ptII/ptolemy/actor/lib/test/auto/Reader.xml (RunModel)" time="0.01" />
  <testcase classname="ptolemy.util.test.junit.AutoTests" name="[310] /home/travis/build/icyphy/ptII/ptolemy/actor/lib/test/auto/RecordAssemblerDisplayNameTest.xml (RunModel)" time="3.151" />
  <testcase classname="ptolemy.util.test.junit.AutoTests" name="[311] /home/travis/build/icyphy/ptII/ptolemy/actor/lib/test/auto/RecordAssemblerTypeError.xml (RunModel)" time="0.035" />
  <testcase classname="ptolemy.util.test.junit.AutoTests" name="[312] /home/travis/build/icyphy/ptII/ptolemy/actor/lib/test/auto/RecordDisassember.xml (RunModel)" time="0.008" />
  <testcase classname="ptolemy.util.test.junit.AutoTests" name="[313] /home/travis/build/icyphy/ptII/ptolemy/actor/lib/test/auto/RecordDisassemberDisplayNameTest.xml (RunModel)" time="0.026" />
  <testcase classname="ptolemy.util.test.junit.AutoTests" name="[314] /home/travis/build/icyphy/ptII/ptolemy/actor/lib/test/auto/RecordDisassembler.xml (RunModel)" time="0.008" />
  <testcase classname="ptolemy.util.test.junit.AutoTests" name="[315] /home/travis/build/icyphy/ptII/ptolemy/actor/lib/test/auto/RecordDisassembler2.xml (RunModel)" time="0.009" />
  <testcase classname="ptolemy.util.test.junit.AutoTests" name="[316] /home/travis/build/icyphy/ptII/ptolemy/actor/lib/test/auto/RecordUpdater.xml (RunModel)" time="0.007" />
  <testcase classname="ptolemy.util.test.junit.AutoTests" name="[317] /home/travis/build/icyphy/ptII/ptolemy/actor/lib/test/auto/RecordUpdater2.xml (RunModel)" time="0.007" />
  <testcase classname="ptolemy.util.test.junit.AutoTests" name="[318] /home/travis/build/icyphy/ptII/ptolemy/actor/lib/test/auto/RecursiveLattice.xml (RunModel)" time="0.007" />
  <testcase classname="ptolemy.util.test.junit.AutoTests" name="[319] /home/travis/build/icyphy/ptII/ptolemy/actor/lib/test/auto/Router.xml (RunModel)" time="3.021" />
  <testcase classname="ptolemy.util.test.junit.AutoTests" name="[320] /home/travis/build/icyphy/ptII/ptolemy/actor/lib/test/auto/Router2.xml (RunModel)" time="3.029" />
  <testcase classname="ptolemy.util.test.junit.AutoTests" name="[321] /home/travis/build/icyphy/ptII/ptolemy/actor/lib/test/auto/RunningMaximum.xml (RunModel)" time="0.018" />
  <testcase classname="ptolemy.util.test.junit.AutoTests" name="[322] /home/travis/build/icyphy/ptII/ptolemy/actor/lib/test/auto/RunningMinimum.xml (RunModel)" time="0.015" />
  <testcase classname="ptolemy.util.test.junit.AutoTests" name="[323] /home/travis/build/icyphy/ptII/ptolemy/actor/lib/test/auto/Scale.xml (RunModel)" time="0.012" />
  <testcase classname="ptolemy.util.test.junit.AutoTests" name="[324] /home/travis/build/icyphy/ptII/ptolemy/actor/lib/test/auto/Scale2.xml (RunModel)" time="0.008" />
  <testcase classname="ptolemy.util.test.junit.AutoTests" name="[325] /home/travis/build/icyphy/ptII/ptolemy/actor/lib/test/auto/Scale3.xml (RunModel)" time="0.012" />
  <testcase classname="ptolemy.util.test.junit.AutoTests" name="[326] /home/travis/build/icyphy/ptII/ptolemy/actor/lib/test/auto/ScaleArray.xml (RunModel)" time="0.008" />
  <testcase classname="ptolemy.util.test.junit.AutoTests" name="[327] /home/travis/build/icyphy/ptII/ptolemy/actor/lib/test/auto/ScaleArray2.xml (RunModel)" time="0.006" />
  <testcase classname="ptolemy.util.test.junit.AutoTests" name="[328] /home/travis/build/icyphy/ptII/ptolemy/actor/lib/test/auto/ScaleMatrix.xml (RunModel)" time="0.14" />
  <testcase classname="ptolemy.util.test.junit.AutoTests" name="[329] /home/travis/build/icyphy/ptII/ptolemy/actor/lib/test/auto/Select.xml (RunModel)" time="0.012" />
  <testcase classname="ptolemy.util.test.junit.AutoTests" name="[330] /home/travis/build/icyphy/ptII/ptolemy/actor/lib/test/auto/Select2.xml (RunModel)" time="0.008" />
  <testcase classname="ptolemy.util.test.junit.AutoTests" name="[331] /home/travis/build/icyphy/ptII/ptolemy/actor/lib/test/auto/SequenceToArray2.xml (RunModel)" time="0.139" />
  <testcase classname="ptolemy.util.test.junit.AutoTests" name="[332] /home/travis/build/icyphy/ptII/ptolemy/actor/lib/test/auto/SequentialClock.xml (RunModel)" time="0.012" />
  <testcase classname="ptolemy.util.test.junit.AutoTests" name="[333] /home/travis/build/icyphy/ptII/ptolemy/actor/lib/test/auto/SetVariable.xml (RunModel)" time="0.007" />
  <testcase classname="ptolemy.util.test.junit.AutoTests" name="[334] /home/travis/build/icyphy/ptII/ptolemy/actor/lib/test/auto/SetVariable2.xml (RunModel)" time="0.012" />
  <testcase classname="ptolemy.util.test.junit.AutoTests" name="[335] /home/travis/build/icyphy/ptII/ptolemy/actor/lib/test/auto/SetVariable3.xml (RunModel)" time="0.012" />
  <testcase classname="ptolemy.util.test.junit.AutoTests" name="[336] /home/travis/build/icyphy/ptII/ptolemy/actor/lib/test/auto/SetVariable4.xml (RunModel)" time="0.022" />
  <testcase classname="ptolemy.util.test.junit.AutoTests" name="[337] /home/travis/build/icyphy/ptII/ptolemy/actor/lib/test/auto/SetVariable5.xml (RunModel)" time="0.038" />
  <testcase classname="ptolemy.util.test.junit.AutoTests" name="[338] /home/travis/build/icyphy/ptII/ptolemy/actor/lib/test/auto/Sinewave.xml (RunModel)" time="0.026" />
  <testcase classname="ptolemy.util.test.junit.AutoTests" name="[339] /home/travis/build/icyphy/ptII/ptolemy/actor/lib/test/auto/Sinewave2.xml (RunModel)" time="0.013" />
  <testcase classname="ptolemy.util.test.junit.AutoTests" name="[340] /home/travis/build/icyphy/ptII/ptolemy/actor/lib/test/auto/Sinewave3.xml (RunModel)" time="0.021" />
  <testcase classname="ptolemy.util.test.junit.AutoTests" name="[341] /home/travis/build/icyphy/ptII/ptolemy/actor/lib/test/auto/SingleEvent.xml (RunModel)" time="0.011" />
  <testcase classname="ptolemy.util.test.junit.AutoTests" name="[342] /home/travis/build/icyphy/ptII/ptolemy/actor/lib/test/auto/Sleep.xml (RunModel)" time="6.012" />
  <testcase classname="ptolemy.util.test.junit.AutoTests" name="[343] /home/travis/build/icyphy/ptII/ptolemy/actor/lib/test/auto/SleepMultipleFire.xml (RunModel)" time="1.025" />
  <testcase classname="ptolemy.util.test.junit.AutoTests" name="[344] /home/travis/build/icyphy/ptII/ptolemy/actor/lib/test/auto/StopDE.xml (RunModel)" time="0.012" />
  <testcase classname="ptolemy.util.test.junit.AutoTests" name="[345] /home/travis/build/icyphy/ptII/ptolemy/actor/lib/test/auto/StopSDF.xml (RunModel)" time="0.014" />
  <testcase classname="ptolemy.util.test.junit.AutoTests" name="[346] /home/travis/build/icyphy/ptII/ptolemy/actor/lib/test/auto/StringConstant.xml (RunModel)" time="0.013" />
  <testcase classname="ptolemy.util.test.junit.AutoTests" name="[347] /home/travis/build/icyphy/ptII/ptolemy/actor/lib/test/auto/SubscriberPortInitialValues1.xml (RunModel)" time="0.018" />
  <testcase classname="ptolemy.util.test.junit.AutoTests" name="[348] /home/travis/build/icyphy/ptII/ptolemy/actor/lib/test/auto/SubscriberPortInitialValues13.xml (RunModel)" time="0.023" />
  <testcase classname="ptolemy.util.test.junit.AutoTests" name="[349] /home/travis/build/icyphy/ptII/ptolemy/actor/lib/test/auto/SubscriberPortInitialValues14.xml (RunModel)" time="0.012" />
  <testcase classname="ptolemy.util.test.junit.AutoTests" name="[350] /home/travis/build/icyphy/ptII/ptolemy/actor/lib/test/auto/SubscriberPortInitialValues2.xml (RunModel)" time="0.014" />
  <testcase classname="ptolemy.util.test.junit.AutoTests" name="[351] /home/travis/build/icyphy/ptII/ptolemy/actor/lib/test/auto/SubscriberPortInitialValues3.xml (RunModel)" time="0.017" />
  <testcase classname="ptolemy.util.test.junit.AutoTests" name="[352] /home/travis/build/icyphy/ptII/ptolemy/actor/lib/test/auto/SubscriptionAggregator.xml (RunModel)" time="0.009" />
  <testcase classname="ptolemy.util.test.junit.AutoTests" name="[353] /home/travis/build/icyphy/ptII/ptolemy/actor/lib/test/auto/SubscriptionAggregator2.xml (RunModel)" time="0.01" />
  <testcase classname="ptolemy.util.test.junit.AutoTests" name="[354] /home/travis/build/icyphy/ptII/ptolemy/actor/lib/test/auto/SubscriptionAggregator3.xml (RunModel)" time="0.014" />
  <testcase classname="ptolemy.util.test.junit.AutoTests" name="[355] /home/travis/build/icyphy/ptII/ptolemy/actor/lib/test/auto/SubscriptionAggregatorMultiply.xml (RunModel)" time="0.013" />
  <testcase classname="ptolemy.util.test.junit.AutoTests" name="[356] /home/travis/build/icyphy/ptII/ptolemy/actor/lib/test/auto/SubscriptionAggregatorPortMultiply1.xml (RunModel)" time="0.012" />
  <testcase classname="ptolemy.util.test.junit.AutoTests" name="[357] /home/travis/build/icyphy/ptII/ptolemy/actor/lib/test/auto/Switch.xml (RunModel)" time="0.014" />
  <testcase classname="ptolemy.util.test.junit.AutoTests" name="[358] /home/travis/build/icyphy/ptII/ptolemy/actor/lib/test/auto/Switch2.xml (RunModel)" time="0.01" />
  <testcase classname="ptolemy.util.test.junit.AutoTests" name="[359] /home/travis/build/icyphy/ptII/ptolemy/actor/lib/test/auto/SwitchDE.xml (RunModel)" time="0.012" />
  <testcase classname="ptolemy.util.test.junit.AutoTests" name="[360] /home/travis/build/icyphy/ptII/ptolemy/actor/lib/test/auto/SynchronizerDE.xml (RunModel)" time="0.018" />
  <testcase classname="ptolemy.util.test.junit.AutoTests" name="[361] /home/travis/build/icyphy/ptII/ptolemy/actor/lib/test/auto/Test.xml (RunModel)" time="0.01" />
  <testcase classname="ptolemy.util.test.junit.AutoTests" name="[362] /home/travis/build/icyphy/ptII/ptolemy/actor/lib/test/auto/TestExceptionAttribute1.xml (RunModel)" time="0.006" />
  <testcase classname="ptolemy.util.test.junit.AutoTests" name="[363] /home/travis/build/icyphy/ptII/ptolemy/actor/lib/test/auto/TestExceptionAttribute2.xml (RunModel)" time="0.006" />
  <testcase classname="ptolemy.util.test.junit.AutoTests" name="[364] /home/travis/build/icyphy/ptII/ptolemy/actor/lib/test/auto/TestExceptionAttribute3.xml (RunModel)" time="0.008" />
  <testcase classname="ptolemy.util.test.junit.AutoTests" name="[365] /home/travis/build/icyphy/ptII/ptolemy/actor/lib/test/auto/TestExceptionAttribute4.xml (RunModel)" time="0.006" />
  <testcase classname="ptolemy.util.test.junit.AutoTests" name="[366] /home/travis/build/icyphy/ptII/ptolemy/actor/lib/test/auto/TestExceptionHandler1.xml (RunModel)" time="0.006" />
  <testcase classname="ptolemy.util.test.junit.AutoTests" name="[367] /home/travis/build/icyphy/ptII/ptolemy/actor/lib/test/auto/TestExceptionHandler2.xml (RunModel)" time="0.008" />
  <testcase classname="ptolemy.util.test.junit.AutoTests" name="[368] /home/travis/build/icyphy/ptII/ptolemy/actor/lib/test/auto/TestExceptionHandler3.xml (RunModel)" time="0.005" />
  <testcase classname="ptolemy.util.test.junit.AutoTests" name="[369] /home/travis/build/icyphy/ptII/ptolemy/actor/lib/test/auto/TestExceptionHandler4.xml (RunModel)" time="0.005" />
  <testcase classname="ptolemy.util.test.junit.AutoTests" name="[370] /home/travis/build/icyphy/ptII/ptolemy/actor/lib/test/auto/TestRequireCorrectOrder.xml (RunModel)" time="0.01" />
  <testcase classname="ptolemy.util.test.junit.AutoTests" name="[371] /home/travis/build/icyphy/ptII/ptolemy/actor/lib/test/auto/TestSimple.xml (RunModel)" time="0.005" />
  <testcase classname="ptolemy.util.test.junit.AutoTests" name="[372] /home/travis/build/icyphy/ptII/ptolemy/actor/lib/test/auto/ThrowModelError.xml (RunModel)" time="0.008" />
  <testcase classname="ptolemy.util.test.junit.AutoTests" name="[373] /home/travis/build/icyphy/ptII/ptolemy/actor/lib/test/auto/TimeDelayMicrosteps.xml (RunModel)" time="0.011" />
  <testcase classname="ptolemy.util.test.junit.AutoTests" name="[374] /home/travis/build/icyphy/ptII/ptolemy/actor/lib/test/auto/TimeDelayMicrosteps2.xml (RunModel)" time="0.012" />
  <testcase classname="ptolemy.util.test.junit.AutoTests" name="[375] /home/travis/build/icyphy/ptII/ptolemy/actor/lib/test/auto/TimeDelayMicrosteps3.xml (RunModel)" time="0.01" />
  <testcase classname="ptolemy.util.test.junit.AutoTests" name="[376] /home/travis/build/icyphy/ptII/ptolemy/actor/lib/test/auto/TimeDelayVariableMicrosteps.xml (RunModel)" time="0.011" />
  <testcase classname="ptolemy.util.test.junit.AutoTests" name="[377] /home/travis/build/icyphy/ptII/ptolemy/actor/lib/test/auto/TimeGap.xml (RunModel)" time="0.013" />
  <testcase classname="ptolemy.util.test.junit.AutoTests" name="[378] /home/travis/build/icyphy/ptII/ptolemy/actor/lib/test/auto/TimeGap2.xml (RunModel)" time="0.008" />
  <testcase classname="ptolemy.util.test.junit.AutoTests" name="[379] /home/travis/build/icyphy/ptII/ptolemy/actor/lib/test/auto/TimedSinewave.xml (RunModel)" time="0.054" />
  <testcase classname="ptolemy.util.test.junit.AutoTests" name="[380] /home/travis/build/icyphy/ptII/ptolemy/actor/lib/test/auto/TimedSinewavePhase.xml (RunModel)" time="0.026" />
  <testcase classname="ptolemy.util.test.junit.AutoTests" name="[381] /home/travis/build/icyphy/ptII/ptolemy/actor/lib/test/auto/Timer.xml (RunModel)" time="0.013" />
  <testcase classname="ptolemy.util.test.junit.AutoTests" name="[382] /home/travis/build/icyphy/ptII/ptolemy/actor/lib/test/auto/TriangularDistTestModel.xml (RunModel)" time="0.014" />
  <testcase classname="ptolemy.util.test.junit.AutoTests" name="[383] /home/travis/build/icyphy/ptII/ptolemy/actor/lib/test/auto/TrigFunction.xml (RunModel)" time="0.006" />
  <testcase classname="ptolemy.util.test.junit.AutoTests" name="[384] /home/travis/build/icyphy/ptII/ptolemy/actor/lib/test/auto/TrigFunctionDE.xml (RunModel)" time="0.008" />
  <testcase classname="ptolemy.util.test.junit.AutoTests" name="[385] /home/travis/build/icyphy/ptII/ptolemy/actor/lib/test/auto/TrigFunctionInverse.xml (RunModel)" time="0.008" />
  <testcase classname="ptolemy.util.test.junit.AutoTests" name="[386] /home/travis/build/icyphy/ptII/ptolemy/actor/lib/test/auto/TrigFunctionTan.xml (RunModel)" time="0.005" />
  <testcase classname="ptolemy.util.test.junit.AutoTests" name="[387] /home/travis/build/icyphy/ptII/ptolemy/actor/lib/test/auto/TriggeredClock.xml (RunModel)" time="0.007" />
  <testcase classname="ptolemy.util.test.junit.AutoTests" name="[388] /home/travis/build/icyphy/ptII/ptolemy/actor/lib/test/auto/URLDirectoryReader.xml (RunModel)" time="0.116" />
  <testcase classname="ptolemy.util.test.junit.AutoTests" name="[389] /home/travis/build/icyphy/ptII/ptolemy/actor/lib/test/auto/URLDirectoryReader3.xml (RunModel)" time="1.771" />
  <testcase classname="ptolemy.util.test.junit.AutoTests" name="[390] /home/travis/build/icyphy/ptII/ptolemy/actor/lib/test/auto/UnaryMathFunction.xml (RunModel)" time="0.027" />
  <testcase classname="ptolemy.util.test.junit.AutoTests" name="[391] /home/travis/build/icyphy/ptII/ptolemy/actor/lib/test/auto/Uniform.xml (RunModel)" time="0.027" />
  <testcase classname="ptolemy.util.test.junit.AutoTests" name="[392] /home/travis/build/icyphy/ptII/ptolemy/actor/lib/test/auto/UnionDisassemblerTest.xml (RunModel)" time="0.008" />
  <testcase classname="ptolemy.util.test.junit.AutoTests" name="[393] /home/travis/build/icyphy/ptII/ptolemy/actor/lib/test/auto/UtilityFunctions.xml (RunModel)" time="0.006" />
  <testcase classname="ptolemy.util.test.junit.AutoTests" name="[394] /home/travis/build/icyphy/ptII/ptolemy/actor/lib/test/auto/VariableSleep.xml (RunModel)" time="0.51" />
  <testcase classname="ptolemy.util.test.junit.AutoTests" name="[395] /home/travis/build/icyphy/ptII/ptolemy/actor/lib/test/auto/VectorAssemblerDisassemblerCT.xml (RunModel)" time="0.103" />
  <testcase classname="ptolemy.util.test.junit.AutoTests" name="[396] /home/travis/build/icyphy/ptII/ptolemy/actor/lib/test/auto/VectorAssemblerDisassemblerDE.xml (RunModel)" time="0.012" />
  <testcase classname="ptolemy.util.test.junit.AutoTests" name="[397] /home/travis/build/icyphy/ptII/ptolemy/actor/lib/test/auto/VectorAssemblerDisassemblerSDF.xml (RunModel)" time="0.01" />
  <testcase classname="ptolemy.util.test.junit.AutoTests" name="[398] /home/travis/build/icyphy/ptII/ptolemy/actor/lib/test/auto/WallClockTime.xml (RunModel)" time="1.01" />
  <testcase classname="ptolemy.util.test.junit.AutoTests" name="[399] /home/travis/build/icyphy/ptII/ptolemy/actor/lib/test/auto/WidthTestWithSubscriberPublisher.xml (RunModel)" time="0.036" />
  <testcase classname="ptolemy.util.test.junit.AutoTests" name="[400] /home/travis/build/icyphy/ptII/ptolemy/actor/lib/test/auto/WidthTestWithSubscriberPublisher2.xml (RunModel)" time="0.011" />
  <testcase classname="ptolemy.util.test.junit.AutoTests" name="[401] /home/travis/build/icyphy/ptII/ptolemy/actor/lib/test/auto/WidthTestWithSubscriberPublisher3.xml (RunModel)" time="0.01" />
  <testcase classname="ptolemy.util.test.junit.AutoTests" name="[402] /home/travis/build/icyphy/ptII/ptolemy/actor/lib/test/auto/Writer.xml (RunModel)" time="0.006" />
  <testcase classname="ptolemy.util.test.junit.AutoTests" name="[403] /home/travis/build/icyphy/ptII/ptolemy/actor/lib/test/auto/array.xml (RunModel)" time="0.035" />
  <testcase classname="ptolemy.util.test.junit.AutoTests" name="[404] /home/travis/build/icyphy/ptII/ptolemy/actor/lib/test/auto/array2.xml (RunModel)" time="0.011" />
  <testcase classname="ptolemy.util.test.junit.AutoTests" name="[405] /home/travis/build/icyphy/ptII/ptolemy/actor/lib/test/auto/arrayType.xml (RunModel)" time="0.024" />
  <testcase classname="ptolemy.util.test.junit.AutoTests" name="[406] /home/travis/build/icyphy/ptII/ptolemy/actor/lib/test/auto/arrayType10.xml (RunModel)" time="0.008" />
  <testcase classname="ptolemy.util.test.junit.AutoTests" name="[407] /home/travis/build/icyphy/ptII/ptolemy/actor/lib/test/auto/arrayType11.xml (RunModel)" time="0.007" />
  <testcase classname="ptolemy.util.test.junit.AutoTests" name="[408] /home/travis/build/icyphy/ptII/ptolemy/actor/lib/test/auto/arrayType12.xml (RunModel)" time="0.007" />
  <testcase classname="ptolemy.util.test.junit.AutoTests" name="[409] /home/travis/build/icyphy/ptII/ptolemy/actor/lib/test/auto/arrayType13.xml (RunModel)" time="0.008" />
  <testcase classname="ptolemy.util.test.junit.AutoTests" name="[410] /home/travis/build/icyphy/ptII/ptolemy/actor/lib/test/auto/arrayType14.xml (RunModel)" time="0.008" />
  <testcase classname="ptolemy.util.test.junit.AutoTests" name="[411] /home/travis/build/icyphy/ptII/ptolemy/actor/lib/test/auto/arrayType15.xml (RunModel)" time="0.009" />
  <testcase classname="ptolemy.util.test.junit.AutoTests" name="[412] /home/travis/build/icyphy/ptII/ptolemy/actor/lib/test/auto/arrayType16.xml (RunModel)" time="0.007" />
  <testcase classname="ptolemy.util.test.junit.AutoTests" name="[413] /home/travis/build/icyphy/ptII/ptolemy/actor/lib/test/auto/arrayType17.xml (RunModel)" time="0.007" />
  <testcase classname="ptolemy.util.test.junit.AutoTests" name="[414] /home/travis/build/icyphy/ptII/ptolemy/actor/lib/test/auto/arrayType18.xml (RunModel)" time="0.006" />
  <testcase classname="ptolemy.util.test.junit.AutoTests" name="[415] /home/travis/build/icyphy/ptII/ptolemy/actor/lib/test/auto/arrayType19.xml (RunModel)" time="0.006" />
  <testcase classname="ptolemy.util.test.junit.AutoTests" name="[416] /home/travis/build/icyphy/ptII/ptolemy/actor/lib/test/auto/arrayType2.xml (RunModel)" time="0.007" />
  <testcase classname="ptolemy.util.test.junit.AutoTests" name="[417] /home/travis/build/icyphy/ptII/ptolemy/actor/lib/test/auto/arrayType20.xml (RunModel)" time="0.007" />
  <testcase classname="ptolemy.util.test.junit.AutoTests" name="[418] /home/travis/build/icyphy/ptII/ptolemy/actor/lib/test/auto/arrayType21.xml (RunModel)" time="0.039" />
  <testcase classname="ptolemy.util.test.junit.AutoTests" name="[419] /home/travis/build/icyphy/ptII/ptolemy/actor/lib/test/auto/arrayType22.xml (RunModel)" time="0.03" />
  <testcase classname="ptolemy.util.test.junit.AutoTests" name="[420] /home/travis/build/icyphy/ptII/ptolemy/actor/lib/test/auto/arrayType23.xml (RunModel)" time="0.032" />
  <testcase classname="ptolemy.util.test.junit.AutoTests" name="[421] /home/travis/build/icyphy/ptII/ptolemy/actor/lib/test/auto/arrayType24.xml (RunModel)" time="0.036" />
  <testcase classname="ptolemy.util.test.junit.AutoTests" name="[422] /home/travis/build/icyphy/ptII/ptolemy/actor/lib/test/auto/arrayType25.xml (RunModel)" time="0.031" />
  <testcase classname="ptolemy.util.test.junit.AutoTests" name="[423] /home/travis/build/icyphy/ptII/ptolemy/actor/lib/test/auto/arrayType26.xml (RunModel)" time="0.007" />
  <testcase classname="ptolemy.util.test.junit.AutoTests" name="[424] /home/travis/build/icyphy/ptII/ptolemy/actor/lib/test/auto/arrayType27.xml (RunModel)" time="0.007" />
  <testcase classname="ptolemy.util.test.junit.AutoTests" name="[425] /home/travis/build/icyphy/ptII/ptolemy/actor/lib/test/auto/arrayType28.xml (RunModel)" time="0.014" />
  <testcase classname="ptolemy.util.test.junit.AutoTests" name="[426] /home/travis/build/icyphy/ptII/ptolemy/actor/lib/test/auto/arrayType3.xml (RunModel)" time="0.01" />
  <testcase classname="ptolemy.util.test.junit.AutoTests" name="[427] /home/travis/build/icyphy/ptII/ptolemy/actor/lib/test/auto/arrayType4.xml (RunModel)" time="0.026" />
  <testcase classname="ptolemy.util.test.junit.AutoTests" name="[428] /home/travis/build/icyphy/ptII/ptolemy/actor/lib/test/auto/arrayType5.xml (RunModel)" time="0.032" />
  <testcase classname="ptolemy.util.test.junit.AutoTests" name="[429] /home/travis/build/icyphy/ptII/ptolemy/actor/lib/test/auto/arrayType6.xml (RunModel)" time="0.007" />
  <testcase classname="ptolemy.util.test.junit.AutoTests" name="[430] /home/travis/build/icyphy/ptII/ptolemy/actor/lib/test/auto/arrayType7.xml (RunModel)" time="0.006" />
  <testcase classname="ptolemy.util.test.junit.AutoTests" name="[431] /home/travis/build/icyphy/ptII/ptolemy/actor/lib/test/auto/arrayType8.xml (RunModel)" time="0.017" />
  <testcase classname="ptolemy.util.test.junit.AutoTests" name="[432] /home/travis/build/icyphy/ptII/ptolemy/actor/lib/test/auto/arrayType9.xml (RunModel)" time="0.011" />
  <testcase classname="ptolemy.util.test.junit.AutoTests" name="[433] /home/travis/build/icyphy/ptII/ptolemy/actor/lib/test/auto/cast.xml (RunModel)" time="0.007" />
  <testcase classname="ptolemy.util.test.junit.AutoTests" name="[434] /home/travis/build/icyphy/ptII/ptolemy/actor/lib/test/auto/compositeMultiPort.xml (RunModel)" time="0.013" />
  <testcase classname="ptolemy.util.test.junit.AutoTests" name="[435] /home/travis/build/icyphy/ptII/ptolemy/actor/lib/test/auto/expressionCastInference.xml (RunModel)" time="0.008" />
  <testcase classname="ptolemy.util.test.junit.AutoTests" name="[436] /home/travis/build/icyphy/ptII/ptolemy/actor/lib/test/auto/expressionCastInference2.xml (RunModel)" time="0.006" />
  <testcase classname="ptolemy.util.test.junit.AutoTests" name="[437] /home/travis/build/icyphy/ptII/ptolemy/actor/lib/test/auto/expressionInference.xml (RunModel)" time="0.006" />
  <testcase classname="ptolemy.util.test.junit.AutoTests" name="[438] /home/travis/build/icyphy/ptII/ptolemy/actor/lib/test/auto/expression_bug.xml (RunModel)" time="0.006" />
  <testcase classname="ptolemy.util.test.junit.AutoTests" name="[439] /home/travis/build/icyphy/ptII/ptolemy/actor/lib/test/auto/factorial.xml (RunModel)" time="0.042" />
  <testcase classname="ptolemy.util.test.junit.AutoTests" name="[440] /home/travis/build/icyphy/ptII/ptolemy/actor/lib/test/auto/filterTest1.xml (RunModel)" time="0.012" />
  <testcase classname="ptolemy.util.test.junit.AutoTests" name="[441] /home/travis/build/icyphy/ptII/ptolemy/actor/lib/test/auto/funcApplyInConst.xml (RunModel)" time="0.005" />
  <testcase classname="ptolemy.util.test.junit.AutoTests" name="[442] /home/travis/build/icyphy/ptII/ptolemy/actor/lib/test/auto/funcApplyInExpr.xml (RunModel)" time="0.005" />
  <testcase classname="ptolemy.util.test.junit.AutoTests" name="[443] /home/travis/build/icyphy/ptII/ptolemy/actor/lib/test/auto/function.xml (RunModel)" time="0.015" />
  <testcase classname="ptolemy.util.test.junit.AutoTests" name="[444] /home/travis/build/icyphy/ptII/ptolemy/actor/lib/test/auto/function2.xml (RunModel)" time="0.008" />
  <testcase classname="ptolemy.util.test.junit.AutoTests" name="[445] /home/travis/build/icyphy/ptII/ptolemy/actor/lib/test/auto/function3.xml (RunModel)" time="0.008" />
  <testcase classname="ptolemy.util.test.junit.AutoTests" name="[446] /home/travis/build/icyphy/ptII/ptolemy/actor/lib/test/auto/functionClosureTest1.xml (RunModel)" time="0.009" />
  <testcase classname="ptolemy.util.test.junit.AutoTests" name="[447] /home/travis/build/icyphy/ptII/ptolemy/actor/lib/test/auto/functionClosureTest2.xml (RunModel)" time="0.006" />
  <testcase classname="ptolemy.util.test.junit.AutoTests" name="[448] /home/travis/build/icyphy/ptII/ptolemy/actor/lib/test/auto/functionClosureTest3.xml (RunModel)" time="0.008" />
  <testcase classname="ptolemy.util.test.junit.AutoTests" name="[449] /home/travis/build/icyphy/ptII/ptolemy/actor/lib/test/auto/functionClosureTest4.xml (RunModel)" time="0.013" />
  <testcase classname="ptolemy.util.test.junit.AutoTests" name="[450] /home/travis/build/icyphy/ptII/ptolemy/actor/lib/test/auto/functionClosureTest5.xml (RunModel)" time="0.01" />
  <testcase classname="ptolemy.util.test.junit.AutoTests" name="[451] /home/travis/build/icyphy/ptII/ptolemy/actor/lib/test/auto/functionClosureTest6.xml (RunModel)" time="0.008" />
  <testcase classname="ptolemy.util.test.junit.AutoTests" name="[452] /home/travis/build/icyphy/ptII/ptolemy/actor/lib/test/auto/functionsOnArcs.xml (RunModel)" time="0.009" />
  <testcase classname="ptolemy.util.test.junit.AutoTests" name="[453] /home/travis/build/icyphy/ptII/ptolemy/actor/lib/test/auto/functionsOnArcsHOF.xml (RunModel)" time="0.012" />
  <testcase classname="ptolemy.util.test.junit.AutoTests" name="[454] /home/travis/build/icyphy/ptII/ptolemy/actor/lib/test/auto/logic.xml (RunModel)" time="0.015" />
  <testcase classname="ptolemy.util.test.junit.AutoTests" name="[455] /home/travis/build/icyphy/ptII/ptolemy/actor/lib/test/auto/matrixType.xml (RunModel)" time="0.007" />
  <testcase classname="ptolemy.util.test.junit.AutoTests" name="[456] /home/travis/build/icyphy/ptII/ptolemy/actor/lib/test/auto/matrixType10.xml (RunModel)" time="0.008" />
  <testcase classname="ptolemy.util.test.junit.AutoTests" name="[457] /home/travis/build/icyphy/ptII/ptolemy/actor/lib/test/auto/matrixType11.xml (RunModel)" time="0.008" />
  <testcase classname="ptolemy.util.test.junit.AutoTests" name="[458] /home/travis/build/icyphy/ptII/ptolemy/actor/lib/test/auto/matrixType12.xml (RunModel)" time="0.009" />
  <testcase classname="ptolemy.util.test.junit.AutoTests" name="[459] /home/travis/build/icyphy/ptII/ptolemy/actor/lib/test/auto/matrixType13.xml (RunModel)" time="0.007" />
  <testcase classname="ptolemy.util.test.junit.AutoTests" name="[460] /home/travis/build/icyphy/ptII/ptolemy/actor/lib/test/auto/matrixType14.xml (RunModel)" time="0.008" />
  <testcase classname="ptolemy.util.test.junit.AutoTests" name="[461] /home/travis/build/icyphy/ptII/ptolemy/actor/lib/test/auto/matrixType2.xml (RunModel)" time="0.007" />
  <testcase classname="ptolemy.util.test.junit.AutoTests" name="[462] /home/travis/build/icyphy/ptII/ptolemy/actor/lib/test/auto/matrixType3.xml (RunModel)" time="0.009" />
  <testcase classname="ptolemy.util.test.junit.AutoTests" name="[463] /home/travis/build/icyphy/ptII/ptolemy/actor/lib/test/auto/matrixType4.xml (RunModel)" time="0.007" />
  <testcase classname="ptolemy.util.test.junit.AutoTests" name="[464] /home/travis/build/icyphy/ptII/ptolemy/actor/lib/test/auto/matrixType5.xml (RunModel)" time="0.007" />
  <testcase classname="ptolemy.util.test.junit.AutoTests" name="[465] /home/travis/build/icyphy/ptII/ptolemy/actor/lib/test/auto/matrixType6.xml (RunModel)" time="0.008" />
  <testcase classname="ptolemy.util.test.junit.AutoTests" name="[466] /home/travis/build/icyphy/ptII/ptolemy/actor/lib/test/auto/matrixType7.xml (RunModel)" time="0.007" />
  <testcase classname="ptolemy.util.test.junit.AutoTests" name="[467] /home/travis/build/icyphy/ptII/ptolemy/actor/lib/test/auto/matrixType8.xml (RunModel)" time="0.008" />
  <testcase classname="ptolemy.util.test.junit.AutoTests" name="[468] /home/travis/build/icyphy/ptII/ptolemy/actor/lib/test/auto/matrixType9.xml (RunModel)" time="0.007" />
  <testcase classname="ptolemy.util.test.junit.AutoTests" name="[469] /home/travis/build/icyphy/ptII/ptolemy/actor/lib/test/auto/paraFunctest.xml (RunModel)" time="0.006" />
  <testcase classname="ptolemy.util.test.junit.AutoTests" name="[470] /home/travis/build/icyphy/ptII/ptolemy/actor/lib/test/auto/paraFunctest2.xml (RunModel)" time="0.009" />
  <testcase classname="ptolemy.util.test.junit.AutoTests" name="[471] /home/travis/build/icyphy/ptII/ptolemy/actor/lib/test/auto/parameterPassing.xml (RunModel)" time="0.01" />
  <testcase classname="ptolemy.util.test.junit.AutoTests" name="[472] /home/travis/build/icyphy/ptII/ptolemy/actor/lib/test/auto/record.xml (RunModel)" time="0.008" />
  <testcase classname="ptolemy.util.test.junit.AutoTests" name="[473] /home/travis/build/icyphy/ptII/ptolemy/actor/lib/test/auto/sizedarray1.xml (RunModel)" time="0.009" />
  <testcase classname="ptolemy.util.test.junit.AutoTests" name="[474] /home/travis/build/icyphy/ptII/ptolemy/actor/lib/test/auto/sizedarray2.xml (RunModel)" time="0.009" />
  <testcase classname="ptolemy.util.test.junit.AutoTests" name="[475] /home/travis/build/icyphy/ptII/ptolemy/actor/lib/test/auto/twoPublishers.xml (RunModel)" time="0.023" />
  <system-out><![CDATA[/home/travis/build/icyphy/ptII/ptolemy/actor/lib/test/AbsoluteValue.tcl
testDefs.tcl: setting time out to 9000 seconds at Thu Oct 01 16:26:40 UTC 2020
109 ms. Memory: 129024K Free: 93128K (72%)
9 ms. Memory: 129024K Free: 91080K (71%)
10 ms. Memory: 129024K Free: 90559K (70%)
11 ms. Memory: 129024K Free: 89527K (69%)
/home/travis/build/icyphy/ptII/ptolemy/actor/lib/test/AddSubtract.tcl
21 ms. Memory: 129024K Free: 87494K (68%)
11 ms. Memory: 129024K Free: 86984K (67%)
17 ms. Memory: 129024K Free: 85960K (67%)
14 ms. Memory: 129024K Free: 85439K (66%)
74 ms. Memory: 129024K Free: 82374K (64%)
13 ms. Memory: 129024K Free: 81350K (63%)
/home/travis/build/icyphy/ptII/ptolemy/actor/lib/test/Average.tcl
6 ms. Memory: 129024K Free: 79816K (62%)
12 ms. Memory: 129024K Free: 78792K (61%)
/home/travis/build/icyphy/ptII/ptolemy/actor/lib/test/Bernoulli.tcl
5 ms. Memory: 129024K Free: 77223K (60%)
3 ms. Memory: 129024K Free: 76744K (59%)
/home/travis/build/icyphy/ptII/ptolemy/actor/lib/test/Clock.tcl
preinitializing
resolving types
initializing
executing number 1
wrapping up
idle
24 ms. Memory: 129024K Free: 74182K (57%)
Completed execution with 5 iterations
preinitializing
resolving types
initializing
executing number 1
wrapping up
idle
3 ms. Memory: 129024K Free: 73143K (57%)
Completed execution with 5 iterations
preinitializing
resolving types
initializing
executing number 1
wrapping up
idle
7 ms. Memory: 129024K Free: 72648K (56%)
Completed execution with 5 iterations
/home/travis/build/icyphy/ptII/ptolemy/actor/lib/test/Commutator.tcl
12 ms. Memory: 129024K Free: 70600K (55%)
14 ms. Memory: 129024K Free: 69576K (54%)
14 ms. Memory: 129024K Free: 63911K (50%)
/home/travis/build/icyphy/ptII/ptolemy/actor/lib/test/Const.tcl
4 ms. Memory: 129024K Free: 62408K (48%)
2 ms. Memory: 129024K Free: 61879K (48%)
3 ms. Memory: 129024K Free: 61384K (48%)
2 ms. Memory: 129024K Free: 60855K (47%)
4 ms. Memory: 129024K Free: 60360K (47%)
21 ms. Memory: 129024K Free: 58822K (46%)
4 ms. Memory: 129024K Free: 57288K (44%)
3 ms. Memory: 129024K Free: 56743K (44%)
/home/travis/build/icyphy/ptII/ptolemy/actor/lib/test/CurrentTime.tcl
preinitializing
resolving types
initializing
executing number 1
wrapping up
idle
7 ms. Memory: 129024K Free: 54726K (42%)
Completed execution with 11 iterations
/home/travis/build/icyphy/ptII/ptolemy/actor/lib/test/DB.tcl
4 ms. Memory: 129024K Free: 53192K (41%)
1 ms. Memory: 129024K Free: 52678K (41%)
2 ms. Memory: 129024K Free: 52168K (40%)
/home/travis/build/icyphy/ptII/ptolemy/actor/lib/test/DiscreteRandomSource.tcl
preinitializing
resolving types
initializing
executing number 1
wrapping up
idle
4 ms. Memory: 129024K Free: 50623K (39%)
Completed execution with 4 iterations
preinitializing
resolving types
initializing
executing number 1
wrapping up
idle
4 ms. Memory: 129024K Free: 50120K (39%)
Completed execution with 4 iterations
preinitializing
resolving types
initializing
executing number 1
wrapping up
idle
4 ms. Memory: 129024K Free: 49591K (38%)
Completed execution with 4 iterations
preinitializing
resolving types
initializing
executing number 1
wrapping up
idle
2 ms. Memory: 129024K Free: 49096K (38%)
Completed execution with 4 iterations
preinitializing
resolving types
initializing
executing number 1
wrapping up
idle
3 ms. Memory: 129024K Free: 48567K (38%)
Completed execution with 4 iterations
/home/travis/build/icyphy/ptII/ptolemy/actor/lib/test/Distributor.tcl
35 ms. Memory: 129024K Free: 113255K (88%)
8 ms. Memory: 129024K Free: 112245K (87%)
StreamChangeRequest.changeExecuted(): <deleteEntity name="rec2"/> succeeded
StreamChangeRequest.changeExecuted(): <deleteRelation name="r2"/> succeeded
StreamChangeRequest.changeExecuted(): Record firings per iteration succeeded
11 ms. Memory: 129024K Free: 110197K (85%)
/home/travis/build/icyphy/ptII/ptolemy/actor/lib/test/Exit.tcl
Exit.tcl: this will print a message about Manager.exitAfterWrapup, which can be ignored.
10 ms. Memory: 129024K Free: 107064K (83%)
/home/travis/build/icyphy/ptII/ptolemy/actor/lib/test/Expression.tcl
15 ms. Memory: 129024K Free: 111489K (86%)
9 ms. Memory: 129024K Free: 110868K (86%)
4 ms. Memory: 129024K Free: 110032K (85%)
preinitializing
resolving types
initializing
executing number 1
wrapping up
idle
12 ms. Memory: 129024K Free: 108417K (84%)
Completed execution with 6 iterations
10 ms. Memory: 129024K Free: 107796K (84%)
5 ms. Memory: 129024K Free: 106976K (83%)
7 ms. Memory: 129024K Free: 105748K (82%)
5 ms. Memory: 129024K Free: 104321K (81%)
7 ms. Memory: 129024K Free: 103267K (80%)
/home/travis/build/icyphy/ptII/ptolemy/actor/lib/test/Gaussian.tcl
12 ms. Memory: 129024K Free: 101652K (79%)
sleeping 1 seconds: ...........................................................................................................................................................................................................................................................................................................................................................................................................................................................................................................................................................................................................................................................................................................................................................................................................................................................................................................................................................................................................................................................................................................................................................................................................................................................................................................................................................................................................................................................................................................................................................................................................................................................................................................................................................................................................................................................................................................................................................................................................................................................................................................................................................................................................................................................................................................................................................................................................................................................................................................................................................................................................................................................................................................................................................................................................................................................................................................................................................................................................................................................................................................................................................................................................................................................................................................................................................................................................................................................................................................................................................................................................................................................................................................................................................................................................................................................................................................................................................................................................................................................................................................................................................................................................................................................................................................................................................................................................................................................................................................................................................................................................................................................................................................................................................................................................................................................................................................................................................................................................................................................................................................................................................................................................................................................................................................................................................................................................................................................................................................................................................................................................................................................................................................................................................................................................................................................................................................................................................................................................................................................................................................................................................................................................................................................................................................................................................................................................................................................................................................................................................................................................................................................................................................................................................................................................................................................................................................................................................................................................................................................................................................................................................................................................................................................................................................................................................................................................................................................................................................................................................................................................................................................................................................................................................................................................................................................................................................................................................................................................................................................................................................................................................................................................................................................................................................................................................................................................................................................................................................................................................................................................................................................................................................................................................................................................................................................................................................................................................................................................................................................................................................................................................................................................................................................................................................................................................................................................................................................................................................................................................................................................................................................................................................................................................................................................................................................................................................................................................................................................................................................................................................................................................................................................................................................................................................................................................................................................................................................................................................................................................................................................................................................................................................................................................................................................................................................................................................................................................................................................................................................................................................................................................................................................................................................................................................................................................................................................................................................................................................................................................................................................................................................................................................................................................................................................................................................................................................................................................................................................................................................................................................................................................................................................................................................................................................................................................................................................................................................................................................................................................................................................................................................................................................................................................................................................................................................................................................................................................................................................................................................................................................................................................................................................................................................................................................................................................................................................................................................................................................................................................................................................................................................................................................................................................................................................................................................................................................................................................................................................................................................................................................................................................................................................................................................................................................................................................................................................................................................................................................................................................................................................................................................................................................................................................................................................................................................................................................................................................................................................................................................................................................................................................................................................................................................................................................................................................................................................................................................................................................................................................................................................................................................................................................................................................................................................................................................................................................................................................................................................................................................................................................................................................................................................................................................................................................................................................................................................................................................................................................................................................................................................................................................................................................................................................................................................................................................................................................................................................................................................................................................................................................................................................................................................................................................................................................................................................................................................................................................................................................................................................................................................................................................................................................................................................................................................................................................................................................................................................................................................................................................................................................................................................................................................................................................................................................................................................................................................................................................................................................................................................................................................................................................................................................................................................................................................................................................................................................................................................................................................................................................................................................................................................................................................................................................................................................................................................................................................................................................................................................................................................................................................................................................................................................................................................................................................................................................................................................................................................................................................................................................................................................................................................................................................................................................................................................................................................................................................................................................................................................................................................................................................................................................................................................................................................................................................................................................................................................................................................................................................................................................................................................................................................................................................................................................................................................................................................................................................................................................................................................................................................................................................................................................................................................................................................................................................................................................................................................................................................................................................................................................................................................................................................................................................................................................................................................................................................................................................................................................................................................................................................................................................................................................................................................................................................................................................................................................................................................................................................................................................................................................................................................................................................................................................................................................................................................................................................................................................................................................................................................................................................................................................................................................................................................................................................................................................................................................................................................................................................................................................................................................................................................................................................................................................................................................................................................................................................................................................................................................................................................................................................................................................................................................................................................................................................................................................................................................................................................................................................................................................................................................................................................................................................................................................................................................................................................................................................................................................................................................................................................................................................................................................................................................................................................................................................................................................................................................................................................................................................................................................................................................................................................................................................................................................................................................................................................................................................................................................................................................................................................................................................................................................................................................................................................................................................................................................................................................................................................................................................................................................................................................................................................................................................................................................................................................................................................................................................................................................................................................................................................................................................................................................................................................................................................................................................................................................................................................................................................................................................................................................................................................................................................................................................................................................................................................................................................................................................................................................................................................................................................................................................................................................................................................................................................................................................................................................................................................................................................................................................................................................................................................................................................................................................................................................................................................................................................................................................................................................................................................................................................................................................................................................................................................................................................................................................................................................................................................................................................................................................................................................................................................................................................................................................................................................................................................................................................................................................................................................................................................................................................................................................................................................................................................................................................................................................................................................................................................................................................................................................................................................................................................................................................................................................................................................................................................................................................................................................................................................................................................................................................................................................................................................................................................................................................................................................................................................................................................................................................................................................................................................................................................................................................................................................................................................................................................................................................................................................................................................................................................................................................................................................................................................................................................................................................................................................................................................................................................................................................................................................................................................................................................................................................................................................................................................................................................................................................................................................................................................................................................................................................................................................................................................................................................................................................................................................................................................................................................................................................................................................................................................................................................................................................................................................................................................................................................................................................................................................................................................................................................................................................................................................................................................................................................................................................................................................................................................................................................................................................................................................................................................................................................................................................................................................................................................................................................................................................................................................................................................................................................................................................................................................................................................................................................................................................................................................................................................................................................................................................................................................................................................................................................................................................................................................................................................................................................................................................................................................................................................................................................................................................................................................................................................................................................................................................................................................................................................................................................................................................................................................................................................................................................................................................................................................................................................................................................................................................................................................................................................................................................................................................................................................................................................................................................................................................................................................................................................................................................................................................................................................................................................................................................................................................................................................................................................................................................................................................................................................................................................................................................................................................................................................................................................................................................................................................................................................................................................................................................................................................................................................................................................................................................................................................................................................................................................................................................................................................................................................................................................................................................................................................................................................................................................................................................................................................................................................................................................................................................................................................................................................................................................................................................................................................................................................................................................................................................................................................................................................................................................................................................................................................................................................................................................................................................................................................................................................................................................................................................................................................................................................................................................................................................................................................................................................................................................................................................................................................................................................................................................................................................................................................................................................................................................................................................................................................................................................................................................................................................................................................................................................................................................................................................................................................................................................................................................................................................................................................................................................................................................................................................................................................................................................................................................................................................................................................................................................................................................................................................................................................................................................................................................................................................................................................................................................................................................................................................................................................................................................................................................................................................................................................................................................................................................................................................................................................................................................................................................................................................................................................................................................................................................................................................................................................................................................................................................................................................................................................................................................................................................................................................................................................................................................................................................................................................................................................................................................................................................................................................................................................................................................................................................................................................................................................................................................................................................................................................................................................................................................................................................................................................................................................................................................................................................................................................................................................................................................................................................................................................................................................................................................................................................................................................................................................................................................................................................................................................................................................................................................................................................................................................................................................................................................................................................................................................................................................................................................................................................................................................................................................................................................................................................................................................................................................................................................................................................................................................................................................................................................................................................................................................................................................................................................................................................................................................................................................................................................................................................................................................................................................................................................................................................................................................................................................................................................................................................................................................................................................................................................................................................................................................................................................................................................................................................................................................................................................................................................................................................................................................................................................................................................................................................................................................................................................................................................................................................................................................................................................................................................................................................................................................................................................................................................................................................................................................................................................................................................................................................................................................................................................................................................................................................................................................................................................................................................................................................................................................................................................................................................................................................................................................................................................................................................................................................................................................................................................................................................................................................................................................................................................................................................................................................................................................................................................................................................................................................................................................................................................................................................................................................................................................................................................................................................................................................................................................................................3 ms. Memory: 129024K Free: 53654K (42%)
2 ms. Memory: 129024K Free: 52630K (41%)
4 ms. Memory: 129024K Free: 113569K (88%)
3 ms. Memory: 129024K Free: 113059K (88%)
3 ms. Memory: 129024K Free: 112035K (87%)
/home/travis/build/icyphy/ptII/ptolemy/actor/lib/test/IIR.tcl
/home/travis/build/icyphy/ptII/ptolemy/actor/lib/test/Interpolator.tcl
3 ms. Memory: 129024K Free: 108419K (84%)
1 ms. Memory: 129024K Free: 107939K (84%)
3 ms. Memory: 129024K Free: 106915K (83%)
3 ms. Memory: 129024K Free: 106395K (82%)
2 ms. Memory: 129024K Free: 105891K (82%)
4 ms. Memory: 129024K Free: 104867K (81%)
2 ms. Memory: 129024K Free: 103843K (80%)
1 ms. Memory: 129024K Free: 102819K (80%)
2 ms. Memory: 129024K Free: 102291K (79%)
4 ms. Memory: 129024K Free: 101267K (78%)
/home/travis/build/icyphy/ptII/ptolemy/actor/lib/test/MathFunction.tcl
5 ms. Memory: 129024K Free: 99233K (77%)
1 ms. Memory: 129024K Free: 98179K (76%)
2 ms. Memory: 129024K Free: 97179K (75%)
2 ms. Memory: 129024K Free: 96161K (75%)
6 ms. Memory: 129024K Free: 95131K (74%)
7 ms. Memory: 129024K Free: 93089K (72%)
/home/travis/build/icyphy/ptII/ptolemy/actor/lib/test/Maximum.tcl
5 ms. Memory: 129024K Free: 91027K (71%)
2 ms. Memory: 129024K Free: 90531K (70%)
5 ms. Memory: 129024K Free: 90003K (70%)
3 ms. Memory: 129024K Free: 88993K (69%)
/home/travis/build/icyphy/ptII/ptolemy/actor/lib/test/Minimum.tcl
5 ms. Memory: 129024K Free: 87459K (68%)
2 ms. Memory: 129024K Free: 86931K (67%)
3 ms. Memory: 129024K Free: 86435K (67%)
2 ms. Memory: 129024K Free: 85411K (66%)
/home/travis/build/icyphy/ptII/ptolemy/actor/lib/test/MultiplyDivide.tcl
8 ms. Memory: 129024K Free: 83363K (65%)
7 ms. Memory: 129024K Free: 82835K (64%)
3 ms. Memory: 129024K Free: 82339K (64%)
3 ms. Memory: 129024K Free: 81315K (63%)
5 ms. Memory: 129024K Free: 80787K (63%)
/home/travis/build/icyphy/ptII/ptolemy/actor/lib/test/OrderedMerge.tcl
Connections changed on port: inputA
Connections changed on port: inputB
Connections changed on port: output
Connections changed on port: output
Connections changed on port: output
Connections changed on port: input
.top. Preinitializing ...
Invoking preinitialize():  .top.OrderedMerge
Called preinitialize()
Invoking preinitialize():  .top.Ramp
Called preinitialize()
Invoking preinitialize():  .top.Ramp2
Called preinitialize()
Invoking preinitialize():  .top.Test
Called preinitialize()
Connections changed on port: inputA
Connections changed on port: output
Connections changed on port: inputB
Connections changed on port: output
Connections changed on port: output
Connections changed on port: input
.top. Finished preinitialize().
Called initialize().
Invoking initialize():  .top.OrderedMerge
Initializing actor: .top.OrderedMerge
Adding a thread: .top.OrderedMerge
Invoking initialize():  .top.Ramp
Initializing actor: .top.Ramp
Adding a thread: .top.Ramp
Invoking initialize():  .top.Ramp2
Initializing actor: .top.Ramp2
Adding a thread: .top.Ramp2
Invoking initialize():  .top.Test
Initializing actor: .top.Test
Adding a thread: .top.Test
Called fire().
Checking for deadlock:
-- Starting thread.
Called initialize()
Called prefire()
Called fire()
-- Starting thread.
Called initialize()
There are 0 Blocked actors, 0 Stopped actors, and 4 active threads.
Waiting for actors to stop.
-- Starting thread.
Called initialize()
Called prefire()
Called prefire()
Called fire()
-- Starting thread.
Called initialize()
Called prefire()
Called fire()
Called fire()
Called postfire()
Called prefire()
Called fire()
Called postfire()
Called prefire()
Called fire()
Checking for deadlock:
There are 1 Blocked actors, 0 Stopped actors, and 4 active threads.
Waiting for actors to stop.
Called postfire()
Called prefire()
Called fire()
Checking for deadlock:
There are 3 Blocked actors, 0 Stopped actors, and 4 active threads.
Waiting for actors to stop.
Read input token from inputA with value 0.0
Next port to read input from is inputB
Called postfire()
Called prefire()
Called fire()
Called postfire()
Called prefire()
Called fire()
Checking for deadlock:
There are 3 Blocked actors, 0 Stopped actors, and 4 active threads.
Waiting for actors to stop.
Read input token from inputB with value 0.0
Checking for deadlock:
There are 2 Blocked actors, 0 Stopped actors, and 4 active threads.
Waiting for actors to stop.
-- Read input: 0.0, which is expected to match: 0.0
Called prefire()
Called fire()
Checking for deadlock:
There are 3 Blocked actors, 0 Stopped actors, and 4 active threads.
Waiting for actors to stop.
Sent output token with value 0.0
Next port to read input from is inputA
Called postfire()
Called prefire()
Called fire()
Checking for deadlock:
There are 2 Blocked actors, 0 Stopped actors, and 4 active threads.
Waiting for actors to stop.
Called postfire()
Called prefire()
Called fire()
Checking for deadlock:
There are 3 Blocked actors, 0 Stopped actors, and 4 active threads.
Waiting for actors to stop.
Read input token from inputA with value 1.0
Checking for deadlock:
There are 2 Blocked actors, 0 Stopped actors, and 4 active threads.
Waiting for actors to stop.
-- Read input: 0.0, which is expected to match: 0.0
Called prefire()
Called fire()
Checking for deadlock:
There are 3 Blocked actors, 0 Stopped actors, and 4 active threads.
Waiting for actors to stop.
Sent output token with value 0.0
Next port to read input from is inputB
Called postfire()
Called prefire()
Called fire()
Checking for deadlock:
There are 2 Blocked actors, 0 Stopped actors, and 4 active threads.
Waiting for actors to stop.
Called postfire()
Called prefire()
Called fire()
Checking for deadlock:
There are 3 Blocked actors, 0 Stopped actors, and 4 active threads.
Waiting for actors to stop.
Read input token from inputB with value 1.5
Checking for deadlock:
There are 2 Blocked actors, 0 Stopped actors, and 4 active threads.
Waiting for actors to stop.
-- Read input: 1.0, which is expected to match: 1.0
Called prefire()
Called fire()
Checking for deadlock:
There are 3 Blocked actors, 0 Stopped actors, and 4 active threads.
Waiting for actors to stop.
Sent output token with value 1.0
Next port to read input from is inputA
Called postfire()
Called prefire()
Called fire()
Checking for deadlock:
There are 2 Blocked actors, 0 Stopped actors, and 4 active threads.
Waiting for actors to stop.
Called postfire()
Called prefire()
Called fire()
Checking for deadlock:
There are 3 Blocked actors, 0 Stopped actors, and 4 active threads.
Waiting for actors to stop.
Read input token from inputA with value 2.0
-- Read input: 1.5, which is expected to match: 1.5
Called prefire()
Called fire()
Checking for deadlock:
There are 3 Blocked actors, 0 Stopped actors, and 4 active threads.
Waiting for actors to stop.
Sent output token with value 1.5
Next port to read input from is inputB
Called postfire()
Called prefire()
Called fire()
Called postfire()
Called prefire()
Called fire()
Checking for deadlock:
There are 3 Blocked actors, 0 Stopped actors, and 4 active threads.
Waiting for actors to stop.
Read input token from inputB with value 3.0
-- Read input: 2.0, which is expected to match: 2.0
Called prefire()
Called fire()
Checking for deadlock:
There are 3 Blocked actors, 0 Stopped actors, and 4 active threads.
Waiting for actors to stop.
Sent output token with value 2.0
Next port to read input from is inputA
Called postfire()
Called prefire()
Called fire()
Checking for deadlock:
There are 2 Blocked actors, 0 Stopped actors, and 4 active threads.
Waiting for actors to stop.
Called postfire()
Called prefire()
Called fire()
Checking for deadlock:
There are 3 Blocked actors, 0 Stopped actors, and 4 active threads.
Waiting for actors to stop.
Read input token from inputA with value 3.0
Checking for deadlock:
There are 2 Blocked actors, 0 Stopped actors, and 4 active threads.
Waiting for actors to stop.
-- Read input: 3.0, which is expected to match: 3.0
Called prefire()
Called fire()
Checking for deadlock:
There are 3 Blocked actors, 0 Stopped actors, and 4 active threads.
Waiting for actors to stop.
Sent output token with value 3.0
Next port to read input from is inputB
Called postfire()
Called prefire()
Called fire()
Called postfire()
Called prefire()
Called fire()
Checking for deadlock:
There are 3 Blocked actors, 0 Stopped actors, and 4 active threads.
Waiting for actors to stop.
Read input token from inputB with value 4.5
-- Read input: 3.0, which is expected to match: 3.0
Called prefire()
Called fire()
Checking for deadlock:
There are 3 Blocked actors, 0 Stopped actors, and 4 active threads.
Waiting for actors to stop.
Sent output token with value 3.0
Next port to read input from is inputA
Called postfire()
Called prefire()
Called fire()
Checking for deadlock:
There are 2 Blocked actors, 0 Stopped actors, and 4 active threads.
Waiting for actors to stop.
Called postfire()
Called prefire()
Called fire()
Checking for deadlock:
There are 3 Blocked actors, 0 Stopped actors, and 4 active threads.
Waiting for actors to stop.
Read input token from inputA with value 4.0
Checking for deadlock:
There are 2 Blocked actors, 0 Stopped actors, and 4 active threads.
Waiting for actors to stop.
-- Read input: 4.0, which is expected to match: 4.0
Called prefire()
Called fire()
Past the end of training data. Read and discard all inputs.
Checking for deadlock:
There are 3 Blocked actors, 0 Stopped actors, and 4 active threads.
Waiting for actors to stop.
Sent output token with value 4.0
Next port to read input from is inputA
Called postfire()
Called prefire()
Called fire()
Checking for deadlock:
There are 2 Blocked actors, 0 Stopped actors, and 4 active threads.
Waiting for actors to stop.
Called postfire()
Called prefire()
Called fire()
Checking for deadlock:
There are 3 Blocked actors, 0 Stopped actors, and 4 active threads.
Waiting for actors to stop.
Read input token from inputA with value 5.0
Checking for deadlock:
There are 2 Blocked actors, 0 Stopped actors, and 4 active threads.
Waiting for actors to stop.
Called prefire()
Called fire()
Past the end of training data. Read and discard all inputs.
Checking for deadlock:
There are 3 Blocked actors, 0 Stopped actors, and 4 active threads.
Waiting for actors to stop.
Sent output token with value 4.5
Next port to read input from is inputB
Called postfire()
Called prefire()
Called fire()
Called postfire()
Called prefire()
Called fire()
Checking for deadlock:
There are 3 Blocked actors, 0 Stopped actors, and 4 active threads.
Waiting for actors to stop.
Read input token from inputB with value 6.0
Called prefire()
Called fire()
Past the end of training data. Read and discard all inputs.
Checking for deadlock:
There are 3 Blocked actors, 0 Stopped actors, and 4 active threads.
Waiting for actors to stop.
Sent output token with value 5.0
Next port to read input from is inputA
Called postfire()
Called prefire()
Called fire()
Checking for deadlock:
There are 2 Blocked actors, 0 Stopped actors, and 4 active threads.
Waiting for actors to stop.
Called postfire()
Called prefire()
Called fire()
Checking for deadlock:
There are 3 Blocked actors, 0 Stopped actors, and 4 active threads.
Waiting for actors to stop.
Read input token from inputA with value 6.0
Checking for deadlock:
There are 2 Blocked actors, 0 Stopped actors, and 4 active threads.
Waiting for actors to stop.
Called prefire()
Called fire()
Past the end of training data. Read and discard all inputs.
Checking for deadlock:
There are 3 Blocked actors, 0 Stopped actors, and 4 active threads.
Waiting for actors to stop.
Sent output token with value 6.0
Next port to read input from is inputB
Called postfire()
Called prefire()
Called fire()
Called postfire()
Called prefire()
Called fire()
Checking for deadlock:
There are 3 Blocked actors, 0 Stopped actors, and 4 active threads.
Waiting for actors to stop.
Read input token from inputB with value 7.5
Called prefire()
Called fire()
Past the end of training data. Read and discard all inputs.
Checking for deadlock:
There are 3 Blocked actors, 0 Stopped actors, and 4 active threads.
Waiting for actors to stop.
Sent output token with value 6.0
Next port to read input from is inputA
Called postfire()
Called prefire()
Called fire()
Checking for deadlock:
There are 2 Blocked actors, 0 Stopped actors, and 4 active threads.
Waiting for actors to stop.
Called postfire()
Called prefire()
Called fire()
Checking for deadlock:
There are 3 Blocked actors, 0 Stopped actors, and 4 active threads.
Waiting for actors to stop.
Read input token from inputA with value 7.0
Checking for deadlock:
There are 2 Blocked actors, 0 Stopped actors, and 4 active threads.
Waiting for actors to stop.
Called prefire()
Called fire()
Past the end of training data. Read and discard all inputs.
Checking for deadlock:
There are 3 Blocked actors, 0 Stopped actors, and 4 active threads.
Waiting for actors to stop.
Sent output token with value 7.0
Next port to read input from is inputA
Called postfire()
Called prefire()
Called fire()
Checking for deadlock:
There are 2 Blocked actors, 0 Stopped actors, and 4 active threads.
Waiting for actors to stop.
-- Thread wrapup() called.
Called wrapup()
Thread .top.Ramp is exiting.
-- Thread stopped.
Checking for deadlock:
There are 2 Blocked actors, 0 Stopped actors, and 3 active threads.
Waiting for actors to stop.
Read input token from inputA with value 8.0
Called prefire()
Called fire()
Past the end of training data. Read and discard all inputs.
Checking for deadlock:
There are 2 Blocked actors, 0 Stopped actors, and 3 active threads.
Waiting for actors to stop.
Sent output token with value 7.5
Next port to read input from is inputB
Called postfire()
Called prefire()
Called fire()
Checking for deadlock:
There are 1 Blocked actors, 0 Stopped actors, and 3 active threads.
Waiting for actors to stop.
Called postfire()
Called prefire()
Called fire()
Checking for deadlock:
There are 2 Blocked actors, 0 Stopped actors, and 3 active threads.
Waiting for actors to stop.
Read input token from inputB with value 9.0
Checking for deadlock:
There are 1 Blocked actors, 0 Stopped actors, and 3 active threads.
Waiting for actors to stop.
Called prefire()
Called fire()
Past the end of training data. Read and discard all inputs.
Checking for deadlock:
There are 2 Blocked actors, 0 Stopped actors, and 3 active threads.
Waiting for actors to stop.
Sent output token with value 8.0
Next port to read input from is inputA
Called postfire()
Called prefire()
Called fire()
Read input token from inputA with value 9.0
Called prefire()
Called fire()
Past the end of training data. Read and discard all inputs.
Checking for deadlock:
There are 2 Blocked actors, 0 Stopped actors, and 3 active threads.
Waiting for actors to stop.
Sent output token with value 9.0
Next port to read input from is inputB
Called postfire()
Called prefire()
Called fire()
Called postfire()
Called prefire()
Called fire()
Checking for deadlock:
There are 2 Blocked actors, 0 Stopped actors, and 3 active threads.
Waiting for actors to stop.
Read input token from inputB with value 10.5
Called prefire()
Called fire()
Past the end of training data. Read and discard all inputs.
Checking for deadlock:
There are 2 Blocked actors, 0 Stopped actors, and 3 active threads.
Waiting for actors to stop.
Sent output token with value 9.0
Next port to read input from is inputA
Called postfire()
Called prefire()
Called fire()
Checking for deadlock:
There are 3 Blocked actors, 0 Stopped actors, and 3 active threads.
Actors have stopped.
Checking for deadlock:
There are 3 Blocked actors, 0 Stopped actors, and 3 active threads.
Deadlock detected.
Resolving Deadlock
Checking for deadlock:
There are 3 Blocked actors, 0 Stopped actors, and 3 active threads.
Artificial Deadlock - increasing queue capacity.
increasing the capacity of receiver ptolemy.actor.TypedIOPort {.top.OrderedMerge.inputB} to 2
Director: Called postfire().
Called postfire().
_stopRequested = false
_stopFireRequested = false
Returning from postfire(): true
Called fire().
Checking for deadlock:
There are 2 Blocked actors, 0 Stopped actors, and 3 active threads.
Waiting for actors to stop.
-- Thread wrapup() called.
Called wrapup()
Thread .top.Ramp2 is exiting.
-- Thread stopped.
Checking for deadlock:
There are 2 Blocked actors, 0 Stopped actors, and 2 active threads.
Actors have stopped.
Checking for deadlock:
There are 2 Blocked actors, 0 Stopped actors, and 2 active threads.
Deadlock detected.
Resolving Deadlock
Checking for deadlock:
There are 2 Blocked actors, 0 Stopped actors, and 2 active threads.
Deadlock detected: no processes blocked on write, but some are blocked on read.
Called postfire().
_stopRequested = false
_stopFireRequested = false
Returning from postfire(): false
Finished deactivating branches.
Called wrapup().
-- Thread wrapup() called.
Called wrapup()
Thread .top.Test is exiting.
-- Thread stopped.
-- Blocked Receiver call threw TerminateProcessException.
-- Thread wrapup() called.
Called wrapup()
Thread .top.OrderedMerge is exiting.
-- Thread stopped.
-- Blocked Receiver call threw TerminateProcessException.
62 ms. Memory: 129024K Free: 75681K (59%)
.top. Preinitializing ...
Invoking preinitialize():  .top.OrderedMerge
Called preinitialize()
Invoking preinitialize():  .top.Ramp
Called preinitialize()
Invoking preinitialize():  .top.Ramp2
Called preinitialize()
Invoking preinitialize():  .top.Test
Called preinitialize()
.top. Finished preinitialize().
Called initialize().
Invoking initialize():  .top.OrderedMerge
Initializing actor: .top.OrderedMerge
Adding a thread: .top.OrderedMerge
Invoking initialize():  .top.Ramp
Initializing actor: .top.Ramp
Adding a thread: .top.Ramp
Invoking initialize():  .top.Ramp2
Initializing actor: .top.Ramp2
Adding a thread: .top.Ramp2
Invoking initialize():  .top.Test
Initializing actor: .top.Test
Adding a thread: .top.Test
-- Starting thread.
Called initialize()
Called prefire()
Called fire()
-- Starting thread.
Called initialize()
Called prefire()
Called fire()
Called postfire()
Called prefire()
Called fire()
-- Starting thread.
Called initialize()
Called prefire()
Called fire()
Called postfire()
Called prefire()
Called fire()
Called fire().
Checking for deadlock:
There are 3 Blocked actors, 0 Stopped actors, and 4 active threads.
Waiting for actors to stop.
-- Starting thread.
Called initialize()
Called prefire()
Called fire()
Checking for deadlock:
There are 2 Blocked actors, 0 Stopped actors, and 4 active threads.
Waiting for actors to stop.
Called postfire()
Called prefire()
Called fire()
Checking for deadlock:
There are 3 Blocked actors, 0 Stopped actors, and 4 active threads.
Waiting for actors to stop.
Read input token from inputA with value 0.0
Next port to read input from is inputB
Called postfire()
Called prefire()
Called fire()
Called postfire()
Called prefire()
Called fire()
Checking for deadlock:
There are 3 Blocked actors, 0 Stopped actors, and 4 active threads.
Waiting for actors to stop.
Read input token from inputB with value 0.0
Checking for deadlock:
There are 2 Blocked actors, 0 Stopped actors, and 4 active threads.
Waiting for actors to stop.
-- Read input: 0.0, which is expected to match: 0.0
Called prefire()
Called fire()
Checking for deadlock:
There are 3 Blocked actors, 0 Stopped actors, and 4 active threads.
Waiting for actors to stop.
Sent output token with value 0.0
Next port to read input from is inputA
Called postfire()
Called prefire()
Called fire()
Checking for deadlock:
There are 2 Blocked actors, 0 Stopped actors, and 4 active threads.
Waiting for actors to stop.
Called postfire()
Called prefire()
Called fire()
Checking for deadlock:
There are 3 Blocked actors, 0 Stopped actors, and 4 active threads.
Waiting for actors to stop.
Read input token from inputA with value 1.0
Checking for deadlock:
There are 2 Blocked actors, 0 Stopped actors, and 4 active threads.
Waiting for actors to stop.
-- Read input: 0.0, which is expected to match: 0.0
Called prefire()
Called fire()
Checking for deadlock:
There are 3 Blocked actors, 0 Stopped actors, and 4 active threads.
Waiting for actors to stop.
Sent output token with value 0.0
Next port to read input from is inputB
Called postfire()
Called prefire()
Called fire()
Called postfire()
Called prefire()
Called fire()
Checking for deadlock:
There are 3 Blocked actors, 0 Stopped actors, and 4 active threads.
Waiting for actors to stop.
Read input token from inputB with value 1.5
-- Read input: 1.0, which is expected to match: 1.0
Called prefire()
Called fire()
Checking for deadlock:
There are 3 Blocked actors, 0 Stopped actors, and 4 active threads.
Waiting for actors to stop.
Sent output token with value 1.0
Next port to read input from is inputA
Called postfire()
Called prefire()
Called fire()
Checking for deadlock:
There are 2 Blocked actors, 0 Stopped actors, and 4 active threads.
Waiting for actors to stop.
Called postfire()
Called prefire()
Called fire()
Checking for deadlock:
There are 3 Blocked actors, 0 Stopped actors, and 4 active threads.
Waiting for actors to stop.
Read input token from inputA with value 2.0
Checking for deadlock:
There are 2 Blocked actors, 0 Stopped actors, and 4 active threads.
Waiting for actors to stop.
-- Read input: 1.5, which is expected to match: 1.5
Called prefire()
Called fire()
Checking for deadlock:
There are 3 Blocked actors, 0 Stopped actors, and 4 active threads.
Waiting for actors to stop.
Sent output token with value 1.5
Next port to read input from is inputB
Called postfire()
Called prefire()
Called fire()
Checking for deadlock:
There are 2 Blocked actors, 0 Stopped actors, and 4 active threads.
Waiting for actors to stop.
Called postfire()
Called prefire()
Called fire()
Checking for deadlock:
There are 3 Blocked actors, 0 Stopped actors, and 4 active threads.
Waiting for actors to stop.
Read input token from inputB with value 3.0
Checking for deadlock:
There are 2 Blocked actors, 0 Stopped actors, and 4 active threads.
Waiting for actors to stop.
-- Read input: 2.0, which is expected to match: 2.0
Called prefire()
Called fire()
Checking for deadlock:
There are 3 Blocked actors, 0 Stopped actors, and 4 active threads.
Waiting for actors to stop.
Sent output token with value 2.0
Next port to read input from is inputA
Called postfire()
Called prefire()
Called fire()
Checking for deadlock:
There are 2 Blocked actors, 0 Stopped actors, and 4 active threads.
Waiting for actors to stop.
Called postfire()
Called prefire()
Called fire()
Checking for deadlock:
There are 3 Blocked actors, 0 Stopped actors, and 4 active threads.
Waiting for actors to stop.
Read input token from inputA with value 3.0
Checking for deadlock:
There are 2 Blocked actors, 0 Stopped actors, and 4 active threads.
Waiting for actors to stop.
-- Read input: 3.0, which is expected to match: 3.0
Called prefire()
Called fire()
Checking for deadlock:
There are 3 Blocked actors, 0 Stopped actors, and 4 active threads.
Waiting for actors to stop.
Sent output token with value 3.0
Next port to read input from is inputB
Called postfire()
Called prefire()
Called fire()
Called postfire()
Called prefire()
Called fire()
Checking for deadlock:
There are 3 Blocked actors, 0 Stopped actors, and 4 active threads.
Waiting for actors to stop.
Read input token from inputB with value 4.5
-- Read input: 3.0, which is expected to match: 3.0
Called prefire()
Called fire()
Checking for deadlock:
There are 3 Blocked actors, 0 Stopped actors, and 4 active threads.
Waiting for actors to stop.
Sent output token with value 3.0
Next port to read input from is inputA
Called postfire()
Called prefire()
Called fire()
Checking for deadlock:
There are 2 Blocked actors, 0 Stopped actors, and 4 active threads.
Waiting for actors to stop.
Called postfire()
Called prefire()
Called fire()
Checking for deadlock:
There are 3 Blocked actors, 0 Stopped actors, and 4 active threads.
Waiting for actors to stop.
Read input token from inputA with value 4.0
Checking for deadlock:
There are 2 Blocked actors, 0 Stopped actors, and 4 active threads.
Waiting for actors to stop.
-- Read input: 4.0, which is expected to match: 4.0
Called prefire()
Called fire()
Past the end of training data. Read and discard all inputs.
Checking for deadlock:
There are 3 Blocked actors, 0 Stopped actors, and 4 active threads.
Waiting for actors to stop.
Sent output token with value 4.0
Next port to read input from is inputA
Called postfire()
Called prefire()
Called fire()
Checking for deadlock:
There are 2 Blocked actors, 0 Stopped actors, and 4 active threads.
Waiting for actors to stop.
Called postfire()
Called prefire()
Called fire()
Checking for deadlock:
There are 3 Blocked actors, 0 Stopped actors, and 4 active threads.
Waiting for actors to stop.
Read input token from inputA with value 5.0
Checking for deadlock:
There are 2 Blocked actors, 0 Stopped actors, and 4 active threads.
Waiting for actors to stop.
Called prefire()
Called fire()
Past the end of training data. Read and discard all inputs.
Checking for deadlock:
There are 3 Blocked actors, 0 Stopped actors, and 4 active threads.
Waiting for actors to stop.
Sent output token with value 4.5
Next port to read input from is inputB
Called postfire()
Called prefire()
Called fire()
Called postfire()
Called prefire()
Called fire()
Checking for deadlock:
There are 3 Blocked actors, 0 Stopped actors, and 4 active threads.
Waiting for actors to stop.
Read input token from inputB with value 6.0
Called prefire()
Called fire()
Past the end of training data. Read and discard all inputs.
Checking for deadlock:
There are 3 Blocked actors, 0 Stopped actors, and 4 active threads.
Waiting for actors to stop.
Sent output token with value 5.0
Next port to read input from is inputA
Called postfire()
Called prefire()
Called fire()
Called postfire()
Called prefire()
Called fire()
Checking for deadlock:
There are 3 Blocked actors, 0 Stopped actors, and 4 active threads.
Waiting for actors to stop.
Read input token from inputA with value 6.0
Called prefire()
Called fire()
Past the end of training data. Read and discard all inputs.
Checking for deadlock:
There are 3 Blocked actors, 0 Stopped actors, and 4 active threads.
Waiting for actors to stop.
Sent output token with value 6.0
Next port to read input from is inputB
Called postfire()
Called prefire()
Called fire()
Checking for deadlock:
There are 2 Blocked actors, 0 Stopped actors, and 4 active threads.
Waiting for actors to stop.
Called postfire()
Called prefire()
Called fire()
Checking for deadlock:
There are 3 Blocked actors, 0 Stopped actors, and 4 active threads.
Waiting for actors to stop.
Read input token from inputB with value 7.5
Checking for deadlock:
There are 2 Blocked actors, 0 Stopped actors, and 4 active threads.
Waiting for actors to stop.
Called prefire()
Called fire()
Past the end of training data. Read and discard all inputs.
Checking for deadlock:
There are 3 Blocked actors, 0 Stopped actors, and 4 active threads.
Waiting for actors to stop.
Sent output token with value 6.0
Next port to read input from is inputA
Called postfire()
Called prefire()
Called fire()
Called postfire()
Called prefire()
Called fire()
Checking for deadlock:
There are 3 Blocked actors, 0 Stopped actors, and 4 active threads.
Waiting for actors to stop.
Read input token from inputA with value 7.0
Called prefire()
Called fire()
Past the end of training data. Read and discard all inputs.
Checking for deadlock:
There are 3 Blocked actors, 0 Stopped actors, and 4 active threads.
Waiting for actors to stop.
Sent output token with value 7.0
Next port to read input from is inputA
Called postfire()
Called prefire()
Called fire()
-- Thread wrapup() called.
Called wrapup()
Thread .top.Ramp is exiting.
-- Thread stopped.
Checking for deadlock:
There are 2 Blocked actors, 0 Stopped actors, and 3 active threads.
Waiting for actors to stop.
Read input token from inputA with value 8.0
Checking for deadlock:
There are 1 Blocked actors, 0 Stopped actors, and 3 active threads.
Waiting for actors to stop.
Called prefire()
Called fire()
Past the end of training data. Read and discard all inputs.
Checking for deadlock:
There are 2 Blocked actors, 0 Stopped actors, and 3 active threads.
Waiting for actors to stop.
Sent output token with value 7.5
Next port to read input from is inputB
Called postfire()
Called prefire()
Called fire()
Checking for deadlock:
There are 1 Blocked actors, 0 Stopped actors, and 3 active threads.
Waiting for actors to stop.
Called postfire()
Called prefire()
Called fire()
Checking for deadlock:
There are 2 Blocked actors, 0 Stopped actors, and 3 active threads.
Waiting for actors to stop.
Read input token from inputB with value 9.0
Checking for deadlock:
There are 1 Blocked actors, 0 Stopped actors, and 3 active threads.
Waiting for actors to stop.
Called prefire()
Called fire()
Past the end of training data. Read and discard all inputs.
Checking for deadlock:
There are 2 Blocked actors, 0 Stopped actors, and 3 active threads.
Waiting for actors to stop.
Sent output token with value 8.0
Next port to read input from is inputA
Called postfire()
Called prefire()
Called fire()
Read input token from inputA with value 9.0
Called prefire()
Called fire()
Past the end of training data. Read and discard all inputs.
Checking for deadlock:
There are 2 Blocked actors, 0 Stopped actors, and 3 active threads.
Waiting for actors to stop.
Sent output token with value 9.0
Next port to read input from is inputB
Called postfire()
Called prefire()
Called fire()
Called postfire()
Called prefire()
Called fire()
Checking for deadlock:
There are 2 Blocked actors, 0 Stopped actors, and 3 active threads.
Waiting for actors to stop.
Read input token from inputB with value 10.5
Called prefire()
Called fire()
Past the end of training data. Read and discard all inputs.
Checking for deadlock:
There are 2 Blocked actors, 0 Stopped actors, and 3 active threads.
Waiting for actors to stop.
Sent output token with value 9.0
Next port to read input from is inputA
Called postfire()
Called prefire()
Called fire()
Checking for deadlock:
There are 3 Blocked actors, 0 Stopped actors, and 3 active threads.
Actors have stopped.
Checking for deadlock:
There are 3 Blocked actors, 0 Stopped actors, and 3 active threads.
Deadlock detected.
Resolving Deadlock
Checking for deadlock:
There are 3 Blocked actors, 0 Stopped actors, and 3 active threads.
Artificial Deadlock - increasing queue capacity.
increasing the capacity of receiver ptolemy.actor.TypedIOPort {.top.OrderedMerge.inputB} to 2
Director: Called postfire().
Called postfire().
_stopRequested = false
_stopFireRequested = false
Returning from postfire(): true
Called fire().
Checking for deadlock:
There are 2 Blocked actors, 0 Stopped actors, and 3 active threads.
Waiting for actors to stop.
-- Thread wrapup() called.
Called wrapup()
Thread .top.Ramp2 is exiting.
-- Thread stopped.
Checking for deadlock:
There are 2 Blocked actors, 0 Stopped actors, and 2 active threads.
Actors have stopped.
Checking for deadlock:
There are 2 Blocked actors, 0 Stopped actors, and 2 active threads.
Deadlock detected.
Resolving Deadlock
Checking for deadlock:
There are 2 Blocked actors, 0 Stopped actors, and 2 active threads.
Deadlock detected: no processes blocked on write, but some are blocked on read.
Called postfire().
_stopRequested = false
_stopFireRequested = false
Returning from postfire(): false
Finished deactivating branches.
Called wrapup().
-- Thread wrapup() called.
Called wrapup()
-- Thread wrapup() called.
Called wrapup()
Thread .top.Test is exiting.
-- Thread stopped.
-- Blocked Receiver call threw TerminateProcessException.
Thread .top.OrderedMerge is exiting.
43 ms. Memory: 129024K Free: 73491K (57%)
/home/travis/build/icyphy/ptII/ptolemy/actor/lib/test/Publisher.tcl
-- Thread stopped.
-- Blocked Receiver call threw TerminateProcessException.
6 ms. Memory: 129024K Free: 66979K (52%)
7 ms. Memory: 129024K Free: 61859K (48%)
11 ms. Memory: 129024K Free: 57763K (45%)
3 ms. Memory: 129024K Free: 56739K (44%)
11 ms. Memory: 129024K Free: 56211K (44%)
29 ms. Memory: 129024K Free: 112321K (87%)
3 ms. Memory: 129024K Free: 111413K (86%)
3 ms. Memory: 129024K Free: 110389K (86%)
17 ms. Memory: 129024K Free: 100663K (78%)
6 ms. Memory: 129024K Free: 96567K (75%)
2 ms. Memory: 129024K Free: 96023K (74%)
4 ms. Memory: 129024K Free: 93999K (73%)
5 ms. Memory: 129024K Free: 86327K (67%)
5 ms. Memory: 129024K Free: 76597K (59%)
5 ms. Memory: 129024K Free: 65847K (51%)
/home/travis/build/icyphy/ptII/ptolemy/actor/lib/test/Pulse.tcl
4 ms. Memory: 161792K Free: 125761K (78%)
9 ms. Memory: 161792K Free: 125265K (77%)
7 ms. Memory: 161792K Free: 124751K (77%)
2 ms. Memory: 161792K Free: 124241K (77%)
2 ms. Memory: 161792K Free: 123727K (76%)
10 ms. Memory: 161792K Free: 122193K (76%)
5 ms. Memory: 161792K Free: 121169K (75%)
6 ms. Memory: 161792K Free: 120641K (75%)
2 ms. Memory: 161792K Free: 120145K (74%)
/home/travis/build/icyphy/ptII/ptolemy/actor/lib/test/Ramp.tcl
5 ms. Memory: 161792K Free: 118097K (73%)
3 ms. Memory: 161792K Free: 117073K (72%)
3 ms. Memory: 161792K Free: 116559K (72%)
2 ms. Memory: 161792K Free: 115535K (71%)
6 ms. Memory: 161792K Free: 115025K (71%)
8 ms. Memory: 161792K Free: 114001K (70%)
5 ms. Memory: 161792K Free: 112977K (70%)
5 actors
6000 microseconds per iteration to create
10 ms. Memory: 161792K Free: 110415K (68%)
2 ms. Memory: 161792K Free: 109905K (68%)
3 ms. Memory: 161792K Free: 109385K (68%)
2 ms. Memory: 161792K Free: 108367K (67%)
50 actors
46000 microseconds per iteration to create
40 ms. Memory: 161792K Free: 93007K (57%)
11 ms. Memory: 161792K Free: 91983K (57%)
4 ms. Memory: 161792K Free: 90959K (56%)
5 ms. Memory: 161792K Free: 89935K (56%)
500 actors
1447000 microseconds per iteration to create
223 ms. Memory: 161792K Free: 83746K (52%)
35 ms. Memory: 161792K Free: 78626K (49%)
35 ms. Memory: 161792K Free: 73506K (45%)
31 ms. Memory: 161792K Free: 67876K (42%)
/home/travis/build/icyphy/ptII/ptolemy/actor/lib/test/RampContinuous.tcl
7 ms. Memory: 161792K Free: 66338K (41%)
/home/travis/build/icyphy/ptII/ptolemy/actor/lib/test/RecordAssembler.tcl
3 ms. Memory: 161792K Free: 64804K (40%)
4 ms. Memory: 161792K Free: 63780K (39%)
/home/travis/build/icyphy/ptII/ptolemy/actor/lib/test/RecordDisassembler.tcl
8 ms. Memory: 161792K Free: 62242K (38%)
3 ms. Memory: 161792K Free: 61732K (38%)
7 ms. Memory: 161792K Free: 60194K (37%)
/home/travis/build/icyphy/ptII/ptolemy/actor/lib/test/Scale.tcl
3 ms. Memory: 161792K Free: 58660K (36%)
2 ms. Memory: 161792K Free: 57636K (36%)
2 ms. Memory: 161792K Free: 57108K (35%)
2 ms. Memory: 161792K Free: 56098K (35%)
30 ms. Memory: 161792K Free: 138285K (85%)
/home/travis/build/icyphy/ptII/ptolemy/actor/lib/test/SequentialClock.tcl
preinitializing
resolving types
initializing
executing number 1
wrapping up
idle
3 ms. Memory: 161792K Free: 137230K (85%)
Completed execution with 5 iterations
preinitializing
resolving types
initializing
executing number 1
wrapping up
idle
2 ms. Memory: 161792K Free: 136751K (85%)
Completed execution with 5 iterations
preinitializing
resolving types
initializing
executing number 1
wrapping up
idle
1 ms. Memory: 161792K Free: 136222K (84%)
Completed execution with 5 iterations
/home/travis/build/icyphy/ptII/ptolemy/actor/lib/test/SetVariable.tcl
4 ms. Memory: 161792K Free: 134189K (83%)
/home/travis/build/icyphy/ptII/ptolemy/actor/lib/test/Sinewave.tcl
/home/travis/build/icyphy/ptII/ptolemy/actor/lib/test/SubscriptionAggregator.tcl
4 ms. Memory: 161792K Free: 122925K (76%)
3 ms. Memory: 161792K Free: 122415K (76%)
0 ms. Memory: 161792K Free: 121894K (75%)
1 ms. Memory: 161792K Free: 121391K (75%)
2 ms. Memory: 161792K Free: 117805K (73%)
8 ms. Memory: 161792K Free: 115757K (72%)
...............................................................925 ms. Memory: 226304K Free: 89376K (39%)
/home/travis/build/icyphy/ptII/ptolemy/actor/lib/test/Test.tcl
 The next command will produce a warning about training mode,
   which may be ignored.
9 ms. Memory: 226304K Free: 87313K (39%)
2 ms. Memory: 226304K Free: 86818K (38%)
1 ms. Memory: 226304K Free: 86289K (38%)
1 ms. Memory: 226304K Free: 85794K (38%)
2 ms. Memory: 226304K Free: 84770K (37%)
2 ms. Memory: 226304K Free: 83746K (37%)
2 ms. Memory: 226304K Free: 82208K (36%)
 The next command will produce a warning about training mode,
   which may be ignored.
3 ms. Memory: 226304K Free: 80160K (35%)
 The next command will produce a warning about training mode,
   which may be ignored.
2 ms. Memory: 226304K Free: 78626K (35%)
1 ms. Memory: 226304K Free: 78626K (35%)
0 ms. Memory: 226304K Free: 78081K (35%)
3 ms. Memory: 226304K Free: 77602K (34%)
7 ms. Memory: 226304K Free: 76578K (34%)
3 ms. Memory: 226304K Free: 72482K (32%)
/home/travis/build/icyphy/ptII/ptolemy/actor/lib/test/TestExceptionHandler.tcl
 The next command will produce a warning about training mode,
   which may be ignored.
2 ms. Memory: 226304K Free: 71458K (32%)
0 ms. Memory: 226304K Free: 70944K (31%)
1 ms. Memory: 226304K Free: 70434K (31%)
/home/travis/build/icyphy/ptII/ptolemy/actor/lib/test/UnionDisassembler.tcl
23 ms. Memory: 310272K Free: 258790K (83%)
/home/travis/build/icyphy/ptII/ptolemy/actor/lib/test/VariableClock.tcl
preinitializing
resolving types
initializing
executing number 1
wrapping up
idle
12 ms. Memory: 310272K Free: 257256K (83%)
Completed execution with 11 iterations
preinitializing
resolving types
initializing
executing number 1
wrapping up
idle
6 ms. Memory: 310272K Free: 255704K (82%)
Completed execution with 10 iterations
10/01/20 04:26:48
Failed: 0  Total Tests: 233  ((Passed: 233, Newly Passed: 0)  Known Failed: 0) /home/travis/build/icyphy/ptII/ptolemy/actor/lib/test
----------------- testing (KnownFailure) /home/travis/build/icyphy/ptII/ptolemy/actor/lib/test/auto/knownFailedTests/PublisherPortToplevelSubscriber.xml
1 ms. Memory: 310272K Free: 252136K (81%)
Known Failure: java.lang.reflect.InvocationTargetException
----------------- testing (KnownFailure) /home/travis/build/icyphy/ptII/ptolemy/actor/lib/test/auto/knownFailedTests/PublisherSubscriberPortToplevel.xml
1 ms. Memory: 310272K Free: 248550K (80%)
Known Failure: java.lang.reflect.InvocationTargetException
----------------- testing (KnownFailure) /home/travis/build/icyphy/ptII/ptolemy/actor/lib/test/auto/knownFailedTests/PublisherSubscriptionAggregatorPort.xml
0 ms. Memory: 310272K Free: 244454K (79%)
Known Failure: java.lang.reflect.InvocationTargetException
----------------- testing (KnownFailure) /home/travis/build/icyphy/ptII/ptolemy/actor/lib/test/auto/knownFailedTests/sizedarray3.xml
5 ms. Memory: 310272K Free: 240358K (77%)
Known Failure: java.lang.reflect.InvocationTargetException
No auto/linux-amd64/*.xml tests in /home/travis/build/icyphy/ptII/ptolemy/actor/lib/test
AutoTests.java: About to close Vertx.
AutoTests.java: Vertx closed.

===========================================================================================
----------------- testing Thu Oct 01 16:26:49 UTC 2020 /home/travis/build/icyphy/ptII/ptolemy/actor/lib/test/auto/AbsoluteValue.xml
----------------- Instantiating /home/travis/build/icyphy/ptII/ptolemy/actor/lib/test/auto/AbsoluteValue.xml
11 ms. Memory: 310272K Free: 217830K (70%)
----------------- Invoking toplevel() on ptolemy.moml.MoMLSimpleApplication@354cdfb9
----------------- Done invoking toplevel() on ptolemy.moml.MoMLSimpleApplication@354cdfb9
reloadAllAccessors: .AbsoluteValue

===========================================================================================
----------------- testing Thu Oct 01 16:26:49 UTC 2020 /home/travis/build/icyphy/ptII/ptolemy/actor/lib/test/auto/AbsoluteValue2.xml
----------------- Instantiating /home/travis/build/icyphy/ptII/ptolemy/actor/lib/test/auto/AbsoluteValue2.xml
4 ms. Memory: 310272K Free: 211176K (68%)
----------------- Invoking toplevel() on ptolemy.moml.MoMLSimpleApplication@72b937c2
----------------- Done invoking toplevel() on ptolemy.moml.MoMLSimpleApplication@72b937c2
reloadAllAccessors: .AbsoluteValue2

===========================================================================================
----------------- testing Thu Oct 01 16:26:49 UTC 2020 /home/travis/build/icyphy/ptII/ptolemy/actor/lib/test/auto/Accumulator.xml
----------------- Instantiating /home/travis/build/icyphy/ptII/ptolemy/actor/lib/test/auto/Accumulator.xml
5 ms. Memory: 310272K Free: 205032K (66%)
----------------- Invoking toplevel() on ptolemy.moml.MoMLSimpleApplication@3e5205f
----------------- Done invoking toplevel() on ptolemy.moml.MoMLSimpleApplication@3e5205f
reloadAllAccessors: .Accumulator

===========================================================================================
----------------- testing Thu Oct 01 16:26:49 UTC 2020 /home/travis/build/icyphy/ptII/ptolemy/actor/lib/test/auto/Accumulator2.xml
----------------- Instantiating /home/travis/build/icyphy/ptII/ptolemy/actor/lib/test/auto/Accumulator2.xml
3 ms. Memory: 310272K Free: 199398K (64%)
----------------- Invoking toplevel() on ptolemy.moml.MoMLSimpleApplication@2421b01a
----------------- Done invoking toplevel() on ptolemy.moml.MoMLSimpleApplication@2421b01a
reloadAllAccessors: .Accumulator2

===========================================================================================
----------------- testing Thu Oct 01 16:26:49 UTC 2020 /home/travis/build/icyphy/ptII/ptolemy/actor/lib/test/auto/Accumulator3.xml
----------------- Instantiating /home/travis/build/icyphy/ptII/ptolemy/actor/lib/test/auto/Accumulator3.xml
3 ms. Memory: 310272K Free: 195302K (63%)
----------------- Invoking toplevel() on ptolemy.moml.MoMLSimpleApplication@150a3147
----------------- Done invoking toplevel() on ptolemy.moml.MoMLSimpleApplication@150a3147
reloadAllAccessors: .Accumulator3

===========================================================================================
----------------- testing Thu Oct 01 16:26:49 UTC 2020 /home/travis/build/icyphy/ptII/ptolemy/actor/lib/test/auto/ArrayAppend.xml
----------------- Instantiating /home/travis/build/icyphy/ptII/ptolemy/actor/lib/test/auto/ArrayAppend.xml
11 ms. Memory: 310272K Free: 188648K (61%)
----------------- Invoking toplevel() on ptolemy.moml.MoMLSimpleApplication@5e2c87d2
----------------- Done invoking toplevel() on ptolemy.moml.MoMLSimpleApplication@5e2c87d2
reloadAllAccessors: .ArrayAppend

===========================================================================================
----------------- testing Thu Oct 01 16:26:49 UTC 2020 /home/travis/build/icyphy/ptII/ptolemy/actor/lib/test/auto/ArrayAppend2.xml
----------------- Instantiating /home/travis/build/icyphy/ptII/ptolemy/actor/lib/test/auto/ArrayAppend2.xml
412 ms. Memory: 310272K Free: 112872K (36%)
----------------- Invoking toplevel() on ptolemy.moml.MoMLSimpleApplication@9dc42c0
----------------- Done invoking toplevel() on ptolemy.moml.MoMLSimpleApplication@9dc42c0
reloadAllAccessors: .ArrayAppend2

===========================================================================================
----------------- testing Thu Oct 01 16:26:49 UTC 2020 /home/travis/build/icyphy/ptII/ptolemy/actor/lib/test/auto/ArrayAppend3.xml
----------------- Instantiating /home/travis/build/icyphy/ptII/ptolemy/actor/lib/test/auto/ArrayAppend3.xml
10 ms. Memory: 310272K Free: 260096K (84%)
----------------- Invoking toplevel() on ptolemy.moml.MoMLSimpleApplication@52a78f1d
----------------- Done invoking toplevel() on ptolemy.moml.MoMLSimpleApplication@52a78f1d
reloadAllAccessors: .ArrayAppend3

===========================================================================================
----------------- testing Thu Oct 01 16:26:50 UTC 2020 /home/travis/build/icyphy/ptII/ptolemy/actor/lib/test/auto/ArrayAppend4.xml
----------------- Instantiating /home/travis/build/icyphy/ptII/ptolemy/actor/lib/test/auto/ArrayAppend4.xml
2 ms. Memory: 310272K Free: 254462K (82%)
----------------- Invoking toplevel() on ptolemy.moml.MoMLSimpleApplication@19f28399
----------------- Done invoking toplevel() on ptolemy.moml.MoMLSimpleApplication@19f28399
reloadAllAccessors: .ArrayAppend4

===========================================================================================
----------------- testing Thu Oct 01 16:26:50 UTC 2020 /home/travis/build/icyphy/ptII/ptolemy/actor/lib/test/auto/ArrayAppend5.xml
----------------- Instantiating /home/travis/build/icyphy/ptII/ptolemy/actor/lib/test/auto/ArrayAppend5.xml
3 ms. Memory: 310272K Free: 249342K (80%)
----------------- Invoking toplevel() on ptolemy.moml.MoMLSimpleApplication@25e025f0
----------------- Done invoking toplevel() on ptolemy.moml.MoMLSimpleApplication@25e025f0
reloadAllAccessors: .ArrayAppend5

===========================================================================================
----------------- testing Thu Oct 01 16:26:50 UTC 2020 /home/travis/build/icyphy/ptII/ptolemy/actor/lib/test/auto/ArrayAppend6.xml
----------------- Instantiating /home/travis/build/icyphy/ptII/ptolemy/actor/lib/test/auto/ArrayAppend6.xml
3 ms. Memory: 310272K Free: 244222K (79%)
----------------- Invoking toplevel() on ptolemy.moml.MoMLSimpleApplication@7103f016
----------------- Done invoking toplevel() on ptolemy.moml.MoMLSimpleApplication@7103f016
reloadAllAccessors: .ArrayAppend6

===========================================================================================
----------------- testing Thu Oct 01 16:26:50 UTC 2020 /home/travis/build/icyphy/ptII/ptolemy/actor/lib/test/auto/ArrayAppendPerformanceTest.xml
----------------- Instantiating /home/travis/build/icyphy/ptII/ptolemy/actor/lib/test/auto/ArrayAppendPerformanceTest.xml
30 ms. Memory: 310272K Free: 232958K (75%)
----------------- Invoking toplevel() on ptolemy.moml.MoMLSimpleApplication@21b4917f
----------------- Done invoking toplevel() on ptolemy.moml.MoMLSimpleApplication@21b4917f
reloadAllAccessors: .ArrayAppendPerformanceTest

===========================================================================================
----------------- testing Thu Oct 01 16:26:50 UTC 2020 /home/travis/build/icyphy/ptII/ptolemy/actor/lib/test/auto/ArrayAppendWithEmptyInput.xml
----------------- Instantiating /home/travis/build/icyphy/ptII/ptolemy/actor/lib/test/auto/ArrayAppendWithEmptyInput.xml
14 ms. Memory: 310272K Free: 224766K (72%)
----------------- Invoking toplevel() on ptolemy.moml.MoMLSimpleApplication@21153fca
----------------- Done invoking toplevel() on ptolemy.moml.MoMLSimpleApplication@21153fca
reloadAllAccessors: .ArrayAppendWithEmptyInput

===========================================================================================
----------------- testing Thu Oct 01 16:26:50 UTC 2020 /home/travis/build/icyphy/ptII/ptolemy/actor/lib/test/auto/ArrayAverage.xml
----------------- Instantiating /home/travis/build/icyphy/ptII/ptolemy/actor/lib/test/auto/ArrayAverage.xml
7 ms. Memory: 310272K Free: 217088K (70%)
----------------- Invoking toplevel() on ptolemy.moml.MoMLSimpleApplication@c3fdfd3
----------------- Done invoking toplevel() on ptolemy.moml.MoMLSimpleApplication@c3fdfd3
reloadAllAccessors: .ArrayAverage

===========================================================================================
----------------- testing Thu Oct 01 16:26:50 UTC 2020 /home/travis/build/icyphy/ptII/ptolemy/actor/lib/test/auto/ArrayContains.xml
----------------- Instantiating /home/travis/build/icyphy/ptII/ptolemy/actor/lib/test/auto/ArrayContains.xml
2 ms. Memory: 310272K Free: 210944K (68%)
----------------- Invoking toplevel() on ptolemy.moml.MoMLSimpleApplication@3acffbd
----------------- Done invoking toplevel() on ptolemy.moml.MoMLSimpleApplication@3acffbd
reloadAllAccessors: .ArrayContains

===========================================================================================
----------------- testing Thu Oct 01 16:26:50 UTC 2020 /home/travis/build/icyphy/ptII/ptolemy/actor/lib/test/auto/ArrayElement.xml
----------------- Instantiating /home/travis/build/icyphy/ptII/ptolemy/actor/lib/test/auto/ArrayElement.xml
7 ms. Memory: 310272K Free: 205310K (66%)
----------------- Invoking toplevel() on ptolemy.moml.MoMLSimpleApplication@36493617
----------------- Done invoking toplevel() on ptolemy.moml.MoMLSimpleApplication@36493617
reloadAllAccessors: .ArrayElement

===========================================================================================
----------------- testing Thu Oct 01 16:26:50 UTC 2020 /home/travis/build/icyphy/ptII/ptolemy/actor/lib/test/auto/ArrayElementAsMatrix.xml
----------------- Instantiating /home/travis/build/icyphy/ptII/ptolemy/actor/lib/test/auto/ArrayElementAsMatrix.xml
23 ms. Memory: 310272K Free: 195584K (63%)
----------------- Invoking toplevel() on ptolemy.moml.MoMLSimpleApplication@3450dcfc
----------------- Done invoking toplevel() on ptolemy.moml.MoMLSimpleApplication@3450dcfc
reloadAllAccessors: .ArrayElementAsMatrix

===========================================================================================
----------------- testing Thu Oct 01 16:26:50 UTC 2020 /home/travis/build/icyphy/ptII/ptolemy/actor/lib/test/auto/ArrayElementI.xml
----------------- Instantiating /home/travis/build/icyphy/ptII/ptolemy/actor/lib/test/auto/ArrayElementI.xml
4 ms. Memory: 310272K Free: 189935K (61%)
----------------- Invoking toplevel() on ptolemy.moml.MoMLSimpleApplication@8b737db
----------------- Done invoking toplevel() on ptolemy.moml.MoMLSimpleApplication@8b737db
reloadAllAccessors: .ArrayElementI

===========================================================================================
----------------- testing Thu Oct 01 16:26:50 UTC 2020 /home/travis/build/icyphy/ptII/ptolemy/actor/lib/test/auto/ArrayExtract.xml
----------------- Instantiating /home/travis/build/icyphy/ptII/ptolemy/actor/lib/test/auto/ArrayExtract.xml
16 ms. Memory: 310272K Free: 181758K (59%)
----------------- Invoking toplevel() on ptolemy.moml.MoMLSimpleApplication@7fb5c24a
----------------- Done invoking toplevel() on ptolemy.moml.MoMLSimpleApplication@7fb5c24a
reloadAllAccessors: .ArrayExtract

===========================================================================================
----------------- testing Thu Oct 01 16:26:50 UTC 2020 /home/travis/build/icyphy/ptII/ptolemy/actor/lib/test/auto/ArrayExtract2.xml
----------------- Instantiating /home/travis/build/icyphy/ptII/ptolemy/actor/lib/test/auto/ArrayExtract2.xml
3 ms. Memory: 310272K Free: 176128K (57%)
----------------- Invoking toplevel() on ptolemy.moml.MoMLSimpleApplication@25872d2c
----------------- Done invoking toplevel() on ptolemy.moml.MoMLSimpleApplication@25872d2c
reloadAllAccessors: .ArrayExtract2

===========================================================================================
----------------- testing Thu Oct 01 16:26:50 UTC 2020 /home/travis/build/icyphy/ptII/ptolemy/actor/lib/test/auto/ArrayLength.xml
----------------- Instantiating /home/travis/build/icyphy/ptII/ptolemy/actor/lib/test/auto/ArrayLength.xml
2 ms. Memory: 310272K Free: 172542K (56%)
----------------- Invoking toplevel() on ptolemy.moml.MoMLSimpleApplication@3633ff78
----------------- Done invoking toplevel() on ptolemy.moml.MoMLSimpleApplication@3633ff78
reloadAllAccessors: .ArrayLength

===========================================================================================
----------------- testing Thu Oct 01 16:26:50 UTC 2020 /home/travis/build/icyphy/ptII/ptolemy/actor/lib/test/auto/ArrayLevelCrossing.xml
----------------- Instantiating /home/travis/build/icyphy/ptII/ptolemy/actor/lib/test/auto/ArrayLevelCrossing.xml
4 ms. Memory: 310272K Free: 164350K (53%)
----------------- Invoking toplevel() on ptolemy.moml.MoMLSimpleApplication@1eb7dead
----------------- Done invoking toplevel() on ptolemy.moml.MoMLSimpleApplication@1eb7dead
reloadAllAccessors: .ArrayLevelCrossing

===========================================================================================
----------------- testing Thu Oct 01 16:26:50 UTC 2020 /home/travis/build/icyphy/ptII/ptolemy/actor/lib/test/auto/ArrayLevelCrossing2.xml
----------------- Instantiating /home/travis/build/icyphy/ptII/ptolemy/actor/lib/test/auto/ArrayLevelCrossing2.xml
3 ms. Memory: 310272K Free: 157696K (51%)
----------------- Invoking toplevel() on ptolemy.moml.MoMLSimpleApplication@17fb6609
----------------- Done invoking toplevel() on ptolemy.moml.MoMLSimpleApplication@17fb6609
reloadAllAccessors: .ArrayLevelCrossing2

===========================================================================================
----------------- testing Thu Oct 01 16:26:50 UTC 2020 /home/travis/build/icyphy/ptII/ptolemy/actor/lib/test/auto/ArrayPeakSearch.xml
----------------- Instantiating /home/travis/build/icyphy/ptII/ptolemy/actor/lib/test/auto/ArrayPeakSearch.xml
6 ms. Memory: 310272K Free: 148480K (48%)
----------------- Invoking toplevel() on ptolemy.moml.MoMLSimpleApplication@5078cecc
----------------- Done invoking toplevel() on ptolemy.moml.MoMLSimpleApplication@5078cecc
reloadAllAccessors: .ArrayPeakSearch

===========================================================================================
----------------- testing Thu Oct 01 16:26:50 UTC 2020 /home/travis/build/icyphy/ptII/ptolemy/actor/lib/test/auto/ArrayPeakSearch2.xml
----------------- Instantiating /home/travis/build/icyphy/ptII/ptolemy/actor/lib/test/auto/ArrayPeakSearch2.xml
5 ms. Memory: 310272K Free: 138240K (45%)
----------------- Invoking toplevel() on ptolemy.moml.MoMLSimpleApplication@779e4363
----------------- Done invoking toplevel() on ptolemy.moml.MoMLSimpleApplication@779e4363
reloadAllAccessors: .ArrayPeakSearch2

===========================================================================================
----------------- testing Thu Oct 01 16:26:50 UTC 2020 /home/travis/build/icyphy/ptII/ptolemy/actor/lib/test/auto/ArrayPeakSearch3.xml
----------------- Instantiating /home/travis/build/icyphy/ptII/ptolemy/actor/lib/test/auto/ArrayPeakSearch3.xml
5 ms. Memory: 310272K Free: 129024K (42%)
----------------- Invoking toplevel() on ptolemy.moml.MoMLSimpleApplication@3f23dd3b
----------------- Done invoking toplevel() on ptolemy.moml.MoMLSimpleApplication@3f23dd3b
reloadAllAccessors: .ArrayPeakSearch3

===========================================================================================
----------------- testing Thu Oct 01 16:26:50 UTC 2020 /home/travis/build/icyphy/ptII/ptolemy/actor/lib/test/auto/ArrayRemoveElement.xml
----------------- Instantiating /home/travis/build/icyphy/ptII/ptolemy/actor/lib/test/auto/ArrayRemoveElement.xml
3 ms. Memory: 310272K Free: 121342K (39%)
----------------- Invoking toplevel() on ptolemy.moml.MoMLSimpleApplication@15aeca24
----------------- Done invoking toplevel() on ptolemy.moml.MoMLSimpleApplication@15aeca24
reloadAllAccessors: .ArrayRemoveElement

===========================================================================================
----------------- testing Thu Oct 01 16:26:50 UTC 2020 /home/travis/build/icyphy/ptII/ptolemy/actor/lib/test/auto/ArraySort.xml
----------------- Instantiating /home/travis/build/icyphy/ptII/ptolemy/actor/lib/test/auto/ArraySort.xml
6 ms. Memory: 310272K Free: 112126K (36%)
----------------- Invoking toplevel() on ptolemy.moml.MoMLSimpleApplication@46fbb79a
----------------- Done invoking toplevel() on ptolemy.moml.MoMLSimpleApplication@46fbb79a
reloadAllAccessors: .ArraySort

===========================================================================================
----------------- testing Thu Oct 01 16:26:50 UTC 2020 /home/travis/build/icyphy/ptII/ptolemy/actor/lib/test/auto/ArraySum.xml
----------------- Instantiating /home/travis/build/icyphy/ptII/ptolemy/actor/lib/test/auto/ArraySum.xml
5 ms. Memory: 310272K Free: 107006K (34%)
----------------- Invoking toplevel() on ptolemy.moml.MoMLSimpleApplication@3657893a
----------------- Done invoking toplevel() on ptolemy.moml.MoMLSimpleApplication@3657893a
reloadAllAccessors: .ArraySum

===========================================================================================
----------------- testing Thu Oct 01 16:26:50 UTC 2020 /home/travis/build/icyphy/ptII/ptolemy/actor/lib/test/auto/ArrayToElements.xml
----------------- Instantiating /home/travis/build/icyphy/ptII/ptolemy/actor/lib/test/auto/ArrayToElements.xml
9 ms. Memory: 310272K Free: 101376K (33%)
----------------- Invoking toplevel() on ptolemy.moml.MoMLSimpleApplication@10572abc
----------------- Done invoking toplevel() on ptolemy.moml.MoMLSimpleApplication@10572abc
reloadAllAccessors: .ArrayToElements

===========================================================================================
----------------- testing Thu Oct 01 16:26:50 UTC 2020 /home/travis/build/icyphy/ptII/ptolemy/actor/lib/test/auto/ArrayToMatrix.xml
----------------- Instantiating /home/travis/build/icyphy/ptII/ptolemy/actor/lib/test/auto/ArrayToMatrix.xml
15 ms. Memory: 310272K Free: 258057K (83%)
----------------- Invoking toplevel() on ptolemy.moml.MoMLSimpleApplication@2970eff8
----------------- Done invoking toplevel() on ptolemy.moml.MoMLSimpleApplication@2970eff8
reloadAllAccessors: .ArrayToMatrix

===========================================================================================
----------------- testing Thu Oct 01 16:26:50 UTC 2020 /home/travis/build/icyphy/ptII/ptolemy/actor/lib/test/auto/ArrayUpdate1.xml
----------------- Instantiating /home/travis/build/icyphy/ptII/ptolemy/actor/lib/test/auto/ArrayUpdate1.xml
5 ms. Memory: 310272K Free: 252937K (82%)
----------------- Invoking toplevel() on ptolemy.moml.MoMLSimpleApplication@3d913ea7
----------------- Done invoking toplevel() on ptolemy.moml.MoMLSimpleApplication@3d913ea7
reloadAllAccessors: .ArrayUpdate1

===========================================================================================
----------------- testing Thu Oct 01 16:26:51 UTC 2020 /home/travis/build/icyphy/ptII/ptolemy/actor/lib/test/auto/ArrayUpdate2.xml
----------------- Instantiating /home/travis/build/icyphy/ptII/ptolemy/actor/lib/test/auto/ArrayUpdate2.xml
6 ms. Memory: 310272K Free: 246793K (80%)
----------------- Invoking toplevel() on ptolemy.moml.MoMLSimpleApplication@2233ce1d
----------------- Done invoking toplevel() on ptolemy.moml.MoMLSimpleApplication@2233ce1d
reloadAllAccessors: .ArrayUpdate2

===========================================================================================
----------------- testing Thu Oct 01 16:26:51 UTC 2020 /home/travis/build/icyphy/ptII/ptolemy/actor/lib/test/auto/ArrayUpdate3.xml
----------------- Instantiating /home/travis/build/icyphy/ptII/ptolemy/actor/lib/test/auto/ArrayUpdate3.xml
5 ms. Memory: 310272K Free: 241673K (78%)
----------------- Invoking toplevel() on ptolemy.moml.MoMLSimpleApplication@43f67555
----------------- Done invoking toplevel() on ptolemy.moml.MoMLSimpleApplication@43f67555
reloadAllAccessors: .ArrayUpdate3

===========================================================================================
----------------- testing Thu Oct 01 16:26:51 UTC 2020 /home/travis/build/icyphy/ptII/ptolemy/actor/lib/test/auto/Assert1.xml
----------------- Instantiating /home/travis/build/icyphy/ptII/ptolemy/actor/lib/test/auto/Assert1.xml
8 ms. Memory: 310272K Free: 237577K (77%)
----------------- Invoking toplevel() on ptolemy.moml.MoMLSimpleApplication@8e4e32f
----------------- Done invoking toplevel() on ptolemy.moml.MoMLSimpleApplication@8e4e32f
reloadAllAccessors: .Assert1

===========================================================================================
----------------- testing Thu Oct 01 16:26:51 UTC 2020 /home/travis/build/icyphy/ptII/ptolemy/actor/lib/test/auto/Assert2.xml
----------------- Instantiating /home/travis/build/icyphy/ptII/ptolemy/actor/lib/test/auto/Assert2.xml
3 ms. Memory: 310272K Free: 231943K (75%)
----------------- Invoking toplevel() on ptolemy.moml.MoMLSimpleApplication@3e557f70
----------------- Done invoking toplevel() on ptolemy.moml.MoMLSimpleApplication@3e557f70
reloadAllAccessors: .Assert2

===========================================================================================
----------------- testing Thu Oct 01 16:26:51 UTC 2020 /home/travis/build/icyphy/ptII/ptolemy/actor/lib/test/auto/BooleanMultiplexor.xml
----------------- Instantiating /home/travis/build/icyphy/ptII/ptolemy/actor/lib/test/auto/BooleanMultiplexor.xml
2 ms. Memory: 310272K Free: 226809K (73%)
----------------- Invoking toplevel() on ptolemy.moml.MoMLSimpleApplication@688786cf
----------------- Done invoking toplevel() on ptolemy.moml.MoMLSimpleApplication@688786cf
reloadAllAccessors: .BooleanMultiplexor

===========================================================================================
----------------- testing Thu Oct 01 16:26:51 UTC 2020 /home/travis/build/icyphy/ptII/ptolemy/actor/lib/test/auto/BooleanMultiplexor2.xml
----------------- Instantiating /home/travis/build/icyphy/ptII/ptolemy/actor/lib/test/auto/BooleanMultiplexor2.xml
11 ms. Memory: 310272K Free: 220169K (71%)
----------------- Invoking toplevel() on ptolemy.moml.MoMLSimpleApplication@6c205e3c
----------------- Done invoking toplevel() on ptolemy.moml.MoMLSimpleApplication@6c205e3c
reloadAllAccessors: .BooleanMultiplexor2

===========================================================================================
----------------- testing Thu Oct 01 16:26:51 UTC 2020 /home/travis/build/icyphy/ptII/ptolemy/actor/lib/test/auto/BooleanMultiplexor3.xml
----------------- Instantiating /home/travis/build/icyphy/ptII/ptolemy/actor/lib/test/auto/BooleanMultiplexor3.xml
3 ms. Memory: 310272K Free: 216073K (70%)
----------------- Invoking toplevel() on ptolemy.moml.MoMLSimpleApplication@24575894
----------------- Done invoking toplevel() on ptolemy.moml.MoMLSimpleApplication@24575894
reloadAllAccessors: .BooleanMultiplexor3

===========================================================================================
----------------- testing Thu Oct 01 16:26:51 UTC 2020 /home/travis/build/icyphy/ptII/ptolemy/actor/lib/test/auto/BooleanSelect.xml
----------------- Instantiating /home/travis/build/icyphy/ptII/ptolemy/actor/lib/test/auto/BooleanSelect.xml
8 ms. Memory: 310272K Free: 210409K (68%)
----------------- Invoking toplevel() on ptolemy.moml.MoMLSimpleApplication@79165ed7
----------------- Done invoking toplevel() on ptolemy.moml.MoMLSimpleApplication@79165ed7
reloadAllAccessors: .BooleanSelect

===========================================================================================
----------------- testing Thu Oct 01 16:26:51 UTC 2020 /home/travis/build/icyphy/ptII/ptolemy/actor/lib/test/auto/BooleanSelect2.xml
----------------- Instantiating /home/travis/build/icyphy/ptII/ptolemy/actor/lib/test/auto/BooleanSelect2.xml
3 ms. Memory: 310272K Free: 205833K (66%)
----------------- Invoking toplevel() on ptolemy.moml.MoMLSimpleApplication@609b26f
----------------- Done invoking toplevel() on ptolemy.moml.MoMLSimpleApplication@609b26f
reloadAllAccessors: .BooleanSelect2

===========================================================================================
----------------- testing Thu Oct 01 16:26:51 UTC 2020 /home/travis/build/icyphy/ptII/ptolemy/actor/lib/test/auto/BooleanSwitch.xml
----------------- Instantiating /home/travis/build/icyphy/ptII/ptolemy/actor/lib/test/auto/BooleanSwitch.xml
6 ms. Memory: 310272K Free: 200199K (65%)
----------------- Invoking toplevel() on ptolemy.moml.MoMLSimpleApplication@375ef4c2
----------------- Done invoking toplevel() on ptolemy.moml.MoMLSimpleApplication@375ef4c2
reloadAllAccessors: .BooleanSwitch

===========================================================================================
----------------- testing Thu Oct 01 16:26:51 UTC 2020 /home/travis/build/icyphy/ptII/ptolemy/actor/lib/test/auto/BooleanSwitch2.xml
----------------- Instantiating /home/travis/build/icyphy/ptII/ptolemy/actor/lib/test/auto/BooleanSwitch2.xml
2 ms. Memory: 310272K Free: 195593K (63%)
----------------- Invoking toplevel() on ptolemy.moml.MoMLSimpleApplication@1e51184a
----------------- Done invoking toplevel() on ptolemy.moml.MoMLSimpleApplication@1e51184a
reloadAllAccessors: .BooleanSwitch2

===========================================================================================
----------------- testing Thu Oct 01 16:26:51 UTC 2020 /home/travis/build/icyphy/ptII/ptolemy/actor/lib/test/auto/BooleanSwitchCloningBugWithClassRelationGroup.xml
----------------- Instantiating /home/travis/build/icyphy/ptII/ptolemy/actor/lib/test/auto/BooleanSwitchCloningBugWithClassRelationGroup.xml
5 ms. Memory: 310272K Free: 189449K (61%)
----------------- Invoking toplevel() on ptolemy.moml.MoMLSimpleApplication@7fb8ca73
----------------- Done invoking toplevel() on ptolemy.moml.MoMLSimpleApplication@7fb8ca73
reloadAllAccessors: .BooleanSwitchCloningBugWithClassRelationGroup

===========================================================================================
----------------- testing Thu Oct 01 16:26:51 UTC 2020 /home/travis/build/icyphy/ptII/ptolemy/actor/lib/test/auto/BusActors.xml
----------------- Instantiating /home/travis/build/icyphy/ptII/ptolemy/actor/lib/test/auto/BusActors.xml
4 ms. Memory: 310272K Free: 181767K (59%)
----------------- Invoking toplevel() on ptolemy.moml.MoMLSimpleApplication@32c86940
----------------- Done invoking toplevel() on ptolemy.moml.MoMLSimpleApplication@32c86940
reloadAllAccessors: .BusActors

===========================================================================================
----------------- testing Thu Oct 01 16:26:51 UTC 2020 /home/travis/build/icyphy/ptII/ptolemy/actor/lib/test/auto/ClassWrapper.xml
----------------- Instantiating /home/travis/build/icyphy/ptII/ptolemy/actor/lib/test/auto/ClassWrapper.xml
3 ms. Memory: 310272K Free: 177671K (57%)
----------------- Invoking toplevel() on ptolemy.moml.MoMLSimpleApplication@78fdb893
----------------- Done invoking toplevel() on ptolemy.moml.MoMLSimpleApplication@78fdb893
reloadAllAccessors: .ClassWrapper

===========================================================================================
----------------- testing Thu Oct 01 16:26:51 UTC 2020 /home/travis/build/icyphy/ptII/ptolemy/actor/lib/test/auto/Clock.xml
----------------- Instantiating /home/travis/build/icyphy/ptII/ptolemy/actor/lib/test/auto/Clock.xml
1 ms. Memory: 310272K Free: 173575K (56%)
----------------- Invoking toplevel() on ptolemy.moml.MoMLSimpleApplication@1dfab3e6
----------------- Done invoking toplevel() on ptolemy.moml.MoMLSimpleApplication@1dfab3e6
reloadAllAccessors: .Clock

===========================================================================================
----------------- testing Thu Oct 01 16:26:51 UTC 2020 /home/travis/build/icyphy/ptII/ptolemy/actor/lib/test/auto/Clock10.xml
----------------- Instantiating /home/travis/build/icyphy/ptII/ptolemy/actor/lib/test/auto/Clock10.xml
3 ms. Memory: 310272K Free: 167945K (54%)
----------------- Invoking toplevel() on ptolemy.moml.MoMLSimpleApplication@ace4294
----------------- Done invoking toplevel() on ptolemy.moml.MoMLSimpleApplication@ace4294
reloadAllAccessors: .Clock10

===========================================================================================
----------------- testing Thu Oct 01 16:26:51 UTC 2020 /home/travis/build/icyphy/ptII/ptolemy/actor/lib/test/auto/Clock11.xml
----------------- Instantiating /home/travis/build/icyphy/ptII/ptolemy/actor/lib/test/auto/Clock11.xml
4 ms. Memory: 310272K Free: 161801K (52%)
----------------- Invoking toplevel() on ptolemy.moml.MoMLSimpleApplication@6a8c1797
----------------- Done invoking toplevel() on ptolemy.moml.MoMLSimpleApplication@6a8c1797
reloadAllAccessors: .Clock11

===========================================================================================
----------------- testing Thu Oct 01 16:26:51 UTC 2020 /home/travis/build/icyphy/ptII/ptolemy/actor/lib/test/auto/Clock12.xml
----------------- Instantiating /home/travis/build/icyphy/ptII/ptolemy/actor/lib/test/auto/Clock12.xml
4 ms. Memory: 310272K Free: 156167K (50%)
----------------- Invoking toplevel() on ptolemy.moml.MoMLSimpleApplication@609a4926
----------------- Done invoking toplevel() on ptolemy.moml.MoMLSimpleApplication@609a4926
reloadAllAccessors: .Clock12

===========================================================================================
----------------- testing Thu Oct 01 16:26:51 UTC 2020 /home/travis/build/icyphy/ptII/ptolemy/actor/lib/test/auto/Clock13.xml
----------------- Instantiating /home/travis/build/icyphy/ptII/ptolemy/actor/lib/test/auto/Clock13.xml
4 ms. Memory: 310272K Free: 150009K (48%)
----------------- Invoking toplevel() on ptolemy.moml.MoMLSimpleApplication@43aeddd5
----------------- Done invoking toplevel() on ptolemy.moml.MoMLSimpleApplication@43aeddd5
reloadAllAccessors: .Clock13

===========================================================================================
----------------- testing Thu Oct 01 16:26:51 UTC 2020 /home/travis/build/icyphy/ptII/ptolemy/actor/lib/test/auto/Clock14.xml
----------------- Instantiating /home/travis/build/icyphy/ptII/ptolemy/actor/lib/test/auto/Clock14.xml
3 ms. Memory: 310272K Free: 144393K (47%)
----------------- Invoking toplevel() on ptolemy.moml.MoMLSimpleApplication@3e2adac1
----------------- Done invoking toplevel() on ptolemy.moml.MoMLSimpleApplication@3e2adac1
reloadAllAccessors: .Clock14

===========================================================================================
----------------- testing Thu Oct 01 16:26:51 UTC 2020 /home/travis/build/icyphy/ptII/ptolemy/actor/lib/test/auto/Clock15.xml
----------------- Instantiating /home/travis/build/icyphy/ptII/ptolemy/actor/lib/test/auto/Clock15.xml
2 ms. Memory: 310272K Free: 138249K (45%)
----------------- Invoking toplevel() on ptolemy.moml.MoMLSimpleApplication@2f1e7f62
----------------- Done invoking toplevel() on ptolemy.moml.MoMLSimpleApplication@2f1e7f62
reloadAllAccessors: .Clock15

===========================================================================================
----------------- testing Thu Oct 01 16:26:51 UTC 2020 /home/travis/build/icyphy/ptII/ptolemy/actor/lib/test/auto/Clock16.xml
----------------- Instantiating /home/travis/build/icyphy/ptII/ptolemy/actor/lib/test/auto/Clock16.xml
32 ms. Memory: 310272K Free: 123913K (40%)
----------------- Invoking toplevel() on ptolemy.moml.MoMLSimpleApplication@3c896612
----------------- Done invoking toplevel() on ptolemy.moml.MoMLSimpleApplication@3c896612
reloadAllAccessors: .Clock16

===========================================================================================
----------------- testing Thu Oct 01 16:26:51 UTC 2020 /home/travis/build/icyphy/ptII/ptolemy/actor/lib/test/auto/Clock17.xml
----------------- Instantiating /home/travis/build/icyphy/ptII/ptolemy/actor/lib/test/auto/Clock17.xml
18 ms. Memory: 310272K Free: 110601K (36%)
----------------- Invoking toplevel() on ptolemy.moml.MoMLSimpleApplication@6e9956d4
----------------- Done invoking toplevel() on ptolemy.moml.MoMLSimpleApplication@6e9956d4
reloadAllAccessors: .Clock17

===========================================================================================
----------------- testing Thu Oct 01 16:26:51 UTC 2020 /home/travis/build/icyphy/ptII/ptolemy/actor/lib/test/auto/Clock18.xml
----------------- Instantiating /home/travis/build/icyphy/ptII/ptolemy/actor/lib/test/auto/Clock18.xml
24 ms. Memory: 310272K Free: 97289K (31%)
----------------- Invoking toplevel() on ptolemy.moml.MoMLSimpleApplication@20c953df
----------------- Done invoking toplevel() on ptolemy.moml.MoMLSimpleApplication@20c953df
reloadAllAccessors: .Clock18

===========================================================================================
----------------- testing Thu Oct 01 16:26:51 UTC 2020 /home/travis/build/icyphy/ptII/ptolemy/actor/lib/test/auto/Clock19.xml
----------------- Instantiating /home/travis/build/icyphy/ptII/ptolemy/actor/lib/test/auto/Clock19.xml
11 ms. Memory: 310272K Free: 84487K (27%)
----------------- Invoking toplevel() on ptolemy.moml.MoMLSimpleApplication@314a34fd
----------------- Done invoking toplevel() on ptolemy.moml.MoMLSimpleApplication@314a34fd
reloadAllAccessors: .Clock19

===========================================================================================
----------------- testing Thu Oct 01 16:26:51 UTC 2020 /home/travis/build/icyphy/ptII/ptolemy/actor/lib/test/auto/Clock2.xml
----------------- Instantiating /home/travis/build/icyphy/ptII/ptolemy/actor/lib/test/auto/Clock2.xml
4 ms. Memory: 310272K Free: 79881K (26%)
----------------- Invoking toplevel() on ptolemy.moml.MoMLSimpleApplication@530d6290
----------------- Done invoking toplevel() on ptolemy.moml.MoMLSimpleApplication@530d6290
reloadAllAccessors: .Clock2

===========================================================================================
----------------- testing Thu Oct 01 16:26:51 UTC 2020 /home/travis/build/icyphy/ptII/ptolemy/actor/lib/test/auto/Clock20.xml
----------------- Instantiating /home/travis/build/icyphy/ptII/ptolemy/actor/lib/test/auto/Clock20.xml
8 ms. Memory: 310272K Free: 258046K (83%)
----------------- Invoking toplevel() on ptolemy.moml.MoMLSimpleApplication@7da39895
----------------- Done invoking toplevel() on ptolemy.moml.MoMLSimpleApplication@7da39895
reloadAllAccessors: .Clock20

===========================================================================================
----------------- testing Thu Oct 01 16:26:51 UTC 2020 /home/travis/build/icyphy/ptII/ptolemy/actor/lib/test/auto/Clock21.xml
----------------- Instantiating /home/travis/build/icyphy/ptII/ptolemy/actor/lib/test/auto/Clock21.xml
5 ms. Memory: 310272K Free: 252414K (81%)
----------------- Invoking toplevel() on ptolemy.moml.MoMLSimpleApplication@14e73e34
----------------- Done invoking toplevel() on ptolemy.moml.MoMLSimpleApplication@14e73e34
reloadAllAccessors: .Clock21

===========================================================================================
----------------- testing Thu Oct 01 16:26:51 UTC 2020 /home/travis/build/icyphy/ptII/ptolemy/actor/lib/test/auto/Clock22.xml
----------------- Instantiating /home/travis/build/icyphy/ptII/ptolemy/actor/lib/test/auto/Clock22.xml
4 ms. Memory: 310272K Free: 246784K (80%)
----------------- Invoking toplevel() on ptolemy.moml.MoMLSimpleApplication@2cf28aa2
----------------- Done invoking toplevel() on ptolemy.moml.MoMLSimpleApplication@2cf28aa2
reloadAllAccessors: .Clock22

===========================================================================================
----------------- testing Thu Oct 01 16:26:51 UTC 2020 /home/travis/build/icyphy/ptII/ptolemy/actor/lib/test/auto/Clock23.xml
----------------- Instantiating /home/travis/build/icyphy/ptII/ptolemy/actor/lib/test/auto/Clock23.xml
6 ms. Memory: 310272K Free: 241664K (78%)
----------------- Invoking toplevel() on ptolemy.moml.MoMLSimpleApplication@2a45589c
----------------- Done invoking toplevel() on ptolemy.moml.MoMLSimpleApplication@2a45589c
reloadAllAccessors: .Clock23

===========================================================================================
----------------- testing Thu Oct 01 16:26:51 UTC 2020 /home/travis/build/icyphy/ptII/ptolemy/actor/lib/test/auto/Clock24.xml
----------------- Instantiating /home/travis/build/icyphy/ptII/ptolemy/actor/lib/test/auto/Clock24.xml
4 ms. Memory: 310272K Free: 236030K (76%)
----------------- Invoking toplevel() on ptolemy.moml.MoMLSimpleApplication@51e39657
----------------- Done invoking toplevel() on ptolemy.moml.MoMLSimpleApplication@51e39657
reloadAllAccessors: .Clock24

===========================================================================================
----------------- testing Thu Oct 01 16:26:51 UTC 2020 /home/travis/build/icyphy/ptII/ptolemy/actor/lib/test/auto/Clock4.xml
----------------- Instantiating /home/travis/build/icyphy/ptII/ptolemy/actor/lib/test/auto/Clock4.xml
1 ms. Memory: 310272K Free: 231424K (75%)
----------------- Invoking toplevel() on ptolemy.moml.MoMLSimpleApplication@7e06e4d5
----------------- Done invoking toplevel() on ptolemy.moml.MoMLSimpleApplication@7e06e4d5
reloadAllAccessors: .Clock4

===========================================================================================
----------------- testing Thu Oct 01 16:26:51 UTC 2020 /home/travis/build/icyphy/ptII/ptolemy/actor/lib/test/auto/Clock5.xml
----------------- Instantiating /home/travis/build/icyphy/ptII/ptolemy/actor/lib/test/auto/Clock5.xml
1 ms. Memory: 310272K Free: 225775K (73%)
----------------- Invoking toplevel() on ptolemy.moml.MoMLSimpleApplication@f6ed279
----------------- Done invoking toplevel() on ptolemy.moml.MoMLSimpleApplication@f6ed279
reloadAllAccessors: .Clock5

===========================================================================================
----------------- testing Thu Oct 01 16:26:51 UTC 2020 /home/travis/build/icyphy/ptII/ptolemy/actor/lib/test/auto/Clock6.xml
----------------- Instantiating /home/travis/build/icyphy/ptII/ptolemy/actor/lib/test/auto/Clock6.xml
1 ms. Memory: 310272K Free: 221694K (71%)
----------------- Invoking toplevel() on ptolemy.moml.MoMLSimpleApplication@757d1e6e
----------------- Done invoking toplevel() on ptolemy.moml.MoMLSimpleApplication@757d1e6e
reloadAllAccessors: .Clock6

===========================================================================================
----------------- testing Thu Oct 01 16:26:51 UTC 2020 /home/travis/build/icyphy/ptII/ptolemy/actor/lib/test/auto/Clock7.xml
----------------- Instantiating /home/travis/build/icyphy/ptII/ptolemy/actor/lib/test/auto/Clock7.xml
2 ms. Memory: 310272K Free: 217598K (70%)
----------------- Invoking toplevel() on ptolemy.moml.MoMLSimpleApplication@8c0f198
----------------- Done invoking toplevel() on ptolemy.moml.MoMLSimpleApplication@8c0f198
reloadAllAccessors: .Clock7

===========================================================================================
----------------- testing Thu Oct 01 16:26:51 UTC 2020 /home/travis/build/icyphy/ptII/ptolemy/actor/lib/test/auto/Clock8.xml
----------------- Instantiating /home/travis/build/icyphy/ptII/ptolemy/actor/lib/test/auto/Clock8.xml
4 ms. Memory: 310272K Free: 211968K (68%)
----------------- Invoking toplevel() on ptolemy.moml.MoMLSimpleApplication@5f17ad99
----------------- Done invoking toplevel() on ptolemy.moml.MoMLSimpleApplication@5f17ad99
reloadAllAccessors: .Clock8

===========================================================================================
----------------- testing Thu Oct 01 16:26:51 UTC 2020 /home/travis/build/icyphy/ptII/ptolemy/actor/lib/test/auto/Clock9.xml
----------------- Instantiating /home/travis/build/icyphy/ptII/ptolemy/actor/lib/test/auto/Clock9.xml
4 ms. Memory: 310272K Free: 206848K (67%)
----------------- Invoking toplevel() on ptolemy.moml.MoMLSimpleApplication@4f3c2df8
----------------- Done invoking toplevel() on ptolemy.moml.MoMLSimpleApplication@4f3c2df8
reloadAllAccessors: .Clock9

===========================================================================================
----------------- testing Thu Oct 01 16:26:51 UTC 2020 /home/travis/build/icyphy/ptII/ptolemy/actor/lib/test/auto/CommDistDiscard.xml
----------------- Instantiating /home/travis/build/icyphy/ptII/ptolemy/actor/lib/test/auto/CommDistDiscard.xml
3 ms. Memory: 310272K Free: 201214K (65%)
----------------- Invoking toplevel() on ptolemy.moml.MoMLSimpleApplication@99dd77f
----------------- Done invoking toplevel() on ptolemy.moml.MoMLSimpleApplication@99dd77f
reloadAllAccessors: .CommDistDiscard

===========================================================================================
----------------- testing Thu Oct 01 16:26:52 UTC 2020 /home/travis/build/icyphy/ptII/ptolemy/actor/lib/test/auto/Commutator.xml
----------------- Instantiating /home/travis/build/icyphy/ptII/ptolemy/actor/lib/test/auto/Commutator.xml
1 ms. Memory: 310272K Free: 196608K (63%)
----------------- Invoking toplevel() on ptolemy.moml.MoMLSimpleApplication@5ecb639
----------------- Done invoking toplevel() on ptolemy.moml.MoMLSimpleApplication@5ecb639
reloadAllAccessors: .Commutator

===========================================================================================
----------------- testing Thu Oct 01 16:26:52 UTC 2020 /home/travis/build/icyphy/ptII/ptolemy/actor/lib/test/auto/Commutator2.xml
----------------- Instantiating /home/travis/build/icyphy/ptII/ptolemy/actor/lib/test/auto/Commutator2.xml
2 ms. Memory: 310272K Free: 192512K (62%)
----------------- Invoking toplevel() on ptolemy.moml.MoMLSimpleApplication@68783533
----------------- Done invoking toplevel() on ptolemy.moml.MoMLSimpleApplication@68783533
reloadAllAccessors: .Commutator2

===========================================================================================
----------------- testing Thu Oct 01 16:26:52 UTC 2020 /home/travis/build/icyphy/ptII/ptolemy/actor/lib/test/auto/Commutator3.xml
----------------- Instantiating /home/travis/build/icyphy/ptII/ptolemy/actor/lib/test/auto/Commutator3.xml
2 ms. Memory: 310272K Free: 187902K (61%)
----------------- Invoking toplevel() on ptolemy.moml.MoMLSimpleApplication@3739750d
----------------- Done invoking toplevel() on ptolemy.moml.MoMLSimpleApplication@3739750d
reloadAllAccessors: .Commutator3

===========================================================================================
----------------- testing Thu Oct 01 16:26:52 UTC 2020 /home/travis/build/icyphy/ptII/ptolemy/actor/lib/test/auto/Compare.xml
----------------- Instantiating /home/travis/build/icyphy/ptII/ptolemy/actor/lib/test/auto/Compare.xml
2 ms. Memory: 310272K Free: 181758K (59%)
----------------- Invoking toplevel() on ptolemy.moml.MoMLSimpleApplication@3ff7bac5
----------------- Done invoking toplevel() on ptolemy.moml.MoMLSimpleApplication@3ff7bac5
reloadAllAccessors: .Compare

===========================================================================================
----------------- testing Thu Oct 01 16:26:52 UTC 2020 /home/travis/build/icyphy/ptII/ptolemy/actor/lib/test/auto/CompareDE.xml
----------------- Instantiating /home/travis/build/icyphy/ptII/ptolemy/actor/lib/test/auto/CompareDE.xml
3 ms. Memory: 310272K Free: 174575K (56%)
----------------- Invoking toplevel() on ptolemy.moml.MoMLSimpleApplication@7151bf33
----------------- Done invoking toplevel() on ptolemy.moml.MoMLSimpleApplication@7151bf33
reloadAllAccessors: .CompareDE

===========================================================================================
----------------- testing Thu Oct 01 16:26:52 UTC 2020 /home/travis/build/icyphy/ptII/ptolemy/actor/lib/test/auto/ComplexDivide.xml
----------------- Instantiating /home/travis/build/icyphy/ptII/ptolemy/actor/lib/test/auto/ComplexDivide.xml
1 ms. Memory: 310272K Free: 170494K (55%)
----------------- Invoking toplevel() on ptolemy.moml.MoMLSimpleApplication@1394459e
----------------- Done invoking toplevel() on ptolemy.moml.MoMLSimpleApplication@1394459e
reloadAllAccessors: .ComplexDivide

===========================================================================================
----------------- testing Thu Oct 01 16:26:52 UTC 2020 /home/travis/build/icyphy/ptII/ptolemy/actor/lib/test/auto/ComputeHistogram.xml
----------------- Instantiating /home/travis/build/icyphy/ptII/ptolemy/actor/lib/test/auto/ComputeHistogram.xml
30 ms. Memory: 310272K Free: 158206K (51%)
----------------- Invoking toplevel() on ptolemy.moml.MoMLSimpleApplication@162b4d22
----------------- Done invoking toplevel() on ptolemy.moml.MoMLSimpleApplication@162b4d22
reloadAllAccessors: .ComputeHistogram

===========================================================================================
----------------- testing Thu Oct 01 16:26:52 UTC 2020 /home/travis/build/icyphy/ptII/ptolemy/actor/lib/test/auto/ConfigurationSelect.xml
----------------- Instantiating /home/travis/build/icyphy/ptII/ptolemy/actor/lib/test/auto/ConfigurationSelect.xml
9 ms. Memory: 310272K Free: 152576K (49%)
----------------- Invoking toplevel() on ptolemy.moml.MoMLSimpleApplication@e93b4c6
----------------- Done invoking toplevel() on ptolemy.moml.MoMLSimpleApplication@e93b4c6
reloadAllAccessors: .ConfigurationSelect

===========================================================================================
----------------- testing Thu Oct 01 16:26:52 UTC 2020 /home/travis/build/icyphy/ptII/ptolemy/actor/lib/test/auto/ConfigurationSelect2.xml
----------------- Instantiating /home/travis/build/icyphy/ptII/ptolemy/actor/lib/test/auto/ConfigurationSelect2.xml
2 ms. Memory: 310272K Free: 148480K (48%)
----------------- Invoking toplevel() on ptolemy.moml.MoMLSimpleApplication@2407dc0f
----------------- Done invoking toplevel() on ptolemy.moml.MoMLSimpleApplication@2407dc0f
reloadAllAccessors: .ConfigurationSelect2

===========================================================================================
----------------- testing Thu Oct 01 16:26:52 UTC 2020 /home/travis/build/icyphy/ptII/ptolemy/actor/lib/test/auto/ConfigurationSwitch.xml
----------------- Instantiating /home/travis/build/icyphy/ptII/ptolemy/actor/lib/test/auto/ConfigurationSwitch.xml
2 ms. Memory: 310272K Free: 142846K (46%)
----------------- Invoking toplevel() on ptolemy.moml.MoMLSimpleApplication@acc7c03
----------------- Done invoking toplevel() on ptolemy.moml.MoMLSimpleApplication@acc7c03
reloadAllAccessors: .ConfigurationSwitch

===========================================================================================
----------------- testing Thu Oct 01 16:26:52 UTC 2020 /home/travis/build/icyphy/ptII/ptolemy/actor/lib/test/auto/ConfigurationSwitch2.xml
----------------- Instantiating /home/travis/build/icyphy/ptII/ptolemy/actor/lib/test/auto/ConfigurationSwitch2.xml
2 ms. Memory: 310272K Free: 137216K (44%)
----------------- Invoking toplevel() on ptolemy.moml.MoMLSimpleApplication@1a12c469
----------------- Done invoking toplevel() on ptolemy.moml.MoMLSimpleApplication@1a12c469
reloadAllAccessors: .ConfigurationSwitch2

===========================================================================================
----------------- testing Thu Oct 01 16:26:52 UTC 2020 /home/travis/build/icyphy/ptII/ptolemy/actor/lib/test/auto/ConfigurationSwitchCloningBugWithClassRelationGroup.xml
----------------- Instantiating /home/travis/build/icyphy/ptII/ptolemy/actor/lib/test/auto/ConfigurationSwitchCloningBugWithClassRelationGroup.xml
1 ms. Memory: 310272K Free: 130558K (42%)
----------------- Invoking toplevel() on ptolemy.moml.MoMLSimpleApplication@3c08c3fe
----------------- Done invoking toplevel() on ptolemy.moml.MoMLSimpleApplication@3c08c3fe
reloadAllAccessors: .ConfigurationSwitchCloningBugWithClassRelationGroup

===========================================================================================
----------------- testing Thu Oct 01 16:26:52 UTC 2020 /home/travis/build/icyphy/ptII/ptolemy/actor/lib/test/auto/ConfigurationSwitchSelectSDF.xml
----------------- Instantiating /home/travis/build/icyphy/ptII/ptolemy/actor/lib/test/auto/ConfigurationSwitchSelectSDF.xml
3 ms. Memory: 310272K Free: 124928K (40%)
----------------- Invoking toplevel() on ptolemy.moml.MoMLSimpleApplication@4e2bd162
----------------- Done invoking toplevel() on ptolemy.moml.MoMLSimpleApplication@4e2bd162
reloadAllAccessors: .ConfigurationSwitchSelectSDF

===========================================================================================
----------------- testing Thu Oct 01 16:26:52 UTC 2020 /home/travis/build/icyphy/ptII/ptolemy/actor/lib/test/auto/ConfigurationSwitchSelectSDF2.xml
----------------- Instantiating /home/travis/build/icyphy/ptII/ptolemy/actor/lib/test/auto/ConfigurationSwitchSelectSDF2.xml
2 ms. Memory: 310272K Free: 118784K (38%)
----------------- Invoking toplevel() on ptolemy.moml.MoMLSimpleApplication@79f102b6
----------------- Done invoking toplevel() on ptolemy.moml.MoMLSimpleApplication@79f102b6
reloadAllAccessors: .ConfigurationSwitchSelectSDF2

===========================================================================================
----------------- testing Thu Oct 01 16:26:52 UTC 2020 /home/travis/build/icyphy/ptII/ptolemy/actor/lib/test/auto/Const.xml
----------------- Instantiating /home/travis/build/icyphy/ptII/ptolemy/actor/lib/test/auto/Const.xml
1 ms. Memory: 310272K Free: 115712K (37%)
----------------- Invoking toplevel() on ptolemy.moml.MoMLSimpleApplication@34f0e2c2
----------------- Done invoking toplevel() on ptolemy.moml.MoMLSimpleApplication@34f0e2c2
reloadAllAccessors: .Const

===========================================================================================
----------------- testing Thu Oct 01 16:26:52 UTC 2020 /home/travis/build/icyphy/ptII/ptolemy/actor/lib/test/auto/Const2.xml
----------------- Instantiating /home/travis/build/icyphy/ptII/ptolemy/actor/lib/test/auto/Const2.xml
1 ms. Memory: 310272K Free: 111616K (36%)
----------------- Invoking toplevel() on ptolemy.moml.MoMLSimpleApplication@1ca354b
----------------- Done invoking toplevel() on ptolemy.moml.MoMLSimpleApplication@1ca354b
reloadAllAccessors: .Const2

===========================================================================================
----------------- testing Thu Oct 01 16:26:52 UTC 2020 /home/travis/build/icyphy/ptII/ptolemy/actor/lib/test/auto/Const3.xml
----------------- Instantiating /home/travis/build/icyphy/ptII/ptolemy/actor/lib/test/auto/Const3.xml
0 ms. Memory: 310272K Free: 109054K (35%)
----------------- Invoking toplevel() on ptolemy.moml.MoMLSimpleApplication@43ead488
----------------- Done invoking toplevel() on ptolemy.moml.MoMLSimpleApplication@43ead488
reloadAllAccessors: .Const3

===========================================================================================
----------------- testing Thu Oct 01 16:26:52 UTC 2020 /home/travis/build/icyphy/ptII/ptolemy/actor/lib/test/auto/ConstantPublisherPort1.xml
----------------- Instantiating /home/travis/build/icyphy/ptII/ptolemy/actor/lib/test/auto/ConstantPublisherPort1.xml
9 ms. Memory: 310272K Free: 100352K (32%)
----------------- Invoking toplevel() on ptolemy.moml.MoMLSimpleApplication@459cdca1
----------------- Done invoking toplevel() on ptolemy.moml.MoMLSimpleApplication@459cdca1
reloadAllAccessors: .ConstantPublisherPort1

===========================================================================================
----------------- testing Thu Oct 01 16:26:52 UTC 2020 /home/travis/build/icyphy/ptII/ptolemy/actor/lib/test/auto/ConstantPublisherPort2.xml
----------------- Instantiating /home/travis/build/icyphy/ptII/ptolemy/actor/lib/test/auto/ConstantPublisherPort2.xml
11 ms. Memory: 310272K Free: 92670K (30%)
----------------- Invoking toplevel() on ptolemy.moml.MoMLSimpleApplication@2676dc
----------------- Done invoking toplevel() on ptolemy.moml.MoMLSimpleApplication@2676dc
reloadAllAccessors: .ConstantPublisherPort2

===========================================================================================
----------------- testing Thu Oct 01 16:26:52 UTC 2020 /home/travis/build/icyphy/ptII/ptolemy/actor/lib/test/auto/ConstantPublisherPort3.xml
----------------- Instantiating /home/travis/build/icyphy/ptII/ptolemy/actor/lib/test/auto/ConstantPublisherPort3.xml
4 ms. Memory: 310272K Free: 84992K (27%)
----------------- Invoking toplevel() on ptolemy.moml.MoMLSimpleApplication@11bbe69d
----------------- Done invoking toplevel() on ptolemy.moml.MoMLSimpleApplication@11bbe69d
reloadAllAccessors: .ConstantPublisherPort3

===========================================================================================
----------------- testing Thu Oct 01 16:26:52 UTC 2020 /home/travis/build/icyphy/ptII/ptolemy/actor/lib/test/auto/ConstantPublisherPort4.xml
----------------- Instantiating /home/travis/build/icyphy/ptII/ptolemy/actor/lib/test/auto/ConstantPublisherPort4.xml
12 ms. Memory: 310272K Free: 260641K (84%)
----------------- Invoking toplevel() on ptolemy.moml.MoMLSimpleApplication@1b5eb5b5
----------------- Done invoking toplevel() on ptolemy.moml.MoMLSimpleApplication@1b5eb5b5
reloadAllAccessors: .ConstantPublisherPort4

===========================================================================================
----------------- testing Thu Oct 01 16:26:52 UTC 2020 /home/travis/build/icyphy/ptII/ptolemy/actor/lib/test/auto/ConstantPublisherPort5.xml
----------------- Instantiating /home/travis/build/icyphy/ptII/ptolemy/actor/lib/test/auto/ConstantPublisherPort5.xml
24 ms. Memory: 310272K Free: 250400K (81%)
----------------- Invoking toplevel() on ptolemy.moml.MoMLSimpleApplication@22d44f
----------------- Done invoking toplevel() on ptolemy.moml.MoMLSimpleApplication@22d44f
reloadAllAccessors: .ConstantPublisherPort5

===========================================================================================
----------------- testing Thu Oct 01 16:26:52 UTC 2020 /home/travis/build/icyphy/ptII/ptolemy/actor/lib/test/auto/ConstantPublisherPort6.xml
----------------- Instantiating /home/travis/build/icyphy/ptII/ptolemy/actor/lib/test/auto/ConstantPublisherPort6.xml
18 ms. Memory: 310272K Free: 241184K (78%)
----------------- Invoking toplevel() on ptolemy.moml.MoMLSimpleApplication@7ab9c173
----------------- Done invoking toplevel() on ptolemy.moml.MoMLSimpleApplication@7ab9c173
reloadAllAccessors: .ConstantPublisherPort6

===========================================================================================
----------------- testing Thu Oct 01 16:26:52 UTC 2020 /home/travis/build/icyphy/ptII/ptolemy/actor/lib/test/auto/ConstantPublisherPort7.xml
----------------- Instantiating /home/travis/build/icyphy/ptII/ptolemy/actor/lib/test/auto/ConstantPublisherPort7.xml
18 ms. Memory: 310272K Free: 231454K (75%)
----------------- Invoking toplevel() on ptolemy.moml.MoMLSimpleApplication@b09e259
----------------- Done invoking toplevel() on ptolemy.moml.MoMLSimpleApplication@b09e259
reloadAllAccessors: .ConstantPublisherPort7

===========================================================================================
----------------- testing Thu Oct 01 16:26:52 UTC 2020 /home/travis/build/icyphy/ptII/ptolemy/actor/lib/test/auto/ConstraintMonitor1.xml
----------------- Instantiating /home/travis/build/icyphy/ptII/ptolemy/actor/lib/test/auto/ConstraintMonitor1.xml
6 ms. Memory: 310272K Free: 226334K (73%)
----------------- Invoking toplevel() on ptolemy.moml.MoMLSimpleApplication@249abe80
----------------- Done invoking toplevel() on ptolemy.moml.MoMLSimpleApplication@249abe80
reloadAllAccessors: .ConstraintMonitor1

===========================================================================================
----------------- testing Thu Oct 01 16:26:52 UTC 2020 /home/travis/build/icyphy/ptII/ptolemy/actor/lib/test/auto/ConstraintMonitor2.xml
----------------- Instantiating /home/travis/build/icyphy/ptII/ptolemy/actor/lib/test/auto/ConstraintMonitor2.xml
5 ms. Memory: 310272K Free: 222238K (72%)
----------------- Invoking toplevel() on ptolemy.moml.MoMLSimpleApplication@78db5296
----------------- Done invoking toplevel() on ptolemy.moml.MoMLSimpleApplication@78db5296
reloadAllAccessors: .ConstraintMonitor2

===========================================================================================
----------------- testing Thu Oct 01 16:26:52 UTC 2020 /home/travis/build/icyphy/ptII/ptolemy/actor/lib/test/auto/ConstraintMonitor3.xml
----------------- Instantiating /home/travis/build/icyphy/ptII/ptolemy/actor/lib/test/auto/ConstraintMonitor3.xml
1 ms. Memory: 310272K Free: 217632K (70%)
----------------- Invoking toplevel() on ptolemy.moml.MoMLSimpleApplication@50732d89
----------------- Done invoking toplevel() on ptolemy.moml.MoMLSimpleApplication@50732d89
reloadAllAccessors: .ConstraintMonitor3

===========================================================================================
----------------- testing Thu Oct 01 16:26:52 UTC 2020 /home/travis/build/icyphy/ptII/ptolemy/actor/lib/test/auto/ConstraintMonitor4.xml
----------------- Instantiating /home/travis/build/icyphy/ptII/ptolemy/actor/lib/test/auto/ConstraintMonitor4.xml
5 ms. Memory: 310272K Free: 212512K (68%)
----------------- Invoking toplevel() on ptolemy.moml.MoMLSimpleApplication@9230cc7
----------------- Done invoking toplevel() on ptolemy.moml.MoMLSimpleApplication@9230cc7
reloadAllAccessors: .ConstraintMonitor4

===========================================================================================
----------------- testing Thu Oct 01 16:26:52 UTC 2020 /home/travis/build/icyphy/ptII/ptolemy/actor/lib/test/auto/ConstraintMonitor5.xml
----------------- Instantiating /home/travis/build/icyphy/ptII/ptolemy/actor/lib/test/auto/ConstraintMonitor5.xml
4 ms. Memory: 310272K Free: 207902K (67%)
----------------- Invoking toplevel() on ptolemy.moml.MoMLSimpleApplication@1a13b73
----------------- Done invoking toplevel() on ptolemy.moml.MoMLSimpleApplication@1a13b73
reloadAllAccessors: .ConstraintMonitor5

===========================================================================================
----------------- testing Thu Oct 01 16:26:52 UTC 2020 /home/travis/build/icyphy/ptII/ptolemy/actor/lib/test/auto/ConstraintMonitor6.xml
----------------- Instantiating /home/travis/build/icyphy/ptII/ptolemy/actor/lib/test/auto/ConstraintMonitor6.xml
5 ms. Memory: 310272K Free: 201744K (65%)
----------------- Invoking toplevel() on ptolemy.moml.MoMLSimpleApplication@14992c67
----------------- Done invoking toplevel() on ptolemy.moml.MoMLSimpleApplication@14992c67
reloadAllAccessors: .ConstraintMonitor6

===========================================================================================
----------------- testing Thu Oct 01 16:26:52 UTC 2020 /home/travis/build/icyphy/ptII/ptolemy/actor/lib/test/auto/ConstraintMonitor7.xml
----------------- Instantiating /home/travis/build/icyphy/ptII/ptolemy/actor/lib/test/auto/ConstraintMonitor7.xml
5 ms. Memory: 310272K Free: 195608K (63%)
----------------- Invoking toplevel() on ptolemy.moml.MoMLSimpleApplication@6bc6e32a
----------------- Done invoking toplevel() on ptolemy.moml.MoMLSimpleApplication@6bc6e32a
reloadAllAccessors: .ConstraintMonitor7

===========================================================================================
----------------- testing Thu Oct 01 16:26:52 UTC 2020 /home/travis/build/icyphy/ptII/ptolemy/actor/lib/test/auto/ConstraintMonitor8.xml
----------------- Instantiating /home/travis/build/icyphy/ptII/ptolemy/actor/lib/test/auto/ConstraintMonitor8.xml
6 ms. Memory: 310272K Free: 187936K (61%)
----------------- Invoking toplevel() on ptolemy.moml.MoMLSimpleApplication@7bf3b382
----------------- Done invoking toplevel() on ptolemy.moml.MoMLSimpleApplication@7bf3b382
reloadAllAccessors: .ConstraintMonitor8

===========================================================================================
----------------- testing Thu Oct 01 16:26:52 UTC 2020 /home/travis/build/icyphy/ptII/ptolemy/actor/lib/test/auto/Counter.xml
----------------- Instantiating /home/travis/build/icyphy/ptII/ptolemy/actor/lib/test/auto/Counter.xml
2 ms. Memory: 310272K Free: 183326K (59%)
----------------- Invoking toplevel() on ptolemy.moml.MoMLSimpleApplication@68b580df
----------------- Done invoking toplevel() on ptolemy.moml.MoMLSimpleApplication@68b580df
reloadAllAccessors: .Counter

===========================================================================================
----------------- testing Thu Oct 01 16:26:52 UTC 2020 /home/travis/build/icyphy/ptII/ptolemy/actor/lib/test/auto/CurrentTimeSDF.xml
----------------- Instantiating /home/travis/build/icyphy/ptII/ptolemy/actor/lib/test/auto/CurrentTimeSDF.xml
1 ms. Memory: 310272K Free: 179230K (58%)
----------------- Invoking toplevel() on ptolemy.moml.MoMLSimpleApplication@702c9a8a
----------------- Done invoking toplevel() on ptolemy.moml.MoMLSimpleApplication@702c9a8a
reloadAllAccessors: .CurrentTimeSDF

===========================================================================================
----------------- testing Thu Oct 01 16:26:52 UTC 2020 /home/travis/build/icyphy/ptII/ptolemy/actor/lib/test/auto/DB.xml
----------------- Instantiating /home/travis/build/icyphy/ptII/ptolemy/actor/lib/test/auto/DB.xml
2 ms. Memory: 310272K Free: 174110K (56%)
----------------- Invoking toplevel() on ptolemy.moml.MoMLSimpleApplication@20b804
----------------- Done invoking toplevel() on ptolemy.moml.MoMLSimpleApplication@20b804
reloadAllAccessors: .DB

===========================================================================================
----------------- testing Thu Oct 01 16:26:52 UTC 2020 /home/travis/build/icyphy/ptII/ptolemy/actor/lib/test/auto/DBDE.xml
----------------- Instantiating /home/travis/build/icyphy/ptII/ptolemy/actor/lib/test/auto/DBDE.xml
2 ms. Memory: 310272K Free: 168480K (54%)
----------------- Invoking toplevel() on ptolemy.moml.MoMLSimpleApplication@4920e549
----------------- Done invoking toplevel() on ptolemy.moml.MoMLSimpleApplication@4920e549
reloadAllAccessors: .DBDE

===========================================================================================
----------------- testing Thu Oct 01 16:26:52 UTC 2020 /home/travis/build/icyphy/ptII/ptolemy/actor/lib/test/auto/DateConstructor.xml
----------------- Instantiating /home/travis/build/icyphy/ptII/ptolemy/actor/lib/test/auto/DateConstructor.xml
25 ms. Memory: 310272K Free: 150558K (49%)
----------------- Invoking toplevel() on ptolemy.moml.MoMLSimpleApplication@7ed8d772
----------------- Done invoking toplevel() on ptolemy.moml.MoMLSimpleApplication@7ed8d772
reloadAllAccessors: .DateConstructor

===========================================================================================
----------------- testing Thu Oct 01 16:26:52 UTC 2020 /home/travis/build/icyphy/ptII/ptolemy/actor/lib/test/auto/DelayTime.xml
----------------- Instantiating /home/travis/build/icyphy/ptII/ptolemy/actor/lib/test/auto/DelayTime.xml
6 ms. Memory: 310272K Free: 145438K (47%)
----------------- Invoking toplevel() on ptolemy.moml.MoMLSimpleApplication@262f9231
----------------- Done invoking toplevel() on ptolemy.moml.MoMLSimpleApplication@262f9231
reloadAllAccessors: .DelayTime

===========================================================================================
----------------- testing Thu Oct 01 16:26:52 UTC 2020 /home/travis/build/icyphy/ptII/ptolemy/actor/lib/test/auto/Dictionary1.xml
----------------- Instantiating /home/travis/build/icyphy/ptII/ptolemy/actor/lib/test/auto/Dictionary1.xml
2 ms. Memory: 310272K Free: 140832K (45%)
----------------- Invoking toplevel() on ptolemy.moml.MoMLSimpleApplication@b2d6ff7
----------------- Done invoking toplevel() on ptolemy.moml.MoMLSimpleApplication@b2d6ff7
reloadAllAccessors: .Dictionary1

===========================================================================================
----------------- testing Thu Oct 01 16:26:52 UTC 2020 /home/travis/build/icyphy/ptII/ptolemy/actor/lib/test/auto/Dictionary2.xml
----------------- Instantiating /home/travis/build/icyphy/ptII/ptolemy/actor/lib/test/auto/Dictionary2.xml
4 ms. Memory: 310272K Free: 135198K (44%)
----------------- Invoking toplevel() on ptolemy.moml.MoMLSimpleApplication@6daa790c
----------------- Done invoking toplevel() on ptolemy.moml.MoMLSimpleApplication@6daa790c
reloadAllAccessors: .Dictionary2

===========================================================================================
----------------- testing Thu Oct 01 16:26:53 UTC 2020 /home/travis/build/icyphy/ptII/ptolemy/actor/lib/test/auto/Dictionary3.xml
----------------- Instantiating /home/travis/build/icyphy/ptII/ptolemy/actor/lib/test/auto/Dictionary3.xml
2 ms. Memory: 310272K Free: 129568K (42%)
----------------- Invoking toplevel() on ptolemy.moml.MoMLSimpleApplication@e478ca0
----------------- Done invoking toplevel() on ptolemy.moml.MoMLSimpleApplication@e478ca0
reloadAllAccessors: .Dictionary3

===========================================================================================
----------------- testing Thu Oct 01 16:26:53 UTC 2020 /home/travis/build/icyphy/ptII/ptolemy/actor/lib/test/auto/Dictionary4.xml
----------------- Instantiating /home/travis/build/icyphy/ptII/ptolemy/actor/lib/test/auto/Dictionary4.xml
5 ms. Memory: 310272K Free: 122400K (39%)
----------------- Invoking toplevel() on ptolemy.moml.MoMLSimpleApplication@50c1ce73
----------------- Done invoking toplevel() on ptolemy.moml.MoMLSimpleApplication@50c1ce73
reloadAllAccessors: .Dictionary4

===========================================================================================
----------------- testing Thu Oct 01 16:26:53 UTC 2020 /home/travis/build/icyphy/ptII/ptolemy/actor/lib/test/auto/Differential.xml
----------------- Instantiating /home/travis/build/icyphy/ptII/ptolemy/actor/lib/test/auto/Differential.xml
3 ms. Memory: 310272K Free: 118304K (38%)
----------------- Invoking toplevel() on ptolemy.moml.MoMLSimpleApplication@6f3bd3d2
----------------- Done invoking toplevel() on ptolemy.moml.MoMLSimpleApplication@6f3bd3d2
reloadAllAccessors: .Differential

===========================================================================================
----------------- testing Thu Oct 01 16:26:53 UTC 2020 /home/travis/build/icyphy/ptII/ptolemy/actor/lib/test/auto/Director.xml
----------------- Instantiating /home/travis/build/icyphy/ptII/ptolemy/actor/lib/test/auto/Director.xml
4 ms. Memory: 310272K Free: 114718K (37%)
----------------- Invoking toplevel() on ptolemy.moml.MoMLSimpleApplication@7f1be212
----------------- Done invoking toplevel() on ptolemy.moml.MoMLSimpleApplication@7f1be212
reloadAllAccessors: .Director

===========================================================================================
----------------- testing Thu Oct 01 16:26:53 UTC 2020 /home/travis/build/icyphy/ptII/ptolemy/actor/lib/test/auto/DiscreteClock.xml
----------------- Instantiating /home/travis/build/icyphy/ptII/ptolemy/actor/lib/test/auto/DiscreteClock.xml
2 ms. Memory: 310272K Free: 110622K (36%)
----------------- Invoking toplevel() on ptolemy.moml.MoMLSimpleApplication@50b376d8
----------------- Done invoking toplevel() on ptolemy.moml.MoMLSimpleApplication@50b376d8
reloadAllAccessors: .DiscreteClock

===========================================================================================
----------------- testing Thu Oct 01 16:26:53 UTC 2020 /home/travis/build/icyphy/ptII/ptolemy/actor/lib/test/auto/DiscreteClock10.xml
----------------- Instantiating /home/travis/build/icyphy/ptII/ptolemy/actor/lib/test/auto/DiscreteClock10.xml
1 ms. Memory: 310272K Free: 104992K (34%)
----------------- Invoking toplevel() on ptolemy.moml.MoMLSimpleApplication@80cc229
----------------- Done invoking toplevel() on ptolemy.moml.MoMLSimpleApplication@80cc229
reloadAllAccessors: .DiscreteClock10

===========================================================================================
----------------- testing Thu Oct 01 16:26:53 UTC 2020 /home/travis/build/icyphy/ptII/ptolemy/actor/lib/test/auto/DiscreteClock11.xml
----------------- Instantiating /home/travis/build/icyphy/ptII/ptolemy/actor/lib/test/auto/DiscreteClock11.xml
2 ms. Memory: 310272K Free: 98848K (32%)
----------------- Invoking toplevel() on ptolemy.moml.MoMLSimpleApplication@1cc20e2f
----------------- Done invoking toplevel() on ptolemy.moml.MoMLSimpleApplication@1cc20e2f
reloadAllAccessors: .DiscreteClock11

===========================================================================================
----------------- testing Thu Oct 01 16:26:53 UTC 2020 /home/travis/build/icyphy/ptII/ptolemy/actor/lib/test/auto/DiscreteClock12.xml
----------------- Instantiating /home/travis/build/icyphy/ptII/ptolemy/actor/lib/test/auto/DiscreteClock12.xml
2 ms. Memory: 310272K Free: 92704K (30%)
----------------- Invoking toplevel() on ptolemy.moml.MoMLSimpleApplication@7f63a62e
----------------- Done invoking toplevel() on ptolemy.moml.MoMLSimpleApplication@7f63a62e
reloadAllAccessors: .DiscreteClock12

===========================================================================================
----------------- testing Thu Oct 01 16:26:53 UTC 2020 /home/travis/build/icyphy/ptII/ptolemy/actor/lib/test/auto/DiscreteClock13.xml
----------------- Instantiating /home/travis/build/icyphy/ptII/ptolemy/actor/lib/test/auto/DiscreteClock13.xml
2 ms. Memory: 310272K Free: 86560K (28%)
----------------- Invoking toplevel() on ptolemy.moml.MoMLSimpleApplication@21847ac2
----------------- Done invoking toplevel() on ptolemy.moml.MoMLSimpleApplication@21847ac2
reloadAllAccessors: .DiscreteClock13

===========================================================================================
----------------- testing Thu Oct 01 16:26:53 UTC 2020 /home/travis/build/icyphy/ptII/ptolemy/actor/lib/test/auto/DiscreteClock14.xml
----------------- Instantiating /home/travis/build/icyphy/ptII/ptolemy/actor/lib/test/auto/DiscreteClock14.xml
4 ms. Memory: 310272K Free: 80896K (26%)
----------------- Invoking toplevel() on ptolemy.moml.MoMLSimpleApplication@5661d50
----------------- Done invoking toplevel() on ptolemy.moml.MoMLSimpleApplication@5661d50
reloadAllAccessors: .DiscreteClock14

===========================================================================================
----------------- testing Thu Oct 01 16:26:53 UTC 2020 /home/travis/build/icyphy/ptII/ptolemy/actor/lib/test/auto/DiscreteClock15.xml
----------------- Instantiating /home/travis/build/icyphy/ptII/ptolemy/actor/lib/test/auto/DiscreteClock15.xml
6 ms. Memory: 310272K Free: 257000K (83%)
----------------- Invoking toplevel() on ptolemy.moml.MoMLSimpleApplication@1a3e4142
----------------- Done invoking toplevel() on ptolemy.moml.MoMLSimpleApplication@1a3e4142
reloadAllAccessors: .DiscreteClock15

===========================================================================================
----------------- testing Thu Oct 01 16:26:53 UTC 2020 /home/travis/build/icyphy/ptII/ptolemy/actor/lib/test/auto/DiscreteClock16.xml
----------------- Instantiating /home/travis/build/icyphy/ptII/ptolemy/actor/lib/test/auto/DiscreteClock16.xml
19 ms. Memory: 310272K Free: 243184K (78%)
----------------- Invoking toplevel() on ptolemy.moml.MoMLSimpleApplication@549a631d
----------------- Done invoking toplevel() on ptolemy.moml.MoMLSimpleApplication@549a631d
reloadAllAccessors: .DiscreteClock16

===========================================================================================
----------------- testing Thu Oct 01 16:26:53 UTC 2020 /home/travis/build/icyphy/ptII/ptolemy/actor/lib/test/auto/DiscreteClock17.xml
----------------- Instantiating /home/travis/build/icyphy/ptII/ptolemy/actor/lib/test/auto/DiscreteClock17.xml
15 ms. Memory: 310272K Free: 229344K (74%)
----------------- Invoking toplevel() on ptolemy.moml.MoMLSimpleApplication@4ddbf57a
----------------- Done invoking toplevel() on ptolemy.moml.MoMLSimpleApplication@4ddbf57a
reloadAllAccessors: .DiscreteClock17

===========================================================================================
----------------- testing Thu Oct 01 16:26:53 UTC 2020 /home/travis/build/icyphy/ptII/ptolemy/actor/lib/test/auto/DiscreteClock18.xml
----------------- Instantiating /home/travis/build/icyphy/ptII/ptolemy/actor/lib/test/auto/DiscreteClock18.xml
23 ms. Memory: 310272K Free: 216046K (70%)
----------------- Invoking toplevel() on ptolemy.moml.MoMLSimpleApplication@4cd0ccd2
----------------- Done invoking toplevel() on ptolemy.moml.MoMLSimpleApplication@4cd0ccd2
reloadAllAccessors: .DiscreteClock18

===========================================================================================
----------------- testing Thu Oct 01 16:26:53 UTC 2020 /home/travis/build/icyphy/ptII/ptolemy/actor/lib/test/auto/DiscreteClock19.xml
----------------- Instantiating /home/travis/build/icyphy/ptII/ptolemy/actor/lib/test/auto/DiscreteClock19.xml
19 ms. Memory: 310272K Free: 202224K (65%)
----------------- Invoking toplevel() on ptolemy.moml.MoMLSimpleApplication@5175ebb9
----------------- Done invoking toplevel() on ptolemy.moml.MoMLSimpleApplication@5175ebb9
reloadAllAccessors: .DiscreteClock19

===========================================================================================
----------------- testing Thu Oct 01 16:26:53 UTC 2020 /home/travis/build/icyphy/ptII/ptolemy/actor/lib/test/auto/DiscreteClock2.xml
----------------- Instantiating /home/travis/build/icyphy/ptII/ptolemy/actor/lib/test/auto/DiscreteClock2.xml
5 ms. Memory: 310272K Free: 197584K (64%)
----------------- Invoking toplevel() on ptolemy.moml.MoMLSimpleApplication@7c1c1176
----------------- Done invoking toplevel() on ptolemy.moml.MoMLSimpleApplication@7c1c1176
reloadAllAccessors: .DiscreteClock2

===========================================================================================
----------------- testing Thu Oct 01 16:26:53 UTC 2020 /home/travis/build/icyphy/ptII/ptolemy/actor/lib/test/auto/DiscreteClock20.xml
----------------- Instantiating /home/travis/build/icyphy/ptII/ptolemy/actor/lib/test/auto/DiscreteClock20.xml
8 ms. Memory: 310272K Free: 191984K (62%)
----------------- Invoking toplevel() on ptolemy.moml.MoMLSimpleApplication@791aad64
----------------- Done invoking toplevel() on ptolemy.moml.MoMLSimpleApplication@791aad64
reloadAllAccessors: .DiscreteClock20

===========================================================================================
----------------- testing Thu Oct 01 16:26:53 UTC 2020 /home/travis/build/icyphy/ptII/ptolemy/actor/lib/test/auto/DiscreteClock21.xml
----------------- Instantiating /home/travis/build/icyphy/ptII/ptolemy/actor/lib/test/auto/DiscreteClock21.xml
5 ms. Memory: 310272K Free: 186350K (60%)
----------------- Invoking toplevel() on ptolemy.moml.MoMLSimpleApplication@65266f87
----------------- Done invoking toplevel() on ptolemy.moml.MoMLSimpleApplication@65266f87
reloadAllAccessors: .DiscreteClock21

===========================================================================================
----------------- testing Thu Oct 01 16:26:53 UTC 2020 /home/travis/build/icyphy/ptII/ptolemy/actor/lib/test/auto/DiscreteClock22.xml
----------------- Instantiating /home/travis/build/icyphy/ptII/ptolemy/actor/lib/test/auto/DiscreteClock22.xml
5 ms. Memory: 310272K Free: 180720K (58%)
----------------- Invoking toplevel() on ptolemy.moml.MoMLSimpleApplication@4c11f6ed
----------------- Done invoking toplevel() on ptolemy.moml.MoMLSimpleApplication@4c11f6ed
reloadAllAccessors: .DiscreteClock22

===========================================================================================
----------------- testing Thu Oct 01 16:26:53 UTC 2020 /home/travis/build/icyphy/ptII/ptolemy/actor/lib/test/auto/DiscreteClock23.xml
----------------- Instantiating /home/travis/build/icyphy/ptII/ptolemy/actor/lib/test/auto/DiscreteClock23.xml
9 ms. Memory: 310272K Free: 175600K (57%)
----------------- Invoking toplevel() on ptolemy.moml.MoMLSimpleApplication@398ad115
----------------- Done invoking toplevel() on ptolemy.moml.MoMLSimpleApplication@398ad115
reloadAllAccessors: .DiscreteClock23

===========================================================================================
----------------- testing Thu Oct 01 16:26:53 UTC 2020 /home/travis/build/icyphy/ptII/ptolemy/actor/lib/test/auto/DiscreteClock24.xml
----------------- Instantiating /home/travis/build/icyphy/ptII/ptolemy/actor/lib/test/auto/DiscreteClock24.xml
4 ms. Memory: 310272K Free: 169966K (55%)
----------------- Invoking toplevel() on ptolemy.moml.MoMLSimpleApplication@3796b038
----------------- Done invoking toplevel() on ptolemy.moml.MoMLSimpleApplication@3796b038
reloadAllAccessors: .DiscreteClock24

===========================================================================================
----------------- testing Thu Oct 01 16:26:53 UTC 2020 /home/travis/build/icyphy/ptII/ptolemy/actor/lib/test/auto/DiscreteClock4.xml
----------------- Instantiating /home/travis/build/icyphy/ptII/ptolemy/actor/lib/test/auto/DiscreteClock4.xml
3 ms. Memory: 310272K Free: 164336K (53%)
----------------- Invoking toplevel() on ptolemy.moml.MoMLSimpleApplication@40c27d5c
----------------- Done invoking toplevel() on ptolemy.moml.MoMLSimpleApplication@40c27d5c
reloadAllAccessors: .DiscreteClock4

===========================================================================================
----------------- testing Thu Oct 01 16:26:53 UTC 2020 /home/travis/build/icyphy/ptII/ptolemy/actor/lib/test/auto/DiscreteClock5.xml
----------------- Instantiating /home/travis/build/icyphy/ptII/ptolemy/actor/lib/test/auto/DiscreteClock5.xml
1 ms. Memory: 310272K Free: 158688K (51%)
----------------- Invoking toplevel() on ptolemy.moml.MoMLSimpleApplication@5755e64b
----------------- Done invoking toplevel() on ptolemy.moml.MoMLSimpleApplication@5755e64b
reloadAllAccessors: .DiscreteClock5

===========================================================================================
----------------- testing Thu Oct 01 16:26:53 UTC 2020 /home/travis/build/icyphy/ptII/ptolemy/actor/lib/test/auto/DiscreteClock6.xml
----------------- Instantiating /home/travis/build/icyphy/ptII/ptolemy/actor/lib/test/auto/DiscreteClock6.xml
1 ms. Memory: 310272K Free: 155120K (50%)
----------------- Invoking toplevel() on ptolemy.moml.MoMLSimpleApplication@3b10d7d5
----------------- Done invoking toplevel() on ptolemy.moml.MoMLSimpleApplication@3b10d7d5
reloadAllAccessors: .DiscreteClock6

===========================================================================================
----------------- testing Thu Oct 01 16:26:53 UTC 2020 /home/travis/build/icyphy/ptII/ptolemy/actor/lib/test/auto/DiscreteClock7.xml
----------------- Instantiating /home/travis/build/icyphy/ptII/ptolemy/actor/lib/test/auto/DiscreteClock7.xml
1 ms. Memory: 310272K Free: 150510K (49%)
----------------- Invoking toplevel() on ptolemy.moml.MoMLSimpleApplication@76c8a731
----------------- Done invoking toplevel() on ptolemy.moml.MoMLSimpleApplication@76c8a731
reloadAllAccessors: .DiscreteClock7

===========================================================================================
----------------- testing Thu Oct 01 16:26:53 UTC 2020 /home/travis/build/icyphy/ptII/ptolemy/actor/lib/test/auto/DiscreteClock8.xml
----------------- Instantiating /home/travis/build/icyphy/ptII/ptolemy/actor/lib/test/auto/DiscreteClock8.xml
4 ms. Memory: 310272K Free: 144880K (47%)
----------------- Invoking toplevel() on ptolemy.moml.MoMLSimpleApplication@33e0423
----------------- Done invoking toplevel() on ptolemy.moml.MoMLSimpleApplication@33e0423
reloadAllAccessors: .DiscreteClock8

===========================================================================================
----------------- testing Thu Oct 01 16:26:53 UTC 2020 /home/travis/build/icyphy/ptII/ptolemy/actor/lib/test/auto/DiscreteClock9.xml
----------------- Instantiating /home/travis/build/icyphy/ptII/ptolemy/actor/lib/test/auto/DiscreteClock9.xml
5 ms. Memory: 310272K Free: 138736K (45%)
----------------- Invoking toplevel() on ptolemy.moml.MoMLSimpleApplication@4ce3092d
----------------- Done invoking toplevel() on ptolemy.moml.MoMLSimpleApplication@4ce3092d
reloadAllAccessors: .DiscreteClock9

===========================================================================================
----------------- testing Thu Oct 01 16:26:53 UTC 2020 /home/travis/build/icyphy/ptII/ptolemy/actor/lib/test/auto/DisplayArray.xml
----------------- Instantiating /home/travis/build/icyphy/ptII/ptolemy/actor/lib/test/auto/DisplayArray.xml
1 ms. Memory: 310272K Free: 135150K (44%)
----------------- Invoking toplevel() on ptolemy.moml.MoMLSimpleApplication@6f51e08b
----------------- Done invoking toplevel() on ptolemy.moml.MoMLSimpleApplication@6f51e08b
reloadAllAccessors: .DisplayArray

===========================================================================================
----------------- testing Thu Oct 01 16:26:53 UTC 2020 /home/travis/build/icyphy/ptII/ptolemy/actor/lib/test/auto/Distributor.xml
----------------- Instantiating /home/travis/build/icyphy/ptII/ptolemy/actor/lib/test/auto/Distributor.xml
1 ms. Memory: 310272K Free: 130544K (42%)
----------------- Invoking toplevel() on ptolemy.moml.MoMLSimpleApplication@288628d5
----------------- Done invoking toplevel() on ptolemy.moml.MoMLSimpleApplication@288628d5
reloadAllAccessors: .Distributor

===========================================================================================
----------------- testing Thu Oct 01 16:26:53 UTC 2020 /home/travis/build/icyphy/ptII/ptolemy/actor/lib/test/auto/Distributor2.xml
----------------- Instantiating /home/travis/build/icyphy/ptII/ptolemy/actor/lib/test/auto/Distributor2.xml
2 ms. Memory: 310272K Free: 125424K (40%)
----------------- Invoking toplevel() on ptolemy.moml.MoMLSimpleApplication@1bb7f74c
----------------- Done invoking toplevel() on ptolemy.moml.MoMLSimpleApplication@1bb7f74c
reloadAllAccessors: .Distributor2

===========================================================================================
----------------- testing Thu Oct 01 16:26:53 UTC 2020 /home/travis/build/icyphy/ptII/ptolemy/actor/lib/test/auto/DownSample.xml
----------------- Instantiating /home/travis/build/icyphy/ptII/ptolemy/actor/lib/test/auto/DownSample.xml
1 ms. Memory: 310272K Free: 120814K (39%)
----------------- Invoking toplevel() on ptolemy.moml.MoMLSimpleApplication@538f4096
----------------- Done invoking toplevel() on ptolemy.moml.MoMLSimpleApplication@538f4096
reloadAllAccessors: .DownSample

===========================================================================================
----------------- testing Thu Oct 01 16:26:53 UTC 2020 /home/travis/build/icyphy/ptII/ptolemy/actor/lib/test/auto/ElectronicUnitBase1.xml
----------------- Instantiating /home/travis/build/icyphy/ptII/ptolemy/actor/lib/test/auto/ElectronicUnitBase1.xml
17 ms. Memory: 310272K Free: 104944K (34%)
----------------- Invoking toplevel() on ptolemy.moml.MoMLSimpleApplication@76f467a5
----------------- Done invoking toplevel() on ptolemy.moml.MoMLSimpleApplication@76f467a5
reloadAllAccessors: .ElectronicUnitBase1

===========================================================================================
----------------- testing Thu Oct 01 16:26:53 UTC 2020 /home/travis/build/icyphy/ptII/ptolemy/actor/lib/test/auto/ElementsToArray.xml
----------------- Instantiating /home/travis/build/icyphy/ptII/ptolemy/actor/lib/test/auto/ElementsToArray.xml
2 ms. Memory: 310272K Free: 99824K (32%)
----------------- Invoking toplevel() on ptolemy.moml.MoMLSimpleApplication@1f02777c
----------------- Done invoking toplevel() on ptolemy.moml.MoMLSimpleApplication@1f02777c
reloadAllAccessors: .ElementsToArray

===========================================================================================
----------------- testing Thu Oct 01 16:26:53 UTC 2020 /home/travis/build/icyphy/ptII/ptolemy/actor/lib/test/auto/Equals.xml
----------------- Instantiating /home/travis/build/icyphy/ptII/ptolemy/actor/lib/test/auto/Equals.xml
2 ms. Memory: 310272K Free: 95728K (31%)
----------------- Invoking toplevel() on ptolemy.moml.MoMLSimpleApplication@58e0293a
----------------- Done invoking toplevel() on ptolemy.moml.MoMLSimpleApplication@58e0293a
reloadAllAccessors: .Equals

===========================================================================================
----------------- testing Thu Oct 01 16:26:53 UTC 2020 /home/travis/build/icyphy/ptII/ptolemy/actor/lib/test/auto/Exec.xml
----------------- Instantiating /home/travis/build/icyphy/ptII/ptolemy/actor/lib/test/auto/Exec.xml
16 ms. Memory: 310272K Free: 90094K (29%)
----------------- Invoking toplevel() on ptolemy.moml.MoMLSimpleApplication@8d1ead3
----------------- Done invoking toplevel() on ptolemy.moml.MoMLSimpleApplication@8d1ead3
reloadAllAccessors: .Exec

===========================================================================================
----------------- testing Thu Oct 01 16:26:53 UTC 2020 /home/travis/build/icyphy/ptII/ptolemy/actor/lib/test/auto/ExecEnvironment.xml
----------------- Instantiating /home/travis/build/icyphy/ptII/ptolemy/actor/lib/test/auto/ExecEnvironment.xml
26 ms. Memory: 310272K Free: 84462K (27%)
----------------- Invoking toplevel() on ptolemy.moml.MoMLSimpleApplication@378288e7
----------------- Done invoking toplevel() on ptolemy.moml.MoMLSimpleApplication@378288e7
reloadAllAccessors: .ExecEnvironment

===========================================================================================
----------------- testing Thu Oct 01 16:26:53 UTC 2020 /home/travis/build/icyphy/ptII/ptolemy/actor/lib/test/auto/ExecNonZeroReturnOutput.xml
----------------- Instantiating /home/travis/build/icyphy/ptII/ptolemy/actor/lib/test/auto/ExecNonZeroReturnOutput.xml
162 ms. Memory: 310272K Free: 255006K (82%)
----------------- Invoking toplevel() on ptolemy.moml.MoMLSimpleApplication@461e218a
----------------- Done invoking toplevel() on ptolemy.moml.MoMLSimpleApplication@461e218a
reloadAllAccessors: .ExecNonZeroReturnOutput

===========================================================================================
----------------- testing Thu Oct 01 16:26:54 UTC 2020 /home/travis/build/icyphy/ptII/ptolemy/actor/lib/test/auto/ExecRunDemos.xml
----------------- Instantiating /home/travis/build/icyphy/ptII/ptolemy/actor/lib/test/auto/ExecRunDemos.xml
Finished: 85 ms. Memory: 129024K Free: 112036K (87%)

Finished: 91 ms. Memory: 129024K Free: 109452K (85%)

Finished: 98 ms. Memory: 129024K Free: 109526K (85%)

Finished: 66 ms. Memory: 129024K Free: 111046K (86%)

Finished: 72 ms. Memory: 129024K Free: 112053K (87%)

10080 ms. Memory: 310272K Free: 233500K (75%)
----------------- Invoking toplevel() on ptolemy.moml.MoMLSimpleApplication@6780e4f5
----------------- Done invoking toplevel() on ptolemy.moml.MoMLSimpleApplication@6780e4f5
reloadAllAccessors: .ExecRunDemos

===========================================================================================
----------------- testing Thu Oct 01 16:27:04 UTC 2020 /home/travis/build/icyphy/ptII/ptolemy/actor/lib/test/auto/ExecStop.xml
----------------- Instantiating /home/travis/build/icyphy/ptII/ptolemy/actor/lib/test/auto/ExecStop.xml
5014 ms. Memory: 310272K Free: 99356K (32%)
----------------- Invoking toplevel() on ptolemy.moml.MoMLSimpleApplication@34da34d9
----------------- Done invoking toplevel() on ptolemy.moml.MoMLSimpleApplication@34da34d9
reloadAllAccessors: .ExecStop

===========================================================================================
----------------- testing Thu Oct 01 16:27:09 UTC 2020 /home/travis/build/icyphy/ptII/ptolemy/actor/lib/test/auto/ExecutionTimeSDF.xml
----------------- Instantiating /home/travis/build/icyphy/ptII/ptolemy/actor/lib/test/auto/ExecutionTimeSDF.xml
Fired ExecutionTime: -791767296
Fired ExecutionTime: 1348400000
Fired ExecutionTime: -124167296
6004 ms. Memory: 310272K Free: 87070K (28%)
----------------- Invoking toplevel() on ptolemy.moml.MoMLSimpleApplication@3db94682
----------------- Done invoking toplevel() on ptolemy.moml.MoMLSimpleApplication@3db94682
reloadAllAccessors: .ExecutionTimeSDF

===========================================================================================
----------------- testing Thu Oct 01 16:27:15 UTC 2020 /home/travis/build/icyphy/ptII/ptolemy/actor/lib/test/auto/Expression1.xml
----------------- Instantiating /home/travis/build/icyphy/ptII/ptolemy/actor/lib/test/auto/Expression1.xml
1 ms. Memory: 310272K Free: 83998K (27%)
----------------- Invoking toplevel() on ptolemy.moml.MoMLSimpleApplication@654c7b26
----------------- Done invoking toplevel() on ptolemy.moml.MoMLSimpleApplication@654c7b26
reloadAllAccessors: .Expression1

===========================================================================================
----------------- testing Thu Oct 01 16:27:15 UTC 2020 /home/travis/build/icyphy/ptII/ptolemy/actor/lib/test/auto/Expression10.xml
----------------- Instantiating /home/travis/build/icyphy/ptII/ptolemy/actor/lib/test/auto/Expression10.xml
11 ms. Memory: 310272K Free: 260822K (84%)
----------------- Invoking toplevel() on ptolemy.moml.MoMLSimpleApplication@1a6dd12c
----------------- Done invoking toplevel() on ptolemy.moml.MoMLSimpleApplication@1a6dd12c
reloadAllAccessors: .Expression10

===========================================================================================
----------------- testing Thu Oct 01 16:27:15 UTC 2020 /home/travis/build/icyphy/ptII/ptolemy/actor/lib/test/auto/Expression11.xml
----------------- Instantiating /home/travis/build/icyphy/ptII/ptolemy/actor/lib/test/auto/Expression11.xml
2 ms. Memory: 310272K Free: 255763K (82%)
----------------- Invoking toplevel() on ptolemy.moml.MoMLSimpleApplication@114b423b
----------------- Done invoking toplevel() on ptolemy.moml.MoMLSimpleApplication@114b423b
reloadAllAccessors: .Expression11

===========================================================================================
----------------- testing Thu Oct 01 16:27:15 UTC 2020 /home/travis/build/icyphy/ptII/ptolemy/actor/lib/test/auto/Expression12.xml
----------------- Instantiating /home/travis/build/icyphy/ptII/ptolemy/actor/lib/test/auto/Expression12.xml
2 ms. Memory: 310272K Free: 250643K (81%)
----------------- Invoking toplevel() on ptolemy.moml.MoMLSimpleApplication@13240342
----------------- Done invoking toplevel() on ptolemy.moml.MoMLSimpleApplication@13240342
reloadAllAccessors: .Expression12

===========================================================================================
----------------- testing Thu Oct 01 16:27:15 UTC 2020 /home/travis/build/icyphy/ptII/ptolemy/actor/lib/test/auto/Expression13.xml
----------------- Instantiating /home/travis/build/icyphy/ptII/ptolemy/actor/lib/test/auto/Expression13.xml
2 ms. Memory: 310272K Free: 245523K (79%)
----------------- Invoking toplevel() on ptolemy.moml.MoMLSimpleApplication@71a8538b
----------------- Done invoking toplevel() on ptolemy.moml.MoMLSimpleApplication@71a8538b
reloadAllAccessors: .Expression13

===========================================================================================
----------------- testing Thu Oct 01 16:27:15 UTC 2020 /home/travis/build/icyphy/ptII/ptolemy/actor/lib/test/auto/Expression14.xml
----------------- Instantiating /home/travis/build/icyphy/ptII/ptolemy/actor/lib/test/auto/Expression14.xml
7 ms. Memory: 310272K Free: 239893K (77%)
----------------- Invoking toplevel() on ptolemy.moml.MoMLSimpleApplication@e73661
----------------- Done invoking toplevel() on ptolemy.moml.MoMLSimpleApplication@e73661
reloadAllAccessors: .Expression14

===========================================================================================
----------------- testing Thu Oct 01 16:27:15 UTC 2020 /home/travis/build/icyphy/ptII/ptolemy/actor/lib/test/auto/Expression15.xml
----------------- Instantiating /home/travis/build/icyphy/ptII/ptolemy/actor/lib/test/auto/Expression15.xml
1 ms. Memory: 310272K Free: 235797K (76%)
----------------- Invoking toplevel() on ptolemy.moml.MoMLSimpleApplication@3991288d
----------------- Done invoking toplevel() on ptolemy.moml.MoMLSimpleApplication@3991288d
reloadAllAccessors: .Expression15

===========================================================================================
----------------- testing Thu Oct 01 16:27:15 UTC 2020 /home/travis/build/icyphy/ptII/ptolemy/actor/lib/test/auto/Expression16.xml
----------------- Instantiating /home/travis/build/icyphy/ptII/ptolemy/actor/lib/test/auto/Expression16.xml
3 ms. Memory: 310272K Free: 230677K (74%)
----------------- Invoking toplevel() on ptolemy.moml.MoMLSimpleApplication@9c2b7a9
----------------- Done invoking toplevel() on ptolemy.moml.MoMLSimpleApplication@9c2b7a9
reloadAllAccessors: .Expression16

===========================================================================================
----------------- testing Thu Oct 01 16:27:15 UTC 2020 /home/travis/build/icyphy/ptII/ptolemy/actor/lib/test/auto/Expression17.xml
----------------- Instantiating /home/travis/build/icyphy/ptII/ptolemy/actor/lib/test/auto/Expression17.xml
3 ms. Memory: 310272K Free: 226067K (73%)
----------------- Invoking toplevel() on ptolemy.moml.MoMLSimpleApplication@1df76624
----------------- Done invoking toplevel() on ptolemy.moml.MoMLSimpleApplication@1df76624
reloadAllAccessors: .Expression17

===========================================================================================
----------------- testing Thu Oct 01 16:27:15 UTC 2020 /home/travis/build/icyphy/ptII/ptolemy/actor/lib/test/auto/Expression18.xml
----------------- Instantiating /home/travis/build/icyphy/ptII/ptolemy/actor/lib/test/auto/Expression18.xml
3 ms. Memory: 310272K Free: 220947K (71%)
----------------- Invoking toplevel() on ptolemy.moml.MoMLSimpleApplication@76d26bab
----------------- Done invoking toplevel() on ptolemy.moml.MoMLSimpleApplication@76d26bab
reloadAllAccessors: .Expression18

===========================================================================================
----------------- testing Thu Oct 01 16:27:15 UTC 2020 /home/travis/build/icyphy/ptII/ptolemy/actor/lib/test/auto/Expression2.xml
----------------- Instantiating /home/travis/build/icyphy/ptII/ptolemy/actor/lib/test/auto/Expression2.xml
2 ms. Memory: 310272K Free: 216341K (70%)
----------------- Invoking toplevel() on ptolemy.moml.MoMLSimpleApplication@706f9ff1
----------------- Done invoking toplevel() on ptolemy.moml.MoMLSimpleApplication@706f9ff1
reloadAllAccessors: .Expression2

===========================================================================================
----------------- testing Thu Oct 01 16:27:15 UTC 2020 /home/travis/build/icyphy/ptII/ptolemy/actor/lib/test/auto/Expression3.xml
----------------- Instantiating /home/travis/build/icyphy/ptII/ptolemy/actor/lib/test/auto/Expression3.xml
5 ms. Memory: 310272K Free: 211221K (68%)
----------------- Invoking toplevel() on ptolemy.moml.MoMLSimpleApplication@7e11c157
----------------- Done invoking toplevel() on ptolemy.moml.MoMLSimpleApplication@7e11c157
reloadAllAccessors: .Expression3

===========================================================================================
----------------- testing Thu Oct 01 16:27:15 UTC 2020 /home/travis/build/icyphy/ptII/ptolemy/actor/lib/test/auto/Expression4.xml
----------------- Instantiating /home/travis/build/icyphy/ptII/ptolemy/actor/lib/test/auto/Expression4.xml
5 ms. Memory: 310272K Free: 204053K (66%)
----------------- Invoking toplevel() on ptolemy.moml.MoMLSimpleApplication@22951597
----------------- Done invoking toplevel() on ptolemy.moml.MoMLSimpleApplication@22951597
reloadAllAccessors: .Expression4

===========================================================================================
----------------- testing Thu Oct 01 16:27:15 UTC 2020 /home/travis/build/icyphy/ptII/ptolemy/actor/lib/test/auto/Expression5.xml
----------------- Instantiating /home/travis/build/icyphy/ptII/ptolemy/actor/lib/test/auto/Expression5.xml
4 ms. Memory: 310272K Free: 198933K (64%)
----------------- Invoking toplevel() on ptolemy.moml.MoMLSimpleApplication@2c642231
----------------- Done invoking toplevel() on ptolemy.moml.MoMLSimpleApplication@2c642231
reloadAllAccessors: .Expression5

===========================================================================================
----------------- testing Thu Oct 01 16:27:15 UTC 2020 /home/travis/build/icyphy/ptII/ptolemy/actor/lib/test/auto/Expression6.xml
----------------- Instantiating /home/travis/build/icyphy/ptII/ptolemy/actor/lib/test/auto/Expression6.xml
2 ms. Memory: 310272K Free: 194323K (63%)
----------------- Invoking toplevel() on ptolemy.moml.MoMLSimpleApplication@50cedc2d
----------------- Done invoking toplevel() on ptolemy.moml.MoMLSimpleApplication@50cedc2d
reloadAllAccessors: .Expression6

===========================================================================================
----------------- testing Thu Oct 01 16:27:15 UTC 2020 /home/travis/build/icyphy/ptII/ptolemy/actor/lib/test/auto/Expression7.xml
----------------- Instantiating /home/travis/build/icyphy/ptII/ptolemy/actor/lib/test/auto/Expression7.xml
2 ms. Memory: 310272K Free: 189717K (61%)
----------------- Invoking toplevel() on ptolemy.moml.MoMLSimpleApplication@451110b9
----------------- Done invoking toplevel() on ptolemy.moml.MoMLSimpleApplication@451110b9
reloadAllAccessors: .Expression7

===========================================================================================
----------------- testing Thu Oct 01 16:27:15 UTC 2020 /home/travis/build/icyphy/ptII/ptolemy/actor/lib/test/auto/Expression8.xml
----------------- Instantiating /home/travis/build/icyphy/ptII/ptolemy/actor/lib/test/auto/Expression8.xml
7 ms. Memory: 310272K Free: 184597K (59%)
----------------- Invoking toplevel() on ptolemy.moml.MoMLSimpleApplication@639ad3cc
----------------- Done invoking toplevel() on ptolemy.moml.MoMLSimpleApplication@639ad3cc
reloadAllAccessors: .Expression8

===========================================================================================
----------------- testing Thu Oct 01 16:27:15 UTC 2020 /home/travis/build/icyphy/ptII/ptolemy/actor/lib/test/auto/Expression9.xml
----------------- Instantiating /home/travis/build/icyphy/ptII/ptolemy/actor/lib/test/auto/Expression9.xml
1 ms. Memory: 310272K Free: 181011K (58%)
----------------- Invoking toplevel() on ptolemy.moml.MoMLSimpleApplication@3b2d0965
----------------- Done invoking toplevel() on ptolemy.moml.MoMLSimpleApplication@3b2d0965
reloadAllAccessors: .Expression9

===========================================================================================
----------------- testing Thu Oct 01 16:27:15 UTC 2020 /home/travis/build/icyphy/ptII/ptolemy/actor/lib/test/auto/ExpressionConcatenateArrayType.xml
----------------- Instantiating /home/travis/build/icyphy/ptII/ptolemy/actor/lib/test/auto/ExpressionConcatenateArrayType.xml
4 ms. Memory: 310272K Free: 174357K (56%)
----------------- Invoking toplevel() on ptolemy.moml.MoMLSimpleApplication@3d4ea7c8
----------------- Done invoking toplevel() on ptolemy.moml.MoMLSimpleApplication@3d4ea7c8
reloadAllAccessors: .ExpressionConcatenateArrayType

===========================================================================================
----------------- testing Thu Oct 01 16:27:15 UTC 2020 /home/travis/build/icyphy/ptII/ptolemy/actor/lib/test/auto/ExpressionConcatenateArrayType2.xml
----------------- Instantiating /home/travis/build/icyphy/ptII/ptolemy/actor/lib/test/auto/ExpressionConcatenateArrayType2.xml
1 ms. Memory: 310272K Free: 168723K (54%)
----------------- Invoking toplevel() on ptolemy.moml.MoMLSimpleApplication@1a6ab092
----------------- Done invoking toplevel() on ptolemy.moml.MoMLSimpleApplication@1a6ab092
reloadAllAccessors: .ExpressionConcatenateArrayType2

===========================================================================================
----------------- testing Thu Oct 01 16:27:15 UTC 2020 /home/travis/build/icyphy/ptII/ptolemy/actor/lib/test/auto/ExpressionFix.xml
----------------- Instantiating /home/travis/build/icyphy/ptII/ptolemy/actor/lib/test/auto/ExpressionFix.xml
20 ms. Memory: 310272K Free: 162579K (52%)
----------------- Invoking toplevel() on ptolemy.moml.MoMLSimpleApplication@8e1428e
----------------- Done invoking toplevel() on ptolemy.moml.MoMLSimpleApplication@8e1428e
reloadAllAccessors: .ExpressionFix

===========================================================================================
----------------- testing Thu Oct 01 16:27:15 UTC 2020 /home/travis/build/icyphy/ptII/ptolemy/actor/lib/test/auto/ExpressionFix2.xml
----------------- Instantiating /home/travis/build/icyphy/ptII/ptolemy/actor/lib/test/auto/ExpressionFix2.xml
4 ms. Memory: 310272K Free: 158483K (51%)
----------------- Invoking toplevel() on ptolemy.moml.MoMLSimpleApplication@be5c16e
----------------- Done invoking toplevel() on ptolemy.moml.MoMLSimpleApplication@be5c16e
reloadAllAccessors: .ExpressionFix2

===========================================================================================
----------------- testing Thu Oct 01 16:27:15 UTC 2020 /home/travis/build/icyphy/ptII/ptolemy/actor/lib/test/auto/ExpressionFix3.xml
----------------- Instantiating /home/travis/build/icyphy/ptII/ptolemy/actor/lib/test/auto/ExpressionFix3.xml
2 ms. Memory: 310272K Free: 154387K (50%)
----------------- Invoking toplevel() on ptolemy.moml.MoMLSimpleApplication@76d7e708
----------------- Done invoking toplevel() on ptolemy.moml.MoMLSimpleApplication@76d7e708
reloadAllAccessors: .ExpressionFix3

===========================================================================================
----------------- testing Thu Oct 01 16:27:15 UTC 2020 /home/travis/build/icyphy/ptII/ptolemy/actor/lib/test/auto/FileWriter1.xml
----------------- Instantiating /home/travis/build/icyphy/ptII/ptolemy/actor/lib/test/auto/FileWriter1.xml
2 ms. Memory: 310272K Free: 150291K (48%)
----------------- Invoking toplevel() on ptolemy.moml.MoMLSimpleApplication@65c410e0
----------------- Done invoking toplevel() on ptolemy.moml.MoMLSimpleApplication@65c410e0
reloadAllAccessors: .FileWriter1

===========================================================================================
----------------- testing Thu Oct 01 16:27:15 UTC 2020 /home/travis/build/icyphy/ptII/ptolemy/actor/lib/test/auto/FileWriter2.xml
----------------- Instantiating /home/travis/build/icyphy/ptII/ptolemy/actor/lib/test/auto/FileWriter2.xml
5 ms. Memory: 310272K Free: 145685K (47%)
----------------- Invoking toplevel() on ptolemy.moml.MoMLSimpleApplication@236f4a32
----------------- Done invoking toplevel() on ptolemy.moml.MoMLSimpleApplication@236f4a32
reloadAllAccessors: .FileWriter2

===========================================================================================
----------------- testing Thu Oct 01 16:27:15 UTC 2020 /home/travis/build/icyphy/ptII/ptolemy/actor/lib/test/auto/FileWriter3.xml
----------------- Instantiating /home/travis/build/icyphy/ptII/ptolemy/actor/lib/test/auto/FileWriter3.xml
4 ms. Memory: 310272K Free: 142099K (46%)
----------------- Invoking toplevel() on ptolemy.moml.MoMLSimpleApplication@4b7a2f1a
----------------- Done invoking toplevel() on ptolemy.moml.MoMLSimpleApplication@4b7a2f1a
reloadAllAccessors: .FileWriter3

===========================================================================================
----------------- testing Thu Oct 01 16:27:15 UTC 2020 /home/travis/build/icyphy/ptII/ptolemy/actor/lib/test/auto/Gaussian.xml
----------------- Instantiating /home/travis/build/icyphy/ptII/ptolemy/actor/lib/test/auto/Gaussian.xml
2 ms. Memory: 310272K Free: 137493K (44%)
----------------- Invoking toplevel() on ptolemy.moml.MoMLSimpleApplication@3e1adf7d
----------------- Done invoking toplevel() on ptolemy.moml.MoMLSimpleApplication@3e1adf7d
reloadAllAccessors: .Gaussian

===========================================================================================
----------------- testing Thu Oct 01 16:27:15 UTC 2020 /home/travis/build/icyphy/ptII/ptolemy/actor/lib/test/auto/Gaussian1.xml
----------------- Instantiating /home/travis/build/icyphy/ptII/ptolemy/actor/lib/test/auto/Gaussian1.xml
1 ms. Memory: 310272K Free: 132373K (43%)
----------------- Invoking toplevel() on ptolemy.moml.MoMLSimpleApplication@6c4bde33
----------------- Done invoking toplevel() on ptolemy.moml.MoMLSimpleApplication@6c4bde33
reloadAllAccessors: .Gaussian1

===========================================================================================
----------------- testing Thu Oct 01 16:27:15 UTC 2020 /home/travis/build/icyphy/ptII/ptolemy/actor/lib/test/auto/Gaussian2.xml
----------------- Instantiating /home/travis/build/icyphy/ptII/ptolemy/actor/lib/test/auto/Gaussian2.xml
8 ms. Memory: 310272K Free: 126733K (41%)
----------------- Invoking toplevel() on ptolemy.moml.MoMLSimpleApplication@6ebce5d
----------------- Done invoking toplevel() on ptolemy.moml.MoMLSimpleApplication@6ebce5d
reloadAllAccessors: .Gaussian2

===========================================================================================
----------------- testing Thu Oct 01 16:27:15 UTC 2020 /home/travis/build/icyphy/ptII/ptolemy/actor/lib/test/auto/GradientAdaptiveLattice.xml
----------------- Instantiating /home/travis/build/icyphy/ptII/ptolemy/actor/lib/test/auto/GradientAdaptiveLattice.xml
3 ms. Memory: 310272K Free: 121619K (39%)
----------------- Invoking toplevel() on ptolemy.moml.MoMLSimpleApplication@5cdae554
----------------- Done invoking toplevel() on ptolemy.moml.MoMLSimpleApplication@5cdae554
reloadAllAccessors: .GradientAdaptiveLattice

===========================================================================================
----------------- testing Thu Oct 01 16:27:15 UTC 2020 /home/travis/build/icyphy/ptII/ptolemy/actor/lib/test/auto/IIR.xml
----------------- Instantiating /home/travis/build/icyphy/ptII/ptolemy/actor/lib/test/auto/IIR.xml
1 ms. Memory: 310272K Free: 117523K (38%)
----------------- Invoking toplevel() on ptolemy.moml.MoMLSimpleApplication@32bfdc9a
----------------- Done invoking toplevel() on ptolemy.moml.MoMLSimpleApplication@32bfdc9a
reloadAllAccessors: .IIR

===========================================================================================
----------------- testing Thu Oct 01 16:27:15 UTC 2020 /home/travis/build/icyphy/ptII/ptolemy/actor/lib/test/auto/InputOutputTransparentPorts.xml
----------------- Instantiating /home/travis/build/icyphy/ptII/ptolemy/actor/lib/test/auto/InputOutputTransparentPorts.xml
2 ms. Memory: 310272K Free: 110355K (36%)
----------------- Invoking toplevel() on ptolemy.moml.MoMLSimpleApplication@4b9e7c63
----------------- Done invoking toplevel() on ptolemy.moml.MoMLSimpleApplication@4b9e7c63
reloadAllAccessors: .InputOutputTransparentPorts

===========================================================================================
----------------- testing Thu Oct 01 16:27:15 UTC 2020 /home/travis/build/icyphy/ptII/ptolemy/actor/lib/test/auto/Interpolator.xml
----------------- Instantiating /home/travis/build/icyphy/ptII/ptolemy/actor/lib/test/auto/Interpolator.xml
3 ms. Memory: 310272K Free: 106259K (34%)
----------------- Invoking toplevel() on ptolemy.moml.MoMLSimpleApplication@101538e7
----------------- Done invoking toplevel() on ptolemy.moml.MoMLSimpleApplication@101538e7
reloadAllAccessors: .Interpolator

===========================================================================================
----------------- testing Thu Oct 01 16:27:15 UTC 2020 /home/travis/build/icyphy/ptII/ptolemy/actor/lib/test/auto/InterpolatorFiringLimitDE.xml
----------------- Instantiating /home/travis/build/icyphy/ptII/ptolemy/actor/lib/test/auto/InterpolatorFiringLimitDE.xml
2 ms. Memory: 310272K Free: 100629K (32%)
----------------- Invoking toplevel() on ptolemy.moml.MoMLSimpleApplication@2eb6ed7f
----------------- Done invoking toplevel() on ptolemy.moml.MoMLSimpleApplication@2eb6ed7f
reloadAllAccessors: .InterpolatorFiringLimitDE

===========================================================================================
----------------- testing Thu Oct 01 16:27:15 UTC 2020 /home/travis/build/icyphy/ptII/ptolemy/actor/lib/test/auto/Lattice.xml
----------------- Instantiating /home/travis/build/icyphy/ptII/ptolemy/actor/lib/test/auto/Lattice.xml
1 ms. Memory: 310272K Free: 96533K (31%)
----------------- Invoking toplevel() on ptolemy.moml.MoMLSimpleApplication@292a355d
----------------- Done invoking toplevel() on ptolemy.moml.MoMLSimpleApplication@292a355d
reloadAllAccessors: .Lattice

===========================================================================================
----------------- testing Thu Oct 01 16:27:15 UTC 2020 /home/travis/build/icyphy/ptII/ptolemy/actor/lib/test/auto/LazyAOCTestLazy.xml
----------------- Instantiating /home/travis/build/icyphy/ptII/ptolemy/actor/lib/test/auto/LazyAOCTestLazy.xml
15 ms. Memory: 310272K Free: 90389K (29%)
----------------- Invoking toplevel() on ptolemy.moml.MoMLSimpleApplication@3265c2c2
----------------- Done invoking toplevel() on ptolemy.moml.MoMLSimpleApplication@3265c2c2
reloadAllAccessors: .LazyAOCTestLazy

===========================================================================================
----------------- testing Thu Oct 01 16:27:15 UTC 2020 /home/travis/build/icyphy/ptII/ptolemy/actor/lib/test/auto/LazyAOCTestNonLazy.xml
----------------- Instantiating /home/travis/build/icyphy/ptII/ptolemy/actor/lib/test/auto/LazyAOCTestNonLazy.xml
2 ms. Memory: 310272K Free: 84245K (27%)
----------------- Invoking toplevel() on ptolemy.moml.MoMLSimpleApplication@63cda6a8
----------------- Done invoking toplevel() on ptolemy.moml.MoMLSimpleApplication@63cda6a8
reloadAllAccessors: .LazyAOCTestNonLazy

===========================================================================================
----------------- testing Thu Oct 01 16:27:15 UTC 2020 /home/travis/build/icyphy/ptII/ptolemy/actor/lib/test/auto/LazyInnerClass.xml
----------------- Instantiating /home/travis/build/icyphy/ptII/ptolemy/actor/lib/test/auto/LazyInnerClass.xml
24 ms. Memory: 310272K Free: 257499K (83%)
----------------- Invoking toplevel() on ptolemy.moml.MoMLSimpleApplication@4b4407d3
----------------- Done invoking toplevel() on ptolemy.moml.MoMLSimpleApplication@4b4407d3
reloadAllAccessors: .LazyInnerClass

===========================================================================================
----------------- testing Thu Oct 01 16:27:16 UTC 2020 /home/travis/build/icyphy/ptII/ptolemy/actor/lib/test/auto/LazyPubSub.xml
----------------- Instantiating /home/travis/build/icyphy/ptII/ptolemy/actor/lib/test/auto/LazyPubSub.xml
12 ms. Memory: 310272K Free: 246270K (79%)
----------------- Invoking toplevel() on ptolemy.moml.MoMLSimpleApplication@39de79a5
----------------- Done invoking toplevel() on ptolemy.moml.MoMLSimpleApplication@39de79a5
reloadAllAccessors: .LazyPubSub

===========================================================================================
----------------- testing Thu Oct 01 16:27:16 UTC 2020 /home/travis/build/icyphy/ptII/ptolemy/actor/lib/test/auto/LazyPubSub2.xml
----------------- Instantiating /home/travis/build/icyphy/ptII/ptolemy/actor/lib/test/auto/LazyPubSub2.xml
17 ms. Memory: 310272K Free: 237054K (76%)
----------------- Invoking toplevel() on ptolemy.moml.MoMLSimpleApplication@4c452814
----------------- Done invoking toplevel() on ptolemy.moml.MoMLSimpleApplication@4c452814
reloadAllAccessors: .LazyPubSub2

===========================================================================================
----------------- testing Thu Oct 01 16:27:16 UTC 2020 /home/travis/build/icyphy/ptII/ptolemy/actor/lib/test/auto/LazyPubSub3.xml
----------------- Instantiating /home/travis/build/icyphy/ptII/ptolemy/actor/lib/test/auto/LazyPubSub3.xml
12 ms. Memory: 310272K Free: 226814K (73%)
----------------- Invoking toplevel() on ptolemy.moml.MoMLSimpleApplication@7d0dc0cf
----------------- Done invoking toplevel() on ptolemy.moml.MoMLSimpleApplication@7d0dc0cf
reloadAllAccessors: .LazyPubSub3

===========================================================================================
----------------- testing Thu Oct 01 16:27:16 UTC 2020 /home/travis/build/icyphy/ptII/ptolemy/actor/lib/test/auto/LazySubClassModel.xml
----------------- Instantiating /home/travis/build/icyphy/ptII/ptolemy/actor/lib/test/auto/LazySubClassModel.xml
2 ms. Memory: 310272K Free: 217598K (70%)
----------------- Invoking toplevel() on ptolemy.moml.MoMLSimpleApplication@c9b5bf1
----------------- Done invoking toplevel() on ptolemy.moml.MoMLSimpleApplication@c9b5bf1
reloadAllAccessors: .LazySubClassModel

===========================================================================================
----------------- testing Thu Oct 01 16:27:16 UTC 2020 /home/travis/build/icyphy/ptII/ptolemy/actor/lib/test/auto/LevelCrossTest1.xml
----------------- Instantiating /home/travis/build/icyphy/ptII/ptolemy/actor/lib/test/auto/LevelCrossTest1.xml
1 ms. Memory: 310272K Free: 212478K (68%)
----------------- Invoking toplevel() on ptolemy.moml.MoMLSimpleApplication@7e5d690d
----------------- Done invoking toplevel() on ptolemy.moml.MoMLSimpleApplication@7e5d690d
reloadAllAccessors: .broken

===========================================================================================
----------------- testing Thu Oct 01 16:27:16 UTC 2020 /home/travis/build/icyphy/ptII/ptolemy/actor/lib/test/auto/LevelCrossTest10.xml
----------------- Instantiating /home/travis/build/icyphy/ptII/ptolemy/actor/lib/test/auto/LevelCrossTest10.xml
1 ms. Memory: 310272K Free: 204800K (66%)
----------------- Invoking toplevel() on ptolemy.moml.MoMLSimpleApplication@2829dd1a
----------------- Done invoking toplevel() on ptolemy.moml.MoMLSimpleApplication@2829dd1a
reloadAllAccessors: .LevelCrossTest10

===========================================================================================
----------------- testing Thu Oct 01 16:27:16 UTC 2020 /home/travis/build/icyphy/ptII/ptolemy/actor/lib/test/auto/LevelCrossTest11.xml
----------------- Instantiating /home/travis/build/icyphy/ptII/ptolemy/actor/lib/test/auto/LevelCrossTest11.xml
0 ms. Memory: 310272K Free: 198142K (64%)
----------------- Invoking toplevel() on ptolemy.moml.MoMLSimpleApplication@5bfadcb0
----------------- Done invoking toplevel() on ptolemy.moml.MoMLSimpleApplication@5bfadcb0
reloadAllAccessors: .LevelCrossTest11

===========================================================================================
----------------- testing Thu Oct 01 16:27:16 UTC 2020 /home/travis/build/icyphy/ptII/ptolemy/actor/lib/test/auto/LevelCrossTest12.xml
----------------- Instantiating /home/travis/build/icyphy/ptII/ptolemy/actor/lib/test/auto/LevelCrossTest12.xml
1 ms. Memory: 310272K Free: 191998K (62%)
----------------- Invoking toplevel() on ptolemy.moml.MoMLSimpleApplication@65be80e5
----------------- Done invoking toplevel() on ptolemy.moml.MoMLSimpleApplication@65be80e5
reloadAllAccessors: .LevelCrossTest12

===========================================================================================
----------------- testing Thu Oct 01 16:27:16 UTC 2020 /home/travis/build/icyphy/ptII/ptolemy/actor/lib/test/auto/LevelCrossTest13.xml
----------------- Instantiating /home/travis/build/icyphy/ptII/ptolemy/actor/lib/test/auto/LevelCrossTest13.xml
1 ms. Memory: 310272K Free: 184830K (60%)
----------------- Invoking toplevel() on ptolemy.moml.MoMLSimpleApplication@40797ba0
----------------- Done invoking toplevel() on ptolemy.moml.MoMLSimpleApplication@40797ba0
reloadAllAccessors: .LevelCrossTest13

===========================================================================================
----------------- testing Thu Oct 01 16:27:16 UTC 2020 /home/travis/build/icyphy/ptII/ptolemy/actor/lib/test/auto/LevelCrossTest2.xml
----------------- Instantiating /home/travis/build/icyphy/ptII/ptolemy/actor/lib/test/auto/LevelCrossTest2.xml
1 ms. Memory: 310272K Free: 179200K (58%)
----------------- Invoking toplevel() on ptolemy.moml.MoMLSimpleApplication@2b656471
----------------- Done invoking toplevel() on ptolemy.moml.MoMLSimpleApplication@2b656471
reloadAllAccessors: .broken

===========================================================================================
----------------- testing Thu Oct 01 16:27:16 UTC 2020 /home/travis/build/icyphy/ptII/ptolemy/actor/lib/test/auto/LevelCrossTest3.xml
----------------- Instantiating /home/travis/build/icyphy/ptII/ptolemy/actor/lib/test/auto/LevelCrossTest3.xml
2 ms. Memory: 310272K Free: 173566K (56%)
----------------- Invoking toplevel() on ptolemy.moml.MoMLSimpleApplication@9286463
----------------- Done invoking toplevel() on ptolemy.moml.MoMLSimpleApplication@9286463
reloadAllAccessors: .LevelCrossTest3

===========================================================================================
----------------- testing Thu Oct 01 16:27:16 UTC 2020 /home/travis/build/icyphy/ptII/ptolemy/actor/lib/test/auto/LevelCrossTest4.xml
----------------- Instantiating /home/travis/build/icyphy/ptII/ptolemy/actor/lib/test/auto/LevelCrossTest4.xml
1 ms. Memory: 310272K Free: 168446K (54%)
----------------- Invoking toplevel() on ptolemy.moml.MoMLSimpleApplication@3f43fa6f
----------------- Done invoking toplevel() on ptolemy.moml.MoMLSimpleApplication@3f43fa6f
reloadAllAccessors: .broken

===========================================================================================
----------------- testing Thu Oct 01 16:27:16 UTC 2020 /home/travis/build/icyphy/ptII/ptolemy/actor/lib/test/auto/LevelCrossTest5.xml
----------------- Instantiating /home/travis/build/icyphy/ptII/ptolemy/actor/lib/test/auto/LevelCrossTest5.xml
1 ms. Memory: 310272K Free: 161792K (52%)
----------------- Invoking toplevel() on ptolemy.moml.MoMLSimpleApplication@1db48f2
----------------- Done invoking toplevel() on ptolemy.moml.MoMLSimpleApplication@1db48f2
reloadAllAccessors: .LevelCrossTest5

===========================================================================================
----------------- testing Thu Oct 01 16:27:16 UTC 2020 /home/travis/build/icyphy/ptII/ptolemy/actor/lib/test/auto/LevelCrossTest6.xml
----------------- Instantiating /home/travis/build/icyphy/ptII/ptolemy/actor/lib/test/auto/LevelCrossTest6.xml
1 ms. Memory: 310272K Free: 155134K (50%)
----------------- Invoking toplevel() on ptolemy.moml.MoMLSimpleApplication@693b8af8
----------------- Done invoking toplevel() on ptolemy.moml.MoMLSimpleApplication@693b8af8
reloadAllAccessors: .LevelCrossTest6

===========================================================================================
----------------- testing Thu Oct 01 16:27:16 UTC 2020 /home/travis/build/icyphy/ptII/ptolemy/actor/lib/test/auto/LevelCrossTest7.xml
----------------- Instantiating /home/travis/build/icyphy/ptII/ptolemy/actor/lib/test/auto/LevelCrossTest7.xml
1 ms. Memory: 310272K Free: 147966K (48%)
----------------- Invoking toplevel() on ptolemy.moml.MoMLSimpleApplication@35368a7a
----------------- Done invoking toplevel() on ptolemy.moml.MoMLSimpleApplication@35368a7a
reloadAllAccessors: .LevelCrossTest7

===========================================================================================
----------------- testing Thu Oct 01 16:27:16 UTC 2020 /home/travis/build/icyphy/ptII/ptolemy/actor/lib/test/auto/LevelCrossTest8.xml
----------------- Instantiating /home/travis/build/icyphy/ptII/ptolemy/actor/lib/test/auto/LevelCrossTest8.xml
1 ms. Memory: 310272K Free: 140288K (45%)
----------------- Invoking toplevel() on ptolemy.moml.MoMLSimpleApplication@376e3274
----------------- Done invoking toplevel() on ptolemy.moml.MoMLSimpleApplication@376e3274
reloadAllAccessors: .LevelCrossTest8

===========================================================================================
----------------- testing Thu Oct 01 16:27:16 UTC 2020 /home/travis/build/icyphy/ptII/ptolemy/actor/lib/test/auto/LevelCrossTest9.xml
----------------- Instantiating /home/travis/build/icyphy/ptII/ptolemy/actor/lib/test/auto/LevelCrossTest9.xml
2 ms. Memory: 310272K Free: 133630K (43%)
----------------- Invoking toplevel() on ptolemy.moml.MoMLSimpleApplication@5efccb47
----------------- Done invoking toplevel() on ptolemy.moml.MoMLSimpleApplication@5efccb47
reloadAllAccessors: .LevelCrossTest9

===========================================================================================
----------------- testing Thu Oct 01 16:27:16 UTC 2020 /home/travis/build/icyphy/ptII/ptolemy/actor/lib/test/auto/LevinsonDurbin.xml
----------------- Instantiating /home/travis/build/icyphy/ptII/ptolemy/actor/lib/test/auto/LevinsonDurbin.xml
1 ms. Memory: 310272K Free: 130048K (42%)
----------------- Invoking toplevel() on ptolemy.moml.MoMLSimpleApplication@3d371af1
----------------- Done invoking toplevel() on ptolemy.moml.MoMLSimpleApplication@3d371af1
reloadAllAccessors: .LevinsonDurbin

===========================================================================================
----------------- testing Thu Oct 01 16:27:16 UTC 2020 /home/travis/build/icyphy/ptII/ptolemy/actor/lib/test/auto/LevinsonDurbin2.xml
----------------- Instantiating /home/travis/build/icyphy/ptII/ptolemy/actor/lib/test/auto/LevinsonDurbin2.xml
2 ms. Memory: 310272K Free: 125952K (41%)
----------------- Invoking toplevel() on ptolemy.moml.MoMLSimpleApplication@3ab26aca
----------------- Done invoking toplevel() on ptolemy.moml.MoMLSimpleApplication@3ab26aca
reloadAllAccessors: .LevinsonDurbin2

===========================================================================================
----------------- testing Thu Oct 01 16:27:16 UTC 2020 /home/travis/build/icyphy/ptII/ptolemy/actor/lib/test/auto/LevinsonDurbin3.xml
----------------- Instantiating /home/travis/build/icyphy/ptII/ptolemy/actor/lib/test/auto/LevinsonDurbin3.xml
1 ms. Memory: 310272K Free: 121856K (39%)
----------------- Invoking toplevel() on ptolemy.moml.MoMLSimpleApplication@47e3fe63
----------------- Done invoking toplevel() on ptolemy.moml.MoMLSimpleApplication@47e3fe63
reloadAllAccessors: .LevinsonDurbin3

===========================================================================================
----------------- testing Thu Oct 01 16:27:16 UTC 2020 /home/travis/build/icyphy/ptII/ptolemy/actor/lib/test/auto/Limiter.xml
----------------- Instantiating /home/travis/build/icyphy/ptII/ptolemy/actor/lib/test/auto/Limiter.xml
5 ms. Memory: 310272K Free: 113135K (36%)
----------------- Invoking toplevel() on ptolemy.moml.MoMLSimpleApplication@590751ba
----------------- Done invoking toplevel() on ptolemy.moml.MoMLSimpleApplication@590751ba
reloadAllAccessors: .Limiter

===========================================================================================
----------------- testing Thu Oct 01 16:27:16 UTC 2020 /home/travis/build/icyphy/ptII/ptolemy/actor/lib/test/auto/LinearDifferenceEquationSystem.xml
----------------- Instantiating /home/travis/build/icyphy/ptII/ptolemy/actor/lib/test/auto/LinearDifferenceEquationSystem.xml
4 ms. Memory: 310272K Free: 105982K (34%)
----------------- Invoking toplevel() on ptolemy.moml.MoMLSimpleApplication@4086e504
----------------- Done invoking toplevel() on ptolemy.moml.MoMLSimpleApplication@4086e504
reloadAllAccessors: .LinearDifferenceEquationSystem

===========================================================================================
----------------- testing Thu Oct 01 16:27:16 UTC 2020 /home/travis/build/icyphy/ptII/ptolemy/actor/lib/test/auto/LookupTable.xml
----------------- Instantiating /home/travis/build/icyphy/ptII/ptolemy/actor/lib/test/auto/LookupTable.xml
6 ms. Memory: 310272K Free: 101376K (33%)
----------------- Invoking toplevel() on ptolemy.moml.MoMLSimpleApplication@10ab0117
----------------- Done invoking toplevel() on ptolemy.moml.MoMLSimpleApplication@10ab0117
reloadAllAccessors: .LookupTable

===========================================================================================
----------------- testing Thu Oct 01 16:27:16 UTC 2020 /home/travis/build/icyphy/ptII/ptolemy/actor/lib/test/auto/MathFunction.xml
----------------- Instantiating /home/travis/build/icyphy/ptII/ptolemy/actor/lib/test/auto/MathFunction.xml
2 ms. Memory: 310272K Free: 93184K (30%)
----------------- Invoking toplevel() on ptolemy.moml.MoMLSimpleApplication@6b4b2b38
----------------- Done invoking toplevel() on ptolemy.moml.MoMLSimpleApplication@6b4b2b38
reloadAllAccessors: .MathFunction

===========================================================================================
----------------- testing Thu Oct 01 16:27:16 UTC 2020 /home/travis/build/icyphy/ptII/ptolemy/actor/lib/test/auto/MathFunction2.xml
----------------- Instantiating /home/travis/build/icyphy/ptII/ptolemy/actor/lib/test/auto/MathFunction2.xml
4 ms. Memory: 310272K Free: 89598K (29%)
----------------- Invoking toplevel() on ptolemy.moml.MoMLSimpleApplication@87326e1
----------------- Done invoking toplevel() on ptolemy.moml.MoMLSimpleApplication@87326e1
reloadAllAccessors: .MathFunction2

===========================================================================================
----------------- testing Thu Oct 01 16:27:16 UTC 2020 /home/travis/build/icyphy/ptII/ptolemy/actor/lib/test/auto/MathFunction3.xml
----------------- Instantiating /home/travis/build/icyphy/ptII/ptolemy/actor/lib/test/auto/MathFunction3.xml
2 ms. Memory: 310272K Free: 82430K (27%)
----------------- Invoking toplevel() on ptolemy.moml.MoMLSimpleApplication@48324845
----------------- Done invoking toplevel() on ptolemy.moml.MoMLSimpleApplication@48324845
reloadAllAccessors: .MathFunction3

===========================================================================================
----------------- testing Thu Oct 01 16:27:16 UTC 2020 /home/travis/build/icyphy/ptII/ptolemy/actor/lib/test/auto/MatrixCropBoolean.xml
----------------- Instantiating /home/travis/build/icyphy/ptII/ptolemy/actor/lib/test/auto/MatrixCropBoolean.xml
2 ms. Memory: 310272K Free: 259555K (84%)
----------------- Invoking toplevel() on ptolemy.moml.MoMLSimpleApplication@62315f53
----------------- Done invoking toplevel() on ptolemy.moml.MoMLSimpleApplication@62315f53
reloadAllAccessors: .MatrixCropBoolean

===========================================================================================
----------------- testing Thu Oct 01 16:27:16 UTC 2020 /home/travis/build/icyphy/ptII/ptolemy/actor/lib/test/auto/MatrixCropComplex.xml
----------------- Instantiating /home/travis/build/icyphy/ptII/ptolemy/actor/lib/test/auto/MatrixCropComplex.xml
2 ms. Memory: 310272K Free: 254451K (82%)
----------------- Invoking toplevel() on ptolemy.moml.MoMLSimpleApplication@6e19ccfc
----------------- Done invoking toplevel() on ptolemy.moml.MoMLSimpleApplication@6e19ccfc
reloadAllAccessors: .MatrixCropComplex

===========================================================================================
----------------- testing Thu Oct 01 16:27:16 UTC 2020 /home/travis/build/icyphy/ptII/ptolemy/actor/lib/test/auto/MatrixCropDouble.xml
----------------- Instantiating /home/travis/build/icyphy/ptII/ptolemy/actor/lib/test/auto/MatrixCropDouble.xml
2 ms. Memory: 310272K Free: 249331K (80%)
----------------- Invoking toplevel() on ptolemy.moml.MoMLSimpleApplication@759f0e04
----------------- Done invoking toplevel() on ptolemy.moml.MoMLSimpleApplication@759f0e04
reloadAllAccessors: .MatrixCropDouble

===========================================================================================
----------------- testing Thu Oct 01 16:27:16 UTC 2020 /home/travis/build/icyphy/ptII/ptolemy/actor/lib/test/auto/MatrixCropFix.xml
----------------- Instantiating /home/travis/build/icyphy/ptII/ptolemy/actor/lib/test/auto/MatrixCropFix.xml
1 ms. Memory: 310272K Free: 244195K (79%)
----------------- Invoking toplevel() on ptolemy.moml.MoMLSimpleApplication@93fd065
----------------- Done invoking toplevel() on ptolemy.moml.MoMLSimpleApplication@93fd065
reloadAllAccessors: .MatrixCropFix

===========================================================================================
----------------- testing Thu Oct 01 16:27:16 UTC 2020 /home/travis/build/icyphy/ptII/ptolemy/actor/lib/test/auto/MatrixCropInt.xml
----------------- Instantiating /home/travis/build/icyphy/ptII/ptolemy/actor/lib/test/auto/MatrixCropInt.xml
2 ms. Memory: 310272K Free: 239091K (77%)
----------------- Invoking toplevel() on ptolemy.moml.MoMLSimpleApplication@471afd05
----------------- Done invoking toplevel() on ptolemy.moml.MoMLSimpleApplication@471afd05
reloadAllAccessors: .MatrixCropInt

===========================================================================================
----------------- testing Thu Oct 01 16:27:16 UTC 2020 /home/travis/build/icyphy/ptII/ptolemy/actor/lib/test/auto/MatrixCropLong.xml
----------------- Instantiating /home/travis/build/icyphy/ptII/ptolemy/actor/lib/test/auto/MatrixCropLong.xml
2 ms. Memory: 310272K Free: 234499K (76%)
----------------- Invoking toplevel() on ptolemy.moml.MoMLSimpleApplication@57444ebb
----------------- Done invoking toplevel() on ptolemy.moml.MoMLSimpleApplication@57444ebb
reloadAllAccessors: .MatrixCropLong

===========================================================================================
----------------- testing Thu Oct 01 16:27:16 UTC 2020 /home/travis/build/icyphy/ptII/ptolemy/actor/lib/test/auto/MatrixToArray.xml
----------------- Instantiating /home/travis/build/icyphy/ptII/ptolemy/actor/lib/test/auto/MatrixToArray.xml
10 ms. Memory: 310272K Free: 219649K (71%)
----------------- Invoking toplevel() on ptolemy.moml.MoMLSimpleApplication@bea218d
----------------- Done invoking toplevel() on ptolemy.moml.MoMLSimpleApplication@bea218d
reloadAllAccessors: .MatrixToArray

===========================================================================================
----------------- testing Thu Oct 01 16:27:16 UTC 2020 /home/travis/build/icyphy/ptII/ptolemy/actor/lib/test/auto/MaxIndex.xml
----------------- Instantiating /home/travis/build/icyphy/ptII/ptolemy/actor/lib/test/auto/MaxIndex.xml
1 ms. Memory: 310272K Free: 214529K (69%)
----------------- Invoking toplevel() on ptolemy.moml.MoMLSimpleApplication@42fa8493
----------------- Done invoking toplevel() on ptolemy.moml.MoMLSimpleApplication@42fa8493
reloadAllAccessors: .MaxIndex

===========================================================================================
----------------- testing Thu Oct 01 16:27:16 UTC 2020 /home/travis/build/icyphy/ptII/ptolemy/actor/lib/test/auto/Maximum.xml
----------------- Instantiating /home/travis/build/icyphy/ptII/ptolemy/actor/lib/test/auto/Maximum.xml
2 ms. Memory: 310272K Free: 207875K (67%)
----------------- Invoking toplevel() on ptolemy.moml.MoMLSimpleApplication@5dcd9ae4
----------------- Done invoking toplevel() on ptolemy.moml.MoMLSimpleApplication@5dcd9ae4
reloadAllAccessors: .Maximum

===========================================================================================
----------------- testing Thu Oct 01 16:27:16 UTC 2020 /home/travis/build/icyphy/ptII/ptolemy/actor/lib/test/auto/MaximumComplex.xml
----------------- Instantiating /home/travis/build/icyphy/ptII/ptolemy/actor/lib/test/auto/MaximumComplex.xml
3 ms. Memory: 310272K Free: 202227K (65%)
----------------- Invoking toplevel() on ptolemy.moml.MoMLSimpleApplication@6f9e86c3
----------------- Done invoking toplevel() on ptolemy.moml.MoMLSimpleApplication@6f9e86c3
reloadAllAccessors: .MaximumComplex

===========================================================================================
----------------- testing Thu Oct 01 16:27:16 UTC 2020 /home/travis/build/icyphy/ptII/ptolemy/actor/lib/test/auto/MethodCallTest.xml
----------------- Instantiating /home/travis/build/icyphy/ptII/ptolemy/actor/lib/test/auto/MethodCallTest.xml
2 ms. Memory: 310272K Free: 195587K (63%)
----------------- Invoking toplevel() on ptolemy.moml.MoMLSimpleApplication@4199d6ed
----------------- Done invoking toplevel() on ptolemy.moml.MoMLSimpleApplication@4199d6ed
reloadAllAccessors: .MethodCallTest

===========================================================================================
----------------- testing Thu Oct 01 16:27:16 UTC 2020 /home/travis/build/icyphy/ptII/ptolemy/actor/lib/test/auto/Minimum.xml
----------------- Instantiating /home/travis/build/icyphy/ptII/ptolemy/actor/lib/test/auto/Minimum.xml
2 ms. Memory: 310272K Free: 189443K (61%)
----------------- Invoking toplevel() on ptolemy.moml.MoMLSimpleApplication@7dc26dfc
----------------- Done invoking toplevel() on ptolemy.moml.MoMLSimpleApplication@7dc26dfc
reloadAllAccessors: .Minimum

===========================================================================================
----------------- testing Thu Oct 01 16:27:16 UTC 2020 /home/travis/build/icyphy/ptII/ptolemy/actor/lib/test/auto/MinimumComplex.xml
----------------- Instantiating /home/travis/build/icyphy/ptII/ptolemy/actor/lib/test/auto/MinimumComplex.xml
3 ms. Memory: 310272K Free: 183299K (59%)
----------------- Invoking toplevel() on ptolemy.moml.MoMLSimpleApplication@31c7783a
----------------- Done invoking toplevel() on ptolemy.moml.MoMLSimpleApplication@31c7783a
reloadAllAccessors: .MinimumComplex

===========================================================================================
----------------- testing Thu Oct 01 16:27:16 UTC 2020 /home/travis/build/icyphy/ptII/ptolemy/actor/lib/test/auto/MinimumMultiports.xml
----------------- Instantiating /home/travis/build/icyphy/ptII/ptolemy/actor/lib/test/auto/MinimumMultiports.xml
3 ms. Memory: 310272K Free: 175107K (56%)
----------------- Invoking toplevel() on ptolemy.moml.MoMLSimpleApplication@3160205f
----------------- Done invoking toplevel() on ptolemy.moml.MoMLSimpleApplication@3160205f
reloadAllAccessors: .MinimumMultiports

===========================================================================================
----------------- testing Thu Oct 01 16:27:16 UTC 2020 /home/travis/build/icyphy/ptII/ptolemy/actor/lib/test/auto/ModifyDate.xml
----------------- Instantiating /home/travis/build/icyphy/ptII/ptolemy/actor/lib/test/auto/ModifyDate.xml
4 ms. Memory: 310272K Free: 162305K (52%)
----------------- Invoking toplevel() on ptolemy.moml.MoMLSimpleApplication@3659ec0e
----------------- Done invoking toplevel() on ptolemy.moml.MoMLSimpleApplication@3659ec0e
reloadAllAccessors: .ModifyDate

===========================================================================================
----------------- testing Thu Oct 01 16:27:16 UTC 2020 /home/travis/build/icyphy/ptII/ptolemy/actor/lib/test/auto/ModifyDate2.xml
----------------- Instantiating /home/travis/build/icyphy/ptII/ptolemy/actor/lib/test/auto/ModifyDate2.xml
3 ms. Memory: 310272K Free: 153603K (50%)
----------------- Invoking toplevel() on ptolemy.moml.MoMLSimpleApplication@1fb6b1aa
----------------- Done invoking toplevel() on ptolemy.moml.MoMLSimpleApplication@1fb6b1aa
reloadAllAccessors: .ModifyDate2

===========================================================================================
----------------- testing Thu Oct 01 16:27:16 UTC 2020 /home/travis/build/icyphy/ptII/ptolemy/actor/lib/test/auto/MovingAverage.xml
----------------- Instantiating /home/travis/build/icyphy/ptII/ptolemy/actor/lib/test/auto/MovingAverage.xml
2 ms. Memory: 310272K Free: 148483K (48%)
----------------- Invoking toplevel() on ptolemy.moml.MoMLSimpleApplication@4fab0ecb
----------------- Done invoking toplevel() on ptolemy.moml.MoMLSimpleApplication@4fab0ecb
reloadAllAccessors: .MovingAverage

===========================================================================================
----------------- testing Thu Oct 01 16:27:16 UTC 2020 /home/travis/build/icyphy/ptII/ptolemy/actor/lib/test/auto/MovingMaximum.xml
----------------- Instantiating /home/travis/build/icyphy/ptII/ptolemy/actor/lib/test/auto/MovingMaximum.xml
1 ms. Memory: 310272K Free: 143873K (46%)
----------------- Invoking toplevel() on ptolemy.moml.MoMLSimpleApplication@7db2ad72
----------------- Done invoking toplevel() on ptolemy.moml.MoMLSimpleApplication@7db2ad72
reloadAllAccessors: .MovingMaximum

===========================================================================================
----------------- testing Thu Oct 01 16:27:16 UTC 2020 /home/travis/build/icyphy/ptII/ptolemy/actor/lib/test/auto/MultipleLinksToSameRelation.xml
----------------- Instantiating /home/travis/build/icyphy/ptII/ptolemy/actor/lib/test/auto/MultipleLinksToSameRelation.xml
5 ms. Memory: 310272K Free: 140291K (45%)
----------------- Invoking toplevel() on ptolemy.moml.MoMLSimpleApplication@5f0307a
----------------- Done invoking toplevel() on ptolemy.moml.MoMLSimpleApplication@5f0307a
reloadAllAccessors: .MultipleLinksToSameRelation

===========================================================================================
----------------- testing Thu Oct 01 16:27:16 UTC 2020 /home/travis/build/icyphy/ptII/ptolemy/actor/lib/test/auto/MultipleLinksToSameRelationDE.xml
----------------- Instantiating /home/travis/build/icyphy/ptII/ptolemy/actor/lib/test/auto/MultipleLinksToSameRelationDE.xml
10 ms. Memory: 310272K Free: 135651K (44%)
----------------- Invoking toplevel() on ptolemy.moml.MoMLSimpleApplication@2d1a3555
----------------- Done invoking toplevel() on ptolemy.moml.MoMLSimpleApplication@2d1a3555
reloadAllAccessors: .MultipleLinksToSameRelationDE

===========================================================================================
----------------- testing Thu Oct 01 16:27:16 UTC 2020 /home/travis/build/icyphy/ptII/ptolemy/actor/lib/test/auto/Multiplexor.xml
----------------- Instantiating /home/travis/build/icyphy/ptII/ptolemy/actor/lib/test/auto/Multiplexor.xml
2 ms. Memory: 310272K Free: 130561K (42%)
----------------- Invoking toplevel() on ptolemy.moml.MoMLSimpleApplication@259820c9
----------------- Done invoking toplevel() on ptolemy.moml.MoMLSimpleApplication@259820c9
reloadAllAccessors: .Multiplexor

===========================================================================================
----------------- testing Thu Oct 01 16:27:16 UTC 2020 /home/travis/build/icyphy/ptII/ptolemy/actor/lib/test/auto/Multiplexor1.xml
----------------- Instantiating /home/travis/build/icyphy/ptII/ptolemy/actor/lib/test/auto/Multiplexor1.xml
2 ms. Memory: 310272K Free: 124931K (40%)
----------------- Invoking toplevel() on ptolemy.moml.MoMLSimpleApplication@4de02f5a
----------------- Done invoking toplevel() on ptolemy.moml.MoMLSimpleApplication@4de02f5a
reloadAllAccessors: .Multiplexor1

===========================================================================================
----------------- testing Thu Oct 01 16:27:16 UTC 2020 /home/travis/build/icyphy/ptII/ptolemy/actor/lib/test/auto/Multiplexor2.xml
----------------- Instantiating /home/travis/build/icyphy/ptII/ptolemy/actor/lib/test/auto/Multiplexor2.xml
3 ms. Memory: 310272K Free: 118787K (38%)
----------------- Invoking toplevel() on ptolemy.moml.MoMLSimpleApplication@5d69aa83
----------------- Done invoking toplevel() on ptolemy.moml.MoMLSimpleApplication@5d69aa83
reloadAllAccessors: .Multiplexor2

===========================================================================================
----------------- testing Thu Oct 01 16:27:16 UTC 2020 /home/travis/build/icyphy/ptII/ptolemy/actor/lib/test/auto/Multiplexor3.xml
----------------- Instantiating /home/travis/build/icyphy/ptII/ptolemy/actor/lib/test/auto/Multiplexor3.xml
2 ms. Memory: 310272K Free: 114691K (37%)
----------------- Invoking toplevel() on ptolemy.moml.MoMLSimpleApplication@48f8148d
----------------- Done invoking toplevel() on ptolemy.moml.MoMLSimpleApplication@48f8148d
reloadAllAccessors: .Multiplexor3

===========================================================================================
----------------- testing Thu Oct 01 16:27:16 UTC 2020 /home/travis/build/icyphy/ptII/ptolemy/actor/lib/test/auto/MultiplexorDE.xml
----------------- Instantiating /home/travis/build/icyphy/ptII/ptolemy/actor/lib/test/auto/MultiplexorDE.xml
2 ms. Memory: 310272K Free: 107003K (34%)
----------------- Invoking toplevel() on ptolemy.moml.MoMLSimpleApplication@6b24c2a8
----------------- Done invoking toplevel() on ptolemy.moml.MoMLSimpleApplication@6b24c2a8
reloadAllAccessors: .MultiplexorDE

===========================================================================================
----------------- testing Thu Oct 01 16:27:17 UTC 2020 /home/travis/build/icyphy/ptII/ptolemy/actor/lib/test/auto/MultiportBroadcastTest.xml
----------------- Instantiating /home/travis/build/icyphy/ptII/ptolemy/actor/lib/test/auto/MultiportBroadcastTest.xml
95 ms. Memory: 310272K Free: 100849K (33%)
----------------- Invoking toplevel() on ptolemy.moml.MoMLSimpleApplication@7fd79674
----------------- Done invoking toplevel() on ptolemy.moml.MoMLSimpleApplication@7fd79674
reloadAllAccessors: .MultiportBroadcastTest

===========================================================================================
----------------- testing Thu Oct 01 16:27:17 UTC 2020 /home/travis/build/icyphy/ptII/ptolemy/actor/lib/test/auto/MultiportOutHangDuringGetWidth.xml
----------------- Instantiating /home/travis/build/icyphy/ptII/ptolemy/actor/lib/test/auto/MultiportOutHangDuringGetWidth.xml
4 ms. Memory: 310272K Free: 89091K (29%)
----------------- Invoking toplevel() on ptolemy.moml.MoMLSimpleApplication@48dd2375
----------------- Done invoking toplevel() on ptolemy.moml.MoMLSimpleApplication@48dd2375
reloadAllAccessors: .MultiportOutHangDuringGetWidth

===========================================================================================
----------------- testing Thu Oct 01 16:27:17 UTC 2020 /home/travis/build/icyphy/ptII/ptolemy/actor/lib/test/auto/NilToken.xml
----------------- Instantiating /home/travis/build/icyphy/ptII/ptolemy/actor/lib/test/auto/NilToken.xml
2 ms. Memory: 310272K Free: 84995K (27%)
----------------- Invoking toplevel() on ptolemy.moml.MoMLSimpleApplication@4c5d1a66
----------------- Done invoking toplevel() on ptolemy.moml.MoMLSimpleApplication@4c5d1a66
reloadAllAccessors: .NilToken

===========================================================================================
----------------- testing Thu Oct 01 16:27:17 UTC 2020 /home/travis/build/icyphy/ptII/ptolemy/actor/lib/test/auto/NilTokenNonStrictTest.xml
----------------- Instantiating /home/travis/build/icyphy/ptII/ptolemy/actor/lib/test/auto/NilTokenNonStrictTest.xml
3 ms. Memory: 310272K Free: 80385K (26%)
----------------- Invoking toplevel() on ptolemy.moml.MoMLSimpleApplication@3620f2e7
----------------- Done invoking toplevel() on ptolemy.moml.MoMLSimpleApplication@3620f2e7
reloadAllAccessors: .NilTokenNonStrictTest

===========================================================================================
----------------- testing Thu Oct 01 16:27:17 UTC 2020 /home/travis/build/icyphy/ptII/ptolemy/actor/lib/test/auto/NilTokenRecord.xml
----------------- Instantiating /home/travis/build/icyphy/ptII/ptolemy/actor/lib/test/auto/NilTokenRecord.xml
6 ms. Memory: 310272K Free: 255737K (82%)
----------------- Invoking toplevel() on ptolemy.moml.MoMLSimpleApplication@70742b73
----------------- Done invoking toplevel() on ptolemy.moml.MoMLSimpleApplication@70742b73
reloadAllAccessors: .NilTokenRecord

===========================================================================================
----------------- testing Thu Oct 01 16:27:17 UTC 2020 /home/travis/build/icyphy/ptII/ptolemy/actor/lib/test/auto/NilTokenTypeTest.xml
----------------- Instantiating /home/travis/build/icyphy/ptII/ptolemy/actor/lib/test/auto/NilTokenTypeTest.xml
8 ms. Memory: 310272K Free: 246007K (79%)
----------------- Invoking toplevel() on ptolemy.moml.MoMLSimpleApplication@35d63d84
----------------- Done invoking toplevel() on ptolemy.moml.MoMLSimpleApplication@35d63d84
reloadAllAccessors: .NilTokenTypeTest

===========================================================================================
----------------- testing Thu Oct 01 16:27:17 UTC 2020 /home/travis/build/icyphy/ptII/ptolemy/actor/lib/test/auto/ObjectToken1.xml
----------------- Instantiating /home/travis/build/icyphy/ptII/ptolemy/actor/lib/test/auto/ObjectToken1.xml
2 ms. Memory: 310272K Free: 241911K (78%)
----------------- Invoking toplevel() on ptolemy.moml.MoMLSimpleApplication@1ade3932
----------------- Done invoking toplevel() on ptolemy.moml.MoMLSimpleApplication@1ade3932
reloadAllAccessors: .ObjectToken1

===========================================================================================
----------------- testing Thu Oct 01 16:27:17 UTC 2020 /home/travis/build/icyphy/ptII/ptolemy/actor/lib/test/auto/OrderedMerge.xml
----------------- Instantiating /home/travis/build/icyphy/ptII/ptolemy/actor/lib/test/auto/OrderedMerge.xml
10 ms. Memory: 310272K Free: 236281K (76%)
----------------- Invoking toplevel() on ptolemy.moml.MoMLSimpleApplication@29ae7d05
----------------- Done invoking toplevel() on ptolemy.moml.MoMLSimpleApplication@29ae7d05
reloadAllAccessors: .OrderedMerge

===========================================================================================
----------------- testing Thu Oct 01 16:27:17 UTC 2020 /home/travis/build/icyphy/ptII/ptolemy/actor/lib/test/auto/OrderedRecordDisassembler.xml
----------------- Instantiating /home/travis/build/icyphy/ptII/ptolemy/actor/lib/test/auto/OrderedRecordDisassembler.xml
3 ms. Memory: 310272K Free: 231161K (75%)
----------------- Invoking toplevel() on ptolemy.moml.MoMLSimpleApplication@1613953e
----------------- Done invoking toplevel() on ptolemy.moml.MoMLSimpleApplication@1613953e
reloadAllAccessors: .OrderedRecordDisassembler

===========================================================================================
----------------- testing Thu Oct 01 16:27:17 UTC 2020 /home/travis/build/icyphy/ptII/ptolemy/actor/lib/test/auto/OrderedRecordDisassembler2.xml
----------------- Instantiating /home/travis/build/icyphy/ptII/ptolemy/actor/lib/test/auto/OrderedRecordDisassembler2.xml
4 ms. Memory: 310272K Free: 223465K (72%)
----------------- Invoking toplevel() on ptolemy.moml.MoMLSimpleApplication@2d19989
----------------- Done invoking toplevel() on ptolemy.moml.MoMLSimpleApplication@2d19989
reloadAllAccessors: .OrderedRecordDisassembler2

===========================================================================================
----------------- testing Thu Oct 01 16:27:17 UTC 2020 /home/travis/build/icyphy/ptII/ptolemy/actor/lib/test/auto/OrderedRecordUpdater.xml
----------------- Instantiating /home/travis/build/icyphy/ptII/ptolemy/actor/lib/test/auto/OrderedRecordUpdater.xml
2 ms. Memory: 310272K Free: 219383K (71%)
----------------- Invoking toplevel() on ptolemy.moml.MoMLSimpleApplication@34e17157
----------------- Done invoking toplevel() on ptolemy.moml.MoMLSimpleApplication@34e17157
reloadAllAccessors: .RecordUpdater

===========================================================================================
----------------- testing Thu Oct 01 16:27:17 UTC 2020 /home/travis/build/icyphy/ptII/ptolemy/actor/lib/test/auto/OrderedRecordUpdater2.xml
----------------- Instantiating /home/travis/build/icyphy/ptII/ptolemy/actor/lib/test/auto/OrderedRecordUpdater2.xml
3 ms. Memory: 310272K Free: 213753K (69%)
----------------- Invoking toplevel() on ptolemy.moml.MoMLSimpleApplication@5800c968
----------------- Done invoking toplevel() on ptolemy.moml.MoMLSimpleApplication@5800c968
reloadAllAccessors: .RecordUpdater2

===========================================================================================
----------------- testing Thu Oct 01 16:27:17 UTC 2020 /home/travis/build/icyphy/ptII/ptolemy/actor/lib/test/auto/PhaseUnwrap.xml
----------------- Instantiating /home/travis/build/icyphy/ptII/ptolemy/actor/lib/test/auto/PhaseUnwrap.xml
1 ms. Memory: 310272K Free: 209143K (67%)
----------------- Invoking toplevel() on ptolemy.moml.MoMLSimpleApplication@26277a50
----------------- Done invoking toplevel() on ptolemy.moml.MoMLSimpleApplication@26277a50
reloadAllAccessors: .PhaseUnwrap

===========================================================================================
----------------- testing Thu Oct 01 16:27:17 UTC 2020 /home/travis/build/icyphy/ptII/ptolemy/actor/lib/test/auto/PoissonClock.xml
----------------- Instantiating /home/travis/build/icyphy/ptII/ptolemy/actor/lib/test/auto/PoissonClock.xml
1 ms. Memory: 310272K Free: 205047K (66%)
----------------- Invoking toplevel() on ptolemy.moml.MoMLSimpleApplication@136651e4
----------------- Done invoking toplevel() on ptolemy.moml.MoMLSimpleApplication@136651e4
reloadAllAccessors: .PoissonClock

===========================================================================================
----------------- testing Thu Oct 01 16:27:17 UTC 2020 /home/travis/build/icyphy/ptII/ptolemy/actor/lib/test/auto/PoissonClock2.xml
----------------- Instantiating /home/travis/build/icyphy/ptII/ptolemy/actor/lib/test/auto/PoissonClock2.xml
2 ms. Memory: 310272K Free: 200951K (65%)
----------------- Invoking toplevel() on ptolemy.moml.MoMLSimpleApplication@1789c997
----------------- Done invoking toplevel() on ptolemy.moml.MoMLSimpleApplication@1789c997
reloadAllAccessors: .PoissonClock2

===========================================================================================
----------------- testing Thu Oct 01 16:27:17 UTC 2020 /home/travis/build/icyphy/ptII/ptolemy/actor/lib/test/auto/PoissonClock3.xml
----------------- Instantiating /home/travis/build/icyphy/ptII/ptolemy/actor/lib/test/auto/PoissonClock3.xml
1 ms. Memory: 310272K Free: 196345K (63%)
----------------- Invoking toplevel() on ptolemy.moml.MoMLSimpleApplication@66a1068b
----------------- Done invoking toplevel() on ptolemy.moml.MoMLSimpleApplication@66a1068b
reloadAllAccessors: .PoissonClock3

===========================================================================================
----------------- testing Thu Oct 01 16:27:17 UTC 2020 /home/travis/build/icyphy/ptII/ptolemy/actor/lib/test/auto/PubSubWithInitialTokens.xml
----------------- Instantiating /home/travis/build/icyphy/ptII/ptolemy/actor/lib/test/auto/PubSubWithInitialTokens.xml
2 ms. Memory: 310272K Free: 191225K (62%)
----------------- Invoking toplevel() on ptolemy.moml.MoMLSimpleApplication@12c836ed
----------------- Done invoking toplevel() on ptolemy.moml.MoMLSimpleApplication@12c836ed
reloadAllAccessors: .PubSubWithInitialTokens

===========================================================================================
----------------- testing Thu Oct 01 16:27:17 UTC 2020 /home/travis/build/icyphy/ptII/ptolemy/actor/lib/test/auto/PubSubWithInitialTokens2.xml
----------------- Instantiating /home/travis/build/icyphy/ptII/ptolemy/actor/lib/test/auto/PubSubWithInitialTokens2.xml
4 ms. Memory: 310272K Free: 185081K (60%)
----------------- Invoking toplevel() on ptolemy.moml.MoMLSimpleApplication@231f32e3
----------------- Done invoking toplevel() on ptolemy.moml.MoMLSimpleApplication@231f32e3
reloadAllAccessors: .PubSubWithInitialTokens2

===========================================================================================
----------------- testing Thu Oct 01 16:27:17 UTC 2020 /home/travis/build/icyphy/ptII/ptolemy/actor/lib/test/auto/PublisherClassNoParameter.xml
----------------- Instantiating /home/travis/build/icyphy/ptII/ptolemy/actor/lib/test/auto/PublisherClassNoParameter.xml
2 ms. Memory: 310272K Free: 175865K (57%)
----------------- Invoking toplevel() on ptolemy.moml.MoMLSimpleApplication@1522e411
----------------- Done invoking toplevel() on ptolemy.moml.MoMLSimpleApplication@1522e411
reloadAllAccessors: .PublisherClassNoParameter

===========================================================================================
----------------- testing Thu Oct 01 16:27:17 UTC 2020 /home/travis/build/icyphy/ptII/ptolemy/actor/lib/test/auto/PublisherClassParameter.xml
----------------- Instantiating /home/travis/build/icyphy/ptII/ptolemy/actor/lib/test/auto/PublisherClassParameter.xml
2 ms. Memory: 310272K Free: 165105K (53%)
----------------- Invoking toplevel() on ptolemy.moml.MoMLSimpleApplication@1c6694ff
----------------- Done invoking toplevel() on ptolemy.moml.MoMLSimpleApplication@1c6694ff
reloadAllAccessors: .PublisherClassParameter

===========================================================================================
----------------- testing Thu Oct 01 16:27:17 UTC 2020 /home/travis/build/icyphy/ptII/ptolemy/actor/lib/test/auto/PublisherNonStrictTest.xml
----------------- Instantiating /home/travis/build/icyphy/ptII/ptolemy/actor/lib/test/auto/PublisherNonStrictTest.xml
2 ms. Memory: 310272K Free: 157433K (51%)
----------------- Invoking toplevel() on ptolemy.moml.MoMLSimpleApplication@245c8740
----------------- Done invoking toplevel() on ptolemy.moml.MoMLSimpleApplication@245c8740
reloadAllAccessors: .PublisherNonStrictTest

===========================================================================================
----------------- testing Thu Oct 01 16:27:17 UTC 2020 /home/travis/build/icyphy/ptII/ptolemy/actor/lib/test/auto/PublisherPort1.xml
----------------- Instantiating /home/travis/build/icyphy/ptII/ptolemy/actor/lib/test/auto/PublisherPort1.xml
3 ms. Memory: 310272K Free: 151785K (49%)
----------------- Invoking toplevel() on ptolemy.moml.MoMLSimpleApplication@3976e676
----------------- Done invoking toplevel() on ptolemy.moml.MoMLSimpleApplication@3976e676
reloadAllAccessors: .PublisherPort1

===========================================================================================
----------------- testing Thu Oct 01 16:27:17 UTC 2020 /home/travis/build/icyphy/ptII/ptolemy/actor/lib/test/auto/PublisherPort2.xml
----------------- Instantiating /home/travis/build/icyphy/ptII/ptolemy/actor/lib/test/auto/PublisherPort2.xml
1 ms. Memory: 310272K Free: 146679K (47%)
----------------- Invoking toplevel() on ptolemy.moml.MoMLSimpleApplication@5869a455
----------------- Done invoking toplevel() on ptolemy.moml.MoMLSimpleApplication@5869a455
reloadAllAccessors: .PublisherPort2

===========================================================================================
----------------- testing Thu Oct 01 16:27:17 UTC 2020 /home/travis/build/icyphy/ptII/ptolemy/actor/lib/test/auto/PublisherPort3.xml
----------------- Instantiating /home/travis/build/icyphy/ptII/ptolemy/actor/lib/test/auto/PublisherPort3.xml
10 ms. Memory: 310272K Free: 140505K (45%)
----------------- Invoking toplevel() on ptolemy.moml.MoMLSimpleApplication@46c9380d
----------------- Done invoking toplevel() on ptolemy.moml.MoMLSimpleApplication@46c9380d
reloadAllAccessors: .PublisherPort3

===========================================================================================
----------------- testing Thu Oct 01 16:27:17 UTC 2020 /home/travis/build/icyphy/ptII/ptolemy/actor/lib/test/auto/PublisherPort4.xml
----------------- Instantiating /home/travis/build/icyphy/ptII/ptolemy/actor/lib/test/auto/PublisherPort4.xml
2 ms. Memory: 310272K Free: 134905K (43%)
----------------- Invoking toplevel() on ptolemy.moml.MoMLSimpleApplication@5ec1eb8e
----------------- Done invoking toplevel() on ptolemy.moml.MoMLSimpleApplication@5ec1eb8e
reloadAllAccessors: .PublisherPort4

===========================================================================================
----------------- testing Thu Oct 01 16:27:17 UTC 2020 /home/travis/build/icyphy/ptII/ptolemy/actor/lib/test/auto/PublisherPort5.xml
----------------- Instantiating /home/travis/build/icyphy/ptII/ptolemy/actor/lib/test/auto/PublisherPort5.xml
4 ms. Memory: 310272K Free: 127223K (41%)
----------------- Invoking toplevel() on ptolemy.moml.MoMLSimpleApplication@756066d3
----------------- Done invoking toplevel() on ptolemy.moml.MoMLSimpleApplication@756066d3
reloadAllAccessors: .PublisherPort5

===========================================================================================
----------------- testing Thu Oct 01 16:27:17 UTC 2020 /home/travis/build/icyphy/ptII/ptolemy/actor/lib/test/auto/PublisherPort5LookAlike.xml
----------------- Instantiating /home/travis/build/icyphy/ptII/ptolemy/actor/lib/test/auto/PublisherPort5LookAlike.xml
7 ms. Memory: 310272K Free: 119545K (39%)
----------------- Invoking toplevel() on ptolemy.moml.MoMLSimpleApplication@4f6bd552
----------------- Done invoking toplevel() on ptolemy.moml.MoMLSimpleApplication@4f6bd552
reloadAllAccessors: .PublisherPort5LookAlike

===========================================================================================
----------------- testing Thu Oct 01 16:27:17 UTC 2020 /home/travis/build/icyphy/ptII/ptolemy/actor/lib/test/auto/PublisherPort6.xml
----------------- Instantiating /home/travis/build/icyphy/ptII/ptolemy/actor/lib/test/auto/PublisherPort6.xml
2 ms. Memory: 310272K Free: 112873K (36%)
----------------- Invoking toplevel() on ptolemy.moml.MoMLSimpleApplication@1fd89690
----------------- Done invoking toplevel() on ptolemy.moml.MoMLSimpleApplication@1fd89690
reloadAllAccessors: .PublisherPort6

===========================================================================================
----------------- testing Thu Oct 01 16:27:17 UTC 2020 /home/travis/build/icyphy/ptII/ptolemy/actor/lib/test/auto/PublisherPort7.xml
----------------- Instantiating /home/travis/build/icyphy/ptII/ptolemy/actor/lib/test/auto/PublisherPort7.xml
3 ms. Memory: 310272K Free: 105209K (34%)
----------------- Invoking toplevel() on ptolemy.moml.MoMLSimpleApplication@6b1d44d7
----------------- Done invoking toplevel() on ptolemy.moml.MoMLSimpleApplication@6b1d44d7
reloadAllAccessors: .PublisherPort7

===========================================================================================
----------------- testing Thu Oct 01 16:27:17 UTC 2020 /home/travis/build/icyphy/ptII/ptolemy/actor/lib/test/auto/PublisherPort8.xml
----------------- Instantiating /home/travis/build/icyphy/ptII/ptolemy/actor/lib/test/auto/PublisherPort8.xml
3 ms. Memory: 310272K Free: 96503K (31%)
----------------- Invoking toplevel() on ptolemy.moml.MoMLSimpleApplication@491b288c
----------------- Done invoking toplevel() on ptolemy.moml.MoMLSimpleApplication@491b288c
reloadAllAccessors: .PublisherPort8

===========================================================================================
----------------- testing Thu Oct 01 16:27:17 UTC 2020 /home/travis/build/icyphy/ptII/ptolemy/actor/lib/test/auto/PublisherPortSubscriberChannelVariablesAOC2.xml
----------------- Instantiating /home/travis/build/icyphy/ptII/ptolemy/actor/lib/test/auto/PublisherPortSubscriberChannelVariablesAOC2.xml
12 ms. Memory: 310272K Free: 259764K (84%)
----------------- Invoking toplevel() on ptolemy.moml.MoMLSimpleApplication@aa282fd
----------------- Done invoking toplevel() on ptolemy.moml.MoMLSimpleApplication@aa282fd
reloadAllAccessors: .PublisherPortSubscriberChannelVariablesAOC2

===========================================================================================
----------------- testing Thu Oct 01 16:27:17 UTC 2020 /home/travis/build/icyphy/ptII/ptolemy/actor/lib/test/auto/PublisherPortSubscriberOpaqueWidthInference.xml
----------------- Instantiating /home/travis/build/icyphy/ptII/ptolemy/actor/lib/test/auto/PublisherPortSubscriberOpaqueWidthInference.xml
3 ms. Memory: 310272K Free: 251852K (81%)
----------------- Invoking toplevel() on ptolemy.moml.MoMLSimpleApplication@173c550d
----------------- Done invoking toplevel() on ptolemy.moml.MoMLSimpleApplication@173c550d
reloadAllAccessors: .PublisherPortSubscriberOpaqueWidthInference

===========================================================================================
----------------- testing Thu Oct 01 16:27:17 UTC 2020 /home/travis/build/icyphy/ptII/ptolemy/actor/lib/test/auto/PublisherPortSubscriberPortAdjacent.xml
----------------- Instantiating /home/travis/build/icyphy/ptII/ptolemy/actor/lib/test/auto/PublisherPortSubscriberPortAdjacent.xml
2 ms. Memory: 310272K Free: 243674K (79%)
----------------- Invoking toplevel() on ptolemy.moml.MoMLSimpleApplication@2e32749a
----------------- Done invoking toplevel() on ptolemy.moml.MoMLSimpleApplication@2e32749a
reloadAllAccessors: .PublisherPortSubscriberPortAdjacent

===========================================================================================
----------------- testing Thu Oct 01 16:27:17 UTC 2020 /home/travis/build/icyphy/ptII/ptolemy/actor/lib/test/auto/PublisherPortSubscriberPortExpression.xml
----------------- Instantiating /home/travis/build/icyphy/ptII/ptolemy/actor/lib/test/auto/PublisherPortSubscriberPortExpression.xml
7 ms. Memory: 310272K Free: 235996K (76%)
----------------- Invoking toplevel() on ptolemy.moml.MoMLSimpleApplication@1985e5b0
----------------- Done invoking toplevel() on ptolemy.moml.MoMLSimpleApplication@1985e5b0
reloadAllAccessors: .PublisherPortSubscriberPortExpression

===========================================================================================
----------------- testing Thu Oct 01 16:27:17 UTC 2020 /home/travis/build/icyphy/ptII/ptolemy/actor/lib/test/auto/PublisherPortSubscriberPortOpaqueD3Reverse.xml
----------------- Instantiating /home/travis/build/icyphy/ptII/ptolemy/actor/lib/test/auto/PublisherPortSubscriberPortOpaqueD3Reverse.xml
5 ms. Memory: 310272K Free: 225756K (73%)
----------------- Invoking toplevel() on ptolemy.moml.MoMLSimpleApplication@7b41dd1f
----------------- Done invoking toplevel() on ptolemy.moml.MoMLSimpleApplication@7b41dd1f
reloadAllAccessors: .PublisherPortSubscriberPortOpaqueD3Reverse

===========================================================================================
----------------- testing Thu Oct 01 16:27:17 UTC 2020 /home/travis/build/icyphy/ptII/ptolemy/actor/lib/test/auto/PublisherPortSubscriberPortOpaqueWidthInference.xml
----------------- Instantiating /home/travis/build/icyphy/ptII/ptolemy/actor/lib/test/auto/PublisherPortSubscriberPortOpaqueWidthInference.xml
3 ms. Memory: 310272K Free: 218060K (70%)
----------------- Invoking toplevel() on ptolemy.moml.MoMLSimpleApplication@35900fcc
----------------- Done invoking toplevel() on ptolemy.moml.MoMLSimpleApplication@35900fcc
reloadAllAccessors: .PublisherPortSubscriberPortOpaqueWidthInference

===========================================================================================
----------------- testing Thu Oct 01 16:27:17 UTC 2020 /home/travis/build/icyphy/ptII/ptolemy/actor/lib/test/auto/PublisherPortToplevelSubscriberPortAOC.xml
----------------- Instantiating /home/travis/build/icyphy/ptII/ptolemy/actor/lib/test/auto/PublisherPortToplevelSubscriberPortAOC.xml
.PublisherPortToplevelSubscriberPortAOC.TestExceptionAttribute: initialize() was not invoked, but wrapup() was.  This is unusual, but not always a problem.  For example, exporting JNLP will do this.
1 ms. Memory: 310272K Free: 212444K (68%)
----------------- Invoking toplevel() on ptolemy.moml.MoMLSimpleApplication@71540bfe
----------------- Done invoking toplevel() on ptolemy.moml.MoMLSimpleApplication@71540bfe
reloadAllAccessors: .PublisherPortToplevelSubscriberPortAOC

===========================================================================================
----------------- testing Thu Oct 01 16:27:17 UTC 2020 /home/travis/build/icyphy/ptII/ptolemy/actor/lib/test/auto/PublisherSubscriber.xml
----------------- Instantiating /home/travis/build/icyphy/ptII/ptolemy/actor/lib/test/auto/PublisherSubscriber.xml
2 ms. Memory: 310272K Free: 205276K (66%)
----------------- Invoking toplevel() on ptolemy.moml.MoMLSimpleApplication@4e856038
----------------- Done invoking toplevel() on ptolemy.moml.MoMLSimpleApplication@4e856038
reloadAllAccessors: .PublisherSubscriber

===========================================================================================
----------------- testing Thu Oct 01 16:27:17 UTC 2020 /home/travis/build/icyphy/ptII/ptolemy/actor/lib/test/auto/PublisherSubscriber10.xml
----------------- Instantiating /home/travis/build/icyphy/ptII/ptolemy/actor/lib/test/auto/PublisherSubscriber10.xml
5 ms. Memory: 310272K Free: 195546K (63%)
----------------- Invoking toplevel() on ptolemy.moml.MoMLSimpleApplication@3a41708e
----------------- Done invoking toplevel() on ptolemy.moml.MoMLSimpleApplication@3a41708e
reloadAllAccessors: .PublisherSubscriber10

===========================================================================================
----------------- testing Thu Oct 01 16:27:17 UTC 2020 /home/travis/build/icyphy/ptII/ptolemy/actor/lib/test/auto/PublisherSubscriber10InitialOutputs.xml
----------------- Instantiating /home/travis/build/icyphy/ptII/ptolemy/actor/lib/test/auto/PublisherSubscriber10InitialOutputs.xml
14 ms. Memory: 310272K Free: 186330K (60%)
----------------- Invoking toplevel() on ptolemy.moml.MoMLSimpleApplication@7fd0c177
----------------- Done invoking toplevel() on ptolemy.moml.MoMLSimpleApplication@7fd0c177
reloadAllAccessors: .PublisherSubscriber10InitialOutputs

===========================================================================================
----------------- testing Thu Oct 01 16:27:17 UTC 2020 /home/travis/build/icyphy/ptII/ptolemy/actor/lib/test/auto/PublisherSubscriber11.xml
----------------- Instantiating /home/travis/build/icyphy/ptII/ptolemy/actor/lib/test/auto/PublisherSubscriber11.xml
3 ms. Memory: 310272K Free: 180156K (58%)
----------------- Invoking toplevel() on ptolemy.moml.MoMLSimpleApplication@7e7dc1cb
----------------- Done invoking toplevel() on ptolemy.moml.MoMLSimpleApplication@7e7dc1cb
reloadAllAccessors: .PublisherSubscriber11

===========================================================================================
----------------- testing Thu Oct 01 16:27:17 UTC 2020 /home/travis/build/icyphy/ptII/ptolemy/actor/lib/test/auto/PublisherSubscriber12.xml
----------------- Instantiating /home/travis/build/icyphy/ptII/ptolemy/actor/lib/test/auto/PublisherSubscriber12.xml
4 ms. Memory: 310272K Free: 173018K (56%)
----------------- Invoking toplevel() on ptolemy.moml.MoMLSimpleApplication@7c2160a9
----------------- Done invoking toplevel() on ptolemy.moml.MoMLSimpleApplication@7c2160a9
reloadAllAccessors: .PublisherSubscriber12

===========================================================================================
----------------- testing Thu Oct 01 16:27:17 UTC 2020 /home/travis/build/icyphy/ptII/ptolemy/actor/lib/test/auto/PublisherSubscriber13.xml
----------------- Instantiating /home/travis/build/icyphy/ptII/ptolemy/actor/lib/test/auto/PublisherSubscriber13.xml
1 ms. Memory: 310272K Free: 167884K (54%)
----------------- Invoking toplevel() on ptolemy.moml.MoMLSimpleApplication@3b8ec9b7
----------------- Done invoking toplevel() on ptolemy.moml.MoMLSimpleApplication@3b8ec9b7
reloadAllAccessors: .PublisherSubscriber13

===========================================================================================
----------------- testing Thu Oct 01 16:27:17 UTC 2020 /home/travis/build/icyphy/ptII/ptolemy/actor/lib/test/auto/PublisherSubscriber14.xml
----------------- Instantiating /home/travis/build/icyphy/ptII/ptolemy/actor/lib/test/auto/PublisherSubscriber14.xml
1 ms. Memory: 310272K Free: 159196K (51%)
----------------- Invoking toplevel() on ptolemy.moml.MoMLSimpleApplication@3c052c0f
----------------- Done invoking toplevel() on ptolemy.moml.MoMLSimpleApplication@3c052c0f
reloadAllAccessors: .PublisherSubscriber14

===========================================================================================
----------------- testing Thu Oct 01 16:27:17 UTC 2020 /home/travis/build/icyphy/ptII/ptolemy/actor/lib/test/auto/PublisherSubscriber2.xml
----------------- Instantiating /home/travis/build/icyphy/ptII/ptolemy/actor/lib/test/auto/PublisherSubscriber2.xml
3 ms. Memory: 310272K Free: 153562K (49%)
----------------- Invoking toplevel() on ptolemy.moml.MoMLSimpleApplication@47b73b3f
----------------- Done invoking toplevel() on ptolemy.moml.MoMLSimpleApplication@47b73b3f
reloadAllAccessors: .PublisherSubscriber2

===========================================================================================
----------------- testing Thu Oct 01 16:27:17 UTC 2020 /home/travis/build/icyphy/ptII/ptolemy/actor/lib/test/auto/PublisherSubscriber3.xml
----------------- Instantiating /home/travis/build/icyphy/ptII/ptolemy/actor/lib/test/auto/PublisherSubscriber3.xml
1 ms. Memory: 310272K Free: 148442K (48%)
----------------- Invoking toplevel() on ptolemy.moml.MoMLSimpleApplication@60bfeab1
----------------- Done invoking toplevel() on ptolemy.moml.MoMLSimpleApplication@60bfeab1
reloadAllAccessors: .PublisherSubscriber3

===========================================================================================
----------------- testing Thu Oct 01 16:27:17 UTC 2020 /home/travis/build/icyphy/ptII/ptolemy/actor/lib/test/auto/PublisherSubscriber4.xml
----------------- Instantiating /home/travis/build/icyphy/ptII/ptolemy/actor/lib/test/auto/PublisherSubscriber4.xml
1 ms. Memory: 310272K Free: 143322K (46%)
----------------- Invoking toplevel() on ptolemy.moml.MoMLSimpleApplication@da525a
----------------- Done invoking toplevel() on ptolemy.moml.MoMLSimpleApplication@da525a
reloadAllAccessors: .PublisherSubscriber4

===========================================================================================
----------------- testing Thu Oct 01 16:27:17 UTC 2020 /home/travis/build/icyphy/ptII/ptolemy/actor/lib/test/auto/PublisherSubscriber5.xml
----------------- Instantiating /home/travis/build/icyphy/ptII/ptolemy/actor/lib/test/auto/PublisherSubscriber5.xml
2 ms. Memory: 310272K Free: 136154K (44%)
----------------- Invoking toplevel() on ptolemy.moml.MoMLSimpleApplication@181d2ceb
----------------- Done invoking toplevel() on ptolemy.moml.MoMLSimpleApplication@181d2ceb
reloadAllAccessors: .PublisherSubscriber5

===========================================================================================
----------------- testing Thu Oct 01 16:27:17 UTC 2020 /home/travis/build/icyphy/ptII/ptolemy/actor/lib/test/auto/PublisherSubscriber6.xml
----------------- Instantiating /home/travis/build/icyphy/ptII/ptolemy/actor/lib/test/auto/PublisherSubscriber6.xml
3 ms. Memory: 310272K Free: 129500K (42%)
----------------- Invoking toplevel() on ptolemy.moml.MoMLSimpleApplication@22dbf47d
----------------- Done invoking toplevel() on ptolemy.moml.MoMLSimpleApplication@22dbf47d
reloadAllAccessors: .PublisherSubscriber6

===========================================================================================
----------------- testing Thu Oct 01 16:27:18 UTC 2020 /home/travis/build/icyphy/ptII/ptolemy/actor/lib/test/auto/PublisherSubscriber7.xml
----------------- Instantiating /home/travis/build/icyphy/ptII/ptolemy/actor/lib/test/auto/PublisherSubscriber7.xml
7 ms. Memory: 310272K Free: 122842K (40%)
----------------- Invoking toplevel() on ptolemy.moml.MoMLSimpleApplication@2e9ff04c
----------------- Done invoking toplevel() on ptolemy.moml.MoMLSimpleApplication@2e9ff04c
reloadAllAccessors: .PublisherSubscriber7

===========================================================================================
----------------- testing Thu Oct 01 16:27:18 UTC 2020 /home/travis/build/icyphy/ptII/ptolemy/actor/lib/test/auto/PublisherSubscriber8.xml
----------------- Instantiating /home/travis/build/icyphy/ptII/ptolemy/actor/lib/test/auto/PublisherSubscriber8.xml
14 ms. Memory: 310272K Free: 111068K (36%)
----------------- Invoking toplevel() on ptolemy.moml.MoMLSimpleApplication@44aa66b5
----------------- Done invoking toplevel() on ptolemy.moml.MoMLSimpleApplication@44aa66b5
reloadAllAccessors: .PublisherSubscriber8

===========================================================================================
----------------- testing Thu Oct 01 16:27:18 UTC 2020 /home/travis/build/icyphy/ptII/ptolemy/actor/lib/test/auto/PublisherSubscriber9.xml
----------------- Instantiating /home/travis/build/icyphy/ptII/ptolemy/actor/lib/test/auto/PublisherSubscriber9.xml
2 ms. Memory: 310272K Free: 103900K (33%)
----------------- Invoking toplevel() on ptolemy.moml.MoMLSimpleApplication@631108fb
----------------- Done invoking toplevel() on ptolemy.moml.MoMLSimpleApplication@631108fb
reloadAllAccessors: .PublisherSubscriber9

===========================================================================================
----------------- testing Thu Oct 01 16:27:18 UTC 2020 /home/travis/build/icyphy/ptII/ptolemy/actor/lib/test/auto/PublisherSubscriberAdjacent.xml
----------------- Instantiating /home/travis/build/icyphy/ptII/ptolemy/actor/lib/test/auto/PublisherSubscriberAdjacent.xml
2 ms. Memory: 310272K Free: 95708K (31%)
----------------- Invoking toplevel() on ptolemy.moml.MoMLSimpleApplication@273a7587
----------------- Done invoking toplevel() on ptolemy.moml.MoMLSimpleApplication@273a7587
reloadAllAccessors: .PublisherSubscriberAdjacent

===========================================================================================
----------------- testing Thu Oct 01 16:27:18 UTC 2020 /home/travis/build/icyphy/ptII/ptolemy/actor/lib/test/auto/PublisherSubscriberChannelVariablesAOC2.xml
----------------- Instantiating /home/travis/build/icyphy/ptII/ptolemy/actor/lib/test/auto/PublisherSubscriberChannelVariablesAOC2.xml
2 ms. Memory: 310272K Free: 80348K (26%)
----------------- Invoking toplevel() on ptolemy.moml.MoMLSimpleApplication@67763d69
----------------- Done invoking toplevel() on ptolemy.moml.MoMLSimpleApplication@67763d69
reloadAllAccessors: .PublisherSubscriberChannelVariablesAOC2

===========================================================================================
----------------- testing Thu Oct 01 16:27:18 UTC 2020 /home/travis/build/icyphy/ptII/ptolemy/actor/lib/test/auto/PublisherSubscriberD3.xml
----------------- Instantiating /home/travis/build/icyphy/ptII/ptolemy/actor/lib/test/auto/PublisherSubscriberD3.xml
1 ms. Memory: 310272K Free: 254391K (82%)
----------------- Invoking toplevel() on ptolemy.moml.MoMLSimpleApplication@4babd32d
----------------- Done invoking toplevel() on ptolemy.moml.MoMLSimpleApplication@4babd32d
reloadAllAccessors: .PublisherSubscriberD3

===========================================================================================
----------------- testing Thu Oct 01 16:27:18 UTC 2020 /home/travis/build/icyphy/ptII/ptolemy/actor/lib/test/auto/PublisherSubscriberD3Reverse.xml
----------------- Instantiating /home/travis/build/icyphy/ptII/ptolemy/actor/lib/test/auto/PublisherSubscriberD3Reverse.xml
1 ms. Memory: 310272K Free: 247733K (80%)
----------------- Invoking toplevel() on ptolemy.moml.MoMLSimpleApplication@7ffd726c
----------------- Done invoking toplevel() on ptolemy.moml.MoMLSimpleApplication@7ffd726c
reloadAllAccessors: .PublisherSubscriberD3Reverse

===========================================================================================
----------------- testing Thu Oct 01 16:27:18 UTC 2020 /home/travis/build/icyphy/ptII/ptolemy/actor/lib/test/auto/PublisherSubscriberExpression.xml
----------------- Instantiating /home/travis/build/icyphy/ptII/ptolemy/actor/lib/test/auto/PublisherSubscriberExpression.xml
3 ms. Memory: 310272K Free: 239031K (77%)
----------------- Invoking toplevel() on ptolemy.moml.MoMLSimpleApplication@53383c6d
----------------- Done invoking toplevel() on ptolemy.moml.MoMLSimpleApplication@53383c6d
reloadAllAccessors: .PublisherSubscriberExpression

===========================================================================================
----------------- testing Thu Oct 01 16:27:18 UTC 2020 /home/travis/build/icyphy/ptII/ptolemy/actor/lib/test/auto/PublisherSubscriberOpaque.xml
----------------- Instantiating /home/travis/build/icyphy/ptII/ptolemy/actor/lib/test/auto/PublisherSubscriberOpaque.xml
4 ms. Memory: 310272K Free: 230839K (74%)
----------------- Invoking toplevel() on ptolemy.moml.MoMLSimpleApplication@161e7665
----------------- Done invoking toplevel() on ptolemy.moml.MoMLSimpleApplication@161e7665
reloadAllAccessors: .PublisherSubscriberOpaque

===========================================================================================
----------------- testing Thu Oct 01 16:27:18 UTC 2020 /home/travis/build/icyphy/ptII/ptolemy/actor/lib/test/auto/PublisherSubscriberOpaqueD3.xml
----------------- Instantiating /home/travis/build/icyphy/ptII/ptolemy/actor/lib/test/auto/PublisherSubscriberOpaqueD3.xml
4 ms. Memory: 310272K Free: 220085K (71%)
----------------- Invoking toplevel() on ptolemy.moml.MoMLSimpleApplication@68b9ca3
----------------- Done invoking toplevel() on ptolemy.moml.MoMLSimpleApplication@68b9ca3
reloadAllAccessors: .PublisherSubscriberOpaqueD3

===========================================================================================
----------------- testing Thu Oct 01 16:27:18 UTC 2020 /home/travis/build/icyphy/ptII/ptolemy/actor/lib/test/auto/PublisherSubscriberOpaqueD3Reverse.xml
----------------- Instantiating /home/travis/build/icyphy/ptII/ptolemy/actor/lib/test/auto/PublisherSubscriberOpaqueD3Reverse.xml
7 ms. Memory: 310272K Free: 209335K (67%)
----------------- Invoking toplevel() on ptolemy.moml.MoMLSimpleApplication@a1a5e61
----------------- Done invoking toplevel() on ptolemy.moml.MoMLSimpleApplication@a1a5e61
reloadAllAccessors: .PublisherSubscriberOpaqueD3Reverse

===========================================================================================
----------------- testing Thu Oct 01 16:27:18 UTC 2020 /home/travis/build/icyphy/ptII/ptolemy/actor/lib/test/auto/PublisherSubscriberOpaqueWidthInference.xml
----------------- Instantiating /home/travis/build/icyphy/ptII/ptolemy/actor/lib/test/auto/PublisherSubscriberOpaqueWidthInference.xml
3 ms. Memory: 310272K Free: 201143K (65%)
----------------- Invoking toplevel() on ptolemy.moml.MoMLSimpleApplication@1854cd8b
----------------- Done invoking toplevel() on ptolemy.moml.MoMLSimpleApplication@1854cd8b
reloadAllAccessors: .PublisherSubscriberOpaqueWidthInference

===========================================================================================
----------------- testing Thu Oct 01 16:27:18 UTC 2020 /home/travis/build/icyphy/ptII/ptolemy/actor/lib/test/auto/PublisherTestSubscriber.xml
----------------- Instantiating /home/travis/build/icyphy/ptII/ptolemy/actor/lib/test/auto/PublisherTestSubscriber.xml
2 ms. Memory: 310272K Free: 193455K (62%)
----------------- Invoking toplevel() on ptolemy.moml.MoMLSimpleApplication@22c3d30b
----------------- Done invoking toplevel() on ptolemy.moml.MoMLSimpleApplication@22c3d30b
reloadAllAccessors: .PublisherTestSubscriber

===========================================================================================
----------------- testing Thu Oct 01 16:27:18 UTC 2020 /home/travis/build/icyphy/ptII/ptolemy/actor/lib/test/auto/PublisherToplevelSubscriberPortAOC.xml
----------------- Instantiating /home/travis/build/icyphy/ptII/ptolemy/actor/lib/test/auto/PublisherToplevelSubscriberPortAOC.xml
1 ms. Memory: 310272K Free: 186807K (60%)
----------------- Invoking toplevel() on ptolemy.moml.MoMLSimpleApplication@7fbc526c
----------------- Done invoking toplevel() on ptolemy.moml.MoMLSimpleApplication@7fbc526c
reloadAllAccessors: .PublisherToplevelSubscriberPortAOC

===========================================================================================
----------------- testing Thu Oct 01 16:27:18 UTC 2020 /home/travis/build/icyphy/ptII/ptolemy/actor/lib/test/auto/PulseFiringLimitDE.xml
----------------- Instantiating /home/travis/build/icyphy/ptII/ptolemy/actor/lib/test/auto/PulseFiringLimitDE.xml
2 ms. Memory: 310272K Free: 180663K (58%)
----------------- Invoking toplevel() on ptolemy.moml.MoMLSimpleApplication@4d708327
----------------- Done invoking toplevel() on ptolemy.moml.MoMLSimpleApplication@4d708327
reloadAllAccessors: .PulseFiringLimitDE

===========================================================================================
----------------- testing Thu Oct 01 16:27:18 UTC 2020 /home/travis/build/icyphy/ptII/ptolemy/actor/lib/test/auto/Ramp1.xml
----------------- Instantiating /home/travis/build/icyphy/ptII/ptolemy/actor/lib/test/auto/Ramp1.xml
1 ms. Memory: 310272K Free: 176567K (57%)
----------------- Invoking toplevel() on ptolemy.moml.MoMLSimpleApplication@3dc1f81
----------------- Done invoking toplevel() on ptolemy.moml.MoMLSimpleApplication@3dc1f81
reloadAllAccessors: .Ramp1

===========================================================================================
----------------- testing Thu Oct 01 16:27:18 UTC 2020 /home/travis/build/icyphy/ptII/ptolemy/actor/lib/test/auto/RampFiringLimitDE.xml
----------------- Instantiating /home/travis/build/icyphy/ptII/ptolemy/actor/lib/test/auto/RampFiringLimitDE.xml
3 ms. Memory: 310272K Free: 170423K (55%)
----------------- Invoking toplevel() on ptolemy.moml.MoMLSimpleApplication@73ae2aca
----------------- Done invoking toplevel() on ptolemy.moml.MoMLSimpleApplication@73ae2aca
reloadAllAccessors: .RampFiringLimitDE

===========================================================================================
----------------- testing Thu Oct 01 16:27:18 UTC 2020 /home/travis/build/icyphy/ptII/ptolemy/actor/lib/test/auto/RampFiringLimitSDF.xml
----------------- Instantiating /home/travis/build/icyphy/ptII/ptolemy/actor/lib/test/auto/RampFiringLimitSDF.xml
1 ms. Memory: 310272K Free: 165303K (53%)
----------------- Invoking toplevel() on ptolemy.moml.MoMLSimpleApplication@135f693a
----------------- Done invoking toplevel() on ptolemy.moml.MoMLSimpleApplication@135f693a
reloadAllAccessors: .RampFiringLimitSDF

===========================================================================================
----------------- testing Thu Oct 01 16:27:18 UTC 2020 /home/travis/build/icyphy/ptII/ptolemy/actor/lib/test/auto/RandomInteger.xml
----------------- Instantiating /home/travis/build/icyphy/ptII/ptolemy/actor/lib/test/auto/RandomInteger.xml
1 ms. Memory: 310272K Free: 161207K (52%)
----------------- Invoking toplevel() on ptolemy.moml.MoMLSimpleApplication@50810ff6
----------------- Done invoking toplevel() on ptolemy.moml.MoMLSimpleApplication@50810ff6
reloadAllAccessors: .RandomInteger

===========================================================================================
----------------- testing Thu Oct 01 16:27:18 UTC 2020 /home/travis/build/icyphy/ptII/ptolemy/actor/lib/test/auto/ReadFile1.xml
----------------- Instantiating /home/travis/build/icyphy/ptII/ptolemy/actor/lib/test/auto/ReadFile1.xml
2 ms. Memory: 310272K Free: 156583K (50%)
----------------- Invoking toplevel() on ptolemy.moml.MoMLSimpleApplication@68650341
----------------- Done invoking toplevel() on ptolemy.moml.MoMLSimpleApplication@68650341
reloadAllAccessors: .ReadFile1

===========================================================================================
----------------- testing Thu Oct 01 16:27:18 UTC 2020 /home/travis/build/icyphy/ptII/ptolemy/actor/lib/test/auto/ReadFile2.xml
----------------- Instantiating /home/travis/build/icyphy/ptII/ptolemy/actor/lib/test/auto/ReadFile2.xml
1 ms. Memory: 310272K Free: 152501K (49%)
----------------- Invoking toplevel() on ptolemy.moml.MoMLSimpleApplication@579e67cc
----------------- Done invoking toplevel() on ptolemy.moml.MoMLSimpleApplication@579e67cc
reloadAllAccessors: .ReadFile2

===========================================================================================
----------------- testing Thu Oct 01 16:27:18 UTC 2020 /home/travis/build/icyphy/ptII/ptolemy/actor/lib/test/auto/Reader.xml
----------------- Instantiating /home/travis/build/icyphy/ptII/ptolemy/actor/lib/test/auto/Reader.xml
actor.lib.Reader is obsolete, use actor.lib.io.ExpressionReader instead
3 ms. Memory: 310272K Free: 148405K (48%)
----------------- Invoking toplevel() on ptolemy.moml.MoMLSimpleApplication@25570c00
----------------- Done invoking toplevel() on ptolemy.moml.MoMLSimpleApplication@25570c00
reloadAllAccessors: .Reader

===========================================================================================
----------------- testing Thu Oct 01 16:27:18 UTC 2020 /home/travis/build/icyphy/ptII/ptolemy/actor/lib/test/auto/RecordAssemblerDisplayNameTest.xml
----------------- Instantiating /home/travis/build/icyphy/ptII/ptolemy/actor/lib/test/auto/RecordAssemblerDisplayNameTest.xml
3143 ms. Memory: 310272K Free: 217132K (70%)
----------------- Invoking toplevel() on ptolemy.moml.MoMLSimpleApplication@6297ef83
----------------- Done invoking toplevel() on ptolemy.moml.MoMLSimpleApplication@6297ef83
reloadAllAccessors: .RecordAssemblerDisplayNameTest

===========================================================================================
----------------- testing Thu Oct 01 16:27:21 UTC 2020 /home/travis/build/icyphy/ptII/ptolemy/actor/lib/test/auto/RecordAssemblerTypeError.xml
----------------- Instantiating /home/travis/build/icyphy/ptII/ptolemy/actor/lib/test/auto/RecordAssemblerTypeError.xml
7 ms. Memory: 310272K Free: 207406K (67%)
----------------- Invoking toplevel() on ptolemy.moml.MoMLSimpleApplication@5456fa7e
----------------- Done invoking toplevel() on ptolemy.moml.MoMLSimpleApplication@5456fa7e
reloadAllAccessors: .RecordAssemblerTypeError

===========================================================================================
----------------- testing Thu Oct 01 16:27:21 UTC 2020 /home/travis/build/icyphy/ptII/ptolemy/actor/lib/test/auto/RecordDisassember.xml
----------------- Instantiating /home/travis/build/icyphy/ptII/ptolemy/actor/lib/test/auto/RecordDisassember.xml
2 ms. Memory: 310272K Free: 202766K (65%)
----------------- Invoking toplevel() on ptolemy.moml.MoMLSimpleApplication@6d8f321f
----------------- Done invoking toplevel() on ptolemy.moml.MoMLSimpleApplication@6d8f321f
reloadAllAccessors: .RecordDisassember

===========================================================================================
----------------- testing Thu Oct 01 16:27:21 UTC 2020 /home/travis/build/icyphy/ptII/ptolemy/actor/lib/test/auto/RecordDisassemberDisplayNameTest.xml
----------------- Instantiating /home/travis/build/icyphy/ptII/ptolemy/actor/lib/test/auto/RecordDisassemberDisplayNameTest.xml
15 ms. Memory: 310272K Free: 195118K (63%)
----------------- Invoking toplevel() on ptolemy.moml.MoMLSimpleApplication@258388b7
----------------- Done invoking toplevel() on ptolemy.moml.MoMLSimpleApplication@258388b7
reloadAllAccessors: .RecordDisassemberDisplayNameTest

===========================================================================================
----------------- testing Thu Oct 01 16:27:21 UTC 2020 /home/travis/build/icyphy/ptII/ptolemy/actor/lib/test/auto/RecordDisassembler.xml
----------------- Instantiating /home/travis/build/icyphy/ptII/ptolemy/actor/lib/test/auto/RecordDisassembler.xml
2 ms. Memory: 310272K Free: 189998K (61%)
----------------- Invoking toplevel() on ptolemy.moml.MoMLSimpleApplication@521d4349
----------------- Done invoking toplevel() on ptolemy.moml.MoMLSimpleApplication@521d4349
reloadAllAccessors: .RecordDisassembler

===========================================================================================
----------------- testing Thu Oct 01 16:27:21 UTC 2020 /home/travis/build/icyphy/ptII/ptolemy/actor/lib/test/auto/RecordDisassembler2.xml
----------------- Instantiating /home/travis/build/icyphy/ptII/ptolemy/actor/lib/test/auto/RecordDisassembler2.xml
2 ms. Memory: 310272K Free: 184878K (60%)
----------------- Invoking toplevel() on ptolemy.moml.MoMLSimpleApplication@354681d4
----------------- Done invoking toplevel() on ptolemy.moml.MoMLSimpleApplication@354681d4
reloadAllAccessors: .RecordDisassembler2

===========================================================================================
----------------- testing Thu Oct 01 16:27:21 UTC 2020 /home/travis/build/icyphy/ptII/ptolemy/actor/lib/test/auto/RecordUpdater.xml
----------------- Instantiating /home/travis/build/icyphy/ptII/ptolemy/actor/lib/test/auto/RecordUpdater.xml
1 ms. Memory: 310272K Free: 179758K (58%)
----------------- Invoking toplevel() on ptolemy.moml.MoMLSimpleApplication@4a889df9
----------------- Done invoking toplevel() on ptolemy.moml.MoMLSimpleApplication@4a889df9
reloadAllAccessors: .RecordUpdater

===========================================================================================
----------------- testing Thu Oct 01 16:27:21 UTC 2020 /home/travis/build/icyphy/ptII/ptolemy/actor/lib/test/auto/RecordUpdater2.xml
----------------- Instantiating /home/travis/build/icyphy/ptII/ptolemy/actor/lib/test/auto/RecordUpdater2.xml
1 ms. Memory: 310272K Free: 175148K (56%)
----------------- Invoking toplevel() on ptolemy.moml.MoMLSimpleApplication@3182945e
----------------- Done invoking toplevel() on ptolemy.moml.MoMLSimpleApplication@3182945e
reloadAllAccessors: .RecordUpdater2

===========================================================================================
----------------- testing Thu Oct 01 16:27:21 UTC 2020 /home/travis/build/icyphy/ptII/ptolemy/actor/lib/test/auto/RecursiveLattice.xml
----------------- Instantiating /home/travis/build/icyphy/ptII/ptolemy/actor/lib/test/auto/RecursiveLattice.xml
1 ms. Memory: 310272K Free: 171052K (55%)
----------------- Invoking toplevel() on ptolemy.moml.MoMLSimpleApplication@55cf4b5f
----------------- Done invoking toplevel() on ptolemy.moml.MoMLSimpleApplication@55cf4b5f
reloadAllAccessors: .RecursiveLattice

===========================================================================================
----------------- testing Thu Oct 01 16:27:21 UTC 2020 /home/travis/build/icyphy/ptII/ptolemy/actor/lib/test/auto/Router.xml
----------------- Instantiating /home/travis/build/icyphy/ptII/ptolemy/actor/lib/test/auto/Router.xml
3004 ms. Memory: 310272K Free: 160302K (52%)
----------------- Invoking toplevel() on ptolemy.moml.MoMLSimpleApplication@470ca8e8
----------------- Done invoking toplevel() on ptolemy.moml.MoMLSimpleApplication@470ca8e8
reloadAllAccessors: .Router

===========================================================================================
----------------- testing Thu Oct 01 16:27:24 UTC 2020 /home/travis/build/icyphy/ptII/ptolemy/actor/lib/test/auto/Router2.xml
----------------- Instantiating /home/travis/build/icyphy/ptII/ptolemy/actor/lib/test/auto/Router2.xml
3003 ms. Memory: 310272K Free: 149548K (48%)
----------------- Invoking toplevel() on ptolemy.moml.MoMLSimpleApplication@58f91563
----------------- Done invoking toplevel() on ptolemy.moml.MoMLSimpleApplication@58f91563
reloadAllAccessors: .Router2

===========================================================================================
----------------- testing Thu Oct 01 16:27:27 UTC 2020 /home/travis/build/icyphy/ptII/ptolemy/actor/lib/test/auto/RunningMaximum.xml
----------------- Instantiating /home/travis/build/icyphy/ptII/ptolemy/actor/lib/test/auto/RunningMaximum.xml
2 ms. Memory: 310272K Free: 144942K (47%)
----------------- Invoking toplevel() on ptolemy.moml.MoMLSimpleApplication@48609d48
----------------- Done invoking toplevel() on ptolemy.moml.MoMLSimpleApplication@48609d48
reloadAllAccessors: .RunningMaximum

===========================================================================================
----------------- testing Thu Oct 01 16:27:27 UTC 2020 /home/travis/build/icyphy/ptII/ptolemy/actor/lib/test/auto/RunningMinimum.xml
----------------- Instantiating /home/travis/build/icyphy/ptII/ptolemy/actor/lib/test/auto/RunningMinimum.xml
7 ms. Memory: 310272K Free: 140332K (45%)
----------------- Invoking toplevel() on ptolemy.moml.MoMLSimpleApplication@7e5dac34
----------------- Done invoking toplevel() on ptolemy.moml.MoMLSimpleApplication@7e5dac34
reloadAllAccessors: .RunningMinimum

===========================================================================================
----------------- testing Thu Oct 01 16:27:27 UTC 2020 /home/travis/build/icyphy/ptII/ptolemy/actor/lib/test/auto/Scale.xml
----------------- Instantiating /home/travis/build/icyphy/ptII/ptolemy/actor/lib/test/auto/Scale.xml
1 ms. Memory: 310272K Free: 135726K (44%)
----------------- Invoking toplevel() on ptolemy.moml.MoMLSimpleApplication@32f98e77
----------------- Done invoking toplevel() on ptolemy.moml.MoMLSimpleApplication@32f98e77
reloadAllAccessors: .Scale

===========================================================================================
----------------- testing Thu Oct 01 16:27:27 UTC 2020 /home/travis/build/icyphy/ptII/ptolemy/actor/lib/test/auto/Scale2.xml
----------------- Instantiating /home/travis/build/icyphy/ptII/ptolemy/actor/lib/test/auto/Scale2.xml
2 ms. Memory: 310272K Free: 131116K (42%)
----------------- Invoking toplevel() on ptolemy.moml.MoMLSimpleApplication@6da7d6ad
----------------- Done invoking toplevel() on ptolemy.moml.MoMLSimpleApplication@6da7d6ad
reloadAllAccessors: .Scale2

===========================================================================================
----------------- testing Thu Oct 01 16:27:27 UTC 2020 /home/travis/build/icyphy/ptII/ptolemy/actor/lib/test/auto/Scale3.xml
----------------- Instantiating /home/travis/build/icyphy/ptII/ptolemy/actor/lib/test/auto/Scale3.xml
2 ms. Memory: 310272K Free: 124462K (40%)
----------------- Invoking toplevel() on ptolemy.moml.MoMLSimpleApplication@4e02dad
----------------- Done invoking toplevel() on ptolemy.moml.MoMLSimpleApplication@4e02dad
reloadAllAccessors: .Scale3

===========================================================================================
----------------- testing Thu Oct 01 16:27:27 UTC 2020 /home/travis/build/icyphy/ptII/ptolemy/actor/lib/test/auto/ScaleArray.xml
----------------- Instantiating /home/travis/build/icyphy/ptII/ptolemy/actor/lib/test/auto/ScaleArray.xml
2 ms. Memory: 310272K Free: 119852K (39%)
----------------- Invoking toplevel() on ptolemy.moml.MoMLSimpleApplication@6f230053
----------------- Done invoking toplevel() on ptolemy.moml.MoMLSimpleApplication@6f230053
reloadAllAccessors: .ScaleArray

===========================================================================================
----------------- testing Thu Oct 01 16:27:27 UTC 2020 /home/travis/build/icyphy/ptII/ptolemy/actor/lib/test/auto/ScaleArray2.xml
----------------- Instantiating /home/travis/build/icyphy/ptII/ptolemy/actor/lib/test/auto/ScaleArray2.xml
1 ms. Memory: 310272K Free: 115246K (37%)
----------------- Invoking toplevel() on ptolemy.moml.MoMLSimpleApplication@11501c26
----------------- Done invoking toplevel() on ptolemy.moml.MoMLSimpleApplication@11501c26
reloadAllAccessors: .ScaleArray2

===========================================================================================
----------------- testing Thu Oct 01 16:27:27 UTC 2020 /home/travis/build/icyphy/ptII/ptolemy/actor/lib/test/auto/ScaleMatrix.xml
----------------- Instantiating /home/travis/build/icyphy/ptII/ptolemy/actor/lib/test/auto/ScaleMatrix.xml
135 ms. Memory: 310272K Free: 101934K (33%)
----------------- Invoking toplevel() on ptolemy.moml.MoMLSimpleApplication@6cf2f8e4
----------------- Done invoking toplevel() on ptolemy.moml.MoMLSimpleApplication@6cf2f8e4
reloadAllAccessors: .ScaleMatrix

===========================================================================================
----------------- testing Thu Oct 01 16:27:27 UTC 2020 /home/travis/build/icyphy/ptII/ptolemy/actor/lib/test/auto/Select.xml
----------------- Instantiating /home/travis/build/icyphy/ptII/ptolemy/actor/lib/test/auto/Select.xml
2 ms. Memory: 310272K Free: 95790K (31%)
----------------- Invoking toplevel() on ptolemy.moml.MoMLSimpleApplication@4eb103cc
----------------- Done invoking toplevel() on ptolemy.moml.MoMLSimpleApplication@4eb103cc
reloadAllAccessors: .Select

===========================================================================================
----------------- testing Thu Oct 01 16:27:27 UTC 2020 /home/travis/build/icyphy/ptII/ptolemy/actor/lib/test/auto/Select2.xml
----------------- Instantiating /home/travis/build/icyphy/ptII/ptolemy/actor/lib/test/auto/Select2.xml
1 ms. Memory: 310272K Free: 91180K (29%)
----------------- Invoking toplevel() on ptolemy.moml.MoMLSimpleApplication@201f7d15
----------------- Done invoking toplevel() on ptolemy.moml.MoMLSimpleApplication@201f7d15
reloadAllAccessors: .Select2

===========================================================================================
----------------- testing Thu Oct 01 16:27:27 UTC 2020 /home/travis/build/icyphy/ptII/ptolemy/actor/lib/test/auto/SequenceToArray2.xml
----------------- Instantiating /home/travis/build/icyphy/ptII/ptolemy/actor/lib/test/auto/SequenceToArray2.xml
107 ms. Memory: 310272K Free: 250589K (81%)
----------------- Invoking toplevel() on ptolemy.moml.MoMLSimpleApplication@403242b1
----------------- Done invoking toplevel() on ptolemy.moml.MoMLSimpleApplication@403242b1
reloadAllAccessors: .SequenceToArray2

===========================================================================================
----------------- testing Thu Oct 01 16:27:28 UTC 2020 /home/travis/build/icyphy/ptII/ptolemy/actor/lib/test/auto/SequentialClock.xml
----------------- Instantiating /home/travis/build/icyphy/ptII/ptolemy/actor/lib/test/auto/SequentialClock.xml
2 ms. Memory: 310272K Free: 244959K (79%)
----------------- Invoking toplevel() on ptolemy.moml.MoMLSimpleApplication@581a1cb3
----------------- Done invoking toplevel() on ptolemy.moml.MoMLSimpleApplication@581a1cb3
reloadAllAccessors: .SequentialClock

===========================================================================================
----------------- testing Thu Oct 01 16:27:28 UTC 2020 /home/travis/build/icyphy/ptII/ptolemy/actor/lib/test/auto/SetVariable.xml
----------------- Instantiating /home/travis/build/icyphy/ptII/ptolemy/actor/lib/test/auto/SetVariable.xml
2 ms. Memory: 310272K Free: 240349K (77%)
----------------- Invoking toplevel() on ptolemy.moml.MoMLSimpleApplication@2a2718c3
----------------- Done invoking toplevel() on ptolemy.moml.MoMLSimpleApplication@2a2718c3
reloadAllAccessors: .SetVariable

===========================================================================================
----------------- testing Thu Oct 01 16:27:28 UTC 2020 /home/travis/build/icyphy/ptII/ptolemy/actor/lib/test/auto/SetVariable2.xml
----------------- Instantiating /home/travis/build/icyphy/ptII/ptolemy/actor/lib/test/auto/SetVariable2.xml
4 ms. Memory: 310272K Free: 235743K (76%)
----------------- Invoking toplevel() on ptolemy.moml.MoMLSimpleApplication@12b2f4c4
----------------- Done invoking toplevel() on ptolemy.moml.MoMLSimpleApplication@12b2f4c4
reloadAllAccessors: .SetVariable2

===========================================================================================
----------------- testing Thu Oct 01 16:27:28 UTC 2020 /home/travis/build/icyphy/ptII/ptolemy/actor/lib/test/auto/SetVariable3.xml
----------------- Instantiating /home/travis/build/icyphy/ptII/ptolemy/actor/lib/test/auto/SetVariable3.xml
5 ms. Memory: 310272K Free: 230109K (74%)
----------------- Invoking toplevel() on ptolemy.moml.MoMLSimpleApplication@1de09b17
----------------- Done invoking toplevel() on ptolemy.moml.MoMLSimpleApplication@1de09b17
reloadAllAccessors: .SetVariable3

===========================================================================================
----------------- testing Thu Oct 01 16:27:28 UTC 2020 /home/travis/build/icyphy/ptII/ptolemy/actor/lib/test/auto/SetVariable4.xml
----------------- Instantiating /home/travis/build/icyphy/ptII/ptolemy/actor/lib/test/auto/SetVariable4.xml
13 ms. Memory: 310272K Free: 220383K (71%)
----------------- Invoking toplevel() on ptolemy.moml.MoMLSimpleApplication@52368aac
----------------- Done invoking toplevel() on ptolemy.moml.MoMLSimpleApplication@52368aac
reloadAllAccessors: .SetVariable4

===========================================================================================
----------------- testing Thu Oct 01 16:27:28 UTC 2020 /home/travis/build/icyphy/ptII/ptolemy/actor/lib/test/auto/SetVariable5.xml
----------------- Instantiating /home/travis/build/icyphy/ptII/ptolemy/actor/lib/test/auto/SetVariable5.xml
18 ms. Memory: 310272K Free: 211167K (68%)
----------------- Invoking toplevel() on ptolemy.moml.MoMLSimpleApplication@43418aee
----------------- Done invoking toplevel() on ptolemy.moml.MoMLSimpleApplication@43418aee
reloadAllAccessors: .SetVariable5

===========================================================================================
----------------- testing Thu Oct 01 16:27:28 UTC 2020 /home/travis/build/icyphy/ptII/ptolemy/actor/lib/test/auto/Sinewave.xml
----------------- Instantiating /home/travis/build/icyphy/ptII/ptolemy/actor/lib/test/auto/Sinewave.xml
4 ms. Memory: 310272K Free: 200927K (65%)
----------------- Invoking toplevel() on ptolemy.moml.MoMLSimpleApplication@323d4b17
----------------- Done invoking toplevel() on ptolemy.moml.MoMLSimpleApplication@323d4b17
reloadAllAccessors: .Sinewave

===========================================================================================
----------------- testing Thu Oct 01 16:27:28 UTC 2020 /home/travis/build/icyphy/ptII/ptolemy/actor/lib/test/auto/Sinewave2.xml
----------------- Instantiating /home/travis/build/icyphy/ptII/ptolemy/actor/lib/test/auto/Sinewave2.xml
4 ms. Memory: 310272K Free: 192735K (62%)
----------------- Invoking toplevel() on ptolemy.moml.MoMLSimpleApplication@5a27b634
----------------- Done invoking toplevel() on ptolemy.moml.MoMLSimpleApplication@5a27b634
reloadAllAccessors: .Sinewave2

===========================================================================================
----------------- testing Thu Oct 01 16:27:28 UTC 2020 /home/travis/build/icyphy/ptII/ptolemy/actor/lib/test/auto/Sinewave3.xml
----------------- Instantiating /home/travis/build/icyphy/ptII/ptolemy/actor/lib/test/auto/Sinewave3.xml
11 ms. Memory: 310272K Free: 184543K (59%)
----------------- Invoking toplevel() on ptolemy.moml.MoMLSimpleApplication@7d421da4
----------------- Done invoking toplevel() on ptolemy.moml.MoMLSimpleApplication@7d421da4
reloadAllAccessors: .Sinewave3

===========================================================================================
----------------- testing Thu Oct 01 16:27:28 UTC 2020 /home/travis/build/icyphy/ptII/ptolemy/actor/lib/test/auto/SingleEvent.xml
----------------- Instantiating /home/travis/build/icyphy/ptII/ptolemy/actor/lib/test/auto/SingleEvent.xml
1 ms. Memory: 310272K Free: 180447K (58%)
----------------- Invoking toplevel() on ptolemy.moml.MoMLSimpleApplication@66502b2b
----------------- Done invoking toplevel() on ptolemy.moml.MoMLSimpleApplication@66502b2b
reloadAllAccessors: .SingleEvent

===========================================================================================
----------------- testing Thu Oct 01 16:27:28 UTC 2020 /home/travis/build/icyphy/ptII/ptolemy/actor/lib/test/auto/Sleep.xml
----------------- Instantiating /home/travis/build/icyphy/ptII/ptolemy/actor/lib/test/auto/Sleep.xml
6003 ms. Memory: 310272K Free: 174813K (56%)
----------------- Invoking toplevel() on ptolemy.moml.MoMLSimpleApplication@5df2186
----------------- Done invoking toplevel() on ptolemy.moml.MoMLSimpleApplication@5df2186
reloadAllAccessors: .Sleep

===========================================================================================
----------------- testing Thu Oct 01 16:27:34 UTC 2020 /home/travis/build/icyphy/ptII/ptolemy/actor/lib/test/auto/SleepMultipleFire.xml
----------------- Instantiating /home/travis/build/icyphy/ptII/ptolemy/actor/lib/test/auto/SleepMultipleFire.xml
1011 ms. Memory: 310272K Free: 169183K (55%)
----------------- Invoking toplevel() on ptolemy.moml.MoMLSimpleApplication@631876f6
----------------- Done invoking toplevel() on ptolemy.moml.MoMLSimpleApplication@631876f6
reloadAllAccessors: .SleepMultipleFire

===========================================================================================
----------------- testing Thu Oct 01 16:27:35 UTC 2020 /home/travis/build/icyphy/ptII/ptolemy/actor/lib/test/auto/StopDE.xml
----------------- Instantiating /home/travis/build/icyphy/ptII/ptolemy/actor/lib/test/auto/StopDE.xml
2 ms. Memory: 310272K Free: 163549K (53%)
----------------- Invoking toplevel() on ptolemy.moml.MoMLSimpleApplication@2e1c6728
----------------- Done invoking toplevel() on ptolemy.moml.MoMLSimpleApplication@2e1c6728
reloadAllAccessors: .StopDE

===========================================================================================
----------------- testing Thu Oct 01 16:27:35 UTC 2020 /home/travis/build/icyphy/ptII/ptolemy/actor/lib/test/auto/StopSDF.xml
----------------- Instantiating /home/travis/build/icyphy/ptII/ptolemy/actor/lib/test/auto/StopSDF.xml
5 ms. Memory: 310272K Free: 158429K (51%)
----------------- Invoking toplevel() on ptolemy.moml.MoMLSimpleApplication@3dfb18
----------------- Done invoking toplevel() on ptolemy.moml.MoMLSimpleApplication@3dfb18
reloadAllAccessors: .StopSDF

===========================================================================================
----------------- testing Thu Oct 01 16:27:35 UTC 2020 /home/travis/build/icyphy/ptII/ptolemy/actor/lib/test/auto/StringConstant.xml
----------------- Instantiating /home/travis/build/icyphy/ptII/ptolemy/actor/lib/test/auto/StringConstant.xml
8 ms. Memory: 310272K Free: 154333K (50%)
----------------- Invoking toplevel() on ptolemy.moml.MoMLSimpleApplication@1f89ad80
----------------- Done invoking toplevel() on ptolemy.moml.MoMLSimpleApplication@1f89ad80
reloadAllAccessors: .StringConstant

===========================================================================================
----------------- testing Thu Oct 01 16:27:35 UTC 2020 /home/travis/build/icyphy/ptII/ptolemy/actor/lib/test/auto/SubscriberPortInitialValues1.xml
----------------- Instantiating /home/travis/build/icyphy/ptII/ptolemy/actor/lib/test/auto/SubscriberPortInitialValues1.xml
8 ms. Memory: 310272K Free: 145631K (47%)
----------------- Invoking toplevel() on ptolemy.moml.MoMLSimpleApplication@674ee09e
----------------- Done invoking toplevel() on ptolemy.moml.MoMLSimpleApplication@674ee09e
reloadAllAccessors: .SubscriberPortInitialValues1

===========================================================================================
----------------- testing Thu Oct 01 16:27:35 UTC 2020 /home/travis/build/icyphy/ptII/ptolemy/actor/lib/test/auto/SubscriberPortInitialValues13.xml
----------------- Instantiating /home/travis/build/icyphy/ptII/ptolemy/actor/lib/test/auto/SubscriberPortInitialValues13.xml
5 ms. Memory: 310272K Free: 132829K (43%)
----------------- Invoking toplevel() on ptolemy.moml.MoMLSimpleApplication@6137c98e
----------------- Done invoking toplevel() on ptolemy.moml.MoMLSimpleApplication@6137c98e
reloadAllAccessors: .SubscriberPortInitialValues13

===========================================================================================
----------------- testing Thu Oct 01 16:27:35 UTC 2020 /home/travis/build/icyphy/ptII/ptolemy/actor/lib/test/auto/SubscriberPortInitialValues14.xml
----------------- Instantiating /home/travis/build/icyphy/ptII/ptolemy/actor/lib/test/auto/SubscriberPortInitialValues14.xml
4 ms. Memory: 310272K Free: 125151K (40%)
----------------- Invoking toplevel() on ptolemy.moml.MoMLSimpleApplication@10012439
----------------- Done invoking toplevel() on ptolemy.moml.MoMLSimpleApplication@10012439
reloadAllAccessors: .SubscriberPortInitialValues14

===========================================================================================
----------------- testing Thu Oct 01 16:27:35 UTC 2020 /home/travis/build/icyphy/ptII/ptolemy/actor/lib/test/auto/SubscriberPortInitialValues2.xml
----------------- Instantiating /home/travis/build/icyphy/ptII/ptolemy/actor/lib/test/auto/SubscriberPortInitialValues2.xml
4 ms. Memory: 310272K Free: 117469K (38%)
----------------- Invoking toplevel() on ptolemy.moml.MoMLSimpleApplication@2397fb2b
----------------- Done invoking toplevel() on ptolemy.moml.MoMLSimpleApplication@2397fb2b
reloadAllAccessors: .SubscriberPortInitialValues2

===========================================================================================
----------------- testing Thu Oct 01 16:27:35 UTC 2020 /home/travis/build/icyphy/ptII/ptolemy/actor/lib/test/auto/SubscriberPortInitialValues3.xml
----------------- Instantiating /home/travis/build/icyphy/ptII/ptolemy/actor/lib/test/auto/SubscriberPortInitialValues3.xml
4 ms. Memory: 310272K Free: 106719K (34%)
----------------- Invoking toplevel() on ptolemy.moml.MoMLSimpleApplication@599a861
----------------- Done invoking toplevel() on ptolemy.moml.MoMLSimpleApplication@599a861
reloadAllAccessors: .SubscriberPortInitialValues3

===========================================================================================
----------------- testing Thu Oct 01 16:27:35 UTC 2020 /home/travis/build/icyphy/ptII/ptolemy/actor/lib/test/auto/SubscriptionAggregator.xml
----------------- Instantiating /home/travis/build/icyphy/ptII/ptolemy/actor/lib/test/auto/SubscriptionAggregator.xml
2 ms. Memory: 310272K Free: 100047K (32%)
----------------- Invoking toplevel() on ptolemy.moml.MoMLSimpleApplication@26600048
----------------- Done invoking toplevel() on ptolemy.moml.MoMLSimpleApplication@26600048
reloadAllAccessors: .SubscriptionAggregator

===========================================================================================
----------------- testing Thu Oct 01 16:27:35 UTC 2020 /home/travis/build/icyphy/ptII/ptolemy/actor/lib/test/auto/SubscriptionAggregator2.xml
----------------- Instantiating /home/travis/build/icyphy/ptII/ptolemy/actor/lib/test/auto/SubscriptionAggregator2.xml
2 ms. Memory: 310272K Free: 93407K (30%)
----------------- Invoking toplevel() on ptolemy.moml.MoMLSimpleApplication@17bfe1be
----------------- Done invoking toplevel() on ptolemy.moml.MoMLSimpleApplication@17bfe1be
reloadAllAccessors: .SubscriptionAggregator2

===========================================================================================
----------------- testing Thu Oct 01 16:27:35 UTC 2020 /home/travis/build/icyphy/ptII/ptolemy/actor/lib/test/auto/SubscriptionAggregator3.xml
----------------- Instantiating /home/travis/build/icyphy/ptII/ptolemy/actor/lib/test/auto/SubscriptionAggregator3.xml
3 ms. Memory: 310272K Free: 84695K (27%)
----------------- Invoking toplevel() on ptolemy.moml.MoMLSimpleApplication@6f4dd1c9
----------------- Done invoking toplevel() on ptolemy.moml.MoMLSimpleApplication@6f4dd1c9
reloadAllAccessors: .SubscriptionAggregator3

===========================================================================================
----------------- testing Thu Oct 01 16:27:35 UTC 2020 /home/travis/build/icyphy/ptII/ptolemy/actor/lib/test/auto/SubscriptionAggregatorMultiply.xml
----------------- Instantiating /home/travis/build/icyphy/ptII/ptolemy/actor/lib/test/auto/SubscriptionAggregatorMultiply.xml
3 ms. Memory: 310272K Free: 75999K (24%)
----------------- Invoking toplevel() on ptolemy.moml.MoMLSimpleApplication@41c7f9d8
----------------- Done invoking toplevel() on ptolemy.moml.MoMLSimpleApplication@41c7f9d8
reloadAllAccessors: .SubscriptionAggregatorMultiply

===========================================================================================
----------------- testing Thu Oct 01 16:27:35 UTC 2020 /home/travis/build/icyphy/ptII/ptolemy/actor/lib/test/auto/SubscriptionAggregatorPortMultiply1.xml
----------------- Instantiating /home/travis/build/icyphy/ptII/ptolemy/actor/lib/test/auto/SubscriptionAggregatorPortMultiply1.xml
3 ms. Memory: 310272K Free: 251631K (81%)
----------------- Invoking toplevel() on ptolemy.moml.MoMLSimpleApplication@75d3216e
----------------- Done invoking toplevel() on ptolemy.moml.MoMLSimpleApplication@75d3216e
reloadAllAccessors: .SubscriptionAggregatorPortMultiply1

===========================================================================================
----------------- testing Thu Oct 01 16:27:35 UTC 2020 /home/travis/build/icyphy/ptII/ptolemy/actor/lib/test/auto/Switch.xml
----------------- Instantiating /home/travis/build/icyphy/ptII/ptolemy/actor/lib/test/auto/Switch.xml
6 ms. Memory: 310272K Free: 243439K (78%)
----------------- Invoking toplevel() on ptolemy.moml.MoMLSimpleApplication@31f6f747
----------------- Done invoking toplevel() on ptolemy.moml.MoMLSimpleApplication@31f6f747
reloadAllAccessors: .Switch

===========================================================================================
----------------- testing Thu Oct 01 16:27:35 UTC 2020 /home/travis/build/icyphy/ptII/ptolemy/actor/lib/test/auto/Switch2.xml
----------------- Instantiating /home/travis/build/icyphy/ptII/ptolemy/actor/lib/test/auto/Switch2.xml
1 ms. Memory: 310272K Free: 238833K (77%)
----------------- Invoking toplevel() on ptolemy.moml.MoMLSimpleApplication@6c4dc19e
----------------- Done invoking toplevel() on ptolemy.moml.MoMLSimpleApplication@6c4dc19e
reloadAllAccessors: .Switch2

===========================================================================================
----------------- testing Thu Oct 01 16:27:35 UTC 2020 /home/travis/build/icyphy/ptII/ptolemy/actor/lib/test/auto/SwitchDE.xml
----------------- Instantiating /home/travis/build/icyphy/ptII/ptolemy/actor/lib/test/auto/SwitchDE.xml
3 ms. Memory: 310272K Free: 232689K (75%)
----------------- Invoking toplevel() on ptolemy.moml.MoMLSimpleApplication@2bbb9555
----------------- Done invoking toplevel() on ptolemy.moml.MoMLSimpleApplication@2bbb9555
reloadAllAccessors: .SwitchDE

===========================================================================================
----------------- testing Thu Oct 01 16:27:35 UTC 2020 /home/travis/build/icyphy/ptII/ptolemy/actor/lib/test/auto/SynchronizerDE.xml
----------------- Instantiating /home/travis/build/icyphy/ptII/ptolemy/actor/lib/test/auto/SynchronizerDE.xml
7 ms. Memory: 310272K Free: 224497K (72%)
----------------- Invoking toplevel() on ptolemy.moml.MoMLSimpleApplication@4d556067
----------------- Done invoking toplevel() on ptolemy.moml.MoMLSimpleApplication@4d556067
reloadAllAccessors: .SynchronizerDE

===========================================================================================
----------------- testing Thu Oct 01 16:27:35 UTC 2020 /home/travis/build/icyphy/ptII/ptolemy/actor/lib/test/auto/Test.xml
----------------- Instantiating /home/travis/build/icyphy/ptII/ptolemy/actor/lib/test/auto/Test.xml
2 ms. Memory: 310272K Free: 219377K (71%)
----------------- Invoking toplevel() on ptolemy.moml.MoMLSimpleApplication@62880e0e
----------------- Done invoking toplevel() on ptolemy.moml.MoMLSimpleApplication@62880e0e
reloadAllAccessors: .Test

===========================================================================================
----------------- testing Thu Oct 01 16:27:35 UTC 2020 /home/travis/build/icyphy/ptII/ptolemy/actor/lib/test/auto/TestExceptionAttribute1.xml
----------------- Instantiating /home/travis/build/icyphy/ptII/ptolemy/actor/lib/test/auto/TestExceptionAttribute1.xml
1 ms. Memory: 310272K Free: 215791K (70%)
----------------- Invoking toplevel() on ptolemy.moml.MoMLSimpleApplication@61fc1583
----------------- Done invoking toplevel() on ptolemy.moml.MoMLSimpleApplication@61fc1583
reloadAllAccessors: .TestExceptionAttribute1

===========================================================================================
----------------- testing Thu Oct 01 16:27:35 UTC 2020 /home/travis/build/icyphy/ptII/ptolemy/actor/lib/test/auto/TestExceptionAttribute2.xml
----------------- Instantiating /home/travis/build/icyphy/ptII/ptolemy/actor/lib/test/auto/TestExceptionAttribute2.xml
1 ms. Memory: 310272K Free: 212209K (68%)
----------------- Invoking toplevel() on ptolemy.moml.MoMLSimpleApplication@568eb871
----------------- Done invoking toplevel() on ptolemy.moml.MoMLSimpleApplication@568eb871
reloadAllAccessors: .TestExceptionAttribute2

===========================================================================================
----------------- testing Thu Oct 01 16:27:35 UTC 2020 /home/travis/build/icyphy/ptII/ptolemy/actor/lib/test/auto/TestExceptionAttribute3.xml
----------------- Instantiating /home/travis/build/icyphy/ptII/ptolemy/actor/lib/test/auto/TestExceptionAttribute3.xml
.TestExceptionAttribute3.TestExceptionAttribute: initialize() was not invoked, but wrapup() was.  This is unusual, but not always a problem.  For example, exporting JNLP will do this.
1 ms. Memory: 310272K Free: 208623K (67%)
----------------- Invoking toplevel() on ptolemy.moml.MoMLSimpleApplication@6cf37997
----------------- Done invoking toplevel() on ptolemy.moml.MoMLSimpleApplication@6cf37997
reloadAllAccessors: .TestExceptionAttribute3

===========================================================================================
----------------- testing Thu Oct 01 16:27:35 UTC 2020 /home/travis/build/icyphy/ptII/ptolemy/actor/lib/test/auto/TestExceptionAttribute4.xml
----------------- Instantiating /home/travis/build/icyphy/ptII/ptolemy/actor/lib/test/auto/TestExceptionAttribute4.xml
.TestExceptionAttribute4.TestExceptionAttribute: initialize() was not invoked, but wrapup() was.  This is unusual, but not always a problem.  For example, exporting JNLP will do this.
.TestExceptionAttribute4.TestExceptionAttribute2: initialize() was not invoked, but wrapup() was.  This is unusual, but not always a problem.  For example, exporting JNLP will do this.
1 ms. Memory: 310272K Free: 204527K (66%)
----------------- Invoking toplevel() on ptolemy.moml.MoMLSimpleApplication@bcd16b8
----------------- Done invoking toplevel() on ptolemy.moml.MoMLSimpleApplication@bcd16b8
reloadAllAccessors: .TestExceptionAttribute4

===========================================================================================
----------------- testing Thu Oct 01 16:27:35 UTC 2020 /home/travis/build/icyphy/ptII/ptolemy/actor/lib/test/auto/TestExceptionHandler1.xml
----------------- Instantiating /home/travis/build/icyphy/ptII/ptolemy/actor/lib/test/auto/TestExceptionHandler1.xml
1 ms. Memory: 310272K Free: 200431K (65%)
----------------- Invoking toplevel() on ptolemy.moml.MoMLSimpleApplication@4fe41907
----------------- Done invoking toplevel() on ptolemy.moml.MoMLSimpleApplication@4fe41907
reloadAllAccessors: .TestExceptionHandler1

===========================================================================================
----------------- testing Thu Oct 01 16:27:35 UTC 2020 /home/travis/build/icyphy/ptII/ptolemy/actor/lib/test/auto/TestExceptionHandler2.xml
----------------- Instantiating /home/travis/build/icyphy/ptII/ptolemy/actor/lib/test/auto/TestExceptionHandler2.xml
1 ms. Memory: 310272K Free: 196849K (63%)
----------------- Invoking toplevel() on ptolemy.moml.MoMLSimpleApplication@eab98d2
----------------- Done invoking toplevel() on ptolemy.moml.MoMLSimpleApplication@eab98d2
reloadAllAccessors: .TestExceptionHandler2

===========================================================================================
----------------- testing Thu Oct 01 16:27:35 UTC 2020 /home/travis/build/icyphy/ptII/ptolemy/actor/lib/test/auto/TestExceptionHandler3.xml
----------------- Instantiating /home/travis/build/icyphy/ptII/ptolemy/actor/lib/test/auto/TestExceptionHandler3.xml
0 ms. Memory: 310272K Free: 193263K (62%)
----------------- Invoking toplevel() on ptolemy.moml.MoMLSimpleApplication@74d7c35e
----------------- Done invoking toplevel() on ptolemy.moml.MoMLSimpleApplication@74d7c35e
reloadAllAccessors: .TestExceptionHandler3

===========================================================================================
----------------- testing Thu Oct 01 16:27:35 UTC 2020 /home/travis/build/icyphy/ptII/ptolemy/actor/lib/test/auto/TestExceptionHandler4.xml
----------------- Instantiating /home/travis/build/icyphy/ptII/ptolemy/actor/lib/test/auto/TestExceptionHandler4.xml
0 ms. Memory: 310272K Free: 189167K (61%)
----------------- Invoking toplevel() on ptolemy.moml.MoMLSimpleApplication@1200a775
----------------- Done invoking toplevel() on ptolemy.moml.MoMLSimpleApplication@1200a775
reloadAllAccessors: .TestExceptionHandler4

===========================================================================================
----------------- testing Thu Oct 01 16:27:35 UTC 2020 /home/travis/build/icyphy/ptII/ptolemy/actor/lib/test/auto/TestRequireCorrectOrder.xml
----------------- Instantiating /home/travis/build/icyphy/ptII/ptolemy/actor/lib/test/auto/TestRequireCorrectOrder.xml
5 ms. Memory: 310272K Free: 184016K (59%)
----------------- Invoking toplevel() on ptolemy.moml.MoMLSimpleApplication@334e2db5
----------------- Done invoking toplevel() on ptolemy.moml.MoMLSimpleApplication@334e2db5
reloadAllAccessors: .TestRequireCorrectOrder

===========================================================================================
----------------- testing Thu Oct 01 16:27:35 UTC 2020 /home/travis/build/icyphy/ptII/ptolemy/actor/lib/test/auto/TestSimple.xml
----------------- Instantiating /home/travis/build/icyphy/ptII/ptolemy/actor/lib/test/auto/TestSimple.xml
1 ms. Memory: 310272K Free: 179441K (58%)
----------------- Invoking toplevel() on ptolemy.moml.MoMLSimpleApplication@47afcb23
----------------- Done invoking toplevel() on ptolemy.moml.MoMLSimpleApplication@47afcb23
reloadAllAccessors: .TestSimple

===========================================================================================
----------------- testing Thu Oct 01 16:27:35 UTC 2020 /home/travis/build/icyphy/ptII/ptolemy/actor/lib/test/auto/ThrowModelError.xml
----------------- Instantiating /home/travis/build/icyphy/ptII/ptolemy/actor/lib/test/auto/ThrowModelError.xml
1 ms. Memory: 310272K Free: 174831K (56%)
----------------- Invoking toplevel() on ptolemy.moml.MoMLSimpleApplication@5b132ebd
----------------- Done invoking toplevel() on ptolemy.moml.MoMLSimpleApplication@5b132ebd
reloadAllAccessors: .ThrowModelError

===========================================================================================
----------------- testing Thu Oct 01 16:27:35 UTC 2020 /home/travis/build/icyphy/ptII/ptolemy/actor/lib/test/auto/TimeDelayMicrosteps.xml
----------------- Instantiating /home/travis/build/icyphy/ptII/ptolemy/actor/lib/test/auto/TimeDelayMicrosteps.xml
2 ms. Memory: 310272K Free: 168177K (54%)
----------------- Invoking toplevel() on ptolemy.moml.MoMLSimpleApplication@11e8ad81
----------------- Done invoking toplevel() on ptolemy.moml.MoMLSimpleApplication@11e8ad81
reloadAllAccessors: .TimeDelayMicrosteps

===========================================================================================
----------------- testing Thu Oct 01 16:27:35 UTC 2020 /home/travis/build/icyphy/ptII/ptolemy/actor/lib/test/auto/TimeDelayMicrosteps2.xml
----------------- Instantiating /home/travis/build/icyphy/ptII/ptolemy/actor/lib/test/auto/TimeDelayMicrosteps2.xml
3 ms. Memory: 310272K Free: 161009K (52%)
----------------- Invoking toplevel() on ptolemy.moml.MoMLSimpleApplication@39aeaf88
----------------- Done invoking toplevel() on ptolemy.moml.MoMLSimpleApplication@39aeaf88
reloadAllAccessors: .TimeDelayMicrosteps2

===========================================================================================
----------------- testing Thu Oct 01 16:27:35 UTC 2020 /home/travis/build/icyphy/ptII/ptolemy/actor/lib/test/auto/TimeDelayMicrosteps3.xml
----------------- Instantiating /home/travis/build/icyphy/ptII/ptolemy/actor/lib/test/auto/TimeDelayMicrosteps3.xml
2 ms. Memory: 310272K Free: 154345K (50%)
----------------- Invoking toplevel() on ptolemy.moml.MoMLSimpleApplication@7464d24f
----------------- Done invoking toplevel() on ptolemy.moml.MoMLSimpleApplication@7464d24f
reloadAllAccessors: .TimeDelayMicrosteps3

===========================================================================================
----------------- testing Thu Oct 01 16:27:35 UTC 2020 /home/travis/build/icyphy/ptII/ptolemy/actor/lib/test/auto/TimeDelayVariableMicrosteps.xml
----------------- Instantiating /home/travis/build/icyphy/ptII/ptolemy/actor/lib/test/auto/TimeDelayVariableMicrosteps.xml
2 ms. Memory: 310272K Free: 147695K (48%)
----------------- Invoking toplevel() on ptolemy.moml.MoMLSimpleApplication@75f55282
----------------- Done invoking toplevel() on ptolemy.moml.MoMLSimpleApplication@75f55282
reloadAllAccessors: .TimeDelayVariableMicrosteps

===========================================================================================
----------------- testing Thu Oct 01 16:27:35 UTC 2020 /home/travis/build/icyphy/ptII/ptolemy/actor/lib/test/auto/TimeGap.xml
----------------- Instantiating /home/travis/build/icyphy/ptII/ptolemy/actor/lib/test/auto/TimeGap.xml
4 ms. Memory: 310272K Free: 142577K (46%)
----------------- Invoking toplevel() on ptolemy.moml.MoMLSimpleApplication@169841f7
----------------- Done invoking toplevel() on ptolemy.moml.MoMLSimpleApplication@169841f7
reloadAllAccessors: .TimeGap

===========================================================================================
----------------- testing Thu Oct 01 16:27:35 UTC 2020 /home/travis/build/icyphy/ptII/ptolemy/actor/lib/test/auto/TimeGap2.xml
----------------- Instantiating /home/travis/build/icyphy/ptII/ptolemy/actor/lib/test/auto/TimeGap2.xml
2 ms. Memory: 310272K Free: 136929K (44%)
----------------- Invoking toplevel() on ptolemy.moml.MoMLSimpleApplication@437e84cf
----------------- Done invoking toplevel() on ptolemy.moml.MoMLSimpleApplication@437e84cf
reloadAllAccessors: .TimeGap2

===========================================================================================
----------------- testing Thu Oct 01 16:27:35 UTC 2020 /home/travis/build/icyphy/ptII/ptolemy/actor/lib/test/auto/TimedSinewave.xml
----------------- Instantiating /home/travis/build/icyphy/ptII/ptolemy/actor/lib/test/auto/TimedSinewave.xml
23 ms. Memory: 310272K Free: 122607K (40%)
----------------- Invoking toplevel() on ptolemy.moml.MoMLSimpleApplication@7b77d255
----------------- Done invoking toplevel() on ptolemy.moml.MoMLSimpleApplication@7b77d255
reloadAllAccessors: .TimedSinewave

===========================================================================================
----------------- testing Thu Oct 01 16:27:35 UTC 2020 /home/travis/build/icyphy/ptII/ptolemy/actor/lib/test/auto/TimedSinewavePhase.xml
----------------- Instantiating /home/travis/build/icyphy/ptII/ptolemy/actor/lib/test/auto/TimedSinewavePhase.xml
8 ms. Memory: 310272K Free: 112881K (36%)
----------------- Invoking toplevel() on ptolemy.moml.MoMLSimpleApplication@19aad917
----------------- Done invoking toplevel() on ptolemy.moml.MoMLSimpleApplication@19aad917
reloadAllAccessors: .TimedSinewavePhase

===========================================================================================
----------------- testing Thu Oct 01 16:27:36 UTC 2020 /home/travis/build/icyphy/ptII/ptolemy/actor/lib/test/auto/Timer.xml
----------------- Instantiating /home/travis/build/icyphy/ptII/ptolemy/actor/lib/test/auto/Timer.xml
2 ms. Memory: 310272K Free: 107233K (35%)
----------------- Invoking toplevel() on ptolemy.moml.MoMLSimpleApplication@6305c1cb
----------------- Done invoking toplevel() on ptolemy.moml.MoMLSimpleApplication@6305c1cb
reloadAllAccessors: .Timer

===========================================================================================
----------------- testing Thu Oct 01 16:27:36 UTC 2020 /home/travis/build/icyphy/ptII/ptolemy/actor/lib/test/auto/TriangularDistTestModel.xml
----------------- Instantiating /home/travis/build/icyphy/ptII/ptolemy/actor/lib/test/auto/TriangularDistTestModel.xml
2 ms. Memory: 310272K Free: 101617K (33%)
----------------- Invoking toplevel() on ptolemy.moml.MoMLSimpleApplication@3fca8eb0
----------------- Done invoking toplevel() on ptolemy.moml.MoMLSimpleApplication@3fca8eb0
reloadAllAccessors: .TriangularDistTestModel

===========================================================================================
----------------- testing Thu Oct 01 16:27:36 UTC 2020 /home/travis/build/icyphy/ptII/ptolemy/actor/lib/test/auto/TrigFunction.xml
----------------- Instantiating /home/travis/build/icyphy/ptII/ptolemy/actor/lib/test/auto/TrigFunction.xml
2 ms. Memory: 310272K Free: 97007K (31%)
----------------- Invoking toplevel() on ptolemy.moml.MoMLSimpleApplication@30a05cd4
----------------- Done invoking toplevel() on ptolemy.moml.MoMLSimpleApplication@30a05cd4
reloadAllAccessors: .TrigFunction

===========================================================================================
----------------- testing Thu Oct 01 16:27:36 UTC 2020 /home/travis/build/icyphy/ptII/ptolemy/actor/lib/test/auto/TrigFunctionDE.xml
----------------- Instantiating /home/travis/build/icyphy/ptII/ptolemy/actor/lib/test/auto/TrigFunctionDE.xml
2 ms. Memory: 310272K Free: 90857K (29%)
----------------- Invoking toplevel() on ptolemy.moml.MoMLSimpleApplication@44a741d9
----------------- Done invoking toplevel() on ptolemy.moml.MoMLSimpleApplication@44a741d9
reloadAllAccessors: .TrigFunctionDE

===========================================================================================
----------------- testing Thu Oct 01 16:27:36 UTC 2020 /home/travis/build/icyphy/ptII/ptolemy/actor/lib/test/auto/TrigFunctionInverse.xml
----------------- Instantiating /home/travis/build/icyphy/ptII/ptolemy/actor/lib/test/auto/TrigFunctionInverse.xml
1 ms. Memory: 310272K Free: 85743K (28%)
----------------- Invoking toplevel() on ptolemy.moml.MoMLSimpleApplication@56b69b8b
----------------- Done invoking toplevel() on ptolemy.moml.MoMLSimpleApplication@56b69b8b
reloadAllAccessors: .TrigFunctionInverse

===========================================================================================
----------------- testing Thu Oct 01 16:27:36 UTC 2020 /home/travis/build/icyphy/ptII/ptolemy/actor/lib/test/auto/TrigFunctionTan.xml
----------------- Instantiating /home/travis/build/icyphy/ptII/ptolemy/actor/lib/test/auto/TrigFunctionTan.xml
1 ms. Memory: 310272K Free: 81647K (26%)
----------------- Invoking toplevel() on ptolemy.moml.MoMLSimpleApplication@1c77c78b
----------------- Done invoking toplevel() on ptolemy.moml.MoMLSimpleApplication@1c77c78b
reloadAllAccessors: .TrigFunctionTan

===========================================================================================
----------------- testing Thu Oct 01 16:27:36 UTC 2020 /home/travis/build/icyphy/ptII/ptolemy/actor/lib/test/auto/TriggeredClock.xml
----------------- Instantiating /home/travis/build/icyphy/ptII/ptolemy/actor/lib/test/auto/TriggeredClock.xml
1 ms. Memory: 310272K Free: 76513K (25%)
----------------- Invoking toplevel() on ptolemy.moml.MoMLSimpleApplication@74d91210
----------------- Done invoking toplevel() on ptolemy.moml.MoMLSimpleApplication@74d91210
reloadAllAccessors: .TriggeredClock

===========================================================================================
----------------- testing Thu Oct 01 16:27:36 UTC 2020 /home/travis/build/icyphy/ptII/ptolemy/actor/lib/test/auto/URLDirectoryReader.xml
----------------- Instantiating /home/travis/build/icyphy/ptII/ptolemy/actor/lib/test/auto/URLDirectoryReader.xml
37 ms. Memory: 310272K Free: 250658K (81%)
----------------- Invoking toplevel() on ptolemy.moml.MoMLSimpleApplication@7d8eb37e
----------------- Done invoking toplevel() on ptolemy.moml.MoMLSimpleApplication@7d8eb37e
reloadAllAccessors: .URLDirectoryReader

===========================================================================================
----------------- testing Thu Oct 01 16:27:36 UTC 2020 /home/travis/build/icyphy/ptII/ptolemy/actor/lib/test/auto/URLDirectoryReader3.xml
----------------- Instantiating /home/travis/build/icyphy/ptII/ptolemy/actor/lib/test/auto/URLDirectoryReader3.xml
1369 ms. Memory: 310272K Free: 251267K (81%)
----------------- Invoking toplevel() on ptolemy.moml.MoMLSimpleApplication@30bf6da9
----------------- Done invoking toplevel() on ptolemy.moml.MoMLSimpleApplication@30bf6da9
reloadAllAccessors: .URLDirectoryReader3

===========================================================================================
----------------- testing Thu Oct 01 16:27:37 UTC 2020 /home/travis/build/icyphy/ptII/ptolemy/actor/lib/test/auto/UnaryMathFunction.xml
----------------- Instantiating /home/travis/build/icyphy/ptII/ptolemy/actor/lib/test/auto/UnaryMathFunction.xml
3 ms. Memory: 310272K Free: 243581K (79%)
----------------- Invoking toplevel() on ptolemy.moml.MoMLSimpleApplication@1527f471
----------------- Done invoking toplevel() on ptolemy.moml.MoMLSimpleApplication@1527f471
reloadAllAccessors: .UnaryMathFunction

===========================================================================================
----------------- testing Thu Oct 01 16:27:38 UTC 2020 /home/travis/build/icyphy/ptII/ptolemy/actor/lib/test/auto/Uniform.xml
----------------- Instantiating /home/travis/build/icyphy/ptII/ptolemy/actor/lib/test/auto/Uniform.xml
2 ms. Memory: 310272K Free: 238975K (77%)
----------------- Invoking toplevel() on ptolemy.moml.MoMLSimpleApplication@2736c2ac
----------------- Done invoking toplevel() on ptolemy.moml.MoMLSimpleApplication@2736c2ac
reloadAllAccessors: .Uniform

===========================================================================================
----------------- testing Thu Oct 01 16:27:38 UTC 2020 /home/travis/build/icyphy/ptII/ptolemy/actor/lib/test/auto/UnionDisassemblerTest.xml
----------------- Instantiating /home/travis/build/icyphy/ptII/ptolemy/actor/lib/test/auto/UnionDisassemblerTest.xml
7 ms. Memory: 310272K Free: 235375K (76%)
----------------- Invoking toplevel() on ptolemy.moml.MoMLSimpleApplication@10307cca
----------------- Done invoking toplevel() on ptolemy.moml.MoMLSimpleApplication@10307cca
reloadAllAccessors: .UnionDisassemblerTest

===========================================================================================
----------------- testing Thu Oct 01 16:27:38 UTC 2020 /home/travis/build/icyphy/ptII/ptolemy/actor/lib/test/auto/UtilityFunctions.xml
----------------- Instantiating /home/travis/build/icyphy/ptII/ptolemy/actor/lib/test/auto/UtilityFunctions.xml
1 ms. Memory: 310272K Free: 231807K (75%)
----------------- Invoking toplevel() on ptolemy.moml.MoMLSimpleApplication@6489d36b
----------------- Done invoking toplevel() on ptolemy.moml.MoMLSimpleApplication@6489d36b
reloadAllAccessors: .UtilityFunctions

===========================================================================================
----------------- testing Thu Oct 01 16:27:38 UTC 2020 /home/travis/build/icyphy/ptII/ptolemy/actor/lib/test/auto/VariableSleep.xml
----------------- Instantiating /home/travis/build/icyphy/ptII/ptolemy/actor/lib/test/auto/VariableSleep.xml
503 ms. Memory: 310272K Free: 226687K (73%)
----------------- Invoking toplevel() on ptolemy.moml.MoMLSimpleApplication@41534a74
----------------- Done invoking toplevel() on ptolemy.moml.MoMLSimpleApplication@41534a74
reloadAllAccessors: .VariableSleep

===========================================================================================
----------------- testing Thu Oct 01 16:27:38 UTC 2020 /home/travis/build/icyphy/ptII/ptolemy/actor/lib/test/auto/VectorAssemblerDisassemblerCT.xml
----------------- Instantiating /home/travis/build/icyphy/ptII/ptolemy/actor/lib/test/auto/VectorAssemblerDisassemblerCT.xml
70 ms. Memory: 310272K Free: 206717K (67%)
----------------- Invoking toplevel() on ptolemy.moml.MoMLSimpleApplication@3ff53483
----------------- Done invoking toplevel() on ptolemy.moml.MoMLSimpleApplication@3ff53483
reloadAllAccessors: .VectorAssemblerDisassemblerCT

===========================================================================================
----------------- testing Thu Oct 01 16:27:38 UTC 2020 /home/travis/build/icyphy/ptII/ptolemy/actor/lib/test/auto/VectorAssemblerDisassemblerDE.xml
----------------- Instantiating /home/travis/build/icyphy/ptII/ptolemy/actor/lib/test/auto/VectorAssemblerDisassemblerDE.xml
3 ms. Memory: 310272K Free: 199039K (64%)
----------------- Invoking toplevel() on ptolemy.moml.MoMLSimpleApplication@61d133a9
----------------- Done invoking toplevel() on ptolemy.moml.MoMLSimpleApplication@61d133a9
reloadAllAccessors: .VectorAssemblerDisassemblerDE

===========================================================================================
----------------- testing Thu Oct 01 16:27:38 UTC 2020 /home/travis/build/icyphy/ptII/ptolemy/actor/lib/test/auto/VectorAssemblerDisassemblerSDF.xml
----------------- Instantiating /home/travis/build/icyphy/ptII/ptolemy/actor/lib/test/auto/VectorAssemblerDisassemblerSDF.xml
3 ms. Memory: 310272K Free: 192895K (62%)
----------------- Invoking toplevel() on ptolemy.moml.MoMLSimpleApplication@1e099d48
----------------- Done invoking toplevel() on ptolemy.moml.MoMLSimpleApplication@1e099d48
reloadAllAccessors: .VectorAssemblerDisassemblerSDF

===========================================================================================
----------------- testing Thu Oct 01 16:27:38 UTC 2020 /home/travis/build/icyphy/ptII/ptolemy/actor/lib/test/auto/WallClockTime.xml
----------------- Instantiating /home/travis/build/icyphy/ptII/ptolemy/actor/lib/test/auto/WallClockTime.xml
1004 ms. Memory: 310272K Free: 187775K (61%)
----------------- Invoking toplevel() on ptolemy.moml.MoMLSimpleApplication@713a8c12
----------------- Done invoking toplevel() on ptolemy.moml.MoMLSimpleApplication@713a8c12
reloadAllAccessors: .WallClockTime

===========================================================================================
----------------- testing Thu Oct 01 16:27:39 UTC 2020 /home/travis/build/icyphy/ptII/ptolemy/actor/lib/test/auto/WidthTestWithSubscriberPublisher.xml
----------------- Instantiating /home/travis/build/icyphy/ptII/ptolemy/actor/lib/test/auto/WidthTestWithSubscriberPublisher.xml
6 ms. Memory: 310272K Free: 169853K (55%)
----------------- Invoking toplevel() on ptolemy.moml.MoMLSimpleApplication@63a75b8c
----------------- Done invoking toplevel() on ptolemy.moml.MoMLSimpleApplication@63a75b8c
reloadAllAccessors: .WidthTestWithSubscriberPublisher

===========================================================================================
----------------- testing Thu Oct 01 16:27:39 UTC 2020 /home/travis/build/icyphy/ptII/ptolemy/actor/lib/test/auto/WidthTestWithSubscriberPublisher2.xml
----------------- Instantiating /home/travis/build/icyphy/ptII/ptolemy/actor/lib/test/auto/WidthTestWithSubscriberPublisher2.xml
2 ms. Memory: 310272K Free: 163709K (53%)
----------------- Invoking toplevel() on ptolemy.moml.MoMLSimpleApplication@62a8517c
----------------- Done invoking toplevel() on ptolemy.moml.MoMLSimpleApplication@62a8517c
reloadAllAccessors: .WidthTestWithSubscriberPublisher2

===========================================================================================
----------------- testing Thu Oct 01 16:27:39 UTC 2020 /home/travis/build/icyphy/ptII/ptolemy/actor/lib/test/auto/WidthTestWithSubscriberPublisher3.xml
----------------- Instantiating /home/travis/build/icyphy/ptII/ptolemy/actor/lib/test/auto/WidthTestWithSubscriberPublisher3.xml
1 ms. Memory: 310272K Free: 157565K (51%)
----------------- Invoking toplevel() on ptolemy.moml.MoMLSimpleApplication@30921eaa
----------------- Done invoking toplevel() on ptolemy.moml.MoMLSimpleApplication@30921eaa
reloadAllAccessors: .WidthTestWithSubscriberPublisher3

===========================================================================================
----------------- testing Thu Oct 01 16:27:39 UTC 2020 /home/travis/build/icyphy/ptII/ptolemy/actor/lib/test/auto/Writer.xml
----------------- Instantiating /home/travis/build/icyphy/ptII/ptolemy/actor/lib/test/auto/Writer.xml
0
1
2
3
4
1 ms. Memory: 310272K Free: 152959K (49%)
----------------- Invoking toplevel() on ptolemy.moml.MoMLSimpleApplication@161ee0a4
----------------- Done invoking toplevel() on ptolemy.moml.MoMLSimpleApplication@161ee0a4
reloadAllAccessors: .Writer

===========================================================================================
----------------- testing Thu Oct 01 16:27:39 UTC 2020 /home/travis/build/icyphy/ptII/ptolemy/actor/lib/test/auto/array.xml
----------------- Instantiating /home/travis/build/icyphy/ptII/ptolemy/actor/lib/test/auto/array.xml
3 ms. Memory: 310272K Free: 148349K (48%)
----------------- Invoking toplevel() on ptolemy.moml.MoMLSimpleApplication@4e98a37d
----------------- Done invoking toplevel() on ptolemy.moml.MoMLSimpleApplication@4e98a37d
reloadAllAccessors: .array

===========================================================================================
----------------- testing Thu Oct 01 16:27:39 UTC 2020 /home/travis/build/icyphy/ptII/ptolemy/actor/lib/test/auto/array2.xml
----------------- Instantiating /home/travis/build/icyphy/ptII/ptolemy/actor/lib/test/auto/array2.xml
3 ms. Memory: 310272K Free: 143743K (46%)
----------------- Invoking toplevel() on ptolemy.moml.MoMLSimpleApplication@1bc04a27
----------------- Done invoking toplevel() on ptolemy.moml.MoMLSimpleApplication@1bc04a27
reloadAllAccessors: .array2

===========================================================================================
----------------- testing Thu Oct 01 16:27:39 UTC 2020 /home/travis/build/icyphy/ptII/ptolemy/actor/lib/test/auto/arrayType.xml
----------------- Instantiating /home/travis/build/icyphy/ptII/ptolemy/actor/lib/test/auto/arrayType.xml
1 ms. Memory: 310272K Free: 138623K (45%)
----------------- Invoking toplevel() on ptolemy.moml.MoMLSimpleApplication@4971fb58
----------------- Done invoking toplevel() on ptolemy.moml.MoMLSimpleApplication@4971fb58
reloadAllAccessors: .arrayType

===========================================================================================
----------------- testing Thu Oct 01 16:27:39 UTC 2020 /home/travis/build/icyphy/ptII/ptolemy/actor/lib/test/auto/arrayType10.xml
----------------- Instantiating /home/travis/build/icyphy/ptII/ptolemy/actor/lib/test/auto/arrayType10.xml
1 ms. Memory: 310272K Free: 134013K (43%)
----------------- Invoking toplevel() on ptolemy.moml.MoMLSimpleApplication@6c0ddfbd
----------------- Done invoking toplevel() on ptolemy.moml.MoMLSimpleApplication@6c0ddfbd
reloadAllAccessors: .arrayType10

===========================================================================================
----------------- testing Thu Oct 01 16:27:39 UTC 2020 /home/travis/build/icyphy/ptII/ptolemy/actor/lib/test/auto/arrayType11.xml
----------------- Instantiating /home/travis/build/icyphy/ptII/ptolemy/actor/lib/test/auto/arrayType11.xml
1 ms. Memory: 310272K Free: 128893K (42%)
----------------- Invoking toplevel() on ptolemy.moml.MoMLSimpleApplication@716f7298
----------------- Done invoking toplevel() on ptolemy.moml.MoMLSimpleApplication@716f7298
reloadAllAccessors: .arrayType11

===========================================================================================
----------------- testing Thu Oct 01 16:27:39 UTC 2020 /home/travis/build/icyphy/ptII/ptolemy/actor/lib/test/auto/arrayType12.xml
----------------- Instantiating /home/travis/build/icyphy/ptII/ptolemy/actor/lib/test/auto/arrayType12.xml
2 ms. Memory: 310272K Free: 124287K (40%)
----------------- Invoking toplevel() on ptolemy.moml.MoMLSimpleApplication@7b5643e8
----------------- Done invoking toplevel() on ptolemy.moml.MoMLSimpleApplication@7b5643e8
reloadAllAccessors: .arrayType12

===========================================================================================
----------------- testing Thu Oct 01 16:27:39 UTC 2020 /home/travis/build/icyphy/ptII/ptolemy/actor/lib/test/auto/arrayType13.xml
----------------- Instantiating /home/travis/build/icyphy/ptII/ptolemy/actor/lib/test/auto/arrayType13.xml
1 ms. Memory: 310272K Free: 119167K (38%)
----------------- Invoking toplevel() on ptolemy.moml.MoMLSimpleApplication@1ee5aa2f
----------------- Done invoking toplevel() on ptolemy.moml.MoMLSimpleApplication@1ee5aa2f
reloadAllAccessors: .arrayType13

===========================================================================================
----------------- testing Thu Oct 01 16:27:39 UTC 2020 /home/travis/build/icyphy/ptII/ptolemy/actor/lib/test/auto/arrayType14.xml
----------------- Instantiating /home/travis/build/icyphy/ptII/ptolemy/actor/lib/test/auto/arrayType14.xml
1 ms. Memory: 310272K Free: 114047K (37%)
----------------- Invoking toplevel() on ptolemy.moml.MoMLSimpleApplication@233be919
----------------- Done invoking toplevel() on ptolemy.moml.MoMLSimpleApplication@233be919
reloadAllAccessors: .arrayType14

===========================================================================================
----------------- testing Thu Oct 01 16:27:39 UTC 2020 /home/travis/build/icyphy/ptII/ptolemy/actor/lib/test/auto/arrayType15.xml
----------------- Instantiating /home/travis/build/icyphy/ptII/ptolemy/actor/lib/test/auto/arrayType15.xml
3 ms. Memory: 310272K Free: 108927K (35%)
----------------- Invoking toplevel() on ptolemy.moml.MoMLSimpleApplication@6c702475
----------------- Done invoking toplevel() on ptolemy.moml.MoMLSimpleApplication@6c702475
reloadAllAccessors: .arrayType15

===========================================================================================
----------------- testing Thu Oct 01 16:27:39 UTC 2020 /home/travis/build/icyphy/ptII/ptolemy/actor/lib/test/auto/arrayType16.xml
----------------- Instantiating /home/travis/build/icyphy/ptII/ptolemy/actor/lib/test/auto/arrayType16.xml
1 ms. Memory: 310272K Free: 103293K (33%)
----------------- Invoking toplevel() on ptolemy.moml.MoMLSimpleApplication@4cd2e0b6
----------------- Done invoking toplevel() on ptolemy.moml.MoMLSimpleApplication@4cd2e0b6
reloadAllAccessors: .arrayType16

===========================================================================================
----------------- testing Thu Oct 01 16:27:39 UTC 2020 /home/travis/build/icyphy/ptII/ptolemy/actor/lib/test/auto/arrayType17.xml
----------------- Instantiating /home/travis/build/icyphy/ptII/ptolemy/actor/lib/test/auto/arrayType17.xml
1 ms. Memory: 310272K Free: 98173K (32%)
----------------- Invoking toplevel() on ptolemy.moml.MoMLSimpleApplication@2681a9c6
----------------- Done invoking toplevel() on ptolemy.moml.MoMLSimpleApplication@2681a9c6
reloadAllAccessors: .arrayType17

===========================================================================================
----------------- testing Thu Oct 01 16:27:39 UTC 2020 /home/travis/build/icyphy/ptII/ptolemy/actor/lib/test/auto/arrayType18.xml
----------------- Instantiating /home/travis/build/icyphy/ptII/ptolemy/actor/lib/test/auto/arrayType18.xml
1 ms. Memory: 310272K Free: 93567K (30%)
----------------- Invoking toplevel() on ptolemy.moml.MoMLSimpleApplication@26956213
----------------- Done invoking toplevel() on ptolemy.moml.MoMLSimpleApplication@26956213
reloadAllAccessors: .arrayType18

===========================================================================================
----------------- testing Thu Oct 01 16:27:39 UTC 2020 /home/travis/build/icyphy/ptII/ptolemy/actor/lib/test/auto/arrayType19.xml
----------------- Instantiating /home/travis/build/icyphy/ptII/ptolemy/actor/lib/test/auto/arrayType19.xml
1 ms. Memory: 310272K Free: 88957K (29%)
----------------- Invoking toplevel() on ptolemy.moml.MoMLSimpleApplication@6409a819
----------------- Done invoking toplevel() on ptolemy.moml.MoMLSimpleApplication@6409a819
reloadAllAccessors: .arrayType19

===========================================================================================
----------------- testing Thu Oct 01 16:27:40 UTC 2020 /home/travis/build/icyphy/ptII/ptolemy/actor/lib/test/auto/arrayType2.xml
----------------- Instantiating /home/travis/build/icyphy/ptII/ptolemy/actor/lib/test/auto/arrayType2.xml
1 ms. Memory: 310272K Free: 83837K (27%)
----------------- Invoking toplevel() on ptolemy.moml.MoMLSimpleApplication@7c33da60
----------------- Done invoking toplevel() on ptolemy.moml.MoMLSimpleApplication@7c33da60
reloadAllAccessors: .arrayType2

===========================================================================================
----------------- testing Thu Oct 01 16:27:40 UTC 2020 /home/travis/build/icyphy/ptII/ptolemy/actor/lib/test/auto/arrayType20.xml
----------------- Instantiating /home/travis/build/icyphy/ptII/ptolemy/actor/lib/test/auto/arrayType20.xml
1 ms. Memory: 310272K Free: 78717K (25%)
----------------- Invoking toplevel() on ptolemy.moml.MoMLSimpleApplication@5698e059
----------------- Done invoking toplevel() on ptolemy.moml.MoMLSimpleApplication@5698e059
reloadAllAccessors: .arrayType20

===========================================================================================
----------------- testing Thu Oct 01 16:27:40 UTC 2020 /home/travis/build/icyphy/ptII/ptolemy/actor/lib/test/auto/arrayType21.xml
----------------- Instantiating /home/travis/build/icyphy/ptII/ptolemy/actor/lib/test/auto/arrayType21.xml
1 ms. Memory: 310272K Free: 253768K (82%)
----------------- Invoking toplevel() on ptolemy.moml.MoMLSimpleApplication@bf8750e
----------------- Done invoking toplevel() on ptolemy.moml.MoMLSimpleApplication@bf8750e
reloadAllAccessors: .arrayType21

===========================================================================================
----------------- testing Thu Oct 01 16:27:40 UTC 2020 /home/travis/build/icyphy/ptII/ptolemy/actor/lib/test/auto/arrayType22.xml
----------------- Instantiating /home/travis/build/icyphy/ptII/ptolemy/actor/lib/test/auto/arrayType22.xml
1 ms. Memory: 310272K Free: 248648K (80%)
----------------- Invoking toplevel() on ptolemy.moml.MoMLSimpleApplication@6c4e5db
----------------- Done invoking toplevel() on ptolemy.moml.MoMLSimpleApplication@6c4e5db
reloadAllAccessors: .arrayType22

===========================================================================================
----------------- testing Thu Oct 01 16:27:40 UTC 2020 /home/travis/build/icyphy/ptII/ptolemy/actor/lib/test/auto/arrayType23.xml
----------------- Instantiating /home/travis/build/icyphy/ptII/ptolemy/actor/lib/test/auto/arrayType23.xml
1 ms. Memory: 310272K Free: 244042K (79%)
----------------- Invoking toplevel() on ptolemy.moml.MoMLSimpleApplication@6b2411ba
----------------- Done invoking toplevel() on ptolemy.moml.MoMLSimpleApplication@6b2411ba
reloadAllAccessors: .arrayType23

===========================================================================================
----------------- testing Thu Oct 01 16:27:40 UTC 2020 /home/travis/build/icyphy/ptII/ptolemy/actor/lib/test/auto/arrayType24.xml
----------------- Instantiating /home/travis/build/icyphy/ptII/ptolemy/actor/lib/test/auto/arrayType24.xml
3 ms. Memory: 310272K Free: 239432K (77%)
----------------- Invoking toplevel() on ptolemy.moml.MoMLSimpleApplication@149e0747
----------------- Done invoking toplevel() on ptolemy.moml.MoMLSimpleApplication@149e0747
reloadAllAccessors: .arrayType24

===========================================================================================
----------------- testing Thu Oct 01 16:27:40 UTC 2020 /home/travis/build/icyphy/ptII/ptolemy/actor/lib/test/auto/arrayType25.xml
----------------- Instantiating /home/travis/build/icyphy/ptII/ptolemy/actor/lib/test/auto/arrayType25.xml
1 ms. Memory: 310272K Free: 234312K (76%)
----------------- Invoking toplevel() on ptolemy.moml.MoMLSimpleApplication@20dbd132
----------------- Done invoking toplevel() on ptolemy.moml.MoMLSimpleApplication@20dbd132
reloadAllAccessors: .arrayType25

===========================================================================================
----------------- testing Thu Oct 01 16:27:40 UTC 2020 /home/travis/build/icyphy/ptII/ptolemy/actor/lib/test/auto/arrayType26.xml
----------------- Instantiating /home/travis/build/icyphy/ptII/ptolemy/actor/lib/test/auto/arrayType26.xml
1 ms. Memory: 310272K Free: 228682K (74%)
----------------- Invoking toplevel() on ptolemy.moml.MoMLSimpleApplication@44fa2f2c
----------------- Done invoking toplevel() on ptolemy.moml.MoMLSimpleApplication@44fa2f2c
reloadAllAccessors: .arrayType26

===========================================================================================
----------------- testing Thu Oct 01 16:27:40 UTC 2020 /home/travis/build/icyphy/ptII/ptolemy/actor/lib/test/auto/arrayType27.xml
----------------- Instantiating /home/travis/build/icyphy/ptII/ptolemy/actor/lib/test/auto/arrayType27.xml
1 ms. Memory: 310272K Free: 223562K (72%)
----------------- Invoking toplevel() on ptolemy.moml.MoMLSimpleApplication@7f3fe95b
----------------- Done invoking toplevel() on ptolemy.moml.MoMLSimpleApplication@7f3fe95b
reloadAllAccessors: .arrayType27

===========================================================================================
----------------- testing Thu Oct 01 16:27:40 UTC 2020 /home/travis/build/icyphy/ptII/ptolemy/actor/lib/test/auto/arrayType28.xml
----------------- Instantiating /home/travis/build/icyphy/ptII/ptolemy/actor/lib/test/auto/arrayType28.xml
6 ms. Memory: 310272K Free: 218442K (70%)
----------------- Invoking toplevel() on ptolemy.moml.MoMLSimpleApplication@35533570
----------------- Done invoking toplevel() on ptolemy.moml.MoMLSimpleApplication@35533570
reloadAllAccessors: .arrayType28

===========================================================================================
----------------- testing Thu Oct 01 16:27:40 UTC 2020 /home/travis/build/icyphy/ptII/ptolemy/actor/lib/test/auto/arrayType3.xml
----------------- Instantiating /home/travis/build/icyphy/ptII/ptolemy/actor/lib/test/auto/arrayType3.xml
4 ms. Memory: 310272K Free: 213322K (69%)
----------------- Invoking toplevel() on ptolemy.moml.MoMLSimpleApplication@1623d017
----------------- Done invoking toplevel() on ptolemy.moml.MoMLSimpleApplication@1623d017
reloadAllAccessors: .arrayType3

===========================================================================================
----------------- testing Thu Oct 01 16:27:40 UTC 2020 /home/travis/build/icyphy/ptII/ptolemy/actor/lib/test/auto/arrayType4.xml
----------------- Instantiating /home/travis/build/icyphy/ptII/ptolemy/actor/lib/test/auto/arrayType4.xml
2 ms. Memory: 310272K Free: 207688K (67%)
----------------- Invoking toplevel() on ptolemy.moml.MoMLSimpleApplication@2a6f43e0
----------------- Done invoking toplevel() on ptolemy.moml.MoMLSimpleApplication@2a6f43e0
reloadAllAccessors: .arrayType4

===========================================================================================
----------------- testing Thu Oct 01 16:27:40 UTC 2020 /home/travis/build/icyphy/ptII/ptolemy/actor/lib/test/auto/arrayType5.xml
----------------- Instantiating /home/travis/build/icyphy/ptII/ptolemy/actor/lib/test/auto/arrayType5.xml
2 ms. Memory: 310272K Free: 202568K (65%)
----------------- Invoking toplevel() on ptolemy.moml.MoMLSimpleApplication@2a37e08e
----------------- Done invoking toplevel() on ptolemy.moml.MoMLSimpleApplication@2a37e08e
reloadAllAccessors: .arrayType5

===========================================================================================
----------------- testing Thu Oct 01 16:27:40 UTC 2020 /home/travis/build/icyphy/ptII/ptolemy/actor/lib/test/auto/arrayType6.xml
----------------- Instantiating /home/travis/build/icyphy/ptII/ptolemy/actor/lib/test/auto/arrayType6.xml
1 ms. Memory: 310272K Free: 197962K (64%)
----------------- Invoking toplevel() on ptolemy.moml.MoMLSimpleApplication@6c82849
----------------- Done invoking toplevel() on ptolemy.moml.MoMLSimpleApplication@6c82849
reloadAllAccessors: .arrayType6

===========================================================================================
----------------- testing Thu Oct 01 16:27:40 UTC 2020 /home/travis/build/icyphy/ptII/ptolemy/actor/lib/test/auto/arrayType7.xml
----------------- Instantiating /home/travis/build/icyphy/ptII/ptolemy/actor/lib/test/auto/arrayType7.xml
1 ms. Memory: 310272K Free: 193352K (62%)
----------------- Invoking toplevel() on ptolemy.moml.MoMLSimpleApplication@40e28968
----------------- Done invoking toplevel() on ptolemy.moml.MoMLSimpleApplication@40e28968
reloadAllAccessors: .arrayType7

===========================================================================================
----------------- testing Thu Oct 01 16:27:40 UTC 2020 /home/travis/build/icyphy/ptII/ptolemy/actor/lib/test/auto/arrayType8.xml
----------------- Instantiating /home/travis/build/icyphy/ptII/ptolemy/actor/lib/test/auto/arrayType8.xml
1 ms. Memory: 310272K Free: 188232K (61%)
----------------- Invoking toplevel() on ptolemy.moml.MoMLSimpleApplication@6849f402
----------------- Done invoking toplevel() on ptolemy.moml.MoMLSimpleApplication@6849f402
reloadAllAccessors: .arrayType8

===========================================================================================
----------------- testing Thu Oct 01 16:27:40 UTC 2020 /home/travis/build/icyphy/ptII/ptolemy/actor/lib/test/auto/arrayType9.xml
----------------- Instantiating /home/travis/build/icyphy/ptII/ptolemy/actor/lib/test/auto/arrayType9.xml
5 ms. Memory: 310272K Free: 183626K (59%)
----------------- Invoking toplevel() on ptolemy.moml.MoMLSimpleApplication@6876eb70
----------------- Done invoking toplevel() on ptolemy.moml.MoMLSimpleApplication@6876eb70
reloadAllAccessors: .arrayType9

===========================================================================================
----------------- testing Thu Oct 01 16:27:40 UTC 2020 /home/travis/build/icyphy/ptII/ptolemy/actor/lib/test/auto/cast.xml
----------------- Instantiating /home/travis/build/icyphy/ptII/ptolemy/actor/lib/test/auto/cast.xml
1 ms. Memory: 310272K Free: 179016K (58%)
----------------- Invoking toplevel() on ptolemy.moml.MoMLSimpleApplication@6a5fba34
----------------- Done invoking toplevel() on ptolemy.moml.MoMLSimpleApplication@6a5fba34
reloadAllAccessors: .cast

===========================================================================================
----------------- testing Thu Oct 01 16:27:40 UTC 2020 /home/travis/build/icyphy/ptII/ptolemy/actor/lib/test/auto/compositeMultiPort.xml
----------------- Instantiating /home/travis/build/icyphy/ptII/ptolemy/actor/lib/test/auto/compositeMultiPort.xml
2 ms. Memory: 310272K Free: 170314K (55%)
----------------- Invoking toplevel() on ptolemy.moml.MoMLSimpleApplication@47ac0d12
----------------- Done invoking toplevel() on ptolemy.moml.MoMLSimpleApplication@47ac0d12
reloadAllAccessors: .compositeMultiPort

===========================================================================================
----------------- testing Thu Oct 01 16:27:40 UTC 2020 /home/travis/build/icyphy/ptII/ptolemy/actor/lib/test/auto/expressionCastInference.xml
----------------- Instantiating /home/travis/build/icyphy/ptII/ptolemy/actor/lib/test/auto/expressionCastInference.xml
1 ms. Memory: 310272K Free: 165194K (53%)
----------------- Invoking toplevel() on ptolemy.moml.MoMLSimpleApplication@7eae9e69
----------------- Done invoking toplevel() on ptolemy.moml.MoMLSimpleApplication@7eae9e69
reloadAllAccessors: .expressionCastInference

===========================================================================================
----------------- testing Thu Oct 01 16:27:40 UTC 2020 /home/travis/build/icyphy/ptII/ptolemy/actor/lib/test/auto/expressionCastInference2.xml
----------------- Instantiating /home/travis/build/icyphy/ptII/ptolemy/actor/lib/test/auto/expressionCastInference2.xml
2 ms. Memory: 310272K Free: 160584K (52%)
----------------- Invoking toplevel() on ptolemy.moml.MoMLSimpleApplication@1b35d131
----------------- Done invoking toplevel() on ptolemy.moml.MoMLSimpleApplication@1b35d131
reloadAllAccessors: .expressionCastInference2

===========================================================================================
----------------- testing Thu Oct 01 16:27:40 UTC 2020 /home/travis/build/icyphy/ptII/ptolemy/actor/lib/test/auto/expressionInference.xml
----------------- Instantiating /home/travis/build/icyphy/ptII/ptolemy/actor/lib/test/auto/expressionInference.xml
1 ms. Memory: 310272K Free: 156488K (50%)
----------------- Invoking toplevel() on ptolemy.moml.MoMLSimpleApplication@72d0d80e
----------------- Done invoking toplevel() on ptolemy.moml.MoMLSimpleApplication@72d0d80e
reloadAllAccessors: .expressionInference

===========================================================================================
----------------- testing Thu Oct 01 16:27:40 UTC 2020 /home/travis/build/icyphy/ptII/ptolemy/actor/lib/test/auto/expression_bug.xml
----------------- Instantiating /home/travis/build/icyphy/ptII/ptolemy/actor/lib/test/auto/expression_bug.xml
1 ms. Memory: 310272K Free: 151882K (49%)
----------------- Invoking toplevel() on ptolemy.moml.MoMLSimpleApplication@5d65adc5
----------------- Done invoking toplevel() on ptolemy.moml.MoMLSimpleApplication@5d65adc5
reloadAllAccessors: .expression_bug

===========================================================================================
----------------- testing Thu Oct 01 16:27:40 UTC 2020 /home/travis/build/icyphy/ptII/ptolemy/actor/lib/test/auto/factorial.xml
----------------- Instantiating /home/travis/build/icyphy/ptII/ptolemy/actor/lib/test/auto/factorial.xml
26 ms. Memory: 310272K Free: 143690K (46%)
----------------- Invoking toplevel() on ptolemy.moml.MoMLSimpleApplication@635ffbef
----------------- Done invoking toplevel() on ptolemy.moml.MoMLSimpleApplication@635ffbef
reloadAllAccessors: .factorial

===========================================================================================
----------------- testing Thu Oct 01 16:27:40 UTC 2020 /home/travis/build/icyphy/ptII/ptolemy/actor/lib/test/auto/filterTest1.xml
----------------- Instantiating /home/travis/build/icyphy/ptII/ptolemy/actor/lib/test/auto/filterTest1.xml
3 ms. Memory: 310272K Free: 138042K (44%)
----------------- Invoking toplevel() on ptolemy.moml.MoMLSimpleApplication@19d5f3ca
----------------- Done invoking toplevel() on ptolemy.moml.MoMLSimpleApplication@19d5f3ca
reloadAllAccessors: .filterTest1

===========================================================================================
----------------- testing Thu Oct 01 16:27:40 UTC 2020 /home/travis/build/icyphy/ptII/ptolemy/actor/lib/test/auto/funcApplyInConst.xml
----------------- Instantiating /home/travis/build/icyphy/ptII/ptolemy/actor/lib/test/auto/funcApplyInConst.xml
1 ms. Memory: 310272K Free: 134474K (43%)
----------------- Invoking toplevel() on ptolemy.moml.MoMLSimpleApplication@6bf2f8a3
----------------- Done invoking toplevel() on ptolemy.moml.MoMLSimpleApplication@6bf2f8a3
reloadAllAccessors: .funcApplyInConst

===========================================================================================
----------------- testing Thu Oct 01 16:27:40 UTC 2020 /home/travis/build/icyphy/ptII/ptolemy/actor/lib/test/auto/funcApplyInExpr.xml
----------------- Instantiating /home/travis/build/icyphy/ptII/ptolemy/actor/lib/test/auto/funcApplyInExpr.xml
1 ms. Memory: 310272K Free: 130378K (42%)
----------------- Invoking toplevel() on ptolemy.moml.MoMLSimpleApplication@3c29ab1c
----------------- Done invoking toplevel() on ptolemy.moml.MoMLSimpleApplication@3c29ab1c
reloadAllAccessors: .funcApplyInExpr

===========================================================================================
----------------- testing Thu Oct 01 16:27:40 UTC 2020 /home/travis/build/icyphy/ptII/ptolemy/actor/lib/test/auto/function.xml
----------------- Instantiating /home/travis/build/icyphy/ptII/ptolemy/actor/lib/test/auto/function.xml
1 ms. Memory: 310272K Free: 125768K (41%)
----------------- Invoking toplevel() on ptolemy.moml.MoMLSimpleApplication@5d38c55e
----------------- Done invoking toplevel() on ptolemy.moml.MoMLSimpleApplication@5d38c55e
reloadAllAccessors: .function

===========================================================================================
----------------- testing Thu Oct 01 16:27:40 UTC 2020 /home/travis/build/icyphy/ptII/ptolemy/actor/lib/test/auto/function2.xml
----------------- Instantiating /home/travis/build/icyphy/ptII/ptolemy/actor/lib/test/auto/function2.xml
2 ms. Memory: 310272K Free: 121162K (39%)
----------------- Invoking toplevel() on ptolemy.moml.MoMLSimpleApplication@4b0a26fd
----------------- Done invoking toplevel() on ptolemy.moml.MoMLSimpleApplication@4b0a26fd
reloadAllAccessors: .function2

===========================================================================================
----------------- testing Thu Oct 01 16:27:40 UTC 2020 /home/travis/build/icyphy/ptII/ptolemy/actor/lib/test/auto/function3.xml
----------------- Instantiating /home/travis/build/icyphy/ptII/ptolemy/actor/lib/test/auto/function3.xml
2 ms. Memory: 310272K Free: 117066K (38%)
----------------- Invoking toplevel() on ptolemy.moml.MoMLSimpleApplication@451368f5
----------------- Done invoking toplevel() on ptolemy.moml.MoMLSimpleApplication@451368f5
reloadAllAccessors: .function3

===========================================================================================
----------------- testing Thu Oct 01 16:27:40 UTC 2020 /home/travis/build/icyphy/ptII/ptolemy/actor/lib/test/auto/functionClosureTest1.xml
----------------- Instantiating /home/travis/build/icyphy/ptII/ptolemy/actor/lib/test/auto/functionClosureTest1.xml
2 ms. Memory: 310272K Free: 111402K (36%)
----------------- Invoking toplevel() on ptolemy.moml.MoMLSimpleApplication@2095c80c
----------------- Done invoking toplevel() on ptolemy.moml.MoMLSimpleApplication@2095c80c
reloadAllAccessors: .functionClosureTest1

===========================================================================================
----------------- testing Thu Oct 01 16:27:40 UTC 2020 /home/travis/build/icyphy/ptII/ptolemy/actor/lib/test/auto/functionClosureTest2.xml
----------------- Instantiating /home/travis/build/icyphy/ptII/ptolemy/actor/lib/test/auto/functionClosureTest2.xml
1 ms. Memory: 310272K Free: 107850K (35%)
----------------- Invoking toplevel() on ptolemy.moml.MoMLSimpleApplication@17d799c0
----------------- Done invoking toplevel() on ptolemy.moml.MoMLSimpleApplication@17d799c0
reloadAllAccessors: .functionClosureTest2

===========================================================================================
----------------- testing Thu Oct 01 16:27:40 UTC 2020 /home/travis/build/icyphy/ptII/ptolemy/actor/lib/test/auto/functionClosureTest3.xml
----------------- Instantiating /home/travis/build/icyphy/ptII/ptolemy/actor/lib/test/auto/functionClosureTest3.xml
1 ms. Memory: 310272K Free: 102186K (33%)
----------------- Invoking toplevel() on ptolemy.moml.MoMLSimpleApplication@16cbb6be
----------------- Done invoking toplevel() on ptolemy.moml.MoMLSimpleApplication@16cbb6be
reloadAllAccessors: .functionClosureTest3

===========================================================================================
----------------- testing Thu Oct 01 16:27:40 UTC 2020 /home/travis/build/icyphy/ptII/ptolemy/actor/lib/test/auto/functionClosureTest4.xml
----------------- Instantiating /home/travis/build/icyphy/ptII/ptolemy/actor/lib/test/auto/functionClosureTest4.xml
3 ms. Memory: 310272K Free: 96072K (31%)
----------------- Invoking toplevel() on ptolemy.moml.MoMLSimpleApplication@fa5aabd
----------------- Done invoking toplevel() on ptolemy.moml.MoMLSimpleApplication@fa5aabd
reloadAllAccessors: .functionClosureTest4

===========================================================================================
----------------- testing Thu Oct 01 16:27:40 UTC 2020 /home/travis/build/icyphy/ptII/ptolemy/actor/lib/test/auto/functionClosureTest5.xml
----------------- Instantiating /home/travis/build/icyphy/ptII/ptolemy/actor/lib/test/auto/functionClosureTest5.xml
3 ms. Memory: 310272K Free: 90952K (29%)
----------------- Invoking toplevel() on ptolemy.moml.MoMLSimpleApplication@22089ee5
----------------- Done invoking toplevel() on ptolemy.moml.MoMLSimpleApplication@22089ee5
reloadAllAccessors: .functionClosureTest5

===========================================================================================
----------------- testing Thu Oct 01 16:27:40 UTC 2020 /home/travis/build/icyphy/ptII/ptolemy/actor/lib/test/auto/functionClosureTest6.xml
----------------- Instantiating /home/travis/build/icyphy/ptII/ptolemy/actor/lib/test/auto/functionClosureTest6.xml
1 ms. Memory: 310272K Free: 85832K (28%)
----------------- Invoking toplevel() on ptolemy.moml.MoMLSimpleApplication@16ff1f64
----------------- Done invoking toplevel() on ptolemy.moml.MoMLSimpleApplication@16ff1f64
reloadAllAccessors: .functionClosureTest6

===========================================================================================
----------------- testing Thu Oct 01 16:27:40 UTC 2020 /home/travis/build/icyphy/ptII/ptolemy/actor/lib/test/auto/functionsOnArcs.xml
----------------- Instantiating /home/travis/build/icyphy/ptII/ptolemy/actor/lib/test/auto/functionsOnArcs.xml
2 ms. Memory: 310272K Free: 80712K (26%)
----------------- Invoking toplevel() on ptolemy.moml.MoMLSimpleApplication@78c9cec7
----------------- Done invoking toplevel() on ptolemy.moml.MoMLSimpleApplication@78c9cec7
reloadAllAccessors: .functionsOnArcs

===========================================================================================
----------------- testing Thu Oct 01 16:27:40 UTC 2020 /home/travis/build/icyphy/ptII/ptolemy/actor/lib/test/auto/functionsOnArcsHOF.xml
----------------- Instantiating /home/travis/build/icyphy/ptII/ptolemy/actor/lib/test/auto/functionsOnArcsHOF.xml
4 ms. Memory: 310272K Free: 75082K (24%)
----------------- Invoking toplevel() on ptolemy.moml.MoMLSimpleApplication@79a302fe
----------------- Done invoking toplevel() on ptolemy.moml.MoMLSimpleApplication@79a302fe
reloadAllAccessors: .functionsOnArcsHOF

===========================================================================================
----------------- testing Thu Oct 01 16:27:40 UTC 2020 /home/travis/build/icyphy/ptII/ptolemy/actor/lib/test/auto/logic.xml
----------------- Instantiating /home/travis/build/icyphy/ptII/ptolemy/actor/lib/test/auto/logic.xml
2 ms. Memory: 310272K Free: 249197K (80%)
----------------- Invoking toplevel() on ptolemy.moml.MoMLSimpleApplication@683b69ae
----------------- Done invoking toplevel() on ptolemy.moml.MoMLSimpleApplication@683b69ae
reloadAllAccessors: .logic

===========================================================================================
----------------- testing Thu Oct 01 16:27:40 UTC 2020 /home/travis/build/icyphy/ptII/ptolemy/actor/lib/test/auto/matrixType.xml
----------------- Instantiating /home/travis/build/icyphy/ptII/ptolemy/actor/lib/test/auto/matrixType.xml
1 ms. Memory: 310272K Free: 244591K (79%)
----------------- Invoking toplevel() on ptolemy.moml.MoMLSimpleApplication@67f9c45f
----------------- Done invoking toplevel() on ptolemy.moml.MoMLSimpleApplication@67f9c45f
reloadAllAccessors: .matrixType

===========================================================================================
----------------- testing Thu Oct 01 16:27:40 UTC 2020 /home/travis/build/icyphy/ptII/ptolemy/actor/lib/test/auto/matrixType10.xml
----------------- Instantiating /home/travis/build/icyphy/ptII/ptolemy/actor/lib/test/auto/matrixType10.xml
1 ms. Memory: 310272K Free: 239981K (77%)
----------------- Invoking toplevel() on ptolemy.moml.MoMLSimpleApplication@510f7b80
----------------- Done invoking toplevel() on ptolemy.moml.MoMLSimpleApplication@510f7b80
reloadAllAccessors: .matrixType10

===========================================================================================
----------------- testing Thu Oct 01 16:27:40 UTC 2020 /home/travis/build/icyphy/ptII/ptolemy/actor/lib/test/auto/matrixType11.xml
----------------- Instantiating /home/travis/build/icyphy/ptII/ptolemy/actor/lib/test/auto/matrixType11.xml
1 ms. Memory: 310272K Free: 234861K (76%)
----------------- Invoking toplevel() on ptolemy.moml.MoMLSimpleApplication@516b83e3
----------------- Done invoking toplevel() on ptolemy.moml.MoMLSimpleApplication@516b83e3
reloadAllAccessors: .matrixType11

===========================================================================================
----------------- testing Thu Oct 01 16:27:40 UTC 2020 /home/travis/build/icyphy/ptII/ptolemy/actor/lib/test/auto/matrixType12.xml
----------------- Instantiating /home/travis/build/icyphy/ptII/ptolemy/actor/lib/test/auto/matrixType12.xml
1 ms. Memory: 310272K Free: 230255K (74%)
----------------- Invoking toplevel() on ptolemy.moml.MoMLSimpleApplication@1433efd
----------------- Done invoking toplevel() on ptolemy.moml.MoMLSimpleApplication@1433efd
reloadAllAccessors: .matrixType12

===========================================================================================
----------------- testing Thu Oct 01 16:27:40 UTC 2020 /home/travis/build/icyphy/ptII/ptolemy/actor/lib/test/auto/matrixType13.xml
----------------- Instantiating /home/travis/build/icyphy/ptII/ptolemy/actor/lib/test/auto/matrixType13.xml
2 ms. Memory: 310272K Free: 225645K (73%)
----------------- Invoking toplevel() on ptolemy.moml.MoMLSimpleApplication@6641d647
----------------- Done invoking toplevel() on ptolemy.moml.MoMLSimpleApplication@6641d647
reloadAllAccessors: .matrixType13

===========================================================================================
----------------- testing Thu Oct 01 16:27:40 UTC 2020 /home/travis/build/icyphy/ptII/ptolemy/actor/lib/test/auto/matrixType14.xml
----------------- Instantiating /home/travis/build/icyphy/ptII/ptolemy/actor/lib/test/auto/matrixType14.xml
1 ms. Memory: 310272K Free: 220525K (71%)
----------------- Invoking toplevel() on ptolemy.moml.MoMLSimpleApplication@548d87a
----------------- Done invoking toplevel() on ptolemy.moml.MoMLSimpleApplication@548d87a
reloadAllAccessors: .matrixType14

===========================================================================================
----------------- testing Thu Oct 01 16:27:40 UTC 2020 /home/travis/build/icyphy/ptII/ptolemy/actor/lib/test/auto/matrixType2.xml
----------------- Instantiating /home/travis/build/icyphy/ptII/ptolemy/actor/lib/test/auto/matrixType2.xml
1 ms. Memory: 310272K Free: 215405K (69%)
----------------- Invoking toplevel() on ptolemy.moml.MoMLSimpleApplication@46acd075
----------------- Done invoking toplevel() on ptolemy.moml.MoMLSimpleApplication@46acd075
reloadAllAccessors: .matrixType2

===========================================================================================
----------------- testing Thu Oct 01 16:27:40 UTC 2020 /home/travis/build/icyphy/ptII/ptolemy/actor/lib/test/auto/matrixType3.xml
----------------- Instantiating /home/travis/build/icyphy/ptII/ptolemy/actor/lib/test/auto/matrixType3.xml
3 ms. Memory: 310272K Free: 210799K (68%)
----------------- Invoking toplevel() on ptolemy.moml.MoMLSimpleApplication@61afdec8
----------------- Done invoking toplevel() on ptolemy.moml.MoMLSimpleApplication@61afdec8
reloadAllAccessors: .matrixType3

===========================================================================================
----------------- testing Thu Oct 01 16:27:40 UTC 2020 /home/travis/build/icyphy/ptII/ptolemy/actor/lib/test/auto/matrixType4.xml
----------------- Instantiating /home/travis/build/icyphy/ptII/ptolemy/actor/lib/test/auto/matrixType4.xml
1 ms. Memory: 310272K Free: 205679K (66%)
----------------- Invoking toplevel() on ptolemy.moml.MoMLSimpleApplication@8393d69
----------------- Done invoking toplevel() on ptolemy.moml.MoMLSimpleApplication@8393d69
reloadAllAccessors: .matrixType4

===========================================================================================
----------------- testing Thu Oct 01 16:27:40 UTC 2020 /home/travis/build/icyphy/ptII/ptolemy/actor/lib/test/auto/matrixType5.xml
----------------- Instantiating /home/travis/build/icyphy/ptII/ptolemy/actor/lib/test/auto/matrixType5.xml
1 ms. Memory: 310272K Free: 201069K (65%)
----------------- Invoking toplevel() on ptolemy.moml.MoMLSimpleApplication@149a0d19
----------------- Done invoking toplevel() on ptolemy.moml.MoMLSimpleApplication@149a0d19
reloadAllAccessors: .matrixType5

===========================================================================================
----------------- testing Thu Oct 01 16:27:40 UTC 2020 /home/travis/build/icyphy/ptII/ptolemy/actor/lib/test/auto/matrixType6.xml
----------------- Instantiating /home/travis/build/icyphy/ptII/ptolemy/actor/lib/test/auto/matrixType6.xml
2 ms. Memory: 310272K Free: 196463K (63%)
----------------- Invoking toplevel() on ptolemy.moml.MoMLSimpleApplication@458d9aee
----------------- Done invoking toplevel() on ptolemy.moml.MoMLSimpleApplication@458d9aee
reloadAllAccessors: .matrixType6

===========================================================================================
----------------- testing Thu Oct 01 16:27:40 UTC 2020 /home/travis/build/icyphy/ptII/ptolemy/actor/lib/test/auto/matrixType7.xml
----------------- Instantiating /home/travis/build/icyphy/ptII/ptolemy/actor/lib/test/auto/matrixType7.xml
1 ms. Memory: 310272K Free: 191343K (62%)
----------------- Invoking toplevel() on ptolemy.moml.MoMLSimpleApplication@25d0ccb4
----------------- Done invoking toplevel() on ptolemy.moml.MoMLSimpleApplication@25d0ccb4
reloadAllAccessors: .matrixType7

===========================================================================================
----------------- testing Thu Oct 01 16:27:40 UTC 2020 /home/travis/build/icyphy/ptII/ptolemy/actor/lib/test/auto/matrixType8.xml
----------------- Instantiating /home/travis/build/icyphy/ptII/ptolemy/actor/lib/test/auto/matrixType8.xml
2 ms. Memory: 310272K Free: 186733K (60%)
----------------- Invoking toplevel() on ptolemy.moml.MoMLSimpleApplication@1e6a9f38
----------------- Done invoking toplevel() on ptolemy.moml.MoMLSimpleApplication@1e6a9f38
reloadAllAccessors: .matrixType8

===========================================================================================
----------------- testing Thu Oct 01 16:27:40 UTC 2020 /home/travis/build/icyphy/ptII/ptolemy/actor/lib/test/auto/matrixType9.xml
----------------- Instantiating /home/travis/build/icyphy/ptII/ptolemy/actor/lib/test/auto/matrixType9.xml
1 ms. Memory: 310272K Free: 182127K (59%)
----------------- Invoking toplevel() on ptolemy.moml.MoMLSimpleApplication@350dfacd
----------------- Done invoking toplevel() on ptolemy.moml.MoMLSimpleApplication@350dfacd
reloadAllAccessors: .matrixType9

===========================================================================================
----------------- testing Thu Oct 01 16:27:40 UTC 2020 /home/travis/build/icyphy/ptII/ptolemy/actor/lib/test/auto/paraFunctest.xml
----------------- Instantiating /home/travis/build/icyphy/ptII/ptolemy/actor/lib/test/auto/paraFunctest.xml
2 ms. Memory: 310272K Free: 177517K (57%)
----------------- Invoking toplevel() on ptolemy.moml.MoMLSimpleApplication@6d483444
----------------- Done invoking toplevel() on ptolemy.moml.MoMLSimpleApplication@6d483444
reloadAllAccessors: .paraFunctest

===========================================================================================
----------------- testing Thu Oct 01 16:27:40 UTC 2020 /home/travis/build/icyphy/ptII/ptolemy/actor/lib/test/auto/paraFunctest2.xml
----------------- Instantiating /home/travis/build/icyphy/ptII/ptolemy/actor/lib/test/auto/paraFunctest2.xml
2 ms. Memory: 310272K Free: 173421K (56%)
----------------- Invoking toplevel() on ptolemy.moml.MoMLSimpleApplication@40567a6c
----------------- Done invoking toplevel() on ptolemy.moml.MoMLSimpleApplication@40567a6c
reloadAllAccessors: .paraFunctest2

===========================================================================================
----------------- testing Thu Oct 01 16:27:40 UTC 2020 /home/travis/build/icyphy/ptII/ptolemy/actor/lib/test/auto/parameterPassing.xml
----------------- Instantiating /home/travis/build/icyphy/ptII/ptolemy/actor/lib/test/auto/parameterPassing.xml
0 ms. Memory: 310272K Free: 169325K (55%)
----------------- Invoking toplevel() on ptolemy.moml.MoMLSimpleApplication@2a5a380b
----------------- Done invoking toplevel() on ptolemy.moml.MoMLSimpleApplication@2a5a380b
reloadAllAccessors: .parameterPassing

===========================================================================================
----------------- testing Thu Oct 01 16:27:40 UTC 2020 /home/travis/build/icyphy/ptII/ptolemy/actor/lib/test/auto/record.xml
----------------- Instantiating /home/travis/build/icyphy/ptII/ptolemy/actor/lib/test/auto/record.xml
3 ms. Memory: 310272K Free: 164205K (53%)
----------------- Invoking toplevel() on ptolemy.moml.MoMLSimpleApplication@38d8cfab
----------------- Done invoking toplevel() on ptolemy.moml.MoMLSimpleApplication@38d8cfab
reloadAllAccessors: .record

===========================================================================================
----------------- testing Thu Oct 01 16:27:40 UTC 2020 /home/travis/build/icyphy/ptII/ptolemy/actor/lib/test/auto/sizedarray1.xml
----------------- Instantiating /home/travis/build/icyphy/ptII/ptolemy/actor/lib/test/auto/sizedarray1.xml
2 ms. Memory: 310272K Free: 159085K (51%)
----------------- Invoking toplevel() on ptolemy.moml.MoMLSimpleApplication@352d628b
----------------- Done invoking toplevel() on ptolemy.moml.MoMLSimpleApplication@352d628b
reloadAllAccessors: .sizedarray1

===========================================================================================
----------------- testing Thu Oct 01 16:27:40 UTC 2020 /home/travis/build/icyphy/ptII/ptolemy/actor/lib/test/auto/sizedarray2.xml
----------------- Instantiating /home/travis/build/icyphy/ptII/ptolemy/actor/lib/test/auto/sizedarray2.xml
2 ms. Memory: 310272K Free: 153455K (49%)
----------------- Invoking toplevel() on ptolemy.moml.MoMLSimpleApplication@67ec968c
----------------- Done invoking toplevel() on ptolemy.moml.MoMLSimpleApplication@67ec968c
reloadAllAccessors: .sizedarray2

===========================================================================================
----------------- testing Thu Oct 01 16:27:40 UTC 2020 /home/travis/build/icyphy/ptII/ptolemy/actor/lib/test/auto/twoPublishers.xml
----------------- Instantiating /home/travis/build/icyphy/ptII/ptolemy/actor/lib/test/auto/twoPublishers.xml
5 ms. Memory: 310272K Free: 143215K (46%)
----------------- Invoking toplevel() on ptolemy.moml.MoMLSimpleApplication@185755d2
----------------- Done invoking toplevel() on ptolemy.moml.MoMLSimpleApplication@185755d2
reloadAllAccessors: .twoPublishers
AutoTests.java: About to close Vertx.
AutoTests.java: Vertx closed.
]]></system-out>
  <system-err><![CDATA[java.lang.RuntimeException: Execution failed
	at ptolemy.moml.MoMLSimpleApplication$UnloadThread.run(MoMLSimpleApplication.java:402)
Caused by: java.lang.RuntimeException: StringUtilities.exit() was called. Normally, we would exit here because Manager.exitAfterWrapup() was called.  However, because the ptolemy.ptII.exitAfterWrapup property is set, we throw this exception instead.
	at ptolemy.util.StringUtilities.exit(StringUtilities.java:365)
	at ptolemy.actor.Manager.wrapup(Manager.java:1549)
	at ptolemy.actor.Manager.execute(Manager.java:407)
	at ptolemy.actor.Manager.run(Manager.java:1263)
	at ptolemy.actor.Manager$PtolemyRunThread.run(Manager.java:1933)
Warning: '.top.test' is in training mode, set the trainingMode parameter to false before checking in
Warning: '.top.test' is in training mode, set the trainingMode parameter to false before checking in
Warning: '.top.test' is in training mode, set the trainingMode parameter to false before checking in
Warning: '.BooleanSwitch_RegressionTest_WrongTrainingValues.Test' is in training mode, set the trainingMode parameter to false before checking in
Warning: '.BooleanSwitch_RegressionTest_WrongTrainingValues.Test2' is in training mode, set the trainingMode parameter to false before checking in
Warning: '.BooleanSwitch_RegressionTest_WrongTrainingValues.Test2' The test produced 0 tokens.
Warning: '.top.testExceptionHandler' is in training mode, set the trainingMode parameter to false before checking in
java.lang.RuntimeException: Execution failed
	at ptolemy.moml.MoMLSimpleApplication$UnloadThread.run(MoMLSimpleApplication.java:402)
Caused by: ptolemy.kernel.util.IllegalActionException: PublisherPorts cannot be used at the top level, use a Publisher actor instead.
  in .PublisherPortToplevelSubscriber.PublisherPort
	at ptolemy.actor.PublisherPort.preinitialize(PublisherPort.java:403)
	at ptolemy.actor.CompositeActor.preinitialize(CompositeActor.java:1769)
	at ptolemy.actor.Manager.preinitializeAndResolveTypes(Manager.java:1040)
	at ptolemy.actor.Manager.initialize(Manager.java:710)
	at ptolemy.actor.Manager.execute(Manager.java:356)
	at ptolemy.actor.Manager.run(Manager.java:1263)
	at ptolemy.actor.Manager$PtolemyRunThread.run(Manager.java:1933)
java.lang.reflect.InvocationTargetException
	at java.base/jdk.internal.reflect.NativeConstructorAccessorImpl.newInstance0(Native Method)
	at java.base/jdk.internal.reflect.NativeConstructorAccessorImpl.newInstance(NativeConstructorAccessorImpl.java:62)
	at java.base/jdk.internal.reflect.DelegatingConstructorAccessorImpl.newInstance(DelegatingConstructorAccessorImpl.java:45)
	at java.base/java.lang.reflect.Constructor.newInstance(Constructor.java:490)
	at ptolemy.util.test.junit.AutoKnownFailedTests.RunModel(AutoKnownFailedTests.java:105)
	at java.base/jdk.internal.reflect.NativeMethodAccessorImpl.invoke0(Native Method)
	at java.base/jdk.internal.reflect.NativeMethodAccessorImpl.invoke(NativeMethodAccessorImpl.java:62)
	at java.base/jdk.internal.reflect.DelegatingMethodAccessorImpl.invoke(DelegatingMethodAccessorImpl.java:43)
	at java.base/java.lang.reflect.Method.invoke(Method.java:566)
	at org.junit.runners.model.FrameworkMethod$1.runReflectiveCall(FrameworkMethod.java:44)
	at org.junit.internal.runners.model.ReflectiveCallable.run(ReflectiveCallable.java:15)
	at org.junit.runners.model.FrameworkMethod.invokeExplosively(FrameworkMethod.java:41)
	at junitparams.internal.InvokeParameterisedMethod.evaluate(InvokeParameterisedMethod.java:102)
	at org.junit.internal.runners.statements.FailOnTimeout$1.run(FailOnTimeout.java:28)
Caused by: ptolemy.kernel.util.IllegalActionException: PublisherPorts cannot be used at the top level, use a Publisher actor instead.
  in .PublisherPortToplevelSubscriber.PublisherPort
	at ptolemy.actor.PublisherPort.preinitialize(PublisherPort.java:403)
	at ptolemy.actor.CompositeActor.preinitialize(CompositeActor.java:1769)
	at ptolemy.actor.Manager.preinitializeAndResolveTypes(Manager.java:1040)
	at ptolemy.actor.Manager.initialize(Manager.java:710)
	at ptolemy.actor.Manager.execute(Manager.java:356)
	at ptolemy.actor.Manager.run(Manager.java:1263)
	at ptolemy.actor.Manager$PtolemyRunThread.run(Manager.java:1933)
java.lang.RuntimeException: Execution failed
	at ptolemy.moml.MoMLSimpleApplication$UnloadThread.run(MoMLSimpleApplication.java:402)
Caused by: ptolemy.kernel.util.IllegalActionException: SubscriberPorts cannot be used at the top level, use a Subscriber actor instead.
  in .PublisherSubscriberPortToplevel.SubscriberPort
	at ptolemy.actor.SubscriberPort.preinitialize(SubscriberPort.java:328)
	at ptolemy.actor.CompositeActor.preinitialize(CompositeActor.java:1769)
	at ptolemy.actor.Manager.preinitializeAndResolveTypes(Manager.java:1040)
	at ptolemy.actor.Manager.initialize(Manager.java:710)
	at ptolemy.actor.Manager.execute(Manager.java:356)
	at ptolemy.actor.Manager.run(Manager.java:1263)
	at ptolemy.actor.Manager$PtolemyRunThread.run(Manager.java:1933)
java.lang.reflect.InvocationTargetException
	at java.base/jdk.internal.reflect.NativeConstructorAccessorImpl.newInstance0(Native Method)
	at java.base/jdk.internal.reflect.NativeConstructorAccessorImpl.newInstance(NativeConstructorAccessorImpl.java:62)
	at java.base/jdk.internal.reflect.DelegatingConstructorAccessorImpl.newInstance(DelegatingConstructorAccessorImpl.java:45)
	at java.base/java.lang.reflect.Constructor.newInstance(Constructor.java:490)
	at ptolemy.util.test.junit.AutoKnownFailedTests.RunModel(AutoKnownFailedTests.java:105)
	at java.base/jdk.internal.reflect.NativeMethodAccessorImpl.invoke0(Native Method)
	at java.base/jdk.internal.reflect.NativeMethodAccessorImpl.invoke(NativeMethodAccessorImpl.java:62)
	at java.base/jdk.internal.reflect.DelegatingMethodAccessorImpl.invoke(DelegatingMethodAccessorImpl.java:43)
	at java.base/java.lang.reflect.Method.invoke(Method.java:566)
	at org.junit.runners.model.FrameworkMethod$1.runReflectiveCall(FrameworkMethod.java:44)
	at org.junit.internal.runners.model.ReflectiveCallable.run(ReflectiveCallable.java:15)
	at org.junit.runners.model.FrameworkMethod.invokeExplosively(FrameworkMethod.java:41)
	at junitparams.internal.InvokeParameterisedMethod.evaluate(InvokeParameterisedMethod.java:102)
	at org.junit.internal.runners.statements.FailOnTimeout$1.run(FailOnTimeout.java:28)
Caused by: ptolemy.kernel.util.IllegalActionException: SubscriberPorts cannot be used at the top level, use a Subscriber actor instead.
  in .PublisherSubscriberPortToplevel.SubscriberPort
	at ptolemy.actor.SubscriberPort.preinitialize(SubscriberPort.java:328)
	at ptolemy.actor.CompositeActor.preinitialize(CompositeActor.java:1769)
	at ptolemy.actor.Manager.preinitializeAndResolveTypes(Manager.java:1040)
	at ptolemy.actor.Manager.initialize(Manager.java:710)
	at ptolemy.actor.Manager.execute(Manager.java:356)
	at ptolemy.actor.Manager.run(Manager.java:1263)
	at ptolemy.actor.Manager$PtolemyRunThread.run(Manager.java:1933)
java.lang.RuntimeException: Execution failed
	at ptolemy.moml.MoMLSimpleApplication$UnloadThread.run(MoMLSimpleApplication.java:402)
Caused by: ptolemy.kernel.util.IllegalActionException: SubscriptionAggregatorPorts cannot be used at the top level, use a SubscriptionAggregator actor instead.
  in .PublisherSubscriptionAggregatorPort.SubscriptionAggregatorPort
	at ptolemy.actor.SubscriptionAggregatorPort.preinitialize(SubscriptionAggregatorPort.java:353)
	at ptolemy.actor.CompositeActor.preinitialize(CompositeActor.java:1769)
	at ptolemy.actor.Manager.preinitializeAndResolveTypes(Manager.java:1040)
	at ptolemy.actor.Manager.initialize(Manager.java:710)
	at ptolemy.actor.Manager.execute(Manager.java:356)
	at ptolemy.actor.Manager.run(Manager.java:1263)
	at ptolemy.actor.Manager$PtolemyRunThread.run(Manager.java:1933)
java.lang.reflect.InvocationTargetException
	at java.base/jdk.internal.reflect.NativeConstructorAccessorImpl.newInstance0(Native Method)
	at java.base/jdk.internal.reflect.NativeConstructorAccessorImpl.newInstance(NativeConstructorAccessorImpl.java:62)
	at java.base/jdk.internal.reflect.DelegatingConstructorAccessorImpl.newInstance(DelegatingConstructorAccessorImpl.java:45)
	at java.base/java.lang.reflect.Constructor.newInstance(Constructor.java:490)
	at ptolemy.util.test.junit.AutoKnownFailedTests.RunModel(AutoKnownFailedTests.java:105)
	at java.base/jdk.internal.reflect.NativeMethodAccessorImpl.invoke0(Native Method)
	at java.base/jdk.internal.reflect.NativeMethodAccessorImpl.invoke(NativeMethodAccessorImpl.java:62)
	at java.base/jdk.internal.reflect.DelegatingMethodAccessorImpl.invoke(DelegatingMethodAccessorImpl.java:43)
	at java.base/java.lang.reflect.Method.invoke(Method.java:566)
	at org.junit.runners.model.FrameworkMethod$1.runReflectiveCall(FrameworkMethod.java:44)
	at org.junit.internal.runners.model.ReflectiveCallable.run(ReflectiveCallable.java:15)
	at org.junit.runners.model.FrameworkMethod.invokeExplosively(FrameworkMethod.java:41)
	at junitparams.internal.InvokeParameterisedMethod.evaluate(InvokeParameterisedMethod.java:102)
	at org.junit.internal.runners.statements.FailOnTimeout$1.run(FailOnTimeout.java:28)
Caused by: ptolemy.kernel.util.IllegalActionException: SubscriptionAggregatorPorts cannot be used at the top level, use a SubscriptionAggregator actor instead.
  in .PublisherSubscriptionAggregatorPort.SubscriptionAggregatorPort
	at ptolemy.actor.SubscriptionAggregatorPort.preinitialize(SubscriptionAggregatorPort.java:353)
	at ptolemy.actor.CompositeActor.preinitialize(CompositeActor.java:1769)
	at ptolemy.actor.Manager.preinitializeAndResolveTypes(Manager.java:1040)
	at ptolemy.actor.Manager.initialize(Manager.java:710)
	at ptolemy.actor.Manager.execute(Manager.java:356)
	at ptolemy.actor.Manager.run(Manager.java:1263)
	at ptolemy.actor.Manager$PtolemyRunThread.run(Manager.java:1933)
java.lang.RuntimeException: Execution failed
	at ptolemy.moml.MoMLSimpleApplication$UnloadThread.run(MoMLSimpleApplication.java:402)
Caused by: ptolemy.kernel.util.IllegalActionException: TypeTest actor has no training data.
  in .sizedarray3.TypeTest
	at ptolemy.actor.lib.TypeTest.initialize(TypeTest.java:250)
	at ptolemy.actor.Director.initialize(Director.java:938)
	at ptolemy.actor.Director.initialize(Director.java:907)
	at ptolemy.actor.sched.StaticSchedulingDirector.initialize(StaticSchedulingDirector.java:159)
	at ptolemy.domains.sdf.kernel.SDFDirector.initialize(SDFDirector.java:544)
	at ptolemy.actor.CompositeActor.initialize(CompositeActor.java:935)
	at ptolemy.actor.Manager.initialize(Manager.java:724)
	at ptolemy.actor.Manager.execute(Manager.java:356)
	at ptolemy.actor.Manager.run(Manager.java:1263)
	at ptolemy.actor.Manager$PtolemyRunThread.run(Manager.java:1933)
java.lang.reflect.InvocationTargetException
	at java.base/jdk.internal.reflect.NativeConstructorAccessorImpl.newInstance0(Native Method)
	at java.base/jdk.internal.reflect.NativeConstructorAccessorImpl.newInstance(NativeConstructorAccessorImpl.java:62)
	at java.base/jdk.internal.reflect.DelegatingConstructorAccessorImpl.newInstance(DelegatingConstructorAccessorImpl.java:45)
	at java.base/java.lang.reflect.Constructor.newInstance(Constructor.java:490)
	at ptolemy.util.test.junit.AutoKnownFailedTests.RunModel(AutoKnownFailedTests.java:105)
	at java.base/jdk.internal.reflect.NativeMethodAccessorImpl.invoke0(Native Method)
	at java.base/jdk.internal.reflect.NativeMethodAccessorImpl.invoke(NativeMethodAccessorImpl.java:62)
	at java.base/jdk.internal.reflect.DelegatingMethodAccessorImpl.invoke(DelegatingMethodAccessorImpl.java:43)
	at java.base/java.lang.reflect.Method.invoke(Method.java:566)
	at org.junit.runners.model.FrameworkMethod$1.runReflectiveCall(FrameworkMethod.java:44)
	at org.junit.internal.runners.model.ReflectiveCallable.run(ReflectiveCallable.java:15)
	at org.junit.runners.model.FrameworkMethod.invokeExplosively(FrameworkMethod.java:41)
	at junitparams.internal.InvokeParameterisedMethod.evaluate(InvokeParameterisedMethod.java:102)
	at org.junit.internal.runners.statements.FailOnTimeout$1.run(FailOnTimeout.java:28)
Caused by: ptolemy.kernel.util.IllegalActionException: TypeTest actor has no training data.
  in .sizedarray3.TypeTest
	at ptolemy.actor.lib.TypeTest.initialize(TypeTest.java:250)
	at ptolemy.actor.Director.initialize(Director.java:938)
	at ptolemy.actor.Director.initialize(Director.java:907)
	at ptolemy.actor.sched.StaticSchedulingDirector.initialize(StaticSchedulingDirector.java:159)
	at ptolemy.domains.sdf.kernel.SDFDirector.initialize(SDFDirector.java:544)
	at ptolemy.actor.CompositeActor.initialize(CompositeActor.java:935)
	at ptolemy.actor.Manager.initialize(Manager.java:724)
	at ptolemy.actor.Manager.execute(Manager.java:356)
	at ptolemy.actor.Manager.run(Manager.java:1263)
	at ptolemy.actor.Manager$PtolemyRunThread.run(Manager.java:1933)
]]></system-err>
</testsuite>
