<?xml version="1.0" encoding="UTF-8" ?>
<testsuite errors="0" failures="0" hostname="travis-job-c8ea7194-1adb-4b47-aaf0-78df6f3e79da" name="ptolemy.actor.lib.test.junit.JUnitTclTest" skipped="0" tests="517" time="58.64" timestamp="2018-12-26T03:05:33">
  <properties>
    <property name="npm.executable" value="npm" />
    <property name="file.encoding.pkg" value="sun.io" />
    <property name="env.TRAVIS_ROOT" value="/" />
    <property name="ptII.mk.exists" value="true" />
    <property name="env.TRAVIS_APP_HOST" value="build.travis-ci.org" />
    <property name="env.rvm_bin_path" value="/home/travis/.rvm/bin" />
    <property name="java.home" value="/usr/lib/jvm/java-8-oracle/jre" />
    <property name="env.TRAVIS_JOB_NUMBER" value="879.8" />
    <property name="env.TRAVIS_HOME" value="/home/travis" />
    <property name="env.DISPLAY" value=":99.0" />
    <property name="java.net.preferIPv4Stack" value="true" />
    <property name="env.TRAVIS_INIT" value="upstart" />
    <property name="env.SSH_TTY" value="/dev/pts/0" />
    <property name="env.RUN_TESTS" value="false" />
    <property name="timeout.short" value="1000000" />
    <property name="env.TRAVIS_JOB_NAME" value="" />
    <property name="env.TRAVIS_STACK_NODE_ATTRIBUTES" value="/.node-attributes.yml" />
    <property name="junit.formatter" value="xml" />
    <property name="java.endorsed.dirs" value="/usr/lib/jvm/java-8-oracle/jre/lib/endorsed" />
    <property name="env.TRAVIS_SUDO" value="true" />
    <property name="env.LOGNAME" value="travis" />
    <property name="env.PT_TRAVIS_TEST_CORE1_XML" value="true" />
    <property name="jsdoc.home" value="node_modules/@terraswarm/jsdoc" />
    <property name="debuglevel" value="source,lines,vars" />
    <property name="checkstyle.formatter" value="xml" />
    <property name="bin.vergil.makeable" value="true" />
    <property name="env._system_version" value="14.04" />
    <property name="sun.os.patch.level" value="unknown" />
    <property name="java.vendor.url" value="http://java.oracle.com/" />
    <property name="env.TRAVIS_BUILD_WEB_URL" value="https://travis-ci.org/icyphy/ptII/builds/472228516" />
    <property name="java.version" value="1.8.0_151" />
    <property name="env.TZ" value="UTC" />
    <property name="env.PT_NO_NET" value="true" />
    <property name="env.TRAVIS_PULL_REQUEST_SHA" value="" />
    <property name="env.TRAVIS_SECURE_ENV_VARS" value="true" />
    <property name="env._system_type" value="Linux" />
    <property name="java.vendor.url.bug" value="http://bugreport.sun.com/bugreport/" />
    <property name="env.SSH_CLIENT" value="10.10.16.45 60170 22" />
    <property name="npmjs-org-is-up" value="true" />
    <property name="env.GEM_HOME" value="/home/travis/.rvm/gems/ruby-2.4.1" />
    <property name="env.HAS_ANTARES_THREE_LITTLE_FRONZIES_BADGE" value="true" />
    <property name="env.PS4" value="+" />
    <property name="ant.project.invoked-targets" value="build,test.core1.xml" />
    <property name="env.TRAVIS_PULL_REQUEST_BRANCH" value="" />
    <property name="env.TRAVIS_REPO_SLUG" value="icyphy/ptII" />
    <property name="env.TRAVIS_APT_PROXY" value="http://build-cache.travisci.net" />
    <property name="node.in.path" value="true" />
    <property name="java.maxmemory" value="1400m" />
    <property name="env.RUBY_VERSION" value="ruby-2.4.1" />
    <property name="user.name" value="travis" />
    <property name="env.LANG" value="en_US.UTF-8" />
    <property name="sun.io.unicode.encoding" value="UnicodeLittle" />
    <property name="sun.jnu.encoding" value="UTF-8" />
    <property name="java.runtime.name" value="Java(TM) SE Runtime Environment" />
    <property name="usefile" value="false" />
    <property name="return.code" value="0" />
    <property name="junit.single.formatter" value="plain" />
    <property name="env.DYLD_LIBRARY_PATH" value="/home/travis/pthla/certi-tools/lib:" />
    <property name="env.DEBIAN_FRONTEND" value="noninteractive" />
    <property name="env.SSH_CONNECTION" value="10.10.16.45 60170 10.20.0.161 22" />
    <property name="env.MYSQL_UNIX_PORT" value="/var/run/mysqld/mysqld.sock" />
    <property name="env.TRAVIS_ALLOW_FAILURE" value="false" />
    <property name="env.LC_ALL" value="en_US.UTF-8" />
    <property name="env.TRAVIS_JOB_WEB_URL" value="https://travis-ci.org/icyphy/ptII/jobs/472228524" />
    <property name="java.specification.name" value="Java Platform API Specification" />
    <property name="node.works" value="true" />
    <property name="user.timezone" value="" />
    <property name="path.separator" value=":" />
    <property name="env.TRAVIS_ENABLE_INFRA_DETECTION" value="true" />
    <property name="env.PYTHON_CFLAGS" value="-g -fstack-protector --param=ssp-buffer-size=4 -Wformat -Werror=format-security" />
    <property name="timeout.long" value="4000000" />
    <property name="env.CERTI_HOME" value="/home/travis/pthla/certi-tools" />
    <property name="file.encoding" value="UTF-8" />
    <property name="ant.file.ptII" value="/home/travis/build/icyphy/ptII/build.xml" />
    <property name="javadoc.packagenames" value="com.*,diva.*,lbnl.*,org.hlacerti.*,org.json.*,org.ptolemy.*,org.terraswarm.*,ptolemy.*,ptserver.*" />
    <property name="env.TRAVIS_PULL_REQUEST_SLUG" value="" />
    <property name="ant.project.default-target" value="build" />
    <property name="env.GIT_ASKPASS" value="echo" />
    <property name="env.HOME" value="/home/travis" />
    <property name="sun.java.command" value="org.apache.tools.ant.taskdefs.optional.junit.JUnitTestRunner ptolemy.actor.lib.test.junit.JUnitTclTest skipNonTests=false filtertrace=true haltOnError=false haltOnFailure=false formatter=org.apache.tools.ant.taskdefs.optional.junit.OutErrSummaryJUnitResultFormatter showoutput=true outputtoformatters=true logfailedtests=true threadid=0 logtestlistenerevents=false formatter=org.apache.tools.ant.taskdefs.optional.junit.XMLJUnitResultFormatter,/home/travis/build/icyphy/ptII/reports/junit/TEST-ptolemy.actor.lib.test.junit.JUnitTclTest.xml crashfile=/home/travis/build/icyphy/ptII/junitvmwatcher8970591902648207899.properties propsfile=/home/travis/build/icyphy/ptII/junit2901721744813559695.properties" />
    <property name="env.MANPATH" value="/home/travis/.nvm/versions/node/v7.10.1/share/man:/home/travis/.kiex/elixirs/elixir-1.4.5/man:/home/travis/.rvm/rubies/ruby-2.4.1/share/man:/usr/local/man:/usr/local/cmake-3.9.2/man:/usr/local/clang-5.0.0/share/man:/usr/local/share/man:/usr/share/man:/home/travis/.rvm/man" />
    <property name="env.COMPOSER_NO_INTERACTION" value="1" />
    <property name="env.JDK_SWITCHER_DEFAULT" value="oraclejdk8" />
    <property name="env.TRAVIS_TIMER_ID" value="22606c20" />
    <property name="ant.file" value="/home/travis/build/icyphy/ptII/build.xml" />
    <property name="env.TRAVIS_COMMIT_RANGE" value="2aab4bde3fee2a25a2bd6be7846641f9b4410aa2...e7bd42712ffb51f5432da14dc7e0fa472ccdc4e7" />
    <property name="env._system_name" value="Ubuntu" />
    <property name="timeout" value="2400000" />
    <property name="ptII.classpath.optional.property" value="/home/travis/build/icyphy/ptII/lib/bsh-2.0b4.jar:/home/travis/build/icyphy/ptII/lib/ptCal.jar:/home/travis/build/icyphy/ptII/lib/java_cup.jar:/home/travis/build/icyphy/ptII/lib/saxon8.jar:/home/travis/build/icyphy/ptII/lib/saxon8-dom.jar:/home/travis/build/icyphy/ptII/lib/chic.jar:/home/travis/build/icyphy/ptII/lib/ptcolt.jar:/usr/lib/jvm/java-8-oracle/lib/tools.jar:/usr/lib/eclipse/plugins/org.eclipse.jdt.core_3.8.2.dist.jar:/usr/lib/eclipse/plugins/org.eclipse.core.runtime_3.8.0.dist.jar:/usr/lib/eclipse/plugins/org.eclipse.osgi_3.8.1.dist.jar:/usr/lib/eclipse/plugins/org.eclipse.core.resources_3.8.1.dist.jar:/usr/lib/eclipse/plugins/org.eclipse.equinox.common_3.6.100.dist.jar:/usr/lib/eclipse/plugins/org.eclipse.core.jobs_3.5.200.dist.jar:/usr/lib/eclipse/plugins/org.eclipse.core.contenttype_3.4.200.dist.jar:/usr/lib/eclipse/plugins/org.eclipse.equinox.preferences_3.5.0.dist.jar:/usr/lib/eclipse/plugins/org.eclipse.text_3.5.200.dist.jar:/usr/lib/eclipse/plugins/org.eclipse.ui.workbench_3.8.1.dist.jar:/usr/lib/eclipse/plugins/org.eclipse.jface_3.8.0.dist.jar:/usr/lib/eclipse/plugins/org.eclipse.swt_3.8.2.jar:/usr/lib/eclipse/plugins/org.eclipse.jface.text_3.8.1.dist.jar:/usr/lib/eclipse/plugins/org.eclipse.ui.workbench.texteditor_3.8.0.dist.jar:/usr/lib/eclipse/plugins/org.eclipse.ui.editors_3.8.0.dist.jar:/usr/lib/eclipse/plugins/org.eclipse.core.commands_3.6.1.dist.jar:/usr/lib/eclipse/plugins/org.eclipse.equinox.registry_3.5.200.dist.jar:/usr/lib/eclipse/plugins/org.eclipse.ui.console_3.5.100.dist.jar:/usr/lib/eclipse/plugins/org.eclipse.ui.forms_3.5.200.dist.jar:/usr/lib/eclipse/plugins/org.eclipse.ui.ide_3.8.1.dist.jar:/home/travis/build/icyphy/ptII/vendors/oracle/dbxml.jar:/home/travis/build/icyphy/ptII/vendors/oracle/db.jar:/home/travis/build/icyphy/ptII/vendors/misc/itext/iText.jar:/home/travis/build/icyphy/ptII/lib/g4ltl.jar:/home/travis/build/icyphy/ptII/lib/StructuralCoder.jar:/home/travis/build/icyphy/ptII/lib/org-openide-util.jar:/home/travis/build/icyphy/ptII/lib/org-openide-util-lookup.jar:/home/travis/build/icyphy/ptII/lib/org-netbeans-api-visual.jar:/home/travis/build/icyphy/ptII/vendors/jai-1_1_2_01/lib/jai_core.jar:/home/travis/build/icyphy/ptII/vendors/jai-1_1_2_01/lib/jai_codec.jar:/home/travis/build/icyphy/ptII/lib/jcerti.jar:/home/travis/build/icyphy/ptII/lib/smack.jar:/home/travis/build/icyphy/ptII/lib/smackx.jar:/home/travis/build/icyphy/ptII/lib/jetty-all-8.1.5-v20120716.jar:/home/travis/build/icyphy/ptII/lib/javax.servlet-api-3.0.1.jar:/home/travis/build/icyphy/ptII/lib/javax.mail.jar:/home/travis/build/icyphy/ptII/vendors/JMF-2.1.1e/lib/jmf.jar:/home/travis/build/icyphy/ptII/lib/jna-4.0.0-variadic.jar:/home/travis/build/icyphy/ptII/vendors/misc/joystick/Joystick.jar:/home/travis/build/icyphy/ptII/lib/ptjacl.jar:/home/travis/build/icyphy/ptII/lib/jsoup-1.8.2.jar:/home/travis/build/icyphy/ptII/lib/junit-4.8.2.jar:/home/travis/build/icyphy/ptII/lib/JUnitParams-0.4.0.jar:/home/travis/build/icyphy/ptII/ptolemy/actor/lib/excel/jxl.jar:/home/travis/build/icyphy/ptII/lib/jython.jar:/home/travis/build/icyphy/ptII/lib/kieler.jar:/home/travis/build/icyphy/ptII/vendors/opencv/share/OpenCV/java/opencv-341.jar:/home/travis/build/icyphy/ptII/lib/oscP5.jar:/home/travis/build/icyphy/ptII/lib/nrjavaserial-3.11.0.devel.jar:/home/travis/build/icyphy/ptII/vendors/j3d/lib/j3dcore.jar:/home/travis/build/icyphy/ptII/vendors/j3d/lib/j3dutils.jar:/home/travis/build/icyphy/ptII/vendors/j3d/lib/vecmath.jar:/home/travis/build/icyphy/ptII/ptolemy/distributed/jini/jar/jini-core.jar:/home/travis/build/icyphy/ptII/ptolemy/distributed/jini/jar/jini-ext.jar:/home/travis/build/icyphy/ptII/ptolemy/distributed/jini/jar/sun-util.jar:/home/travis/build/icyphy/ptII/lib/protobuf-java-2.4.1.jar:/home/travis/build/icyphy/ptII/lib/org.eclipse.paho.client.mqttv3.jar:/home/travis/build/icyphy/ptII/ptserver/lib/hessian-4.0.7.jar:/home/travis/build/icyphy/ptII/ptserver/lib/wmqtt.jar:/home/travis/build/icyphy/ptII/lib/mapss.jar:/home/travis/build/icyphy/ptII/ptolemy/actor/ptalon/antlr/antlr.jar:/home/travis/build/icyphy/ptII/lib/JRI.jar:/home/travis/build/icyphy/ptII/lib/commons-lang-2.6.jar:/home/travis/build/icyphy/ptII/lib/commons-logging-1.1.1.jar:/home/travis/build/icyphy/ptII/lib/sootclasses.jar:/home/travis/build/icyphy/ptII/ptolemy/actor/lib/database/mysql-connector-java-5.1.6-bin.jar:/home/travis/build/icyphy/ptII/vendors/misc/sphinx4/sphinx4-data-5prealpha.jar:/home/travis/build/icyphy/ptII/vendors/misc/sphinx4/sphinx4-core-5prealpha.jar:/home/travis/build/icyphy/ptII/lib/PDFRenderer.jar:/home/travis/build/icyphy/ptII/lib/svgSalamander.jar:/home/travis/build/icyphy/ptII/lib/rsyntaxtextarea-2.6.0-SNAPSHOT.jar:/home/travis/build/icyphy/ptII/lib/hazelcast-3.8.2.jar:/home/travis/build/icyphy/ptII/lib/jackson-annotations-2.9.0.jar:/home/travis/build/icyphy/ptII/lib/jackson-core-2.9.3.jar:/home/travis/build/icyphy/ptII/lib/jackson-databind-2.9.3.jar:/home/travis/build/icyphy/ptII/lib/netty-buffer-4.1.19.Final.jar:/home/travis/build/icyphy/ptII/lib/netty-codec-4.1.19.Final.jar:/home/travis/build/icyphy/ptII/lib/netty-codec-dns-4.1.19.Final.jar:/home/travis/build/icyphy/ptII/lib/netty-codec-http-4.1.19.Final.jar:/home/travis/build/icyphy/ptII/lib/netty-codec-http2-4.1.19.Final.jar:/home/travis/build/icyphy/ptII/lib/netty-common-4.1.19.Final.jar:/home/travis/build/icyphy/ptII/lib/netty-handler-4.1.19.Final.jar:/home/travis/build/icyphy/ptII/lib/netty-resolver-4.1.19.Final.jar:/home/travis/build/icyphy/ptII/lib/netty-resolver-dns-4.1.19.Final.jar:/home/travis/build/icyphy/ptII/lib/netty-transport-4.1.19.Final.jar:/home/travis/build/icyphy/ptII/lib/vertx-codegen-3.5.1.jar:/home/travis/build/icyphy/ptII/lib/vertx-core-3.5.2-SNAPSHOT.jar:/home/travis/build/icyphy/ptII/lib/vertx-hazelcast-3.5.1.jar:/home/travis/build/icyphy/ptII/lib/vertx-lang-js-3.5.1.jar:/home/travis/build/icyphy/ptII/lib/vertx-service-proxy-3.5.1.jar:/home/travis/build/icyphy/ptII/lib/vertx-web-3.5.1.jar:/home/travis/build/icyphy/ptII/lib/slf4j-api-1.7.13.jar:/home/travis/build/icyphy/ptII/lib/slf4j-simple-1.7.13.jar:/home/travis/build/icyphy/ptII/lib/webcam-capture-0.3.12.jar:/home/travis/build/icyphy/ptII/lib/bridj-0.7.0.jar:/home/travis/build/icyphy/ptII/lib/xbjlib-1.1.0.nrjavaserial.jar" />
    <property name="test.batch" value="**/junit/*.java" />
    <property name="env._" value="/usr/bin/timeout" />
    <property name="java.io.tmpdir" value="/tmp" />
    <property name="env.TRAVIS_INTERNAL_RUBY_REGEX" value="^ruby-(2\.[0-4]\.[0-9]|1\.9\.3)" />
    <property name="user.language" value="en" />
    <property name="env.HISTCONTROL" value="ignoredups:ignorespace" />
    <property name="env.GOROOT" value="/home/travis/.gimme/versions/go1.7.4.linux.amd64" />
    <property name="line.separator" value="&#xa;" />
    <property name="target" value="1.8" />
    <property name="env.TRAVIS_BUILD_DIR" value="/home/travis/build/icyphy/ptII" />
    <property name="env.ANT_OPTS" value="-Xmx2048m" />
    <property name="ant.file.type" value="file" />
    <property name="ptolemy.ptII.batchMode" value="true" />
    <property name="env.HISTSIZE" value="1000" />
    <property name="env.MERB_ENV" value="test" />
    <property name="java.vm.info" value="mixed mode" />
    <property name="source" value="1.8" />
    <property name="java.vm.specification.name" value="Java Virtual Machine Specification" />
    <property name="env.TRAVIS_TEST_RESULT" value="0" />
    <property name="jsdoc.command" value="node_modules/@terraswarm/jsdoc/jsdoc.js" />
    <property name="npm.works" value="true" />
    <property name="cobertura.dir" value="/home/travis/build/icyphy/ptII/vendors/cobertura-2.0.3" />
    <property name="env.rvm_path" value="/home/travis/.rvm" />
    <property name="env.GEM_PATH" value="/home/travis/.rvm/gems/ruby-2.4.1:/home/travis/.rvm/gems/ruby-2.4.1@global" />
    <property name="env.LC_CTYPE" value="en_US.UTF-8" />
    <property name="java.awt.printerjob" value="sun.print.PSPrinterJob" />
    <property name="env.TRAVIS_CMD" value="$PTII/bin/ptIITravisBuild.sh $SECONDS" />
    <property name="env.TRAVIS_STACK_NAME" value="garnet" />
    <property name="env.TRAVIS_TIMER_START_TIME" value="1545793178309528105" />
    <property name="ant.version" value="Apache Ant(TM) version 1.10.1 compiled on February 2 2017" />
    <property name="ptII.reports" value="/home/travis/build/icyphy/ptII/reports" />
    <property name="env.TRAVIS_STACK_TIMESTAMP" value="2017-12-05 19:33:09 UTC" />
    <property name="ant.file.type.ptII" value="file" />
    <property name="env.RBENV_SHELL" value="bash" />
    <property name="os.name" value="Linux" />
    <property name="java.specification.vendor" value="Oracle Corporation" />
    <property name="env.rvm_version" value="1.29.3 (latest)" />
    <property name="env.TRAVIS_INFRA" value="gce" />
    <property name="env.TERM" value="xterm" />
    <property name="java.vm.name" value="Java HotSpot(TM) 64-Bit Server VM" />
    <property name="env.TRAVIS_BUILD_NUMBER" value="879" />
    <property name="env.CI" value="true" />
    <property name="java.library.path" value="/home/travis/pthla/certi-tools/lib:/usr/lib/jni:/usr/local/share/OpenCV/java/:/usr/share/OpenCV/java::/usr/java/packages/lib/amd64:/usr/lib64:/lib64:/lib:/usr/lib" />
    <property name="env.rvm_prefix" value="/home/travis" />
    <property name="env.PATH" value="/home/travis/pthla/certi-tools/share/scripts:/home/travis/.rvm/gems/ruby-2.4.1/bin:/home/travis/.rvm/gems/ruby-2.4.1@global/bin:/home/travis/.rvm/rubies/ruby-2.4.1/bin:/home/travis/.rvm/bin:/home/travis/.nvm/versions/node/v7.10.1/bin:./node_modules/.bin:/home/travis/build/icyphy/ptII/bin:/home/travis/pthla/certi-tools/bin:/home/travis/bin:/home/travis/.local/bin:/opt/pyenv/shims:/home/travis/.phpenv/shims:/home/travis/perl5/perlbrew/bin:/home/travis/.kiex/elixirs/elixir-1.4.5/bin:/home/travis/.kiex/bin:/home/travis/gopath/bin:/home/travis/.gimme/versions/go1.7.4.linux.amd64/bin:/usr/local/phantomjs/bin:/usr/local/phantomjs:/usr/local/neo4j-3.2.7/bin:/usr/local/maven-3.5.2/bin:/usr/local/cmake-3.9.2/bin:/usr/local/clang-5.0.0/bin:/usr/local/sbin:/usr/local/bin:/usr/sbin:/usr/bin:/sbin:/bin:/home/travis/.phpenv/bin:/opt/pyenv/bin:/home/travis/.yarn/bin" />
    <property name="env.TRAVIS_OS_NAME" value="linux" />
    <property name="ant.java.version" value="1.8" />
    <property name="basedir" value="/home/travis/build/icyphy/ptII" />
    <property name="java.class.version" value="52.0" />
    <property name="env.SHLVL" value="3" />
    <property name="env.LD_LIBRARY_PATH" value="/home/travis/pthla/certi-tools/lib:/usr/lib/jni:/usr/local/share/OpenCV/java/:/usr/share/OpenCV/java:" />
    <property name="env.RACK_ENV" value="test" />
    <property name="ant.home" value="/home/travis/build/icyphy/ptII/ant" />
    <property name="env.PERLBREW_BASHRC_VERSION" value="0.80" />
    <property name="env.NVM_DIR" value="/home/travis/.nvm" />
    <property name="env.TRAVIS_BUILD_ID" value="472228516" />
    <property name="env.CERTI_FOM_PATH" value="/home/travis/pthla/certi-tools/share/federations" />
    <property name="env.PYENV_ROOT" value="/opt/pyenv" />
    <property name="env.TRAVIS_UID" value="2000" />
    <property name="env.rvm_pretty_print_flag" value="auto" />
    <property name="env.NVM_BIN" value="/home/travis/.nvm/versions/node/v7.10.1/bin" />
    <property name="env.TRAVIS_COMMIT" value="e7bd42712ffb51f5432da14dc7e0fa472ccdc4e7" />
    <property name="env._system_arch" value="x86_64" />
    <property name="node.executable" value="node" />
    <property name="sun.boot.library.path" value="/usr/lib/jvm/java-8-oracle/jre/lib/amd64" />
    <property name="sun.management.compiler" value="HotSpot 64-Bit Tiered Compilers" />
    <property name="env.GOPATH" value="/home/travis/gopath" />
    <property name="java.awt.graphicsenv" value="sun.awt.X11GraphicsEnvironment" />
    <property name="ptolemy.ptII.dir" value="/home/travis/build/icyphy/ptII" />
    <property name="env.USER" value="travis" />
    <property name="env.HISTFILESIZE" value="2000" />
    <property name="timeout.longest" value="19000000" />
    <property name="env.TRAVIS_STACK_FEATURES" value="basic cassandra chromium couchdb disabled-ipv6 docker docker-compose elasticsearch firefox go-toolchain google-chrome jdk memcached mongodb mysql neo4j nodejs_interpreter perl_interpreter perlbrew phantomjs postgresql python_interpreter rabbitmq redis riak ruby_interpreter sqlite xserver" />
    <property name="env.TRAVIS_PULL_REQUEST" value="false" />
    <property name="env.PYENV_SHELL" value="bash" />
    <property name="ant.project.name" value="ptII" />
    <property name="java.vm.specification.version" value="1.8" />
    <property name="env.ANSI_RESET" value="\033[0m" />
    <property name="env.TRAVIS_DIST" value="trusty" />
    <property name="env.CERTI_VERSION" value="4.0.0" />
    <property name="env.NLSPATH" value="/usr/dt/lib/nls/msg/%L/%N.cat" />
    <property name="awt.toolkit" value="sun.awt.X11.XToolkit" />
    <property name="env.CERTI_HOST" value="localhost" />
    <property name="env.MY_RUBY_HOME" value="/home/travis/.rvm/rubies/ruby-2.4.1" />
    <property name="sun.cpu.isalist" value="" />
    <property name="env.TRAVIS_TMPDIR" value="/tmp/tmp.Q2sOA5SdWA" />
    <property name="java.ext.dirs" value="/usr/lib/jvm/java-8-oracle/jre/lib/ext:/usr/java/packages/lib/ext" />
    <property name="os.version" value="4.4.0-101-generic" />
    <property name="user.home" value="/home/travis" />
    <property name="env.MIX_ARCHIVES" value="/home/travis/.kiex/mix/elixir-1.4.5" />
    <property name="java.vm.vendor" value="Oracle Corporation" />
    <property name="env.TRAVIS_TAG" value="nightly" />
    <property name="env.ANSI_YELLOW" value="\033[33;1m" />
    <property name="env.TRAVIS_FILTERED" value="redirect_io" />
    <property name="env.ANSI_GREEN" value="\033[32;1m" />
    <property name="env.JAVA_HOME" value="/usr/lib/jvm/java-8-oracle" />
    <property name="env.PTII" value="/home/travis/build/icyphy/ptII" />
    <property name="javadoc.excludepackagenames" value="adm.cvs2svn.*,build.*,config.*,doc.coding.templates.*,jni.test.jni.meaningOfLife.*,jni.test.jni.testDeux.*,jni.test.jni.testTrois.*,org.terraswarm.accessor.accessors.web.node_modules.*,org.terraswarm.accessor.accessors.web.hosts.cordova.demo.*,org.terraswarm.accessor.accessors.web.hosts.cordova.plugins.*,org.terraswarm.accessor.accessors-svn.*,pt-modules.*,ptolemy.apps.agilent.*,ptolemy.apps.anytimecontrol.*,ptolemy.apps.apes.*,ptolemy.apps.charon.*,ptolemy.apps.crazyboard.*,ptolemy.apps.eclipse.*,ptolemy.apps.etherealSting.*,ptolemy.apps.fullscreen.*,ptolemy.apps.giotto.*,ptolemy.apps.ia.*,ptolemy.apps.interfaces.*,ptolemy.apps.jmf.*,ptolemy.apps.kurt.*,ptolemy.apps.kvm.*,ptolemy.apps.lego.*,ptolemy.apps.lejos.*,ptolemy.apps.midp.*,ptolemy.apps.mobileCoding.*,ptolemy.apps.pendulum.*,ptolemy.apps.rijndael.*,ptolemy.apps.robot.*,ptolemy.apps.security.*,ptolemy.apps.sobel.*,ptolemy.apps.soot.*,ptolemy.apps.throttle.*,ptolemy.apps.tini.*,ptolemy.apps.transmission.*,ptolemy.apps.vergil.*,ptolemy.apps.waba.*,ptolemy.apps.websensor.*,ptolemy.apps.webstart.*,ptolemy.apps.xsl.*,ptolemy.apps.zaurus.*,ptolemy.backtrack.eclipse.plugin.*,ptolemy.backtrack.test.*,ptolemy.codegen.c.actor.lib.oldJavaFiles.*,ptolemy.codegen.dsp.lib.*,ptolemy.codegen.kernel.newInterfaces.*,ptolemy.codegen.lib.*,ptolemy.copernicus.kernel.fragment.*,ptolemy.copernicus.shallow.cg.*,ptolemy.domains.giotto.demo.Hierarchy.Hierarchy.*,ptolemy.domains.giotto.demo.Multimode.Multimode.*,ptolemy.domains.giotto.demo.Simple.Simple.*,ptolemy.domains.gr.lib.experimental.*,ptolemy.domains.gro.*,ptolemy.domains.pdf.*,ptolemy.domains.ptinyos.demo.Surge.output.*,ptolemy.moml.test.NoPackageActor.java*,ptolemy.plot.adm.*,ptolemy.plot.servlet.*,reports.*,signed.*,src.*,target.*,vendors.*,ptolemy.cg.adapter.generic.program.procedural.c.mbed*,ptolemy.actor.lib.fmi.fmus.omc*,ptolemy.domains.openmodelica*,ptdb.kernel.bl.save.test.*,ptdb.kernel.bl.load.test.*,ptdb.kernel.bl.search.test.*,ptdb.kernel.bl.migration.test.*,ptdb.kernel.database.test.*,ptdb.test.*,ptdb.gui.test.*,org.ptolemy.scala.*,diva.util.java2d.svg.*,ptolemy.domains.ptinyos.*,ptolemy.actor.lib.fmi.fmipp.*,,org.terraswarm.accessor.accessors.web.node_modules.*,org.terraswarm.accessor.accessors-svn,ptolemy.apps.*,ptolemy.actor.ptalon.demo.ptinyos.SendAndReceiveCnt.output,ptolemy.actor.ptalon.demo.ptinyos.SenseToLeds.output,ptolemy.domains.ptinyos.demo.CntToLedsAndRfm.output,ptolemy.domains.ptinyos.demo.RfmToLeds.output,ptolemy.domains.ptinyos.demo.SendAndReceiveCnt.output,ptolemy.domains.ptinyos.demo.SenseToLeds.output,ptolemy.actor.lib.jjs.modules.udpSocket.*" />
    <property name="env.TRAVIS_COMMIT_MESSAGE" value="add a simple demo for a parameterizable ParallelMutable" />
    <property name="keystore" value="ptKeystore" />
    <property name="env.XDG_SESSION_ID" value="2" />
    <property name="junit.output.dir" value="/home/travis/build/icyphy/ptII/reports/junit" />
    <property name="npm.return.code" value="0" />
    <property name="user.dir" value="/home/travis/build/icyphy/ptII/ptolemy/actor/lib/test" />
    <property name="env.TRAVIS_NODE_VERSION" value="7" />
    <property name="env.XFILESEARCHPATH" value="/usr/dt/app-defaults/%L/Dt" />
    <property name="env.TRAVIS_EVENT_TYPE" value="cron" />
    <property name="env.MAIL" value="/var/mail/travis" />
    <property name="env.PWD" value="/home/travis/build/icyphy/ptII" />
    <property name="env.PERLBREW_ROOT" value="/home/travis/perl5/perlbrew" />
    <property name="timeout.npm" value="45000" />
    <property name="env.TRAVIS_ARCH" value="amd64" />
    <property name="env.PAGER" value="cat" />
    <property name="sun.cpu.endian" value="little" />
    <property name="env.TRAVIS_BUILD_STAGE_NAME" value="Test" />
    <property name="env.PERLBREW_HOME" value="/home/travis/.perlbrew" />
    <property name="env.RAILS_ENV" value="test" />
    <property name="java.vm.version" value="25.151-b12" />
    <property name="java.class.path" value="/home/travis/.ptolemyII:/home/travis/.ptolemyII/*:/home/travis/build/icyphy/ptII:/home/travis/build/icyphy/ptII/lib/bsh-2.0b4.jar:/home/travis/build/icyphy/ptII/lib/ptCal.jar:/home/travis/build/icyphy/ptII/lib/java_cup.jar:/home/travis/build/icyphy/ptII/lib/saxon8.jar:/home/travis/build/icyphy/ptII/lib/saxon8-dom.jar:/home/travis/build/icyphy/ptII/lib/chic.jar:/home/travis/build/icyphy/ptII/lib/ptcolt.jar:/usr/lib/jvm/java-8-oracle/lib/tools.jar:/usr/lib/eclipse/plugins/org.eclipse.jdt.core_3.8.2.dist.jar:/usr/lib/eclipse/plugins/org.eclipse.core.runtime_3.8.0.dist.jar:/usr/lib/eclipse/plugins/org.eclipse.osgi_3.8.1.dist.jar:/usr/lib/eclipse/plugins/org.eclipse.core.resources_3.8.1.dist.jar:/usr/lib/eclipse/plugins/org.eclipse.equinox.common_3.6.100.dist.jar:/usr/lib/eclipse/plugins/org.eclipse.core.jobs_3.5.200.dist.jar:/usr/lib/eclipse/plugins/org.eclipse.core.contenttype_3.4.200.dist.jar:/usr/lib/eclipse/plugins/org.eclipse.equinox.preferences_3.5.0.dist.jar:/usr/lib/eclipse/plugins/org.eclipse.text_3.5.200.dist.jar:/usr/lib/eclipse/plugins/org.eclipse.ui.workbench_3.8.1.dist.jar:/usr/lib/eclipse/plugins/org.eclipse.jface_3.8.0.dist.jar:/usr/lib/eclipse/plugins/org.eclipse.swt_3.8.2.jar:/usr/lib/eclipse/plugins/org.eclipse.jface.text_3.8.1.dist.jar:/usr/lib/eclipse/plugins/org.eclipse.ui.workbench.texteditor_3.8.0.dist.jar:/usr/lib/eclipse/plugins/org.eclipse.ui.editors_3.8.0.dist.jar:/usr/lib/eclipse/plugins/org.eclipse.core.commands_3.6.1.dist.jar:/usr/lib/eclipse/plugins/org.eclipse.equinox.registry_3.5.200.dist.jar:/usr/lib/eclipse/plugins/org.eclipse.ui.console_3.5.100.dist.jar:/usr/lib/eclipse/plugins/org.eclipse.ui.forms_3.5.200.dist.jar:/usr/lib/eclipse/plugins/org.eclipse.ui.ide_3.8.1.dist.jar:/home/travis/build/icyphy/ptII/vendors/oracle/dbxml.jar:/home/travis/build/icyphy/ptII/vendors/oracle/db.jar:/home/travis/build/icyphy/ptII/vendors/misc/itext/iText.jar:/home/travis/build/icyphy/ptII/lib/g4ltl.jar:/home/travis/build/icyphy/ptII/lib/StructuralCoder.jar:/home/travis/build/icyphy/ptII/lib/org-openide-util.jar:/home/travis/build/icyphy/ptII/lib/org-openide-util-lookup.jar:/home/travis/build/icyphy/ptII/lib/org-netbeans-api-visual.jar:/home/travis/build/icyphy/ptII/vendors/jai-1_1_2_01/lib/jai_core.jar:/home/travis/build/icyphy/ptII/vendors/jai-1_1_2_01/lib/jai_codec.jar:/home/travis/build/icyphy/ptII/lib/jcerti.jar:/home/travis/build/icyphy/ptII/lib/smack.jar:/home/travis/build/icyphy/ptII/lib/smackx.jar:/home/travis/build/icyphy/ptII/lib/jetty-all-8.1.5-v20120716.jar:/home/travis/build/icyphy/ptII/lib/javax.servlet-api-3.0.1.jar:/home/travis/build/icyphy/ptII/lib/javax.mail.jar:/home/travis/build/icyphy/ptII/vendors/JMF-2.1.1e/lib/jmf.jar:/home/travis/build/icyphy/ptII/lib/jna-4.0.0-variadic.jar:/home/travis/build/icyphy/ptII/vendors/misc/joystick/Joystick.jar:/home/travis/build/icyphy/ptII/lib/ptjacl.jar:/home/travis/build/icyphy/ptII/lib/jsoup-1.8.2.jar:/home/travis/build/icyphy/ptII/lib/junit-4.8.2.jar:/home/travis/build/icyphy/ptII/lib/JUnitParams-0.4.0.jar:/home/travis/build/icyphy/ptII/ptolemy/actor/lib/excel/jxl.jar:/home/travis/build/icyphy/ptII/lib/jython.jar:/home/travis/build/icyphy/ptII/lib/kieler.jar:/home/travis/build/icyphy/ptII/vendors/opencv/share/OpenCV/java/opencv-341.jar:/home/travis/build/icyphy/ptII/lib/oscP5.jar:/home/travis/build/icyphy/ptII/lib/nrjavaserial-3.11.0.devel.jar:/home/travis/build/icyphy/ptII/vendors/j3d/lib/j3dcore.jar:/home/travis/build/icyphy/ptII/vendors/j3d/lib/j3dutils.jar:/home/travis/build/icyphy/ptII/vendors/j3d/lib/vecmath.jar:/home/travis/build/icyphy/ptII/ptolemy/distributed/jini/jar/jini-core.jar:/home/travis/build/icyphy/ptII/ptolemy/distributed/jini/jar/jini-ext.jar:/home/travis/build/icyphy/ptII/ptolemy/distributed/jini/jar/sun-util.jar:/home/travis/build/icyphy/ptII/lib/protobuf-java-2.4.1.jar:/home/travis/build/icyphy/ptII/lib/org.eclipse.paho.client.mqttv3.jar:/home/travis/build/icyphy/ptII/ptserver/lib/hessian-4.0.7.jar:/home/travis/build/icyphy/ptII/ptserver/lib/wmqtt.jar:/home/travis/build/icyphy/ptII/lib/mapss.jar:/home/travis/build/icyphy/ptII/ptolemy/actor/ptalon/antlr/antlr.jar:/home/travis/build/icyphy/ptII/lib/JRI.jar:/home/travis/build/icyphy/ptII/lib/commons-lang-2.6.jar:/home/travis/build/icyphy/ptII/lib/commons-logging-1.1.1.jar:/home/travis/build/icyphy/ptII/lib/sootclasses.jar:/home/travis/build/icyphy/ptII/ptolemy/actor/lib/database/mysql-connector-java-5.1.6-bin.jar:/home/travis/build/icyphy/ptII/vendors/misc/sphinx4/sphinx4-data-5prealpha.jar:/home/travis/build/icyphy/ptII/vendors/misc/sphinx4/sphinx4-core-5prealpha.jar:/home/travis/build/icyphy/ptII/lib/PDFRenderer.jar:/home/travis/build/icyphy/ptII/lib/svgSalamander.jar:/home/travis/build/icyphy/ptII/lib/rsyntaxtextarea-2.6.0-SNAPSHOT.jar:/home/travis/build/icyphy/ptII/lib/hazelcast-3.8.2.jar:/home/travis/build/icyphy/ptII/lib/jackson-annotations-2.9.0.jar:/home/travis/build/icyphy/ptII/lib/jackson-core-2.9.3.jar:/home/travis/build/icyphy/ptII/lib/jackson-databind-2.9.3.jar:/home/travis/build/icyphy/ptII/lib/netty-buffer-4.1.19.Final.jar:/home/travis/build/icyphy/ptII/lib/netty-codec-4.1.19.Final.jar:/home/travis/build/icyphy/ptII/lib/netty-codec-dns-4.1.19.Final.jar:/home/travis/build/icyphy/ptII/lib/netty-codec-http-4.1.19.Final.jar:/home/travis/build/icyphy/ptII/lib/netty-codec-http2-4.1.19.Final.jar:/home/travis/build/icyphy/ptII/lib/netty-common-4.1.19.Final.jar:/home/travis/build/icyphy/ptII/lib/netty-handler-4.1.19.Final.jar:/home/travis/build/icyphy/ptII/lib/netty-resolver-4.1.19.Final.jar:/home/travis/build/icyphy/ptII/lib/netty-resolver-dns-4.1.19.Final.jar:/home/travis/build/icyphy/ptII/lib/netty-transport-4.1.19.Final.jar:/home/travis/build/icyphy/ptII/lib/vertx-codegen-3.5.1.jar:/home/travis/build/icyphy/ptII/lib/vertx-core-3.5.2-SNAPSHOT.jar:/home/travis/build/icyphy/ptII/lib/vertx-hazelcast-3.5.1.jar:/home/travis/build/icyphy/ptII/lib/vertx-lang-js-3.5.1.jar:/home/travis/build/icyphy/ptII/lib/vertx-service-proxy-3.5.1.jar:/home/travis/build/icyphy/ptII/lib/vertx-web-3.5.1.jar:/home/travis/build/icyphy/ptII/lib/slf4j-api-1.7.13.jar:/home/travis/build/icyphy/ptII/lib/slf4j-simple-1.7.13.jar:/home/travis/build/icyphy/ptII/lib/webcam-capture-0.3.12.jar:/home/travis/build/icyphy/ptII/lib/bridj-0.7.0.jar:/home/travis/build/icyphy/ptII/lib/xbjlib-1.1.0.nrjavaserial.jar:/home/travis/build/icyphy/ptII/ptolemy/moml/test:/home/travis/build/icyphy/ptII/ant/lib/ant-launcher.jar:/home/travis/build/icyphy/ptII/ant/lib/ant.jar:/home/travis/build/icyphy/ptII/ant/lib/ant-junit.jar:/home/travis/build/icyphy/ptII/ant/lib/ant-junit4.jar" />
    <property name="ant.library.dir" value="/home/travis/build/icyphy/ptII/ant/lib" />
    <property name="os.arch" value="amd64" />
    <property name="env.TRAVIS_LANGUAGE" value="node_js" />
    <property name="env.CONTINUOUS_INTEGRATION" value="true" />
    <property name="env.TRAVIS_STACK_LANGUAGES" value="__garnet__ c c++ clojure cplusplus cpp default go groovy java node_js php pure_java python ruby scala" />
    <property name="test.name" value="ptolemy.actor.lib.test.junit.JUnitTclTest" />
    <property name="sun.java.launcher" value="SUN_STANDARD" />
    <property name="env.PYTHON_CONFIGURE_OPTS" value="--enable-unicode=ucs4 --with-wide-unicode --enable-shared --enable-ipv6 --enable-loadable-sqlite-extensions --with-computed-gotos" />
    <property name="ant.core.lib" value="/home/travis/build/icyphy/ptII/ant/lib/ant.jar" />
    <property name="java.vm.specification.vendor" value="Oracle Corporation" />
    <property name="env.BCVTB_HOME" value="/home/travis/build/icyphy/ptII/lbnl" />
    <property name="file.separator" value="/" />
    <property name="spotbugs.home" value="/home/travis/build/icyphy/ptII/vendors/spotbugs-3.1.1" />
    <property name="java.runtime.version" value="1.8.0_151-b12" />
    <property name="sun.boot.class.path" value="/usr/lib/jvm/java-8-oracle/jre/lib/resources.jar:/usr/lib/jvm/java-8-oracle/jre/lib/rt.jar:/usr/lib/jvm/java-8-oracle/jre/lib/sunrsasign.jar:/usr/lib/jvm/java-8-oracle/jre/lib/jsse.jar:/usr/lib/jvm/java-8-oracle/jre/lib/jce.jar:/usr/lib/jvm/java-8-oracle/jre/lib/charsets.jar:/usr/lib/jvm/java-8-oracle/jre/lib/jfr.jar:/usr/lib/jvm/java-8-oracle/jre/classes" />
    <property name="env.ANSI_CLEAR" value="\033[0K" />
    <property name="env.HAS_JOSH_K_SEAL_OF_APPROVAL" value="true" />
    <property name="env.XDG_RUNTIME_DIR" value="/run/user/2000" />
    <property name="env.TRAVIS_OSX_IMAGE" value="" />
    <property name="env.TRAVIS_BRANCH" value="master" />
    <property name="env.TRAVIS_JOB_ID" value="472228524" />
    <property name="user.country" value="US" />
    <property name="env.CERTI_HOME_TRAVIS" value="/home/travis/pthla/certi-tools" />
    <property name="env.SHELL" value="/bin/bash" />
    <property name="java.maxmemory.large" value="5000m" />
    <property name="model" value="" />
    <property name="env.CASHER_DIR" value="/home/travis/.casher" />
    <property name="env.NVM_CD_FLAGS" value="" />
    <property name="jshint.executable" value="/home/travis/node_modules/jshint/bin/jshint" />
    <property name="java.vendor" value="Oracle Corporation" />
    <property name="env.JRUBY_OPTS" value=" --client -J-XX:+TieredCompilation -J-XX:TieredStopAtLevel=1 -J-Xss2m -Xcompile.invokedynamic=false" />
    <property name="env.TRAVIS_PRE_CHEF_BOOTSTRAP_TIME" value="2017-12-05T19:32:55" />
    <property name="env.TRAVIS_STACK_JOB_BOARD_REGISTER" value="/.job-board-register.yml" />
    <property name="env.ELIXIR_VERSION" value="1.4.5" />
    <property name="env.ANSI_RED" value="\033[31;1m" />
    <property name="java.specification.version" value="1.8" />
    <property name="env.TRAVIS" value="true" />
    <property name="env.IRBRC" value="/home/travis/.rvm/rubies/ruby-2.4.1/.irbrc" />
    <property name="sun.arch.data.model" value="64" />
  </properties>
  <testcase classname="ptolemy.util.test.junit.TclTests" name="[0] /home/travis/build/icyphy/ptII/ptolemy/actor/lib/test/AbsoluteValue.tcl (RunTclFile)" time="0.462" />
  <testcase classname="ptolemy.util.test.junit.TclTests" name="[1] /home/travis/build/icyphy/ptII/ptolemy/actor/lib/test/AddSubtract.tcl (RunTclFile)" time="0.103" />
  <testcase classname="ptolemy.util.test.junit.TclTests" name="[2] /home/travis/build/icyphy/ptII/ptolemy/actor/lib/test/Average.tcl (RunTclFile)" time="0.059" />
  <testcase classname="ptolemy.util.test.junit.TclTests" name="[3] /home/travis/build/icyphy/ptII/ptolemy/actor/lib/test/Bernoulli.tcl (RunTclFile)" time="0.03" />
  <testcase classname="ptolemy.util.test.junit.TclTests" name="[4] /home/travis/build/icyphy/ptII/ptolemy/actor/lib/test/Clock.tcl (RunTclFile)" time="0.065" />
  <testcase classname="ptolemy.util.test.junit.TclTests" name="[5] /home/travis/build/icyphy/ptII/ptolemy/actor/lib/test/Commutator.tcl (RunTclFile)" time="0.088" />
  <testcase classname="ptolemy.util.test.junit.TclTests" name="[6] /home/travis/build/icyphy/ptII/ptolemy/actor/lib/test/Const.tcl (RunTclFile)" time="0.064" />
  <testcase classname="ptolemy.util.test.junit.TclTests" name="[7] /home/travis/build/icyphy/ptII/ptolemy/actor/lib/test/CurrentTime.tcl (RunTclFile)" time="0.017" />
  <testcase classname="ptolemy.util.test.junit.TclTests" name="[8] /home/travis/build/icyphy/ptII/ptolemy/actor/lib/test/DB.tcl (RunTclFile)" time="0.018" />
  <testcase classname="ptolemy.util.test.junit.TclTests" name="[9] /home/travis/build/icyphy/ptII/ptolemy/actor/lib/test/DiscreteRandomSource.tcl (RunTclFile)" time="0.02" />
  <testcase classname="ptolemy.util.test.junit.TclTests" name="[10] /home/travis/build/icyphy/ptII/ptolemy/actor/lib/test/Distributor.tcl (RunTclFile)" time="0.05" />
  <testcase classname="ptolemy.util.test.junit.TclTests" name="[11] /home/travis/build/icyphy/ptII/ptolemy/actor/lib/test/Exit.tcl (RunTclFile)" time="0.06" />
  <testcase classname="ptolemy.util.test.junit.TclTests" name="[12] /home/travis/build/icyphy/ptII/ptolemy/actor/lib/test/Expression.tcl (RunTclFile)" time="0.104" />
  <testcase classname="ptolemy.util.test.junit.TclTests" name="[13] /home/travis/build/icyphy/ptII/ptolemy/actor/lib/test/Gaussian.tcl (RunTclFile)" time="0.857" />
  <testcase classname="ptolemy.util.test.junit.TclTests" name="[14] /home/travis/build/icyphy/ptII/ptolemy/actor/lib/test/IIR.tcl (RunTclFile)" time="0.022" />
  <testcase classname="ptolemy.util.test.junit.TclTests" name="[15] /home/travis/build/icyphy/ptII/ptolemy/actor/lib/test/Interpolator.tcl (RunTclFile)" time="0.072" />
  <testcase classname="ptolemy.util.test.junit.TclTests" name="[16] /home/travis/build/icyphy/ptII/ptolemy/actor/lib/test/MathFunction.tcl (RunTclFile)" time="0.041" />
  <testcase classname="ptolemy.util.test.junit.TclTests" name="[17] /home/travis/build/icyphy/ptII/ptolemy/actor/lib/test/Maximum.tcl (RunTclFile)" time="0.027" />
  <testcase classname="ptolemy.util.test.junit.TclTests" name="[18] /home/travis/build/icyphy/ptII/ptolemy/actor/lib/test/Minimum.tcl (RunTclFile)" time="0.018" />
  <testcase classname="ptolemy.util.test.junit.TclTests" name="[19] /home/travis/build/icyphy/ptII/ptolemy/actor/lib/test/MultiplyDivide.tcl (RunTclFile)" time="0.021" />
  <testcase classname="ptolemy.util.test.junit.TclTests" name="[20] /home/travis/build/icyphy/ptII/ptolemy/actor/lib/test/OrderedMerge.tcl (RunTclFile)" time="0.088" />
  <testcase classname="ptolemy.util.test.junit.TclTests" name="[21] /home/travis/build/icyphy/ptII/ptolemy/actor/lib/test/Publisher.tcl (RunTclFile)" time="0.702" />
  <testcase classname="ptolemy.util.test.junit.TclTests" name="[22] /home/travis/build/icyphy/ptII/ptolemy/actor/lib/test/Pulse.tcl (RunTclFile)" time="0.03" />
  <testcase classname="ptolemy.util.test.junit.TclTests" name="[23] /home/travis/build/icyphy/ptII/ptolemy/actor/lib/test/Ramp.tcl (RunTclFile)" time="1.707" />
  <testcase classname="ptolemy.util.test.junit.TclTests" name="[24] /home/travis/build/icyphy/ptII/ptolemy/actor/lib/test/RampContinuous.tcl (RunTclFile)" time="0.015" />
  <testcase classname="ptolemy.util.test.junit.TclTests" name="[25] /home/travis/build/icyphy/ptII/ptolemy/actor/lib/test/RecordAssembler.tcl (RunTclFile)" time="0.014" />
  <testcase classname="ptolemy.util.test.junit.TclTests" name="[26] /home/travis/build/icyphy/ptII/ptolemy/actor/lib/test/RecordDisassembler.tcl (RunTclFile)" time="0.025" />
  <testcase classname="ptolemy.util.test.junit.TclTests" name="[27] /home/travis/build/icyphy/ptII/ptolemy/actor/lib/test/Scale.tcl (RunTclFile)" time="0.015" />
  <testcase classname="ptolemy.util.test.junit.TclTests" name="[28] /home/travis/build/icyphy/ptII/ptolemy/actor/lib/test/SequentialClock.tcl (RunTclFile)" time="0.01" />
  <testcase classname="ptolemy.util.test.junit.TclTests" name="[29] /home/travis/build/icyphy/ptII/ptolemy/actor/lib/test/SetVariable.tcl (RunTclFile)" time="0.012" />
  <testcase classname="ptolemy.util.test.junit.TclTests" name="[30] /home/travis/build/icyphy/ptII/ptolemy/actor/lib/test/Sinewave.tcl (RunTclFile)" time="0.023" />
  <testcase classname="ptolemy.util.test.junit.TclTests" name="[31] /home/travis/build/icyphy/ptII/ptolemy/actor/lib/test/SubscriptionAggregator.tcl (RunTclFile)" time="1.876" />
  <testcase classname="ptolemy.util.test.junit.TclTests" name="[32] /home/travis/build/icyphy/ptII/ptolemy/actor/lib/test/Test.tcl (RunTclFile)" time="0.118" />
  <testcase classname="ptolemy.util.test.junit.TclTests" name="[33] /home/travis/build/icyphy/ptII/ptolemy/actor/lib/test/TestExceptionHandler.tcl (RunTclFile)" time="0.009" />
  <testcase classname="ptolemy.util.test.junit.TclTests" name="[34] /home/travis/build/icyphy/ptII/ptolemy/actor/lib/test/UnionDisassembler.tcl (RunTclFile)" time="0.041" />
  <testcase classname="ptolemy.util.test.junit.TclTests" name="[35] /home/travis/build/icyphy/ptII/ptolemy/actor/lib/test/VariableClock.tcl (RunTclFile)" time="0.019" />
  <testcase classname="ptolemy.util.test.junit.AutoKnownFailedTests" name="[0] /home/travis/build/icyphy/ptII/ptolemy/actor/lib/test/auto/knownFailedTests/PublisherPortToplevelSubscriber.xml (RunModel)" time="0.037" />
  <testcase classname="ptolemy.util.test.junit.AutoKnownFailedTests" name="[1] /home/travis/build/icyphy/ptII/ptolemy/actor/lib/test/auto/knownFailedTests/PublisherSubscriberPortToplevel.xml (RunModel)" time="0.03" />
  <testcase classname="ptolemy.util.test.junit.AutoKnownFailedTests" name="[2] /home/travis/build/icyphy/ptII/ptolemy/actor/lib/test/auto/knownFailedTests/PublisherSubscriptionAggregatorPort.xml (RunModel)" time="0.018" />
  <testcase classname="ptolemy.util.test.junit.AutoKnownFailedTests" name="[3] /home/travis/build/icyphy/ptII/ptolemy/actor/lib/test/auto/knownFailedTests/sizedarray3.xml (RunModel)" time="0.015" />
  <testcase classname="ptolemy.util.test.junit.AutoNameArchTests" name="[0] ThereAreNoAutoArchTests (RunModel)" time="0.001" />
  <testcase classname="ptolemy.util.test.junit.AutoTests" name="[0] /home/travis/build/icyphy/ptII/ptolemy/actor/lib/test/auto/AbsoluteValue.xml (RunModel)" time="0.103" />
  <testcase classname="ptolemy.util.test.junit.AutoTests" name="[1] /home/travis/build/icyphy/ptII/ptolemy/actor/lib/test/auto/AbsoluteValue2.xml (RunModel)" time="0.075" />
  <testcase classname="ptolemy.util.test.junit.AutoTests" name="[2] /home/travis/build/icyphy/ptII/ptolemy/actor/lib/test/auto/Accumulator.xml (RunModel)" time="0.061" />
  <testcase classname="ptolemy.util.test.junit.AutoTests" name="[3] /home/travis/build/icyphy/ptII/ptolemy/actor/lib/test/auto/Accumulator2.xml (RunModel)" time="0.038" />
  <testcase classname="ptolemy.util.test.junit.AutoTests" name="[4] /home/travis/build/icyphy/ptII/ptolemy/actor/lib/test/auto/Accumulator3.xml (RunModel)" time="0.049" />
  <testcase classname="ptolemy.util.test.junit.AutoTests" name="[5] /home/travis/build/icyphy/ptII/ptolemy/actor/lib/test/auto/ArrayAppend.xml (RunModel)" time="0.035" />
  <testcase classname="ptolemy.util.test.junit.AutoTests" name="[6] /home/travis/build/icyphy/ptII/ptolemy/actor/lib/test/auto/ArrayAppend2.xml (RunModel)" time="0.47" />
  <testcase classname="ptolemy.util.test.junit.AutoTests" name="[7] /home/travis/build/icyphy/ptII/ptolemy/actor/lib/test/auto/ArrayAppend3.xml (RunModel)" time="0.038" />
  <testcase classname="ptolemy.util.test.junit.AutoTests" name="[8] /home/travis/build/icyphy/ptII/ptolemy/actor/lib/test/auto/ArrayAppend4.xml (RunModel)" time="0.035" />
  <testcase classname="ptolemy.util.test.junit.AutoTests" name="[9] /home/travis/build/icyphy/ptII/ptolemy/actor/lib/test/auto/ArrayAppend5.xml (RunModel)" time="0.024" />
  <testcase classname="ptolemy.util.test.junit.AutoTests" name="[10] /home/travis/build/icyphy/ptII/ptolemy/actor/lib/test/auto/ArrayAppend6.xml (RunModel)" time="0.022" />
  <testcase classname="ptolemy.util.test.junit.AutoTests" name="[11] /home/travis/build/icyphy/ptII/ptolemy/actor/lib/test/auto/ArrayAppendPerformanceTest.xml (RunModel)" time="0.048" />
  <testcase classname="ptolemy.util.test.junit.AutoTests" name="[12] /home/travis/build/icyphy/ptII/ptolemy/actor/lib/test/auto/ArrayAppendWithEmptyInput.xml (RunModel)" time="0.081" />
  <testcase classname="ptolemy.util.test.junit.AutoTests" name="[13] /home/travis/build/icyphy/ptII/ptolemy/actor/lib/test/auto/ArrayAverage.xml (RunModel)" time="0.041" />
  <testcase classname="ptolemy.util.test.junit.AutoTests" name="[14] /home/travis/build/icyphy/ptII/ptolemy/actor/lib/test/auto/ArrayContains.xml (RunModel)" time="0.026" />
  <testcase classname="ptolemy.util.test.junit.AutoTests" name="[15] /home/travis/build/icyphy/ptII/ptolemy/actor/lib/test/auto/ArrayElement.xml (RunModel)" time="0.038" />
  <testcase classname="ptolemy.util.test.junit.AutoTests" name="[16] /home/travis/build/icyphy/ptII/ptolemy/actor/lib/test/auto/ArrayElementAsMatrix.xml (RunModel)" time="0.059" />
  <testcase classname="ptolemy.util.test.junit.AutoTests" name="[17] /home/travis/build/icyphy/ptII/ptolemy/actor/lib/test/auto/ArrayElementI.xml (RunModel)" time="0.018" />
  <testcase classname="ptolemy.util.test.junit.AutoTests" name="[18] /home/travis/build/icyphy/ptII/ptolemy/actor/lib/test/auto/ArrayExtract.xml (RunModel)" time="0.035" />
  <testcase classname="ptolemy.util.test.junit.AutoTests" name="[19] /home/travis/build/icyphy/ptII/ptolemy/actor/lib/test/auto/ArrayExtract2.xml (RunModel)" time="0.023" />
  <testcase classname="ptolemy.util.test.junit.AutoTests" name="[20] /home/travis/build/icyphy/ptII/ptolemy/actor/lib/test/auto/ArrayLength.xml (RunModel)" time="0.02" />
  <testcase classname="ptolemy.util.test.junit.AutoTests" name="[21] /home/travis/build/icyphy/ptII/ptolemy/actor/lib/test/auto/ArrayLevelCrossing.xml (RunModel)" time="0.037" />
  <testcase classname="ptolemy.util.test.junit.AutoTests" name="[22] /home/travis/build/icyphy/ptII/ptolemy/actor/lib/test/auto/ArrayLevelCrossing2.xml (RunModel)" time="0.024" />
  <testcase classname="ptolemy.util.test.junit.AutoTests" name="[23] /home/travis/build/icyphy/ptII/ptolemy/actor/lib/test/auto/ArrayPeakSearch.xml (RunModel)" time="0.043" />
  <testcase classname="ptolemy.util.test.junit.AutoTests" name="[24] /home/travis/build/icyphy/ptII/ptolemy/actor/lib/test/auto/ArrayPeakSearch2.xml (RunModel)" time="0.038" />
  <testcase classname="ptolemy.util.test.junit.AutoTests" name="[25] /home/travis/build/icyphy/ptII/ptolemy/actor/lib/test/auto/ArrayPeakSearch3.xml (RunModel)" time="0.027" />
  <testcase classname="ptolemy.util.test.junit.AutoTests" name="[26] /home/travis/build/icyphy/ptII/ptolemy/actor/lib/test/auto/ArrayRemoveElement.xml (RunModel)" time="0.026" />
  <testcase classname="ptolemy.util.test.junit.AutoTests" name="[27] /home/travis/build/icyphy/ptII/ptolemy/actor/lib/test/auto/ArraySort.xml (RunModel)" time="0.028" />
  <testcase classname="ptolemy.util.test.junit.AutoTests" name="[28] /home/travis/build/icyphy/ptII/ptolemy/actor/lib/test/auto/ArraySum.xml (RunModel)" time="0.017" />
  <testcase classname="ptolemy.util.test.junit.AutoTests" name="[29] /home/travis/build/icyphy/ptII/ptolemy/actor/lib/test/auto/ArrayToElements.xml (RunModel)" time="0.019" />
  <testcase classname="ptolemy.util.test.junit.AutoTests" name="[30] /home/travis/build/icyphy/ptII/ptolemy/actor/lib/test/auto/ArrayToMatrix.xml (RunModel)" time="0.046" />
  <testcase classname="ptolemy.util.test.junit.AutoTests" name="[31] /home/travis/build/icyphy/ptII/ptolemy/actor/lib/test/auto/ArrayUpdate1.xml (RunModel)" time="0.019" />
  <testcase classname="ptolemy.util.test.junit.AutoTests" name="[32] /home/travis/build/icyphy/ptII/ptolemy/actor/lib/test/auto/ArrayUpdate2.xml (RunModel)" time="0.023" />
  <testcase classname="ptolemy.util.test.junit.AutoTests" name="[33] /home/travis/build/icyphy/ptII/ptolemy/actor/lib/test/auto/ArrayUpdate3.xml (RunModel)" time="0.015" />
  <testcase classname="ptolemy.util.test.junit.AutoTests" name="[34] /home/travis/build/icyphy/ptII/ptolemy/actor/lib/test/auto/Assert1.xml (RunModel)" time="0.02" />
  <testcase classname="ptolemy.util.test.junit.AutoTests" name="[35] /home/travis/build/icyphy/ptII/ptolemy/actor/lib/test/auto/Assert2.xml (RunModel)" time="0.02" />
  <testcase classname="ptolemy.util.test.junit.AutoTests" name="[36] /home/travis/build/icyphy/ptII/ptolemy/actor/lib/test/auto/BooleanMultiplexor.xml (RunModel)" time="0.016" />
  <testcase classname="ptolemy.util.test.junit.AutoTests" name="[37] /home/travis/build/icyphy/ptII/ptolemy/actor/lib/test/auto/BooleanMultiplexor2.xml (RunModel)" time="0.032" />
  <testcase classname="ptolemy.util.test.junit.AutoTests" name="[38] /home/travis/build/icyphy/ptII/ptolemy/actor/lib/test/auto/BooleanMultiplexor3.xml (RunModel)" time="0.025" />
  <testcase classname="ptolemy.util.test.junit.AutoTests" name="[39] /home/travis/build/icyphy/ptII/ptolemy/actor/lib/test/auto/BooleanSelect.xml (RunModel)" time="0.02" />
  <testcase classname="ptolemy.util.test.junit.AutoTests" name="[40] /home/travis/build/icyphy/ptII/ptolemy/actor/lib/test/auto/BooleanSelect2.xml (RunModel)" time="0.012" />
  <testcase classname="ptolemy.util.test.junit.AutoTests" name="[41] /home/travis/build/icyphy/ptII/ptolemy/actor/lib/test/auto/BooleanSwitch.xml (RunModel)" time="0.017" />
  <testcase classname="ptolemy.util.test.junit.AutoTests" name="[42] /home/travis/build/icyphy/ptII/ptolemy/actor/lib/test/auto/BooleanSwitch2.xml (RunModel)" time="0.02" />
  <testcase classname="ptolemy.util.test.junit.AutoTests" name="[43] /home/travis/build/icyphy/ptII/ptolemy/actor/lib/test/auto/BooleanSwitchCloningBugWithClassRelationGroup.xml (RunModel)" time="0.019" />
  <testcase classname="ptolemy.util.test.junit.AutoTests" name="[44] /home/travis/build/icyphy/ptII/ptolemy/actor/lib/test/auto/BusActors.xml (RunModel)" time="0.025" />
  <testcase classname="ptolemy.util.test.junit.AutoTests" name="[45] /home/travis/build/icyphy/ptII/ptolemy/actor/lib/test/auto/ClassWrapper.xml (RunModel)" time="0.01" />
  <testcase classname="ptolemy.util.test.junit.AutoTests" name="[46] /home/travis/build/icyphy/ptII/ptolemy/actor/lib/test/auto/Clock.xml (RunModel)" time="0.01" />
  <testcase classname="ptolemy.util.test.junit.AutoTests" name="[47] /home/travis/build/icyphy/ptII/ptolemy/actor/lib/test/auto/Clock10.xml (RunModel)" time="0.019" />
  <testcase classname="ptolemy.util.test.junit.AutoTests" name="[48] /home/travis/build/icyphy/ptII/ptolemy/actor/lib/test/auto/Clock11.xml (RunModel)" time="0.013" />
  <testcase classname="ptolemy.util.test.junit.AutoTests" name="[49] /home/travis/build/icyphy/ptII/ptolemy/actor/lib/test/auto/Clock12.xml (RunModel)" time="0.016" />
  <testcase classname="ptolemy.util.test.junit.AutoTests" name="[50] /home/travis/build/icyphy/ptII/ptolemy/actor/lib/test/auto/Clock13.xml (RunModel)" time="0.017" />
  <testcase classname="ptolemy.util.test.junit.AutoTests" name="[51] /home/travis/build/icyphy/ptII/ptolemy/actor/lib/test/auto/Clock14.xml (RunModel)" time="0.021" />
  <testcase classname="ptolemy.util.test.junit.AutoTests" name="[52] /home/travis/build/icyphy/ptII/ptolemy/actor/lib/test/auto/Clock15.xml (RunModel)" time="0.013" />
  <testcase classname="ptolemy.util.test.junit.AutoTests" name="[53] /home/travis/build/icyphy/ptII/ptolemy/actor/lib/test/auto/Clock16.xml (RunModel)" time="0.078" />
  <testcase classname="ptolemy.util.test.junit.AutoTests" name="[54] /home/travis/build/icyphy/ptII/ptolemy/actor/lib/test/auto/Clock17.xml (RunModel)" time="0.048" />
  <testcase classname="ptolemy.util.test.junit.AutoTests" name="[55] /home/travis/build/icyphy/ptII/ptolemy/actor/lib/test/auto/Clock18.xml (RunModel)" time="0.047" />
  <testcase classname="ptolemy.util.test.junit.AutoTests" name="[56] /home/travis/build/icyphy/ptII/ptolemy/actor/lib/test/auto/Clock19.xml (RunModel)" time="0.044" />
  <testcase classname="ptolemy.util.test.junit.AutoTests" name="[57] /home/travis/build/icyphy/ptII/ptolemy/actor/lib/test/auto/Clock2.xml (RunModel)" time="0.011" />
  <testcase classname="ptolemy.util.test.junit.AutoTests" name="[58] /home/travis/build/icyphy/ptII/ptolemy/actor/lib/test/auto/Clock20.xml (RunModel)" time="0.018" />
  <testcase classname="ptolemy.util.test.junit.AutoTests" name="[59] /home/travis/build/icyphy/ptII/ptolemy/actor/lib/test/auto/Clock21.xml (RunModel)" time="0.014" />
  <testcase classname="ptolemy.util.test.junit.AutoTests" name="[60] /home/travis/build/icyphy/ptII/ptolemy/actor/lib/test/auto/Clock22.xml (RunModel)" time="0.015" />
  <testcase classname="ptolemy.util.test.junit.AutoTests" name="[61] /home/travis/build/icyphy/ptII/ptolemy/actor/lib/test/auto/Clock23.xml (RunModel)" time="0.033" />
  <testcase classname="ptolemy.util.test.junit.AutoTests" name="[62] /home/travis/build/icyphy/ptII/ptolemy/actor/lib/test/auto/Clock24.xml (RunModel)" time="0.018" />
  <testcase classname="ptolemy.util.test.junit.AutoTests" name="[63] /home/travis/build/icyphy/ptII/ptolemy/actor/lib/test/auto/Clock4.xml (RunModel)" time="0.013" />
  <testcase classname="ptolemy.util.test.junit.AutoTests" name="[64] /home/travis/build/icyphy/ptII/ptolemy/actor/lib/test/auto/Clock5.xml (RunModel)" time="0.023" />
  <testcase classname="ptolemy.util.test.junit.AutoTests" name="[65] /home/travis/build/icyphy/ptII/ptolemy/actor/lib/test/auto/Clock6.xml (RunModel)" time="0.014" />
  <testcase classname="ptolemy.util.test.junit.AutoTests" name="[66] /home/travis/build/icyphy/ptII/ptolemy/actor/lib/test/auto/Clock7.xml (RunModel)" time="0.01" />
  <testcase classname="ptolemy.util.test.junit.AutoTests" name="[67] /home/travis/build/icyphy/ptII/ptolemy/actor/lib/test/auto/Clock8.xml (RunModel)" time="0.01" />
  <testcase classname="ptolemy.util.test.junit.AutoTests" name="[68] /home/travis/build/icyphy/ptII/ptolemy/actor/lib/test/auto/Clock9.xml (RunModel)" time="0.014" />
  <testcase classname="ptolemy.util.test.junit.AutoTests" name="[69] /home/travis/build/icyphy/ptII/ptolemy/actor/lib/test/auto/CommDistDiscard.xml (RunModel)" time="0.018" />
  <testcase classname="ptolemy.util.test.junit.AutoTests" name="[70] /home/travis/build/icyphy/ptII/ptolemy/actor/lib/test/auto/Commutator.xml (RunModel)" time="0.011" />
  <testcase classname="ptolemy.util.test.junit.AutoTests" name="[71] /home/travis/build/icyphy/ptII/ptolemy/actor/lib/test/auto/Commutator2.xml (RunModel)" time="0.013" />
  <testcase classname="ptolemy.util.test.junit.AutoTests" name="[72] /home/travis/build/icyphy/ptII/ptolemy/actor/lib/test/auto/Commutator3.xml (RunModel)" time="0.009" />
  <testcase classname="ptolemy.util.test.junit.AutoTests" name="[73] /home/travis/build/icyphy/ptII/ptolemy/actor/lib/test/auto/Compare.xml (RunModel)" time="0.015" />
  <testcase classname="ptolemy.util.test.junit.AutoTests" name="[74] /home/travis/build/icyphy/ptII/ptolemy/actor/lib/test/auto/CompareDE.xml (RunModel)" time="0.016" />
  <testcase classname="ptolemy.util.test.junit.AutoTests" name="[75] /home/travis/build/icyphy/ptII/ptolemy/actor/lib/test/auto/ComplexDivide.xml (RunModel)" time="0.008" />
  <testcase classname="ptolemy.util.test.junit.AutoTests" name="[76] /home/travis/build/icyphy/ptII/ptolemy/actor/lib/test/auto/ComputeHistogram.xml (RunModel)" time="0.047" />
  <testcase classname="ptolemy.util.test.junit.AutoTests" name="[77] /home/travis/build/icyphy/ptII/ptolemy/actor/lib/test/auto/ConfigurationSelect.xml (RunModel)" time="0.012" />
  <testcase classname="ptolemy.util.test.junit.AutoTests" name="[78] /home/travis/build/icyphy/ptII/ptolemy/actor/lib/test/auto/ConfigurationSelect2.xml (RunModel)" time="0.01" />
  <testcase classname="ptolemy.util.test.junit.AutoTests" name="[79] /home/travis/build/icyphy/ptII/ptolemy/actor/lib/test/auto/ConfigurationSwitch.xml (RunModel)" time="0.012" />
  <testcase classname="ptolemy.util.test.junit.AutoTests" name="[80] /home/travis/build/icyphy/ptII/ptolemy/actor/lib/test/auto/ConfigurationSwitch2.xml (RunModel)" time="0.021" />
  <testcase classname="ptolemy.util.test.junit.AutoTests" name="[81] /home/travis/build/icyphy/ptII/ptolemy/actor/lib/test/auto/ConfigurationSwitchCloningBugWithClassRelationGroup.xml (RunModel)" time="0.014" />
  <testcase classname="ptolemy.util.test.junit.AutoTests" name="[82] /home/travis/build/icyphy/ptII/ptolemy/actor/lib/test/auto/ConfigurationSwitchSelectSDF.xml (RunModel)" time="0.012" />
  <testcase classname="ptolemy.util.test.junit.AutoTests" name="[83] /home/travis/build/icyphy/ptII/ptolemy/actor/lib/test/auto/ConfigurationSwitchSelectSDF2.xml (RunModel)" time="0.012" />
  <testcase classname="ptolemy.util.test.junit.AutoTests" name="[84] /home/travis/build/icyphy/ptII/ptolemy/actor/lib/test/auto/Const.xml (RunModel)" time="0.005" />
  <testcase classname="ptolemy.util.test.junit.AutoTests" name="[85] /home/travis/build/icyphy/ptII/ptolemy/actor/lib/test/auto/Const2.xml (RunModel)" time="0.009" />
  <testcase classname="ptolemy.util.test.junit.AutoTests" name="[86] /home/travis/build/icyphy/ptII/ptolemy/actor/lib/test/auto/Const3.xml (RunModel)" time="0.006" />
  <testcase classname="ptolemy.util.test.junit.AutoTests" name="[87] /home/travis/build/icyphy/ptII/ptolemy/actor/lib/test/auto/ConstantPublisherPort1.xml (RunModel)" time="0.017" />
  <testcase classname="ptolemy.util.test.junit.AutoTests" name="[88] /home/travis/build/icyphy/ptII/ptolemy/actor/lib/test/auto/ConstantPublisherPort2.xml (RunModel)" time="0.017" />
  <testcase classname="ptolemy.util.test.junit.AutoTests" name="[89] /home/travis/build/icyphy/ptII/ptolemy/actor/lib/test/auto/ConstantPublisherPort3.xml (RunModel)" time="0.015" />
  <testcase classname="ptolemy.util.test.junit.AutoTests" name="[90] /home/travis/build/icyphy/ptII/ptolemy/actor/lib/test/auto/ConstantPublisherPort4.xml (RunModel)" time="0.014" />
  <testcase classname="ptolemy.util.test.junit.AutoTests" name="[91] /home/travis/build/icyphy/ptII/ptolemy/actor/lib/test/auto/ConstantPublisherPort5.xml (RunModel)" time="0.036" />
  <testcase classname="ptolemy.util.test.junit.AutoTests" name="[92] /home/travis/build/icyphy/ptII/ptolemy/actor/lib/test/auto/ConstantPublisherPort6.xml (RunModel)" time="0.032" />
  <testcase classname="ptolemy.util.test.junit.AutoTests" name="[93] /home/travis/build/icyphy/ptII/ptolemy/actor/lib/test/auto/ConstantPublisherPort7.xml (RunModel)" time="0.023" />
  <testcase classname="ptolemy.util.test.junit.AutoTests" name="[94] /home/travis/build/icyphy/ptII/ptolemy/actor/lib/test/auto/ConstraintMonitor1.xml (RunModel)" time="0.034" />
  <testcase classname="ptolemy.util.test.junit.AutoTests" name="[95] /home/travis/build/icyphy/ptII/ptolemy/actor/lib/test/auto/ConstraintMonitor2.xml (RunModel)" time="0.018" />
  <testcase classname="ptolemy.util.test.junit.AutoTests" name="[96] /home/travis/build/icyphy/ptII/ptolemy/actor/lib/test/auto/ConstraintMonitor3.xml (RunModel)" time="0.016" />
  <testcase classname="ptolemy.util.test.junit.AutoTests" name="[97] /home/travis/build/icyphy/ptII/ptolemy/actor/lib/test/auto/ConstraintMonitor4.xml (RunModel)" time="0.01" />
  <testcase classname="ptolemy.util.test.junit.AutoTests" name="[98] /home/travis/build/icyphy/ptII/ptolemy/actor/lib/test/auto/ConstraintMonitor5.xml (RunModel)" time="0.014" />
  <testcase classname="ptolemy.util.test.junit.AutoTests" name="[99] /home/travis/build/icyphy/ptII/ptolemy/actor/lib/test/auto/ConstraintMonitor6.xml (RunModel)" time="0.011" />
  <testcase classname="ptolemy.util.test.junit.AutoTests" name="[100] /home/travis/build/icyphy/ptII/ptolemy/actor/lib/test/auto/ConstraintMonitor7.xml (RunModel)" time="0.018" />
  <testcase classname="ptolemy.util.test.junit.AutoTests" name="[101] /home/travis/build/icyphy/ptII/ptolemy/actor/lib/test/auto/ConstraintMonitor8.xml (RunModel)" time="0.016" />
  <testcase classname="ptolemy.util.test.junit.AutoTests" name="[102] /home/travis/build/icyphy/ptII/ptolemy/actor/lib/test/auto/Counter.xml (RunModel)" time="0.012" />
  <testcase classname="ptolemy.util.test.junit.AutoTests" name="[103] /home/travis/build/icyphy/ptII/ptolemy/actor/lib/test/auto/CurrentTimeSDF.xml (RunModel)" time="0.008" />
  <testcase classname="ptolemy.util.test.junit.AutoTests" name="[104] /home/travis/build/icyphy/ptII/ptolemy/actor/lib/test/auto/DB.xml (RunModel)" time="0.011" />
  <testcase classname="ptolemy.util.test.junit.AutoTests" name="[105] /home/travis/build/icyphy/ptII/ptolemy/actor/lib/test/auto/DBDE.xml (RunModel)" time="0.012" />
  <testcase classname="ptolemy.util.test.junit.AutoTests" name="[106] /home/travis/build/icyphy/ptII/ptolemy/actor/lib/test/auto/DateConstructor.xml (RunModel)" time="0.04" />
  <testcase classname="ptolemy.util.test.junit.AutoTests" name="[107] /home/travis/build/icyphy/ptII/ptolemy/actor/lib/test/auto/DelayTime.xml (RunModel)" time="0.016" />
  <testcase classname="ptolemy.util.test.junit.AutoTests" name="[108] /home/travis/build/icyphy/ptII/ptolemy/actor/lib/test/auto/Dictionary1.xml (RunModel)" time="0.015" />
  <testcase classname="ptolemy.util.test.junit.AutoTests" name="[109] /home/travis/build/icyphy/ptII/ptolemy/actor/lib/test/auto/Dictionary2.xml (RunModel)" time="0.012" />
  <testcase classname="ptolemy.util.test.junit.AutoTests" name="[110] /home/travis/build/icyphy/ptII/ptolemy/actor/lib/test/auto/Dictionary3.xml (RunModel)" time="0.023" />
  <testcase classname="ptolemy.util.test.junit.AutoTests" name="[111] /home/travis/build/icyphy/ptII/ptolemy/actor/lib/test/auto/Dictionary4.xml (RunModel)" time="0.015" />
  <testcase classname="ptolemy.util.test.junit.AutoTests" name="[112] /home/travis/build/icyphy/ptII/ptolemy/actor/lib/test/auto/Differential.xml (RunModel)" time="0.01" />
  <testcase classname="ptolemy.util.test.junit.AutoTests" name="[113] /home/travis/build/icyphy/ptII/ptolemy/actor/lib/test/auto/Director.xml (RunModel)" time="0.009" />
  <testcase classname="ptolemy.util.test.junit.AutoTests" name="[114] /home/travis/build/icyphy/ptII/ptolemy/actor/lib/test/auto/DiscreteClock.xml (RunModel)" time="0.008" />
  <testcase classname="ptolemy.util.test.junit.AutoTests" name="[115] /home/travis/build/icyphy/ptII/ptolemy/actor/lib/test/auto/DiscreteClock10.xml (RunModel)" time="0.012" />
  <testcase classname="ptolemy.util.test.junit.AutoTests" name="[116] /home/travis/build/icyphy/ptII/ptolemy/actor/lib/test/auto/DiscreteClock11.xml (RunModel)" time="0.012" />
  <testcase classname="ptolemy.util.test.junit.AutoTests" name="[117] /home/travis/build/icyphy/ptII/ptolemy/actor/lib/test/auto/DiscreteClock12.xml (RunModel)" time="0.012" />
  <testcase classname="ptolemy.util.test.junit.AutoTests" name="[118] /home/travis/build/icyphy/ptII/ptolemy/actor/lib/test/auto/DiscreteClock13.xml (RunModel)" time="0.013" />
  <testcase classname="ptolemy.util.test.junit.AutoTests" name="[119] /home/travis/build/icyphy/ptII/ptolemy/actor/lib/test/auto/DiscreteClock14.xml (RunModel)" time="0.015" />
  <testcase classname="ptolemy.util.test.junit.AutoTests" name="[120] /home/travis/build/icyphy/ptII/ptolemy/actor/lib/test/auto/DiscreteClock15.xml (RunModel)" time="0.012" />
  <testcase classname="ptolemy.util.test.junit.AutoTests" name="[121] /home/travis/build/icyphy/ptII/ptolemy/actor/lib/test/auto/DiscreteClock16.xml (RunModel)" time="0.035" />
  <testcase classname="ptolemy.util.test.junit.AutoTests" name="[122] /home/travis/build/icyphy/ptII/ptolemy/actor/lib/test/auto/DiscreteClock17.xml (RunModel)" time="0.04" />
  <testcase classname="ptolemy.util.test.junit.AutoTests" name="[123] /home/travis/build/icyphy/ptII/ptolemy/actor/lib/test/auto/DiscreteClock18.xml (RunModel)" time="0.046" />
  <testcase classname="ptolemy.util.test.junit.AutoTests" name="[124] /home/travis/build/icyphy/ptII/ptolemy/actor/lib/test/auto/DiscreteClock19.xml (RunModel)" time="0.03" />
  <testcase classname="ptolemy.util.test.junit.AutoTests" name="[125] /home/travis/build/icyphy/ptII/ptolemy/actor/lib/test/auto/DiscreteClock2.xml (RunModel)" time="0.012" />
  <testcase classname="ptolemy.util.test.junit.AutoTests" name="[126] /home/travis/build/icyphy/ptII/ptolemy/actor/lib/test/auto/DiscreteClock20.xml (RunModel)" time="0.015" />
  <testcase classname="ptolemy.util.test.junit.AutoTests" name="[127] /home/travis/build/icyphy/ptII/ptolemy/actor/lib/test/auto/DiscreteClock21.xml (RunModel)" time="0.014" />
  <testcase classname="ptolemy.util.test.junit.AutoTests" name="[128] /home/travis/build/icyphy/ptII/ptolemy/actor/lib/test/auto/DiscreteClock22.xml (RunModel)" time="0.014" />
  <testcase classname="ptolemy.util.test.junit.AutoTests" name="[129] /home/travis/build/icyphy/ptII/ptolemy/actor/lib/test/auto/DiscreteClock23.xml (RunModel)" time="0.019" />
  <testcase classname="ptolemy.util.test.junit.AutoTests" name="[130] /home/travis/build/icyphy/ptII/ptolemy/actor/lib/test/auto/DiscreteClock24.xml (RunModel)" time="0.015" />
  <testcase classname="ptolemy.util.test.junit.AutoTests" name="[131] /home/travis/build/icyphy/ptII/ptolemy/actor/lib/test/auto/DiscreteClock4.xml (RunModel)" time="0.008" />
  <testcase classname="ptolemy.util.test.junit.AutoTests" name="[132] /home/travis/build/icyphy/ptII/ptolemy/actor/lib/test/auto/DiscreteClock5.xml (RunModel)" time="0.008" />
  <testcase classname="ptolemy.util.test.junit.AutoTests" name="[133] /home/travis/build/icyphy/ptII/ptolemy/actor/lib/test/auto/DiscreteClock6.xml (RunModel)" time="0.007" />
  <testcase classname="ptolemy.util.test.junit.AutoTests" name="[134] /home/travis/build/icyphy/ptII/ptolemy/actor/lib/test/auto/DiscreteClock7.xml (RunModel)" time="0.009" />
  <testcase classname="ptolemy.util.test.junit.AutoTests" name="[135] /home/travis/build/icyphy/ptII/ptolemy/actor/lib/test/auto/DiscreteClock8.xml (RunModel)" time="0.016" />
  <testcase classname="ptolemy.util.test.junit.AutoTests" name="[136] /home/travis/build/icyphy/ptII/ptolemy/actor/lib/test/auto/DiscreteClock9.xml (RunModel)" time="0.013" />
  <testcase classname="ptolemy.util.test.junit.AutoTests" name="[137] /home/travis/build/icyphy/ptII/ptolemy/actor/lib/test/auto/DisplayArray.xml (RunModel)" time="0.025" />
  <testcase classname="ptolemy.util.test.junit.AutoTests" name="[138] /home/travis/build/icyphy/ptII/ptolemy/actor/lib/test/auto/Distributor.xml (RunModel)" time="0.008" />
  <testcase classname="ptolemy.util.test.junit.AutoTests" name="[139] /home/travis/build/icyphy/ptII/ptolemy/actor/lib/test/auto/Distributor2.xml (RunModel)" time="0.018" />
  <testcase classname="ptolemy.util.test.junit.AutoTests" name="[140] /home/travis/build/icyphy/ptII/ptolemy/actor/lib/test/auto/DownSample.xml (RunModel)" time="0.03" />
  <testcase classname="ptolemy.util.test.junit.AutoTests" name="[141] /home/travis/build/icyphy/ptII/ptolemy/actor/lib/test/auto/ElectronicUnitBase1.xml (RunModel)" time="0.529" />
  <testcase classname="ptolemy.util.test.junit.AutoTests" name="[142] /home/travis/build/icyphy/ptII/ptolemy/actor/lib/test/auto/ElementsToArray.xml (RunModel)" time="0.01" />
  <testcase classname="ptolemy.util.test.junit.AutoTests" name="[143] /home/travis/build/icyphy/ptII/ptolemy/actor/lib/test/auto/Equals.xml (RunModel)" time="0.013" />
  <testcase classname="ptolemy.util.test.junit.AutoTests" name="[144] /home/travis/build/icyphy/ptII/ptolemy/actor/lib/test/auto/Exec.xml (RunModel)" time="0.025" />
  <testcase classname="ptolemy.util.test.junit.AutoTests" name="[145] /home/travis/build/icyphy/ptII/ptolemy/actor/lib/test/auto/ExecEnvironment.xml (RunModel)" time="0.032" />
  <testcase classname="ptolemy.util.test.junit.AutoTests" name="[146] /home/travis/build/icyphy/ptII/ptolemy/actor/lib/test/auto/ExecNonZeroReturnOutput.xml (RunModel)" time="0.132" />
  <testcase classname="ptolemy.util.test.junit.AutoTests" name="[147] /home/travis/build/icyphy/ptII/ptolemy/actor/lib/test/auto/ExecRunDemos.xml (RunModel)" time="9.42" />
  <testcase classname="ptolemy.util.test.junit.AutoTests" name="[148] /home/travis/build/icyphy/ptII/ptolemy/actor/lib/test/auto/ExecStop.xml (RunModel)" time="5.03" />
  <testcase classname="ptolemy.util.test.junit.AutoTests" name="[149] /home/travis/build/icyphy/ptII/ptolemy/actor/lib/test/auto/ExecutionTimeSDF.xml (RunModel)" time="6.027" />
  <testcase classname="ptolemy.util.test.junit.AutoTests" name="[150] /home/travis/build/icyphy/ptII/ptolemy/actor/lib/test/auto/Expression1.xml (RunModel)" time="0.012" />
  <testcase classname="ptolemy.util.test.junit.AutoTests" name="[151] /home/travis/build/icyphy/ptII/ptolemy/actor/lib/test/auto/Expression10.xml (RunModel)" time="0.012" />
  <testcase classname="ptolemy.util.test.junit.AutoTests" name="[152] /home/travis/build/icyphy/ptII/ptolemy/actor/lib/test/auto/Expression11.xml (RunModel)" time="0.009" />
  <testcase classname="ptolemy.util.test.junit.AutoTests" name="[153] /home/travis/build/icyphy/ptII/ptolemy/actor/lib/test/auto/Expression12.xml (RunModel)" time="0.011" />
  <testcase classname="ptolemy.util.test.junit.AutoTests" name="[154] /home/travis/build/icyphy/ptII/ptolemy/actor/lib/test/auto/Expression13.xml (RunModel)" time="0.01" />
  <testcase classname="ptolemy.util.test.junit.AutoTests" name="[155] /home/travis/build/icyphy/ptII/ptolemy/actor/lib/test/auto/Expression14.xml (RunModel)" time="0.017" />
  <testcase classname="ptolemy.util.test.junit.AutoTests" name="[156] /home/travis/build/icyphy/ptII/ptolemy/actor/lib/test/auto/Expression15.xml (RunModel)" time="0.007" />
  <testcase classname="ptolemy.util.test.junit.AutoTests" name="[157] /home/travis/build/icyphy/ptII/ptolemy/actor/lib/test/auto/Expression16.xml (RunModel)" time="0.009" />
  <testcase classname="ptolemy.util.test.junit.AutoTests" name="[158] /home/travis/build/icyphy/ptII/ptolemy/actor/lib/test/auto/Expression17.xml (RunModel)" time="0.011" />
  <testcase classname="ptolemy.util.test.junit.AutoTests" name="[159] /home/travis/build/icyphy/ptII/ptolemy/actor/lib/test/auto/Expression18.xml (RunModel)" time="0.013" />
  <testcase classname="ptolemy.util.test.junit.AutoTests" name="[160] /home/travis/build/icyphy/ptII/ptolemy/actor/lib/test/auto/Expression2.xml (RunModel)" time="0.011" />
  <testcase classname="ptolemy.util.test.junit.AutoTests" name="[161] /home/travis/build/icyphy/ptII/ptolemy/actor/lib/test/auto/Expression3.xml (RunModel)" time="0.014" />
  <testcase classname="ptolemy.util.test.junit.AutoTests" name="[162] /home/travis/build/icyphy/ptII/ptolemy/actor/lib/test/auto/Expression4.xml (RunModel)" time="0.018" />
  <testcase classname="ptolemy.util.test.junit.AutoTests" name="[163] /home/travis/build/icyphy/ptII/ptolemy/actor/lib/test/auto/Expression5.xml (RunModel)" time="0.012" />
  <testcase classname="ptolemy.util.test.junit.AutoTests" name="[164] /home/travis/build/icyphy/ptII/ptolemy/actor/lib/test/auto/Expression6.xml (RunModel)" time="0.011" />
  <testcase classname="ptolemy.util.test.junit.AutoTests" name="[165] /home/travis/build/icyphy/ptII/ptolemy/actor/lib/test/auto/Expression7.xml (RunModel)" time="0.013" />
  <testcase classname="ptolemy.util.test.junit.AutoTests" name="[166] /home/travis/build/icyphy/ptII/ptolemy/actor/lib/test/auto/Expression8.xml (RunModel)" time="0.011" />
  <testcase classname="ptolemy.util.test.junit.AutoTests" name="[167] /home/travis/build/icyphy/ptII/ptolemy/actor/lib/test/auto/Expression9.xml (RunModel)" time="0.009" />
  <testcase classname="ptolemy.util.test.junit.AutoTests" name="[168] /home/travis/build/icyphy/ptII/ptolemy/actor/lib/test/auto/ExpressionConcatenateArrayType.xml (RunModel)" time="0.026" />
  <testcase classname="ptolemy.util.test.junit.AutoTests" name="[169] /home/travis/build/icyphy/ptII/ptolemy/actor/lib/test/auto/ExpressionConcatenateArrayType2.xml (RunModel)" time="0.017" />
  <testcase classname="ptolemy.util.test.junit.AutoTests" name="[170] /home/travis/build/icyphy/ptII/ptolemy/actor/lib/test/auto/ExpressionFix.xml (RunModel)" time="0.026" />
  <testcase classname="ptolemy.util.test.junit.AutoTests" name="[171] /home/travis/build/icyphy/ptII/ptolemy/actor/lib/test/auto/ExpressionFix2.xml (RunModel)" time="0.01" />
  <testcase classname="ptolemy.util.test.junit.AutoTests" name="[172] /home/travis/build/icyphy/ptII/ptolemy/actor/lib/test/auto/ExpressionFix3.xml (RunModel)" time="0.011" />
  <testcase classname="ptolemy.util.test.junit.AutoTests" name="[173] /home/travis/build/icyphy/ptII/ptolemy/actor/lib/test/auto/FileWriter1.xml (RunModel)" time="0.01" />
  <testcase classname="ptolemy.util.test.junit.AutoTests" name="[174] /home/travis/build/icyphy/ptII/ptolemy/actor/lib/test/auto/FileWriter2.xml (RunModel)" time="0.012" />
  <testcase classname="ptolemy.util.test.junit.AutoTests" name="[175] /home/travis/build/icyphy/ptII/ptolemy/actor/lib/test/auto/FileWriter3.xml (RunModel)" time="0.011" />
  <testcase classname="ptolemy.util.test.junit.AutoTests" name="[176] /home/travis/build/icyphy/ptII/ptolemy/actor/lib/test/auto/Gaussian.xml (RunModel)" time="0.014" />
  <testcase classname="ptolemy.util.test.junit.AutoTests" name="[177] /home/travis/build/icyphy/ptII/ptolemy/actor/lib/test/auto/Gaussian1.xml (RunModel)" time="0.013" />
  <testcase classname="ptolemy.util.test.junit.AutoTests" name="[178] /home/travis/build/icyphy/ptII/ptolemy/actor/lib/test/auto/Gaussian2.xml (RunModel)" time="0.016" />
  <testcase classname="ptolemy.util.test.junit.AutoTests" name="[179] /home/travis/build/icyphy/ptII/ptolemy/actor/lib/test/auto/GradientAdaptiveLattice.xml (RunModel)" time="0.016" />
  <testcase classname="ptolemy.util.test.junit.AutoTests" name="[180] /home/travis/build/icyphy/ptII/ptolemy/actor/lib/test/auto/IIR.xml (RunModel)" time="0.015" />
  <testcase classname="ptolemy.util.test.junit.AutoTests" name="[181] /home/travis/build/icyphy/ptII/ptolemy/actor/lib/test/auto/InputOutputTransparentPorts.xml (RunModel)" time="0.02" />
  <testcase classname="ptolemy.util.test.junit.AutoTests" name="[182] /home/travis/build/icyphy/ptII/ptolemy/actor/lib/test/auto/Interpolator.xml (RunModel)" time="0.017" />
  <testcase classname="ptolemy.util.test.junit.AutoTests" name="[183] /home/travis/build/icyphy/ptII/ptolemy/actor/lib/test/auto/InterpolatorFiringLimitDE.xml (RunModel)" time="0.015" />
  <testcase classname="ptolemy.util.test.junit.AutoTests" name="[184] /home/travis/build/icyphy/ptII/ptolemy/actor/lib/test/auto/Lattice.xml (RunModel)" time="0.011" />
  <testcase classname="ptolemy.util.test.junit.AutoTests" name="[185] /home/travis/build/icyphy/ptII/ptolemy/actor/lib/test/auto/LazyAOCTestLazy.xml (RunModel)" time="0.02" />
  <testcase classname="ptolemy.util.test.junit.AutoTests" name="[186] /home/travis/build/icyphy/ptII/ptolemy/actor/lib/test/auto/LazyAOCTestNonLazy.xml (RunModel)" time="0.042" />
  <testcase classname="ptolemy.util.test.junit.AutoTests" name="[187] /home/travis/build/icyphy/ptII/ptolemy/actor/lib/test/auto/LazyInnerClass.xml (RunModel)" time="0.043" />
  <testcase classname="ptolemy.util.test.junit.AutoTests" name="[188] /home/travis/build/icyphy/ptII/ptolemy/actor/lib/test/auto/LazyPubSub.xml (RunModel)" time="0.065" />
  <testcase classname="ptolemy.util.test.junit.AutoTests" name="[189] /home/travis/build/icyphy/ptII/ptolemy/actor/lib/test/auto/LazyPubSub2.xml (RunModel)" time="0.063" />
  <testcase classname="ptolemy.util.test.junit.AutoTests" name="[190] /home/travis/build/icyphy/ptII/ptolemy/actor/lib/test/auto/LazyPubSub3.xml (RunModel)" time="0.023" />
  <testcase classname="ptolemy.util.test.junit.AutoTests" name="[191] /home/travis/build/icyphy/ptII/ptolemy/actor/lib/test/auto/LazySubClassModel.xml (RunModel)" time="0.022" />
  <testcase classname="ptolemy.util.test.junit.AutoTests" name="[192] /home/travis/build/icyphy/ptII/ptolemy/actor/lib/test/auto/LevelCrossTest1.xml (RunModel)" time="0.009" />
  <testcase classname="ptolemy.util.test.junit.AutoTests" name="[193] /home/travis/build/icyphy/ptII/ptolemy/actor/lib/test/auto/LevelCrossTest10.xml (RunModel)" time="0.012" />
  <testcase classname="ptolemy.util.test.junit.AutoTests" name="[194] /home/travis/build/icyphy/ptII/ptolemy/actor/lib/test/auto/LevelCrossTest11.xml (RunModel)" time="0.012" />
  <testcase classname="ptolemy.util.test.junit.AutoTests" name="[195] /home/travis/build/icyphy/ptII/ptolemy/actor/lib/test/auto/LevelCrossTest12.xml (RunModel)" time="0.012" />
  <testcase classname="ptolemy.util.test.junit.AutoTests" name="[196] /home/travis/build/icyphy/ptII/ptolemy/actor/lib/test/auto/LevelCrossTest13.xml (RunModel)" time="0.012" />
  <testcase classname="ptolemy.util.test.junit.AutoTests" name="[197] /home/travis/build/icyphy/ptII/ptolemy/actor/lib/test/auto/LevelCrossTest2.xml (RunModel)" time="0.009" />
  <testcase classname="ptolemy.util.test.junit.AutoTests" name="[198] /home/travis/build/icyphy/ptII/ptolemy/actor/lib/test/auto/LevelCrossTest3.xml (RunModel)" time="0.011" />
  <testcase classname="ptolemy.util.test.junit.AutoTests" name="[199] /home/travis/build/icyphy/ptII/ptolemy/actor/lib/test/auto/LevelCrossTest4.xml (RunModel)" time="0.01" />
  <testcase classname="ptolemy.util.test.junit.AutoTests" name="[200] /home/travis/build/icyphy/ptII/ptolemy/actor/lib/test/auto/LevelCrossTest5.xml (RunModel)" time="0.011" />
  <testcase classname="ptolemy.util.test.junit.AutoTests" name="[201] /home/travis/build/icyphy/ptII/ptolemy/actor/lib/test/auto/LevelCrossTest6.xml (RunModel)" time="0.012" />
  <testcase classname="ptolemy.util.test.junit.AutoTests" name="[202] /home/travis/build/icyphy/ptII/ptolemy/actor/lib/test/auto/LevelCrossTest7.xml (RunModel)" time="0.013" />
  <testcase classname="ptolemy.util.test.junit.AutoTests" name="[203] /home/travis/build/icyphy/ptII/ptolemy/actor/lib/test/auto/LevelCrossTest8.xml (RunModel)" time="0.013" />
  <testcase classname="ptolemy.util.test.junit.AutoTests" name="[204] /home/travis/build/icyphy/ptII/ptolemy/actor/lib/test/auto/LevelCrossTest9.xml (RunModel)" time="0.012" />
  <testcase classname="ptolemy.util.test.junit.AutoTests" name="[205] /home/travis/build/icyphy/ptII/ptolemy/actor/lib/test/auto/LevinsonDurbin.xml (RunModel)" time="0.008" />
  <testcase classname="ptolemy.util.test.junit.AutoTests" name="[206] /home/travis/build/icyphy/ptII/ptolemy/actor/lib/test/auto/LevinsonDurbin2.xml (RunModel)" time="0.007" />
  <testcase classname="ptolemy.util.test.junit.AutoTests" name="[207] /home/travis/build/icyphy/ptII/ptolemy/actor/lib/test/auto/LevinsonDurbin3.xml (RunModel)" time="0.01" />
  <testcase classname="ptolemy.util.test.junit.AutoTests" name="[208] /home/travis/build/icyphy/ptII/ptolemy/actor/lib/test/auto/Limiter.xml (RunModel)" time="0.03" />
  <testcase classname="ptolemy.util.test.junit.AutoTests" name="[209] /home/travis/build/icyphy/ptII/ptolemy/actor/lib/test/auto/LinearDifferenceEquationSystem.xml (RunModel)" time="0.018" />
  <testcase classname="ptolemy.util.test.junit.AutoTests" name="[210] /home/travis/build/icyphy/ptII/ptolemy/actor/lib/test/auto/LookupTable.xml (RunModel)" time="0.009" />
  <testcase classname="ptolemy.util.test.junit.AutoTests" name="[211] /home/travis/build/icyphy/ptII/ptolemy/actor/lib/test/auto/MathFunction.xml (RunModel)" time="0.018" />
  <testcase classname="ptolemy.util.test.junit.AutoTests" name="[212] /home/travis/build/icyphy/ptII/ptolemy/actor/lib/test/auto/MathFunction2.xml (RunModel)" time="0.021" />
  <testcase classname="ptolemy.util.test.junit.AutoTests" name="[213] /home/travis/build/icyphy/ptII/ptolemy/actor/lib/test/auto/MathFunction3.xml (RunModel)" time="0.019" />
  <testcase classname="ptolemy.util.test.junit.AutoTests" name="[214] /home/travis/build/icyphy/ptII/ptolemy/actor/lib/test/auto/MatrixCropBoolean.xml (RunModel)" time="0.009" />
  <testcase classname="ptolemy.util.test.junit.AutoTests" name="[215] /home/travis/build/icyphy/ptII/ptolemy/actor/lib/test/auto/MatrixCropComplex.xml (RunModel)" time="0.008" />
  <testcase classname="ptolemy.util.test.junit.AutoTests" name="[216] /home/travis/build/icyphy/ptII/ptolemy/actor/lib/test/auto/MatrixCropDouble.xml (RunModel)" time="0.008" />
  <testcase classname="ptolemy.util.test.junit.AutoTests" name="[217] /home/travis/build/icyphy/ptII/ptolemy/actor/lib/test/auto/MatrixCropFix.xml (RunModel)" time="0.012" />
  <testcase classname="ptolemy.util.test.junit.AutoTests" name="[218] /home/travis/build/icyphy/ptII/ptolemy/actor/lib/test/auto/MatrixCropInt.xml (RunModel)" time="0.008" />
  <testcase classname="ptolemy.util.test.junit.AutoTests" name="[219] /home/travis/build/icyphy/ptII/ptolemy/actor/lib/test/auto/MatrixCropLong.xml (RunModel)" time="0.007" />
  <testcase classname="ptolemy.util.test.junit.AutoTests" name="[220] /home/travis/build/icyphy/ptII/ptolemy/actor/lib/test/auto/MatrixToArray.xml (RunModel)" time="0.041" />
  <testcase classname="ptolemy.util.test.junit.AutoTests" name="[221] /home/travis/build/icyphy/ptII/ptolemy/actor/lib/test/auto/MaxIndex.xml (RunModel)" time="0.01" />
  <testcase classname="ptolemy.util.test.junit.AutoTests" name="[222] /home/travis/build/icyphy/ptII/ptolemy/actor/lib/test/auto/Maximum.xml (RunModel)" time="0.012" />
  <testcase classname="ptolemy.util.test.junit.AutoTests" name="[223] /home/travis/build/icyphy/ptII/ptolemy/actor/lib/test/auto/MaximumComplex.xml (RunModel)" time="0.011" />
  <testcase classname="ptolemy.util.test.junit.AutoTests" name="[224] /home/travis/build/icyphy/ptII/ptolemy/actor/lib/test/auto/MethodCallTest.xml (RunModel)" time="0.017" />
  <testcase classname="ptolemy.util.test.junit.AutoTests" name="[225] /home/travis/build/icyphy/ptII/ptolemy/actor/lib/test/auto/Minimum.xml (RunModel)" time="0.014" />
  <testcase classname="ptolemy.util.test.junit.AutoTests" name="[226] /home/travis/build/icyphy/ptII/ptolemy/actor/lib/test/auto/MinimumComplex.xml (RunModel)" time="0.018" />
  <testcase classname="ptolemy.util.test.junit.AutoTests" name="[227] /home/travis/build/icyphy/ptII/ptolemy/actor/lib/test/auto/MinimumMultiports.xml (RunModel)" time="0.017" />
  <testcase classname="ptolemy.util.test.junit.AutoTests" name="[228] /home/travis/build/icyphy/ptII/ptolemy/actor/lib/test/auto/ModifyDate.xml (RunModel)" time="0.047" />
  <testcase classname="ptolemy.util.test.junit.AutoTests" name="[229] /home/travis/build/icyphy/ptII/ptolemy/actor/lib/test/auto/ModifyDate2.xml (RunModel)" time="0.026" />
  <testcase classname="ptolemy.util.test.junit.AutoTests" name="[230] /home/travis/build/icyphy/ptII/ptolemy/actor/lib/test/auto/MovingAverage.xml (RunModel)" time="0.011" />
  <testcase classname="ptolemy.util.test.junit.AutoTests" name="[231] /home/travis/build/icyphy/ptII/ptolemy/actor/lib/test/auto/MovingMaximum.xml (RunModel)" time="0.01" />
  <testcase classname="ptolemy.util.test.junit.AutoTests" name="[232] /home/travis/build/icyphy/ptII/ptolemy/actor/lib/test/auto/MultipleLinksToSameRelation.xml (RunModel)" time="0.008" />
  <testcase classname="ptolemy.util.test.junit.AutoTests" name="[233] /home/travis/build/icyphy/ptII/ptolemy/actor/lib/test/auto/MultipleLinksToSameRelationDE.xml (RunModel)" time="0.01" />
  <testcase classname="ptolemy.util.test.junit.AutoTests" name="[234] /home/travis/build/icyphy/ptII/ptolemy/actor/lib/test/auto/Multiplexor.xml (RunModel)" time="0.014" />
  <testcase classname="ptolemy.util.test.junit.AutoTests" name="[235] /home/travis/build/icyphy/ptII/ptolemy/actor/lib/test/auto/Multiplexor1.xml (RunModel)" time="0.01" />
  <testcase classname="ptolemy.util.test.junit.AutoTests" name="[236] /home/travis/build/icyphy/ptII/ptolemy/actor/lib/test/auto/Multiplexor2.xml (RunModel)" time="0.013" />
  <testcase classname="ptolemy.util.test.junit.AutoTests" name="[237] /home/travis/build/icyphy/ptII/ptolemy/actor/lib/test/auto/Multiplexor3.xml (RunModel)" time="0.01" />
  <testcase classname="ptolemy.util.test.junit.AutoTests" name="[238] /home/travis/build/icyphy/ptII/ptolemy/actor/lib/test/auto/MultiplexorDE.xml (RunModel)" time="0.015" />
  <testcase classname="ptolemy.util.test.junit.AutoTests" name="[239] /home/travis/build/icyphy/ptII/ptolemy/actor/lib/test/auto/MultiportBroadcastTest.xml (RunModel)" time="0.059" />
  <testcase classname="ptolemy.util.test.junit.AutoTests" name="[240] /home/travis/build/icyphy/ptII/ptolemy/actor/lib/test/auto/MultiportOutHangDuringGetWidth.xml (RunModel)" time="0.029" />
  <testcase classname="ptolemy.util.test.junit.AutoTests" name="[241] /home/travis/build/icyphy/ptII/ptolemy/actor/lib/test/auto/NilToken.xml (RunModel)" time="0.006" />
  <testcase classname="ptolemy.util.test.junit.AutoTests" name="[242] /home/travis/build/icyphy/ptII/ptolemy/actor/lib/test/auto/NilTokenNonStrictTest.xml (RunModel)" time="0.011" />
  <testcase classname="ptolemy.util.test.junit.AutoTests" name="[243] /home/travis/build/icyphy/ptII/ptolemy/actor/lib/test/auto/NilTokenRecord.xml (RunModel)" time="0.021" />
  <testcase classname="ptolemy.util.test.junit.AutoTests" name="[244] /home/travis/build/icyphy/ptII/ptolemy/actor/lib/test/auto/NilTokenTypeTest.xml (RunModel)" time="0.031" />
  <testcase classname="ptolemy.util.test.junit.AutoTests" name="[245] /home/travis/build/icyphy/ptII/ptolemy/actor/lib/test/auto/ObjectToken1.xml (RunModel)" time="0.008" />
  <testcase classname="ptolemy.util.test.junit.AutoTests" name="[246] /home/travis/build/icyphy/ptII/ptolemy/actor/lib/test/auto/OrderedMerge.xml (RunModel)" time="0.012" />
  <testcase classname="ptolemy.util.test.junit.AutoTests" name="[247] /home/travis/build/icyphy/ptII/ptolemy/actor/lib/test/auto/OrderedRecordDisassembler.xml (RunModel)" time="0.017" />
  <testcase classname="ptolemy.util.test.junit.AutoTests" name="[248] /home/travis/build/icyphy/ptII/ptolemy/actor/lib/test/auto/OrderedRecordDisassembler2.xml (RunModel)" time="0.016" />
  <testcase classname="ptolemy.util.test.junit.AutoTests" name="[249] /home/travis/build/icyphy/ptII/ptolemy/actor/lib/test/auto/OrderedRecordUpdater.xml (RunModel)" time="0.01" />
  <testcase classname="ptolemy.util.test.junit.AutoTests" name="[250] /home/travis/build/icyphy/ptII/ptolemy/actor/lib/test/auto/OrderedRecordUpdater2.xml (RunModel)" time="0.01" />
  <testcase classname="ptolemy.util.test.junit.AutoTests" name="[251] /home/travis/build/icyphy/ptII/ptolemy/actor/lib/test/auto/PhaseUnwrap.xml (RunModel)" time="0.015" />
  <testcase classname="ptolemy.util.test.junit.AutoTests" name="[252] /home/travis/build/icyphy/ptII/ptolemy/actor/lib/test/auto/PoissonClock.xml (RunModel)" time="0.009" />
  <testcase classname="ptolemy.util.test.junit.AutoTests" name="[253] /home/travis/build/icyphy/ptII/ptolemy/actor/lib/test/auto/PoissonClock2.xml (RunModel)" time="0.009" />
  <testcase classname="ptolemy.util.test.junit.AutoTests" name="[254] /home/travis/build/icyphy/ptII/ptolemy/actor/lib/test/auto/PoissonClock3.xml (RunModel)" time="0.009" />
  <testcase classname="ptolemy.util.test.junit.AutoTests" name="[255] /home/travis/build/icyphy/ptII/ptolemy/actor/lib/test/auto/PubSubWithInitialTokens.xml (RunModel)" time="0.015" />
  <testcase classname="ptolemy.util.test.junit.AutoTests" name="[256] /home/travis/build/icyphy/ptII/ptolemy/actor/lib/test/auto/PubSubWithInitialTokens2.xml (RunModel)" time="0.013" />
  <testcase classname="ptolemy.util.test.junit.AutoTests" name="[257] /home/travis/build/icyphy/ptII/ptolemy/actor/lib/test/auto/PublisherClassNoParameter.xml (RunModel)" time="0.022" />
  <testcase classname="ptolemy.util.test.junit.AutoTests" name="[258] /home/travis/build/icyphy/ptII/ptolemy/actor/lib/test/auto/PublisherClassParameter.xml (RunModel)" time="0.03" />
  <testcase classname="ptolemy.util.test.junit.AutoTests" name="[259] /home/travis/build/icyphy/ptII/ptolemy/actor/lib/test/auto/PublisherNonStrictTest.xml (RunModel)" time="0.021" />
  <testcase classname="ptolemy.util.test.junit.AutoTests" name="[260] /home/travis/build/icyphy/ptII/ptolemy/actor/lib/test/auto/PublisherPort1.xml (RunModel)" time="0.009" />
  <testcase classname="ptolemy.util.test.junit.AutoTests" name="[261] /home/travis/build/icyphy/ptII/ptolemy/actor/lib/test/auto/PublisherPort2.xml (RunModel)" time="0.007" />
  <testcase classname="ptolemy.util.test.junit.AutoTests" name="[262] /home/travis/build/icyphy/ptII/ptolemy/actor/lib/test/auto/PublisherPort3.xml (RunModel)" time="0.011" />
  <testcase classname="ptolemy.util.test.junit.AutoTests" name="[263] /home/travis/build/icyphy/ptII/ptolemy/actor/lib/test/auto/PublisherPort4.xml (RunModel)" time="0.017" />
  <testcase classname="ptolemy.util.test.junit.AutoTests" name="[264] /home/travis/build/icyphy/ptII/ptolemy/actor/lib/test/auto/PublisherPort5.xml (RunModel)" time="0.013" />
  <testcase classname="ptolemy.util.test.junit.AutoTests" name="[265] /home/travis/build/icyphy/ptII/ptolemy/actor/lib/test/auto/PublisherPort5LookAlike.xml (RunModel)" time="0.016" />
  <testcase classname="ptolemy.util.test.junit.AutoTests" name="[266] /home/travis/build/icyphy/ptII/ptolemy/actor/lib/test/auto/PublisherPort6.xml (RunModel)" time="0.012" />
  <testcase classname="ptolemy.util.test.junit.AutoTests" name="[267] /home/travis/build/icyphy/ptII/ptolemy/actor/lib/test/auto/PublisherPort7.xml (RunModel)" time="0.014" />
  <testcase classname="ptolemy.util.test.junit.AutoTests" name="[268] /home/travis/build/icyphy/ptII/ptolemy/actor/lib/test/auto/PublisherPort8.xml (RunModel)" time="0.015" />
  <testcase classname="ptolemy.util.test.junit.AutoTests" name="[269] /home/travis/build/icyphy/ptII/ptolemy/actor/lib/test/auto/PublisherPortSubscriberChannelVariablesAOC2.xml (RunModel)" time="0.029" />
  <testcase classname="ptolemy.util.test.junit.AutoTests" name="[270] /home/travis/build/icyphy/ptII/ptolemy/actor/lib/test/auto/PublisherPortSubscriberOpaqueWidthInference.xml (RunModel)" time="0.014" />
  <testcase classname="ptolemy.util.test.junit.AutoTests" name="[271] /home/travis/build/icyphy/ptII/ptolemy/actor/lib/test/auto/PublisherPortSubscriberPortAdjacent.xml (RunModel)" time="0.015" />
  <testcase classname="ptolemy.util.test.junit.AutoTests" name="[272] /home/travis/build/icyphy/ptII/ptolemy/actor/lib/test/auto/PublisherPortSubscriberPortExpression.xml (RunModel)" time="0.015" />
  <testcase classname="ptolemy.util.test.junit.AutoTests" name="[273] /home/travis/build/icyphy/ptII/ptolemy/actor/lib/test/auto/PublisherPortSubscriberPortOpaqueD3Reverse.xml (RunModel)" time="0.016" />
  <testcase classname="ptolemy.util.test.junit.AutoTests" name="[274] /home/travis/build/icyphy/ptII/ptolemy/actor/lib/test/auto/PublisherPortSubscriberPortOpaqueWidthInference.xml (RunModel)" time="0.016" />
  <testcase classname="ptolemy.util.test.junit.AutoTests" name="[275] /home/travis/build/icyphy/ptII/ptolemy/actor/lib/test/auto/PublisherPortToplevelSubscriberPortAOC.xml (RunModel)" time="0.009" />
  <testcase classname="ptolemy.util.test.junit.AutoTests" name="[276] /home/travis/build/icyphy/ptII/ptolemy/actor/lib/test/auto/PublisherSubscriber.xml (RunModel)" time="0.012" />
  <testcase classname="ptolemy.util.test.junit.AutoTests" name="[277] /home/travis/build/icyphy/ptII/ptolemy/actor/lib/test/auto/PublisherSubscriber10.xml (RunModel)" time="0.018" />
  <testcase classname="ptolemy.util.test.junit.AutoTests" name="[278] /home/travis/build/icyphy/ptII/ptolemy/actor/lib/test/auto/PublisherSubscriber10InitialOutputs.xml (RunModel)" time="0.018" />
  <testcase classname="ptolemy.util.test.junit.AutoTests" name="[279] /home/travis/build/icyphy/ptII/ptolemy/actor/lib/test/auto/PublisherSubscriber11.xml (RunModel)" time="0.012" />
  <testcase classname="ptolemy.util.test.junit.AutoTests" name="[280] /home/travis/build/icyphy/ptII/ptolemy/actor/lib/test/auto/PublisherSubscriber12.xml (RunModel)" time="0.011" />
  <testcase classname="ptolemy.util.test.junit.AutoTests" name="[281] /home/travis/build/icyphy/ptII/ptolemy/actor/lib/test/auto/PublisherSubscriber13.xml (RunModel)" time="0.009" />
  <testcase classname="ptolemy.util.test.junit.AutoTests" name="[282] /home/travis/build/icyphy/ptII/ptolemy/actor/lib/test/auto/PublisherSubscriber14.xml (RunModel)" time="0.019" />
  <testcase classname="ptolemy.util.test.junit.AutoTests" name="[283] /home/travis/build/icyphy/ptII/ptolemy/actor/lib/test/auto/PublisherSubscriber2.xml (RunModel)" time="0.009" />
  <testcase classname="ptolemy.util.test.junit.AutoTests" name="[284] /home/travis/build/icyphy/ptII/ptolemy/actor/lib/test/auto/PublisherSubscriber3.xml (RunModel)" time="0.012" />
  <testcase classname="ptolemy.util.test.junit.AutoTests" name="[285] /home/travis/build/icyphy/ptII/ptolemy/actor/lib/test/auto/PublisherSubscriber4.xml (RunModel)" time="0.007" />
  <testcase classname="ptolemy.util.test.junit.AutoTests" name="[286] /home/travis/build/icyphy/ptII/ptolemy/actor/lib/test/auto/PublisherSubscriber5.xml (RunModel)" time="0.011" />
  <testcase classname="ptolemy.util.test.junit.AutoTests" name="[287] /home/travis/build/icyphy/ptII/ptolemy/actor/lib/test/auto/PublisherSubscriber6.xml (RunModel)" time="0.013" />
  <testcase classname="ptolemy.util.test.junit.AutoTests" name="[288] /home/travis/build/icyphy/ptII/ptolemy/actor/lib/test/auto/PublisherSubscriber7.xml (RunModel)" time="0.016" />
  <testcase classname="ptolemy.util.test.junit.AutoTests" name="[289] /home/travis/build/icyphy/ptII/ptolemy/actor/lib/test/auto/PublisherSubscriber8.xml (RunModel)" time="0.031" />
  <testcase classname="ptolemy.util.test.junit.AutoTests" name="[290] /home/travis/build/icyphy/ptII/ptolemy/actor/lib/test/auto/PublisherSubscriber9.xml (RunModel)" time="0.013" />
  <testcase classname="ptolemy.util.test.junit.AutoTests" name="[291] /home/travis/build/icyphy/ptII/ptolemy/actor/lib/test/auto/PublisherSubscriberAdjacent.xml (RunModel)" time="0.015" />
  <testcase classname="ptolemy.util.test.junit.AutoTests" name="[292] /home/travis/build/icyphy/ptII/ptolemy/actor/lib/test/auto/PublisherSubscriberChannelVariablesAOC2.xml (RunModel)" time="0.025" />
  <testcase classname="ptolemy.util.test.junit.AutoTests" name="[293] /home/travis/build/icyphy/ptII/ptolemy/actor/lib/test/auto/PublisherSubscriberD3.xml (RunModel)" time="0.013" />
  <testcase classname="ptolemy.util.test.junit.AutoTests" name="[294] /home/travis/build/icyphy/ptII/ptolemy/actor/lib/test/auto/PublisherSubscriberD3Reverse.xml (RunModel)" time="0.01" />
  <testcase classname="ptolemy.util.test.junit.AutoTests" name="[295] /home/travis/build/icyphy/ptII/ptolemy/actor/lib/test/auto/PublisherSubscriberExpression.xml (RunModel)" time="0.016" />
  <testcase classname="ptolemy.util.test.junit.AutoTests" name="[296] /home/travis/build/icyphy/ptII/ptolemy/actor/lib/test/auto/PublisherSubscriberOpaque.xml (RunModel)" time="0.015" />
  <testcase classname="ptolemy.util.test.junit.AutoTests" name="[297] /home/travis/build/icyphy/ptII/ptolemy/actor/lib/test/auto/PublisherSubscriberOpaqueD3.xml (RunModel)" time="0.038" />
  <testcase classname="ptolemy.util.test.junit.AutoTests" name="[298] /home/travis/build/icyphy/ptII/ptolemy/actor/lib/test/auto/PublisherSubscriberOpaqueD3Reverse.xml (RunModel)" time="0.019" />
  <testcase classname="ptolemy.util.test.junit.AutoTests" name="[299] /home/travis/build/icyphy/ptII/ptolemy/actor/lib/test/auto/PublisherSubscriberOpaqueWidthInference.xml (RunModel)" time="0.015" />
  <testcase classname="ptolemy.util.test.junit.AutoTests" name="[300] /home/travis/build/icyphy/ptII/ptolemy/actor/lib/test/auto/PublisherTestSubscriber.xml (RunModel)" time="0.014" />
  <testcase classname="ptolemy.util.test.junit.AutoTests" name="[301] /home/travis/build/icyphy/ptII/ptolemy/actor/lib/test/auto/PublisherToplevelSubscriberPortAOC.xml (RunModel)" time="0.012" />
  <testcase classname="ptolemy.util.test.junit.AutoTests" name="[302] /home/travis/build/icyphy/ptII/ptolemy/actor/lib/test/auto/PulseFiringLimitDE.xml (RunModel)" time="0.014" />
  <testcase classname="ptolemy.util.test.junit.AutoTests" name="[303] /home/travis/build/icyphy/ptII/ptolemy/actor/lib/test/auto/Ramp1.xml (RunModel)" time="0.005" />
  <testcase classname="ptolemy.util.test.junit.AutoTests" name="[304] /home/travis/build/icyphy/ptII/ptolemy/actor/lib/test/auto/RampFiringLimitDE.xml (RunModel)" time="0.009" />
  <testcase classname="ptolemy.util.test.junit.AutoTests" name="[305] /home/travis/build/icyphy/ptII/ptolemy/actor/lib/test/auto/RampFiringLimitSDF.xml (RunModel)" time="0.012" />
  <testcase classname="ptolemy.util.test.junit.AutoTests" name="[306] /home/travis/build/icyphy/ptII/ptolemy/actor/lib/test/auto/RandomInteger.xml (RunModel)" time="0.01" />
  <testcase classname="ptolemy.util.test.junit.AutoTests" name="[307] /home/travis/build/icyphy/ptII/ptolemy/actor/lib/test/auto/ReadFile1.xml (RunModel)" time="0.007" />
  <testcase classname="ptolemy.util.test.junit.AutoTests" name="[308] /home/travis/build/icyphy/ptII/ptolemy/actor/lib/test/auto/ReadFile2.xml (RunModel)" time="0.007" />
  <testcase classname="ptolemy.util.test.junit.AutoTests" name="[309] /home/travis/build/icyphy/ptII/ptolemy/actor/lib/test/auto/Reader.xml (RunModel)" time="0.014" />
  <testcase classname="ptolemy.util.test.junit.AutoTests" name="[310] /home/travis/build/icyphy/ptII/ptolemy/actor/lib/test/auto/RecordAssemblerDisplayNameTest.xml (RunModel)" time="2.892" />
  <testcase classname="ptolemy.util.test.junit.AutoTests" name="[311] /home/travis/build/icyphy/ptII/ptolemy/actor/lib/test/auto/RecordAssemblerTypeError.xml (RunModel)" time="0.03" />
  <testcase classname="ptolemy.util.test.junit.AutoTests" name="[312] /home/travis/build/icyphy/ptII/ptolemy/actor/lib/test/auto/RecordDisassember.xml (RunModel)" time="0.013" />
  <testcase classname="ptolemy.util.test.junit.AutoTests" name="[313] /home/travis/build/icyphy/ptII/ptolemy/actor/lib/test/auto/RecordDisassemberDisplayNameTest.xml (RunModel)" time="0.018" />
  <testcase classname="ptolemy.util.test.junit.AutoTests" name="[314] /home/travis/build/icyphy/ptII/ptolemy/actor/lib/test/auto/RecordDisassembler.xml (RunModel)" time="0.009" />
  <testcase classname="ptolemy.util.test.junit.AutoTests" name="[315] /home/travis/build/icyphy/ptII/ptolemy/actor/lib/test/auto/RecordDisassembler2.xml (RunModel)" time="0.01" />
  <testcase classname="ptolemy.util.test.junit.AutoTests" name="[316] /home/travis/build/icyphy/ptII/ptolemy/actor/lib/test/auto/RecordUpdater.xml (RunModel)" time="0.009" />
  <testcase classname="ptolemy.util.test.junit.AutoTests" name="[317] /home/travis/build/icyphy/ptII/ptolemy/actor/lib/test/auto/RecordUpdater2.xml (RunModel)" time="0.009" />
  <testcase classname="ptolemy.util.test.junit.AutoTests" name="[318] /home/travis/build/icyphy/ptII/ptolemy/actor/lib/test/auto/RecursiveLattice.xml (RunModel)" time="0.012" />
  <testcase classname="ptolemy.util.test.junit.AutoTests" name="[319] /home/travis/build/icyphy/ptII/ptolemy/actor/lib/test/auto/Router.xml (RunModel)" time="3.022" />
  <testcase classname="ptolemy.util.test.junit.AutoTests" name="[320] /home/travis/build/icyphy/ptII/ptolemy/actor/lib/test/auto/Router2.xml (RunModel)" time="3.019" />
  <testcase classname="ptolemy.util.test.junit.AutoTests" name="[321] /home/travis/build/icyphy/ptII/ptolemy/actor/lib/test/auto/RunningMaximum.xml (RunModel)" time="0.014" />
  <testcase classname="ptolemy.util.test.junit.AutoTests" name="[322] /home/travis/build/icyphy/ptII/ptolemy/actor/lib/test/auto/RunningMinimum.xml (RunModel)" time="0.009" />
  <testcase classname="ptolemy.util.test.junit.AutoTests" name="[323] /home/travis/build/icyphy/ptII/ptolemy/actor/lib/test/auto/Scale.xml (RunModel)" time="0.008" />
  <testcase classname="ptolemy.util.test.junit.AutoTests" name="[324] /home/travis/build/icyphy/ptII/ptolemy/actor/lib/test/auto/Scale2.xml (RunModel)" time="0.009" />
  <testcase classname="ptolemy.util.test.junit.AutoTests" name="[325] /home/travis/build/icyphy/ptII/ptolemy/actor/lib/test/auto/Scale3.xml (RunModel)" time="0.012" />
  <testcase classname="ptolemy.util.test.junit.AutoTests" name="[326] /home/travis/build/icyphy/ptII/ptolemy/actor/lib/test/auto/ScaleArray.xml (RunModel)" time="0.008" />
  <testcase classname="ptolemy.util.test.junit.AutoTests" name="[327] /home/travis/build/icyphy/ptII/ptolemy/actor/lib/test/auto/ScaleArray2.xml (RunModel)" time="0.008" />
  <testcase classname="ptolemy.util.test.junit.AutoTests" name="[328] /home/travis/build/icyphy/ptII/ptolemy/actor/lib/test/auto/ScaleMatrix.xml (RunModel)" time="0.105" />
  <testcase classname="ptolemy.util.test.junit.AutoTests" name="[329] /home/travis/build/icyphy/ptII/ptolemy/actor/lib/test/auto/Select.xml (RunModel)" time="0.012" />
  <testcase classname="ptolemy.util.test.junit.AutoTests" name="[330] /home/travis/build/icyphy/ptII/ptolemy/actor/lib/test/auto/Select2.xml (RunModel)" time="0.007" />
  <testcase classname="ptolemy.util.test.junit.AutoTests" name="[331] /home/travis/build/icyphy/ptII/ptolemy/actor/lib/test/auto/SequenceToArray2.xml (RunModel)" time="0.112" />
  <testcase classname="ptolemy.util.test.junit.AutoTests" name="[332] /home/travis/build/icyphy/ptII/ptolemy/actor/lib/test/auto/SequentialClock.xml (RunModel)" time="0.009" />
  <testcase classname="ptolemy.util.test.junit.AutoTests" name="[333] /home/travis/build/icyphy/ptII/ptolemy/actor/lib/test/auto/SetVariable.xml (RunModel)" time="0.015" />
  <testcase classname="ptolemy.util.test.junit.AutoTests" name="[334] /home/travis/build/icyphy/ptII/ptolemy/actor/lib/test/auto/SetVariable2.xml (RunModel)" time="0.018" />
  <testcase classname="ptolemy.util.test.junit.AutoTests" name="[335] /home/travis/build/icyphy/ptII/ptolemy/actor/lib/test/auto/SetVariable3.xml (RunModel)" time="0.022" />
  <testcase classname="ptolemy.util.test.junit.AutoTests" name="[336] /home/travis/build/icyphy/ptII/ptolemy/actor/lib/test/auto/SetVariable4.xml (RunModel)" time="0.031" />
  <testcase classname="ptolemy.util.test.junit.AutoTests" name="[337] /home/travis/build/icyphy/ptII/ptolemy/actor/lib/test/auto/SetVariable5.xml (RunModel)" time="0.037" />
  <testcase classname="ptolemy.util.test.junit.AutoTests" name="[338] /home/travis/build/icyphy/ptII/ptolemy/actor/lib/test/auto/Sinewave.xml (RunModel)" time="0.028" />
  <testcase classname="ptolemy.util.test.junit.AutoTests" name="[339] /home/travis/build/icyphy/ptII/ptolemy/actor/lib/test/auto/Sinewave2.xml (RunModel)" time="0.016" />
  <testcase classname="ptolemy.util.test.junit.AutoTests" name="[340] /home/travis/build/icyphy/ptII/ptolemy/actor/lib/test/auto/Sinewave3.xml (RunModel)" time="0.021" />
  <testcase classname="ptolemy.util.test.junit.AutoTests" name="[341] /home/travis/build/icyphy/ptII/ptolemy/actor/lib/test/auto/SingleEvent.xml (RunModel)" time="0.007" />
  <testcase classname="ptolemy.util.test.junit.AutoTests" name="[342] /home/travis/build/icyphy/ptII/ptolemy/actor/lib/test/auto/Sleep.xml (RunModel)" time="6.012" />
  <testcase classname="ptolemy.util.test.junit.AutoTests" name="[343] /home/travis/build/icyphy/ptII/ptolemy/actor/lib/test/auto/SleepMultipleFire.xml (RunModel)" time="1.018" />
  <testcase classname="ptolemy.util.test.junit.AutoTests" name="[344] /home/travis/build/icyphy/ptII/ptolemy/actor/lib/test/auto/StopDE.xml (RunModel)" time="0.02" />
  <testcase classname="ptolemy.util.test.junit.AutoTests" name="[345] /home/travis/build/icyphy/ptII/ptolemy/actor/lib/test/auto/StopSDF.xml (RunModel)" time="0.012" />
  <testcase classname="ptolemy.util.test.junit.AutoTests" name="[346] /home/travis/build/icyphy/ptII/ptolemy/actor/lib/test/auto/StringConstant.xml (RunModel)" time="0.009" />
  <testcase classname="ptolemy.util.test.junit.AutoTests" name="[347] /home/travis/build/icyphy/ptII/ptolemy/actor/lib/test/auto/SubscriberPortInitialValues1.xml (RunModel)" time="0.017" />
  <testcase classname="ptolemy.util.test.junit.AutoTests" name="[348] /home/travis/build/icyphy/ptII/ptolemy/actor/lib/test/auto/SubscriberPortInitialValues13.xml (RunModel)" time="0.023" />
  <testcase classname="ptolemy.util.test.junit.AutoTests" name="[349] /home/travis/build/icyphy/ptII/ptolemy/actor/lib/test/auto/SubscriberPortInitialValues14.xml (RunModel)" time="0.015" />
  <testcase classname="ptolemy.util.test.junit.AutoTests" name="[350] /home/travis/build/icyphy/ptII/ptolemy/actor/lib/test/auto/SubscriberPortInitialValues2.xml (RunModel)" time="0.016" />
  <testcase classname="ptolemy.util.test.junit.AutoTests" name="[351] /home/travis/build/icyphy/ptII/ptolemy/actor/lib/test/auto/SubscriberPortInitialValues3.xml (RunModel)" time="0.019" />
  <testcase classname="ptolemy.util.test.junit.AutoTests" name="[352] /home/travis/build/icyphy/ptII/ptolemy/actor/lib/test/auto/SubscriptionAggregator.xml (RunModel)" time="0.012" />
  <testcase classname="ptolemy.util.test.junit.AutoTests" name="[353] /home/travis/build/icyphy/ptII/ptolemy/actor/lib/test/auto/SubscriptionAggregator2.xml (RunModel)" time="0.012" />
  <testcase classname="ptolemy.util.test.junit.AutoTests" name="[354] /home/travis/build/icyphy/ptII/ptolemy/actor/lib/test/auto/SubscriptionAggregator3.xml (RunModel)" time="0.014" />
  <testcase classname="ptolemy.util.test.junit.AutoTests" name="[355] /home/travis/build/icyphy/ptII/ptolemy/actor/lib/test/auto/SubscriptionAggregatorMultiply.xml (RunModel)" time="0.014" />
  <testcase classname="ptolemy.util.test.junit.AutoTests" name="[356] /home/travis/build/icyphy/ptII/ptolemy/actor/lib/test/auto/SubscriptionAggregatorPortMultiply1.xml (RunModel)" time="0.013" />
  <testcase classname="ptolemy.util.test.junit.AutoTests" name="[357] /home/travis/build/icyphy/ptII/ptolemy/actor/lib/test/auto/Switch.xml (RunModel)" time="0.014" />
  <testcase classname="ptolemy.util.test.junit.AutoTests" name="[358] /home/travis/build/icyphy/ptII/ptolemy/actor/lib/test/auto/Switch2.xml (RunModel)" time="0.01" />
  <testcase classname="ptolemy.util.test.junit.AutoTests" name="[359] /home/travis/build/icyphy/ptII/ptolemy/actor/lib/test/auto/SwitchDE.xml (RunModel)" time="0.012" />
  <testcase classname="ptolemy.util.test.junit.AutoTests" name="[360] /home/travis/build/icyphy/ptII/ptolemy/actor/lib/test/auto/SynchronizerDE.xml (RunModel)" time="0.018" />
  <testcase classname="ptolemy.util.test.junit.AutoTests" name="[361] /home/travis/build/icyphy/ptII/ptolemy/actor/lib/test/auto/Test.xml (RunModel)" time="0.01" />
  <testcase classname="ptolemy.util.test.junit.AutoTests" name="[362] /home/travis/build/icyphy/ptII/ptolemy/actor/lib/test/auto/TestExceptionAttribute1.xml (RunModel)" time="0.007" />
  <testcase classname="ptolemy.util.test.junit.AutoTests" name="[363] /home/travis/build/icyphy/ptII/ptolemy/actor/lib/test/auto/TestExceptionAttribute2.xml (RunModel)" time="0.006" />
  <testcase classname="ptolemy.util.test.junit.AutoTests" name="[364] /home/travis/build/icyphy/ptII/ptolemy/actor/lib/test/auto/TestExceptionAttribute3.xml (RunModel)" time="0.006" />
  <testcase classname="ptolemy.util.test.junit.AutoTests" name="[365] /home/travis/build/icyphy/ptII/ptolemy/actor/lib/test/auto/TestExceptionAttribute4.xml (RunModel)" time="0.006" />
  <testcase classname="ptolemy.util.test.junit.AutoTests" name="[366] /home/travis/build/icyphy/ptII/ptolemy/actor/lib/test/auto/TestExceptionHandler1.xml (RunModel)" time="0.006" />
  <testcase classname="ptolemy.util.test.junit.AutoTests" name="[367] /home/travis/build/icyphy/ptII/ptolemy/actor/lib/test/auto/TestExceptionHandler2.xml (RunModel)" time="0.007" />
  <testcase classname="ptolemy.util.test.junit.AutoTests" name="[368] /home/travis/build/icyphy/ptII/ptolemy/actor/lib/test/auto/TestExceptionHandler3.xml (RunModel)" time="0.007" />
  <testcase classname="ptolemy.util.test.junit.AutoTests" name="[369] /home/travis/build/icyphy/ptII/ptolemy/actor/lib/test/auto/TestExceptionHandler4.xml (RunModel)" time="0.007" />
  <testcase classname="ptolemy.util.test.junit.AutoTests" name="[370] /home/travis/build/icyphy/ptII/ptolemy/actor/lib/test/auto/TestRequireCorrectOrder.xml (RunModel)" time="0.01" />
  <testcase classname="ptolemy.util.test.junit.AutoTests" name="[371] /home/travis/build/icyphy/ptII/ptolemy/actor/lib/test/auto/TestSimple.xml (RunModel)" time="0.007" />
  <testcase classname="ptolemy.util.test.junit.AutoTests" name="[372] /home/travis/build/icyphy/ptII/ptolemy/actor/lib/test/auto/ThrowModelError.xml (RunModel)" time="0.01" />
  <testcase classname="ptolemy.util.test.junit.AutoTests" name="[373] /home/travis/build/icyphy/ptII/ptolemy/actor/lib/test/auto/TimeDelayMicrosteps.xml (RunModel)" time="0.013" />
  <testcase classname="ptolemy.util.test.junit.AutoTests" name="[374] /home/travis/build/icyphy/ptII/ptolemy/actor/lib/test/auto/TimeDelayMicrosteps2.xml (RunModel)" time="0.014" />
  <testcase classname="ptolemy.util.test.junit.AutoTests" name="[375] /home/travis/build/icyphy/ptII/ptolemy/actor/lib/test/auto/TimeDelayMicrosteps3.xml (RunModel)" time="0.013" />
  <testcase classname="ptolemy.util.test.junit.AutoTests" name="[376] /home/travis/build/icyphy/ptII/ptolemy/actor/lib/test/auto/TimeDelayVariableMicrosteps.xml (RunModel)" time="0.011" />
  <testcase classname="ptolemy.util.test.junit.AutoTests" name="[377] /home/travis/build/icyphy/ptII/ptolemy/actor/lib/test/auto/TimeGap.xml (RunModel)" time="0.012" />
  <testcase classname="ptolemy.util.test.junit.AutoTests" name="[378] /home/travis/build/icyphy/ptII/ptolemy/actor/lib/test/auto/TimeGap2.xml (RunModel)" time="0.016" />
  <testcase classname="ptolemy.util.test.junit.AutoTests" name="[379] /home/travis/build/icyphy/ptII/ptolemy/actor/lib/test/auto/TimedSinewave.xml (RunModel)" time="0.038" />
  <testcase classname="ptolemy.util.test.junit.AutoTests" name="[380] /home/travis/build/icyphy/ptII/ptolemy/actor/lib/test/auto/TimedSinewavePhase.xml (RunModel)" time="0.023" />
  <testcase classname="ptolemy.util.test.junit.AutoTests" name="[381] /home/travis/build/icyphy/ptII/ptolemy/actor/lib/test/auto/Timer.xml (RunModel)" time="0.012" />
  <testcase classname="ptolemy.util.test.junit.AutoTests" name="[382] /home/travis/build/icyphy/ptII/ptolemy/actor/lib/test/auto/TriangularDistTestModel.xml (RunModel)" time="0.018" />
  <testcase classname="ptolemy.util.test.junit.AutoTests" name="[383] /home/travis/build/icyphy/ptII/ptolemy/actor/lib/test/auto/TrigFunction.xml (RunModel)" time="0.01" />
  <testcase classname="ptolemy.util.test.junit.AutoTests" name="[384] /home/travis/build/icyphy/ptII/ptolemy/actor/lib/test/auto/TrigFunctionDE.xml (RunModel)" time="0.012" />
  <testcase classname="ptolemy.util.test.junit.AutoTests" name="[385] /home/travis/build/icyphy/ptII/ptolemy/actor/lib/test/auto/TrigFunctionInverse.xml (RunModel)" time="0.01" />
  <testcase classname="ptolemy.util.test.junit.AutoTests" name="[386] /home/travis/build/icyphy/ptII/ptolemy/actor/lib/test/auto/TrigFunctionTan.xml (RunModel)" time="0.007" />
  <testcase classname="ptolemy.util.test.junit.AutoTests" name="[387] /home/travis/build/icyphy/ptII/ptolemy/actor/lib/test/auto/TriggeredClock.xml (RunModel)" time="0.009" />
  <testcase classname="ptolemy.util.test.junit.AutoTests" name="[388] /home/travis/build/icyphy/ptII/ptolemy/actor/lib/test/auto/URLDirectoryReader.xml (RunModel)" time="0.096" />
  <testcase classname="ptolemy.util.test.junit.AutoTests" name="[389] /home/travis/build/icyphy/ptII/ptolemy/actor/lib/test/auto/URLDirectoryReader3.xml (RunModel)" time="1.412" />
  <testcase classname="ptolemy.util.test.junit.AutoTests" name="[390] /home/travis/build/icyphy/ptII/ptolemy/actor/lib/test/auto/UnaryMathFunction.xml (RunModel)" time="0.055" />
  <testcase classname="ptolemy.util.test.junit.AutoTests" name="[391] /home/travis/build/icyphy/ptII/ptolemy/actor/lib/test/auto/Uniform.xml (RunModel)" time="0.058" />
  <testcase classname="ptolemy.util.test.junit.AutoTests" name="[392] /home/travis/build/icyphy/ptII/ptolemy/actor/lib/test/auto/UnionDisassemblerTest.xml (RunModel)" time="0.027" />
  <testcase classname="ptolemy.util.test.junit.AutoTests" name="[393] /home/travis/build/icyphy/ptII/ptolemy/actor/lib/test/auto/UtilityFunctions.xml (RunModel)" time="0.028" />
  <testcase classname="ptolemy.util.test.junit.AutoTests" name="[394] /home/travis/build/icyphy/ptII/ptolemy/actor/lib/test/auto/VariableSleep.xml (RunModel)" time="0.532" />
  <testcase classname="ptolemy.util.test.junit.AutoTests" name="[395] /home/travis/build/icyphy/ptII/ptolemy/actor/lib/test/auto/VectorAssemblerDisassemblerCT.xml (RunModel)" time="0.139" />
  <testcase classname="ptolemy.util.test.junit.AutoTests" name="[396] /home/travis/build/icyphy/ptII/ptolemy/actor/lib/test/auto/VectorAssemblerDisassemblerDE.xml (RunModel)" time="0.016" />
  <testcase classname="ptolemy.util.test.junit.AutoTests" name="[397] /home/travis/build/icyphy/ptII/ptolemy/actor/lib/test/auto/VectorAssemblerDisassemblerSDF.xml (RunModel)" time="0.013" />
  <testcase classname="ptolemy.util.test.junit.AutoTests" name="[398] /home/travis/build/icyphy/ptII/ptolemy/actor/lib/test/auto/WallClockTime.xml (RunModel)" time="1.017" />
  <testcase classname="ptolemy.util.test.junit.AutoTests" name="[399] /home/travis/build/icyphy/ptII/ptolemy/actor/lib/test/auto/WidthTestWithSubscriberPublisher.xml (RunModel)" time="0.063" />
  <testcase classname="ptolemy.util.test.junit.AutoTests" name="[400] /home/travis/build/icyphy/ptII/ptolemy/actor/lib/test/auto/WidthTestWithSubscriberPublisher2.xml (RunModel)" time="0.018" />
  <testcase classname="ptolemy.util.test.junit.AutoTests" name="[401] /home/travis/build/icyphy/ptII/ptolemy/actor/lib/test/auto/WidthTestWithSubscriberPublisher3.xml (RunModel)" time="0.028" />
  <testcase classname="ptolemy.util.test.junit.AutoTests" name="[402] /home/travis/build/icyphy/ptII/ptolemy/actor/lib/test/auto/Writer.xml (RunModel)" time="0.009" />
  <testcase classname="ptolemy.util.test.junit.AutoTests" name="[403] /home/travis/build/icyphy/ptII/ptolemy/actor/lib/test/auto/array.xml (RunModel)" time="0.011" />
  <testcase classname="ptolemy.util.test.junit.AutoTests" name="[404] /home/travis/build/icyphy/ptII/ptolemy/actor/lib/test/auto/array2.xml (RunModel)" time="0.018" />
  <testcase classname="ptolemy.util.test.junit.AutoTests" name="[405] /home/travis/build/icyphy/ptII/ptolemy/actor/lib/test/auto/arrayType.xml (RunModel)" time="0.013" />
  <testcase classname="ptolemy.util.test.junit.AutoTests" name="[406] /home/travis/build/icyphy/ptII/ptolemy/actor/lib/test/auto/arrayType10.xml (RunModel)" time="0.011" />
  <testcase classname="ptolemy.util.test.junit.AutoTests" name="[407] /home/travis/build/icyphy/ptII/ptolemy/actor/lib/test/auto/arrayType11.xml (RunModel)" time="0.011" />
  <testcase classname="ptolemy.util.test.junit.AutoTests" name="[408] /home/travis/build/icyphy/ptII/ptolemy/actor/lib/test/auto/arrayType12.xml (RunModel)" time="0.029" />
  <testcase classname="ptolemy.util.test.junit.AutoTests" name="[409] /home/travis/build/icyphy/ptII/ptolemy/actor/lib/test/auto/arrayType13.xml (RunModel)" time="0.016" />
  <testcase classname="ptolemy.util.test.junit.AutoTests" name="[410] /home/travis/build/icyphy/ptII/ptolemy/actor/lib/test/auto/arrayType14.xml (RunModel)" time="0.016" />
  <testcase classname="ptolemy.util.test.junit.AutoTests" name="[411] /home/travis/build/icyphy/ptII/ptolemy/actor/lib/test/auto/arrayType15.xml (RunModel)" time="0.009" />
  <testcase classname="ptolemy.util.test.junit.AutoTests" name="[412] /home/travis/build/icyphy/ptII/ptolemy/actor/lib/test/auto/arrayType16.xml (RunModel)" time="0.009" />
  <testcase classname="ptolemy.util.test.junit.AutoTests" name="[413] /home/travis/build/icyphy/ptII/ptolemy/actor/lib/test/auto/arrayType17.xml (RunModel)" time="0.009" />
  <testcase classname="ptolemy.util.test.junit.AutoTests" name="[414] /home/travis/build/icyphy/ptII/ptolemy/actor/lib/test/auto/arrayType18.xml (RunModel)" time="0.012" />
  <testcase classname="ptolemy.util.test.junit.AutoTests" name="[415] /home/travis/build/icyphy/ptII/ptolemy/actor/lib/test/auto/arrayType19.xml (RunModel)" time="0.009" />
  <testcase classname="ptolemy.util.test.junit.AutoTests" name="[416] /home/travis/build/icyphy/ptII/ptolemy/actor/lib/test/auto/arrayType2.xml (RunModel)" time="0.012" />
  <testcase classname="ptolemy.util.test.junit.AutoTests" name="[417] /home/travis/build/icyphy/ptII/ptolemy/actor/lib/test/auto/arrayType20.xml (RunModel)" time="0.01" />
  <testcase classname="ptolemy.util.test.junit.AutoTests" name="[418] /home/travis/build/icyphy/ptII/ptolemy/actor/lib/test/auto/arrayType21.xml (RunModel)" time="0.011" />
  <testcase classname="ptolemy.util.test.junit.AutoTests" name="[419] /home/travis/build/icyphy/ptII/ptolemy/actor/lib/test/auto/arrayType22.xml (RunModel)" time="0.009" />
  <testcase classname="ptolemy.util.test.junit.AutoTests" name="[420] /home/travis/build/icyphy/ptII/ptolemy/actor/lib/test/auto/arrayType23.xml (RunModel)" time="0.009" />
  <testcase classname="ptolemy.util.test.junit.AutoTests" name="[421] /home/travis/build/icyphy/ptII/ptolemy/actor/lib/test/auto/arrayType24.xml (RunModel)" time="0.01" />
  <testcase classname="ptolemy.util.test.junit.AutoTests" name="[422] /home/travis/build/icyphy/ptII/ptolemy/actor/lib/test/auto/arrayType25.xml (RunModel)" time="0.009" />
  <testcase classname="ptolemy.util.test.junit.AutoTests" name="[423] /home/travis/build/icyphy/ptII/ptolemy/actor/lib/test/auto/arrayType26.xml (RunModel)" time="0.01" />
  <testcase classname="ptolemy.util.test.junit.AutoTests" name="[424] /home/travis/build/icyphy/ptII/ptolemy/actor/lib/test/auto/arrayType27.xml (RunModel)" time="0.01" />
  <testcase classname="ptolemy.util.test.junit.AutoTests" name="[425] /home/travis/build/icyphy/ptII/ptolemy/actor/lib/test/auto/arrayType28.xml (RunModel)" time="0.01" />
  <testcase classname="ptolemy.util.test.junit.AutoTests" name="[426] /home/travis/build/icyphy/ptII/ptolemy/actor/lib/test/auto/arrayType3.xml (RunModel)" time="0.012" />
  <testcase classname="ptolemy.util.test.junit.AutoTests" name="[427] /home/travis/build/icyphy/ptII/ptolemy/actor/lib/test/auto/arrayType4.xml (RunModel)" time="0.009" />
  <testcase classname="ptolemy.util.test.junit.AutoTests" name="[428] /home/travis/build/icyphy/ptII/ptolemy/actor/lib/test/auto/arrayType5.xml (RunModel)" time="0.009" />
  <testcase classname="ptolemy.util.test.junit.AutoTests" name="[429] /home/travis/build/icyphy/ptII/ptolemy/actor/lib/test/auto/arrayType6.xml (RunModel)" time="0.025" />
  <testcase classname="ptolemy.util.test.junit.AutoTests" name="[430] /home/travis/build/icyphy/ptII/ptolemy/actor/lib/test/auto/arrayType7.xml (RunModel)" time="0.011" />
  <testcase classname="ptolemy.util.test.junit.AutoTests" name="[431] /home/travis/build/icyphy/ptII/ptolemy/actor/lib/test/auto/arrayType8.xml (RunModel)" time="0.012" />
  <testcase classname="ptolemy.util.test.junit.AutoTests" name="[432] /home/travis/build/icyphy/ptII/ptolemy/actor/lib/test/auto/arrayType9.xml (RunModel)" time="0.01" />
  <testcase classname="ptolemy.util.test.junit.AutoTests" name="[433] /home/travis/build/icyphy/ptII/ptolemy/actor/lib/test/auto/cast.xml (RunModel)" time="0.009" />
  <testcase classname="ptolemy.util.test.junit.AutoTests" name="[434] /home/travis/build/icyphy/ptII/ptolemy/actor/lib/test/auto/compositeMultiPort.xml (RunModel)" time="0.017" />
  <testcase classname="ptolemy.util.test.junit.AutoTests" name="[435] /home/travis/build/icyphy/ptII/ptolemy/actor/lib/test/auto/expressionCastInference.xml (RunModel)" time="0.008" />
  <testcase classname="ptolemy.util.test.junit.AutoTests" name="[436] /home/travis/build/icyphy/ptII/ptolemy/actor/lib/test/auto/expressionCastInference2.xml (RunModel)" time="0.008" />
  <testcase classname="ptolemy.util.test.junit.AutoTests" name="[437] /home/travis/build/icyphy/ptII/ptolemy/actor/lib/test/auto/expressionInference.xml (RunModel)" time="0.007" />
  <testcase classname="ptolemy.util.test.junit.AutoTests" name="[438] /home/travis/build/icyphy/ptII/ptolemy/actor/lib/test/auto/expression_bug.xml (RunModel)" time="0.008" />
  <testcase classname="ptolemy.util.test.junit.AutoTests" name="[439] /home/travis/build/icyphy/ptII/ptolemy/actor/lib/test/auto/factorial.xml (RunModel)" time="0.049" />
  <testcase classname="ptolemy.util.test.junit.AutoTests" name="[440] /home/travis/build/icyphy/ptII/ptolemy/actor/lib/test/auto/filterTest1.xml (RunModel)" time="0.012" />
  <testcase classname="ptolemy.util.test.junit.AutoTests" name="[441] /home/travis/build/icyphy/ptII/ptolemy/actor/lib/test/auto/funcApplyInConst.xml (RunModel)" time="0.005" />
  <testcase classname="ptolemy.util.test.junit.AutoTests" name="[442] /home/travis/build/icyphy/ptII/ptolemy/actor/lib/test/auto/funcApplyInExpr.xml (RunModel)" time="0.011" />
  <testcase classname="ptolemy.util.test.junit.AutoTests" name="[443] /home/travis/build/icyphy/ptII/ptolemy/actor/lib/test/auto/function.xml (RunModel)" time="0.01" />
  <testcase classname="ptolemy.util.test.junit.AutoTests" name="[444] /home/travis/build/icyphy/ptII/ptolemy/actor/lib/test/auto/function2.xml (RunModel)" time="0.01" />
  <testcase classname="ptolemy.util.test.junit.AutoTests" name="[445] /home/travis/build/icyphy/ptII/ptolemy/actor/lib/test/auto/function3.xml (RunModel)" time="0.007" />
  <testcase classname="ptolemy.util.test.junit.AutoTests" name="[446] /home/travis/build/icyphy/ptII/ptolemy/actor/lib/test/auto/functionClosureTest1.xml (RunModel)" time="0.011" />
  <testcase classname="ptolemy.util.test.junit.AutoTests" name="[447] /home/travis/build/icyphy/ptII/ptolemy/actor/lib/test/auto/functionClosureTest2.xml (RunModel)" time="0.007" />
  <testcase classname="ptolemy.util.test.junit.AutoTests" name="[448] /home/travis/build/icyphy/ptII/ptolemy/actor/lib/test/auto/functionClosureTest3.xml (RunModel)" time="0.01" />
  <testcase classname="ptolemy.util.test.junit.AutoTests" name="[449] /home/travis/build/icyphy/ptII/ptolemy/actor/lib/test/auto/functionClosureTest4.xml (RunModel)" time="0.017" />
  <testcase classname="ptolemy.util.test.junit.AutoTests" name="[450] /home/travis/build/icyphy/ptII/ptolemy/actor/lib/test/auto/functionClosureTest5.xml (RunModel)" time="0.012" />
  <testcase classname="ptolemy.util.test.junit.AutoTests" name="[451] /home/travis/build/icyphy/ptII/ptolemy/actor/lib/test/auto/functionClosureTest6.xml (RunModel)" time="0.01" />
  <testcase classname="ptolemy.util.test.junit.AutoTests" name="[452] /home/travis/build/icyphy/ptII/ptolemy/actor/lib/test/auto/functionsOnArcs.xml (RunModel)" time="0.011" />
  <testcase classname="ptolemy.util.test.junit.AutoTests" name="[453] /home/travis/build/icyphy/ptII/ptolemy/actor/lib/test/auto/functionsOnArcsHOF.xml (RunModel)" time="0.015" />
  <testcase classname="ptolemy.util.test.junit.AutoTests" name="[454] /home/travis/build/icyphy/ptII/ptolemy/actor/lib/test/auto/logic.xml (RunModel)" time="0.016" />
  <testcase classname="ptolemy.util.test.junit.AutoTests" name="[455] /home/travis/build/icyphy/ptII/ptolemy/actor/lib/test/auto/matrixType.xml (RunModel)" time="0.009" />
  <testcase classname="ptolemy.util.test.junit.AutoTests" name="[456] /home/travis/build/icyphy/ptII/ptolemy/actor/lib/test/auto/matrixType10.xml (RunModel)" time="0.013" />
  <testcase classname="ptolemy.util.test.junit.AutoTests" name="[457] /home/travis/build/icyphy/ptII/ptolemy/actor/lib/test/auto/matrixType11.xml (RunModel)" time="0.008" />
  <testcase classname="ptolemy.util.test.junit.AutoTests" name="[458] /home/travis/build/icyphy/ptII/ptolemy/actor/lib/test/auto/matrixType12.xml (RunModel)" time="0.01" />
  <testcase classname="ptolemy.util.test.junit.AutoTests" name="[459] /home/travis/build/icyphy/ptII/ptolemy/actor/lib/test/auto/matrixType13.xml (RunModel)" time="0.009" />
  <testcase classname="ptolemy.util.test.junit.AutoTests" name="[460] /home/travis/build/icyphy/ptII/ptolemy/actor/lib/test/auto/matrixType14.xml (RunModel)" time="0.009" />
  <testcase classname="ptolemy.util.test.junit.AutoTests" name="[461] /home/travis/build/icyphy/ptII/ptolemy/actor/lib/test/auto/matrixType2.xml (RunModel)" time="0.008" />
  <testcase classname="ptolemy.util.test.junit.AutoTests" name="[462] /home/travis/build/icyphy/ptII/ptolemy/actor/lib/test/auto/matrixType3.xml (RunModel)" time="0.011" />
  <testcase classname="ptolemy.util.test.junit.AutoTests" name="[463] /home/travis/build/icyphy/ptII/ptolemy/actor/lib/test/auto/matrixType4.xml (RunModel)" time="0.008" />
  <testcase classname="ptolemy.util.test.junit.AutoTests" name="[464] /home/travis/build/icyphy/ptII/ptolemy/actor/lib/test/auto/matrixType5.xml (RunModel)" time="0.008" />
  <testcase classname="ptolemy.util.test.junit.AutoTests" name="[465] /home/travis/build/icyphy/ptII/ptolemy/actor/lib/test/auto/matrixType6.xml (RunModel)" time="0.008" />
  <testcase classname="ptolemy.util.test.junit.AutoTests" name="[466] /home/travis/build/icyphy/ptII/ptolemy/actor/lib/test/auto/matrixType7.xml (RunModel)" time="0.007" />
  <testcase classname="ptolemy.util.test.junit.AutoTests" name="[467] /home/travis/build/icyphy/ptII/ptolemy/actor/lib/test/auto/matrixType8.xml (RunModel)" time="0.008" />
  <testcase classname="ptolemy.util.test.junit.AutoTests" name="[468] /home/travis/build/icyphy/ptII/ptolemy/actor/lib/test/auto/matrixType9.xml (RunModel)" time="0.007" />
  <testcase classname="ptolemy.util.test.junit.AutoTests" name="[469] /home/travis/build/icyphy/ptII/ptolemy/actor/lib/test/auto/paraFunctest.xml (RunModel)" time="0.006" />
  <testcase classname="ptolemy.util.test.junit.AutoTests" name="[470] /home/travis/build/icyphy/ptII/ptolemy/actor/lib/test/auto/paraFunctest2.xml (RunModel)" time="0.012" />
  <testcase classname="ptolemy.util.test.junit.AutoTests" name="[471] /home/travis/build/icyphy/ptII/ptolemy/actor/lib/test/auto/parameterPassing.xml (RunModel)" time="0.015" />
  <testcase classname="ptolemy.util.test.junit.AutoTests" name="[472] /home/travis/build/icyphy/ptII/ptolemy/actor/lib/test/auto/record.xml (RunModel)" time="0.009" />
  <testcase classname="ptolemy.util.test.junit.AutoTests" name="[473] /home/travis/build/icyphy/ptII/ptolemy/actor/lib/test/auto/sizedarray1.xml (RunModel)" time="0.01" />
  <testcase classname="ptolemy.util.test.junit.AutoTests" name="[474] /home/travis/build/icyphy/ptII/ptolemy/actor/lib/test/auto/sizedarray2.xml (RunModel)" time="0.01" />
  <testcase classname="ptolemy.util.test.junit.AutoTests" name="[475] /home/travis/build/icyphy/ptII/ptolemy/actor/lib/test/auto/twoPublishers.xml (RunModel)" time="0.019" />
  <system-out><![CDATA[/home/travis/build/icyphy/ptII/ptolemy/actor/lib/test/AbsoluteValue.tcl
testDefs.tcl: setting time out to 9000 seconds at Wed Dec 26 03:05:34 UTC 2018
74 ms. Memory: 116224K Free: 106709K (92%)
4 ms. Memory: 116224K Free: 105512K (91%)
3 ms. Memory: 116224K Free: 104916K (90%)
11 ms. Memory: 116224K Free: 103727K (89%)
/home/travis/build/icyphy/ptII/ptolemy/actor/lib/test/AddSubtract.tcl
18 ms. Memory: 116224K Free: 101925K (88%)
7 ms. Memory: 116224K Free: 100712K (87%)
4 ms. Memory: 116224K Free: 100117K (86%)
17 ms. Memory: 116224K Free: 99522K (86%)
10 ms. Memory: 116224K Free: 98912K (85%)
9 ms. Memory: 116224K Free: 97714K (84%)
/home/travis/build/icyphy/ptII/ptolemy/actor/lib/test/Average.tcl
6 ms. Memory: 116224K Free: 96485K (83%)
15 ms. Memory: 116224K Free: 95263K (82%)
/home/travis/build/icyphy/ptII/ptolemy/actor/lib/test/Bernoulli.tcl
4 ms. Memory: 116224K Free: 93479K (80%)
5 ms. Memory: 116224K Free: 92860K (80%)
/home/travis/build/icyphy/ptII/ptolemy/actor/lib/test/Clock.tcl
preinitializing
resolving types
initializing
executing number 1
wrapping up
idle
15 ms. Memory: 116224K Free: 90434K (78%)
Completed execution with 5 iterations
preinitializing
resolving types
initializing
executing number 1
wrapping up
idle
5 ms. Memory: 116224K Free: 89832K (77%)
Completed execution with 5 iterations
preinitializing
resolving types
initializing
executing number 1
wrapping up
idle
3 ms. Memory: 116224K Free: 88614K (76%)
Completed execution with 5 iterations
/home/travis/build/icyphy/ptII/ptolemy/actor/lib/test/Commutator.tcl
5 ms. Memory: 116224K Free: 86788K (75%)
5 ms. Memory: 116224K Free: 85582K (74%)
7 ms. Memory: 116224K Free: 81278K (70%)
/home/travis/build/icyphy/ptII/ptolemy/actor/lib/test/Const.tcl
8 ms. Memory: 116224K Free: 109465K (94%)
2 ms. Memory: 116224K Free: 108865K (94%)
2 ms. Memory: 116224K Free: 108249K (93%)
1 ms. Memory: 116224K Free: 107649K (93%)
2 ms. Memory: 116224K Free: 107017K (92%)
10 ms. Memory: 116224K Free: 105217K (91%)
3 ms. Memory: 116224K Free: 104601K (90%)
2 ms. Memory: 116224K Free: 103401K (89%)
/home/travis/build/icyphy/ptII/ptolemy/actor/lib/test/CurrentTime.tcl
preinitializing
resolving types
initializing
executing number 1
wrapping up
idle
6 ms. Memory: 116224K Free: 101585K (87%)
Completed execution with 11 iterations
/home/travis/build/icyphy/ptII/ptolemy/actor/lib/test/DB.tcl
4 ms. Memory: 116224K Free: 99769K (86%)
2 ms. Memory: 116224K Free: 99169K (85%)
1 ms. Memory: 116224K Free: 98569K (85%)
/home/travis/build/icyphy/ptII/ptolemy/actor/lib/test/DiscreteRandomSource.tcl
preinitializing
resolving types
initializing
executing number 1
wrapping up
idle
3 ms. Memory: 116224K Free: 97369K (84%)
Completed execution with 4 iterations
preinitializing
resolving types
initializing
executing number 1
wrapping up
idle
1 ms. Memory: 116224K Free: 96769K (83%)
Completed execution with 4 iterations
preinitializing
resolving types
initializing
executing number 1
wrapping up
idle
2 ms. Memory: 116224K Free: 96168K (83%)
Completed execution with 4 iterations
preinitializing
resolving types
initializing
executing number 1
wrapping up
idle
2 ms. Memory: 116224K Free: 95552K (82%)
Completed execution with 4 iterations
preinitializing
resolving types
initializing
executing number 1
wrapping up
idle
3 ms. Memory: 116224K Free: 95552K (82%)
Completed execution with 4 iterations
/home/travis/build/icyphy/ptII/ptolemy/actor/lib/test/Distributor.tcl
4 ms. Memory: 116224K Free: 93736K (81%)
5 ms. Memory: 116224K Free: 93136K (80%)
StreamChangeRequest.changeExecuted(): <deleteEntity name="rec2"/> succeeded
StreamChangeRequest.changeExecuted(): <deleteRelation name="r2"/> succeeded
StreamChangeRequest.changeExecuted(): Record firings per iteration succeeded
4 ms. Memory: 116224K Free: 90736K (78%)
/home/travis/build/icyphy/ptII/ptolemy/actor/lib/test/Exit.tcl
Exit.tcl: this will print a message about Manager.exitAfterWrapup, which can be ignored.
5 ms. Memory: 116224K Free: 87089K (75%)
/home/travis/build/icyphy/ptII/ptolemy/actor/lib/test/Expression.tcl
5 ms. Memory: 116224K Free: 84675K (73%)
6 ms. Memory: 116224K Free: 84075K (72%)
4 ms. Memory: 116224K Free: 83475K (72%)
preinitializing
resolving types
initializing
executing number 1
wrapping up
idle
6 ms. Memory: 116224K Free: 81643K (70%)
Completed execution with 6 iterations
13 ms. Memory: 116224K Free: 110729K (95%)
2 ms. Memory: 116224K Free: 110137K (95%)
13 ms. Memory: 116224K Free: 108952K (94%)
11 ms. Memory: 116224K Free: 107605K (93%)
3 ms. Memory: 116224K Free: 106405K (92%)
/home/travis/build/icyphy/ptII/ptolemy/actor/lib/test/Gaussian.tcl
13 ms. Memory: 116224K Free: 104611K (90%)
sleeping 1 seconds: ....................................................................................................................................................................................................................................................................................................................................................................................................................................................................................................................................................................................................................................................................................................................................................................................................................................................................................................................................................................................................................................................................................................................................................................................................................................................................................................................................................................................................................................................................................................................................................................................................................................................................................................................................................................................................................................................................................................................................................................................................................................................................................................................................................................................................................................................................................................................................................................................................................................................................................................................................................................................................................................................................................................................................................................................................................................................................................................................................................................................................................................................................................................................................................................................................................................................................................................................................................................................................................................................................................................................................................................................................................................................................................................................................................................................................................................................................................................................................................................................................................................................................................................................................................................................................................................................................................................................................................................................................................................................................................................................................................................................................................................................................................................................................................................................................................................................................................................................................................................................................................................................................................................................................................................................................................................................................................................................................................................................................................................................................................................................................................................................................................................................................................................................................................................................................................................................................................................................................................................................................................................................................................................................................................................................................................................................................................................................................................................................................................................................................................................................................................................................................................................................................................................................................................................................................................................................................................................................................................................................................................................................................................................................................................................................................................................................................................................................................................................................................................................................................................................................................................................................................................................................................................................................................................................................................................................................................................................................................................................................................................................................................................................................................................................................................................................................................................................................................................................................................................................................................................................................................................................................................................................................................................................................................................................................................................................................................................................................................................................................................................................................................................................................................................................................................................................................................................................................................................................................................................................................................................................................................................................................................................................................................................................................................................................................................................................................................................................................................................................................................................................................................................................................................................................................................................................................................................................................................................................................................................................................................................................................................................................................................................................................................................................................................................................................................................................................................................................................................................................................................................................................................................................................................................................................................................................................................................................................................................................................................................................................................................................................................................................................................................................................................................................................................................................................................................................................................................................................................................................................................................................................................................................................................................................................................................................................................................................................................................................................................................................................................................................................................................................................................................................................................................................................................................................................................................................................................................................................................................................................................................................................................................................................................................................................................................................................................................................................................................................................................................................................................................................................................................................................................................................................................................................................................................................................................................................................................................................................................................................................................................................................................................................................................................................................................................................................................................................................................................................................................................................................................................................................................................................................................................................................................................................................................................................................................................................................................................................................................................................................................................................................................................................................................................................................................................................................................................................................................................................................................................................................................................................................................................................................................................................................................................................................................................................................................................................................................................................................................................................................................................................................................................................................................................................................................................................................................................................................................................................................................................................................................................................................................................................................................................................................................................................................................................................................................................................................................................................................................................................................................................................................................................................................................................................................................................................................................................................................................................................................................................................................................................................................................................................................................................................................................................................................................................................................................................................................................................................................................................................................................................................................................................................................................................................................................................................................................................................................................................................................................................................................................................................................................................................................................................................................................................................................................................................................................................................................................................................................................................................................................................................................................................................................................................................................................................................................................................................................................................................................................................................................................................................................................................................................................................................................................................................................................................................................................................................................................................................................................................................................................................................................................................................................................................................................................................................................................................................................................................................................................................................................................................................................................................................................................................................................................................................................................................................................................................................................................................................................................................................................................................................................................................................................................................................................................................................................................................................................................................................................................................................................................................................................................................................................................................................................................................................................................................................................................................................................................................................................................................................................................................................................................................................................................................................................................................................................................................................................................................................................................................................................................................................................................................................................................................................................................................................................................................................................................................................................................................................................................................................................................................................................................................................................................................................................................................................................................................................................................................................................................................................................................................................................................................................................................................................................................................................................................................................................................................................................................................................................................................................................................................................................................................................................................................................................................................................................................................................................................................................................................................................................................................................................................................................................................................................................................................................................................................................................................................................................................................................................................................................................................................................................................................................................................................................................................................................................................................................................................................................................................................................................................................................................................................................................................................................................................................................................................................................................................................................................................................................................................................................................................................................................................................................................................................................................................................................................................................................................................................................................................................................................................................................................................................................................................................................................................................................................................................................................................................................................................................................................................................................................................................................................................................................................................................................................................................................................................................................................................................................................................................................................................................................................................................................................................................................................................................................................................................................................................................................................................................................................................................................................................................................................................................................................................................................................................................................................................................................................................................................................................................................................................................................................................................................................................................................................................................................................................................................................................................................................................................................................................................................................................................................................................................................................................................................................................................................................................................................................................................................................................................................................................................................................................................................................................................................................................................................................................................................................................................................................................................................................................................................................................................................................................................................................................................................................................................................................................................................................................................................................................................................................................................................................................................................................................................................................................................................................................................................................................................................................................................................................................................................................................................................................................................................................................................................................................................................................................................................................................................................................................................................................................................................................................................................................................................................................................................................................................................................................................................................................................................................................................................................................................................................................................................................................................................................................................................................................................................................................................................................................................................................................................................................................................................................................................................................................................................................................................................................................................................................................................................................................................................................................................................................................................................................................................................................................................................................................................................................................................................................................................................................................................................................................................................................................................................................................................................................................................................................................................................................................................................................................................................................................................................................................................................................................................................................................................................................................................................................................................................................................................................................................................................................................................................................................................................................................................................................................................................................................................................................................................................................................................................................................................................................................................................................................................................................................................................................................................................................................................................................................................................................................................................................................................................................................................................................................................................................................................................................................................................................................................................................................................................................................................................................................................................................................................................................................................................................................................................................................................................................................................................................................................................................................................................................................................................................................................................................................................................................................................................................................................................................................................................................................................................................................................................................................................................................................................................................................................................................................................................................................................................................................................................................................................................................................................................................................................................................................................................................................................................................................................................................................................................................................................................................................................................................................................................................................................................................................................................................................................................................................................................................................................................................................................................................................................................................................................................................................................................................................................................................................................................................................................................................................................................................................................................................................................................................................................................................................................................................................................................................................................................................................................................................................................................................................................................................................................................................................................................................................................................................................................................................................................................................................................................................................................................................................................................................................................................................................................................................................................................................................................................................................................................................................................................................................................................................................................................................................................................................................................................................................................................................................................................................................................................................................................................................................................................................................................................................................................................................................................................................................................................................................................................................................................................................................................................................................................................................................................................................................................................................................................................................................................................................................................................................................................................................................................................................................................................................................................................................................................................................................................................................................................................................................................................................................................................................................................................................................................................................................................................................................................................................................................................................................................................................................................................................................................................................................................................................................................................................................................................................................................................................................................................................................................................................................................................................................................................................................................................................................................................................................................................................................................................................................................................................................................................................................................................................................................................................................................................................................................................................................................................................................................................................................................................................................................................................................................................................................................................................................................................................................................................................................................................................................................................................................................................................................................................................................................................................................................................................................................................................................................................................................................................................................................................................................................................................................................................................................................................................................................................................................................................................................................................................................................................................................................................................................................................................................................................................................................................................................................................................................................................................................................................................................................................................................................................................................................................................................................................................................................................................................................................................................................................................................................................................................................................................................................................................................................................................................................................................................................................................................................................................................................................................................................................................................................................................................................................................................................................................................................................................................................................................................................................................................................................................................................................................................................................................................................................................................................................................................................................................................................................................................................................................................................................................................................................................................................................................................................................................................................................................................................................................................................................................................................................................................................................................................................................................................................................................................................................................................................................................................................................................................................................................................................................................................................................................................................................................................................................................................................................................................................................................................................................................................................................................................................................................................................................................................................................................................................................................................................................................................................................................................................................................................................................................................................................................................................................................................................................................................................................................................................................................................................................................................................................................................................................................................................................................................................................................................................................................................................................................................................................................................................................................................................................................................................................................................................................................................................................................................................................................................................................................................................................................................................................................................................................................................................................................................................................................................................................................................................................................................................................................................................................................................................................................................................................................................................................................................................................................................................................................................................................................................................................................................................................................................................................................................................................................................................................................................................................................................................................................................................................................................................................................................................................................................................................................................................................................................................................................................................................................................................................................................................................................................................................................................................................................................................................................................................................................................................................................................................................................................................................................................................................................................................................................................................................................................................................................................................................................................................................................................................................................................................................................................................................................................................................................................................................................................................................................................................................................................................................................................................................................................................................................................................................................................................................................................................................................................................................................................................................................................................................................................................................................................................................................................................................................................................................................................................................................................................................................................................................................................................................................................................................................................................................................................................................................................................................................................................................................................................................................................................................................................................................................................................................................................................................................................................................................................................................................................................................................................................................................................................................................................................................................................................................................................................................................................................................................................................................................................................................................................................................................................................................................................................................................................................................................................................................................................................................................................................................................................................................................................................................................................................................................................................................................................................................................................................................................................................................................................................................................................................................................................................................................................................................................................................................................................................................................................................................................................................................................................................................................................................................................................................................................................................................................................................................................................................................................................................................................................................................................................................................................................................................................................................................................................................................................................................................................................................................................................................................................................................................................................................................................................................................................................................................................................................................................................................................................................................................................................................................................................................................................................................................................................................................................................................................................................................................................................................................................................................................................................................................................................................................................................................................................................................................................................................................................................................................................................................................................................................................................................................................................................................................................................................................................................................................................................................................................................................................................................................................................................................................................................................................................................................................................................................................................................................................................................................................................................................................................................................................................................................................................................................................................................................................................................................................................................................................................................................................................................................................................................................................................................................................................................................................................................................................................................................................................................................................................................................................................................................................................................................................................................................................................................................................................................................................................................................................................................................................................................................................................................................................................................................................................................................................................................................................................................................................................................................................................................................................................................................................................................................................................................................................................................................................................................................................................................................................................................................................................................................................................................................................................................................................................................................................................................................................................................................................................................................................................................................................................................................................................................................................................................................................................................................................................................................................................................................................................................................................................................................................................................................................................................................................................................................................................................................................................................................................................................................................................................................................................................................................................................................................................................................................................................................................................................................................................................................................................................................................................................................................................................................................................................................................................................................................................................................................................................................................................................................................................................................................................................................................................................................................................................................................................................................................................................................................................................................................................................................................................................................................................................................................................................................................................................................................................................................................................................................................................................................................................................................................................................................................................................................................................................................................................................................................................................................................................................................................................................................................................................................................................................................................................................................................................................................................................................................................................................................................................................................................................................................................................................................................................................................................................................................................................................................................................................................................................................................................................................................................................................................................................................................................................................................................................................................................................................................................................................................................................................................................................................................................................................................................................................................................................................................................................................................................................................................................................................................................................................................................................................................................................................................................................................................................................................................................................................................................................................................................................................................................................................................................................................5 ms. Memory: 208896K Free: 182991K (88%)
3 ms. Memory: 208896K Free: 182991K (88%)
2 ms. Memory: 208896K Free: 182771K (87%)
6 ms. Memory: 208896K Free: 182771K (87%)
2 ms. Memory: 208896K Free: 180332K (86%)
/home/travis/build/icyphy/ptII/ptolemy/actor/lib/test/IIR.tcl
/home/travis/build/icyphy/ptII/ptolemy/actor/lib/test/Interpolator.tcl
4 ms. Memory: 208896K Free: 177892K (85%)
1 ms. Memory: 208896K Free: 177892K (85%)
1 ms. Memory: 208896K Free: 175453K (84%)
2 ms. Memory: 208896K Free: 175453K (84%)
2 ms. Memory: 208896K Free: 175453K (84%)
1 ms. Memory: 208896K Free: 173013K (83%)
6 ms. Memory: 208896K Free: 173013K (83%)
2 ms. Memory: 208896K Free: 173013K (83%)
3 ms. Memory: 208896K Free: 170574K (82%)
2 ms. Memory: 208896K Free: 170574K (82%)
/home/travis/build/icyphy/ptII/ptolemy/actor/lib/test/MathFunction.tcl
4 ms. Memory: 208896K Free: 168134K (80%)
2 ms. Memory: 208896K Free: 168134K (80%)
2 ms. Memory: 208896K Free: 165690K (79%)
1 ms. Memory: 208896K Free: 165690K (79%)
4 ms. Memory: 208896K Free: 163250K (78%)
4 ms. Memory: 208896K Free: 160811K (77%)
/home/travis/build/icyphy/ptII/ptolemy/actor/lib/test/Maximum.tcl
3 ms. Memory: 208896K Free: 160811K (77%)
1 ms. Memory: 208896K Free: 158371K (76%)
2 ms. Memory: 208896K Free: 158371K (76%)
3 ms. Memory: 208896K Free: 158371K (76%)
/home/travis/build/icyphy/ptII/ptolemy/actor/lib/test/Minimum.tcl
3 ms. Memory: 208896K Free: 155932K (75%)
1 ms. Memory: 208896K Free: 155932K (75%)
2 ms. Memory: 208896K Free: 155932K (75%)
1 ms. Memory: 208896K Free: 153492K (73%)
/home/travis/build/icyphy/ptII/ptolemy/actor/lib/test/MultiplyDivide.tcl
4 ms. Memory: 208896K Free: 151052K (72%)
2 ms. Memory: 208896K Free: 151052K (72%)
2 ms. Memory: 208896K Free: 151052K (72%)
3 ms. Memory: 208896K Free: 151052K (72%)
2 ms. Memory: 208896K Free: 148613K (71%)
/home/travis/build/icyphy/ptII/ptolemy/actor/lib/test/OrderedMerge.tcl
Connections changed on port: inputA
Connections changed on port: inputB
Connections changed on port: output
Connections changed on port: output
Connections changed on port: output
Connections changed on port: input
.top. Preinitializing ...
Invoking preinitialize():  .top.OrderedMerge
Called preinitialize()
Invoking preinitialize():  .top.Ramp
Called preinitialize()
Invoking preinitialize():  .top.Ramp2
Called preinitialize()
Invoking preinitialize():  .top.Test
Called preinitialize()
Connections changed on port: inputA
Connections changed on port: output
Connections changed on port: inputB
Connections changed on port: output
Connections changed on port: output
Connections changed on port: input
.top. Finished preinitialize().
Called initialize().
Invoking initialize():  .top.OrderedMerge
Initializing actor: .top.OrderedMerge
Adding a thread: .top.OrderedMerge
Invoking initialize():  .top.Ramp
Initializing actor: .top.Ramp
Adding a thread: .top.Ramp
Invoking initialize():  .top.Ramp2
Initializing actor: .top.Ramp2
Adding a thread: .top.Ramp2
Invoking initialize():  .top.Test
Initializing actor: .top.Test
Adding a thread: .top.Test
-- Starting thread.
Called initialize()
Called prefire()
Called fire()
-- Starting thread.
Called initialize()
Called prefire()
Called fire()
Called postfire()
Called prefire()
Called fire()
-- Starting thread.
Called initialize()
Called prefire()
Called fire()
Called postfire()
Called prefire()
Called fire()
Called fire().
Checking for deadlock:
There are 3 Blocked actors, 0 Stopped actors, and 4 active threads.
Waiting for actors to stop.
-- Starting thread.
Called initialize()
Called prefire()
Called fire()
Checking for deadlock:
There are 2 Blocked actors, 0 Stopped actors, and 4 active threads.
Waiting for actors to stop.
Called postfire()
Called prefire()
Called fire()
Checking for deadlock:
There are 3 Blocked actors, 0 Stopped actors, and 4 active threads.
Waiting for actors to stop.
Read input token from inputA with value 0.0
Next port to read input from is inputB
Called postfire()
Called prefire()
Called fire()
Checking for deadlock:
There are 2 Blocked actors, 0 Stopped actors, and 4 active threads.
Waiting for actors to stop.
Called postfire()
Called prefire()
Called fire()
Checking for deadlock:
There are 3 Blocked actors, 0 Stopped actors, and 4 active threads.
Waiting for actors to stop.
Read input token from inputB with value 0.0
Checking for deadlock:
There are 2 Blocked actors, 0 Stopped actors, and 4 active threads.
Waiting for actors to stop.
-- Read input: 0.0, which is expected to match: 0.0
Called prefire()
Called fire()
Checking for deadlock:
There are 3 Blocked actors, 0 Stopped actors, and 4 active threads.
Waiting for actors to stop.
Sent output token with value 0.0
Next port to read input from is inputA
Called postfire()
Called prefire()
Called fire()
Checking for deadlock:
There are 2 Blocked actors, 0 Stopped actors, and 4 active threads.
Waiting for actors to stop.
Called postfire()
Called prefire()
Called fire()
Checking for deadlock:
There are 3 Blocked actors, 0 Stopped actors, and 4 active threads.
Waiting for actors to stop.
Read input token from inputA with value 1.0
Checking for deadlock:
There are 2 Blocked actors, 0 Stopped actors, and 4 active threads.
Waiting for actors to stop.
-- Read input: 0.0, which is expected to match: 0.0
Called prefire()
Called fire()
Checking for deadlock:
There are 3 Blocked actors, 0 Stopped actors, and 4 active threads.
Waiting for actors to stop.
Sent output token with value 0.0
Next port to read input from is inputB
Called postfire()
Called prefire()
Called fire()
Checking for deadlock:
There are 2 Blocked actors, 0 Stopped actors, and 4 active threads.
Waiting for actors to stop.
Called postfire()
Called prefire()
Called fire()
Checking for deadlock:
There are 3 Blocked actors, 0 Stopped actors, and 4 active threads.
Waiting for actors to stop.
Read input token from inputB with value 1.5
Checking for deadlock:
There are 2 Blocked actors, 0 Stopped actors, and 4 active threads.
Waiting for actors to stop.
-- Read input: 1.0, which is expected to match: 1.0
Called prefire()
Called fire()
Checking for deadlock:
There are 3 Blocked actors, 0 Stopped actors, and 4 active threads.
Waiting for actors to stop.
Sent output token with value 1.0
Next port to read input from is inputA
Called postfire()
Called prefire()
Called fire()
Checking for deadlock:
There are 2 Blocked actors, 0 Stopped actors, and 4 active threads.
Waiting for actors to stop.
Called postfire()
Called prefire()
Called fire()
Checking for deadlock:
There are 3 Blocked actors, 0 Stopped actors, and 4 active threads.
Waiting for actors to stop.
Read input token from inputA with value 2.0
Checking for deadlock:
There are 2 Blocked actors, 0 Stopped actors, and 4 active threads.
Waiting for actors to stop.
-- Read input: 1.5, which is expected to match: 1.5
Called prefire()
Called fire()
Checking for deadlock:
There are 3 Blocked actors, 0 Stopped actors, and 4 active threads.
Waiting for actors to stop.
Sent output token with value 1.5
Next port to read input from is inputB
Called postfire()
Called prefire()
Called fire()
Checking for deadlock:
There are 2 Blocked actors, 0 Stopped actors, and 4 active threads.
Waiting for actors to stop.
Called postfire()
Called prefire()
Called fire()
Checking for deadlock:
There are 3 Blocked actors, 0 Stopped actors, and 4 active threads.
Waiting for actors to stop.
Read input token from inputB with value 3.0
Checking for deadlock:
There are 2 Blocked actors, 0 Stopped actors, and 4 active threads.
Waiting for actors to stop.
-- Read input: 2.0, which is expected to match: 2.0
Called prefire()
Called fire()
Checking for deadlock:
There are 3 Blocked actors, 0 Stopped actors, and 4 active threads.
Waiting for actors to stop.
Sent output token with value 2.0
Next port to read input from is inputA
Called postfire()
Called prefire()
Called fire()
Checking for deadlock:
There are 2 Blocked actors, 0 Stopped actors, and 4 active threads.
Waiting for actors to stop.
Called postfire()
Called prefire()
Called fire()
Checking for deadlock:
There are 3 Blocked actors, 0 Stopped actors, and 4 active threads.
Waiting for actors to stop.
Read input token from inputA with value 3.0
Checking for deadlock:
There are 2 Blocked actors, 0 Stopped actors, and 4 active threads.
Waiting for actors to stop.
-- Read input: 3.0, which is expected to match: 3.0
Called prefire()
Called fire()
Checking for deadlock:
There are 3 Blocked actors, 0 Stopped actors, and 4 active threads.
Waiting for actors to stop.
Sent output token with value 3.0
Next port to read input from is inputB
Called postfire()
Called prefire()
Called fire()
Checking for deadlock:
There are 2 Blocked actors, 0 Stopped actors, and 4 active threads.
Waiting for actors to stop.
Called postfire()
Called prefire()
Called fire()
Checking for deadlock:
There are 3 Blocked actors, 0 Stopped actors, and 4 active threads.
Waiting for actors to stop.
Read input token from inputB with value 4.5
Checking for deadlock:
There are 2 Blocked actors, 0 Stopped actors, and 4 active threads.
Waiting for actors to stop.
-- Read input: 3.0, which is expected to match: 3.0
Called prefire()
Called fire()
Checking for deadlock:
There are 3 Blocked actors, 0 Stopped actors, and 4 active threads.
Waiting for actors to stop.
Sent output token with value 3.0
Next port to read input from is inputA
Called postfire()
Called prefire()
Called fire()
Checking for deadlock:
There are 2 Blocked actors, 0 Stopped actors, and 4 active threads.
Waiting for actors to stop.
Called postfire()
Called prefire()
Called fire()
Checking for deadlock:
There are 3 Blocked actors, 0 Stopped actors, and 4 active threads.
Waiting for actors to stop.
Read input token from inputA with value 4.0
Checking for deadlock:
There are 2 Blocked actors, 0 Stopped actors, and 4 active threads.
Waiting for actors to stop.
-- Read input: 4.0, which is expected to match: 4.0
Called prefire()
Called fire()
Past the end of training data. Read and discard all inputs.
Checking for deadlock:
There are 3 Blocked actors, 0 Stopped actors, and 4 active threads.
Waiting for actors to stop.
Sent output token with value 4.0
Next port to read input from is inputA
Called postfire()
Called prefire()
Called fire()
Checking for deadlock:
There are 2 Blocked actors, 0 Stopped actors, and 4 active threads.
Waiting for actors to stop.
Called postfire()
Called prefire()
Called fire()
Checking for deadlock:
There are 3 Blocked actors, 0 Stopped actors, and 4 active threads.
Waiting for actors to stop.
Read input token from inputA with value 5.0
Checking for deadlock:
There are 2 Blocked actors, 0 Stopped actors, and 4 active threads.
Waiting for actors to stop.
Called prefire()
Called fire()
Past the end of training data. Read and discard all inputs.
Checking for deadlock:
There are 3 Blocked actors, 0 Stopped actors, and 4 active threads.
Waiting for actors to stop.
Sent output token with value 4.5
Next port to read input from is inputB
Called postfire()
Called prefire()
Called fire()
Checking for deadlock:
There are 2 Blocked actors, 0 Stopped actors, and 4 active threads.
Waiting for actors to stop.
Called postfire()
Called prefire()
Called fire()
Checking for deadlock:
There are 3 Blocked actors, 0 Stopped actors, and 4 active threads.
Waiting for actors to stop.
Read input token from inputB with value 6.0
Checking for deadlock:
There are 2 Blocked actors, 0 Stopped actors, and 4 active threads.
Waiting for actors to stop.
Called prefire()
Called fire()
Past the end of training data. Read and discard all inputs.
Checking for deadlock:
There are 3 Blocked actors, 0 Stopped actors, and 4 active threads.
Waiting for actors to stop.
Sent output token with value 5.0
Next port to read input from is inputA
Called postfire()
Called prefire()
Called fire()
Checking for deadlock:
There are 2 Blocked actors, 0 Stopped actors, and 4 active threads.
Waiting for actors to stop.
Called postfire()
Called prefire()
Called fire()
Checking for deadlock:
There are 3 Blocked actors, 0 Stopped actors, and 4 active threads.
Waiting for actors to stop.
Read input token from inputA with value 6.0
Checking for deadlock:
There are 2 Blocked actors, 0 Stopped actors, and 4 active threads.
Waiting for actors to stop.
Called prefire()
Called fire()
Past the end of training data. Read and discard all inputs.
Checking for deadlock:
There are 3 Blocked actors, 0 Stopped actors, and 4 active threads.
Waiting for actors to stop.
Sent output token with value 6.0
Next port to read input from is inputB
Called postfire()
Called prefire()
Called fire()
Checking for deadlock:
There are 2 Blocked actors, 0 Stopped actors, and 4 active threads.
Waiting for actors to stop.
Called postfire()
Called prefire()
Called fire()
Checking for deadlock:
There are 3 Blocked actors, 0 Stopped actors, and 4 active threads.
Waiting for actors to stop.
Read input token from inputB with value 7.5
Checking for deadlock:
There are 2 Blocked actors, 0 Stopped actors, and 4 active threads.
Waiting for actors to stop.
Called prefire()
Called fire()
Past the end of training data. Read and discard all inputs.
Checking for deadlock:
There are 3 Blocked actors, 0 Stopped actors, and 4 active threads.
Waiting for actors to stop.
Sent output token with value 6.0
Next port to read input from is inputA
Called postfire()
Called prefire()
Called fire()
Checking for deadlock:
There are 2 Blocked actors, 0 Stopped actors, and 4 active threads.
Waiting for actors to stop.
Called postfire()
Called prefire()
Called fire()
Checking for deadlock:
There are 3 Blocked actors, 0 Stopped actors, and 4 active threads.
Waiting for actors to stop.
Read input token from inputA with value 7.0
Checking for deadlock:
There are 2 Blocked actors, 0 Stopped actors, and 4 active threads.
Waiting for actors to stop.
Called prefire()
Called fire()
Past the end of training data. Read and discard all inputs.
Checking for deadlock:
There are 3 Blocked actors, 0 Stopped actors, and 4 active threads.
Waiting for actors to stop.
Sent output token with value 7.0
Next port to read input from is inputA
Called postfire()
Called prefire()
Called fire()
Checking for deadlock:
There are 2 Blocked actors, 0 Stopped actors, and 4 active threads.
Waiting for actors to stop.
-- Thread wrapup() called.
Called wrapup()
Thread .top.Ramp is exiting.
-- Thread stopped.
Checking for deadlock:
There are 2 Blocked actors, 0 Stopped actors, and 3 active threads.
Waiting for actors to stop.
Read input token from inputA with value 8.0
Checking for deadlock:
There are 1 Blocked actors, 0 Stopped actors, and 3 active threads.
Waiting for actors to stop.
Called prefire()
Called fire()
Past the end of training data. Read and discard all inputs.
Checking for deadlock:
There are 2 Blocked actors, 0 Stopped actors, and 3 active threads.
Waiting for actors to stop.
Sent output token with value 7.5
Next port to read input from is inputB
Called postfire()
Called prefire()
Called fire()
Checking for deadlock:
There are 1 Blocked actors, 0 Stopped actors, and 3 active threads.
Waiting for actors to stop.
Called postfire()
Called prefire()
Called fire()
Checking for deadlock:
There are 2 Blocked actors, 0 Stopped actors, and 3 active threads.
Waiting for actors to stop.
Read input token from inputB with value 9.0
Checking for deadlock:
There are 1 Blocked actors, 0 Stopped actors, and 3 active threads.
Waiting for actors to stop.
Called prefire()
Called fire()
Past the end of training data. Read and discard all inputs.
Checking for deadlock:
There are 2 Blocked actors, 0 Stopped actors, and 3 active threads.
Waiting for actors to stop.
Sent output token with value 8.0
Next port to read input from is inputA
Called postfire()
Called prefire()
Called fire()
Read input token from inputA with value 9.0
Checking for deadlock:
There are 1 Blocked actors, 0 Stopped actors, and 3 active threads.
Waiting for actors to stop.
Called prefire()
Called fire()
Past the end of training data. Read and discard all inputs.
Checking for deadlock:
There are 2 Blocked actors, 0 Stopped actors, and 3 active threads.
Waiting for actors to stop.
Sent output token with value 9.0
Next port to read input from is inputB
Called postfire()
Called prefire()
Called fire()
Checking for deadlock:
There are 1 Blocked actors, 0 Stopped actors, and 3 active threads.
Waiting for actors to stop.
Called postfire()
Called prefire()
Called fire()
Checking for deadlock:
There are 2 Blocked actors, 0 Stopped actors, and 3 active threads.
Waiting for actors to stop.
Read input token from inputB with value 10.5
Checking for deadlock:
There are 1 Blocked actors, 0 Stopped actors, and 3 active threads.
Waiting for actors to stop.
Called prefire()
Called fire()
Past the end of training data. Read and discard all inputs.
Checking for deadlock:
There are 2 Blocked actors, 0 Stopped actors, and 3 active threads.
Waiting for actors to stop.
Sent output token with value 9.0
Next port to read input from is inputA
Called postfire()
Called prefire()
Called fire()
Checking for deadlock:
There are 3 Blocked actors, 0 Stopped actors, and 3 active threads.
Actors have stopped.
Checking for deadlock:
There are 3 Blocked actors, 0 Stopped actors, and 3 active threads.
Deadlock detected.
Resolving Deadlock
Checking for deadlock:
There are 3 Blocked actors, 0 Stopped actors, and 3 active threads.
Artificial Deadlock - increasing queue capacity.
increasing the capacity of receiver ptolemy.actor.TypedIOPort {.top.OrderedMerge.inputB} to 2
Director: Called postfire().
Called postfire().
_stopRequested = false
_stopFireRequested = false
Returning from postfire(): true
Called fire().
Checking for deadlock:
There are 2 Blocked actors, 0 Stopped actors, and 3 active threads.
Waiting for actors to stop.
-- Thread wrapup() called.
Called wrapup()
Thread .top.Ramp2 is exiting.
-- Thread stopped.
Checking for deadlock:
There are 2 Blocked actors, 0 Stopped actors, and 2 active threads.
Actors have stopped.
Checking for deadlock:
There are 2 Blocked actors, 0 Stopped actors, and 2 active threads.
Deadlock detected.
Resolving Deadlock
Checking for deadlock:
There are 2 Blocked actors, 0 Stopped actors, and 2 active threads.
Deadlock detected: no processes blocked on write, but some are blocked on read.
Called postfire().
_stopRequested = false
_stopFireRequested = false
Returning from postfire(): false
Finished deactivating branches.
Called wrapup().
-- Thread wrapup() called.
Called wrapup()
Thread .top.Test is exiting.
-- Thread stopped.
-- Blocked Receiver call threw TerminateProcessException.
-- Thread wrapup() called.
Called wrapup()
Thread .top.OrderedMerge is exiting.
21 ms. Memory: 208896K Free: 141258K (68%)
.top. Preinitializing ...
Invoking preinitialize():  .top.OrderedMerge
Called preinitialize()
Invoking preinitialize():  .top.Ramp
Called preinitialize()
Invoking preinitialize():  .top.Ramp2
Called preinitialize()
Invoking preinitialize():  .top.Test
Called preinitialize()
.top. Finished preinitialize().
Called initialize().
Invoking initialize():  .top.OrderedMerge
Initializing actor: .top.OrderedMerge
Adding a thread: .top.OrderedMerge
Invoking initialize():  .top.Ramp
Initializing actor: .top.Ramp
Adding a thread: .top.Ramp
Invoking initialize():  .top.Ramp2
Initializing actor: .top.Ramp2
Adding a thread: .top.Ramp2
Invoking initialize():  .top.Test
Initializing actor: .top.Test
Adding a thread: .top.Test
-- Thread stopped.
-- Blocked Receiver call threw TerminateProcessException.
-- Starting thread.
Called initialize()
Called prefire()
Called fire()
-- Starting thread.
Called initialize()
Called prefire()
Called fire()
Called postfire()
Called prefire()
Called fire()
-- Starting thread.
Called initialize()
Called prefire()
Called fire()
Called postfire()
Called prefire()
Called fire()
Called fire().
Checking for deadlock:
There are 3 Blocked actors, 0 Stopped actors, and 4 active threads.
Waiting for actors to stop.
-- Starting thread.
Called initialize()
Called prefire()
Called fire()
Checking for deadlock:
There are 2 Blocked actors, 0 Stopped actors, and 4 active threads.
Waiting for actors to stop.
Called postfire()
Called prefire()
Called fire()
Read input token from inputA with value 0.0
Checking for deadlock:
There are 3 Blocked actors, 0 Stopped actors, and 4 active threads.
Waiting for actors to stop.
Next port to read input from is inputB
Called postfire()
Called prefire()
Called fire()
Checking for deadlock:
There are 2 Blocked actors, 0 Stopped actors, and 4 active threads.
Waiting for actors to stop.
Read input token from inputB with value 0.0
Called postfire()
Called prefire()
Called fire()
Checking for deadlock:
There are 2 Blocked actors, 0 Stopped actors, and 4 active threads.
Waiting for actors to stop.
-- Read input: 0.0, which is expected to match: 0.0
Called prefire()
Called fire()
Checking for deadlock:
There are 3 Blocked actors, 0 Stopped actors, and 4 active threads.
Waiting for actors to stop.
Sent output token with value 0.0
Next port to read input from is inputA
Called postfire()
Called prefire()
Called fire()
Read input token from inputA with value 1.0
Checking for deadlock:
There are 2 Blocked actors, 0 Stopped actors, and 4 active threads.
Waiting for actors to stop.
Called postfire()
Called prefire()
Checking for deadlock:
Called fire()
There are 1 Blocked actors, 0 Stopped actors, and 4 active threads.
Waiting for actors to stop.
Checking for deadlock:
Sent output token with value 0.0
There are 2 Blocked actors, 0 Stopped actors, and 4 active threads.
Waiting for actors to stop.
-- Read input: 0.0, which is expected to match: 0.0
Called prefire()
Called fire()
Checking for deadlock:
There are 3 Blocked actors, 0 Stopped actors, and 4 active threads.
Waiting for actors to stop.
Next port to read input from is inputB
Called postfire()
Called prefire()
Called fire()
Checking for deadlock:
Called postfire()
There are 2 Blocked actors, 0 Stopped actors, and 4 active threads.
Called prefire()
Called fire()
Waiting for actors to stop.
Checking for deadlock:
There are 3 Blocked actors, 0 Stopped actors, and 4 active threads.
Waiting for actors to stop.
Read input token from inputB with value 1.5
Checking for deadlock:
There are 2 Blocked actors, 0 Stopped actors, and 4 active threads.
Waiting for actors to stop.
Sent output token with value 1.0
Next port to read input from is inputA
Called postfire()
Called prefire()
Called fire()
-- Read input: 1.0, which is expected to match: 1.0
Called prefire()
Called fire()
Read input token from inputA with value 2.0
Called postfire()
Called prefire()
Called fire()
Sent output token with value 1.5
Checking for deadlock:
There are 2 Blocked actors, 0 Stopped actors, and 4 active threads.
Waiting for actors to stop.
-- Read input: 1.5, which is expected to match: 1.5
Called prefire()
Called fire()
Next port to read input from is inputB
Called postfire()
Called prefire()
Called fire()
Read input token from inputB with value 3.0
Checking for deadlock:
There are 1 Blocked actors, 0 Stopped actors, and 4 active threads.
Waiting for actors to stop.
Called postfire()
Called prefire()
-- Read input: 2.0, which is expected to match: 2.0
Called fire()
Called prefire()
Called fire()
Checking for deadlock:
There are 3 Blocked actors, 0 Stopped actors, and 4 active threads.
Waiting for actors to stop.
Sent output token with value 2.0
Next port to read input from is inputA
Called postfire()
Called prefire()
Called fire()
Checking for deadlock:
Read input token from inputA with value 3.0
There are 2 Blocked actors, 0 Stopped actors, and 4 active threads.
Waiting for actors to stop.
Called postfire()
Called prefire()
Called fire()
Checking for deadlock:
There are 2 Blocked actors, 0 Stopped actors, and 4 active threads.
Waiting for actors to stop.
Sent output token with value 3.0
-- Read input: 3.0, which is expected to match: 3.0
Called prefire()
Called fire()
Checking for deadlock:
There are 3 Blocked actors, 0 Stopped actors, and 4 active threads.
Waiting for actors to stop.
Next port to read input from is inputB
Called postfire()
Called prefire()
Called fire()
Checking for deadlock:
There are 2 Blocked actors, 0 Stopped actors, and 4 active threads.
Waiting for actors to stop.
Called postfire()
Called prefire()
Called fire()
Checking for deadlock:
There are 3 Blocked actors, 0 Stopped actors, and 4 active threads.
Waiting for actors to stop.
Read input token from inputB with value 4.5
Sent output token with value 3.0
Checking for deadlock:
There are 2 Blocked actors, 0 Stopped actors, and 4 active threads.
Waiting for actors to stop.
Next port to read input from is inputA
Called postfire()
Called prefire()
Called fire()
-- Read input: 3.0, which is expected to match: 3.0
Called prefire()
Called fire()
Checking for deadlock:
There are 2 Blocked actors, 0 Stopped actors, and 4 active threads.
Waiting for actors to stop.
Read input token from inputA with value 4.0
Called postfire()
Called prefire()
Called fire()
Sent output token with value 4.0
Next port to read input from is inputA
Called postfire()
Called prefire()
Called fire()
Called postfire()
Read input token from inputA with value 5.0
Called prefire()
Called fire()
Checking for deadlock:
There are 3 Blocked actors, 0 Stopped actors, and 4 active threads.
Waiting for actors to stop.
-- Read input: 4.0, which is expected to match: 4.0
Called prefire()
Called fire()
Past the end of training data. Read and discard all inputs.
Sent output token with value 4.5
Called prefire()
Called fire()
Past the end of training data. Read and discard all inputs.
Next port to read input from is inputB
Called postfire()
Checking for deadlock:
Called prefire()
There are 3 Blocked actors, 0 Stopped actors, and 4 active threads.
Called fire()
Waiting for actors to stop.
Checking for deadlock:
Read input token from inputB with value 6.0
There are 2 Blocked actors, 0 Stopped actors, and 4 active threads.
Waiting for actors to stop.
Called prefire()
Called postfire()
Called prefire()
Called fire()
Called fire()
Past the end of training data. Read and discard all inputs.
Checking for deadlock:
There are 2 Blocked actors, 0 Stopped actors, and 4 active threads.
Sent output token with value 5.0
Waiting for actors to stop.
Checking for deadlock:
There are 3 Blocked actors, 0 Stopped actors, and 4 active threads.
Next port to read input from is inputA
Called postfire()
Waiting for actors to stop.
Called prefire()
Called fire()
Checking for deadlock:
There are 2 Blocked actors, 0 Stopped actors, and 4 active threads.
Waiting for actors to stop.
Read input token from inputA with value 6.0
Called postfire()
Called prefire()
Called fire()
Sent output token with value 6.0
Checking for deadlock:
There are 2 Blocked actors, 0 Stopped actors, and 4 active threads.
Waiting for actors to stop.
Next port to read input from is inputB
Called postfire()
Called prefire()
Called prefire()
Called fire()
Called fire()
Past the end of training data. Read and discard all inputs.
Checking for deadlock:
There are 2 Blocked actors, 0 Stopped actors, and 4 active threads.
Waiting for actors to stop.
Called postfire()
Called prefire()
Called fire()
Read input token from inputB with value 7.5
Checking for deadlock:
There are 3 Blocked actors, 0 Stopped actors, and 4 active threads.
Waiting for actors to stop.
Called prefire()
Called fire()
Past the end of training data. Read and discard all inputs.
Sent output token with value 6.0
Checking for deadlock:
Next port to read input from is inputA
There are 3 Blocked actors, 0 Stopped actors, and 4 active threads.
Called postfire()
Waiting for actors to stop.
Called prefire()
Called fire()
Called postfire()
Called prefire()
Read input token from inputA with value 7.0
Called fire()
Checking for deadlock:
Sent output token with value 7.0
There are 2 Blocked actors, 0 Stopped actors, and 4 active threads.
Waiting for actors to stop.
Next port to read input from is inputA
Called postfire()
Called prefire()
Called fire()
Called prefire()
Called fire()
Past the end of training data. Read and discard all inputs.
Checking for deadlock:
There are 2 Blocked actors, 0 Stopped actors, and 4 active threads.
Read input token from inputA with value 8.0
Waiting for actors to stop.
-- Thread wrapup() called.
Called wrapup()
Thread .top.Ramp is exiting.
-- Thread stopped.
Sent output token with value 7.5
Next port to read input from is inputB
Called postfire()
Called prefire()
Called fire()
Read input token from inputB with value 9.0
Checking for deadlock:
There are 1 Blocked actors, 0 Stopped actors, and 3 active threads.
Waiting for actors to stop.
Called prefire()
Called fire()
Past the end of training data. Read and discard all inputs.
Called postfire()
Called prefire()
Called fire()
Checking for deadlock:
There are 2 Blocked actors, 0 Stopped actors, and 3 active threads.
Waiting for actors to stop.
Sent output token with value 8.0
Called prefire()
Called fire()
Past the end of training data. Read and discard all inputs.
Next port to read input from is inputA
Called postfire()
Called prefire()
Called fire()
Checking for deadlock:
There are 2 Blocked actors, 0 Stopped actors, and 3 active threads.
Waiting for actors to stop.
Read input token from inputA with value 9.0
Sent output token with value 9.0
Checking for deadlock:
There are 1 Blocked actors, 0 Stopped actors, and 3 active threads.
Next port to read input from is inputB
Waiting for actors to stop.
Called postfire()
Called prefire()
Called fire()
Called prefire()
Called fire()
Past the end of training data. Read and discard all inputs.
Checking for deadlock:
There are 0 Blocked actors, 0 Stopped actors, and 3 active threads.
Waiting for actors to stop.
Called postfire()
Read input token from inputB with value 10.5
Called prefire()
Called fire()
Sent output token with value 9.0
Called prefire()
Called fire()
Past the end of training data. Read and discard all inputs.
Next port to read input from is inputA
Called postfire()
Checking for deadlock:
Called prefire()
There are 2 Blocked actors, 0 Stopped actors, and 3 active threads.
Called fire()
Waiting for actors to stop.
Checking for deadlock:
There are 3 Blocked actors, 0 Stopped actors, and 3 active threads.
Actors have stopped.
Checking for deadlock:
There are 3 Blocked actors, 0 Stopped actors, and 3 active threads.
Deadlock detected.
Resolving Deadlock
Checking for deadlock:
There are 3 Blocked actors, 0 Stopped actors, and 3 active threads.
Artificial Deadlock - increasing queue capacity.
increasing the capacity of receiver ptolemy.actor.TypedIOPort {.top.OrderedMerge.inputB} to 2
Director: Called postfire().
Called postfire().
_stopRequested = false
_stopFireRequested = false
Returning from postfire(): true
Called fire().
Checking for deadlock:
There are 2 Blocked actors, 0 Stopped actors, and 3 active threads.
Waiting for actors to stop.
-- Thread wrapup() called.
Called wrapup()
Thread .top.Ramp2 is exiting.
-- Thread stopped.
Checking for deadlock:
There are 2 Blocked actors, 0 Stopped actors, and 2 active threads.
Actors have stopped.
Checking for deadlock:
There are 2 Blocked actors, 0 Stopped actors, and 2 active threads.
Deadlock detected.
Resolving Deadlock
Checking for deadlock:
There are 2 Blocked actors, 0 Stopped actors, and 2 active threads.
Deadlock detected: no processes blocked on write, but some are blocked on read.
Called postfire().
_stopRequested = false
_stopFireRequested = false
Returning from postfire(): false
Finished deactivating branches.
Called wrapup().
-- Thread wrapup() called.
Called wrapup()
-- Thread wrapup() called.
Called wrapup()
Thread .top.OrderedMerge is exiting.
-- Thread stopped.
-- Blocked Receiver call threw TerminateProcessException.
Thread .top.Test is exiting.
-- Thread stopped.
-- Blocked Receiver call threw TerminateProcessException.
43 ms. Memory: 208896K Free: 136343K (65%)
/home/travis/build/icyphy/ptII/ptolemy/actor/lib/test/Publisher.tcl
12 ms. Memory: 208896K Free: 131462K (63%)
7 ms. Memory: 208896K Free: 124143K (59%)
3 ms. Memory: 208896K Free: 121704K (58%)
4 ms. Memory: 208896K Free: 119264K (57%)
9 ms. Memory: 208896K Free: 119264K (57%)
3 ms. Memory: 208896K Free: 119264K (57%)
2 ms. Memory: 208896K Free: 116809K (56%)
3 ms. Memory: 208896K Free: 116809K (56%)
1 ms. Memory: 208896K Free: 107051K (51%)
7 ms. Memory: 208896K Free: 102172K (49%)
2 ms. Memory: 208896K Free: 102172K (49%)
1 ms. Memory: 208896K Free: 99732K (48%)
11 ms. Memory: 208896K Free: 92414K (44%)
5 ms. Memory: 208896K Free: 82640K (40%)
20 ms. Memory: 332800K Free: 316030K (95%)
/home/travis/build/icyphy/ptII/ptolemy/actor/lib/test/Pulse.tcl
4 ms. Memory: 332800K Free: 273190K (82%)
1 ms. Memory: 332800K Free: 268418K (81%)
1 ms. Memory: 332800K Free: 268418K (81%)
1 ms. Memory: 332800K Free: 268418K (81%)
1 ms. Memory: 332800K Free: 268418K (81%)
1 ms. Memory: 332800K Free: 268418K (81%)
2 ms. Memory: 332800K Free: 268418K (81%)
1 ms. Memory: 332800K Free: 268418K (81%)
1 ms. Memory: 332800K Free: 263646K (79%)
/home/travis/build/icyphy/ptII/ptolemy/actor/lib/test/Ramp.tcl
2 ms. Memory: 332800K Free: 263646K (79%)
2 ms. Memory: 332800K Free: 263646K (79%)
1 ms. Memory: 332800K Free: 263646K (79%)
1 ms. Memory: 332800K Free: 263646K (79%)
3 ms. Memory: 332800K Free: 258873K (78%)
3 ms. Memory: 332800K Free: 258873K (78%)
3 ms. Memory: 332800K Free: 258873K (78%)
5 actors
5000 microseconds per iteration to create
4 ms. Memory: 332800K Free: 254101K (76%)
2 ms. Memory: 332800K Free: 254101K (76%)
1 ms. Memory: 332800K Free: 254101K (76%)
2 ms. Memory: 332800K Free: 254101K (76%)
50 actors
23000 microseconds per iteration to create
23 ms. Memory: 332800K Free: 239800K (72%)
9 ms. Memory: 332800K Free: 239800K (72%)
5 ms. Memory: 332800K Free: 235027K (71%)
13 ms. Memory: 332800K Free: 235027K (71%)
500 actors
1214000 microseconds per iteration to create
235 ms. Memory: 332800K Free: 306033K (92%)
37 ms. Memory: 332800K Free: 301225K (91%)
41 ms. Memory: 332800K Free: 296417K (89%)
54 ms. Memory: 332800K Free: 291609K (88%)
/home/travis/build/icyphy/ptII/ptolemy/actor/lib/test/RampContinuous.tcl
5 ms. Memory: 332800K Free: 286801K (86%)
/home/travis/build/icyphy/ptII/ptolemy/actor/lib/test/RecordAssembler.tcl
5 ms. Memory: 332800K Free: 286801K (86%)
4 ms. Memory: 332800K Free: 286801K (86%)
/home/travis/build/icyphy/ptII/ptolemy/actor/lib/test/RecordDisassembler.tcl
4 ms. Memory: 332800K Free: 281977K (85%)
2 ms. Memory: 332800K Free: 281977K (85%)
3 ms. Memory: 332800K Free: 281977K (85%)
/home/travis/build/icyphy/ptII/ptolemy/actor/lib/test/Scale.tcl
3 ms. Memory: 332800K Free: 277153K (83%)
1 ms. Memory: 332800K Free: 277153K (83%)
2 ms. Memory: 332800K Free: 277153K (83%)
1 ms. Memory: 332800K Free: 277153K (83%)
2 ms. Memory: 332800K Free: 277153K (83%)
/home/travis/build/icyphy/ptII/ptolemy/actor/lib/test/SequentialClock.tcl
preinitializing
resolving types
initializing
executing number 1
wrapping up
idle
2 ms. Memory: 332800K Free: 277153K (83%)
Completed execution with 5 iterations
preinitializing
resolving types
initializing
executing number 1
wrapping up
idle
1 ms. Memory: 332800K Free: 272329K (82%)
Completed execution with 5 iterations
preinitializing
resolving types
initializing
executing number 1
wrapping up
idle
1 ms. Memory: 332800K Free: 272329K (82%)
Completed execution with 5 iterations
/home/travis/build/icyphy/ptII/ptolemy/actor/lib/test/SetVariable.tcl
3 ms. Memory: 332800K Free: 272329K (82%)
/home/travis/build/icyphy/ptII/ptolemy/actor/lib/test/Sinewave.tcl
/home/travis/build/icyphy/ptII/ptolemy/actor/lib/test/SubscriptionAggregator.tcl
3 ms. Memory: 332800K Free: 257904K (77%)
2 ms. Memory: 332800K Free: 257904K (77%)
1 ms. Memory: 332800K Free: 257904K (77%)
1 ms. Memory: 332800K Free: 257904K (77%)
1 ms. Memory: 332800K Free: 253096K (76%)
3 ms. Memory: 332800K Free: 253096K (76%)
...............................................................950 ms. Memory: 481280K Free: 412470K (86%)
/home/travis/build/icyphy/ptII/ptolemy/actor/lib/test/Test.tcl
 The next command will produce a warning about training mode,
   which may be ignored.
11 ms. Memory: 481280K Free: 412470K (86%)
2 ms. Memory: 481280K Free: 412470K (86%)
1 ms. Memory: 481280K Free: 412470K (86%)
1 ms. Memory: 481280K Free: 412470K (86%)
2 ms. Memory: 481280K Free: 412470K (86%)
2 ms. Memory: 481280K Free: 404744K (84%)
2 ms. Memory: 481280K Free: 404744K (84%)
 The next command will produce a warning about training mode,
   which may be ignored.
12 ms. Memory: 481280K Free: 404744K (84%)
 The next command will produce a warning about training mode,
   which may be ignored.
2 ms. Memory: 481280K Free: 404744K (84%)
1 ms. Memory: 481280K Free: 404744K (84%)
1 ms. Memory: 481280K Free: 404744K (84%)
3 ms. Memory: 481280K Free: 404744K (84%)
4 ms. Memory: 481280K Free: 404744K (84%)
4 ms. Memory: 481280K Free: 397021K (82%)
/home/travis/build/icyphy/ptII/ptolemy/actor/lib/test/TestExceptionHandler.tcl
 The next command will produce a warning about training mode,
   which may be ignored.
1 ms. Memory: 481280K Free: 397021K (82%)
1 ms. Memory: 481280K Free: 397021K (82%)
0 ms. Memory: 481280K Free: 397021K (82%)
/home/travis/build/icyphy/ptII/ptolemy/actor/lib/test/UnionDisassembler.tcl
12 ms. Memory: 481280K Free: 389303K (81%)
/home/travis/build/icyphy/ptII/ptolemy/actor/lib/test/VariableClock.tcl
preinitializing
resolving types
initializing
executing number 1
wrapping up
idle
2 ms. Memory: 481280K Free: 381584K (79%)
Completed execution with 11 iterations
preinitializing
resolving types
initializing
executing number 1
wrapping up
idle
8 ms. Memory: 481280K Free: 381584K (79%)
Completed execution with 10 iterations
12/26/18 03:05:40
Failed: 0  Total Tests: 234  ((Passed: 234, Newly Passed: 0)  Known Failed: 0) /home/travis/build/icyphy/ptII/ptolemy/actor/lib/test
----------------- testing (KnownFailure) /home/travis/build/icyphy/ptII/ptolemy/actor/lib/test/auto/knownFailedTests/PublisherPortToplevelSubscriber.xml
0 ms. Memory: 481280K Free: 373792K (78%)
Known Failure: java.lang.reflect.InvocationTargetException
----------------- testing (KnownFailure) /home/travis/build/icyphy/ptII/ptolemy/actor/lib/test/auto/knownFailedTests/PublisherSubscriberPortToplevel.xml
3 ms. Memory: 481280K Free: 358206K (74%)
Known Failure: java.lang.reflect.InvocationTargetException
----------------- testing (KnownFailure) /home/travis/build/icyphy/ptII/ptolemy/actor/lib/test/auto/knownFailedTests/PublisherSubscriptionAggregatorPort.xml
1 ms. Memory: 481280K Free: 342621K (71%)
Known Failure: java.lang.reflect.InvocationTargetException
----------------- testing (KnownFailure) /home/travis/build/icyphy/ptII/ptolemy/actor/lib/test/auto/knownFailedTests/sizedarray3.xml
3 ms. Memory: 481280K Free: 327035K (68%)
Known Failure: java.lang.reflect.InvocationTargetException
No auto/linux-amd64/*.xml tests in /home/travis/build/icyphy/ptII/ptolemy/actor/lib/test
AutoTests.java: About to close Vertx.
AutoTests.java: Vertx closed.

===========================================================================================
----------------- testing Wed Dec 26 03:05:41 UTC 2018 /home/travis/build/icyphy/ptII/ptolemy/actor/lib/test/auto/AbsoluteValue.xml
----------------- Instantiating /home/travis/build/icyphy/ptII/ptolemy/actor/lib/test/auto/AbsoluteValue.xml
33 ms. Memory: 481280K Free: 257123K (53%)
----------------- Invoking toplevel() on ptolemy.moml.MoMLSimpleApplication@6dde4876
----------------- Done invoking toplevel() on ptolemy.moml.MoMLSimpleApplication@6dde4876
reloadAllAccessors: .AbsoluteValue

===========================================================================================
----------------- testing Wed Dec 26 03:05:41 UTC 2018 /home/travis/build/icyphy/ptII/ptolemy/actor/lib/test/auto/AbsoluteValue2.xml
----------------- Instantiating /home/travis/build/icyphy/ptII/ptolemy/actor/lib/test/auto/AbsoluteValue2.xml
11 ms. Memory: 481280K Free: 237700K (49%)
----------------- Invoking toplevel() on ptolemy.moml.MoMLSimpleApplication@3aa77cc9
----------------- Done invoking toplevel() on ptolemy.moml.MoMLSimpleApplication@3aa77cc9
reloadAllAccessors: .AbsoluteValue2

===========================================================================================
----------------- testing Wed Dec 26 03:05:41 UTC 2018 /home/travis/build/icyphy/ptII/ptolemy/actor/lib/test/auto/Accumulator.xml
----------------- Instantiating /home/travis/build/icyphy/ptII/ptolemy/actor/lib/test/auto/Accumulator.xml
6 ms. Memory: 481280K Free: 226003K (47%)
----------------- Invoking toplevel() on ptolemy.moml.MoMLSimpleApplication@27088e1b
----------------- Done invoking toplevel() on ptolemy.moml.MoMLSimpleApplication@27088e1b
reloadAllAccessors: .Accumulator

===========================================================================================
----------------- testing Wed Dec 26 03:05:41 UTC 2018 /home/travis/build/icyphy/ptII/ptolemy/actor/lib/test/auto/Accumulator2.xml
----------------- Instantiating /home/travis/build/icyphy/ptII/ptolemy/actor/lib/test/auto/Accumulator2.xml
6 ms. Memory: 481280K Free: 218210K (45%)
----------------- Invoking toplevel() on ptolemy.moml.MoMLSimpleApplication@f13c1ea
----------------- Done invoking toplevel() on ptolemy.moml.MoMLSimpleApplication@f13c1ea
reloadAllAccessors: .Accumulator2

===========================================================================================
----------------- testing Wed Dec 26 03:05:41 UTC 2018 /home/travis/build/icyphy/ptII/ptolemy/actor/lib/test/auto/Accumulator3.xml
----------------- Instantiating /home/travis/build/icyphy/ptII/ptolemy/actor/lib/test/auto/Accumulator3.xml
2 ms. Memory: 481280K Free: 210417K (44%)
----------------- Invoking toplevel() on ptolemy.moml.MoMLSimpleApplication@4fb0a129
----------------- Done invoking toplevel() on ptolemy.moml.MoMLSimpleApplication@4fb0a129
reloadAllAccessors: .Accumulator3

===========================================================================================
----------------- testing Wed Dec 26 03:05:41 UTC 2018 /home/travis/build/icyphy/ptII/ptolemy/actor/lib/test/auto/ArrayAppend.xml
----------------- Instantiating /home/travis/build/icyphy/ptII/ptolemy/actor/lib/test/auto/ArrayAppend.xml
7 ms. Memory: 481280K Free: 194906K (40%)
----------------- Invoking toplevel() on ptolemy.moml.MoMLSimpleApplication@6d170fae
----------------- Done invoking toplevel() on ptolemy.moml.MoMLSimpleApplication@6d170fae
reloadAllAccessors: .ArrayAppend

===========================================================================================
----------------- testing Wed Dec 26 03:05:41 UTC 2018 /home/travis/build/icyphy/ptII/ptolemy/actor/lib/test/auto/ArrayAppend2.xml
----------------- Instantiating /home/travis/build/icyphy/ptII/ptolemy/actor/lib/test/auto/ArrayAppend2.xml
446 ms. Memory: 481280K Free: 124772K (26%)
----------------- Invoking toplevel() on ptolemy.moml.MoMLSimpleApplication@51a5030c
----------------- Done invoking toplevel() on ptolemy.moml.MoMLSimpleApplication@51a5030c
reloadAllAccessors: .ArrayAppend2

===========================================================================================
----------------- testing Wed Dec 26 03:05:42 UTC 2018 /home/travis/build/icyphy/ptII/ptolemy/actor/lib/test/auto/ArrayAppend3.xml
----------------- Instantiating /home/travis/build/icyphy/ptII/ptolemy/actor/lib/test/auto/ArrayAppend3.xml
6 ms. Memory: 481280K Free: 116979K (24%)
----------------- Invoking toplevel() on ptolemy.moml.MoMLSimpleApplication@3f38aa23
----------------- Done invoking toplevel() on ptolemy.moml.MoMLSimpleApplication@3f38aa23
reloadAllAccessors: .ArrayAppend3

===========================================================================================
----------------- testing Wed Dec 26 03:05:42 UTC 2018 /home/travis/build/icyphy/ptII/ptolemy/actor/lib/test/auto/ArrayAppend4.xml
----------------- Instantiating /home/travis/build/icyphy/ptII/ptolemy/actor/lib/test/auto/ArrayAppend4.xml
10 ms. Memory: 481280K Free: 101468K (21%)
----------------- Invoking toplevel() on ptolemy.moml.MoMLSimpleApplication@6df56a6
----------------- Done invoking toplevel() on ptolemy.moml.MoMLSimpleApplication@6df56a6
reloadAllAccessors: .ArrayAppend4

===========================================================================================
----------------- testing Wed Dec 26 03:05:42 UTC 2018 /home/travis/build/icyphy/ptII/ptolemy/actor/lib/test/auto/ArrayAppend5.xml
----------------- Instantiating /home/travis/build/icyphy/ptII/ptolemy/actor/lib/test/auto/ArrayAppend5.xml
2 ms. Memory: 481280K Free: 93675K (19%)
----------------- Invoking toplevel() on ptolemy.moml.MoMLSimpleApplication@5de412d6
----------------- Done invoking toplevel() on ptolemy.moml.MoMLSimpleApplication@5de412d6
reloadAllAccessors: .ArrayAppend5

===========================================================================================
----------------- testing Wed Dec 26 03:05:42 UTC 2018 /home/travis/build/icyphy/ptII/ptolemy/actor/lib/test/auto/ArrayAppend6.xml
----------------- Instantiating /home/travis/build/icyphy/ptII/ptolemy/actor/lib/test/auto/ArrayAppend6.xml
2 ms. Memory: 481280K Free: 85883K (18%)
----------------- Invoking toplevel() on ptolemy.moml.MoMLSimpleApplication@2786aecc
----------------- Done invoking toplevel() on ptolemy.moml.MoMLSimpleApplication@2786aecc
reloadAllAccessors: .ArrayAppend6

===========================================================================================
----------------- testing Wed Dec 26 03:05:42 UTC 2018 /home/travis/build/icyphy/ptII/ptolemy/actor/lib/test/auto/ArrayAppendPerformanceTest.xml
----------------- Instantiating /home/travis/build/icyphy/ptII/ptolemy/actor/lib/test/auto/ArrayAppendPerformanceTest.xml
19 ms. Memory: 481280K Free: 70281K (15%)
----------------- Invoking toplevel() on ptolemy.moml.MoMLSimpleApplication@57bf8e29
----------------- Done invoking toplevel() on ptolemy.moml.MoMLSimpleApplication@57bf8e29
reloadAllAccessors: .ArrayAppendPerformanceTest

===========================================================================================
----------------- testing Wed Dec 26 03:05:42 UTC 2018 /home/travis/build/icyphy/ptII/ptolemy/actor/lib/test/auto/ArrayAppendWithEmptyInput.xml
----------------- Instantiating /home/travis/build/icyphy/ptII/ptolemy/actor/lib/test/auto/ArrayAppendWithEmptyInput.xml
58 ms. Memory: 719872K Free: 666987K (93%)
----------------- Invoking toplevel() on ptolemy.moml.MoMLSimpleApplication@2be11a2
----------------- Done invoking toplevel() on ptolemy.moml.MoMLSimpleApplication@2be11a2
reloadAllAccessors: .ArrayAppendWithEmptyInput

===========================================================================================
----------------- testing Wed Dec 26 03:05:42 UTC 2018 /home/travis/build/icyphy/ptII/ptolemy/actor/lib/test/auto/ArrayAverage.xml
----------------- Instantiating /home/travis/build/icyphy/ptII/ptolemy/actor/lib/test/auto/ArrayAverage.xml
12 ms. Memory: 719872K Free: 642086K (89%)
----------------- Invoking toplevel() on ptolemy.moml.MoMLSimpleApplication@75f76bca
----------------- Done invoking toplevel() on ptolemy.moml.MoMLSimpleApplication@75f76bca
reloadAllAccessors: .ArrayAverage

===========================================================================================
----------------- testing Wed Dec 26 03:05:42 UTC 2018 /home/travis/build/icyphy/ptII/ptolemy/actor/lib/test/auto/ArrayContains.xml
----------------- Instantiating /home/travis/build/icyphy/ptII/ptolemy/actor/lib/test/auto/ArrayContains.xml
5 ms. Memory: 719872K Free: 633642K (88%)
----------------- Invoking toplevel() on ptolemy.moml.MoMLSimpleApplication@6f1e3a19
----------------- Done invoking toplevel() on ptolemy.moml.MoMLSimpleApplication@6f1e3a19
reloadAllAccessors: .ArrayContains

===========================================================================================
----------------- testing Wed Dec 26 03:05:42 UTC 2018 /home/travis/build/icyphy/ptII/ptolemy/actor/lib/test/auto/ArrayElement.xml
----------------- Instantiating /home/travis/build/icyphy/ptII/ptolemy/actor/lib/test/auto/ArrayElement.xml
6 ms. Memory: 719872K Free: 625327K (87%)
----------------- Invoking toplevel() on ptolemy.moml.MoMLSimpleApplication@59182734
----------------- Done invoking toplevel() on ptolemy.moml.MoMLSimpleApplication@59182734
reloadAllAccessors: .ArrayElement

===========================================================================================
----------------- testing Wed Dec 26 03:05:42 UTC 2018 /home/travis/build/icyphy/ptII/ptolemy/actor/lib/test/auto/ArrayElementAsMatrix.xml
----------------- Instantiating /home/travis/build/icyphy/ptII/ptolemy/actor/lib/test/auto/ArrayElementAsMatrix.xml
24 ms. Memory: 719872K Free: 612838K (85%)
----------------- Invoking toplevel() on ptolemy.moml.MoMLSimpleApplication@45ad7ce6
----------------- Done invoking toplevel() on ptolemy.moml.MoMLSimpleApplication@45ad7ce6
reloadAllAccessors: .ArrayElementAsMatrix

===========================================================================================
----------------- testing Wed Dec 26 03:05:42 UTC 2018 /home/travis/build/icyphy/ptII/ptolemy/actor/lib/test/auto/ArrayElementI.xml
----------------- Instantiating /home/travis/build/icyphy/ptII/ptolemy/actor/lib/test/auto/ArrayElementI.xml
3 ms. Memory: 719872K Free: 595283K (83%)
----------------- Invoking toplevel() on ptolemy.moml.MoMLSimpleApplication@4d7ac52f
----------------- Done invoking toplevel() on ptolemy.moml.MoMLSimpleApplication@4d7ac52f
reloadAllAccessors: .ArrayElementI

===========================================================================================
----------------- testing Wed Dec 26 03:05:42 UTC 2018 /home/travis/build/icyphy/ptII/ptolemy/actor/lib/test/auto/ArrayExtract.xml
----------------- Instantiating /home/travis/build/icyphy/ptII/ptolemy/actor/lib/test/auto/ArrayExtract.xml
6 ms. Memory: 719872K Free: 582794K (81%)
----------------- Invoking toplevel() on ptolemy.moml.MoMLSimpleApplication@ac7a71a
----------------- Done invoking toplevel() on ptolemy.moml.MoMLSimpleApplication@ac7a71a
reloadAllAccessors: .ArrayExtract

===========================================================================================
----------------- testing Wed Dec 26 03:05:42 UTC 2018 /home/travis/build/icyphy/ptII/ptolemy/actor/lib/test/auto/ArrayExtract2.xml
----------------- Instantiating /home/travis/build/icyphy/ptII/ptolemy/actor/lib/test/auto/ArrayExtract2.xml
1 ms. Memory: 719872K Free: 574479K (80%)
----------------- Invoking toplevel() on ptolemy.moml.MoMLSimpleApplication@387d8109
----------------- Done invoking toplevel() on ptolemy.moml.MoMLSimpleApplication@387d8109
reloadAllAccessors: .ArrayExtract2

===========================================================================================
----------------- testing Wed Dec 26 03:05:42 UTC 2018 /home/travis/build/icyphy/ptII/ptolemy/actor/lib/test/auto/ArrayLength.xml
----------------- Instantiating /home/travis/build/icyphy/ptII/ptolemy/actor/lib/test/auto/ArrayLength.xml
1 ms. Memory: 719872K Free: 566164K (79%)
----------------- Invoking toplevel() on ptolemy.moml.MoMLSimpleApplication@12c67f1e
----------------- Done invoking toplevel() on ptolemy.moml.MoMLSimpleApplication@12c67f1e
reloadAllAccessors: .ArrayLength

===========================================================================================
----------------- testing Wed Dec 26 03:05:42 UTC 2018 /home/travis/build/icyphy/ptII/ptolemy/actor/lib/test/auto/ArrayLevelCrossing.xml
----------------- Instantiating /home/travis/build/icyphy/ptII/ptolemy/actor/lib/test/auto/ArrayLevelCrossing.xml
5 ms. Memory: 719872K Free: 544443K (76%)
----------------- Invoking toplevel() on ptolemy.moml.MoMLSimpleApplication@6031f095
----------------- Done invoking toplevel() on ptolemy.moml.MoMLSimpleApplication@6031f095
reloadAllAccessors: .ArrayLevelCrossing

===========================================================================================
----------------- testing Wed Dec 26 03:05:42 UTC 2018 /home/travis/build/icyphy/ptII/ptolemy/actor/lib/test/auto/ArrayLevelCrossing2.xml
----------------- Instantiating /home/travis/build/icyphy/ptII/ptolemy/actor/lib/test/auto/ArrayLevelCrossing2.xml
6 ms. Memory: 719872K Free: 531955K (74%)
----------------- Invoking toplevel() on ptolemy.moml.MoMLSimpleApplication@b50d30b
----------------- Done invoking toplevel() on ptolemy.moml.MoMLSimpleApplication@b50d30b
reloadAllAccessors: .ArrayLevelCrossing2

===========================================================================================
----------------- testing Wed Dec 26 03:05:42 UTC 2018 /home/travis/build/icyphy/ptII/ptolemy/actor/lib/test/auto/ArrayPeakSearch.xml
----------------- Instantiating /home/travis/build/icyphy/ptII/ptolemy/actor/lib/test/auto/ArrayPeakSearch.xml
6 ms. Memory: 719872K Free: 519475K (72%)
----------------- Invoking toplevel() on ptolemy.moml.MoMLSimpleApplication@6a4cdee1
----------------- Done invoking toplevel() on ptolemy.moml.MoMLSimpleApplication@6a4cdee1
reloadAllAccessors: .ArrayPeakSearch

===========================================================================================
----------------- testing Wed Dec 26 03:05:42 UTC 2018 /home/travis/build/icyphy/ptII/ptolemy/actor/lib/test/auto/ArrayPeakSearch2.xml
----------------- Instantiating /home/travis/build/icyphy/ptII/ptolemy/actor/lib/test/auto/ArrayPeakSearch2.xml
7 ms. Memory: 719872K Free: 506986K (70%)
----------------- Invoking toplevel() on ptolemy.moml.MoMLSimpleApplication@50d721b3
----------------- Done invoking toplevel() on ptolemy.moml.MoMLSimpleApplication@50d721b3
reloadAllAccessors: .ArrayPeakSearch2

===========================================================================================
----------------- testing Wed Dec 26 03:05:42 UTC 2018 /home/travis/build/icyphy/ptII/ptolemy/actor/lib/test/auto/ArrayPeakSearch3.xml
----------------- Instantiating /home/travis/build/icyphy/ptII/ptolemy/actor/lib/test/auto/ArrayPeakSearch3.xml
7 ms. Memory: 719872K Free: 485257K (67%)
----------------- Invoking toplevel() on ptolemy.moml.MoMLSimpleApplication@4aa1df8c
----------------- Done invoking toplevel() on ptolemy.moml.MoMLSimpleApplication@4aa1df8c
reloadAllAccessors: .ArrayPeakSearch3

===========================================================================================
----------------- testing Wed Dec 26 03:05:43 UTC 2018 /home/travis/build/icyphy/ptII/ptolemy/actor/lib/test/auto/ArrayRemoveElement.xml
----------------- Instantiating /home/travis/build/icyphy/ptII/ptolemy/actor/lib/test/auto/ArrayRemoveElement.xml
7 ms. Memory: 719872K Free: 472769K (66%)
----------------- Invoking toplevel() on ptolemy.moml.MoMLSimpleApplication@47ba169d
----------------- Done invoking toplevel() on ptolemy.moml.MoMLSimpleApplication@47ba169d
reloadAllAccessors: .ArrayRemoveElement

===========================================================================================
----------------- testing Wed Dec 26 03:05:43 UTC 2018 /home/travis/build/icyphy/ptII/ptolemy/actor/lib/test/auto/ArraySort.xml
----------------- Instantiating /home/travis/build/icyphy/ptII/ptolemy/actor/lib/test/auto/ArraySort.xml
2 ms. Memory: 719872K Free: 460280K (64%)
----------------- Invoking toplevel() on ptolemy.moml.MoMLSimpleApplication@4a9e3c30
----------------- Done invoking toplevel() on ptolemy.moml.MoMLSimpleApplication@4a9e3c30
reloadAllAccessors: .ArraySort

===========================================================================================
----------------- testing Wed Dec 26 03:05:43 UTC 2018 /home/travis/build/icyphy/ptII/ptolemy/actor/lib/test/auto/ArraySum.xml
----------------- Instantiating /home/travis/build/icyphy/ptII/ptolemy/actor/lib/test/auto/ArraySum.xml
2 ms. Memory: 719872K Free: 451965K (63%)
----------------- Invoking toplevel() on ptolemy.moml.MoMLSimpleApplication@3d6e14e5
----------------- Done invoking toplevel() on ptolemy.moml.MoMLSimpleApplication@3d6e14e5
reloadAllAccessors: .ArraySum

===========================================================================================
----------------- testing Wed Dec 26 03:05:43 UTC 2018 /home/travis/build/icyphy/ptII/ptolemy/actor/lib/test/auto/ArrayToElements.xml
----------------- Instantiating /home/travis/build/icyphy/ptII/ptolemy/actor/lib/test/auto/ArrayToElements.xml
3 ms. Memory: 719872K Free: 434410K (60%)
----------------- Invoking toplevel() on ptolemy.moml.MoMLSimpleApplication@63ec00e5
----------------- Done invoking toplevel() on ptolemy.moml.MoMLSimpleApplication@63ec00e5
reloadAllAccessors: .ArrayToElements

===========================================================================================
----------------- testing Wed Dec 26 03:05:43 UTC 2018 /home/travis/build/icyphy/ptII/ptolemy/actor/lib/test/auto/ArrayToMatrix.xml
----------------- Instantiating /home/travis/build/icyphy/ptII/ptolemy/actor/lib/test/auto/ArrayToMatrix.xml
9 ms. Memory: 719872K Free: 413598K (57%)
----------------- Invoking toplevel() on ptolemy.moml.MoMLSimpleApplication@68fddada
----------------- Done invoking toplevel() on ptolemy.moml.MoMLSimpleApplication@68fddada
reloadAllAccessors: .ArrayToMatrix

===========================================================================================
----------------- testing Wed Dec 26 03:05:43 UTC 2018 /home/travis/build/icyphy/ptII/ptolemy/actor/lib/test/auto/ArrayUpdate1.xml
----------------- Instantiating /home/travis/build/icyphy/ptII/ptolemy/actor/lib/test/auto/ArrayUpdate1.xml
6 ms. Memory: 719872K Free: 405283K (56%)
----------------- Invoking toplevel() on ptolemy.moml.MoMLSimpleApplication@412a86d0
----------------- Done invoking toplevel() on ptolemy.moml.MoMLSimpleApplication@412a86d0
reloadAllAccessors: .ArrayUpdate1

===========================================================================================
----------------- testing Wed Dec 26 03:05:43 UTC 2018 /home/travis/build/icyphy/ptII/ptolemy/actor/lib/test/auto/ArrayUpdate2.xml
----------------- Instantiating /home/travis/build/icyphy/ptII/ptolemy/actor/lib/test/auto/ArrayUpdate2.xml
7 ms. Memory: 719872K Free: 396968K (55%)
----------------- Invoking toplevel() on ptolemy.moml.MoMLSimpleApplication@4708fdfe
----------------- Done invoking toplevel() on ptolemy.moml.MoMLSimpleApplication@4708fdfe
reloadAllAccessors: .ArrayUpdate2

===========================================================================================
----------------- testing Wed Dec 26 03:05:43 UTC 2018 /home/travis/build/icyphy/ptII/ptolemy/actor/lib/test/auto/ArrayUpdate3.xml
----------------- Instantiating /home/travis/build/icyphy/ptII/ptolemy/actor/lib/test/auto/ArrayUpdate3.xml
1 ms. Memory: 719872K Free: 379413K (53%)
----------------- Invoking toplevel() on ptolemy.moml.MoMLSimpleApplication@15fa6bc6
----------------- Done invoking toplevel() on ptolemy.moml.MoMLSimpleApplication@15fa6bc6
reloadAllAccessors: .ArrayUpdate3

===========================================================================================
----------------- testing Wed Dec 26 03:05:43 UTC 2018 /home/travis/build/icyphy/ptII/ptolemy/actor/lib/test/auto/Assert1.xml
----------------- Instantiating /home/travis/build/icyphy/ptII/ptolemy/actor/lib/test/auto/Assert1.xml
2 ms. Memory: 719872K Free: 371098K (52%)
----------------- Invoking toplevel() on ptolemy.moml.MoMLSimpleApplication@5ebfe219
----------------- Done invoking toplevel() on ptolemy.moml.MoMLSimpleApplication@5ebfe219
reloadAllAccessors: .Assert1

===========================================================================================
----------------- testing Wed Dec 26 03:05:43 UTC 2018 /home/travis/build/icyphy/ptII/ptolemy/actor/lib/test/auto/Assert2.xml
----------------- Instantiating /home/travis/build/icyphy/ptII/ptolemy/actor/lib/test/auto/Assert2.xml
2 ms. Memory: 719872K Free: 362783K (50%)
----------------- Invoking toplevel() on ptolemy.moml.MoMLSimpleApplication@61ca9622
----------------- Done invoking toplevel() on ptolemy.moml.MoMLSimpleApplication@61ca9622
reloadAllAccessors: .Assert2

===========================================================================================
----------------- testing Wed Dec 26 03:05:43 UTC 2018 /home/travis/build/icyphy/ptII/ptolemy/actor/lib/test/auto/BooleanMultiplexor.xml
----------------- Instantiating /home/travis/build/icyphy/ptII/ptolemy/actor/lib/test/auto/BooleanMultiplexor.xml
2 ms. Memory: 719872K Free: 354468K (49%)
----------------- Invoking toplevel() on ptolemy.moml.MoMLSimpleApplication@724f53db
----------------- Done invoking toplevel() on ptolemy.moml.MoMLSimpleApplication@724f53db
reloadAllAccessors: .BooleanMultiplexor

===========================================================================================
----------------- testing Wed Dec 26 03:05:43 UTC 2018 /home/travis/build/icyphy/ptII/ptolemy/actor/lib/test/auto/BooleanMultiplexor2.xml
----------------- Instantiating /home/travis/build/icyphy/ptII/ptolemy/actor/lib/test/auto/BooleanMultiplexor2.xml
7 ms. Memory: 719872K Free: 341980K (48%)
----------------- Invoking toplevel() on ptolemy.moml.MoMLSimpleApplication@1c8c9260
----------------- Done invoking toplevel() on ptolemy.moml.MoMLSimpleApplication@1c8c9260
reloadAllAccessors: .BooleanMultiplexor2

===========================================================================================
----------------- testing Wed Dec 26 03:05:43 UTC 2018 /home/travis/build/icyphy/ptII/ptolemy/actor/lib/test/auto/BooleanMultiplexor3.xml
----------------- Instantiating /home/travis/build/icyphy/ptII/ptolemy/actor/lib/test/auto/BooleanMultiplexor3.xml
6 ms. Memory: 719872K Free: 324424K (45%)
----------------- Invoking toplevel() on ptolemy.moml.MoMLSimpleApplication@76f546bc
----------------- Done invoking toplevel() on ptolemy.moml.MoMLSimpleApplication@76f546bc
reloadAllAccessors: .BooleanMultiplexor3

===========================================================================================
----------------- testing Wed Dec 26 03:05:43 UTC 2018 /home/travis/build/icyphy/ptII/ptolemy/actor/lib/test/auto/BooleanSelect.xml
----------------- Instantiating /home/travis/build/icyphy/ptII/ptolemy/actor/lib/test/auto/BooleanSelect.xml
4 ms. Memory: 719872K Free: 316109K (44%)
----------------- Invoking toplevel() on ptolemy.moml.MoMLSimpleApplication@4694827f
----------------- Done invoking toplevel() on ptolemy.moml.MoMLSimpleApplication@4694827f
reloadAllAccessors: .BooleanSelect

===========================================================================================
----------------- testing Wed Dec 26 03:05:43 UTC 2018 /home/travis/build/icyphy/ptII/ptolemy/actor/lib/test/auto/BooleanSelect2.xml
----------------- Instantiating /home/travis/build/icyphy/ptII/ptolemy/actor/lib/test/auto/BooleanSelect2.xml
2 ms. Memory: 719872K Free: 307794K (43%)
----------------- Invoking toplevel() on ptolemy.moml.MoMLSimpleApplication@78c42798
----------------- Done invoking toplevel() on ptolemy.moml.MoMLSimpleApplication@78c42798
reloadAllAccessors: .BooleanSelect2

===========================================================================================
----------------- testing Wed Dec 26 03:05:43 UTC 2018 /home/travis/build/icyphy/ptII/ptolemy/actor/lib/test/auto/BooleanSwitch.xml
----------------- Instantiating /home/travis/build/icyphy/ptII/ptolemy/actor/lib/test/auto/BooleanSwitch.xml
2 ms. Memory: 719872K Free: 299479K (42%)
----------------- Invoking toplevel() on ptolemy.moml.MoMLSimpleApplication@32448924
----------------- Done invoking toplevel() on ptolemy.moml.MoMLSimpleApplication@32448924
reloadAllAccessors: .BooleanSwitch

===========================================================================================
----------------- testing Wed Dec 26 03:05:43 UTC 2018 /home/travis/build/icyphy/ptII/ptolemy/actor/lib/test/auto/BooleanSwitch2.xml
----------------- Instantiating /home/travis/build/icyphy/ptII/ptolemy/actor/lib/test/auto/BooleanSwitch2.xml
1 ms. Memory: 719872K Free: 281924K (39%)
----------------- Invoking toplevel() on ptolemy.moml.MoMLSimpleApplication@49d27ecd
----------------- Done invoking toplevel() on ptolemy.moml.MoMLSimpleApplication@49d27ecd
reloadAllAccessors: .BooleanSwitch2

===========================================================================================
----------------- testing Wed Dec 26 03:05:43 UTC 2018 /home/travis/build/icyphy/ptII/ptolemy/actor/lib/test/auto/BooleanSwitchCloningBugWithClassRelationGroup.xml
----------------- Instantiating /home/travis/build/icyphy/ptII/ptolemy/actor/lib/test/auto/BooleanSwitchCloningBugWithClassRelationGroup.xml
2 ms. Memory: 719872K Free: 269443K (37%)
----------------- Invoking toplevel() on ptolemy.moml.MoMLSimpleApplication@61526c58
----------------- Done invoking toplevel() on ptolemy.moml.MoMLSimpleApplication@61526c58
reloadAllAccessors: .BooleanSwitchCloningBugWithClassRelationGroup

===========================================================================================
----------------- testing Wed Dec 26 03:05:43 UTC 2018 /home/travis/build/icyphy/ptII/ptolemy/actor/lib/test/auto/BusActors.xml
----------------- Instantiating /home/travis/build/icyphy/ptII/ptolemy/actor/lib/test/auto/BusActors.xml
4 ms. Memory: 719872K Free: 256955K (36%)
----------------- Invoking toplevel() on ptolemy.moml.MoMLSimpleApplication@56d58bca
----------------- Done invoking toplevel() on ptolemy.moml.MoMLSimpleApplication@56d58bca
reloadAllAccessors: .BusActors

===========================================================================================
----------------- testing Wed Dec 26 03:05:43 UTC 2018 /home/travis/build/icyphy/ptII/ptolemy/actor/lib/test/auto/ClassWrapper.xml
----------------- Instantiating /home/travis/build/icyphy/ptII/ptolemy/actor/lib/test/auto/ClassWrapper.xml
2 ms. Memory: 719872K Free: 248640K (35%)
----------------- Invoking toplevel() on ptolemy.moml.MoMLSimpleApplication@452bef53
----------------- Done invoking toplevel() on ptolemy.moml.MoMLSimpleApplication@452bef53
reloadAllAccessors: .ClassWrapper

===========================================================================================
----------------- testing Wed Dec 26 03:05:43 UTC 2018 /home/travis/build/icyphy/ptII/ptolemy/actor/lib/test/auto/Clock.xml
----------------- Instantiating /home/travis/build/icyphy/ptII/ptolemy/actor/lib/test/auto/Clock.xml
2 ms. Memory: 719872K Free: 231084K (32%)
----------------- Invoking toplevel() on ptolemy.moml.MoMLSimpleApplication@131161da
----------------- Done invoking toplevel() on ptolemy.moml.MoMLSimpleApplication@131161da
reloadAllAccessors: .Clock

===========================================================================================
----------------- testing Wed Dec 26 03:05:43 UTC 2018 /home/travis/build/icyphy/ptII/ptolemy/actor/lib/test/auto/Clock10.xml
----------------- Instantiating /home/travis/build/icyphy/ptII/ptolemy/actor/lib/test/auto/Clock10.xml
2 ms. Memory: 719872K Free: 222769K (31%)
----------------- Invoking toplevel() on ptolemy.moml.MoMLSimpleApplication@7b235f2b
----------------- Done invoking toplevel() on ptolemy.moml.MoMLSimpleApplication@7b235f2b
reloadAllAccessors: .Clock10

===========================================================================================
----------------- testing Wed Dec 26 03:05:43 UTC 2018 /home/travis/build/icyphy/ptII/ptolemy/actor/lib/test/auto/Clock11.xml
----------------- Instantiating /home/travis/build/icyphy/ptII/ptolemy/actor/lib/test/auto/Clock11.xml
2 ms. Memory: 719872K Free: 214454K (30%)
----------------- Invoking toplevel() on ptolemy.moml.MoMLSimpleApplication@45ec2d43
----------------- Done invoking toplevel() on ptolemy.moml.MoMLSimpleApplication@45ec2d43
reloadAllAccessors: .Clock11

===========================================================================================
----------------- testing Wed Dec 26 03:05:43 UTC 2018 /home/travis/build/icyphy/ptII/ptolemy/actor/lib/test/auto/Clock12.xml
----------------- Instantiating /home/travis/build/icyphy/ptII/ptolemy/actor/lib/test/auto/Clock12.xml
4 ms. Memory: 719872K Free: 206139K (29%)
----------------- Invoking toplevel() on ptolemy.moml.MoMLSimpleApplication@4b84f4be
----------------- Done invoking toplevel() on ptolemy.moml.MoMLSimpleApplication@4b84f4be
reloadAllAccessors: .Clock12

===========================================================================================
----------------- testing Wed Dec 26 03:05:43 UTC 2018 /home/travis/build/icyphy/ptII/ptolemy/actor/lib/test/auto/Clock13.xml
----------------- Instantiating /home/travis/build/icyphy/ptII/ptolemy/actor/lib/test/auto/Clock13.xml
2 ms. Memory: 719872K Free: 188584K (26%)
----------------- Invoking toplevel() on ptolemy.moml.MoMLSimpleApplication@2ec1ffeb
----------------- Done invoking toplevel() on ptolemy.moml.MoMLSimpleApplication@2ec1ffeb
reloadAllAccessors: .Clock13

===========================================================================================
----------------- testing Wed Dec 26 03:05:43 UTC 2018 /home/travis/build/icyphy/ptII/ptolemy/actor/lib/test/auto/Clock14.xml
----------------- Instantiating /home/travis/build/icyphy/ptII/ptolemy/actor/lib/test/auto/Clock14.xml
9 ms. Memory: 719872K Free: 180269K (25%)
----------------- Invoking toplevel() on ptolemy.moml.MoMLSimpleApplication@5d030e26
----------------- Done invoking toplevel() on ptolemy.moml.MoMLSimpleApplication@5d030e26
reloadAllAccessors: .Clock14

===========================================================================================
----------------- testing Wed Dec 26 03:05:43 UTC 2018 /home/travis/build/icyphy/ptII/ptolemy/actor/lib/test/auto/Clock15.xml
----------------- Instantiating /home/travis/build/icyphy/ptII/ptolemy/actor/lib/test/auto/Clock15.xml
3 ms. Memory: 719872K Free: 171954K (24%)
----------------- Invoking toplevel() on ptolemy.moml.MoMLSimpleApplication@36aa21fe
----------------- Done invoking toplevel() on ptolemy.moml.MoMLSimpleApplication@36aa21fe
reloadAllAccessors: .Clock15

===========================================================================================
----------------- testing Wed Dec 26 03:05:43 UTC 2018 /home/travis/build/icyphy/ptII/ptolemy/actor/lib/test/auto/Clock16.xml
----------------- Instantiating /home/travis/build/icyphy/ptII/ptolemy/actor/lib/test/auto/Clock16.xml
17 ms. Memory: 719872K Free: 155316K (22%)
----------------- Invoking toplevel() on ptolemy.moml.MoMLSimpleApplication@440d1988
----------------- Done invoking toplevel() on ptolemy.moml.MoMLSimpleApplication@440d1988
reloadAllAccessors: .Clock16

===========================================================================================
----------------- testing Wed Dec 26 03:05:43 UTC 2018 /home/travis/build/icyphy/ptII/ptolemy/actor/lib/test/auto/Clock17.xml
----------------- Instantiating /home/travis/build/icyphy/ptII/ptolemy/actor/lib/test/auto/Clock17.xml
22 ms. Memory: 719872K Free: 125376K (17%)
----------------- Invoking toplevel() on ptolemy.moml.MoMLSimpleApplication@1e603eec
----------------- Done invoking toplevel() on ptolemy.moml.MoMLSimpleApplication@1e603eec
reloadAllAccessors: .Clock17

===========================================================================================
----------------- testing Wed Dec 26 03:05:43 UTC 2018 /home/travis/build/icyphy/ptII/ptolemy/actor/lib/test/auto/Clock18.xml
----------------- Instantiating /home/travis/build/icyphy/ptII/ptolemy/actor/lib/test/auto/Clock18.xml
15 ms. Memory: 719872K Free: 108730K (15%)
----------------- Invoking toplevel() on ptolemy.moml.MoMLSimpleApplication@788ad7f8
----------------- Done invoking toplevel() on ptolemy.moml.MoMLSimpleApplication@788ad7f8
reloadAllAccessors: .Clock18

===========================================================================================
----------------- testing Wed Dec 26 03:05:43 UTC 2018 /home/travis/build/icyphy/ptII/ptolemy/actor/lib/test/auto/Clock19.xml
----------------- Instantiating /home/travis/build/icyphy/ptII/ptolemy/actor/lib/test/auto/Clock19.xml
14 ms. Memory: 719872K Free: 92084K (13%)
----------------- Invoking toplevel() on ptolemy.moml.MoMLSimpleApplication@761937df
----------------- Done invoking toplevel() on ptolemy.moml.MoMLSimpleApplication@761937df
reloadAllAccessors: .Clock19

===========================================================================================
----------------- testing Wed Dec 26 03:05:43 UTC 2018 /home/travis/build/icyphy/ptII/ptolemy/actor/lib/test/auto/Clock2.xml
----------------- Instantiating /home/travis/build/icyphy/ptII/ptolemy/actor/lib/test/auto/Clock2.xml
2 ms. Memory: 719872K Free: 83769K (12%)
----------------- Invoking toplevel() on ptolemy.moml.MoMLSimpleApplication@1fcfb4b3
----------------- Done invoking toplevel() on ptolemy.moml.MoMLSimpleApplication@1fcfb4b3
reloadAllAccessors: .Clock2

===========================================================================================
----------------- testing Wed Dec 26 03:05:43 UTC 2018 /home/travis/build/icyphy/ptII/ptolemy/actor/lib/test/auto/Clock20.xml
----------------- Instantiating /home/travis/build/icyphy/ptII/ptolemy/actor/lib/test/auto/Clock20.xml
2 ms. Memory: 719872K Free: 66213K (9%)
----------------- Invoking toplevel() on ptolemy.moml.MoMLSimpleApplication@332fed68
----------------- Done invoking toplevel() on ptolemy.moml.MoMLSimpleApplication@332fed68
reloadAllAccessors: .Clock20

===========================================================================================
----------------- testing Wed Dec 26 03:05:43 UTC 2018 /home/travis/build/icyphy/ptII/ptolemy/actor/lib/test/auto/Clock21.xml
----------------- Instantiating /home/travis/build/icyphy/ptII/ptolemy/actor/lib/test/auto/Clock21.xml
2 ms. Memory: 719872K Free: 57898K (8%)
----------------- Invoking toplevel() on ptolemy.moml.MoMLSimpleApplication@5a4a4350
----------------- Done invoking toplevel() on ptolemy.moml.MoMLSimpleApplication@5a4a4350
reloadAllAccessors: .Clock21

===========================================================================================
----------------- testing Wed Dec 26 03:05:44 UTC 2018 /home/travis/build/icyphy/ptII/ptolemy/actor/lib/test/auto/Clock22.xml
----------------- Instantiating /home/travis/build/icyphy/ptII/ptolemy/actor/lib/test/auto/Clock22.xml
2 ms. Memory: 719872K Free: 52756K (7%)
----------------- Invoking toplevel() on ptolemy.moml.MoMLSimpleApplication@2d0529eb
----------------- Done invoking toplevel() on ptolemy.moml.MoMLSimpleApplication@2d0529eb
reloadAllAccessors: .Clock22

===========================================================================================
----------------- testing Wed Dec 26 03:05:44 UTC 2018 /home/travis/build/icyphy/ptII/ptolemy/actor/lib/test/auto/Clock23.xml
----------------- Instantiating /home/travis/build/icyphy/ptII/ptolemy/actor/lib/test/auto/Clock23.xml
7 ms. Memory: 720896K Free: 669940K (93%)
----------------- Invoking toplevel() on ptolemy.moml.MoMLSimpleApplication@e066bbb
----------------- Done invoking toplevel() on ptolemy.moml.MoMLSimpleApplication@e066bbb
reloadAllAccessors: .Clock23

===========================================================================================
----------------- testing Wed Dec 26 03:05:44 UTC 2018 /home/travis/build/icyphy/ptII/ptolemy/actor/lib/test/auto/Clock24.xml
----------------- Instantiating /home/travis/build/icyphy/ptII/ptolemy/actor/lib/test/auto/Clock24.xml
8 ms. Memory: 720896K Free: 654897K (91%)
----------------- Invoking toplevel() on ptolemy.moml.MoMLSimpleApplication@523703f3
----------------- Done invoking toplevel() on ptolemy.moml.MoMLSimpleApplication@523703f3
reloadAllAccessors: .Clock24

===========================================================================================
----------------- testing Wed Dec 26 03:05:44 UTC 2018 /home/travis/build/icyphy/ptII/ptolemy/actor/lib/test/auto/Clock4.xml
----------------- Instantiating /home/travis/build/icyphy/ptII/ptolemy/actor/lib/test/auto/Clock4.xml
2 ms. Memory: 720896K Free: 646582K (90%)
----------------- Invoking toplevel() on ptolemy.moml.MoMLSimpleApplication@3f6685cd
----------------- Done invoking toplevel() on ptolemy.moml.MoMLSimpleApplication@3f6685cd
reloadAllAccessors: .Clock4

===========================================================================================
----------------- testing Wed Dec 26 03:05:44 UTC 2018 /home/travis/build/icyphy/ptII/ptolemy/actor/lib/test/auto/Clock5.xml
----------------- Instantiating /home/travis/build/icyphy/ptII/ptolemy/actor/lib/test/auto/Clock5.xml
5 ms. Memory: 720896K Free: 631540K (88%)
----------------- Invoking toplevel() on ptolemy.moml.MoMLSimpleApplication@26d56f06
----------------- Done invoking toplevel() on ptolemy.moml.MoMLSimpleApplication@26d56f06
reloadAllAccessors: .Clock5

===========================================================================================
----------------- testing Wed Dec 26 03:05:44 UTC 2018 /home/travis/build/icyphy/ptII/ptolemy/actor/lib/test/auto/Clock6.xml
----------------- Instantiating /home/travis/build/icyphy/ptII/ptolemy/actor/lib/test/auto/Clock6.xml
1 ms. Memory: 720896K Free: 623225K (86%)
----------------- Invoking toplevel() on ptolemy.moml.MoMLSimpleApplication@6a738318
----------------- Done invoking toplevel() on ptolemy.moml.MoMLSimpleApplication@6a738318
reloadAllAccessors: .Clock6

===========================================================================================
----------------- testing Wed Dec 26 03:05:44 UTC 2018 /home/travis/build/icyphy/ptII/ptolemy/actor/lib/test/auto/Clock7.xml
----------------- Instantiating /home/travis/build/icyphy/ptII/ptolemy/actor/lib/test/auto/Clock7.xml
2 ms. Memory: 720896K Free: 614910K (85%)
----------------- Invoking toplevel() on ptolemy.moml.MoMLSimpleApplication@10d02a34
----------------- Done invoking toplevel() on ptolemy.moml.MoMLSimpleApplication@10d02a34
reloadAllAccessors: .Clock7

===========================================================================================
----------------- testing Wed Dec 26 03:05:44 UTC 2018 /home/travis/build/icyphy/ptII/ptolemy/actor/lib/test/auto/Clock8.xml
----------------- Instantiating /home/travis/build/icyphy/ptII/ptolemy/actor/lib/test/auto/Clock8.xml
2 ms. Memory: 720896K Free: 599867K (83%)
----------------- Invoking toplevel() on ptolemy.moml.MoMLSimpleApplication@738a669e
----------------- Done invoking toplevel() on ptolemy.moml.MoMLSimpleApplication@738a669e
reloadAllAccessors: .Clock8

===========================================================================================
----------------- testing Wed Dec 26 03:05:44 UTC 2018 /home/travis/build/icyphy/ptII/ptolemy/actor/lib/test/auto/Clock9.xml
----------------- Instantiating /home/travis/build/icyphy/ptII/ptolemy/actor/lib/test/auto/Clock9.xml
6 ms. Memory: 720896K Free: 591552K (82%)
----------------- Invoking toplevel() on ptolemy.moml.MoMLSimpleApplication@17b9b3d7
----------------- Done invoking toplevel() on ptolemy.moml.MoMLSimpleApplication@17b9b3d7
reloadAllAccessors: .Clock9

===========================================================================================
----------------- testing Wed Dec 26 03:05:44 UTC 2018 /home/travis/build/icyphy/ptII/ptolemy/actor/lib/test/auto/CommDistDiscard.xml
----------------- Instantiating /home/travis/build/icyphy/ptII/ptolemy/actor/lib/test/auto/CommDistDiscard.xml
2 ms. Memory: 720896K Free: 583237K (81%)
----------------- Invoking toplevel() on ptolemy.moml.MoMLSimpleApplication@70fee85b
----------------- Done invoking toplevel() on ptolemy.moml.MoMLSimpleApplication@70fee85b
reloadAllAccessors: .CommDistDiscard

===========================================================================================
----------------- testing Wed Dec 26 03:05:44 UTC 2018 /home/travis/build/icyphy/ptII/ptolemy/actor/lib/test/auto/Commutator.xml
----------------- Instantiating /home/travis/build/icyphy/ptII/ptolemy/actor/lib/test/auto/Commutator.xml
1 ms. Memory: 720896K Free: 568194K (79%)
----------------- Invoking toplevel() on ptolemy.moml.MoMLSimpleApplication@74903409
----------------- Done invoking toplevel() on ptolemy.moml.MoMLSimpleApplication@74903409
reloadAllAccessors: .Commutator

===========================================================================================
----------------- testing Wed Dec 26 03:05:44 UTC 2018 /home/travis/build/icyphy/ptII/ptolemy/actor/lib/test/auto/Commutator2.xml
----------------- Instantiating /home/travis/build/icyphy/ptII/ptolemy/actor/lib/test/auto/Commutator2.xml
5 ms. Memory: 720896K Free: 559879K (78%)
----------------- Invoking toplevel() on ptolemy.moml.MoMLSimpleApplication@4458022f
----------------- Done invoking toplevel() on ptolemy.moml.MoMLSimpleApplication@4458022f
reloadAllAccessors: .Commutator2

===========================================================================================
----------------- testing Wed Dec 26 03:05:44 UTC 2018 /home/travis/build/icyphy/ptII/ptolemy/actor/lib/test/auto/Commutator3.xml
----------------- Instantiating /home/travis/build/icyphy/ptII/ptolemy/actor/lib/test/auto/Commutator3.xml
2 ms. Memory: 720896K Free: 551564K (77%)
----------------- Invoking toplevel() on ptolemy.moml.MoMLSimpleApplication@43c77a62
----------------- Done invoking toplevel() on ptolemy.moml.MoMLSimpleApplication@43c77a62
reloadAllAccessors: .Commutator3

===========================================================================================
----------------- testing Wed Dec 26 03:05:44 UTC 2018 /home/travis/build/icyphy/ptII/ptolemy/actor/lib/test/auto/Compare.xml
----------------- Instantiating /home/travis/build/icyphy/ptII/ptolemy/actor/lib/test/auto/Compare.xml
2 ms. Memory: 720896K Free: 532348K (74%)
----------------- Invoking toplevel() on ptolemy.moml.MoMLSimpleApplication@57550ab9
----------------- Done invoking toplevel() on ptolemy.moml.MoMLSimpleApplication@57550ab9
reloadAllAccessors: .Compare

===========================================================================================
----------------- testing Wed Dec 26 03:05:44 UTC 2018 /home/travis/build/icyphy/ptII/ptolemy/actor/lib/test/auto/CompareDE.xml
----------------- Instantiating /home/travis/build/icyphy/ptII/ptolemy/actor/lib/test/auto/CompareDE.xml
2 ms. Memory: 720896K Free: 519859K (72%)
----------------- Invoking toplevel() on ptolemy.moml.MoMLSimpleApplication@20d05850
----------------- Done invoking toplevel() on ptolemy.moml.MoMLSimpleApplication@20d05850
reloadAllAccessors: .CompareDE

===========================================================================================
----------------- testing Wed Dec 26 03:05:44 UTC 2018 /home/travis/build/icyphy/ptII/ptolemy/actor/lib/test/auto/ComplexDivide.xml
----------------- Instantiating /home/travis/build/icyphy/ptII/ptolemy/actor/lib/test/auto/ComplexDivide.xml
1 ms. Memory: 720896K Free: 511544K (71%)
----------------- Invoking toplevel() on ptolemy.moml.MoMLSimpleApplication@a2fd9bc
----------------- Done invoking toplevel() on ptolemy.moml.MoMLSimpleApplication@a2fd9bc
reloadAllAccessors: .ComplexDivide

===========================================================================================
----------------- testing Wed Dec 26 03:05:44 UTC 2018 /home/travis/build/icyphy/ptII/ptolemy/actor/lib/test/auto/ComputeHistogram.xml
----------------- Instantiating /home/travis/build/icyphy/ptII/ptolemy/actor/lib/test/auto/ComputeHistogram.xml
23 ms. Memory: 720896K Free: 488162K (68%)
----------------- Invoking toplevel() on ptolemy.moml.MoMLSimpleApplication@5694a9fb
----------------- Done invoking toplevel() on ptolemy.moml.MoMLSimpleApplication@5694a9fb
reloadAllAccessors: .ComputeHistogram

===========================================================================================
----------------- testing Wed Dec 26 03:05:44 UTC 2018 /home/travis/build/icyphy/ptII/ptolemy/actor/lib/test/auto/ConfigurationSelect.xml
----------------- Instantiating /home/travis/build/icyphy/ptII/ptolemy/actor/lib/test/auto/ConfigurationSelect.xml
2 ms. Memory: 720896K Free: 479847K (67%)
----------------- Invoking toplevel() on ptolemy.moml.MoMLSimpleApplication@578893d5
----------------- Done invoking toplevel() on ptolemy.moml.MoMLSimpleApplication@578893d5
reloadAllAccessors: .ConfigurationSelect

===========================================================================================
----------------- testing Wed Dec 26 03:05:44 UTC 2018 /home/travis/build/icyphy/ptII/ptolemy/actor/lib/test/auto/ConfigurationSelect2.xml
----------------- Instantiating /home/travis/build/icyphy/ptII/ptolemy/actor/lib/test/auto/ConfigurationSelect2.xml
1 ms. Memory: 720896K Free: 471532K (65%)
----------------- Invoking toplevel() on ptolemy.moml.MoMLSimpleApplication@307cf77c
----------------- Done invoking toplevel() on ptolemy.moml.MoMLSimpleApplication@307cf77c
reloadAllAccessors: .ConfigurationSelect2

===========================================================================================
----------------- testing Wed Dec 26 03:05:44 UTC 2018 /home/travis/build/icyphy/ptII/ptolemy/actor/lib/test/auto/ConfigurationSwitch.xml
----------------- Instantiating /home/travis/build/icyphy/ptII/ptolemy/actor/lib/test/auto/ConfigurationSwitch.xml
1 ms. Memory: 720896K Free: 456489K (63%)
----------------- Invoking toplevel() on ptolemy.moml.MoMLSimpleApplication@551d9201
----------------- Done invoking toplevel() on ptolemy.moml.MoMLSimpleApplication@551d9201
reloadAllAccessors: .ConfigurationSwitch

===========================================================================================
----------------- testing Wed Dec 26 03:05:44 UTC 2018 /home/travis/build/icyphy/ptII/ptolemy/actor/lib/test/auto/ConfigurationSwitch2.xml
----------------- Instantiating /home/travis/build/icyphy/ptII/ptolemy/actor/lib/test/auto/ConfigurationSwitch2.xml
5 ms. Memory: 720896K Free: 448174K (62%)
----------------- Invoking toplevel() on ptolemy.moml.MoMLSimpleApplication@3f12cd7f
----------------- Done invoking toplevel() on ptolemy.moml.MoMLSimpleApplication@3f12cd7f
reloadAllAccessors: .ConfigurationSwitch2

===========================================================================================
----------------- testing Wed Dec 26 03:05:44 UTC 2018 /home/travis/build/icyphy/ptII/ptolemy/actor/lib/test/auto/ConfigurationSwitchCloningBugWithClassRelationGroup.xml
----------------- Instantiating /home/travis/build/icyphy/ptII/ptolemy/actor/lib/test/auto/ConfigurationSwitchCloningBugWithClassRelationGroup.xml
1 ms. Memory: 720896K Free: 435686K (60%)
----------------- Invoking toplevel() on ptolemy.moml.MoMLSimpleApplication@7bb33d67
----------------- Done invoking toplevel() on ptolemy.moml.MoMLSimpleApplication@7bb33d67
reloadAllAccessors: .ConfigurationSwitchCloningBugWithClassRelationGroup

===========================================================================================
----------------- testing Wed Dec 26 03:05:44 UTC 2018 /home/travis/build/icyphy/ptII/ptolemy/actor/lib/test/auto/ConfigurationSwitchSelectSDF.xml
----------------- Instantiating /home/travis/build/icyphy/ptII/ptolemy/actor/lib/test/auto/ConfigurationSwitchSelectSDF.xml
2 ms. Memory: 720896K Free: 420643K (58%)
----------------- Invoking toplevel() on ptolemy.moml.MoMLSimpleApplication@207c9b9f
----------------- Done invoking toplevel() on ptolemy.moml.MoMLSimpleApplication@207c9b9f
reloadAllAccessors: .ConfigurationSwitchSelectSDF

===========================================================================================
----------------- testing Wed Dec 26 03:05:44 UTC 2018 /home/travis/build/icyphy/ptII/ptolemy/actor/lib/test/auto/ConfigurationSwitchSelectSDF2.xml
----------------- Instantiating /home/travis/build/icyphy/ptII/ptolemy/actor/lib/test/auto/ConfigurationSwitchSelectSDF2.xml
1 ms. Memory: 720896K Free: 412328K (57%)
----------------- Invoking toplevel() on ptolemy.moml.MoMLSimpleApplication@4de01f1c
----------------- Done invoking toplevel() on ptolemy.moml.MoMLSimpleApplication@4de01f1c
reloadAllAccessors: .ConfigurationSwitchSelectSDF2

===========================================================================================
----------------- testing Wed Dec 26 03:05:44 UTC 2018 /home/travis/build/icyphy/ptII/ptolemy/actor/lib/test/auto/Const.xml
----------------- Instantiating /home/travis/build/icyphy/ptII/ptolemy/actor/lib/test/auto/Const.xml
1 ms. Memory: 720896K Free: 404013K (56%)
----------------- Invoking toplevel() on ptolemy.moml.MoMLSimpleApplication@4c32335a
----------------- Done invoking toplevel() on ptolemy.moml.MoMLSimpleApplication@4c32335a
reloadAllAccessors: .Const

===========================================================================================
----------------- testing Wed Dec 26 03:05:44 UTC 2018 /home/travis/build/icyphy/ptII/ptolemy/actor/lib/test/auto/Const2.xml
----------------- Instantiating /home/travis/build/icyphy/ptII/ptolemy/actor/lib/test/auto/Const2.xml
1 ms. Memory: 720896K Free: 388970K (54%)
----------------- Invoking toplevel() on ptolemy.moml.MoMLSimpleApplication@367e0951
----------------- Done invoking toplevel() on ptolemy.moml.MoMLSimpleApplication@367e0951
reloadAllAccessors: .Const2

===========================================================================================
----------------- testing Wed Dec 26 03:05:44 UTC 2018 /home/travis/build/icyphy/ptII/ptolemy/actor/lib/test/auto/Const3.xml
----------------- Instantiating /home/travis/build/icyphy/ptII/ptolemy/actor/lib/test/auto/Const3.xml
1 ms. Memory: 720896K Free: 380656K (53%)
----------------- Invoking toplevel() on ptolemy.moml.MoMLSimpleApplication@41e8438d
----------------- Done invoking toplevel() on ptolemy.moml.MoMLSimpleApplication@41e8438d
reloadAllAccessors: .Const3

===========================================================================================
----------------- testing Wed Dec 26 03:05:44 UTC 2018 /home/travis/build/icyphy/ptII/ptolemy/actor/lib/test/auto/ConstantPublisherPort1.xml
----------------- Instantiating /home/travis/build/icyphy/ptII/ptolemy/actor/lib/test/auto/ConstantPublisherPort1.xml
5 ms. Memory: 720896K Free: 368167K (51%)
----------------- Invoking toplevel() on ptolemy.moml.MoMLSimpleApplication@376f76dc
----------------- Done invoking toplevel() on ptolemy.moml.MoMLSimpleApplication@376f76dc
reloadAllAccessors: .ConstantPublisherPort1

===========================================================================================
----------------- testing Wed Dec 26 03:05:44 UTC 2018 /home/travis/build/icyphy/ptII/ptolemy/actor/lib/test/auto/ConstantPublisherPort2.xml
----------------- Instantiating /home/travis/build/icyphy/ptII/ptolemy/actor/lib/test/auto/ConstantPublisherPort2.xml
3 ms. Memory: 720896K Free: 348951K (48%)
----------------- Invoking toplevel() on ptolemy.moml.MoMLSimpleApplication@60874e9c
----------------- Done invoking toplevel() on ptolemy.moml.MoMLSimpleApplication@60874e9c
reloadAllAccessors: .ConstantPublisherPort2

===========================================================================================
----------------- testing Wed Dec 26 03:05:44 UTC 2018 /home/travis/build/icyphy/ptII/ptolemy/actor/lib/test/auto/ConstantPublisherPort3.xml
----------------- Instantiating /home/travis/build/icyphy/ptII/ptolemy/actor/lib/test/auto/ConstantPublisherPort3.xml
4 ms. Memory: 720896K Free: 336462K (47%)
----------------- Invoking toplevel() on ptolemy.moml.MoMLSimpleApplication@154c117a
----------------- Done invoking toplevel() on ptolemy.moml.MoMLSimpleApplication@154c117a
reloadAllAccessors: .ConstantPublisherPort3

===========================================================================================
----------------- testing Wed Dec 26 03:05:44 UTC 2018 /home/travis/build/icyphy/ptII/ptolemy/actor/lib/test/auto/ConstantPublisherPort4.xml
----------------- Instantiating /home/travis/build/icyphy/ptII/ptolemy/actor/lib/test/auto/ConstantPublisherPort4.xml
2 ms. Memory: 720896K Free: 323982K (45%)
----------------- Invoking toplevel() on ptolemy.moml.MoMLSimpleApplication@7631a692
----------------- Done invoking toplevel() on ptolemy.moml.MoMLSimpleApplication@7631a692
reloadAllAccessors: .ConstantPublisherPort4

===========================================================================================
----------------- testing Wed Dec 26 03:05:44 UTC 2018 /home/travis/build/icyphy/ptII/ptolemy/actor/lib/test/auto/ConstantPublisherPort5.xml
----------------- Instantiating /home/travis/build/icyphy/ptII/ptolemy/actor/lib/test/auto/ConstantPublisherPort5.xml
23 ms. Memory: 720896K Free: 296467K (41%)
----------------- Invoking toplevel() on ptolemy.moml.MoMLSimpleApplication@5e706c87
----------------- Done invoking toplevel() on ptolemy.moml.MoMLSimpleApplication@5e706c87
reloadAllAccessors: .ConstantPublisherPort5

===========================================================================================
----------------- testing Wed Dec 26 03:05:44 UTC 2018 /home/travis/build/icyphy/ptII/ptolemy/actor/lib/test/auto/ConstantPublisherPort6.xml
----------------- Instantiating /home/travis/build/icyphy/ptII/ptolemy/actor/lib/test/auto/ConstantPublisherPort6.xml
16 ms. Memory: 720896K Free: 271506K (38%)
----------------- Invoking toplevel() on ptolemy.moml.MoMLSimpleApplication@7f5fb237
----------------- Done invoking toplevel() on ptolemy.moml.MoMLSimpleApplication@7f5fb237
reloadAllAccessors: .ConstantPublisherPort6

===========================================================================================
----------------- testing Wed Dec 26 03:05:44 UTC 2018 /home/travis/build/icyphy/ptII/ptolemy/actor/lib/test/auto/ConstantPublisherPort7.xml
----------------- Instantiating /home/travis/build/icyphy/ptII/ptolemy/actor/lib/test/auto/ConstantPublisherPort7.xml
7 ms. Memory: 720896K Free: 246545K (34%)
----------------- Invoking toplevel() on ptolemy.moml.MoMLSimpleApplication@176d3a59
----------------- Done invoking toplevel() on ptolemy.moml.MoMLSimpleApplication@176d3a59
reloadAllAccessors: .ConstantPublisherPort7

===========================================================================================
----------------- testing Wed Dec 26 03:05:44 UTC 2018 /home/travis/build/icyphy/ptII/ptolemy/actor/lib/test/auto/ConstraintMonitor1.xml
----------------- Instantiating /home/travis/build/icyphy/ptII/ptolemy/actor/lib/test/auto/ConstraintMonitor1.xml
6 ms. Memory: 720896K Free: 231502K (32%)
----------------- Invoking toplevel() on ptolemy.moml.MoMLSimpleApplication@12eb57e7
----------------- Done invoking toplevel() on ptolemy.moml.MoMLSimpleApplication@12eb57e7
reloadAllAccessors: .ConstraintMonitor1

===========================================================================================
----------------- testing Wed Dec 26 03:05:44 UTC 2018 /home/travis/build/icyphy/ptII/ptolemy/actor/lib/test/auto/ConstraintMonitor2.xml
----------------- Instantiating /home/travis/build/icyphy/ptII/ptolemy/actor/lib/test/auto/ConstraintMonitor2.xml
6 ms. Memory: 720896K Free: 223187K (31%)
----------------- Invoking toplevel() on ptolemy.moml.MoMLSimpleApplication@5e9707b6
----------------- Done invoking toplevel() on ptolemy.moml.MoMLSimpleApplication@5e9707b6
reloadAllAccessors: .ConstraintMonitor2

===========================================================================================
----------------- testing Wed Dec 26 03:05:44 UTC 2018 /home/travis/build/icyphy/ptII/ptolemy/actor/lib/test/auto/ConstraintMonitor3.xml
----------------- Instantiating /home/travis/build/icyphy/ptII/ptolemy/actor/lib/test/auto/ConstraintMonitor3.xml
2 ms. Memory: 720896K Free: 214872K (30%)
----------------- Invoking toplevel() on ptolemy.moml.MoMLSimpleApplication@19f50b14
----------------- Done invoking toplevel() on ptolemy.moml.MoMLSimpleApplication@19f50b14
reloadAllAccessors: .ConstraintMonitor3

===========================================================================================
----------------- testing Wed Dec 26 03:05:44 UTC 2018 /home/travis/build/icyphy/ptII/ptolemy/actor/lib/test/auto/ConstraintMonitor4.xml
----------------- Instantiating /home/travis/build/icyphy/ptII/ptolemy/actor/lib/test/auto/ConstraintMonitor4.xml
2 ms. Memory: 720896K Free: 199829K (28%)
----------------- Invoking toplevel() on ptolemy.moml.MoMLSimpleApplication@6fe85ef1
----------------- Done invoking toplevel() on ptolemy.moml.MoMLSimpleApplication@6fe85ef1
reloadAllAccessors: .ConstraintMonitor4

===========================================================================================
----------------- testing Wed Dec 26 03:05:44 UTC 2018 /home/travis/build/icyphy/ptII/ptolemy/actor/lib/test/auto/ConstraintMonitor5.xml
----------------- Instantiating /home/travis/build/icyphy/ptII/ptolemy/actor/lib/test/auto/ConstraintMonitor5.xml
5 ms. Memory: 720896K Free: 191514K (27%)
----------------- Invoking toplevel() on ptolemy.moml.MoMLSimpleApplication@981f7d6
----------------- Done invoking toplevel() on ptolemy.moml.MoMLSimpleApplication@981f7d6
reloadAllAccessors: .ConstraintMonitor5

===========================================================================================
----------------- testing Wed Dec 26 03:05:44 UTC 2018 /home/travis/build/icyphy/ptII/ptolemy/actor/lib/test/auto/ConstraintMonitor6.xml
----------------- Instantiating /home/travis/build/icyphy/ptII/ptolemy/actor/lib/test/auto/ConstraintMonitor6.xml
2 ms. Memory: 720896K Free: 183199K (25%)
----------------- Invoking toplevel() on ptolemy.moml.MoMLSimpleApplication@fae015
----------------- Done invoking toplevel() on ptolemy.moml.MoMLSimpleApplication@fae015
reloadAllAccessors: .ConstraintMonitor6

===========================================================================================
----------------- testing Wed Dec 26 03:05:44 UTC 2018 /home/travis/build/icyphy/ptII/ptolemy/actor/lib/test/auto/ConstraintMonitor7.xml
----------------- Instantiating /home/travis/build/icyphy/ptII/ptolemy/actor/lib/test/auto/ConstraintMonitor7.xml
5 ms. Memory: 720896K Free: 163983K (23%)
----------------- Invoking toplevel() on ptolemy.moml.MoMLSimpleApplication@7cb582b9
----------------- Done invoking toplevel() on ptolemy.moml.MoMLSimpleApplication@7cb582b9
reloadAllAccessors: .ConstraintMonitor7

===========================================================================================
----------------- testing Wed Dec 26 03:05:44 UTC 2018 /home/travis/build/icyphy/ptII/ptolemy/actor/lib/test/auto/ConstraintMonitor8.xml
----------------- Instantiating /home/travis/build/icyphy/ptII/ptolemy/actor/lib/test/auto/ConstraintMonitor8.xml
3 ms. Memory: 720896K Free: 151494K (21%)
----------------- Invoking toplevel() on ptolemy.moml.MoMLSimpleApplication@4f6bbf3b
----------------- Done invoking toplevel() on ptolemy.moml.MoMLSimpleApplication@4f6bbf3b
reloadAllAccessors: .ConstraintMonitor8

===========================================================================================
----------------- testing Wed Dec 26 03:05:44 UTC 2018 /home/travis/build/icyphy/ptII/ptolemy/actor/lib/test/auto/Counter.xml
----------------- Instantiating /home/travis/build/icyphy/ptII/ptolemy/actor/lib/test/auto/Counter.xml
1 ms. Memory: 720896K Free: 143179K (20%)
----------------- Invoking toplevel() on ptolemy.moml.MoMLSimpleApplication@19fb310a
----------------- Done invoking toplevel() on ptolemy.moml.MoMLSimpleApplication@19fb310a
reloadAllAccessors: .Counter

===========================================================================================
----------------- testing Wed Dec 26 03:05:44 UTC 2018 /home/travis/build/icyphy/ptII/ptolemy/actor/lib/test/auto/CurrentTimeSDF.xml
----------------- Instantiating /home/travis/build/icyphy/ptII/ptolemy/actor/lib/test/auto/CurrentTimeSDF.xml
1 ms. Memory: 720896K Free: 128137K (18%)
----------------- Invoking toplevel() on ptolemy.moml.MoMLSimpleApplication@dee1fac
----------------- Done invoking toplevel() on ptolemy.moml.MoMLSimpleApplication@dee1fac
reloadAllAccessors: .CurrentTimeSDF

===========================================================================================
----------------- testing Wed Dec 26 03:05:44 UTC 2018 /home/travis/build/icyphy/ptII/ptolemy/actor/lib/test/auto/DB.xml
----------------- Instantiating /home/travis/build/icyphy/ptII/ptolemy/actor/lib/test/auto/DB.xml
2 ms. Memory: 720896K Free: 119822K (17%)
----------------- Invoking toplevel() on ptolemy.moml.MoMLSimpleApplication@1792cf39
----------------- Done invoking toplevel() on ptolemy.moml.MoMLSimpleApplication@1792cf39
reloadAllAccessors: .DB

===========================================================================================
----------------- testing Wed Dec 26 03:05:44 UTC 2018 /home/travis/build/icyphy/ptII/ptolemy/actor/lib/test/auto/DBDE.xml
----------------- Instantiating /home/travis/build/icyphy/ptII/ptolemy/actor/lib/test/auto/DBDE.xml
2 ms. Memory: 720896K Free: 111507K (15%)
----------------- Invoking toplevel() on ptolemy.moml.MoMLSimpleApplication@cf7e09f
----------------- Done invoking toplevel() on ptolemy.moml.MoMLSimpleApplication@cf7e09f
reloadAllAccessors: .DBDE

===========================================================================================
----------------- testing Wed Dec 26 03:05:44 UTC 2018 /home/travis/build/icyphy/ptII/ptolemy/actor/lib/test/auto/DateConstructor.xml
----------------- Instantiating /home/travis/build/icyphy/ptII/ptolemy/actor/lib/test/auto/DateConstructor.xml
10 ms. Memory: 720896K Free: 83951K (12%)
----------------- Invoking toplevel() on ptolemy.moml.MoMLSimpleApplication@42304490
----------------- Done invoking toplevel() on ptolemy.moml.MoMLSimpleApplication@42304490
reloadAllAccessors: .DateConstructor

===========================================================================================
----------------- testing Wed Dec 26 03:05:45 UTC 2018 /home/travis/build/icyphy/ptII/ptolemy/actor/lib/test/auto/DelayTime.xml
----------------- Instantiating /home/travis/build/icyphy/ptII/ptolemy/actor/lib/test/auto/DelayTime.xml
2 ms. Memory: 720896K Free: 75636K (10%)
----------------- Invoking toplevel() on ptolemy.moml.MoMLSimpleApplication@4767e9df
----------------- Done invoking toplevel() on ptolemy.moml.MoMLSimpleApplication@4767e9df
reloadAllAccessors: .DelayTime

===========================================================================================
----------------- testing Wed Dec 26 03:05:45 UTC 2018 /home/travis/build/icyphy/ptII/ptolemy/actor/lib/test/auto/Dictionary1.xml
----------------- Instantiating /home/travis/build/icyphy/ptII/ptolemy/actor/lib/test/auto/Dictionary1.xml
1 ms. Memory: 720896K Free: 67321K (9%)
----------------- Invoking toplevel() on ptolemy.moml.MoMLSimpleApplication@50e5f5b0
----------------- Done invoking toplevel() on ptolemy.moml.MoMLSimpleApplication@50e5f5b0
reloadAllAccessors: .Dictionary1

===========================================================================================
----------------- testing Wed Dec 26 03:05:45 UTC 2018 /home/travis/build/icyphy/ptII/ptolemy/actor/lib/test/auto/Dictionary2.xml
----------------- Instantiating /home/travis/build/icyphy/ptII/ptolemy/actor/lib/test/auto/Dictionary2.xml
1 ms. Memory: 720896K Free: 54723K (8%)
----------------- Invoking toplevel() on ptolemy.moml.MoMLSimpleApplication@6ce04b76
----------------- Done invoking toplevel() on ptolemy.moml.MoMLSimpleApplication@6ce04b76
reloadAllAccessors: .Dictionary2

===========================================================================================
----------------- testing Wed Dec 26 03:05:45 UTC 2018 /home/travis/build/icyphy/ptII/ptolemy/actor/lib/test/auto/Dictionary3.xml
----------------- Instantiating /home/travis/build/icyphy/ptII/ptolemy/actor/lib/test/auto/Dictionary3.xml
1 ms. Memory: 1095680K Free: 1033082K (94%)
----------------- Invoking toplevel() on ptolemy.moml.MoMLSimpleApplication@516d57fc
----------------- Done invoking toplevel() on ptolemy.moml.MoMLSimpleApplication@516d57fc
reloadAllAccessors: .Dictionary3

===========================================================================================
----------------- testing Wed Dec 26 03:05:45 UTC 2018 /home/travis/build/icyphy/ptII/ptolemy/actor/lib/test/auto/Dictionary4.xml
----------------- Instantiating /home/travis/build/icyphy/ptII/ptolemy/actor/lib/test/auto/Dictionary4.xml
2 ms. Memory: 1095680K Free: 1011493K (92%)
----------------- Invoking toplevel() on ptolemy.moml.MoMLSimpleApplication@77106aa2
----------------- Done invoking toplevel() on ptolemy.moml.MoMLSimpleApplication@77106aa2
reloadAllAccessors: .Dictionary4

===========================================================================================
----------------- testing Wed Dec 26 03:05:45 UTC 2018 /home/travis/build/icyphy/ptII/ptolemy/actor/lib/test/auto/Differential.xml
----------------- Instantiating /home/travis/build/icyphy/ptII/ptolemy/actor/lib/test/auto/Differential.xml
1 ms. Memory: 1095680K Free: 998187K (91%)
----------------- Invoking toplevel() on ptolemy.moml.MoMLSimpleApplication@2f17b732
----------------- Done invoking toplevel() on ptolemy.moml.MoMLSimpleApplication@2f17b732
reloadAllAccessors: .Differential

===========================================================================================
----------------- testing Wed Dec 26 03:05:45 UTC 2018 /home/travis/build/icyphy/ptII/ptolemy/actor/lib/test/auto/Director.xml
----------------- Instantiating /home/travis/build/icyphy/ptII/ptolemy/actor/lib/test/auto/Director.xml
1 ms. Memory: 1095680K Free: 984882K (90%)
----------------- Invoking toplevel() on ptolemy.moml.MoMLSimpleApplication@2ecb59b8
----------------- Done invoking toplevel() on ptolemy.moml.MoMLSimpleApplication@2ecb59b8
reloadAllAccessors: .Director

===========================================================================================
----------------- testing Wed Dec 26 03:05:45 UTC 2018 /home/travis/build/icyphy/ptII/ptolemy/actor/lib/test/auto/DiscreteClock.xml
----------------- Instantiating /home/travis/build/icyphy/ptII/ptolemy/actor/lib/test/auto/DiscreteClock.xml
1 ms. Memory: 1095680K Free: 963205K (88%)
----------------- Invoking toplevel() on ptolemy.moml.MoMLSimpleApplication@a12b695
----------------- Done invoking toplevel() on ptolemy.moml.MoMLSimpleApplication@a12b695
reloadAllAccessors: .DiscreteClock

===========================================================================================
----------------- testing Wed Dec 26 03:05:45 UTC 2018 /home/travis/build/icyphy/ptII/ptolemy/actor/lib/test/auto/DiscreteClock10.xml
----------------- Instantiating /home/travis/build/icyphy/ptII/ptolemy/actor/lib/test/auto/DiscreteClock10.xml
2 ms. Memory: 1095680K Free: 949900K (87%)
----------------- Invoking toplevel() on ptolemy.moml.MoMLSimpleApplication@7b2f1f3a
----------------- Done invoking toplevel() on ptolemy.moml.MoMLSimpleApplication@7b2f1f3a
reloadAllAccessors: .DiscreteClock10

===========================================================================================
----------------- testing Wed Dec 26 03:05:45 UTC 2018 /home/travis/build/icyphy/ptII/ptolemy/actor/lib/test/auto/DiscreteClock11.xml
----------------- Instantiating /home/travis/build/icyphy/ptII/ptolemy/actor/lib/test/auto/DiscreteClock11.xml
2 ms. Memory: 1095680K Free: 936595K (85%)
----------------- Invoking toplevel() on ptolemy.moml.MoMLSimpleApplication@79b9ff68
----------------- Done invoking toplevel() on ptolemy.moml.MoMLSimpleApplication@79b9ff68
reloadAllAccessors: .DiscreteClock11

===========================================================================================
----------------- testing Wed Dec 26 03:05:45 UTC 2018 /home/travis/build/icyphy/ptII/ptolemy/actor/lib/test/auto/DiscreteClock12.xml
----------------- Instantiating /home/travis/build/icyphy/ptII/ptolemy/actor/lib/test/auto/DiscreteClock12.xml
1 ms. Memory: 1095680K Free: 923289K (84%)
----------------- Invoking toplevel() on ptolemy.moml.MoMLSimpleApplication@59bbc0f
----------------- Done invoking toplevel() on ptolemy.moml.MoMLSimpleApplication@59bbc0f
reloadAllAccessors: .DiscreteClock12

===========================================================================================
----------------- testing Wed Dec 26 03:05:45 UTC 2018 /home/travis/build/icyphy/ptII/ptolemy/actor/lib/test/auto/DiscreteClock13.xml
----------------- Instantiating /home/travis/build/icyphy/ptII/ptolemy/actor/lib/test/auto/DiscreteClock13.xml
2 ms. Memory: 1095680K Free: 901700K (82%)
----------------- Invoking toplevel() on ptolemy.moml.MoMLSimpleApplication@2f71c10e
----------------- Done invoking toplevel() on ptolemy.moml.MoMLSimpleApplication@2f71c10e
reloadAllAccessors: .DiscreteClock13

===========================================================================================
----------------- testing Wed Dec 26 03:05:45 UTC 2018 /home/travis/build/icyphy/ptII/ptolemy/actor/lib/test/auto/DiscreteClock14.xml
----------------- Instantiating /home/travis/build/icyphy/ptII/ptolemy/actor/lib/test/auto/DiscreteClock14.xml
2 ms. Memory: 1095680K Free: 888395K (81%)
----------------- Invoking toplevel() on ptolemy.moml.MoMLSimpleApplication@6cf69f6d
----------------- Done invoking toplevel() on ptolemy.moml.MoMLSimpleApplication@6cf69f6d
reloadAllAccessors: .DiscreteClock14

===========================================================================================
----------------- testing Wed Dec 26 03:05:45 UTC 2018 /home/travis/build/icyphy/ptII/ptolemy/actor/lib/test/auto/DiscreteClock15.xml
----------------- Instantiating /home/travis/build/icyphy/ptII/ptolemy/actor/lib/test/auto/DiscreteClock15.xml
2 ms. Memory: 1095680K Free: 875089K (80%)
----------------- Invoking toplevel() on ptolemy.moml.MoMLSimpleApplication@53693329
----------------- Done invoking toplevel() on ptolemy.moml.MoMLSimpleApplication@53693329
reloadAllAccessors: .DiscreteClock15

===========================================================================================
----------------- testing Wed Dec 26 03:05:45 UTC 2018 /home/travis/build/icyphy/ptII/ptolemy/actor/lib/test/auto/DiscreteClock16.xml
----------------- Instantiating /home/travis/build/icyphy/ptII/ptolemy/actor/lib/test/auto/DiscreteClock16.xml
8 ms. Memory: 1095680K Free: 846829K (77%)
----------------- Invoking toplevel() on ptolemy.moml.MoMLSimpleApplication@5f0e6e3f
----------------- Done invoking toplevel() on ptolemy.moml.MoMLSimpleApplication@5f0e6e3f
reloadAllAccessors: .DiscreteClock16

===========================================================================================
----------------- testing Wed Dec 26 03:05:45 UTC 2018 /home/travis/build/icyphy/ptII/ptolemy/actor/lib/test/auto/DiscreteClock17.xml
----------------- Instantiating /home/travis/build/icyphy/ptII/ptolemy/actor/lib/test/auto/DiscreteClock17.xml
15 ms. Memory: 1095680K Free: 826856K (75%)
----------------- Invoking toplevel() on ptolemy.moml.MoMLSimpleApplication@5c2e9dfb
----------------- Done invoking toplevel() on ptolemy.moml.MoMLSimpleApplication@5c2e9dfb
reloadAllAccessors: .DiscreteClock17

===========================================================================================
----------------- testing Wed Dec 26 03:05:45 UTC 2018 /home/travis/build/icyphy/ptII/ptolemy/actor/lib/test/auto/DiscreteClock18.xml
----------------- Instantiating /home/travis/build/icyphy/ptII/ptolemy/actor/lib/test/auto/DiscreteClock18.xml
23 ms. Memory: 1095680K Free: 806890K (74%)
----------------- Invoking toplevel() on ptolemy.moml.MoMLSimpleApplication@3095c4d8
----------------- Done invoking toplevel() on ptolemy.moml.MoMLSimpleApplication@3095c4d8
reloadAllAccessors: .DiscreteClock18

===========================================================================================
----------------- testing Wed Dec 26 03:05:45 UTC 2018 /home/travis/build/icyphy/ptII/ptolemy/actor/lib/test/auto/DiscreteClock19.xml
----------------- Instantiating /home/travis/build/icyphy/ptII/ptolemy/actor/lib/test/auto/DiscreteClock19.xml
8 ms. Memory: 1095680K Free: 786916K (72%)
----------------- Invoking toplevel() on ptolemy.moml.MoMLSimpleApplication@6ad9fc44
----------------- Done invoking toplevel() on ptolemy.moml.MoMLSimpleApplication@6ad9fc44
reloadAllAccessors: .DiscreteClock19

===========================================================================================
----------------- testing Wed Dec 26 03:05:45 UTC 2018 /home/travis/build/icyphy/ptII/ptolemy/actor/lib/test/auto/DiscreteClock2.xml
----------------- Instantiating /home/travis/build/icyphy/ptII/ptolemy/actor/lib/test/auto/DiscreteClock2.xml
5 ms. Memory: 1095680K Free: 765327K (70%)
----------------- Invoking toplevel() on ptolemy.moml.MoMLSimpleApplication@21a899fd
----------------- Done invoking toplevel() on ptolemy.moml.MoMLSimpleApplication@21a899fd
reloadAllAccessors: .DiscreteClock2

===========================================================================================
----------------- testing Wed Dec 26 03:05:45 UTC 2018 /home/travis/build/icyphy/ptII/ptolemy/actor/lib/test/auto/DiscreteClock20.xml
----------------- Instantiating /home/travis/build/icyphy/ptII/ptolemy/actor/lib/test/auto/DiscreteClock20.xml
7 ms. Memory: 1095680K Free: 752021K (69%)
----------------- Invoking toplevel() on ptolemy.moml.MoMLSimpleApplication@130b0b77
----------------- Done invoking toplevel() on ptolemy.moml.MoMLSimpleApplication@130b0b77
reloadAllAccessors: .DiscreteClock20

===========================================================================================
----------------- testing Wed Dec 26 03:05:45 UTC 2018 /home/travis/build/icyphy/ptII/ptolemy/actor/lib/test/auto/DiscreteClock21.xml
----------------- Instantiating /home/travis/build/icyphy/ptII/ptolemy/actor/lib/test/auto/DiscreteClock21.xml
6 ms. Memory: 1095680K Free: 738716K (67%)
----------------- Invoking toplevel() on ptolemy.moml.MoMLSimpleApplication@29b8af28
----------------- Done invoking toplevel() on ptolemy.moml.MoMLSimpleApplication@29b8af28
reloadAllAccessors: .DiscreteClock21

===========================================================================================
----------------- testing Wed Dec 26 03:05:45 UTC 2018 /home/travis/build/icyphy/ptII/ptolemy/actor/lib/test/auto/DiscreteClock22.xml
----------------- Instantiating /home/travis/build/icyphy/ptII/ptolemy/actor/lib/test/auto/DiscreteClock22.xml
6 ms. Memory: 1095680K Free: 717127K (65%)
----------------- Invoking toplevel() on ptolemy.moml.MoMLSimpleApplication@7d09834f
----------------- Done invoking toplevel() on ptolemy.moml.MoMLSimpleApplication@7d09834f
reloadAllAccessors: .DiscreteClock22

===========================================================================================
----------------- testing Wed Dec 26 03:05:45 UTC 2018 /home/travis/build/icyphy/ptII/ptolemy/actor/lib/test/auto/DiscreteClock23.xml
----------------- Instantiating /home/travis/build/icyphy/ptII/ptolemy/actor/lib/test/auto/DiscreteClock23.xml
5 ms. Memory: 1095680K Free: 703822K (64%)
----------------- Invoking toplevel() on ptolemy.moml.MoMLSimpleApplication@35fdbd2e
----------------- Done invoking toplevel() on ptolemy.moml.MoMLSimpleApplication@35fdbd2e
reloadAllAccessors: .DiscreteClock23

===========================================================================================
----------------- testing Wed Dec 26 03:05:45 UTC 2018 /home/travis/build/icyphy/ptII/ptolemy/actor/lib/test/auto/DiscreteClock24.xml
----------------- Instantiating /home/travis/build/icyphy/ptII/ptolemy/actor/lib/test/auto/DiscreteClock24.xml
4 ms. Memory: 1095680K Free: 690516K (63%)
----------------- Invoking toplevel() on ptolemy.moml.MoMLSimpleApplication@7cb1c9c
----------------- Done invoking toplevel() on ptolemy.moml.MoMLSimpleApplication@7cb1c9c
reloadAllAccessors: .DiscreteClock24

===========================================================================================
----------------- testing Wed Dec 26 03:05:45 UTC 2018 /home/travis/build/icyphy/ptII/ptolemy/actor/lib/test/auto/DiscreteClock4.xml
----------------- Instantiating /home/travis/build/icyphy/ptII/ptolemy/actor/lib/test/auto/DiscreteClock4.xml
1 ms. Memory: 1095680K Free: 677211K (62%)
----------------- Invoking toplevel() on ptolemy.moml.MoMLSimpleApplication@72205ff0
----------------- Done invoking toplevel() on ptolemy.moml.MoMLSimpleApplication@72205ff0
reloadAllAccessors: .DiscreteClock4

===========================================================================================
----------------- testing Wed Dec 26 03:05:45 UTC 2018 /home/travis/build/icyphy/ptII/ptolemy/actor/lib/test/auto/DiscreteClock5.xml
----------------- Instantiating /home/travis/build/icyphy/ptII/ptolemy/actor/lib/test/auto/DiscreteClock5.xml
1 ms. Memory: 1095680K Free: 655622K (60%)
----------------- Invoking toplevel() on ptolemy.moml.MoMLSimpleApplication@2660467
----------------- Done invoking toplevel() on ptolemy.moml.MoMLSimpleApplication@2660467
reloadAllAccessors: .DiscreteClock5

===========================================================================================
----------------- testing Wed Dec 26 03:05:45 UTC 2018 /home/travis/build/icyphy/ptII/ptolemy/actor/lib/test/auto/DiscreteClock6.xml
----------------- Instantiating /home/travis/build/icyphy/ptII/ptolemy/actor/lib/test/auto/DiscreteClock6.xml
0 ms. Memory: 1095680K Free: 642316K (59%)
----------------- Invoking toplevel() on ptolemy.moml.MoMLSimpleApplication@760e66e
----------------- Done invoking toplevel() on ptolemy.moml.MoMLSimpleApplication@760e66e
reloadAllAccessors: .DiscreteClock6

===========================================================================================
----------------- testing Wed Dec 26 03:05:45 UTC 2018 /home/travis/build/icyphy/ptII/ptolemy/actor/lib/test/auto/DiscreteClock7.xml
----------------- Instantiating /home/travis/build/icyphy/ptII/ptolemy/actor/lib/test/auto/DiscreteClock7.xml
1 ms. Memory: 1095680K Free: 629011K (57%)
----------------- Invoking toplevel() on ptolemy.moml.MoMLSimpleApplication@69daa979
----------------- Done invoking toplevel() on ptolemy.moml.MoMLSimpleApplication@69daa979
reloadAllAccessors: .DiscreteClock7

===========================================================================================
----------------- testing Wed Dec 26 03:05:45 UTC 2018 /home/travis/build/icyphy/ptII/ptolemy/actor/lib/test/auto/DiscreteClock8.xml
----------------- Instantiating /home/travis/build/icyphy/ptII/ptolemy/actor/lib/test/auto/DiscreteClock8.xml
6 ms. Memory: 1095680K Free: 607422K (55%)
----------------- Invoking toplevel() on ptolemy.moml.MoMLSimpleApplication@4ce79b5
----------------- Done invoking toplevel() on ptolemy.moml.MoMLSimpleApplication@4ce79b5
reloadAllAccessors: .DiscreteClock8

===========================================================================================
----------------- testing Wed Dec 26 03:05:45 UTC 2018 /home/travis/build/icyphy/ptII/ptolemy/actor/lib/test/auto/DiscreteClock9.xml
----------------- Instantiating /home/travis/build/icyphy/ptII/ptolemy/actor/lib/test/auto/DiscreteClock9.xml
6 ms. Memory: 1095680K Free: 594117K (54%)
----------------- Invoking toplevel() on ptolemy.moml.MoMLSimpleApplication@11ef21e9
----------------- Done invoking toplevel() on ptolemy.moml.MoMLSimpleApplication@11ef21e9
reloadAllAccessors: .DiscreteClock9

===========================================================================================
----------------- testing Wed Dec 26 03:05:45 UTC 2018 /home/travis/build/icyphy/ptII/ptolemy/actor/lib/test/auto/DisplayArray.xml
----------------- Instantiating /home/travis/build/icyphy/ptII/ptolemy/actor/lib/test/auto/DisplayArray.xml
2 ms. Memory: 1095680K Free: 580812K (53%)
----------------- Invoking toplevel() on ptolemy.moml.MoMLSimpleApplication@594b3e29
----------------- Done invoking toplevel() on ptolemy.moml.MoMLSimpleApplication@594b3e29
reloadAllAccessors: .DisplayArray

===========================================================================================
----------------- testing Wed Dec 26 03:05:45 UTC 2018 /home/travis/build/icyphy/ptII/ptolemy/actor/lib/test/auto/Distributor.xml
----------------- Instantiating /home/travis/build/icyphy/ptII/ptolemy/actor/lib/test/auto/Distributor.xml
1 ms. Memory: 1095680K Free: 567506K (52%)
----------------- Invoking toplevel() on ptolemy.moml.MoMLSimpleApplication@1d30ac5c
----------------- Done invoking toplevel() on ptolemy.moml.MoMLSimpleApplication@1d30ac5c
reloadAllAccessors: .Distributor

===========================================================================================
----------------- testing Wed Dec 26 03:05:45 UTC 2018 /home/travis/build/icyphy/ptII/ptolemy/actor/lib/test/auto/Distributor2.xml
----------------- Instantiating /home/travis/build/icyphy/ptII/ptolemy/actor/lib/test/auto/Distributor2.xml
5 ms. Memory: 1095680K Free: 545917K (50%)
----------------- Invoking toplevel() on ptolemy.moml.MoMLSimpleApplication@5860c6a5
----------------- Done invoking toplevel() on ptolemy.moml.MoMLSimpleApplication@5860c6a5
reloadAllAccessors: .Distributor2

===========================================================================================
----------------- testing Wed Dec 26 03:05:45 UTC 2018 /home/travis/build/icyphy/ptII/ptolemy/actor/lib/test/auto/DownSample.xml
----------------- Instantiating /home/travis/build/icyphy/ptII/ptolemy/actor/lib/test/auto/DownSample.xml
2 ms. Memory: 1095680K Free: 532612K (49%)
----------------- Invoking toplevel() on ptolemy.moml.MoMLSimpleApplication@4d2d39ac
----------------- Done invoking toplevel() on ptolemy.moml.MoMLSimpleApplication@4d2d39ac
reloadAllAccessors: .DownSample

===========================================================================================
----------------- testing Wed Dec 26 03:05:45 UTC 2018 /home/travis/build/icyphy/ptII/ptolemy/actor/lib/test/auto/ElectronicUnitBase1.xml
----------------- Instantiating /home/travis/build/icyphy/ptII/ptolemy/actor/lib/test/auto/ElectronicUnitBase1.xml
21 ms. Memory: 1114112K Free: 1049156K (94%)
----------------- Invoking toplevel() on ptolemy.moml.MoMLSimpleApplication@6d72a25b
----------------- Done invoking toplevel() on ptolemy.moml.MoMLSimpleApplication@6d72a25b
reloadAllAccessors: .ElectronicUnitBase1

===========================================================================================
----------------- testing Wed Dec 26 03:05:46 UTC 2018 /home/travis/build/icyphy/ptII/ptolemy/actor/lib/test/auto/ElementsToArray.xml
----------------- Instantiating /home/travis/build/icyphy/ptII/ptolemy/actor/lib/test/auto/ElementsToArray.xml
3 ms. Memory: 1114112K Free: 1029529K (92%)
----------------- Invoking toplevel() on ptolemy.moml.MoMLSimpleApplication@6fbf2f9d
----------------- Done invoking toplevel() on ptolemy.moml.MoMLSimpleApplication@6fbf2f9d
reloadAllAccessors: .ElementsToArray

===========================================================================================
----------------- testing Wed Dec 26 03:05:46 UTC 2018 /home/travis/build/icyphy/ptII/ptolemy/actor/lib/test/auto/Equals.xml
----------------- Instantiating /home/travis/build/icyphy/ptII/ptolemy/actor/lib/test/auto/Equals.xml
2 ms. Memory: 1114112K Free: 1016224K (91%)
----------------- Invoking toplevel() on ptolemy.moml.MoMLSimpleApplication@5a4c98c5
----------------- Done invoking toplevel() on ptolemy.moml.MoMLSimpleApplication@5a4c98c5
reloadAllAccessors: .Equals

===========================================================================================
----------------- testing Wed Dec 26 03:05:46 UTC 2018 /home/travis/build/icyphy/ptII/ptolemy/actor/lib/test/auto/Exec.xml
----------------- Instantiating /home/travis/build/icyphy/ptII/ptolemy/actor/lib/test/auto/Exec.xml
11 ms. Memory: 1114112K Free: 986619K (89%)
----------------- Invoking toplevel() on ptolemy.moml.MoMLSimpleApplication@3bab00d5
----------------- Done invoking toplevel() on ptolemy.moml.MoMLSimpleApplication@3bab00d5
reloadAllAccessors: .Exec

===========================================================================================
----------------- testing Wed Dec 26 03:05:46 UTC 2018 /home/travis/build/icyphy/ptII/ptolemy/actor/lib/test/auto/ExecEnvironment.xml
----------------- Instantiating /home/travis/build/icyphy/ptII/ptolemy/actor/lib/test/auto/ExecEnvironment.xml
22 ms. Memory: 1114112K Free: 973313K (87%)
----------------- Invoking toplevel() on ptolemy.moml.MoMLSimpleApplication@339d7793
----------------- Done invoking toplevel() on ptolemy.moml.MoMLSimpleApplication@339d7793
reloadAllAccessors: .ExecEnvironment

===========================================================================================
----------------- testing Wed Dec 26 03:05:46 UTC 2018 /home/travis/build/icyphy/ptII/ptolemy/actor/lib/test/auto/ExecNonZeroReturnOutput.xml
----------------- Instantiating /home/travis/build/icyphy/ptII/ptolemy/actor/lib/test/auto/ExecNonZeroReturnOutput.xml
113 ms. Memory: 1114112K Free: 873467K (78%)
----------------- Invoking toplevel() on ptolemy.moml.MoMLSimpleApplication@4274f67c
----------------- Done invoking toplevel() on ptolemy.moml.MoMLSimpleApplication@4274f67c
reloadAllAccessors: .ExecNonZeroReturnOutput

===========================================================================================
----------------- testing Wed Dec 26 03:05:46 UTC 2018 /home/travis/build/icyphy/ptII/ptolemy/actor/lib/test/auto/ExecRunDemos.xml
----------------- Instantiating /home/travis/build/icyphy/ptII/ptolemy/actor/lib/test/auto/ExecRunDemos.xml
Finished: 52 ms. Memory: 116224K Free: 100103K (86%)

Finished: 34 ms. Memory: 116224K Free: 96343K (83%)

Finished: 60 ms. Memory: 116224K Free: 96891K (83%)

Finished: 46 ms. Memory: 116224K Free: 98268K (85%)

Finished: 35 ms. Memory: 116224K Free: 100063K (86%)

9381 ms. Memory: 1114112K Free: 773965K (69%)
----------------- Invoking toplevel() on ptolemy.moml.MoMLSimpleApplication@6240c8a6
----------------- Done invoking toplevel() on ptolemy.moml.MoMLSimpleApplication@6240c8a6
reloadAllAccessors: .ExecRunDemos

===========================================================================================
----------------- testing Wed Dec 26 03:05:55 UTC 2018 /home/travis/build/icyphy/ptII/ptolemy/actor/lib/test/auto/ExecStop.xml
----------------- Instantiating /home/travis/build/icyphy/ptII/ptolemy/actor/lib/test/auto/ExecStop.xml
5013 ms. Memory: 1114112K Free: 600996K (54%)
----------------- Invoking toplevel() on ptolemy.moml.MoMLSimpleApplication@4d802b2f
----------------- Done invoking toplevel() on ptolemy.moml.MoMLSimpleApplication@4d802b2f
reloadAllAccessors: .ExecStop

===========================================================================================
----------------- testing Wed Dec 26 03:06:01 UTC 2018 /home/travis/build/icyphy/ptII/ptolemy/actor/lib/test/auto/ExecutionTimeSDF.xml
----------------- Instantiating /home/travis/build/icyphy/ptII/ptolemy/actor/lib/test/auto/ExecutionTimeSDF.xml
Fired ExecutionTime: -534967296
Fired ExecutionTime: 977600000
Fired ExecutionTime: 1000400000
6003 ms. Memory: 1114112K Free: 581022K (52%)
----------------- Invoking toplevel() on ptolemy.moml.MoMLSimpleApplication@1b1e3199
----------------- Done invoking toplevel() on ptolemy.moml.MoMLSimpleApplication@1b1e3199
reloadAllAccessors: .ExecutionTimeSDF

===========================================================================================
----------------- testing Wed Dec 26 03:06:07 UTC 2018 /home/travis/build/icyphy/ptII/ptolemy/actor/lib/test/auto/Expression1.xml
----------------- Instantiating /home/travis/build/icyphy/ptII/ptolemy/actor/lib/test/auto/Expression1.xml
1 ms. Memory: 1114112K Free: 561396K (50%)
----------------- Invoking toplevel() on ptolemy.moml.MoMLSimpleApplication@2d4ddb65
----------------- Done invoking toplevel() on ptolemy.moml.MoMLSimpleApplication@2d4ddb65
reloadAllAccessors: .Expression1

===========================================================================================
----------------- testing Wed Dec 26 03:06:07 UTC 2018 /home/travis/build/icyphy/ptII/ptolemy/actor/lib/test/auto/Expression10.xml
----------------- Instantiating /home/travis/build/icyphy/ptII/ptolemy/actor/lib/test/auto/Expression10.xml
4 ms. Memory: 1114112K Free: 548091K (49%)
----------------- Invoking toplevel() on ptolemy.moml.MoMLSimpleApplication@3fb91c8e
----------------- Done invoking toplevel() on ptolemy.moml.MoMLSimpleApplication@3fb91c8e
reloadAllAccessors: .Expression10

===========================================================================================
----------------- testing Wed Dec 26 03:06:07 UTC 2018 /home/travis/build/icyphy/ptII/ptolemy/actor/lib/test/auto/Expression11.xml
----------------- Instantiating /home/travis/build/icyphy/ptII/ptolemy/actor/lib/test/auto/Expression11.xml
1 ms. Memory: 1114112K Free: 528464K (47%)
----------------- Invoking toplevel() on ptolemy.moml.MoMLSimpleApplication@71c95629
----------------- Done invoking toplevel() on ptolemy.moml.MoMLSimpleApplication@71c95629
reloadAllAccessors: .Expression11

===========================================================================================
----------------- testing Wed Dec 26 03:06:07 UTC 2018 /home/travis/build/icyphy/ptII/ptolemy/actor/lib/test/auto/Expression12.xml
----------------- Instantiating /home/travis/build/icyphy/ptII/ptolemy/actor/lib/test/auto/Expression12.xml
2 ms. Memory: 1114112K Free: 515159K (46%)
----------------- Invoking toplevel() on ptolemy.moml.MoMLSimpleApplication@2089a9d9
----------------- Done invoking toplevel() on ptolemy.moml.MoMLSimpleApplication@2089a9d9
reloadAllAccessors: .Expression12

===========================================================================================
----------------- testing Wed Dec 26 03:06:07 UTC 2018 /home/travis/build/icyphy/ptII/ptolemy/actor/lib/test/auto/Expression13.xml
----------------- Instantiating /home/travis/build/icyphy/ptII/ptolemy/actor/lib/test/auto/Expression13.xml
2 ms. Memory: 1114112K Free: 501854K (45%)
----------------- Invoking toplevel() on ptolemy.moml.MoMLSimpleApplication@5a1f454
----------------- Done invoking toplevel() on ptolemy.moml.MoMLSimpleApplication@5a1f454
reloadAllAccessors: .Expression13

===========================================================================================
----------------- testing Wed Dec 26 03:06:07 UTC 2018 /home/travis/build/icyphy/ptII/ptolemy/actor/lib/test/auto/Expression14.xml
----------------- Instantiating /home/travis/build/icyphy/ptII/ptolemy/actor/lib/test/auto/Expression14.xml
3 ms. Memory: 1114112K Free: 482227K (43%)
----------------- Invoking toplevel() on ptolemy.moml.MoMLSimpleApplication@6f3f6355
----------------- Done invoking toplevel() on ptolemy.moml.MoMLSimpleApplication@6f3f6355
reloadAllAccessors: .Expression14

===========================================================================================
----------------- testing Wed Dec 26 03:06:07 UTC 2018 /home/travis/build/icyphy/ptII/ptolemy/actor/lib/test/auto/Expression15.xml
----------------- Instantiating /home/travis/build/icyphy/ptII/ptolemy/actor/lib/test/auto/Expression15.xml
1 ms. Memory: 1114112K Free: 468922K (42%)
----------------- Invoking toplevel() on ptolemy.moml.MoMLSimpleApplication@285d10a1
----------------- Done invoking toplevel() on ptolemy.moml.MoMLSimpleApplication@285d10a1
reloadAllAccessors: .Expression15

===========================================================================================
----------------- testing Wed Dec 26 03:06:07 UTC 2018 /home/travis/build/icyphy/ptII/ptolemy/actor/lib/test/auto/Expression16.xml
----------------- Instantiating /home/travis/build/icyphy/ptII/ptolemy/actor/lib/test/auto/Expression16.xml
2 ms. Memory: 1114112K Free: 455617K (41%)
----------------- Invoking toplevel() on ptolemy.moml.MoMLSimpleApplication@2095e6dc
----------------- Done invoking toplevel() on ptolemy.moml.MoMLSimpleApplication@2095e6dc
reloadAllAccessors: .Expression16

===========================================================================================
----------------- testing Wed Dec 26 03:06:07 UTC 2018 /home/travis/build/icyphy/ptII/ptolemy/actor/lib/test/auto/Expression17.xml
----------------- Instantiating /home/travis/build/icyphy/ptII/ptolemy/actor/lib/test/auto/Expression17.xml
2 ms. Memory: 1114112K Free: 435990K (39%)
----------------- Invoking toplevel() on ptolemy.moml.MoMLSimpleApplication@7c6d6e46
----------------- Done invoking toplevel() on ptolemy.moml.MoMLSimpleApplication@7c6d6e46
reloadAllAccessors: .Expression17

===========================================================================================
----------------- testing Wed Dec 26 03:06:07 UTC 2018 /home/travis/build/icyphy/ptII/ptolemy/actor/lib/test/auto/Expression18.xml
----------------- Instantiating /home/travis/build/icyphy/ptII/ptolemy/actor/lib/test/auto/Expression18.xml
2 ms. Memory: 1114112K Free: 422685K (38%)
----------------- Invoking toplevel() on ptolemy.moml.MoMLSimpleApplication@189ab3d5
----------------- Done invoking toplevel() on ptolemy.moml.MoMLSimpleApplication@189ab3d5
reloadAllAccessors: .Expression18

===========================================================================================
----------------- testing Wed Dec 26 03:06:07 UTC 2018 /home/travis/build/icyphy/ptII/ptolemy/actor/lib/test/auto/Expression2.xml
----------------- Instantiating /home/travis/build/icyphy/ptII/ptolemy/actor/lib/test/auto/Expression2.xml
2 ms. Memory: 1114112K Free: 409380K (37%)
----------------- Invoking toplevel() on ptolemy.moml.MoMLSimpleApplication@10c32dba
----------------- Done invoking toplevel() on ptolemy.moml.MoMLSimpleApplication@10c32dba
reloadAllAccessors: .Expression2

===========================================================================================
----------------- testing Wed Dec 26 03:06:07 UTC 2018 /home/travis/build/icyphy/ptII/ptolemy/actor/lib/test/auto/Expression3.xml
----------------- Instantiating /home/travis/build/icyphy/ptII/ptolemy/actor/lib/test/auto/Expression3.xml
3 ms. Memory: 1114112K Free: 389753K (35%)
----------------- Invoking toplevel() on ptolemy.moml.MoMLSimpleApplication@460931b6
----------------- Done invoking toplevel() on ptolemy.moml.MoMLSimpleApplication@460931b6
reloadAllAccessors: .Expression3

===========================================================================================
----------------- testing Wed Dec 26 03:06:07 UTC 2018 /home/travis/build/icyphy/ptII/ptolemy/actor/lib/test/auto/Expression4.xml
----------------- Instantiating /home/travis/build/icyphy/ptII/ptolemy/actor/lib/test/auto/Expression4.xml
3 ms. Memory: 1114112K Free: 376448K (34%)
----------------- Invoking toplevel() on ptolemy.moml.MoMLSimpleApplication@74ae3b1a
----------------- Done invoking toplevel() on ptolemy.moml.MoMLSimpleApplication@74ae3b1a
reloadAllAccessors: .Expression4

===========================================================================================
----------------- testing Wed Dec 26 03:06:07 UTC 2018 /home/travis/build/icyphy/ptII/ptolemy/actor/lib/test/auto/Expression5.xml
----------------- Instantiating /home/travis/build/icyphy/ptII/ptolemy/actor/lib/test/auto/Expression5.xml
3 ms. Memory: 1114112K Free: 363142K (33%)
----------------- Invoking toplevel() on ptolemy.moml.MoMLSimpleApplication@708e89b2
----------------- Done invoking toplevel() on ptolemy.moml.MoMLSimpleApplication@708e89b2
reloadAllAccessors: .Expression5

===========================================================================================
----------------- testing Wed Dec 26 03:06:07 UTC 2018 /home/travis/build/icyphy/ptII/ptolemy/actor/lib/test/auto/Expression6.xml
----------------- Instantiating /home/travis/build/icyphy/ptII/ptolemy/actor/lib/test/auto/Expression6.xml
2 ms. Memory: 1114112K Free: 343516K (31%)
----------------- Invoking toplevel() on ptolemy.moml.MoMLSimpleApplication@77155410
----------------- Done invoking toplevel() on ptolemy.moml.MoMLSimpleApplication@77155410
reloadAllAccessors: .Expression6

===========================================================================================
----------------- testing Wed Dec 26 03:06:07 UTC 2018 /home/travis/build/icyphy/ptII/ptolemy/actor/lib/test/auto/Expression7.xml
----------------- Instantiating /home/travis/build/icyphy/ptII/ptolemy/actor/lib/test/auto/Expression7.xml
3 ms. Memory: 1114112K Free: 330210K (30%)
----------------- Invoking toplevel() on ptolemy.moml.MoMLSimpleApplication@d9cec05
----------------- Done invoking toplevel() on ptolemy.moml.MoMLSimpleApplication@d9cec05
reloadAllAccessors: .Expression7

===========================================================================================
----------------- testing Wed Dec 26 03:06:07 UTC 2018 /home/travis/build/icyphy/ptII/ptolemy/actor/lib/test/auto/Expression8.xml
----------------- Instantiating /home/travis/build/icyphy/ptII/ptolemy/actor/lib/test/auto/Expression8.xml
4 ms. Memory: 1114112K Free: 310584K (28%)
----------------- Invoking toplevel() on ptolemy.moml.MoMLSimpleApplication@1e6bb135
----------------- Done invoking toplevel() on ptolemy.moml.MoMLSimpleApplication@1e6bb135
reloadAllAccessors: .Expression8

===========================================================================================
----------------- testing Wed Dec 26 03:06:07 UTC 2018 /home/travis/build/icyphy/ptII/ptolemy/actor/lib/test/auto/Expression9.xml
----------------- Instantiating /home/travis/build/icyphy/ptII/ptolemy/actor/lib/test/auto/Expression9.xml
1 ms. Memory: 1114112K Free: 297279K (27%)
----------------- Invoking toplevel() on ptolemy.moml.MoMLSimpleApplication@3f0ae011
----------------- Done invoking toplevel() on ptolemy.moml.MoMLSimpleApplication@3f0ae011
reloadAllAccessors: .Expression9

===========================================================================================
----------------- testing Wed Dec 26 03:06:07 UTC 2018 /home/travis/build/icyphy/ptII/ptolemy/actor/lib/test/auto/ExpressionConcatenateArrayType.xml
----------------- Instantiating /home/travis/build/icyphy/ptII/ptolemy/actor/lib/test/auto/ExpressionConcatenateArrayType.xml
2 ms. Memory: 1114112K Free: 283973K (25%)
----------------- Invoking toplevel() on ptolemy.moml.MoMLSimpleApplication@244475b4
----------------- Done invoking toplevel() on ptolemy.moml.MoMLSimpleApplication@244475b4
reloadAllAccessors: .ExpressionConcatenateArrayType

===========================================================================================
----------------- testing Wed Dec 26 03:06:07 UTC 2018 /home/travis/build/icyphy/ptII/ptolemy/actor/lib/test/auto/ExpressionConcatenateArrayType2.xml
----------------- Instantiating /home/travis/build/icyphy/ptII/ptolemy/actor/lib/test/auto/ExpressionConcatenateArrayType2.xml
2 ms. Memory: 1114112K Free: 264347K (24%)
----------------- Invoking toplevel() on ptolemy.moml.MoMLSimpleApplication@f6862c3
----------------- Done invoking toplevel() on ptolemy.moml.MoMLSimpleApplication@f6862c3
reloadAllAccessors: .ExpressionConcatenateArrayType2

===========================================================================================
----------------- testing Wed Dec 26 03:06:07 UTC 2018 /home/travis/build/icyphy/ptII/ptolemy/actor/lib/test/auto/ExpressionFix.xml
----------------- Instantiating /home/travis/build/icyphy/ptII/ptolemy/actor/lib/test/auto/ExpressionFix.xml
8 ms. Memory: 1114112K Free: 251041K (23%)
----------------- Invoking toplevel() on ptolemy.moml.MoMLSimpleApplication@2fc322c7
----------------- Done invoking toplevel() on ptolemy.moml.MoMLSimpleApplication@2fc322c7
reloadAllAccessors: .ExpressionFix

===========================================================================================
----------------- testing Wed Dec 26 03:06:07 UTC 2018 /home/travis/build/icyphy/ptII/ptolemy/actor/lib/test/auto/ExpressionFix2.xml
----------------- Instantiating /home/travis/build/icyphy/ptII/ptolemy/actor/lib/test/auto/ExpressionFix2.xml
2 ms. Memory: 1114112K Free: 237736K (21%)
----------------- Invoking toplevel() on ptolemy.moml.MoMLSimpleApplication@4e8ddd25
----------------- Done invoking toplevel() on ptolemy.moml.MoMLSimpleApplication@4e8ddd25
reloadAllAccessors: .ExpressionFix2

===========================================================================================
----------------- testing Wed Dec 26 03:06:07 UTC 2018 /home/travis/build/icyphy/ptII/ptolemy/actor/lib/test/auto/ExpressionFix3.xml
----------------- Instantiating /home/travis/build/icyphy/ptII/ptolemy/actor/lib/test/auto/ExpressionFix3.xml
2 ms. Memory: 1114112K Free: 218110K (20%)
----------------- Invoking toplevel() on ptolemy.moml.MoMLSimpleApplication@6444d92f
----------------- Done invoking toplevel() on ptolemy.moml.MoMLSimpleApplication@6444d92f
reloadAllAccessors: .ExpressionFix3

===========================================================================================
----------------- testing Wed Dec 26 03:06:07 UTC 2018 /home/travis/build/icyphy/ptII/ptolemy/actor/lib/test/auto/FileWriter1.xml
----------------- Instantiating /home/travis/build/icyphy/ptII/ptolemy/actor/lib/test/auto/FileWriter1.xml
3 ms. Memory: 1114112K Free: 204804K (18%)
----------------- Invoking toplevel() on ptolemy.moml.MoMLSimpleApplication@56be1107
----------------- Done invoking toplevel() on ptolemy.moml.MoMLSimpleApplication@56be1107
reloadAllAccessors: .FileWriter1

===========================================================================================
----------------- testing Wed Dec 26 03:06:07 UTC 2018 /home/travis/build/icyphy/ptII/ptolemy/actor/lib/test/auto/FileWriter2.xml
----------------- Instantiating /home/travis/build/icyphy/ptII/ptolemy/actor/lib/test/auto/FileWriter2.xml
3 ms. Memory: 1114112K Free: 191499K (17%)
----------------- Invoking toplevel() on ptolemy.moml.MoMLSimpleApplication@2fcc3902
----------------- Done invoking toplevel() on ptolemy.moml.MoMLSimpleApplication@2fcc3902
reloadAllAccessors: .FileWriter2

===========================================================================================
----------------- testing Wed Dec 26 03:06:07 UTC 2018 /home/travis/build/icyphy/ptII/ptolemy/actor/lib/test/auto/FileWriter3.xml
----------------- Instantiating /home/travis/build/icyphy/ptII/ptolemy/actor/lib/test/auto/FileWriter3.xml
2 ms. Memory: 1114112K Free: 171872K (15%)
----------------- Invoking toplevel() on ptolemy.moml.MoMLSimpleApplication@14d9765d
----------------- Done invoking toplevel() on ptolemy.moml.MoMLSimpleApplication@14d9765d
reloadAllAccessors: .FileWriter3

===========================================================================================
----------------- testing Wed Dec 26 03:06:07 UTC 2018 /home/travis/build/icyphy/ptII/ptolemy/actor/lib/test/auto/Gaussian.xml
----------------- Instantiating /home/travis/build/icyphy/ptII/ptolemy/actor/lib/test/auto/Gaussian.xml
2 ms. Memory: 1114112K Free: 158567K (14%)
----------------- Invoking toplevel() on ptolemy.moml.MoMLSimpleApplication@77ac5d56
----------------- Done invoking toplevel() on ptolemy.moml.MoMLSimpleApplication@77ac5d56
reloadAllAccessors: .Gaussian

===========================================================================================
----------------- testing Wed Dec 26 03:06:07 UTC 2018 /home/travis/build/icyphy/ptII/ptolemy/actor/lib/test/auto/Gaussian1.xml
----------------- Instantiating /home/travis/build/icyphy/ptII/ptolemy/actor/lib/test/auto/Gaussian1.xml
2 ms. Memory: 1114112K Free: 138941K (12%)
----------------- Invoking toplevel() on ptolemy.moml.MoMLSimpleApplication@26424fe9
----------------- Done invoking toplevel() on ptolemy.moml.MoMLSimpleApplication@26424fe9
reloadAllAccessors: .Gaussian1

===========================================================================================
----------------- testing Wed Dec 26 03:06:07 UTC 2018 /home/travis/build/icyphy/ptII/ptolemy/actor/lib/test/auto/Gaussian2.xml
----------------- Instantiating /home/travis/build/icyphy/ptII/ptolemy/actor/lib/test/auto/Gaussian2.xml
3 ms. Memory: 1114112K Free: 125635K (11%)
----------------- Invoking toplevel() on ptolemy.moml.MoMLSimpleApplication@143f188
----------------- Done invoking toplevel() on ptolemy.moml.MoMLSimpleApplication@143f188
reloadAllAccessors: .Gaussian2

===========================================================================================
----------------- testing Wed Dec 26 03:06:07 UTC 2018 /home/travis/build/icyphy/ptII/ptolemy/actor/lib/test/auto/GradientAdaptiveLattice.xml
----------------- Instantiating /home/travis/build/icyphy/ptII/ptolemy/actor/lib/test/auto/GradientAdaptiveLattice.xml
3 ms. Memory: 1114112K Free: 112330K (10%)
----------------- Invoking toplevel() on ptolemy.moml.MoMLSimpleApplication@2fc9601
----------------- Done invoking toplevel() on ptolemy.moml.MoMLSimpleApplication@2fc9601
reloadAllAccessors: .GradientAdaptiveLattice

===========================================================================================
----------------- testing Wed Dec 26 03:06:07 UTC 2018 /home/travis/build/icyphy/ptII/ptolemy/actor/lib/test/auto/IIR.xml
----------------- Instantiating /home/travis/build/icyphy/ptII/ptolemy/actor/lib/test/auto/IIR.xml
2 ms. Memory: 1114112K Free: 92704K (8%)
----------------- Invoking toplevel() on ptolemy.moml.MoMLSimpleApplication@71a0dfda
----------------- Done invoking toplevel() on ptolemy.moml.MoMLSimpleApplication@71a0dfda
reloadAllAccessors: .IIR

===========================================================================================
----------------- testing Wed Dec 26 03:06:07 UTC 2018 /home/travis/build/icyphy/ptII/ptolemy/actor/lib/test/auto/InputOutputTransparentPorts.xml
----------------- Instantiating /home/travis/build/icyphy/ptII/ptolemy/actor/lib/test/auto/InputOutputTransparentPorts.xml
2 ms. Memory: 1114112K Free: 79398K (7%)
----------------- Invoking toplevel() on ptolemy.moml.MoMLSimpleApplication@1d7526de
----------------- Done invoking toplevel() on ptolemy.moml.MoMLSimpleApplication@1d7526de
reloadAllAccessors: .InputOutputTransparentPorts

===========================================================================================
----------------- testing Wed Dec 26 03:06:07 UTC 2018 /home/travis/build/icyphy/ptII/ptolemy/actor/lib/test/auto/Interpolator.xml
----------------- Instantiating /home/travis/build/icyphy/ptII/ptolemy/actor/lib/test/auto/Interpolator.xml
3 ms. Memory: 1262592K Free: 1214184K (96%)
----------------- Invoking toplevel() on ptolemy.moml.MoMLSimpleApplication@8f35a71
----------------- Done invoking toplevel() on ptolemy.moml.MoMLSimpleApplication@8f35a71
reloadAllAccessors: .Interpolator

===========================================================================================
----------------- testing Wed Dec 26 03:06:07 UTC 2018 /home/travis/build/icyphy/ptII/ptolemy/actor/lib/test/auto/InterpolatorFiringLimitDE.xml
----------------- Instantiating /home/travis/build/icyphy/ptII/ptolemy/actor/lib/test/auto/InterpolatorFiringLimitDE.xml
1 ms. Memory: 1262592K Free: 1197062K (95%)
----------------- Invoking toplevel() on ptolemy.moml.MoMLSimpleApplication@11b6f6b7
----------------- Done invoking toplevel() on ptolemy.moml.MoMLSimpleApplication@11b6f6b7
reloadAllAccessors: .InterpolatorFiringLimitDE

===========================================================================================
----------------- testing Wed Dec 26 03:06:07 UTC 2018 /home/travis/build/icyphy/ptII/ptolemy/actor/lib/test/auto/Lattice.xml
----------------- Instantiating /home/travis/build/icyphy/ptII/ptolemy/actor/lib/test/auto/Lattice.xml
1 ms. Memory: 1262592K Free: 1180536K (94%)
----------------- Invoking toplevel() on ptolemy.moml.MoMLSimpleApplication@25bc736a
----------------- Done invoking toplevel() on ptolemy.moml.MoMLSimpleApplication@25bc736a
reloadAllAccessors: .Lattice

===========================================================================================
----------------- testing Wed Dec 26 03:06:07 UTC 2018 /home/travis/build/icyphy/ptII/ptolemy/actor/lib/test/auto/LazyAOCTestLazy.xml
----------------- Instantiating /home/travis/build/icyphy/ptII/ptolemy/actor/lib/test/auto/LazyAOCTestLazy.xml
7 ms. Memory: 1262592K Free: 1163414K (92%)
----------------- Invoking toplevel() on ptolemy.moml.MoMLSimpleApplication@5f0be42b
----------------- Done invoking toplevel() on ptolemy.moml.MoMLSimpleApplication@5f0be42b
reloadAllAccessors: .LazyAOCTestLazy

===========================================================================================
----------------- testing Wed Dec 26 03:06:07 UTC 2018 /home/travis/build/icyphy/ptII/ptolemy/actor/lib/test/auto/LazyAOCTestNonLazy.xml
----------------- Instantiating /home/travis/build/icyphy/ptII/ptolemy/actor/lib/test/auto/LazyAOCTestNonLazy.xml
7 ms. Memory: 1262592K Free: 1151797K (91%)
----------------- Invoking toplevel() on ptolemy.moml.MoMLSimpleApplication@1dfa7dc9
----------------- Done invoking toplevel() on ptolemy.moml.MoMLSimpleApplication@1dfa7dc9
reloadAllAccessors: .LazyAOCTestNonLazy

===========================================================================================
----------------- testing Wed Dec 26 03:06:07 UTC 2018 /home/travis/build/icyphy/ptII/ptolemy/actor/lib/test/auto/LazyInnerClass.xml
----------------- Instantiating /home/travis/build/icyphy/ptII/ptolemy/actor/lib/test/auto/LazyInnerClass.xml
23 ms. Memory: 1262592K Free: 1134675K (90%)
----------------- Invoking toplevel() on ptolemy.moml.MoMLSimpleApplication@6cfbb364
----------------- Done invoking toplevel() on ptolemy.moml.MoMLSimpleApplication@6cfbb364
reloadAllAccessors: .LazyInnerClass

===========================================================================================
----------------- testing Wed Dec 26 03:06:07 UTC 2018 /home/travis/build/icyphy/ptII/ptolemy/actor/lib/test/auto/LazyPubSub.xml
----------------- Instantiating /home/travis/build/icyphy/ptII/ptolemy/actor/lib/test/auto/LazyPubSub.xml
29 ms. Memory: 1262592K Free: 1123057K (89%)
----------------- Invoking toplevel() on ptolemy.moml.MoMLSimpleApplication@52cf5926
----------------- Done invoking toplevel() on ptolemy.moml.MoMLSimpleApplication@52cf5926
reloadAllAccessors: .LazyPubSub

===========================================================================================
----------------- testing Wed Dec 26 03:06:07 UTC 2018 /home/travis/build/icyphy/ptII/ptolemy/actor/lib/test/auto/LazyPubSub2.xml
----------------- Instantiating /home/travis/build/icyphy/ptII/ptolemy/actor/lib/test/auto/LazyPubSub2.xml
21 ms. Memory: 1262592K Free: 1111440K (88%)
----------------- Invoking toplevel() on ptolemy.moml.MoMLSimpleApplication@6cb2791
----------------- Done invoking toplevel() on ptolemy.moml.MoMLSimpleApplication@6cb2791
reloadAllAccessors: .LazyPubSub2

===========================================================================================
----------------- testing Wed Dec 26 03:06:07 UTC 2018 /home/travis/build/icyphy/ptII/ptolemy/actor/lib/test/auto/LazyPubSub3.xml
----------------- Instantiating /home/travis/build/icyphy/ptII/ptolemy/actor/lib/test/auto/LazyPubSub3.xml
9 ms. Memory: 1262592K Free: 1094318K (87%)
----------------- Invoking toplevel() on ptolemy.moml.MoMLSimpleApplication@39716832
----------------- Done invoking toplevel() on ptolemy.moml.MoMLSimpleApplication@39716832
reloadAllAccessors: .LazyPubSub3

===========================================================================================
----------------- testing Wed Dec 26 03:06:07 UTC 2018 /home/travis/build/icyphy/ptII/ptolemy/actor/lib/test/auto/LazySubClassModel.xml
----------------- Instantiating /home/travis/build/icyphy/ptII/ptolemy/actor/lib/test/auto/LazySubClassModel.xml
1 ms. Memory: 1262592K Free: 1076848K (85%)
----------------- Invoking toplevel() on ptolemy.moml.MoMLSimpleApplication@716781d0
----------------- Done invoking toplevel() on ptolemy.moml.MoMLSimpleApplication@716781d0
reloadAllAccessors: .LazySubClassModel

===========================================================================================
----------------- testing Wed Dec 26 03:06:07 UTC 2018 /home/travis/build/icyphy/ptII/ptolemy/actor/lib/test/auto/LevelCrossTest1.xml
----------------- Instantiating /home/travis/build/icyphy/ptII/ptolemy/actor/lib/test/auto/LevelCrossTest1.xml
1 ms. Memory: 1262592K Free: 1059726K (84%)
----------------- Invoking toplevel() on ptolemy.moml.MoMLSimpleApplication@696b7d7d
----------------- Done invoking toplevel() on ptolemy.moml.MoMLSimpleApplication@696b7d7d
reloadAllAccessors: .broken

===========================================================================================
----------------- testing Wed Dec 26 03:06:08 UTC 2018 /home/travis/build/icyphy/ptII/ptolemy/actor/lib/test/auto/LevelCrossTest10.xml
----------------- Instantiating /home/travis/build/icyphy/ptII/ptolemy/actor/lib/test/auto/LevelCrossTest10.xml
1 ms. Memory: 1262592K Free: 1048109K (83%)
----------------- Invoking toplevel() on ptolemy.moml.MoMLSimpleApplication@ffbae76
----------------- Done invoking toplevel() on ptolemy.moml.MoMLSimpleApplication@ffbae76
reloadAllAccessors: .LevelCrossTest10

===========================================================================================
----------------- testing Wed Dec 26 03:06:08 UTC 2018 /home/travis/build/icyphy/ptII/ptolemy/actor/lib/test/auto/LevelCrossTest11.xml
----------------- Instantiating /home/travis/build/icyphy/ptII/ptolemy/actor/lib/test/auto/LevelCrossTest11.xml
1 ms. Memory: 1262592K Free: 1030987K (82%)
----------------- Invoking toplevel() on ptolemy.moml.MoMLSimpleApplication@390c93d0
----------------- Done invoking toplevel() on ptolemy.moml.MoMLSimpleApplication@390c93d0
reloadAllAccessors: .LevelCrossTest11

===========================================================================================
----------------- testing Wed Dec 26 03:06:08 UTC 2018 /home/travis/build/icyphy/ptII/ptolemy/actor/lib/test/auto/LevelCrossTest12.xml
----------------- Instantiating /home/travis/build/icyphy/ptII/ptolemy/actor/lib/test/auto/LevelCrossTest12.xml
1 ms. Memory: 1262592K Free: 1019370K (81%)
----------------- Invoking toplevel() on ptolemy.moml.MoMLSimpleApplication@6a432010
----------------- Done invoking toplevel() on ptolemy.moml.MoMLSimpleApplication@6a432010
reloadAllAccessors: .LevelCrossTest12

===========================================================================================
----------------- testing Wed Dec 26 03:06:08 UTC 2018 /home/travis/build/icyphy/ptII/ptolemy/actor/lib/test/auto/LevelCrossTest13.xml
----------------- Instantiating /home/travis/build/icyphy/ptII/ptolemy/actor/lib/test/auto/LevelCrossTest13.xml
1 ms. Memory: 1262592K Free: 1007752K (80%)
----------------- Invoking toplevel() on ptolemy.moml.MoMLSimpleApplication@746b51bb
----------------- Done invoking toplevel() on ptolemy.moml.MoMLSimpleApplication@746b51bb
reloadAllAccessors: .LevelCrossTest13

===========================================================================================
----------------- testing Wed Dec 26 03:06:08 UTC 2018 /home/travis/build/icyphy/ptII/ptolemy/actor/lib/test/auto/LevelCrossTest2.xml
----------------- Instantiating /home/travis/build/icyphy/ptII/ptolemy/actor/lib/test/auto/LevelCrossTest2.xml
1 ms. Memory: 1262592K Free: 990630K (78%)
----------------- Invoking toplevel() on ptolemy.moml.MoMLSimpleApplication@45187c3b
----------------- Done invoking toplevel() on ptolemy.moml.MoMLSimpleApplication@45187c3b
reloadAllAccessors: .broken

===========================================================================================
----------------- testing Wed Dec 26 03:06:08 UTC 2018 /home/travis/build/icyphy/ptII/ptolemy/actor/lib/test/auto/LevelCrossTest3.xml
----------------- Instantiating /home/travis/build/icyphy/ptII/ptolemy/actor/lib/test/auto/LevelCrossTest3.xml
1 ms. Memory: 1262592K Free: 979013K (78%)
----------------- Invoking toplevel() on ptolemy.moml.MoMLSimpleApplication@6ba709bf
----------------- Done invoking toplevel() on ptolemy.moml.MoMLSimpleApplication@6ba709bf
reloadAllAccessors: .LevelCrossTest3

===========================================================================================
----------------- testing Wed Dec 26 03:06:08 UTC 2018 /home/travis/build/icyphy/ptII/ptolemy/actor/lib/test/auto/LevelCrossTest4.xml
----------------- Instantiating /home/travis/build/icyphy/ptII/ptolemy/actor/lib/test/auto/LevelCrossTest4.xml
1 ms. Memory: 1262592K Free: 961891K (76%)
----------------- Invoking toplevel() on ptolemy.moml.MoMLSimpleApplication@7566bc4b
----------------- Done invoking toplevel() on ptolemy.moml.MoMLSimpleApplication@7566bc4b
reloadAllAccessors: .broken

===========================================================================================
----------------- testing Wed Dec 26 03:06:08 UTC 2018 /home/travis/build/icyphy/ptII/ptolemy/actor/lib/test/auto/LevelCrossTest5.xml
----------------- Instantiating /home/travis/build/icyphy/ptII/ptolemy/actor/lib/test/auto/LevelCrossTest5.xml
1 ms. Memory: 1262592K Free: 950274K (75%)
----------------- Invoking toplevel() on ptolemy.moml.MoMLSimpleApplication@1444cf7f
----------------- Done invoking toplevel() on ptolemy.moml.MoMLSimpleApplication@1444cf7f
reloadAllAccessors: .LevelCrossTest5

===========================================================================================
----------------- testing Wed Dec 26 03:06:08 UTC 2018 /home/travis/build/icyphy/ptII/ptolemy/actor/lib/test/auto/LevelCrossTest6.xml
----------------- Instantiating /home/travis/build/icyphy/ptII/ptolemy/actor/lib/test/auto/LevelCrossTest6.xml
1 ms. Memory: 1262592K Free: 938656K (74%)
----------------- Invoking toplevel() on ptolemy.moml.MoMLSimpleApplication@3ff50b6
----------------- Done invoking toplevel() on ptolemy.moml.MoMLSimpleApplication@3ff50b6
reloadAllAccessors: .LevelCrossTest6

===========================================================================================
----------------- testing Wed Dec 26 03:06:08 UTC 2018 /home/travis/build/icyphy/ptII/ptolemy/actor/lib/test/auto/LevelCrossTest7.xml
----------------- Instantiating /home/travis/build/icyphy/ptII/ptolemy/actor/lib/test/auto/LevelCrossTest7.xml
1 ms. Memory: 1262592K Free: 921534K (73%)
----------------- Invoking toplevel() on ptolemy.moml.MoMLSimpleApplication@13033217
----------------- Done invoking toplevel() on ptolemy.moml.MoMLSimpleApplication@13033217
reloadAllAccessors: .LevelCrossTest7

===========================================================================================
----------------- testing Wed Dec 26 03:06:08 UTC 2018 /home/travis/build/icyphy/ptII/ptolemy/actor/lib/test/auto/LevelCrossTest8.xml
----------------- Instantiating /home/travis/build/icyphy/ptII/ptolemy/actor/lib/test/auto/LevelCrossTest8.xml
1 ms. Memory: 1262592K Free: 904100K (72%)
----------------- Invoking toplevel() on ptolemy.moml.MoMLSimpleApplication@5a58c4a3
----------------- Done invoking toplevel() on ptolemy.moml.MoMLSimpleApplication@5a58c4a3
reloadAllAccessors: .LevelCrossTest8

===========================================================================================
----------------- testing Wed Dec 26 03:06:08 UTC 2018 /home/travis/build/icyphy/ptII/ptolemy/actor/lib/test/auto/LevelCrossTest9.xml
----------------- Instantiating /home/travis/build/icyphy/ptII/ptolemy/actor/lib/test/auto/LevelCrossTest9.xml
1 ms. Memory: 1262592K Free: 886978K (70%)
----------------- Invoking toplevel() on ptolemy.moml.MoMLSimpleApplication@7df162
----------------- Done invoking toplevel() on ptolemy.moml.MoMLSimpleApplication@7df162
reloadAllAccessors: .LevelCrossTest9

===========================================================================================
----------------- testing Wed Dec 26 03:06:08 UTC 2018 /home/travis/build/icyphy/ptII/ptolemy/actor/lib/test/auto/LevinsonDurbin.xml
----------------- Instantiating /home/travis/build/icyphy/ptII/ptolemy/actor/lib/test/auto/LevinsonDurbin.xml
1 ms. Memory: 1262592K Free: 875361K (69%)
----------------- Invoking toplevel() on ptolemy.moml.MoMLSimpleApplication@2db8d444
----------------- Done invoking toplevel() on ptolemy.moml.MoMLSimpleApplication@2db8d444
reloadAllAccessors: .LevinsonDurbin

===========================================================================================
----------------- testing Wed Dec 26 03:06:08 UTC 2018 /home/travis/build/icyphy/ptII/ptolemy/actor/lib/test/auto/LevinsonDurbin2.xml
----------------- Instantiating /home/travis/build/icyphy/ptII/ptolemy/actor/lib/test/auto/LevinsonDurbin2.xml
1 ms. Memory: 1262592K Free: 858239K (68%)
----------------- Invoking toplevel() on ptolemy.moml.MoMLSimpleApplication@ce8dd5f
----------------- Done invoking toplevel() on ptolemy.moml.MoMLSimpleApplication@ce8dd5f
reloadAllAccessors: .LevinsonDurbin2

===========================================================================================
----------------- testing Wed Dec 26 03:06:08 UTC 2018 /home/travis/build/icyphy/ptII/ptolemy/actor/lib/test/auto/LevinsonDurbin3.xml
----------------- Instantiating /home/travis/build/icyphy/ptII/ptolemy/actor/lib/test/auto/LevinsonDurbin3.xml
2 ms. Memory: 1262592K Free: 846621K (67%)
----------------- Invoking toplevel() on ptolemy.moml.MoMLSimpleApplication@4486927d
----------------- Done invoking toplevel() on ptolemy.moml.MoMLSimpleApplication@4486927d
reloadAllAccessors: .LevinsonDurbin3

===========================================================================================
----------------- testing Wed Dec 26 03:06:08 UTC 2018 /home/travis/build/icyphy/ptII/ptolemy/actor/lib/test/auto/Limiter.xml
----------------- Instantiating /home/travis/build/icyphy/ptII/ptolemy/actor/lib/test/auto/Limiter.xml
3 ms. Memory: 1262592K Free: 829195K (66%)
----------------- Invoking toplevel() on ptolemy.moml.MoMLSimpleApplication@d07dfe6
----------------- Done invoking toplevel() on ptolemy.moml.MoMLSimpleApplication@d07dfe6
reloadAllAccessors: .Limiter

===========================================================================================
----------------- testing Wed Dec 26 03:06:08 UTC 2018 /home/travis/build/icyphy/ptII/ptolemy/actor/lib/test/auto/LinearDifferenceEquationSystem.xml
----------------- Instantiating /home/travis/build/icyphy/ptII/ptolemy/actor/lib/test/auto/LinearDifferenceEquationSystem.xml
3 ms. Memory: 1262592K Free: 812073K (64%)
----------------- Invoking toplevel() on ptolemy.moml.MoMLSimpleApplication@3ee02162
----------------- Done invoking toplevel() on ptolemy.moml.MoMLSimpleApplication@3ee02162
reloadAllAccessors: .LinearDifferenceEquationSystem

===========================================================================================
----------------- testing Wed Dec 26 03:06:08 UTC 2018 /home/travis/build/icyphy/ptII/ptolemy/actor/lib/test/auto/LookupTable.xml
----------------- Instantiating /home/travis/build/icyphy/ptII/ptolemy/actor/lib/test/auto/LookupTable.xml
1 ms. Memory: 1262592K Free: 800456K (63%)
----------------- Invoking toplevel() on ptolemy.moml.MoMLSimpleApplication@62cff2e8
----------------- Done invoking toplevel() on ptolemy.moml.MoMLSimpleApplication@62cff2e8
reloadAllAccessors: .LookupTable

===========================================================================================
----------------- testing Wed Dec 26 03:06:08 UTC 2018 /home/travis/build/icyphy/ptII/ptolemy/actor/lib/test/auto/MathFunction.xml
----------------- Instantiating /home/travis/build/icyphy/ptII/ptolemy/actor/lib/test/auto/MathFunction.xml
2 ms. Memory: 1262592K Free: 777509K (62%)
----------------- Invoking toplevel() on ptolemy.moml.MoMLSimpleApplication@45b18ef6
----------------- Done invoking toplevel() on ptolemy.moml.MoMLSimpleApplication@45b18ef6
reloadAllAccessors: .MathFunction

===========================================================================================
----------------- testing Wed Dec 26 03:06:08 UTC 2018 /home/travis/build/icyphy/ptII/ptolemy/actor/lib/test/auto/MathFunction2.xml
----------------- Instantiating /home/travis/build/icyphy/ptII/ptolemy/actor/lib/test/auto/MathFunction2.xml
1 ms. Memory: 1262592K Free: 765892K (61%)
----------------- Invoking toplevel() on ptolemy.moml.MoMLSimpleApplication@411c40c2
----------------- Done invoking toplevel() on ptolemy.moml.MoMLSimpleApplication@411c40c2
reloadAllAccessors: .MathFunction2

===========================================================================================
----------------- testing Wed Dec 26 03:06:08 UTC 2018 /home/travis/build/icyphy/ptII/ptolemy/actor/lib/test/auto/MathFunction3.xml
----------------- Instantiating /home/travis/build/icyphy/ptII/ptolemy/actor/lib/test/auto/MathFunction3.xml
2 ms. Memory: 1262592K Free: 748770K (59%)
----------------- Invoking toplevel() on ptolemy.moml.MoMLSimpleApplication@60840d38
----------------- Done invoking toplevel() on ptolemy.moml.MoMLSimpleApplication@60840d38
reloadAllAccessors: .MathFunction3

===========================================================================================
----------------- testing Wed Dec 26 03:06:08 UTC 2018 /home/travis/build/icyphy/ptII/ptolemy/actor/lib/test/auto/MatrixCropBoolean.xml
----------------- Instantiating /home/travis/build/icyphy/ptII/ptolemy/actor/lib/test/auto/MatrixCropBoolean.xml
1 ms. Memory: 1262592K Free: 737152K (58%)
----------------- Invoking toplevel() on ptolemy.moml.MoMLSimpleApplication@aaf3b6c
----------------- Done invoking toplevel() on ptolemy.moml.MoMLSimpleApplication@aaf3b6c
reloadAllAccessors: .MatrixCropBoolean

===========================================================================================
----------------- testing Wed Dec 26 03:06:08 UTC 2018 /home/travis/build/icyphy/ptII/ptolemy/actor/lib/test/auto/MatrixCropComplex.xml
----------------- Instantiating /home/travis/build/icyphy/ptII/ptolemy/actor/lib/test/auto/MatrixCropComplex.xml
2 ms. Memory: 1262592K Free: 725535K (57%)
----------------- Invoking toplevel() on ptolemy.moml.MoMLSimpleApplication@201c58be
----------------- Done invoking toplevel() on ptolemy.moml.MoMLSimpleApplication@201c58be
reloadAllAccessors: .MatrixCropComplex

===========================================================================================
----------------- testing Wed Dec 26 03:06:08 UTC 2018 /home/travis/build/icyphy/ptII/ptolemy/actor/lib/test/auto/MatrixCropDouble.xml
----------------- Instantiating /home/travis/build/icyphy/ptII/ptolemy/actor/lib/test/auto/MatrixCropDouble.xml
1 ms. Memory: 1262592K Free: 708413K (56%)
----------------- Invoking toplevel() on ptolemy.moml.MoMLSimpleApplication@5cc3a61e
----------------- Done invoking toplevel() on ptolemy.moml.MoMLSimpleApplication@5cc3a61e
reloadAllAccessors: .MatrixCropDouble

===========================================================================================
----------------- testing Wed Dec 26 03:06:08 UTC 2018 /home/travis/build/icyphy/ptII/ptolemy/actor/lib/test/auto/MatrixCropFix.xml
----------------- Instantiating /home/travis/build/icyphy/ptII/ptolemy/actor/lib/test/auto/MatrixCropFix.xml
4 ms. Memory: 1262592K Free: 696796K (55%)
----------------- Invoking toplevel() on ptolemy.moml.MoMLSimpleApplication@7c15bc2b
----------------- Done invoking toplevel() on ptolemy.moml.MoMLSimpleApplication@7c15bc2b
reloadAllAccessors: .MatrixCropFix

===========================================================================================
----------------- testing Wed Dec 26 03:06:08 UTC 2018 /home/travis/build/icyphy/ptII/ptolemy/actor/lib/test/auto/MatrixCropInt.xml
----------------- Instantiating /home/travis/build/icyphy/ptII/ptolemy/actor/lib/test/auto/MatrixCropInt.xml
2 ms. Memory: 1262592K Free: 679674K (54%)
----------------- Invoking toplevel() on ptolemy.moml.MoMLSimpleApplication@3572eeb1
----------------- Done invoking toplevel() on ptolemy.moml.MoMLSimpleApplication@3572eeb1
reloadAllAccessors: .MatrixCropInt

===========================================================================================
----------------- testing Wed Dec 26 03:06:08 UTC 2018 /home/travis/build/icyphy/ptII/ptolemy/actor/lib/test/auto/MatrixCropLong.xml
----------------- Instantiating /home/travis/build/icyphy/ptII/ptolemy/actor/lib/test/auto/MatrixCropLong.xml
1 ms. Memory: 1262592K Free: 668056K (53%)
----------------- Invoking toplevel() on ptolemy.moml.MoMLSimpleApplication@3c19300f
----------------- Done invoking toplevel() on ptolemy.moml.MoMLSimpleApplication@3c19300f
reloadAllAccessors: .MatrixCropLong

===========================================================================================
----------------- testing Wed Dec 26 03:06:08 UTC 2018 /home/travis/build/icyphy/ptII/ptolemy/actor/lib/test/auto/MatrixToArray.xml
----------------- Instantiating /home/travis/build/icyphy/ptII/ptolemy/actor/lib/test/auto/MatrixToArray.xml
4 ms. Memory: 1262592K Free: 644806K (51%)
----------------- Invoking toplevel() on ptolemy.moml.MoMLSimpleApplication@1fa04e28
----------------- Done invoking toplevel() on ptolemy.moml.MoMLSimpleApplication@1fa04e28
reloadAllAccessors: .MatrixToArray

===========================================================================================
----------------- testing Wed Dec 26 03:06:08 UTC 2018 /home/travis/build/icyphy/ptII/ptolemy/actor/lib/test/auto/MaxIndex.xml
----------------- Instantiating /home/travis/build/icyphy/ptII/ptolemy/actor/lib/test/auto/MaxIndex.xml
2 ms. Memory: 1262592K Free: 627684K (50%)
----------------- Invoking toplevel() on ptolemy.moml.MoMLSimpleApplication@3fd07ba7
----------------- Done invoking toplevel() on ptolemy.moml.MoMLSimpleApplication@3fd07ba7
reloadAllAccessors: .MaxIndex

===========================================================================================
----------------- testing Wed Dec 26 03:06:08 UTC 2018 /home/travis/build/icyphy/ptII/ptolemy/actor/lib/test/auto/Maximum.xml
----------------- Instantiating /home/travis/build/icyphy/ptII/ptolemy/actor/lib/test/auto/Maximum.xml
2 ms. Memory: 1262592K Free: 616067K (49%)
----------------- Invoking toplevel() on ptolemy.moml.MoMLSimpleApplication@3316e910
----------------- Done invoking toplevel() on ptolemy.moml.MoMLSimpleApplication@3316e910
reloadAllAccessors: .Maximum

===========================================================================================
----------------- testing Wed Dec 26 03:06:08 UTC 2018 /home/travis/build/icyphy/ptII/ptolemy/actor/lib/test/auto/MaximumComplex.xml
----------------- Instantiating /home/travis/build/icyphy/ptII/ptolemy/actor/lib/test/auto/MaximumComplex.xml
2 ms. Memory: 1262592K Free: 598944K (47%)
----------------- Invoking toplevel() on ptolemy.moml.MoMLSimpleApplication@1463efc5
----------------- Done invoking toplevel() on ptolemy.moml.MoMLSimpleApplication@1463efc5
reloadAllAccessors: .MaximumComplex

===========================================================================================
----------------- testing Wed Dec 26 03:06:08 UTC 2018 /home/travis/build/icyphy/ptII/ptolemy/actor/lib/test/auto/MethodCallTest.xml
----------------- Instantiating /home/travis/build/icyphy/ptII/ptolemy/actor/lib/test/auto/MethodCallTest.xml
2 ms. Memory: 1262592K Free: 587327K (47%)
----------------- Invoking toplevel() on ptolemy.moml.MoMLSimpleApplication@76ed20a
----------------- Done invoking toplevel() on ptolemy.moml.MoMLSimpleApplication@76ed20a
reloadAllAccessors: .MethodCallTest

===========================================================================================
----------------- testing Wed Dec 26 03:06:08 UTC 2018 /home/travis/build/icyphy/ptII/ptolemy/actor/lib/test/auto/Minimum.xml
----------------- Instantiating /home/travis/build/icyphy/ptII/ptolemy/actor/lib/test/auto/Minimum.xml
2 ms. Memory: 1262592K Free: 570205K (45%)
----------------- Invoking toplevel() on ptolemy.moml.MoMLSimpleApplication@5d6cf5c
----------------- Done invoking toplevel() on ptolemy.moml.MoMLSimpleApplication@5d6cf5c
reloadAllAccessors: .Minimum

===========================================================================================
----------------- testing Wed Dec 26 03:06:08 UTC 2018 /home/travis/build/icyphy/ptII/ptolemy/actor/lib/test/auto/MinimumComplex.xml
----------------- Instantiating /home/travis/build/icyphy/ptII/ptolemy/actor/lib/test/auto/MinimumComplex.xml
3 ms. Memory: 1262592K Free: 558588K (44%)
----------------- Invoking toplevel() on ptolemy.moml.MoMLSimpleApplication@61c0b419
----------------- Done invoking toplevel() on ptolemy.moml.MoMLSimpleApplication@61c0b419
reloadAllAccessors: .MinimumComplex

===========================================================================================
----------------- testing Wed Dec 26 03:06:08 UTC 2018 /home/travis/build/icyphy/ptII/ptolemy/actor/lib/test/auto/MinimumMultiports.xml
----------------- Instantiating /home/travis/build/icyphy/ptII/ptolemy/actor/lib/test/auto/MinimumMultiports.xml
2 ms. Memory: 1262592K Free: 546970K (43%)
----------------- Invoking toplevel() on ptolemy.moml.MoMLSimpleApplication@501890e1
----------------- Done invoking toplevel() on ptolemy.moml.MoMLSimpleApplication@501890e1
reloadAllAccessors: .MinimumMultiports

===========================================================================================
----------------- testing Wed Dec 26 03:06:08 UTC 2018 /home/travis/build/icyphy/ptII/ptolemy/actor/lib/test/auto/ModifyDate.xml
----------------- Instantiating /home/travis/build/icyphy/ptII/ptolemy/actor/lib/test/auto/ModifyDate.xml
8 ms. Memory: 1262592K Free: 518214K (41%)
----------------- Invoking toplevel() on ptolemy.moml.MoMLSimpleApplication@423217d0
----------------- Done invoking toplevel() on ptolemy.moml.MoMLSimpleApplication@423217d0
reloadAllAccessors: .ModifyDate

===========================================================================================
----------------- testing Wed Dec 26 03:06:08 UTC 2018 /home/travis/build/icyphy/ptII/ptolemy/actor/lib/test/auto/ModifyDate2.xml
----------------- Instantiating /home/travis/build/icyphy/ptII/ptolemy/actor/lib/test/auto/ModifyDate2.xml
2 ms. Memory: 1262592K Free: 500788K (40%)
----------------- Invoking toplevel() on ptolemy.moml.MoMLSimpleApplication@70d31532
----------------- Done invoking toplevel() on ptolemy.moml.MoMLSimpleApplication@70d31532
reloadAllAccessors: .ModifyDate2

===========================================================================================
----------------- testing Wed Dec 26 03:06:08 UTC 2018 /home/travis/build/icyphy/ptII/ptolemy/actor/lib/test/auto/MovingAverage.xml
----------------- Instantiating /home/travis/build/icyphy/ptII/ptolemy/actor/lib/test/auto/MovingAverage.xml
2 ms. Memory: 1262592K Free: 483666K (38%)
----------------- Invoking toplevel() on ptolemy.moml.MoMLSimpleApplication@15fafc6c
----------------- Done invoking toplevel() on ptolemy.moml.MoMLSimpleApplication@15fafc6c
reloadAllAccessors: .MovingAverage

===========================================================================================
----------------- testing Wed Dec 26 03:06:08 UTC 2018 /home/travis/build/icyphy/ptII/ptolemy/actor/lib/test/auto/MovingMaximum.xml
----------------- Instantiating /home/travis/build/icyphy/ptII/ptolemy/actor/lib/test/auto/MovingMaximum.xml
1 ms. Memory: 1262592K Free: 472049K (37%)
----------------- Invoking toplevel() on ptolemy.moml.MoMLSimpleApplication@53041b0a
----------------- Done invoking toplevel() on ptolemy.moml.MoMLSimpleApplication@53041b0a
reloadAllAccessors: .MovingMaximum

===========================================================================================
----------------- testing Wed Dec 26 03:06:08 UTC 2018 /home/travis/build/icyphy/ptII/ptolemy/actor/lib/test/auto/MultipleLinksToSameRelation.xml
----------------- Instantiating /home/travis/build/icyphy/ptII/ptolemy/actor/lib/test/auto/MultipleLinksToSameRelation.xml
1 ms. Memory: 1262592K Free: 454927K (36%)
----------------- Invoking toplevel() on ptolemy.moml.MoMLSimpleApplication@5ce4beb4
----------------- Done invoking toplevel() on ptolemy.moml.MoMLSimpleApplication@5ce4beb4
reloadAllAccessors: .MultipleLinksToSameRelation

===========================================================================================
----------------- testing Wed Dec 26 03:06:08 UTC 2018 /home/travis/build/icyphy/ptII/ptolemy/actor/lib/test/auto/MultipleLinksToSameRelationDE.xml
----------------- Instantiating /home/travis/build/icyphy/ptII/ptolemy/actor/lib/test/auto/MultipleLinksToSameRelationDE.xml
2 ms. Memory: 1262592K Free: 443310K (35%)
----------------- Invoking toplevel() on ptolemy.moml.MoMLSimpleApplication@1888b1ff
----------------- Done invoking toplevel() on ptolemy.moml.MoMLSimpleApplication@1888b1ff
reloadAllAccessors: .MultipleLinksToSameRelationDE

===========================================================================================
----------------- testing Wed Dec 26 03:06:08 UTC 2018 /home/travis/build/icyphy/ptII/ptolemy/actor/lib/test/auto/Multiplexor.xml
----------------- Instantiating /home/travis/build/icyphy/ptII/ptolemy/actor/lib/test/auto/Multiplexor.xml
2 ms. Memory: 1262592K Free: 431692K (34%)
----------------- Invoking toplevel() on ptolemy.moml.MoMLSimpleApplication@5829dcdc
----------------- Done invoking toplevel() on ptolemy.moml.MoMLSimpleApplication@5829dcdc
reloadAllAccessors: .Multiplexor

===========================================================================================
----------------- testing Wed Dec 26 03:06:08 UTC 2018 /home/travis/build/icyphy/ptII/ptolemy/actor/lib/test/auto/Multiplexor1.xml
----------------- Instantiating /home/travis/build/icyphy/ptII/ptolemy/actor/lib/test/auto/Multiplexor1.xml
2 ms. Memory: 1262592K Free: 414570K (33%)
----------------- Invoking toplevel() on ptolemy.moml.MoMLSimpleApplication@769578c7
----------------- Done invoking toplevel() on ptolemy.moml.MoMLSimpleApplication@769578c7
reloadAllAccessors: .Multiplexor1

===========================================================================================
----------------- testing Wed Dec 26 03:06:08 UTC 2018 /home/travis/build/icyphy/ptII/ptolemy/actor/lib/test/auto/Multiplexor2.xml
----------------- Instantiating /home/travis/build/icyphy/ptII/ptolemy/actor/lib/test/auto/Multiplexor2.xml
2 ms. Memory: 1262592K Free: 402953K (32%)
----------------- Invoking toplevel() on ptolemy.moml.MoMLSimpleApplication@282dc086
----------------- Done invoking toplevel() on ptolemy.moml.MoMLSimpleApplication@282dc086
reloadAllAccessors: .Multiplexor2

===========================================================================================
----------------- testing Wed Dec 26 03:06:08 UTC 2018 /home/travis/build/icyphy/ptII/ptolemy/actor/lib/test/auto/Multiplexor3.xml
----------------- Instantiating /home/travis/build/icyphy/ptII/ptolemy/actor/lib/test/auto/Multiplexor3.xml
1 ms. Memory: 1262592K Free: 385831K (31%)
----------------- Invoking toplevel() on ptolemy.moml.MoMLSimpleApplication@44d03404
----------------- Done invoking toplevel() on ptolemy.moml.MoMLSimpleApplication@44d03404
reloadAllAccessors: .Multiplexor3

===========================================================================================
----------------- testing Wed Dec 26 03:06:08 UTC 2018 /home/travis/build/icyphy/ptII/ptolemy/actor/lib/test/auto/MultiplexorDE.xml
----------------- Instantiating /home/travis/build/icyphy/ptII/ptolemy/actor/lib/test/auto/MultiplexorDE.xml
2 ms. Memory: 1262592K Free: 374213K (30%)
----------------- Invoking toplevel() on ptolemy.moml.MoMLSimpleApplication@67df00c9
----------------- Done invoking toplevel() on ptolemy.moml.MoMLSimpleApplication@67df00c9
reloadAllAccessors: .MultiplexorDE

===========================================================================================
----------------- testing Wed Dec 26 03:06:08 UTC 2018 /home/travis/build/icyphy/ptII/ptolemy/actor/lib/test/auto/MultiportBroadcastTest.xml
----------------- Instantiating /home/travis/build/icyphy/ptII/ptolemy/actor/lib/test/auto/MultiportBroadcastTest.xml
51 ms. Memory: 1262592K Free: 357092K (28%)
----------------- Invoking toplevel() on ptolemy.moml.MoMLSimpleApplication@6c41b4b4
----------------- Done invoking toplevel() on ptolemy.moml.MoMLSimpleApplication@6c41b4b4
reloadAllAccessors: .MultiportBroadcastTest

===========================================================================================
----------------- testing Wed Dec 26 03:06:08 UTC 2018 /home/travis/build/icyphy/ptII/ptolemy/actor/lib/test/auto/MultiportOutHangDuringGetWidth.xml
----------------- Instantiating /home/travis/build/icyphy/ptII/ptolemy/actor/lib/test/auto/MultiportOutHangDuringGetWidth.xml
4 ms. Memory: 1262592K Free: 339649K (27%)
----------------- Invoking toplevel() on ptolemy.moml.MoMLSimpleApplication@33a59ec5
----------------- Done invoking toplevel() on ptolemy.moml.MoMLSimpleApplication@33a59ec5
reloadAllAccessors: .MultiportOutHangDuringGetWidth

===========================================================================================
----------------- testing Wed Dec 26 03:06:08 UTC 2018 /home/travis/build/icyphy/ptII/ptolemy/actor/lib/test/auto/NilToken.xml
----------------- Instantiating /home/travis/build/icyphy/ptII/ptolemy/actor/lib/test/auto/NilToken.xml
1 ms. Memory: 1262592K Free: 328032K (26%)
----------------- Invoking toplevel() on ptolemy.moml.MoMLSimpleApplication@46e88a3d
----------------- Done invoking toplevel() on ptolemy.moml.MoMLSimpleApplication@46e88a3d
reloadAllAccessors: .NilToken

===========================================================================================
----------------- testing Wed Dec 26 03:06:08 UTC 2018 /home/travis/build/icyphy/ptII/ptolemy/actor/lib/test/auto/NilTokenNonStrictTest.xml
----------------- Instantiating /home/travis/build/icyphy/ptII/ptolemy/actor/lib/test/auto/NilTokenNonStrictTest.xml
1 ms. Memory: 1262592K Free: 310910K (25%)
----------------- Invoking toplevel() on ptolemy.moml.MoMLSimpleApplication@40539b37
----------------- Done invoking toplevel() on ptolemy.moml.MoMLSimpleApplication@40539b37
reloadAllAccessors: .NilTokenNonStrictTest

===========================================================================================
----------------- testing Wed Dec 26 03:06:08 UTC 2018 /home/travis/build/icyphy/ptII/ptolemy/actor/lib/test/auto/NilTokenRecord.xml
----------------- Instantiating /home/travis/build/icyphy/ptII/ptolemy/actor/lib/test/auto/NilTokenRecord.xml
4 ms. Memory: 1262592K Free: 299293K (24%)
----------------- Invoking toplevel() on ptolemy.moml.MoMLSimpleApplication@501d4404
----------------- Done invoking toplevel() on ptolemy.moml.MoMLSimpleApplication@501d4404
reloadAllAccessors: .NilTokenRecord

===========================================================================================
----------------- testing Wed Dec 26 03:06:09 UTC 2018 /home/travis/build/icyphy/ptII/ptolemy/actor/lib/test/auto/NilTokenTypeTest.xml
----------------- Instantiating /home/travis/build/icyphy/ptII/ptolemy/actor/lib/test/auto/NilTokenTypeTest.xml
7 ms. Memory: 1262592K Free: 276354K (22%)
----------------- Invoking toplevel() on ptolemy.moml.MoMLSimpleApplication@6b6fd2b3
----------------- Done invoking toplevel() on ptolemy.moml.MoMLSimpleApplication@6b6fd2b3
reloadAllAccessors: .NilTokenTypeTest

===========================================================================================
----------------- testing Wed Dec 26 03:06:09 UTC 2018 /home/travis/build/icyphy/ptII/ptolemy/actor/lib/test/auto/ObjectToken1.xml
----------------- Instantiating /home/travis/build/icyphy/ptII/ptolemy/actor/lib/test/auto/ObjectToken1.xml
1 ms. Memory: 1262592K Free: 264736K (21%)
----------------- Invoking toplevel() on ptolemy.moml.MoMLSimpleApplication@a8fc796
----------------- Done invoking toplevel() on ptolemy.moml.MoMLSimpleApplication@a8fc796
reloadAllAccessors: .ObjectToken1

===========================================================================================
----------------- testing Wed Dec 26 03:06:09 UTC 2018 /home/travis/build/icyphy/ptII/ptolemy/actor/lib/test/auto/OrderedMerge.xml
----------------- Instantiating /home/travis/build/icyphy/ptII/ptolemy/actor/lib/test/auto/OrderedMerge.xml
7 ms. Memory: 1262592K Free: 224379K (18%)
----------------- Invoking toplevel() on ptolemy.moml.MoMLSimpleApplication@331d7095
----------------- Done invoking toplevel() on ptolemy.moml.MoMLSimpleApplication@331d7095
reloadAllAccessors: .OrderedMerge

===========================================================================================
----------------- testing Wed Dec 26 03:06:09 UTC 2018 /home/travis/build/icyphy/ptII/ptolemy/actor/lib/test/auto/OrderedRecordDisassembler.xml
----------------- Instantiating /home/travis/build/icyphy/ptII/ptolemy/actor/lib/test/auto/OrderedRecordDisassembler.xml
3 ms. Memory: 1262592K Free: 212762K (17%)
----------------- Invoking toplevel() on ptolemy.moml.MoMLSimpleApplication@c4cefcd
----------------- Done invoking toplevel() on ptolemy.moml.MoMLSimpleApplication@c4cefcd
reloadAllAccessors: .OrderedRecordDisassembler

===========================================================================================
----------------- testing Wed Dec 26 03:06:09 UTC 2018 /home/travis/build/icyphy/ptII/ptolemy/actor/lib/test/auto/OrderedRecordDisassembler2.xml
----------------- Instantiating /home/travis/build/icyphy/ptII/ptolemy/actor/lib/test/auto/OrderedRecordDisassembler2.xml
3 ms. Memory: 1262592K Free: 201145K (16%)
----------------- Invoking toplevel() on ptolemy.moml.MoMLSimpleApplication@2e148256
----------------- Done invoking toplevel() on ptolemy.moml.MoMLSimpleApplication@2e148256
reloadAllAccessors: .OrderedRecordDisassembler2

===========================================================================================
----------------- testing Wed Dec 26 03:06:09 UTC 2018 /home/travis/build/icyphy/ptII/ptolemy/actor/lib/test/auto/OrderedRecordUpdater.xml
----------------- Instantiating /home/travis/build/icyphy/ptII/ptolemy/actor/lib/test/auto/OrderedRecordUpdater.xml
2 ms. Memory: 1262592K Free: 184023K (15%)
----------------- Invoking toplevel() on ptolemy.moml.MoMLSimpleApplication@5043fab4
----------------- Done invoking toplevel() on ptolemy.moml.MoMLSimpleApplication@5043fab4
reloadAllAccessors: .RecordUpdater

===========================================================================================
----------------- testing Wed Dec 26 03:06:09 UTC 2018 /home/travis/build/icyphy/ptII/ptolemy/actor/lib/test/auto/OrderedRecordUpdater2.xml
----------------- Instantiating /home/travis/build/icyphy/ptII/ptolemy/actor/lib/test/auto/OrderedRecordUpdater2.xml
1 ms. Memory: 1262592K Free: 172405K (14%)
----------------- Invoking toplevel() on ptolemy.moml.MoMLSimpleApplication@4eb82b87
----------------- Done invoking toplevel() on ptolemy.moml.MoMLSimpleApplication@4eb82b87
reloadAllAccessors: .RecordUpdater2

===========================================================================================
----------------- testing Wed Dec 26 03:06:09 UTC 2018 /home/travis/build/icyphy/ptII/ptolemy/actor/lib/test/auto/PhaseUnwrap.xml
----------------- Instantiating /home/travis/build/icyphy/ptII/ptolemy/actor/lib/test/auto/PhaseUnwrap.xml
2 ms. Memory: 1262592K Free: 155283K (12%)
----------------- Invoking toplevel() on ptolemy.moml.MoMLSimpleApplication@34f0a58f
----------------- Done invoking toplevel() on ptolemy.moml.MoMLSimpleApplication@34f0a58f
reloadAllAccessors: .PhaseUnwrap

===========================================================================================
----------------- testing Wed Dec 26 03:06:09 UTC 2018 /home/travis/build/icyphy/ptII/ptolemy/actor/lib/test/auto/PoissonClock.xml
----------------- Instantiating /home/travis/build/icyphy/ptII/ptolemy/actor/lib/test/auto/PoissonClock.xml
2 ms. Memory: 1262592K Free: 143666K (11%)
----------------- Invoking toplevel() on ptolemy.moml.MoMLSimpleApplication@3f5fd7e8
----------------- Done invoking toplevel() on ptolemy.moml.MoMLSimpleApplication@3f5fd7e8
reloadAllAccessors: .PoissonClock

===========================================================================================
----------------- testing Wed Dec 26 03:06:09 UTC 2018 /home/travis/build/icyphy/ptII/ptolemy/actor/lib/test/auto/PoissonClock2.xml
----------------- Instantiating /home/travis/build/icyphy/ptII/ptolemy/actor/lib/test/auto/PoissonClock2.xml
2 ms. Memory: 1262592K Free: 126544K (10%)
----------------- Invoking toplevel() on ptolemy.moml.MoMLSimpleApplication@7600f08d
----------------- Done invoking toplevel() on ptolemy.moml.MoMLSimpleApplication@7600f08d
reloadAllAccessors: .PoissonClock2

===========================================================================================
----------------- testing Wed Dec 26 03:06:09 UTC 2018 /home/travis/build/icyphy/ptII/ptolemy/actor/lib/test/auto/PoissonClock3.xml
----------------- Instantiating /home/travis/build/icyphy/ptII/ptolemy/actor/lib/test/auto/PoissonClock3.xml
1 ms. Memory: 1262592K Free: 114927K (9%)
----------------- Invoking toplevel() on ptolemy.moml.MoMLSimpleApplication@6a27e5e7
----------------- Done invoking toplevel() on ptolemy.moml.MoMLSimpleApplication@6a27e5e7
reloadAllAccessors: .PoissonClock3

===========================================================================================
----------------- testing Wed Dec 26 03:06:09 UTC 2018 /home/travis/build/icyphy/ptII/ptolemy/actor/lib/test/auto/PubSubWithInitialTokens.xml
----------------- Instantiating /home/travis/build/icyphy/ptII/ptolemy/actor/lib/test/auto/PubSubWithInitialTokens.xml
2 ms. Memory: 1262592K Free: 103309K (8%)
----------------- Invoking toplevel() on ptolemy.moml.MoMLSimpleApplication@798e211
----------------- Done invoking toplevel() on ptolemy.moml.MoMLSimpleApplication@798e211
reloadAllAccessors: .PubSubWithInitialTokens

===========================================================================================
----------------- testing Wed Dec 26 03:06:09 UTC 2018 /home/travis/build/icyphy/ptII/ptolemy/actor/lib/test/auto/PubSubWithInitialTokens2.xml
----------------- Instantiating /home/travis/build/icyphy/ptII/ptolemy/actor/lib/test/auto/PubSubWithInitialTokens2.xml
2 ms. Memory: 1262592K Free: 86187K (7%)
----------------- Invoking toplevel() on ptolemy.moml.MoMLSimpleApplication@246566f1
----------------- Done invoking toplevel() on ptolemy.moml.MoMLSimpleApplication@246566f1
reloadAllAccessors: .PubSubWithInitialTokens2

===========================================================================================
----------------- testing Wed Dec 26 03:06:09 UTC 2018 /home/travis/build/icyphy/ptII/ptolemy/actor/lib/test/auto/PublisherClassNoParameter.xml
----------------- Instantiating /home/travis/build/icyphy/ptII/ptolemy/actor/lib/test/auto/PublisherClassNoParameter.xml
2 ms. Memory: 1262592K Free: 68745K (5%)
----------------- Invoking toplevel() on ptolemy.moml.MoMLSimpleApplication@3f8b94cf
----------------- Done invoking toplevel() on ptolemy.moml.MoMLSimpleApplication@3f8b94cf
reloadAllAccessors: .PublisherClassNoParameter

===========================================================================================
----------------- testing Wed Dec 26 03:06:09 UTC 2018 /home/travis/build/icyphy/ptII/ptolemy/actor/lib/test/auto/PublisherClassParameter.xml
----------------- Instantiating /home/travis/build/icyphy/ptII/ptolemy/actor/lib/test/auto/PublisherClassParameter.xml
2 ms. Memory: 1371648K Free: 1316482K (96%)
----------------- Invoking toplevel() on ptolemy.moml.MoMLSimpleApplication@1fe0b084
----------------- Done invoking toplevel() on ptolemy.moml.MoMLSimpleApplication@1fe0b084
reloadAllAccessors: .PublisherClassParameter

===========================================================================================
----------------- testing Wed Dec 26 03:06:09 UTC 2018 /home/travis/build/icyphy/ptII/ptolemy/actor/lib/test/auto/PublisherNonStrictTest.xml
----------------- Instantiating /home/travis/build/icyphy/ptII/ptolemy/actor/lib/test/auto/PublisherNonStrictTest.xml
3 ms. Memory: 1371648K Free: 1298479K (95%)
----------------- Invoking toplevel() on ptolemy.moml.MoMLSimpleApplication@5e1854e5
----------------- Done invoking toplevel() on ptolemy.moml.MoMLSimpleApplication@5e1854e5
reloadAllAccessors: .PublisherNonStrictTest

===========================================================================================
----------------- testing Wed Dec 26 03:06:09 UTC 2018 /home/travis/build/icyphy/ptII/ptolemy/actor/lib/test/auto/PublisherPort1.xml
----------------- Instantiating /home/travis/build/icyphy/ptII/ptolemy/actor/lib/test/auto/PublisherPort1.xml
2 ms. Memory: 1371648K Free: 1285776K (94%)
----------------- Invoking toplevel() on ptolemy.moml.MoMLSimpleApplication@107094e7
----------------- Done invoking toplevel() on ptolemy.moml.MoMLSimpleApplication@107094e7
reloadAllAccessors: .PublisherPort1

===========================================================================================
----------------- testing Wed Dec 26 03:06:09 UTC 2018 /home/travis/build/icyphy/ptII/ptolemy/actor/lib/test/auto/PublisherPort2.xml
----------------- Instantiating /home/travis/build/icyphy/ptII/ptolemy/actor/lib/test/auto/PublisherPort2.xml
1 ms. Memory: 1371648K Free: 1267774K (92%)
----------------- Invoking toplevel() on ptolemy.moml.MoMLSimpleApplication@5d8d9254
----------------- Done invoking toplevel() on ptolemy.moml.MoMLSimpleApplication@5d8d9254
reloadAllAccessors: .PublisherPort2

===========================================================================================
----------------- testing Wed Dec 26 03:06:09 UTC 2018 /home/travis/build/icyphy/ptII/ptolemy/actor/lib/test/auto/PublisherPort3.xml
----------------- Instantiating /home/travis/build/icyphy/ptII/ptolemy/actor/lib/test/auto/PublisherPort3.xml
3 ms. Memory: 1371648K Free: 1255071K (92%)
----------------- Invoking toplevel() on ptolemy.moml.MoMLSimpleApplication@28c85ee2
----------------- Done invoking toplevel() on ptolemy.moml.MoMLSimpleApplication@28c85ee2
reloadAllAccessors: .PublisherPort3

===========================================================================================
----------------- testing Wed Dec 26 03:06:09 UTC 2018 /home/travis/build/icyphy/ptII/ptolemy/actor/lib/test/auto/PublisherPort4.xml
----------------- Instantiating /home/travis/build/icyphy/ptII/ptolemy/actor/lib/test/auto/PublisherPort4.xml
2 ms. Memory: 1371648K Free: 1237068K (90%)
----------------- Invoking toplevel() on ptolemy.moml.MoMLSimpleApplication@52db4790
----------------- Done invoking toplevel() on ptolemy.moml.MoMLSimpleApplication@52db4790
reloadAllAccessors: .PublisherPort4

===========================================================================================
----------------- testing Wed Dec 26 03:06:09 UTC 2018 /home/travis/build/icyphy/ptII/ptolemy/actor/lib/test/auto/PublisherPort5.xml
----------------- Instantiating /home/travis/build/icyphy/ptII/ptolemy/actor/lib/test/auto/PublisherPort5.xml
3 ms. Memory: 1371648K Free: 1224365K (89%)
----------------- Invoking toplevel() on ptolemy.moml.MoMLSimpleApplication@1711a484
----------------- Done invoking toplevel() on ptolemy.moml.MoMLSimpleApplication@1711a484
reloadAllAccessors: .PublisherPort5

===========================================================================================
----------------- testing Wed Dec 26 03:06:09 UTC 2018 /home/travis/build/icyphy/ptII/ptolemy/actor/lib/test/auto/PublisherPort5LookAlike.xml
----------------- Instantiating /home/travis/build/icyphy/ptII/ptolemy/actor/lib/test/auto/PublisherPort5LookAlike.xml
3 ms. Memory: 1371648K Free: 1206331K (88%)
----------------- Invoking toplevel() on ptolemy.moml.MoMLSimpleApplication@585600d3
----------------- Done invoking toplevel() on ptolemy.moml.MoMLSimpleApplication@585600d3
reloadAllAccessors: .PublisherPort5LookAlike

===========================================================================================
----------------- testing Wed Dec 26 03:06:09 UTC 2018 /home/travis/build/icyphy/ptII/ptolemy/actor/lib/test/auto/PublisherPort6.xml
----------------- Instantiating /home/travis/build/icyphy/ptII/ptolemy/actor/lib/test/auto/PublisherPort6.xml
2 ms. Memory: 1371648K Free: 1193629K (87%)
----------------- Invoking toplevel() on ptolemy.moml.MoMLSimpleApplication@6a2311df
----------------- Done invoking toplevel() on ptolemy.moml.MoMLSimpleApplication@6a2311df
reloadAllAccessors: .PublisherPort6

===========================================================================================
----------------- testing Wed Dec 26 03:06:09 UTC 2018 /home/travis/build/icyphy/ptII/ptolemy/actor/lib/test/auto/PublisherPort7.xml
----------------- Instantiating /home/travis/build/icyphy/ptII/ptolemy/actor/lib/test/auto/PublisherPort7.xml
3 ms. Memory: 1371648K Free: 1175626K (86%)
----------------- Invoking toplevel() on ptolemy.moml.MoMLSimpleApplication@6be49ffd
----------------- Done invoking toplevel() on ptolemy.moml.MoMLSimpleApplication@6be49ffd
reloadAllAccessors: .PublisherPort7

===========================================================================================
----------------- testing Wed Dec 26 03:06:09 UTC 2018 /home/travis/build/icyphy/ptII/ptolemy/actor/lib/test/auto/PublisherPort8.xml
----------------- Instantiating /home/travis/build/icyphy/ptII/ptolemy/actor/lib/test/auto/PublisherPort8.xml
3 ms. Memory: 1371648K Free: 1162923K (85%)
----------------- Invoking toplevel() on ptolemy.moml.MoMLSimpleApplication@302fceb5
----------------- Done invoking toplevel() on ptolemy.moml.MoMLSimpleApplication@302fceb5
reloadAllAccessors: .PublisherPort8

===========================================================================================
----------------- testing Wed Dec 26 03:06:09 UTC 2018 /home/travis/build/icyphy/ptII/ptolemy/actor/lib/test/auto/PublisherPortSubscriberChannelVariablesAOC2.xml
----------------- Instantiating /home/travis/build/icyphy/ptII/ptolemy/actor/lib/test/auto/PublisherPortSubscriberChannelVariablesAOC2.xml
2 ms. Memory: 1371648K Free: 1137485K (83%)
----------------- Invoking toplevel() on ptolemy.moml.MoMLSimpleApplication@7ee8a830
----------------- Done invoking toplevel() on ptolemy.moml.MoMLSimpleApplication@7ee8a830
reloadAllAccessors: .PublisherPortSubscriberChannelVariablesAOC2

===========================================================================================
----------------- testing Wed Dec 26 03:06:09 UTC 2018 /home/travis/build/icyphy/ptII/ptolemy/actor/lib/test/auto/PublisherPortSubscriberOpaqueWidthInference.xml
----------------- Instantiating /home/travis/build/icyphy/ptII/ptolemy/actor/lib/test/auto/PublisherPortSubscriberOpaqueWidthInference.xml
3 ms. Memory: 1371648K Free: 1119483K (82%)
----------------- Invoking toplevel() on ptolemy.moml.MoMLSimpleApplication@73bc89a9
----------------- Done invoking toplevel() on ptolemy.moml.MoMLSimpleApplication@73bc89a9
reloadAllAccessors: .PublisherPortSubscriberOpaqueWidthInference

===========================================================================================
----------------- testing Wed Dec 26 03:06:09 UTC 2018 /home/travis/build/icyphy/ptII/ptolemy/actor/lib/test/auto/PublisherPortSubscriberPortAdjacent.xml
----------------- Instantiating /home/travis/build/icyphy/ptII/ptolemy/actor/lib/test/auto/PublisherPortSubscriberPortAdjacent.xml
1 ms. Memory: 1371648K Free: 1100427K (80%)
----------------- Invoking toplevel() on ptolemy.moml.MoMLSimpleApplication@6b0f8876
----------------- Done invoking toplevel() on ptolemy.moml.MoMLSimpleApplication@6b0f8876
reloadAllAccessors: .PublisherPortSubscriberPortAdjacent

===========================================================================================
----------------- testing Wed Dec 26 03:06:09 UTC 2018 /home/travis/build/icyphy/ptII/ptolemy/actor/lib/test/auto/PublisherPortSubscriberPortExpression.xml
----------------- Instantiating /home/travis/build/icyphy/ptII/ptolemy/actor/lib/test/auto/PublisherPortSubscriberPortExpression.xml
3 ms. Memory: 1371648K Free: 1082425K (79%)
----------------- Invoking toplevel() on ptolemy.moml.MoMLSimpleApplication@78717b34
----------------- Done invoking toplevel() on ptolemy.moml.MoMLSimpleApplication@78717b34
reloadAllAccessors: .PublisherPortSubscriberPortExpression

===========================================================================================
----------------- testing Wed Dec 26 03:06:09 UTC 2018 /home/travis/build/icyphy/ptII/ptolemy/actor/lib/test/auto/PublisherPortSubscriberPortOpaqueD3Reverse.xml
----------------- Instantiating /home/travis/build/icyphy/ptII/ptolemy/actor/lib/test/auto/PublisherPortSubscriberPortOpaqueD3Reverse.xml
5 ms. Memory: 1371648K Free: 1069722K (78%)
----------------- Invoking toplevel() on ptolemy.moml.MoMLSimpleApplication@2d4f018
----------------- Done invoking toplevel() on ptolemy.moml.MoMLSimpleApplication@2d4f018
reloadAllAccessors: .PublisherPortSubscriberPortOpaqueD3Reverse

===========================================================================================
----------------- testing Wed Dec 26 03:06:09 UTC 2018 /home/travis/build/icyphy/ptII/ptolemy/actor/lib/test/auto/PublisherPortSubscriberPortOpaqueWidthInference.xml
----------------- Instantiating /home/travis/build/icyphy/ptII/ptolemy/actor/lib/test/auto/PublisherPortSubscriberPortOpaqueWidthInference.xml
3 ms. Memory: 1371648K Free: 1051719K (77%)
----------------- Invoking toplevel() on ptolemy.moml.MoMLSimpleApplication@5c419cb9
----------------- Done invoking toplevel() on ptolemy.moml.MoMLSimpleApplication@5c419cb9
reloadAllAccessors: .PublisherPortSubscriberPortOpaqueWidthInference

===========================================================================================
----------------- testing Wed Dec 26 03:06:09 UTC 2018 /home/travis/build/icyphy/ptII/ptolemy/actor/lib/test/auto/PublisherPortToplevelSubscriberPortAOC.xml
----------------- Instantiating /home/travis/build/icyphy/ptII/ptolemy/actor/lib/test/auto/PublisherPortToplevelSubscriberPortAOC.xml
.PublisherPortToplevelSubscriberPortAOC.TestExceptionAttribute: initialize() was not invoked, but wrapup() was.  This is unusual, but not always a problem.  For example, exporting JNLP will do this.
0 ms. Memory: 1371648K Free: 1039016K (76%)
----------------- Invoking toplevel() on ptolemy.moml.MoMLSimpleApplication@256e435b
----------------- Done invoking toplevel() on ptolemy.moml.MoMLSimpleApplication@256e435b
reloadAllAccessors: .PublisherPortToplevelSubscriberPortAOC

===========================================================================================
----------------- testing Wed Dec 26 03:06:09 UTC 2018 /home/travis/build/icyphy/ptII/ptolemy/actor/lib/test/auto/PublisherSubscriber.xml
----------------- Instantiating /home/travis/build/icyphy/ptII/ptolemy/actor/lib/test/auto/PublisherSubscriber.xml
3 ms. Memory: 1371648K Free: 1021013K (74%)
----------------- Invoking toplevel() on ptolemy.moml.MoMLSimpleApplication@7176c4e8
----------------- Done invoking toplevel() on ptolemy.moml.MoMLSimpleApplication@7176c4e8
reloadAllAccessors: .PublisherSubscriber

===========================================================================================
----------------- testing Wed Dec 26 03:06:09 UTC 2018 /home/travis/build/icyphy/ptII/ptolemy/actor/lib/test/auto/PublisherSubscriber10.xml
----------------- Instantiating /home/travis/build/icyphy/ptII/ptolemy/actor/lib/test/auto/PublisherSubscriber10.xml
4 ms. Memory: 1371648K Free: 1001951K (73%)
----------------- Invoking toplevel() on ptolemy.moml.MoMLSimpleApplication@37d966fa
----------------- Done invoking toplevel() on ptolemy.moml.MoMLSimpleApplication@37d966fa
reloadAllAccessors: .PublisherSubscriber10

===========================================================================================
----------------- testing Wed Dec 26 03:06:09 UTC 2018 /home/travis/build/icyphy/ptII/ptolemy/actor/lib/test/auto/PublisherSubscriber10InitialOutputs.xml
----------------- Instantiating /home/travis/build/icyphy/ptII/ptolemy/actor/lib/test/auto/PublisherSubscriber10InitialOutputs.xml
5 ms. Memory: 1371648K Free: 983949K (72%)
----------------- Invoking toplevel() on ptolemy.moml.MoMLSimpleApplication@4997673c
----------------- Done invoking toplevel() on ptolemy.moml.MoMLSimpleApplication@4997673c
reloadAllAccessors: .PublisherSubscriber10InitialOutputs

===========================================================================================
----------------- testing Wed Dec 26 03:06:09 UTC 2018 /home/travis/build/icyphy/ptII/ptolemy/actor/lib/test/auto/PublisherSubscriber11.xml
----------------- Instantiating /home/travis/build/icyphy/ptII/ptolemy/actor/lib/test/auto/PublisherSubscriber11.xml
2 ms. Memory: 1371648K Free: 971246K (71%)
----------------- Invoking toplevel() on ptolemy.moml.MoMLSimpleApplication@743b79c1
----------------- Done invoking toplevel() on ptolemy.moml.MoMLSimpleApplication@743b79c1
reloadAllAccessors: .PublisherSubscriber11

===========================================================================================
----------------- testing Wed Dec 26 03:06:09 UTC 2018 /home/travis/build/icyphy/ptII/ptolemy/actor/lib/test/auto/PublisherSubscriber12.xml
----------------- Instantiating /home/travis/build/icyphy/ptII/ptolemy/actor/lib/test/auto/PublisherSubscriber12.xml
2 ms. Memory: 1371648K Free: 958543K (70%)
----------------- Invoking toplevel() on ptolemy.moml.MoMLSimpleApplication@189b1b19
----------------- Done invoking toplevel() on ptolemy.moml.MoMLSimpleApplication@189b1b19
reloadAllAccessors: .PublisherSubscriber12

===========================================================================================
----------------- testing Wed Dec 26 03:06:09 UTC 2018 /home/travis/build/icyphy/ptII/ptolemy/actor/lib/test/auto/PublisherSubscriber13.xml
----------------- Instantiating /home/travis/build/icyphy/ptII/ptolemy/actor/lib/test/auto/PublisherSubscriber13.xml
2 ms. Memory: 1371648K Free: 940540K (69%)
----------------- Invoking toplevel() on ptolemy.moml.MoMLSimpleApplication@4e567c30
----------------- Done invoking toplevel() on ptolemy.moml.MoMLSimpleApplication@4e567c30
reloadAllAccessors: .PublisherSubscriber13

===========================================================================================
----------------- testing Wed Dec 26 03:06:09 UTC 2018 /home/travis/build/icyphy/ptII/ptolemy/actor/lib/test/auto/PublisherSubscriber14.xml
----------------- Instantiating /home/travis/build/icyphy/ptII/ptolemy/actor/lib/test/auto/PublisherSubscriber14.xml
1 ms. Memory: 1371648K Free: 921470K (67%)
----------------- Invoking toplevel() on ptolemy.moml.MoMLSimpleApplication@7be9aa9e
----------------- Done invoking toplevel() on ptolemy.moml.MoMLSimpleApplication@7be9aa9e
reloadAllAccessors: .PublisherSubscriber14

===========================================================================================
----------------- testing Wed Dec 26 03:06:09 UTC 2018 /home/travis/build/icyphy/ptII/ptolemy/actor/lib/test/auto/PublisherSubscriber2.xml
----------------- Instantiating /home/travis/build/icyphy/ptII/ptolemy/actor/lib/test/auto/PublisherSubscriber2.xml
2 ms. Memory: 1371648K Free: 903467K (66%)
----------------- Invoking toplevel() on ptolemy.moml.MoMLSimpleApplication@533c30ae
----------------- Done invoking toplevel() on ptolemy.moml.MoMLSimpleApplication@533c30ae
reloadAllAccessors: .PublisherSubscriber2

===========================================================================================
----------------- testing Wed Dec 26 03:06:09 UTC 2018 /home/travis/build/icyphy/ptII/ptolemy/actor/lib/test/auto/PublisherSubscriber3.xml
----------------- Instantiating /home/travis/build/icyphy/ptII/ptolemy/actor/lib/test/auto/PublisherSubscriber3.xml
2 ms. Memory: 1371648K Free: 890764K (65%)
----------------- Invoking toplevel() on ptolemy.moml.MoMLSimpleApplication@7b9536a1
----------------- Done invoking toplevel() on ptolemy.moml.MoMLSimpleApplication@7b9536a1
reloadAllAccessors: .PublisherSubscriber3

===========================================================================================
----------------- testing Wed Dec 26 03:06:09 UTC 2018 /home/travis/build/icyphy/ptII/ptolemy/actor/lib/test/auto/PublisherSubscriber4.xml
----------------- Instantiating /home/travis/build/icyphy/ptII/ptolemy/actor/lib/test/auto/PublisherSubscriber4.xml
1 ms. Memory: 1371648K Free: 872762K (64%)
----------------- Invoking toplevel() on ptolemy.moml.MoMLSimpleApplication@41beb0ff
----------------- Done invoking toplevel() on ptolemy.moml.MoMLSimpleApplication@41beb0ff
reloadAllAccessors: .PublisherSubscriber4

===========================================================================================
----------------- testing Wed Dec 26 03:06:09 UTC 2018 /home/travis/build/icyphy/ptII/ptolemy/actor/lib/test/auto/PublisherSubscriber5.xml
----------------- Instantiating /home/travis/build/icyphy/ptII/ptolemy/actor/lib/test/auto/PublisherSubscriber5.xml
1 ms. Memory: 1371648K Free: 860059K (63%)
----------------- Invoking toplevel() on ptolemy.moml.MoMLSimpleApplication@6305c40e
----------------- Done invoking toplevel() on ptolemy.moml.MoMLSimpleApplication@6305c40e
reloadAllAccessors: .PublisherSubscriber5

===========================================================================================
----------------- testing Wed Dec 26 03:06:09 UTC 2018 /home/travis/build/icyphy/ptII/ptolemy/actor/lib/test/auto/PublisherSubscriber6.xml
----------------- Instantiating /home/travis/build/icyphy/ptII/ptolemy/actor/lib/test/auto/PublisherSubscriber6.xml
2 ms. Memory: 1371648K Free: 842056K (61%)
----------------- Invoking toplevel() on ptolemy.moml.MoMLSimpleApplication@6325bff3
----------------- Done invoking toplevel() on ptolemy.moml.MoMLSimpleApplication@6325bff3
reloadAllAccessors: .PublisherSubscriber6

===========================================================================================
----------------- testing Wed Dec 26 03:06:09 UTC 2018 /home/travis/build/icyphy/ptII/ptolemy/actor/lib/test/auto/PublisherSubscriber7.xml
----------------- Instantiating /home/travis/build/icyphy/ptII/ptolemy/actor/lib/test/auto/PublisherSubscriber7.xml
2 ms. Memory: 1371648K Free: 829354K (60%)
----------------- Invoking toplevel() on ptolemy.moml.MoMLSimpleApplication@46786a56
----------------- Done invoking toplevel() on ptolemy.moml.MoMLSimpleApplication@46786a56
reloadAllAccessors: .PublisherSubscriber7

===========================================================================================
----------------- testing Wed Dec 26 03:06:09 UTC 2018 /home/travis/build/icyphy/ptII/ptolemy/actor/lib/test/auto/PublisherSubscriber8.xml
----------------- Instantiating /home/travis/build/icyphy/ptII/ptolemy/actor/lib/test/auto/PublisherSubscriber8.xml
17 ms. Memory: 1371648K Free: 747837K (55%)
----------------- Invoking toplevel() on ptolemy.moml.MoMLSimpleApplication@2d8e64dd
----------------- Done invoking toplevel() on ptolemy.moml.MoMLSimpleApplication@2d8e64dd
reloadAllAccessors: .PublisherSubscriber8

===========================================================================================
----------------- testing Wed Dec 26 03:06:09 UTC 2018 /home/travis/build/icyphy/ptII/ptolemy/actor/lib/test/auto/PublisherSubscriber9.xml
----------------- Instantiating /home/travis/build/icyphy/ptII/ptolemy/actor/lib/test/auto/PublisherSubscriber9.xml
3 ms. Memory: 1371648K Free: 735134K (54%)
----------------- Invoking toplevel() on ptolemy.moml.MoMLSimpleApplication@887f6da
----------------- Done invoking toplevel() on ptolemy.moml.MoMLSimpleApplication@887f6da
reloadAllAccessors: .PublisherSubscriber9

===========================================================================================
----------------- testing Wed Dec 26 03:06:09 UTC 2018 /home/travis/build/icyphy/ptII/ptolemy/actor/lib/test/auto/PublisherSubscriberAdjacent.xml
----------------- Instantiating /home/travis/build/icyphy/ptII/ptolemy/actor/lib/test/auto/PublisherSubscriberAdjacent.xml
2 ms. Memory: 1371648K Free: 710764K (52%)
----------------- Invoking toplevel() on ptolemy.moml.MoMLSimpleApplication@d4fea90
----------------- Done invoking toplevel() on ptolemy.moml.MoMLSimpleApplication@d4fea90
reloadAllAccessors: .PublisherSubscriberAdjacent

===========================================================================================
----------------- testing Wed Dec 26 03:06:09 UTC 2018 /home/travis/build/icyphy/ptII/ptolemy/actor/lib/test/auto/PublisherSubscriberChannelVariablesAOC2.xml
----------------- Instantiating /home/travis/build/icyphy/ptII/ptolemy/actor/lib/test/auto/PublisherSubscriberChannelVariablesAOC2.xml
3 ms. Memory: 1371648K Free: 685334K (50%)
----------------- Invoking toplevel() on ptolemy.moml.MoMLSimpleApplication@48845d1d
----------------- Done invoking toplevel() on ptolemy.moml.MoMLSimpleApplication@48845d1d
reloadAllAccessors: .PublisherSubscriberChannelVariablesAOC2

===========================================================================================
----------------- testing Wed Dec 26 03:06:09 UTC 2018 /home/travis/build/icyphy/ptII/ptolemy/actor/lib/test/auto/PublisherSubscriberD3.xml
----------------- Instantiating /home/travis/build/icyphy/ptII/ptolemy/actor/lib/test/auto/PublisherSubscriberD3.xml
1 ms. Memory: 1371648K Free: 672631K (49%)
----------------- Invoking toplevel() on ptolemy.moml.MoMLSimpleApplication@7c298294
----------------- Done invoking toplevel() on ptolemy.moml.MoMLSimpleApplication@7c298294
reloadAllAccessors: .PublisherSubscriberD3

===========================================================================================
----------------- testing Wed Dec 26 03:06:09 UTC 2018 /home/travis/build/icyphy/ptII/ptolemy/actor/lib/test/auto/PublisherSubscriberD3Reverse.xml
----------------- Instantiating /home/travis/build/icyphy/ptII/ptolemy/actor/lib/test/auto/PublisherSubscriberD3Reverse.xml
1 ms. Memory: 1371648K Free: 654629K (48%)
----------------- Invoking toplevel() on ptolemy.moml.MoMLSimpleApplication@aaa6797
----------------- Done invoking toplevel() on ptolemy.moml.MoMLSimpleApplication@aaa6797
reloadAllAccessors: .PublisherSubscriberD3Reverse

===========================================================================================
----------------- testing Wed Dec 26 03:06:09 UTC 2018 /home/travis/build/icyphy/ptII/ptolemy/actor/lib/test/auto/PublisherSubscriberExpression.xml
----------------- Instantiating /home/travis/build/icyphy/ptII/ptolemy/actor/lib/test/auto/PublisherSubscriberExpression.xml
3 ms. Memory: 1371648K Free: 635559K (46%)
----------------- Invoking toplevel() on ptolemy.moml.MoMLSimpleApplication@3435a9d2
----------------- Done invoking toplevel() on ptolemy.moml.MoMLSimpleApplication@3435a9d2
reloadAllAccessors: .PublisherSubscriberExpression

===========================================================================================
----------------- testing Wed Dec 26 03:06:10 UTC 2018 /home/travis/build/icyphy/ptII/ptolemy/actor/lib/test/auto/PublisherSubscriberOpaque.xml
----------------- Instantiating /home/travis/build/icyphy/ptII/ptolemy/actor/lib/test/auto/PublisherSubscriberOpaque.xml
4 ms. Memory: 1371648K Free: 617556K (45%)
----------------- Invoking toplevel() on ptolemy.moml.MoMLSimpleApplication@1ecbf77b
----------------- Done invoking toplevel() on ptolemy.moml.MoMLSimpleApplication@1ecbf77b
reloadAllAccessors: .PublisherSubscriberOpaque

===========================================================================================
----------------- testing Wed Dec 26 03:06:10 UTC 2018 /home/travis/build/icyphy/ptII/ptolemy/actor/lib/test/auto/PublisherSubscriberOpaqueD3.xml
----------------- Instantiating /home/travis/build/icyphy/ptII/ptolemy/actor/lib/test/auto/PublisherSubscriberOpaqueD3.xml
5 ms. Memory: 1371648K Free: 598486K (44%)
----------------- Invoking toplevel() on ptolemy.moml.MoMLSimpleApplication@dc2b38
----------------- Done invoking toplevel() on ptolemy.moml.MoMLSimpleApplication@dc2b38
reloadAllAccessors: .PublisherSubscriberOpaqueD3

===========================================================================================
----------------- testing Wed Dec 26 03:06:10 UTC 2018 /home/travis/build/icyphy/ptII/ptolemy/actor/lib/test/auto/PublisherSubscriberOpaqueD3Reverse.xml
----------------- Instantiating /home/travis/build/icyphy/ptII/ptolemy/actor/lib/test/auto/PublisherSubscriberOpaqueD3Reverse.xml
6 ms. Memory: 1371648K Free: 574116K (42%)
----------------- Invoking toplevel() on ptolemy.moml.MoMLSimpleApplication@72afe6af
----------------- Done invoking toplevel() on ptolemy.moml.MoMLSimpleApplication@72afe6af
reloadAllAccessors: .PublisherSubscriberOpaqueD3Reverse

===========================================================================================
----------------- testing Wed Dec 26 03:06:10 UTC 2018 /home/travis/build/icyphy/ptII/ptolemy/actor/lib/test/auto/PublisherSubscriberOpaqueWidthInference.xml
----------------- Instantiating /home/travis/build/icyphy/ptII/ptolemy/actor/lib/test/auto/PublisherSubscriberOpaqueWidthInference.xml
3 ms. Memory: 1371648K Free: 555045K (40%)
----------------- Invoking toplevel() on ptolemy.moml.MoMLSimpleApplication@6e6ca38
----------------- Done invoking toplevel() on ptolemy.moml.MoMLSimpleApplication@6e6ca38
reloadAllAccessors: .PublisherSubscriberOpaqueWidthInference

===========================================================================================
----------------- testing Wed Dec 26 03:06:10 UTC 2018 /home/travis/build/icyphy/ptII/ptolemy/actor/lib/test/auto/PublisherTestSubscriber.xml
----------------- Instantiating /home/travis/build/icyphy/ptII/ptolemy/actor/lib/test/auto/PublisherTestSubscriber.xml
3 ms. Memory: 1371648K Free: 537043K (39%)
----------------- Invoking toplevel() on ptolemy.moml.MoMLSimpleApplication@4db96e2b
----------------- Done invoking toplevel() on ptolemy.moml.MoMLSimpleApplication@4db96e2b
reloadAllAccessors: .PublisherTestSubscriber

===========================================================================================
----------------- testing Wed Dec 26 03:06:10 UTC 2018 /home/travis/build/icyphy/ptII/ptolemy/actor/lib/test/auto/PublisherToplevelSubscriberPortAOC.xml
----------------- Instantiating /home/travis/build/icyphy/ptII/ptolemy/actor/lib/test/auto/PublisherToplevelSubscriberPortAOC.xml
1 ms. Memory: 1371648K Free: 524340K (38%)
----------------- Invoking toplevel() on ptolemy.moml.MoMLSimpleApplication@54254669
----------------- Done invoking toplevel() on ptolemy.moml.MoMLSimpleApplication@54254669
reloadAllAccessors: .PublisherToplevelSubscriberPortAOC

===========================================================================================
----------------- testing Wed Dec 26 03:06:10 UTC 2018 /home/travis/build/icyphy/ptII/ptolemy/actor/lib/test/auto/PulseFiringLimitDE.xml
----------------- Instantiating /home/travis/build/icyphy/ptII/ptolemy/actor/lib/test/auto/PulseFiringLimitDE.xml
1 ms. Memory: 1371648K Free: 506337K (37%)
----------------- Invoking toplevel() on ptolemy.moml.MoMLSimpleApplication@469c3d33
----------------- Done invoking toplevel() on ptolemy.moml.MoMLSimpleApplication@469c3d33
reloadAllAccessors: .PulseFiringLimitDE

===========================================================================================
----------------- testing Wed Dec 26 03:06:10 UTC 2018 /home/travis/build/icyphy/ptII/ptolemy/actor/lib/test/auto/Ramp1.xml
----------------- Instantiating /home/travis/build/icyphy/ptII/ptolemy/actor/lib/test/auto/Ramp1.xml
1 ms. Memory: 1371648K Free: 493634K (36%)
----------------- Invoking toplevel() on ptolemy.moml.MoMLSimpleApplication@610cc294
----------------- Done invoking toplevel() on ptolemy.moml.MoMLSimpleApplication@610cc294
reloadAllAccessors: .Ramp1

===========================================================================================
----------------- testing Wed Dec 26 03:06:10 UTC 2018 /home/travis/build/icyphy/ptII/ptolemy/actor/lib/test/auto/RampFiringLimitDE.xml
----------------- Instantiating /home/travis/build/icyphy/ptII/ptolemy/actor/lib/test/auto/RampFiringLimitDE.xml
2 ms. Memory: 1371648K Free: 475632K (35%)
----------------- Invoking toplevel() on ptolemy.moml.MoMLSimpleApplication@4f9c6a24
----------------- Done invoking toplevel() on ptolemy.moml.MoMLSimpleApplication@4f9c6a24
reloadAllAccessors: .RampFiringLimitDE

===========================================================================================
----------------- testing Wed Dec 26 03:06:10 UTC 2018 /home/travis/build/icyphy/ptII/ptolemy/actor/lib/test/auto/RampFiringLimitSDF.xml
----------------- Instantiating /home/travis/build/icyphy/ptII/ptolemy/actor/lib/test/auto/RampFiringLimitSDF.xml
4 ms. Memory: 1371648K Free: 462929K (34%)
----------------- Invoking toplevel() on ptolemy.moml.MoMLSimpleApplication@66c1950e
----------------- Done invoking toplevel() on ptolemy.moml.MoMLSimpleApplication@66c1950e
reloadAllAccessors: .RampFiringLimitSDF

===========================================================================================
----------------- testing Wed Dec 26 03:06:10 UTC 2018 /home/travis/build/icyphy/ptII/ptolemy/actor/lib/test/auto/RandomInteger.xml
----------------- Instantiating /home/travis/build/icyphy/ptII/ptolemy/actor/lib/test/auto/RandomInteger.xml
1 ms. Memory: 1371648K Free: 450226K (33%)
----------------- Invoking toplevel() on ptolemy.moml.MoMLSimpleApplication@619b60db
----------------- Done invoking toplevel() on ptolemy.moml.MoMLSimpleApplication@619b60db
reloadAllAccessors: .RandomInteger

===========================================================================================
----------------- testing Wed Dec 26 03:06:10 UTC 2018 /home/travis/build/icyphy/ptII/ptolemy/actor/lib/test/auto/ReadFile1.xml
----------------- Instantiating /home/travis/build/icyphy/ptII/ptolemy/actor/lib/test/auto/ReadFile1.xml
1 ms. Memory: 1371648K Free: 432223K (32%)
----------------- Invoking toplevel() on ptolemy.moml.MoMLSimpleApplication@11aaa00a
----------------- Done invoking toplevel() on ptolemy.moml.MoMLSimpleApplication@11aaa00a
reloadAllAccessors: .ReadFile1

===========================================================================================
----------------- testing Wed Dec 26 03:06:10 UTC 2018 /home/travis/build/icyphy/ptII/ptolemy/actor/lib/test/auto/ReadFile2.xml
----------------- Instantiating /home/travis/build/icyphy/ptII/ptolemy/actor/lib/test/auto/ReadFile2.xml
1 ms. Memory: 1371648K Free: 419520K (31%)
----------------- Invoking toplevel() on ptolemy.moml.MoMLSimpleApplication@485ecac2
----------------- Done invoking toplevel() on ptolemy.moml.MoMLSimpleApplication@485ecac2
reloadAllAccessors: .ReadFile2

===========================================================================================
----------------- testing Wed Dec 26 03:06:10 UTC 2018 /home/travis/build/icyphy/ptII/ptolemy/actor/lib/test/auto/Reader.xml
----------------- Instantiating /home/travis/build/icyphy/ptII/ptolemy/actor/lib/test/auto/Reader.xml
actor.lib.Reader is obsolete, use actor.lib.io.ExpressionReader instead
6 ms. Memory: 1371648K Free: 401518K (29%)
----------------- Invoking toplevel() on ptolemy.moml.MoMLSimpleApplication@4c8c9462
----------------- Done invoking toplevel() on ptolemy.moml.MoMLSimpleApplication@4c8c9462
reloadAllAccessors: .Reader

===========================================================================================
----------------- testing Wed Dec 26 03:06:10 UTC 2018 /home/travis/build/icyphy/ptII/ptolemy/actor/lib/test/auto/RecordAssemblerDisplayNameTest.xml
----------------- Instantiating /home/travis/build/icyphy/ptII/ptolemy/actor/lib/test/auto/RecordAssemblerDisplayNameTest.xml
2882 ms. Memory: 1473024K Free: 527351K (36%)
----------------- Invoking toplevel() on ptolemy.moml.MoMLSimpleApplication@3987d478
----------------- Done invoking toplevel() on ptolemy.moml.MoMLSimpleApplication@3987d478
reloadAllAccessors: .RecordAssemblerDisplayNameTest

===========================================================================================
----------------- testing Wed Dec 26 03:06:13 UTC 2018 /home/travis/build/icyphy/ptII/ptolemy/actor/lib/test/auto/RecordAssemblerTypeError.xml
----------------- Instantiating /home/travis/build/icyphy/ptII/ptolemy/actor/lib/test/auto/RecordAssemblerTypeError.xml
5 ms. Memory: 1473024K Free: 498683K (34%)
----------------- Invoking toplevel() on ptolemy.moml.MoMLSimpleApplication@1a6a0bb3
----------------- Done invoking toplevel() on ptolemy.moml.MoMLSimpleApplication@1a6a0bb3
reloadAllAccessors: .RecordAssemblerTypeError

===========================================================================================
----------------- testing Wed Dec 26 03:06:13 UTC 2018 /home/travis/build/icyphy/ptII/ptolemy/actor/lib/test/auto/RecordDisassember.xml
----------------- Instantiating /home/travis/build/icyphy/ptII/ptolemy/actor/lib/test/auto/RecordDisassember.xml
7 ms. Memory: 1473024K Free: 480321K (33%)
----------------- Invoking toplevel() on ptolemy.moml.MoMLSimpleApplication@2a637f06
----------------- Done invoking toplevel() on ptolemy.moml.MoMLSimpleApplication@2a637f06
reloadAllAccessors: .RecordDisassember

===========================================================================================
----------------- testing Wed Dec 26 03:06:13 UTC 2018 /home/travis/build/icyphy/ptII/ptolemy/actor/lib/test/auto/RecordDisassemberDisplayNameTest.xml
----------------- Instantiating /home/travis/build/icyphy/ptII/ptolemy/actor/lib/test/auto/RecordDisassemberDisplayNameTest.xml
5 ms. Memory: 1473024K Free: 466609K (32%)
----------------- Invoking toplevel() on ptolemy.moml.MoMLSimpleApplication@1816630a
----------------- Done invoking toplevel() on ptolemy.moml.MoMLSimpleApplication@1816630a
reloadAllAccessors: .RecordDisassemberDisplayNameTest

===========================================================================================
----------------- testing Wed Dec 26 03:06:13 UTC 2018 /home/travis/build/icyphy/ptII/ptolemy/actor/lib/test/auto/RecordDisassembler.xml
----------------- Instantiating /home/travis/build/icyphy/ptII/ptolemy/actor/lib/test/auto/RecordDisassembler.xml
2 ms. Memory: 1473024K Free: 448247K (30%)
----------------- Invoking toplevel() on ptolemy.moml.MoMLSimpleApplication@453e69fa
----------------- Done invoking toplevel() on ptolemy.moml.MoMLSimpleApplication@453e69fa
reloadAllAccessors: .RecordDisassembler

===========================================================================================
----------------- testing Wed Dec 26 03:06:13 UTC 2018 /home/travis/build/icyphy/ptII/ptolemy/actor/lib/test/auto/RecordDisassembler2.xml
----------------- Instantiating /home/travis/build/icyphy/ptII/ptolemy/actor/lib/test/auto/RecordDisassembler2.xml
2 ms. Memory: 1473024K Free: 434535K (29%)
----------------- Invoking toplevel() on ptolemy.moml.MoMLSimpleApplication@341e4441
----------------- Done invoking toplevel() on ptolemy.moml.MoMLSimpleApplication@341e4441
reloadAllAccessors: .RecordDisassembler2

===========================================================================================
----------------- testing Wed Dec 26 03:06:13 UTC 2018 /home/travis/build/icyphy/ptII/ptolemy/actor/lib/test/auto/RecordUpdater.xml
----------------- Instantiating /home/travis/build/icyphy/ptII/ptolemy/actor/lib/test/auto/RecordUpdater.xml
1 ms. Memory: 1473024K Free: 416173K (28%)
----------------- Invoking toplevel() on ptolemy.moml.MoMLSimpleApplication@49439919
----------------- Done invoking toplevel() on ptolemy.moml.MoMLSimpleApplication@49439919
reloadAllAccessors: .RecordUpdater

===========================================================================================
----------------- testing Wed Dec 26 03:06:13 UTC 2018 /home/travis/build/icyphy/ptII/ptolemy/actor/lib/test/auto/RecordUpdater2.xml
----------------- Instantiating /home/travis/build/icyphy/ptII/ptolemy/actor/lib/test/auto/RecordUpdater2.xml
2 ms. Memory: 1473024K Free: 402461K (27%)
----------------- Invoking toplevel() on ptolemy.moml.MoMLSimpleApplication@559b56c4
----------------- Done invoking toplevel() on ptolemy.moml.MoMLSimpleApplication@559b56c4
reloadAllAccessors: .RecordUpdater2

===========================================================================================
----------------- testing Wed Dec 26 03:06:13 UTC 2018 /home/travis/build/icyphy/ptII/ptolemy/actor/lib/test/auto/RecursiveLattice.xml
----------------- Instantiating /home/travis/build/icyphy/ptII/ptolemy/actor/lib/test/auto/RecursiveLattice.xml
1 ms. Memory: 1473024K Free: 384099K (26%)
----------------- Invoking toplevel() on ptolemy.moml.MoMLSimpleApplication@be81f2c
----------------- Done invoking toplevel() on ptolemy.moml.MoMLSimpleApplication@be81f2c
reloadAllAccessors: .RecursiveLattice

===========================================================================================
----------------- testing Wed Dec 26 03:06:13 UTC 2018 /home/travis/build/icyphy/ptII/ptolemy/actor/lib/test/auto/Router.xml
----------------- Instantiating /home/travis/build/icyphy/ptII/ptolemy/actor/lib/test/auto/Router.xml
3004 ms. Memory: 1473024K Free: 370387K (25%)
----------------- Invoking toplevel() on ptolemy.moml.MoMLSimpleApplication@1180e408
----------------- Done invoking toplevel() on ptolemy.moml.MoMLSimpleApplication@1180e408
reloadAllAccessors: .Router

===========================================================================================
----------------- testing Wed Dec 26 03:06:16 UTC 2018 /home/travis/build/icyphy/ptII/ptolemy/actor/lib/test/auto/Router2.xml
----------------- Instantiating /home/travis/build/icyphy/ptII/ptolemy/actor/lib/test/auto/Router2.xml
3002 ms. Memory: 1473024K Free: 352025K (24%)
----------------- Invoking toplevel() on ptolemy.moml.MoMLSimpleApplication@6d031de9
----------------- Done invoking toplevel() on ptolemy.moml.MoMLSimpleApplication@6d031de9
reloadAllAccessors: .Router2

===========================================================================================
----------------- testing Wed Dec 26 03:06:19 UTC 2018 /home/travis/build/icyphy/ptII/ptolemy/actor/lib/test/auto/RunningMaximum.xml
----------------- Instantiating /home/travis/build/icyphy/ptII/ptolemy/actor/lib/test/auto/RunningMaximum.xml
1 ms. Memory: 1473024K Free: 338314K (23%)
----------------- Invoking toplevel() on ptolemy.moml.MoMLSimpleApplication@4c759d7d
----------------- Done invoking toplevel() on ptolemy.moml.MoMLSimpleApplication@4c759d7d
reloadAllAccessors: .RunningMaximum

===========================================================================================
----------------- testing Wed Dec 26 03:06:19 UTC 2018 /home/travis/build/icyphy/ptII/ptolemy/actor/lib/test/auto/RunningMinimum.xml
----------------- Instantiating /home/travis/build/icyphy/ptII/ptolemy/actor/lib/test/auto/RunningMinimum.xml
2 ms. Memory: 1473024K Free: 319951K (22%)
----------------- Invoking toplevel() on ptolemy.moml.MoMLSimpleApplication@23d77d8c
----------------- Done invoking toplevel() on ptolemy.moml.MoMLSimpleApplication@23d77d8c
reloadAllAccessors: .RunningMinimum

===========================================================================================
----------------- testing Wed Dec 26 03:06:19 UTC 2018 /home/travis/build/icyphy/ptII/ptolemy/actor/lib/test/auto/Scale.xml
----------------- Instantiating /home/travis/build/icyphy/ptII/ptolemy/actor/lib/test/auto/Scale.xml
2 ms. Memory: 1473024K Free: 306240K (21%)
----------------- Invoking toplevel() on ptolemy.moml.MoMLSimpleApplication@146a9e81
----------------- Done invoking toplevel() on ptolemy.moml.MoMLSimpleApplication@146a9e81
reloadAllAccessors: .Scale

===========================================================================================
----------------- testing Wed Dec 26 03:06:19 UTC 2018 /home/travis/build/icyphy/ptII/ptolemy/actor/lib/test/auto/Scale2.xml
----------------- Instantiating /home/travis/build/icyphy/ptII/ptolemy/actor/lib/test/auto/Scale2.xml
1 ms. Memory: 1473024K Free: 287877K (20%)
----------------- Invoking toplevel() on ptolemy.moml.MoMLSimpleApplication@37fefc57
----------------- Done invoking toplevel() on ptolemy.moml.MoMLSimpleApplication@37fefc57
reloadAllAccessors: .Scale2

===========================================================================================
----------------- testing Wed Dec 26 03:06:19 UTC 2018 /home/travis/build/icyphy/ptII/ptolemy/actor/lib/test/auto/Scale3.xml
----------------- Instantiating /home/travis/build/icyphy/ptII/ptolemy/actor/lib/test/auto/Scale3.xml
3 ms. Memory: 1473024K Free: 274166K (19%)
----------------- Invoking toplevel() on ptolemy.moml.MoMLSimpleApplication@69057fc9
----------------- Done invoking toplevel() on ptolemy.moml.MoMLSimpleApplication@69057fc9
reloadAllAccessors: .Scale3

===========================================================================================
----------------- testing Wed Dec 26 03:06:19 UTC 2018 /home/travis/build/icyphy/ptII/ptolemy/actor/lib/test/auto/ScaleArray.xml
----------------- Instantiating /home/travis/build/icyphy/ptII/ptolemy/actor/lib/test/auto/ScaleArray.xml
1 ms. Memory: 1473024K Free: 255803K (17%)
----------------- Invoking toplevel() on ptolemy.moml.MoMLSimpleApplication@6f4a74bf
----------------- Done invoking toplevel() on ptolemy.moml.MoMLSimpleApplication@6f4a74bf
reloadAllAccessors: .ScaleArray

===========================================================================================
----------------- testing Wed Dec 26 03:06:19 UTC 2018 /home/travis/build/icyphy/ptII/ptolemy/actor/lib/test/auto/ScaleArray2.xml
----------------- Instantiating /home/travis/build/icyphy/ptII/ptolemy/actor/lib/test/auto/ScaleArray2.xml
1 ms. Memory: 1473024K Free: 242092K (16%)
----------------- Invoking toplevel() on ptolemy.moml.MoMLSimpleApplication@690a0ce1
----------------- Done invoking toplevel() on ptolemy.moml.MoMLSimpleApplication@690a0ce1
reloadAllAccessors: .ScaleArray2

===========================================================================================
----------------- testing Wed Dec 26 03:06:19 UTC 2018 /home/travis/build/icyphy/ptII/ptolemy/actor/lib/test/auto/ScaleMatrix.xml
----------------- Instantiating /home/travis/build/icyphy/ptII/ptolemy/actor/lib/test/auto/ScaleMatrix.xml
99 ms. Memory: 1473024K Free: 216874K (15%)
----------------- Invoking toplevel() on ptolemy.moml.MoMLSimpleApplication@1f6737c5
----------------- Done invoking toplevel() on ptolemy.moml.MoMLSimpleApplication@1f6737c5
reloadAllAccessors: .ScaleMatrix

===========================================================================================
----------------- testing Wed Dec 26 03:06:19 UTC 2018 /home/travis/build/icyphy/ptII/ptolemy/actor/lib/test/auto/Select.xml
----------------- Instantiating /home/travis/build/icyphy/ptII/ptolemy/actor/lib/test/auto/Select.xml
2 ms. Memory: 1473024K Free: 203162K (14%)
----------------- Invoking toplevel() on ptolemy.moml.MoMLSimpleApplication@3e3337c8
----------------- Done invoking toplevel() on ptolemy.moml.MoMLSimpleApplication@3e3337c8
reloadAllAccessors: .Select

===========================================================================================
----------------- testing Wed Dec 26 03:06:19 UTC 2018 /home/travis/build/icyphy/ptII/ptolemy/actor/lib/test/auto/Select2.xml
----------------- Instantiating /home/travis/build/icyphy/ptII/ptolemy/actor/lib/test/auto/Select2.xml
1 ms. Memory: 1473024K Free: 184800K (13%)
----------------- Invoking toplevel() on ptolemy.moml.MoMLSimpleApplication@1fb3f26e
----------------- Done invoking toplevel() on ptolemy.moml.MoMLSimpleApplication@1fb3f26e
reloadAllAccessors: .Select2

===========================================================================================
----------------- testing Wed Dec 26 03:06:19 UTC 2018 /home/travis/build/icyphy/ptII/ptolemy/actor/lib/test/auto/SequenceToArray2.xml
----------------- Instantiating /home/travis/build/icyphy/ptII/ptolemy/actor/lib/test/auto/SequenceToArray2.xml
78 ms. Memory: 1473024K Free: 102515K (7%)
----------------- Invoking toplevel() on ptolemy.moml.MoMLSimpleApplication@ec680a0
----------------- Done invoking toplevel() on ptolemy.moml.MoMLSimpleApplication@ec680a0
reloadAllAccessors: .SequenceToArray2

===========================================================================================
----------------- testing Wed Dec 26 03:06:19 UTC 2018 /home/travis/build/icyphy/ptII/ptolemy/actor/lib/test/auto/SequentialClock.xml
----------------- Instantiating /home/travis/build/icyphy/ptII/ptolemy/actor/lib/test/auto/SequentialClock.xml
2 ms. Memory: 1473024K Free: 84153K (6%)
----------------- Invoking toplevel() on ptolemy.moml.MoMLSimpleApplication@5486aa3e
----------------- Done invoking toplevel() on ptolemy.moml.MoMLSimpleApplication@5486aa3e
reloadAllAccessors: .SequentialClock

===========================================================================================
----------------- testing Wed Dec 26 03:06:19 UTC 2018 /home/travis/build/icyphy/ptII/ptolemy/actor/lib/test/auto/SetVariable.xml
----------------- Instantiating /home/travis/build/icyphy/ptII/ptolemy/actor/lib/test/auto/SetVariable.xml
2 ms. Memory: 1473024K Free: 70441K (5%)
----------------- Invoking toplevel() on ptolemy.moml.MoMLSimpleApplication@519313c9
----------------- Done invoking toplevel() on ptolemy.moml.MoMLSimpleApplication@519313c9
reloadAllAccessors: .SetVariable

===========================================================================================
----------------- testing Wed Dec 26 03:06:19 UTC 2018 /home/travis/build/icyphy/ptII/ptolemy/actor/lib/test/auto/SetVariable2.xml
----------------- Instantiating /home/travis/build/icyphy/ptII/ptolemy/actor/lib/test/auto/SetVariable2.xml
9 ms. Memory: 1561088K Free: 1513693K (97%)
----------------- Invoking toplevel() on ptolemy.moml.MoMLSimpleApplication@73ccdfc8
----------------- Done invoking toplevel() on ptolemy.moml.MoMLSimpleApplication@73ccdfc8
reloadAllAccessors: .SetVariable2

===========================================================================================
----------------- testing Wed Dec 26 03:06:19 UTC 2018 /home/travis/build/icyphy/ptII/ptolemy/actor/lib/test/auto/SetVariable3.xml
----------------- Instantiating /home/travis/build/icyphy/ptII/ptolemy/actor/lib/test/auto/SetVariable3.xml
5 ms. Memory: 1561088K Free: 1491795K (96%)
----------------- Invoking toplevel() on ptolemy.moml.MoMLSimpleApplication@78c06627
----------------- Done invoking toplevel() on ptolemy.moml.MoMLSimpleApplication@78c06627
reloadAllAccessors: .SetVariable3

===========================================================================================
----------------- testing Wed Dec 26 03:06:19 UTC 2018 /home/travis/build/icyphy/ptII/ptolemy/actor/lib/test/auto/SetVariable4.xml
----------------- Instantiating /home/travis/build/icyphy/ptII/ptolemy/actor/lib/test/auto/SetVariable4.xml
13 ms. Memory: 1561088K Free: 1422491K (91%)
----------------- Invoking toplevel() on ptolemy.moml.MoMLSimpleApplication@321da437
----------------- Done invoking toplevel() on ptolemy.moml.MoMLSimpleApplication@321da437
reloadAllAccessors: .SetVariable4

===========================================================================================
----------------- testing Wed Dec 26 03:06:19 UTC 2018 /home/travis/build/icyphy/ptII/ptolemy/actor/lib/test/auto/SetVariable5.xml
----------------- Instantiating /home/travis/build/icyphy/ptII/ptolemy/actor/lib/test/auto/SetVariable5.xml
17 ms. Memory: 1561088K Free: 1407889K (90%)
----------------- Invoking toplevel() on ptolemy.moml.MoMLSimpleApplication@329a8476
----------------- Done invoking toplevel() on ptolemy.moml.MoMLSimpleApplication@329a8476
reloadAllAccessors: .SetVariable5

===========================================================================================
----------------- testing Wed Dec 26 03:06:19 UTC 2018 /home/travis/build/icyphy/ptII/ptolemy/actor/lib/test/auto/Sinewave.xml
----------------- Instantiating /home/travis/build/icyphy/ptII/ptolemy/actor/lib/test/auto/Sinewave.xml
8 ms. Memory: 1561088K Free: 1382329K (89%)
----------------- Invoking toplevel() on ptolemy.moml.MoMLSimpleApplication@35b04551
----------------- Done invoking toplevel() on ptolemy.moml.MoMLSimpleApplication@35b04551
reloadAllAccessors: .Sinewave

===========================================================================================
----------------- testing Wed Dec 26 03:06:19 UTC 2018 /home/travis/build/icyphy/ptII/ptolemy/actor/lib/test/auto/Sinewave2.xml
----------------- Instantiating /home/travis/build/icyphy/ptII/ptolemy/actor/lib/test/auto/Sinewave2.xml
5 ms. Memory: 1561088K Free: 1364078K (87%)
----------------- Invoking toplevel() on ptolemy.moml.MoMLSimpleApplication@7d2c5fcc
----------------- Done invoking toplevel() on ptolemy.moml.MoMLSimpleApplication@7d2c5fcc
reloadAllAccessors: .Sinewave2

===========================================================================================
----------------- testing Wed Dec 26 03:06:19 UTC 2018 /home/travis/build/icyphy/ptII/ptolemy/actor/lib/test/auto/Sinewave3.xml
----------------- Instantiating /home/travis/build/icyphy/ptII/ptolemy/actor/lib/test/auto/Sinewave3.xml
6 ms. Memory: 1561088K Free: 1349491K (86%)
----------------- Invoking toplevel() on ptolemy.moml.MoMLSimpleApplication@56a9821f
----------------- Done invoking toplevel() on ptolemy.moml.MoMLSimpleApplication@56a9821f
reloadAllAccessors: .Sinewave3

===========================================================================================
----------------- testing Wed Dec 26 03:06:19 UTC 2018 /home/travis/build/icyphy/ptII/ptolemy/actor/lib/test/auto/SingleEvent.xml
----------------- Instantiating /home/travis/build/icyphy/ptII/ptolemy/actor/lib/test/auto/SingleEvent.xml
1 ms. Memory: 1561088K Free: 1331241K (85%)
----------------- Invoking toplevel() on ptolemy.moml.MoMLSimpleApplication@38b04854
----------------- Done invoking toplevel() on ptolemy.moml.MoMLSimpleApplication@38b04854
reloadAllAccessors: .SingleEvent

===========================================================================================
----------------- testing Wed Dec 26 03:06:19 UTC 2018 /home/travis/build/icyphy/ptII/ptolemy/actor/lib/test/auto/Sleep.xml
----------------- Instantiating /home/travis/build/icyphy/ptII/ptolemy/actor/lib/test/auto/Sleep.xml
6003 ms. Memory: 1561088K Free: 1312990K (84%)
----------------- Invoking toplevel() on ptolemy.moml.MoMLSimpleApplication@6cbea271
----------------- Done invoking toplevel() on ptolemy.moml.MoMLSimpleApplication@6cbea271
reloadAllAccessors: .Sleep

===========================================================================================
----------------- testing Wed Dec 26 03:06:25 UTC 2018 /home/travis/build/icyphy/ptII/ptolemy/actor/lib/test/auto/SleepMultipleFire.xml
----------------- Instantiating /home/travis/build/icyphy/ptII/ptolemy/actor/lib/test/auto/SleepMultipleFire.xml
1005 ms. Memory: 1561088K Free: 1294740K (83%)
----------------- Invoking toplevel() on ptolemy.moml.MoMLSimpleApplication@128f2853
----------------- Done invoking toplevel() on ptolemy.moml.MoMLSimpleApplication@128f2853
reloadAllAccessors: .SleepMultipleFire

===========================================================================================
----------------- testing Wed Dec 26 03:06:27 UTC 2018 /home/travis/build/icyphy/ptII/ptolemy/actor/lib/test/auto/StopDE.xml
----------------- Instantiating /home/travis/build/icyphy/ptII/ptolemy/actor/lib/test/auto/StopDE.xml
2 ms. Memory: 1561088K Free: 1280153K (82%)
----------------- Invoking toplevel() on ptolemy.moml.MoMLSimpleApplication@2d3ff43e
----------------- Done invoking toplevel() on ptolemy.moml.MoMLSimpleApplication@2d3ff43e
reloadAllAccessors: .StopDE

===========================================================================================
----------------- testing Wed Dec 26 03:06:27 UTC 2018 /home/travis/build/icyphy/ptII/ptolemy/actor/lib/test/auto/StopSDF.xml
----------------- Instantiating /home/travis/build/icyphy/ptII/ptolemy/actor/lib/test/auto/StopSDF.xml
2 ms. Memory: 1561088K Free: 1261903K (81%)
----------------- Invoking toplevel() on ptolemy.moml.MoMLSimpleApplication@6966302a
----------------- Done invoking toplevel() on ptolemy.moml.MoMLSimpleApplication@6966302a
reloadAllAccessors: .StopSDF

===========================================================================================
----------------- testing Wed Dec 26 03:06:27 UTC 2018 /home/travis/build/icyphy/ptII/ptolemy/actor/lib/test/auto/StringConstant.xml
----------------- Instantiating /home/travis/build/icyphy/ptII/ptolemy/actor/lib/test/auto/StringConstant.xml
2 ms. Memory: 1561088K Free: 1243652K (80%)
----------------- Invoking toplevel() on ptolemy.moml.MoMLSimpleApplication@68bdf570
----------------- Done invoking toplevel() on ptolemy.moml.MoMLSimpleApplication@68bdf570
reloadAllAccessors: .StringConstant

===========================================================================================
----------------- testing Wed Dec 26 03:06:27 UTC 2018 /home/travis/build/icyphy/ptII/ptolemy/actor/lib/test/auto/SubscriberPortInitialValues1.xml
----------------- Instantiating /home/travis/build/icyphy/ptII/ptolemy/actor/lib/test/auto/SubscriberPortInitialValues1.xml
4 ms. Memory: 1561088K Free: 1229065K (79%)
----------------- Invoking toplevel() on ptolemy.moml.MoMLSimpleApplication@76433f8c
----------------- Done invoking toplevel() on ptolemy.moml.MoMLSimpleApplication@76433f8c
reloadAllAccessors: .SubscriberPortInitialValues1

===========================================================================================
----------------- testing Wed Dec 26 03:06:27 UTC 2018 /home/travis/build/icyphy/ptII/ptolemy/actor/lib/test/auto/SubscriberPortInitialValues13.xml
----------------- Instantiating /home/travis/build/icyphy/ptII/ptolemy/actor/lib/test/auto/SubscriberPortInitialValues13.xml
4 ms. Memory: 1561088K Free: 1203506K (77%)
----------------- Invoking toplevel() on ptolemy.moml.MoMLSimpleApplication@4475770
----------------- Done invoking toplevel() on ptolemy.moml.MoMLSimpleApplication@4475770
reloadAllAccessors: .SubscriberPortInitialValues13

===========================================================================================
----------------- testing Wed Dec 26 03:06:27 UTC 2018 /home/travis/build/icyphy/ptII/ptolemy/actor/lib/test/auto/SubscriberPortInitialValues14.xml
----------------- Instantiating /home/travis/build/icyphy/ptII/ptolemy/actor/lib/test/auto/SubscriberPortInitialValues14.xml
4 ms. Memory: 1561088K Free: 1185255K (76%)
----------------- Invoking toplevel() on ptolemy.moml.MoMLSimpleApplication@42dc0587
----------------- Done invoking toplevel() on ptolemy.moml.MoMLSimpleApplication@42dc0587
reloadAllAccessors: .SubscriberPortInitialValues14

===========================================================================================
----------------- testing Wed Dec 26 03:06:27 UTC 2018 /home/travis/build/icyphy/ptII/ptolemy/actor/lib/test/auto/SubscriberPortInitialValues2.xml
----------------- Instantiating /home/travis/build/icyphy/ptII/ptolemy/actor/lib/test/auto/SubscriberPortInitialValues2.xml
3 ms. Memory: 1561088K Free: 1170668K (75%)
----------------- Invoking toplevel() on ptolemy.moml.MoMLSimpleApplication@25006800
----------------- Done invoking toplevel() on ptolemy.moml.MoMLSimpleApplication@25006800
reloadAllAccessors: .SubscriberPortInitialValues2

===========================================================================================
----------------- testing Wed Dec 26 03:06:27 UTC 2018 /home/travis/build/icyphy/ptII/ptolemy/actor/lib/test/auto/SubscriberPortInitialValues3.xml
----------------- Instantiating /home/travis/build/icyphy/ptII/ptolemy/actor/lib/test/auto/SubscriberPortInitialValues3.xml
4 ms. Memory: 1561088K Free: 1145116K (73%)
----------------- Invoking toplevel() on ptolemy.moml.MoMLSimpleApplication@1fef7ce1
----------------- Done invoking toplevel() on ptolemy.moml.MoMLSimpleApplication@1fef7ce1
reloadAllAccessors: .SubscriberPortInitialValues3

===========================================================================================
----------------- testing Wed Dec 26 03:06:27 UTC 2018 /home/travis/build/icyphy/ptII/ptolemy/actor/lib/test/auto/SubscriptionAggregator.xml
----------------- Instantiating /home/travis/build/icyphy/ptII/ptolemy/actor/lib/test/auto/SubscriptionAggregator.xml
2 ms. Memory: 1561088K Free: 1126866K (72%)
----------------- Invoking toplevel() on ptolemy.moml.MoMLSimpleApplication@6b1bd284
----------------- Done invoking toplevel() on ptolemy.moml.MoMLSimpleApplication@6b1bd284
reloadAllAccessors: .SubscriptionAggregator

===========================================================================================
----------------- testing Wed Dec 26 03:06:27 UTC 2018 /home/travis/build/icyphy/ptII/ptolemy/actor/lib/test/auto/SubscriptionAggregator2.xml
----------------- Instantiating /home/travis/build/icyphy/ptII/ptolemy/actor/lib/test/auto/SubscriptionAggregator2.xml
2 ms. Memory: 1561088K Free: 1112279K (71%)
----------------- Invoking toplevel() on ptolemy.moml.MoMLSimpleApplication@7d6a7e88
----------------- Done invoking toplevel() on ptolemy.moml.MoMLSimpleApplication@7d6a7e88
reloadAllAccessors: .SubscriptionAggregator2

===========================================================================================
----------------- testing Wed Dec 26 03:06:27 UTC 2018 /home/travis/build/icyphy/ptII/ptolemy/actor/lib/test/auto/SubscriptionAggregator3.xml
----------------- Instantiating /home/travis/build/icyphy/ptII/ptolemy/actor/lib/test/auto/SubscriptionAggregator3.xml
2 ms. Memory: 1561088K Free: 1094028K (70%)
----------------- Invoking toplevel() on ptolemy.moml.MoMLSimpleApplication@49ab8364
----------------- Done invoking toplevel() on ptolemy.moml.MoMLSimpleApplication@49ab8364
reloadAllAccessors: .SubscriptionAggregator3

===========================================================================================
----------------- testing Wed Dec 26 03:06:27 UTC 2018 /home/travis/build/icyphy/ptII/ptolemy/actor/lib/test/auto/SubscriptionAggregatorMultiply.xml
----------------- Instantiating /home/travis/build/icyphy/ptII/ptolemy/actor/lib/test/auto/SubscriptionAggregatorMultiply.xml
3 ms. Memory: 1561088K Free: 1075778K (69%)
----------------- Invoking toplevel() on ptolemy.moml.MoMLSimpleApplication@7876f56f
----------------- Done invoking toplevel() on ptolemy.moml.MoMLSimpleApplication@7876f56f
reloadAllAccessors: .SubscriptionAggregatorMultiply

===========================================================================================
----------------- testing Wed Dec 26 03:06:27 UTC 2018 /home/travis/build/icyphy/ptII/ptolemy/actor/lib/test/auto/SubscriptionAggregatorPortMultiply1.xml
----------------- Instantiating /home/travis/build/icyphy/ptII/ptolemy/actor/lib/test/auto/SubscriptionAggregatorPortMultiply1.xml
3 ms. Memory: 1561088K Free: 1061191K (68%)
----------------- Invoking toplevel() on ptolemy.moml.MoMLSimpleApplication@57d0fc88
----------------- Done invoking toplevel() on ptolemy.moml.MoMLSimpleApplication@57d0fc88
reloadAllAccessors: .SubscriptionAggregatorPortMultiply1

===========================================================================================
----------------- testing Wed Dec 26 03:06:27 UTC 2018 /home/travis/build/icyphy/ptII/ptolemy/actor/lib/test/auto/Switch.xml
----------------- Instantiating /home/travis/build/icyphy/ptII/ptolemy/actor/lib/test/auto/Switch.xml
4 ms. Memory: 1561088K Free: 999180K (64%)
----------------- Invoking toplevel() on ptolemy.moml.MoMLSimpleApplication@6a50f920
----------------- Done invoking toplevel() on ptolemy.moml.MoMLSimpleApplication@6a50f920
reloadAllAccessors: .Switch

===========================================================================================
----------------- testing Wed Dec 26 03:06:27 UTC 2018 /home/travis/build/icyphy/ptII/ptolemy/actor/lib/test/auto/Switch2.xml
----------------- Instantiating /home/travis/build/icyphy/ptII/ptolemy/actor/lib/test/auto/Switch2.xml
1 ms. Memory: 1561088K Free: 980929K (63%)
----------------- Invoking toplevel() on ptolemy.moml.MoMLSimpleApplication@3af7ffec
----------------- Done invoking toplevel() on ptolemy.moml.MoMLSimpleApplication@3af7ffec
reloadAllAccessors: .Switch2

===========================================================================================
----------------- testing Wed Dec 26 03:06:27 UTC 2018 /home/travis/build/icyphy/ptII/ptolemy/actor/lib/test/auto/SwitchDE.xml
----------------- Instantiating /home/travis/build/icyphy/ptII/ptolemy/actor/lib/test/auto/SwitchDE.xml
2 ms. Memory: 1561088K Free: 966342K (62%)
----------------- Invoking toplevel() on ptolemy.moml.MoMLSimpleApplication@1918a1f5
----------------- Done invoking toplevel() on ptolemy.moml.MoMLSimpleApplication@1918a1f5
reloadAllAccessors: .SwitchDE

===========================================================================================
----------------- testing Wed Dec 26 03:06:27 UTC 2018 /home/travis/build/icyphy/ptII/ptolemy/actor/lib/test/auto/SynchronizerDE.xml
----------------- Instantiating /home/travis/build/icyphy/ptII/ptolemy/actor/lib/test/auto/SynchronizerDE.xml
4 ms. Memory: 1561088K Free: 948092K (61%)
----------------- Invoking toplevel() on ptolemy.moml.MoMLSimpleApplication@3ac9945a
----------------- Done invoking toplevel() on ptolemy.moml.MoMLSimpleApplication@3ac9945a
reloadAllAccessors: .SynchronizerDE

===========================================================================================
----------------- testing Wed Dec 26 03:06:27 UTC 2018 /home/travis/build/icyphy/ptII/ptolemy/actor/lib/test/auto/Test.xml
----------------- Instantiating /home/travis/build/icyphy/ptII/ptolemy/actor/lib/test/auto/Test.xml
1 ms. Memory: 1561088K Free: 929842K (60%)
----------------- Invoking toplevel() on ptolemy.moml.MoMLSimpleApplication@570cd558
----------------- Done invoking toplevel() on ptolemy.moml.MoMLSimpleApplication@570cd558
reloadAllAccessors: .Test

===========================================================================================
----------------- testing Wed Dec 26 03:06:27 UTC 2018 /home/travis/build/icyphy/ptII/ptolemy/actor/lib/test/auto/TestExceptionAttribute1.xml
----------------- Instantiating /home/travis/build/icyphy/ptII/ptolemy/actor/lib/test/auto/TestExceptionAttribute1.xml
1 ms. Memory: 1561088K Free: 915255K (59%)
----------------- Invoking toplevel() on ptolemy.moml.MoMLSimpleApplication@4b7529dd
----------------- Done invoking toplevel() on ptolemy.moml.MoMLSimpleApplication@4b7529dd
reloadAllAccessors: .TestExceptionAttribute1

===========================================================================================
----------------- testing Wed Dec 26 03:06:27 UTC 2018 /home/travis/build/icyphy/ptII/ptolemy/actor/lib/test/auto/TestExceptionAttribute2.xml
----------------- Instantiating /home/travis/build/icyphy/ptII/ptolemy/actor/lib/test/auto/TestExceptionAttribute2.xml
0 ms. Memory: 1561088K Free: 897004K (57%)
----------------- Invoking toplevel() on ptolemy.moml.MoMLSimpleApplication@43922e9e
----------------- Done invoking toplevel() on ptolemy.moml.MoMLSimpleApplication@43922e9e
reloadAllAccessors: .TestExceptionAttribute2

===========================================================================================
----------------- testing Wed Dec 26 03:06:27 UTC 2018 /home/travis/build/icyphy/ptII/ptolemy/actor/lib/test/auto/TestExceptionAttribute3.xml
----------------- Instantiating /home/travis/build/icyphy/ptII/ptolemy/actor/lib/test/auto/TestExceptionAttribute3.xml
.TestExceptionAttribute3.TestExceptionAttribute: initialize() was not invoked, but wrapup() was.  This is unusual, but not always a problem.  For example, exporting JNLP will do this.
1 ms. Memory: 1561088K Free: 878754K (56%)
----------------- Invoking toplevel() on ptolemy.moml.MoMLSimpleApplication@7e76bd46
----------------- Done invoking toplevel() on ptolemy.moml.MoMLSimpleApplication@7e76bd46
reloadAllAccessors: .TestExceptionAttribute3

===========================================================================================
----------------- testing Wed Dec 26 03:06:27 UTC 2018 /home/travis/build/icyphy/ptII/ptolemy/actor/lib/test/auto/TestExceptionAttribute4.xml
----------------- Instantiating /home/travis/build/icyphy/ptII/ptolemy/actor/lib/test/auto/TestExceptionAttribute4.xml
.TestExceptionAttribute4.TestExceptionAttribute: initialize() was not invoked, but wrapup() was.  This is unusual, but not always a problem.  For example, exporting JNLP will do this.
.TestExceptionAttribute4.TestExceptionAttribute2: initialize() was not invoked, but wrapup() was.  This is unusual, but not always a problem.  For example, exporting JNLP will do this.
0 ms. Memory: 1561088K Free: 864167K (55%)
----------------- Invoking toplevel() on ptolemy.moml.MoMLSimpleApplication@16d532d5
----------------- Done invoking toplevel() on ptolemy.moml.MoMLSimpleApplication@16d532d5
reloadAllAccessors: .TestExceptionAttribute4

===========================================================================================
----------------- testing Wed Dec 26 03:06:27 UTC 2018 /home/travis/build/icyphy/ptII/ptolemy/actor/lib/test/auto/TestExceptionHandler1.xml
----------------- Instantiating /home/travis/build/icyphy/ptII/ptolemy/actor/lib/test/auto/TestExceptionHandler1.xml
0 ms. Memory: 1561088K Free: 845917K (54%)
----------------- Invoking toplevel() on ptolemy.moml.MoMLSimpleApplication@1f2d2573
----------------- Done invoking toplevel() on ptolemy.moml.MoMLSimpleApplication@1f2d2573
reloadAllAccessors: .TestExceptionHandler1

===========================================================================================
----------------- testing Wed Dec 26 03:06:27 UTC 2018 /home/travis/build/icyphy/ptII/ptolemy/actor/lib/test/auto/TestExceptionHandler2.xml
----------------- Instantiating /home/travis/build/icyphy/ptII/ptolemy/actor/lib/test/auto/TestExceptionHandler2.xml
1 ms. Memory: 1561088K Free: 827667K (53%)
----------------- Invoking toplevel() on ptolemy.moml.MoMLSimpleApplication@3a05e99d
----------------- Done invoking toplevel() on ptolemy.moml.MoMLSimpleApplication@3a05e99d
reloadAllAccessors: .TestExceptionHandler2

===========================================================================================
----------------- testing Wed Dec 26 03:06:27 UTC 2018 /home/travis/build/icyphy/ptII/ptolemy/actor/lib/test/auto/TestExceptionHandler3.xml
----------------- Instantiating /home/travis/build/icyphy/ptII/ptolemy/actor/lib/test/auto/TestExceptionHandler3.xml
1 ms. Memory: 1561088K Free: 813080K (52%)
----------------- Invoking toplevel() on ptolemy.moml.MoMLSimpleApplication@75f2c9a6
----------------- Done invoking toplevel() on ptolemy.moml.MoMLSimpleApplication@75f2c9a6
reloadAllAccessors: .TestExceptionHandler3

===========================================================================================
----------------- testing Wed Dec 26 03:06:27 UTC 2018 /home/travis/build/icyphy/ptII/ptolemy/actor/lib/test/auto/TestExceptionHandler4.xml
----------------- Instantiating /home/travis/build/icyphy/ptII/ptolemy/actor/lib/test/auto/TestExceptionHandler4.xml
1 ms. Memory: 1561088K Free: 794829K (51%)
----------------- Invoking toplevel() on ptolemy.moml.MoMLSimpleApplication@4c2ecba6
----------------- Done invoking toplevel() on ptolemy.moml.MoMLSimpleApplication@4c2ecba6
reloadAllAccessors: .TestExceptionHandler4

===========================================================================================
----------------- testing Wed Dec 26 03:06:27 UTC 2018 /home/travis/build/icyphy/ptII/ptolemy/actor/lib/test/auto/TestRequireCorrectOrder.xml
----------------- Instantiating /home/travis/build/icyphy/ptII/ptolemy/actor/lib/test/auto/TestRequireCorrectOrder.xml
2 ms. Memory: 1561088K Free: 776579K (50%)
----------------- Invoking toplevel() on ptolemy.moml.MoMLSimpleApplication@12d0c776
----------------- Done invoking toplevel() on ptolemy.moml.MoMLSimpleApplication@12d0c776
reloadAllAccessors: .TestRequireCorrectOrder

===========================================================================================
----------------- testing Wed Dec 26 03:06:27 UTC 2018 /home/travis/build/icyphy/ptII/ptolemy/actor/lib/test/auto/TestSimple.xml
----------------- Instantiating /home/travis/build/icyphy/ptII/ptolemy/actor/lib/test/auto/TestSimple.xml
2 ms. Memory: 1561088K Free: 761992K (49%)
----------------- Invoking toplevel() on ptolemy.moml.MoMLSimpleApplication@7cdc51c3
----------------- Done invoking toplevel() on ptolemy.moml.MoMLSimpleApplication@7cdc51c3
reloadAllAccessors: .TestSimple

===========================================================================================
----------------- testing Wed Dec 26 03:06:27 UTC 2018 /home/travis/build/icyphy/ptII/ptolemy/actor/lib/test/auto/ThrowModelError.xml
----------------- Instantiating /home/travis/build/icyphy/ptII/ptolemy/actor/lib/test/auto/ThrowModelError.xml
1 ms. Memory: 1561088K Free: 743741K (48%)
----------------- Invoking toplevel() on ptolemy.moml.MoMLSimpleApplication@2afda456
----------------- Done invoking toplevel() on ptolemy.moml.MoMLSimpleApplication@2afda456
reloadAllAccessors: .ThrowModelError

===========================================================================================
----------------- testing Wed Dec 26 03:06:27 UTC 2018 /home/travis/build/icyphy/ptII/ptolemy/actor/lib/test/auto/TimeDelayMicrosteps.xml
----------------- Instantiating /home/travis/build/icyphy/ptII/ptolemy/actor/lib/test/auto/TimeDelayMicrosteps.xml
2 ms. Memory: 1561088K Free: 725491K (46%)
----------------- Invoking toplevel() on ptolemy.moml.MoMLSimpleApplication@246828f5
----------------- Done invoking toplevel() on ptolemy.moml.MoMLSimpleApplication@246828f5
reloadAllAccessors: .TimeDelayMicrosteps

===========================================================================================
----------------- testing Wed Dec 26 03:06:27 UTC 2018 /home/travis/build/icyphy/ptII/ptolemy/actor/lib/test/auto/TimeDelayMicrosteps2.xml
----------------- Instantiating /home/travis/build/icyphy/ptII/ptolemy/actor/lib/test/auto/TimeDelayMicrosteps2.xml
3 ms. Memory: 1561088K Free: 710904K (46%)
----------------- Invoking toplevel() on ptolemy.moml.MoMLSimpleApplication@42b6268b
----------------- Done invoking toplevel() on ptolemy.moml.MoMLSimpleApplication@42b6268b
reloadAllAccessors: .TimeDelayMicrosteps2

===========================================================================================
----------------- testing Wed Dec 26 03:06:27 UTC 2018 /home/travis/build/icyphy/ptII/ptolemy/actor/lib/test/auto/TimeDelayMicrosteps3.xml
----------------- Instantiating /home/travis/build/icyphy/ptII/ptolemy/actor/lib/test/auto/TimeDelayMicrosteps3.xml
2 ms. Memory: 1561088K Free: 692654K (44%)
----------------- Invoking toplevel() on ptolemy.moml.MoMLSimpleApplication@2968b88c
----------------- Done invoking toplevel() on ptolemy.moml.MoMLSimpleApplication@2968b88c
reloadAllAccessors: .TimeDelayMicrosteps3

===========================================================================================
----------------- testing Wed Dec 26 03:06:27 UTC 2018 /home/travis/build/icyphy/ptII/ptolemy/actor/lib/test/auto/TimeDelayVariableMicrosteps.xml
----------------- Instantiating /home/travis/build/icyphy/ptII/ptolemy/actor/lib/test/auto/TimeDelayVariableMicrosteps.xml
2 ms. Memory: 1561088K Free: 674403K (43%)
----------------- Invoking toplevel() on ptolemy.moml.MoMLSimpleApplication@7ce7b66
----------------- Done invoking toplevel() on ptolemy.moml.MoMLSimpleApplication@7ce7b66
reloadAllAccessors: .TimeDelayVariableMicrosteps

===========================================================================================
----------------- testing Wed Dec 26 03:06:27 UTC 2018 /home/travis/build/icyphy/ptII/ptolemy/actor/lib/test/auto/TimeGap.xml
----------------- Instantiating /home/travis/build/icyphy/ptII/ptolemy/actor/lib/test/auto/TimeGap.xml
2 ms. Memory: 1561088K Free: 659816K (42%)
----------------- Invoking toplevel() on ptolemy.moml.MoMLSimpleApplication@15ad868b
----------------- Done invoking toplevel() on ptolemy.moml.MoMLSimpleApplication@15ad868b
reloadAllAccessors: .TimeGap

===========================================================================================
----------------- testing Wed Dec 26 03:06:27 UTC 2018 /home/travis/build/icyphy/ptII/ptolemy/actor/lib/test/auto/TimeGap2.xml
----------------- Instantiating /home/travis/build/icyphy/ptII/ptolemy/actor/lib/test/auto/TimeGap2.xml
2 ms. Memory: 1561088K Free: 641566K (41%)
----------------- Invoking toplevel() on ptolemy.moml.MoMLSimpleApplication@5b9e2fee
----------------- Done invoking toplevel() on ptolemy.moml.MoMLSimpleApplication@5b9e2fee
reloadAllAccessors: .TimeGap2

===========================================================================================
----------------- testing Wed Dec 26 03:06:27 UTC 2018 /home/travis/build/icyphy/ptII/ptolemy/actor/lib/test/auto/TimedSinewave.xml
----------------- Instantiating /home/travis/build/icyphy/ptII/ptolemy/actor/lib/test/auto/TimedSinewave.xml
12 ms. Memory: 1561088K Free: 616022K (39%)
----------------- Invoking toplevel() on ptolemy.moml.MoMLSimpleApplication@5908de74
----------------- Done invoking toplevel() on ptolemy.moml.MoMLSimpleApplication@5908de74
reloadAllAccessors: .TimedSinewave

===========================================================================================
----------------- testing Wed Dec 26 03:06:27 UTC 2018 /home/travis/build/icyphy/ptII/ptolemy/actor/lib/test/auto/TimedSinewavePhase.xml
----------------- Instantiating /home/travis/build/icyphy/ptII/ptolemy/actor/lib/test/auto/TimedSinewavePhase.xml
8 ms. Memory: 1561088K Free: 601435K (39%)
----------------- Invoking toplevel() on ptolemy.moml.MoMLSimpleApplication@3be23762
----------------- Done invoking toplevel() on ptolemy.moml.MoMLSimpleApplication@3be23762
reloadAllAccessors: .TimedSinewavePhase

===========================================================================================
----------------- testing Wed Dec 26 03:06:27 UTC 2018 /home/travis/build/icyphy/ptII/ptolemy/actor/lib/test/auto/Timer.xml
----------------- Instantiating /home/travis/build/icyphy/ptII/ptolemy/actor/lib/test/auto/Timer.xml
2 ms. Memory: 1561088K Free: 583185K (37%)
----------------- Invoking toplevel() on ptolemy.moml.MoMLSimpleApplication@c71a067
----------------- Done invoking toplevel() on ptolemy.moml.MoMLSimpleApplication@c71a067
reloadAllAccessors: .Timer

===========================================================================================
----------------- testing Wed Dec 26 03:06:27 UTC 2018 /home/travis/build/icyphy/ptII/ptolemy/actor/lib/test/auto/TriangularDistTestModel.xml
----------------- Instantiating /home/travis/build/icyphy/ptII/ptolemy/actor/lib/test/auto/TriangularDistTestModel.xml
2 ms. Memory: 1561088K Free: 564934K (36%)
----------------- Invoking toplevel() on ptolemy.moml.MoMLSimpleApplication@5e725a64
----------------- Done invoking toplevel() on ptolemy.moml.MoMLSimpleApplication@5e725a64
reloadAllAccessors: .TriangularDistTestModel

===========================================================================================
----------------- testing Wed Dec 26 03:06:27 UTC 2018 /home/travis/build/icyphy/ptII/ptolemy/actor/lib/test/auto/TrigFunction.xml
----------------- Instantiating /home/travis/build/icyphy/ptII/ptolemy/actor/lib/test/auto/TrigFunction.xml
1 ms. Memory: 1561088K Free: 546684K (35%)
----------------- Invoking toplevel() on ptolemy.moml.MoMLSimpleApplication@24b74f0c
----------------- Done invoking toplevel() on ptolemy.moml.MoMLSimpleApplication@24b74f0c
reloadAllAccessors: .TrigFunction

===========================================================================================
----------------- testing Wed Dec 26 03:06:27 UTC 2018 /home/travis/build/icyphy/ptII/ptolemy/actor/lib/test/auto/TrigFunctionDE.xml
----------------- Instantiating /home/travis/build/icyphy/ptII/ptolemy/actor/lib/test/auto/TrigFunctionDE.xml
2 ms. Memory: 1561088K Free: 532097K (34%)
----------------- Invoking toplevel() on ptolemy.moml.MoMLSimpleApplication@1d0c581e
----------------- Done invoking toplevel() on ptolemy.moml.MoMLSimpleApplication@1d0c581e
reloadAllAccessors: .TrigFunctionDE

===========================================================================================
----------------- testing Wed Dec 26 03:06:27 UTC 2018 /home/travis/build/icyphy/ptII/ptolemy/actor/lib/test/auto/TrigFunctionInverse.xml
----------------- Instantiating /home/travis/build/icyphy/ptII/ptolemy/actor/lib/test/auto/TrigFunctionInverse.xml
2 ms. Memory: 1561088K Free: 513847K (33%)
----------------- Invoking toplevel() on ptolemy.moml.MoMLSimpleApplication@54bb5b92
----------------- Done invoking toplevel() on ptolemy.moml.MoMLSimpleApplication@54bb5b92
reloadAllAccessors: .TrigFunctionInverse

===========================================================================================
----------------- testing Wed Dec 26 03:06:27 UTC 2018 /home/travis/build/icyphy/ptII/ptolemy/actor/lib/test/auto/TrigFunctionTan.xml
----------------- Instantiating /home/travis/build/icyphy/ptII/ptolemy/actor/lib/test/auto/TrigFunctionTan.xml
1 ms. Memory: 1561088K Free: 495596K (32%)
----------------- Invoking toplevel() on ptolemy.moml.MoMLSimpleApplication@2b00fac8
----------------- Done invoking toplevel() on ptolemy.moml.MoMLSimpleApplication@2b00fac8
reloadAllAccessors: .TrigFunctionTan

===========================================================================================
----------------- testing Wed Dec 26 03:06:27 UTC 2018 /home/travis/build/icyphy/ptII/ptolemy/actor/lib/test/auto/TriggeredClock.xml
----------------- Instantiating /home/travis/build/icyphy/ptII/ptolemy/actor/lib/test/auto/TriggeredClock.xml
1 ms. Memory: 1561088K Free: 481009K (31%)
----------------- Invoking toplevel() on ptolemy.moml.MoMLSimpleApplication@a24fa07
----------------- Done invoking toplevel() on ptolemy.moml.MoMLSimpleApplication@a24fa07
reloadAllAccessors: .TriggeredClock

===========================================================================================
----------------- testing Wed Dec 26 03:06:27 UTC 2018 /home/travis/build/icyphy/ptII/ptolemy/actor/lib/test/auto/URLDirectoryReader.xml
----------------- Instantiating /home/travis/build/icyphy/ptII/ptolemy/actor/lib/test/auto/URLDirectoryReader.xml
39 ms. Memory: 1561088K Free: 462759K (30%)
----------------- Invoking toplevel() on ptolemy.moml.MoMLSimpleApplication@21a2248e
----------------- Done invoking toplevel() on ptolemy.moml.MoMLSimpleApplication@21a2248e
reloadAllAccessors: .URLDirectoryReader

===========================================================================================
----------------- testing Wed Dec 26 03:06:27 UTC 2018 /home/travis/build/icyphy/ptII/ptolemy/actor/lib/test/auto/URLDirectoryReader3.xml
----------------- Instantiating /home/travis/build/icyphy/ptII/ptolemy/actor/lib/test/auto/URLDirectoryReader3.xml
1197 ms. Memory: 1561088K Free: 408041K (26%)
----------------- Invoking toplevel() on ptolemy.moml.MoMLSimpleApplication@1ec96201
----------------- Done invoking toplevel() on ptolemy.moml.MoMLSimpleApplication@1ec96201
reloadAllAccessors: .URLDirectoryReader3

===========================================================================================
----------------- testing Wed Dec 26 03:06:29 UTC 2018 /home/travis/build/icyphy/ptII/ptolemy/actor/lib/test/auto/UnaryMathFunction.xml
----------------- Instantiating /home/travis/build/icyphy/ptII/ptolemy/actor/lib/test/auto/UnaryMathFunction.xml
10 ms. Memory: 1561088K Free: 393454K (25%)
----------------- Invoking toplevel() on ptolemy.moml.MoMLSimpleApplication@4e6a4344
----------------- Done invoking toplevel() on ptolemy.moml.MoMLSimpleApplication@4e6a4344
reloadAllAccessors: .UnaryMathFunction

===========================================================================================
----------------- testing Wed Dec 26 03:06:29 UTC 2018 /home/travis/build/icyphy/ptII/ptolemy/actor/lib/test/auto/Uniform.xml
----------------- Instantiating /home/travis/build/icyphy/ptII/ptolemy/actor/lib/test/auto/Uniform.xml
9 ms. Memory: 1561088K Free: 375204K (24%)
----------------- Invoking toplevel() on ptolemy.moml.MoMLSimpleApplication@145f8ebc
----------------- Done invoking toplevel() on ptolemy.moml.MoMLSimpleApplication@145f8ebc
reloadAllAccessors: .Uniform

===========================================================================================
----------------- testing Wed Dec 26 03:06:29 UTC 2018 /home/travis/build/icyphy/ptII/ptolemy/actor/lib/test/auto/UnionDisassemblerTest.xml
----------------- Instantiating /home/travis/build/icyphy/ptII/ptolemy/actor/lib/test/auto/UnionDisassemblerTest.xml
13 ms. Memory: 1561088K Free: 356953K (23%)
----------------- Invoking toplevel() on ptolemy.moml.MoMLSimpleApplication@d72f8e3
----------------- Done invoking toplevel() on ptolemy.moml.MoMLSimpleApplication@d72f8e3
reloadAllAccessors: .UnionDisassemblerTest

===========================================================================================
----------------- testing Wed Dec 26 03:06:29 UTC 2018 /home/travis/build/icyphy/ptII/ptolemy/actor/lib/test/auto/UtilityFunctions.xml
----------------- Instantiating /home/travis/build/icyphy/ptII/ptolemy/actor/lib/test/auto/UtilityFunctions.xml
5 ms. Memory: 1561088K Free: 342366K (22%)
----------------- Invoking toplevel() on ptolemy.moml.MoMLSimpleApplication@4687498d
----------------- Done invoking toplevel() on ptolemy.moml.MoMLSimpleApplication@4687498d
reloadAllAccessors: .UtilityFunctions

===========================================================================================
----------------- testing Wed Dec 26 03:06:29 UTC 2018 /home/travis/build/icyphy/ptII/ptolemy/actor/lib/test/auto/VariableSleep.xml
----------------- Instantiating /home/travis/build/icyphy/ptII/ptolemy/actor/lib/test/auto/VariableSleep.xml
503 ms. Memory: 1561088K Free: 324115K (21%)
----------------- Invoking toplevel() on ptolemy.moml.MoMLSimpleApplication@7df99fe9
----------------- Done invoking toplevel() on ptolemy.moml.MoMLSimpleApplication@7df99fe9
reloadAllAccessors: .VariableSleep

===========================================================================================
----------------- testing Wed Dec 26 03:06:30 UTC 2018 /home/travis/build/icyphy/ptII/ptolemy/actor/lib/test/auto/VectorAssemblerDisassemblerCT.xml
----------------- Instantiating /home/travis/build/icyphy/ptII/ptolemy/actor/lib/test/auto/VectorAssemblerDisassemblerCT.xml
76 ms. Memory: 1561088K Free: 291247K (19%)
----------------- Invoking toplevel() on ptolemy.moml.MoMLSimpleApplication@601053cb
----------------- Done invoking toplevel() on ptolemy.moml.MoMLSimpleApplication@601053cb
reloadAllAccessors: .VectorAssemblerDisassemblerCT

===========================================================================================
----------------- testing Wed Dec 26 03:06:30 UTC 2018 /home/travis/build/icyphy/ptII/ptolemy/actor/lib/test/auto/VectorAssemblerDisassemblerDE.xml
----------------- Instantiating /home/travis/build/icyphy/ptII/ptolemy/actor/lib/test/auto/VectorAssemblerDisassemblerDE.xml
2 ms. Memory: 1561088K Free: 276660K (18%)
----------------- Invoking toplevel() on ptolemy.moml.MoMLSimpleApplication@6b35b92e
----------------- Done invoking toplevel() on ptolemy.moml.MoMLSimpleApplication@6b35b92e
reloadAllAccessors: .VectorAssemblerDisassemblerDE

===========================================================================================
----------------- testing Wed Dec 26 03:06:30 UTC 2018 /home/travis/build/icyphy/ptII/ptolemy/actor/lib/test/auto/VectorAssemblerDisassemblerSDF.xml
----------------- Instantiating /home/travis/build/icyphy/ptII/ptolemy/actor/lib/test/auto/VectorAssemblerDisassemblerSDF.xml
2 ms. Memory: 1561088K Free: 258410K (17%)
----------------- Invoking toplevel() on ptolemy.moml.MoMLSimpleApplication@48e44984
----------------- Done invoking toplevel() on ptolemy.moml.MoMLSimpleApplication@48e44984
reloadAllAccessors: .VectorAssemblerDisassemblerSDF

===========================================================================================
----------------- testing Wed Dec 26 03:06:30 UTC 2018 /home/travis/build/icyphy/ptII/ptolemy/actor/lib/test/auto/WallClockTime.xml
----------------- Instantiating /home/travis/build/icyphy/ptII/ptolemy/actor/lib/test/auto/WallClockTime.xml
1007 ms. Memory: 1561088K Free: 240159K (15%)
----------------- Invoking toplevel() on ptolemy.moml.MoMLSimpleApplication@403d5fb6
----------------- Done invoking toplevel() on ptolemy.moml.MoMLSimpleApplication@403d5fb6
reloadAllAccessors: .WallClockTime

===========================================================================================
----------------- testing Wed Dec 26 03:06:31 UTC 2018 /home/travis/build/icyphy/ptII/ptolemy/actor/lib/test/auto/WidthTestWithSubscriberPublisher.xml
----------------- Instantiating /home/travis/build/icyphy/ptII/ptolemy/actor/lib/test/auto/WidthTestWithSubscriberPublisher.xml
8 ms. Memory: 1561088K Free: 207314K (13%)
----------------- Invoking toplevel() on ptolemy.moml.MoMLSimpleApplication@48aac937
----------------- Done invoking toplevel() on ptolemy.moml.MoMLSimpleApplication@48aac937
reloadAllAccessors: .WidthTestWithSubscriberPublisher

===========================================================================================
----------------- testing Wed Dec 26 03:06:31 UTC 2018 /home/travis/build/icyphy/ptII/ptolemy/actor/lib/test/auto/WidthTestWithSubscriberPublisher2.xml
----------------- Instantiating /home/travis/build/icyphy/ptII/ptolemy/actor/lib/test/auto/WidthTestWithSubscriberPublisher2.xml
3 ms. Memory: 1561088K Free: 192727K (12%)
----------------- Invoking toplevel() on ptolemy.moml.MoMLSimpleApplication@3fe5cb83
----------------- Done invoking toplevel() on ptolemy.moml.MoMLSimpleApplication@3fe5cb83
reloadAllAccessors: .WidthTestWithSubscriberPublisher2

===========================================================================================
----------------- testing Wed Dec 26 03:06:31 UTC 2018 /home/travis/build/icyphy/ptII/ptolemy/actor/lib/test/auto/WidthTestWithSubscriberPublisher3.xml
----------------- Instantiating /home/travis/build/icyphy/ptII/ptolemy/actor/lib/test/auto/WidthTestWithSubscriberPublisher3.xml
5 ms. Memory: 1561088K Free: 174476K (11%)
----------------- Invoking toplevel() on ptolemy.moml.MoMLSimpleApplication@338332f4
----------------- Done invoking toplevel() on ptolemy.moml.MoMLSimpleApplication@338332f4
reloadAllAccessors: .WidthTestWithSubscriberPublisher3

===========================================================================================
----------------- testing Wed Dec 26 03:06:31 UTC 2018 /home/travis/build/icyphy/ptII/ptolemy/actor/lib/test/auto/Writer.xml
----------------- Instantiating /home/travis/build/icyphy/ptII/ptolemy/actor/lib/test/auto/Writer.xml
0
1
2
3
4
1 ms. Memory: 1561088K Free: 156226K (10%)
----------------- Invoking toplevel() on ptolemy.moml.MoMLSimpleApplication@5b260c33
----------------- Done invoking toplevel() on ptolemy.moml.MoMLSimpleApplication@5b260c33
reloadAllAccessors: .Writer

===========================================================================================
----------------- testing Wed Dec 26 03:06:31 UTC 2018 /home/travis/build/icyphy/ptII/ptolemy/actor/lib/test/auto/array.xml
----------------- Instantiating /home/travis/build/icyphy/ptII/ptolemy/actor/lib/test/auto/array.xml
4 ms. Memory: 1561088K Free: 141639K (9%)
----------------- Invoking toplevel() on ptolemy.moml.MoMLSimpleApplication@14db5d1d
----------------- Done invoking toplevel() on ptolemy.moml.MoMLSimpleApplication@14db5d1d
reloadAllAccessors: .array

===========================================================================================
----------------- testing Wed Dec 26 03:06:31 UTC 2018 /home/travis/build/icyphy/ptII/ptolemy/actor/lib/test/auto/array2.xml
----------------- Instantiating /home/travis/build/icyphy/ptII/ptolemy/actor/lib/test/auto/array2.xml
7 ms. Memory: 1561088K Free: 123389K (8%)
----------------- Invoking toplevel() on ptolemy.moml.MoMLSimpleApplication@74e15943
----------------- Done invoking toplevel() on ptolemy.moml.MoMLSimpleApplication@74e15943
reloadAllAccessors: .array2

===========================================================================================
----------------- testing Wed Dec 26 03:06:31 UTC 2018 /home/travis/build/icyphy/ptII/ptolemy/actor/lib/test/auto/arrayType.xml
----------------- Instantiating /home/travis/build/icyphy/ptII/ptolemy/actor/lib/test/auto/arrayType.xml
2 ms. Memory: 1561088K Free: 105138K (7%)
----------------- Invoking toplevel() on ptolemy.moml.MoMLSimpleApplication@77b3bede
----------------- Done invoking toplevel() on ptolemy.moml.MoMLSimpleApplication@77b3bede
reloadAllAccessors: .arrayType

===========================================================================================
----------------- testing Wed Dec 26 03:06:31 UTC 2018 /home/travis/build/icyphy/ptII/ptolemy/actor/lib/test/auto/arrayType10.xml
----------------- Instantiating /home/travis/build/icyphy/ptII/ptolemy/actor/lib/test/auto/arrayType10.xml
2 ms. Memory: 1561088K Free: 90551K (6%)
----------------- Invoking toplevel() on ptolemy.moml.MoMLSimpleApplication@7d0eea21
----------------- Done invoking toplevel() on ptolemy.moml.MoMLSimpleApplication@7d0eea21
reloadAllAccessors: .arrayType10

===========================================================================================
----------------- testing Wed Dec 26 03:06:31 UTC 2018 /home/travis/build/icyphy/ptII/ptolemy/actor/lib/test/auto/arrayType11.xml
----------------- Instantiating /home/travis/build/icyphy/ptII/ptolemy/actor/lib/test/auto/arrayType11.xml
1 ms. Memory: 1561088K Free: 72301K (5%)
----------------- Invoking toplevel() on ptolemy.moml.MoMLSimpleApplication@6545046
----------------- Done invoking toplevel() on ptolemy.moml.MoMLSimpleApplication@6545046
reloadAllAccessors: .arrayType11

===========================================================================================
----------------- testing Wed Dec 26 03:06:31 UTC 2018 /home/travis/build/icyphy/ptII/ptolemy/actor/lib/test/auto/arrayType12.xml
----------------- Instantiating /home/travis/build/icyphy/ptII/ptolemy/actor/lib/test/auto/arrayType12.xml
20 ms. Memory: 1643008K Free: 1590979K (97%)
----------------- Invoking toplevel() on ptolemy.moml.MoMLSimpleApplication@4d48c435
----------------- Done invoking toplevel() on ptolemy.moml.MoMLSimpleApplication@4d48c435
reloadAllAccessors: .arrayType12

===========================================================================================
----------------- testing Wed Dec 26 03:06:31 UTC 2018 /home/travis/build/icyphy/ptII/ptolemy/actor/lib/test/auto/arrayType13.xml
----------------- Instantiating /home/travis/build/icyphy/ptII/ptolemy/actor/lib/test/auto/arrayType13.xml
2 ms. Memory: 1643008K Free: 1563677K (95%)
----------------- Invoking toplevel() on ptolemy.moml.MoMLSimpleApplication@7a6dce99
----------------- Done invoking toplevel() on ptolemy.moml.MoMLSimpleApplication@7a6dce99
reloadAllAccessors: .arrayType13

===========================================================================================
----------------- testing Wed Dec 26 03:06:31 UTC 2018 /home/travis/build/icyphy/ptII/ptolemy/actor/lib/test/auto/arrayType14.xml
----------------- Instantiating /home/travis/build/icyphy/ptII/ptolemy/actor/lib/test/auto/arrayType14.xml
2 ms. Memory: 1643008K Free: 1544436K (94%)
----------------- Invoking toplevel() on ptolemy.moml.MoMLSimpleApplication@4ef3cd6a
----------------- Done invoking toplevel() on ptolemy.moml.MoMLSimpleApplication@4ef3cd6a
reloadAllAccessors: .arrayType14

===========================================================================================
----------------- testing Wed Dec 26 03:06:31 UTC 2018 /home/travis/build/icyphy/ptII/ptolemy/actor/lib/test/auto/arrayType15.xml
----------------- Instantiating /home/travis/build/icyphy/ptII/ptolemy/actor/lib/test/auto/arrayType15.xml
2 ms. Memory: 1643008K Free: 1529071K (93%)
----------------- Invoking toplevel() on ptolemy.moml.MoMLSimpleApplication@4d89ea57
----------------- Done invoking toplevel() on ptolemy.moml.MoMLSimpleApplication@4d89ea57
reloadAllAccessors: .arrayType15

===========================================================================================
----------------- testing Wed Dec 26 03:06:31 UTC 2018 /home/travis/build/icyphy/ptII/ptolemy/actor/lib/test/auto/arrayType16.xml
----------------- Instantiating /home/travis/build/icyphy/ptII/ptolemy/actor/lib/test/auto/arrayType16.xml
2 ms. Memory: 1643008K Free: 1509830K (92%)
----------------- Invoking toplevel() on ptolemy.moml.MoMLSimpleApplication@2ade41aa
----------------- Done invoking toplevel() on ptolemy.moml.MoMLSimpleApplication@2ade41aa
reloadAllAccessors: .arrayType16

===========================================================================================
----------------- testing Wed Dec 26 03:06:31 UTC 2018 /home/travis/build/icyphy/ptII/ptolemy/actor/lib/test/auto/arrayType17.xml
----------------- Instantiating /home/travis/build/icyphy/ptII/ptolemy/actor/lib/test/auto/arrayType17.xml
2 ms. Memory: 1643008K Free: 1490589K (91%)
----------------- Invoking toplevel() on ptolemy.moml.MoMLSimpleApplication@21ec219e
----------------- Done invoking toplevel() on ptolemy.moml.MoMLSimpleApplication@21ec219e
reloadAllAccessors: .arrayType17

===========================================================================================
----------------- testing Wed Dec 26 03:06:31 UTC 2018 /home/travis/build/icyphy/ptII/ptolemy/actor/lib/test/auto/arrayType18.xml
----------------- Instantiating /home/travis/build/icyphy/ptII/ptolemy/actor/lib/test/auto/arrayType18.xml
1 ms. Memory: 1643008K Free: 1475224K (90%)
----------------- Invoking toplevel() on ptolemy.moml.MoMLSimpleApplication@11a8c5f8
----------------- Done invoking toplevel() on ptolemy.moml.MoMLSimpleApplication@11a8c5f8
reloadAllAccessors: .arrayType18

===========================================================================================
----------------- testing Wed Dec 26 03:06:31 UTC 2018 /home/travis/build/icyphy/ptII/ptolemy/actor/lib/test/auto/arrayType19.xml
----------------- Instantiating /home/travis/build/icyphy/ptII/ptolemy/actor/lib/test/auto/arrayType19.xml
1 ms. Memory: 1643008K Free: 1455983K (89%)
----------------- Invoking toplevel() on ptolemy.moml.MoMLSimpleApplication@6baab0ee
----------------- Done invoking toplevel() on ptolemy.moml.MoMLSimpleApplication@6baab0ee
reloadAllAccessors: .arrayType19

===========================================================================================
----------------- testing Wed Dec 26 03:06:31 UTC 2018 /home/travis/build/icyphy/ptII/ptolemy/actor/lib/test/auto/arrayType2.xml
----------------- Instantiating /home/travis/build/icyphy/ptII/ptolemy/actor/lib/test/auto/arrayType2.xml
1 ms. Memory: 1643008K Free: 1436742K (87%)
----------------- Invoking toplevel() on ptolemy.moml.MoMLSimpleApplication@308d13ea
----------------- Done invoking toplevel() on ptolemy.moml.MoMLSimpleApplication@308d13ea
reloadAllAccessors: .arrayType2

===========================================================================================
----------------- testing Wed Dec 26 03:06:31 UTC 2018 /home/travis/build/icyphy/ptII/ptolemy/actor/lib/test/auto/arrayType20.xml
----------------- Instantiating /home/travis/build/icyphy/ptII/ptolemy/actor/lib/test/auto/arrayType20.xml
1 ms. Memory: 1643008K Free: 1421376K (87%)
----------------- Invoking toplevel() on ptolemy.moml.MoMLSimpleApplication@5022a983
----------------- Done invoking toplevel() on ptolemy.moml.MoMLSimpleApplication@5022a983
reloadAllAccessors: .arrayType20

===========================================================================================
----------------- testing Wed Dec 26 03:06:31 UTC 2018 /home/travis/build/icyphy/ptII/ptolemy/actor/lib/test/auto/arrayType21.xml
----------------- Instantiating /home/travis/build/icyphy/ptII/ptolemy/actor/lib/test/auto/arrayType21.xml
4 ms. Memory: 1643008K Free: 1402125K (85%)
----------------- Invoking toplevel() on ptolemy.moml.MoMLSimpleApplication@1ea9ad7b
----------------- Done invoking toplevel() on ptolemy.moml.MoMLSimpleApplication@1ea9ad7b
reloadAllAccessors: .arrayType21

===========================================================================================
----------------- testing Wed Dec 26 03:06:31 UTC 2018 /home/travis/build/icyphy/ptII/ptolemy/actor/lib/test/auto/arrayType22.xml
----------------- Instantiating /home/travis/build/icyphy/ptII/ptolemy/actor/lib/test/auto/arrayType22.xml
2 ms. Memory: 1643008K Free: 1382884K (84%)
----------------- Invoking toplevel() on ptolemy.moml.MoMLSimpleApplication@4538b183
----------------- Done invoking toplevel() on ptolemy.moml.MoMLSimpleApplication@4538b183
reloadAllAccessors: .arrayType22

===========================================================================================
----------------- testing Wed Dec 26 03:06:31 UTC 2018 /home/travis/build/icyphy/ptII/ptolemy/actor/lib/test/auto/arrayType23.xml
----------------- Instantiating /home/travis/build/icyphy/ptII/ptolemy/actor/lib/test/auto/arrayType23.xml
1 ms. Memory: 1643008K Free: 1367519K (83%)
----------------- Invoking toplevel() on ptolemy.moml.MoMLSimpleApplication@346aeba0
----------------- Done invoking toplevel() on ptolemy.moml.MoMLSimpleApplication@346aeba0
reloadAllAccessors: .arrayType23

===========================================================================================
----------------- testing Wed Dec 26 03:06:31 UTC 2018 /home/travis/build/icyphy/ptII/ptolemy/actor/lib/test/auto/arrayType24.xml
----------------- Instantiating /home/travis/build/icyphy/ptII/ptolemy/actor/lib/test/auto/arrayType24.xml
1 ms. Memory: 1643008K Free: 1348278K (82%)
----------------- Invoking toplevel() on ptolemy.moml.MoMLSimpleApplication@358103d
----------------- Done invoking toplevel() on ptolemy.moml.MoMLSimpleApplication@358103d
reloadAllAccessors: .arrayType24

===========================================================================================
----------------- testing Wed Dec 26 03:06:31 UTC 2018 /home/travis/build/icyphy/ptII/ptolemy/actor/lib/test/auto/arrayType25.xml
----------------- Instantiating /home/travis/build/icyphy/ptII/ptolemy/actor/lib/test/auto/arrayType25.xml
1 ms. Memory: 1643008K Free: 1329037K (81%)
----------------- Invoking toplevel() on ptolemy.moml.MoMLSimpleApplication@180a7c00
----------------- Done invoking toplevel() on ptolemy.moml.MoMLSimpleApplication@180a7c00
reloadAllAccessors: .arrayType25

===========================================================================================
----------------- testing Wed Dec 26 03:06:31 UTC 2018 /home/travis/build/icyphy/ptII/ptolemy/actor/lib/test/auto/arrayType26.xml
----------------- Instantiating /home/travis/build/icyphy/ptII/ptolemy/actor/lib/test/auto/arrayType26.xml
1 ms. Memory: 1643008K Free: 1313672K (80%)
----------------- Invoking toplevel() on ptolemy.moml.MoMLSimpleApplication@28aa1efc
----------------- Done invoking toplevel() on ptolemy.moml.MoMLSimpleApplication@28aa1efc
reloadAllAccessors: .arrayType26

===========================================================================================
----------------- testing Wed Dec 26 03:06:31 UTC 2018 /home/travis/build/icyphy/ptII/ptolemy/actor/lib/test/auto/arrayType27.xml
----------------- Instantiating /home/travis/build/icyphy/ptII/ptolemy/actor/lib/test/auto/arrayType27.xml
2 ms. Memory: 1643008K Free: 1294431K (79%)
----------------- Invoking toplevel() on ptolemy.moml.MoMLSimpleApplication@2eee9b42
----------------- Done invoking toplevel() on ptolemy.moml.MoMLSimpleApplication@2eee9b42
reloadAllAccessors: .arrayType27

===========================================================================================
----------------- testing Wed Dec 26 03:06:31 UTC 2018 /home/travis/build/icyphy/ptII/ptolemy/actor/lib/test/auto/arrayType28.xml
----------------- Instantiating /home/travis/build/icyphy/ptII/ptolemy/actor/lib/test/auto/arrayType28.xml
2 ms. Memory: 1643008K Free: 1275190K (78%)
----------------- Invoking toplevel() on ptolemy.moml.MoMLSimpleApplication@67c963f
----------------- Done invoking toplevel() on ptolemy.moml.MoMLSimpleApplication@67c963f
reloadAllAccessors: .arrayType28

===========================================================================================
----------------- testing Wed Dec 26 03:06:31 UTC 2018 /home/travis/build/icyphy/ptII/ptolemy/actor/lib/test/auto/arrayType3.xml
----------------- Instantiating /home/travis/build/icyphy/ptII/ptolemy/actor/lib/test/auto/arrayType3.xml
3 ms. Memory: 1643008K Free: 1259825K (77%)
----------------- Invoking toplevel() on ptolemy.moml.MoMLSimpleApplication@58423dd7
----------------- Done invoking toplevel() on ptolemy.moml.MoMLSimpleApplication@58423dd7
reloadAllAccessors: .arrayType3

===========================================================================================
----------------- testing Wed Dec 26 03:06:31 UTC 2018 /home/travis/build/icyphy/ptII/ptolemy/actor/lib/test/auto/arrayType4.xml
----------------- Instantiating /home/travis/build/icyphy/ptII/ptolemy/actor/lib/test/auto/arrayType4.xml
1 ms. Memory: 1643008K Free: 1240584K (76%)
----------------- Invoking toplevel() on ptolemy.moml.MoMLSimpleApplication@7f1e6723
----------------- Done invoking toplevel() on ptolemy.moml.MoMLSimpleApplication@7f1e6723
reloadAllAccessors: .arrayType4

===========================================================================================
----------------- testing Wed Dec 26 03:06:31 UTC 2018 /home/travis/build/icyphy/ptII/ptolemy/actor/lib/test/auto/arrayType5.xml
----------------- Instantiating /home/travis/build/icyphy/ptII/ptolemy/actor/lib/test/auto/arrayType5.xml
1 ms. Memory: 1643008K Free: 1221343K (74%)
----------------- Invoking toplevel() on ptolemy.moml.MoMLSimpleApplication@4089529f
----------------- Done invoking toplevel() on ptolemy.moml.MoMLSimpleApplication@4089529f
reloadAllAccessors: .arrayType5

===========================================================================================
----------------- testing Wed Dec 26 03:06:31 UTC 2018 /home/travis/build/icyphy/ptII/ptolemy/actor/lib/test/auto/arrayType6.xml
----------------- Instantiating /home/travis/build/icyphy/ptII/ptolemy/actor/lib/test/auto/arrayType6.xml
1 ms. Memory: 1643008K Free: 1205978K (73%)
----------------- Invoking toplevel() on ptolemy.moml.MoMLSimpleApplication@57bb918c
----------------- Done invoking toplevel() on ptolemy.moml.MoMLSimpleApplication@57bb918c
reloadAllAccessors: .arrayType6

===========================================================================================
----------------- testing Wed Dec 26 03:06:31 UTC 2018 /home/travis/build/icyphy/ptII/ptolemy/actor/lib/test/auto/arrayType7.xml
----------------- Instantiating /home/travis/build/icyphy/ptII/ptolemy/actor/lib/test/auto/arrayType7.xml
4 ms. Memory: 1643008K Free: 1186737K (72%)
----------------- Invoking toplevel() on ptolemy.moml.MoMLSimpleApplication@37d825
----------------- Done invoking toplevel() on ptolemy.moml.MoMLSimpleApplication@37d825
reloadAllAccessors: .arrayType7

===========================================================================================
----------------- testing Wed Dec 26 03:06:31 UTC 2018 /home/travis/build/icyphy/ptII/ptolemy/actor/lib/test/auto/arrayType8.xml
----------------- Instantiating /home/travis/build/icyphy/ptII/ptolemy/actor/lib/test/auto/arrayType8.xml
1 ms. Memory: 1643008K Free: 1167496K (71%)
----------------- Invoking toplevel() on ptolemy.moml.MoMLSimpleApplication@188151e1
----------------- Done invoking toplevel() on ptolemy.moml.MoMLSimpleApplication@188151e1
reloadAllAccessors: .arrayType8

===========================================================================================
----------------- testing Wed Dec 26 03:06:31 UTC 2018 /home/travis/build/icyphy/ptII/ptolemy/actor/lib/test/auto/arrayType9.xml
----------------- Instantiating /home/travis/build/icyphy/ptII/ptolemy/actor/lib/test/auto/arrayType9.xml
2 ms. Memory: 1643008K Free: 1152131K (70%)
----------------- Invoking toplevel() on ptolemy.moml.MoMLSimpleApplication@7c6113d1
----------------- Done invoking toplevel() on ptolemy.moml.MoMLSimpleApplication@7c6113d1
reloadAllAccessors: .arrayType9

===========================================================================================
----------------- testing Wed Dec 26 03:06:31 UTC 2018 /home/travis/build/icyphy/ptII/ptolemy/actor/lib/test/auto/cast.xml
----------------- Instantiating /home/travis/build/icyphy/ptII/ptolemy/actor/lib/test/auto/cast.xml
2 ms. Memory: 1643008K Free: 1132890K (69%)
----------------- Invoking toplevel() on ptolemy.moml.MoMLSimpleApplication@97a4e14
----------------- Done invoking toplevel() on ptolemy.moml.MoMLSimpleApplication@97a4e14
reloadAllAccessors: .cast

===========================================================================================
----------------- testing Wed Dec 26 03:06:31 UTC 2018 /home/travis/build/icyphy/ptII/ptolemy/actor/lib/test/auto/compositeMultiPort.xml
----------------- Instantiating /home/travis/build/icyphy/ptII/ptolemy/actor/lib/test/auto/compositeMultiPort.xml
3 ms. Memory: 1643008K Free: 1113649K (68%)
----------------- Invoking toplevel() on ptolemy.moml.MoMLSimpleApplication@14841e10
----------------- Done invoking toplevel() on ptolemy.moml.MoMLSimpleApplication@14841e10
reloadAllAccessors: .compositeMultiPort

===========================================================================================
----------------- testing Wed Dec 26 03:06:31 UTC 2018 /home/travis/build/icyphy/ptII/ptolemy/actor/lib/test/auto/expressionCastInference.xml
----------------- Instantiating /home/travis/build/icyphy/ptII/ptolemy/actor/lib/test/auto/expressionCastInference.xml
2 ms. Memory: 1643008K Free: 1098284K (67%)
----------------- Invoking toplevel() on ptolemy.moml.MoMLSimpleApplication@5a806e95
----------------- Done invoking toplevel() on ptolemy.moml.MoMLSimpleApplication@5a806e95
reloadAllAccessors: .expressionCastInference

===========================================================================================
----------------- testing Wed Dec 26 03:06:31 UTC 2018 /home/travis/build/icyphy/ptII/ptolemy/actor/lib/test/auto/expressionCastInference2.xml
----------------- Instantiating /home/travis/build/icyphy/ptII/ptolemy/actor/lib/test/auto/expressionCastInference2.xml
1 ms. Memory: 1643008K Free: 1079043K (66%)
----------------- Invoking toplevel() on ptolemy.moml.MoMLSimpleApplication@15465107
----------------- Done invoking toplevel() on ptolemy.moml.MoMLSimpleApplication@15465107
reloadAllAccessors: .expressionCastInference2

===========================================================================================
----------------- testing Wed Dec 26 03:06:31 UTC 2018 /home/travis/build/icyphy/ptII/ptolemy/actor/lib/test/auto/expressionInference.xml
----------------- Instantiating /home/travis/build/icyphy/ptII/ptolemy/actor/lib/test/auto/expressionInference.xml
2 ms. Memory: 1643008K Free: 1059802K (65%)
----------------- Invoking toplevel() on ptolemy.moml.MoMLSimpleApplication@58fd6f9e
----------------- Done invoking toplevel() on ptolemy.moml.MoMLSimpleApplication@58fd6f9e
reloadAllAccessors: .expressionInference

===========================================================================================
----------------- testing Wed Dec 26 03:06:31 UTC 2018 /home/travis/build/icyphy/ptII/ptolemy/actor/lib/test/auto/expression_bug.xml
----------------- Instantiating /home/travis/build/icyphy/ptII/ptolemy/actor/lib/test/auto/expression_bug.xml
2 ms. Memory: 1643008K Free: 1044437K (64%)
----------------- Invoking toplevel() on ptolemy.moml.MoMLSimpleApplication@4c6b9487
----------------- Done invoking toplevel() on ptolemy.moml.MoMLSimpleApplication@4c6b9487
reloadAllAccessors: .expression_bug

===========================================================================================
----------------- testing Wed Dec 26 03:06:31 UTC 2018 /home/travis/build/icyphy/ptII/ptolemy/actor/lib/test/auto/factorial.xml
----------------- Instantiating /home/travis/build/icyphy/ptII/ptolemy/actor/lib/test/auto/factorial.xml
34 ms. Memory: 1643008K Free: 1025196K (62%)
----------------- Invoking toplevel() on ptolemy.moml.MoMLSimpleApplication@6600b133
----------------- Done invoking toplevel() on ptolemy.moml.MoMLSimpleApplication@6600b133
reloadAllAccessors: .factorial

===========================================================================================
----------------- testing Wed Dec 26 03:06:31 UTC 2018 /home/travis/build/icyphy/ptII/ptolemy/actor/lib/test/auto/filterTest1.xml
----------------- Instantiating /home/travis/build/icyphy/ptII/ptolemy/actor/lib/test/auto/filterTest1.xml
3 ms. Memory: 1643008K Free: 1005955K (61%)
----------------- Invoking toplevel() on ptolemy.moml.MoMLSimpleApplication@2e540325
----------------- Done invoking toplevel() on ptolemy.moml.MoMLSimpleApplication@2e540325
reloadAllAccessors: .filterTest1

===========================================================================================
----------------- testing Wed Dec 26 03:06:32 UTC 2018 /home/travis/build/icyphy/ptII/ptolemy/actor/lib/test/auto/funcApplyInConst.xml
----------------- Instantiating /home/travis/build/icyphy/ptII/ptolemy/actor/lib/test/auto/funcApplyInConst.xml
1 ms. Memory: 1643008K Free: 990590K (60%)
----------------- Invoking toplevel() on ptolemy.moml.MoMLSimpleApplication@2898ba23
----------------- Done invoking toplevel() on ptolemy.moml.MoMLSimpleApplication@2898ba23
reloadAllAccessors: .funcApplyInConst

===========================================================================================
----------------- testing Wed Dec 26 03:06:32 UTC 2018 /home/travis/build/icyphy/ptII/ptolemy/actor/lib/test/auto/funcApplyInExpr.xml
----------------- Instantiating /home/travis/build/icyphy/ptII/ptolemy/actor/lib/test/auto/funcApplyInExpr.xml
1 ms. Memory: 1643008K Free: 971349K (59%)
----------------- Invoking toplevel() on ptolemy.moml.MoMLSimpleApplication@696c7a60
----------------- Done invoking toplevel() on ptolemy.moml.MoMLSimpleApplication@696c7a60
reloadAllAccessors: .funcApplyInExpr

===========================================================================================
----------------- testing Wed Dec 26 03:06:32 UTC 2018 /home/travis/build/icyphy/ptII/ptolemy/actor/lib/test/auto/function.xml
----------------- Instantiating /home/travis/build/icyphy/ptII/ptolemy/actor/lib/test/auto/function.xml
1 ms. Memory: 1643008K Free: 952108K (58%)
----------------- Invoking toplevel() on ptolemy.moml.MoMLSimpleApplication@7abf80d9
----------------- Done invoking toplevel() on ptolemy.moml.MoMLSimpleApplication@7abf80d9
reloadAllAccessors: .function

===========================================================================================
----------------- testing Wed Dec 26 03:06:32 UTC 2018 /home/travis/build/icyphy/ptII/ptolemy/actor/lib/test/auto/function2.xml
----------------- Instantiating /home/travis/build/icyphy/ptII/ptolemy/actor/lib/test/auto/function2.xml
1 ms. Memory: 1643008K Free: 936743K (57%)
----------------- Invoking toplevel() on ptolemy.moml.MoMLSimpleApplication@32385f32
----------------- Done invoking toplevel() on ptolemy.moml.MoMLSimpleApplication@32385f32
reloadAllAccessors: .function2

===========================================================================================
----------------- testing Wed Dec 26 03:06:32 UTC 2018 /home/travis/build/icyphy/ptII/ptolemy/actor/lib/test/auto/function3.xml
----------------- Instantiating /home/travis/build/icyphy/ptII/ptolemy/actor/lib/test/auto/function3.xml
1 ms. Memory: 1643008K Free: 917502K (56%)
----------------- Invoking toplevel() on ptolemy.moml.MoMLSimpleApplication@7fb94ecb
----------------- Done invoking toplevel() on ptolemy.moml.MoMLSimpleApplication@7fb94ecb
reloadAllAccessors: .function3

===========================================================================================
----------------- testing Wed Dec 26 03:06:32 UTC 2018 /home/travis/build/icyphy/ptII/ptolemy/actor/lib/test/auto/functionClosureTest1.xml
----------------- Instantiating /home/travis/build/icyphy/ptII/ptolemy/actor/lib/test/auto/functionClosureTest1.xml
2 ms. Memory: 1643008K Free: 898261K (55%)
----------------- Invoking toplevel() on ptolemy.moml.MoMLSimpleApplication@5536126f
----------------- Done invoking toplevel() on ptolemy.moml.MoMLSimpleApplication@5536126f
reloadAllAccessors: .functionClosureTest1

===========================================================================================
----------------- testing Wed Dec 26 03:06:32 UTC 2018 /home/travis/build/icyphy/ptII/ptolemy/actor/lib/test/auto/functionClosureTest2.xml
----------------- Instantiating /home/travis/build/icyphy/ptII/ptolemy/actor/lib/test/auto/functionClosureTest2.xml
1 ms. Memory: 1643008K Free: 882896K (54%)
----------------- Invoking toplevel() on ptolemy.moml.MoMLSimpleApplication@5774ca9e
----------------- Done invoking toplevel() on ptolemy.moml.MoMLSimpleApplication@5774ca9e
reloadAllAccessors: .functionClosureTest2

===========================================================================================
----------------- testing Wed Dec 26 03:06:32 UTC 2018 /home/travis/build/icyphy/ptII/ptolemy/actor/lib/test/auto/functionClosureTest3.xml
----------------- Instantiating /home/travis/build/icyphy/ptII/ptolemy/actor/lib/test/auto/functionClosureTest3.xml
2 ms. Memory: 1643008K Free: 863655K (53%)
----------------- Invoking toplevel() on ptolemy.moml.MoMLSimpleApplication@1ace5af1
----------------- Done invoking toplevel() on ptolemy.moml.MoMLSimpleApplication@1ace5af1
reloadAllAccessors: .functionClosureTest3

===========================================================================================
----------------- testing Wed Dec 26 03:06:32 UTC 2018 /home/travis/build/icyphy/ptII/ptolemy/actor/lib/test/auto/functionClosureTest4.xml
----------------- Instantiating /home/travis/build/icyphy/ptII/ptolemy/actor/lib/test/auto/functionClosureTest4.xml
3 ms. Memory: 1643008K Free: 844414K (51%)
----------------- Invoking toplevel() on ptolemy.moml.MoMLSimpleApplication@2d24bc6e
----------------- Done invoking toplevel() on ptolemy.moml.MoMLSimpleApplication@2d24bc6e
reloadAllAccessors: .functionClosureTest4

===========================================================================================
----------------- testing Wed Dec 26 03:06:32 UTC 2018 /home/travis/build/icyphy/ptII/ptolemy/actor/lib/test/auto/functionClosureTest5.xml
----------------- Instantiating /home/travis/build/icyphy/ptII/ptolemy/actor/lib/test/auto/functionClosureTest5.xml
3 ms. Memory: 1643008K Free: 829049K (50%)
----------------- Invoking toplevel() on ptolemy.moml.MoMLSimpleApplication@61bebcd5
----------------- Done invoking toplevel() on ptolemy.moml.MoMLSimpleApplication@61bebcd5
reloadAllAccessors: .functionClosureTest5

===========================================================================================
----------------- testing Wed Dec 26 03:06:32 UTC 2018 /home/travis/build/icyphy/ptII/ptolemy/actor/lib/test/auto/functionClosureTest6.xml
----------------- Instantiating /home/travis/build/icyphy/ptII/ptolemy/actor/lib/test/auto/functionClosureTest6.xml
1 ms. Memory: 1643008K Free: 809808K (49%)
----------------- Invoking toplevel() on ptolemy.moml.MoMLSimpleApplication@3663d4c
----------------- Done invoking toplevel() on ptolemy.moml.MoMLSimpleApplication@3663d4c
reloadAllAccessors: .functionClosureTest6

===========================================================================================
----------------- testing Wed Dec 26 03:06:32 UTC 2018 /home/travis/build/icyphy/ptII/ptolemy/actor/lib/test/auto/functionsOnArcs.xml
----------------- Instantiating /home/travis/build/icyphy/ptII/ptolemy/actor/lib/test/auto/functionsOnArcs.xml
2 ms. Memory: 1643008K Free: 790567K (48%)
----------------- Invoking toplevel() on ptolemy.moml.MoMLSimpleApplication@4ff64f1
----------------- Done invoking toplevel() on ptolemy.moml.MoMLSimpleApplication@4ff64f1
reloadAllAccessors: .functionsOnArcs

===========================================================================================
----------------- testing Wed Dec 26 03:06:32 UTC 2018 /home/travis/build/icyphy/ptII/ptolemy/actor/lib/test/auto/functionsOnArcsHOF.xml
----------------- Instantiating /home/travis/build/icyphy/ptII/ptolemy/actor/lib/test/auto/functionsOnArcsHOF.xml
2 ms. Memory: 1643008K Free: 775202K (47%)
----------------- Invoking toplevel() on ptolemy.moml.MoMLSimpleApplication@14216332
----------------- Done invoking toplevel() on ptolemy.moml.MoMLSimpleApplication@14216332
reloadAllAccessors: .functionsOnArcsHOF

===========================================================================================
----------------- testing Wed Dec 26 03:06:32 UTC 2018 /home/travis/build/icyphy/ptII/ptolemy/actor/lib/test/auto/logic.xml
----------------- Instantiating /home/travis/build/icyphy/ptII/ptolemy/actor/lib/test/auto/logic.xml
1 ms. Memory: 1643008K Free: 755961K (46%)
----------------- Invoking toplevel() on ptolemy.moml.MoMLSimpleApplication@5627091d
----------------- Done invoking toplevel() on ptolemy.moml.MoMLSimpleApplication@5627091d
reloadAllAccessors: .logic

===========================================================================================
----------------- testing Wed Dec 26 03:06:32 UTC 2018 /home/travis/build/icyphy/ptII/ptolemy/actor/lib/test/auto/matrixType.xml
----------------- Instantiating /home/travis/build/icyphy/ptII/ptolemy/actor/lib/test/auto/matrixType.xml
2 ms. Memory: 1643008K Free: 736719K (45%)
----------------- Invoking toplevel() on ptolemy.moml.MoMLSimpleApplication@2302d319
----------------- Done invoking toplevel() on ptolemy.moml.MoMLSimpleApplication@2302d319
reloadAllAccessors: .matrixType

===========================================================================================
----------------- testing Wed Dec 26 03:06:32 UTC 2018 /home/travis/build/icyphy/ptII/ptolemy/actor/lib/test/auto/matrixType10.xml
----------------- Instantiating /home/travis/build/icyphy/ptII/ptolemy/actor/lib/test/auto/matrixType10.xml
1 ms. Memory: 1643008K Free: 721354K (44%)
----------------- Invoking toplevel() on ptolemy.moml.MoMLSimpleApplication@df75cd7
----------------- Done invoking toplevel() on ptolemy.moml.MoMLSimpleApplication@df75cd7
reloadAllAccessors: .matrixType10

===========================================================================================
----------------- testing Wed Dec 26 03:06:32 UTC 2018 /home/travis/build/icyphy/ptII/ptolemy/actor/lib/test/auto/matrixType11.xml
----------------- Instantiating /home/travis/build/icyphy/ptII/ptolemy/actor/lib/test/auto/matrixType11.xml
1 ms. Memory: 1643008K Free: 702113K (43%)
----------------- Invoking toplevel() on ptolemy.moml.MoMLSimpleApplication@78637fa8
----------------- Done invoking toplevel() on ptolemy.moml.MoMLSimpleApplication@78637fa8
reloadAllAccessors: .matrixType11

===========================================================================================
----------------- testing Wed Dec 26 03:06:32 UTC 2018 /home/travis/build/icyphy/ptII/ptolemy/actor/lib/test/auto/matrixType12.xml
----------------- Instantiating /home/travis/build/icyphy/ptII/ptolemy/actor/lib/test/auto/matrixType12.xml
1 ms. Memory: 1643008K Free: 682873K (42%)
----------------- Invoking toplevel() on ptolemy.moml.MoMLSimpleApplication@6a071fe3
----------------- Done invoking toplevel() on ptolemy.moml.MoMLSimpleApplication@6a071fe3
reloadAllAccessors: .matrixType12

===========================================================================================
----------------- testing Wed Dec 26 03:06:32 UTC 2018 /home/travis/build/icyphy/ptII/ptolemy/actor/lib/test/auto/matrixType13.xml
----------------- Instantiating /home/travis/build/icyphy/ptII/ptolemy/actor/lib/test/auto/matrixType13.xml
1 ms. Memory: 1643008K Free: 667507K (41%)
----------------- Invoking toplevel() on ptolemy.moml.MoMLSimpleApplication@1ee11ba5
----------------- Done invoking toplevel() on ptolemy.moml.MoMLSimpleApplication@1ee11ba5
reloadAllAccessors: .matrixType13

===========================================================================================
----------------- testing Wed Dec 26 03:06:32 UTC 2018 /home/travis/build/icyphy/ptII/ptolemy/actor/lib/test/auto/matrixType14.xml
----------------- Instantiating /home/travis/build/icyphy/ptII/ptolemy/actor/lib/test/auto/matrixType14.xml
1 ms. Memory: 1643008K Free: 648267K (39%)
----------------- Invoking toplevel() on ptolemy.moml.MoMLSimpleApplication@29831be
----------------- Done invoking toplevel() on ptolemy.moml.MoMLSimpleApplication@29831be
reloadAllAccessors: .matrixType14

===========================================================================================
----------------- testing Wed Dec 26 03:06:32 UTC 2018 /home/travis/build/icyphy/ptII/ptolemy/actor/lib/test/auto/matrixType2.xml
----------------- Instantiating /home/travis/build/icyphy/ptII/ptolemy/actor/lib/test/auto/matrixType2.xml
2 ms. Memory: 1643008K Free: 629026K (38%)
----------------- Invoking toplevel() on ptolemy.moml.MoMLSimpleApplication@63fb0168
----------------- Done invoking toplevel() on ptolemy.moml.MoMLSimpleApplication@63fb0168
reloadAllAccessors: .matrixType2

===========================================================================================
----------------- testing Wed Dec 26 03:06:32 UTC 2018 /home/travis/build/icyphy/ptII/ptolemy/actor/lib/test/auto/matrixType3.xml
----------------- Instantiating /home/travis/build/icyphy/ptII/ptolemy/actor/lib/test/auto/matrixType3.xml
3 ms. Memory: 1643008K Free: 613661K (37%)
----------------- Invoking toplevel() on ptolemy.moml.MoMLSimpleApplication@3b6e8c5e
----------------- Done invoking toplevel() on ptolemy.moml.MoMLSimpleApplication@3b6e8c5e
reloadAllAccessors: .matrixType3

===========================================================================================
----------------- testing Wed Dec 26 03:06:32 UTC 2018 /home/travis/build/icyphy/ptII/ptolemy/actor/lib/test/auto/matrixType4.xml
----------------- Instantiating /home/travis/build/icyphy/ptII/ptolemy/actor/lib/test/auto/matrixType4.xml
2 ms. Memory: 1643008K Free: 594419K (36%)
----------------- Invoking toplevel() on ptolemy.moml.MoMLSimpleApplication@4f5e393
----------------- Done invoking toplevel() on ptolemy.moml.MoMLSimpleApplication@4f5e393
reloadAllAccessors: .matrixType4

===========================================================================================
----------------- testing Wed Dec 26 03:06:32 UTC 2018 /home/travis/build/icyphy/ptII/ptolemy/actor/lib/test/auto/matrixType5.xml
----------------- Instantiating /home/travis/build/icyphy/ptII/ptolemy/actor/lib/test/auto/matrixType5.xml
1 ms. Memory: 1643008K Free: 575179K (35%)
----------------- Invoking toplevel() on ptolemy.moml.MoMLSimpleApplication@6bceec04
----------------- Done invoking toplevel() on ptolemy.moml.MoMLSimpleApplication@6bceec04
reloadAllAccessors: .matrixType5

===========================================================================================
----------------- testing Wed Dec 26 03:06:32 UTC 2018 /home/travis/build/icyphy/ptII/ptolemy/actor/lib/test/auto/matrixType6.xml
----------------- Instantiating /home/travis/build/icyphy/ptII/ptolemy/actor/lib/test/auto/matrixType6.xml
2 ms. Memory: 1643008K Free: 559813K (34%)
----------------- Invoking toplevel() on ptolemy.moml.MoMLSimpleApplication@4eba3448
----------------- Done invoking toplevel() on ptolemy.moml.MoMLSimpleApplication@4eba3448
reloadAllAccessors: .matrixType6

===========================================================================================
----------------- testing Wed Dec 26 03:06:32 UTC 2018 /home/travis/build/icyphy/ptII/ptolemy/actor/lib/test/auto/matrixType7.xml
----------------- Instantiating /home/travis/build/icyphy/ptII/ptolemy/actor/lib/test/auto/matrixType7.xml
1 ms. Memory: 1643008K Free: 540573K (33%)
----------------- Invoking toplevel() on ptolemy.moml.MoMLSimpleApplication@762c4f55
----------------- Done invoking toplevel() on ptolemy.moml.MoMLSimpleApplication@762c4f55
reloadAllAccessors: .matrixType7

===========================================================================================
----------------- testing Wed Dec 26 03:06:32 UTC 2018 /home/travis/build/icyphy/ptII/ptolemy/actor/lib/test/auto/matrixType8.xml
----------------- Instantiating /home/travis/build/icyphy/ptII/ptolemy/actor/lib/test/auto/matrixType8.xml
1 ms. Memory: 1643008K Free: 521331K (32%)
----------------- Invoking toplevel() on ptolemy.moml.MoMLSimpleApplication@3fa1e8fd
----------------- Done invoking toplevel() on ptolemy.moml.MoMLSimpleApplication@3fa1e8fd
reloadAllAccessors: .matrixType8

===========================================================================================
----------------- testing Wed Dec 26 03:06:32 UTC 2018 /home/travis/build/icyphy/ptII/ptolemy/actor/lib/test/auto/matrixType9.xml
----------------- Instantiating /home/travis/build/icyphy/ptII/ptolemy/actor/lib/test/auto/matrixType9.xml
1 ms. Memory: 1643008K Free: 505966K (31%)
----------------- Invoking toplevel() on ptolemy.moml.MoMLSimpleApplication@20bd2fa5
----------------- Done invoking toplevel() on ptolemy.moml.MoMLSimpleApplication@20bd2fa5
reloadAllAccessors: .matrixType9

===========================================================================================
----------------- testing Wed Dec 26 03:06:32 UTC 2018 /home/travis/build/icyphy/ptII/ptolemy/actor/lib/test/auto/paraFunctest.xml
----------------- Instantiating /home/travis/build/icyphy/ptII/ptolemy/actor/lib/test/auto/paraFunctest.xml
1 ms. Memory: 1643008K Free: 486725K (30%)
----------------- Invoking toplevel() on ptolemy.moml.MoMLSimpleApplication@236598e1
----------------- Done invoking toplevel() on ptolemy.moml.MoMLSimpleApplication@236598e1
reloadAllAccessors: .paraFunctest

===========================================================================================
----------------- testing Wed Dec 26 03:06:32 UTC 2018 /home/travis/build/icyphy/ptII/ptolemy/actor/lib/test/auto/paraFunctest2.xml
----------------- Instantiating /home/travis/build/icyphy/ptII/ptolemy/actor/lib/test/auto/paraFunctest2.xml
1 ms. Memory: 1643008K Free: 467484K (28%)
----------------- Invoking toplevel() on ptolemy.moml.MoMLSimpleApplication@577a9936
----------------- Done invoking toplevel() on ptolemy.moml.MoMLSimpleApplication@577a9936
reloadAllAccessors: .paraFunctest2

===========================================================================================
----------------- testing Wed Dec 26 03:06:32 UTC 2018 /home/travis/build/icyphy/ptII/ptolemy/actor/lib/test/auto/parameterPassing.xml
----------------- Instantiating /home/travis/build/icyphy/ptII/ptolemy/actor/lib/test/auto/parameterPassing.xml
0 ms. Memory: 1643008K Free: 452119K (28%)
----------------- Invoking toplevel() on ptolemy.moml.MoMLSimpleApplication@1c03f022
----------------- Done invoking toplevel() on ptolemy.moml.MoMLSimpleApplication@1c03f022
reloadAllAccessors: .parameterPassing

===========================================================================================
----------------- testing Wed Dec 26 03:06:32 UTC 2018 /home/travis/build/icyphy/ptII/ptolemy/actor/lib/test/auto/record.xml
----------------- Instantiating /home/travis/build/icyphy/ptII/ptolemy/actor/lib/test/auto/record.xml
2 ms. Memory: 1643008K Free: 432878K (26%)
----------------- Invoking toplevel() on ptolemy.moml.MoMLSimpleApplication@7e200b23
----------------- Done invoking toplevel() on ptolemy.moml.MoMLSimpleApplication@7e200b23
reloadAllAccessors: .record

===========================================================================================
----------------- testing Wed Dec 26 03:06:32 UTC 2018 /home/travis/build/icyphy/ptII/ptolemy/actor/lib/test/auto/sizedarray1.xml
----------------- Instantiating /home/travis/build/icyphy/ptII/ptolemy/actor/lib/test/auto/sizedarray1.xml
1 ms. Memory: 1643008K Free: 413637K (25%)
----------------- Invoking toplevel() on ptolemy.moml.MoMLSimpleApplication@7de307f0
----------------- Done invoking toplevel() on ptolemy.moml.MoMLSimpleApplication@7de307f0
reloadAllAccessors: .sizedarray1

===========================================================================================
----------------- testing Wed Dec 26 03:06:32 UTC 2018 /home/travis/build/icyphy/ptII/ptolemy/actor/lib/test/auto/sizedarray2.xml
----------------- Instantiating /home/travis/build/icyphy/ptII/ptolemy/actor/lib/test/auto/sizedarray2.xml
2 ms. Memory: 1643008K Free: 398272K (24%)
----------------- Invoking toplevel() on ptolemy.moml.MoMLSimpleApplication@21f97f46
----------------- Done invoking toplevel() on ptolemy.moml.MoMLSimpleApplication@21f97f46
reloadAllAccessors: .sizedarray2

===========================================================================================
----------------- testing Wed Dec 26 03:06:32 UTC 2018 /home/travis/build/icyphy/ptII/ptolemy/actor/lib/test/auto/twoPublishers.xml
----------------- Instantiating /home/travis/build/icyphy/ptII/ptolemy/actor/lib/test/auto/twoPublishers.xml
4 ms. Memory: 1643008K Free: 371332K (23%)
----------------- Invoking toplevel() on ptolemy.moml.MoMLSimpleApplication@587acb2a
----------------- Done invoking toplevel() on ptolemy.moml.MoMLSimpleApplication@587acb2a
reloadAllAccessors: .twoPublishers
AutoTests.java: About to close Vertx.
AutoTests.java: Vertx closed.
]]></system-out>
  <system-err><![CDATA[java.lang.RuntimeException: Execution failed
	at ptolemy.moml.MoMLSimpleApplication$UnloadThread.run(MoMLSimpleApplication.java:402)
Caused by: java.lang.RuntimeException: Normally, we would exit here because Manager.exitAfterWrapup() was called.  However, because the ptolemy.ptII.exitAfterWrapup property is set, we throw this exception instead.
	at ptolemy.util.StringUtilities.exit(StringUtilities.java:363)
	at ptolemy.actor.Manager.wrapup(Manager.java:1531)
	at ptolemy.actor.Manager.execute(Manager.java:407)
	at ptolemy.actor.Manager.run(Manager.java:1263)
	at ptolemy.actor.Manager$PtolemyRunThread.run(Manager.java:1915)
Warning: '.top.test' is in training mode, set the trainingMode parameter to false before checking in
Warning: '.top.test' is in training mode, set the trainingMode parameter to false before checking in
Warning: '.top.test' is in training mode, set the trainingMode parameter to false before checking in
Warning: '.BooleanSwitch_RegressionTest_WrongTrainingValues.Test' is in training mode, set the trainingMode parameter to false before checking in
Warning: '.BooleanSwitch_RegressionTest_WrongTrainingValues.Test2' is in training mode, set the trainingMode parameter to false before checking in
Warning: '.BooleanSwitch_RegressionTest_WrongTrainingValues.Test2' The test produced 0 tokens.
Warning: '.top.testExceptionHandler' is in training mode, set the trainingMode parameter to false before checking in
java.lang.RuntimeException: Execution failed
	at ptolemy.moml.MoMLSimpleApplication$UnloadThread.run(MoMLSimpleApplication.java:402)
Caused by: ptolemy.kernel.util.IllegalActionException: PublisherPorts cannot be used at the top level, use a Publisher actor instead.
  in .PublisherPortToplevelSubscriber.PublisherPort
	at ptolemy.actor.PublisherPort.preinitialize(PublisherPort.java:403)
	at ptolemy.actor.CompositeActor.preinitialize(CompositeActor.java:1769)
	at ptolemy.actor.Manager.preinitializeAndResolveTypes(Manager.java:1040)
	at ptolemy.actor.Manager.initialize(Manager.java:710)
	at ptolemy.actor.Manager.execute(Manager.java:356)
	at ptolemy.actor.Manager.run(Manager.java:1263)
	at ptolemy.actor.Manager$PtolemyRunThread.run(Manager.java:1915)
java.lang.reflect.InvocationTargetException
	at sun.reflect.NativeConstructorAccessorImpl.newInstance0(Native Method)
	at sun.reflect.NativeConstructorAccessorImpl.newInstance(NativeConstructorAccessorImpl.java:62)
	at sun.reflect.DelegatingConstructorAccessorImpl.newInstance(DelegatingConstructorAccessorImpl.java:45)
	at java.lang.reflect.Constructor.newInstance(Constructor.java:423)
	at ptolemy.util.test.junit.AutoKnownFailedTests.RunModel(AutoKnownFailedTests.java:105)
	at sun.reflect.NativeMethodAccessorImpl.invoke0(Native Method)
	at sun.reflect.NativeMethodAccessorImpl.invoke(NativeMethodAccessorImpl.java:62)
	at sun.reflect.DelegatingMethodAccessorImpl.invoke(DelegatingMethodAccessorImpl.java:43)
	at java.lang.reflect.Method.invoke(Method.java:498)
	at org.junit.runners.model.FrameworkMethod$1.runReflectiveCall(FrameworkMethod.java:44)
	at org.junit.internal.runners.model.ReflectiveCallable.run(ReflectiveCallable.java:15)
	at org.junit.runners.model.FrameworkMethod.invokeExplosively(FrameworkMethod.java:41)
	at junitparams.internal.InvokeParameterisedMethod.evaluate(InvokeParameterisedMethod.java:102)
	at org.junit.internal.runners.statements.FailOnTimeout$1.run(FailOnTimeout.java:28)
Caused by: ptolemy.kernel.util.IllegalActionException: PublisherPorts cannot be used at the top level, use a Publisher actor instead.
  in .PublisherPortToplevelSubscriber.PublisherPort
	at ptolemy.actor.PublisherPort.preinitialize(PublisherPort.java:403)
	at ptolemy.actor.CompositeActor.preinitialize(CompositeActor.java:1769)
	at ptolemy.actor.Manager.preinitializeAndResolveTypes(Manager.java:1040)
	at ptolemy.actor.Manager.initialize(Manager.java:710)
	at ptolemy.actor.Manager.execute(Manager.java:356)
	at ptolemy.actor.Manager.run(Manager.java:1263)
	at ptolemy.actor.Manager$PtolemyRunThread.run(Manager.java:1915)
java.lang.RuntimeException: Execution failed
	at ptolemy.moml.MoMLSimpleApplication$UnloadThread.run(MoMLSimpleApplication.java:402)
Caused by: ptolemy.kernel.util.IllegalActionException: SubscriberPorts cannot be used at the top level, use a Subscriber actor instead.
  in .PublisherSubscriberPortToplevel.SubscriberPort
	at ptolemy.actor.SubscriberPort.preinitialize(SubscriberPort.java:328)
	at ptolemy.actor.CompositeActor.preinitialize(CompositeActor.java:1769)
	at ptolemy.actor.Manager.preinitializeAndResolveTypes(Manager.java:1040)
	at ptolemy.actor.Manager.initialize(Manager.java:710)
	at ptolemy.actor.Manager.execute(Manager.java:356)
	at ptolemy.actor.Manager.run(Manager.java:1263)
	at ptolemy.actor.Manager$PtolemyRunThread.run(Manager.java:1915)
java.lang.reflect.InvocationTargetException
	at sun.reflect.NativeConstructorAccessorImpl.newInstance0(Native Method)
	at sun.reflect.NativeConstructorAccessorImpl.newInstance(NativeConstructorAccessorImpl.java:62)
	at sun.reflect.DelegatingConstructorAccessorImpl.newInstance(DelegatingConstructorAccessorImpl.java:45)
	at java.lang.reflect.Constructor.newInstance(Constructor.java:423)
	at ptolemy.util.test.junit.AutoKnownFailedTests.RunModel(AutoKnownFailedTests.java:105)
	at sun.reflect.NativeMethodAccessorImpl.invoke0(Native Method)
	at sun.reflect.NativeMethodAccessorImpl.invoke(NativeMethodAccessorImpl.java:62)
	at sun.reflect.DelegatingMethodAccessorImpl.invoke(DelegatingMethodAccessorImpl.java:43)
	at java.lang.reflect.Method.invoke(Method.java:498)
	at org.junit.runners.model.FrameworkMethod$1.runReflectiveCall(FrameworkMethod.java:44)
	at org.junit.internal.runners.model.ReflectiveCallable.run(ReflectiveCallable.java:15)
	at org.junit.runners.model.FrameworkMethod.invokeExplosively(FrameworkMethod.java:41)
	at junitparams.internal.InvokeParameterisedMethod.evaluate(InvokeParameterisedMethod.java:102)
	at org.junit.internal.runners.statements.FailOnTimeout$1.run(FailOnTimeout.java:28)
Caused by: ptolemy.kernel.util.IllegalActionException: SubscriberPorts cannot be used at the top level, use a Subscriber actor instead.
  in .PublisherSubscriberPortToplevel.SubscriberPort
	at ptolemy.actor.SubscriberPort.preinitialize(SubscriberPort.java:328)
	at ptolemy.actor.CompositeActor.preinitialize(CompositeActor.java:1769)
	at ptolemy.actor.Manager.preinitializeAndResolveTypes(Manager.java:1040)
	at ptolemy.actor.Manager.initialize(Manager.java:710)
	at ptolemy.actor.Manager.execute(Manager.java:356)
	at ptolemy.actor.Manager.run(Manager.java:1263)
	at ptolemy.actor.Manager$PtolemyRunThread.run(Manager.java:1915)
java.lang.RuntimeException: Execution failed
	at ptolemy.moml.MoMLSimpleApplication$UnloadThread.run(MoMLSimpleApplication.java:402)
Caused by: ptolemy.kernel.util.IllegalActionException: SubscriptionAggregatorPorts cannot be used at the top level, use a SubscriptionAggregator actor instead.
  in .PublisherSubscriptionAggregatorPort.SubscriptionAggregatorPort
	at ptolemy.actor.SubscriptionAggregatorPort.preinitialize(SubscriptionAggregatorPort.java:353)
	at ptolemy.actor.CompositeActor.preinitialize(CompositeActor.java:1769)
	at ptolemy.actor.Manager.preinitializeAndResolveTypes(Manager.java:1040)
	at ptolemy.actor.Manager.initialize(Manager.java:710)
	at ptolemy.actor.Manager.execute(Manager.java:356)
	at ptolemy.actor.Manager.run(Manager.java:1263)
	at ptolemy.actor.Manager$PtolemyRunThread.run(Manager.java:1915)
java.lang.reflect.InvocationTargetException
	at sun.reflect.NativeConstructorAccessorImpl.newInstance0(Native Method)
	at sun.reflect.NativeConstructorAccessorImpl.newInstance(NativeConstructorAccessorImpl.java:62)
	at sun.reflect.DelegatingConstructorAccessorImpl.newInstance(DelegatingConstructorAccessorImpl.java:45)
	at java.lang.reflect.Constructor.newInstance(Constructor.java:423)
	at ptolemy.util.test.junit.AutoKnownFailedTests.RunModel(AutoKnownFailedTests.java:105)
	at sun.reflect.NativeMethodAccessorImpl.invoke0(Native Method)
	at sun.reflect.NativeMethodAccessorImpl.invoke(NativeMethodAccessorImpl.java:62)
	at sun.reflect.DelegatingMethodAccessorImpl.invoke(DelegatingMethodAccessorImpl.java:43)
	at java.lang.reflect.Method.invoke(Method.java:498)
	at org.junit.runners.model.FrameworkMethod$1.runReflectiveCall(FrameworkMethod.java:44)
	at org.junit.internal.runners.model.ReflectiveCallable.run(ReflectiveCallable.java:15)
	at org.junit.runners.model.FrameworkMethod.invokeExplosively(FrameworkMethod.java:41)
	at junitparams.internal.InvokeParameterisedMethod.evaluate(InvokeParameterisedMethod.java:102)
	at org.junit.internal.runners.statements.FailOnTimeout$1.run(FailOnTimeout.java:28)
Caused by: ptolemy.kernel.util.IllegalActionException: SubscriptionAggregatorPorts cannot be used at the top level, use a SubscriptionAggregator actor instead.
  in .PublisherSubscriptionAggregatorPort.SubscriptionAggregatorPort
	at ptolemy.actor.SubscriptionAggregatorPort.preinitialize(SubscriptionAggregatorPort.java:353)
	at ptolemy.actor.CompositeActor.preinitialize(CompositeActor.java:1769)
	at ptolemy.actor.Manager.preinitializeAndResolveTypes(Manager.java:1040)
	at ptolemy.actor.Manager.initialize(Manager.java:710)
	at ptolemy.actor.Manager.execute(Manager.java:356)
	at ptolemy.actor.Manager.run(Manager.java:1263)
	at ptolemy.actor.Manager$PtolemyRunThread.run(Manager.java:1915)
java.lang.RuntimeException: Execution failed
	at ptolemy.moml.MoMLSimpleApplication$UnloadThread.run(MoMLSimpleApplication.java:402)
Caused by: ptolemy.kernel.util.IllegalActionException: TypeTest actor has no training data.
  in .sizedarray3.TypeTest
	at ptolemy.actor.lib.TypeTest.initialize(TypeTest.java:250)
	at ptolemy.actor.Director.initialize(Director.java:938)
	at ptolemy.actor.Director.initialize(Director.java:907)
	at ptolemy.actor.sched.StaticSchedulingDirector.initialize(StaticSchedulingDirector.java:159)
	at ptolemy.domains.sdf.kernel.SDFDirector.initialize(SDFDirector.java:544)
	at ptolemy.actor.CompositeActor.initialize(CompositeActor.java:935)
	at ptolemy.actor.Manager.initialize(Manager.java:724)
	at ptolemy.actor.Manager.execute(Manager.java:356)
	at ptolemy.actor.Manager.run(Manager.java:1263)
	at ptolemy.actor.Manager$PtolemyRunThread.run(Manager.java:1915)
java.lang.reflect.InvocationTargetException
	at sun.reflect.NativeConstructorAccessorImpl.newInstance0(Native Method)
	at sun.reflect.NativeConstructorAccessorImpl.newInstance(NativeConstructorAccessorImpl.java:62)
	at sun.reflect.DelegatingConstructorAccessorImpl.newInstance(DelegatingConstructorAccessorImpl.java:45)
	at java.lang.reflect.Constructor.newInstance(Constructor.java:423)
	at ptolemy.util.test.junit.AutoKnownFailedTests.RunModel(AutoKnownFailedTests.java:105)
	at sun.reflect.NativeMethodAccessorImpl.invoke0(Native Method)
	at sun.reflect.NativeMethodAccessorImpl.invoke(NativeMethodAccessorImpl.java:62)
	at sun.reflect.DelegatingMethodAccessorImpl.invoke(DelegatingMethodAccessorImpl.java:43)
	at java.lang.reflect.Method.invoke(Method.java:498)
	at org.junit.runners.model.FrameworkMethod$1.runReflectiveCall(FrameworkMethod.java:44)
	at org.junit.internal.runners.model.ReflectiveCallable.run(ReflectiveCallable.java:15)
	at org.junit.runners.model.FrameworkMethod.invokeExplosively(FrameworkMethod.java:41)
	at junitparams.internal.InvokeParameterisedMethod.evaluate(InvokeParameterisedMethod.java:102)
	at org.junit.internal.runners.statements.FailOnTimeout$1.run(FailOnTimeout.java:28)
Caused by: ptolemy.kernel.util.IllegalActionException: TypeTest actor has no training data.
  in .sizedarray3.TypeTest
	at ptolemy.actor.lib.TypeTest.initialize(TypeTest.java:250)
	at ptolemy.actor.Director.initialize(Director.java:938)
	at ptolemy.actor.Director.initialize(Director.java:907)
	at ptolemy.actor.sched.StaticSchedulingDirector.initialize(StaticSchedulingDirector.java:159)
	at ptolemy.domains.sdf.kernel.SDFDirector.initialize(SDFDirector.java:544)
	at ptolemy.actor.CompositeActor.initialize(CompositeActor.java:935)
	at ptolemy.actor.Manager.initialize(Manager.java:724)
	at ptolemy.actor.Manager.execute(Manager.java:356)
	at ptolemy.actor.Manager.run(Manager.java:1263)
	at ptolemy.actor.Manager$PtolemyRunThread.run(Manager.java:1915)
]]></system-err>
</testsuite>
