<?xml version="1.0" encoding="UTF-8" ?>
<testsuite errors="0" failures="1" hostname="travis-job-02d5b5d3-c2db-4349-b4a5-4bef6966e326" name="ptolemy.actor.lib.test.junit.JUnitTclTest" skipped="0" tests="517" time="64.779" timestamp="2019-07-20T00:27:20">
  <properties>
    <property name="npm.executable" value="npm" />
    <property name="env.TRAVIS_ROOT" value="/" />
    <property name="ptII.mk.exists" value="true" />
    <property name="env.TRAVIS_APP_HOST" value="build.travis-ci.org" />
    <property name="env.rvm_bin_path" value="/home/travis/.rvm/bin" />
    <property name="java.home" value="/usr/local/lib/jvm/openjdk11" />
    <property name="env.TRAVIS_JOB_NUMBER" value="1258.8" />
    <property name="env.TRAVIS_HOME" value="/home/travis" />
    <property name="env.DISPLAY" value=":99.0" />
    <property name="env.TRAVIS_INIT" value="systemd" />
    <property name="env.SSH_TTY" value="/dev/pts/0" />
    <property name="java.net.preferIPv4Stack" value="true" />
    <property name="env.RUN_TESTS" value="true" />
    <property name="timeout.short" value="1000000" />
    <property name="junit.formatter" value="xml" />
    <property name="env.TRAVIS_SUDO" value="true" />
    <property name="env.TRAVIS_JOB_NAME" value="" />
    <property name="env.TRAVIS_STACK_NODE_ATTRIBUTES" value="/.node-attributes.yml" />
    <property name="env.LOGNAME" value="travis" />
    <property name="env.PT_TRAVIS_TEST_CORE1_XML" value="true" />
    <property name="jsdoc.home" value="node_modules/@terraswarm/jsdoc" />
    <property name="debuglevel" value="source,lines,vars" />
    <property name="checkstyle.formatter" value="xml" />
    <property name="env._system_version" value="16.04" />
    <property name="bin.vergil.makeable" value="true" />
    <property name="sun.os.patch.level" value="unknown" />
    <property name="java.vendor.url" value="http://java.oracle.com/" />
    <property name="env.TRAVIS_BUILD_WEB_URL" value="https://travis-ci.org/icyphy/ptII/builds/561262717" />
    <property name="java.version" value="11.0.2" />
    <property name="env.TZ" value="UTC" />
    <property name="env.TRAVIS_PULL_REQUEST_SHA" value="" />
    <property name="env.PT_NO_NET" value="true" />
    <property name="env.TRAVIS_SECURE_ENV_VARS" value="true" />
    <property name="env._system_type" value="Linux" />
    <property name="java.vendor.url.bug" value="http://bugreport.java.com/bugreport/" />
    <property name="npmjs-org-is-up" value="true" />
    <property name="env.LANGUAGE" value="en_US.UTF-8" />
    <property name="env.SSH_CLIENT" value="10.10.16.166 59208 22" />
    <property name="env.GEM_HOME" value="/home/travis/.rvm/gems/ruby-2.5.3" />
    <property name="env.HAS_ANTARES_THREE_LITTLE_FRONZIES_BADGE" value="true" />
    <property name="java.version.date" value="2019-01-15" />
    <property name="env.PS4" value="+" />
    <property name="ant.project.invoked-targets" value="build,test.core1.xml" />
    <property name="env.TRAVIS_PULL_REQUEST_BRANCH" value="" />
    <property name="env.TRAVIS_REPO_SLUG" value="icyphy/ptII" />
    <property name="env.XDG_DATA_DIRS" value="/usr/local/share:/usr/share:/var/lib/snapd/desktop" />
    <property name="jdk.debug" value="release" />
    <property name="env.TRAVIS_APT_PROXY" value="http://apt.cache.travis-ci.com" />
    <property name="node.in.path" value="true" />
    <property name="user.name" value="travis" />
    <property name="java.maxmemory" value="1400m" />
    <property name="env.RUBY_VERSION" value="ruby-2.5.3" />
    <property name="env.LANG" value="en_US.UTF-8" />
    <property name="sun.io.unicode.encoding" value="UnicodeLittle" />
    <property name="sun.jnu.encoding" value="UTF-8" />
    <property name="java.runtime.name" value="OpenJDK Runtime Environment" />
    <property name="usefile" value="false" />
    <property name="return.code" value="0" />
    <property name="junit.single.formatter" value="plain" />
    <property name="env.DYLD_LIBRARY_PATH" value="/home/travis/pthla/certi-tools/lib:" />
    <property name="env.DEBIAN_FRONTEND" value="noninteractive" />
    <property name="env.SSH_CONNECTION" value="10.10.16.166 59208 10.20.0.228 22" />
    <property name="env.MYSQL_UNIX_PORT" value="/var/run/mysqld/mysqld.sock" />
    <property name="env.LC_ALL" value="en_US.UTF-8" />
    <property name="env.TRAVIS_ALLOW_FAILURE" value="false" />
    <property name="env.TRAVIS_JOB_WEB_URL" value="https://travis-ci.org/icyphy/ptII/jobs/561262725" />
    <property name="java.specification.name" value="Java Platform API Specification" />
    <property name="node.works" value="true" />
    <property name="user.timezone" value="" />
    <property name="path.separator" value=":" />
    <property name="env.TRAVIS_ENABLE_INFRA_DETECTION" value="true" />
    <property name="env.PYTHON_CFLAGS" value="-g -fstack-protector --param=ssp-buffer-size=4 -Wformat -Werror=format-security" />
    <property name="timeout.long" value="4000000" />
    <property name="env.CERTI_HOME" value="/home/travis/pthla/certi-tools" />
    <property name="ant.file.ptII" value="/home/travis/build/icyphy/ptII/build.xml" />
    <property name="javadoc.packagenames" value="com.*,diva.*,lbnl.*,org.hlacerti.*,org.json.*,org.ptolemy.*,org.terraswarm.*,ptolemy.*,ptserver.*" />
    <property name="file.encoding" value="UTF-8" />
    <property name="env.TRAVIS_PULL_REQUEST_SLUG" value="" />
    <property name="ant.project.default-target" value="build" />
    <property name="env.GIT_ASKPASS" value="echo" />
    <property name="env.HOME" value="/home/travis" />
    <property name="sun.java.command" value="org.apache.tools.ant.taskdefs.optional.junit.JUnitTestRunner ptolemy.actor.lib.test.junit.JUnitTclTest skipNonTests=false filtertrace=true haltOnError=false haltOnFailure=false formatter=org.apache.tools.ant.taskdefs.optional.junit.OutErrSummaryJUnitResultFormatter showoutput=true outputtoformatters=true logfailedtests=true threadid=0 logtestlistenerevents=false formatter=org.apache.tools.ant.taskdefs.optional.junit.XMLJUnitResultFormatter,/home/travis/build/icyphy/ptII/reports/junit/TEST-ptolemy.actor.lib.test.junit.JUnitTclTest.xml crashfile=/home/travis/build/icyphy/ptII/junitvmwatcher3022430745401917379.properties propsfile=/home/travis/build/icyphy/ptII/junit8704347933703462210.properties" />
    <property name="env.COMPOSER_NO_INTERACTION" value="1" />
    <property name="env.MANPATH" value="/home/travis/.nvm/versions/node/v7.10.1/share/man:/home/travis/.rvm/rubies/ruby-2.5.3/share/man:/usr/local/cmake-3.12.4/man:/usr/local/clang-7.0.0/share/man:/usr/local/man:/usr/local/share/man:/usr/share/man:/home/travis/.rvm/man" />
    <property name="env.TRAVIS_TIMER_ID" value="34fdb860" />
    <property name="ant.file" value="/home/travis/build/icyphy/ptII/build.xml" />
    <property name="env.TRAVIS_COMMIT_RANGE" value="dad22e24cfbd...b39579b856d1" />
    <property name="env._system_name" value="Ubuntu" />
    <property name="ptII.classpath.optional.property" value="/home/travis/build/icyphy/ptII/lib/bsh-2.0b4.jar:/home/travis/build/icyphy/ptII/lib/ptCal.jar:/home/travis/build/icyphy/ptII/lib/java_cup.jar:/home/travis/build/icyphy/ptII/lib/saxon8.jar:/home/travis/build/icyphy/ptII/lib/saxon8-dom.jar:/home/travis/build/icyphy/ptII/lib/chic.jar:/home/travis/build/icyphy/ptII/lib/ptcolt.jar:/home/travis/build/icyphy/ptII/vendors/misc/itext/iText.jar:/home/travis/build/icyphy/ptII/lib/g4ltl.jar:/home/travis/build/icyphy/ptII/lib/StructuralCoder.jar:/home/travis/build/icyphy/ptII/lib/jcerti.jar:/home/travis/build/icyphy/ptII/lib/javax.mail.jar:/home/travis/build/icyphy/ptII/vendors/JMF-2.1.1e/lib/jmf.jar:/home/travis/build/icyphy/ptII/lib/jna-4.0.0-variadic.jar:/home/travis/build/icyphy/ptII/vendors/misc/joystick/Joystick.jar:/home/travis/build/icyphy/ptII/lib/ptjacl.jar:/home/travis/build/icyphy/ptII/lib/jsoup-1.8.2.jar:/home/travis/build/icyphy/ptII/lib/junit-4.8.2.jar:/home/travis/build/icyphy/ptII/lib/JUnitParams-0.4.0.jar:/home/travis/build/icyphy/ptII/ptolemy/actor/lib/excel/jxl.jar:/home/travis/build/icyphy/ptII/lib/jython.jar:/home/travis/build/icyphy/ptII/lib/kieler.jar:/home/travis/build/icyphy/ptII/vendors/opencv/share/OpenCV/java/opencv-341.jar:/home/travis/build/icyphy/ptII/lib/oscP5.jar:/home/travis/build/icyphy/ptII/lib/nrjavaserial-3.11.0.devel.jar:/home/travis/build/icyphy/ptII/vendors/j3d/lib/Linux/j3dcore.jar:/home/travis/build/icyphy/ptII/vendors/j3d/lib/Linux/j3dutils.jar:/home/travis/build/icyphy/ptII/vendors/j3d/lib/Linux/vecmath.jar:/home/travis/build/icyphy/ptII/vendors/jogl/lib/Linux/gluegen-rt-natives-linux-amd64.jar:/home/travis/build/icyphy/ptII/vendors/jogl/lib/Linux/gluegen-rt.jar:/home/travis/build/icyphy/ptII/vendors/jogl/lib/Linux/jogl-all-natives-linux-amd64.jar:/home/travis/build/icyphy/ptII/vendors/jogl/lib/Linux/jogl-all.jar:/home/travis/build/icyphy/ptII/ptolemy/distributed/jini/jar/jini-core.jar:/home/travis/build/icyphy/ptII/ptolemy/distributed/jini/jar/jini-ext.jar:/home/travis/build/icyphy/ptII/ptolemy/distributed/jini/jar/sun-util.jar:/home/travis/build/icyphy/ptII/lib/protobuf-java-2.4.1.jar:/home/travis/build/icyphy/ptII/lib/org.eclipse.paho.client.mqttv3.jar:/home/travis/build/icyphy/ptII/lib/mapss.jar:/home/travis/build/icyphy/ptII/ptolemy/actor/ptalon/antlr/antlr.jar:/home/travis/build/icyphy/ptII/lib/JRI.jar:/home/travis/build/icyphy/ptII/lib/commons-lang-2.6.jar:/home/travis/build/icyphy/ptII/lib/commons-logging-1.1.1.jar:/home/travis/build/icyphy/ptII/lib/sootclasses.jar:/home/travis/build/icyphy/ptII/ptolemy/actor/lib/database/mysql-connector-java-5.1.6-bin.jar:/home/travis/build/icyphy/ptII/vendors/misc/sphinx4/sphinx4-data-5prealpha.jar:/home/travis/build/icyphy/ptII/vendors/misc/sphinx4/sphinx4-core-5prealpha.jar:/home/travis/build/icyphy/ptII/lib/PDFRenderer.jar:/home/travis/build/icyphy/ptII/lib/svgSalamander.jar:/home/travis/build/icyphy/ptII/lib/rsyntaxtextarea-2.6.0-SNAPSHOT.jar:/home/travis/build/icyphy/ptII/lib/hazelcast-3.8.2.jar:/home/travis/build/icyphy/ptII/lib/jackson-annotations-2.9.0.jar:/home/travis/build/icyphy/ptII/lib/jackson-core-2.9.3.jar:/home/travis/build/icyphy/ptII/lib/jackson-databind-2.9.3.jar:/home/travis/build/icyphy/ptII/lib/netty-buffer-4.1.19.Final.jar:/home/travis/build/icyphy/ptII/lib/netty-codec-4.1.19.Final.jar:/home/travis/build/icyphy/ptII/lib/netty-codec-dns-4.1.19.Final.jar:/home/travis/build/icyphy/ptII/lib/netty-codec-http-4.1.19.Final.jar:/home/travis/build/icyphy/ptII/lib/netty-codec-http2-4.1.19.Final.jar:/home/travis/build/icyphy/ptII/lib/netty-common-4.1.19.Final.jar:/home/travis/build/icyphy/ptII/lib/netty-handler-4.1.19.Final.jar:/home/travis/build/icyphy/ptII/lib/netty-resolver-4.1.19.Final.jar:/home/travis/build/icyphy/ptII/lib/netty-resolver-dns-4.1.19.Final.jar:/home/travis/build/icyphy/ptII/lib/netty-transport-4.1.19.Final.jar:/home/travis/build/icyphy/ptII/lib/vertx-codegen-3.5.1.jar:/home/travis/build/icyphy/ptII/lib/vertx-core-3.5.2-SNAPSHOT.jar:/home/travis/build/icyphy/ptII/lib/vertx-hazelcast-3.5.1.jar:/home/travis/build/icyphy/ptII/lib/vertx-lang-js-3.5.1.jar:/home/travis/build/icyphy/ptII/lib/vertx-service-proxy-3.5.1.jar:/home/travis/build/icyphy/ptII/lib/vertx-web-3.5.1.jar:/home/travis/build/icyphy/ptII/lib/slf4j-api-1.7.13.jar:/home/travis/build/icyphy/ptII/lib/slf4j-simple-1.7.13.jar:/home/travis/build/icyphy/ptII/lib/webcam-capture-0.3.12.jar:/home/travis/build/icyphy/ptII/lib/bridj-0.7.0.jar:/home/travis/build/icyphy/ptII/lib/xbjlib-1.1.0.nrjavaserial.jar" />
    <property name="timeout" value="2400000" />
    <property name="test.batch" value="**/junit/*.java" />
    <property name="env._" value="/usr/bin/timeout" />
    <property name="java.io.tmpdir" value="/tmp" />
    <property name="user.language" value="en" />
    <property name="env.TRAVIS_INTERNAL_RUBY_REGEX" value="^ruby-(2\.[0-4]\.[0-9]|1\.9\.3)" />
    <property name="env.HISTCONTROL" value="ignoredups:ignorespace" />
    <property name="env.GOROOT" value="/home/travis/.gimme/versions/go1.11.1.linux.amd64" />
    <property name="line.separator" value="&#xa;" />
    <property name="target" value="11" />
    <property name="env.TRAVIS_BUILD_DIR" value="/home/travis/build/icyphy/ptII" />
    <property name="env.ANT_OPTS" value="-Xmx2048m" />
    <property name="ant.file.type" value="file" />
    <property name="ptolemy.ptII.batchMode" value="true" />
    <property name="env.HISTSIZE" value="1000" />
    <property name="env.MERB_ENV" value="test" />
    <property name="java.vm.info" value="mixed mode" />
    <property name="source" value="11" />
    <property name="java.vm.specification.name" value="Java Virtual Machine Specification" />
    <property name="env.TRAVIS_TEST_RESULT" value="0" />
    <property name="jsdoc.command" value="node_modules/@terraswarm/jsdoc/jsdoc.js" />
    <property name="npm.works" value="true" />
    <property name="cobertura.dir" value="/home/travis/build/icyphy/ptII/vendors/cobertura-2.0.3" />
    <property name="jsdoc.command.exists" value="true" />
    <property name="env.rvm_path" value="/home/travis/.rvm" />
    <property name="env.GEM_PATH" value="/home/travis/.rvm/gems/ruby-2.5.3:/home/travis/.rvm/gems/ruby-2.5.3@global" />
    <property name="env.LC_CTYPE" value="en_US.UTF-8" />
    <property name="env.TRAVIS_CMD" value="$PTII/bin/ptIITravisBuild.sh $SECONDS" />
    <property name="java.awt.printerjob" value="sun.print.PSPrinterJob" />
    <property name="env.TRAVIS_STACK_NAME" value="sardonyx" />
    <property name="env.TRAVIS_TIMER_START_TIME" value="1563581740678950716" />
    <property name="ant.version" value="Apache Ant(TM) version 1.10.1 compiled on February 2 2017" />
    <property name="ptII.reports" value="/home/travis/build/icyphy/ptII/reports" />
    <property name="env.TRAVIS_STACK_TIMESTAMP" value="2019-03-25 16:16:56 UTC" />
    <property name="ant.file.type.ptII" value="file" />
    <property name="env.RBENV_SHELL" value="bash" />
    <property name="os.name" value="Linux" />
    <property name="java.specification.vendor" value="Oracle Corporation" />
    <property name="env.rvm_version" value="1.29.7 (latest)" />
    <property name="env.TRAVIS_INFRA" value="unknown" />
    <property name="env.TERM" value="xterm" />
    <property name="java.vm.name" value="OpenJDK 64-Bit Server VM" />
    <property name="env.TRAVIS_BUILD_NUMBER" value="1258" />
    <property name="env.CI" value="true" />
    <property name="java.library.path" value="/home/travis/pthla/certi-tools/lib:/usr/lib/jni:/usr/local/share/OpenCV/java/:/usr/share/OpenCV/java::/usr/java/packages/lib:/usr/lib64:/lib64:/lib:/usr/lib" />
    <property name="jdk.module.path" value="/home/travis/build/icyphy/ptII/vendors/javafx/javafx-sdk-11.0.2/lib:" />
    <property name="env.rvm_prefix" value="/home/travis" />
    <property name="env.PATH" value="/home/travis/pthla/certi-tools/share/scripts:/home/travis/.rvm/gems/ruby-2.5.3/bin:/home/travis/.rvm/gems/ruby-2.5.3@global/bin:/home/travis/.rvm/rubies/ruby-2.5.3/bin:/home/travis/.rvm/bin:/home/travis/.nvm/versions/node/v7.10.1/bin:./node_modules/.bin:/home/travis/build/icyphy/ptII/bin:/home/travis/pthla/certi-tools/bin:/home/travis/bin:/home/travis/.local/bin:/usr/local/lib/jvm/openjdk11/bin:/opt/pyenv/shims:/home/travis/.phpenv/shims:/home/travis/perl5/perlbrew/bin:/home/travis/gopath/bin:/home/travis/.gimme/versions/go1.11.1.linux.amd64/bin:/usr/local/maven-3.6.0/bin:/usr/local/cmake-3.12.4/bin:/usr/local/clang-7.0.0/bin:/usr/local/sbin:/usr/local/bin:/usr/sbin:/usr/bin:/sbin:/bin:/snap/bin:/home/travis/.phpenv/bin:/opt/pyenv/bin:/home/travis/.yarn/bin" />
    <property name="env.TRAVIS_OS_NAME" value="linux" />
    <property name="ant.java.version" value="9" />
    <property name="basedir" value="/home/travis/build/icyphy/ptII" />
    <property name="java.class.version" value="55.0" />
    <property name="env.SHLVL" value="3" />
    <property name="env.LD_LIBRARY_PATH" value="/home/travis/pthla/certi-tools/lib:/usr/lib/jni:/usr/local/share/OpenCV/java/:/usr/share/OpenCV/java:" />
    <property name="env.RACK_ENV" value="test" />
    <property name="ant.home" value="/home/travis/build/icyphy/ptII/ant" />
    <property name="env.NVM_DIR" value="/home/travis/.nvm" />
    <property name="env.CERTI_FOM_PATH" value="/home/travis/pthla/certi-tools/share/federations" />
    <property name="env.TRAVIS_BUILD_ID" value="561262717" />
    <property name="env.PYENV_ROOT" value="/opt/pyenv" />
    <property name="env.TRAVIS_UID" value="2000" />
    <property name="prism.verbose" value="true" />
    <property name="env.NVM_BIN" value="/home/travis/.nvm/versions/node/v7.10.1/bin" />
    <property name="env.TRAVIS_COMMIT" value="b39579b856d145b663c45abbda85580137388658" />
    <property name="env._system_arch" value="x86_64" />
    <property name="node.executable" value="node" />
    <property name="sun.boot.library.path" value="/usr/local/lib/jvm/openjdk11/lib" />
    <property name="sun.management.compiler" value="HotSpot 64-Bit Tiered Compilers" />
    <property name="java.awt.graphicsenv" value="sun.awt.X11GraphicsEnvironment" />
    <property name="env.GOPATH" value="/home/travis/gopath" />
    <property name="ptolemy.ptII.dir" value="/home/travis/build/icyphy/ptII" />
    <property name="env.USER" value="travis" />
    <property name="env.HISTFILESIZE" value="2000" />
    <property name="timeout.longest" value="19000000" />
    <property name="env.PERLBREW_SHELLRC_VERSION" value="0.86" />
    <property name="env.TRAVIS_STACK_FEATURES" value="basic couchdb disabled-ipv6 docker docker-compose elasticsearch firefox go-toolchain google-chrome jdk memcached mongodb mysql nodejs_interpreter perl_interpreter perlbrew phantomjs postgresql python_interpreter redis ruby_interpreter sqlite xserver" />
    <property name="env.TRAVIS_PULL_REQUEST" value="false" />
    <property name="env.PYENV_SHELL" value="bash" />
    <property name="ant.project.name" value="ptII" />
    <property name="env.ANSI_RESET" value="\033[0m" />
    <property name="java.vm.specification.version" value="11" />
    <property name="env.TRAVIS_DIST" value="xenial" />
    <property name="env.CERTI_VERSION" value="4.0.0" />
    <property name="env.CERTI_HOST" value="localhost" />
    <property name="awt.toolkit" value="sun.awt.X11.XToolkit" />
    <property name="env.MY_RUBY_HOME" value="/home/travis/.rvm/rubies/ruby-2.5.3" />
    <property name="sun.cpu.isalist" value="" />
    <property name="env.TRAVIS_TMPDIR" value="/tmp/tmp.DKR72vqQiz" />
    <property name="java.vm.compressedOopsMode" value="Zero based" />
    <property name="os.version" value="4.15.0-1028-gcp" />
    <property name="user.home" value="/home/travis" />
    <property name="java.vm.vendor" value="Oracle Corporation" />
    <property name="env.TRAVIS_TAG" value="nightly" />
    <property name="env.ANSI_YELLOW" value="\033[33;1m" />
    <property name="env.TRAVIS_FILTERED" value="redirect_io" />
    <property name="env.ANSI_GREEN" value="\033[32;1m" />
    <property name="env.JAVA_HOME" value="/usr/local/lib/jvm/openjdk11" />
    <property name="javadoc.excludepackagenames" value="adm.cvs2svn.*,build.*,config.*,doc.coding.templates.*,jni.test.jni.meaningOfLife.*,jni.test.jni.testDeux.*,jni.test.jni.testTrois.*,org.terraswarm.accessor.accessors.web.node_modules.*,org.terraswarm.accessor.accessors.web.hosts.cordova.demo.*,org.terraswarm.accessor.accessors.web.hosts.cordova.plugins.*,org.terraswarm.accessor.accessors-svn.*,pt-modules.*,ptolemy.apps.agilent.*,ptolemy.apps.anytimecontrol.*,ptolemy.apps.apes.*,ptolemy.apps.charon.*,ptolemy.apps.crazyboard.*,ptolemy.apps.eclipse.*,ptolemy.apps.etherealSting.*,ptolemy.apps.fullscreen.*,ptolemy.apps.giotto.*,ptolemy.apps.ia.*,ptolemy.apps.interfaces.*,ptolemy.apps.jmf.*,ptolemy.apps.kurt.*,ptolemy.apps.kvm.*,ptolemy.apps.lego.*,ptolemy.apps.lejos.*,ptolemy.apps.midp.*,ptolemy.apps.mobileCoding.*,ptolemy.apps.pendulum.*,ptolemy.apps.rijndael.*,ptolemy.apps.robot.*,ptolemy.apps.security.*,ptolemy.apps.sobel.*,ptolemy.apps.soot.*,ptolemy.apps.throttle.*,ptolemy.apps.tini.*,ptolemy.apps.transmission.*,ptolemy.apps.vergil.*,ptolemy.apps.waba.*,ptolemy.apps.websensor.*,ptolemy.apps.webstart.*,ptolemy.apps.xsl.*,ptolemy.apps.zaurus.*,ptolemy.codegen.c.actor.lib.oldJavaFiles.*,ptolemy.codegen.dsp.lib.*,ptolemy.codegen.kernel.newInterfaces.*,ptolemy.codegen.lib.*,ptolemy.copernicus.kernel.fragment.*,ptolemy.copernicus.shallow.cg.*,ptolemy.domains.giotto.demo.Hierarchy.Hierarchy.*,ptolemy.domains.giotto.demo.Multimode.Multimode.*,ptolemy.domains.giotto.demo.Simple.Simple.*,ptolemy.domains.gr.lib.experimental.*,ptolemy.domains.gro.*,ptolemy.domains.pdf.*,ptolemy.domains.ptinyos.demo.Surge.output.*,ptolemy.moml.test.NoPackageActor.java*,ptolemy.plot.adm.*,ptolemy.plot.servlet.*,reports.*,signed.*,src.*,target.*,vendors.*,ptolemy.copernicus.applet.*,ptolemy.media.viewer.*,ptolemy.actor.corba.*,doc.doclets.*,ptolemy.apps.eclipse.awt.*,ptolemy.backtrack.*,ptolemy.backtrack.ast.*,ptolemy.cg.adapter.generic.program.procedural.c.mbed*,ptolemy.homer.*,ptolemy.actor.lib.jai.*,org.ptolemy.scala.*,diva.util.java2d.svg.*,ptolemy.domains.ptinyos.*,ptolemy.actor.lib.fmi.fmipp.*,,org.terraswarm.accessor.accessors.web.node_modules.*,org.terraswarm.accessor.accessors-svn,ptolemy.apps.*,ptolemy.actor.ptalon.demo.ptinyos.SendAndReceiveCnt.output,ptolemy.actor.ptalon.demo.ptinyos.SenseToLeds.output,ptolemy.domains.ptinyos.demo.CntToLedsAndRfm.output,ptolemy.domains.ptinyos.demo.RfmToLeds.output,ptolemy.domains.ptinyos.demo.SendAndReceiveCnt.output,ptolemy.domains.ptinyos.demo.SenseToLeds.output,ptolemy.actor.lib.jjs.modules.udpSocket.*" />
    <property name="env.PTII" value="/home/travis/build/icyphy/ptII" />
    <property name="env.XDG_SESSION_ID" value="2" />
    <property name="keystore" value="ptKeystore" />
    <property name="env.TRAVIS_COMMIT_MESSAGE" value="Removed TextString3D because it fails under JDK12 and Linux, but not under JDK12 and Darwin.  See https://wiki.eecs.berkeley.edu/ptexternal/Main/Java3D#TriangleArray.3A_illegal_vertexCount" />
    <property name="junit.output.dir" value="/home/travis/build/icyphy/ptII/reports/junit" />
    <property name="npm.return.code" value="0" />
    <property name="user.dir" value="/home/travis/build/icyphy/ptII/ptolemy/actor/lib/test" />
    <property name="env.TRAVIS_NODE_VERSION" value="7" />
    <property name="env.TRAVIS_EVENT_TYPE" value="push" />
    <property name="env.MAIL" value="/var/mail/travis" />
    <property name="env.PERLBREW_ROOT" value="/home/travis/perl5/perlbrew" />
    <property name="env.PWD" value="/home/travis/build/icyphy/ptII" />
    <property name="timeout.npm" value="45000" />
    <property name="env.TRAVIS_ARCH" value="amd64" />
    <property name="sun.cpu.endian" value="little" />
    <property name="env.PAGER" value="cat" />
    <property name="env.TRAVIS_BUILD_STAGE_NAME" value="Test" />
    <property name="env.PERLBREW_HOME" value="/home/travis/.perlbrew" />
    <property name="java.vm.version" value="11.0.2+9" />
    <property name="env.RAILS_ENV" value="test" />
    <property name="java.class.path" value="/home/travis/.ptolemyII:/home/travis/.ptolemyII/*:/home/travis/build/icyphy/ptII:/home/travis/build/icyphy/ptII/lib/bsh-2.0b4.jar:/home/travis/build/icyphy/ptII/lib/ptCal.jar:/home/travis/build/icyphy/ptII/lib/java_cup.jar:/home/travis/build/icyphy/ptII/lib/saxon8.jar:/home/travis/build/icyphy/ptII/lib/saxon8-dom.jar:/home/travis/build/icyphy/ptII/lib/chic.jar:/home/travis/build/icyphy/ptII/lib/ptcolt.jar:/home/travis/build/icyphy/ptII/vendors/misc/itext/iText.jar:/home/travis/build/icyphy/ptII/lib/g4ltl.jar:/home/travis/build/icyphy/ptII/lib/StructuralCoder.jar:/home/travis/build/icyphy/ptII/lib/jcerti.jar:/home/travis/build/icyphy/ptII/lib/javax.mail.jar:/home/travis/build/icyphy/ptII/vendors/JMF-2.1.1e/lib/jmf.jar:/home/travis/build/icyphy/ptII/lib/jna-4.0.0-variadic.jar:/home/travis/build/icyphy/ptII/vendors/misc/joystick/Joystick.jar:/home/travis/build/icyphy/ptII/lib/ptjacl.jar:/home/travis/build/icyphy/ptII/lib/jsoup-1.8.2.jar:/home/travis/build/icyphy/ptII/lib/junit-4.8.2.jar:/home/travis/build/icyphy/ptII/lib/JUnitParams-0.4.0.jar:/home/travis/build/icyphy/ptII/ptolemy/actor/lib/excel/jxl.jar:/home/travis/build/icyphy/ptII/lib/jython.jar:/home/travis/build/icyphy/ptII/lib/kieler.jar:/home/travis/build/icyphy/ptII/vendors/opencv/share/OpenCV/java/opencv-341.jar:/home/travis/build/icyphy/ptII/lib/oscP5.jar:/home/travis/build/icyphy/ptII/lib/nrjavaserial-3.11.0.devel.jar:/home/travis/build/icyphy/ptII/vendors/j3d/lib/Linux/j3dcore.jar:/home/travis/build/icyphy/ptII/vendors/j3d/lib/Linux/j3dutils.jar:/home/travis/build/icyphy/ptII/vendors/j3d/lib/Linux/vecmath.jar:/home/travis/build/icyphy/ptII/vendors/jogl/lib/Linux/gluegen-rt-natives-linux-amd64.jar:/home/travis/build/icyphy/ptII/vendors/jogl/lib/Linux/gluegen-rt.jar:/home/travis/build/icyphy/ptII/vendors/jogl/lib/Linux/jogl-all-natives-linux-amd64.jar:/home/travis/build/icyphy/ptII/vendors/jogl/lib/Linux/jogl-all.jar:/home/travis/build/icyphy/ptII/ptolemy/distributed/jini/jar/jini-core.jar:/home/travis/build/icyphy/ptII/ptolemy/distributed/jini/jar/jini-ext.jar:/home/travis/build/icyphy/ptII/ptolemy/distributed/jini/jar/sun-util.jar:/home/travis/build/icyphy/ptII/lib/protobuf-java-2.4.1.jar:/home/travis/build/icyphy/ptII/lib/org.eclipse.paho.client.mqttv3.jar:/home/travis/build/icyphy/ptII/lib/mapss.jar:/home/travis/build/icyphy/ptII/ptolemy/actor/ptalon/antlr/antlr.jar:/home/travis/build/icyphy/ptII/lib/JRI.jar:/home/travis/build/icyphy/ptII/lib/commons-lang-2.6.jar:/home/travis/build/icyphy/ptII/lib/commons-logging-1.1.1.jar:/home/travis/build/icyphy/ptII/lib/sootclasses.jar:/home/travis/build/icyphy/ptII/ptolemy/actor/lib/database/mysql-connector-java-5.1.6-bin.jar:/home/travis/build/icyphy/ptII/vendors/misc/sphinx4/sphinx4-data-5prealpha.jar:/home/travis/build/icyphy/ptII/vendors/misc/sphinx4/sphinx4-core-5prealpha.jar:/home/travis/build/icyphy/ptII/lib/PDFRenderer.jar:/home/travis/build/icyphy/ptII/lib/svgSalamander.jar:/home/travis/build/icyphy/ptII/lib/rsyntaxtextarea-2.6.0-SNAPSHOT.jar:/home/travis/build/icyphy/ptII/lib/hazelcast-3.8.2.jar:/home/travis/build/icyphy/ptII/lib/jackson-annotations-2.9.0.jar:/home/travis/build/icyphy/ptII/lib/jackson-core-2.9.3.jar:/home/travis/build/icyphy/ptII/lib/jackson-databind-2.9.3.jar:/home/travis/build/icyphy/ptII/lib/netty-buffer-4.1.19.Final.jar:/home/travis/build/icyphy/ptII/lib/netty-codec-4.1.19.Final.jar:/home/travis/build/icyphy/ptII/lib/netty-codec-dns-4.1.19.Final.jar:/home/travis/build/icyphy/ptII/lib/netty-codec-http-4.1.19.Final.jar:/home/travis/build/icyphy/ptII/lib/netty-codec-http2-4.1.19.Final.jar:/home/travis/build/icyphy/ptII/lib/netty-common-4.1.19.Final.jar:/home/travis/build/icyphy/ptII/lib/netty-handler-4.1.19.Final.jar:/home/travis/build/icyphy/ptII/lib/netty-resolver-4.1.19.Final.jar:/home/travis/build/icyphy/ptII/lib/netty-resolver-dns-4.1.19.Final.jar:/home/travis/build/icyphy/ptII/lib/netty-transport-4.1.19.Final.jar:/home/travis/build/icyphy/ptII/lib/vertx-codegen-3.5.1.jar:/home/travis/build/icyphy/ptII/lib/vertx-core-3.5.2-SNAPSHOT.jar:/home/travis/build/icyphy/ptII/lib/vertx-hazelcast-3.5.1.jar:/home/travis/build/icyphy/ptII/lib/vertx-lang-js-3.5.1.jar:/home/travis/build/icyphy/ptII/lib/vertx-service-proxy-3.5.1.jar:/home/travis/build/icyphy/ptII/lib/vertx-web-3.5.1.jar:/home/travis/build/icyphy/ptII/lib/slf4j-api-1.7.13.jar:/home/travis/build/icyphy/ptII/lib/slf4j-simple-1.7.13.jar:/home/travis/build/icyphy/ptII/lib/webcam-capture-0.3.12.jar:/home/travis/build/icyphy/ptII/lib/bridj-0.7.0.jar:/home/travis/build/icyphy/ptII/lib/xbjlib-1.1.0.nrjavaserial.jar:/home/travis/build/icyphy/ptII/ptolemy/moml/test:/home/travis/build/icyphy/ptII/ant/lib/ant-launcher.jar:/home/travis/build/icyphy/ptII/ant/lib/ant.jar:/home/travis/build/icyphy/ptII/ant/lib/ant-junit.jar:/home/travis/build/icyphy/ptII/ant/lib/ant-junit4.jar" />
    <property name="ant.library.dir" value="/home/travis/build/icyphy/ptII/ant/lib" />
    <property name="os.arch" value="amd64" />
    <property name="env.CONTINUOUS_INTEGRATION" value="true" />
    <property name="env.TRAVIS_LANGUAGE" value="node_js" />
    <property name="env.TRAVIS_STACK_LANGUAGES" value="__sardonyx__ c c++ clojure cplusplus cpp default generic go groovy java node_js php pure_java python ruby scala" />
    <property name="test.name" value="ptolemy.actor.lib.test.junit.JUnitTclTest" />
    <property name="env.APT_KEY_DONT_WARN_ON_DANGEROUS_USAGE" value="1" />
    <property name="sun.java.launcher" value="SUN_STANDARD" />
    <property name="env.PYTHON_CONFIGURE_OPTS" value="--enable-unicode=ucs4 --with-wide-unicode --enable-shared --enable-ipv6 --enable-loadable-sqlite-extensions --with-computed-gotos" />
    <property name="ant.core.lib" value="/home/travis/build/icyphy/ptII/ant/lib/ant.jar" />
    <property name="java.vm.specification.vendor" value="Oracle Corporation" />
    <property name="env.BCVTB_HOME" value="/home/travis/build/icyphy/ptII/lbnl" />
    <property name="file.separator" value="/" />
    <property name="spotbugs.home" value="/home/travis/build/icyphy/ptII/vendors/spotbugs-3.1.1" />
    <property name="java.runtime.version" value="11.0.2+9" />
    <property name="env.ANSI_CLEAR" value="\033[0K" />
    <property name="javafx.verbose" value="true" />
    <property name="env.HAS_JOSH_K_SEAL_OF_APPROVAL" value="true" />
    <property name="env.XDG_RUNTIME_DIR" value="/run/user/2000" />
    <property name="env.TRAVIS_OSX_IMAGE" value="" />
    <property name="env.TRAVIS_JOB_ID" value="561262725" />
    <property name="env.TRAVIS_BRANCH" value="master" />
    <property name="user.country" value="US" />
    <property name="env.CERTI_HOME_TRAVIS" value="/home/travis/pthla/certi-tools" />
    <property name="env.SHELL" value="/bin/bash" />
    <property name="java.maxmemory.large" value="4000m" />
    <property name="model" value="" />
    <property name="env.CASHER_DIR" value="/home/travis/.casher" />
    <property name="env.NVM_CD_FLAGS" value="" />
    <property name="java.vendor.version" value="18.9" />
    <property name="jshint.executable" value="/home/travis/node_modules/jshint/bin/jshint" />
    <property name="env.JRUBY_OPTS" value=" --client -J-XX:+TieredCompilation -J-XX:TieredStopAtLevel=1 -J-Xss2m -Xcompile.invokedynamic=false" />
    <property name="java.vendor" value="Oracle Corporation" />
    <property name="env.TRAVIS_PRE_CHEF_BOOTSTRAP_TIME" value="2019-03-25T16:16:42" />
    <property name="env.TRAVIS_STACK_JOB_BOARD_REGISTER" value="/.job-board-register.yml" />
    <property name="env.ANSI_RED" value="\033[31;1m" />
    <property name="java.specification.version" value="11" />
    <property name="env.IRBRC" value="/home/travis/.rvm/rubies/ruby-2.5.3/.irbrc" />
    <property name="env.TRAVIS" value="true" />
    <property name="sun.arch.data.model" value="64" />
  </properties>
  <testcase classname="ptolemy.util.test.junit.TclTests" name="[0] /home/travis/build/icyphy/ptII/ptolemy/actor/lib/test/AbsoluteValue.tcl (RunTclFile)" time="0.639" />
  <testcase classname="ptolemy.util.test.junit.TclTests" name="[1] /home/travis/build/icyphy/ptII/ptolemy/actor/lib/test/AddSubtract.tcl (RunTclFile)" time="0.125" />
  <testcase classname="ptolemy.util.test.junit.TclTests" name="[2] /home/travis/build/icyphy/ptII/ptolemy/actor/lib/test/Average.tcl (RunTclFile)" time="0.071" />
  <testcase classname="ptolemy.util.test.junit.TclTests" name="[3] /home/travis/build/icyphy/ptII/ptolemy/actor/lib/test/Bernoulli.tcl (RunTclFile)" time="0.051" />
  <testcase classname="ptolemy.util.test.junit.TclTests" name="[4] /home/travis/build/icyphy/ptII/ptolemy/actor/lib/test/Clock.tcl (RunTclFile)" time="0.146" />
  <testcase classname="ptolemy.util.test.junit.TclTests" name="[5] /home/travis/build/icyphy/ptII/ptolemy/actor/lib/test/Commutator.tcl (RunTclFile)" time="0.173" />
  <testcase classname="ptolemy.util.test.junit.TclTests" name="[6] /home/travis/build/icyphy/ptII/ptolemy/actor/lib/test/Const.tcl (RunTclFile)" time="0.168" />
  <testcase classname="ptolemy.util.test.junit.TclTests" name="[7] /home/travis/build/icyphy/ptII/ptolemy/actor/lib/test/CurrentTime.tcl (RunTclFile)" time="0.037" />
  <testcase classname="ptolemy.util.test.junit.TclTests" name="[8] /home/travis/build/icyphy/ptII/ptolemy/actor/lib/test/DB.tcl (RunTclFile)" time="0.055" />
  <testcase classname="ptolemy.util.test.junit.TclTests" name="[9] /home/travis/build/icyphy/ptII/ptolemy/actor/lib/test/DiscreteRandomSource.tcl (RunTclFile)" time="0.059" />
  <testcase classname="ptolemy.util.test.junit.TclTests" name="[10] /home/travis/build/icyphy/ptII/ptolemy/actor/lib/test/Distributor.tcl (RunTclFile)" time="0.086" />
  <testcase classname="ptolemy.util.test.junit.TclTests" name="[11] /home/travis/build/icyphy/ptII/ptolemy/actor/lib/test/Exit.tcl (RunTclFile)" time="0.152" />
  <testcase classname="ptolemy.util.test.junit.TclTests" name="[12] /home/travis/build/icyphy/ptII/ptolemy/actor/lib/test/Expression.tcl (RunTclFile)" time="0.072" />
  <testcase classname="ptolemy.util.test.junit.TclTests" name="[13] /home/travis/build/icyphy/ptII/ptolemy/actor/lib/test/Gaussian.tcl (RunTclFile)" time="0.301" />
  <testcase classname="ptolemy.util.test.junit.TclTests" name="[14] /home/travis/build/icyphy/ptII/ptolemy/actor/lib/test/IIR.tcl (RunTclFile)" time="0.047" />
  <testcase classname="ptolemy.util.test.junit.TclTests" name="[15] /home/travis/build/icyphy/ptII/ptolemy/actor/lib/test/Interpolator.tcl (RunTclFile)" time="0.128" />
  <testcase classname="ptolemy.util.test.junit.TclTests" name="[16] /home/travis/build/icyphy/ptII/ptolemy/actor/lib/test/MathFunction.tcl (RunTclFile)" time="0.06" />
  <testcase classname="ptolemy.util.test.junit.TclTests" name="[17] /home/travis/build/icyphy/ptII/ptolemy/actor/lib/test/Maximum.tcl (RunTclFile)" time="0.027" />
  <testcase classname="ptolemy.util.test.junit.TclTests" name="[18] /home/travis/build/icyphy/ptII/ptolemy/actor/lib/test/Minimum.tcl (RunTclFile)" time="0.025" />
  <testcase classname="ptolemy.util.test.junit.TclTests" name="[19] /home/travis/build/icyphy/ptII/ptolemy/actor/lib/test/MultiplyDivide.tcl (RunTclFile)" time="0.05" />
  <testcase classname="ptolemy.util.test.junit.TclTests" name="[20] /home/travis/build/icyphy/ptII/ptolemy/actor/lib/test/OrderedMerge.tcl (RunTclFile)" time="0.134" />
  <testcase classname="ptolemy.util.test.junit.TclTests" name="[21] /home/travis/build/icyphy/ptII/ptolemy/actor/lib/test/Publisher.tcl (RunTclFile)" time="0.778" />
  <testcase classname="ptolemy.util.test.junit.TclTests" name="[22] /home/travis/build/icyphy/ptII/ptolemy/actor/lib/test/Pulse.tcl (RunTclFile)" time="0.091" />
  <testcase classname="ptolemy.util.test.junit.TclTests" name="[23] /home/travis/build/icyphy/ptII/ptolemy/actor/lib/test/Ramp.tcl (RunTclFile)" time="2.32" />
  <testcase classname="ptolemy.util.test.junit.TclTests" name="[24] /home/travis/build/icyphy/ptII/ptolemy/actor/lib/test/RampContinuous.tcl (RunTclFile)" time="0.022" />
  <testcase classname="ptolemy.util.test.junit.TclTests" name="[25] /home/travis/build/icyphy/ptII/ptolemy/actor/lib/test/RecordAssembler.tcl (RunTclFile)" time="0.019" />
  <testcase classname="ptolemy.util.test.junit.TclTests" name="[26] /home/travis/build/icyphy/ptII/ptolemy/actor/lib/test/RecordDisassembler.tcl (RunTclFile)" time="0.046" />
  <testcase classname="ptolemy.util.test.junit.TclTests" name="[27] /home/travis/build/icyphy/ptII/ptolemy/actor/lib/test/Scale.tcl (RunTclFile)" time="0.045" />
  <testcase classname="ptolemy.util.test.junit.TclTests" name="[28] /home/travis/build/icyphy/ptII/ptolemy/actor/lib/test/SequentialClock.tcl (RunTclFile)" time="0.023" />
  <testcase classname="ptolemy.util.test.junit.TclTests" name="[29] /home/travis/build/icyphy/ptII/ptolemy/actor/lib/test/SetVariable.tcl (RunTclFile)" time="0.035">
    <failure message="Number of failed tests is has increased. expected:&lt;0&gt; but was:&lt;1&gt;" type="junit.framework.AssertionFailedError">junit.framework.AssertionFailedError: Number of failed tests is has increased. expected:&lt;0&gt; but was:&lt;1&gt;
	at ptolemy.util.test.junit.TclTests.RunTclFile(TclTests.java:286)
	at jdk.internal.reflect.GeneratedMethodAccessor19.invoke(Unknown Source)
	at java.base/jdk.internal.reflect.DelegatingMethodAccessorImpl.invoke(DelegatingMethodAccessorImpl.java:43)
	at junitparams.internal.InvokeParameterisedMethod.evaluate(InvokeParameterisedMethod.java:102)
	at junitparams.internal.ParameterisedTestMethodRunner.runMethodInvoker(ParameterisedTestMethodRunner.java:47)
	at junitparams.internal.ParameterisedTestMethodRunner.runTestMethod(ParameterisedTestMethodRunner.java:41)
	at junitparams.internal.ParameterisedTestClassRunner.runParameterisedTest(ParameterisedTestClassRunner.java:143)
	at junitparams.JUnitParamsRunner.runChild(JUnitParamsRunner.java:237)
	at junitparams.JUnitParamsRunner.runChild(JUnitParamsRunner.java:215)
</failure>
  </testcase>
  <testcase classname="ptolemy.util.test.junit.TclTests" name="[30] /home/travis/build/icyphy/ptII/ptolemy/actor/lib/test/Sinewave.tcl (RunTclFile)" time="0.028" />
  <testcase classname="ptolemy.util.test.junit.TclTests" name="[31] /home/travis/build/icyphy/ptII/ptolemy/actor/lib/test/SubscriptionAggregator.tcl (RunTclFile)" time="2.417" />
  <testcase classname="ptolemy.util.test.junit.TclTests" name="[32] /home/travis/build/icyphy/ptII/ptolemy/actor/lib/test/Test.tcl (RunTclFile)" time="0.144" />
  <testcase classname="ptolemy.util.test.junit.TclTests" name="[33] /home/travis/build/icyphy/ptII/ptolemy/actor/lib/test/TestExceptionHandler.tcl (RunTclFile)" time="0.014" />
  <testcase classname="ptolemy.util.test.junit.TclTests" name="[34] /home/travis/build/icyphy/ptII/ptolemy/actor/lib/test/UnionDisassembler.tcl (RunTclFile)" time="0.081" />
  <testcase classname="ptolemy.util.test.junit.TclTests" name="[35] /home/travis/build/icyphy/ptII/ptolemy/actor/lib/test/VariableClock.tcl (RunTclFile)" time="0.023" />
  <testcase classname="ptolemy.util.test.junit.AutoKnownFailedTests" name="[0] /home/travis/build/icyphy/ptII/ptolemy/actor/lib/test/auto/knownFailedTests/PublisherPortToplevelSubscriber.xml (RunModel)" time="0.024" />
  <testcase classname="ptolemy.util.test.junit.AutoKnownFailedTests" name="[1] /home/travis/build/icyphy/ptII/ptolemy/actor/lib/test/auto/knownFailedTests/PublisherSubscriberPortToplevel.xml (RunModel)" time="0.022" />
  <testcase classname="ptolemy.util.test.junit.AutoKnownFailedTests" name="[2] /home/travis/build/icyphy/ptII/ptolemy/actor/lib/test/auto/knownFailedTests/PublisherSubscriptionAggregatorPort.xml (RunModel)" time="0.025" />
  <testcase classname="ptolemy.util.test.junit.AutoKnownFailedTests" name="[3] /home/travis/build/icyphy/ptII/ptolemy/actor/lib/test/auto/knownFailedTests/sizedarray3.xml (RunModel)" time="0.026" />
  <testcase classname="ptolemy.util.test.junit.AutoNameArchTests" name="[0] ThereAreNoAutoArchTests (RunModel)" time="0.001" />
  <testcase classname="ptolemy.util.test.junit.AutoTests" name="[0] /home/travis/build/icyphy/ptII/ptolemy/actor/lib/test/auto/AbsoluteValue.xml (RunModel)" time="0.178" />
  <testcase classname="ptolemy.util.test.junit.AutoTests" name="[1] /home/travis/build/icyphy/ptII/ptolemy/actor/lib/test/auto/AbsoluteValue2.xml (RunModel)" time="0.083" />
  <testcase classname="ptolemy.util.test.junit.AutoTests" name="[2] /home/travis/build/icyphy/ptII/ptolemy/actor/lib/test/auto/Accumulator.xml (RunModel)" time="0.073" />
  <testcase classname="ptolemy.util.test.junit.AutoTests" name="[3] /home/travis/build/icyphy/ptII/ptolemy/actor/lib/test/auto/Accumulator2.xml (RunModel)" time="0.049" />
  <testcase classname="ptolemy.util.test.junit.AutoTests" name="[4] /home/travis/build/icyphy/ptII/ptolemy/actor/lib/test/auto/Accumulator3.xml (RunModel)" time="0.041" />
  <testcase classname="ptolemy.util.test.junit.AutoTests" name="[5] /home/travis/build/icyphy/ptII/ptolemy/actor/lib/test/auto/ArrayAppend.xml (RunModel)" time="0.041" />
  <testcase classname="ptolemy.util.test.junit.AutoTests" name="[6] /home/travis/build/icyphy/ptII/ptolemy/actor/lib/test/auto/ArrayAppend2.xml (RunModel)" time="0.388" />
  <testcase classname="ptolemy.util.test.junit.AutoTests" name="[7] /home/travis/build/icyphy/ptII/ptolemy/actor/lib/test/auto/ArrayAppend3.xml (RunModel)" time="0.05" />
  <testcase classname="ptolemy.util.test.junit.AutoTests" name="[8] /home/travis/build/icyphy/ptII/ptolemy/actor/lib/test/auto/ArrayAppend4.xml (RunModel)" time="0.018" />
  <testcase classname="ptolemy.util.test.junit.AutoTests" name="[9] /home/travis/build/icyphy/ptII/ptolemy/actor/lib/test/auto/ArrayAppend5.xml (RunModel)" time="0.022" />
  <testcase classname="ptolemy.util.test.junit.AutoTests" name="[10] /home/travis/build/icyphy/ptII/ptolemy/actor/lib/test/auto/ArrayAppend6.xml (RunModel)" time="0.027" />
  <testcase classname="ptolemy.util.test.junit.AutoTests" name="[11] /home/travis/build/icyphy/ptII/ptolemy/actor/lib/test/auto/ArrayAppendPerformanceTest.xml (RunModel)" time="0.083" />
  <testcase classname="ptolemy.util.test.junit.AutoTests" name="[12] /home/travis/build/icyphy/ptII/ptolemy/actor/lib/test/auto/ArrayAppendWithEmptyInput.xml (RunModel)" time="0.061" />
  <testcase classname="ptolemy.util.test.junit.AutoTests" name="[13] /home/travis/build/icyphy/ptII/ptolemy/actor/lib/test/auto/ArrayAverage.xml (RunModel)" time="0.054" />
  <testcase classname="ptolemy.util.test.junit.AutoTests" name="[14] /home/travis/build/icyphy/ptII/ptolemy/actor/lib/test/auto/ArrayContains.xml (RunModel)" time="0.043" />
  <testcase classname="ptolemy.util.test.junit.AutoTests" name="[15] /home/travis/build/icyphy/ptII/ptolemy/actor/lib/test/auto/ArrayElement.xml (RunModel)" time="0.023" />
  <testcase classname="ptolemy.util.test.junit.AutoTests" name="[16] /home/travis/build/icyphy/ptII/ptolemy/actor/lib/test/auto/ArrayElementAsMatrix.xml (RunModel)" time="0.051" />
  <testcase classname="ptolemy.util.test.junit.AutoTests" name="[17] /home/travis/build/icyphy/ptII/ptolemy/actor/lib/test/auto/ArrayElementI.xml (RunModel)" time="0.022" />
  <testcase classname="ptolemy.util.test.junit.AutoTests" name="[18] /home/travis/build/icyphy/ptII/ptolemy/actor/lib/test/auto/ArrayExtract.xml (RunModel)" time="0.029" />
  <testcase classname="ptolemy.util.test.junit.AutoTests" name="[19] /home/travis/build/icyphy/ptII/ptolemy/actor/lib/test/auto/ArrayExtract2.xml (RunModel)" time="0.018" />
  <testcase classname="ptolemy.util.test.junit.AutoTests" name="[20] /home/travis/build/icyphy/ptII/ptolemy/actor/lib/test/auto/ArrayLength.xml (RunModel)" time="0.017" />
  <testcase classname="ptolemy.util.test.junit.AutoTests" name="[21] /home/travis/build/icyphy/ptII/ptolemy/actor/lib/test/auto/ArrayLevelCrossing.xml (RunModel)" time="0.031" />
  <testcase classname="ptolemy.util.test.junit.AutoTests" name="[22] /home/travis/build/icyphy/ptII/ptolemy/actor/lib/test/auto/ArrayLevelCrossing2.xml (RunModel)" time="0.027" />
  <testcase classname="ptolemy.util.test.junit.AutoTests" name="[23] /home/travis/build/icyphy/ptII/ptolemy/actor/lib/test/auto/ArrayPeakSearch.xml (RunModel)" time="0.036" />
  <testcase classname="ptolemy.util.test.junit.AutoTests" name="[24] /home/travis/build/icyphy/ptII/ptolemy/actor/lib/test/auto/ArrayPeakSearch2.xml (RunModel)" time="0.039" />
  <testcase classname="ptolemy.util.test.junit.AutoTests" name="[25] /home/travis/build/icyphy/ptII/ptolemy/actor/lib/test/auto/ArrayPeakSearch3.xml (RunModel)" time="0.036" />
  <testcase classname="ptolemy.util.test.junit.AutoTests" name="[26] /home/travis/build/icyphy/ptII/ptolemy/actor/lib/test/auto/ArrayRemoveElement.xml (RunModel)" time="0.034" />
  <testcase classname="ptolemy.util.test.junit.AutoTests" name="[27] /home/travis/build/icyphy/ptII/ptolemy/actor/lib/test/auto/ArraySort.xml (RunModel)" time="0.035" />
  <testcase classname="ptolemy.util.test.junit.AutoTests" name="[28] /home/travis/build/icyphy/ptII/ptolemy/actor/lib/test/auto/ArraySum.xml (RunModel)" time="0.021" />
  <testcase classname="ptolemy.util.test.junit.AutoTests" name="[29] /home/travis/build/icyphy/ptII/ptolemy/actor/lib/test/auto/ArrayToElements.xml (RunModel)" time="0.023" />
  <testcase classname="ptolemy.util.test.junit.AutoTests" name="[30] /home/travis/build/icyphy/ptII/ptolemy/actor/lib/test/auto/ArrayToMatrix.xml (RunModel)" time="0.055" />
  <testcase classname="ptolemy.util.test.junit.AutoTests" name="[31] /home/travis/build/icyphy/ptII/ptolemy/actor/lib/test/auto/ArrayUpdate1.xml (RunModel)" time="0.021" />
  <testcase classname="ptolemy.util.test.junit.AutoTests" name="[32] /home/travis/build/icyphy/ptII/ptolemy/actor/lib/test/auto/ArrayUpdate2.xml (RunModel)" time="0.02" />
  <testcase classname="ptolemy.util.test.junit.AutoTests" name="[33] /home/travis/build/icyphy/ptII/ptolemy/actor/lib/test/auto/ArrayUpdate3.xml (RunModel)" time="0.026" />
  <testcase classname="ptolemy.util.test.junit.AutoTests" name="[34] /home/travis/build/icyphy/ptII/ptolemy/actor/lib/test/auto/Assert1.xml (RunModel)" time="0.028" />
  <testcase classname="ptolemy.util.test.junit.AutoTests" name="[35] /home/travis/build/icyphy/ptII/ptolemy/actor/lib/test/auto/Assert2.xml (RunModel)" time="0.014" />
  <testcase classname="ptolemy.util.test.junit.AutoTests" name="[36] /home/travis/build/icyphy/ptII/ptolemy/actor/lib/test/auto/BooleanMultiplexor.xml (RunModel)" time="0.016" />
  <testcase classname="ptolemy.util.test.junit.AutoTests" name="[37] /home/travis/build/icyphy/ptII/ptolemy/actor/lib/test/auto/BooleanMultiplexor2.xml (RunModel)" time="0.027" />
  <testcase classname="ptolemy.util.test.junit.AutoTests" name="[38] /home/travis/build/icyphy/ptII/ptolemy/actor/lib/test/auto/BooleanMultiplexor3.xml (RunModel)" time="0.032" />
  <testcase classname="ptolemy.util.test.junit.AutoTests" name="[39] /home/travis/build/icyphy/ptII/ptolemy/actor/lib/test/auto/BooleanSelect.xml (RunModel)" time="0.025" />
  <testcase classname="ptolemy.util.test.junit.AutoTests" name="[40] /home/travis/build/icyphy/ptII/ptolemy/actor/lib/test/auto/BooleanSelect2.xml (RunModel)" time="0.021" />
  <testcase classname="ptolemy.util.test.junit.AutoTests" name="[41] /home/travis/build/icyphy/ptII/ptolemy/actor/lib/test/auto/BooleanSwitch.xml (RunModel)" time="0.025" />
  <testcase classname="ptolemy.util.test.junit.AutoTests" name="[42] /home/travis/build/icyphy/ptII/ptolemy/actor/lib/test/auto/BooleanSwitch2.xml (RunModel)" time="0.017" />
  <testcase classname="ptolemy.util.test.junit.AutoTests" name="[43] /home/travis/build/icyphy/ptII/ptolemy/actor/lib/test/auto/BooleanSwitchCloningBugWithClassRelationGroup.xml (RunModel)" time="0.03" />
  <testcase classname="ptolemy.util.test.junit.AutoTests" name="[44] /home/travis/build/icyphy/ptII/ptolemy/actor/lib/test/auto/BusActors.xml (RunModel)" time="0.028" />
  <testcase classname="ptolemy.util.test.junit.AutoTests" name="[45] /home/travis/build/icyphy/ptII/ptolemy/actor/lib/test/auto/ClassWrapper.xml (RunModel)" time="0.028" />
  <testcase classname="ptolemy.util.test.junit.AutoTests" name="[46] /home/travis/build/icyphy/ptII/ptolemy/actor/lib/test/auto/Clock.xml (RunModel)" time="0.012" />
  <testcase classname="ptolemy.util.test.junit.AutoTests" name="[47] /home/travis/build/icyphy/ptII/ptolemy/actor/lib/test/auto/Clock10.xml (RunModel)" time="0.017" />
  <testcase classname="ptolemy.util.test.junit.AutoTests" name="[48] /home/travis/build/icyphy/ptII/ptolemy/actor/lib/test/auto/Clock11.xml (RunModel)" time="0.019" />
  <testcase classname="ptolemy.util.test.junit.AutoTests" name="[49] /home/travis/build/icyphy/ptII/ptolemy/actor/lib/test/auto/Clock12.xml (RunModel)" time="0.026" />
  <testcase classname="ptolemy.util.test.junit.AutoTests" name="[50] /home/travis/build/icyphy/ptII/ptolemy/actor/lib/test/auto/Clock13.xml (RunModel)" time="0.016" />
  <testcase classname="ptolemy.util.test.junit.AutoTests" name="[51] /home/travis/build/icyphy/ptII/ptolemy/actor/lib/test/auto/Clock14.xml (RunModel)" time="0.017" />
  <testcase classname="ptolemy.util.test.junit.AutoTests" name="[52] /home/travis/build/icyphy/ptII/ptolemy/actor/lib/test/auto/Clock15.xml (RunModel)" time="0.014" />
  <testcase classname="ptolemy.util.test.junit.AutoTests" name="[53] /home/travis/build/icyphy/ptII/ptolemy/actor/lib/test/auto/Clock16.xml (RunModel)" time="0.094" />
  <testcase classname="ptolemy.util.test.junit.AutoTests" name="[54] /home/travis/build/icyphy/ptII/ptolemy/actor/lib/test/auto/Clock17.xml (RunModel)" time="0.06" />
  <testcase classname="ptolemy.util.test.junit.AutoTests" name="[55] /home/travis/build/icyphy/ptII/ptolemy/actor/lib/test/auto/Clock18.xml (RunModel)" time="0.054" />
  <testcase classname="ptolemy.util.test.junit.AutoTests" name="[56] /home/travis/build/icyphy/ptII/ptolemy/actor/lib/test/auto/Clock19.xml (RunModel)" time="0.036" />
  <testcase classname="ptolemy.util.test.junit.AutoTests" name="[57] /home/travis/build/icyphy/ptII/ptolemy/actor/lib/test/auto/Clock2.xml (RunModel)" time="0.012" />
  <testcase classname="ptolemy.util.test.junit.AutoTests" name="[58] /home/travis/build/icyphy/ptII/ptolemy/actor/lib/test/auto/Clock20.xml (RunModel)" time="0.017" />
  <testcase classname="ptolemy.util.test.junit.AutoTests" name="[59] /home/travis/build/icyphy/ptII/ptolemy/actor/lib/test/auto/Clock21.xml (RunModel)" time="0.016" />
  <testcase classname="ptolemy.util.test.junit.AutoTests" name="[60] /home/travis/build/icyphy/ptII/ptolemy/actor/lib/test/auto/Clock22.xml (RunModel)" time="0.012" />
  <testcase classname="ptolemy.util.test.junit.AutoTests" name="[61] /home/travis/build/icyphy/ptII/ptolemy/actor/lib/test/auto/Clock23.xml (RunModel)" time="0.02" />
  <testcase classname="ptolemy.util.test.junit.AutoTests" name="[62] /home/travis/build/icyphy/ptII/ptolemy/actor/lib/test/auto/Clock24.xml (RunModel)" time="0.015" />
  <testcase classname="ptolemy.util.test.junit.AutoTests" name="[63] /home/travis/build/icyphy/ptII/ptolemy/actor/lib/test/auto/Clock4.xml (RunModel)" time="0.013" />
  <testcase classname="ptolemy.util.test.junit.AutoTests" name="[64] /home/travis/build/icyphy/ptII/ptolemy/actor/lib/test/auto/Clock5.xml (RunModel)" time="0.011" />
  <testcase classname="ptolemy.util.test.junit.AutoTests" name="[65] /home/travis/build/icyphy/ptII/ptolemy/actor/lib/test/auto/Clock6.xml (RunModel)" time="0.008" />
  <testcase classname="ptolemy.util.test.junit.AutoTests" name="[66] /home/travis/build/icyphy/ptII/ptolemy/actor/lib/test/auto/Clock7.xml (RunModel)" time="0.011" />
  <testcase classname="ptolemy.util.test.junit.AutoTests" name="[67] /home/travis/build/icyphy/ptII/ptolemy/actor/lib/test/auto/Clock8.xml (RunModel)" time="0.014" />
  <testcase classname="ptolemy.util.test.junit.AutoTests" name="[68] /home/travis/build/icyphy/ptII/ptolemy/actor/lib/test/auto/Clock9.xml (RunModel)" time="0.018" />
  <testcase classname="ptolemy.util.test.junit.AutoTests" name="[69] /home/travis/build/icyphy/ptII/ptolemy/actor/lib/test/auto/CommDistDiscard.xml (RunModel)" time="0.023" />
  <testcase classname="ptolemy.util.test.junit.AutoTests" name="[70] /home/travis/build/icyphy/ptII/ptolemy/actor/lib/test/auto/Commutator.xml (RunModel)" time="0.016" />
  <testcase classname="ptolemy.util.test.junit.AutoTests" name="[71] /home/travis/build/icyphy/ptII/ptolemy/actor/lib/test/auto/Commutator2.xml (RunModel)" time="0.01" />
  <testcase classname="ptolemy.util.test.junit.AutoTests" name="[72] /home/travis/build/icyphy/ptII/ptolemy/actor/lib/test/auto/Commutator3.xml (RunModel)" time="0.013" />
  <testcase classname="ptolemy.util.test.junit.AutoTests" name="[73] /home/travis/build/icyphy/ptII/ptolemy/actor/lib/test/auto/Compare.xml (RunModel)" time="0.021" />
  <testcase classname="ptolemy.util.test.junit.AutoTests" name="[74] /home/travis/build/icyphy/ptII/ptolemy/actor/lib/test/auto/CompareDE.xml (RunModel)" time="0.018" />
  <testcase classname="ptolemy.util.test.junit.AutoTests" name="[75] /home/travis/build/icyphy/ptII/ptolemy/actor/lib/test/auto/ComplexDivide.xml (RunModel)" time="0.01" />
  <testcase classname="ptolemy.util.test.junit.AutoTests" name="[76] /home/travis/build/icyphy/ptII/ptolemy/actor/lib/test/auto/ComputeHistogram.xml (RunModel)" time="0.078" />
  <testcase classname="ptolemy.util.test.junit.AutoTests" name="[77] /home/travis/build/icyphy/ptII/ptolemy/actor/lib/test/auto/ConfigurationSelect.xml (RunModel)" time="0.022" />
  <testcase classname="ptolemy.util.test.junit.AutoTests" name="[78] /home/travis/build/icyphy/ptII/ptolemy/actor/lib/test/auto/ConfigurationSelect2.xml (RunModel)" time="0.017" />
  <testcase classname="ptolemy.util.test.junit.AutoTests" name="[79] /home/travis/build/icyphy/ptII/ptolemy/actor/lib/test/auto/ConfigurationSwitch.xml (RunModel)" time="0.024" />
  <testcase classname="ptolemy.util.test.junit.AutoTests" name="[80] /home/travis/build/icyphy/ptII/ptolemy/actor/lib/test/auto/ConfigurationSwitch2.xml (RunModel)" time="0.036" />
  <testcase classname="ptolemy.util.test.junit.AutoTests" name="[81] /home/travis/build/icyphy/ptII/ptolemy/actor/lib/test/auto/ConfigurationSwitchCloningBugWithClassRelationGroup.xml (RunModel)" time="0.022" />
  <testcase classname="ptolemy.util.test.junit.AutoTests" name="[82] /home/travis/build/icyphy/ptII/ptolemy/actor/lib/test/auto/ConfigurationSwitchSelectSDF.xml (RunModel)" time="0.019" />
  <testcase classname="ptolemy.util.test.junit.AutoTests" name="[83] /home/travis/build/icyphy/ptII/ptolemy/actor/lib/test/auto/ConfigurationSwitchSelectSDF2.xml (RunModel)" time="0.017" />
  <testcase classname="ptolemy.util.test.junit.AutoTests" name="[84] /home/travis/build/icyphy/ptII/ptolemy/actor/lib/test/auto/Const.xml (RunModel)" time="0.008" />
  <testcase classname="ptolemy.util.test.junit.AutoTests" name="[85] /home/travis/build/icyphy/ptII/ptolemy/actor/lib/test/auto/Const2.xml (RunModel)" time="0.012" />
  <testcase classname="ptolemy.util.test.junit.AutoTests" name="[86] /home/travis/build/icyphy/ptII/ptolemy/actor/lib/test/auto/Const3.xml (RunModel)" time="0.008" />
  <testcase classname="ptolemy.util.test.junit.AutoTests" name="[87] /home/travis/build/icyphy/ptII/ptolemy/actor/lib/test/auto/ConstantPublisherPort1.xml (RunModel)" time="0.025" />
  <testcase classname="ptolemy.util.test.junit.AutoTests" name="[88] /home/travis/build/icyphy/ptII/ptolemy/actor/lib/test/auto/ConstantPublisherPort2.xml (RunModel)" time="0.026" />
  <testcase classname="ptolemy.util.test.junit.AutoTests" name="[89] /home/travis/build/icyphy/ptII/ptolemy/actor/lib/test/auto/ConstantPublisherPort3.xml (RunModel)" time="0.022" />
  <testcase classname="ptolemy.util.test.junit.AutoTests" name="[90] /home/travis/build/icyphy/ptII/ptolemy/actor/lib/test/auto/ConstantPublisherPort4.xml (RunModel)" time="0.03" />
  <testcase classname="ptolemy.util.test.junit.AutoTests" name="[91] /home/travis/build/icyphy/ptII/ptolemy/actor/lib/test/auto/ConstantPublisherPort5.xml (RunModel)" time="0.043" />
  <testcase classname="ptolemy.util.test.junit.AutoTests" name="[92] /home/travis/build/icyphy/ptII/ptolemy/actor/lib/test/auto/ConstantPublisherPort6.xml (RunModel)" time="0.028" />
  <testcase classname="ptolemy.util.test.junit.AutoTests" name="[93] /home/travis/build/icyphy/ptII/ptolemy/actor/lib/test/auto/ConstantPublisherPort7.xml (RunModel)" time="0.037" />
  <testcase classname="ptolemy.util.test.junit.AutoTests" name="[94] /home/travis/build/icyphy/ptII/ptolemy/actor/lib/test/auto/ConstraintMonitor1.xml (RunModel)" time="0.045" />
  <testcase classname="ptolemy.util.test.junit.AutoTests" name="[95] /home/travis/build/icyphy/ptII/ptolemy/actor/lib/test/auto/ConstraintMonitor2.xml (RunModel)" time="0.017" />
  <testcase classname="ptolemy.util.test.junit.AutoTests" name="[96] /home/travis/build/icyphy/ptII/ptolemy/actor/lib/test/auto/ConstraintMonitor3.xml (RunModel)" time="0.014" />
  <testcase classname="ptolemy.util.test.junit.AutoTests" name="[97] /home/travis/build/icyphy/ptII/ptolemy/actor/lib/test/auto/ConstraintMonitor4.xml (RunModel)" time="0.011" />
  <testcase classname="ptolemy.util.test.junit.AutoTests" name="[98] /home/travis/build/icyphy/ptII/ptolemy/actor/lib/test/auto/ConstraintMonitor5.xml (RunModel)" time="0.017" />
  <testcase classname="ptolemy.util.test.junit.AutoTests" name="[99] /home/travis/build/icyphy/ptII/ptolemy/actor/lib/test/auto/ConstraintMonitor6.xml (RunModel)" time="0.017" />
  <testcase classname="ptolemy.util.test.junit.AutoTests" name="[100] /home/travis/build/icyphy/ptII/ptolemy/actor/lib/test/auto/ConstraintMonitor7.xml (RunModel)" time="0.022" />
  <testcase classname="ptolemy.util.test.junit.AutoTests" name="[101] /home/travis/build/icyphy/ptII/ptolemy/actor/lib/test/auto/ConstraintMonitor8.xml (RunModel)" time="0.019" />
  <testcase classname="ptolemy.util.test.junit.AutoTests" name="[102] /home/travis/build/icyphy/ptII/ptolemy/actor/lib/test/auto/Counter.xml (RunModel)" time="0.016" />
  <testcase classname="ptolemy.util.test.junit.AutoTests" name="[103] /home/travis/build/icyphy/ptII/ptolemy/actor/lib/test/auto/CurrentTimeSDF.xml (RunModel)" time="0.009" />
  <testcase classname="ptolemy.util.test.junit.AutoTests" name="[104] /home/travis/build/icyphy/ptII/ptolemy/actor/lib/test/auto/DB.xml (RunModel)" time="0.013" />
  <testcase classname="ptolemy.util.test.junit.AutoTests" name="[105] /home/travis/build/icyphy/ptII/ptolemy/actor/lib/test/auto/DBDE.xml (RunModel)" time="0.013" />
  <testcase classname="ptolemy.util.test.junit.AutoTests" name="[106] /home/travis/build/icyphy/ptII/ptolemy/actor/lib/test/auto/DateConstructor.xml (RunModel)" time="0.094" />
  <testcase classname="ptolemy.util.test.junit.AutoTests" name="[107] /home/travis/build/icyphy/ptII/ptolemy/actor/lib/test/auto/DelayTime.xml (RunModel)" time="0.014" />
  <testcase classname="ptolemy.util.test.junit.AutoTests" name="[108] /home/travis/build/icyphy/ptII/ptolemy/actor/lib/test/auto/Dictionary1.xml (RunModel)" time="0.02" />
  <testcase classname="ptolemy.util.test.junit.AutoTests" name="[109] /home/travis/build/icyphy/ptII/ptolemy/actor/lib/test/auto/Dictionary2.xml (RunModel)" time="0.019" />
  <testcase classname="ptolemy.util.test.junit.AutoTests" name="[110] /home/travis/build/icyphy/ptII/ptolemy/actor/lib/test/auto/Dictionary3.xml (RunModel)" time="0.016" />
  <testcase classname="ptolemy.util.test.junit.AutoTests" name="[111] /home/travis/build/icyphy/ptII/ptolemy/actor/lib/test/auto/Dictionary4.xml (RunModel)" time="0.022" />
  <testcase classname="ptolemy.util.test.junit.AutoTests" name="[112] /home/travis/build/icyphy/ptII/ptolemy/actor/lib/test/auto/Differential.xml (RunModel)" time="0.014" />
  <testcase classname="ptolemy.util.test.junit.AutoTests" name="[113] /home/travis/build/icyphy/ptII/ptolemy/actor/lib/test/auto/Director.xml (RunModel)" time="0.011" />
  <testcase classname="ptolemy.util.test.junit.AutoTests" name="[114] /home/travis/build/icyphy/ptII/ptolemy/actor/lib/test/auto/DiscreteClock.xml (RunModel)" time="0.009" />
  <testcase classname="ptolemy.util.test.junit.AutoTests" name="[115] /home/travis/build/icyphy/ptII/ptolemy/actor/lib/test/auto/DiscreteClock10.xml (RunModel)" time="0.016" />
  <testcase classname="ptolemy.util.test.junit.AutoTests" name="[116] /home/travis/build/icyphy/ptII/ptolemy/actor/lib/test/auto/DiscreteClock11.xml (RunModel)" time="0.013" />
  <testcase classname="ptolemy.util.test.junit.AutoTests" name="[117] /home/travis/build/icyphy/ptII/ptolemy/actor/lib/test/auto/DiscreteClock12.xml (RunModel)" time="0.013" />
  <testcase classname="ptolemy.util.test.junit.AutoTests" name="[118] /home/travis/build/icyphy/ptII/ptolemy/actor/lib/test/auto/DiscreteClock13.xml (RunModel)" time="0.018" />
  <testcase classname="ptolemy.util.test.junit.AutoTests" name="[119] /home/travis/build/icyphy/ptII/ptolemy/actor/lib/test/auto/DiscreteClock14.xml (RunModel)" time="0.019" />
  <testcase classname="ptolemy.util.test.junit.AutoTests" name="[120] /home/travis/build/icyphy/ptII/ptolemy/actor/lib/test/auto/DiscreteClock15.xml (RunModel)" time="0.016" />
  <testcase classname="ptolemy.util.test.junit.AutoTests" name="[121] /home/travis/build/icyphy/ptII/ptolemy/actor/lib/test/auto/DiscreteClock16.xml (RunModel)" time="0.046" />
  <testcase classname="ptolemy.util.test.junit.AutoTests" name="[122] /home/travis/build/icyphy/ptII/ptolemy/actor/lib/test/auto/DiscreteClock17.xml (RunModel)" time="0.041" />
  <testcase classname="ptolemy.util.test.junit.AutoTests" name="[123] /home/travis/build/icyphy/ptII/ptolemy/actor/lib/test/auto/DiscreteClock18.xml (RunModel)" time="0.049" />
  <testcase classname="ptolemy.util.test.junit.AutoTests" name="[124] /home/travis/build/icyphy/ptII/ptolemy/actor/lib/test/auto/DiscreteClock19.xml (RunModel)" time="0.066" />
  <testcase classname="ptolemy.util.test.junit.AutoTests" name="[125] /home/travis/build/icyphy/ptII/ptolemy/actor/lib/test/auto/DiscreteClock2.xml (RunModel)" time="0.029" />
  <testcase classname="ptolemy.util.test.junit.AutoTests" name="[126] /home/travis/build/icyphy/ptII/ptolemy/actor/lib/test/auto/DiscreteClock20.xml (RunModel)" time="0.021" />
  <testcase classname="ptolemy.util.test.junit.AutoTests" name="[127] /home/travis/build/icyphy/ptII/ptolemy/actor/lib/test/auto/DiscreteClock21.xml (RunModel)" time="0.029" />
  <testcase classname="ptolemy.util.test.junit.AutoTests" name="[128] /home/travis/build/icyphy/ptII/ptolemy/actor/lib/test/auto/DiscreteClock22.xml (RunModel)" time="0.017" />
  <testcase classname="ptolemy.util.test.junit.AutoTests" name="[129] /home/travis/build/icyphy/ptII/ptolemy/actor/lib/test/auto/DiscreteClock23.xml (RunModel)" time="0.022" />
  <testcase classname="ptolemy.util.test.junit.AutoTests" name="[130] /home/travis/build/icyphy/ptII/ptolemy/actor/lib/test/auto/DiscreteClock24.xml (RunModel)" time="0.017" />
  <testcase classname="ptolemy.util.test.junit.AutoTests" name="[131] /home/travis/build/icyphy/ptII/ptolemy/actor/lib/test/auto/DiscreteClock4.xml (RunModel)" time="0.013" />
  <testcase classname="ptolemy.util.test.junit.AutoTests" name="[132] /home/travis/build/icyphy/ptII/ptolemy/actor/lib/test/auto/DiscreteClock5.xml (RunModel)" time="0.011" />
  <testcase classname="ptolemy.util.test.junit.AutoTests" name="[133] /home/travis/build/icyphy/ptII/ptolemy/actor/lib/test/auto/DiscreteClock6.xml (RunModel)" time="0.012" />
  <testcase classname="ptolemy.util.test.junit.AutoTests" name="[134] /home/travis/build/icyphy/ptII/ptolemy/actor/lib/test/auto/DiscreteClock7.xml (RunModel)" time="0.011" />
  <testcase classname="ptolemy.util.test.junit.AutoTests" name="[135] /home/travis/build/icyphy/ptII/ptolemy/actor/lib/test/auto/DiscreteClock8.xml (RunModel)" time="0.022" />
  <testcase classname="ptolemy.util.test.junit.AutoTests" name="[136] /home/travis/build/icyphy/ptII/ptolemy/actor/lib/test/auto/DiscreteClock9.xml (RunModel)" time="0.014" />
  <testcase classname="ptolemy.util.test.junit.AutoTests" name="[137] /home/travis/build/icyphy/ptII/ptolemy/actor/lib/test/auto/DisplayArray.xml (RunModel)" time="0.01" />
  <testcase classname="ptolemy.util.test.junit.AutoTests" name="[138] /home/travis/build/icyphy/ptII/ptolemy/actor/lib/test/auto/Distributor.xml (RunModel)" time="0.013" />
  <testcase classname="ptolemy.util.test.junit.AutoTests" name="[139] /home/travis/build/icyphy/ptII/ptolemy/actor/lib/test/auto/Distributor2.xml (RunModel)" time="0.012" />
  <testcase classname="ptolemy.util.test.junit.AutoTests" name="[140] /home/travis/build/icyphy/ptII/ptolemy/actor/lib/test/auto/DownSample.xml (RunModel)" time="0.027" />
  <testcase classname="ptolemy.util.test.junit.AutoTests" name="[141] /home/travis/build/icyphy/ptII/ptolemy/actor/lib/test/auto/ElectronicUnitBase1.xml (RunModel)" time="0.079" />
  <testcase classname="ptolemy.util.test.junit.AutoTests" name="[142] /home/travis/build/icyphy/ptII/ptolemy/actor/lib/test/auto/ElementsToArray.xml (RunModel)" time="0.011" />
  <testcase classname="ptolemy.util.test.junit.AutoTests" name="[143] /home/travis/build/icyphy/ptII/ptolemy/actor/lib/test/auto/Equals.xml (RunModel)" time="0.014" />
  <testcase classname="ptolemy.util.test.junit.AutoTests" name="[144] /home/travis/build/icyphy/ptII/ptolemy/actor/lib/test/auto/Exec.xml (RunModel)" time="0.033" />
  <testcase classname="ptolemy.util.test.junit.AutoTests" name="[145] /home/travis/build/icyphy/ptII/ptolemy/actor/lib/test/auto/ExecEnvironment.xml (RunModel)" time="0.043" />
  <testcase classname="ptolemy.util.test.junit.AutoTests" name="[146] /home/travis/build/icyphy/ptII/ptolemy/actor/lib/test/auto/ExecNonZeroReturnOutput.xml (RunModel)" time="0.22" />
  <testcase classname="ptolemy.util.test.junit.AutoTests" name="[147] /home/travis/build/icyphy/ptII/ptolemy/actor/lib/test/auto/ExecRunDemos.xml (RunModel)" time="11.396" />
  <testcase classname="ptolemy.util.test.junit.AutoTests" name="[148] /home/travis/build/icyphy/ptII/ptolemy/actor/lib/test/auto/ExecStop.xml (RunModel)" time="5.025" />
  <testcase classname="ptolemy.util.test.junit.AutoTests" name="[149] /home/travis/build/icyphy/ptII/ptolemy/actor/lib/test/auto/ExecutionTimeSDF.xml (RunModel)" time="6.058" />
  <testcase classname="ptolemy.util.test.junit.AutoTests" name="[150] /home/travis/build/icyphy/ptII/ptolemy/actor/lib/test/auto/Expression1.xml (RunModel)" time="0.01" />
  <testcase classname="ptolemy.util.test.junit.AutoTests" name="[151] /home/travis/build/icyphy/ptII/ptolemy/actor/lib/test/auto/Expression10.xml (RunModel)" time="0.021" />
  <testcase classname="ptolemy.util.test.junit.AutoTests" name="[152] /home/travis/build/icyphy/ptII/ptolemy/actor/lib/test/auto/Expression11.xml (RunModel)" time="0.012" />
  <testcase classname="ptolemy.util.test.junit.AutoTests" name="[153] /home/travis/build/icyphy/ptII/ptolemy/actor/lib/test/auto/Expression12.xml (RunModel)" time="0.014" />
  <testcase classname="ptolemy.util.test.junit.AutoTests" name="[154] /home/travis/build/icyphy/ptII/ptolemy/actor/lib/test/auto/Expression13.xml (RunModel)" time="0.013" />
  <testcase classname="ptolemy.util.test.junit.AutoTests" name="[155] /home/travis/build/icyphy/ptII/ptolemy/actor/lib/test/auto/Expression14.xml (RunModel)" time="0.023" />
  <testcase classname="ptolemy.util.test.junit.AutoTests" name="[156] /home/travis/build/icyphy/ptII/ptolemy/actor/lib/test/auto/Expression15.xml (RunModel)" time="0.009" />
  <testcase classname="ptolemy.util.test.junit.AutoTests" name="[157] /home/travis/build/icyphy/ptII/ptolemy/actor/lib/test/auto/Expression16.xml (RunModel)" time="0.013" />
  <testcase classname="ptolemy.util.test.junit.AutoTests" name="[158] /home/travis/build/icyphy/ptII/ptolemy/actor/lib/test/auto/Expression17.xml (RunModel)" time="0.014" />
  <testcase classname="ptolemy.util.test.junit.AutoTests" name="[159] /home/travis/build/icyphy/ptII/ptolemy/actor/lib/test/auto/Expression18.xml (RunModel)" time="0.016" />
  <testcase classname="ptolemy.util.test.junit.AutoTests" name="[160] /home/travis/build/icyphy/ptII/ptolemy/actor/lib/test/auto/Expression2.xml (RunModel)" time="0.027" />
  <testcase classname="ptolemy.util.test.junit.AutoTests" name="[161] /home/travis/build/icyphy/ptII/ptolemy/actor/lib/test/auto/Expression3.xml (RunModel)" time="0.014" />
  <testcase classname="ptolemy.util.test.junit.AutoTests" name="[162] /home/travis/build/icyphy/ptII/ptolemy/actor/lib/test/auto/Expression4.xml (RunModel)" time="0.02" />
  <testcase classname="ptolemy.util.test.junit.AutoTests" name="[163] /home/travis/build/icyphy/ptII/ptolemy/actor/lib/test/auto/Expression5.xml (RunModel)" time="0.014" />
  <testcase classname="ptolemy.util.test.junit.AutoTests" name="[164] /home/travis/build/icyphy/ptII/ptolemy/actor/lib/test/auto/Expression6.xml (RunModel)" time="0.009" />
  <testcase classname="ptolemy.util.test.junit.AutoTests" name="[165] /home/travis/build/icyphy/ptII/ptolemy/actor/lib/test/auto/Expression7.xml (RunModel)" time="0.012" />
  <testcase classname="ptolemy.util.test.junit.AutoTests" name="[166] /home/travis/build/icyphy/ptII/ptolemy/actor/lib/test/auto/Expression8.xml (RunModel)" time="0.016" />
  <testcase classname="ptolemy.util.test.junit.AutoTests" name="[167] /home/travis/build/icyphy/ptII/ptolemy/actor/lib/test/auto/Expression9.xml (RunModel)" time="0.008" />
  <testcase classname="ptolemy.util.test.junit.AutoTests" name="[168] /home/travis/build/icyphy/ptII/ptolemy/actor/lib/test/auto/ExpressionConcatenateArrayType.xml (RunModel)" time="0.026" />
  <testcase classname="ptolemy.util.test.junit.AutoTests" name="[169] /home/travis/build/icyphy/ptII/ptolemy/actor/lib/test/auto/ExpressionConcatenateArrayType2.xml (RunModel)" time="0.024" />
  <testcase classname="ptolemy.util.test.junit.AutoTests" name="[170] /home/travis/build/icyphy/ptII/ptolemy/actor/lib/test/auto/ExpressionFix.xml (RunModel)" time="0.053" />
  <testcase classname="ptolemy.util.test.junit.AutoTests" name="[171] /home/travis/build/icyphy/ptII/ptolemy/actor/lib/test/auto/ExpressionFix2.xml (RunModel)" time="0.013" />
  <testcase classname="ptolemy.util.test.junit.AutoTests" name="[172] /home/travis/build/icyphy/ptII/ptolemy/actor/lib/test/auto/ExpressionFix3.xml (RunModel)" time="0.015" />
  <testcase classname="ptolemy.util.test.junit.AutoTests" name="[173] /home/travis/build/icyphy/ptII/ptolemy/actor/lib/test/auto/FileWriter1.xml (RunModel)" time="0.011" />
  <testcase classname="ptolemy.util.test.junit.AutoTests" name="[174] /home/travis/build/icyphy/ptII/ptolemy/actor/lib/test/auto/FileWriter2.xml (RunModel)" time="0.017" />
  <testcase classname="ptolemy.util.test.junit.AutoTests" name="[175] /home/travis/build/icyphy/ptII/ptolemy/actor/lib/test/auto/FileWriter3.xml (RunModel)" time="0.019" />
  <testcase classname="ptolemy.util.test.junit.AutoTests" name="[176] /home/travis/build/icyphy/ptII/ptolemy/actor/lib/test/auto/Gaussian.xml (RunModel)" time="0.014" />
  <testcase classname="ptolemy.util.test.junit.AutoTests" name="[177] /home/travis/build/icyphy/ptII/ptolemy/actor/lib/test/auto/Gaussian1.xml (RunModel)" time="0.026" />
  <testcase classname="ptolemy.util.test.junit.AutoTests" name="[178] /home/travis/build/icyphy/ptII/ptolemy/actor/lib/test/auto/Gaussian2.xml (RunModel)" time="0.019" />
  <testcase classname="ptolemy.util.test.junit.AutoTests" name="[179] /home/travis/build/icyphy/ptII/ptolemy/actor/lib/test/auto/GradientAdaptiveLattice.xml (RunModel)" time="0.018" />
  <testcase classname="ptolemy.util.test.junit.AutoTests" name="[180] /home/travis/build/icyphy/ptII/ptolemy/actor/lib/test/auto/IIR.xml (RunModel)" time="0.012" />
  <testcase classname="ptolemy.util.test.junit.AutoTests" name="[181] /home/travis/build/icyphy/ptII/ptolemy/actor/lib/test/auto/InputOutputTransparentPorts.xml (RunModel)" time="0.02" />
  <testcase classname="ptolemy.util.test.junit.AutoTests" name="[182] /home/travis/build/icyphy/ptII/ptolemy/actor/lib/test/auto/Interpolator.xml (RunModel)" time="0.013" />
  <testcase classname="ptolemy.util.test.junit.AutoTests" name="[183] /home/travis/build/icyphy/ptII/ptolemy/actor/lib/test/auto/InterpolatorFiringLimitDE.xml (RunModel)" time="0.014" />
  <testcase classname="ptolemy.util.test.junit.AutoTests" name="[184] /home/travis/build/icyphy/ptII/ptolemy/actor/lib/test/auto/Lattice.xml (RunModel)" time="0.011" />
  <testcase classname="ptolemy.util.test.junit.AutoTests" name="[185] /home/travis/build/icyphy/ptII/ptolemy/actor/lib/test/auto/LazyAOCTestLazy.xml (RunModel)" time="0.049" />
  <testcase classname="ptolemy.util.test.junit.AutoTests" name="[186] /home/travis/build/icyphy/ptII/ptolemy/actor/lib/test/auto/LazyAOCTestNonLazy.xml (RunModel)" time="0.023" />
  <testcase classname="ptolemy.util.test.junit.AutoTests" name="[187] /home/travis/build/icyphy/ptII/ptolemy/actor/lib/test/auto/LazyInnerClass.xml (RunModel)" time="0.02" />
  <testcase classname="ptolemy.util.test.junit.AutoTests" name="[188] /home/travis/build/icyphy/ptII/ptolemy/actor/lib/test/auto/LazyPubSub.xml (RunModel)" time="0.029" />
  <testcase classname="ptolemy.util.test.junit.AutoTests" name="[189] /home/travis/build/icyphy/ptII/ptolemy/actor/lib/test/auto/LazyPubSub2.xml (RunModel)" time="0.034" />
  <testcase classname="ptolemy.util.test.junit.AutoTests" name="[190] /home/travis/build/icyphy/ptII/ptolemy/actor/lib/test/auto/LazyPubSub3.xml (RunModel)" time="0.068" />
  <testcase classname="ptolemy.util.test.junit.AutoTests" name="[191] /home/travis/build/icyphy/ptII/ptolemy/actor/lib/test/auto/LazySubClassModel.xml (RunModel)" time="0.028" />
  <testcase classname="ptolemy.util.test.junit.AutoTests" name="[192] /home/travis/build/icyphy/ptII/ptolemy/actor/lib/test/auto/LevelCrossTest1.xml (RunModel)" time="0.01" />
  <testcase classname="ptolemy.util.test.junit.AutoTests" name="[193] /home/travis/build/icyphy/ptII/ptolemy/actor/lib/test/auto/LevelCrossTest10.xml (RunModel)" time="0.026" />
  <testcase classname="ptolemy.util.test.junit.AutoTests" name="[194] /home/travis/build/icyphy/ptII/ptolemy/actor/lib/test/auto/LevelCrossTest11.xml (RunModel)" time="0.012" />
  <testcase classname="ptolemy.util.test.junit.AutoTests" name="[195] /home/travis/build/icyphy/ptII/ptolemy/actor/lib/test/auto/LevelCrossTest12.xml (RunModel)" time="0.014" />
  <testcase classname="ptolemy.util.test.junit.AutoTests" name="[196] /home/travis/build/icyphy/ptII/ptolemy/actor/lib/test/auto/LevelCrossTest13.xml (RunModel)" time="0.016" />
  <testcase classname="ptolemy.util.test.junit.AutoTests" name="[197] /home/travis/build/icyphy/ptII/ptolemy/actor/lib/test/auto/LevelCrossTest2.xml (RunModel)" time="0.01" />
  <testcase classname="ptolemy.util.test.junit.AutoTests" name="[198] /home/travis/build/icyphy/ptII/ptolemy/actor/lib/test/auto/LevelCrossTest3.xml (RunModel)" time="0.011" />
  <testcase classname="ptolemy.util.test.junit.AutoTests" name="[199] /home/travis/build/icyphy/ptII/ptolemy/actor/lib/test/auto/LevelCrossTest4.xml (RunModel)" time="0.011" />
  <testcase classname="ptolemy.util.test.junit.AutoTests" name="[200] /home/travis/build/icyphy/ptII/ptolemy/actor/lib/test/auto/LevelCrossTest5.xml (RunModel)" time="0.017" />
  <testcase classname="ptolemy.util.test.junit.AutoTests" name="[201] /home/travis/build/icyphy/ptII/ptolemy/actor/lib/test/auto/LevelCrossTest6.xml (RunModel)" time="0.018" />
  <testcase classname="ptolemy.util.test.junit.AutoTests" name="[202] /home/travis/build/icyphy/ptII/ptolemy/actor/lib/test/auto/LevelCrossTest7.xml (RunModel)" time="0.018" />
  <testcase classname="ptolemy.util.test.junit.AutoTests" name="[203] /home/travis/build/icyphy/ptII/ptolemy/actor/lib/test/auto/LevelCrossTest8.xml (RunModel)" time="0.016" />
  <testcase classname="ptolemy.util.test.junit.AutoTests" name="[204] /home/travis/build/icyphy/ptII/ptolemy/actor/lib/test/auto/LevelCrossTest9.xml (RunModel)" time="0.015" />
  <testcase classname="ptolemy.util.test.junit.AutoTests" name="[205] /home/travis/build/icyphy/ptII/ptolemy/actor/lib/test/auto/LevinsonDurbin.xml (RunModel)" time="0.017" />
  <testcase classname="ptolemy.util.test.junit.AutoTests" name="[206] /home/travis/build/icyphy/ptII/ptolemy/actor/lib/test/auto/LevinsonDurbin2.xml (RunModel)" time="0.018" />
  <testcase classname="ptolemy.util.test.junit.AutoTests" name="[207] /home/travis/build/icyphy/ptII/ptolemy/actor/lib/test/auto/LevinsonDurbin3.xml (RunModel)" time="0.014" />
  <testcase classname="ptolemy.util.test.junit.AutoTests" name="[208] /home/travis/build/icyphy/ptII/ptolemy/actor/lib/test/auto/Limiter.xml (RunModel)" time="0.045" />
  <testcase classname="ptolemy.util.test.junit.AutoTests" name="[209] /home/travis/build/icyphy/ptII/ptolemy/actor/lib/test/auto/LinearDifferenceEquationSystem.xml (RunModel)" time="0.026" />
  <testcase classname="ptolemy.util.test.junit.AutoTests" name="[210] /home/travis/build/icyphy/ptII/ptolemy/actor/lib/test/auto/LookupTable.xml (RunModel)" time="0.011" />
  <testcase classname="ptolemy.util.test.junit.AutoTests" name="[211] /home/travis/build/icyphy/ptII/ptolemy/actor/lib/test/auto/MathFunction.xml (RunModel)" time="0.029" />
  <testcase classname="ptolemy.util.test.junit.AutoTests" name="[212] /home/travis/build/icyphy/ptII/ptolemy/actor/lib/test/auto/MathFunction2.xml (RunModel)" time="0.019" />
  <testcase classname="ptolemy.util.test.junit.AutoTests" name="[213] /home/travis/build/icyphy/ptII/ptolemy/actor/lib/test/auto/MathFunction3.xml (RunModel)" time="0.023" />
  <testcase classname="ptolemy.util.test.junit.AutoTests" name="[214] /home/travis/build/icyphy/ptII/ptolemy/actor/lib/test/auto/MatrixCropBoolean.xml (RunModel)" time="0.015" />
  <testcase classname="ptolemy.util.test.junit.AutoTests" name="[215] /home/travis/build/icyphy/ptII/ptolemy/actor/lib/test/auto/MatrixCropComplex.xml (RunModel)" time="0.012" />
  <testcase classname="ptolemy.util.test.junit.AutoTests" name="[216] /home/travis/build/icyphy/ptII/ptolemy/actor/lib/test/auto/MatrixCropDouble.xml (RunModel)" time="0.013" />
  <testcase classname="ptolemy.util.test.junit.AutoTests" name="[217] /home/travis/build/icyphy/ptII/ptolemy/actor/lib/test/auto/MatrixCropFix.xml (RunModel)" time="0.017" />
  <testcase classname="ptolemy.util.test.junit.AutoTests" name="[218] /home/travis/build/icyphy/ptII/ptolemy/actor/lib/test/auto/MatrixCropInt.xml (RunModel)" time="0.012" />
  <testcase classname="ptolemy.util.test.junit.AutoTests" name="[219] /home/travis/build/icyphy/ptII/ptolemy/actor/lib/test/auto/MatrixCropLong.xml (RunModel)" time="0.01" />
  <testcase classname="ptolemy.util.test.junit.AutoTests" name="[220] /home/travis/build/icyphy/ptII/ptolemy/actor/lib/test/auto/MatrixToArray.xml (RunModel)" time="0.06" />
  <testcase classname="ptolemy.util.test.junit.AutoTests" name="[221] /home/travis/build/icyphy/ptII/ptolemy/actor/lib/test/auto/MaxIndex.xml (RunModel)" time="0.015" />
  <testcase classname="ptolemy.util.test.junit.AutoTests" name="[222] /home/travis/build/icyphy/ptII/ptolemy/actor/lib/test/auto/Maximum.xml (RunModel)" time="0.015" />
  <testcase classname="ptolemy.util.test.junit.AutoTests" name="[223] /home/travis/build/icyphy/ptII/ptolemy/actor/lib/test/auto/MaximumComplex.xml (RunModel)" time="0.016" />
  <testcase classname="ptolemy.util.test.junit.AutoTests" name="[224] /home/travis/build/icyphy/ptII/ptolemy/actor/lib/test/auto/MethodCallTest.xml (RunModel)" time="0.028" />
  <testcase classname="ptolemy.util.test.junit.AutoTests" name="[225] /home/travis/build/icyphy/ptII/ptolemy/actor/lib/test/auto/Minimum.xml (RunModel)" time="0.017" />
  <testcase classname="ptolemy.util.test.junit.AutoTests" name="[226] /home/travis/build/icyphy/ptII/ptolemy/actor/lib/test/auto/MinimumComplex.xml (RunModel)" time="0.029" />
  <testcase classname="ptolemy.util.test.junit.AutoTests" name="[227] /home/travis/build/icyphy/ptII/ptolemy/actor/lib/test/auto/MinimumMultiports.xml (RunModel)" time="0.022" />
  <testcase classname="ptolemy.util.test.junit.AutoTests" name="[228] /home/travis/build/icyphy/ptII/ptolemy/actor/lib/test/auto/ModifyDate.xml (RunModel)" time="0.052" />
  <testcase classname="ptolemy.util.test.junit.AutoTests" name="[229] /home/travis/build/icyphy/ptII/ptolemy/actor/lib/test/auto/ModifyDate2.xml (RunModel)" time="0.029" />
  <testcase classname="ptolemy.util.test.junit.AutoTests" name="[230] /home/travis/build/icyphy/ptII/ptolemy/actor/lib/test/auto/MovingAverage.xml (RunModel)" time="0.012" />
  <testcase classname="ptolemy.util.test.junit.AutoTests" name="[231] /home/travis/build/icyphy/ptII/ptolemy/actor/lib/test/auto/MovingMaximum.xml (RunModel)" time="0.012" />
  <testcase classname="ptolemy.util.test.junit.AutoTests" name="[232] /home/travis/build/icyphy/ptII/ptolemy/actor/lib/test/auto/MultipleLinksToSameRelation.xml (RunModel)" time="0.008" />
  <testcase classname="ptolemy.util.test.junit.AutoTests" name="[233] /home/travis/build/icyphy/ptII/ptolemy/actor/lib/test/auto/MultipleLinksToSameRelationDE.xml (RunModel)" time="0.01" />
  <testcase classname="ptolemy.util.test.junit.AutoTests" name="[234] /home/travis/build/icyphy/ptII/ptolemy/actor/lib/test/auto/Multiplexor.xml (RunModel)" time="0.013" />
  <testcase classname="ptolemy.util.test.junit.AutoTests" name="[235] /home/travis/build/icyphy/ptII/ptolemy/actor/lib/test/auto/Multiplexor1.xml (RunModel)" time="0.014" />
  <testcase classname="ptolemy.util.test.junit.AutoTests" name="[236] /home/travis/build/icyphy/ptII/ptolemy/actor/lib/test/auto/Multiplexor2.xml (RunModel)" time="0.015" />
  <testcase classname="ptolemy.util.test.junit.AutoTests" name="[237] /home/travis/build/icyphy/ptII/ptolemy/actor/lib/test/auto/Multiplexor3.xml (RunModel)" time="0.011" />
  <testcase classname="ptolemy.util.test.junit.AutoTests" name="[238] /home/travis/build/icyphy/ptII/ptolemy/actor/lib/test/auto/MultiplexorDE.xml (RunModel)" time="0.025" />
  <testcase classname="ptolemy.util.test.junit.AutoTests" name="[239] /home/travis/build/icyphy/ptII/ptolemy/actor/lib/test/auto/MultiportBroadcastTest.xml (RunModel)" time="0.102" />
  <testcase classname="ptolemy.util.test.junit.AutoTests" name="[240] /home/travis/build/icyphy/ptII/ptolemy/actor/lib/test/auto/MultiportOutHangDuringGetWidth.xml (RunModel)" time="0.036" />
  <testcase classname="ptolemy.util.test.junit.AutoTests" name="[241] /home/travis/build/icyphy/ptII/ptolemy/actor/lib/test/auto/NilToken.xml (RunModel)" time="0.011" />
  <testcase classname="ptolemy.util.test.junit.AutoTests" name="[242] /home/travis/build/icyphy/ptII/ptolemy/actor/lib/test/auto/NilTokenNonStrictTest.xml (RunModel)" time="0.014" />
  <testcase classname="ptolemy.util.test.junit.AutoTests" name="[243] /home/travis/build/icyphy/ptII/ptolemy/actor/lib/test/auto/NilTokenRecord.xml (RunModel)" time="0.027" />
  <testcase classname="ptolemy.util.test.junit.AutoTests" name="[244] /home/travis/build/icyphy/ptII/ptolemy/actor/lib/test/auto/NilTokenTypeTest.xml (RunModel)" time="0.036" />
  <testcase classname="ptolemy.util.test.junit.AutoTests" name="[245] /home/travis/build/icyphy/ptII/ptolemy/actor/lib/test/auto/ObjectToken1.xml (RunModel)" time="0.01" />
  <testcase classname="ptolemy.util.test.junit.AutoTests" name="[246] /home/travis/build/icyphy/ptII/ptolemy/actor/lib/test/auto/OrderedMerge.xml (RunModel)" time="0.015" />
  <testcase classname="ptolemy.util.test.junit.AutoTests" name="[247] /home/travis/build/icyphy/ptII/ptolemy/actor/lib/test/auto/OrderedRecordDisassembler.xml (RunModel)" time="0.022" />
  <testcase classname="ptolemy.util.test.junit.AutoTests" name="[248] /home/travis/build/icyphy/ptII/ptolemy/actor/lib/test/auto/OrderedRecordDisassembler2.xml (RunModel)" time="0.02" />
  <testcase classname="ptolemy.util.test.junit.AutoTests" name="[249] /home/travis/build/icyphy/ptII/ptolemy/actor/lib/test/auto/OrderedRecordUpdater.xml (RunModel)" time="0.012" />
  <testcase classname="ptolemy.util.test.junit.AutoTests" name="[250] /home/travis/build/icyphy/ptII/ptolemy/actor/lib/test/auto/OrderedRecordUpdater2.xml (RunModel)" time="0.02" />
  <testcase classname="ptolemy.util.test.junit.AutoTests" name="[251] /home/travis/build/icyphy/ptII/ptolemy/actor/lib/test/auto/PhaseUnwrap.xml (RunModel)" time="0.013" />
  <testcase classname="ptolemy.util.test.junit.AutoTests" name="[252] /home/travis/build/icyphy/ptII/ptolemy/actor/lib/test/auto/PoissonClock.xml (RunModel)" time="0.012" />
  <testcase classname="ptolemy.util.test.junit.AutoTests" name="[253] /home/travis/build/icyphy/ptII/ptolemy/actor/lib/test/auto/PoissonClock2.xml (RunModel)" time="0.008" />
  <testcase classname="ptolemy.util.test.junit.AutoTests" name="[254] /home/travis/build/icyphy/ptII/ptolemy/actor/lib/test/auto/PoissonClock3.xml (RunModel)" time="0.028" />
  <testcase classname="ptolemy.util.test.junit.AutoTests" name="[255] /home/travis/build/icyphy/ptII/ptolemy/actor/lib/test/auto/PubSubWithInitialTokens.xml (RunModel)" time="0.012" />
  <testcase classname="ptolemy.util.test.junit.AutoTests" name="[256] /home/travis/build/icyphy/ptII/ptolemy/actor/lib/test/auto/PubSubWithInitialTokens2.xml (RunModel)" time="0.012" />
  <testcase classname="ptolemy.util.test.junit.AutoTests" name="[257] /home/travis/build/icyphy/ptII/ptolemy/actor/lib/test/auto/PublisherClassNoParameter.xml (RunModel)" time="0.034" />
  <testcase classname="ptolemy.util.test.junit.AutoTests" name="[258] /home/travis/build/icyphy/ptII/ptolemy/actor/lib/test/auto/PublisherClassParameter.xml (RunModel)" time="0.021" />
  <testcase classname="ptolemy.util.test.junit.AutoTests" name="[259] /home/travis/build/icyphy/ptII/ptolemy/actor/lib/test/auto/PublisherNonStrictTest.xml (RunModel)" time="0.016" />
  <testcase classname="ptolemy.util.test.junit.AutoTests" name="[260] /home/travis/build/icyphy/ptII/ptolemy/actor/lib/test/auto/PublisherPort1.xml (RunModel)" time="0.022" />
  <testcase classname="ptolemy.util.test.junit.AutoTests" name="[261] /home/travis/build/icyphy/ptII/ptolemy/actor/lib/test/auto/PublisherPort2.xml (RunModel)" time="0.011" />
  <testcase classname="ptolemy.util.test.junit.AutoTests" name="[262] /home/travis/build/icyphy/ptII/ptolemy/actor/lib/test/auto/PublisherPort3.xml (RunModel)" time="0.012" />
  <testcase classname="ptolemy.util.test.junit.AutoTests" name="[263] /home/travis/build/icyphy/ptII/ptolemy/actor/lib/test/auto/PublisherPort4.xml (RunModel)" time="0.014" />
  <testcase classname="ptolemy.util.test.junit.AutoTests" name="[264] /home/travis/build/icyphy/ptII/ptolemy/actor/lib/test/auto/PublisherPort5.xml (RunModel)" time="0.017" />
  <testcase classname="ptolemy.util.test.junit.AutoTests" name="[265] /home/travis/build/icyphy/ptII/ptolemy/actor/lib/test/auto/PublisherPort5LookAlike.xml (RunModel)" time="0.018" />
  <testcase classname="ptolemy.util.test.junit.AutoTests" name="[266] /home/travis/build/icyphy/ptII/ptolemy/actor/lib/test/auto/PublisherPort6.xml (RunModel)" time="0.017" />
  <testcase classname="ptolemy.util.test.junit.AutoTests" name="[267] /home/travis/build/icyphy/ptII/ptolemy/actor/lib/test/auto/PublisherPort7.xml (RunModel)" time="0.014" />
  <testcase classname="ptolemy.util.test.junit.AutoTests" name="[268] /home/travis/build/icyphy/ptII/ptolemy/actor/lib/test/auto/PublisherPort8.xml (RunModel)" time="0.027" />
  <testcase classname="ptolemy.util.test.junit.AutoTests" name="[269] /home/travis/build/icyphy/ptII/ptolemy/actor/lib/test/auto/PublisherPortSubscriberChannelVariablesAOC2.xml (RunModel)" time="0.037" />
  <testcase classname="ptolemy.util.test.junit.AutoTests" name="[270] /home/travis/build/icyphy/ptII/ptolemy/actor/lib/test/auto/PublisherPortSubscriberOpaqueWidthInference.xml (RunModel)" time="0.015" />
  <testcase classname="ptolemy.util.test.junit.AutoTests" name="[271] /home/travis/build/icyphy/ptII/ptolemy/actor/lib/test/auto/PublisherPortSubscriberPortAdjacent.xml (RunModel)" time="0.021" />
  <testcase classname="ptolemy.util.test.junit.AutoTests" name="[272] /home/travis/build/icyphy/ptII/ptolemy/actor/lib/test/auto/PublisherPortSubscriberPortExpression.xml (RunModel)" time="0.024" />
  <testcase classname="ptolemy.util.test.junit.AutoTests" name="[273] /home/travis/build/icyphy/ptII/ptolemy/actor/lib/test/auto/PublisherPortSubscriberPortOpaqueD3Reverse.xml (RunModel)" time="0.04" />
  <testcase classname="ptolemy.util.test.junit.AutoTests" name="[274] /home/travis/build/icyphy/ptII/ptolemy/actor/lib/test/auto/PublisherPortSubscriberPortOpaqueWidthInference.xml (RunModel)" time="0.019" />
  <testcase classname="ptolemy.util.test.junit.AutoTests" name="[275] /home/travis/build/icyphy/ptII/ptolemy/actor/lib/test/auto/PublisherPortToplevelSubscriberPortAOC.xml (RunModel)" time="0.011" />
  <testcase classname="ptolemy.util.test.junit.AutoTests" name="[276] /home/travis/build/icyphy/ptII/ptolemy/actor/lib/test/auto/PublisherSubscriber.xml (RunModel)" time="0.014" />
  <testcase classname="ptolemy.util.test.junit.AutoTests" name="[277] /home/travis/build/icyphy/ptII/ptolemy/actor/lib/test/auto/PublisherSubscriber10.xml (RunModel)" time="0.023" />
  <testcase classname="ptolemy.util.test.junit.AutoTests" name="[278] /home/travis/build/icyphy/ptII/ptolemy/actor/lib/test/auto/PublisherSubscriber10InitialOutputs.xml (RunModel)" time="0.028" />
  <testcase classname="ptolemy.util.test.junit.AutoTests" name="[279] /home/travis/build/icyphy/ptII/ptolemy/actor/lib/test/auto/PublisherSubscriber11.xml (RunModel)" time="0.018" />
  <testcase classname="ptolemy.util.test.junit.AutoTests" name="[280] /home/travis/build/icyphy/ptII/ptolemy/actor/lib/test/auto/PublisherSubscriber12.xml (RunModel)" time="0.025" />
  <testcase classname="ptolemy.util.test.junit.AutoTests" name="[281] /home/travis/build/icyphy/ptII/ptolemy/actor/lib/test/auto/PublisherSubscriber13.xml (RunModel)" time="0.015" />
  <testcase classname="ptolemy.util.test.junit.AutoTests" name="[282] /home/travis/build/icyphy/ptII/ptolemy/actor/lib/test/auto/PublisherSubscriber14.xml (RunModel)" time="0.034" />
  <testcase classname="ptolemy.util.test.junit.AutoTests" name="[283] /home/travis/build/icyphy/ptII/ptolemy/actor/lib/test/auto/PublisherSubscriber2.xml (RunModel)" time="0.012" />
  <testcase classname="ptolemy.util.test.junit.AutoTests" name="[284] /home/travis/build/icyphy/ptII/ptolemy/actor/lib/test/auto/PublisherSubscriber3.xml (RunModel)" time="0.011" />
  <testcase classname="ptolemy.util.test.junit.AutoTests" name="[285] /home/travis/build/icyphy/ptII/ptolemy/actor/lib/test/auto/PublisherSubscriber4.xml (RunModel)" time="0.011" />
  <testcase classname="ptolemy.util.test.junit.AutoTests" name="[286] /home/travis/build/icyphy/ptII/ptolemy/actor/lib/test/auto/PublisherSubscriber5.xml (RunModel)" time="0.013" />
  <testcase classname="ptolemy.util.test.junit.AutoTests" name="[287] /home/travis/build/icyphy/ptII/ptolemy/actor/lib/test/auto/PublisherSubscriber6.xml (RunModel)" time="0.018" />
  <testcase classname="ptolemy.util.test.junit.AutoTests" name="[288] /home/travis/build/icyphy/ptII/ptolemy/actor/lib/test/auto/PublisherSubscriber7.xml (RunModel)" time="0.021" />
  <testcase classname="ptolemy.util.test.junit.AutoTests" name="[289] /home/travis/build/icyphy/ptII/ptolemy/actor/lib/test/auto/PublisherSubscriber8.xml (RunModel)" time="0.042" />
  <testcase classname="ptolemy.util.test.junit.AutoTests" name="[290] /home/travis/build/icyphy/ptII/ptolemy/actor/lib/test/auto/PublisherSubscriber9.xml (RunModel)" time="0.024" />
  <testcase classname="ptolemy.util.test.junit.AutoTests" name="[291] /home/travis/build/icyphy/ptII/ptolemy/actor/lib/test/auto/PublisherSubscriberAdjacent.xml (RunModel)" time="0.017" />
  <testcase classname="ptolemy.util.test.junit.AutoTests" name="[292] /home/travis/build/icyphy/ptII/ptolemy/actor/lib/test/auto/PublisherSubscriberChannelVariablesAOC2.xml (RunModel)" time="0.029" />
  <testcase classname="ptolemy.util.test.junit.AutoTests" name="[293] /home/travis/build/icyphy/ptII/ptolemy/actor/lib/test/auto/PublisherSubscriberD3.xml (RunModel)" time="0.014" />
  <testcase classname="ptolemy.util.test.junit.AutoTests" name="[294] /home/travis/build/icyphy/ptII/ptolemy/actor/lib/test/auto/PublisherSubscriberD3Reverse.xml (RunModel)" time="0.012" />
  <testcase classname="ptolemy.util.test.junit.AutoTests" name="[295] /home/travis/build/icyphy/ptII/ptolemy/actor/lib/test/auto/PublisherSubscriberExpression.xml (RunModel)" time="0.017" />
  <testcase classname="ptolemy.util.test.junit.AutoTests" name="[296] /home/travis/build/icyphy/ptII/ptolemy/actor/lib/test/auto/PublisherSubscriberOpaque.xml (RunModel)" time="0.016" />
  <testcase classname="ptolemy.util.test.junit.AutoTests" name="[297] /home/travis/build/icyphy/ptII/ptolemy/actor/lib/test/auto/PublisherSubscriberOpaqueD3.xml (RunModel)" time="0.024" />
  <testcase classname="ptolemy.util.test.junit.AutoTests" name="[298] /home/travis/build/icyphy/ptII/ptolemy/actor/lib/test/auto/PublisherSubscriberOpaqueD3Reverse.xml (RunModel)" time="0.023" />
  <testcase classname="ptolemy.util.test.junit.AutoTests" name="[299] /home/travis/build/icyphy/ptII/ptolemy/actor/lib/test/auto/PublisherSubscriberOpaqueWidthInference.xml (RunModel)" time="0.023" />
  <testcase classname="ptolemy.util.test.junit.AutoTests" name="[300] /home/travis/build/icyphy/ptII/ptolemy/actor/lib/test/auto/PublisherTestSubscriber.xml (RunModel)" time="0.016" />
  <testcase classname="ptolemy.util.test.junit.AutoTests" name="[301] /home/travis/build/icyphy/ptII/ptolemy/actor/lib/test/auto/PublisherToplevelSubscriberPortAOC.xml (RunModel)" time="0.011" />
  <testcase classname="ptolemy.util.test.junit.AutoTests" name="[302] /home/travis/build/icyphy/ptII/ptolemy/actor/lib/test/auto/PulseFiringLimitDE.xml (RunModel)" time="0.013" />
  <testcase classname="ptolemy.util.test.junit.AutoTests" name="[303] /home/travis/build/icyphy/ptII/ptolemy/actor/lib/test/auto/Ramp1.xml (RunModel)" time="0.007" />
  <testcase classname="ptolemy.util.test.junit.AutoTests" name="[304] /home/travis/build/icyphy/ptII/ptolemy/actor/lib/test/auto/RampFiringLimitDE.xml (RunModel)" time="0.015" />
  <testcase classname="ptolemy.util.test.junit.AutoTests" name="[305] /home/travis/build/icyphy/ptII/ptolemy/actor/lib/test/auto/RampFiringLimitSDF.xml (RunModel)" time="0.013" />
  <testcase classname="ptolemy.util.test.junit.AutoTests" name="[306] /home/travis/build/icyphy/ptII/ptolemy/actor/lib/test/auto/RandomInteger.xml (RunModel)" time="0.009" />
  <testcase classname="ptolemy.util.test.junit.AutoTests" name="[307] /home/travis/build/icyphy/ptII/ptolemy/actor/lib/test/auto/ReadFile1.xml (RunModel)" time="0.01" />
  <testcase classname="ptolemy.util.test.junit.AutoTests" name="[308] /home/travis/build/icyphy/ptII/ptolemy/actor/lib/test/auto/ReadFile2.xml (RunModel)" time="0.013" />
  <testcase classname="ptolemy.util.test.junit.AutoTests" name="[309] /home/travis/build/icyphy/ptII/ptolemy/actor/lib/test/auto/Reader.xml (RunModel)" time="0.01" />
  <testcase classname="ptolemy.util.test.junit.AutoTests" name="[310] /home/travis/build/icyphy/ptII/ptolemy/actor/lib/test/auto/RecordAssemblerDisplayNameTest.xml (RunModel)" time="3.839" />
  <testcase classname="ptolemy.util.test.junit.AutoTests" name="[311] /home/travis/build/icyphy/ptII/ptolemy/actor/lib/test/auto/RecordAssemblerTypeError.xml (RunModel)" time="0.028" />
  <testcase classname="ptolemy.util.test.junit.AutoTests" name="[312] /home/travis/build/icyphy/ptII/ptolemy/actor/lib/test/auto/RecordDisassember.xml (RunModel)" time="0.01" />
  <testcase classname="ptolemy.util.test.junit.AutoTests" name="[313] /home/travis/build/icyphy/ptII/ptolemy/actor/lib/test/auto/RecordDisassemberDisplayNameTest.xml (RunModel)" time="0.02" />
  <testcase classname="ptolemy.util.test.junit.AutoTests" name="[314] /home/travis/build/icyphy/ptII/ptolemy/actor/lib/test/auto/RecordDisassembler.xml (RunModel)" time="0.011" />
  <testcase classname="ptolemy.util.test.junit.AutoTests" name="[315] /home/travis/build/icyphy/ptII/ptolemy/actor/lib/test/auto/RecordDisassembler2.xml (RunModel)" time="0.011" />
  <testcase classname="ptolemy.util.test.junit.AutoTests" name="[316] /home/travis/build/icyphy/ptII/ptolemy/actor/lib/test/auto/RecordUpdater.xml (RunModel)" time="0.012" />
  <testcase classname="ptolemy.util.test.junit.AutoTests" name="[317] /home/travis/build/icyphy/ptII/ptolemy/actor/lib/test/auto/RecordUpdater2.xml (RunModel)" time="0.009" />
  <testcase classname="ptolemy.util.test.junit.AutoTests" name="[318] /home/travis/build/icyphy/ptII/ptolemy/actor/lib/test/auto/RecursiveLattice.xml (RunModel)" time="0.01" />
  <testcase classname="ptolemy.util.test.junit.AutoTests" name="[319] /home/travis/build/icyphy/ptII/ptolemy/actor/lib/test/auto/Router.xml (RunModel)" time="3.042" />
  <testcase classname="ptolemy.util.test.junit.AutoTests" name="[320] /home/travis/build/icyphy/ptII/ptolemy/actor/lib/test/auto/Router2.xml (RunModel)" time="3.032" />
  <testcase classname="ptolemy.util.test.junit.AutoTests" name="[321] /home/travis/build/icyphy/ptII/ptolemy/actor/lib/test/auto/RunningMaximum.xml (RunModel)" time="0.028" />
  <testcase classname="ptolemy.util.test.junit.AutoTests" name="[322] /home/travis/build/icyphy/ptII/ptolemy/actor/lib/test/auto/RunningMinimum.xml (RunModel)" time="0.021" />
  <testcase classname="ptolemy.util.test.junit.AutoTests" name="[323] /home/travis/build/icyphy/ptII/ptolemy/actor/lib/test/auto/Scale.xml (RunModel)" time="0.011" />
  <testcase classname="ptolemy.util.test.junit.AutoTests" name="[324] /home/travis/build/icyphy/ptII/ptolemy/actor/lib/test/auto/Scale2.xml (RunModel)" time="0.011" />
  <testcase classname="ptolemy.util.test.junit.AutoTests" name="[325] /home/travis/build/icyphy/ptII/ptolemy/actor/lib/test/auto/Scale3.xml (RunModel)" time="0.02" />
  <testcase classname="ptolemy.util.test.junit.AutoTests" name="[326] /home/travis/build/icyphy/ptII/ptolemy/actor/lib/test/auto/ScaleArray.xml (RunModel)" time="0.009" />
  <testcase classname="ptolemy.util.test.junit.AutoTests" name="[327] /home/travis/build/icyphy/ptII/ptolemy/actor/lib/test/auto/ScaleArray2.xml (RunModel)" time="0.01" />
  <testcase classname="ptolemy.util.test.junit.AutoTests" name="[328] /home/travis/build/icyphy/ptII/ptolemy/actor/lib/test/auto/ScaleMatrix.xml (RunModel)" time="0.149" />
  <testcase classname="ptolemy.util.test.junit.AutoTests" name="[329] /home/travis/build/icyphy/ptII/ptolemy/actor/lib/test/auto/Select.xml (RunModel)" time="0.015" />
  <testcase classname="ptolemy.util.test.junit.AutoTests" name="[330] /home/travis/build/icyphy/ptII/ptolemy/actor/lib/test/auto/Select2.xml (RunModel)" time="0.011" />
  <testcase classname="ptolemy.util.test.junit.AutoTests" name="[331] /home/travis/build/icyphy/ptII/ptolemy/actor/lib/test/auto/SequenceToArray2.xml (RunModel)" time="0.127" />
  <testcase classname="ptolemy.util.test.junit.AutoTests" name="[332] /home/travis/build/icyphy/ptII/ptolemy/actor/lib/test/auto/SequentialClock.xml (RunModel)" time="0.011" />
  <testcase classname="ptolemy.util.test.junit.AutoTests" name="[333] /home/travis/build/icyphy/ptII/ptolemy/actor/lib/test/auto/SetVariable.xml (RunModel)" time="0.009" />
  <testcase classname="ptolemy.util.test.junit.AutoTests" name="[334] /home/travis/build/icyphy/ptII/ptolemy/actor/lib/test/auto/SetVariable2.xml (RunModel)" time="0.013" />
  <testcase classname="ptolemy.util.test.junit.AutoTests" name="[335] /home/travis/build/icyphy/ptII/ptolemy/actor/lib/test/auto/SetVariable3.xml (RunModel)" time="0.018" />
  <testcase classname="ptolemy.util.test.junit.AutoTests" name="[336] /home/travis/build/icyphy/ptII/ptolemy/actor/lib/test/auto/SetVariable4.xml (RunModel)" time="0.027" />
  <testcase classname="ptolemy.util.test.junit.AutoTests" name="[337] /home/travis/build/icyphy/ptII/ptolemy/actor/lib/test/auto/SetVariable5.xml (RunModel)" time="0.04" />
  <testcase classname="ptolemy.util.test.junit.AutoTests" name="[338] /home/travis/build/icyphy/ptII/ptolemy/actor/lib/test/auto/Sinewave.xml (RunModel)" time="0.029" />
  <testcase classname="ptolemy.util.test.junit.AutoTests" name="[339] /home/travis/build/icyphy/ptII/ptolemy/actor/lib/test/auto/Sinewave2.xml (RunModel)" time="0.017" />
  <testcase classname="ptolemy.util.test.junit.AutoTests" name="[340] /home/travis/build/icyphy/ptII/ptolemy/actor/lib/test/auto/Sinewave3.xml (RunModel)" time="0.023" />
  <testcase classname="ptolemy.util.test.junit.AutoTests" name="[341] /home/travis/build/icyphy/ptII/ptolemy/actor/lib/test/auto/SingleEvent.xml (RunModel)" time="0.007" />
  <testcase classname="ptolemy.util.test.junit.AutoTests" name="[342] /home/travis/build/icyphy/ptII/ptolemy/actor/lib/test/auto/Sleep.xml (RunModel)" time="6.031" />
  <testcase classname="ptolemy.util.test.junit.AutoTests" name="[343] /home/travis/build/icyphy/ptII/ptolemy/actor/lib/test/auto/SleepMultipleFire.xml (RunModel)" time="1.02" />
  <testcase classname="ptolemy.util.test.junit.AutoTests" name="[344] /home/travis/build/icyphy/ptII/ptolemy/actor/lib/test/auto/StopDE.xml (RunModel)" time="0.016" />
  <testcase classname="ptolemy.util.test.junit.AutoTests" name="[345] /home/travis/build/icyphy/ptII/ptolemy/actor/lib/test/auto/StopSDF.xml (RunModel)" time="0.014" />
  <testcase classname="ptolemy.util.test.junit.AutoTests" name="[346] /home/travis/build/icyphy/ptII/ptolemy/actor/lib/test/auto/StringConstant.xml (RunModel)" time="0.02" />
  <testcase classname="ptolemy.util.test.junit.AutoTests" name="[347] /home/travis/build/icyphy/ptII/ptolemy/actor/lib/test/auto/SubscriberPortInitialValues1.xml (RunModel)" time="0.029" />
  <testcase classname="ptolemy.util.test.junit.AutoTests" name="[348] /home/travis/build/icyphy/ptII/ptolemy/actor/lib/test/auto/SubscriberPortInitialValues13.xml (RunModel)" time="0.029" />
  <testcase classname="ptolemy.util.test.junit.AutoTests" name="[349] /home/travis/build/icyphy/ptII/ptolemy/actor/lib/test/auto/SubscriberPortInitialValues14.xml (RunModel)" time="0.023" />
  <testcase classname="ptolemy.util.test.junit.AutoTests" name="[350] /home/travis/build/icyphy/ptII/ptolemy/actor/lib/test/auto/SubscriberPortInitialValues2.xml (RunModel)" time="0.022" />
  <testcase classname="ptolemy.util.test.junit.AutoTests" name="[351] /home/travis/build/icyphy/ptII/ptolemy/actor/lib/test/auto/SubscriberPortInitialValues3.xml (RunModel)" time="0.023" />
  <testcase classname="ptolemy.util.test.junit.AutoTests" name="[352] /home/travis/build/icyphy/ptII/ptolemy/actor/lib/test/auto/SubscriptionAggregator.xml (RunModel)" time="0.015" />
  <testcase classname="ptolemy.util.test.junit.AutoTests" name="[353] /home/travis/build/icyphy/ptII/ptolemy/actor/lib/test/auto/SubscriptionAggregator2.xml (RunModel)" time="0.02" />
  <testcase classname="ptolemy.util.test.junit.AutoTests" name="[354] /home/travis/build/icyphy/ptII/ptolemy/actor/lib/test/auto/SubscriptionAggregator3.xml (RunModel)" time="0.016" />
  <testcase classname="ptolemy.util.test.junit.AutoTests" name="[355] /home/travis/build/icyphy/ptII/ptolemy/actor/lib/test/auto/SubscriptionAggregatorMultiply.xml (RunModel)" time="0.028" />
  <testcase classname="ptolemy.util.test.junit.AutoTests" name="[356] /home/travis/build/icyphy/ptII/ptolemy/actor/lib/test/auto/SubscriptionAggregatorPortMultiply1.xml (RunModel)" time="0.015" />
  <testcase classname="ptolemy.util.test.junit.AutoTests" name="[357] /home/travis/build/icyphy/ptII/ptolemy/actor/lib/test/auto/Switch.xml (RunModel)" time="0.02" />
  <testcase classname="ptolemy.util.test.junit.AutoTests" name="[358] /home/travis/build/icyphy/ptII/ptolemy/actor/lib/test/auto/Switch2.xml (RunModel)" time="0.014" />
  <testcase classname="ptolemy.util.test.junit.AutoTests" name="[359] /home/travis/build/icyphy/ptII/ptolemy/actor/lib/test/auto/SwitchDE.xml (RunModel)" time="0.015" />
  <testcase classname="ptolemy.util.test.junit.AutoTests" name="[360] /home/travis/build/icyphy/ptII/ptolemy/actor/lib/test/auto/SynchronizerDE.xml (RunModel)" time="0.024" />
  <testcase classname="ptolemy.util.test.junit.AutoTests" name="[361] /home/travis/build/icyphy/ptII/ptolemy/actor/lib/test/auto/Test.xml (RunModel)" time="0.02" />
  <testcase classname="ptolemy.util.test.junit.AutoTests" name="[362] /home/travis/build/icyphy/ptII/ptolemy/actor/lib/test/auto/TestExceptionAttribute1.xml (RunModel)" time="0.008" />
  <testcase classname="ptolemy.util.test.junit.AutoTests" name="[363] /home/travis/build/icyphy/ptII/ptolemy/actor/lib/test/auto/TestExceptionAttribute2.xml (RunModel)" time="0.009" />
  <testcase classname="ptolemy.util.test.junit.AutoTests" name="[364] /home/travis/build/icyphy/ptII/ptolemy/actor/lib/test/auto/TestExceptionAttribute3.xml (RunModel)" time="0.012" />
  <testcase classname="ptolemy.util.test.junit.AutoTests" name="[365] /home/travis/build/icyphy/ptII/ptolemy/actor/lib/test/auto/TestExceptionAttribute4.xml (RunModel)" time="0.009" />
  <testcase classname="ptolemy.util.test.junit.AutoTests" name="[366] /home/travis/build/icyphy/ptII/ptolemy/actor/lib/test/auto/TestExceptionHandler1.xml (RunModel)" time="0.011" />
  <testcase classname="ptolemy.util.test.junit.AutoTests" name="[367] /home/travis/build/icyphy/ptII/ptolemy/actor/lib/test/auto/TestExceptionHandler2.xml (RunModel)" time="0.01" />
  <testcase classname="ptolemy.util.test.junit.AutoTests" name="[368] /home/travis/build/icyphy/ptII/ptolemy/actor/lib/test/auto/TestExceptionHandler3.xml (RunModel)" time="0.009" />
  <testcase classname="ptolemy.util.test.junit.AutoTests" name="[369] /home/travis/build/icyphy/ptII/ptolemy/actor/lib/test/auto/TestExceptionHandler4.xml (RunModel)" time="0.007" />
  <testcase classname="ptolemy.util.test.junit.AutoTests" name="[370] /home/travis/build/icyphy/ptII/ptolemy/actor/lib/test/auto/TestRequireCorrectOrder.xml (RunModel)" time="0.015" />
  <testcase classname="ptolemy.util.test.junit.AutoTests" name="[371] /home/travis/build/icyphy/ptII/ptolemy/actor/lib/test/auto/TestSimple.xml (RunModel)" time="0.008" />
  <testcase classname="ptolemy.util.test.junit.AutoTests" name="[372] /home/travis/build/icyphy/ptII/ptolemy/actor/lib/test/auto/ThrowModelError.xml (RunModel)" time="0.012" />
  <testcase classname="ptolemy.util.test.junit.AutoTests" name="[373] /home/travis/build/icyphy/ptII/ptolemy/actor/lib/test/auto/TimeDelayMicrosteps.xml (RunModel)" time="0.014" />
  <testcase classname="ptolemy.util.test.junit.AutoTests" name="[374] /home/travis/build/icyphy/ptII/ptolemy/actor/lib/test/auto/TimeDelayMicrosteps2.xml (RunModel)" time="0.018" />
  <testcase classname="ptolemy.util.test.junit.AutoTests" name="[375] /home/travis/build/icyphy/ptII/ptolemy/actor/lib/test/auto/TimeDelayMicrosteps3.xml (RunModel)" time="0.013" />
  <testcase classname="ptolemy.util.test.junit.AutoTests" name="[376] /home/travis/build/icyphy/ptII/ptolemy/actor/lib/test/auto/TimeDelayVariableMicrosteps.xml (RunModel)" time="0.013" />
  <testcase classname="ptolemy.util.test.junit.AutoTests" name="[377] /home/travis/build/icyphy/ptII/ptolemy/actor/lib/test/auto/TimeGap.xml (RunModel)" time="0.017" />
  <testcase classname="ptolemy.util.test.junit.AutoTests" name="[378] /home/travis/build/icyphy/ptII/ptolemy/actor/lib/test/auto/TimeGap2.xml (RunModel)" time="0.013" />
  <testcase classname="ptolemy.util.test.junit.AutoTests" name="[379] /home/travis/build/icyphy/ptII/ptolemy/actor/lib/test/auto/TimedSinewave.xml (RunModel)" time="0.069" />
  <testcase classname="ptolemy.util.test.junit.AutoTests" name="[380] /home/travis/build/icyphy/ptII/ptolemy/actor/lib/test/auto/TimedSinewavePhase.xml (RunModel)" time="0.04" />
  <testcase classname="ptolemy.util.test.junit.AutoTests" name="[381] /home/travis/build/icyphy/ptII/ptolemy/actor/lib/test/auto/Timer.xml (RunModel)" time="0.018" />
  <testcase classname="ptolemy.util.test.junit.AutoTests" name="[382] /home/travis/build/icyphy/ptII/ptolemy/actor/lib/test/auto/TriangularDistTestModel.xml (RunModel)" time="0.018" />
  <testcase classname="ptolemy.util.test.junit.AutoTests" name="[383] /home/travis/build/icyphy/ptII/ptolemy/actor/lib/test/auto/TrigFunction.xml (RunModel)" time="0.011" />
  <testcase classname="ptolemy.util.test.junit.AutoTests" name="[384] /home/travis/build/icyphy/ptII/ptolemy/actor/lib/test/auto/TrigFunctionDE.xml (RunModel)" time="0.013" />
  <testcase classname="ptolemy.util.test.junit.AutoTests" name="[385] /home/travis/build/icyphy/ptII/ptolemy/actor/lib/test/auto/TrigFunctionInverse.xml (RunModel)" time="0.01" />
  <testcase classname="ptolemy.util.test.junit.AutoTests" name="[386] /home/travis/build/icyphy/ptII/ptolemy/actor/lib/test/auto/TrigFunctionTan.xml (RunModel)" time="0.008" />
  <testcase classname="ptolemy.util.test.junit.AutoTests" name="[387] /home/travis/build/icyphy/ptII/ptolemy/actor/lib/test/auto/TriggeredClock.xml (RunModel)" time="0.01" />
  <testcase classname="ptolemy.util.test.junit.AutoTests" name="[388] /home/travis/build/icyphy/ptII/ptolemy/actor/lib/test/auto/URLDirectoryReader.xml (RunModel)" time="0.127" />
  <testcase classname="ptolemy.util.test.junit.AutoTests" name="[389] /home/travis/build/icyphy/ptII/ptolemy/actor/lib/test/auto/URLDirectoryReader3.xml (RunModel)" time="1.361" />
  <testcase classname="ptolemy.util.test.junit.AutoTests" name="[390] /home/travis/build/icyphy/ptII/ptolemy/actor/lib/test/auto/UnaryMathFunction.xml (RunModel)" time="0.038" />
  <testcase classname="ptolemy.util.test.junit.AutoTests" name="[391] /home/travis/build/icyphy/ptII/ptolemy/actor/lib/test/auto/Uniform.xml (RunModel)" time="0.013" />
  <testcase classname="ptolemy.util.test.junit.AutoTests" name="[392] /home/travis/build/icyphy/ptII/ptolemy/actor/lib/test/auto/UnionDisassemblerTest.xml (RunModel)" time="0.02" />
  <testcase classname="ptolemy.util.test.junit.AutoTests" name="[393] /home/travis/build/icyphy/ptII/ptolemy/actor/lib/test/auto/UtilityFunctions.xml (RunModel)" time="0.009" />
  <testcase classname="ptolemy.util.test.junit.AutoTests" name="[394] /home/travis/build/icyphy/ptII/ptolemy/actor/lib/test/auto/VariableSleep.xml (RunModel)" time="0.513" />
  <testcase classname="ptolemy.util.test.junit.AutoTests" name="[395] /home/travis/build/icyphy/ptII/ptolemy/actor/lib/test/auto/VectorAssemblerDisassemblerCT.xml (RunModel)" time="0.127" />
  <testcase classname="ptolemy.util.test.junit.AutoTests" name="[396] /home/travis/build/icyphy/ptII/ptolemy/actor/lib/test/auto/VectorAssemblerDisassemblerDE.xml (RunModel)" time="0.014" />
  <testcase classname="ptolemy.util.test.junit.AutoTests" name="[397] /home/travis/build/icyphy/ptII/ptolemy/actor/lib/test/auto/VectorAssemblerDisassemblerSDF.xml (RunModel)" time="0.013" />
  <testcase classname="ptolemy.util.test.junit.AutoTests" name="[398] /home/travis/build/icyphy/ptII/ptolemy/actor/lib/test/auto/WallClockTime.xml (RunModel)" time="1.014" />
  <testcase classname="ptolemy.util.test.junit.AutoTests" name="[399] /home/travis/build/icyphy/ptII/ptolemy/actor/lib/test/auto/WidthTestWithSubscriberPublisher.xml (RunModel)" time="0.038" />
  <testcase classname="ptolemy.util.test.junit.AutoTests" name="[400] /home/travis/build/icyphy/ptII/ptolemy/actor/lib/test/auto/WidthTestWithSubscriberPublisher2.xml (RunModel)" time="0.019" />
  <testcase classname="ptolemy.util.test.junit.AutoTests" name="[401] /home/travis/build/icyphy/ptII/ptolemy/actor/lib/test/auto/WidthTestWithSubscriberPublisher3.xml (RunModel)" time="0.01" />
  <testcase classname="ptolemy.util.test.junit.AutoTests" name="[402] /home/travis/build/icyphy/ptII/ptolemy/actor/lib/test/auto/Writer.xml (RunModel)" time="0.008" />
  <testcase classname="ptolemy.util.test.junit.AutoTests" name="[403] /home/travis/build/icyphy/ptII/ptolemy/actor/lib/test/auto/array.xml (RunModel)" time="0.022" />
  <testcase classname="ptolemy.util.test.junit.AutoTests" name="[404] /home/travis/build/icyphy/ptII/ptolemy/actor/lib/test/auto/array2.xml (RunModel)" time="0.019" />
  <testcase classname="ptolemy.util.test.junit.AutoTests" name="[405] /home/travis/build/icyphy/ptII/ptolemy/actor/lib/test/auto/arrayType.xml (RunModel)" time="0.011" />
  <testcase classname="ptolemy.util.test.junit.AutoTests" name="[406] /home/travis/build/icyphy/ptII/ptolemy/actor/lib/test/auto/arrayType10.xml (RunModel)" time="0.008" />
  <testcase classname="ptolemy.util.test.junit.AutoTests" name="[407] /home/travis/build/icyphy/ptII/ptolemy/actor/lib/test/auto/arrayType11.xml (RunModel)" time="0.008" />
  <testcase classname="ptolemy.util.test.junit.AutoTests" name="[408] /home/travis/build/icyphy/ptII/ptolemy/actor/lib/test/auto/arrayType12.xml (RunModel)" time="0.01" />
  <testcase classname="ptolemy.util.test.junit.AutoTests" name="[409] /home/travis/build/icyphy/ptII/ptolemy/actor/lib/test/auto/arrayType13.xml (RunModel)" time="0.009" />
  <testcase classname="ptolemy.util.test.junit.AutoTests" name="[410] /home/travis/build/icyphy/ptII/ptolemy/actor/lib/test/auto/arrayType14.xml (RunModel)" time="0.008" />
  <testcase classname="ptolemy.util.test.junit.AutoTests" name="[411] /home/travis/build/icyphy/ptII/ptolemy/actor/lib/test/auto/arrayType15.xml (RunModel)" time="0.01" />
  <testcase classname="ptolemy.util.test.junit.AutoTests" name="[412] /home/travis/build/icyphy/ptII/ptolemy/actor/lib/test/auto/arrayType16.xml (RunModel)" time="0.009" />
  <testcase classname="ptolemy.util.test.junit.AutoTests" name="[413] /home/travis/build/icyphy/ptII/ptolemy/actor/lib/test/auto/arrayType17.xml (RunModel)" time="0.009" />
  <testcase classname="ptolemy.util.test.junit.AutoTests" name="[414] /home/travis/build/icyphy/ptII/ptolemy/actor/lib/test/auto/arrayType18.xml (RunModel)" time="0.008" />
  <testcase classname="ptolemy.util.test.junit.AutoTests" name="[415] /home/travis/build/icyphy/ptII/ptolemy/actor/lib/test/auto/arrayType19.xml (RunModel)" time="0.008" />
  <testcase classname="ptolemy.util.test.junit.AutoTests" name="[416] /home/travis/build/icyphy/ptII/ptolemy/actor/lib/test/auto/arrayType2.xml (RunModel)" time="0.009" />
  <testcase classname="ptolemy.util.test.junit.AutoTests" name="[417] /home/travis/build/icyphy/ptII/ptolemy/actor/lib/test/auto/arrayType20.xml (RunModel)" time="0.008" />
  <testcase classname="ptolemy.util.test.junit.AutoTests" name="[418] /home/travis/build/icyphy/ptII/ptolemy/actor/lib/test/auto/arrayType21.xml (RunModel)" time="0.008" />
  <testcase classname="ptolemy.util.test.junit.AutoTests" name="[419] /home/travis/build/icyphy/ptII/ptolemy/actor/lib/test/auto/arrayType22.xml (RunModel)" time="0.008" />
  <testcase classname="ptolemy.util.test.junit.AutoTests" name="[420] /home/travis/build/icyphy/ptII/ptolemy/actor/lib/test/auto/arrayType23.xml (RunModel)" time="0.008" />
  <testcase classname="ptolemy.util.test.junit.AutoTests" name="[421] /home/travis/build/icyphy/ptII/ptolemy/actor/lib/test/auto/arrayType24.xml (RunModel)" time="0.011" />
  <testcase classname="ptolemy.util.test.junit.AutoTests" name="[422] /home/travis/build/icyphy/ptII/ptolemy/actor/lib/test/auto/arrayType25.xml (RunModel)" time="0.009" />
  <testcase classname="ptolemy.util.test.junit.AutoTests" name="[423] /home/travis/build/icyphy/ptII/ptolemy/actor/lib/test/auto/arrayType26.xml (RunModel)" time="0.009" />
  <testcase classname="ptolemy.util.test.junit.AutoTests" name="[424] /home/travis/build/icyphy/ptII/ptolemy/actor/lib/test/auto/arrayType27.xml (RunModel)" time="0.008" />
  <testcase classname="ptolemy.util.test.junit.AutoTests" name="[425] /home/travis/build/icyphy/ptII/ptolemy/actor/lib/test/auto/arrayType28.xml (RunModel)" time="0.01" />
  <testcase classname="ptolemy.util.test.junit.AutoTests" name="[426] /home/travis/build/icyphy/ptII/ptolemy/actor/lib/test/auto/arrayType3.xml (RunModel)" time="0.008" />
  <testcase classname="ptolemy.util.test.junit.AutoTests" name="[427] /home/travis/build/icyphy/ptII/ptolemy/actor/lib/test/auto/arrayType4.xml (RunModel)" time="0.008" />
  <testcase classname="ptolemy.util.test.junit.AutoTests" name="[428] /home/travis/build/icyphy/ptII/ptolemy/actor/lib/test/auto/arrayType5.xml (RunModel)" time="0.01" />
  <testcase classname="ptolemy.util.test.junit.AutoTests" name="[429] /home/travis/build/icyphy/ptII/ptolemy/actor/lib/test/auto/arrayType6.xml (RunModel)" time="0.008" />
  <testcase classname="ptolemy.util.test.junit.AutoTests" name="[430] /home/travis/build/icyphy/ptII/ptolemy/actor/lib/test/auto/arrayType7.xml (RunModel)" time="0.024" />
  <testcase classname="ptolemy.util.test.junit.AutoTests" name="[431] /home/travis/build/icyphy/ptII/ptolemy/actor/lib/test/auto/arrayType8.xml (RunModel)" time="0.01" />
  <testcase classname="ptolemy.util.test.junit.AutoTests" name="[432] /home/travis/build/icyphy/ptII/ptolemy/actor/lib/test/auto/arrayType9.xml (RunModel)" time="0.037" />
  <testcase classname="ptolemy.util.test.junit.AutoTests" name="[433] /home/travis/build/icyphy/ptII/ptolemy/actor/lib/test/auto/cast.xml (RunModel)" time="0.039" />
  <testcase classname="ptolemy.util.test.junit.AutoTests" name="[434] /home/travis/build/icyphy/ptII/ptolemy/actor/lib/test/auto/compositeMultiPort.xml (RunModel)" time="0.043" />
  <testcase classname="ptolemy.util.test.junit.AutoTests" name="[435] /home/travis/build/icyphy/ptII/ptolemy/actor/lib/test/auto/expressionCastInference.xml (RunModel)" time="0.035" />
  <testcase classname="ptolemy.util.test.junit.AutoTests" name="[436] /home/travis/build/icyphy/ptII/ptolemy/actor/lib/test/auto/expressionCastInference2.xml (RunModel)" time="0.058" />
  <testcase classname="ptolemy.util.test.junit.AutoTests" name="[437] /home/travis/build/icyphy/ptII/ptolemy/actor/lib/test/auto/expressionInference.xml (RunModel)" time="0.027" />
  <testcase classname="ptolemy.util.test.junit.AutoTests" name="[438] /home/travis/build/icyphy/ptII/ptolemy/actor/lib/test/auto/expression_bug.xml (RunModel)" time="0.029" />
  <testcase classname="ptolemy.util.test.junit.AutoTests" name="[439] /home/travis/build/icyphy/ptII/ptolemy/actor/lib/test/auto/factorial.xml (RunModel)" time="0.072" />
  <testcase classname="ptolemy.util.test.junit.AutoTests" name="[440] /home/travis/build/icyphy/ptII/ptolemy/actor/lib/test/auto/filterTest1.xml (RunModel)" time="0.013" />
  <testcase classname="ptolemy.util.test.junit.AutoTests" name="[441] /home/travis/build/icyphy/ptII/ptolemy/actor/lib/test/auto/funcApplyInConst.xml (RunModel)" time="0.006" />
  <testcase classname="ptolemy.util.test.junit.AutoTests" name="[442] /home/travis/build/icyphy/ptII/ptolemy/actor/lib/test/auto/funcApplyInExpr.xml (RunModel)" time="0.007" />
  <testcase classname="ptolemy.util.test.junit.AutoTests" name="[443] /home/travis/build/icyphy/ptII/ptolemy/actor/lib/test/auto/function.xml (RunModel)" time="0.017" />
  <testcase classname="ptolemy.util.test.junit.AutoTests" name="[444] /home/travis/build/icyphy/ptII/ptolemy/actor/lib/test/auto/function2.xml (RunModel)" time="0.009" />
  <testcase classname="ptolemy.util.test.junit.AutoTests" name="[445] /home/travis/build/icyphy/ptII/ptolemy/actor/lib/test/auto/function3.xml (RunModel)" time="0.007" />
  <testcase classname="ptolemy.util.test.junit.AutoTests" name="[446] /home/travis/build/icyphy/ptII/ptolemy/actor/lib/test/auto/functionClosureTest1.xml (RunModel)" time="0.011" />
  <testcase classname="ptolemy.util.test.junit.AutoTests" name="[447] /home/travis/build/icyphy/ptII/ptolemy/actor/lib/test/auto/functionClosureTest2.xml (RunModel)" time="0.006" />
  <testcase classname="ptolemy.util.test.junit.AutoTests" name="[448] /home/travis/build/icyphy/ptII/ptolemy/actor/lib/test/auto/functionClosureTest3.xml (RunModel)" time="0.011" />
  <testcase classname="ptolemy.util.test.junit.AutoTests" name="[449] /home/travis/build/icyphy/ptII/ptolemy/actor/lib/test/auto/functionClosureTest4.xml (RunModel)" time="0.016" />
  <testcase classname="ptolemy.util.test.junit.AutoTests" name="[450] /home/travis/build/icyphy/ptII/ptolemy/actor/lib/test/auto/functionClosureTest5.xml (RunModel)" time="0.012" />
  <testcase classname="ptolemy.util.test.junit.AutoTests" name="[451] /home/travis/build/icyphy/ptII/ptolemy/actor/lib/test/auto/functionClosureTest6.xml (RunModel)" time="0.008" />
  <testcase classname="ptolemy.util.test.junit.AutoTests" name="[452] /home/travis/build/icyphy/ptII/ptolemy/actor/lib/test/auto/functionsOnArcs.xml (RunModel)" time="0.01" />
  <testcase classname="ptolemy.util.test.junit.AutoTests" name="[453] /home/travis/build/icyphy/ptII/ptolemy/actor/lib/test/auto/functionsOnArcsHOF.xml (RunModel)" time="0.013" />
  <testcase classname="ptolemy.util.test.junit.AutoTests" name="[454] /home/travis/build/icyphy/ptII/ptolemy/actor/lib/test/auto/logic.xml (RunModel)" time="0.045" />
  <testcase classname="ptolemy.util.test.junit.AutoTests" name="[455] /home/travis/build/icyphy/ptII/ptolemy/actor/lib/test/auto/matrixType.xml (RunModel)" time="0.011" />
  <testcase classname="ptolemy.util.test.junit.AutoTests" name="[456] /home/travis/build/icyphy/ptII/ptolemy/actor/lib/test/auto/matrixType10.xml (RunModel)" time="0.01" />
  <testcase classname="ptolemy.util.test.junit.AutoTests" name="[457] /home/travis/build/icyphy/ptII/ptolemy/actor/lib/test/auto/matrixType11.xml (RunModel)" time="0.009" />
  <testcase classname="ptolemy.util.test.junit.AutoTests" name="[458] /home/travis/build/icyphy/ptII/ptolemy/actor/lib/test/auto/matrixType12.xml (RunModel)" time="0.012" />
  <testcase classname="ptolemy.util.test.junit.AutoTests" name="[459] /home/travis/build/icyphy/ptII/ptolemy/actor/lib/test/auto/matrixType13.xml (RunModel)" time="0.01" />
  <testcase classname="ptolemy.util.test.junit.AutoTests" name="[460] /home/travis/build/icyphy/ptII/ptolemy/actor/lib/test/auto/matrixType14.xml (RunModel)" time="0.01" />
  <testcase classname="ptolemy.util.test.junit.AutoTests" name="[461] /home/travis/build/icyphy/ptII/ptolemy/actor/lib/test/auto/matrixType2.xml (RunModel)" time="0.009" />
  <testcase classname="ptolemy.util.test.junit.AutoTests" name="[462] /home/travis/build/icyphy/ptII/ptolemy/actor/lib/test/auto/matrixType3.xml (RunModel)" time="0.012" />
  <testcase classname="ptolemy.util.test.junit.AutoTests" name="[463] /home/travis/build/icyphy/ptII/ptolemy/actor/lib/test/auto/matrixType4.xml (RunModel)" time="0.009" />
  <testcase classname="ptolemy.util.test.junit.AutoTests" name="[464] /home/travis/build/icyphy/ptII/ptolemy/actor/lib/test/auto/matrixType5.xml (RunModel)" time="0.009" />
  <testcase classname="ptolemy.util.test.junit.AutoTests" name="[465] /home/travis/build/icyphy/ptII/ptolemy/actor/lib/test/auto/matrixType6.xml (RunModel)" time="0.009" />
  <testcase classname="ptolemy.util.test.junit.AutoTests" name="[466] /home/travis/build/icyphy/ptII/ptolemy/actor/lib/test/auto/matrixType7.xml (RunModel)" time="0.01" />
  <testcase classname="ptolemy.util.test.junit.AutoTests" name="[467] /home/travis/build/icyphy/ptII/ptolemy/actor/lib/test/auto/matrixType8.xml (RunModel)" time="0.009" />
  <testcase classname="ptolemy.util.test.junit.AutoTests" name="[468] /home/travis/build/icyphy/ptII/ptolemy/actor/lib/test/auto/matrixType9.xml (RunModel)" time="0.008" />
  <testcase classname="ptolemy.util.test.junit.AutoTests" name="[469] /home/travis/build/icyphy/ptII/ptolemy/actor/lib/test/auto/paraFunctest.xml (RunModel)" time="0.008" />
  <testcase classname="ptolemy.util.test.junit.AutoTests" name="[470] /home/travis/build/icyphy/ptII/ptolemy/actor/lib/test/auto/paraFunctest2.xml (RunModel)" time="0.015" />
  <testcase classname="ptolemy.util.test.junit.AutoTests" name="[471] /home/travis/build/icyphy/ptII/ptolemy/actor/lib/test/auto/parameterPassing.xml (RunModel)" time="0.01" />
  <testcase classname="ptolemy.util.test.junit.AutoTests" name="[472] /home/travis/build/icyphy/ptII/ptolemy/actor/lib/test/auto/record.xml (RunModel)" time="0.012" />
  <testcase classname="ptolemy.util.test.junit.AutoTests" name="[473] /home/travis/build/icyphy/ptII/ptolemy/actor/lib/test/auto/sizedarray1.xml (RunModel)" time="0.011" />
  <testcase classname="ptolemy.util.test.junit.AutoTests" name="[474] /home/travis/build/icyphy/ptII/ptolemy/actor/lib/test/auto/sizedarray2.xml (RunModel)" time="0.01" />
  <testcase classname="ptolemy.util.test.junit.AutoTests" name="[475] /home/travis/build/icyphy/ptII/ptolemy/actor/lib/test/auto/twoPublishers.xml (RunModel)" time="0.024" />
  <system-out><![CDATA[/home/travis/build/icyphy/ptII/ptolemy/actor/lib/test/AbsoluteValue.tcl
testDefs.tcl: setting time out to 9000 seconds at Sat Jul 20 00:27:20 UTC 2019
100 ms. Memory: 120832K Free: 85955K (71%)
6 ms. Memory: 120832K Free: 84410K (70%)
5 ms. Memory: 120832K Free: 83378K (69%)
5 ms. Memory: 120832K Free: 82883K (69%)
/home/travis/build/icyphy/ptII/ptolemy/actor/lib/test/AddSubtract.tcl
11 ms. Memory: 120832K Free: 80835K (67%)
6 ms. Memory: 120832K Free: 80314K (66%)
6 ms. Memory: 120832K Free: 79297K (66%)
8 ms. Memory: 120832K Free: 78273K (65%)
57 ms. Memory: 120832K Free: 75715K (63%)
6 ms. Memory: 120832K Free: 74691K (62%)
/home/travis/build/icyphy/ptII/ptolemy/actor/lib/test/Average.tcl
16 ms. Memory: 120832K Free: 73153K (61%)
10 ms. Memory: 120832K Free: 72114K (60%)
/home/travis/build/icyphy/ptII/ptolemy/actor/lib/test/Bernoulli.tcl
11 ms. Memory: 120832K Free: 70595K (58%)
3 ms. Memory: 120832K Free: 70081K (58%)
/home/travis/build/icyphy/ptII/ptolemy/actor/lib/test/Clock.tcl
preinitializing
resolving types
initializing
executing number 1
wrapping up
idle
46 ms. Memory: 120832K Free: 67523K (56%)
Completed execution with 5 iterations
preinitializing
resolving types
initializing
executing number 1
wrapping up
idle
14 ms. Memory: 120832K Free: 66499K (55%)
Completed execution with 5 iterations
preinitializing
resolving types
initializing
executing number 1
wrapping up
idle
12 ms. Memory: 120832K Free: 65978K (55%)
Completed execution with 5 iterations
/home/travis/build/icyphy/ptII/ptolemy/actor/lib/test/Commutator.tcl
6 ms. Memory: 120832K Free: 63922K (53%)
6 ms. Memory: 120832K Free: 62913K (52%)
20 ms. Memory: 120832K Free: 57283K (47%)
/home/travis/build/icyphy/ptII/ptolemy/actor/lib/test/Const.tcl
13 ms. Memory: 120832K Free: 55714K (46%)
6 ms. Memory: 120832K Free: 55235K (46%)
8 ms. Memory: 120832K Free: 54721K (45%)
6 ms. Memory: 120832K Free: 54211K (45%)
10 ms. Memory: 120832K Free: 53187K (44%)
18 ms. Memory: 120832K Free: 51649K (43%)
5 ms. Memory: 120832K Free: 50625K (42%)
13 ms. Memory: 120832K Free: 50115K (41%)
/home/travis/build/icyphy/ptII/ptolemy/actor/lib/test/CurrentTime.tcl
preinitializing
resolving types
initializing
executing number 1
wrapping up
idle
20 ms. Memory: 120832K Free: 48067K (40%)
Completed execution with 11 iterations
/home/travis/build/icyphy/ptII/ptolemy/actor/lib/test/DB.tcl
4 ms. Memory: 120832K Free: 46019K (38%)
23 ms. Memory: 120832K Free: 107188K (89%)
2 ms. Memory: 120832K Free: 107188K (89%)
/home/travis/build/icyphy/ptII/ptolemy/actor/lib/test/DiscreteRandomSource.tcl
preinitializing
resolving types
initializing
executing number 1
wrapping up
idle
11 ms. Memory: 120832K Free: 105667K (87%)
Completed execution with 4 iterations
preinitializing
resolving types
initializing
executing number 1
wrapping up
idle
2 ms. Memory: 120832K Free: 105155K (87%)
Completed execution with 4 iterations
preinitializing
resolving types
initializing
executing number 1
wrapping up
idle
2 ms. Memory: 120832K Free: 104645K (87%)
Completed execution with 4 iterations
preinitializing
resolving types
initializing
executing number 1
wrapping up
idle
14 ms. Memory: 120832K Free: 104116K (86%)
Completed execution with 4 iterations
preinitializing
resolving types
initializing
executing number 1
wrapping up
idle
12 ms. Memory: 120832K Free: 103621K (86%)
Completed execution with 4 iterations
/home/travis/build/icyphy/ptII/ptolemy/actor/lib/test/Distributor.tcl
10 ms. Memory: 120832K Free: 102083K (84%)
12 ms. Memory: 120832K Free: 101573K (84%)
StreamChangeRequest.changeExecuted(): <deleteEntity name="rec2"/> succeeded
StreamChangeRequest.changeExecuted(): <deleteRelation name="r2"/> succeeded
StreamChangeRequest.changeExecuted(): Record firings per iteration succeeded
13 ms. Memory: 120832K Free: 98996K (82%)
/home/travis/build/icyphy/ptII/ptolemy/actor/lib/test/Exit.tcl
Exit.tcl: this will print a message about Manager.exitAfterWrapup, which can be ignored.
8 ms. Memory: 120832K Free: 95877K (79%)
/home/travis/build/icyphy/ptII/ptolemy/actor/lib/test/Expression.tcl
14 ms. Memory: 120832K Free: 103606K (86%)
3 ms. Memory: 120832K Free: 103065K (85%)
2 ms. Memory: 120832K Free: 102041K (84%)
preinitializing
resolving types
initializing
executing number 1
wrapping up
idle
5 ms. Memory: 120832K Free: 100516K (83%)
Completed execution with 6 iterations
3 ms. Memory: 120832K Free: 100001K (83%)
3 ms. Memory: 120832K Free: 98985K (82%)
5 ms. Memory: 120832K Free: 97975K (81%)
4 ms. Memory: 120832K Free: 96420K (80%)
3 ms. Memory: 120832K Free: 95396K (79%)
/home/travis/build/icyphy/ptII/ptolemy/actor/lib/test/Gaussian.tcl
4 ms. Memory: 120832K Free: 93857K (78%)
sleeping 1 seconds: ...................................................................................................................................................................................................................................................................................................................................................................................................................................................................................................................................................................................................................................................................................................................................................................................................................................................................................................................................................................................................................................................................................................................................................................................................................................................................................................................................................................................................................................................................................................................................................................................................................................................................................................................................................................................................................................................................................................................................................................................................................................................................................................................................................................................................................................................................................................................................................................................................................................................................................................................................................................................................................................................................................................................................................................................................................................................................................................................................................................................................................................................................................................................................................................................................................................................................................................................................................................................................................................................................................................................................................................................................................................................................................................................................................................................................................................................................................................................................................................................................................................................................................................................................................................................................................................................................................................................................................................................................................................................................................................................................................................................................................................................................................................................................................................................................................................................................................................................................................................................................................................................................................................................................................................................................................................................................................................................................................................................................................................................................................................................................................................................................................................................................................................................................................................................................................................................................................................................................................................................................................................................................................................................................................................................................................................................................................................................................................................................................................................................................................................................................................................................................................................................................................................................................................................................................................................................................................................................................................................................................................................................................................................................................................................................................................................................................................................................................................................................................................................................................................................................................................................................................................................................................................................................................................................................................................................................................................................................................................................................................................................................................................................................................................................................................................................................................................................................................................................................................................................................................................................................................................................................................................................................................................................................................................................................................................................................................................................................................................................................................................................................................................................................................................................................................................................................................................................................................................................................................................................................................................................................................................................................................................................................................................................................................................................................................................................................................................................................................4 ms. Memory: 120832K Free: 78519K (65%)
2 ms. Memory: 120832K Free: 77509K (64%)
1 ms. Memory: 120832K Free: 76999K (64%)
5 ms. Memory: 120832K Free: 76367K (63%)
3 ms. Memory: 120832K Free: 75959K (63%)
/home/travis/build/icyphy/ptII/ptolemy/actor/lib/test/IIR.tcl
/home/travis/build/icyphy/ptII/ptolemy/actor/lib/test/Interpolator.tcl
4 ms. Memory: 120832K Free: 71879K (59%)
2 ms. Memory: 120832K Free: 71335K (59%)
3 ms. Memory: 120832K Free: 70855K (59%)
5 ms. Memory: 120832K Free: 70341K (58%)
3 ms. Memory: 120832K Free: 69311K (57%)
7 ms. Memory: 120832K Free: 68807K (57%)
3 ms. Memory: 145408K Free: 130010K (89%)
10 ms. Memory: 145408K Free: 128986K (89%)
2 ms. Memory: 145408K Free: 127962K (88%)
5 ms. Memory: 145408K Free: 126938K (87%)
/home/travis/build/icyphy/ptII/ptolemy/actor/lib/test/MathFunction.tcl
12 ms. Memory: 145408K Free: 124890K (86%)
3 ms. Memory: 145408K Free: 123866K (85%)
2 ms. Memory: 145408K Free: 122842K (84%)
2 ms. Memory: 145408K Free: 122322K (84%)
4 ms. Memory: 145408K Free: 120794K (83%)
7 ms. Memory: 145408K Free: 118746K (82%)
/home/travis/build/icyphy/ptII/ptolemy/actor/lib/test/Maximum.tcl
5 ms. Memory: 145408K Free: 117194K (81%)
3 ms. Memory: 145408K Free: 116184K (80%)
3 ms. Memory: 145408K Free: 115674K (80%)
2 ms. Memory: 145408K Free: 115160K (79%)
/home/travis/build/icyphy/ptII/ptolemy/actor/lib/test/Minimum.tcl
5 ms. Memory: 145408K Free: 113112K (78%)
3 ms. Memory: 145408K Free: 112602K (77%)
2 ms. Memory: 145408K Free: 112088K (77%)
3 ms. Memory: 145408K Free: 111064K (76%)
/home/travis/build/icyphy/ptII/ptolemy/actor/lib/test/MultiplyDivide.tcl
5 ms. Memory: 145408K Free: 109530K (75%)
4 ms. Memory: 145408K Free: 108506K (75%)
9 ms. Memory: 145408K Free: 107992K (74%)
7 ms. Memory: 145408K Free: 106954K (74%)
8 ms. Memory: 145408K Free: 106458K (73%)
/home/travis/build/icyphy/ptII/ptolemy/actor/lib/test/OrderedMerge.tcl
Connections changed on port: inputA
Connections changed on port: inputB
Connections changed on port: output
Connections changed on port: output
Connections changed on port: output
Connections changed on port: input
.top. Preinitializing ...
Invoking preinitialize():  .top.OrderedMerge
Called preinitialize()
Invoking preinitialize():  .top.Ramp
Called preinitialize()
Invoking preinitialize():  .top.Ramp2
Called preinitialize()
Invoking preinitialize():  .top.Test
Called preinitialize()
Connections changed on port: inputA
Connections changed on port: output
Connections changed on port: output
Connections changed on port: input
Connections changed on port: inputB
Connections changed on port: output
.top. Finished preinitialize().
Called initialize().
Invoking initialize():  .top.OrderedMerge
Initializing actor: .top.OrderedMerge
Adding a thread: .top.OrderedMerge
Invoking initialize():  .top.Ramp
Initializing actor: .top.Ramp
Adding a thread: .top.Ramp
Invoking initialize():  .top.Ramp2
Initializing actor: .top.Ramp2
Adding a thread: .top.Ramp2
Invoking initialize():  .top.Test
Initializing actor: .top.Test
Adding a thread: .top.Test
Called fire().
Checking for deadlock:
-- Starting thread.
Called initialize()
Called prefire()
Called fire()
-- Starting thread.
Called initialize()
-- Starting thread.
Called initialize()
Called prefire()
-- Starting thread.
Called initialize()
Called prefire()
Called fire()
There are 0 Blocked actors, 0 Stopped actors, and 4 active threads.
Called prefire()
Waiting for actors to stop.
Called fire()
Called fire()
Checking for deadlock:
There are 2 Blocked actors, 0 Stopped actors, and 4 active threads.
Waiting for actors to stop.
Checking for deadlock:
There are 1 Blocked actors, 0 Stopped actors, and 4 active threads.
Waiting for actors to stop.
Called postfire()
Called prefire()
Called fire()
Called postfire()
Called prefire()
Called fire()
Called postfire()
Checking for deadlock:
Called prefire()
There are 2 Blocked actors, 0 Stopped actors, and 4 active threads.
Waiting for actors to stop.
Read input token from inputA with value 0.0
Next port to read input from is inputB
Called postfire()
Called prefire()
Called fire()
Read input token from inputB with value 0.0
-- Read input: 0.0, which is expected to match: 0.0
Called prefire()
Called fire()
Sent output token with value 0.0
Next port to read input from is inputA
Called postfire()
Called prefire()
Called fire()
Called fire()
Read input token from inputA with value 1.0
Called postfire()
Sent output token with value 0.0
Called prefire()
Called fire()
Next port to read input from is inputB
Called postfire()
Called prefire()
Called fire()
Read input token from inputB with value 1.5
Checking for deadlock:
There are 1 Blocked actors, 0 Stopped actors, and 4 active threads.
Waiting for actors to stop.
Called postfire()
Called prefire()
Called fire()
-- Read input: 0.0, which is expected to match: 0.0
Called prefire()
Called fire()
Called postfire()
Called prefire()
Called fire()
Checking for deadlock:
There are 3 Blocked actors, 0 Stopped actors, and 4 active threads.
Waiting for actors to stop.
-- Read input: 1.0, which is expected to match: 1.0
Called prefire()
Called fire()
Checking for deadlock:
There are 3 Blocked actors, 0 Stopped actors, and 4 active threads.
Waiting for actors to stop.
Sent output token with value 1.0
Next port to read input from is inputA
Called postfire()
Called prefire()
Called fire()
Called postfire()
Called prefire()
Called fire()
Checking for deadlock:
There are 3 Blocked actors, 0 Stopped actors, and 4 active threads.
Waiting for actors to stop.
Read input token from inputA with value 2.0
-- Read input: 1.5, which is expected to match: 1.5
Called prefire()
Called fire()
Checking for deadlock:
There are 3 Blocked actors, 0 Stopped actors, and 4 active threads.
Waiting for actors to stop.
Sent output token with value 1.5
Next port to read input from is inputB
Called postfire()
Called prefire()
Called fire()
Checking for deadlock:
Called postfire()
There are 2 Blocked actors, 0 Stopped actors, and 4 active threads.
Called prefire()
Waiting for actors to stop.
Called fire()
Checking for deadlock:
There are 3 Blocked actors, 0 Stopped actors, and 4 active threads.
Waiting for actors to stop.
Read input token from inputB with value 3.0
Checking for deadlock:
There are 2 Blocked actors, 0 Stopped actors, and 4 active threads.
Waiting for actors to stop.
-- Read input: 2.0, which is expected to match: 2.0
Called prefire()
Called fire()
Sent output token with value 2.0
Next port to read input from is inputA
Called postfire()
Called prefire()
Called fire()
Read input token from inputA with value 3.0
Sent output token with value 3.0
Next port to read input from is inputB
Called postfire()
Called prefire()
Called fire()
Read input token from inputB with value 4.5
Checking for deadlock:
There are 1 Blocked actors, 0 Stopped actors, and 4 active threads.
Waiting for actors to stop.
Called postfire()
Called postfire()
Called prefire()
Called fire()
-- Read input: 3.0, which is expected to match: 3.0
Called prefire()
Called fire()
Called prefire()
Called fire()
Checking for deadlock:
There are 3 Blocked actors, 0 Stopped actors, and 4 active threads.
Waiting for actors to stop.
-- Read input: 3.0, which is expected to match: 3.0
Called prefire()
Called fire()
Checking for deadlock:
There are 3 Blocked actors, 0 Stopped actors, and 4 active threads.
Waiting for actors to stop.
Sent output token with value 3.0
Next port to read input from is inputA
Called postfire()
Called prefire()
Called fire()
Checking for deadlock:
There are 2 Blocked actors, 0 Stopped actors, and 4 active threads.
Waiting for actors to stop.
Called postfire()
Called prefire()
Called fire()
Checking for deadlock:
There are 3 Blocked actors, 0 Stopped actors, and 4 active threads.
Waiting for actors to stop.
Read input token from inputA with value 4.0
Checking for deadlock:
There are 2 Blocked actors, 0 Stopped actors, and 4 active threads.
Waiting for actors to stop.
-- Read input: 4.0, which is expected to match: 4.0
Called prefire()
Called fire()
Past the end of training data. Read and discard all inputs.
Checking for deadlock:
There are 3 Blocked actors, 0 Stopped actors, and 4 active threads.
Waiting for actors to stop.
Sent output token with value 4.0
Next port to read input from is inputA
Called postfire()
Called prefire()
Called fire()
Read input token from inputA with value 5.0
Sent output token with value 4.5
Next port to read input from is inputB
Called postfire()
Called prefire()
Called fire()
Read input token from inputB with value 6.0
Checking for deadlock:
There are 1 Blocked actors, 0 Stopped actors, and 4 active threads.
Waiting for actors to stop.
Called postfire()
Called postfire()
Called prefire()
Called fire()
Called prefire()
Called fire()
Past the end of training data. Read and discard all inputs.
Called prefire()
Called fire()
Checking for deadlock:
There are 3 Blocked actors, 0 Stopped actors, and 4 active threads.
Waiting for actors to stop.
Called prefire()
Called fire()
Past the end of training data. Read and discard all inputs.
Checking for deadlock:
There are 3 Blocked actors, 0 Stopped actors, and 4 active threads.
Waiting for actors to stop.
Sent output token with value 5.0
Next port to read input from is inputA
Called postfire()
Called prefire()
Called fire()
Checking for deadlock:
There are 2 Blocked actors, 0 Stopped actors, and 4 active threads.
Waiting for actors to stop.
Called postfire()
Called prefire()
Called fire()
Read input token from inputA with value 6.0
Sent output token with value 6.0
Next port to read input from is inputB
Called postfire()
Called prefire()
Called fire()
Read input token from inputB with value 7.5
Checking for deadlock:
There are 2 Blocked actors, 0 Stopped actors, and 4 active threads.
Waiting for actors to stop.
Called postfire()
Called prefire()
Called prefire()
Called fire()
Called fire()
Past the end of training data. Read and discard all inputs.
Checking for deadlock:
There are 3 Blocked actors, 0 Stopped actors, and 4 active threads.
Waiting for actors to stop.
Called prefire()
Called fire()
Past the end of training data. Read and discard all inputs.
Checking for deadlock:
There are 3 Blocked actors, 0 Stopped actors, and 4 active threads.
Waiting for actors to stop.
Sent output token with value 6.0
Next port to read input from is inputA
Called postfire()
Called prefire()
Called fire()
Called postfire()
Called prefire()
Called fire()
Checking for deadlock:
There are 3 Blocked actors, 0 Stopped actors, and 4 active threads.
Waiting for actors to stop.
Read input token from inputA with value 7.0
Called prefire()
Called fire()
Past the end of training data. Read and discard all inputs.
Checking for deadlock:
There are 3 Blocked actors, 0 Stopped actors, and 4 active threads.
Waiting for actors to stop.
Sent output token with value 7.0
Next port to read input from is inputA
Called postfire()
Called prefire()
Called fire()
-- Thread wrapup() called.
Called wrapup()
Thread .top.Ramp is exiting.
-- Thread stopped.
Read input token from inputA with value 8.0
Sent output token with value 7.5
Next port to read input from is inputB
Called postfire()
Called prefire()
Called fire()
Read input token from inputB with value 9.0
Checking for deadlock:
There are 1 Blocked actors, 0 Stopped actors, and 3 active threads.
Waiting for actors to stop.
Called postfire()
Called prefire()
Called prefire()
Called fire()
Called fire()
Past the end of training data. Read and discard all inputs.
Checking for deadlock:
There are 2 Blocked actors, 0 Stopped actors, and 3 active threads.
Waiting for actors to stop.
Called prefire()
Called fire()
Past the end of training data. Read and discard all inputs.
Checking for deadlock:
There are 2 Blocked actors, 0 Stopped actors, and 3 active threads.
Waiting for actors to stop.
Sent output token with value 8.0
Next port to read input from is inputA
Called postfire()
Called prefire()
Called fire()
Read input token from inputA with value 9.0
Called prefire()
Called fire()
Past the end of training data. Read and discard all inputs.
Checking for deadlock:
There are 2 Blocked actors, 0 Stopped actors, and 3 active threads.
Waiting for actors to stop.
Sent output token with value 9.0
Next port to read input from is inputB
Called postfire()
Called prefire()
Called fire()
Checking for deadlock:
There are 1 Blocked actors, 0 Stopped actors, and 3 active threads.
Waiting for actors to stop.
Called postfire()
Read input token from inputB with value 10.5
Called prefire()
Called fire()
Called prefire()
Called fire()
Past the end of training data. Read and discard all inputs.
Checking for deadlock:
There are 2 Blocked actors, 0 Stopped actors, and 3 active threads.
Waiting for actors to stop.
Sent output token with value 9.0
Next port to read input from is inputA
Called postfire()
Called prefire()
Called fire()
Checking for deadlock:
There are 3 Blocked actors, 0 Stopped actors, and 3 active threads.
Actors have stopped.
Checking for deadlock:
There are 3 Blocked actors, 0 Stopped actors, and 3 active threads.
Deadlock detected.
Resolving Deadlock
Checking for deadlock:
There are 3 Blocked actors, 0 Stopped actors, and 3 active threads.
Artificial Deadlock - increasing queue capacity.
increasing the capacity of receiver ptolemy.actor.TypedIOPort {.top.OrderedMerge.inputB} to 2
Director: Called postfire().
Called postfire().
_stopRequested = false
_stopFireRequested = false
Returning from postfire(): true
Called fire().
Checking for deadlock:
There are 2 Blocked actors, 0 Stopped actors, and 3 active threads.
Waiting for actors to stop.
-- Thread wrapup() called.
Called wrapup()
Thread .top.Ramp2 is exiting.
-- Thread stopped.
Checking for deadlock:
There are 2 Blocked actors, 0 Stopped actors, and 2 active threads.
Actors have stopped.
Checking for deadlock:
There are 2 Blocked actors, 0 Stopped actors, and 2 active threads.
Deadlock detected.
Resolving Deadlock
Checking for deadlock:
There are 2 Blocked actors, 0 Stopped actors, and 2 active threads.
Deadlock detected: no processes blocked on write, but some are blocked on read.
Called postfire().
_stopRequested = false
_stopFireRequested = false
Returning from postfire(): false
Finished deactivating branches.
Called wrapup().
-- Thread wrapup() called.
Called wrapup()
Thread .top.OrderedMerge is exiting.
-- Thread stopped.
-- Blocked Receiver call threw TerminateProcessException.
-- Thread wrapup() called.
Called wrapup()
Thread .top.Test is exiting.
-- Thread stopped.
-- Blocked Receiver call threw TerminateProcessException.
71 ms. Memory: 145408K Free: 102362K (70%)
.top. Preinitializing ...
Invoking preinitialize():  .top.OrderedMerge
Called preinitialize()
Invoking preinitialize():  .top.Ramp
Called preinitialize()
Invoking preinitialize():  .top.Ramp2
Called preinitialize()
Invoking preinitialize():  .top.Test
Called preinitialize()
.top. Finished preinitialize().
Called initialize().
Invoking initialize():  .top.OrderedMerge
Initializing actor: .top.OrderedMerge
Adding a thread: .top.OrderedMerge
Invoking initialize():  .top.Ramp
Initializing actor: .top.Ramp
Adding a thread: .top.Ramp
Invoking initialize():  .top.Ramp2
Initializing actor: .top.Ramp2
Adding a thread: .top.Ramp2
Invoking initialize():  .top.Test
Initializing actor: .top.Test
Adding a thread: .top.Test
-- Starting thread.
Called initialize()
Called prefire()
Called fire()
-- Starting thread.
Called initialize()
Called prefire()
Called fire()
Called postfire()
Called prefire()
Called fire()
-- Starting thread.
Called initialize()
Called prefire()
Called fire()
Called postfire()
Called prefire()
Called fire()
Called fire().
Checking for deadlock:
There are 3 Blocked actors, 0 Stopped actors, and 4 active threads.
Waiting for actors to stop.
-- Starting thread.
Called initialize()
Called prefire()
Called fire()
Checking for deadlock:
There are 2 Blocked actors, 0 Stopped actors, and 4 active threads.
Waiting for actors to stop.
Called postfire()
Called prefire()
Called fire()
Checking for deadlock:
There are 3 Blocked actors, 0 Stopped actors, and 4 active threads.
Waiting for actors to stop.
Read input token from inputA with value 0.0
Next port to read input from is inputB
Called postfire()
Called prefire()
Called fire()
Called postfire()
Called prefire()
Called fire()
Checking for deadlock:
There are 3 Blocked actors, 0 Stopped actors, and 4 active threads.
Waiting for actors to stop.
Read input token from inputB with value 0.0
Checking for deadlock:
There are 2 Blocked actors, 0 Stopped actors, and 4 active threads.
Waiting for actors to stop.
-- Read input: 0.0, which is expected to match: 0.0
Called prefire()
Called fire()
Checking for deadlock:
There are 3 Blocked actors, 0 Stopped actors, and 4 active threads.
Waiting for actors to stop.
Sent output token with value 0.0
Next port to read input from is inputA
Called postfire()
Called prefire()
Called fire()
Checking for deadlock:
There are 2 Blocked actors, 0 Stopped actors, and 4 active threads.
Waiting for actors to stop.
Called postfire()
Called prefire()
Called fire()
Checking for deadlock:
There are 3 Blocked actors, 0 Stopped actors, and 4 active threads.
Waiting for actors to stop.
Read input token from inputA with value 1.0
Checking for deadlock:
There are 2 Blocked actors, 0 Stopped actors, and 4 active threads.
Waiting for actors to stop.
-- Read input: 0.0, which is expected to match: 0.0
Called prefire()
Called fire()
Checking for deadlock:
There are 3 Blocked actors, 0 Stopped actors, and 4 active threads.
Waiting for actors to stop.
Sent output token with value 0.0
Next port to read input from is inputB
Called postfire()
Called prefire()
Called fire()
Called postfire()
Called prefire()
Called fire()
Checking for deadlock:
There are 3 Blocked actors, 0 Stopped actors, and 4 active threads.
Waiting for actors to stop.
Read input token from inputB with value 1.5
-- Read input: 1.0, which is expected to match: 1.0
Called prefire()
Called fire()
Checking for deadlock:
There are 3 Blocked actors, 0 Stopped actors, and 4 active threads.
Waiting for actors to stop.
Sent output token with value 1.0
Next port to read input from is inputA
Called postfire()
Called prefire()
Called fire()
Checking for deadlock:
There are 2 Blocked actors, 0 Stopped actors, and 4 active threads.
Waiting for actors to stop.
Called postfire()
Called prefire()
Called fire()
Checking for deadlock:
There are 3 Blocked actors, 0 Stopped actors, and 4 active threads.
Waiting for actors to stop.
Read input token from inputA with value 2.0
Checking for deadlock:
There are 2 Blocked actors, 0 Stopped actors, and 4 active threads.
Waiting for actors to stop.
-- Read input: 1.5, which is expected to match: 1.5
Called prefire()
Called fire()
Checking for deadlock:
There are 3 Blocked actors, 0 Stopped actors, and 4 active threads.
Waiting for actors to stop.
Sent output token with value 1.5
Next port to read input from is inputB
Called postfire()
Called prefire()
Called fire()
Checking for deadlock:
There are 2 Blocked actors, 0 Stopped actors, and 4 active threads.
Waiting for actors to stop.
Called postfire()
Called prefire()
Called fire()
Checking for deadlock:
There are 3 Blocked actors, 0 Stopped actors, and 4 active threads.
Waiting for actors to stop.
Read input token from inputB with value 3.0
Checking for deadlock:
There are 2 Blocked actors, 0 Stopped actors, and 4 active threads.
Waiting for actors to stop.
-- Read input: 2.0, which is expected to match: 2.0
Called prefire()
Called fire()
Checking for deadlock:
There are 3 Blocked actors, 0 Stopped actors, and 4 active threads.
Waiting for actors to stop.
Sent output token with value 2.0
Next port to read input from is inputA
Called postfire()
Called prefire()
Called fire()
Called postfire()
Called prefire()
Called fire()
Checking for deadlock:
There are 3 Blocked actors, 0 Stopped actors, and 4 active threads.
Waiting for actors to stop.
Read input token from inputA with value 3.0
-- Read input: 3.0, which is expected to match: 3.0
Called prefire()
Called fire()
Checking for deadlock:
There are 3 Blocked actors, 0 Stopped actors, and 4 active threads.
Waiting for actors to stop.
Sent output token with value 3.0
Next port to read input from is inputB
Called postfire()
Called prefire()
Called fire()
Checking for deadlock:
There are 2 Blocked actors, 0 Stopped actors, and 4 active threads.
Waiting for actors to stop.
Called postfire()
Called prefire()
Called fire()
Checking for deadlock:
There are 3 Blocked actors, 0 Stopped actors, and 4 active threads.
Waiting for actors to stop.
Read input token from inputB with value 4.5
Checking for deadlock:
There are 2 Blocked actors, 0 Stopped actors, and 4 active threads.
Waiting for actors to stop.
-- Read input: 3.0, which is expected to match: 3.0
Called prefire()
Called fire()
Checking for deadlock:
There are 3 Blocked actors, 0 Stopped actors, and 4 active threads.
Waiting for actors to stop.
Sent output token with value 3.0
Next port to read input from is inputA
Called postfire()
Called prefire()
Called fire()
Called postfire()
Called prefire()
Called fire()
Checking for deadlock:
There are 3 Blocked actors, 0 Stopped actors, and 4 active threads.
Waiting for actors to stop.
Read input token from inputA with value 4.0
-- Read input: 4.0, which is expected to match: 4.0
Called prefire()
Called fire()
Past the end of training data. Read and discard all inputs.
Checking for deadlock:
There are 3 Blocked actors, 0 Stopped actors, and 4 active threads.
Waiting for actors to stop.
Sent output token with value 4.0
Next port to read input from is inputA
Called postfire()
Called prefire()
Called fire()
Called postfire()
Called prefire()
Called fire()
Checking for deadlock:
There are 3 Blocked actors, 0 Stopped actors, and 4 active threads.
Waiting for actors to stop.
Read input token from inputA with value 5.0
Called prefire()
Called fire()
Past the end of training data. Read and discard all inputs.
Checking for deadlock:
There are 3 Blocked actors, 0 Stopped actors, and 4 active threads.
Waiting for actors to stop.
Sent output token with value 4.5
Next port to read input from is inputB
Called postfire()
Called prefire()
Called fire()
Checking for deadlock:
There are 2 Blocked actors, 0 Stopped actors, and 4 active threads.
Waiting for actors to stop.
Called postfire()
Called prefire()
Called fire()
Checking for deadlock:
There are 3 Blocked actors, 0 Stopped actors, and 4 active threads.
Waiting for actors to stop.
Read input token from inputB with value 6.0
Checking for deadlock:
There are 2 Blocked actors, 0 Stopped actors, and 4 active threads.
Waiting for actors to stop.
Called prefire()
Called fire()
Past the end of training data. Read and discard all inputs.
Checking for deadlock:
There are 3 Blocked actors, 0 Stopped actors, and 4 active threads.
Waiting for actors to stop.
Sent output token with value 5.0
Next port to read input from is inputA
Called postfire()
Called prefire()
Called fire()
Called postfire()
Called prefire()
Called fire()
Checking for deadlock:
There are 3 Blocked actors, 0 Stopped actors, and 4 active threads.
Waiting for actors to stop.
Read input token from inputA with value 6.0
Called prefire()
Called fire()
Past the end of training data. Read and discard all inputs.
Checking for deadlock:
There are 3 Blocked actors, 0 Stopped actors, and 4 active threads.
Waiting for actors to stop.
Sent output token with value 6.0
Next port to read input from is inputB
Called postfire()
Called prefire()
Called fire()
Checking for deadlock:
There are 2 Blocked actors, 0 Stopped actors, and 4 active threads.
Waiting for actors to stop.
Called postfire()
Called prefire()
Called fire()
Checking for deadlock:
There are 3 Blocked actors, 0 Stopped actors, and 4 active threads.
Waiting for actors to stop.
Read input token from inputB with value 7.5
Checking for deadlock:
There are 2 Blocked actors, 0 Stopped actors, and 4 active threads.
Waiting for actors to stop.
Called prefire()
Called fire()
Past the end of training data. Read and discard all inputs.
Checking for deadlock:
There are 3 Blocked actors, 0 Stopped actors, and 4 active threads.
Waiting for actors to stop.
Sent output token with value 6.0
Next port to read input from is inputA
Called postfire()
Called prefire()
Called fire()
Called postfire()
Called prefire()
Called fire()
Checking for deadlock:
There are 3 Blocked actors, 0 Stopped actors, and 4 active threads.
Waiting for actors to stop.
Read input token from inputA with value 7.0
Called prefire()
Called fire()
Past the end of training data. Read and discard all inputs.
Checking for deadlock:
There are 3 Blocked actors, 0 Stopped actors, and 4 active threads.
Waiting for actors to stop.
Sent output token with value 7.0
Next port to read input from is inputA
Called postfire()
Called prefire()
Called fire()
-- Thread wrapup() called.
Called wrapup()
Thread .top.Ramp is exiting.
-- Thread stopped.
Checking for deadlock:
There are 2 Blocked actors, 0 Stopped actors, and 3 active threads.
Waiting for actors to stop.
Read input token from inputA with value 8.0
Checking for deadlock:
There are 1 Blocked actors, 0 Stopped actors, and 3 active threads.
Waiting for actors to stop.
Called prefire()
Called fire()
Past the end of training data. Read and discard all inputs.
Checking for deadlock:
There are 2 Blocked actors, 0 Stopped actors, and 3 active threads.
Waiting for actors to stop.
Sent output token with value 7.5
Next port to read input from is inputB
Called postfire()
Called prefire()
Called fire()
Checking for deadlock:
There are 1 Blocked actors, 0 Stopped actors, and 3 active threads.
Waiting for actors to stop.
Called postfire()
Called prefire()
Called fire()
Checking for deadlock:
There are 2 Blocked actors, 0 Stopped actors, and 3 active threads.
Waiting for actors to stop.
Read input token from inputB with value 9.0
Checking for deadlock:
There are 1 Blocked actors, 0 Stopped actors, and 3 active threads.
Waiting for actors to stop.
Called prefire()
Called fire()
Past the end of training data. Read and discard all inputs.
Checking for deadlock:
There are 2 Blocked actors, 0 Stopped actors, and 3 active threads.
Waiting for actors to stop.
Sent output token with value 8.0
Next port to read input from is inputA
Called postfire()
Called prefire()
Called fire()
Read input token from inputA with value 9.0
Called prefire()
Called fire()
Past the end of training data. Read and discard all inputs.
Checking for deadlock:
There are 2 Blocked actors, 0 Stopped actors, and 3 active threads.
Waiting for actors to stop.
Sent output token with value 9.0
Next port to read input from is inputB
Called postfire()
Called prefire()
Called fire()
Called postfire()
Called prefire()
Called fire()
Checking for deadlock:
There are 2 Blocked actors, 0 Stopped actors, and 3 active threads.
Waiting for actors to stop.
Read input token from inputB with value 10.5
Called prefire()
Called fire()
Past the end of training data. Read and discard all inputs.
Checking for deadlock:
There are 2 Blocked actors, 0 Stopped actors, and 3 active threads.
Waiting for actors to stop.
Sent output token with value 9.0
Next port to read input from is inputA
Called postfire()
Called prefire()
Called fire()
Checking for deadlock:
There are 3 Blocked actors, 0 Stopped actors, and 3 active threads.
Actors have stopped.
Checking for deadlock:
There are 3 Blocked actors, 0 Stopped actors, and 3 active threads.
Deadlock detected.
Resolving Deadlock
Checking for deadlock:
There are 3 Blocked actors, 0 Stopped actors, and 3 active threads.
Artificial Deadlock - increasing queue capacity.
increasing the capacity of receiver ptolemy.actor.TypedIOPort {.top.OrderedMerge.inputB} to 2
Director: Called postfire().
Called postfire().
_stopRequested = false
_stopFireRequested = false
Returning from postfire(): true
Called fire().
Checking for deadlock:
There are 2 Blocked actors, 0 Stopped actors, and 3 active threads.
Waiting for actors to stop.
-- Thread wrapup() called.
Called wrapup()
Thread .top.Ramp2 is exiting.
-- Thread stopped.
Checking for deadlock:
There are 2 Blocked actors, 0 Stopped actors, and 2 active threads.
Actors have stopped.
Checking for deadlock:
There are 2 Blocked actors, 0 Stopped actors, and 2 active threads.
Deadlock detected.
Resolving Deadlock
Checking for deadlock:
There are 2 Blocked actors, 0 Stopped actors, and 2 active threads.
Deadlock detected: no processes blocked on write, but some are blocked on read.
Called postfire().
_stopRequested = false
_stopFireRequested = false
Returning from postfire(): false
Finished deactivating branches.
Called wrapup().
-- Thread wrapup() called.
Called wrapup()
-- Thread wrapup() called.
Called wrapup()
Thread .top.Test is exiting.
-- Thread stopped.
-- Blocked Receiver call threw TerminateProcessException.
Thread .top.OrderedMerge is exiting.
-- Thread stopped.
-- Blocked Receiver call threw TerminateProcessException.
39 ms. Memory: 145408K Free: 100694K (69%)
/home/travis/build/icyphy/ptII/ptolemy/actor/lib/test/Publisher.tcl
14 ms. Memory: 145408K Free: 94666K (65%)
5 ms. Memory: 145408K Free: 89050K (61%)
6 ms. Memory: 145408K Free: 85464K (59%)
5 ms. Memory: 145408K Free: 84426K (58%)
5 ms. Memory: 145408K Free: 83930K (58%)
14 ms. Memory: 145408K Free: 82906K (57%)
13 ms. Memory: 145408K Free: 129623K (89%)
4 ms. Memory: 145408K Free: 128613K (88%)
32 ms. Memory: 145408K Free: 123639K (85%)
9 ms. Memory: 145408K Free: 120023K (83%)
2 ms. Memory: 145408K Free: 119029K (82%)
4 ms. Memory: 145408K Free: 116975K (80%)
6 ms. Memory: 145408K Free: 109303K (75%)
6 ms. Memory: 145408K Free: 99573K (68%)
5 ms. Memory: 145408K Free: 88823K (61%)
/home/travis/build/icyphy/ptII/ptolemy/actor/lib/test/Pulse.tcl
11 ms. Memory: 145408K Free: 97573K (67%)
1 ms. Memory: 145408K Free: 97029K (67%)
2 ms. Memory: 145408K Free: 96549K (66%)
1 ms. Memory: 145408K Free: 96035K (66%)
1 ms. Memory: 145408K Free: 95525K (66%)
16 ms. Memory: 145408K Free: 93987K (65%)
7 ms. Memory: 145408K Free: 93477K (64%)
1 ms. Memory: 145408K Free: 92453K (64%)
9 ms. Memory: 145408K Free: 91939K (63%)
/home/travis/build/icyphy/ptII/ptolemy/actor/lib/test/Ramp.tcl
7 ms. Memory: 145408K Free: 89833K (62%)
2 ms. Memory: 145408K Free: 88853K (61%)
2 ms. Memory: 145408K Free: 88357K (61%)
7 ms. Memory: 145408K Free: 87333K (60%)
6 ms. Memory: 145408K Free: 86819K (60%)
10 ms. Memory: 145408K Free: 85781K (59%)
5 ms. Memory: 145408K Free: 84771K (58%)
5 actors
6000 microseconds per iteration to create
10 ms. Memory: 145408K Free: 82213K (57%)
2 ms. Memory: 145408K Free: 81669K (56%)
8 ms. Memory: 145408K Free: 81189K (56%)
2 ms. Memory: 145408K Free: 80645K (55%)
50 actors
51000 microseconds per iteration to create
35 ms. Memory: 145408K Free: 121939K (84%)
5 ms. Memory: 145408K Free: 120917K (83%)
5 ms. Memory: 145408K Free: 119893K (82%)
5 ms. Memory: 145408K Free: 118869K (82%)
500 actors
1621000 microseconds per iteration to create
376 ms. Memory: 175104K Free: 128123K (73%)
39 ms. Memory: 175104K Free: 122489K (70%)
41 ms. Memory: 175104K Free: 117355K (67%)
39 ms. Memory: 175104K Free: 112249K (64%)
/home/travis/build/icyphy/ptII/ptolemy/actor/lib/test/RampContinuous.tcl
10 ms. Memory: 175104K Free: 110715K (63%)
/home/travis/build/icyphy/ptII/ptolemy/actor/lib/test/RecordAssembler.tcl
6 ms. Memory: 175104K Free: 109163K (62%)
3 ms. Memory: 175104K Free: 108123K (62%)
/home/travis/build/icyphy/ptII/ptolemy/actor/lib/test/RecordDisassembler.tcl
17 ms. Memory: 175104K Free: 106619K (61%)
3 ms. Memory: 175104K Free: 105595K (60%)
12 ms. Memory: 175104K Free: 104571K (60%)
/home/travis/build/icyphy/ptII/ptolemy/actor/lib/test/Scale.tcl
3 ms. Memory: 175104K Free: 102523K (59%)
1 ms. Memory: 175104K Free: 101995K (58%)
2 ms. Memory: 175104K Free: 100985K (58%)
11 ms. Memory: 175104K Free: 100475K (57%)
3 ms. Memory: 175104K Free: 99451K (57%)
/home/travis/build/icyphy/ptII/ptolemy/actor/lib/test/SequentialClock.tcl
preinitializing
resolving types
initializing
executing number 1
wrapping up
idle
10 ms. Memory: 175104K Free: 97913K (56%)
Completed execution with 5 iterations
preinitializing
resolving types
initializing
executing number 1
wrapping up
idle
2 ms. Memory: 175104K Free: 97403K (56%)
Completed execution with 5 iterations
preinitializing
resolving types
initializing
executing number 1
wrapping up
idle
1 ms. Memory: 175104K Free: 96875K (55%)
Completed execution with 5 iterations
/home/travis/build/icyphy/ptII/ptolemy/actor/lib/test/SetVariable.tcl
15 ms. Memory: 175104K Free: 95355K (54%)


==== $PTII/ptolemy/actor/lib/test/SetVariable.tcl: SetVariable-3.1 changeFailed
==== Contents of test case:

    #Uses 2.1 above
    jdkCaptureErr {
        # This test was failing if we ran Exit.tcl and then this test.
        # MessageHandler.error() now actually throws the Exception.
	catch {$setVariable changeFailed [java::null]  [java::new Exception {Test exception for SetVariable.changeFailed()}]} errMsg
    } results
    list [string range $results 0 89] "\n" $errMsg

==== Result was:
{java.lang.Exception: Test exception for SetVariable.changeFailed()
	at java.base/jdk.inter} {
} {java.lang.RuntimeException: java.lang.Exception: Test exception for SetVariable.changeFailed()}
---- Result should have been:
{Failed to set variable.
java.lang.Exception: Test exception for SetVariable.changeFailed()} {
} {java.lang.RuntimeException: java.lang.Exception: Test exception for SetVariable.changeFailed()}
---- SetVariable-3.1 FAILED
/home/travis/build/icyphy/ptII/ptolemy/actor/lib/test/Sinewave.tcl
/home/travis/build/icyphy/ptII/ptolemy/actor/lib/test/SubscriptionAggregator.tcl
12 ms. Memory: 175104K Free: 83067K (47%)
9 ms. Memory: 175104K Free: 82553K (47%)
1 ms. Memory: 175104K Free: 82043K (47%)
1 ms. Memory: 175104K Free: 81515K (47%)
2 ms. Memory: 175104K Free: 77947K (45%)
11 ms. Memory: 175104K Free: 75899K (43%)
...............................................................1103 ms. Memory: 250880K Free: 141542K (56%)
/home/travis/build/icyphy/ptII/ptolemy/actor/lib/test/Test.tcl
 The next command will produce a warning about training mode,
   which may be ignored.
6 ms. Memory: 250880K Free: 139496K (56%)
8 ms. Memory: 250880K Free: 138472K (55%)
1 ms. Memory: 250880K Free: 137951K (55%)
1 ms. Memory: 250880K Free: 137448K (55%)
1 ms. Memory: 250880K Free: 136919K (55%)
3 ms. Memory: 250880K Free: 135400K (54%)
5 ms. Memory: 250880K Free: 134376K (54%)
 The next command will produce a warning about training mode,
   which may be ignored.
13 ms. Memory: 250880K Free: 131799K (53%)
 The next command will produce a warning about training mode,
   which may be ignored.
2 ms. Memory: 250880K Free: 130759K (52%)
4 ms. Memory: 250880K Free: 130280K (52%)
1 ms. Memory: 250880K Free: 129751K (52%)
1 ms. Memory: 250880K Free: 129256K (52%)
7 ms. Memory: 250880K Free: 128232K (51%)
6 ms. Memory: 250880K Free: 124136K (49%)
/home/travis/build/icyphy/ptII/ptolemy/actor/lib/test/TestExceptionHandler.tcl
 The next command will produce a warning about training mode,
   which may be ignored.
2 ms. Memory: 250880K Free: 123112K (49%)
1 ms. Memory: 250880K Free: 122583K (49%)
1 ms. Memory: 250880K Free: 122088K (49%)
/home/travis/build/icyphy/ptII/ptolemy/actor/lib/test/UnionDisassembler.tcl
24 ms. Memory: 250880K Free: 114920K (46%)
/home/travis/build/icyphy/ptII/ptolemy/actor/lib/test/VariableClock.tcl
preinitializing
resolving types
initializing
executing number 1
wrapping up
idle
10 ms. Memory: 250880K Free: 112872K (45%)
Completed execution with 11 iterations
preinitializing
resolving types
initializing
executing number 1
wrapping up
idle
3 ms. Memory: 250880K Free: 111334K (44%)
Completed execution with 10 iterations
07/20/19 12:27:29
Failed: 1  Total Tests: 234  ((Passed: 233, Newly Passed: 0)  Known Failed: 0) /home/travis/build/icyphy/ptII/ptolemy/actor/lib/test
----------------- testing (KnownFailure) /home/travis/build/icyphy/ptII/ptolemy/actor/lib/test/auto/knownFailedTests/PublisherPortToplevelSubscriber.xml
0 ms. Memory: 250880K Free: 108262K (43%)
Known Failure: java.lang.reflect.InvocationTargetException
----------------- testing (KnownFailure) /home/travis/build/icyphy/ptII/ptolemy/actor/lib/test/auto/knownFailedTests/PublisherSubscriberPortToplevel.xml
1 ms. Memory: 250880K Free: 103656K (41%)
Known Failure: java.lang.reflect.InvocationTargetException
----------------- testing (KnownFailure) /home/travis/build/icyphy/ptII/ptolemy/actor/lib/test/auto/knownFailedTests/PublisherSubscriptionAggregatorPort.xml
1 ms. Memory: 250880K Free: 99560K (40%)
Known Failure: java.lang.reflect.InvocationTargetException
----------------- testing (KnownFailure) /home/travis/build/icyphy/ptII/ptolemy/actor/lib/test/auto/knownFailedTests/sizedarray3.xml
4 ms. Memory: 250880K Free: 95464K (38%)
Known Failure: java.lang.reflect.InvocationTargetException
No auto/linux-amd64/*.xml tests in /home/travis/build/icyphy/ptII/ptolemy/actor/lib/test
AutoTests.java: About to close Vertx.
AutoTests.java: Vertx closed.

===========================================================================================
----------------- testing Sat Jul 20 00:27:30 UTC 2019 /home/travis/build/icyphy/ptII/ptolemy/actor/lib/test/auto/AbsoluteValue.xml
----------------- Instantiating /home/travis/build/icyphy/ptII/ptolemy/actor/lib/test/auto/AbsoluteValue.xml
5 ms. Memory: 250880K Free: 199212K (79%)
----------------- Invoking toplevel() on ptolemy.moml.MoMLSimpleApplication@499033a
----------------- Done invoking toplevel() on ptolemy.moml.MoMLSimpleApplication@499033a
reloadAllAccessors: .AbsoluteValue

===========================================================================================
----------------- testing Sat Jul 20 00:27:30 UTC 2019 /home/travis/build/icyphy/ptII/ptolemy/actor/lib/test/auto/AbsoluteValue2.xml
----------------- Instantiating /home/travis/build/icyphy/ptII/ptolemy/actor/lib/test/auto/AbsoluteValue2.xml
19 ms. Memory: 250880K Free: 192044K (77%)
----------------- Invoking toplevel() on ptolemy.moml.MoMLSimpleApplication@5bca49f0
----------------- Done invoking toplevel() on ptolemy.moml.MoMLSimpleApplication@5bca49f0
reloadAllAccessors: .AbsoluteValue2

===========================================================================================
----------------- testing Sat Jul 20 00:27:30 UTC 2019 /home/travis/build/icyphy/ptII/ptolemy/actor/lib/test/auto/Accumulator.xml
----------------- Instantiating /home/travis/build/icyphy/ptII/ptolemy/actor/lib/test/auto/Accumulator.xml
6 ms. Memory: 250880K Free: 185900K (74%)
----------------- Invoking toplevel() on ptolemy.moml.MoMLSimpleApplication@1a13a541
----------------- Done invoking toplevel() on ptolemy.moml.MoMLSimpleApplication@1a13a541
reloadAllAccessors: .Accumulator

===========================================================================================
----------------- testing Sat Jul 20 00:27:30 UTC 2019 /home/travis/build/icyphy/ptII/ptolemy/actor/lib/test/auto/Accumulator2.xml
----------------- Instantiating /home/travis/build/icyphy/ptII/ptolemy/actor/lib/test/auto/Accumulator2.xml
4 ms. Memory: 250880K Free: 180266K (72%)
----------------- Invoking toplevel() on ptolemy.moml.MoMLSimpleApplication@69c3a992
----------------- Done invoking toplevel() on ptolemy.moml.MoMLSimpleApplication@69c3a992
reloadAllAccessors: .Accumulator2

===========================================================================================
----------------- testing Sat Jul 20 00:27:30 UTC 2019 /home/travis/build/icyphy/ptII/ptolemy/actor/lib/test/auto/Accumulator3.xml
----------------- Instantiating /home/travis/build/icyphy/ptII/ptolemy/actor/lib/test/auto/Accumulator3.xml
3 ms. Memory: 250880K Free: 176170K (70%)
----------------- Invoking toplevel() on ptolemy.moml.MoMLSimpleApplication@6ce4bb48
----------------- Done invoking toplevel() on ptolemy.moml.MoMLSimpleApplication@6ce4bb48
reloadAllAccessors: .Accumulator3

===========================================================================================
----------------- testing Sat Jul 20 00:27:30 UTC 2019 /home/travis/build/icyphy/ptII/ptolemy/actor/lib/test/auto/ArrayAppend.xml
----------------- Instantiating /home/travis/build/icyphy/ptII/ptolemy/actor/lib/test/auto/ArrayAppend.xml
8 ms. Memory: 250880K Free: 169995K (68%)
----------------- Invoking toplevel() on ptolemy.moml.MoMLSimpleApplication@1a89d021
----------------- Done invoking toplevel() on ptolemy.moml.MoMLSimpleApplication@1a89d021
reloadAllAccessors: .ArrayAppend

===========================================================================================
----------------- testing Sat Jul 20 00:27:30 UTC 2019 /home/travis/build/icyphy/ptII/ptolemy/actor/lib/test/auto/ArrayAppend2.xml
----------------- Instantiating /home/travis/build/icyphy/ptII/ptolemy/actor/lib/test/auto/ArrayAppend2.xml
357 ms. Memory: 250880K Free: 87596K (35%)
----------------- Invoking toplevel() on ptolemy.moml.MoMLSimpleApplication@49ea2312
----------------- Done invoking toplevel() on ptolemy.moml.MoMLSimpleApplication@49ea2312
reloadAllAccessors: .ArrayAppend2

===========================================================================================
----------------- testing Sat Jul 20 00:27:30 UTC 2019 /home/travis/build/icyphy/ptII/ptolemy/actor/lib/test/auto/ArrayAppend3.xml
----------------- Instantiating /home/travis/build/icyphy/ptII/ptolemy/actor/lib/test/auto/ArrayAppend3.xml
4 ms. Memory: 250880K Free: 82476K (33%)
----------------- Invoking toplevel() on ptolemy.moml.MoMLSimpleApplication@9367049
----------------- Done invoking toplevel() on ptolemy.moml.MoMLSimpleApplication@9367049
reloadAllAccessors: .ArrayAppend3

===========================================================================================
----------------- testing Sat Jul 20 00:27:31 UTC 2019 /home/travis/build/icyphy/ptII/ptolemy/actor/lib/test/auto/ArrayAppend4.xml
----------------- Instantiating /home/travis/build/icyphy/ptII/ptolemy/actor/lib/test/auto/ArrayAppend4.xml
3 ms. Memory: 250880K Free: 76842K (31%)
----------------- Invoking toplevel() on ptolemy.moml.MoMLSimpleApplication@4245a56e
----------------- Done invoking toplevel() on ptolemy.moml.MoMLSimpleApplication@4245a56e
reloadAllAccessors: .ArrayAppend4

===========================================================================================
----------------- testing Sat Jul 20 00:27:31 UTC 2019 /home/travis/build/icyphy/ptII/ptolemy/actor/lib/test/auto/ArrayAppend5.xml
----------------- Instantiating /home/travis/build/icyphy/ptII/ptolemy/actor/lib/test/auto/ArrayAppend5.xml
7 ms. Memory: 250880K Free: 71722K (29%)
----------------- Invoking toplevel() on ptolemy.moml.MoMLSimpleApplication@59640231
----------------- Done invoking toplevel() on ptolemy.moml.MoMLSimpleApplication@59640231
reloadAllAccessors: .ArrayAppend5

===========================================================================================
----------------- testing Sat Jul 20 00:27:31 UTC 2019 /home/travis/build/icyphy/ptII/ptolemy/actor/lib/test/auto/ArrayAppend6.xml
----------------- Instantiating /home/travis/build/icyphy/ptII/ptolemy/actor/lib/test/auto/ArrayAppend6.xml
6 ms. Memory: 437248K Free: 385024K (88%)
----------------- Invoking toplevel() on ptolemy.moml.MoMLSimpleApplication@72f3ebe7
----------------- Done invoking toplevel() on ptolemy.moml.MoMLSimpleApplication@72f3ebe7
reloadAllAccessors: .ArrayAppend6

===========================================================================================
----------------- testing Sat Jul 20 00:27:31 UTC 2019 /home/travis/build/icyphy/ptII/ptolemy/actor/lib/test/auto/ArrayAppendPerformanceTest.xml
----------------- Instantiating /home/travis/build/icyphy/ptII/ptolemy/actor/lib/test/auto/ArrayAppendPerformanceTest.xml
44 ms. Memory: 437248K Free: 374270K (86%)
----------------- Invoking toplevel() on ptolemy.moml.MoMLSimpleApplication@2ea4ed57
----------------- Done invoking toplevel() on ptolemy.moml.MoMLSimpleApplication@2ea4ed57
reloadAllAccessors: .ArrayAppendPerformanceTest

===========================================================================================
----------------- testing Sat Jul 20 00:27:31 UTC 2019 /home/travis/build/icyphy/ptII/ptolemy/actor/lib/test/auto/ArrayAppendWithEmptyInput.xml
----------------- Instantiating /home/travis/build/icyphy/ptII/ptolemy/actor/lib/test/auto/ArrayAppendWithEmptyInput.xml
15 ms. Memory: 437248K Free: 366078K (84%)
----------------- Invoking toplevel() on ptolemy.moml.MoMLSimpleApplication@13ea6175
----------------- Done invoking toplevel() on ptolemy.moml.MoMLSimpleApplication@13ea6175
reloadAllAccessors: .ArrayAppendWithEmptyInput

===========================================================================================
----------------- testing Sat Jul 20 00:27:31 UTC 2019 /home/travis/build/icyphy/ptII/ptolemy/actor/lib/test/auto/ArrayAverage.xml
----------------- Instantiating /home/travis/build/icyphy/ptII/ptolemy/actor/lib/test/auto/ArrayAverage.xml
7 ms. Memory: 437248K Free: 358910K (82%)
----------------- Invoking toplevel() on ptolemy.moml.MoMLSimpleApplication@4bcd24ae
----------------- Done invoking toplevel() on ptolemy.moml.MoMLSimpleApplication@4bcd24ae
reloadAllAccessors: .ArrayAverage

===========================================================================================
----------------- testing Sat Jul 20 00:27:31 UTC 2019 /home/travis/build/icyphy/ptII/ptolemy/actor/lib/test/auto/ArrayContains.xml
----------------- Instantiating /home/travis/build/icyphy/ptII/ptolemy/actor/lib/test/auto/ArrayContains.xml
13 ms. Memory: 437248K Free: 352766K (81%)
----------------- Invoking toplevel() on ptolemy.moml.MoMLSimpleApplication@2a220af5
----------------- Done invoking toplevel() on ptolemy.moml.MoMLSimpleApplication@2a220af5
reloadAllAccessors: .ArrayContains

===========================================================================================
----------------- testing Sat Jul 20 00:27:31 UTC 2019 /home/travis/build/icyphy/ptII/ptolemy/actor/lib/test/auto/ArrayElement.xml
----------------- Instantiating /home/travis/build/icyphy/ptII/ptolemy/actor/lib/test/auto/ArrayElement.xml
4 ms. Memory: 437248K Free: 346622K (79%)
----------------- Invoking toplevel() on ptolemy.moml.MoMLSimpleApplication@5dbbbc2e
----------------- Done invoking toplevel() on ptolemy.moml.MoMLSimpleApplication@5dbbbc2e
reloadAllAccessors: .ArrayElement

===========================================================================================
----------------- testing Sat Jul 20 00:27:31 UTC 2019 /home/travis/build/icyphy/ptII/ptolemy/actor/lib/test/auto/ArrayElementAsMatrix.xml
----------------- Instantiating /home/travis/build/icyphy/ptII/ptolemy/actor/lib/test/auto/ArrayElementAsMatrix.xml
15 ms. Memory: 437248K Free: 336896K (77%)
----------------- Invoking toplevel() on ptolemy.moml.MoMLSimpleApplication@469cd11e
----------------- Done invoking toplevel() on ptolemy.moml.MoMLSimpleApplication@469cd11e
reloadAllAccessors: .ArrayElementAsMatrix

===========================================================================================
----------------- testing Sat Jul 20 00:27:31 UTC 2019 /home/travis/build/icyphy/ptII/ptolemy/actor/lib/test/auto/ArrayElementI.xml
----------------- Instantiating /home/travis/build/icyphy/ptII/ptolemy/actor/lib/test/auto/ArrayElementI.xml
3 ms. Memory: 437248K Free: 331262K (76%)
----------------- Invoking toplevel() on ptolemy.moml.MoMLSimpleApplication@2a0920f6
----------------- Done invoking toplevel() on ptolemy.moml.MoMLSimpleApplication@2a0920f6
reloadAllAccessors: .ArrayElementI

===========================================================================================
----------------- testing Sat Jul 20 00:27:31 UTC 2019 /home/travis/build/icyphy/ptII/ptolemy/actor/lib/test/auto/ArrayExtract.xml
----------------- Instantiating /home/travis/build/icyphy/ptII/ptolemy/actor/lib/test/auto/ArrayExtract.xml
6 ms. Memory: 437248K Free: 323070K (74%)
----------------- Invoking toplevel() on ptolemy.moml.MoMLSimpleApplication@53722b9
----------------- Done invoking toplevel() on ptolemy.moml.MoMLSimpleApplication@53722b9
reloadAllAccessors: .ArrayExtract

===========================================================================================
----------------- testing Sat Jul 20 00:27:31 UTC 2019 /home/travis/build/icyphy/ptII/ptolemy/actor/lib/test/auto/ArrayExtract2.xml
----------------- Instantiating /home/travis/build/icyphy/ptII/ptolemy/actor/lib/test/auto/ArrayExtract2.xml
2 ms. Memory: 437248K Free: 317440K (73%)
----------------- Invoking toplevel() on ptolemy.moml.MoMLSimpleApplication@44120d89
----------------- Done invoking toplevel() on ptolemy.moml.MoMLSimpleApplication@44120d89
reloadAllAccessors: .ArrayExtract2

===========================================================================================
----------------- testing Sat Jul 20 00:27:31 UTC 2019 /home/travis/build/icyphy/ptII/ptolemy/actor/lib/test/auto/ArrayLength.xml
----------------- Instantiating /home/travis/build/icyphy/ptII/ptolemy/actor/lib/test/auto/ArrayLength.xml
2 ms. Memory: 437248K Free: 313854K (72%)
----------------- Invoking toplevel() on ptolemy.moml.MoMLSimpleApplication@3f7976ba
----------------- Done invoking toplevel() on ptolemy.moml.MoMLSimpleApplication@3f7976ba
reloadAllAccessors: .ArrayLength

===========================================================================================
----------------- testing Sat Jul 20 00:27:31 UTC 2019 /home/travis/build/icyphy/ptII/ptolemy/actor/lib/test/auto/ArrayLevelCrossing.xml
----------------- Instantiating /home/travis/build/icyphy/ptII/ptolemy/actor/lib/test/auto/ArrayLevelCrossing.xml
5 ms. Memory: 437248K Free: 305662K (70%)
----------------- Invoking toplevel() on ptolemy.moml.MoMLSimpleApplication@77202c47
----------------- Done invoking toplevel() on ptolemy.moml.MoMLSimpleApplication@77202c47
reloadAllAccessors: .ArrayLevelCrossing

===========================================================================================
----------------- testing Sat Jul 20 00:27:31 UTC 2019 /home/travis/build/icyphy/ptII/ptolemy/actor/lib/test/auto/ArrayLevelCrossing2.xml
----------------- Instantiating /home/travis/build/icyphy/ptII/ptolemy/actor/lib/test/auto/ArrayLevelCrossing2.xml
4 ms. Memory: 437248K Free: 298463K (68%)
----------------- Invoking toplevel() on ptolemy.moml.MoMLSimpleApplication@5bd67457
----------------- Done invoking toplevel() on ptolemy.moml.MoMLSimpleApplication@5bd67457
reloadAllAccessors: .ArrayLevelCrossing2

===========================================================================================
----------------- testing Sat Jul 20 00:27:31 UTC 2019 /home/travis/build/icyphy/ptII/ptolemy/actor/lib/test/auto/ArrayPeakSearch.xml
----------------- Instantiating /home/travis/build/icyphy/ptII/ptolemy/actor/lib/test/auto/ArrayPeakSearch.xml
5 ms. Memory: 437248K Free: 289278K (66%)
----------------- Invoking toplevel() on ptolemy.moml.MoMLSimpleApplication@2694f6db
----------------- Done invoking toplevel() on ptolemy.moml.MoMLSimpleApplication@2694f6db
reloadAllAccessors: .ArrayPeakSearch

===========================================================================================
----------------- testing Sat Jul 20 00:27:31 UTC 2019 /home/travis/build/icyphy/ptII/ptolemy/actor/lib/test/auto/ArrayPeakSearch2.xml
----------------- Instantiating /home/travis/build/icyphy/ptII/ptolemy/actor/lib/test/auto/ArrayPeakSearch2.xml
5 ms. Memory: 437248K Free: 279023K (64%)
----------------- Invoking toplevel() on ptolemy.moml.MoMLSimpleApplication@648bae71
----------------- Done invoking toplevel() on ptolemy.moml.MoMLSimpleApplication@648bae71
reloadAllAccessors: .ArrayPeakSearch2

===========================================================================================
----------------- testing Sat Jul 20 00:27:31 UTC 2019 /home/travis/build/icyphy/ptII/ptolemy/actor/lib/test/auto/ArrayPeakSearch3.xml
----------------- Instantiating /home/travis/build/icyphy/ptII/ptolemy/actor/lib/test/auto/ArrayPeakSearch3.xml
5 ms. Memory: 437248K Free: 269822K (62%)
----------------- Invoking toplevel() on ptolemy.moml.MoMLSimpleApplication@6d46ce26
----------------- Done invoking toplevel() on ptolemy.moml.MoMLSimpleApplication@6d46ce26
reloadAllAccessors: .ArrayPeakSearch3

===========================================================================================
----------------- testing Sat Jul 20 00:27:31 UTC 2019 /home/travis/build/icyphy/ptII/ptolemy/actor/lib/test/auto/ArrayRemoveElement.xml
----------------- Instantiating /home/travis/build/icyphy/ptII/ptolemy/actor/lib/test/auto/ArrayRemoveElement.xml
3 ms. Memory: 437248K Free: 262144K (60%)
----------------- Invoking toplevel() on ptolemy.moml.MoMLSimpleApplication@603b8649
----------------- Done invoking toplevel() on ptolemy.moml.MoMLSimpleApplication@603b8649
reloadAllAccessors: .ArrayRemoveElement

===========================================================================================
----------------- testing Sat Jul 20 00:27:31 UTC 2019 /home/travis/build/icyphy/ptII/ptolemy/actor/lib/test/auto/ArraySort.xml
----------------- Instantiating /home/travis/build/icyphy/ptII/ptolemy/actor/lib/test/auto/ArraySort.xml
7 ms. Memory: 437248K Free: 252928K (58%)
----------------- Invoking toplevel() on ptolemy.moml.MoMLSimpleApplication@43f5503f
----------------- Done invoking toplevel() on ptolemy.moml.MoMLSimpleApplication@43f5503f
reloadAllAccessors: .ArraySort

===========================================================================================
----------------- testing Sat Jul 20 00:27:31 UTC 2019 /home/travis/build/icyphy/ptII/ptolemy/actor/lib/test/auto/ArraySum.xml
----------------- Instantiating /home/travis/build/icyphy/ptII/ptolemy/actor/lib/test/auto/ArraySum.xml
3 ms. Memory: 437248K Free: 247808K (57%)
----------------- Invoking toplevel() on ptolemy.moml.MoMLSimpleApplication@186cd629
----------------- Done invoking toplevel() on ptolemy.moml.MoMLSimpleApplication@186cd629
reloadAllAccessors: .ArraySum

===========================================================================================
----------------- testing Sat Jul 20 00:27:31 UTC 2019 /home/travis/build/icyphy/ptII/ptolemy/actor/lib/test/auto/ArrayToElements.xml
----------------- Instantiating /home/travis/build/icyphy/ptII/ptolemy/actor/lib/test/auto/ArrayToElements.xml
4 ms. Memory: 437248K Free: 242174K (55%)
----------------- Invoking toplevel() on ptolemy.moml.MoMLSimpleApplication@37c64f8c
----------------- Done invoking toplevel() on ptolemy.moml.MoMLSimpleApplication@37c64f8c
reloadAllAccessors: .ArrayToElements

===========================================================================================
----------------- testing Sat Jul 20 00:27:31 UTC 2019 /home/travis/build/icyphy/ptII/ptolemy/actor/lib/test/auto/ArrayToMatrix.xml
----------------- Instantiating /home/travis/build/icyphy/ptII/ptolemy/actor/lib/test/auto/ArrayToMatrix.xml
9 ms. Memory: 437248K Free: 228352K (52%)
----------------- Invoking toplevel() on ptolemy.moml.MoMLSimpleApplication@52d937a5
----------------- Done invoking toplevel() on ptolemy.moml.MoMLSimpleApplication@52d937a5
reloadAllAccessors: .ArrayToMatrix

===========================================================================================
----------------- testing Sat Jul 20 00:27:32 UTC 2019 /home/travis/build/icyphy/ptII/ptolemy/actor/lib/test/auto/ArrayUpdate1.xml
----------------- Instantiating /home/travis/build/icyphy/ptII/ptolemy/actor/lib/test/auto/ArrayUpdate1.xml
7 ms. Memory: 437248K Free: 223232K (51%)
----------------- Invoking toplevel() on ptolemy.moml.MoMLSimpleApplication@1e108fdd
----------------- Done invoking toplevel() on ptolemy.moml.MoMLSimpleApplication@1e108fdd
reloadAllAccessors: .ArrayUpdate1

===========================================================================================
----------------- testing Sat Jul 20 00:27:32 UTC 2019 /home/travis/build/icyphy/ptII/ptolemy/actor/lib/test/auto/ArrayUpdate2.xml
----------------- Instantiating /home/travis/build/icyphy/ptII/ptolemy/actor/lib/test/auto/ArrayUpdate2.xml
7 ms. Memory: 437248K Free: 217583K (50%)
----------------- Invoking toplevel() on ptolemy.moml.MoMLSimpleApplication@403f04e1
----------------- Done invoking toplevel() on ptolemy.moml.MoMLSimpleApplication@403f04e1
reloadAllAccessors: .ArrayUpdate2

===========================================================================================
----------------- testing Sat Jul 20 00:27:32 UTC 2019 /home/travis/build/icyphy/ptII/ptolemy/actor/lib/test/auto/ArrayUpdate3.xml
----------------- Instantiating /home/travis/build/icyphy/ptII/ptolemy/actor/lib/test/auto/ArrayUpdate3.xml
13 ms. Memory: 437248K Free: 212478K (49%)
----------------- Invoking toplevel() on ptolemy.moml.MoMLSimpleApplication@3f0ecf69
----------------- Done invoking toplevel() on ptolemy.moml.MoMLSimpleApplication@3f0ecf69
reloadAllAccessors: .ArrayUpdate3

===========================================================================================
----------------- testing Sat Jul 20 00:27:32 UTC 2019 /home/travis/build/icyphy/ptII/ptolemy/actor/lib/test/auto/Assert1.xml
----------------- Instantiating /home/travis/build/icyphy/ptII/ptolemy/actor/lib/test/auto/Assert1.xml
6 ms. Memory: 437248K Free: 208382K (48%)
----------------- Invoking toplevel() on ptolemy.moml.MoMLSimpleApplication@5e874d80
----------------- Done invoking toplevel() on ptolemy.moml.MoMLSimpleApplication@5e874d80
reloadAllAccessors: .Assert1

===========================================================================================
----------------- testing Sat Jul 20 00:27:32 UTC 2019 /home/travis/build/icyphy/ptII/ptolemy/actor/lib/test/auto/Assert2.xml
----------------- Instantiating /home/travis/build/icyphy/ptII/ptolemy/actor/lib/test/auto/Assert2.xml
2 ms. Memory: 437248K Free: 202752K (46%)
----------------- Invoking toplevel() on ptolemy.moml.MoMLSimpleApplication@6d25ece
----------------- Done invoking toplevel() on ptolemy.moml.MoMLSimpleApplication@6d25ece
reloadAllAccessors: .Assert2

===========================================================================================
----------------- testing Sat Jul 20 00:27:32 UTC 2019 /home/travis/build/icyphy/ptII/ptolemy/actor/lib/test/auto/BooleanMultiplexor.xml
----------------- Instantiating /home/travis/build/icyphy/ptII/ptolemy/actor/lib/test/auto/BooleanMultiplexor.xml
2 ms. Memory: 437248K Free: 197103K (45%)
----------------- Invoking toplevel() on ptolemy.moml.MoMLSimpleApplication@291f36c2
----------------- Done invoking toplevel() on ptolemy.moml.MoMLSimpleApplication@291f36c2
reloadAllAccessors: .BooleanMultiplexor

===========================================================================================
----------------- testing Sat Jul 20 00:27:32 UTC 2019 /home/travis/build/icyphy/ptII/ptolemy/actor/lib/test/auto/BooleanMultiplexor2.xml
----------------- Instantiating /home/travis/build/icyphy/ptII/ptolemy/actor/lib/test/auto/BooleanMultiplexor2.xml
10 ms. Memory: 437248K Free: 190464K (44%)
----------------- Invoking toplevel() on ptolemy.moml.MoMLSimpleApplication@66b24a33
----------------- Done invoking toplevel() on ptolemy.moml.MoMLSimpleApplication@66b24a33
reloadAllAccessors: .BooleanMultiplexor2

===========================================================================================
----------------- testing Sat Jul 20 00:27:32 UTC 2019 /home/travis/build/icyphy/ptII/ptolemy/actor/lib/test/auto/BooleanMultiplexor3.xml
----------------- Instantiating /home/travis/build/icyphy/ptII/ptolemy/actor/lib/test/auto/BooleanMultiplexor3.xml
7 ms. Memory: 437248K Free: 186878K (43%)
----------------- Invoking toplevel() on ptolemy.moml.MoMLSimpleApplication@7716727f
----------------- Done invoking toplevel() on ptolemy.moml.MoMLSimpleApplication@7716727f
reloadAllAccessors: .BooleanMultiplexor3

===========================================================================================
----------------- testing Sat Jul 20 00:27:32 UTC 2019 /home/travis/build/icyphy/ptII/ptolemy/actor/lib/test/auto/BooleanSelect.xml
----------------- Instantiating /home/travis/build/icyphy/ptII/ptolemy/actor/lib/test/auto/BooleanSelect.xml
8 ms. Memory: 437248K Free: 180719K (41%)
----------------- Invoking toplevel() on ptolemy.moml.MoMLSimpleApplication@685630e
----------------- Done invoking toplevel() on ptolemy.moml.MoMLSimpleApplication@685630e
reloadAllAccessors: .BooleanSelect

===========================================================================================
----------------- testing Sat Jul 20 00:27:32 UTC 2019 /home/travis/build/icyphy/ptII/ptolemy/actor/lib/test/auto/BooleanSelect2.xml
----------------- Instantiating /home/travis/build/icyphy/ptII/ptolemy/actor/lib/test/auto/BooleanSelect2.xml
2 ms. Memory: 437248K Free: 176638K (40%)
----------------- Invoking toplevel() on ptolemy.moml.MoMLSimpleApplication@4cc3f243
----------------- Done invoking toplevel() on ptolemy.moml.MoMLSimpleApplication@4cc3f243
reloadAllAccessors: .BooleanSelect2

===========================================================================================
----------------- testing Sat Jul 20 00:27:32 UTC 2019 /home/travis/build/icyphy/ptII/ptolemy/actor/lib/test/auto/BooleanSwitch.xml
----------------- Instantiating /home/travis/build/icyphy/ptII/ptolemy/actor/lib/test/auto/BooleanSwitch.xml
7 ms. Memory: 437248K Free: 169984K (39%)
----------------- Invoking toplevel() on ptolemy.moml.MoMLSimpleApplication@4ae07aab
----------------- Done invoking toplevel() on ptolemy.moml.MoMLSimpleApplication@4ae07aab
reloadAllAccessors: .BooleanSwitch

===========================================================================================
----------------- testing Sat Jul 20 00:27:32 UTC 2019 /home/travis/build/icyphy/ptII/ptolemy/actor/lib/test/auto/BooleanSwitch2.xml
----------------- Instantiating /home/travis/build/icyphy/ptII/ptolemy/actor/lib/test/auto/BooleanSwitch2.xml
2 ms. Memory: 437248K Free: 165888K (38%)
----------------- Invoking toplevel() on ptolemy.moml.MoMLSimpleApplication@52a93a3b
----------------- Done invoking toplevel() on ptolemy.moml.MoMLSimpleApplication@52a93a3b
reloadAllAccessors: .BooleanSwitch2

===========================================================================================
----------------- testing Sat Jul 20 00:27:32 UTC 2019 /home/travis/build/icyphy/ptII/ptolemy/actor/lib/test/auto/BooleanSwitchCloningBugWithClassRelationGroup.xml
----------------- Instantiating /home/travis/build/icyphy/ptII/ptolemy/actor/lib/test/auto/BooleanSwitchCloningBugWithClassRelationGroup.xml
2 ms. Memory: 437248K Free: 159230K (36%)
----------------- Invoking toplevel() on ptolemy.moml.MoMLSimpleApplication@799ed23f
----------------- Done invoking toplevel() on ptolemy.moml.MoMLSimpleApplication@799ed23f
reloadAllAccessors: .BooleanSwitchCloningBugWithClassRelationGroup

===========================================================================================
----------------- testing Sat Jul 20 00:27:32 UTC 2019 /home/travis/build/icyphy/ptII/ptolemy/actor/lib/test/auto/BusActors.xml
----------------- Instantiating /home/travis/build/icyphy/ptII/ptolemy/actor/lib/test/auto/BusActors.xml
4 ms. Memory: 437248K Free: 151552K (35%)
----------------- Invoking toplevel() on ptolemy.moml.MoMLSimpleApplication@6e022ade
----------------- Done invoking toplevel() on ptolemy.moml.MoMLSimpleApplication@6e022ade
reloadAllAccessors: .BusActors

===========================================================================================
----------------- testing Sat Jul 20 00:27:32 UTC 2019 /home/travis/build/icyphy/ptII/ptolemy/actor/lib/test/auto/ClassWrapper.xml
----------------- Instantiating /home/travis/build/icyphy/ptII/ptolemy/actor/lib/test/auto/ClassWrapper.xml
3 ms. Memory: 437248K Free: 146942K (34%)
----------------- Invoking toplevel() on ptolemy.moml.MoMLSimpleApplication@80b6692
----------------- Done invoking toplevel() on ptolemy.moml.MoMLSimpleApplication@80b6692
reloadAllAccessors: .ClassWrapper

===========================================================================================
----------------- testing Sat Jul 20 00:27:32 UTC 2019 /home/travis/build/icyphy/ptII/ptolemy/actor/lib/test/auto/Clock.xml
----------------- Instantiating /home/travis/build/icyphy/ptII/ptolemy/actor/lib/test/auto/Clock.xml
2 ms. Memory: 437248K Free: 143360K (33%)
----------------- Invoking toplevel() on ptolemy.moml.MoMLSimpleApplication@3b51024
----------------- Done invoking toplevel() on ptolemy.moml.MoMLSimpleApplication@3b51024
reloadAllAccessors: .Clock

===========================================================================================
----------------- testing Sat Jul 20 00:27:32 UTC 2019 /home/travis/build/icyphy/ptII/ptolemy/actor/lib/test/auto/Clock10.xml
----------------- Instantiating /home/travis/build/icyphy/ptII/ptolemy/actor/lib/test/auto/Clock10.xml
2 ms. Memory: 437248K Free: 137216K (31%)
----------------- Invoking toplevel() on ptolemy.moml.MoMLSimpleApplication@65e69165
----------------- Done invoking toplevel() on ptolemy.moml.MoMLSimpleApplication@65e69165
reloadAllAccessors: .Clock10

===========================================================================================
----------------- testing Sat Jul 20 00:27:32 UTC 2019 /home/travis/build/icyphy/ptII/ptolemy/actor/lib/test/auto/Clock11.xml
----------------- Instantiating /home/travis/build/icyphy/ptII/ptolemy/actor/lib/test/auto/Clock11.xml
3 ms. Memory: 437248K Free: 131582K (30%)
----------------- Invoking toplevel() on ptolemy.moml.MoMLSimpleApplication@4c2a41b2
----------------- Done invoking toplevel() on ptolemy.moml.MoMLSimpleApplication@4c2a41b2
reloadAllAccessors: .Clock11

===========================================================================================
----------------- testing Sat Jul 20 00:27:32 UTC 2019 /home/travis/build/icyphy/ptII/ptolemy/actor/lib/test/auto/Clock12.xml
----------------- Instantiating /home/travis/build/icyphy/ptII/ptolemy/actor/lib/test/auto/Clock12.xml
2 ms. Memory: 437248K Free: 386558K (88%)
----------------- Invoking toplevel() on ptolemy.moml.MoMLSimpleApplication@77698506
----------------- Done invoking toplevel() on ptolemy.moml.MoMLSimpleApplication@77698506
reloadAllAccessors: .Clock12

===========================================================================================
----------------- testing Sat Jul 20 00:27:32 UTC 2019 /home/travis/build/icyphy/ptII/ptolemy/actor/lib/test/auto/Clock13.xml
----------------- Instantiating /home/travis/build/icyphy/ptII/ptolemy/actor/lib/test/auto/Clock13.xml
5 ms. Memory: 437248K Free: 380383K (87%)
----------------- Invoking toplevel() on ptolemy.moml.MoMLSimpleApplication@37ab93c9
----------------- Done invoking toplevel() on ptolemy.moml.MoMLSimpleApplication@37ab93c9
reloadAllAccessors: .Clock13

===========================================================================================
----------------- testing Sat Jul 20 00:27:32 UTC 2019 /home/travis/build/icyphy/ptII/ptolemy/actor/lib/test/auto/Clock14.xml
----------------- Instantiating /home/travis/build/icyphy/ptII/ptolemy/actor/lib/test/auto/Clock14.xml
5 ms. Memory: 437248K Free: 374270K (86%)
----------------- Invoking toplevel() on ptolemy.moml.MoMLSimpleApplication@50e9be07
----------------- Done invoking toplevel() on ptolemy.moml.MoMLSimpleApplication@50e9be07
reloadAllAccessors: .Clock14

===========================================================================================
----------------- testing Sat Jul 20 00:27:32 UTC 2019 /home/travis/build/icyphy/ptII/ptolemy/actor/lib/test/auto/Clock15.xml
----------------- Instantiating /home/travis/build/icyphy/ptII/ptolemy/actor/lib/test/auto/Clock15.xml
4 ms. Memory: 437248K Free: 368640K (84%)
----------------- Invoking toplevel() on ptolemy.moml.MoMLSimpleApplication@3d904c35
----------------- Done invoking toplevel() on ptolemy.moml.MoMLSimpleApplication@3d904c35
reloadAllAccessors: .Clock15

===========================================================================================
----------------- testing Sat Jul 20 00:27:32 UTC 2019 /home/travis/build/icyphy/ptII/ptolemy/actor/lib/test/auto/Clock16.xml
----------------- Instantiating /home/travis/build/icyphy/ptII/ptolemy/actor/lib/test/auto/Clock16.xml
36 ms. Memory: 437248K Free: 353783K (81%)
----------------- Invoking toplevel() on ptolemy.moml.MoMLSimpleApplication@5c5c8f21
----------------- Done invoking toplevel() on ptolemy.moml.MoMLSimpleApplication@5c5c8f21
reloadAllAccessors: .Clock16

===========================================================================================
----------------- testing Sat Jul 20 00:27:32 UTC 2019 /home/travis/build/icyphy/ptII/ptolemy/actor/lib/test/auto/Clock17.xml
----------------- Instantiating /home/travis/build/icyphy/ptII/ptolemy/actor/lib/test/auto/Clock17.xml
17 ms. Memory: 437248K Free: 339968K (78%)
----------------- Invoking toplevel() on ptolemy.moml.MoMLSimpleApplication@3a3bc424
----------------- Done invoking toplevel() on ptolemy.moml.MoMLSimpleApplication@3a3bc424
reloadAllAccessors: .Clock17

===========================================================================================
----------------- testing Sat Jul 20 00:27:32 UTC 2019 /home/travis/build/icyphy/ptII/ptolemy/actor/lib/test/auto/Clock18.xml
----------------- Instantiating /home/travis/build/icyphy/ptII/ptolemy/actor/lib/test/auto/Clock18.xml
22 ms. Memory: 437248K Free: 326111K (75%)
----------------- Invoking toplevel() on ptolemy.moml.MoMLSimpleApplication@1428a033
----------------- Done invoking toplevel() on ptolemy.moml.MoMLSimpleApplication@1428a033
reloadAllAccessors: .Clock18

===========================================================================================
----------------- testing Sat Jul 20 00:27:32 UTC 2019 /home/travis/build/icyphy/ptII/ptolemy/actor/lib/test/auto/Clock19.xml
----------------- Instantiating /home/travis/build/icyphy/ptII/ptolemy/actor/lib/test/auto/Clock19.xml
12 ms. Memory: 437248K Free: 313344K (72%)
----------------- Invoking toplevel() on ptolemy.moml.MoMLSimpleApplication@69d38efc
----------------- Done invoking toplevel() on ptolemy.moml.MoMLSimpleApplication@69d38efc
reloadAllAccessors: .Clock19

===========================================================================================
----------------- testing Sat Jul 20 00:27:32 UTC 2019 /home/travis/build/icyphy/ptII/ptolemy/actor/lib/test/auto/Clock2.xml
----------------- Instantiating /home/travis/build/icyphy/ptII/ptolemy/actor/lib/test/auto/Clock2.xml
4 ms. Memory: 437248K Free: 308224K (70%)
----------------- Invoking toplevel() on ptolemy.moml.MoMLSimpleApplication@38642c4f
----------------- Done invoking toplevel() on ptolemy.moml.MoMLSimpleApplication@38642c4f
reloadAllAccessors: .Clock2

===========================================================================================
----------------- testing Sat Jul 20 00:27:32 UTC 2019 /home/travis/build/icyphy/ptII/ptolemy/actor/lib/test/auto/Clock20.xml
----------------- Instantiating /home/travis/build/icyphy/ptII/ptolemy/actor/lib/test/auto/Clock20.xml
6 ms. Memory: 437248K Free: 302590K (69%)
----------------- Invoking toplevel() on ptolemy.moml.MoMLSimpleApplication@39bba1d0
----------------- Done invoking toplevel() on ptolemy.moml.MoMLSimpleApplication@39bba1d0
reloadAllAccessors: .Clock20

===========================================================================================
----------------- testing Sat Jul 20 00:27:32 UTC 2019 /home/travis/build/icyphy/ptII/ptolemy/actor/lib/test/auto/Clock21.xml
----------------- Instantiating /home/travis/build/icyphy/ptII/ptolemy/actor/lib/test/auto/Clock21.xml
3 ms. Memory: 437248K Free: 297470K (68%)
----------------- Invoking toplevel() on ptolemy.moml.MoMLSimpleApplication@205d3933
----------------- Done invoking toplevel() on ptolemy.moml.MoMLSimpleApplication@205d3933
reloadAllAccessors: .Clock21

===========================================================================================
----------------- testing Sat Jul 20 00:27:32 UTC 2019 /home/travis/build/icyphy/ptII/ptolemy/actor/lib/test/auto/Clock22.xml
----------------- Instantiating /home/travis/build/icyphy/ptII/ptolemy/actor/lib/test/auto/Clock22.xml
2 ms. Memory: 437248K Free: 291840K (67%)
----------------- Invoking toplevel() on ptolemy.moml.MoMLSimpleApplication@6d3e26b5
----------------- Done invoking toplevel() on ptolemy.moml.MoMLSimpleApplication@6d3e26b5
reloadAllAccessors: .Clock22

===========================================================================================
----------------- testing Sat Jul 20 00:27:32 UTC 2019 /home/travis/build/icyphy/ptII/ptolemy/actor/lib/test/auto/Clock23.xml
----------------- Instantiating /home/travis/build/icyphy/ptII/ptolemy/actor/lib/test/auto/Clock23.xml
5 ms. Memory: 437248K Free: 286720K (66%)
----------------- Invoking toplevel() on ptolemy.moml.MoMLSimpleApplication@73f4bb59
----------------- Done invoking toplevel() on ptolemy.moml.MoMLSimpleApplication@73f4bb59
reloadAllAccessors: .Clock23

===========================================================================================
----------------- testing Sat Jul 20 00:27:33 UTC 2019 /home/travis/build/icyphy/ptII/ptolemy/actor/lib/test/auto/Clock24.xml
----------------- Instantiating /home/travis/build/icyphy/ptII/ptolemy/actor/lib/test/auto/Clock24.xml
5 ms. Memory: 437248K Free: 281086K (64%)
----------------- Invoking toplevel() on ptolemy.moml.MoMLSimpleApplication@16c4c59f
----------------- Done invoking toplevel() on ptolemy.moml.MoMLSimpleApplication@16c4c59f
reloadAllAccessors: .Clock24

===========================================================================================
----------------- testing Sat Jul 20 00:27:33 UTC 2019 /home/travis/build/icyphy/ptII/ptolemy/actor/lib/test/auto/Clock4.xml
----------------- Instantiating /home/travis/build/icyphy/ptII/ptolemy/actor/lib/test/auto/Clock4.xml
2 ms. Memory: 437248K Free: 276480K (63%)
----------------- Invoking toplevel() on ptolemy.moml.MoMLSimpleApplication@13611a56
----------------- Done invoking toplevel() on ptolemy.moml.MoMLSimpleApplication@13611a56
reloadAllAccessors: .Clock4

===========================================================================================
----------------- testing Sat Jul 20 00:27:33 UTC 2019 /home/travis/build/icyphy/ptII/ptolemy/actor/lib/test/auto/Clock5.xml
----------------- Instantiating /home/travis/build/icyphy/ptII/ptolemy/actor/lib/test/auto/Clock5.xml
2 ms. Memory: 437248K Free: 270839K (62%)
----------------- Invoking toplevel() on ptolemy.moml.MoMLSimpleApplication@62834463
----------------- Done invoking toplevel() on ptolemy.moml.MoMLSimpleApplication@62834463
reloadAllAccessors: .Clock5

===========================================================================================
----------------- testing Sat Jul 20 00:27:33 UTC 2019 /home/travis/build/icyphy/ptII/ptolemy/actor/lib/test/auto/Clock6.xml
----------------- Instantiating /home/travis/build/icyphy/ptII/ptolemy/actor/lib/test/auto/Clock6.xml
1 ms. Memory: 437248K Free: 266735K (61%)
----------------- Invoking toplevel() on ptolemy.moml.MoMLSimpleApplication@e9db049
----------------- Done invoking toplevel() on ptolemy.moml.MoMLSimpleApplication@e9db049
reloadAllAccessors: .Clock6

===========================================================================================
----------------- testing Sat Jul 20 00:27:33 UTC 2019 /home/travis/build/icyphy/ptII/ptolemy/actor/lib/test/auto/Clock7.xml
----------------- Instantiating /home/travis/build/icyphy/ptII/ptolemy/actor/lib/test/auto/Clock7.xml
3 ms. Memory: 437248K Free: 262654K (60%)
----------------- Invoking toplevel() on ptolemy.moml.MoMLSimpleApplication@2487949b
----------------- Done invoking toplevel() on ptolemy.moml.MoMLSimpleApplication@2487949b
reloadAllAccessors: .Clock7

===========================================================================================
----------------- testing Sat Jul 20 00:27:33 UTC 2019 /home/travis/build/icyphy/ptII/ptolemy/actor/lib/test/auto/Clock8.xml
----------------- Instantiating /home/travis/build/icyphy/ptII/ptolemy/actor/lib/test/auto/Clock8.xml
5 ms. Memory: 437248K Free: 257024K (59%)
----------------- Invoking toplevel() on ptolemy.moml.MoMLSimpleApplication@961e682
----------------- Done invoking toplevel() on ptolemy.moml.MoMLSimpleApplication@961e682
reloadAllAccessors: .Clock8

===========================================================================================
----------------- testing Sat Jul 20 00:27:33 UTC 2019 /home/travis/build/icyphy/ptII/ptolemy/actor/lib/test/auto/Clock9.xml
----------------- Instantiating /home/travis/build/icyphy/ptII/ptolemy/actor/lib/test/auto/Clock9.xml
7 ms. Memory: 437248K Free: 251904K (58%)
----------------- Invoking toplevel() on ptolemy.moml.MoMLSimpleApplication@48c9c500
----------------- Done invoking toplevel() on ptolemy.moml.MoMLSimpleApplication@48c9c500
reloadAllAccessors: .Clock9

===========================================================================================
----------------- testing Sat Jul 20 00:27:33 UTC 2019 /home/travis/build/icyphy/ptII/ptolemy/actor/lib/test/auto/CommDistDiscard.xml
----------------- Instantiating /home/travis/build/icyphy/ptII/ptolemy/actor/lib/test/auto/CommDistDiscard.xml
4 ms. Memory: 437248K Free: 246270K (56%)
----------------- Invoking toplevel() on ptolemy.moml.MoMLSimpleApplication@1a440034
----------------- Done invoking toplevel() on ptolemy.moml.MoMLSimpleApplication@1a440034
reloadAllAccessors: .CommDistDiscard

===========================================================================================
----------------- testing Sat Jul 20 00:27:33 UTC 2019 /home/travis/build/icyphy/ptII/ptolemy/actor/lib/test/auto/Commutator.xml
----------------- Instantiating /home/travis/build/icyphy/ptII/ptolemy/actor/lib/test/auto/Commutator.xml
3 ms. Memory: 437248K Free: 241664K (55%)
----------------- Invoking toplevel() on ptolemy.moml.MoMLSimpleApplication@3e57e5ae
----------------- Done invoking toplevel() on ptolemy.moml.MoMLSimpleApplication@3e57e5ae
reloadAllAccessors: .Commutator

===========================================================================================
----------------- testing Sat Jul 20 00:27:33 UTC 2019 /home/travis/build/icyphy/ptII/ptolemy/actor/lib/test/auto/Commutator2.xml
----------------- Instantiating /home/travis/build/icyphy/ptII/ptolemy/actor/lib/test/auto/Commutator2.xml
1 ms. Memory: 437248K Free: 237568K (54%)
----------------- Invoking toplevel() on ptolemy.moml.MoMLSimpleApplication@11b1a7f0
----------------- Done invoking toplevel() on ptolemy.moml.MoMLSimpleApplication@11b1a7f0
reloadAllAccessors: .Commutator2

===========================================================================================
----------------- testing Sat Jul 20 00:27:33 UTC 2019 /home/travis/build/icyphy/ptII/ptolemy/actor/lib/test/auto/Commutator3.xml
----------------- Instantiating /home/travis/build/icyphy/ptII/ptolemy/actor/lib/test/auto/Commutator3.xml
2 ms. Memory: 437248K Free: 232958K (53%)
----------------- Invoking toplevel() on ptolemy.moml.MoMLSimpleApplication@54dac810
----------------- Done invoking toplevel() on ptolemy.moml.MoMLSimpleApplication@54dac810
reloadAllAccessors: .Commutator3

===========================================================================================
----------------- testing Sat Jul 20 00:27:33 UTC 2019 /home/travis/build/icyphy/ptII/ptolemy/actor/lib/test/auto/Compare.xml
----------------- Instantiating /home/travis/build/icyphy/ptII/ptolemy/actor/lib/test/auto/Compare.xml
2 ms. Memory: 437248K Free: 226814K (52%)
----------------- Invoking toplevel() on ptolemy.moml.MoMLSimpleApplication@4a28d7e6
----------------- Done invoking toplevel() on ptolemy.moml.MoMLSimpleApplication@4a28d7e6
reloadAllAccessors: .Compare

===========================================================================================
----------------- testing Sat Jul 20 00:27:33 UTC 2019 /home/travis/build/icyphy/ptII/ptolemy/actor/lib/test/auto/CompareDE.xml
----------------- Instantiating /home/travis/build/icyphy/ptII/ptolemy/actor/lib/test/auto/CompareDE.xml
4 ms. Memory: 437248K Free: 219631K (50%)
----------------- Invoking toplevel() on ptolemy.moml.MoMLSimpleApplication@39569f4
----------------- Done invoking toplevel() on ptolemy.moml.MoMLSimpleApplication@39569f4
reloadAllAccessors: .CompareDE

===========================================================================================
----------------- testing Sat Jul 20 00:27:33 UTC 2019 /home/travis/build/icyphy/ptII/ptolemy/actor/lib/test/auto/ComplexDivide.xml
----------------- Instantiating /home/travis/build/icyphy/ptII/ptolemy/actor/lib/test/auto/ComplexDivide.xml
1 ms. Memory: 437248K Free: 215550K (49%)
----------------- Invoking toplevel() on ptolemy.moml.MoMLSimpleApplication@5cc76e2f
----------------- Done invoking toplevel() on ptolemy.moml.MoMLSimpleApplication@5cc76e2f
reloadAllAccessors: .ComplexDivide

===========================================================================================
----------------- testing Sat Jul 20 00:27:33 UTC 2019 /home/travis/build/icyphy/ptII/ptolemy/actor/lib/test/auto/ComputeHistogram.xml
----------------- Instantiating /home/travis/build/icyphy/ptII/ptolemy/actor/lib/test/auto/ComputeHistogram.xml
38 ms. Memory: 437248K Free: 203262K (46%)
----------------- Invoking toplevel() on ptolemy.moml.MoMLSimpleApplication@2ada45d0
----------------- Done invoking toplevel() on ptolemy.moml.MoMLSimpleApplication@2ada45d0
reloadAllAccessors: .ComputeHistogram

===========================================================================================
----------------- testing Sat Jul 20 00:27:33 UTC 2019 /home/travis/build/icyphy/ptII/ptolemy/actor/lib/test/auto/ConfigurationSelect.xml
----------------- Instantiating /home/travis/build/icyphy/ptII/ptolemy/actor/lib/test/auto/ConfigurationSelect.xml
8 ms. Memory: 437248K Free: 197632K (45%)
----------------- Invoking toplevel() on ptolemy.moml.MoMLSimpleApplication@2ed456f3
----------------- Done invoking toplevel() on ptolemy.moml.MoMLSimpleApplication@2ed456f3
reloadAllAccessors: .ConfigurationSelect

===========================================================================================
----------------- testing Sat Jul 20 00:27:33 UTC 2019 /home/travis/build/icyphy/ptII/ptolemy/actor/lib/test/auto/ConfigurationSelect2.xml
----------------- Instantiating /home/travis/build/icyphy/ptII/ptolemy/actor/lib/test/auto/ConfigurationSelect2.xml
2 ms. Memory: 437248K Free: 193022K (44%)
----------------- Invoking toplevel() on ptolemy.moml.MoMLSimpleApplication@38d4e888
----------------- Done invoking toplevel() on ptolemy.moml.MoMLSimpleApplication@38d4e888
reloadAllAccessors: .ConfigurationSelect2

===========================================================================================
----------------- testing Sat Jul 20 00:27:33 UTC 2019 /home/travis/build/icyphy/ptII/ptolemy/actor/lib/test/auto/ConfigurationSwitch.xml
----------------- Instantiating /home/travis/build/icyphy/ptII/ptolemy/actor/lib/test/auto/ConfigurationSwitch.xml
2 ms. Memory: 437248K Free: 187902K (43%)
----------------- Invoking toplevel() on ptolemy.moml.MoMLSimpleApplication@349752e
----------------- Done invoking toplevel() on ptolemy.moml.MoMLSimpleApplication@349752e
reloadAllAccessors: .ConfigurationSwitch

===========================================================================================
----------------- testing Sat Jul 20 00:27:33 UTC 2019 /home/travis/build/icyphy/ptII/ptolemy/actor/lib/test/auto/ConfigurationSwitch2.xml
----------------- Instantiating /home/travis/build/icyphy/ptII/ptolemy/actor/lib/test/auto/ConfigurationSwitch2.xml
2 ms. Memory: 437248K Free: 182272K (42%)
----------------- Invoking toplevel() on ptolemy.moml.MoMLSimpleApplication@736a6276
----------------- Done invoking toplevel() on ptolemy.moml.MoMLSimpleApplication@736a6276
reloadAllAccessors: .ConfigurationSwitch2

===========================================================================================
----------------- testing Sat Jul 20 00:27:33 UTC 2019 /home/travis/build/icyphy/ptII/ptolemy/actor/lib/test/auto/ConfigurationSwitchCloningBugWithClassRelationGroup.xml
----------------- Instantiating /home/travis/build/icyphy/ptII/ptolemy/actor/lib/test/auto/ConfigurationSwitchCloningBugWithClassRelationGroup.xml
2 ms. Memory: 437248K Free: 175614K (40%)
----------------- Invoking toplevel() on ptolemy.moml.MoMLSimpleApplication@cc1fc98
----------------- Done invoking toplevel() on ptolemy.moml.MoMLSimpleApplication@cc1fc98
reloadAllAccessors: .ConfigurationSwitchCloningBugWithClassRelationGroup

===========================================================================================
----------------- testing Sat Jul 20 00:27:33 UTC 2019 /home/travis/build/icyphy/ptII/ptolemy/actor/lib/test/auto/ConfigurationSwitchSelectSDF.xml
----------------- Instantiating /home/travis/build/icyphy/ptII/ptolemy/actor/lib/test/auto/ConfigurationSwitchSelectSDF.xml
3 ms. Memory: 437248K Free: 169984K (39%)
----------------- Invoking toplevel() on ptolemy.moml.MoMLSimpleApplication@4a58f452
----------------- Done invoking toplevel() on ptolemy.moml.MoMLSimpleApplication@4a58f452
reloadAllAccessors: .ConfigurationSwitchSelectSDF

===========================================================================================
----------------- testing Sat Jul 20 00:27:33 UTC 2019 /home/travis/build/icyphy/ptII/ptolemy/actor/lib/test/auto/ConfigurationSwitchSelectSDF2.xml
----------------- Instantiating /home/travis/build/icyphy/ptII/ptolemy/actor/lib/test/auto/ConfigurationSwitchSelectSDF2.xml
2 ms. Memory: 437248K Free: 163840K (37%)
----------------- Invoking toplevel() on ptolemy.moml.MoMLSimpleApplication@4485ef98
----------------- Done invoking toplevel() on ptolemy.moml.MoMLSimpleApplication@4485ef98
reloadAllAccessors: .ConfigurationSwitchSelectSDF2

===========================================================================================
----------------- testing Sat Jul 20 00:27:33 UTC 2019 /home/travis/build/icyphy/ptII/ptolemy/actor/lib/test/auto/Const.xml
----------------- Instantiating /home/travis/build/icyphy/ptII/ptolemy/actor/lib/test/auto/Const.xml
1 ms. Memory: 437248K Free: 160768K (37%)
----------------- Invoking toplevel() on ptolemy.moml.MoMLSimpleApplication@4c3a0857
----------------- Done invoking toplevel() on ptolemy.moml.MoMLSimpleApplication@4c3a0857
reloadAllAccessors: .Const

===========================================================================================
----------------- testing Sat Jul 20 00:27:33 UTC 2019 /home/travis/build/icyphy/ptII/ptolemy/actor/lib/test/auto/Const2.xml
----------------- Instantiating /home/travis/build/icyphy/ptII/ptolemy/actor/lib/test/auto/Const2.xml
3 ms. Memory: 437248K Free: 156672K (36%)
----------------- Invoking toplevel() on ptolemy.moml.MoMLSimpleApplication@791308cd
----------------- Done invoking toplevel() on ptolemy.moml.MoMLSimpleApplication@791308cd
reloadAllAccessors: .Const2

===========================================================================================
----------------- testing Sat Jul 20 00:27:33 UTC 2019 /home/travis/build/icyphy/ptII/ptolemy/actor/lib/test/auto/Const3.xml
----------------- Instantiating /home/travis/build/icyphy/ptII/ptolemy/actor/lib/test/auto/Const3.xml
1 ms. Memory: 437248K Free: 153600K (35%)
----------------- Invoking toplevel() on ptolemy.moml.MoMLSimpleApplication@476eb93a
----------------- Done invoking toplevel() on ptolemy.moml.MoMLSimpleApplication@476eb93a
reloadAllAccessors: .Const3

===========================================================================================
----------------- testing Sat Jul 20 00:27:33 UTC 2019 /home/travis/build/icyphy/ptII/ptolemy/actor/lib/test/auto/ConstantPublisherPort1.xml
----------------- Instantiating /home/travis/build/icyphy/ptII/ptolemy/actor/lib/test/auto/ConstantPublisherPort1.xml
5 ms. Memory: 437248K Free: 144894K (33%)
----------------- Invoking toplevel() on ptolemy.moml.MoMLSimpleApplication@58e450fc
----------------- Done invoking toplevel() on ptolemy.moml.MoMLSimpleApplication@58e450fc
reloadAllAccessors: .ConstantPublisherPort1

===========================================================================================
----------------- testing Sat Jul 20 00:27:33 UTC 2019 /home/travis/build/icyphy/ptII/ptolemy/actor/lib/test/auto/ConstantPublisherPort2.xml
----------------- Instantiating /home/travis/build/icyphy/ptII/ptolemy/actor/lib/test/auto/ConstantPublisherPort2.xml
9 ms. Memory: 437248K Free: 136702K (31%)
----------------- Invoking toplevel() on ptolemy.moml.MoMLSimpleApplication@27dca911
----------------- Done invoking toplevel() on ptolemy.moml.MoMLSimpleApplication@27dca911
reloadAllAccessors: .ConstantPublisherPort2

===========================================================================================
----------------- testing Sat Jul 20 00:27:33 UTC 2019 /home/travis/build/icyphy/ptII/ptolemy/actor/lib/test/auto/ConstantPublisherPort3.xml
----------------- Instantiating /home/travis/build/icyphy/ptII/ptolemy/actor/lib/test/auto/ConstantPublisherPort3.xml
6 ms. Memory: 437248K Free: 129024K (30%)
----------------- Invoking toplevel() on ptolemy.moml.MoMLSimpleApplication@10e7bccf
----------------- Done invoking toplevel() on ptolemy.moml.MoMLSimpleApplication@10e7bccf
reloadAllAccessors: .ConstantPublisherPort3

===========================================================================================
----------------- testing Sat Jul 20 00:27:33 UTC 2019 /home/travis/build/icyphy/ptII/ptolemy/actor/lib/test/auto/ConstantPublisherPort4.xml
----------------- Instantiating /home/travis/build/icyphy/ptII/ptolemy/actor/lib/test/auto/ConstantPublisherPort4.xml
3 ms. Memory: 437248K Free: 383318K (88%)
----------------- Invoking toplevel() on ptolemy.moml.MoMLSimpleApplication@25241002
----------------- Done invoking toplevel() on ptolemy.moml.MoMLSimpleApplication@25241002
reloadAllAccessors: .ConstantPublisherPort4

===========================================================================================
----------------- testing Sat Jul 20 00:27:33 UTC 2019 /home/travis/build/icyphy/ptII/ptolemy/actor/lib/test/auto/ConstantPublisherPort5.xml
----------------- Instantiating /home/travis/build/icyphy/ptII/ptolemy/actor/lib/test/auto/ConstantPublisherPort5.xml
29 ms. Memory: 437248K Free: 374100K (86%)
----------------- Invoking toplevel() on ptolemy.moml.MoMLSimpleApplication@264ae496
----------------- Done invoking toplevel() on ptolemy.moml.MoMLSimpleApplication@264ae496
reloadAllAccessors: .ConstantPublisherPort5

===========================================================================================
----------------- testing Sat Jul 20 00:27:33 UTC 2019 /home/travis/build/icyphy/ptII/ptolemy/actor/lib/test/auto/ConstantPublisherPort6.xml
----------------- Instantiating /home/travis/build/icyphy/ptII/ptolemy/actor/lib/test/auto/ConstantPublisherPort6.xml
12 ms. Memory: 437248K Free: 364886K (83%)
----------------- Invoking toplevel() on ptolemy.moml.MoMLSimpleApplication@5c91058c
----------------- Done invoking toplevel() on ptolemy.moml.MoMLSimpleApplication@5c91058c
reloadAllAccessors: .ConstantPublisherPort6

===========================================================================================
----------------- testing Sat Jul 20 00:27:33 UTC 2019 /home/travis/build/icyphy/ptII/ptolemy/actor/lib/test/auto/ConstantPublisherPort7.xml
----------------- Instantiating /home/travis/build/icyphy/ptII/ptolemy/actor/lib/test/auto/ConstantPublisherPort7.xml
20 ms. Memory: 437248K Free: 355670K (81%)
----------------- Invoking toplevel() on ptolemy.moml.MoMLSimpleApplication@7a41932e
----------------- Done invoking toplevel() on ptolemy.moml.MoMLSimpleApplication@7a41932e
reloadAllAccessors: .ConstantPublisherPort7

===========================================================================================
----------------- testing Sat Jul 20 00:27:33 UTC 2019 /home/travis/build/icyphy/ptII/ptolemy/actor/lib/test/auto/ConstraintMonitor1.xml
----------------- Instantiating /home/travis/build/icyphy/ptII/ptolemy/actor/lib/test/auto/ConstraintMonitor1.xml
5 ms. Memory: 437248K Free: 350550K (80%)
----------------- Invoking toplevel() on ptolemy.moml.MoMLSimpleApplication@42d3267a
----------------- Done invoking toplevel() on ptolemy.moml.MoMLSimpleApplication@42d3267a
reloadAllAccessors: .ConstraintMonitor1

===========================================================================================
----------------- testing Sat Jul 20 00:27:33 UTC 2019 /home/travis/build/icyphy/ptII/ptolemy/actor/lib/test/auto/ConstraintMonitor2.xml
----------------- Instantiating /home/travis/build/icyphy/ptII/ptolemy/actor/lib/test/auto/ConstraintMonitor2.xml
5 ms. Memory: 437248K Free: 346454K (79%)
----------------- Invoking toplevel() on ptolemy.moml.MoMLSimpleApplication@195cb37d
----------------- Done invoking toplevel() on ptolemy.moml.MoMLSimpleApplication@195cb37d
reloadAllAccessors: .ConstraintMonitor2

===========================================================================================
----------------- testing Sat Jul 20 00:27:33 UTC 2019 /home/travis/build/icyphy/ptII/ptolemy/actor/lib/test/auto/ConstraintMonitor3.xml
----------------- Instantiating /home/travis/build/icyphy/ptII/ptolemy/actor/lib/test/auto/ConstraintMonitor3.xml
4 ms. Memory: 437248K Free: 341848K (78%)
----------------- Invoking toplevel() on ptolemy.moml.MoMLSimpleApplication@63d29053
----------------- Done invoking toplevel() on ptolemy.moml.MoMLSimpleApplication@63d29053
reloadAllAccessors: .ConstraintMonitor3

===========================================================================================
----------------- testing Sat Jul 20 00:27:33 UTC 2019 /home/travis/build/icyphy/ptII/ptolemy/actor/lib/test/auto/ConstraintMonitor4.xml
----------------- Instantiating /home/travis/build/icyphy/ptII/ptolemy/actor/lib/test/auto/ConstraintMonitor4.xml
2 ms. Memory: 437248K Free: 336728K (77%)
----------------- Invoking toplevel() on ptolemy.moml.MoMLSimpleApplication@7b1919bb
----------------- Done invoking toplevel() on ptolemy.moml.MoMLSimpleApplication@7b1919bb
reloadAllAccessors: .ConstraintMonitor4

===========================================================================================
----------------- testing Sat Jul 20 00:27:33 UTC 2019 /home/travis/build/icyphy/ptII/ptolemy/actor/lib/test/auto/ConstraintMonitor5.xml
----------------- Instantiating /home/travis/build/icyphy/ptII/ptolemy/actor/lib/test/auto/ConstraintMonitor5.xml
5 ms. Memory: 437248K Free: 332118K (76%)
----------------- Invoking toplevel() on ptolemy.moml.MoMLSimpleApplication@7acb73a8
----------------- Done invoking toplevel() on ptolemy.moml.MoMLSimpleApplication@7acb73a8
reloadAllAccessors: .ConstraintMonitor5

===========================================================================================
----------------- testing Sat Jul 20 00:27:33 UTC 2019 /home/travis/build/icyphy/ptII/ptolemy/actor/lib/test/auto/ConstraintMonitor6.xml
----------------- Instantiating /home/travis/build/icyphy/ptII/ptolemy/actor/lib/test/auto/ConstraintMonitor6.xml
6 ms. Memory: 437248K Free: 325960K (75%)
----------------- Invoking toplevel() on ptolemy.moml.MoMLSimpleApplication@78e05bd4
----------------- Done invoking toplevel() on ptolemy.moml.MoMLSimpleApplication@78e05bd4
reloadAllAccessors: .ConstraintMonitor6

===========================================================================================
----------------- testing Sat Jul 20 00:27:34 UTC 2019 /home/travis/build/icyphy/ptII/ptolemy/actor/lib/test/auto/ConstraintMonitor7.xml
----------------- Instantiating /home/travis/build/icyphy/ptII/ptolemy/actor/lib/test/auto/ConstraintMonitor7.xml
2 ms. Memory: 437248K Free: 319816K (73%)
----------------- Invoking toplevel() on ptolemy.moml.MoMLSimpleApplication@1438dc59
----------------- Done invoking toplevel() on ptolemy.moml.MoMLSimpleApplication@1438dc59
reloadAllAccessors: .ConstraintMonitor7

===========================================================================================
----------------- testing Sat Jul 20 00:27:34 UTC 2019 /home/travis/build/icyphy/ptII/ptolemy/actor/lib/test/auto/ConstraintMonitor8.xml
----------------- Instantiating /home/travis/build/icyphy/ptII/ptolemy/actor/lib/test/auto/ConstraintMonitor8.xml
6 ms. Memory: 437248K Free: 312662K (72%)
----------------- Invoking toplevel() on ptolemy.moml.MoMLSimpleApplication@63d21640
----------------- Done invoking toplevel() on ptolemy.moml.MoMLSimpleApplication@63d21640
reloadAllAccessors: .ConstraintMonitor8

===========================================================================================
----------------- testing Sat Jul 20 00:27:34 UTC 2019 /home/travis/build/icyphy/ptII/ptolemy/actor/lib/test/auto/Counter.xml
----------------- Instantiating /home/travis/build/icyphy/ptII/ptolemy/actor/lib/test/auto/Counter.xml
2 ms. Memory: 437248K Free: 307542K (70%)
----------------- Invoking toplevel() on ptolemy.moml.MoMLSimpleApplication@59a8c4ba
----------------- Done invoking toplevel() on ptolemy.moml.MoMLSimpleApplication@59a8c4ba
reloadAllAccessors: .Counter

===========================================================================================
----------------- testing Sat Jul 20 00:27:34 UTC 2019 /home/travis/build/icyphy/ptII/ptolemy/actor/lib/test/auto/CurrentTimeSDF.xml
----------------- Instantiating /home/travis/build/icyphy/ptII/ptolemy/actor/lib/test/auto/CurrentTimeSDF.xml
1 ms. Memory: 437248K Free: 303446K (69%)
----------------- Invoking toplevel() on ptolemy.moml.MoMLSimpleApplication@4c021640
----------------- Done invoking toplevel() on ptolemy.moml.MoMLSimpleApplication@4c021640
reloadAllAccessors: .CurrentTimeSDF

===========================================================================================
----------------- testing Sat Jul 20 00:27:34 UTC 2019 /home/travis/build/icyphy/ptII/ptolemy/actor/lib/test/auto/DB.xml
----------------- Instantiating /home/travis/build/icyphy/ptII/ptolemy/actor/lib/test/auto/DB.xml
2 ms. Memory: 437248K Free: 298840K (68%)
----------------- Invoking toplevel() on ptolemy.moml.MoMLSimpleApplication@4f14a111
----------------- Done invoking toplevel() on ptolemy.moml.MoMLSimpleApplication@4f14a111
reloadAllAccessors: .DB

===========================================================================================
----------------- testing Sat Jul 20 00:27:34 UTC 2019 /home/travis/build/icyphy/ptII/ptolemy/actor/lib/test/auto/DBDE.xml
----------------- Instantiating /home/travis/build/icyphy/ptII/ptolemy/actor/lib/test/auto/DBDE.xml
2 ms. Memory: 437248K Free: 292696K (67%)
----------------- Invoking toplevel() on ptolemy.moml.MoMLSimpleApplication@6167cbd1
----------------- Done invoking toplevel() on ptolemy.moml.MoMLSimpleApplication@6167cbd1
reloadAllAccessors: .DBDE

===========================================================================================
----------------- testing Sat Jul 20 00:27:34 UTC 2019 /home/travis/build/icyphy/ptII/ptolemy/actor/lib/test/auto/DateConstructor.xml
----------------- Instantiating /home/travis/build/icyphy/ptII/ptolemy/actor/lib/test/auto/DateConstructor.xml
47 ms. Memory: 437248K Free: 275288K (63%)
----------------- Invoking toplevel() on ptolemy.moml.MoMLSimpleApplication@1be36adb
----------------- Done invoking toplevel() on ptolemy.moml.MoMLSimpleApplication@1be36adb
reloadAllAccessors: .DateConstructor

===========================================================================================
----------------- testing Sat Jul 20 00:27:34 UTC 2019 /home/travis/build/icyphy/ptII/ptolemy/actor/lib/test/auto/DelayTime.xml
----------------- Instantiating /home/travis/build/icyphy/ptII/ptolemy/actor/lib/test/auto/DelayTime.xml
4 ms. Memory: 437248K Free: 270678K (62%)
----------------- Invoking toplevel() on ptolemy.moml.MoMLSimpleApplication@55f5fc4c
----------------- Done invoking toplevel() on ptolemy.moml.MoMLSimpleApplication@55f5fc4c
reloadAllAccessors: .DelayTime

===========================================================================================
----------------- testing Sat Jul 20 00:27:34 UTC 2019 /home/travis/build/icyphy/ptII/ptolemy/actor/lib/test/auto/Dictionary1.xml
----------------- Instantiating /home/travis/build/icyphy/ptII/ptolemy/actor/lib/test/auto/Dictionary1.xml
2 ms. Memory: 437248K Free: 265048K (61%)
----------------- Invoking toplevel() on ptolemy.moml.MoMLSimpleApplication@49feb98a
----------------- Done invoking toplevel() on ptolemy.moml.MoMLSimpleApplication@49feb98a
reloadAllAccessors: .Dictionary1

===========================================================================================
----------------- testing Sat Jul 20 00:27:34 UTC 2019 /home/travis/build/icyphy/ptII/ptolemy/actor/lib/test/auto/Dictionary2.xml
----------------- Instantiating /home/travis/build/icyphy/ptII/ptolemy/actor/lib/test/auto/Dictionary2.xml
5 ms. Memory: 437248K Free: 259414K (59%)
----------------- Invoking toplevel() on ptolemy.moml.MoMLSimpleApplication@3866f59d
----------------- Done invoking toplevel() on ptolemy.moml.MoMLSimpleApplication@3866f59d
reloadAllAccessors: .Dictionary2

===========================================================================================
----------------- testing Sat Jul 20 00:27:34 UTC 2019 /home/travis/build/icyphy/ptII/ptolemy/actor/lib/test/auto/Dictionary3.xml
----------------- Instantiating /home/travis/build/icyphy/ptII/ptolemy/actor/lib/test/auto/Dictionary3.xml
2 ms. Memory: 437248K Free: 253784K (58%)
----------------- Invoking toplevel() on ptolemy.moml.MoMLSimpleApplication@b7f6fa5
----------------- Done invoking toplevel() on ptolemy.moml.MoMLSimpleApplication@b7f6fa5
reloadAllAccessors: .Dictionary3

===========================================================================================
----------------- testing Sat Jul 20 00:27:34 UTC 2019 /home/travis/build/icyphy/ptII/ptolemy/actor/lib/test/auto/Dictionary4.xml
----------------- Instantiating /home/travis/build/icyphy/ptII/ptolemy/actor/lib/test/auto/Dictionary4.xml
4 ms. Memory: 437248K Free: 247126K (57%)
----------------- Invoking toplevel() on ptolemy.moml.MoMLSimpleApplication@4919cd75
----------------- Done invoking toplevel() on ptolemy.moml.MoMLSimpleApplication@4919cd75
reloadAllAccessors: .Dictionary4

===========================================================================================
----------------- testing Sat Jul 20 00:27:34 UTC 2019 /home/travis/build/icyphy/ptII/ptolemy/actor/lib/test/auto/Differential.xml
----------------- Instantiating /home/travis/build/icyphy/ptII/ptolemy/actor/lib/test/auto/Differential.xml
4 ms. Memory: 437248K Free: 242520K (55%)
----------------- Invoking toplevel() on ptolemy.moml.MoMLSimpleApplication@4be8d71
----------------- Done invoking toplevel() on ptolemy.moml.MoMLSimpleApplication@4be8d71
reloadAllAccessors: .Differential

===========================================================================================
----------------- testing Sat Jul 20 00:27:34 UTC 2019 /home/travis/build/icyphy/ptII/ptolemy/actor/lib/test/auto/Director.xml
----------------- Instantiating /home/travis/build/icyphy/ptII/ptolemy/actor/lib/test/auto/Director.xml
2 ms. Memory: 437248K Free: 238934K (55%)
----------------- Invoking toplevel() on ptolemy.moml.MoMLSimpleApplication@5c177f8f
----------------- Done invoking toplevel() on ptolemy.moml.MoMLSimpleApplication@5c177f8f
reloadAllAccessors: .Director

===========================================================================================
----------------- testing Sat Jul 20 00:27:34 UTC 2019 /home/travis/build/icyphy/ptII/ptolemy/actor/lib/test/auto/DiscreteClock.xml
----------------- Instantiating /home/travis/build/icyphy/ptII/ptolemy/actor/lib/test/auto/DiscreteClock.xml
1 ms. Memory: 437248K Free: 235352K (54%)
----------------- Invoking toplevel() on ptolemy.moml.MoMLSimpleApplication@58dab1eb
----------------- Done invoking toplevel() on ptolemy.moml.MoMLSimpleApplication@58dab1eb
reloadAllAccessors: .DiscreteClock

===========================================================================================
----------------- testing Sat Jul 20 00:27:34 UTC 2019 /home/travis/build/icyphy/ptII/ptolemy/actor/lib/test/auto/DiscreteClock10.xml
----------------- Instantiating /home/travis/build/icyphy/ptII/ptolemy/actor/lib/test/auto/DiscreteClock10.xml
6 ms. Memory: 437248K Free: 229208K (52%)
----------------- Invoking toplevel() on ptolemy.moml.MoMLSimpleApplication@169e0998
----------------- Done invoking toplevel() on ptolemy.moml.MoMLSimpleApplication@169e0998
reloadAllAccessors: .DiscreteClock10

===========================================================================================
----------------- testing Sat Jul 20 00:27:34 UTC 2019 /home/travis/build/icyphy/ptII/ptolemy/actor/lib/test/auto/DiscreteClock11.xml
----------------- Instantiating /home/travis/build/icyphy/ptII/ptolemy/actor/lib/test/auto/DiscreteClock11.xml
2 ms. Memory: 437248K Free: 223064K (51%)
----------------- Invoking toplevel() on ptolemy.moml.MoMLSimpleApplication@208f2f24
----------------- Done invoking toplevel() on ptolemy.moml.MoMLSimpleApplication@208f2f24
reloadAllAccessors: .DiscreteClock11

===========================================================================================
----------------- testing Sat Jul 20 00:27:34 UTC 2019 /home/travis/build/icyphy/ptII/ptolemy/actor/lib/test/auto/DiscreteClock12.xml
----------------- Instantiating /home/travis/build/icyphy/ptII/ptolemy/actor/lib/test/auto/DiscreteClock12.xml
3 ms. Memory: 437248K Free: 216920K (50%)
----------------- Invoking toplevel() on ptolemy.moml.MoMLSimpleApplication@dd42b30
----------------- Done invoking toplevel() on ptolemy.moml.MoMLSimpleApplication@dd42b30
reloadAllAccessors: .DiscreteClock12

===========================================================================================
----------------- testing Sat Jul 20 00:27:34 UTC 2019 /home/travis/build/icyphy/ptII/ptolemy/actor/lib/test/auto/DiscreteClock13.xml
----------------- Instantiating /home/travis/build/icyphy/ptII/ptolemy/actor/lib/test/auto/DiscreteClock13.xml
4 ms. Memory: 437248K Free: 211280K (48%)
----------------- Invoking toplevel() on ptolemy.moml.MoMLSimpleApplication@2a829e13
----------------- Done invoking toplevel() on ptolemy.moml.MoMLSimpleApplication@2a829e13
reloadAllAccessors: .DiscreteClock13

===========================================================================================
----------------- testing Sat Jul 20 00:27:34 UTC 2019 /home/travis/build/icyphy/ptII/ptolemy/actor/lib/test/auto/DiscreteClock14.xml
----------------- Instantiating /home/travis/build/icyphy/ptII/ptolemy/actor/lib/test/auto/DiscreteClock14.xml
10 ms. Memory: 437248K Free: 205112K (47%)
----------------- Invoking toplevel() on ptolemy.moml.MoMLSimpleApplication@26009a31
----------------- Done invoking toplevel() on ptolemy.moml.MoMLSimpleApplication@26009a31
reloadAllAccessors: .DiscreteClock14

===========================================================================================
----------------- testing Sat Jul 20 00:27:34 UTC 2019 /home/travis/build/icyphy/ptII/ptolemy/actor/lib/test/auto/DiscreteClock15.xml
----------------- Instantiating /home/travis/build/icyphy/ptII/ptolemy/actor/lib/test/auto/DiscreteClock15.xml
5 ms. Memory: 437248K Free: 198992K (46%)
----------------- Invoking toplevel() on ptolemy.moml.MoMLSimpleApplication@6cea44f9
----------------- Done invoking toplevel() on ptolemy.moml.MoMLSimpleApplication@6cea44f9
reloadAllAccessors: .DiscreteClock15

===========================================================================================
----------------- testing Sat Jul 20 00:27:34 UTC 2019 /home/travis/build/icyphy/ptII/ptolemy/actor/lib/test/auto/DiscreteClock16.xml
----------------- Instantiating /home/travis/build/icyphy/ptII/ptolemy/actor/lib/test/auto/DiscreteClock16.xml
18 ms. Memory: 437248K Free: 185176K (42%)
----------------- Invoking toplevel() on ptolemy.moml.MoMLSimpleApplication@2b796901
----------------- Done invoking toplevel() on ptolemy.moml.MoMLSimpleApplication@2b796901
reloadAllAccessors: .DiscreteClock16

===========================================================================================
----------------- testing Sat Jul 20 00:27:34 UTC 2019 /home/travis/build/icyphy/ptII/ptolemy/actor/lib/test/auto/DiscreteClock17.xml
----------------- Instantiating /home/travis/build/icyphy/ptII/ptolemy/actor/lib/test/auto/DiscreteClock17.xml
17 ms. Memory: 437248K Free: 171336K (39%)
----------------- Invoking toplevel() on ptolemy.moml.MoMLSimpleApplication@fc84b89
----------------- Done invoking toplevel() on ptolemy.moml.MoMLSimpleApplication@fc84b89
reloadAllAccessors: .DiscreteClock17

===========================================================================================
----------------- testing Sat Jul 20 00:27:34 UTC 2019 /home/travis/build/icyphy/ptII/ptolemy/actor/lib/test/auto/DiscreteClock18.xml
----------------- Instantiating /home/travis/build/icyphy/ptII/ptolemy/actor/lib/test/auto/DiscreteClock18.xml
27 ms. Memory: 437248K Free: 157528K (36%)
----------------- Invoking toplevel() on ptolemy.moml.MoMLSimpleApplication@6f97e1c2
----------------- Done invoking toplevel() on ptolemy.moml.MoMLSimpleApplication@6f97e1c2
reloadAllAccessors: .DiscreteClock18

===========================================================================================
----------------- testing Sat Jul 20 00:27:34 UTC 2019 /home/travis/build/icyphy/ptII/ptolemy/actor/lib/test/auto/DiscreteClock19.xml
----------------- Instantiating /home/travis/build/icyphy/ptII/ptolemy/actor/lib/test/auto/DiscreteClock19.xml
20 ms. Memory: 437248K Free: 143688K (33%)
----------------- Invoking toplevel() on ptolemy.moml.MoMLSimpleApplication@1e8ec5be
----------------- Done invoking toplevel() on ptolemy.moml.MoMLSimpleApplication@1e8ec5be
reloadAllAccessors: .DiscreteClock19

===========================================================================================
----------------- testing Sat Jul 20 00:27:34 UTC 2019 /home/travis/build/icyphy/ptII/ptolemy/actor/lib/test/auto/DiscreteClock2.xml
----------------- Instantiating /home/travis/build/icyphy/ptII/ptolemy/actor/lib/test/auto/DiscreteClock2.xml
5 ms. Memory: 437248K Free: 138576K (32%)
----------------- Invoking toplevel() on ptolemy.moml.MoMLSimpleApplication@7e167dc6
----------------- Done invoking toplevel() on ptolemy.moml.MoMLSimpleApplication@7e167dc6
reloadAllAccessors: .DiscreteClock2

===========================================================================================
----------------- testing Sat Jul 20 00:27:34 UTC 2019 /home/travis/build/icyphy/ptII/ptolemy/actor/lib/test/auto/DiscreteClock20.xml
----------------- Instantiating /home/travis/build/icyphy/ptII/ptolemy/actor/lib/test/auto/DiscreteClock20.xml
8 ms. Memory: 437248K Free: 133462K (31%)
----------------- Invoking toplevel() on ptolemy.moml.MoMLSimpleApplication@7e131312
----------------- Done invoking toplevel() on ptolemy.moml.MoMLSimpleApplication@7e131312
reloadAllAccessors: .DiscreteClock20

===========================================================================================
----------------- testing Sat Jul 20 00:27:34 UTC 2019 /home/travis/build/icyphy/ptII/ptolemy/actor/lib/test/auto/DiscreteClock21.xml
----------------- Instantiating /home/travis/build/icyphy/ptII/ptolemy/actor/lib/test/auto/DiscreteClock21.xml
6 ms. Memory: 437248K Free: 387544K (89%)
----------------- Invoking toplevel() on ptolemy.moml.MoMLSimpleApplication@fe27e81
----------------- Done invoking toplevel() on ptolemy.moml.MoMLSimpleApplication@fe27e81
reloadAllAccessors: .DiscreteClock21

===========================================================================================
----------------- testing Sat Jul 20 00:27:34 UTC 2019 /home/travis/build/icyphy/ptII/ptolemy/actor/lib/test/auto/DiscreteClock22.xml
----------------- Instantiating /home/travis/build/icyphy/ptII/ptolemy/actor/lib/test/auto/DiscreteClock22.xml
6 ms. Memory: 437248K Free: 381910K (87%)
----------------- Invoking toplevel() on ptolemy.moml.MoMLSimpleApplication@6f477a21
----------------- Done invoking toplevel() on ptolemy.moml.MoMLSimpleApplication@6f477a21
reloadAllAccessors: .DiscreteClock22

===========================================================================================
----------------- testing Sat Jul 20 00:27:34 UTC 2019 /home/travis/build/icyphy/ptII/ptolemy/actor/lib/test/auto/DiscreteClock23.xml
----------------- Instantiating /home/travis/build/icyphy/ptII/ptolemy/actor/lib/test/auto/DiscreteClock23.xml
11 ms. Memory: 437248K Free: 376280K (86%)
----------------- Invoking toplevel() on ptolemy.moml.MoMLSimpleApplication@3c0ce86b
----------------- Done invoking toplevel() on ptolemy.moml.MoMLSimpleApplication@3c0ce86b
reloadAllAccessors: .DiscreteClock23

===========================================================================================
----------------- testing Sat Jul 20 00:27:34 UTC 2019 /home/travis/build/icyphy/ptII/ptolemy/actor/lib/test/auto/DiscreteClock24.xml
----------------- Instantiating /home/travis/build/icyphy/ptII/ptolemy/actor/lib/test/auto/DiscreteClock24.xml
5 ms. Memory: 437248K Free: 370646K (85%)
----------------- Invoking toplevel() on ptolemy.moml.MoMLSimpleApplication@396d40a0
----------------- Done invoking toplevel() on ptolemy.moml.MoMLSimpleApplication@396d40a0
reloadAllAccessors: .DiscreteClock24

===========================================================================================
----------------- testing Sat Jul 20 00:27:34 UTC 2019 /home/travis/build/icyphy/ptII/ptolemy/actor/lib/test/auto/DiscreteClock4.xml
----------------- Instantiating /home/travis/build/icyphy/ptII/ptolemy/actor/lib/test/auto/DiscreteClock4.xml
4 ms. Memory: 437248K Free: 365016K (83%)
----------------- Invoking toplevel() on ptolemy.moml.MoMLSimpleApplication@276cfb20
----------------- Done invoking toplevel() on ptolemy.moml.MoMLSimpleApplication@276cfb20
reloadAllAccessors: .DiscreteClock4

===========================================================================================
----------------- testing Sat Jul 20 00:27:34 UTC 2019 /home/travis/build/icyphy/ptII/ptolemy/actor/lib/test/auto/DiscreteClock5.xml
----------------- Instantiating /home/travis/build/icyphy/ptII/ptolemy/actor/lib/test/auto/DiscreteClock5.xml
2 ms. Memory: 437248K Free: 359896K (82%)
----------------- Invoking toplevel() on ptolemy.moml.MoMLSimpleApplication@272facbf
----------------- Done invoking toplevel() on ptolemy.moml.MoMLSimpleApplication@272facbf
reloadAllAccessors: .DiscreteClock5

===========================================================================================
----------------- testing Sat Jul 20 00:27:34 UTC 2019 /home/travis/build/icyphy/ptII/ptolemy/actor/lib/test/auto/DiscreteClock6.xml
----------------- Instantiating /home/travis/build/icyphy/ptII/ptolemy/actor/lib/test/auto/DiscreteClock6.xml
1 ms. Memory: 437248K Free: 355286K (81%)
----------------- Invoking toplevel() on ptolemy.moml.MoMLSimpleApplication@15020fdf
----------------- Done invoking toplevel() on ptolemy.moml.MoMLSimpleApplication@15020fdf
reloadAllAccessors: .DiscreteClock6

===========================================================================================
----------------- testing Sat Jul 20 00:27:34 UTC 2019 /home/travis/build/icyphy/ptII/ptolemy/actor/lib/test/auto/DiscreteClock7.xml
----------------- Instantiating /home/travis/build/icyphy/ptII/ptolemy/actor/lib/test/auto/DiscreteClock7.xml
1 ms. Memory: 437248K Free: 350166K (80%)
----------------- Invoking toplevel() on ptolemy.moml.MoMLSimpleApplication@2f5702b4
----------------- Done invoking toplevel() on ptolemy.moml.MoMLSimpleApplication@2f5702b4
reloadAllAccessors: .DiscreteClock7

===========================================================================================
----------------- testing Sat Jul 20 00:27:34 UTC 2019 /home/travis/build/icyphy/ptII/ptolemy/actor/lib/test/auto/DiscreteClock8.xml
----------------- Instantiating /home/travis/build/icyphy/ptII/ptolemy/actor/lib/test/auto/DiscreteClock8.xml
5 ms. Memory: 437248K Free: 344536K (79%)
----------------- Invoking toplevel() on ptolemy.moml.MoMLSimpleApplication@2d5f791
----------------- Done invoking toplevel() on ptolemy.moml.MoMLSimpleApplication@2d5f791
reloadAllAccessors: .DiscreteClock8

===========================================================================================
----------------- testing Sat Jul 20 00:27:34 UTC 2019 /home/travis/build/icyphy/ptII/ptolemy/actor/lib/test/auto/DiscreteClock9.xml
----------------- Instantiating /home/travis/build/icyphy/ptII/ptolemy/actor/lib/test/auto/DiscreteClock9.xml
5 ms. Memory: 437248K Free: 338872K (78%)
----------------- Invoking toplevel() on ptolemy.moml.MoMLSimpleApplication@14928c38
----------------- Done invoking toplevel() on ptolemy.moml.MoMLSimpleApplication@14928c38
reloadAllAccessors: .DiscreteClock9

===========================================================================================
----------------- testing Sat Jul 20 00:27:35 UTC 2019 /home/travis/build/icyphy/ptII/ptolemy/actor/lib/test/auto/DisplayArray.xml
----------------- Instantiating /home/travis/build/icyphy/ptII/ptolemy/actor/lib/test/auto/DisplayArray.xml
3 ms. Memory: 437248K Free: 335320K (77%)
----------------- Invoking toplevel() on ptolemy.moml.MoMLSimpleApplication@feae7c0
----------------- Done invoking toplevel() on ptolemy.moml.MoMLSimpleApplication@feae7c0
reloadAllAccessors: .DisplayArray

===========================================================================================
----------------- testing Sat Jul 20 00:27:35 UTC 2019 /home/travis/build/icyphy/ptII/ptolemy/actor/lib/test/auto/Distributor.xml
----------------- Instantiating /home/travis/build/icyphy/ptII/ptolemy/actor/lib/test/auto/Distributor.xml
1 ms. Memory: 437248K Free: 330200K (76%)
----------------- Invoking toplevel() on ptolemy.moml.MoMLSimpleApplication@a7e34ad
----------------- Done invoking toplevel() on ptolemy.moml.MoMLSimpleApplication@a7e34ad
reloadAllAccessors: .Distributor

===========================================================================================
----------------- testing Sat Jul 20 00:27:35 UTC 2019 /home/travis/build/icyphy/ptII/ptolemy/actor/lib/test/auto/Distributor2.xml
----------------- Instantiating /home/travis/build/icyphy/ptII/ptolemy/actor/lib/test/auto/Distributor2.xml
2 ms. Memory: 437248K Free: 325080K (74%)
----------------- Invoking toplevel() on ptolemy.moml.MoMLSimpleApplication@56aaf1b3
----------------- Done invoking toplevel() on ptolemy.moml.MoMLSimpleApplication@56aaf1b3
reloadAllAccessors: .Distributor2

===========================================================================================
----------------- testing Sat Jul 20 00:27:35 UTC 2019 /home/travis/build/icyphy/ptII/ptolemy/actor/lib/test/auto/DownSample.xml
----------------- Instantiating /home/travis/build/icyphy/ptII/ptolemy/actor/lib/test/auto/DownSample.xml
2 ms. Memory: 437248K Free: 320470K (73%)
----------------- Invoking toplevel() on ptolemy.moml.MoMLSimpleApplication@4ea6aeee
----------------- Done invoking toplevel() on ptolemy.moml.MoMLSimpleApplication@4ea6aeee
reloadAllAccessors: .DownSample

===========================================================================================
----------------- testing Sat Jul 20 00:27:35 UTC 2019 /home/travis/build/icyphy/ptII/ptolemy/actor/lib/test/auto/ElectronicUnitBase1.xml
----------------- Instantiating /home/travis/build/icyphy/ptII/ptolemy/actor/lib/test/auto/ElectronicUnitBase1.xml
20 ms. Memory: 437248K Free: 305110K (70%)
----------------- Invoking toplevel() on ptolemy.moml.MoMLSimpleApplication@5b5076a5
----------------- Done invoking toplevel() on ptolemy.moml.MoMLSimpleApplication@5b5076a5
reloadAllAccessors: .ElectronicUnitBase1

===========================================================================================
----------------- testing Sat Jul 20 00:27:35 UTC 2019 /home/travis/build/icyphy/ptII/ptolemy/actor/lib/test/auto/ElementsToArray.xml
----------------- Instantiating /home/travis/build/icyphy/ptII/ptolemy/actor/lib/test/auto/ElementsToArray.xml
2 ms. Memory: 437248K Free: 299480K (68%)
----------------- Invoking toplevel() on ptolemy.moml.MoMLSimpleApplication@464f4b7a
----------------- Done invoking toplevel() on ptolemy.moml.MoMLSimpleApplication@464f4b7a
reloadAllAccessors: .ElementsToArray

===========================================================================================
----------------- testing Sat Jul 20 00:27:35 UTC 2019 /home/travis/build/icyphy/ptII/ptolemy/actor/lib/test/auto/Equals.xml
----------------- Instantiating /home/travis/build/icyphy/ptII/ptolemy/actor/lib/test/auto/Equals.xml
1 ms. Memory: 437248K Free: 294870K (67%)
----------------- Invoking toplevel() on ptolemy.moml.MoMLSimpleApplication@6d6941c
----------------- Done invoking toplevel() on ptolemy.moml.MoMLSimpleApplication@6d6941c
reloadAllAccessors: .Equals

===========================================================================================
----------------- testing Sat Jul 20 00:27:35 UTC 2019 /home/travis/build/icyphy/ptII/ptolemy/actor/lib/test/auto/Exec.xml
----------------- Instantiating /home/travis/build/icyphy/ptII/ptolemy/actor/lib/test/auto/Exec.xml
24 ms. Memory: 437248K Free: 288726K (66%)
----------------- Invoking toplevel() on ptolemy.moml.MoMLSimpleApplication@7c505bcb
----------------- Done invoking toplevel() on ptolemy.moml.MoMLSimpleApplication@7c505bcb
reloadAllAccessors: .Exec

===========================================================================================
----------------- testing Sat Jul 20 00:27:35 UTC 2019 /home/travis/build/icyphy/ptII/ptolemy/actor/lib/test/auto/ExecEnvironment.xml
----------------- Instantiating /home/travis/build/icyphy/ptII/ptolemy/actor/lib/test/auto/ExecEnvironment.xml
31 ms. Memory: 437248K Free: 282072K (65%)
----------------- Invoking toplevel() on ptolemy.moml.MoMLSimpleApplication@148965
----------------- Done invoking toplevel() on ptolemy.moml.MoMLSimpleApplication@148965
reloadAllAccessors: .ExecEnvironment

===========================================================================================
----------------- testing Sat Jul 20 00:27:35 UTC 2019 /home/travis/build/icyphy/ptII/ptolemy/actor/lib/test/auto/ExecNonZeroReturnOutput.xml
----------------- Instantiating /home/travis/build/icyphy/ptII/ptolemy/actor/lib/test/auto/ExecNonZeroReturnOutput.xml
194 ms. Memory: 437248K Free: 270808K (62%)
----------------- Invoking toplevel() on ptolemy.moml.MoMLSimpleApplication@12a0af89
----------------- Done invoking toplevel() on ptolemy.moml.MoMLSimpleApplication@12a0af89
reloadAllAccessors: .ExecNonZeroReturnOutput

===========================================================================================
----------------- testing Sat Jul 20 00:27:35 UTC 2019 /home/travis/build/icyphy/ptII/ptolemy/actor/lib/test/auto/ExecRunDemos.xml
----------------- Instantiating /home/travis/build/icyphy/ptII/ptolemy/actor/lib/test/auto/ExecRunDemos.xml
Finished: 138 ms. Memory: 120832K Free: 104294K (86%)

Finished: 62 ms. Memory: 120832K Free: 110524K (91%)

Finished: 100 ms. Memory: 120832K Free: 110679K (92%)

Finished: 70 ms. Memory: 120832K Free: 103195K (85%)

Finished: 91 ms. Memory: 120832K Free: 104057K (86%)

11341 ms. Memory: 437248K Free: 249302K (57%)
----------------- Invoking toplevel() on ptolemy.moml.MoMLSimpleApplication@665ca6b1
----------------- Done invoking toplevel() on ptolemy.moml.MoMLSimpleApplication@665ca6b1
reloadAllAccessors: .ExecRunDemos

===========================================================================================
----------------- testing Sat Jul 20 00:27:46 UTC 2019 /home/travis/build/icyphy/ptII/ptolemy/actor/lib/test/auto/ExecStop.xml
----------------- Instantiating /home/travis/build/icyphy/ptII/ptolemy/actor/lib/test/auto/ExecStop.xml
5009 ms. Memory: 437248K Free: 134616K (31%)
----------------- Invoking toplevel() on ptolemy.moml.MoMLSimpleApplication@1acd66c7
----------------- Done invoking toplevel() on ptolemy.moml.MoMLSimpleApplication@1acd66c7
reloadAllAccessors: .ExecStop

===========================================================================================
----------------- testing Sat Jul 20 00:27:51 UTC 2019 /home/travis/build/icyphy/ptII/ptolemy/actor/lib/test/auto/ExecutionTimeSDF.xml
----------------- Instantiating /home/travis/build/icyphy/ptII/ptolemy/actor/lib/test/auto/ExecutionTimeSDF.xml
Fired ExecutionTime: -1880167296
Fired ExecutionTime: 1066800000
Fired ExecutionTime: -1091767296
6011 ms. Memory: 437248K Free: 382210K (87%)
----------------- Invoking toplevel() on ptolemy.moml.MoMLSimpleApplication@75ddc385
----------------- Done invoking toplevel() on ptolemy.moml.MoMLSimpleApplication@75ddc385
reloadAllAccessors: .ExecutionTimeSDF

===========================================================================================
----------------- testing Sat Jul 20 00:27:58 UTC 2019 /home/travis/build/icyphy/ptII/ptolemy/actor/lib/test/auto/Expression1.xml
----------------- Instantiating /home/travis/build/icyphy/ptII/ptolemy/actor/lib/test/auto/Expression1.xml
2 ms. Memory: 437248K Free: 378624K (87%)
----------------- Invoking toplevel() on ptolemy.moml.MoMLSimpleApplication@517fc40d
----------------- Done invoking toplevel() on ptolemy.moml.MoMLSimpleApplication@517fc40d
reloadAllAccessors: .Expression1

===========================================================================================
----------------- testing Sat Jul 20 00:27:58 UTC 2019 /home/travis/build/icyphy/ptII/ptolemy/actor/lib/test/auto/Expression10.xml
----------------- Instantiating /home/travis/build/icyphy/ptII/ptolemy/actor/lib/test/auto/Expression10.xml
10 ms. Memory: 437248K Free: 372994K (85%)
----------------- Invoking toplevel() on ptolemy.moml.MoMLSimpleApplication@34477b73
----------------- Done invoking toplevel() on ptolemy.moml.MoMLSimpleApplication@34477b73
reloadAllAccessors: .Expression10

===========================================================================================
----------------- testing Sat Jul 20 00:27:58 UTC 2019 /home/travis/build/icyphy/ptII/ptolemy/actor/lib/test/auto/Expression11.xml
----------------- Instantiating /home/travis/build/icyphy/ptII/ptolemy/actor/lib/test/auto/Expression11.xml
2 ms. Memory: 437248K Free: 368384K (84%)
----------------- Invoking toplevel() on ptolemy.moml.MoMLSimpleApplication@41358d69
----------------- Done invoking toplevel() on ptolemy.moml.MoMLSimpleApplication@41358d69
reloadAllAccessors: .Expression11

===========================================================================================
----------------- testing Sat Jul 20 00:27:58 UTC 2019 /home/travis/build/icyphy/ptII/ptolemy/actor/lib/test/auto/Expression12.xml
----------------- Instantiating /home/travis/build/icyphy/ptII/ptolemy/actor/lib/test/auto/Expression12.xml
4 ms. Memory: 437248K Free: 362754K (83%)
----------------- Invoking toplevel() on ptolemy.moml.MoMLSimpleApplication@310887fd
----------------- Done invoking toplevel() on ptolemy.moml.MoMLSimpleApplication@310887fd
reloadAllAccessors: .Expression12

===========================================================================================
----------------- testing Sat Jul 20 00:27:58 UTC 2019 /home/travis/build/icyphy/ptII/ptolemy/actor/lib/test/auto/Expression13.xml
----------------- Instantiating /home/travis/build/icyphy/ptII/ptolemy/actor/lib/test/auto/Expression13.xml
3 ms. Memory: 437248K Free: 357634K (82%)
----------------- Invoking toplevel() on ptolemy.moml.MoMLSimpleApplication@2cbc47e5
----------------- Done invoking toplevel() on ptolemy.moml.MoMLSimpleApplication@2cbc47e5
reloadAllAccessors: .Expression13

===========================================================================================
----------------- testing Sat Jul 20 00:27:58 UTC 2019 /home/travis/build/icyphy/ptII/ptolemy/actor/lib/test/auto/Expression14.xml
----------------- Instantiating /home/travis/build/icyphy/ptII/ptolemy/actor/lib/test/auto/Expression14.xml
11 ms. Memory: 437248K Free: 352000K (81%)
----------------- Invoking toplevel() on ptolemy.moml.MoMLSimpleApplication@61b01e00
----------------- Done invoking toplevel() on ptolemy.moml.MoMLSimpleApplication@61b01e00
reloadAllAccessors: .Expression14

===========================================================================================
----------------- testing Sat Jul 20 00:27:58 UTC 2019 /home/travis/build/icyphy/ptII/ptolemy/actor/lib/test/auto/Expression15.xml
----------------- Instantiating /home/travis/build/icyphy/ptII/ptolemy/actor/lib/test/auto/Expression15.xml
1 ms. Memory: 437248K Free: 347904K (80%)
----------------- Invoking toplevel() on ptolemy.moml.MoMLSimpleApplication@506acead
----------------- Done invoking toplevel() on ptolemy.moml.MoMLSimpleApplication@506acead
reloadAllAccessors: .Expression15

===========================================================================================
----------------- testing Sat Jul 20 00:27:58 UTC 2019 /home/travis/build/icyphy/ptII/ptolemy/actor/lib/test/auto/Expression16.xml
----------------- Instantiating /home/travis/build/icyphy/ptII/ptolemy/actor/lib/test/auto/Expression16.xml
4 ms. Memory: 437248K Free: 342784K (78%)
----------------- Invoking toplevel() on ptolemy.moml.MoMLSimpleApplication@72b669f5
----------------- Done invoking toplevel() on ptolemy.moml.MoMLSimpleApplication@72b669f5
reloadAllAccessors: .Expression16

===========================================================================================
----------------- testing Sat Jul 20 00:27:58 UTC 2019 /home/travis/build/icyphy/ptII/ptolemy/actor/lib/test/auto/Expression17.xml
----------------- Instantiating /home/travis/build/icyphy/ptII/ptolemy/actor/lib/test/auto/Expression17.xml
4 ms. Memory: 437248K Free: 337664K (77%)
----------------- Invoking toplevel() on ptolemy.moml.MoMLSimpleApplication@775349fc
----------------- Done invoking toplevel() on ptolemy.moml.MoMLSimpleApplication@775349fc
reloadAllAccessors: .Expression17

===========================================================================================
----------------- testing Sat Jul 20 00:27:58 UTC 2019 /home/travis/build/icyphy/ptII/ptolemy/actor/lib/test/auto/Expression18.xml
----------------- Instantiating /home/travis/build/icyphy/ptII/ptolemy/actor/lib/test/auto/Expression18.xml
4 ms. Memory: 437248K Free: 332034K (76%)
----------------- Invoking toplevel() on ptolemy.moml.MoMLSimpleApplication@62988eb5
----------------- Done invoking toplevel() on ptolemy.moml.MoMLSimpleApplication@62988eb5
reloadAllAccessors: .Expression18

===========================================================================================
----------------- testing Sat Jul 20 00:27:58 UTC 2019 /home/travis/build/icyphy/ptII/ptolemy/actor/lib/test/auto/Expression2.xml
----------------- Instantiating /home/travis/build/icyphy/ptII/ptolemy/actor/lib/test/auto/Expression2.xml
3 ms. Memory: 437248K Free: 327424K (75%)
----------------- Invoking toplevel() on ptolemy.moml.MoMLSimpleApplication@63c1262f
----------------- Done invoking toplevel() on ptolemy.moml.MoMLSimpleApplication@63c1262f
reloadAllAccessors: .Expression2

===========================================================================================
----------------- testing Sat Jul 20 00:27:58 UTC 2019 /home/travis/build/icyphy/ptII/ptolemy/actor/lib/test/auto/Expression3.xml
----------------- Instantiating /home/travis/build/icyphy/ptII/ptolemy/actor/lib/test/auto/Expression3.xml
6 ms. Memory: 437248K Free: 322304K (74%)
----------------- Invoking toplevel() on ptolemy.moml.MoMLSimpleApplication@6595fd33
----------------- Done invoking toplevel() on ptolemy.moml.MoMLSimpleApplication@6595fd33
reloadAllAccessors: .Expression3

===========================================================================================
----------------- testing Sat Jul 20 00:27:58 UTC 2019 /home/travis/build/icyphy/ptII/ptolemy/actor/lib/test/auto/Expression4.xml
----------------- Instantiating /home/travis/build/icyphy/ptII/ptolemy/actor/lib/test/auto/Expression4.xml
6 ms. Memory: 437248K Free: 314626K (72%)
----------------- Invoking toplevel() on ptolemy.moml.MoMLSimpleApplication@427c6ee1
----------------- Done invoking toplevel() on ptolemy.moml.MoMLSimpleApplication@427c6ee1
reloadAllAccessors: .Expression4

===========================================================================================
----------------- testing Sat Jul 20 00:27:58 UTC 2019 /home/travis/build/icyphy/ptII/ptolemy/actor/lib/test/auto/Expression5.xml
----------------- Instantiating /home/travis/build/icyphy/ptII/ptolemy/actor/lib/test/auto/Expression5.xml
6 ms. Memory: 437248K Free: 309506K (71%)
----------------- Invoking toplevel() on ptolemy.moml.MoMLSimpleApplication@7b2488c8
----------------- Done invoking toplevel() on ptolemy.moml.MoMLSimpleApplication@7b2488c8
reloadAllAccessors: .Expression5

===========================================================================================
----------------- testing Sat Jul 20 00:27:58 UTC 2019 /home/travis/build/icyphy/ptII/ptolemy/actor/lib/test/auto/Expression6.xml
----------------- Instantiating /home/travis/build/icyphy/ptII/ptolemy/actor/lib/test/auto/Expression6.xml
2 ms. Memory: 437248K Free: 304896K (70%)
----------------- Invoking toplevel() on ptolemy.moml.MoMLSimpleApplication@45bce671
----------------- Done invoking toplevel() on ptolemy.moml.MoMLSimpleApplication@45bce671
reloadAllAccessors: .Expression6

===========================================================================================
----------------- testing Sat Jul 20 00:27:58 UTC 2019 /home/travis/build/icyphy/ptII/ptolemy/actor/lib/test/auto/Expression7.xml
----------------- Instantiating /home/travis/build/icyphy/ptII/ptolemy/actor/lib/test/auto/Expression7.xml
2 ms. Memory: 437248K Free: 299776K (69%)
----------------- Invoking toplevel() on ptolemy.moml.MoMLSimpleApplication@619046e8
----------------- Done invoking toplevel() on ptolemy.moml.MoMLSimpleApplication@619046e8
reloadAllAccessors: .Expression7

===========================================================================================
----------------- testing Sat Jul 20 00:27:58 UTC 2019 /home/travis/build/icyphy/ptII/ptolemy/actor/lib/test/auto/Expression8.xml
----------------- Instantiating /home/travis/build/icyphy/ptII/ptolemy/actor/lib/test/auto/Expression8.xml
9 ms. Memory: 437248K Free: 295170K (68%)
----------------- Invoking toplevel() on ptolemy.moml.MoMLSimpleApplication@43d5b0ec
----------------- Done invoking toplevel() on ptolemy.moml.MoMLSimpleApplication@43d5b0ec
reloadAllAccessors: .Expression8

===========================================================================================
----------------- testing Sat Jul 20 00:27:58 UTC 2019 /home/travis/build/icyphy/ptII/ptolemy/actor/lib/test/auto/Expression9.xml
----------------- Instantiating /home/travis/build/icyphy/ptII/ptolemy/actor/lib/test/auto/Expression9.xml
1 ms. Memory: 437248K Free: 291074K (67%)
----------------- Invoking toplevel() on ptolemy.moml.MoMLSimpleApplication@43e8320e
----------------- Done invoking toplevel() on ptolemy.moml.MoMLSimpleApplication@43e8320e
reloadAllAccessors: .Expression9

===========================================================================================
----------------- testing Sat Jul 20 00:27:58 UTC 2019 /home/travis/build/icyphy/ptII/ptolemy/actor/lib/test/auto/ExpressionConcatenateArrayType.xml
----------------- Instantiating /home/travis/build/icyphy/ptII/ptolemy/actor/lib/test/auto/ExpressionConcatenateArrayType.xml
4 ms. Memory: 437248K Free: 284416K (65%)
----------------- Invoking toplevel() on ptolemy.moml.MoMLSimpleApplication@7b11867a
----------------- Done invoking toplevel() on ptolemy.moml.MoMLSimpleApplication@7b11867a
reloadAllAccessors: .ExpressionConcatenateArrayType

===========================================================================================
----------------- testing Sat Jul 20 00:27:58 UTC 2019 /home/travis/build/icyphy/ptII/ptolemy/actor/lib/test/auto/ExpressionConcatenateArrayType2.xml
----------------- Instantiating /home/travis/build/icyphy/ptII/ptolemy/actor/lib/test/auto/ExpressionConcatenateArrayType2.xml
2 ms. Memory: 437248K Free: 278786K (64%)
----------------- Invoking toplevel() on ptolemy.moml.MoMLSimpleApplication@8796008
----------------- Done invoking toplevel() on ptolemy.moml.MoMLSimpleApplication@8796008
reloadAllAccessors: .ExpressionConcatenateArrayType2

===========================================================================================
----------------- testing Sat Jul 20 00:27:58 UTC 2019 /home/travis/build/icyphy/ptII/ptolemy/actor/lib/test/auto/ExpressionFix.xml
----------------- Instantiating /home/travis/build/icyphy/ptII/ptolemy/actor/lib/test/auto/ExpressionFix.xml
26 ms. Memory: 437248K Free: 272128K (62%)
----------------- Invoking toplevel() on ptolemy.moml.MoMLSimpleApplication@24513021
----------------- Done invoking toplevel() on ptolemy.moml.MoMLSimpleApplication@24513021
reloadAllAccessors: .ExpressionFix

===========================================================================================
----------------- testing Sat Jul 20 00:27:58 UTC 2019 /home/travis/build/icyphy/ptII/ptolemy/actor/lib/test/auto/ExpressionFix2.xml
----------------- Instantiating /home/travis/build/icyphy/ptII/ptolemy/actor/lib/test/auto/ExpressionFix2.xml
4 ms. Memory: 437248K Free: 268032K (61%)
----------------- Invoking toplevel() on ptolemy.moml.MoMLSimpleApplication@6ea86918
----------------- Done invoking toplevel() on ptolemy.moml.MoMLSimpleApplication@6ea86918
reloadAllAccessors: .ExpressionFix2

===========================================================================================
----------------- testing Sat Jul 20 00:27:58 UTC 2019 /home/travis/build/icyphy/ptII/ptolemy/actor/lib/test/auto/ExpressionFix3.xml
----------------- Instantiating /home/travis/build/icyphy/ptII/ptolemy/actor/lib/test/auto/ExpressionFix3.xml
4 ms. Memory: 437248K Free: 263426K (60%)
----------------- Invoking toplevel() on ptolemy.moml.MoMLSimpleApplication@4acbbbb0
----------------- Done invoking toplevel() on ptolemy.moml.MoMLSimpleApplication@4acbbbb0
reloadAllAccessors: .ExpressionFix3

===========================================================================================
----------------- testing Sat Jul 20 00:27:58 UTC 2019 /home/travis/build/icyphy/ptII/ptolemy/actor/lib/test/auto/FileWriter1.xml
----------------- Instantiating /home/travis/build/icyphy/ptII/ptolemy/actor/lib/test/auto/FileWriter1.xml
2 ms. Memory: 437248K Free: 259840K (59%)
----------------- Invoking toplevel() on ptolemy.moml.MoMLSimpleApplication@3133a462
----------------- Done invoking toplevel() on ptolemy.moml.MoMLSimpleApplication@3133a462
reloadAllAccessors: .FileWriter1

===========================================================================================
----------------- testing Sat Jul 20 00:27:58 UTC 2019 /home/travis/build/icyphy/ptII/ptolemy/actor/lib/test/auto/FileWriter2.xml
----------------- Instantiating /home/travis/build/icyphy/ptII/ptolemy/actor/lib/test/auto/FileWriter2.xml
8 ms. Memory: 437248K Free: 255234K (58%)
----------------- Invoking toplevel() on ptolemy.moml.MoMLSimpleApplication@36140284
----------------- Done invoking toplevel() on ptolemy.moml.MoMLSimpleApplication@36140284
reloadAllAccessors: .FileWriter2

===========================================================================================
----------------- testing Sat Jul 20 00:27:58 UTC 2019 /home/travis/build/icyphy/ptII/ptolemy/actor/lib/test/auto/FileWriter3.xml
----------------- Instantiating /home/travis/build/icyphy/ptII/ptolemy/actor/lib/test/auto/FileWriter3.xml
5 ms. Memory: 437248K Free: 251138K (57%)
----------------- Invoking toplevel() on ptolemy.moml.MoMLSimpleApplication@70e9c2ba
----------------- Done invoking toplevel() on ptolemy.moml.MoMLSimpleApplication@70e9c2ba
reloadAllAccessors: .FileWriter3

===========================================================================================
----------------- testing Sat Jul 20 00:27:58 UTC 2019 /home/travis/build/icyphy/ptII/ptolemy/actor/lib/test/auto/Gaussian.xml
----------------- Instantiating /home/travis/build/icyphy/ptII/ptolemy/actor/lib/test/auto/Gaussian.xml
4 ms. Memory: 437248K Free: 246514K (56%)
----------------- Invoking toplevel() on ptolemy.moml.MoMLSimpleApplication@46f41eab
----------------- Done invoking toplevel() on ptolemy.moml.MoMLSimpleApplication@46f41eab
reloadAllAccessors: .Gaussian

===========================================================================================
----------------- testing Sat Jul 20 00:27:58 UTC 2019 /home/travis/build/icyphy/ptII/ptolemy/actor/lib/test/auto/Gaussian1.xml
----------------- Instantiating /home/travis/build/icyphy/ptII/ptolemy/actor/lib/test/auto/Gaussian1.xml
13 ms. Memory: 437248K Free: 240898K (55%)
----------------- Invoking toplevel() on ptolemy.moml.MoMLSimpleApplication@586c2a27
----------------- Done invoking toplevel() on ptolemy.moml.MoMLSimpleApplication@586c2a27
reloadAllAccessors: .Gaussian1

===========================================================================================
----------------- testing Sat Jul 20 00:27:58 UTC 2019 /home/travis/build/icyphy/ptII/ptolemy/actor/lib/test/auto/Gaussian2.xml
----------------- Instantiating /home/travis/build/icyphy/ptII/ptolemy/actor/lib/test/auto/Gaussian2.xml
2 ms. Memory: 437248K Free: 235234K (54%)
----------------- Invoking toplevel() on ptolemy.moml.MoMLSimpleApplication@70bc3f33
----------------- Done invoking toplevel() on ptolemy.moml.MoMLSimpleApplication@70bc3f33
reloadAllAccessors: .Gaussian2

===========================================================================================
----------------- testing Sat Jul 20 00:27:58 UTC 2019 /home/travis/build/icyphy/ptII/ptolemy/actor/lib/test/auto/GradientAdaptiveLattice.xml
----------------- Instantiating /home/travis/build/icyphy/ptII/ptolemy/actor/lib/test/auto/GradientAdaptiveLattice.xml
3 ms. Memory: 437248K Free: 230144K (53%)
----------------- Invoking toplevel() on ptolemy.moml.MoMLSimpleApplication@6086eb8b
----------------- Done invoking toplevel() on ptolemy.moml.MoMLSimpleApplication@6086eb8b
reloadAllAccessors: .GradientAdaptiveLattice

===========================================================================================
----------------- testing Sat Jul 20 00:27:58 UTC 2019 /home/travis/build/icyphy/ptII/ptolemy/actor/lib/test/auto/IIR.xml
----------------- Instantiating /home/travis/build/icyphy/ptII/ptolemy/actor/lib/test/auto/IIR.xml
1 ms. Memory: 437248K Free: 225538K (52%)
----------------- Invoking toplevel() on ptolemy.moml.MoMLSimpleApplication@2860f4e0
----------------- Done invoking toplevel() on ptolemy.moml.MoMLSimpleApplication@2860f4e0
reloadAllAccessors: .IIR

===========================================================================================
----------------- testing Sat Jul 20 00:27:58 UTC 2019 /home/travis/build/icyphy/ptII/ptolemy/actor/lib/test/auto/InputOutputTransparentPorts.xml
----------------- Instantiating /home/travis/build/icyphy/ptII/ptolemy/actor/lib/test/auto/InputOutputTransparentPorts.xml
1 ms. Memory: 437248K Free: 218880K (50%)
----------------- Invoking toplevel() on ptolemy.moml.MoMLSimpleApplication@58b89e0e
----------------- Done invoking toplevel() on ptolemy.moml.MoMLSimpleApplication@58b89e0e
reloadAllAccessors: .InputOutputTransparentPorts

===========================================================================================
----------------- testing Sat Jul 20 00:27:58 UTC 2019 /home/travis/build/icyphy/ptII/ptolemy/actor/lib/test/auto/Interpolator.xml
----------------- Instantiating /home/travis/build/icyphy/ptII/ptolemy/actor/lib/test/auto/Interpolator.xml
4 ms. Memory: 437248K Free: 214784K (49%)
----------------- Invoking toplevel() on ptolemy.moml.MoMLSimpleApplication@37147b32
----------------- Done invoking toplevel() on ptolemy.moml.MoMLSimpleApplication@37147b32
reloadAllAccessors: .Interpolator

===========================================================================================
----------------- testing Sat Jul 20 00:27:58 UTC 2019 /home/travis/build/icyphy/ptII/ptolemy/actor/lib/test/auto/InterpolatorFiringLimitDE.xml
----------------- Instantiating /home/travis/build/icyphy/ptII/ptolemy/actor/lib/test/auto/InterpolatorFiringLimitDE.xml
2 ms. Memory: 437248K Free: 207106K (47%)
----------------- Invoking toplevel() on ptolemy.moml.MoMLSimpleApplication@29f92f13
----------------- Done invoking toplevel() on ptolemy.moml.MoMLSimpleApplication@29f92f13
reloadAllAccessors: .InterpolatorFiringLimitDE

===========================================================================================
----------------- testing Sat Jul 20 00:27:58 UTC 2019 /home/travis/build/icyphy/ptII/ptolemy/actor/lib/test/auto/Lattice.xml
----------------- Instantiating /home/travis/build/icyphy/ptII/ptolemy/actor/lib/test/auto/Lattice.xml
1 ms. Memory: 437248K Free: 203010K (46%)
----------------- Invoking toplevel() on ptolemy.moml.MoMLSimpleApplication@4ff7bdf
----------------- Done invoking toplevel() on ptolemy.moml.MoMLSimpleApplication@4ff7bdf
reloadAllAccessors: .Lattice

===========================================================================================
----------------- testing Sat Jul 20 00:27:58 UTC 2019 /home/travis/build/icyphy/ptII/ptolemy/actor/lib/test/auto/LazyAOCTestLazy.xml
----------------- Instantiating /home/travis/build/icyphy/ptII/ptolemy/actor/lib/test/auto/LazyAOCTestLazy.xml
16 ms. Memory: 437248K Free: 196866K (45%)
----------------- Invoking toplevel() on ptolemy.moml.MoMLSimpleApplication@6d83e8ef
----------------- Done invoking toplevel() on ptolemy.moml.MoMLSimpleApplication@6d83e8ef
reloadAllAccessors: .LazyAOCTestLazy

===========================================================================================
----------------- testing Sat Jul 20 00:27:58 UTC 2019 /home/travis/build/icyphy/ptII/ptolemy/actor/lib/test/auto/LazyAOCTestNonLazy.xml
----------------- Instantiating /home/travis/build/icyphy/ptII/ptolemy/actor/lib/test/auto/LazyAOCTestNonLazy.xml
2 ms. Memory: 437248K Free: 189698K (43%)
----------------- Invoking toplevel() on ptolemy.moml.MoMLSimpleApplication@6ba3dfe
----------------- Done invoking toplevel() on ptolemy.moml.MoMLSimpleApplication@6ba3dfe
reloadAllAccessors: .LazyAOCTestNonLazy

===========================================================================================
----------------- testing Sat Jul 20 00:27:58 UTC 2019 /home/travis/build/icyphy/ptII/ptolemy/actor/lib/test/auto/LazyInnerClass.xml
----------------- Instantiating /home/travis/build/icyphy/ptII/ptolemy/actor/lib/test/auto/LazyInnerClass.xml
11 ms. Memory: 437248K Free: 180978K (41%)
----------------- Invoking toplevel() on ptolemy.moml.MoMLSimpleApplication@51518be6
----------------- Done invoking toplevel() on ptolemy.moml.MoMLSimpleApplication@51518be6
reloadAllAccessors: .LazyInnerClass

===========================================================================================
----------------- testing Sat Jul 20 00:27:58 UTC 2019 /home/travis/build/icyphy/ptII/ptolemy/actor/lib/test/auto/LazyPubSub.xml
----------------- Instantiating /home/travis/build/icyphy/ptII/ptolemy/actor/lib/test/auto/LazyPubSub.xml
16 ms. Memory: 437248K Free: 170752K (39%)
----------------- Invoking toplevel() on ptolemy.moml.MoMLSimpleApplication@4dc7b896
----------------- Done invoking toplevel() on ptolemy.moml.MoMLSimpleApplication@4dc7b896
reloadAllAccessors: .LazyPubSub

===========================================================================================
----------------- testing Sat Jul 20 00:27:58 UTC 2019 /home/travis/build/icyphy/ptII/ptolemy/actor/lib/test/auto/LazyPubSub2.xml
----------------- Instantiating /home/travis/build/icyphy/ptII/ptolemy/actor/lib/test/auto/LazyPubSub2.xml
20 ms. Memory: 437248K Free: 160512K (37%)
----------------- Invoking toplevel() on ptolemy.moml.MoMLSimpleApplication@2c94b13e
----------------- Done invoking toplevel() on ptolemy.moml.MoMLSimpleApplication@2c94b13e
reloadAllAccessors: .LazyPubSub2

===========================================================================================
----------------- testing Sat Jul 20 00:27:58 UTC 2019 /home/travis/build/icyphy/ptII/ptolemy/actor/lib/test/auto/LazyPubSub3.xml
----------------- Instantiating /home/travis/build/icyphy/ptII/ptolemy/actor/lib/test/auto/LazyPubSub3.xml
24 ms. Memory: 437248K Free: 150786K (34%)
----------------- Invoking toplevel() on ptolemy.moml.MoMLSimpleApplication@51d291fa
----------------- Done invoking toplevel() on ptolemy.moml.MoMLSimpleApplication@51d291fa
reloadAllAccessors: .LazyPubSub3

===========================================================================================
----------------- testing Sat Jul 20 00:27:58 UTC 2019 /home/travis/build/icyphy/ptII/ptolemy/actor/lib/test/auto/LazySubClassModel.xml
----------------- Instantiating /home/travis/build/icyphy/ptII/ptolemy/actor/lib/test/auto/LazySubClassModel.xml
2 ms. Memory: 437248K Free: 141570K (32%)
----------------- Invoking toplevel() on ptolemy.moml.MoMLSimpleApplication@4ddb38f6
----------------- Done invoking toplevel() on ptolemy.moml.MoMLSimpleApplication@4ddb38f6
reloadAllAccessors: .LazySubClassModel

===========================================================================================
----------------- testing Sat Jul 20 00:27:59 UTC 2019 /home/travis/build/icyphy/ptII/ptolemy/actor/lib/test/auto/LevelCrossTest1.xml
----------------- Instantiating /home/travis/build/icyphy/ptII/ptolemy/actor/lib/test/auto/LevelCrossTest1.xml
1 ms. Memory: 437248K Free: 135936K (31%)
----------------- Invoking toplevel() on ptolemy.moml.MoMLSimpleApplication@24fda203
----------------- Done invoking toplevel() on ptolemy.moml.MoMLSimpleApplication@24fda203
reloadAllAccessors: .broken

===========================================================================================
----------------- testing Sat Jul 20 00:27:59 UTC 2019 /home/travis/build/icyphy/ptII/ptolemy/actor/lib/test/auto/LevelCrossTest10.xml
----------------- Instantiating /home/travis/build/icyphy/ptII/ptolemy/actor/lib/test/auto/LevelCrossTest10.xml
10 ms. Memory: 437248K Free: 388460K (89%)
----------------- Invoking toplevel() on ptolemy.moml.MoMLSimpleApplication@4aa4f2e
----------------- Done invoking toplevel() on ptolemy.moml.MoMLSimpleApplication@4aa4f2e
reloadAllAccessors: .LevelCrossTest10

===========================================================================================
----------------- testing Sat Jul 20 00:27:59 UTC 2019 /home/travis/build/icyphy/ptII/ptolemy/actor/lib/test/auto/LevelCrossTest11.xml
----------------- Instantiating /home/travis/build/icyphy/ptII/ptolemy/actor/lib/test/auto/LevelCrossTest11.xml
2 ms. Memory: 437248K Free: 381290K (87%)
----------------- Invoking toplevel() on ptolemy.moml.MoMLSimpleApplication@53694921
----------------- Done invoking toplevel() on ptolemy.moml.MoMLSimpleApplication@53694921
reloadAllAccessors: .LevelCrossTest11

===========================================================================================
----------------- testing Sat Jul 20 00:27:59 UTC 2019 /home/travis/build/icyphy/ptII/ptolemy/actor/lib/test/auto/LevelCrossTest12.xml
----------------- Instantiating /home/travis/build/icyphy/ptII/ptolemy/actor/lib/test/auto/LevelCrossTest12.xml
2 ms. Memory: 437248K Free: 374122K (86%)
----------------- Invoking toplevel() on ptolemy.moml.MoMLSimpleApplication@33bfbae1
----------------- Done invoking toplevel() on ptolemy.moml.MoMLSimpleApplication@33bfbae1
reloadAllAccessors: .LevelCrossTest12

===========================================================================================
----------------- testing Sat Jul 20 00:27:59 UTC 2019 /home/travis/build/icyphy/ptII/ptolemy/actor/lib/test/auto/LevelCrossTest13.xml
----------------- Instantiating /home/travis/build/icyphy/ptII/ptolemy/actor/lib/test/auto/LevelCrossTest13.xml
3 ms. Memory: 437248K Free: 366444K (84%)
----------------- Invoking toplevel() on ptolemy.moml.MoMLSimpleApplication@6f3e8e57
----------------- Done invoking toplevel() on ptolemy.moml.MoMLSimpleApplication@6f3e8e57
reloadAllAccessors: .LevelCrossTest13

===========================================================================================
----------------- testing Sat Jul 20 00:27:59 UTC 2019 /home/travis/build/icyphy/ptII/ptolemy/actor/lib/test/auto/LevelCrossTest2.xml
----------------- Instantiating /home/travis/build/icyphy/ptII/ptolemy/actor/lib/test/auto/LevelCrossTest2.xml
2 ms. Memory: 437248K Free: 360810K (83%)
----------------- Invoking toplevel() on ptolemy.moml.MoMLSimpleApplication@5c985402
----------------- Done invoking toplevel() on ptolemy.moml.MoMLSimpleApplication@5c985402
reloadAllAccessors: .broken

===========================================================================================
----------------- testing Sat Jul 20 00:27:59 UTC 2019 /home/travis/build/icyphy/ptII/ptolemy/actor/lib/test/auto/LevelCrossTest3.xml
----------------- Instantiating /home/travis/build/icyphy/ptII/ptolemy/actor/lib/test/auto/LevelCrossTest3.xml
2 ms. Memory: 437248K Free: 354666K (81%)
----------------- Invoking toplevel() on ptolemy.moml.MoMLSimpleApplication@4d01c242
----------------- Done invoking toplevel() on ptolemy.moml.MoMLSimpleApplication@4d01c242
reloadAllAccessors: .LevelCrossTest3

===========================================================================================
----------------- testing Sat Jul 20 00:27:59 UTC 2019 /home/travis/build/icyphy/ptII/ptolemy/actor/lib/test/auto/LevelCrossTest4.xml
----------------- Instantiating /home/travis/build/icyphy/ptII/ptolemy/actor/lib/test/auto/LevelCrossTest4.xml
2 ms. Memory: 437248K Free: 348522K (80%)
----------------- Invoking toplevel() on ptolemy.moml.MoMLSimpleApplication@7a9c0208
----------------- Done invoking toplevel() on ptolemy.moml.MoMLSimpleApplication@7a9c0208
reloadAllAccessors: .broken

===========================================================================================
----------------- testing Sat Jul 20 00:27:59 UTC 2019 /home/travis/build/icyphy/ptII/ptolemy/actor/lib/test/auto/LevelCrossTest5.xml
----------------- Instantiating /home/travis/build/icyphy/ptII/ptolemy/actor/lib/test/auto/LevelCrossTest5.xml
4 ms. Memory: 437248K Free: 341354K (78%)
----------------- Invoking toplevel() on ptolemy.moml.MoMLSimpleApplication@76bcb38a
----------------- Done invoking toplevel() on ptolemy.moml.MoMLSimpleApplication@76bcb38a
reloadAllAccessors: .LevelCrossTest5

===========================================================================================
----------------- testing Sat Jul 20 00:27:59 UTC 2019 /home/travis/build/icyphy/ptII/ptolemy/actor/lib/test/auto/LevelCrossTest6.xml
----------------- Instantiating /home/travis/build/icyphy/ptII/ptolemy/actor/lib/test/auto/LevelCrossTest6.xml
1 ms. Memory: 437248K Free: 335724K (77%)
----------------- Invoking toplevel() on ptolemy.moml.MoMLSimpleApplication@ec4fdc4
----------------- Done invoking toplevel() on ptolemy.moml.MoMLSimpleApplication@ec4fdc4
reloadAllAccessors: .LevelCrossTest6

===========================================================================================
----------------- testing Sat Jul 20 00:27:59 UTC 2019 /home/travis/build/icyphy/ptII/ptolemy/actor/lib/test/auto/LevelCrossTest7.xml
----------------- Instantiating /home/travis/build/icyphy/ptII/ptolemy/actor/lib/test/auto/LevelCrossTest7.xml
2 ms. Memory: 437248K Free: 327532K (75%)
----------------- Invoking toplevel() on ptolemy.moml.MoMLSimpleApplication@5c3961e4
----------------- Done invoking toplevel() on ptolemy.moml.MoMLSimpleApplication@5c3961e4
reloadAllAccessors: .LevelCrossTest7

===========================================================================================
----------------- testing Sat Jul 20 00:27:59 UTC 2019 /home/travis/build/icyphy/ptII/ptolemy/actor/lib/test/auto/LevelCrossTest8.xml
----------------- Instantiating /home/travis/build/icyphy/ptII/ptolemy/actor/lib/test/auto/LevelCrossTest8.xml
1 ms. Memory: 437248K Free: 320874K (73%)
----------------- Invoking toplevel() on ptolemy.moml.MoMLSimpleApplication@3015e89a
----------------- Done invoking toplevel() on ptolemy.moml.MoMLSimpleApplication@3015e89a
reloadAllAccessors: .LevelCrossTest8

===========================================================================================
----------------- testing Sat Jul 20 00:27:59 UTC 2019 /home/travis/build/icyphy/ptII/ptolemy/actor/lib/test/auto/LevelCrossTest9.xml
----------------- Instantiating /home/travis/build/icyphy/ptII/ptolemy/actor/lib/test/auto/LevelCrossTest9.xml
2 ms. Memory: 437248K Free: 314220K (72%)
----------------- Invoking toplevel() on ptolemy.moml.MoMLSimpleApplication@4564bf5a
----------------- Done invoking toplevel() on ptolemy.moml.MoMLSimpleApplication@4564bf5a
reloadAllAccessors: .LevelCrossTest9

===========================================================================================
----------------- testing Sat Jul 20 00:27:59 UTC 2019 /home/travis/build/icyphy/ptII/ptolemy/actor/lib/test/auto/LevinsonDurbin.xml
----------------- Instantiating /home/travis/build/icyphy/ptII/ptolemy/actor/lib/test/auto/LevinsonDurbin.xml
9 ms. Memory: 437248K Free: 310124K (71%)
----------------- Invoking toplevel() on ptolemy.moml.MoMLSimpleApplication@1d9c0a20
----------------- Done invoking toplevel() on ptolemy.moml.MoMLSimpleApplication@1d9c0a20
reloadAllAccessors: .LevinsonDurbin

===========================================================================================
----------------- testing Sat Jul 20 00:27:59 UTC 2019 /home/travis/build/icyphy/ptII/ptolemy/actor/lib/test/auto/LevinsonDurbin2.xml
----------------- Instantiating /home/travis/build/icyphy/ptII/ptolemy/actor/lib/test/auto/LevinsonDurbin2.xml
1 ms. Memory: 437248K Free: 306028K (70%)
----------------- Invoking toplevel() on ptolemy.moml.MoMLSimpleApplication@76b60062
----------------- Done invoking toplevel() on ptolemy.moml.MoMLSimpleApplication@76b60062
reloadAllAccessors: .LevinsonDurbin2

===========================================================================================
----------------- testing Sat Jul 20 00:27:59 UTC 2019 /home/travis/build/icyphy/ptII/ptolemy/actor/lib/test/auto/LevinsonDurbin3.xml
----------------- Instantiating /home/travis/build/icyphy/ptII/ptolemy/actor/lib/test/auto/LevinsonDurbin3.xml
2 ms. Memory: 437248K Free: 301932K (69%)
----------------- Invoking toplevel() on ptolemy.moml.MoMLSimpleApplication@7a4d4151
----------------- Done invoking toplevel() on ptolemy.moml.MoMLSimpleApplication@7a4d4151
reloadAllAccessors: .LevinsonDurbin3

===========================================================================================
----------------- testing Sat Jul 20 00:27:59 UTC 2019 /home/travis/build/icyphy/ptII/ptolemy/actor/lib/test/auto/Limiter.xml
----------------- Instantiating /home/travis/build/icyphy/ptII/ptolemy/actor/lib/test/auto/Limiter.xml
4 ms. Memory: 437248K Free: 292716K (67%)
----------------- Invoking toplevel() on ptolemy.moml.MoMLSimpleApplication@3e35f913
----------------- Done invoking toplevel() on ptolemy.moml.MoMLSimpleApplication@3e35f913
reloadAllAccessors: .Limiter

===========================================================================================
----------------- testing Sat Jul 20 00:27:59 UTC 2019 /home/travis/build/icyphy/ptII/ptolemy/actor/lib/test/auto/LinearDifferenceEquationSystem.xml
----------------- Instantiating /home/travis/build/icyphy/ptII/ptolemy/actor/lib/test/auto/LinearDifferenceEquationSystem.xml
5 ms. Memory: 437248K Free: 285548K (65%)
----------------- Invoking toplevel() on ptolemy.moml.MoMLSimpleApplication@1af06bdc
----------------- Done invoking toplevel() on ptolemy.moml.MoMLSimpleApplication@1af06bdc
reloadAllAccessors: .LinearDifferenceEquationSystem

===========================================================================================
----------------- testing Sat Jul 20 00:27:59 UTC 2019 /home/travis/build/icyphy/ptII/ptolemy/actor/lib/test/auto/LookupTable.xml
----------------- Instantiating /home/travis/build/icyphy/ptII/ptolemy/actor/lib/test/auto/LookupTable.xml
1 ms. Memory: 437248K Free: 280938K (64%)
----------------- Invoking toplevel() on ptolemy.moml.MoMLSimpleApplication@26c2b6e3
----------------- Done invoking toplevel() on ptolemy.moml.MoMLSimpleApplication@26c2b6e3
reloadAllAccessors: .LookupTable

===========================================================================================
----------------- testing Sat Jul 20 00:27:59 UTC 2019 /home/travis/build/icyphy/ptII/ptolemy/actor/lib/test/auto/MathFunction.xml
----------------- Instantiating /home/travis/build/icyphy/ptII/ptolemy/actor/lib/test/auto/MathFunction.xml
10 ms. Memory: 437248K Free: 272746K (62%)
----------------- Invoking toplevel() on ptolemy.moml.MoMLSimpleApplication@7119a16d
----------------- Done invoking toplevel() on ptolemy.moml.MoMLSimpleApplication@7119a16d
reloadAllAccessors: .MathFunction

===========================================================================================
----------------- testing Sat Jul 20 00:27:59 UTC 2019 /home/travis/build/icyphy/ptII/ptolemy/actor/lib/test/auto/MathFunction2.xml
----------------- Instantiating /home/travis/build/icyphy/ptII/ptolemy/actor/lib/test/auto/MathFunction2.xml
1 ms. Memory: 437248K Free: 268650K (61%)
----------------- Invoking toplevel() on ptolemy.moml.MoMLSimpleApplication@6c13b36e
----------------- Done invoking toplevel() on ptolemy.moml.MoMLSimpleApplication@6c13b36e
reloadAllAccessors: .MathFunction2

===========================================================================================
----------------- testing Sat Jul 20 00:27:59 UTC 2019 /home/travis/build/icyphy/ptII/ptolemy/actor/lib/test/auto/MathFunction3.xml
----------------- Instantiating /home/travis/build/icyphy/ptII/ptolemy/actor/lib/test/auto/MathFunction3.xml
8 ms. Memory: 437248K Free: 261482K (60%)
----------------- Invoking toplevel() on ptolemy.moml.MoMLSimpleApplication@682a9ede
----------------- Done invoking toplevel() on ptolemy.moml.MoMLSimpleApplication@682a9ede
reloadAllAccessors: .MathFunction3

===========================================================================================
----------------- testing Sat Jul 20 00:27:59 UTC 2019 /home/travis/build/icyphy/ptII/ptolemy/actor/lib/test/auto/MatrixCropBoolean.xml
----------------- Instantiating /home/travis/build/icyphy/ptII/ptolemy/actor/lib/test/auto/MatrixCropBoolean.xml
2 ms. Memory: 437248K Free: 256356K (59%)
----------------- Invoking toplevel() on ptolemy.moml.MoMLSimpleApplication@72a04053
----------------- Done invoking toplevel() on ptolemy.moml.MoMLSimpleApplication@72a04053
reloadAllAccessors: .MatrixCropBoolean

===========================================================================================
----------------- testing Sat Jul 20 00:27:59 UTC 2019 /home/travis/build/icyphy/ptII/ptolemy/actor/lib/test/auto/MatrixCropComplex.xml
----------------- Instantiating /home/travis/build/icyphy/ptII/ptolemy/actor/lib/test/auto/MatrixCropComplex.xml
2 ms. Memory: 437248K Free: 251212K (57%)
----------------- Invoking toplevel() on ptolemy.moml.MoMLSimpleApplication@61a7ae0b
----------------- Done invoking toplevel() on ptolemy.moml.MoMLSimpleApplication@61a7ae0b
reloadAllAccessors: .MatrixCropComplex

===========================================================================================
----------------- testing Sat Jul 20 00:27:59 UTC 2019 /home/travis/build/icyphy/ptII/ptolemy/actor/lib/test/auto/MatrixCropDouble.xml
----------------- Instantiating /home/travis/build/icyphy/ptII/ptolemy/actor/lib/test/auto/MatrixCropDouble.xml
4 ms. Memory: 437248K Free: 246092K (56%)
----------------- Invoking toplevel() on ptolemy.moml.MoMLSimpleApplication@6395105b
----------------- Done invoking toplevel() on ptolemy.moml.MoMLSimpleApplication@6395105b
reloadAllAccessors: .MatrixCropDouble

===========================================================================================
----------------- testing Sat Jul 20 00:27:59 UTC 2019 /home/travis/build/icyphy/ptII/ptolemy/actor/lib/test/auto/MatrixCropFix.xml
----------------- Instantiating /home/travis/build/icyphy/ptII/ptolemy/actor/lib/test/auto/MatrixCropFix.xml
2 ms. Memory: 437248K Free: 240996K (55%)
----------------- Invoking toplevel() on ptolemy.moml.MoMLSimpleApplication@5cfb5a05
----------------- Done invoking toplevel() on ptolemy.moml.MoMLSimpleApplication@5cfb5a05
reloadAllAccessors: .MatrixCropFix

===========================================================================================
----------------- testing Sat Jul 20 00:27:59 UTC 2019 /home/travis/build/icyphy/ptII/ptolemy/actor/lib/test/auto/MatrixCropInt.xml
----------------- Instantiating /home/travis/build/icyphy/ptII/ptolemy/actor/lib/test/auto/MatrixCropInt.xml
2 ms. Memory: 437248K Free: 236396K (54%)
----------------- Invoking toplevel() on ptolemy.moml.MoMLSimpleApplication@3636192c
----------------- Done invoking toplevel() on ptolemy.moml.MoMLSimpleApplication@3636192c
reloadAllAccessors: .MatrixCropInt

===========================================================================================
----------------- testing Sat Jul 20 00:27:59 UTC 2019 /home/travis/build/icyphy/ptII/ptolemy/actor/lib/test/auto/MatrixCropLong.xml
----------------- Instantiating /home/travis/build/icyphy/ptII/ptolemy/actor/lib/test/auto/MatrixCropLong.xml
1 ms. Memory: 437248K Free: 231276K (53%)
----------------- Invoking toplevel() on ptolemy.moml.MoMLSimpleApplication@122c3615
----------------- Done invoking toplevel() on ptolemy.moml.MoMLSimpleApplication@122c3615
reloadAllAccessors: .MatrixCropLong

===========================================================================================
----------------- testing Sat Jul 20 00:27:59 UTC 2019 /home/travis/build/icyphy/ptII/ptolemy/actor/lib/test/auto/MatrixToArray.xml
----------------- Instantiating /home/travis/build/icyphy/ptII/ptolemy/actor/lib/test/auto/MatrixToArray.xml
12 ms. Memory: 437248K Free: 215916K (49%)
----------------- Invoking toplevel() on ptolemy.moml.MoMLSimpleApplication@149badc2
----------------- Done invoking toplevel() on ptolemy.moml.MoMLSimpleApplication@149badc2
reloadAllAccessors: .MatrixToArray

===========================================================================================
----------------- testing Sat Jul 20 00:27:59 UTC 2019 /home/travis/build/icyphy/ptII/ptolemy/actor/lib/test/auto/MaxIndex.xml
----------------- Instantiating /home/travis/build/icyphy/ptII/ptolemy/actor/lib/test/auto/MaxIndex.xml
2 ms. Memory: 437248K Free: 210796K (48%)
----------------- Invoking toplevel() on ptolemy.moml.MoMLSimpleApplication@7e11d9f0
----------------- Done invoking toplevel() on ptolemy.moml.MoMLSimpleApplication@7e11d9f0
reloadAllAccessors: .MaxIndex

===========================================================================================
----------------- testing Sat Jul 20 00:27:59 UTC 2019 /home/travis/build/icyphy/ptII/ptolemy/actor/lib/test/auto/Maximum.xml
----------------- Instantiating /home/travis/build/icyphy/ptII/ptolemy/actor/lib/test/auto/Maximum.xml
3 ms. Memory: 437248K Free: 204108K (47%)
----------------- Invoking toplevel() on ptolemy.moml.MoMLSimpleApplication@40f56104
----------------- Done invoking toplevel() on ptolemy.moml.MoMLSimpleApplication@40f56104
reloadAllAccessors: .Maximum

===========================================================================================
----------------- testing Sat Jul 20 00:27:59 UTC 2019 /home/travis/build/icyphy/ptII/ptolemy/actor/lib/test/auto/MaximumComplex.xml
----------------- Instantiating /home/travis/build/icyphy/ptII/ptolemy/actor/lib/test/auto/MaximumComplex.xml
5 ms. Memory: 437248K Free: 197994K (45%)
----------------- Invoking toplevel() on ptolemy.moml.MoMLSimpleApplication@c802a71
----------------- Done invoking toplevel() on ptolemy.moml.MoMLSimpleApplication@c802a71
reloadAllAccessors: .MaximumComplex

===========================================================================================
----------------- testing Sat Jul 20 00:27:59 UTC 2019 /home/travis/build/icyphy/ptII/ptolemy/actor/lib/test/auto/MethodCallTest.xml
----------------- Instantiating /home/travis/build/icyphy/ptII/ptolemy/actor/lib/test/auto/MethodCallTest.xml
3 ms. Memory: 437248K Free: 191340K (44%)
----------------- Invoking toplevel() on ptolemy.moml.MoMLSimpleApplication@48b6c885
----------------- Done invoking toplevel() on ptolemy.moml.MoMLSimpleApplication@48b6c885
reloadAllAccessors: .MethodCallTest

===========================================================================================
----------------- testing Sat Jul 20 00:27:59 UTC 2019 /home/travis/build/icyphy/ptII/ptolemy/actor/lib/test/auto/Minimum.xml
----------------- Instantiating /home/travis/build/icyphy/ptII/ptolemy/actor/lib/test/auto/Minimum.xml
3 ms. Memory: 437248K Free: 185196K (42%)
----------------- Invoking toplevel() on ptolemy.moml.MoMLSimpleApplication@707bff2e
----------------- Done invoking toplevel() on ptolemy.moml.MoMLSimpleApplication@707bff2e
reloadAllAccessors: .Minimum

===========================================================================================
----------------- testing Sat Jul 20 00:27:59 UTC 2019 /home/travis/build/icyphy/ptII/ptolemy/actor/lib/test/auto/MinimumComplex.xml
----------------- Instantiating /home/travis/build/icyphy/ptII/ptolemy/actor/lib/test/auto/MinimumComplex.xml
3 ms. Memory: 437248K Free: 179052K (41%)
----------------- Invoking toplevel() on ptolemy.moml.MoMLSimpleApplication@1e3404f5
----------------- Done invoking toplevel() on ptolemy.moml.MoMLSimpleApplication@1e3404f5
reloadAllAccessors: .MinimumComplex

===========================================================================================
----------------- testing Sat Jul 20 00:27:59 UTC 2019 /home/travis/build/icyphy/ptII/ptolemy/actor/lib/test/auto/MinimumMultiports.xml
----------------- Instantiating /home/travis/build/icyphy/ptII/ptolemy/actor/lib/test/auto/MinimumMultiports.xml
3 ms. Memory: 437248K Free: 170340K (39%)
----------------- Invoking toplevel() on ptolemy.moml.MoMLSimpleApplication@136f5b6e
----------------- Done invoking toplevel() on ptolemy.moml.MoMLSimpleApplication@136f5b6e
reloadAllAccessors: .MinimumMultiports

===========================================================================================
----------------- testing Sat Jul 20 00:27:59 UTC 2019 /home/travis/build/icyphy/ptII/ptolemy/actor/lib/test/auto/ModifyDate.xml
----------------- Instantiating /home/travis/build/icyphy/ptII/ptolemy/actor/lib/test/auto/ModifyDate.xml
9 ms. Memory: 437248K Free: 157548K (36%)
----------------- Invoking toplevel() on ptolemy.moml.MoMLSimpleApplication@13a0d2e2
----------------- Done invoking toplevel() on ptolemy.moml.MoMLSimpleApplication@13a0d2e2
reloadAllAccessors: .ModifyDate

===========================================================================================
----------------- testing Sat Jul 20 00:27:59 UTC 2019 /home/travis/build/icyphy/ptII/ptolemy/actor/lib/test/auto/ModifyDate2.xml
----------------- Instantiating /home/travis/build/icyphy/ptII/ptolemy/actor/lib/test/auto/ModifyDate2.xml
4 ms. Memory: 437248K Free: 148842K (34%)
----------------- Invoking toplevel() on ptolemy.moml.MoMLSimpleApplication@6a43998c
----------------- Done invoking toplevel() on ptolemy.moml.MoMLSimpleApplication@6a43998c
reloadAllAccessors: .ModifyDate2

===========================================================================================
----------------- testing Sat Jul 20 00:27:59 UTC 2019 /home/travis/build/icyphy/ptII/ptolemy/actor/lib/test/auto/MovingAverage.xml
----------------- Instantiating /home/travis/build/icyphy/ptII/ptolemy/actor/lib/test/auto/MovingAverage.xml
2 ms. Memory: 437248K Free: 143722K (33%)
----------------- Invoking toplevel() on ptolemy.moml.MoMLSimpleApplication@7730b3ee
----------------- Done invoking toplevel() on ptolemy.moml.MoMLSimpleApplication@7730b3ee
reloadAllAccessors: .MovingAverage

===========================================================================================
----------------- testing Sat Jul 20 00:27:59 UTC 2019 /home/travis/build/icyphy/ptII/ptolemy/actor/lib/test/auto/MovingMaximum.xml
----------------- Instantiating /home/travis/build/icyphy/ptII/ptolemy/actor/lib/test/auto/MovingMaximum.xml
2 ms. Memory: 437248K Free: 139116K (32%)
----------------- Invoking toplevel() on ptolemy.moml.MoMLSimpleApplication@56f9a76a
----------------- Done invoking toplevel() on ptolemy.moml.MoMLSimpleApplication@56f9a76a
reloadAllAccessors: .MovingMaximum

===========================================================================================
----------------- testing Sat Jul 20 00:27:59 UTC 2019 /home/travis/build/icyphy/ptII/ptolemy/actor/lib/test/auto/MultipleLinksToSameRelation.xml
----------------- Instantiating /home/travis/build/icyphy/ptII/ptolemy/actor/lib/test/auto/MultipleLinksToSameRelation.xml
2 ms. Memory: 437248K Free: 135020K (31%)
----------------- Invoking toplevel() on ptolemy.moml.MoMLSimpleApplication@4b1a6974
----------------- Done invoking toplevel() on ptolemy.moml.MoMLSimpleApplication@4b1a6974
reloadAllAccessors: .MultipleLinksToSameRelation

===========================================================================================
----------------- testing Sat Jul 20 00:27:59 UTC 2019 /home/travis/build/icyphy/ptII/ptolemy/actor/lib/test/auto/MultipleLinksToSameRelationDE.xml
----------------- Instantiating /home/travis/build/icyphy/ptII/ptolemy/actor/lib/test/auto/MultipleLinksToSameRelationDE.xml
1 ms. Memory: 437248K Free: 130380K (30%)
----------------- Invoking toplevel() on ptolemy.moml.MoMLSimpleApplication@6fdb4349
----------------- Done invoking toplevel() on ptolemy.moml.MoMLSimpleApplication@6fdb4349
reloadAllAccessors: .MultipleLinksToSameRelationDE

===========================================================================================
----------------- testing Sat Jul 20 00:27:59 UTC 2019 /home/travis/build/icyphy/ptII/ptolemy/actor/lib/test/auto/Multiplexor.xml
----------------- Instantiating /home/travis/build/icyphy/ptII/ptolemy/actor/lib/test/auto/Multiplexor.xml
2 ms. Memory: 437248K Free: 384064K (88%)
----------------- Invoking toplevel() on ptolemy.moml.MoMLSimpleApplication@ea6881d
----------------- Done invoking toplevel() on ptolemy.moml.MoMLSimpleApplication@ea6881d
reloadAllAccessors: .Multiplexor

===========================================================================================
----------------- testing Sat Jul 20 00:28:00 UTC 2019 /home/travis/build/icyphy/ptII/ptolemy/actor/lib/test/auto/Multiplexor1.xml
----------------- Instantiating /home/travis/build/icyphy/ptII/ptolemy/actor/lib/test/auto/Multiplexor1.xml
2 ms. Memory: 437248K Free: 378400K (87%)
----------------- Invoking toplevel() on ptolemy.moml.MoMLSimpleApplication@5d744bdd
----------------- Done invoking toplevel() on ptolemy.moml.MoMLSimpleApplication@5d744bdd
reloadAllAccessors: .Multiplexor1

===========================================================================================
----------------- testing Sat Jul 20 00:28:00 UTC 2019 /home/travis/build/icyphy/ptII/ptolemy/actor/lib/test/auto/Multiplexor2.xml
----------------- Instantiating /home/travis/build/icyphy/ptII/ptolemy/actor/lib/test/auto/Multiplexor2.xml
3 ms. Memory: 437248K Free: 371774K (85%)
----------------- Invoking toplevel() on ptolemy.moml.MoMLSimpleApplication@6f3197f9
----------------- Done invoking toplevel() on ptolemy.moml.MoMLSimpleApplication@6f3197f9
reloadAllAccessors: .Multiplexor2

===========================================================================================
----------------- testing Sat Jul 20 00:28:00 UTC 2019 /home/travis/build/icyphy/ptII/ptolemy/actor/lib/test/auto/Multiplexor3.xml
----------------- Instantiating /home/travis/build/icyphy/ptII/ptolemy/actor/lib/test/auto/Multiplexor3.xml
3 ms. Memory: 437248K Free: 367680K (84%)
----------------- Invoking toplevel() on ptolemy.moml.MoMLSimpleApplication@31b8edc5
----------------- Done invoking toplevel() on ptolemy.moml.MoMLSimpleApplication@31b8edc5
reloadAllAccessors: .Multiplexor3

===========================================================================================
----------------- testing Sat Jul 20 00:28:00 UTC 2019 /home/travis/build/icyphy/ptII/ptolemy/actor/lib/test/auto/MultiplexorDE.xml
----------------- Instantiating /home/travis/build/icyphy/ptII/ptolemy/actor/lib/test/auto/MultiplexorDE.xml
3 ms. Memory: 437248K Free: 359984K (82%)
----------------- Invoking toplevel() on ptolemy.moml.MoMLSimpleApplication@4389a641
----------------- Done invoking toplevel() on ptolemy.moml.MoMLSimpleApplication@4389a641
reloadAllAccessors: .MultiplexorDE

===========================================================================================
----------------- testing Sat Jul 20 00:28:00 UTC 2019 /home/travis/build/icyphy/ptII/ptolemy/actor/lib/test/auto/MultiportBroadcastTest.xml
----------------- Instantiating /home/travis/build/icyphy/ptII/ptolemy/actor/lib/test/auto/MultiportBroadcastTest.xml
90 ms. Memory: 437248K Free: 353344K (81%)
----------------- Invoking toplevel() on ptolemy.moml.MoMLSimpleApplication@373496c3
----------------- Done invoking toplevel() on ptolemy.moml.MoMLSimpleApplication@373496c3
reloadAllAccessors: .MultiportBroadcastTest

===========================================================================================
----------------- testing Sat Jul 20 00:28:00 UTC 2019 /home/travis/build/icyphy/ptII/ptolemy/actor/lib/test/auto/MultiportOutHangDuringGetWidth.xml
----------------- Instantiating /home/travis/build/icyphy/ptII/ptolemy/actor/lib/test/auto/MultiportOutHangDuringGetWidth.xml
6 ms. Memory: 437248K Free: 341056K (78%)
----------------- Invoking toplevel() on ptolemy.moml.MoMLSimpleApplication@13ea22da
----------------- Done invoking toplevel() on ptolemy.moml.MoMLSimpleApplication@13ea22da
reloadAllAccessors: .MultiportOutHangDuringGetWidth

===========================================================================================
----------------- testing Sat Jul 20 00:28:00 UTC 2019 /home/travis/build/icyphy/ptII/ptolemy/actor/lib/test/auto/NilToken.xml
----------------- Instantiating /home/travis/build/icyphy/ptII/ptolemy/actor/lib/test/auto/NilToken.xml
1 ms. Memory: 437248K Free: 336960K (77%)
----------------- Invoking toplevel() on ptolemy.moml.MoMLSimpleApplication@654fcbdb
----------------- Done invoking toplevel() on ptolemy.moml.MoMLSimpleApplication@654fcbdb
reloadAllAccessors: .NilToken

===========================================================================================
----------------- testing Sat Jul 20 00:28:00 UTC 2019 /home/travis/build/icyphy/ptII/ptolemy/actor/lib/test/auto/NilTokenNonStrictTest.xml
----------------- Instantiating /home/travis/build/icyphy/ptII/ptolemy/actor/lib/test/auto/NilTokenNonStrictTest.xml
2 ms. Memory: 437248K Free: 332350K (76%)
----------------- Invoking toplevel() on ptolemy.moml.MoMLSimpleApplication@4d18b9c7
----------------- Done invoking toplevel() on ptolemy.moml.MoMLSimpleApplication@4d18b9c7
reloadAllAccessors: .NilTokenNonStrictTest

===========================================================================================
----------------- testing Sat Jul 20 00:28:00 UTC 2019 /home/travis/build/icyphy/ptII/ptolemy/actor/lib/test/auto/NilTokenRecord.xml
----------------- Instantiating /home/travis/build/icyphy/ptII/ptolemy/actor/lib/test/auto/NilTokenRecord.xml
6 ms. Memory: 437248K Free: 325182K (74%)
----------------- Invoking toplevel() on ptolemy.moml.MoMLSimpleApplication@379202f5
----------------- Done invoking toplevel() on ptolemy.moml.MoMLSimpleApplication@379202f5
reloadAllAccessors: .NilTokenRecord

===========================================================================================
----------------- testing Sat Jul 20 00:28:00 UTC 2019 /home/travis/build/icyphy/ptII/ptolemy/actor/lib/test/auto/NilTokenTypeTest.xml
----------------- Instantiating /home/travis/build/icyphy/ptII/ptolemy/actor/lib/test/auto/NilTokenTypeTest.xml
14 ms. Memory: 437248K Free: 315456K (72%)
----------------- Invoking toplevel() on ptolemy.moml.MoMLSimpleApplication@3952d887
----------------- Done invoking toplevel() on ptolemy.moml.MoMLSimpleApplication@3952d887
reloadAllAccessors: .NilTokenTypeTest

===========================================================================================
----------------- testing Sat Jul 20 00:28:00 UTC 2019 /home/travis/build/icyphy/ptII/ptolemy/actor/lib/test/auto/ObjectToken1.xml
----------------- Instantiating /home/travis/build/icyphy/ptII/ptolemy/actor/lib/test/auto/ObjectToken1.xml
3 ms. Memory: 437248K Free: 311360K (71%)
----------------- Invoking toplevel() on ptolemy.moml.MoMLSimpleApplication@586fb9f8
----------------- Done invoking toplevel() on ptolemy.moml.MoMLSimpleApplication@586fb9f8
reloadAllAccessors: .ObjectToken1

===========================================================================================
----------------- testing Sat Jul 20 00:28:00 UTC 2019 /home/travis/build/icyphy/ptII/ptolemy/actor/lib/test/auto/OrderedMerge.xml
----------------- Instantiating /home/travis/build/icyphy/ptII/ptolemy/actor/lib/test/auto/OrderedMerge.xml
5 ms. Memory: 437248K Free: 305726K (70%)
----------------- Invoking toplevel() on ptolemy.moml.MoMLSimpleApplication@7d3b740d
----------------- Done invoking toplevel() on ptolemy.moml.MoMLSimpleApplication@7d3b740d
reloadAllAccessors: .OrderedMerge

===========================================================================================
----------------- testing Sat Jul 20 00:28:00 UTC 2019 /home/travis/build/icyphy/ptII/ptolemy/actor/lib/test/auto/OrderedRecordDisassembler.xml
----------------- Instantiating /home/travis/build/icyphy/ptII/ptolemy/actor/lib/test/auto/OrderedRecordDisassembler.xml
3 ms. Memory: 437248K Free: 300576K (69%)
----------------- Invoking toplevel() on ptolemy.moml.MoMLSimpleApplication@1cbce189
----------------- Done invoking toplevel() on ptolemy.moml.MoMLSimpleApplication@1cbce189
reloadAllAccessors: .OrderedRecordDisassembler

===========================================================================================
----------------- testing Sat Jul 20 00:28:00 UTC 2019 /home/travis/build/icyphy/ptII/ptolemy/actor/lib/test/auto/OrderedRecordDisassembler2.xml
----------------- Instantiating /home/travis/build/icyphy/ptII/ptolemy/actor/lib/test/auto/OrderedRecordDisassembler2.xml
4 ms. Memory: 437248K Free: 292928K (67%)
----------------- Invoking toplevel() on ptolemy.moml.MoMLSimpleApplication@1629f4c0
----------------- Done invoking toplevel() on ptolemy.moml.MoMLSimpleApplication@1629f4c0
reloadAllAccessors: .OrderedRecordDisassembler2

===========================================================================================
----------------- testing Sat Jul 20 00:28:00 UTC 2019 /home/travis/build/icyphy/ptII/ptolemy/actor/lib/test/auto/OrderedRecordUpdater.xml
----------------- Instantiating /home/travis/build/icyphy/ptII/ptolemy/actor/lib/test/auto/OrderedRecordUpdater.xml
1 ms. Memory: 437248K Free: 287808K (66%)
----------------- Invoking toplevel() on ptolemy.moml.MoMLSimpleApplication@1efa2b26
----------------- Done invoking toplevel() on ptolemy.moml.MoMLSimpleApplication@1efa2b26
reloadAllAccessors: .RecordUpdater

===========================================================================================
----------------- testing Sat Jul 20 00:28:00 UTC 2019 /home/travis/build/icyphy/ptII/ptolemy/actor/lib/test/auto/OrderedRecordUpdater2.xml
----------------- Instantiating /home/travis/build/icyphy/ptII/ptolemy/actor/lib/test/auto/OrderedRecordUpdater2.xml
3 ms. Memory: 437248K Free: 282688K (65%)
----------------- Invoking toplevel() on ptolemy.moml.MoMLSimpleApplication@43c74c6c
----------------- Done invoking toplevel() on ptolemy.moml.MoMLSimpleApplication@43c74c6c
reloadAllAccessors: .RecordUpdater2

===========================================================================================
----------------- testing Sat Jul 20 00:28:00 UTC 2019 /home/travis/build/icyphy/ptII/ptolemy/actor/lib/test/auto/PhaseUnwrap.xml
----------------- Instantiating /home/travis/build/icyphy/ptII/ptolemy/actor/lib/test/auto/PhaseUnwrap.xml
1 ms. Memory: 437248K Free: 278078K (64%)
----------------- Invoking toplevel() on ptolemy.moml.MoMLSimpleApplication@b9328c7
----------------- Done invoking toplevel() on ptolemy.moml.MoMLSimpleApplication@b9328c7
reloadAllAccessors: .PhaseUnwrap

===========================================================================================
----------------- testing Sat Jul 20 00:28:00 UTC 2019 /home/travis/build/icyphy/ptII/ptolemy/actor/lib/test/auto/PoissonClock.xml
----------------- Instantiating /home/travis/build/icyphy/ptII/ptolemy/actor/lib/test/auto/PoissonClock.xml
1 ms. Memory: 437248K Free: 273982K (63%)
----------------- Invoking toplevel() on ptolemy.moml.MoMLSimpleApplication@278ab6b1
----------------- Done invoking toplevel() on ptolemy.moml.MoMLSimpleApplication@278ab6b1
reloadAllAccessors: .PoissonClock

===========================================================================================
----------------- testing Sat Jul 20 00:28:00 UTC 2019 /home/travis/build/icyphy/ptII/ptolemy/actor/lib/test/auto/PoissonClock2.xml
----------------- Instantiating /home/travis/build/icyphy/ptII/ptolemy/actor/lib/test/auto/PoissonClock2.xml
1 ms. Memory: 437248K Free: 269376K (62%)
----------------- Invoking toplevel() on ptolemy.moml.MoMLSimpleApplication@45d2c7b0
----------------- Done invoking toplevel() on ptolemy.moml.MoMLSimpleApplication@45d2c7b0
reloadAllAccessors: .PoissonClock2

===========================================================================================
----------------- testing Sat Jul 20 00:28:00 UTC 2019 /home/travis/build/icyphy/ptII/ptolemy/actor/lib/test/auto/PoissonClock3.xml
----------------- Instantiating /home/travis/build/icyphy/ptII/ptolemy/actor/lib/test/auto/PoissonClock3.xml
1 ms. Memory: 437248K Free: 264766K (61%)
----------------- Invoking toplevel() on ptolemy.moml.MoMLSimpleApplication@5240bdbc
----------------- Done invoking toplevel() on ptolemy.moml.MoMLSimpleApplication@5240bdbc
reloadAllAccessors: .PoissonClock3

===========================================================================================
----------------- testing Sat Jul 20 00:28:00 UTC 2019 /home/travis/build/icyphy/ptII/ptolemy/actor/lib/test/auto/PubSubWithInitialTokens.xml
----------------- Instantiating /home/travis/build/icyphy/ptII/ptolemy/actor/lib/test/auto/PubSubWithInitialTokens.xml
2 ms. Memory: 437248K Free: 259136K (59%)
----------------- Invoking toplevel() on ptolemy.moml.MoMLSimpleApplication@44812b0
----------------- Done invoking toplevel() on ptolemy.moml.MoMLSimpleApplication@44812b0
reloadAllAccessors: .PubSubWithInitialTokens

===========================================================================================
----------------- testing Sat Jul 20 00:28:00 UTC 2019 /home/travis/build/icyphy/ptII/ptolemy/actor/lib/test/auto/PubSubWithInitialTokens2.xml
----------------- Instantiating /home/travis/build/icyphy/ptII/ptolemy/actor/lib/test/auto/PubSubWithInitialTokens2.xml
3 ms. Memory: 437248K Free: 252472K (58%)
----------------- Invoking toplevel() on ptolemy.moml.MoMLSimpleApplication@15f3701b
----------------- Done invoking toplevel() on ptolemy.moml.MoMLSimpleApplication@15f3701b
reloadAllAccessors: .PubSubWithInitialTokens2

===========================================================================================
----------------- testing Sat Jul 20 00:28:00 UTC 2019 /home/travis/build/icyphy/ptII/ptolemy/actor/lib/test/auto/PublisherClassNoParameter.xml
----------------- Instantiating /home/travis/build/icyphy/ptII/ptolemy/actor/lib/test/auto/PublisherClassNoParameter.xml
2 ms. Memory: 437248K Free: 242752K (56%)
----------------- Invoking toplevel() on ptolemy.moml.MoMLSimpleApplication@636b73d1
----------------- Done invoking toplevel() on ptolemy.moml.MoMLSimpleApplication@636b73d1
reloadAllAccessors: .PublisherClassNoParameter

===========================================================================================
----------------- testing Sat Jul 20 00:28:00 UTC 2019 /home/travis/build/icyphy/ptII/ptolemy/actor/lib/test/auto/PublisherClassParameter.xml
----------------- Instantiating /home/travis/build/icyphy/ptII/ptolemy/actor/lib/test/auto/PublisherClassParameter.xml
2 ms. Memory: 437248K Free: 232512K (53%)
----------------- Invoking toplevel() on ptolemy.moml.MoMLSimpleApplication@95656a7
----------------- Done invoking toplevel() on ptolemy.moml.MoMLSimpleApplication@95656a7
reloadAllAccessors: .PublisherClassParameter

===========================================================================================
----------------- testing Sat Jul 20 00:28:00 UTC 2019 /home/travis/build/icyphy/ptII/ptolemy/actor/lib/test/auto/PublisherNonStrictTest.xml
----------------- Instantiating /home/travis/build/icyphy/ptII/ptolemy/actor/lib/test/auto/PublisherNonStrictTest.xml
3 ms. Memory: 437248K Free: 224824K (51%)
----------------- Invoking toplevel() on ptolemy.moml.MoMLSimpleApplication@9013e48
----------------- Done invoking toplevel() on ptolemy.moml.MoMLSimpleApplication@9013e48
reloadAllAccessors: .PublisherNonStrictTest

===========================================================================================
----------------- testing Sat Jul 20 00:28:00 UTC 2019 /home/travis/build/icyphy/ptII/ptolemy/actor/lib/test/auto/PublisherPort1.xml
----------------- Instantiating /home/travis/build/icyphy/ptII/ptolemy/actor/lib/test/auto/PublisherPort1.xml
14 ms. Memory: 437248K Free: 219200K (50%)
----------------- Invoking toplevel() on ptolemy.moml.MoMLSimpleApplication@128e7a3f
----------------- Done invoking toplevel() on ptolemy.moml.MoMLSimpleApplication@128e7a3f
reloadAllAccessors: .PublisherPort1

===========================================================================================
----------------- testing Sat Jul 20 00:28:00 UTC 2019 /home/travis/build/icyphy/ptII/ptolemy/actor/lib/test/auto/PublisherPort2.xml
----------------- Instantiating /home/travis/build/icyphy/ptII/ptolemy/actor/lib/test/auto/PublisherPort2.xml
2 ms. Memory: 437248K Free: 214080K (49%)
----------------- Invoking toplevel() on ptolemy.moml.MoMLSimpleApplication@7b393c63
----------------- Done invoking toplevel() on ptolemy.moml.MoMLSimpleApplication@7b393c63
reloadAllAccessors: .PublisherPort2

===========================================================================================
----------------- testing Sat Jul 20 00:28:00 UTC 2019 /home/travis/build/icyphy/ptII/ptolemy/actor/lib/test/auto/PublisherPort3.xml
----------------- Instantiating /home/travis/build/icyphy/ptII/ptolemy/actor/lib/test/auto/PublisherPort3.xml
3 ms. Memory: 437248K Free: 207392K (47%)
----------------- Invoking toplevel() on ptolemy.moml.MoMLSimpleApplication@7fed9c64
----------------- Done invoking toplevel() on ptolemy.moml.MoMLSimpleApplication@7fed9c64
reloadAllAccessors: .PublisherPort3

===========================================================================================
----------------- testing Sat Jul 20 00:28:00 UTC 2019 /home/travis/build/icyphy/ptII/ptolemy/actor/lib/test/auto/PublisherPort4.xml
----------------- Instantiating /home/travis/build/icyphy/ptII/ptolemy/actor/lib/test/auto/PublisherPort4.xml
3 ms. Memory: 437248K Free: 201792K (46%)
----------------- Invoking toplevel() on ptolemy.moml.MoMLSimpleApplication@38306709
----------------- Done invoking toplevel() on ptolemy.moml.MoMLSimpleApplication@38306709
reloadAllAccessors: .PublisherPort4

===========================================================================================
----------------- testing Sat Jul 20 00:28:00 UTC 2019 /home/travis/build/icyphy/ptII/ptolemy/actor/lib/test/auto/PublisherPort5.xml
----------------- Instantiating /home/travis/build/icyphy/ptII/ptolemy/actor/lib/test/auto/PublisherPort5.xml
5 ms. Memory: 437248K Free: 194110K (44%)
----------------- Invoking toplevel() on ptolemy.moml.MoMLSimpleApplication@5b4e47d4
----------------- Done invoking toplevel() on ptolemy.moml.MoMLSimpleApplication@5b4e47d4
reloadAllAccessors: .PublisherPort5

===========================================================================================
----------------- testing Sat Jul 20 00:28:00 UTC 2019 /home/travis/build/icyphy/ptII/ptolemy/actor/lib/test/auto/PublisherPort5LookAlike.xml
----------------- Instantiating /home/travis/build/icyphy/ptII/ptolemy/actor/lib/test/auto/PublisherPort5LookAlike.xml
7 ms. Memory: 437248K Free: 185918K (43%)
----------------- Invoking toplevel() on ptolemy.moml.MoMLSimpleApplication@6c92afb
----------------- Done invoking toplevel() on ptolemy.moml.MoMLSimpleApplication@6c92afb
reloadAllAccessors: .PublisherPort5LookAlike

===========================================================================================
----------------- testing Sat Jul 20 00:28:00 UTC 2019 /home/travis/build/icyphy/ptII/ptolemy/actor/lib/test/auto/PublisherPort6.xml
----------------- Instantiating /home/travis/build/icyphy/ptII/ptolemy/actor/lib/test/auto/PublisherPort6.xml
3 ms. Memory: 437248K Free: 179264K (41%)
----------------- Invoking toplevel() on ptolemy.moml.MoMLSimpleApplication@3ef88ba
----------------- Done invoking toplevel() on ptolemy.moml.MoMLSimpleApplication@3ef88ba
reloadAllAccessors: .PublisherPort6

===========================================================================================
----------------- testing Sat Jul 20 00:28:00 UTC 2019 /home/travis/build/icyphy/ptII/ptolemy/actor/lib/test/auto/PublisherPort7.xml
----------------- Instantiating /home/travis/build/icyphy/ptII/ptolemy/actor/lib/test/auto/PublisherPort7.xml
3 ms. Memory: 437248K Free: 171582K (39%)
----------------- Invoking toplevel() on ptolemy.moml.MoMLSimpleApplication@694f2462
----------------- Done invoking toplevel() on ptolemy.moml.MoMLSimpleApplication@694f2462
reloadAllAccessors: .PublisherPort7

===========================================================================================
----------------- testing Sat Jul 20 00:28:00 UTC 2019 /home/travis/build/icyphy/ptII/ptolemy/actor/lib/test/auto/PublisherPort8.xml
----------------- Instantiating /home/travis/build/icyphy/ptII/ptolemy/actor/lib/test/auto/PublisherPort8.xml
15 ms. Memory: 437248K Free: 162880K (37%)
----------------- Invoking toplevel() on ptolemy.moml.MoMLSimpleApplication@18a0a0ad
----------------- Done invoking toplevel() on ptolemy.moml.MoMLSimpleApplication@18a0a0ad
reloadAllAccessors: .PublisherPort8

===========================================================================================
----------------- testing Sat Jul 20 00:28:00 UTC 2019 /home/travis/build/icyphy/ptII/ptolemy/actor/lib/test/auto/PublisherPortSubscriberChannelVariablesAOC2.xml
----------------- Instantiating /home/travis/build/icyphy/ptII/ptolemy/actor/lib/test/auto/PublisherPortSubscriberChannelVariablesAOC2.xml
3 ms. Memory: 437248K Free: 144958K (33%)
----------------- Invoking toplevel() on ptolemy.moml.MoMLSimpleApplication@2451c6e9
----------------- Done invoking toplevel() on ptolemy.moml.MoMLSimpleApplication@2451c6e9
reloadAllAccessors: .PublisherPortSubscriberChannelVariablesAOC2

===========================================================================================
----------------- testing Sat Jul 20 00:28:00 UTC 2019 /home/travis/build/icyphy/ptII/ptolemy/actor/lib/test/auto/PublisherPortSubscriberOpaqueWidthInference.xml
----------------- Instantiating /home/travis/build/icyphy/ptII/ptolemy/actor/lib/test/auto/PublisherPortSubscriberOpaqueWidthInference.xml
3 ms. Memory: 437248K Free: 137280K (31%)
----------------- Invoking toplevel() on ptolemy.moml.MoMLSimpleApplication@5f216887
----------------- Done invoking toplevel() on ptolemy.moml.MoMLSimpleApplication@5f216887
reloadAllAccessors: .PublisherPortSubscriberOpaqueWidthInference

===========================================================================================
----------------- testing Sat Jul 20 00:28:00 UTC 2019 /home/travis/build/icyphy/ptII/ptolemy/actor/lib/test/auto/PublisherPortSubscriberPortAdjacent.xml
----------------- Instantiating /home/travis/build/icyphy/ptII/ptolemy/actor/lib/test/auto/PublisherPortSubscriberPortAdjacent.xml
1 ms. Memory: 437248K Free: 129088K (30%)
----------------- Invoking toplevel() on ptolemy.moml.MoMLSimpleApplication@6a32b55d
----------------- Done invoking toplevel() on ptolemy.moml.MoMLSimpleApplication@6a32b55d
reloadAllAccessors: .PublisherPortSubscriberPortAdjacent

===========================================================================================
----------------- testing Sat Jul 20 00:28:00 UTC 2019 /home/travis/build/icyphy/ptII/ptolemy/actor/lib/test/auto/PublisherPortSubscriberPortExpression.xml
----------------- Instantiating /home/travis/build/icyphy/ptII/ptolemy/actor/lib/test/auto/PublisherPortSubscriberPortExpression.xml
8 ms. Memory: 437248K Free: 381147K (87%)
----------------- Invoking toplevel() on ptolemy.moml.MoMLSimpleApplication@3892cd8a
----------------- Done invoking toplevel() on ptolemy.moml.MoMLSimpleApplication@3892cd8a
reloadAllAccessors: .PublisherPortSubscriberPortExpression

===========================================================================================
----------------- testing Sat Jul 20 00:28:00 UTC 2019 /home/travis/build/icyphy/ptII/ptolemy/actor/lib/test/auto/PublisherPortSubscriberPortOpaqueD3Reverse.xml
----------------- Instantiating /home/travis/build/icyphy/ptII/ptolemy/actor/lib/test/auto/PublisherPortSubscriberPortOpaqueD3Reverse.xml
6 ms. Memory: 437248K Free: 370403K (85%)
----------------- Invoking toplevel() on ptolemy.moml.MoMLSimpleApplication@6336cc83
----------------- Done invoking toplevel() on ptolemy.moml.MoMLSimpleApplication@6336cc83
reloadAllAccessors: .PublisherPortSubscriberPortOpaqueD3Reverse

===========================================================================================
----------------- testing Sat Jul 20 00:28:01 UTC 2019 /home/travis/build/icyphy/ptII/ptolemy/actor/lib/test/auto/PublisherPortSubscriberPortOpaqueWidthInference.xml
----------------- Instantiating /home/travis/build/icyphy/ptII/ptolemy/actor/lib/test/auto/PublisherPortSubscriberPortOpaqueWidthInference.xml
6 ms. Memory: 437248K Free: 362707K (83%)
----------------- Invoking toplevel() on ptolemy.moml.MoMLSimpleApplication@2db82ce6
----------------- Done invoking toplevel() on ptolemy.moml.MoMLSimpleApplication@2db82ce6
reloadAllAccessors: .PublisherPortSubscriberPortOpaqueWidthInference

===========================================================================================
----------------- testing Sat Jul 20 00:28:01 UTC 2019 /home/travis/build/icyphy/ptII/ptolemy/actor/lib/test/auto/PublisherPortToplevelSubscriberPortAOC.xml
----------------- Instantiating /home/travis/build/icyphy/ptII/ptolemy/actor/lib/test/auto/PublisherPortToplevelSubscriberPortAOC.xml
.PublisherPortToplevelSubscriberPortAOC.TestExceptionAttribute: initialize() was not invoked, but wrapup() was.  This is unusual, but not always a problem.  For example, exporting JNLP will do this.
1 ms. Memory: 437248K Free: 357091K (82%)
----------------- Invoking toplevel() on ptolemy.moml.MoMLSimpleApplication@675f3f4a
----------------- Done invoking toplevel() on ptolemy.moml.MoMLSimpleApplication@675f3f4a
reloadAllAccessors: .PublisherPortToplevelSubscriberPortAOC

===========================================================================================
----------------- testing Sat Jul 20 00:28:01 UTC 2019 /home/travis/build/icyphy/ptII/ptolemy/actor/lib/test/auto/PublisherSubscriber.xml
----------------- Instantiating /home/travis/build/icyphy/ptII/ptolemy/actor/lib/test/auto/PublisherSubscriber.xml
3 ms. Memory: 437248K Free: 349379K (80%)
----------------- Invoking toplevel() on ptolemy.moml.MoMLSimpleApplication@677f249f
----------------- Done invoking toplevel() on ptolemy.moml.MoMLSimpleApplication@677f249f
reloadAllAccessors: .PublisherSubscriber

===========================================================================================
----------------- testing Sat Jul 20 00:28:01 UTC 2019 /home/travis/build/icyphy/ptII/ptolemy/actor/lib/test/auto/PublisherSubscriber10.xml
----------------- Instantiating /home/travis/build/icyphy/ptII/ptolemy/actor/lib/test/auto/PublisherSubscriber10.xml
7 ms. Memory: 437248K Free: 339683K (78%)
----------------- Invoking toplevel() on ptolemy.moml.MoMLSimpleApplication@3a52f05b
----------------- Done invoking toplevel() on ptolemy.moml.MoMLSimpleApplication@3a52f05b
reloadAllAccessors: .PublisherSubscriber10

===========================================================================================
----------------- testing Sat Jul 20 00:28:01 UTC 2019 /home/travis/build/icyphy/ptII/ptolemy/actor/lib/test/auto/PublisherSubscriber10InitialOutputs.xml
----------------- Instantiating /home/travis/build/icyphy/ptII/ptolemy/actor/lib/test/auto/PublisherSubscriber10InitialOutputs.xml
12 ms. Memory: 437248K Free: 330467K (76%)
----------------- Invoking toplevel() on ptolemy.moml.MoMLSimpleApplication@2d68809f
----------------- Done invoking toplevel() on ptolemy.moml.MoMLSimpleApplication@2d68809f
reloadAllAccessors: .PublisherSubscriber10InitialOutputs

===========================================================================================
----------------- testing Sat Jul 20 00:28:01 UTC 2019 /home/travis/build/icyphy/ptII/ptolemy/actor/lib/test/auto/PublisherSubscriber11.xml
----------------- Instantiating /home/travis/build/icyphy/ptII/ptolemy/actor/lib/test/auto/PublisherSubscriber11.xml
3 ms. Memory: 437248K Free: 324323K (74%)
----------------- Invoking toplevel() on ptolemy.moml.MoMLSimpleApplication@34f59ab9
----------------- Done invoking toplevel() on ptolemy.moml.MoMLSimpleApplication@34f59ab9
reloadAllAccessors: .PublisherSubscriber11

===========================================================================================
----------------- testing Sat Jul 20 00:28:01 UTC 2019 /home/travis/build/icyphy/ptII/ptolemy/actor/lib/test/auto/PublisherSubscriber12.xml
----------------- Instantiating /home/travis/build/icyphy/ptII/ptolemy/actor/lib/test/auto/PublisherSubscriber12.xml
6 ms. Memory: 437248K Free: 317155K (73%)
----------------- Invoking toplevel() on ptolemy.moml.MoMLSimpleApplication@7bf87d11
----------------- Done invoking toplevel() on ptolemy.moml.MoMLSimpleApplication@7bf87d11
reloadAllAccessors: .PublisherSubscriber12

===========================================================================================
----------------- testing Sat Jul 20 00:28:01 UTC 2019 /home/travis/build/icyphy/ptII/ptolemy/actor/lib/test/auto/PublisherSubscriber13.xml
----------------- Instantiating /home/travis/build/icyphy/ptII/ptolemy/actor/lib/test/auto/PublisherSubscriber13.xml
2 ms. Memory: 437248K Free: 311491K (71%)
----------------- Invoking toplevel() on ptolemy.moml.MoMLSimpleApplication@369710fa
----------------- Done invoking toplevel() on ptolemy.moml.MoMLSimpleApplication@369710fa
reloadAllAccessors: .PublisherSubscriber13

===========================================================================================
----------------- testing Sat Jul 20 00:28:01 UTC 2019 /home/travis/build/icyphy/ptII/ptolemy/actor/lib/test/auto/PublisherSubscriber14.xml
----------------- Instantiating /home/travis/build/icyphy/ptII/ptolemy/actor/lib/test/auto/PublisherSubscriber14.xml
2 ms. Memory: 437248K Free: 302819K (69%)
----------------- Invoking toplevel() on ptolemy.moml.MoMLSimpleApplication@1c9eaae6
----------------- Done invoking toplevel() on ptolemy.moml.MoMLSimpleApplication@1c9eaae6
reloadAllAccessors: .PublisherSubscriber14

===========================================================================================
----------------- testing Sat Jul 20 00:28:01 UTC 2019 /home/travis/build/icyphy/ptII/ptolemy/actor/lib/test/auto/PublisherSubscriber2.xml
----------------- Instantiating /home/travis/build/icyphy/ptII/ptolemy/actor/lib/test/auto/PublisherSubscriber2.xml
3 ms. Memory: 437248K Free: 297185K (68%)
----------------- Invoking toplevel() on ptolemy.moml.MoMLSimpleApplication@43ba950d
----------------- Done invoking toplevel() on ptolemy.moml.MoMLSimpleApplication@43ba950d
reloadAllAccessors: .PublisherSubscriber2

===========================================================================================
----------------- testing Sat Jul 20 00:28:01 UTC 2019 /home/travis/build/icyphy/ptII/ptolemy/actor/lib/test/auto/PublisherSubscriber3.xml
----------------- Instantiating /home/travis/build/icyphy/ptII/ptolemy/actor/lib/test/auto/PublisherSubscriber3.xml
2 ms. Memory: 437248K Free: 291555K (67%)
----------------- Invoking toplevel() on ptolemy.moml.MoMLSimpleApplication@4ee595d1
----------------- Done invoking toplevel() on ptolemy.moml.MoMLSimpleApplication@4ee595d1
reloadAllAccessors: .PublisherSubscriber3

===========================================================================================
----------------- testing Sat Jul 20 00:28:01 UTC 2019 /home/travis/build/icyphy/ptII/ptolemy/actor/lib/test/auto/PublisherSubscriber4.xml
----------------- Instantiating /home/travis/build/icyphy/ptII/ptolemy/actor/lib/test/auto/PublisherSubscriber4.xml
2 ms. Memory: 437248K Free: 286435K (66%)
----------------- Invoking toplevel() on ptolemy.moml.MoMLSimpleApplication@50265cec
----------------- Done invoking toplevel() on ptolemy.moml.MoMLSimpleApplication@50265cec
reloadAllAccessors: .PublisherSubscriber4

===========================================================================================
----------------- testing Sat Jul 20 00:28:01 UTC 2019 /home/travis/build/icyphy/ptII/ptolemy/actor/lib/test/auto/PublisherSubscriber5.xml
----------------- Instantiating /home/travis/build/icyphy/ptII/ptolemy/actor/lib/test/auto/PublisherSubscriber5.xml
2 ms. Memory: 437248K Free: 279267K (64%)
----------------- Invoking toplevel() on ptolemy.moml.MoMLSimpleApplication@5919246f
----------------- Done invoking toplevel() on ptolemy.moml.MoMLSimpleApplication@5919246f
reloadAllAccessors: .PublisherSubscriber5

===========================================================================================
----------------- testing Sat Jul 20 00:28:01 UTC 2019 /home/travis/build/icyphy/ptII/ptolemy/actor/lib/test/auto/PublisherSubscriber6.xml
----------------- Instantiating /home/travis/build/icyphy/ptII/ptolemy/actor/lib/test/auto/PublisherSubscriber6.xml
5 ms. Memory: 437248K Free: 272595K (62%)
----------------- Invoking toplevel() on ptolemy.moml.MoMLSimpleApplication@3b1d8d97
----------------- Done invoking toplevel() on ptolemy.moml.MoMLSimpleApplication@3b1d8d97
reloadAllAccessors: .PublisherSubscriber6

===========================================================================================
----------------- testing Sat Jul 20 00:28:01 UTC 2019 /home/travis/build/icyphy/ptII/ptolemy/actor/lib/test/auto/PublisherSubscriber7.xml
----------------- Instantiating /home/travis/build/icyphy/ptII/ptolemy/actor/lib/test/auto/PublisherSubscriber7.xml
7 ms. Memory: 437248K Free: 265427K (61%)
----------------- Invoking toplevel() on ptolemy.moml.MoMLSimpleApplication@78aed6cb
----------------- Done invoking toplevel() on ptolemy.moml.MoMLSimpleApplication@78aed6cb
reloadAllAccessors: .PublisherSubscriber7

===========================================================================================
----------------- testing Sat Jul 20 00:28:01 UTC 2019 /home/travis/build/icyphy/ptII/ptolemy/actor/lib/test/auto/PublisherSubscriber8.xml
----------------- Instantiating /home/travis/build/icyphy/ptII/ptolemy/actor/lib/test/auto/PublisherSubscriber8.xml
27 ms. Memory: 437248K Free: 253667K (58%)
----------------- Invoking toplevel() on ptolemy.moml.MoMLSimpleApplication@49b160c8
----------------- Done invoking toplevel() on ptolemy.moml.MoMLSimpleApplication@49b160c8
reloadAllAccessors: .PublisherSubscriber8

===========================================================================================
----------------- testing Sat Jul 20 00:28:01 UTC 2019 /home/travis/build/icyphy/ptII/ptolemy/actor/lib/test/auto/PublisherSubscriber9.xml
----------------- Instantiating /home/travis/build/icyphy/ptII/ptolemy/actor/lib/test/auto/PublisherSubscriber9.xml
5 ms. Memory: 437248K Free: 246499K (56%)
----------------- Invoking toplevel() on ptolemy.moml.MoMLSimpleApplication@2d3e3cbe
----------------- Done invoking toplevel() on ptolemy.moml.MoMLSimpleApplication@2d3e3cbe
reloadAllAccessors: .PublisherSubscriber9

===========================================================================================
----------------- testing Sat Jul 20 00:28:01 UTC 2019 /home/travis/build/icyphy/ptII/ptolemy/actor/lib/test/auto/PublisherSubscriberAdjacent.xml
----------------- Instantiating /home/travis/build/icyphy/ptII/ptolemy/actor/lib/test/auto/PublisherSubscriberAdjacent.xml
2 ms. Memory: 437248K Free: 237283K (54%)
----------------- Invoking toplevel() on ptolemy.moml.MoMLSimpleApplication@2798e2a8
----------------- Done invoking toplevel() on ptolemy.moml.MoMLSimpleApplication@2798e2a8
reloadAllAccessors: .PublisherSubscriberAdjacent

===========================================================================================
----------------- testing Sat Jul 20 00:28:01 UTC 2019 /home/travis/build/icyphy/ptII/ptolemy/actor/lib/test/auto/PublisherSubscriberChannelVariablesAOC2.xml
----------------- Instantiating /home/travis/build/icyphy/ptII/ptolemy/actor/lib/test/auto/PublisherSubscriberChannelVariablesAOC2.xml
3 ms. Memory: 437248K Free: 221923K (51%)
----------------- Invoking toplevel() on ptolemy.moml.MoMLSimpleApplication@27e89656
----------------- Done invoking toplevel() on ptolemy.moml.MoMLSimpleApplication@27e89656
reloadAllAccessors: .PublisherSubscriberChannelVariablesAOC2

===========================================================================================
----------------- testing Sat Jul 20 00:28:01 UTC 2019 /home/travis/build/icyphy/ptII/ptolemy/actor/lib/test/auto/PublisherSubscriberD3.xml
----------------- Instantiating /home/travis/build/icyphy/ptII/ptolemy/actor/lib/test/auto/PublisherSubscriberD3.xml
1 ms. Memory: 437248K Free: 214755K (49%)
----------------- Invoking toplevel() on ptolemy.moml.MoMLSimpleApplication@4c08e587
----------------- Done invoking toplevel() on ptolemy.moml.MoMLSimpleApplication@4c08e587
reloadAllAccessors: .PublisherSubscriberD3

===========================================================================================
----------------- testing Sat Jul 20 00:28:01 UTC 2019 /home/travis/build/icyphy/ptII/ptolemy/actor/lib/test/auto/PublisherSubscriberD3Reverse.xml
----------------- Instantiating /home/travis/build/icyphy/ptII/ptolemy/actor/lib/test/auto/PublisherSubscriberD3Reverse.xml
2 ms. Memory: 437248K Free: 208611K (48%)
----------------- Invoking toplevel() on ptolemy.moml.MoMLSimpleApplication@6a2233ef
----------------- Done invoking toplevel() on ptolemy.moml.MoMLSimpleApplication@6a2233ef
reloadAllAccessors: .PublisherSubscriberD3Reverse

===========================================================================================
----------------- testing Sat Jul 20 00:28:01 UTC 2019 /home/travis/build/icyphy/ptII/ptolemy/actor/lib/test/auto/PublisherSubscriberExpression.xml
----------------- Instantiating /home/travis/build/icyphy/ptII/ptolemy/actor/lib/test/auto/PublisherSubscriberExpression.xml
3 ms. Memory: 437248K Free: 199891K (46%)
----------------- Invoking toplevel() on ptolemy.moml.MoMLSimpleApplication@49a224df
----------------- Done invoking toplevel() on ptolemy.moml.MoMLSimpleApplication@49a224df
reloadAllAccessors: .PublisherSubscriberExpression

===========================================================================================
----------------- testing Sat Jul 20 00:28:01 UTC 2019 /home/travis/build/icyphy/ptII/ptolemy/actor/lib/test/auto/PublisherSubscriberOpaque.xml
----------------- Instantiating /home/travis/build/icyphy/ptII/ptolemy/actor/lib/test/auto/PublisherSubscriberOpaque.xml
4 ms. Memory: 437248K Free: 191203K (44%)
----------------- Invoking toplevel() on ptolemy.moml.MoMLSimpleApplication@14efcbce
----------------- Done invoking toplevel() on ptolemy.moml.MoMLSimpleApplication@14efcbce
reloadAllAccessors: .PublisherSubscriberOpaque

===========================================================================================
----------------- testing Sat Jul 20 00:28:01 UTC 2019 /home/travis/build/icyphy/ptII/ptolemy/actor/lib/test/auto/PublisherSubscriberOpaqueD3.xml
----------------- Instantiating /home/travis/build/icyphy/ptII/ptolemy/actor/lib/test/auto/PublisherSubscriberOpaqueD3.xml
5 ms. Memory: 437248K Free: 179425K (41%)
----------------- Invoking toplevel() on ptolemy.moml.MoMLSimpleApplication@141ca76a
----------------- Done invoking toplevel() on ptolemy.moml.MoMLSimpleApplication@141ca76a
reloadAllAccessors: .PublisherSubscriberOpaqueD3

===========================================================================================
----------------- testing Sat Jul 20 00:28:01 UTC 2019 /home/travis/build/icyphy/ptII/ptolemy/actor/lib/test/auto/PublisherSubscriberOpaqueD3Reverse.xml
----------------- Instantiating /home/travis/build/icyphy/ptII/ptolemy/actor/lib/test/auto/PublisherSubscriberOpaqueD3Reverse.xml
8 ms. Memory: 437248K Free: 168675K (39%)
----------------- Invoking toplevel() on ptolemy.moml.MoMLSimpleApplication@11878596
----------------- Done invoking toplevel() on ptolemy.moml.MoMLSimpleApplication@11878596
reloadAllAccessors: .PublisherSubscriberOpaqueD3Reverse

===========================================================================================
----------------- testing Sat Jul 20 00:28:01 UTC 2019 /home/travis/build/icyphy/ptII/ptolemy/actor/lib/test/auto/PublisherSubscriberOpaqueWidthInference.xml
----------------- Instantiating /home/travis/build/icyphy/ptII/ptolemy/actor/lib/test/auto/PublisherSubscriberOpaqueWidthInference.xml
3 ms. Memory: 437248K Free: 160483K (37%)
----------------- Invoking toplevel() on ptolemy.moml.MoMLSimpleApplication@2b7cdf92
----------------- Done invoking toplevel() on ptolemy.moml.MoMLSimpleApplication@2b7cdf92
reloadAllAccessors: .PublisherSubscriberOpaqueWidthInference

===========================================================================================
----------------- testing Sat Jul 20 00:28:01 UTC 2019 /home/travis/build/icyphy/ptII/ptolemy/actor/lib/test/auto/PublisherTestSubscriber.xml
----------------- Instantiating /home/travis/build/icyphy/ptII/ptolemy/actor/lib/test/auto/PublisherTestSubscriber.xml
3 ms. Memory: 437248K Free: 152795K (35%)
----------------- Invoking toplevel() on ptolemy.moml.MoMLSimpleApplication@15f5c954
----------------- Done invoking toplevel() on ptolemy.moml.MoMLSimpleApplication@15f5c954
reloadAllAccessors: .PublisherTestSubscriber

===========================================================================================
----------------- testing Sat Jul 20 00:28:01 UTC 2019 /home/travis/build/icyphy/ptII/ptolemy/actor/lib/test/auto/PublisherToplevelSubscriberPortAOC.xml
----------------- Instantiating /home/travis/build/icyphy/ptII/ptolemy/actor/lib/test/auto/PublisherToplevelSubscriberPortAOC.xml
2 ms. Memory: 437248K Free: 146147K (33%)
----------------- Invoking toplevel() on ptolemy.moml.MoMLSimpleApplication@66193bb4
----------------- Done invoking toplevel() on ptolemy.moml.MoMLSimpleApplication@66193bb4
reloadAllAccessors: .PublisherToplevelSubscriberPortAOC

===========================================================================================
----------------- testing Sat Jul 20 00:28:01 UTC 2019 /home/travis/build/icyphy/ptII/ptolemy/actor/lib/test/auto/PulseFiringLimitDE.xml
----------------- Instantiating /home/travis/build/icyphy/ptII/ptolemy/actor/lib/test/auto/PulseFiringLimitDE.xml
2 ms. Memory: 437248K Free: 140003K (32%)
----------------- Invoking toplevel() on ptolemy.moml.MoMLSimpleApplication@650c5721
----------------- Done invoking toplevel() on ptolemy.moml.MoMLSimpleApplication@650c5721
reloadAllAccessors: .PulseFiringLimitDE

===========================================================================================
----------------- testing Sat Jul 20 00:28:01 UTC 2019 /home/travis/build/icyphy/ptII/ptolemy/actor/lib/test/auto/Ramp1.xml
----------------- Instantiating /home/travis/build/icyphy/ptII/ptolemy/actor/lib/test/auto/Ramp1.xml
1 ms. Memory: 437248K Free: 135907K (31%)
----------------- Invoking toplevel() on ptolemy.moml.MoMLSimpleApplication@4360f321
----------------- Done invoking toplevel() on ptolemy.moml.MoMLSimpleApplication@4360f321
reloadAllAccessors: .Ramp1

===========================================================================================
----------------- testing Sat Jul 20 00:28:01 UTC 2019 /home/travis/build/icyphy/ptII/ptolemy/actor/lib/test/auto/RampFiringLimitDE.xml
----------------- Instantiating /home/travis/build/icyphy/ptII/ptolemy/actor/lib/test/auto/RampFiringLimitDE.xml
3 ms. Memory: 437248K Free: 129763K (30%)
----------------- Invoking toplevel() on ptolemy.moml.MoMLSimpleApplication@38b1fde5
----------------- Done invoking toplevel() on ptolemy.moml.MoMLSimpleApplication@38b1fde5
reloadAllAccessors: .RampFiringLimitDE

===========================================================================================
----------------- testing Sat Jul 20 00:28:01 UTC 2019 /home/travis/build/icyphy/ptII/ptolemy/actor/lib/test/auto/RampFiringLimitSDF.xml
----------------- Instantiating /home/travis/build/icyphy/ptII/ptolemy/actor/lib/test/auto/RampFiringLimitSDF.xml
2 ms. Memory: 437248K Free: 383312K (88%)
----------------- Invoking toplevel() on ptolemy.moml.MoMLSimpleApplication@409ddc14
----------------- Done invoking toplevel() on ptolemy.moml.MoMLSimpleApplication@409ddc14
reloadAllAccessors: .RampFiringLimitSDF

===========================================================================================
----------------- testing Sat Jul 20 00:28:01 UTC 2019 /home/travis/build/icyphy/ptII/ptolemy/actor/lib/test/auto/RandomInteger.xml
----------------- Instantiating /home/travis/build/icyphy/ptII/ptolemy/actor/lib/test/auto/RandomInteger.xml
2 ms. Memory: 437248K Free: 379230K (87%)
----------------- Invoking toplevel() on ptolemy.moml.MoMLSimpleApplication@8178a86
----------------- Done invoking toplevel() on ptolemy.moml.MoMLSimpleApplication@8178a86
reloadAllAccessors: .RandomInteger

===========================================================================================
----------------- testing Sat Jul 20 00:28:01 UTC 2019 /home/travis/build/icyphy/ptII/ptolemy/actor/lib/test/auto/ReadFile1.xml
----------------- Instantiating /home/travis/build/icyphy/ptII/ptolemy/actor/lib/test/auto/ReadFile1.xml
2 ms. Memory: 437248K Free: 374624K (86%)
----------------- Invoking toplevel() on ptolemy.moml.MoMLSimpleApplication@46955873
----------------- Done invoking toplevel() on ptolemy.moml.MoMLSimpleApplication@46955873
reloadAllAccessors: .ReadFile1

===========================================================================================
----------------- testing Sat Jul 20 00:28:01 UTC 2019 /home/travis/build/icyphy/ptII/ptolemy/actor/lib/test/auto/ReadFile2.xml
----------------- Instantiating /home/travis/build/icyphy/ptII/ptolemy/actor/lib/test/auto/ReadFile2.xml
3 ms. Memory: 437248K Free: 370528K (85%)
----------------- Invoking toplevel() on ptolemy.moml.MoMLSimpleApplication@77561ed3
----------------- Done invoking toplevel() on ptolemy.moml.MoMLSimpleApplication@77561ed3
reloadAllAccessors: .ReadFile2

===========================================================================================
----------------- testing Sat Jul 20 00:28:01 UTC 2019 /home/travis/build/icyphy/ptII/ptolemy/actor/lib/test/auto/Reader.xml
----------------- Instantiating /home/travis/build/icyphy/ptII/ptolemy/actor/lib/test/auto/Reader.xml
actor.lib.Reader is obsolete, use actor.lib.io.ExpressionReader instead
2 ms. Memory: 437248K Free: 366432K (84%)
----------------- Invoking toplevel() on ptolemy.moml.MoMLSimpleApplication@4233ffa3
----------------- Done invoking toplevel() on ptolemy.moml.MoMLSimpleApplication@4233ffa3
reloadAllAccessors: .Reader

===========================================================================================
----------------- testing Sat Jul 20 00:28:01 UTC 2019 /home/travis/build/icyphy/ptII/ptolemy/actor/lib/test/auto/RecordAssemblerDisplayNameTest.xml
----------------- Instantiating /home/travis/build/icyphy/ptII/ptolemy/actor/lib/test/auto/RecordAssemblerDisplayNameTest.xml
3827 ms. Memory: 437248K Free: 180770K (41%)
----------------- Invoking toplevel() on ptolemy.moml.MoMLSimpleApplication@38816b37
----------------- Done invoking toplevel() on ptolemy.moml.MoMLSimpleApplication@38816b37
reloadAllAccessors: .RecordAssemblerDisplayNameTest

===========================================================================================
----------------- testing Sat Jul 20 00:28:05 UTC 2019 /home/travis/build/icyphy/ptII/ptolemy/actor/lib/test/auto/RecordAssemblerTypeError.xml
----------------- Instantiating /home/travis/build/icyphy/ptII/ptolemy/actor/lib/test/auto/RecordAssemblerTypeError.xml
5 ms. Memory: 437248K Free: 171040K (39%)
----------------- Invoking toplevel() on ptolemy.moml.MoMLSimpleApplication@28950549
----------------- Done invoking toplevel() on ptolemy.moml.MoMLSimpleApplication@28950549
reloadAllAccessors: .RecordAssemblerTypeError

===========================================================================================
----------------- testing Sat Jul 20 00:28:05 UTC 2019 /home/travis/build/icyphy/ptII/ptolemy/actor/lib/test/auto/RecordDisassember.xml
----------------- Instantiating /home/travis/build/icyphy/ptII/ptolemy/actor/lib/test/auto/RecordDisassember.xml
3 ms. Memory: 437248K Free: 166434K (38%)
----------------- Invoking toplevel() on ptolemy.moml.MoMLSimpleApplication@313da44
----------------- Done invoking toplevel() on ptolemy.moml.MoMLSimpleApplication@313da44
reloadAllAccessors: .RecordDisassember

===========================================================================================
----------------- testing Sat Jul 20 00:28:05 UTC 2019 /home/travis/build/icyphy/ptII/ptolemy/actor/lib/test/auto/RecordDisassemberDisplayNameTest.xml
----------------- Instantiating /home/travis/build/icyphy/ptII/ptolemy/actor/lib/test/auto/RecordDisassemberDisplayNameTest.xml
7 ms. Memory: 437248K Free: 158242K (36%)
----------------- Invoking toplevel() on ptolemy.moml.MoMLSimpleApplication@5076f244
----------------- Done invoking toplevel() on ptolemy.moml.MoMLSimpleApplication@5076f244
reloadAllAccessors: .RecordDisassemberDisplayNameTest

===========================================================================================
----------------- testing Sat Jul 20 00:28:05 UTC 2019 /home/travis/build/icyphy/ptII/ptolemy/actor/lib/test/auto/RecordDisassembler.xml
----------------- Instantiating /home/travis/build/icyphy/ptII/ptolemy/actor/lib/test/auto/RecordDisassembler.xml
3 ms. Memory: 437248K Free: 153122K (35%)
----------------- Invoking toplevel() on ptolemy.moml.MoMLSimpleApplication@7d51a081
----------------- Done invoking toplevel() on ptolemy.moml.MoMLSimpleApplication@7d51a081
reloadAllAccessors: .RecordDisassembler

===========================================================================================
----------------- testing Sat Jul 20 00:28:05 UTC 2019 /home/travis/build/icyphy/ptII/ptolemy/actor/lib/test/auto/RecordDisassembler2.xml
----------------- Instantiating /home/travis/build/icyphy/ptII/ptolemy/actor/lib/test/auto/RecordDisassembler2.xml
2 ms. Memory: 437248K Free: 148002K (34%)
----------------- Invoking toplevel() on ptolemy.moml.MoMLSimpleApplication@4cc0d437
----------------- Done invoking toplevel() on ptolemy.moml.MoMLSimpleApplication@4cc0d437
reloadAllAccessors: .RecordDisassembler2

===========================================================================================
----------------- testing Sat Jul 20 00:28:05 UTC 2019 /home/travis/build/icyphy/ptII/ptolemy/actor/lib/test/auto/RecordUpdater.xml
----------------- Instantiating /home/travis/build/icyphy/ptII/ptolemy/actor/lib/test/auto/RecordUpdater.xml
2 ms. Memory: 437248K Free: 142882K (33%)
----------------- Invoking toplevel() on ptolemy.moml.MoMLSimpleApplication@3216dbf5
----------------- Done invoking toplevel() on ptolemy.moml.MoMLSimpleApplication@3216dbf5
reloadAllAccessors: .RecordUpdater

===========================================================================================
----------------- testing Sat Jul 20 00:28:05 UTC 2019 /home/travis/build/icyphy/ptII/ptolemy/actor/lib/test/auto/RecordUpdater2.xml
----------------- Instantiating /home/travis/build/icyphy/ptII/ptolemy/actor/lib/test/auto/RecordUpdater2.xml
2 ms. Memory: 437248K Free: 137762K (32%)
----------------- Invoking toplevel() on ptolemy.moml.MoMLSimpleApplication@47a01f93
----------------- Done invoking toplevel() on ptolemy.moml.MoMLSimpleApplication@47a01f93
reloadAllAccessors: .RecordUpdater2

===========================================================================================
----------------- testing Sat Jul 20 00:28:05 UTC 2019 /home/travis/build/icyphy/ptII/ptolemy/actor/lib/test/auto/RecursiveLattice.xml
----------------- Instantiating /home/travis/build/icyphy/ptII/ptolemy/actor/lib/test/auto/RecursiveLattice.xml
1 ms. Memory: 437248K Free: 133152K (30%)
----------------- Invoking toplevel() on ptolemy.moml.MoMLSimpleApplication@3eb65d2a
----------------- Done invoking toplevel() on ptolemy.moml.MoMLSimpleApplication@3eb65d2a
reloadAllAccessors: .RecursiveLattice

===========================================================================================
----------------- testing Sat Jul 20 00:28:05 UTC 2019 /home/travis/build/icyphy/ptII/ptolemy/actor/lib/test/auto/Router.xml
----------------- Instantiating /home/travis/build/icyphy/ptII/ptolemy/actor/lib/test/auto/Router.xml
3005 ms. Memory: 437248K Free: 380769K (87%)
----------------- Invoking toplevel() on ptolemy.moml.MoMLSimpleApplication@53ca2bb4
----------------- Done invoking toplevel() on ptolemy.moml.MoMLSimpleApplication@53ca2bb4
reloadAllAccessors: .Router

===========================================================================================
----------------- testing Sat Jul 20 00:28:08 UTC 2019 /home/travis/build/icyphy/ptII/ptolemy/actor/lib/test/auto/Router2.xml
----------------- Instantiating /home/travis/build/icyphy/ptII/ptolemy/actor/lib/test/auto/Router2.xml
3004 ms. Memory: 437248K Free: 368481K (84%)
----------------- Invoking toplevel() on ptolemy.moml.MoMLSimpleApplication@1e3cd599
----------------- Done invoking toplevel() on ptolemy.moml.MoMLSimpleApplication@1e3cd599
reloadAllAccessors: .Router2

===========================================================================================
----------------- testing Sat Jul 20 00:28:11 UTC 2019 /home/travis/build/icyphy/ptII/ptolemy/actor/lib/test/auto/RunningMaximum.xml
----------------- Instantiating /home/travis/build/icyphy/ptII/ptolemy/actor/lib/test/auto/RunningMaximum.xml
7 ms. Memory: 437248K Free: 363875K (83%)
----------------- Invoking toplevel() on ptolemy.moml.MoMLSimpleApplication@6ce583a0
----------------- Done invoking toplevel() on ptolemy.moml.MoMLSimpleApplication@6ce583a0
reloadAllAccessors: .RunningMaximum

===========================================================================================
----------------- testing Sat Jul 20 00:28:11 UTC 2019 /home/travis/build/icyphy/ptII/ptolemy/actor/lib/test/auto/RunningMinimum.xml
----------------- Instantiating /home/travis/build/icyphy/ptII/ptolemy/actor/lib/test/auto/RunningMinimum.xml
10 ms. Memory: 437248K Free: 359265K (82%)
----------------- Invoking toplevel() on ptolemy.moml.MoMLSimpleApplication@590c4d7b
----------------- Done invoking toplevel() on ptolemy.moml.MoMLSimpleApplication@590c4d7b
reloadAllAccessors: .RunningMinimum

===========================================================================================
----------------- testing Sat Jul 20 00:28:11 UTC 2019 /home/travis/build/icyphy/ptII/ptolemy/actor/lib/test/auto/Scale.xml
----------------- Instantiating /home/travis/build/icyphy/ptII/ptolemy/actor/lib/test/auto/Scale.xml
2 ms. Memory: 437248K Free: 354659K (81%)
----------------- Invoking toplevel() on ptolemy.moml.MoMLSimpleApplication@3a8438a6
----------------- Done invoking toplevel() on ptolemy.moml.MoMLSimpleApplication@3a8438a6
reloadAllAccessors: .Scale

===========================================================================================
----------------- testing Sat Jul 20 00:28:11 UTC 2019 /home/travis/build/icyphy/ptII/ptolemy/actor/lib/test/auto/Scale2.xml
----------------- Instantiating /home/travis/build/icyphy/ptII/ptolemy/actor/lib/test/auto/Scale2.xml
1 ms. Memory: 437248K Free: 350049K (80%)
----------------- Invoking toplevel() on ptolemy.moml.MoMLSimpleApplication@775b1d13
----------------- Done invoking toplevel() on ptolemy.moml.MoMLSimpleApplication@775b1d13
reloadAllAccessors: .Scale2

===========================================================================================
----------------- testing Sat Jul 20 00:28:11 UTC 2019 /home/travis/build/icyphy/ptII/ptolemy/actor/lib/test/auto/Scale3.xml
----------------- Instantiating /home/travis/build/icyphy/ptII/ptolemy/actor/lib/test/auto/Scale3.xml
9 ms. Memory: 437248K Free: 342881K (78%)
----------------- Invoking toplevel() on ptolemy.moml.MoMLSimpleApplication@3d2917ac
----------------- Done invoking toplevel() on ptolemy.moml.MoMLSimpleApplication@3d2917ac
reloadAllAccessors: .Scale3

===========================================================================================
----------------- testing Sat Jul 20 00:28:11 UTC 2019 /home/travis/build/icyphy/ptII/ptolemy/actor/lib/test/auto/ScaleArray.xml
----------------- Instantiating /home/travis/build/icyphy/ptII/ptolemy/actor/lib/test/auto/ScaleArray.xml
2 ms. Memory: 437248K Free: 338275K (77%)
----------------- Invoking toplevel() on ptolemy.moml.MoMLSimpleApplication@51d45a00
----------------- Done invoking toplevel() on ptolemy.moml.MoMLSimpleApplication@51d45a00
reloadAllAccessors: .ScaleArray

===========================================================================================
----------------- testing Sat Jul 20 00:28:12 UTC 2019 /home/travis/build/icyphy/ptII/ptolemy/actor/lib/test/auto/ScaleArray2.xml
----------------- Instantiating /home/travis/build/icyphy/ptII/ptolemy/actor/lib/test/auto/ScaleArray2.xml
2 ms. Memory: 437248K Free: 333665K (76%)
----------------- Invoking toplevel() on ptolemy.moml.MoMLSimpleApplication@6aedf78d
----------------- Done invoking toplevel() on ptolemy.moml.MoMLSimpleApplication@6aedf78d
reloadAllAccessors: .ScaleArray2

===========================================================================================
----------------- testing Sat Jul 20 00:28:12 UTC 2019 /home/travis/build/icyphy/ptII/ptolemy/actor/lib/test/auto/ScaleMatrix.xml
----------------- Instantiating /home/travis/build/icyphy/ptII/ptolemy/actor/lib/test/auto/ScaleMatrix.xml
141 ms. Memory: 437248K Free: 318305K (73%)
----------------- Invoking toplevel() on ptolemy.moml.MoMLSimpleApplication@6b96d560
----------------- Done invoking toplevel() on ptolemy.moml.MoMLSimpleApplication@6b96d560
reloadAllAccessors: .ScaleMatrix

===========================================================================================
----------------- testing Sat Jul 20 00:28:12 UTC 2019 /home/travis/build/icyphy/ptII/ptolemy/actor/lib/test/auto/Select.xml
----------------- Instantiating /home/travis/build/icyphy/ptII/ptolemy/actor/lib/test/auto/Select.xml
3 ms. Memory: 437248K Free: 312147K (71%)
----------------- Invoking toplevel() on ptolemy.moml.MoMLSimpleApplication@736bdc6b
----------------- Done invoking toplevel() on ptolemy.moml.MoMLSimpleApplication@736bdc6b
reloadAllAccessors: .Select

===========================================================================================
----------------- testing Sat Jul 20 00:28:12 UTC 2019 /home/travis/build/icyphy/ptII/ptolemy/actor/lib/test/auto/Select2.xml
----------------- Instantiating /home/travis/build/icyphy/ptII/ptolemy/actor/lib/test/auto/Select2.xml
2 ms. Memory: 437248K Free: 307041K (70%)
----------------- Invoking toplevel() on ptolemy.moml.MoMLSimpleApplication@4777b2cf
----------------- Done invoking toplevel() on ptolemy.moml.MoMLSimpleApplication@4777b2cf
reloadAllAccessors: .Select2

===========================================================================================
----------------- testing Sat Jul 20 00:28:12 UTC 2019 /home/travis/build/icyphy/ptII/ptolemy/actor/lib/test/auto/SequenceToArray2.xml
----------------- Instantiating /home/travis/build/icyphy/ptII/ptolemy/actor/lib/test/auto/SequenceToArray2.xml
87 ms. Memory: 437248K Free: 282979K (65%)
----------------- Invoking toplevel() on ptolemy.moml.MoMLSimpleApplication@133a332c
----------------- Done invoking toplevel() on ptolemy.moml.MoMLSimpleApplication@133a332c
reloadAllAccessors: .SequenceToArray2

===========================================================================================
----------------- testing Sat Jul 20 00:28:12 UTC 2019 /home/travis/build/icyphy/ptII/ptolemy/actor/lib/test/auto/SequentialClock.xml
----------------- Instantiating /home/travis/build/icyphy/ptII/ptolemy/actor/lib/test/auto/SequentialClock.xml
1 ms. Memory: 437248K Free: 278883K (64%)
----------------- Invoking toplevel() on ptolemy.moml.MoMLSimpleApplication@1ba467ee
----------------- Done invoking toplevel() on ptolemy.moml.MoMLSimpleApplication@1ba467ee
reloadAllAccessors: .SequentialClock

===========================================================================================
----------------- testing Sat Jul 20 00:28:12 UTC 2019 /home/travis/build/icyphy/ptII/ptolemy/actor/lib/test/auto/SetVariable.xml
----------------- Instantiating /home/travis/build/icyphy/ptII/ptolemy/actor/lib/test/auto/SetVariable.xml
3 ms. Memory: 437248K Free: 274273K (63%)
----------------- Invoking toplevel() on ptolemy.moml.MoMLSimpleApplication@f99e4f8
----------------- Done invoking toplevel() on ptolemy.moml.MoMLSimpleApplication@f99e4f8
reloadAllAccessors: .SetVariable

===========================================================================================
----------------- testing Sat Jul 20 00:28:12 UTC 2019 /home/travis/build/icyphy/ptII/ptolemy/actor/lib/test/auto/SetVariable2.xml
----------------- Instantiating /home/travis/build/icyphy/ptII/ptolemy/actor/lib/test/auto/SetVariable2.xml
5 ms. Memory: 437248K Free: 268643K (61%)
----------------- Invoking toplevel() on ptolemy.moml.MoMLSimpleApplication@3846aba3
----------------- Done invoking toplevel() on ptolemy.moml.MoMLSimpleApplication@3846aba3
reloadAllAccessors: .SetVariable2

===========================================================================================
----------------- testing Sat Jul 20 00:28:12 UTC 2019 /home/travis/build/icyphy/ptII/ptolemy/actor/lib/test/auto/SetVariable3.xml
----------------- Instantiating /home/travis/build/icyphy/ptII/ptolemy/actor/lib/test/auto/SetVariable3.xml
8 ms. Memory: 437248K Free: 263523K (60%)
----------------- Invoking toplevel() on ptolemy.moml.MoMLSimpleApplication@29ee842
----------------- Done invoking toplevel() on ptolemy.moml.MoMLSimpleApplication@29ee842
reloadAllAccessors: .SetVariable3

===========================================================================================
----------------- testing Sat Jul 20 00:28:12 UTC 2019 /home/travis/build/icyphy/ptII/ptolemy/actor/lib/test/auto/SetVariable4.xml
----------------- Instantiating /home/travis/build/icyphy/ptII/ptolemy/actor/lib/test/auto/SetVariable4.xml
14 ms. Memory: 437248K Free: 254305K (58%)
----------------- Invoking toplevel() on ptolemy.moml.MoMLSimpleApplication@4c410d5d
----------------- Done invoking toplevel() on ptolemy.moml.MoMLSimpleApplication@4c410d5d
reloadAllAccessors: .SetVariable4

===========================================================================================
----------------- testing Sat Jul 20 00:28:12 UTC 2019 /home/travis/build/icyphy/ptII/ptolemy/actor/lib/test/auto/SetVariable5.xml
----------------- Instantiating /home/travis/build/icyphy/ptII/ptolemy/actor/lib/test/auto/SetVariable5.xml
18 ms. Memory: 437248K Free: 245091K (56%)
----------------- Invoking toplevel() on ptolemy.moml.MoMLSimpleApplication@16394f7d
----------------- Done invoking toplevel() on ptolemy.moml.MoMLSimpleApplication@16394f7d
reloadAllAccessors: .SetVariable5

===========================================================================================
----------------- testing Sat Jul 20 00:28:12 UTC 2019 /home/travis/build/icyphy/ptII/ptolemy/actor/lib/test/auto/Sinewave.xml
----------------- Instantiating /home/travis/build/icyphy/ptII/ptolemy/actor/lib/test/auto/Sinewave.xml
5 ms. Memory: 437248K Free: 234337K (54%)
----------------- Invoking toplevel() on ptolemy.moml.MoMLSimpleApplication@4ca1bd83
----------------- Done invoking toplevel() on ptolemy.moml.MoMLSimpleApplication@4ca1bd83
reloadAllAccessors: .Sinewave

===========================================================================================
----------------- testing Sat Jul 20 00:28:12 UTC 2019 /home/travis/build/icyphy/ptII/ptolemy/actor/lib/test/auto/Sinewave2.xml
----------------- Instantiating /home/travis/build/icyphy/ptII/ptolemy/actor/lib/test/auto/Sinewave2.xml
7 ms. Memory: 437248K Free: 226131K (52%)
----------------- Invoking toplevel() on ptolemy.moml.MoMLSimpleApplication@3f3762a8
----------------- Done invoking toplevel() on ptolemy.moml.MoMLSimpleApplication@3f3762a8
reloadAllAccessors: .Sinewave2

===========================================================================================
----------------- testing Sat Jul 20 00:28:12 UTC 2019 /home/travis/build/icyphy/ptII/ptolemy/actor/lib/test/auto/Sinewave3.xml
----------------- Instantiating /home/travis/build/icyphy/ptII/ptolemy/actor/lib/test/auto/Sinewave3.xml
10 ms. Memory: 437248K Free: 217939K (50%)
----------------- Invoking toplevel() on ptolemy.moml.MoMLSimpleApplication@12fa7772
----------------- Done invoking toplevel() on ptolemy.moml.MoMLSimpleApplication@12fa7772
reloadAllAccessors: .Sinewave3

===========================================================================================
----------------- testing Sat Jul 20 00:28:12 UTC 2019 /home/travis/build/icyphy/ptII/ptolemy/actor/lib/test/auto/SingleEvent.xml
----------------- Instantiating /home/travis/build/icyphy/ptII/ptolemy/actor/lib/test/auto/SingleEvent.xml
1 ms. Memory: 437248K Free: 213857K (49%)
----------------- Invoking toplevel() on ptolemy.moml.MoMLSimpleApplication@5146db78
----------------- Done invoking toplevel() on ptolemy.moml.MoMLSimpleApplication@5146db78
reloadAllAccessors: .SingleEvent

===========================================================================================
----------------- testing Sat Jul 20 00:28:12 UTC 2019 /home/travis/build/icyphy/ptII/ptolemy/actor/lib/test/auto/Sleep.xml
----------------- Instantiating /home/travis/build/icyphy/ptII/ptolemy/actor/lib/test/auto/Sleep.xml
6004 ms. Memory: 437248K Free: 207713K (48%)
----------------- Invoking toplevel() on ptolemy.moml.MoMLSimpleApplication@6a27d5f4
----------------- Done invoking toplevel() on ptolemy.moml.MoMLSimpleApplication@6a27d5f4
reloadAllAccessors: .Sleep

===========================================================================================
----------------- testing Sat Jul 20 00:28:18 UTC 2019 /home/travis/build/icyphy/ptII/ptolemy/actor/lib/test/auto/SleepMultipleFire.xml
----------------- Instantiating /home/travis/build/icyphy/ptII/ptolemy/actor/lib/test/auto/SleepMultipleFire.xml
1006 ms. Memory: 437248K Free: 202083K (46%)
----------------- Invoking toplevel() on ptolemy.moml.MoMLSimpleApplication@5719c102
----------------- Done invoking toplevel() on ptolemy.moml.MoMLSimpleApplication@5719c102
reloadAllAccessors: .SleepMultipleFire

===========================================================================================
----------------- testing Sat Jul 20 00:28:19 UTC 2019 /home/travis/build/icyphy/ptII/ptolemy/actor/lib/test/auto/StopDE.xml
----------------- Instantiating /home/travis/build/icyphy/ptII/ptolemy/actor/lib/test/auto/StopDE.xml
4 ms. Memory: 437248K Free: 196449K (45%)
----------------- Invoking toplevel() on ptolemy.moml.MoMLSimpleApplication@7c11e90
----------------- Done invoking toplevel() on ptolemy.moml.MoMLSimpleApplication@7c11e90
reloadAllAccessors: .StopDE

===========================================================================================
----------------- testing Sat Jul 20 00:28:19 UTC 2019 /home/travis/build/icyphy/ptII/ptolemy/actor/lib/test/auto/StopSDF.xml
----------------- Instantiating /home/travis/build/icyphy/ptII/ptolemy/actor/lib/test/auto/StopSDF.xml
3 ms. Memory: 437248K Free: 191329K (44%)
----------------- Invoking toplevel() on ptolemy.moml.MoMLSimpleApplication@2f621ea6
----------------- Done invoking toplevel() on ptolemy.moml.MoMLSimpleApplication@2f621ea6
reloadAllAccessors: .StopSDF

===========================================================================================
----------------- testing Sat Jul 20 00:28:19 UTC 2019 /home/travis/build/icyphy/ptII/ptolemy/actor/lib/test/auto/StringConstant.xml
----------------- Instantiating /home/travis/build/icyphy/ptII/ptolemy/actor/lib/test/auto/StringConstant.xml
13 ms. Memory: 437248K Free: 186209K (43%)
----------------- Invoking toplevel() on ptolemy.moml.MoMLSimpleApplication@2955c15e
----------------- Done invoking toplevel() on ptolemy.moml.MoMLSimpleApplication@2955c15e
reloadAllAccessors: .StringConstant

===========================================================================================
----------------- testing Sat Jul 20 00:28:19 UTC 2019 /home/travis/build/icyphy/ptII/ptolemy/actor/lib/test/auto/SubscriberPortInitialValues1.xml
----------------- Instantiating /home/travis/build/icyphy/ptII/ptolemy/actor/lib/test/auto/SubscriberPortInitialValues1.xml
12 ms. Memory: 437248K Free: 177507K (41%)
----------------- Invoking toplevel() on ptolemy.moml.MoMLSimpleApplication@4731cb6f
----------------- Done invoking toplevel() on ptolemy.moml.MoMLSimpleApplication@4731cb6f
reloadAllAccessors: .SubscriberPortInitialValues1

===========================================================================================
----------------- testing Sat Jul 20 00:28:19 UTC 2019 /home/travis/build/icyphy/ptII/ptolemy/actor/lib/test/auto/SubscriberPortInitialValues13.xml
----------------- Instantiating /home/travis/build/icyphy/ptII/ptolemy/actor/lib/test/auto/SubscriberPortInitialValues13.xml
7 ms. Memory: 437248K Free: 164705K (38%)
----------------- Invoking toplevel() on ptolemy.moml.MoMLSimpleApplication@26cd619f
----------------- Done invoking toplevel() on ptolemy.moml.MoMLSimpleApplication@26cd619f
reloadAllAccessors: .SubscriberPortInitialValues13

===========================================================================================
----------------- testing Sat Jul 20 00:28:19 UTC 2019 /home/travis/build/icyphy/ptII/ptolemy/actor/lib/test/auto/SubscriberPortInitialValues14.xml
----------------- Instantiating /home/travis/build/icyphy/ptII/ptolemy/actor/lib/test/auto/SubscriberPortInitialValues14.xml
11 ms. Memory: 437248K Free: 157027K (36%)
----------------- Invoking toplevel() on ptolemy.moml.MoMLSimpleApplication@400e896a
----------------- Done invoking toplevel() on ptolemy.moml.MoMLSimpleApplication@400e896a
reloadAllAccessors: .SubscriberPortInitialValues14

===========================================================================================
----------------- testing Sat Jul 20 00:28:19 UTC 2019 /home/travis/build/icyphy/ptII/ptolemy/actor/lib/test/auto/SubscriberPortInitialValues2.xml
----------------- Instantiating /home/travis/build/icyphy/ptII/ptolemy/actor/lib/test/auto/SubscriberPortInitialValues2.xml
4 ms. Memory: 437248K Free: 148835K (34%)
----------------- Invoking toplevel() on ptolemy.moml.MoMLSimpleApplication@ed76bb7
----------------- Done invoking toplevel() on ptolemy.moml.MoMLSimpleApplication@ed76bb7
reloadAllAccessors: .SubscriberPortInitialValues2

===========================================================================================
----------------- testing Sat Jul 20 00:28:19 UTC 2019 /home/travis/build/icyphy/ptII/ptolemy/actor/lib/test/auto/SubscriberPortInitialValues3.xml
----------------- Instantiating /home/travis/build/icyphy/ptII/ptolemy/actor/lib/test/auto/SubscriberPortInitialValues3.xml
4 ms. Memory: 437248K Free: 137571K (31%)
----------------- Invoking toplevel() on ptolemy.moml.MoMLSimpleApplication@21aa8f10
----------------- Done invoking toplevel() on ptolemy.moml.MoMLSimpleApplication@21aa8f10
reloadAllAccessors: .SubscriberPortInitialValues3

===========================================================================================
----------------- testing Sat Jul 20 00:28:19 UTC 2019 /home/travis/build/icyphy/ptII/ptolemy/actor/lib/test/auto/SubscriptionAggregator.xml
----------------- Instantiating /home/travis/build/icyphy/ptII/ptolemy/actor/lib/test/auto/SubscriptionAggregator.xml
3 ms. Memory: 437248K Free: 130899K (30%)
----------------- Invoking toplevel() on ptolemy.moml.MoMLSimpleApplication@5fe2329d
----------------- Done invoking toplevel() on ptolemy.moml.MoMLSimpleApplication@5fe2329d
reloadAllAccessors: .SubscriptionAggregator

===========================================================================================
----------------- testing Sat Jul 20 00:28:19 UTC 2019 /home/travis/build/icyphy/ptII/ptolemy/actor/lib/test/auto/SubscriptionAggregator2.xml
----------------- Instantiating /home/travis/build/icyphy/ptII/ptolemy/actor/lib/test/auto/SubscriptionAggregator2.xml
3 ms. Memory: 437248K Free: 383287K (88%)
----------------- Invoking toplevel() on ptolemy.moml.MoMLSimpleApplication@6e5636c2
----------------- Done invoking toplevel() on ptolemy.moml.MoMLSimpleApplication@6e5636c2
reloadAllAccessors: .SubscriptionAggregator2

===========================================================================================
----------------- testing Sat Jul 20 00:28:19 UTC 2019 /home/travis/build/icyphy/ptII/ptolemy/actor/lib/test/auto/SubscriptionAggregator3.xml
----------------- Instantiating /home/travis/build/icyphy/ptII/ptolemy/actor/lib/test/auto/SubscriptionAggregator3.xml
4 ms. Memory: 437248K Free: 374071K (86%)
----------------- Invoking toplevel() on ptolemy.moml.MoMLSimpleApplication@2ee38ecb
----------------- Done invoking toplevel() on ptolemy.moml.MoMLSimpleApplication@2ee38ecb
reloadAllAccessors: .SubscriptionAggregator3

===========================================================================================
----------------- testing Sat Jul 20 00:28:19 UTC 2019 /home/travis/build/icyphy/ptII/ptolemy/actor/lib/test/auto/SubscriptionAggregatorMultiply.xml
----------------- Instantiating /home/travis/build/icyphy/ptII/ptolemy/actor/lib/test/auto/SubscriptionAggregatorMultiply.xml
15 ms. Memory: 437248K Free: 365879K (84%)
----------------- Invoking toplevel() on ptolemy.moml.MoMLSimpleApplication@4294834b
----------------- Done invoking toplevel() on ptolemy.moml.MoMLSimpleApplication@4294834b
reloadAllAccessors: .SubscriptionAggregatorMultiply

===========================================================================================
----------------- testing Sat Jul 20 00:28:19 UTC 2019 /home/travis/build/icyphy/ptII/ptolemy/actor/lib/test/auto/SubscriptionAggregatorPortMultiply1.xml
----------------- Instantiating /home/travis/build/icyphy/ptII/ptolemy/actor/lib/test/auto/SubscriptionAggregatorPortMultiply1.xml
3 ms. Memory: 437248K Free: 358197K (82%)
----------------- Invoking toplevel() on ptolemy.moml.MoMLSimpleApplication@66d0ef43
----------------- Done invoking toplevel() on ptolemy.moml.MoMLSimpleApplication@66d0ef43
reloadAllAccessors: .SubscriptionAggregatorPortMultiply1

===========================================================================================
----------------- testing Sat Jul 20 00:28:19 UTC 2019 /home/travis/build/icyphy/ptII/ptolemy/actor/lib/test/auto/Switch.xml
----------------- Instantiating /home/travis/build/icyphy/ptII/ptolemy/actor/lib/test/auto/Switch.xml
9 ms. Memory: 437248K Free: 349495K (80%)
----------------- Invoking toplevel() on ptolemy.moml.MoMLSimpleApplication@6ea79714
----------------- Done invoking toplevel() on ptolemy.moml.MoMLSimpleApplication@6ea79714
reloadAllAccessors: .Switch

===========================================================================================
----------------- testing Sat Jul 20 00:28:19 UTC 2019 /home/travis/build/icyphy/ptII/ptolemy/actor/lib/test/auto/Switch2.xml
----------------- Instantiating /home/travis/build/icyphy/ptII/ptolemy/actor/lib/test/auto/Switch2.xml
1 ms. Memory: 437248K Free: 344885K (79%)
----------------- Invoking toplevel() on ptolemy.moml.MoMLSimpleApplication@361fca3
----------------- Done invoking toplevel() on ptolemy.moml.MoMLSimpleApplication@361fca3
reloadAllAccessors: .Switch2

===========================================================================================
----------------- testing Sat Jul 20 00:28:20 UTC 2019 /home/travis/build/icyphy/ptII/ptolemy/actor/lib/test/auto/SwitchDE.xml
----------------- Instantiating /home/travis/build/icyphy/ptII/ptolemy/actor/lib/test/auto/SwitchDE.xml
3 ms. Memory: 437248K Free: 338711K (77%)
----------------- Invoking toplevel() on ptolemy.moml.MoMLSimpleApplication@50c7afde
----------------- Done invoking toplevel() on ptolemy.moml.MoMLSimpleApplication@50c7afde
reloadAllAccessors: .SwitchDE

===========================================================================================
----------------- testing Sat Jul 20 00:28:20 UTC 2019 /home/travis/build/icyphy/ptII/ptolemy/actor/lib/test/auto/SynchronizerDE.xml
----------------- Instantiating /home/travis/build/icyphy/ptII/ptolemy/actor/lib/test/auto/SynchronizerDE.xml
9 ms. Memory: 437248K Free: 330039K (75%)
----------------- Invoking toplevel() on ptolemy.moml.MoMLSimpleApplication@4fd72d31
----------------- Done invoking toplevel() on ptolemy.moml.MoMLSimpleApplication@4fd72d31
reloadAllAccessors: .SynchronizerDE

===========================================================================================
----------------- testing Sat Jul 20 00:28:20 UTC 2019 /home/travis/build/icyphy/ptII/ptolemy/actor/lib/test/auto/Test.xml
----------------- Instantiating /home/travis/build/icyphy/ptII/ptolemy/actor/lib/test/auto/Test.xml
11 ms. Memory: 437248K Free: 324919K (74%)
----------------- Invoking toplevel() on ptolemy.moml.MoMLSimpleApplication@79790d15
----------------- Done invoking toplevel() on ptolemy.moml.MoMLSimpleApplication@79790d15
reloadAllAccessors: .Test

===========================================================================================
----------------- testing Sat Jul 20 00:28:20 UTC 2019 /home/travis/build/icyphy/ptII/ptolemy/actor/lib/test/auto/TestExceptionAttribute1.xml
----------------- Instantiating /home/travis/build/icyphy/ptII/ptolemy/actor/lib/test/auto/TestExceptionAttribute1.xml
1 ms. Memory: 437248K Free: 321333K (73%)
----------------- Invoking toplevel() on ptolemy.moml.MoMLSimpleApplication@70d8b394
----------------- Done invoking toplevel() on ptolemy.moml.MoMLSimpleApplication@70d8b394
reloadAllAccessors: .TestExceptionAttribute1

===========================================================================================
----------------- testing Sat Jul 20 00:28:20 UTC 2019 /home/travis/build/icyphy/ptII/ptolemy/actor/lib/test/auto/TestExceptionAttribute2.xml
----------------- Instantiating /home/travis/build/icyphy/ptII/ptolemy/actor/lib/test/auto/TestExceptionAttribute2.xml
2 ms. Memory: 437248K Free: 317751K (73%)
----------------- Invoking toplevel() on ptolemy.moml.MoMLSimpleApplication@6ee58c2b
----------------- Done invoking toplevel() on ptolemy.moml.MoMLSimpleApplication@6ee58c2b
reloadAllAccessors: .TestExceptionAttribute2

===========================================================================================
----------------- testing Sat Jul 20 00:28:20 UTC 2019 /home/travis/build/icyphy/ptII/ptolemy/actor/lib/test/auto/TestExceptionAttribute3.xml
----------------- Instantiating /home/travis/build/icyphy/ptII/ptolemy/actor/lib/test/auto/TestExceptionAttribute3.xml
.TestExceptionAttribute3.TestExceptionAttribute: initialize() was not invoked, but wrapup() was.  This is unusual, but not always a problem.  For example, exporting JNLP will do this.
1 ms. Memory: 437248K Free: 313655K (72%)
----------------- Invoking toplevel() on ptolemy.moml.MoMLSimpleApplication@17da2a94
----------------- Done invoking toplevel() on ptolemy.moml.MoMLSimpleApplication@17da2a94
reloadAllAccessors: .TestExceptionAttribute3

===========================================================================================
----------------- testing Sat Jul 20 00:28:20 UTC 2019 /home/travis/build/icyphy/ptII/ptolemy/actor/lib/test/auto/TestExceptionAttribute4.xml
----------------- Instantiating /home/travis/build/icyphy/ptII/ptolemy/actor/lib/test/auto/TestExceptionAttribute4.xml
.TestExceptionAttribute4.TestExceptionAttribute: initialize() was not invoked, but wrapup() was.  This is unusual, but not always a problem.  For example, exporting JNLP will do this.
.TestExceptionAttribute4.TestExceptionAttribute2: initialize() was not invoked, but wrapup() was.  This is unusual, but not always a problem.  For example, exporting JNLP will do this.
1 ms. Memory: 437248K Free: 309559K (71%)
----------------- Invoking toplevel() on ptolemy.moml.MoMLSimpleApplication@6563a95c
----------------- Done invoking toplevel() on ptolemy.moml.MoMLSimpleApplication@6563a95c
reloadAllAccessors: .TestExceptionAttribute4

===========================================================================================
----------------- testing Sat Jul 20 00:28:20 UTC 2019 /home/travis/build/icyphy/ptII/ptolemy/actor/lib/test/auto/TestExceptionHandler1.xml
----------------- Instantiating /home/travis/build/icyphy/ptII/ptolemy/actor/lib/test/auto/TestExceptionHandler1.xml
1 ms. Memory: 437248K Free: 305973K (70%)
----------------- Invoking toplevel() on ptolemy.moml.MoMLSimpleApplication@56c728fe
----------------- Done invoking toplevel() on ptolemy.moml.MoMLSimpleApplication@56c728fe
reloadAllAccessors: .TestExceptionHandler1

===========================================================================================
----------------- testing Sat Jul 20 00:28:20 UTC 2019 /home/travis/build/icyphy/ptII/ptolemy/actor/lib/test/auto/TestExceptionHandler2.xml
----------------- Instantiating /home/travis/build/icyphy/ptII/ptolemy/actor/lib/test/auto/TestExceptionHandler2.xml
1 ms. Memory: 437248K Free: 301877K (69%)
----------------- Invoking toplevel() on ptolemy.moml.MoMLSimpleApplication@4dd1acc0
----------------- Done invoking toplevel() on ptolemy.moml.MoMLSimpleApplication@4dd1acc0
reloadAllAccessors: .TestExceptionHandler2

===========================================================================================
----------------- testing Sat Jul 20 00:28:20 UTC 2019 /home/travis/build/icyphy/ptII/ptolemy/actor/lib/test/auto/TestExceptionHandler3.xml
----------------- Instantiating /home/travis/build/icyphy/ptII/ptolemy/actor/lib/test/auto/TestExceptionHandler3.xml
1 ms. Memory: 437248K Free: 298295K (68%)
----------------- Invoking toplevel() on ptolemy.moml.MoMLSimpleApplication@3a843d33
----------------- Done invoking toplevel() on ptolemy.moml.MoMLSimpleApplication@3a843d33
reloadAllAccessors: .TestExceptionHandler3

===========================================================================================
----------------- testing Sat Jul 20 00:28:20 UTC 2019 /home/travis/build/icyphy/ptII/ptolemy/actor/lib/test/auto/TestExceptionHandler4.xml
----------------- Instantiating /home/travis/build/icyphy/ptII/ptolemy/actor/lib/test/auto/TestExceptionHandler4.xml
0 ms. Memory: 437248K Free: 294199K (67%)
----------------- Invoking toplevel() on ptolemy.moml.MoMLSimpleApplication@13ce1b3f
----------------- Done invoking toplevel() on ptolemy.moml.MoMLSimpleApplication@13ce1b3f
reloadAllAccessors: .TestExceptionHandler4

===========================================================================================
----------------- testing Sat Jul 20 00:28:20 UTC 2019 /home/travis/build/icyphy/ptII/ptolemy/actor/lib/test/auto/TestRequireCorrectOrder.xml
----------------- Instantiating /home/travis/build/icyphy/ptII/ptolemy/actor/lib/test/auto/TestRequireCorrectOrder.xml
7 ms. Memory: 437248K Free: 288559K (66%)
----------------- Invoking toplevel() on ptolemy.moml.MoMLSimpleApplication@3de90168
----------------- Done invoking toplevel() on ptolemy.moml.MoMLSimpleApplication@3de90168
reloadAllAccessors: .TestRequireCorrectOrder

===========================================================================================
----------------- testing Sat Jul 20 00:28:20 UTC 2019 /home/travis/build/icyphy/ptII/ptolemy/actor/lib/test/auto/TestSimple.xml
----------------- Instantiating /home/travis/build/icyphy/ptII/ptolemy/actor/lib/test/auto/TestSimple.xml
1 ms. Memory: 437248K Free: 284469K (65%)
----------------- Invoking toplevel() on ptolemy.moml.MoMLSimpleApplication@695514c
----------------- Done invoking toplevel() on ptolemy.moml.MoMLSimpleApplication@695514c
reloadAllAccessors: .TestSimple

===========================================================================================
----------------- testing Sat Jul 20 00:28:20 UTC 2019 /home/travis/build/icyphy/ptII/ptolemy/actor/lib/test/auto/ThrowModelError.xml
----------------- Instantiating /home/travis/build/icyphy/ptII/ptolemy/actor/lib/test/auto/ThrowModelError.xml
1 ms. Memory: 437248K Free: 279863K (64%)
----------------- Invoking toplevel() on ptolemy.moml.MoMLSimpleApplication@161adb2
----------------- Done invoking toplevel() on ptolemy.moml.MoMLSimpleApplication@161adb2
reloadAllAccessors: .ThrowModelError

===========================================================================================
----------------- testing Sat Jul 20 00:28:20 UTC 2019 /home/travis/build/icyphy/ptII/ptolemy/actor/lib/test/auto/TimeDelayMicrosteps.xml
----------------- Instantiating /home/travis/build/icyphy/ptII/ptolemy/actor/lib/test/auto/TimeDelayMicrosteps.xml
2 ms. Memory: 437248K Free: 272695K (62%)
----------------- Invoking toplevel() on ptolemy.moml.MoMLSimpleApplication@d2d7c73
----------------- Done invoking toplevel() on ptolemy.moml.MoMLSimpleApplication@d2d7c73
reloadAllAccessors: .TimeDelayMicrosteps

===========================================================================================
----------------- testing Sat Jul 20 00:28:20 UTC 2019 /home/travis/build/icyphy/ptII/ptolemy/actor/lib/test/auto/TimeDelayMicrosteps2.xml
----------------- Instantiating /home/travis/build/icyphy/ptII/ptolemy/actor/lib/test/auto/TimeDelayMicrosteps2.xml
4 ms. Memory: 437248K Free: 265527K (61%)
----------------- Invoking toplevel() on ptolemy.moml.MoMLSimpleApplication@62ab6a97
----------------- Done invoking toplevel() on ptolemy.moml.MoMLSimpleApplication@62ab6a97
reloadAllAccessors: .TimeDelayMicrosteps2

===========================================================================================
----------------- testing Sat Jul 20 00:28:20 UTC 2019 /home/travis/build/icyphy/ptII/ptolemy/actor/lib/test/auto/TimeDelayMicrosteps3.xml
----------------- Instantiating /home/travis/build/icyphy/ptII/ptolemy/actor/lib/test/auto/TimeDelayMicrosteps3.xml
3 ms. Memory: 437248K Free: 258839K (59%)
----------------- Invoking toplevel() on ptolemy.moml.MoMLSimpleApplication@7119ba9d
----------------- Done invoking toplevel() on ptolemy.moml.MoMLSimpleApplication@7119ba9d
reloadAllAccessors: .TimeDelayMicrosteps3

===========================================================================================
----------------- testing Sat Jul 20 00:28:20 UTC 2019 /home/travis/build/icyphy/ptII/ptolemy/actor/lib/test/auto/TimeDelayVariableMicrosteps.xml
----------------- Instantiating /home/travis/build/icyphy/ptII/ptolemy/actor/lib/test/auto/TimeDelayVariableMicrosteps.xml
4 ms. Memory: 437248K Free: 251699K (58%)
----------------- Invoking toplevel() on ptolemy.moml.MoMLSimpleApplication@2799d2b3
----------------- Done invoking toplevel() on ptolemy.moml.MoMLSimpleApplication@2799d2b3
reloadAllAccessors: .TimeDelayVariableMicrosteps

===========================================================================================
----------------- testing Sat Jul 20 00:28:20 UTC 2019 /home/travis/build/icyphy/ptII/ptolemy/actor/lib/test/auto/TimeGap.xml
----------------- Instantiating /home/travis/build/icyphy/ptII/ptolemy/actor/lib/test/auto/TimeGap.xml
3 ms. Memory: 437248K Free: 246551K (56%)
----------------- Invoking toplevel() on ptolemy.moml.MoMLSimpleApplication@2ea5f37e
----------------- Done invoking toplevel() on ptolemy.moml.MoMLSimpleApplication@2ea5f37e
reloadAllAccessors: .TimeGap

===========================================================================================
----------------- testing Sat Jul 20 00:28:20 UTC 2019 /home/travis/build/icyphy/ptII/ptolemy/actor/lib/test/auto/TimeGap2.xml
----------------- Instantiating /home/travis/build/icyphy/ptII/ptolemy/actor/lib/test/auto/TimeGap2.xml
2 ms. Memory: 437248K Free: 240431K (55%)
----------------- Invoking toplevel() on ptolemy.moml.MoMLSimpleApplication@4e7cb957
----------------- Done invoking toplevel() on ptolemy.moml.MoMLSimpleApplication@4e7cb957
reloadAllAccessors: .TimeGap2

===========================================================================================
----------------- testing Sat Jul 20 00:28:20 UTC 2019 /home/travis/build/icyphy/ptII/ptolemy/actor/lib/test/auto/TimedSinewave.xml
----------------- Instantiating /home/travis/build/icyphy/ptII/ptolemy/actor/lib/test/auto/TimedSinewave.xml
35 ms. Memory: 437248K Free: 226101K (52%)
----------------- Invoking toplevel() on ptolemy.moml.MoMLSimpleApplication@387e287c
----------------- Done invoking toplevel() on ptolemy.moml.MoMLSimpleApplication@387e287c
reloadAllAccessors: .TimedSinewave

===========================================================================================
----------------- testing Sat Jul 20 00:28:20 UTC 2019 /home/travis/build/icyphy/ptII/ptolemy/actor/lib/test/auto/TimedSinewavePhase.xml
----------------- Instantiating /home/travis/build/icyphy/ptII/ptolemy/actor/lib/test/auto/TimedSinewavePhase.xml
13 ms. Memory: 437248K Free: 216375K (49%)
----------------- Invoking toplevel() on ptolemy.moml.MoMLSimpleApplication@c8ef90a
----------------- Done invoking toplevel() on ptolemy.moml.MoMLSimpleApplication@c8ef90a
reloadAllAccessors: .TimedSinewavePhase

===========================================================================================
----------------- testing Sat Jul 20 00:28:20 UTC 2019 /home/travis/build/icyphy/ptII/ptolemy/actor/lib/test/auto/Timer.xml
----------------- Instantiating /home/travis/build/icyphy/ptII/ptolemy/actor/lib/test/auto/Timer.xml
2 ms. Memory: 437248K Free: 210231K (48%)
----------------- Invoking toplevel() on ptolemy.moml.MoMLSimpleApplication@70b04ffa
----------------- Done invoking toplevel() on ptolemy.moml.MoMLSimpleApplication@70b04ffa
reloadAllAccessors: .Timer

===========================================================================================
----------------- testing Sat Jul 20 00:28:20 UTC 2019 /home/travis/build/icyphy/ptII/ptolemy/actor/lib/test/auto/TriangularDistTestModel.xml
----------------- Instantiating /home/travis/build/icyphy/ptII/ptolemy/actor/lib/test/auto/TriangularDistTestModel.xml
2 ms. Memory: 437248K Free: 204583K (47%)
----------------- Invoking toplevel() on ptolemy.moml.MoMLSimpleApplication@60abb132
----------------- Done invoking toplevel() on ptolemy.moml.MoMLSimpleApplication@60abb132
reloadAllAccessors: .TriangularDistTestModel

===========================================================================================
----------------- testing Sat Jul 20 00:28:20 UTC 2019 /home/travis/build/icyphy/ptII/ptolemy/actor/lib/test/auto/TrigFunction.xml
----------------- Instantiating /home/travis/build/icyphy/ptII/ptolemy/actor/lib/test/auto/TrigFunction.xml
2 ms. Memory: 437248K Free: 199991K (46%)
----------------- Invoking toplevel() on ptolemy.moml.MoMLSimpleApplication@1b87edec
----------------- Done invoking toplevel() on ptolemy.moml.MoMLSimpleApplication@1b87edec
reloadAllAccessors: .TrigFunction

===========================================================================================
----------------- testing Sat Jul 20 00:28:20 UTC 2019 /home/travis/build/icyphy/ptII/ptolemy/actor/lib/test/auto/TrigFunctionDE.xml
----------------- Instantiating /home/travis/build/icyphy/ptII/ptolemy/actor/lib/test/auto/TrigFunctionDE.xml
2 ms. Memory: 437248K Free: 193847K (44%)
----------------- Invoking toplevel() on ptolemy.moml.MoMLSimpleApplication@4708bcf5
----------------- Done invoking toplevel() on ptolemy.moml.MoMLSimpleApplication@4708bcf5
reloadAllAccessors: .TrigFunctionDE

===========================================================================================
----------------- testing Sat Jul 20 00:28:20 UTC 2019 /home/travis/build/icyphy/ptII/ptolemy/actor/lib/test/auto/TrigFunctionInverse.xml
----------------- Instantiating /home/travis/build/icyphy/ptII/ptolemy/actor/lib/test/auto/TrigFunctionInverse.xml
2 ms. Memory: 437248K Free: 188727K (43%)
----------------- Invoking toplevel() on ptolemy.moml.MoMLSimpleApplication@24d8879
----------------- Done invoking toplevel() on ptolemy.moml.MoMLSimpleApplication@24d8879
reloadAllAccessors: .TrigFunctionInverse

===========================================================================================
----------------- testing Sat Jul 20 00:28:20 UTC 2019 /home/travis/build/icyphy/ptII/ptolemy/actor/lib/test/auto/TrigFunctionTan.xml
----------------- Instantiating /home/travis/build/icyphy/ptII/ptolemy/actor/lib/test/auto/TrigFunctionTan.xml
2 ms. Memory: 437248K Free: 184117K (42%)
----------------- Invoking toplevel() on ptolemy.moml.MoMLSimpleApplication@6061b334
----------------- Done invoking toplevel() on ptolemy.moml.MoMLSimpleApplication@6061b334
reloadAllAccessors: .TrigFunctionTan

===========================================================================================
----------------- testing Sat Jul 20 00:28:20 UTC 2019 /home/travis/build/icyphy/ptII/ptolemy/actor/lib/test/auto/TriggeredClock.xml
----------------- Instantiating /home/travis/build/icyphy/ptII/ptolemy/actor/lib/test/auto/TriggeredClock.xml
1 ms. Memory: 437248K Free: 178487K (41%)
----------------- Invoking toplevel() on ptolemy.moml.MoMLSimpleApplication@294f3a3d
----------------- Done invoking toplevel() on ptolemy.moml.MoMLSimpleApplication@294f3a3d
reloadAllAccessors: .TriggeredClock

===========================================================================================
----------------- testing Sat Jul 20 00:28:20 UTC 2019 /home/travis/build/icyphy/ptII/ptolemy/actor/lib/test/auto/URLDirectoryReader.xml
----------------- Instantiating /home/travis/build/icyphy/ptII/ptolemy/actor/lib/test/auto/URLDirectoryReader.xml
38 ms. Memory: 437248K Free: 169271K (39%)
----------------- Invoking toplevel() on ptolemy.moml.MoMLSimpleApplication@731113f1
----------------- Done invoking toplevel() on ptolemy.moml.MoMLSimpleApplication@731113f1
reloadAllAccessors: .URLDirectoryReader

===========================================================================================
----------------- testing Sat Jul 20 00:28:20 UTC 2019 /home/travis/build/icyphy/ptII/ptolemy/actor/lib/test/auto/URLDirectoryReader3.xml
----------------- Instantiating /home/travis/build/icyphy/ptII/ptolemy/actor/lib/test/auto/URLDirectoryReader3.xml
1125 ms. Memory: 437248K Free: 379588K (87%)
----------------- Invoking toplevel() on ptolemy.moml.MoMLSimpleApplication@5c0e6a46
----------------- Done invoking toplevel() on ptolemy.moml.MoMLSimpleApplication@5c0e6a46
reloadAllAccessors: .URLDirectoryReader3

===========================================================================================
----------------- testing Sat Jul 20 00:28:22 UTC 2019 /home/travis/build/icyphy/ptII/ptolemy/actor/lib/test/auto/UnaryMathFunction.xml
----------------- Instantiating /home/travis/build/icyphy/ptII/ptolemy/actor/lib/test/auto/UnaryMathFunction.xml
2 ms. Memory: 437248K Free: 371758K (85%)
----------------- Invoking toplevel() on ptolemy.moml.MoMLSimpleApplication@8f44ec0
----------------- Done invoking toplevel() on ptolemy.moml.MoMLSimpleApplication@8f44ec0
reloadAllAccessors: .UnaryMathFunction

===========================================================================================
----------------- testing Sat Jul 20 00:28:22 UTC 2019 /home/travis/build/icyphy/ptII/ptolemy/actor/lib/test/auto/Uniform.xml
----------------- Instantiating /home/travis/build/icyphy/ptII/ptolemy/actor/lib/test/auto/Uniform.xml
2 ms. Memory: 437248K Free: 366638K (84%)
----------------- Invoking toplevel() on ptolemy.moml.MoMLSimpleApplication@5041e6e4
----------------- Done invoking toplevel() on ptolemy.moml.MoMLSimpleApplication@5041e6e4
reloadAllAccessors: .Uniform

===========================================================================================
----------------- testing Sat Jul 20 00:28:22 UTC 2019 /home/travis/build/icyphy/ptII/ptolemy/actor/lib/test/auto/UnionDisassemblerTest.xml
----------------- Instantiating /home/travis/build/icyphy/ptII/ptolemy/actor/lib/test/auto/UnionDisassemblerTest.xml
19 ms. Memory: 437248K Free: 363038K (83%)
----------------- Invoking toplevel() on ptolemy.moml.MoMLSimpleApplication@52d86e79
----------------- Done invoking toplevel() on ptolemy.moml.MoMLSimpleApplication@52d86e79
reloadAllAccessors: .UnionDisassemblerTest

===========================================================================================
----------------- testing Sat Jul 20 00:28:22 UTC 2019 /home/travis/build/icyphy/ptII/ptolemy/actor/lib/test/auto/UtilityFunctions.xml
----------------- Instantiating /home/travis/build/icyphy/ptII/ptolemy/actor/lib/test/auto/UtilityFunctions.xml
1 ms. Memory: 437248K Free: 358956K (82%)
----------------- Invoking toplevel() on ptolemy.moml.MoMLSimpleApplication@7e0ab2e5
----------------- Done invoking toplevel() on ptolemy.moml.MoMLSimpleApplication@7e0ab2e5
reloadAllAccessors: .UtilityFunctions

===========================================================================================
----------------- testing Sat Jul 20 00:28:22 UTC 2019 /home/travis/build/icyphy/ptII/ptolemy/actor/lib/test/auto/VariableSleep.xml
----------------- Instantiating /home/travis/build/icyphy/ptII/ptolemy/actor/lib/test/auto/VariableSleep.xml
503 ms. Memory: 437248K Free: 353326K (81%)
----------------- Invoking toplevel() on ptolemy.moml.MoMLSimpleApplication@edc45ca
----------------- Done invoking toplevel() on ptolemy.moml.MoMLSimpleApplication@edc45ca
reloadAllAccessors: .VariableSleep

===========================================================================================
----------------- testing Sat Jul 20 00:28:22 UTC 2019 /home/travis/build/icyphy/ptII/ptolemy/actor/lib/test/auto/VectorAssemblerDisassemblerCT.xml
----------------- Instantiating /home/travis/build/icyphy/ptII/ptolemy/actor/lib/test/auto/VectorAssemblerDisassemblerCT.xml
83 ms. Memory: 437248K Free: 332846K (76%)
----------------- Invoking toplevel() on ptolemy.moml.MoMLSimpleApplication@59422c35
----------------- Done invoking toplevel() on ptolemy.moml.MoMLSimpleApplication@59422c35
reloadAllAccessors: .VectorAssemblerDisassemblerCT

===========================================================================================
----------------- testing Sat Jul 20 00:28:22 UTC 2019 /home/travis/build/icyphy/ptII/ptolemy/actor/lib/test/auto/VectorAssemblerDisassemblerDE.xml
----------------- Instantiating /home/travis/build/icyphy/ptII/ptolemy/actor/lib/test/auto/VectorAssemblerDisassemblerDE.xml
3 ms. Memory: 437248K Free: 325164K (74%)
----------------- Invoking toplevel() on ptolemy.moml.MoMLSimpleApplication@721303b2
----------------- Done invoking toplevel() on ptolemy.moml.MoMLSimpleApplication@721303b2
reloadAllAccessors: .VectorAssemblerDisassemblerDE

===========================================================================================
----------------- testing Sat Jul 20 00:28:22 UTC 2019 /home/travis/build/icyphy/ptII/ptolemy/actor/lib/test/auto/VectorAssemblerDisassemblerSDF.xml
----------------- Instantiating /home/travis/build/icyphy/ptII/ptolemy/actor/lib/test/auto/VectorAssemblerDisassemblerSDF.xml
3 ms. Memory: 437248K Free: 318510K (73%)
----------------- Invoking toplevel() on ptolemy.moml.MoMLSimpleApplication@34e7ae75
----------------- Done invoking toplevel() on ptolemy.moml.MoMLSimpleApplication@34e7ae75
reloadAllAccessors: .VectorAssemblerDisassemblerSDF

===========================================================================================
----------------- testing Sat Jul 20 00:28:22 UTC 2019 /home/travis/build/icyphy/ptII/ptolemy/actor/lib/test/auto/WallClockTime.xml
----------------- Instantiating /home/travis/build/icyphy/ptII/ptolemy/actor/lib/test/auto/WallClockTime.xml
1005 ms. Memory: 437248K Free: 313390K (72%)
----------------- Invoking toplevel() on ptolemy.moml.MoMLSimpleApplication@cd5e4f9
----------------- Done invoking toplevel() on ptolemy.moml.MoMLSimpleApplication@cd5e4f9
reloadAllAccessors: .WallClockTime

===========================================================================================
----------------- testing Sat Jul 20 00:28:23 UTC 2019 /home/travis/build/icyphy/ptII/ptolemy/actor/lib/test/auto/WidthTestWithSubscriberPublisher.xml
----------------- Instantiating /home/travis/build/icyphy/ptII/ptolemy/actor/lib/test/auto/WidthTestWithSubscriberPublisher.xml
7 ms. Memory: 437248K Free: 294958K (67%)
----------------- Invoking toplevel() on ptolemy.moml.MoMLSimpleApplication@4aa0b26
----------------- Done invoking toplevel() on ptolemy.moml.MoMLSimpleApplication@4aa0b26
reloadAllAccessors: .WidthTestWithSubscriberPublisher

===========================================================================================
----------------- testing Sat Jul 20 00:28:23 UTC 2019 /home/travis/build/icyphy/ptII/ptolemy/actor/lib/test/auto/WidthTestWithSubscriberPublisher2.xml
----------------- Instantiating /home/travis/build/icyphy/ptII/ptolemy/actor/lib/test/auto/WidthTestWithSubscriberPublisher2.xml
2 ms. Memory: 437248K Free: 288814K (66%)
----------------- Invoking toplevel() on ptolemy.moml.MoMLSimpleApplication@7589efd6
----------------- Done invoking toplevel() on ptolemy.moml.MoMLSimpleApplication@7589efd6
reloadAllAccessors: .WidthTestWithSubscriberPublisher2

===========================================================================================
----------------- testing Sat Jul 20 00:28:23 UTC 2019 /home/travis/build/icyphy/ptII/ptolemy/actor/lib/test/auto/WidthTestWithSubscriberPublisher3.xml
----------------- Instantiating /home/travis/build/icyphy/ptII/ptolemy/actor/lib/test/auto/WidthTestWithSubscriberPublisher3.xml
2 ms. Memory: 437248K Free: 281646K (64%)
----------------- Invoking toplevel() on ptolemy.moml.MoMLSimpleApplication@197d474b
----------------- Done invoking toplevel() on ptolemy.moml.MoMLSimpleApplication@197d474b
reloadAllAccessors: .WidthTestWithSubscriberPublisher3

===========================================================================================
----------------- testing Sat Jul 20 00:28:23 UTC 2019 /home/travis/build/icyphy/ptII/ptolemy/actor/lib/test/auto/Writer.xml
----------------- Instantiating /home/travis/build/icyphy/ptII/ptolemy/actor/lib/test/auto/Writer.xml
0
1
2
3
4
2 ms. Memory: 437248K Free: 277550K (63%)
----------------- Invoking toplevel() on ptolemy.moml.MoMLSimpleApplication@4cf32d72
----------------- Done invoking toplevel() on ptolemy.moml.MoMLSimpleApplication@4cf32d72
reloadAllAccessors: .Writer

===========================================================================================
----------------- testing Sat Jul 20 00:28:23 UTC 2019 /home/travis/build/icyphy/ptII/ptolemy/actor/lib/test/auto/array.xml
----------------- Instantiating /home/travis/build/icyphy/ptII/ptolemy/actor/lib/test/auto/array.xml
15 ms. Memory: 437248K Free: 272940K (62%)
----------------- Invoking toplevel() on ptolemy.moml.MoMLSimpleApplication@33df0d79
----------------- Done invoking toplevel() on ptolemy.moml.MoMLSimpleApplication@33df0d79
reloadAllAccessors: .array

===========================================================================================
----------------- testing Sat Jul 20 00:28:24 UTC 2019 /home/travis/build/icyphy/ptII/ptolemy/actor/lib/test/auto/array2.xml
----------------- Instantiating /home/travis/build/icyphy/ptII/ptolemy/actor/lib/test/auto/array2.xml
2 ms. Memory: 437248K Free: 267806K (61%)
----------------- Invoking toplevel() on ptolemy.moml.MoMLSimpleApplication@64cb36d3
----------------- Done invoking toplevel() on ptolemy.moml.MoMLSimpleApplication@64cb36d3
reloadAllAccessors: .array2

===========================================================================================
----------------- testing Sat Jul 20 00:28:24 UTC 2019 /home/travis/build/icyphy/ptII/ptolemy/actor/lib/test/auto/arrayType.xml
----------------- Instantiating /home/travis/build/icyphy/ptII/ptolemy/actor/lib/test/auto/arrayType.xml
2 ms. Memory: 437248K Free: 262190K (60%)
----------------- Invoking toplevel() on ptolemy.moml.MoMLSimpleApplication@46de0a37
----------------- Done invoking toplevel() on ptolemy.moml.MoMLSimpleApplication@46de0a37
reloadAllAccessors: .arrayType

===========================================================================================
----------------- testing Sat Jul 20 00:28:24 UTC 2019 /home/travis/build/icyphy/ptII/ptolemy/actor/lib/test/auto/arrayType10.xml
----------------- Instantiating /home/travis/build/icyphy/ptII/ptolemy/actor/lib/test/auto/arrayType10.xml
1 ms. Memory: 437248K Free: 257070K (59%)
----------------- Invoking toplevel() on ptolemy.moml.MoMLSimpleApplication@273de7a1
----------------- Done invoking toplevel() on ptolemy.moml.MoMLSimpleApplication@273de7a1
reloadAllAccessors: .arrayType10

===========================================================================================
----------------- testing Sat Jul 20 00:28:24 UTC 2019 /home/travis/build/icyphy/ptII/ptolemy/actor/lib/test/auto/arrayType11.xml
----------------- Instantiating /home/travis/build/icyphy/ptII/ptolemy/actor/lib/test/auto/arrayType11.xml
1 ms. Memory: 437248K Free: 252460K (58%)
----------------- Invoking toplevel() on ptolemy.moml.MoMLSimpleApplication@4b0a26fd
----------------- Done invoking toplevel() on ptolemy.moml.MoMLSimpleApplication@4b0a26fd
reloadAllAccessors: .arrayType11

===========================================================================================
----------------- testing Sat Jul 20 00:28:24 UTC 2019 /home/travis/build/icyphy/ptII/ptolemy/actor/lib/test/auto/arrayType12.xml
----------------- Instantiating /home/travis/build/icyphy/ptII/ptolemy/actor/lib/test/auto/arrayType12.xml
1 ms. Memory: 437248K Free: 247854K (57%)
----------------- Invoking toplevel() on ptolemy.moml.MoMLSimpleApplication@73714e09
----------------- Done invoking toplevel() on ptolemy.moml.MoMLSimpleApplication@73714e09
reloadAllAccessors: .arrayType12

===========================================================================================
----------------- testing Sat Jul 20 00:28:24 UTC 2019 /home/travis/build/icyphy/ptII/ptolemy/actor/lib/test/auto/arrayType13.xml
----------------- Instantiating /home/travis/build/icyphy/ptII/ptolemy/actor/lib/test/auto/arrayType13.xml
2 ms. Memory: 437248K Free: 242220K (55%)
----------------- Invoking toplevel() on ptolemy.moml.MoMLSimpleApplication@29057000
----------------- Done invoking toplevel() on ptolemy.moml.MoMLSimpleApplication@29057000
reloadAllAccessors: .arrayType13

===========================================================================================
----------------- testing Sat Jul 20 00:28:24 UTC 2019 /home/travis/build/icyphy/ptII/ptolemy/actor/lib/test/auto/arrayType14.xml
----------------- Instantiating /home/travis/build/icyphy/ptII/ptolemy/actor/lib/test/auto/arrayType14.xml
2 ms. Memory: 437248K Free: 237100K (54%)
----------------- Invoking toplevel() on ptolemy.moml.MoMLSimpleApplication@3aea7944
----------------- Done invoking toplevel() on ptolemy.moml.MoMLSimpleApplication@3aea7944
reloadAllAccessors: .arrayType14

===========================================================================================
----------------- testing Sat Jul 20 00:28:24 UTC 2019 /home/travis/build/icyphy/ptII/ptolemy/actor/lib/test/auto/arrayType15.xml
----------------- Instantiating /home/travis/build/icyphy/ptII/ptolemy/actor/lib/test/auto/arrayType15.xml
3 ms. Memory: 437248K Free: 231470K (53%)
----------------- Invoking toplevel() on ptolemy.moml.MoMLSimpleApplication@59bcde1c
----------------- Done invoking toplevel() on ptolemy.moml.MoMLSimpleApplication@59bcde1c
reloadAllAccessors: .arrayType15

===========================================================================================
----------------- testing Sat Jul 20 00:28:24 UTC 2019 /home/travis/build/icyphy/ptII/ptolemy/actor/lib/test/auto/arrayType16.xml
----------------- Instantiating /home/travis/build/icyphy/ptII/ptolemy/actor/lib/test/auto/arrayType16.xml
2 ms. Memory: 437248K Free: 226350K (52%)
----------------- Invoking toplevel() on ptolemy.moml.MoMLSimpleApplication@284804e3
----------------- Done invoking toplevel() on ptolemy.moml.MoMLSimpleApplication@284804e3
reloadAllAccessors: .arrayType16

===========================================================================================
----------------- testing Sat Jul 20 00:28:24 UTC 2019 /home/travis/build/icyphy/ptII/ptolemy/actor/lib/test/auto/arrayType17.xml
----------------- Instantiating /home/travis/build/icyphy/ptII/ptolemy/actor/lib/test/auto/arrayType17.xml
2 ms. Memory: 437248K Free: 220716K (50%)
----------------- Invoking toplevel() on ptolemy.moml.MoMLSimpleApplication@4cfe4be0
----------------- Done invoking toplevel() on ptolemy.moml.MoMLSimpleApplication@4cfe4be0
reloadAllAccessors: .arrayType17

===========================================================================================
----------------- testing Sat Jul 20 00:28:24 UTC 2019 /home/travis/build/icyphy/ptII/ptolemy/actor/lib/test/auto/arrayType18.xml
----------------- Instantiating /home/travis/build/icyphy/ptII/ptolemy/actor/lib/test/auto/arrayType18.xml
1 ms. Memory: 437248K Free: 216110K (49%)
----------------- Invoking toplevel() on ptolemy.moml.MoMLSimpleApplication@68ba9da5
----------------- Done invoking toplevel() on ptolemy.moml.MoMLSimpleApplication@68ba9da5
reloadAllAccessors: .arrayType18

===========================================================================================
----------------- testing Sat Jul 20 00:28:24 UTC 2019 /home/travis/build/icyphy/ptII/ptolemy/actor/lib/test/auto/arrayType19.xml
----------------- Instantiating /home/travis/build/icyphy/ptII/ptolemy/actor/lib/test/auto/arrayType19.xml
1 ms. Memory: 437248K Free: 210990K (48%)
----------------- Invoking toplevel() on ptolemy.moml.MoMLSimpleApplication@5a308cd8
----------------- Done invoking toplevel() on ptolemy.moml.MoMLSimpleApplication@5a308cd8
reloadAllAccessors: .arrayType19

===========================================================================================
----------------- testing Sat Jul 20 00:28:24 UTC 2019 /home/travis/build/icyphy/ptII/ptolemy/actor/lib/test/auto/arrayType2.xml
----------------- Instantiating /home/travis/build/icyphy/ptII/ptolemy/actor/lib/test/auto/arrayType2.xml
1 ms. Memory: 437248K Free: 205870K (47%)
----------------- Invoking toplevel() on ptolemy.moml.MoMLSimpleApplication@3a8da35b
----------------- Done invoking toplevel() on ptolemy.moml.MoMLSimpleApplication@3a8da35b
reloadAllAccessors: .arrayType2

===========================================================================================
----------------- testing Sat Jul 20 00:28:24 UTC 2019 /home/travis/build/icyphy/ptII/ptolemy/actor/lib/test/auto/arrayType20.xml
----------------- Instantiating /home/travis/build/icyphy/ptII/ptolemy/actor/lib/test/auto/arrayType20.xml
2 ms. Memory: 437248K Free: 201260K (46%)
----------------- Invoking toplevel() on ptolemy.moml.MoMLSimpleApplication@414c5670
----------------- Done invoking toplevel() on ptolemy.moml.MoMLSimpleApplication@414c5670
reloadAllAccessors: .arrayType20

===========================================================================================
----------------- testing Sat Jul 20 00:28:24 UTC 2019 /home/travis/build/icyphy/ptII/ptolemy/actor/lib/test/auto/arrayType21.xml
----------------- Instantiating /home/travis/build/icyphy/ptII/ptolemy/actor/lib/test/auto/arrayType21.xml
2 ms. Memory: 437248K Free: 196140K (45%)
----------------- Invoking toplevel() on ptolemy.moml.MoMLSimpleApplication@728322b7
----------------- Done invoking toplevel() on ptolemy.moml.MoMLSimpleApplication@728322b7
reloadAllAccessors: .arrayType21

===========================================================================================
----------------- testing Sat Jul 20 00:28:24 UTC 2019 /home/travis/build/icyphy/ptII/ptolemy/actor/lib/test/auto/arrayType22.xml
----------------- Instantiating /home/travis/build/icyphy/ptII/ptolemy/actor/lib/test/auto/arrayType22.xml
1 ms. Memory: 437248K Free: 191534K (44%)
----------------- Invoking toplevel() on ptolemy.moml.MoMLSimpleApplication@211ec6d2
----------------- Done invoking toplevel() on ptolemy.moml.MoMLSimpleApplication@211ec6d2
reloadAllAccessors: .arrayType22

===========================================================================================
----------------- testing Sat Jul 20 00:28:24 UTC 2019 /home/travis/build/icyphy/ptII/ptolemy/actor/lib/test/auto/arrayType23.xml
----------------- Instantiating /home/travis/build/icyphy/ptII/ptolemy/actor/lib/test/auto/arrayType23.xml
1 ms. Memory: 437248K Free: 186414K (43%)
----------------- Invoking toplevel() on ptolemy.moml.MoMLSimpleApplication@3a2c4012
----------------- Done invoking toplevel() on ptolemy.moml.MoMLSimpleApplication@3a2c4012
reloadAllAccessors: .arrayType23

===========================================================================================
----------------- testing Sat Jul 20 00:28:24 UTC 2019 /home/travis/build/icyphy/ptII/ptolemy/actor/lib/test/auto/arrayType24.xml
----------------- Instantiating /home/travis/build/icyphy/ptII/ptolemy/actor/lib/test/auto/arrayType24.xml
3 ms. Memory: 437248K Free: 181790K (42%)
----------------- Invoking toplevel() on ptolemy.moml.MoMLSimpleApplication@40ae1773
----------------- Done invoking toplevel() on ptolemy.moml.MoMLSimpleApplication@40ae1773
reloadAllAccessors: .arrayType24

===========================================================================================
----------------- testing Sat Jul 20 00:28:24 UTC 2019 /home/travis/build/icyphy/ptII/ptolemy/actor/lib/test/auto/arrayType25.xml
----------------- Instantiating /home/travis/build/icyphy/ptII/ptolemy/actor/lib/test/auto/arrayType25.xml
1 ms. Memory: 437248K Free: 176174K (40%)
----------------- Invoking toplevel() on ptolemy.moml.MoMLSimpleApplication@59af8b12
----------------- Done invoking toplevel() on ptolemy.moml.MoMLSimpleApplication@59af8b12
reloadAllAccessors: .arrayType25

===========================================================================================
----------------- testing Sat Jul 20 00:28:24 UTC 2019 /home/travis/build/icyphy/ptII/ptolemy/actor/lib/test/auto/arrayType26.xml
----------------- Instantiating /home/travis/build/icyphy/ptII/ptolemy/actor/lib/test/auto/arrayType26.xml
1 ms. Memory: 437248K Free: 171054K (39%)
----------------- Invoking toplevel() on ptolemy.moml.MoMLSimpleApplication@5312749a
----------------- Done invoking toplevel() on ptolemy.moml.MoMLSimpleApplication@5312749a
reloadAllAccessors: .arrayType26

===========================================================================================
----------------- testing Sat Jul 20 00:28:24 UTC 2019 /home/travis/build/icyphy/ptII/ptolemy/actor/lib/test/auto/arrayType27.xml
----------------- Instantiating /home/travis/build/icyphy/ptII/ptolemy/actor/lib/test/auto/arrayType27.xml
2 ms. Memory: 437248K Free: 165420K (38%)
----------------- Invoking toplevel() on ptolemy.moml.MoMLSimpleApplication@4d5be002
----------------- Done invoking toplevel() on ptolemy.moml.MoMLSimpleApplication@4d5be002
reloadAllAccessors: .arrayType27

===========================================================================================
----------------- testing Sat Jul 20 00:28:24 UTC 2019 /home/travis/build/icyphy/ptII/ptolemy/actor/lib/test/auto/arrayType28.xml
----------------- Instantiating /home/travis/build/icyphy/ptII/ptolemy/actor/lib/test/auto/arrayType28.xml
2 ms. Memory: 437248K Free: 160300K (37%)
----------------- Invoking toplevel() on ptolemy.moml.MoMLSimpleApplication@55cfae3e
----------------- Done invoking toplevel() on ptolemy.moml.MoMLSimpleApplication@55cfae3e
reloadAllAccessors: .arrayType28

===========================================================================================
----------------- testing Sat Jul 20 00:28:24 UTC 2019 /home/travis/build/icyphy/ptII/ptolemy/actor/lib/test/auto/arrayType3.xml
----------------- Instantiating /home/travis/build/icyphy/ptII/ptolemy/actor/lib/test/auto/arrayType3.xml
2 ms. Memory: 437248K Free: 154670K (35%)
----------------- Invoking toplevel() on ptolemy.moml.MoMLSimpleApplication@76e95c06
----------------- Done invoking toplevel() on ptolemy.moml.MoMLSimpleApplication@76e95c06
reloadAllAccessors: .arrayType3

===========================================================================================
----------------- testing Sat Jul 20 00:28:24 UTC 2019 /home/travis/build/icyphy/ptII/ptolemy/actor/lib/test/auto/arrayType4.xml
----------------- Instantiating /home/travis/build/icyphy/ptII/ptolemy/actor/lib/test/auto/arrayType4.xml
1 ms. Memory: 437248K Free: 149550K (34%)
----------------- Invoking toplevel() on ptolemy.moml.MoMLSimpleApplication@c95e396
----------------- Done invoking toplevel() on ptolemy.moml.MoMLSimpleApplication@c95e396
reloadAllAccessors: .arrayType4

===========================================================================================
----------------- testing Sat Jul 20 00:28:24 UTC 2019 /home/travis/build/icyphy/ptII/ptolemy/actor/lib/test/auto/arrayType5.xml
----------------- Instantiating /home/travis/build/icyphy/ptII/ptolemy/actor/lib/test/auto/arrayType5.xml
2 ms. Memory: 437248K Free: 143916K (33%)
----------------- Invoking toplevel() on ptolemy.moml.MoMLSimpleApplication@643b86aa
----------------- Done invoking toplevel() on ptolemy.moml.MoMLSimpleApplication@643b86aa
reloadAllAccessors: .arrayType5

===========================================================================================
----------------- testing Sat Jul 20 00:28:24 UTC 2019 /home/travis/build/icyphy/ptII/ptolemy/actor/lib/test/auto/arrayType6.xml
----------------- Instantiating /home/travis/build/icyphy/ptII/ptolemy/actor/lib/test/auto/arrayType6.xml
2 ms. Memory: 437248K Free: 139310K (32%)
----------------- Invoking toplevel() on ptolemy.moml.MoMLSimpleApplication@61294f50
----------------- Done invoking toplevel() on ptolemy.moml.MoMLSimpleApplication@61294f50
reloadAllAccessors: .arrayType6

===========================================================================================
----------------- testing Sat Jul 20 00:28:24 UTC 2019 /home/travis/build/icyphy/ptII/ptolemy/actor/lib/test/auto/arrayType7.xml
----------------- Instantiating /home/travis/build/icyphy/ptII/ptolemy/actor/lib/test/auto/arrayType7.xml
6 ms. Memory: 437248K Free: 134190K (31%)
----------------- Invoking toplevel() on ptolemy.moml.MoMLSimpleApplication@5a19cde2
----------------- Done invoking toplevel() on ptolemy.moml.MoMLSimpleApplication@5a19cde2
reloadAllAccessors: .arrayType7

===========================================================================================
----------------- testing Sat Jul 20 00:28:24 UTC 2019 /home/travis/build/icyphy/ptII/ptolemy/actor/lib/test/auto/arrayType8.xml
----------------- Instantiating /home/travis/build/icyphy/ptII/ptolemy/actor/lib/test/auto/arrayType8.xml
1 ms. Memory: 437248K Free: 129070K (30%)
----------------- Invoking toplevel() on ptolemy.moml.MoMLSimpleApplication@78d2b8a9
----------------- Done invoking toplevel() on ptolemy.moml.MoMLSimpleApplication@78d2b8a9
reloadAllAccessors: .arrayType8

===========================================================================================
----------------- testing Sat Jul 20 00:28:24 UTC 2019 /home/travis/build/icyphy/ptII/ptolemy/actor/lib/test/auto/arrayType9.xml
----------------- Instantiating /home/travis/build/icyphy/ptII/ptolemy/actor/lib/test/auto/arrayType9.xml
1 ms. Memory: 437248K Free: 380749K (87%)
----------------- Invoking toplevel() on ptolemy.moml.MoMLSimpleApplication@648576e9
----------------- Done invoking toplevel() on ptolemy.moml.MoMLSimpleApplication@648576e9
reloadAllAccessors: .arrayType9

===========================================================================================
----------------- testing Sat Jul 20 00:28:24 UTC 2019 /home/travis/build/icyphy/ptII/ptolemy/actor/lib/test/auto/cast.xml
----------------- Instantiating /home/travis/build/icyphy/ptII/ptolemy/actor/lib/test/auto/cast.xml
2 ms. Memory: 437248K Free: 376139K (86%)
----------------- Invoking toplevel() on ptolemy.moml.MoMLSimpleApplication@3726569f
----------------- Done invoking toplevel() on ptolemy.moml.MoMLSimpleApplication@3726569f
reloadAllAccessors: .cast

===========================================================================================
----------------- testing Sat Jul 20 00:28:24 UTC 2019 /home/travis/build/icyphy/ptII/ptolemy/actor/lib/test/auto/compositeMultiPort.xml
----------------- Instantiating /home/travis/build/icyphy/ptII/ptolemy/actor/lib/test/auto/compositeMultiPort.xml
4 ms. Memory: 437248K Free: 366909K (84%)
----------------- Invoking toplevel() on ptolemy.moml.MoMLSimpleApplication@729826c4
----------------- Done invoking toplevel() on ptolemy.moml.MoMLSimpleApplication@729826c4
reloadAllAccessors: .compositeMultiPort

===========================================================================================
----------------- testing Sat Jul 20 00:28:24 UTC 2019 /home/travis/build/icyphy/ptII/ptolemy/actor/lib/test/auto/expressionCastInference.xml
----------------- Instantiating /home/travis/build/icyphy/ptII/ptolemy/actor/lib/test/auto/expressionCastInference.xml
2 ms. Memory: 437248K Free: 362317K (83%)
----------------- Invoking toplevel() on ptolemy.moml.MoMLSimpleApplication@d58dbb6
----------------- Done invoking toplevel() on ptolemy.moml.MoMLSimpleApplication@d58dbb6
reloadAllAccessors: .expressionCastInference

===========================================================================================
----------------- testing Sat Jul 20 00:28:24 UTC 2019 /home/travis/build/icyphy/ptII/ptolemy/actor/lib/test/auto/expressionCastInference2.xml
----------------- Instantiating /home/travis/build/icyphy/ptII/ptolemy/actor/lib/test/auto/expressionCastInference2.xml
2 ms. Memory: 437248K Free: 357197K (82%)
----------------- Invoking toplevel() on ptolemy.moml.MoMLSimpleApplication@8465a44
----------------- Done invoking toplevel() on ptolemy.moml.MoMLSimpleApplication@8465a44
reloadAllAccessors: .expressionCastInference2

===========================================================================================
----------------- testing Sat Jul 20 00:28:24 UTC 2019 /home/travis/build/icyphy/ptII/ptolemy/actor/lib/test/auto/expressionInference.xml
----------------- Instantiating /home/travis/build/icyphy/ptII/ptolemy/actor/lib/test/auto/expressionInference.xml
1 ms. Memory: 437248K Free: 353101K (81%)
----------------- Invoking toplevel() on ptolemy.moml.MoMLSimpleApplication@173ec24a
----------------- Done invoking toplevel() on ptolemy.moml.MoMLSimpleApplication@173ec24a
reloadAllAccessors: .expressionInference

===========================================================================================
----------------- testing Sat Jul 20 00:28:24 UTC 2019 /home/travis/build/icyphy/ptII/ptolemy/actor/lib/test/auto/expression_bug.xml
----------------- Instantiating /home/travis/build/icyphy/ptII/ptolemy/actor/lib/test/auto/expression_bug.xml
1 ms. Memory: 437248K Free: 348491K (80%)
----------------- Invoking toplevel() on ptolemy.moml.MoMLSimpleApplication@5469c5ab
----------------- Done invoking toplevel() on ptolemy.moml.MoMLSimpleApplication@5469c5ab
reloadAllAccessors: .expression_bug

===========================================================================================
----------------- testing Sat Jul 20 00:28:24 UTC 2019 /home/travis/build/icyphy/ptII/ptolemy/actor/lib/test/auto/factorial.xml
----------------- Instantiating /home/travis/build/icyphy/ptII/ptolemy/actor/lib/test/auto/factorial.xml
42 ms. Memory: 437248K Free: 339789K (78%)
----------------- Invoking toplevel() on ptolemy.moml.MoMLSimpleApplication@4cff6a9f
----------------- Done invoking toplevel() on ptolemy.moml.MoMLSimpleApplication@4cff6a9f
reloadAllAccessors: .factorial

===========================================================================================
----------------- testing Sat Jul 20 00:28:24 UTC 2019 /home/travis/build/icyphy/ptII/ptolemy/actor/lib/test/auto/filterTest1.xml
----------------- Instantiating /home/travis/build/icyphy/ptII/ptolemy/actor/lib/test/auto/filterTest1.xml
3 ms. Memory: 437248K Free: 333117K (76%)
----------------- Invoking toplevel() on ptolemy.moml.MoMLSimpleApplication@4b9abc7
----------------- Done invoking toplevel() on ptolemy.moml.MoMLSimpleApplication@4b9abc7
reloadAllAccessors: .filterTest1

===========================================================================================
----------------- testing Sat Jul 20 00:28:24 UTC 2019 /home/travis/build/icyphy/ptII/ptolemy/actor/lib/test/auto/funcApplyInConst.xml
----------------- Instantiating /home/travis/build/icyphy/ptII/ptolemy/actor/lib/test/auto/funcApplyInConst.xml
1 ms. Memory: 437248K Free: 329549K (75%)
----------------- Invoking toplevel() on ptolemy.moml.MoMLSimpleApplication@150a0776
----------------- Done invoking toplevel() on ptolemy.moml.MoMLSimpleApplication@150a0776
reloadAllAccessors: .funcApplyInConst

===========================================================================================
----------------- testing Sat Jul 20 00:28:24 UTC 2019 /home/travis/build/icyphy/ptII/ptolemy/actor/lib/test/auto/funcApplyInExpr.xml
----------------- Instantiating /home/travis/build/icyphy/ptII/ptolemy/actor/lib/test/auto/funcApplyInExpr.xml
2 ms. Memory: 437248K Free: 325453K (74%)
----------------- Invoking toplevel() on ptolemy.moml.MoMLSimpleApplication@66d03455
----------------- Done invoking toplevel() on ptolemy.moml.MoMLSimpleApplication@66d03455
reloadAllAccessors: .funcApplyInExpr

===========================================================================================
----------------- testing Sat Jul 20 00:28:24 UTC 2019 /home/travis/build/icyphy/ptII/ptolemy/actor/lib/test/auto/function.xml
----------------- Instantiating /home/travis/build/icyphy/ptII/ptolemy/actor/lib/test/auto/function.xml
2 ms. Memory: 437248K Free: 320843K (73%)
----------------- Invoking toplevel() on ptolemy.moml.MoMLSimpleApplication@51f5ad95
----------------- Done invoking toplevel() on ptolemy.moml.MoMLSimpleApplication@51f5ad95
reloadAllAccessors: .function

===========================================================================================
----------------- testing Sat Jul 20 00:28:24 UTC 2019 /home/travis/build/icyphy/ptII/ptolemy/actor/lib/test/auto/function2.xml
----------------- Instantiating /home/travis/build/icyphy/ptII/ptolemy/actor/lib/test/auto/function2.xml
2 ms. Memory: 437248K Free: 315723K (72%)
----------------- Invoking toplevel() on ptolemy.moml.MoMLSimpleApplication@608bf8d4
----------------- Done invoking toplevel() on ptolemy.moml.MoMLSimpleApplication@608bf8d4
reloadAllAccessors: .function2

===========================================================================================
----------------- testing Sat Jul 20 00:28:24 UTC 2019 /home/travis/build/icyphy/ptII/ptolemy/actor/lib/test/auto/function3.xml
----------------- Instantiating /home/travis/build/icyphy/ptII/ptolemy/actor/lib/test/auto/function3.xml
1 ms. Memory: 437248K Free: 312141K (71%)
----------------- Invoking toplevel() on ptolemy.moml.MoMLSimpleApplication@68a3afd3
----------------- Done invoking toplevel() on ptolemy.moml.MoMLSimpleApplication@68a3afd3
reloadAllAccessors: .function3

===========================================================================================
----------------- testing Sat Jul 20 00:28:24 UTC 2019 /home/travis/build/icyphy/ptII/ptolemy/actor/lib/test/auto/functionClosureTest1.xml
----------------- Instantiating /home/travis/build/icyphy/ptII/ptolemy/actor/lib/test/auto/functionClosureTest1.xml
2 ms. Memory: 437248K Free: 305997K (70%)
----------------- Invoking toplevel() on ptolemy.moml.MoMLSimpleApplication@52374ca8
----------------- Done invoking toplevel() on ptolemy.moml.MoMLSimpleApplication@52374ca8
reloadAllAccessors: .functionClosureTest1

===========================================================================================
----------------- testing Sat Jul 20 00:28:24 UTC 2019 /home/travis/build/icyphy/ptII/ptolemy/actor/lib/test/auto/functionClosureTest2.xml
----------------- Instantiating /home/travis/build/icyphy/ptII/ptolemy/actor/lib/test/auto/functionClosureTest2.xml
1 ms. Memory: 437248K Free: 301901K (69%)
----------------- Invoking toplevel() on ptolemy.moml.MoMLSimpleApplication@17789445
----------------- Done invoking toplevel() on ptolemy.moml.MoMLSimpleApplication@17789445
reloadAllAccessors: .functionClosureTest2

===========================================================================================
----------------- testing Sat Jul 20 00:28:24 UTC 2019 /home/travis/build/icyphy/ptII/ptolemy/actor/lib/test/auto/functionClosureTest3.xml
----------------- Instantiating /home/travis/build/icyphy/ptII/ptolemy/actor/lib/test/auto/functionClosureTest3.xml
2 ms. Memory: 437248K Free: 296781K (68%)
----------------- Invoking toplevel() on ptolemy.moml.MoMLSimpleApplication@4c106a77
----------------- Done invoking toplevel() on ptolemy.moml.MoMLSimpleApplication@4c106a77
reloadAllAccessors: .functionClosureTest3

===========================================================================================
----------------- testing Sat Jul 20 00:28:24 UTC 2019 /home/travis/build/icyphy/ptII/ptolemy/actor/lib/test/auto/functionClosureTest4.xml
----------------- Instantiating /home/travis/build/icyphy/ptII/ptolemy/actor/lib/test/auto/functionClosureTest4.xml
4 ms. Memory: 437248K Free: 290123K (66%)
----------------- Invoking toplevel() on ptolemy.moml.MoMLSimpleApplication@5cee539e
----------------- Done invoking toplevel() on ptolemy.moml.MoMLSimpleApplication@5cee539e
reloadAllAccessors: .functionClosureTest4

===========================================================================================
----------------- testing Sat Jul 20 00:28:24 UTC 2019 /home/travis/build/icyphy/ptII/ptolemy/actor/lib/test/auto/functionClosureTest5.xml
----------------- Instantiating /home/travis/build/icyphy/ptII/ptolemy/actor/lib/test/auto/functionClosureTest5.xml
5 ms. Memory: 437248K Free: 284989K (65%)
----------------- Invoking toplevel() on ptolemy.moml.MoMLSimpleApplication@4af9ac5c
----------------- Done invoking toplevel() on ptolemy.moml.MoMLSimpleApplication@4af9ac5c
reloadAllAccessors: .functionClosureTest5

===========================================================================================
----------------- testing Sat Jul 20 00:28:24 UTC 2019 /home/travis/build/icyphy/ptII/ptolemy/actor/lib/test/auto/functionClosureTest6.xml
----------------- Instantiating /home/travis/build/icyphy/ptII/ptolemy/actor/lib/test/auto/functionClosureTest6.xml
2 ms. Memory: 437248K Free: 279877K (64%)
----------------- Invoking toplevel() on ptolemy.moml.MoMLSimpleApplication@75c1cd90
----------------- Done invoking toplevel() on ptolemy.moml.MoMLSimpleApplication@75c1cd90
reloadAllAccessors: .functionClosureTest6

===========================================================================================
----------------- testing Sat Jul 20 00:28:24 UTC 2019 /home/travis/build/icyphy/ptII/ptolemy/actor/lib/test/auto/functionsOnArcs.xml
----------------- Instantiating /home/travis/build/icyphy/ptII/ptolemy/actor/lib/test/auto/functionsOnArcs.xml
2 ms. Memory: 437248K Free: 274763K (63%)
----------------- Invoking toplevel() on ptolemy.moml.MoMLSimpleApplication@77d47c51
----------------- Done invoking toplevel() on ptolemy.moml.MoMLSimpleApplication@77d47c51
reloadAllAccessors: .functionsOnArcs

===========================================================================================
----------------- testing Sat Jul 20 00:28:25 UTC 2019 /home/travis/build/icyphy/ptII/ptolemy/actor/lib/test/auto/functionsOnArcsHOF.xml
----------------- Instantiating /home/travis/build/icyphy/ptII/ptolemy/actor/lib/test/auto/functionsOnArcsHOF.xml
4 ms. Memory: 437248K Free: 268619K (61%)
----------------- Invoking toplevel() on ptolemy.moml.MoMLSimpleApplication@7be71421
----------------- Done invoking toplevel() on ptolemy.moml.MoMLSimpleApplication@7be71421
reloadAllAccessors: .functionsOnArcsHOF

===========================================================================================
----------------- testing Sat Jul 20 00:28:25 UTC 2019 /home/travis/build/icyphy/ptII/ptolemy/actor/lib/test/auto/logic.xml
----------------- Instantiating /home/travis/build/icyphy/ptII/ptolemy/actor/lib/test/auto/logic.xml
2 ms. Memory: 437248K Free: 261451K (60%)
----------------- Invoking toplevel() on ptolemy.moml.MoMLSimpleApplication@2ed5e4cf
----------------- Done invoking toplevel() on ptolemy.moml.MoMLSimpleApplication@2ed5e4cf
reloadAllAccessors: .logic

===========================================================================================
----------------- testing Sat Jul 20 00:28:25 UTC 2019 /home/travis/build/icyphy/ptII/ptolemy/actor/lib/test/auto/matrixType.xml
----------------- Instantiating /home/travis/build/icyphy/ptII/ptolemy/actor/lib/test/auto/matrixType.xml
2 ms. Memory: 437248K Free: 256331K (59%)
----------------- Invoking toplevel() on ptolemy.moml.MoMLSimpleApplication@2503a76a
----------------- Done invoking toplevel() on ptolemy.moml.MoMLSimpleApplication@2503a76a
reloadAllAccessors: .matrixType

===========================================================================================
----------------- testing Sat Jul 20 00:28:25 UTC 2019 /home/travis/build/icyphy/ptII/ptolemy/actor/lib/test/auto/matrixType10.xml
----------------- Instantiating /home/travis/build/icyphy/ptII/ptolemy/actor/lib/test/auto/matrixType10.xml
2 ms. Memory: 437248K Free: 250701K (57%)
----------------- Invoking toplevel() on ptolemy.moml.MoMLSimpleApplication@577c56fa
----------------- Done invoking toplevel() on ptolemy.moml.MoMLSimpleApplication@577c56fa
reloadAllAccessors: .matrixType10

===========================================================================================
----------------- testing Sat Jul 20 00:28:25 UTC 2019 /home/travis/build/icyphy/ptII/ptolemy/actor/lib/test/auto/matrixType11.xml
----------------- Instantiating /home/travis/build/icyphy/ptII/ptolemy/actor/lib/test/auto/matrixType11.xml
1 ms. Memory: 437248K Free: 246091K (56%)
----------------- Invoking toplevel() on ptolemy.moml.MoMLSimpleApplication@7c1fefd3
----------------- Done invoking toplevel() on ptolemy.moml.MoMLSimpleApplication@7c1fefd3
reloadAllAccessors: .matrixType11

===========================================================================================
----------------- testing Sat Jul 20 00:28:25 UTC 2019 /home/travis/build/icyphy/ptII/ptolemy/actor/lib/test/auto/matrixType12.xml
----------------- Instantiating /home/travis/build/icyphy/ptII/ptolemy/actor/lib/test/auto/matrixType12.xml
2 ms. Memory: 437248K Free: 240971K (55%)
----------------- Invoking toplevel() on ptolemy.moml.MoMLSimpleApplication@6e206fd
----------------- Done invoking toplevel() on ptolemy.moml.MoMLSimpleApplication@6e206fd
reloadAllAccessors: .matrixType12

===========================================================================================
----------------- testing Sat Jul 20 00:28:25 UTC 2019 /home/travis/build/icyphy/ptII/ptolemy/actor/lib/test/auto/matrixType13.xml
----------------- Instantiating /home/travis/build/icyphy/ptII/ptolemy/actor/lib/test/auto/matrixType13.xml
2 ms. Memory: 437248K Free: 236365K (54%)
----------------- Invoking toplevel() on ptolemy.moml.MoMLSimpleApplication@6e4cea39
----------------- Done invoking toplevel() on ptolemy.moml.MoMLSimpleApplication@6e4cea39
reloadAllAccessors: .matrixType13

===========================================================================================
----------------- testing Sat Jul 20 00:28:25 UTC 2019 /home/travis/build/icyphy/ptII/ptolemy/actor/lib/test/auto/matrixType14.xml
----------------- Instantiating /home/travis/build/icyphy/ptII/ptolemy/actor/lib/test/auto/matrixType14.xml
2 ms. Memory: 437248K Free: 230731K (53%)
----------------- Invoking toplevel() on ptolemy.moml.MoMLSimpleApplication@3cc37420
----------------- Done invoking toplevel() on ptolemy.moml.MoMLSimpleApplication@3cc37420
reloadAllAccessors: .matrixType14

===========================================================================================
----------------- testing Sat Jul 20 00:28:25 UTC 2019 /home/travis/build/icyphy/ptII/ptolemy/actor/lib/test/auto/matrixType2.xml
----------------- Instantiating /home/travis/build/icyphy/ptII/ptolemy/actor/lib/test/auto/matrixType2.xml
1 ms. Memory: 437248K Free: 225611K (52%)
----------------- Invoking toplevel() on ptolemy.moml.MoMLSimpleApplication@7fd82aaa
----------------- Done invoking toplevel() on ptolemy.moml.MoMLSimpleApplication@7fd82aaa
reloadAllAccessors: .matrixType2

===========================================================================================
----------------- testing Sat Jul 20 00:28:25 UTC 2019 /home/travis/build/icyphy/ptII/ptolemy/actor/lib/test/auto/matrixType3.xml
----------------- Instantiating /home/travis/build/icyphy/ptII/ptolemy/actor/lib/test/auto/matrixType3.xml
4 ms. Memory: 437248K Free: 220491K (50%)
----------------- Invoking toplevel() on ptolemy.moml.MoMLSimpleApplication@aeb1cea
----------------- Done invoking toplevel() on ptolemy.moml.MoMLSimpleApplication@aeb1cea
reloadAllAccessors: .matrixType3

===========================================================================================
----------------- testing Sat Jul 20 00:28:25 UTC 2019 /home/travis/build/icyphy/ptII/ptolemy/actor/lib/test/auto/matrixType4.xml
----------------- Instantiating /home/travis/build/icyphy/ptII/ptolemy/actor/lib/test/auto/matrixType4.xml
1 ms. Memory: 437248K Free: 215371K (49%)
----------------- Invoking toplevel() on ptolemy.moml.MoMLSimpleApplication@2f4fe9e8
----------------- Done invoking toplevel() on ptolemy.moml.MoMLSimpleApplication@2f4fe9e8
reloadAllAccessors: .matrixType4

===========================================================================================
----------------- testing Sat Jul 20 00:28:25 UTC 2019 /home/travis/build/icyphy/ptII/ptolemy/actor/lib/test/auto/matrixType5.xml
----------------- Instantiating /home/travis/build/icyphy/ptII/ptolemy/actor/lib/test/auto/matrixType5.xml
2 ms. Memory: 437248K Free: 210765K (48%)
----------------- Invoking toplevel() on ptolemy.moml.MoMLSimpleApplication@7debdfc9
----------------- Done invoking toplevel() on ptolemy.moml.MoMLSimpleApplication@7debdfc9
reloadAllAccessors: .matrixType5

===========================================================================================
----------------- testing Sat Jul 20 00:28:25 UTC 2019 /home/travis/build/icyphy/ptII/ptolemy/actor/lib/test/auto/matrixType6.xml
----------------- Instantiating /home/travis/build/icyphy/ptII/ptolemy/actor/lib/test/auto/matrixType6.xml
1 ms. Memory: 437248K Free: 205645K (47%)
----------------- Invoking toplevel() on ptolemy.moml.MoMLSimpleApplication@3af79758
----------------- Done invoking toplevel() on ptolemy.moml.MoMLSimpleApplication@3af79758
reloadAllAccessors: .matrixType6

===========================================================================================
----------------- testing Sat Jul 20 00:28:25 UTC 2019 /home/travis/build/icyphy/ptII/ptolemy/actor/lib/test/auto/matrixType7.xml
----------------- Instantiating /home/travis/build/icyphy/ptII/ptolemy/actor/lib/test/auto/matrixType7.xml
2 ms. Memory: 437248K Free: 201035K (46%)
----------------- Invoking toplevel() on ptolemy.moml.MoMLSimpleApplication@7e071860
----------------- Done invoking toplevel() on ptolemy.moml.MoMLSimpleApplication@7e071860
reloadAllAccessors: .matrixType7

===========================================================================================
----------------- testing Sat Jul 20 00:28:25 UTC 2019 /home/travis/build/icyphy/ptII/ptolemy/actor/lib/test/auto/matrixType8.xml
----------------- Instantiating /home/travis/build/icyphy/ptII/ptolemy/actor/lib/test/auto/matrixType8.xml
1 ms. Memory: 437248K Free: 195915K (45%)
----------------- Invoking toplevel() on ptolemy.moml.MoMLSimpleApplication@52945cf1
----------------- Done invoking toplevel() on ptolemy.moml.MoMLSimpleApplication@52945cf1
reloadAllAccessors: .matrixType8

===========================================================================================
----------------- testing Sat Jul 20 00:28:25 UTC 2019 /home/travis/build/icyphy/ptII/ptolemy/actor/lib/test/auto/matrixType9.xml
----------------- Instantiating /home/travis/build/icyphy/ptII/ptolemy/actor/lib/test/auto/matrixType9.xml
2 ms. Memory: 437248K Free: 190795K (44%)
----------------- Invoking toplevel() on ptolemy.moml.MoMLSimpleApplication@34bb3208
----------------- Done invoking toplevel() on ptolemy.moml.MoMLSimpleApplication@34bb3208
reloadAllAccessors: .matrixType9

===========================================================================================
----------------- testing Sat Jul 20 00:28:25 UTC 2019 /home/travis/build/icyphy/ptII/ptolemy/actor/lib/test/auto/paraFunctest.xml
----------------- Instantiating /home/travis/build/icyphy/ptII/ptolemy/actor/lib/test/auto/paraFunctest.xml
2 ms. Memory: 437248K Free: 186699K (43%)
----------------- Invoking toplevel() on ptolemy.moml.MoMLSimpleApplication@55031248
----------------- Done invoking toplevel() on ptolemy.moml.MoMLSimpleApplication@55031248
reloadAllAccessors: .paraFunctest

===========================================================================================
----------------- testing Sat Jul 20 00:28:25 UTC 2019 /home/travis/build/icyphy/ptII/ptolemy/actor/lib/test/auto/paraFunctest2.xml
----------------- Instantiating /home/travis/build/icyphy/ptII/ptolemy/actor/lib/test/auto/paraFunctest2.xml
1 ms. Memory: 437248K Free: 181579K (42%)
----------------- Invoking toplevel() on ptolemy.moml.MoMLSimpleApplication@4cb876f3
----------------- Done invoking toplevel() on ptolemy.moml.MoMLSimpleApplication@4cb876f3
reloadAllAccessors: .paraFunctest2

===========================================================================================
----------------- testing Sat Jul 20 00:28:25 UTC 2019 /home/travis/build/icyphy/ptII/ptolemy/actor/lib/test/auto/parameterPassing.xml
----------------- Instantiating /home/travis/build/icyphy/ptII/ptolemy/actor/lib/test/auto/parameterPassing.xml
2 ms. Memory: 437248K Free: 177483K (41%)
----------------- Invoking toplevel() on ptolemy.moml.MoMLSimpleApplication@d64167f
----------------- Done invoking toplevel() on ptolemy.moml.MoMLSimpleApplication@d64167f
reloadAllAccessors: .parameterPassing

===========================================================================================
----------------- testing Sat Jul 20 00:28:25 UTC 2019 /home/travis/build/icyphy/ptII/ptolemy/actor/lib/test/auto/record.xml
----------------- Instantiating /home/travis/build/icyphy/ptII/ptolemy/actor/lib/test/auto/record.xml
3 ms. Memory: 437248K Free: 172363K (39%)
----------------- Invoking toplevel() on ptolemy.moml.MoMLSimpleApplication@9afb1c9
----------------- Done invoking toplevel() on ptolemy.moml.MoMLSimpleApplication@9afb1c9
reloadAllAccessors: .record

===========================================================================================
----------------- testing Sat Jul 20 00:28:25 UTC 2019 /home/travis/build/icyphy/ptII/ptolemy/actor/lib/test/auto/sizedarray1.xml
----------------- Instantiating /home/travis/build/icyphy/ptII/ptolemy/actor/lib/test/auto/sizedarray1.xml
2 ms. Memory: 437248K Free: 166733K (38%)
----------------- Invoking toplevel() on ptolemy.moml.MoMLSimpleApplication@6ceb2a02
----------------- Done invoking toplevel() on ptolemy.moml.MoMLSimpleApplication@6ceb2a02
reloadAllAccessors: .sizedarray1

===========================================================================================
----------------- testing Sat Jul 20 00:28:25 UTC 2019 /home/travis/build/icyphy/ptII/ptolemy/actor/lib/test/auto/sizedarray2.xml
----------------- Instantiating /home/travis/build/icyphy/ptII/ptolemy/actor/lib/test/auto/sizedarray2.xml
3 ms. Memory: 437248K Free: 161613K (37%)
----------------- Invoking toplevel() on ptolemy.moml.MoMLSimpleApplication@305ab63
----------------- Done invoking toplevel() on ptolemy.moml.MoMLSimpleApplication@305ab63
reloadAllAccessors: .sizedarray2

===========================================================================================
----------------- testing Sat Jul 20 00:28:25 UTC 2019 /home/travis/build/icyphy/ptII/ptolemy/actor/lib/test/auto/twoPublishers.xml
----------------- Instantiating /home/travis/build/icyphy/ptII/ptolemy/actor/lib/test/auto/twoPublishers.xml
7 ms. Memory: 437248K Free: 150859K (35%)
----------------- Invoking toplevel() on ptolemy.moml.MoMLSimpleApplication@18310c06
----------------- Done invoking toplevel() on ptolemy.moml.MoMLSimpleApplication@18310c06
reloadAllAccessors: .twoPublishers
AutoTests.java: About to close Vertx.
AutoTests.java: Vertx closed.
]]></system-out>
  <system-err><![CDATA[java.lang.RuntimeException: Execution failed
	at ptolemy.moml.MoMLSimpleApplication$UnloadThread.run(MoMLSimpleApplication.java:402)
Caused by: java.lang.RuntimeException: StringUtilities.exit() was called. Normally, we would exit here because Manager.exitAfterWrapup() was called.  However, because the ptolemy.ptII.exitAfterWrapup property is set, we throw this exception instead.
	at ptolemy.util.StringUtilities.exit(StringUtilities.java:363)
	at ptolemy.actor.Manager.wrapup(Manager.java:1549)
	at ptolemy.actor.Manager.execute(Manager.java:407)
	at ptolemy.actor.Manager.run(Manager.java:1263)
	at ptolemy.actor.Manager$PtolemyRunThread.run(Manager.java:1933)
Warning: '.top.test' is in training mode, set the trainingMode parameter to false before checking in
Warning: '.top.test' is in training mode, set the trainingMode parameter to false before checking in
Warning: '.top.test' is in training mode, set the trainingMode parameter to false before checking in
Warning: '.BooleanSwitch_RegressionTest_WrongTrainingValues.Test' is in training mode, set the trainingMode parameter to false before checking in
Warning: '.BooleanSwitch_RegressionTest_WrongTrainingValues.Test2' is in training mode, set the trainingMode parameter to false before checking in
Warning: '.BooleanSwitch_RegressionTest_WrongTrainingValues.Test2' The test produced 0 tokens.
Warning: '.top.testExceptionHandler' is in training mode, set the trainingMode parameter to false before checking in
java.lang.RuntimeException: Execution failed
	at ptolemy.moml.MoMLSimpleApplication$UnloadThread.run(MoMLSimpleApplication.java:402)
Caused by: ptolemy.kernel.util.IllegalActionException: PublisherPorts cannot be used at the top level, use a Publisher actor instead.
  in .PublisherPortToplevelSubscriber.PublisherPort
	at ptolemy.actor.PublisherPort.preinitialize(PublisherPort.java:403)
	at ptolemy.actor.CompositeActor.preinitialize(CompositeActor.java:1769)
	at ptolemy.actor.Manager.preinitializeAndResolveTypes(Manager.java:1040)
	at ptolemy.actor.Manager.initialize(Manager.java:710)
	at ptolemy.actor.Manager.execute(Manager.java:356)
	at ptolemy.actor.Manager.run(Manager.java:1263)
	at ptolemy.actor.Manager$PtolemyRunThread.run(Manager.java:1933)
java.lang.reflect.InvocationTargetException
	at java.base/jdk.internal.reflect.NativeConstructorAccessorImpl.newInstance0(Native Method)
	at java.base/jdk.internal.reflect.NativeConstructorAccessorImpl.newInstance(NativeConstructorAccessorImpl.java:62)
	at java.base/jdk.internal.reflect.DelegatingConstructorAccessorImpl.newInstance(DelegatingConstructorAccessorImpl.java:45)
	at java.base/java.lang.reflect.Constructor.newInstance(Constructor.java:490)
	at ptolemy.util.test.junit.AutoKnownFailedTests.RunModel(AutoKnownFailedTests.java:105)
	at java.base/jdk.internal.reflect.NativeMethodAccessorImpl.invoke0(Native Method)
	at java.base/jdk.internal.reflect.NativeMethodAccessorImpl.invoke(NativeMethodAccessorImpl.java:62)
	at java.base/jdk.internal.reflect.DelegatingMethodAccessorImpl.invoke(DelegatingMethodAccessorImpl.java:43)
	at java.base/java.lang.reflect.Method.invoke(Method.java:566)
	at org.junit.runners.model.FrameworkMethod$1.runReflectiveCall(FrameworkMethod.java:44)
	at org.junit.internal.runners.model.ReflectiveCallable.run(ReflectiveCallable.java:15)
	at org.junit.runners.model.FrameworkMethod.invokeExplosively(FrameworkMethod.java:41)
	at junitparams.internal.InvokeParameterisedMethod.evaluate(InvokeParameterisedMethod.java:102)
	at org.junit.internal.runners.statements.FailOnTimeout$1.run(FailOnTimeout.java:28)
Caused by: ptolemy.kernel.util.IllegalActionException: PublisherPorts cannot be used at the top level, use a Publisher actor instead.
  in .PublisherPortToplevelSubscriber.PublisherPort
	at ptolemy.actor.PublisherPort.preinitialize(PublisherPort.java:403)
	at ptolemy.actor.CompositeActor.preinitialize(CompositeActor.java:1769)
	at ptolemy.actor.Manager.preinitializeAndResolveTypes(Manager.java:1040)
	at ptolemy.actor.Manager.initialize(Manager.java:710)
	at ptolemy.actor.Manager.execute(Manager.java:356)
	at ptolemy.actor.Manager.run(Manager.java:1263)
	at ptolemy.actor.Manager$PtolemyRunThread.run(Manager.java:1933)
java.lang.RuntimeException: Execution failed
	at ptolemy.moml.MoMLSimpleApplication$UnloadThread.run(MoMLSimpleApplication.java:402)
Caused by: ptolemy.kernel.util.IllegalActionException: SubscriberPorts cannot be used at the top level, use a Subscriber actor instead.
  in .PublisherSubscriberPortToplevel.SubscriberPort
	at ptolemy.actor.SubscriberPort.preinitialize(SubscriberPort.java:328)
	at ptolemy.actor.CompositeActor.preinitialize(CompositeActor.java:1769)
	at ptolemy.actor.Manager.preinitializeAndResolveTypes(Manager.java:1040)
	at ptolemy.actor.Manager.initialize(Manager.java:710)
	at ptolemy.actor.Manager.execute(Manager.java:356)
	at ptolemy.actor.Manager.run(Manager.java:1263)
	at ptolemy.actor.Manager$PtolemyRunThread.run(Manager.java:1933)
java.lang.reflect.InvocationTargetException
	at java.base/jdk.internal.reflect.NativeConstructorAccessorImpl.newInstance0(Native Method)
	at java.base/jdk.internal.reflect.NativeConstructorAccessorImpl.newInstance(NativeConstructorAccessorImpl.java:62)
	at java.base/jdk.internal.reflect.DelegatingConstructorAccessorImpl.newInstance(DelegatingConstructorAccessorImpl.java:45)
	at java.base/java.lang.reflect.Constructor.newInstance(Constructor.java:490)
	at ptolemy.util.test.junit.AutoKnownFailedTests.RunModel(AutoKnownFailedTests.java:105)
	at java.base/jdk.internal.reflect.NativeMethodAccessorImpl.invoke0(Native Method)
	at java.base/jdk.internal.reflect.NativeMethodAccessorImpl.invoke(NativeMethodAccessorImpl.java:62)
	at java.base/jdk.internal.reflect.DelegatingMethodAccessorImpl.invoke(DelegatingMethodAccessorImpl.java:43)
	at java.base/java.lang.reflect.Method.invoke(Method.java:566)
	at org.junit.runners.model.FrameworkMethod$1.runReflectiveCall(FrameworkMethod.java:44)
	at org.junit.internal.runners.model.ReflectiveCallable.run(ReflectiveCallable.java:15)
	at org.junit.runners.model.FrameworkMethod.invokeExplosively(FrameworkMethod.java:41)
	at junitparams.internal.InvokeParameterisedMethod.evaluate(InvokeParameterisedMethod.java:102)
	at org.junit.internal.runners.statements.FailOnTimeout$1.run(FailOnTimeout.java:28)
Caused by: ptolemy.kernel.util.IllegalActionException: SubscriberPorts cannot be used at the top level, use a Subscriber actor instead.
  in .PublisherSubscriberPortToplevel.SubscriberPort
	at ptolemy.actor.SubscriberPort.preinitialize(SubscriberPort.java:328)
	at ptolemy.actor.CompositeActor.preinitialize(CompositeActor.java:1769)
	at ptolemy.actor.Manager.preinitializeAndResolveTypes(Manager.java:1040)
	at ptolemy.actor.Manager.initialize(Manager.java:710)
	at ptolemy.actor.Manager.execute(Manager.java:356)
	at ptolemy.actor.Manager.run(Manager.java:1263)
	at ptolemy.actor.Manager$PtolemyRunThread.run(Manager.java:1933)
java.lang.RuntimeException: Execution failed
	at ptolemy.moml.MoMLSimpleApplication$UnloadThread.run(MoMLSimpleApplication.java:402)
Caused by: ptolemy.kernel.util.IllegalActionException: SubscriptionAggregatorPorts cannot be used at the top level, use a SubscriptionAggregator actor instead.
  in .PublisherSubscriptionAggregatorPort.SubscriptionAggregatorPort
	at ptolemy.actor.SubscriptionAggregatorPort.preinitialize(SubscriptionAggregatorPort.java:353)
	at ptolemy.actor.CompositeActor.preinitialize(CompositeActor.java:1769)
	at ptolemy.actor.Manager.preinitializeAndResolveTypes(Manager.java:1040)
	at ptolemy.actor.Manager.initialize(Manager.java:710)
	at ptolemy.actor.Manager.execute(Manager.java:356)
	at ptolemy.actor.Manager.run(Manager.java:1263)
	at ptolemy.actor.Manager$PtolemyRunThread.run(Manager.java:1933)
java.lang.reflect.InvocationTargetException
	at java.base/jdk.internal.reflect.NativeConstructorAccessorImpl.newInstance0(Native Method)
	at java.base/jdk.internal.reflect.NativeConstructorAccessorImpl.newInstance(NativeConstructorAccessorImpl.java:62)
	at java.base/jdk.internal.reflect.DelegatingConstructorAccessorImpl.newInstance(DelegatingConstructorAccessorImpl.java:45)
	at java.base/java.lang.reflect.Constructor.newInstance(Constructor.java:490)
	at ptolemy.util.test.junit.AutoKnownFailedTests.RunModel(AutoKnownFailedTests.java:105)
	at java.base/jdk.internal.reflect.NativeMethodAccessorImpl.invoke0(Native Method)
	at java.base/jdk.internal.reflect.NativeMethodAccessorImpl.invoke(NativeMethodAccessorImpl.java:62)
	at java.base/jdk.internal.reflect.DelegatingMethodAccessorImpl.invoke(DelegatingMethodAccessorImpl.java:43)
	at java.base/java.lang.reflect.Method.invoke(Method.java:566)
	at org.junit.runners.model.FrameworkMethod$1.runReflectiveCall(FrameworkMethod.java:44)
	at org.junit.internal.runners.model.ReflectiveCallable.run(ReflectiveCallable.java:15)
	at org.junit.runners.model.FrameworkMethod.invokeExplosively(FrameworkMethod.java:41)
	at junitparams.internal.InvokeParameterisedMethod.evaluate(InvokeParameterisedMethod.java:102)
	at org.junit.internal.runners.statements.FailOnTimeout$1.run(FailOnTimeout.java:28)
Caused by: ptolemy.kernel.util.IllegalActionException: SubscriptionAggregatorPorts cannot be used at the top level, use a SubscriptionAggregator actor instead.
  in .PublisherSubscriptionAggregatorPort.SubscriptionAggregatorPort
	at ptolemy.actor.SubscriptionAggregatorPort.preinitialize(SubscriptionAggregatorPort.java:353)
	at ptolemy.actor.CompositeActor.preinitialize(CompositeActor.java:1769)
	at ptolemy.actor.Manager.preinitializeAndResolveTypes(Manager.java:1040)
	at ptolemy.actor.Manager.initialize(Manager.java:710)
	at ptolemy.actor.Manager.execute(Manager.java:356)
	at ptolemy.actor.Manager.run(Manager.java:1263)
	at ptolemy.actor.Manager$PtolemyRunThread.run(Manager.java:1933)
java.lang.RuntimeException: Execution failed
	at ptolemy.moml.MoMLSimpleApplication$UnloadThread.run(MoMLSimpleApplication.java:402)
Caused by: ptolemy.kernel.util.IllegalActionException: TypeTest actor has no training data.
  in .sizedarray3.TypeTest
	at ptolemy.actor.lib.TypeTest.initialize(TypeTest.java:250)
	at ptolemy.actor.Director.initialize(Director.java:938)
	at ptolemy.actor.Director.initialize(Director.java:907)
	at ptolemy.actor.sched.StaticSchedulingDirector.initialize(StaticSchedulingDirector.java:159)
	at ptolemy.domains.sdf.kernel.SDFDirector.initialize(SDFDirector.java:544)
	at ptolemy.actor.CompositeActor.initialize(CompositeActor.java:935)
	at ptolemy.actor.Manager.initialize(Manager.java:724)
	at ptolemy.actor.Manager.execute(Manager.java:356)
	at ptolemy.actor.Manager.run(Manager.java:1263)
	at ptolemy.actor.Manager$PtolemyRunThread.run(Manager.java:1933)
java.lang.reflect.InvocationTargetException
	at java.base/jdk.internal.reflect.NativeConstructorAccessorImpl.newInstance0(Native Method)
	at java.base/jdk.internal.reflect.NativeConstructorAccessorImpl.newInstance(NativeConstructorAccessorImpl.java:62)
	at java.base/jdk.internal.reflect.DelegatingConstructorAccessorImpl.newInstance(DelegatingConstructorAccessorImpl.java:45)
	at java.base/java.lang.reflect.Constructor.newInstance(Constructor.java:490)
	at ptolemy.util.test.junit.AutoKnownFailedTests.RunModel(AutoKnownFailedTests.java:105)
	at java.base/jdk.internal.reflect.NativeMethodAccessorImpl.invoke0(Native Method)
	at java.base/jdk.internal.reflect.NativeMethodAccessorImpl.invoke(NativeMethodAccessorImpl.java:62)
	at java.base/jdk.internal.reflect.DelegatingMethodAccessorImpl.invoke(DelegatingMethodAccessorImpl.java:43)
	at java.base/java.lang.reflect.Method.invoke(Method.java:566)
	at org.junit.runners.model.FrameworkMethod$1.runReflectiveCall(FrameworkMethod.java:44)
	at org.junit.internal.runners.model.ReflectiveCallable.run(ReflectiveCallable.java:15)
	at org.junit.runners.model.FrameworkMethod.invokeExplosively(FrameworkMethod.java:41)
	at junitparams.internal.InvokeParameterisedMethod.evaluate(InvokeParameterisedMethod.java:102)
	at org.junit.internal.runners.statements.FailOnTimeout$1.run(FailOnTimeout.java:28)
Caused by: ptolemy.kernel.util.IllegalActionException: TypeTest actor has no training data.
  in .sizedarray3.TypeTest
	at ptolemy.actor.lib.TypeTest.initialize(TypeTest.java:250)
	at ptolemy.actor.Director.initialize(Director.java:938)
	at ptolemy.actor.Director.initialize(Director.java:907)
	at ptolemy.actor.sched.StaticSchedulingDirector.initialize(StaticSchedulingDirector.java:159)
	at ptolemy.domains.sdf.kernel.SDFDirector.initialize(SDFDirector.java:544)
	at ptolemy.actor.CompositeActor.initialize(CompositeActor.java:935)
	at ptolemy.actor.Manager.initialize(Manager.java:724)
	at ptolemy.actor.Manager.execute(Manager.java:356)
	at ptolemy.actor.Manager.run(Manager.java:1263)
	at ptolemy.actor.Manager$PtolemyRunThread.run(Manager.java:1933)
ptolemy.kernel.util.InternalErrorException: Exec Stdout Gobbler-6: Failed while reading from java.lang.ProcessImpl$ProcessPipeInputStream@2a2a3626. To avoid this, try setting the ignoreIOExceptionReadErrors parameter to true.null
  in .ExecEnvironment.Exec
Because:
Stream closed
	at ptolemy.actor.lib.Exec$_StreamReaderThread._read(Exec.java:762)
	at ptolemy.actor.lib.Exec$_StreamReaderThread.run(Exec.java:706)
Caused by: java.io.IOException: Stream closed
	at java.base/sun.nio.cs.StreamDecoder.ensureOpen(StreamDecoder.java:46)
	at java.base/sun.nio.cs.StreamDecoder.read(StreamDecoder.java:148)
	at java.base/java.io.InputStreamReader.read(InputStreamReader.java:185)
	at ptolemy.actor.lib.Exec$_StreamReaderThread._read(Exec.java:724)
	... 1 more
Caused by: java.io.IOException: Stream closed
	at java.base/sun.nio.cs.StreamDecoder.ensureOpen(StreamDecoder.java:46)
	at java.base/sun.nio.cs.StreamDecoder.read(StreamDecoder.java:148)
	at java.base/java.io.InputStreamReader.read(InputStreamReader.java:185)
	at ptolemy.actor.lib.Exec$_StreamReaderThread._read(Exec.java:724)
	at ptolemy.actor.lib.Exec$_StreamReaderThread.run(Exec.java:706)
]]></system-err>
</testsuite>
